timestamp,serial,frame,lat,lon,alt,vel_v,vel_h,heading,temp,humidity,pressure,type,freq_mhz,snr,f_error_hz,sats,batt_v,burst_timer,aux_data
2023-09-04T14:28:18.001Z,T4240661,5207,46.81070,6.61711,24898.7,6.9,1.7,359.9,-273.0,-1.0,-1.0,RS41,402.000,8.4,187,9,2.7,-1,080149A1DE80023C1184015F
2023-09-04T14:28:19.001Z,T4240661,5208,46.81072,6.61712,24905.3,6.2,1.8,33.4,-273.0,-1.0,-1.0,RS41,402.000,8.4,187,9,2.6,-1,08014972C48000AF1182015D
2023-09-04T14:28:22.001Z,T4240661,5211,46.81076,6.61717,24922.7,6.1,2.3,23.8,-273.0,-1.0,-1.0,RS41,402.000,8.2,187,9,2.7,-1,08014A3C388001201184015E
2023-09-04T14:28:48.001Z,T4240661,5237,46.81179,6.61706,25069.3,6.1,3.7,353.8,-273.0,-1.0,-1.0,RS41,402.000,9.0,187,10,2.7,-1,080149914A80019C1176015C#080149E64480015F117E015E
2023-09-04T14:28:49.001Z,T4240661,5238,46.81183,6.61706,25076.0,7.2,4.0,359.9,-273.0,-1.0,-1.0,RS41,402.000,9.5,187,10,2.6,-1,080149B9918000FD1184015E
2023-09-04T14:28:50.001Z,T4240661,5239,46.81186,6.61707,25083.4,7.3,4.3,11.6,-273.0,-1.0,-1.0,RS41,402.000,9.5,187,10,2.6,-1,080149E0617FFF5A1185015E
2023-09-04T14:28:57.001Z,T4240661,5246,46.81203,6.61718,25125.3,6.0,0.8,68.5,-273.0,-1.0,-1.0,RS41,402.000,8.8,187,10,2.7,-1,08014970DA8002131185015E
2023-09-04T14:28:58.001Z,T4240661,5247,46.81203,6.61720,25131.2,5.9,1.4,92.2,-273.0,-1.0,-1.0,RS41,402.000,8.8,187,10,2.7,-1,080149E05A8001471184015E
2023-09-04T14:29:05.001Z,T4240661,5254,46.81210,6.61758,25171.9,5.6,5.0,68.3,-273.0,-1.0,-1.0,RS41,402.000,8.7,187,9,2.7,-1,080148CBB38006631186015D
2023-09-04T14:29:07.001Z,T4240661,5256,46.81212,6.61767,25184.0,6.0,2.3,77.0,-273.0,-1.0,-1.0,RS41,402.000,10.0,187,10,2.6,-1,0801487579800B4C1185015F
2023-09-04T14:29:19.001Z,T4240661,5268,46.81205,6.61811,25255.2,5.5,2.5,105.5,-273.0,-1.0,-1.0,RS41,402.000,8.5,187,10,2.6,-1,080148932E8003471178015E
2023-09-04T14:29:20.001Z,T4240661,5269,46.81204,6.61815,25260.5,5.1,3.0,110.5,-273.0,-1.0,-1.0,RS41,402.000,8.8,187,10,2.6,-1,0801486D9180024C1178015D
2023-09-04T14:29:22.001Z,T4240661,5271,46.81201,6.61824,25272.3,6.6,4.6,115.2,-273.0,-1.0,-1.0,RS41,402.000,9.1,187,10,2.7,-1,08014916027FFEE01177015E
2023-09-04T14:29:23.001Z,T4240661,5272,46.81199,6.61829,25278.7,6.1,5.6,119.5,-273.0,-1.0,-1.0,RS41,402.000,9.2,187,10,2.7,-1,08014968907FFDEF1176015D
2023-09-04T14:29:24.001Z,T4240661,5273,46.81196,6.61836,25284.6,5.7,6.3,124.5,-273.0,-1.0,-1.0,RS41,402.000,9.2,187,10,2.7,-1,080149EBB57FFE761176015D
2023-09-04T14:29:25.001Z,T4240661,5274,46.81193,6.61843,25290.2,5.1,6.6,131.1,-273.0,-1.0,-1.0,RS41,402.000,8.6,187,10,2.6,-1,080149C34780000E1177015E
2023-09-04T14:29:27.001Z,T4240661,5276,46.81184,6.61854,25301.0,6.0,6.4,147.9,-273.0,-1.0,-1.0,RS41,402.000,8.6,187,9,2.7,-1,08014930E58000791177015D
2023-09-04T14:29:28.001Z,T4240661,5277,46.81179,6.61857,25307.1,6.6,6.2,160.2,-273.0,-1.0,-1.0,RS41,402.000,9.1,187,9,2.7,-1,0801490EEB8001B41177015E#080148CA8C80004B1179015C
2023-09-04T14:29:29.001Z,T4240661,5278,46.81173,6.61859,25313.6,6.5,6.0,168.9,-273.0,-1.0,-1.0,RS41,402.000,9.1,187,10,2.7,-1,0801491BB08000021185015E
2023-09-04T14:29:42.001Z,T4240661,5291,46.81104,6.61903,25392.8,4.6,5.3,189.5,-273.0,-1.0,-1.0,RS41,402.000,8.4,187,10,2.7,-1,0801480B118005731185015E
2023-09-04T14:29:43.001Z,T4240661,5292,46.81099,6.61902,25397.7,5.2,5.5,192.5,-273.0,-1.0,-1.0,RS41,402.000,9.0,187,10,2.6,-1,08014885517FFF7C1186015E
2023-09-04T14:29:44.001Z,T4240661,5293,46.81094,6.61900,25403.4,6.2,5.6,192.4,-273.0,-1.0,-1.0,RS41,402.000,9.0,187,10,2.6,-1,080148D48B7FFD681185015D
2023-09-04T14:30:02.001Z,T4240661,5311,46.81021,6.61880,25512.8,6.1,5.1,245.9,-273.0,-1.0,-1.0,RS41,402.000,8.4,187,10,2.6,-1,08014898858003191179015D
2023-09-04T14:30:23.001Z,T4240661,5332,46.80926,6.61806,25642.8,6.0,7.7,247.4,-273.0,-1.0,-1.0,RS41,402.000,8.4,187,10,2.7,-1,0801485B7C8005D111860152
2023-09-04T14:30:32.001Z,T4240661,5341,46.80877,6.61769,25696.2,7.0,7.2,191.6,-273.0,-1.0,-1.0,RS41,402.000,9.6,187,10,2.6,-1,08014889B980021A1187015E
2023-09-04T14:30:33.001Z,T4240661,5342,46.80871,6.61766,25702.9,6.3,7.2,199.2,-273.0,-1.0,-1.0,RS41,402.000,9.6,187,10,2.6,-1,0801483AA98004561174015B
2023-09-04T14:31:45.001Z,T4240661,5414,46.80781,6.61383,26148.5,6.8,4.7,274.6,-273.0,-1.0,-1.0,RS41,402.000,7.9,187,10,2.7,-1,080148EAE17FFE441185015C
2023-09-04T14:34:42.001Z,T4240661,5591,46.81041,6.61743,27266.6,6.5,8.9,160.2,-273.0,-1.0,-1.0,RS41,402.000,9.0,187,10,2.7,-1,0801471D1C7FFF1D117C015A
2023-09-04T14:34:43.001Z,T4240661,5592,46.81033,6.61747,27273.2,6.8,8.7,155.6,-273.0,-1.0,-1.0,RS41,402.000,8.7,187,10,2.7,-1,080147BE0E7FFE89117A015C
2023-09-04T14:34:44.001Z,T4240661,5593,46.81026,6.61752,27279.7,6.1,8.4,150.8,-273.0,-1.0,-1.0,RS41-SG,402.000,9.0,187,10,2.6,-1,080147B8497FFF29117B015C
2023-09-04T14:34:45.001Z,T4240661,5594,46.81020,6.61758,27285.6,5.8,8.3,147.5,-273.0,-1.0,-1.0,RS41-SG,402.000,9.0,187,10,2.6,-1,08014775407FFF3E117B015B
2023-09-04T14:34:48.001Z,T4240661,5597,46.81001,6.61775,27305.2,7.7,7.9,152.2,-273.0,-1.0,-1.0,RS41-SG,402.000,8.9,187,10,2.7,-1,080146ACE87FFF8A118A015B
2023-09-04T14:34:49.001Z,T4240661,5598,46.80995,6.61779,27312.4,6.7,7.8,156.9,-273.0,-1.0,-1.0,RS41-SG,402.000,8.9,187,10,2.7,-1,080146EDBC7FFF16118A015D
2023-09-04T14:34:50.001Z,T4240661,5599,46.80989,6.61783,27319.0,6.4,7.3,160.9,-273.0,-1.0,-1.0,RS41-SG,402.000,9.4,187,10,2.7,-1,08014783A47FFE9011890142
2023-09-04T14:34:54.001Z,T4240661,5603,46.80972,6.61786,27345.7,7.2,2.6,200.0,-273.0,-1.0,-1.0,RS41-SG,402.000,9.2,187,10,2.7,-1,0801476FC980010B1188015C
2023-09-04T14:34:55.001Z,T4240661,5604,46.80970,6.61784,27352.5,6.5,2.1,208.8,-273.0,-1.0,-1.0,RS41-SG,402.000,9.2,187,10,2.7,-1,0801474D2A80017511890138
2023-09-04T14:35:15.001Z,T4240661,5624,46.80843,6.61771,27471.6,6.5,7.9,184.7,-273.0,-1.0,-1.0,RS41-SG,402.000,8.2,187,10,2.7,-1,080147D0107FFBBE117D015B
2023-09-04T14:35:17.001Z,T4240661,5626,46.80830,6.61770,27484.5,5.7,7.2,180.0,-273.0,-1.0,-1.0,RS41-SG,402.000,9.2,187,10,2.6,-1,08014802C17FFCD5117B014E
2023-09-04T14:35:24.001Z,T4240661,5633,46.80768,6.61760,27526.6,5.9,12.9,194.7,-273.0,-1.0,-1.0,RS41-SG,402.000,8.8,187,10,2.6,-1,080147A8EF7FFFCB117C015B
2023-09-04T14:35:38.001Z,T4240661,5647,46.80674,6.61692,27609.6,6.7,6.2,201.1,-273.0,-1.0,-1.0,RS41-SG,402.000,8.0,187,10,2.7,-1,080146C8387FFC2711880147
2023-09-04T14:35:44.001Z,T4240661,5653,46.80642,6.61676,27644.8,6.6,7.8,206.5,-273.0,-1.0,-1.0,RS41-SG,402.000,8.4,187,10,2.7,-1,0801473E5A8004741187015C
2023-09-04T14:36:03.001Z,T4240661,5672,46.80593,6.61581,27760.8,4.6,2.7,294.7,-273.0,-1.0,-1.0,RS41-SG,402.000,7.9,187,10,2.7,-1,080146C68B7FFD16117C0158
2023-09-04T14:36:04.001Z,T4240661,5673,46.80594,6.61578,27765.7,5.3,2.8,300.1,-273.0,-1.0,-1.0,RS41-SG,402.000,9.0,187,10,2.7,-1,0801476C307FFC43117B015B
2023-09-04T14:36:17.001Z,T4240661,5686,46.80581,6.61544,27845.7,7.0,4.4,202.1,-273.0,-1.0,-1.0,RS41-SG,402.000,9.1,187,10,2.7,-1,08014809617FFF1D1189015B
2023-09-04T14:36:24.001Z,T4240661,5693,46.80562,6.61520,27890.0,4.9,2.4,277.9,-273.0,-1.0,-1.0,RS41-SG,402.000,8.4,187,10,2.7,-1,080148013D7FFD4D11890159
2023-09-04T14:36:45.001Z,T4240661,5714,46.80566,6.61417,28015.9,6.4,6.9,306.8,-273.0,-1.0,-1.0,RS41-SG,402.000,8.7,187,10,2.7,-1,0801480E967FFF14117E015A#080147E2A37FFE00117C015A
2023-09-04T14:37:13.001Z,T4240661,5742,46.80596,6.61341,28188.4,5.4,1.2,254.4,-273.0,-1.0,-1.0,RS41-SG,402.000,9.2,187,10,2.6,-1,0801478E257FFD391168015B
2023-09-04T14:37:14.001Z,T4240661,5743,46.80595,6.61339,28194.3,6.3,1.9,263.6,-273.0,-1.0,-1.0,RS41-SG,402.000,9.2,187,10,2.6,-1,080147D7A47FFB29117E014C
2023-09-04T14:37:21.001Z,T4240661,5750,46.80601,6.61323,28241.1,6.2,3.6,9.9,-273.0,-1.0,-1.0,RS41-SG,402.000,10.1,187,10,2.7,-1,080147B61B7FFB961180015A
2023-09-04T14:37:22.001Z,T4240661,5751,46.80604,6.61325,28246.9,5.7,3.7,17.8,-273.0,-1.0,-1.0,RS41-SG,402.000,10.1,187,10,2.7,-1,080147C8F57FFB87117F015C
2023-09-04T14:37:37.001Z,T4240661,5766,46.80599,6.61323,28339.3,7.4,1.8,117.3,-273.0,-1.0,-1.0,RS41-SG,402.000,8.4,187,9,2.7,-1,0801483D317FFA981189015B
2023-09-04T14:37:45.001Z,T4240661,5774,46.80590,6.61333,28389.9,5.5,1.2,38.5,-273.0,-1.0,-1.0,RS41-SG,402.000,8.4,187,10,2.6,-1,08014805307FFB7B118B0134
2023-09-04T14:37:46.001Z,T4240661,5775,46.80590,6.61334,28395.8,5.8,0.8,25.2,-273.0,-1.0,-1.0,RS41-SG,402.000,9.7,187,10,2.6,-1,08014817847FFAAE1185015C
2023-09-04T14:38:03.001Z,T4240661,5792,46.80570,6.61354,28501.9,6.1,3.1,176.4,-273.0,-1.0,-1.0,RS41-SG,402.000,7.8,187,10,2.7,-1,080148A6AD7FFADB1180015A
2023-09-04T14:38:05.001Z,T4240661,5794,46.80567,6.61355,28515.5,7.4,0.6,145.4,-273.0,-1.0,-1.0,RS41-SG,402.000,10.0,187,10,2.6,-1,08014952B17FFC3211800159
2023-09-04T14:39:15.001Z,T4240661,5864,46.80558,6.61236,28954.4,6.2,1.4,354.9,-273.0,-1.0,-1.0,RS41-SG,402.000,8.3,187,9,2.7,-1,080149E93A7FFA66117F0159
2023-09-04T14:39:18.001Z,T4240661,5867,46.80559,6.61237,28974.0,7.4,2.1,174.1,-273.0,-1.0,-1.0,RS41-SG,402.000,9.3,187,10,2.6,-1,08014A3E9A7FFC4D1180015B
2023-09-04T14:39:19.001Z,T4240661,5868,46.80556,6.61237,28981.8,7.8,4.0,181.4,-273.0,-1.0,-1.0,RS41-SG,402.000,9.2,187,10,2.6,-1,08014A40757FFE3611820159
2023-09-04T14:39:20.001Z,T4240661,5869,46.80552,6.61236,28989.0,6.4,5.4,184.6,-49.4,-1.0,-1.0,RS41-SG,402.000,9.2,187,10,2.7,-1,08014A54298000481180015A
2023-09-04T14:41:45.001Z,T4240661,6014,46.79581,6.60957,29889.9,6.6,13.5,200.3,-47.2,-1.0,-1.0,RS41-SG,402.000,8.5,187,10,2.7,-1,08014BDCC47FF83B118F0158
2023-09-04T14:41:55.001Z,T4240661,6024,46.79506,6.60868,29948.3,5.3,11.4,241.3,-47.0,-1.0,-1.0,RS41-SG,402.000,9.0,187,10,2.7,-1,08014BBC227FFA0611800159
2023-09-04T14:42:03.001Z,T4240661,6032,46.79441,6.60809,29994.6,6.7,13.5,206.4,-45.9,-1.0,-1.0,RS41-SG,402.000,9.0,187,10,2.7,-1,08014B233D7FFA661183013A
2023-09-04T14:42:05.001Z,T4240661,6034,46.79420,6.60790,30006.7,5.4,14.3,217.9,-45.7,-1.0,-1.0,RS41-SG,402.000,10.2,187,10,2.7,-1,08014BAF617FF631118F0159
2023-09-04T14:42:34.001Z,T4240661,6063,46.79280,6.60521,30170.2,5.4,4.3,218.7,-45.4,-1.0,-1.0,RS41-SG,402.000,8.6,187,10,2.6,-1,08014E33437FF90611850157
2023-09-04T14:44:24.001Z,T4240661,6173,46.78994,6.59132,30795.2,5.6,6.5,261.2,-46.7,-1.0,-1.0,RS41-SG,402.000,9.3,187,10,2.7,-1,080152512D7FFDFE11910158
2023-09-04T14:44:36.001Z,T4240661,6185,46.79003,6.58993,30869.5,7.0,6.1,268.0,-46.7,-1.0,-1.0,RS41-SG,402.000,8.2,187,10,2.7,-1,080151E70D7FFDF711840157
2023-09-04T14:44:37.001Z,T4240661,6186,46.79002,6.58986,30876.3,6.7,4.8,263.1,-46.6,-1.0,-1.0,RS41-SG,402.000,9.1,187,10,2.7,-1,08015148007FFE3011840156
2023-09-04T14:44:38.001Z,T4240661,6187,46.79002,6.58980,30883.0,6.2,4.3,263.2,-46.6,-1.0,-1.0,RS41-SG,402.000,9.5,187,9,2.7,-1,080151835E7FFF2411850157
2023-09-04T14:44:39.001Z,T4240661,6188,46.79001,6.58974,30889.2,6.1,4.4,267.5,-46.6,-1.0,-1.0,RS41-SG,402.000,9.5,187,9,2.7,-1,0801514C9580009F11850157
2023-09-04T14:44:40.001Z,T4240661,6189,46.79002,6.58968,30895.6,6.6,5.1,278.2,-46.8,-1.0,-1.0,RS41-SG,402.000,9.1,187,9,2.6,-1,080150DCDB80017A11850157
2023-09-04T14:44:57.001Z,T4240661,6206,46.79022,6.58888,31005.4,6.4,4.9,256.7,-46.3,-1.0,-1.0,RS41-SG,402.000,9.1,187,10,2.7,-1,08015095AD8007E211920157
2023-09-04T14:44:58.001Z,T4240661,6207,46.79021,6.58882,31011.5,5.7,4.2,274.8,-46.1,-1.0,-1.0,RS41-SG,402.000,9.7,187,9,2.7,-1,080150FFD580080411910131
2023-09-04T14:44:59.001Z,T4240661,6208,46.79022,6.58878,31017.1,5.6,3.4,298.2,-46.0,-1.0,-1.0,RS41-SG,402.000,9.7,187,10,2.7,-1,080151381380065D11920158
2023-09-04T14:45:06.001Z,T4240661,6215,46.79037,6.58897,31061.0,6.2,2.8,79.8,-45.7,-1.0,-1.0,RS41-SG,402.000,8.8,187,10,2.7,-1,08014F93BD80078E10B10136
2023-09-04T14:45:07.001Z,T4240661,6216,46.79037,6.58900,31067.3,6.2,1.0,99.0,-45.6,-1.0,-1.0,RS41-SG,402.000,8.8,187,10,2.7,-1,08014FC48980054C0F710150
2023-09-04T14:45:35.001Z,T4240661,6244,46.78985,6.58832,31241.6,6.7,2.9,180.7,-45.6,-1.0,-1.0,RS41-SG,402.000,9.3,187,9,2.7,-1,0801510EF47FFD021191013C
2023-09-04T14:45:37.001Z,T4240661,6246,46.78981,6.58828,31255.4,6.8,3.5,242.3,-45.5,-1.0,-1.0,RS41-SG,402.000,9.6,187,9,2.6,-1,080150BBC97FFD5211960134
2023-09-04T14:45:38.001Z,T4240661,6247,46.78980,6.58824,31261.6,5.9,4.5,254.5,-45.6,-1.0,-1.0,RS41-SG,402.000,9.1,187,10,2.7,-1,080150BC6C7FFEC911920152
2023-09-04T14:45:50.001Z,T4240661,6259,46.78953,6.58775,31339.4,6.3,6.6,237.0,-45.5,-1.0,-1.0,RS41-SG,402.000,9.0,187,10,2.7,-1,080150F6D67FF58F11850155
2023-09-04T14:45:51.001Z,T4240661,6260,46.78950,6.58768,31345.4,5.6,7.3,243.9,-45.4,-1.0,-1.0,RS41-SG,402.000,9.0,187,9,2.6,-1,080150F8997FF4E711850156
2023-09-04T14:45:52.001Z,T4240661,6261,46.78948,6.58759,31351.0,5.7,7.1,249.6,-45.4,-1.0,-1.0,RS41-SG,402.000,9.2,187,10,2.6,-1,080150D7737FF1DE11850156
2023-09-04T14:45:53.001Z,T4240661,6262,46.78946,6.58751,31356.9,6.2,6.4,252.9,-45.4,-1.0,-1.0,RS41-SG,402.000,10.7,187,10,2.7,-1,080151802D7FF06D11870134
2023-09-04T14:45:54.001Z,T4240661,6263,46.78944,6.58743,31363.2,6.8,5.3,256.2,-45.4,-1.0,-1.0,RS41-SG,402.000,10.7,187,10,2.7,-1,080151CFB47FEEE511850155
2023-09-04T14:45:55.001Z,T4240661,6264,46.78943,6.58737,31370.0,7.1,4.1,257.4,-45.4,-1.0,-1.0,RS41-SG,402.000,9.9,187,10,2.7,-1,080151CA807FED9911850154
2023-09-04T14:45:56.001Z,T4240661,6265,46.78943,6.58733,31376.9,6.3,3.0,259.4,-45.4,-1.0,-1.0,RS41-SG,402.000,10.3,187,10,2.7,-1,080151FBDF7FEE1A11860155
2023-09-04T14:45:57.001Z,T4240661,6266,46.78942,6.58729,31383.0,5.8,2.4,267.0,-45.5,-1.0,-1.0,RS41-SG,402.000,10.3,187,10,2.7,-1,0801520B917FF0D111840156
2023-09-04T14:45:58.001Z,T4240661,6267,46.78942,6.58726,31389.0,5.9,2.6,268.0,-45.6,-1.0,-1.0,RS41-SG,402.000,9.0,187,10,2.6,-1,080151EAFD7FF02011850156
2023-09-04T14:46:13.001Z,T4240661,6282,46.78927,6.58628,31485.0,6.7,4.8,259.3,-45.1,-1.0,-1.0,RS41-SG,402.000,8.2,187,9,2.6,-1,08015365C97FF63011930156
2023-09-04T14:46:14.001Z,T4240661,6283,46.78927,6.58621,31491.8,7.1,6.5,264.7,-45.1,-1.0,-1.0,RS41-SG,402.000,8.2,187,9,2.7,-1,0801530C017FF5BD1193013D
2023-09-04T14:46:15.001Z,T4240661,6284,46.78926,6.58612,31498.6,6.5,8.0,266.5,-45.1,-1.0,-1.0,RS41-SG,402.000,8.4,187,9,2.7,-1,080152DB897FF3F211920155
2023-09-04T14:46:17.001Z,T4240661,6286,46.78926,6.58588,31510.4,5.7,9.6,268.6,-45.1,-1.0,-1.0,RS41-SG,402.000,9.2,187,9,2.7,-1,08015382E37FF19511920152
2023-09-04T14:46:18.001Z,T4240661,6287,46.78926,6.58576,31516.1,6.0,9.3,270.3,-45.0,-1.0,-1.0,RS41-SG,402.000,9.3,187,9,2.7,-1,080153D7817FF03811930156
2023-09-04T14:46:19.001Z,T4240661,6288,46.78926,6.58564,31522.5,6.4,8.2,270.4,-45.0,-1.0,-1.0,RS41-SG,402.000,9.3,187,10,2.6,-1,080154409E7FF0341194012F
2023-09-04T14:46:20.001Z,T4240661,6289,46.78926,6.58555,31529.1,7.0,6.9,270.4,-44.9,-1.0,-1.0,RS41-SG,402.000,9.8,187,10,2.6,-1,08015445C17FEEB811940156
2023-09-04T14:46:21.001Z,T4240661,6290,46.78926,6.58547,31536.1,7.3,5.4,271.6,-44.9,-1.0,-1.0,RS41-SG,402.000,9.8,187,10,2.7,-1,080154421E7FEFF611910155
2023-09-04T14:46:22.001Z,T4240661,6291,46.78926,6.58540,31542.8,6.5,4.3,270.9,-44.8,-1.0,-1.0,RS41-SG,402.000,9.6,187,10,2.7,-1,080154279B7FEE761194012D
2023-09-04T14:46:23.001Z,T4240661,6292,46.78926,6.58535,31548.9,5.9,3.9,268.1,-44.6,-1.0,-1.0,RS41-SG,402.000,9.6,187,10,2.7,-1,0801544EB17FEF7911930156
2023-09-04T14:46:24.001Z,T4240661,6293,46.78925,6.58530,31554.9,6.0,4.1,264.7,-44.6,-1.0,-1.0,RS41-SG,402.000,9.7,187,10,2.7,-1,080154895D7FEFD711910156
2023-09-04T14:46:25.001Z,T4240661,6294,46.78925,6.58524,31560.8,5.9,5.0,257.6,-44.5,-1.0,-1.0,RS41-SG,402.000,9.7,187,10,2.7,-1,08015486B67FEF0411920155
2023-09-04T14:46:26.001Z,T4240661,6295,46.78924,6.58517,31566.9,6.1,6.4,258.0,-44.5,-1.0,-1.0,RS41-SG,402.000,9.2,187,10,2.6,-1,08015494917FEE600F2E014E
2023-09-04T14:46:27.001Z,T4240661,6296,46.78923,6.58508,31573.2,6.5,8.0,259.6,-44.5,-1.0,-1.0,RS41-SG,402.000,9.2,187,10,2.6,-1,080154C6F57FEDD60F2D0129
2023-09-04T14:46:28.001Z,T4240661,6297,46.78921,6.58496,31579.9,6.5,9.6,260.1,-44.5,-1.0,-1.0,RS41-SG,402.000,9.7,187,10,2.7,-1,080154B7FE7FEF33110C0156
2023-09-04T14:46:29.001Z,T4240661,6298,46.78920,6.58483,31586.1,6.0,10.5,262.4,-44.5,-1.0,-1.0,RS41-SG,402.000,9.7,187,10,2.7,-1,0801546C6A7FEF6B11850156
2023-09-04T14:46:30.001Z,T4240661,6299,46.78919,6.58470,31591.9,5.7,10.8,265.1,-44.4,-1.0,-1.0,RS41-SG,402.000,9.0,187,10,2.7,-1,0801545D517FEF2511870155
2023-09-04T14:46:31.001Z,T4240661,6300,46.78918,6.58456,31597.8,5.8,10.2,268.7,-44.4,-1.0,-1.0,RS41-SG,402.000,9.0,187,10,2.7,-1,080154355E7FEF7211850155
2023-09-04T14:46:32.001Z,T4240661,6301,46.78918,6.58443,31603.9,6.2,9.0,271.5,-44.3,-1.0,-1.0,RS41-SG,402.000,11.2,187,10,2.7,-1,080153E3967FEEB611850132
2023-09-04T14:46:33.001Z,T4240661,6302,46.78919,6.58433,31610.2,6.6,7.2,277.3,-44.2,-1.0,-1.0,RS41-SG,402.000,11.2,187,10,2.7,-1,0801545EF47FED3611850156
2023-09-04T14:46:34.001Z,T4240661,6303,46.78920,6.58425,31616.9,6.7,5.0,283.9,-44.2,-1.0,-1.0,RS41-SG,402.000,10.7,187,10,2.6,-1,080154E6CD7FEE9F11840156
2023-09-04T14:46:35.001Z,T4240661,6304,46.78921,6.58420,31623.5,6.3,3.5,298.3,-44.1,-1.0,-1.0,RS41-SG,402.000,11.7,187,10,2.6,-1,08015553917FF07011850141
2023-09-04T14:46:36.001Z,T4240661,6305,46.78923,6.58417,31629.6,5.7,2.7,317.4,-44.0,-1.0,-1.0,RS41-SG,402.000,11.7,187,10,2.7,-1,08015550367FF38611860155
2023-09-04T14:46:37.001Z,T4240661,6306,46.78925,6.58415,31635.4,5.9,2.7,331.5,-43.9,-1.0,-1.0,RS41-SG,402.000,10.7,187,10,2.7,-1,080154D2417FF71F11850155
2023-09-04T14:46:38.001Z,T4240661,6307,46.78927,6.58413,31641.8,6.3,3.0,325.3,-43.8,-1.0,-1.0,RS41-SG,402.000,10.6,187,10,2.7,-1,080154663A7FF91511850155
2023-09-04T14:46:39.001Z,T4240661,6308,46.78929,6.58410,31648.6,7.1,4.0,310.4,-43.6,-1.0,-1.0,RS41-SG,402.000,10.4,187,10,2.7,-1,080154AA8E7FFB0E11860155#08015465817FFE8011870130
2023-09-04T14:46:40.001Z,T4240661,6309,46.78932,6.58405,31656.0,7.5,5.3,296.6,-43.5,-1.0,-1.0,RS41-SG,402.000,10.4,187,10,2.7,-1,08015387298000AD11850153
2023-09-04T14:46:41.001Z,T4240661,6310,46.78934,6.58397,31663.4,7.2,7.1,290.1,-43.4,-1.0,-1.0,RS41-SG,402.000,10.3,187,10,2.6,-1,0801535B0D7FFFB211930154
2023-09-04T14:46:42.001Z,T4240661,6311,46.78936,6.58388,31669.9,6.0,8.3,284.4,-43.3,-1.0,-1.0,RS41-SG,402.000,10.3,187,10,2.6,-1,080153E7A37FFF7B1192012E
2023-09-04T14:46:43.001Z,T4240661,6312,46.78937,6.58376,31675.7,5.7,9.3,281.3,-43.2,-1.0,-1.0,RS41-SG,402.000,10.3,187,10,2.7,-1,080153FB837FFE3111930155
2023-09-04T14:46:44.001Z,T4240661,6313,46.78939,6.58364,31681.1,5.3,9.4,276.7,-43.2,-1.0,-1.0,RS41-SG,402.000,9.9,187,10,2.7,-1,080154705A7FFC8111920157
2023-09-04T14:46:45.001Z,T4240661,6314,46.78939,6.58353,31686.4,5.6,9.0,272.5,-43.2,-1.0,-1.0,RS41-SG,402.000,8.8,187,10,2.7,-1,080154C9A97FFB5D11940151
2023-09-04T14:47:12.001Z,T4240661,6341,46.78996,6.58164,31853.1,6.3,11.4,301.0,-44.8,-1.0,-1.0,RS41-SG,402.000,8.4,187,10,2.7,-1,08015563897FFF7211840154
2023-09-04T14:47:13.001Z,T4240661,6342,46.79001,6.58152,31859.4,6.6,9.9,302.7,-44.7,-1.0,-1.0,RS41-SG,402.000,9.8,187,10,2.7,-1,0801556B857FFFC711850156
2023-09-04T14:47:14.001Z,T4240661,6343,46.79005,6.58143,31866.0,6.9,7.8,304.5,-44.7,-1.0,-1.0,RS41-SG,402.000,9.8,187,9,2.7,-1,08015585858000C611850154
2023-09-04T14:47:15.001Z,T4240661,6344,46.79008,6.58136,31872.8,6.5,5.2,307.7,-44.7,-1.0,-1.0,RS41-SG,402.000,9.8,187,9,2.7,-1,080155546D80023011870154
2023-09-04T14:47:16.001Z,T4240661,6345,46.79011,6.58132,31878.9,6.0,3.3,312.7,-44.5,-1.0,-1.0,RS41-SG,402.000,10.5,187,10,2.7,-1,0801551BDC8001BE11850154
2023-09-04T14:47:17.001Z,T4240661,6346,46.79012,6.58129,31884.5,4.9,1.9,316.3,-44.5,-1.0,-1.0,RS41-SG,402.000,10.5,187,10,2.6,-1,08015527AD8002AF11880155
2023-09-04T14:47:18.001Z,T4240661,6347,46.79013,6.58128,31889.4,4.8,1.2,309.1,-44.7,-1.0,-1.0,RS41-SG,402.000,11.4,187,10,2.6,-1,080154C19480034E11860154
2023-09-04T14:47:19.001Z,T4240661,6348,46.79014,6.58126,31894.5,5.3,1.5,301.3,-44.8,-1.0,-1.0,RS41-SG,402.000,11.4,187,10,2.7,-1,080154E7C58000A411880132#08015538E97FFDCC11850153
2023-09-04T14:47:20.001Z,T4240661,6349,46.79015,6.58124,31900.1,6.0,2.5,296.1,-44.9,-1.0,-1.0,RS41-SG,402.000,10.7,187,10,2.7,-1,08015564567FFBC611860154
2023-09-04T14:47:21.001Z,T4240661,6350,46.79016,6.58120,31906.4,6.6,4.3,295.7,-44.9,-1.0,-1.0,RS41-SG,402.000,10.7,187,10,2.7,-1,08015577447FFAC71194012D
2023-09-04T14:47:22.001Z,T4240661,6351,46.79018,6.58114,31913.2,6.9,6.4,295.8,-45.0,-1.0,-1.0,RS41-SG,402.000,10.1,187,10,2.7,-1,080155B8897FFC4611930154
2023-09-04T14:47:23.001Z,T4240661,6352,46.79021,6.58105,31919.8,6.2,8.2,296.1,-45.0,-1.0,-1.0,RS41-SG,402.000,10.3,187,10,2.7,-1,0801560F117FFF3111940155
2023-09-04T14:47:24.001Z,T4240661,6353,46.79024,6.58095,31925.8,5.7,9.4,296.2,-45.0,-1.0,-1.0,RS41-SG,402.000,10.3,187,10,2.7,-1,080155BDAD7FFD4211940154
2023-09-04T14:47:25.001Z,T4240661,6354,46.79028,6.58084,31931.7,5.8,9.9,297.0,-45.0,-1.0,-1.0,RS41-SG,402.000,9.1,187,10,2.6,-1,080155D4E57FFD4B11940155
2023-09-04T14:47:26.001Z,T4240661,6355,46.79032,6.58073,31937.6,6.1,9.4,298.2,-45.0,-1.0,-1.0,RS41-SG,402.000,9.2,187,10,2.6,-1,080155CBFE7FFB7C11940154
2023-09-04T14:47:27.001Z,T4240661,6356,46.79036,6.58063,31944.0,6.6,8.4,299.2,-45.0,-1.0,-1.0,RS41-SG,402.000,9.9,187,10,2.7,-1,08015629B67FFBD211940154
2023-09-04T14:47:28.001Z,T4240661,6357,46.79040,6.58054,31950.9,7.2,6.3,302.5,-45.0,-1.0,-1.0,RS41-SG,402.000,10.0,187,10,2.7,-1,08015618997FFED211930155
2023-09-04T14:47:29.001Z,T4240661,6358,46.79042,6.58049,31957.9,7.0,4.2,306.4,-45.0,-1.0,-1.0,RS41-SG,402.000,10.0,187,10,2.7,-1,08015547CD7FFFB41193012E
2023-09-04T14:47:30.001Z,T4240661,6359,46.79044,6.58045,31964.1,5.6,2.5,315.2,-45.0,-1.0,-1.0,RS41-SG,402.000,10.0,187,10,2.7,-1,080154C0B97FFEF211940154
2023-09-04T14:47:31.001Z,T4240661,6360,46.79045,6.58044,31969.3,4.9,1.2,329.3,-45.0,-1.0,-1.0,RS41-SG,402.000,10.0,187,10,2.7,-1,08015493B97FFF4E11920154
2023-09-04T14:47:32.001Z,T4240661,6361,46.79046,6.58043,31974.1,4.9,0.8,344.0,-44.9,-1.0,-1.0,RS41-SG,402.000,9.8,187,10,2.6,-1,0801549E227FFDAD1195012B
2023-09-04T14:47:33.001Z,T4240661,6362,46.79047,6.58043,31979.6,5.6,1.0,318.9,-44.9,-1.0,-1.0,RS41-SG,402.000,9.3,187,10,2.6,-1,080155620D7FFD2B11940153
2023-09-04T14:47:34.001Z,T4240661,6363,46.79048,6.58041,31985.7,6.5,2.1,295.5,-45.0,-1.0,-1.0,RS41-SG,402.000,9.3,187,10,2.7,-1,080155DE3A7FFF4C11940136
2023-09-04T14:47:35.001Z,T4240661,6364,46.79049,6.58038,31992.5,7.2,3.8,291.9,-45.0,-1.0,-1.0,RS41-SG,402.000,7.9,187,10,2.7,-1,080155F62F80029B11940142
2023-09-04T14:47:40.001Z,T4240661,6369,46.79059,6.57993,32024.2,6.5,8.1,287.0,-45.0,-1.0,-1.0,RS41-SG,402.000,7.7,187,10,2.6,-1,080155A8DD80013C1196012D
2023-09-04T14:47:42.001Z,T4240661,6371,46.79062,6.57976,32038.1,6.9,5.3,281.3,-45.0,-1.0,-1.0,RS41-SG,402.000,9.6,187,9,2.7,-1,08015553598001FC11940156
2023-09-04T14:47:43.001Z,T4240661,6372,46.79063,6.57970,32044.4,5.7,3.8,273.4,-45.0,-1.0,-1.0,RS41-SG,402.000,9.6,187,9,2.7,-1,08015531518003D311940155
2023-09-04T14:47:44.001Z,T4240661,6373,46.79063,6.57966,32049.8,5.0,2.9,267.4,-45.1,-1.0,-1.0,RS41-SG,402.000,9.6,187,9,2.7,-1,080154CF518003B111940155
2023-09-04T14:47:45.001Z,T4240661,6374,46.79063,6.57963,32054.6,4.6,2.3,269.5,-45.1,-1.0,-1.0,RS41-SG,402.000,9.8,187,9,2.7,-1,0801552CCD8002C20EF30129
2023-09-04T14:47:47.001Z,T4240661,6376,46.79063,6.57957,32064.4,5.6,2.6,287.7,-45.1,-1.0,-1.0,RS41-SG,402.000,9.4,187,10,2.6,-1,080156AE2B7FFBA50EF1014E
2023-09-04T14:47:48.001Z,T4240661,6377,46.79064,6.57953,32070.5,6.5,3.5,296.5,-45.2,-1.0,-1.0,RS41-SG,402.000,10.2,187,10,2.6,-1,08015708257FFB9411860153
2023-09-04T14:47:49.001Z,T4240661,6378,46.79066,6.57948,32077.2,6.8,4.6,298.5,-45.1,-1.0,-1.0,RS41-SG,402.000,10.2,187,10,2.7,-1,080156A6A27FFDF011850155
2023-09-04T14:47:50.001Z,T4240661,6379,46.79068,6.57943,32083.8,6.2,5.5,299.6,-45.1,-1.0,-1.0,RS41-SG,402.000,10.6,187,10,2.7,-1,0801565C9D7FFCFE11880135
2023-09-04T14:47:51.001Z,T4240661,6380,46.79071,6.57936,32090.0,6.5,5.7,297.9,-45.2,-1.0,-1.0,RS41-SG,402.000,10.6,187,10,2.7,-1,08015675BF7FFE1D11880155
2023-09-04T14:47:52.001Z,T4240661,6381,46.79073,6.57930,32096.5,6.5,5.5,294.0,-45.2,-1.0,-1.0,RS41-SG,402.000,11.9,187,10,2.7,-1,080156515B7FFE1D11880154
2023-09-04T14:47:53.001Z,T4240661,6382,46.79074,6.57923,32103.2,6.8,4.8,285.1,-45.1,-1.0,-1.0,RS41-SG,402.000,11.9,187,10,2.7,-1,0801563B717FFD3E11860152
2023-09-04T14:47:54.001Z,T4240661,6383,46.79075,6.57918,32110.2,7.0,3.8,270.6,-45.0,-1.0,-1.0,RS41-SG,402.000,10.9,187,10,2.6,-1,0801561AB87FFD0611870156
2023-09-04T14:47:55.001Z,T4240661,6384,46.79075,6.57913,32116.9,6.2,3.4,250.4,-44.9,-1.0,-1.0,RS41-SG,402.000,10.9,187,10,2.6,-1,080155D3EB7FFD7211890155
2023-09-04T14:47:56.001Z,T4240661,6385,46.79073,6.57909,32122.6,5.1,3.5,231.8,-44.9,-1.0,-1.0,RS41-SG,402.000,10.3,187,10,2.7,-1,08015545057FFCEB1188014D
2023-09-04T14:47:57.001Z,T4240661,6386,46.79071,6.57906,32127.6,4.8,4.0,223.7,-45.0,-1.0,-1.0,RS41-SG,402.000,10.2,187,10,2.7,-1,08015571097FFB4E11880153
2023-09-04T14:47:58.001Z,T4240661,6387,46.79068,6.57902,32132.5,4.8,4.5,223.8,-45.0,-1.0,-1.0,RS41-SG,402.000,11.0,187,10,2.7,-1,080156134E7FFA2A11870131
2023-09-04T14:47:59.001Z,T4240661,6388,46.79065,6.57897,32137.6,5.3,5.0,232.4,-45.0,-1.0,-1.0,RS41-SG,402.000,11.0,187,10,2.7,-1,080156EC937FF84711880153#080157BE297FF6A211870153
2023-09-04T14:48:00.001Z,T4240661,6389,46.79063,6.57891,32143.4,6.0,5.6,242.4,-45.1,-1.0,-1.0,RS41-SG,402.000,10.7,187,10,2.7,-1,080157E26B7FF8431194012D
2023-09-04T14:48:02.001Z,T4240661,6391,46.79059,6.57876,32156.1,6.3,7.2,260.2,-45.1,-1.0,-1.0,RS41-SG,402.000,10.7,187,10,2.6,-1,08015734EF7FFB9D11940154
2023-09-04T14:48:03.001Z,T4240661,6392,46.79058,6.57866,32162.0,5.6,7.6,265.9,-45.1,-1.0,-1.0,RS41-SG,402.000,10.6,187,10,2.7,-1,08015704E57FFDE61194014E
2023-09-04T14:48:04.001Z,T4240661,6393,46.79058,6.57856,32167.5,5.6,7.1,265.2,-45.0,-1.0,-1.0,RS41-SG,402.000,9.9,187,10,2.7,-1,08015680C87FFC5711940153
2023-09-04T14:48:05.001Z,T4240661,6394,46.79057,6.57848,32173.2,5.8,6.2,264.7,-45.0,-1.0,-1.0,RS41-SG,402.000,9.7,187,10,2.7,-1,0801569D8A7FFB1B11960155
2023-09-04T14:48:06.001Z,T4240661,6395,46.79057,6.57841,32179.1,6.0,4.8,258.5,-44.9,-1.0,-1.0,RS41-SG,402.000,9.7,187,10,2.7,-1,08015654657FFA0B11950151
2023-09-04T14:48:07.001Z,T4240661,6396,46.79055,6.57836,32185.3,6.3,3.5,242.8,-44.9,-1.0,-1.0,RS41-SG,402.000,10.0,187,10,2.7,-1,08015659067FF8A911940153
2023-09-04T14:48:08.001Z,T4240661,6397,46.79054,6.57833,32191.7,6.3,2.8,211.0,-44.9,-1.0,-1.0,RS41-SG,402.000,10.3,187,10,2.7,-1,080156CFF57FF9151194012C
2023-09-04T14:48:09.001Z,T4240661,6398,46.79051,6.57831,32197.8,5.8,3.0,184.3,-44.8,-1.0,-1.0,RS41-SG,402.000,10.3,187,10,2.6,-1,0801566D967FFC1511940153
2023-09-04T14:48:10.001Z,T4240661,6399,46.79048,6.57831,32203.2,4.7,3.4,174.6,-44.9,-1.0,-1.0,RS41-SG,402.000,9.6,187,10,2.6,-1,08015616DE7FFD9611930154
2023-09-04T14:48:11.001Z,T4240661,6400,46.79045,6.57832,32208.1,4.8,3.5,177.0,-45.0,-1.0,-1.0,RS41-SG,402.000,9.0,187,10,2.7,-1,08015605737FFC341194012C
2023-09-04T14:48:12.001Z,T4240661,6401,46.79042,6.57831,32213.2,5.6,3.2,196.0,-45.1,-1.0,-1.0,RS41-SG,402.000,9.0,187,10,2.7,-1,080156BCC17FFB3611940152
2023-09-04T14:48:14.001Z,T4240661,6403,46.79038,6.57825,32225.2,6.2,4.2,254.2,-45.1,-1.0,-1.0,RS41-SG,402.000,7.4,187,10,2.7,-1,08015707CE7FF79E1194012B
2023-09-04T14:48:54.001Z,T4240661,6443,46.78945,6.57711,32450.9,5.8,5.5,205.2,-45.5,-1.0,-1.0,RS41-SG,402.000,8.8,187,10,2.6,-1,0801589E647FF65C11950152
2023-09-04T14:48:55.001Z,T4240661,6444,46.78941,6.57707,32457.0,6.3,5.4,226.5,-45.5,-1.0,-1.0,RS41-SG,402.000,9.5,187,10,2.6,-1,08015884287FF6E31195012D
2023-09-04T14:48:56.001Z,T4240661,6445,46.78938,6.57701,32463.2,6.0,6.1,242.6,-45.4,-1.0,-1.0,RS41-SG,402.000,10.0,187,10,2.7,-1,080157E86F7FF9501194014E
2023-09-04T14:48:57.001Z,T4240661,6446,46.78936,6.57693,32468.6,4.9,6.7,251.9,-45.4,-1.0,-1.0,RS41-SG,402.000,10.7,187,10,2.7,-1,080157EE1F7FFC0011940153
2023-09-04T14:48:58.001Z,T4240661,6447,46.78934,6.57685,32473.2,4.5,7.0,251.7,-45.3,-1.0,-1.0,RS41-SG,402.000,10.7,187,10,2.7,-1,08015845BD7FFCEB1196012D
2023-09-04T14:48:59.001Z,T4240661,6448,46.78932,6.57676,32477.8,4.7,7.1,245.6,-45.2,-1.0,-1.0,RS41-SG,402.000,10.9,187,10,2.7,-1,08015877D57FFBC911940155
2023-09-04T14:49:00.001Z,T4240661,6449,46.78929,6.57668,32482.7,4.9,7.1,232.9,-45.1,-1.0,-1.0,RS41-SG,402.000,10.9,187,10,2.7,-1,080158BB287FFAEB11970153
2023-09-04T14:49:01.001Z,T4240661,6450,46.78924,6.57662,32487.9,5.4,7.2,219.7,-45.0,-1.0,-1.0,RS41-SG,402.000,10.2,187,10,2.6,-1,08015963FB7FF92011940153
2023-09-04T14:49:02.001Z,T4240661,6451,46.78918,6.57656,32493.3,5.6,7.9,202.9,-44.9,-1.0,-1.0,RS41-SG,402.000,10.2,187,10,2.6,-1,08015989C37FF98A11960154
2023-09-04T14:49:03.001Z,T4240661,6452,46.78911,6.57653,32499.1,5.9,8.6,190.4,-44.9,-1.0,-1.0,RS41-SG,402.000,10.1,187,10,2.7,-1,08015965777FFA6011940139
2023-09-04T14:49:04.001Z,T4240661,6453,46.78903,6.57652,32504.8,5.4,9.6,182.1,-44.9,-1.0,-1.0,RS41-SG,402.000,9.1,187,10,2.7,-1,080158D0997FFD1E0EB5014D
2023-09-04T14:49:10.001Z,T4240661,6459,46.78866,6.57642,32540.8,4.9,5.1,246.9,-44.6,-1.0,-1.0,RS41-SG,402.000,10.0,187,10,2.6,-1,080157D17B800280118A0154
2023-09-04T14:49:11.001Z,T4240661,6460,46.78865,6.57636,32545.2,4.0,5.8,261.4,-44.5,-1.0,-1.0,RS41-SG,402.000,10.0,187,10,2.7,-1,080157AFF78002A311890140
2023-09-04T14:49:12.001Z,T4240661,6461,46.78865,6.57628,32549.0,3.8,6.6,267.1,-44.4,-1.0,-1.0,RS41-SG,402.000,10.0,187,10,2.7,-1,080158114E80020611890155
2023-09-04T14:49:14.001Z,T4240661,6463,46.78864,6.57610,32557.8,5.1,6.5,261.4,-44.3,-1.0,-1.0,RS41-SG,402.000,9.3,187,10,2.7,-1,0801593DA18000A4118A012B
2023-09-04T14:49:15.001Z,T4240661,6464,46.78862,6.57603,32563.5,6.1,5.9,248.4,-44.3,-1.0,-1.0,RS41-SG,402.000,9.6,187,10,2.7,-1,08015945578000D011880154
2023-09-04T14:49:16.001Z,T4240661,6465,46.78860,6.57596,32569.7,6.4,5.8,228.2,-44.2,-1.0,-1.0,RS41-SG,402.000,11.0,187,10,2.6,-1,080159164F8002D4118A0153
2023-09-04T14:49:17.001Z,T4240661,6466,46.78856,6.57591,32575.7,5.8,6.0,211.5,-44.1,-1.0,-1.0,RS41-SG,402.000,11.0,187,10,2.6,-1,080159080C8004C7118A0153
2023-09-04T14:49:18.001Z,T4240661,6467,46.78851,6.57588,32581.2,5.2,6.6,200.6,-44.0,-1.0,-1.0,RS41-SG,402.000,9.5,187,10,2.7,-1,08015922C0800613118A0153#080158D8148005BC118A012D
2023-09-04T14:49:19.001Z,T4240661,6468,46.78845,6.57585,32586.2,4.9,7.0,195.3,-43.9,-1.0,-1.0,RS41-SG,402.000,9.0,187,10,2.7,-1,0801585E798002B511970151
2023-09-04T14:49:22.001Z,T4240661,6471,46.78828,6.57576,32602.4,6.3,6.2,209.3,-43.5,-1.0,-1.0,RS41-SG,402.000,9.0,187,10,2.7,-1,08015915ED80010B11940151
2023-09-04T14:49:23.001Z,T4240661,6472,46.78823,6.57572,32608.6,6.2,5.7,222.6,-43.4,0.9,-1.0,RS41-SG,402.000,9.9,187,10,2.7,-1,0801596B7780022D11940153
2023-09-04T14:49:24.001Z,T4240661,6473,46.78820,6.57566,32614.5,5.6,5.7,235.6,-43.3,0.9,-1.0,RS41-SG,402.000,9.9,187,10,2.6,-1,08015A3F8D8000CC11970152
2023-09-04T14:49:25.001Z,T4240661,6474,46.78817,6.57560,32619.8,5.0,5.8,244.4,-43.2,0.9,-1.0,RS41-SG,402.000,10.2,187,10,2.6,-1,08015A27B87FFFC411950152
2023-09-04T14:49:26.001Z,T4240661,6475,46.78815,6.57553,32624.6,4.6,5.9,247.8,-43.1,0.9,-1.0,RS41-SG,402.000,10.2,187,10,2.7,-1,08015A2ECF7FFF101197012D
2023-09-04T14:49:27.001Z,T4240661,6476,46.78813,6.57546,32629.0,4.4,6.0,246.8,-42.9,0.8,-1.0,RS41-SG,402.000,9.2,187,10,2.7,-1,08015A30DA7FFD9911940150
2023-09-04T14:49:28.001Z,T4240661,6477,46.78811,6.57539,32633.5,4.9,6.1,240.3,-42.9,0.9,-1.0,RS41-SG,402.000,9.2,187,10,2.7,-1,080159F6297FF9DC11940153
2023-09-04T14:49:29.001Z,T4240661,6478,46.78807,6.57532,32638.3,4.9,6.6,229.6,-42.9,0.8,-1.0,RS41-SG,402.000,9.5,187,10,2.7,-1,08015A24FF7FF6561195012C
2023-09-04T14:49:30.001Z,T4240661,6479,46.78803,6.57525,32643.8,5.8,7.1,219.3,-42.7,0.8,-1.0,RS41-SG,402.000,9.5,187,10,2.7,-1,08015A36717FF25B11940152
2023-09-04T14:49:33.001Z,T4240661,6482,46.78784,6.57509,32661.0,5.4,9.3,206.3,-42.6,0.9,-1.0,RS41-SG,402.000,8.9,187,10,2.7,-1,08015B09537FF29011960151
2023-09-04T14:49:34.001Z,T4240661,6483,46.78776,6.57504,32666.2,5.3,9.2,209.0,-42.4,0.9,-1.0,RS41-SG,402.000,8.9,187,10,2.7,-1,08015A99467FF28811940134
2023-09-04T14:49:35.001Z,T4240661,6484,46.78769,6.57498,32671.4,5.1,8.8,214.4,-42.3,0.8,-1.0,RS41-SG,402.000,8.5,187,10,2.7,-1,08015B0B017FF3AD1194014C
2023-09-04T14:49:37.001Z,T4240661,6486,46.78759,6.57483,32681.6,5.0,7.7,235.6,-42.0,0.8,-1.0,RS41-SG,402.000,9.0,187,10,2.7,-1,08015B9D437FF4691194012B
2023-09-04T14:49:38.001Z,T4240661,6487,46.78756,6.57474,32686.9,5.7,7.5,249.5,-41.9,0.8,-1.0,RS41-SG,402.000,9.0,187,10,2.7,-1,08015BAD397FF5431196014C
2023-09-04T14:49:39.001Z,T4240661,6488,46.78754,6.57465,32692.8,6.0,7.5,260.8,-41.8,0.8,-1.0,RS41-SG,402.000,8.4,187,10,2.6,-1,08015B3C197FF7B111930154
2023-09-04T14:49:40.001Z,T4240661,6489,46.78753,6.57455,32698.9,5.9,7.7,267.1,-41.7,0.8,-1.0,RS41-SG,402.000,10.3,187,10,2.6,-1,08015AB3267FFBE611960151
2023-09-04T14:49:41.001Z,T4240661,6490,46.78753,6.57445,32704.4,5.3,7.5,267.9,-41.7,0.8,-1.0,RS41-SG,402.000,11.6,187,10,2.7,-1,08015A2F228000B711950154
2023-09-04T14:49:42.001Z,T4240661,6491,46.78752,6.57435,32709.6,5.1,7.4,261.4,-41.6,0.8,-1.0,RS41-SG,402.000,11.6,187,10,2.7,-1,080159A9338002D711950154
2023-09-04T14:49:43.001Z,T4240661,6492,46.78751,6.57426,32714.6,5.1,7.1,247.9,-41.5,0.8,-1.0,RS41-SG,402.000,11.9,187,10,2.7,-1,0801591D6D80039F11940152
2023-09-04T14:49:44.001Z,T4240661,6493,46.78747,6.57418,32719.8,5.3,7.5,232.3,-41.5,0.8,-1.0,RS41-SG,402.000,12.7,187,10,2.7,-1,080158E43D8000D30E96014C
2023-09-04T14:49:45.001Z,T4240661,6494,46.78742,6.57411,32725.2,5.4,8.8,216.9,-41.5,0.8,-1.0,RS41-SG,402.000,12.7,187,10,2.7,-1,0801593B5D7FFEEA0E970127
2023-09-04T14:49:46.001Z,T4240661,6495,46.78735,6.57404,32730.7,5.4,10.4,207.2,-41.5,0.8,-1.0,RS41-SG,402.000,11.9,187,10,2.6,-1,0801598E997FFE2B0E94014D
2023-09-04T14:49:47.001Z,T4240661,6496,46.78726,6.57398,32736.0,5.2,11.8,202.5,-41.5,0.8,-1.0,RS41-SG,402.000,12.0,187,10,2.6,-1,080159D18880008D118A0153
2023-09-04T14:49:48.001Z,T4240661,6497,46.78716,6.57392,32741.3,5.3,12.6,201.9,-41.5,0.8,-1.0,RS41-SG,402.000,12.0,187,10,2.7,-1,080159CFD580039F11890153
2023-09-04T14:49:49.001Z,T4240661,6498,46.78705,6.57386,32746.6,5.4,12.7,203.4,-41.5,0.8,-1.0,RS41-SG,402.000,11.7,187,10,2.7,-1,08015A493880061F118A0154
2023-09-04T14:49:50.001Z,T4240661,6499,46.78696,6.57379,32752.1,5.7,11.7,208.0,-41.5,0.8,-1.0,RS41-SG,402.000,11.5,187,10,2.7,-1,08015A01AD8007A6118A012E
2023-09-04T14:49:51.001Z,T4240661,6500,46.78687,6.57372,32758.1,6.0,10.5,215.4,-41.4,0.8,-1.0,RS41-SG,402.000,11.1,187,10,2.7,-1,080159F3EF80078E118A0153
2023-09-04T14:49:52.001Z,T4240661,6501,46.78680,6.57363,32764.1,6.0,9.2,227.4,-41.4,0.8,-1.0,RS41-SG,402.000,11.1,187,10,2.7,-1,08015A3E078008EC118A0153
2023-09-04T14:49:53.001Z,T4240661,6502,46.78676,6.57354,32769.9,5.2,8.3,240.2,-41.3,0.8,-1.0,RS41-SG,402.000,10.2,187,10,2.7,-1,08015A024E800B9B11880152
2023-09-04T14:50:12.001Z,T4240661,6521,46.78595,6.57179,32874.0,6.0,10.0,262.9,-41.2,0.8,-1.0,RS41-SG,402.000,8.2,187,10,2.7,-1,08015A5AB77FFB7711980150
2023-09-04T14:50:13.001Z,T4240661,6522,46.78593,6.57166,32880.2,6.5,10.0,253.0,-41.1,0.8,-1.0,RS41-SG,402.000,8.7,187,10,2.7,-1,08015B42947FF99411960151
2023-09-04T14:50:14.001Z,T4240661,6523,46.78589,6.57154,32886.6,6.4,10.2,243.3,-41.0,0.8,-1.0,RS41-SG,402.000,9.8,187,10,2.7,-1,08015B29337FFA1B1195014C
2023-09-04T14:50:15.001Z,T4240661,6524,46.78585,6.57143,32892.6,5.6,10.5,236.3,-40.9,0.8,-1.0,RS41-SG,402.000,10.5,187,10,2.7,-1,08015AEC397FFCA411960152
2023-09-04T14:50:16.001Z,T4240661,6525,46.78579,6.57131,32898.0,5.1,10.6,232.0,-40.8,0.8,-1.0,RS41-SG,402.000,12.6,187,10,2.7,-1,08015A9AE07FFBCB1195012E
2023-09-04T14:50:17.001Z,T4240661,6526,46.78574,6.57121,32903.0,5.1,10.2,231.1,-40.8,0.8,-1.0,RS41-SG,402.000,12.6,187,10,2.6,-1,08015A2C0D7FF9EF11970147
2023-09-04T14:50:18.001Z,T4240661,6527,46.78568,6.57111,32908.3,5.3,9.4,233.4,-40.8,0.8,-1.0,RS41-SG,402.000,11.1,187,10,2.6,-1,08015AA1487FF4EB11950151
2023-09-04T14:50:24.001Z,T4240661,6533,46.78567,6.57053,32943.3,4.6,8.3,294.7,-40.7,0.7,-1.0,RS41-SG,402.000,10.0,187,10,2.6,-1,08015956F87FFBB20E790127
2023-09-04T14:50:25.001Z,T4240661,6534,46.78569,6.57043,32947.9,4.6,8.4,290.8,-40.6,0.8,-1.0,RS41-SG,402.000,11.2,187,10,2.6,-1,08015A2EF77FF6D70E77014B
2023-09-04T14:50:27.001Z,T4240661,6536,46.78572,6.57023,32958.0,5.4,7.5,267.0,-40.3,0.8,-1.0,RS41-SG,402.000,11.4,187,10,2.7,-1,08015BEAB37FF296118C0150
2023-09-04T14:50:28.001Z,T4240661,6537,46.78571,6.57013,32963.4,5.8,7.9,251.9,-40.3,0.7,-1.0,RS41-SG,402.000,11.4,187,10,2.7,-1,08015BC8A77FF40E118A0152
2023-09-04T14:50:29.001Z,T4240661,6538,46.78568,6.57004,32969.3,5.9,8.6,237.4,-40.3,0.8,-1.0,RS41-SG,402.000,9.9,187,10,2.7,-1,08015B54997FF3FB118A012F
2023-09-04T14:50:35.001Z,T4240661,6544,46.78541,6.56952,33008.4,6.8,6.2,270.9,-40.2,0.8,-1.0,RS41-SG,402.000,8.1,187,10,2.7,-1,08015991D47FFA29118A014E
2023-09-04T14:50:37.001Z,T4240661,6546,46.78546,6.56937,33020.1,4.7,7.7,310.8,-40.1,0.8,-1.0,RS41-SG,402.000,12.3,187,10,2.7,-1,08015A311D800002118C0152#08015A04808002F6118B0150
2023-09-04T14:50:38.001Z,T4240661,6547,46.78551,6.56929,33024.7,4.3,8.6,319.4,-40.1,0.8,-1.0,RS41-SG,402.000,12.7,187,10,2.7,-1,080159CA068005B3118A0151
2023-09-04T14:50:39.001Z,T4240661,6548,46.78557,6.56922,33029.3,4.8,8.6,323.1,-40.0,0.8,-1.0,RS41-SG,402.000,12.7,187,10,2.7,-1,080159D1BD8005AC1196012B
2023-09-04T14:50:40.001Z,T4240661,6549,46.78563,6.56916,33034.6,5.6,7.6,322.9,-40.0,0.8,-1.0,RS41-SG,402.000,12.4,187,10,2.6,-1,08015A289F80039D11940152
2023-09-04T14:50:41.001Z,T4240661,6550,46.78568,6.56910,33040.6,6.5,6.3,316.2,-39.9,0.8,-1.0,RS41-SG,402.000,12.4,187,10,2.6,-1,08015A6B8380049D11960153
2023-09-04T14:50:42.001Z,T4240661,6551,46.78571,6.56905,33047.3,7.1,4.6,298.1,-39.8,0.8,-1.0,RS41-SG,402.000,12.8,187,10,2.7,-1,08015A22C280074A1194012B
2023-09-04T14:50:43.001Z,T4240661,6552,46.78572,6.56900,33054.1,7.0,4.0,259.0,-39.7,0.8,-1.0,RS41-SG,402.000,12.8,187,10,2.7,-1,080159382480088611960152
2023-09-04T14:50:44.001Z,T4240661,6553,46.78570,6.56895,33060.6,6.2,5.1,229.0,-39.7,0.7,-1.0,RS41-SG,402.000,12.1,187,10,2.7,-1,080158B45F8009D611970144
2023-09-04T14:50:45.001Z,T4240661,6554,46.78566,6.56889,33066.4,5.2,6.7,218.1,-39.7,0.8,-1.0,RS41-SG,402.000,11.7,187,10,2.7,-1,080158B392800A471197014E
2023-09-04T14:50:46.001Z,T4240661,6555,46.78561,6.56884,33071.6,4.8,7.7,215.5,-39.7,0.8,-1.0,RS41-SG,402.000,11.7,187,10,2.7,-1,080159119F8008AF11960153
2023-09-04T14:50:47.001Z,T4240661,6556,46.78555,6.56878,33076.6,5.2,8.2,217.2,-39.8,0.8,-1.0,RS41-SG,402.000,11.4,187,10,2.6,-1,080159E14E80061A1196012C
2023-09-04T14:50:48.001Z,T4240661,6557,46.78550,6.56871,33082.0,5.7,7.7,223.4,-39.7,0.8,-1.0,RS41-SG,402.000,11.9,187,10,2.6,-1,08015A875B80022A1195014E
2023-09-04T14:50:49.001Z,T4240661,6558,46.78545,6.56864,33087.9,6.3,6.9,234.3,-39.7,0.8,-1.0,RS41-SG,402.000,11.9,187,10,2.7,-1,08015AB7C17FFF2811970151
2023-09-04T14:50:50.001Z,T4240661,6559,46.78543,6.56857,33094.3,6.5,6.1,249.9,-39.7,0.8,-1.0,RS41-SG,402.000,12.1,187,10,2.7,-1,08015B02DE80009111950129
2023-09-04T14:50:51.001Z,T4240661,6560,46.78541,6.56849,33100.5,5.9,5.4,265.8,-39.6,0.8,-1.0,RS41-SG,402.000,12.5,187,10,2.7,-1,08015AA6A680013411980150
2023-09-04T14:50:52.001Z,T4240661,6561,46.78542,6.56843,33106.4,5.5,5.0,282.8,-39.5,0.8,-1.0,RS41-SG,402.000,12.5,187,10,2.7,-1,08015A9B717FFE1E11960152
2023-09-04T14:50:53.001Z,T4240661,6562,46.78543,6.56837,33111.8,5.4,4.5,289.2,-39.5,0.8,-1.0,RS41-SG,402.000,12.4,187,10,2.7,-1,08015AA4467FFB3E1199012A
2023-09-04T14:50:54.001Z,T4240661,6563,46.78544,6.56832,33117.3,5.5,3.9,289.7,-39.6,0.8,-1.0,RS41-SG,402.000,11.9,187,10,2.7,-1,08015AEE717FF8B711950150
2023-09-04T14:50:55.001Z,T4240661,6564,46.78545,6.56827,33123.2,5.9,3.3,277.2,-39.7,0.8,-1.0,RS41-SG,402.000,11.8,187,10,2.6,-1,08015B472D7FFA401197012D
2023-09-04T14:50:56.001Z,T4240661,6565,46.78545,6.56823,33129.6,6.5,3.2,245.0,-39.8,0.8,-1.0,RS41-SG,402.000,10.0,187,10,2.6,-1,08015AFDA17FFD1411960150
2023-09-04T14:50:57.001Z,T4240661,6566,46.78542,6.56819,33136.2,6.7,4.5,219.5,-39.8,0.8,-1.0,RS41-SG,402.000,9.5,187,10,2.7,-1,08015A2F9C7FFF9611980155
2023-09-04T14:51:20.001Z,T4240661,6589,46.78437,6.56711,33276.9,6.0,2.1,232.3,-38.6,0.7,-1.0,RS41-SG,402.000,8.4,187,10,2.6,-1,080159218C8001A811970151
2023-09-04T14:51:22.001Z,T4240661,6591,46.78436,6.56707,33287.9,5.6,1.5,279.0,-38.6,0.8,-1.0,RS41-SG,402.000,9.3,187,10,2.7,-1,0801592C4880008611940152
2023-09-04T14:51:24.001Z,T4240661,6593,46.78436,6.56701,33299.8,6.6,3.4,243.6,-38.6,0.7,-1.0,RS41-SG,402.000,9.1,187,10,2.7,-1,08015993737FFADE1198014D
2023-09-04T14:51:25.001Z,T4240661,6594,46.78433,6.56696,33306.4,6.8,5.3,228.3,-38.6,0.8,-1.0,RS41-SG,402.000,9.6,187,10,2.7,-1,08015A5B557FF80911940150
2023-09-04T14:51:26.001Z,T4240661,6595,46.78429,6.56690,33313.1,6.5,7.7,222.0,-38.6,0.8,-1.0,RS41-SG,402.000,9.7,187,10,2.6,-1,08015B46C77FF4BE119B012C
2023-09-04T14:51:27.001Z,T4240661,6596,46.78423,6.56683,33319.3,5.7,9.6,218.8,-38.7,0.8,-1.0,RS41-SG,402.000,10.3,187,10,2.7,-1,08015C25467FF37C11980151
2023-09-04T14:51:28.001Z,T4240661,6597,46.78416,6.56675,33324.8,5.4,11.0,216.9,-38.7,0.8,-1.0,RS41-SG,402.000,10.3,187,10,2.7,-1,08015C04BE7FF0E811970151
2023-09-04T14:51:29.001Z,T4240661,6598,46.78408,6.56666,33330.3,5.6,11.5,216.6,-38.7,0.8,-1.0,RS41-SG,402.000,11.2,187,10,2.7,-1,08015C67957FEC4E1196012A
2023-09-04T14:51:30.001Z,T4240661,6599,46.78400,6.56657,33335.9,5.8,11.1,217.4,-38.8,0.8,-1.0,RS41-SG,402.000,11.2,187,10,2.6,-1,08015CFD6E7FEB341199014F
2023-09-04T14:51:32.001Z,T4240661,6601,46.78387,6.56642,33348.3,6.5,7.6,223.8,-38.8,0.8,-1.0,RS41-SG,402.000,12.8,187,10,2.7,-1,08015C901E7FE6FB11990143
2023-09-04T14:51:33.001Z,T4240661,6602,46.78383,6.56635,33355.1,7.1,5.3,234.3,-38.7,0.8,-1.0,RS41-SG,402.000,13.2,187,10,2.7,-1,08015C2DA97FE72211990151
2023-09-04T14:51:34.001Z,T4240661,6603,46.78381,6.56630,33361.7,6.7,3.5,255.3,-38.7,0.8,-1.0,RS41-SG,402.000,13.2,187,10,2.7,-1,08015BB1B17FE73811980137
2023-09-04T14:51:35.001Z,T4240661,6604,46.78381,6.56626,33368.0,5.7,2.5,286.7,-38.7,0.8,-1.0,RS41-SG,402.000,13.1,187,10,2.7,-1,08015B6E307FE7421198014E
2023-09-04T14:51:36.001Z,T4240661,6605,46.78382,6.56624,33373.7,5.1,2.6,312.6,-38.8,0.8,-1.0,RS41-SG,402.000,13.1,187,10,2.7,-1,08015C043F7FE75711970150
2023-09-04T14:51:37.001Z,T4240661,6606,46.78384,6.56621,33379.2,5.6,2.3,321.0,-38.9,0.8,-1.0,RS41-SG,402.000,12.3,187,10,2.7,-1,08015C992C7FE68E1198014F
2023-09-04T14:51:38.001Z,T4240661,6607,46.78385,6.56619,33385.1,6.1,2.0,302.3,-39.0,0.8,-1.0,RS41-SG,402.000,12.3,187,10,2.6,-1,08015C5ABA7FEB8B11980153
2023-09-04T14:51:39.001Z,T4240661,6608,46.78385,6.56617,33391.4,6.6,2.2,248.3,-39.1,0.8,-1.0,RS41-SG,402.000,10.9,187,10,2.6,-1,08015C29BA7FEB6211970152
2023-09-04T14:51:40.001Z,T4240661,6609,46.78383,6.56614,33398.0,6.8,4.0,225.0,-39.1,0.8,-1.0,RS41-SG,402.000,8.5,187,10,2.7,-1,08015CA16B7FEAFB11950153
2023-09-04T14:51:47.001Z,T4240661,6616,46.78345,6.56573,33441.9,7.0,5.4,232.8,-38.6,0.8,-1.0,RS41-SG,402.000,8.3,187,10,2.6,-1,08015DD6807FE7F6118A0152
2023-09-04T14:51:48.001Z,T4240661,6617,46.78343,6.56568,33448.7,6.9,3.6,254.2,-38.5,0.7,-1.0,RS41-SG,402.000,11.1,187,10,2.7,-1,08015E1F827FEC1B118A0151
2023-09-04T14:51:49.001Z,T4240661,6618,46.78343,6.56564,33455.2,6.1,3.0,287.0,-38.5,0.7,-1.0,RS41-SG,402.000,11.7,187,10,2.7,-1,08015DBA797FF032118A0152
2023-09-04T14:51:50.001Z,T4240661,6619,46.78344,6.56560,33460.8,5.2,3.1,315.5,-38.4,0.7,-1.0,RS41-SG,402.000,12.3,187,10,2.7,-1,08015D1FF77FF37E1189012C
2023-09-04T14:51:51.001Z,T4240661,6620,46.78346,6.56558,33466.0,5.3,3.2,328.6,-38.4,0.7,-1.0,RS41-SG,402.000,13.2,187,10,2.7,-1,08015D15BF7FF78E118A0151
2023-09-04T14:51:52.001Z,T4240661,6621,46.78349,6.56556,33471.2,5.3,2.7,324.5,-38.3,0.7,-1.0,RS41-SG,402.000,13.2,187,10,2.7,-1,08015CED717FF8AA118A0150
2023-09-04T14:51:53.001Z,T4240661,6622,46.78350,6.56554,33476.8,5.8,1.9,299.8,-38.3,0.7,-1.0,RS41-SG,402.000,12.8,187,10,2.7,-1,08015D08C97FF7E5118B0129
2023-09-04T14:51:54.001Z,T4240661,6623,46.78350,6.56551,33482.7,6.2,2.2,245.6,-38.3,0.7,-1.0,RS41-SG,402.000,13.5,187,10,2.6,-1,08015D68B67FF7AC118A0152
2023-09-04T14:51:55.001Z,T4240661,6624,46.78348,6.56548,33489.0,6.6,4.0,222.4,-38.4,0.8,-1.0,RS41-SG,402.000,13.5,187,10,2.6,-1,08015DA0537FF84B118A0152
2023-09-04T14:51:56.001Z,T4240661,6625,46.78345,6.56544,33495.7,6.8,6.0,213.6,-38.5,0.8,-1.0,RS41-SG,402.000,12.1,187,10,2.7,-1,08015DB2B37FF94B118B014D
2023-09-04T14:51:57.001Z,T4240661,6626,46.78340,6.56540,33502.3,6.3,7.5,210.8,-38.6,0.8,-1.0,RS41-SG,402.000,12.5,187,10,2.7,-1,08015D5ED57FFBD011890150#08015C66BF7FFE46118A012B
2023-09-04T14:51:58.001Z,T4240661,6627,46.78334,6.56534,33508.6,6.3,8.2,210.9,-38.7,0.8,-1.0,RS41-SG,402.000,13.0,187,10,2.7,-1,08015BBCD87FFD3D11990150
2023-09-04T14:51:59.001Z,T4240661,6628,46.78328,6.56529,33515.1,6.8,8.0,211.5,-38.8,0.8,-1.0,RS41-SG,402.000,13.0,187,10,2.7,-1,08015BEE4F7FFC9911960151
2023-09-04T14:52:00.001Z,T4240661,6629,46.78322,6.56524,33522.0,7.2,6.7,213.7,-38.9,0.8,-1.0,RS41-SG,402.000,13.4,187,10,2.7,-1,08015C447B7FFCC71194012A
2023-09-04T14:52:01.001Z,T4240661,6630,46.78318,6.56519,33529.2,7.1,4.8,219.8,-39.0,0.8,-1.0,RS41-SG,402.000,13.4,187,10,2.7,-1,08015CEBFE7FFD6B1197014F
2023-09-04T14:52:02.001Z,T4240661,6631,46.78316,6.56516,33536.5,6.9,2.8,236.5,-39.1,0.8,-1.0,RS41-SG,402.000,13.5,187,10,2.6,-1,08015D62ED800061119B0150
2023-09-04T14:52:03.001Z,T4240661,6632,46.78315,6.56513,33543.0,6.0,1.6,282.3,-39.2,0.8,-1.0,RS41-SG,402.000,13.5,187,10,2.6,-1,08015D3C248003391198014B
2023-09-04T14:52:04.001Z,T4240661,6633,46.78316,6.56511,33548.8,5.4,2.5,331.3,-39.3,0.8,-1.0,RS41-SG,402.000,13.2,187,10,2.7,-1,08015C8D178008BA11990151
2023-09-04T14:52:05.001Z,T4240661,6634,46.78319,6.56510,33554.3,5.4,3.1,343.9,-39.4,0.8,-1.0,RS41-SG,402.000,12.6,187,10,2.7,-1,08015BD000800D3111980131
2023-09-04T14:52:06.001Z,T4240661,6635,46.78321,6.56509,33559.9,5.7,3.1,337.1,-39.5,0.8,-1.0,RS41-SG,402.000,12.6,187,10,2.7,-1,08015B63E3800D891199014E
2023-09-04T14:52:07.001Z,T4240661,6636,46.78323,6.56507,33565.8,6.2,2.7,318.9,-39.6,0.8,-1.0,RS41-SG,402.000,10.3,187,10,2.7,-1,08015B70CF80099F11980150
2023-09-04T14:52:13.001Z,T4240661,6642,46.78305,6.56473,33604.3,5.1,9.4,218.1,-39.5,0.8,-1.0,RS41-SG,402.000,10.2,187,10,2.7,-1,08015D01E380013C119A0150
2023-09-04T14:52:14.001Z,T4240661,6643,46.78298,6.56466,33609.5,5.5,8.6,216.2,-39.4,0.8,-1.0,RS41-SG,402.000,10.9,187,10,2.7,-1,08015D7E547FFE1F11980128
2023-09-04T14:52:15.001Z,T4240661,6644,46.78293,6.56460,33615.2,5.9,7.2,216.1,-39.4,0.8,-1.0,RS41-SG,402.000,11.3,187,10,2.7,-1,08015E72B77FFA9011980152
2023-09-04T14:52:16.001Z,T4240661,6645,46.78288,6.56455,33621.3,6.2,5.1,216.9,-39.4,0.8,-1.0,RS41-SG,402.000,13.2,187,10,2.7,-1,08015E7F8C7FFA371197012A
2023-09-04T14:52:17.001Z,T4240661,6646,46.78285,6.56452,33627.6,6.4,2.8,223.1,-39.3,0.8,-1.0,RS41-SG,402.000,13.6,187,10,2.7,-1,08015E4EED7FF9D611970143
2023-09-04T14:52:18.001Z,T4240661,6647,46.78285,6.56450,33634.0,6.1,1.1,271.7,-39.3,0.8,-1.0,RS41-SG,402.000,13.6,187,10,2.6,-1,08015DF8157FF96D11960151
2023-09-04T14:52:19.001Z,T4240661,6648,46.78285,6.56449,33640.0,5.7,1.4,337.4,-39.4,0.8,-1.0,RS41-SG,402.000,11.9,187,10,2.6,-1,08015DE03D7FFB4611980153
2023-09-04T14:52:23.001Z,T4240661,6652,46.78291,6.56440,33665.2,6.9,3.8,265.5,-39.6,0.8,-1.0,RS41-SG,402.000,12.2,187,10,2.7,-1,08015BB47B80017F0E260149
2023-09-04T14:52:24.001Z,T4240661,6653,46.78289,6.56434,33672.0,6.9,5.9,245.6,-39.6,0.8,-1.0,RS41-SG,402.000,13.0,187,10,2.7,-1,08015C84D27FFBD70E250125
2023-09-04T14:52:25.001Z,T4240661,6654,46.78286,6.56427,33678.9,6.7,8.2,235.2,-39.5,0.8,-1.0,RS41-SG,402.000,13.1,187,10,2.7,-1,08015D83077FF900118A0151
2023-09-04T14:52:26.001Z,T4240661,6655,46.78281,6.56417,33685.3,6.0,10.1,228.5,-39.6,0.8,-1.0,RS41-SG,402.000,13.1,187,10,2.6,-1,08015E52047FF8F9118A0150
2023-09-04T14:52:27.001Z,T4240661,6656,46.78275,6.56407,33691.1,5.8,11.1,222.9,-39.7,0.8,-1.0,RS41-SG,402.000,12.7,187,10,2.6,-1,08015F00997FF9C1118B0150
2023-09-04T14:52:31.001Z,T4240661,6660,46.78247,6.56379,33716.3,6.6,5.9,204.5,-39.7,0.8,-1.0,RS41-SG,402.000,8.3,187,10,2.7,-1,08015D801D80053C118C0152
2023-09-04T14:52:32.001Z,T4240661,6661,46.78243,6.56377,33723.0,6.5,3.5,193.3,-39.6,0.8,-1.0,RS41-SG,402.000,11.4,187,10,2.7,-1,08015CEF3780074B118A0151
2023-09-04T14:52:33.001Z,T4240661,6662,46.78241,6.56376,33729.0,5.9,1.4,171.5,-39.6,0.8,-1.0,RS41-SG,402.000,12.8,187,10,2.7,-1,08015C63AF8008AA118B014F
2023-09-04T14:52:34.001Z,T4240661,6663,46.78241,6.56377,33734.6,5.3,0.6,90.1,-39.5,0.8,-1.0,RS41-SG,402.000,13.2,187,10,2.6,-1,08015BF6A3800A87118A0150
2023-09-04T14:52:35.001Z,T4240661,6664,46.78241,6.56377,33740.2,5.7,0.8,14.5,-39.5,0.8,-1.0,RS41-SG,402.000,13.6,187,10,2.6,-1,08015BFAB9800C11118A014F
2023-09-04T14:52:36.001Z,T4240661,6665,46.78242,6.56377,33746.2,6.4,1.3,305.6,-39.6,0.8,-1.0,RS41-SG,402.000,13.6,187,10,2.7,-1,08015BB323800B71118A0150#08015C0F59800D1C118C012E
2023-09-04T14:52:37.001Z,T4240661,6666,46.78242,6.56374,33752.8,7.0,2.9,268.6,-39.7,0.8,-1.0,RS41-SG,402.000,12.5,187,10,2.7,-1,08015BCFB38014BD118A014F
2023-09-04T14:52:38.001Z,T4240661,6667,46.78241,6.56369,33759.8,7.1,5.3,252.3,-39.9,0.8,-1.0,RS41-SG,402.000,11.8,187,10,2.7,-1,08015A07EE801EF71197014F
2023-09-04T14:52:43.001Z,T4240661,6672,46.78216,6.56314,33789.1,5.3,12.3,229.1,-39.9,0.8,-1.0,RS41-SG,402.000,9.7,187,10,2.6,-1,08015C15EA800A631198014F
2023-09-04T14:52:44.001Z,T4240661,6673,46.78209,6.56303,33794.9,6.2,11.0,227.6,-39.8,0.8,-1.0,RS41-SG,402.000,10.6,187,10,2.7,-1,08015C7B4D8004011198014F
2023-09-04T14:52:45.001Z,T4240661,6674,46.78203,6.56293,33801.1,6.7,9.1,223.5,-39.8,0.8,-1.0,RS41-SG,402.000,12.8,187,10,2.7,-1,08015D4FF180001D1198014F
2023-09-04T14:52:46.001Z,T4240661,6675,46.78198,6.56286,33807.8,6.8,6.7,218.4,-39.7,0.8,-1.0,RS41-SG,402.000,12.8,187,10,2.7,-1,08015CCB2B7FFF03119B0151
2023-09-04T14:52:47.001Z,T4240661,6676,46.78193,6.56282,33814.1,6.0,4.6,209.0,-39.5,0.8,-1.0,RS41-SG,402.000,12.8,187,10,2.7,-1,08015BFBF37FFD441199012A
2023-09-04T14:52:48.001Z,T4240661,6677,46.78190,6.56280,33819.9,5.4,3.2,196.5,-39.6,0.8,-1.0,RS41-SG,402.000,12.8,187,10,2.7,-1,08015BC15D7FFA2A1198014F
2023-09-04T14:52:49.001Z,T4240661,6678,46.78188,6.56279,33825.3,5.2,2.5,183.4,-39.7,0.8,-1.0,RS41-SG,402.000,10.8,187,10,2.7,-1,08015C00D17FF8F911990150
2023-09-04T14:52:51.001Z,T4240661,6680,46.78183,6.56279,33836.8,6.1,3.0,195.1,-39.9,0.8,-1.0,RS41-SG,402.000,10.5,187,10,2.6,-1,08015D1D997FF9481198014F
2023-09-04T14:52:52.001Z,T4240661,6681,46.78180,6.56277,33843.1,6.7,4.4,210.9,-39.8,0.8,-1.0,RS41-SG,402.000,11.7,187,10,2.7,-1,08015D0D2E7FFAA711980150
2023-09-04T14:52:53.001Z,T4240661,6682,46.78176,6.56273,33849.9,7.1,6.7,220.2,-39.7,0.8,-1.0,RS41-SG,402.000,13.0,187,10,2.7,-1,08015DB4B87FF7E111970128
2023-09-04T14:52:54.001Z,T4240661,6683,46.78171,6.56266,33856.8,6.7,9.2,224.4,-39.6,0.8,-1.0,RS41-SG,402.000,13.0,187,10,2.7,-1,08015DF38F7FF9751199014F
2023-09-04T14:52:55.001Z,T4240661,6684,46.78165,6.56256,33863.1,5.8,11.1,227.7,-39.5,0.7,-1.0,RS41-SG,402.000,12.8,187,10,2.7,-1,08015D71157FFBAF1199013B
2023-09-04T14:52:56.001Z,T4240661,6685,46.78158,6.56244,33868.7,5.3,12.5,230.0,-39.6,0.8,-1.0,RS41-SG,402.000,12.2,187,10,2.7,-1,08015CAF8E7FFE1511980128
2023-09-04T14:52:57.001Z,T4240661,6686,46.78151,6.56232,33874.0,5.4,12.9,232.6,-39.7,0.8,-1.0,RS41-SG,402.000,9.8,187,10,2.7,-1,08015C42D97FFD4811990150
2023-09-04T14:53:00.001Z,T4240661,6689,46.78135,6.56193,33891.5,6.2,9.2,249.1,-39.7,0.8,-1.0,RS41-SG,402.000,9.0,187,10,2.7,-1,08015D19F17FF5A4119A0151
2023-09-04T14:53:01.001Z,T4240661,6690,46.78133,6.56183,33897.8,6.2,7.4,260.2,-39.7,0.8,-1.0,RS41-SG,402.000,12.7,187,10,2.7,-1,08015D185D7FF5D211980152
2023-09-04T14:53:02.001Z,T4240661,6691,46.78132,6.56174,33903.8,6.1,6.0,273.7,-39.6,0.7,-1.0,RS41-SG,402.000,13.3,187,10,2.7,-1,08015C83557FF7F90E0D014A
2023-09-04T14:53:03.001Z,T4240661,6692,46.78133,6.56167,33909.8,5.8,5.1,287.7,-39.5,0.8,-1.0,RS41-SG,402.000,14.1,187,10,2.7,-1,08015C8FCF7FFAA70E0C0127
2023-09-04T14:53:04.001Z,T4240661,6693,46.78135,6.56161,33915.6,5.7,4.3,293.0,-39.4,0.7,-1.0,RS41-SG,402.000,14.1,187,10,2.7,-1,08015CC5E57FFE6F0E0C0149
2023-09-04T14:53:05.001Z,T4240661,6694,46.78136,6.56156,33921.3,5.9,3.8,288.8,-39.5,0.8,-1.0,RS41-SG,402.000,12.0,187,10,2.7,-1,08015CC20D800114118A0150
2023-09-04T14:53:09.001Z,T4240661,6698,46.78126,6.56134,33945.2,5.9,9.2,219.5,-39.5,0.7,-1.0,RS41-SG,402.000,10.0,187,9,2.7,-1,08015CA8FB8001AF118A0150
2023-09-04T14:53:10.001Z,T4240661,6699,46.78119,6.56126,33951.1,6.2,11.5,217.3,-39.4,0.7,-1.0,RS41-SG,402.000,12.2,187,10,2.7,-1,08015D2DDC7FFD66118A014F
2023-09-04T14:53:12.001Z,T4240661,6701,46.78101,6.56105,33963.6,6.3,13.8,219.4,-39.2,0.7,-1.0,RS41-SG,402.000,13.0,187,10,2.7,-1,08015D5CF37FFD14118A0151
2023-09-04T14:53:13.001Z,T4240661,6702,46.78092,6.56094,33969.7,5.9,13.4,222.9,-39.3,0.7,-1.0,RS41-SG,402.000,13.0,187,10,2.7,-1,08015CA7807FFF2C118A0150
2023-09-04T14:53:17.001Z,T4240661,6706,46.78072,6.56051,33992.7,5.3,6.4,268.9,-39.1,0.7,-1.0,RS41-SG,402.000,10.9,187,10,2.7,-1,08015F87777FF3B0119A0151
2023-09-04T14:53:18.001Z,T4240661,6707,46.78073,6.56044,33998.1,5.5,6.0,292.9,-39.0,0.7,-1.0,RS41-SG,402.000,12.2,187,10,2.7,-1,08015EDFF07FF7F7119A012A
2023-09-04T14:53:19.001Z,T4240661,6708,46.78076,6.56037,34003.7,5.6,6.1,308.0,-39.0,0.7,-1.0,RS41-SG,402.000,13.9,187,10,2.7,-1,08015DEA877FFDCB119A014F
2023-09-04T14:53:20.001Z,T4240661,6709,46.78079,6.56031,34009.4,5.8,5.9,310.8,-38.9,0.7,-1.0,RS41-SG,402.000,13.9,187,10,2.7,-1,08015D4FD5800203119A014F
2023-09-04T14:53:21.001Z,T4240661,6710,46.78082,6.56025,34015.8,6.6,5.5,300.7,-38.9,0.7,-1.0,RS41-SG,402.000,13.3,187,10,2.7,-1,08015C98C880059D119B0145
2023-09-04T14:53:22.001Z,T4240661,6711,46.78084,6.56018,34022.7,7.0,5.4,275.5,-39.0,0.7,-1.0,RS41-SG,402.000,12.2,187,10,2.6,-1,08015B5CCF8009561199014F
2023-09-04T14:53:25.001Z,T4240661,6714,46.78073,6.55991,34041.1,5.3,12.5,224.7,-39.0,0.7,-1.0,RS41-SG,402.000,10.8,187,10,2.7,-1,08015C6DC9800204119A014F
2023-09-04T14:53:26.001Z,T4240661,6715,46.78064,6.55979,34046.3,5.3,15.5,220.1,-39.0,0.7,-1.0,RS41-SG,402.000,13.1,187,10,2.7,-1,08015CD3418001AA119B012B
2023-09-04T14:53:27.001Z,T4240661,6716,46.78052,6.55965,34051.6,5.3,17.7,218.1,-39.0,0.7,-1.0,RS41-SG,402.000,13.1,187,10,2.7,-1,08015D57F78001B0119A014F
2023-09-04T14:53:28.001Z,T4240661,6717,46.78039,6.55951,34057.0,5.5,18.5,217.2,-39.0,0.7,-1.0,RS41-SG,402.000,12.7,187,10,2.7,-1,08015D5E0E7FFF5D119C014F
2023-09-04T14:53:29.001Z,T4240661,6718,46.78026,6.55936,34062.9,6.4,18.0,217.6,-39.0,0.7,-1.0,RS41-SG,402.000,12.5,187,10,2.7,-1,08015EA6227FF59111990128
2023-09-04T14:53:33.001Z,T4240661,6722,46.77993,6.55890,34089.2,5.6,7.2,245.5,-38.9,0.7,-1.0,RS41-SG,402.000,12.9,187,10,2.7,-1,08015F437D7FE6E2119A014E
2023-09-04T14:53:34.001Z,T4240661,6723,46.77992,6.55882,34094.2,4.7,5.6,268.2,-38.8,0.7,-1.0,RS41-SG,402.000,13.5,187,10,2.7,-1,08015F9E807FE6D8119A012A
2023-09-04T14:53:35.001Z,T4240661,6724,46.77992,6.55875,34098.5,3.9,5.4,287.6,-38.7,0.7,-1.0,RS41-SG,402.000,13.5,187,10,2.7,-1,08015F86BF7FEAFD119A0128
2023-09-04T14:53:36.001Z,T4240661,6725,46.77994,6.55868,34103.0,4.7,5.7,295.5,-38.7,0.7,-1.0,RS41-SG,402.000,13.5,187,10,2.7,-1,08015E90C27FEAE9119C0151
2023-09-04T14:53:39.001Z,T4240661,6728,46.77995,6.55844,34120.2,6.2,8.3,251.0,-38.9,0.7,-1.0,RS41-SG,402.000,11.6,187,10,2.6,-1,08015F0C527FE9DD11990150
2023-09-04T14:53:40.001Z,T4240661,6729,46.77992,6.55833,34126.4,6.0,11.0,238.3,-38.9,0.7,-1.0,RS41-SG,402.000,12.2,187,10,2.7,-1,08015FC5A37FE46E1199014B
2023-09-04T14:53:41.001Z,T4240661,6730,46.77985,6.55820,34132.1,5.3,14.0,230.6,-38.5,0.7,-1.0,RS41-SG,402.000,12.5,187,10,2.7,-1,0801615C297FDF6F1198014F
2023-09-04T14:53:42.001Z,T4240661,6731,46.77976,6.55805,34137.0,4.5,16.5,226.3,-38.5,0.7,-1.0,RS41-SG,402.000,12.5,187,10,2.7,-1,0801615CD67FE3C30DF20127
2023-09-04T14:53:43.001Z,T4240661,6732,46.77965,6.55789,34141.4,4.5,17.9,223.5,-38.6,0.7,-1.0,RS41-SG,402.000,11.2,187,10,2.7,-1,080160701A7FE8620DF30149
2023-09-04T14:53:46.001Z,T4240661,6735,46.77931,6.55744,34158.0,6.4,14.8,223.6,-38.5,0.7,-1.0,RS41-SG,402.000,9.7,187,10,2.6,-1,0801600CA17FE698118B014F
2023-09-04T14:53:47.001Z,T4240661,6736,46.77923,6.55731,34164.7,6.6,12.1,227.8,-38.5,0.7,-1.0,RS41-SG,402.000,10.9,187,10,2.6,-1,08016016A97FE790118B0151
2023-09-04T14:53:48.001Z,T4240661,6737,46.77917,6.55721,34171.2,6.4,9.2,235.8,-38.4,0.7,-1.0,RS41-SG,402.000,12.3,187,9,2.7,-1,08015F7F337FE94D118B0150
2023-09-04T14:53:50.001Z,T4240661,6739,46.77912,6.55704,34182.5,4.8,5.6,265.3,-38.5,0.7,-1.0,RS41-SG,402.000,9.3,187,10,2.7,-1,08015F89C67FEC4D118C0149
2023-09-04T14:53:52.001Z,T4240661,6741,46.77913,6.55690,34191.5,5.0,5.4,279.2,-38.6,0.7,-1.0,RS41-SG,402.000,9.5,187,10,2.7,-1,08016011B57FF0D2118B014F
2023-09-04T14:53:53.001Z,T4240661,6742,46.77913,6.55683,34196.5,5.5,6.2,272.4,-38.6,0.7,-1.0,RS41-SG,402.000,12.0,187,10,2.7,-1,080160E5F77FF040118B0150
2023-09-04T14:53:54.001Z,T4240661,6743,46.77913,6.55674,34202.1,5.5,7.6,258.4,-38.6,0.7,-1.0,RS41-SG,402.000,12.7,187,10,2.6,-1,080161387D7FEB181189014E
2023-09-04T14:53:55.001Z,T4240661,6744,46.77910,6.55663,34207.7,5.6,9.9,246.6,-38.4,0.7,-1.0,RS41-SG,402.000,12.7,187,10,2.6,-1,08016280777FE6C8118C014E
2023-09-04T14:54:00.001Z,T4240661,6749,46.77868,6.55588,34235.8,6.1,17.1,224.9,-38.7,0.7,-1.0,RS41-SG,402.000,11.8,187,10,2.7,-1,08015F8ABD7FF7E9119C0128
2023-09-04T14:54:01.001Z,T4240661,6750,46.77857,6.55573,34242.0,6.5,15.7,225.3,-38.7,0.7,-1.0,RS41-SG,402.000,11.8,187,10,2.7,-1,08015FCEDF7FF7721199014D
2023-09-04T14:54:07.001Z,T4240661,6756,46.77835,6.55523,34276.4,4.6,3.9,298.8,-38.9,0.7,-1.0,RS41-SG,402.000,12.8,187,10,2.7,-1,08015E9241800B341198014E
2023-09-04T14:54:08.001Z,T4240661,6757,46.77837,6.55518,34281.4,5.4,4.6,294.5,-38.9,0.7,-1.0,RS41-SG,402.000,12.4,187,10,2.7,-1,08015F15D9800A9F119A0128
2023-09-04T14:54:09.001Z,T4240661,6758,46.77838,6.55512,34287.2,6.1,5.6,277.7,-39.0,0.7,-1.0,RS41-SG,402.000,11.6,187,10,2.7,-1,08015F1CB08011B8119A0151
2023-09-04T14:54:12.001Z,T4240661,6761,46.77833,6.55480,34306.1,5.7,12.4,243.9,-39.2,0.7,-1.0,RS41-SG,402.000,9.5,187,10,2.7,-1,08015D86E5801579119A014D
2023-09-04T14:54:13.001Z,T4240661,6762,46.77827,6.55464,34311.3,4.8,14.5,239.9,-39.2,0.8,-1.0,RS41-SG,402.000,11.1,187,10,2.7,-1,08015E9AD8800D6A119A012B
2023-09-04T14:54:14.001Z,T4240661,6763,46.77820,6.55447,34316.3,4.9,16.0,236.8,-39.2,0.8,-1.0,RS41-SG,402.000,11.1,187,10,2.7,-1,08015F4A4480090311970126
2023-09-04T14:54:15.001Z,T4240661,6764,46.77812,6.55430,34321.2,5.2,16.3,235.1,-39.3,0.8,-1.0,RS41-SG,402.000,11.0,187,10,2.7,-1,08015FF0258009881199014D
2023-09-04T14:54:19.001Z,T4240661,6768,46.77785,6.55376,34345.9,6.1,7.6,243.1,-39.4,0.8,-1.0,RS41-SG,402.000,11.1,187,10,2.6,-1,08015FD120800A34119A0151
2023-09-04T14:54:20.001Z,T4240661,6769,46.77783,6.55368,34351.5,5.5,5.3,258.2,-39.4,0.8,-1.0,RS41-SG,402.000,12.2,187,10,2.7,-1,08015F1A99800BDB119A0150
2023-09-04T14:54:21.001Z,T4240661,6770,46.77783,6.55362,34356.5,4.6,4.2,280.3,-39.3,0.8,-1.0,RS41-SG,402.000,12.2,187,10,2.7,-1,08015E3B2F800F4810D00139
2023-09-04T14:54:24.001Z,T4240661,6773,46.77789,6.55346,34371.6,5.8,5.5,295.6,-39.7,0.7,-1.0,RS41-SG,402.000,9.0,187,10,2.7,-1,08015E4F79800A95118B0147
2023-09-04T14:54:25.001Z,T4240661,6774,46.77790,6.55339,34377.5,6.1,6.7,280.3,-39.7,0.8,-1.0,RS41-SG,402.000,10.5,187,10,2.7,-1,08015F5F5080080A118D014F
2023-09-04T14:54:27.001Z,T4240661,6776,46.77789,6.55316,34389.8,5.8,11.2,255.0,-39.5,0.8,-1.0,RS41-SG,402.000,11.5,187,10,2.6,-1,080160C2EF8001CC118B014F
2023-09-04T14:54:31.001Z,T4240661,6780,46.77769,6.55249,34411.2,6.0,14.3,244.2,-39.8,0.8,-1.0,RS41-SG,402.000,10.1,187,10,2.7,-1,08015F7A158008FF118F014E
2023-09-04T14:54:32.001Z,T4240661,6781,46.77764,6.55233,34417.4,6.4,12.7,246.4,-39.8,0.8,-1.0,RS41-SG,402.000,11.7,187,10,2.7,-1,08015F31DF800651118C0126
2023-09-04T14:54:33.001Z,T4240661,6782,46.77760,6.55220,34423.8,6.3,10.4,250.1,-39.8,0.8,-1.0,RS41-SG,402.000,12.6,187,10,2.7,-1,08015F3DAB8004B9118D014E
2023-09-04T14:54:37.001Z,T4240661,6786,46.77760,6.55190,34447.0,4.4,3.9,322.8,-40.0,0.8,-1.0,RS41-SG,402.000,10.8,187,10,2.7,-1,08015D7269800AA61199014D
2023-09-04T14:54:38.001Z,T4240661,6787,46.77764,6.55187,34451.6,4.8,4.4,329.2,-40.0,0.8,-1.0,RS41-SG,402.000,12.3,187,10,2.7,-1,08015DF9CD8007BE1197014E
2023-09-04T14:54:39.001Z,T4240661,6788,46.77767,6.55184,34456.5,5.3,4.2,317.1,-39.9,0.8,-1.0,RS41-SG,402.000,12.3,187,10,2.7,-1,08015F29DF80008B119A0128
2023-09-04T14:54:43.001Z,T4240661,6792,46.77767,6.55151,34479.7,5.5,10.8,252.8,-40.3,0.8,-1.0,RS41-SG,402.000,11.3,187,10,2.6,-1,08015F9A998007A81199014C
2023-09-04T14:54:44.001Z,T4240661,6793,46.77764,6.55136,34485.1,5.0,12.7,249.8,-40.2,0.8,-1.0,RS41-SG,402.000,12.4,187,10,2.6,-1,0801604E8A7FFFC111990132
2023-09-04T14:54:45.001Z,T4240661,6794,46.77760,6.55120,34490.4,5.5,13.8,247.6,-40.2,0.8,-1.0,RS41-SG,402.000,12.4,187,9,2.7,-1,08016043D97FFDAA119A0149
2023-09-04T14:54:50.001Z,T4240661,6799,46.77745,6.55057,34524.7,6.2,4.6,275.1,-40.3,0.8,-1.0,RS41-SG,402.000,12.2,187,10,2.7,-1,08015F38D37FFDDD119C0127
2023-09-04T14:54:51.001Z,T4240661,6800,46.77746,6.55052,34530.1,4.8,3.6,303.1,-40.2,0.8,-1.0,RS41-SG,402.000,12.2,187,10,2.6,-1,08015E8F218000D3119A014D
2023-09-04T14:54:52.001Z,T4240661,6801,46.77748,6.55049,34534.7,4.2,3.6,330.5,-40.2,0.8,-1.0,RS41-SG,402.000,12.0,187,10,2.6,-1,08015E13D48002EC119B012F
2023-09-04T14:54:55.001Z,T4240661,6804,46.77757,6.55042,34549.3,5.8,4.6,316.7,-40.6,0.8,-1.0,RS41-SG,402.000,9.1,187,10,2.7,-1,08015F960B7FF976119B0128
2023-09-04T14:54:57.001Z,T4240661,6806,46.77761,6.55028,34561.5,6.2,7.2,277.7,-40.4,0.8,-1.0,RS41-SG,402.000,12.6,187,10,2.7,-1,08016021EA7FEFF5119B0150
2023-09-04T14:54:58.001Z,T4240661,6807,46.77762,6.55018,34567.5,5.7,8.9,267.3,-40.4,0.8,-1.0,RS41-SG,402.000,12.6,187,10,2.7,-1,080160C0657FEEF4119A0150
2023-09-04T14:55:02.001Z,T4240661,6811,46.77755,6.54967,34589.6,6.2,8.8,258.5,-40.6,0.8,-1.0,RS41-SG,402.000,11.1,187,10,2.7,-1,08015F98C77FEB600DC20148
2023-09-04T14:55:03.001Z,T4240661,6812,46.77754,6.54957,34596.0,6.5,7.0,264.1,-40.6,0.8,-1.0,RS41-SG,402.000,11.9,187,10,2.7,-1,08015FE6D37FEB680DC2013B
2023-09-04T14:55:04.001Z,T4240661,6813,46.77754,6.54949,34602.6,6.6,4.9,278.4,-40.5,0.8,-1.0,RS41-SG,402.000,11.9,187,10,2.6,-1,08016049EE7FEC36118E014E
2023-09-04T14:55:07.001Z,T4240661,6816,46.77761,6.54940,34619.9,4.9,4.8,357.9,-40.8,0.8,-1.0,RS41-SG,402.000,9.0,187,10,2.7,-1,08015FE6177FFA30118F014E
2023-09-04T14:55:08.001Z,T4240661,6817,46.77766,6.54940,34624.9,5.4,5.2,358.0,-40.9,0.8,-1.0,RS41-SG,402.000,11.4,187,10,2.7,-1,08015F8F687FFBA4118D0129
2023-09-04T14:55:09.001Z,T4240661,6818,46.77770,6.54939,34630.4,5.9,5.1,347.5,-40.8,0.8,-1.0,RS41-SG,402.000,12.9,187,10,2.7,-1,08015FCED57FFAF4118F014E
2023-09-04T14:55:10.001Z,T4240661,6819,46.77774,6.54937,34636.4,6.1,4.9,326.7,-40.7,0.8,-1.0,RS41-SG,402.000,12.9,187,10,2.7,-1,0801603F4A7FFABE118F0150
2023-09-04T14:55:14.001Z,T4240661,6823,46.77778,6.54903,34660.6,5.2,9.8,259.7,-41.0,0.8,-1.0,RS41-SG,402.000,11.0,187,10,2.7,-1,08015F6CFF7FFD22118D0149
2023-09-04T14:55:15.001Z,T4240661,6824,46.77776,6.54890,34665.7,5.2,10.5,256.1,-41.0,0.8,-1.0,RS41-SG,402.000,12.1,187,10,2.7,-1,0801603FD17FF89B118F014D#080160A8BB7FF619118F012B
2023-09-04T14:55:16.001Z,T4240661,6825,46.77773,6.54877,34671.1,5.6,10.1,254.2,-41.0,0.9,-1.0,RS41-SG,402.000,12.1,187,10,2.7,-1,08016109AE7FF657118F014B
2023-09-04T14:55:20.001Z,T4240661,6829,46.77768,6.54846,34695.0,5.4,1.7,294.5,-41.1,0.8,-1.0,RS41-SG,402.000,9.9,187,10,2.6,-1,08015FDA377FF7F6119A014E
2023-09-04T14:55:21.001Z,T4240661,6830,46.77770,6.54845,34700.4,5.2,2.2,6.7,-41.0,0.8,-1.0,RS41-SG,402.000,10.8,187,10,2.7,-1,08015FA1267FFAC4119B014D
2023-09-04T14:55:22.001Z,T4240661,6831,46.77772,6.54846,34705.5,5.1,3.1,30.6,-40.9,0.8,-1.0,RS41-SG,402.000,10.8,187,9,2.7,-1,08015F080E7FFDF1119A014D
2023-09-04T14:55:26.001Z,T4240661,6835,46.77779,6.54852,34728.0,6.2,1.5,277.2,-41.1,0.8,-1.0,RS41-SG,402.000,10.5,187,10,2.6,-1,08015F28877FFEDB119B0127
2023-09-04T14:55:27.001Z,T4240661,6836,46.77778,6.54849,34734.3,6.1,4.3,254.0,-41.0,0.8,-1.0,RS41-SG,402.000,10.5,187,10,2.7,-1,0801602DB17FF9B91199014A
2023-09-04T14:55:28.001Z,T4240661,6837,46.77777,6.54842,34740.2,5.9,7.3,248.9,-40.9,0.8,-1.0,RS41-SG,402.000,11.6,187,10,2.7,-1,08016159E77FF87F119C014D
2023-09-04T14:55:33.001Z,T4240661,6842,46.77760,6.54778,34767.7,6.2,9.1,254.7,-40.9,0.8,-1.0,RS41-SG,402.000,9.5,187,10,2.6,-1,08016078E480052D119B014D
2023-09-04T14:55:34.001Z,T4240661,6843,46.77758,6.54768,34774.0,6.5,6.7,260.6,-40.9,0.8,-1.0,RS41-SG,402.000,11.3,187,9,2.6,-1,0801609D0C800241119C0129
2023-09-04T14:55:39.001Z,T4240661,6848,46.77763,6.54764,34801.7,5.4,3.4,55.7,-40.9,0.8,-1.0,RS41-SG,402.000,9.5,187,10,2.7,-1,08016027A780010A119B014F
2023-09-04T14:55:40.001Z,T4240661,6849,46.77765,6.54767,34807.4,6.1,2.2,59.0,-40.8,0.8,-1.0,RS41-SG,402.000,10.2,187,10,2.7,-1,08016066FD8000E3119B014F
2023-09-04T14:55:46.001Z,T4240661,6855,46.77749,6.54730,34841.9,4.8,12.4,237.5,-41.1,0.8,-1.0,RS41-SG,402.000,10.3,187,10,2.7,-1,08015F50F780093C118F014F
2023-09-04T14:55:47.001Z,T4240661,6856,46.77742,6.54716,34847.1,5.4,12.6,235.1,-41.1,0.8,-1.0,RS41-SG,402.000,10.3,187,10,2.7,-1,08015FAF5D800141118E012A
2023-09-04T14:55:52.001Z,T4240661,6861,46.77714,6.54680,34876.7,5.7,3.8,176.1,-41.0,0.8,-1.0,RS41-SG,402.000,11.0,187,10,2.7,-1,080160595B7FFB64118F014E
2023-09-04T14:55:53.001Z,T4240661,6862,46.77712,6.54681,34882.1,5.4,3.2,147.0,-40.9,0.8,-1.0,RS41-SG,402.000,11.0,187,10,2.7,-1,08016021637FFD22118F0126
2023-09-04T14:55:58.001Z,T4240661,6867,46.77709,6.54679,34910.7,5.5,5.6,277.8,-41.1,0.8,-1.0,RS41-SG,402.000,9.4,187,10,2.6,-1,08016002797FFECD119C014C
2023-09-04T14:55:59.001Z,T4240661,6868,46.77710,6.54670,34916.2,5.3,8.4,272.9,-41.0,0.8,-1.0,RS41-SG,402.000,11.3,187,10,2.6,-1,080160BAC87FFBA41199014D
2023-09-04T14:56:00.001Z,T4240661,6869,46.77710,6.54657,34921.6,5.6,11.1,268.2,-40.9,0.8,-1.0,RS41-SG,402.000,11.3,187,10,2.7,-1,08015FBA5D7FFE7E11990145
2023-09-04T14:56:05.001Z,T4240661,6874,46.77695,6.54579,34952.4,6.2,10.7,233.0,-41.0,0.8,-1.0,RS41-SG,402.000,10.7,187,10,2.7,-1,0801604AA18001F011980126
2023-09-04T14:56:06.001Z,T4240661,6875,46.77689,6.54570,34958.5,6.0,9.2,217.9,-40.9,0.8,-1.0,RS41-SG,402.000,10.7,187,10,2.6,-1,080160B7057FFE7211A0014C
2023-09-04T14:56:11.001Z,T4240661,6880,46.77661,6.54569,34987.3,6.5,3.3,154.1,-40.7,0.8,-1.0,RS41-SG,402.000,9.5,187,10,2.6,-1,0801601D3580051F119C0124
2023-09-04T14:56:12.001Z,T4240661,6881,46.77659,6.54570,34993.9,6.6,1.4,210.6,-40.5,0.8,-1.0,RS41-SG,402.000,9.5,187,10,2.6,-1,08015F6A2580040D119B014B
2023-09-04T14:56:13.001Z,T4240661,6882,46.77658,6.54567,35000.5,6.7,3.7,277.1,-40.4,0.8,-1.0,RS41-SG,402.000,9.6,187,10,2.7,-1,08015FEA738004CC119B0127
2023-09-04T14:56:17.001Z,T4240661,6886,46.77664,6.54517,35022.3,4.7,14.1,275.6,-40.7,0.8,-1.0,RS41-SG,402.000,10.9,187,10,2.7,-1,08015F885B801423119D014A
2023-09-04T14:56:18.001Z,T4240661,6887,46.77665,6.54499,35027.4,5.3,14.4,270.1,-40.6,0.8,-1.0,RS41-SG,402.000,13.2,187,10,2.7,-1,08015FF79180091A119B014D
2023-09-04T14:56:19.001Z,T4240661,6888,46.77664,6.54480,35032.9,5.7,13.9,262.9,-40.5,0.8,-1.0,RS41-SG,402.000,13.2,187,10,2.6,-1,0801621E327FF846119B0147
2023-09-04T14:56:20.001Z,T4240661,6889,46.77662,6.54464,35038.7,5.8,12.6,253.4,-40.5,0.8,-1.0,RS41-SG,402.000,12.1,187,10,2.6,-1,080162AE217FF0C20F2C0146
2023-09-04T14:56:23.001Z,T4240661,6892,46.77647,6.54433,35055.1,5.1,7.9,205.6,-40.3,0.7,-1.0,RS41-SG,402.000,7.2,187,10,2.7,-1,08016286F97FEC5D118F014E
2023-09-04T14:56:24.001Z,T4240661,6893,46.77640,6.54430,35060.3,5.1,7.2,190.2,-40.2,0.8,-1.0,RS41-SG,402.000,11.5,187,10,2.7,-1,080162084D7FEE561190014E
2023-09-04T14:56:25.001Z,T4240661,6894,46.77634,6.54429,35065.4,5.3,6.7,179.5,-40.1,0.8,-1.0,RS41-SG,402.000,13.1,187,10,2.7,-1,080160E9757FF100118F014D
2023-09-04T14:56:26.001Z,T4240661,6895,46.77628,6.54429,35071.0,6.1,5.8,180.5,-40.1,0.8,-1.0,RS41-SG,402.000,13.1,187,10,2.7,-1,08016034E97FF31A118E012E
2023-09-04T14:56:30.001Z,T4240661,6899,46.77615,6.54408,35097.4,6.1,10.0,257.7,-40.3,0.8,-1.0,RS41-SG,402.000,11.0,187,10,2.7,-1,080161B2167FF849118F014A
2023-09-04T14:56:31.001Z,T4240661,6900,46.77613,6.54393,35103.2,5.5,13.2,261.6,-40.1,0.8,-1.0,RS41-SG,402.000,12.9,187,10,2.7,-1,080161CFF37FF93A118F014E
2023-09-04T14:56:32.001Z,T4240661,6901,46.77611,6.54375,35108.3,4.9,15.5,261.9,-40.1,0.8,-1.0,RS41-SG,402.000,12.9,187,10,2.7,-1,08016217B17FFA14118D014D
2023-09-04T14:56:37.001Z,T4240661,6906,46.77597,6.54278,35135.5,5.6,11.1,249.0,-40.3,0.8,-1.0,RS41-SG,402.000,11.2,187,10,2.6,-1,080161D1537FF0E1119E0149
2023-09-04T14:56:38.001Z,T4240661,6907,46.77593,6.54266,35140.9,5.3,8.5,241.2,-40.2,0.8,-1.0,RS41-SG,402.000,11.2,187,10,2.7,-1,080162637F7FECCC119C014D
2023-09-04T14:56:39.001Z,T4240661,6908,46.77590,6.54258,35146.2,5.2,6.2,230.3,-40.1,0.7,-1.0,RS41-SG,402.000,11.6,187,10,2.7,-1,080162E0367FEBEB119A0126
2023-09-04T14:56:43.001Z,T4240661,6912,46.77577,6.54245,35168.0,6.2,4.3,223.0,-40.5,0.7,-1.0,RS41-SG,402.000,9.7,187,10,2.7,-1,080161EDAB7FF439119B014B
2023-09-04T14:56:44.001Z,T4240661,6913,46.77575,6.54240,35174.3,6.0,6.1,239.2,-40.4,0.7,-1.0,RS41-SG,402.000,10.4,187,10,2.7,-1,080161BACA7FF0FD119B0127
2023-09-04T14:56:45.001Z,T4240661,6914,46.77572,6.54231,35180.2,5.6,8.7,246.9,-40.2,0.8,-1.0,RS41-SG,402.000,11.4,187,10,2.6,-1,0801627A357FEBE4119B0124
2023-09-04T14:56:46.001Z,T4240661,6915,46.77568,6.54219,35185.6,5.3,11.6,251.6,-40.2,0.8,-1.0,RS41-SG,402.000,11.4,187,10,2.6,-1,08016361407FE4B8119A014B
2023-09-04T14:56:52.001Z,T4240661,6921,46.77551,6.54096,35215.3,-4.1,16.9,262.6,-39.6,0.7,-1.0,RS41-SG,402.000,11.7,187,10,2.7,-1,08016217517FEF42119C0129
2023-09-04T14:56:53.001Z,T4240661,6922,46.77549,6.54074,35206.6,-13.7,16.9,262.2,-39.7,0.7,-1.0,RS41-SG,402.000,10.8,187,9,2.6,-1,0801632BDB7FF599119B0149
2023-09-04T14:56:59.001Z,T4240661,6928,46.77540,6.53968,34982.0,-49.5,3.3,261.1,-39.8,0.7,-1.0,RS41-SG,402.000,9.0,187,10,2.7,-1,0801573408806C23119D014F
2023-09-04T14:57:00.001Z,T4240661,6929,46.77540,6.53966,34931.2,-52.0,0.6,208.8,-40.2,0.7,-1.0,RS41-SG,402.000,11.0,187,10,2.7,-1,080156DECF8077380D7A0143
2023-09-04T14:57:01.001Z,T4240661,6930,46.77539,6.53966,34879.8,-50.8,1.3,129.9,-40.3,0.8,-1.0,RS41-SG,402.000,12.2,187,10,2.7,-1,08015602D880832B0D7A0149
2023-09-04T14:57:02.001Z,T4240661,6931,46.77538,6.53967,34829.8,-49.1,1.6,140.3,-40.0,0.7,-1.0,RS41-SG,402.000,12.2,187,10,2.6,-1,0801551096808C5D0D7B0149
2023-09-04T14:57:03.001Z,T4240661,6932,46.77537,6.53968,34779.2,-52.3,1.8,195.9,-39.7,0.7,-1.0,RS41-SG,402.000,12.0,187,10,2.6,-1,0801547FE78096BE118F014F
2023-09-04T14:57:05.001Z,T4240661,6934,46.77533,6.53960,34679.5,-47.4,6.4,243.2,-40.6,0.8,-1.0,RS41-SG,402.000,9.7,187,10,2.7,-1,08015297C980B2A5118F0151
2023-09-04T14:57:06.001Z,T4240661,6935,46.77530,6.53951,34632.7,-46.7,7.7,251.9,-40.1,0.7,-1.0,RS41-SG,402.000,11.5,187,10,2.7,-1,080152FDFD80B2C8118F0151
2023-09-04T14:57:07.001Z,T4240661,6936,46.77528,6.53941,34585.3,-48.2,8.1,255.2,-39.5,0.7,-1.0,RS41-SG,402.000,11.7,187,10,2.7,-1,080152A31880B40A118F014F
2023-09-04T14:57:08.001Z,T4240661,6937,46.77527,6.53931,34536.2,-50.3,8.3,259.8,-39.4,0.7,-1.0,RS41-SG,402.000,11.7,187,10,2.7,-1,0801521CFC80B90F118E0150
2023-09-04T14:57:11.001Z,T4240661,6940,46.77527,6.53903,34380.2,-51.3,5.9,285.9,-38.5,0.7,-1.0,RS41-SG,402.000,8.4,187,10,2.6,-1,08014F13CC80C6ED1190014D
2023-09-04T14:57:12.001Z,T4240661,6941,46.77528,6.53896,34329.8,-49.8,5.3,299.0,-38.6,0.7,-1.0,RS41-SG,402.000,10.1,187,10,2.7,-1,08014EC12680C9D6118F0150
2023-09-04T14:57:15.001Z,T4240661,6944,46.77534,6.53878,34180.3,-50.3,5.1,282.0,-37.6,0.6,-1.0,RS41-SG,402.000,8.2,187,10,2.7,-1,08014B58FC80D957119B012C
2023-09-04T14:57:19.001Z,T4240661,6948,46.77528,6.53841,33982.5,-49.7,9.9,242.9,-38.0,0.6,-1.0,RS41-SG,402.000,8.6,187,10,2.6,-1,080149B96D80DF2C119C0151
2023-09-04T14:57:20.001Z,T4240661,6949,46.77524,6.53829,33932.8,-49.7,11.5,241.8,-37.9,0.6,-1.0,RS41-SG,402.000,8.9,187,10,2.6,-1,080148EF9180D986119A0152
2023-09-04T14:57:23.001Z,T4240661,6952,46.77507,6.53786,33780.2,-52.4,13.2,239.4,-38.5,0.7,-1.0,RS41-SG,402.000,8.2,187,10,2.7,-1,080146C09E80D8E5119A0152
2023-09-04T14:57:29.001Z,T4240661,6958,46.77487,6.53726,33480.9,-49.2,3.0,256.9,-37.9,0.7,-1.0,RS41-SG,402.000,9.8,187,10,2.7,-1,080142EB4A80D116119B0150
2023-09-04T14:57:32.001Z,T4240661,6961,46.77487,6.53719,33332.1,-49.7,1.3,309.7,-37.8,0.7,-1.0,RS41-SG,402.000,11.0,187,10,2.7,-1,0801416F7480CF2711990153
2023-09-04T14:57:34.001Z,T4240661,6963,46.77488,6.53714,33236.0,-46.9,2.9,261.7,-38.5,0.7,-1.0,RS41-SG,402.000,10.6,187,10,2.7,-1,080140AAD680D206119D0152
2023-09-04T14:57:38.001Z,T4240661,6967,46.77481,6.53686,33047.3,-47.2,9.5,243.0,-39.6,0.8,-1.0,RS41-SG,402.000,9.7,187,10,2.7,-1,08013EDD1D80C71B119A0152
2023-09-04T14:57:40.001Z,T4240661,6969,46.77472,6.53663,32953.5,-47.0,11.1,240.2,-40.0,0.8,-1.0,RS41-SG,402.000,9.6,187,10,2.7,-1,08013EBE4080C3FB0D6D014A
2023-09-04T14:57:42.001Z,T4240661,6971,46.77463,6.53640,32861.0,-44.1,9.7,237.2,-40.1,0.8,-1.0,RS41-SG,402.000,10.0,187,10,2.7,-1,08013DF8AF80C0860D6B0151
2023-09-04T14:57:44.001Z,T4240661,6973,46.77455,6.53621,32773.6,-44.0,7.6,233.8,-40.2,0.8,-1.0,RS41-SG,402.000,10.9,187,10,2.6,-1,08013D9EAB80BE55118F0152
2023-09-04T14:57:46.001Z,T4240661,6975,46.77447,6.53607,32683.3,-46.0,7.0,227.2,-40.8,0.9,-1.0,RS41-SG,402.000,10.3,187,10,2.7,-1,08013D88E380BC43118F0153
2023-09-04T14:57:48.001Z,T4240661,6977,46.77438,6.53596,32591.5,-44.4,7.2,217.4,-42.1,0.9,-1.0,RS41-SG,402.000,10.3,187,10,2.7,-1,08013CCA4680B98F11900152
2023-09-04T14:57:50.001Z,T4240661,6979,46.77427,6.53586,32503.1,-43.9,8.1,210.6,-43.3,1.0,-1.0,RS41-SG,402.000,10.4,187,10,2.7,-1,08013BE50080B93E118F0152
2023-09-04T14:57:52.001Z,T4240661,6981,46.77414,6.53575,32416.0,-43.9,8.4,207.9,-43.7,1.0,-1.0,RS41-SG,402.000,9.6,187,10,2.7,-1,08013C479B80B4DB118F0153
2023-09-04T14:57:59.001Z,T4240661,6988,46.77382,6.53549,32110.2,-43.2,3.5,216.6,-43.3,0.9,-1.0,RS41-SG,402.000,11.3,187,10,2.7,-1,08013B175180ACEC119B0153
2023-09-04T14:58:00.001Z,T4240661,6989,46.77380,6.53547,32067.9,-41.5,2.0,201.3,-43.4,0.9,-1.0,RS41-SG,402.000,11.3,187,10,2.7,-1,08013B33F080ACC8119C0154
2023-09-04T14:58:02.001Z,T4240661,6991,46.77377,6.53544,31983.0,-43.8,1.6,208.8,-43.6,0.9,-1.0,RS41-SG,402.000,11.3,187,10,2.6,-1,08013AB43680A97A119B0153
2023-09-04T14:58:03.001Z,T4240661,6992,46.77376,6.53542,31938.8,-44.4,1.8,240.8,-43.6,0.9,-1.0,RS41-SG,402.000,11.6,187,10,2.7,-1,08013AA30480A7C911A00153
2023-09-04T14:58:04.001Z,T4240661,6993,46.77376,6.53540,31894.2,-44.5,1.3,235.4,-43.8,0.9,-1.0,RS41-SG,402.000,11.6,187,10,2.7,-1,08013AB8C280A88F119A0153
2023-09-04T14:58:05.001Z,T4240661,6994,46.77375,6.53538,31849.5,-44.4,2.1,262.3,-43.7,0.9,-1.0,RS41-SG,402.000,13.8,187,10,2.7,-1,08013AA74C80A5E5119C0152
2023-09-04T14:58:07.001Z,T4240661,6996,46.77376,6.53533,31760.0,-44.7,2.9,288.9,-43.4,0.9,-1.0,RS41-SG,402.000,12.4,187,10,2.7,-1,08013AA41880A453119B0155
2023-09-04T14:58:09.001Z,T4240661,6998,46.77379,6.53526,31674.1,-39.7,3.9,304.4,-43.1,0.8,-1.0,RS41-SG,402.000,12.7,187,10,2.7,-1,08013A288A80A33C119D0153
2023-09-04T14:58:11.001Z,T4240661,7000,46.77384,6.53516,31593.4,-41.0,4.7,302.5,-43.7,0.9,-1.0,RS41-SG,402.000,13.0,187,10,2.6,-1,08013A705E80A10F119B0154
2023-09-04T14:58:12.001Z,T4240661,7001,46.77387,6.53510,31552.1,-41.2,6.0,297.4,-44.0,0.9,-1.0,RS41-SG,402.000,13.0,187,10,2.7,-1,08013A493C80A07C119C0155
2023-09-04T14:58:14.001Z,T4240661,7003,46.77390,6.53497,31469.4,-41.9,6.2,276.2,-44.9,1.0,-1.0,RS41-SG,402.000,11.1,187,10,2.7,-1,080139ACFC809ECE119D0153
2023-09-04T14:58:16.001Z,T4240661,7005,46.77390,6.53481,31385.2,-44.0,6.1,253.5,-45.0,1.0,-1.0,RS41-SG,402.000,13.2,187,10,2.7,-1,080139C9B2809A76119B0153
2023-09-04T14:58:19.001Z,T4240661,7008,46.77380,6.53455,31254.8,-41.8,9.1,237.2,-45.3,1.0,-1.0,RS41-SG,402.000,9.1,187,10,2.7,-1,08013981E48096960D64014C
2023-09-04T14:58:21.001Z,T4240661,7010,46.77372,6.53436,31169.8,-43.3,8.8,238.3,-45.7,1.0,-1.0,RS41-SG,402.000,12.5,187,9,2.7,-1,0801395F658094F50D61014C
2023-09-04T14:58:22.001Z,T4240661,7011,46.77368,6.53427,31125.7,-44.4,7.6,243.0,-45.6,1.0,-1.0,RS41-SG,402.000,12.5,187,10,2.7,-1,08013916A08093B3118F0153
2023-09-04T14:58:24.001Z,T4240661,7013,46.77364,6.53411,31036.6,-43.5,5.7,256.0,-45.6,1.0,-1.0,RS41-SG,402.000,10.8,187,10,2.6,-1,08013999C98091EA11900152
2023-09-04T14:58:25.001Z,T4240661,7014,46.77363,6.53405,30993.9,-41.6,4.1,269.0,-46.3,1.0,-1.0,RS41-SG,402.000,10.8,187,10,2.7,-1,0801392FDE809086118F0152
2023-09-04T14:58:28.001Z,T4240661,7017,46.77364,6.53397,30877.2,-38.5,1.7,300.1,-46.1,1.0,-1.0,RS41-SG,402.000,10.7,187,10,2.7,-1,0801391F63808C48118F0153
2023-09-04T14:58:31.001Z,T4240661,7020,46.77367,6.53392,30762.1,-38.0,3.4,285.9,-46.3,1.0,-1.0,RS41-SG,402.000,11.2,187,10,2.7,-1,08013919048090E1118F0153
2023-09-04T14:58:32.001Z,T4240661,7021,46.77367,6.53387,30723.8,-38.3,4.1,274.0,-46.2,1.0,-1.0,RS41-SG,402.000,11.4,187,10,2.6,-1,080138FE96808CD6118F0153
2023-09-04T14:58:34.001Z,T4240661,7023,46.77366,6.53370,30644.9,-40.9,9.1,259.4,-46.0,1.0,-1.0,RS41-SG,402.000,11.6,187,10,2.7,-1,080138CDF0808DFA11960152
2023-09-04T14:58:35.001Z,T4240661,7024,46.77364,6.53357,30605.1,-38.6,11.8,257.2,-45.7,0.9,-1.0,RS41-SG,402.000,11.6,187,10,2.7,-1,080138C8D8808B33119B0153
2023-09-04T14:58:37.001Z,T4240661,7026,46.77357,6.53323,30528.6,-36.8,16.1,252.9,-46.0,1.0,-1.0,RS41-SG,402.000,11.0,187,10,2.7,-1,080138D5E080863E119A0155
2023-09-04T14:58:40.001Z,T4240661,7029,46.77346,6.53257,30417.2,-37.9,18.1,258.1,-45.2,0.9,-1.0,RS41-SG,402.000,11.7,187,10,2.6,-1,0801386D2B807DDA119C0154
2023-09-04T14:58:45.001Z,T4240661,7034,46.77342,6.53180,30232.2,-36.1,5.1,286.9,-44.0,0.8,-1.0,RS41-SG,402.000,11.6,187,10,2.7,-1,0801381709807746119D0153
2023-09-04T14:58:48.001Z,T4240661,7037,46.77348,6.53174,30123.9,-35.7,2.6,359.4,-44.2,0.8,-1.0,RS41-SG,402.000,10.6,187,10,2.7,-1,0801386098807557119C0155
2023-09-04T14:58:58.001Z,T4240661,7047,46.77323,6.53087,29762.7,-35.3,17.3,239.1,-45.4,1.0,-1.0,RS41-SG,402.000,10.3,187,11,2.7,-1,0801382A84806D05119C0153
2023-09-04T14:59:02.001Z,T4240661,7051,46.77290,6.53025,29623.2,-36.5,12.2,222.2,-46.3,1.0,-1.0,RS41-SG,402.000,8.8,187,11,2.6,-1,080137FE328064D0118F0154
2023-09-04T14:59:06.001Z,T4240661,7055,46.77262,6.53007,29469.1,-37.6,6.2,178.0,-47.3,1.1,-1.0,RS41-SG,402.000,10.1,187,11,2.7,-1,080137A8BA8060C4118F0153
2023-09-04T14:59:11.001Z,T4240661,7060,46.77234,6.53004,29293.5,-34.6,6.8,209.1,-47.3,1.1,-1.0,RS41-SG,402.000,9.9,187,11,2.6,-1,080137C85B805F44118F0153
2023-09-04T14:59:14.001Z,T4240661,7063,46.77215,6.52980,29188.4,-34.6,12.2,228.8,-47.7,1.1,-1.0,RS41-SG,402.000,9.4,187,11,2.7,-1,080137D470805A62119B0154
2023-09-04T14:59:15.001Z,T4240661,7064,46.77208,6.52968,29154.1,-33.6,12.3,231.0,-47.6,1.0,-1.0,RS41-SG,402.000,10.2,187,11,2.7,-1,080137D0A78057C9119E0154
2023-09-04T14:59:18.001Z,T4240661,7067,46.77184,6.52935,29053.0,-33.0,11.8,217.9,-48.3,1.1,-1.0,RS41-SG,402.000,8.9,187,11,2.7,-1,0801379F91805316119D0155
2023-09-04T14:59:24.001Z,T4240661,7073,46.77146,6.52921,28855.6,-31.6,2.0,203.1,-50.1,1.3,-1.0,RS41-SG,402.000,9.4,187,11,2.7,-1,080137B8F7804CD8119B0155
2023-09-04T14:59:30.001Z,T4240661,7079,46.77163,6.52890,28648.7,-33.6,10.3,302.2,-50.5,1.3,-1.0,RS41-SG,402.000,9.4,187,11,2.7,-1,0801378325804872119B0155
2023-09-04T14:59:57.001Z,T4240661,7106,46.77180,6.52803,27778.5,-32.0,1.7,22.6,-49.8,1.1,-1.0,RS41-SG,402.000,9.2,187,11,2.7,-1,0801379FF4802599119C0154
2023-09-04T15:00:53.001Z,T4240661,7162,46.77074,6.52903,26106.2,-27.3,3.2,254.6,-51.8,1.1,-1.0,RS41-SG,402.000,9.4,187,10,2.7,-1,08013B2E2B7FE9BE11990153
