timestamp,serial,frame,lat,lon,alt,vel_v,vel_h,heading,temp,humidity,pressure,type,freq_mhz,snr,f_error_hz,sats,batt_v,burst_timer,aux_data
2023-08-12T00:55:54.999Z,T4250300,8381,46.90660,7.12292,34351.7,5.0,21.5,248.7,-273.0,-1.0,-1.0,RS41,404.500,12.5,0,8,2.6,-1,-1
2023-08-12T00:55:55.999Z,T4250300,8382,46.90653,7.12266,34356.9,5.7,21.0,248.4,-273.0,-1.0,-1.0,RS41,404.500,12.2,0,8,2.6,-1,-1
2023-08-12T00:55:56.999Z,T4250300,8383,46.90646,7.12241,34362.7,6.0,19.3,249.6,-273.0,-1.0,-1.0,RS41,404.500,11.1,0,7,2.6,-1,-1
2023-08-12T00:55:57.999Z,T4250300,8384,46.90641,7.12219,34368.4,5.5,17.1,252.1,-273.0,-1.0,-1.0,RS41,404.500,12.1,0,8,2.6,-1,-1
2023-08-12T00:55:58.999Z,T4250300,8385,46.90637,7.12199,34373.4,4.6,14.5,256.1,-273.0,-1.0,-1.0,RS41,404.500,12.1,0,8,2.6,-1,-1
2023-08-12T00:55:59.999Z,T4250300,8386,46.90634,7.12182,34377.9,3.9,12.2,259.6,-273.0,-1.0,-1.0,RS41,404.500,11.4,0,8,2.6,-1,-1
2023-08-12T00:56:00.999Z,T4250300,8387,46.90633,7.12168,34381.8,3.8,10.0,262.1,-273.0,-1.0,-1.0,RS41,404.500,12.3,0,8,2.6,-1,-1
2023-08-12T00:56:01.999Z,T4250300,8388,46.90632,7.12156,34386.0,4.4,8.8,260.5,-273.0,-1.0,-1.0,RS41,404.500,12.3,0,8,2.6,-1,-1
2023-08-12T00:56:02.999Z,T4250300,8389,46.90630,7.12144,34390.7,5.2,9.0,253.3,-273.0,-1.0,-1.0,RS41,404.500,12.1,0,8,2.6,-1,-1
2023-08-12T00:56:03.999Z,T4250300,8390,46.90627,7.12132,34396.4,6.1,10.7,244.5,-273.0,-1.0,-1.0,RS41,404.500,11.8,0,8,2.6,-1,-1
2023-08-12T00:56:04.999Z,T4250300,8391,46.90622,7.12118,34402.2,5.8,13.7,240.4,-273.0,-1.0,-1.0,RS41,404.500,11.7,0,8,2.6,-1,-1
2023-08-12T00:56:05.999Z,T4250300,8392,46.90615,7.12101,34407.9,4.9,16.9,238.7,-273.0,-1.0,-1.0,RS41,404.500,11.7,0,8,2.6,-1,-1
2023-08-12T00:56:06.999Z,T4250300,8393,46.90606,7.12081,34412.8,4.3,19.9,238.9,-273.0,-1.0,-1.0,RS41,404.500,11.9,0,8,2.5,-1,-1
2023-08-12T00:56:07.999Z,T4250300,8394,46.90597,7.12057,34417.1,4.3,22.2,240.8,-273.0,-1.0,-1.0,RS41,404.500,12.4,0,8,2.6,-1,-1
2023-08-12T00:56:08.999Z,T4250300,8395,46.90587,7.12031,34422.0,5.2,23.0,244.4,-273.0,-1.0,-1.0,RS41,404.500,12.4,0,8,2.6,-1,-1
2023-08-12T00:56:10.999Z,T4250300,8397,46.90573,7.11978,34433.8,6.1,19.7,255.4,-273.0,-1.0,-1.0,RS41,404.500,8.9,0,8,2.6,-1,-1
2023-08-12T00:56:11.999Z,T4250300,8398,46.90570,7.11955,34439.7,5.2,16.8,262.5,-273.0,-1.0,-1.0,RS41-SG,404.500,11.1,0,8,2.6,-1,-1
2023-08-12T00:56:12.999Z,T4250300,8399,46.90569,7.11935,34444.5,4.1,13.7,270.8,-273.0,-1.0,-1.0,RS41-SG,404.500,11.1,0,8,2.6,-1,-1
2023-08-12T00:56:13.999Z,T4250300,8400,46.90570,7.11919,34448.6,3.9,10.7,279.9,-273.0,-1.0,-1.0,RS41-SG,404.500,13.1,0,8,2.6,-1,-1
2023-08-12T00:56:14.999Z,T4250300,8401,46.90572,7.11907,34452.7,4.4,8.0,283.8,-273.0,-1.0,-1.0,RS41-SG,404.500,13.1,0,8,2.6,-1,-1
2023-08-12T00:56:15.999Z,T4250300,8402,46.90573,7.11898,34457.5,5.4,6.3,273.4,-273.0,-1.0,-1.0,RS41-SG,404.500,12.2,0,8,2.6,-1,-1
2023-08-12T00:56:16.999Z,T4250300,8403,46.90572,7.11890,34463.6,6.3,6.6,247.5,-273.0,-1.0,-1.0,RS41-SG,404.500,10.4,0,8,2.6,-1,-1
2023-08-12T00:56:17.999Z,T4250300,8404,46.90568,7.11881,34469.9,6.3,9.8,232.7,-273.0,-1.0,-1.0,RS41-SG,404.500,10.7,0,8,2.6,-1,-1
2023-08-12T00:56:18.999Z,T4250300,8405,46.90561,7.11869,34475.7,5.1,13.9,228.5,-273.0,-1.0,-1.0,RS41-SG,404.500,11.7,0,7,2.6,-1,-1
2023-08-12T00:56:19.999Z,T4250300,8406,46.90552,7.11853,34480.3,4.1,18.1,229.5,-273.0,-1.0,-1.0,RS41-SG,404.500,11.7,0,8,2.6,-1,-1
2023-08-12T00:56:20.999Z,T4250300,8407,46.90541,7.11832,34484.3,3.7,22.1,232.8,-273.0,-1.0,-1.0,RS41-SG,404.500,10.9,0,8,2.6,-1,-1
2023-08-12T00:56:21.999Z,T4250300,8408,46.90529,7.11807,34488.5,4.8,24.8,238.6,-273.0,-1.0,-1.0,RS41-SG,404.500,10.4,0,8,2.6,-1,-1
2023-08-12T00:56:22.999Z,T4250300,8409,46.90519,7.11778,34494.0,6.1,25.6,245.7,-273.0,-1.0,-1.0,RS41-SG,404.500,10.0,0,8,2.6,-1,-1
2023-08-12T00:56:24.999Z,T4250300,8411,46.90507,7.11717,34507.5,6.6,22.2,263.4,-273.0,-1.0,-1.0,RS41-SG,404.500,10.5,0,8,2.6,-1,-1
2023-08-12T00:56:26.999Z,T4250300,8413,46.90509,7.11668,34518.7,4.3,16.0,285.7,-273.0,-1.0,-1.0,RS41-SG,404.500,11.2,0,8,2.6,-1,-1
2023-08-12T00:56:27.999Z,T4250300,8414,46.90513,7.11650,34522.3,3.5,12.6,297.6,-273.0,-1.0,-1.0,RS41-SG,404.500,12.3,0,8,2.6,-1,-1
2023-08-12T00:56:28.999Z,T4250300,8415,46.90518,7.11638,34526.2,4.1,9.2,307.0,-273.0,-1.0,-1.0,RS41-SG,404.500,12.3,0,8,2.6,-1,-1
2023-08-12T00:56:29.999Z,T4250300,8416,46.90522,7.11631,34530.9,5.4,5.5,302.0,-273.0,-1.0,-1.0,RS41-SG,404.500,10.3,0,8,2.6,-1,-1
2023-08-12T00:56:31.999Z,T4250300,8418,46.90519,7.11617,34544.4,6.8,9.0,227.3,-273.0,-1.0,-1.0,RS41-SG,404.500,10.3,0,8,2.6,-1,-1
2023-08-12T00:56:32.999Z,T4250300,8419,46.90512,7.11606,34550.7,5.8,14.4,224.9,-273.0,-1.0,-1.0,RS41-SG,404.500,10.6,0,8,2.6,-1,-1
2023-08-12T00:56:33.999Z,T4250300,8420,46.90502,7.11590,34555.6,4.0,19.5,228.5,-273.0,-1.0,-1.0,RS41-SG,404.500,10.7,0,8,2.6,-1,-1
2023-08-12T00:56:35.999Z,T4250300,8422,46.90477,7.11540,34563.2,3.6,27.4,241.3,-273.0,-1.0,-1.0,RS41-SG,404.500,9.8,0,8,2.6,-1,-1
2023-08-12T00:56:36.999Z,T4250300,8423,46.90467,7.11507,34567.9,5.5,28.6,250.5,-273.0,-1.0,-1.0,RS41-SG,404.500,10.9,0,8,2.6,-1,-1
2023-08-12T00:56:38.999Z,T4250300,8425,46.90459,7.11438,34580.8,6.9,24.7,270.8,-273.0,-1.0,-1.0,RS41-SG,404.500,8.7,0,8,2.6,-1,-1
2023-08-12T00:56:39.999Z,T4250300,8426,46.90461,7.11408,34586.7,5.6,21.4,281.9,-273.0,-1.0,-1.0,RS41-SG,404.500,8.9,0,8,2.6,-1,-1
2023-08-12T00:56:40.999Z,T4250300,8427,46.90466,7.11384,34591.3,3.9,17.1,292.5,-273.0,-1.0,-1.0,RS41-SG,404.500,10.9,0,8,2.6,-1,-1
2023-08-12T00:56:41.999Z,T4250300,8428,46.90472,7.11367,34595.0,3.1,12.6,303.2,-273.0,-1.0,-1.0,RS41-SG,404.500,10.9,0,8,2.6,-1,-1
2023-08-12T00:56:42.999Z,T4250300,8429,46.90477,7.11356,34598.3,3.5,7.9,308.6,-273.0,-1.0,-1.0,RS41-SG,404.500,11.2,0,8,2.6,-1,-1
2023-08-12T00:56:44.999Z,T4250300,8431,46.90478,7.11345,34607.9,5.9,5.9,218.9,-273.0,-1.0,-1.0,RS41-SG,404.500,11.4,0,8,2.6,-1,-1
2023-08-12T00:56:45.999Z,T4250300,8432,46.90472,7.11339,34614.3,6.3,11.5,215.7,-273.0,-1.0,-1.0,RS41-SG,404.500,11.4,0,8,2.6,-1,-1
2023-08-12T00:56:46.999Z,T4250300,8433,46.90462,7.11327,34620.6,5.6,17.1,222.1,-273.0,-1.0,-1.0,RS41-SG,404.500,11.1,0,8,2.6,-1,-1
2023-08-12T00:56:47.999Z,T4250300,8434,46.90450,7.11309,34626.1,4.6,22.0,231.2,-273.0,-1.0,-1.0,RS41-SG,404.500,11.1,0,8,2.6,-1,-1
2023-08-12T00:56:49.999Z,T4250300,8436,46.90428,7.11251,34635.4,4.4,28.6,250.6,-273.0,-1.0,-1.0,RS41-SG,404.500,8.6,0,8,2.6,-1,-1
2023-08-12T00:56:50.999Z,T4250300,8437,46.90422,7.11214,34640.5,5.6,29.4,261.4,-273.0,-1.0,-1.0,RS41-SG,404.500,9.0,0,8,2.6,-1,-1
2023-08-12T00:56:52.999Z,T4250300,8439,46.90423,7.11143,34652.6,6.3,25.2,283.6,-273.0,-1.0,-1.0,RS41-SG,404.500,9.3,0,8,2.6,-1,-1
2023-08-12T00:56:53.999Z,T4250300,8440,46.90430,7.11114,34658.7,6.0,20.8,293.7,-273.0,-1.0,-1.0,RS41-SG,404.500,9.3,0,7,2.6,-1,-1
2023-08-12T00:56:54.999Z,T4250300,8441,46.90438,7.11094,34664.9,5.2,15.7,304.2,-273.0,-1.0,-1.0,RS41-SG,404.500,9.7,0,8,2.6,-1,-1
2023-08-12T00:56:55.999Z,T4250300,8442,46.90445,7.11080,34669.8,4.6,10.0,313.3,-273.0,-1.0,-1.0,RS41-SG,404.500,10.8,0,8,2.6,-1,-1
2023-08-12T00:56:56.999Z,T4250300,8443,46.90449,7.11074,34674.4,4.4,4.2,309.1,-273.0,-1.0,-1.0,RS41-SG,404.500,11.7,0,8,2.6,-1,-1
2023-08-12T00:56:57.999Z,T4250300,8444,46.90449,7.11071,34679.1,4.7,3.2,208.8,-273.0,-1.0,-1.0,RS41-SG,404.500,11.7,0,8,2.6,-1,-1
2023-08-12T00:56:58.999Z,T4250300,8445,46.90444,7.11068,34684.2,5.4,8.7,199.3,-273.0,-1.0,-1.0,RS41-SG,404.500,11.5,0,8,2.6,-1,-1
2023-08-12T00:57:00.999Z,T4250300,8447,46.90423,7.11049,34695.8,6.0,18.8,221.5,-273.0,-1.0,-1.0,RS41-SG,404.500,10.2,0,8,2.6,-1,-1
2023-08-12T00:57:03.999Z,T4250300,8450,46.90393,7.10969,34712.2,5.0,27.3,259.5,-273.0,-1.0,-1.0,RS41-SG,404.500,8.5,0,8,2.6,-1,-1
2023-08-12T00:57:05.999Z,T4250300,8452,46.90395,7.10899,34722.7,5.4,25.9,284.1,-273.0,-1.0,-1.0,RS41-SG,404.500,9.2,0,8,2.6,-1,-1
2023-08-12T00:57:06.999Z,T4250300,8453,46.90402,7.10869,34728.3,5.7,22.7,296.3,-273.0,-1.0,-1.0,RS41-SG,404.500,10.9,0,8,2.6,-1,-1
2023-08-12T00:57:07.999Z,T4250300,8454,46.90412,7.10846,34734.2,6.1,18.2,307.1,-273.0,-1.0,-1.0,RS41-SG,404.500,10.9,0,8,2.6,-1,-1
2023-08-12T00:57:08.999Z,T4250300,8455,46.90420,7.10831,34740.0,5.7,12.5,315.2,-273.0,-1.0,-1.0,RS41-SG,404.500,10.8,0,8,2.6,-1,-1
2023-08-12T00:57:09.999Z,T4250300,8456,46.90427,7.10822,34745.4,5.4,6.6,318.2,-273.0,-1.0,-1.0,RS41-SG,404.500,12.0,0,8,2.6,-1,-1
2023-08-12T00:57:10.999Z,T4250300,8457,46.90429,7.10818,34750.5,4.9,2.1,257.5,-273.0,-1.0,-1.0,RS41-SG,404.500,12.0,0,8,2.6,-1,-1
2023-08-12T00:57:11.999Z,T4250300,8458,46.90426,7.10815,34755.5,4.7,6.6,199.7,-273.0,-1.0,-1.0,RS41-SG,404.500,11.5,0,8,2.6,-1,-1
2023-08-12T00:57:12.999Z,T4250300,8459,46.90418,7.10811,34760.5,5.1,12.1,204.8,-273.0,-1.0,-1.0,RS41-SG,404.500,11.5,0,8,2.6,-1,-1
2023-08-12T00:57:13.999Z,T4250300,8460,46.90407,7.10801,34766.1,5.8,16.7,215.7,-273.0,-1.0,-1.0,RS41-SG,404.500,11.5,0,8,2.6,-1,-1
2023-08-12T00:57:14.999Z,T4250300,8461,46.90395,7.10784,34772.1,6.2,20.6,228.8,-273.0,-1.0,-1.0,RS41-SG,404.500,11.0,0,8,2.6,-1,-1
2023-08-12T00:57:17.999Z,T4250300,8464,46.90373,7.10700,34789.3,5.0,25.0,269.4,-273.0,-1.0,-1.0,RS41-SG,404.500,9.2,0,8,2.6,-1,-1
2023-08-12T00:57:18.999Z,T4250300,8465,46.90376,7.10668,34794.2,4.7,23.9,282.9,-273.0,-1.0,-1.0,RS41-SG,404.500,9.2,0,8,2.6,-1,-1
2023-08-12T00:57:19.999Z,T4250300,8466,46.90383,7.10640,34799.1,5.0,21.7,297.0,-273.0,-1.0,-1.0,RS41-SG,404.500,9.5,0,8,2.6,-1,-1
2023-08-12T00:57:20.999Z,T4250300,8467,46.90392,7.10619,34804.5,5.6,17.8,310.4,-273.0,-1.0,-1.0,RS41-SG,404.500,10.5,0,8,2.6,-1,-1
2023-08-12T00:57:21.999Z,T4250300,8468,46.90402,7.10605,34810.1,5.8,12.7,323.7,-273.0,-1.0,-1.0,RS41-SG,404.500,11.4,0,8,2.6,-1,-1
2023-08-12T00:57:22.999Z,T4250300,8469,46.90409,7.10598,34816.0,5.8,7.0,334.9,-273.0,-1.0,-1.0,RS41-SG,404.500,12.2,0,7,2.6,-1,-1
2023-08-12T00:57:23.999Z,T4250300,8470,46.90413,7.10596,34821.6,5.4,1.2,339.3,-273.0,-1.0,-1.0,RS41-SG,404.500,12.2,0,7,2.6,-1,-1
2023-08-12T00:57:24.999Z,T4250300,8471,46.90411,7.10596,34826.9,5.0,4.7,187.0,-273.0,-1.0,-1.0,RS41-SG,404.500,12.1,0,8,2.6,-1,-1
2023-08-12T00:57:25.999Z,T4250300,8472,46.90405,7.10593,34831.9,4.9,10.2,199.3,-35.7,0.4,-1.0,RS41-SG,404.500,12.1,0,7,2.5,-1,-1
2023-08-12T00:57:26.999Z,T4250300,8473,46.90395,7.10585,34837.1,5.2,15.3,213.2,-35.7,0.4,-1.0,RS41-SG,404.500,11.0,0,8,2.6,-1,-1
2023-08-12T00:57:27.999Z,T4250300,8474,46.90383,7.10570,34842.4,5.5,19.6,226.8,-35.7,0.4,-1.0,RS41-SG,404.500,10.2,0,8,2.6,-1,-1
2023-08-12T00:57:31.999Z,T4250300,8478,46.90361,7.10455,34864.2,5.6,24.7,279.8,-35.6,0.4,-1.0,RS41-SG,404.500,9.5,0,8,2.6,-1,-1
2023-08-12T00:57:33.999Z,T4250300,8480,46.90376,7.10402,34875.9,5.7,19.3,305.9,-35.5,0.4,-1.0,RS41-SG,404.500,9.0,0,8,2.6,-1,-1
2023-08-12T00:57:34.999Z,T4250300,8481,46.90386,7.10385,34881.4,5.6,15.1,318.6,-35.5,0.4,-1.0,RS41-SG,404.500,10.5,0,8,2.6,-1,-1
2023-08-12T00:57:36.999Z,T4250300,8483,46.90401,7.10371,34893.1,6.0,4.6,340.5,-35.5,0.4,-1.0,RS41-SG,404.500,10.6,0,8,2.6,-1,-1
2023-08-12T00:57:38.999Z,T4250300,8485,46.90399,7.10367,34906.0,6.7,7.6,204.6,-35.4,0.4,-1.0,RS41-SG,404.500,9.9,0,8,2.6,-1,-1
2023-08-12T00:57:39.999Z,T4250300,8486,46.90391,7.10360,34912.6,6.6,13.4,214.8,-35.4,0.4,-1.0,RS41-SG,404.500,9.2,0,8,2.6,-1,-1
2023-08-12T00:57:41.999Z,T4250300,8488,46.90369,7.10324,34923.8,4.9,23.3,237.9,-35.4,0.4,-1.0,RS41-SG,404.500,8.7,0,8,2.6,-1,-1
2023-08-12T00:57:42.999Z,T4250300,8489,46.90359,7.10295,34928.6,4.6,26.5,249.5,-35.4,0.4,-1.0,RS41-SG,404.500,8.7,0,7,2.6,-1,-1
2023-08-12T00:57:45.999Z,T4250300,8492,46.90356,7.10188,34945.1,6.4,26.3,285.8,-35.4,0.4,-1.0,RS41-SG,404.500,9.9,0,8,2.6,-1,-1
2023-08-12T00:57:46.999Z,T4250300,8493,46.90364,7.10159,34951.4,6.0,22.8,297.5,-35.4,0.4,-1.0,RS41-SG,404.500,9.9,0,8,2.6,-1,-1
2023-08-12T00:57:48.999Z,T4250300,8495,46.90383,7.10122,34962.6,5.0,12.4,318.8,-35.5,0.4,-1.0,RS41-SG,404.500,10.2,0,8,2.6,-1,-1
2023-08-12T00:57:49.999Z,T4250300,8496,46.90389,7.10114,34967.8,5.0,6.2,324.5,-35.5,0.4,-1.0,RS41-SG,404.500,10.5,0,8,2.6,-1,-1
2023-08-12T00:57:50.999Z,T4250300,8497,46.90391,7.10111,34973.0,5.4,1.7,237.3,-35.5,0.4,-1.0,RS41-SG,404.500,10.5,0,8,2.6,-1,-1
2023-08-12T00:57:53.999Z,T4250300,8500,46.90366,7.10091,34990.1,6.1,19.3,218.4,-35.6,0.4,-1.0,RS41-SG,404.500,9.1,0,8,2.6,-1,-1
2023-08-12T00:57:58.999Z,T4250300,8505,46.90330,7.09935,35017.2,4.9,28.1,279.7,-35.7,0.4,-1.0,RS41-SG,404.500,8.2,0,8,2.6,-1,-1
2023-08-12T00:58:00.999Z,T4250300,8507,46.90346,7.09874,35028.0,6.0,21.0,302.7,-35.7,0.4,-1.0,RS41-SG,404.500,8.4,0,8,2.6,-1,-1
2023-08-12T00:58:01.999Z,T4250300,8508,46.90355,7.09855,35034.3,6.4,15.2,311.3,-35.7,0.4,-1.0,RS41-SG,404.500,9.5,0,8,2.6,-1,-1
2023-08-12T00:58:02.999Z,T4250300,8509,46.90363,7.09844,35040.6,6.3,8.9,313.5,-35.7,0.4,-1.0,RS41-SG,404.500,9.5,0,8,2.6,-1,-1
2023-08-12T00:58:04.999Z,T4250300,8511,46.90363,7.09832,35052.5,5.6,7.2,211.2,-35.7,0.4,-1.0,RS41-SG,404.500,9.8,0,8,2.6,-1,-1
2023-08-12T00:58:12.999Z,T4250300,8519,46.90294,7.09627,35096.6,5.0,24.4,283.9,-35.8,0.4,-1.0,RS41-SG,404.500,8.0,0,8,2.6,-1,-1
2023-08-12T00:58:13.999Z,T4250300,8520,46.90300,7.09600,35101.1,4.3,20.2,295.8,-35.9,0.4,-1.0,RS41-SG,404.500,8.8,0,8,2.6,-1,-1
2023-08-12T00:58:15.999Z,T4250300,8522,46.90315,7.09568,35109.9,4.9,8.9,313.5,-35.9,0.4,-1.0,RS41-SG,404.500,10.6,0,7,2.6,-1,-1
2023-08-12T00:58:16.999Z,T4250300,8523,46.90318,7.09562,35115.2,5.8,3.4,283.1,-35.9,0.4,-1.0,RS41-SG,404.500,10.6,0,8,2.6,-1,-1
2023-08-12T00:58:18.999Z,T4250300,8525,46.90308,7.09552,35127.6,6.1,13.0,208.3,-36.0,0.4,-1.0,RS41-SG,404.500,8.2,0,8,2.6,-1,-1
2023-08-12T00:58:20.999Z,T4250300,8527,46.90281,7.09521,35138.3,4.7,24.5,225.9,-36.0,0.4,-1.0,RS41-SG,404.500,7.9,0,8,2.6,-1,-1
2023-08-12T00:58:25.999Z,T4250300,8532,46.90243,7.09344,35164.7,6.5,26.6,278.4,-36.1,0.4,-1.0,RS41-SG,404.500,9.4,0,8,2.6,-1,-1
2023-08-12T00:58:26.999Z,T4250300,8533,46.90247,7.09314,35170.9,5.9,21.5,287.2,-36.2,0.4,-1.0,RS41-SG,404.500,8.7,0,8,2.6,-1,-1
2023-08-12T00:58:27.999Z,T4250300,8534,46.90253,7.09291,35176.1,4.8,15.7,294.7,-36.2,0.4,-1.0,RS41-SG,404.500,10.4,0,8,2.6,-1,-1
2023-08-12T00:58:28.999Z,T4250300,8535,46.90258,7.09276,35180.6,4.3,9.5,297.0,-36.2,0.4,-1.0,RS41-SG,404.500,11.1,0,8,2.6,-1,-1
2023-08-12T00:58:29.999Z,T4250300,8536,46.90260,7.09268,35184.8,4.0,4.4,265.1,-36.2,0.4,-1.0,RS41-SG,404.500,11.1,0,7,2.6,-1,-1
2023-08-12T00:58:30.999Z,T4250300,8537,46.90257,7.09263,35189.3,4.5,7.3,204.6,-36.2,0.4,-1.0,RS41-SG,404.500,9.7,0,7,2.6,-1,-1
2023-08-12T00:58:36.999Z,T4250300,8543,46.90183,7.09132,35221.8,4.1,32.6,257.9,-36.2,0.4,-1.0,RS41-SG,404.500,8.6,0,8,2.6,-1,-1
2023-08-12T00:58:37.999Z,T4250300,8544,46.90180,7.09090,35226.0,4.3,32.4,269.2,-36.2,0.4,-1.0,RS41-SG,404.500,8.6,0,8,2.6,-1,-1
2023-08-12T00:58:38.999Z,T4250300,8545,46.90182,7.09049,35230.7,4.9,30.2,279.7,-36.2,0.4,-1.0,RS41-SG,404.500,9.6,0,7,2.6,-1,-1
2023-08-12T00:58:39.999Z,T4250300,8546,46.90188,7.09013,35236.2,6.0,26.3,288.9,-36.2,0.4,-1.0,RS41-SG,404.500,10.6,0,8,2.6,-1,-1
2023-08-12T00:58:40.999Z,T4250300,8547,46.90196,7.08985,35242.8,6.5,21.1,295.2,-36.2,0.4,-1.0,RS41-SG,404.500,10.6,0,8,2.6,-1,-1
2023-08-12T00:58:41.999Z,T4250300,8548,46.90203,7.08964,35249.4,6.1,15.0,296.4,-36.2,0.4,-1.0,RS41-SG,404.500,10.6,0,8,2.6,-1,-1
2023-08-12T00:58:42.999Z,T4250300,8549,46.90207,7.08949,35255.2,5.2,9.5,283.5,-36.2,0.4,-1.0,RS41-SG,404.500,10.2,0,8,2.6,-1,-1
2023-08-12T00:58:43.999Z,T4250300,8550,46.90206,7.08938,35260.0,4.4,7.9,243.8,-36.2,0.4,-1.0,RS41-SG,404.500,10.2,0,8,2.6,-1,-1
2023-08-12T00:58:44.999Z,T4250300,8551,46.90200,7.08929,35264.3,3.8,12.2,217.8,-36.2,0.4,-1.0,RS41-SG,404.500,9.8,0,8,2.6,-1,-1
2023-08-12T00:58:52.999Z,T4250300,8559,46.90136,7.08675,35305.2,3.8,30.8,287.6,-36.2,0.4,-1.0,RS41-SG,404.500,9.4,0,8,2.6,-1,-1
2023-08-12T00:58:53.999Z,T4250300,8560,46.90145,7.08640,35309.4,4.6,27.3,296.9,-36.2,0.4,-1.0,RS41-SG,404.500,9.5,0,8,2.6,-1,-1
2023-08-12T00:58:54.999Z,T4250300,8561,46.90156,7.08612,35314.4,5.5,22.3,303.2,-36.2,0.4,-1.0,RS41-SG,404.500,11.0,0,8,2.6,-1,-1
2023-08-12T00:58:55.999Z,T4250300,8562,46.90166,7.08590,35320.2,6.2,16.5,303.3,-36.2,0.4,-1.0,RS41-SG,404.500,11.0,0,8,2.6,-1,-1
2023-08-12T00:59:00.999Z,T4250300,8567,46.90151,7.08508,35348.5,5.2,23.6,234.6,-36.2,0.4,-1.0,RS41-SG,404.500,8.2,0,8,2.6,-1,-1
2023-08-12T00:59:06.999Z,T4250300,8573,46.90123,7.08277,35384.0,5.2,30.9,287.1,-36.2,0.4,-1.0,RS41-SG,404.500,8.3,0,8,2.6,-1,-1
2023-08-12T00:59:08.999Z,T4250300,8575,46.90143,7.08212,35394.5,5.4,23.1,302.5,-36.2,0.4,-1.0,RS41-SG,404.500,9.2,0,7,2.6,-1,-1
2023-08-12T00:59:09.999Z,T4250300,8576,46.90154,7.08190,35400.3,5.7,17.9,304.9,-36.2,0.4,-1.0,RS41-SG,404.500,10.3,0,7,2.6,-1,-1
2023-08-12T00:59:10.999Z,T4250300,8577,46.90161,7.08173,35406.2,6.0,12.7,298.7,-36.2,0.4,-1.0,RS41-SG,404.500,10.3,0,7,2.6,-1,-1
2023-08-12T00:59:11.999Z,T4250300,8578,46.90164,7.08159,35412.1,5.9,9.9,274.5,-36.2,0.4,-1.0,RS41-SG,404.500,9.4,0,7,2.6,-1,-1
2023-08-12T00:59:19.999Z,T4250300,8586,46.90114,7.07935,35455.4,5.5,29.7,277.4,-36.1,0.4,-1.0,RS41-SG,404.500,8.9,0,8,2.6,-1,-1
2023-08-12T00:59:22.999Z,T4250300,8589,46.90138,7.07842,35468.6,4.0,20.4,305.6,-36.0,0.4,-1.0,RS41-SG,404.500,11.0,0,8,2.6,-1,-1
2023-08-12T00:59:23.999Z,T4250300,8590,46.90148,7.07824,35472.9,5.1,15.3,309.2,-35.9,0.4,-1.0,RS41-SG,404.500,11.4,0,8,2.6,-1,-1
2023-08-12T00:59:24.999Z,T4250300,8591,46.90154,7.07810,35478.1,5.5,10.1,299.2,-35.9,0.4,-1.0,RS41-SG,404.500,11.9,0,8,2.6,-1,-1
2023-08-12T00:59:26.999Z,T4250300,8593,46.90153,7.07787,35488.2,4.2,11.4,237.7,-35.9,0.4,-1.0,RS41-SG,404.500,10.8,0,8,2.6,-1,-1
2023-08-12T00:59:27.999Z,T4250300,8594,46.90146,7.07773,35492.1,3.4,16.9,230.3,-35.8,0.4,-1.0,RS41-SG,404.500,10.7,0,8,2.6,-1,-1
2023-08-12T00:59:28.999Z,T4250300,8595,46.90135,7.07753,35495.5,3.5,22.1,232.6,-35.8,0.4,-1.0,RS41-SG,404.500,9.7,0,8,2.6,-1,-1
2023-08-12T00:59:29.999Z,T4250300,8596,46.90123,7.07727,35499.5,4.3,26.2,239.3,-35.8,0.4,-1.0,RS41-SG,404.500,10.4,0,8,2.6,-1,-1
2023-08-12T00:59:30.999Z,T4250300,8597,46.90112,7.07694,35504.6,5.6,28.5,248.8,-35.8,0.4,-1.0,RS41-SG,404.500,10.4,0,8,2.6,-1,-1
2023-08-12T00:59:33.999Z,T4250300,8600,46.90106,7.07585,35520.7,3.9,27.2,282.5,-35.8,0.4,-1.0,RS41-SG,404.500,9.7,0,8,2.6,-1,-1
2023-08-12T00:59:34.999Z,T4250300,8601,46.90113,7.07552,35524.3,2.7,25.0,294.3,-35.8,0.4,-1.0,RS41-SG,404.500,10.8,0,8,2.6,-1,-1
2023-08-12T00:59:35.999Z,T4250300,8602,46.90123,7.07526,35527.1,2.9,21.7,305.2,-35.8,0.4,-1.0,RS41-SG,404.500,10.8,0,8,2.6,-1,-1
2023-08-12T00:59:38.999Z,T4250300,8605,46.90147,7.07483,35541.5,5.8,7.0,284.9,-35.8,0.4,-1.0,RS41-SG,404.500,10.9,0,8,2.6,-1,-1
2023-08-12T00:59:39.999Z,T4250300,8606,46.90146,7.07473,35546.8,4.9,8.7,241.0,-35.7,0.4,-1.0,RS41-SG,404.500,12.0,0,8,2.6,-1,-1
2023-08-12T00:59:40.999Z,T4250300,8607,46.90140,7.07462,35550.9,3.4,13.9,227.5,-35.7,0.4,-1.0,RS41-SG,404.500,12.2,0,8,2.6,-1,-1
2023-08-12T00:59:41.999Z,T4250300,8608,46.90129,7.07446,35553.9,2.5,19.6,226.8,-35.7,0.4,-1.0,RS41-SG,404.500,12.2,0,8,2.6,-1,-1
2023-08-12T00:59:42.999Z,T4250300,8609,46.90117,7.07424,35556.7,2.8,24.4,232.1,-35.6,0.4,-1.0,RS41-SG,404.500,10.8,0,8,2.6,-1,-1
2023-08-12T00:59:47.999Z,T4250300,8614,46.90092,7.07254,35579.7,2.7,25.6,285.1,-35.5,0.4,-1.0,RS41-SG,404.500,9.4,0,8,2.6,-1,-1
2023-08-12T00:59:48.999Z,T4250300,8615,46.90099,7.07225,35582.2,2.1,23.1,295.0,-35.5,0.4,-1.0,RS41-SG,404.500,12.6,0,8,2.6,-1,-1
2023-08-12T00:59:49.999Z,T4250300,8616,46.90108,7.07200,35585.0,3.4,19.7,303.1,-35.4,0.4,-1.0,RS41-SG,404.500,13.0,0,8,2.6,-1,-1
2023-08-12T00:59:50.999Z,T4250300,8617,46.90117,7.07181,35589.5,5.3,15.0,304.6,-35.4,0.4,-1.0,RS41-SG,404.500,13.0,0,7,2.6,-1,-1
2023-08-12T00:59:51.999Z,T4250300,8618,46.90122,7.07167,35595.3,6.4,11.0,290.6,-35.4,0.4,-1.0,RS41-SG,404.500,11.9,0,7,2.6,-1,-1
2023-08-12T00:59:52.999Z,T4250300,8619,46.90124,7.07153,35601.3,5.8,10.3,261.7,-35.3,0.4,-1.0,RS41-SG,404.500,11.9,0,7,2.6,-1,-1
2023-08-12T00:59:53.999Z,T4250300,8620,46.90120,7.07139,35606.0,4.1,13.6,241.5,-35.3,0.4,-1.0,RS41-SG,404.500,11.9,0,8,2.6,-1,-1
2023-08-12T00:59:54.999Z,T4250300,8621,46.90112,7.07122,35609.2,2.4,18.1,234.1,-35.3,0.4,-1.0,RS41-SG,404.500,11.1,0,8,2.6,-1,-1
2023-08-12T00:59:55.999Z,T4250300,8622,46.90101,7.07100,35611.2,1.6,22.7,234.2,-35.3,0.4,-1.0,RS41-SG,404.500,11.7,0,8,2.6,-1,-1
2023-08-12T00:59:56.999Z,T4250300,8623,46.90090,7.07073,35613.5,3.3,26.2,239.0,-35.2,0.4,-1.0,RS41-SG,404.500,11.7,0,8,2.6,-1,-1
2023-08-12T00:59:58.999Z,T4250300,8625,46.90071,7.07008,35623.8,6.6,27.4,256.7,-35.2,0.4,-1.0,RS41-SG,404.500,9.7,0,8,2.6,-1,-1
2023-08-12T00:59:59.999Z,T4250300,8626,46.90068,7.06974,35630.0,5.8,26.0,267.6,-35.2,0.4,-1.0,RS41-SG,404.500,9.5,0,8,2.6,-1,-1
2023-08-12T01:00:01.999Z,T4250300,8628,46.90073,7.06912,35638.2,2.2,22.3,288.2,-35.2,0.4,-1.0,RS41-SG,404.500,10.1,0,8,2.6,-1,-1
2023-08-12T01:00:02.999Z,T4250300,8629,46.90081,7.06886,35640.3,2.0,20.0,297.7,-35.1,0.4,-1.0,RS41-SG,404.500,10.5,0,8,2.6,-1,-1
2023-08-12T01:00:03.999Z,T4250300,8630,46.90089,7.06865,35643.0,3.5,17.0,303.0,-35.1,0.4,-1.0,RS41-SG,404.500,12.1,0,7,2.6,-1,-1
2023-08-12T01:00:04.999Z,T4250300,8631,46.90096,7.06848,35647.3,5.3,13.5,299.5,-35.1,0.4,-1.0,RS41-SG,404.500,12.1,0,7,2.6,-1,-1
2023-08-12T01:00:05.999Z,T4250300,8632,46.90100,7.06834,35652.9,5.9,11.3,281.7,-35.1,0.4,-1.0,RS41-SG,404.500,10.7,0,8,2.6,-1,-1
2023-08-12T01:00:06.999Z,T4250300,8633,46.90100,7.06819,35658.4,5.1,12.1,259.1,-35.1,0.4,-1.0,RS41-SG,404.500,10.5,0,8,2.6,-1,-1
2023-08-12T01:00:07.999Z,T4250300,8634,46.90096,7.06802,35662.6,3.4,15.0,245.2,-35.0,0.4,-1.0,RS41-SG,404.500,11.8,0,8,2.6,-1,-1
2023-08-12T01:00:08.999Z,T4250300,8635,46.90089,7.06783,35665.2,2.0,18.5,239.3,-35.0,0.4,-1.0,RS41-SG,404.500,11.8,0,8,2.6,-1,-1
2023-08-12T01:00:09.999Z,T4250300,8636,46.90080,7.06760,35667.3,2.2,21.8,238.9,-35.0,0.4,-1.0,RS41-SG,404.500,11.8,0,8,2.6,-1,-1
2023-08-12T01:00:10.999Z,T4250300,8637,46.90070,7.06734,35670.2,4.0,23.6,242.7,-35.0,0.4,-1.0,RS41-SG,404.500,11.8,0,8,2.6,-1,-1
2023-08-12T01:00:11.999Z,T4250300,8638,46.90061,7.06706,35675.1,5.7,23.8,249.7,-34.9,0.4,-1.0,RS41-SG,404.500,11.8,0,8,2.6,-1,-1
2023-08-12T01:00:12.999Z,T4250300,8639,46.90056,7.06677,35681.1,6.0,22.5,259.1,-34.9,0.4,-1.0,RS41-SG,404.500,11.2,0,8,2.6,-1,-1
2023-08-12T01:00:13.999Z,T4250300,8640,46.90054,7.06649,35686.8,4.9,21.0,269.5,-34.9,0.4,-1.0,RS41-SG,404.500,11.2,0,8,2.6,-1,-1
2023-08-12T01:00:14.999Z,T4250300,8641,46.90055,7.06623,35690.7,3.3,19.6,279.6,-34.9,0.4,-1.0,RS41-SG,404.500,10.9,0,8,2.6,-1,-1
2023-08-12T01:00:15.999Z,T4250300,8642,46.90059,7.06599,35693.2,2.1,18.2,289.0,-34.8,0.4,-1.0,RS41-SG,404.500,11.7,0,8,2.6,-1,-1
2023-08-12T01:00:16.999Z,T4250300,8643,46.90065,7.06578,35695.7,2.8,16.7,295.7,-34.8,0.4,-1.0,RS41-SG,404.500,12.5,0,8,2.6,-1,-1
2023-08-12T01:00:17.999Z,T4250300,8644,46.90071,7.06559,35699.3,4.5,14.8,295.9,-34.8,0.4,-1.0,RS41-SG,404.500,12.9,0,8,2.6,-1,-1
2023-08-12T01:00:19.999Z,T4250300,8646,46.90078,7.06525,35709.4,5.5,13.1,271.2,-34.8,0.4,-1.0,RS41-SG,404.500,12.1,0,8,2.6,-1,-1
2023-08-12T01:00:20.999Z,T4250300,8647,46.90076,7.06507,35714.3,4.6,14.7,256.8,-34.8,0.4,-1.0,RS41-SG,404.500,12.1,0,8,2.6,-1,-1
2023-08-12T01:00:21.999Z,T4250300,8648,46.90072,7.06488,35718.2,3.3,17.3,246.7,-34.8,0.4,-1.0,RS41-SG,404.500,12.3,0,7,2.6,-1,-1
2023-08-12T01:00:22.999Z,T4250300,8649,46.90064,7.06466,35721.1,2.5,20.0,241.6,-34.8,0.4,-1.0,RS41-SG,404.500,12.3,0,8,2.6,-1,-1
2023-08-12T01:00:24.999Z,T4250300,8651,46.90046,7.06416,35727.9,4.6,22.4,243.2,-34.7,0.4,-1.0,RS41-SG,404.500,9.9,0,8,2.6,-1,-1
2023-08-12T01:00:25.999Z,T4250300,8652,46.90038,7.06390,35733.1,5.8,21.2,248.6,-34.7,0.4,-1.0,RS41-SG,404.500,9.9,0,8,2.6,-1,-1
2023-08-12T01:00:26.999Z,T4250300,8653,46.90032,7.06365,35738.8,5.4,19.4,257.4,-34.7,0.4,-1.0,RS41-SG,404.500,10.6,0,8,2.6,-1,-1
2023-08-12T01:00:27.999Z,T4250300,8654,46.90030,7.06341,35743.5,4.1,17.5,267.4,-34.7,0.4,-1.0,RS41-SG,404.500,12.3,0,7,2.6,-1,-1
2023-08-12T01:00:28.999Z,T4250300,8655,46.90031,7.06319,35747.2,3.0,16.2,279.2,-34.7,0.4,-1.0,RS41-SG,404.500,12.3,0,8,2.6,-1,-1
2023-08-12T01:00:29.999Z,T4250300,8656,46.90034,7.06299,35750.0,2.4,15.5,289.3,-34.7,0.4,-1.0,RS41-SG,404.500,12.0,0,8,2.6,-1,-1
2023-08-12T01:00:30.999Z,T4250300,8657,46.90039,7.06281,35752.7,3.4,15.0,294.6,-34.7,0.4,-1.0,RS41-SG,404.500,12.0,0,8,2.6,-1,-1
2023-08-12T01:00:31.999Z,T4250300,8658,46.90044,7.06263,35756.7,4.9,14.8,291.5,-34.7,0.4,-1.0,RS41-SG,404.500,12.0,0,8,2.6,-1,-1
2023-08-12T01:00:32.999Z,T4250300,8659,46.90048,7.06245,35762.3,6.1,14.9,281.1,-34.8,0.4,-1.0,RS41-SG,404.500,12.0,0,8,2.6,-1,-1
2023-08-12T01:00:33.999Z,T4250300,8660,46.90049,7.06224,35768.0,5.6,16.4,267.7,-34.8,0.4,-1.0,RS41-SG,404.500,12.0,0,8,2.6,-1,-1
2023-08-12T01:00:34.999Z,T4250300,8661,46.90047,7.06202,35772.8,4.2,18.9,257.1,-34.8,0.4,-1.0,RS41-SG,404.500,11.4,0,7,2.6,-1,-1
2023-08-12T01:00:35.999Z,T4250300,8662,46.90042,7.06176,35776.1,2.5,21.6,249.6,-34.8,0.4,-1.0,RS41-SG,404.500,11.5,0,8,2.6,-1,-1
2023-08-12T01:00:36.999Z,T4250300,8663,46.90034,7.06149,35778.4,1.9,24.0,244.3,-34.7,0.4,-1.0,RS41-SG,404.500,11.5,0,8,2.6,-1,-1
2023-08-12T01:00:37.999Z,T4250300,8664,46.90024,7.06121,35781.0,3.0,25.2,242.0,-34.8,0.4,-1.0,RS41-SG,404.500,9.9,0,8,2.6,-1,-1
2023-08-12T01:00:38.999Z,T4250300,8665,46.90013,7.06092,35784.9,5.0,24.3,241.8,-34.8,0.4,-1.0,RS41-SG,404.500,9.5,0,8,2.6,-1,-1
2023-08-12T01:00:39.999Z,T4250300,8666,46.90004,7.06065,35790.3,6.1,21.9,244.8,-34.7,0.3,-1.0,RS41-SG,404.500,9.5,0,8,2.6,-1,-1
2023-08-12T01:00:40.999Z,T4250300,8667,46.89997,7.06041,35795.9,5.3,18.8,250.8,-34.7,0.4,-1.0,RS41-SG,404.500,8.9,0,8,2.6,-1,-1
2023-08-12T01:00:42.999Z,T4250300,8669,46.89992,7.06000,35803.6,2.4,13.5,270.9,-34.7,0.4,-1.0,RS41-SG,404.500,9.4,0,8,2.6,-1,-1
2023-08-12T01:00:43.999Z,T4250300,8670,46.89993,7.05984,35806.2,2.4,12.4,283.4,-34.7,0.4,-1.0,RS41-SG,404.500,10.1,0,8,2.6,-1,-1
2023-08-12T01:00:44.999Z,T4250300,8671,46.89997,7.05968,35809.5,3.9,12.1,290.2,-34.7,0.4,-1.0,RS41-SG,404.500,11.2,0,8,2.6,-1,-1
2023-08-12T01:00:45.999Z,T4250300,8672,46.90000,7.05953,35814.3,5.8,12.5,287.1,-34.7,0.4,-1.0,RS41-SG,404.500,11.2,0,8,2.6,-1,-1
2023-08-12T01:00:46.999Z,T4250300,8673,46.90003,7.05936,35820.4,6.7,13.9,276.3,-34.7,0.4,-1.0,RS41-SG,404.500,9.9,0,8,2.6,-1,-1
2023-08-12T01:00:47.999Z,T4250300,8674,46.90003,7.05917,35826.6,5.8,16.5,264.7,-34.7,0.4,-1.0,RS41-SG,404.500,10.4,0,8,2.6,-1,-1
2023-08-12T01:00:49.999Z,T4250300,8676,46.89994,7.05867,35834.3,2.1,23.1,250.1,-34.7,0.4,-1.0,RS41-SG,404.500,9.8,0,8,2.6,-1,-1
2023-08-12T01:00:50.999Z,T4250300,8677,46.89986,7.05837,35836.2,1.7,26.4,246.4,-34.7,0.4,-1.0,RS41-SG,404.500,10.1,0,8,2.6,-1,-1
2023-08-12T01:00:52.999Z,T4250300,8679,46.89965,7.05771,35843.0,5.6,28.5,245.6,-34.7,0.4,-1.0,RS41-SG,404.500,9.4,0,8,2.6,-1,-1
2023-08-12T01:00:57.999Z,T4250300,8684,46.89947,7.05637,35866.6,1.3,14.6,286.2,-34.6,0.4,-1.0,RS41-SG,404.500,9.4,0,8,2.6,-1,-1
2023-08-12T01:00:58.999Z,T4250300,8685,46.89951,7.05620,35868.6,2.5,13.6,297.5,-34.6,0.4,-1.0,RS41-SG,404.500,9.5,0,8,2.6,-1,-1
2023-08-12T01:00:59.999Z,T4250300,8686,46.89957,7.05605,35872.4,4.9,13.3,300.5,-34.6,0.4,-1.0,RS41-SG,404.500,9.5,0,8,2.6,-1,-1
2023-08-12T01:01:01.999Z,T4250300,8688,46.89965,7.05570,35885.6,7.8,15.7,277.1,-34.5,0.4,-1.0,RS41-SG,404.500,8.7,0,8,2.6,-1,-1
2023-08-12T01:01:02.999Z,T4250300,8689,46.89966,7.05548,35892.5,5.8,18.8,265.1,-34.5,0.4,-1.0,RS41-SG,404.500,9.0,0,8,2.6,-1,-1
2023-08-12T01:01:03.999Z,T4250300,8690,46.89963,7.05521,35897.0,3.5,22.6,257.2,-34.5,0.4,-1.0,RS41-SG,404.500,11.7,0,8,2.6,-1,-1
2023-08-12T01:01:05.999Z,T4250300,8692,46.89948,7.05455,35900.8,1.1,30.1,247.5,-34.4,0.4,-1.0,RS41-SG,404.500,9.6,0,8,2.6,-1,-1
2023-08-12T01:01:11.999Z,T4250300,8698,46.89898,7.05264,35933.6,2.4,15.7,267.1,-34.3,0.4,-1.0,RS41-SG,404.500,8.9,0,7,2.6,-1,-1
2023-08-12T01:01:13.999Z,T4250300,8700,46.89903,7.05230,35937.1,2.2,12.2,297.1,-34.3,0.4,-1.0,RS41-SG,404.500,9.9,0,8,2.6,-1,-1
2023-08-12T01:01:19.999Z,T4250300,8706,46.89916,7.05094,35969.3,1.3,28.4,258.2,-34.3,0.4,-1.0,RS41-SG,404.500,9.1,0,8,2.6,-1,-1
2023-08-12T01:01:25.999Z,T4250300,8712,46.89870,7.04885,35998.7,3.7,17.7,259.4,-34.3,0.4,-1.0,RS41-SG,404.500,9.7,0,8,2.6,-1,-1
2023-08-12T01:01:26.999Z,T4250300,8713,46.89869,7.04865,36001.2,1.1,13.8,270.8,-34.3,0.3,-1.0,RS41-SG,404.500,10.3,0,8,2.6,-1,-1
2023-08-12T01:01:27.999Z,T4250300,8714,46.89871,7.04848,36002.2,0.7,11.7,290.7,-34.3,0.4,-1.0,RS41-SG,404.500,10.4,0,8,2.6,-1,-1
2023-08-12T01:01:29.999Z,T4250300,8716,46.89883,7.04822,36007.9,6.0,13.8,308.0,-34.2,0.4,-1.0,RS41-SG,404.500,11.9,0,8,2.6,-1,-1
2023-08-12T01:01:31.999Z,T4250300,8718,46.89895,7.04783,36023.4,7.6,19.3,284.6,-34.2,0.3,-1.0,RS41-SG,404.500,9.5,0,8,2.6,-1,-1
2023-08-12T01:01:32.999Z,T4250300,8719,46.89898,7.04756,36029.8,5.3,22.8,274.2,-34.2,0.4,-1.0,RS41-SG,404.500,9.3,0,8,2.6,-1,-1
2023-08-12T01:01:33.999Z,T4250300,8720,46.89898,7.04724,36033.7,2.7,26.5,266.5,-34.2,0.4,-1.0,RS41-SG,404.500,11.6,0,8,2.6,-1,-1
2023-08-12T01:01:34.999Z,T4250300,8721,46.89895,7.04688,36035.4,0.8,30.3,260.0,-34.3,0.4,-1.0,RS41-SG,404.500,12.5,0,8,2.6,-1,-1
2023-08-12T01:01:35.999Z,T4250300,8722,46.89889,7.04647,36036.9,2.0,32.9,254.7,-34.3,0.4,-1.0,RS41-SG,404.500,12.5,0,8,2.6,-1,-1
2023-08-12T01:01:36.999Z,T4250300,8723,46.89880,7.04606,36040.5,5.0,33.2,251.3,-34.3,0.4,-1.0,RS41-SG,404.500,11.6,0,8,2.6,-1,-1
2023-08-12T01:01:37.999Z,T4250300,8724,46.89871,7.04567,36046.9,7.9,30.0,250.0,-34.2,0.3,-1.0,RS41-SG,404.500,9.8,0,8,2.6,-1,-1
2023-08-12T01:01:40.999Z,T4250300,8727,46.89854,7.04482,36066.7,3.2,15.7,264.3,-34.3,0.3,-1.0,RS41-SG,404.500,8.5,0,8,2.6,-1,-1
2023-08-12T01:01:41.999Z,T4250300,8728,46.89854,7.04464,36070.8,3.7,12.0,271.9,-34.3,0.3,-1.0,RS41-SG,404.500,9.2,0,8,2.6,-1,-1
2023-08-12T01:01:44.999Z,T4250300,8731,46.89860,7.04415,36043.3,-22.8,12.2,286.7,-34.3,0.4,-1.0,RS41-SG,404.500,9.9,0,8,2.6,-1,-1
2023-08-12T01:01:45.999Z,T4250300,8732,46.89864,7.04400,36016.0,-31.7,12.4,287.7,-34.1,0.3,-1.0,RS41-SG,404.500,9.2,0,8,2.6,-1,-1
2023-08-12T01:01:48.999Z,T4250300,8735,46.89871,7.04341,35895.5,-43.8,24.2,267.3,-33.8,0.3,-1.0,RS41-SG,404.500,10.3,0,8,2.6,-1,-1
2023-08-12T01:01:49.999Z,T4250300,8736,46.89869,7.04308,35849.8,-47.3,27.4,264.0,-33.7,0.3,-1.0,RS41-SG,404.500,10.3,0,8,2.6,-1,-1
2023-08-12T01:01:50.999Z,T4250300,8737,46.89866,7.04272,35800.4,-51.4,28.6,262.7,-33.7,0.4,-1.0,RS41-SG,404.500,10.3,0,8,2.6,-1,-1
2023-08-12T01:01:51.999Z,T4250300,8738,46.89863,7.04235,35746.2,-56.4,28.9,262.5,-33.5,0.3,-1.0,RS41-SG,404.500,9.6,0,8,2.6,-1,-1
2023-08-12T01:01:52.999Z,T4250300,8739,46.89860,7.04198,35687.2,-61.4,29.2,261.5,-33.4,0.3,-1.0,RS41-SG,404.500,10.1,0,8,2.6,-1,-1
2023-08-12T01:01:53.999Z,T4250300,8740,46.89855,7.04161,35626.3,-60.5,29.6,260.2,-33.3,0.3,-1.0,RS41-SG,404.500,10.8,0,8,2.6,-1,-1
2023-08-12T01:01:54.999Z,T4250300,8741,46.89851,7.04122,35571.9,-50.4,30.9,258.2,-33.6,0.4,-1.0,RS41-SG,404.500,10.8,0,8,2.6,-1,-1
2023-08-12T01:01:55.999Z,T4250300,8742,46.89846,7.04083,35533.3,-27.3,30.5,261.1,-34.1,0.4,-1.0,RS41-SG,404.500,9.7,0,7,2.6,-1,-1
2023-08-12T01:01:57.999Z,T4250300,8744,46.89840,7.04014,35479.0,-28.8,23.9,266.5,-34.8,0.4,-1.0,RS41-SG,404.500,9.1,0,7,2.6,-1,-1
2023-08-12T01:01:58.999Z,T4250300,8745,46.89838,7.03985,35449.3,-33.0,21.0,266.6,-35.0,0.4,-1.0,RS41-SG,404.500,10.4,0,7,2.6,-1,-1
2023-08-12T01:01:59.999Z,T4250300,8746,46.89838,7.03959,35415.8,-36.7,19.0,267.4,-35.1,0.4,-1.0,RS41-SG,404.500,10.4,0,8,2.5,-1,-1
2023-08-12T01:02:00.999Z,T4250300,8747,46.89837,7.03936,35378.3,-40.5,17.4,268.9,-35.2,0.4,-1.0,RS41-SG,404.500,8.9,0,8,2.6,-1,-1
2023-08-12T01:02:01.999Z,T4250300,8748,46.89837,7.03914,35336.8,-44.6,16.3,269.4,-35.2,0.4,-1.0,RS41-SG,404.500,11.2,0,8,2.6,-1,-1
2023-08-12T01:02:02.999Z,T4250300,8749,46.89837,7.03895,35295.9,-38.6,13.2,271.5,-35.3,0.4,-1.0,RS41-SG,404.500,11.4,0,8,2.6,-1,-1
2023-08-12T01:02:03.999Z,T4250300,8750,46.89837,7.03878,35261.0,-32.7,12.9,268.5,-35.4,0.4,-1.0,RS41-SG,404.500,11.7,0,8,2.6,-1,-1
2023-08-12T01:02:04.999Z,T4250300,8751,46.89836,7.03860,35230.5,-30.0,14.4,264.0,-35.6,0.4,-1.0,RS41-SG,404.500,11.7,0,8,2.6,-1,-1
2023-08-12T01:02:05.999Z,T4250300,8752,46.89835,7.03841,35200.6,-31.3,16.2,265.2,-35.6,0.4,-1.0,RS41-SG,404.500,10.8,0,8,2.6,-1,-1
2023-08-12T01:02:06.999Z,T4250300,8753,46.89833,7.03818,35168.5,-33.0,18.8,264.8,-35.7,0.4,-1.0,RS41-SG,404.500,11.4,0,8,2.6,-1,-1
2023-08-12T01:02:07.999Z,T4250300,8754,46.89831,7.03792,35135.9,-33.4,22.1,261.6,-35.7,0.4,-1.0,RS41-SG,404.500,11.4,0,8,2.6,-1,-1
2023-08-12T01:02:08.999Z,T4250300,8755,46.89828,7.03762,35103.2,-34.5,23.2,261.2,-35.7,0.4,-1.0,RS41-SG,404.500,11.6,0,8,2.6,-1,-1
2023-08-12T01:02:09.999Z,T4250300,8756,46.89823,7.03731,35070.8,-31.8,26.4,258.1,-35.6,0.4,-1.0,RS41-SG,404.500,11.6,0,8,2.6,-1,-1
2023-08-12T01:02:10.999Z,T4250300,8757,46.89818,7.03698,35042.5,-26.3,26.2,256.2,-35.6,0.4,-1.0,RS41-SG,404.500,11.4,0,8,2.6,-1,-1
2023-08-12T01:02:11.999Z,T4250300,8758,46.89813,7.03665,35015.8,-28.7,25.3,256.0,-35.5,0.4,-1.0,RS41-SG,404.500,11.4,0,8,2.5,-1,-1
2023-08-12T01:02:13.999Z,T4250300,8760,46.89802,7.03605,34957.6,-32.2,21.9,255.1,-35.5,0.4,-1.0,RS41-SG,404.500,11.0,0,8,2.6,-1,-1
2023-08-12T01:02:14.999Z,T4250300,8761,46.89797,7.03580,34924.8,-34.7,18.8,256.9,-35.4,0.4,-1.0,RS41-SG,404.500,11.5,0,8,2.6,-1,-1
2023-08-12T01:02:16.999Z,T4250300,8763,46.89792,7.03539,34853.4,-35.7,12.4,267.7,-35.5,0.4,-1.0,RS41-SG,404.500,11.2,0,8,2.6,-1,-1
2023-08-12T01:02:17.999Z,T4250300,8764,46.89792,7.03524,34818.7,-35.8,11.2,272.4,-35.6,0.4,-1.0,RS41-SG,404.500,11.4,0,8,2.6,-1,-1
2023-08-12T01:02:20.999Z,T4250300,8767,46.89796,7.03480,34713.7,-34.8,13.3,277.4,-36.4,0.4,-1.0,RS41-SG,404.500,11.8,0,8,2.6,-1,-1
2023-08-12T01:02:21.999Z,T4250300,8768,46.89797,7.03462,34679.3,-35.9,14.1,275.9,-36.5,0.4,-1.0,RS41-SG,404.500,11.2,0,8,2.6,-1,-1
2023-08-12T01:02:22.999Z,T4250300,8769,46.89798,7.03443,34643.9,-35.9,16.0,271.1,-36.7,0.4,-1.0,RS41-SG,404.500,12.2,0,8,2.6,-1,-1
2023-08-12T01:02:23.999Z,T4250300,8770,46.89797,7.03420,34608.7,-35.7,18.6,265.7,-36.9,0.4,-1.0,RS41-SG,404.500,12.2,0,8,2.6,-1,-1
2023-08-12T01:02:24.999Z,T4250300,8771,46.89795,7.03396,34573.2,-37.5,19.4,264.1,-37.0,0.4,-1.0,RS41-SG,404.500,11.3,0,8,2.6,-1,-1
2023-08-12T01:02:25.999Z,T4250300,8772,46.89792,7.03369,34537.2,-35.6,22.0,258.9,-37.1,0.5,-1.0,RS41-SG,404.500,12.2,0,8,2.6,08:29:47,-1
2023-08-12T01:02:27.999Z,T4250300,8774,46.89783,7.03314,34469.0,-36.0,21.9,254.8,-37.2,0.4,-1.0,RS41-SG,404.500,11.7,0,8,2.6,08:29:47,-1
2023-08-12T01:02:28.999Z,T4250300,8775,46.89778,7.03288,34433.5,-36.3,19.4,254.9,-37.2,0.5,-1.0,RS41-SG,404.500,11.7,0,8,2.6,08:29:47,-1
2023-08-12T01:02:29.999Z,T4250300,8776,46.89774,7.03264,34397.5,-36.6,18.2,256.7,-37.3,0.5,-1.0,RS41-SG,404.500,11.7,0,8,2.6,08:29:47,-1
2023-08-12T01:02:30.999Z,T4250300,8777,46.89771,7.03243,34360.9,-37.7,16.2,255.6,-37.4,0.5,-1.0,RS41-SG,404.500,11.7,0,8,2.5,08:29:47,-1
2023-08-12T01:02:31.999Z,T4250300,8778,46.89767,7.03223,34324.1,-37.8,15.1,255.5,-37.5,0.4,-1.0,RS41-SG,404.500,12.2,0,8,2.6,08:29:47,-1
2023-08-12T01:02:32.999Z,T4250300,8779,46.89763,7.03205,34286.7,-37.8,14.3,254.9,-37.4,0.5,-1.0,RS41-SG,404.500,12.2,0,8,2.5,08:29:47,-1
2023-08-12T01:02:33.999Z,T4250300,8780,46.89760,7.03187,34251.1,-33.0,13.5,256.9,-37.4,0.4,-1.0,RS41-SG,404.500,11.9,0,8,2.6,08:29:47,-1
2023-08-12T01:02:34.999Z,T4250300,8781,46.89757,7.03169,34217.8,-33.4,15.0,255.5,-37.3,0.5,-1.0,RS41-SG,404.500,12.3,0,8,2.6,08:29:47,-1
2023-08-12T01:02:35.999Z,T4250300,8782,46.89753,7.03150,34184.7,-33.4,14.5,254.2,-37.4,0.4,-1.0,RS41-SG,404.500,12.3,0,8,2.6,08:29:47,-1
2023-08-12T01:02:36.999Z,T4250300,8783,46.89750,7.03131,34152.7,-31.6,15.8,256.7,-37.5,0.5,-1.0,RS41-SG,404.500,12.0,0,8,2.6,08:29:47,-1
2023-08-12T01:02:38.999Z,T4250300,8785,46.89744,7.03087,34090.4,-31.6,18.4,259.5,-37.6,0.5,-1.0,RS41-SG,404.500,12.4,0,8,2.6,08:29:47,-1
2023-08-12T01:02:39.999Z,T4250300,8786,46.89741,7.03062,34060.1,-30.0,19.7,262.2,-37.6,0.5,-1.0,RS41-SG,404.500,12.7,0,8,2.6,08:29:47,-1
2023-08-12T01:02:40.999Z,T4250300,8787,46.89738,7.03036,34029.7,-30.4,21.3,260.4,-37.8,0.5,-1.0,RS41-SG,404.500,12.7,0,8,2.6,08:29:47,-1
2023-08-12T01:02:41.999Z,T4250300,8788,46.89735,7.03009,33999.7,-30.6,20.6,260.6,-37.9,0.5,-1.0,RS41-SG,404.500,14.0,0,8,2.6,08:29:47,-1
2023-08-12T01:02:42.999Z,T4250300,8789,46.89731,7.02983,33969.5,-29.4,19.9,258.6,-38.0,0.5,-1.0,RS41-SG,404.500,14.0,0,8,2.6,08:29:47,-1
2023-08-12T01:02:43.999Z,T4250300,8790,46.89727,7.02959,33938.3,-32.5,18.2,253.5,-38.1,0.5,-1.0,RS41-SG,404.500,12.7,0,8,2.6,08:29:47,-1
2023-08-12T01:02:44.999Z,T4250300,8791,46.89722,7.02939,33906.1,-33.1,15.6,249.1,-38.2,0.4,-1.0,RS41-SG,404.500,11.9,0,8,2.6,08:29:47,-1
2023-08-12T01:02:45.999Z,T4250300,8792,46.89717,7.02922,33873.8,-31.9,13.2,244.8,-38.3,0.5,-1.0,RS41-SG,404.500,12.8,0,8,2.6,08:29:47,-1
2023-08-12T01:02:46.999Z,T4250300,8793,46.89713,7.02909,33841.6,-33.7,10.4,238.5,-38.4,0.5,-1.0,RS41-SG,404.500,12.8,0,8,2.6,08:29:47,-1
2023-08-12T01:02:47.999Z,T4250300,8794,46.89708,7.02898,33808.0,-35.1,8.9,238.1,-38.5,0.5,-1.0,RS41-SG,404.500,11.9,0,8,2.5,08:29:47,-1
2023-08-12T01:02:48.999Z,T4250300,8795,46.89704,7.02889,33773.6,-35.0,8.2,233.1,-38.5,0.5,-1.0,RS41-SG,404.500,12.0,0,8,2.6,08:29:47,-1
2023-08-12T01:02:49.999Z,T4250300,8796,46.89700,7.02880,33739.8,-33.4,8.3,241.2,-38.7,0.5,-1.0,RS41-SG,404.500,12.0,0,8,2.6,08:29:47,-1
2023-08-12T01:02:50.999Z,T4250300,8797,46.89696,7.02869,33708.5,-30.0,10.2,247.2,-38.8,0.5,-1.0,RS41-SG,404.500,11.8,0,8,2.6,08:29:47,-1
2023-08-12T01:02:51.999Z,T4250300,8798,46.89693,7.02855,33678.6,-30.3,12.9,255.3,-38.9,0.5,-1.0,RS41-SG,404.500,12.2,0,8,2.6,08:29:47,-1
2023-08-12T01:02:52.999Z,T4250300,8799,46.89690,7.02837,33648.8,-31.2,15.4,256.0,-38.9,0.5,-1.0,RS41-SG,404.500,12.2,0,8,2.6,08:29:47,-1
2023-08-12T01:02:53.999Z,T4250300,8800,46.89686,7.02815,33619.5,-30.1,17.5,258.2,-38.9,0.5,-1.0,RS41-SG,404.500,12.1,0,8,2.5,08:29:47,-1
2023-08-12T01:02:54.999Z,T4250300,8801,46.89682,7.02792,33589.7,-31.4,18.9,256.4,-38.9,0.5,-1.0,RS41-SG,404.500,12.3,0,8,2.6,08:29:47,-1
2023-08-12T01:02:55.999Z,T4250300,8802,46.89678,7.02768,33560.1,-29.6,19.5,253.8,-38.9,0.5,-1.0,RS41-SG,404.500,12.3,0,8,2.6,08:29:47,-1
2023-08-12T01:02:56.999Z,T4250300,8803,46.89673,7.02744,33529.1,-32.7,18.9,254.6,-38.9,0.5,-1.0,RS41-SG,404.500,11.9,0,8,2.6,08:29:47,-1
2023-08-12T01:02:57.999Z,T4250300,8804,46.89668,7.02721,33495.9,-34.0,17.8,252.6,-38.9,0.5,-1.0,RS41-SG,404.500,12.3,0,8,2.6,08:29:47,-1
2023-08-12T01:02:58.999Z,T4250300,8805,46.89663,7.02700,33464.0,-30.5,16.0,249.7,-38.9,0.5,-1.0,RS41-SG,404.500,12.3,0,8,2.6,08:29:47,-1
2023-08-12T01:03:00.999Z,T4250300,8807,46.89652,7.02667,33401.5,-33.1,13.2,239.6,-38.8,0.5,-1.0,RS41-SG,404.500,11.9,0,8,2.6,08:29:47,-1
2023-08-12T01:03:01.999Z,T4250300,8808,46.89646,7.02653,33370.4,-30.3,11.6,238.4,-38.7,0.5,-1.0,RS41-SG,404.500,11.7,0,8,2.6,08:29:47,-1
2023-08-12T01:03:02.999Z,T4250300,8809,46.89641,7.02641,33340.6,-31.6,10.5,238.2,-38.6,0.5,-1.0,RS41-SG,404.500,12.1,0,8,2.6,08:29:47,-1
2023-08-12T01:03:03.999Z,T4250300,8810,46.89636,7.02628,33311.2,-29.0,11.2,237.0,-38.6,0.5,-1.0,RS41-SG,404.500,12.1,0,8,2.6,08:29:47,-1
2023-08-12T01:03:04.999Z,T4250300,8811,46.89630,7.02615,33282.8,-27.8,13.0,242.6,-38.6,0.4,-1.0,RS41-SG,404.500,12.7,0,8,2.6,08:29:47,-1
2023-08-12T01:03:05.999Z,T4250300,8812,46.89624,7.02599,33253.5,-31.1,14.2,244.0,-38.8,0.5,-1.0,RS41-SG,404.500,12.7,0,8,2.6,08:29:47,-1
2023-08-12T01:03:06.999Z,T4250300,8813,46.89618,7.02580,33221.0,-33.8,17.8,246.0,-39.1,0.5,-1.0,RS41-SG,404.500,12.7,0,8,2.6,08:29:47,-1
2023-08-12T01:03:07.999Z,T4250300,8814,46.89611,7.02558,33187.6,-34.0,18.6,246.2,-39.2,0.5,-1.0,RS41-SG,404.500,12.7,0,8,2.6,08:29:47,-1
2023-08-12T01:03:08.999Z,T4250300,8815,46.89604,7.02534,33153.9,-33.6,21.0,247.2,-39.4,0.5,-1.0,RS41-SG,404.500,13.2,0,8,2.6,08:29:47,-1
2023-08-12T01:03:09.999Z,T4250300,8816,46.89596,7.02508,33122.0,-30.6,22.1,244.0,-39.5,0.5,-1.0,RS41-SG,404.500,13.5,0,8,2.6,08:29:47,-1
2023-08-12T01:03:10.999Z,T4250300,8817,46.89588,7.02483,33091.3,-31.5,20.7,243.2,-39.6,0.5,-1.0,RS41-SG,404.500,13.5,0,8,2.6,08:29:47,-1
2023-08-12T01:03:11.999Z,T4250300,8818,46.89579,7.02460,33060.3,-31.1,19.5,241.6,-39.8,0.5,-1.0,RS41-SG,404.500,12.3,0,8,2.6,08:29:47,-1
2023-08-12T01:03:12.999Z,T4250300,8819,46.89571,7.02440,33028.6,-33.5,17.2,235.3,-40.0,0.5,-1.0,RS41-SG,404.500,11.8,0,8,2.6,08:29:47,-1
2023-08-12T01:03:13.999Z,T4250300,8820,46.89562,7.02424,32995.7,-33.2,15.1,227.1,-40.2,0.5,-1.0,RS41-SG,404.500,14.1,0,8,2.6,08:29:47,-1
2023-08-12T01:03:14.999Z,T4250300,8821,46.89553,7.02412,32963.3,-32.7,12.2,221.6,-40.3,0.5,-1.0,RS41-SG,404.500,14.1,0,8,2.6,08:29:47,-1
2023-08-12T01:03:15.999Z,T4250300,8822,46.89544,7.02404,32930.3,-33.2,11.1,205.5,-40.3,0.5,-1.0,RS41-SG,404.500,13.5,0,8,2.6,08:29:47,-1
2023-08-12T01:03:16.999Z,T4250300,8823,46.89535,7.02398,32897.0,-33.7,10.6,199.8,-40.2,0.5,-1.0,RS41-SG,404.500,13.5,0,8,2.6,08:28:56,-1
2023-08-12T01:03:17.999Z,T4250300,8824,46.89526,7.02395,32864.1,-33.3,9.9,188.3,-40.2,0.5,-1.0,RS41-SG,404.500,11.9,0,8,2.6,08:28:56,-1
2023-08-12T01:03:18.999Z,T4250300,8825,46.89517,7.02393,32831.3,-33.2,10.2,187.6,-40.3,0.5,-1.0,RS41-SG,404.500,11.8,0,8,2.6,08:28:56,-1
2023-08-12T01:03:19.999Z,T4250300,8826,46.89509,7.02391,32799.5,-32.1,9.2,190.6,-40.6,0.5,-1.0,RS41-SG,404.500,12.5,0,8,2.6,08:28:56,-1
2023-08-12T01:03:20.999Z,T4250300,8827,46.89501,7.02388,32769.2,-29.2,9.2,204.3,-40.7,0.5,-1.0,RS41-SG,404.500,12.5,0,8,2.5,08:28:56,-1
2023-08-12T01:03:21.999Z,T4250300,8828,46.89493,7.02381,32739.6,-30.4,10.7,218.6,-40.8,0.6,-1.0,RS41-SG,404.500,12.8,0,8,2.6,08:28:56,-1
2023-08-12T01:03:22.999Z,T4250300,8829,46.89485,7.02371,32710.0,-29.8,12.8,223.4,-40.7,0.5,-1.0,RS41-SG,404.500,12.8,0,8,2.6,08:28:56,-1
2023-08-12T01:03:23.999Z,T4250300,8830,46.89477,7.02359,32679.2,-32.6,13.3,227.9,-40.6,0.5,-1.0,RS41-SG,404.500,13.5,0,8,2.6,08:28:56,-1
2023-08-12T01:03:24.999Z,T4250300,8831,46.89469,7.02345,32647.4,-32.2,13.6,232.7,-40.6,0.5,-1.0,RS41-SG,404.500,13.5,0,8,2.6,08:28:56,-1
2023-08-12T01:03:25.999Z,T4250300,8832,46.89461,7.02330,32616.0,-31.9,14.9,235.6,-40.7,0.6,-1.0,RS41-SG,404.500,12.5,0,8,2.6,08:28:56,-1
2023-08-12T01:03:26.999Z,T4250300,8833,46.89454,7.02315,32585.0,-31.3,13.2,235.6,-40.6,0.5,-1.0,RS41-SG,404.500,12.5,0,8,2.6,08:28:56,-1
2023-08-12T01:03:27.999Z,T4250300,8834,46.89448,7.02301,32552.8,-33.8,12.6,239.0,-40.5,0.6,-1.0,RS41-SG,404.500,12.2,0,8,2.6,08:28:56,-1
2023-08-12T01:03:28.999Z,T4250300,8835,46.89443,7.02288,32518.8,-35.7,10.7,242.2,-40.5,0.5,-1.0,RS41-SG,404.500,13.6,0,8,2.6,08:28:56,-1
2023-08-12T01:03:29.999Z,T4250300,8836,46.89439,7.02276,32483.4,-35.6,9.3,247.4,-40.6,0.5,-1.0,RS41-SG,404.500,14.1,0,8,2.6,08:28:56,-1
2023-08-12T01:03:30.999Z,T4250300,8837,46.89437,7.02266,32448.1,-36.0,7.5,253.9,-40.5,0.5,-1.0,RS41-SG,404.500,14.1,0,8,2.6,08:28:56,-1
2023-08-12T01:03:31.999Z,T4250300,8838,46.89434,7.02256,32413.4,-34.4,7.7,256.1,-40.4,0.5,-1.0,RS41-SG,404.500,14.0,0,8,2.6,08:28:56,-1
2023-08-12T01:03:32.999Z,T4250300,8839,46.89433,7.02247,32378.2,-36.0,7.6,251.5,-40.2,0.5,-1.0,RS41-SG,404.500,14.5,0,8,2.6,08:28:56,-1
2023-08-12T01:03:33.999Z,T4250300,8840,46.89431,7.02238,32343.6,-34.0,5.8,252.0,-40.0,0.5,-1.0,RS41-SG,404.500,14.5,0,8,2.6,08:28:56,-1
2023-08-12T01:03:34.999Z,T4250300,8841,46.89430,7.02232,32309.9,-33.8,4.9,260.5,-39.9,0.5,-1.0,RS41-SG,404.500,13.4,0,8,2.6,08:28:56,-1
2023-08-12T01:03:35.999Z,T4250300,8842,46.89430,7.02225,32276.7,-33.0,5.5,273.1,-39.7,0.5,-1.0,RS41-SG,404.500,13.4,0,8,2.6,08:28:56,-1
2023-08-12T01:03:36.999Z,T4250300,8843,46.89430,7.02215,32244.5,-31.6,8.9,279.8,-39.6,0.5,-1.0,RS41-SG,404.500,14.3,0,8,2.6,08:28:56,-1
2023-08-12T01:03:37.999Z,T4250300,8844,46.89432,7.02201,32213.0,-30.3,13.2,280.7,-39.6,0.4,-1.0,RS41-SG,404.500,14.3,0,8,2.6,08:28:56,-1
2023-08-12T01:03:38.999Z,T4250300,8845,46.89434,7.02181,32182.4,-31.1,16.7,274.2,-39.5,0.5,-1.0,RS41-SG,404.500,13.3,0,8,2.6,08:28:56,-1
2023-08-12T01:03:39.999Z,T4250300,8846,46.89433,7.02157,32151.4,-31.0,20.0,261.7,-39.5,0.5,-1.0,RS41-SG,404.500,13.9,0,8,2.6,08:28:56,-1
2023-08-12T01:03:40.999Z,T4250300,8847,46.89427,7.02131,32121.6,-29.8,22.5,245.0,-39.6,0.5,-1.0,RS41-SG,404.500,13.9,0,8,2.6,08:28:56,-1
2023-08-12T01:03:41.999Z,T4250300,8848,46.89415,7.02105,32091.5,-29.8,25.6,228.3,-39.6,0.5,-1.0,RS41-SG,404.500,14.0,187,8,2.5,08:28:56,-1
2023-08-12T01:03:42.999Z,T4250300,8849,46.89397,7.02083,32061.9,-29.9,26.9,213.4,-39.6,0.5,-1.0,RS41-SG,404.500,14.0,187,8,2.6,08:28:56,-1
2023-08-12T01:03:43.999Z,T4250300,8850,46.89376,7.02067,32032.6,-31.1,26.8,201.8,-39.5,0.5,-1.0,RS41-SG,404.500,12.2,0,8,2.6,08:28:56,-1
2023-08-12T01:03:44.999Z,T4250300,8851,46.89354,7.02058,32001.2,-33.1,25.8,190.9,-39.5,0.5,-1.0,RS41-SG,404.500,12.2,0,7,2.6,08:28:56,-1
2023-08-12T01:03:45.999Z,T4250300,8852,46.89331,7.02055,31967.9,-34.4,25.1,179.0,-39.5,0.5,-1.0,RS41-SG,404.500,12.7,0,8,2.6,08:28:56,-1
2023-08-12T01:03:46.999Z,T4250300,8853,46.89309,7.02058,31934.4,-34.1,24.3,168.8,-39.6,0.5,-1.0,RS41-SG,404.500,12.7,0,8,2.6,08:28:56,-1
2023-08-12T01:03:47.999Z,T4250300,8854,46.89289,7.02067,31902.2,-32.6,21.7,156.0,-39.7,0.5,-1.0,RS41-SG,404.500,10.2,0,8,2.6,08:28:56,-1
2023-08-12T01:03:48.999Z,T4250300,8855,46.89274,7.02081,31870.0,-31.3,19.5,141.1,-39.7,0.5,-1.0,RS41-SG,404.500,9.1,0,8,2.6,08:28:56,-1
2023-08-12T01:03:49.999Z,T4250300,8856,46.89263,7.02098,31839.6,-29.8,15.7,118.8,-39.9,0.5,-1.0,RS41-SG,404.500,9.1,0,7,2.6,08:28:56,-1
2023-08-12T01:03:51.999Z,T4250300,8858,46.89265,7.02126,31782.5,-28.5,10.4,37.4,-40.1,0.5,-1.0,RS41-SG,404.500,10.4,0,8,2.6,08:28:56,-1
2023-08-12T01:03:52.999Z,T4250300,8859,46.89275,7.02130,31752.6,-32.1,13.4,4.5,-40.2,0.5,-1.0,RS41-SG,404.500,11.1,0,8,2.6,08:28:56,-1
2023-08-12T01:03:53.999Z,T4250300,8860,46.89288,7.02128,31720.0,-34.4,17.3,345.2,-40.4,0.5,-1.0,RS41-SG,404.500,11.1,0,8,2.6,08:28:56,-1
2023-08-12T01:03:54.999Z,T4250300,8861,46.89304,7.02118,31686.2,-35.3,20.8,329.1,-40.5,0.5,-1.0,RS41-SG,404.500,11.8,0,8,2.6,08:28:56,-1
2023-08-12T01:03:55.999Z,T4250300,8862,46.89319,7.02099,31651.1,-36.9,23.9,313.9,-40.8,0.5,-1.0,RS41-SG,404.500,14.5,0,8,2.6,08:28:56,-1
2023-08-12T01:03:56.999Z,T4250300,8863,46.89333,7.02072,31616.1,-35.0,27.8,301.6,-41.1,0.6,-1.0,RS41-SG,404.500,14.5,0,8,2.5,08:28:56,-1
2023-08-12T01:03:57.999Z,T4250300,8864,46.89344,7.02038,31582.6,-33.3,30.1,285.6,-41.4,0.6,-1.0,RS41-SG,404.500,11.9,0,8,2.6,08:28:56,-1
2023-08-12T01:03:58.999Z,T4250300,8865,46.89347,7.01999,31550.5,-32.2,29.8,269.9,-41.6,0.6,-1.0,RS41-SG,404.500,10.7,0,8,2.6,08:28:56,-1
2023-08-12T01:03:59.999Z,T4250300,8866,46.89344,7.01962,31520.3,-30.6,27.6,255.5,-41.7,0.6,-1.0,RS41-SG,404.500,12.8,187,8,2.6,08:28:56,-1
2023-08-12T01:04:00.999Z,T4250300,8867,46.89336,7.01930,31492.0,-29.0,25.7,242.9,-41.7,0.6,-1.0,RS41-SG,404.500,12.8,0,8,2.6,08:28:56,-1
2023-08-12T01:04:01.999Z,T4250300,8868,46.89324,7.01903,31463.3,-30.0,22.8,227.6,-41.8,0.6,-1.0,RS41-SG,404.500,9.8,0,8,2.5,08:28:56,-1
2023-08-12T01:04:09.999Z,T4250300,8876,46.89335,7.01903,31228.3,-34.0,25.7,349.9,-42.1,0.6,-1.0,RS41-SG,404.500,9.7,0,8,2.6,08:28:56,-1
2023-08-12T01:04:10.999Z,T4250300,8877,46.89359,7.01893,31195.4,-33.9,28.8,335.5,-42.0,0.6,-1.0,RS41-SG,404.500,11.0,0,8,2.6,08:28:56,-1
2023-08-12T01:04:11.999Z,T4250300,8878,46.89382,7.01874,31162.2,-33.6,31.0,326.0,-41.8,0.6,-1.0,RS41-SG,404.500,11.0,0,8,2.6,08:28:56,-1
2023-08-12T01:04:12.999Z,T4250300,8879,46.89403,7.01847,31130.5,-31.8,32.5,313.1,-41.7,0.6,-1.0,RS41-SG,404.500,10.5,0,8,2.6,08:28:56,-1
2023-08-12T01:04:13.999Z,T4250300,8880,46.89421,7.01813,31101.7,-28.9,31.6,301.7,-41.7,0.5,-1.0,RS41-SG,404.500,10.5,0,8,2.6,08:28:56,-1
2023-08-12T01:04:15.999Z,T4250300,8882,46.89437,7.01741,31048.5,-27.7,26.3,273.2,-41.7,0.5,-1.0,RS41-SG,404.500,10.8,0,8,2.6,08:28:56,-1
2023-08-12T01:04:18.999Z,T4250300,8885,46.89422,7.01660,30962.6,-31.6,17.3,230.3,-42.1,0.6,-1.0,RS41-SG,404.500,10.0,0,8,2.6,08:28:56,-1
2023-08-12T01:04:19.999Z,T4250300,8886,46.89411,7.01646,30931.9,-32.7,14.9,214.6,-42.3,0.6,-1.0,RS41-SG,404.500,11.3,0,8,2.6,08:28:56,-1
2023-08-12T01:04:20.999Z,T4250300,8887,46.89400,7.01638,30900.3,-33.5,12.3,198.6,-42.4,0.6,-1.0,RS41-SG,404.500,11.3,0,8,2.6,08:28:56,-1
2023-08-12T01:04:22.999Z,T4250300,8889,46.89384,7.01641,30837.4,-31.4,8.4,141.2,-42.8,0.6,-1.0,RS41-SG,404.500,11.3,0,8,2.6,08:28:56,-1
2023-08-12T01:04:23.999Z,T4250300,8890,46.89381,7.01648,30808.7,-28.8,5.3,108.4,-43.2,0.6,-1.0,RS41-SG,404.500,10.4,0,8,2.5,08:28:56,-1
2023-08-12T01:04:25.999Z,T4250300,8892,46.89386,7.01658,30753.2,-27.7,7.0,10.4,-43.9,0.7,-1.0,RS41-SG,404.500,10.6,0,8,2.6,08:28:56,-1
2023-08-12T01:04:26.999Z,T4250300,8893,46.89394,7.01657,30725.7,-28.1,10.1,344.5,-44.1,0.7,-1.0,RS41-SG,404.500,10.6,0,8,2.6,08:28:56,-1
2023-08-12T01:04:27.999Z,T4250300,8894,46.89403,7.01651,30697.4,-29.6,12.6,328.8,-44.3,0.7,-1.0,RS41-SG,404.500,10.0,0,8,2.6,08:28:56,-1
2023-08-12T01:04:28.999Z,T4250300,8895,46.89413,7.01640,30668.4,-29.6,15.1,315.4,-44.4,0.7,-1.0,RS41-SG,404.500,11.1,0,8,2.6,08:28:56,-1
2023-08-12T01:04:29.999Z,T4250300,8896,46.89422,7.01623,30639.5,-29.4,17.9,300.0,-44.5,0.7,-1.0,RS41-SG,404.500,11.1,0,8,2.5,08:28:56,-1
2023-08-12T01:04:30.999Z,T4250300,8897,46.89429,7.01600,30610.3,-29.3,20.7,289.6,-44.6,0.7,-1.0,RS41-SG,404.500,10.4,0,8,2.6,08:28:56,-1
2023-08-12T01:04:31.999Z,T4250300,8898,46.89434,7.01572,30581.4,-28.5,22.5,279.3,-44.6,0.7,-1.0,RS41-SG,404.500,11.2,0,8,2.6,08:28:56,-1
2023-08-12T01:04:32.999Z,T4250300,8899,46.89435,7.01543,30553.3,-28.5,22.4,266.8,-44.8,0.7,-1.0,RS41-SG,404.500,11.9,0,8,2.6,08:28:56,-1
2023-08-12T01:04:33.999Z,T4250300,8900,46.89432,7.01515,30525.9,-28.5,21.1,253.0,-44.9,0.7,-1.0,RS41-SG,404.500,11.9,0,8,2.6,08:28:56,-1
2023-08-12T01:04:34.999Z,T4250300,8901,46.89424,7.01490,30497.3,-29.6,21.3,239.3,-45.0,0.7,-1.0,RS41-SG,404.500,10.8,0,8,2.6,08:28:56,-1
2023-08-12T01:04:35.999Z,T4250300,8902,46.89413,7.01468,30467.4,-30.3,21.2,228.1,-45.0,0.7,-1.0,RS41-SG,404.500,10.6,0,8,2.6,08:28:56,-1
2023-08-12T01:04:36.999Z,T4250300,8903,46.89399,7.01449,30437.6,-30.5,21.0,216.0,-44.9,0.7,-1.0,RS41-SG,404.500,10.5,0,8,2.6,08:28:56,-1
2023-08-12T01:04:42.999Z,T4250300,8909,46.89335,7.01463,30266.5,-29.0,9.6,88.8,-45.5,0.7,-1.0,RS41-SG,404.500,7.8,0,8,2.6,08:28:56,-1
2023-08-12T01:04:43.999Z,T4250300,8910,46.89338,7.01474,30238.4,-29.0,9.5,57.2,-45.6,0.7,-1.0,RS41-SG,404.500,10.5,0,8,2.6,08:28:56,-1
2023-08-12T01:04:45.999Z,T4250300,8912,46.89356,7.01488,30178.9,-31.5,13.8,10.1,-45.7,0.7,-1.0,RS41-SG,404.500,10.7,0,8,2.6,08:28:56,-1
2023-08-12T01:04:46.999Z,T4250300,8913,46.89369,7.01488,30148.9,-29.9,15.9,351.7,-45.8,0.7,-1.0,RS41-SG,404.500,10.7,0,8,2.6,08:28:56,-1
2023-08-12T01:04:47.999Z,T4250300,8914,46.89383,7.01481,30119.2,-30.4,18.6,331.4,-46.0,0.7,-1.0,RS41-SG,404.500,11.9,0,8,2.6,08:28:56,-1
2023-08-12T01:04:48.999Z,T4250300,8915,46.89398,7.01466,30088.8,-31.3,21.0,317.9,-46.1,0.7,-1.0,RS41-SG,404.500,11.9,0,8,2.6,08:28:56,-1
2023-08-12T01:04:49.999Z,T4250300,8916,46.89410,7.01444,30058.8,-30.3,22.9,302.7,-46.2,0.8,-1.0,RS41-SG,404.500,11.9,0,8,2.6,08:28:56,-1
2023-08-12T01:04:50.999Z,T4250300,8917,46.89420,7.01416,30029.6,-30.6,24.7,290.8,-46.3,0.8,-1.0,RS41-SG,404.500,11.9,0,8,2.5,08:28:56,-1
2023-08-12T01:04:51.999Z,T4250300,8918,46.89426,7.01384,29999.5,-31.0,26.6,280.6,-46.3,0.7,-1.0,RS41-SG,404.500,12.7,0,8,2.6,08:28:56,-1
2023-08-12T01:04:52.999Z,T4250300,8919,46.89428,7.01349,29969.4,-30.9,27.4,270.7,-46.2,0.7,-1.0,RS41-SG,404.500,12.7,0,8,2.6,08:28:56,-1
2023-08-12T01:04:53.999Z,T4250300,8920,46.89427,7.01313,29940.0,-30.5,26.6,261.2,-46.2,0.7,-1.0,RS41-SG,404.500,12.0,0,8,2.6,08:28:56,-1
2023-08-12T01:04:54.999Z,T4250300,8921,46.89421,7.01280,29909.4,-31.7,26.5,249.4,-46.2,0.7,-1.0,RS41-SG,404.500,12.0,0,8,2.6,08:28:56,-1
2023-08-12T01:04:55.999Z,T4250300,8922,46.89411,7.01250,29879.7,-29.6,25.1,238.2,-46.2,0.7,-1.0,RS41-SG,404.500,11.7,0,8,2.5,08:28:56,-1
2023-08-12T01:04:56.999Z,T4250300,8923,46.89397,7.01225,29851.4,-28.6,22.9,223.7,-46.1,0.7,-1.0,RS41-SG,404.500,10.7,0,8,2.6,08:28:56,-1
2023-08-12T01:04:57.999Z,T4250300,8924,46.89382,7.01208,29823.4,-28.2,20.5,211.3,-46.0,0.7,-1.0,RS41-SG,404.500,11.6,0,8,2.6,08:28:56,-1
2023-08-12T01:04:58.999Z,T4250300,8925,46.89367,7.01199,29795.7,-29.0,16.5,194.0,-45.8,0.7,-1.0,RS41-SG,404.500,11.6,0,8,2.6,08:27:14,-1
2023-08-12T01:04:59.999Z,T4250300,8926,46.89354,7.01197,29767.7,-28.7,13.6,175.1,-45.7,0.7,-1.0,RS41-SG,404.500,10.9,0,8,2.6,08:27:14,-1
2023-08-12T01:05:02.999Z,T4250300,8929,46.89336,7.01222,29682.0,-29.3,9.5,71.2,-45.5,0.7,-1.0,RS41-SG,404.500,8.1,0,8,2.6,08:27:14,-1
2023-08-12T01:05:04.999Z,T4250300,8931,46.89354,7.01240,29624.7,-29.5,16.9,9.0,-45.2,0.6,-1.0,RS41-SG,404.500,11.0,0,8,2.6,08:27:14,-1
2023-08-12T01:05:05.999Z,T4250300,8932,46.89370,7.01239,29596.6,-28.6,19.8,348.2,-45.0,0.6,-1.0,RS41-SG,404.500,11.4,0,8,2.6,08:27:14,-1
2023-08-12T01:05:06.999Z,T4250300,8933,46.89388,7.01229,29567.7,-29.7,22.9,332.8,-44.8,0.6,-1.0,RS41-SG,404.500,11.4,0,8,2.6,08:27:14,-1
2023-08-12T01:05:07.999Z,T4250300,8934,46.89405,7.01211,29538.2,-30.4,25.8,316.0,-44.6,0.6,-1.0,RS41-SG,404.500,11.0,0,8,2.6,08:27:14,-1
2023-08-12T01:05:08.999Z,T4250300,8935,46.89420,7.01183,29508.3,-30.6,28.2,303.4,-44.4,0.6,-1.0,RS41-SG,404.500,12.5,0,8,2.6,08:27:14,-1
2023-08-12T01:05:09.999Z,T4250300,8936,46.89432,7.01149,29478.6,-30.6,31.3,290.3,-44.3,0.6,-1.0,RS41-SG,404.500,12.5,0,8,2.6,08:27:14,-1
2023-08-12T01:05:10.999Z,T4250300,8937,46.89439,7.01108,29449.7,-29.7,32.3,276.6,-44.2,0.6,-1.0,RS41-SG,404.500,11.9,0,8,2.6,08:27:14,-1
2023-08-12T01:05:11.999Z,T4250300,8938,46.89439,7.01065,29421.3,-28.7,33.3,263.1,-44.1,0.6,-1.0,RS41-SG,404.500,11.3,0,8,2.6,08:27:14,-1
2023-08-12T01:05:12.999Z,T4250300,8939,46.89431,7.01024,29393.0,-28.6,33.2,249.0,-44.0,0.6,-1.0,RS41-SG,404.500,9.8,0,8,2.6,08:27:14,-1
2023-08-12T01:05:13.999Z,T4250300,8940,46.89417,7.00986,29364.5,-29.1,32.1,233.0,-44.0,0.6,-1.0,RS41-SG,404.500,9.7,0,8,2.6,08:27:14,-1
2023-08-12T01:05:14.999Z,T4250300,8941,46.89399,7.00958,29336.9,-28.6,28.6,216.9,-44.0,0.6,-1.0,RS41-SG,404.500,12.5,0,8,2.6,08:27:14,-1
2023-08-12T01:05:15.999Z,T4250300,8942,46.89378,7.00940,29309.9,-28.3,24.6,204.5,-44.0,0.6,-1.0,RS41-SG,404.500,12.5,0,8,2.6,08:27:14,-1
2023-08-12T01:05:16.999Z,T4250300,8943,46.89359,7.00932,29281.5,-29.8,21.0,188.2,-44.0,0.6,-1.0,RS41-SG,404.500,11.3,0,8,2.6,08:27:14,-1
2023-08-12T01:05:17.999Z,T4250300,8944,46.89342,7.00933,29252.2,-31.1,17.1,168.7,-43.9,0.6,-1.0,RS41-SG,404.500,8.5,0,8,2.5,08:27:14,-1
2023-08-12T01:05:19.999Z,T4250300,8946,46.89322,7.00952,29192.7,-31.1,11.0,115.9,-43.9,0.6,-1.0,RS41-SG,404.500,10.6,0,8,2.6,08:27:14,-1
2023-08-12T01:05:20.999Z,T4250300,8947,46.89320,7.00965,29162.9,-30.0,9.9,84.0,-43.9,0.6,-1.0,RS41-SG,404.500,10.6,0,8,2.6,08:27:14,-1
2023-08-12T01:05:21.999Z,T4250300,8948,46.89324,7.00975,29134.6,-28.4,10.7,36.1,-43.9,0.6,-1.0,RS41-SG,404.500,10.6,0,8,2.6,08:27:14,-1
2023-08-12T01:05:22.999Z,T4250300,8949,46.89335,7.00980,29106.7,-27.9,14.5,1.7,-43.9,0.6,-1.0,RS41-SG,404.500,12.7,0,8,2.6,08:27:14,-1
2023-08-12T01:05:23.999Z,T4250300,8950,46.89349,7.00974,29079.9,-27.2,18.3,332.5,-43.9,0.6,-1.0,RS41-SG,404.500,12.7,0,8,2.6,08:27:14,-1
2023-08-12T01:05:24.999Z,T4250300,8951,46.89362,7.00959,29054.1,-26.7,20.4,310.9,-44.0,0.6,-1.0,RS41-SG,404.500,12.5,0,8,2.6,08:27:14,-1
2023-08-12T01:05:25.999Z,T4250300,8952,46.89373,7.00934,29027.7,-27.0,24.5,296.5,-44.0,0.6,-1.0,RS41-SG,404.500,12.5,0,8,2.6,08:27:14,-1
2023-08-12T01:05:26.999Z,T4250300,8953,46.89380,7.00903,29000.1,-29.5,25.8,279.6,-43.9,0.6,-1.0,RS41-SG,404.500,12.3,0,8,2.6,08:27:14,-1
2023-08-12T01:05:27.999Z,T4250300,8954,46.89381,7.00868,28971.8,-29.6,26.6,267.1,-43.8,0.6,-1.0,RS41-SG,404.500,12.9,0,8,2.6,08:27:14,-1
2023-08-12T01:05:28.999Z,T4250300,8955,46.89377,7.00834,28942.1,-31.5,26.7,252.8,-43.9,0.6,-1.0,RS41-SG,404.500,13.8,0,8,2.6,08:27:14,-1
2023-08-12T01:05:29.999Z,T4250300,8956,46.89368,7.00803,28912.7,-29.8,26.1,240.3,-44.0,0.6,-1.0,RS41-SG,404.500,13.8,0,8,2.6,08:27:14,-1
2023-08-12T01:05:30.999Z,T4250300,8957,46.89354,7.00775,28883.7,-29.7,26.0,227.8,-44.2,0.6,-1.0,RS41-SG,404.500,13.0,0,8,2.6,08:27:14,-1
2023-08-12T01:05:31.999Z,T4250300,8958,46.89337,7.00754,28855.4,-29.0,25.1,212.1,-44.3,0.6,-1.0,RS41-SG,404.500,12.0,0,8,2.6,08:27:14,-1
2023-08-12T01:05:32.999Z,T4250300,8959,46.89318,7.00741,28828.2,-27.9,21.8,195.7,-44.3,0.6,-1.0,RS41-SG,404.500,11.4,0,8,2.6,08:27:14,-1
2023-08-12T01:05:33.999Z,T4250300,8960,46.89300,7.00738,28802.5,-26.2,19.0,178.6,-44.3,0.6,-1.0,RS41-SG,404.500,9.0,0,8,2.6,08:27:14,-1
2023-08-12T01:05:34.999Z,T4250300,8961,46.89284,7.00742,28776.7,-26.5,16.2,156.7,-44.3,0.6,-1.0,RS41-SG,404.500,10.9,0,8,2.6,08:27:14,-1
2023-08-12T01:05:35.999Z,T4250300,8962,46.89274,7.00753,28751.6,-27.5,13.8,134.9,-44.3,0.6,-1.0,RS41-SG,404.500,10.9,0,8,2.6,08:27:14,-1
2023-08-12T01:05:36.999Z,T4250300,8963,46.89267,7.00767,28724.2,-29.6,12.7,109.5,-44.4,0.6,-1.0,RS41-SG,404.500,12.0,0,8,2.5,08:27:14,-1
2023-08-12T01:05:37.999Z,T4250300,8964,46.89266,7.00782,28696.0,-29.8,11.2,84.3,-44.4,0.6,-1.0,RS41-SG,404.500,12.2,0,8,2.5,08:27:14,-1
2023-08-12T01:05:38.999Z,T4250300,8965,46.89269,7.00795,28666.5,-30.9,9.9,60.3,-44.4,0.6,-1.0,RS41-SG,404.500,12.3,0,8,2.5,08:27:14,-1
2023-08-12T01:05:39.999Z,T4250300,8966,46.89275,7.00805,28636.3,-31.5,10.4,40.0,-44.3,0.6,-1.0,RS41-SG,404.500,12.8,0,8,2.6,08:27:14,-1
2023-08-12T01:05:40.999Z,T4250300,8967,46.89283,7.00812,28606.3,-30.2,10.6,20.7,-44.3,0.6,-1.0,RS41-SG,404.500,12.8,0,8,2.6,08:27:14,-1
2023-08-12T01:05:41.999Z,T4250300,8968,46.89292,7.00814,28577.2,-29.9,10.6,357.0,-44.3,0.6,-1.0,RS41-SG,404.500,12.5,0,8,2.6,08:27:14,-1
2023-08-12T01:05:42.999Z,T4250300,8969,46.89302,7.00812,28548.0,-29.6,11.8,343.8,-44.3,0.6,-1.0,RS41-SG,404.500,13.4,0,8,2.6,08:27:14,-1
2023-08-12T01:05:43.999Z,T4250300,8970,46.89312,7.00806,28520.1,-28.1,11.9,330.1,-44.4,0.6,-1.0,RS41-SG,404.500,13.9,0,8,2.6,08:27:14,-1
2023-08-12T01:05:44.999Z,T4250300,8971,46.89320,7.00796,28494.0,-26.6,12.4,313.6,-44.5,0.6,-1.0,RS41-SG,404.500,13.9,0,8,2.5,08:27:14,-1
2023-08-12T01:05:45.999Z,T4250300,8972,46.89326,7.00783,28468.9,-25.6,12.4,293.4,-44.5,0.6,-1.0,RS41-SG,404.500,13.8,0,8,2.6,08:27:14,-1
2023-08-12T01:05:46.999Z,T4250300,8973,46.89329,7.00766,28443.3,-25.9,13.2,276.9,-44.5,0.7,-1.0,RS41-SG,404.500,13.8,0,8,2.6,08:27:14,-1
2023-08-12T01:05:47.999Z,T4250300,8974,46.89328,7.00749,28417.2,-27.2,14.3,256.9,-44.5,0.6,-1.0,RS41-SG,404.500,13.9,0,8,2.6,08:27:14,-1
2023-08-12T01:05:48.999Z,T4250300,8975,46.89323,7.00730,28390.2,-27.8,15.9,242.2,-44.5,0.6,-1.0,RS41-SG,404.500,13.9,0,8,2.6,08:27:14,-1
2023-08-12T01:05:49.999Z,T4250300,8976,46.89315,7.00713,28363.0,-28.4,17.3,225.7,-44.6,0.6,-1.0,RS41-SG,404.500,13.8,0,8,2.6,08:26:23,-1
2023-08-12T01:05:50.999Z,T4250300,8977,46.89302,7.00699,28335.4,-28.5,18.2,211.3,-44.8,0.7,-1.0,RS41-SG,404.500,14.3,0,8,2.6,08:26:23,-1
2023-08-12T01:05:51.999Z,T4250300,8978,46.89288,7.00689,28307.7,-29.4,18.8,200.4,-45.0,0.7,-1.0,RS41-SG,404.500,14.3,0,8,2.6,08:26:23,-1
2023-08-12T01:05:52.999Z,T4250300,8979,46.89272,7.00683,28278.6,-31.2,18.5,190.7,-45.2,0.7,-1.0,RS41-SG,404.500,14.7,0,8,2.6,08:26:23,-1
2023-08-12T01:05:53.999Z,T4250300,8980,46.89256,7.00681,28248.4,-31.9,17.4,182.2,-45.5,0.7,-1.0,RS41-SG,404.500,14.7,0,8,2.5,08:26:23,-1
2023-08-12T01:05:54.999Z,T4250300,8981,46.89241,7.00682,28219.3,-29.7,16.4,171.5,-45.8,0.7,-1.0,RS41-SG,404.500,14.3,0,8,2.6,08:26:23,-1
2023-08-12T01:05:55.999Z,T4250300,8982,46.89227,7.00687,28192.0,-27.9,15.7,163.8,-46.0,0.7,-1.0,RS41-SG,404.500,14.3,0,8,2.6,08:26:23,-1
2023-08-12T01:05:56.999Z,T4250300,8983,46.89215,7.00693,28166.1,-26.9,13.5,159.1,-46.1,0.7,-1.0,RS41-SG,404.500,14.3,0,8,2.6,08:26:23,-1
2023-08-12T01:05:57.999Z,T4250300,8984,46.89205,7.00700,28140.2,-26.6,12.1,153.6,-46.2,0.7,-1.0,RS41-SG,404.500,15.0,0,8,2.6,08:26:23,-1
2023-08-12T01:05:58.999Z,T4250300,8985,46.89196,7.00708,28114.2,-26.9,10.1,147.0,-46.2,0.7,-1.0,RS41-SG,404.500,15.0,0,8,2.6,08:26:23,-1
2023-08-12T01:05:59.999Z,T4250300,8986,46.89190,7.00714,28087.5,-28.1,7.8,143.1,-46.2,0.7,-1.0,RS41-SG,404.500,15.0,0,8,2.5,08:26:23,-1
2023-08-12T01:06:00.999Z,T4250300,8987,46.89185,7.00720,28059.9,-28.6,5.5,137.4,-46.2,0.7,-1.0,RS41-SG,404.500,14.4,0,8,2.6,08:26:23,-1
2023-08-12T01:06:01.999Z,T4250300,8988,46.89182,7.00724,28031.6,-29.2,3.8,141.3,-46.2,0.7,-1.0,RS41-SG,404.500,14.6,0,8,2.6,08:26:23,-1
2023-08-12T01:06:02.999Z,T4250300,8989,46.89180,7.00727,28003.7,-28.0,2.0,137.8,-46.2,0.7,-1.0,RS41-SG,404.500,14.6,0,8,2.6,08:26:23,-1
2023-08-12T01:06:03.999Z,T4250300,8990,46.89179,7.00728,27975.7,-28.6,1.4,162.5,-46.2,0.7,-1.0,RS41-SG,404.500,15.2,0,8,2.6,08:26:23,-1
2023-08-12T01:06:04.999Z,T4250300,8991,46.89177,7.00728,27947.9,-27.9,2.2,220.1,-46.2,0.7,-1.0,RS41-SG,404.500,16.0,0,8,2.6,08:26:23,-1
2023-08-12T01:06:05.999Z,T4250300,8992,46.89176,7.00724,27920.4,-28.5,4.0,245.4,-46.2,0.7,-1.0,RS41-SG,404.500,16.4,0,8,2.5,08:26:23,-1
2023-08-12T01:06:06.999Z,T4250300,8993,46.89174,7.00719,27892.8,-28.7,5.8,253.1,-46.2,0.7,-1.0,RS41-SG,404.500,16.4,0,8,2.6,08:26:23,-1
2023-08-12T01:06:07.999Z,T4250300,8994,46.89173,7.00712,27865.0,-28.6,5.8,261.0,-46.2,0.7,-1.0,RS41-SG,404.500,15.6,0,8,2.6,08:26:23,-1
2023-08-12T01:06:08.999Z,T4250300,8995,46.89173,7.00705,27837.2,-28.9,5.9,272.7,-46.3,0.7,-1.0,RS41-SG,404.500,15.3,0,8,2.6,08:26:23,-1
2023-08-12T01:06:09.999Z,T4250300,8996,46.89174,7.00697,27808.6,-29.0,5.8,280.7,-46.4,0.7,-1.0,RS41-SG,404.500,15.3,0,8,2.6,08:26:23,-1
2023-08-12T01:06:10.999Z,T4250300,8997,46.89176,7.00690,27779.6,-29.6,5.9,294.2,-46.5,0.7,-1.0,RS41-SG,404.500,13.4,0,8,2.6,08:26:23,-1
2023-08-12T01:06:11.999Z,T4250300,8998,46.89178,7.00684,27750.5,-29.5,5.3,307.4,-46.6,0.8,-1.0,RS41-SG,404.500,13.7,0,8,2.6,08:26:23,-1
2023-08-12T01:06:12.999Z,T4250300,8999,46.89182,7.00679,27722.0,-28.8,5.9,330.4,-46.6,0.8,-1.0,RS41-SG,404.500,15.2,0,8,2.6,08:26:23,-1
2023-08-12T01:06:13.999Z,T4250300,9000,46.89187,7.00676,27693.6,-28.9,6.5,346.4,-46.5,0.7,-1.0,RS41-SG,404.500,15.2,0,8,2.6,08:26:23,-1
2023-08-12T01:06:14.999Z,T4250300,9001,46.89193,7.00675,27665.3,-28.6,6.8,1.0,-46.4,0.7,-1.0,RS41-SG,404.500,15.3,0,8,2.6,08:26:23,-1
2023-08-12T01:06:15.999Z,T4250300,9002,46.89200,7.00676,27637.2,-28.9,7.0,8.6,-46.2,0.7,-1.0,RS41-SG,404.500,15.8,0,8,2.6,08:26:23,-1
2023-08-12T01:06:16.999Z,T4250300,9003,46.89205,7.00678,27609.0,-28.8,6.5,16.1,-46.2,0.7,-1.0,RS41-SG,404.500,15.9,0,8,2.6,08:26:23,-1
2023-08-12T01:06:17.999Z,T4250300,9004,46.89210,7.00680,27581.0,-28.3,6.0,26.4,-46.3,0.7,-1.0,RS41-SG,404.500,16.0,0,8,2.6,08:26:23,-1
2023-08-12T01:06:18.999Z,T4250300,9005,46.89215,7.00683,27552.6,-28.6,5.1,27.0,-46.3,0.7,-1.0,RS41-SG,404.500,16.1,0,8,2.6,08:26:23,-1
2023-08-12T01:06:19.999Z,T4250300,9006,46.89218,7.00686,27524.0,-29.1,3.6,25.5,-46.2,0.7,-1.0,RS41-SG,404.500,16.1,0,8,2.6,08:26:23,-1
2023-08-12T01:06:20.999Z,T4250300,9007,46.89220,7.00687,27495.3,-29.2,2.2,358.4,-46.1,0.7,-1.0,RS41-SG,404.500,15.6,0,8,2.5,08:26:23,-1
2023-08-12T01:06:21.999Z,T4250300,9008,46.89222,7.00685,27466.2,-28.9,3.0,298.1,-46.1,0.7,-1.0,RS41-SG,404.500,15.6,0,8,2.6,08:26:23,-1
2023-08-12T01:06:22.999Z,T4250300,9009,46.89223,7.00679,27436.9,-30.0,5.9,285.9,-46.0,0.7,-1.0,RS41-SG,404.500,15.0,0,8,2.6,08:26:23,-1
2023-08-12T01:06:23.999Z,T4250300,9010,46.89225,7.00670,27407.9,-29.4,9.0,285.6,-46.1,0.7,-1.0,RS41-SG,404.500,15.6,0,8,2.5,08:26:23,-1
2023-08-12T01:06:24.999Z,T4250300,9011,46.89227,7.00657,27379.3,-29.6,11.0,287.1,-46.3,0.7,-1.0,RS41-SG,404.500,15.6,0,8,2.5,08:26:23,-1
2023-08-12T01:06:25.999Z,T4250300,9012,46.89231,7.00643,27349.8,-30.6,11.6,290.8,-46.5,0.7,-1.0,RS41-SG,404.500,15.0,0,8,2.6,08:26:23,-1
2023-08-12T01:06:26.999Z,T4250300,9013,46.89235,7.00628,27319.1,-31.7,13.2,296.8,-46.8,0.7,-1.0,RS41-SG,404.500,15.8,0,8,2.6,08:26:23,-1
2023-08-12T01:06:27.999Z,T4250300,9014,46.89241,7.00613,27288.0,-31.9,14.5,301.5,-47.2,0.7,-1.0,RS41-SG,404.500,15.8,0,8,2.6,08:26:23,-1
2023-08-12T01:06:28.999Z,T4250300,9015,46.89248,7.00597,27256.8,-31.8,14.3,303.5,-47.6,0.8,-1.0,RS41-SG,404.500,15.2,0,8,2.6,08:26:23,-1
2023-08-12T01:06:29.999Z,T4250300,9016,46.89255,7.00582,27226.1,-30.8,14.3,307.0,-47.7,0.8,-1.0,RS41-SG,404.500,14.5,0,8,2.5,08:26:23,-1
2023-08-12T01:06:30.999Z,T4250300,9017,46.89263,7.00568,27195.8,-29.8,12.8,308.2,-47.8,0.8,-1.0,RS41-SG,404.500,14.5,0,8,2.5,08:26:23,-1
2023-08-12T01:06:31.999Z,T4250300,9018,46.89269,7.00556,27165.2,-30.6,11.5,308.2,-47.9,0.8,-1.0,RS41-SG,404.500,14.8,0,8,2.6,08:26:23,-1
2023-08-12T01:06:32.999Z,T4250300,9019,46.89275,7.00545,27134.1,-31.6,9.6,304.5,-47.9,0.8,-1.0,RS41-SG,404.500,15.1,0,8,2.6,08:26:23,-1
2023-08-12T01:06:33.999Z,T4250300,9020,46.89279,7.00536,27102.3,-32.8,8.1,305.0,-47.8,0.8,-1.0,RS41-SG,404.500,15.1,0,8,2.6,08:26:23,-1
2023-08-12T01:06:34.999Z,T4250300,9021,46.89283,7.00527,27070.7,-32.0,6.9,297.1,-47.7,0.8,-1.0,RS41-SG,404.500,14.8,0,8,2.5,08:26:23,-1
2023-08-12T01:06:35.999Z,T4250300,9022,46.89285,7.00520,27039.9,-31.4,5.9,289.2,-47.5,0.7,-1.0,RS41-SG,404.500,14.6,0,8,2.5,08:26:23,-1
2023-08-12T01:06:36.999Z,T4250300,9023,46.89286,7.00513,27008.9,-31.4,5.7,278.3,-47.4,0.7,-1.0,RS41-SG,404.500,14.3,0,8,2.5,08:26:23,-1
2023-08-12T01:06:37.999Z,T4250300,9024,46.89287,7.00505,26978.0,-31.4,6.3,269.1,-47.3,0.8,-1.0,RS41-SG,404.500,13.5,0,8,2.6,08:26:23,-1
2023-08-12T01:06:38.999Z,T4250300,9025,46.89286,7.00496,26947.6,-30.6,6.9,268.9,-47.3,0.7,-1.0,RS41-SG,404.500,13.9,0,8,2.6,08:26:23,-1
2023-08-12T01:06:39.999Z,T4250300,9026,46.89286,7.00487,26916.8,-31.4,7.2,266.5,-47.2,0.7,-1.0,RS41-SG,404.500,13.9,0,8,2.6,08:26:23,-1
2023-08-12T01:06:40.999Z,T4250300,9027,46.89286,7.00477,26885.3,-32.4,7.7,268.5,-47.1,0.7,-1.0,RS41-SG,404.500,12.7,0,8,2.6,08:25:32,-1
2023-08-12T01:06:41.999Z,T4250300,9028,46.89286,7.00468,26853.7,-32.1,7.0,273.9,-46.9,0.7,-1.0,RS41-SG,404.500,13.1,0,8,2.5,08:25:32,-1
2023-08-12T01:06:42.999Z,T4250300,9029,46.89287,7.00459,26822.6,-31.4,6.6,277.1,-46.8,0.7,-1.0,RS41-SG,404.500,13.1,0,8,2.5,08:25:32,-1
2023-08-12T01:06:43.999Z,T4250300,9030,46.89287,7.00450,26791.3,-31.4,6.3,279.6,-46.7,0.7,-1.0,RS41-SG,404.500,13.0,0,8,2.6,08:25:32,-1
2023-08-12T01:06:44.999Z,T4250300,9031,46.89289,7.00443,26760.4,-30.8,6.1,287.2,-46.7,0.7,-1.0,RS41-SG,404.500,12.4,0,8,2.6,08:25:32,-1
2023-08-12T01:06:45.999Z,T4250300,9032,46.89290,7.00435,26730.4,-29.5,5.4,284.8,-46.7,0.7,-1.0,RS41-SG,404.500,12.4,0,8,2.6,08:25:32,-1
2023-08-12T01:06:46.999Z,T4250300,9033,46.89291,7.00428,26701.1,-29.6,5.5,289.8,-46.6,0.7,-1.0,RS41-SG,404.500,12.8,0,8,2.6,08:25:32,-1
2023-08-12T01:06:47.999Z,T4250300,9034,46.89293,7.00421,26671.4,-30.3,6.0,285.4,-46.6,0.7,-1.0,RS41-SG,404.500,12.8,0,8,2.5,08:25:32,-1
2023-08-12T01:06:48.999Z,T4250300,9035,46.89293,7.00413,26641.2,-30.5,6.1,275.9,-46.5,0.7,-1.0,RS41-SG,404.500,13.1,0,8,2.6,08:25:32,-1
2023-08-12T01:06:49.999Z,T4250300,9036,46.89294,7.00405,26611.0,-30.8,6.8,272.5,-46.5,0.7,-1.0,RS41-SG,404.500,13.1,0,8,2.6,08:25:32,-1
2023-08-12T01:06:50.999Z,T4250300,9037,46.89293,7.00396,26581.2,-30.4,7.0,263.2,-46.5,0.7,-1.0,RS41-SG,404.500,11.9,0,8,2.6,08:25:32,-1
2023-08-12T01:06:51.999Z,T4250300,9038,46.89293,7.00387,26551.4,-30.3,6.7,265.8,-46.5,0.7,-1.0,RS41-SG,404.500,12.7,0,8,2.6,08:25:32,-1
2023-08-12T01:06:52.999Z,T4250300,9039,46.89292,7.00378,26522.2,-29.3,6.9,265.1,-46.4,0.7,-1.0,RS41-SG,404.500,12.8,0,8,2.6,08:25:32,-1
2023-08-12T01:06:53.999Z,T4250300,9040,46.89291,7.00369,26492.9,-29.6,6.8,262.8,-46.5,0.7,-1.0,RS41-SG,404.500,13.0,0,8,2.6,08:25:32,-1
2023-08-12T01:06:54.999Z,T4250300,9041,46.89291,7.00360,26463.7,-30.2,6.9,264.8,-46.6,0.7,-1.0,RS41-SG,404.500,13.0,0,8,2.6,08:25:32,-1
2023-08-12T01:06:55.999Z,T4250300,9042,46.89290,7.00352,26434.1,-30.3,6.4,267.8,-46.7,0.7,-1.0,RS41-SG,404.500,12.8,0,8,2.6,08:25:32,-1
2023-08-12T01:06:56.999Z,T4250300,9043,46.89290,7.00344,26404.5,-29.2,6.1,269.2,-46.8,0.7,-1.0,RS41-SG,404.500,12.6,0,8,2.6,08:25:32,-1
2023-08-12T01:06:57.999Z,T4250300,9044,46.89290,7.00337,26377.0,-26.1,4.8,281.8,-46.8,0.7,-1.0,RS41-SG,404.500,12.4,0,8,2.6,08:25:32,-1
2023-08-12T01:06:58.999Z,T4250300,9045,46.89292,7.00331,26350.2,-27.9,4.4,292.2,-46.9,0.7,-1.0,RS41-SG,404.500,12.6,0,8,2.6,08:25:32,-1
2023-08-12T01:06:59.999Z,T4250300,9046,46.89294,7.00326,26321.9,-28.8,4.6,305.0,-46.9,0.7,-1.0,RS41-SG,404.500,12.6,0,8,2.6,08:25:32,-1
2023-08-12T01:07:00.999Z,T4250300,9047,46.89296,7.00320,26293.3,-29.4,5.0,308.8,-47.0,0.7,-1.0,RS41-SG,404.500,12.0,0,8,2.5,08:25:32,-1
2023-08-12T01:07:01.999Z,T4250300,9048,46.89300,7.00316,26264.0,-29.1,5.5,318.8,-47.1,0.7,-1.0,RS41-SG,404.500,12.3,0,8,2.5,08:25:32,-1
2023-08-12T01:07:02.999Z,T4250300,9049,46.89304,7.00311,26235.4,-27.6,6.2,318.1,-47.3,0.7,-1.0,RS41-SG,404.500,12.3,0,8,2.6,08:25:32,-1
2023-08-12T01:07:03.999Z,T4250300,9050,46.89308,7.00304,26207.8,-28.2,7.1,310.3,-47.6,0.8,-1.0,RS41-SG,404.500,12.1,0,8,2.6,08:25:32,-1
2023-08-12T01:07:04.999Z,T4250300,9051,46.89312,7.00297,26180.5,-27.8,7.9,312.8,-47.8,0.8,-1.0,RS41-SG,404.500,12.3,0,7,2.6,08:25:32,-1
2023-08-12T01:07:05.999Z,T4250300,9052,46.89317,7.00290,26152.7,-28.1,8.0,312.1,-47.9,0.7,-1.0,RS41-SG,404.500,12.3,0,8,2.6,08:25:32,-1
2023-08-12T01:07:06.999Z,T4250300,9053,46.89321,7.00281,26124.4,-29.1,8.2,306.4,-48.1,0.8,-1.0,RS41-SG,404.500,11.5,0,8,2.6,08:25:32,-1
2023-08-12T01:07:07.999Z,T4250300,9054,46.89325,7.00272,26095.4,-28.2,8.6,305.6,-48.1,0.8,-1.0,RS41-SG,404.500,11.8,0,8,2.5,08:25:32,-1
2023-08-12T01:07:08.999Z,T4250300,9055,46.89329,7.00264,26067.3,-28.4,7.5,299.8,-48.1,0.8,-1.0,RS41-SG,404.500,12.8,0,8,2.6,08:25:32,-1
2023-08-12T01:07:09.999Z,T4250300,9056,46.89333,7.00255,26039.9,-28.7,7.9,302.4,-48.1,0.8,-1.0,RS41-SG,404.500,12.8,0,8,2.6,08:25:32,-1
2023-08-12T01:07:10.999Z,T4250300,9057,46.89337,7.00246,26012.2,-27.6,8.4,301.9,-48.3,0.8,-1.0,RS41-SG,404.500,12.2,0,8,2.6,08:25:32,-1
2023-08-12T01:07:11.999Z,T4250300,9058,46.89341,7.00236,25985.4,-26.7,8.0,297.8,-48.4,0.8,-1.0,RS41-SG,404.500,12.2,0,8,2.5,08:25:32,-1
2023-08-12T01:07:12.999Z,T4250300,9059,46.89344,7.00226,25958.3,-28.4,8.5,297.6,-48.3,0.8,-1.0,RS41-SG,404.500,11.0,0,8,2.6,08:25:32,-1
2023-08-12T01:07:13.999Z,T4250300,9060,46.89347,7.00216,25929.6,-29.4,8.7,295.9,-48.2,0.8,-1.0,RS41-SG,404.500,10.5,0,8,2.5,08:25:32,-1
2023-08-12T01:07:14.999Z,T4250300,9061,46.89350,7.00206,25901.2,-28.1,8.8,295.7,-48.3,0.8,-1.0,RS41-SG,404.500,11.0,0,8,2.6,08:25:32,-1
2023-08-12T01:07:15.999Z,T4250300,9062,46.89354,7.00194,25872.2,-29.6,9.9,294.1,-48.3,0.8,-1.0,RS41-SG,404.500,11.0,0,8,2.6,08:25:32,-1
2023-08-12T01:07:16.999Z,T4250300,9063,46.89357,7.00182,25843.4,-29.6,10.7,293.3,-48.4,0.8,-1.0,RS41-SG,404.500,10.6,0,8,2.6,08:25:32,-1
2023-08-12T01:07:17.999Z,T4250300,9064,46.89361,7.00168,25813.5,-30.7,11.4,290.8,-48.4,0.8,-1.0,RS41-SG,404.500,11.1,0,8,2.5,08:25:32,-1
2023-08-12T01:07:18.999Z,T4250300,9065,46.89364,7.00155,25784.3,-28.9,10.8,285.8,-48.5,0.8,-1.0,RS41-SG,404.500,11.1,0,8,2.5,08:25:32,-1
2023-08-12T01:07:19.999Z,T4250300,9066,46.89366,7.00140,25755.7,-28.3,11.5,280.6,-48.4,0.8,-1.0,RS41-SG,404.500,9.8,0,8,2.5,08:25:32,-1
2023-08-12T01:07:20.999Z,T4250300,9067,46.89368,7.00126,25727.7,-28.2,11.3,280.2,-48.3,0.8,-1.0,RS41-SG,404.500,10.0,0,8,2.6,08:25:32,-1
2023-08-12T01:07:22.999Z,T4250300,9069,46.89370,7.00098,25671.2,-29.2,10.3,272.3,-48.2,0.8,-1.0,RS41-SG,404.500,11.3,0,8,2.6,08:25:32,-1
2023-08-12T01:07:23.999Z,T4250300,9070,46.89370,7.00085,25642.1,-30.0,9.2,268.2,-48.1,0.8,-1.0,RS41-SG,404.500,11.3,0,8,2.6,08:25:32,-1
2023-08-12T01:07:24.999Z,T4250300,9071,46.89370,7.00072,25611.4,-31.5,9.3,268.3,-48.0,0.8,-1.0,RS41-SG,404.500,10.9,0,8,2.5,08:25:32,-1
2023-08-12T01:07:25.999Z,T4250300,9072,46.89369,7.00060,25579.5,-31.4,9.2,265.8,-48.0,0.7,-1.0,RS41-SG,404.500,10.4,0,8,2.6,08:25:32,-1
2023-08-12T01:07:26.999Z,T4250300,9073,46.89369,7.00048,25548.8,-30.7,7.9,266.3,-48.0,0.7,-1.0,RS41-SG,404.500,10.1,0,8,2.6,08:25:32,-1
2023-08-12T01:07:27.999Z,T4250300,9074,46.89368,7.00039,25517.8,-31.6,7.1,269.9,-47.9,0.7,-1.0,RS41-SG,404.500,9.9,0,8,2.6,08:25:32,-1
2023-08-12T01:07:28.999Z,T4250300,9075,46.89369,7.00029,25486.7,-31.1,6.7,270.4,-47.9,0.7,-1.0,RS41-SG,404.500,9.8,0,8,2.5,08:25:32,-1
2023-08-12T01:07:29.999Z,T4250300,9076,46.89369,7.00021,25455.8,-31.2,6.0,277.3,-48.1,0.8,-1.0,RS41-SG,404.500,9.8,0,8,2.6,08:25:32,-1
2023-08-12T01:07:31.999Z,T4250300,9078,46.89371,7.00008,25393.1,-32.1,4.4,291.1,-48.3,0.8,-1.0,RS41-SG,404.500,10.0,0,8,2.6,08:24:41,-1
2023-08-12T01:07:32.999Z,T4250300,9079,46.89372,7.00002,25361.2,-31.3,4.3,294.9,-48.4,0.8,-1.0,RS41-SG,404.500,10.0,0,8,2.5,08:24:41,-1
2023-08-12T01:07:33.999Z,T4250300,9080,46.89374,6.99996,25331.1,-29.1,5.2,297.4,-48.7,0.8,-1.0,RS41-SG,404.500,9.2,0,8,2.6,08:24:41,-1
2023-08-12T01:07:34.999Z,T4250300,9081,46.89376,6.99990,25303.0,-27.7,5.5,299.3,-48.9,0.8,-1.0,RS41-SG,404.500,9.2,0,8,2.6,08:24:41,-1
2023-08-12T01:07:37.999Z,T4250300,9084,46.89387,6.99969,25224.4,-25.4,7.9,304.6,-49.9,0.9,-1.0,RS41-SG,404.500,9.5,0,8,2.6,08:24:41,-1
2023-08-12T01:07:40.999Z,T4250300,9087,46.89402,6.99940,25148.9,-26.3,11.1,307.6,-50.1,0.9,-1.0,RS41-SG,404.500,10.0,0,8,2.5,08:24:41,-1
2023-08-12T01:07:41.999Z,T4250300,9088,46.89408,6.99928,25122.5,-27.3,11.1,301.8,-50.0,0.9,-1.0,RS41-SG,404.500,9.4,0,8,2.5,08:24:41,-1
2023-08-12T01:07:42.999Z,T4250300,9089,46.89413,6.99916,25095.9,-26.3,10.9,303.2,-49.9,0.9,-1.0,RS41-SG,404.500,8.8,0,8,2.5,08:24:41,-1
2023-08-12T01:07:43.999Z,T4250300,9090,46.89419,6.99904,25069.5,-26.6,10.8,301.6,-49.9,0.9,-1.0,RS41-SG,404.500,8.7,0,8,2.6,08:24:41,-1
2023-08-12T01:07:45.999Z,T4250300,9092,46.89427,6.99879,25016.0,-26.4,10.8,293.4,-49.9,0.9,-1.0,RS41-SG,404.500,8.4,0,8,2.6,08:24:41,-1
2023-08-12T01:07:48.999Z,T4250300,9095,46.89433,6.99844,24937.5,-27.0,7.4,278.8,-50.4,0.9,-1.0,RS41-SG,404.500,8.8,0,8,2.5,08:24:41,-1
