timestamp,serial,frame,lat,lon,alt,vel_v,vel_h,heading,temp,humidity,pressure,type,freq_mhz,snr,f_error_hz,sats,batt_v,burst_timer,aux_data
2023-09-12T00:33:11.000Z,U2070416,7142,45.65632,9.06074,29606.1,5.6,8.2,103.8,-273.0,-1.0,-1.0,RS41,404.900,7.6,187,10,2.6,-1,-1
2023-09-12T00:33:12.000Z,U2070416,7143,45.65630,9.06084,29611.4,4.9,8.8,104.4,-273.0,-1.0,-1.0,RS41,404.900,7.6,187,10,2.5,-1,-1
2023-09-12T00:33:20.000Z,U2070416,7151,45.65608,9.06129,29654.4,6.4,4.9,109.0,-273.0,-1.0,-1.0,RS41,404.900,8.0,187,10,2.5,-1,-1
2023-09-12T00:33:23.000Z,U2070416,7154,45.65608,9.06152,29669.9,6.2,6.4,86.9,-273.0,-1.0,-1.0,RS41,404.900,7.8,187,10,2.6,-1,-1
2023-09-12T00:33:24.000Z,U2070416,7155,45.65608,9.06160,29676.0,6.3,5.8,92.0,-273.0,-1.0,-1.0,RS41,404.900,7.8,187,10,2.5,-1,-1
2023-09-12T00:33:28.000Z,U2070416,7159,45.65601,9.06189,29697.8,5.8,7.7,113.8,-273.0,-1.0,-1.0,RS41,404.900,7.7,187,10,2.6,-1,-1
2023-09-12T00:33:29.000Z,U2070416,7160,45.65598,9.06199,29703.0,4.7,8.3,115.5,-273.0,-1.0,-1.0,RS41,404.900,8.7,187,10,2.6,-1,-1
2023-09-12T00:33:31.000Z,U2070416,7162,45.65590,9.06217,29713.8,6.2,8.7,129.1,-273.0,-1.0,-1.0,RS41,404.900,8.1,187,10,2.5,-1,-1
2023-09-12T00:33:32.000Z,U2070416,7163,45.65585,9.06225,29719.7,5.5,8.5,136.1,-273.0,-1.0,-1.0,RS41,404.900,7.7,187,9,2.5,-1,-1
2023-09-12T00:33:33.000Z,U2070416,7164,45.65580,9.06232,29725.1,5.2,8.0,138.9,-273.0,-1.0,-1.0,RS41,404.900,7.7,187,10,2.6,-1,-1
2023-09-12T00:33:37.000Z,U2070416,7168,45.65566,9.06266,29747.9,4.1,8.4,100.9,-273.0,-1.0,-1.0,RS41,404.900,7.9,187,10,2.5,-1,-1
2023-09-12T00:33:38.000Z,U2070416,7169,45.65565,9.06277,29752.6,5.4,8.7,99.8,-273.0,-1.0,-1.0,RS41,404.900,7.9,187,10,2.6,-1,-1
2023-09-12T00:33:39.000Z,U2070416,7170,45.65563,9.06287,29758.9,7.0,8.4,109.0,-273.0,-1.0,-1.0,RS41,404.900,7.5,187,10,2.6,-1,-1
2023-09-12T00:33:41.000Z,U2070416,7172,45.65556,9.06305,29770.9,4.9,7.9,130.2,-273.0,-1.0,-1.0,RS41,404.900,7.7,187,10,2.5,-1,-1
2023-09-12T00:33:44.000Z,U2070416,7175,45.65541,9.06324,29788.4,5.6,6.5,138.7,-273.0,-1.0,-1.0,RS41,404.900,7.6,187,10,2.6,-1,-1
2023-09-12T00:33:45.000Z,U2070416,7176,45.65537,9.06329,29793.8,5.3,5.5,139.2,-273.0,-1.0,-1.0,RS41,404.900,7.7,187,9,2.6,-1,-1
2023-09-12T00:33:46.000Z,U2070416,7177,45.65534,9.06333,29799.7,6.3,4.8,144.4,-273.0,-1.0,-1.0,RS41,404.900,7.7,187,10,2.5,-1,-1
2023-09-12T00:33:47.000Z,U2070416,7178,45.65530,9.06336,29805.9,6.1,4.5,152.7,-273.0,-1.0,-1.0,RS41,404.900,7.1,187,10,2.5,-1,-1
2023-09-12T00:33:49.000Z,U2070416,7180,45.65524,9.06342,29817.3,6.7,3.7,140.4,-273.0,-1.0,-1.0,RS41,404.900,7.3,187,10,2.6,-1,-1
2023-09-12T00:33:51.000Z,U2070416,7182,45.65521,9.06351,29830.0,4.9,4.9,97.4,-273.0,-1.0,-1.0,RS41,404.900,8.6,187,10,2.6,-1,-1
2023-09-12T00:33:52.000Z,U2070416,7183,45.65521,9.06358,29835.0,4.9,5.9,92.4,-273.0,-1.0,-1.0,RS41,404.900,8.6,187,10,2.5,-1,-1
2023-09-12T00:33:53.000Z,U2070416,7184,45.65520,9.06365,29840.4,5.8,6.2,95.8,-273.0,-1.0,-1.0,RS41,404.900,8.7,187,10,2.5,-1,-1
2023-09-12T00:33:54.000Z,U2070416,7185,45.65519,9.06373,29846.4,6.1,5.9,107.3,-273.0,-1.0,-1.0,RS41,404.900,8.7,187,10,2.5,-1,-1
2023-09-12T00:33:56.000Z,U2070416,7187,45.65514,9.06385,29858.1,5.3,5.0,128.9,-273.0,-1.0,-1.0,RS41,404.900,7.4,187,10,2.6,-1,-1
2023-09-12T00:33:57.000Z,U2070416,7188,45.65511,9.06389,29863.2,4.9,4.2,132.0,-273.0,-1.0,-1.0,RS41,404.900,7.4,187,10,2.6,-1,-1
2023-09-12T00:34:00.000Z,U2070416,7191,45.65510,9.06399,29881.2,5.4,2.9,53.4,-273.0,-1.0,-1.0,RS41,404.900,8.3,187,10,2.5,-1,-1
2023-09-12T00:34:01.000Z,U2070416,7192,45.65512,9.06402,29886.4,4.9,3.5,45.2,-273.0,-1.0,-1.0,RS41,404.900,8.3,187,10,2.5,-1,-1
2023-09-12T00:34:02.000Z,U2070416,7193,45.65514,9.06405,29891.9,6.0,3.5,50.4,-273.0,-1.0,-1.0,RS41,404.900,8.2,187,10,2.6,-1,-1
2023-09-12T00:34:03.000Z,U2070416,7194,45.65515,9.06409,29898.2,7.0,2.9,74.4,-273.0,-1.0,-1.0,RS41,404.900,8.3,187,10,2.6,-1,-1
2023-09-12T00:34:04.000Z,U2070416,7195,45.65515,9.06412,29904.6,5.4,2.9,94.9,-273.0,-1.0,-1.0,RS41,404.900,8.3,187,10,2.5,-1,-1
2023-09-12T00:34:05.000Z,U2070416,7196,45.65515,9.06416,29909.9,5.5,3.4,108.0,-273.0,-1.0,-1.0,RS41,404.900,8.2,187,10,2.5,-1,-1
2023-09-12T00:34:07.000Z,U2070416,7198,45.65513,9.06426,29923.2,7.2,4.6,88.5,-273.0,-1.0,-1.0,RS41,404.900,6.7,187,10,2.6,-1,-1
2023-09-12T00:34:08.000Z,U2070416,7199,45.65514,9.06432,29929.5,5.5,5.0,75.3,-273.0,-1.0,-1.0,RS41,404.900,7.5,187,10,2.6,-1,-1
2023-09-12T00:34:09.000Z,U2070416,7200,45.65516,9.06438,29934.8,5.1,5.2,65.6,-273.0,-1.0,-1.0,RS41,404.900,8.0,187,10,2.6,-1,-1
2023-09-12T00:34:13.000Z,U2070416,7204,45.65526,9.06455,29958.8,6.1,4.6,23.5,-273.0,-1.0,-1.0,RS41,404.900,7.9,187,10,2.6,-1,-1
2023-09-12T00:34:15.000Z,U2070416,7206,45.65536,9.06459,29972.1,6.6,7.7,10.6,-273.0,-1.0,-1.0,RS41,404.900,7.5,187,10,2.5,-1,-1
2023-09-12T00:34:16.000Z,U2070416,7207,45.65543,9.06461,29977.8,4.8,8.5,10.9,-273.0,-1.0,-1.0,RS41,404.900,8.1,187,10,2.5,-1,-1
2023-09-12T00:34:17.000Z,U2070416,7208,45.65551,9.06463,29982.9,5.3,8.6,12.5,-273.0,-1.0,-1.0,RS41,404.900,8.6,187,10,2.5,-1,-1
2023-09-12T00:34:18.000Z,U2070416,7209,45.65558,9.06466,29988.8,6.5,7.5,17.4,-273.0,-1.0,-1.0,RS41,404.900,8.7,187,10,2.6,-1,-1
2023-09-12T00:34:19.000Z,U2070416,7210,45.65563,9.06469,29995.7,7.1,6.0,26.2,-273.0,-1.0,-1.0,RS41,404.900,8.7,187,10,2.6,-1,-1
2023-09-12T00:34:20.000Z,U2070416,7211,45.65567,9.06472,30002.1,6.3,4.8,38.3,-273.0,-1.0,-1.0,RS41,404.900,7.8,187,10,2.6,-1,-1
2023-09-12T00:34:21.000Z,U2070416,7212,45.65570,9.06476,30007.6,4.6,4.5,49.7,-273.0,-1.0,-1.0,RS41,404.900,8.3,187,10,2.5,-1,-1
2023-09-12T00:34:22.000Z,U2070416,7213,45.65573,9.06481,30012.5,5.2,4.9,54.2,-273.0,-1.0,-1.0,RS41,404.900,8.3,187,10,2.5,-1,-1
2023-09-12T00:34:23.000Z,U2070416,7214,45.65576,9.06486,30018.5,6.3,6.0,47.3,-273.0,-1.0,-1.0,RS41,404.900,7.8,187,10,2.5,-1,-1
2023-09-12T00:34:24.000Z,U2070416,7215,45.65581,9.06492,30025.1,7.0,7.7,40.1,-273.0,-1.0,-1.0,RS41,404.900,8.0,187,10,2.6,-1,-1
2023-09-12T00:34:25.000Z,U2070416,7216,45.65587,9.06499,30031.3,5.4,9.1,34.1,-273.0,-1.0,-1.0,RS41,404.900,8.0,187,10,2.6,-1,-1
2023-09-12T00:34:26.000Z,U2070416,7217,45.65594,9.06505,30036.6,5.4,10.0,31.7,-273.0,-1.0,-1.0,RS41,404.900,8.9,187,10,2.5,-1,-1
2023-09-12T00:34:27.000Z,U2070416,7218,45.65601,9.06512,30042.7,6.5,9.9,31.1,-273.0,-1.0,-1.0,RS41,404.900,8.9,187,10,2.5,-1,-1
2023-09-12T00:34:28.000Z,U2070416,7219,45.65608,9.06518,30049.5,7.2,8.9,32.3,-273.0,-1.0,-1.0,RS41,404.900,8.6,187,10,2.5,-1,-1
2023-09-12T00:34:29.000Z,U2070416,7220,45.65615,9.06524,30056.1,6.1,7.9,34.5,-273.0,-1.0,-1.0,RS41,404.900,8.6,187,10,2.6,-1,-1
2023-09-12T00:34:30.000Z,U2070416,7221,45.65620,9.06530,30061.7,5.3,6.9,36.9,-273.0,-1.0,-1.0,RS41,404.900,8.3,187,10,2.6,-1,-1
2023-09-12T00:34:32.000Z,U2070416,7223,45.65630,9.06539,30072.9,6.3,6.9,30.1,-273.0,-1.0,-1.0,RS41,404.900,7.4,187,10,2.5,-1,-1
2023-09-12T00:34:34.000Z,U2070416,7225,45.65643,9.06547,30086.6,5.9,8.2,21.2,-273.0,-1.0,-1.0,RS41-SG,404.900,7.7,187,10,2.5,-1,-1
2023-09-12T00:34:35.000Z,U2070416,7226,45.65649,9.06551,30092.6,6.1,8.3,21.9,-273.0,-1.0,-1.0,RS41-SG,404.900,8.0,187,10,2.6,-1,-1
2023-09-12T00:34:36.000Z,U2070416,7227,45.65656,9.06555,30098.8,6.5,8.1,26.0,-273.0,-1.0,-1.0,RS41-SG,404.900,8.0,187,10,2.6,-1,-1
2023-09-12T00:34:38.000Z,U2070416,7229,45.65667,9.06566,30112.4,6.7,6.8,46.4,-273.0,-1.0,-1.0,RS41-SG,404.900,7.9,187,10,2.5,-1,-1
2023-09-12T00:34:41.000Z,U2070416,7232,45.65678,9.06588,30129.7,6.8,8.8,51.6,-273.0,-1.0,-1.0,RS41-SG,404.900,7.6,187,10,2.6,-1,-1
2023-09-12T00:34:42.000Z,U2070416,7233,45.65684,9.06597,30136.7,7.1,10.6,45.1,-273.0,-1.0,-1.0,RS41-SG,404.900,8.2,187,10,2.6,-1,-1
2023-09-12T00:34:43.000Z,U2070416,7234,45.65691,9.06607,30143.0,5.7,11.8,40.6,-273.0,-1.0,-1.0,RS41-SG,404.900,8.2,187,10,2.5,-1,-1
2023-09-12T00:34:44.000Z,U2070416,7235,45.65700,9.06616,30148.9,5.8,12.3,36.1,-273.0,-1.0,-1.0,RS41-SG,404.900,7.7,187,10,2.5,-1,-1
2023-09-12T00:34:46.000Z,U2070416,7237,45.65717,9.06632,30163.0,7.7,10.0,29.9,-273.0,-1.0,-1.0,RS41-SG,404.900,8.8,187,10,2.6,-1,-1
2023-09-12T00:34:47.000Z,U2070416,7238,45.65724,9.06638,30169.7,6.0,8.2,28.5,-273.0,-1.0,-1.0,RS41-SG,404.900,8.8,187,10,2.6,-1,-1
2023-09-12T00:34:48.000Z,U2070416,7239,45.65730,9.06643,30175.3,5.1,7.1,27.5,-273.0,-1.0,-1.0,RS41-SG,404.900,8.1,187,10,2.5,-1,-1
2023-09-12T00:34:49.000Z,U2070416,7240,45.65735,9.06647,30181.2,6.5,6.4,26.7,-273.0,-1.0,-1.0,RS41-SG,404.900,8.0,187,10,2.5,-1,-1
2023-09-12T00:34:53.000Z,U2070416,7244,45.65758,9.06665,30207.9,6.8,8.0,39.2,-273.0,-1.0,-1.0,RS41-SG,404.900,7.5,187,10,2.6,-1,-1
2023-09-12T00:34:54.000Z,U2070416,7245,45.65764,9.06672,30215.2,7.4,7.7,48.1,-273.0,-1.0,-1.0,RS41-SG,404.900,7.6,187,10,2.5,-1,-1
2023-09-12T00:34:59.000Z,U2070416,7250,45.65787,9.06722,30249.1,7.0,12.2,51.3,-273.0,-1.0,-1.0,RS41-SG,404.900,7.5,187,10,2.5,-1,-1
2023-09-12T00:35:00.000Z,U2070416,7251,45.65794,9.06734,30256.0,6.6,12.9,47.8,-273.0,-1.0,-1.0,RS41-SG,404.900,8.7,187,10,2.5,-1,-1
2023-09-12T00:35:01.000Z,U2070416,7252,45.65802,9.06747,30262.5,6.0,12.9,46.1,-273.0,-1.0,-1.0,RS41-SG,404.900,8.7,187,10,2.5,-1,-1
2023-09-12T00:35:02.000Z,U2070416,7253,45.65809,9.06758,30268.8,6.6,11.4,47.7,-273.0,-1.0,-1.0,RS41-SG,404.900,8.7,187,10,2.6,-1,-1
2023-09-12T00:35:05.000Z,U2070416,7256,45.65821,9.06782,30289.7,4.9,4.5,68.7,-273.0,-1.0,-1.0,RS41-SG,404.900,7.8,187,10,2.5,-1,-1
2023-09-12T00:35:09.000Z,U2070416,7260,45.65828,9.06801,30316.6,8.1,7.5,47.8,-273.0,-1.0,-1.0,RS41-SG,404.900,8.0,187,10,2.6,-1,-1
2023-09-12T00:35:10.000Z,U2070416,7261,45.65834,9.06809,30324.0,6.7,9.9,47.7,-273.0,-1.0,-1.0,RS41-SG,404.900,8.0,187,10,2.5,-1,-1
2023-09-12T00:35:11.000Z,U2070416,7262,45.65840,9.06820,30330.4,6.4,11.8,51.7,-273.0,-1.0,-1.0,RS41-SG,404.900,7.6,187,10,2.5,-1,-1
2023-09-12T00:35:12.000Z,U2070416,7263,45.65846,9.06833,30337.2,6.9,13.2,58.4,-273.0,-1.0,-1.0,RS41-SG,404.900,8.1,187,10,2.5,-1,-1
2023-09-12T00:35:13.000Z,U2070416,7264,45.65852,9.06848,30344.4,7.6,13.7,66.7,-273.0,-1.0,-1.0,RS41-SG,404.900,8.1,187,10,2.6,-1,-1
2023-09-12T00:35:14.000Z,U2070416,7265,45.65856,9.06865,30351.7,7.3,13.6,76.3,-273.0,-1.0,-1.0,RS41-SG,404.900,8.5,187,10,2.6,-1,-1
2023-09-12T00:35:15.000Z,U2070416,7266,45.65858,9.06881,30358.2,5.8,13.2,85.1,-273.0,-1.0,-1.0,RS41-SG,404.900,8.5,187,10,2.6,-1,-1
2023-09-12T00:35:19.000Z,U2070416,7270,45.65854,9.06944,30385.3,6.9,10.9,94.4,-273.0,-1.0,-1.0,RS41-SG,404.900,7.6,187,10,2.6,-1,-1
2023-09-12T00:35:21.000Z,U2070416,7272,45.65855,9.06967,30398.2,6.3,7.1,80.0,-273.0,-1.0,-1.0,RS41-SG,404.900,7.6,187,10,2.5,-1,-1
2023-09-12T00:35:22.000Z,U2070416,7273,45.65856,9.06975,30405.0,6.9,5.4,68.9,-273.0,-1.0,-1.0,RS41-SG,404.900,7.8,187,10,2.5,-1,-1
2023-09-12T00:35:23.000Z,U2070416,7274,45.65858,9.06981,30411.8,6.6,4.3,62.0,-273.0,-1.0,-1.0,RS41-SG,404.900,7.8,187,10,2.5,-1,-1
2023-09-12T00:35:26.000Z,U2070416,7277,45.65864,9.07002,30434.2,8.4,9.4,76.5,-273.0,-1.0,-1.0,RS41-SG,404.900,7.8,187,10,2.6,-1,-1
2023-09-12T00:35:27.000Z,U2070416,7278,45.65865,9.07015,30441.7,6.7,12.1,81.9,-273.0,-1.0,-1.0,RS41-SG,404.900,8.0,187,10,2.5,-1,-1
2023-09-12T00:35:36.000Z,U2070416,7287,45.65836,9.07164,30501.1,6.0,8.7,101.0,-273.0,-1.0,-1.0,RS41-SG,404.900,6.9,187,10,2.6,-1,-1
2023-09-12T00:35:37.000Z,U2070416,7288,45.65835,9.07175,30507.0,5.6,8.3,93.3,-273.0,-1.0,-1.0,RS41-SG,404.900,7.4,187,10,2.6,-1,-1
2023-09-12T00:35:55.000Z,U2070416,7306,45.65771,9.07409,30630.9,7.4,10.0,108.7,-273.0,-1.0,-1.0,RS41-SG,404.900,8.3,187,10,2.5,-1,-1
2023-09-12T00:36:03.000Z,U2070416,7314,45.65727,9.07520,30686.5,6.8,11.1,106.0,-273.0,-1.0,-1.0,RS41-SG,404.900,7.1,187,10,2.6,-1,-1
2023-09-12T00:36:05.000Z,U2070416,7316,45.65723,9.07542,30700.9,7.2,7.4,105.7,-273.0,-1.0,-1.0,RS41-SG,404.900,8.1,187,10,2.5,-1,-1
2023-09-12T00:36:07.000Z,U2070416,7318,45.65720,9.07559,30713.8,6.8,6.3,102.6,-273.0,-1.0,-1.0,RS41-SG,404.900,7.8,187,10,2.5,-1,-1
2023-09-12T00:36:09.000Z,U2070416,7320,45.65718,9.07578,30728.5,7.2,9.0,94.4,-273.0,-1.0,-1.0,RS41-SG,404.900,7.5,187,10,2.6,-1,-1
2023-09-12T00:36:10.000Z,U2070416,7321,45.65717,9.07590,30734.9,5.6,10.4,95.1,-273.0,-1.0,-1.0,RS41-SG,404.900,8.1,187,10,2.6,-1,-1
2023-09-12T00:36:11.000Z,U2070416,7322,45.65716,9.07604,30740.5,5.3,11.3,96.6,-273.0,-1.0,-1.0,RS41-SG,404.900,8.1,187,10,2.5,-1,-1
2023-09-12T00:36:12.000Z,U2070416,7323,45.65715,9.07618,30746.5,6.5,11.5,100.2,-273.0,-1.0,-1.0,RS41-SG,404.900,7.8,187,10,2.5,-1,-1
2023-09-12T00:36:13.000Z,U2070416,7324,45.65712,9.07632,30753.7,7.9,11.0,107.1,-273.0,-1.0,-1.0,RS41-SG,404.900,8.1,187,9,2.5,-1,-1
2023-09-12T00:36:14.000Z,U2070416,7325,45.65709,9.07645,30761.3,7.3,10.3,113.4,-273.0,-1.0,-1.0,RS41-SG,404.900,8.2,187,10,2.6,-1,-1
2023-09-12T00:36:15.000Z,U2070416,7326,45.65705,9.07657,30768.0,6.2,9.9,119.1,-273.0,-1.0,-1.0,RS41-SG,404.900,8.2,187,10,2.6,-1,-1
2023-09-12T00:36:16.000Z,U2070416,7327,45.65701,9.07668,30774.1,6.3,9.9,122.9,-273.0,-1.0,-1.0,RS41-SG,404.900,8.1,187,10,2.5,-1,-1
2023-09-12T00:36:18.000Z,U2070416,7329,45.65691,9.07691,30788.8,7.4,10.8,114.8,-273.0,-1.0,-1.0,RS41-SG,404.900,7.7,187,10,2.6,-1,-1
2023-09-12T00:36:19.000Z,U2070416,7330,45.65688,9.07703,30795.7,6.2,10.8,109.2,-273.0,-1.0,-1.0,RS41-SG,404.900,7.7,187,10,2.6,-1,-1
2023-09-12T00:36:21.000Z,U2070416,7332,45.65683,9.07729,30809.2,7.4,9.5,103.2,-273.0,-1.0,-1.0,RS41-SG,404.900,7.6,187,10,2.5,-1,-1
2023-09-12T00:36:22.000Z,U2070416,7333,45.65681,9.07740,30816.7,7.7,8.0,105.0,-273.0,-1.0,-1.0,RS41-SG,404.900,7.6,187,10,2.5,-1,-1
2023-09-12T00:36:23.000Z,U2070416,7334,45.65679,9.07749,30823.8,6.3,7.2,107.0,-273.0,-1.0,-1.0,RS41-SG,404.900,7.7,187,10,2.6,-1,-1
2023-09-12T00:36:24.000Z,U2070416,7335,45.65677,9.07758,30830.1,6.4,7.0,108.7,-273.0,-1.0,-1.0,RS41-SG,404.900,8.1,187,10,2.6,-1,-1
2023-09-12T00:36:27.000Z,U2070416,7338,45.65670,9.07788,30851.6,6.3,10.1,109.3,-273.0,-1.0,-1.0,RS41-SG,404.900,8.8,187,10,2.5,-1,-1
2023-09-12T00:36:28.000Z,U2070416,7339,45.65666,9.07801,30858.4,6.9,10.7,111.6,-273.0,-1.0,-1.0,RS41-SG,404.900,8.7,187,10,2.5,-1,-1
2023-09-12T00:36:29.000Z,U2070416,7340,45.65663,9.07813,30865.7,8.1,10.2,116.0,-273.0,-1.0,-1.0,RS41-SG,404.900,8.0,187,10,2.6,-1,-1
2023-09-12T00:36:30.000Z,U2070416,7341,45.65659,9.07824,30873.5,7.6,9.3,120.8,-273.0,-1.0,-1.0,RS41-SG,404.900,8.2,187,10,2.6,-1,-1
2023-09-12T00:36:31.000Z,U2070416,7342,45.65654,9.07833,30880.5,6.0,8.6,127.2,-273.0,-1.0,-1.0,RS41-SG,404.900,8.2,187,10,2.5,-1,-1
2023-09-12T00:36:34.000Z,U2070416,7345,45.65641,9.07858,30900.9,7.8,8.2,121.4,-273.0,-1.0,-1.0,RS41-SG,404.900,7.1,187,10,2.6,-1,-1
2023-09-12T00:36:35.000Z,U2070416,7346,45.65638,9.07867,30908.2,6.8,8.3,116.0,-273.0,-1.0,-1.0,RS41-SG,404.900,7.3,187,10,2.6,-1,-1
2023-09-12T00:36:36.000Z,U2070416,7347,45.65634,9.07877,30915.2,6.9,8.1,115.1,-273.0,-1.0,-1.0,RS41-SG,404.900,7.3,187,10,2.6,-1,-1
2023-09-12T00:36:37.000Z,U2070416,7348,45.65631,9.07886,30922.4,7.6,7.5,116.4,-273.0,-1.0,-1.0,RS41-SG,404.900,8.3,187,10,2.5,-1,-1
2023-09-12T00:36:38.000Z,U2070416,7349,45.65628,9.07894,30929.7,7.2,6.6,121.2,-273.0,-1.0,-1.0,RS41-SG,404.900,8.3,187,10,2.5,-1,-1
2023-09-12T00:36:39.000Z,U2070416,7350,45.65625,9.07901,30936.0,5.7,6.3,126.8,-43.8,0.4,-1.0,RS41-SG,404.900,7.6,187,10,2.5,-1,-1
2023-09-12T00:36:56.000Z,U2070416,7367,45.65585,9.08084,31047.8,7.1,10.6,103.4,-43.1,0.3,-1.0,RS41-SG,404.900,7.4,187,10,2.6,-1,-1
2023-09-12T00:37:10.000Z,U2070416,7381,45.65551,9.08261,31138.6,7.5,11.5,119.0,-43.2,0.4,-1.0,RS41-SG,404.900,7.2,187,10,2.5,-1,-1
2023-09-12T00:37:13.000Z,U2070416,7384,45.65538,9.08303,31157.7,7.1,11.4,110.8,-43.2,0.4,-1.0,RS41-SG,404.900,7.7,187,10,2.6,-1,-1
2023-09-12T00:37:17.000Z,U2070416,7388,45.65527,9.08347,31182.8,6.6,7.9,107.4,-43.2,0.4,-1.0,RS41-SG,404.900,8.3,187,10,2.6,-1,-1
2023-09-12T00:37:18.000Z,U2070416,7389,45.65525,9.08357,31189.5,6.9,8.9,106.1,-43.3,0.4,-1.0,RS41-SG,404.900,8.3,187,10,2.6,-1,-1
2023-09-12T00:37:19.000Z,U2070416,7390,45.65523,9.08368,31196.1,6.4,9.9,107.2,-43.3,0.4,-1.0,RS41-SG,404.900,8.0,187,10,2.5,-1,-1
2023-09-12T00:37:21.000Z,U2070416,7392,45.65516,9.08393,31207.7,5.4,10.9,114.6,-43.4,0.4,-1.0,RS41-SG,404.900,7.4,187,10,2.6,-1,-1
2023-09-12T00:37:23.000Z,U2070416,7394,45.65506,9.08416,31220.1,6.8,9.8,129.6,-43.5,0.3,-1.0,RS41-SG,404.900,7.5,187,10,2.5,-1,-1
2023-09-12T00:37:33.000Z,U2070416,7404,45.65483,9.08521,31285.1,7.2,9.9,105.7,-43.7,0.4,-1.0,RS41-SG,404.900,8.0,187,10,2.6,-1,-1
2023-09-12T00:37:34.000Z,U2070416,7405,45.65480,9.08531,31292.3,7.2,7.9,119.2,-43.7,0.4,-1.0,RS41-SG,404.900,8.0,187,10,2.5,-1,-1
2023-09-12T00:37:56.000Z,U2070416,7427,45.65431,9.08694,31103.4,-24.9,9.7,105.3,-43.1,0.3,-1.0,RS41-SG,404.900,7.4,187,10,2.5,-1,-1
