timestamp,serial,frame,lat,lon,alt,vel_v,vel_h,heading,temp,humidity,pressure,type,freq_mhz,snr,f_error_hz,sats,batt_v,burst_timer,aux_data
2023-04-16T10:54:24.001Z,U4254482,4649,44.15163,7.62768,14592.8,6.3,16.9,153.1,-273.0,-1.0,-1.0,RS41,403.700,7.1,562,11,2.8,-1,-1
2023-04-16T10:54:29.001Z,U4254482,4654,44.15088,7.62811,14623.9,6.3,21.6,161.9,-273.0,-1.0,-1.0,RS41,403.700,8.1,562,11,2.8,-1,-1
2023-04-16T10:54:30.001Z,U4254482,4655,44.15069,7.62820,14629.9,5.1,22.2,161.6,-273.0,-1.0,-1.0,RS41,403.700,8.1,562,11,2.7,-1,-1
2023-04-16T10:54:33.001Z,U4254482,4658,44.15016,7.62844,14646.6,7.1,18.4,160.6,-273.0,-1.0,-1.0,RS41,403.700,7.9,562,11,2.8,-1,-1
2023-04-16T10:54:34.001Z,U4254482,4659,44.15001,7.62851,14653.3,6.3,17.3,159.3,-273.0,-1.0,-1.0,RS41,403.700,7.9,562,11,2.8,-1,-1
2023-04-16T10:54:36.001Z,U4254482,4661,44.14973,7.62863,14664.9,4.8,15.5,167.8,-273.0,-1.0,-1.0,RS41,403.700,7.1,562,11,2.8,-1,-1
2023-04-16T10:57:23.001Z,U4254482,4828,44.13089,7.62823,15530.1,4.1,7.6,191.0,-273.0,-1.0,-1.0,RS41-SG,403.700,8.3,562,11,2.8,-1,-1
2023-04-16T10:57:24.001Z,U4254482,4829,44.13082,7.62821,15534.5,4.5,7.4,182.1,-273.0,-1.0,-1.0,RS41-SG,403.700,8.3,562,11,2.7,-1,-1
2023-04-16T10:57:25.001Z,U4254482,4830,44.13075,7.62821,15538.9,4.4,8.0,177.9,-273.0,-1.0,-1.0,RS41-SG,403.700,8.0,562,11,2.7,-1,-1
2023-04-16T10:57:27.001Z,U4254482,4832,44.13060,7.62822,15547.9,5.2,9.0,178.7,-273.0,-1.0,-1.0,RS41-SG,403.700,8.0,562,11,2.8,-1,-1
2023-04-16T10:57:28.001Z,U4254482,4833,44.13051,7.62822,15553.0,4.8,9.1,185.2,-273.0,-1.0,-1.0,RS41-SG,403.700,8.0,562,11,2.8,-1,-1
2023-04-16T10:57:44.001Z,U4254482,4849,44.12933,7.62791,15626.3,5.0,7.3,190.2,-273.0,-1.0,-1.0,RS41-SG,403.700,6.6,562,11,2.8,-1,-1
2023-04-16T11:18:29.001Z,U4254482,6094,44.06280,7.68375,22131.6,6.8,5.0,162.1,-273.0,-1.0,-1.0,RS41,403.700,6.5,562,9,2.7,-1,-1
2023-04-16T11:18:31.001Z,U4254482,6096,44.06271,7.68378,22142.0,4.9,5.3,163.4,-273.0,-1.0,-1.0,RS41,403.700,7.4,562,9,2.6,-1,-1
2023-04-16T11:18:32.001Z,U4254482,6097,44.06267,7.68380,22147.7,6.6,4.4,158.4,-273.0,-1.0,-1.0,RS41,403.700,7.4,562,9,2.6,-1,-1
2023-04-16T11:18:34.001Z,U4254482,6099,44.06261,7.68385,22158.1,5.8,3.0,146.4,-273.0,-1.0,-1.0,RS41,403.700,7.9,562,9,2.7,-1,-1
2023-04-16T11:18:36.001Z,U4254482,6101,44.06256,7.68389,22169.3,3.7,4.0,154.0,-273.0,-1.0,-1.0,RS41,403.700,8.3,562,10,2.6,-1,-1
2023-04-16T11:18:37.001Z,U4254482,6102,44.06253,7.68391,22174.4,6.0,4.3,159.4,-273.0,-1.0,-1.0,RS41,403.700,8.2,562,10,2.7,-1,-1
2023-04-16T11:18:38.001Z,U4254482,6103,44.06249,7.68393,22180.3,5.9,3.9,160.8,-273.0,-1.0,-1.0,RS41-SG,403.700,8.2,562,10,2.7,-1,-1
2023-04-16T11:18:39.001Z,U4254482,6104,44.06246,7.68394,22185.5,4.4,3.7,161.3,-273.0,-1.0,-1.0,RS41-SG,403.700,8.0,562,10,2.6,-1,-1
2023-04-16T11:18:41.001Z,U4254482,6106,44.06238,7.68398,22196.4,5.0,5.5,161.9,-273.0,-1.0,-1.0,RS41-SG,403.700,8.2,562,10,2.7,-1,-1
2023-04-16T11:18:42.001Z,U4254482,6107,44.06233,7.68400,22200.8,3.9,6.2,159.3,-273.0,-1.0,-1.0,RS41-SG,403.700,7.9,562,10,2.7,-1,-1
2023-04-16T11:18:43.001Z,U4254482,6108,44.06228,7.68403,22205.8,5.7,6.1,155.0,-273.0,-1.0,-1.0,RS41-SG,403.700,7.4,562,9,2.7,-1,-1
2023-04-16T11:18:47.001Z,U4254482,6112,44.06214,7.68415,22227.8,6.3,4.2,148.4,-273.0,-1.0,-1.0,RS41-SG,403.700,8.4,562,10,2.7,-1,-1
2023-04-16T11:18:48.001Z,U4254482,6113,44.06211,7.68418,22233.4,4.8,4.3,154.3,-273.0,-1.0,-1.0,RS41-SG,403.700,7.7,562,10,2.7,-1,-1
2023-04-16T11:18:49.001Z,U4254482,6114,44.06207,7.68420,22238.6,5.6,4.0,158.3,-273.0,-1.0,-1.0,RS41-SG,403.700,8.5,562,10,2.7,-1,-1
2023-04-16T11:18:50.001Z,U4254482,6115,44.06204,7.68421,22244.4,5.7,3.3,163.7,-273.0,-1.0,-1.0,RS41-SG,403.700,9.3,562,10,2.6,-1,-1
2023-04-16T11:18:51.001Z,U4254482,6116,44.06201,7.68422,22249.6,4.5,3.1,172.9,-273.0,-1.0,-1.0,RS41-SG,403.700,9.3,562,10,2.6,-1,-1
2023-04-16T11:18:52.001Z,U4254482,6117,44.06198,7.68423,22254.9,5.9,3.4,179.0,-273.0,-1.0,-1.0,RS41-SG,403.700,8.2,562,10,2.6,-1,-1
2023-04-16T11:18:53.001Z,U4254482,6118,44.06195,7.68423,22260.4,5.9,4.5,178.3,-273.0,-1.0,-1.0,RS41-SG,403.700,8.2,562,10,2.7,-1,-1
2023-04-16T11:18:55.001Z,U4254482,6120,44.06186,7.68424,22270.5,6.1,5.2,169.0,-273.0,-1.0,-1.0,RS41-SG,403.700,8.6,562,9,2.7,-1,-1
2023-04-16T11:18:56.001Z,U4254482,6121,44.06182,7.68425,22276.6,5.6,4.6,160.2,-273.0,-1.0,-1.0,RS41-SG,403.700,8.6,562,10,2.6,-1,-1
2023-04-16T11:18:57.001Z,U4254482,6122,44.06178,7.68428,22281.5,3.8,4.1,147.7,-273.0,-1.0,-1.0,RS41-SG,403.700,8.0,562,10,2.6,-1,-1
2023-04-16T11:18:59.001Z,U4254482,6124,44.06173,7.68436,22291.9,5.5,5.4,127.6,-273.0,-1.0,-1.0,RS41-SG,403.700,7.0,562,10,2.7,-1,-1
2023-04-16T11:19:00.001Z,U4254482,6125,44.06169,7.68442,22296.6,4.3,6.0,126.5,-273.0,-1.0,-1.0,RS41-SG,403.700,8.1,562,9,2.7,-1,-1
2023-04-16T11:19:01.001Z,U4254482,6126,44.06167,7.68448,22301.6,5.8,5.6,119.0,-273.0,-1.0,-1.0,RS41-SG,403.700,8.4,562,10,2.7,-1,-1
2023-04-16T11:19:02.001Z,U4254482,6127,44.06165,7.68453,22307.4,5.7,4.7,113.2,-59.2,-1.0,-1.0,RS41-SG,403.700,8.4,562,10,2.6,-1,-1
2023-04-16T11:19:03.001Z,U4254482,6128,44.06163,7.68458,22313.0,5.1,3.7,111.5,-59.1,-1.0,-1.0,RS41-SG,403.700,7.6,562,10,2.6,-1,-1
2023-04-16T11:19:04.001Z,U4254482,6129,44.06162,7.68462,22318.5,5.9,3.0,121.3,-59.1,-1.0,-1.0,RS41-SG,403.700,7.6,562,9,2.6,-1,-1
2023-04-16T11:19:05.001Z,U4254482,6130,44.06160,7.68465,22323.7,4.6,2.9,137.5,-59.1,-1.0,-1.0,RS41-SG,403.700,8.3,562,10,2.7,-1,-1
2023-04-16T11:19:06.001Z,U4254482,6131,44.06158,7.68467,22328.1,4.5,3.0,157.6,-59.0,-1.0,-1.0,RS41-SG,403.700,8.3,562,10,2.7,-1,-1
2023-04-16T11:19:07.001Z,U4254482,6132,44.06156,7.68467,22333.6,6.1,2.8,187.1,-59.0,-1.0,-1.0,RS41-SG,403.700,8.3,562,10,2.7,-1,-1
2023-04-16T11:19:08.001Z,U4254482,6133,44.06153,7.68466,22338.8,4.0,2.9,204.9,-59.0,-1.0,-1.0,RS41-SG,403.700,8.2,562,10,2.6,-1,-1
2023-04-16T11:19:09.001Z,U4254482,6134,44.06151,7.68464,22343.6,4.9,2.9,211.2,-59.0,-1.0,-1.0,RS41-SG,403.700,8.2,562,10,2.6,-1,-1
2023-04-16T11:19:12.001Z,U4254482,6137,44.06143,7.68464,22359.6,5.2,3.6,151.0,-59.0,-1.0,-1.0,RS41-SG,403.700,8.2,562,10,2.7,-1,-1
2023-04-16T11:19:13.001Z,U4254482,6138,44.06140,7.68467,22365.3,6.3,3.3,133.0,-59.2,-1.0,-1.0,RS41-SG,403.700,8.2,562,10,2.7,-1,-1
2023-04-16T11:19:16.001Z,U4254482,6141,44.06137,7.68477,22380.7,5.9,3.6,106.5,-59.2,-1.0,-1.0,RS41-SG,403.700,7.7,562,10,2.6,-1,-1
2023-04-16T11:19:17.001Z,U4254482,6142,44.06136,7.68482,22385.7,4.3,3.9,108.9,-59.2,-1.0,-1.0,RS41-SG,403.700,8.2,562,10,2.7,-1,-1
2023-04-16T11:19:20.001Z,U4254482,6145,44.06133,7.68491,22402.2,4.0,1.2,126.9,-59.3,-1.0,-1.0,RS41-SG,403.700,7.0,562,10,2.6,-1,-1
2023-04-16T11:19:21.001Z,U4254482,6146,44.06132,7.68492,22407.7,6.3,1.0,116.6,-59.5,-1.0,-1.0,RS41-SG,403.700,8.2,562,10,2.6,-1,-1
2023-04-16T11:19:22.001Z,U4254482,6147,44.06132,7.68494,22413.4,5.2,1.6,106.5,-59.5,-1.0,-1.0,RS41-SG,403.700,8.2,562,10,2.6,-1,-1
2023-04-16T11:19:25.001Z,U4254482,6150,44.06132,7.68501,22429.9,4.7,2.2,61.8,-59.2,-1.0,-1.0,RS41-SG,403.700,7.4,562,10,2.7,-1,-1
2023-04-16T11:19:26.001Z,U4254482,6151,44.06133,7.68504,22435.4,5.8,2.5,61.7,-59.2,-1.0,-1.0,RS41-SG,403.700,7.5,562,10,2.6,-1,-1
2023-04-16T11:19:27.001Z,U4254482,6152,44.06134,7.68507,22441.8,6.8,3.4,76.7,-59.1,-1.0,-1.0,RS41-SG,403.700,8.1,562,10,2.6,-1,-1
2023-04-16T11:19:28.001Z,U4254482,6153,44.06134,7.68512,22446.8,3.7,3.9,83.1,-59.0,-1.0,-1.0,RS41-SG,403.700,8.1,562,10,2.6,-1,-1
2023-04-16T11:19:29.001Z,U4254482,6154,44.06135,7.68517,22451.5,5.5,4.5,87.7,-59.0,-1.0,-1.0,RS41-SG,403.700,7.9,562,10,2.7,-1,-1
2023-04-16T11:19:30.001Z,U4254482,6155,44.06135,7.68522,22457.1,5.9,3.8,84.6,-59.0,-1.0,-1.0,RS41-SG,403.700,7.7,562,10,2.7,-1,-1
2023-04-16T11:19:43.001Z,U4254482,6168,44.06145,7.68585,22521.9,4.9,7.3,72.1,-59.3,-1.0,-1.0,RS41-SG,403.700,7.5,562,10,2.7,-1,-1
2023-04-16T11:19:48.001Z,U4254482,6173,44.06159,7.68621,22548.3,5.7,7.4,60.2,-59.1,-1.0,-1.0,RS41-SG,403.700,8.4,562,10,2.7,-1,-1
2023-04-16T11:19:49.001Z,U4254482,6174,44.06162,7.68629,22553.7,5.0,7.3,62.8,-58.9,-1.0,-1.0,RS41-SG,403.700,8.4,562,10,2.7,-1,-1
2023-04-16T11:19:50.001Z,U4254482,6175,44.06165,7.68637,22559.3,6.0,6.7,67.0,-58.9,-1.0,-1.0,RS41-SG,403.700,7.6,562,10,2.6,-1,-1
2023-04-16T11:19:51.001Z,U4254482,6176,44.06167,7.68644,22565.1,5.6,5.9,68.8,-58.8,-1.0,-1.0,RS41-SG,403.700,7.0,562,10,2.6,-1,-1
2023-04-16T11:19:52.001Z,U4254482,6177,44.06169,7.68651,22570.6,5.0,5.4,73.2,-58.7,-1.0,-1.0,RS41-SG,403.700,8.2,562,10,2.6,-1,-1
2023-04-16T11:19:53.001Z,U4254482,6178,44.06170,7.68658,22576.5,6.6,5.8,80.5,-58.7,-1.0,-1.0,RS41-SG,403.700,8.2,562,10,2.7,-1,-1
2023-04-16T11:22:38.001Z,U4254482,6343,44.05953,7.69778,23481.2,5.4,6.7,142.0,-58.6,-1.0,-1.0,RS41-SG,403.700,7.4,562,10,2.6,-1,-1
2023-04-16T11:22:46.001Z,U4254482,6351,44.05920,7.69818,23524.7,4.7,6.0,151.2,-58.6,-1.0,-1.0,RS41-SG,403.700,8.0,562,10,2.6,-1,-1
2023-04-16T11:22:48.001Z,U4254482,6353,44.05910,7.69824,23535.4,6.3,6.7,163.7,-58.6,-1.0,-1.0,RS41-SG,403.700,7.9,562,10,2.7,-1,-1
2023-04-16T11:22:51.001Z,U4254482,6356,44.05890,7.69831,23552.5,6.0,8.2,170.8,-58.7,-1.0,-1.0,RS41-SG,403.700,7.6,562,10,2.6,-1,-1
2023-04-16T11:22:54.001Z,U4254482,6359,44.05870,7.69835,23568.3,6.0,6.0,161.4,-58.6,-1.0,-1.0,RS41-SG,403.700,7.3,562,9,2.7,-1,-1
2023-04-16T11:22:57.001Z,U4254482,6362,44.05860,7.69844,23584.7,5.9,2.8,140.0,-58.5,-1.0,-1.0,RS41-SG,403.700,7.9,562,10,2.6,-1,-1
2023-04-16T11:22:58.001Z,U4254482,6363,44.05858,7.69846,23590.1,4.4,2.4,151.6,-58.5,-1.0,-1.0,RS41-SG,403.700,7.9,562,9,2.6,-1,-1
2023-04-16T11:23:08.001Z,U4254482,6373,44.05809,7.69849,23643.7,4.8,5.4,171.7,-57.5,-1.0,-1.0,RS41-SG,403.700,8.1,562,10,2.6,-1,-1
2023-04-16T11:23:12.001Z,U4254482,6377,44.05800,7.69847,23664.5,4.6,1.8,233.1,-57.6,-1.0,-1.0,RS41-SG,403.700,7.8,562,10,2.7,-1,-1
2023-04-16T11:23:16.001Z,U4254482,6381,44.05791,7.69847,23685.6,4.3,4.6,159.4,-57.7,-1.0,-1.0,RS41-SG,403.700,7.6,562,10,2.6,-1,-1
2023-04-16T11:23:19.001Z,U4254482,6384,44.05775,7.69849,23702.9,5.2,7.3,190.4,-57.9,-1.0,-1.0,RS41-SG,403.700,8.0,562,10,2.7,-1,-1
2023-04-16T11:24:40.001Z,U4254482,6465,44.05791,7.69517,24170.1,6.7,6.0,331.4,-58.2,-1.0,-1.0,RS41-SG,403.700,7.5,562,10,2.6,-1,-1
2023-04-16T11:24:55.001Z,U4254482,6480,44.05842,7.69482,24260.6,5.6,5.3,4.8,-58.4,-1.0,-1.0,RS41-SG,403.700,7.7,562,10,2.7,-1,-1
2023-04-16T11:25:01.001Z,U4254482,6486,44.05870,7.69485,24298.3,5.9,4.6,20.1,-58.5,-1.0,-1.0,RS41-SG,403.700,7.9,562,10,2.7,-1,-1
2023-04-16T11:25:02.001Z,U4254482,6487,44.05873,7.69487,24304.9,7.3,3.9,12.1,-58.5,-1.0,-1.0,RS41-SG,403.700,8.1,562,10,2.6,-1,-1
2023-04-16T11:25:06.001Z,U4254482,6491,44.05886,7.69488,24331.5,6.1,3.9,19.7,-58.3,-1.0,-1.0,RS41-SG,403.700,7.5,562,10,2.7,-1,-1
2023-04-16T11:25:10.001Z,U4254482,6495,44.05899,7.69496,24355.9,6.0,3.3,13.9,-57.9,-1.0,-1.0,RS41-SG,403.700,7.9,562,10,2.6,-1,-1
2023-04-16T11:25:19.001Z,U4254482,6504,44.05921,7.69528,24411.6,5.2,2.2,79.1,-57.7,-1.0,-1.0,RS41-SG,403.700,7.9,562,10,2.7,-1,-1
2023-04-16T11:25:21.001Z,U4254482,6506,44.05923,7.69534,24424.5,7.4,3.7,51.2,-57.8,-1.0,-1.0,RS41-SG,403.700,7.9,562,10,2.6,-1,-1
2023-04-16T11:25:25.001Z,U4254482,6510,44.05937,7.69550,24450.4,5.5,5.0,33.5,-57.8,-1.0,-1.0,RS41-SG,403.700,7.0,562,10,2.7,-1,-1
2023-04-16T11:25:31.001Z,U4254482,6516,44.05956,7.69568,24488.2,6.6,2.3,59.5,-57.3,-1.0,-1.0,RS41-SG,403.700,7.5,562,10,2.7,-1,-1
2023-04-16T11:25:41.001Z,U4254482,6526,44.05962,7.69590,24549.2,7.1,4.1,74.7,-57.2,-1.0,-1.0,RS41-SG,403.700,7.7,562,10,2.7,-1,-1
2023-04-16T11:25:43.001Z,U4254482,6528,44.05965,7.69601,24561.2,5.5,5.7,69.8,-57.1,-1.0,-1.0,RS41-SG,403.700,8.0,562,10,2.7,-1,-1
2023-04-16T11:25:45.001Z,U4254482,6530,44.05968,7.69613,24574.1,6.9,4.0,63.2,-57.0,-1.0,-1.0,RS41-SG,403.700,8.3,562,10,2.6,-1,-1
2023-04-16T11:26:00.001Z,U4254482,6545,44.06004,7.69667,24664.8,5.0,5.4,36.9,-56.6,-1.0,-1.0,RS41-SG,403.700,7.5,562,10,2.7,-1,-1
2023-04-16T11:26:02.001Z,U4254482,6547,44.06014,7.69675,24676.4,6.8,7.0,28.9,-56.5,-1.0,-1.0,RS41-SG,403.700,7.9,562,10,2.6,-1,-1
2023-04-16T11:26:04.001Z,U4254482,6549,44.06025,7.69684,24688.5,5.5,6.6,37.5,-56.5,-1.0,-1.0,RS41-SG,403.700,7.3,562,10,2.6,-1,-1
2023-04-16T11:26:06.001Z,U4254482,6551,44.06031,7.69693,24700.4,6.6,3.5,52.5,-56.5,-1.0,-1.0,RS41-SG,403.700,7.6,562,10,2.7,-1,-1
2023-04-16T11:26:09.001Z,U4254482,6554,44.06032,7.69700,24717.0,5.5,2.2,110.0,-56.5,-1.0,-1.0,RS41-SG,403.700,8.2,562,10,2.6,-1,-1
2023-04-16T11:26:11.001Z,U4254482,6556,44.06032,7.69708,24729.5,6.1,5.1,84.2,-56.6,-1.0,-1.0,RS41-SG,403.700,8.3,562,10,2.7,-1,-1
2023-04-16T11:26:13.001Z,U4254482,6558,44.06034,7.69723,24739.7,5.2,6.8,71.4,-56.6,-1.0,-1.0,RS41-SG,403.700,7.7,562,10,2.7,-1,-1
2023-04-16T11:26:14.001Z,U4254482,6559,44.06037,7.69731,24745.7,6.5,6.5,60.9,-56.7,-1.0,-1.0,RS41-SG,403.700,7.5,562,10,2.6,-1,-1
2023-04-16T11:26:18.001Z,U4254482,6563,44.06052,7.69752,24769.8,7.0,6.6,38.7,-56.7,-1.0,-1.0,RS41-SG,403.700,7.3,562,10,2.7,-1,-1
2023-04-16T11:26:20.001Z,U4254482,6565,44.06061,7.69763,24781.8,6.0,6.5,46.8,-56.7,-1.0,-1.0,RS41-SG,403.700,8.3,562,10,2.6,-1,-1
2023-04-16T11:26:21.001Z,U4254482,6566,44.06065,7.69768,24787.9,6.4,5.4,48.7,-56.7,-1.0,-1.0,RS41-SG,403.700,8.3,562,10,2.6,-1,-1
2023-04-16T11:26:24.001Z,U4254482,6569,44.06070,7.69782,24805.1,6.1,4.4,84.0,-56.7,-1.0,-1.0,RS41-SG,403.700,7.7,562,10,2.7,-1,-1
2023-04-16T11:26:26.001Z,U4254482,6571,44.06070,7.69796,24817.3,4.9,6.6,90.3,-56.8,-1.0,-1.0,RS41-SG,403.700,7.0,562,10,2.6,-1,-1
2023-04-16T11:26:35.001Z,U4254482,6580,44.06104,7.69862,24868.9,6.0,8.4,58.5,-56.9,-1.0,-1.0,RS41-SG,403.700,7.4,562,9,2.7,-1,-1
2023-04-16T11:26:36.001Z,U4254482,6581,44.06107,7.69871,24874.7,6.1,7.3,62.1,-56.9,-1.0,-1.0,RS41-SG,403.700,7.7,562,10,2.7,-1,-1
2023-04-16T11:26:40.001Z,U4254482,6585,44.06112,7.69899,24897.2,6.3,6.3,99.0,-57.1,-1.0,-1.0,RS41-SG,403.700,8.0,562,10,2.6,-1,-1
2023-04-16T11:26:44.001Z,U4254482,6589,44.06111,7.69929,24922.3,5.5,5.4,66.3,-57.2,-1.0,-1.0,RS41-SG,403.700,8.8,562,10,2.6,-1,-1
2023-04-16T11:26:46.001Z,U4254482,6591,44.06118,7.69942,24932.8,6.1,7.6,50.8,-57.3,-1.0,-1.0,RS41-SG,403.700,7.5,562,10,2.6,-1,-1
2023-04-16T11:26:48.001Z,U4254482,6593,44.06127,7.69959,24944.0,5.0,9.1,59.9,-57.3,-1.0,-1.0,RS41-SG,403.700,8.5,562,10,2.7,-1,-1
2023-04-16T11:26:50.001Z,U4254482,6595,44.06133,7.69979,24956.0,6.3,7.8,68.7,-57.4,-1.0,-1.0,RS41-SG,403.700,7.5,562,10,2.6,-1,-1
2023-04-16T11:26:55.001Z,U4254482,6600,44.06135,7.70023,24983.1,5.0,7.7,100.2,-57.6,-1.0,-1.0,RS41-SG,403.700,7.4,562,10,2.7,-1,-1
2023-04-16T11:26:56.001Z,U4254482,6601,44.06134,7.70032,24988.6,5.8,6.9,98.2,-57.6,-1.0,-1.0,RS41-SG,403.700,8.0,562,9,2.6,-1,-1
2023-04-16T11:26:57.001Z,U4254482,6602,44.06133,7.70040,24994.8,6.5,5.5,92.4,-57.7,-1.0,-1.0,RS41-SG,403.700,8.0,562,10,2.6,-1,-1
2023-04-16T11:27:02.001Z,U4254482,6607,44.06144,7.70075,25023.9,5.0,8.0,64.3,-57.8,-1.0,-1.0,RS41-SG,403.700,7.8,562,10,2.6,-1,-1
2023-04-16T11:27:04.001Z,U4254482,6609,44.06148,7.70093,25036.1,6.1,6.3,80.7,-57.9,-1.0,-1.0,RS41-SG,403.700,7.9,562,10,2.6,-1,-1
2023-04-16T11:27:06.001Z,U4254482,6611,44.06148,7.70107,25046.4,5.4,5.6,98.6,-57.9,-1.0,-1.0,RS41-SG,403.700,7.2,562,10,2.7,-1,-1
2023-04-16T11:27:09.001Z,U4254482,6614,44.06146,7.70129,25063.7,5.6,5.8,95.1,-58.0,-1.0,-1.0,RS41-SG,403.700,7.5,562,10,2.6,-1,-1
2023-04-16T11:27:18.001Z,U4254482,6623,44.06159,7.70173,25117.7,4.6,3.5,77.5,-57.9,-1.0,-1.0,RS41-SG,403.700,7.8,562,10,2.7,-1,-1
2023-04-16T11:27:23.001Z,U4254482,6628,44.06157,7.70196,25147.0,6.9,3.0,105.6,-57.9,-1.0,-1.0,RS41-SG,403.700,7.1,562,10,2.7,-1,-1
2023-04-16T11:27:24.001Z,U4254482,6629,44.06156,7.70199,25152.8,4.7,2.3,110.8,-57.9,-1.0,-1.0,RS41-SG,403.700,7.1,562,10,2.7,-1,-1
2023-04-16T11:27:26.001Z,U4254482,6631,44.06157,7.70204,25164.4,6.5,2.6,57.3,-58.0,-1.0,-1.0,RS41-SG,403.700,7.7,562,10,2.6,-1,-1
2023-04-16T11:27:30.001Z,U4254482,6635,44.06167,7.70218,25186.1,5.0,4.0,34.7,-58.1,-1.0,-1.0,RS41-SG,403.700,6.8,562,10,2.7,-1,-1
2023-04-16T11:28:10.001Z,U4254482,6675,44.06240,7.70302,25409.6,5.9,4.0,71.4,-57.4,-1.0,-1.0,RS41-SG,403.700,7.2,562,10,2.6,-1,-1
2023-04-16T11:28:14.001Z,U4254482,6679,44.06252,7.70320,25431.5,5.2,7.7,37.8,-57.2,-1.0,-1.0,RS41-SG,403.700,7.4,562,10,2.6,-1,-1
2023-04-16T11:29:27.000Z,U4254482,6752,44.06635,7.71047,25832.0,5.7,15.6,67.4,-54.7,-1.0,-1.0,RS41-SG,403.700,8.2,562,10,2.6,-1,-1
2023-04-16T11:29:43.000Z,U4254482,6768,44.06671,7.71317,25925.6,6.0,15.7,76.8,-54.4,-1.0,-1.0,RS41-SG,403.700,7.3,562,10,2.6,-1,-1
2023-04-16T11:29:47.000Z,U4254482,6772,44.06681,7.71381,25949.5,6.5,10.9,88.3,-54.6,-1.0,-1.0,RS41-SG,403.700,7.0,562,10,2.7,-1,-1
2023-04-16T11:30:31.000Z,U4254482,6816,44.06709,7.72118,26217.7,4.9,16.3,97.6,-54.5,-1.0,-1.0,RS41-SG,403.700,7.2,562,10,2.6,-1,-1
2023-04-16T11:30:41.000Z,U4254482,6826,44.06691,7.72307,26279.8,5.7,16.0,89.6,-54.5,-1.0,-1.0,RS41-SG,403.700,7.3,562,10,2.7,-1,-1
2023-04-16T11:31:10.000Z,U4254482,6855,44.06665,7.72847,26460.8,7.3,16.7,92.8,-53.8,-1.0,-1.0,RS41-SG,403.700,7.2,562,10,2.7,-1,-1
2023-04-16T11:31:25.000Z,U4254482,6870,44.06624,7.73134,26549.9,5.2,16.3,101.4,-53.6,-1.0,-1.0,RS41-SG,403.700,7.1,562,10,2.6,-1,-1
2023-04-16T11:31:29.000Z,U4254482,6874,44.06609,7.73219,26573.5,6.1,17.8,108.9,-53.7,-1.0,-1.0,RS41-SG,403.700,7.4,562,10,2.6,-1,-1
2023-04-16T11:31:33.000Z,U4254482,6878,44.06585,7.73290,26596.7,6.0,15.1,120.0,-53.5,-1.0,-1.0,RS41-SG,403.700,6.9,562,10,2.6,-1,-1
2023-04-16T11:31:36.000Z,U4254482,6881,44.06567,7.73340,26613.6,6.1,14.2,110.9,-52.9,-1.0,-1.0,RS41-SG,403.700,7.6,562,10,2.6,-1,-1
2023-04-16T11:31:38.000Z,U4254482,6883,44.06560,7.73372,26625.1,5.4,12.2,102.1,-52.4,-1.0,-1.0,RS41-SG,403.700,7.1,562,10,2.7,-1,-1
2023-04-16T11:31:40.000Z,U4254482,6885,44.06556,7.73401,26636.6,6.2,12.6,102.9,-52.1,-1.0,-1.0,RS41-SG,403.700,8.0,562,10,2.7,-1,-1
2023-04-16T11:31:43.000Z,U4254482,6888,44.06545,7.73449,26653.4,5.3,14.2,113.5,-51.9,-1.0,-1.0,RS41-SG,403.700,7.9,562,10,2.6,-1,-1
2023-04-16T11:31:48.000Z,U4254482,6893,44.06516,7.73523,26681.8,4.6,14.0,118.7,-51.5,-1.0,-1.0,RS41-SG,403.700,7.1,562,10,2.6,-1,-1
2023-04-16T11:31:49.000Z,U4254482,6894,44.06510,7.73538,26686.7,4.9,14.3,117.6,-51.5,-1.0,-1.0,RS41-SG,403.700,7.1,562,9,2.6,-1,-1
2023-04-16T11:31:51.000Z,U4254482,6896,44.06499,7.73568,26699.1,5.7,12.5,115.8,-51.5,-1.0,-1.0,RS41-SG,403.700,7.2,562,10,2.7,-1,-1
2023-04-16T11:31:56.000Z,U4254482,6901,44.06474,7.73638,26726.3,6.1,13.6,118.6,-51.6,-1.0,-1.0,RS41-SG,403.700,7.6,562,10,2.7,-1,-1
2023-04-16T11:31:57.000Z,U4254482,6902,44.06468,7.73652,26732.3,5.9,12.5,118.7,-51.7,-1.0,-1.0,RS41-SG,403.700,8.3,562,10,2.7,-1,-1
2023-04-16T11:31:59.000Z,U4254482,6904,44.06458,7.73678,26743.4,5.2,11.2,121.6,-51.7,-1.0,-1.0,RS41-SG,403.700,7.6,562,10,2.6,-1,-1
2023-04-16T11:32:00.000Z,U4254482,6905,44.06452,7.73689,26748.3,4.2,11.4,121.3,-51.8,-1.0,-1.0,RS41-SG,403.700,8.8,562,10,2.6,-1,-1
2023-04-16T11:32:02.000Z,U4254482,6907,44.06441,7.73715,26759.1,6.2,13.0,119.3,-51.8,-1.0,-1.0,RS41-SG,403.700,8.3,562,10,2.7,-1,-1
2023-04-16T11:32:03.000Z,U4254482,6908,44.06436,7.73730,26765.4,6.3,13.7,116.0,-51.9,-1.0,-1.0,RS41-SG,403.700,8.3,562,10,2.7,-1,-1
2023-04-16T11:32:04.000Z,U4254482,6909,44.06431,7.73746,26770.6,4.3,13.8,113.5,-51.9,-1.0,-1.0,RS41-SG,403.700,8.0,562,10,2.7,-1,-1
2023-04-16T11:32:05.000Z,U4254482,6910,44.06426,7.73761,26775.3,4.4,13.0,109.9,-51.9,-1.0,-1.0,RS41-SG,403.700,8.1,562,10,2.6,-1,-1
2023-04-16T11:32:06.000Z,U4254482,6911,44.06423,7.73775,26780.8,6.0,11.0,103.2,-52.0,-1.0,-1.0,RS41-SG,403.700,8.2,562,10,2.6,-1,-1
2023-04-16T11:32:07.000Z,U4254482,6912,44.06421,7.73788,26786.7,5.0,9.0,98.1,-52.0,-1.0,-1.0,RS41-SG,403.700,8.2,562,10,2.6,-1,-1
2023-04-16T11:32:09.000Z,U4254482,6914,44.06419,7.73807,26796.2,6.1,7.2,101.5,-52.0,-1.0,-1.0,RS41-SG,403.700,7.5,562,10,2.7,-1,-1
2023-04-16T11:32:19.000Z,U4254482,6924,44.06367,7.73945,26853.9,6.4,15.1,114.0,-51.8,-1.0,-1.0,RS41-SG,403.700,8.4,562,10,2.6,-1,-1
2023-04-16T11:32:20.000Z,U4254482,6925,44.06363,7.73961,26860.3,6.4,13.1,109.9,-51.8,-1.0,-1.0,RS41-SG,403.700,8.4,562,10,2.6,-1,-1
2023-04-16T11:32:21.000Z,U4254482,6926,44.06359,7.73975,26865.8,4.1,11.7,106.7,-51.7,-1.0,-1.0,RS41-SG,403.700,7.7,562,10,2.7,-1,-1
2023-04-16T11:33:04.000Z,U4254482,6969,44.06144,7.74557,27107.3,5.5,9.9,104.9,-52.4,-1.0,-1.0,RS41-SG,403.700,7.6,562,10,2.7,-1,-1
2023-04-16T11:33:15.000Z,U4254482,6980,44.06111,7.74663,27170.4,4.8,12.1,103.6,-52.8,-1.0,-1.0,RS41-SG,403.700,7.3,562,10,2.6,-1,-1
2023-04-16T11:33:22.000Z,U4254482,6987,44.06110,7.74747,27211.4,5.7,7.6,98.8,-53.0,-1.0,-1.0,RS41-SG,403.700,7.2,562,10,2.7,-1,-1
2023-04-16T11:33:25.000Z,U4254482,6990,44.06104,7.74770,27230.3,6.2,5.6,118.8,-53.1,-1.0,-1.0,RS41-SG,403.700,6.8,562,10,2.6,-1,-1
2023-04-16T11:33:30.000Z,U4254482,6995,44.06095,7.74807,27258.2,5.3,8.6,100.9,-53.1,-1.0,-1.0,RS41-SG,403.700,6.8,562,10,2.6,-1,-1
2023-04-16T11:33:32.000Z,U4254482,6997,44.06093,7.74827,27269.4,6.8,7.6,91.2,-53.2,-1.0,-1.0,RS41-SG,403.700,7.2,562,10,2.7,-1,-1
2023-04-16T11:33:37.000Z,U4254482,7002,44.06099,7.74856,27298.7,6.9,4.1,71.4,-53.1,1.1,-1.0,RS41-SG,403.700,8.2,562,10,2.7,-1,-1
2023-04-16T11:33:46.000Z,U4254482,7011,44.06096,7.74900,27353.2,5.5,7.6,88.3,-52.5,1.0,-1.0,RS41-SG,403.700,7.1,562,10,2.6,-1,-1
2023-04-16T11:33:48.000Z,U4254482,7013,44.06100,7.74920,27365.7,6.7,9.0,62.9,-52.5,1.0,-1.0,RS41-SG,403.700,7.9,562,10,2.6,-1,-1
2023-04-16T11:33:54.000Z,U4254482,7019,44.06117,7.74967,27401.9,6.0,4.1,86.6,-52.3,1.0,-1.0,RS41-SG,403.700,7.5,562,10,2.6,-1,-1
2023-04-16T11:34:01.000Z,U4254482,7026,44.06121,7.74993,27446.0,7.3,4.2,76.3,-52.3,1.0,-1.0,RS41-SG,403.700,7.1,562,10,2.7,-1,-1
2023-04-16T11:34:07.000Z,U4254482,7032,44.06129,7.75030,27484.2,5.5,6.1,96.4,-52.3,1.0,-1.0,RS41-SG,403.700,7.5,562,10,2.6,-1,-1
2023-04-16T11:34:08.000Z,U4254482,7033,44.06128,7.75038,27490.4,6.5,5.6,98.5,-52.3,1.0,-1.0,RS41-SG,403.700,7.1,562,10,2.6,-1,-1
2023-04-16T11:34:12.000Z,U4254482,7037,44.06127,7.75057,27515.9,7.4,3.1,103.4,-52.3,1.0,-1.0,RS41-SG,403.700,7.6,562,10,2.7,-1,-1
2023-04-16T11:34:14.000Z,U4254482,7039,44.06125,7.75065,27528.2,5.3,3.6,106.4,-52.4,1.0,-1.0,RS41-SG,403.700,7.8,562,10,2.6,-1,-1
2023-04-16T11:34:19.000Z,U4254482,7044,44.06128,7.75092,27560.9,7.5,5.9,93.9,-52.6,1.1,-1.0,RS41-SG,403.700,6.6,562,10,2.6,-1,-1
2023-04-16T11:34:21.000Z,U4254482,7046,44.06124,7.75108,27574.2,5.3,7.7,116.1,-52.6,1.0,-1.0,RS41-SG,403.700,7.1,562,10,2.6,-1,-1
2023-04-16T11:34:28.000Z,U4254482,7053,44.06104,7.75163,27619.7,5.9,7.2,115.0,-52.4,1.0,-1.0,RS41-SG,403.700,7.1,562,10,2.7,-1,-1
2023-04-16T11:34:29.000Z,U4254482,7054,44.06102,7.75171,27626.4,7.5,6.6,109.6,-52.4,1.0,-1.0,RS41-SG,403.700,7.5,562,10,2.6,-1,-1
2023-04-16T11:34:34.000Z,U4254482,7059,44.06093,7.75212,27660.8,4.4,8.9,114.5,-52.5,1.0,-1.0,RS41-SG,403.700,8.0,562,10,2.6,-1,-1
2023-04-16T11:34:37.000Z,U4254482,7062,44.06082,7.75246,27679.7,6.7,10.5,111.6,-52.6,1.0,-1.0,RS41-SG,403.700,7.3,562,10,2.7,-1,-1
2023-04-16T11:34:40.000Z,U4254482,7065,44.06072,7.75283,27700.6,6.7,11.1,112.5,-52.6,1.0,-1.0,RS41-SG,403.700,7.7,562,10,2.6,-1,-1
2023-04-16T11:34:42.000Z,U4254482,7067,44.06065,7.75306,27714.2,7.1,8.7,112.3,-52.6,1.1,-1.0,RS41-SG,403.700,7.5,562,10,2.6,-1,-1
2023-04-16T11:34:43.000Z,U4254482,7068,44.06062,7.75315,27721.4,7.0,6.6,105.8,-52.5,1.0,-1.0,RS41-SG,403.700,8.5,562,10,2.7,-1,-1
2023-04-16T11:34:44.000Z,U4254482,7069,44.06061,7.75323,27728.0,6.1,5.1,92.0,-52.6,1.0,-1.0,RS41-SG,403.700,8.5,562,10,2.7,-1,-1
2023-04-16T11:34:45.000Z,U4254482,7070,44.06062,7.75329,27734.2,5.7,4.5,86.3,-52.6,1.0,-1.0,RS41-SG,403.700,7.9,562,10,2.7,-1,-1
2023-04-16T11:34:48.000Z,U4254482,7073,44.06060,7.75349,27753.9,6.5,7.3,101.7,-52.4,1.0,-1.0,RS41-SG,403.700,7.7,562,10,2.6,-1,-1
2023-04-16T11:34:50.000Z,U4254482,7075,44.06058,7.75370,27765.9,6.3,10.0,98.9,-52.3,1.0,-1.0,RS41-SG,403.700,7.5,562,10,2.7,-1,-1
2023-04-16T11:34:51.000Z,U4254482,7076,44.06057,7.75382,27772.8,7.7,10.2,93.3,-52.2,1.0,-1.0,RS41-SG,403.700,8.2,562,10,2.7,-1,-1
2023-04-16T11:34:54.000Z,U4254482,7079,44.06057,7.75418,27793.2,7.8,9.3,88.4,-52.1,1.0,-1.0,RS41-SG,403.700,7.9,562,10,2.7,-1,-1
2023-04-16T11:34:55.000Z,U4254482,7080,44.06057,7.75430,27800.1,6.4,9.1,93.1,-52.0,1.0,-1.0,RS41-SG,403.700,8.0,562,10,2.7,-1,-1
2023-04-16T11:34:56.000Z,U4254482,7081,44.06056,7.75441,27805.6,4.5,8.6,96.3,-51.9,1.0,-1.0,RS41-SG,403.700,8.6,562,10,2.6,-1,-1
2023-04-16T11:34:57.000Z,U4254482,7082,44.06055,7.75451,27811.4,6.9,7.0,99.7,-51.8,1.0,-1.0,RS41-SG,403.700,8.6,562,10,2.6,-1,-1
2023-04-16T11:34:58.000Z,U4254482,7083,44.06054,7.75458,27818.4,7.2,5.4,99.5,-51.8,1.0,-1.0,RS41-SG,403.700,8.8,562,10,2.7,-1,-1
2023-04-16T11:34:59.000Z,U4254482,7084,44.06054,7.75464,27825.2,6.1,4.3,96.4,-51.8,0.9,-1.0,RS41-SG,403.700,8.9,562,10,2.7,-1,-1
2023-04-16T11:35:00.000Z,U4254482,7085,44.06053,7.75469,27831.9,7.3,4.0,95.1,-51.9,0.9,-1.0,RS41-SG,403.700,8.9,562,10,2.7,-1,-1
2023-04-16T11:35:01.000Z,U4254482,7086,44.06053,7.75474,27839.4,7.6,4.4,97.6,-51.8,1.0,-1.0,RS41-SG,403.700,8.7,562,10,2.6,-1,-1
2023-04-16T11:35:02.000Z,U4254482,7087,44.06052,7.75480,27846.0,5.6,5.1,99.8,-51.7,0.9,-1.0,RS41-SG,403.700,7.8,562,10,2.6,-1,-1
2023-04-16T11:35:03.000Z,U4254482,7088,44.06052,7.75487,27852.1,6.4,5.7,97.7,-51.7,1.0,-1.0,RS41-SG,403.700,7.4,562,10,2.6,-1,-1
2023-04-16T11:35:04.000Z,U4254482,7089,44.06051,7.75494,27859.1,7.5,5.7,90.6,-51.8,1.0,-1.0,RS41-SG,403.700,8.7,562,10,2.7,-1,-1
2023-04-16T11:35:08.000Z,U4254482,7093,44.06051,7.75525,27886.3,6.2,7.8,99.8,-51.5,1.0,-1.0,RS41-SG,403.700,7.5,562,10,2.6,-1,-1
2023-04-16T11:35:09.000Z,U4254482,7094,44.06050,7.75535,27892.4,5.6,8.4,104.4,-51.5,1.0,-1.0,RS41-SG,403.700,7.9,562,10,2.6,-1,-1
2023-04-16T11:35:10.000Z,U4254482,7095,44.06048,7.75545,27899.1,7.7,7.8,107.0,-51.5,1.0,-1.0,RS41-SG,403.700,7.9,562,10,2.7,-1,-1
2023-04-16T11:35:11.000Z,U4254482,7096,44.06046,7.75553,27906.4,7.1,6.4,106.2,-51.5,1.0,-1.0,RS41-SG,403.700,7.8,562,10,2.7,-1,-1
2023-04-16T11:35:12.000Z,U4254482,7097,44.06044,7.75560,27912.2,4.7,5.1,105.2,-51.5,0.9,-1.0,RS41-SG,403.700,8.1,562,10,2.7,-1,-1
2023-04-16T11:35:13.000Z,U4254482,7098,44.06043,7.75565,27917.1,5.1,4.0,101.7,-51.6,1.0,-1.0,RS41-SG,403.700,8.1,562,10,2.6,-1,-1
2023-04-16T11:35:15.000Z,U4254482,7100,44.06042,7.75575,27929.8,7.6,4.3,96.7,-51.5,1.0,-1.0,RS41-SG,403.700,8.0,562,10,2.6,-1,-1
2023-04-16T11:35:18.000Z,U4254482,7103,44.06042,7.75592,27949.2,6.9,4.5,84.9,-51.5,1.0,-1.0,RS41-SG,403.700,7.8,562,10,2.7,-1,-1
2023-04-16T11:35:19.000Z,U4254482,7104,44.06042,7.75598,27956.3,7.2,4.2,76.9,-51.5,1.0,-1.0,RS41-SG,403.700,7.4,562,10,2.6,-1,-1
2023-04-16T11:35:20.000Z,U4254482,7105,44.06043,7.75603,27962.8,5.7,4.1,74.2,-51.6,1.0,-1.0,RS41-SG,403.700,8.0,562,10,2.6,-1,-1
2023-04-16T11:35:21.000Z,U4254482,7106,44.06044,7.75608,27968.9,6.2,4.5,83.5,-51.6,1.0,-1.0,RS41-SG,403.700,8.0,562,10,2.7,-1,-1
2023-04-16T11:35:23.000Z,U4254482,7108,44.06042,7.75621,27982.5,6.1,6.6,113.6,-51.5,1.0,-1.0,RS41-SG,403.700,7.7,562,10,2.6,-1,-1
2023-04-16T11:35:25.000Z,U4254482,7110,44.06036,7.75637,27994.4,7.1,7.5,120.9,-51.5,1.0,-1.0,RS41-SG,403.700,8.8,562,10,2.7,-1,-1
2023-04-16T11:35:26.000Z,U4254482,7111,44.06033,7.75644,28001.5,7.3,6.5,118.5,-51.5,1.0,-1.0,RS41-SG,403.700,7.5,562,10,2.7,-1,-1
2023-04-16T11:35:27.000Z,U4254482,7112,44.06030,7.75651,28007.8,5.0,5.2,114.2,-51.4,1.0,-1.0,RS41-SG,403.700,8.2,562,10,2.7,-1,-1
2023-04-16T11:35:28.000Z,U4254482,7113,44.06029,7.75656,28013.8,6.7,4.1,110.8,-51.5,1.0,-1.0,RS41-SG,403.700,9.3,562,10,2.6,-1,-1
2023-04-16T11:35:29.000Z,U4254482,7114,44.06027,7.75661,28020.9,7.2,3.8,113.2,-51.5,1.0,-1.0,RS41-SG,403.700,9.3,562,10,2.6,-1,-1
2023-04-16T11:35:30.000Z,U4254482,7115,44.06026,7.75665,28027.1,5.1,3.8,118.3,-51.4,1.0,-1.0,RS41-SG,403.700,8.9,562,10,2.6,-1,-1
2023-04-16T11:35:31.000Z,U4254482,7116,44.06024,7.75669,28032.7,6.3,3.0,121.7,-51.4,1.0,-1.0,RS41-SG,403.700,8.8,562,10,2.7,-1,-1
2023-04-16T11:35:32.000Z,U4254482,7117,44.06023,7.75671,28039.5,7.3,1.9,122.9,-51.4,1.0,-1.0,RS41-SG,403.700,8.8,562,10,2.7,-1,-1
2023-04-16T11:35:34.000Z,U4254482,7119,44.06022,7.75673,28051.5,5.7,0.7,179.5,-51.3,1.0,-1.0,RS41-SG,403.700,7.6,562,10,2.6,-1,-1
2023-04-16T11:35:35.000Z,U4254482,7120,44.06021,7.75673,28057.8,6.9,1.9,167.2,-51.4,1.0,-1.0,RS41-SG,403.700,8.9,562,10,2.6,-1,-1
2023-04-16T11:35:38.000Z,U4254482,7123,44.06012,7.75681,28076.9,6.8,5.2,138.5,-51.1,0.9,-1.0,RS41-SG,403.700,7.3,562,10,2.7,-1,-1
2023-04-16T11:35:39.000Z,U4254482,7124,44.06009,7.75685,28083.9,7.4,4.6,129.8,-51.1,1.0,-1.0,RS41-SG,403.700,8.8,562,10,2.7,-1,-1
2023-04-16T11:35:40.000Z,U4254482,7125,44.06006,7.75690,28090.2,5.0,4.1,124.6,-51.2,0.9,-1.0,RS41-SG,403.700,8.8,562,10,2.6,-1,-1
2023-04-16T11:35:42.000Z,U4254482,7127,44.06003,7.75698,28102.3,7.2,3.9,117.7,-51.0,0.9,-1.0,RS41-SG,403.700,7.8,562,10,2.7,-1,-1
2023-04-16T11:35:44.000Z,U4254482,7129,44.05999,7.75706,28114.8,6.4,3.3,124.8,-51.1,1.0,-1.0,RS41-SG,403.700,8.4,562,10,2.6,-1,-1
2023-04-16T11:35:45.000Z,U4254482,7130,44.05998,7.75708,28121.8,7.5,1.7,141.0,-51.1,0.9,-1.0,RS41-SG,403.700,8.4,562,10,2.6,-1,-1
2023-04-16T11:35:46.000Z,U4254482,7131,44.05997,7.75709,28128.4,5.7,0.8,212.4,-51.0,0.9,-1.0,RS41-SG,403.700,8.1,562,10,2.7,-1,-1
2023-04-16T11:35:47.000Z,U4254482,7132,44.05996,7.75707,28133.8,5.1,1.7,250.7,-51.0,1.0,-1.0,RS41-SG,403.700,8.3,562,10,2.7,-1,-1
2023-04-16T11:35:48.000Z,U4254482,7133,44.05995,7.75705,28139.9,7.0,2.4,237.6,-51.1,1.0,-1.0,RS41-SG,403.700,8.8,562,10,2.7,-1,-1
2023-04-16T11:35:49.000Z,U4254482,7134,44.05994,7.75703,28146.6,6.4,2.7,215.3,-51.2,0.9,-1.0,RS41-SG,403.700,8.8,562,10,2.6,-1,-1
2023-04-16T11:35:50.000Z,U4254482,7135,44.05992,7.75702,28152.1,4.2,3.1,194.1,-51.1,0.9,-1.0,RS41-SG,403.700,8.0,562,10,2.6,-1,-1
2023-04-16T11:35:51.000Z,U4254482,7136,44.05989,7.75701,28157.2,5.3,3.6,187.0,-51.1,0.9,-1.0,RS41-SG,403.700,8.1,562,10,2.6,-1,-1
2023-04-16T11:35:52.000Z,U4254482,7137,44.05985,7.75700,28162.8,6.3,3.3,186.7,-51.1,1.0,-1.0,RS41-SG,403.700,8.7,562,10,2.7,-1,-1
2023-04-16T11:35:54.000Z,U4254482,7139,44.05981,7.75699,28175.6,6.2,1.6,197.7,-51.2,1.0,-1.0,RS41-SG,403.700,8.4,562,10,2.7,-1,-1
2023-04-16T11:35:55.000Z,U4254482,7140,44.05980,7.75699,28181.5,5.4,1.0,163.5,-51.1,1.0,-1.0,RS41-SG,403.700,8.4,562,10,2.6,-1,-1
2023-04-16T11:35:56.000Z,U4254482,7141,44.05979,7.75700,28187.8,6.2,1.2,103.6,-51.0,0.9,-1.0,RS41-SG,403.700,7.8,562,10,2.6,-1,-1
2023-04-16T11:35:57.000Z,U4254482,7142,44.05979,7.75702,28194.3,6.8,1.7,89.8,-51.0,1.0,-1.0,RS41-SG,403.700,8.2,562,10,2.6,-1,-1
2023-04-16T11:35:58.000Z,U4254482,7143,44.05979,7.75704,28200.5,6.0,1.4,88.7,-51.0,0.9,-1.0,RS41-SG,403.700,8.5,562,10,2.7,-1,-1
2023-04-16T11:35:59.000Z,U4254482,7144,44.05979,7.75705,28206.5,5.8,0.2,157.4,-51.1,1.0,-1.0,RS41-SG,403.700,9.2,562,10,2.7,-1,-1
2023-04-16T11:36:00.000Z,U4254482,7145,44.05979,7.75703,28212.9,6.6,2.1,267.9,-51.1,1.0,-1.0,RS41-SG,403.700,9.2,562,10,2.7,-1,-1
2023-04-16T11:36:02.000Z,U4254482,7147,44.05980,7.75694,28224.9,4.5,5.2,276.4,-51.0,1.0,-1.0,RS41-SG,403.700,8.2,562,10,2.6,-1,-1
2023-04-16T11:36:03.000Z,U4254482,7148,44.05980,7.75687,28230.2,5.6,5.4,276.0,-51.1,0.9,-1.0,RS41-SG,403.700,8.2,562,10,2.6,-1,-1
2023-04-16T11:36:04.000Z,U4254482,7149,44.05980,7.75681,28236.5,7.2,4.3,270.4,-51.1,1.0,-1.0,RS41-SG,403.700,8.3,562,10,2.7,-1,-1
2023-04-16T11:36:05.000Z,U4254482,7150,44.05980,7.75677,28243.2,6.9,2.4,260.6,-51.0,0.9,-1.0,RS41-SG,403.700,8.3,562,10,2.7,-1,-1
2023-04-16T11:36:07.000Z,U4254482,7152,44.05980,7.75676,28255.3,6.0,1.3,63.2,-50.7,0.9,-1.0,RS41-SG,403.700,7.7,562,10,2.7,-1,-1
2023-04-16T11:36:08.000Z,U4254482,7153,44.05981,7.75678,28261.8,6.7,2.8,44.8,-50.6,0.9,-1.0,RS41-SG,403.700,7.7,562,10,2.6,-1,-1
2023-04-16T11:36:09.000Z,U4254482,7154,44.05983,7.75680,28268.2,6.1,3.9,32.0,-50.5,0.9,-1.0,RS41-SG,403.700,8.2,562,10,2.6,-1,-1
2023-04-16T11:36:10.000Z,U4254482,7155,44.05987,7.75683,28273.3,4.2,4.4,24.9,-50.5,0.9,-1.0,RS41-SG,403.700,8.2,562,10,2.6,-1,-1
2023-04-16T11:36:11.000Z,U4254482,7156,44.05991,7.75685,28278.2,5.7,5.3,25.1,-50.4,0.9,-1.0,RS41-SG,403.700,7.7,562,10,2.7,-1,-1
2023-04-16T11:36:12.000Z,U4254482,7157,44.05995,7.75688,28284.3,6.8,5.6,27.6,-50.2,0.9,-1.0,RS41-SG,403.700,8.9,562,10,2.7,-1,-1
2023-04-16T11:36:13.000Z,U4254482,7158,44.05999,7.75691,28290.6,6.0,5.2,27.2,-50.1,0.9,-1.0,RS41-SG,403.700,8.9,562,10,2.7,-1,-1
2023-04-16T11:36:14.000Z,U4254482,7159,44.06003,7.75694,28297.1,6.9,3.9,18.5,-50.1,0.9,-1.0,RS41-SG,403.700,8.3,562,10,2.6,-1,-1
2023-04-16T11:36:15.000Z,U4254482,7160,44.06006,7.75694,28304.4,7.4,3.0,344.1,-50.1,0.9,-1.0,RS41-SG,403.700,8.3,562,10,2.6,-1,-1
2023-04-16T11:36:16.000Z,U4254482,7161,44.06008,7.75692,28311.0,5.8,3.2,309.9,-50.1,0.9,-1.0,RS41-SG,403.700,7.6,562,10,2.6,-1,-1
2023-04-16T11:36:19.000Z,U4254482,7164,44.06012,7.75680,28329.5,7.2,2.7,298.8,-49.9,0.9,-1.0,RS41-SG,403.700,7.2,562,10,2.7,-1,-1
2023-04-16T11:36:20.000Z,U4254482,7165,44.06014,7.75678,28335.7,5.0,2.0,326.8,-49.9,0.9,-1.0,RS41-SG,403.700,7.3,562,10,2.6,-1,-1
2023-04-16T11:36:21.000Z,U4254482,7166,44.06015,7.75677,28341.5,6.0,2.6,358.3,-49.9,0.9,-1.0,RS41-SG,403.700,7.8,562,10,2.6,-1,-1
2023-04-16T11:36:22.000Z,U4254482,7167,44.06018,7.75677,28348.2,7.5,4.0,4.6,-50.0,0.9,-1.0,RS41-SG,403.700,8.3,562,10,2.6,-1,-1
2023-04-16T11:36:23.000Z,U4254482,7168,44.06022,7.75678,28354.8,5.5,5.0,3.0,-50.1,0.9,-1.0,RS41-SG,403.700,8.3,562,10,2.7,-1,-1
2023-04-16T11:36:24.000Z,U4254482,7169,44.06028,7.75678,28360.8,6.2,6.5,4.7,-50.1,0.9,-1.0,RS41-SG,403.700,7.8,562,10,2.7,-1,-1
2023-04-16T11:36:26.000Z,U4254482,7171,44.06041,7.75682,28374.1,6.2,8.2,17.3,-50.2,0.9,-1.0,RS41-SG,403.700,8.1,562,10,2.6,-1,-1
2023-04-16T11:36:27.000Z,U4254482,7172,44.06048,7.75685,28379.8,4.9,8.7,22.3,-50.3,0.9,-1.0,RS41-SG,403.700,8.6,562,10,2.6,-1,-1
2023-04-16T11:36:28.000Z,U4254482,7173,44.06055,7.75690,28385.2,5.5,8.7,22.3,-50.3,0.9,-1.0,RS41-SG,403.700,9.0,562,10,2.7,-1,-1
2023-04-16T11:36:29.000Z,U4254482,7174,44.06062,7.75693,28391.0,6.1,8.4,18.1,-50.2,0.9,-1.0,RS41-SG,403.700,9.0,562,10,2.7,-1,-1
2023-04-16T11:36:36.000Z,U4254482,7181,44.06095,7.75727,28434.5,5.3,7.2,70.9,-49.5,0.8,-1.0,RS41-SG,403.700,8.2,562,10,2.6,-1,-1
2023-04-16T11:36:37.000Z,U4254482,7182,44.06097,7.75735,28440.4,6.3,6.3,70.7,-49.5,0.8,-1.0,RS41-SG,403.700,8.7,562,10,2.6,-1,-1
2023-04-16T11:36:38.000Z,U4254482,7183,44.06099,7.75742,28447.2,7.3,5.2,63.9,-49.5,0.8,-1.0,RS41-SG,403.700,8.8,562,10,2.7,-1,-1
2023-04-16T11:36:39.000Z,U4254482,7184,44.06102,7.75747,28453.8,6.1,4.4,52.4,-49.5,0.9,-1.0,RS41-SG,403.700,8.8,562,10,2.7,-1,-1
2023-04-16T11:36:40.000Z,U4254482,7185,44.06104,7.75751,28459.4,5.4,4.6,42.2,-49.5,0.8,-1.0,RS41-SG,403.700,8.5,562,10,2.7,-1,-1
2023-04-16T11:36:41.000Z,U4254482,7186,44.06108,7.75755,28465.3,5.9,5.6,43.1,-49.5,0.9,-1.0,RS41-SG,403.700,9.6,562,10,2.6,-1,-1
2023-04-16T11:36:42.000Z,U4254482,7187,44.06112,7.75761,28471.9,7.1,7.5,46.6,-49.5,0.9,-1.0,RS41-SG,403.700,9.6,562,10,2.6,-1,-1
2023-04-16T11:36:43.000Z,U4254482,7188,44.06117,7.75769,28478.9,6.4,9.3,52.0,-49.5,0.9,-1.0,RS41-SG,403.700,8.0,562,10,2.6,-1,-1
2023-04-16T11:36:44.000Z,U4254482,7189,44.06122,7.75779,28484.8,5.6,10.7,52.6,-49.4,0.8,-1.0,RS41-SG,403.700,9.0,562,10,2.7,-1,-1
2023-04-16T11:36:45.000Z,U4254482,7190,44.06128,7.75790,28490.6,6.5,11.2,50.9,-49.4,0.9,-1.0,RS41-SG,403.700,9.0,562,10,2.7,-1,-1
2023-04-16T11:36:46.000Z,U4254482,7191,44.06134,7.75800,28497.5,7.2,10.8,47.8,-49.4,0.8,-1.0,RS41-SG,403.700,8.4,562,10,2.7,-1,-1
2023-04-16T11:36:50.000Z,U4254482,7195,44.06157,7.75836,28523.0,6.7,9.2,57.5,-49.4,0.9,-1.0,RS41-SG,403.700,7.3,562,10,2.7,-1,-1
2023-04-16T11:36:51.000Z,U4254482,7196,44.06161,7.75846,28528.9,5.3,9.0,63.4,-49.3,0.9,-1.0,RS41-SG,403.700,7.8,562,10,2.6,-1,-1
2023-04-16T11:36:52.000Z,U4254482,7197,44.06165,7.75856,28534.9,6.1,8.4,65.4,-49.3,0.9,-1.0,RS41-SG,403.700,8.2,562,10,2.6,-1,-1
2023-04-16T11:36:53.000Z,U4254482,7198,44.06168,7.75865,28541.2,6.9,7.5,63.3,-49.3,0.9,-1.0,RS41-SG,403.700,8.2,562,10,2.7,-1,-1
2023-04-16T11:36:57.000Z,U4254482,7202,44.06182,7.75898,28566.4,6.8,9.9,63.5,-49.4,0.9,-1.0,RS41-SG,403.700,8.3,562,10,2.6,-1,-1
2023-04-16T11:36:58.000Z,U4254482,7203,44.06186,7.75910,28572.5,5.4,11.3,65.7,-49.4,0.9,-1.0,RS41-SG,403.700,8.3,562,10,2.6,-1,-1
2023-04-16T11:37:00.000Z,U4254482,7205,44.06196,7.75938,28582.8,5.5,13.2,60.4,-49.5,0.9,-1.0,RS41-SG,403.700,8.6,562,10,2.7,-1,-1
2023-04-16T11:37:01.000Z,U4254482,7206,44.06202,7.75951,28589.0,6.8,13.0,54.6,-49.6,0.9,-1.0,RS41-SG,403.700,8.3,562,10,2.7,-1,-1
2023-04-16T11:37:02.000Z,U4254482,7207,44.06209,7.75964,28595.6,6.2,12.3,50.2,-49.6,0.9,-1.0,RS41-SG,403.700,9.0,562,10,2.6,-1,-1
2023-04-16T11:37:03.000Z,U4254482,7208,44.06216,7.75975,28601.6,5.5,11.1,49.3,-49.5,0.9,-1.0,RS41-SG,403.700,9.0,562,10,2.6,-1,-1
2023-04-16T11:37:05.000Z,U4254482,7210,44.06226,7.75994,28614.4,7.1,8.5,64.5,-49.5,0.9,-1.0,RS41-SG,403.700,8.2,562,10,2.7,-1,-1
2023-04-16T11:37:06.000Z,U4254482,7211,44.06228,7.76004,28620.1,4.8,8.3,75.5,-49.4,0.9,-1.0,RS41-SG,403.700,8.2,562,10,2.7,-1,-1
2023-04-16T11:37:07.000Z,U4254482,7212,44.06230,7.76014,28625.1,5.0,8.4,82.6,-49.4,0.9,-1.0,RS41-SG,403.700,8.2,562,10,2.7,-1,-1
2023-04-16T11:37:08.000Z,U4254482,7213,44.06231,7.76024,28631.1,6.7,8.0,85.4,-49.4,0.9,-1.0,RS41-SG,403.700,8.2,562,10,2.6,-1,-1
2023-04-16T11:37:09.000Z,U4254482,7214,44.06231,7.76034,28637.8,6.4,7.7,82.3,-49.4,0.9,-1.0,RS41-SG,403.700,8.7,562,10,2.6,-1,-1
2023-04-16T11:37:10.000Z,U4254482,7215,44.06233,7.76043,28643.9,5.7,7.8,75.0,-49.4,0.8,-1.0,RS41-SG,403.700,8.7,562,10,2.7,-1,-1
2023-04-16T11:37:11.000Z,U4254482,7216,44.06235,7.76053,28650.0,6.4,8.6,71.9,-49.3,0.9,-1.0,RS41-SG,403.700,8.8,562,10,2.7,-1,-1
2023-04-16T11:37:12.000Z,U4254482,7217,44.06237,7.76064,28656.6,6.8,10.0,71.6,-49.3,0.9,-1.0,RS41-SG,403.700,8.8,562,10,2.6,-1,-1
2023-04-16T11:37:13.000Z,U4254482,7218,44.06240,7.76077,28662.5,5.0,11.1,71.7,-49.2,0.8,-1.0,RS41-SG,403.700,8.6,562,10,2.6,-1,-1
2023-04-16T11:37:14.000Z,U4254482,7219,44.06244,7.76090,28668.1,6.1,11.5,69.1,-49.1,0.9,-1.0,RS41-SG,403.700,8.3,562,10,2.7,-1,-1
2023-04-16T11:37:15.000Z,U4254482,7220,44.06248,7.76103,28674.5,7.0,11.2,63.6,-49.1,0.8,-1.0,RS41-SG,403.700,8.3,562,10,2.7,-1,-1
2023-04-16T11:37:16.000Z,U4254482,7221,44.06253,7.76114,28680.7,5.6,10.8,57.0,-49.1,0.8,-1.0,RS41-SG,403.700,8.3,562,10,2.7,-1,-1
2023-04-16T11:37:17.000Z,U4254482,7222,44.06258,7.76125,28686.0,4.4,10.3,51.9,-49.1,0.9,-1.0,RS41-SG,403.700,8.1,562,10,2.6,-1,-1
2023-04-16T11:37:18.000Z,U4254482,7223,44.06264,7.76135,28691.4,5.9,10.3,52.4,-49.2,0.9,-1.0,RS41-SG,403.700,9.0,562,10,2.6,-1,-1
2023-04-16T11:37:19.000Z,U4254482,7224,44.06269,7.76146,28697.5,6.4,10.4,56.5,-49.2,0.9,-1.0,RS41-SG,403.700,9.5,562,10,2.6,-1,-1
2023-04-16T11:37:20.000Z,U4254482,7225,44.06274,7.76157,28703.2,5.2,10.9,60.8,-49.1,0.9,-1.0,RS41-SG,403.700,9.5,562,10,2.7,-1,-1
2023-04-16T11:37:21.000Z,U4254482,7226,44.06279,7.76169,28708.5,5.4,11.2,61.8,-49.0,0.9,-1.0,RS41-SG,403.700,9.8,562,10,2.7,-1,-1
2023-04-16T11:37:22.000Z,U4254482,7227,44.06284,7.76181,28714.2,6.2,11.3,59.5,-48.9,0.9,-1.0,RS41-SG,403.700,9.8,562,10,2.7,-1,-1
2023-04-16T11:37:23.000Z,U4254482,7228,44.06289,7.76193,28720.6,6.6,11.2,55.3,-48.9,0.9,-1.0,RS41-SG,403.700,9.3,562,10,2.6,-1,-1
2023-04-16T11:37:24.000Z,U4254482,7229,44.06295,7.76204,28726.7,5.3,11.0,54.2,-48.9,0.9,-1.0,RS41-SG,403.700,8.2,562,10,2.6,-1,-1
2023-04-16T11:37:26.000Z,U4254482,7231,44.06305,7.76227,28739.0,7.0,10.5,62.9,-49.0,0.9,-1.0,RS41-SG,403.700,7.2,562,10,2.7,-1,-1
2023-04-16T11:37:27.000Z,U4254482,7232,44.06309,7.76239,28745.4,5.9,10.5,69.3,-48.9,0.9,-1.0,RS41-SG,403.700,8.2,562,9,2.7,-1,-1
2023-04-16T11:37:28.000Z,U4254482,7233,44.06312,7.76251,28751.1,5.2,10.3,74.5,-48.8,0.9,-1.0,RS41-SG,403.700,8.4,562,9,2.7,-1,-1
2023-04-16T11:37:29.000Z,U4254482,7234,44.06314,7.76263,28756.5,5.6,9.8,76.0,-48.7,0.8,-1.0,RS41-SG,403.700,9.3,562,10,2.6,-1,-1
2023-04-16T11:37:30.000Z,U4254482,7235,44.06316,7.76274,28762.3,6.1,8.9,74.0,-48.6,0.8,-1.0,RS41-SG,403.700,9.3,562,10,2.6,-1,-1
2023-04-16T11:37:31.000Z,U4254482,7236,44.06319,7.76284,28768.5,6.1,8.2,66.9,-48.6,0.8,-1.0,RS41-SG,403.700,8.9,562,10,2.7,-1,-1
2023-04-16T11:37:32.000Z,U4254482,7237,44.06322,7.76293,28774.0,5.2,8.0,64.6,-48.6,0.8,-1.0,RS41-SG,403.700,8.7,562,10,2.7,-1,-1
2023-04-16T11:37:33.000Z,U4254482,7238,44.06325,7.76302,28779.3,5.6,8.3,65.9,-48.6,0.8,-1.0,RS41-SG,403.700,8.1,562,10,2.7,-1,-1
2023-04-16T11:37:34.000Z,U4254482,7239,44.06328,7.76313,28785.6,6.7,9.2,70.6,-48.7,0.8,-1.0,RS41-SG,403.700,7.5,562,10,2.6,-1,-1
2023-04-16T11:37:35.000Z,U4254482,7240,44.06330,7.76324,28791.9,5.6,10.3,75.7,-48.7,0.8,-1.0,RS41-SG,403.700,8.2,562,10,2.6,-1,-1
2023-04-16T11:37:36.000Z,U4254482,7241,44.06333,7.76337,28797.6,5.4,11.4,77.0,-48.7,0.9,-1.0,RS41-SG,403.700,8.2,562,10,2.6,-1,-1
2023-04-16T11:37:37.000Z,U4254482,7242,44.06335,7.76351,28803.5,6.3,12.2,74.6,-48.7,0.8,-1.0,RS41-SG,403.700,8.5,562,10,2.7,-1,-1
2023-04-16T11:37:39.000Z,U4254482,7244,44.06343,7.76381,28815.7,5.0,12.9,65.1,-48.7,0.8,-1.0,RS41-SG,403.700,8.6,562,10,2.7,-1,-1
2023-04-16T11:37:40.000Z,U4254482,7245,44.06348,7.76395,28820.8,4.9,13.3,63.7,-48.7,0.8,-1.0,RS41-SG,403.700,8.6,562,10,2.6,-1,-1
2023-04-16T11:37:41.000Z,U4254482,7246,44.06353,7.76410,28826.2,5.9,13.7,65.5,-48.6,0.8,-1.0,RS41-SG,403.700,9.1,562,10,2.6,-1,-1
2023-04-16T11:37:42.000Z,U4254482,7247,44.06358,7.76426,28832.3,6.5,13.8,70.6,-48.4,0.8,-1.0,RS41-SG,403.700,9.1,562,10,2.6,-1,-1
2023-04-16T11:37:43.000Z,U4254482,7248,44.06362,7.76442,28838.4,5.9,13.6,74.0,-48.3,0.8,-1.0,RS41-SG,403.700,9.1,562,10,2.7,-1,-1
2023-04-16T11:37:44.000Z,U4254482,7249,44.06365,7.76458,28844.1,5.7,12.8,75.6,-48.1,0.8,-1.0,RS41-SG,403.700,8.6,562,10,2.7,-1,-1
2023-04-16T11:37:45.000Z,U4254482,7250,44.06368,7.76473,28849.8,5.5,11.7,75.3,-48.0,0.8,-1.0,RS41-SG,403.700,8.8,562,10,2.7,-1,-1
2023-04-16T11:37:46.000Z,U4254482,7251,44.06370,7.76486,28856.0,6.5,10.2,71.2,-48.0,0.8,-1.0,RS41-SG,403.700,9.7,562,10,2.6,-1,-1
2023-04-16T11:37:47.000Z,U4254482,7252,44.06373,7.76497,28862.4,5.6,9.1,67.5,-47.9,0.8,-1.0,RS41-SG,403.700,9.7,562,10,2.6,-1,-1
2023-04-16T11:37:48.000Z,U4254482,7253,44.06376,7.76507,28867.7,5.2,8.3,67.7,-47.9,0.8,-1.0,RS41-SG,403.700,8.2,562,10,2.7,-1,-1
2023-04-16T11:37:51.000Z,U4254482,7256,44.06381,7.76540,28886.5,5.3,10.5,88.7,-48.0,0.8,-1.0,RS41-SG,403.700,8.8,562,10,2.6,-1,-1
2023-04-16T11:37:52.000Z,U4254482,7257,44.06381,7.76554,28891.6,4.6,12.1,91.1,-48.0,0.8,-1.0,RS41-SG,403.700,8.8,562,10,2.7,-1,-1
2023-04-16T11:37:53.000Z,U4254482,7258,44.06381,7.76569,28896.7,5.7,13.2,90.8,-48.1,0.8,-1.0,RS41-SG,403.700,8.6,562,10,2.7,-1,-1
2023-04-16T11:37:54.000Z,U4254482,7259,44.06381,7.76586,28902.8,6.4,13.6,86.9,-48.0,0.8,-1.0,RS41-SG,403.700,7.8,562,10,2.7,-1,-1
2023-04-16T11:37:56.000Z,U4254482,7261,44.06384,7.76619,28913.9,4.8,13.6,80.6,-48.0,0.8,-1.0,RS41-SG,403.700,9.1,562,10,2.6,-1,-1
2023-04-16T11:37:57.000Z,U4254482,7262,44.06386,7.76636,28919.6,6.1,13.6,81.9,-48.1,0.8,-1.0,RS41-SG,403.700,9.8,562,10,2.6,-1,-1
2023-04-16T11:37:58.000Z,U4254482,7263,44.06387,7.76653,28926.3,7.2,13.8,86.2,-48.1,0.8,-1.0,RS41-SG,403.700,9.8,562,10,2.7,-1,-1
2023-04-16T11:37:59.000Z,U4254482,7264,44.06388,7.76670,28932.6,5.8,13.8,89.7,-48.1,0.8,-1.0,RS41-SG,403.700,8.7,562,10,2.7,-1,-1
2023-04-16T11:38:00.000Z,U4254482,7265,44.06388,7.76687,28938.2,5.4,13.4,92.2,-48.0,0.8,-1.0,RS41-SG,403.700,9.0,562,10,2.7,-1,-1
2023-04-16T11:38:01.000Z,U4254482,7266,44.06387,7.76703,28944.1,6.0,12.6,92.4,-48.0,0.8,-1.0,RS41-SG,403.700,9.1,562,10,2.6,-1,-1
2023-04-16T11:38:02.000Z,U4254482,7267,44.06387,7.76718,28950.4,6.4,11.6,89.3,-48.1,0.8,-1.0,RS41-SG,403.700,9.6,562,10,2.6,-1,-1
2023-04-16T11:38:03.000Z,U4254482,7268,44.06388,7.76732,28956.5,5.4,10.9,86.2,-48.2,0.9,-1.0,RS41-SG,403.700,9.6,562,10,2.6,-1,-1
2023-04-16T11:38:04.000Z,U4254482,7269,44.06388,7.76746,28961.9,5.4,10.8,85.5,-48.1,0.8,-1.0,RS41-SG,403.700,8.8,562,10,2.7,-1,-1
2023-04-16T11:38:05.000Z,U4254482,7270,44.06389,7.76759,28968.1,7.0,11.2,86.4,-48.1,0.8,-1.0,RS41-SG,403.700,8.8,562,10,2.7,-1,-1
2023-04-16T11:38:06.000Z,U4254482,7271,44.06389,7.76774,28974.6,6.1,11.9,88.3,-48.0,0.8,-1.0,RS41-SG,403.700,8.4,562,10,2.7,-1,-1
2023-04-16T11:38:07.000Z,U4254482,7272,44.06390,7.76789,28980.3,5.2,12.4,89.0,-48.0,0.8,-1.0,RS41-SG,403.700,8.4,562,10,2.7,-1,-1
2023-04-16T11:38:08.000Z,U4254482,7273,44.06390,7.76804,28986.2,6.4,12.4,86.3,-48.1,0.8,-1.0,RS41-SG,403.700,8.2,562,9,2.6,-1,-1
2023-04-16T11:38:09.000Z,U4254482,7274,44.06391,7.76819,28992.7,6.4,11.7,82.1,-48.0,0.9,-1.0,RS41-SG,403.700,8.2,562,10,2.6,-1,-1
2023-04-16T11:38:10.000Z,U4254482,7275,44.06393,7.76833,28998.4,4.7,11.3,78.9,-47.9,0.8,-1.0,RS41-SG,403.700,8.7,562,10,2.6,-1,-1
2023-04-16T11:38:11.000Z,U4254482,7276,44.06395,7.76847,29003.8,5.9,11.2,77.9,-47.8,0.8,-1.0,RS41-SG,403.700,8.7,562,10,2.7,-1,-1
2023-04-16T11:38:12.000Z,U4254482,7277,44.06397,7.76861,29010.3,7.0,11.5,79.4,-47.8,0.8,-1.0,RS41-SG,403.700,8.7,562,10,2.7,-1,-1
2023-04-16T11:38:13.000Z,U4254482,7278,44.06399,7.76875,29016.4,5.6,12.3,82.4,-47.7,0.8,-1.0,RS41-SG,403.700,7.8,562,10,2.7,-1,-1
2023-04-16T11:38:14.000Z,U4254482,7279,44.06400,7.76891,29021.9,5.0,12.7,83.8,-47.6,0.8,-1.0,RS41-SG,403.700,9.1,562,10,2.6,-1,-1
2023-04-16T11:38:15.000Z,U4254482,7280,44.06401,7.76906,29027.6,6.1,12.3,80.6,-47.6,0.8,-1.0,RS41-SG,403.700,9.2,562,10,2.6,-1,-1
2023-04-16T11:38:16.000Z,U4254482,7281,44.06404,7.76921,29033.8,6.6,11.7,75.4,-47.7,0.8,-1.0,RS41-SG,403.700,9.2,562,10,2.6,-1,-1
2023-04-16T11:38:17.000Z,U4254482,7282,44.06407,7.76934,29040.0,6.0,11.1,71.4,-47.6,0.8,-1.0,RS41-SG,403.700,8.5,562,10,2.7,-1,-1
2023-04-16T11:38:18.000Z,U4254482,7283,44.06410,7.76947,29045.7,5.9,11.0,70.1,-47.7,0.8,-1.0,RS41-SG,403.700,8.5,562,10,2.7,-1,-1
2023-04-16T11:38:20.000Z,U4254482,7285,44.06416,7.76974,29057.6,6.0,12.1,77.4,-47.6,0.8,-1.0,RS41-SG,403.700,7.4,562,10,2.6,-1,-1
2023-04-16T11:38:21.000Z,U4254482,7286,44.06418,7.76990,29063.6,5.9,12.9,81.8,-47.7,0.8,-1.0,RS41-SG,403.700,8.2,562,10,2.6,-1,-1
2023-04-16T11:38:22.000Z,U4254482,7287,44.06419,7.77006,29069.0,4.8,13.3,85.9,-47.7,0.8,-1.0,RS41-SG,403.700,8.2,562,10,2.7,-1,-1
2023-04-16T11:38:23.000Z,U4254482,7288,44.06420,7.77022,29074.0,4.9,13.0,90.5,-47.7,0.8,-1.0,RS41-SG,403.700,8.2,562,10,2.7,-1,-1
2023-04-16T11:38:24.000Z,U4254482,7289,44.06419,7.77038,29079.2,5.8,11.8,92.2,-47.7,0.8,-1.0,RS41-SG,403.700,8.2,562,10,2.6,-1,-1
2023-04-16T11:38:25.000Z,U4254482,7290,44.06419,7.77051,29085.4,6.3,10.0,90.7,-47.7,0.8,-1.0,RS41-SG,403.700,8.2,562,10,2.6,-1,-1
2023-04-16T11:38:26.000Z,U4254482,7291,44.06419,7.77062,29091.8,5.9,8.3,84.0,-47.7,0.8,-1.0,RS41-SG,403.700,9.2,562,10,2.7,-1,-1
2023-04-16T11:38:28.000Z,U4254482,7293,44.06424,7.77081,29102.1,5.3,8.4,62.7,-47.6,0.8,-1.0,RS41-SG,403.700,7.6,562,10,2.7,-1,-1
2023-04-16T11:38:29.000Z,U4254482,7294,44.06428,7.77092,29107.7,5.7,10.2,59.9,-47.6,0.8,-1.0,RS41-SG,403.700,8.2,562,10,2.6,-1,-1
2023-04-16T11:38:31.000Z,U4254482,7296,44.06438,7.77118,29120.0,6.3,14.2,63.7,-47.6,0.8,-1.0,RS41-SG,403.700,9.2,562,10,2.6,-1,-1
2023-04-16T11:38:32.000Z,U4254482,7297,44.06444,7.77135,29125.9,5.3,14.9,66.3,-47.6,0.8,-1.0,RS41-SG,403.700,9.2,562,10,2.7,-1,-1
2023-04-16T11:38:33.000Z,U4254482,7298,44.06448,7.77152,29131.4,5.9,14.4,71.1,-47.6,0.8,-1.0,RS41-SG,403.700,8.4,562,10,2.7,-1,-1
2023-04-16T11:38:34.000Z,U4254482,7299,44.06452,7.77168,29137.7,7.1,12.7,77.7,-47.6,0.8,-1.0,RS41-SG,403.700,9.2,562,10,2.7,-1,-1
2023-04-16T11:38:35.000Z,U4254482,7300,44.06453,7.77183,29144.4,6.4,11.0,84.3,-47.6,0.8,-1.0,RS41-SG,403.700,9.2,562,10,2.6,-1,-1
2023-04-16T11:38:36.000Z,U4254482,7301,44.06454,7.77195,29150.0,4.2,9.8,92.6,-47.6,0.8,-1.0,RS41-SG,403.700,9.1,562,10,2.6,-1,-1
2023-04-16T11:38:38.000Z,U4254482,7303,44.06452,7.77219,29159.2,6.1,10.0,99.3,-47.5,0.8,-1.0,RS41-SG,403.700,7.4,562,10,2.7,-1,-1
2023-04-16T11:38:40.000Z,U4254482,7305,44.06450,7.77248,29172.4,6.0,13.2,91.2,-47.5,0.8,-1.0,RS41-SG,403.700,7.8,562,10,2.7,-1,-1
2023-04-16T11:38:41.000Z,U4254482,7306,44.06450,7.77265,29178.4,5.9,14.3,86.1,-47.4,0.8,-1.0,RS41-SG,403.700,8.6,562,10,2.6,-1,-1
2023-04-16T11:38:43.000Z,U4254482,7308,44.06454,7.77300,29191.4,5.6,14.3,75.7,-47.4,0.8,-1.0,RS41-SG,403.700,7.8,562,10,2.7,-1,-1
2023-04-16T11:38:44.000Z,U4254482,7309,44.06458,7.77318,29196.8,4.9,14.3,72.0,-47.4,0.8,-1.0,RS41-SG,403.700,8.8,562,10,2.7,-1,-1
2023-04-16T11:38:46.000Z,U4254482,7311,44.06467,7.77352,29208.9,6.8,15.6,70.3,-47.4,0.8,-1.0,RS41-SG,403.700,8.8,562,10,2.6,-1,-1
2023-04-16T11:38:47.000Z,U4254482,7312,44.06472,7.77371,29214.9,5.3,16.2,70.8,-47.4,0.8,-1.0,RS41-SG,403.700,8.8,562,10,2.6,-1,-1
2023-04-16T11:38:49.000Z,U4254482,7314,44.06479,7.77408,29226.8,6.3,14.5,78.8,-47.4,0.8,-1.0,RS41-SG,403.700,9.1,562,10,2.7,-1,-1
2023-04-16T11:38:51.000Z,U4254482,7316,44.06482,7.77441,29238.6,4.8,12.1,88.8,-47.5,0.8,-1.0,RS41-SG,403.700,8.0,562,10,2.7,-1,-1
2023-04-16T11:38:53.000Z,U4254482,7318,44.06481,7.77471,29249.9,6.5,13.1,91.9,-47.5,0.8,-1.0,RS41-SG,403.700,6.9,562,10,2.6,-1,-1
2023-04-16T11:38:54.000Z,U4254482,7319,44.06481,7.77489,29256.8,7.2,14.6,89.4,-47.6,0.8,-1.0,RS41-SG,403.700,7.8,562,10,2.6,-1,-1
2023-04-16T11:38:56.000Z,U4254482,7321,44.06483,7.77528,29268.2,5.0,16.8,82.6,-47.6,0.8,-1.0,RS41-SG,403.700,7.5,562,10,2.7,-1,-1
2023-04-16T11:38:57.000Z,U4254482,7322,44.06486,7.77549,29273.5,5.5,17.1,77.8,-47.7,0.9,-1.0,RS41-SG,403.700,7.7,562,10,2.7,-1,-1
2023-04-16T11:38:58.000Z,U4254482,7323,44.06490,7.77569,29279.9,6.9,16.7,72.6,-47.7,0.8,-1.0,RS41-SG,403.700,8.1,562,10,2.6,-1,-1
2023-04-16T11:38:59.000Z,U4254482,7324,44.06494,7.77588,29286.1,5.2,16.2,69.5,-47.7,0.8,-1.0,RS41-SG,403.700,8.1,562,10,2.6,-1,-1
2023-04-16T11:39:01.000Z,U4254482,7326,44.06505,7.77626,29297.4,6.4,16.4,68.4,-47.8,0.8,-1.0,RS41-SG,403.700,6.8,562,10,2.7,-1,-1
2023-04-16T11:39:04.000Z,U4254482,7329,44.06518,7.77690,29316.9,5.0,18.9,80.5,-47.9,0.8,-1.0,RS41-SG,403.700,7.5,562,10,2.6,-1,-1
2023-04-16T11:39:06.000Z,U4254482,7331,44.06521,7.77735,29328.5,6.5,17.7,92.0,-47.9,0.9,-1.0,RS41-SG,403.700,8.2,562,10,2.7,-1,-1
2023-04-16T11:39:08.000Z,U4254482,7333,44.06518,7.77777,29340.4,6.1,16.4,98.2,-48.0,0.9,-1.0,RS41-SG,403.700,7.9,562,10,2.7,-1,-1
2023-04-16T11:39:11.000Z,U4254482,7336,44.06515,7.77842,29360.5,5.1,18.4,88.8,-48.0,0.9,-1.0,RS41-SG,403.700,7.8,562,10,2.6,-1,-1
2023-04-16T11:39:14.000Z,U4254482,7339,44.06519,7.77911,29378.4,5.8,18.3,81.6,-48.1,0.9,-1.0,RS41-SG,403.700,7.4,562,10,2.7,-1,-1
2023-04-16T11:39:16.000Z,U4254482,7341,44.06524,7.77956,29391.2,7.3,18.9,81.4,-48.1,0.9,-1.0,RS41-SG,403.700,8.3,562,9,2.6,-1,-1
2023-04-16T11:39:18.000Z,U4254482,7343,44.06529,7.78005,29404.3,5.1,20.6,84.2,-48.1,0.9,-1.0,RS41-SG,403.700,7.5,562,10,2.6,-1,-1
2023-04-16T11:39:19.000Z,U4254482,7344,44.06530,7.78031,29410.2,7.0,20.5,87.3,-48.2,0.9,-1.0,RS41-SG,403.700,7.6,562,10,2.7,-1,-1
2023-04-16T11:39:20.000Z,U4254482,7345,44.06531,7.78055,29417.1,7.4,19.5,91.1,-48.2,0.9,-1.0,RS41-SG,403.700,8.3,562,10,2.7,-1,-1
2023-04-16T11:39:21.000Z,U4254482,7346,44.06530,7.78079,29423.3,5.0,18.4,93.6,-48.2,0.9,-1.0,RS41-SG,403.700,8.3,562,10,2.7,-1,-1
2023-04-16T11:39:26.000Z,U4254482,7351,44.06528,7.78193,29455.1,7.1,19.4,86.5,-48.4,0.9,-1.0,RS41-SG,403.700,7.4,562,10,2.7,-1,-1
2023-04-16T11:39:28.000Z,U4254482,7353,44.06530,7.78241,29468.5,5.6,18.9,87.8,-48.5,0.9,-1.0,RS41-SG,403.700,8.0,562,10,2.6,-1,-1
2023-04-16T11:39:32.000Z,U4254482,7357,44.06531,7.78344,29494.3,5.9,23.0,90.9,-48.8,0.9,-1.0,RS41-SG,403.700,7.6,562,10,2.7,-1,-1
2023-04-16T11:39:33.000Z,U4254482,7358,44.06530,7.78372,29500.5,6.5,23.3,94.3,-48.8,0.9,-1.0,RS41-SG,403.700,7.8,562,10,2.6,-1,-1
2023-04-16T11:39:35.000Z,U4254482,7360,44.06524,7.78429,29513.5,6.0,22.4,102.2,-48.9,0.9,-1.0,RS41-SG,403.700,7.4,562,10,2.6,-1,-1
2023-04-16T11:39:38.000Z,U4254482,7363,44.06511,7.78509,29533.0,7.3,22.4,99.9,-48.9,0.9,-1.0,RS41-SG,403.700,8.1,562,10,2.7,-1,-1
2023-04-16T11:39:40.000Z,U4254482,7365,44.06506,7.78565,29545.3,5.8,22.2,94.5,-48.9,0.9,-1.0,RS41-SG,403.700,7.8,562,10,2.6,-1,-1
2023-04-16T11:39:41.000Z,U4254482,7366,44.06505,7.78591,29551.7,6.7,21.2,93.5,-48.9,0.9,-1.0,RS41-SG,403.700,7.8,562,10,2.6,-1,-1
2023-04-16T11:39:43.000Z,U4254482,7368,44.06502,7.78642,29564.7,6.1,19.5,94.7,-48.9,0.9,-1.0,RS41-SG,403.700,7.9,562,10,2.7,-1,-1
2023-04-16T11:39:46.000Z,U4254482,7371,44.06498,7.78717,29585.3,5.6,21.4,94.5,-48.9,0.9,-1.0,RS41-SG,403.700,8.8,562,10,2.6,-1,-1
2023-04-16T11:39:48.000Z,U4254482,7373,44.06493,7.78772,29598.3,7.6,22.9,100.4,-48.9,0.9,-1.0,RS41-SG,403.700,7.7,562,10,2.6,-1,-1
2023-04-16T11:39:49.000Z,U4254482,7374,44.06488,7.78799,29605.0,6.1,23.1,104.5,-48.9,0.9,-1.0,RS41-SG,403.700,7.7,562,10,2.7,-1,-1
2023-04-16T11:39:51.000Z,U4254482,7376,44.06476,7.78855,29617.1,7.6,23.5,107.3,-48.8,0.9,-1.0,RS41-SG,403.700,7.8,562,10,2.7,-1,-1
2023-04-16T11:39:52.000Z,U4254482,7377,44.06471,7.78883,29624.6,7.3,23.3,104.2,-48.8,0.9,-1.0,RS41-SG,403.700,7.5,562,10,2.6,-1,-1
2023-04-16T11:39:53.000Z,U4254482,7378,44.06466,7.78911,29630.9,5.1,22.8,101.0,-48.8,0.9,-1.0,RS41-SG,403.700,8.0,562,10,2.6,-1,-1
2023-04-16T11:39:54.000Z,U4254482,7379,44.06463,7.78938,29636.6,6.2,21.2,96.6,-48.7,0.9,-1.0,RS41-SG,403.700,8.0,562,10,2.6,-1,-1
2023-04-16T11:39:55.000Z,U4254482,7380,44.06461,7.78963,29643.1,6.7,19.4,93.7,-48.7,0.9,-1.0,RS41-SG,403.700,8.4,562,10,2.7,-1,-1
2023-04-16T11:39:56.000Z,U4254482,7381,44.06460,7.78986,29649.4,6.1,17.7,93.1,-48.5,0.9,-1.0,RS41-SG,403.700,8.4,562,10,2.7,-1,-1
2023-04-16T11:39:57.000Z,U4254482,7382,44.06460,7.79007,29655.5,6.1,16.7,91.8,-48.5,0.9,-1.0,RS41-SG,403.700,8.4,562,10,2.7,-1,-1
2023-04-16T11:39:59.000Z,U4254482,7384,44.06459,7.79050,29669.1,7.3,17.5,90.4,-48.3,0.9,-1.0,RS41-SG,403.700,9.0,562,10,2.6,-1,-1
2023-04-16T11:40:00.000Z,U4254482,7385,44.06459,7.79072,29675.9,6.2,18.7,90.5,-48.3,0.8,-1.0,RS41-SG,403.700,9.0,562,10,2.7,-1,-1
2023-04-16T11:40:01.000Z,U4254482,7386,44.06459,7.79096,29682.4,6.8,19.4,93.4,-48.2,0.9,-1.0,RS41-SG,403.700,7.9,562,10,2.7,-1,-1
2023-04-16T11:40:02.000Z,U4254482,7387,44.06457,7.79120,29689.3,7.4,19.7,97.6,-48.2,0.8,-1.0,RS41-SG,403.700,8.5,562,10,2.7,-1,-1
2023-04-16T11:40:04.000Z,U4254482,7389,44.06451,7.79167,29702.2,5.5,19.4,102.3,-48.1,0.8,-1.0,RS41-SG,403.700,7.8,562,10,2.6,-1,-1
2023-04-16T11:40:05.000Z,U4254482,7390,44.06447,7.79191,29708.6,7.4,19.5,101.5,-48.1,0.8,-1.0,RS41-SG,403.700,8.1,562,10,2.6,-1,-1
2023-04-16T11:40:06.000Z,U4254482,7391,44.06444,7.79215,29715.7,7.4,19.8,98.0,-48.2,0.8,-1.0,RS41-SG,403.700,8.1,562,10,2.7,-1,-1
2023-04-16T11:40:07.000Z,U4254482,7392,44.06442,7.79240,29722.3,5.6,20.0,95.1,-48.1,0.8,-1.0,RS41-SG,403.700,8.2,562,10,2.7,-1,-1
2023-04-16T11:40:08.000Z,U4254482,7393,44.06441,7.79264,29728.5,6.8,19.5,92.6,-48.2,0.8,-1.0,RS41-SG,403.700,8.3,562,10,2.7,-1,-1
2023-04-16T11:40:09.000Z,U4254482,7394,44.06440,7.79287,29735.6,7.6,18.1,91.2,-48.2,0.8,-1.0,RS41-SG,403.700,8.3,562,10,2.6,-1,-1
2023-04-16T11:40:10.000Z,U4254482,7395,44.06440,7.79309,29742.6,6.0,16.8,91.5,-48.1,0.8,-1.0,RS41-SG,403.700,8.4,562,10,2.6,-1,-1
2023-04-16T11:40:13.000Z,U4254482,7398,44.06440,7.79370,29761.3,6.7,16.7,86.9,-48.0,0.8,-1.0,RS41-SG,403.700,8.5,562,10,2.7,-1,-1
2023-04-16T11:40:14.000Z,U4254482,7399,44.06441,7.79391,29767.6,6.0,17.6,85.0,-48.0,0.8,-1.0,RS41-SG,403.700,8.5,562,10,2.7,-1,-1
2023-04-16T11:40:15.000Z,U4254482,7400,44.06443,7.79413,29773.5,5.2,17.9,84.6,-47.9,0.8,-1.0,RS41-SG,403.700,8.5,562,10,2.7,-1,-1
2023-04-16T11:40:16.000Z,U4254482,7401,44.06444,7.79435,29779.0,6.0,17.6,85.0,-47.9,0.8,-1.0,RS41-SG,403.700,8.5,562,10,2.6,-1,-1
2023-04-16T11:40:17.000Z,U4254482,7402,44.06445,7.79456,29785.8,7.1,16.9,86.8,-47.9,0.8,-1.0,RS41-SG,403.700,7.9,562,10,2.6,-1,-1
2023-04-16T11:40:18.000Z,U4254482,7403,44.06446,7.79477,29792.8,6.7,16.0,89.1,-47.9,0.8,-1.0,RS41-SG,403.700,8.3,562,10,2.6,-1,-1
2023-04-16T11:40:21.000Z,U4254482,7406,44.06446,7.79537,29810.4,6.2,17.2,90.0,-47.8,0.8,-1.0,RS41-SG,403.700,8.5,562,10,2.7,-1,-1
2023-04-16T11:40:23.000Z,U4254482,7408,44.06447,7.79583,29823.9,6.5,19.3,84.5,-47.8,0.8,-1.0,RS41-SG,403.700,8.4,562,10,2.6,-1,-1
2023-04-16T11:40:24.000Z,U4254482,7409,44.06449,7.79607,29830.1,5.7,19.5,80.9,-47.7,0.8,-1.0,RS41-SG,403.700,8.4,562,10,2.6,-1,-1
2023-04-16T11:40:26.000Z,U4254482,7411,44.06457,7.79651,29842.6,7.4,16.8,73.8,-47.6,0.8,-1.0,RS41-SG,403.700,8.2,562,10,2.7,-1,-1
2023-04-16T11:40:27.000Z,U4254482,7412,44.06461,7.79670,29849.4,6.5,14.7,72.4,-47.6,0.8,-1.0,RS41-SG,403.700,8.9,562,10,2.7,-1,-1
2023-04-16T11:40:28.000Z,U4254482,7413,44.06464,7.79687,29855.6,5.4,13.4,73.1,-47.6,0.8,-1.0,RS41-SG,403.700,8.9,562,9,2.7,-1,-1
2023-04-16T11:40:29.000Z,U4254482,7414,44.06468,7.79702,29861.3,5.9,12.7,75.0,-47.5,0.8,-1.0,RS41-SG,403.700,7.1,562,10,2.6,-1,-1
2023-04-16T11:40:30.000Z,U4254482,7415,44.06470,7.79718,29867.7,6.7,13.2,77.9,-47.5,0.8,-1.0,RS41-SG,403.700,8.2,562,10,2.6,-1,-1
2023-04-16T11:40:33.000Z,U4254482,7418,44.06475,7.79773,29886.3,5.6,16.3,88.0,-47.4,0.8,-1.0,RS41-SG,403.700,8.7,562,10,2.7,-1,-1
2023-04-16T11:40:34.000Z,U4254482,7419,44.06475,7.79794,29892.5,6.9,16.2,90.5,-47.5,0.8,-1.0,RS41-SG,403.700,8.7,562,10,2.7,-1,-1
2023-04-16T11:40:35.000Z,U4254482,7420,44.06475,7.79813,29899.7,7.2,15.2,91.6,-47.4,0.8,-1.0,RS41-SG,403.700,8.1,562,10,2.6,-1,-1
2023-04-16T11:40:36.000Z,U4254482,7421,44.06475,7.79831,29906.7,6.4,14.2,88.4,-47.5,0.8,-1.0,RS41-SG,403.700,8.3,562,10,2.6,-1,-1
2023-04-16T11:40:38.000Z,U4254482,7423,44.06478,7.79865,29920.8,7.7,13.7,74.0,-47.4,0.8,-1.0,RS41-SG,403.700,8.1,562,10,2.7,-1,-1
2023-04-16T11:40:39.000Z,U4254482,7424,44.06482,7.79881,29927.5,5.8,13.9,68.0,-47.4,0.8,-1.0,RS41-SG,403.700,8.4,562,10,2.7,-1,-1
2023-04-16T11:40:40.000Z,U4254482,7425,44.06488,7.79897,29933.5,6.2,13.8,60.8,-47.4,0.8,-1.0,RS41-SG,403.700,8.4,562,10,2.7,-1,-1
2023-04-16T11:40:41.000Z,U4254482,7426,44.06494,7.79911,29939.9,6.8,13.4,53.8,-47.3,0.8,-1.0,RS41-SG,403.700,8.2,562,10,2.7,-1,-1
2023-04-16T11:40:42.000Z,U4254482,7427,44.06502,7.79923,29946.3,5.7,12.7,48.3,-47.2,0.8,-1.0,RS41-SG,403.700,8.4,562,10,2.6,-1,-1
2023-04-16T11:40:43.000Z,U4254482,7428,44.06509,7.79935,29952.1,5.3,12.7,46.1,-47.2,0.8,-1.0,RS41-SG,403.700,8.4,562,10,2.6,-1,-1
2023-04-16T11:40:46.000Z,U4254482,7431,44.06532,7.79978,29972.6,6.6,16.5,62.5,-46.9,0.8,-1.0,RS41-SG,403.700,9.0,562,10,2.7,-1,-1
2023-04-16T11:40:47.000Z,U4254482,7432,44.06538,7.79997,29978.5,5.2,17.9,66.7,-46.9,0.7,-1.0,RS41-SG,403.700,9.0,562,10,2.7,-1,-1
2023-04-16T11:40:48.000Z,U4254482,7433,44.06544,7.80018,29983.9,5.5,18.4,71.0,-46.7,0.8,-1.0,RS41-SG,403.700,7.9,562,10,2.6,-1,-1
2023-04-16T11:40:49.000Z,U4254482,7434,44.06549,7.80040,29989.8,6.3,18.1,75.6,-46.6,0.8,-1.0,RS41-SG,403.700,9.8,562,10,2.6,-1,-1
2023-04-16T11:40:50.000Z,U4254482,7435,44.06552,7.80061,29996.2,6.8,17.3,79.4,-46.5,0.8,-1.0,RS41-SG,403.700,9.8,562,10,2.6,-1,-1
2023-04-16T11:40:52.000Z,U4254482,7437,44.06556,7.80102,30008.3,5.4,16.2,83.9,-46.4,0.8,-1.0,RS41-SG,403.700,7.9,562,10,2.7,-1,-1
2023-04-16T11:40:53.000Z,U4254482,7438,44.06558,7.80122,30013.8,5.6,16.2,83.6,-46.3,0.7,-1.0,RS41-SG,403.700,8.1,562,10,2.7,-1,-1
2023-04-16T11:40:56.000Z,U4254482,7441,44.06566,7.80185,30034.0,6.5,18.2,76.7,-46.0,0.7,-1.0,RS41-SG,403.700,8.1,562,10,2.6,-1,-1
2023-04-16T11:40:57.000Z,U4254482,7442,44.06570,7.80207,30040.0,5.4,18.5,73.1,-45.9,0.7,-1.0,RS41-SG,403.700,8.1,562,10,2.6,-1,-1
2023-04-16T11:40:58.000Z,U4254482,7443,44.06575,7.80228,30045.6,5.9,18.0,68.8,-45.8,0.7,-1.0,RS41-SG,403.700,7.5,562,10,2.7,-1,-1
2023-04-16T11:40:59.000Z,U4254482,7444,44.06581,7.80248,30051.8,6.5,16.5,65.2,-45.7,0.7,-1.0,RS41-SG,403.700,7.9,562,10,2.7,-1,-1
2023-04-16T11:41:00.000Z,U4254482,7445,44.06587,7.80266,30058.1,6.4,14.8,62.3,-45.7,0.7,-1.0,RS41-SG,403.700,8.6,562,10,2.7,-1,-1
2023-04-16T11:41:03.000Z,U4254482,7448,44.06602,7.80312,30077.4,7.2,14.3,76.4,-45.7,0.7,-1.0,RS41-SG,403.700,7.2,562,10,2.6,-1,-1
2023-04-16T11:41:04.000Z,U4254482,7449,44.06604,7.80331,30084.7,7.4,16.2,84.2,-45.8,0.7,-1.0,RS41-SG,403.700,8.4,562,10,2.7,-1,-1
2023-04-16T11:41:06.000Z,U4254482,7451,44.06606,7.80375,30096.2,4.6,19.4,90.5,-45.9,0.7,-1.0,RS41-SG,403.700,8.0,562,10,2.7,-1,-1
2023-04-16T11:41:07.000Z,U4254482,7452,44.06605,7.80400,30101.2,5.2,20.3,90.7,-45.9,0.7,-1.0,RS41-SG,403.700,8.1,562,10,2.7,-1,-1
2023-04-16T11:41:08.000Z,U4254482,7453,44.06606,7.80425,30107.6,6.9,20.0,87.6,-45.9,0.8,-1.0,RS41-SG,403.700,8.9,562,10,2.6,-1,-1
2023-04-16T11:41:09.000Z,U4254482,7454,44.06607,7.80449,30114.5,6.7,19.2,84.6,-46.0,0.8,-1.0,RS41-SG,403.700,8.9,562,10,2.6,-1,-1
2023-04-16T11:41:11.000Z,U4254482,7456,44.06612,7.80495,30126.7,6.1,17.8,78.7,-46.0,0.7,-1.0,RS41-SG,403.700,8.0,562,10,2.7,-1,-1
2023-04-16T11:41:12.000Z,U4254482,7457,44.06615,7.80516,30133.3,7.2,17.9,78.6,-46.1,0.7,-1.0,RS41-SG,403.700,8.0,562,10,2.7,-1,-1
2023-04-16T11:41:13.000Z,U4254482,7458,44.06618,7.80538,30140.5,7.2,18.3,80.2,-46.1,0.8,-1.0,RS41-SG,403.700,7.4,562,10,2.7,-1,-1
2023-04-16T11:41:14.000Z,U4254482,7459,44.06620,7.80561,30147.1,5.8,18.3,82.4,-46.0,0.8,-1.0,RS41-SG,403.700,7.8,562,10,2.6,-1,-1
2023-04-16T11:41:15.000Z,U4254482,7460,44.06622,7.80583,30153.1,6.1,18.0,84.8,-46.0,0.8,-1.0,RS41-SG,403.700,8.0,562,10,2.6,-1,-1
2023-04-16T11:41:18.000Z,U4254482,7463,44.06624,7.80647,30172.4,5.7,16.7,89.3,-46.0,0.8,-1.0,RS41-SG,403.700,7.7,562,10,2.7,-1,-1
2023-04-16T11:41:19.000Z,U4254482,7464,44.06624,7.80668,30178.9,6.6,18.1,90.4,-46.1,0.8,-1.0,RS41-SG,403.700,7.7,562,10,2.7,-1,-1
2023-04-16T11:41:22.000Z,U4254482,7467,44.06624,7.80747,30198.4,5.4,23.6,88.9,-46.0,0.8,-1.0,RS41-SG,403.700,8.0,562,10,2.6,-1,-1
2023-04-16T11:41:25.000Z,U4254482,7470,44.06631,7.80833,30217.9,7.3,21.4,77.6,-46.1,0.8,-1.0,RS41-SG,403.700,8.9,562,10,2.7,-1,-1
2023-04-16T11:41:26.000Z,U4254482,7471,44.06635,7.80858,30224.1,5.4,19.9,75.1,-46.1,0.8,-1.0,RS41-SG,403.700,8.9,562,10,2.7,-1,-1
2023-04-16T11:41:27.000Z,U4254482,7472,44.06640,7.80881,30229.5,5.1,18.6,74.3,-46.2,0.8,-1.0,RS41-SG,403.700,8.5,562,10,2.6,-1,-1
2023-04-16T11:41:29.000Z,U4254482,7474,44.06646,7.80925,30242.3,7.8,18.0,82.9,-46.1,0.8,-1.0,RS41-SG,403.700,7.2,562,10,2.6,-1,-1
2023-04-16T11:41:30.000Z,U4254482,7475,44.06648,7.80947,30249.4,6.5,18.5,88.1,-46.0,0.8,-1.0,RS41-SG,403.700,7.9,562,10,2.7,-1,-1
2023-04-16T11:41:31.000Z,U4254482,7476,44.06648,7.80971,30255.3,5.3,19.1,92.9,-46.0,0.8,-1.0,RS41-SG,403.700,7.9,562,10,2.7,-1,-1
2023-04-16T11:41:33.000Z,U4254482,7478,44.06643,7.81019,30267.0,6.8,19.4,100.4,-45.9,0.8,-1.0,RS41-SG,403.700,7.7,562,10,2.7,-1,-1
2023-04-16T11:41:34.000Z,U4254482,7479,44.06640,7.81042,30273.6,6.2,19.1,100.6,-45.9,0.7,-1.0,RS41-SG,403.700,7.7,562,10,2.6,-1,-1
2023-04-16T11:41:39.000Z,U4254482,7484,44.06635,7.81174,30305.1,4.8,24.1,85.7,-45.8,0.7,-1.0,RS41-SG,403.700,7.7,562,10,2.7,-1,-1
2023-04-16T11:41:42.000Z,U4254482,7487,44.06642,7.81257,30323.3,6.2,20.1,82.0,-45.7,0.8,-1.0,RS41-SG,403.700,7.9,562,10,2.6,-1,-1
2023-04-16T11:41:46.000Z,U4254482,7491,44.06645,7.81353,30348.1,6.5,20.5,95.6,-45.7,0.8,-1.0,RS41-SG,403.700,8.4,562,10,2.7,-1,-1
2023-04-16T11:41:49.000Z,U4254482,7494,44.06637,7.81435,30365.1,6.8,23.3,97.8,-45.8,0.8,-1.0,RS41-SG,403.700,8.1,562,10,2.6,-1,-1
2023-04-16T11:43:06.000Z,U4254482,7571,44.06388,7.83348,30821.4,7.1,17.2,110.1,-45.2,0.7,-1.0,RS41-SG,403.700,6.6,562,9,2.7,-1,-1
2023-04-16T11:43:08.000Z,U4254482,7573,44.06376,7.83385,30834.1,5.2,16.0,119.8,-45.1,0.7,-1.0,RS41-SG,403.700,6.9,562,10,2.6,-1,-1
2023-04-16T11:43:09.000Z,U4254482,7574,44.06368,7.83402,30839.1,4.8,15.5,121.3,-45.0,0.7,-1.0,RS41-SG,403.700,7.7,562,10,2.6,-1,-1
2023-04-16T11:43:10.000Z,U4254482,7575,44.06362,7.83418,30844.3,5.6,15.2,118.4,-44.8,0.7,-1.0,RS41-SG,403.700,7.7,562,10,2.6,-1,-1
2023-04-16T11:43:11.000Z,U4254482,7576,44.06356,7.83435,30850.3,6.5,15.5,113.7,-44.7,0.7,-1.0,RS41-SG,403.700,7.7,562,10,2.7,-1,-1
2023-04-16T11:43:13.001Z,U4254482,7578,44.06346,7.83473,30862.7,5.1,16.8,106.3,-44.8,0.7,-1.0,RS41-SG,403.700,7.9,562,10,2.7,-1,-1
2023-04-16T11:43:14.001Z,U4254482,7579,44.06342,7.83493,30867.8,4.8,16.4,104.4,-44.7,0.7,-1.0,RS41-SG,403.700,7.9,562,10,2.6,-1,-1
2023-04-16T11:43:15.001Z,U4254482,7580,44.06338,7.83512,30873.0,5.5,15.7,104.0,-44.7,0.7,-1.0,RS41-SG,403.700,7.9,562,10,2.6,-1,-1
2023-04-16T11:43:16.001Z,U4254482,7581,44.06335,7.83530,30879.1,6.4,14.1,104.9,-44.6,0.7,-1.0,RS41-SG,403.700,7.7,562,10,2.7,-1,-1
2023-04-16T11:43:17.001Z,U4254482,7582,44.06332,7.83546,30885.4,6.3,12.6,106.5,-44.7,0.6,-1.0,RS41-SG,403.700,7.9,562,10,2.7,-1,-1
2023-04-16T11:43:21.001Z,U4254482,7586,44.06322,7.83603,30907.9,6.3,13.0,96.0,-44.2,0.7,-1.0,RS41-SG,403.700,7.2,562,10,2.6,-1,-1
2023-04-16T11:43:22.001Z,U4254482,7587,44.06321,7.83621,30914.3,6.4,14.7,93.0,-44.1,0.6,-1.0,RS41-SG,403.700,8.1,562,10,2.7,-1,-1
2023-04-16T11:43:23.001Z,U4254482,7588,44.06320,7.83640,30920.1,5.4,16.0,92.3,-44.0,0.7,-1.0,RS41-SG,403.700,9.0,562,10,2.7,-1,-1
2023-04-16T11:43:24.001Z,U4254482,7589,44.06319,7.83660,30925.5,5.4,16.9,94.7,-44.0,0.7,-1.0,RS41-SG,403.700,9.0,562,10,2.7,-1,-1
2023-04-16T11:43:25.001Z,U4254482,7590,44.06317,7.83681,30931.4,5.8,16.9,98.9,-43.9,0.7,-1.0,RS41-SG,403.700,9.1,562,10,2.6,-1,-1
2023-04-16T11:43:26.001Z,U4254482,7591,44.06314,7.83701,30937.5,6.5,16.3,105.4,-43.7,0.6,-1.0,RS41-SG,403.700,9.1,562,10,2.6,-1,-1
2023-04-16T11:43:27.001Z,U4254482,7592,44.06310,7.83720,30944.2,7.0,15.4,111.5,-43.6,0.6,-1.0,RS41-SG,403.700,9.1,562,10,2.7,-1,-1
2023-04-16T11:43:28.001Z,U4254482,7593,44.06304,7.83737,30950.7,6.4,14.5,115.6,-43.5,0.6,-1.0,RS41-SG,403.700,8.6,562,10,2.7,-1,-1
2023-04-16T11:43:29.001Z,U4254482,7594,44.06299,7.83752,30956.3,5.2,13.7,117.1,-43.4,0.6,-1.0,RS41-SG,403.700,8.2,562,10,2.7,-1,-1
2023-04-16T11:43:31.001Z,U4254482,7596,44.06290,7.83783,30967.4,5.9,13.3,106.5,-43.3,0.6,-1.0,RS41-SG,403.700,7.6,562,10,2.6,-1,-1
2023-04-16T11:43:32.001Z,U4254482,7597,44.06287,7.83800,30973.6,6.3,14.4,98.0,-43.3,0.6,-1.0,RS41-SG,403.700,8.8,562,10,2.6,-1,-1
2023-04-16T11:43:33.001Z,U4254482,7598,44.06286,7.83818,30979.8,6.0,16.2,93.2,-43.4,0.7,-1.0,RS41-SG,403.700,10.5,562,10,2.7,-1,-1
2023-04-16T11:43:34.001Z,U4254482,7599,44.06285,7.83839,30984.9,4.3,17.5,92.0,-43.4,0.7,-1.0,RS41-SG,403.700,10.5,562,10,2.7,-1,-1
2023-04-16T11:43:35.001Z,U4254482,7600,44.06284,7.83861,30989.7,5.1,17.8,93.0,-43.4,0.6,-1.0,RS41-SG,403.700,9.8,562,10,2.7,-1,-1
2023-04-16T11:43:36.001Z,U4254482,7601,44.06283,7.83883,30995.3,6.3,16.9,95.7,-43.3,0.6,-1.0,RS41-SG,403.700,9.7,562,10,2.6,-1,-1
2023-04-16T11:43:37.001Z,U4254482,7602,44.06281,7.83903,31002.1,6.9,15.4,100.6,-43.3,0.6,-1.0,RS41-SG,403.700,9.7,562,10,2.6,-1,-1
2023-04-16T11:43:38.001Z,U4254482,7603,44.06278,7.83920,31008.4,5.9,13.9,105.3,-43.2,0.6,-1.0,RS41-SG,403.700,9.2,562,10,2.7,-1,-1
2023-04-16T11:43:39.001Z,U4254482,7604,44.06275,7.83936,31013.8,5.0,12.7,107.6,-43.1,0.6,-1.0,RS41-SG,403.700,9.2,562,10,2.7,-1,-1
2023-04-16T11:43:40.001Z,U4254482,7605,44.06271,7.83951,31018.8,5.0,12.1,108.3,-43.1,0.6,-1.0,RS41-SG,403.700,7.7,562,10,2.7,-1,-1
2023-04-16T11:43:43.001Z,U4254482,7608,44.06266,7.83995,31036.9,5.2,12.6,88.3,-42.8,0.6,-1.0,RS41-SG,403.700,9.1,562,10,2.6,-1,-1
2023-04-16T11:43:44.001Z,U4254482,7609,44.06267,7.84011,31042.0,5.0,12.9,83.7,-42.7,0.6,-1.0,RS41-SG,403.700,10.0,562,10,2.7,-1,-1
2023-04-16T11:43:45.001Z,U4254482,7610,44.06269,7.84027,31047.6,6.3,12.9,82.7,-42.6,0.6,-1.0,RS41-SG,403.700,10.0,562,10,2.7,-1,-1
2023-04-16T11:43:46.001Z,U4254482,7611,44.06270,7.84043,31054.3,7.4,12.5,85.6,-42.6,0.6,-1.0,RS41-SG,403.700,9.1,562,10,2.7,-1,-1
2023-04-16T11:43:48.001Z,U4254482,7613,44.06270,7.84074,31067.3,5.7,12.8,94.3,-42.7,0.6,-1.0,RS41-SG,403.700,8.3,562,10,2.6,-1,-1
2023-04-16T11:43:49.001Z,U4254482,7614,44.06269,7.84090,31073.3,6.2,13.9,97.3,-42.7,0.6,-1.0,RS41-SG,403.700,8.2,562,10,2.7,-1,-1
2023-04-16T11:43:50.001Z,U4254482,7615,44.06267,7.84108,31079.9,6.8,15.2,97.4,-42.6,0.6,-1.0,RS41-SG,403.700,9.5,562,10,2.7,-1,-1
2023-04-16T11:43:51.001Z,U4254482,7616,44.06265,7.84127,31086.2,5.8,16.2,96.7,-42.6,0.6,-1.0,RS41-SG,403.700,9.5,562,10,2.7,-1,-1
2023-04-16T11:43:52.001Z,U4254482,7617,44.06264,7.84148,31091.9,5.5,16.6,96.0,-42.7,0.6,-1.0,RS41-SG,403.700,9.3,562,10,2.6,-1,-1
2023-04-16T11:43:53.001Z,U4254482,7618,44.06262,7.84168,31098.1,6.9,15.7,95.8,-42.8,0.6,-1.0,RS41-SG,403.700,8.6,562,10,2.6,-1,-1
2023-04-16T11:43:54.001Z,U4254482,7619,44.06261,7.84186,31104.9,6.9,14.2,95.9,-42.9,0.6,-1.0,RS41-SG,403.700,8.6,562,10,2.6,-1,-1
2023-04-16T11:43:55.001Z,U4254482,7620,44.06259,7.84203,31111.4,5.3,12.8,96.3,-42.9,0.7,-1.0,RS41-SG,403.700,8.9,562,10,2.7,-1,-1
2023-04-16T11:43:56.001Z,U4254482,7621,44.06258,7.84218,31116.9,6.0,12.1,94.4,-43.0,0.6,-1.0,RS41-SG,403.700,8.9,562,10,2.7,-1,-1
2023-04-16T11:43:59.001Z,U4254482,7624,44.06258,7.84267,31136.2,6.8,15.2,89.5,-42.9,0.6,-1.0,RS41-SG,403.700,6.9,562,10,2.6,-1,-1
2023-04-16T11:44:00.001Z,U4254482,7625,44.06258,7.84287,31142.5,6.2,16.6,91.4,-42.8,0.6,-1.0,RS41-SG,403.700,7.8,562,10,2.6,-1,-1
2023-04-16T11:44:01.001Z,U4254482,7626,44.06257,7.84308,31148.4,5.9,17.3,94.5,-42.7,0.6,-1.0,RS41-SG,403.700,7.8,562,10,2.6,-1,-1
2023-04-16T11:44:02.001Z,U4254482,7627,44.06255,7.84329,31154.1,6.0,17.5,99.6,-42.5,0.6,-1.0,RS41-SG,403.700,7.8,562,10,2.7,-1,-1
2023-04-16T11:44:03.001Z,U4254482,7628,44.06252,7.84350,31160.2,6.2,17.3,104.7,-42.4,0.6,-1.0,RS41-SG,403.700,7.8,562,10,2.7,-1,-1
2023-04-16T11:44:07.001Z,U4254482,7632,44.06229,7.84431,31182.8,6.0,18.2,112.4,-42.4,0.6,-1.0,RS41-SG,403.700,7.2,562,10,2.7,-1,-1
2023-04-16T11:44:08.001Z,U4254482,7633,44.06223,7.84453,31189.4,7.2,18.7,106.8,-42.4,0.6,-1.0,RS41-SG,403.700,8.4,562,10,2.7,-1,-1
2023-04-16T11:44:09.001Z,U4254482,7634,44.06219,7.84475,31196.2,6.8,19.0,100.5,-42.4,0.6,-1.0,RS41-SG,403.700,8.4,562,10,2.7,-1,-1
2023-04-16T11:44:10.001Z,U4254482,7635,44.06217,7.84499,31202.2,5.1,18.9,95.8,-42.5,0.6,-1.0,RS41-SG,403.700,7.8,562,10,2.6,-1,-1
2023-04-16T11:44:11.001Z,U4254482,7636,44.06216,7.84522,31207.6,5.3,18.0,91.7,-42.6,0.6,-1.0,RS41-SG,403.700,7.8,562,10,2.6,-1,-1
2023-04-16T11:44:12.001Z,U4254482,7637,44.06215,7.84543,31213.3,6.4,16.7,91.2,-42.6,0.6,-1.0,RS41-SG,403.700,7.8,562,10,2.6,-1,-1
2023-04-16T11:44:13.001Z,U4254482,7638,44.06215,7.84563,31219.9,7.0,15.1,94.1,-42.6,0.6,-1.0,RS41-SG,403.700,7.4,562,10,2.7,-1,-1
2023-04-16T11:44:14.001Z,U4254482,7639,44.06213,7.84581,31226.5,5.9,14.5,99.8,-42.6,0.6,-1.0,RS41-SG,403.700,8.2,562,10,2.7,-1,-1
2023-04-16T11:44:15.001Z,U4254482,7640,44.06210,7.84599,31232.5,6.0,14.9,104.7,-42.6,0.6,-1.0,RS41-SG,403.700,8.5,562,10,2.7,-1,-1
2023-04-16T11:44:20.001Z,U4254482,7645,44.06185,7.84713,31263.3,5.5,23.5,107.4,-42.6,0.6,-1.0,RS41-SG,403.700,7.8,562,10,2.7,-1,-1
2023-04-16T11:44:21.001Z,U4254482,7646,44.06178,7.84741,31269.3,6.7,24.1,108.3,-42.5,0.6,-1.0,RS41-SG,403.700,8.1,562,10,2.6,-1,-1
2023-04-16T11:44:27.001Z,U4254482,7652,44.06152,7.84905,31307.4,5.4,21.5,89.2,-42.1,0.6,-1.0,RS41-SG,403.700,6.8,562,10,2.7,-1,-1
2023-04-16T11:44:40.001Z,U4254482,7665,44.06098,7.85255,31391.6,6.8,22.2,102.0,-42.0,0.6,-1.0,RS41-SG,403.700,7.2,562,10,2.6,-1,-1
2023-04-16T11:44:46.001Z,U4254482,7671,44.06086,7.85411,31430.2,6.2,21.3,93.6,-42.1,0.6,-1.0,RS41-SG,403.700,6.8,562,10,2.6,-1,-1
2023-04-16T11:44:54.001Z,U4254482,7679,44.06033,7.85605,31482.4,6.0,21.3,105.2,-42.1,0.6,-1.0,RS41-SG,403.700,7.1,562,10,2.7,-1,-1
2023-04-16T11:45:17.001Z,U4254482,7702,44.05946,7.86127,31635.6,7.3,17.0,95.9,-42.1,0.6,-1.0,RS41-SG,403.700,7.3,562,11,2.6,-1,-1
2023-04-16T11:45:41.001Z,U4254482,7726,44.05885,7.86608,31794.3,6.7,16.1,94.9,-41.8,0.6,-1.0,RS41-SG,403.700,8.1,562,11,2.7,-1,-1
2023-04-16T11:45:45.001Z,U4254482,7730,44.05878,7.86694,31820.5,6.4,18.5,92.2,-41.9,0.6,-1.0,RS41-SG,403.700,7.8,562,11,2.6,-1,-1
2023-04-16T11:45:47.001Z,U4254482,7732,44.05880,7.86740,31834.3,7.1,18.0,83.1,-41.9,0.6,-1.0,RS41-SG,403.700,7.1,562,11,2.7,-1,-1
2023-04-16T11:45:48.001Z,U4254482,7733,44.05882,7.86761,31841.2,7.0,16.8,80.7,-41.9,0.6,-1.0,RS41-SG,403.700,7.4,562,11,2.7,-1,-1
2023-04-16T11:45:49.001Z,U4254482,7734,44.05884,7.86780,31848.0,6.9,15.0,81.3,-41.8,0.6,-1.0,RS41-SG,403.700,7.4,562,11,2.7,-1,-1
2023-04-16T11:45:50.001Z,U4254482,7735,44.05885,7.86798,31854.9,6.5,12.9,86.3,-41.7,0.6,-1.0,RS41-SG,403.700,7.5,562,11,2.7,-1,-1
2023-04-16T11:45:52.001Z,U4254482,7737,44.05883,7.86827,31867.4,6.1,11.8,106.8,-41.6,0.6,-1.0,RS41-SG,403.700,7.0,562,11,2.6,-1,-1
2023-04-16T11:45:57.001Z,U4254482,7742,44.05863,7.86929,31902.4,6.1,21.7,92.2,-41.5,0.6,-1.0,RS41-SG,403.700,6.7,562,11,2.6,-1,-1
2023-04-16T11:45:59.001Z,U4254482,7744,44.05867,7.86983,31914.5,6.2,21.9,77.7,-41.4,0.6,-1.0,RS41-SG,403.700,8.1,562,11,2.7,-1,-1
2023-04-16T11:46:00.001Z,U4254482,7745,44.05872,7.87009,31920.7,6.2,20.6,74.2,-41.4,0.6,-1.0,RS41-SG,403.700,8.5,562,11,2.7,-1,-1
2023-04-16T11:46:02.001Z,U4254482,7747,44.05880,7.87054,31934.1,7.1,17.2,80.4,-41.3,0.6,-1.0,RS41-SG,403.700,7.6,562,11,2.6,-1,-1
2023-04-16T11:46:03.001Z,U4254482,7748,44.05881,7.87075,31941.3,7.3,16.6,88.9,-41.3,0.6,-1.0,RS41-SG,403.700,7.6,562,11,2.6,-1,-1
2023-04-16T11:46:05.001Z,U4254482,7750,44.05877,7.87117,31955.2,6.6,18.1,104.7,-41.3,0.6,-1.0,RS41-SG,403.700,7.7,562,11,2.7,-1,-1
2023-04-16T11:46:15.001Z,U4254482,7760,44.05847,7.87345,31836.5,-27.4,16.8,62.3,-41.8,0.6,-1.0,RS41-SG,403.700,7.1,562,11,2.6,-1,-1
2023-04-16T11:46:35.001Z,U4254482,7780,44.05810,7.87778,31308.5,-30.8,21.8,96.1,-42.9,0.6,-1.0,RS41-SG,403.700,8.0,562,11,2.6,-1,-1
2023-04-16T11:46:39.001Z,U4254482,7784,44.05792,7.87880,31197.8,-25.8,19.7,107.9,-43.0,0.6,-1.0,RS41-SG,403.700,7.3,562,11,2.7,-1,-1
2023-04-16T11:46:44.001Z,U4254482,7789,44.05776,7.87979,31067.1,-26.6,13.6,88.7,-43.2,0.6,-1.0,RS41-SG,403.700,7.5,562,11,2.7,-1,-1
2023-04-16T11:46:51.001Z,U4254482,7796,44.05769,7.88123,30885.1,-27.2,18.9,103.3,-44.5,0.7,-1.0,RS41-SG,403.700,7.6,562,11,2.7,-1,-1
2023-04-16T11:46:54.001Z,U4254482,7799,44.05752,7.88182,30809.4,-25.9,14.7,120.0,-45.3,0.7,-1.0,RS41-SG,403.700,7.4,562,11,2.6,-1,-1
2023-04-16T11:47:05.001Z,U4254482,7810,44.05693,7.88374,30528.5,-26.2,25.3,104.9,-46.4,0.8,-1.0,RS41-SG,403.700,8.7,562,11,2.6,-1,-1
2023-04-16T11:47:06.001Z,U4254482,7811,44.05687,7.88405,30503.0,-25.8,27.6,104.9,-46.4,0.8,-1.0,RS41-SG,403.700,8.8,562,11,2.6,-1,-1
2023-04-16T11:47:07.001Z,U4254482,7812,44.05681,7.88438,30477.5,-25.9,26.6,102.5,-46.4,0.8,-1.0,RS41-SG,403.700,8.8,562,11,2.7,-1,-1
2023-04-16T11:47:08.001Z,U4254482,7813,44.05675,7.88469,30452.3,-25.2,25.6,105.7,-46.4,0.7,-1.0,RS41-SG,403.700,8.8,562,11,2.7,-1,-1
2023-04-16T11:47:09.001Z,U4254482,7814,44.05670,7.88500,30427.6,-25.1,24.8,102.5,-46.3,0.7,-1.0,RS41-SG,403.700,8.8,562,11,2.7,-1,-1
2023-04-16T11:47:11.001Z,U4254482,7816,44.05661,7.88555,30378.4,-25.0,21.1,101.7,-46.1,0.7,-1.0,RS41-SG,403.700,8.8,562,11,2.6,-1,-1
2023-04-16T11:47:12.001Z,U4254482,7817,44.05658,7.88579,30353.3,-25.8,19.2,97.3,-46.0,0.7,-1.0,RS41-SG,403.700,8.8,562,11,2.6,-1,-1
2023-04-16T11:47:13.001Z,U4254482,7818,44.05656,7.88602,30328.2,-25.4,18.0,97.4,-45.9,0.7,-1.0,RS41-SG,403.700,7.9,562,11,2.7,-1,-1
2023-04-16T11:47:14.001Z,U4254482,7819,44.05655,7.88624,30303.7,-25.0,17.6,88.8,-45.8,0.7,-1.0,RS41-SG,403.700,8.4,562,11,2.7,-1,-1
2023-04-16T11:47:15.001Z,U4254482,7820,44.05656,7.88645,30278.3,-25.5,16.6,84.1,-45.7,0.7,-1.0,RS41-SG,403.700,8.7,562,11,2.7,-1,-1
2023-04-16T11:47:16.001Z,U4254482,7821,44.05657,7.88666,30253.3,-25.0,17.4,83.0,-45.8,0.7,-1.0,RS41-SG,403.700,8.7,562,11,2.7,-1,-1
2023-04-16T11:47:18.001Z,U4254482,7823,44.05664,7.88711,30202.3,-25.9,18.3,76.4,-46.0,0.7,-1.0,RS41-SG,403.700,7.5,562,11,2.6,-1,-1
2023-04-16T11:47:19.001Z,U4254482,7824,44.05667,7.88734,30176.3,-26.6,20.0,78.2,-46.1,0.7,-1.0,RS41-SG,403.700,7.5,562,11,2.6,-1,-1
2023-04-16T11:47:21.001Z,U4254482,7826,44.05675,7.88784,30123.4,-26.0,20.7,79.0,-46.1,0.7,-1.0,RS41-SG,403.700,7.9,562,11,2.7,-1,-1
2023-04-16T11:47:22.001Z,U4254482,7827,44.05678,7.88809,30097.0,-26.2,21.0,81.4,-46.0,0.7,-1.0,RS41-SG,403.700,7.9,562,11,2.7,-1,-1
2023-04-16T11:47:23.001Z,U4254482,7828,44.05681,7.88836,30071.3,-25.9,22.4,82.8,-45.9,0.7,-1.0,RS41-SG,403.700,8.1,562,11,2.7,-1,-1
2023-04-16T11:47:24.001Z,U4254482,7829,44.05684,7.88863,30046.2,-25.8,21.9,80.9,-45.9,0.7,-1.0,RS41-SG,403.700,8.1,562,11,2.6,-1,-1
2023-04-16T11:47:25.001Z,U4254482,7830,44.05686,7.88890,30021.0,-25.5,21.1,83.5,-46.0,0.7,-1.0,RS41-SG,403.700,7.8,562,11,2.6,-1,-1
2023-04-16T11:47:26.001Z,U4254482,7831,44.05689,7.88915,29996.1,-25.9,20.9,82.8,-46.2,0.8,-1.0,RS41-SG,403.700,8.2,562,11,2.6,-1,-1
2023-04-16T11:47:27.001Z,U4254482,7832,44.05691,7.88940,29969.8,-26.2,19.6,79.4,-46.4,0.8,-1.0,RS41-SG,403.700,8.2,562,11,2.7,-1,-1
2023-04-16T11:47:28.001Z,U4254482,7833,44.05694,7.88963,29944.3,-25.2,17.4,78.6,-46.6,0.7,-1.0,RS41-SG,403.700,8.0,562,11,2.7,-1,-1
2023-04-16T11:47:29.001Z,U4254482,7834,44.05697,7.88984,29919.2,-26.0,16.6,78.9,-46.8,0.8,-1.0,RS41-SG,403.700,7.5,562,11,2.7,-1,-1
2023-04-16T11:47:30.001Z,U4254482,7835,44.05700,7.89003,29892.5,-26.9,15.1,73.2,-47.0,0.7,-1.0,RS41-SG,403.700,8.0,562,11,2.7,-1,-1
2023-04-16T11:47:32.001Z,U4254482,7837,44.05708,7.89037,29839.2,-27.6,13.6,70.6,-47.2,0.8,-1.0,RS41-SG,403.700,8.3,562,11,2.6,-1,-1
2023-04-16T11:47:33.001Z,U4254482,7838,44.05712,7.89054,29812.4,-28.1,14.0,71.7,-47.2,0.8,-1.0,RS41-SG,403.700,8.3,562,11,2.6,-1,-1
2023-04-16T11:47:57.001Z,U4254482,7862,44.05715,7.89545,29122.5,-33.8,11.5,77.0,-47.5,0.7,-1.0,RS41-SG,403.700,7.5,562,11,2.6,-1,-1
2023-04-16T11:47:58.001Z,U4254482,7863,44.05717,7.89559,29089.7,-33.5,11.0,80.0,-47.6,0.7,-1.0,RS41-SG,403.700,7.5,562,11,2.6,-1,-1
2023-04-16T11:47:59.001Z,U4254482,7864,44.05719,7.89573,29057.2,-32.7,11.1,78.3,-47.6,0.7,-1.0,RS41-SG,403.700,8.0,562,11,2.7,-1,-1
2023-04-16T11:48:00.001Z,U4254482,7865,44.05721,7.89586,29025.2,-32.7,10.9,72.1,-47.5,0.8,-1.0,RS41-SG,403.700,8.0,562,9,2.7,-1,-1
2023-04-16T11:48:06.001Z,U4254482,7871,44.05735,7.89668,28837.7,-31.2,12.5,73.3,-47.3,0.7,-1.0,RS41-SG,403.700,7.2,562,10,2.7,-1,-1
2023-04-16T11:48:09.001Z,U4254482,7874,44.05743,7.89714,28736.6,-35.3,13.5,75.8,-46.7,0.7,-1.0,RS41-SG,403.700,7.7,562,11,2.6,-1,-1
2023-04-16T11:48:12.001Z,U4254482,7877,44.05754,7.89760,28628.0,-37.8,13.7,64.1,-46.5,0.7,-1.0,RS41-SG,403.700,7.8,562,11,2.7,-1,-1
2023-04-16T11:48:13.001Z,U4254482,7878,44.05760,7.89775,28591.1,-37.7,12.9,65.6,-46.8,0.7,-1.0,RS41-SG,403.700,7.8,562,11,2.7,-1,-1
2023-04-16T11:48:21.001Z,U4254482,7886,44.05802,7.89865,28294.4,-37.4,8.9,59.4,-47.7,0.8,-1.0,RS41-SG,403.700,8.0,562,11,2.6,-1,-1
