timestamp,serial,frame,lat,lon,alt,vel_v,vel_h,heading,temp,humidity,pressure,type,freq_mhz,snr,f_error_hz,sats,batt_v,burst_timer,aux_data
2023-09-10T00:33:10.000Z,T4231001,7143,46.93087,7.03897,26475.4,4.8,9.5,110.2,-273.0,-1.0,-1.0,RS41,403.500,8.0,375,10,2.6,-1,-1
2023-09-10T00:33:21.000Z,T4231001,7154,46.93043,7.04022,26535.7,5.2,9.9,112.2,-273.0,-1.0,-1.0,RS41,403.500,7.8,375,10,2.7,-1,-1
2023-09-10T00:36:14.000Z,T4231001,7327,46.92668,7.05427,27446.7,5.7,4.1,115.4,-273.0,-1.0,-1.0,RS41-SG,403.500,7.4,375,10,2.7,-1,-1
2023-09-10T00:36:25.000Z,T4231001,7338,46.92650,7.05479,27505.0,4.4,1.4,163.6,-273.0,-1.0,-1.0,RS41-SG,403.500,7.9,375,10,2.7,-1,-1
2023-09-10T00:36:36.000Z,T4231001,7349,46.92649,7.05504,27565.1,4.4,4.6,127.4,-273.0,-1.0,-1.0,RS41-SG,403.500,7.7,375,10,2.6,-1,-1
2023-09-10T00:36:39.000Z,T4231001,7352,46.92636,7.05518,27580.3,5.4,7.3,155.0,-273.0,-1.0,-1.0,RS41-SG,403.500,7.1,375,10,2.7,-1,-1
2023-09-10T00:36:46.000Z,T4231001,7359,46.92608,7.05551,27617.9,6.2,4.0,118.4,-273.0,-1.0,-1.0,RS41-SG,403.500,8.0,375,10,2.7,-1,-1
2023-09-10T00:36:50.000Z,T4231001,7363,46.92601,7.05566,27640.9,6.4,4.3,120.3,-273.0,-1.0,-1.0,RS41-SG,403.500,8.0,375,10,2.6,-1,-1
2023-09-10T00:36:53.000Z,T4231001,7366,46.92593,7.05584,27657.3,5.8,6.1,123.5,-273.0,-1.0,-1.0,RS41-SG,403.500,8.2,375,10,2.7,-1,-1
2023-09-10T00:36:56.000Z,T4231001,7369,46.92581,7.05599,27673.8,4.4,5.4,148.2,-273.0,-1.0,-1.0,RS41-SG,403.500,8.0,375,10,2.6,-1,-1
2023-09-10T00:36:57.000Z,T4231001,7370,46.92577,7.05603,27678.9,5.9,5.3,142.3,-273.0,-1.0,-1.0,RS41-SG,403.500,7.8,375,10,2.7,-1,-1
2023-09-10T00:36:59.000Z,T4231001,7372,46.92571,7.05614,27691.5,5.6,5.4,118.5,-273.0,-1.0,-1.0,RS41-SG,403.500,8.4,375,10,2.6,-1,-1
2023-09-10T00:37:03.000Z,T4231001,7376,46.92567,7.05634,27713.5,5.5,2.2,99.1,-273.0,-1.0,-1.0,RS41-SG,403.500,8.0,375,10,2.6,-1,-1
2023-09-10T00:37:07.000Z,T4231001,7380,46.92565,7.05647,27736.2,5.3,4.4,103.3,-273.0,-1.0,-1.0,RS41-SG,403.500,7.7,375,10,2.6,-1,-1
2023-09-10T00:37:12.000Z,T4231001,7385,46.92557,7.05677,27764.7,5.1,3.6,127.5,-273.0,-1.0,-1.0,RS41-SG,403.500,7.4,375,10,2.7,-1,-1
2023-09-10T00:37:15.000Z,T4231001,7388,46.92554,7.05688,27782.1,4.7,2.9,87.2,-273.0,-1.0,-1.0,RS41-SG,403.500,7.5,375,10,2.6,-1,-1
2023-09-10T00:37:17.000Z,T4231001,7390,46.92555,7.05694,27793.1,6.0,2.0,57.1,-273.0,-1.0,-1.0,RS41-SG,403.500,7.9,375,10,2.7,-1,-1
2023-09-10T00:37:19.000Z,T4231001,7392,46.92557,7.05697,27804.7,5.4,1.4,44.9,-273.0,-1.0,-1.0,RS41-SG,403.500,8.7,375,10,2.6,-1,-1
2023-09-10T00:37:22.000Z,T4231001,7395,46.92559,7.05708,27823.0,4.8,4.8,79.4,-273.0,-1.0,-1.0,RS41-SG,403.500,7.9,375,10,2.7,-1,-1
2023-09-10T00:37:24.000Z,T4231001,7397,46.92560,7.05721,27833.9,6.4,5.5,93.3,-273.0,-1.0,-1.0,RS41-SG,403.500,8.4,375,10,2.7,-1,-1
2023-09-10T00:37:33.000Z,T4231001,7406,46.92566,7.05771,27884.5,5.8,4.6,51.9,-273.0,-1.0,-1.0,RS41-SG,403.500,8.3,375,10,2.6,-1,-1
2023-09-10T00:37:37.000Z,T4231001,7410,46.92569,7.05785,27907.3,5.4,3.5,113.4,-273.0,-1.0,-1.0,RS41-SG,403.500,8.1,375,10,2.6,-1,-1
2023-09-10T00:37:38.000Z,T4231001,7411,46.92568,7.05791,27912.8,5.2,5.1,111.6,-273.0,-1.0,-1.0,RS41-SG,403.500,7.7,375,10,2.6,-1,-1
2023-09-10T00:37:41.000Z,T4231001,7414,46.92568,7.05818,27929.1,5.7,8.3,74.0,-273.0,-1.0,-1.0,RS41-SG,403.500,9.1,375,10,2.7,-1,-1
2023-09-10T00:37:43.000Z,T4231001,7416,46.92575,7.05836,27939.6,4.4,7.8,47.6,-273.0,-1.0,-1.0,RS41-SG,403.500,8.9,375,10,2.6,-1,-1
2023-09-10T00:37:44.000Z,T4231001,7417,46.92579,7.05843,27944.1,4.5,7.2,38.5,-273.0,-1.0,-1.0,RS41-SG,403.500,8.9,375,10,2.7,-1,-1
2023-09-10T00:37:47.000Z,T4231001,7420,46.92589,7.05855,27960.1,5.6,3.2,82.0,-273.0,-1.0,-1.0,RS41-SG,403.500,8.9,375,10,2.6,-1,-1
2023-09-10T00:37:48.000Z,T4231001,7421,46.92588,7.05860,27965.6,5.3,4.6,106.8,-273.0,-1.0,-1.0,RS41-SG,403.500,8.9,375,10,2.7,-1,-1
2023-09-10T00:37:50.000Z,T4231001,7423,46.92585,7.05875,27975.7,4.7,7.5,105.8,-273.0,-1.0,-1.0,RS41-SG,403.500,8.3,375,10,2.6,-1,-1
2023-09-10T00:37:51.000Z,T4231001,7424,46.92583,7.05885,27980.7,5.2,7.9,97.6,-273.0,-1.0,-1.0,RS41-SG,403.500,8.8,375,10,2.6,-1,-1
2023-09-10T00:37:53.000Z,T4231001,7426,46.92583,7.05905,27991.2,4.9,7.3,80.6,-273.0,-1.0,-1.0,RS41-SG,403.500,9.0,375,10,2.7,-1,-1
2023-09-10T00:37:55.000Z,T4231001,7428,46.92586,7.05923,28001.6,5.6,6.4,79.2,-273.0,-1.0,-1.0,RS41-SG,403.500,9.7,375,10,2.7,-1,-1
2023-09-10T00:37:56.000Z,T4231001,7429,46.92587,7.05931,28007.3,5.7,6.6,86.1,-273.0,-1.0,-1.0,RS41-SG,403.500,8.7,375,10,2.6,-1,-1
2023-09-10T00:37:57.000Z,T4231001,7430,46.92587,7.05940,28013.1,5.5,7.1,91.9,-273.0,-1.0,-1.0,RS41-SG,403.500,8.9,375,10,2.6,-1,-1
2023-09-10T00:37:58.000Z,T4231001,7431,46.92586,7.05950,28018.4,4.7,7.8,94.4,-273.0,-1.0,-1.0,RS41-SG,403.500,8.9,375,10,2.6,-1,-1
2023-09-10T00:37:59.000Z,T4231001,7432,46.92586,7.05960,28023.2,4.6,8.1,93.3,-273.0,-1.0,-1.0,RS41-SG,403.500,8.8,375,10,2.7,-1,-1
2023-09-10T00:38:00.000Z,T4231001,7433,46.92586,7.05971,28028.3,5.5,8.2,90.8,-273.0,-1.0,-1.0,RS41-SG,403.500,8.6,375,10,2.7,-1,-1
2023-09-10T00:38:01.000Z,T4231001,7434,46.92586,7.05981,28033.9,5.9,7.3,85.4,-273.0,-1.0,-1.0,RS41-SG,403.500,8.9,375,10,2.7,-1,-1
2023-09-10T00:38:02.000Z,T4231001,7435,46.92587,7.05990,28039.8,5.7,6.4,78.9,-273.0,-1.0,-1.0,RS41-SG,403.500,9.5,375,10,2.6,-1,-1
2023-09-10T00:38:03.000Z,T4231001,7436,46.92588,7.05997,28045.0,4.7,5.2,77.5,-273.0,-1.0,-1.0,RS41-SG,403.500,9.5,375,10,2.6,-1,-1
2023-09-10T00:38:04.000Z,T4231001,7437,46.92589,7.06003,28049.9,4.8,4.2,84.2,-273.0,-1.0,-1.0,RS41-SG,403.500,9.0,375,10,2.6,-1,-1
2023-09-10T00:38:05.000Z,T4231001,7438,46.92588,7.06009,28055.2,5.6,4.0,99.6,-273.0,-1.0,-1.0,RS41-SG,403.500,9.4,375,10,2.7,-1,-1
2023-09-10T00:38:06.000Z,T4231001,7439,46.92587,7.06014,28060.8,6.2,5.0,112.2,-273.0,-1.0,-1.0,RS41-SG,403.500,9.9,375,10,2.7,-1,-1
2023-09-10T00:38:09.000Z,T4231001,7442,46.92581,7.06039,28076.7,4.7,8.2,106.0,-273.0,-1.0,-1.0,RS41-SG,403.500,9.1,375,9,2.6,-1,-1
2023-09-10T00:38:12.000Z,T4231001,7445,46.92582,7.06074,28093.2,4.7,9.6,72.2,-273.0,-1.0,-1.0,RS41-SG,403.500,8.9,375,10,2.7,-1,-1
2023-09-10T00:38:17.000Z,T4231001,7450,46.92589,7.06125,28121.5,5.5,6.7,102.4,-273.0,-1.0,-1.0,RS41-SG,403.500,9.0,375,10,2.7,-1,-1
2023-09-10T00:38:18.000Z,T4231001,7451,46.92587,7.06133,28127.5,6.5,6.1,110.2,-273.0,-1.0,-1.0,RS41-SG,403.500,8.5,375,10,2.7,-1,-1
2023-09-10T00:38:19.000Z,T4231001,7452,46.92585,7.06140,28133.2,5.3,5.7,110.4,-273.0,-1.0,-1.0,RS41-SG,403.500,8.4,375,10,2.7,-1,-1
2023-09-10T00:38:20.000Z,T4231001,7453,46.92584,7.06147,28138.8,5.4,5.9,112.6,-48.5,-1.0,-1.0,RS41-SG,403.500,9.1,375,10,2.6,-1,-1
2023-09-10T00:38:24.000Z,T4231001,7457,46.92572,7.06184,28162.7,5.7,9.1,110.7,-48.5,-1.0,-1.0,RS41-SG,403.500,8.7,375,10,2.7,-1,-1
2023-09-10T00:38:25.000Z,T4231001,7458,46.92570,7.06195,28168.5,5.8,8.7,103.1,-48.5,-1.0,-1.0,RS41-SG,403.500,9.2,375,10,2.7,-1,-1
2023-09-10T00:38:29.000Z,T4231001,7462,46.92572,7.06232,28190.7,5.7,5.8,78.8,-48.6,-1.0,-1.0,RS41-SG,403.500,9.3,375,10,2.7,-1,-1
2023-09-10T00:38:30.000Z,T4231001,7463,46.92572,7.06239,28197.1,6.8,5.8,96.0,-48.6,-1.0,-1.0,RS41-SG,403.500,9.7,375,10,2.7,-1,-1
2023-09-10T00:38:31.000Z,T4231001,7464,46.92570,7.06247,28203.2,5.7,6.3,114.1,-48.6,-1.0,-1.0,RS41-SG,403.500,9.7,375,10,2.6,-1,-1
2023-09-10T00:38:32.000Z,T4231001,7465,46.92567,7.06254,28208.5,4.6,7.2,128.7,-48.6,-1.0,-1.0,RS41-SG,403.500,9.7,375,10,2.6,-1,-1
2023-09-10T00:38:33.000Z,T4231001,7466,46.92563,7.06261,28213.1,4.7,7.8,137.5,-48.6,-1.0,-1.0,RS41-SG,403.500,9.9,375,10,2.7,-1,-1
2023-09-10T00:38:34.000Z,T4231001,7467,46.92557,7.06267,28218.5,5.7,7.6,145.0,-48.6,-1.0,-1.0,RS41-SG,403.500,9.9,375,10,2.7,-1,-1
2023-09-10T00:38:35.000Z,T4231001,7468,46.92552,7.06273,28224.5,6.3,7.0,147.5,-48.6,-1.0,-1.0,RS41-SG,403.500,10.9,375,10,2.6,-1,-1
2023-09-10T00:38:36.000Z,T4231001,7469,46.92547,7.06277,28230.1,4.8,6.2,145.0,-48.6,-1.0,-1.0,RS41-SG,403.500,10.9,375,10,2.6,-1,-1
2023-09-10T00:38:37.000Z,T4231001,7470,46.92543,7.06282,28235.1,4.7,5.9,141.4,-48.6,-1.0,-1.0,RS41-SG,403.500,10.3,375,10,2.7,-1,-1
2023-09-10T00:38:38.000Z,T4231001,7471,46.92539,7.06287,28240.4,5.7,6.1,136.5,-48.6,-1.0,-1.0,RS41-SG,403.500,10.3,375,10,2.7,-1,-1
2023-09-10T00:38:39.000Z,T4231001,7472,46.92535,7.06293,28246.7,6.2,6.6,130.0,-48.6,-1.0,-1.0,RS41-SG,403.500,10.0,375,10,2.6,-1,-1
2023-09-10T00:38:40.000Z,T4231001,7473,46.92531,7.06300,28252.8,5.4,7.1,126.8,-48.6,-1.0,-1.0,RS41-SG,403.500,10.0,375,10,2.6,-1,-1
2023-09-10T00:38:41.000Z,T4231001,7474,46.92528,7.06308,28258.1,4.9,7.3,120.5,-48.6,-1.0,-1.0,RS41-SG,403.500,10.0,375,10,2.6,-1,-1
2023-09-10T00:38:45.000Z,T4231001,7478,46.92524,7.06338,28280.5,4.9,4.7,80.3,-48.6,-1.0,-1.0,RS41-SG,403.500,10.3,375,10,2.6,-1,-1
2023-09-10T00:38:46.000Z,T4231001,7479,46.92524,7.06344,28286.0,6.2,4.0,87.2,-48.6,-1.0,-1.0,RS41-SG,403.500,10.5,375,10,2.6,-1,-1
2023-09-10T00:38:47.000Z,T4231001,7480,46.92524,7.06349,28292.7,6.8,4.0,111.7,-48.7,-1.0,-1.0,RS41-SG,403.500,10.5,375,10,2.6,-1,-1
2023-09-10T00:38:48.000Z,T4231001,7481,46.92522,7.06354,28298.7,5.2,4.9,131.1,-48.7,-1.0,-1.0,RS41-SG,403.500,9.8,375,10,2.7,-1,-1
2023-09-10T00:38:49.000Z,T4231001,7482,46.92518,7.06359,28303.6,4.6,5.9,142.0,-48.7,-1.0,-1.0,RS41-SG,403.500,10.0,375,9,2.7,-1,-1
2023-09-10T00:38:50.000Z,T4231001,7483,46.92514,7.06363,28308.7,5.3,6.5,143.4,-48.7,-1.0,-1.0,RS41-SG,403.500,10.0,375,10,2.7,-1,-1
2023-09-10T00:38:53.000Z,T4231001,7486,46.92501,7.06380,28326.2,5.5,6.1,130.7,-48.6,-1.0,-1.0,RS41-SG,403.500,10.2,375,10,2.6,-1,-1
2023-09-10T00:38:54.000Z,T4231001,7487,46.92497,7.06386,28331.8,5.7,6.5,126.5,-48.7,-1.0,-1.0,RS41-SG,403.500,10.2,375,10,2.7,-1,-1
2023-09-10T00:38:55.000Z,T4231001,7488,46.92494,7.06393,28337.7,6.3,7.3,125.7,-48.7,-1.0,-1.0,RS41-SG,403.500,10.2,375,10,2.7,-1,-1
2023-09-10T00:38:58.000Z,T4231001,7491,46.92484,7.06418,28355.1,5.8,6.8,111.0,-48.6,-1.0,-1.0,RS41-SG,403.500,10.8,375,10,2.6,-1,-1
2023-09-10T00:38:59.000Z,T4231001,7492,46.92482,7.06426,28360.9,5.9,5.8,96.2,-48.6,-1.0,-1.0,RS41-SG,403.500,10.8,375,10,2.6,-1,-1
2023-09-10T00:39:01.000Z,T4231001,7494,46.92483,7.06439,28372.2,5.3,4.2,70.4,-48.6,-1.0,-1.0,RS41-SG,403.500,10.0,375,10,2.7,-1,-1
2023-09-10T00:39:02.000Z,T4231001,7495,46.92484,7.06444,28377.6,5.4,3.4,73.9,-48.5,-1.0,-1.0,RS41-SG,403.500,10.3,375,10,2.7,-1,-1
2023-09-10T00:39:04.000Z,T4231001,7497,46.92483,7.06451,28389.8,6.4,3.9,141.2,-48.5,-1.0,-1.0,RS41-SG,403.500,9.6,375,10,2.6,-1,-1
2023-09-10T00:39:05.000Z,T4231001,7498,46.92479,7.06455,28395.4,4.5,5.5,150.4,-48.5,-1.0,-1.0,RS41-SG,403.500,10.2,375,10,2.6,-1,-1
2023-09-10T00:39:07.000Z,T4231001,7500,46.92469,7.06464,28405.0,5.8,7.4,142.0,-48.4,-1.0,-1.0,RS41-SG,403.500,10.0,375,10,2.7,-1,-1
2023-09-10T00:39:11.000Z,T4231001,7504,46.92461,7.06496,28428.3,4.7,6.9,80.2,-48.3,-1.0,-1.0,RS41-SG,403.500,10.4,375,10,2.6,-1,-1
2023-09-10T00:39:12.000Z,T4231001,7505,46.92462,7.06505,28433.7,6.2,6.6,72.0,-48.2,-1.0,-1.0,RS41-SG,403.500,10.6,375,10,2.7,-1,-1
2023-09-10T00:39:13.000Z,T4231001,7506,46.92464,7.06512,28439.5,5.7,6.0,70.9,-48.1,0.2,-1.0,RS41-SG,403.500,10.6,375,10,2.6,-1,-1
2023-09-10T00:39:14.000Z,T4231001,7507,46.92465,7.06519,28445.0,4.9,5.3,70.0,-48.0,0.2,-1.0,RS41-SG,403.500,10.0,375,10,2.7,-1,-1
2023-09-10T00:39:15.000Z,T4231001,7508,46.92467,7.06526,28450.3,5.6,4.8,67.4,-48.0,0.2,-1.0,RS41-SG,403.500,10.3,375,10,2.6,-1,-1
2023-09-10T00:39:16.000Z,T4231001,7509,46.92469,7.06531,28456.3,6.3,4.7,63.7,-47.9,0.1,-1.0,RS41-SG,403.500,10.3,375,10,2.6,-1,-1
2023-09-10T00:39:18.000Z,T4231001,7511,46.92473,7.06543,28467.2,4.9,5.2,69.5,-47.9,0.2,-1.0,RS41-SG,403.500,10.8,375,10,2.7,-1,-1
2023-09-10T00:39:19.000Z,T4231001,7512,46.92474,7.06550,28472.5,6.1,5.5,84.3,-47.9,0.2,-1.0,RS41-SG,403.500,10.8,375,10,2.7,-1,-1
2023-09-10T00:39:20.000Z,T4231001,7513,46.92473,7.06557,28478.6,6.1,6.1,101.1,-47.9,0.2,-1.0,RS41-SG,403.500,10.8,375,10,2.7,-1,-1
2023-09-10T00:39:21.000Z,T4231001,7514,46.92472,7.06566,28484.1,4.7,7.0,109.9,-47.9,0.2,-1.0,RS41-SG,403.500,9.9,375,10,2.6,-1,-1
2023-09-10T00:39:22.000Z,T4231001,7515,46.92469,7.06575,28489.1,5.0,8.1,112.3,-47.9,0.1,-1.0,RS41-SG,403.500,10.1,375,10,2.6,-1,-1
2023-09-10T00:39:23.000Z,T4231001,7516,46.92467,7.06585,28494.7,5.9,8.7,106.3,-47.9,0.4,-1.0,RS41-SG,403.500,10.1,375,10,2.6,-1,-1
2023-09-10T00:39:24.000Z,T4231001,7517,46.92465,7.06597,28501.0,6.7,8.9,96.5,-47.9,0.2,-1.0,RS41-SG,403.500,11.0,375,10,2.7,-1,-1
2023-09-10T00:39:26.000Z,T4231001,7519,46.92466,7.06619,28511.6,5.1,8.2,77.7,-47.9,0.2,-1.0,RS41-SG,403.500,10.8,375,10,2.7,-1,-1
2023-09-10T00:39:27.000Z,T4231001,7520,46.92468,7.06629,28517.3,6.0,7.0,71.9,-47.9,0.2,-1.0,RS41-SG,403.500,10.5,375,10,2.6,-1,-1
2023-09-10T00:39:28.000Z,T4231001,7521,46.92469,7.06636,28523.4,6.2,5.1,70.1,-47.8,0.2,-1.0,RS41-SG,403.500,11.2,375,10,2.6,-1,-1
2023-09-10T00:39:30.000Z,T4231001,7523,46.92472,7.06645,28533.7,4.6,2.3,66.2,-47.7,0.2,-1.0,RS41-SG,403.500,10.7,375,10,2.7,-1,-1
2023-09-10T00:39:31.000Z,T4231001,7524,46.92473,7.06647,28538.5,5.2,1.7,48.8,-47.6,0.2,-1.0,RS41-SG,403.500,10.7,375,10,2.7,-1,-1
2023-09-10T00:39:32.000Z,T4231001,7525,46.92474,7.06649,28543.9,5.5,1.7,38.2,-47.4,0.2,-1.0,RS41-SG,403.500,10.3,375,10,2.7,-1,-1
2023-09-10T00:39:33.000Z,T4231001,7526,46.92475,7.06651,28549.6,5.5,2.0,45.0,-47.3,0.2,-1.0,RS41-SG,403.500,10.4,375,10,2.6,-1,-1
2023-09-10T00:39:34.000Z,T4231001,7527,46.92476,7.06653,28554.8,5.0,2.0,70.3,-47.2,0.2,-1.0,RS41-SG,403.500,11.2,375,10,2.6,-1,-1
2023-09-10T00:39:35.000Z,T4231001,7528,46.92476,7.06656,28559.9,5.0,2.8,98.3,-47.1,0.3,-1.0,RS41-SG,403.500,11.2,375,10,2.6,-1,-1
2023-09-10T00:39:36.000Z,T4231001,7529,46.92475,7.06660,28565.1,5.5,4.5,122.1,-47.1,0.2,-1.0,RS41-SG,403.500,10.7,375,10,2.7,-1,-1
2023-09-10T00:39:37.000Z,T4231001,7530,46.92472,7.06666,28570.8,5.7,6.3,130.4,-47.0,0.2,-1.0,RS41-SG,403.500,10.7,375,10,2.7,-1,-1
2023-09-10T00:39:38.000Z,T4231001,7531,46.92468,7.06672,28576.4,5.1,7.8,133.9,-46.9,0.2,-1.0,RS41-SG,403.500,10.4,375,10,2.7,-1,-1
2023-09-10T00:39:39.000Z,T4231001,7532,46.92463,7.06680,28581.3,4.3,8.6,132.2,-46.9,0.1,-1.0,RS41-SG,403.500,10.4,375,10,2.6,-1,-1
2023-09-10T00:39:40.000Z,T4231001,7533,46.92458,7.06689,28586.1,5.3,8.3,124.3,-46.9,0.2,-1.0,RS41-SG,403.500,10.2,375,10,2.6,-1,-1
2023-09-10T00:39:43.000Z,T4231001,7536,46.92454,7.06714,28603.1,4.9,5.3,68.0,-46.8,0.2,-1.0,RS41-SG,403.500,9.4,375,9,2.7,-1,-1
2023-09-10T00:39:44.000Z,T4231001,7537,46.92456,7.06719,28607.7,4.5,4.7,42.2,-46.8,0.2,-1.0,RS41-SG,403.500,11.0,375,10,2.7,-1,-1
2023-09-10T00:39:45.000Z,T4231001,7538,46.92460,7.06722,28612.3,4.7,3.8,17.0,-46.8,0.2,-1.0,RS41-SG,403.500,11.0,375,9,2.6,-1,-1
2023-09-10T00:39:46.000Z,T4231001,7539,46.92462,7.06722,28617.9,5.8,2.4,348.7,-46.8,0.2,-1.0,RS41-SG,403.500,10.1,375,9,2.6,-1,-1
2023-09-10T00:39:47.000Z,T4231001,7540,46.92463,7.06721,28623.6,5.8,1.1,299.6,-46.7,0.2,-1.0,RS41-SG,403.500,10.6,375,10,2.6,-1,-1
2023-09-10T00:39:48.000Z,T4231001,7541,46.92463,7.06720,28629.1,5.2,1.6,191.7,-46.7,0.1,-1.0,RS41-SG,403.500,10.6,375,10,2.6,-1,-1
2023-09-10T00:39:49.000Z,T4231001,7542,46.92461,7.06720,28634.2,5.0,3.6,158.5,-46.7,0.2,-1.0,RS41-SG,403.500,10.4,375,10,2.7,-1,-1
2023-09-10T00:39:50.000Z,T4231001,7543,46.92457,7.06724,28639.4,5.5,6.2,138.9,-46.7,0.1,-1.0,RS41-SG,403.500,11.3,375,10,2.6,-1,-1
2023-09-10T00:39:51.000Z,T4231001,7544,46.92453,7.06731,28644.8,5.2,8.0,124.1,-46.7,0.3,-1.0,RS41-SG,403.500,11.3,375,10,2.6,-1,-1
2023-09-10T00:39:52.000Z,T4231001,7545,46.92449,7.06741,28649.2,4.0,9.4,115.2,-46.6,0.1,-1.0,RS41-SG,403.500,9.3,375,10,2.7,-1,-1
2023-09-10T00:39:53.000Z,T4231001,7546,46.92446,7.06752,28653.3,4.3,9.6,107.2,-46.5,0.2,-1.0,RS41-SG,403.500,9.5,375,10,2.7,-1,-1
2023-09-10T00:39:54.000Z,T4231001,7547,46.92444,7.06764,28658.6,5.7,8.6,100.9,-46.5,0.1,-1.0,RS41-SG,403.500,9.5,375,10,2.6,-1,-1
2023-09-10T00:39:56.000Z,T4231001,7549,46.92443,7.06781,28670.3,4.8,4.6,95.7,-46.3,0.2,-1.0,RS41-SG,403.500,10.7,375,10,2.7,-1,-1
2023-09-10T00:39:59.000Z,T4231001,7552,46.92443,7.06790,28685.8,5.9,1.0,62.0,-46.2,0.1,-1.0,RS41-SG,403.500,10.9,375,10,2.6,-1,-1
2023-09-10T00:40:01.000Z,T4231001,7554,46.92443,7.06793,28696.8,5.2,1.5,110.3,-46.2,0.2,-1.0,RS41-SG,403.500,10.6,375,10,2.7,-1,-1
2023-09-10T00:40:02.000Z,T4231001,7555,46.92442,7.06795,28702.1,5.4,2.4,144.1,-46.2,0.1,-1.0,RS41-SG,403.500,10.9,375,10,2.6,-1,-1
2023-09-10T00:40:03.000Z,T4231001,7556,46.92439,7.06796,28707.5,5.4,3.5,157.4,-46.2,0.2,-1.0,RS41-SG,403.500,10.9,375,10,2.6,-1,-1
2023-09-10T00:40:04.000Z,T4231001,7557,46.92436,7.06798,28712.7,5.2,4.4,162.0,-46.2,0.3,-1.0,RS41-SG,403.500,10.6,375,9,2.6,-1,-1
2023-09-10T00:40:06.000Z,T4231001,7559,46.92429,7.06803,28723.1,5.2,4.2,143.5,-46.1,0.2,-1.0,RS41-SG,403.500,10.6,375,10,2.7,-1,-1
2023-09-10T00:40:08.000Z,T4231001,7561,46.92426,7.06813,28734.5,5.7,5.0,85.7,-46.1,0.2,-1.0,RS41-SG,403.500,9.6,375,10,2.6,-1,-1
2023-09-10T00:40:10.000Z,T4231001,7563,46.92430,7.06828,28744.2,3.7,7.5,61.7,-46.1,0.3,-1.0,RS41-SG,403.500,11.1,375,10,2.6,-1,-1
2023-09-10T00:40:11.000Z,T4231001,7564,46.92433,7.06836,28748.4,4.9,7.3,58.2,-46.0,0.1,-1.0,RS41-SG,403.500,11.1,375,10,2.7,-1,-1
2023-09-10T00:40:13.000Z,T4231001,7566,46.92438,7.06849,28760.4,6.5,3.1,67.9,-45.9,0.2,-1.0,RS41-SG,403.500,10.4,375,10,2.7,-1,-1
2023-09-10T00:40:14.000Z,T4231001,7567,46.92439,7.06851,28765.8,4.2,1.4,101.9,-45.9,0.2,-1.0,RS41-SG,403.500,10.2,375,10,2.6,-1,-1
2023-09-10T00:40:15.000Z,T4231001,7568,46.92438,7.06853,28770.3,3.8,1.9,167.0,-45.8,0.2,-1.0,RS41-SG,403.500,10.8,375,10,2.6,-1,-1
2023-09-10T00:40:16.000Z,T4231001,7569,46.92436,7.06853,28774.7,4.8,2.8,181.3,-45.8,0.3,-1.0,RS41-SG,403.500,10.8,375,10,2.6,-1,-1
2023-09-10T00:40:18.000Z,T4231001,7571,46.92430,7.06854,28785.4,5.6,2.7,156.9,-45.8,0.1,-1.0,RS41-SG,403.500,11.0,375,10,2.7,-1,-1
2023-09-10T00:40:19.000Z,T4231001,7572,46.92429,7.06856,28790.4,4.9,2.3,134.8,-45.8,0.2,-1.0,RS41-SG,403.500,10.6,375,10,2.7,-1,-1
2023-09-10T00:40:20.000Z,T4231001,7573,46.92427,7.06858,28795.1,4.4,2.2,122.3,-45.8,0.1,-1.0,RS41-SG,403.500,10.6,375,10,2.6,-1,-1
2023-09-10T00:40:21.000Z,T4231001,7574,46.92426,7.06860,28800.1,5.3,2.1,115.4,-45.8,0.3,-1.0,RS41-SG,403.500,10.2,375,10,2.6,-1,-1
2023-09-10T00:40:22.000Z,T4231001,7575,46.92426,7.06863,28805.8,6.2,2.1,121.8,-45.7,0.3,-1.0,RS41-SG,403.500,10.3,375,10,2.6,-1,-1
2023-09-10T00:40:23.000Z,T4231001,7576,46.92424,7.06865,28811.6,5.3,2.2,131.9,-45.7,0.1,-1.0,RS41-SG,403.500,10.8,375,10,2.7,-1,-1
2023-09-10T00:40:24.000Z,T4231001,7577,46.92423,7.06867,28816.4,4.6,2.4,136.0,-45.7,0.2,-1.0,RS41-SG,403.500,10.8,375,9,2.7,-1,-1
2023-09-10T00:40:27.000Z,T4231001,7580,46.92421,7.06877,28832.4,4.6,3.2,88.7,-45.5,0.1,-1.0,RS41-SG,403.500,10.2,375,11,2.6,-1,-1
2023-09-10T00:40:28.000Z,T4231001,7581,46.92421,7.06881,28837.4,5.0,3.2,90.2,-45.5,0.2,-1.0,RS41-SG,403.500,9.9,375,11,2.6,-1,-1
2023-09-10T00:40:29.000Z,T4231001,7582,46.92420,7.06885,28842.8,5.8,2.8,105.3,-45.5,0.2,-1.0,RS41-SG,403.500,10.4,375,11,2.7,-1,-1
2023-09-10T00:40:30.000Z,T4231001,7583,46.92419,7.06888,28848.6,5.8,2.8,144.1,-45.5,0.2,-1.0,RS41-SG,403.500,11.8,375,11,2.7,-1,-1
2023-09-10T00:40:31.000Z,T4231001,7584,46.92416,7.06889,28853.9,4.9,4.0,171.2,-45.5,0.2,-1.0,RS41-SG,403.500,11.8,375,11,2.7,-1,-1
2023-09-10T00:40:32.000Z,T4231001,7585,46.92412,7.06890,28858.9,4.5,5.2,176.9,-45.5,0.1,-1.0,RS41-SG,403.500,10.1,375,11,2.6,-1,-1
2023-09-10T00:40:33.000Z,T4231001,7586,46.92407,7.06890,28863.4,4.4,5.9,175.9,-45.5,0.1,-1.0,RS41-SG,403.500,10.1,375,11,2.6,-1,-1
2023-09-10T00:40:34.000Z,T4231001,7587,46.92401,7.06891,28868.6,5.5,6.4,165.5,-45.5,0.3,-1.0,RS41-SG,403.500,10.3,375,11,2.6,-1,-1
2023-09-10T00:40:35.000Z,T4231001,7588,46.92396,7.06895,28874.3,5.8,6.4,152.0,-45.5,0.2,-1.0,RS41-SG,403.500,10.3,375,11,2.7,-1,-1
2023-09-10T00:40:36.000Z,T4231001,7589,46.92392,7.06899,28880.4,6.0,6.3,137.9,-45.5,0.2,-1.0,RS41-SG,403.500,9.9,375,11,2.7,-1,-1
2023-09-10T00:40:37.000Z,T4231001,7590,46.92388,7.06905,28885.9,5.0,6.2,127.9,-45.6,0.2,-1.0,RS41-SG,403.500,10.9,375,11,2.7,-1,-1
2023-09-10T00:40:38.000Z,T4231001,7591,46.92385,7.06911,28890.6,4.3,5.6,121.0,-45.6,0.1,-1.0,RS41-SG,403.500,10.9,375,11,2.6,-1,-1
2023-09-10T00:40:40.000Z,T4231001,7593,46.92380,7.06921,28900.7,5.7,3.5,146.2,-45.6,0.3,-1.0,RS41-SG,403.500,9.9,375,11,2.6,-1,-1
2023-09-10T00:40:41.000Z,T4231001,7594,46.92377,7.06922,28906.0,5.1,3.9,175.7,-45.6,0.1,-1.0,RS41-SG,403.500,9.9,375,11,2.7,-1,-1
2023-09-10T00:40:42.000Z,T4231001,7595,46.92373,7.06922,28911.1,4.6,5.1,187.0,-45.6,0.2,-1.0,RS41-SG,403.500,10.4,375,11,2.7,-1,-1
2023-09-10T00:40:43.000Z,T4231001,7596,46.92368,7.06921,28916.3,5.4,6.2,187.1,-45.7,0.2,-1.0,RS41-SG,403.500,10.4,375,11,2.7,-1,-1
2023-09-10T00:40:44.000Z,T4231001,7597,46.92361,7.06921,28922.3,6.2,7.4,178.2,-45.7,0.1,-1.0,RS41-SG,403.500,10.1,375,11,2.6,-1,-1
2023-09-10T00:40:45.000Z,T4231001,7598,46.92355,7.06922,28928.3,5.4,8.0,167.7,-45.7,0.2,-1.0,RS41-SG,403.500,10.2,375,11,2.6,-1,-1
2023-09-10T00:40:46.000Z,T4231001,7599,46.92347,7.06925,28933.2,4.1,8.6,160.9,-45.7,0.3,-1.0,RS41-SG,403.500,10.2,375,11,2.6,-1,-1
2023-09-10T00:40:48.000Z,T4231001,7601,46.92333,7.06934,28942.5,5.4,9.0,154.5,-45.7,0.1,-1.0,RS41-SG,403.500,10.8,375,11,2.6,-1,-1
2023-09-10T00:40:49.000Z,T4231001,7602,46.92325,7.06939,28948.3,6.2,9.0,159.4,-45.8,0.2,-1.0,RS41-SG,403.500,10.8,375,11,2.6,-1,-1
2023-09-10T00:40:50.000Z,T4231001,7603,46.92318,7.06942,28954.0,5.0,8.6,164.7,-45.8,0.2,-1.0,RS41-SG,403.500,10.2,375,11,2.6,-1,-1
2023-09-10T00:40:51.000Z,T4231001,7604,46.92310,7.06945,28958.9,4.7,7.8,169.4,-45.8,0.1,-1.0,RS41-SG,403.500,10.2,375,11,2.6,-1,-1
2023-09-10T00:40:53.000Z,T4231001,7606,46.92298,7.06948,28970.4,6.4,5.7,164.7,-45.8,0.1,-1.0,RS41-SG,403.500,9.8,375,11,2.7,-1,-1
2023-09-10T00:40:54.000Z,T4231001,7607,46.92294,7.06950,28975.9,4.8,5.1,159.9,-45.8,0.2,-1.0,RS41-SG,403.500,9.8,375,11,2.7,-1,-1
2023-09-10T00:40:56.000Z,T4231001,7609,46.92286,7.06955,28986.3,5.6,4.5,163.4,-45.7,0.1,-1.0,RS41-SG,403.500,10.3,375,11,2.6,-1,-1
2023-09-10T00:40:57.000Z,T4231001,7610,46.92282,7.06956,28992.0,5.6,5.1,177.2,-45.7,0.1,-1.0,RS41-SG,403.500,10.5,375,11,2.6,-1,-1
2023-09-10T00:40:58.000Z,T4231001,7611,46.92277,7.06955,28997.6,5.1,5.9,187.4,-45.6,0.3,-1.0,RS41-SG,403.500,10.5,375,11,2.6,-1,-1
2023-09-10T00:40:59.000Z,T4231001,7612,46.92271,7.06954,29002.0,4.0,6.5,190.2,-45.6,0.1,-1.0,RS41-SG,403.500,9.9,375,11,2.7,-1,-1
2023-09-10T00:41:00.000Z,T4231001,7613,46.92265,7.06953,29006.5,4.9,6.7,188.5,-45.6,0.1,-1.0,RS41-SG,403.500,9.9,375,11,2.7,-1,-1
2023-09-10T00:41:01.000Z,T4231001,7614,46.92259,7.06952,29012.0,5.7,6.6,181.0,-45.6,0.1,-1.0,RS41-SG,403.500,10.3,375,11,2.7,-1,-1
2023-09-10T00:41:02.000Z,T4231001,7615,46.92253,7.06952,29018.0,6.1,6.2,170.8,-45.6,0.2,-1.0,RS41-SG,403.500,10.5,375,11,2.6,-1,-1
2023-09-10T00:41:04.000Z,T4231001,7617,46.92243,7.06957,29027.9,4.1,6.4,156.6,-45.6,0.3,-1.0,RS41-SG,403.500,10.2,375,11,2.6,-1,-1
2023-09-10T00:41:05.000Z,T4231001,7618,46.92237,7.06961,29032.4,4.9,6.9,158.4,-45.6,0.1,-1.0,RS41-SG,403.500,10.7,375,11,2.7,-1,-1
2023-09-10T00:41:07.000Z,T4231001,7620,46.92224,7.06965,29043.9,5.4,7.8,177.0,-45.7,0.2,-1.0,RS41-SG,403.500,9.4,375,11,2.7,-1,-1
2023-09-10T00:41:08.000Z,T4231001,7621,46.92217,7.06965,29049.1,4.5,7.9,185.0,-45.6,0.1,-1.0,RS41-SG,403.500,9.6,375,11,2.6,-1,-1
2023-09-10T00:41:09.000Z,T4231001,7622,46.92211,7.06963,29054.3,5.4,7.2,189.9,-45.6,0.1,-1.0,RS41-SG,403.500,9.6,375,11,2.6,-1,-1
2023-09-10T00:41:10.000Z,T4231001,7623,46.92205,7.06962,29060.3,6.2,6.0,192.4,-45.6,0.4,-1.0,RS41-SG,403.500,9.1,375,11,2.6,-1,-1
2023-09-10T00:41:11.000Z,T4231001,7624,46.92200,7.06960,29066.2,5.6,4.6,190.9,-45.6,0.1,-1.0,RS41-SG,403.500,9.7,375,11,2.7,-1,-1
2023-09-10T00:41:12.000Z,T4231001,7625,46.92197,7.06959,29071.2,4.3,3.6,186.5,-45.6,0.2,-1.0,RS41-SG,403.500,9.7,375,11,2.7,-1,-1
2023-09-10T00:41:13.000Z,T4231001,7626,46.92193,7.06959,29076.1,5.0,3.3,182.3,-45.6,0.2,-1.0,RS41-SG,403.500,9.6,375,11,2.7,-1,-1
2023-09-10T00:41:14.000Z,T4231001,7627,46.92190,7.06959,29081.6,5.8,3.7,185.0,-45.6,0.2,-1.0,RS41-SG,403.500,9.9,375,11,2.6,-1,-1
2023-09-10T00:41:15.000Z,T4231001,7628,46.92186,7.06958,29087.5,6.0,5.0,185.7,-45.6,0.2,-1.0,RS41-SG,403.500,9.9,375,11,2.6,-1,-1
2023-09-10T00:41:16.000Z,T4231001,7629,46.92181,7.06957,29093.1,4.6,6.0,184.8,-45.7,0.3,-1.0,RS41-SG,403.500,9.8,375,11,2.6,-1,-1
2023-09-10T00:41:17.000Z,T4231001,7630,46.92176,7.06957,29097.7,4.6,6.7,183.6,-45.7,0.1,-1.0,RS41-SG,403.500,9.5,375,11,2.7,-1,-1
2023-09-10T00:41:18.000Z,T4231001,7631,46.92170,7.06957,29102.8,5.6,6.3,179.4,-45.8,0.2,-1.0,RS41-SG,403.500,9.3,375,11,2.7,-1,-1
2023-09-10T00:41:19.000Z,T4231001,7632,46.92165,7.06957,29108.9,6.3,5.4,170.4,-45.8,0.1,-1.0,RS41-SG,403.500,9.0,375,11,2.7,-1,-1
2023-09-10T00:41:20.000Z,T4231001,7633,46.92160,7.06959,29114.8,5.3,4.9,165.2,-45.8,0.2,-1.0,RS41-SG,403.500,9.6,375,11,2.6,-1,-1
2023-09-10T00:41:21.000Z,T4231001,7634,46.92156,7.06960,29120.0,4.9,4.2,162.8,-45.9,0.1,-1.0,RS41-SG,403.500,9.6,375,11,2.6,-1,-1
2023-09-10T00:41:22.000Z,T4231001,7635,46.92152,7.06961,29125.2,5.5,4.3,172.0,-45.9,0.2,-1.0,RS41-SG,403.500,9.8,375,11,2.6,-1,-1
2023-09-10T00:41:23.000Z,T4231001,7636,46.92148,7.06961,29131.2,6.4,4.8,184.7,-45.9,0.1,-1.0,RS41-SG,403.500,9.8,375,11,2.7,-1,-1
2023-09-10T00:41:25.000Z,T4231001,7638,46.92139,7.06958,29141.8,5.1,6.1,196.2,-46.0,0.2,-1.0,RS41-SG,403.500,10.2,375,11,2.7,-1,-1
2023-09-10T00:41:26.000Z,T4231001,7639,46.92134,7.06956,29147.6,5.9,5.7,195.7,-46.0,0.1,-1.0,RS41-SG,403.500,10.2,375,11,2.6,-1,-1
2023-09-10T00:41:27.000Z,T4231001,7640,46.92129,7.06955,29153.8,6.1,4.8,190.3,-46.0,0.1,-1.0,RS41-SG,403.500,9.4,375,11,2.6,-1,-1
2023-09-10T00:41:28.000Z,T4231001,7641,46.92125,7.06954,29159.5,5.1,4.1,182.4,-46.0,0.3,-1.0,RS41-SG,403.500,9.7,375,11,2.6,-1,-1
2023-09-10T00:41:29.000Z,T4231001,7642,46.92121,7.06954,29164.5,5.1,3.9,176.9,-46.1,0.1,-1.0,RS41-SG,403.500,9.7,375,11,2.7,-1,-1
2023-09-10T00:41:30.000Z,T4231001,7643,46.92118,7.06954,29170.0,5.5,4.4,177.9,-46.1,0.2,-1.0,RS41-SG,403.500,9.7,375,11,2.7,-1,-1
2023-09-10T00:41:31.000Z,T4231001,7644,46.92113,7.06954,29175.6,5.7,5.3,186.5,-46.1,0.1,-1.0,RS41-SG,403.500,9.7,375,11,2.7,-1,-1
2023-09-10T00:41:32.000Z,T4231001,7645,46.92108,7.06952,29181.3,5.8,5.9,192.5,-46.2,0.1,-1.0,RS41-SG,403.500,9.2,375,11,2.6,-1,-1
2023-09-10T00:41:33.000Z,T4231001,7646,46.92103,7.06950,29186.7,4.7,6.2,195.9,-46.2,0.2,-1.0,RS41-SG,403.500,9.2,375,11,2.6,-1,-1
2023-09-10T00:41:34.000Z,T4231001,7647,46.92098,7.06948,29191.5,4.3,5.9,199.0,-46.2,0.2,-1.0,RS41-SG,403.500,8.7,375,11,2.6,-1,-1
2023-09-10T00:41:35.000Z,T4231001,7648,46.92093,7.06946,29196.2,5.2,4.7,200.1,-46.3,0.1,-1.0,RS41-SG,403.500,10.1,375,11,2.7,-1,-1
2023-09-10T00:41:36.000Z,T4231001,7649,46.92090,7.06944,29201.9,6.2,3.1,201.1,-46.3,0.2,-1.0,RS41-SG,403.500,10.1,375,11,2.7,-1,-1
2023-09-10T00:41:37.000Z,T4231001,7650,46.92088,7.06943,29207.8,4.9,1.9,198.0,-46.3,0.2,-1.0,RS41-SG,403.500,10.0,375,11,2.7,-1,-1
2023-09-10T00:41:39.000Z,T4231001,7652,46.92086,7.06941,29218.2,5.6,1.3,212.0,-46.4,0.2,-1.0,RS41-SG,403.500,9.8,375,11,2.6,-1,-1
2023-09-10T00:41:40.000Z,T4231001,7653,46.92084,7.06940,29224.1,6.5,3.1,212.5,-46.4,0.3,-1.0,RS41-SG,403.500,10.0,375,11,2.6,-1,-1
2023-09-10T00:41:42.000Z,T4231001,7655,46.92077,7.06933,29235.4,4.5,6.4,209.7,-46.5,0.1,-1.0,RS41-SG,403.500,9.8,375,11,2.7,-1,-1
2023-09-10T00:41:43.000Z,T4231001,7656,46.92071,7.06929,29240.6,5.6,7.0,207.6,-46.6,0.2,-1.0,RS41-SG,403.500,9.9,375,10,2.7,-1,-1
2023-09-10T00:41:44.000Z,T4231001,7657,46.92066,7.06925,29246.6,6.5,6.7,203.0,-46.6,0.2,-1.0,RS41-SG,403.500,9.9,375,11,2.6,-1,-1
2023-09-10T00:41:45.000Z,T4231001,7658,46.92061,7.06922,29252.8,5.6,5.8,198.0,-46.6,0.1,-1.0,RS41-SG,403.500,9.8,375,11,2.6,-1,-1
2023-09-10T00:41:47.000Z,T4231001,7660,46.92052,7.06919,29263.0,5.4,4.6,190.4,-46.6,0.1,-1.0,RS41-SG,403.500,10.0,375,11,2.7,-1,-1
2023-09-10T00:41:48.000Z,T4231001,7661,46.92048,7.06918,29268.8,6.2,4.5,189.4,-46.6,0.2,-1.0,RS41-SG,403.500,10.0,375,11,2.7,-1,-1
2023-09-10T00:41:50.000Z,T4231001,7663,46.92040,7.06915,29279.8,4.8,4.2,200.5,-46.6,0.2,-1.0,RS41-SG,403.500,9.6,375,11,2.6,-1,-1
2023-09-10T00:41:51.000Z,T4231001,7664,46.92037,7.06913,29285.4,5.8,3.3,208.5,-46.5,0.1,-1.0,RS41-SG,403.500,9.6,375,11,2.6,-1,-1
2023-09-10T00:41:53.000Z,T4231001,7666,46.92034,7.06909,29297.1,4.8,1.6,235.3,-46.5,0.2,-1.0,RS41-SG,403.500,9.9,375,11,2.7,-1,-1
2023-09-10T00:41:54.000Z,T4231001,7667,46.92033,7.06907,29302.0,4.8,1.7,246.7,-46.5,0.2,-1.0,RS41-SG,403.500,9.9,375,11,2.7,-1,-1
2023-09-10T00:41:55.000Z,T4231001,7668,46.92032,7.06905,29307.3,5.5,2.3,226.7,-46.5,0.2,-1.0,RS41-SG,403.500,9.8,375,11,2.7,-1,-1
2023-09-10T00:41:56.000Z,T4231001,7669,46.92030,7.06902,29313.2,6.0,3.9,214.0,-46.5,0.2,-1.0,RS41-SG,403.500,9.7,375,11,2.6,-1,-1
2023-09-10T00:41:57.000Z,T4231001,7670,46.92026,7.06899,29318.7,5.1,5.4,205.9,-46.5,0.2,-1.0,RS41-SG,403.500,9.7,375,11,2.6,-1,-1
2023-09-10T00:42:00.000Z,T4231001,7673,46.92009,7.06894,29333.7,5.7,6.4,177.3,-46.6,0.2,-1.0,RS41-SG,403.500,9.2,375,11,2.7,-1,-1
2023-09-10T00:42:06.000Z,T4231001,7679,46.91997,7.06908,29367.3,5.9,0.8,264.7,-46.7,0.2,-1.0,RS41-SG,403.500,9.1,375,11,2.7,-1,-1
2023-09-10T00:42:08.000Z,T4231001,7681,46.91995,7.06903,29377.7,5.3,3.2,235.3,-46.7,0.1,-1.0,RS41-SG,403.500,10.4,375,11,2.6,-1,-1
2023-09-10T00:42:09.000Z,T4231001,7682,46.91993,7.06900,29383.3,5.8,3.2,220.9,-46.8,0.1,-1.0,RS41-SG,403.500,10.4,375,11,2.6,-1,-1
2023-09-10T00:42:10.000Z,T4231001,7683,46.91991,7.06899,29389.6,6.4,3.0,187.1,-46.8,0.4,-1.0,RS41-SG,403.500,9.3,375,11,2.6,-1,-1
2023-09-10T00:42:12.000Z,T4231001,7685,46.91985,7.06902,29401.1,5.0,5.0,145.7,-46.8,0.2,-1.0,RS41-SG,403.500,9.4,375,11,2.7,-1,-1
2023-09-10T00:42:14.000Z,T4231001,7687,46.91975,7.06912,29411.7,5.6,7.2,144.3,-46.9,0.2,-1.0,RS41-SG,403.500,10.5,375,11,2.6,-1,-1
2023-09-10T00:42:15.000Z,T4231001,7688,46.91970,7.06917,29417.7,6.2,7.6,149.5,-46.9,0.1,-1.0,RS41-SG,403.500,10.5,375,11,2.6,-1,-1
2023-09-10T00:42:22.000Z,T4231001,7695,46.91958,7.06941,29455.8,5.9,3.5,48.8,-47.2,0.2,-1.0,RS41-SG,403.500,10.0,375,11,2.6,-1,-1
2023-09-10T00:42:23.000Z,T4231001,7696,46.91959,7.06944,29462.2,6.8,2.5,75.8,-47.2,0.2,-1.0,RS41-SG,403.500,9.7,375,11,2.7,-1,-1
2023-09-10T00:42:24.000Z,T4231001,7697,46.91959,7.06947,29467.9,4.9,2.6,115.8,-47.2,0.2,-1.0,RS41-SG,403.500,10.6,375,11,2.7,-1,-1
2023-09-10T00:42:25.000Z,T4231001,7698,46.91957,7.06951,29473.0,4.8,3.9,139.6,-47.3,0.2,-1.0,RS41-SG,403.500,10.6,375,11,2.7,-1,-1
2023-09-10T00:42:26.000Z,T4231001,7699,46.91954,7.06954,29478.1,5.4,5.2,146.2,-47.3,0.2,-1.0,RS41-SG,403.500,10.3,375,11,2.6,-1,-1
2023-09-10T00:42:27.000Z,T4231001,7700,46.91950,7.06958,29484.2,6.3,6.0,143.9,-47.3,0.2,-1.0,RS41-SG,403.500,10.0,375,11,2.6,-1,-1
2023-09-10T00:42:30.000Z,T4231001,7703,46.91938,7.06972,29500.8,5.8,4.6,142.0,-47.4,0.2,-1.0,RS41-SG,403.500,9.3,375,11,2.7,-1,-1
2023-09-10T00:42:31.000Z,T4231001,7704,46.91935,7.06975,29507.0,6.4,3.6,154.7,-47.4,0.2,-1.0,RS41-SG,403.500,9.0,375,10,2.7,-1,-1
2023-09-10T00:42:32.000Z,T4231001,7705,46.91932,7.06976,29512.8,5.1,2.8,173.9,-47.4,0.2,-1.0,RS41-SG,403.500,9.0,375,11,2.6,-1,-1
2023-09-10T00:42:36.000Z,T4231001,7709,46.91933,7.06974,29535.5,5.4,3.1,8.8,-47.5,0.2,-1.0,RS41-SG,403.500,9.5,375,11,2.7,-1,-1
2023-09-10T00:42:37.000Z,T4231001,7710,46.91935,7.06975,29540.4,4.5,3.5,16.8,-47.5,0.2,-1.0,RS41-SG,403.500,9.5,375,11,2.7,-1,-1
2023-09-10T00:42:42.000Z,T4231001,7715,46.91935,7.06977,29568.3,5.1,3.8,187.3,-47.5,0.2,-1.0,RS41-SG,403.500,9.0,375,10,2.7,-1,-1
2023-09-10T00:42:43.000Z,T4231001,7716,46.91931,7.06977,29574.0,6.0,3.8,181.2,-47.5,0.2,-1.0,RS41-SG,403.500,8.9,375,11,2.7,-1,-1
2023-09-10T00:42:45.000Z,T4231001,7718,46.91926,7.06979,29586.6,5.1,2.3,144.4,-47.5,0.1,-1.0,RS41-SG,403.500,9.0,375,11,2.6,-1,-1
2023-09-10T00:42:46.000Z,T4231001,7719,46.91925,7.06981,29591.6,4.5,1.7,116.9,-47.5,0.3,-1.0,RS41-SG,403.500,9.2,375,11,2.6,-1,-1
2023-09-10T00:42:50.000Z,T4231001,7723,46.91925,7.06980,29613.2,5.0,1.9,286.0,-47.6,0.2,-1.0,RS41-SG,403.500,9.7,375,11,2.6,-1,-1
2023-09-10T00:42:51.000Z,T4231001,7724,46.91926,7.06977,29618.4,5.0,1.6,287.1,-47.7,0.2,-1.0,RS41-SG,403.500,8.7,375,11,2.6,-1,-1
2023-09-10T00:42:52.000Z,T4231001,7725,46.91927,7.06976,29623.8,5.7,1.0,339.0,-47.7,0.3,-1.0,RS41-SG,403.500,8.7,375,11,2.6,-1,-1
2023-09-10T00:42:53.000Z,T4231001,7726,46.91928,7.06977,29629.9,6.4,2.1,47.7,-47.7,0.2,-1.0,RS41-SG,403.500,8.6,375,11,2.7,-1,-1
2023-09-10T00:42:55.000Z,T4231001,7728,46.91931,7.06985,29641.2,5.2,5.0,69.5,-47.8,0.2,-1.0,RS41-SG,403.500,9.2,375,11,2.7,-1,-1
2023-09-10T00:42:57.000Z,T4231001,7730,46.91932,7.06999,29652.8,6.1,5.8,95.5,-47.8,0.2,-1.0,RS41-SG,403.500,9.0,375,11,2.6,-1,-1
2023-09-10T00:43:01.000Z,T4231001,7734,46.91924,7.07025,29672.7,6.0,4.7,117.0,-47.7,0.2,-1.0,RS41-SG,403.500,8.6,375,11,2.7,-1,-1
2023-09-10T00:43:03.000Z,T4231001,7736,46.91922,7.07036,29684.3,5.0,4.0,88.7,-47.6,0.1,-1.0,RS41-SG,403.500,9.0,375,11,2.6,-1,-1
2023-09-10T00:43:05.000Z,T4231001,7738,46.91923,7.07045,29694.7,5.8,3.1,69.5,-47.7,0.2,-1.0,RS41-SG,403.500,9.2,375,11,2.7,-1,-1
2023-09-10T00:43:06.000Z,T4231001,7739,46.91924,7.07048,29700.8,6.4,2.5,71.4,-47.7,0.2,-1.0,RS41-SG,403.500,9.3,375,11,2.7,-1,-1
2023-09-10T00:43:07.000Z,T4231001,7740,46.91924,7.07051,29706.7,5.2,2.0,80.9,-47.7,0.2,-1.0,RS41-SG,403.500,9.3,375,11,2.7,-1,-1
2023-09-10T00:43:10.000Z,T4231001,7743,46.91926,7.07061,29723.7,6.7,4.2,73.6,-47.7,0.4,-1.0,RS41-SG,403.500,9.6,375,11,2.6,-1,-1
2023-09-10T00:43:12.000Z,T4231001,7745,46.91929,7.07075,29734.9,4.5,6.6,70.9,-47.7,0.2,-1.0,RS41-SG,403.500,9.0,375,11,2.7,-1,-1
2023-09-10T00:43:13.000Z,T4231001,7746,46.91931,7.07083,29739.9,5.5,6.9,77.1,-47.8,0.2,-1.0,RS41-SG,403.500,9.5,375,10,2.7,-1,-1
2023-09-10T00:43:15.000Z,T4231001,7748,46.91931,7.07100,29751.9,5.4,6.0,100.9,-47.8,0.1,-1.0,RS41-SG,403.500,9.2,375,11,2.6,-1,-1
2023-09-10T00:43:19.000Z,T4231001,7752,46.91927,7.07124,29775.1,5.9,3.9,83.8,-48.0,0.2,-1.0,RS41-SG,403.500,9.2,375,11,2.7,-1,-1
2023-09-10T00:43:20.000Z,T4231001,7753,46.91927,7.07129,29780.5,4.6,4.1,69.9,-48.0,0.2,-1.0,RS41-SG,403.500,9.4,375,11,2.6,-1,-1
2023-09-10T00:43:21.000Z,T4231001,7754,46.91929,7.07133,29785.1,4.2,4.1,61.1,-48.0,0.2,-1.0,RS41-SG,403.500,9.4,375,11,2.6,-1,-1
2023-09-10T00:43:23.000Z,T4231001,7756,46.91932,7.07142,29796.4,6.8,2.9,72.0,-48.1,0.2,-1.0,RS41-SG,403.500,9.7,375,11,2.7,-1,-1
2023-09-10T00:43:25.000Z,T4231001,7758,46.91932,7.07148,29807.6,5.1,2.2,108.9,-48.2,0.2,-1.0,RS41-SG,403.500,9.3,375,11,2.7,-1,-1
2023-09-10T00:43:28.000Z,T4231001,7761,46.91930,7.07158,29825.2,5.0,3.1,92.7,-48.1,0.3,-1.0,RS41-SG,403.500,8.7,375,11,2.6,-1,-1
2023-09-10T00:43:30.000Z,T4231001,7763,46.91931,7.07165,29835.5,5.8,1.8,66.4,-48.0,0.2,-1.0,RS41-SG,403.500,8.2,375,11,2.6,-1,-1
2023-09-10T00:43:32.000Z,T4231001,7765,46.91931,7.07165,29847.6,5.7,1.2,269.0,-47.9,0.2,-1.0,RS41-SG,403.500,8.5,375,11,2.6,-1,-1
2023-09-10T00:43:33.000Z,T4231001,7766,46.91931,7.07163,29852.9,4.7,2.1,270.0,-47.9,0.2,-1.0,RS41-SG,403.500,10.0,375,11,2.6,-1,-1
2023-09-10T00:43:35.000Z,T4231001,7768,46.91933,7.07158,29863.0,6.0,2.5,310.6,-47.8,0.1,-1.0,RS41-SG,403.500,8.5,375,11,2.7,-1,-1
2023-09-10T00:43:37.000Z,T4231001,7770,46.91937,7.07155,29875.3,5.4,3.3,1.2,-47.8,0.2,-1.0,RS41-SG,403.500,9.8,375,11,2.7,-1,-1
2023-09-10T00:43:39.000Z,T4231001,7772,46.91943,7.07158,29886.1,5.6,3.0,40.6,-47.8,0.2,-1.0,RS41-SG,403.500,10.4,375,11,2.6,-1,-1
2023-09-10T00:43:40.000Z,T4231001,7773,46.91944,7.07161,29892.3,6.4,2.1,73.5,-47.8,0.3,-1.0,RS41-SG,403.500,8.9,375,11,2.6,-1,-1
2023-09-10T00:43:42.000Z,T4231001,7775,46.91942,7.07164,29904.4,5.6,2.8,171.1,-47.7,0.2,-1.0,RS41-SG,403.500,8.3,375,11,2.7,-1,-1
2023-09-10T00:43:49.000Z,T4231001,7782,46.91951,7.07151,29943.2,5.4,8.4,334.9,-47.9,0.2,-1.0,RS41-SG,403.500,9.7,375,11,2.7,-1,-1
2023-09-10T00:43:50.000Z,T4231001,7783,46.91957,7.07146,29949.0,6.1,8.8,328.7,-47.9,0.2,-1.0,RS41-SG,403.500,9.7,375,11,2.6,-1,-1
2023-09-10T00:43:52.000Z,T4231001,7785,46.91969,7.07133,29960.4,5.5,7.4,320.1,-47.9,0.3,-1.0,RS41-SG,403.500,9.4,375,11,2.6,-1,-1
2023-09-10T00:43:53.000Z,T4231001,7786,46.91974,7.07128,29966.3,6.2,5.8,321.6,-47.9,0.2,-1.0,RS41-SG,403.500,9.4,375,11,2.7,-1,-1
2023-09-10T00:43:54.000Z,T4231001,7787,46.91977,7.07124,29972.6,6.7,3.7,332.9,-47.9,0.2,-1.0,RS41-SG,403.500,9.3,375,11,2.7,-1,-1
2023-09-10T00:43:56.000Z,T4231001,7789,46.91982,7.07124,29983.9,4.7,2.5,24.7,-48.0,0.2,-1.0,RS41-SG,403.500,8.9,375,11,2.6,-1,-1
2023-09-10T00:43:57.000Z,T4231001,7790,46.91984,7.07125,29988.8,5.1,2.2,36.0,-48.0,0.1,-1.0,RS41-SG,403.500,9.1,375,11,2.6,-1,-1
2023-09-10T00:44:05.000Z,T4231001,7798,46.92015,7.07102,30035.0,6.0,10.1,346.9,-47.6,0.1,-1.0,RS41-SG,403.500,9.4,375,11,2.7,-1,-1
2023-09-10T00:44:06.000Z,T4231001,7799,46.92024,7.07099,30041.0,5.9,9.4,352.6,-47.5,0.2,-1.0,RS41-SG,403.500,9.4,375,11,2.7,-1,-1
2023-09-10T00:44:07.000Z,T4231001,7800,46.92031,7.07098,30047.0,6.2,7.5,355.3,-47.4,0.2,-1.0,RS41-SG,403.500,9.8,375,11,2.7,-1,-1
2023-09-10T00:44:08.000Z,T4231001,7801,46.92037,7.07097,30053.6,6.9,4.9,353.1,-47.3,0.2,-1.0,RS41-SG,403.500,9.8,375,11,2.6,-1,-1
2023-09-10T00:44:09.000Z,T4231001,7802,46.92040,7.07096,30059.9,5.5,3.0,337.1,-47.3,0.1,-1.0,RS41-SG,403.500,8.8,375,11,2.6,-1,-1
2023-09-10T00:44:10.000Z,T4231001,7803,46.92042,7.07094,30065.0,4.5,2.1,299.6,-47.2,0.3,-1.0,RS41-SG,403.500,8.5,375,11,2.6,-1,-1
2023-09-10T00:44:13.000Z,T4231001,7806,46.92045,7.07083,30082.3,6.8,4.3,307.6,-47.1,0.2,-1.0,RS41-SG,403.500,8.1,375,11,2.7,-1,-1
2023-09-10T00:44:16.001Z,T4231001,7809,46.92061,7.07067,30099.0,5.2,10.4,330.4,-46.9,0.2,-1.0,RS41-SG,403.500,8.7,375,11,2.6,-1,-1
2023-09-10T00:44:19.001Z,T4231001,7812,46.92087,7.07045,30115.7,5.9,10.3,328.9,-46.7,0.2,-1.0,RS41-SG,403.500,9.2,375,10,2.7,-1,-1
2023-09-10T00:44:21.001Z,T4231001,7814,46.92100,7.07036,30127.4,5.3,5.6,344.4,-46.6,0.1,-1.0,RS41-SG,403.500,9.4,375,11,2.6,-1,-1
2023-09-10T00:44:22.001Z,T4231001,7815,46.92104,7.07035,30132.6,5.1,4.2,8.9,-46.6,0.3,-1.0,RS41-SG,403.500,9.3,375,11,2.6,-1,-1
2023-09-10T00:44:23.001Z,T4231001,7816,46.92108,7.07037,30137.6,5.1,4.4,31.0,-46.6,0.1,-1.0,RS41-SG,403.500,9.3,375,11,2.7,-1,-1
2023-09-10T00:44:24.001Z,T4231001,7817,46.92111,7.07040,30142.7,5.1,4.8,35.1,-46.6,0.2,-1.0,RS41-SG,403.500,9.2,375,11,2.7,-1,-1
2023-09-10T00:44:27.001Z,T4231001,7820,46.92124,7.07044,30159.4,5.6,5.9,341.5,-46.7,0.1,-1.0,RS41-SG,403.500,8.7,375,11,2.6,-1,-1
2023-09-10T00:44:28.001Z,T4231001,7821,46.92129,7.07041,30164.6,4.9,6.7,327.3,-46.7,0.3,-1.0,RS41-SG,403.500,8.7,375,11,2.6,-1,-1
2023-09-10T00:44:29.001Z,T4231001,7822,46.92134,7.07035,30169.3,4.8,7.2,318.2,-46.7,0.1,-1.0,RS41-SG,403.500,9.6,375,11,2.6,-1,-1
2023-09-10T00:44:30.001Z,T4231001,7823,46.92139,7.07029,30174.5,5.6,6.8,316.2,-46.7,0.2,-1.0,RS41-SG,403.500,10.1,375,11,2.7,-1,-1
2023-09-10T00:44:31.001Z,T4231001,7824,46.92143,7.07024,30180.6,6.7,5.4,324.0,-46.6,0.2,-1.0,RS41-SG,403.500,10.1,375,11,2.7,-1,-1
2023-09-10T00:44:32.001Z,T4231001,7825,46.92147,7.07021,30187.4,6.8,4.0,348.7,-46.5,0.1,-1.0,RS41-SG,403.500,9.9,375,11,2.6,-1,-1
2023-09-10T00:44:33.001Z,T4231001,7826,46.92150,7.07022,30193.4,5.3,4.0,21.0,-46.4,0.2,-1.0,RS41-SG,403.500,9.2,375,11,2.6,-1,-1
2023-09-10T00:44:34.001Z,T4231001,7827,46.92153,7.07025,30198.1,4.2,4.7,40.5,-46.4,0.3,-1.0,RS41-SG,403.500,9.2,375,11,2.6,-1,-1
2023-09-10T00:44:36.001Z,T4231001,7829,46.92160,7.07034,30208.1,6.1,5.6,41.9,-46.3,0.1,-1.0,RS41-SG,403.500,9.6,375,11,2.7,-1,-1
2023-09-10T00:44:40.001Z,T4231001,7833,46.92178,7.07040,30231.2,4.8,6.0,351.0,-46.3,0.2,-1.0,RS41-SG,403.500,9.1,375,11,2.6,-1,-1
2023-09-10T00:44:41.001Z,T4231001,7834,46.92183,7.07039,30236.8,6.2,7.0,354.8,-46.4,0.1,-1.0,RS41-SG,403.500,9.4,375,11,2.7,-1,-1
2023-09-10T00:44:42.001Z,T4231001,7835,46.92190,7.07039,30243.0,6.7,7.6,1.9,-46.4,0.1,-1.0,RS41-SG,403.500,9.4,375,11,2.7,-1,-1
2023-09-10T00:44:44.001Z,T4231001,7837,46.92204,7.07041,30254.6,5.3,8.1,11.2,-46.4,0.1,-1.0,RS41-SG,403.500,8.7,375,11,2.6,-1,-1
2023-09-10T00:44:46.001Z,T4231001,7839,46.92218,7.07045,30266.6,6.7,7.3,5.0,-46.4,0.3,-1.0,RS41-SG,403.500,9.2,375,11,2.6,-1,-1
2023-09-10T00:44:47.001Z,T4231001,7840,46.92224,7.07045,30272.8,5.5,6.8,358.9,-46.4,0.1,-1.0,RS41-SG,403.500,10.4,375,11,2.7,-1,-1
2023-09-10T00:44:49.001Z,T4231001,7842,46.92236,7.07044,30284.0,6.3,6.5,0.3,-46.5,0.1,-1.0,RS41-SG,403.500,9.4,375,11,2.7,-1,-1
2023-09-10T00:44:50.001Z,T4231001,7843,46.92242,7.07045,30290.5,6.6,6.8,10.5,-46.5,0.1,-1.0,RS41-SG,403.500,9.2,375,11,2.6,-1,-1
2023-09-10T00:44:51.001Z,T4231001,7844,46.92248,7.07048,30296.7,5.8,7.6,19.6,-46.5,0.1,-1.0,RS41-SG,403.500,9.2,375,11,2.6,-1,-1
2023-09-10T00:44:52.001Z,T4231001,7845,46.92255,7.07052,30302.2,4.8,8.4,24.4,-46.5,0.4,-1.0,RS41-SG,403.500,10.6,375,11,2.6,-1,-1
2023-09-10T00:44:53.001Z,T4231001,7846,46.92262,7.07056,30307.2,5.1,8.6,25.4,-46.5,0.1,-1.0,RS41-SG,403.500,10.6,375,11,2.6,-1,-1
2023-09-10T00:44:54.001Z,T4231001,7847,46.92269,7.07061,30312.9,6.5,8.7,22.9,-46.5,0.1,-1.0,RS41-SG,403.500,9.4,375,11,2.7,-1,-1
2023-09-10T00:44:56.001Z,T4231001,7849,46.92282,7.07068,30325.4,5.3,7.5,17.4,-46.5,0.1,-1.0,RS41-SG,403.500,9.3,375,11,2.6,-1,-1
2023-09-10T00:44:58.001Z,T4231001,7851,46.92294,7.07075,30336.9,6.1,6.7,31.9,-46.5,0.2,-1.0,RS41-SG,403.500,9.1,375,11,2.6,-1,-1
2023-09-10T00:44:59.001Z,T4231001,7852,46.92299,7.07081,30343.3,6.4,7.2,43.6,-46.5,0.1,-1.0,RS41-SG,403.500,9.1,375,11,2.7,-1,-1
2023-09-10T00:45:00.001Z,T4231001,7853,46.92303,7.07088,30349.6,6.1,8.1,52.4,-46.5,0.1,-1.0,RS41-SG,403.500,8.7,375,11,2.7,-1,-1
2023-09-10T00:45:01.001Z,T4231001,7854,46.92308,7.07097,30355.2,5.0,8.6,54.5,-46.5,0.1,-1.0,RS41-SG,403.500,8.7,375,11,2.7,-1,-1
2023-09-10T00:45:06.001Z,T4231001,7859,46.92339,7.07129,30383.8,5.1,9.7,13.7,-46.3,0.2,-1.0,RS41-SG,403.500,9.1,375,11,2.7,-1,-1
2023-09-10T00:45:07.001Z,T4231001,7860,46.92348,7.07133,30389.2,5.8,10.3,15.8,-46.3,0.1,-1.0,RS41-SG,403.500,8.7,375,11,2.7,-1,-1
2023-09-10T00:45:08.001Z,T4231001,7861,46.92356,7.07137,30395.4,6.4,10.7,23.3,-46.3,0.1,-1.0,RS41-SG,403.500,8.8,375,11,2.6,-1,-1
2023-09-10T00:45:11.001Z,T4231001,7864,46.92381,7.07165,30412.9,4.8,12.3,50.3,-46.3,0.1,-1.0,RS41-SG,403.500,9.0,375,11,2.7,-1,-1
2023-09-10T00:45:12.001Z,T4231001,7865,46.92387,7.07178,30418.0,5.7,12.0,55.4,-46.2,0.1,-1.0,RS41-SG,403.500,8.9,375,11,2.7,-1,-1
2023-09-10T00:45:13.001Z,T4231001,7866,46.92393,7.07190,30424.3,7.0,10.7,55.8,-46.2,0.1,-1.0,RS41-SG,403.500,8.7,375,11,2.7,-1,-1
2023-09-10T00:45:15.001Z,T4231001,7868,46.92403,7.07209,30436.4,4.8,8.0,48.3,-46.0,0.1,-1.0,RS41-SG,403.500,8.9,375,11,2.6,-1,-1
2023-09-10T00:45:17.001Z,T4231001,7870,46.92412,7.07223,30446.9,6.0,6.8,42.2,-45.9,0.1,-1.0,RS41-SG,403.500,8.2,375,11,2.7,-1,-1
2023-09-10T00:45:18.001Z,T4231001,7871,46.92417,7.07229,30453.2,6.8,6.9,44.4,-45.8,0.1,-1.0,RS41-SG,403.500,8.5,375,11,2.7,-1,-1
2023-09-10T00:45:19.001Z,T4231001,7872,46.92421,7.07235,30459.2,5.4,7.3,45.5,-45.8,0.1,-1.0,RS41-SG,403.500,8.5,375,11,2.7,-1,-1
2023-09-10T00:45:22.001Z,T4231001,7875,46.92438,7.07255,30477.3,6.6,8.5,31.5,-45.7,0.3,-1.0,RS41-SG,403.500,8.5,375,11,2.6,-1,-1
2023-09-10T00:45:23.001Z,T4231001,7876,46.92444,7.07261,30483.2,5.5,8.9,28.0,-45.7,0.1,-1.0,RS41-SG,403.500,8.1,375,11,2.6,-1,-1
2023-09-10T00:45:27.001Z,T4231001,7880,46.92469,7.07292,30507.5,5.5,9.6,60.1,-45.9,0.1,-1.0,RS41-SG,403.500,8.6,375,11,2.6,-1,-1
2023-09-10T00:45:29.001Z,T4231001,7882,46.92476,7.07314,30518.0,5.9,8.6,71.0,-45.9,0.1,-1.0,RS41-SG,403.500,8.1,375,11,2.7,-1,-1
2023-09-10T00:45:31.001Z,T4231001,7884,46.92481,7.07331,30530.2,6.0,5.8,57.8,-46.0,0.1,-1.0,RS41-SG,403.500,8.0,375,10,2.7,-1,-1
2023-09-10T00:45:35.001Z,T4231001,7888,46.92498,7.07352,30554.0,6.4,8.0,39.8,-46.0,0.2,-1.0,RS41-SG,403.500,9.2,375,11,2.7,-1,-1
2023-09-10T00:45:36.001Z,T4231001,7889,46.92504,7.07359,30559.5,4.8,8.9,43.6,-46.0,0.1,-1.0,RS41-SG,403.500,9.2,375,11,2.7,-1,-1
2023-09-10T00:45:39.001Z,T4231001,7892,46.92521,7.07386,30576.6,6.7,8.9,45.8,-46.0,0.1,-1.0,RS41-SG,403.500,7.7,375,11,2.6,-1,-1
2023-09-10T00:45:40.001Z,T4231001,7893,46.92527,7.07394,30582.7,5.4,8.1,44.7,-46.0,0.3,-1.0,RS41-SG,403.500,8.2,375,11,2.6,-1,-1
2023-09-10T00:45:41.001Z,T4231001,7894,46.92531,7.07401,30588.1,5.5,7.4,46.1,-46.0,0.1,-1.0,RS41-SG,403.500,8.6,375,10,2.7,-1,-1
2023-09-10T00:45:53.001Z,T4231001,7906,46.92600,7.07478,30659.4,5.6,8.2,41.9,-46.1,0.1,-1.0,RS41-SG,403.500,8.4,375,11,2.7,-1,-1
2023-09-10T00:46:16.001Z,T4231001,7929,46.92751,7.07564,30792.9,5.8,11.1,7.9,-45.9,0.3,-1.0,RS41-SG,403.500,8.0,375,11,2.6,-1,-1
2023-09-10T00:46:17.001Z,T4231001,7930,46.92761,7.07566,30799.0,6.5,11.9,10.4,-45.9,0.1,-1.0,RS41-SG,403.500,8.0,375,11,2.7,-1,-1
2023-09-10T00:46:18.001Z,T4231001,7931,46.92772,7.07569,30805.0,5.6,12.3,12.0,-45.9,0.1,-1.0,RS41-SG,403.500,7.5,375,11,2.7,-1,-1
2023-09-10T00:46:19.001Z,T4231001,7932,46.92783,7.07573,30810.6,5.4,12.3,12.2,-45.9,0.1,-1.0,RS41-SG,403.500,7.7,375,11,2.7,-1,-1
2023-09-10T00:46:23.001Z,T4231001,7936,46.92819,7.07577,30835.2,5.3,7.9,357.7,-45.6,0.1,-1.0,RS41-SG,403.500,8.6,375,10,2.7,-1,-1
2023-09-10T00:46:34.001Z,T4231001,7947,46.92895,7.07614,30896.3,5.5,13.7,354.8,-45.2,0.2,-1.0,RS41-SG,403.500,8.2,375,11,2.6,-1,-1
2023-09-10T00:46:36.001Z,T4231001,7949,46.92918,7.07614,30909.5,6.9,12.2,7.3,-45.2,0.1,-1.0,RS41-SG,403.500,8.2,375,11,2.7,-1,-1
2023-09-10T00:46:37.001Z,T4231001,7950,46.92929,7.07617,30915.4,5.0,11.5,16.2,-45.2,0.1,-1.0,RS41-SG,403.500,7.8,375,11,2.7,-1,-1
2023-09-10T00:46:52.001Z,T4231001,7965,46.93068,7.07683,31004.5,6.5,8.6,24.5,-45.5,0.2,-1.0,RS41-SG,403.500,8.1,375,11,2.6,-1,-1
2023-09-10T00:46:53.001Z,T4231001,7966,46.93075,7.07689,31010.6,5.9,8.5,39.2,-45.5,0.1,-1.0,RS41-SG,403.500,9.2,375,11,2.7,-1,-1
2023-09-10T00:46:54.001Z,T4231001,7967,46.93080,7.07697,31015.9,5.0,8.9,50.7,-45.5,0.1,-1.0,RS41-SG,403.500,9.2,375,10,2.7,-1,-1
2023-09-10T00:46:57.001Z,T4231001,7970,46.93093,7.07726,31032.1,6.2,7.5,55.9,-45.5,0.1,-1.0,RS41-SG,403.500,8.2,375,11,2.6,-1,-1
2023-09-10T00:47:04.001Z,T4231001,7977,46.93140,7.07754,31072.8,6.0,12.2,28.9,-45.5,0.3,-1.0,RS41-SG,403.500,8.0,375,11,2.6,-1,-1
2023-09-10T00:47:09.001Z,T4231001,7982,46.93168,7.07802,31102.7,5.4,5.4,82.8,-45.5,0.3,-1.0,RS41-SG,403.500,8.6,375,10,2.6,-1,-1
2023-09-10T00:47:15.001Z,T4231001,7988,46.93178,7.07830,31137.1,4.4,8.3,37.7,-45.5,0.0,-1.0,RS41-SG,403.500,7.8,375,11,2.6,-1,-1
2023-09-10T00:47:18.001Z,T4231001,7991,46.93199,7.07854,31153.2,6.5,10.1,39.3,-45.5,0.1,-1.0,RS41-SG,403.500,8.7,375,12,2.7,-1,-1
2023-09-10T00:47:20.001Z,T4231001,7993,46.93211,7.07871,31165.2,5.3,8.5,54.7,-45.5,0.1,-1.0,RS41-SG,403.500,8.0,375,12,2.6,-1,-1
2023-09-10T00:47:31.001Z,T4231001,8004,46.93248,7.07955,31229.5,6.3,10.7,20.9,-45.5,0.1,-1.0,RS41-SG,403.500,7.2,375,12,2.6,-1,-1
2023-09-10T00:47:36.001Z,T4231001,8009,46.93284,7.07994,31258.3,5.4,7.7,51.2,-45.3,0.1,-1.0,RS41-SG,403.500,7.8,375,12,2.7,-1,-1
2023-09-10T00:47:52.001Z,T4231001,8025,46.93395,7.08103,31350.4,4.3,12.1,52.0,-45.5,0.1,-1.0,RS41-SG,403.500,8.0,375,12,2.7,-1,-1
2023-09-10T00:48:05.001Z,T4231001,8038,46.93508,7.08196,31424.8,5.8,14.2,15.1,-45.5,0.1,-1.0,RS41-SG,403.500,7.8,375,12,2.7,-1,-1
2023-09-10T00:52:42.001Z,T4231001,8315,46.94028,7.11737,32944.0,4.9,9.6,142.2,-273.0,-1.0,-1.0,RS41,403.500,8.6,375,12,2.7,-1,-1
2023-09-10T00:52:43.001Z,T4231001,8316,46.94020,7.11745,32949.1,4.8,11.4,144.2,-273.0,-1.0,-1.0,RS41,403.500,8.6,375,12,2.7,-1,-1
2023-09-10T00:52:44.001Z,T4231001,8317,46.94012,7.11755,32954.0,5.2,12.4,139.9,-273.0,-1.0,-1.0,RS41,403.500,8.6,375,12,2.6,-1,-1
2023-09-10T00:52:49.001Z,T4231001,8322,46.93994,7.11835,32981.2,3.8,14.7,82.7,-273.0,-1.0,-1.0,RS41,403.500,8.8,375,12,2.7,-1,-1
2023-09-10T00:52:50.001Z,T4231001,8323,46.93996,7.11853,32985.7,4.8,13.7,79.8,-273.0,-1.0,-1.0,RS41,403.500,8.8,375,12,2.6,-1,-1
2023-09-10T00:52:52.001Z,T4231001,8325,46.93997,7.11883,32997.9,6.8,9.4,96.4,-273.0,-1.0,-1.0,RS41,403.500,9.3,375,12,2.7,-1,-1
2023-09-10T00:52:53.001Z,T4231001,8326,46.93995,7.11894,33003.8,5.1,8.4,117.0,-273.0,-1.0,-1.0,RS41,403.500,9.4,375,12,2.7,-1,-1
2023-09-10T00:52:54.001Z,T4231001,8327,46.93991,7.11903,33008.4,3.7,8.7,134.9,-273.0,-1.0,-1.0,RS41,403.500,9.4,375,12,2.6,-1,-1
2023-09-10T00:52:55.001Z,T4231001,8328,46.93984,7.11910,33012.0,3.5,9.6,146.9,-273.0,-1.0,-1.0,RS41,403.500,8.9,375,10,2.6,-1,-1
2023-09-10T00:52:56.001Z,T4231001,8329,46.93977,7.11917,33016.2,4.7,10.3,149.4,-273.0,-1.0,-1.0,RS41,403.500,9.0,375,12,2.7,-1,-1
2023-09-10T00:52:58.001Z,T4231001,8331,46.93962,7.11934,33027.8,6.3,10.1,130.1,-273.0,-1.0,-1.0,RS41,403.500,8.7,375,11,2.7,-1,-1
2023-09-10T00:53:00.001Z,T4231001,8333,46.93954,7.11958,33039.2,4.0,11.3,104.8,-273.0,-1.0,-1.0,RS41,403.500,9.7,375,12,2.6,-1,-1
2023-09-10T00:53:01.001Z,T4231001,8334,46.93952,7.11974,33043.2,3.4,12.6,98.1,-273.0,-1.0,-1.0,RS41,403.500,9.7,375,12,2.6,-1,-1
2023-09-10T00:53:02.001Z,T4231001,8335,46.93950,7.11991,33047.2,4.5,13.7,97.2,-273.0,-1.0,-1.0,RS41,403.500,9.6,375,12,2.7,-1,-1
2023-09-10T00:53:05.001Z,T4231001,8338,46.93940,7.12042,33064.3,4.9,13.4,116.7,-273.0,-1.0,-1.0,RS41,403.500,9.3,375,12,2.6,-1,-1
2023-09-10T00:53:07.001Z,T4231001,8340,46.93928,7.12069,33073.9,4.6,11.2,131.3,-273.0,-1.0,-1.0,RS41,403.500,9.3,375,12,2.6,-1,-1
2023-09-10T00:53:08.001Z,T4231001,8341,46.93922,7.12079,33078.9,5.3,9.7,133.4,-273.0,-1.0,-1.0,RS41,403.500,9.3,375,12,2.7,-1,-1
2023-09-10T00:53:12.001Z,T4231001,8345,46.93905,7.12110,33100.2,4.8,6.7,120.6,-273.0,-1.0,-1.0,RS41,403.500,10.5,375,12,2.6,-1,-1
2023-09-10T00:53:13.001Z,T4231001,8346,46.93901,7.12117,33105.3,5.1,7.6,122.8,-273.0,-1.0,-1.0,RS41,403.500,10.5,375,12,2.6,-1,-1
2023-09-10T00:53:14.001Z,T4231001,8347,46.93897,7.12127,33110.6,5.5,9.2,125.8,-273.0,-1.0,-1.0,RS41-SG,403.500,9.6,375,12,2.7,-1,-1
2023-09-10T00:53:15.001Z,T4231001,8348,46.93891,7.12137,33116.1,5.4,11.3,128.9,-273.0,-1.0,-1.0,RS41-SG,403.500,9.7,375,12,2.7,-1,-1
2023-09-10T00:53:16.001Z,T4231001,8349,46.93884,7.12149,33121.5,5.2,13.2,131.8,-273.0,-1.0,-1.0,RS41-SG,403.500,9.7,375,11,2.7,-1,-1
2023-09-10T00:53:17.001Z,T4231001,8350,46.93876,7.12163,33126.9,5.4,14.9,133.2,-273.0,-1.0,-1.0,RS41-SG,403.500,9.5,375,11,2.7,-1,-1
2023-09-10T00:53:18.001Z,T4231001,8351,46.93866,7.12178,33132.5,5.4,15.6,132.5,-273.0,-1.0,-1.0,RS41-SG,403.500,9.5,375,12,2.6,-1,-1
2023-09-10T00:53:19.001Z,T4231001,8352,46.93857,7.12193,33138.2,5.7,15.2,129.3,-273.0,-1.0,-1.0,RS41-SG,403.500,9.5,375,12,2.6,-1,-1
2023-09-10T00:53:22.001Z,T4231001,8355,46.93840,7.12237,33156.4,5.7,10.5,106.0,-273.0,-1.0,-1.0,RS41-SG,403.500,8.4,375,12,2.7,-1,-1
2023-09-10T00:53:23.001Z,T4231001,8356,46.93838,7.12249,33162.0,5.3,8.5,93.9,-273.0,-1.0,-1.0,RS41-SG,403.500,8.8,375,12,2.7,-1,-1
2023-09-10T00:53:24.001Z,T4231001,8357,46.93838,7.12259,33167.2,5.0,6.4,84.7,-273.0,-1.0,-1.0,RS41-SG,403.500,9.6,375,11,2.6,-1,-1
2023-09-10T00:53:25.001Z,T4231001,8358,46.93839,7.12266,33172.5,5.2,4.4,83.4,-273.0,-1.0,-1.0,RS41-SG,403.500,9.6,375,12,2.6,-1,-1
2023-09-10T00:53:27.001Z,T4231001,8360,46.93836,7.12274,33183.3,5.9,4.5,149.5,-273.0,-1.0,-1.0,RS41-SG,403.500,9.0,375,12,2.7,-1,-1
2023-09-10T00:53:28.001Z,T4231001,8361,46.93831,7.12277,33189.3,5.7,7.9,158.2,-273.0,-1.0,-1.0,RS41-SG,403.500,9.0,375,11,2.7,-1,-1
2023-09-10T00:53:31.001Z,T4231001,8364,46.93802,7.12301,33204.0,4.3,16.4,141.6,-273.0,-1.0,-1.0,RS41-SG,403.500,9.0,375,11,2.6,-1,-1
2023-09-10T00:53:34.001Z,T4231001,8367,46.93776,7.12353,33219.3,5.6,15.5,109.9,-273.0,-1.0,-1.0,RS41-SG,403.500,9.1,375,12,2.7,-1,-1
2023-09-10T00:53:41.001Z,T4231001,8374,46.93767,7.12406,33253.9,5.3,7.9,174.0,-273.0,-1.0,-1.0,RS41-SG,403.500,9.4,375,12,2.6,-1,-1
2023-09-10T00:53:43.001Z,T4231001,8376,46.93749,7.12415,33263.9,4.5,13.3,150.9,-273.0,-1.0,-1.0,RS41-SG,403.500,9.0,375,12,2.7,-1,-1
2023-09-10T00:53:51.001Z,T4231001,8384,46.93711,7.12515,33302.8,4.9,3.1,132.7,-273.0,-1.0,-1.0,RS41-SG,403.500,9.2,375,12,2.6,-1,-1
2023-09-10T00:53:53.001Z,T4231001,8386,46.93703,7.12518,33312.4,4.8,6.9,170.3,-273.0,-1.0,-1.0,RS41-SG,403.500,10.2,375,11,2.6,-1,-1
2023-09-10T00:53:55.001Z,T4231001,8388,46.93688,7.12526,33322.7,5.4,11.1,151.1,-273.0,-1.0,-1.0,RS41-SG,403.500,8.4,375,11,2.7,-1,-1
2023-09-10T00:53:57.001Z,T4231001,8390,46.93671,7.12547,33333.2,4.9,13.7,127.5,-273.0,-1.0,-1.0,RS41-SG,403.500,8.7,375,12,2.6,-1,-1
2023-09-10T00:53:58.001Z,T4231001,8391,46.93664,7.12563,33338.1,4.7,14.2,117.2,-273.0,-1.0,-1.0,RS41-SG,403.500,8.6,375,12,2.6,-1,-1
2023-09-10T00:53:59.001Z,T4231001,8392,46.93660,7.12580,33343.0,5.0,13.9,108.5,-273.0,-1.0,-1.0,RS41-SG,403.500,9.3,375,12,2.6,-1,-1
2023-09-10T00:54:00.001Z,T4231001,8393,46.93656,7.12596,33348.1,5.1,12.4,103.1,-273.0,-1.0,-1.0,RS41-SG,403.500,9.3,375,11,2.7,-1,-1
2023-09-10T00:54:01.001Z,T4231001,8394,46.93654,7.12611,33353.3,5.5,10.4,100.8,-273.0,-1.0,-1.0,RS41-SG,403.500,8.8,375,12,2.6,-1,-1
2023-09-10T00:54:03.001Z,T4231001,8396,46.93650,7.12631,33363.7,4.7,6.0,123.0,-273.0,-1.0,-1.0,RS41-SG,403.500,9.1,375,12,2.7,-1,-1
2023-09-10T00:54:04.001Z,T4231001,8397,46.93646,7.12636,33368.3,4.1,6.0,147.9,-273.0,-1.0,-1.0,RS41-SG,403.500,9.6,375,12,2.6,-1,-1
2023-09-10T00:54:05.001Z,T4231001,8398,46.93640,7.12640,33372.6,4.2,7.3,160.5,-273.0,-1.0,-1.0,RS41-SG,403.500,9.6,375,12,2.6,-1,-1
2023-09-10T00:54:07.001Z,T4231001,8400,46.93626,7.12647,33382.4,5.6,9.5,153.9,-273.0,-1.0,-1.0,RS41-SG,403.500,8.8,375,12,2.7,-1,-1
2023-09-10T00:54:09.001Z,T4231001,8402,46.93613,7.12663,33393.9,5.5,10.1,126.4,-273.0,-1.0,-1.0,RS41-SG,403.500,8.8,375,12,2.7,-1,-1
2023-09-10T00:54:10.001Z,T4231001,8403,46.93609,7.12675,33399.2,4.8,10.4,111.3,-273.0,-1.0,-1.0,RS41-SG,403.500,8.8,375,11,2.6,-1,-1
2023-09-10T00:54:16.001Z,T4231001,8409,46.93605,7.12744,33429.7,4.9,6.1,119.8,-273.0,-1.0,-1.0,RS41-SG,403.500,9.4,375,12,2.6,-1,-1
2023-09-10T00:54:18.001Z,T4231001,8411,46.93596,7.12758,33439.4,4.7,9.3,144.2,-273.0,-1.0,-1.0,RS41-SG,403.500,9.6,375,12,2.6,-1,-1
2023-09-10T00:54:26.001Z,T4231001,8419,46.93572,7.12854,33481.9,5.5,8.7,63.8,-273.0,-1.0,-1.0,RS41-SG,403.500,9.5,375,11,2.7,-1,-1
2023-09-10T00:54:27.001Z,T4231001,8420,46.93575,7.12863,33487.7,6.2,6.5,64.9,-273.0,-1.0,-1.0,RS41-SG,403.500,8.9,375,12,2.7,-1,-1
2023-09-10T00:54:28.001Z,T4231001,8421,46.93576,7.12870,33493.7,6.1,4.6,84.9,-273.0,-1.0,-1.0,RS41-SG,403.500,9.3,375,12,2.7,-1,-1
2023-09-10T00:54:29.001Z,T4231001,8422,46.93575,7.12876,33499.6,5.5,5.0,120.7,-40.9,-1.0,-1.0,RS41-SG,403.500,9.7,375,12,2.6,-1,-1
2023-09-10T00:54:31.001Z,T4231001,8424,46.93566,7.12889,33509.2,4.4,9.8,137.5,-40.9,-1.0,-1.0,RS41-SG,403.500,9.8,375,12,2.6,-1,-1
2023-09-10T00:54:32.001Z,T4231001,8425,46.93559,7.12899,33513.9,4.9,11.7,132.0,-40.9,-1.0,-1.0,RS41-SG,403.500,9.7,375,12,2.7,-1,-1
2023-09-10T00:54:40.001Z,T4231001,8433,46.93554,7.13001,33555.2,5.5,5.2,76.5,-40.7,-1.0,-1.0,RS41-SG,403.500,9.1,375,12,2.7,-1,-1
2023-09-10T00:54:44.001Z,T4231001,8437,46.93543,7.13034,33575.5,5.0,10.9,120.9,-40.4,-1.0,-1.0,RS41-SG,403.500,8.7,375,12,2.7,-1,-1
2023-09-10T00:54:51.001Z,T4231001,8444,46.93531,7.13128,33611.6,5.2,6.4,91.8,-40.0,-1.0,-1.0,RS41-SG,403.500,8.7,375,12,2.7,-1,-1
2023-09-10T00:54:52.001Z,T4231001,8445,46.93530,7.13136,33616.8,5.1,5.8,106.0,-39.9,-1.0,-1.0,RS41-SG,403.500,8.3,375,12,2.6,-1,-1
2023-09-10T00:54:59.001Z,T4231001,8452,46.93502,7.13233,33653.7,4.9,15.7,100.3,-39.6,-1.0,-1.0,RS41-SG,403.500,8.9,375,12,2.6,-1,-1
2023-09-10T00:55:02.001Z,T4231001,8455,46.93499,7.13284,33669.7,5.6,9.3,89.6,-39.5,-1.0,-1.0,RS41-SG,403.500,9.5,375,12,2.6,-1,-1
2023-09-10T00:55:03.001Z,T4231001,8456,46.93499,7.13294,33675.2,5.2,6.9,91.7,-39.5,-1.0,-1.0,RS41-SG,403.500,9.5,375,12,2.6,-1,-1
2023-09-10T00:55:05.001Z,T4231001,8458,46.93497,7.13309,33684.6,4.9,5.3,111.5,-39.5,-1.0,-1.0,RS41-SG,403.500,8.6,375,12,2.7,-1,-1
2023-09-10T00:55:08.001Z,T4231001,8461,46.93488,7.13338,33702.1,5.8,12.3,112.9,-39.3,-1.0,-1.0,RS41-SG,403.500,8.3,375,12,2.6,-1,-1
2023-09-10T00:55:09.001Z,T4231001,8462,46.93483,7.13355,33707.4,4.6,14.7,110.1,-39.3,-1.0,-1.0,RS41-SG,403.500,9.0,375,12,2.6,-1,-1
2023-09-10T00:55:10.001Z,T4231001,8463,46.93479,7.13374,33712.0,4.5,16.2,107.9,-39.3,-1.0,-1.0,RS41-SG,403.500,9.0,375,12,2.7,-1,-1
2023-09-10T00:55:11.001Z,T4231001,8464,46.93475,7.13394,33717.1,5.7,16.5,106.4,-39.2,-1.0,-1.0,RS41-SG,403.500,8.7,375,12,2.7,-1,-1
2023-09-10T00:55:12.001Z,T4231001,8465,46.93471,7.13414,33723.4,6.8,15.2,106.2,-39.2,-1.0,-1.0,RS41-SG,403.500,8.8,375,11,2.7,-1,-1
2023-09-10T00:55:13.001Z,T4231001,8466,46.93467,7.13432,33730.4,6.9,12.8,106.5,-39.1,-1.0,-1.0,RS41-SG,403.500,8.8,375,12,2.6,-1,-1
2023-09-10T00:55:14.001Z,T4231001,8467,46.93464,7.13446,33736.6,5.2,10.4,108.1,-39.1,-1.0,-1.0,RS41-SG,403.500,8.5,375,12,2.6,-1,-1
2023-09-10T00:55:16.001Z,T4231001,8469,46.93459,7.13466,33745.5,4.4,6.3,109.5,-39.1,-1.0,-1.0,RS41-SG,403.500,9.0,375,11,2.7,-1,-1
2023-09-10T00:55:17.001Z,T4231001,8470,46.93458,7.13474,33750.5,5.4,5.6,108.1,-39.1,-1.0,-1.0,RS41-SG,403.500,9.0,375,9,2.7,-1,-1
2023-09-10T00:55:18.001Z,T4231001,8471,46.93456,7.13481,33756.2,6.3,6.2,107.5,-39.1,-1.0,-1.0,RS41-SG,403.500,9.0,375,12,2.7,-1,-1
2023-09-10T00:55:20.001Z,T4231001,8473,46.93452,7.13500,33768.3,5.3,8.9,108.4,-39.1,-1.0,-1.0,RS41-SG,403.500,10.3,375,12,2.6,-1,-1
2023-09-10T00:55:21.001Z,T4231001,8474,46.93449,7.13511,33773.3,4.6,10.1,110.7,-39.1,-1.0,-1.0,RS41-SG,403.500,10.3,375,12,2.7,-1,-1
2023-09-10T00:55:22.001Z,T4231001,8475,46.93445,7.13524,33778.1,4.8,11.0,114.7,-39.1,-1.0,-1.0,RS41-SG,403.500,8.7,375,12,2.7,-1,-1
2023-09-10T00:55:24.001Z,T4231001,8477,46.93436,7.13549,33788.7,5.8,10.9,124.9,-39.2,-1.0,-1.0,RS41-SG,403.500,9.2,375,12,2.6,-1,-1
2023-09-10T00:55:28.001Z,T4231001,8481,46.93413,7.13584,33810.3,5.1,7.6,132.3,-39.2,-1.0,-1.0,RS41-SG,403.500,9.4,375,12,2.7,-1,-1
2023-09-10T00:55:29.001Z,T4231001,8482,46.93409,7.13592,33815.8,6.0,7.6,120.6,-39.2,-1.0,-1.0,RS41-SG,403.500,8.6,375,12,2.7,-1,-1
2023-09-10T00:55:30.001Z,T4231001,8483,46.93406,7.13602,33821.8,6.1,8.4,107.8,-39.2,-1.0,-1.0,RS41-SG,403.500,8.6,375,12,2.6,-1,-1
2023-09-10T00:55:31.001Z,T4231001,8484,46.93404,7.13613,33827.6,5.5,9.6,100.4,-39.2,-1.0,-1.0,RS41-SG,403.500,8.9,375,11,2.6,-1,-1
2023-09-10T00:55:32.001Z,T4231001,8485,46.93403,7.13626,33832.9,4.7,10.6,97.3,-39.1,0.0,-1.0,RS41-SG,403.500,8.9,375,12,2.6,-1,-1
2023-09-10T00:55:33.001Z,T4231001,8486,46.93402,7.13640,33837.8,5.0,10.9,98.0,-39.1,0.0,-1.0,RS41-SG,403.500,8.7,375,12,2.7,-1,-1
2023-09-10T00:55:34.001Z,T4231001,8487,46.93400,7.13654,33843.4,6.1,10.5,101.0,-39.0,0.0,-1.0,RS41-SG,403.500,8.7,375,12,2.7,-1,-1
2023-09-10T00:55:37.001Z,T4231001,8490,46.93392,7.13687,33860.3,4.4,7.6,120.6,-38.9,0.0,-1.0,RS41-SG,403.500,9.4,375,12,2.6,-1,-1
2023-09-10T00:55:39.001Z,T4231001,8492,46.93385,7.13703,33870.4,5.7,7.5,120.1,-38.8,0.0,-1.0,RS41-SG,403.500,8.6,375,12,2.7,-1,-1
2023-09-10T00:55:40.001Z,T4231001,8493,46.93382,7.13712,33876.3,6.0,8.2,112.8,-38.7,0.0,-1.0,RS41-SG,403.500,8.6,375,11,2.6,-1,-1
2023-09-10T00:55:46.001Z,T4231001,8499,46.93374,7.13787,33908.7,6.0,7.8,98.5,-38.5,0.0,-1.0,RS41-SG,403.500,8.9,375,12,2.6,-1,-1
2023-09-10T00:55:49.001Z,T4231001,8502,46.93365,7.13809,33925.6,5.1,6.9,143.3,-38.4,0.0,-1.0,RS41-SG,403.500,8.6,375,12,2.7,-1,-1
2023-09-10T00:55:50.001Z,T4231001,8503,46.93360,7.13815,33930.4,4.9,8.4,146.9,-38.4,0.0,-1.0,RS41-SG,403.500,8.6,375,12,2.7,-1,-1
2023-09-10T00:55:54.001Z,T4231001,8507,46.93333,7.13855,33952.8,5.7,12.9,119.3,-38.3,0.0,-1.0,RS41-SG,403.500,8.6,375,12,2.7,-1,-1
2023-09-10T00:55:57.001Z,T4231001,8510,46.93322,7.13899,33970.4,5.8,9.5,104.1,-38.1,0.0,-1.0,RS41-SG,403.500,8.7,375,12,2.6,-1,-1
2023-09-10T00:56:03.001Z,T4231001,8516,46.93307,7.13921,34004.6,6.8,6.0,159.6,-38.1,0.0,-1.0,RS41-SG,403.500,8.8,375,12,2.6,-1,-1
2023-09-10T00:56:04.001Z,T4231001,8517,46.93301,7.13925,34011.4,6.6,8.7,141.6,-38.1,0.0,-1.0,RS41-SG,403.500,8.5,375,11,2.6,-1,-1
2023-09-10T00:56:05.001Z,T4231001,8518,46.93295,7.13935,34017.5,5.7,11.7,127.7,-38.0,0.0,-1.0,RS41-SG,403.500,8.7,375,11,2.7,-1,-1
2023-09-10T00:56:06.001Z,T4231001,8519,46.93288,7.13949,34022.4,4.4,14.9,119.9,-38.0,0.0,-1.0,RS41-SG,403.500,8.7,375,12,2.7,-1,-1
2023-09-10T00:56:11.001Z,T4231001,8524,46.93262,7.14044,34048.9,6.8,10.2,111.7,-37.8,0.0,-1.0,RS41-SG,403.500,7.7,375,11,2.6,-1,-1
2023-09-10T00:56:13.001Z,T4231001,8526,46.93255,7.14060,34058.8,3.2,5.0,142.8,-37.8,0.0,-1.0,RS41-SG,403.500,8.7,375,12,2.7,-1,-1
2023-09-10T00:56:14.001Z,T4231001,8527,46.93252,7.14063,34062.2,3.5,4.5,169.5,-37.8,0.0,-1.0,RS41-SG,403.500,8.1,375,12,2.6,-1,-1
2023-09-10T00:56:17.001Z,T4231001,8530,46.93236,7.14071,34079.3,6.9,9.1,142.2,-37.9,0.0,-1.0,RS41-SG,403.500,8.8,375,12,2.7,-1,-1
2023-09-10T00:56:25.001Z,T4231001,8538,46.93190,7.14184,34121.7,4.0,8.2,122.6,-37.8,0.0,-1.0,RS41-SG,403.500,8.5,375,12,2.6,-1,-1
2023-09-10T00:56:26.001Z,T4231001,8539,46.93186,7.14192,34126.0,4.5,6.9,130.2,-37.8,0.0,-1.0,RS41-SG,403.500,8.5,375,12,2.7,-1,-1
2023-09-10T00:56:30.001Z,T4231001,8543,46.93164,7.14219,34148.6,5.0,10.6,140.4,-37.9,0.0,-1.0,RS41-SG,403.500,8.6,375,12,2.6,-1,-1
2023-09-10T00:56:32.001Z,T4231001,8545,46.93147,7.14239,34158.7,5.1,12.8,139.6,-38.0,0.0,-1.0,RS41-SG,403.500,8.7,375,12,2.7,-1,-1
2023-09-10T00:56:34.001Z,T4231001,8547,46.93130,7.14261,34170.2,5.9,13.1,140.0,-38.1,0.0,-1.0,RS41-SG,403.500,8.7,375,11,2.7,-1,-1
2023-09-10T00:56:35.001Z,T4231001,8548,46.93121,7.14272,34175.8,5.3,12.7,139.8,-38.1,0.0,-1.0,RS41-SG,403.500,8.7,375,12,2.7,-1,-1
2023-09-10T00:56:36.001Z,T4231001,8549,46.93113,7.14283,34181.2,4.9,12.4,137.5,-38.1,0.0,-1.0,RS41-SG,403.500,8.1,375,12,2.6,-1,-1
2023-09-10T00:56:37.001Z,T4231001,8550,46.93105,7.14294,34186.0,4.8,12.4,134.4,-38.2,0.0,-1.0,RS41-SG,403.500,9.0,375,11,2.6,-1,-1
2023-09-10T00:56:38.001Z,T4231001,8551,46.93097,7.14306,34190.9,5.1,12.8,129.4,-38.2,0.0,-1.0,RS41-SG,403.500,9.0,375,11,2.6,-1,-1
2023-09-10T00:56:39.001Z,T4231001,8552,46.93090,7.14320,34196.1,5.4,13.4,125.3,-38.2,0.0,-1.0,RS41-SG,403.500,8.8,375,12,2.7,-1,-1
2023-09-10T00:56:41.001Z,T4231001,8554,46.93076,7.14350,34207.1,5.4,14.3,124.1,-38.3,0.0,-1.0,RS41-SG,403.500,9.0,375,11,2.7,-1,-1
2023-09-10T00:56:42.001Z,T4231001,8555,46.93069,7.14365,34212.6,5.4,13.9,127.2,-38.3,0.0,-1.0,RS41-SG,403.500,9.2,375,11,2.6,-1,-1
2023-09-10T00:56:45.001Z,T4231001,8558,46.93044,7.14399,34229.8,5.5,10.9,149.3,-38.4,0.0,-1.0,RS41-SG,403.500,8.7,375,11,2.7,-1,-1
2023-09-10T00:56:47.001Z,T4231001,8560,46.93028,7.14410,34240.3,5.2,9.1,155.3,-38.5,0.0,-1.0,RS41-SG,403.500,8.2,375,11,2.7,-1,-1
2023-09-10T00:56:48.001Z,T4231001,8561,46.93021,7.14415,34245.7,5.5,8.5,148.6,-38.5,0.0,-1.0,RS41-SG,403.500,8.2,375,10,2.6,-1,-1
2023-09-10T00:56:54.001Z,T4231001,8567,46.92996,7.14492,34278.1,6.1,12.6,108.9,-38.6,0.0,-1.0,RS41-SG,403.500,9.1,375,11,2.7,-1,-1
2023-09-10T00:56:55.001Z,T4231001,8568,46.92992,7.14506,34284.2,6.2,11.3,117.7,-38.6,0.0,-1.0,RS41-SG,403.500,9.1,375,11,2.7,-1,-1
2023-09-10T00:56:56.001Z,T4231001,8569,46.92987,7.14517,34290.3,5.8,9.9,132.2,-38.7,0.0,-1.0,RS41-SG,403.500,8.4,375,11,2.7,-1,-1
2023-09-10T00:56:58.001Z,T4231001,8571,46.92972,7.14529,34300.6,4.4,9.8,171.0,-38.7,0.0,-1.0,RS41-SG,403.500,8.6,375,11,2.6,-1,-1
2023-09-10T00:57:00.001Z,T4231001,8573,46.92953,7.14528,34310.2,5.6,11.1,185.8,-38.7,0.0,-1.0,RS41-SG,403.500,8.1,375,11,2.7,-1,-1
2023-09-10T00:57:06.001Z,T4231001,8579,46.92913,7.14576,34343.6,3.7,14.5,97.4,-38.7,0.0,-1.0,RS41-SG,403.500,8.8,375,11,2.7,-1,-1
2023-09-10T00:57:07.001Z,T4231001,8580,46.92912,7.14595,34348.2,5.0,14.9,91.3,-38.7,0.0,-1.0,RS41-SG,403.500,8.8,375,11,2.7,-1,-1
2023-09-10T00:57:08.001Z,T4231001,8581,46.92912,7.14613,34354.1,6.8,13.2,89.4,-38.8,0.0,-1.0,RS41-SG,403.500,7.9,375,10,2.7,-1,-1
2023-09-10T00:57:11.001Z,T4231001,8584,46.92908,7.14644,34374.4,5.1,4.7,154.7,-38.7,0.0,-1.0,RS41-SG,403.500,8.5,375,11,2.6,-1,-1
2023-09-10T00:57:13.001Z,T4231001,8586,46.92896,7.14641,34382.0,3.3,9.7,202.5,-38.7,0.0,-1.0,RS41-SG,403.500,9.2,375,11,2.7,-1,-1
2023-09-10T00:57:22.001Z,T4231001,8595,46.92849,7.14705,34427.1,6.3,9.8,67.1,-38.7,0.0,-1.0,RS41-SG,403.500,8.8,375,11,2.7,-1,-1
2023-09-10T00:57:23.001Z,T4231001,8596,46.92852,7.14714,34433.5,6.8,5.9,55.2,-38.6,0.0,-1.0,RS41-SG,403.500,8.8,375,11,2.6,-1,-1
2023-09-10T00:57:26.001Z,T4231001,8599,46.92853,7.14712,34447.7,3.0,5.3,235.7,-38.5,0.0,-1.0,RS41-SG,403.500,8.7,375,11,2.7,-1,-1
2023-09-10T00:57:27.001Z,T4231001,8600,46.92849,7.14706,34451.2,4.3,7.6,218.5,-38.5,0.0,-1.0,RS41-SG,403.500,8.9,375,11,2.7,-1,-1
2023-09-10T00:57:39.001Z,T4231001,8612,46.92798,7.14808,34511.6,3.7,4.7,163.2,-37.9,0.0,-1.0,RS41-SG,403.500,8.6,375,10,2.6,-1,-1
2023-09-10T00:57:41.001Z,T4231001,8614,46.92786,7.14812,34520.5,5.2,9.0,164.2,-37.8,0.0,-1.0,RS41-SG,403.500,8.6,375,11,2.7,-1,-1
2023-09-10T00:57:44.001Z,T4231001,8617,46.92761,7.14834,34536.7,4.8,12.7,134.2,-37.7,0.0,-1.0,RS41-SG,403.500,8.4,375,11,2.6,-1,-1
2023-09-10T00:57:46.001Z,T4231001,8619,46.92748,7.14861,34546.2,4.7,11.7,115.0,-37.7,0.0,-1.0,RS41-SG,403.500,8.1,375,11,2.6,-1,-1
2023-09-10T00:57:49.001Z,T4231001,8622,46.92743,7.14896,34560.1,4.7,6.5,84.4,-37.6,0.0,-1.0,RS41-SG,403.500,8.9,375,11,2.7,-1,-1
2023-09-10T00:57:51.001Z,T4231001,8624,46.92745,7.14909,34569.7,4.7,3.7,76.4,-37.6,0.0,-1.0,RS41-SG,403.500,8.8,375,11,2.6,-1,-1
2023-09-10T00:57:52.001Z,T4231001,8625,46.92745,7.14913,34574.7,5.2,3.5,92.1,-37.6,0.0,-1.0,RS41-SG,403.500,8.8,375,11,2.7,-1,-1
2023-09-10T00:57:53.001Z,T4231001,8626,46.92744,7.14918,34580.2,5.5,4.9,111.0,-37.6,0.0,-1.0,RS41-SG,403.500,9.1,375,11,2.7,-1,-1
2023-09-10T00:57:54.001Z,T4231001,8627,46.92742,7.14925,34585.7,5.2,7.3,119.9,-37.6,0.0,-1.0,RS41-SG,403.500,9.7,375,11,2.6,-1,-1
2023-09-10T00:57:57.001Z,T4231001,8630,46.92726,7.14964,34600.0,4.7,15.0,122.4,-37.5,0.0,-1.0,RS41-SG,403.500,8.8,375,11,2.7,-1,-1
2023-09-10T00:58:03.000Z,T4231001,8636,46.92700,7.15032,34631.5,3.4,1.3,53.3,-37.5,0.0,-1.0,RS41-SG,403.500,8.5,375,11,2.7,-1,-1
2023-09-10T00:58:04.000Z,T4231001,8637,46.92702,7.15033,34634.9,3.4,2.2,345.4,-37.5,0.0,-1.0,RS41-SG,403.500,8.5,375,11,2.7,-1,-1
2023-09-10T00:58:06.000Z,T4231001,8639,46.92706,7.15032,34645.0,6.4,2.4,31.4,-37.5,0.0,-1.0,RS41-SG,403.500,8.5,375,11,2.6,-1,-1
2023-09-10T00:58:07.000Z,T4231001,8640,46.92707,7.15036,34651.7,6.6,4.3,84.0,-37.5,0.0,-1.0,RS41-SG,403.500,9.6,375,11,2.7,-1,-1
2023-09-10T00:58:15.000Z,T4231001,8648,46.92674,7.15139,34691.8,5.1,5.3,131.6,-37.4,0.0,-1.0,RS41-SG,403.500,7.7,375,11,2.6,-1,-1
2023-09-10T00:58:21.000Z,T4231001,8654,46.92675,7.15153,34720.8,5.6,7.3,86.5,-37.2,0.0,-1.0,RS41-SG,403.500,8.1,375,11,2.6,-1,-1
2023-09-10T00:58:33.000Z,T4231001,8666,46.92652,7.15272,34777.7,6.5,4.6,108.7,-37.3,0.0,-1.0,RS41-SG,403.500,8.2,375,11,2.7,-1,-1
2023-09-10T00:58:35.000Z,T4231001,8668,46.92648,7.15290,34789.6,4.5,9.5,106.6,-37.2,0.0,-1.0,RS41-SG,403.500,8.9,375,11,2.6,-1,-1
2023-09-10T00:58:40.000Z,T4231001,8673,46.92638,7.15360,34813.8,5.7,8.0,94.5,-37.1,0.0,-1.0,RS41-SG,403.500,7.5,375,11,2.6,-1,-1
2023-09-10T00:58:42.000Z,T4231001,8675,46.92637,7.15375,34823.3,4.2,3.9,91.1,-37.1,0.0,-1.0,RS41-SG,403.500,8.9,375,11,2.6,-1,-1
2023-09-10T00:58:43.000Z,T4231001,8676,46.92637,7.15379,34827.8,4.8,2.7,110.5,-37.1,0.0,-1.0,RS41-SG,403.500,8.7,375,11,2.7,-1,-1
2023-09-10T00:58:44.000Z,T4231001,8677,46.92635,7.15383,34832.8,5.5,3.3,135.3,-37.1,0.0,-1.0,RS41-SG,403.500,8.6,375,11,2.7,-1,-1
2023-09-10T00:58:45.000Z,T4231001,8678,46.92633,7.15386,34838.4,5.9,5.1,140.1,-37.1,0.0,-1.0,RS41-SG,403.500,9.1,375,11,2.7,-1,-1
2023-09-10T00:58:46.000Z,T4231001,8679,46.92628,7.15391,34843.9,5.4,7.0,139.7,-37.1,0.0,-1.0,RS41-SG,403.500,9.1,375,11,2.6,-1,-1
2023-09-10T00:58:49.000Z,T4231001,8682,46.92611,7.15417,34856.7,4.5,10.5,127.8,-37.2,0.0,-1.0,RS41-SG,403.500,10.6,375,11,2.7,-1,-1
2023-09-10T00:59:01.000Z,T4231001,8694,46.92556,7.15518,34916.8,4.9,10.7,146.6,-37.1,0.0,-1.0,RS41-SG,403.500,8.9,375,11,2.6,-1,-1
2023-09-10T00:59:05.000Z,T4231001,8698,46.92535,7.15539,34937.6,5.0,3.1,140.4,-37.0,0.0,-1.0,RS41-SG,403.500,8.5,375,11,2.7,-1,-1
2023-09-10T00:59:10.000Z,T4231001,8703,46.92528,7.15558,34965.1,5.6,7.2,124.9,-36.9,0.0,-1.0,RS41-SG,403.500,9.3,375,10,2.7,-1,-1
2023-09-10T00:59:25.000Z,T4231001,8718,46.92467,7.15600,35046.5,4.3,8.7,124.3,-36.3,0.0,-1.0,RS41-SG,403.500,8.4,375,11,2.6,-1,-1
2023-09-10T00:59:27.000Z,T4231001,8720,46.92452,7.15620,35055.0,4.6,14.1,146.0,-36.3,0.0,-1.0,RS41-SG,403.500,9.4,375,11,2.6,-1,-1
2023-09-10T00:59:37.000Z,T4231001,8730,46.92416,7.15577,35109.8,7.5,4.5,359.5,-36.2,0.0,-1.0,RS41-SG,403.500,9.2,375,11,2.7,-1,-1
2023-09-10T00:59:42.000Z,T4231001,8735,46.92389,7.15618,35130.6,4.4,17.6,156.1,-35.9,0.0,-1.0,RS41-SG,403.500,8.3,375,11,2.7,-1,-1
2023-09-10T01:00:22.000Z,T4231001,8775,46.92235,7.15662,35331.0,4.0,16.4,125.0,-35.4,0.0,-1.0,RS41-SG,403.500,9.7,375,11,2.7,-1,-1
2023-09-10T01:00:23.000Z,T4231001,8776,46.92225,7.15678,35335.9,5.6,16.3,139.5,-35.4,0.0,-1.0,RS41-SG,403.500,9.1,375,11,2.7,-1,-1
2023-09-10T01:00:43.000Z,T4231001,8796,46.92170,7.15784,35209.2,-31.0,11.4,281.8,-35.2,0.0,-1.0,RS41-SG,403.500,8.2,375,11,2.6,-1,-1
2023-09-10T01:00:48.000Z,T4231001,8801,46.92160,7.15754,35065.4,-33.1,7.4,150.9,-35.9,0.0,-1.0,RS41-SG,403.500,8.9,375,10,2.7,-1,-1
2023-09-10T01:01:01.000Z,T4231001,8814,46.92116,7.15838,34638.2,-29.8,14.3,103.8,-36.8,0.1,-1.0,RS41-SG,403.500,8.3,375,9,2.6,-1,-1
2023-09-10T01:01:02.000Z,T4231001,8815,46.92113,7.15856,34608.7,-30.1,15.0,104.0,-36.9,0.0,-1.0,RS41-SG,403.500,8.3,375,11,2.7,-1,-1
2023-09-10T01:01:14.000Z,T4231001,8827,46.92077,7.15950,34222.9,-34.3,10.2,121.2,-38.0,0.0,-1.0,RS41-SG,403.500,8.1,375,11,2.6,-1,-1
2023-09-10T01:01:15.000Z,T4231001,8828,46.92072,7.15962,34188.9,-34.3,11.7,122.1,-37.9,0.0,-1.0,RS41-SG,403.500,8.2,375,11,2.7,-1,-1
2023-09-10T01:01:17.000Z,T4231001,8830,46.92059,7.15988,34120.0,-34.7,12.1,132.4,-37.6,0.0,-1.0,RS41-SG,403.500,9.3,375,11,2.7,-1,-1
2023-09-10T01:01:18.000Z,T4231001,8831,46.92051,7.15999,34085.4,-35.3,11.2,133.2,-37.5,0.0,-1.0,RS41-SG,403.500,10.4,375,11,2.6,-1,-1
2023-09-10T01:01:23.000Z,T4231001,8836,46.92023,7.16041,33908.4,-36.5,6.7,125.4,-37.8,0.0,-1.0,RS41-SG,403.500,8.5,375,11,2.7,-1,-1
2023-09-10T01:01:26.000Z,T4231001,8839,46.92017,7.16068,33809.4,-34.1,8.7,105.9,-38.5,0.0,-1.0,RS41-SG,403.500,9.3,375,11,2.6,-1,-1
2023-09-10T01:01:27.000Z,T4231001,8840,46.92015,7.16079,33776.0,-33.4,9.1,102.8,-38.7,0.0,-1.0,RS41-SG,403.500,9.3,375,11,2.6,-1,-1
2023-09-10T01:01:29.000Z,T4231001,8842,46.92009,7.16105,33710.1,-33.5,10.7,108.2,-38.6,0.0,-1.0,RS41-SG,403.500,8.8,375,11,2.7,-1,-1
2023-09-10T01:01:33.000Z,T4231001,8846,46.91992,7.16161,33582.4,-32.0,11.9,111.4,-38.8,0.0,-1.0,RS41-SG,403.500,8.9,375,11,2.7,-1,-1
2023-09-10T01:01:36.000Z,T4231001,8849,46.91983,7.16205,33487.2,-33.3,11.3,102.2,-39.6,0.0,-1.0,RS41-SG,403.500,9.5,375,11,2.6,-1,-1
2023-09-10T01:01:37.000Z,T4231001,8850,46.91981,7.16219,33454.9,-31.9,10.8,97.8,-39.9,0.0,-1.0,RS41-SG,403.500,9.4,375,11,2.7,-1,-1
2023-09-10T01:01:38.000Z,T4231001,8851,46.91980,7.16233,33424.0,-31.5,10.2,97.0,-40.0,0.0,-1.0,RS41-SG,403.500,9.4,375,11,2.7,-1,-1
2023-09-10T01:01:40.000Z,T4231001,8853,46.91977,7.16257,33364.5,-29.7,9.5,97.3,-40.3,0.0,-1.0,RS41-SG,403.500,8.8,375,11,2.6,-1,-1
2023-09-10T01:01:43.000Z,T4231001,8856,46.91971,7.16288,33267.0,-33.4,8.0,121.3,-40.7,0.0,-1.0,RS41-SG,403.500,8.3,375,11,2.7,-1,-1
2023-09-10T01:01:44.000Z,T4231001,8857,46.91966,7.16297,33233.8,-33.0,8.3,132.9,-40.7,0.0,-1.0,RS41-SG,403.500,8.2,375,11,2.7,-1,-1
2023-09-10T01:01:45.000Z,T4231001,8858,46.91961,7.16305,33201.5,-33.1,9.1,136.3,-40.8,0.0,-1.0,RS41-SG,403.500,9.0,375,11,2.7,-1,-1
2023-09-10T01:01:46.000Z,T4231001,8859,46.91954,7.16312,33168.3,-34.0,9.5,142.7,-40.8,0.0,-1.0,RS41-SG,403.500,9.0,375,11,2.7,-1,-1
2023-09-10T01:01:51.000Z,T4231001,8864,46.91922,7.16360,33015.0,-31.7,10.2,123.4,-41.3,0.0,-1.0,RS41-SG,403.500,9.0,375,11,2.7,-1,-1
2023-09-10T01:01:54.000Z,T4231001,8867,46.91909,7.16399,32926.6,-28.2,11.4,112.0,-41.5,0.1,-1.0,RS41-SG,403.500,8.8,375,11,2.6,-1,-1
2023-09-10T01:01:55.000Z,T4231001,8868,46.91905,7.16413,32897.0,-32.0,11.4,111.7,-41.4,0.1,-1.0,RS41-SG,403.500,9.4,375,11,2.6,-1,-1
2023-09-10T01:01:56.000Z,T4231001,8869,46.91901,7.16426,32863.9,-34.3,11.3,112.7,-41.2,0.0,-1.0,RS41-SG,403.500,9.4,375,11,2.6,-1,-1
2023-09-10T01:02:01.000Z,T4231001,8874,46.91880,7.16488,32703.1,-30.5,10.4,112.5,-40.6,0.0,-1.0,RS41-SG,403.500,8.5,375,11,2.6,08:29:04,-1
2023-09-10T01:02:04.000Z,T4231001,8877,46.91875,7.16534,32612.9,-29.7,14.2,91.5,-40.0,0.0,-1.0,RS41-SG,403.500,10.6,375,10,2.7,08:29:04,-1
2023-09-10T01:02:05.000Z,T4231001,8878,46.91875,7.16552,32581.8,-34.2,14.5,87.3,-39.9,0.0,-1.0,RS41-SG,403.500,10.6,375,11,2.7,08:29:04,-1
2023-09-10T01:02:06.000Z,T4231001,8879,46.91876,7.16572,32546.9,-37.1,14.9,84.5,-39.9,0.0,-1.0,RS41-SG,403.500,10.2,375,11,2.6,08:29:04,-1
2023-09-10T01:02:07.000Z,T4231001,8880,46.91877,7.16591,32509.3,-39.1,15.0,81.6,-39.8,0.0,-1.0,RS41-SG,403.500,10.2,375,11,2.6,08:29:04,-1
2023-09-10T01:02:09.000Z,T4231001,8882,46.91881,7.16629,32438.0,-33.9,14.2,80.8,-40.3,0.0,-1.0,RS41-SG,403.500,10.0,375,11,2.7,08:29:04,-1
2023-09-10T01:02:14.000Z,T4231001,8887,46.91885,7.16705,32276.5,-33.6,9.6,89.8,-40.3,0.0,-1.0,RS41-SG,403.500,10.4,375,11,2.7,08:29:04,-1
2023-09-10T01:02:15.000Z,T4231001,8888,46.91884,7.16717,32244.5,-31.4,8.5,99.6,-40.5,0.0,-1.0,RS41-SG,403.500,9.8,375,11,2.7,08:29:04,-1
2023-09-10T01:02:16.000Z,T4231001,8889,46.91882,7.16728,32215.6,-27.2,8.8,108.6,-40.8,0.0,-1.0,RS41-SG,403.500,9.8,375,11,2.7,08:29:04,-1
2023-09-10T01:02:18.000Z,T4231001,8891,46.91874,7.16751,32160.6,-29.5,10.6,119.1,-41.4,0.1,-1.0,RS41-SG,403.500,10.7,375,11,2.6,08:29:04,-1
2023-09-10T01:02:24.000Z,T4231001,8897,46.91845,7.16836,31987.0,-29.0,12.9,113.2,-42.3,0.0,-1.0,RS41-SG,403.500,9.4,375,11,2.6,08:29:04,-1
2023-09-10T01:02:25.000Z,T4231001,8898,46.91840,7.16851,31959.8,-26.1,12.9,112.2,-42.6,0.0,-1.0,RS41-SG,403.500,8.3,375,11,2.7,08:29:04,-1
2023-09-10T01:02:31.000Z,T4231001,8904,46.91818,7.16939,31787.8,-36.4,9.6,103.8,-43.2,0.0,-1.0,RS41-SG,403.500,7.8,375,11,2.7,08:29:04,-1
2023-09-10T01:02:41.000Z,T4231001,8914,46.91861,7.17021,31473.9,-33.4,10.1,37.8,-45.2,0.0,-1.0,RS41-SG,403.500,9.1,375,11,2.7,08:29:04,-1
2023-09-10T01:03:02.000Z,T4231001,8935,46.91979,7.17164,30967.1,-21.6,11.7,22.1,-45.2,0.2,-1.0,RS41-SG,403.500,8.6,375,11,2.6,08:29:04,-1
2023-09-10T01:03:03.000Z,T4231001,8936,46.91989,7.17170,30945.1,-23.0,11.7,19.0,-45.2,0.0,-1.0,RS41-SG,403.500,8.3,375,11,2.7,08:29:04,-1
2023-09-10T01:03:14.000Z,T4231001,8947,46.92073,7.17189,30674.9,-24.9,7.2,3.3,-46.1,0.0,-1.0,RS41-SG,403.500,8.4,375,11,2.7,08:29:04,-1
2023-09-10T01:03:15.000Z,T4231001,8948,46.92079,7.17189,30649.9,-25.6,7.0,7.2,-46.1,0.1,-1.0,RS41-SG,403.500,9.2,375,10,2.7,08:29:04,-1
2023-09-10T01:03:18.000Z,T4231001,8951,46.92095,7.17197,30575.3,-24.0,5.0,37.8,-46.2,0.0,-1.0,RS41-SG,403.500,10.1,375,11,2.6,08:29:04,-1
2023-09-10T01:03:27.000Z,T4231001,8960,46.92136,7.17260,30365.9,-20.8,8.6,24.6,-46.6,0.1,-1.0,RS41-SG,403.500,10.4,375,11,2.7,08:29:04,-1
2023-09-10T01:03:28.000Z,T4231001,8961,46.92143,7.17264,30344.3,-22.7,8.2,19.5,-46.5,0.1,-1.0,RS41-SG,403.500,8.3,375,11,2.6,08:29:04,-1
2023-09-10T01:03:29.000Z,T4231001,8962,46.92150,7.17268,30322.4,-21.7,7.3,19.2,-46.5,0.0,-1.0,RS41-SG,403.500,9.0,375,11,2.6,08:29:04,-1
2023-09-10T01:03:33.000Z,T4231001,8966,46.92164,7.17284,30232.9,-25.0,3.8,64.3,-46.4,0.1,-1.0,RS41-SG,403.500,8.5,375,11,2.7,08:29:04,-1
2023-09-10T01:03:35.000Z,T4231001,8968,46.92165,7.17290,30187.6,-21.3,1.0,84.1,-46.4,0.1,-1.0,RS41-SG,403.500,8.9,375,11,2.6,08:29:04,-1
2023-09-10T01:03:41.000Z,T4231001,8974,46.92184,7.17234,30059.5,-21.6,16.3,304.9,-46.7,0.2,-1.0,RS41-SG,403.500,8.4,375,11,2.6,08:29:04,-1
2023-09-10T01:03:45.000Z,T4231001,8978,46.92226,7.17186,29975.4,-22.6,12.6,344.1,-47.6,0.0,-1.0,RS41-SG,403.500,8.6,375,11,2.6,08:29:04,-1
2023-09-10T01:03:46.000Z,T4231001,8979,46.92236,7.17185,29953.6,-21.9,11.4,8.7,-47.7,0.1,-1.0,RS41-SG,403.500,9.3,375,10,2.6,08:29:04,-1
2023-09-10T01:03:48.000Z,T4231001,8981,46.92253,7.17199,29909.0,-22.6,11.1,49.8,-47.7,0.1,-1.0,RS41-SG,403.500,10.2,375,11,2.7,08:29:04,-1
2023-09-10T01:03:49.000Z,T4231001,8982,46.92258,7.17211,29886.8,-22.3,11.0,68.5,-47.7,0.1,-1.0,RS41-SG,403.500,10.3,375,11,2.7,08:29:04,-1
2023-09-10T01:03:50.000Z,T4231001,8983,46.92260,7.17224,29865.5,-21.2,10.0,87.7,-47.7,0.1,-1.0,RS41-SG,403.500,10.3,375,11,2.6,08:29:04,-1
2023-09-10T01:03:51.000Z,T4231001,8984,46.92259,7.17236,29845.6,-19.7,8.0,107.4,-47.7,0.2,-1.0,RS41-SG,403.500,10.1,375,11,2.6,08:29:04,-1
2023-09-10T01:03:52.000Z,T4231001,8985,46.92256,7.17244,29826.0,-20.0,6.4,132.6,-47.7,0.2,-1.0,RS41-SG,403.500,9.4,375,11,2.6,08:29:04,-1
2023-09-10T01:03:53.000Z,T4231001,8986,46.92251,7.17249,29804.5,-23.2,5.3,154.5,-47.9,0.1,-1.0,RS41-SG,403.500,9.1,375,11,2.7,08:29:04,-1
2023-09-10T01:03:54.000Z,T4231001,8987,46.92247,7.17249,29781.3,-23.4,4.9,199.5,-47.9,0.1,-1.0,RS41-SG,403.500,9.4,375,11,2.7,08:29:04,-1
2023-09-10T01:03:55.000Z,T4231001,8988,46.92243,7.17245,29758.3,-23.5,5.9,229.5,-47.9,0.1,-1.0,RS41-SG,403.500,9.4,375,11,2.7,08:29:04,-1
2023-09-10T01:03:56.000Z,T4231001,8989,46.92241,7.17238,29736.2,-21.6,7.1,248.8,-47.7,0.1,-1.0,RS41-SG,403.500,9.4,375,11,2.6,08:29:04,-1
2023-09-10T01:03:59.000Z,T4231001,8992,46.92242,7.17216,29674.5,-20.4,4.4,319.7,-47.6,0.1,-1.0,RS41-SG,403.500,9.1,375,10,2.7,08:29:04,-1
2023-09-10T01:04:01.000Z,T4231001,8994,46.92249,7.17214,29632.8,-22.7,4.9,5.6,-47.6,0.1,-1.0,RS41-SG,403.500,10.5,375,10,2.6,08:29:04,-1
2023-09-10T01:04:02.000Z,T4231001,8995,46.92254,7.17215,29611.3,-20.9,5.2,19.6,-47.6,0.0,-1.0,RS41-SG,403.500,10.2,375,11,2.6,08:29:04,-1
2023-09-10T01:04:03.000Z,T4231001,8996,46.92257,7.17218,29591.1,-20.9,4.2,28.2,-47.6,0.3,-1.0,RS41-SG,403.500,9.6,375,11,2.6,08:29:04,-1
2023-09-10T01:04:04.000Z,T4231001,8997,46.92260,7.17220,29569.9,-22.2,2.8,26.3,-47.5,0.0,-1.0,RS41-SG,403.500,9.6,375,11,2.7,08:29:04,-1
2023-09-10T01:04:05.000Z,T4231001,8998,46.92262,7.17221,29547.4,-23.2,1.5,21.4,-47.4,0.1,-1.0,RS41-SG,403.500,9.7,375,11,2.7,08:29:04,-1
2023-09-10T01:04:06.000Z,T4231001,8999,46.92263,7.17221,29524.7,-23.2,1.3,319.5,-47.4,0.1,-1.0,RS41-SG,403.500,9.7,375,11,2.7,08:29:04,-1
2023-09-10T01:04:07.000Z,T4231001,9000,46.92264,7.17219,29502.8,-22.5,2.1,298.3,-47.4,0.1,-1.0,RS41-SG,403.500,9.1,375,11,2.6,08:29:04,-1
2023-09-10T01:04:08.000Z,T4231001,9001,46.92265,7.17216,29481.2,-21.0,3.6,297.3,-47.4,0.1,-1.0,RS41-SG,403.500,8.7,375,11,2.6,08:29:04,-1
2023-09-10T01:04:10.000Z,T4231001,9003,46.92268,7.17207,29440.2,-20.0,3.4,300.5,-47.3,0.1,-1.0,RS41-SG,403.500,8.1,375,11,2.7,08:29:04,-1
2023-09-10T01:04:18.000Z,T4231001,9011,46.92275,7.17237,29280.9,-19.5,2.6,45.8,-46.7,0.0,-1.0,RS41-SG,403.500,9.5,375,11,2.6,08:29:04,-1
2023-09-10T01:04:19.000Z,T4231001,9012,46.92276,7.17239,29261.7,-19.0,1.4,73.2,-46.7,0.0,-1.0,RS41-SG,403.500,8.3,375,11,2.6,08:29:04,-1
2023-09-10T01:04:23.000Z,T4231001,9016,46.92267,7.17253,29183.5,-22.1,7.1,138.7,-46.4,0.1,-1.0,RS41-SG,403.500,9.0,375,11,2.6,08:29:04,-1
2023-09-10T01:04:24.000Z,T4231001,9017,46.92262,7.17259,29163.0,-19.7,8.0,137.8,-46.2,0.0,-1.0,RS41-SG,403.500,8.8,375,11,2.6,08:29:04,-1
2023-09-10T01:04:25.000Z,T4231001,9018,46.92256,7.17266,29142.3,-22.0,8.1,137.1,-46.1,0.3,-1.0,RS41-SG,403.500,8.8,375,11,2.6,08:29:04,-1
2023-09-10T01:04:26.000Z,T4231001,9019,46.92251,7.17273,29122.0,-19.5,7.7,138.2,-46.1,0.0,-1.0,RS41-SG,403.500,9.1,375,11,2.7,08:29:04,-1
2023-09-10T01:04:28.000Z,T4231001,9021,46.92240,7.17284,29082.7,-19.3,7.7,158.8,-46.0,0.1,-1.0,RS41-SG,403.500,8.4,375,11,2.7,08:29:04,-1
2023-09-10T01:04:30.000Z,T4231001,9023,46.92225,7.17287,29041.9,-22.0,9.3,179.8,-46.0,0.1,-1.0,RS41-SG,403.500,8.9,375,11,2.6,08:29:04,-1
2023-09-10T01:04:31.000Z,T4231001,9024,46.92217,7.17286,29020.8,-20.9,10.1,188.1,-45.9,0.0,-1.0,RS41-SG,403.500,8.2,375,11,2.7,08:29:04,-1
2023-09-10T01:04:32.000Z,T4231001,9025,46.92207,7.17283,28999.7,-21.5,10.9,194.1,-45.7,0.1,-1.0,RS41-SG,403.500,8.7,375,11,2.7,08:29:04,-1
2023-09-10T01:04:34.000Z,T4231001,9027,46.92188,7.17274,28959.5,-20.0,11.4,202.1,-45.6,0.0,-1.0,RS41-SG,403.500,7.4,375,11,2.6,08:26:31,-1
2023-09-10T01:04:36.000Z,T4231001,9029,46.92170,7.17263,28919.6,-18.7,10.4,201.9,-45.6,0.1,-1.0,RS41-SG,403.500,8.8,375,11,2.6,08:26:31,-1
2023-09-10T01:04:38.000Z,T4231001,9031,46.92154,7.17255,28882.1,-19.9,9.0,191.2,-45.4,0.0,-1.0,RS41-SG,403.500,10.1,375,11,2.7,08:26:31,-1
2023-09-10T01:04:39.000Z,T4231001,9032,46.92146,7.17254,28862.3,-19.7,9.1,178.1,-45.3,0.1,-1.0,RS41-SG,403.500,9.1,375,11,2.7,08:26:31,-1
2023-09-10T01:04:40.000Z,T4231001,9033,46.92137,7.17256,28842.9,-19.6,9.5,167.0,-45.2,0.0,-1.0,RS41-SG,403.500,8.6,375,11,2.6,08:26:31,-1
2023-09-10T01:04:41.000Z,T4231001,9034,46.92129,7.17260,28825.0,-16.4,9.9,158.8,-45.1,0.1,-1.0,RS41-SG,403.500,8.1,375,11,2.6,08:26:31,-1
2023-09-10T01:04:49.000Z,T4231001,9042,46.92109,7.17292,28670.9,-21.3,3.8,29.6,-45.4,0.0,-1.0,RS41-SG,403.500,8.0,375,11,2.7,08:26:31,-1
2023-09-10T01:04:51.000Z,T4231001,9044,46.92112,7.17300,28627.5,-22.9,4.5,85.5,-45.5,0.0,-1.0,RS41-SG,403.500,8.7,375,11,2.6,08:26:31,-1
2023-09-10T01:04:53.000Z,T4231001,9046,46.92110,7.17315,28584.5,-22.3,7.1,115.7,-45.7,0.0,-1.0,RS41-SG,403.500,8.6,375,11,2.7,08:26:31,-1
2023-09-10T01:04:54.000Z,T4231001,9047,46.92106,7.17323,28562.7,-21.5,8.1,122.2,-45.9,0.1,-1.0,RS41-SG,403.500,8.6,375,11,2.7,08:26:31,-1
2023-09-10T01:04:55.000Z,T4231001,9048,46.92102,7.17332,28541.0,-22.5,7.6,122.7,-46.1,0.0,-1.0,RS41-SG,403.500,8.4,375,11,2.7,08:26:31,-1
2023-09-10T01:04:57.000Z,T4231001,9050,46.92097,7.17347,28495.7,-22.2,5.3,114.4,-46.7,0.2,-1.0,RS41-SG,403.500,8.8,375,11,2.6,08:26:31,-1
2023-09-10T01:04:58.000Z,T4231001,9051,46.92096,7.17353,28475.1,-19.2,3.9,84.5,-47.1,0.2,-1.0,RS41-SG,403.500,9.0,375,11,2.6,08:26:31,-1
2023-09-10T01:05:00.000Z,T4231001,9053,46.92099,7.17362,28435.6,-20.9,5.3,46.9,-47.4,0.1,-1.0,RS41-SG,403.500,8.6,375,11,2.7,08:26:31,-1
2023-09-10T01:05:01.000Z,T4231001,9054,46.92103,7.17368,28414.7,-20.8,7.1,48.5,-47.4,0.1,-1.0,RS41-SG,403.500,8.6,375,9,2.7,08:26:31,-1
2023-09-10T01:05:02.000Z,T4231001,9055,46.92107,7.17376,28392.4,-23.7,7.6,53.7,-47.4,0.0,-1.0,RS41-SG,403.500,8.8,375,11,2.6,08:26:31,-1
2023-09-10T01:05:05.000Z,T4231001,9058,46.92117,7.17408,28330.5,-21.2,8.9,85.7,-47.9,0.1,-1.0,RS41-SG,403.500,9.2,375,11,2.7,08:26:31,-1
2023-09-10T01:05:06.000Z,T4231001,9059,46.92116,7.17419,28309.7,-20.9,7.6,99.1,-48.0,0.0,-1.0,RS41-SG,403.500,9.5,375,11,2.6,08:26:31,-1
2023-09-10T01:05:07.000Z,T4231001,9060,46.92114,7.17428,28290.0,-20.2,7.0,115.1,-48.1,0.3,-1.0,RS41-SG,403.500,9.5,375,11,2.6,08:26:31,-1
2023-09-10T01:05:09.000Z,T4231001,9062,46.92106,7.17441,28251.0,-19.9,6.7,143.0,-48.1,0.1,-1.0,RS41-SG,403.500,8.6,375,11,2.7,08:26:31,-1
2023-09-10T01:05:16.000Z,T4231001,9069,46.92090,7.17488,28117.0,-21.4,8.0,81.5,-48.1,0.1,-1.0,RS41-SG,403.500,9.5,375,11,2.6,08:26:31,-1
2023-09-10T01:05:18.000Z,T4231001,9071,46.92092,7.17510,28077.5,-20.0,8.5,86.8,-48.2,0.1,-1.0,RS41-SG,403.500,9.4,375,11,2.6,08:26:31,-1
2023-09-10T01:05:19.000Z,T4231001,9072,46.92092,7.17521,28058.7,-19.1,8.7,90.5,-48.4,0.0,-1.0,RS41-SG,403.500,9.4,375,11,2.6,08:26:31,-1
2023-09-10T01:05:22.000Z,T4231001,9075,46.92092,7.17554,28009.0,-16.1,7.3,80.3,-49.2,0.1,-1.0,RS41-SG,403.500,8.4,375,11,2.7,08:26:31,-1
2023-09-10T01:05:25.000Z,T4231001,9078,46.92098,7.17574,27952.8,-22.2,4.2,50.8,-49.6,0.4,-1.0,RS41-SG,403.500,8.0,375,11,2.6,08:25:40,-1
2023-09-10T01:05:28.000Z,T4231001,9081,46.92105,7.17590,27894.3,-19.3,7.2,66.1,-49.7,0.1,-1.0,RS41-SG,403.500,8.6,375,11,2.7,08:25:40,-1
2023-09-10T01:05:29.000Z,T4231001,9082,46.92107,7.17600,27875.2,-19.5,9.5,74.2,-49.7,0.2,-1.0,RS41-SG,403.500,8.9,375,11,2.7,08:25:40,-1
2023-09-10T01:05:32.000Z,T4231001,9085,46.92116,7.17644,27815.9,-18.7,12.9,70.2,-49.7,0.3,-1.0,RS41-SG,403.500,8.5,375,11,2.6,08:25:40,-1
