timestamp,serial,frame,lat,lon,alt,vel_v,vel_h,heading,temp,humidity,pressure,type,freq_mhz,snr,f_error_hz,sats,batt_v,burst_timer,aux_data
2023-11-01T00:24:29.000Z,U4234629,5579,44.61329,8.63094,17396.5,4.0,29.2,92.3,-273.0,-1.0,-1.0,RS41,403.700,9.2,375,7,2.6,-1,-1
2023-11-01T00:24:32.000Z,U4234629,5582,44.61319,8.63204,17408.9,4.9,28.6,94.0,-273.0,-1.0,-1.0,RS41,403.700,8.6,375,7,2.7,-1,-1
2023-11-01T00:24:33.000Z,U4234629,5583,44.61319,8.63240,17413.0,2.8,28.4,88.2,-273.0,-1.0,-1.0,RS41,403.700,8.6,375,7,2.7,-1,-1
2023-11-01T00:24:35.000Z,U4234629,5585,44.61318,8.63311,17420.6,4.4,28.7,94.2,-273.0,-1.0,-1.0,RS41,403.700,8.2,375,7,2.5,-1,-1
2023-11-01T00:24:36.000Z,U4234629,5586,44.61315,8.63347,17424.9,4.2,29.8,97.1,-273.0,-1.0,-1.0,RS41,403.700,9.3,375,6,2.5,-1,-1
2023-11-01T00:24:42.000Z,U4234629,5592,44.61301,8.63561,17450.8,4.7,28.2,98.9,-273.0,-1.0,-1.0,RS41,403.700,9.7,375,7,2.7,-1,-1
2023-11-01T00:24:44.000Z,U4234629,5594,44.61290,8.63637,17458.9,4.9,31.7,100.5,-273.0,-1.0,-1.0,RS41,403.700,10.0,375,8,2.7,-1,-1
2023-11-01T00:24:46.000Z,U4234629,5596,44.61284,8.63710,17469.2,3.5,26.9,93.0,-273.0,-1.0,-1.0,RS41,403.700,8.7,375,8,2.6,-1,-1
2023-11-01T00:24:47.000Z,U4234629,5597,44.61283,8.63744,17473.6,4.3,28.2,93.0,-273.0,-1.0,-1.0,RS41,403.700,8.9,375,8,2.6,-1,-1
2023-11-01T00:24:49.000Z,U4234629,5599,44.61277,8.63818,17482.0,3.5,30.3,101.4,-273.0,-1.0,-1.0,RS41,403.700,9.9,375,8,2.7,-1,-1
2023-11-01T00:24:51.000Z,U4234629,5601,44.61265,8.63890,17490.1,4.8,28.4,99.1,-273.0,-1.0,-1.0,RS41,403.700,9.4,375,7,2.7,-1,-1
2023-11-01T00:24:53.000Z,U4234629,5603,44.61260,8.63957,17498.2,3.9,26.0,94.5,-273.0,-1.0,-1.0,RS41,403.700,9.5,375,8,2.6,-1,-1
2023-11-01T00:24:54.000Z,U4234629,5604,44.61257,8.63990,17502.6,4.2,27.0,100.8,-273.0,-1.0,-1.0,RS41,403.700,9.5,375,8,2.6,-1,-1
2023-11-01T00:24:57.000Z,U4234629,5607,44.61238,8.64095,17514.9,5.0,28.6,104.6,-273.0,-1.0,-1.0,RS41,403.700,8.1,375,8,2.7,-1,-1
2023-11-01T00:24:58.000Z,U4234629,5608,44.61233,8.64129,17519.1,4.0,27.0,100.8,-273.0,-1.0,-1.0,RS41,403.700,10.2,375,8,2.7,-1,-1
2023-11-01T00:25:01.000Z,U4234629,5611,44.61222,8.64228,17532.0,3.8,29.2,104.6,-273.0,-1.0,-1.0,RS41,403.700,9.0,375,8,2.6,-1,-1
2023-11-01T00:25:02.000Z,U4234629,5612,44.61214,8.64265,17536.0,4.7,30.5,108.0,-273.0,-1.0,-1.0,RS41,403.700,9.1,375,8,2.7,-1,-1
2023-11-01T00:25:13.000Z,U4234629,5623,44.61155,8.64619,17586.5,4.8,28.4,110.0,-273.0,-1.0,-1.0,RS41,403.700,9.3,375,8,2.6,-1,-1
2023-11-01T00:25:14.000Z,U4234629,5624,44.61147,8.64652,17591.3,5.6,25.8,106.3,-273.0,-1.0,-1.0,RS41,403.700,9.1,375,8,2.7,-1,-1
2023-11-01T00:25:21.000Z,U4234629,5631,44.61106,8.64860,17620.7,3.9,20.6,100.9,-273.0,-1.0,-1.0,RS41,403.700,8.2,375,8,2.7,-1,-1
2023-11-01T00:25:31.000Z,U4234629,5641,44.61047,8.65144,17660.4,3.4,24.4,110.4,-273.0,-1.0,-1.0,RS41,403.700,7.8,375,8,2.5,-1,-1
2023-11-01T00:25:41.000Z,U4234629,5651,44.60995,8.65419,17702.1,4.5,22.8,108.7,-273.0,-1.0,-1.0,RS41,403.700,8.3,375,7,2.6,-1,-1
2023-11-01T00:26:12.000Z,U4234629,5682,44.60854,8.66165,17833.7,4.3,18.4,112.4,-273.0,-1.0,-1.0,RS41,403.700,9.0,375,8,2.7,-1,-1
2023-11-01T00:26:13.000Z,U4234629,5683,44.60848,8.66187,17838.2,4.6,17.9,105.1,-273.0,-1.0,-1.0,RS41,403.700,8.9,375,8,2.7,-1,-1
2023-11-01T00:26:21.000Z,U4234629,5691,44.60820,8.66366,17871.0,2.9,18.4,92.4,-273.0,-1.0,-1.0,RS41,403.700,9.2,375,8,2.6,-1,-1
2023-11-01T00:26:29.000Z,U4234629,5699,44.60795,8.66541,17905.6,4.2,17.8,108.8,-273.0,-1.0,-1.0,RS41,403.700,8.7,375,8,2.7,-1,-1
2023-11-01T00:26:33.000Z,U4234629,5703,44.60780,8.66626,17922.4,3.2,18.4,92.5,-273.0,-1.0,-1.0,RS41,403.700,7.8,375,8,2.6,-1,-1
2023-11-01T00:27:44.000Z,U4234629,5774,44.60675,8.68479,18207.3,4.8,22.5,101.5,-273.0,-1.0,-1.0,RS41,403.700,8.3,375,8,2.7,-1,-1
2023-11-01T00:27:47.000Z,U4234629,5777,44.60666,8.68554,18218.7,4.2,20.8,102.8,-273.0,-1.0,-1.0,RS41,403.700,8.4,375,8,2.5,-1,-1
2023-11-01T00:27:51.000Z,U4234629,5781,44.60644,8.68662,18235.3,4.2,20.4,100.2,-273.0,-1.0,-1.0,RS41,403.700,9.3,375,8,2.7,-1,-1
2023-11-01T00:27:53.000Z,U4234629,5783,44.60638,8.68711,18244.3,4.8,20.5,102.2,-273.0,-1.0,-1.0,RS41,403.700,8.2,375,8,2.6,-1,-1
2023-11-01T00:28:01.000Z,U4234629,5791,44.60594,8.68926,18278.5,5.3,24.2,109.5,-273.0,-1.0,-1.0,RS41,403.700,7.6,375,8,2.6,-1,-1
2023-11-01T01:12:49.001Z,U4234629,8479,44.63995,9.25022,31717.8,5.1,31.1,73.4,-273.0,-1.0,-1.0,RS41,403.700,7.4,375,9,2.5,-1,-1
2023-11-01T01:13:33.001Z,U4234629,8523,44.64421,9.26616,31926.2,4.1,31.5,64.7,-273.0,-1.0,-1.0,RS41,403.700,8.5,375,11,2.5,-1,-1
2023-11-01T01:13:35.001Z,U4234629,8525,44.64444,9.26687,31935.5,5.1,31.5,66.4,-273.0,-1.0,-1.0,RS41,403.700,8.2,375,11,2.6,-1,-1
2023-11-01T01:13:48.001Z,U4234629,8538,44.64569,9.27156,31995.9,4.8,32.4,75.2,-273.0,-1.0,-1.0,RS41,403.700,8.3,375,11,2.6,-1,-1
2023-11-01T01:13:55.001Z,U4234629,8545,44.64624,9.27409,32030.5,5.0,31.7,67.7,-273.0,-1.0,-1.0,RS41,403.700,8.8,375,11,2.5,-1,-1
2023-11-01T01:13:59.001Z,U4234629,8549,44.64663,9.27568,32048.9,4.9,33.8,75.5,-273.0,-1.0,-1.0,RS41,403.700,8.6,375,11,2.6,-1,-1
2023-11-01T01:14:11.001Z,U4234629,8561,44.64767,9.28034,32108.1,5.5,34.6,72.8,-273.0,-1.0,-1.0,RS41,403.700,8.3,375,11,2.5,-1,-1
2023-11-01T01:14:28.001Z,U4234629,8578,44.64951,9.28719,32193.2,4.6,35.2,70.1,-273.0,-1.0,-1.0,RS41,403.700,7.8,375,11,2.5,-1,-1
2023-11-01T01:15:29.001Z,U4234629,8639,44.65593,9.31356,32508.1,5.1,33.7,73.6,-273.0,-1.0,-1.0,RS41,403.700,8.4,375,11,2.5,-1,-1
2023-11-01T01:15:35.001Z,U4234629,8645,44.65651,9.31605,32541.2,5.2,34.6,70.9,-273.0,-1.0,-1.0,RS41,403.700,8.5,375,11,2.6,-1,-1
2023-11-01T01:15:38.001Z,U4234629,8648,44.65680,9.31713,32557.4,5.0,33.0,70.2,-273.0,-1.0,-1.0,RS41,403.700,8.1,375,11,2.5,-1,-1
2023-11-01T01:15:48.001Z,U4234629,8658,44.65774,9.32093,32612.1,6.5,30.2,70.5,-273.0,-1.0,-1.0,RS41,403.700,8.0,375,11,2.6,-1,-1
2023-11-01T01:15:55.001Z,U4234629,8665,44.65836,9.32352,32648.5,4.5,28.4,71.4,-273.0,-1.0,-1.0,RS41,403.700,8.7,375,11,2.6,-1,-1
2023-11-01T01:15:59.001Z,U4234629,8669,44.65872,9.32495,32670.5,5.8,34.6,70.1,-273.0,-1.0,-1.0,RS41,403.700,8.6,375,11,2.5,-1,-1
2023-11-01T01:16:01.001Z,U4234629,8671,44.65890,9.32570,32681.0,6.2,31.5,72.7,-273.0,-1.0,-1.0,RS41,403.700,8.7,375,11,2.6,-1,-1
2023-11-01T01:16:02.001Z,U4234629,8672,44.65900,9.32608,32687.5,6.9,33.0,67.6,-273.0,-1.0,-1.0,RS41,403.700,8.7,375,10,2.6,-1,-1
2023-11-01T01:16:11.001Z,U4234629,8681,44.65978,9.32910,32734.7,4.0,31.7,70.4,-273.0,-1.0,-1.0,RS41,403.700,8.7,375,9,2.6,-1,-1
2023-11-01T01:16:17.001Z,U4234629,8687,44.66032,9.33107,32765.8,4.4,27.4,64.5,-273.0,-1.0,-1.0,RS41,403.700,8.4,375,11,2.5,-1,-1
2023-11-01T01:16:21.001Z,U4234629,8691,44.66076,9.33243,32787.2,5.4,33.8,66.4,-273.0,-1.0,-1.0,RS41,403.700,9.3,375,11,2.5,-1,-1
2023-11-01T01:16:24.001Z,U4234629,8694,44.66106,9.33356,32802.2,6.0,33.2,65.6,-273.0,-1.0,-1.0,RS41,403.700,9.7,375,11,2.6,-1,-1
2023-11-01T01:16:36.001Z,U4234629,8706,44.66234,9.33787,32863.8,5.3,32.1,65.7,-273.0,-1.0,-1.0,RS41,403.700,9.1,375,11,2.6,-1,-1
2023-11-01T01:16:38.001Z,U4234629,8708,44.66254,9.33858,32874.0,5.1,28.8,70.1,-273.0,-1.0,-1.0,RS41,403.700,9.2,375,11,2.6,-1,-1
2023-11-01T01:16:39.001Z,U4234629,8709,44.66263,9.33894,32878.9,4.5,32.1,70.3,-273.0,-1.0,-1.0,RS41,403.700,9.2,375,11,2.5,-1,-1
2023-11-01T01:16:41.001Z,U4234629,8711,44.66279,9.33971,32889.0,5.1,31.4,77.1,-273.0,-1.0,-1.0,RS41,403.700,9.3,375,11,2.5,-1,-1
2023-11-01T01:16:42.001Z,U4234629,8712,44.66286,9.34012,32893.2,3.7,35.7,76.5,-273.0,-1.0,-1.0,RS41,403.700,9.3,375,11,2.6,-1,-1
2023-11-01T01:16:45.001Z,U4234629,8715,44.66307,9.34142,32908.3,5.4,36.4,74.3,-273.0,-1.0,-1.0,RS41,403.700,8.2,375,11,2.5,-1,-1
2023-11-01T01:16:48.001Z,U4234629,8718,44.66334,9.34266,32924.6,4.8,35.6,71.9,-273.0,-1.0,-1.0,RS41,403.700,8.3,375,11,2.6,-1,-1
2023-11-01T01:16:51.001Z,U4234629,8721,44.66362,9.34398,32940.3,4.3,39.4,75.2,-273.0,-1.0,-1.0,RS41,403.700,7.9,375,10,2.5,-1,-1
2023-11-01T01:17:00.001Z,U4234629,8730,44.66432,9.34815,32986.9,4.9,35.2,74.4,-273.0,-1.0,-1.0,RS41,403.700,9.3,375,9,2.6,-1,-1
2023-11-01T01:17:05.001Z,U4234629,8735,44.66472,9.35050,33013.0,4.3,40.0,78.5,-273.0,-1.0,-1.0,RS41,403.700,8.8,375,11,2.6,-1,-1
2023-11-01T01:17:08.001Z,U4234629,8738,44.66492,9.35199,33029.0,5.4,38.1,78.3,-273.0,-1.0,-1.0,RS41,403.700,8.7,375,11,2.5,-1,-1
2023-11-01T01:17:09.001Z,U4234629,8739,44.66500,9.35245,33034.8,5.8,37.8,77.4,-273.0,-1.0,-1.0,RS41,403.700,7.9,375,11,2.5,-1,-1
2023-11-01T01:17:10.001Z,U4234629,8740,44.66507,9.35293,33040.4,5.0,39.6,78.4,-273.0,-1.0,-1.0,RS41,403.700,7.9,375,11,2.5,-1,-1
2023-11-01T01:17:11.001Z,U4234629,8741,44.66514,9.35340,33045.4,4.6,37.4,76.8,-273.0,-1.0,-1.0,RS41,403.700,8.5,375,11,2.5,-1,-1
2023-11-01T01:17:12.001Z,U4234629,8742,44.66522,9.35385,33050.3,5.4,36.8,75.9,-273.0,-1.0,-1.0,RS41,403.700,8.5,375,11,2.6,-1,-1
2023-11-01T01:17:20.001Z,U4234629,8750,44.66576,9.35776,33093.1,5.3,36.7,77.6,-273.0,-1.0,-1.0,RS41,403.700,8.0,375,11,2.5,-1,-1
2023-11-01T01:17:31.001Z,U4234629,8761,44.66644,9.36273,33151.8,5.5,39.0,81.8,-273.0,-1.0,-1.0,RS41,403.700,8.1,375,11,2.6,-1,-1
2023-11-01T01:17:32.001Z,U4234629,8762,44.66650,9.36320,33158.0,6.8,37.3,80.1,-273.0,-1.0,-1.0,RS41,403.700,8.8,375,11,2.6,-1,-1
2023-11-01T01:17:33.001Z,U4234629,8763,44.66656,9.36364,33164.2,5.2,33.3,76.7,-273.0,-1.0,-1.0,RS41,403.700,8.8,375,11,2.5,-1,-1
2023-11-01T01:17:46.001Z,U4234629,8776,44.66735,9.36925,33229.0,4.7,31.8,76.8,-273.0,-1.0,-1.0,RS41,403.700,8.1,375,11,2.5,-1,-1
2023-11-01T01:18:38.001Z,U4234629,8828,44.67004,9.39195,33492.9,5.3,38.1,86.2,-50.7,-1.0,-1.0,RS41,403.700,8.0,375,11,2.5,-1,-1
2023-11-01T01:19:04.001Z,U4234629,8854,44.67068,9.40443,33626.8,5.0,42.5,86.2,-49.9,-1.0,-1.0,RS41,403.700,8.7,375,11,2.6,-1,-1
2023-11-01T01:19:12.001Z,U4234629,8862,44.67100,9.40840,33667.1,5.2,37.2,84.2,-49.7,-1.0,-1.0,RS41,403.700,8.1,375,11,2.5,-1,-1
2023-11-01T01:19:50.000Z,U4234629,8900,44.67369,9.42614,33866.3,5.3,37.7,69.3,-49.8,-1.0,-1.0,RS41,403.700,7.9,375,11,2.6,-1,-1
2023-11-01T01:20:31.000Z,U4234629,8941,44.67875,9.44379,34080.6,4.9,35.8,64.0,-49.7,-1.0,-1.0,RS41,403.700,7.9,375,11,2.5,-1,-1
2023-11-01T01:20:39.000Z,U4234629,8949,44.67971,9.44725,34121.1,5.5,38.0,68.5,-48.7,-1.0,-1.0,RS41,403.700,7.9,375,11,2.6,-1,-1
2023-11-01T01:20:44.000Z,U4234629,8954,44.68037,9.44949,34147.5,5.8,37.8,68.8,-48.6,-1.0,-1.0,RS41,403.700,7.4,375,11,2.6,-1,-1
2023-11-01T01:20:46.000Z,U4234629,8956,44.68058,9.45037,34159.2,5.5,37.4,73.3,-48.6,-1.0,-1.0,RS41,403.700,8.7,375,11,2.5,-1,-1
2023-11-01T01:20:49.000Z,U4234629,8959,44.68086,9.45172,34174.7,5.2,36.8,74.9,-48.5,-1.0,-1.0,RS41-SG,403.700,8.4,375,11,2.6,-1,-1
2023-11-01T01:20:50.000Z,U4234629,8960,44.68094,9.45217,34179.9,5.0,36.9,73.8,-48.5,-1.0,-1.0,RS41-SG,403.700,7.5,375,11,2.6,-1,-1
2023-11-01T01:21:23.000Z,U4234629,8993,44.68387,9.46758,34353.9,4.8,36.7,77.4,-49.2,-1.0,-1.0,RS41-SG,403.700,9.1,375,11,2.6,-1,-1
2023-11-01T01:21:57.000Z,U4234629,9027,44.68614,9.48304,34507.2,4.2,38.6,77.4,-47.3,-1.0,-1.0,RS41-SG,403.700,8.6,375,11,2.5,-1,-1
2023-11-01T01:21:59.000Z,U4234629,9029,44.68628,9.48397,34516.3,4.6,37.4,79.3,-47.6,-1.0,-1.0,RS41-SG,403.700,8.9,375,11,2.5,-1,-1
2023-11-01T01:22:08.000Z,U4234629,9038,44.68670,9.48796,34557.3,4.7,35.1,79.5,-47.8,-1.0,-1.0,RS41-SG,403.700,7.7,375,11,2.5,-1,-1
2023-11-01T01:22:31.000Z,U4234629,9061,44.68795,9.49820,34662.0,4.9,34.9,78.6,-47.4,-1.0,-1.0,RS41-SG,403.700,8.1,375,11,2.5,-1,-1
2023-11-01T01:23:01.000Z,U4234629,9091,44.68942,9.51093,34803.4,5.3,33.0,81.9,-47.5,-1.0,-1.0,RS41-SG,403.700,8.1,375,11,2.5,-1,-1
2023-11-01T01:23:02.000Z,U4234629,9092,44.68946,9.51134,34808.8,5.2,33.5,81.4,-47.6,-1.0,-1.0,RS41-SG,403.700,8.1,375,11,2.5,-1,-1
2023-11-01T01:23:07.000Z,U4234629,9097,44.68969,9.51351,34833.9,4.8,35.6,82.7,-47.8,-1.0,-1.0,RS41-SG,403.700,7.3,375,11,2.5,-1,-1
