timestamp,serial,frame,lat,lon,alt,vel_v,vel_h,heading,temp,humidity,pressure,type,freq_mhz,snr,f_error_hz,sats,batt_v,burst_timer,aux_data
2023-08-02T12:33:02.000Z,U2070973,7076,45.55069,9.32243,29389.2,7.0,7.8,277.1,-273.0,-1.0,-1.0,RS41,404.900,8.7,375,11,2.6,-1,-1
2023-08-02T12:33:04.000Z,U2070973,7078,45.55069,9.32220,29403.2,6.1,10.6,265.1,-273.0,-1.0,-1.0,RS41,404.900,9.1,375,11,2.7,-1,-1
2023-08-02T12:33:06.000Z,U2070973,7080,45.55068,9.32188,29414.8,5.9,14.5,266.8,-273.0,-1.0,-1.0,RS41,404.900,10.0,375,11,2.6,-1,-1
2023-08-02T12:33:07.000Z,U2070973,7081,45.55067,9.32169,29420.8,5.5,15.7,269.1,-273.0,-1.0,-1.0,RS41,404.900,10.7,375,11,2.6,-1,-1
2023-08-02T12:33:08.000Z,U2070973,7082,45.55067,9.32149,29426.2,5.3,15.9,270.3,-273.0,-1.0,-1.0,RS41,404.900,10.7,375,10,2.6,-1,-1
2023-08-02T12:33:10.000Z,U2070973,7084,45.55066,9.32111,29438.7,7.3,13.8,264.2,-273.0,-1.0,-1.0,RS41,404.900,9.4,375,11,2.7,-1,-1
2023-08-02T12:33:11.000Z,U2070973,7085,45.55064,9.32094,29445.6,6.5,12.7,258.8,-273.0,-1.0,-1.0,RS41,404.900,9.4,375,11,2.7,-1,-1
2023-08-02T12:33:12.000Z,U2070973,7086,45.55062,9.32079,29451.7,5.8,11.6,255.4,-273.0,-1.0,-1.0,RS41,404.900,9.4,375,10,2.6,-1,-1
2023-08-02T12:33:14.000Z,U2070973,7088,45.55058,9.32053,29464.8,7.6,9.4,264.6,-273.0,-1.0,-1.0,RS41,404.900,10.0,375,10,2.7,-1,-1
2023-08-02T12:33:20.000Z,U2070973,7094,45.55067,9.31976,29500.9,5.8,11.8,276.3,-273.0,-1.0,-1.0,RS41,404.900,10.3,375,10,2.7,-1,-1
2023-08-02T12:33:21.000Z,U2070973,7095,45.55068,9.31960,29507.1,6.7,13.0,277.7,-273.0,-1.0,-1.0,RS41,404.900,10.3,375,10,2.7,-1,-1
2023-08-02T12:33:22.000Z,U2070973,7096,45.55070,9.31943,29513.8,6.9,14.0,280.1,-42.9,-1.0,-1.0,RS41,404.900,9.6,375,10,2.7,-1,-1
2023-08-02T12:33:24.000Z,U2070973,7098,45.55075,9.31907,29526.2,6.1,14.5,281.4,-42.9,-1.0,-1.0,RS41,404.900,9.1,375,10,2.6,-1,-1
2023-08-02T12:33:25.000Z,U2070973,7099,45.55077,9.31889,29532.9,7.3,13.7,277.6,-42.9,-1.0,-1.0,RS41,404.900,8.6,375,10,2.6,-1,-1
2023-08-02T12:33:26.000Z,U2070973,7100,45.55078,9.31873,29540.3,7.5,12.3,271.4,-42.9,-1.0,-1.0,RS41,404.900,8.7,375,10,2.6,-1,-1
2023-08-02T12:33:27.000Z,U2070973,7101,45.55078,9.31858,29546.8,5.6,11.1,265.4,-42.8,-1.0,-1.0,RS41,404.900,10.0,375,10,2.7,-1,-1
2023-08-02T12:33:29.000Z,U2070973,7103,45.55075,9.31832,29556.7,5.6,9.1,258.5,-42.7,-1.0,-1.0,RS41,404.900,8.9,375,10,2.7,-1,-1
2023-08-02T12:33:30.000Z,U2070973,7104,45.55073,9.31821,29563.0,6.9,8.9,262.0,-42.7,-1.0,-1.0,RS41,404.900,9.7,375,10,2.6,-1,-1
2023-08-02T12:33:31.000Z,U2070973,7105,45.55073,9.31810,29569.7,6.3,9.0,268.1,-42.8,-1.0,-1.0,RS41,404.900,9.8,375,10,2.6,-1,-1
2023-08-02T12:33:32.000Z,U2070973,7106,45.55073,9.31798,29575.8,5.8,9.5,271.5,-42.8,-1.0,-1.0,RS41,404.900,9.8,375,10,2.7,-1,-1
2023-08-02T12:33:34.000Z,U2070973,7108,45.55073,9.31773,29588.6,7.3,10.1,264.8,-42.7,-1.0,-1.0,RS41,404.900,10.1,375,10,2.7,-1,-1
2023-08-02T12:33:35.000Z,U2070973,7109,45.55071,9.31760,29595.2,5.7,10.1,261.5,-42.6,-1.0,-1.0,RS41,404.900,9.9,375,10,2.6,-1,-1
2023-08-02T12:33:36.000Z,U2070973,7110,45.55070,9.31747,29600.7,5.7,10.3,259.0,-42.5,-1.0,-1.0,RS41,404.900,8.4,375,10,2.6,-1,-1
2023-08-02T12:33:37.000Z,U2070973,7111,45.55068,9.31734,29606.9,6.6,10.5,260.1,-42.4,-1.0,-1.0,RS41,404.900,9.4,375,10,2.6,-1,-1
2023-08-02T12:33:39.000Z,U2070973,7113,45.55066,9.31707,29619.8,5.7,10.9,266.7,-42.4,-1.0,-1.0,RS41,404.900,8.5,375,10,2.7,-1,-1
2023-08-02T12:33:42.000Z,U2070973,7116,45.55063,9.31670,29639.9,5.5,8.5,253.0,-42.4,-1.0,-1.0,RS41,404.900,8.8,375,10,2.6,-1,-1
2023-08-02T12:33:44.000Z,U2070973,7118,45.55057,9.31651,29651.2,6.5,7.3,244.9,-42.5,-1.0,-1.0,RS41,404.900,9.4,375,10,2.6,-1,-1
2023-08-02T12:33:52.000Z,U2070973,7126,45.55036,9.31566,29701.4,6.4,11.0,251.0,-42.3,-1.0,-1.0,RS41,404.900,8.4,375,10,2.7,-1,-1
2023-08-02T12:33:55.000Z,U2070973,7129,45.55031,9.31526,29719.7,5.4,10.0,266.9,-42.2,-1.0,-1.0,RS41,404.900,9.1,375,10,2.6,-1,-1
2023-08-02T12:33:56.000Z,U2070973,7130,45.55030,9.31514,29725.7,6.8,8.9,262.3,-42.2,-1.0,-1.0,RS41,404.900,9.9,375,10,2.7,-1,-1
2023-08-02T12:33:59.000Z,U2070973,7133,45.55022,9.31485,29744.7,6.2,8.6,234.7,-42.2,-1.0,-1.0,RS41,404.900,8.9,375,10,2.7,-1,-1
2023-08-02T12:34:01.000Z,U2070973,7135,45.55013,9.31465,29758.6,6.7,9.8,241.7,-42.2,-1.0,-1.0,RS41,404.900,8.3,375,10,2.6,-1,-1
2023-08-02T12:34:05.000Z,U2070973,7139,45.54998,9.31411,29781.4,6.6,13.2,248.6,-42.2,-1.0,-1.0,RS41,404.900,8.9,375,10,2.7,-1,-1
2023-08-02T12:34:07.000Z,U2070973,7141,45.54989,9.31380,29794.1,5.8,12.1,250.4,-42.1,-1.0,-1.0,RS41,404.900,9.4,375,10,2.6,-1,-1
2023-08-02T12:34:09.000Z,U2070973,7143,45.54985,9.31354,29806.6,7.1,9.6,269.6,-42.2,-1.0,-1.0,RS41,404.900,8.3,375,10,2.7,-1,-1
2023-08-02T12:34:13.000Z,U2070973,7147,45.54992,9.31308,29829.9,7.3,8.9,276.0,-42.2,-1.0,-1.0,RS41,404.900,8.9,375,10,2.6,-1,-1
2023-08-02T12:34:14.000Z,U2070973,7148,45.54992,9.31296,29837.1,7.5,9.2,261.7,-42.2,-1.0,-1.0,RS41,404.900,9.3,375,10,2.7,-1,-1
2023-08-02T12:34:15.000Z,U2070973,7149,45.54990,9.31285,29843.7,5.7,10.0,253.9,-42.1,-1.0,-1.0,RS41,404.900,9.3,375,10,2.7,-1,-1
2023-08-02T12:34:16.000Z,U2070973,7150,45.54987,9.31272,29849.4,6.2,11.3,249.4,-42.1,-1.0,-1.0,RS41,404.900,9.8,375,10,2.7,-1,-1
2023-08-02T12:34:19.000Z,U2070973,7153,45.54979,9.31227,29868.8,5.1,12.6,261.9,-42.0,0.1,-1.0,RS41,404.900,9.2,375,10,2.6,-1,-1
2023-08-02T12:34:20.000Z,U2070973,7154,45.54978,9.31211,29874.2,5.8,12.8,266.4,-42.0,0.2,-1.0,RS41,404.900,9.5,375,10,2.6,-1,-1
2023-08-02T12:34:21.000Z,U2070973,7155,45.54977,9.31194,29880.4,7.0,12.9,267.7,-42.0,0.1,-1.0,RS41,404.900,9.6,375,10,2.7,-1,-1
2023-08-02T12:34:25.000Z,U2070973,7159,45.54977,9.31129,29904.1,6.7,13.0,278.4,-42.1,0.1,-1.0,RS41,404.900,9.2,375,10,2.6,-1,-1
2023-08-02T12:34:27.000Z,U2070973,7161,45.54982,9.31097,29917.1,6.5,12.1,282.5,-42.3,0.4,-1.0,RS41,404.900,9.7,375,10,2.7,-1,-1
2023-08-02T12:34:30.000Z,U2070973,7164,45.54983,9.31058,29937.6,5.0,9.1,254.3,-42.1,0.1,-1.0,RS41,404.900,9.0,375,10,2.6,-1,-1
2023-08-02T12:34:31.000Z,U2070973,7165,45.54980,9.31047,29942.5,4.7,9.4,244.7,-42.1,0.2,-1.0,RS41,404.900,9.3,375,10,2.6,-1,-1
2023-08-02T12:34:35.001Z,U2070973,7169,45.54965,9.30997,29967.4,4.6,12.4,257.8,-42.1,0.3,-1.0,RS41,404.900,10.3,375,10,2.7,-1,-1
2023-08-02T12:34:36.001Z,U2070973,7170,45.54963,9.30980,29972.4,5.3,13.5,260.4,-42.2,0.4,-1.0,RS41,404.900,10.7,375,10,2.6,-1,-1
2023-08-02T12:34:37.001Z,U2070973,7171,45.54961,9.30963,29978.6,6.7,14.2,260.5,-42.2,0.0,-1.0,RS41,404.900,10.8,375,10,2.6,-1,-1
2023-08-02T12:34:38.001Z,U2070973,7172,45.54959,9.30945,29985.0,6.0,14.6,259.0,-42.2,0.2,-1.0,RS41,404.900,10.8,375,10,2.6,-1,-1
2023-08-02T12:34:40.001Z,U2070973,7174,45.54954,9.30909,29996.7,6.7,14.1,258.6,-42.1,0.4,-1.0,RS41-SG,404.900,8.9,375,9,2.7,-1,-1
2023-08-02T12:34:41.001Z,U2070973,7175,45.54951,9.30891,30003.6,7.3,13.6,261.0,-42.0,0.3,-1.0,RS41-SG,404.900,9.4,375,10,2.7,-1,-1
2023-08-02T12:34:46.001Z,U2070973,7180,45.54939,9.30825,30036.0,5.2,8.9,230.3,-42.0,0.3,-1.0,RS41-SG,404.900,9.9,375,10,2.7,-1,-1
2023-08-02T12:34:47.001Z,U2070973,7181,45.54933,9.30817,30040.7,4.5,9.0,223.7,-42.0,0.4,-1.0,RS41-SG,404.900,10.4,375,10,2.6,-1,-1
2023-08-02T12:34:50.001Z,U2070973,7184,45.54918,9.30791,30059.1,6.5,9.2,244.7,-41.9,0.1,-1.0,RS41-SG,404.900,10.0,375,10,2.7,-1,-1
2023-08-02T12:34:51.001Z,U2070973,7185,45.54915,9.30779,30065.3,5.9,10.1,252.7,-41.8,0.2,-1.0,RS41-SG,404.900,10.6,375,10,2.7,-1,-1
2023-08-02T12:34:52.001Z,U2070973,7186,45.54913,9.30766,30071.1,6.0,11.2,255.3,-41.8,0.4,-1.0,RS41-SG,404.900,10.6,375,10,2.7,-1,-1
2023-08-02T12:34:53.001Z,U2070973,7187,45.54910,9.30752,30077.7,7.2,12.2,251.8,-41.8,0.4,-1.0,RS41-SG,404.900,10.2,375,10,2.7,-1,-1
2023-08-02T12:34:54.001Z,U2070973,7188,45.54906,9.30737,30084.7,6.9,13.1,247.3,-41.9,0.0,-1.0,RS41-SG,404.900,9.5,375,10,2.6,-1,-1
2023-08-02T12:34:56.001Z,U2070973,7190,45.54895,9.30706,30096.0,5.7,13.1,242.3,-41.7,0.2,-1.0,RS41-SG,404.900,9.1,375,10,2.6,-1,-1
2023-08-02T12:35:01.001Z,U2070973,7195,45.54876,9.30646,30126.9,7.2,8.3,240.1,-41.8,0.2,-1.0,RS41-SG,404.900,10.0,375,10,2.6,-1,-1
2023-08-02T12:35:04.001Z,U2070973,7198,45.54861,9.30619,30145.7,6.9,10.3,230.2,-41.6,0.4,-1.0,RS41-SG,404.900,10.2,375,10,2.7,-1,-1
2023-08-02T12:35:09.001Z,U2070973,7203,45.54836,9.30542,30176.1,6.7,16.9,249.2,-41.5,0.0,-1.0,RS41-SG,404.900,11.2,375,10,2.7,-1,-1
2023-08-02T12:35:10.001Z,U2070973,7204,45.54830,9.30521,30182.8,7.3,17.3,247.1,-41.5,0.3,-1.0,RS41-SG,404.900,11.2,375,10,2.7,-1,-1
2023-08-02T12:35:12.001Z,U2070973,7206,45.54818,9.30483,30195.9,6.5,15.1,246.5,-41.6,0.3,-1.0,RS41-SG,404.900,10.3,375,10,2.6,-1,-1
2023-08-02T12:35:15.001Z,U2070973,7209,45.54809,9.30438,30214.5,4.8,10.4,262.4,-41.4,0.1,-1.0,RS41-SG,404.900,9.9,375,9,2.7,-1,-1
2023-08-02T12:35:19.001Z,U2070973,7213,45.54800,9.30386,30239.6,6.1,12.3,247.7,-41.5,0.1,-1.0,RS41-SG,404.900,10.9,375,10,2.6,-1,-1
2023-08-02T12:35:20.001Z,U2070973,7214,45.54796,9.30370,30245.9,6.2,13.8,247.7,-41.4,0.1,-1.0,RS41-SG,404.900,11.3,375,10,2.6,-1,-1
2023-08-02T12:35:21.001Z,U2070973,7215,45.54791,9.30353,30252.5,7.0,15.4,250.3,-41.5,0.2,-1.0,RS41-SG,404.900,11.6,375,10,2.6,-1,-1
2023-08-02T12:35:22.001Z,U2070973,7216,45.54787,9.30334,30259.0,6.5,16.3,254.3,-41.6,0.1,-1.0,RS41-SG,404.900,11.6,375,10,2.7,-1,-1
2023-08-02T12:35:24.001Z,U2070973,7218,45.54780,9.30292,30270.0,5.9,17.3,257.2,-41.6,0.3,-1.0,RS41-SG,404.900,10.7,375,10,2.7,-1,-1
2023-08-02T12:35:25.001Z,U2070973,7219,45.54776,9.30271,30276.6,6.9,17.1,255.9,-41.6,0.1,-1.0,RS41-SG,404.900,10.7,375,10,2.6,-1,-1
2023-08-02T12:35:26.001Z,U2070973,7220,45.54772,9.30250,30283.3,6.3,16.9,254.1,-41.6,0.2,-1.0,RS41-SG,404.900,10.2,375,10,2.6,-1,-1
2023-08-02T12:35:27.001Z,U2070973,7221,45.54768,9.30229,30289.1,5.4,16.4,253.7,-41.6,0.0,-1.0,RS41-SG,404.900,10.2,375,10,2.7,-1,-1
2023-08-02T12:35:28.001Z,U2070973,7222,45.54764,9.30210,30294.8,6.2,15.6,256.7,-41.6,0.1,-1.0,RS41-SG,404.900,10.2,375,10,2.7,-1,-1
2023-08-02T12:35:29.001Z,U2070973,7223,45.54762,9.30191,30301.4,7.0,14.6,263.3,-41.6,0.5,-1.0,RS41-SG,404.900,10.8,375,10,2.7,-1,-1
2023-08-02T12:35:31.001Z,U2070973,7225,45.54762,9.30156,30314.4,5.6,13.0,275.7,-41.9,0.2,-1.0,RS41-SG,404.900,11.5,375,10,2.6,-1,-1
2023-08-02T12:35:32.001Z,U2070973,7226,45.54763,9.30140,30320.1,5.8,12.3,276.8,-41.9,0.2,-1.0,RS41-SG,404.900,11.5,375,10,2.6,-1,-1
2023-08-02T12:35:34.001Z,U2070973,7228,45.54763,9.30109,30333.8,6.7,11.9,263.8,-41.9,0.4,-1.0,RS41-SG,404.900,12.8,375,10,2.7,-1,-1
2023-08-02T12:35:35.001Z,U2070973,7229,45.54762,9.30094,30339.8,5.7,12.5,258.0,-41.9,0.4,-1.0,RS41-SG,404.900,11.3,375,10,2.7,-1,-1
2023-08-02T12:35:36.001Z,U2070973,7230,45.54759,9.30078,30345.9,6.5,13.5,256.2,-41.8,0.3,-1.0,RS41-SG,404.900,11.1,375,10,2.7,-1,-1
2023-08-02T12:35:37.001Z,U2070973,7231,45.54756,9.30060,30353.1,7.8,14.5,258.6,-41.7,0.3,-1.0,RS41-SG,404.900,11.5,375,10,2.6,-1,-1
2023-08-02T12:35:39.001Z,U2070973,7233,45.54753,9.30022,30365.9,5.1,15.9,265.4,-41.7,0.2,-1.0,RS41-SG,404.900,11.3,375,10,2.6,-1,-1
2023-08-02T12:35:40.001Z,U2070973,7234,45.54752,9.30001,30371.9,6.3,16.7,267.0,-41.8,0.1,-1.0,RS41-SG,404.900,11.3,375,10,2.7,-1,-1
2023-08-02T12:35:41.001Z,U2070973,7235,45.54751,9.29980,30378.5,7.4,17.3,266.6,-41.8,0.0,-1.0,RS41-SG,404.900,11.1,375,10,2.7,-1,-1
2023-08-02T12:35:42.001Z,U2070973,7236,45.54750,9.29958,30385.1,6.2,17.4,266.7,-41.9,0.2,-1.0,RS41-SG,404.900,11.6,375,10,2.7,-1,-1
2023-08-02T12:35:43.001Z,U2070973,7237,45.54749,9.29936,30391.2,6.1,17.2,269.3,-41.9,0.0,-1.0,RS41-SG,404.900,11.6,375,10,2.6,-1,-1
2023-08-02T12:35:46.001Z,U2070973,7240,45.54755,9.29872,30410.9,5.6,16.6,284.4,-41.9,0.3,-1.0,RS41-SG,404.900,12.7,375,10,2.7,-1,-1
2023-08-02T12:35:47.001Z,U2070973,7241,45.54759,9.29852,30416.4,5.4,16.1,285.8,-41.8,0.3,-1.0,RS41-SG,404.900,13.1,375,10,2.7,-1,-1
2023-08-02T12:35:49.001Z,U2070973,7243,45.54765,9.29814,30429.6,7.4,14.4,276.5,-41.8,0.0,-1.0,RS41-SG,404.900,11.9,375,10,2.6,-1,-1
2023-08-02T12:35:50.001Z,U2070973,7244,45.54765,9.29796,30436.0,5.4,14.1,270.4,-41.8,0.2,-1.0,RS41-SG,404.900,11.6,375,10,2.6,-1,-1
2023-08-02T12:35:51.001Z,U2070973,7245,45.54765,9.29779,30441.2,5.2,14.0,265.7,-41.7,0.1,-1.0,RS41-SG,404.900,11.0,375,10,2.7,-1,-1
2023-08-02T12:35:52.001Z,U2070973,7246,45.54764,9.29761,30446.8,6.4,14.0,264.6,-41.6,0.3,-1.0,RS41-SG,404.900,11.4,375,10,2.7,-1,-1
2023-08-02T12:35:54.001Z,U2070973,7248,45.54763,9.29725,30460.9,7.0,14.1,272.8,-41.6,0.3,-1.0,RS41-SG,404.900,12.7,375,10,2.7,-1,-1
2023-08-02T12:35:55.001Z,U2070973,7249,45.54764,9.29707,30467.5,5.9,14.2,275.8,-41.5,0.4,-1.0,RS41-SG,404.900,12.7,375,10,2.6,-1,-1
2023-08-02T12:35:56.001Z,U2070973,7250,45.54766,9.29689,30473.3,5.8,14.1,275.9,-41.5,0.0,-1.0,RS41-SG,404.900,12.1,375,10,2.6,-1,-1
2023-08-02T12:35:57.001Z,U2070973,7251,45.54767,9.29671,30479.5,6.7,14.0,272.3,-41.5,0.2,-1.0,RS41-SG,404.900,12.9,375,10,2.6,-1,-1
2023-08-02T12:35:59.001Z,U2070973,7253,45.54765,9.29636,30493.0,5.6,13.6,262.4,-41.5,0.2,-1.0,RS41-SG,404.900,12.2,375,10,2.7,-1,-1
2023-08-02T12:36:00.001Z,U2070973,7254,45.54763,9.29619,30498.3,5.5,12.8,259.2,-41.5,0.4,-1.0,RS41-SG,404.900,12.2,375,10,2.7,-1,-1
2023-08-02T12:36:01.001Z,U2070973,7255,45.54761,9.29604,30504.2,6.4,11.5,258.6,-41.4,0.4,-1.0,RS41-SG,404.900,11.2,375,10,2.7,-1,-1
2023-08-02T12:36:02.001Z,U2070973,7256,45.54760,9.29590,30511.0,7.1,10.1,260.7,-41.3,0.1,-1.0,RS41-SG,404.900,11.5,375,10,2.6,-1,-1
2023-08-02T12:36:04.001Z,U2070973,7258,45.54758,9.29567,30522.4,5.2,9.1,266.5,-41.0,0.1,-1.0,RS41-SG,404.900,11.5,375,10,2.6,-1,-1
2023-08-02T12:36:05.001Z,U2070973,7259,45.54757,9.29555,30528.2,6.3,9.6,264.0,-41.0,0.1,-1.0,RS41-SG,404.900,11.5,375,10,2.7,-1,-1
2023-08-02T12:36:06.001Z,U2070973,7260,45.54756,9.29542,30535.0,7.5,10.8,258.4,-41.0,0.3,-1.0,RS41-SG,404.900,11.4,375,10,2.7,-1,-1
2023-08-02T12:36:07.001Z,U2070973,7261,45.54753,9.29528,30541.9,6.3,12.0,254.5,-40.9,0.3,-1.0,RS41-SG,404.900,11.4,375,9,2.7,-1,-1
2023-08-02T12:36:09.001Z,U2070973,7263,45.54747,9.29496,30553.6,5.9,13.3,255.0,-40.8,0.1,-1.0,RS41-SG,404.900,13.3,375,10,2.6,-1,-1
2023-08-02T12:36:10.001Z,U2070973,7264,45.54744,9.29480,30560.0,7.1,13.2,258.4,-40.9,0.0,-1.0,RS41-SG,404.900,13.1,375,10,2.7,-1,-1
2023-08-02T12:36:11.001Z,U2070973,7265,45.54742,9.29464,30567.0,6.8,12.9,262.9,-40.9,0.2,-1.0,RS41-SG,404.900,13.1,375,10,2.7,-1,-1
2023-08-02T12:36:12.001Z,U2070973,7266,45.54741,9.29448,30573.0,5.4,12.6,265.6,-40.9,0.3,-1.0,RS41-SG,404.900,13.4,375,10,2.7,-1,-1
2023-08-02T12:36:13.001Z,U2070973,7267,45.54740,9.29431,30578.8,6.2,12.6,265.0,-40.9,0.0,-1.0,RS41-SG,404.900,13.4,375,10,2.6,-1,-1
2023-08-02T12:36:14.001Z,U2070973,7268,45.54739,9.29415,30585.7,7.8,13.0,260.1,-40.9,0.1,-1.0,RS41-SG,404.900,14.2,375,10,2.6,-1,-1
2023-08-02T12:36:15.001Z,U2070973,7269,45.54736,9.29399,30592.6,6.1,13.5,255.5,-40.8,0.0,-1.0,RS41-SG,404.900,14.2,375,10,2.7,-1,-1
2023-08-02T12:36:16.001Z,U2070973,7270,45.54733,9.29382,30598.2,5.2,14.3,252.3,-40.7,0.4,-1.0,RS41-SG,404.900,12.9,375,10,2.7,-1,-1
2023-08-02T12:36:17.001Z,U2070973,7271,45.54729,9.29364,30603.7,6.3,14.6,251.9,-40.6,0.0,-1.0,RS41-SG,404.900,13.9,375,10,2.6,-1,-1
2023-08-02T12:36:19.001Z,U2070973,7273,45.54722,9.29329,30617.0,6.2,14.1,256.6,-40.4,0.0,-1.0,RS41-SG,404.900,11.9,375,10,2.7,-1,-1
2023-08-02T12:36:20.001Z,U2070973,7274,45.54719,9.29311,30623.2,6.2,13.9,257.4,-40.3,0.3,-1.0,RS41-SG,404.900,12.0,375,10,2.7,-1,-1
2023-08-02T12:36:21.001Z,U2070973,7275,45.54716,9.29294,30629.9,7.2,13.7,254.7,-40.2,0.3,-1.0,RS41-SG,404.900,12.9,375,10,2.7,-1,-1
2023-08-02T12:36:22.001Z,U2070973,7276,45.54712,9.29278,30637.2,7.2,13.8,250.1,-40.2,0.1,-1.0,RS41-SG,404.900,12.9,375,10,2.6,-1,-1
2023-08-02T12:36:24.001Z,U2070973,7278,45.54703,9.29245,30649.4,6.1,13.7,245.7,-40.1,0.0,-1.0,RS41-SG,404.900,12.2,375,10,2.7,-1,-1
2023-08-02T12:36:25.001Z,U2070973,7279,45.54698,9.29229,30656.1,7.1,13.2,248.7,-40.1,0.4,-1.0,RS41-SG,404.900,13.1,375,10,2.7,-1,-1
2023-08-02T12:36:26.001Z,U2070973,7280,45.54694,9.29214,30662.9,6.6,12.9,254.1,-40.0,0.2,-1.0,RS41-SG,404.900,13.1,375,10,2.7,-1,-1
2023-08-02T12:36:27.001Z,U2070973,7281,45.54692,9.29197,30669.0,5.6,13.3,257.9,-40.0,0.3,-1.0,RS41-SG,404.900,13.1,375,10,2.6,-1,-1
2023-08-02T12:36:28.001Z,U2070973,7282,45.54689,9.29180,30675.0,6.4,14.2,259.4,-40.0,0.1,-1.0,RS41-SG,404.900,13.1,375,10,2.6,-1,-1
2023-08-02T12:36:29.001Z,U2070973,7283,45.54687,9.29162,30681.5,7.1,15.4,257.1,-40.0,0.1,-1.0,RS41-SG,404.900,12.7,375,10,2.6,-1,-1
2023-08-02T12:36:30.001Z,U2070973,7284,45.54683,9.29142,30688.0,6.1,16.5,254.3,-40.0,0.1,-1.0,RS41-SG,404.900,13.5,375,10,2.7,-1,-1
2023-08-02T12:36:31.001Z,U2070973,7285,45.54679,9.29121,30693.2,4.7,17.4,252.4,-40.0,0.2,-1.0,RS41-SG,404.900,13.5,375,10,2.7,-1,-1
2023-08-02T12:36:32.001Z,U2070973,7286,45.54674,9.29100,30698.6,5.8,17.9,253.2,-40.1,0.3,-1.0,RS41-SG,404.900,12.9,375,10,2.7,-1,-1
2023-08-02T12:36:34.001Z,U2070973,7288,45.54666,9.29056,30712.2,6.7,17.2,258.9,-40.1,0.0,-1.0,RS41-SG,404.900,12.9,375,10,2.6,-1,-1
2023-08-02T12:36:35.001Z,U2070973,7289,45.54664,9.29035,30718.4,5.6,16.3,261.2,-40.1,0.1,-1.0,RS41-SG,404.900,12.7,375,10,2.6,-1,-1
2023-08-02T12:36:36.001Z,U2070973,7290,45.54661,9.29015,30724.5,6.5,15.6,261.1,-40.0,0.2,-1.0,RS41-SG,404.900,12.7,375,10,2.6,-1,-1
2023-08-02T12:36:37.001Z,U2070973,7291,45.54659,9.28996,30731.6,7.8,15.1,258.4,-39.9,0.0,-1.0,RS41-SG,404.900,12.4,375,10,2.7,-1,-1
2023-08-02T12:36:38.001Z,U2070973,7292,45.54656,9.28977,30738.4,6.3,14.9,256.6,-39.9,0.3,-1.0,RS41-SG,404.900,12.4,375,10,2.7,-1,-1
2023-08-02T12:36:39.001Z,U2070973,7293,45.54653,9.28959,30744.3,5.7,14.9,256.9,-39.9,0.3,-1.0,RS41-SG,404.900,11.3,375,10,2.7,-1,-1
2023-08-02T12:36:40.001Z,U2070973,7294,45.54651,9.28940,30750.8,7.0,15.0,261.4,-39.9,0.4,-1.0,RS41-SG,404.900,13.9,375,10,2.7,-1,-1
2023-08-02T12:36:41.001Z,U2070973,7295,45.54649,9.28921,30757.8,7.1,15.1,267.9,-39.9,0.1,-1.0,RS41-SG,404.900,14.2,375,10,2.6,-1,-1
2023-08-02T12:36:42.001Z,U2070973,7296,45.54649,9.28902,30764.8,6.8,15.5,273.8,-39.9,0.1,-1.0,RS41-SG,404.900,14.2,375,10,2.6,-1,-1
2023-08-02T12:36:45.001Z,U2070973,7299,45.54654,9.28839,30783.3,7.1,17.5,273.0,-40.0,0.3,-1.0,RS41-SG,404.900,12.4,375,10,2.7,-1,-1
2023-08-02T12:36:46.001Z,U2070973,7300,45.54654,9.28817,30790.6,7.5,18.1,268.5,-39.9,0.3,-1.0,RS41-SG,404.900,13.3,375,9,2.7,-1,-1
2023-08-02T12:36:47.001Z,U2070973,7301,45.54653,9.28793,30797.2,6.0,18.7,263.9,-39.8,0.0,-1.0,RS41-SG,404.900,13.3,375,10,2.6,-1,-1
2023-08-02T12:36:49.001Z,U2070973,7303,45.54649,9.28745,30808.1,5.9,19.2,261.9,-39.7,0.0,-1.0,RS41-SG,404.900,12.9,375,10,2.7,-1,-1
2023-08-02T12:36:50.001Z,U2070973,7304,45.54647,9.28721,30814.7,7.7,18.9,266.4,-39.7,0.3,-1.0,RS41-SG,404.900,9.6,375,10,2.7,-1,-1
2023-08-02T12:36:51.001Z,U2070973,7305,45.54647,9.28698,30822.3,6.9,18.1,272.7,-39.8,0.3,-1.0,RS41-SG,404.900,10.9,375,10,2.7,-1,-1
2023-08-02T12:36:53.001Z,U2070973,7307,45.54651,9.28655,30834.2,5.7,15.9,282.1,-39.8,0.1,-1.0,RS41-SG,404.900,13.9,375,9,2.6,-1,-1
2023-08-02T12:36:54.001Z,U2070973,7308,45.54654,9.28636,30840.6,6.9,14.2,283.9,-40.0,0.0,-1.0,RS41-SG,404.900,13.9,375,10,2.7,-1,-1
2023-08-02T12:36:55.001Z,U2070973,7309,45.54657,9.28619,30847.1,6.3,13.2,282.9,-40.0,0.4,-1.0,RS41-SG,404.900,14.8,375,10,2.7,-1,-1
2023-08-02T12:36:56.001Z,U2070973,7310,45.54659,9.28603,30853.1,6.0,12.8,280.7,-40.1,0.3,-1.0,RS41-SG,404.900,14.8,375,10,2.6,-1,-1
2023-08-02T12:36:59.001Z,U2070973,7313,45.54666,9.28549,30874.0,6.3,16.5,281.5,-40.2,0.4,-1.0,RS41-SG,404.900,14.7,375,10,2.7,-1,-1
2023-08-02T12:37:00.001Z,U2070973,7314,45.54669,9.28528,30879.8,5.6,18.2,280.6,-40.1,0.3,-1.0,RS41-SG,404.900,15.1,375,10,2.7,-1,-1
2023-08-02T12:37:01.001Z,U2070973,7315,45.54672,9.28504,30885.3,5.7,19.5,278.5,-40.1,0.1,-1.0,RS41-SG,404.900,15.1,375,10,2.6,-1,-1
2023-08-02T12:37:02.001Z,U2070973,7316,45.54674,9.28479,30891.4,6.1,20.2,275.1,-40.1,0.1,-1.0,RS41-SG,404.900,13.8,375,10,2.6,-1,-1
2023-08-02T12:37:03.001Z,U2070973,7317,45.54675,9.28453,30897.9,7.2,20.2,271.8,-40.1,0.0,-1.0,RS41-SG,404.900,12.7,375,10,2.7,-1,-1
2023-08-02T12:37:04.001Z,U2070973,7318,45.54676,9.28428,30904.4,6.2,19.6,271.2,-40.1,0.4,-1.0,RS41-SG,404.900,12.8,375,10,2.7,-1,-1
2023-08-02T12:37:05.001Z,U2070973,7319,45.54677,9.28403,30910.6,6.1,18.9,273.9,-40.0,0.2,-1.0,RS41-SG,404.900,12.8,375,10,2.7,-1,-1
2023-08-02T12:37:06.001Z,U2070973,7320,45.54679,9.28380,30917.2,6.9,18.1,280.1,-40.0,0.0,-1.0,RS41-SG,404.900,12.5,375,10,2.6,-1,-1
2023-08-02T12:37:07.001Z,U2070973,7321,45.54683,9.28358,30924.2,7.0,18.0,289.0,-40.1,0.0,-1.0,RS41-SG,404.900,14.5,375,10,2.6,-1,-1
2023-08-02T12:37:09.001Z,U2070973,7323,45.54696,9.28316,30935.4,5.4,18.6,299.0,-40.2,0.0,-1.0,RS41-SG,404.900,14.2,375,10,2.7,-1,-1
2023-08-02T12:37:10.001Z,U2070973,7324,45.54704,9.28295,30941.4,6.9,18.5,299.5,-40.1,0.4,-1.0,RS41-SG,404.900,14.2,375,10,2.7,-1,-1
2023-08-02T12:37:11.001Z,U2070973,7325,45.54712,9.28275,30948.6,7.5,17.8,296.3,-40.2,0.2,-1.0,RS41-SG,404.900,14.6,375,10,2.7,-1,-1
2023-08-02T12:37:12.001Z,U2070973,7326,45.54718,9.28254,30954.9,5.4,17.4,292.8,-40.1,0.3,-1.0,RS41-SG,404.900,14.6,375,10,2.7,-1,-1
2023-08-02T12:37:13.001Z,U2070973,7327,45.54724,9.28234,30960.4,5.6,17.2,288.9,-40.1,0.3,-1.0,RS41-SG,404.900,14.2,375,10,2.6,-1,-1
2023-08-02T12:37:14.001Z,U2070973,7328,45.54729,9.28212,30966.7,6.8,17.8,286.9,-40.0,0.0,-1.0,RS41-SG,404.900,13.9,375,10,2.6,-1,-1
2023-08-02T12:37:15.001Z,U2070973,7329,45.54734,9.28190,30973.6,7.0,18.6,287.9,-40.0,0.1,-1.0,RS41-SG,404.900,13.1,375,10,2.6,-1,-1
2023-08-02T12:37:16.001Z,U2070973,7330,45.54739,9.28168,30980.0,5.6,19.2,289.5,-39.9,0.0,-1.0,RS41-SG,404.900,13.7,375,10,2.7,-1,-1
2023-08-02T12:37:17.001Z,U2070973,7331,45.54745,9.28145,30985.1,5.0,19.2,290.5,-39.9,0.4,-1.0,RS41-SG,404.900,14.5,375,10,2.7,-1,-1
2023-08-02T12:37:19.001Z,U2070973,7333,45.54757,9.28101,30997.3,7.4,17.7,293.1,-39.9,0.2,-1.0,RS41-SG,404.900,13.8,375,10,2.7,-1,-1
2023-08-02T12:37:20.001Z,U2070973,7334,45.54763,9.28080,31004.4,6.7,16.9,294.1,-39.9,0.3,-1.0,RS41-SG,404.900,13.9,375,10,2.6,-1,-1
2023-08-02T12:37:21.001Z,U2070973,7335,45.54770,9.28061,31010.5,5.4,16.7,295.4,-39.9,0.1,-1.0,RS41-SG,404.900,13.9,375,10,2.6,-1,-1
2023-08-02T12:37:22.001Z,U2070973,7336,45.54777,9.28042,31016.2,5.5,17.0,297.6,-39.9,0.1,-1.0,RS41-SG,404.900,13.1,375,10,2.6,-1,-1
2023-08-02T12:37:24.001Z,U2070973,7338,45.54793,9.28002,31028.6,7.0,19.6,302.0,-40.0,0.3,-1.0,RS41-SG,404.900,14.4,375,10,2.7,-1,-1
2023-08-02T12:37:25.001Z,U2070973,7339,45.54802,9.27980,31035.0,5.8,20.5,302.7,-40.0,0.4,-1.0,RS41-SG,404.900,14.4,375,10,2.7,-1,-1
2023-08-02T12:37:26.001Z,U2070973,7340,45.54812,9.27958,31041.3,6.4,20.5,302.1,-39.9,0.1,-1.0,RS41-SG,404.900,14.2,375,10,2.6,-1,-1
2023-08-02T12:37:27.001Z,U2070973,7341,45.54821,9.27936,31048.3,7.6,19.2,299.2,-39.9,0.1,-1.0,RS41-SG,404.900,14.2,375,10,2.6,-1,-1
2023-08-02T12:37:29.001Z,U2070973,7343,45.54834,9.27895,31062.4,4.9,16.2,288.6,-39.7,0.3,-1.0,RS41-SG,404.900,13.8,375,10,2.7,-1,-1
2023-08-02T12:37:30.001Z,U2070973,7344,45.54838,9.27876,31067.3,4.7,15.4,282.7,-39.6,0.2,-1.0,RS41-SG,404.900,13.8,375,10,2.7,-1,-1
2023-08-02T12:37:31.001Z,U2070973,7345,45.54841,9.27857,31072.6,5.8,15.3,279.1,-39.6,0.4,-1.0,RS41-SG,404.900,13.8,375,10,2.6,-1,-1
2023-08-02T12:37:32.001Z,U2070973,7346,45.54843,9.27837,31079.3,7.3,15.8,279.6,-39.6,0.0,-1.0,RS41-SG,404.900,14.1,375,10,2.6,-1,-1
2023-08-02T12:37:34.001Z,U2070973,7348,45.54849,9.27796,31092.1,5.1,17.0,285.4,-39.4,0.3,-1.0,RS41-SG,404.900,14.2,375,10,2.7,-1,-1
2023-08-02T12:37:35.001Z,U2070973,7349,45.54854,9.27776,31097.3,5.6,17.1,287.4,-39.3,0.2,-1.0,RS41-SG,404.900,14.7,375,10,2.7,-1,-1
2023-08-02T12:37:36.001Z,U2070973,7350,45.54858,9.27755,31103.1,6.2,16.7,288.3,-39.4,0.3,-1.0,RS41-SG,404.900,14.7,375,10,2.6,-1,-1
2023-08-02T12:37:37.001Z,U2070973,7351,45.54863,9.27735,31109.9,7.3,16.1,287.1,-39.3,0.1,-1.0,RS41-SG,404.900,13.7,375,10,2.6,-1,-1
2023-08-02T12:37:39.001Z,U2070973,7353,45.54870,9.27697,31122.5,5.6,15.3,285.1,-39.2,0.0,-1.0,RS41-SG,404.900,14.4,375,10,2.7,-1,-1
2023-08-02T12:37:40.001Z,U2070973,7354,45.54874,9.27678,31128.5,6.9,15.5,286.3,-39.1,0.4,-1.0,RS41-SG,404.900,14.7,375,10,2.7,-1,-1
2023-08-02T12:37:41.001Z,U2070973,7355,45.54878,9.27659,31135.5,7.2,16.4,288.2,-39.2,0.3,-1.0,RS41-SG,404.900,14.7,375,10,2.7,-1,-1
2023-08-02T12:37:42.001Z,U2070973,7356,45.54883,9.27638,31141.9,5.6,17.3,289.0,-39.2,0.2,-1.0,RS41-SG,404.900,13.5,375,10,2.7,-1,-1
2023-08-02T12:37:44.001Z,U2070973,7358,45.54892,9.27596,31154.5,7.4,17.4,283.4,-39.1,0.0,-1.0,RS41-SG,404.900,15.1,375,10,2.6,-1,-1
2023-08-02T12:37:45.001Z,U2070973,7359,45.54895,9.27574,31162.1,7.2,16.9,277.1,-39.1,0.1,-1.0,RS41-SG,404.900,15.1,375,10,2.6,-1,-1
2023-08-02T12:37:46.001Z,U2070973,7360,45.54896,9.27553,31168.3,5.3,16.4,272.0,-39.1,0.1,-1.0,RS41-SG,404.900,14.0,375,10,2.7,-1,-1
2023-08-02T12:37:47.001Z,U2070973,7361,45.54896,9.27532,31173.6,5.5,16.1,268.2,-39.1,0.3,-1.0,RS41-SG,404.900,12.5,375,10,2.7,-1,-1
2023-08-02T12:37:48.001Z,U2070973,7362,45.54896,9.27512,31179.6,6.7,15.9,268.3,-39.1,0.2,-1.0,RS41-SG,404.900,13.4,375,10,2.7,-1,-1
2023-08-02T12:37:49.001Z,U2070973,7363,45.54896,9.27492,31186.3,6.9,15.9,271.3,-39.0,0.2,-1.0,RS41-SG,404.900,13.4,375,10,2.7,-1,-1
2023-08-02T12:37:50.001Z,U2070973,7364,45.54896,9.27472,31192.9,6.2,15.8,274.6,-39.1,0.3,-1.0,RS41-SG,404.900,13.2,375,10,2.6,-1,-1
2023-08-02T12:37:51.001Z,U2070973,7365,45.54898,9.27452,31198.6,5.1,15.4,276.4,-39.0,0.0,-1.0,RS41-SG,404.900,12.9,375,10,2.6,-1,-1
2023-08-02T12:37:52.001Z,U2070973,7366,45.54899,9.27433,31204.2,5.8,14.7,275.7,-39.0,0.1,-1.0,RS41-SG,404.900,12.9,375,10,2.6,-1,-1
2023-08-02T12:37:54.001Z,U2070973,7368,45.54900,9.27398,31217.2,6.7,12.9,269.2,-39.0,0.4,-1.0,RS41-SG,404.900,13.4,375,10,2.7,-1,-1
2023-08-02T12:37:55.001Z,U2070973,7369,45.54900,9.27382,31223.1,5.4,12.8,264.6,-39.0,0.3,-1.0,RS41-SG,404.900,14.9,375,10,2.7,-1,-1
2023-08-02T12:37:56.001Z,U2070973,7370,45.54899,9.27365,31228.6,5.3,13.2,264.0,-38.9,0.2,-1.0,RS41-SG,404.900,14.9,375,10,2.7,-1,-1
2023-08-02T12:37:57.001Z,U2070973,7371,45.54898,9.27348,31234.4,6.6,14.2,266.9,-38.9,0.4,-1.0,RS41-SG,404.900,14.5,375,10,2.6,-1,-1
2023-08-02T12:37:59.001Z,U2070973,7373,45.54898,9.27308,31247.6,5.2,16.7,272.5,-38.9,0.1,-1.0,RS41-SG,404.900,14.5,375,10,2.6,-1,-1
2023-08-02T12:38:00.001Z,U2070973,7374,45.54898,9.27286,31252.8,5.3,17.4,272.8,-38.8,0.0,-1.0,RS41-SG,404.900,14.5,375,10,2.7,-1,-1
2023-08-02T12:38:01.001Z,U2070973,7375,45.54899,9.27264,31258.7,6.8,17.4,269.7,-38.8,0.3,-1.0,RS41-SG,404.900,15.2,375,10,2.7,-1,-1
2023-08-02T12:38:02.001Z,U2070973,7376,45.54898,9.27242,31266.1,7.3,16.8,263.8,-38.8,0.2,-1.0,RS41-SG,404.900,15.2,375,10,2.7,-1,-1
2023-08-02T12:38:03.001Z,U2070973,7377,45.54896,9.27222,31272.5,5.8,16.0,259.2,-38.8,0.2,-1.0,RS41-SG,404.900,14.7,375,10,2.7,-1,-1
2023-08-02T12:38:04.001Z,U2070973,7378,45.54893,9.27202,31278.0,5.2,15.3,255.1,-38.8,0.3,-1.0,RS41-SG,404.900,14.3,375,10,2.6,-1,-1
2023-08-02T12:38:05.001Z,U2070973,7379,45.54889,9.27184,31283.7,5.9,14.8,254.5,-38.7,0.0,-1.0,RS41-SG,404.900,14.9,375,10,2.6,-1,-1
2023-08-02T12:38:06.001Z,U2070973,7380,45.54886,9.27166,31290.4,7.6,14.4,257.2,-38.8,0.1,-1.0,RS41-SG,404.900,14.9,375,10,2.6,-1,-1
2023-08-02T12:38:07.001Z,U2070973,7381,45.54883,9.27148,31297.1,6.3,14.5,261.0,-38.8,0.0,-1.0,RS41-SG,404.900,14.8,375,10,2.7,-1,-1
2023-08-02T12:38:09.001Z,U2070973,7383,45.54881,9.27110,31308.7,5.7,14.9,265.6,-38.7,0.2,-1.0,RS41-SG,404.900,14.3,375,10,2.7,-1,-1
2023-08-02T12:38:10.001Z,U2070973,7384,45.54879,9.27091,31314.7,6.2,15.3,263.3,-38.7,0.2,-1.0,RS41-SG,404.900,15.3,375,10,2.6,-1,-1
2023-08-02T12:38:11.001Z,U2070973,7385,45.54877,9.27072,31321.5,6.9,15.6,261.0,-38.7,0.0,-1.0,RS41-SG,404.900,15.3,375,10,2.6,-1,-1
2023-08-02T12:38:12.001Z,U2070973,7386,45.54875,9.27052,31327.9,6.1,16.3,259.5,-38.7,0.0,-1.0,RS41-SG,404.900,14.1,375,10,2.7,-1,-1
2023-08-02T12:38:14.001Z,U2070973,7388,45.54870,9.27008,31340.0,6.4,18.5,264.4,-38.6,0.2,-1.0,RS41-SG,404.900,13.6,375,10,2.7,-1,-1
2023-08-02T12:38:15.001Z,U2070973,7389,45.54869,9.26984,31346.8,6.8,19.8,268.5,-38.7,0.1,-1.0,RS41-SG,404.900,13.6,375,10,2.6,-1,-1
2023-08-02T12:38:16.001Z,U2070973,7390,45.54869,9.26958,31352.9,5.4,20.6,270.7,-38.6,0.1,-1.0,RS41-SG,404.900,15.2,375,10,2.6,-1,-1
2023-08-02T12:38:17.001Z,U2070973,7391,45.54870,9.26931,31358.4,5.5,21.2,271.5,-38.5,0.0,-1.0,RS41-SG,404.900,15.2,375,10,2.7,-1,-1
2023-08-02T12:38:19.001Z,U2070973,7393,45.54869,9.26878,31371.9,7.5,20.4,264.0,-38.4,0.2,-1.0,RS41-SG,404.900,14.4,375,10,2.7,-1,-1
2023-08-02T12:38:20.001Z,U2070973,7394,45.54866,9.26853,31378.6,5.8,19.6,259.5,-38.5,0.3,-1.0,RS41-SG,404.900,14.4,375,10,2.6,-1,-1
2023-08-02T12:38:21.001Z,U2070973,7395,45.54862,9.26829,31383.9,4.9,18.8,255.3,-38.4,0.0,-1.0,RS41-SG,404.900,13.9,375,10,2.6,-1,-1
2023-08-02T12:38:22.001Z,U2070973,7396,45.54858,9.26806,31389.7,6.1,17.8,253.9,-38.4,0.0,-1.0,RS41-SG,404.900,13.3,375,10,2.6,-1,-1
2023-08-02T12:38:24.001Z,U2070973,7398,45.54851,9.26764,31403.6,6.7,16.7,261.0,-38.3,0.4,-1.0,RS41-SG,404.900,14.4,375,10,2.7,-1,-1
2023-08-02T12:38:25.001Z,U2070973,7399,45.54849,9.26743,31409.5,5.1,16.7,264.6,-38.4,0.3,-1.0,RS41-SG,404.900,13.0,375,10,2.7,-1,-1
2023-08-02T12:38:26.001Z,U2070973,7400,45.54848,9.26722,31414.9,5.5,16.8,267.1,-38.3,0.2,-1.0,RS41-SG,404.900,12.9,375,10,2.7,-1,-1
2023-08-02T12:38:27.001Z,U2070973,7401,45.54847,9.26700,31421.2,6.8,17.1,267.6,-38.2,0.3,-1.0,RS41-SG,404.900,12.9,375,10,2.6,-1,-1
2023-08-02T12:38:29.001Z,U2070973,7403,45.54845,9.26655,31435.0,5.9,18.4,265.7,-38.3,0.0,-1.0,RS41-SG,404.900,13.3,375,10,2.6,-1,-1
2023-08-02T12:38:30.001Z,U2070973,7404,45.54844,9.26631,31441.2,6.6,19.6,267.2,-38.3,0.0,-1.0,RS41-SG,404.900,13.3,375,10,2.7,-1,-1
2023-08-02T12:38:31.001Z,U2070973,7405,45.54844,9.26605,31448.1,7.1,21.0,269.9,-38.3,0.1,-1.0,RS41-SG,404.900,12.7,375,10,2.7,-1,-1
2023-08-02T12:38:32.001Z,U2070973,7406,45.54844,9.26577,31454.9,6.8,22.5,272.6,-38.3,0.3,-1.0,RS41-SG,404.900,12.7,375,10,2.7,-1,-1
2023-08-02T12:38:33.001Z,U2070973,7407,45.54846,9.26548,31460.7,4.9,23.4,274.5,-38.3,0.2,-1.0,RS41-SG,404.900,11.9,375,10,2.7,-1,-1
2023-08-02T12:38:34.001Z,U2070973,7408,45.54847,9.26518,31466.2,5.5,23.7,274.5,-38.4,0.0,-1.0,RS41-SG,404.900,14.2,375,10,2.6,-1,-1
2023-08-02T12:38:35.001Z,U2070973,7409,45.54849,9.26489,31472.4,7.0,22.8,273.2,-38.5,0.1,-1.0,RS41-SG,404.900,14.2,375,10,2.6,-1,-1
2023-08-02T12:38:36.001Z,U2070973,7410,45.54850,9.26461,31479.5,6.9,21.1,270.9,-38.5,0.1,-1.0,RS41-SG,404.900,13.6,375,10,2.6,-1,-1
2023-08-02T12:38:37.001Z,U2070973,7411,45.54850,9.26435,31485.6,5.6,19.4,269.4,-38.4,0.0,-1.0,RS41-SG,404.900,14.3,375,10,2.7,-1,-1
2023-08-02T12:38:39.001Z,U2070973,7413,45.54850,9.26390,31497.6,6.8,16.3,275.5,-38.3,0.2,-1.0,RS41-SG,404.900,13.0,375,10,2.7,-1,-1
2023-08-02T12:38:40.001Z,U2070973,7414,45.54853,9.26369,31504.6,7.1,16.2,281.7,-38.3,0.2,-1.0,RS41-SG,404.900,13.0,375,10,2.7,-1,-1
2023-08-02T12:38:41.001Z,U2070973,7415,45.54856,9.26349,31511.0,5.5,16.6,285.3,-38.4,0.2,-1.0,RS41-SG,404.900,12.3,375,10,2.6,-1,-1
2023-08-02T12:38:42.001Z,U2070973,7416,45.54860,9.26328,31516.9,5.9,17.3,286.9,-38.4,0.0,-1.0,RS41-SG,404.900,12.3,375,10,2.6,-1,-1
2023-08-02T12:38:44.001Z,U2070973,7418,45.54868,9.26284,31530.0,7.4,18.7,281.4,-38.4,0.0,-1.0,RS41-SG,404.900,11.9,375,9,2.7,-1,-1
2023-08-02T12:38:45.001Z,U2070973,7419,45.54871,9.26260,31537.2,7.2,19.5,277.0,-38.3,0.2,-1.0,RS41-SG,404.900,14.1,375,10,2.7,-1,-1
2023-08-02T12:38:46.001Z,U2070973,7420,45.54873,9.26234,31543.6,5.5,20.5,274.5,-38.2,0.3,-1.0,RS41-SG,404.900,14.1,375,10,2.7,-1,-1
2023-08-02T12:38:47.001Z,U2070973,7421,45.54874,9.26207,31548.9,5.1,22.0,273.8,-38.2,0.2,-1.0,RS41-SG,404.900,13.9,375,10,2.7,-1,-1
2023-08-02T12:38:48.001Z,U2070973,7422,45.54876,9.26179,31554.5,5.8,23.5,275.4,-38.2,0.0,-1.0,RS41-SG,404.900,13.9,375,10,2.6,-1,-1
2023-08-02T12:38:49.001Z,U2070973,7423,45.54878,9.26148,31560.8,7.0,24.7,278.7,-38.3,0.0,-1.0,RS41-SG,404.900,12.4,375,10,2.6,-1,-1
2023-08-02T12:38:50.001Z,U2070973,7424,45.54883,9.26117,31567.4,6.3,24.8,282.3,-38.3,0.1,-1.0,RS41-SG,404.900,12.0,375,10,2.6,-1,-1
2023-08-02T12:38:51.001Z,U2070973,7425,45.54888,9.26087,31573.4,5.9,23.9,286.0,-38.3,0.0,-1.0,RS41-SG,404.900,12.0,375,10,2.7,-1,-1
2023-08-02T12:38:52.001Z,U2070973,7426,45.54894,9.26059,31579.4,6.1,21.8,288.5,-38.4,0.1,-1.0,RS41-SG,404.900,12.0,375,10,2.7,-1,-1
2023-08-02T12:38:54.001Z,U2070973,7428,45.54905,9.26014,31592.2,6.2,16.0,290.2,-38.7,0.3,-1.0,RS41-SG,404.900,14.1,375,10,2.7,-1,-1
2023-08-02T12:38:55.001Z,U2070973,7429,45.54910,9.25996,31597.5,4.8,14.1,289.4,-38.7,0.0,-1.0,RS41-SG,404.900,14.4,375,10,2.6,-1,-1
2023-08-02T12:38:56.001Z,U2070973,7430,45.54914,9.25979,31602.7,5.5,13.4,288.0,-38.7,0.0,-1.0,RS41-SG,404.900,14.4,375,9,2.6,-1,-1
2023-08-02T12:38:57.001Z,U2070973,7431,45.54918,9.25963,31609.2,7.4,14.2,288.6,-38.7,0.1,-1.0,RS41-SG,404.900,13.1,375,10,2.6,-1,-1
2023-08-02T12:38:59.001Z,U2070973,7433,45.54927,9.25923,31623.7,5.9,18.6,289.2,-38.7,0.0,-1.0,RS41-SG,404.900,13.3,375,10,2.7,-1,-1
2023-08-02T12:39:00.001Z,U2070973,7434,45.54933,9.25899,31629.1,5.0,21.1,288.3,-38.8,0.3,-1.0,RS41-SG,404.900,13.3,375,10,2.7,-1,-1
2023-08-02T12:39:01.001Z,U2070973,7435,45.54939,9.25872,31634.2,5.1,23.0,286.3,-38.8,0.3,-1.0,RS41-SG,404.900,13.1,375,10,2.7,-1,-1
2023-08-02T12:39:02.001Z,U2070973,7436,45.54944,9.25843,31639.8,5.9,24.0,283.5,-38.9,0.0,-1.0,RS41-SG,404.900,12.8,375,10,2.6,-1,-1
2023-08-02T12:39:07.001Z,U2070973,7441,45.54971,9.25701,31672.2,6.5,21.2,295.3,-38.8,0.3,-1.0,RS41-SG,404.900,11.5,375,10,2.7,-1,-1
2023-08-02T12:39:11.001Z,U2070973,7445,45.55006,9.25619,31696.8,7.0,15.7,301.2,-38.7,0.1,-1.0,RS41-SG,404.900,12.4,375,10,2.6,-1,-1
2023-08-02T12:39:12.001Z,U2070973,7446,45.55013,9.25602,31703.1,5.5,15.1,295.7,-38.8,0.1,-1.0,RS41-SG,404.900,11.8,375,10,2.7,-1,-1
2023-08-02T12:39:13.001Z,U2070973,7447,45.55018,9.25584,31708.9,6.5,15.5,289.9,-38.8,0.1,-1.0,RS41-SG,404.900,13.6,375,10,2.7,-1,-1
2023-08-02T12:39:14.001Z,U2070973,7448,45.55023,9.25565,31715.8,7.2,16.9,287.6,-38.8,0.3,-1.0,RS41-SG,404.900,13.6,375,10,2.7,-1,-1
2023-08-02T12:39:15.001Z,U2070973,7449,45.55028,9.25543,31722.4,6.0,18.3,287.4,-38.8,0.2,-1.0,RS41-SG,404.900,12.9,375,10,2.7,-1,-1
2023-08-02T12:39:16.001Z,U2070973,7450,45.55033,9.25520,31727.9,5.1,19.5,287.2,-38.8,0.3,-1.0,RS41-SG,404.900,12.9,375,10,2.6,-1,-1
2023-08-02T12:39:17.001Z,U2070973,7451,45.55038,9.25496,31733.6,5.8,20.2,286.1,-38.8,0.0,-1.0,RS41-SG,404.900,12.8,375,10,2.6,-1,-1
2023-08-02T12:39:19.001Z,U2070973,7453,45.55046,9.25446,31746.7,7.0,19.6,281.9,-38.9,0.0,-1.0,RS41-SG,404.900,12.5,375,10,2.7,-1,-1
2023-08-02T12:39:20.001Z,U2070973,7454,45.55050,9.25423,31753.4,6.6,18.6,281.8,-39.0,0.3,-1.0,RS41-SG,404.900,13.2,375,10,2.7,-1,-1
2023-08-02T12:39:21.001Z,U2070973,7455,45.55054,9.25400,31760.0,6.4,17.3,284.8,-39.0,0.4,-1.0,RS41-SG,404.900,13.2,375,10,2.7,-1,-1
2023-08-02T12:39:22.001Z,U2070973,7456,45.55058,9.25380,31766.4,7.2,16.3,291.4,-39.1,0.2,-1.0,RS41-SG,404.900,12.4,375,10,2.7,-1,-1
2023-08-02T12:39:24.001Z,U2070973,7458,45.55071,9.25344,31778.4,5.0,15.3,300.8,-38.9,0.1,-1.0,RS41-SG,404.900,14.4,375,10,2.6,-1,-1
2023-08-02T12:39:25.001Z,U2070973,7459,45.55078,9.25328,31783.9,6.2,14.7,301.4,-38.8,0.1,-1.0,RS41-SG,404.900,15.7,375,10,2.6,-1,-1
2023-08-02T12:39:26.001Z,U2070973,7460,45.55084,9.25312,31790.5,7.4,13.8,296.2,-38.8,0.0,-1.0,RS41-SG,404.900,15.7,375,10,2.7,-1,-1
2023-08-02T12:39:27.001Z,U2070973,7461,45.55088,9.25295,31797.5,6.8,13.4,288.0,-38.8,0.3,-1.0,RS41-SG,404.900,15.0,375,10,2.7,-1,-1
2023-08-02T12:39:29.001Z,U2070973,7463,45.55093,9.25261,31808.9,5.7,14.3,277.4,-38.8,0.2,-1.0,RS41-SG,404.900,14.6,375,10,2.7,-1,-1
2023-08-02T12:39:30.001Z,U2070973,7464,45.55095,9.25242,31815.7,6.9,15.7,277.1,-38.7,0.2,-1.0,RS41-SG,404.900,14.7,375,10,2.6,-1,-1
2023-08-02T12:39:31.001Z,U2070973,7465,45.55097,9.25222,31822.4,6.2,16.9,278.9,-38.7,0.0,-1.0,RS41-SG,404.900,14.7,375,10,2.6,-1,-1
2023-08-02T12:39:32.001Z,U2070973,7466,45.55100,9.25200,31828.3,5.5,17.8,281.3,-38.6,0.0,-1.0,RS41-SG,404.900,14.4,375,10,2.6,-1,-1
2023-08-02T12:39:34.001Z,U2070973,7468,45.55106,9.25154,31840.5,6.7,18.4,280.3,-38.5,0.3,-1.0,RS41-SG,404.900,14.9,375,10,2.7,-1,-1
2023-08-02T12:39:35.001Z,U2070973,7469,45.55109,9.25132,31847.0,6.6,17.9,278.3,-38.5,0.2,-1.0,RS41-SG,404.900,14.9,375,10,2.7,-1,-1
2023-08-02T12:39:36.001Z,U2070973,7470,45.55111,9.25109,31853.0,5.5,17.4,277.3,-38.5,0.2,-1.0,RS41-SG,404.900,14.6,375,10,2.7,-1,-1
2023-08-02T12:39:37.001Z,U2070973,7471,45.55113,9.25088,31858.4,5.0,17.2,278.0,-38.4,0.3,-1.0,RS41-SG,404.900,14.6,375,10,2.6,-1,-1
2023-08-02T12:39:39.001Z,U2070973,7473,45.55119,9.25044,31869.8,6.5,17.5,284.8,-38.3,0.0,-1.0,RS41-SG,404.900,13.5,375,10,2.6,-1,-1
2023-08-02T12:39:40.001Z,U2070973,7474,45.55124,9.25023,31876.1,6.7,17.6,289.6,-38.3,0.0,-1.0,RS41-SG,404.900,14.2,375,10,2.7,-1,-1
2023-08-02T12:39:41.001Z,U2070973,7475,45.55129,9.25002,31882.3,5.9,17.2,293.0,-38.2,0.1,-1.0,RS41-SG,404.900,14.2,375,10,2.7,-1,-1
2023-08-02T12:39:42.001Z,U2070973,7476,45.55135,9.24982,31887.7,5.2,16.4,294.0,-38.2,0.3,-1.0,RS41-SG,404.900,14.2,375,10,2.7,-1,-1
2023-08-02T12:39:44.001Z,U2070973,7478,45.55145,9.24947,31900.2,6.8,13.9,286.4,-38.3,0.3,-1.0,RS41-SG,404.900,15.2,375,10,2.6,-1,-1
2023-08-02T12:39:45.001Z,U2070973,7479,45.55148,9.24930,31906.5,5.2,13.3,279.8,-38.3,0.0,-1.0,RS41-SG,404.900,14.5,375,10,2.6,-1,-1
2023-08-02T12:39:46.001Z,U2070973,7480,45.55149,9.24913,31911.9,5.6,13.5,275.3,-38.3,0.0,-1.0,RS41-SG,404.900,13.4,375,10,2.6,-1,-1
2023-08-02T12:39:47.001Z,U2070973,7481,45.55150,9.24895,31918.3,7.2,14.5,274.5,-38.3,0.0,-1.0,RS41-SG,404.900,10.3,375,10,2.7,-1,-1
2023-08-02T12:39:48.001Z,U2070973,7482,45.55152,9.24876,31925.7,8.0,16.0,278.6,-38.3,0.3,-1.0,RS41-SG,404.900,12.0,375,10,2.7,-1,-1
2023-08-02T12:39:49.001Z,U2070973,7483,45.55155,9.24855,31932.7,5.7,17.3,282.5,-38.2,0.2,-1.0,RS41-SG,404.900,12.0,375,10,2.7,-1,-1
2023-08-02T12:39:50.001Z,U2070973,7484,45.55159,9.24833,31937.9,4.8,18.7,285.0,-38.2,0.2,-1.0,RS41-SG,404.900,11.3,375,10,2.7,-1,-1
2023-08-02T12:39:51.001Z,U2070973,7485,45.55163,9.24809,31943.2,5.4,19.5,286.8,-38.1,0.2,-1.0,RS41-SG,404.900,11.3,375,10,2.6,-1,-1
2023-08-02T12:39:52.001Z,U2070973,7486,45.55168,9.24786,31949.2,7.0,19.6,287.4,-38.1,0.0,-1.0,RS41-SG,404.900,13.3,375,10,2.6,-1,-1
2023-08-02T12:39:54.001Z,U2070973,7488,45.55179,9.24739,31962.1,6.1,18.3,288.5,-38.0,0.0,-1.0,RS41-SG,404.900,13.7,375,10,2.7,-1,-1
2023-08-02T12:39:55.001Z,U2070973,7489,45.55184,9.24718,31968.0,6.0,17.7,291.2,-37.9,0.4,-1.0,RS41-SG,404.900,12.9,375,10,2.7,-1,-1
2023-08-02T12:39:56.001Z,U2070973,7490,45.55190,9.24697,31973.9,6.0,17.4,296.0,-37.9,0.2,-1.0,RS41-SG,404.900,12.8,375,10,2.7,-1,-1
2023-08-02T12:39:57.001Z,U2070973,7491,45.55198,9.24678,31979.9,6.1,17.4,301.4,-38.0,0.2,-1.0,RS41-SG,404.900,13.9,375,10,2.7,-1,-1
2023-08-02T12:39:58.001Z,U2070973,7492,45.55206,9.24659,31986.2,6.2,17.5,305.6,-38.1,0.3,-1.0,RS41-SG,404.900,13.9,375,10,2.6,-1,-1
2023-08-02T12:39:59.001Z,U2070973,7493,45.55216,9.24642,31992.2,6.0,17.0,308.7,-38.2,0.0,-1.0,RS41-SG,404.900,13.7,375,10,2.6,-1,-1
2023-08-02T12:40:00.001Z,U2070973,7494,45.55225,9.24625,31997.8,5.1,16.4,309.6,-38.2,0.0,-1.0,RS41-SG,404.900,13.9,375,10,2.6,-1,-1
2023-08-02T12:40:01.001Z,U2070973,7495,45.55234,9.24610,32003.2,5.8,14.9,308.4,-38.2,0.0,-1.0,RS41-SG,404.900,13.9,375,10,2.7,-1,-1
2023-08-02T12:40:06.001Z,U2070973,7500,45.55256,9.24533,32035.0,7.5,15.8,284.7,-38.1,0.0,-1.0,RS41-SG,404.900,9.8,375,10,2.6,-1,-1
2023-08-02T12:40:07.001Z,U2070973,7501,45.55260,9.24512,32042.4,7.5,18.2,289.3,-38.1,0.0,-1.0,RS41-SG,404.900,9.7,375,10,2.6,-1,-1
2023-08-02T12:40:09.001Z,U2070973,7503,45.55275,9.24465,32054.1,4.3,21.6,297.7,-38.1,0.2,-1.0,RS41-SG,404.900,12.3,375,10,2.7,-1,-1
2023-08-02T12:40:10.001Z,U2070973,7504,45.55284,9.24441,32058.8,5.2,21.9,301.8,-38.0,0.1,-1.0,RS41-SG,404.900,12.3,375,10,2.7,-1,-1
2023-08-02T12:40:11.001Z,U2070973,7505,45.55295,9.24419,32064.8,6.9,20.9,306.1,-38.0,0.2,-1.0,RS41-SG,404.900,10.9,375,10,2.7,-1,-1
2023-08-02T12:40:12.001Z,U2070973,7506,45.55306,9.24399,32072.2,7.6,18.7,309.8,-38.0,0.3,-1.0,RS41-SG,404.900,10.8,375,10,2.6,-1,-1
2023-08-02T12:40:15.001Z,U2070973,7509,45.55336,9.24355,32088.5,4.6,14.0,317.8,-38.0,0.0,-1.0,RS41-SG,404.900,11.6,375,9,2.7,-1,-1
2023-08-02T12:40:16.001Z,U2070973,7510,45.55345,9.24343,32093.7,6.2,13.7,316.0,-38.1,0.2,-1.0,RS41-SG,404.900,11.3,375,10,2.7,-1,-1
2023-08-02T12:40:17.001Z,U2070973,7511,45.55354,9.24330,32100.4,7.6,14.6,313.3,-38.2,0.2,-1.0,RS41-SG,404.900,11.4,375,10,2.7,-1,-1
2023-08-02T12:40:18.001Z,U2070973,7512,45.55363,9.24315,32107.2,5.7,15.4,309.7,-38.3,0.2,-1.0,RS41-SG,404.900,11.4,375,10,2.7,-1,-1
2023-08-02T12:40:19.001Z,U2070973,7513,45.55371,9.24299,32112.9,5.4,16.1,304.7,-38.3,0.3,-1.0,RS41-SG,404.900,11.1,375,10,2.6,-1,-1
2023-08-02T12:40:20.001Z,U2070973,7514,45.55379,9.24282,32118.9,6.6,16.3,297.9,-38.2,0.0,-1.0,RS41-SG,404.900,11.5,375,10,2.6,-1,-1
2023-08-02T12:40:21.001Z,U2070973,7515,45.55385,9.24263,32125.7,6.8,16.1,290.2,-38.2,0.0,-1.0,RS41-SG,404.900,13.0,375,10,2.6,-1,-1
2023-08-02T12:40:22.001Z,U2070973,7516,45.55389,9.24244,32132.0,5.8,15.8,284.3,-38.1,0.0,-1.0,RS41-SG,404.900,13.5,375,10,2.7,-1,-1
2023-08-02T12:40:25.001Z,U2070973,7519,45.55397,9.24183,32149.4,6.8,17.0,281.9,-37.9,0.2,-1.0,RS41-SG,404.900,13.1,375,10,2.7,-1,-1
2023-08-02T12:40:26.001Z,U2070973,7520,45.55401,9.24161,32155.8,6.1,17.4,284.9,-37.8,0.3,-1.0,RS41-SG,404.900,14.2,375,10,2.6,-1,-1
2023-08-02T12:40:27.001Z,U2070973,7521,45.55405,9.24140,32161.6,5.5,17.4,286.7,-37.8,0.0,-1.0,RS41-SG,404.900,14.2,375,10,2.6,-1,-1
2023-08-02T12:40:29.001Z,U2070973,7523,45.55414,9.24100,32173.8,6.8,14.9,287.4,-37.8,0.0,-1.0,RS41-SG,404.900,13.4,375,10,2.7,-1,-1
2023-08-02T12:40:30.001Z,U2070973,7524,45.55417,9.24083,32180.1,6.4,13.3,285.8,-37.7,0.4,-1.0,RS41-SG,404.900,13.4,375,10,2.7,-1,-1
2023-08-02T12:40:31.001Z,U2070973,7525,45.55420,9.24067,32186.0,5.3,12.5,283.2,-37.5,0.2,-1.0,RS41-SG,404.900,13.3,375,10,2.7,-1,-1
2023-08-02T12:40:32.001Z,U2070973,7526,45.55423,9.24051,32191.4,5.6,12.4,282.5,-37.5,0.2,-1.0,RS41-SG,404.900,12.5,375,10,2.7,-1,-1
2023-08-02T12:40:34.001Z,U2070973,7528,45.55428,9.24018,32203.7,7.0,14.8,284.6,-37.4,0.0,-1.0,RS41-SG,404.900,13.1,375,10,2.6,-1,-1
2023-08-02T12:40:35.001Z,U2070973,7529,45.55432,9.23999,32210.6,6.8,16.5,285.2,-37.4,0.0,-1.0,RS41-SG,404.900,13.1,375,10,2.7,-1,-1
2023-08-02T12:40:36.001Z,U2070973,7530,45.55436,9.23978,32216.4,5.3,17.7,285.0,-37.4,0.2,-1.0,RS41-SG,404.900,13.5,375,10,2.7,-1,-1
2023-08-02T12:40:37.001Z,U2070973,7531,45.55440,9.23956,32221.6,5.3,18.2,281.9,-37.3,0.2,-1.0,RS41-SG,404.900,13.5,375,10,2.7,-1,-1
2023-08-02T12:40:39.001Z,U2070973,7533,45.55443,9.23910,32234.1,7.2,17.2,269.5,-37.3,0.0,-1.0,RS41-SG,404.900,13.7,375,10,2.6,-1,-1
2023-08-02T12:40:40.001Z,U2070973,7534,45.55442,9.23889,32240.5,5.6,16.4,263.8,-37.3,0.0,-1.0,RS41-SG,404.900,13.1,375,10,2.6,-1,-1
2023-08-02T12:40:41.001Z,U2070973,7535,45.55440,9.23869,32245.9,5.2,15.6,260.0,-37.3,0.0,-1.0,RS41-SG,404.900,13.5,375,10,2.7,-1,-1
2023-08-02T12:40:42.001Z,U2070973,7536,45.55438,9.23850,32251.4,6.6,15.1,259.7,-37.3,0.2,-1.0,RS41-SG,404.900,13.5,375,10,2.7,-1,-1
2023-08-02T12:40:44.001Z,U2070973,7538,45.55436,9.23812,32265.1,6.0,15.1,270.4,-37.3,0.2,-1.0,RS41-SG,404.900,13.1,375,10,2.7,-1,-1
2023-08-02T12:40:45.001Z,U2070973,7539,45.55436,9.23792,32270.8,5.1,15.2,276.6,-37.3,0.2,-1.0,RS41-SG,404.900,13.1,375,10,2.6,-1,-1
2023-08-02T12:40:46.001Z,U2070973,7540,45.55439,9.23773,32276.2,5.9,14.9,281.6,-37.3,0.0,-1.0,RS41-SG,404.900,12.6,375,10,2.6,-1,-1
2023-08-02T12:40:47.001Z,U2070973,7541,45.55442,9.23755,32282.8,6.9,14.4,284.6,-37.3,0.1,-1.0,RS41-SG,404.900,12.5,375,10,2.6,-1,-1
2023-08-02T12:40:49.001Z,U2070973,7543,45.55448,9.23720,32294.5,5.8,13.9,286.3,-37.3,0.0,-1.0,RS41-SG,404.900,12.9,375,10,2.7,-1,-1
2023-08-02T12:40:50.001Z,U2070973,7544,45.55452,9.23703,32300.5,6.4,14.6,287.6,-37.3,0.3,-1.0,RS41-SG,404.900,13.5,375,10,2.7,-1,-1
2023-08-02T12:40:51.001Z,U2070973,7545,45.55456,9.23685,32307.1,6.6,15.7,289.0,-37.3,0.1,-1.0,RS41-SG,404.900,13.5,375,10,2.7,-1,-1
2023-08-02T12:40:52.001Z,U2070973,7546,45.55461,9.23665,32313.5,6.2,16.8,289.2,-37.3,0.1,-1.0,RS41-SG,404.900,12.9,375,10,2.6,-1,-1
2023-08-02T12:40:54.001Z,U2070973,7548,45.55470,9.23624,32324.4,5.7,16.8,285.9,-37.2,0.0,-1.0,RS41-SG,404.900,13.5,375,10,2.6,-1,-1
2023-08-02T12:40:55.001Z,U2070973,7549,45.55474,9.23604,32330.4,6.7,15.6,282.1,-37.2,0.0,-1.0,RS41-SG,404.900,12.9,375,10,2.7,-1,-1
2023-08-02T12:40:56.001Z,U2070973,7550,45.55476,9.23585,32337.2,6.8,14.2,277.7,-37.1,0.0,-1.0,RS41-SG,404.900,13.4,375,10,2.7,-1,-1
2023-08-02T12:40:57.001Z,U2070973,7551,45.55478,9.23568,32343.3,5.7,13.2,274.2,-37.0,0.2,-1.0,RS41-SG,404.900,13.4,375,10,2.7,-1,-1
2023-08-02T12:40:59.001Z,U2070973,7553,45.55479,9.23535,32354.6,6.2,13.5,277.2,-36.9,0.0,-1.0,RS41-SG,404.900,13.1,375,10,2.6,-1,-1
2023-08-02T12:41:00.001Z,U2070973,7554,45.55482,9.23517,32361.3,7.0,15.1,284.5,-36.9,0.0,-1.0,RS41-SG,404.900,13.0,375,10,2.6,-1,-1
2023-08-02T12:41:01.001Z,U2070973,7555,45.55486,9.23497,32368.0,6.5,17.1,290.4,-36.9,0.0,-1.0,RS41-SG,404.900,13.0,375,10,2.7,-1,-1
2023-08-02T12:41:04.001Z,U2070973,7558,45.55509,9.23433,32383.5,5.7,19.3,302.7,-37.1,0.1,-1.0,RS41-SG,404.900,12.1,375,10,2.6,-1,-1
2023-08-02T12:41:05.001Z,U2070973,7559,45.55518,9.23414,32389.9,7.0,17.7,305.5,-37.0,0.0,-1.0,RS41-SG,404.900,12.5,375,10,2.6,-1,-1
2023-08-02T12:41:06.001Z,U2070973,7560,45.55527,9.23397,32396.9,7.2,15.6,307.0,-36.9,0.0,-1.0,RS41-SG,404.900,13.1,375,10,2.6,-1,-1
2023-08-02T12:41:07.001Z,U2070973,7561,45.55535,9.23382,32403.3,5.6,13.7,306.1,-36.9,0.0,-1.0,RS41-SG,404.900,13.1,375,10,2.7,-1,-1
2023-08-02T12:41:09.001Z,U2070973,7563,45.55548,9.23355,32413.6,5.8,12.2,301.0,-36.7,0.3,-1.0,RS41-SG,404.900,12.7,375,10,2.7,-1,-1
2023-08-02T12:41:10.001Z,U2070973,7564,45.55553,9.23341,32419.9,7.1,13.3,297.8,-36.7,0.2,-1.0,RS41-SG,404.900,12.7,375,10,2.7,-1,-1
2023-08-02T12:41:11.001Z,U2070973,7565,45.55559,9.23325,32427.2,7.4,14.9,295.9,-36.7,0.1,-1.0,RS41-SG,404.900,12.4,375,10,2.6,-1,-1
2023-08-02T12:41:14.001Z,U2070973,7568,45.55578,9.23267,32444.6,6.4,17.7,296.1,-36.8,0.0,-1.0,RS41-SG,404.900,12.3,375,10,2.7,-1,-1
2023-08-02T12:41:15.001Z,U2070973,7569,45.55585,9.23247,32451.8,8.0,16.8,297.7,-36.8,0.3,-1.0,RS41-SG,404.900,11.8,375,9,2.7,-1,-1
2023-08-02T12:41:16.001Z,U2070973,7570,45.55592,9.23229,32458.8,6.6,15.9,299.6,-36.7,0.2,-1.0,RS41-SG,404.900,11.8,375,9,2.7,-1,-1
2023-08-02T12:41:17.001Z,U2070973,7571,45.55600,9.23212,32464.9,5.7,15.2,302.5,-36.7,0.2,-1.0,RS41-SG,404.900,12.4,375,9,2.7,-1,-1
2023-08-02T12:41:19.001Z,U2070973,7573,45.55616,9.23180,32477.5,6.9,16.0,310.0,-36.8,0.0,-1.0,RS41-SG,404.900,12.6,375,10,2.6,-1,-1
2023-08-02T12:41:20.001Z,U2070973,7574,45.55626,9.23164,32484.2,6.8,17.0,311.6,-36.9,0.0,-1.0,RS41-SG,404.900,13.0,375,10,2.7,-1,-1
2023-08-02T12:41:21.001Z,U2070973,7575,45.55636,9.23148,32490.2,5.5,17.3,312.3,-36.9,0.2,-1.0,RS41-SG,404.900,13.0,375,10,2.7,-1,-1
2023-08-02T12:41:22.001Z,U2070973,7576,45.55646,9.23132,32495.9,6.2,16.9,313.1,-36.8,0.2,-1.0,RS41-SG,404.900,13.7,375,10,2.7,-1,-1
2023-08-02T12:41:23.001Z,U2070973,7577,45.55656,9.23117,32502.5,7.1,15.3,313.2,-36.8,0.2,-1.0,RS41-SG,404.900,13.7,375,10,2.6,-1,-1
2023-08-02T12:41:24.001Z,U2070973,7578,45.55665,9.23103,32509.6,7.1,13.5,311.8,-36.8,0.0,-1.0,RS41-SG,404.900,12.0,375,10,2.6,-1,-1
2023-08-02T12:41:25.001Z,U2070973,7579,45.55672,9.23091,32516.0,5.4,12.2,309.8,-36.8,0.0,-1.0,RS41-SG,404.900,11.6,375,10,2.6,-1,-1
2023-08-02T12:41:26.001Z,U2070973,7580,45.55679,9.23079,32521.7,5.7,11.6,306.0,-36.8,0.0,-1.0,RS41-SG,404.900,11.4,375,10,2.7,-1,-1
2023-08-02T12:41:27.001Z,U2070973,7581,45.55685,9.23066,32527.8,6.4,12.2,301.8,-36.8,0.2,-1.0,RS41-SG,404.900,12.1,375,10,2.7,-1,-1
2023-08-02T12:41:29.001Z,U2070973,7583,45.55697,9.23035,32541.4,6.6,15.7,297.8,-36.6,0.2,-1.0,RS41-SG,404.900,12.8,375,10,2.7,-1,-1
2023-08-02T12:41:31.001Z,U2070973,7585,45.55711,9.22998,32552.7,5.7,17.4,299.0,-36.4,0.0,-1.0,RS41-SG,404.900,12.7,375,10,2.6,-1,-1
2023-08-02T12:41:32.001Z,U2070973,7586,45.55718,9.22979,32558.8,6.6,16.6,301.1,-36.4,0.1,-1.0,RS41-SG,404.900,11.9,375,10,2.7,-1,-1
2023-08-02T12:41:36.001Z,U2070973,7590,45.55746,9.22923,32584.4,5.2,11.1,309.1,-36.1,0.0,-1.0,RS41-SG,404.900,10.3,375,10,2.6,-1,-1
2023-08-02T12:41:37.001Z,U2070973,7591,45.55752,9.22912,32590.4,6.7,11.3,307.6,-36.2,0.0,-1.0,RS41-SG,404.900,9.2,375,10,2.6,-1,-1
2023-08-02T12:41:39.001Z,U2070973,7593,45.55765,9.22885,32604.0,6.4,13.8,298.3,-36.2,0.2,-1.0,RS41-SG,404.900,11.1,375,10,2.7,-1,-1
2023-08-02T12:41:40.001Z,U2070973,7594,45.55770,9.22869,32609.9,5.4,15.0,292.9,-36.1,0.1,-1.0,RS41-SG,404.900,11.6,375,10,2.7,-1,-1
2023-08-02T12:41:41.001Z,U2070973,7595,45.55775,9.22850,32615.3,5.7,15.8,285.9,-36.1,0.2,-1.0,RS41-SG,404.900,11.9,375,10,2.7,-1,-1
2023-08-02T12:41:42.001Z,U2070973,7596,45.55778,9.22831,32621.3,6.4,15.8,279.5,-36.1,0.0,-1.0,RS41-SG,404.900,11.9,375,10,2.6,-1,-1
2023-08-02T12:41:44.001Z,U2070973,7598,45.55780,9.22792,32634.1,6.2,14.8,270.7,-36.1,0.0,-1.0,RS41-SG,404.900,13.4,375,10,2.7,-1,-1
2023-08-02T12:41:45.001Z,U2070973,7599,45.55780,9.22773,32640.2,6.1,14.2,269.9,-36.1,0.0,-1.0,RS41-SG,404.900,13.4,375,10,2.7,-1,-1
2023-08-02T12:41:46.001Z,U2070973,7600,45.55780,9.22756,32646.5,6.5,13.7,273.0,-36.1,0.2,-1.0,RS41-SG,404.900,13.3,375,10,2.7,-1,-1
2023-08-02T12:41:49.001Z,U2070973,7603,45.55789,9.22705,32667.1,6.3,14.2,296.4,-36.2,0.0,-1.0,RS41-SG,404.900,13.0,375,10,2.6,-1,-1
2023-08-02T12:41:50.001Z,U2070973,7604,45.55796,9.22690,32672.9,5.7,14.4,305.3,-36.3,0.0,-1.0,RS41-SG,404.900,13.0,375,10,2.7,-1,-1
2023-08-02T12:41:52.001Z,U2070973,7606,45.55813,9.22664,32684.7,6.5,13.3,318.6,-36.2,0.2,-1.0,RS41-SG,404.900,11.8,375,10,2.7,-1,-1
2023-08-02T12:41:53.001Z,U2070973,7607,45.55821,9.22653,32691.1,6.8,11.6,318.4,-36.3,0.1,-1.0,RS41-SG,404.900,12.7,375,10,2.7,-1,-1
2023-08-02T12:41:54.001Z,U2070973,7608,45.55828,9.22643,32698.0,6.9,9.9,309.2,-36.3,0.2,-1.0,RS41-SG,404.900,12.7,375,10,2.6,-1,-1
2023-08-02T12:41:55.001Z,U2070973,7609,45.55832,9.22633,32704.8,6.6,9.5,290.5,-36.2,0.0,-1.0,RS41-SG,404.900,12.0,375,10,2.6,-1,-1
2023-08-02T12:41:56.001Z,U2070973,7610,45.55834,9.22620,32710.9,5.7,11.0,275.6,-36.2,0.0,-1.0,RS41-SG,404.900,12.0,375,10,2.7,-1,-1
2023-08-02T12:41:57.001Z,U2070973,7611,45.55834,9.22604,32716.3,5.1,13.7,268.9,-36.1,0.1,-1.0,RS41-SG,404.900,11.0,375,10,2.7,-1,-1
2023-08-02T12:41:59.001Z,U2070973,7613,45.55835,9.22563,32727.5,6.2,18.1,273.9,-36.1,0.3,-1.0,RS41-SG,404.900,12.4,375,10,2.6,-1,-1
2023-08-02T12:42:00.001Z,U2070973,7614,45.55837,9.22540,32733.4,6.4,18.7,281.2,-36.1,0.0,-1.0,RS41-SG,404.900,12.4,375,10,2.6,-1,-1
2023-08-02T12:42:02.001Z,U2070973,7616,45.55847,9.22496,32744.9,5.5,17.1,294.8,-36.1,0.0,-1.0,RS41-SG,404.900,10.5,375,10,2.7,-1,-1
2023-08-02T12:42:04.001Z,U2070973,7618,45.55860,9.22462,32755.3,5.5,14.2,303.5,-36.0,0.1,-1.0,RS41-SG,404.900,12.8,375,10,2.7,-1,-1
2023-08-02T12:42:05.001Z,U2070973,7619,45.55867,9.22447,32761.1,5.7,13.2,303.4,-36.0,0.1,-1.0,RS41-SG,404.900,12.8,375,10,2.7,-1,-1
2023-08-02T12:42:06.001Z,U2070973,7620,45.55873,9.22433,32767.2,6.2,13.1,301.7,-35.9,0.2,-1.0,RS41-SG,404.900,13.1,375,10,2.6,-1,-1
2023-08-02T12:42:07.001Z,U2070973,7621,45.55880,9.22418,32773.6,6.9,13.9,298.5,-35.8,0.0,-1.0,RS41-SG,404.900,13.1,375,10,2.6,-1,-1
2023-08-02T12:42:08.001Z,U2070973,7622,45.55886,9.22402,32780.6,6.8,15.1,296.6,-35.8,0.0,-1.0,RS41-SG,404.900,12.1,375,10,2.7,-1,-1
2023-08-02T12:42:09.001Z,U2070973,7623,45.55892,9.22384,32787.0,5.8,16.0,295.3,-35.8,0.1,-1.0,RS41-SG,404.900,11.6,375,10,2.7,-1,-1
2023-08-02T12:42:10.001Z,U2070973,7624,45.55898,9.22365,32792.4,5.3,16.6,293.6,-35.7,0.2,-1.0,RS41-SG,404.900,13.3,375,10,2.7,-1,-1
2023-08-02T12:42:11.001Z,U2070973,7625,45.55903,9.22346,32797.6,5.4,16.5,290.4,-35.7,0.0,-1.0,RS41-SG,404.900,14.1,375,10,2.6,-1,-1
2023-08-02T12:42:12.001Z,U2070973,7626,45.55908,9.22326,32803.6,6.4,15.8,286.0,-35.7,0.0,-1.0,RS41-SG,404.900,14.1,375,10,2.6,-1,-1
2023-08-02T12:42:13.001Z,U2070973,7627,45.55911,9.22307,32810.3,7.2,14.6,280.9,-35.7,0.0,-1.0,RS41-SG,404.900,12.9,375,10,2.6,-1,-1
2023-08-02T12:42:14.001Z,U2070973,7628,45.55913,9.22289,32816.9,6.2,13.9,277.4,-35.7,0.0,-1.0,RS41-SG,404.900,12.9,375,10,2.7,-1,-1
2023-08-02T12:42:15.001Z,U2070973,7629,45.55915,9.22272,32822.7,5.9,13.3,277.6,-35.7,0.0,-1.0,RS41-SG,404.900,12.3,375,10,2.7,-1,-1
2023-08-02T12:42:16.001Z,U2070973,7630,45.55917,9.22256,32828.7,6.1,13.1,282.9,-35.7,0.3,-1.0,RS41-SG,404.900,12.3,375,10,2.7,-1,-1
2023-08-02T12:42:17.001Z,U2070973,7631,45.55920,9.22239,32835.2,6.6,13.9,290.4,-35.7,0.1,-1.0,RS41-SG,404.900,12.7,375,10,2.7,-1,-1
2023-08-02T12:42:19.001Z,U2070973,7633,45.55933,9.22205,32848.2,5.5,16.5,302.8,-35.6,0.0,-1.0,RS41-SG,404.900,12.9,375,10,2.6,-1,-1
2023-08-02T12:42:20.001Z,U2070973,7634,45.55941,9.22187,32853.8,5.5,17.2,304.9,-35.6,0.0,-1.0,RS41-SG,404.900,12.5,375,10,2.7,-1,-1
2023-08-02T12:42:21.001Z,U2070973,7635,45.55950,9.22169,32860.1,7.2,17.0,303.1,-35.5,0.1,-1.0,RS41-SG,404.900,13.2,375,10,2.7,-1,-1
2023-08-02T12:42:22.001Z,U2070973,7636,45.55957,9.22151,32867.9,8.3,15.7,297.1,-35.4,0.1,-1.0,RS41-SG,404.900,13.2,375,10,2.7,-1,-1
2023-08-02T12:42:24.001Z,U2070973,7638,45.55966,9.22116,32881.4,4.9,13.8,281.0,-35.4,0.0,-1.0,RS41-SG,404.900,12.2,375,10,2.6,-1,-1
2023-08-02T12:42:25.001Z,U2070973,7639,45.55968,9.22099,32886.4,5.1,13.3,273.1,-35.3,0.0,-1.0,RS41-SG,404.900,12.3,375,10,2.6,-1,-1
2023-08-02T12:42:26.001Z,U2070973,7640,45.55968,9.22082,32891.9,6.0,13.6,269.8,-35.3,0.0,-1.0,RS41-SG,404.900,13.5,375,10,2.7,-1,-1
2023-08-02T12:42:27.001Z,U2070973,7641,45.55968,9.22064,32898.5,7.0,14.0,271.3,-35.2,0.2,-1.0,RS41-SG,404.900,14.0,375,10,2.7,-1,-1
2023-08-02T12:42:29.001Z,U2070973,7643,45.55970,9.22027,32911.9,5.7,15.4,276.3,-35.2,0.1,-1.0,RS41-SG,404.900,14.0,375,10,2.7,-1,-1
2023-08-02T12:42:30.001Z,U2070973,7644,45.55971,9.22007,32917.6,5.3,16.1,276.7,-35.2,0.2,-1.0,RS41-SG,404.900,14.0,375,10,2.6,-1,-1
2023-08-02T12:42:31.001Z,U2070973,7645,45.55973,9.21986,32923.4,6.0,16.4,276.4,-35.1,0.0,-1.0,RS41-SG,404.900,12.9,375,10,2.6,-1,-1
2023-08-02T12:42:32.001Z,U2070973,7646,45.55974,9.21966,32930.0,7.3,16.3,274.2,-35.2,0.0,-1.0,RS41-SG,404.900,13.0,375,10,2.7,-1,-1
2023-08-02T12:42:34.001Z,U2070973,7648,45.55976,9.21926,32943.1,5.7,14.4,271.3,-35.1,0.1,-1.0,RS41-SG,404.900,12.3,375,10,2.7,-1,-1
2023-08-02T12:42:35.001Z,U2070973,7649,45.55976,9.21909,32948.6,5.4,13.1,274.5,-35.0,0.2,-1.0,RS41-SG,404.900,11.9,375,10,2.6,-1,-1
2023-08-02T12:42:36.001Z,U2070973,7650,45.55978,9.21893,32954.3,6.2,12.1,280.9,-35.2,0.0,-1.0,RS41-SG,404.900,11.1,375,10,2.6,-1,-1
2023-08-02T12:42:37.001Z,U2070973,7651,45.55981,9.21878,32960.9,7.0,12.0,288.9,-35.2,0.0,-1.0,RS41-SG,404.900,11.2,375,10,2.6,-1,-1
2023-08-02T12:42:38.001Z,U2070973,7652,45.55984,9.21864,32967.5,6.1,12.6,292.5,-35.1,0.0,-1.0,RS41-SG,404.900,12.0,375,10,2.7,-1,-1
2023-08-02T12:42:39.001Z,U2070973,7653,45.55989,9.21849,32973.8,6.6,13.2,292.9,-35.1,0.0,-1.0,RS41-SG,404.900,12.2,375,10,2.7,-1,-1
2023-08-02T12:42:40.001Z,U2070973,7654,45.55993,9.21832,32980.9,7.4,14.0,286.7,-35.2,0.2,-1.0,RS41-SG,404.900,12.2,375,10,2.7,-1,-1
2023-08-02T12:42:41.001Z,U2070973,7655,45.55996,9.21814,32988.7,7.7,14.9,278.1,-35.3,0.3,-1.0,RS41-SG,404.900,12.7,375,10,2.7,-1,-1
2023-08-02T12:42:42.001Z,U2070973,7656,45.55997,9.21795,32995.6,6.0,15.9,271.1,-35.2,0.1,-1.0,RS41-SG,404.900,12.8,375,10,2.6,-1,-1
2023-08-02T12:42:44.001Z,U2070973,7658,45.55995,9.21752,33006.7,6.0,17.6,264.7,-35.3,0.0,-1.0,RS41-SG,404.900,11.8,375,10,2.7,-1,-1
2023-08-02T12:42:46.001Z,U2070973,7660,45.55994,9.21708,33021.3,7.6,16.9,272.6,-35.3,0.2,-1.0,RS41-SG,404.900,10.1,375,10,2.7,-1,-1
2023-08-02T12:42:49.001Z,U2070973,7663,45.56001,9.21652,33039.9,6.3,12.6,285.6,-35.3,0.0,-1.0,RS41-SG,404.900,12.5,375,10,2.6,-1,-1
2023-08-02T12:42:50.001Z,U2070973,7664,45.56004,9.21637,33046.1,6.5,10.8,285.0,-35.3,0.0,-1.0,RS41-SG,404.900,12.5,375,10,2.7,-1,-1
2023-08-02T12:42:51.001Z,U2070973,7665,45.56006,9.21625,33052.6,7.0,9.6,282.3,-35.2,0.0,-1.0,RS41-SG,404.900,12.7,375,10,2.7,-1,-1
2023-08-02T12:42:52.001Z,U2070973,7666,45.56008,9.21613,33059.4,6.2,9.3,278.9,-35.3,0.1,-1.0,RS41-SG,404.900,12.7,375,10,2.7,-1,-1
2023-08-02T12:42:54.001Z,U2070973,7668,45.56010,9.21588,33071.4,6.1,11.1,281.0,-35.4,0.3,-1.0,RS41-SG,404.900,11.4,375,10,2.6,-1,-1
2023-08-02T12:42:55.001Z,U2070973,7669,45.56013,9.21573,33077.8,6.5,12.9,285.7,-35.4,0.0,-1.0,RS41-SG,404.900,11.7,375,10,2.6,-1,-1
2023-08-02T12:42:56.001Z,U2070973,7670,45.56017,9.21556,33085.0,7.2,14.8,290.1,-35.6,0.0,-1.0,RS41-SG,404.900,11.7,375,10,2.7,-1,-1
2023-08-02T12:42:57.001Z,U2070973,7671,45.56022,9.21538,33091.5,6.0,16.2,292.7,-35.6,0.1,-1.0,RS41-SG,404.900,11.6,375,10,2.7,-1,-1
2023-08-02T12:42:59.001Z,U2070973,7673,45.56033,9.21497,33103.8,7.2,17.5,288.1,-35.6,0.2,-1.0,RS41-SG,404.900,12.7,375,10,2.6,-1,-1
2023-08-02T12:43:00.001Z,U2070973,7674,45.56037,9.21476,33111.5,8.1,17.0,281.4,-35.8,0.0,-1.0,RS41-SG,404.900,12.5,375,10,2.6,-1,-1
2023-08-02T12:43:01.001Z,U2070973,7675,45.56039,9.21455,33118.8,6.5,16.3,274.5,-35.8,0.0,-1.0,RS41-SG,404.900,12.5,375,10,2.7,-1,-1
2023-08-02T12:43:02.001Z,U2070973,7676,45.56039,9.21435,33124.4,5.5,15.2,268.1,-35.8,0.1,-1.0,RS41-SG,404.900,11.0,375,10,2.7,-1,-1
2023-08-02T12:43:03.001Z,U2070973,7677,45.56039,9.21417,33130.2,6.3,13.4,264.2,-35.9,0.1,-1.0,RS41-SG,404.900,12.0,375,10,2.7,-1,-1
2023-08-02T12:43:04.001Z,U2070973,7678,45.56038,9.21401,33137.1,7.3,11.3,266.1,-35.9,0.0,-1.0,RS41-SG,404.900,12.0,375,10,2.6,-1,-1
2023-08-02T12:43:06.001Z,U2070973,7680,45.56039,9.21376,33150.9,5.3,9.0,285.2,-36.2,0.0,-1.0,RS41-SG,404.900,10.9,375,10,2.6,-1,-1
2023-08-02T12:43:09.001Z,U2070973,7683,45.56050,9.21341,33169.2,7.8,11.9,293.4,-36.3,0.3,-1.0,RS41-SG,404.900,11.5,375,10,2.7,-1,-1
2023-08-02T12:43:10.001Z,U2070973,7684,45.56054,9.21326,33176.4,6.4,13.2,289.5,-36.3,0.1,-1.0,RS41-SG,404.900,11.5,375,10,2.7,-1,-1
2023-08-02T12:43:11.001Z,U2070973,7685,45.56058,9.21309,33182.4,5.4,14.8,286.5,-36.3,0.1,-1.0,RS41-SG,404.900,11.2,375,10,2.6,-1,-1
2023-08-02T12:43:12.001Z,U2070973,7686,45.56061,9.21290,33188.3,5.8,16.1,285.8,-36.4,0.0,-1.0,RS41-SG,404.900,11.1,375,10,2.6,-1,-1
2023-08-02T12:43:15.001Z,U2070973,7689,45.56076,9.21228,33208.2,6.1,17.4,291.7,-36.5,0.1,-1.0,RS41-SG,404.900,11.1,375,10,2.7,-1,-1
2023-08-02T12:43:17.001Z,U2070973,7691,45.56087,9.21188,33220.3,6.6,16.0,288.6,-36.5,0.0,-1.0,RS41-SG,404.900,11.6,375,10,2.6,-1,-1
2023-08-02T12:43:19.001Z,U2070973,7693,45.56093,9.21151,33234.1,6.6,13.9,277.9,-36.4,0.1,-1.0,RS41-SG,404.900,11.2,375,10,2.7,-1,-1
2023-08-02T12:43:20.001Z,U2070973,7694,45.56094,9.21134,33240.3,5.7,12.9,274.2,-36.4,0.1,-1.0,RS41-SG,404.900,11.2,375,10,2.7,-1,-1
2023-08-02T12:43:21.001Z,U2070973,7695,45.56095,9.21119,33246.1,5.7,11.5,273.2,-36.3,0.2,-1.0,RS41-SG,404.900,10.9,375,10,2.6,-1,-1
2023-08-02T12:43:22.001Z,U2070973,7696,45.56096,9.21105,33252.0,6.2,9.9,276.0,-36.4,0.0,-1.0,RS41-SG,404.900,10.1,375,10,2.6,-1,-1
2023-08-02T12:43:24.001Z,U2070973,7698,45.56100,9.21083,33265.6,6.9,8.7,293.5,-36.3,0.0,-1.0,RS41-SG,404.900,9.6,375,10,2.7,-1,-1
2023-08-02T12:43:29.001Z,U2070973,7703,45.56113,9.21013,33298.7,4.9,15.8,271.0,-35.9,0.0,-1.0,RS41-SG,404.900,10.8,375,10,2.6,-1,-1
2023-08-02T12:43:30.001Z,U2070973,7704,45.56113,9.20992,33303.2,4.4,16.8,266.2,-35.8,0.0,-1.0,RS41-SG,404.900,10.8,375,10,2.7,-1,-1
2023-08-02T12:43:31.001Z,U2070973,7705,45.56112,9.20971,33308.3,5.7,16.5,263.4,-35.7,0.1,-1.0,RS41-SG,404.900,10.6,375,10,2.7,-1,-1
2023-08-02T12:43:32.001Z,U2070973,7706,45.56110,9.20951,33314.9,7.4,14.7,262.8,-35.7,0.1,-1.0,RS41-SG,404.900,10.8,375,10,2.7,-1,-1
2023-08-02T12:43:35.001Z,U2070973,7709,45.56108,9.20906,33334.6,5.3,9.5,275.4,-35.4,0.0,-1.0,RS41-SG,404.900,11.8,375,10,2.7,-1,-1
2023-08-02T12:43:36.001Z,U2070973,7710,45.56109,9.20894,33340.6,6.5,9.3,278.7,-35.3,0.2,-1.0,RS41-SG,404.900,11.8,375,10,2.7,-1,-1
2023-08-02T12:43:39.001Z,U2070973,7713,45.56113,9.20853,33361.8,5.8,12.9,275.3,-35.2,0.0,-1.0,RS41-SG,404.900,11.0,375,10,2.6,-1,-1
2023-08-02T12:43:40.001Z,U2070973,7714,45.56114,9.20836,33367.3,5.3,14.1,274.4,-35.2,0.0,-1.0,RS41-SG,404.900,11.6,375,10,2.7,-1,-1
2023-08-02T12:43:41.001Z,U2070973,7715,45.56115,9.20817,33372.9,6.2,14.8,274.2,-35.2,0.1,-1.0,RS41-SG,404.900,11.6,375,10,2.7,-1,-1
2023-08-02T12:43:42.001Z,U2070973,7716,45.56116,9.20798,33379.5,7.3,14.9,273.5,-35.3,0.1,-1.0,RS41-SG,404.900,11.6,375,10,2.7,-1,-1
2023-08-02T12:43:43.001Z,U2070973,7717,45.56117,9.20780,33386.4,6.8,14.5,272.4,-35.2,0.1,-1.0,RS41-SG,404.900,11.6,375,9,2.6,-1,-1
2023-08-02T12:43:44.001Z,U2070973,7718,45.56117,9.20761,33392.8,6.0,14.4,269.5,-35.1,0.0,-1.0,RS41-SG,404.900,10.2,375,10,2.6,-1,-1
2023-08-02T12:43:46.001Z,U2070973,7720,45.56115,9.20724,33406.0,7.2,15.5,260.5,-35.1,0.0,-1.0,RS41-SG,404.900,11.8,375,10,2.7,-1,-1
2023-08-02T12:43:48.001Z,U2070973,7722,45.56108,9.20683,33419.3,5.8,17.1,255.2,-35.1,0.1,-1.0,RS41-SG,404.900,10.1,375,10,2.7,-1,-1
2023-08-02T12:43:49.001Z,U2070973,7723,45.56104,9.20662,33425.0,6.0,17.0,255.7,-35.1,0.1,-1.0,RS41-SG,404.900,9.4,375,10,2.7,-1,-1
2023-08-02T12:43:50.001Z,U2070973,7724,45.56101,9.20641,33431.6,7.1,16.0,257.5,-35.1,0.3,-1.0,RS41-SG,404.900,9.5,375,10,2.6,-1,-1
2023-08-02T12:43:54.001Z,U2070973,7728,45.56098,9.20568,33458.6,7.2,15.1,274.0,-35.2,0.1,-1.0,RS41-SG,404.900,9.8,375,10,2.7,-1,-1
2023-08-02T12:43:55.001Z,U2070973,7729,45.56099,9.20547,33465.9,7.7,16.9,273.5,-35.1,0.2,-1.0,RS41-SG,404.900,10.6,375,10,2.6,-1,-1
2023-08-02T12:43:56.001Z,U2070973,7730,45.56100,9.20525,33473.0,6.3,18.4,271.7,-35.1,0.0,-1.0,RS41-SG,404.900,10.6,375,10,2.6,-1,-1
2023-08-02T12:43:57.001Z,U2070973,7731,45.56100,9.20501,33478.7,5.2,19.3,269.4,-35.1,0.0,-1.0,RS41-SG,404.900,9.8,375,10,2.7,-1,-1
2023-08-02T12:43:59.001Z,U2070973,7733,45.56098,9.20452,33490.7,7.0,18.8,263.8,-35.2,0.1,-1.0,RS41-SG,404.900,9.6,375,10,2.7,-1,-1
2023-08-02T12:44:00.001Z,U2070973,7734,45.56096,9.20429,33497.7,7.4,17.6,260.6,-35.1,0.2,-1.0,RS41-SG,404.900,9.6,375,10,2.6,-1,-1
2023-08-02T12:44:01.001Z,U2070973,7735,45.56093,9.20407,33504.4,6.0,16.8,257.8,-35.1,0.0,-1.0,RS41-SG,404.900,9.3,375,10,2.6,-1,-1
2023-08-02T12:44:03.001Z,U2070973,7737,45.56085,9.20367,33517.2,7.2,16.9,252.0,-34.9,0.2,-1.0,RS41-SG,404.900,9.8,375,10,2.7,-1,-1
2023-08-02T12:44:04.001Z,U2070973,7738,45.56080,9.20346,33524.2,7.2,18.0,250.5,-34.9,0.1,-1.0,RS41-SG,404.900,9.3,375,10,2.7,-1,-1
2023-08-02T12:44:05.001Z,U2070973,7739,45.56075,9.20323,33530.7,5.7,19.0,250.7,-34.8,0.0,-1.0,RS41-SG,404.900,9.3,375,10,2.6,-1,-1
2023-08-02T12:44:17.001Z,U2070973,7751,45.56043,9.20066,33267.5,-46.7,10.8,320.0,-35.4,0.0,-1.0,RS41-SG,404.900,11.2,375,10,2.7,-1,-1
2023-08-02T12:44:19.001Z,U2070973,7753,45.56062,9.20050,33188.3,-36.2,12.2,322.2,-36.2,0.0,-1.0,RS41-SG,404.900,12.2,375,10,2.7,-1,-1
2023-08-02T12:44:20.001Z,U2070973,7754,45.56069,9.20039,33151.7,-39.2,11.7,308.6,-36.3,0.0,-1.0,RS41-SG,404.900,11.4,375,10,2.6,-1,-1
2023-08-02T12:44:21.001Z,U2070973,7755,45.56075,9.20026,33112.4,-41.9,12.8,290.5,-36.2,0.0,-1.0,RS41-SG,404.900,11.3,375,10,2.6,-1,-1
2023-08-02T12:44:22.001Z,U2070973,7756,45.56078,9.20010,33070.4,-45.0,14.0,282.0,-35.8,0.0,-1.0,RS41-SG,404.900,11.3,375,10,2.6,-1,-1
2023-08-02T12:44:24.001Z,U2070973,7758,45.56077,9.19969,32983.5,-42.4,17.8,258.9,-35.4,0.0,-1.0,RS41-SG,404.900,10.4,375,9,2.7,-1,-1
2023-08-02T12:44:25.001Z,U2070973,7759,45.56073,9.19948,32945.2,-36.0,16.7,256.0,-35.4,0.0,-1.0,RS41-SG,404.900,11.0,375,9,2.7,-1,-1
2023-08-02T12:44:26.001Z,U2070973,7760,45.56070,9.19928,32909.1,-37.4,15.6,258.3,-35.5,0.1,-1.0,RS41-SG,404.900,11.0,375,9,2.7,-1,-1
2023-08-02T12:44:29.001Z,U2070973,7763,45.56075,9.19878,32798.1,-38.0,13.1,299.0,-36.1,0.0,-1.0,RS41-SG,404.900,9.8,375,10,2.7,-1,-1
2023-08-02T12:44:30.001Z,U2070973,7764,45.56082,9.19863,32759.9,-39.4,14.1,302.0,-36.3,0.0,-1.0,RS41-SG,404.900,9.9,375,10,2.7,-1,-1
2023-08-02T12:44:32.001Z,U2070973,7766,45.56094,9.19829,32694.3,-29.5,15.3,286.8,-36.6,0.0,-1.0,RS41-SG,404.900,9.7,375,10,2.6,-1,-1
2023-08-02T12:44:33.001Z,U2070973,7767,45.56098,9.19810,32663.3,-33.2,15.1,284.7,-36.6,0.0,-1.0,RS41-SG,404.900,9.6,375,10,2.6,-1,-1
2023-08-02T12:44:34.001Z,U2070973,7768,45.56100,9.19792,32630.3,-33.7,14.2,277.9,-36.7,0.1,-1.0,RS41-SG,404.900,11.4,375,10,2.7,-1,-1
2023-08-02T12:44:36.001Z,U2070973,7770,45.56102,9.19759,32568.0,-29.2,12.2,273.1,-37.1,0.0,-1.0,RS41-SG,404.900,11.3,375,10,2.7,-1,-1
2023-08-02T12:44:37.001Z,U2070973,7771,45.56104,9.19743,32539.3,-29.1,12.4,280.1,-37.2,0.0,-1.0,RS41-SG,404.900,11.3,375,10,2.6,-1,-1
2023-08-02T12:44:40.001Z,U2070973,7774,45.56120,9.19694,32450.3,-32.0,16.5,302.1,-37.3,0.0,-1.0,RS41-SG,404.900,12.5,375,10,2.7,-1,-1
2023-08-02T12:44:41.001Z,U2070973,7775,45.56129,9.19675,32420.5,-29.4,18.2,303.8,-37.4,0.0,-1.0,RS41-SG,404.900,10.9,375,10,2.7,-1,-1
2023-08-02T12:44:42.001Z,U2070973,7776,45.56137,9.19656,32391.4,-29.0,18.2,299.5,-37.6,0.0,-1.0,RS41-SG,404.900,10.9,375,10,2.6,-1,-1
2023-08-02T12:44:44.001Z,U2070973,7778,45.56149,9.19615,32329.0,-34.4,16.2,286.8,-37.7,0.0,-1.0,RS41-SG,404.900,11.6,375,10,2.7,-1,-1
2023-08-02T12:44:45.001Z,U2070973,7779,45.56153,9.19596,32293.5,-37.7,15.8,281.4,-37.8,0.0,-1.0,RS41-SG,404.900,13.0,375,10,2.7,-1,-1
2023-08-02T12:44:46.001Z,U2070973,7780,45.56155,9.19576,32255.6,-39.8,15.2,275.2,-37.8,0.0,-1.0,RS41-SG,404.900,13.0,375,10,2.7,-1,-1
2023-08-02T12:44:47.001Z,U2070973,7781,45.56156,9.19557,32215.9,-40.4,14.5,270.7,-38.0,0.0,-1.0,RS41-SG,404.900,11.6,375,10,2.6,-1,-1
2023-08-02T12:44:49.001Z,U2070973,7783,45.56158,9.19521,32130.3,-44.4,14.1,280.0,-38.5,0.0,-1.0,RS41-SG,404.900,10.7,375,10,2.7,-1,-1
2023-08-02T12:44:50.001Z,U2070973,7784,45.56162,9.19503,32087.3,-43.0,15.2,291.6,-38.6,0.0,-1.0,RS41-SG,404.900,11.7,375,9,2.7,-1,-1
2023-08-02T12:44:51.001Z,U2070973,7785,45.56168,9.19485,32044.0,-43.9,16.3,298.7,-38.5,0.0,-1.0,RS41-SG,404.900,11.7,375,10,2.7,-1,-1
2023-08-02T12:44:52.001Z,U2070973,7786,45.56175,9.19467,32000.1,-45.8,17.0,300.4,-38.5,0.0,-1.0,RS41-SG,404.900,11.5,375,10,2.6,-1,-1
2023-08-02T12:44:54.001Z,U2070973,7788,45.56191,9.19429,31906.1,-48.6,17.2,299.8,-38.8,0.0,-1.0,RS41-SG,404.900,10.9,375,9,2.7,-1,-1
2023-08-02T12:44:55.001Z,U2070973,7789,45.56198,9.19410,31857.5,-49.4,17.5,295.1,-39.0,0.0,-1.0,RS41-SG,404.900,10.1,375,10,2.7,-1,-1
2023-08-02T12:44:56.001Z,U2070973,7790,45.56204,9.19389,31807.3,-51.2,17.2,289.1,-39.2,0.0,-1.0,RS41-SG,404.900,10.7,375,9,2.7,-1,-1
2023-08-02T12:45:00.001Z,U2070973,7794,45.56216,9.19306,31644.4,-33.9,18.2,284.4,-39.4,0.0,-1.0,RS41-SG,404.900,11.1,375,10,2.7,-1,-1
2023-08-02T12:45:01.001Z,U2070973,7795,45.56221,9.19282,31612.2,-32.3,19.9,289.5,-39.4,0.0,-1.0,RS41-SG,404.900,9.9,375,9,2.7,-1,-1
2023-08-02T12:45:04.001Z,U2070973,7798,45.56242,9.19204,31516.2,-34.1,22.5,290.6,-39.4,0.1,-1.0,RS41-SG,404.900,10.2,375,10,2.7,-1,-1
2023-08-02T12:45:05.001Z,U2070973,7799,45.56248,9.19177,31482.2,-34.3,21.0,282.7,-39.4,0.0,-1.0,RS41-SG,404.900,11.1,375,10,2.7,-1,-1
2023-08-02T12:45:06.001Z,U2070973,7800,45.56250,9.19151,31445.8,-38.7,21.1,275.8,-39.4,0.0,-1.0,RS41-SG,404.900,11.1,375,10,2.7,-1,-1
2023-08-02T12:45:07.001Z,U2070973,7801,45.56252,9.19125,31405.7,-41.4,20.0,272.8,-39.5,0.1,-1.0,RS41-SG,404.900,10.4,375,10,2.6,-1,-1
2023-08-02T12:45:11.001Z,U2070973,7805,45.56247,9.19033,31225.0,-46.6,16.2,266.1,-39.6,0.0,-1.0,RS41-SG,404.900,8.4,375,10,2.7,-1,-1
2023-08-02T12:45:14.001Z,U2070973,7808,45.56254,9.18973,31081.3,-48.8,16.7,291.4,-39.8,0.0,-1.0,RS41-SG,404.900,10.4,375,9,2.7,-1,-1
2023-08-02T12:45:15.001Z,U2070973,7809,45.56261,9.18953,31035.0,-45.2,18.8,299.7,-40.0,0.1,-1.0,RS41-SG,404.900,10.9,375,9,2.7,-1,-1
2023-08-02T12:45:16.001Z,U2070973,7810,45.56269,9.18931,30991.1,-43.9,19.9,300.0,-40.1,0.1,-1.0,RS41-SG,404.900,10.9,375,9,2.7,-1,-1
2023-08-02T12:45:17.001Z,U2070973,7811,45.56279,9.18909,30947.5,-42.9,20.8,301.0,-40.2,0.1,-1.0,RS41-SG,404.900,10.6,375,10,2.6,-1,-1
2023-08-02T12:45:19.001Z,U2070973,7813,45.56295,9.18864,30868.7,-37.7,18.6,292.8,-40.1,0.0,-1.0,RS41-SG,404.900,11.2,375,8,2.7,-1,-1
2023-08-02T12:45:21.001Z,U2070973,7815,45.56304,9.18820,30795.3,-36.8,17.5,278.9,-40.0,0.0,-1.0,RS41-SG,404.900,11.1,375,10,2.7,-1,-1
2023-08-02T12:45:22.001Z,U2070973,7816,45.56305,9.18798,30758.4,-37.4,16.9,271.5,-40.1,0.0,-1.0,RS41-SG,404.900,10.8,375,8,2.6,-1,-1
2023-08-02T12:45:23.001Z,U2070973,7817,45.56305,9.18776,30721.7,-37.3,16.9,271.4,-40.2,0.1,-1.0,RS41-SG,404.900,10.3,375,9,2.6,-1,-1
2023-08-02T12:45:25.001Z,U2070973,7819,45.56304,9.18734,30647.7,-37.4,15.8,270.2,-40.3,0.0,-1.0,RS41-SG,404.900,10.7,375,9,2.7,-1,-1
2023-08-02T12:45:26.001Z,U2070973,7820,45.56304,9.18714,30609.8,-38.7,15.4,264.9,-40.5,0.0,-1.0,RS41-SG,404.900,11.8,375,9,2.7,-1,-1
2023-08-02T12:45:27.001Z,U2070973,7821,45.56303,9.18695,30570.2,-39.9,14.6,267.7,-40.8,0.1,-1.0,RS41-SG,404.900,11.8,375,10,2.6,-1,-1
2023-08-02T12:45:29.001Z,U2070973,7823,45.56301,9.18660,30491.8,-37.8,13.2,266.1,-41.5,0.1,-1.0,RS41-SG,404.900,10.9,375,9,2.7,-1,-1
2023-08-02T12:45:30.001Z,U2070973,7824,45.56300,9.18644,30454.3,-36.9,13.2,266.1,-41.7,0.1,-1.0,RS41-SG,404.900,12.2,375,10,2.7,-1,-1
2023-08-02T12:45:31.001Z,U2070973,7825,45.56299,9.18627,30418.4,-35.5,12.8,264.4,-41.9,0.1,-1.0,RS41-SG,404.900,12.2,375,10,2.7,-1,-1
2023-08-02T12:45:32.001Z,U2070973,7826,45.56299,9.18611,30382.5,-36.6,12.8,268.9,-42.0,0.1,-1.0,RS41-SG,404.900,11.0,375,10,2.6,-1,-1
2023-08-02T12:45:34.001Z,U2070973,7828,45.56299,9.18577,30306.9,-39.4,13.6,271.3,-41.9,0.1,-1.0,RS41-SG,404.900,11.4,375,10,2.7,-1,-1
2023-08-02T12:45:35.001Z,U2070973,7829,45.56299,9.18559,30265.2,-43.1,14.5,271.8,-41.8,0.1,-1.0,RS41-SG,404.900,11.4,375,10,2.7,-1,-1
2023-08-02T12:45:36.001Z,U2070973,7830,45.56299,9.18541,30223.4,-41.2,14.1,270.8,-41.9,0.1,-1.0,RS41-SG,404.900,10.1,375,10,2.7,-1,-1
2023-08-02T12:45:37.001Z,U2070973,7831,45.56299,9.18523,30183.1,-39.8,15.0,269.9,-42.0,0.1,-1.0,RS41-SG,404.900,10.4,375,10,2.6,-1,-1
2023-08-02T12:45:42.001Z,U2070973,7836,45.56287,9.18445,30002.8,-33.6,10.3,248.2,-42.7,0.1,-1.0,RS41-SG,404.900,10.1,375,10,2.6,-1,-1
2023-08-02T12:45:44.001Z,U2070973,7838,45.56280,9.18422,29934.7,-34.4,9.9,256.0,-42.7,0.1,-1.0,RS41-SG,404.900,9.8,375,10,2.7,-1,-1
2023-08-02T12:45:45.001Z,U2070973,7839,45.56278,9.18409,29901.0,-34.4,11.2,257.3,-42.6,0.1,-1.0,RS41-SG,404.900,10.1,375,9,2.7,-1,-1
2023-08-02T12:45:46.001Z,U2070973,7840,45.56276,9.18394,29866.2,-35.4,12.2,263.7,-42.5,0.1,-1.0,RS41-SG,404.900,10.1,375,9,2.7,-1,-1
2023-08-02T12:45:47.001Z,U2070973,7841,45.56275,9.18377,29831.4,-35.1,13.3,264.9,-42.5,0.2,-1.0,RS41-SG,404.900,11.4,375,9,2.6,-1,-1
2023-08-02T12:45:49.001Z,U2070973,7843,45.56274,9.18344,29758.5,-37.8,13.1,265.4,-42.6,0.1,-1.0,RS41-SG,404.900,9.8,375,9,2.7,-1,-1
2023-08-02T12:45:50.001Z,U2070973,7844,45.56273,9.18328,29720.3,-39.0,12.5,264.8,-42.7,0.1,-1.0,RS41-SG,404.900,9.8,375,10,2.7,-1,-1
2023-08-02T12:45:51.001Z,U2070973,7845,45.56271,9.18313,29681.1,-39.3,11.0,254.8,-42.7,0.2,-1.0,RS41-SG,404.900,9.2,375,10,2.7,-1,-1
2023-08-02T12:46:00.001Z,U2070973,7854,45.56254,9.18192,29348.0,-31.5,14.3,271.5,-43.2,0.1,-1.0,RS41-SG,404.900,9.9,375,10,2.7,08:28:41,-1
