timestamp,serial,frame,lat,lon,alt,vel_v,vel_h,heading,temp,humidity,pressure,type,freq_mhz,snr,f_error_hz,sats,batt_v,burst_timer,aux_data
2023-08-06T00:35:32.000Z,U2070979,7257,45.35244,9.48036,29405.6,7.5,15.2,272.0,-273.0,-1.0,-1.0,RS41,404.900,8.1,0,8,2.6,-1,-1
2023-08-06T00:35:36.000Z,U2070979,7261,45.35247,9.47961,29431.4,7.0,14.5,284.1,-273.0,-1.0,-1.0,RS41,404.900,9.1,0,9,2.5,-1,-1
2023-08-06T00:35:38.000Z,U2070979,7263,45.35256,9.47926,29442.2,5.1,14.4,294.3,-273.0,-1.0,-1.0,RS41,404.900,9.1,0,9,2.6,-1,-1
2023-08-06T00:35:40.000Z,U2070979,7265,45.35266,9.47894,29455.2,6.8,13.4,290.1,-273.0,-1.0,-1.0,RS41,404.900,8.6,0,9,2.5,-1,-1
2023-08-06T00:35:47.000Z,U2070979,7272,45.35285,9.47779,29497.9,5.7,14.5,287.1,-273.0,-1.0,-1.0,RS41,404.900,8.2,0,9,2.6,-1,-1
2023-08-06T00:35:50.000Z,U2070979,7275,45.35295,9.47724,29517.6,5.5,15.0,281.4,-273.0,-1.0,-1.0,RS41,404.900,8.1,0,9,2.5,-1,-1
2023-08-06T00:35:53.000Z,U2070979,7278,45.35307,9.47669,29536.2,7.0,15.7,295.8,-273.0,-1.0,-1.0,RS41,404.900,9.5,0,9,2.6,-1,-1
2023-08-06T00:35:54.000Z,U2070979,7279,45.35314,9.47651,29542.1,4.9,16.1,300.6,-273.0,-1.0,-1.0,RS41,404.900,9.5,0,9,2.6,-1,-1
2023-08-06T00:35:56.000Z,U2070979,7281,45.35329,9.47616,29554.0,7.2,16.3,301.3,-273.0,-1.0,-1.0,RS41,404.900,9.0,0,9,2.5,-1,-1
2023-08-06T00:35:57.000Z,U2070979,7282,45.35336,9.47598,29561.1,6.8,15.8,296.8,-273.0,-1.0,-1.0,RS41,404.900,9.0,0,9,2.5,-1,-1
2023-08-06T00:36:02.000Z,U2070979,7287,45.35361,9.47505,29591.6,5.5,16.1,290.3,-273.0,-1.0,-1.0,RS41,404.900,10.1,0,9,2.5,-1,-1
2023-08-06T00:36:07.000Z,U2070979,7292,45.35382,9.47403,29623.0,6.5,16.9,288.5,-273.0,-1.0,-1.0,RS41,404.900,10.1,0,9,2.5,-1,-1
2023-08-06T00:36:08.000Z,U2070979,7293,45.35388,9.47384,29630.0,7.0,16.7,295.2,-273.0,-1.0,-1.0,RS41,404.900,10.1,0,9,2.5,-1,-1
2023-08-06T00:36:09.000Z,U2070979,7294,45.35395,9.47365,29636.2,5.7,16.6,302.0,-273.0,-1.0,-1.0,RS41,404.900,8.5,0,9,2.6,-1,-1
2023-08-06T00:36:12.000Z,U2070979,7297,45.35420,9.47316,29654.4,7.8,14.8,303.6,-273.0,-1.0,-1.0,RS41,404.900,9.5,0,9,2.5,-1,-1
2023-08-06T00:36:14.000Z,U2070979,7299,45.35432,9.47283,29666.8,4.9,14.1,291.6,-273.0,-1.0,-1.0,RS41,404.900,9.8,0,9,2.5,-1,-1
2023-08-06T00:36:15.000Z,U2070979,7300,45.35436,9.47266,29672.2,5.9,14.4,286.8,-273.0,-1.0,-1.0,RS41,404.900,9.8,0,9,2.6,-1,-1
2023-08-06T00:36:18.000Z,U2070979,7303,45.35446,9.47211,29691.6,5.9,15.7,283.0,-273.0,-1.0,-1.0,RS41,404.900,10.6,0,9,2.5,-1,-1
2023-08-06T00:36:20.000Z,U2070979,7305,45.35451,9.47172,29704.5,6.8,15.0,277.9,-273.0,-1.0,-1.0,RS41,404.900,9.9,0,9,2.6,-1,-1
2023-08-06T00:36:21.000Z,U2070979,7306,45.35453,9.47153,29710.7,5.6,14.2,277.3,-273.0,-1.0,-1.0,RS41,404.900,10.3,0,9,2.5,-1,-1
2023-08-06T00:36:23.000Z,U2070979,7308,45.35457,9.47121,29722.1,6.0,11.9,287.6,-273.0,-1.0,-1.0,RS41,404.900,10.3,0,9,2.5,-1,-1
2023-08-06T00:36:24.000Z,U2070979,7309,45.35461,9.47107,29728.5,6.7,11.5,298.4,-273.0,-1.0,-1.0,RS41,404.900,10.3,0,9,2.6,-1,-1
2023-08-06T00:36:25.000Z,U2070979,7310,45.35467,9.47095,29734.6,5.5,11.7,305.7,-273.0,-1.0,-1.0,RS41,404.900,10.1,0,9,2.6,-1,-1
2023-08-06T00:36:26.000Z,U2070979,7311,45.35473,9.47083,29740.5,6.2,12.0,306.8,-273.0,-1.0,-1.0,RS41,404.900,9.9,0,8,2.6,-1,-1
2023-08-06T00:36:27.000Z,U2070979,7312,45.35479,9.47070,29747.3,7.4,12.2,302.5,-273.0,-1.0,-1.0,RS41,404.900,10.6,0,9,2.5,-1,-1
2023-08-06T00:36:28.000Z,U2070979,7313,45.35484,9.47056,29754.7,7.2,12.2,293.2,-273.0,-1.0,-1.0,RS41,404.900,10.6,0,9,2.5,-1,-1
2023-08-06T00:36:29.000Z,U2070979,7314,45.35488,9.47041,29760.7,4.9,12.5,285.7,-273.0,-1.0,-1.0,RS41,404.900,10.6,0,9,2.5,-1,-1
2023-08-06T00:36:30.000Z,U2070979,7315,45.35490,9.47026,29765.6,4.8,13.0,278.8,-273.0,-1.0,-1.0,RS41,404.900,9.9,0,9,2.6,-1,-1
2023-08-06T00:36:31.000Z,U2070979,7316,45.35492,9.47009,29770.8,6.0,13.6,274.4,-273.0,-1.0,-1.0,RS41,404.900,10.4,0,9,2.6,-1,-1
2023-08-06T00:36:33.000Z,U2070979,7318,45.35494,9.46974,29784.1,5.8,13.7,274.9,-273.0,-1.0,-1.0,RS41,404.900,9.1,0,9,2.5,-1,-1
2023-08-06T00:36:34.000Z,U2070979,7319,45.35495,9.46957,29790.2,6.3,13.4,274.3,-273.0,-1.0,-1.0,RS41,404.900,10.2,0,9,2.5,-1,-1
2023-08-06T00:36:36.000Z,U2070979,7321,45.35496,9.46924,29803.9,6.4,12.2,270.0,-273.0,-1.0,-1.0,RS41,404.900,10.5,0,9,2.6,-1,-1
2023-08-06T00:36:37.000Z,U2070979,7322,45.35496,9.46909,29810.1,5.7,11.6,270.2,-273.0,-1.0,-1.0,RS41,404.900,10.5,0,9,2.6,-1,-1
2023-08-06T00:36:40.000Z,U2070979,7325,45.35500,9.46870,29829.6,4.9,10.0,291.7,-273.0,-1.0,-1.0,RS41,404.900,9.6,0,9,2.5,-1,-1
2023-08-06T00:36:42.000Z,U2070979,7327,45.35508,9.46847,29841.5,7.5,9.7,292.7,-273.0,-1.0,-1.0,RS41-SG,404.900,11.3,0,9,2.6,-1,-1
2023-08-06T00:36:45.000Z,U2070979,7330,45.35513,9.46811,29860.8,5.7,9.8,274.8,-273.0,-1.0,-1.0,RS41-SG,404.900,10.8,0,9,2.6,-1,-1
2023-08-06T00:36:46.000Z,U2070979,7331,45.35514,9.46799,29867.0,6.4,9.9,276.2,-273.0,-1.0,-1.0,RS41-SG,404.900,10.8,0,9,2.6,-1,-1
2023-08-06T00:36:47.000Z,U2070979,7332,45.35515,9.46786,29873.5,6.6,10.0,279.3,-273.0,-1.0,-1.0,RS41-SG,404.900,11.0,0,9,2.5,-1,-1
2023-08-06T00:36:48.000Z,U2070979,7333,45.35517,9.46774,29879.5,5.6,10.0,281.7,-273.0,-1.0,-1.0,RS41-SG,404.900,11.0,0,9,2.5,-1,-1
2023-08-06T00:36:49.000Z,U2070979,7334,45.35518,9.46762,29885.1,5.7,9.6,280.5,-273.0,-1.0,-1.0,RS41-SG,404.900,10.6,0,9,2.5,-1,-1
2023-08-06T00:36:50.000Z,U2070979,7335,45.35519,9.46750,29891.3,6.7,9.1,275.1,-273.0,-1.0,-1.0,RS41-SG,404.900,10.6,0,9,2.6,-1,-1
2023-08-06T00:36:51.000Z,U2070979,7336,45.35520,9.46739,29898.1,6.9,8.8,269.1,-273.0,-1.0,-1.0,RS41-SG,404.900,10.6,0,9,2.6,-1,-1
2023-08-06T00:36:55.000Z,U2070979,7340,45.35519,9.46694,29922.5,7.1,9.3,282.5,-273.0,-1.0,-1.0,RS41-SG,404.900,10.0,0,9,2.5,-1,-1
2023-08-06T00:36:56.000Z,U2070979,7341,45.35522,9.46682,29928.7,5.6,9.9,289.6,-273.0,-1.0,-1.0,RS41-SG,404.900,11.0,0,9,2.6,-1,-1
2023-08-06T00:36:58.000Z,U2070979,7343,45.35529,9.46657,29940.5,7.0,11.4,290.3,-273.0,-1.0,-1.0,RS41-SG,404.900,10.9,0,9,2.5,-1,-1
2023-08-06T00:36:59.000Z,U2070979,7344,45.35532,9.46643,29947.2,6.5,11.6,283.7,-273.0,-1.0,-1.0,RS41-SG,404.900,11.2,0,9,2.5,-1,-1
2023-08-06T00:37:01.000Z,U2070979,7346,45.35535,9.46614,29958.7,5.5,11.5,274.3,-273.0,-1.0,-1.0,RS41-SG,404.900,10.1,0,9,2.6,-1,-1
2023-08-06T00:37:02.000Z,U2070979,7347,45.35535,9.46599,29964.7,6.4,11.3,273.7,-273.0,-1.0,-1.0,RS41-SG,404.900,9.6,0,9,2.6,-1,-1
2023-08-06T00:37:03.000Z,U2070979,7348,45.35536,9.46585,29971.3,7.0,11.1,276.1,-273.0,-1.0,-1.0,RS41-SG,404.900,9.6,0,9,2.6,-1,-1
2023-08-06T00:37:04.000Z,U2070979,7349,45.35537,9.46571,29977.9,5.7,10.9,277.0,-44.8,-1.0,-1.0,RS41-SG,404.900,11.4,0,9,2.5,-1,-1
2023-08-06T00:37:06.000Z,U2070979,7351,45.35539,9.46545,29990.2,6.8,10.1,270.8,-44.8,-1.0,-1.0,RS41-SG,404.900,10.6,0,9,2.5,-1,-1
2023-08-06T00:37:07.000Z,U2070979,7352,45.35539,9.46532,29996.6,6.3,10.2,265.3,-44.8,-1.0,-1.0,RS41-SG,404.900,10.4,0,9,2.6,-1,-1
2023-08-06T00:37:08.000Z,U2070979,7353,45.35538,9.46519,30002.5,5.2,10.4,262.6,-44.8,-1.0,-1.0,RS41-SG,404.900,10.4,0,9,2.6,-1,-1
2023-08-06T00:37:09.000Z,U2070979,7354,45.35537,9.46505,30008.1,6.1,11.3,264.6,-44.8,-1.0,-1.0,RS41-SG,404.900,10.8,0,9,2.5,-1,-1
2023-08-06T00:37:11.000Z,U2070979,7356,45.35537,9.46474,30021.3,6.2,13.4,277.8,-44.8,-1.0,-1.0,RS41-SG,404.900,10.6,0,9,2.6,-1,-1
2023-08-06T00:37:12.000Z,U2070979,7357,45.35539,9.46456,30026.8,4.7,14.5,281.3,-44.8,-1.0,-1.0,RS41-SG,404.900,10.6,0,9,2.6,-1,-1
2023-08-06T00:37:13.000Z,U2070979,7358,45.35542,9.46437,30032.0,5.4,15.6,281.8,-44.8,-1.0,-1.0,RS41-SG,404.900,10.5,0,9,2.5,-1,-1
2023-08-06T00:37:16.000Z,U2070979,7361,45.35546,9.46379,30050.4,5.5,14.6,268.8,-44.8,-1.0,-1.0,RS41-SG,404.900,9.6,0,9,2.6,-1,-1
2023-08-06T00:37:17.000Z,U2070979,7362,45.35545,9.46361,30055.9,5.7,13.2,266.3,-44.9,-1.0,-1.0,RS41-SG,404.900,10.1,0,9,2.6,-1,-1
2023-08-06T00:37:19.000Z,U2070979,7364,45.35545,9.46332,30068.8,6.6,9.9,271.9,-44.9,-1.0,-1.0,RS41-SG,404.900,10.3,0,9,2.5,-1,-1
2023-08-06T00:37:20.000Z,U2070979,7365,45.35545,9.46320,30074.6,5.1,9.2,278.0,-44.9,-1.0,-1.0,RS41-SG,404.900,10.9,0,9,2.5,-1,-1
2023-08-06T00:37:21.000Z,U2070979,7366,45.35547,9.46309,30079.7,5.2,9.1,281.2,-44.9,-1.0,-1.0,RS41-SG,404.900,11.0,0,9,2.5,-1,-1
2023-08-06T00:37:22.000Z,U2070979,7367,45.35548,9.46297,30085.6,6.6,9.9,279.0,-44.9,-1.0,-1.0,RS41-SG,404.900,11.0,0,9,2.6,-1,-1
2023-08-06T00:37:23.000Z,U2070979,7368,45.35549,9.46284,30092.6,7.5,11.2,272.6,-44.9,-1.0,-1.0,RS41-SG,404.900,10.8,0,9,2.6,-1,-1
2023-08-06T00:37:24.000Z,U2070979,7369,45.35549,9.46268,30099.2,5.4,12.5,268.9,-44.8,-1.0,-1.0,RS41-SG,404.900,10.8,0,9,2.5,-1,-1
2023-08-06T00:37:27.000Z,U2070979,7372,45.35548,9.46214,30116.9,6.4,15.7,272.7,-44.8,-1.0,-1.0,RS41-SG,404.900,10.1,0,9,2.6,-1,-1
2023-08-06T00:37:28.000Z,U2070979,7373,45.35550,9.46194,30122.9,5.4,15.5,276.3,-44.8,-1.0,-1.0,RS41-SG,404.900,10.9,0,9,2.6,-1,-1
2023-08-06T00:37:29.000Z,U2070979,7374,45.35551,9.46175,30128.0,5.0,14.9,278.7,-44.8,-1.0,-1.0,RS41-SG,404.900,10.9,0,9,2.6,-1,-1
2023-08-06T00:37:30.000Z,U2070979,7375,45.35553,9.46157,30133.4,5.5,13.7,277.6,-44.8,-1.0,-1.0,RS41-SG,404.900,10.5,0,9,2.5,-1,-1
2023-08-06T00:37:31.000Z,U2070979,7376,45.35554,9.46140,30138.9,5.4,12.5,274.1,-44.8,-1.0,-1.0,RS41-SG,404.900,11.4,0,9,2.5,-1,-1
2023-08-06T00:37:33.000Z,U2070979,7378,45.35554,9.46110,30149.4,4.9,11.6,265.2,-44.7,-1.0,-1.0,RS41-SG,404.900,11.9,0,9,2.6,-1,-1
2023-08-06T00:37:35.000Z,U2070979,7380,45.35553,9.46079,30160.4,6.3,13.1,270.9,-44.7,-1.0,-1.0,RS41-SG,404.900,11.0,0,9,2.5,-1,-1
2023-08-06T00:37:36.000Z,U2070979,7381,45.35554,9.46061,30166.9,6.7,14.4,277.9,-44.7,-1.0,-1.0,RS41-SG,404.900,11.0,0,9,2.5,-1,-1
2023-08-06T00:37:37.000Z,U2070979,7382,45.35557,9.46043,30173.2,5.8,15.5,283.7,-44.7,-1.0,-1.0,RS41-SG,404.900,11.2,0,9,2.6,-1,-1
2023-08-06T00:37:38.000Z,U2070979,7383,45.35560,9.46024,30178.5,4.5,16.0,286.8,-44.7,-1.0,-1.0,RS41-SG,404.900,11.5,0,9,2.6,-1,-1
2023-08-06T00:37:39.000Z,U2070979,7384,45.35565,9.46004,30183.3,5.0,15.9,288.3,-44.7,-1.0,-1.0,RS41-SG,404.900,11.5,0,9,2.5,-1,-1
2023-08-06T00:37:40.000Z,U2070979,7385,45.35569,9.45986,30189.0,6.2,14.7,286.2,-44.7,-1.0,-1.0,RS41-SG,404.900,10.2,0,9,2.5,-1,-1
2023-08-06T00:37:41.000Z,U2070979,7386,45.35572,9.45969,30195.5,7.0,12.9,281.8,-44.7,-1.0,-1.0,RS41-SG,404.900,10.9,0,9,2.5,-1,-1
2023-08-06T00:37:42.000Z,U2070979,7387,45.35574,9.45953,30201.6,5.3,11.6,277.6,-44.7,-1.0,-1.0,RS41-SG,404.900,10.9,0,9,2.6,-1,-1
2023-08-06T00:37:43.000Z,U2070979,7388,45.35575,9.45939,30207.0,5.6,10.5,274.2,-44.7,-1.0,-1.0,RS41-SG,404.900,11.5,0,9,2.6,-1,-1
2023-08-06T00:37:44.000Z,U2070979,7389,45.35575,9.45926,30213.2,7.0,10.1,276.0,-44.7,-1.0,-1.0,RS41-SG,404.900,11.5,0,9,2.6,-1,-1
2023-08-06T00:37:45.000Z,U2070979,7390,45.35577,9.45913,30220.1,6.7,10.4,280.9,-44.7,-1.0,-1.0,RS41-SG,404.900,10.6,0,9,2.5,-1,-1
2023-08-06T00:37:46.000Z,U2070979,7391,45.35579,9.45900,30226.1,4.9,11.1,285.6,-44.8,-1.0,-1.0,RS41-SG,404.900,10.8,0,9,2.5,-1,-1
2023-08-06T00:37:49.000Z,U2070979,7394,45.35589,9.45857,30243.6,6.9,12.5,287.2,-44.9,-1.0,-1.0,RS41-SG,404.900,10.8,0,9,2.6,-1,-1
2023-08-06T00:37:50.000Z,U2070979,7395,45.35592,9.45841,30249.8,5.4,12.8,286.7,-44.9,-1.0,-1.0,RS41-SG,404.900,10.8,0,9,2.5,-1,-1
2023-08-06T00:37:51.000Z,U2070979,7396,45.35596,9.45825,30255.2,5.7,13.6,286.2,-44.9,-1.0,-1.0,RS41-SG,404.900,10.4,0,9,2.5,-1,-1
2023-08-06T00:37:52.000Z,U2070979,7397,45.35599,9.45808,30261.1,6.1,14.9,287.8,-44.9,-1.0,-1.0,RS41-SG,404.900,10.4,0,9,2.5,-1,-1
2023-08-06T00:37:53.000Z,U2070979,7398,45.35604,9.45789,30267.4,6.4,16.0,290.3,-45.0,-1.0,-1.0,RS41-SG,404.900,10.4,0,9,2.6,-1,-1
2023-08-06T00:37:55.000Z,U2070979,7400,45.35615,9.45751,30278.8,5.7,16.2,291.5,-45.1,-1.0,-1.0,RS41-SG,404.900,10.8,0,9,2.6,-1,-1
2023-08-06T00:37:56.000Z,U2070979,7401,45.35619,9.45732,30284.9,6.5,14.9,289.1,-45.1,-1.0,-1.0,RS41-SG,404.900,10.0,0,9,2.5,-1,-1
2023-08-06T00:37:57.000Z,U2070979,7402,45.35623,9.45715,30291.6,6.5,13.0,284.9,-45.2,-1.0,-1.0,RS41-SG,404.900,10.6,0,9,2.5,-1,-1
2023-08-06T00:37:58.000Z,U2070979,7403,45.35626,9.45700,30297.4,5.1,11.7,281.7,-45.2,-1.0,-1.0,RS41-SG,404.900,10.6,0,9,2.5,-1,-1
2023-08-06T00:38:00.000Z,U2070979,7405,45.35629,9.45674,30307.2,5.2,9.7,285.4,-45.3,-1.0,-1.0,RS41-SG,404.900,10.2,0,9,2.6,-1,-1
2023-08-06T00:38:01.000Z,U2070979,7406,45.35633,9.45662,30313.3,6.9,10.3,294.9,-45.3,0.2,-1.0,RS41-SG,404.900,10.2,0,9,2.5,-1,-1
2023-08-06T00:38:02.000Z,U2070979,7407,45.35637,9.45650,30320.1,6.1,11.6,301.0,-45.4,0.2,-1.0,RS41-SG,404.900,9.4,0,9,2.5,-1,-1
2023-08-06T00:38:03.000Z,U2070979,7408,45.35643,9.45637,30325.6,5.2,13.0,303.4,-45.4,0.2,-1.0,RS41-SG,404.900,11.2,0,9,2.6,-1,-1
2023-08-06T00:38:04.000Z,U2070979,7409,45.35650,9.45622,30331.0,5.4,14.0,302.9,-45.5,0.2,-1.0,RS41-SG,404.900,11.3,0,9,2.6,-1,-1
2023-08-06T00:38:05.000Z,U2070979,7410,45.35656,9.45607,30337.1,6.7,14.3,299.3,-45.5,0.2,-1.0,RS41-SG,404.900,11.3,0,9,2.5,-1,-1
2023-08-06T00:38:07.000Z,U2070979,7412,45.35666,9.45575,30349.5,4.9,13.7,289.6,-45.6,0.2,-1.0,RS41-SG,404.900,10.6,0,8,2.5,-1,-1
2023-08-06T00:38:08.000Z,U2070979,7413,45.35670,9.45559,30354.4,5.3,13.2,287.0,-45.6,0.2,-1.0,RS41-SG,404.900,10.7,0,9,2.6,-1,-1
2023-08-06T00:38:09.000Z,U2070979,7414,45.35674,9.45543,30360.2,6.1,12.9,288.5,-45.6,0.2,-1.0,RS41-SG,404.900,11.0,0,9,2.6,-1,-1
2023-08-06T00:38:11.000Z,U2070979,7416,45.35682,9.45514,30372.4,5.4,11.7,297.7,-45.6,0.2,-1.0,RS41-SG,404.900,9.7,0,9,2.5,-1,-1
2023-08-06T00:38:14.000Z,U2070979,7419,45.35696,9.45481,30388.3,5.8,8.3,302.7,-45.7,0.2,-1.0,RS41-SG,404.900,9.9,0,9,2.6,-1,-1
2023-08-06T00:38:17.000Z,U2070979,7422,45.35705,9.45452,30406.0,4.8,9.5,287.5,-45.7,0.2,-1.0,RS41-SG,404.900,10.1,0,9,2.5,-1,-1
2023-08-06T00:38:19.000Z,U2070979,7424,45.35713,9.45425,30416.2,5.5,13.7,295.2,-45.7,0.2,-1.0,RS41-SG,404.900,9.5,0,9,2.6,-1,-1
2023-08-06T00:38:20.000Z,U2070979,7425,45.35719,9.45409,30421.8,5.7,15.6,301.1,-45.7,0.2,-1.0,RS41-SG,404.900,9.7,0,9,2.5,-1,-1
2023-08-06T00:38:21.000Z,U2070979,7426,45.35727,9.45392,30427.0,4.4,16.5,305.5,-45.7,0.3,-1.0,RS41-SG,404.900,10.6,0,9,2.5,-1,-1
2023-08-06T00:38:23.000Z,U2070979,7428,45.35745,9.45361,30437.8,6.6,14.1,312.6,-45.7,0.3,-1.0,RS41-SG,404.900,9.6,0,9,2.6,-1,-1
2023-08-06T00:38:24.000Z,U2070979,7429,45.35752,9.45349,30444.8,7.1,11.1,312.6,-45.8,0.2,-1.0,RS41-SG,404.900,10.4,0,9,2.6,-1,-1
2023-08-06T00:38:25.000Z,U2070979,7430,45.35758,9.45340,30450.7,4.6,8.9,310.8,-45.8,0.2,-1.0,RS41-SG,404.900,10.4,0,9,2.6,-1,-1
2023-08-06T00:38:26.000Z,U2070979,7431,45.35763,9.45332,30455.0,4.0,6.8,305.5,-45.8,0.3,-1.0,RS41-SG,404.900,10.1,0,8,2.5,-1,-1
2023-08-06T00:38:27.000Z,U2070979,7432,45.35766,9.45325,30459.8,5.2,5.8,301.1,-45.8,0.2,-1.0,RS41-SG,404.900,10.6,0,9,2.5,-1,-1
2023-08-06T00:38:28.000Z,U2070979,7433,45.35768,9.45318,30466.0,6.9,6.4,295.2,-45.7,0.2,-1.0,RS41-SG,404.900,10.6,0,9,2.5,-1,-1
2023-08-06T00:38:29.000Z,U2070979,7434,45.35771,9.45310,30472.2,5.4,7.6,294.8,-45.7,0.2,-1.0,RS41-SG,404.900,9.9,0,8,2.6,-1,-1
2023-08-06T00:38:30.000Z,U2070979,7435,45.35774,9.45301,30477.7,5.5,9.0,290.3,-45.6,0.2,-1.0,RS41-SG,404.900,9.9,0,9,2.6,-1,-1
2023-08-06T00:38:31.000Z,U2070979,7436,45.35777,9.45289,30483.4,6.1,10.4,287.9,-45.5,0.2,-1.0,RS41-SG,404.900,10.4,0,9,2.5,-1,-1
2023-08-06T00:38:32.000Z,U2070979,7437,45.35779,9.45276,30489.7,6.2,11.0,285.6,-45.4,0.2,-1.0,RS41-SG,404.900,10.4,0,9,2.5,-1,-1
2023-08-06T00:38:33.000Z,U2070979,7438,45.35782,9.45262,30495.4,4.8,11.2,284.7,-45.4,0.2,-1.0,RS41-SG,404.900,9.9,0,9,2.5,-1,-1
2023-08-06T00:38:34.000Z,U2070979,7439,45.35785,9.45249,30500.5,5.6,11.5,287.5,-45.4,0.2,-1.0,RS41-SG,404.900,9.5,0,9,2.6,-1,-1
2023-08-06T00:38:35.000Z,U2070979,7440,45.35788,9.45235,30506.6,6.8,11.8,294.1,-45.4,0.2,-1.0,RS41-SG,404.900,9.8,0,9,2.6,-1,-1
2023-08-06T00:38:36.000Z,U2070979,7441,45.35793,9.45221,30512.8,5.7,11.9,300.7,-45.4,0.2,-1.0,RS41-SG,404.900,11.4,0,9,2.6,-1,-1
2023-08-06T00:38:37.000Z,U2070979,7442,45.35799,9.45209,30518.4,5.4,11.2,306.5,-45.4,0.2,-1.0,RS41-SG,404.900,11.4,0,9,2.5,-1,-1
2023-08-06T00:38:39.000Z,U2070979,7444,45.35810,9.45191,30530.8,6.4,7.3,312.1,-45.4,0.2,-1.0,RS41-SG,404.900,10.6,0,9,2.5,-1,-1
2023-08-06T00:38:41.000Z,U2070979,7446,45.35816,9.45180,30541.0,4.6,4.3,298.5,-45.1,0.2,-1.0,RS41-SG,404.900,11.1,0,9,2.6,-1,-1
2023-08-06T00:38:42.000Z,U2070979,7447,45.35817,9.45174,30546.2,5.8,4.5,284.0,-44.9,0.2,-1.0,RS41-SG,404.900,11.3,0,9,2.5,-1,-1
2023-08-06T00:38:43.000Z,U2070979,7448,45.35818,9.45168,30552.6,7.0,6.1,278.8,-44.8,0.2,-1.0,RS41-SG,404.900,11.8,0,9,2.5,-1,-1
2023-08-06T00:38:44.000Z,U2070979,7449,45.35819,9.45159,30558.9,5.9,7.8,277.9,-44.7,0.2,-1.0,RS41-SG,404.900,11.8,0,9,2.6,-1,-1
2023-08-06T00:38:45.000Z,U2070979,7450,45.35820,9.45148,30564.4,5.1,9.6,275.5,-44.6,0.2,-1.0,RS41-SG,404.900,11.0,0,9,2.6,-1,-1
2023-08-06T00:38:46.000Z,U2070979,7451,45.35821,9.45135,30569.6,5.0,11.2,271.8,-44.5,0.2,-1.0,RS41-SG,404.900,11.0,0,9,2.5,-1,-1
2023-08-06T00:38:47.000Z,U2070979,7452,45.35821,9.45120,30575.4,6.2,12.2,268.7,-44.4,0.2,-1.0,RS41-SG,404.900,10.2,0,9,2.5,-1,-1
2023-08-06T00:38:48.000Z,U2070979,7453,45.35820,9.45104,30581.6,6.3,12.4,266.1,-44.3,0.2,-1.0,RS41-SG,404.900,10.3,0,9,2.5,-1,-1
2023-08-06T00:38:50.000Z,U2070979,7455,45.35819,9.45074,30592.8,5.2,11.5,270.4,-44.1,0.2,-1.0,RS41-SG,404.900,10.0,0,9,2.6,-1,-1
2023-08-06T00:38:51.000Z,U2070979,7456,45.35820,9.45060,30598.4,5.9,11.0,278.0,-44.0,0.2,-1.0,RS41-SG,404.900,10.9,0,9,2.6,-1,-1
2023-08-06T00:38:52.000Z,U2070979,7457,45.35822,9.45046,30604.5,6.1,10.7,286.6,-44.0,0.2,-1.0,RS41-SG,404.900,10.9,0,9,2.5,-1,-1
2023-08-06T00:38:53.000Z,U2070979,7458,45.35825,9.45034,30610.2,4.9,10.5,291.1,-43.9,0.2,-1.0,RS41-SG,404.900,10.9,0,9,2.5,-1,-1
2023-08-06T00:38:54.000Z,U2070979,7459,45.35828,9.45022,30615.5,5.7,9.7,291.7,-43.9,0.2,-1.0,RS41-SG,404.900,10.9,0,9,2.5,-1,-1
2023-08-06T00:38:55.000Z,U2070979,7460,45.35831,9.45011,30621.8,7.0,8.3,283.4,-43.8,0.2,-1.0,RS41-SG,404.900,11.0,0,8,2.6,-1,-1
2023-08-06T00:38:56.000Z,U2070979,7461,45.35831,9.45001,30628.6,7.1,7.4,267.2,-43.8,0.2,-1.0,RS41-SG,404.900,11.0,0,9,2.6,-1,-1
2023-08-06T00:38:57.000Z,U2070979,7462,45.35830,9.44992,30634.6,5.0,7.6,250.1,-43.8,0.2,-1.0,RS41-SG,404.900,10.8,0,9,2.5,-1,-1
2023-08-06T00:38:58.000Z,U2070979,7463,45.35827,9.44982,30639.3,4.1,8.7,240.7,-43.8,0.2,-1.0,RS41-SG,404.900,10.6,0,8,2.5,-1,-1
2023-08-06T00:38:59.000Z,U2070979,7464,45.35823,9.44972,30644.0,5.2,10.4,239.3,-43.8,0.2,-1.0,RS41-SG,404.900,10.6,0,8,2.6,-1,-1
2023-08-06T00:39:01.000Z,U2070979,7466,45.35814,9.44944,30655.9,5.7,13.2,252.4,-43.7,0.2,-1.0,RS41-SG,404.900,9.4,0,9,2.5,-1,-1
2023-08-06T00:39:03.000Z,U2070979,7468,45.35809,9.44909,30666.1,5.4,14.4,261.8,-43.6,0.2,-1.0,RS41-SG,404.900,9.9,0,9,2.5,-1,-1
2023-08-06T00:39:04.000Z,U2070979,7469,45.35807,9.44891,30672.4,7.0,13.8,262.9,-43.5,0.2,-1.0,RS41-SG,404.900,10.6,0,9,2.6,-1,-1
2023-08-06T00:39:05.000Z,U2070979,7470,45.35806,9.44875,30678.9,6.3,12.8,261.5,-43.5,0.2,-1.0,RS41-SG,404.900,10.6,0,9,2.6,-1,-1
2023-08-06T00:39:06.000Z,U2070979,7471,45.35804,9.44859,30684.6,5.0,11.6,260.1,-43.4,0.2,-1.0,RS41-SG,404.900,8.8,0,9,2.6,-1,-1
2023-08-06T00:39:07.000Z,U2070979,7472,45.35803,9.44846,30689.8,5.7,10.2,260.5,-43.3,0.2,-1.0,RS41-SG,404.900,9.2,0,9,2.5,-1,-1
2023-08-06T00:39:08.000Z,U2070979,7473,45.35801,9.44834,30696.1,6.5,9.2,264.1,-43.3,0.2,-1.0,RS41-SG,404.900,9.6,0,9,2.5,-1,-1
2023-08-06T00:39:09.000Z,U2070979,7474,45.35801,9.44822,30702.3,5.4,8.7,268.2,-43.2,0.2,-1.0,RS41-SG,404.900,9.6,0,9,2.5,-1,-1
2023-08-06T00:39:11.000Z,U2070979,7476,45.35800,9.44801,30712.7,5.6,8.0,262.8,-43.1,0.2,-1.0,RS41-SG,404.900,10.1,0,9,2.6,-1,-1
2023-08-06T00:39:12.000Z,U2070979,7477,45.35799,9.44791,30718.9,6.5,7.9,252.1,-43.1,0.1,-1.0,RS41-SG,404.900,10.7,0,9,2.5,-1,-1
2023-08-06T00:39:13.000Z,U2070979,7478,45.35796,9.44782,30725.3,5.9,8.5,243.3,-43.1,0.2,-1.0,RS41-SG,404.900,10.7,0,9,2.5,-1,-1
2023-08-06T00:39:14.000Z,U2070979,7479,45.35792,9.44772,30731.3,5.8,9.1,241.4,-43.0,0.2,-1.0,RS41-SG,404.900,10.7,0,9,2.6,-1,-1
2023-08-06T00:39:15.000Z,U2070979,7480,45.35788,9.44761,30737.4,6.0,9.7,246.7,-43.0,0.2,-1.0,RS41-SG,404.900,10.6,0,9,2.6,-1,-1
2023-08-06T00:39:16.000Z,U2070979,7481,45.35786,9.44749,30743.7,6.4,10.6,256.7,-43.0,0.1,-1.0,RS41-SG,404.900,10.6,0,9,2.5,-1,-1
2023-08-06T00:39:17.000Z,U2070979,7482,45.35784,9.44735,30750.0,6.2,11.8,267.2,-43.0,0.2,-1.0,RS41-SG,404.900,11.7,0,9,2.5,-1,-1
2023-08-06T00:39:18.000Z,U2070979,7483,45.35784,9.44719,30755.5,4.6,12.7,273.7,-43.0,0.1,-1.0,RS41-SG,404.900,11.7,0,9,2.5,-1,-1
2023-08-06T00:39:19.000Z,U2070979,7484,45.35785,9.44703,30759.9,4.2,13.2,277.8,-43.0,0.2,-1.0,RS41-SG,404.900,11.5,0,9,2.6,-1,-1
2023-08-06T00:39:20.000Z,U2070979,7485,45.35787,9.44686,30764.6,5.4,13.1,276.5,-43.0,0.2,-1.0,RS41-SG,404.900,11.0,0,9,2.6,-1,-1
2023-08-06T00:39:22.000Z,U2070979,7487,45.35787,9.44656,30777.3,5.7,11.2,262.2,-43.1,0.2,-1.0,RS41-SG,404.900,10.8,0,9,2.5,-1,-1
2023-08-06T00:39:24.000Z,U2070979,7489,45.35782,9.44630,30787.8,5.1,10.2,247.9,-43.0,0.2,-1.0,RS41-SG,404.900,9.5,0,9,2.5,-1,-1
2023-08-06T00:39:25.000Z,U2070979,7490,45.35779,9.44618,30793.4,6.3,9.9,248.6,-43.0,0.1,-1.0,RS41-SG,404.900,9.5,0,9,2.6,-1,-1
2023-08-06T00:39:27.000Z,U2070979,7492,45.35774,9.44594,30806.1,5.9,10.2,262.4,-42.9,0.1,-1.0,RS41-SG,404.900,12.6,0,9,2.5,-1,-1
2023-08-06T00:39:28.000Z,U2070979,7493,45.35773,9.44581,30811.4,4.7,10.6,267.0,-42.9,0.2,-1.0,RS41-SG,404.900,12.6,0,9,2.5,-1,-1
2023-08-06T00:39:29.000Z,U2070979,7494,45.35773,9.44567,30816.4,5.1,11.1,268.9,-42.9,0.2,-1.0,RS41-SG,404.900,11.4,0,8,2.6,-1,-1
2023-08-06T00:39:30.000Z,U2070979,7495,45.35772,9.44553,30821.9,5.9,11.5,267.4,-42.9,0.2,-1.0,RS41-SG,404.900,11.4,0,9,2.6,-1,-1
2023-08-06T00:39:31.000Z,U2070979,7496,45.35772,9.44538,30827.9,6.2,11.8,263.2,-42.9,0.2,-1.0,RS41-SG,404.900,10.8,0,9,2.5,-1,-1
2023-08-06T00:39:32.000Z,U2070979,7497,45.35770,9.44523,30833.8,5.3,12.6,259.4,-42.9,0.2,-1.0,RS41-SG,404.900,10.5,0,9,2.5,-1,-1
2023-08-06T00:39:33.000Z,U2070979,7498,45.35768,9.44506,30838.8,4.7,13.6,258.4,-42.9,0.1,-1.0,RS41-SG,404.900,11.5,0,9,2.5,-1,-1
2023-08-06T00:39:34.000Z,U2070979,7499,45.35765,9.44489,30843.8,5.4,14.7,258.9,-42.9,0.2,-1.0,RS41-SG,404.900,11.5,0,9,2.6,-1,-1
2023-08-06T00:39:35.000Z,U2070979,7500,45.35763,9.44470,30849.4,6.3,15.7,262.3,-42.9,0.2,-1.0,RS41-SG,404.900,10.6,0,9,2.6,-1,-1
2023-08-06T00:39:36.000Z,U2070979,7501,45.35761,9.44450,30855.6,6.0,16.0,265.8,-42.9,0.2,-1.0,RS41-SG,404.900,10.5,0,9,2.6,-1,-1
2023-08-06T00:39:37.000Z,U2070979,7502,45.35761,9.44430,30861.5,5.3,15.6,268.3,-42.9,0.1,-1.0,RS41-SG,404.900,10.5,0,9,2.5,-1,-1
2023-08-06T00:39:38.000Z,U2070979,7503,45.35760,9.44411,30867.2,6.1,14.0,268.8,-42.9,0.2,-1.0,RS41-SG,404.900,11.9,0,9,2.5,-1,-1
2023-08-06T00:39:39.000Z,U2070979,7504,45.35760,9.44394,30873.6,6.6,12.1,264.8,-42.9,0.2,-1.0,RS41-SG,404.900,11.9,0,9,2.5,-1,-1
2023-08-06T00:39:40.000Z,U2070979,7505,45.35758,9.44380,30879.5,5.5,10.4,259.4,-42.9,0.2,-1.0,RS41-SG,404.900,11.8,0,9,2.6,-1,-1
2023-08-06T00:39:41.000Z,U2070979,7506,45.35756,9.44368,30884.3,4.3,9.7,252.5,-42.9,0.2,-1.0,RS41-SG,404.900,11.1,0,9,2.6,-1,-1
2023-08-06T00:39:42.000Z,U2070979,7507,45.35753,9.44356,30889.1,5.2,10.0,248.2,-42.9,0.2,-1.0,RS41-SG,404.900,10.6,0,9,2.5,-1,-1
2023-08-06T00:39:43.000Z,U2070979,7508,45.35750,9.44343,30895.2,6.6,11.4,249.7,-42.9,0.2,-1.0,RS41-SG,404.900,10.7,0,9,2.5,-1,-1
2023-08-06T00:39:44.000Z,U2070979,7509,45.35746,9.44329,30901.7,6.5,13.4,253.5,-42.9,0.2,-1.0,RS41-SG,404.900,11.4,0,9,2.6,-1,-1
2023-08-06T00:39:45.000Z,U2070979,7510,45.35743,9.44311,30907.4,5.0,15.3,256.1,-43.0,0.2,-1.0,RS41-SG,404.900,11.8,0,9,2.6,-1,-1
2023-08-06T00:39:46.000Z,U2070979,7511,45.35740,9.44291,30912.0,4.4,17.1,257.7,-43.0,0.2,-1.0,RS41-SG,404.900,11.8,0,9,2.5,-1,-1
2023-08-06T00:39:47.000Z,U2070979,7512,45.35736,9.44269,30916.9,5.2,18.2,257.2,-43.0,0.2,-1.0,RS41-SG,404.900,11.6,0,9,2.5,-1,-1
2023-08-06T00:39:48.000Z,U2070979,7513,45.35733,9.44247,30922.9,6.6,18.4,255.9,-43.0,0.2,-1.0,RS41-SG,404.900,10.1,0,9,2.5,-1,-1
2023-08-06T00:39:49.000Z,U2070979,7514,45.35728,9.44224,30929.0,5.5,17.8,255.0,-43.0,0.2,-1.0,RS41-SG,404.900,10.1,0,9,2.6,-1,-1
2023-08-06T00:39:50.000Z,U2070979,7515,45.35724,9.44203,30934.5,5.5,17.0,255.8,-43.0,0.2,-1.0,RS41-SG,404.900,11.0,0,9,2.6,-1,-1
2023-08-06T00:39:51.000Z,U2070979,7516,45.35721,9.44182,30940.5,6.5,16.0,258.8,-43.0,0.2,-1.0,RS41-SG,404.900,11.0,0,9,2.6,-1,-1
2023-08-06T00:39:53.000Z,U2070979,7518,45.35718,9.44144,30952.8,4.7,14.6,268.8,-43.0,0.1,-1.0,RS41-SG,404.900,10.8,0,9,2.5,-1,-1
2023-08-06T00:39:54.000Z,U2070979,7519,45.35718,9.44126,30957.6,4.6,13.7,272.5,-43.0,0.2,-1.0,RS41-SG,404.900,10.4,0,9,2.5,-1,-1
2023-08-06T00:39:55.000Z,U2070979,7520,45.35719,9.44110,30962.6,5.7,12.3,272.4,-43.0,0.2,-1.0,RS41-SG,404.900,10.4,0,9,2.6,-1,-1
2023-08-06T00:39:56.000Z,U2070979,7521,45.35719,9.44095,30968.6,6.3,11.2,268.3,-43.0,0.2,-1.0,RS41-SG,404.900,11.4,0,9,2.6,-1,-1
2023-08-06T00:39:57.000Z,U2070979,7522,45.35718,9.44081,30974.7,5.9,11.0,260.1,-43.0,0.2,-1.0,RS41-SG,404.900,11.4,0,9,2.5,-1,-1
2023-08-06T00:39:58.000Z,U2070979,7523,45.35716,9.44067,30980.8,5.8,12.1,254.0,-43.0,0.2,-1.0,RS41-SG,404.900,10.9,0,9,2.5,-1,-1
2023-08-06T00:39:59.000Z,U2070979,7524,45.35712,9.44051,30986.6,5.9,14.3,252.1,-43.0,0.2,-1.0,RS41-SG,404.900,11.9,0,9,2.6,-1,-1
2023-08-06T00:40:00.000Z,U2070979,7525,45.35708,9.44032,30992.9,6.5,17.0,253.9,-43.0,0.2,-1.0,RS41-SG,404.900,11.9,0,9,2.6,-1,-1
2023-08-06T00:40:01.000Z,U2070979,7526,45.35704,9.44009,30999.0,5.5,19.1,256.6,-43.0,0.1,-1.0,RS41-SG,404.900,11.0,0,9,2.5,-1,-1
2023-08-06T00:40:02.000Z,U2070979,7527,45.35701,9.43985,31004.1,4.7,20.1,259.5,-43.0,0.2,-1.0,RS41-SG,404.900,10.6,0,9,2.5,-1,-1
2023-08-06T00:40:03.000Z,U2070979,7528,45.35698,9.43960,31009.3,5.3,20.1,262.5,-42.9,0.1,-1.0,RS41-SG,404.900,10.6,0,9,2.5,-1,-1
2023-08-06T00:40:04.000Z,U2070979,7529,45.35696,9.43936,31015.4,7.3,18.6,265.2,-42.9,0.2,-1.0,RS41-SG,404.900,11.0,0,9,2.6,-1,-1
2023-08-06T00:40:05.000Z,U2070979,7530,45.35695,9.43914,31022.5,6.9,16.4,267.3,-42.8,0.1,-1.0,RS41-SG,404.900,11.0,0,9,2.6,-1,-1
2023-08-06T00:40:06.000Z,U2070979,7531,45.35694,9.43894,31028.5,5.1,14.3,270.1,-42.8,0.2,-1.0,RS41-SG,404.900,11.0,0,9,2.6,-1,-1
2023-08-06T00:40:07.000Z,U2070979,7532,45.35695,9.43877,31033.4,4.8,12.6,274.8,-42.8,0.1,-1.0,RS41-SG,404.900,11.6,0,9,2.5,-1,-1
2023-08-06T00:40:08.000Z,U2070979,7533,45.35696,9.43862,31039.0,5.8,11.7,281.3,-42.8,0.2,-1.0,RS41-SG,404.900,12.1,0,9,2.5,-1,-1
2023-08-06T00:40:09.000Z,U2070979,7534,45.35699,9.43847,31045.0,6.3,11.9,285.9,-42.8,0.2,-1.0,RS41-SG,404.900,12.7,0,9,2.5,-1,-1
2023-08-06T00:40:10.000Z,U2070979,7535,45.35702,9.43832,31050.6,5.2,12.4,285.7,-42.8,0.2,-1.0,RS41-SG,404.900,12.7,0,9,2.6,-1,-1
2023-08-06T00:40:11.000Z,U2070979,7536,45.35705,9.43817,31056.0,5.7,12.9,282.1,-42.8,0.2,-1.0,RS41-SG,404.900,12.6,0,9,2.6,-1,-1
2023-08-06T00:40:12.000Z,U2070979,7537,45.35706,9.43800,31061.9,6.2,13.3,274.9,-42.8,0.2,-1.0,RS41-SG,404.900,12.1,0,9,2.5,-1,-1
2023-08-06T00:40:13.000Z,U2070979,7538,45.35706,9.43783,31068.2,6.1,13.7,267.2,-42.8,0.2,-1.0,RS41-SG,404.900,12.2,0,9,2.5,-1,-1
2023-08-06T00:40:14.000Z,U2070979,7539,45.35705,9.43765,31074.0,5.2,14.5,260.7,-42.8,0.2,-1.0,RS41-SG,404.900,12.5,0,9,2.6,-1,-1
2023-08-06T00:40:15.000Z,U2070979,7540,45.35703,9.43747,31079.1,4.9,15.7,257.8,-42.8,0.2,-1.0,RS41-SG,404.900,12.5,0,9,2.6,-1,-1
2023-08-06T00:40:16.000Z,U2070979,7541,45.35699,9.43726,31084.4,5.4,17.6,257.5,-42.8,0.2,-1.0,RS41-SG,404.900,12.2,0,9,2.5,-1,-1
2023-08-06T00:40:17.000Z,U2070979,7542,45.35696,9.43703,31090.2,6.0,19.3,260.1,-42.8,0.2,-1.0,RS41-SG,404.900,11.8,0,9,2.5,-1,-1
2023-08-06T00:40:18.000Z,U2070979,7543,45.35694,9.43678,31095.8,5.2,20.3,262.8,-42.8,0.1,-1.0,RS41-SG,404.900,11.8,0,9,2.5,-1,-1
2023-08-06T00:40:19.000Z,U2070979,7544,45.35692,9.43652,31101.0,4.8,20.7,265.1,-42.8,0.2,-1.0,RS41-SG,404.900,10.7,0,9,2.6,-1,-1
2023-08-06T00:40:20.000Z,U2070979,7545,45.35690,9.43626,31106.1,5.7,19.9,267.0,-42.8,0.2,-1.0,RS41-SG,404.900,10.3,0,9,2.6,-1,-1
2023-08-06T00:40:21.000Z,U2070979,7546,45.35690,9.43602,31112.5,6.9,17.9,267.8,-42.8,0.2,-1.0,RS41-SG,404.900,10.8,0,9,2.6,-1,-1
2023-08-06T00:40:22.000Z,U2070979,7547,45.35689,9.43581,31118.9,5.6,16.0,267.4,-42.8,0.2,-1.0,RS41-SG,404.900,12.2,0,9,2.5,-1,-1
2023-08-06T00:40:23.000Z,U2070979,7548,45.35688,9.43561,31124.2,4.9,14.1,267.9,-42.8,0.1,-1.0,RS41-SG,404.900,12.2,0,9,2.5,-1,-1
2023-08-06T00:40:24.000Z,U2070979,7549,45.35688,9.43545,31129.6,6.0,12.6,270.7,-42.8,0.2,-1.0,RS41-SG,404.900,11.8,0,9,2.5,-1,-1
2023-08-06T00:40:25.000Z,U2070979,7550,45.35689,9.43529,31135.9,6.7,12.5,275.5,-42.8,0.1,-1.0,RS41-SG,404.900,12.2,0,9,2.6,-1,-1
2023-08-06T00:40:26.000Z,U2070979,7551,45.35690,9.43513,31141.8,5.1,13.0,278.4,-42.8,0.1,-1.0,RS41-SG,404.900,12.2,0,9,2.6,-1,-1
2023-08-06T00:40:28.000Z,U2070979,7553,45.35694,9.43479,31152.7,6.2,14.0,279.0,-42.9,0.2,-1.0,RS41-SG,404.900,12.0,0,9,2.5,-1,-1
2023-08-06T00:40:29.000Z,U2070979,7554,45.35696,9.43461,31159.2,6.7,13.9,275.9,-42.9,0.1,-1.0,RS41-SG,404.900,12.3,0,9,2.6,-1,-1
2023-08-06T00:40:30.000Z,U2070979,7555,45.35697,9.43443,31165.3,5.8,14.0,272.3,-42.9,0.2,-1.0,RS41-SG,404.900,12.3,0,9,2.6,-1,-1
2023-08-06T00:40:31.000Z,U2070979,7556,45.35697,9.43425,31170.8,5.2,14.9,270.8,-42.9,0.1,-1.0,RS41-SG,404.900,12.2,0,9,2.5,-1,-1
2023-08-06T00:40:32.000Z,U2070979,7557,45.35697,9.43405,31176.2,5.7,16.2,270.1,-42.9,0.1,-1.0,RS41-SG,404.900,12.0,0,9,2.5,-1,-1
2023-08-06T00:40:33.000Z,U2070979,7558,45.35697,9.43384,31182.3,6.3,18.0,270.7,-42.9,0.2,-1.0,RS41-SG,404.900,11.8,0,9,2.5,-1,-1
2023-08-06T00:40:34.000Z,U2070979,7559,45.35698,9.43360,31188.2,5.5,18.9,271.7,-42.8,0.2,-1.0,RS41-SG,404.900,12.3,0,9,2.6,-1,-1
2023-08-06T00:40:35.000Z,U2070979,7560,45.35698,9.43336,31193.7,5.5,19.0,273.0,-42.8,0.2,-1.0,RS41-SG,404.900,12.3,0,9,2.6,-1,-1
2023-08-06T00:40:36.000Z,U2070979,7561,45.35699,9.43313,31199.3,5.8,17.7,274.2,-42.8,0.2,-1.0,RS41-SG,404.900,11.6,0,9,2.6,-1,-1
2023-08-06T00:40:37.000Z,U2070979,7562,45.35700,9.43292,31205.4,6.3,15.5,274.9,-42.8,0.2,-1.0,RS41-SG,404.900,12.2,0,9,2.5,-1,-1
2023-08-06T00:40:38.000Z,U2070979,7563,45.35702,9.43274,31211.6,6.2,13.0,275.1,-42.8,0.1,-1.0,RS41-SG,404.900,12.5,0,9,2.5,-1,-1
2023-08-06T00:40:39.000Z,U2070979,7564,45.35702,9.43259,31217.2,4.4,11.2,275.0,-42.8,0.2,-1.0,RS41-SG,404.900,12.5,0,9,2.5,-1,-1
2023-08-06T00:40:40.000Z,U2070979,7565,45.35703,9.43245,31221.6,4.7,10.1,275.0,-42.8,0.1,-1.0,RS41-SG,404.900,12.3,0,9,2.6,-1,-1
2023-08-06T00:40:41.000Z,U2070979,7566,45.35704,9.43232,31227.1,6.0,10.5,274.9,-42.8,0.1,-1.0,RS41-SG,404.900,12.3,0,9,2.6,-1,-1
2023-08-06T00:40:42.000Z,U2070979,7567,45.35705,9.43218,31233.7,7.2,12.2,275.1,-42.8,0.1,-1.0,RS41-SG,404.900,12.2,0,9,2.5,-1,-1
2023-08-06T00:40:43.000Z,U2070979,7568,45.35706,9.43201,31240.2,6.0,14.2,275.8,-42.8,0.2,-1.0,RS41-SG,404.900,12.8,0,9,2.5,-1,-1
2023-08-06T00:40:44.000Z,U2070979,7569,45.35708,9.43182,31245.4,4.2,15.9,276.4,-42.8,0.1,-1.0,RS41-SG,404.900,12.8,0,9,2.6,-1,-1
2023-08-06T00:40:46.000Z,U2070979,7571,45.35711,9.43139,31255.5,6.2,17.3,276.7,-42.8,0.2,-1.0,RS41-SG,404.900,13.1,0,9,2.5,-1,-1
2023-08-06T00:40:47.000Z,U2070979,7572,45.35713,9.43118,31262.0,6.6,16.4,276.9,-42.9,0.2,-1.0,RS41-SG,404.900,13.1,0,9,2.5,-1,-1
2023-08-06T00:40:48.000Z,U2070979,7573,45.35715,9.43098,31267.9,5.2,15.3,277.7,-42.9,0.1,-1.0,RS41-SG,404.900,12.7,0,9,2.5,-1,-1
2023-08-06T00:40:49.000Z,U2070979,7574,45.35717,9.43079,31273.1,5.1,14.5,278.7,-43.0,0.2,-1.0,RS41-SG,404.900,13.4,0,9,2.6,-1,-1
2023-08-06T00:40:50.000Z,U2070979,7575,45.35719,9.43062,31278.7,6.3,13.9,280.7,-43.0,0.2,-1.0,RS41-SG,404.900,13.4,0,9,2.6,-1,-1
2023-08-06T00:40:51.000Z,U2070979,7576,45.35721,9.43044,31285.1,6.2,13.7,281.7,-43.0,0.2,-1.0,RS41-SG,404.900,12.5,0,9,2.6,-1,-1
2023-08-06T00:40:52.000Z,U2070979,7577,45.35724,9.43027,31291.0,5.4,13.6,282.4,-43.1,0.1,-1.0,RS41-SG,404.900,13.0,0,9,2.5,-1,-1
2023-08-06T00:40:53.000Z,U2070979,7578,45.35726,9.43011,31296.8,5.7,12.9,282.4,-43.1,0.2,-1.0,RS41-SG,404.900,13.0,0,9,2.5,-1,-1
2023-08-06T00:40:54.000Z,U2070979,7579,45.35729,9.42996,31302.8,6.5,11.5,281.3,-43.1,0.1,-1.0,RS41-SG,404.900,13.1,0,9,2.5,-1,-1
2023-08-06T00:40:55.000Z,U2070979,7580,45.35730,9.42982,31309.2,6.2,10.4,279.0,-43.1,0.2,-1.0,RS41-SG,404.900,13.2,0,9,2.6,-1,-1
2023-08-06T00:40:56.000Z,U2070979,7581,45.35732,9.42969,31314.8,5.1,10.0,275.9,-43.1,0.1,-1.0,RS41-SG,404.900,14.5,0,9,2.6,-1,-1
2023-08-06T00:40:57.000Z,U2070979,7582,45.35732,9.42956,31320.3,5.8,10.6,272.3,-43.1,0.1,-1.0,RS41-SG,404.900,14.5,0,9,2.5,-1,-1
2023-08-06T00:40:58.000Z,U2070979,7583,45.35732,9.42942,31326.6,6.7,12.2,271.5,-43.1,0.2,-1.0,RS41-SG,404.900,12.9,0,9,2.5,-1,-1
2023-08-06T00:40:59.000Z,U2070979,7584,45.35733,9.42925,31333.2,6.3,14.4,270.6,-43.1,0.2,-1.0,RS41-SG,404.900,12.9,0,9,2.6,-1,-1
2023-08-06T00:41:00.000Z,U2070979,7585,45.35733,9.42906,31338.7,4.8,15.7,271.1,-43.1,0.1,-1.0,RS41-SG,404.900,12.7,0,9,2.6,-1,-1
2023-08-06T00:41:01.000Z,U2070979,7586,45.35733,9.42885,31343.8,5.2,16.4,272.1,-43.1,0.1,-1.0,RS41-SG,404.900,12.9,0,9,2.5,-1,-1
2023-08-06T00:41:02.000Z,U2070979,7587,45.35734,9.42865,31349.4,6.1,15.8,274.3,-43.1,0.2,-1.0,RS41-SG,404.900,12.9,0,9,2.5,-1,-1
2023-08-06T00:41:03.000Z,U2070979,7588,45.35735,9.42846,31355.8,6.8,14.0,276.8,-43.1,0.2,-1.0,RS41-SG,404.900,12.0,0,9,2.5,-1,-1
2023-08-06T00:41:04.000Z,U2070979,7589,45.35737,9.42829,31362.2,6.2,12.4,279.1,-43.1,0.2,-1.0,RS41-SG,404.900,12.4,0,9,2.6,-1,-1
2023-08-06T00:41:05.000Z,U2070979,7590,45.35739,9.42815,31367.7,4.6,11.0,282.0,-43.1,0.2,-1.0,RS41-SG,404.900,12.4,0,9,2.6,-1,-1
2023-08-06T00:41:06.000Z,U2070979,7591,45.35741,9.42802,31372.4,4.9,10.0,284.8,-43.1,0.2,-1.0,RS41-SG,404.900,12.5,0,9,2.6,-1,-1
2023-08-06T00:41:07.000Z,U2070979,7592,45.35743,9.42789,31378.0,5.8,10.2,284.6,-43.1,0.2,-1.0,RS41-SG,404.900,12.5,0,9,2.5,-1,-1
2023-08-06T00:41:08.000Z,U2070979,7593,45.35745,9.42776,31384.3,6.6,11.0,282.5,-43.1,0.2,-1.0,RS41-SG,404.900,12.1,0,9,2.5,-1,-1
2023-08-06T00:41:09.000Z,U2070979,7594,45.35747,9.42762,31390.2,5.7,12.1,279.5,-43.0,0.2,-1.0,RS41-SG,404.900,12.1,0,9,2.5,-1,-1
2023-08-06T00:41:10.000Z,U2070979,7595,45.35749,9.42746,31395.4,4.4,12.7,277.9,-43.0,0.2,-1.0,RS41-SG,404.900,11.8,0,9,2.6,-1,-1
2023-08-06T00:41:11.000Z,U2070979,7596,45.35750,9.42730,31400.0,4.9,12.9,275.3,-43.0,0.2,-1.0,RS41-SG,404.900,12.2,0,9,2.6,-1,-1
2023-08-06T00:41:12.000Z,U2070979,7597,45.35751,9.42714,31405.4,5.9,12.0,272.0,-43.0,0.2,-1.0,RS41-SG,404.900,12.2,0,9,2.6,-1,-1
2023-08-06T00:41:13.000Z,U2070979,7598,45.35751,9.42700,31411.6,6.3,10.8,267.7,-42.9,0.1,-1.0,RS41-SG,404.900,11.6,0,9,2.5,-1,-1
2023-08-06T00:41:14.000Z,U2070979,7599,45.35750,9.42687,31417.4,5.3,10.0,262.9,-42.9,0.1,-1.0,RS41-SG,404.900,12.0,0,9,2.5,-1,-1
2023-08-06T00:41:15.000Z,U2070979,7600,45.35749,9.42674,31422.7,5.2,9.8,259.1,-42.9,0.2,-1.0,RS41-SG,404.900,12.0,0,9,2.5,-1,-1
2023-08-06T00:41:16.000Z,U2070979,7601,45.35747,9.42662,31428.3,5.8,10.4,258.3,-42.9,0.2,-1.0,RS41-SG,404.900,11.9,0,9,2.6,-1,-1
2023-08-06T00:41:17.000Z,U2070979,7602,45.35745,9.42648,31434.6,6.8,11.7,259.8,-42.9,0.2,-1.0,RS41-SG,404.900,11.9,0,9,2.6,-1,-1
2023-08-06T00:41:18.000Z,U2070979,7603,45.35744,9.42633,31440.9,5.8,12.8,262.6,-42.9,0.2,-1.0,RS41-SG,404.900,11.8,0,9,2.5,-1,-1
2023-08-06T00:41:19.000Z,U2070979,7604,45.35742,9.42616,31446.4,4.8,13.8,264.5,-42.9,0.2,-1.0,RS41-SG,404.900,12.2,0,9,2.5,-1,-1
2023-08-06T00:41:20.000Z,U2070979,7605,45.35741,9.42598,31451.5,5.2,14.0,267.1,-42.8,0.2,-1.0,RS41-SG,404.900,12.2,0,9,2.5,-1,-1
2023-08-06T00:41:21.000Z,U2070979,7606,45.35741,9.42581,31457.3,6.5,13.1,268.8,-42.8,0.2,-1.0,RS41-SG,404.900,11.8,0,9,2.6,-1,-1
2023-08-06T00:41:23.000Z,U2070979,7608,45.35741,9.42551,31469.5,4.9,10.7,271.8,-42.7,0.2,-1.0,RS41-SG,404.900,12.3,0,9,2.6,-1,-1
2023-08-06T00:41:24.000Z,U2070979,7609,45.35741,9.42538,31474.9,5.6,10.3,273.3,-42.7,0.2,-1.0,RS41-SG,404.900,12.3,0,9,2.5,-1,-1
2023-08-06T00:41:25.000Z,U2070979,7610,45.35742,9.42524,31481.3,6.7,10.8,275.0,-42.7,0.1,-1.0,RS41-SG,404.900,12.2,0,9,2.5,-1,-1
2023-08-06T00:41:26.000Z,U2070979,7611,45.35743,9.42510,31488.1,6.2,12.0,276.3,-42.6,0.2,-1.0,RS41-SG,404.900,12.2,0,9,2.5,-1,-1
2023-08-06T00:41:27.000Z,U2070979,7612,45.35744,9.42494,31493.7,4.9,13.2,277.0,-42.7,0.2,-1.0,RS41-SG,404.900,13.1,0,9,2.6,-1,-1
2023-08-06T00:41:28.000Z,U2070979,7613,45.35746,9.42477,31498.8,5.4,13.8,277.6,-42.6,0.1,-1.0,RS41-SG,404.900,13.1,0,9,2.6,-1,-1
2023-08-06T00:41:29.000Z,U2070979,7614,45.35747,9.42460,31504.8,6.3,13.7,279.1,-42.6,0.2,-1.0,RS41-SG,404.900,11.9,0,9,2.6,-1,-1
2023-08-06T00:41:30.000Z,U2070979,7615,45.35749,9.42443,31511.3,6.4,13.0,279.2,-42.6,0.1,-1.0,RS41-SG,404.900,11.9,0,9,2.5,-1,-1
2023-08-06T00:41:31.000Z,U2070979,7616,45.35751,9.42427,31517.1,5.1,12.6,280.5,-42.5,0.1,-1.0,RS41-SG,404.900,11.9,0,9,2.5,-1,-1
2023-08-06T00:41:32.000Z,U2070979,7617,45.35753,9.42411,31522.3,5.1,12.7,282.1,-42.5,0.1,-1.0,RS41-SG,404.900,11.1,0,9,2.5,-1,-1
2023-08-06T00:41:33.000Z,U2070979,7618,45.35756,9.42395,31527.6,5.9,13.6,284.4,-42.4,0.2,-1.0,RS41-SG,404.900,12.9,0,9,2.6,-1,-1
2023-08-06T00:41:34.000Z,U2070979,7619,45.35759,9.42377,31533.7,6.7,14.8,284.9,-42.4,0.1,-1.0,RS41-SG,404.900,12.9,0,8,2.6,-1,-1
2023-08-06T00:41:35.000Z,U2070979,7620,45.35763,9.42359,31540.3,6.3,15.9,284.0,-42.4,0.1,-1.0,RS41-SG,404.900,12.5,0,9,2.5,-1,-1
2023-08-06T00:41:36.000Z,U2070979,7621,45.35766,9.42339,31546.1,5.4,16.4,281.6,-42.3,0.2,-1.0,RS41-SG,404.900,12.5,0,9,2.5,-1,-1
2023-08-06T00:41:37.000Z,U2070979,7622,45.35768,9.42318,31551.9,5.8,16.2,278.3,-42.3,0.1,-1.0,RS41-SG,404.900,11.9,0,9,2.6,-1,-1
2023-08-06T00:41:38.000Z,U2070979,7623,45.35770,9.42298,31558.2,6.7,15.1,272.9,-42.3,0.1,-1.0,RS41-SG,404.900,11.5,0,8,2.6,-1,-1
2023-08-06T00:41:39.000Z,U2070979,7624,45.35770,9.42280,31564.6,6.0,13.9,268.3,-42.3,0.1,-1.0,RS41-SG,404.900,11.8,0,9,2.5,-1,-1
2023-08-06T00:41:40.000Z,U2070979,7625,45.35769,9.42263,31569.8,4.4,13.1,263.6,-42.2,0.1,-1.0,RS41-SG,404.900,12.1,0,9,2.5,-1,-1
2023-08-06T00:41:41.000Z,U2070979,7626,45.35768,9.42247,31574.5,4.8,12.9,260.8,-42.2,0.1,-1.0,RS41-SG,404.900,12.1,0,9,2.5,-1,-1
2023-08-06T00:41:42.000Z,U2070979,7627,45.35766,9.42230,31580.1,6.4,13.8,261.6,-42.2,0.2,-1.0,RS41-SG,404.900,11.2,0,9,2.6,-1,-1
2023-08-06T00:41:43.000Z,U2070979,7628,45.35764,9.42212,31586.5,6.7,15.0,265.1,-42.1,0.1,-1.0,RS41-SG,404.900,11.2,0,9,2.6,-1,-1
2023-08-06T00:41:44.000Z,U2070979,7629,45.35764,9.42192,31592.2,5.2,16.1,268.4,-42.1,0.1,-1.0,RS41-SG,404.900,11.2,0,8,2.6,-1,-1
2023-08-06T00:41:45.000Z,U2070979,7630,45.35763,9.42171,31597.7,5.5,16.9,270.4,-42.0,0.1,-1.0,RS41-SG,404.900,11.2,0,8,2.5,-1,-1
2023-08-06T00:41:46.000Z,U2070979,7631,45.35764,9.42150,31604.0,6.8,16.9,271.4,-42.0,0.1,-1.0,RS41-SG,404.900,11.5,0,9,2.5,-1,-1
2023-08-06T00:41:47.000Z,U2070979,7632,45.35764,9.42129,31610.4,6.0,16.4,271.3,-42.0,0.1,-1.0,RS41-SG,404.900,11.8,0,9,2.5,-1,-1
2023-08-06T00:41:48.000Z,U2070979,7633,45.35764,9.42108,31616.0,5.2,16.0,270.5,-42.0,0.1,-1.0,RS41-SG,404.900,11.8,0,9,2.6,-1,-1
2023-08-06T00:41:49.000Z,U2070979,7634,45.35764,9.42088,31621.0,5.2,15.9,268.8,-42.0,0.1,-1.0,RS41-SG,404.900,11.7,0,9,2.6,-1,-1
2023-08-06T00:41:50.000Z,U2070979,7635,45.35764,9.42067,31626.5,5.8,16.6,267.9,-42.0,0.1,-1.0,RS41-SG,404.900,11.3,0,9,2.5,-1,-1
2023-08-06T00:41:51.000Z,U2070979,7636,45.35763,9.42045,31632.7,6.1,17.7,266.3,-42.1,0.1,-1.0,RS41-SG,404.900,11.6,0,9,2.5,-1,-1
2023-08-06T00:41:52.000Z,U2070979,7637,45.35762,9.42022,31638.7,6.0,18.4,265.1,-42.1,0.1,-1.0,RS41-SG,404.900,11.6,0,9,2.6,-1,-1
2023-08-06T00:41:54.000Z,U2070979,7639,45.35758,9.41976,31650.4,5.5,18.0,261.4,-42.2,0.1,-1.0,RS41-SG,404.900,11.0,0,9,2.5,-1,-1
2023-08-06T00:41:55.000Z,U2070979,7640,45.35755,9.41954,31656.4,6.5,16.6,258.7,-42.2,0.1,-1.0,RS41-SG,404.900,11.0,0,9,2.5,-1,-1
2023-08-06T00:41:56.000Z,U2070979,7641,45.35752,9.41935,31662.6,6.1,15.3,255.8,-42.2,0.1,-1.0,RS41-SG,404.900,11.5,0,9,2.5,-1,-1
2023-08-06T00:41:57.000Z,U2070979,7642,45.35749,9.41916,31668.4,5.4,14.5,254.7,-42.2,0.1,-1.0,RS41-SG,404.900,11.5,0,9,2.6,-1,-1
2023-08-06T00:41:58.000Z,U2070979,7643,45.35745,9.41899,31673.9,5.5,14.3,255.7,-42.2,0.1,-1.0,RS41-SG,404.900,10.7,0,9,2.6,-1,-1
2023-08-06T00:41:59.000Z,U2070979,7644,45.35742,9.41880,31679.8,6.3,15.3,259.6,-42.2,0.1,-1.0,RS41-SG,404.900,10.4,0,9,2.6,-1,-1
2023-08-06T00:42:00.000Z,U2070979,7645,45.35740,9.41860,31686.5,6.6,17.0,262.7,-42.2,0.1,-1.0,RS41-SG,404.900,11.7,0,9,2.5,-1,-1
2023-08-06T00:42:01.000Z,U2070979,7646,45.35738,9.41837,31692.3,5.2,19.0,264.7,-42.2,0.2,-1.0,RS41-SG,404.900,11.7,0,9,2.5,-1,-1
2023-08-06T00:42:02.000Z,U2070979,7647,45.35737,9.41812,31697.3,4.5,20.3,265.1,-42.2,0.1,-1.0,RS41-SG,404.900,11.7,0,9,2.5,-1,-1
2023-08-06T00:42:03.000Z,U2070979,7648,45.35735,9.41786,31702.4,5.8,21.0,263.3,-42.2,0.1,-1.0,RS41-SG,404.900,12.8,0,9,2.6,-1,-1
2023-08-06T00:42:04.000Z,U2070979,7649,45.35732,9.41760,31708.9,7.2,20.5,260.2,-42.2,0.1,-1.0,RS41-SG,404.900,12.8,0,9,2.6,-1,-1
2023-08-06T00:42:05.000Z,U2070979,7650,45.35729,9.41735,31715.5,6.1,19.7,256.3,-42.1,0.2,-1.0,RS41-SG,404.900,11.0,0,9,2.6,-1,-1
2023-08-06T00:42:06.000Z,U2070979,7651,45.35724,9.41712,31721.2,5.0,18.8,253.2,-42.1,0.1,-1.0,RS41-SG,404.900,11.0,0,9,2.5,-1,-1
2023-08-06T00:42:07.000Z,U2070979,7652,45.35719,9.41690,31726.4,5.2,18.1,250.7,-42.1,0.1,-1.0,RS41-SG,404.900,11.1,0,9,2.5,-1,-1
2023-08-06T00:42:08.000Z,U2070979,7653,45.35714,9.41668,31732.3,6.3,17.7,250.4,-42.1,0.1,-1.0,RS41-SG,404.900,11.1,0,9,2.5,-1,-1
2023-08-06T00:42:09.000Z,U2070979,7654,45.35708,9.41647,31738.8,6.9,17.7,250.8,-42.1,0.1,-1.0,RS41-SG,404.900,11.0,0,9,2.6,-1,-1
2023-08-06T00:42:10.000Z,U2070979,7655,45.35703,9.41626,31744.9,5.5,17.6,251.6,-42.2,0.1,-1.0,RS41-SG,404.900,11.5,0,9,2.6,-1,-1
2023-08-06T00:42:11.000Z,U2070979,7656,45.35698,9.41605,31750.5,5.4,17.1,252.4,-42.2,0.1,-1.0,RS41-SG,404.900,11.5,0,9,2.5,-1,-1
2023-08-06T00:42:12.000Z,U2070979,7657,45.35694,9.41584,31756.0,5.7,16.3,251.7,-42.2,0.1,-1.0,RS41-SG,404.900,11.8,0,9,2.5,-1,-1
2023-08-06T00:42:13.000Z,U2070979,7658,45.35689,9.41565,31762.3,6.6,15.5,250.1,-42.2,0.1,-1.0,RS41-SG,404.900,11.8,0,9,2.6,-1,-1
2023-08-06T00:42:14.000Z,U2070979,7659,45.35684,9.41547,31768.8,6.4,14.8,248.6,-42.2,0.1,-1.0,RS41-SG,404.900,11.4,0,9,2.6,-1,-1
2023-08-06T00:42:15.000Z,U2070979,7660,45.35679,9.41530,31774.9,6.0,15.2,247.7,-42.2,0.1,-1.0,RS41-SG,404.900,11.0,0,9,2.5,-1,-1
2023-08-06T00:42:16.000Z,U2070979,7661,45.35674,9.41511,31781.1,6.1,16.3,248.9,-42.2,0.1,-1.0,RS41-SG,404.900,10.8,0,9,2.5,-1,-1
2023-08-06T00:42:17.000Z,U2070979,7662,45.35669,9.41491,31787.7,7.1,18.2,250.3,-42.1,0.2,-1.0,RS41-SG,404.900,11.7,0,9,2.5,-1,-1
2023-08-06T00:42:18.000Z,U2070979,7663,45.35663,9.41468,31794.3,6.0,19.8,253.0,-42.1,0.1,-1.0,RS41-SG,404.900,11.7,0,9,2.6,-1,-1
2023-08-06T00:42:19.000Z,U2070979,7664,45.35658,9.41443,31799.8,5.0,21.0,254.3,-42.1,0.2,-1.0,RS41-SG,404.900,11.3,0,9,2.6,-1,-1
2023-08-06T00:42:20.000Z,U2070979,7665,45.35653,9.41417,31805.2,5.9,21.4,255.6,-42.1,0.1,-1.0,RS41-SG,404.900,10.1,0,8,2.6,-1,-1
2023-08-06T00:42:22.000Z,U2070979,7667,45.35645,9.41367,31818.6,6.5,18.8,255.8,-42.0,0.1,-1.0,RS41-SG,404.900,10.6,0,9,2.5,-1,-1
2023-08-06T00:42:23.000Z,U2070979,7668,45.35641,9.41345,31824.7,5.3,17.3,256.2,-42.0,0.1,-1.0,RS41-SG,404.900,10.6,0,9,2.5,-1,-1
2023-08-06T00:42:24.000Z,U2070979,7669,45.35637,9.41324,31830.1,5.8,15.9,258.7,-41.9,0.1,-1.0,RS41-SG,404.900,10.8,0,9,2.6,-1,-1
2023-08-06T00:42:25.000Z,U2070979,7670,45.35635,9.41305,31836.2,6.5,15.6,262.8,-41.9,0.2,-1.0,RS41-SG,404.900,11.1,0,9,2.6,-1,-1
2023-08-06T00:42:26.000Z,U2070979,7671,45.35634,9.41285,31842.9,6.8,16.0,266.2,-41.9,0.1,-1.0,RS41-SG,404.900,11.1,0,9,2.5,-1,-1
2023-08-06T00:42:27.000Z,U2070979,7672,45.35633,9.41264,31848.9,5.4,16.6,267.2,-41.8,0.1,-1.0,RS41-SG,404.900,10.4,0,9,2.5,-1,-1
2023-08-06T00:42:28.000Z,U2070979,7673,45.35632,9.41243,31854.4,5.4,17.2,265.6,-41.8,0.1,-1.0,RS41-SG,404.900,11.0,0,9,2.6,-1,-1
2023-08-06T00:42:32.000Z,U2070979,7677,45.35618,9.41154,31879.4,5.6,18.7,251.7,-41.8,0.1,-1.0,RS41-SG,404.900,10.7,0,9,2.5,-1,-1
2023-08-06T00:42:34.000Z,U2070979,7679,45.35609,9.41107,31892.5,7.1,19.5,258.4,-41.8,0.1,-1.0,RS41-SG,404.900,10.4,0,9,2.6,-1,-1
2023-08-06T00:42:38.000Z,U2070979,7683,45.35605,9.41008,31915.3,6.2,18.3,273.8,-41.9,0.1,-1.0,RS41-SG,404.900,11.1,0,9,2.5,-1,-1
2023-08-06T00:42:39.000Z,U2070979,7684,45.35606,9.40986,31922.0,7.1,17.2,272.8,-41.9,0.1,-1.0,RS41-SG,404.900,10.9,0,9,2.6,-1,-1
2023-08-06T00:42:41.000Z,U2070979,7686,45.35607,9.40943,31934.2,6.2,16.4,268.7,-41.8,0.1,-1.0,RS41-SG,404.900,10.6,0,9,2.6,-1,-1
2023-08-06T00:42:42.000Z,U2070979,7687,45.35606,9.40922,31940.6,6.7,17.2,267.8,-41.8,0.1,-1.0,RS41-SG,404.900,11.1,0,9,2.5,-1,-1
2023-08-06T00:42:43.000Z,U2070979,7688,45.35606,9.40899,31947.5,7.1,18.4,269.1,-41.8,0.1,-1.0,RS41-SG,404.900,11.1,0,9,2.5,-1,-1
2023-08-06T00:42:45.000Z,U2070979,7690,45.35606,9.40850,31959.7,4.9,20.3,271.3,-41.8,0.1,-1.0,RS41-SG,404.900,10.9,0,9,2.6,-1,-1
2023-08-06T00:42:47.000Z,U2070979,7692,45.35607,9.40799,31970.8,6.5,19.7,270.9,-41.7,0.1,-1.0,RS41-SG,404.900,10.7,0,9,2.5,-1,-1
2023-08-06T00:42:48.000Z,U2070979,7693,45.35607,9.40774,31977.6,7.1,18.4,270.2,-41.7,0.1,-1.0,RS41-SG,404.900,10.8,0,9,2.5,-1,-1
2023-08-06T00:42:50.000Z,U2070979,7695,45.35607,9.40730,31990.0,5.8,16.6,272.4,-41.6,0.1,-1.0,RS41-SG,404.900,10.7,0,9,2.6,-1,-1
2023-08-06T00:42:51.000Z,U2070979,7696,45.35609,9.40709,31996.3,6.6,16.8,276.1,-41.6,0.1,-1.0,RS41-SG,404.900,10.4,0,9,2.5,-1,-1
2023-08-06T00:42:53.000Z,U2070979,7698,45.35614,9.40665,32009.7,5.7,19.0,283.4,-41.5,0.1,-1.0,RS41-SG,404.900,10.8,0,9,2.5,-1,-1
2023-08-06T00:42:54.000Z,U2070979,7699,45.35619,9.40641,32015.4,5.4,19.8,285.3,-41.4,0.1,-1.0,RS41-SG,404.900,10.1,0,9,2.6,-1,-1
2023-08-06T00:42:55.000Z,U2070979,7700,45.35623,9.40616,32021.0,5.8,20.1,286.0,-41.4,0.1,-1.0,RS41-SG,404.900,11.0,0,9,2.6,-1,-1
2023-08-06T00:42:56.000Z,U2070979,7701,45.35628,9.40592,32027.5,6.9,19.5,285.3,-41.3,0.1,-1.0,RS41-SG,404.900,11.0,0,9,2.6,-1,-1
2023-08-06T00:42:57.000Z,U2070979,7702,45.35632,9.40569,32034.5,6.8,18.4,283.8,-41.3,0.1,-1.0,RS41-SG,404.900,11.2,0,9,2.5,-1,-1
2023-08-06T00:42:58.000Z,U2070979,7703,45.35636,9.40547,32040.7,5.3,17.6,282.6,-41.3,0.1,-1.0,RS41-SG,404.900,11.2,0,9,2.5,-1,-1
2023-08-06T00:43:00.000Z,U2070979,7705,45.35642,9.40503,32051.9,6.2,17.5,280.6,-41.3,0.1,-1.0,RS41-SG,404.900,11.4,0,9,2.6,-1,-1
2023-08-06T00:43:01.000Z,U2070979,7706,45.35645,9.40481,32058.5,7.0,18.4,280.9,-41.3,0.1,-1.0,RS41-SG,404.900,11.4,0,9,2.6,-1,-1
2023-08-06T00:43:02.000Z,U2070979,7707,45.35648,9.40458,32065.4,6.8,19.2,282.1,-41.3,0.1,-1.0,RS41-SG,404.900,10.1,0,9,2.6,-1,-1
2023-08-06T00:43:03.000Z,U2070979,7708,45.35652,9.40434,32071.6,5.4,19.4,282.7,-41.3,0.1,-1.0,RS41-SG,404.900,10.6,0,9,2.5,-1,-1
2023-08-06T00:43:04.000Z,U2070979,7709,45.35656,9.40410,32077.3,5.8,19.0,283.3,-41.3,0.1,-1.0,RS41-SG,404.900,10.6,0,9,2.5,-1,-1
2023-08-06T00:43:05.000Z,U2070979,7710,45.35660,9.40387,32083.6,6.7,17.8,284.7,-41.3,0.1,-1.0,RS41-SG,404.900,10.8,0,9,2.5,-1,-1
2023-08-06T00:43:06.000Z,U2070979,7711,45.35664,9.40366,32090.4,7.0,16.0,285.7,-41.3,0.1,-1.0,RS41-SG,404.900,10.8,0,9,2.6,-1,-1
2023-08-06T00:43:07.000Z,U2070979,7712,45.35668,9.40348,32096.7,5.6,14.9,287.0,-41.3,0.1,-1.0,RS41-SG,404.900,10.3,0,9,2.6,-1,-1
2023-08-06T00:43:08.000Z,U2070979,7713,45.35672,9.40330,32102.4,5.9,14.3,288.5,-41.3,0.1,-1.0,RS41-SG,404.900,10.5,0,9,2.5,-1,-1
2023-08-06T00:43:09.000Z,U2070979,7714,45.35676,9.40312,32108.7,6.5,14.9,289.6,-41.3,0.1,-1.0,RS41-SG,404.900,10.5,0,9,2.5,-1,-1
2023-08-06T00:43:10.000Z,U2070979,7715,45.35681,9.40294,32115.8,7.3,16.3,289.8,-41.3,0.1,-1.0,RS41-SG,404.900,10.1,0,9,2.6,-1,-1
2023-08-06T00:43:11.000Z,U2070979,7716,45.35686,9.40273,32122.5,6.0,17.7,288.8,-41.3,0.1,-1.0,RS41-SG,404.900,11.2,0,9,2.6,-1,-1
2023-08-06T00:43:12.000Z,U2070979,7717,45.35691,9.40251,32128.3,5.4,18.8,287.2,-41.3,0.1,-1.0,RS41-SG,404.900,11.2,0,9,2.5,-1,-1
2023-08-06T00:43:14.000Z,U2070979,7719,45.35699,9.40205,32140.3,6.7,18.2,281.7,-41.3,0.1,-1.0,RS41-SG,404.900,10.2,0,9,2.5,-1,-1
2023-08-06T00:43:15.000Z,U2070979,7720,45.35702,9.40183,32147.4,7.4,16.9,279.8,-41.3,0.1,-1.0,RS41-SG,404.900,10.2,0,9,2.6,-1,-1
2023-08-06T00:43:16.000Z,U2070979,7721,45.35704,9.40163,32154.0,6.1,15.9,278.6,-41.3,0.1,-1.0,RS41-SG,404.900,10.7,0,9,2.6,-1,-1
2023-08-06T00:43:17.000Z,U2070979,7722,45.35706,9.40143,32160.0,5.6,15.3,278.8,-41.3,0.1,-1.0,RS41-SG,404.900,10.7,0,9,2.6,-1,-1
2023-08-06T00:43:19.000Z,U2070979,7724,45.35712,9.40105,32173.2,7.1,16.1,285.8,-41.4,0.1,-1.0,RS41-SG,404.900,9.6,0,9,2.5,-1,-1
2023-08-06T00:43:21.000Z,U2070979,7726,45.35722,9.40064,32185.5,5.6,17.6,294.1,-41.4,0.1,-1.0,RS41-SG,404.900,9.1,0,9,2.6,-1,-1
2023-08-06T00:43:22.000Z,U2070979,7727,45.35729,9.40044,32191.4,5.9,17.7,297.8,-41.4,0.1,-1.0,RS41-SG,404.900,9.3,0,9,2.6,-1,-1
2023-08-06T00:43:23.000Z,U2070979,7728,45.35737,9.40025,32197.9,6.8,16.8,300.4,-41.4,0.1,-1.0,RS41-SG,404.900,9.7,0,9,2.6,-1,-1
2023-08-06T00:43:24.000Z,U2070979,7729,45.35744,9.40007,32204.7,7.0,15.2,301.1,-41.4,0.1,-1.0,RS41-SG,404.900,9.7,0,9,2.5,-1,-1
2023-08-06T00:43:25.000Z,U2070979,7730,45.35751,9.39991,32210.9,5.5,14.0,300.2,-41.4,0.1,-1.0,RS41-SG,404.900,9.8,0,9,2.5,-1,-1
2023-08-06T00:43:27.000Z,U2070979,7732,45.35762,9.39961,32222.4,6.3,13.0,292.7,-41.4,0.1,-1.0,RS41-SG,404.900,10.3,0,9,2.6,-1,-1
2023-08-06T00:43:28.000Z,U2070979,7733,45.35766,9.39945,32229.1,7.2,14.0,287.6,-41.4,0.1,-1.0,RS41-SG,404.900,10.3,0,9,2.6,-1,-1
2023-08-06T00:43:29.000Z,U2070979,7734,45.35769,9.39927,32235.9,6.2,15.1,284.3,-41.5,0.1,-1.0,RS41-SG,404.900,9.1,0,9,2.5,-1,-1
2023-08-06T00:43:30.000Z,U2070979,7735,45.35773,9.39909,32241.7,5.2,15.6,282.7,-41.5,0.1,-1.0,RS41-SG,404.900,9.1,0,9,2.5,-1,-1
2023-08-06T00:43:31.000Z,U2070979,7736,45.35775,9.39889,32247.4,6.0,15.4,281.7,-41.5,0.1,-1.0,RS41-SG,404.900,9.5,0,9,2.6,-1,-1
2023-08-06T00:43:32.000Z,U2070979,7737,45.35778,9.39871,32254.1,7.2,14.1,282.1,-41.5,0.1,-1.0,RS41-SG,404.900,9.5,0,9,2.6,-1,-1
2023-08-06T00:43:34.000Z,U2070979,7739,45.35784,9.39839,32268.1,5.9,11.6,288.0,-41.4,0.1,-1.0,RS41-SG,404.900,9.5,0,9,2.5,-1,-1
2023-08-06T00:43:36.000Z,U2070979,7741,45.35792,9.39813,32280.7,7.0,11.4,299.4,-41.5,0.1,-1.0,RS41-SG,404.900,9.5,0,9,2.6,-1,-1
2023-08-06T00:43:39.000Z,U2070979,7744,45.35811,9.39771,32299.4,5.7,14.5,302.2,-41.4,0.1,-1.0,RS41-SG,404.900,9.6,0,9,2.5,-1,-1
2023-08-06T00:43:41.000Z,U2070979,7746,45.35823,9.39740,32312.8,7.4,12.8,296.6,-41.4,0.1,-1.0,RS41-SG,404.900,9.9,0,9,2.5,-1,-1
2023-08-06T00:43:42.000Z,U2070979,7747,45.35827,9.39726,32319.6,6.1,11.9,292.5,-41.4,0.1,-1.0,RS41-SG,404.900,9.9,0,9,2.6,-1,-1
2023-08-06T00:43:43.000Z,U2070979,7748,45.35831,9.39712,32325.5,5.9,11.3,287.5,-41.4,0.1,-1.0,RS41-SG,404.900,9.3,0,9,2.6,-1,-1
2023-08-06T00:43:44.000Z,U2070979,7749,45.35834,9.39698,32331.5,6.4,11.5,282.8,-41.4,0.1,-1.0,RS41-SG,404.900,9.7,0,9,2.6,-1,-1
2023-08-06T00:43:45.000Z,U2070979,7750,45.35836,9.39684,32338.3,6.9,12.4,282.0,-41.5,0.1,-1.0,RS41-SG,404.900,9.7,0,8,2.5,-1,-1
2023-08-06T00:43:48.000Z,U2070979,7753,45.35845,9.39635,32356.8,6.3,13.1,289.3,-41.6,0.1,-1.0,RS41-SG,404.900,10.2,0,8,2.6,-1,-1
2023-08-06T00:43:49.000Z,U2070979,7754,45.35849,9.39620,32363.5,7.1,11.9,295.1,-41.6,0.1,-1.0,RS41-SG,404.900,9.6,0,8,2.6,-1,-1
2023-08-06T00:43:50.000Z,U2070979,7755,45.35854,9.39608,32370.3,6.7,10.8,301.6,-41.6,0.1,-1.0,RS41-SG,404.900,10.2,0,8,2.5,-1,-1
2023-08-06T00:43:51.000Z,U2070979,7756,45.35859,9.39597,32376.2,5.1,10.1,307.7,-41.6,0.1,-1.0,RS41-SG,404.900,10.2,0,8,2.5,-1,-1
2023-08-06T00:43:52.000Z,U2070979,7757,45.35865,9.39587,32381.8,5.6,10.1,314.6,-41.6,0.1,-1.0,RS41-SG,404.900,11.2,0,8,2.6,-1,-1
2023-08-06T00:43:53.000Z,U2070979,7758,45.35872,9.39578,32387.8,6.5,10.8,317.1,-41.6,0.1,-1.0,RS41-SG,404.900,11.2,0,8,2.6,-1,-1
2023-08-06T00:43:54.000Z,U2070979,7759,45.35879,9.39568,32394.4,6.8,12.0,316.4,-41.6,0.1,-1.0,RS41-SG,404.900,10.7,0,8,2.5,-1,-1
2023-08-06T00:43:55.000Z,U2070979,7760,45.35887,9.39557,32400.7,5.6,12.7,313.5,-41.7,0.1,-1.0,RS41-SG,404.900,10.7,0,8,2.5,-1,-1
2023-08-06T00:43:56.000Z,U2070979,7761,45.35894,9.39545,32406.5,6.3,12.5,307.2,-41.7,0.1,-1.0,RS41-SG,404.900,10.0,0,8,2.5,-1,-1
2023-08-06T00:43:57.000Z,U2070979,7762,45.35900,9.39532,32413.4,7.5,11.5,298.8,-41.7,0.1,-1.0,RS41-SG,404.900,9.2,0,8,2.6,-1,-1
2023-08-06T00:43:58.000Z,U2070979,7763,45.35904,9.39519,32420.6,7.0,10.3,287.2,-41.7,0.1,-1.0,RS41-SG,404.900,10.9,0,8,2.6,-1,-1
2023-08-06T00:43:59.000Z,U2070979,7764,45.35906,9.39507,32426.8,5.0,9.6,277.2,-41.7,0.1,-1.0,RS41-SG,404.900,11.3,0,8,2.6,-1,-1
2023-08-06T00:44:00.000Z,U2070979,7765,45.35906,9.39495,32431.9,4.9,9.6,267.4,-41.7,0.1,-1.0,RS41-SG,404.900,11.8,0,8,2.5,-1,-1
2023-08-06T00:44:01.000Z,U2070979,7766,45.35905,9.39482,32437.1,5.8,10.1,263.4,-41.7,0.1,-1.0,RS41-SG,404.900,11.8,0,8,2.5,-1,-1
2023-08-06T00:44:04.000Z,U2070979,7769,45.35905,9.39440,32455.6,5.5,11.7,275.3,-41.5,0.1,-1.0,RS41-SG,404.900,10.2,0,8,2.6,-1,-1
2023-08-06T00:44:05.000Z,U2070979,7770,45.35906,9.39426,32461.2,5.7,11.2,278.9,-41.5,0.1,-1.0,RS41-SG,404.900,11.0,0,8,2.6,-1,-1
2023-08-06T00:44:07.000Z,U2070979,7772,45.35910,9.39401,32474.2,6.9,8.3,283.3,-41.4,0.1,-1.0,RS41-SG,404.900,11.7,0,8,2.5,-1,-1
2023-08-06T00:44:08.000Z,U2070979,7773,45.35911,9.39392,32480.7,6.0,6.8,285.7,-41.3,0.1,-1.0,RS41-SG,404.900,11.7,0,8,2.5,-1,-1
2023-08-06T00:44:09.000Z,U2070979,7774,45.35913,9.39385,32486.3,5.2,5.8,288.4,-41.3,0.1,-1.0,RS41-SG,404.900,11.1,0,8,2.6,-1,-1
2023-08-06T00:44:10.000Z,U2070979,7775,45.35915,9.39378,32491.9,5.8,5.7,292.9,-41.3,0.1,-1.0,RS41-SG,404.900,11.1,0,8,2.6,-1,-1
2023-08-06T00:44:12.000Z,U2070979,7777,45.35920,9.39362,32505.2,6.7,8.1,294.4,-41.1,0.1,-1.0,RS41-SG,404.900,11.7,0,8,2.5,-1,-1
2023-08-06T00:44:13.000Z,U2070979,7778,45.35923,9.39352,32511.4,5.5,9.3,292.6,-41.1,0.1,-1.0,RS41-SG,404.900,11.5,0,8,2.6,-1,-1
2023-08-06T00:44:15.000Z,U2070979,7780,45.35928,9.39328,32523.2,6.6,9.9,278.3,-41.0,0.1,-1.0,RS41-SG,404.900,11.5,0,8,2.5,-1,-1
2023-08-06T00:44:16.000Z,U2070979,7781,45.35928,9.39316,32529.8,6.8,9.4,267.5,-40.9,0.1,-1.0,RS41-SG,404.900,13.0,0,8,2.5,-1,-1
2023-08-06T00:44:17.000Z,U2070979,7782,45.35927,9.39305,32536.0,5.9,9.0,256.8,-40.9,0.1,-1.0,RS41-SG,404.900,13.0,0,8,2.5,-1,-1
2023-08-06T00:44:18.000Z,U2070979,7783,45.35925,9.39294,32541.7,5.0,8.6,249.7,-40.9,0.1,-1.0,RS41-SG,404.900,12.1,0,8,2.6,-1,-1
2023-08-06T00:44:19.000Z,U2070979,7784,45.35922,9.39284,32546.9,5.3,8.1,246.7,-40.9,0.1,-1.0,RS41-SG,404.900,11.2,0,8,2.6,-1,-1
2023-08-06T00:44:20.000Z,U2070979,7785,45.35919,9.39275,32552.8,6.0,7.8,251.8,-40.9,0.1,-1.0,RS41-SG,404.900,11.2,0,8,2.6,-1,-1
2023-08-06T00:44:22.000Z,U2070979,7787,45.35917,9.39255,32566.0,6.1,8.1,271.1,-40.9,0.1,-1.0,RS41-SG,404.900,11.6,0,8,2.5,-1,-1
2023-08-06T00:44:23.000Z,U2070979,7788,45.35918,9.39245,32571.5,5.0,8.6,276.0,-40.8,0.1,-1.0,RS41-SG,404.900,11.6,0,8,2.5,-1,-1
2023-08-06T00:44:24.000Z,U2070979,7789,45.35919,9.39234,32576.7,5.3,8.9,277.9,-40.8,0.1,-1.0,RS41-SG,404.900,12.5,0,8,2.6,-1,-1
2023-08-06T00:44:25.000Z,U2070979,7790,45.35920,9.39223,32582.3,6.2,8.7,272.4,-40.7,0.1,-1.0,RS41-SG,404.900,12.5,0,8,2.6,-1,-1
2023-08-06T00:44:26.000Z,U2070979,7791,45.35919,9.39212,32588.7,6.7,8.7,263.4,-40.7,0.1,-1.0,RS41-SG,404.900,10.4,0,8,2.6,-1,-1
2023-08-06T00:44:27.000Z,U2070979,7792,45.35918,9.39201,32595.0,5.7,9.2,253.9,-40.6,0.1,-1.0,RS41-SG,404.900,11.1,0,8,2.5,-1,-1
2023-08-06T00:44:28.000Z,U2070979,7793,45.35915,9.39189,32600.6,4.8,10.0,248.1,-40.5,0.1,-1.0,RS41-SG,404.900,11.1,0,8,2.5,-1,-1
2023-08-06T00:44:29.000Z,U2070979,7794,45.35911,9.39177,32605.5,5.2,11.2,246.4,-40.3,0.1,-1.0,RS41-SG,404.900,11.6,0,8,2.5,-1,-1
2023-08-06T00:44:31.000Z,U2070979,7796,45.35904,9.39147,32617.5,6.6,13.9,254.6,-40.2,0.1,-1.0,RS41-SG,404.900,10.6,0,8,2.6,-1,-1
2023-08-06T00:44:32.000Z,U2070979,7797,45.35901,9.39129,32623.5,5.3,14.5,258.8,-40.1,0.1,-1.0,RS41-SG,404.900,11.5,0,8,2.5,-1,-1
2023-08-06T00:44:33.000Z,U2070979,7798,45.35899,9.39111,32628.9,5.5,14.3,261.2,-40.1,0.1,-1.0,RS41-SG,404.900,12.6,0,8,2.5,-1,-1
2023-08-06T00:44:34.000Z,U2070979,7799,45.35897,9.39094,32634.9,6.1,13.2,262.0,-40.1,0.1,-1.0,RS41-SG,404.900,12.6,0,8,2.6,-1,-1
2023-08-06T00:44:35.000Z,U2070979,7800,45.35895,9.39079,32641.2,6.9,11.5,258.7,-40.0,0.1,-1.0,RS41-SG,404.900,11.1,0,8,2.6,-1,-1
2023-08-06T00:44:36.000Z,U2070979,7801,45.35893,9.39065,32647.6,5.9,10.0,253.5,-40.0,0.1,-1.0,RS41-SG,404.900,11.0,0,8,2.5,-1,-1
2023-08-06T00:44:37.000Z,U2070979,7802,45.35890,9.39054,32652.8,4.4,9.0,247.8,-39.9,0.1,-1.0,RS41-SG,404.900,11.8,0,8,2.5,-1,-1
2023-08-06T00:44:38.000Z,U2070979,7803,45.35887,9.39044,32657.6,4.7,8.9,244.5,-39.9,0.1,-1.0,RS41-SG,404.900,11.8,0,8,2.5,-1,-1
2023-08-06T00:44:39.000Z,U2070979,7804,45.35883,9.39033,32662.8,5.9,9.5,246.0,-39.9,0.1,-1.0,RS41-SG,404.900,11.7,0,8,2.6,-1,-1
2023-08-06T00:44:40.000Z,U2070979,7805,45.35880,9.39021,32669.1,6.7,11.2,250.5,-39.8,0.1,-1.0,RS41-SG,404.900,11.6,0,8,2.6,-1,-1
2023-08-06T00:44:41.000Z,U2070979,7806,45.35877,9.39006,32675.6,6.3,12.9,254.6,-39.8,0.1,-1.0,RS41-SG,404.900,12.0,0,8,2.6,-1,-1
2023-08-06T00:44:42.000Z,U2070979,7807,45.35873,9.38989,32681.5,4.9,14.7,256.3,-39.8,0.1,-1.0,RS41-SG,404.900,12.0,0,8,2.5,-1,-1
2023-08-06T00:44:43.000Z,U2070979,7808,45.35870,9.38970,32686.4,4.6,16.1,255.7,-39.7,0.1,-1.0,RS41-SG,404.900,11.7,0,8,2.5,-1,-1
2023-08-06T00:44:44.000Z,U2070979,7809,45.35866,9.38950,32691.4,5.2,16.7,253.4,-39.7,0.1,-1.0,RS41-SG,404.900,11.5,0,8,2.5,-1,-1
2023-08-06T00:44:46.000Z,U2070979,7811,45.35856,9.38911,32703.7,6.6,15.8,245.2,-39.6,0.1,-1.0,RS41-SG,404.900,10.7,0,8,2.6,-1,-1
2023-08-06T00:44:47.000Z,U2070979,7812,45.35850,9.38894,32709.7,5.0,14.8,242.4,-39.6,0.1,-1.0,RS41-SG,404.900,11.2,0,8,2.6,-1,-1
2023-08-06T00:44:48.000Z,U2070979,7813,45.35844,9.38878,32714.7,5.4,13.9,242.3,-39.5,0.1,-1.0,RS41-SG,404.900,11.2,0,8,2.5,-1,-1
2023-08-06T00:44:49.000Z,U2070979,7814,45.35839,9.38862,32720.5,5.9,13.0,246.7,-39.5,0.1,-1.0,RS41-SG,404.900,11.4,0,8,2.5,-1,-1
2023-08-06T00:44:50.000Z,U2070979,7815,45.35835,9.38847,32726.8,6.6,12.7,254.6,-39.5,0.1,-1.0,RS41-SG,404.900,12.2,0,8,2.5,-1,-1
2023-08-06T00:44:51.000Z,U2070979,7816,45.35832,9.38831,32732.7,5.7,13.0,261.3,-39.5,0.1,-1.0,RS41-SG,404.900,12.2,0,8,2.6,-1,-1
2023-08-06T00:44:52.000Z,U2070979,7817,45.35831,9.38814,32737.8,4.7,13.4,266.2,-39.4,0.1,-1.0,RS41-SG,404.900,11.7,0,8,2.6,-1,-1
2023-08-06T00:44:53.000Z,U2070979,7818,45.35830,9.38797,32742.8,5.3,13.6,266.6,-39.4,0.1,-1.0,RS41-SG,404.900,12.4,0,8,2.5,-1,-1
2023-08-06T00:44:54.000Z,U2070979,7819,45.35829,9.38780,32748.5,5.9,13.2,264.2,-39.4,0.1,-1.0,RS41-SG,404.900,12.4,0,8,2.5,-1,-1
2023-08-06T00:44:55.000Z,U2070979,7820,45.35827,9.38764,32754.8,6.4,12.6,257.3,-39.4,0.1,-1.0,RS41-SG,404.900,12.0,0,8,2.6,-1,-1
2023-08-06T00:44:56.000Z,U2070979,7821,45.35824,9.38749,32760.8,5.3,12.3,250.6,-39.4,0.1,-1.0,RS41-SG,404.900,12.0,0,8,2.6,-1,-1
2023-08-06T00:44:57.000Z,U2070979,7822,45.35820,9.38734,32765.9,4.7,12.5,246.0,-39.3,0.1,-1.0,RS41-SG,404.900,11.6,0,8,2.5,-1,-1
2023-08-06T00:44:58.000Z,U2070979,7823,45.35815,9.38719,32771.0,5.3,13.2,243.7,-39.2,0.1,-1.0,RS41-SG,404.900,11.6,0,8,2.5,-1,-1
2023-08-06T00:44:59.000Z,U2070979,7824,45.35810,9.38704,32776.9,6.3,14.1,245.5,-39.2,0.1,-1.0,RS41-SG,404.900,12.4,0,8,2.6,-1,-1
2023-08-06T00:45:00.000Z,U2070979,7825,45.35805,9.38687,32783.3,6.2,14.9,248.9,-39.2,0.1,-1.0,RS41-SG,404.900,12.4,0,8,2.6,-1,-1
2023-08-06T00:45:01.000Z,U2070979,7826,45.35801,9.38669,32789.0,5.1,15.2,252.3,-39.2,0.0,-1.0,RS41-SG,404.900,11.2,0,8,2.5,-1,-1
2023-08-06T00:45:02.000Z,U2070979,7827,45.35797,9.38651,32794.2,5.1,14.8,255.2,-39.1,0.1,-1.0,RS41-SG,404.900,10.9,0,8,2.5,-1,-1
2023-08-06T00:45:03.000Z,U2070979,7828,45.35794,9.38633,32800.0,6.3,13.9,256.5,-39.1,0.1,-1.0,RS41-SG,404.900,12.2,0,8,2.5,-1,-1
2023-08-06T00:45:04.000Z,U2070979,7829,45.35791,9.38617,32806.2,6.3,12.4,256.1,-39.1,0.1,-1.0,RS41-SG,404.900,12.2,0,8,2.6,-1,-1
2023-08-06T00:45:05.000Z,U2070979,7830,45.35788,9.38602,32811.7,4.9,11.3,254.9,-39.1,0.0,-1.0,RS41-SG,404.900,11.3,0,8,2.6,-1,-1
2023-08-06T00:45:06.000Z,U2070979,7831,45.35786,9.38589,32816.7,4.8,10.5,255.5,-39.1,0.1,-1.0,RS41-SG,404.900,11.3,0,8,2.6,-1,-1
2023-08-06T00:45:07.000Z,U2070979,7832,45.35784,9.38576,32822.0,5.5,10.7,258.0,-39.1,0.1,-1.0,RS41-SG,404.900,10.6,0,8,2.5,-1,-1
2023-08-06T00:45:08.000Z,U2070979,7833,45.35782,9.38562,32827.8,5.7,11.6,260.8,-39.1,0.1,-1.0,RS41-SG,404.900,11.0,0,8,2.5,-1,-1
2023-08-06T00:45:09.000Z,U2070979,7834,45.35780,9.38546,32833.7,5.9,12.8,264.1,-39.1,0.1,-1.0,RS41-SG,404.900,11.1,0,8,2.5,-1,-1
2023-08-06T00:45:10.000Z,U2070979,7835,45.35779,9.38530,32839.5,5.8,14.1,264.5,-39.2,0.1,-1.0,RS41-SG,404.900,11.1,0,8,2.6,-1,-1
2023-08-06T00:45:12.000Z,U2070979,7837,45.35776,9.38493,32850.5,5.4,14.8,260.0,-39.2,0.1,-1.0,RS41-SG,404.900,11.2,0,8,2.6,-1,-1
2023-08-06T00:45:13.000Z,U2070979,7838,45.35773,9.38475,32856.1,5.7,14.4,253.5,-39.2,0.1,-1.0,RS41-SG,404.900,12.2,0,8,2.5,-1,-1
2023-08-06T00:45:14.000Z,U2070979,7839,45.35768,9.38458,32862.1,6.0,14.0,245.6,-39.2,0.1,-1.0,RS41-SG,404.900,12.2,0,8,2.5,-1,-1
2023-08-06T00:45:15.000Z,U2070979,7840,45.35763,9.38442,32867.8,5.2,13.9,238.3,-39.2,0.1,-1.0,RS41-SG,404.900,11.4,0,8,2.5,-1,-1
2023-08-06T00:45:16.000Z,U2070979,7841,45.35755,9.38428,32872.5,4.4,14.3,233.0,-39.2,0.1,-1.0,RS41-SG,404.900,11.5,0,8,2.6,-1,-1
2023-08-06T00:45:17.000Z,U2070979,7842,45.35747,9.38413,32876.9,4.7,15.1,231.9,-39.2,0.1,-1.0,RS41-SG,404.900,12.0,0,8,2.6,-1,-1
2023-08-06T00:45:18.000Z,U2070979,7843,45.35739,9.38397,32882.3,6.1,16.2,235.8,-39.2,0.1,-1.0,RS41-SG,404.900,12.0,0,8,2.5,-1,-1
2023-08-06T00:45:19.000Z,U2070979,7844,45.35731,9.38378,32888.7,6.2,17.5,242.2,-39.1,0.1,-1.0,RS41-SG,404.900,11.1,0,8,2.5,-1,-1
2023-08-06T00:45:20.000Z,U2070979,7845,45.35725,9.38358,32894.5,4.9,18.5,248.3,-39.1,0.0,-1.0,RS41-SG,404.900,11.1,0,8,2.6,-1,-1
2023-08-06T00:45:21.000Z,U2070979,7846,45.35719,9.38335,32899.2,4.3,19.1,252.8,-39.1,0.1,-1.0,RS41-SG,404.900,10.9,0,8,2.6,-1,-1
2023-08-06T00:45:22.000Z,U2070979,7847,45.35715,9.38312,32903.9,5.1,18.8,256.4,-39.1,0.1,-1.0,RS41-SG,404.900,11.1,0,8,2.5,-1,-1
2023-08-06T00:45:23.000Z,U2070979,7848,45.35711,9.38289,32909.5,6.0,17.7,257.9,-39.1,0.0,-1.0,RS41-SG,404.900,11.1,0,8,2.5,-1,-1
2023-08-06T00:45:24.000Z,U2070979,7849,45.35708,9.38269,32915.5,6.1,16.1,257.3,-39.0,0.1,-1.0,RS41-SG,404.900,10.9,0,8,2.6,-1,-1
2023-08-06T00:45:25.000Z,U2070979,7850,45.35705,9.38249,32920.7,4.6,14.8,255.8,-39.0,0.1,-1.0,RS41-SG,404.900,11.9,0,8,2.6,-1,-1
2023-08-06T00:45:26.000Z,U2070979,7851,45.35701,9.38232,32925.2,4.2,13.9,254.1,-39.0,0.0,-1.0,RS41-SG,404.900,11.9,0,8,2.5,-1,-1
2023-08-06T00:45:27.000Z,U2070979,7852,45.35698,9.38215,32929.9,4.8,13.7,253.4,-39.0,0.1,-1.0,RS41-SG,404.900,11.7,0,8,2.5,-1,-1
2023-08-06T00:45:28.000Z,U2070979,7853,45.35694,9.38198,32935.5,6.2,14.5,253.1,-39.0,0.1,-1.0,RS41-SG,404.900,11.7,0,8,2.5,-1,-1
2023-08-06T00:45:29.000Z,U2070979,7854,45.35690,9.38179,32941.7,6.3,16.0,253.0,-39.0,0.1,-1.0,RS41-SG,404.900,12.4,0,8,2.6,-1,-1
2023-08-06T00:45:30.000Z,U2070979,7855,45.35686,9.38159,32947.4,5.0,17.3,252.3,-39.0,0.1,-1.0,RS41-SG,404.900,12.4,0,8,2.6,-1,-1
2023-08-06T00:45:31.000Z,U2070979,7856,45.35680,9.38138,32952.3,4.6,18.7,250.2,-39.0,0.1,-1.0,RS41-SG,404.900,11.8,0,8,2.6,-1,-1
2023-08-06T00:45:32.000Z,U2070979,7857,45.35674,9.38115,32957.1,4.8,19.8,247.0,-39.0,0.1,-1.0,RS41-SG,404.900,11.8,0,8,2.5,-1,-1
2023-08-06T00:45:33.000Z,U2070979,7858,45.35666,9.38092,32962.2,5.2,20.6,242.9,-39.1,0.1,-1.0,RS41-SG,404.900,11.9,0,8,2.5,-1,-1
2023-08-06T00:45:34.000Z,U2070979,7859,45.35657,9.38068,32967.4,5.4,21.1,239.2,-39.0,0.1,-1.0,RS41-SG,404.900,12.2,0,8,2.5,-1,-1
2023-08-06T00:45:35.000Z,U2070979,7860,45.35647,9.38046,32972.7,4.8,21.1,237.7,-39.0,0.1,-1.0,RS41-SG,404.900,12.2,0,8,2.6,-1,-1
2023-08-06T00:45:36.000Z,U2070979,7861,45.35637,9.38023,32977.4,4.8,21.1,238.6,-38.9,0.1,-1.0,RS41-SG,404.900,11.0,0,8,2.6,-1,-1
2023-08-06T00:45:38.000Z,U2070979,7863,45.35620,9.37975,32988.2,5.9,21.3,247.9,-38.8,0.1,-1.0,RS41-SG,404.900,11.3,0,8,2.5,-1,-1
2023-08-06T00:45:39.000Z,U2070979,7864,45.35614,9.37949,32994.1,5.7,21.5,253.7,-38.8,0.1,-1.0,RS41-SG,404.900,11.5,0,8,2.5,-1,-1
2023-08-06T00:45:40.000Z,U2070979,7865,45.35609,9.37923,32999.0,4.5,21.3,258.6,-38.7,0.1,-1.0,RS41-SG,404.900,11.5,0,8,2.5,-1,-1
2023-08-06T00:45:42.000Z,U2070979,7867,45.35604,9.37872,33007.9,5.1,19.0,263.9,-38.6,0.1,-1.0,RS41-SG,404.900,11.4,0,8,2.6,-1,-1
2023-08-06T00:45:43.000Z,U2070979,7868,45.35602,9.37849,33013.0,5.3,17.0,263.7,-38.6,0.1,-1.0,RS41-SG,404.900,11.4,0,8,2.5,-1,-1
2023-08-06T00:45:44.000Z,U2070979,7869,45.35600,9.37829,33017.9,4.4,15.4,261.0,-38.6,0.0,-1.0,RS41-SG,404.900,10.8,0,8,2.5,-1,-1
2023-08-06T00:45:45.000Z,U2070979,7870,45.35597,9.37810,33022.1,3.9,14.5,257.5,-38.5,0.1,-1.0,RS41-SG,404.900,12.2,0,8,2.6,-1,-1
2023-08-06T00:45:46.000Z,U2070979,7871,45.35594,9.37792,33026.7,4.9,14.8,254.4,-38.5,0.0,-1.0,RS41-SG,404.900,12.2,0,8,2.6,-1,-1
2023-08-06T00:45:47.000Z,U2070979,7872,45.35590,9.37773,33032.4,6.2,16.2,252.6,-38.5,0.0,-1.0,RS41-SG,404.900,11.5,0,8,2.5,-1,-1
2023-08-06T00:45:48.000Z,U2070979,7873,45.35586,9.37753,33038.6,5.9,18.3,252.6,-38.4,0.1,-1.0,RS41-SG,404.900,10.2,0,8,2.5,-1,-1
2023-08-06T00:45:49.000Z,U2070979,7874,45.35581,9.37729,33043.9,4.7,20.1,252.6,-38.4,0.1,-1.0,RS41-SG,404.900,10.1,0,8,2.6,-1,-1
2023-08-06T00:45:50.000Z,U2070979,7875,45.35575,9.37704,33048.7,4.5,21.8,252.4,-38.4,0.1,-1.0,RS41-SG,404.900,11.7,0,8,2.6,-1,-1
2023-08-06T00:45:51.000Z,U2070979,7876,45.35569,9.37677,33053.2,4.8,22.7,251.7,-38.3,0.0,-1.0,RS41-SG,404.900,11.7,0,8,2.5,-1,-1
2023-08-06T00:45:53.000Z,U2070979,7878,45.35555,9.37623,33064.5,5.8,22.0,249.5,-38.3,0.1,-1.0,RS41-SG,404.900,11.8,0,8,2.5,-1,-1
2023-08-06T00:45:54.000Z,U2070979,7879,45.35549,9.37598,33069.6,4.7,21.3,249.7,-38.3,0.1,-1.0,RS41-SG,404.900,11.8,0,8,2.6,-1,-1
2023-08-06T00:45:55.000Z,U2070979,7880,45.35542,9.37572,33074.0,4.5,20.7,250.6,-38.3,0.0,-1.0,RS41-SG,404.900,11.0,0,8,2.6,-1,-1
2023-08-06T00:45:56.000Z,U2070979,7881,45.35536,9.37548,33078.9,5.0,20.6,253.2,-38.3,0.1,-1.0,RS41-SG,404.900,11.0,0,8,2.6,-1,-1
2023-08-06T00:45:58.000Z,U2070979,7883,45.35528,9.37496,33089.7,5.0,21.0,259.9,-38.3,0.1,-1.0,RS41-SG,404.900,10.4,0,8,2.5,-1,-1
2023-08-06T00:45:59.000Z,U2070979,7884,45.35525,9.37470,33094.6,4.8,21.1,261.2,-38.3,0.0,-1.0,RS41-SG,404.900,11.6,0,8,2.5,-1,-1
2023-08-06T00:46:01.000Z,U2070979,7886,45.35519,9.37418,33105.1,5.9,19.9,258.6,-38.4,0.0,-1.0,RS41-SG,404.900,11.1,0,8,2.6,-1,-1
2023-08-06T00:46:02.000Z,U2070979,7887,45.35515,9.37394,33110.9,5.6,19.2,254.9,-38.4,0.1,-1.0,RS41-SG,404.900,12.4,0,8,2.6,-1,-1
2023-08-06T00:46:03.000Z,U2070979,7888,45.35510,9.37371,33116.0,4.7,18.8,251.3,-38.4,0.0,-1.0,RS41-SG,404.900,12.4,0,8,2.5,-1,-1
2023-08-06T00:46:04.000Z,U2070979,7889,45.35504,9.37348,33120.9,5.0,19.3,248.9,-38.4,0.1,-1.0,RS41-SG,404.900,11.3,0,8,2.5,-1,-1
2023-08-06T00:46:05.000Z,U2070979,7890,45.35498,9.37324,33126.2,5.7,20.4,248.9,-38.4,0.1,-1.0,RS41-SG,404.900,11.3,0,8,2.5,-1,-1
2023-08-06T00:46:06.000Z,U2070979,7891,45.35491,9.37299,33132.0,6.2,22.1,251.0,-38.4,0.0,-1.0,RS41-SG,404.900,11.0,0,8,2.6,-1,-1
2023-08-06T00:46:07.000Z,U2070979,7892,45.35485,9.37271,33138.1,5.6,23.8,253.8,-38.5,0.1,-1.0,RS41-SG,404.900,11.4,0,8,2.6,-1,-1
2023-08-06T00:46:08.000Z,U2070979,7893,45.35479,9.37241,33143.4,4.8,25.1,256.6,-38.5,0.0,-1.0,RS41-SG,404.900,11.4,0,8,2.5,-1,-1
2023-08-06T00:46:09.000Z,U2070979,7894,45.35474,9.37210,33147.7,3.9,25.7,258.7,-38.4,0.1,-1.0,RS41-SG,404.900,10.4,0,8,2.5,-1,-1
2023-08-06T00:46:10.000Z,U2070979,7895,45.35470,9.37178,33151.9,4.2,25.3,260.2,-38.4,0.0,-1.0,RS41-SG,404.900,10.4,0,8,2.6,-1,-1
2023-08-06T00:46:12.000Z,U2070979,7897,45.35463,9.37118,33162.7,6.1,22.0,260.3,-38.3,0.0,-1.0,RS41-SG,404.900,10.9,0,8,2.5,-1,-1
2023-08-06T00:46:13.000Z,U2070979,7898,45.35460,9.37092,33168.2,4.6,20.4,258.7,-38.3,0.1,-1.0,RS41-SG,404.900,11.9,0,8,2.5,-1,-1
2023-08-06T00:46:14.000Z,U2070979,7899,45.35456,9.37067,33172.7,4.2,19.1,257.2,-38.3,0.1,-1.0,RS41-SG,404.900,11.9,0,8,2.6,-1,-1
2023-08-06T00:46:15.000Z,U2070979,7900,45.35452,9.37044,33177.5,5.2,18.7,256.5,-38.3,0.0,-1.0,RS41-SG,404.900,12.2,0,8,2.6,-1,-1
2023-08-06T00:46:16.000Z,U2070979,7901,45.35448,9.37020,33183.2,6.5,19.7,257.3,-38.3,0.0,-1.0,RS41-SG,404.900,12.2,0,8,2.5,-1,-1
2023-08-06T00:46:17.000Z,U2070979,7902,45.35445,9.36995,33189.8,6.1,21.1,258.9,-38.4,0.1,-1.0,RS41-SG,404.900,11.8,0,8,2.5,-1,-1
2023-08-06T00:46:18.000Z,U2070979,7903,45.35441,9.36967,33194.8,4.1,22.6,260.0,-38.4,0.1,-1.0,RS41-SG,404.900,11.8,0,8,2.5,-1,-1
2023-08-06T00:46:19.000Z,U2070979,7904,45.35438,9.36939,33199.0,4.3,23.7,261.0,-38.4,0.0,-1.0,RS41-SG,404.900,10.8,0,8,2.6,-1,-1
2023-08-06T00:46:20.000Z,U2070979,7905,45.35434,9.36909,33203.7,5.3,23.9,261.1,-38.4,0.1,-1.0,RS41-SG,404.900,11.2,0,8,2.6,-1,-1
2023-08-06T00:46:21.000Z,U2070979,7906,45.35431,9.36879,33209.4,5.7,23.3,260.3,-38.4,0.1,-1.0,RS41-SG,404.900,11.2,0,8,2.6,-1,-1
2023-08-06T00:46:22.000Z,U2070979,7907,45.35427,9.36851,33215.2,5.5,22.0,259.7,-38.4,0.0,-1.0,RS41-SG,404.900,10.5,0,8,2.5,-1,-1
2023-08-06T00:46:23.000Z,U2070979,7908,45.35424,9.36824,33220.0,4.2,20.9,259.6,-38.4,0.1,-1.0,RS41-SG,404.900,11.7,0,8,2.5,-1,-1
2023-08-06T00:46:25.000Z,U2070979,7910,45.35419,9.36774,33229.1,5.2,19.0,263.8,-38.3,0.0,-1.0,RS41-SG,404.900,10.6,0,8,2.6,-1,-1
2023-08-06T00:46:26.000Z,U2070979,7911,45.35417,9.36750,33234.8,5.9,19.0,266.8,-38.3,0.1,-1.0,RS41-SG,404.900,10.7,0,8,2.6,-1,-1
2023-08-06T00:46:27.000Z,U2070979,7912,45.35417,9.36726,33240.6,5.8,19.1,269.2,-38.2,0.0,-1.0,RS41-SG,404.900,10.7,0,8,2.6,-1,-1
2023-08-06T00:46:28.000Z,U2070979,7913,45.35416,9.36702,33245.9,4.8,19.2,269.2,-38.2,0.1,-1.0,RS41-SG,404.900,11.9,0,8,2.5,-1,-1
2023-08-06T00:46:29.000Z,U2070979,7914,45.35416,9.36678,33250.8,4.9,19.2,267.3,-38.2,0.1,-1.0,RS41-SG,404.900,11.9,0,8,2.5,-1,-1
2023-08-06T00:46:30.000Z,U2070979,7915,45.35415,9.36654,33256.1,5.5,18.5,263.7,-38.2,0.0,-1.0,RS41-SG,404.900,10.5,0,8,2.5,-1,-1
2023-08-06T00:46:31.000Z,U2070979,7916,45.35412,9.36631,33261.7,5.9,17.9,258.8,-38.2,0.1,-1.0,RS41-SG,404.900,11.0,0,8,2.6,-1,-1
2023-08-06T00:46:32.000Z,U2070979,7917,45.35409,9.36609,33267.1,5.0,17.4,254.7,-38.2,0.1,-1.0,RS41-SG,404.900,11.0,0,8,2.6,-1,-1
2023-08-06T00:46:33.000Z,U2070979,7918,45.35404,9.36588,33271.9,4.4,17.1,252.8,-38.2,0.0,-1.0,RS41-SG,404.900,10.8,0,8,2.6,-1,-1
2023-08-06T00:46:34.000Z,U2070979,7919,45.35400,9.36567,33276.8,5.3,17.3,253.9,-38.2,0.0,-1.0,RS41-SG,404.900,10.8,0,8,2.5,-1,-1
2023-08-06T00:46:35.000Z,U2070979,7920,45.35396,9.36546,33282.4,5.7,17.8,258.4,-38.2,0.0,-1.0,RS41-SG,404.900,10.5,0,8,2.5,-1,-1
2023-08-06T00:46:36.000Z,U2070979,7921,45.35393,9.36523,33288.1,5.8,18.5,264.1,-38.2,0.0,-1.0,RS41-SG,404.900,11.7,0,8,2.5,-1,-1
2023-08-06T00:46:37.000Z,U2070979,7922,45.35392,9.36499,33293.3,4.8,19.2,269.1,-38.2,0.0,-1.0,RS41-SG,404.900,11.7,0,8,2.6,-1,-1
2023-08-06T00:46:38.000Z,U2070979,7923,45.35393,9.36475,33297.8,4.1,19.2,273.2,-38.2,0.0,-1.0,RS41-SG,404.900,10.3,0,8,2.6,-1,-1
2023-08-06T00:46:39.000Z,U2070979,7924,45.35394,9.36451,33302.3,4.8,18.4,275.0,-38.2,0.0,-1.0,RS41-SG,404.900,10.8,0,8,2.5,-1,-1
2023-08-06T00:46:42.000Z,U2070979,7927,45.35396,9.36390,33319.6,6.0,13.8,264.9,-38.3,0.1,-1.0,RS41-SG,404.900,11.3,0,8,2.6,-1,-1
2023-08-06T00:46:43.000Z,U2070979,7928,45.35394,9.36373,33324.9,4.6,13.1,258.7,-38.3,0.0,-1.0,RS41-SG,404.900,11.3,0,8,2.5,-1,-1
2023-08-06T00:46:45.000Z,U2070979,7930,45.35387,9.36340,33334.2,5.4,14.6,251.8,-38.2,0.0,-1.0,RS41-SG,404.900,9.9,0,8,2.6,-1,-1
2023-08-06T00:46:46.000Z,U2070979,7931,45.35383,9.36321,33340.1,6.3,16.3,254.2,-38.2,0.0,-1.0,RS41-SG,404.900,9.6,0,8,2.6,-1,-1
2023-08-06T00:46:47.000Z,U2070979,7932,45.35380,9.36300,33345.7,5.2,17.8,257.3,-38.2,0.1,-1.0,RS41-SG,404.900,9.9,0,8,2.5,-1,-1
2023-08-06T00:46:50.000Z,U2070979,7935,45.35372,9.36230,33361.7,5.9,18.2,264.9,-38.1,0.1,-1.0,RS41-SG,404.900,10.6,0,8,2.6,-1,-1
2023-08-06T00:46:52.000Z,U2070979,7937,45.35370,9.36189,33374.6,6.1,14.1,265.0,-38.1,0.0,-1.0,RS41-SG,404.900,10.5,0,8,2.6,-1,-1
2023-08-06T00:46:53.000Z,U2070979,7938,45.35369,9.36172,33379.9,4.6,12.5,264.6,-38.1,0.0,-1.0,RS41-SG,404.900,10.5,0,8,2.5,-1,-1
2023-08-06T00:46:54.000Z,U2070979,7939,45.35368,9.36157,33384.5,4.4,11.2,265.1,-38.1,0.0,-1.0,RS41-SG,404.900,11.1,0,8,2.5,-1,-1
2023-08-06T00:46:55.000Z,U2070979,7940,45.35367,9.36144,33389.2,5.0,10.8,265.0,-38.1,0.1,-1.0,RS41-SG,404.900,11.1,0,8,2.5,-1,-1
2023-08-06T00:46:57.000Z,U2070979,7942,45.35366,9.36114,33400.7,6.0,12.4,266.3,-38.0,0.1,-1.0,RS41-SG,404.900,11.1,0,8,2.6,-1,-1
2023-08-06T00:46:58.000Z,U2070979,7943,45.35365,9.36098,33406.8,5.8,13.8,266.4,-38.0,0.1,-1.0,RS41-SG,404.900,10.5,0,8,2.6,-1,-1
2023-08-06T00:46:59.000Z,U2070979,7944,45.35364,9.36080,33412.6,5.5,14.5,266.9,-38.0,0.0,-1.0,RS41-SG,404.900,10.5,0,8,2.5,-1,-1
2023-08-06T00:47:00.000Z,U2070979,7945,45.35363,9.36061,33418.0,5.2,14.8,265.9,-38.0,0.0,-1.0,RS41-SG,404.900,10.3,0,8,2.5,-1,-1
2023-08-06T00:47:01.000Z,U2070979,7946,45.35362,9.36043,33423.3,5.5,14.3,263.9,-38.0,0.0,-1.0,RS41-SG,404.900,10.6,0,8,2.5,-1,-1
2023-08-06T00:47:04.000Z,U2070979,7949,45.35354,9.35995,33439.8,5.2,12.1,247.7,-38.0,0.1,-1.0,RS41-SG,404.900,11.2,0,8,2.6,-1,-1
2023-08-06T00:47:05.000Z,U2070979,7950,45.35350,9.35981,33445.0,5.2,12.4,242.2,-38.0,0.0,-1.0,RS41-SG,404.900,11.2,0,8,2.5,-1,-1
2023-08-06T00:47:06.000Z,U2070979,7951,45.35344,9.35967,33450.3,5.1,13.3,241.5,-38.0,0.0,-1.0,RS41-SG,404.900,11.3,0,8,2.5,-1,-1
2023-08-06T00:47:09.000Z,U2070979,7954,45.35327,9.35918,33448.0,-13.7,14.4,244.1,-38.0,0.1,-1.0,RS41-SG,404.900,10.3,0,8,2.6,-1,-1
2023-08-06T00:47:11.000Z,U2070979,7956,45.35317,9.35885,33403.5,-30.7,14.1,247.1,-37.9,0.1,-1.0,RS41-SG,404.900,11.6,0,8,2.5,-1,-1
2023-08-06T00:47:12.000Z,U2070979,7957,45.35312,9.35868,33369.8,-38.0,14.4,249.0,-37.7,0.1,-1.0,RS41-SG,404.900,11.0,0,8,2.6,-1,-1
2023-08-06T00:47:13.000Z,U2070979,7958,45.35308,9.35850,33329.5,-43.6,14.4,251.9,-37.5,0.0,-1.0,RS41-SG,404.900,10.5,0,8,2.6,-1,-1
2023-08-06T00:47:14.000Z,U2070979,7959,45.35305,9.35832,33291.5,-31.6,15.7,266.3,-37.6,0.0,-1.0,RS41-SG,404.900,10.9,0,8,2.5,-1,-1
2023-08-06T00:47:15.000Z,U2070979,7960,45.35304,9.35811,33256.1,-38.4,17.0,263.1,-37.7,0.0,-1.0,RS41-SG,404.900,10.9,0,8,2.5,-1,-1
2023-08-06T00:47:16.000Z,U2070979,7961,45.35305,9.35788,33225.9,-23.8,20.4,282.0,-37.8,0.0,-1.0,RS41-SG,404.900,11.5,0,8,2.6,-1,-1
2023-08-06T00:47:17.000Z,U2070979,7962,45.35309,9.35762,33206.5,-22.0,19.7,277.3,-37.8,0.0,-1.0,RS41-SG,404.900,11.5,0,8,2.6,-1,-1
2023-08-06T00:47:18.000Z,U2070979,7963,45.35311,9.35738,33190.0,-21.2,18.5,268.3,-37.9,0.0,-1.0,RS41-SG,404.900,11.5,0,8,2.5,-1,-1
2023-08-06T00:47:19.000Z,U2070979,7964,45.35310,9.35714,33172.9,-22.2,18.2,260.0,-38.0,0.0,-1.0,RS41-SG,404.900,11.5,0,8,2.5,-1,-1
2023-08-06T00:47:20.000Z,U2070979,7965,45.35306,9.35691,33152.6,-21.9,18.8,248.7,-38.0,0.0,-1.0,RS41-SG,404.900,11.0,0,8,2.5,-1,-1
2023-08-06T00:47:21.000Z,U2070979,7966,45.35300,9.35668,33131.2,-24.2,19.5,244.2,-38.0,0.0,-1.0,RS41-SG,404.900,11.5,0,8,2.6,-1,-1
2023-08-06T00:47:23.000Z,U2070979,7968,45.35284,9.35620,33083.0,-25.4,21.8,243.0,-38.0,0.1,-1.0,RS41-SG,404.900,10.1,0,8,2.6,-1,-1
2023-08-06T00:47:24.000Z,U2070979,7969,45.35276,9.35594,33057.0,-27.7,22.0,245.5,-37.9,0.0,-1.0,RS41-SG,404.900,9.9,0,7,2.5,-1,-1
2023-08-06T00:47:25.000Z,U2070979,7970,45.35269,9.35568,33027.1,-32.0,22.5,247.4,-37.8,0.0,-1.0,RS41-SG,404.900,10.3,0,8,2.5,-1,-1
2023-08-06T00:47:26.000Z,U2070979,7971,45.35262,9.35541,32993.6,-35.1,22.5,250.4,-37.7,0.0,-1.0,RS41-SG,404.900,10.3,0,8,2.5,-1,-1
2023-08-06T00:47:27.000Z,U2070979,7972,45.35256,9.35514,32957.8,-37.1,21.9,253.5,-37.7,0.0,-1.0,RS41-SG,404.900,10.9,0,8,2.6,-1,-1
2023-08-06T00:47:28.000Z,U2070979,7973,45.35251,9.35487,32920.1,-38.9,21.4,255.1,-37.7,0.0,-1.0,RS41-SG,404.900,11.9,0,8,2.6,-1,-1
2023-08-06T00:47:29.000Z,U2070979,7974,45.35247,9.35461,32881.8,-38.1,20.2,258.8,-37.8,0.0,-1.0,RS41-SG,404.900,11.9,0,8,2.6,-1,-1
2023-08-06T00:47:30.000Z,U2070979,7975,45.35244,9.35436,32843.8,-38.9,19.5,261.0,-37.9,0.1,-1.0,RS41-SG,404.900,11.3,0,8,2.5,-1,-1
2023-08-06T00:47:31.000Z,U2070979,7976,45.35241,9.35412,32804.9,-39.6,18.4,260.5,-37.9,0.0,-1.0,RS41-SG,404.900,11.4,0,8,2.5,-1,-1
2023-08-06T00:47:32.000Z,U2070979,7977,45.35238,9.35390,32765.3,-40.2,16.9,257.6,-37.9,0.0,-1.0,RS41-SG,404.900,12.4,0,8,2.5,-1,-1
2023-08-06T00:47:33.000Z,U2070979,7978,45.35234,9.35370,32725.9,-38.8,15.9,252.0,-37.9,0.1,-1.0,RS41-SG,404.900,12.4,0,7,2.6,-1,-1
2023-08-06T00:47:34.000Z,U2070979,7979,45.35230,9.35351,32686.8,-39.8,15.3,251.0,-37.9,0.0,-1.0,RS41-SG,404.900,11.5,0,8,2.6,-1,-1
2023-08-06T00:47:35.000Z,U2070979,7980,45.35225,9.35334,32647.1,-39.6,14.2,245.3,-38.0,0.0,-1.0,RS41-SG,404.900,11.1,0,8,2.6,-1,-1
2023-08-06T00:47:36.000Z,U2070979,7981,45.35220,9.35317,32607.5,-40.0,13.9,245.3,-38.2,0.0,-1.0,RS41-SG,404.900,11.1,0,8,2.5,-1,-1
2023-08-06T00:47:37.000Z,U2070979,7982,45.35215,9.35301,32567.3,-41.2,13.0,243.3,-38.4,0.0,-1.0,RS41-SG,404.900,11.1,0,8,2.5,-1,-1
2023-08-06T00:47:38.000Z,U2070979,7983,45.35210,9.35286,32526.5,-40.6,13.1,247.6,-38.7,0.0,-1.0,RS41-SG,404.900,10.5,0,7,2.5,-1,-1
2023-08-06T00:47:39.000Z,U2070979,7984,45.35206,9.35271,32485.8,-41.3,12.6,249.6,-39.1,0.0,-1.0,RS41-SG,404.900,10.5,0,8,2.6,-1,-1
2023-08-06T00:47:41.000Z,U2070979,7986,45.35199,9.35240,32398.7,-45.1,11.9,258.3,-39.7,0.0,-1.0,RS41-SG,404.900,10.6,0,8,2.5,-1,-1
2023-08-06T00:47:42.000Z,U2070979,7987,45.35197,9.35225,32353.6,-45.3,11.6,263.6,-40.1,0.1,-1.0,RS41-SG,404.900,10.6,0,7,2.5,-1,-1
2023-08-06T00:47:43.000Z,U2070979,7988,45.35197,9.35211,32309.6,-43.2,11.3,270.7,-40.3,0.1,-1.0,RS41-SG,404.900,10.9,0,8,2.6,-1,-1
2023-08-06T00:47:44.000Z,U2070979,7989,45.35198,9.35196,32266.7,-42.3,11.4,277.6,-40.4,0.1,-1.0,RS41-SG,404.900,11.5,0,8,2.6,-1,-1
2023-08-06T00:47:46.000Z,U2070979,7991,45.35202,9.35168,32182.2,-42.6,11.2,285.7,-40.5,0.1,-1.0,RS41-SG,404.900,11.3,0,8,2.5,-1,-1
2023-08-06T00:47:47.000Z,U2070979,7992,45.35205,9.35154,32140.1,-43.2,12.1,286.1,-40.5,0.1,-1.0,RS41-SG,404.900,11.3,0,7,2.6,-1,-1
2023-08-06T00:47:48.000Z,U2070979,7993,45.35208,9.35139,32097.5,-44.0,12.1,289.5,-40.5,0.1,-1.0,RS41-SG,404.900,11.3,0,7,2.6,-1,-1
2023-08-06T00:47:49.000Z,U2070979,7994,45.35211,9.35123,32055.1,-42.2,13.9,288.1,-40.5,0.1,-1.0,RS41-SG,404.900,11.3,0,8,2.5,-1,-1
2023-08-06T00:47:50.000Z,U2070979,7995,45.35215,9.35105,32013.0,-42.0,15.1,283.5,-40.6,0.1,-1.0,RS41-SG,404.900,10.8,0,8,2.5,-1,-1
2023-08-06T00:47:51.000Z,U2070979,7996,45.35218,9.35086,31971.1,-42.4,15.8,283.8,-40.7,0.1,-1.0,RS41-SG,404.900,10.8,0,7,2.6,-1,-1
2023-08-06T00:47:52.000Z,U2070979,7997,45.35221,9.35066,31927.9,-42.9,17.3,280.7,-40.9,0.1,-1.0,RS41-SG,404.900,10.8,0,8,2.6,-1,-1
2023-08-06T00:47:53.000Z,U2070979,7998,45.35224,9.35044,31883.8,-44.0,18.2,277.3,-41.0,0.1,-1.0,RS41-SG,404.900,10.4,0,8,2.5,-1,-1
2023-08-06T00:47:54.000Z,U2070979,7999,45.35226,9.35020,31839.4,-44.9,18.8,277.2,-41.0,0.1,-1.0,RS41-SG,404.900,10.4,0,8,2.5,-1,-1
2023-08-06T00:47:55.000Z,U2070979,8000,45.35227,9.34996,31793.9,-46.6,19.3,270.8,-41.0,0.1,-1.0,RS41-SG,404.900,10.1,0,8,2.5,-1,-1
2023-08-06T00:47:56.000Z,U2070979,8001,45.35227,9.34971,31747.8,-45.6,19.3,267.6,-41.2,0.1,-1.0,RS41-SG,404.900,10.1,0,8,2.6,-1,-1
2023-08-06T00:47:57.000Z,U2070979,8002,45.35226,9.34946,31702.6,-47.2,20.1,267.5,-41.2,0.1,-1.0,RS41-SG,404.900,11.0,0,8,2.6,-1,-1
2023-08-06T00:47:59.000Z,U2070979,8004,45.35224,9.34898,31610.0,-47.2,18.6,263.7,-41.2,0.1,-1.0,RS41-SG,404.900,11.8,0,8,2.5,-1,-1
2023-08-06T00:48:00.000Z,U2070979,8005,45.35222,9.34874,31563.0,-47.6,18.3,263.8,-41.2,0.1,-1.0,RS41-SG,404.900,11.8,0,8,2.5,-1,-1
2023-08-06T00:48:01.000Z,U2070979,8006,45.35220,9.34851,31516.6,-44.7,17.5,263.1,-41.3,0.1,-1.0,RS41-SG,404.900,11.3,0,8,2.5,-1,-1
2023-08-06T00:48:03.000Z,U2070979,8008,45.35216,9.34810,31429.1,-43.5,15.2,263.2,-41.8,0.1,-1.0,RS41-SG,404.900,11.1,0,7,2.6,-1,-1
2023-08-06T00:48:05.000Z,U2070979,8010,45.35215,9.34774,31346.5,-40.4,13.8,273.7,-42.1,0.1,-1.0,RS41-SG,404.900,10.9,0,8,2.5,-1,-1
2023-08-06T00:48:06.000Z,U2070979,8011,45.35216,9.34756,31306.9,-40.2,13.5,274.1,-42.3,0.1,-1.0,RS41-SG,404.900,10.3,0,7,2.5,-1,-1
2023-08-06T00:48:07.000Z,U2070979,8012,45.35217,9.34739,31268.0,-37.4,13.0,277.0,-42.4,0.1,-1.0,RS41-SG,404.900,11.3,0,8,2.5,-1,-1
2023-08-06T00:48:08.000Z,U2070979,8013,45.35219,9.34723,31230.8,-37.3,13.0,280.9,-42.3,0.1,-1.0,RS41-SG,404.900,11.8,0,7,2.6,-1,-1
2023-08-06T00:48:09.000Z,U2070979,8014,45.35221,9.34707,31191.8,-39.3,12.5,280.8,-42.2,0.1,-1.0,RS41-SG,404.900,11.8,0,8,2.6,-1,-1
2023-08-06T00:48:10.000Z,U2070979,8015,45.35224,9.34691,31152.2,-40.1,13.5,281.3,-42.3,0.1,-1.0,RS41-SG,404.900,11.1,0,8,2.6,-1,-1
2023-08-06T00:48:11.000Z,U2070979,8016,45.35226,9.34674,31110.8,-42.3,13.3,279.3,-42.2,0.1,-1.0,RS41-SG,404.900,11.2,0,8,2.5,-1,-1
2023-08-06T00:48:12.000Z,U2070979,8017,45.35228,9.34656,31068.7,-42.7,14.3,276.9,-42.2,0.1,-1.0,RS41-SG,404.900,11.9,0,8,2.5,-1,-1
2023-08-06T00:48:13.000Z,U2070979,8018,45.35229,9.34638,31024.6,-44.5,14.7,278.1,-42.2,0.1,-1.0,RS41-SG,404.900,12.1,0,8,2.5,-1,-1
2023-08-06T00:48:14.000Z,U2070979,8019,45.35230,9.34619,30980.1,-45.7,15.5,273.1,-42.3,0.1,-1.0,RS41-SG,404.900,12.1,0,8,2.6,-1,-1
2023-08-06T00:48:15.000Z,U2070979,8020,45.35231,9.34599,30935.7,-43.9,15.9,271.1,-42.4,0.1,-1.0,RS41-SG,404.900,12.0,0,8,2.6,-1,-1
2023-08-06T00:48:16.000Z,U2070979,8021,45.35231,9.34579,30893.0,-42.5,16.4,269.0,-42.4,0.1,-1.0,RS41-SG,404.900,10.7,0,8,2.6,-1,-1
2023-08-06T00:48:17.000Z,U2070979,8022,45.35230,9.34558,30849.4,-45.4,15.7,268.7,-42.3,0.1,-1.0,RS41-SG,404.900,11.5,0,8,2.5,-1,-1
2023-08-06T00:48:18.000Z,U2070979,8023,45.35230,9.34539,30804.5,-45.9,15.5,268.0,-42.2,0.1,-1.0,RS41-SG,404.900,11.5,0,8,2.5,-1,-1
2023-08-06T00:48:19.000Z,U2070979,8024,45.35229,9.34519,30759.0,-46.0,15.4,266.6,-42.2,0.1,-1.0,RS41-SG,404.900,10.9,0,8,2.5,-1,-1
2023-08-06T00:48:20.000Z,U2070979,8025,45.35228,9.34500,30714.4,-43.4,14.3,266.9,-42.2,0.1,-1.0,RS41-SG,404.900,11.7,0,8,2.6,-1,-1
2023-08-06T00:48:22.000Z,U2070979,8027,45.35226,9.34467,30630.2,-41.1,12.1,262.8,-42.8,0.1,-1.0,RS41-SG,404.900,11.5,0,8,2.5,-1,-1
2023-08-06T00:48:23.000Z,U2070979,8028,45.35225,9.34453,30589.6,-41.3,10.9,263.5,-43.1,0.1,-1.0,RS41-SG,404.900,11.2,0,8,2.5,-1,-1
2023-08-06T00:48:24.000Z,U2070979,8029,45.35224,9.34439,30549.9,-40.0,10.3,266.9,-43.5,0.2,-1.0,RS41-SG,404.900,11.2,0,8,2.6,-1,-1
2023-08-06T00:48:26.000Z,U2070979,8031,45.35223,9.34415,30468.5,-40.2,9.4,269.9,-44.4,0.2,-1.0,RS41-SG,404.900,12.4,0,8,2.5,-1,-1
2023-08-06T00:48:27.000Z,U2070979,8032,45.35224,9.34403,30430.5,-37.7,9.1,277.4,-44.6,0.2,-1.0,RS41-SG,404.900,10.6,0,8,2.5,-1,-1
2023-08-06T00:48:28.000Z,U2070979,8033,45.35225,9.34391,30392.5,-37.8,9.8,284.8,-44.7,0.2,-1.0,RS41-SG,404.900,10.6,0,8,2.6,-1,-1
2023-08-06T00:48:29.000Z,U2070979,8034,45.35227,9.34379,30353.5,-39.8,9.5,286.9,-44.8,0.2,-1.0,RS41-SG,404.900,11.1,0,7,2.6,-1,-1
2023-08-06T00:48:30.000Z,U2070979,8035,45.35230,9.34368,30313.6,-40.5,10.7,291.4,-44.7,0.2,-1.0,RS41-SG,404.900,11.1,0,8,2.5,-1,-1
2023-08-06T00:48:31.000Z,U2070979,8036,45.35234,9.34355,30273.8,-39.8,11.0,293.6,-44.6,0.2,-1.0,RS41-SG,404.900,11.5,0,8,2.5,-1,-1
2023-08-06T00:48:32.000Z,U2070979,8037,45.35239,9.34342,30237.4,-33.0,12.2,300.2,-44.5,0.2,-1.0,RS41-SG,404.900,11.5,0,7,2.6,-1,-1
2023-08-06T00:48:33.000Z,U2070979,8038,45.35245,9.34328,30206.8,-31.5,12.9,300.6,-44.4,0.2,-1.0,RS41-SG,404.900,11.1,0,8,2.6,-1,-1
2023-08-06T00:48:35.000Z,U2070979,8040,45.35255,9.34297,30140.2,-33.8,13.9,290.5,-44.1,0.2,-1.0,RS41-SG,404.900,10.0,0,8,2.5,-1,-1
2023-08-06T00:48:38.000Z,U2070979,8043,45.35265,9.34245,30042.0,-32.8,14.4,278.1,-44.3,0.2,-1.0,RS41-SG,404.900,10.9,0,7,2.6,-1,-1
2023-08-06T00:48:39.000Z,U2070979,8044,45.35267,9.34228,30008.7,-34.3,13.4,277.2,-44.3,0.2,-1.0,RS41-SG,404.900,10.9,0,8,2.6,-1,-1
2023-08-06T00:48:40.000Z,U2070979,8045,45.35268,9.34211,29974.2,-35.0,14.1,270.9,-44.2,0.2,-1.0,RS41-SG,404.900,10.9,0,8,2.5,-1,-1
2023-08-06T00:48:41.000Z,U2070979,8046,45.35268,9.34194,29938.2,-36.4,13.0,270.9,-44.2,0.2,-1.0,RS41-SG,404.900,11.2,0,8,2.5,-1,-1
2023-08-06T00:48:42.000Z,U2070979,8047,45.35269,9.34178,29903.5,-32.2,12.4,270.8,-44.3,0.2,-1.0,RS41-SG,404.900,11.2,0,7,2.5,-1,-1
2023-08-06T00:48:43.000Z,U2070979,8048,45.35269,9.34162,29870.1,-33.8,12.1,269.3,-44.4,0.2,-1.0,RS41-SG,404.900,11.4,0,7,2.6,-1,-1
2023-08-06T00:48:46.000Z,U2070979,8051,45.35272,9.34120,29767.0,-33.3,10.0,281.5,-44.8,0.2,-1.0,RS41-SG,404.900,10.4,0,8,2.5,-1,-1
2023-08-06T00:48:48.000Z,U2070979,8053,45.35277,9.34095,29701.5,-32.5,10.1,287.6,-45.1,0.2,-1.0,RS41-SG,404.900,11.1,0,8,2.5,-1,-1
2023-08-06T00:48:49.000Z,U2070979,8054,45.35280,9.34082,29669.0,-33.4,11.2,288.7,-45.4,0.2,-1.0,RS41-SG,404.900,11.1,0,7,2.6,-1,-1
2023-08-06T00:48:50.000Z,U2070979,8055,45.35283,9.34068,29636.0,-33.4,11.3,289.7,-45.7,0.2,-1.0,RS41-SG,404.900,10.2,0,8,2.6,-1,-1
2023-08-06T00:48:51.000Z,U2070979,8056,45.35287,9.34054,29601.9,-35.2,12.1,289.2,-45.8,0.2,-1.0,RS41-SG,404.900,10.5,0,7,2.6,-1,-1
2023-08-06T00:48:52.000Z,U2070979,8057,45.35291,9.34039,29567.4,-33.8,13.7,288.8,-45.8,0.2,-1.0,RS41-SG,404.900,10.5,0,8,2.5,-1,-1
2023-08-06T00:48:53.000Z,U2070979,8058,45.35294,9.34022,29533.4,-34.8,13.5,288.9,-45.7,0.2,-1.0,RS41-SG,404.900,11.0,0,7,2.5,08:28:45,-1
2023-08-06T00:48:54.000Z,U2070979,8059,45.35298,9.34005,29498.5,-35.4,14.7,287.8,-45.6,0.2,-1.0,RS41-SG,404.900,11.0,0,7,2.5,08:28:45,-1
2023-08-06T00:48:55.000Z,U2070979,8060,45.35302,9.33987,29463.0,-36.0,14.6,285.3,-45.5,0.2,-1.0,RS41-SG,404.900,11.2,0,8,2.6,08:28:45,-1
2023-08-06T00:48:56.000Z,U2070979,8061,45.35306,9.33969,29428.0,-35.4,14.3,286.4,-45.4,0.2,-1.0,RS41-SG,404.900,11.7,0,8,2.6,08:28:45,-1
2023-08-06T00:48:57.000Z,U2070979,8062,45.35309,9.33952,29393.8,-34.1,14.4,285.2,-45.3,0.2,-1.0,RS41-SG,404.900,11.7,0,8,2.6,08:28:45,-1
2023-08-06T00:48:58.000Z,U2070979,8063,45.35312,9.33934,29360.2,-33.1,14.1,284.2,-45.3,0.2,-1.0,RS41-SG,404.900,11.1,0,7,2.5,08:28:45,-1
2023-08-06T00:48:59.000Z,U2070979,8064,45.35315,9.33916,29328.4,-30.2,14.1,281.7,-45.4,0.2,-1.0,RS41-SG,404.900,11.1,0,8,2.5,08:28:45,-1
2023-08-06T00:49:01.000Z,U2070979,8066,45.35320,9.33881,29271.1,-28.5,14.5,281.8,-46.0,0.2,-1.0,RS41-SG,404.900,11.5,0,8,2.6,08:28:45,-1
2023-08-06T00:49:02.000Z,U2070979,8067,45.35323,9.33863,29243.2,-29.9,14.5,280.0,-46.2,0.3,-1.0,RS41-SG,404.900,12.4,0,8,2.6,08:28:45,-1
2023-08-06T00:49:03.000Z,U2070979,8068,45.35325,9.33844,29213.2,-31.4,14.3,279.1,-46.3,0.2,-1.0,RS41-SG,404.900,12.4,0,8,2.6,08:28:45,-1
2023-08-06T00:49:04.000Z,U2070979,8069,45.35327,9.33826,29182.1,-30.5,14.9,278.6,-46.5,0.2,-1.0,RS41-SG,404.900,11.5,0,8,2.5,08:28:45,-1
2023-08-06T00:49:05.000Z,U2070979,8070,45.35329,9.33807,29150.5,-32.8,15.3,277.0,-46.7,0.3,-1.0,RS41-SG,404.900,12.1,0,8,2.5,08:28:45,-1
2023-08-06T00:49:06.000Z,U2070979,8071,45.35331,9.33787,29116.5,-35.1,15.5,279.1,-46.8,0.2,-1.0,RS41-SG,404.900,12.1,0,8,2.5,08:28:45,-1
2023-08-06T00:49:07.000Z,U2070979,8072,45.35333,9.33768,29081.8,-33.9,15.1,279.8,-46.7,0.2,-1.0,RS41-SG,404.900,10.7,0,7,2.6,08:28:45,-1
2023-08-06T00:49:08.000Z,U2070979,8073,45.35335,9.33749,29048.3,-33.9,15.0,277.9,-46.8,0.2,-1.0,RS41-SG,404.900,11.5,0,7,2.6,08:28:45,-1
2023-08-06T00:49:10.000Z,U2070979,8075,45.35339,9.33713,28979.9,-36.2,14.6,279.8,-47.0,0.2,-1.0,RS41-SG,404.900,11.6,0,8,2.5,08:28:45,-1
2023-08-06T00:49:11.000Z,U2070979,8076,45.35341,9.33695,28944.0,-35.8,13.4,278.7,-47.1,0.2,-1.0,RS41-SG,404.900,12.4,0,8,2.6,08:28:45,-1
2023-08-06T00:49:12.000Z,U2070979,8077,45.35343,9.33678,28908.0,-37.2,13.8,276.1,-47.1,0.3,-1.0,RS41-SG,404.900,12.4,0,8,2.6,08:28:45,-1
2023-08-06T00:49:13.000Z,U2070979,8078,45.35344,9.33661,28871.6,-36.1,13.7,273.0,-47.0,0.2,-1.0,RS41-SG,404.900,12.2,0,7,2.5,08:28:45,-1
2023-08-06T00:49:14.000Z,U2070979,8079,45.35344,9.33644,28835.2,-35.8,12.8,270.2,-47.0,0.3,-1.0,RS41-SG,404.900,12.2,0,8,2.5,08:28:45,-1
2023-08-06T00:49:15.000Z,U2070979,8080,45.35344,9.33628,28802.2,-32.2,12.0,267.9,-47.0,0.3,-1.0,RS41-SG,404.900,12.1,0,8,2.6,08:28:45,-1
2023-08-06T00:49:16.000Z,U2070979,8081,45.35344,9.33612,28770.6,-31.5,12.6,267.6,-47.1,0.3,-1.0,RS41-SG,404.900,11.2,0,7,2.6,08:28:45,-1
2023-08-06T00:49:17.000Z,U2070979,8082,45.35343,9.33597,28739.5,-31.1,12.2,262.6,-47.1,0.2,-1.0,RS41-SG,404.900,11.6,0,8,2.5,08:28:45,-1
2023-08-06T00:49:18.000Z,U2070979,8083,45.35342,9.33581,28708.4,-31.3,11.9,265.2,-47.2,0.2,-1.0,RS41-SG,404.900,11.6,0,7,2.5,08:28:45,-1
2023-08-06T00:49:19.000Z,U2070979,8084,45.35341,9.33566,28676.9,-31.4,11.6,264.4,-47.2,0.3,-1.0,RS41-SG,404.900,11.1,0,8,2.6,08:28:45,-1
2023-08-06T00:49:20.000Z,U2070979,8085,45.35340,9.33551,28646.1,-31.0,12.1,267.0,-47.3,0.3,-1.0,RS41-SG,404.900,10.8,0,8,2.6,08:28:45,-1
2023-08-06T00:49:22.000Z,U2070979,8087,45.35339,9.33522,28586.5,-30.4,11.9,270.0,-47.3,0.3,-1.0,RS41-SG,404.900,11.2,0,7,2.5,08:28:45,-1
2023-08-06T00:49:23.000Z,U2070979,8088,45.35339,9.33507,28556.8,-29.8,12.0,268.1,-47.2,0.3,-1.0,RS41-SG,404.900,11.0,0,8,2.6,08:28:45,-1
2023-08-06T00:49:24.000Z,U2070979,8089,45.35339,9.33491,28527.4,-28.7,12.6,271.7,-47.2,0.3,-1.0,RS41-SG,404.900,11.0,0,8,2.6,08:28:45,-1
2023-08-06T00:49:26.000Z,U2070979,8091,45.35337,9.33458,28471.1,-29.8,13.5,265.5,-47.3,0.3,-1.0,RS41-SG,404.900,11.7,0,8,2.5,08:28:45,-1
2023-08-06T00:49:27.000Z,U2070979,8092,45.35336,9.33440,28441.3,-30.1,13.9,262.6,-47.2,0.3,-1.0,RS41-SG,404.900,10.2,0,8,2.5,08:28:45,-1
2023-08-06T00:49:28.000Z,U2070979,8093,45.35335,9.33423,28411.3,-31.1,14.1,262.6,-47.2,0.3,-1.0,RS41-SG,404.900,11.4,0,8,2.6,08:28:45,-1
2023-08-06T00:49:29.000Z,U2070979,8094,45.35333,9.33405,28380.4,-30.9,14.4,258.5,-47.2,0.3,-1.0,RS41-SG,404.900,11.4,0,8,2.6,08:28:45,-1
2023-08-06T00:49:30.000Z,U2070979,8095,45.35330,9.33387,28350.7,-29.2,13.9,259.9,-47.2,0.3,-1.0,RS41-SG,404.900,11.3,0,8,2.6,08:28:45,-1
2023-08-06T00:49:32.000Z,U2070979,8097,45.35325,9.33354,28291.3,-30.2,13.0,255.8,-47.4,0.3,-1.0,RS41-SG,404.900,10.5,0,8,2.5,08:28:45,-1
2023-08-06T00:49:33.000Z,U2070979,8098,45.35322,9.33339,28260.5,-30.3,12.5,253.2,-47.3,0.3,-1.0,RS41-SG,404.900,10.4,0,8,2.5,08:28:45,-1
2023-08-06T00:49:34.000Z,U2070979,8099,45.35319,9.33324,28230.8,-30.2,10.9,250.6,-47.4,0.3,-1.0,RS41-SG,404.900,10.7,0,8,2.6,08:28:45,-1
2023-08-06T00:49:35.000Z,U2070979,8100,45.35315,9.33311,28200.7,-30.0,10.9,248.1,-47.5,0.3,-1.0,RS41-SG,404.900,10.8,0,7,2.6,08:28:45,-1
2023-08-06T00:49:36.000Z,U2070979,8101,45.35312,9.33299,28171.5,-28.3,10.1,250.2,-47.6,0.3,-1.0,RS41-SG,404.900,10.8,0,8,2.6,08:28:45,-1
2023-08-06T00:49:37.000Z,U2070979,8102,45.35309,9.33288,28143.5,-29.1,9.6,250.4,-47.7,0.3,-1.0,RS41-SG,404.900,11.5,0,7,2.5,08:28:45,-1
2023-08-06T00:49:38.000Z,U2070979,8103,45.35306,9.33276,28115.0,-29.3,10.1,249.3,-47.9,0.3,-1.0,RS41-SG,404.900,11.5,0,7,2.5,08:28:45,-1
2023-08-06T00:49:39.000Z,U2070979,8104,45.35303,9.33264,28085.5,-29.9,9.4,253.5,-48.2,0.3,-1.0,RS41-SG,404.900,10.2,0,7,2.5,08:28:45,-1
2023-08-06T00:49:40.000Z,U2070979,8105,45.35301,9.33252,28054.3,-31.7,9.9,260.2,-48.4,0.3,-1.0,RS41-SG,404.900,10.2,0,8,2.6,08:28:45,-1
2023-08-06T00:49:41.000Z,U2070979,8106,45.35300,9.33239,28022.0,-33.3,10.1,260.3,-48.6,0.3,-1.0,RS41-SG,404.900,10.9,0,8,2.6,08:28:45,-1
2023-08-06T00:49:42.000Z,U2070979,8107,45.35299,9.33227,27988.5,-34.1,10.1,267.7,-48.7,0.3,-1.0,RS41-SG,404.900,11.0,0,8,2.6,08:28:45,-1
2023-08-06T00:49:43.000Z,U2070979,8108,45.35299,9.33214,27955.5,-33.4,10.3,272.2,-49.0,0.3,-1.0,RS41-SG,404.900,11.0,0,8,2.5,08:28:45,-1
2023-08-06T00:49:45.000Z,U2070979,8110,45.35301,9.33186,27890.0,-33.2,11.4,280.1,-49.3,0.3,-1.0,RS41-SG,404.900,12.3,0,8,2.5,08:28:45,-1
2023-08-06T00:49:47.000Z,U2070979,8112,45.35306,9.33159,27824.4,-33.0,10.9,284.3,-49.3,0.3,-1.0,RS41-SG,404.900,10.9,0,8,2.6,08:28:45,-1
2023-08-06T00:49:48.000Z,U2070979,8113,45.35308,9.33144,27792.2,-32.9,11.9,283.3,-49.2,0.3,-1.0,RS41-SG,404.900,11.7,0,8,2.6,08:28:45,-1
2023-08-06T00:49:49.000Z,U2070979,8114,45.35310,9.33129,27758.6,-35.6,12.3,280.6,-49.1,0.3,-1.0,RS41-SG,404.900,11.7,0,7,2.5,08:28:45,-1
2023-08-06T00:49:50.000Z,U2070979,8115,45.35312,9.33114,27724.1,-34.4,12.0,279.6,-49.1,0.3,-1.0,RS41-SG,404.900,11.7,0,8,2.5,08:28:45,-1
2023-08-06T00:49:51.000Z,U2070979,8116,45.35314,9.33099,27688.9,-35.7,12.9,278.3,-49.1,0.3,-1.0,RS41-SG,404.900,11.7,0,8,2.5,08:28:45,-1
2023-08-06T00:49:52.000Z,U2070979,8117,45.35315,9.33082,27655.1,-31.9,13.6,274.8,-49.0,0.3,-1.0,RS41-SG,404.900,9.8,0,8,2.6,08:28:45,-1
2023-08-06T00:49:53.000Z,U2070979,8118,45.35316,9.33064,27624.7,-29.8,14.8,272.7,-49.0,0.3,-1.0,RS41-SG,404.900,10.1,0,7,2.6,08:28:45,-1
2023-08-06T00:49:58.000Z,U2070979,8123,45.35313,9.32966,27467.0,-30.5,16.6,260.3,-48.6,0.3,-1.0,RS41-SG,404.900,9.6,0,7,2.6,08:28:45,-1
2023-08-06T00:49:59.000Z,U2070979,8124,45.35310,9.32945,27437.0,-30.2,16.4,261.6,-48.5,0.3,-1.0,RS41-SG,404.900,9.5,0,7,2.6,08:28:45,-1
2023-08-06T00:50:01.000Z,U2070979,8126,45.35304,9.32905,27374.0,-31.7,15.8,259.2,-48.5,0.3,-1.0,RS41-SG,404.900,9.2,0,7,2.5,08:28:45,-1
2023-08-06T00:50:03.000Z,U2070979,8128,45.35298,9.32867,27311.1,-31.8,14.8,254.9,-48.4,0.3,-1.0,RS41-SG,404.900,10.4,0,8,2.6,08:28:45,-1
2023-08-06T00:50:05.000Z,U2070979,8130,45.35292,9.32834,27247.9,-32.5,12.4,256.9,-48.4,0.3,-1.0,RS41-SG,404.900,10.3,0,8,2.5,08:28:45,-1
2023-08-06T00:50:06.000Z,U2070979,8131,45.35290,9.32820,27215.7,-33.0,11.4,257.7,-48.3,0.3,-1.0,RS41-SG,404.900,10.3,0,7,2.6,08:28:45,-1
2023-08-06T00:50:07.000Z,U2070979,8132,45.35289,9.32806,27183.0,-32.6,11.2,260.5,-48.3,0.3,-1.0,RS41-SG,404.900,10.2,0,8,2.6,08:28:45,-1
2023-08-06T00:50:10.000Z,U2070979,8135,45.35285,9.32766,27090.2,-30.6,10.5,262.5,-48.1,0.3,-1.0,RS41-SG,404.900,9.6,0,7,2.6,08:28:45,-1
2023-08-06T00:50:13.000Z,U2070979,8138,45.35282,9.32725,27005.2,-30.1,11.3,258.3,-48.0,0.3,-1.0,RS41-SG,404.900,9.7,0,7,2.5,08:28:45,-1
2023-08-06T00:50:14.000Z,U2070979,8139,45.35279,9.32711,26975.5,-28.8,11.4,253.3,-48.1,0.3,-1.0,RS41-SG,404.900,9.5,0,8,2.5,08:28:45,-1
2023-08-06T00:50:15.000Z,U2070979,8140,45.35277,9.32697,26947.7,-26.6,11.2,254.4,-48.2,0.3,-1.0,RS41-SG,404.900,9.5,0,7,2.6,08:28:45,-1
2023-08-06T00:50:17.000Z,U2070979,8142,45.35271,9.32670,26897.0,-26.8,11.4,252.0,-48.2,0.3,-1.0,RS41-SG,404.900,9.9,0,8,2.6,08:28:45,-1
2023-08-06T00:50:18.000Z,U2070979,8143,45.35268,9.32657,26870.4,-26.5,10.8,254.5,-48.1,0.3,-1.0,RS41-SG,404.900,9.9,0,8,2.5,08:28:45,-1
2023-08-06T00:50:19.000Z,U2070979,8144,45.35266,9.32644,26843.9,-26.5,9.8,254.7,-48.1,0.3,-1.0,RS41-SG,404.900,9.8,0,8,2.5,08:28:45,-1
2023-08-06T00:50:20.000Z,U2070979,8145,45.35264,9.32633,26817.0,-28.3,9.5,260.5,-48.2,0.3,-1.0,RS41-SG,404.900,9.8,0,8,2.5,08:28:45,-1
2023-08-06T00:50:21.000Z,U2070979,8146,45.35263,9.32621,26787.9,-30.3,8.6,262.5,-48.0,0.3,-1.0,RS41-SG,404.900,8.3,0,8,2.6,08:28:45,-1
2023-08-06T00:50:22.000Z,U2070979,8147,45.35262,9.32610,26757.0,-32.0,9.0,268.0,-48.0,0.3,-1.0,RS41-SG,404.900,8.8,0,8,2.6,08:28:45,-1
2023-08-06T00:50:24.000Z,U2070979,8149,45.35262,9.32588,26693.1,-32.5,9.0,268.3,-47.9,0.3,-1.0,RS41-SG,404.900,8.8,0,8,2.5,08:28:45,-1
2023-08-06T00:50:30.000Z,U2070979,8155,45.35263,9.32515,26518.4,-27.3,9.8,268.8,-48.5,0.3,-1.0,RS41-SG,404.900,8.8,0,7,2.5,08:28:45,-1
