timestamp,serial,frame,lat,lon,alt,vel_v,vel_h,heading,temp,humidity,pressure,type,freq_mhz,snr,f_error_hz,sats,batt_v,burst_timer,aux_data
2023-10-10T00:17:47.001Z,T3130424,6193,45.20184,9.12562,26861.8,5.8,13.0,87.9,-273.0,-1.0,-1.0,RS41,404.900,7.8,187,10,2.5,-1,-1
2023-10-10T00:17:48.001Z,T3130424,6194,45.20184,9.12579,26866.7,3.6,14.4,92.0,-273.0,-1.0,-1.0,RS41,404.900,7.8,187,10,2.5,-1,-1
2023-10-10T00:17:49.001Z,T3130424,6195,45.20183,9.12598,26870.6,4.1,15.6,95.4,-273.0,-1.0,-1.0,RS41,404.900,7.8,187,10,2.5,-1,-1
2023-10-10T00:17:50.001Z,T3130424,6196,45.20181,9.12618,26875.4,5.7,15.9,96.4,-273.0,-1.0,-1.0,RS41,404.900,8.2,187,10,2.5,-1,-1
2023-10-10T00:17:52.001Z,T3130424,6198,45.20178,9.12657,26885.6,3.9,14.8,95.0,-273.0,-1.0,-1.0,RS41,404.900,7.4,187,10,2.6,-1,-1
2023-10-10T00:17:53.001Z,T3130424,6199,45.20178,9.12676,26890.3,5.5,14.4,92.3,-273.0,-1.0,-1.0,RS41,404.900,7.7,187,10,2.6,-1,-1
2023-10-10T00:17:54.001Z,T3130424,6200,45.20177,9.12694,26895.9,5.5,14.6,92.2,-273.0,-1.0,-1.0,RS41,404.900,7.7,187,10,2.5,-1,-1
2023-10-10T00:17:55.001Z,T3130424,6201,45.20177,9.12712,26900.8,4.2,14.3,90.7,-273.0,-1.0,-1.0,RS41,404.900,8.0,187,10,2.5,-1,-1
2023-10-10T00:17:56.001Z,T3130424,6202,45.20177,9.12730,26905.6,5.6,13.6,88.9,-273.0,-1.0,-1.0,RS41,404.900,8.0,187,10,2.5,-1,-1
2023-10-10T00:17:57.001Z,T3130424,6203,45.20177,9.12746,26911.4,6.2,12.4,86.0,-273.0,-1.0,-1.0,RS41,404.900,7.9,187,10,2.5,-1,-1
2023-10-10T00:17:59.001Z,T3130424,6205,45.20179,9.12776,26921.1,5.6,11.1,88.4,-273.0,-1.0,-1.0,RS41-SG,404.900,7.4,187,10,2.6,-1,-1
2023-10-10T00:18:00.001Z,T3130424,6206,45.20179,9.12790,26927.3,6.7,11.4,95.4,-273.0,-1.0,-1.0,RS41-SG,404.900,8.7,187,10,2.5,-1,-1
2023-10-10T00:18:02.001Z,T3130424,6208,45.20174,9.12821,26937.6,4.3,13.2,106.9,-273.0,-1.0,-1.0,RS41-SG,404.900,8.5,187,10,2.5,-1,-1
2023-10-10T00:18:03.001Z,T3130424,6209,45.20170,9.12837,26942.6,5.5,13.6,110.3,-273.0,-1.0,-1.0,RS41-SG,404.900,8.5,187,10,2.6,-1,-1
2023-10-10T00:18:05.001Z,T3130424,6211,45.20162,9.12868,26953.6,4.8,13.1,110.5,-273.0,-1.0,-1.0,RS41-SG,404.900,7.6,187,10,2.5,-1,-1
2023-10-10T00:18:07.001Z,T3130424,6213,45.20154,9.12901,26964.0,5.7,14.0,106.9,-273.0,-1.0,-1.0,RS41-SG,404.900,7.9,187,10,2.5,-1,-1
2023-10-10T00:18:08.001Z,T3130424,6214,45.20150,9.12918,26969.7,5.9,14.8,106.4,-273.0,-1.0,-1.0,RS41-SG,404.900,7.9,187,10,2.6,-1,-1
2023-10-10T00:18:10.001Z,T3130424,6216,45.20143,9.12954,26980.3,5.3,14.2,104.1,-273.0,-1.0,-1.0,RS41-SG,404.900,7.3,187,10,2.5,-1,-1
2023-10-10T00:18:12.001Z,T3130424,6218,45.20139,9.12986,26992.2,5.7,11.6,96.0,-273.0,-1.0,-1.0,RS41-SG,404.900,8.2,187,10,2.5,-1,-1
2023-10-10T00:18:13.001Z,T3130424,6219,45.20138,9.13001,26996.9,3.7,10.9,93.2,-273.0,-1.0,-1.0,RS41-SG,404.900,8.2,187,10,2.5,-1,-1
2023-10-10T00:18:14.001Z,T3130424,6220,45.20138,9.13014,27000.8,4.3,10.9,92.0,-273.0,-1.0,-1.0,RS41-SG,404.900,7.9,187,10,2.6,-1,-1
2023-10-10T00:18:16.001Z,T3130424,6222,45.20136,9.13045,27011.9,6.5,13.7,96.5,-273.0,-1.0,-1.0,RS41-SG,404.900,7.9,187,10,2.6,-1,-1
2023-10-10T00:18:18.001Z,T3130424,6224,45.20132,9.13082,27022.0,4.3,16.0,100.6,-273.0,-1.0,-1.0,RS41-SG,404.900,7.7,187,10,2.5,-1,-1
2023-10-10T00:18:22.001Z,T3130424,6228,45.20124,9.13158,27043.1,4.9,13.9,92.4,-273.0,-1.0,-1.0,RS41-SG,404.900,7.7,187,10,2.6,-1,-1
2023-10-10T00:18:23.001Z,T3130424,6229,45.20124,9.13176,27048.3,5.6,14.2,89.4,-273.0,-1.0,-1.0,RS41-SG,404.900,8.4,187,10,2.5,-1,-1
2023-10-10T00:18:24.001Z,T3130424,6230,45.20124,9.13194,27054.1,6.0,14.8,87.9,-273.0,-1.0,-1.0,RS41-SG,404.900,8.4,187,10,2.5,-1,-1
2023-10-10T00:18:25.001Z,T3130424,6231,45.20125,9.13213,27059.4,4.9,15.2,87.5,-273.0,-1.0,-1.0,RS41-SG,404.900,8.0,187,10,2.5,-1,-1
2023-10-10T00:18:27.001Z,T3130424,6233,45.20125,9.13251,27069.3,5.4,14.4,88.6,-273.0,-1.0,-1.0,RS41-SG,404.900,8.2,187,10,2.6,-1,-1
2023-10-10T00:18:28.001Z,T3130424,6234,45.20126,9.13269,27075.4,6.7,13.2,88.9,-273.0,-1.0,-1.0,RS41-SG,404.900,8.2,187,10,2.5,-1,-1
2023-10-10T00:18:29.001Z,T3130424,6235,45.20126,9.13285,27081.4,5.0,12.3,91.3,-273.0,-1.0,-1.0,RS41-SG,404.900,8.2,187,10,2.5,-1,-1
2023-10-10T00:18:30.001Z,T3130424,6236,45.20125,9.13300,27086.6,5.1,12.1,95.4,-273.0,-1.0,-1.0,RS41-SG,404.900,7.5,187,10,2.5,-1,-1
2023-10-10T00:18:33.001Z,T3130424,6239,45.20118,9.13352,27103.6,4.3,16.0,102.8,-273.0,-1.0,-1.0,RS41-SG,404.900,7.6,187,10,2.5,-1,-1
2023-10-10T00:18:34.001Z,T3130424,6240,45.20115,9.13373,27107.7,3.9,17.0,101.2,-273.0,-1.0,-1.0,RS41-SG,404.900,8.5,187,10,2.5,-1,-1
2023-10-10T00:18:35.001Z,T3130424,6241,45.20112,9.13394,27112.7,6.1,17.3,98.3,-273.0,-1.0,-1.0,RS41-SG,404.900,8.5,187,10,2.5,-1,-1
2023-10-10T00:18:38.001Z,T3130424,6244,45.20110,9.13457,27130.2,6.4,16.5,88.9,-273.0,-1.0,-1.0,RS41-SG,404.900,7.5,187,10,2.6,-1,-1
2023-10-10T00:18:40.001Z,T3130424,6246,45.20110,9.13501,27142.6,4.7,17.6,89.9,-273.0,-1.0,-1.0,RS41-SG,404.900,7.2,187,10,2.5,-1,-1
2023-10-10T00:18:42.001Z,T3130424,6248,45.20110,9.13544,27153.6,6.8,16.5,93.5,-273.0,-1.0,-1.0,RS41-SG,404.900,8.4,187,10,2.5,-1,-1
2023-10-10T00:18:43.001Z,T3130424,6249,45.20109,9.13565,27159.8,5.8,15.6,95.1,-273.0,-1.0,-1.0,RS41-SG,404.900,7.9,187,10,2.5,-1,-1
2023-10-10T00:18:44.001Z,T3130424,6250,45.20107,9.13584,27165.8,6.3,15.3,96.8,-273.0,-1.0,-1.0,RS41-SG,404.900,7.9,187,10,2.6,-1,-1
2023-10-10T00:18:47.001Z,T3130424,6253,45.20100,9.13646,27184.8,4.7,18.2,99.9,-273.0,-1.0,-1.0,RS41-SG,404.900,8.5,187,10,2.5,-1,-1
2023-10-10T00:18:48.001Z,T3130424,6254,45.20097,9.13669,27189.9,5.7,18.7,98.6,-273.0,-1.0,-1.0,RS41-SG,404.900,8.5,187,10,2.5,-1,-1
2023-10-10T00:18:49.001Z,T3130424,6255,45.20095,9.13693,27196.2,7.0,18.4,96.5,-273.0,-1.0,-1.0,RS41-SG,404.900,8.5,187,10,2.6,-1,-1
2023-10-10T00:18:50.001Z,T3130424,6256,45.20093,9.13716,27202.6,6.0,18.0,94.4,-273.0,-1.0,-1.0,RS41-SG,404.900,8.4,187,10,2.6,-1,-1
2023-10-10T00:18:52.001Z,T3130424,6258,45.20092,9.13762,27214.7,6.9,18.6,90.3,-273.0,-1.0,-1.0,RS41-SG,404.900,8.2,187,10,2.5,-1,-1
2023-10-10T00:18:53.001Z,T3130424,6259,45.20092,9.13786,27221.5,6.4,19.4,90.3,-273.0,-1.0,-1.0,RS41-SG,404.900,7.5,187,10,2.5,-1,-1
2023-10-10T00:18:54.001Z,T3130424,6260,45.20092,9.13811,27227.6,6.0,19.8,92.1,-273.0,-1.0,-1.0,RS41-SG,404.900,8.0,187,10,2.6,-1,-1
2023-10-10T00:18:55.001Z,T3130424,6261,45.20091,9.13835,27234.0,7.2,19.5,94.5,-273.0,-1.0,-1.0,RS41-SG,404.900,8.9,187,10,2.6,-1,-1
2023-10-10T00:18:57.001Z,T3130424,6263,45.20086,9.13882,27247.7,5.3,17.5,100.9,-273.0,-1.0,-1.0,RS41-SG,404.900,8.9,187,10,2.5,-1,-1
2023-10-10T00:18:58.001Z,T3130424,6264,45.20083,9.13903,27253.7,6.5,17.1,104.6,-273.0,-1.0,-1.0,RS41-SG,404.900,8.9,187,10,2.5,-1,-1
2023-10-10T00:18:59.001Z,T3130424,6265,45.20078,9.13924,27260.8,7.6,17.8,107.2,-273.0,-1.0,-1.0,RS41-SG,404.900,8.9,187,10,2.5,-1,-1
2023-10-10T00:19:00.001Z,T3130424,6266,45.20073,9.13946,27267.3,5.6,18.8,107.5,-273.0,-1.0,-1.0,RS41-SG,404.900,8.1,187,10,2.6,-1,-1
2023-10-10T00:19:02.001Z,T3130424,6268,45.20063,9.13993,27278.5,6.5,19.7,105.9,-273.0,-1.0,-1.0,RS41-SG,404.900,8.1,187,10,2.6,-1,-1
2023-10-10T00:19:03.001Z,T3130424,6269,45.20059,9.14017,27285.8,7.5,19.1,103.2,-273.0,-1.0,-1.0,RS41-SG,404.900,8.2,187,10,2.5,-1,-1
2023-10-10T00:19:04.001Z,T3130424,6270,45.20056,9.14041,27293.3,7.1,18.8,99.5,-273.0,-1.0,-1.0,RS41-SG,404.900,8.3,187,10,2.5,-1,-1
2023-10-10T00:19:05.001Z,T3130424,6271,45.20053,9.14064,27300.3,6.7,19.2,94.7,-273.0,-1.0,-1.0,RS41-SG,404.900,8.3,187,10,2.5,-1,-1
2023-10-10T00:19:07.001Z,T3130424,6273,45.20053,9.14115,27314.0,7.6,21.2,88.1,-273.0,-1.0,-1.0,RS41-SG,404.900,9.2,187,10,2.6,-1,-1
2023-10-10T00:19:08.001Z,T3130424,6274,45.20054,9.14143,27321.1,6.6,21.7,88.6,-273.0,-1.0,-1.0,RS41-SG,404.900,9.2,187,10,2.6,-1,-1
2023-10-10T00:19:09.001Z,T3130424,6275,45.20054,9.14170,27327.4,6.3,21.5,91.4,-273.0,-1.0,-1.0,RS41-SG,404.900,8.8,187,10,2.5,-1,-1
2023-10-10T00:19:10.001Z,T3130424,6276,45.20052,9.14196,27334.6,7.7,20.3,97.2,-273.0,-1.0,-1.0,RS41-SG,404.900,9.6,187,10,2.5,-1,-1
2023-10-10T00:19:12.001Z,T3130424,6278,45.20044,9.14243,27349.1,5.8,18.3,109.8,-55.5,-1.0,-1.0,RS41-SG,404.900,7.9,187,10,2.6,-1,-1
2023-10-10T00:19:13.001Z,T3130424,6279,45.20038,9.14265,27355.2,6.5,18.6,115.4,-55.6,-1.0,-1.0,RS41-SG,404.900,7.8,187,10,2.6,-1,-1
2023-10-10T00:19:15.001Z,T3130424,6281,45.20022,9.14310,27370.0,7.6,21.4,114.1,-55.5,-1.0,-1.0,RS41-SG,404.900,8.7,187,10,2.5,-1,-1
2023-10-10T00:19:17.001Z,T3130424,6283,45.20008,9.14364,27383.1,6.9,23.6,107.5,-55.2,-1.0,-1.0,RS41-SG,404.900,8.7,187,10,2.6,-1,-1
2023-10-10T00:19:18.001Z,T3130424,6284,45.20002,9.14393,27390.7,8.5,24.0,104.6,-55.1,-1.0,-1.0,RS41-SG,404.900,8.7,187,10,2.6,-1,-1
2023-10-10T00:19:19.001Z,T3130424,6285,45.19997,9.14422,27398.6,7.5,23.6,101.9,-55.0,-1.0,-1.0,RS41-SG,404.900,7.8,187,10,2.5,-1,-1
2023-10-10T00:19:20.001Z,T3130424,6286,45.19994,9.14451,27406.1,7.5,23.2,98.8,-55.0,-1.0,-1.0,RS41-SG,404.900,7.5,0,10,2.5,-1,-1
2023-10-10T00:19:22.001Z,T3130424,6288,45.19990,9.14509,27422.0,7.3,23.2,92.5,-55.0,-1.0,-1.0,RS41-SG,404.900,8.8,187,10,2.5,-1,-1
2023-10-10T00:19:23.001Z,T3130424,6289,45.19989,9.14539,27429.3,7.2,22.9,91.5,-55.0,-1.0,-1.0,RS41-SG,404.900,8.3,187,10,2.6,-1,-1
2023-10-10T00:19:24.001Z,T3130424,6290,45.19988,9.14567,27437.1,8.8,21.9,93.6,-55.0,-1.0,-1.0,RS41-SG,404.900,8.3,187,10,2.6,-1,-1
2023-10-10T00:19:25.001Z,T3130424,6291,45.19986,9.14594,27445.6,8.3,20.5,97.9,-55.1,-1.0,-1.0,RS41-SG,404.900,8.3,187,10,2.6,-1,-1
2023-10-10T00:19:27.001Z,T3130424,6293,45.19978,9.14643,27459.1,6.0,20.0,108.3,-55.1,0.6,-1.0,RS41-SG,404.900,8.8,187,10,2.5,-1,-1
2023-10-10T00:19:28.001Z,T3130424,6294,45.19972,9.14668,27465.9,7.5,21.4,111.5,-55.0,0.6,-1.0,RS41-SG,404.900,8.8,187,10,2.5,-1,-1
2023-10-10T00:19:30.001Z,T3130424,6296,45.19957,9.14722,27482.2,8.0,24.2,109.6,-54.8,0.6,-1.0,RS41-SG,404.900,8.2,187,10,2.6,-1,-1
2023-10-10T00:19:32.001Z,T3130424,6298,45.19944,9.14781,27497.7,8.4,24.3,104.5,-54.7,0.6,-1.0,RS41-SG,404.900,8.1,187,10,2.5,-1,-1
2023-10-10T00:19:33.001Z,T3130424,6299,45.19940,9.14811,27506.1,8.5,23.1,101.1,-54.7,0.6,-1.0,RS41-SG,404.900,7.8,187,10,2.5,-1,-1
2023-10-10T00:19:34.001Z,T3130424,6300,45.19936,9.14839,27513.8,6.9,22.0,97.8,-54.7,0.6,-1.0,RS41-SG,404.900,7.9,187,10,2.5,-1,-1
2023-10-10T00:19:35.001Z,T3130424,6301,45.19935,9.14866,27520.8,7.0,21.3,92.7,-54.7,0.6,-1.0,RS41-SG,404.900,8.1,187,10,2.6,-1,-1
2023-10-10T00:19:37.001Z,T3130424,6303,45.19936,9.14920,27535.6,7.5,21.4,84.3,-54.7,0.6,-1.0,RS41-SG,404.900,9.5,187,10,2.5,-1,-1
2023-10-10T00:19:38.001Z,T3130424,6304,45.19938,9.14947,27543.3,7.5,21.4,82.6,-54.7,0.6,-1.0,RS41-SG,404.900,9.5,187,10,2.5,-1,-1
2023-10-10T00:19:39.001Z,T3130424,6305,45.19940,9.14973,27551.0,7.4,20.7,83.6,-54.7,0.6,-1.0,RS41-SG,404.900,9.4,187,10,2.5,-1,-1
2023-10-10T00:19:40.001Z,T3130424,6306,45.19942,9.14998,27558.8,8.0,19.0,87.5,-54.7,0.6,-1.0,RS41-SG,404.900,9.5,187,10,2.6,-1,-1
2023-10-10T00:19:42.001Z,T3130424,6308,45.19939,9.15042,27574.8,6.6,16.3,102.5,-54.8,0.6,-1.0,RS41-SG,404.900,8.7,187,10,2.5,-1,-1
2023-10-10T00:19:43.001Z,T3130424,6309,45.19935,9.15062,27580.8,5.3,16.0,108.7,-54.8,0.6,-1.0,RS41-SG,404.900,8.7,187,10,2.5,-1,-1
2023-10-10T00:19:44.001Z,T3130424,6310,45.19930,9.15081,27586.8,6.7,16.7,112.3,-54.8,0.6,-1.0,RS41-SG,404.900,8.9,187,10,2.5,-1,-1
2023-10-10T00:19:45.001Z,T3130424,6311,45.19924,9.15102,27594.5,9.0,18.4,110.7,-54.7,0.6,-1.0,RS41-SG,404.900,8.9,187,10,2.6,-1,-1
2023-10-10T00:19:47.001Z,T3130424,6313,45.19914,9.15150,27610.3,7.0,20.9,103.0,-54.6,0.6,-1.0,RS41-SG,404.900,9.3,187,10,2.5,-1,-1
2023-10-10T00:19:48.001Z,T3130424,6314,45.19910,9.15176,27617.8,7.6,21.4,99.1,-54.6,0.6,-1.0,RS41-SG,404.900,9.3,187,10,2.5,-1,-1
2023-10-10T00:19:49.001Z,T3130424,6315,45.19908,9.15203,27625.8,8.2,21.1,95.2,-54.6,0.6,-1.0,RS41-SG,404.900,8.7,187,10,2.5,-1,-1
2023-10-10T00:19:50.001Z,T3130424,6316,45.19907,9.15229,27633.1,6.6,20.5,92.6,-54.6,0.6,-1.0,RS41-SG,404.900,8.5,187,10,2.5,-1,-1
2023-10-10T00:19:52.001Z,T3130424,6318,45.19907,9.15280,27646.1,6.8,20.1,86.4,-54.6,0.6,-1.0,RS41-SG,404.900,8.8,187,10,2.6,-1,-1
2023-10-10T00:19:53.001Z,T3130424,6319,45.19909,9.15306,27653.4,7.8,20.4,84.6,-54.6,0.6,-1.0,RS41-SG,404.900,8.8,187,10,2.6,-1,-1
2023-10-10T00:19:54.001Z,T3130424,6320,45.19910,9.15332,27661.3,7.8,20.5,84.8,-54.5,0.6,-1.0,RS41-SG,404.900,9.2,187,10,2.5,-1,-1
2023-10-10T00:19:55.001Z,T3130424,6321,45.19912,9.15358,27668.6,6.9,20.2,87.1,-54.5,0.6,-1.0,RS41-SG,404.900,10.9,187,10,2.5,-1,-1
2023-10-10T00:19:57.001Z,T3130424,6323,45.19910,9.15406,27682.9,8.0,18.2,99.0,-54.5,0.6,-1.0,RS41-SG,404.900,9.6,187,10,2.5,-1,-1
2023-10-10T00:19:58.001Z,T3130424,6324,45.19907,9.15428,27690.6,7.5,17.5,106.6,-54.5,0.6,-1.0,RS41-SG,404.900,9.5,187,10,2.6,-1,-1
2023-10-10T00:19:59.001Z,T3130424,6325,45.19902,9.15449,27697.3,6.1,17.4,111.8,-54.5,0.6,-1.0,RS41-SG,404.900,9.5,187,10,2.6,-1,-1
2023-10-10T00:20:02.001Z,T3130424,6328,45.19883,9.15516,27720.5,7.5,20.9,107.9,-54.7,0.6,-1.0,RS41-SG,404.900,8.3,187,10,2.5,-1,-1
2023-10-10T00:20:03.001Z,T3130424,6329,45.19878,9.15542,27727.1,6.0,21.8,103.1,-54.7,0.6,-1.0,RS41-SG,404.900,8.2,187,10,2.6,-1,-1
2023-10-10T00:20:04.001Z,T3130424,6330,45.19874,9.15569,27733.4,6.7,22.2,98.3,-54.8,0.6,-1.0,RS41-SG,404.900,8.9,187,9,2.6,-1,-1
2023-10-10T00:20:05.001Z,T3130424,6331,45.19872,9.15597,27740.7,7.7,21.8,94.5,-54.8,0.6,-1.0,RS41-SG,404.900,8.9,187,10,2.5,-1,-1
2023-10-10T00:20:07.001Z,T3130424,6333,45.19871,9.15650,27755.6,6.9,20.5,88.8,-54.9,0.6,-1.0,RS41-SG,404.900,9.5,187,10,2.5,-1,-1
2023-10-10T00:20:08.001Z,T3130424,6334,45.19872,9.15676,27762.8,7.4,20.3,86.1,-54.9,0.6,-1.0,RS41-SG,404.900,9.5,187,10,2.6,-1,-1
2023-10-10T00:20:09.001Z,T3130424,6335,45.19873,9.15702,27770.4,7.9,20.5,85.0,-54.9,0.6,-1.0,RS41-SG,404.900,8.5,187,10,2.6,-1,-1
2023-10-10T00:20:10.001Z,T3130424,6336,45.19875,9.15728,27778.0,7.1,20.5,86.0,-55.0,0.6,-1.0,RS41-SG,404.900,8.8,187,10,2.5,-1,-1
2023-10-10T00:20:12.001Z,T3130424,6338,45.19874,9.15779,27793.7,8.4,19.4,97.3,-55.0,0.7,-1.0,RS41-SG,404.900,9.4,187,10,2.5,-1,-1
2023-10-10T00:20:13.001Z,T3130424,6339,45.19871,9.15802,27801.7,7.4,18.8,104.9,-55.1,0.6,-1.0,RS41-SG,404.900,9.4,187,10,2.6,-1,-1
2023-10-10T00:20:17.001Z,T3130424,6343,45.19846,9.15892,27828.5,7.3,19.8,108.4,-55.3,0.7,-1.0,RS41-SG,404.900,7.8,187,10,2.5,-1,-1
2023-10-10T00:20:18.001Z,T3130424,6344,45.19841,9.15917,27835.5,6.4,20.3,104.5,-55.3,0.7,-1.0,RS41-SG,404.900,8.2,187,10,2.5,-1,-1
2023-10-10T00:20:19.001Z,T3130424,6345,45.19837,9.15942,27842.0,7.2,20.3,100.5,-55.3,0.6,-1.0,RS41-SG,404.900,8.5,187,10,2.6,-1,-1
2023-10-10T00:20:20.001Z,T3130424,6346,45.19834,9.15967,27849.6,8.3,19.6,98.3,-55.3,0.7,-1.0,RS41-SG,404.900,8.6,187,10,2.6,-1,-1
2023-10-10T00:20:22.001Z,T3130424,6348,45.19830,9.16014,27863.7,6.0,18.2,95.4,-55.3,0.6,-1.0,RS41-SG,404.900,9.1,187,10,2.5,-1,-1
2023-10-10T00:20:23.001Z,T3130424,6349,45.19829,9.16037,27870.5,7.5,17.8,93.2,-55.3,0.7,-1.0,RS41-SG,404.900,9.0,187,10,2.5,-1,-1
2023-10-10T00:20:24.001Z,T3130424,6350,45.19828,9.16060,27877.9,7.3,18.1,91.7,-55.3,0.6,-1.0,RS41-SG,404.900,8.8,187,10,2.5,-1,-1
2023-10-10T00:20:25.001Z,T3130424,6351,45.19828,9.16083,27884.9,6.7,18.2,92.3,-55.3,0.7,-1.0,RS41-SG,404.900,9.5,187,10,2.5,-1,-1
2023-10-10T00:20:27.001Z,T3130424,6353,45.19824,9.16128,27900.3,8.3,17.2,101.8,-55.2,0.6,-1.0,RS41-SG,404.900,8.8,187,10,2.6,-1,-1
2023-10-10T00:20:28.001Z,T3130424,6354,45.19821,9.16149,27907.4,5.8,17.0,107.3,-55.1,0.6,-1.0,RS41-SG,404.900,8.8,187,10,2.5,-1,-1
2023-10-10T00:20:32.001Z,T3130424,6358,45.19799,9.16232,27933.8,6.4,18.2,105.8,-54.9,0.6,-1.0,RS41-SG,404.900,8.7,187,10,2.6,-1,-1
2023-10-10T00:20:33.001Z,T3130424,6359,45.19795,9.16254,27940.1,6.1,17.7,103.0,-54.9,0.6,-1.0,RS41-SG,404.900,8.7,187,10,2.5,-1,-1
2023-10-10T00:20:34.001Z,T3130424,6360,45.19792,9.16275,27946.7,7.2,16.7,101.8,-55.0,0.6,-1.0,RS41-SG,404.900,8.8,187,10,2.5,-1,-1
2023-10-10T00:20:35.001Z,T3130424,6361,45.19789,9.16295,27954.1,7.4,15.6,101.7,-55.0,0.6,-1.0,RS41-SG,404.900,8.8,187,10,2.5,-1,-1
2023-10-10T00:20:36.001Z,T3130424,6362,45.19786,9.16314,27961.0,6.4,15.0,102.2,-55.0,0.6,-1.0,RS41-SG,404.900,8.7,187,10,2.6,-1,-1
2023-10-10T00:20:37.001Z,T3130424,6363,45.19783,9.16333,27967.5,6.5,14.8,102.1,-55.0,0.6,-1.0,RS41-SG,404.900,8.7,187,10,2.6,-1,-1
2023-10-10T00:20:38.001Z,T3130424,6364,45.19781,9.16352,27974.5,7.8,15.5,99.6,-55.0,0.6,-1.0,RS41-SG,404.900,8.4,187,10,2.5,-1,-1
2023-10-10T00:20:39.001Z,T3130424,6365,45.19779,9.16372,27981.5,6.2,16.2,97.8,-55.0,0.6,-1.0,RS41-SG,404.900,8.4,187,10,2.5,-1,-1
2023-10-10T00:20:40.001Z,T3130424,6366,45.19777,9.16392,27987.4,5.6,16.8,97.2,-55.1,0.6,-1.0,RS41-SG,404.900,8.4,187,10,2.5,-1,-1
2023-10-10T00:20:42.001Z,T3130424,6368,45.19771,9.16435,28001.2,7.6,16.8,104.7,-55.1,0.6,-1.0,RS41-SG,404.900,9.5,187,10,2.6,-1,-1
2023-10-10T00:20:43.001Z,T3130424,6369,45.19767,9.16455,28008.1,5.8,16.5,108.6,-55.1,0.6,-1.0,RS41-SG,404.900,9.5,187,10,2.5,-1,-1
2023-10-10T00:20:44.001Z,T3130424,6370,45.19762,9.16475,28014.2,6.5,16.4,111.1,-55.1,0.6,-1.0,RS41-SG,404.900,9.5,187,10,2.5,-1,-1
2023-10-10T00:20:45.001Z,T3130424,6371,45.19757,9.16494,28021.1,7.4,16.5,109.3,-55.1,0.6,-1.0,RS41-SG,404.900,9.5,187,10,2.5,-1,-1
2023-10-10T00:20:47.001Z,T3130424,6373,45.19748,9.16535,28034.4,5.4,16.8,104.3,-55.1,0.7,-1.0,RS41-SG,404.900,8.5,187,10,2.6,-1,-1
2023-10-10T00:20:48.001Z,T3130424,6374,45.19745,9.16555,28040.0,6.1,16.3,103.8,-55.2,0.6,-1.0,RS41-SG,404.900,9.2,187,10,2.5,-1,-1
2023-10-10T00:20:49.001Z,T3130424,6375,45.19741,9.16575,28046.9,7.4,15.6,105.6,-55.2,0.6,-1.0,RS41-SG,404.900,9.2,187,10,2.5,-1,-1
2023-10-10T00:20:50.001Z,T3130424,6376,45.19737,9.16593,28053.9,6.6,15.1,108.0,-55.2,0.6,-1.0,RS41-SG,404.900,8.9,187,10,2.5,-1,-1
2023-10-10T00:20:52.001Z,T3130424,6378,45.19728,9.16630,28066.9,7.2,15.8,109.3,-55.2,0.7,-1.0,RS41-SG,404.900,7.1,187,10,2.6,-1,-1
2023-10-10T00:20:53.001Z,T3130424,6379,45.19723,9.16649,28074.1,7.6,16.9,107.6,-55.3,0.6,-1.0,RS41-SG,404.900,8.5,187,10,2.6,-1,-1
2023-10-10T00:20:54.001Z,T3130424,6380,45.19719,9.16670,28080.8,5.5,17.9,106.8,-55.3,0.6,-1.0,RS41-SG,404.900,10.6,187,10,2.6,-1,-1
2023-10-10T00:20:55.001Z,T3130424,6381,45.19714,9.16693,28086.5,5.5,18.8,106.9,-55.3,0.6,-1.0,RS41-SG,404.900,10.6,187,10,2.5,-1,-1
2023-10-10T00:20:56.001Z,T3130424,6382,45.19709,9.16716,28093.1,7.3,19.3,110.3,-55.3,0.7,-1.0,RS41-SG,404.900,8.8,187,10,2.5,-1,-1
2023-10-10T00:20:57.001Z,T3130424,6383,45.19702,9.16738,28100.1,6.8,19.3,113.9,-55.3,0.6,-1.0,RS41-SG,404.900,8.6,187,10,2.5,-1,-1
2023-10-10T00:20:58.001Z,T3130424,6384,45.19695,9.16760,28106.3,5.6,19.2,116.1,-55.3,0.6,-1.0,RS41-SG,404.900,8.0,187,10,2.5,-1,-1
2023-10-10T00:21:00.001Z,T3130424,6386,45.19680,9.16805,28119.2,6.9,19.9,114.7,-55.3,0.6,-1.0,RS41-SG,404.900,7.7,187,10,2.6,-1,-1
2023-10-10T00:21:01.001Z,T3130424,6387,45.19672,9.16828,28125.2,5.1,20.2,113.0,-55.3,0.6,-1.0,RS41-SG,404.900,8.7,187,10,2.5,-1,-1
2023-10-10T00:21:02.001Z,T3130424,6388,45.19665,9.16852,28130.2,4.9,20.4,111.7,-55.3,0.6,-1.0,RS41-SG,404.900,8.8,187,10,2.5,-1,-1
2023-10-10T00:21:03.001Z,T3130424,6389,45.19659,9.16875,28136.0,6.4,20.0,112.4,-55.3,0.6,-1.0,RS41-SG,404.900,8.8,187,10,2.5,-1,-1
2023-10-10T00:21:04.001Z,T3130424,6390,45.19652,9.16898,28142.9,7.4,19.1,115.0,-55.3,0.6,-1.0,RS41-SG,404.900,8.8,187,10,2.6,-1,-1
2023-10-10T00:21:05.001Z,T3130424,6391,45.19644,9.16919,28149.7,6.2,18.0,117.4,-55.3,0.6,-1.0,RS41-SG,404.900,8.7,187,10,2.6,-1,-1
2023-10-10T00:21:07.001Z,T3130424,6393,45.19630,9.16958,28162.6,6.8,16.3,115.4,-55.3,0.7,-1.0,RS41-SG,404.900,8.3,187,10,2.5,-1,-1
2023-10-10T00:21:08.001Z,T3130424,6394,45.19625,9.16977,28169.5,6.6,16.0,110.9,-55.2,0.6,-1.0,RS41-SG,404.900,7.5,187,10,2.5,-1,-1
2023-10-10T00:21:09.001Z,T3130424,6395,45.19620,9.16996,28175.3,5.0,16.2,108.1,-55.3,0.6,-1.0,RS41-SG,404.900,8.5,187,10,2.6,-1,-1
2023-10-10T00:21:10.001Z,T3130424,6396,45.19615,9.17015,28180.5,5.6,16.3,106.9,-55.2,0.6,-1.0,RS41-SG,404.900,9.8,187,10,2.6,-1,-1
2023-10-10T00:21:12.001Z,T3130424,6398,45.19606,9.17054,28193.4,6.9,16.2,111.5,-55.1,0.7,-1.0,RS41-SG,404.900,8.6,187,10,2.5,-1,-1
2023-10-10T00:21:13.001Z,T3130424,6399,45.19600,9.17073,28199.7,5.5,16.3,114.2,-55.0,0.6,-1.0,RS41-SG,404.900,8.3,187,10,2.5,-1,-1
2023-10-10T00:21:15.001Z,T3130424,6401,45.19588,9.17113,28211.4,6.6,17.7,113.7,-54.9,0.6,-1.0,RS41-SG,404.900,8.7,187,10,2.6,-1,-1
2023-10-10T00:21:17.001Z,T3130424,6403,45.19576,9.17157,28223.8,5.2,19.3,108.0,-54.8,0.6,-1.0,RS41-SG,404.900,7.4,187,10,2.5,-1,-1
2023-10-10T00:21:18.001Z,T3130424,6404,45.19571,9.17180,28229.5,6.0,19.1,106.8,-54.9,0.6,-1.0,RS41-SG,404.900,8.4,187,10,2.5,-1,-1
2023-10-10T00:21:19.001Z,T3130424,6405,45.19566,9.17202,28236.3,7.5,18.1,107.7,-54.9,0.6,-1.0,RS41-SG,404.900,8.4,187,9,2.6,-1,-1
2023-10-10T00:21:20.001Z,T3130424,6406,45.19561,9.17223,28243.2,6.5,16.8,109.0,-54.9,0.6,-1.0,RS41-SG,404.900,8.4,187,10,2.6,-1,-1
2023-10-10T00:21:21.001Z,T3130424,6407,45.19556,9.17243,28248.7,4.5,15.8,110.7,-54.9,0.6,-1.0,RS41-SG,404.900,8.4,187,10,2.5,-1,-1
2023-10-10T00:21:23.001Z,T3130424,6409,45.19547,9.17279,28259.9,7.0,15.3,108.8,-55.0,0.6,-1.0,RS41-SG,404.900,8.3,187,10,2.5,-1,-1
2023-10-10T00:21:24.001Z,T3130424,6410,45.19543,9.17298,28266.5,6.6,15.8,106.3,-55.0,0.6,-1.0,RS41-SG,404.900,9.0,187,10,2.5,-1,-1
2023-10-10T00:21:25.001Z,T3130424,6411,45.19539,9.17317,28272.7,5.9,16.1,104.6,-55.0,0.6,-1.0,RS41-SG,404.900,9.0,187,10,2.6,-1,-1
2023-10-10T00:21:27.001Z,T3130424,6413,45.19532,9.17356,28284.7,6.4,15.5,105.7,-55.1,0.6,-1.0,RS41-SG,404.900,8.2,187,10,2.6,-1,-1
2023-10-10T00:21:28.001Z,T3130424,6414,45.19528,9.17375,28291.2,6.2,14.8,106.9,-55.2,0.6,-1.0,RS41-SG,404.900,8.2,187,10,2.5,-1,-1
2023-10-10T00:21:29.001Z,T3130424,6415,45.19524,9.17392,28297.1,4.9,14.5,108.1,-55.2,0.6,-1.0,RS41-SG,404.900,8.5,187,10,2.5,-1,-1
2023-10-10T00:21:30.001Z,T3130424,6416,45.19520,9.17410,28302.4,5.6,14.8,107.1,-55.2,0.6,-1.0,RS41-SG,404.900,8.5,187,10,2.5,-1,-1
2023-10-10T00:21:32.001Z,T3130424,6418,45.19513,9.17449,28314.7,5.8,16.8,100.9,-55.3,0.7,-1.0,RS41-SG,404.900,8.9,187,10,2.6,-1,-1
2023-10-10T00:21:33.001Z,T3130424,6419,45.19511,9.17470,28319.8,4.9,17.4,98.6,-55.3,0.6,-1.0,RS41-SG,404.900,8.9,187,10,2.6,-1,-1
2023-10-10T00:21:34.001Z,T3130424,6420,45.19508,9.17492,28325.5,6.2,17.3,98.2,-55.3,0.6,-1.0,RS41-SG,404.900,8.5,187,10,2.5,-1,-1
2023-10-10T00:21:35.001Z,T3130424,6421,45.19506,9.17513,28332.1,7.2,16.1,99.5,-55.4,0.7,-1.0,RS41-SG,404.900,8.1,187,9,2.5,-1,-1
2023-10-10T00:21:37.001Z,T3130424,6423,45.19500,9.17551,28344.2,5.3,14.4,105.6,-55.5,0.6,-1.0,RS41-SG,404.900,7.9,187,10,2.6,-1,-1
2023-10-10T00:21:38.001Z,T3130424,6424,45.19497,9.17568,28350.1,6.6,14.3,106.5,-55.5,0.6,-1.0,RS41-SG,404.900,7.4,187,10,2.6,-1,-1
2023-10-10T00:21:39.001Z,T3130424,6425,45.19493,9.17586,28357.0,6.9,14.8,106.4,-55.5,0.7,-1.0,RS41-SG,404.900,9.2,187,10,2.5,-1,-1
2023-10-10T00:21:40.001Z,T3130424,6426,45.19489,9.17604,28363.3,5.6,15.4,106.5,-55.6,0.7,-1.0,RS41-SG,404.900,9.2,187,10,2.5,-1,-1
2023-10-10T00:21:42.001Z,T3130424,6428,45.19480,9.17643,28374.9,6.3,16.3,110.7,-55.6,0.7,-1.0,RS41-SG,404.900,8.3,187,10,2.6,-1,-1
2023-10-10T00:21:43.001Z,T3130424,6429,45.19475,9.17662,28381.3,6.5,16.3,112.9,-55.6,0.7,-1.0,RS41-SG,404.900,8.2,187,10,2.6,-1,-1
2023-10-10T00:21:44.001Z,T3130424,6430,45.19469,9.17681,28387.4,5.4,16.4,114.3,-55.6,0.7,-1.0,RS41-SG,404.900,8.4,187,10,2.5,-1,-1
2023-10-10T00:21:47.001Z,T3130424,6433,45.19454,9.17742,28405.0,6.7,18.0,101.0,-55.6,0.6,-1.0,RS41-SG,404.900,7.8,187,10,2.6,-1,-1
2023-10-10T00:21:49.001Z,T3130424,6435,45.19449,9.17789,28416.6,5.6,19.5,97.0,-55.7,0.6,-1.0,RS41-SG,404.900,8.0,187,10,2.5,-1,-1
2023-10-10T00:21:50.001Z,T3130424,6436,45.19447,9.17813,28423.0,7.1,19.0,97.9,-55.7,0.7,-1.0,RS41-SG,404.900,7.8,187,10,2.5,-1,-1
2023-10-10T00:21:52.001Z,T3130424,6438,45.19441,9.17857,28435.6,4.8,16.5,103.9,-55.8,0.7,-1.0,RS41-SG,404.900,8.7,187,9,2.6,-1,-1
2023-10-10T00:21:53.001Z,T3130424,6439,45.19437,9.17877,28440.5,5.0,15.6,106.0,-55.8,0.7,-1.0,RS41-SG,404.900,8.8,187,10,2.6,-1,-1
2023-10-10T00:21:54.001Z,T3130424,6440,45.19434,9.17896,28446.2,6.4,15.2,105.4,-55.8,0.7,-1.0,RS41-SG,404.900,8.8,187,10,2.5,-1,-1
2023-10-10T00:21:56.001Z,T3130424,6442,45.19427,9.17934,28458.3,4.8,15.6,100.4,-55.9,0.7,-1.0,RS41-SG,404.900,8.6,187,10,2.5,-1,-1
2023-10-10T00:21:58.001Z,T3130424,6444,45.19423,9.17973,28470.1,7.0,15.1,98.1,-55.9,0.7,-1.0,RS41-SG,404.900,7.9,187,10,2.6,-1,-1
2023-10-10T00:21:59.001Z,T3130424,6445,45.19421,9.17992,28476.7,6.3,14.8,97.9,-55.9,0.7,-1.0,RS41-SG,404.900,7.9,187,10,2.5,-1,-1
2023-10-10T00:22:03.001Z,T3130424,6449,45.19415,9.18073,28501.9,6.3,19.1,93.0,-56.0,0.7,-1.0,RS41-SG,404.900,7.4,187,10,2.6,-1,-1
2023-10-10T00:22:04.001Z,T3130424,6450,45.19414,9.18099,28508.2,6.1,20.9,93.1,-56.0,0.7,-1.0,RS41-SG,404.900,8.6,187,10,2.5,-1,-1
2023-10-10T00:22:05.001Z,T3130424,6451,45.19413,9.18126,28514.4,5.9,21.8,94.1,-56.0,0.7,-1.0,RS41-SG,404.900,8.6,187,10,2.5,-1,-1
2023-10-10T00:22:07.001Z,T3130424,6453,45.19408,9.18181,28526.8,6.9,21.5,100.3,-56.0,0.6,-1.0,RS41-SG,404.900,8.0,187,10,2.5,-1,-1
2023-10-10T00:22:08.001Z,T3130424,6454,45.19404,9.18206,28534.0,7.3,20.4,104.2,-56.0,0.7,-1.0,RS41-SG,404.900,7.7,187,10,2.6,-1,-1
2023-10-10T00:22:13.001Z,T3130424,6459,45.19388,9.18318,28564.1,6.5,18.3,86.0,-56.0,0.7,-1.0,RS41-SG,404.900,7.1,187,10,2.5,-1,-1
2023-10-10T00:22:14.001Z,T3130424,6460,45.19390,9.18342,28570.1,5.9,20.2,81.1,-56.0,0.7,-1.0,RS41-SG,404.900,7.3,187,10,2.5,-1,-1
2023-10-10T00:22:18.001Z,T3130424,6464,45.19398,9.18457,28595.0,4.5,24.5,89.8,-56.0,0.7,-1.0,RS41-SG,404.900,9.1,187,10,2.5,-1,-1
2023-10-10T00:22:22.001Z,T3130424,6468,45.19399,9.18579,28618.1,4.8,22.7,86.7,-55.9,0.6,-1.0,RS41-SG,404.900,8.1,187,9,2.5,-1,-1
2023-10-10T00:22:23.001Z,T3130424,6469,45.19400,9.18607,28622.9,4.6,21.4,85.4,-55.7,0.6,-1.0,RS41-SG,404.900,8.0,187,10,2.5,-1,-1
2023-10-10T00:22:24.001Z,T3130424,6470,45.19401,9.18633,28627.8,5.2,19.5,84.9,-55.6,0.6,-1.0,RS41-SG,404.900,8.3,187,10,2.5,-1,-1
2023-10-10T00:22:25.001Z,T3130424,6471,45.19403,9.18657,28633.4,6.1,17.8,85.9,-55.5,0.6,-1.0,RS41-SG,404.900,8.3,187,10,2.6,-1,-1
2023-10-10T00:22:27.001Z,T3130424,6473,45.19404,9.18700,28644.5,5.1,16.8,87.7,-55.5,0.6,-1.0,RS41-SG,404.900,7.3,187,10,2.5,-1,-1
2023-10-10T00:22:30.001Z,T3130424,6476,45.19411,9.18772,28662.6,4.6,21.6,79.1,-55.5,0.6,-1.0,RS41-SG,404.900,7.4,187,10,2.6,-1,-1
2023-10-10T00:22:32.001Z,T3130424,6478,45.19419,9.18830,28672.1,5.8,24.6,78.8,-55.4,0.6,-1.0,RS41-SG,404.900,7.6,187,10,2.5,-1,-1
2023-10-10T00:22:33.001Z,T3130424,6479,45.19423,9.18860,28678.4,6.8,24.6,81.6,-55.4,0.6,-1.0,RS41-SG,404.900,7.6,187,10,2.5,-1,-1
2023-10-10T00:22:34.001Z,T3130424,6480,45.19425,9.18891,28684.6,5.6,24.1,84.4,-55.5,0.6,-1.0,RS41-SG,404.900,7.0,187,10,2.5,-1,-1
2023-10-10T00:22:35.001Z,T3130424,6481,45.19427,9.18921,28689.9,5.3,23.6,86.3,-55.5,0.6,-1.0,RS41-SG,404.900,7.0,0,10,2.6,-1,-1
2023-10-10T00:22:38.001Z,T3130424,6484,45.19431,9.19007,28707.1,4.5,22.0,85.0,-55.6,0.7,-1.0,RS41-SG,404.900,7.6,187,10,2.5,-1,-1
2023-10-10T00:22:39.001Z,T3130424,6485,45.19433,9.19034,28711.9,4.9,21.4,85.6,-55.6,0.6,-1.0,RS41-SG,404.900,8.5,187,10,2.5,-1,-1
2023-10-10T00:22:40.001Z,T3130424,6486,45.19434,9.19060,28717.2,5.8,20.6,87.6,-55.7,0.7,-1.0,RS41-SG,404.900,8.5,187,10,2.6,-1,-1
2023-10-10T00:22:46.001Z,T3130424,6492,45.19438,9.19228,28748.8,4.4,25.8,82.8,-55.9,0.7,-1.0,RS41-SG,404.900,7.0,0,10,2.6,-1,-1
2023-10-10T00:22:47.001Z,T3130424,6493,45.19441,9.19261,28753.2,4.4,26.4,82.8,-55.9,0.7,-1.0,RS41-SG,404.900,8.6,187,10,2.5,-1,-1
2023-10-10T00:22:48.001Z,T3130424,6494,45.19444,9.19294,28758.4,5.9,26.2,85.5,-55.9,0.7,-1.0,RS41-SG,404.900,8.6,187,10,2.5,-1,-1
2023-10-10T00:22:49.001Z,T3130424,6495,45.19445,9.19327,28764.8,6.7,25.0,89.7,-55.8,0.7,-1.0,RS41-SG,404.900,7.9,187,10,2.5,-1,-1
2023-10-10T00:22:50.001Z,T3130424,6496,45.19444,9.19357,28770.4,4.7,23.8,94.0,-55.6,0.6,-1.0,RS41-SG,404.900,7.9,187,10,2.6,-1,-1
2023-10-10T00:23:13.001Z,T3130424,6519,45.19376,9.19997,28886.2,4.9,20.8,99.7,-55.0,0.6,-1.0,RS41-SG,404.900,7.4,187,10,2.6,-1,-1
2023-10-10T00:26:20.000Z,T3130424,6706,45.19536,9.24820,29883.9,4.3,28.0,89.1,-52.4,0.5,-1.0,RS41-SG,404.900,7.3,187,10,2.5,-1,-1
2023-10-10T00:26:23.000Z,T3130424,6709,45.19541,9.24921,29902.6,5.5,24.3,83.5,-52.5,0.6,-1.0,RS41-SG,404.900,8.0,187,10,2.5,-1,-1
2023-10-10T00:26:27.000Z,T3130424,6713,45.19546,9.25034,29928.4,5.4,22.4,92.5,-52.6,0.5,-1.0,RS41-SG,404.900,7.5,187,10,2.6,-1,-1
2023-10-10T00:26:28.000Z,T3130424,6714,45.19544,9.25063,29934.0,5.8,23.1,96.6,-52.6,0.5,-1.0,RS41-SG,404.900,7.8,187,10,2.5,-1,-1
2023-10-10T00:26:34.000Z,T3130424,6720,45.19523,9.25254,29974.5,5.6,30.0,92.9,-52.4,0.5,-1.0,RS41-SG,404.900,7.3,187,10,2.5,-1,-1
2023-10-10T00:26:35.000Z,T3130424,6721,45.19523,9.25292,29979.7,4.8,30.8,89.9,-52.4,0.5,-1.0,RS41-SG,404.900,8.4,187,10,2.5,-1,-1
2023-10-10T00:26:37.000Z,T3130424,6723,45.19526,9.25368,29991.9,7.6,28.7,83.8,-52.2,0.5,-1.0,RS41-SG,404.900,8.9,187,10,2.6,-1,-1
2023-10-10T00:26:38.000Z,T3130424,6724,45.19528,9.25403,29999.1,6.7,26.5,83.1,-52.2,0.5,-1.0,RS41-SG,404.900,8.9,187,10,2.5,-1,-1
2023-10-10T00:26:39.000Z,T3130424,6725,45.19531,9.25435,30005.5,5.8,24.7,84.7,-52.2,0.5,-1.0,RS41-SG,404.900,9.9,187,10,2.5,-1,-1
2023-10-10T00:26:40.000Z,T3130424,6726,45.19532,9.25466,30011.7,6.4,23.3,88.4,-52.1,0.5,-1.0,RS41-SG,404.900,9.9,187,10,2.5,-1,-1
2023-10-10T00:26:41.000Z,T3130424,6727,45.19532,9.25495,30018.7,7.8,23.7,93.9,-52.1,0.5,-1.0,RS41-SG,404.900,8.9,187,10,2.6,-1,-1
2023-10-10T00:26:42.000Z,T3130424,6728,45.19529,9.25526,30026.0,7.0,24.9,97.7,-52.0,0.5,-1.0,RS41-SG,404.900,8.9,187,10,2.6,-1,-1
2023-10-10T00:26:43.000Z,T3130424,6729,45.19526,9.25558,30032.2,5.2,26.3,100.2,-52.0,0.5,-1.0,RS41-SG,404.900,8.9,187,10,2.5,-1,-1
2023-10-10T00:26:44.000Z,T3130424,6730,45.19521,9.25591,30037.7,5.4,27.4,102.4,-52.0,0.5,-1.0,RS41-SG,404.900,8.3,187,10,2.5,-1,-1
2023-10-10T00:26:45.000Z,T3130424,6731,45.19516,9.25625,30044.0,7.1,27.8,103.1,-52.0,0.5,-1.0,RS41-SG,404.900,8.3,187,10,2.5,-1,-1
2023-10-10T00:26:46.000Z,T3130424,6732,45.19510,9.25660,30051.3,7.4,27.7,102.5,-52.0,0.5,-1.0,RS41-SG,404.900,9.1,187,10,2.6,-1,-1
2023-10-10T00:26:47.000Z,T3130424,6733,45.19505,9.25694,30058.4,6.8,27.6,100.4,-52.0,0.5,-1.0,RS41-SG,404.900,9.1,187,10,2.6,-1,-1
2023-10-10T00:26:49.000Z,T3130424,6735,45.19500,9.25764,30072.2,7.2,28.9,93.3,-52.0,0.5,-1.0,RS41-SG,404.900,8.2,187,10,2.5,-1,-1
2023-10-10T00:26:50.000Z,T3130424,6736,45.19499,9.25801,30079.2,6.7,29.9,90.6,-52.0,0.5,-1.0,RS41-SG,404.900,8.7,187,10,2.5,-1,-1
2023-10-10T00:26:51.000Z,T3130424,6737,45.19499,9.25839,30085.7,6.4,30.1,88.8,-52.1,0.5,-1.0,RS41-SG,404.900,8.9,187,10,2.6,-1,-1
2023-10-10T00:26:52.000Z,T3130424,6738,45.19500,9.25877,30092.6,7.6,29.2,87.9,-52.1,0.5,-1.0,RS41-SG,404.900,8.9,187,10,2.6,-1,-1
2023-10-10T00:26:53.000Z,T3130424,6739,45.19500,9.25913,30100.6,8.2,27.3,87.9,-52.2,0.5,-1.0,RS41-SG,404.900,8.9,187,10,2.5,-1,-1
2023-10-10T00:26:54.000Z,T3130424,6740,45.19501,9.25946,30107.9,6.3,25.4,89.0,-52.2,0.5,-1.0,RS41-SG,404.900,8.9,187,10,2.5,-1,-1
2023-10-10T00:26:56.000Z,T3130424,6742,45.19500,9.26007,30119.4,5.9,23.3,94.7,-52.3,0.5,-1.0,RS41-SG,404.900,8.6,187,10,2.6,-1,-1
2023-10-10T00:26:58.000Z,T3130424,6744,45.19494,9.26067,30133.5,6.9,25.3,100.1,-52.3,0.5,-1.0,RS41-SG,404.900,8.8,187,10,2.5,-1,-1
2023-10-10T00:26:59.000Z,T3130424,6745,45.19490,9.26100,30140.1,6.2,26.3,100.0,-52.4,0.5,-1.0,RS41-SG,404.900,8.8,187,10,2.5,-1,-1
2023-10-10T00:27:00.000Z,T3130424,6746,45.19486,9.26133,30146.5,6.6,27.0,98.9,-52.4,0.5,-1.0,RS41-SG,404.900,7.8,187,10,2.5,-1,-1
2023-10-10T00:27:01.000Z,T3130424,6747,45.19483,9.26167,30153.6,7.6,26.9,96.1,-52.4,0.6,-1.0,RS41-SG,404.900,8.1,187,10,2.6,-1,-1
2023-10-10T00:27:02.000Z,T3130424,6748,45.19481,9.26200,30161.0,7.2,26.5,93.5,-52.4,0.5,-1.0,RS41-SG,404.900,8.9,187,10,2.6,-1,-1
2023-10-10T00:27:03.000Z,T3130424,6749,45.19480,9.26234,30167.2,5.3,26.4,91.3,-52.5,0.5,-1.0,RS41-SG,404.900,8.9,187,10,2.5,-1,-1
2023-10-10T00:27:04.000Z,T3130424,6750,45.19480,9.26267,30172.9,5.6,26.8,89.0,-52.5,0.6,-1.0,RS41-SG,404.900,8.3,0,10,2.5,-1,-1
2023-10-10T00:27:05.000Z,T3130424,6751,45.19480,9.26302,30179.3,7.1,27.7,88.8,-52.5,0.5,-1.0,RS41-SG,404.900,8.3,187,10,2.5,-1,-1
2023-10-10T00:27:07.000Z,T3130424,6753,45.19481,9.26374,30193.0,6.4,29.1,91.0,-52.5,0.5,-1.0,RS41-SG,404.900,9.3,187,10,2.6,-1,-1
2023-10-10T00:27:08.000Z,T3130424,6754,45.19480,9.26411,30199.9,7.1,28.5,92.5,-52.5,0.5,-1.0,RS41-SG,404.900,9.3,187,10,2.5,-1,-1
2023-10-10T00:27:09.000Z,T3130424,6755,45.19478,9.26446,30207.3,7.7,27.0,94.2,-52.5,0.6,-1.0,RS41-SG,404.900,9.4,0,10,2.5,-1,-1
2023-10-10T00:27:10.000Z,T3130424,6756,45.19476,9.26479,30214.1,5.8,25.7,95.9,-52.6,0.5,-1.0,RS41-SG,404.900,9.4,187,10,2.5,-1,-1
2023-10-10T00:27:11.000Z,T3130424,6757,45.19474,9.26511,30219.7,5.5,25.0,97.8,-52.6,0.5,-1.0,RS41-SG,404.900,9.1,187,10,2.6,-1,-1
2023-10-10T00:27:12.000Z,T3130424,6758,45.19470,9.26542,30225.9,6.7,25.0,100.4,-52.6,0.5,-1.0,RS41-SG,404.900,9.1,187,10,2.6,-1,-1
2023-10-10T00:27:13.000Z,T3130424,6759,45.19466,9.26574,30232.7,7.1,26.0,102.1,-52.6,0.5,-1.0,RS41-SG,404.900,9.0,187,9,2.5,-1,-1
2023-10-10T00:27:14.000Z,T3130424,6760,45.19461,9.26607,30239.1,5.9,27.0,102.3,-52.5,0.5,-1.0,RS41-SG,404.900,9.5,187,10,2.5,-1,-1
2023-10-10T00:27:15.000Z,T3130424,6761,45.19456,9.26640,30245.2,6.2,27.3,101.4,-52.5,0.5,-1.0,RS41-SG,404.900,9.5,187,10,2.5,-1,-1
2023-10-10T00:27:17.000Z,T3130424,6763,45.19448,9.26708,30259.5,7.5,26.2,95.6,-52.6,0.5,-1.0,RS41-SG,404.900,9.6,187,9,2.6,-1,-1
2023-10-10T00:27:18.000Z,T3130424,6764,45.19447,9.26740,30266.3,6.1,25.5,92.3,-52.6,0.5,-1.0,RS41-SG,404.900,9.7,187,10,2.5,-1,-1
2023-10-10T00:27:19.000Z,T3130424,6765,45.19446,9.26773,30272.3,5.4,25.4,89.5,-52.6,0.5,-1.0,RS41-SG,404.900,9.7,187,10,2.5,-1,-1
2023-10-10T00:27:20.000Z,T3130424,6766,45.19447,9.26805,30278.1,6.1,26.0,87.7,-52.6,0.5,-1.0,RS41-SG,404.900,9.2,187,10,2.5,-1,-1
2023-10-10T00:27:21.000Z,T3130424,6767,45.19448,9.26839,30284.6,6.9,27.2,87.7,-52.6,0.5,-1.0,RS41-SG,404.900,9.4,187,10,2.6,-1,-1
2023-10-10T00:27:22.000Z,T3130424,6768,45.19449,9.26874,30291.1,6.1,28.0,88.4,-52.6,0.5,-1.0,RS41-SG,404.900,9.9,187,10,2.6,-1,-1
2023-10-10T00:27:23.000Z,T3130424,6769,45.19449,9.26909,30296.8,5.5,28.5,89.2,-52.7,0.5,-1.0,RS41-SG,404.900,9.9,187,10,2.5,-1,-1
2023-10-10T00:27:24.000Z,T3130424,6770,45.19449,9.26945,30302.8,6.0,28.1,89.5,-52.6,0.6,-1.0,RS41-SG,404.900,9.0,187,10,2.5,-1,-1
2023-10-10T00:27:25.000Z,T3130424,6771,45.19450,9.26980,30309.4,7.0,26.9,89.4,-52.6,0.5,-1.0,RS41-SG,404.900,8.8,187,10,2.5,-1,-1
2023-10-10T00:27:27.000Z,T3130424,6773,45.19450,9.27044,30322.6,5.8,24.1,90.4,-52.6,0.6,-1.0,RS41-SG,404.900,9.8,187,10,2.6,-1,-1
2023-10-10T00:27:28.000Z,T3130424,6774,45.19449,9.27074,30328.4,5.6,23.4,92.4,-52.6,0.5,-1.0,RS41-SG,404.900,9.8,187,10,2.5,-1,-1
2023-10-10T00:27:29.000Z,T3130424,6775,45.19448,9.27104,30334.4,6.2,23.6,95.3,-52.7,0.5,-1.0,RS41-SG,404.900,9.1,187,10,2.5,-1,-1
2023-10-10T00:27:30.000Z,T3130424,6776,45.19445,9.27135,30341.0,6.9,24.8,97.4,-52.6,0.5,-1.0,RS41-SG,404.900,9.1,187,10,2.5,-1,-1
2023-10-10T00:27:32.000Z,T3130424,6778,45.19439,9.27201,30353.8,5.0,27.6,98.3,-52.6,0.5,-1.0,RS41-SG,404.900,8.0,187,10,2.6,-1,-1
2023-10-10T00:27:33.000Z,T3130424,6779,45.19435,9.27236,30359.1,5.6,28.3,96.2,-52.5,0.6,-1.0,RS41-SG,404.900,8.0,187,10,2.5,-1,-1
2023-10-10T00:27:34.000Z,T3130424,6780,45.19433,9.27272,30365.4,6.8,28.3,92.7,-52.5,0.5,-1.0,RS41-SG,404.900,8.2,187,10,2.5,-1,-1
2023-10-10T00:27:35.000Z,T3130424,6781,45.19433,9.27307,30372.1,6.4,27.8,89.0,-52.5,0.5,-1.0,RS41-SG,404.900,8.2,187,10,2.5,-1,-1
2023-10-10T00:27:36.000Z,T3130424,6782,45.19434,9.27342,30377.9,5.3,27.4,86.4,-52.5,0.5,-1.0,RS41-SG,404.900,8.2,0,10,2.6,-1,-1
2023-10-10T00:27:37.000Z,T3130424,6783,45.19436,9.27376,30383.8,6.5,27.1,85.4,-52.5,0.5,-1.0,RS41-SG,404.900,9.1,187,10,2.6,-1,-1
2023-10-10T00:27:38.000Z,T3130424,6784,45.19438,9.27411,30390.8,7.6,27.2,86.8,-52.5,0.5,-1.0,RS41-SG,404.900,9.1,187,10,2.5,-1,-1
2023-10-10T00:27:39.000Z,T3130424,6785,45.19438,9.27445,30397.6,5.7,27.5,89.0,-52.5,0.5,-1.0,RS41-SG,404.900,8.4,187,10,2.5,-1,-1
2023-10-10T00:27:40.000Z,T3130424,6786,45.19438,9.27480,30403.0,5.0,27.8,91.5,-52.5,0.5,-1.0,RS41-SG,404.900,8.2,187,10,2.5,-1,-1
2023-10-10T00:27:41.000Z,T3130424,6787,45.19437,9.27515,30408.3,6.0,27.8,93.8,-52.5,0.5,-1.0,RS41-SG,404.900,8.2,187,10,2.6,-1,-1
2023-10-10T00:27:42.000Z,T3130424,6788,45.19435,9.27550,30414.6,6.6,27.2,95.2,-52.5,0.5,-1.0,RS41-SG,404.900,8.2,187,10,2.6,-1,-1
2023-10-10T00:27:43.000Z,T3130424,6789,45.19433,9.27584,30421.1,6.1,26.5,96.0,-52.5,0.5,-1.0,RS41-SG,404.900,8.2,187,10,2.5,-1,-1
2023-10-10T00:27:44.000Z,T3130424,6790,45.19430,9.27617,30426.7,4.9,26.1,97.1,-52.5,0.5,-1.0,RS41-SG,404.900,8.7,187,10,2.5,-1,-1
2023-10-10T00:27:46.000Z,T3130424,6792,45.19422,9.27683,30438.2,6.5,27.4,101.6,-52.6,0.5,-1.0,RS41-SG,404.900,8.7,187,10,2.6,-1,-1
2023-10-10T00:27:47.000Z,T3130424,6793,45.19417,9.27718,30444.4,5.8,28.2,103.2,-52.6,0.5,-1.0,RS41-SG,404.900,8.7,187,10,2.6,-1,-1
2023-10-10T00:27:49.000Z,T3130424,6795,45.19405,9.27788,30455.5,5.4,28.4,102.3,-52.6,0.5,-1.0,RS41-SG,404.900,8.1,187,10,2.5,-1,-1
2023-10-10T00:27:52.000Z,T3130424,6798,45.19396,9.27890,30474.1,5.1,25.9,92.9,-52.7,0.5,-1.0,RS41-SG,404.900,8.7,187,10,2.6,-1,-1
2023-10-10T00:27:54.000Z,T3130424,6800,45.19395,9.27956,30485.6,6.5,27.0,90.3,-52.8,0.6,-1.0,RS41-SG,404.900,8.0,187,10,2.5,-1,-1
2023-10-10T00:27:55.000Z,T3130424,6801,45.19394,9.27991,30492.2,6.6,28.4,91.5,-52.8,0.5,-1.0,RS41-SG,404.900,8.3,187,10,2.5,-1,-1
2023-10-10T00:27:57.000Z,T3130424,6803,45.19392,9.28066,30503.0,5.1,30.5,94.2,-52.9,0.5,-1.0,RS41-SG,404.900,6.6,187,10,2.6,-1,-1
2023-10-10T00:28:06.000Z,T3130424,6812,45.19370,9.28388,30556.7,6.7,26.0,93.8,-52.9,0.6,-1.0,RS41-SG,404.900,7.3,187,10,2.6,-1,-1
2023-10-10T00:28:10.000Z,T3130424,6816,45.19367,9.28516,30579.4,6.0,26.7,91.5,-53.0,0.6,-1.0,RS41-SG,404.900,7.8,187,10,2.5,-1,-1
2023-10-10T00:28:14.000Z,T3130424,6820,45.19362,9.28663,30601.9,5.9,29.5,92.5,-53.1,0.6,-1.0,RS41-SG,404.900,7.3,187,10,2.5,-1,-1
2023-10-10T00:28:17.000Z,T3130424,6823,45.19361,9.28765,30619.2,4.2,24.2,88.9,-53.2,0.6,-1.0,RS41-SG,404.900,7.8,187,10,2.6,-1,-1
2023-10-10T00:28:20.000Z,T3130424,6826,45.19362,9.28855,30636.3,5.9,24.5,90.6,-53.2,0.6,-1.0,RS41-SG,404.900,6.4,187,10,2.5,-1,-1
2023-10-10T00:28:23.000Z,T3130424,6829,45.19359,9.28951,30653.2,6.0,25.7,92.8,-53.3,0.5,-1.0,RS41-SG,404.900,7.8,187,10,2.5,-1,-1
2023-10-10T00:28:25.000Z,T3130424,6831,45.19357,9.29015,30665.9,5.6,24.5,92.4,-53.3,0.6,-1.0,RS41-SG,404.900,7.3,187,10,2.5,-1,-1
2023-10-10T00:28:27.000Z,T3130424,6833,45.19356,9.29077,30676.2,5.3,25.1,91.9,-53.4,0.6,-1.0,RS41-SG,404.900,8.4,187,10,2.6,-1,-1
2023-10-10T00:28:28.000Z,T3130424,6834,45.19355,9.29110,30682.2,6.5,26.4,92.5,-53.4,0.6,-1.0,RS41-SG,404.900,8.4,187,10,2.5,-1,-1
2023-10-10T00:28:29.000Z,T3130424,6835,45.19354,9.29144,30688.4,5.6,27.3,92.7,-53.5,0.6,-1.0,RS41-SG,404.900,8.5,187,10,2.5,-1,-1
2023-10-10T00:28:32.000Z,T3130424,6838,45.19350,9.29246,30706.4,7.1,25.1,92.4,-53.5,0.6,-1.0,RS41-SG,404.900,7.7,187,10,2.6,-1,-1
2023-10-10T00:28:33.000Z,T3130424,6839,45.19349,9.29277,30712.5,4.9,23.2,91.5,-53.5,0.6,-1.0,RS41-SG,404.900,8.1,187,10,2.5,-1,-1
2023-10-10T00:28:34.000Z,T3130424,6840,45.19349,9.29305,30717.1,4.0,21.9,91.4,-53.6,0.6,-1.0,RS41-SG,404.900,8.1,187,10,2.5,-1,-1
2023-10-10T00:28:35.000Z,T3130424,6841,45.19348,9.29333,30722.0,5.5,21.2,92.0,-53.6,0.6,-1.0,RS41-SG,404.900,7.9,187,10,2.5,-1,-1
2023-10-10T00:28:38.000Z,T3130424,6844,45.19344,9.29417,30739.8,5.6,23.1,95.7,-53.7,0.6,-1.0,RS41-SG,404.900,7.5,187,10,2.5,-1,-1
2023-10-10T00:28:39.000Z,T3130424,6845,45.19342,9.29446,30745.9,6.3,23.0,96.3,-53.7,0.6,-1.0,RS41-SG,404.900,7.3,187,10,2.5,-1,-1
2023-10-10T00:28:40.000Z,T3130424,6846,45.19340,9.29474,30752.4,6.5,22.5,96.4,-53.7,0.6,-1.0,RS41-SG,404.900,7.2,187,10,2.5,-1,-1
2023-10-10T00:28:49.000Z,T3130424,6855,45.19348,9.29746,30802.5,6.4,22.1,78.7,-53.6,0.6,-1.0,RS41-SG,404.900,7.8,187,10,2.5,-1,-1
2023-10-10T00:28:50.000Z,T3130424,6856,45.19351,9.29772,30809.1,6.6,19.7,78.9,-53.5,0.6,-1.0,RS41-SG,404.900,7.4,187,9,2.5,-1,-1
2023-10-10T00:29:00.000Z,T3130424,6866,45.19342,9.30049,30867.2,4.8,23.4,83.3,-53.5,0.6,-1.0,RS41-SG,404.900,7.7,187,10,2.5,-1,-1
2023-10-10T00:29:02.000Z,T3130424,6868,45.19349,9.30104,30877.7,6.6,21.1,77.7,-53.6,0.6,-1.0,RS41-SG,404.900,8.1,187,10,2.6,-1,-1
2023-10-10T00:29:03.000Z,T3130424,6869,45.19352,9.30130,30884.4,6.6,20.5,78.8,-53.7,0.6,-1.0,RS41-SG,404.900,8.1,187,10,2.5,-1,-1
2023-10-10T00:29:04.000Z,T3130424,6870,45.19355,9.30155,30890.6,5.8,19.7,81.8,-53.7,0.6,-1.0,RS41-SG,404.900,8.5,187,10,2.5,-1,-1
2023-10-10T00:29:07.000Z,T3130424,6873,45.19356,9.30223,30909.2,5.8,16.2,98.0,-53.8,0.6,-1.0,RS41-SG,404.900,7.1,187,10,2.6,-1,-1
2023-10-10T00:29:10.000Z,T3130424,6876,45.19345,9.30287,30926.2,6.5,19.9,106.1,-54.0,0.6,-1.0,RS41-SG,404.900,8.0,187,10,2.5,-1,-1
2023-10-10T00:29:12.000Z,T3130424,6878,45.19335,9.30339,30937.3,4.9,22.9,102.9,-54.0,0.6,-1.0,RS41-SG,404.900,8.2,187,10,2.6,-1,-1
2023-10-10T00:29:13.000Z,T3130424,6879,45.19331,9.30368,30942.8,5.8,23.2,100.7,-54.0,0.6,-1.0,RS41-SG,404.900,8.2,187,10,2.5,-1,-1
2023-10-10T00:29:14.000Z,T3130424,6880,45.19328,9.30396,30949.6,7.3,22.0,96.9,-54.0,0.6,-1.0,RS41-SG,404.900,7.8,187,10,2.5,-1,-1
2023-10-10T00:29:17.000Z,T3130424,6883,45.19327,9.30471,30967.4,4.6,17.5,84.7,-54.0,0.6,-1.0,RS41-SG,404.900,7.8,187,10,2.6,-1,-1
2023-10-10T00:29:18.000Z,T3130424,6884,45.19329,9.30492,30973.0,6.4,17.2,82.0,-54.0,0.5,-1.0,RS41-SG,404.900,7.8,187,10,2.5,-1,-1
2023-10-10T00:29:19.000Z,T3130424,6885,45.19331,9.30514,30979.7,7.0,17.8,81.4,-54.0,0.6,-1.0,RS41-SG,404.900,7.8,187,10,2.5,-1,-1
2023-10-10T00:29:20.000Z,T3130424,6886,45.19333,9.30537,30985.9,5.5,18.5,83.2,-54.1,0.6,-1.0,RS41-SG,404.900,7.7,187,10,2.5,-1,-1
2023-10-10T00:29:23.000Z,T3130424,6889,45.19336,9.30609,31003.5,6.7,18.5,91.5,-54.2,0.6,-1.0,RS41-SG,404.900,8.1,187,10,2.5,-1,-1
2023-10-10T00:29:32.000Z,T3130424,6898,45.19318,9.30831,31060.0,6.5,19.9,80.6,-54.3,0.6,-1.0,RS41-SG,404.900,8.3,187,10,2.6,-1,-1
2023-10-10T00:29:33.000Z,T3130424,6899,45.19322,9.30855,31065.9,4.9,18.8,74.7,-54.3,0.6,-1.0,RS41-SG,404.900,8.3,187,10,2.5,-1,-1
2023-10-10T00:29:34.000Z,T3130424,6900,45.19327,9.30877,31070.8,4.3,18.1,71.9,-54.3,0.6,-1.0,RS41-SG,404.900,7.5,187,10,2.5,-1,-1
2023-10-10T00:29:35.000Z,T3130424,6901,45.19332,9.30899,31076.1,6.0,18.0,72.8,-54.3,0.6,-1.0,RS41-SG,404.900,7.5,187,10,2.5,-1,-1
2023-10-10T00:29:37.000Z,T3130424,6903,45.19339,9.30945,31090.0,7.4,19.7,83.9,-54.2,0.6,-1.0,RS41-SG,404.900,7.4,187,10,2.6,-1,-1
2023-10-10T00:29:38.000Z,T3130424,6904,45.19340,9.30971,31096.5,5.4,21.1,88.2,-54.2,0.6,-1.0,RS41-SG,404.900,8.5,187,10,2.5,-1,-1
2023-10-10T00:29:39.000Z,T3130424,6905,45.19340,9.30999,31101.7,4.8,22.5,91.6,-54.2,0.6,-1.0,RS41-SG,404.900,8.5,187,10,2.5,-1,-1
2023-10-10T00:29:40.000Z,T3130424,6906,45.19339,9.31028,31106.8,5.5,23.3,92.8,-54.2,0.6,-1.0,RS41-SG,404.900,7.3,187,10,2.5,-1,-1
2023-10-10T00:29:44.000Z,T3130424,6910,45.19340,9.31141,31132.4,5.5,21.6,83.1,-54.1,0.6,-1.0,RS41-SG,404.900,7.7,187,10,2.5,-1,-1
2023-10-10T00:29:47.000Z,T3130424,6913,45.19350,9.31226,31151.5,6.0,23.9,80.2,-54.0,0.6,-1.0,RS41-SG,404.900,8.6,187,10,2.6,-1,-1
2023-10-10T00:29:48.000Z,T3130424,6914,45.19354,9.31256,31157.2,5.4,24.3,79.4,-54.0,0.5,-1.0,RS41-SG,404.900,8.6,187,10,2.5,-1,-1
2023-10-10T00:29:49.000Z,T3130424,6915,45.19358,9.31286,31163.2,6.1,23.8,78.2,-54.0,0.6,-1.0,RS41-SG,404.900,8.8,187,10,2.5,-1,-1
2023-10-10T00:29:50.000Z,T3130424,6916,45.19362,9.31314,31169.9,7.4,22.6,76.6,-54.0,0.5,-1.0,RS41-SG,404.900,8.8,187,10,2.5,-1,-1
2023-10-10T00:29:52.000Z,T3130424,6918,45.19372,9.31367,31183.8,6.5,20.3,76.6,-53.9,0.6,-1.0,RS41-SG,404.900,8.1,187,10,2.6,-1,-1
2023-10-10T00:29:53.000Z,T3130424,6919,45.19375,9.31392,31190.7,7.0,19.8,80.7,-53.8,0.6,-1.0,RS41-SG,404.900,7.9,187,10,2.5,-1,-1
2023-10-10T00:29:54.000Z,T3130424,6920,45.19377,9.31417,31198.0,7.5,20.2,85.8,-53.7,0.5,-1.0,RS41-SG,404.900,8.1,187,10,2.5,-1,-1
2023-10-10T00:29:55.000Z,T3130424,6921,45.19378,9.31443,31204.9,6.4,21.1,89.5,-53.6,0.5,-1.0,RS41-SG,404.900,8.1,187,10,2.5,-1,-1
2023-10-10T00:29:57.000Z,T3130424,6923,45.19377,9.31498,31216.3,5.9,22.2,91.7,-53.5,0.5,-1.0,RS41-SG,404.900,8.5,187,10,2.6,-1,-1
2023-10-10T00:29:59.000Z,T3130424,6925,45.19378,9.31553,31229.6,7.1,21.3,86.3,-53.4,0.5,-1.0,RS41-SG,404.900,8.9,187,10,2.5,-1,-1
2023-10-10T00:30:00.000Z,T3130424,6926,45.19379,9.31580,31236.5,6.6,20.9,83.5,-53.4,0.5,-1.0,RS41-SG,404.900,8.4,187,10,2.5,-1,-1
2023-10-10T00:30:02.000Z,T3130424,6928,45.19385,9.31633,31248.7,6.4,21.6,80.9,-53.4,0.5,-1.0,RS41-SG,404.900,7.4,187,10,2.6,-1,-1
2023-10-10T00:30:03.000Z,T3130424,6929,45.19388,9.31661,31255.4,7.0,23.0,82.5,-53.4,0.5,-1.0,RS41-SG,404.900,8.0,187,10,2.5,-1,-1
2023-10-10T00:30:04.000Z,T3130424,6930,45.19390,9.31691,31262.7,7.5,24.6,84.5,-53.3,0.5,-1.0,RS41-SG,404.900,8.6,187,10,2.5,-1,-1
2023-10-10T00:30:05.000Z,T3130424,6931,45.19392,9.31723,31269.5,6.2,26.2,86.0,-53.3,0.5,-1.0,RS41-SG,404.900,8.6,187,10,2.5,-1,-1
2023-10-10T00:30:07.000Z,T3130424,6933,45.19395,9.31791,31280.9,6.0,27.6,86.5,-53.3,0.6,-1.0,RS41-SG,404.900,9.4,187,10,2.6,-1,-1
2023-10-10T00:30:08.000Z,T3130424,6934,45.19396,9.31826,31287.6,7.3,26.8,85.4,-53.4,0.5,-1.0,RS41-SG,404.900,8.9,187,10,2.5,-1,-1
2023-10-10T00:30:09.000Z,T3130424,6935,45.19398,9.31858,31295.1,7.6,25.2,83.9,-53.4,0.6,-1.0,RS41-SG,404.900,8.2,187,10,2.5,-1,-1
2023-10-10T00:30:10.000Z,T3130424,6936,45.19401,9.31889,31302.1,6.2,23.5,83.2,-53.4,0.5,-1.0,RS41-SG,404.900,7.9,187,10,2.5,-1,-1
2023-10-10T00:30:12.000Z,T3130424,6938,45.19405,9.31945,31314.4,6.8,21.3,87.3,-53.5,0.5,-1.0,RS41-SG,404.900,8.3,187,10,2.6,-1,-1
2023-10-10T00:30:13.000Z,T3130424,6939,45.19405,9.31972,31321.9,8.0,21.7,91.8,-53.5,0.5,-1.0,RS41-SG,404.900,8.3,187,10,2.5,-1,-1
2023-10-10T00:30:14.000Z,T3130424,6940,45.19404,9.32000,31329.5,7.1,22.7,95.0,-53.5,0.6,-1.0,RS41-SG,404.900,8.6,187,10,2.5,-1,-1
2023-10-10T00:30:15.000Z,T3130424,6941,45.19402,9.32030,31336.2,6.0,24.1,96.5,-53.6,0.6,-1.0,RS41-SG,404.900,8.6,187,10,2.5,-1,-1
2023-10-10T00:30:18.000Z,T3130424,6944,45.19397,9.32126,31357.9,7.7,26.1,89.0,-53.7,0.6,-1.0,RS41-SG,404.900,8.4,187,10,2.5,-1,-1
2023-10-10T00:30:19.000Z,T3130424,6945,45.19398,9.32159,31364.8,6.1,26.1,85.9,-53.7,0.6,-1.0,RS41-SG,404.900,8.8,187,10,2.5,-1,-1
2023-10-10T00:30:20.000Z,T3130424,6946,45.19401,9.32192,31370.9,6.3,26.3,83.5,-53.7,0.6,-1.0,RS41-SG,404.900,8.8,187,10,2.5,-1,-1
2023-10-10T00:30:22.000Z,T3130424,6948,45.19407,9.32259,31385.4,7.7,26.5,83.3,-53.8,0.5,-1.0,RS41-SG,404.900,8.9,187,10,2.6,-1,-1
2023-10-10T00:30:23.000Z,T3130424,6949,45.19409,9.32292,31392.7,7.0,25.8,84.1,-53.8,0.5,-1.0,RS41-SG,404.900,8.9,187,10,2.5,-1,-1
2023-10-10T00:30:24.000Z,T3130424,6950,45.19411,9.32323,31400.2,7.9,24.1,84.5,-53.8,0.6,-1.0,RS41-SG,404.900,8.6,187,10,2.5,-1,-1
2023-10-10T00:30:25.000Z,T3130424,6951,45.19413,9.32352,31408.1,8.1,22.0,84.0,-53.7,0.6,-1.0,RS41-SG,404.900,8.5,187,10,2.5,-1,-1
2023-10-10T00:30:27.000Z,T3130424,6953,45.19418,9.32403,31421.9,5.5,18.9,82.3,-53.5,0.6,-1.0,RS41-SG,404.900,9.1,187,10,2.6,-1,-1
2023-10-10T00:30:28.000Z,T3130424,6954,45.19420,9.32426,31427.8,6.3,18.5,82.8,-53.5,0.5,-1.0,RS41-SG,404.900,9.1,187,10,2.5,-1,-1
2023-10-10T00:30:29.000Z,T3130424,6955,45.19422,9.32450,31434.7,7.3,19.2,85.1,-53.4,0.5,-1.0,RS41-SG,404.900,8.4,187,10,2.5,-1,-1
2023-10-10T00:30:30.000Z,T3130424,6956,45.19423,9.32475,31442.4,7.9,20.7,86.4,-53.4,0.5,-1.0,RS41-SG,404.900,8.5,187,10,2.5,-1,-1
2023-10-10T00:30:31.000Z,T3130424,6957,45.19424,9.32503,31449.8,6.9,22.4,86.3,-53.3,0.5,-1.0,RS41-SG,404.900,8.5,187,9,2.6,-1,-1
2023-10-10T00:30:35.000Z,T3130424,6961,45.19437,9.32621,31478.3,7.0,23.8,73.1,-53.3,0.5,-1.0,RS41-SG,404.900,7.7,187,10,2.5,-1,-1
2023-10-10T00:30:37.000Z,T3130424,6963,45.19451,9.32678,31491.1,6.8,23.5,69.4,-53.3,0.5,-1.0,RS41-SG,404.900,8.9,187,10,2.6,-1,-1
2023-10-10T00:30:38.000Z,T3130424,6964,45.19458,9.32706,31498.3,7.9,23.7,71.8,-53.3,0.6,-1.0,RS41-SG,404.900,8.4,187,10,2.5,-1,-1
2023-10-10T00:30:39.000Z,T3130424,6965,45.19464,9.32735,31506.4,8.2,24.2,76.3,-53.3,0.5,-1.0,RS41-SG,404.900,8.8,187,10,2.5,-1,-1
2023-10-10T00:30:40.000Z,T3130424,6966,45.19468,9.32765,31514.5,8.0,25.0,81.6,-53.2,0.5,-1.0,RS41-SG,404.900,8.8,187,10,2.5,-1,-1
2023-10-10T00:30:41.000Z,T3130424,6967,45.19471,9.32797,31521.8,6.7,25.5,85.7,-53.1,0.5,-1.0,RS41-SG,404.900,8.9,187,10,2.6,-1,-1
2023-10-10T00:30:42.000Z,T3130424,6968,45.19472,9.32829,31528.3,6.4,25.4,89.0,-53.0,0.5,-1.0,RS41-SG,404.900,8.9,187,10,2.6,-1,-1
2023-10-10T00:30:43.000Z,T3130424,6969,45.19472,9.32861,31535.2,7.4,24.8,91.3,-53.0,0.5,-1.0,RS41-SG,404.900,8.2,187,10,2.5,-1,-1
2023-10-10T00:30:44.000Z,T3130424,6970,45.19471,9.32892,31543.2,8.1,23.7,91.9,-52.9,0.5,-1.0,RS41-SG,404.900,7.8,187,10,2.5,-1,-1
2023-10-10T00:30:45.000Z,T3130424,6971,45.19471,9.32921,31550.7,6.9,22.9,91.0,-52.9,0.5,-1.0,RS41-SG,404.900,8.0,187,10,2.5,-1,-1
2023-10-10T00:30:49.000Z,T3130424,6975,45.19476,9.33043,31581.3,6.6,26.9,83.4,-52.9,0.5,-1.0,RS41-SG,404.900,7.9,187,9,2.5,-1,-1
2023-10-10T00:30:50.000Z,T3130424,6976,45.19479,9.33078,31587.8,6.2,28.3,81.8,-52.9,0.5,-1.0,RS41-SG,404.900,8.4,187,9,2.5,-1,-1
2023-10-10T00:30:51.000Z,T3130424,6977,45.19483,9.33113,31594.6,7.5,28.8,79.0,-52.9,0.5,-1.0,RS41-SG,404.900,8.4,187,10,2.6,-1,-1
2023-10-10T00:30:52.000Z,T3130424,6978,45.19489,9.33149,31602.6,8.2,28.4,76.9,-52.9,0.5,-1.0,RS41-SG,404.900,8.2,187,10,2.6,-1,-1
2023-10-10T00:30:53.000Z,T3130424,6979,45.19495,9.33183,31610.1,6.6,27.7,75.2,-52.9,0.5,-1.0,RS41-SG,404.900,8.4,187,10,2.5,-1,-1
2023-10-10T00:30:54.000Z,T3130424,6980,45.19501,9.33216,31616.8,6.9,27.0,74.4,-52.9,0.5,-1.0,RS41-SG,404.900,8.4,187,10,2.5,-1,-1
2023-10-10T00:30:57.000Z,T3130424,6983,45.19517,9.33316,31640.2,7.5,27.2,80.2,-52.5,0.5,-1.0,RS41-SG,404.900,8.5,187,10,2.6,-1,-1
2023-10-10T00:30:58.000Z,T3130424,6984,45.19521,9.33350,31647.1,6.2,27.1,82.8,-52.4,0.5,-1.0,RS41-SG,404.900,8.5,187,10,2.5,-1,-1
2023-10-10T00:30:59.000Z,T3130424,6985,45.19524,9.33384,31653.6,6.3,26.4,85.1,-52.3,0.5,-1.0,RS41-SG,404.900,8.1,187,10,2.5,-1,-1
2023-10-10T00:31:00.000Z,T3130424,6986,45.19525,9.33417,31660.4,7.0,25.3,87.2,-52.3,0.5,-1.0,RS41-SG,404.900,9.2,187,10,2.5,-1,-1
2023-10-10T00:31:01.000Z,T3130424,6987,45.19526,9.33448,31668.0,8.0,24.0,87.3,-52.3,0.5,-1.0,RS41-SG,404.900,9.2,187,10,2.6,-1,-1
2023-10-10T00:31:02.000Z,T3130424,6988,45.19527,9.33478,31675.7,7.6,23.1,86.1,-52.3,0.5,-1.0,RS41-SG,404.900,8.1,187,10,2.6,-1,-1
2023-10-10T00:31:03.000Z,T3130424,6989,45.19529,9.33507,31682.9,7.0,23.2,83.2,-52.2,0.5,-1.0,RS41-SG,404.900,7.9,187,10,2.5,-1,-1
2023-10-10T00:31:05.000Z,T3130424,6991,45.19538,9.33569,31697.2,7.4,26.9,75.7,-52.2,0.5,-1.0,RS41-SG,404.900,7.4,187,10,2.5,-1,-1
2023-10-10T00:31:07.000Z,T3130424,6993,45.19553,9.33640,31710.5,5.6,31.5,71.4,-52.2,0.5,-1.0,RS41-SG,404.900,9.2,187,10,2.6,-1,-1
2023-10-10T00:31:08.000Z,T3130424,6994,45.19562,9.33678,31716.3,5.7,32.5,70.4,-52.3,0.5,-1.0,RS41-SG,404.900,9.2,187,10,2.5,-1,-1
2023-10-10T00:31:09.000Z,T3130424,6995,45.19572,9.33717,31723.0,7.5,31.9,69.5,-52.2,0.5,-1.0,RS41-SG,404.900,8.6,187,10,2.5,-1,-1
2023-10-10T00:31:10.000Z,T3130424,6996,45.19582,9.33753,31731.1,8.5,29.5,69.3,-52.2,0.5,-1.0,RS41-SG,404.900,8.1,187,10,2.5,-1,-1
2023-10-10T00:31:12.000Z,T3130424,6998,45.19598,9.33817,31744.9,5.3,24.8,71.6,-52.2,0.5,-1.0,RS41-SG,404.900,8.1,187,10,2.6,-1,-1
2023-10-10T00:31:13.000Z,T3130424,6999,45.19604,9.33846,31750.4,5.7,22.8,74.7,-52.1,0.5,-1.0,RS41-SG,404.900,8.1,187,10,2.5,-1,-1
2023-10-10T00:31:17.000Z,T3130424,7003,45.19618,9.33963,31776.7,6.1,25.2,83.2,-52.0,0.5,-1.0,RS41-SG,404.900,7.6,187,10,2.6,-1,-1
2023-10-10T00:31:22.000Z,T3130424,7008,45.19640,9.34129,31809.4,5.7,28.3,75.0,-51.9,0.5,-1.0,RS41-SG,404.900,7.7,187,10,2.6,-1,-1
2023-10-10T00:31:23.000Z,T3130424,7009,45.19647,9.34164,31815.4,6.4,29.7,73.4,-51.9,0.5,-1.0,RS41-SG,404.900,8.4,187,9,2.5,-1,-1
2023-10-10T00:31:24.000Z,T3130424,7010,45.19655,9.34201,31822.3,7.2,31.0,72.6,-51.8,0.5,-1.0,RS41-SG,404.900,8.4,187,10,2.5,-1,-1
2023-10-10T00:31:25.000Z,T3130424,7011,45.19663,9.34239,31829.2,6.5,31.7,72.6,-51.8,0.5,-1.0,RS41-SG,404.900,8.2,187,10,2.5,-1,-1
2023-10-10T00:31:27.000Z,T3130424,7013,45.19679,9.34314,31842.5,7.3,29.6,75.7,-51.9,0.5,-1.0,RS41-SG,404.900,8.7,187,9,2.6,-1,-1
2023-10-10T00:31:28.000Z,T3130424,7014,45.19685,9.34349,31849.5,7.0,27.1,78.5,-51.9,0.5,-1.0,RS41-SG,404.900,8.4,187,9,2.5,-1,-1
2023-10-10T00:31:29.000Z,T3130424,7015,45.19689,9.34381,31856.2,6.2,24.6,81.8,-51.9,0.5,-1.0,RS41-SG,404.900,8.5,187,9,2.5,-1,-1
2023-10-10T00:31:37.000Z,T3130424,7023,45.19717,9.34645,31905.3,6.2,32.6,76.8,-52.0,0.5,-1.0,RS41-SG,404.900,8.2,187,9,2.6,-1,-1
2023-10-10T00:31:39.000Z,T3130424,7025,45.19730,9.34724,31919.0,6.3,30.9,77.8,-52.1,0.5,-1.0,RS41-SG,404.900,8.2,187,10,2.5,-1,-1
2023-10-10T00:31:40.000Z,T3130424,7026,45.19735,9.34762,31925.1,5.6,29.9,79.0,-52.1,0.5,-1.0,RS41-SG,404.900,8.0,187,10,2.5,-1,-1
2023-10-10T00:31:43.000Z,T3130424,7029,45.19747,9.34871,31943.8,6.2,29.0,82.5,-52.2,0.5,-1.0,RS41-SG,404.900,7.7,187,9,2.5,-1,-1
2023-10-10T00:31:44.000Z,T3130424,7030,45.19750,9.34907,31949.9,5.9,29.0,83.3,-52.3,0.5,-1.0,RS41-SG,404.900,7.9,187,10,2.5,-1,-1
2023-10-10T00:31:47.000Z,T3130424,7033,45.19757,9.35014,31967.2,6.0,27.1,86.5,-52.4,0.5,-1.0,RS41-SG,404.900,7.5,187,10,2.6,-1,-1
2023-10-10T00:31:48.000Z,T3130424,7034,45.19759,9.35048,31973.3,6.5,26.6,86.8,-52.4,0.5,-1.0,RS41-SG,404.900,7.6,187,10,2.5,-1,-1
2023-10-10T00:31:49.000Z,T3130424,7035,45.19760,9.35082,31979.8,6.2,26.5,86.2,-52.5,0.5,-1.0,RS41-SG,404.900,7.6,187,10,2.5,-1,-1
2023-10-10T00:31:50.000Z,T3130424,7036,45.19762,9.35115,31985.8,5.8,27.0,84.1,-52.5,0.5,-1.0,RS41-SG,404.900,7.5,187,10,2.5,-1,-1
2023-10-10T00:31:52.000Z,T3130424,7038,45.19770,9.35186,31997.4,5.8,30.1,77.7,-52.5,0.5,-1.0,RS41-SG,404.900,7.4,187,10,2.6,-1,-1
2023-10-10T00:31:53.000Z,T3130424,7039,45.19777,9.35224,32003.0,5.6,31.9,74.7,-52.5,0.5,-1.0,RS41-SG,404.900,8.7,187,10,2.5,-1,-1
2023-10-10T00:31:54.000Z,T3130424,7040,45.19785,9.35264,32008.3,5.0,33.1,72.4,-52.5,0.5,-1.0,RS41-SG,404.900,8.7,187,10,2.5,-1,-1
2023-10-10T00:31:55.000Z,T3130424,7041,45.19794,9.35304,32013.6,5.2,33.3,71.1,-52.4,0.5,-1.0,RS41-SG,404.900,8.3,187,10,2.5,-1,-1
2023-10-10T00:31:56.000Z,T3130424,7042,45.19804,9.35343,32019.5,6.4,31.8,70.8,-52.3,0.5,-1.0,RS41-SG,404.900,8.3,187,10,2.6,-1,-1
2023-10-10T00:31:57.000Z,T3130424,7043,45.19812,9.35379,32026.2,7.2,28.9,72.6,-52.2,0.5,-1.0,RS41-SG,404.900,8.3,187,10,2.6,-1,-1
2023-10-10T00:31:58.000Z,T3130424,7044,45.19819,9.35413,32033.0,6.1,26.0,75.8,-52.2,0.5,-1.0,RS41-SG,404.900,8.1,187,10,2.5,-1,-1
2023-10-10T00:32:00.000Z,T3130424,7046,45.19826,9.35473,32042.1,3.6,22.5,83.9,-52.1,0.5,-1.0,RS41-SG,404.900,9.2,187,10,2.5,-1,-1
2023-10-10T00:32:05.000Z,T3130424,7051,45.19836,9.35635,32070.3,4.4,30.3,80.2,-52.1,0.5,-1.0,RS41-SG,404.900,6.9,187,10,2.5,-1,-1
2023-10-10T00:32:07.000Z,T3130424,7053,45.19849,9.35710,32080.3,6.0,30.8,73.0,-52.2,0.5,-1.0,RS41-SG,404.900,8.1,187,10,2.6,-1,-1
2023-10-10T00:32:08.000Z,T3130424,7054,45.19857,9.35747,32086.4,6.2,29.4,70.1,-52.2,0.5,-1.0,RS41-SG,404.900,8.1,187,10,2.5,-1,-1
2023-10-10T00:32:09.000Z,T3130424,7055,45.19866,9.35781,32092.0,4.5,28.3,68.2,-52.2,0.5,-1.0,RS41-SG,404.900,8.1,187,10,2.5,-1,-1
2023-10-10T00:32:10.000Z,T3130424,7056,45.19876,9.35813,32096.6,4.6,27.1,67.4,-52.2,0.5,-1.0,RS41-SG,404.900,8.3,187,10,2.5,-1,-1
2023-10-10T00:32:12.000Z,T3130424,7058,45.19894,9.35876,32107.7,6.4,26.8,69.5,-52.2,0.5,-1.0,RS41-SG,404.900,8.0,187,10,2.6,-1,-1
2023-10-10T00:32:13.000Z,T3130424,7059,45.19902,9.35908,32113.4,5.1,27.3,71.6,-52.2,0.5,-1.0,RS41-SG,404.900,8.6,187,10,2.5,-1,-1
2023-10-10T00:32:14.000Z,T3130424,7060,45.19909,9.35942,32118.2,4.2,27.7,73.6,-52.2,0.5,-1.0,RS41-SG,404.900,8.6,187,10,2.5,-1,-1
2023-10-10T00:32:15.000Z,T3130424,7061,45.19916,9.35975,32122.8,4.9,27.7,76.2,-52.2,0.5,-1.0,RS41-SG,404.900,8.5,187,10,2.5,-1,-1
2023-10-10T00:32:18.000Z,T3130424,7064,45.19931,9.36076,32138.8,5.0,26.7,77.9,-52.2,0.5,-1.0,RS41-SG,404.900,7.2,187,10,2.5,-1,-1
2023-10-10T00:32:22.000Z,T3130424,7068,45.19961,9.36216,32159.8,4.2,31.3,68.8,-52.2,0.5,-1.0,RS41-SG,404.900,7.8,187,10,2.6,-1,-1
2023-10-10T00:32:23.000Z,T3130424,7069,45.19971,9.36252,32163.9,4.4,31.4,67.0,-52.1,0.5,-1.0,RS41-SG,404.900,7.8,187,10,2.5,-1,-1
2023-10-10T00:32:24.000Z,T3130424,7070,45.19983,9.36288,32168.9,5.2,30.3,65.4,-52.1,0.5,-1.0,RS41-SG,404.900,8.5,187,10,2.5,-1,-1
2023-10-10T00:32:25.000Z,T3130424,7071,45.19994,9.36322,32174.4,5.6,28.7,65.1,-52.0,0.5,-1.0,RS41-SG,404.900,8.5,187,10,2.5,-1,-1
2023-10-10T00:32:28.000Z,T3130424,7074,45.20023,9.36416,32187.5,4.4,26.5,68.7,-51.8,0.5,-1.0,RS41-SG,404.900,8.2,187,10,2.5,-1,-1
2023-10-10T00:32:32.000Z,T3130424,7078,45.20055,9.36557,32206.5,3.8,31.9,73.2,-51.6,0.4,-1.0,RS41-SG,404.900,8.6,187,10,2.6,-1,-1
2023-10-10T00:32:33.000Z,T3130424,7079,45.20063,9.36596,32210.7,4.4,31.7,72.1,-51.5,0.5,-1.0,RS41-SG,404.900,8.6,187,9,2.5,-1,-1
2023-10-10T00:32:34.000Z,T3130424,7080,45.20072,9.36633,32215.7,5.5,30.7,70.0,-51.5,0.5,-1.0,RS41-SG,404.900,8.1,187,10,2.5,-1,-1
2023-10-10T00:32:35.000Z,T3130424,7081,45.20082,9.36669,32221.2,5.2,29.2,67.6,-51.5,0.5,-1.0,RS41-SG,404.900,8.1,187,10,2.5,-1,-1
2023-10-10T00:32:37.000Z,T3130424,7083,45.20103,9.36734,32229.8,4.2,27.5,64.3,-51.5,0.5,-1.0,RS41-SG,404.900,8.8,187,9,2.6,-1,-1
2023-10-10T00:32:38.000Z,T3130424,7084,45.20113,9.36765,32234.6,5.5,27.7,64.3,-51.5,0.5,-1.0,RS41-SG,404.900,8.8,0,10,2.5,-1,-1
2023-10-10T00:32:39.000Z,T3130424,7085,45.20124,9.36798,32240.4,6.1,28.8,65.8,-51.5,0.5,-1.0,RS41-SG,404.900,8.1,187,10,2.5,-1,-1
2023-10-10T00:32:42.000Z,T3130424,7088,45.20153,9.36905,32254.4,4.4,30.8,73.4,-51.5,0.5,-1.0,RS41-SG,404.900,8.1,0,10,2.6,-1,-1
2023-10-10T00:32:43.000Z,T3130424,7089,45.20160,9.36942,32259.1,4.9,30.3,76.2,-51.5,0.5,-1.0,RS41-SG,404.900,8.1,187,10,2.5,-1,-1
2023-10-10T00:32:44.000Z,T3130424,7090,45.20166,9.36979,32264.1,4.9,29.4,78.4,-51.6,0.4,-1.0,RS41-SG,404.900,7.9,187,10,2.5,-1,-1
2023-10-10T00:32:47.000Z,T3130424,7093,45.20178,9.37087,32277.6,4.2,29.2,82.6,-51.7,0.5,-1.0,RS41-SG,404.900,8.5,187,10,2.6,-1,-1
2023-10-10T00:32:50.000Z,T3130424,7096,45.20191,9.37205,32292.4,5.0,33.9,78.5,-51.6,0.5,-1.0,RS41-SG,404.900,7.5,0,10,2.5,-1,-1
2023-10-10T00:32:52.000Z,T3130424,7098,45.20205,9.37290,32301.2,4.3,34.6,75.6,-51.5,0.5,-1.0,RS41-SG,404.900,8.1,187,10,2.6,-1,-1
2023-10-10T00:32:53.000Z,T3130424,7099,45.20213,9.37332,32306.0,5.1,33.3,73.8,-51.4,0.5,-1.0,RS41-SG,404.900,8.5,187,10,2.5,-1,-1
2023-10-10T00:32:54.000Z,T3130424,7100,45.20221,9.37371,32311.4,5.2,31.5,73.0,-51.3,0.5,-1.0,RS41-SG,404.900,8.5,187,10,2.5,-1,-1
2023-10-10T00:32:55.000Z,T3130424,7101,45.20229,9.37408,32316.3,4.4,29.8,73.5,-51.3,0.5,-1.0,RS41-SG,404.900,8.2,187,10,2.5,-1,-1
2023-10-10T00:32:58.000Z,T3130424,7104,45.20244,9.37516,32331.4,5.7,29.9,84.8,-51.2,0.5,-1.0,RS41-SG,404.900,8.1,187,10,2.5,-1,-1
2023-10-10T00:32:59.000Z,T3130424,7105,45.20246,9.37555,32336.5,4.5,31.8,87.9,-51.2,0.4,-1.0,RS41-SG,404.900,8.1,187,10,2.5,-1,-1
2023-10-10T00:33:02.000Z,T3130424,7108,45.20247,9.37685,32347.0,4.4,35.5,88.2,-51.3,0.4,-1.0,RS41-SG,404.900,8.6,187,10,2.6,-1,-1
2023-10-10T00:33:04.000Z,T3130424,7110,45.20252,9.37772,32357.5,5.5,33.6,82.3,-51.2,0.4,-1.0,RS41-SG,404.900,7.6,187,10,2.5,-1,-1
2023-10-10T00:33:05.000Z,T3130424,7111,45.20257,9.37814,32362.5,4.2,32.5,79.6,-51.0,0.5,-1.0,RS41-SG,404.900,7.4,187,10,2.5,-1,-1
2023-10-10T00:33:09.000Z,T3130424,7115,45.20282,9.37973,32379.4,5.3,34.0,79.3,-50.5,0.4,-1.0,RS41-SG,404.900,7.9,187,10,2.5,-1,-1
2023-10-10T00:33:10.000Z,T3130424,7116,45.20286,9.38017,32384.9,5.3,35.7,82.6,-50.4,0.4,-1.0,RS41-SG,404.900,7.7,187,10,2.5,-1,-1
2023-10-10T00:33:12.000Z,T3130424,7118,45.20291,9.38111,32394.5,4.2,38.0,89.9,-50.0,0.4,-1.0,RS41-SG,404.900,8.3,0,10,2.6,-1,-1
2023-10-10T00:33:14.000Z,T3130424,7120,45.20287,9.38207,32402.5,4.0,37.6,96.5,-49.8,0.4,-1.0,RS41-SG,404.900,7.7,187,10,2.5,-1,-1
2023-10-10T00:33:20.000Z,T3130424,7126,45.20266,9.38473,32429.3,4.7,36.1,89.1,-49.2,0.4,-1.0,RS41-SG,404.900,7.5,0,10,2.5,-1,-1
2023-10-10T00:33:22.000Z,T3130424,7128,45.20270,9.38568,32438.3,4.3,39.0,85.0,-49.1,0.4,-1.0,RS41-SG,404.900,8.1,0,10,2.6,-1,-1
2023-10-10T00:33:43.000Z,T3130424,7149,45.20263,9.39521,32527.9,5.3,34.2,91.8,-47.2,0.3,-1.0,RS41-SG,404.900,7.8,187,10,2.5,-1,-1
2023-10-10T00:33:48.000Z,T3130424,7154,45.20269,9.39744,32551.2,5.0,35.2,86.5,-47.1,0.3,-1.0,RS41-SG,404.900,8.0,0,9,2.5,-1,-1
2023-10-10T00:33:52.000Z,T3130424,7158,45.20272,9.39928,32570.7,5.3,38.7,90.8,-47.0,0.4,-1.0,RS41-SG,404.900,7.5,187,10,2.6,-1,-1
2023-10-10T00:33:53.000Z,T3130424,7159,45.20272,9.39978,32575.6,4.6,39.9,91.9,-46.9,0.3,-1.0,RS41-SG,404.900,7.5,187,10,2.5,-1,-1
2023-10-10T00:33:57.000Z,T3130424,7163,45.20258,9.40179,32595.0,5.2,38.4,98.5,-46.5,0.3,-1.0,RS41-SG,404.900,8.7,187,9,2.6,-1,-1
2023-10-10T00:33:58.000Z,T3130424,7164,45.20253,9.40226,32599.8,4.2,37.5,98.9,-46.4,0.3,-1.0,RS41-SG,404.900,8.7,187,10,2.5,-1,-1
2023-10-10T00:34:04.000Z,T3130424,7170,45.20243,9.40517,32629.1,4.8,39.9,87.9,-45.4,0.3,-1.0,RS41-SG,404.900,8.8,187,10,2.5,-1,-1
2023-10-10T00:34:06.000Z,T3130424,7172,45.20244,9.40615,32641.4,6.5,37.9,91.2,-45.2,0.3,-1.0,RS41-SG,404.900,7.5,187,10,2.5,-1,-1
2023-10-10T00:34:07.000Z,T3130424,7173,45.20242,9.40663,32647.0,5.0,36.8,93.6,-45.2,0.3,-1.0,RS41-SG,404.900,8.0,187,10,2.5,-1,-1
2023-10-10T00:34:08.000Z,T3130424,7174,45.20239,9.40709,32651.6,4.3,36.3,96.4,-45.2,0.3,-1.0,RS41-SG,404.900,8.7,187,10,2.6,-1,-1
2023-10-10T00:34:09.000Z,T3130424,7175,45.20235,9.40754,32656.0,4.7,36.5,98.7,-45.2,0.3,-1.0,RS41-SG,404.900,8.7,187,10,2.6,-1,-1
2023-10-10T00:34:10.000Z,T3130424,7176,45.20230,9.40801,32660.9,5.5,37.6,100.3,-45.2,0.3,-1.0,RS41-SG,404.900,8.3,187,10,2.5,-1,-1
2023-10-10T00:34:12.000Z,T3130424,7178,45.20217,9.40897,32671.8,5.0,39.8,100.0,-45.2,0.3,-1.0,RS41-SG,404.900,8.3,187,10,2.5,-1,-1
2023-10-10T00:34:13.000Z,T3130424,7179,45.20211,9.40947,32676.9,5.1,40.2,99.4,-45.2,0.3,-1.0,RS41-SG,404.900,8.5,187,10,2.6,-1,-1
2023-10-10T00:34:15.000Z,T3130424,7181,45.20200,9.41046,32687.8,5.8,38.6,98.2,-45.3,0.3,-1.0,RS41-SG,404.900,7.7,187,10,2.5,-1,-1
2023-10-10T00:34:17.000Z,T3130424,7183,45.20192,9.41139,32699.7,5.8,34.7,96.0,-45.3,0.3,-1.0,RS41-SG,404.900,8.6,187,10,2.5,-1,-1
2023-10-10T00:34:18.000Z,T3130424,7184,45.20190,9.41181,32705.4,5.8,32.7,94.1,-45.3,0.3,-1.0,RS41-SG,404.900,8.7,187,10,2.6,-1,-1
2023-10-10T00:34:19.000Z,T3130424,7185,45.20188,9.41222,32711.3,5.8,31.4,92.4,-45.3,0.3,-1.0,RS41-SG,404.900,8.7,187,10,2.6,-1,-1
2023-10-10T00:34:22.000Z,T3130424,7188,45.20187,9.41343,32730.0,6.8,34.0,90.9,-45.1,0.3,-1.0,RS41-SG,404.900,9.3,187,10,2.5,-1,-1
2023-10-10T00:34:23.000Z,T3130424,7189,45.20185,9.41387,32736.6,6.4,36.8,93.2,-45.1,0.3,-1.0,RS41-SG,404.900,8.8,187,10,2.6,-1,-1
2023-10-10T00:34:24.000Z,T3130424,7190,45.20183,9.41436,32742.6,5.7,39.7,96.1,-45.0,0.3,-1.0,RS41-SG,404.900,8.8,187,10,2.6,-1,-1
2023-10-10T00:34:25.000Z,T3130424,7191,45.20178,9.41487,32747.9,4.8,42.1,99.4,-45.0,0.3,-1.0,RS41-SG,404.900,8.8,187,10,2.5,-1,-1
2023-10-10T00:34:27.000Z,T3130424,7193,45.20161,9.41593,32757.9,5.6,43.1,105.9,-45.0,0.3,-1.0,RS41-SG,404.900,9.6,187,10,2.5,-1,-1
2023-10-10T00:34:28.000Z,T3130424,7194,45.20150,9.41644,32764.4,7.2,40.9,108.2,-44.9,0.3,-1.0,RS41-SG,404.900,9.6,187,10,2.6,-1,-1
2023-10-10T00:34:29.000Z,T3130424,7195,45.20139,9.41691,32771.8,7.6,37.5,109.1,-44.9,0.3,-1.0,RS41-SG,404.900,8.8,187,10,2.6,-1,-1
2023-10-10T00:34:32.000Z,T3130424,7198,45.20114,9.41809,32791.5,5.4,28.6,100.8,-44.8,0.3,-1.0,RS41-SG,404.900,7.2,187,10,2.5,-1,-1
2023-10-10T00:34:34.000Z,T3130424,7200,45.20109,9.41882,32803.0,6.5,30.6,90.5,-44.7,0.3,-1.0,RS41-SG,404.900,9.0,187,10,2.6,-1,-1
2023-10-10T00:34:37.000Z,T3130424,7203,45.20109,9.42019,32823.4,6.2,41.1,92.8,-44.8,0.3,-1.0,RS41-SG,404.900,8.7,187,10,2.5,-1,-1
2023-10-10T00:34:38.000Z,T3130424,7204,45.20106,9.42072,32829.5,5.8,42.9,96.6,-44.8,0.3,-1.0,RS41-SG,404.900,8.7,187,10,2.6,-1,-1
2023-10-10T00:34:39.000Z,T3130424,7205,45.20100,9.42125,32835.4,6.1,43.3,101.2,-44.8,0.3,-1.0,RS41-SG,404.900,8.7,187,10,2.6,-1,-1
2023-10-10T00:34:41.000Z,T3130424,7207,45.20080,9.42227,32848.6,7.2,39.1,110.3,-44.8,0.3,-1.0,RS41-SG,404.900,7.3,187,10,2.5,-1,-1
2023-10-10T00:34:47.000Z,T3130424,7213,45.20021,9.42462,32888.9,7.3,33.2,100.8,-44.7,0.3,-1.0,RS41-SG,404.900,8.9,187,10,2.5,-1,-1
2023-10-10T00:34:48.000Z,T3130424,7214,45.20016,9.42505,32895.7,6.0,35.6,99.1,-44.6,0.3,-1.0,RS41-SG,404.900,8.5,187,9,2.5,-1,-1
2023-10-10T00:34:49.000Z,T3130424,7215,45.20011,9.42551,32901.8,6.1,37.7,98.2,-44.6,0.3,-1.0,RS41-SG,404.900,8.5,187,10,2.5,-1,-1
2023-10-10T00:34:50.000Z,T3130424,7216,45.20006,9.42599,32908.1,6.9,39.1,98.5,-44.5,0.3,-1.0,RS41-SG,404.900,7.9,187,10,2.6,-1,-1
2023-10-10T00:34:52.000Z,T3130424,7218,45.19993,9.42696,32924.1,8.8,38.9,102.8,-44.5,0.3,-1.0,RS41-SG,404.900,7.6,187,10,2.5,-1,-1
2023-10-10T00:34:53.000Z,T3130424,7219,45.19985,9.42743,32932.6,8.1,38.1,105.9,-44.5,0.3,-1.0,RS41-SG,404.900,8.4,187,10,2.5,-1,-1
2023-10-10T00:34:54.000Z,T3130424,7220,45.19974,9.42789,32940.3,6.9,37.5,109.1,-44.5,0.3,-1.0,RS41-SG,404.900,8.4,187,10,2.5,-1,-1
2023-10-10T00:34:55.000Z,T3130424,7221,45.19963,9.42833,32946.7,6.1,37.0,112.4,-44.5,0.3,-1.0,RS41-SG,404.900,8.0,187,10,2.6,-1,-1
2023-10-10T00:34:57.000Z,T3130424,7223,45.19935,9.42918,32960.7,7.9,37.4,116.3,-44.6,0.3,-1.0,RS41-SG,404.900,8.9,187,10,2.5,-1,-1
2023-10-10T00:35:02.000Z,T3130424,7228,45.19871,9.43132,32999.9,7.5,33.9,106.3,-44.8,0.3,-1.0,RS41-SG,404.900,8.4,187,10,2.5,-1,-1
2023-10-10T00:35:03.000Z,T3130424,7229,45.19863,9.43173,33007.4,7.2,32.9,104.6,-44.8,0.3,-1.0,RS41-SG,404.900,8.4,187,10,2.5,-1,-1
2023-10-10T00:35:04.000Z,T3130424,7230,45.19856,9.43213,33014.7,7.5,32.7,104.3,-44.9,0.3,-1.0,RS41-SG,404.900,7.7,187,10,2.5,-1,-1
2023-10-10T00:35:05.000Z,T3130424,7231,45.19848,9.43254,33022.5,7.9,33.3,105.7,-44.9,0.3,-1.0,RS41-SG,404.900,7.7,187,10,2.6,-1,-1
2023-10-10T00:35:08.000Z,T3130424,7234,45.19816,9.43382,33046.1,7.3,38.8,112.2,-45.0,0.3,-1.0,RS41-SG,404.900,8.0,187,10,2.5,-1,-1
2023-10-10T00:35:12.000Z,T3130424,7238,45.19764,9.43571,33077.0,8.9,37.8,107.3,-45.2,0.3,-1.0,RS41-SG,404.900,7.5,187,10,2.6,-1,-1
2023-10-10T00:35:19.000Z,T3130424,7245,45.19728,9.43851,33129.4,8.4,33.5,104.4,-45.0,0.3,-1.0,RS41-SG,404.900,8.0,187,10,2.5,-1,-1
2023-10-10T00:35:20.000Z,T3130424,7246,45.19719,9.43893,33136.9,6.5,35.5,106.7,-45.0,0.3,-1.0,RS41-SG,404.900,7.4,187,10,2.5,-1,-1
2023-10-10T00:35:24.000Z,T3130424,7250,45.19679,9.44075,33166.3,8.8,37.1,105.4,-45.0,0.3,-1.0,RS41-SG,404.900,7.8,187,10,2.5,-1,-1
2023-10-10T00:35:25.000Z,T3130424,7251,45.19671,9.44120,33174.4,7.2,35.9,103.3,-45.1,0.3,-1.0,RS41-SG,404.900,7.8,187,10,2.5,-1,-1
2023-10-10T00:35:28.000Z,T3130424,7254,45.19654,9.44248,33195.6,7.9,33.3,98.4,-45.1,0.3,-1.0,RS41-SG,404.900,8.2,187,10,2.6,-1,-1
2023-10-10T00:35:32.000Z,T3130424,7258,45.19636,9.44416,33225.4,7.2,33.6,99.4,-45.2,0.3,-1.0,RS41-SG,404.900,7.6,187,10,2.5,-1,-1
2023-10-10T00:35:33.000Z,T3130424,7259,45.19631,9.44458,33232.9,7.6,33.2,98.6,-45.2,0.3,-1.0,RS41-SG,404.900,7.6,187,10,2.5,-1,-1
2023-10-10T00:35:35.000Z,T3130424,7261,45.19623,9.44541,33248.9,7.8,33.0,97.5,-45.2,0.3,-1.0,RS41-SG,404.900,7.8,187,10,2.6,-1,-1
2023-10-10T00:35:39.000Z,T3130424,7265,45.19605,9.44714,33278.3,7.7,37.0,100.6,-45.2,0.3,-1.0,RS41-SG,404.900,8.5,187,10,2.6,-1,-1
2023-10-10T00:35:45.000Z,T3130424,7271,45.19573,9.44984,33323.2,6.0,31.7,93.7,-45.3,0.3,-1.0,RS41-SG,404.900,6.8,187,10,2.6,-1,-1
2023-10-10T00:35:49.000Z,T3130424,7275,45.19569,9.45144,33351.8,7.9,33.9,93.6,-45.4,0.3,-1.0,RS41-SG,404.900,7.2,187,10,2.5,-1,-1
2023-10-10T00:35:50.000Z,T3130424,7276,45.19567,9.45188,33358.9,6.3,35.3,94.9,-45.4,0.3,-1.0,RS41-SG,404.900,7.4,187,10,2.5,-1,-1
2023-10-10T00:36:19.000Z,T3130424,7305,45.19514,9.46490,33553.9,6.6,35.1,90.3,-46.2,0.3,-1.0,RS41-SG,404.900,8.0,187,10,2.5,-1,-1
2023-10-10T00:36:27.000Z,T3130424,7313,45.19482,9.46864,33604.8,5.1,33.9,92.8,-46.1,0.3,-1.0,RS41-SG,404.900,7.4,187,10,2.6,-1,-1
2023-10-10T00:36:28.000Z,T3130424,7314,45.19481,9.46907,33610.0,5.0,32.8,90.7,-46.1,0.4,-1.0,RS41-SG,404.900,7.5,187,10,2.5,-1,-1
2023-10-10T00:36:29.000Z,T3130424,7315,45.19481,9.46948,33615.8,6.4,32.3,90.4,-46.1,0.3,-1.0,RS41-SG,404.900,7.9,187,10,2.5,-1,-1
2023-10-10T00:36:30.000Z,T3130424,7316,45.19480,9.46989,33622.6,7.4,32.4,92.2,-46.1,0.3,-1.0,RS41-SG,404.900,7.9,187,10,2.5,-1,-1
2023-10-10T00:36:32.000Z,T3130424,7318,45.19475,9.47073,33636.0,5.5,34.6,97.3,-46.1,0.4,-1.0,RS41-SG,404.900,8.3,187,10,2.6,-1,-1
2023-10-10T00:36:33.000Z,T3130424,7319,45.19470,9.47117,33641.3,4.8,36.2,99.3,-46.1,0.3,-1.0,RS41-SG,404.900,7.4,187,10,2.6,-1,-1
2023-10-10T00:36:38.000Z,T3130424,7324,45.19442,9.47357,33671.2,6.4,38.1,98.2,-45.7,0.3,-1.0,RS41-SG,404.900,7.6,187,10,2.6,-1,-1
2023-10-10T00:36:39.000Z,T3130424,7325,45.19437,9.47404,33677.7,6.5,36.8,99.0,-45.6,0.3,-1.0,RS41-SG,404.900,8.3,187,10,2.6,-1,-1
2023-10-10T00:36:40.000Z,T3130424,7326,45.19432,9.47449,33684.2,6.4,35.4,100.7,-45.6,0.3,-1.0,RS41-SG,404.900,8.3,187,10,2.5,-1,-1
2023-10-10T00:36:41.000Z,T3130424,7327,45.19426,9.47492,33690.3,5.6,34.1,102.4,-45.5,0.3,-1.0,RS41-SG,404.900,8.0,187,10,2.5,-1,-1
2023-10-10T00:36:42.000Z,T3130424,7328,45.19419,9.47534,33695.6,5.0,33.1,103.6,-45.5,0.3,-1.0,RS41-SG,404.900,7.9,187,10,2.5,-1,-1
2023-10-10T00:36:43.000Z,T3130424,7329,45.19412,9.47574,33700.7,5.2,32.1,103.7,-45.5,0.3,-1.0,RS41-SG,404.900,7.9,187,10,2.5,-1,-1
2023-10-10T00:36:48.000Z,T3130424,7334,45.19385,9.47775,33729.5,5.2,34.6,100.0,-45.6,0.3,-1.0,RS41-SG,404.900,8.0,187,10,2.5,-1,-1
2023-10-10T00:36:49.000Z,T3130424,7335,45.19379,9.47819,33735.2,5.9,36.5,102.5,-45.6,0.3,-1.0,RS41-SG,404.900,8.1,187,10,2.6,-1,-1
2023-10-10T00:36:50.000Z,T3130424,7336,45.19371,9.47865,33741.1,5.7,37.9,105.2,-45.6,0.3,-1.0,RS41-SG,404.900,8.1,187,10,2.6,-1,-1
2023-10-10T00:36:55.000Z,T3130424,7341,45.19319,9.48089,33768.4,5.9,33.4,106.8,-45.6,0.3,-1.0,RS41-SG,404.900,8.9,187,10,2.5,-1,-1
2023-10-10T00:36:57.000Z,T3130424,7343,45.19304,9.48166,33778.2,4.0,30.0,103.2,-45.7,0.3,-1.0,RS41-SG,404.900,8.8,187,10,2.6,-1,-1
2023-10-10T00:36:58.000Z,T3130424,7344,45.19298,9.48202,33782.6,4.6,29.4,103.0,-45.7,0.3,-1.0,RS41-SG,404.900,8.8,187,10,2.5,-1,-1
2023-10-10T00:36:59.000Z,T3130424,7345,45.19292,9.48239,33787.9,5.7,29.8,104.8,-45.7,0.3,-1.0,RS41-SG,404.900,9.0,187,10,2.5,-1,-1
2023-10-10T00:37:00.000Z,T3130424,7346,45.19284,9.48276,33794.0,6.2,31.3,107.4,-45.7,0.4,-1.0,RS41-SG,404.900,9.0,187,10,2.5,-1,-1
2023-10-10T00:37:02.000Z,T3130424,7348,45.19264,9.48355,33805.0,4.4,35.2,112.1,-45.7,0.3,-1.0,RS41-SG,404.900,8.3,187,10,2.6,-1,-1
2023-10-10T00:37:03.000Z,T3130424,7349,45.19251,9.48397,33809.2,3.9,36.9,113.0,-45.7,0.3,-1.0,RS41-SG,404.900,8.3,187,10,2.6,-1,-1
2023-10-10T00:37:07.000Z,T3130424,7353,45.19204,9.48572,33829.7,4.9,35.2,107.1,-45.7,0.3,-1.0,RS41-SG,404.900,7.8,187,9,2.5,-1,-1
2023-10-10T00:37:08.000Z,T3130424,7354,45.19195,9.48614,33834.1,4.1,34.1,105.8,-45.7,0.3,-1.0,RS41-SG,404.900,7.8,187,10,2.6,-1,-1
2023-10-10T00:37:09.000Z,T3130424,7355,45.19187,9.48654,33838.5,4.7,32.9,105.6,-45.6,0.3,-1.0,RS41-SG,404.900,8.5,187,10,2.6,-1,-1
2023-10-10T00:37:10.000Z,T3130424,7356,45.19179,9.48694,33843.5,5.1,32.3,107.2,-45.6,0.3,-1.0,RS41-SG,404.900,8.5,187,9,2.5,-1,-1
2023-10-10T00:37:11.000Z,T3130424,7357,45.19169,9.48733,33848.8,5.4,32.5,110.0,-45.6,0.3,-1.0,RS41-SG,404.900,8.3,187,10,2.5,-1,-1
2023-10-10T00:37:12.000Z,T3130424,7358,45.19158,9.48772,33854.2,5.4,33.1,113.5,-45.7,0.3,-1.0,RS41-SG,404.900,8.6,187,10,2.5,-1,-1
2023-10-10T00:37:13.000Z,T3130424,7359,45.19146,9.48810,33859.1,4.4,34.0,116.3,-45.7,0.3,-1.0,RS41-SG,404.900,9.2,187,10,2.6,-1,-1
2023-10-10T00:37:14.000Z,T3130424,7360,45.19132,9.48849,33863.3,3.9,34.7,118.4,-45.7,0.3,-1.0,RS41-SG,404.900,9.2,187,10,2.6,-1,-1
2023-10-10T00:37:15.000Z,T3130424,7361,45.19116,9.48887,33867.3,3.9,35.1,119.5,-45.7,0.4,-1.0,RS41-SG,404.900,7.8,187,10,2.6,-1,-1
2023-10-10T00:37:17.000Z,T3130424,7363,45.19086,9.48964,33876.2,4.8,34.4,118.1,-45.6,0.3,-1.0,RS41-SG,404.900,7.2,187,10,2.5,-1,-1
2023-10-10T00:37:18.000Z,T3130424,7364,45.19072,9.49003,33881.3,5.0,33.8,116.2,-45.6,0.3,-1.0,RS41-SG,404.900,8.4,187,10,2.5,-1,-1
2023-10-10T00:37:19.000Z,T3130424,7365,45.19059,9.49041,33885.9,4.5,33.6,114.3,-45.6,0.3,-1.0,RS41-SG,404.900,8.6,187,9,2.5,-1,-1
2023-10-10T00:37:20.000Z,T3130424,7366,45.19047,9.49080,33890.3,4.5,34.0,113.1,-45.6,0.3,-1.0,RS41-SG,404.900,8.6,187,10,2.6,-1,-1
2023-10-10T00:37:22.000Z,T3130424,7368,45.19023,9.49162,33899.3,4.3,36.5,112.7,-45.6,0.3,-1.0,RS41-SG,404.900,7.9,187,10,2.5,-1,-1
2023-10-10T00:37:23.000Z,T3130424,7369,45.19010,9.49206,33903.6,3.9,38.1,112.6,-45.6,0.3,-1.0,RS41-SG,404.900,8.3,187,10,2.5,-1,-1
2023-10-10T00:37:27.000Z,T3130424,7373,45.18958,9.49392,33921.4,5.0,38.6,109.1,-45.2,0.3,-1.0,RS41-SG,404.900,7.9,187,10,2.6,-1,-1
2023-10-10T00:37:29.000Z,T3130424,7375,45.18938,9.49480,33931.4,4.7,34.0,106.7,-44.7,0.3,-1.0,RS41-SG,404.900,7.6,187,10,2.5,-1,-1
2023-10-10T00:37:30.000Z,T3130424,7376,45.18930,9.49520,33935.9,4.0,31.5,106.3,-44.6,0.3,-1.0,RS41-SG,404.900,8.1,187,10,2.5,-1,-1
2023-10-10T00:37:31.000Z,T3130424,7377,45.18922,9.49556,33940.0,4.1,29.4,107.8,-44.4,0.3,-1.0,RS41-SG,404.900,8.9,187,10,2.5,-1,-1
2023-10-10T00:37:32.000Z,T3130424,7378,45.18914,9.49591,33944.1,4.4,28.0,110.1,-44.3,0.3,-1.0,RS41-SG,404.900,8.9,187,10,2.6,-1,-1
2023-10-10T00:37:33.000Z,T3130424,7379,45.18904,9.49624,33948.7,4.9,28.3,113.5,-44.2,0.3,-1.0,RS41-SG,404.900,8.1,187,10,2.6,-1,-1
2023-10-10T00:37:43.000Z,T3130424,7389,45.18804,9.50070,33997.2,4.8,32.8,94.4,-43.9,0.3,-1.0,RS41-SG,404.900,7.4,187,10,2.5,-1,-1
2023-10-10T00:37:44.000Z,T3130424,7390,45.18802,9.50109,34001.8,4.0,29.4,94.8,-43.9,0.3,-1.0,RS41-SG,404.900,8.2,187,10,2.6,-1,-1
2023-10-10T00:38:32.000Z,T3130424,7438,45.18498,9.52163,34228.4,5.6,41.1,102.8,-43.5,0.3,-1.0,RS41-SG,404.900,7.5,187,10,2.5,-1,-1
2023-10-10T00:38:33.000Z,T3130424,7439,45.18491,9.52213,34234.5,6.4,39.2,100.2,-43.5,0.3,-1.0,RS41-SG,404.900,7.5,187,10,2.5,-1,-1
2023-10-10T00:38:34.000Z,T3130424,7440,45.18486,9.52260,34240.5,5.7,36.6,97.3,-43.4,0.2,-1.0,RS41-SG,404.900,8.2,187,10,2.5,-1,-1
2023-10-10T00:38:36.000Z,T3130424,7442,45.18481,9.52347,34249.6,3.8,32.0,92.5,-43.3,0.2,-1.0,RS41-SG,404.900,7.8,187,10,2.6,-1,-1
2023-10-10T00:38:37.000Z,T3130424,7443,45.18480,9.52386,34253.4,4.2,30.3,91.7,-43.2,0.3,-1.0,RS41-SG,404.900,7.0,187,10,2.6,-1,-1
2023-10-10T00:38:38.000Z,T3130424,7444,45.18478,9.52424,34258.4,5.5,29.6,93.8,-43.2,0.3,-1.0,RS41-SG,404.900,7.6,187,10,2.5,-1,-1
2023-10-10T00:38:40.000Z,T3130424,7446,45.18471,9.52500,34270.8,5.6,31.5,101.4,-43.2,0.3,-1.0,RS41-SG,404.900,7.8,187,10,2.5,-1,-1
2023-10-10T00:38:50.000Z,T3130424,7456,45.18401,9.52920,34321.5,5.6,33.8,96.4,-43.1,0.2,-1.0,RS41-SG,404.900,7.1,187,10,2.6,-1,-1
2023-10-10T00:38:51.000Z,T3130424,7457,45.18398,9.52963,34327.3,5.8,34.5,96.2,-43.1,0.2,-1.0,RS41-SG,404.900,7.1,187,10,2.5,-1,-1
2023-10-10T00:38:52.000Z,T3130424,7458,45.18394,9.53007,34333.1,5.6,35.2,96.5,-43.1,0.2,-1.0,RS41-SG,404.900,8.2,187,10,2.5,-1,-1
2023-10-10T00:38:58.000Z,T3130424,7464,45.18375,9.53273,34365.0,5.6,33.7,94.0,-42.8,0.2,-1.0,RS41-SG,404.900,7.7,187,10,2.5,-1,-1
2023-10-10T00:39:00.000Z,T3130424,7466,45.18370,9.53357,34375.5,5.0,33.4,96.3,-42.8,0.3,-1.0,RS41-SG,404.900,7.1,187,10,2.5,-1,-1
2023-10-10T00:39:47.000Z,T3130424,7513,45.18297,9.55193,33240.6,-29.1,40.3,70.7,-44.0,0.3,-1.0,RS41-SG,404.900,7.1,187,10,2.5,-1,-1
2023-10-10T00:39:50.000Z,T3130424,7516,45.18332,9.55336,33157.2,-27.6,38.8,70.3,-43.6,0.3,-1.0,RS41-SG,404.900,7.2,187,8,2.4,-1,-1
2023-10-10T00:39:53.000Z,T3130424,7519,45.18364,9.55468,33077.1,-26.8,34.1,72.1,-43.5,0.3,-1.0,RS41-SG,404.900,7.0,187,8,2.6,-1,-1
2023-10-10T00:39:56.000Z,T3130424,7522,45.18388,9.55573,32995.4,-28.8,24.6,73.1,-43.4,0.2,-1.0,RS41-SG,404.900,7.4,187,8,2.5,-1,-1
