2023-05-10 20:01:58,516 INFO:Opened new system log file: /home/pi/radiosonde_auto_rx/auto_rx/log/20230510-180158_system.log
2023-05-10 20:01:58,516 INFO:Reading configuration file...
2023-05-10 20:01:58,525 WARNING:Config - Clipped Sondehub update rate to lower limit of 10 seconds
2023-05-10 20:01:58,525 WARNING:Please do not use APRS ports which forward data out to the wider APRS-IS network and cause network congestion. Switching to default port of 14590. If you believe this to be in error, please raise an issue at https://github.com/projecthorus/radiosonde_auto_rx/issues
2023-05-10 20:01:59,173 INFO:RTLSDR - Attempting to reset: /dev/bus/usb/001/005
2023-05-10 20:02:04,746 INFO:Config - Tested RTLSDR #SDR004 OK
2023-05-10 20:02:08,025 INFO:Config - Tested RTLSDR #SDR003 OK
2023-05-10 20:02:08,027 WARNING:Overriding RX timeout for manually specified radiosonde type. Decoders will not automatically stop!
2023-05-10 20:02:08,029 INFO:Started Flask server on http://0.0.0.0:5000
2023-05-10 20:02:08,032 INFO:Telemetry Logger - Started Telemetry Logger Thread.
2023-05-10 20:02:08,034 INFO:OziMux - Started OziMux / Payload Summary Exporter
2023-05-10 20:02:08,337 INFO:Version - Local Version: 1.6.1 - Up to date!
2023-05-10 20:02:08,338 INFO:Task Manager - Detected new M20 sonde on 433.002 MHz!
2023-05-10 20:02:08,338 INFO:Task Manager - SDR #SDR003 has been allocated to Decoder (M20, 433.002 MHz).
2023-05-10 20:02:10,241 ERROR:The WebSocket transport is not available, you must install a WebSocket server that is compatible with your async mode to enable it. See the documentation for details. (further occurrences of this error will be logged with level INFO)
2023-05-10 20:02:10,272 INFO:Flask - New Web Client connected!
2023-05-10 20:02:11,637 INFO:Decoder (RTLSDR SDR003) M20 433.002 - Using fsk_demod decoder chain.
2023-05-10 20:02:11,640 DEBUG:Decoder (RTLSDR SDR003) M20 433.002 - Demodulator Command: rtl_fm -M raw -F9 -p 0 -d SDR003 -s 48000 -f 433002000 - 2>/dev/null | ./iq_dec --bo 16 - 48000 16 2>/dev/null |./fsk_demod --cs16 -b -10000 -u 10000 -s -p 5 --stats=5 2 48000 9600 - -
2023-05-10 20:02:11,641 DEBUG:Decoder (RTLSDR SDR003) M20 433.002 - Decoder Command: ./m20mod --json --ptu -vvv --softin -i  2>/dev/null
2023-05-10 20:02:11,641 INFO:Task Manager - SDR #SDR004 has been allocated to Scanner.
2023-05-10 20:02:11,692 INFO:Decoder (RTLSDR SDR003) M20 433.002 - Starting decoder subprocess.
2023-05-10 20:02:15,135 INFO:Scanner (RTLSDR SDR004) - Starting Scanner Thread
2023-05-10 20:02:15,139 INFO:Scanner (RTLSDR SDR004) - Scanning only frequencies (MHz): [433.002]
2023-05-10 20:02:15,140 DEBUG:Scanner (RTLSDR SDR004) - Using detection command: timeout 10 rtl_fm -M raw -F9 -T -p 0 -d SDR004 -s 48000 -f 433002000 - 2>/dev/null | ./dft_detect -t 5 --iq --bw 20 --dc - 48000 16 2>/dev/null
2023-05-10 20:02:15,141 DEBUG:Scanner (RTLSDR SDR004)- Attempting sonde detection on 433.002 MHz
2023-05-10 20:02:20,781 DEBUG:Scanner - dft_detect exited in 5.6 seconds with return code 1.
2023-05-10 20:02:20,782 DEBUG:Scanner (RTLSDR SDR004) - Detected a M20 Sonde! (Score: -0.88, Offset: -224.5 Hz)
2023-05-10 20:02:20,783 DEBUG:Scanner (RTLSDR SDR004) - Scan Detected Sondes: [[433002000.0, 'M20']]
2023-05-10 20:02:40,792 INFO:Scanner (RTLSDR SDR004) - Scanning only frequencies (MHz): [433.002]
2023-05-10 20:02:40,793 DEBUG:Scanner (RTLSDR SDR004) - Using detection command: timeout 10 rtl_fm -M raw -F9 -T -p 0 -d SDR004 -s 48000 -f 433002000 - 2>/dev/null | ./dft_detect -t 5 --iq --bw 20 --dc - 48000 16 2>/dev/null
2023-05-10 20:02:40,794 DEBUG:Scanner (RTLSDR SDR004)- Attempting sonde detection on 433.002 MHz
2023-05-10 20:02:43,646 DEBUG:Scanner - dft_detect exited in 2.8 seconds with return code 1.
2023-05-10 20:02:43,647 DEBUG:Scanner (RTLSDR SDR004) - Detected a M20 Sonde! (Score: -0.88, Offset: -249.1 Hz)
2023-05-10 20:02:43,649 DEBUG:Scanner (RTLSDR SDR004) - Scan Detected Sondes: [[433002000.0, 'M20']]
2023-05-10 20:03:03,671 INFO:Scanner (RTLSDR SDR004) - Scanning only frequencies (MHz): [433.002]
2023-05-10 20:03:03,672 DEBUG:Scanner (RTLSDR SDR004) - Using detection command: timeout 10 rtl_fm -M raw -F9 -T -p 0 -d SDR004 -s 48000 -f 433002000 - 2>/dev/null | ./dft_detect -t 5 --iq --bw 20 --dc - 48000 16 2>/dev/null
2023-05-10 20:03:03,674 DEBUG:Scanner (RTLSDR SDR004)- Attempting sonde detection on 433.002 MHz
2023-05-10 20:03:07,725 DEBUG:Scanner - dft_detect exited in 4.1 seconds with return code 1.
2023-05-10 20:03:07,727 DEBUG:Scanner (RTLSDR SDR004) - Detected a M20 Sonde! (Score: -0.89, Offset: -14.5 Hz)
2023-05-10 20:03:07,729 DEBUG:Scanner (RTLSDR SDR004) - Scan Detected Sondes: [[433002000.0, 'M20']]
2023-05-10 20:03:18,904 INFO:Web - Flask Server Shutdown.
2023-05-10 20:03:18,905 INFO:Starting shutdown of all threads.
2023-05-10 20:03:19,968 INFO:Decoder (RTLSDR SDR003) M20 433.002 - Closed decoder subprocess.
2023-05-10 20:03:19,969 INFO:Scanner (RTLSDR SDR004) - Waiting for current scan to finish...
2023-05-10 20:03:27,746 INFO:Scanner (RTLSDR SDR004) - Scanner Thread Closed.
2023-05-10 20:03:27,747 DEBUG:OziMux - Waiting for processing thread to close...
2023-05-10 20:03:28,125 INFO:Telemetry Logger - Stopped Telemetry Logger Thread.
2023-05-10 20:03:28,149 DEBUG:WebExporter - Closed Processing thread.
