timestamp,serial,frame,lat,lon,alt,vel_v,vel_h,heading,temp,humidity,pressure,type,freq_mhz,snr,f_error_hz,sats,batt_v,burst_timer,aux_data
2023-12-12T23:59:55.000Z,U4254044,4243,44.56866,8.85444,16199.7,6.9,40.5,99.0,-273.0,-1.0,-1.0,RS41,403.700,7.6,1312,8,2.8,-1,-1
2023-12-12T23:59:56.000Z,U4254044,4244,44.56860,8.85494,16206.7,6.5,40.2,98.6,-273.0,-1.0,-1.0,RS41,403.700,8.8,1312,9,2.7,-1,-1
2023-12-12T23:59:57.000Z,U4254044,4245,44.56854,8.85544,16213.1,5.5,40.0,99.9,-273.0,-1.0,-1.0,RS41,403.700,8.8,1312,8,2.7,-1,-1
2023-12-12T23:59:58.000Z,U4254044,4246,44.56847,8.85593,16220.7,9.5,40.2,102.3,-273.0,-1.0,-1.0,RS41,403.700,9.0,1312,9,2.7,-1,-1
2023-12-12T23:59:59.000Z,U4254044,4247,44.56840,8.85643,16228.2,5.7,40.9,101.9,-273.0,-1.0,-1.0,RS41,403.700,9.0,1312,9,2.6,-1,-1
2023-12-13T00:00:00.000Z,U4254044,4248,44.56831,8.85694,16235.5,9.4,42.1,103.4,-273.0,-1.0,-1.0,RS41,403.700,9.6,1312,9,2.7,-1,-1
2023-12-13T00:00:01.000Z,U4254044,4249,44.56822,8.85745,16241.5,3.6,42.2,104.3,-273.0,-1.0,-1.0,RS41,403.700,9.6,1312,9,2.7,-1,-1
2023-12-13T00:00:02.000Z,U4254044,4250,44.56812,8.85797,16246.8,7.4,42.7,105.8,-273.0,-1.0,-1.0,RS41,403.700,9.5,1312,9,2.7,-1,-1
2023-12-13T00:00:03.000Z,U4254044,4251,44.56802,8.85848,16251.0,0.9,42.7,105.2,-273.0,-1.0,-1.0,RS41,403.700,9.5,1312,9,2.6,-1,-1
2023-12-13T00:00:04.000Z,U4254044,4252,44.56792,8.85900,16254.9,6.7,42.4,105.8,-273.0,-1.0,-1.0,RS41,403.700,9.4,1312,9,2.6,-1,-1
2023-12-13T00:00:05.000Z,U4254044,4253,44.56781,8.85950,16261.6,6.7,41.8,106.1,-273.0,-1.0,-1.0,RS41,403.700,9.0,1312,9,2.7,-1,-1
2023-12-13T00:00:06.000Z,U4254044,4254,44.56771,8.86001,16268.3,5.9,41.6,105.4,-273.0,-1.0,-1.0,RS41,403.700,9.0,1312,9,2.7,-1,-1
2023-12-13T00:00:07.000Z,U4254044,4255,44.56761,8.86051,16275.4,8.6,41.7,104.6,-273.0,-1.0,-1.0,RS41,403.700,10.9,1312,9,2.8,-1,-1
2023-12-13T00:00:08.000Z,U4254044,4256,44.56752,8.86102,16281.6,3.0,41.6,105.1,-273.0,-1.0,-1.0,RS41,403.700,10.9,1312,9,2.7,-1,-1
2023-12-13T00:00:09.000Z,U4254044,4257,44.56742,8.86153,16287.9,9.6,42.1,104.8,-273.0,-1.0,-1.0,RS41,403.700,9.8,1312,9,2.6,-1,-1
2023-12-13T00:00:10.000Z,U4254044,4258,44.56732,8.86204,16294.0,2.7,42.3,104.1,-273.0,-1.0,-1.0,RS41,403.700,9.6,1312,9,2.7,-1,-1
2023-12-13T00:00:11.000Z,U4254044,4259,44.56723,8.86256,16299.6,8.8,43.2,103.8,-273.0,-1.0,-1.0,RS41,403.700,10.5,1312,9,2.6,-1,-1
2023-12-13T00:00:12.000Z,U4254044,4260,44.56714,8.86309,16305.6,3.8,43.0,104.2,-273.0,-1.0,-1.0,RS41,403.700,10.5,1312,9,2.7,-1,-1
2023-12-13T00:00:13.000Z,U4254044,4261,44.56704,8.86361,16311.0,6.5,43.4,104.4,-273.0,-1.0,-1.0,RS41,403.700,10.9,1312,8,2.7,-1,-1
2023-12-13T00:00:14.000Z,U4254044,4262,44.56695,8.86414,16317.5,6.3,43.3,104.6,-273.0,-1.0,-1.0,RS41,403.700,10.9,1312,9,2.7,-1,-1
2023-12-13T00:00:15.000Z,U4254044,4263,44.56684,8.86466,16323.5,5.7,42.7,105.3,-273.0,-1.0,-1.0,RS41,403.700,9.9,1312,9,2.6,-1,-1
2023-12-13T00:00:16.000Z,U4254044,4264,44.56674,8.86517,16329.8,6.8,41.7,105.9,-273.0,-1.0,-1.0,RS41,403.700,10.3,1312,9,2.6,-1,-1
2023-12-13T00:00:17.000Z,U4254044,4265,44.56664,8.86568,16335.5,4.3,42.1,106.4,-273.0,-1.0,-1.0,RS41,403.700,10.3,1312,9,2.7,-1,-1
2023-12-13T00:00:18.000Z,U4254044,4266,44.56653,8.86619,16341.9,8.7,42.2,107.4,-273.0,-1.0,-1.0,RS41,403.700,9.5,1312,9,2.7,-1,-1
2023-12-13T00:00:19.000Z,U4254044,4267,44.56641,8.86669,16347.7,2.9,41.9,107.6,-273.0,-1.0,-1.0,RS41-SG,403.700,9.1,1312,9,2.7,-1,-1
2023-12-13T00:00:20.000Z,U4254044,4268,44.56630,8.86719,16353.5,8.2,42.2,108.4,-273.0,-1.0,-1.0,RS41-SG,403.700,8.9,1312,9,2.7,-1,-1
2023-12-13T00:00:21.000Z,U4254044,4269,44.56618,8.86770,16359.5,3.5,42.7,107.6,-273.0,-1.0,-1.0,RS41-SG,403.700,9.2,1312,9,2.6,-1,-1
2023-12-13T00:00:22.000Z,U4254044,4270,44.56606,8.86821,16364.6,6.9,42.4,106.8,-273.0,-1.0,-1.0,RS41-SG,403.700,9.2,1312,8,2.7,-1,-1
2023-12-13T00:00:23.000Z,U4254044,4271,44.56596,8.86872,16370.2,4.2,41.6,106.1,-273.0,-1.0,-1.0,RS41-SG,403.700,10.2,1312,9,2.7,-1,-1
2023-12-13T00:00:24.000Z,U4254044,4272,44.56586,8.86922,16375.3,5.6,41.5,104.2,-273.0,-1.0,-1.0,RS41-SG,403.700,10.2,1312,9,2.8,-1,-1
2023-12-13T00:00:25.000Z,U4254044,4273,44.56577,8.86973,16382.2,8.1,41.3,103.1,-273.0,-1.0,-1.0,RS41-SG,403.700,9.2,1312,9,2.7,-1,-1
2023-12-13T00:00:26.000Z,U4254044,4274,44.56569,8.87023,16388.4,4.3,40.6,103.0,-273.0,-1.0,-1.0,RS41-SG,403.700,9.9,1312,9,2.7,-1,-1
2023-12-13T00:00:27.000Z,U4254044,4275,44.56561,8.87072,16394.8,9.0,40.1,103.3,-273.0,-1.0,-1.0,RS41-SG,403.700,9.9,1312,9,2.6,-1,-1
2023-12-13T00:00:28.000Z,U4254044,4276,44.56552,8.87121,16401.0,3.6,40.6,103.8,-273.0,-1.0,-1.0,RS41-SG,403.700,9.2,1312,9,2.6,-1,-1
2023-12-13T00:00:29.000Z,U4254044,4277,44.56543,8.87171,16406.4,7.7,40.6,104.4,-273.0,-1.0,-1.0,RS41-SG,403.700,9.0,1312,9,2.7,-1,-1
2023-12-13T00:00:30.000Z,U4254044,4278,44.56534,8.87220,16411.1,2.0,40.4,104.7,-273.0,-1.0,-1.0,RS41-SG,403.700,9.0,1312,9,2.7,-1,-1
2023-12-13T00:00:31.000Z,U4254044,4279,44.56525,8.87269,16415.5,6.7,40.4,104.4,-273.0,-1.0,-1.0,RS41-SG,403.700,9.3,1312,9,2.7,-1,-1
2023-12-13T00:00:32.000Z,U4254044,4280,44.56516,8.87318,16421.9,5.6,40.8,104.6,-273.0,-1.0,-1.0,RS41-SG,403.700,9.5,1312,9,2.7,-1,-1
2023-12-13T00:00:33.000Z,U4254044,4281,44.56507,8.87368,16427.1,5.0,40.7,104.7,-273.0,-1.0,-1.0,RS41-SG,403.700,9.7,1312,9,2.6,-1,-1
2023-12-13T00:00:34.000Z,U4254044,4282,44.56497,8.87417,16433.0,7.1,40.2,105.7,-273.0,-1.0,-1.0,RS41-SG,403.700,9.7,1312,9,2.7,-1,-1
2023-12-13T00:00:35.000Z,U4254044,4283,44.56487,8.87465,16437.6,2.6,40.5,106.6,-273.0,-1.0,-1.0,RS41-SG,403.700,9.0,1312,9,2.7,-1,-1
2023-12-13T00:00:36.000Z,U4254044,4284,44.56476,8.87514,16442.6,7.3,39.8,107.7,-273.0,-1.0,-1.0,RS41-SG,403.700,8.3,1312,9,2.7,-1,-1
2023-12-13T00:00:37.000Z,U4254044,4285,44.56465,8.87561,16447.6,2.5,39.4,107.6,-273.0,-1.0,-1.0,RS41-SG,403.700,8.6,1312,9,2.6,-1,-1
2023-12-13T00:00:38.000Z,U4254044,4286,44.56454,8.87608,16452.6,7.1,39.1,108.7,-273.0,-1.0,-1.0,RS41-SG,403.700,8.6,1312,9,2.6,-1,-1
2023-12-13T00:00:39.000Z,U4254044,4287,44.56443,8.87655,16458.8,5.1,39.6,108.8,-273.0,-1.0,-1.0,RS41-SG,403.700,8.3,1312,9,2.7,-1,-1
2023-12-13T00:00:42.000Z,U4254044,4290,44.56409,8.87797,16476.2,2.2,40.2,107.5,-273.0,-1.0,-1.0,RS41-SG,403.700,7.1,1312,9,2.6,-1,-1
2023-12-13T00:00:44.000Z,U4254044,4292,44.56388,8.87894,16486.8,2.4,40.4,106.2,-273.0,-1.0,-1.0,RS41-SG,403.700,7.1,1312,9,2.7,-1,-1
2023-12-13T00:06:00.000Z,U4254044,4608,44.53806,9.00556,18063.9,5.0,34.0,102.6,-273.0,-1.0,-1.0,RS41-SG,403.700,7.3,1312,10,2.6,-1,-1
2023-12-13T00:06:01.000Z,U4254044,4609,44.53800,9.00598,18069.6,5.7,35.5,101.8,-273.0,-1.0,-1.0,RS41-SG,403.700,8.1,1312,10,2.7,-1,-1
2023-12-13T00:06:05.000Z,U4254044,4613,44.53776,9.00775,18095.7,6.5,33.9,100.3,-273.0,-1.0,-1.0,RS41-SG,403.700,9.5,1312,10,2.6,-1,-1
2023-12-13T00:06:06.000Z,U4254044,4614,44.53771,9.00816,18102.5,7.1,33.2,100.5,-273.0,-1.0,-1.0,RS41-SG,403.700,9.5,1312,10,2.7,-1,-1
2023-12-13T00:06:08.000Z,U4254044,4616,44.53759,9.00896,18118.5,7.6,31.7,103.9,-273.0,-1.0,-1.0,RS41-SG,403.700,8.5,1312,10,2.6,-1,-1
2023-12-13T00:06:10.000Z,U4254044,4618,44.53744,9.00971,18131.6,9.1,30.5,107.5,-273.0,-1.0,-1.0,RS41-SG,403.700,8.1,1312,10,2.6,-1,-1
2023-12-13T00:06:11.000Z,U4254044,4619,44.53736,9.01008,18138.6,4.8,31.1,108.7,-273.0,-1.0,-1.0,RS41-SG,403.700,8.6,1312,10,2.6,-1,-1
2023-12-13T00:06:12.000Z,U4254044,4620,44.53726,9.01045,18144.8,7.9,31.6,109.6,-273.0,-1.0,-1.0,RS41-SG,403.700,8.6,1312,10,2.7,-1,-1
2023-12-13T00:06:13.000Z,U4254044,4621,44.53717,9.01083,18151.4,5.4,32.2,108.5,-273.0,-1.0,-1.0,RS41-SG,403.700,9.2,1312,10,2.7,-1,-1
2023-12-13T00:06:14.000Z,U4254044,4622,44.53708,9.01121,18157.6,6.5,32.4,108.7,-273.0,-1.0,-1.0,RS41-SG,403.700,9.2,1312,9,2.6,-1,-1
2023-12-13T00:06:15.000Z,U4254044,4623,44.53698,9.01160,18164.9,7.7,32.7,108.2,-273.0,-1.0,-1.0,RS41-SG,403.700,8.9,1312,9,2.6,-1,-1
2023-12-13T00:06:16.000Z,U4254044,4624,44.53689,9.01200,18171.4,4.9,33.3,107.2,-273.0,-1.0,-1.0,RS41-SG,403.700,10.0,1312,9,2.6,-1,-1
2023-12-13T00:06:17.000Z,U4254044,4625,44.53681,9.01241,18178.0,8.5,34.7,105.7,-273.0,-1.0,-1.0,RS41-SG,403.700,10.0,1312,10,2.7,-1,-1
2023-12-13T00:06:18.000Z,U4254044,4626,44.53672,9.01283,18184.7,5.1,34.8,105.9,-273.0,-1.0,-1.0,RS41-SG,403.700,10.0,1312,10,2.7,-1,-1
2023-12-13T00:06:19.000Z,U4254044,4627,44.53664,9.01325,18190.6,6.5,35.2,105.3,-273.0,-1.0,-1.0,RS41-SG,403.700,10.0,1312,10,2.6,-1,-1
2023-12-13T00:06:20.000Z,U4254044,4628,44.53656,9.01368,18197.8,7.4,34.7,104.1,-273.0,-1.0,-1.0,RS41-SG,403.700,10.5,1312,10,2.6,-1,-1
2023-12-13T00:06:21.000Z,U4254044,4629,44.53649,9.01409,18203.7,4.2,34.0,104.0,-273.0,-1.0,-1.0,RS41-SG,403.700,10.5,1312,9,2.6,-1,-1
2023-12-13T00:06:22.000Z,U4254044,4630,44.53641,9.01450,18209.5,8.0,32.8,103.5,-273.0,-1.0,-1.0,RS41-SG,403.700,9.5,1312,10,2.7,-1,-1
2023-12-13T00:06:23.000Z,U4254044,4631,44.53635,9.01490,18216.8,6.2,32.6,102.8,-273.0,-1.0,-1.0,RS41-SG,403.700,8.9,1312,10,2.7,-1,-1
2023-12-13T00:06:24.000Z,U4254044,4632,44.53628,9.01530,18223.8,7.5,32.3,103.5,-273.0,-1.0,-1.0,RS41-SG,403.700,8.9,1312,9,2.6,-1,-1
2023-12-13T00:06:25.000Z,U4254044,4633,44.53621,9.01569,18231.2,6.3,32.3,104.9,-273.0,-1.0,-1.0,RS41-SG,403.700,9.1,1312,10,2.6,-1,-1
2023-12-13T00:06:26.000Z,U4254044,4634,44.53613,9.01608,18237.4,6.4,32.9,105.5,-273.0,-1.0,-1.0,RS41-SG,403.700,9.3,1312,10,2.6,-1,-1
2023-12-13T00:06:27.000Z,U4254044,4635,44.53605,9.01649,18245.5,9.5,34.0,106.8,-273.0,-1.0,-1.0,RS41-SG,403.700,9.7,1312,9,2.6,-1,-1
2023-12-13T00:06:28.000Z,U4254044,4636,44.53596,9.01689,18252.8,5.1,34.1,108.2,-273.0,-1.0,-1.0,RS41-SG,403.700,9.7,1312,9,2.7,-1,-1
2023-12-13T00:06:29.000Z,U4254044,4637,44.53586,9.01730,18260.2,9.8,34.7,109.5,-273.0,-1.0,-1.0,RS41-SG,403.700,9.6,1312,10,2.7,-1,-1
2023-12-13T00:06:30.000Z,U4254044,4638,44.53575,9.01772,18267.4,4.8,35.1,109.0,-273.0,-1.0,-1.0,RS41-SG,403.700,9.6,1312,10,2.6,-1,-1
2023-12-13T00:06:31.000Z,U4254044,4639,44.53565,9.01813,18274.0,8.3,35.1,109.2,-273.0,-1.0,-1.0,RS41-SG,403.700,9.3,1312,10,2.6,-1,-1
2023-12-13T00:06:32.000Z,U4254044,4640,44.53555,9.01855,18279.9,3.8,34.9,109.4,-273.0,-1.0,-1.0,RS41-SG,403.700,9.0,1312,10,2.6,-1,-1
2023-12-13T00:06:33.000Z,U4254044,4641,44.53545,9.01896,18285.6,7.8,34.9,108.0,-273.0,-1.0,-1.0,RS41-SG,403.700,9.1,1312,8,2.7,-1,-1
2023-12-13T00:06:34.000Z,U4254044,4642,44.53535,9.01938,18293.1,6.8,35.1,106.9,-273.0,-1.0,-1.0,RS41-SG,403.700,9.6,1312,10,2.7,-1,-1
2023-12-13T00:06:35.000Z,U4254044,4643,44.53526,9.01980,18300.0,6.6,34.7,106.8,-273.0,-1.0,-1.0,RS41-SG,403.700,9.7,1312,10,2.6,-1,-1
2023-12-13T00:06:36.000Z,U4254044,4644,44.53518,9.02021,18307.7,8.6,34.1,106.5,-273.0,-1.0,-1.0,RS41-SG,403.700,10.3,1312,10,2.6,-1,-1
2023-12-13T00:06:37.000Z,U4254044,4645,44.53509,9.02063,18314.8,5.2,34.5,106.0,-273.0,-1.0,-1.0,RS41-SG,403.700,10.3,1312,10,2.6,-1,-1
2023-12-13T00:06:38.000Z,U4254044,4646,44.53500,9.02105,18322.1,9.4,35.1,106.6,-273.0,-1.0,-1.0,RS41-SG,403.700,9.0,1312,9,2.7,-1,-1
2023-12-13T00:06:39.000Z,U4254044,4647,44.53491,9.02147,18328.9,4.0,34.9,107.0,-273.0,-1.0,-1.0,RS41-SG,403.700,9.0,1312,10,2.7,-1,-1
2023-12-13T00:06:40.000Z,U4254044,4648,44.53482,9.02189,18334.9,8.0,35.1,107.6,-70.6,-1.0,-1.0,RS41-SG,403.700,9.2,1312,9,2.6,-1,-1
2023-12-13T00:06:41.000Z,U4254044,4649,44.53472,9.02231,18341.7,4.8,35.6,107.6,-70.6,-1.0,-1.0,RS41-SG,403.700,9.2,1312,10,2.6,-1,-1
2023-12-13T00:06:42.000Z,U4254044,4650,44.53463,9.02273,18348.0,6.7,35.4,107.5,-70.6,7.7,-1.0,RS41-SG,403.700,9.2,1312,10,2.6,-1,-1
2023-12-13T00:06:43.000Z,U4254044,4651,44.53453,9.02315,18355.6,8.5,34.7,107.8,-70.7,7.6,-1.0,RS41-SG,403.700,9.2,1312,10,2.6,-1,-1
2023-12-13T00:06:45.000Z,U4254044,4653,44.53433,9.02398,18371.1,10.4,34.4,109.9,-70.7,7.6,-1.0,RS41-SG,403.700,9.1,1312,10,2.7,-1,-1
2023-12-13T00:06:46.000Z,U4254044,4654,44.53423,9.02438,18378.4,4.4,33.8,110.6,-70.8,7.6,-1.0,RS41-SG,403.700,9.5,1312,10,2.6,-1,-1
2023-12-13T00:06:47.000Z,U4254044,4655,44.53411,9.02477,18385.7,10.0,32.8,112.6,-70.7,7.5,-1.0,RS41-SG,403.700,9.5,1312,10,2.6,-1,-1
2023-12-13T00:06:48.000Z,U4254044,4656,44.53400,9.02515,18392.4,3.5,33.1,112.6,-70.7,7.5,-1.0,RS41-SG,403.700,8.5,1312,10,2.6,-1,-1
2023-12-13T00:06:49.000Z,U4254044,4657,44.53389,9.02553,18398.5,8.9,32.6,112.2,-70.6,7.2,-1.0,RS41-SG,403.700,8.4,1312,10,2.7,-1,-1
2023-12-13T00:06:50.000Z,U4254044,4658,44.53378,9.02591,18405.6,5.2,32.2,111.9,-70.5,7.2,-1.0,RS41-SG,403.700,7.9,1312,10,2.7,-1,-1
2023-12-13T00:06:51.000Z,U4254044,4659,44.53367,9.02629,18411.9,7.6,32.4,111.1,-70.4,7.1,-1.0,RS41-SG,403.700,8.5,1312,9,2.6,-1,-1
2023-12-13T00:06:52.000Z,U4254044,4660,44.53357,9.02667,18418.9,5.9,33.1,110.4,-70.4,7.2,-1.0,RS41-SG,403.700,9.4,1312,10,2.6,-1,-1
2023-12-13T00:06:53.000Z,U4254044,4661,44.53347,9.02706,18425.4,6.5,32.7,110.8,-70.4,7.2,-1.0,RS41-SG,403.700,9.4,1312,9,2.6,-1,-1
2023-12-13T00:06:54.000Z,U4254044,4662,44.53336,9.02744,18433.4,9.1,32.3,111.1,-70.4,7.2,-1.0,RS41-SG,403.700,9.1,1312,10,2.7,-1,-1
2023-12-13T00:06:55.000Z,U4254044,4663,44.53326,9.02782,18440.8,5.7,32.8,111.2,-70.4,7.2,-1.0,RS41-SG,403.700,9.4,1312,10,2.7,-1,-1
2023-12-13T00:06:56.000Z,U4254044,4664,44.53315,9.02821,18448.9,10.1,32.8,111.5,-70.4,7.3,-1.0,RS41-SG,403.700,10.3,1312,10,2.6,-1,-1
2023-12-13T00:06:57.000Z,U4254044,4665,44.53304,9.02859,18456.0,4.0,32.4,111.7,-70.5,7.4,-1.0,RS41-SG,403.700,10.4,1312,10,2.6,-1,-1
2023-12-13T00:06:58.000Z,U4254044,4666,44.53293,9.02896,18462.9,9.9,32.0,111.6,-70.5,7.4,-1.0,RS41-SG,403.700,10.4,1312,10,2.6,-1,-1
2023-12-13T00:06:59.000Z,U4254044,4667,44.53283,9.02934,18469.5,3.6,32.1,111.4,-70.6,7.5,-1.0,RS41-SG,403.700,10.3,1312,10,2.6,-1,-1
2023-12-13T00:07:00.000Z,U4254044,4668,44.53272,9.02971,18475.9,9.1,31.9,111.7,-70.6,7.5,-1.0,RS41-SG,403.700,10.8,1312,10,2.7,-1,-1
2023-12-13T00:07:01.000Z,U4254044,4669,44.53261,9.03008,18483.2,5.3,31.4,112.1,-70.7,7.5,-1.0,RS41-SG,403.700,10.8,1312,10,2.7,-1,-1
2023-12-13T00:07:02.000Z,U4254044,4670,44.53251,9.03045,18489.9,7.5,31.6,112.6,-70.7,7.5,-1.0,RS41-SG,403.700,11.6,1312,10,2.6,-1,-1
2023-12-13T00:07:03.000Z,U4254044,4671,44.53240,9.03081,18497.0,6.1,31.8,111.9,-70.8,7.6,-1.0,RS41-SG,403.700,11.6,1312,10,2.6,-1,-1
2023-12-13T00:07:04.000Z,U4254044,4672,44.53229,9.03118,18503.0,5.3,31.1,112.5,-70.8,7.6,-1.0,RS41-SG,403.700,10.7,1312,10,2.6,-1,-1
2023-12-13T00:07:05.000Z,U4254044,4673,44.53219,9.03154,18510.4,9.5,30.5,112.3,-70.9,7.7,-1.0,RS41-SG,403.700,10.4,1312,10,2.7,-1,-1
2023-12-13T00:07:06.000Z,U4254044,4674,44.53208,9.03189,18517.5,5.2,30.9,111.2,-70.9,7.6,-1.0,RS41-SG,403.700,10.9,1312,10,2.7,-1,-1
2023-12-13T00:07:07.000Z,U4254044,4675,44.53199,9.03226,18524.9,9.9,31.1,109.9,-71.0,7.7,-1.0,RS41-SG,403.700,10.9,1312,10,2.6,-1,-1
2023-12-13T00:07:08.000Z,U4254044,4676,44.53189,9.03262,18531.9,4.2,30.7,109.8,-71.0,7.8,-1.0,RS41-SG,403.700,11.2,1312,10,2.6,-1,-1
2023-12-13T00:07:09.000Z,U4254044,4677,44.53180,9.03299,18538.2,8.6,31.0,109.5,-71.1,7.7,-1.0,RS41-SG,403.700,11.2,1312,10,2.6,-1,-1
2023-12-13T00:07:10.000Z,U4254044,4678,44.53170,9.03335,18544.2,3.2,31.3,109.6,-71.1,7.8,-1.0,RS41-SG,403.700,11.2,1312,10,2.6,-1,-1
2023-12-13T00:07:11.000Z,U4254044,4679,44.53161,9.03372,18549.4,7.0,31.4,110.8,-71.2,7.7,-1.0,RS41-SG,403.700,11.2,1312,10,2.7,-1,-1
2023-12-13T00:07:12.000Z,U4254044,4680,44.53151,9.03409,18555.5,5.6,30.7,111.3,-71.2,7.9,-1.0,RS41-SG,403.700,11.6,1312,10,2.7,-1,-1
2023-12-13T00:07:13.000Z,U4254044,4681,44.53141,9.03445,18560.4,3.8,30.5,110.9,-71.3,7.9,-1.0,RS41-SG,403.700,11.6,1312,10,2.6,-1,-1
2023-12-13T00:07:14.000Z,U4254044,4682,44.53131,9.03481,18566.1,7.2,30.1,108.3,-71.3,7.9,-1.0,RS41-SG,403.700,10.9,1312,10,2.6,-1,-1
2023-12-13T00:07:15.000Z,U4254044,4683,44.53123,9.03516,18572.7,5.5,29.7,106.3,-71.4,7.9,-1.0,RS41-SG,403.700,11.0,1312,10,2.6,-1,-1
2023-12-13T00:07:16.000Z,U4254044,4684,44.53116,9.03552,18578.7,6.5,30.1,104.6,-71.4,7.9,-1.0,RS41-SG,403.700,11.0,1312,10,2.7,-1,-1
2023-12-13T00:07:17.000Z,U4254044,4685,44.53109,9.03589,18585.4,6.8,30.4,105.3,-71.4,7.8,-1.0,RS41-SG,403.700,10.8,1312,10,2.7,-1,-1
2023-12-13T00:07:18.000Z,U4254044,4686,44.53102,9.03626,18590.5,3.3,30.3,105.2,-71.5,8.0,-1.0,RS41-SG,403.700,9.9,1312,9,2.6,-1,-1
2023-12-13T00:07:19.000Z,U4254044,4687,44.53095,9.03663,18595.6,5.8,31.0,106.6,-71.5,7.9,-1.0,RS41-SG,403.700,9.9,1312,10,2.6,-1,-1
2023-12-13T00:07:20.000Z,U4254044,4688,44.53086,9.03700,18602.0,6.5,31.6,108.7,-71.5,7.9,-1.0,RS41-SG,403.700,10.0,1312,10,2.6,-1,-1
2023-12-13T00:07:21.000Z,U4254044,4689,44.53077,9.03738,18608.7,6.9,32.1,109.6,-71.4,7.8,-1.0,RS41-SG,403.700,10.3,1312,10,2.6,-1,-1
2023-12-13T00:07:22.000Z,U4254044,4690,44.53067,9.03775,18615.9,7.4,31.6,109.6,-71.4,7.8,-1.0,RS41-SG,403.700,10.6,1312,10,2.7,-1,-1
2023-12-13T00:07:23.000Z,U4254044,4691,44.53057,9.03812,18622.8,6.2,30.9,111.0,-71.4,7.7,-1.0,RS41-SG,403.700,10.6,1312,10,2.7,-1,-1
2023-12-13T00:07:24.000Z,U4254044,4692,44.53047,9.03848,18629.5,7.0,30.3,111.5,-71.4,7.7,-1.0,RS41-SG,403.700,10.5,1312,10,2.6,-1,-1
2023-12-13T00:07:25.000Z,U4254044,4693,44.53037,9.03883,18635.6,4.8,29.6,111.2,-71.4,7.8,-1.0,RS41-SG,403.700,10.6,1312,10,2.6,-1,-1
2023-12-13T00:07:26.000Z,U4254044,4694,44.53028,9.03917,18641.0,6.0,28.6,112.1,-71.4,7.7,-1.0,RS41-SG,403.700,10.6,1312,10,2.6,-1,-1
2023-12-13T00:07:27.000Z,U4254044,4695,44.53018,9.03950,18647.0,5.7,28.2,113.0,-71.5,7.8,-1.0,RS41-SG,403.700,10.2,1312,10,2.7,-1,-1
2023-12-13T00:07:28.000Z,U4254044,4696,44.53008,9.03982,18652.2,4.7,27.9,112.6,-71.5,7.8,-1.0,RS41-SG,403.700,9.8,1312,10,2.7,-1,-1
2023-12-13T00:07:29.000Z,U4254044,4697,44.52999,9.04015,18657.6,6.0,28.2,111.4,-71.5,7.8,-1.0,RS41-SG,403.700,10.6,1312,10,2.6,-1,-1
2023-12-13T00:07:30.000Z,U4254044,4698,44.52990,9.04048,18663.4,5.2,29.0,109.6,-71.5,7.8,-1.0,RS41-SG,403.700,11.8,1312,10,2.6,-1,-1
2023-12-13T00:07:31.000Z,U4254044,4699,44.52982,9.04083,18668.2,4.6,29.4,106.9,-71.4,7.8,-1.0,RS41-SG,403.700,11.8,1312,10,2.6,-1,-1
2023-12-13T00:07:32.000Z,U4254044,4700,44.52975,9.04119,18673.8,6.8,30.3,103.9,-71.4,7.5,-1.0,RS41-SG,403.700,10.4,1312,10,2.6,-1,-1
2023-12-13T00:07:33.000Z,U4254044,4701,44.52968,9.04156,18680.0,5.4,31.0,102.9,-71.3,7.5,-1.0,RS41-SG,403.700,10.3,1312,10,2.7,-1,-1
2023-12-13T00:07:34.000Z,U4254044,4702,44.52962,9.04195,18685.8,5.9,31.2,102.8,-71.3,7.3,-1.0,RS41-SG,403.700,10.6,1312,10,2.7,-1,-1
2023-12-13T00:07:35.000Z,U4254044,4703,44.52956,9.04232,18691.6,5.3,30.5,103.2,-71.3,7.3,-1.0,RS41-SG,403.700,10.6,1312,10,2.6,-1,-1
2023-12-13T00:07:36.000Z,U4254044,4704,44.52949,9.04269,18697.1,5.4,29.7,104.8,-71.2,7.2,-1.0,RS41-SG,403.700,10.1,1312,10,2.6,-1,-1
2023-12-13T00:07:37.000Z,U4254044,4705,44.52942,9.04304,18702.8,5.8,29.0,107.7,-71.1,7.2,-1.0,RS41-SG,403.700,9.7,1312,10,2.6,-1,-1
2023-12-13T00:07:38.000Z,U4254044,4706,44.52933,9.04338,18709.0,6.4,28.5,110.7,-71.0,7.2,-1.0,RS41-SG,403.700,9.9,1312,10,2.7,-1,-1
2023-12-13T00:07:39.000Z,U4254044,4707,44.52924,9.04371,18715.6,6.7,28.4,113.2,-71.0,7.0,-1.0,RS41-SG,403.700,10.3,1312,10,2.7,-1,-1
2023-12-13T00:07:40.000Z,U4254044,4708,44.52913,9.04404,18721.2,4.5,28.6,114.2,-71.0,7.2,-1.0,RS41-SG,403.700,10.3,1312,9,2.6,-1,-1
2023-12-13T00:07:41.000Z,U4254044,4709,44.52902,9.04437,18726.3,5.0,29.5,114.7,-70.9,7.2,-1.0,RS41-SG,403.700,10.2,1312,9,2.6,-1,-1
2023-12-13T00:07:42.000Z,U4254044,4710,44.52891,9.04472,18731.9,6.0,31.1,113.8,-70.8,7.2,-1.0,RS41-SG,403.700,11.8,1312,10,2.6,-1,-1
2023-12-13T00:07:43.000Z,U4254044,4711,44.52880,9.04509,18738.5,7.0,32.3,111.8,-70.7,7.2,-1.0,RS41-SG,403.700,11.8,1312,10,2.6,-1,-1
2023-12-13T00:07:44.000Z,U4254044,4712,44.52870,9.04547,18745.7,7.4,33.3,109.4,-70.7,7.0,-1.0,RS41-SG,403.700,11.8,1312,10,2.7,-1,-1
2023-12-13T00:07:45.000Z,U4254044,4713,44.52860,9.04587,18752.2,5.5,33.6,107.3,-70.7,7.0,-1.0,RS41-SG,403.700,12.8,1312,10,2.7,-1,-1
2023-12-13T00:07:46.000Z,U4254044,4714,44.52852,9.04627,18758.1,6.5,33.5,105.2,-70.7,7.1,-1.0,RS41-SG,403.700,13.5,1312,10,2.6,-1,-1
2023-12-13T00:07:47.000Z,U4254044,4715,44.52844,9.04668,18763.8,4.7,32.9,104.6,-70.7,7.3,-1.0,RS41-SG,403.700,13.5,1312,10,2.6,-1,-1
2023-12-13T00:07:48.000Z,U4254044,4716,44.52837,9.04707,18769.0,5.6,32.5,103.4,-70.6,7.3,-1.0,RS41-SG,403.700,11.9,1312,10,2.6,-1,-1
2023-12-13T00:07:49.000Z,U4254044,4717,44.52831,9.04747,18774.9,6.3,32.2,101.9,-70.7,7.4,-1.0,RS41-SG,403.700,11.8,1312,10,2.7,-1,-1
2023-12-13T00:07:50.000Z,U4254044,4718,44.52825,9.04786,18781.4,6.5,31.7,101.6,-70.7,7.4,-1.0,RS41-SG,403.700,11.5,1312,10,2.7,-1,-1
2023-12-13T00:07:51.000Z,U4254044,4719,44.52819,9.04825,18787.0,4.6,31.5,102.0,-70.7,7.5,-1.0,RS41-SG,403.700,12.3,1312,10,2.6,-1,-1
2023-12-13T00:07:52.000Z,U4254044,4720,44.52814,9.04864,18792.1,5.4,31.5,101.9,-70.7,7.6,-1.0,RS41-SG,403.700,12.3,1312,10,2.6,-1,-1
2023-12-13T00:07:53.000Z,U4254044,4721,44.52808,9.04902,18797.8,5.9,31.2,101.5,-70.7,7.6,-1.0,RS41-SG,403.700,12.0,1312,10,2.6,-1,-1
2023-12-13T00:07:54.000Z,U4254044,4722,44.52802,9.04941,18804.0,6.2,31.2,100.9,-70.7,7.6,-1.0,RS41-SG,403.700,11.5,1312,10,2.6,-1,-1
2023-12-13T00:07:55.000Z,U4254044,4723,44.52797,9.04979,18810.6,7.0,31.5,99.5,-70.7,7.5,-1.0,RS41-SG,403.700,11.9,1312,9,2.7,-1,-1
2023-12-13T00:07:56.000Z,U4254044,4724,44.52793,9.05019,18817.4,6.4,31.9,98.1,-70.7,7.6,-1.0,RS41-SG,403.700,12.0,1312,10,2.7,-1,-1
2023-12-13T00:07:57.000Z,U4254044,4725,44.52789,9.05058,18824.6,7.5,31.9,97.8,-70.7,7.5,-1.0,RS41-SG,403.700,12.2,1312,10,2.6,-1,-1
2023-12-13T00:07:58.000Z,U4254044,4726,44.52785,9.05098,18830.4,3.4,31.8,98.7,-70.7,7.6,-1.0,RS41-SG,403.700,12.2,1312,10,2.6,-1,-1
2023-12-13T00:07:59.000Z,U4254044,4727,44.52781,9.05137,18834.8,5.4,31.5,98.3,-70.8,7.7,-1.0,RS41-SG,403.700,11.8,1312,10,2.6,-1,-1
2023-12-13T00:08:00.000Z,U4254044,4728,44.52777,9.05176,18840.5,6.0,31.7,97.1,-70.8,7.7,-1.0,RS41-SG,403.700,11.4,1312,10,2.7,-1,-1
2023-12-13T00:08:01.000Z,U4254044,4729,44.52773,9.05216,18846.0,5.1,32.2,97.6,-70.8,7.6,-1.0,RS41-SG,403.700,11.4,1312,10,2.7,-1,-1
2023-12-13T00:08:02.000Z,U4254044,4730,44.52769,9.05257,18851.4,5.5,33.5,98.1,-70.8,7.7,-1.0,RS41-SG,403.700,10.9,1312,10,2.6,-1,-1
2023-12-13T00:08:03.000Z,U4254044,4731,44.52765,9.05299,18857.0,5.4,34.8,98.7,-70.7,7.5,-1.0,RS41-SG,403.700,10.9,1312,10,2.6,-1,-1
2023-12-13T00:08:04.000Z,U4254044,4732,44.52760,9.05343,18862.5,4.6,36.3,100.1,-70.6,7.5,-1.0,RS41-SG,403.700,11.2,1312,10,2.6,-1,-1
2023-12-13T00:08:05.000Z,U4254044,4733,44.52754,9.05389,18867.6,5.4,37.7,101.5,-70.5,7.3,-1.0,RS41-SG,403.700,11.4,1312,9,2.6,-1,-1
2023-12-13T00:08:06.000Z,U4254044,4734,44.52746,9.05436,18873.6,6.3,38.6,102.7,-70.5,7.3,-1.0,RS41-SG,403.700,11.4,1312,10,2.7,-1,-1
2023-12-13T00:08:07.000Z,U4254044,4735,44.52739,9.05483,18879.1,4.8,38.5,103.5,-70.5,7.2,-1.0,RS41-SG,403.700,12.1,1312,10,2.7,-1,-1
2023-12-13T00:08:08.000Z,U4254044,4736,44.52731,9.05529,18884.9,6.7,38.3,103.6,-70.6,7.2,-1.0,RS41-SG,403.700,12.1,1312,10,2.6,-1,-1
2023-12-13T00:08:09.000Z,U4254044,4737,44.52723,9.05576,18890.7,4.2,37.8,102.3,-70.6,7.3,-1.0,RS41-SG,403.700,10.6,1312,10,2.6,-1,-1
2023-12-13T00:08:10.000Z,U4254044,4738,44.52716,9.05622,18895.6,5.3,37.1,101.3,-70.6,7.3,-1.0,RS41-SG,403.700,10.2,1312,10,2.6,-1,-1
2023-12-13T00:08:11.000Z,U4254044,4739,44.52710,9.05667,18901.2,5.7,35.9,100.4,-70.7,7.4,-1.0,RS41-SG,403.700,9.6,1312,10,2.7,-1,-1
2023-12-13T00:08:12.000Z,U4254044,4740,44.52704,9.05711,18906.7,5.4,35.5,99.2,-70.7,7.5,-1.0,RS41-SG,403.700,10.3,1312,10,2.7,-1,-1
2023-12-13T00:08:13.000Z,U4254044,4741,44.52699,9.05755,18912.7,6.5,34.9,98.6,-70.7,7.6,-1.0,RS41-SG,403.700,10.3,1312,10,2.6,-1,-1
2023-12-13T00:08:14.000Z,U4254044,4742,44.52695,9.05797,18918.3,4.9,34.0,98.2,-70.7,7.8,-1.0,RS41-SG,403.700,10.2,1312,10,2.6,-1,-1
2023-12-13T00:08:15.000Z,U4254044,4743,44.52691,9.05839,18924.1,6.7,33.8,97.5,-70.8,7.8,-1.0,RS41-SG,403.700,10.5,1312,10,2.6,-1,-1
2023-12-13T00:08:16.000Z,U4254044,4744,44.52687,9.05882,18930.6,6.2,34.1,97.2,-70.8,7.9,-1.0,RS41-SG,403.700,10.5,1312,10,2.6,-1,-1
2023-12-13T00:08:17.000Z,U4254044,4745,44.52683,9.05924,18937.4,7.1,34.3,96.5,-70.9,8.0,-1.0,RS41-SG,403.700,10.4,1312,10,2.7,-1,-1
2023-12-13T00:08:18.000Z,U4254044,4746,44.52680,9.05967,18944.6,7.4,34.5,95.9,-70.9,7.9,-1.0,RS41-SG,403.700,10.4,1312,10,2.7,-1,-1
2023-12-13T00:08:19.000Z,U4254044,4747,44.52677,9.06011,18951.4,5.4,35.1,96.2,-71.0,8.0,-1.0,RS41-SG,403.700,9.0,1312,10,2.6,-1,-1
2023-12-13T00:08:20.000Z,U4254044,4748,44.52673,9.06055,18957.7,6.9,36.4,95.9,-71.0,8.1,-1.0,RS41-SG,403.700,8.9,1312,10,2.6,-1,-1
2023-12-13T00:08:21.000Z,U4254044,4749,44.52670,9.06101,18963.4,4.1,37.1,95.3,-71.1,8.1,-1.0,RS41-SG,403.700,9.2,1312,10,2.6,-1,-1
2023-12-13T00:08:22.000Z,U4254044,4750,44.52667,9.06148,18968.8,6.5,38.2,95.9,-71.1,8.0,-1.0,RS41-SG,403.700,9.2,1312,10,2.7,-1,-1
2023-12-13T00:08:23.000Z,U4254044,4751,44.52663,9.06196,18975.4,6.5,38.3,97.5,-71.2,8.0,-1.0,RS41-SG,403.700,9.1,1312,10,2.7,-1,-1
2023-12-13T00:08:24.000Z,U4254044,4752,44.52658,9.06243,18980.2,2.9,37.8,97.7,-71.2,8.0,-1.0,RS41-SG,403.700,8.9,1312,10,2.6,-1,-1
2023-12-13T00:08:25.000Z,U4254044,4753,44.52654,9.06290,18984.9,6.2,37.2,98.4,-71.3,8.0,-1.0,RS41-SG,403.700,8.7,1312,10,2.6,-1,-1
2023-12-13T00:08:26.000Z,U4254044,4754,44.52648,9.06336,18990.6,4.9,37.1,99.6,-71.3,8.0,-1.0,RS41-SG,403.700,9.9,1312,10,2.6,-1,-1
2023-12-13T00:08:27.000Z,U4254044,4755,44.52643,9.06381,18996.3,6.6,36.6,99.5,-71.4,8.0,-1.0,RS41-SG,403.700,9.9,1312,10,2.6,-1,-1
2023-12-13T00:08:28.000Z,U4254044,4756,44.52638,9.06426,19003.2,6.8,35.9,98.7,-71.4,8.0,-1.0,RS41-SG,403.700,8.0,1312,10,2.7,-1,-1
2023-12-13T00:08:30.000Z,U4254044,4758,44.52628,9.06515,19013.8,7.0,35.9,97.2,-71.5,8.1,-1.0,RS41-SG,403.700,8.2,1312,10,2.6,-1,-1
2023-12-13T00:08:31.000Z,U4254044,4759,44.52625,9.06560,19019.9,4.6,36.0,95.5,-71.6,8.1,-1.0,RS41-SG,403.700,7.8,1312,10,2.6,-1,-1
2023-12-13T00:08:32.000Z,U4254044,4760,44.52622,9.06605,19025.5,6.2,36.6,94.9,-71.6,8.1,-1.0,RS41-SG,403.700,7.7,1312,10,2.6,-1,-1
2023-12-13T00:08:33.000Z,U4254044,4761,44.52619,9.06651,19032.4,7.6,37.0,95.4,-71.7,8.0,-1.0,RS41-SG,403.700,8.0,1312,9,2.7,-1,-1
2023-12-13T00:08:34.000Z,U4254044,4762,44.52616,9.06698,19039.1,5.6,37.0,95.5,-71.7,8.0,-1.0,RS41-SG,403.700,9.0,1312,10,2.7,-1,-1
2023-12-13T00:08:35.000Z,U4254044,4763,44.52612,9.06744,19045.5,6.5,37.8,96.0,-71.8,8.0,-1.0,RS41-SG,403.700,9.1,1312,10,2.6,-1,-1
2023-12-13T00:08:36.000Z,U4254044,4764,44.52608,9.06791,19052.3,6.5,37.9,97.5,-71.8,8.0,-1.0,RS41-SG,403.700,9.2,1312,9,2.6,-1,-1
2023-12-13T00:08:37.000Z,U4254044,4765,44.52604,9.06839,19057.1,2.6,37.9,97.8,-71.9,8.1,-1.0,RS41-SG,403.700,9.2,1312,10,2.6,-1,-1
2023-12-13T00:08:38.000Z,U4254044,4766,44.52599,9.06886,19061.5,5.7,38.1,99.4,-71.9,8.2,-1.0,RS41-SG,403.700,9.8,1312,10,2.6,-1,-1
2023-12-13T00:08:39.000Z,U4254044,4767,44.52593,9.06933,19067.7,6.5,38.1,101.5,-71.9,8.2,-1.0,RS41-SG,403.700,9.8,1312,10,2.7,-1,-1
2023-12-13T00:08:40.000Z,U4254044,4768,44.52586,9.06980,19073.9,6.0,38.3,102.1,-72.0,8.1,-1.0,RS41-SG,403.700,9.2,1312,10,2.7,-1,-1
2023-12-13T00:08:41.000Z,U4254044,4769,44.52578,9.07027,19079.6,5.1,38.3,102.1,-72.0,8.1,-1.0,RS41-SG,403.700,9.4,1312,10,2.6,-1,-1
2023-12-13T00:08:42.000Z,U4254044,4770,44.52571,9.07073,19083.9,3.0,37.8,101.5,-72.0,8.0,-1.0,RS41-SG,403.700,9.4,1312,10,2.6,-1,-1
2023-12-13T00:08:43.000Z,U4254044,4771,44.52565,9.07120,19087.6,4.3,37.2,99.2,-72.0,8.1,-1.0,RS41-SG,403.700,9.6,1312,10,2.6,-1,-1
2023-12-13T00:08:44.000Z,U4254044,4772,44.52561,9.07166,19093.2,6.8,37.0,96.6,-72.0,8.1,-1.0,RS41-SG,403.700,9.6,1312,10,2.6,-1,-1
2023-12-13T00:08:45.000Z,U4254044,4773,44.52557,9.07212,19099.1,5.1,36.9,95.1,-72.1,8.1,-1.0,RS41-SG,403.700,9.7,1312,10,2.7,-1,-1
2023-12-13T00:08:46.000Z,U4254044,4774,44.52555,9.07258,19104.9,6.5,37.8,94.3,-72.1,8.1,-1.0,RS41-SG,403.700,9.7,1312,10,2.7,-1,-1
2023-12-13T00:08:47.000Z,U4254044,4775,44.52552,9.07306,19111.4,5.8,39.0,95.4,-72.1,8.1,-1.0,RS41-SG,403.700,10.1,1312,10,2.6,-1,-1
2023-12-13T00:08:48.000Z,U4254044,4776,44.52548,9.07355,19116.3,4.3,39.5,95.8,-72.0,8.1,-1.0,RS41-SG,403.700,10.1,1312,10,2.6,-1,-1
2023-12-13T00:08:49.000Z,U4254044,4777,44.52544,9.07406,19121.8,6.6,41.3,96.8,-71.9,7.9,-1.0,RS41-SG,403.700,10.0,1312,10,2.6,-1,-1
2023-12-13T00:08:50.000Z,U4254044,4778,44.52539,9.07458,19126.9,3.4,42.1,98.4,-71.9,8.0,-1.0,RS41-SG,403.700,11.0,1312,10,2.7,-1,-1
2023-12-13T00:08:51.000Z,U4254044,4779,44.52534,9.07511,19131.4,5.4,43.4,99.6,-71.7,7.7,-1.0,RS41-SG,403.700,11.0,1312,10,2.7,-1,-1
2023-12-13T00:08:52.000Z,U4254044,4780,44.52527,9.07565,19137.6,6.6,44.1,100.5,-71.6,7.5,-1.0,RS41-SG,403.700,11.1,1312,10,2.6,-1,-1
2023-12-13T00:08:53.000Z,U4254044,4781,44.52519,9.07619,19143.6,4.7,43.8,101.5,-71.5,7.4,-1.0,RS41-SG,403.700,11.1,1312,10,2.6,-1,-1
2023-12-13T00:08:54.000Z,U4254044,4782,44.52511,9.07672,19150.1,8.0,42.8,102.1,-71.3,7.3,-1.0,RS41-SG,403.700,10.8,1312,10,2.6,-1,-1
2023-12-13T00:08:55.000Z,U4254044,4783,44.52503,9.07724,19156.7,5.1,42.3,102.1,-71.1,7.1,-1.0,RS41-SG,403.700,11.5,1312,10,2.6,-1,-1
2023-12-13T00:08:56.000Z,U4254044,4784,44.52495,9.07776,19161.4,4.4,41.1,102.4,-70.9,7.1,-1.0,RS41-SG,403.700,11.5,1312,10,2.7,-1,-1
2023-12-13T00:08:57.000Z,U4254044,4785,44.52488,9.07825,19166.6,5.7,39.4,101.5,-70.7,7.0,-1.0,RS41-SG,403.700,11.4,1312,10,2.7,-1,-1
2023-12-13T00:08:58.000Z,U4254044,4786,44.52481,9.07873,19171.6,4.0,39.0,101.5,-70.6,7.1,-1.0,RS41-SG,403.700,11.4,1312,10,2.6,-1,-1
2023-12-13T00:08:59.000Z,U4254044,4787,44.52474,9.07921,19177.2,6.6,38.1,100.2,-70.5,7.1,-1.0,RS41-SG,403.700,11.3,1312,10,2.6,-1,-1
2023-12-13T00:09:00.000Z,U4254044,4788,44.52469,9.07968,19183.5,5.6,37.9,98.9,-70.5,7.1,-1.0,RS41-SG,403.700,11.5,1312,10,2.6,-1,-1
2023-12-13T00:09:01.000Z,U4254044,4789,44.52464,9.08015,19189.5,6.2,37.7,99.0,-70.5,7.0,-1.0,RS41-SG,403.700,12.6,1312,10,2.7,-1,-1
2023-12-13T00:09:02.000Z,U4254044,4790,44.52458,9.08061,19195.9,5.9,37.5,100.3,-70.5,7.1,-1.0,RS41-SG,403.700,12.6,1312,10,2.7,-1,-1
2023-12-13T00:09:03.000Z,U4254044,4791,44.52452,9.08107,19200.2,2.3,37.6,100.7,-70.5,7.1,-1.0,RS41-SG,403.700,12.6,1312,9,2.6,-1,-1
2023-12-13T00:09:04.000Z,U4254044,4792,44.52445,9.08154,19203.8,4.3,38.2,102.8,-70.5,7.2,-1.0,RS41-SG,403.700,10.6,1312,10,2.6,-1,-1
2023-12-13T00:09:05.000Z,U4254044,4793,44.52436,9.08201,19209.6,6.9,39.0,105.4,-70.5,7.2,-1.0,RS41-SG,403.700,10.6,1312,9,2.6,-1,-1
2023-12-13T00:09:06.000Z,U4254044,4794,44.52427,9.08248,19215.6,4.7,39.8,106.2,-70.5,7.2,-1.0,RS41-SG,403.700,11.4,1312,10,2.6,-1,-1
2023-12-13T00:09:07.000Z,U4254044,4795,44.52416,9.08296,19221.8,7.2,40.2,107.2,-70.5,7.2,-1.0,RS41-SG,403.700,11.4,1312,10,2.7,-1,-1
2023-12-13T00:09:08.000Z,U4254044,4796,44.52406,9.08345,19227.6,4.3,39.9,106.6,-70.6,7.2,-1.0,RS41-SG,403.700,10.9,1312,10,2.7,-1,-1
2023-12-13T00:09:09.000Z,U4254044,4797,44.52396,9.08393,19232.5,4.9,39.7,105.1,-70.6,7.2,-1.0,RS41-SG,403.700,10.5,1312,10,2.6,-1,-1
2023-12-13T00:09:10.000Z,U4254044,4798,44.52387,9.08441,19238.4,6.6,39.6,103.3,-70.6,7.3,-1.0,RS41-SG,403.700,11.0,1312,10,2.6,-1,-1
2023-12-13T00:09:11.000Z,U4254044,4799,44.52379,9.08489,19243.7,3.5,38.9,103.0,-70.6,7.3,-1.0,RS41-SG,403.700,11.2,1312,10,2.6,-1,-1
2023-12-13T00:09:12.000Z,U4254044,4800,44.52372,9.08536,19248.6,6.0,38.4,102.3,-70.6,7.3,-1.0,RS41-SG,403.700,11.2,1312,10,2.6,-1,-1
2023-12-13T00:09:13.000Z,U4254044,4801,44.52364,9.08583,19254.6,6.1,38.2,102.5,-70.5,7.3,-1.0,RS41-SG,403.700,10.8,1312,9,2.7,-1,-1
2023-12-13T00:09:14.000Z,U4254044,4802,44.52357,9.08629,19260.2,4.8,37.2,102.0,-70.4,7.2,-1.0,RS41-SG,403.700,10.3,1312,10,2.7,-1,-1
2023-12-13T00:09:15.000Z,U4254044,4803,44.52351,9.08674,19266.8,8.1,36.4,101.4,-70.3,7.1,-1.0,RS41-SG,403.700,11.0,1312,10,2.6,-1,-1
2023-12-13T00:09:16.000Z,U4254044,4804,44.52344,9.08719,19272.2,2.2,36.6,102.0,-70.2,7.2,-1.0,RS41-SG,403.700,12.5,1312,10,2.6,-1,-1
2023-12-13T00:09:17.000Z,U4254044,4805,44.52337,9.08764,19276.9,6.7,36.5,102.9,-70.2,7.2,-1.0,RS41-SG,403.700,12.5,1312,10,2.6,-1,-1
2023-12-13T00:09:18.000Z,U4254044,4806,44.52330,9.08809,19283.1,5.3,36.0,102.6,-70.2,7.3,-1.0,RS41-SG,403.700,11.2,1312,10,2.7,-1,-1
2023-12-13T00:09:19.000Z,U4254044,4807,44.52323,9.08853,19288.5,5.5,36.4,103.2,-70.3,7.2,-1.0,RS41-SG,403.700,11.2,1312,10,2.7,-1,-1
2023-12-13T00:09:20.000Z,U4254044,4808,44.52315,9.08898,19295.4,7.8,37.4,104.0,-70.3,7.2,-1.0,RS41-SG,403.700,11.2,1312,10,2.6,-1,-1
2023-12-13T00:09:21.000Z,U4254044,4809,44.52307,9.08943,19301.1,3.6,37.2,103.7,-70.3,7.4,-1.0,RS41-SG,403.700,11.0,1312,10,2.6,-1,-1
2023-12-13T00:09:22.000Z,U4254044,4810,44.52299,9.08989,19306.9,7.2,38.2,103.8,-70.2,7.3,-1.0,RS41-SG,403.700,10.4,1312,9,2.6,-1,-1
2023-12-13T00:09:23.000Z,U4254044,4811,44.52291,9.09037,19312.7,4.2,39.3,104.2,-70.2,7.4,-1.0,RS41-SG,403.700,10.6,1312,10,2.6,-1,-1
2023-12-13T00:09:24.000Z,U4254044,4812,44.52282,9.09085,19317.5,4.9,40.1,104.2,-70.2,7.3,-1.0,RS41-SG,403.700,11.3,1312,10,2.7,-1,-1
2023-12-13T00:09:25.000Z,U4254044,4813,44.52273,9.09134,19323.4,7.1,40.5,104.0,-70.1,7.3,-1.0,RS41-SG,403.700,11.3,1312,10,2.7,-1,-1
2023-12-13T00:09:26.000Z,U4254044,4814,44.52264,9.09183,19329.4,3.6,40.9,104.8,-70.1,7.3,-1.0,RS41-SG,403.700,10.8,1312,10,2.6,-1,-1
2023-12-13T00:09:27.000Z,U4254044,4815,44.52254,9.09233,19334.9,7.2,40.9,105.1,-69.9,7.1,-1.0,RS41-SG,403.700,10.7,1312,10,2.6,-1,-1
2023-12-13T00:09:28.000Z,U4254044,4816,44.52245,9.09282,19341.0,4.4,40.3,104.8,-69.8,7.1,-1.0,RS41-SG,403.700,11.2,1312,10,2.6,-1,-1
2023-12-13T00:09:29.000Z,U4254044,4817,44.52236,9.09331,19346.0,5.0,40.1,105.2,-69.6,7.0,-1.0,RS41-SG,403.700,11.2,1312,10,2.6,-1,-1
2023-12-13T00:09:31.000Z,U4254044,4819,44.52217,9.09427,19359.2,4.2,39.1,104.3,-69.5,6.9,-1.0,RS41-SG,403.700,10.3,1312,10,2.7,-1,-1
2023-12-13T00:09:32.000Z,U4254044,4820,44.52209,9.09475,19365.0,7.4,38.9,103.1,-69.4,7.0,-1.0,RS41-SG,403.700,10.4,1312,10,2.6,-1,-1
2023-12-13T00:09:33.000Z,U4254044,4821,44.52201,9.09522,19370.2,2.3,39.0,103.2,-69.4,7.0,-1.0,RS41-SG,403.700,10.9,1312,10,2.6,-1,-1
2023-12-13T00:09:34.000Z,U4254044,4822,44.52193,9.09570,19374.4,5.8,39.1,101.4,-69.4,7.0,-1.0,RS41-SG,403.700,10.9,1312,10,2.6,-1,-1
2023-12-13T00:09:35.000Z,U4254044,4823,44.52187,9.09618,19380.5,6.6,39.2,100.0,-69.4,7.1,-1.0,RS41-SG,403.700,10.0,1312,10,2.7,-1,-1
2023-12-13T00:09:36.000Z,U4254044,4824,44.52181,9.09667,19386.1,4.2,39.6,99.5,-69.4,7.0,-1.0,RS41-SG,403.700,10.0,1312,10,2.7,-1,-1
2023-12-13T00:09:37.000Z,U4254044,4825,44.52175,9.09716,19391.9,7.3,40.3,99.1,-69.4,7.0,-1.0,RS41-SG,403.700,10.6,1312,10,2.6,-1,-1
2023-12-13T00:09:38.000Z,U4254044,4826,44.52170,9.09767,19397.7,4.1,40.6,98.5,-69.4,7.1,-1.0,RS41-SG,403.700,10.6,1312,10,2.6,-1,-1
2023-12-13T00:09:39.000Z,U4254044,4827,44.52164,9.09817,19402.6,5.2,41.1,98.6,-69.4,7.0,-1.0,RS41-SG,403.700,10.0,1312,10,2.6,-1,-1
2023-12-13T00:09:40.000Z,U4254044,4828,44.52158,9.09869,19408.8,6.5,41.2,99.5,-69.4,7.1,-1.0,RS41-SG,403.700,9.0,1312,10,2.6,-1,-1
2023-12-13T00:09:41.000Z,U4254044,4829,44.52152,9.09919,19414.2,4.1,41.0,99.3,-69.5,7.2,-1.0,RS41-SG,403.700,9.0,1312,10,2.7,-1,-1
2023-12-13T00:09:42.000Z,U4254044,4830,44.52146,9.09970,19419.9,7.3,40.9,99.6,-69.4,7.0,-1.0,RS41-SG,403.700,8.3,1312,10,2.7,-1,-1
2023-12-13T00:09:43.000Z,U4254044,4831,44.52140,9.10020,19426.5,5.5,40.3,100.6,-69.4,7.0,-1.0,RS41-SG,403.700,9.6,1312,10,2.6,-1,-1
2023-12-13T00:09:44.000Z,U4254044,4832,44.52133,9.10070,19432.2,5.7,40.1,100.6,-69.3,7.0,-1.0,RS41-SG,403.700,9.6,1312,9,2.6,-1,-1
2023-12-13T00:09:45.000Z,U4254044,4833,44.52126,9.10119,19439.0,7.7,40.1,101.1,-69.3,7.0,-1.0,RS41-SG,403.700,9.1,1312,10,2.6,-1,-1
2023-12-13T00:09:46.000Z,U4254044,4834,44.52119,9.10168,19444.2,2.3,39.9,101.8,-69.4,7.1,-1.0,RS41-SG,403.700,9.9,1312,10,2.6,-1,-1
2023-12-13T00:09:47.000Z,U4254044,4835,44.52112,9.10217,19449.0,7.1,40.0,102.4,-69.4,7.1,-1.0,RS41-SG,403.700,9.9,1312,10,2.7,-1,-1
2023-12-13T00:09:48.000Z,U4254044,4836,44.52104,9.10267,19455.7,5.8,40.9,102.6,-69.4,7.1,-1.0,RS41-SG,403.700,9.9,1312,10,2.7,-1,-1
2023-12-13T00:09:49.000Z,U4254044,4837,44.52096,9.10317,19461.8,6.1,41.0,103.1,-69.3,7.0,-1.0,RS41-SG,403.700,9.7,1312,10,2.6,-1,-1
2023-12-13T00:09:50.000Z,U4254044,4838,44.52087,9.10367,19469.2,8.5,41.2,104.0,-69.3,7.0,-1.0,RS41-SG,403.700,9.3,1312,10,2.6,-1,-1
2023-12-13T00:09:51.000Z,U4254044,4839,44.52078,9.10417,19475.3,3.2,41.5,104.2,-69.4,7.0,-1.0,RS41-SG,403.700,10.0,1312,10,2.6,-1,-1
2023-12-13T00:09:52.000Z,U4254044,4840,44.52069,9.10467,19480.7,7.4,41.0,105.3,-69.4,7.0,-1.0,RS41-SG,403.700,10.0,1312,9,2.6,-1,-1
2023-12-13T00:09:53.000Z,U4254044,4841,44.52059,9.10516,19486.5,3.9,40.0,105.8,-69.5,7.1,-1.0,RS41-SG,403.700,9.6,1312,9,2.7,-1,-1
2023-12-13T00:09:54.000Z,U4254044,4842,44.52049,9.10564,19491.2,5.1,39.7,107.1,-69.5,7.1,-1.0,RS41-SG,403.700,9.1,1312,10,2.7,-1,-1
2023-12-13T00:09:55.000Z,U4254044,4843,44.52038,9.10611,19497.7,8.3,39.2,107.8,-69.5,7.3,-1.0,RS41-SG,403.700,9.1,1312,10,2.6,-1,-1
2023-12-13T00:09:56.000Z,U4254044,4844,44.52027,9.10658,19503.9,3.8,38.4,108.0,-69.5,7.2,-1.0,RS41-SG,403.700,9.2,1312,10,2.6,-1,-1
2023-12-13T00:09:57.000Z,U4254044,4845,44.52017,9.10703,19509.7,7.7,37.8,107.6,-69.5,7.1,-1.0,RS41-SG,403.700,9.4,1312,10,2.6,-1,-1
2023-12-13T00:09:58.000Z,U4254044,4846,44.52007,9.10749,19516.3,5.2,38.1,107.1,-69.5,7.1,-1.0,RS41-SG,403.700,9.4,1312,10,2.7,-1,-1
2023-12-13T00:09:59.000Z,U4254044,4847,44.51997,9.10794,19521.2,5.0,37.5,106.1,-69.5,7.1,-1.0,RS41-SG,403.700,8.7,1312,10,2.7,-1,-1
2023-12-13T00:10:00.000Z,U4254044,4848,44.51988,9.10839,19528.2,8.6,37.0,105.1,-69.4,7.2,-1.0,RS41-SG,403.700,8.7,1312,10,2.6,-1,-1
2023-12-13T00:10:01.000Z,U4254044,4849,44.51980,9.10884,19534.1,3.2,37.4,105.2,-69.4,7.1,-1.0,RS41-SG,403.700,8.5,1312,10,2.6,-1,-1
2023-12-13T00:10:04.000Z,U4254044,4852,44.51954,9.11020,19550.4,5.3,37.3,104.2,-69.2,6.9,-1.0,RS41-SG,403.700,7.6,1312,10,2.7,-1,-1
2023-12-13T00:10:05.000Z,U4254044,4853,44.51946,9.11066,19556.8,7.8,37.5,104.6,-69.1,6.8,-1.0,RS41-SG,403.700,7.6,1312,10,2.7,-1,-1
2023-12-13T00:10:07.000Z,U4254044,4855,44.51929,9.11155,19568.0,7.1,36.4,105.4,-69.0,6.8,-1.0,RS41-SG,403.700,7.4,1312,10,2.6,-1,-1
2023-12-13T00:10:24.000Z,U4254044,4872,44.51784,9.11872,19666.2,3.7,33.4,110.0,-69.1,6.8,-1.0,RS41-SG,403.700,6.7,1312,10,2.6,-1,-1
2023-12-13T00:10:25.000Z,U4254044,4873,44.51774,9.11911,19671.4,6.2,32.7,108.8,-69.1,6.7,-1.0,RS41-SG,403.700,8.2,1312,10,2.6,-1,-1
2023-12-13T00:10:26.000Z,U4254044,4874,44.51765,9.11949,19678.1,6.8,31.9,107.4,-69.1,6.8,-1.0,RS41-SG,403.700,8.2,1312,10,2.6,-1,-1
2023-12-13T00:10:27.000Z,U4254044,4875,44.51757,9.11988,19683.4,4.0,32.1,106.1,-69.1,6.8,-1.0,RS41-SG,403.700,7.7,1312,10,2.7,-1,-1
2023-12-13T00:10:29.000Z,U4254044,4877,44.51742,9.12066,19694.9,5.4,31.9,105.3,-69.0,6.7,-1.0,RS41-SG,403.700,7.0,1312,10,2.6,-1,-1
2023-12-13T00:10:30.000Z,U4254044,4878,44.51734,9.12104,19700.7,5.6,32.2,105.1,-69.0,6.7,-1.0,RS41-SG,403.700,8.0,1312,10,2.6,-1,-1
2023-12-13T00:10:31.000Z,U4254044,4879,44.51727,9.12144,19707.2,7.2,32.9,105.7,-69.0,6.7,-1.0,RS41-SG,403.700,8.0,1312,10,2.6,-1,-1
2023-12-13T00:10:32.000Z,U4254044,4880,44.51718,9.12183,19712.6,3.5,32.7,106.6,-69.0,6.8,-1.0,RS41-SG,403.700,7.5,1312,10,2.6,-1,-1
2023-12-13T00:10:33.000Z,U4254044,4881,44.51710,9.12223,19717.6,6.4,33.1,107.8,-69.1,6.8,-1.0,RS41-SG,403.700,7.2,1312,10,2.7,-1,-1
2023-12-13T00:10:34.000Z,U4254044,4882,44.51701,9.12262,19724.0,6.3,33.6,107.7,-69.1,6.7,-1.0,RS41-SG,403.700,7.6,1312,10,2.7,-1,-1
2023-12-13T00:10:36.000Z,U4254044,4884,44.51681,9.12342,19735.8,6.7,33.4,108.9,-69.1,6.7,-1.0,RS41-SG,403.700,8.1,1312,10,2.6,-1,-1
2023-12-13T00:10:37.000Z,U4254044,4885,44.51672,9.12382,19739.2,-0.3,33.6,108.9,-69.2,6.8,-1.0,RS41-SG,403.700,8.1,1312,10,2.6,-1,-1
2023-12-13T00:10:38.000Z,U4254044,4886,44.51662,9.12422,19736.7,-5.0,33.7,108.3,-69.2,6.8,-1.0,RS41-SG,403.700,8.1,1312,10,2.6,-1,-1
2023-12-13T00:10:42.000Z,U4254044,4890,44.51628,9.12584,19692.0,-14.6,34.3,105.7,-68.9,5.9,-1.0,RS41-SG,403.700,7.4,1312,10,2.6,-1,-1
2023-12-13T00:10:43.000Z,U4254044,4891,44.51619,9.12625,19678.6,-12.6,34.6,106.4,-68.9,5.9,-1.0,RS41-SG,403.700,7.4,1312,10,2.6,-1,-1
2023-12-13T00:10:44.000Z,U4254044,4892,44.51610,9.12666,19667.0,-10.8,33.8,107.3,-68.9,6.0,-1.0,RS41-SG,403.700,7.5,1312,10,2.6,-1,-1
2023-12-13T00:10:45.000Z,U4254044,4893,44.51601,9.12706,19655.7,-11.1,32.9,108.2,-68.9,6.0,-1.0,RS41-SG,403.700,7.8,1312,10,2.7,-1,-1
2023-12-13T00:10:46.000Z,U4254044,4894,44.51592,9.12745,19643.8,-12.9,32.2,106.9,-68.9,6.1,-1.0,RS41-SG,403.700,7.8,1312,10,2.7,-1,-1
2023-12-13T00:10:49.000Z,U4254044,4897,44.51567,9.12861,19600.3,-16.8,32.5,106.4,-68.7,6.0,-1.0,RS41-SG,403.700,8.2,1312,10,2.6,-1,-1
2023-12-13T00:10:52.000Z,U4254044,4900,44.51543,9.12981,19555.1,-14.5,34.6,105.7,-68.7,5.9,-1.0,RS41-SG,403.700,7.7,1312,9,2.7,-1,-1
2023-12-13T00:10:55.000Z,U4254044,4903,44.51518,9.13112,19510.3,-17.0,37.6,105.2,-69.0,6.2,-1.0,RS41-SG,403.700,8.0,1312,9,2.6,-1,-1
2023-12-13T00:10:56.000Z,U4254044,4904,44.51509,9.13158,19493.2,-17.7,38.1,106.3,-69.0,6.1,-1.0,RS41-SG,403.700,7.6,1312,9,2.7,-1,-1
2023-12-13T00:10:57.000Z,U4254044,4905,44.51499,9.13204,19475.7,-18.2,38.4,106.6,-69.1,6.0,-1.0,RS41-SG,403.700,7.6,1312,9,2.7,-1,-1
