timestamp,serial,frame,lat,lon,alt,vel_v,vel_h,heading,temp,humidity,pressure,type,freq_mhz,snr,f_error_hz,sats,batt_v,burst_timer,aux_data
2023-07-26T00:49:12.000Z,T4220607,8108,46.73191,7.54401,31537.1,5.3,14.8,283.1,-273.0,-1.0,-1.0,RS41,403.500,13.1,375,9,2.6,-1,-1
2023-07-26T00:49:13.000Z,T4220607,8109,46.73194,7.54382,31542.7,5.8,14.5,282.8,-273.0,-1.0,-1.0,RS41,403.500,13.1,375,9,2.5,-1,-1
2023-07-26T00:49:14.000Z,T4220607,8110,46.73197,7.54365,31549.1,7.0,12.9,279.9,-273.0,-1.0,-1.0,RS41,403.500,13.7,375,9,2.6,-1,-1
2023-07-26T00:49:15.000Z,T4220607,8111,46.73198,7.54349,31555.9,6.7,11.1,275.4,-273.0,-1.0,-1.0,RS41,403.500,13.7,375,9,2.6,-1,-1
2023-07-26T00:49:16.000Z,T4220607,8112,46.73198,7.54336,31561.7,5.1,9.5,269.7,-273.0,-1.0,-1.0,RS41,403.500,13.9,375,9,2.6,-1,-1
2023-07-26T00:49:17.000Z,T4220607,8113,46.73198,7.54324,31567.1,5.2,8.5,264.3,-273.0,-1.0,-1.0,RS41,403.500,14.3,375,9,2.6,-1,-1
2023-07-26T00:49:20.000Z,T4220607,8116,46.73195,7.54287,31586.5,6.7,11.5,266.8,-273.0,-1.0,-1.0,RS41,403.500,13.2,375,9,2.6,-1,-1
2023-07-26T00:49:21.000Z,T4220607,8117,46.73195,7.54271,31592.7,5.6,13.3,268.8,-273.0,-1.0,-1.0,RS41,403.500,13.2,375,9,2.6,-1,-1
2023-07-26T00:49:22.000Z,T4220607,8118,46.73194,7.54253,31598.1,5.2,14.5,267.9,-273.0,-1.0,-1.0,RS41,403.500,13.8,375,9,2.6,-1,-1
2023-07-26T00:49:23.000Z,T4220607,8119,46.73194,7.54234,31603.4,5.3,15.4,267.6,-273.0,-1.0,-1.0,RS41,403.500,13.8,375,9,2.6,-1,-1
2023-07-26T00:49:24.000Z,T4220607,8120,46.73193,7.54214,31609.3,6.3,15.4,265.7,-273.0,-1.0,-1.0,RS41,403.500,14.0,375,9,2.7,-1,-1
2023-07-26T00:49:26.000Z,T4220607,8122,46.73190,7.54176,31621.7,5.6,14.0,260.9,-273.0,-1.0,-1.0,RS41,403.500,13.7,375,9,2.6,-1,-1
2023-07-26T00:49:28.000Z,T4220607,8124,46.73186,7.54141,31633.0,5.8,13.5,259.8,-273.0,-1.0,-1.0,RS41,403.500,12.9,375,9,2.6,-1,-1
2023-07-26T00:49:29.000Z,T4220607,8125,46.73184,7.54123,31639.2,6.5,13.9,261.4,-273.0,-1.0,-1.0,RS41,403.500,12.8,375,9,2.6,-1,-1
2023-07-26T00:49:30.000Z,T4220607,8126,46.73182,7.54105,31645.8,6.8,14.6,264.4,-273.0,-1.0,-1.0,RS41,403.500,13.1,375,9,2.7,-1,-1
2023-07-26T00:49:31.000Z,T4220607,8127,46.73181,7.54086,31652.1,5.8,15.3,265.7,-273.0,-1.0,-1.0,RS41,403.500,13.1,375,9,2.7,-1,-1
2023-07-26T00:49:33.000Z,T4220607,8129,46.73179,7.54046,31663.8,5.9,15.0,265.3,-273.0,-1.0,-1.0,RS41,403.500,13.2,375,9,2.6,-1,-1
2023-07-26T00:49:34.000Z,T4220607,8130,46.73178,7.54027,31669.9,6.3,14.0,262.5,-273.0,-1.0,-1.0,RS41,403.500,12.9,375,9,2.6,-1,-1
2023-07-26T00:49:36.000Z,T4220607,8132,46.73173,7.53994,31682.3,5.3,12.3,255.6,-273.0,-1.0,-1.0,RS41,403.500,13.2,375,9,2.6,-1,-1
2023-07-26T00:49:38.000Z,T4220607,8134,46.73168,7.53963,31694.4,6.9,13.1,257.8,-273.0,-1.0,-1.0,RS41,403.500,13.0,375,9,2.6,-1,-1
2023-07-26T00:49:39.000Z,T4220607,8135,46.73166,7.53945,31701.4,7.2,14.5,262.6,-273.0,-1.0,-1.0,RS41,403.500,12.8,375,9,2.6,-1,-1
2023-07-26T00:49:40.000Z,T4220607,8136,46.73164,7.53925,31708.0,5.6,16.0,265.3,-273.0,-1.0,-1.0,RS41,403.500,13.1,375,9,2.6,-1,-1
2023-07-26T00:49:41.000Z,T4220607,8137,46.73164,7.53904,31713.2,4.7,17.1,268.4,-273.0,-1.0,-1.0,RS41,403.500,14.0,375,9,2.6,-1,-1
2023-07-26T00:49:42.000Z,T4220607,8138,46.73163,7.53881,31718.5,5.6,17.7,270.3,-273.0,-1.0,-1.0,RS41,403.500,14.0,375,9,2.7,-1,-1
2023-07-26T00:49:44.000Z,T4220607,8140,46.73163,7.53837,31731.4,6.6,16.2,268.6,-273.0,-1.0,-1.0,RS41,403.500,13.6,375,9,2.6,-1,-1
2023-07-26T00:49:45.000Z,T4220607,8141,46.73163,7.53816,31737.4,5.3,15.3,266.5,-273.0,-1.0,-1.0,RS41,403.500,13.0,375,9,2.6,-1,-1
2023-07-26T00:49:46.000Z,T4220607,8142,46.73162,7.53797,31743.2,5.9,14.8,265.7,-273.0,-1.0,-1.0,RS41,403.500,13.0,375,9,2.6,-1,-1
2023-07-26T00:49:47.000Z,T4220607,8143,46.73161,7.53778,31749.5,6.6,14.8,265.8,-273.0,-1.0,-1.0,RS41-SG,403.500,12.5,375,9,2.6,-1,-1
2023-07-26T00:49:48.000Z,T4220607,8144,46.73160,7.53758,31756.2,6.8,15.2,266.5,-273.0,-1.0,-1.0,RS41-SG,403.500,12.9,375,8,2.6,-1,-1
2023-07-26T00:49:50.000Z,T4220607,8146,46.73158,7.53718,31768.2,5.8,15.3,266.4,-273.0,-1.0,-1.0,RS41-SG,403.500,13.2,375,9,2.6,-1,-1
2023-07-26T00:49:52.000Z,T4220607,8148,46.73156,7.53680,31780.8,6.6,13.7,263.9,-273.0,-1.0,-1.0,RS41-SG,403.500,13.0,375,9,2.7,-1,-1
2023-07-26T00:49:54.000Z,T4220607,8150,46.73153,7.53646,31792.4,5.8,13.1,263.3,-273.0,-1.0,-1.0,RS41-SG,403.500,13.2,375,9,2.6,-1,-1
2023-07-26T00:49:55.000Z,T4220607,8151,46.73152,7.53628,31798.9,6.9,13.7,265.7,-273.0,-1.0,-1.0,RS41-SG,403.500,12.9,375,9,2.6,-1,-1
2023-07-26T00:49:56.000Z,T4220607,8152,46.73151,7.53610,31805.6,6.9,14.9,268.5,-273.0,-1.0,-1.0,RS41-SG,403.500,13.2,375,9,2.6,-1,-1
2023-07-26T00:49:57.000Z,T4220607,8153,46.73151,7.53590,31811.6,5.4,16.0,271.0,-273.0,-1.0,-1.0,RS41-SG,403.500,13.2,375,9,2.6,-1,-1
2023-07-26T00:49:58.000Z,T4220607,8154,46.73152,7.53568,31817.1,5.4,16.5,272.0,-273.0,-1.0,-1.0,RS41-SG,403.500,13.1,375,9,2.7,-1,-1
2023-07-26T00:50:00.000Z,T4220607,8156,46.73152,7.53527,31830.0,6.8,15.3,270.4,-273.0,-1.0,-1.0,RS41-SG,403.500,12.7,375,9,2.6,-1,-1
2023-07-26T00:50:01.000Z,T4220607,8157,46.73152,7.53507,31836.1,5.7,14.4,267.8,-273.0,-1.0,-1.0,RS41-SG,403.500,12.9,375,9,2.6,-1,-1
2023-07-26T00:50:02.000Z,T4220607,8158,46.73152,7.53489,31841.8,5.7,13.8,265.6,-273.0,-1.0,-1.0,RS41-SG,403.500,12.9,375,9,2.6,-1,-1
2023-07-26T00:50:03.000Z,T4220607,8159,46.73151,7.53471,31847.6,6.1,13.4,266.0,-273.0,-1.0,-1.0,RS41-SG,403.500,12.9,375,9,2.7,-1,-1
2023-07-26T00:50:04.000Z,T4220607,8160,46.73150,7.53454,31854.0,6.8,13.8,268.2,-273.0,-1.0,-1.0,RS41-SG,403.500,12.9,375,9,2.7,-1,-1
2023-07-26T00:50:05.000Z,T4220607,8161,46.73150,7.53435,31860.5,6.0,14.1,270.0,-273.0,-1.0,-1.0,RS41-SG,403.500,12.0,375,9,2.6,-1,-1
2023-07-26T00:50:06.000Z,T4220607,8162,46.73150,7.53417,31866.4,5.3,14.4,272.1,-273.0,-1.0,-1.0,RS41-SG,403.500,12.1,375,9,2.6,-1,-1
2023-07-26T00:50:07.000Z,T4220607,8163,46.73150,7.53398,31872.0,5.7,14.1,271.4,-273.0,-1.0,-1.0,RS41-SG,403.500,12.1,375,9,2.6,-1,-1
2023-07-26T00:50:09.000Z,T4220607,8165,46.73150,7.53364,31885.0,6.8,12.3,265.7,-273.0,-1.0,-1.0,RS41-SG,403.500,12.2,375,9,2.7,-1,-1
2023-07-26T00:50:10.000Z,T4220607,8166,46.73149,7.53349,31891.1,5.5,11.5,263.2,-38.2,-1.0,-1.0,RS41-SG,403.500,12.2,375,9,2.6,-1,-1
2023-07-26T00:50:11.000Z,T4220607,8167,46.73148,7.53334,31896.4,5.1,11.3,260.8,-38.2,-1.0,-1.0,RS41-SG,403.500,13.0,375,9,2.6,-1,-1
2023-07-26T00:50:12.000Z,T4220607,8168,46.73146,7.53319,31902.1,5.9,11.6,262.8,-38.2,-1.0,-1.0,RS41-SG,403.500,13.0,375,9,2.6,-1,-1
2023-07-26T00:50:13.000Z,T4220607,8169,46.73145,7.53304,31908.1,6.6,12.7,268.6,-38.2,-1.0,-1.0,RS41-SG,403.500,11.6,375,9,2.7,-1,-1
2023-07-26T00:50:14.000Z,T4220607,8170,46.73146,7.53286,31914.5,6.4,13.8,273.3,-38.3,-1.0,-1.0,RS41-SG,403.500,11.6,375,9,2.6,-1,-1
2023-07-26T00:50:15.000Z,T4220607,8171,46.73147,7.53268,31920.1,4.8,14.7,276.6,-38.3,-1.0,-1.0,RS41-SG,403.500,11.6,375,9,2.6,-1,-1
2023-07-26T00:50:18.000Z,T4220607,8174,46.73152,7.53213,31937.2,6.6,12.6,276.1,-38.4,-1.0,-1.0,RS41-SG,403.500,12.1,375,9,2.6,-1,-1
2023-07-26T00:50:19.000Z,T4220607,8175,46.73153,7.53198,31943.7,6.1,11.0,272.1,-38.4,-1.0,-1.0,RS41-SG,403.500,11.9,375,9,2.6,-1,-1
2023-07-26T00:50:20.000Z,T4220607,8176,46.73153,7.53185,31949.4,4.9,9.8,268.4,-38.4,-1.0,-1.0,RS41-SG,403.500,11.8,375,9,2.6,-1,-1
2023-07-26T00:50:21.000Z,T4220607,8177,46.73153,7.53172,31954.2,5.0,9.3,266.4,-38.5,-1.0,-1.0,RS41-SG,403.500,11.4,375,9,2.6,-1,-1
2023-07-26T00:50:22.000Z,T4220607,8178,46.73152,7.53160,31959.7,5.8,9.8,267.4,-38.5,-1.0,-1.0,RS41-SG,403.500,11.2,375,9,2.6,-1,-1
2023-07-26T00:50:23.000Z,T4220607,8179,46.73152,7.53146,31965.9,6.6,10.8,270.1,-38.5,-1.0,-1.0,RS41-SG,403.500,11.2,375,9,2.7,-1,-1
2023-07-26T00:50:24.000Z,T4220607,8180,46.73152,7.53131,31972.5,6.4,12.4,274.5,-38.6,-1.0,-1.0,RS41-SG,403.500,12.1,375,9,2.6,-1,-1
2023-07-26T00:50:25.000Z,T4220607,8181,46.73154,7.53114,31978.4,5.1,13.7,276.6,-38.6,-1.0,-1.0,RS41-SG,403.500,12.1,375,9,2.6,-1,-1
2023-07-26T00:50:26.000Z,T4220607,8182,46.73155,7.53096,31983.4,4.7,14.5,276.6,-38.6,-1.0,-1.0,RS41-SG,403.500,12.0,375,9,2.6,-1,-1
2023-07-26T00:50:27.000Z,T4220607,8183,46.73156,7.53077,31988.6,5.7,14.6,274.5,-38.7,-1.0,-1.0,RS41-SG,403.500,11.9,375,9,2.6,-1,-1
2023-07-26T00:50:28.000Z,T4220607,8184,46.73157,7.53059,31994.6,6.8,13.7,272.0,-38.7,-1.0,-1.0,RS41-SG,403.500,11.9,375,9,2.6,-1,-1
2023-07-26T00:50:29.000Z,T4220607,8185,46.73157,7.53042,32001.3,6.0,12.5,266.7,-38.7,-1.0,-1.0,RS41-SG,403.500,11.8,375,9,2.7,-1,-1
2023-07-26T00:50:30.000Z,T4220607,8186,46.73156,7.53026,32006.8,4.9,11.4,263.4,-38.8,-1.0,-1.0,RS41-SG,403.500,11.8,375,9,2.6,-1,-1
2023-07-26T00:50:31.000Z,T4220607,8187,46.73155,7.53012,32012.0,5.5,10.5,262.7,-38.8,-1.0,-1.0,RS41-SG,403.500,11.0,375,9,2.6,-1,-1
2023-07-26T00:50:32.000Z,T4220607,8188,46.73154,7.52999,32018.0,6.5,10.4,265.8,-38.8,-1.0,-1.0,RS41-SG,403.500,10.6,375,8,2.6,-1,-1
2023-07-26T00:50:33.000Z,T4220607,8189,46.73154,7.52985,32024.5,6.7,10.7,271.9,-38.9,-1.0,-1.0,RS41-SG,403.500,10.1,375,9,2.6,-1,-1
2023-07-26T00:50:35.000Z,T4220607,8191,46.73156,7.52956,32035.7,5.3,11.8,279.1,-39.0,-1.0,-1.0,RS41-SG,403.500,11.5,375,9,2.7,-1,-1
2023-07-26T00:50:37.000Z,T4220607,8193,46.73159,7.52926,32047.5,6.5,11.5,275.2,-39.0,-1.0,-1.0,RS41-SG,403.500,10.9,375,9,2.6,-1,-1
2023-07-26T00:50:38.000Z,T4220607,8194,46.73159,7.52911,32053.6,5.6,11.2,271.8,-39.0,-1.0,-1.0,RS41-SG,403.500,10.9,375,9,2.6,-1,-1
2023-07-26T00:50:41.000Z,T4220607,8197,46.73158,7.52865,32070.5,6.7,12.9,266.7,-39.1,-1.0,-1.0,RS41-SG,403.500,10.9,375,9,2.6,-1,-1
2023-07-26T00:50:42.000Z,T4220607,8198,46.73157,7.52848,32076.7,5.8,13.7,268.9,-39.1,-1.0,-1.0,RS41-SG,403.500,10.9,375,9,2.6,-1,-1
2023-07-26T00:50:45.000Z,T4220607,8201,46.73158,7.52794,32093.5,6.3,12.7,272.7,-39.2,-1.0,-1.0,RS41-SG,403.500,10.9,375,9,2.6,-1,-1
2023-07-26T00:50:46.000Z,T4220607,8202,46.73159,7.52779,32099.7,6.2,11.1,271.5,-39.2,-1.0,-1.0,RS41-SG,403.500,9.9,375,9,2.6,-1,-1
2023-07-26T00:50:47.000Z,T4220607,8203,46.73159,7.52765,32105.5,4.9,10.0,271.3,-39.2,-1.0,-1.0,RS41-SG,403.500,11.7,375,9,2.6,-1,-1
2023-07-26T00:50:49.000Z,T4220607,8205,46.73160,7.52740,32115.9,5.5,9.6,276.3,-39.2,-1.0,-1.0,RS41-SG,403.500,9.7,375,9,2.6,-1,-1
2023-07-26T00:50:50.000Z,T4220607,8206,46.73161,7.52727,32121.7,6.2,10.6,279.5,-39.2,-1.0,-1.0,RS41-SG,403.500,10.2,375,8,2.6,-1,-1
2023-07-26T00:50:51.000Z,T4220607,8207,46.73163,7.52712,32128.0,6.3,12.3,282.2,-39.2,-1.0,-1.0,RS41-SG,403.500,10.2,375,9,2.6,-1,-1
2023-07-26T00:50:52.000Z,T4220607,8208,46.73166,7.52696,32133.8,5.5,13.8,281.7,-39.3,-1.0,-1.0,RS41-SG,403.500,10.2,375,9,2.7,-1,-1
2023-07-26T00:50:55.000Z,T4220607,8211,46.73170,7.52638,32149.9,5.8,15.2,267.3,-39.3,-1.0,-1.0,RS41-SG,403.500,9.6,375,9,2.6,-1,-1
2023-07-26T00:50:57.000Z,T4220607,8213,46.73165,7.52601,32161.5,5.3,13.4,253.2,-39.4,-1.0,-1.0,RS41-SG,403.500,10.0,375,9,2.6,-1,-1
2023-07-26T00:50:58.000Z,T4220607,8214,46.73162,7.52585,32166.4,4.6,12.5,250.4,-39.4,-1.0,-1.0,RS41-SG,403.500,10.2,375,9,2.6,-1,-1
2023-07-26T00:51:00.000Z,T4220607,8216,46.73156,7.52557,32177.4,6.4,10.7,262.3,-39.4,-1.0,-1.0,RS41-SG,403.500,10.7,375,9,2.6,-1,-1
2023-07-26T00:51:02.000Z,T4220607,8218,46.73158,7.52528,32189.3,4.8,12.0,284.3,-39.5,-1.0,-1.0,RS41-SG,403.500,10.0,375,9,2.6,-1,-1
2023-07-26T00:51:03.000Z,T4220607,8219,46.73161,7.52512,32193.9,5.0,13.0,288.7,-39.5,-1.0,-1.0,RS41-SG,403.500,10.9,375,9,2.7,-1,-1
2023-07-26T00:51:04.000Z,T4220607,8220,46.73165,7.52496,32199.4,5.7,13.6,287.5,-39.5,-1.0,-1.0,RS41-SG,403.500,11.6,375,9,2.7,-1,-1
2023-07-26T00:51:05.000Z,T4220607,8221,46.73168,7.52479,32205.7,6.7,13.6,283.0,-39.5,-1.0,-1.0,RS41-SG,403.500,11.6,375,9,2.6,-1,-1
2023-07-26T00:51:06.000Z,T4220607,8222,46.73170,7.52461,32212.3,6.1,13.8,275.1,-39.5,-1.0,-1.0,RS41-SG,403.500,11.0,375,9,2.6,-1,-1
2023-07-26T00:51:07.000Z,T4220607,8223,46.73170,7.52443,32218.0,5.1,14.2,267.2,-39.5,0.1,-1.0,RS41-SG,403.500,11.4,375,9,2.6,-1,-1
2023-07-26T00:51:09.000Z,T4220607,8225,46.73166,7.52403,32227.8,5.0,17.0,256.8,-39.5,0.1,-1.0,RS41-SG,403.500,10.6,375,9,2.6,-1,-1
2023-07-26T00:51:11.000Z,T4220607,8227,46.73158,7.52357,32239.0,5.9,19.0,256.9,-39.4,0.1,-1.0,RS41-SG,403.500,9.8,375,9,2.6,-1,-1
2023-07-26T00:51:12.000Z,T4220607,8228,46.73154,7.52333,32244.9,5.3,18.6,258.8,-39.4,0.1,-1.0,RS41-SG,403.500,9.9,375,9,2.6,-1,-1
2023-07-26T00:51:13.000Z,T4220607,8229,46.73152,7.52310,32250.4,5.6,17.2,262.1,-39.4,0.1,-1.0,RS41-SG,403.500,9.9,375,9,2.6,-1,-1
2023-07-26T00:51:14.000Z,T4220607,8230,46.73150,7.52289,32256.1,6.1,15.1,267.1,-39.4,0.1,-1.0,RS41-SG,403.500,10.0,375,9,2.6,-1,-1
2023-07-26T00:51:17.000Z,T4220607,8233,46.73151,7.52241,32271.8,4.7,10.2,277.1,-39.3,0.1,-1.0,RS41-SG,403.500,10.3,375,9,2.6,-1,-1
2023-07-26T00:51:18.000Z,T4220607,8234,46.73152,7.52228,32277.1,5.9,10.5,278.4,-39.3,0.1,-1.0,RS41-SG,403.500,10.1,375,9,2.6,-1,-1
2023-07-26T00:51:20.000Z,T4220607,8236,46.73155,7.52196,32290.1,6.2,14.8,274.9,-39.3,0.1,-1.0,RS41-SG,403.500,9.1,375,9,2.6,-1,-1
2023-07-26T00:51:21.000Z,T4220607,8237,46.73156,7.52175,32295.7,5.0,17.1,270.9,-39.3,0.1,-1.0,RS41-SG,403.500,9.6,375,9,2.6,-1,-1
2023-07-26T00:51:24.000Z,T4220607,8240,46.73149,7.52098,32309.6,5.6,21.5,255.0,-39.2,0.1,-1.0,RS41-SG,403.500,8.9,375,9,2.6,-1,-1
2023-07-26T00:51:26.000Z,T4220607,8242,46.73137,7.52047,32321.0,5.1,19.9,250.0,-39.1,0.1,-1.0,RS41-SG,403.500,9.0,375,9,2.6,-1,-1
2023-07-26T00:51:28.000Z,T4220607,8244,46.73128,7.52001,32332.2,6.1,16.5,258.8,-39.1,0.1,-1.0,RS41-SG,403.500,9.0,375,9,2.6,-1,-1
2023-07-26T00:51:30.000Z,T4220607,8246,46.73127,7.51960,32343.6,4.9,15.7,277.4,-39.0,0.1,-1.0,RS41-SG,403.500,10.3,375,9,2.6,-1,-1
2023-07-26T00:51:31.000Z,T4220607,8247,46.73129,7.51940,32348.0,3.7,16.2,283.0,-39.0,0.0,-1.0,RS41-SG,403.500,10.4,375,9,2.6,-1,-1
2023-07-26T00:51:32.000Z,T4220607,8248,46.73133,7.51919,32351.9,4.2,16.8,285.4,-38.9,0.1,-1.0,RS41-SG,403.500,10.5,375,9,2.6,-1,-1
2023-07-26T00:51:33.000Z,T4220607,8249,46.73137,7.51898,32357.0,5.7,16.8,281.6,-38.9,0.1,-1.0,RS41-SG,403.500,10.9,375,9,2.6,-1,-1
2023-07-26T00:51:34.000Z,T4220607,8250,46.73139,7.51876,32363.2,6.8,16.6,274.3,-38.9,0.1,-1.0,RS41-SG,403.500,10.9,375,9,2.6,-1,-1
2023-07-26T00:51:35.000Z,T4220607,8251,46.73139,7.51855,32369.7,6.1,17.0,265.0,-38.9,0.0,-1.0,RS41-SG,403.500,10.8,375,9,2.6,-1,-1
2023-07-26T00:51:36.000Z,T4220607,8252,46.73136,7.51832,32375.1,4.9,18.3,257.7,-38.8,0.0,-1.0,RS41-SG,403.500,11.2,375,9,2.6,-1,-1
2023-07-26T00:51:37.000Z,T4220607,8253,46.73132,7.51808,32380.0,4.8,20.5,253.0,-38.8,0.1,-1.0,RS41-SG,403.500,11.2,375,9,2.6,-1,-1
2023-07-26T00:51:38.000Z,T4220607,8254,46.73126,7.51781,32385.0,5.3,22.9,251.2,-38.8,0.0,-1.0,RS41-SG,403.500,11.2,375,9,2.7,-1,-1
2023-07-26T00:51:39.000Z,T4220607,8255,46.73119,7.51751,32390.6,5.9,24.5,252.7,-38.8,0.1,-1.0,RS41-SG,403.500,11.2,375,9,2.7,-1,-1
2023-07-26T00:51:40.000Z,T4220607,8256,46.73113,7.51720,32396.4,5.3,25.3,255.3,-38.7,0.0,-1.0,RS41-SG,403.500,11.2,375,9,2.6,-1,-1
2023-07-26T00:51:41.000Z,T4220607,8257,46.73108,7.51688,32401.6,5.3,24.8,259.2,-38.7,0.1,-1.0,RS41-SG,403.500,10.7,375,9,2.6,-1,-1
2023-07-26T00:51:42.000Z,T4220607,8258,46.73105,7.51657,32407.1,5.6,23.4,263.2,-38.7,0.1,-1.0,RS41-SG,403.500,10.7,375,9,2.6,-1,-1
2023-07-26T00:51:43.000Z,T4220607,8259,46.73103,7.51628,32413.0,6.1,21.3,267.4,-38.7,0.0,-1.0,RS41-SG,403.500,9.8,375,9,2.6,-1,-1
2023-07-26T00:51:44.000Z,T4220607,8260,46.73103,7.51602,32418.5,5.1,19.3,270.4,-38.6,0.1,-1.0,RS41-SG,403.500,10.0,375,9,2.6,-1,-1
2023-07-26T00:51:45.000Z,T4220607,8261,46.73103,7.51578,32423.0,3.8,17.8,272.9,-38.5,0.1,-1.0,RS41-SG,403.500,11.1,375,9,2.7,-1,-1
2023-07-26T00:51:46.000Z,T4220607,8262,46.73104,7.51555,32427.0,4.3,17.1,275.5,-38.4,0.1,-1.0,RS41-SG,403.500,11.8,375,9,2.6,-1,-1
2023-07-26T00:51:47.000Z,T4220607,8263,46.73106,7.51533,32432.0,5.5,17.6,276.9,-38.4,0.0,-1.0,RS41-SG,403.500,12.3,375,9,2.6,-1,-1
2023-07-26T00:51:48.000Z,T4220607,8264,46.73108,7.51509,32438.1,6.2,19.3,275.8,-38.3,0.1,-1.0,RS41-SG,403.500,12.3,375,9,2.6,-1,-1
2023-07-26T00:51:49.000Z,T4220607,8265,46.73109,7.51483,32444.0,6.0,21.2,274.2,-38.3,0.1,-1.0,RS41-SG,403.500,12.3,375,9,2.6,-1,-1
2023-07-26T00:51:50.000Z,T4220607,8266,46.73110,7.51454,32449.4,4.9,22.8,271.4,-38.3,0.0,-1.0,RS41-SG,403.500,13.3,375,9,2.7,-1,-1
2023-07-26T00:51:51.000Z,T4220607,8267,46.73110,7.51424,32454.2,4.7,23.9,268.5,-38.2,0.0,-1.0,RS41-SG,403.500,13.3,375,9,2.7,-1,-1
2023-07-26T00:51:52.000Z,T4220607,8268,46.73109,7.51392,32459.0,5.1,24.2,265.1,-38.2,0.1,-1.0,RS41-SG,403.500,12.5,375,9,2.6,-1,-1
2023-07-26T00:51:53.000Z,T4220607,8269,46.73107,7.51362,32464.8,5.9,23.6,262.2,-38.2,0.1,-1.0,RS41-SG,403.500,12.6,375,9,2.6,-1,-1
2023-07-26T00:51:54.000Z,T4220607,8270,46.73104,7.51332,32470.4,5.4,22.6,260.9,-38.3,0.1,-1.0,RS41-SG,403.500,12.6,375,8,2.6,-1,-1
2023-07-26T00:51:56.000Z,T4220607,8272,46.73098,7.51276,32481.1,5.4,20.7,263.8,-38.3,0.0,-1.0,RS41-SG,403.500,10.9,375,9,2.6,-1,-1
2023-07-26T00:51:58.000Z,T4220607,8274,46.73098,7.51223,32492.8,6.0,20.9,274.9,-38.3,0.1,-1.0,RS41-SG,403.500,12.2,375,9,2.6,-1,-1
2023-07-26T00:51:59.000Z,T4220607,8275,46.73100,7.51195,32498.2,4.8,21.5,280.0,-38.3,0.0,-1.0,RS41-SG,403.500,12.8,375,9,2.6,-1,-1
2023-07-26T00:52:00.000Z,T4220607,8276,46.73104,7.51168,32502.6,4.1,21.9,283.9,-38.3,0.0,-1.0,RS41-SG,403.500,13.5,375,9,2.6,-1,-1
2023-07-26T00:52:01.000Z,T4220607,8277,46.73109,7.51141,32506.9,4.8,21.4,287.1,-38.3,0.1,-1.0,RS41-SG,403.500,13.6,375,9,2.6,-1,-1
2023-07-26T00:52:02.000Z,T4220607,8278,46.73115,7.51115,32512.3,5.9,20.3,287.9,-38.3,0.0,-1.0,RS41-SG,403.500,14.8,375,8,2.7,-1,-1
2023-07-26T00:52:03.000Z,T4220607,8279,46.73120,7.51090,32518.2,6.1,18.7,286.2,-38.3,0.1,-1.0,RS41-SG,403.500,14.8,375,9,2.6,-1,-1
2023-07-26T00:52:04.000Z,T4220607,8280,46.73124,7.51068,32523.9,5.1,17.5,282.9,-38.2,0.1,-1.0,RS41-SG,403.500,14.1,375,9,2.6,-1,-1
2023-07-26T00:52:05.000Z,T4220607,8281,46.73127,7.51046,32528.9,4.8,17.0,277.6,-38.2,0.1,-1.0,RS41-SG,403.500,14.1,375,9,2.6,-1,-1
2023-07-26T00:52:06.000Z,T4220607,8282,46.73128,7.51023,32534.0,5.5,17.6,271.7,-38.1,0.1,-1.0,RS41-SG,403.500,13.4,375,9,2.6,-1,-1
2023-07-26T00:52:07.000Z,T4220607,8283,46.73128,7.50999,32539.6,5.6,19.1,268.0,-38.1,0.0,-1.0,RS41-SG,403.500,13.4,375,9,2.6,-1,-1
2023-07-26T00:52:09.000Z,T4220607,8285,46.73126,7.50947,32549.9,4.8,21.3,267.6,-38.1,0.0,-1.0,RS41-SG,403.500,13.8,375,9,2.6,-1,-1
2023-07-26T00:52:10.000Z,T4220607,8286,46.73126,7.50919,32554.8,5.3,21.4,270.0,-38.1,0.0,-1.0,RS41-SG,403.500,13.4,375,9,2.6,-1,-1
2023-07-26T00:52:11.000Z,T4220607,8287,46.73126,7.50892,32560.6,6.2,20.3,274.0,-38.1,0.1,-1.0,RS41-SG,403.500,12.0,375,9,2.6,-1,-1
2023-07-26T00:52:14.000Z,T4220607,8290,46.73136,7.50822,32576.5,4.2,16.8,289.2,-38.1,0.0,-1.0,RS41-SG,403.500,13.0,375,9,2.7,-1,-1
2023-07-26T00:52:15.000Z,T4220607,8291,46.73141,7.50801,32581.0,4.5,17.0,292.3,-38.1,0.0,-1.0,RS41-SG,403.500,12.9,375,9,2.6,-1,-1
2023-07-26T00:52:16.000Z,T4220607,8292,46.73147,7.50780,32585.9,5.3,17.9,292.2,-38.1,0.0,-1.0,RS41-SG,403.500,13.0,375,9,2.6,-1,-1
2023-07-26T00:52:17.000Z,T4220607,8293,46.73153,7.50758,32591.9,6.3,19.3,289.5,-38.1,0.1,-1.0,RS41-SG,403.500,13.4,375,9,2.6,-1,-1
2023-07-26T00:52:18.000Z,T4220607,8294,46.73159,7.50733,32598.1,5.9,20.6,286.1,-38.1,0.0,-1.0,RS41-SG,403.500,13.4,375,9,2.6,-1,-1
2023-07-26T00:52:19.000Z,T4220607,8295,46.73164,7.50707,32603.3,4.8,21.3,282.9,-38.0,0.1,-1.0,RS41-SG,403.500,12.0,375,9,2.7,-1,-1
2023-07-26T00:52:20.000Z,T4220607,8296,46.73167,7.50680,32608.1,4.7,21.4,280.8,-38.0,0.1,-1.0,RS41-SG,403.500,12.7,375,9,2.7,-1,-1
2023-07-26T00:52:21.000Z,T4220607,8297,46.73171,7.50653,32613.0,5.2,20.6,279.5,-38.0,0.0,-1.0,RS41-SG,403.500,13.2,375,9,2.6,-1,-1
2023-07-26T00:52:22.000Z,T4220607,8298,46.73173,7.50627,32618.6,6.1,19.0,279.6,-38.0,0.0,-1.0,RS41-SG,403.500,13.2,375,9,2.6,-1,-1
2023-07-26T00:52:23.000Z,T4220607,8299,46.73176,7.50604,32624.4,5.4,17.3,280.7,-38.0,0.0,-1.0,RS41-SG,403.500,12.0,375,9,2.6,-1,-1
2023-07-26T00:52:24.000Z,T4220607,8300,46.73179,7.50583,32629.4,4.4,16.2,282.8,-38.0,0.0,-1.0,RS41-SG,403.500,12.0,375,9,2.6,-1,-1
2023-07-26T00:52:25.000Z,T4220607,8301,46.73183,7.50562,32634.1,5.2,15.7,285.1,-38.0,0.0,-1.0,RS41-SG,403.500,11.5,375,9,2.7,-1,-1
2023-07-26T00:52:26.000Z,T4220607,8302,46.73187,7.50542,32639.4,5.9,16.4,285.7,-38.0,0.0,-1.0,RS41-SG,403.500,12.4,375,9,2.7,-1,-1
2023-07-26T00:52:28.000Z,T4220607,8304,46.73195,7.50498,32651.0,4.9,19.1,284.7,-38.0,0.1,-1.0,RS41-SG,403.500,13.2,375,9,2.6,-1,-1
2023-07-26T00:52:29.000Z,T4220607,8305,46.73199,7.50473,32656.0,4.9,20.1,284.8,-38.0,0.1,-1.0,RS41-SG,403.500,12.6,375,9,2.6,-1,-1
2023-07-26T00:52:30.000Z,T4220607,8306,46.73204,7.50448,32661.2,5.6,20.3,285.7,-38.0,0.1,-1.0,RS41-SG,403.500,12.6,375,9,2.6,-1,-1
2023-07-26T00:52:31.000Z,T4220607,8307,46.73209,7.50422,32667.1,6.4,19.8,286.5,-38.1,0.0,-1.0,RS41-SG,403.500,12.0,375,9,2.6,-1,-1
2023-07-26T00:52:32.000Z,T4220607,8308,46.73214,7.50398,32673.3,5.8,18.9,287.5,-38.1,0.0,-1.0,RS41-SG,403.500,11.6,375,9,2.7,-1,-1
2023-07-26T00:52:33.000Z,T4220607,8309,46.73219,7.50376,32678.5,4.6,18.0,288.3,-38.1,0.0,-1.0,RS41-SG,403.500,11.6,375,8,2.6,-1,-1
2023-07-26T00:52:34.000Z,T4220607,8310,46.73224,7.50354,32683.4,5.0,17.2,286.4,-38.1,0.1,-1.0,RS41-SG,403.500,12.7,375,9,2.6,-1,-1
2023-07-26T00:52:35.000Z,T4220607,8311,46.73228,7.50332,32688.7,5.7,16.9,282.7,-38.1,0.0,-1.0,RS41-SG,403.500,13.5,375,9,2.6,-1,-1
2023-07-26T00:52:36.000Z,T4220607,8312,46.73231,7.50311,32694.4,6.0,17.1,277.9,-38.1,0.1,-1.0,RS41-SG,403.500,13.5,375,9,2.6,-1,-1
2023-07-26T00:52:37.000Z,T4220607,8313,46.73232,7.50288,32700.0,5.6,17.7,274.8,-38.1,0.1,-1.0,RS41-SG,403.500,11.8,375,8,2.7,-1,-1
2023-07-26T00:52:38.000Z,T4220607,8314,46.73233,7.50265,32705.3,4.9,18.0,273.0,-38.1,0.1,-1.0,RS41-SG,403.500,11.8,375,9,2.7,-1,-1
2023-07-26T00:52:39.000Z,T4220607,8315,46.73234,7.50242,32710.4,5.3,17.5,272.7,-38.1,0.1,-1.0,RS41-SG,403.500,11.7,375,9,2.6,-1,-1
2023-07-26T00:52:40.000Z,T4220607,8316,46.73235,7.50220,32715.9,5.7,16.6,274.5,-38.1,0.0,-1.0,RS41-SG,403.500,11.4,375,9,2.6,-1,-1
2023-07-26T00:52:41.000Z,T4220607,8317,46.73237,7.50199,32721.7,5.8,15.6,277.6,-38.1,0.1,-1.0,RS41-SG,403.500,11.0,375,9,2.6,-1,-1
2023-07-26T00:52:42.000Z,T4220607,8318,46.73239,7.50179,32727.1,5.1,15.0,282.6,-38.1,0.1,-1.0,RS41-SG,403.500,10.9,375,9,2.6,-1,-1
2023-07-26T00:52:43.000Z,T4220607,8319,46.73242,7.50160,32732.0,5.0,15.0,285.3,-38.1,0.0,-1.0,RS41-SG,403.500,11.8,375,9,2.6,-1,-1
2023-07-26T00:52:44.000Z,T4220607,8320,46.73246,7.50141,32737.2,5.3,15.8,286.7,-38.1,0.0,-1.0,RS41-SG,403.500,11.8,375,9,2.7,-1,-1
2023-07-26T00:52:46.000Z,T4220607,8322,46.73254,7.50098,32749.1,6.0,18.5,282.0,-38.1,0.0,-1.0,RS41-SG,403.500,11.6,375,9,2.6,-1,-1
2023-07-26T00:52:47.000Z,T4220607,8323,46.73257,7.50074,32754.7,5.2,19.6,278.6,-38.1,0.0,-1.0,RS41-SG,403.500,11.7,375,9,2.6,-1,-1
2023-07-26T00:52:48.000Z,T4220607,8324,46.73259,7.50048,32759.7,4.7,20.1,275.8,-38.1,0.0,-1.0,RS41-SG,403.500,11.7,375,7,2.6,-1,-1
2023-07-26T00:52:49.000Z,T4220607,8325,46.73261,7.50022,32764.4,5.1,19.6,273.3,-38.1,0.0,-1.0,RS41-SG,403.500,11.5,375,8,2.7,-1,-1
2023-07-26T00:52:51.000Z,T4220607,8327,46.73262,7.49976,32775.8,6.0,16.1,272.1,-38.1,0.1,-1.0,RS41-SG,403.500,10.7,375,9,2.6,-1,-1
2023-07-26T00:52:53.000Z,T4220607,8329,46.73263,7.49938,32785.9,4.7,13.3,274.4,-38.0,0.1,-1.0,RS41-SG,403.500,11.6,375,9,2.6,-1,-1
2023-07-26T00:52:54.000Z,T4220607,8330,46.73265,7.49921,32790.9,5.4,13.2,275.9,-38.0,0.1,-1.0,RS41-SG,403.500,11.6,375,9,2.6,-1,-1
2023-07-26T00:52:56.000Z,T4220607,8332,46.73267,7.49884,32803.2,6.4,15.8,275.9,-37.9,0.0,-1.0,RS41-SG,403.500,10.2,375,9,2.6,-1,-1
2023-07-26T00:52:57.000Z,T4220607,8333,46.73269,7.49862,32808.9,5.2,17.3,276.0,-37.9,0.0,-1.0,RS41-SG,403.500,10.3,375,9,2.6,-1,-1
2023-07-26T00:53:00.000Z,T4220607,8336,46.73276,7.49791,32823.4,5.3,19.0,281.9,-37.9,0.1,-1.0,RS41-SG,403.500,11.4,375,9,2.6,-1,-1
2023-07-26T00:53:01.000Z,T4220607,8337,46.73280,7.49767,32829.3,6.4,18.0,284.6,-37.9,0.0,-1.0,RS41-SG,403.500,11.4,375,9,2.7,-1,-1
2023-07-26T00:53:02.000Z,T4220607,8338,46.73284,7.49746,32835.4,6.1,16.7,287.0,-38.0,0.0,-1.0,RS41-SG,403.500,11.2,375,9,2.6,-1,-1
2023-07-26T00:53:06.000Z,T4220607,8342,46.73296,7.49669,32856.4,5.8,15.2,273.9,-37.9,0.0,-1.0,RS41-SG,403.500,10.8,375,9,2.7,-1,-1
2023-07-26T00:53:07.000Z,T4220607,8343,46.73297,7.49648,32862.1,5.6,16.4,268.9,-38.0,0.0,-1.0,RS41-SG,403.500,10.3,375,9,2.7,-1,-1
2023-07-26T00:53:08.000Z,T4220607,8344,46.73296,7.49626,32867.7,5.8,17.6,266.7,-38.0,0.1,-1.0,RS41-SG,403.500,10.3,375,9,2.6,-1,-1
2023-07-26T00:53:09.000Z,T4220607,8345,46.73295,7.49602,32873.4,5.5,18.6,267.0,-37.9,0.0,-1.0,RS41-SG,403.500,9.1,375,9,2.6,-1,-1
2023-07-26T00:53:13.000Z,T4220607,8349,46.73306,7.49508,32894.8,5.3,18.2,295.8,-37.9,0.0,-1.0,RS41-SG,403.500,10.9,375,9,2.7,-1,-1
2023-07-26T00:53:14.000Z,T4220607,8350,46.73314,7.49487,32900.0,5.1,18.0,303.2,-37.9,0.0,-1.0,RS41-SG,403.500,10.3,375,9,2.6,-1,-1
2023-07-26T00:53:15.000Z,T4220607,8351,46.73323,7.49469,32905.1,5.0,17.6,307.4,-37.9,0.0,-1.0,RS41-SG,403.500,10.6,375,9,2.6,-1,-1
2023-07-26T00:53:18.000Z,T4220607,8354,46.73346,7.49413,32922.7,6.6,16.1,287.9,-38.0,0.0,-1.0,RS41-SG,403.500,10.4,375,9,2.6,-1,-1
2023-07-26T00:53:20.000Z,T4220607,8356,46.73349,7.49369,32934.1,4.1,18.3,266.5,-38.0,0.0,-1.0,RS41-SG,403.500,11.0,375,9,2.6,-1,-1
2023-07-26T00:53:22.000Z,T4220607,8358,46.73344,7.49320,32942.1,4.9,19.5,258.4,-37.9,0.0,-1.0,RS41-SG,403.500,9.3,375,9,2.6,-1,-1
2023-07-26T00:53:23.000Z,T4220607,8359,46.73341,7.49296,32947.9,6.9,18.2,261.4,-37.9,0.0,-1.0,RS41-SG,403.500,10.4,375,9,2.6,-1,-1
2023-07-26T00:53:24.000Z,T4220607,8360,46.73340,7.49274,32955.1,7.7,16.2,269.9,-37.9,0.1,-1.0,RS41-SG,403.500,10.4,375,9,2.6,-1,-1
2023-07-26T00:53:30.000Z,T4220607,8366,46.73375,7.49161,32986.7,5.9,19.1,297.6,-38.0,0.0,-1.0,RS41-SG,403.500,10.2,375,9,2.6,-1,-1
2023-07-26T00:53:31.000Z,T4220607,8367,46.73383,7.49138,32992.0,4.7,20.1,293.0,-38.0,0.0,-1.0,RS41-SG,403.500,10.2,375,9,2.7,-1,-1
2023-07-26T00:53:33.000Z,T4220607,8369,46.73395,7.49087,33001.1,4.9,21.0,284.4,-38.0,0.0,-1.0,RS41-SG,403.500,9.4,375,9,2.6,-1,-1
2023-07-26T00:53:34.000Z,T4220607,8370,46.73399,7.49061,33006.6,6.1,20.4,282.5,-38.0,0.0,-1.0,RS41-SG,403.500,9.4,375,9,2.6,-1,-1
2023-07-26T00:53:35.000Z,T4220607,8371,46.73403,7.49036,33012.8,6.5,19.4,282.1,-38.0,0.0,-1.0,RS41-SG,403.500,10.4,375,9,2.6,-1,-1
2023-07-26T00:53:36.000Z,T4220607,8372,46.73406,7.49012,33018.8,5.6,18.2,282.0,-38.0,0.0,-1.0,RS41-SG,403.500,10.4,375,9,2.7,-1,-1
2023-07-26T00:53:39.000Z,T4220607,8375,46.73416,7.48947,33034.6,5.9,16.3,280.8,-37.9,0.0,-1.0,RS41-SG,403.500,9.3,375,9,2.6,-1,-1
2023-07-26T00:53:40.000Z,T4220607,8376,46.73419,7.48926,33040.7,6.2,16.8,281.0,-37.9,0.0,-1.0,RS41-SG,403.500,9.2,375,9,2.6,-1,-1
2023-07-26T00:53:41.000Z,T4220607,8377,46.73422,7.48904,33046.8,6.0,17.5,283.0,-37.9,0.0,-1.0,RS41-SG,403.500,8.9,375,9,2.6,-1,-1
2023-07-26T00:53:46.000Z,T4220607,8382,46.73457,7.48792,33074.8,4.9,19.9,304.8,-37.7,0.0,-1.0,RS41-SG,403.500,9.9,375,9,2.6,-1,-1
2023-07-26T00:53:52.000Z,T4220607,8388,46.73494,7.48659,33108.6,5.1,17.2,275.0,-37.4,0.0,-1.0,RS41-SG,403.500,10.7,375,9,2.6,-1,-1
2023-07-26T00:53:55.000Z,T4220607,8391,46.73500,7.48599,33126.4,5.4,14.0,285.9,-37.4,0.0,-1.0,RS41-SG,403.500,10.4,375,9,2.7,-1,-1
2023-07-26T00:54:02.000Z,T4220607,8398,46.73538,7.48467,33164.6,5.2,17.0,289.3,-37.2,0.0,-1.0,RS41-SG,403.500,8.1,375,9,2.6,-1,-1
2023-07-26T00:54:05.000Z,T4220607,8401,46.73552,7.48411,33182.1,5.8,13.5,291.8,-37.2,0.0,-1.0,RS41-SG,403.500,9.5,375,9,2.6,-1,-1
2023-07-26T00:54:06.000Z,T4220607,8402,46.73556,7.48396,33187.6,5.1,12.6,292.2,-37.2,0.0,-1.0,RS41-SG,403.500,10.8,375,9,2.6,-1,-1
2023-07-26T00:54:07.000Z,T4220607,8403,46.73560,7.48380,33192.9,5.4,12.4,289.0,-37.2,0.0,-1.0,RS41-SG,403.500,10.8,375,9,2.6,-1,-1
2023-07-26T00:54:15.000Z,T4220607,8411,46.73575,7.48218,33237.6,6.2,15.4,287.4,-37.0,0.0,-1.0,RS41-SG,403.500,10.1,375,9,2.6,-1,-1
2023-07-26T00:54:16.000Z,T4220607,8412,46.73580,7.48200,33243.2,4.9,14.6,293.6,-37.0,0.0,-1.0,RS41-SG,403.500,10.1,375,9,2.6,-1,-1
2023-07-26T00:54:19.000Z,T4220607,8415,46.73596,7.48150,33259.7,6.6,14.1,290.1,-36.9,0.0,-1.0,RS41-SG,403.500,9.7,375,9,2.6,-1,-1
2023-07-26T00:54:20.000Z,T4220607,8416,46.73599,7.48132,33266.4,6.7,15.1,282.5,-36.9,0.0,-1.0,RS41-SG,403.500,9.9,375,9,2.6,-1,-1
2023-07-26T00:54:21.000Z,T4220607,8417,46.73602,7.48112,33272.5,5.4,16.5,276.0,-36.9,0.0,-1.0,RS41-SG,403.500,9.9,375,9,2.6,-1,-1
2023-07-26T00:54:22.000Z,T4220607,8418,46.73603,7.48089,33277.4,4.3,17.7,272.1,-36.9,0.0,-1.0,RS41-SG,403.500,10.2,375,9,2.6,-1,-1
2023-07-26T00:54:25.000Z,T4220607,8421,46.73604,7.48018,33293.2,6.5,17.6,276.2,-36.9,0.0,-1.0,RS41-SG,403.500,9.7,375,9,2.6,-1,-1
2023-07-26T00:54:26.000Z,T4220607,8422,46.73607,7.47996,33299.6,6.2,16.4,281.9,-36.9,0.0,-1.0,RS41-SG,403.500,9.9,375,9,2.7,-1,-1
2023-07-26T00:54:27.000Z,T4220607,8423,46.73610,7.47976,33305.2,5.0,15.5,287.6,-36.8,0.0,-1.0,RS41-SG,403.500,10.5,375,9,2.6,-1,-1
2023-07-26T00:54:28.000Z,T4220607,8424,46.73615,7.47958,33310.2,4.6,15.0,292.5,-36.8,0.0,-1.0,RS41-SG,403.500,10.5,375,9,2.6,-1,-1
2023-07-26T00:54:30.000Z,T4220607,8426,46.73626,7.47922,33320.6,6.1,15.0,292.4,-36.7,0.1,-1.0,RS41-SG,403.500,10.9,375,9,2.6,-1,-1
2023-07-26T00:54:32.000Z,T4220607,8428,46.73633,7.47883,33333.5,6.0,16.2,280.2,-36.6,0.0,-1.0,RS41-SG,403.500,10.7,375,9,2.7,-1,-1
2023-07-26T00:54:33.000Z,T4220607,8429,46.73635,7.47862,33338.9,4.8,16.6,275.5,-36.5,0.0,-1.0,RS41-SG,403.500,11.6,375,9,2.6,-1,-1
2023-07-26T00:54:34.000Z,T4220607,8430,46.73636,7.47841,33343.6,4.5,16.6,271.1,-36.5,0.0,-1.0,RS41-SG,403.500,11.6,375,9,2.6,-1,-1
2023-07-26T00:54:35.000Z,T4220607,8431,46.73636,7.47819,33348.7,5.6,15.9,270.3,-36.4,0.0,-1.0,RS41-SG,403.500,10.9,375,9,2.6,-1,-1
2023-07-26T00:54:38.000Z,T4220607,8434,46.73638,7.47765,33365.6,4.8,12.2,277.1,-36.3,0.0,-1.0,RS41-SG,403.500,11.5,375,9,2.7,-1,-1
2023-07-26T00:54:39.000Z,T4220607,8435,46.73640,7.47749,33370.3,4.8,11.8,279.8,-36.3,0.0,-1.0,RS41-SG,403.500,11.5,375,9,2.6,-1,-1
2023-07-26T00:54:40.000Z,T4220607,8436,46.73641,7.47734,33375.4,5.3,11.9,277.9,-36.2,0.0,-1.0,RS41-SG,403.500,11.4,375,9,2.6,-1,-1
2023-07-26T00:54:41.000Z,T4220607,8437,46.73643,7.47718,33381.0,6.0,12.6,276.1,-36.2,0.0,-1.0,RS41-SG,403.500,11.3,375,9,2.6,-1,-1
2023-07-26T00:54:42.000Z,T4220607,8438,46.73644,7.47701,33387.2,6.3,13.8,273.3,-36.1,0.0,-1.0,RS41-SG,403.500,11.1,375,9,2.6,-1,-1
2023-07-26T00:54:43.000Z,T4220607,8439,46.73644,7.47683,33393.0,5.6,14.8,271.6,-36.1,0.0,-1.0,RS41-SG,403.500,11.1,375,9,2.6,-1,-1
2023-07-26T00:54:44.000Z,T4220607,8440,46.73645,7.47663,33398.2,5.0,15.5,271.6,-36.0,0.0,-1.0,RS41-SG,403.500,10.7,375,9,2.7,-1,-1
2023-07-26T00:54:45.000Z,T4220607,8441,46.73645,7.47643,33403.4,5.2,15.7,272.9,-36.0,0.0,-1.0,RS41-SG,403.500,10.6,375,9,2.6,-1,-1
2023-07-26T00:54:52.000Z,T4220607,8448,46.73656,7.47518,33443.8,6.0,13.5,263.7,-35.7,0.0,-1.0,RS41-SG,403.500,10.8,375,9,2.6,-1,-1
2023-07-26T00:55:03.000Z,T4220607,8459,46.73653,7.47325,33504.0,5.3,13.4,269.1,-35.6,0.0,-1.0,RS41-SG,403.500,11.2,375,9,2.6,-1,-1
2023-07-26T00:55:13.000Z,T4220607,8469,46.73650,7.47168,33557.2,5.4,16.5,273.0,-35.4,0.0,-1.0,RS41-SG,403.500,11.3,375,9,2.6,-1,-1
2023-07-26T00:55:14.000Z,T4220607,8470,46.73650,7.47145,33562.2,5.0,18.3,271.2,-35.5,0.0,-1.0,RS41-SG,403.500,11.7,375,9,2.7,-1,-1
2023-07-26T00:55:18.000Z,T4220607,8474,46.73654,7.47049,33582.8,5.6,16.6,280.7,-35.2,0.0,-1.0,RS41-SG,403.500,10.8,375,9,2.6,-1,-1
2023-07-26T00:55:22.000Z,T4220607,8478,46.73671,7.46989,33603.8,5.2,8.7,301.8,-34.9,0.0,-1.0,RS41-SG,403.500,11.2,375,9,2.6,-1,-1
2023-07-26T00:55:24.000Z,T4220607,8480,46.73676,7.46970,33614.9,5.9,7.9,278.8,-34.8,0.0,-1.0,RS41-SG,403.500,11.0,375,9,2.6,-1,-1
2023-07-26T00:55:25.000Z,T4220607,8481,46.73676,7.46958,33620.9,6.2,10.1,263.9,-34.8,0.0,-1.0,RS41-SG,403.500,10.3,375,9,2.6,-1,-1
2023-07-26T00:55:26.000Z,T4220607,8482,46.73674,7.46943,33626.6,5.4,13.4,258.4,-34.7,0.0,-1.0,RS41-SG,403.500,11.1,375,9,2.7,-1,-1
2023-07-26T00:55:27.000Z,T4220607,8483,46.73672,7.46924,33631.5,4.6,16.9,257.7,-34.7,0.0,-1.0,RS41-SG,403.500,11.1,375,9,2.6,-1,-1
2023-07-26T00:55:28.000Z,T4220607,8484,46.73668,7.46900,33635.7,4.1,20.3,260.3,-34.7,0.0,-1.0,RS41-SG,403.500,10.6,375,9,2.6,-1,-1
2023-07-26T00:55:38.000Z,T4220607,8494,46.73697,7.46717,33685.8,5.8,7.6,248.7,-34.6,0.0,-1.0,RS41-SG,403.500,9.6,375,9,2.7,-1,-1
2023-07-26T00:55:39.000Z,T4220607,8495,46.73694,7.46705,33691.7,5.8,11.9,247.2,-34.6,0.0,-1.0,RS41-SG,403.500,8.6,375,9,2.6,-1,-1
2023-07-26T00:55:49.000Z,T4220607,8505,46.73723,7.46471,33738.1,4.0,9.2,296.3,-34.5,0.0,-1.0,RS41-SG,403.500,10.5,375,9,2.7,-1,-1
2023-07-26T00:55:59.000Z,T4220607,8515,46.73743,7.46243,33785.7,4.8,20.0,297.8,-34.3,0.0,-1.0,RS41-SG,403.500,11.6,375,9,2.6,-1,-1
2023-07-26T00:56:00.000Z,T4220607,8516,46.73751,7.46221,33790.4,5.1,16.9,297.3,-34.3,0.0,-1.0,RS41-SG,403.500,11.1,375,9,2.6,-1,-1
2023-07-26T00:56:01.000Z,T4220607,8517,46.73757,7.46203,33795.6,5.4,14.2,291.6,-34.4,0.0,-1.0,RS41-SG,403.500,11.1,375,9,2.6,-1,-1
2023-07-26T00:56:04.000Z,T4220607,8520,46.73759,7.46152,33810.8,4.6,14.8,259.9,-34.4,0.0,-1.0,RS41-SG,403.500,11.3,375,9,2.6,-1,-1
2023-07-26T00:56:05.000Z,T4220607,8521,46.73757,7.46131,33815.6,5.0,17.2,258.6,-34.4,0.0,-1.0,RS41-SG,403.500,9.8,375,9,2.6,-1,-1
2023-07-26T00:56:10.000Z,T4220607,8526,46.73762,7.45998,33840.0,4.6,21.4,287.7,-34.1,0.0,-1.0,RS41-SG,403.500,11.6,375,9,2.6,-1,-1
2023-07-26T00:56:11.000Z,T4220607,8527,46.73768,7.45973,33844.9,5.1,19.6,290.9,-34.1,0.0,-1.0,RS41-SG,403.500,11.5,375,9,2.6,-1,-1
2023-07-26T00:56:19.000Z,T4220607,8535,46.73768,7.45807,33884.7,5.4,20.0,265.1,-33.8,0.0,-1.0,RS41-SG,403.500,9.5,375,9,2.6,-1,-1
2023-07-26T00:56:30.000Z,T4220607,8546,46.73774,7.45554,33940.5,5.0,18.6,249.0,-33.5,0.0,-1.0,RS41-SG,403.500,10.8,375,9,2.6,-1,-1
2023-07-26T00:56:31.000Z,T4220607,8547,46.73769,7.45531,33946.0,6.4,18.5,254.4,-33.5,0.0,-1.0,RS41-SG,403.500,10.8,375,9,2.6,-1,-1
2023-07-26T00:56:32.000Z,T4220607,8548,46.73766,7.45508,33952.8,6.9,18.3,262.8,-33.5,0.0,-1.0,RS41-SG,403.500,12.1,375,9,2.7,-1,-1
2023-07-26T00:56:34.000Z,T4220607,8550,46.73766,7.45460,33963.6,4.1,19.0,278.0,-33.4,0.0,-1.0,RS41-SG,403.500,11.9,375,9,2.6,-1,-1
2023-07-26T00:56:35.000Z,T4220607,8551,46.73769,7.45435,33967.8,4.1,19.9,282.9,-33.4,0.0,-1.0,RS41-SG,403.500,13.0,375,9,2.6,-1,-1
2023-07-26T00:56:40.000Z,T4220607,8556,46.73783,7.45297,33995.3,4.3,21.8,266.4,-33.4,0.0,-1.0,RS41-SG,403.500,12.5,375,8,2.6,-1,-1
2023-07-26T00:56:46.000Z,T4220607,8562,46.73769,7.45145,34025.6,5.5,18.6,270.1,-33.4,0.0,-1.0,RS41-SG,403.500,12.2,375,9,2.6,-1,-1
2023-07-26T00:56:47.000Z,T4220607,8563,46.73770,7.45120,34031.1,5.2,19.6,273.1,-33.3,0.0,-1.0,RS41-SG,403.500,11.7,375,9,2.6,-1,-1
2023-07-26T00:56:48.000Z,T4220607,8564,46.73771,7.45094,34036.2,5.3,21.1,273.9,-33.3,0.0,-1.0,RS41-SG,403.500,11.7,375,9,2.6,-1,-1
2023-07-26T00:56:49.000Z,T4220607,8565,46.73772,7.45065,34041.6,5.3,23.0,272.8,-33.3,0.0,-1.0,RS41-SG,403.500,10.7,375,9,2.7,-1,-1
2023-07-26T00:56:58.000Z,T4220607,8574,46.73777,7.44792,34088.4,5.0,20.6,283.2,-33.0,0.0,-1.0,RS41-SG,403.500,10.6,375,9,2.6,-1,-1
2023-07-26T00:56:59.000Z,T4220607,8575,46.73781,7.44766,34093.6,5.6,21.0,282.5,-32.9,0.0,-1.0,RS41-SG,403.500,12.3,375,9,2.6,-1,-1
2023-07-26T00:57:00.000Z,T4220607,8576,46.73785,7.44738,34099.5,6.2,22.0,279.0,-32.9,0.0,-1.0,RS41-SG,403.500,12.3,375,9,2.6,-1,-1
2023-07-26T00:57:02.000Z,T4220607,8578,46.73788,7.44678,34111.8,5.5,24.6,269.7,-32.8,0.0,-1.0,RS41-SG,403.500,11.4,375,9,2.6,-1,-1
2023-07-26T00:57:03.000Z,T4220607,8579,46.73787,7.44645,34117.0,4.4,25.7,266.9,-32.8,0.0,-1.0,RS41-SG,403.500,11.4,375,9,2.6,-1,-1
2023-07-26T00:57:07.000Z,T4220607,8583,46.73786,7.44509,34138.3,6.1,25.1,276.3,-32.8,0.0,-1.0,RS41-SG,403.500,12.2,375,9,2.6,-1,-1
2023-07-26T00:57:08.000Z,T4220607,8584,46.73789,7.44478,34143.8,5.1,24.5,281.0,-32.8,0.0,-1.0,RS41-SG,403.500,12.2,375,9,2.7,-1,-1
2023-07-26T00:57:09.000Z,T4220607,8585,46.73794,7.44447,34148.6,4.4,24.1,285.5,-32.8,0.0,-1.0,RS41-SG,403.500,11.8,375,9,2.6,-1,-1
2023-07-26T00:57:10.000Z,T4220607,8586,46.73800,7.44417,34153.3,4.8,23.8,287.3,-32.8,0.0,-1.0,RS41-SG,403.500,12.4,375,9,2.6,-1,-1
2023-07-26T00:57:11.000Z,T4220607,8587,46.73806,7.44387,34158.5,5.6,23.8,286.3,-32.8,0.0,-1.0,RS41-SG,403.500,12.4,375,9,2.6,-1,-1
2023-07-26T00:57:13.000Z,T4220607,8589,46.73816,7.44326,34170.5,6.2,24.4,277.7,-32.8,0.0,-1.0,RS41-SG,403.500,12.6,375,9,2.7,-1,-1
2023-07-26T00:57:14.000Z,T4220607,8590,46.73818,7.44294,34176.6,5.7,25.2,273.1,-32.8,0.0,-1.0,RS41-SG,403.500,12.6,375,9,2.7,-1,-1
2023-07-26T00:57:15.000Z,T4220607,8591,46.73818,7.44261,34182.2,5.0,26.0,270.0,-32.8,0.0,-1.0,RS41-SG,403.500,12.1,375,9,2.6,-1,-1
2023-07-26T00:57:16.000Z,T4220607,8592,46.73818,7.44227,34187.1,4.6,26.6,269.6,-32.8,0.0,-1.0,RS41-SG,403.500,11.5,375,9,2.6,-1,-1
2023-07-26T00:57:19.000Z,T4220607,8595,46.73824,7.44122,34203.4,6.1,27.1,281.5,-32.9,0.0,-1.0,RS41-SG,403.500,10.8,375,9,2.7,-1,-1
2023-07-26T00:57:20.000Z,T4220607,8596,46.73829,7.44088,34209.2,5.4,27.0,287.2,-32.9,0.0,-1.0,RS41-SG,403.500,11.4,375,9,2.7,-1,-1
2023-07-26T00:57:22.000Z,T4220607,8598,46.73847,7.44024,34219.4,5.1,25.9,294.4,-32.9,0.0,-1.0,RS41-SG,403.500,14.0,375,9,2.6,-1,-1
2023-07-26T00:57:24.000Z,T4220607,8600,46.73864,7.43965,34231.5,6.9,22.7,290.3,-32.9,0.0,-1.0,RS41-SG,403.500,13.0,375,9,2.6,-1,-1
2023-07-26T00:57:25.000Z,T4220607,8601,46.73870,7.43938,34238.0,6.3,21.4,284.6,-32.9,0.0,-1.0,RS41-SG,403.500,13.0,375,9,2.7,-1,-1
2023-07-26T00:57:26.000Z,T4220607,8602,46.73874,7.43911,34243.5,4.8,20.6,279.0,-32.9,0.0,-1.0,RS41-SG,403.500,12.2,375,9,2.7,-1,-1
2023-07-26T00:57:27.000Z,T4220607,8603,46.73876,7.43885,34248.1,4.2,20.6,274.1,-32.9,0.0,-1.0,RS41-SG,403.500,12.2,375,9,2.6,-1,-1
2023-07-26T00:57:28.000Z,T4220607,8604,46.73877,7.43858,34252.7,5.0,20.9,272.1,-32.8,0.0,-1.0,RS41-SG,403.500,11.8,375,9,2.6,-1,-1
2023-07-26T00:57:29.000Z,T4220607,8605,46.73878,7.43830,34258.4,6.3,21.7,274.1,-32.8,0.0,-1.0,RS41-SG,403.500,11.4,375,9,2.6,-1,-1
2023-07-26T00:57:34.000Z,T4220607,8610,46.73906,7.43683,34287.1,5.5,24.3,293.7,-32.7,0.0,-1.0,RS41-SG,403.500,12.3,375,9,2.6,-1,-1
2023-07-26T00:57:35.000Z,T4220607,8611,46.73915,7.43654,34293.2,6.5,23.4,293.3,-32.7,0.0,-1.0,RS41-SG,403.500,12.1,375,9,2.6,-1,-1
2023-07-26T00:57:36.000Z,T4220607,8612,46.73922,7.43627,34299.6,6.4,21.9,291.3,-32.7,0.0,-1.0,RS41-SG,403.500,12.1,375,9,2.6,-1,-1
2023-07-26T00:57:37.000Z,T4220607,8613,46.73929,7.43601,34305.4,5.3,20.6,289.1,-32.7,0.0,-1.0,RS41-SG,403.500,11.8,375,9,2.6,-1,-1
2023-07-26T00:57:38.000Z,T4220607,8614,46.73934,7.43576,34310.2,4.6,19.4,286.6,-32.7,0.0,-1.0,RS41-SG,403.500,11.8,375,9,2.7,-1,-1
2023-07-26T00:57:40.000Z,T4220607,8616,46.73943,7.43530,34319.6,5.4,17.7,286.0,-32.7,0.0,-1.0,RS41-SG,403.500,10.8,375,9,2.6,-1,-1
2023-07-26T00:57:42.000Z,T4220607,8618,46.73953,7.43486,34331.4,6.2,18.2,290.3,-32.7,0.0,-1.0,RS41-SG,403.500,11.6,375,9,2.6,-1,-1
2023-07-26T00:57:46.000Z,T4220607,8622,46.73977,7.43389,34353.9,5.9,21.4,286.3,-32.9,0.0,-1.0,RS41-SG,403.500,11.5,375,8,2.6,-1,-1
2023-07-26T00:57:47.000Z,T4220607,8623,46.73982,7.43362,34359.8,6.1,21.6,283.8,-32.9,0.0,-1.0,RS41-SG,403.500,11.5,375,9,2.6,-1,-1
2023-07-26T00:57:48.000Z,T4220607,8624,46.73987,7.43334,34365.8,6.0,21.5,282.3,-32.9,0.0,-1.0,RS41-SG,403.500,11.0,375,9,2.6,-1,-1
2023-07-26T00:57:49.000Z,T4220607,8625,46.73991,7.43307,34371.7,5.9,20.9,282.2,-33.0,0.0,-1.0,RS41-SG,403.500,11.0,375,9,2.7,-1,-1
2023-07-26T00:57:50.000Z,T4220607,8626,46.73995,7.43282,34377.5,5.9,19.8,284.2,-33.0,0.0,-1.0,RS41-SG,403.500,9.1,375,9,2.7,-1,-1
2023-07-26T00:57:55.000Z,T4220607,8631,46.74033,7.43180,34406.2,6.3,17.4,311.4,-33.1,0.0,-1.0,RS41-SG,403.500,10.0,375,9,2.7,-1,-1
2023-07-26T00:57:56.000Z,T4220607,8632,46.74043,7.43163,34412.7,6.7,17.3,309.5,-33.1,0.0,-1.0,RS41-SG,403.500,10.4,375,9,2.7,-1,-1
2023-07-26T00:58:00.000Z,T4220607,8636,46.74071,7.43083,34438.2,6.0,18.1,281.7,-33.2,0.0,-1.0,RS41-SG,403.500,9.5,375,9,2.6,-1,-1
2023-07-26T00:58:13.000Z,T4220607,8649,46.74166,7.42807,34515.3,4.3,18.5,275.2,-33.4,0.0,-1.0,RS41-SG,403.500,8.9,375,9,2.7,-1,-1
2023-07-26T00:58:23.000Z,T4220607,8659,46.74212,7.42589,34565.7,6.5,24.1,303.5,-33.3,0.0,-1.0,RS41-SG,403.500,9.6,375,9,2.6,-1,-1
2023-07-26T00:58:27.000Z,T4220607,8663,46.74233,7.42480,34590.3,3.1,20.1,265.0,-33.3,0.0,-1.0,RS41-SG,403.500,8.7,375,8,2.6,-1,-1
2023-07-26T00:58:28.000Z,T4220607,8664,46.74230,7.42455,34593.5,3.0,18.9,257.6,-33.2,0.0,-1.0,RS41-SG,403.500,8.7,375,9,2.6,-1,-1
2023-07-26T00:59:19.000Z,T4220607,8715,46.74406,7.41221,34857.6,4.4,23.9,292.1,-32.8,0.0,-1.0,RS41-SG,403.500,10.4,375,9,2.7,-1,-1
2023-07-26T00:59:25.000Z,T4220607,8721,46.74454,7.41052,34889.0,4.9,18.6,275.7,-32.8,0.0,-1.0,RS41-SG,403.500,9.1,375,9,2.6,-1,-1
2023-07-26T00:59:36.000Z,T4220607,8732,46.74488,7.40763,34942.5,6.5,24.7,291.0,-32.9,0.0,-1.0,RS41-SG,403.500,9.7,375,9,2.6,-1,-1
2023-07-26T00:59:41.000Z,T4220607,8737,46.74498,7.40633,34966.1,4.3,18.5,262.4,-32.9,0.0,-1.0,RS41-SG,403.500,9.8,375,9,2.7,-1,-1
2023-07-26T00:59:42.000Z,T4220607,8738,46.74496,7.40609,34971.1,5.7,19.1,266.1,-32.9,0.0,-1.0,RS41-SG,403.500,9.8,375,9,2.7,-1,-1
2023-07-26T00:59:45.000Z,T4220607,8741,46.74502,7.40526,34987.3,3.7,24.0,284.8,-32.9,0.0,-1.0,RS41-SG,403.500,10.9,375,8,2.7,-1,-1
2023-07-26T00:59:46.000Z,T4220607,8742,46.74509,7.40495,34990.8,3.4,25.6,288.3,-32.9,0.0,-1.0,RS41-SG,403.500,10.9,375,9,2.7,-1,-1
2023-07-26T00:59:47.000Z,T4220607,8743,46.74516,7.40463,34994.7,4.2,26.5,289.8,-32.9,0.0,-1.0,RS41-SG,403.500,9.9,375,9,2.6,-1,-1
2023-07-26T00:59:48.000Z,T4220607,8744,46.74524,7.40431,34999.6,5.5,26.2,288.3,-32.9,0.0,-1.0,RS41-SG,403.500,10.0,375,9,2.6,-1,-1
2023-07-26T00:59:50.000Z,T4220607,8746,46.74535,7.40368,35011.5,6.0,23.2,279.9,-32.9,0.0,-1.0,RS41-SG,403.500,10.4,375,9,2.7,-1,-1
2023-07-26T00:59:55.000Z,T4220607,8751,46.74536,7.40234,35033.6,5.6,19.5,270.3,-32.8,0.0,-1.0,RS41-SG,403.500,9.9,375,9,2.6,-1,-1
2023-07-26T01:00:02.000Z,T4220607,8758,46.74571,7.40049,35068.1,5.6,19.7,284.0,-32.8,0.0,-1.0,RS41-SG,403.500,11.5,375,9,2.6,-1,-1
2023-07-26T01:00:04.000Z,T4220607,8760,46.74576,7.40002,35077.8,4.1,17.6,272.6,-32.7,0.0,-1.0,RS41-SG,403.500,9.9,375,9,2.7,-1,-1
2023-07-26T01:00:05.000Z,T4220607,8761,46.74576,7.39979,35081.6,3.6,17.0,268.8,-32.7,0.0,-1.0,RS41-SG,403.500,9.9,375,9,2.7,-1,-1
2023-07-26T01:00:08.000Z,T4220607,8764,46.74577,7.39911,35095.4,5.2,18.7,277.9,-32.5,0.0,-1.0,RS41-SG,403.500,8.6,375,9,2.6,-1,-1
2023-07-26T01:00:13.000Z,T4220607,8769,46.74606,7.39783,35118.8,5.3,20.1,290.3,-32.3,0.0,-1.0,RS41-SG,403.500,10.9,375,9,2.6,-1,-1
2023-07-26T01:00:15.000Z,T4220607,8771,46.74615,7.39738,35129.2,5.0,16.5,278.0,-32.2,0.0,-1.0,RS41-SG,403.500,10.7,375,9,2.6,-1,-1
2023-07-26T01:00:17.000Z,T4220607,8773,46.74615,7.39698,35138.4,4.2,14.3,261.2,-32.1,0.0,-1.0,RS41-SG,403.500,9.5,375,9,2.7,-1,-1
2023-07-26T01:00:24.000Z,T4220607,8780,46.74629,7.39557,35173.2,3.3,22.3,299.4,-31.7,0.0,-1.0,RS41-SG,403.500,8.5,375,9,2.6,-1,-1
2023-07-26T01:00:30.000Z,T4220607,8786,46.74663,7.39399,35203.3,3.1,18.3,262.9,-31.4,0.0,-1.0,RS41-SG,403.500,8.9,375,9,2.6,-1,-1
2023-07-26T01:00:38.000Z,T4220607,8794,46.74683,7.39232,35239.4,4.1,22.6,302.4,-31.2,0.0,-1.0,RS41-SG,403.500,8.8,375,9,2.6,-1,-1
2023-07-26T01:00:59.000Z,T4220607,8815,46.74739,7.38692,35342.1,4.5,18.4,272.8,-30.9,0.0,-1.0,RS41-SG,403.500,9.6,375,9,2.6,-1,-1
2023-07-26T01:01:01.000Z,T4220607,8817,46.74742,7.38646,35351.1,4.8,17.2,274.7,-30.9,0.0,-1.0,RS41-SG,403.500,9.4,375,9,2.6,-1,-1
2023-07-26T01:01:02.000Z,T4220607,8818,46.74743,7.38623,35356.2,5.5,17.4,273.5,-30.9,0.0,-1.0,RS41-SG,403.500,10.0,375,9,2.6,-1,-1
2023-07-26T01:01:03.000Z,T4220607,8819,46.74744,7.38600,35361.7,5.6,18.4,271.6,-30.9,0.0,-1.0,RS41-SG,403.500,10.0,375,9,2.7,-1,-1
2023-07-26T01:01:07.001Z,T4220607,8823,46.74746,7.38492,35381.7,5.0,23.2,274.2,-30.8,0.0,-1.0,RS41-SG,403.500,9.6,375,9,2.6,-1,-1
2023-07-26T01:01:27.001Z,T4220607,8843,46.74812,7.37955,35484.4,5.1,21.6,277.2,-30.7,0.0,-1.0,RS41-SG,403.500,8.8,375,9,2.6,-1,-1
2023-07-26T01:01:38.001Z,T4220607,8854,46.74843,7.37698,35537.8,5.9,21.2,309.3,-30.7,0.0,-1.0,RS41-SG,403.500,7.6,375,9,2.7,-1,-1
2023-07-26T01:01:39.001Z,T4220607,8855,46.74854,7.37676,35544.3,6.9,21.1,301.0,-30.7,0.0,-1.0,RS41-SG,403.500,8.8,375,9,2.7,-1,-1
2023-07-26T01:01:57.001Z,T4220607,8873,46.74925,7.37272,35635.8,4.0,19.4,263.1,-30.9,0.0,-1.0,RS41-SG,403.500,11.2,375,9,2.7,-1,-1
2023-07-26T01:01:58.001Z,T4220607,8874,46.74923,7.37247,35640.5,5.6,18.3,261.9,-31.0,0.0,-1.0,RS41-SG,403.500,10.9,375,9,2.6,-1,-1
2023-07-26T01:01:59.001Z,T4220607,8875,46.74921,7.37225,35646.8,6.6,16.3,267.2,-31.0,0.0,-1.0,RS41-SG,403.500,10.0,375,9,2.6,-1,-1
2023-07-26T01:02:05.001Z,T4220607,8881,46.74963,7.37127,35676.6,6.0,16.9,314.2,-30.9,0.0,-1.0,RS41-SG,403.500,11.4,375,9,2.6,-1,-1
2023-07-26T01:02:06.001Z,T4220607,8882,46.74972,7.37110,35683.1,6.7,16.5,305.3,-30.9,0.0,-1.0,RS41-SG,403.500,11.4,375,9,2.7,-1,-1
2023-07-26T01:02:09.001Z,T4220607,8885,46.74984,7.37050,35699.7,3.9,17.1,267.4,-31.0,0.0,-1.0,RS41-SG,403.500,12.8,375,9,2.6,-1,-1
2023-07-26T01:02:11.001Z,T4220607,8887,46.74979,7.37006,35708.5,5.6,17.3,255.2,-31.0,0.0,-1.0,RS41-SG,403.500,10.8,375,9,2.7,-1,-1
2023-07-26T01:02:13.001Z,T4220607,8889,46.74973,7.36966,35721.4,7.1,14.0,267.7,-31.0,0.0,-1.0,RS41-SG,403.500,11.2,375,9,2.6,-1,-1
2023-07-26T01:02:16.001Z,T4220607,8892,46.74986,7.36917,35737.2,3.7,15.0,312.0,-31.1,0.0,-1.0,RS41-SG,403.500,12.8,375,9,2.7,-1,-1
2023-07-26T01:02:18.001Z,T4220607,8894,46.75008,7.36888,35745.5,5.1,17.8,318.5,-31.2,0.0,-1.0,RS41-SG,403.500,12.4,375,9,2.6,-1,-1
2023-07-26T01:02:19.001Z,T4220607,8895,46.75019,7.36872,35751.6,7.0,17.5,312.1,-31.3,0.0,-1.0,RS41-SG,403.500,11.9,375,9,2.6,-1,-1
2023-07-26T01:02:20.001Z,T4220607,8896,46.75028,7.36854,35759.0,7.8,16.6,300.1,-31.3,0.0,-1.0,RS41-SG,403.500,12.2,375,9,2.6,-1,-1
2023-07-26T01:02:21.001Z,T4220607,8897,46.75034,7.36835,35766.1,6.7,16.0,285.5,-31.2,0.0,-1.0,RS41-SG,403.500,12.2,375,9,2.7,-1,-1
2023-07-26T01:02:23.001Z,T4220607,8899,46.75034,7.36793,35775.6,3.1,16.8,257.4,-31.1,0.0,-1.0,RS41-SG,403.500,13.9,375,9,2.6,-1,-1
2023-07-26T01:02:24.001Z,T4220607,8900,46.75029,7.36772,35778.9,3.3,17.1,248.2,-31.0,0.0,-1.0,RS41-SG,403.500,13.3,375,9,2.6,-1,-1
2023-07-26T01:02:26.001Z,T4220607,8902,46.75018,7.36734,35789.7,7.5,14.3,248.5,-30.9,0.0,-1.0,RS41-SG,403.500,12.9,375,9,2.6,-1,-1
2023-07-26T01:02:27.001Z,T4220607,8903,46.75015,7.36717,35797.1,7.6,11.8,261.3,-30.9,0.0,-1.0,RS41-SG,403.500,12.9,375,9,2.7,-1,-1
2023-07-26T01:02:28.001Z,T4220607,8904,46.75015,7.36703,35804.0,6.2,10.6,281.7,-30.9,0.0,-1.0,RS41-SG,403.500,12.5,375,9,2.7,-1,-1
2023-07-26T01:02:31.001Z,T4220607,8907,46.75034,7.36667,35816.1,4.0,14.2,320.7,-30.9,0.0,-1.0,RS41-SG,403.500,12.2,375,9,2.6,-1,-1
2023-07-26T01:02:32.001Z,T4220607,8908,46.75044,7.36654,35820.9,6.0,14.7,318.5,-30.9,0.0,-1.0,RS41-SG,403.500,12.2,375,9,2.7,-1,-1
2023-07-26T01:02:33.001Z,T4220607,8909,46.75053,7.36641,35827.7,7.7,14.2,308.2,-30.9,0.0,-1.0,RS41-SG,403.500,13.6,375,9,2.7,-1,-1
2023-07-26T01:02:34.001Z,T4220607,8910,46.75059,7.36625,35834.9,7.3,13.4,293.5,-30.9,0.0,-1.0,RS41-SG,403.500,13.6,375,9,2.7,-1,-1
2023-07-26T01:02:35.001Z,T4220607,8911,46.75062,7.36609,35841.4,5.9,13.3,275.8,-30.8,0.0,-1.0,RS41-SG,403.500,12.6,375,9,2.6,-1,-1
2023-07-26T01:02:36.001Z,T4220607,8912,46.75062,7.36591,35846.6,4.0,14.1,260.7,-30.7,0.0,-1.0,RS41-SG,403.500,12.9,375,9,2.6,-1,-1
2023-07-26T01:02:37.001Z,T4220607,8913,46.75058,7.36573,35850.4,3.4,15.0,249.1,-30.7,0.0,-1.0,RS41-SG,403.500,12.9,375,9,2.7,-1,-1
2023-07-26T01:02:38.001Z,T4220607,8914,46.75053,7.36555,35854.4,4.3,15.4,242.8,-30.7,0.0,-1.0,RS41-SG,403.500,11.4,375,9,2.7,-1,-1
2023-07-26T01:02:39.001Z,T4220607,8915,46.75047,7.36538,35859.5,6.1,14.6,242.3,-30.7,0.0,-1.0,RS41-SG,403.500,10.8,375,9,2.6,-1,-1
2023-07-26T01:02:40.001Z,T4220607,8916,46.75041,7.36521,35866.1,7.0,12.7,249.3,-30.7,0.0,-1.0,RS41-SG,403.500,9.6,375,9,2.6,-1,-1
2023-07-26T01:02:41.001Z,T4220607,8917,46.75039,7.36507,35872.7,6.6,10.7,264.7,-30.7,0.0,-1.0,RS41-SG,403.500,9.4,375,9,2.6,-1,-1
2023-07-26T01:02:42.001Z,T4220607,8918,46.75040,7.36493,35878.7,5.4,10.3,285.0,-30.7,0.0,-1.0,RS41-SG,403.500,12.3,375,9,2.7,-1,-1
2023-07-26T01:02:44.001Z,T4220607,8920,46.75050,7.36469,35887.9,4.2,12.4,314.4,-30.6,0.0,-1.0,RS41-SG,403.500,12.5,375,9,2.6,-1,-1
2023-07-26T01:02:45.001Z,T4220607,8921,46.75058,7.36457,35892.6,5.2,13.2,317.8,-30.6,0.0,-1.0,RS41-SG,403.500,12.5,375,9,2.6,-1,-1
2023-07-26T01:02:46.001Z,T4220607,8922,46.75067,7.36446,35898.5,6.7,12.8,312.8,-30.6,0.0,-1.0,RS41-SG,403.500,11.7,375,9,2.7,-1,-1
2023-07-26T01:02:47.001Z,T4220607,8923,46.75073,7.36433,35905.7,7.7,11.9,300.2,-30.6,0.0,-1.0,RS41-SG,403.500,11.6,375,9,2.7,-1,-1
2023-07-26T01:02:48.001Z,T4220607,8924,46.75077,7.36419,35912.9,6.6,11.4,280.7,-30.6,0.0,-1.0,RS41-SG,403.500,12.7,375,9,2.6,-1,-1
2023-07-26T01:02:51.001Z,T4220607,8927,46.75067,7.36369,35926.1,3.4,16.8,236.3,-30.5,0.0,-1.0,RS41-SG,403.500,13.1,375,9,2.7,-1,-1
2023-07-26T01:02:52.001Z,T4220607,8928,46.75058,7.36351,35930.2,5.1,18.2,233.2,-30.5,0.0,-1.0,RS41-SG,403.500,12.3,375,9,2.7,-1,-1
2023-07-26T01:02:53.001Z,T4220607,8929,46.75048,7.36332,35936.2,7.2,17.8,236.1,-30.5,0.0,-1.0,RS41-SG,403.500,10.9,375,9,2.7,-1,-1
2023-07-26T01:02:54.001Z,T4220607,8930,46.75041,7.36312,35943.7,8.1,16.2,245.0,-30.5,0.0,-1.0,RS41-SG,403.500,10.0,375,9,2.6,-1,-1
2023-07-26T01:02:55.001Z,T4220607,8931,46.75037,7.36294,35951.5,7.5,14.5,259.0,-30.5,0.0,-1.0,RS41-SG,403.500,10.5,375,9,2.6,-1,-1
2023-07-26T01:02:57.001Z,T4220607,8933,46.75039,7.36258,35962.3,3.7,14.2,292.2,-30.5,0.0,-1.0,RS41-SG,403.500,12.5,375,9,2.6,-1,-1
2023-07-26T01:02:58.001Z,T4220607,8934,46.75045,7.36241,35965.4,3.1,15.2,304.2,-30.5,0.0,-1.0,RS41-SG,403.500,12.5,375,9,2.7,-1,-1
2023-07-26T01:02:59.001Z,T4220607,8935,46.75053,7.36225,35969.1,4.6,15.8,310.0,-30.5,0.0,-1.0,RS41-SG,403.500,12.4,375,9,2.7,-1,-1
2023-07-26T01:03:00.001Z,T4220607,8936,46.75062,7.36210,35975.1,6.9,15.0,307.8,-30.6,0.0,-1.0,RS41-SG,403.500,12.4,375,9,2.6,-1,-1
2023-07-26T01:03:01.001Z,T4220607,8937,46.75069,7.36194,35982.8,8.3,13.2,295.5,-30.5,0.0,-1.0,RS41-SG,403.500,12.0,375,9,2.6,-1,-1
2023-07-26T01:03:02.001Z,T4220607,8938,46.75072,7.36179,35990.7,7.4,12.3,277.3,-30.6,0.0,-1.0,RS41-SG,403.500,11.4,375,9,2.6,-1,-1
2023-07-26T01:03:03.001Z,T4220607,8939,46.75071,7.36162,35996.9,5.2,13.1,256.9,-30.6,0.0,-1.0,RS41-SG,403.500,12.4,375,9,2.6,-1,-1
2023-07-26T01:03:04.001Z,T4220607,8940,46.75067,7.36145,36001.0,3.4,15.5,241.6,-30.6,0.0,-1.0,RS41-SG,403.500,12.4,375,9,2.7,-1,-1
2023-07-26T01:03:05.001Z,T4220607,8941,46.75058,7.36127,36004.4,3.3,18.5,232.4,-30.6,0.0,-1.0,RS41-SG,403.500,12.2,375,9,2.7,-1,-1
2023-07-26T01:03:06.001Z,T4220607,8942,46.75047,7.36107,36008.7,5.1,20.5,229.8,-30.6,0.0,-1.0,RS41-SG,403.500,12.2,375,9,2.6,-1,-1
2023-07-26T01:03:07.001Z,T4220607,8943,46.75036,7.36086,36014.7,6.9,21.0,232.8,-30.6,0.0,-1.0,RS41-SG,403.500,9.8,375,9,2.6,-1,-1
2023-07-26T01:03:08.001Z,T4220607,8944,46.75026,7.36064,36021.6,7.7,19.9,239.7,-30.6,0.0,-1.0,RS41-SG,403.500,9.9,375,9,2.6,-1,-1
2023-07-26T01:03:09.001Z,T4220607,8945,46.75019,7.36041,36029.1,7.1,18.7,250.5,-30.6,0.0,-1.0,RS41-SG,403.500,11.1,375,9,2.7,-1,-1
2023-07-26T01:03:13.001Z,T4220607,8949,46.75023,7.35950,36048.2,4.9,18.3,292.0,-30.7,0.0,-1.0,RS41-SG,403.500,12.8,375,9,2.7,-1,-1
2023-07-26T01:03:14.001Z,T4220607,8950,46.75029,7.35928,36054.1,7.1,17.5,291.3,-30.7,0.0,-1.0,RS41-SG,403.500,12.0,375,9,2.6,-1,-1
2023-07-26T01:03:15.001Z,T4220607,8951,46.75033,7.35908,36061.7,8.2,15.7,282.8,-30.7,0.0,-1.0,RS41-SG,403.500,11.7,375,9,2.6,-1,-1
2023-07-26T01:03:17.001Z,T4220607,8953,46.75032,7.35870,36075.8,5.6,14.8,250.4,-30.7,0.0,-1.0,RS41-SG,403.500,12.1,375,9,2.7,-1,-1
2023-07-26T01:03:19.001Z,T4220607,8955,46.75016,7.35834,36083.8,3.0,18.9,226.4,-30.7,0.0,-1.0,RS41-SG,403.500,13.3,375,9,2.6,-1,-1
2023-07-26T01:03:20.001Z,T4220607,8956,46.75003,7.35816,36087.7,4.5,21.2,222.8,-30.7,0.0,-1.0,RS41-SG,403.500,11.1,375,9,2.6,-1,-1
2023-07-26T01:03:28.001Z,T4220607,8964,46.74971,7.35620,36131.2,6.5,21.3,287.1,-30.6,0.0,-1.0,RS41-SG,403.500,12.9,375,9,2.6,-1,-1
2023-07-26T01:03:30.001Z,T4220607,8966,46.74977,7.35570,36146.5,7.8,18.0,267.9,-30.6,0.0,-1.0,RS41-SG,403.500,12.7,375,9,2.7,-1,-1
2023-07-26T01:03:31.001Z,T4220607,8967,46.74974,7.35547,36153.5,6.0,17.6,253.9,-30.6,0.0,-1.0,RS41-SG,403.500,12.3,375,9,2.6,-1,-1
2023-07-26T01:03:34.001Z,T4220607,8970,46.74944,7.35484,36165.1,3.8,23.0,224.8,-30.6,0.0,-1.0,RS41-SG,403.500,13.0,375,9,2.7,-1,-1
2023-07-26T01:03:35.001Z,T4220607,8971,46.74930,7.35462,36170.1,6.1,24.3,226.1,-30.6,0.0,-1.0,RS41-SG,403.500,12.8,375,9,2.7,-1,-1
2023-07-26T01:03:37.001Z,T4220607,8973,46.74904,7.35411,36184.9,7.6,24.0,242.7,-30.6,0.0,-1.0,RS41-SG,403.500,11.0,375,8,2.6,-1,-1
2023-07-26T01:03:38.001Z,T4220607,8974,46.74896,7.35383,36191.6,5.9,23.9,253.5,-30.6,0.0,-1.0,RS41-SG,403.500,9.2,375,8,2.6,-1,-1
2023-07-26T01:03:42.001Z,T4220607,8978,46.74900,7.35256,36207.7,5.5,24.8,284.3,-30.6,0.0,-1.0,RS41-SG,403.500,13.7,375,9,2.6,-1,-1
2023-07-26T01:03:43.001Z,T4220607,8979,46.74905,7.35225,36214.3,7.4,22.8,282.4,-30.6,0.0,-1.0,RS41-SG,403.500,13.1,375,9,2.7,-1,-1
2023-07-26T01:03:46.001Z,T4220607,8982,46.74903,7.35150,36234.0,4.0,17.7,248.0,-30.7,0.0,-1.0,RS41-SG,403.500,13.4,375,9,2.6,-1,-1
2023-07-26T01:03:47.001Z,T4220607,8983,46.74895,7.35130,36237.2,2.4,18.7,235.0,-30.7,0.0,-1.0,RS41-SG,403.500,13.4,375,9,2.6,-1,-1
2023-07-26T01:03:48.001Z,T4220607,8984,46.74884,7.35110,36240.0,3.1,20.7,226.1,-30.6,0.0,-1.0,RS41-SG,403.500,12.8,375,9,2.6,-1,-1
2023-07-26T01:03:49.001Z,T4220607,8985,46.74870,7.35090,36244.2,5.5,22.6,224.7,-30.6,0.0,-1.0,RS41-SG,403.500,12.8,375,9,2.6,-1,-1
2023-07-26T01:03:50.001Z,T4220607,8986,46.74857,7.35068,36250.8,8.0,23.5,230.6,-30.6,0.0,-1.0,RS41-SG,403.500,11.2,375,9,2.7,-1,-1
2023-07-26T01:03:51.001Z,T4220607,8987,46.74845,7.35042,36258.9,8.5,24.1,240.6,-30.6,0.0,-1.0,RS41-SG,403.500,9.7,375,9,2.7,-1,-1
2023-07-26T01:03:53.001Z,T4220607,8989,46.74831,7.34981,36272.1,4.4,26.0,262.6,-30.6,0.0,-1.0,RS41-SG,403.500,10.0,375,9,2.6,-1,-1
2023-07-26T01:03:56.001Z,T4220607,8992,46.74838,7.34873,36280.5,3.8,29.4,284.2,-30.6,0.0,-1.0,RS41-SG,403.500,12.6,375,9,2.7,-1,-1
2023-07-26T01:03:57.001Z,T4220607,8993,46.74844,7.34837,36285.6,6.4,27.8,284.6,-30.6,0.0,-1.0,RS41-SG,403.500,14.0,375,9,2.7,-1,-1
2023-07-26T01:03:58.001Z,T4220607,8994,46.74850,7.34804,36292.7,7.6,24.5,280.6,-30.6,0.0,-1.0,RS41-SG,403.500,14.0,375,9,2.6,-1,-1
2023-07-26T01:03:59.001Z,T4220607,8995,46.74852,7.34774,36299.9,6.8,21.2,271.6,-30.6,0.0,-1.0,RS41-SG,403.500,13.1,375,9,2.6,-1,-1
2023-07-26T01:04:00.001Z,T4220607,8996,46.74850,7.34748,36305.5,4.5,19.3,258.8,-30.7,0.0,-1.0,RS41-SG,403.500,13.7,375,9,2.6,-1,-1
2023-07-26T01:04:02.001Z,T4220607,8998,46.74836,7.34703,36310.9,1.7,20.1,233.7,-30.7,0.0,-1.0,RS41-SG,403.500,13.8,375,9,2.7,-1,-1
2023-07-26T01:04:03.001Z,T4220607,8999,46.74824,7.34682,36313.6,3.7,22.1,228.8,-30.7,0.0,-1.0,RS41-SG,403.500,13.2,375,9,2.7,-1,-1
2023-07-26T01:04:04.001Z,T4220607,9000,46.74811,7.34659,36318.8,6.6,23.9,232.0,-30.7,0.0,-1.0,RS41-SG,403.500,11.7,375,9,2.6,-1,-1
2023-07-26T01:04:05.001Z,T4220607,9001,46.74799,7.34632,36326.3,8.2,25.0,241.1,-30.8,0.0,-1.0,RS41-SG,403.500,11.3,375,9,2.6,-1,-1
2023-07-26T01:04:06.001Z,T4220607,9002,46.74790,7.34602,36334.2,7.4,26.3,251.6,-30.8,0.0,-1.0,RS41-SG,403.500,11.5,375,9,2.7,-1,-1
2023-07-26T01:04:07.001Z,T4220607,9003,46.74785,7.34568,36340.3,5.0,27.6,261.9,-30.8,0.0,-1.0,RS41-SG,403.500,11.5,375,9,2.7,-1,-1
2023-07-26T01:04:08.001Z,T4220607,9004,46.74783,7.34531,36344.0,2.6,29.1,270.6,-30.8,0.0,-1.0,RS41-SG,403.500,12.8,375,9,2.6,-1,-1
2023-07-26T01:04:10.001Z,T4220607,9006,46.74790,7.34453,36348.1,2.6,30.7,283.2,-30.8,0.0,-1.0,RS41-SG,403.500,14.8,375,9,2.7,-1,-1
2023-07-26T01:04:11.001Z,T4220607,9007,46.74797,7.34415,36352.0,5.0,29.3,285.2,-30.8,0.0,-1.0,RS41-SG,403.500,14.8,375,9,2.7,-1,-1
2023-07-26T01:04:12.001Z,T4220607,9008,46.74802,7.34380,36357.7,6.8,26.3,282.7,-30.8,0.0,-1.0,RS41-SG,403.500,14.3,375,8,2.7,-1,-1
2023-07-26T01:04:13.001Z,T4220607,9009,46.74806,7.34349,36364.2,6.4,23.2,275.5,-30.8,0.0,-1.0,RS41-SG,403.500,14.3,375,9,2.6,-1,-1
2023-07-26T01:04:14.001Z,T4220607,9010,46.74806,7.34320,36369.7,4.6,21.2,265.1,-30.9,0.0,-1.0,RS41-SG,403.500,14.2,375,9,2.6,-1,-1
2023-07-26T01:04:15.001Z,T4220607,9011,46.74803,7.34293,36373.4,2.6,20.6,253.4,-30.9,0.0,-1.0,RS41-SG,403.500,14.4,375,9,2.6,-1,-1
2023-07-26T01:04:16.001Z,T4220607,9012,46.74796,7.34268,36375.4,1.9,21.8,243.3,-30.9,0.0,-1.0,RS41-SG,403.500,14.4,375,9,2.6,-1,-1
2023-07-26T01:04:17.001Z,T4220607,9013,46.74786,7.34242,36378.1,3.3,24.3,238.3,-30.9,0.0,-1.0,RS41-SG,403.500,13.4,375,9,2.7,-1,-1
2023-07-26T01:04:18.001Z,T4220607,9014,46.74774,7.34213,36382.5,5.5,26.9,240.0,-30.9,0.0,-1.0,RS41-SG,403.500,13.8,375,9,2.7,-1,-1
2023-07-26T01:04:19.001Z,T4220607,9015,46.74763,7.34181,36388.7,7.0,28.7,247.2,-30.9,0.0,-1.0,RS41-SG,403.500,13.8,375,9,2.6,-1,-1
2023-07-26T01:04:20.001Z,T4220607,9016,46.74754,7.34144,36395.5,6.3,30.4,255.4,-30.9,0.0,-1.0,RS41-SG,403.500,12.8,375,9,2.6,-1,-1
2023-07-26T01:04:21.001Z,T4220607,9017,46.74749,7.34104,36401.0,4.5,31.8,263.8,-30.9,0.0,-1.0,RS41-SG,403.500,13.7,375,9,2.6,-1,-1
2023-07-26T01:04:23.001Z,T4220607,9019,46.74751,7.34020,36407.2,2.2,33.4,278.7,-30.9,0.0,-1.0,RS41-SG,403.500,13.8,375,9,2.7,-1,-1
2023-07-26T01:04:24.001Z,T4220607,9020,46.74757,7.33978,36409.5,3.0,32.8,284.2,-30.9,0.0,-1.0,RS41-SG,403.500,14.9,375,9,2.7,-1,-1
2023-07-26T01:04:25.001Z,T4220607,9021,46.74764,7.33938,36413.2,4.6,30.8,286.7,-30.9,0.0,-1.0,RS41-SG,403.500,15.0,375,9,2.6,-1,-1
2023-07-26T01:04:26.001Z,T4220607,9022,46.74772,7.33901,36418.4,5.7,27.6,285.7,-30.9,0.0,-1.0,RS41-SG,403.500,15.0,375,9,2.6,-1,-1
2023-07-26T01:04:27.001Z,T4220607,9023,46.74777,7.33869,36424.0,5.5,24.2,280.5,-30.9,0.0,-1.0,RS41-SG,403.500,14.4,375,9,2.6,-1,-1
2023-07-26T01:04:28.001Z,T4220607,9024,46.74779,7.33839,36428.6,4.1,21.6,271.7,-30.9,0.0,-1.0,RS41-SG,403.500,13.7,375,9,2.6,-1,-1
2023-07-26T01:04:29.001Z,T4220607,9025,46.74778,7.33812,36431.8,2.7,20.4,261.1,-30.8,0.0,-1.0,RS41-SG,403.500,13.9,375,9,2.7,-1,-1
2023-07-26T01:04:31.001Z,T4220607,9027,46.74766,7.33761,36437.0,3.1,22.1,244.2,-30.8,0.0,-1.0,RS41-SG,403.500,13.3,375,9,2.6,-1,-1
2023-07-26T01:04:32.001Z,T4220607,9028,46.74757,7.33734,36441.1,5.0,23.8,244.3,-30.8,0.0,-1.0,RS41-SG,403.500,14.0,375,9,2.6,-1,-1
2023-07-26T01:04:33.001Z,T4220607,9029,46.74749,7.33704,36446.7,6.2,25.3,250.1,-30.8,0.0,-1.0,RS41-SG,403.500,14.0,375,9,2.7,-1,-1
2023-07-26T01:04:37.001Z,T4220607,9033,46.74745,7.33561,36462.6,1.2,30.8,283.7,-30.7,0.0,-1.0,RS41-SG,403.500,13.9,375,9,2.7,-1,-1
2023-07-26T01:04:39.001Z,T4220607,9035,46.74763,7.33486,36467.6,4.2,30.3,293.0,-30.6,0.0,-1.0,RS41-SG,403.500,15.2,375,9,2.7,-1,-1
2023-07-26T01:04:40.001Z,T4220607,9036,46.74773,7.33451,36472.9,6.2,27.4,292.4,-30.5,0.0,-1.0,RS41-SG,403.500,14.8,375,9,2.6,-1,-1
2023-07-26T01:04:43.001Z,T4220607,9039,46.74786,7.33366,36488.3,2.5,19.2,264.7,-30.4,0.0,-1.0,RS41-SG,403.500,14.5,375,9,2.7,-1,-1
2023-07-26T01:04:45.001Z,T4220607,9041,46.74775,7.33318,36491.6,1.6,20.8,241.1,-30.4,0.0,-1.0,RS41-SG,403.500,14.1,375,9,2.7,-1,-1
2023-07-26T01:04:46.001Z,T4220607,9042,46.74765,7.33294,36494.5,4.0,22.5,238.7,-30.4,0.0,-1.0,RS41-SG,403.500,13.6,375,9,2.6,-1,-1
2023-07-26T01:04:47.001Z,T4220607,9043,46.74755,7.33267,36499.7,6.1,23.7,243.7,-30.3,0.0,-1.0,RS41-SG,403.500,11.4,375,9,2.6,-1,-1
2023-07-26T01:04:49.001Z,T4220607,9045,46.74743,7.33207,36512.5,5.6,25.4,264.4,-30.3,0.0,-1.0,RS41-SG,403.500,10.9,375,9,2.6,-1,-1
2023-07-26T01:04:53.001Z,T4220607,9049,46.74766,7.33067,36521.4,2.6,29.7,296.3,-30.3,0.0,-1.0,RS41-SG,403.500,14.2,375,9,2.6,-1,-1
2023-07-26T01:04:58.001Z,T4220607,9054,46.74793,7.32923,36544.7,1.1,19.1,256.1,-30.4,0.0,-1.0,RS41-SG,403.500,15.6,375,9,2.7,-1,-1
2023-07-26T01:05:02.001Z,T4220607,9058,46.74760,7.32822,36556.8,6.7,23.3,251.6,-30.4,0.0,-1.0,RS41-SG,403.500,10.6,375,9,2.6,-1,-1
2023-07-26T01:05:11.001Z,T4220607,9067,46.74812,7.32559,36592.7,4.3,17.2,277.1,-30.6,0.0,-1.0,RS41-SG,403.500,15.3,375,8,2.7,-1,-1
2023-07-26T01:05:12.001Z,T4220607,9068,46.74812,7.32537,36595.5,1.6,16.4,260.5,-30.6,0.0,-1.0,RS41-SG,403.500,15.3,375,9,2.7,-1,-1
2023-07-26T01:05:15.001Z,T4220607,9071,46.74789,7.32473,36599.0,4.0,21.4,235.1,-30.5,0.0,-1.0,RS41-SG,403.500,11.3,375,9,2.7,-1,-1
2023-07-26T01:05:23.001Z,T4220607,9079,46.74807,7.32249,36629.3,5.3,24.8,304.6,-30.4,0.0,-1.0,RS41-SG,403.500,14.1,375,9,2.6,-1,-1
2023-07-26T01:05:24.001Z,T4220607,9080,46.74818,7.32224,36635.3,7.2,21.5,300.6,-30.4,0.0,-1.0,RS41-SG,403.500,14.7,375,9,2.6,-1,-1
2023-07-26T01:05:25.001Z,T4220607,9081,46.74826,7.32201,36642.0,6.5,17.9,290.3,-30.4,0.0,-1.0,RS41-SG,403.500,14.7,375,9,2.6,-1,-1
2023-07-26T01:05:29.001Z,T4220607,9085,46.74814,7.32123,36650.6,0.9,18.5,230.3,-30.4,0.0,-1.0,RS41-SG,403.500,13.1,375,9,2.6,-1,-1
2023-07-26T01:05:30.001Z,T4220607,9086,46.74803,7.32104,36653.1,4.2,20.0,229.4,-30.4,0.0,-1.0,RS41-SG,403.500,13.1,375,9,2.6,-1,-1
2023-07-26T01:05:32.001Z,T4220607,9088,46.74784,7.32061,36665.9,7.7,19.3,250.0,-30.3,0.0,-1.0,RS41-SG,403.500,8.6,375,9,2.7,-1,-1
2023-07-26T01:05:40.001Z,T4220607,9096,46.74838,7.31863,36697.0,7.0,16.9,290.8,-30.3,0.0,-1.0,RS41-SG,403.500,12.6,375,9,2.7,-1,-1
2023-07-26T01:05:43.001Z,T4220607,9099,46.74834,7.31806,36705.9,-0.5,16.4,238.1,-30.2,0.0,-1.0,RS41-SG,403.500,12.5,375,9,2.6,-1,-1
2023-07-26T01:05:44.001Z,T4220607,9100,46.74825,7.31788,36705.8,0.2,19.1,227.8,-30.1,0.0,-1.0,RS41-SG,403.500,13.2,375,9,2.6,-1,-1
2023-07-26T01:05:46.001Z,T4220607,9102,46.74800,7.31748,36712.4,6.5,21.0,232.0,-30.0,0.0,-1.0,RS41-SG,403.500,11.8,375,9,2.6,-1,-1
2023-07-26T01:05:47.001Z,T4220607,9103,46.74790,7.31726,36719.2,7.2,20.2,243.3,-30.0,0.0,-1.0,RS41-SG,403.500,11.1,375,9,2.7,-1,-1
2023-07-26T01:05:48.001Z,T4220607,9104,46.74784,7.31701,36725.7,5.9,20.0,256.5,-29.9,0.0,-1.0,RS41-SG,403.500,10.9,375,9,2.7,-1,-1
2023-07-26T01:05:53.001Z,T4220607,9109,46.74805,7.31564,36738.5,5.3,23.0,295.0,-29.8,0.0,-1.0,RS41-SG,403.500,12.8,375,9,2.7,-1,-1
2023-07-26T01:06:01.001Z,T4220607,9117,46.74770,7.31399,36766.0,6.6,19.2,232.3,-29.6,0.0,-1.0,RS41-SG,403.500,10.3,375,9,2.7,-1,-1
2023-07-26T01:06:08.001Z,T4220607,9124,46.74785,7.31218,36788.0,6.0,23.3,294.4,-29.5,0.0,-1.0,RS41-SG,403.500,13.5,375,9,2.7,-1,-1
2023-07-26T01:06:15.001Z,T4220607,9131,46.74756,7.31067,36811.1,5.6,20.6,228.7,-29.4,0.0,-1.0,RS41-SG,403.500,10.5,375,9,2.7,-1,-1
2023-07-26T01:06:19.001Z,T4220607,9135,46.74735,7.30967,36831.0,1.0,22.8,277.2,-29.3,0.0,-1.0,RS41-SG,403.500,11.3,375,9,2.7,-1,-1
2023-07-26T01:06:20.001Z,T4220607,9136,46.74740,7.30937,36831.5,0.1,24.5,286.3,-29.3,0.0,-1.0,RS41-SG,403.500,11.6,375,9,2.6,-1,-1
2023-07-26T01:06:31.001Z,T4220607,9147,46.74715,7.30671,36873.5,6.7,21.2,250.8,-29.2,0.0,-1.0,RS41-SG,403.500,8.1,375,9,2.6,-1,-1
2023-07-26T01:06:37.001Z,T4220607,9153,46.74738,7.30491,36892.8,6.4,23.8,291.7,-29.1,0.0,-1.0,RS41-SG,403.500,12.1,375,9,2.6,-1,-1
2023-07-26T01:06:39.001Z,T4220607,9155,46.74747,7.30438,36905.3,5.0,18.5,271.8,-29.1,0.0,-1.0,RS41-SG,403.500,12.2,375,9,2.7,-1,-1
2023-07-26T01:06:41.001Z,T4220607,9157,46.74740,7.30394,36910.5,0.8,17.8,243.2,-29.1,0.0,-1.0,RS41-SG,403.500,13.0,375,9,2.7,-1,-1
2023-07-26T01:06:50.001Z,T4220607,9166,46.74713,7.30164,36943.6,3.1,25.2,296.2,-29.1,0.0,-1.0,RS41-SG,403.500,12.7,375,9,2.6,-1,-1
2023-07-26T01:06:51.001Z,T4220607,9167,46.74722,7.30136,36947.9,5.8,23.6,296.6,-29.1,0.0,-1.0,RS41-SG,403.500,13.4,375,9,2.7,-1,-1
2023-07-26T01:06:52.001Z,T4220607,9168,46.74730,7.30109,36954.2,7.1,20.5,290.9,-29.1,0.0,-1.0,RS41-SG,403.500,13.4,375,9,2.7,-1,-1
2023-07-26T01:06:56.001Z,T4220607,9172,46.74726,7.30026,36969.3,1.2,17.0,234.6,-29.1,0.0,-1.0,RS41-SG,403.500,11.9,375,9,2.7,-1,-1
2023-07-26T01:06:57.001Z,T4220607,9173,46.74716,7.30008,36971.5,3.1,18.7,228.8,-29.1,0.0,-1.0,RS41-SG,403.500,11.8,375,9,2.7,-1,-1
2023-07-26T01:06:58.001Z,T4220607,9174,46.74705,7.29989,36976.0,5.8,19.5,231.1,-29.1,0.0,-1.0,RS41-SG,403.500,11.1,375,9,2.6,-1,-1
2023-07-26T01:07:09.001Z,T4220607,9185,46.74734,7.29715,37029.3,2.8,15.7,261.2,-29.1,0.0,-1.0,RS41-SG,403.500,13.9,375,9,2.6,-1,-1
2023-07-26T01:07:10.001Z,T4220607,9186,46.74730,7.29695,37031.4,1.0,16.0,244.8,-29.1,0.0,-1.0,RS41-SG,403.500,15.0,375,9,2.6,-1,-1
2023-07-26T01:07:11.001Z,T4220607,9187,46.74722,7.29677,37032.6,1.5,17.7,232.4,-29.0,0.0,-1.0,RS41-SG,403.500,15.0,375,9,2.6,-1,-1
2023-07-26T01:07:12.001Z,T4220607,9188,46.74712,7.29658,37035.5,4.2,19.0,228.9,-29.0,0.0,-1.0,RS41-SG,403.500,14.0,375,9,2.7,-1,-1
2023-07-26T01:07:15.001Z,T4220607,9191,46.74688,7.29595,37055.6,6.5,18.5,261.2,-29.0,0.0,-1.0,RS41-SG,403.500,10.6,375,9,2.6,-1,-1
2023-07-26T01:07:21.001Z,T4220607,9197,46.74733,7.29441,37078.7,7.3,21.2,300.5,-28.8,0.0,-1.0,RS41-SG,403.500,16.7,375,9,2.6,-1,-1
2023-07-26T01:07:26.001Z,T4220607,9202,46.74732,7.29339,37097.6,2.1,17.8,233.9,-28.9,0.0,-1.0,RS41-SG,403.500,15.0,375,9,2.6,-1,-1
2023-07-26T01:07:27.001Z,T4220607,9203,46.74722,7.29320,37101.2,5.2,18.9,233.0,-28.8,0.0,-1.0,RS41-SG,403.500,14.4,375,9,2.6,-1,-1
2023-07-26T01:07:28.001Z,T4220607,9204,46.74713,7.29299,37107.7,7.8,18.9,240.2,-28.8,0.0,-1.0,RS41-SG,403.500,11.9,375,9,2.6,-1,-1
2023-07-26T01:07:32.001Z,T4220607,9208,46.74711,7.29200,37130.8,1.6,22.9,292.0,-28.8,0.0,-1.0,RS41-SG,403.500,14.7,375,9,2.6,-1,-1
2023-07-26T01:07:37.001Z,T4220607,9213,46.74765,7.29061,37155.0,7.5,21.2,289.3,-28.7,0.0,-1.0,RS41-SG,403.500,14.6,375,9,2.6,-1,-1
2023-07-26T01:07:41.001Z,T4220607,9217,46.74758,7.28962,37168.1,1.9,21.6,241.0,-28.7,0.0,-1.0,RS41-SG,403.500,15.0,375,9,2.7,-1,-1
2023-07-26T01:07:42.001Z,T4220607,9218,46.74748,7.28936,37171.6,4.9,23.0,238.7,-28.6,0.0,-1.0,RS41-SG,403.500,14.4,375,9,2.7,-1,-1
2023-07-26T01:07:43.001Z,T4220607,9219,46.74738,7.28910,37177.7,7.6,23.0,243.5,-28.6,0.0,-1.0,RS41-SG,403.500,11.7,375,8,2.6,-1,-1
2023-07-26T01:07:54.001Z,T4220607,9230,46.74789,7.28599,37236.3,3.1,21.9,264.2,-28.4,0.0,-1.0,RS41-SG,403.500,15.5,375,9,2.6,-1,-1
2023-07-26T01:07:57.001Z,T4220607,9233,46.74768,7.28510,37243.3,4.4,26.8,243.0,-28.4,0.0,-1.0,RS41-SG,403.500,12.7,375,9,2.7,-1,-1
2023-07-26T01:07:58.001Z,T4220607,9234,46.74757,7.28479,37248.9,7.2,26.7,246.1,-28.4,0.0,-1.0,RS41-SG,403.500,12.3,375,8,2.7,-1,-1
2023-07-26T01:07:59.001Z,T4220607,9235,46.74749,7.28447,37256.6,8.2,25.5,253.3,-28.4,0.0,-1.0,RS41-SG,403.500,10.6,375,9,2.7,-1,-1
2023-07-26T01:08:11.001Z,T4220607,9247,46.74785,7.28116,37315.1,3.0,24.5,247.0,-28.3,0.0,-1.0,RS41-SG,403.500,14.0,375,9,2.6,-1,-1
2023-07-26T01:08:22.001Z,T4220607,9258,46.74786,7.27797,37373.8,6.3,21.0,280.0,-28.4,0.0,-1.0,RS41-SG,403.500,13.4,375,9,2.7,-1,-1
2023-07-26T01:08:25.001Z,T4220607,9261,46.74781,7.27711,37386.5,2.6,24.5,252.8,-28.3,0.0,-1.0,RS41-SG,403.500,13.7,375,9,2.7,-1,-1
2023-07-26T01:08:27.001Z,T4220607,9263,46.74764,7.27648,37393.6,5.2,26.6,247.6,-28.4,0.0,-1.0,RS41-SG,403.500,12.9,375,9,2.7,-1,-1
2023-07-26T01:08:28.001Z,T4220607,9264,46.74756,7.27616,37399.6,6.7,25.8,250.3,-28.3,0.0,-1.0,RS41-SG,403.500,12.6,375,9,2.6,-1,-1
2023-07-26T01:08:31.001Z,T4220607,9267,46.74744,7.27528,37420.7,5.2,21.2,259.6,-28.3,0.0,-1.0,RS41-SG,403.500,11.0,375,9,2.7,-1,-1
2023-07-26T01:08:35.001Z,T4220607,9271,46.74756,7.27427,37380.0,-27.5,18.6,281.9,-28.3,0.0,-1.0,RS41-SG,403.500,13.5,375,9,2.6,-1,-1
2023-07-26T01:08:39.001Z,T4220607,9275,46.74769,7.27337,37213.2,-52.9,17.2,279.5,-28.0,0.0,-1.0,RS41-SG,403.500,14.2,375,9,2.7,-1,-1
2023-07-26T01:08:40.001Z,T4220607,9276,46.74772,7.27315,37158.1,-57.6,16.7,277.2,-28.1,0.0,-1.0,RS41-SG,403.500,12.0,375,9,2.7,-1,-1
2023-07-26T01:08:41.001Z,T4220607,9277,46.74774,7.27293,37097.9,-63.1,17.2,277.6,-28.1,0.0,-1.0,RS41-SG,403.500,14.2,375,9,2.6,-1,-1
2023-07-26T01:08:47.001Z,T4220607,9283,46.74786,7.27151,36646.6,-86.1,17.9,274.6,-27.7,0.0,-1.0,RS41-SG,403.500,14.4,375,9,2.6,-1,-1
2023-07-26T01:08:48.001Z,T4220607,9284,46.74788,7.27127,36559.3,-89.2,18.4,273.0,-27.6,0.0,-1.0,RS41-SG,403.500,14.1,375,9,2.6,-1,-1
2023-07-26T01:08:51.001Z,T4220607,9287,46.74791,7.27053,36280.2,-95.6,19.9,273.3,-27.2,0.0,-1.0,RS41-SG,403.500,13.2,375,9,2.6,-1,-1
2023-07-26T01:09:05.001Z,T4220607,9301,46.74795,7.26712,34882.0,-101.8,17.9,274.1,-29.2,0.0,-1.0,RS41-SG,403.500,13.3,375,9,2.6,-1,-1
2023-07-26T01:09:11.001Z,T4220607,9307,46.74807,7.26574,34249.6,-106.8,17.9,280.7,-28.5,0.0,-1.0,RS41-SG,403.500,15.8,375,8,2.6,-1,-1
2023-07-26T01:09:12.001Z,T4220607,9308,46.74810,7.26552,34143.8,-105.3,17.5,278.8,-28.5,0.0,-1.0,RS41-SG,403.500,15.1,375,9,2.6,-1,-1
2023-07-26T01:09:13.001Z,T4220607,9309,46.74813,7.26528,34039.6,-103.6,18.9,279.5,-28.7,0.0,-1.0,RS41-SG,403.500,15.2,375,9,2.6,-1,-1
2023-07-26T01:09:14.001Z,T4220607,9310,46.74815,7.26504,33937.1,-101.8,19.3,279.0,-29.0,0.0,-1.0,RS41-SG,403.500,15.9,375,8,2.6,-1,-1
2023-07-26T01:09:18.001Z,T4220607,9314,46.74825,7.26410,33529.6,-102.9,17.5,279.1,-29.9,0.0,-1.0,RS41-SG,403.500,15.9,375,9,2.6,-1,-1
2023-07-26T01:09:19.001Z,T4220607,9315,46.74827,7.26387,33426.2,-103.9,17.4,277.7,-30.3,0.0,-1.0,RS41-SG,403.500,15.9,375,9,2.6,-1,-1
2023-07-26T01:09:20.001Z,T4220607,9316,46.74829,7.26365,33322.5,-103.7,17.2,276.0,-30.6,0.0,-1.0,RS41-SG,403.500,15.9,375,8,2.6,-1,-1
2023-07-26T01:09:25.001Z,T4220607,9321,46.74838,7.26258,32807.6,-103.8,16.3,277.6,-33.0,0.0,-1.0,RS41-SG,403.500,13.3,375,8,2.6,-1,-1
2023-07-26T01:09:26.001Z,T4220607,9322,46.74840,7.26237,32703.7,-103.2,17.0,279.0,-33.2,0.0,-1.0,RS41-SG,403.500,13.8,375,8,2.6,-1,-1
2023-07-26T01:09:31.001Z,T4220607,9327,46.74850,7.26125,32200.0,-99.7,17.5,275.9,-34.7,0.0,-1.0,RS41-SG,403.500,14.2,375,8,2.6,-1,-1
2023-07-26T01:09:32.001Z,T4220607,9328,46.74851,7.26102,32099.4,-101.0,17.8,275.0,-35.1,0.0,-1.0,RS41-SG,403.500,12.9,375,8,2.6,-1,-1
2023-07-26T01:09:40.001Z,T4220607,9336,46.74855,7.25934,31321.6,-93.1,15.6,269.5,-36.4,0.0,-1.0,RS41-SG,403.500,13.4,375,8,2.6,-1,-1
2023-07-26T01:09:45.001Z,T4220607,9341,46.74853,7.25836,30855.3,-93.6,14.7,268.9,-37.4,0.0,-1.0,RS41-SG,403.500,14.5,375,8,2.6,-1,-1
2023-07-26T01:09:51.001Z,T4220607,9347,46.74852,7.25725,30299.8,-90.7,14.4,269.0,-38.5,0.0,-1.0,RS41-SG,403.500,15.8,375,9,2.6,-1,-1
2023-07-26T01:09:52.001Z,T4220607,9348,46.74852,7.25706,30209.5,-90.0,14.7,269.4,-38.6,0.0,-1.0,RS41-SG,403.500,16.0,375,8,2.6,-1,-1
2023-07-26T01:09:53.001Z,T4220607,9349,46.74851,7.25686,30120.6,-88.8,15.0,267.6,-38.9,0.0,-1.0,RS41-SG,403.500,16.0,375,8,2.6,-1,-1
2023-07-26T01:09:57.001Z,T4220607,9353,46.74847,7.25609,29772.4,-84.5,14.1,265.0,-40.4,0.0,-1.0,RS41-SG,403.500,14.5,375,9,2.6,-1,-1
2023-07-26T01:09:58.001Z,T4220607,9354,46.74846,7.25591,29688.1,-84.1,14.5,264.2,-40.7,0.0,-1.0,RS41-SG,403.500,14.5,375,9,2.6,-1,-1
2023-07-26T01:09:59.001Z,T4220607,9355,46.74844,7.25572,29604.8,-83.3,14.1,264.2,-40.9,0.0,-1.0,RS41-SG,403.500,14.2,375,9,2.6,-1,-1
2023-07-26T01:10:00.001Z,T4220607,9356,46.74842,7.25554,29522.3,-82.9,14.6,262.4,-41.2,0.1,-1.0,RS41-SG,403.500,14.2,375,8,2.6,-1,-1
2023-07-26T01:10:02.001Z,T4220607,9358,46.74838,7.25519,29357.0,-83.4,13.1,261.3,-42.0,0.0,-1.0,RS41-SG,403.500,13.8,375,9,2.6,-1,-1
2023-07-26T01:10:04.001Z,T4220607,9360,46.74835,7.25487,29191.1,-83.2,11.9,263.0,-42.4,0.1,-1.0,RS41-SG,403.500,14.1,375,9,2.6,-1,-1
2023-07-26T01:10:06.001Z,T4220607,9362,46.74834,7.25456,29024.5,-83.7,12.0,267.5,-42.4,0.1,-1.0,RS41-SG,403.500,14.1,375,9,2.6,-1,-1
2023-07-26T01:10:11.001Z,T4220607,9367,46.74833,7.25379,28621.7,-77.4,11.4,266.9,-42.8,0.1,-1.0,RS41-SG,403.500,14.7,375,9,2.6,-1,-1
2023-07-26T01:10:13.001Z,T4220607,9369,46.74831,7.25350,28467.1,-78.4,11.0,264.9,-42.4,0.1,-1.0,RS41-SG,403.500,14.9,375,9,2.5,-1,-1
2023-07-26T01:10:15.001Z,T4220607,9371,46.74829,7.25321,28311.6,-78.5,11.1,264.2,-42.3,0.1,-1.0,RS41-SG,403.500,15.3,375,9,2.6,-1,-1
2023-07-26T01:10:16.001Z,T4220607,9372,46.74828,7.25307,28233.9,-77.1,10.9,261.5,-42.6,0.1,-1.0,RS41-SG,403.500,15.3,375,9,2.6,-1,-1
2023-07-26T01:10:18.001Z,T4220607,9374,46.74826,7.25279,28080.9,-76.9,10.5,265.6,-43.5,0.1,-1.0,RS41-SG,403.500,15.2,375,9,2.6,-1,-1
2023-07-26T01:10:20.001Z,T4220607,9376,46.74824,7.25252,27928.5,-76.3,10.0,262.1,-44.2,0.2,-1.0,RS41-SG,403.500,15.6,375,9,2.6,-1,-1
2023-07-26T01:10:21.001Z,T4220607,9377,46.74823,7.25239,27852.7,-75.6,10.1,262.7,-44.9,0.1,-1.0,RS41-SG,403.500,15.7,375,9,2.6,-1,-1
2023-07-26T01:10:22.001Z,T4220607,9378,46.74822,7.25226,27776.9,-76.1,9.8,260.7,-45.5,0.2,-1.0,RS41-SG,403.500,15.7,375,9,2.6,-1,-1
2023-07-26T01:10:24.001Z,T4220607,9380,46.74820,7.25201,27624.8,-77.3,9.4,260.1,-46.2,0.2,-1.0,RS41-SG,403.500,15.5,375,9,2.6,-1,-1
2023-07-26T01:10:25.001Z,T4220607,9381,46.74818,7.25189,27547.3,-77.3,9.7,263.8,-46.3,0.2,-1.0,RS41-SG,403.500,15.5,375,9,2.6,-1,-1
2023-07-26T01:10:29.001Z,T4220607,9385,46.74815,7.25140,27247.1,-72.7,9.0,272.4,-47.0,0.2,-1.0,RS41-SG,403.500,15.4,375,8,2.6,-1,-1
2023-07-26T01:10:33.001Z,T4220607,9389,46.74819,7.25091,26955.3,-74.7,9.9,276.1,-47.1,0.2,-1.0,RS41-SG,403.500,15.5,375,9,2.6,-1,-1
2023-07-26T01:10:34.001Z,T4220607,9390,46.74819,7.25077,26880.2,-74.5,10.3,273.1,-47.0,0.3,-1.0,RS41-SG,403.500,15.4,375,7,2.6,-1,-1
2023-07-26T01:10:35.001Z,T4220607,9391,46.74820,7.25064,26804.4,-76.3,10.8,274.1,-47.1,0.3,-1.0,RS41-SG,403.500,15.7,375,8,2.6,-1,-1
2023-07-26T01:10:40.001Z,T4220607,9396,46.74822,7.24994,26414.6,-78.5,10.6,272.9,-46.6,0.3,-1.0,RS41-SG,403.500,15.8,375,9,2.6,-1,-1
2023-07-26T01:10:44.001Z,T4220607,9400,46.74821,7.24938,26108.8,-74.2,10.0,265.8,-48.0,0.3,-1.0,RS41-SG,403.500,17.5,375,8,2.6,-1,-1
2023-07-26T01:10:47.001Z,T4220607,9403,46.74821,7.24900,25889.0,-72.2,10.0,272.8,-48.6,0.3,-1.0,RS41-SG,403.500,17.3,375,9,2.6,-1,-1
2023-07-26T01:10:48.001Z,T4220607,9404,46.74821,7.24887,25817.2,-72.3,9.4,270.1,-48.7,0.3,-1.0,RS41-SG,403.500,16.6,375,9,2.6,-1,-1
2023-07-26T01:10:49.001Z,T4220607,9405,46.74821,7.24875,25745.3,-72.0,9.5,268.0,-48.6,0.3,-1.0,RS41-SG,403.500,16.3,375,8,2.6,-1,-1
2023-07-26T01:10:52.001Z,T4220607,9408,46.74820,7.24842,25534.1,-70.1,7.8,268.6,-48.3,0.3,-1.0,RS41-SG,403.500,15.4,375,8,2.6,-1,-1
2023-07-26T01:10:56.001Z,T4220607,9412,46.74822,7.24797,25255.7,-69.1,8.4,273.6,-48.3,0.3,-1.0,RS41-SG,403.500,13.8,375,8,2.6,-1,-1
2023-07-26T01:10:57.001Z,T4220607,9413,46.74822,7.24786,25185.9,-69.5,8.9,270.4,-48.3,0.3,-1.0,RS41-SG,403.500,14.8,375,9,2.6,-1,-1
2023-07-26T01:10:58.001Z,T4220607,9414,46.74822,7.24775,25117.2,-69.2,8.2,270.5,-48.2,0.3,-1.0,RS41-SG,403.500,14.8,375,9,2.6,-1,-1
2023-07-26T01:11:01.001Z,T4220607,9417,46.74819,7.24746,24908.6,-70.0,7.5,257.0,-48.0,0.3,-1.0,RS41-SG,403.500,14.7,375,8,2.6,-1,-1
2023-07-26T01:11:04.001Z,T4220607,9420,46.74817,7.24721,24701.7,-68.4,5.8,261.7,-48.8,0.3,-1.0,RS41-SG,403.500,13.8,375,8,2.6,-1,-1
2023-07-26T01:11:08.001Z,T4220607,9424,46.74814,7.24699,24429.6,-67.5,3.8,261.2,-48.8,0.3,-1.0,RS41-SG,403.500,14.1,375,9,2.6,-1,-1
2023-07-26T01:11:10.001Z,T4220607,9426,46.74814,7.24689,24293.9,-67.6,3.6,284.6,-49.2,0.3,-1.0,RS41-SG,403.500,13.7,375,9,2.6,-1,-1
2023-07-26T01:11:13.001Z,T4220607,9429,46.74816,7.24677,24093.4,-66.2,3.6,282.6,-49.7,0.4,-1.0,RS41-SG,403.500,13.2,375,9,2.6,-1,-1
2023-07-26T01:11:19.001Z,T4220607,9435,46.74821,7.24637,23704.8,-63.8,6.2,265.7,-49.3,0.4,-1.0,RS41-SG,403.500,11.7,375,9,2.6,08:27:43,-1
2023-07-26T01:11:24.001Z,T4220607,9440,46.74815,7.24603,23392.5,-62.4,4.9,245.5,-49.4,0.4,-1.0,RS41-SG,403.500,10.6,375,9,2.6,08:27:43,-1
2023-07-26T01:11:30.001Z,T4220607,9446,46.74817,7.24579,23022.9,-61.3,3.9,301.2,-49.9,0.4,-1.0,RS41-SG,403.500,8.8,375,8,2.6,08:27:43,-1
2023-07-26T01:11:43.001Z,T4220607,9459,46.74815,7.24497,22239.7,-58.7,5.4,238.5,-49.2,0.4,-1.0,RS41-SG,403.500,9.4,375,9,2.6,08:27:43,-1
2023-07-26T01:11:44.001Z,T4220607,9460,46.74813,7.24491,22180.8,-59.2,5.2,242.3,-49.1,0.3,-1.0,RS41-SG,403.500,10.1,375,9,2.6,08:27:43,-1
2023-07-26T01:11:45.001Z,T4220607,9461,46.74810,7.24486,22122.6,-58.4,4.0,243.2,-49.1,0.4,-1.0,RS41-SG,403.500,10.1,375,9,2.6,08:27:43,-1
2023-07-26T01:11:46.001Z,T4220607,9462,46.74809,7.24482,22064.7,-58.6,2.8,237.8,-49.4,0.4,-1.0,RS41-SG,403.500,8.8,375,9,2.6,08:27:43,-1
