timestamp,serial,frame,lat,lon,alt,vel_v,vel_h,heading,temp,humidity,pressure,type,freq_mhz,snr,f_error_hz,sats,batt_v,burst_timer,aux_data
2023-07-11T16:59:23.001Z,T4220448,8432,47.02265,7.79789,32873.3,4.6,15.7,257.8,-273.0,-1.0,-1.0,RS41,403.000,8.6,0,11,2.7,-1,-1
2023-07-11T16:59:32.001Z,T4220448,8441,47.02278,7.79581,32920.2,6.0,15.5,280.3,-273.0,-1.0,-1.0,RS41,403.000,8.5,0,11,2.6,-1,-1
2023-07-11T16:59:33.001Z,T4220448,8442,47.02279,7.79562,32926.2,5.7,14.7,269.2,-273.0,-1.0,-1.0,RS41,403.000,9.0,0,11,2.6,-1,-1
2023-07-11T16:59:34.001Z,T4220448,8443,47.02278,7.79543,32931.5,5.1,14.9,257.5,-273.0,-1.0,-1.0,RS41,403.000,9.9,0,11,2.6,-1,-1
2023-07-11T16:59:35.001Z,T4220448,8444,47.02274,7.79523,32936.1,4.3,15.8,250.2,-273.0,-1.0,-1.0,RS41,403.000,9.9,0,11,2.7,-1,-1
2023-07-11T16:59:39.001Z,T4220448,8448,47.02257,7.79439,32957.5,6.0,17.1,268.2,-273.0,-1.0,-1.0,RS41,403.000,8.8,0,11,2.7,-1,-1
2023-07-11T16:59:40.001Z,T4220448,8449,47.02258,7.79417,32963.1,4.7,17.1,277.4,-273.0,-1.0,-1.0,RS41-SG,403.000,9.6,0,11,2.6,-1,-1
2023-07-11T16:59:41.001Z,T4220448,8450,47.02261,7.79395,32967.4,3.9,17.3,285.2,-273.0,-1.0,-1.0,RS41-SG,403.000,9.6,0,11,2.6,-1,-1
2023-07-11T16:59:42.001Z,T4220448,8451,47.02266,7.79373,32971.6,4.6,17.3,289.7,-273.0,-1.0,-1.0,RS41-SG,403.000,8.8,0,10,2.6,-1,-1
2023-07-11T16:59:43.001Z,T4220448,8452,47.02271,7.79352,32976.7,5.9,16.5,288.6,-273.0,-1.0,-1.0,RS41-SG,403.000,8.9,0,10,2.7,-1,-1
2023-07-11T16:59:46.001Z,T4220448,8455,47.02276,7.79294,32994.7,5.2,13.8,263.2,-273.0,-1.0,-1.0,RS41-SG,403.000,10.2,0,10,2.7,-1,-1
2023-07-11T16:59:50.001Z,T4220448,8459,47.02259,7.79230,33015.0,6.3,12.4,246.0,-273.0,-1.0,-1.0,RS41-SG,403.000,7.7,0,10,2.6,-1,-1
2023-07-11T16:59:51.001Z,T4220448,8460,47.02256,7.79215,33021.3,6.7,12.1,254.6,-273.0,-1.0,-1.0,RS41-SG,403.000,8.2,0,10,2.7,-1,-1
2023-07-11T16:59:53.001Z,T4220448,8462,47.02254,7.79182,33033.5,5.3,13.7,273.7,-273.0,-1.0,-1.0,RS41-SG,403.000,9.1,0,10,2.7,-1,-1
2023-07-11T16:59:55.001Z,T4220448,8464,47.02257,7.79142,33043.6,4.9,17.2,279.3,-273.0,-1.0,-1.0,RS41-SG,403.000,8.8,0,10,2.7,-1,-1
2023-07-11T16:59:56.001Z,T4220448,8465,47.02260,7.79119,33048.8,5.6,18.2,276.3,-273.0,-1.0,-1.0,RS41-SG,403.000,8.7,0,10,2.6,-1,-1
2023-07-11T16:59:58.001Z,T4220448,8467,47.02260,7.79072,33060.6,5.9,17.5,263.1,-273.0,-1.0,-1.0,RS41-SG,403.000,9.1,0,10,2.6,-1,-1
2023-07-11T17:00:00.001Z,T4220448,8469,47.02253,7.79032,33071.2,4.8,14.2,247.0,-273.0,-1.0,-1.0,RS41-SG,403.000,8.9,0,10,2.7,-1,-1
2023-07-11T17:00:02.001Z,T4220448,8471,47.02242,7.79004,33080.2,4.8,9.7,238.3,-273.0,-1.0,-1.0,RS41-SG,403.000,11.2,0,10,2.7,-1,-1
2023-07-11T17:00:04.001Z,T4220448,8473,47.02237,7.78984,33091.1,6.0,7.8,264.5,-273.0,-1.0,-1.0,RS41-SG,403.000,9.0,0,9,2.6,-1,-1
2023-07-11T17:00:05.001Z,T4220448,8474,47.02237,7.78972,33097.3,6.1,9.7,279.9,-273.0,-1.0,-1.0,RS41-SG,403.000,9.0,0,10,2.6,-1,-1
2023-07-11T17:00:06.001Z,T4220448,8475,47.02240,7.78958,33103.2,5.7,12.7,285.7,-273.0,-1.0,-1.0,RS41-SG,403.000,8.4,0,10,2.6,-1,-1
2023-07-11T17:00:08.001Z,T4220448,8477,47.02246,7.78917,33113.2,4.8,19.2,281.1,-273.0,-1.0,-1.0,RS41-SG,403.000,9.0,0,10,2.7,-1,-1
2023-07-11T17:00:09.001Z,T4220448,8478,47.02249,7.78891,33118.0,4.9,21.4,276.0,-273.0,-1.0,-1.0,RS41-SG,403.000,9.0,0,10,2.7,-1,-1
2023-07-11T17:00:11.001Z,T4220448,8480,47.02249,7.78835,33128.9,6.0,21.0,263.0,-273.0,-1.0,-1.0,RS41-SG,403.000,9.2,0,10,2.7,-1,-1
2023-07-11T17:00:20.001Z,T4220448,8489,47.02244,7.78690,33177.3,5.1,18.3,290.0,-273.0,-1.0,-1.0,RS41-SG,403.000,8.8,0,10,2.6,-1,-1
2023-07-11T17:00:21.001Z,T4220448,8490,47.02249,7.78665,33182.1,4.2,21.6,283.5,-273.0,-1.0,-1.0,RS41-SG,403.000,8.2,0,9,2.6,-1,-1
2023-07-11T17:00:23.001Z,T4220448,8492,47.02253,7.78604,33190.5,4.5,25.2,269.4,-273.0,-1.0,-1.0,RS41-SG,403.000,9.2,0,10,2.7,-1,-1
2023-07-11T17:00:24.001Z,T4220448,8493,47.02252,7.78571,33195.4,5.4,24.9,262.0,-273.0,-1.0,-1.0,RS41-SG,403.000,9.2,0,10,2.7,-1,-1
2023-07-11T17:00:28.001Z,T4220448,8497,47.02232,7.78479,33217.5,4.6,10.5,250.0,-273.0,-1.0,-1.0,RS41-SG,403.000,7.6,0,10,2.6,-1,-1
2023-07-11T17:00:33.001Z,T4220448,8502,47.02252,7.78413,33243.4,5.7,19.9,298.2,-273.0,-1.0,-1.0,RS41-SG,403.000,8.7,0,10,2.7,-1,-1
2023-07-11T17:00:37.001Z,T4220448,8506,47.02268,7.78291,33262.0,4.8,25.3,264.4,-273.0,-1.0,-1.0,RS41-SG,403.000,8.6,0,10,2.6,-1,-1
2023-07-11T17:00:44.001Z,T4220448,8513,47.02257,7.78157,33297.0,5.4,14.2,305.0,-273.0,-1.0,-1.0,RS41-SG,403.000,8.9,0,10,2.7,-1,-1
2023-07-11T17:00:46.001Z,T4220448,8515,47.02275,7.78117,33307.6,4.5,21.4,298.5,-273.0,-1.0,-1.0,RS41-SG,403.000,8.2,0,10,2.7,-1,-1
2023-07-11T17:00:58.001Z,T4220448,8527,47.02288,7.77840,33365.6,4.3,19.4,298.1,-273.0,-1.0,-1.0,RS41-SG,403.000,9.8,0,10,2.7,-1,-1
2023-07-11T17:00:59.001Z,T4220448,8528,47.02296,7.77815,33370.0,4.6,22.3,294.1,-273.0,-1.0,-1.0,RS41-SG,403.000,9.8,0,10,2.7,-1,-1
2023-07-11T17:01:00.001Z,T4220448,8529,47.02303,7.77787,33374.8,5.0,24.1,287.6,-273.0,-1.0,-1.0,RS41-SG,403.000,9.8,0,10,2.6,-1,-1
2023-07-11T17:01:01.001Z,T4220448,8530,47.02308,7.77756,33380.2,5.7,24.5,280.0,-273.0,-1.0,-1.0,RS41-SG,403.000,9.8,0,10,2.6,-1,-1
2023-07-11T17:01:03.001Z,T4220448,8532,47.02310,7.77695,33391.4,5.2,21.8,262.7,-273.0,-1.0,-1.0,RS41-SG,403.000,8.6,0,9,2.7,-1,-1
2023-07-11T17:01:06.001Z,T4220448,8535,47.02296,7.77628,33405.2,4.6,13.6,246.6,-273.0,-1.0,-1.0,RS41-SG,403.000,9.7,0,10,2.6,-1,-1
2023-07-11T17:01:07.001Z,T4220448,8536,47.02292,7.77613,33409.9,5.1,11.4,254.0,-273.0,-1.0,-1.0,RS41-SG,403.000,9.8,0,10,2.6,-1,-1
2023-07-11T17:01:08.001Z,T4220448,8537,47.02291,7.77599,33415.2,5.4,11.1,270.4,-273.0,-1.0,-1.0,RS41-SG,403.000,9.8,0,10,2.6,-1,-1
2023-07-11T17:01:10.001Z,T4220448,8539,47.02296,7.77565,33425.5,4.7,16.4,289.7,-273.0,-1.0,-1.0,RS41-SG,403.000,9.8,0,10,2.7,-1,-1
2023-07-11T17:01:11.001Z,T4220448,8540,47.02302,7.77542,33429.8,4.3,20.0,290.3,-273.0,-1.0,-1.0,RS41-SG,403.000,9.8,0,10,2.7,-1,-1
2023-07-11T17:01:12.001Z,T4220448,8541,47.02308,7.77516,33434.2,4.4,23.0,287.1,-273.0,-1.0,-1.0,RS41-SG,403.000,9.3,0,9,2.7,-1,-1
2023-07-11T17:01:14.001Z,T4220448,8543,47.02316,7.77453,33444.2,5.5,24.8,274.9,-273.0,-1.0,-1.0,RS41-SG,403.000,9.5,0,10,2.6,-1,-1
2023-07-11T17:01:16.001Z,T4220448,8545,47.02315,7.77392,33455.2,5.3,21.6,259.9,-273.0,-1.0,-1.0,RS41-SG,403.000,8.4,0,10,2.7,-1,-1
2023-07-11T17:01:19.001Z,T4220448,8548,47.02301,7.77330,33468.8,4.2,12.1,247.4,-273.0,-1.0,-1.0,RS41-SG,403.000,8.8,0,10,2.6,-1,-1
2023-07-11T17:01:20.001Z,T4220448,8549,47.02298,7.77316,33473.2,5.0,9.6,256.0,-273.0,-1.0,-1.0,RS41-SG,403.000,9.4,0,10,2.6,-1,-1
2023-07-11T17:01:21.001Z,T4220448,8550,47.02297,7.77304,33478.5,5.5,9.6,273.7,-273.0,-1.0,-1.0,RS41-SG,403.000,9.6,0,10,2.7,-1,-1
2023-07-11T17:01:22.001Z,T4220448,8551,47.02299,7.77290,33483.9,5.6,11.7,285.7,-273.0,-1.0,-1.0,RS41-SG,403.000,9.6,0,10,2.7,-1,-1
2023-07-11T17:01:24.001Z,T4220448,8553,47.02307,7.77253,33494.1,4.5,18.1,287.4,-273.0,-1.0,-1.0,RS41-SG,403.000,9.0,0,10,2.7,-1,-1
2023-07-11T17:01:25.001Z,T4220448,8554,47.02311,7.77229,33498.7,4.4,20.6,282.6,-273.0,-1.0,-1.0,RS41-SG,403.000,8.9,0,10,2.6,-1,-1
2023-07-11T17:01:26.001Z,T4220448,8555,47.02314,7.77201,33503.2,4.5,22.2,276.4,-273.0,-1.0,-1.0,RS41-SG,403.000,8.8,0,10,2.6,-1,-1
2023-07-11T17:01:27.001Z,T4220448,8556,47.02315,7.77172,33507.9,4.9,22.5,269.4,-273.0,-1.0,-1.0,RS41-SG,403.000,8.8,0,10,2.7,-1,-1
2023-07-11T17:01:28.001Z,T4220448,8557,47.02314,7.77143,33513.1,5.4,21.4,261.9,-273.0,-1.0,-1.0,RS41-SG,403.000,8.8,0,10,2.7,-1,-1
2023-07-11T17:01:34.001Z,T4220448,8563,47.02295,7.77039,33542.6,5.2,9.0,281.3,-273.0,-1.0,-1.0,RS41-SG,403.000,8.8,0,10,2.7,-1,-1
2023-07-11T17:01:35.001Z,T4220448,8564,47.02297,7.77027,33547.8,5.3,11.4,290.9,-273.0,-1.0,-1.0,RS41-SG,403.000,9.0,0,10,2.7,-1,-1
2023-07-11T17:01:36.001Z,T4220448,8565,47.02302,7.77011,33552.7,4.8,14.4,292.0,-273.0,-1.0,-1.0,RS41-SG,403.000,9.0,0,10,2.6,-1,-1
2023-07-11T17:01:37.001Z,T4220448,8566,47.02306,7.76991,33557.6,4.4,17.2,287.3,-273.0,-1.0,-1.0,RS41-SG,403.000,8.3,0,10,2.6,-1,-1
2023-07-11T17:01:38.001Z,T4220448,8567,47.02310,7.76968,33562.4,5.0,19.5,280.6,-273.0,-1.0,-1.0,RS41-SG,403.000,8.6,0,10,2.7,-1,-1
2023-07-11T17:01:46.001Z,T4220448,8575,47.02287,7.76807,33602.7,4.7,7.4,266.1,-273.0,-1.0,-1.0,RS41-SG,403.000,8.8,0,10,2.7,-1,-1
2023-07-11T17:01:48.001Z,T4220448,8577,47.02291,7.76784,33612.4,5.2,11.2,293.0,-273.0,-1.0,-1.0,RS41-SG,403.000,8.6,0,10,2.6,-1,-1
2023-07-11T17:01:50.001Z,T4220448,8579,47.02299,7.76749,33622.9,5.4,17.4,283.9,-273.0,-1.0,-1.0,RS41-SG,403.000,8.4,0,10,2.7,-1,-1
2023-07-11T17:01:58.001Z,T4220448,8587,47.02273,7.76563,33662.1,4.7,10.1,251.3,-273.0,-1.0,-1.0,RS41-SG,403.000,8.4,0,10,2.6,-1,-1
2023-07-11T17:01:59.001Z,T4220448,8588,47.02271,7.76551,33666.4,4.1,8.8,265.3,-273.0,-1.0,-1.0,RS41-SG,403.000,8.4,0,10,2.6,-1,-1
2023-07-11T17:02:04.001Z,T4220448,8593,47.02277,7.76463,33692.7,4.5,20.4,267.8,-273.0,-1.0,-1.0,RS41-SG,403.000,9.3,0,10,2.6,-1,-1
2023-07-11T17:02:05.001Z,T4220448,8594,47.02275,7.76435,33696.6,3.3,22.4,262.6,-273.0,-1.0,-1.0,RS41-SG,403.000,9.3,0,10,2.7,-1,-1
2023-07-11T17:02:06.001Z,T4220448,8595,47.02272,7.76406,33700.2,3.9,23.4,258.2,-273.0,-1.0,-1.0,RS41-SG,403.000,7.6,0,10,2.7,-1,-1
2023-07-11T17:02:15.001Z,T4220448,8604,47.02239,7.76216,33746.5,5.4,14.7,261.3,-273.0,-1.0,-1.0,RS41-SG,403.000,9.8,0,10,2.6,-1,-1
2023-07-11T17:02:16.001Z,T4220448,8605,47.02237,7.76195,33751.5,4.7,16.8,262.7,-273.0,-1.0,-1.0,RS41-SG,403.000,9.8,0,10,2.7,-1,-1
2023-07-11T17:02:22.001Z,T4220448,8611,47.02231,7.76035,33781.6,5.4,19.9,264.3,-273.0,-1.0,-1.0,RS41-SG,403.000,9.4,0,10,2.7,-1,-1
2023-07-11T17:02:25.001Z,T4220448,8614,47.02219,7.75965,33796.8,4.9,17.2,246.9,-273.0,-1.0,-1.0,RS41-SG,403.000,10.8,0,10,2.6,-1,-1
2023-07-11T17:02:26.001Z,T4220448,8615,47.02212,7.75945,33801.8,5.1,16.8,241.0,-273.0,-1.0,-1.0,RS41-SG,403.000,10.8,0,10,2.6,-1,-1
2023-07-11T17:02:27.001Z,T4220448,8616,47.02205,7.75926,33806.9,5.2,16.7,238.5,-273.0,-1.0,-1.0,RS41-SG,403.000,9.7,0,10,2.7,-1,-1
2023-07-11T17:02:29.001Z,T4220448,8618,47.02190,7.75889,33817.0,5.2,15.9,243.9,-273.0,-1.0,-1.0,RS41-SG,403.000,10.2,0,10,2.7,-1,-1
2023-07-11T17:02:30.001Z,T4220448,8619,47.02185,7.75870,33822.2,5.2,15.6,250.8,-273.0,-1.0,-1.0,RS41-SG,403.000,9.1,0,10,2.7,-1,-1
2023-07-11T17:02:32.001Z,T4220448,8621,47.02180,7.75829,33832.7,5.3,16.2,266.9,-273.0,-1.0,-1.0,RS41-SG,403.000,8.7,0,10,2.6,-1,-1
2023-07-11T17:02:33.001Z,T4220448,8622,47.02179,7.75807,33837.8,5.1,17.2,271.2,-273.0,-1.0,-1.0,RS41-SG,403.000,8.6,0,10,2.7,-1,-1
2023-07-11T17:02:34.001Z,T4220448,8623,47.02180,7.75784,33842.7,4.8,18.5,271.9,-273.0,-1.0,-1.0,RS41-SG,403.000,9.1,0,10,2.7,-1,-1
2023-07-11T17:02:35.001Z,T4220448,8624,47.02180,7.75759,33847.7,5.2,19.9,268.5,-273.0,-1.0,-1.0,RS41-SG,403.000,9.4,0,10,2.7,-1,-1
2023-07-11T17:02:36.001Z,T4220448,8625,47.02178,7.75732,33853.1,5.5,21.4,263.0,-33.7,-1.0,-1.0,RS41-SG,403.000,9.9,0,10,2.6,-1,-1
2023-07-11T17:02:37.001Z,T4220448,8626,47.02175,7.75704,33858.4,5.1,22.7,256.6,-33.7,-1.0,-1.0,RS41-SG,403.000,10.0,0,10,2.6,-1,-1
2023-07-11T17:02:39.001Z,T4220448,8628,47.02161,7.75645,33867.5,4.3,24.2,245.9,-33.5,-1.0,-1.0,RS41-SG,403.000,10.1,0,10,2.7,-1,-1
2023-07-11T17:02:41.001Z,T4220448,8630,47.02142,7.75592,33876.8,5.3,21.4,241.2,-33.5,-1.0,-1.0,RS41-SG,403.000,8.3,0,10,2.7,-1,-1
2023-07-11T17:02:43.001Z,T4220448,8632,47.02127,7.75548,33887.9,5.2,16.0,247.8,-33.4,-1.0,-1.0,RS41-SG,403.000,9.7,0,10,2.6,-1,-1
2023-07-11T17:02:44.001Z,T4220448,8633,47.02123,7.75529,33892.7,4.4,14.3,255.6,-33.4,-1.0,-1.0,RS41-SG,403.000,9.7,0,10,2.7,-1,-1
2023-07-11T17:02:46.001Z,T4220448,8635,47.02120,7.75492,33901.3,5.1,14.9,269.7,-33.3,0.0,-1.0,RS41-SG,403.000,10.1,0,10,2.7,-1,-1
2023-07-11T17:02:47.001Z,T4220448,8636,47.02120,7.75471,33906.8,6.0,17.2,270.0,-33.4,0.0,-1.0,RS41-SG,403.000,10.1,0,10,2.6,-1,-1
2023-07-11T17:02:49.001Z,T4220448,8638,47.02118,7.75419,33918.2,5.0,22.6,262.0,-33.3,0.0,-1.0,RS41-SG,403.000,10.3,0,10,2.7,-1,-1
2023-07-11T17:02:50.001Z,T4220448,8639,47.02114,7.75389,33922.7,3.8,24.5,257.9,-33.2,0.0,-1.0,RS41-SG,403.000,10.6,0,10,2.7,-1,-1
2023-07-11T17:02:51.001Z,T4220448,8640,47.02109,7.75357,33926.5,3.8,25.8,254.2,-33.2,0.0,-1.0,RS41-SG,403.000,10.6,0,10,2.7,-1,-1
2023-07-11T17:02:53.001Z,T4220448,8642,47.02094,7.75295,33935.8,5.6,24.2,248.2,-33.2,0.0,-1.0,RS41-SG,403.000,8.5,0,10,2.6,-1,-1
2023-07-11T17:02:54.001Z,T4220448,8643,47.02086,7.75267,33941.6,6.1,21.8,247.3,-33.2,0.0,-1.0,RS41-SG,403.000,9.1,0,10,2.6,-1,-1
2023-07-11T17:02:55.001Z,T4220448,8644,47.02079,7.75242,33947.1,5.1,19.3,248.0,-33.2,0.0,-1.0,RS41-SG,403.000,9.1,0,10,2.7,-1,-1
2023-07-11T17:02:56.001Z,T4220448,8645,47.02073,7.75219,33951.8,4.3,17.2,250.8,-33.2,0.0,-1.0,RS41-SG,403.000,9.2,0,10,2.7,-1,-1
2023-07-11T17:02:57.001Z,T4220448,8646,47.02069,7.75199,33956.0,4.2,15.8,255.4,-33.1,0.0,-1.0,RS41-SG,403.000,11.4,0,10,2.7,-1,-1
2023-07-11T17:02:58.001Z,T4220448,8647,47.02066,7.75178,33960.6,4.9,15.9,261.3,-33.1,0.0,-1.0,RS41-SG,403.000,11.4,0,10,2.6,-1,-1
2023-07-11T17:03:00.001Z,T4220448,8649,47.02064,7.75133,33971.3,5.3,19.4,267.1,-33.1,0.0,-1.0,RS41-SG,403.000,10.8,0,10,2.7,-1,-1
2023-07-11T17:03:01.001Z,T4220448,8650,47.02063,7.75106,33976.3,4.6,21.9,268.1,-33.1,0.0,-1.0,RS41-SG,403.000,11.0,0,10,2.7,-1,-1
2023-07-11T17:03:02.001Z,T4220448,8651,47.02062,7.75076,33980.7,4.1,23.9,268.5,-33.1,0.0,-1.0,RS41-SG,403.000,11.0,0,10,2.7,-1,-1
2023-07-11T17:03:03.001Z,T4220448,8652,47.02062,7.75044,33984.8,4.0,25.4,268.4,-33.1,0.0,-1.0,RS41-SG,403.000,11.0,0,10,2.7,-1,-1
2023-07-11T17:03:04.001Z,T4220448,8653,47.02061,7.75010,33989.2,4.7,26.0,268.3,-33.1,0.0,-1.0,RS41-SG,403.000,11.0,0,9,2.6,-1,-1
2023-07-11T17:03:05.001Z,T4220448,8654,47.02060,7.74976,33994.4,5.6,25.5,268.4,-33.1,0.0,-1.0,RS41-SG,403.000,10.4,0,10,2.6,-1,-1
2023-07-11T17:03:07.001Z,T4220448,8656,47.02059,7.74914,34006.0,6.0,21.9,267.5,-33.0,0.0,-1.0,RS41-SG,403.000,10.7,0,10,2.7,-1,-1
2023-07-11T17:03:08.001Z,T4220448,8657,47.02058,7.74887,34011.6,5.4,19.8,266.5,-33.0,0.0,-1.0,RS41-SG,403.000,10.7,0,10,2.7,-1,-1
2023-07-11T17:03:09.001Z,T4220448,8658,47.02056,7.74862,34016.6,4.6,17.8,264.5,-32.9,0.0,-1.0,RS41-SG,403.000,9.9,0,10,2.6,-1,-1
2023-07-11T17:03:10.001Z,T4220448,8659,47.02055,7.74840,34021.2,4.2,16.6,261.5,-32.8,0.0,-1.0,RS41-SG,403.000,10.9,0,10,2.6,-1,-1
2023-07-11T17:03:11.001Z,T4220448,8660,47.02052,7.74819,34025.6,4.7,16.2,257.7,-32.8,0.0,-1.0,RS41-SG,403.000,10.9,0,10,2.7,-1,-1
2023-07-11T17:03:12.001Z,T4220448,8661,47.02048,7.74798,34030.7,5.4,16.8,254.8,-32.9,0.0,-1.0,RS41-SG,403.000,9.4,0,10,2.7,-1,-1
2023-07-11T17:03:13.001Z,T4220448,8662,47.02044,7.74775,34036.3,6.0,18.5,254.6,-32.8,0.0,-1.0,RS41-SG,403.000,11.7,0,9,2.7,-1,-1
2023-07-11T17:03:14.001Z,T4220448,8663,47.02040,7.74751,34042.3,6.1,20.4,256.4,-32.7,0.0,-1.0,RS41-SG,403.000,11.7,0,10,2.7,-1,-1
2023-07-11T17:03:15.001Z,T4220448,8664,47.02036,7.74724,34048.0,5.4,22.1,259.9,-32.8,0.0,-1.0,RS41-SG,403.000,10.6,0,10,2.6,-1,-1
2023-07-11T17:03:16.001Z,T4220448,8665,47.02033,7.74694,34053.1,4.7,23.8,264.6,-32.8,0.0,-1.0,RS41-SG,403.000,9.8,0,10,2.6,-1,-1
2023-07-11T17:03:17.001Z,T4220448,8666,47.02032,7.74662,34057.6,4.1,25.1,270.3,-32.8,0.0,-1.0,RS41-SG,403.000,9.8,0,9,2.7,-1,-1
2023-07-11T17:03:18.001Z,T4220448,8667,47.02034,7.74629,34061.9,4.2,25.9,276.3,-32.8,0.0,-1.0,RS41-SG,403.000,11.8,0,10,2.7,-1,-1
2023-07-11T17:03:19.001Z,T4220448,8668,47.02037,7.74595,34066.3,4.5,26.1,281.9,-32.8,0.0,-1.0,RS41-SG,403.000,11.8,0,10,2.7,-1,-1
2023-07-11T17:03:20.001Z,T4220448,8669,47.02043,7.74562,34070.9,4.6,25.6,286.3,-32.8,0.0,-1.0,RS41-SG,403.000,11.6,0,10,2.6,-1,-1
2023-07-11T17:03:21.001Z,T4220448,8670,47.02050,7.74531,34076.2,5.4,24.3,288.5,-32.8,0.0,-1.0,RS41-SG,403.000,11.6,0,10,2.6,-1,-1
2023-07-11T17:03:22.001Z,T4220448,8671,47.02056,7.74502,34081.8,5.9,22.6,287.6,-32.9,0.0,-1.0,RS41-SG,403.000,10.6,0,10,2.7,-1,-1
2023-07-11T17:03:23.001Z,T4220448,8672,47.02061,7.74475,34087.6,6.0,20.7,283.5,-32.9,0.0,-1.0,RS41-SG,403.000,10.6,0,10,2.7,-1,-1
2023-07-11T17:03:24.001Z,T4220448,8673,47.02064,7.74449,34093.4,5.5,19.4,275.2,-32.8,0.0,-1.0,RS41-SG,403.000,9.5,0,10,2.7,-1,-1
2023-07-11T17:03:25.001Z,T4220448,8674,47.02064,7.74424,34098.4,4.6,19.2,265.4,-32.8,0.0,-1.0,RS41-SG,403.000,12.0,0,9,2.7,-1,-1
2023-07-11T17:03:26.001Z,T4220448,8675,47.02061,7.74398,34102.8,3.7,20.0,256.1,-32.8,0.0,-1.0,RS41-SG,403.000,12.0,0,10,2.6,-1,-1
2023-07-11T17:03:27.001Z,T4220448,8676,47.02056,7.74373,34106.6,3.8,21.2,249.3,-32.8,0.0,-1.0,RS41-SG,403.000,11.5,0,10,2.6,-1,-1
2023-07-11T17:03:28.001Z,T4220448,8677,47.02048,7.74346,34110.6,4.5,22.7,246.4,-32.8,0.0,-1.0,RS41-SG,403.000,11.5,0,10,2.7,-1,-1
2023-07-11T17:03:29.001Z,T4220448,8678,47.02040,7.74318,34115.6,5.4,23.1,247.5,-32.8,0.0,-1.0,RS41-SG,403.000,10.5,0,10,2.7,-1,-1
2023-07-11T17:03:30.001Z,T4220448,8679,47.02033,7.74290,34121.5,6.2,22.7,252.7,-32.9,0.0,-1.0,RS41-SG,403.000,10.5,0,10,2.7,-1,-1
2023-07-11T17:03:32.001Z,T4220448,8681,47.02027,7.74234,34133.0,5.0,21.0,269.6,-32.8,0.0,-1.0,RS41-SG,403.000,10.0,0,10,2.6,-1,-1
2023-07-11T17:03:33.001Z,T4220448,8682,47.02029,7.74207,34137.4,4.0,20.5,279.3,-32.7,0.0,-1.0,RS41-SG,403.000,11.1,0,10,2.7,-1,-1
2023-07-11T17:03:34.001Z,T4220448,8683,47.02033,7.74181,34141.3,3.6,20.8,287.8,-32.6,0.0,-1.0,RS41-SG,403.000,11.6,0,10,2.7,-1,-1
2023-07-11T17:03:35.001Z,T4220448,8684,47.02039,7.74155,34145.5,4.5,21.1,292.6,-32.7,0.0,-1.0,RS41-SG,403.000,11.6,0,10,2.7,-1,-1
2023-07-11T17:03:36.001Z,T4220448,8685,47.02047,7.74130,34150.7,5.8,21.2,292.1,-32.6,0.0,-1.0,RS41-SG,403.000,11.6,0,10,2.7,-1,-1
2023-07-11T17:03:37.001Z,T4220448,8686,47.02053,7.74103,34156.9,6.6,21.4,286.3,-32.6,0.0,-1.0,RS41-SG,403.000,10.3,0,10,2.6,-1,-1
2023-07-11T17:03:38.001Z,T4220448,8687,47.02057,7.74076,34163.4,6.3,21.8,277.1,-32.6,0.0,-1.0,RS41-SG,403.000,9.4,0,10,2.6,-1,-1
2023-07-11T17:03:41.001Z,T4220448,8690,47.02048,7.73985,34177.0,3.1,25.8,250.6,-32.4,0.0,-1.0,RS41-SG,403.000,11.2,0,10,2.7,-1,-1
2023-07-11T17:03:42.001Z,T4220448,8691,47.02040,7.73953,34180.4,3.8,26.5,245.6,-32.4,0.0,-1.0,RS41-SG,403.000,11.2,0,9,2.6,-1,-1
2023-07-11T17:03:43.001Z,T4220448,8692,47.02030,7.73922,34185.0,5.4,25.4,244.1,-32.4,0.0,-1.0,RS41-SG,403.000,10.8,0,10,2.6,-1,-1
2023-07-11T17:03:44.001Z,T4220448,8693,47.02021,7.73893,34190.9,6.7,22.9,246.1,-32.4,0.0,-1.0,RS41-SG,403.000,9.1,0,10,2.7,-1,-1
2023-07-11T17:03:45.001Z,T4220448,8694,47.02014,7.73867,34197.3,6.6,19.8,253.2,-32.4,0.0,-1.0,RS41-SG,403.000,9.5,0,10,2.7,-1,-1
2023-07-11T17:03:47.001Z,T4220448,8696,47.02011,7.73822,34207.3,3.5,16.4,278.6,-32.3,0.0,-1.0,RS41-SG,403.000,9.2,0,10,2.7,-1,-1
2023-07-11T17:03:48.001Z,T4220448,8697,47.02015,7.73801,34210.5,2.4,17.0,290.2,-32.2,0.0,-1.0,RS41-SG,403.000,11.3,0,10,2.6,-1,-1
2023-07-11T17:03:49.001Z,T4220448,8698,47.02021,7.73779,34213.2,2.9,18.6,296.2,-32.2,0.0,-1.0,RS41-SG,403.000,11.3,0,10,2.6,-1,-1
2023-07-11T17:03:50.001Z,T4220448,8699,47.02028,7.73756,34217.2,5.1,20.5,294.2,-32.3,0.0,-1.0,RS41-SG,403.000,11.1,0,10,2.7,-1,-1
2023-07-11T17:03:51.001Z,T4220448,8700,47.02035,7.73730,34223.1,6.6,22.1,286.6,-32.2,0.0,-1.0,RS41-SG,403.000,9.6,0,10,2.7,-1,-1
2023-07-11T17:03:52.001Z,T4220448,8701,47.02039,7.73701,34229.4,6.2,23.4,276.8,-32.2,0.0,-1.0,RS41-SG,403.000,10.4,0,10,2.7,-1,-1
2023-07-11T17:03:53.001Z,T4220448,8702,47.02040,7.73669,34234.8,4.5,25.0,267.6,-32.3,0.0,-1.0,RS41-SG,403.000,10.4,0,10,2.6,-1,-1
2023-07-11T17:03:54.001Z,T4220448,8703,47.02037,7.73636,34238.4,2.7,26.2,259.8,-32.2,0.0,-1.0,RS41-SG,403.000,10.1,0,9,2.6,-1,-1
2023-07-11T17:03:55.001Z,T4220448,8704,47.02032,7.73602,34241.3,2.8,26.8,253.3,-32.2,0.0,-1.0,RS41-SG,403.000,9.3,0,10,2.7,-1,-1
2023-07-11T17:03:56.001Z,T4220448,8705,47.02024,7.73570,34244.8,4.6,26.1,248.5,-32.2,0.0,-1.0,RS41-SG,403.000,9.7,0,10,2.7,-1,-1
2023-07-11T17:03:57.001Z,T4220448,8706,47.02016,7.73539,34250.2,6.4,23.6,247.8,-32.3,0.0,-1.0,RS41-SG,403.000,10.3,0,10,2.7,-1,-1
2023-07-11T17:03:59.001Z,T4220448,8708,47.02004,7.73489,34262.7,5.2,17.2,258.5,-32.2,0.0,-1.0,RS41-SG,403.000,9.7,0,10,2.6,-1,-1
2023-07-11T17:04:00.001Z,T4220448,8709,47.02003,7.73468,34267.0,3.3,15.5,268.8,-32.1,0.0,-1.0,RS41-SG,403.000,9.7,0,10,2.6,-1,-1
2023-07-11T17:04:01.001Z,T4220448,8710,47.02004,7.73448,34270.0,2.7,15.0,281.2,-32.1,0.0,-1.0,RS41-SG,403.000,9.8,0,10,2.7,-1,-1
2023-07-11T17:04:02.001Z,T4220448,8711,47.02007,7.73429,34273.0,3.4,16.0,288.6,-32.1,0.0,-1.0,RS41-SG,403.000,10.3,0,10,2.7,-1,-1
2023-07-11T17:04:04.001Z,T4220448,8713,47.02017,7.73384,34282.6,5.9,19.8,284.9,-32.1,0.0,-1.0,RS41-SG,403.000,10.4,0,9,2.7,-1,-1
2023-07-11T17:04:06.001Z,T4220448,8715,47.02023,7.73328,34293.6,4.4,23.5,271.9,-32.0,0.0,-1.0,RS41-SG,403.000,11.0,0,10,2.6,-1,-1
2023-07-11T17:04:08.001Z,T4220448,8717,47.02020,7.73264,34300.8,3.4,25.1,261.1,-32.0,0.0,-1.0,RS41-SG,403.000,8.4,0,10,2.7,-1,-1
2023-07-11T17:04:10.001Z,T4220448,8719,47.02011,7.73202,34309.8,5.4,22.4,257.9,-32.0,0.0,-1.0,RS41-SG,403.000,8.1,0,10,2.6,-1,-1
2023-07-11T17:04:11.001Z,T4220448,8720,47.02008,7.73175,34315.4,5.8,20.2,261.1,-32.0,0.0,-1.0,RS41-SG,403.000,8.1,0,10,2.6,-1,-1
2023-07-11T17:04:12.001Z,T4220448,8721,47.02006,7.73150,34320.9,5.1,17.9,266.5,-32.0,0.0,-1.0,RS41-SG,403.000,9.4,0,10,2.7,-1,-1
2023-07-11T17:04:13.001Z,T4220448,8722,47.02006,7.73127,34325.4,4.1,16.9,274.1,-32.0,0.0,-1.0,RS41-SG,403.000,9.9,0,10,2.7,-1,-1
2023-07-11T17:04:14.001Z,T4220448,8723,47.02008,7.73106,34329.2,3.8,16.8,281.9,-31.9,0.0,-1.0,RS41-SG,403.000,9.9,0,10,2.7,-1,-1
2023-07-11T17:04:15.001Z,T4220448,8724,47.02012,7.73084,34333.2,4.2,17.7,285.8,-32.0,0.0,-1.0,RS41-SG,403.000,9.9,0,10,2.7,-1,-1
2023-07-11T17:04:18.001Z,T4220448,8727,47.02024,7.73007,34348.4,5.3,22.7,277.2,-31.9,0.0,-1.0,RS41-SG,403.000,9.6,0,10,2.7,-1,-1
2023-07-11T17:04:19.001Z,T4220448,8728,47.02026,7.72976,34353.2,4.5,24.0,273.2,-31.9,0.0,-1.0,RS41-SG,403.000,8.8,0,10,2.7,-1,-1
2023-07-11T17:04:23.001Z,T4220448,8732,47.02024,7.72847,34370.9,5.2,23.1,269.4,-31.8,0.0,-1.0,RS41-SG,403.000,10.0,0,10,2.7,-1,-1
2023-07-11T17:04:24.001Z,T4220448,8733,47.02025,7.72818,34376.0,5.2,21.3,273.9,-31.8,0.0,-1.0,RS41-SG,403.000,10.0,0,10,2.7,-1,-1
2023-07-11T17:04:26.001Z,T4220448,8735,47.02030,7.72767,34384.9,3.9,18.5,283.7,-31.7,0.0,-1.0,RS41-SG,403.000,9.3,0,10,2.7,-1,-1
2023-07-11T17:04:27.001Z,T4220448,8736,47.02034,7.72744,34389.1,3.8,18.0,286.4,-31.7,0.0,-1.0,RS41-SG,403.000,10.2,0,10,2.6,-1,-1
2023-07-11T17:04:29.001Z,T4220448,8738,47.02043,7.72698,34398.4,5.3,18.5,281.4,-31.7,0.0,-1.0,RS41-SG,403.000,9.8,0,10,2.7,-1,-1
2023-07-11T17:04:30.001Z,T4220448,8739,47.02045,7.72674,34403.8,5.4,19.5,275.0,-31.7,0.0,-1.0,RS41-SG,403.000,9.8,0,10,2.7,-1,-1
2023-07-11T17:04:31.001Z,T4220448,8740,47.02046,7.72647,34408.9,4.7,21.1,269.8,-31.7,0.0,-1.0,RS41-SG,403.000,9.8,0,9,2.7,-1,-1
2023-07-11T17:04:32.001Z,T4220448,8741,47.02045,7.72619,34413.1,3.7,22.3,266.0,-31.6,0.0,-1.0,RS41-SG,403.000,9.8,0,10,2.6,-1,-1
2023-07-11T17:04:33.001Z,T4220448,8742,47.02043,7.72589,34416.8,3.8,23.3,263.5,-31.7,0.0,-1.0,RS41-SG,403.000,11.0,0,10,2.6,-1,-1
2023-07-11T17:04:34.001Z,T4220448,8743,47.02041,7.72559,34420.8,4.3,23.5,263.6,-31.6,0.0,-1.0,RS41-SG,403.000,11.0,0,10,2.7,-1,-1
2023-07-11T17:04:35.001Z,T4220448,8744,47.02039,7.72529,34425.3,4.8,22.7,265.7,-31.7,0.0,-1.0,RS41-SG,403.000,10.0,0,10,2.7,-1,-1
2023-07-11T17:04:36.001Z,T4220448,8745,47.02038,7.72500,34430.2,5.2,21.4,270.0,-31.6,0.0,-1.0,RS41-SG,403.000,10.4,0,10,2.7,-1,-1
2023-07-11T17:04:38.001Z,T4220448,8747,47.02041,7.72448,34439.7,4.0,18.6,279.9,-31.6,0.0,-1.0,RS41-SG,403.000,10.4,0,10,2.6,-1,-1
2023-07-11T17:04:39.001Z,T4220448,8748,47.02044,7.72425,34443.7,3.8,17.4,283.8,-31.6,0.0,-1.0,RS41-SG,403.000,11.1,0,10,2.6,-1,-1
2023-07-11T17:04:40.001Z,T4220448,8749,47.02048,7.72403,34447.7,4.3,16.8,284.2,-31.6,0.0,-1.0,RS41-SG,403.000,11.1,0,10,2.7,-1,-1
2023-07-11T17:04:41.001Z,T4220448,8750,47.02051,7.72382,34452.3,5.1,16.7,280.4,-31.5,0.0,-1.0,RS41-SG,403.000,10.1,0,10,2.7,-1,-1
2023-07-11T17:04:43.001Z,T4220448,8752,47.02053,7.72335,34462.6,4.7,19.1,265.9,-31.4,0.0,-1.0,RS41-SG,403.000,9.5,0,10,2.7,-1,-1
2023-07-11T17:04:45.001Z,T4220448,8754,47.02046,7.72281,34471.3,4.0,23.3,256.8,-31.4,0.0,-1.0,RS41-SG,403.000,10.1,0,10,2.6,-1,-1
2023-07-11T17:04:46.001Z,T4220448,8755,47.02041,7.72250,34475.3,4.1,24.7,256.1,-31.4,0.0,-1.0,RS41-SG,403.000,10.1,0,10,2.7,-1,-1
2023-07-11T17:04:47.001Z,T4220448,8756,47.02036,7.72218,34479.6,4.5,24.9,256.8,-31.3,0.0,-1.0,RS41-SG,403.000,11.9,0,10,2.7,-1,-1
2023-07-11T17:04:48.001Z,T4220448,8757,47.02032,7.72187,34484.7,5.3,24.2,260.4,-31.3,0.0,-1.0,RS41-SG,403.000,11.9,0,10,2.7,-1,-1
2023-07-11T17:04:50.001Z,T4220448,8759,47.02029,7.72128,34494.6,4.3,20.8,271.7,-31.2,0.0,-1.0,RS41-SG,403.000,8.1,0,10,2.6,-1,-1
2023-07-11T17:04:52.001Z,T4220448,8761,47.02034,7.72078,34502.5,3.8,17.7,284.6,-31.1,0.0,-1.0,RS41-SG,403.000,9.2,0,10,2.7,-1,-1
2023-07-11T17:04:53.001Z,T4220448,8762,47.02038,7.72057,34506.8,4.5,16.8,286.5,-31.0,0.0,-1.0,RS41-SG,403.000,9.2,0,10,2.7,-1,-1
2023-07-11T17:04:54.001Z,T4220448,8763,47.02042,7.72036,34512.0,5.8,16.5,282.5,-31.0,0.0,-1.0,RS41-SG,403.000,10.8,0,10,2.7,-1,-1
2023-07-11T17:04:55.001Z,T4220448,8764,47.02044,7.72014,34517.9,6.0,17.4,273.7,-31.0,0.0,-1.0,RS41-SG,403.000,10.8,0,10,2.6,-1,-1
2023-07-11T17:04:56.001Z,T4220448,8765,47.02043,7.71990,34523.5,5.3,19.3,264.7,-31.0,0.0,-1.0,RS41-SG,403.000,9.6,0,10,2.6,-1,-1
2023-07-11T17:04:57.001Z,T4220448,8766,47.02040,7.71963,34528.2,4.2,22.0,257.5,-30.9,0.0,-1.0,RS41-SG,403.000,9.6,0,10,2.7,-1,-1
2023-07-11T17:05:03.001Z,T4220448,8772,47.02001,7.71758,34557.4,5.9,25.2,264.6,-30.7,0.0,-1.0,RS41-SG,403.000,10.4,0,10,2.7,-1,-1
2023-07-11T17:05:04.001Z,T4220448,8773,47.02000,7.71727,34562.6,4.6,23.0,272.6,-30.7,0.0,-1.0,RS41-SG,403.000,10.4,0,10,2.7,-1,-1
2023-07-11T17:05:05.001Z,T4220448,8774,47.02003,7.71698,34566.4,3.0,20.8,281.2,-30.6,0.0,-1.0,RS41-SG,403.000,10.5,0,10,2.7,-1,-1
2023-07-11T17:05:06.001Z,T4220448,8775,47.02007,7.71673,34569.3,2.8,18.9,289.1,-30.6,0.0,-1.0,RS41-SG,403.000,12.2,0,10,2.6,-1,-1
2023-07-11T17:05:07.001Z,T4220448,8776,47.02013,7.71651,34573.1,4.4,17.1,292.9,-30.6,0.0,-1.0,RS41-SG,403.000,13.6,0,10,2.6,-1,-1
2023-07-11T17:05:08.001Z,T4220448,8777,47.02018,7.71631,34578.4,6.2,15.9,289.8,-30.6,0.0,-1.0,RS41-SG,403.000,13.6,0,10,2.7,-1,-1
2023-07-11T17:05:09.001Z,T4220448,8778,47.02022,7.71611,34585.1,7.2,16.0,277.6,-30.6,0.0,-1.0,RS41-SG,403.000,13.4,0,10,2.7,-1,-1
2023-07-11T17:05:10.001Z,T4220448,8779,47.02022,7.71589,34591.6,6.0,17.8,264.2,-30.5,0.0,-1.0,RS41-SG,403.000,13.0,0,10,2.7,-1,-1
2023-07-11T17:05:11.001Z,T4220448,8780,47.02018,7.71565,34596.8,4.3,20.8,254.3,-30.4,0.0,-1.0,RS41-SG,403.000,13.0,0,10,2.7,-1,-1
2023-07-11T17:05:12.001Z,T4220448,8781,47.02012,7.71537,34600.3,2.4,24.6,247.9,-30.5,0.0,-1.0,RS41-SG,403.000,13.5,0,10,2.6,-1,-1
2023-07-11T17:05:13.001Z,T4220448,8782,47.02002,7.71505,34602.5,2.0,28.2,244.7,-30.5,0.0,-1.0,RS41-SG,403.000,13.5,0,10,2.6,-1,-1
2023-07-11T17:05:14.001Z,T4220448,8783,47.01991,7.71470,34605.2,3.1,30.9,244.3,-30.4,0.0,-1.0,RS41-SG,403.000,11.5,0,10,2.7,-1,-1
2023-07-11T17:05:15.001Z,T4220448,8784,47.01979,7.71433,34609.6,5.5,31.1,246.5,-30.5,0.0,-1.0,RS41-SG,403.000,11.0,0,10,2.7,-1,-1
2023-07-11T17:05:17.001Z,T4220448,8786,47.01963,7.71362,34622.9,6.7,25.9,258.6,-30.4,0.0,-1.0,RS41-SG,403.000,10.2,0,10,2.6,-1,-1
2023-07-11T17:05:18.001Z,T4220448,8787,47.01960,7.71330,34628.4,4.5,22.7,266.9,-30.3,0.0,-1.0,RS41-SG,403.000,10.2,0,10,2.6,-1,-1
2023-07-11T17:05:19.001Z,T4220448,8788,47.01961,7.71303,34632.0,2.6,19.8,276.5,-30.2,0.0,-1.0,RS41-SG,403.000,10.9,0,10,2.7,-1,-1
2023-07-11T17:05:21.001Z,T4220448,8790,47.01969,7.71259,34636.7,3.0,15.5,295.0,-30.2,0.0,-1.0,RS41-SG,403.000,12.0,0,10,2.7,-1,-1
2023-07-11T17:05:22.001Z,T4220448,8791,47.01975,7.71241,34640.9,5.4,13.9,292.1,-30.2,0.0,-1.0,RS41-SG,403.000,12.0,0,10,2.7,-1,-1
2023-07-11T17:05:23.001Z,T4220448,8792,47.01978,7.71224,34647.1,6.8,13.7,277.7,-30.1,0.0,-1.0,RS41-SG,403.000,11.8,0,10,2.6,-1,-1
2023-07-11T17:05:24.001Z,T4220448,8793,47.01978,7.71205,34653.7,6.3,15.6,262.2,-30.1,0.0,-1.0,RS41-SG,403.000,12.9,0,10,2.6,-1,-1
2023-07-11T17:05:25.001Z,T4220448,8794,47.01974,7.71183,34659.0,4.4,19.0,251.2,-30.0,0.0,-1.0,RS41-SG,403.000,12.9,0,10,2.7,-1,-1
2023-07-11T17:05:26.001Z,T4220448,8795,47.01967,7.71157,34662.5,2.6,23.2,245.0,-30.0,0.0,-1.0,RS41-SG,403.000,12.6,0,10,2.7,-1,-1
2023-07-11T17:05:27.001Z,T4220448,8796,47.01957,7.71128,34664.6,2.0,27.4,242.7,-29.9,0.0,-1.0,RS41-SG,403.000,12.7,0,9,2.7,-1,-1
2023-07-11T17:05:28.001Z,T4220448,8797,47.01945,7.71094,34667.2,3.1,30.2,243.5,-29.8,0.0,-1.0,RS41-SG,403.000,12.7,0,10,2.7,-1,-1
2023-07-11T17:05:29.001Z,T4220448,8798,47.01934,7.71058,34671.6,5.6,31.0,247.3,-29.9,0.0,-1.0,RS41-SG,403.000,11.0,0,10,2.6,-1,-1
2023-07-11T17:05:30.001Z,T4220448,8799,47.01925,7.71020,34678.1,7.2,29.5,254.1,-30.0,0.0,-1.0,RS41-SG,403.000,8.8,0,10,2.6,-1,-1
2023-07-11T17:05:31.001Z,T4220448,8800,47.01920,7.70984,34685.1,6.8,27.0,262.5,-29.9,0.0,-1.0,RS41-SG,403.000,10.5,0,10,2.7,-1,-1
2023-07-11T17:05:34.001Z,T4220448,8803,47.01926,7.70894,34695.5,1.1,20.2,291.0,-29.7,0.0,-1.0,RS41-SG,403.000,12.1,0,10,2.6,-1,-1
2023-07-11T17:05:35.001Z,T4220448,8804,47.01933,7.70871,34697.8,3.4,18.1,297.0,-29.8,0.0,-1.0,RS41-SG,403.000,12.1,0,10,2.6,-1,-1
2023-07-11T17:05:36.001Z,T4220448,8805,47.01940,7.70851,34702.6,6.3,15.8,293.2,-29.8,0.0,-1.0,RS41-SG,403.000,10.4,0,10,2.7,-1,-1
2023-07-11T17:05:37.001Z,T4220448,8806,47.01943,7.70832,34709.3,7.4,14.9,277.4,-29.8,0.0,-1.0,RS41-SG,403.000,11.1,0,10,2.7,-1,-1
2023-07-11T17:05:38.001Z,T4220448,8807,47.01943,7.70811,34716.3,6.7,16.3,260.5,-29.7,0.0,-1.0,RS41-SG,403.000,11.1,0,9,2.7,-1,-1
2023-07-11T17:05:39.001Z,T4220448,8808,47.01939,7.70789,34721.9,4.2,19.3,249.7,-29.6,0.0,-1.0,RS41-SG,403.000,11.0,0,10,2.7,-1,-1
2023-07-11T17:05:40.001Z,T4220448,8809,47.01931,7.70764,34725.0,1.9,22.9,243.2,-29.5,0.0,-1.0,RS41-SG,403.000,11.0,0,10,2.6,-1,-1
2023-07-11T17:05:41.001Z,T4220448,8810,47.01920,7.70736,34726.7,1.2,26.5,240.6,-29.6,0.0,-1.0,RS41-SG,403.000,11.0,0,10,2.6,-1,-1
2023-07-11T17:05:42.001Z,T4220448,8811,47.01909,7.70704,34728.9,3.2,28.9,242.0,-29.6,0.0,-1.0,RS41-SG,403.000,11.6,0,10,2.7,-1,-1
2023-07-11T17:05:43.001Z,T4220448,8812,47.01897,7.70669,34733.3,5.6,29.5,246.3,-29.5,0.0,-1.0,RS41-SG,403.000,11.6,0,10,2.7,-1,-1
2023-07-11T17:05:44.001Z,T4220448,8813,47.01888,7.70634,34739.3,6.6,28.0,253.2,-29.4,0.0,-1.0,RS41-SG,403.000,10.3,0,10,2.7,-1,-1
2023-07-11T17:05:45.001Z,T4220448,8814,47.01883,7.70600,34745.3,5.5,25.7,260.8,-29.4,0.0,-1.0,RS41-SG,403.000,9.2,0,10,2.7,-1,-1
2023-07-11T17:05:46.001Z,T4220448,8815,47.01881,7.70568,34750.1,4.0,23.3,269.3,-29.4,0.0,-1.0,RS41-SG,403.000,9.3,0,10,2.6,-1,-1
2023-07-11T17:05:47.001Z,T4220448,8816,47.01882,7.70539,34753.6,2.6,21.0,277.1,-29.3,0.0,-1.0,RS41-SG,403.000,11.2,0,10,2.6,-1,-1
2023-07-11T17:05:48.001Z,T4220448,8817,47.01885,7.70514,34756.3,2.6,18.5,283.6,-29.4,0.0,-1.0,RS41-SG,403.000,11.5,0,10,2.7,-1,-1
2023-07-11T17:05:49.001Z,T4220448,8818,47.01889,7.70492,34759.7,4.3,16.1,284.0,-29.4,0.0,-1.0,RS41-SG,403.000,11.6,0,9,2.7,-1,-1
2023-07-11T17:05:50.001Z,T4220448,8819,47.01891,7.70472,34764.8,6.0,14.6,274.6,-29.5,0.0,-1.0,RS41-SG,403.000,11.6,0,10,2.7,-1,-1
2023-07-11T17:05:51.001Z,T4220448,8820,47.01890,7.70453,34771.0,6.5,15.2,259.6,-29.4,0.0,-1.0,RS41-SG,403.000,12.7,0,10,2.6,-1,-1
2023-07-11T17:05:52.001Z,T4220448,8821,47.01886,7.70432,34776.8,5.3,17.8,247.8,-29.3,0.0,-1.0,RS41-SG,403.000,12.7,0,10,2.6,-1,-1
2023-07-11T17:05:53.001Z,T4220448,8822,47.01879,7.70409,34781.1,3.6,21.2,241.3,-29.2,0.0,-1.0,RS41-SG,403.000,10.9,0,10,2.7,-1,-1
2023-07-11T17:05:54.001Z,T4220448,8823,47.01868,7.70383,34784.0,2.3,24.9,239.4,-29.1,0.0,-1.0,RS41-SG,403.000,10.7,0,10,2.7,-1,-1
2023-07-11T17:05:55.001Z,T4220448,8824,47.01857,7.70353,34786.8,3.2,27.8,241.1,-29.1,0.0,-1.0,RS41-SG,403.000,10.8,0,10,2.7,-1,-1
2023-07-11T17:05:56.001Z,T4220448,8825,47.01845,7.70320,34790.8,5.1,29.3,245.6,-29.2,0.0,-1.0,RS41-SG,403.000,10.8,0,10,2.7,-1,-1
2023-07-11T17:05:57.001Z,T4220448,8826,47.01836,7.70284,34796.6,6.1,29.3,252.7,-29.3,0.0,-1.0,RS41-SG,403.000,10.8,0,10,2.6,-1,-1
2023-07-11T17:05:58.001Z,T4220448,8827,47.01830,7.70248,34802.6,5.8,27.9,260.0,-29.2,0.0,-1.0,RS41-SG,403.000,11.0,0,10,2.6,-1,-1
2023-07-11T17:05:59.001Z,T4220448,8828,47.01827,7.70212,34807.6,4.2,26.3,267.7,-29.2,0.0,-1.0,RS41-SG,403.000,11.0,0,10,2.7,-1,-1
2023-07-11T17:06:00.001Z,T4220448,8829,47.01828,7.70179,34811.0,2.8,24.6,274.9,-29.2,0.0,-1.0,RS41-SG,403.000,9.9,0,10,2.7,-1,-1
2023-07-11T17:06:01.001Z,T4220448,8830,47.01830,7.70149,34813.6,2.7,22.4,280.3,-29.2,0.0,-1.0,RS41-SG,403.000,11.1,0,10,2.7,-1,-1
2023-07-11T17:06:02.001Z,T4220448,8831,47.01834,7.70122,34817.1,4.0,20.1,282.2,-29.1,0.0,-1.0,RS41-SG,403.000,11.1,0,10,2.7,-1,-1
2023-07-11T17:06:03.001Z,T4220448,8832,47.01837,7.70097,34821.8,5.2,17.9,277.7,-29.1,0.0,-1.0,RS41-SG,403.000,11.0,0,10,2.6,-1,-1
2023-07-11T17:06:04.001Z,T4220448,8833,47.01838,7.70074,34826.8,5.4,17.3,267.2,-29.1,0.0,-1.0,RS41-SG,403.000,10.9,0,10,2.6,-1,-1
2023-07-11T17:06:05.001Z,T4220448,8834,47.01836,7.70051,34831.8,4.7,18.0,256.5,-29.1,0.0,-1.0,RS41-SG,403.000,10.2,0,10,2.7,-1,-1
2023-07-11T17:06:06.001Z,T4220448,8835,47.01830,7.70028,34835.8,3.4,20.0,249.0,-29.1,0.0,-1.0,RS41-SG,403.000,10.3,0,10,2.7,-1,-1
2023-07-11T17:06:08.001Z,T4220448,8837,47.01814,7.69974,34842.2,3.5,24.6,245.7,-29.1,0.0,-1.0,RS41-SG,403.000,9.5,0,10,2.6,-1,-1
2023-07-11T17:06:11.001Z,T4220448,8840,47.01794,7.69878,34856.5,5.2,25.7,262.7,-29.0,0.0,-1.0,RS41-SG,403.000,9.8,0,10,2.7,-1,-1
2023-07-11T17:06:12.001Z,T4220448,8841,47.01793,7.69845,34861.1,4.3,25.0,270.0,-29.0,0.0,-1.0,RS41-SG,403.000,10.6,0,10,2.7,-1,-1
2023-07-11T17:06:13.001Z,T4220448,8842,47.01794,7.69813,34864.7,3.0,24.0,276.4,-29.0,0.0,-1.0,RS41-SG,403.000,10.8,0,10,2.7,-1,-1
2023-07-11T17:06:14.001Z,T4220448,8843,47.01797,7.69783,34867.9,3.1,22.9,280.9,-29.0,0.0,-1.0,RS41-SG,403.000,10.8,0,10,2.6,-1,-1
2023-07-11T17:06:15.001Z,T4220448,8844,47.01801,7.69754,34871.5,4.2,21.4,282.1,-29.0,0.0,-1.0,RS41-SG,403.000,10.1,0,10,2.6,-1,-1
2023-07-11T17:06:18.001Z,T4220448,8847,47.01804,7.69677,34886.5,4.9,19.3,260.1,-28.9,0.0,-1.0,RS41-SG,403.000,10.4,0,10,2.7,-1,-1
2023-07-11T17:06:20.001Z,T4220448,8849,47.01793,7.69626,34893.8,2.9,22.0,246.3,-28.9,0.0,-1.0,RS41-SG,403.000,10.1,0,10,2.6,-1,-1
2023-07-11T17:06:22.001Z,T4220448,8851,47.01775,7.69571,34900.7,4.3,23.9,245.8,-29.0,0.0,-1.0,RS41-SG,403.000,9.4,0,10,2.7,-1,-1
2023-07-11T17:06:23.001Z,T4220448,8852,47.01767,7.69542,34905.4,5.1,23.6,250.9,-29.0,0.0,-1.0,RS41-SG,403.000,9.4,0,10,2.7,-1,-1
2023-07-11T17:06:24.001Z,T4220448,8853,47.01762,7.69513,34910.4,5.1,23.0,257.9,-28.8,0.0,-1.0,RS41-SG,403.000,9.5,0,10,2.7,-1,-1
2023-07-11T17:06:25.001Z,T4220448,8854,47.01759,7.69484,34914.9,4.1,22.2,265.9,-28.8,0.0,-1.0,RS41-SG,403.000,9.8,0,10,2.6,-1,-1
2023-07-11T17:06:26.001Z,T4220448,8855,47.01759,7.69455,34918.7,3.3,21.7,273.5,-28.8,0.0,-1.0,RS41-SG,403.000,9.8,0,10,2.6,-1,-1
2023-07-11T17:06:27.001Z,T4220448,8856,47.01761,7.69427,34921.8,2.9,21.2,278.8,-28.8,0.0,-1.0,RS41-SG,403.000,9.8,0,10,2.7,-1,-1
2023-07-11T17:06:28.001Z,T4220448,8857,47.01764,7.69400,34925.2,3.8,20.7,280.7,-28.7,0.0,-1.0,RS41-SG,403.000,10.2,0,10,2.7,-1,-1
2023-07-11T17:06:29.001Z,T4220448,8858,47.01767,7.69374,34929.6,5.2,20.1,277.5,-28.7,0.0,-1.0,RS41-SG,403.000,10.2,0,9,2.7,-1,-1
2023-07-11T17:06:30.001Z,T4220448,8859,47.01768,7.69348,34934.9,5.4,19.9,269.9,-28.7,0.0,-1.0,RS41-SG,403.000,9.6,0,10,2.7,-1,-1
2023-07-11T17:06:32.001Z,T4220448,8861,47.01762,7.69295,34944.2,3.5,21.5,252.3,-28.7,0.0,-1.0,RS41-SG,403.000,10.2,0,10,2.6,-1,-1
2023-07-11T17:06:35.001Z,T4220448,8864,47.01736,7.69212,34954.2,4.4,24.3,241.7,-28.5,0.0,-1.0,RS41-SG,403.000,10.0,0,10,2.7,-1,-1
2023-07-11T17:06:40.001Z,T4220448,8869,47.01715,7.69078,34975.8,2.6,19.7,281.3,-28.4,0.0,-1.0,RS41-SG,403.000,9.1,0,10,2.7,-1,-1
2023-07-11T17:06:42.001Z,T4220448,8871,47.01724,7.69028,34982.3,4.5,19.8,287.1,-28.5,0.0,-1.0,RS41-SG,403.000,9.6,0,10,2.7,-1,-1
2023-07-11T17:06:45.001Z,T4220448,8874,47.01728,7.68952,34998.6,4.6,20.4,259.2,-28.4,0.0,-1.0,RS41-SG,403.000,10.0,0,10,2.7,-1,-1
2023-07-11T17:06:47.001Z,T4220448,8876,47.01716,7.68898,35003.4,1.1,23.7,245.2,-28.3,0.0,-1.0,RS41-SG,403.000,10.8,0,10,2.7,-1,-1
2023-07-11T17:06:52.001Z,T4220448,8881,47.01676,7.68765,35022.8,3.9,18.8,264.7,-28.4,0.0,-1.0,RS41-SG,403.000,7.4,0,10,2.7,-1,-1
2023-07-11T17:06:53.001Z,T4220448,8882,47.01676,7.68741,35026.3,2.6,18.0,275.5,-28.5,0.0,-1.0,RS41-SG,403.000,8.2,0,10,2.7,-1,-1
2023-07-11T17:06:54.001Z,T4220448,8883,47.01679,7.68718,35029.1,2.5,17.9,285.9,-28.5,0.0,-1.0,RS41-SG,403.000,8.2,0,10,2.6,-1,-1
2023-07-11T17:07:07.000Z,T4220448,8896,47.01632,7.68422,35081.9,1.8,16.6,278.5,-28.6,0.0,-1.0,RS41-SG,403.000,9.8,0,10,2.6,-1,-1
2023-07-11T17:07:08.000Z,T4220448,8897,47.01636,7.68401,35083.5,1.4,16.9,289.0,-28.6,0.0,-1.0,RS41-SG,403.000,9.8,0,10,2.7,-1,-1
2023-07-11T17:07:11.000Z,T4220448,8900,47.01650,7.68341,35096.0,6.1,15.5,277.3,-28.6,0.0,-1.0,RS41-SG,403.000,10.0,0,10,2.6,-1,-1
2023-07-11T17:07:15.000Z,T4220448,8904,47.01629,7.68256,35110.0,1.9,20.8,233.0,-28.4,0.0,-1.0,RS41-SG,403.000,10.2,0,10,2.7,-1,-1
2023-07-11T17:07:19.000Z,T4220448,8908,47.01591,7.68172,35127.7,4.6,16.2,254.8,-28.5,0.0,-1.0,RS41-SG,403.000,9.2,0,10,2.7,-1,-1
2023-07-11T17:07:20.000Z,T4220448,8909,47.01590,7.68152,35131.4,3.0,15.2,269.7,-28.4,0.0,-1.0,RS41-SG,403.000,9.2,0,10,2.7,-1,-1
2023-07-11T17:07:21.000Z,T4220448,8910,47.01591,7.68132,35133.6,1.6,15.2,283.5,-28.5,0.0,-1.0,RS41-SG,403.000,9.6,0,10,2.7,-1,-1
2023-07-11T17:07:22.000Z,T4220448,8911,47.01595,7.68113,35135.5,1.9,15.7,292.6,-28.4,0.0,-1.0,RS41-SG,403.000,10.2,0,10,2.7,-1,-1
2023-07-11T17:07:23.000Z,T4220448,8912,47.01601,7.68094,35138.5,3.5,16.0,294.5,-28.3,0.0,-1.0,RS41-SG,403.000,10.2,0,9,2.6,-1,-1
2023-07-11T17:07:37.000Z,T4220448,8926,47.01556,7.67822,35189.2,4.6,14.9,284.1,-27.8,0.0,-1.0,RS41-SG,403.000,11.5,0,10,2.7,-1,-1
2023-07-11T17:07:39.000Z,T4220448,8928,47.01558,7.67783,35199.5,5.0,15.6,261.5,-27.8,0.0,-1.0,RS41-SG,403.000,10.5,0,10,2.7,-1,-1
2023-07-11T17:07:42.000Z,T4220448,8931,47.01536,7.67720,35209.0,2.0,21.3,230.7,-27.6,0.0,-1.0,RS41-SG,403.000,12.0,0,10,2.7,-1,-1
2023-07-11T17:07:49.000Z,T4220448,8938,47.01477,7.67579,35232.5,1.6,14.9,278.5,-27.2,0.0,-1.0,RS41-SG,403.000,10.5,0,10,2.7,-1,-1
2023-07-11T17:08:04.000Z,T4220448,8953,47.01383,7.67243,35282.7,2.1,17.9,273.7,-27.1,0.0,-1.0,RS41-SG,403.000,10.3,0,10,2.6,-1,-1
2023-07-11T17:08:05.000Z,T4220448,8954,47.01384,7.67219,35285.8,4.2,19.5,272.8,-27.0,0.0,-1.0,RS41-SG,403.000,10.9,0,10,2.7,-1,-1
2023-07-11T17:08:06.000Z,T4220448,8955,47.01383,7.67193,35290.6,5.4,20.9,265.6,-27.0,0.0,-1.0,RS41-SG,403.000,10.9,0,10,2.7,-1,-1
2023-07-11T17:08:07.000Z,T4220448,8956,47.01380,7.67165,35295.7,5.0,22.7,256.2,-26.9,0.0,-1.0,RS41-SG,403.000,9.8,0,10,2.7,-1,-1
2023-07-11T17:08:08.000Z,T4220448,8957,47.01374,7.67135,35299.8,3.4,24.7,247.0,-26.9,0.0,-1.0,RS41-SG,403.000,10.0,0,10,2.7,-1,-1
2023-07-11T17:08:09.000Z,T4220448,8958,47.01363,7.67106,35302.4,1.8,26.7,239.4,-26.8,0.0,-1.0,RS41-SG,403.000,10.2,0,10,2.6,-1,-1
2023-07-11T17:08:10.000Z,T4220448,8959,47.01350,7.67076,35304.1,1.4,28.4,233.4,-26.8,0.0,-1.0,RS41-SG,403.000,10.2,0,10,2.6,-1,-1
2023-07-11T17:08:11.000Z,T4220448,8960,47.01334,7.67046,35306.2,2.5,28.9,229.5,-26.8,0.0,-1.0,RS41-SG,403.000,10.2,187,10,2.7,-1,-1
2023-07-11T17:08:14.000Z,T4220448,8963,47.01289,7.66968,35319.2,4.8,22.0,236.1,-26.8,0.0,-1.0,RS41-SG,403.000,9.8,0,10,2.7,-1,-1
2023-07-11T17:08:15.000Z,T4220448,8964,47.01280,7.66944,35322.9,3.1,19.5,245.0,-26.7,0.0,-1.0,RS41-SG,403.000,9.8,0,10,2.6,-1,-1
2023-07-11T17:08:16.000Z,T4220448,8965,47.01274,7.66921,35325.5,1.8,18.3,256.3,-26.7,0.0,-1.0,RS41-SG,403.000,9.1,0,10,2.6,-1,-1
2023-07-11T17:08:17.000Z,T4220448,8966,47.01272,7.66898,35327.3,1.8,18.6,267.3,-26.8,0.0,-1.0,RS41-SG,403.000,10.7,0,10,2.7,-1,-1
2023-07-11T17:08:30.000Z,T4220448,8979,47.01146,7.66506,35375.8,2.3,22.4,254.9,-26.4,0.0,-1.0,RS41-SG,403.000,9.2,0,10,2.7,-1,-1
2023-07-11T17:08:32.000Z,T4220448,8981,47.01143,7.66447,35378.7,1.5,23.2,272.3,-26.4,0.0,-1.0,RS41-SG,403.000,9.0,0,10,2.7,-1,-1
2023-07-11T17:08:34.000Z,T4220448,8983,47.01144,7.66385,35385.5,5.8,24.1,268.4,-26.4,0.0,-1.0,RS41-SG,403.000,8.1,0,10,2.6,-1,-1
2023-07-11T17:08:38.000Z,T4220448,8987,47.01112,7.66267,35401.5,0.9,26.9,229.8,-26.3,0.0,-1.0,RS41-SG,403.000,10.3,0,10,2.7,-1,-1
2023-07-11T17:08:39.000Z,T4220448,8988,47.01095,7.66241,35402.5,1.1,28.2,224.2,-26.3,0.0,-1.0,RS41-SG,403.000,10.3,0,10,2.6,-1,-1
2023-07-11T17:08:44.000Z,T4220448,8993,47.01021,7.66103,35423.6,2.5,25.5,252.5,-26.3,0.0,-1.0,RS41-SG,403.000,8.6,0,10,2.6,-1,-1
2023-07-11T17:08:53.000Z,T4220448,9002,47.00986,7.65816,35255.8,-44.8,23.9,225.5,-26.1,0.0,-1.0,RS41-SG,403.000,11.3,0,10,2.7,-1,-1
2023-07-11T17:08:54.000Z,T4220448,9003,47.00971,7.65794,35211.5,-49.0,23.9,221.1,-26.1,0.0,-1.0,RS41-SG,403.000,11.3,0,10,2.7,-1,-1
2023-07-11T17:08:55.000Z,T4220448,9004,47.00954,7.65775,35166.3,-46.1,25.7,212.6,-26.2,0.0,-1.0,RS41-SG,403.000,9.8,0,10,2.7,-1,-1
2023-07-11T17:08:56.000Z,T4220448,9005,47.00934,7.65757,35125.1,-39.8,26.8,208.0,-26.3,0.0,-1.0,RS41-SG,403.000,9.8,0,9,2.6,-1,-1
2023-07-11T17:09:00.000Z,T4220448,9009,47.00875,7.65681,34994.7,-31.8,19.0,251.3,-27.4,0.0,-1.0,RS41-SG,403.000,8.8,0,10,2.7,-1,-1
2023-07-11T17:09:03.000Z,T4220448,9012,47.00868,7.65606,34882.3,-45.7,19.7,268.5,-27.4,0.0,-1.0,RS41-SG,403.000,11.0,0,10,2.6,-1,-1
2023-07-11T17:09:04.000Z,T4220448,9013,47.00868,7.65580,34835.4,-49.8,20.7,271.6,-27.3,0.0,-1.0,RS41-SG,403.000,11.0,0,10,2.7,-1,-1
2023-07-11T17:09:05.000Z,T4220448,9014,47.00869,7.65553,34787.8,-47.1,21.2,273.3,-27.4,0.0,-1.0,RS41-SG,403.000,10.7,0,10,2.7,-1,-1
2023-07-11T17:09:06.000Z,T4220448,9015,47.00871,7.65525,34746.5,-36.5,22.0,278.7,-27.6,0.0,-1.0,RS41-SG,403.000,10.6,0,10,2.7,-1,-1
2023-07-11T17:09:10.000Z,T4220448,9019,47.00872,7.65408,34605.8,-36.6,23.1,260.6,-28.3,0.0,-1.0,RS41-SG,403.000,10.6,0,10,2.7,-1,-1
2023-07-11T17:09:11.000Z,T4220448,9020,47.00868,7.65378,34569.2,-38.1,23.5,256.0,-28.5,0.0,-1.0,RS41-SG,403.000,11.4,0,10,2.7,-1,-1
2023-07-11T17:09:13.000Z,T4220448,9022,47.00856,7.65320,34485.9,-46.5,22.9,250.8,-28.9,0.0,-1.0,RS41-SG,403.000,11.3,0,10,2.7,-1,-1
2023-07-11T17:09:14.000Z,T4220448,9023,47.00849,7.65293,34439.4,-48.4,22.4,248.3,-29.1,0.0,-1.0,RS41-SG,403.000,11.2,0,10,2.6,-1,-1
2023-07-11T17:09:15.000Z,T4220448,9024,47.00841,7.65267,34393.2,-45.3,21.2,244.1,-29.4,0.0,-1.0,RS41-SG,403.000,11.1,0,10,2.6,-1,-1
2023-07-11T17:09:16.000Z,T4220448,9025,47.00833,7.65243,34350.1,-42.2,19.6,241.8,-29.8,0.0,-1.0,RS41-SG,403.000,11.5,0,10,2.7,-1,-1
2023-07-11T17:09:17.000Z,T4220448,9026,47.00825,7.65220,34305.7,-46.7,18.9,243.7,-30.1,0.0,-1.0,RS41-SG,403.000,11.5,0,10,2.7,-1,-1
2023-07-11T17:09:19.000Z,T4220448,9028,47.00812,7.65177,34219.1,-43.8,17.9,249.5,-30.5,0.0,-1.0,RS41-SG,403.000,10.7,0,10,2.7,-1,-1
2023-07-11T17:09:21.000Z,T4220448,9030,47.00803,7.65131,34130.1,-46.3,18.8,259.1,-30.8,0.0,-1.0,RS41-SG,403.000,11.2,0,10,2.6,-1,-1
2023-07-11T17:09:22.000Z,T4220448,9031,47.00800,7.65107,34082.6,-49.7,19.1,262.7,-30.8,0.0,-1.0,RS41-SG,403.000,11.7,0,10,2.7,-1,-1
2023-07-11T17:09:24.000Z,T4220448,9033,47.00796,7.65057,33981.9,-52.1,20.5,266.2,-31.1,0.0,-1.0,RS41-SG,403.000,10.6,0,10,2.7,-1,-1
2023-07-11T17:09:25.000Z,T4220448,9034,47.00795,7.65029,33932.8,-47.4,21.6,267.1,-31.2,0.0,-1.0,RS41-SG,403.000,10.6,0,10,2.7,-1,-1
2023-07-11T17:09:26.000Z,T4220448,9035,47.00794,7.65001,33886.4,-46.9,22.0,266.8,-31.4,0.0,-1.0,RS41-SG,403.000,10.8,0,10,2.6,-1,-1
2023-07-11T17:09:27.000Z,T4220448,9036,47.00792,7.64971,33839.6,-47.2,23.0,265.2,-31.5,0.0,-1.0,RS41-SG,403.000,10.8,0,10,2.6,-1,-1
2023-07-11T17:09:28.000Z,T4220448,9037,47.00790,7.64941,33793.9,-44.9,23.0,261.1,-31.6,0.0,-1.0,RS41-SG,403.000,10.3,0,10,2.7,-1,-1
2023-07-11T17:09:29.000Z,T4220448,9038,47.00786,7.64912,33749.6,-44.9,22.2,257.9,-31.7,0.0,-1.0,RS41-SG,403.000,10.7,0,10,2.7,-1,-1
2023-07-11T17:09:30.000Z,T4220448,9039,47.00781,7.64884,33705.1,-44.8,22.1,251.8,-31.9,0.0,-1.0,RS41-SG,403.000,10.7,0,10,2.7,-1,-1
2023-07-11T17:09:31.000Z,T4220448,9040,47.00774,7.64858,33661.5,-44.0,21.0,247.6,-32.1,0.0,-1.0,RS41-SG,403.000,9.8,0,10,2.7,-1,-1
2023-07-11T17:09:32.000Z,T4220448,9041,47.00767,7.64834,33618.1,-44.8,19.4,243.4,-32.2,0.0,-1.0,RS41-SG,403.000,10.0,0,10,2.6,-1,-1
2023-07-11T17:09:33.000Z,T4220448,9042,47.00759,7.64813,33574.9,-43.0,17.5,237.7,-32.4,0.0,-1.0,RS41-SG,403.000,10.0,0,10,2.6,-1,-1
2023-07-11T17:09:35.000Z,T4220448,9044,47.00742,7.64777,33488.5,-42.8,15.0,233.5,-33.1,0.0,-1.0,RS41-SG,403.000,11.5,0,10,2.7,-1,-1
2023-07-11T17:09:36.000Z,T4220448,9045,47.00735,7.64761,33447.2,-40.2,13.8,237.0,-33.4,0.0,-1.0,RS41-SG,403.000,11.5,0,10,2.7,-1,-1
2023-07-11T17:09:38.000Z,T4220448,9047,47.00722,7.64732,33363.1,-42.6,13.1,240.2,-33.9,0.0,-1.0,RS41-SG,403.000,10.3,0,10,2.6,-1,-1
2023-07-11T17:09:39.000Z,T4220448,9048,47.00717,7.64716,33323.1,-38.8,13.6,250.9,-34.2,0.0,-1.0,RS41-SG,403.000,10.7,0,10,2.6,-1,-1
2023-07-11T17:09:40.000Z,T4220448,9049,47.00713,7.64699,33282.8,-42.5,13.6,254.1,-34.5,0.0,-1.0,RS41-SG,403.000,10.7,0,10,2.7,-1,-1
2023-07-11T17:09:41.000Z,T4220448,9050,47.00710,7.64681,33241.1,-41.9,14.2,258.8,-34.8,0.0,-1.0,RS41-SG,403.000,10.6,0,10,2.7,-1,-1
2023-07-11T17:09:42.000Z,T4220448,9051,47.00708,7.64662,33200.1,-41.0,15.4,263.9,-35.1,0.0,-1.0,RS41-SG,403.000,10.0,0,10,2.7,-1,-1
2023-07-11T17:09:43.000Z,T4220448,9052,47.00707,7.64641,33157.8,-44.2,16.2,265.0,-35.3,0.0,-1.0,RS41-SG,403.000,10.8,0,10,2.7,-1,-1
2023-07-11T17:09:44.000Z,T4220448,9053,47.00706,7.64620,33114.5,-42.9,16.1,267.7,-35.4,0.0,-1.0,RS41-SG,403.000,10.8,0,10,2.6,-1,-1
2023-07-11T17:09:45.000Z,T4220448,9054,47.00705,7.64599,33074.5,-38.2,16.4,269.4,-35.5,0.0,-1.0,RS41-SG,403.000,9.2,0,10,2.6,-1,-1
2023-07-11T17:09:48.000Z,T4220448,9057,47.00702,7.64532,32961.1,-38.1,18.2,262.1,-36.4,0.0,-1.0,RS41-SG,403.000,11.3,0,10,2.7,-1,-1
2023-07-11T17:09:49.000Z,T4220448,9058,47.00699,7.64509,32922.4,-40.7,17.6,259.3,-36.6,0.0,-1.0,RS41-SG,403.000,11.3,0,9,2.7,-1,-1
2023-07-11T17:09:51.000Z,T4220448,9060,47.00691,7.64466,32846.3,-38.1,17.3,252.1,-37.1,0.0,-1.0,RS41-SG,403.000,10.3,0,10,2.6,-1,-1
2023-07-11T17:09:52.000Z,T4220448,9061,47.00686,7.64445,32809.4,-36.4,15.8,254.4,-37.3,0.0,-1.0,RS41-SG,403.000,10.0,0,10,2.7,-1,-1
2023-07-11T17:09:53.000Z,T4220448,9062,47.00683,7.64426,32774.4,-34.3,14.6,256.4,-37.5,0.0,-1.0,RS41-SG,403.000,10.3,0,10,2.7,-1,-1
2023-07-11T17:09:55.000Z,T4220448,9064,47.00679,7.64386,32702.7,-39.0,15.8,267.9,-37.6,0.0,-1.0,RS41-SG,403.000,9.9,0,10,2.7,-1,-1
2023-07-11T17:09:56.000Z,T4220448,9065,47.00679,7.64365,32662.8,-42.0,16.7,272.2,-37.6,0.0,-1.0,RS41-SG,403.000,9.9,0,10,2.6,-1,-1
2023-07-11T17:09:57.000Z,T4220448,9066,47.00681,7.64344,32619.5,-45.0,16.1,277.6,-37.7,0.0,-1.0,RS41-SG,403.000,10.0,0,10,2.6,-1,-1
2023-07-11T17:09:58.000Z,T4220448,9067,47.00684,7.64322,32576.0,-42.1,17.6,285.2,-38.0,0.1,-1.0,RS41-SG,403.000,10.7,0,10,2.7,-1,-1
2023-07-11T17:09:59.000Z,T4220448,9068,47.00689,7.64300,32537.1,-36.6,18.6,293.5,-38.3,0.0,-1.0,RS41-SG,403.000,10.7,0,10,2.7,-1,-1
2023-07-11T17:10:01.000Z,T4220448,9070,47.00703,7.64256,32466.2,-35.4,18.0,295.0,-38.8,0.0,-1.0,RS41-SG,403.000,9.9,0,9,2.7,-1,-1
2023-07-11T17:10:02.000Z,T4220448,9071,47.00709,7.64235,32429.9,-36.7,16.9,291.9,-39.0,0.0,-1.0,RS41-SG,403.000,11.0,0,9,2.6,-1,-1
2023-07-11T17:10:03.000Z,T4220448,9072,47.00713,7.64214,32394.2,-33.9,16.1,276.3,-39.2,0.1,-1.0,RS41-SG,403.000,11.0,0,9,2.6,-1,-1
2023-07-11T17:10:04.000Z,T4220448,9073,47.00713,7.64193,32359.7,-35.7,15.5,269.6,-39.3,0.1,-1.0,RS41-SG,403.000,10.8,0,9,2.7,-1,-1
2023-07-11T17:10:05.000Z,T4220448,9074,47.00712,7.64174,32326.4,-31.8,14.5,262.4,-39.5,0.1,-1.0,RS41-SG,403.000,11.0,0,10,2.7,-1,-1
2023-07-11T17:10:06.000Z,T4220448,9075,47.00710,7.64156,32295.2,-30.5,13.8,256.4,-39.6,0.0,-1.0,RS41-SG,403.000,11.0,0,10,2.7,-1,-1
2023-07-11T17:10:07.000Z,T4220448,9076,47.00707,7.64137,32264.4,-30.8,14.5,255.5,-39.7,0.1,-1.0,RS41-SG,403.000,10.3,0,10,2.7,-1,-1
2023-07-11T17:10:08.000Z,T4220448,9077,47.00704,7.64119,32234.9,-28.5,14.4,259.9,-39.8,0.1,-1.0,RS41-SG,403.000,10.3,0,10,2.6,-1,-1
2023-07-11T17:10:10.000Z,T4220448,9079,47.00703,7.64080,32178.3,-27.9,15.8,277.0,-40.2,0.1,-1.0,RS41-SG,403.000,9.0,0,10,2.7,-1,-1
2023-07-11T17:10:11.000Z,T4220448,9080,47.00706,7.64058,32150.2,-29.7,17.4,281.8,-40.3,0.1,-1.0,RS41-SG,403.000,8.4,0,10,2.7,-1,-1
2023-07-11T17:10:12.000Z,T4220448,9081,47.00710,7.64036,32121.4,-28.2,18.3,287.3,-40.2,0.1,-1.0,RS41-SG,403.000,8.8,0,10,2.7,-1,-1
2023-07-11T17:10:13.000Z,T4220448,9082,47.00715,7.64012,32092.7,-28.9,20.4,289.0,-40.2,0.1,-1.0,RS41-SG,403.000,8.8,0,10,2.7,-1,-1
2023-07-11T17:10:14.000Z,T4220448,9083,47.00721,7.63985,32064.0,-28.8,22.0,288.6,-40.2,0.1,-1.0,RS41-SG,403.000,8.7,0,10,2.6,-1,-1
2023-07-11T17:10:15.000Z,T4220448,9084,47.00727,7.63957,32035.8,-28.4,23.0,286.1,-40.3,0.2,-1.0,RS41-SG,403.000,10.1,0,10,2.6,-1,-1
2023-07-11T17:10:16.000Z,T4220448,9085,47.00732,7.63928,32008.7,-26.0,22.8,282.5,-40.4,0.1,-1.0,RS41-SG,403.000,11.1,0,10,2.7,-1,-1
2023-07-11T17:10:17.000Z,T4220448,9086,47.00735,7.63899,31982.2,-27.1,23.1,276.6,-40.5,0.1,-1.0,RS41-SG,403.000,11.1,0,10,2.7,-1,-1
2023-07-11T17:10:18.000Z,T4220448,9087,47.00737,7.63870,31954.7,-28.5,21.9,273.8,-40.4,0.1,-1.0,RS41-SG,403.000,10.6,0,10,2.7,-1,-1
2023-07-11T17:10:19.000Z,T4220448,9088,47.00737,7.63841,31927.5,-26.0,21.8,269.6,-40.4,0.1,-1.0,RS41-SG,403.000,10.6,0,10,2.7,-1,-1
2023-07-11T17:10:20.000Z,T4220448,9089,47.00737,7.63813,31900.3,-28.8,21.5,267.6,-40.3,0.1,-1.0,RS41-SG,403.000,9.8,0,10,2.6,-1,-1
2023-07-11T17:10:21.000Z,T4220448,9090,47.00736,7.63785,31872.8,-26.7,20.7,267.0,-40.2,0.1,-1.0,RS41-SG,403.000,10.9,0,10,2.6,-1,-1
2023-07-11T17:10:23.000Z,T4220448,9092,47.00733,7.63731,31815.7,-27.0,20.2,267.9,-40.0,0.1,-1.0,RS41-SG,403.000,10.6,0,10,2.7,-1,-1
2023-07-11T17:10:24.000Z,T4220448,9093,47.00733,7.63705,31787.9,-29.3,19.5,267.7,-39.8,0.1,-1.0,RS41-SG,403.000,10.0,0,10,2.7,-1,-1
2023-07-11T17:10:25.000Z,T4220448,9094,47.00732,7.63680,31759.2,-27.7,19.2,268.4,-39.7,0.1,-1.0,RS41-SG,403.000,10.1,0,10,2.7,-1,-1
2023-07-11T17:10:26.000Z,T4220448,9095,47.00732,7.63655,31730.8,-29.3,19.4,271.1,-39.7,0.1,-1.0,RS41-SG,403.000,10.3,0,10,2.6,-1,-1
2023-07-11T17:10:27.000Z,T4220448,9096,47.00732,7.63631,31702.8,-27.7,17.6,272.1,-39.8,0.1,-1.0,RS41-SG,403.000,10.4,0,9,2.6,-1,-1
2023-07-11T17:10:28.000Z,T4220448,9097,47.00732,7.63608,31675.9,-27.1,17.4,271.1,-39.8,0.1,-1.0,RS41-SG,403.000,10.9,0,10,2.7,-1,-1
2023-07-11T17:10:29.000Z,T4220448,9098,47.00733,7.63586,31648.5,-27.7,16.3,276.7,-39.9,0.1,-1.0,RS41-SG,403.000,11.1,0,10,2.7,-1,-1
2023-07-11T17:10:31.000Z,T4220448,9100,47.00736,7.63545,31593.9,-28.1,15.4,276.4,-39.9,0.1,-1.0,RS41-SG,403.000,10.8,0,10,2.7,-1,-1
2023-07-11T17:10:33.000Z,T4220448,9102,47.00739,7.63507,31537.3,-28.7,14.8,277.4,-39.9,0.1,-1.0,RS41-SG,403.000,11.5,0,9,2.6,-1,-1
2023-07-11T17:10:34.000Z,T4220448,9103,47.00741,7.63487,31509.5,-27.0,15.2,280.5,-39.9,0.1,-1.0,RS41-SG,403.000,11.5,0,10,2.7,-1,-1
2023-07-11T17:10:37.000Z,T4220448,9106,47.00748,7.63422,31429.5,-27.7,19.3,278.5,-40.1,0.0,-1.0,RS41-SG,403.000,9.5,0,10,2.7,-1,-1
2023-07-11T17:10:40.000Z,T4220448,9109,47.00754,7.63343,31346.6,-26.5,21.6,275.6,-40.3,0.1,-1.0,RS41-SG,403.000,10.9,0,10,2.7,-1,-1
2023-07-11T17:10:41.000Z,T4220448,9110,47.00756,7.63315,31320.0,-27.0,20.6,274.6,-40.4,0.1,-1.0,RS41-SG,403.000,10.2,0,10,2.7,-1,-1
2023-07-11T17:10:42.000Z,T4220448,9111,47.00757,7.63289,31293.2,-26.7,19.9,273.5,-40.4,0.1,-1.0,RS41-SG,403.000,10.2,0,10,2.7,-1,-1
2023-07-11T17:10:43.000Z,T4220448,9112,47.00758,7.63264,31266.1,-27.8,18.7,273.6,-40.4,0.1,-1.0,RS41-SG,403.000,9.8,0,10,2.7,-1,-1
2023-07-11T17:10:44.000Z,T4220448,9113,47.00759,7.63240,31239.3,-26.5,17.0,272.6,-40.4,0.1,-1.0,RS41-SG,403.000,9.3,0,10,2.6,-1,-1
2023-07-11T17:10:45.000Z,T4220448,9114,47.00759,7.63219,31213.0,-27.1,15.3,273.8,-40.3,0.1,-1.0,RS41-SG,403.000,8.8,0,10,2.6,-1,-1
2023-07-11T17:10:46.000Z,T4220448,9115,47.00760,7.63199,31187.1,-24.8,14.9,272.4,-40.3,0.1,-1.0,RS41-SG,403.000,9.2,0,10,2.7,-1,-1
2023-07-11T17:10:49.000Z,T4220448,9118,47.00765,7.63140,31110.7,-25.1,16.2,278.0,-40.3,0.1,-1.0,RS41-SG,403.000,8.5,0,10,2.7,-1,-1
2023-07-11T17:10:54.000Z,T4220448,9123,47.00772,7.63025,30987.6,-24.6,18.0,271.0,-40.3,0.1,-1.0,RS41-SG,403.000,9.2,0,10,2.7,-1,-1
2023-07-11T17:10:57.000Z,T4220448,9126,47.00771,7.62959,30916.0,-23.9,16.1,267.5,-40.5,0.1,-1.0,RS41-SG,403.000,8.3,0,10,2.6,-1,-1
2023-07-11T17:10:58.000Z,T4220448,9127,47.00770,7.62938,30891.4,-25.5,15.3,267.9,-40.5,0.1,-1.0,RS41-SG,403.000,8.3,0,10,2.7,-1,-1
2023-07-11T17:10:59.000Z,T4220448,9128,47.00769,7.62918,30867.4,-22.4,15.6,263.8,-40.5,0.1,-1.0,RS41-SG,403.000,8.4,0,10,2.7,-1,-1
2023-07-11T17:11:02.000Z,T4220448,9131,47.00765,7.62855,30796.1,-26.7,16.0,265.8,-40.5,0.1,-1.0,RS41-SG,403.000,8.2,0,10,2.6,-1,-1
2023-07-11T17:11:06.000Z,T4220448,9135,47.00761,7.62760,30699.1,-27.2,17.9,266.9,-40.8,0.1,-1.0,RS41-SG,403.000,8.3,0,10,2.7,-1,-1
