timestamp,serial,frame,lat,lon,alt,vel_v,vel_h,heading,temp,humidity,pressure,type,freq_mhz,snr,f_error_hz,sats,batt_v,burst_timer,aux_data
2023-06-30T00:41:23.000Z,T4210198,7617,46.99284,7.37460,27717.6,4.3,10.0,272.8,-273.0,-1.0,-1.0,RS41,403.500,13.1,187,9,2.5,-1,-1
2023-06-30T00:41:26.000Z,T4210198,7620,46.99286,7.37424,27731.3,5.4,9.4,278.7,-273.0,-1.0,-1.0,RS41,403.500,12.9,187,9,2.6,-1,-1
2023-06-30T00:47:28.000Z,T4210198,7982,46.99899,7.33449,29589.6,5.4,10.2,290.6,-273.0,-1.0,-1.0,RS41,403.500,12.3,187,10,2.6,-1,-1
2023-06-30T00:47:58.000Z,T4210198,8012,46.99914,7.33040,29732.8,5.7,8.7,291.3,-273.0,-1.0,-1.0,RS41,403.500,13.2,187,10,2.5,-1,-1
2023-06-30T00:48:03.000Z,T4210198,8017,46.99915,7.32972,29757.4,4.6,12.5,261.7,-273.0,-1.0,-1.0,RS41,403.500,12.6,187,10,2.6,-1,-1
2023-06-30T00:48:11.000Z,T4210198,8025,46.99895,7.32889,29795.8,4.9,5.4,286.2,-273.0,-1.0,-1.0,RS41,403.500,12.9,187,10,2.5,-1,-1
2023-06-30T00:48:13.000Z,T4210198,8027,46.99900,7.32872,29805.3,4.3,8.8,296.3,-273.0,-1.0,-1.0,RS41,403.500,12.6,187,10,2.5,-1,-1
2023-06-30T00:48:17.000Z,T4210198,8031,46.99904,7.32819,29824.7,4.4,11.5,251.4,-273.0,-1.0,-1.0,RS41,403.500,14.6,187,10,2.5,-1,-1
2023-06-30T00:48:20.000Z,T4210198,8034,46.99890,7.32783,29838.3,5.7,8.6,235.2,-273.0,-1.0,-1.0,RS41,403.500,11.7,187,10,2.6,-1,-1
2023-06-30T00:48:29.000Z,T4210198,8043,46.99890,7.32703,29880.3,4.7,10.0,270.4,-273.0,-1.0,-1.0,RS41,403.500,12.5,187,10,2.5,-1,-1
2023-06-30T00:48:30.000Z,T4210198,8044,46.99891,7.32690,29885.3,5.4,10.1,270.2,-273.0,-1.0,-1.0,RS41,403.500,12.5,187,10,2.6,-1,-1
2023-06-30T00:48:31.000Z,T4210198,8045,46.99891,7.32677,29890.7,5.3,9.9,270.2,-273.0,-1.0,-1.0,RS41,403.500,12.3,187,10,2.6,-1,-1
2023-06-30T00:48:34.000Z,T4210198,8048,46.99889,7.32641,29904.7,4.6,8.6,259.3,-273.0,-1.0,-1.0,RS41,403.500,12.6,187,10,2.5,-1,-1
2023-06-30T00:48:43.000Z,T4210198,8057,46.99883,7.32550,29948.3,5.4,9.7,287.5,-273.0,-1.0,-1.0,RS41,403.500,14.1,187,10,2.6,-1,-1
2023-06-30T00:48:45.000Z,T4210198,8059,46.99887,7.32524,29959.0,4.6,10.5,272.5,-273.0,-1.0,-1.0,RS41,403.500,14.4,187,10,2.5,-1,-1
2023-06-30T00:48:46.000Z,T4210198,8060,46.99887,7.32511,29963.4,4.1,10.4,266.8,-273.0,-1.0,-1.0,RS41,403.500,14.4,187,10,2.5,-1,-1
2023-06-30T00:48:47.000Z,T4210198,8061,46.99886,7.32498,29967.8,4.5,9.8,263.0,-273.0,-1.0,-1.0,RS41,403.500,13.8,187,10,2.5,-1,-1
2023-06-30T00:48:52.000Z,T4210198,8066,46.99887,7.32452,29991.3,4.0,5.2,290.6,-273.0,-1.0,-1.0,RS41,403.500,13.6,187,10,2.5,-1,-1
2023-06-30T00:49:07.000Z,T4210198,8081,46.99914,7.32307,30064.9,5.4,6.3,294.1,-273.0,-1.0,-1.0,RS41,403.500,13.2,187,10,2.6,-1,-1
2023-06-30T00:49:13.000Z,T4210198,8087,46.99937,7.32244,30095.3,5.2,11.5,280.4,-273.0,-1.0,-1.0,RS41,403.500,13.7,187,10,2.6,-1,-1
2023-06-30T00:49:14.000Z,T4210198,8088,46.99938,7.32229,30100.0,4.1,11.6,273.8,-273.0,-1.0,-1.0,RS41,403.500,13.7,187,10,2.5,-1,-1
2023-06-30T00:49:20.000Z,T4210198,8094,46.99944,7.32166,30128.8,5.0,5.4,305.2,-273.0,-1.0,-1.0,RS41,403.500,14.0,1687,10,2.5,-1,-1
2023-06-30T00:49:21.000Z,T4210198,8095,46.99947,7.32160,30134.2,5.8,5.3,303.2,-273.0,-1.0,-1.0,RS41,403.500,14.0,187,10,2.5,-1,-1
2023-06-30T00:49:22.000Z,T4210198,8096,46.99950,7.32154,30139.6,4.9,5.8,297.9,-273.0,-1.0,-1.0,RS41,403.500,14.0,187,10,2.5,-1,-1
2023-06-30T00:49:23.000Z,T4210198,8097,46.99952,7.32146,30144.3,4.8,6.9,293.2,-273.0,-1.0,-1.0,RS41,403.500,13.1,187,9,2.6,-1,-1
2023-06-30T00:49:27.000Z,T4210198,8101,46.99968,7.32100,30163.9,4.2,11.9,296.5,-273.0,-1.0,-1.0,RS41,403.500,13.4,187,10,2.5,-1,-1
2023-06-30T00:49:29.000Z,T4210198,8103,46.99976,7.32072,30174.5,6.2,10.7,287.9,-273.0,-1.0,-1.0,RS41,403.500,13.3,187,10,2.6,-1,-1
2023-06-30T00:49:30.000Z,T4210198,8104,46.99978,7.32059,30180.4,5.4,9.4,279.3,-273.0,-1.0,-1.0,RS41,403.500,13.0,187,10,2.6,-1,-1
2023-06-30T00:49:31.000Z,T4210198,8105,46.99979,7.32048,30185.2,4.1,8.0,272.4,-273.0,-1.0,-1.0,RS41,403.500,13.0,187,10,2.5,-1,-1
2023-06-30T00:49:37.000Z,T4210198,8111,46.99987,7.32014,30212.2,4.6,5.1,316.8,-273.0,-1.0,-1.0,RS41,403.500,12.7,187,10,2.6,-1,-1
2023-06-30T00:49:39.000Z,T4210198,8113,46.99992,7.32001,30222.3,5.1,7.0,286.6,-273.0,-1.0,-1.0,RS41,403.500,12.7,187,10,2.5,-1,-1
2023-06-30T00:49:41.000Z,T4210198,8115,46.99993,7.31978,30232.8,5.0,10.8,263.5,-273.0,-1.0,-1.0,RS41,403.500,12.9,187,10,2.6,-1,-1
2023-06-30T00:49:51.000Z,T4210198,8125,47.00013,7.31850,30283.0,4.8,3.5,336.7,-273.0,-1.0,-1.0,RS41,403.500,13.5,187,9,2.5,-1,-1
2023-06-30T00:50:11.000Z,T4210198,8145,47.00015,7.31641,30377.9,3.9,15.4,271.7,-273.0,-1.0,-1.0,RS41,403.500,13.4,187,9,2.5,-1,-1
2023-06-30T00:50:12.000Z,T4210198,8146,47.00015,7.31621,30383.0,5.1,14.7,274.4,-273.0,-1.0,-1.0,RS41,403.500,13.5,187,9,2.5,-1,-1
2023-06-30T00:50:27.000Z,T4210198,8161,46.99998,7.31430,30459.0,5.9,9.5,268.3,-273.0,-1.0,-1.0,RS41,403.500,13.3,187,9,2.6,-1,-1
2023-06-30T00:50:33.000Z,T4210198,8167,47.00011,7.31368,30488.8,5.5,5.8,273.9,-37.9,-1.0,-1.0,RS41,403.500,13.6,187,9,2.6,-1,-1
2023-06-30T00:50:44.000Z,T4210198,8178,46.99984,7.31216,30543.7,5.4,9.2,242.7,-37.7,-1.0,-1.0,RS41,403.500,11.5,187,9,2.5,-1,-1
2023-06-30T00:50:45.000Z,T4210198,8179,46.99980,7.31206,30549.2,5.0,8.0,231.4,-37.7,-1.0,-1.0,RS41,403.500,9.5,187,9,2.5,-1,-1
2023-06-30T00:51:11.000Z,T4210198,8205,46.99932,7.30899,30682.9,5.8,12.9,259.8,-37.4,-1.0,-1.0,RS41,403.500,11.1,187,9,2.6,-1,-1
2023-06-30T01:18:45.001Z,T4210198,9859,46.91595,6.95894,37547.9,-0.4,24.7,259.4,-273.0,-1.0,-1.0,RS41,403.500,13.3,187,10,2.6,-1,-1
2023-06-30T01:18:46.001Z,T4210198,9860,46.91591,6.95863,37547.4,-0.6,24.5,259.4,-273.0,-1.0,-1.0,RS41,403.500,12.8,187,10,2.6,-1,-1
2023-06-30T01:19:07.001Z,T4210198,9881,46.91502,6.95197,37538.3,-0.3,25.0,258.7,-273.0,-1.0,-1.0,RS41,403.500,15.4,187,10,2.6,-1,-1
2023-06-30T01:19:08.001Z,T4210198,9882,46.91498,6.95165,37537.9,-0.3,25.1,258.4,-273.0,-1.0,-1.0,RS41,403.500,15.4,187,10,2.6,-1,-1
2023-06-30T01:19:12.001Z,T4210198,9886,46.91480,6.95036,37536.4,-0.4,25.4,258.4,-273.0,-1.0,-1.0,RS41,403.500,14.2,187,10,2.6,-1,-1
2023-06-30T01:19:15.001Z,T4210198,9889,46.91466,6.94939,37535.2,-0.4,25.2,258.5,-273.0,-1.0,-1.0,RS41,403.500,14.0,187,10,2.6,-1,-1
2023-06-30T01:19:21.001Z,T4210198,9895,46.91439,6.94745,37533.0,-0.2,25.4,257.8,-273.0,-1.0,-1.0,RS41,403.500,15.0,187,10,2.5,-1,-1
2023-06-30T01:19:25.001Z,T4210198,9899,46.91419,6.94615,37532.0,-0.3,25.7,257.6,-273.0,-1.0,-1.0,RS41,403.500,14.1,187,10,2.6,-1,-1
2023-06-30T01:19:27.001Z,T4210198,9901,46.91409,6.94549,37531.5,-0.3,25.6,257.7,-273.0,-1.0,-1.0,RS41,403.500,15.3,187,10,2.5,-1,-1
2023-06-30T01:19:28.001Z,T4210198,9902,46.91404,6.94517,37531.2,-0.3,25.6,257.4,-273.0,-1.0,-1.0,RS41,403.500,15.3,187,10,2.5,-1,-1
2023-06-30T01:19:30.001Z,T4210198,9904,46.91394,6.94452,37530.4,-0.1,25.4,257.4,-273.0,-1.0,-1.0,RS41,403.500,14.0,187,10,2.6,-1,-1
2023-06-30T01:19:31.001Z,T4210198,9905,46.91389,6.94420,37530.3,-0.2,25.3,257.4,-273.0,-1.0,-1.0,RS41,403.500,13.8,187,10,2.6,-1,-1
2023-06-30T01:19:34.001Z,T4210198,9908,46.91374,6.94323,37529.5,-0.3,25.3,257.2,-273.0,-1.0,-1.0,RS41,403.500,14.3,187,10,2.5,-1,-1
2023-06-30T01:19:35.001Z,T4210198,9909,46.91369,6.94291,37529.3,-0.1,25.4,257.1,-273.0,-1.0,-1.0,RS41,403.500,14.3,187,10,2.6,-1,-1
2023-06-30T01:19:36.001Z,T4210198,9910,46.91364,6.94259,37529.0,-0.2,25.4,257.0,-273.0,-1.0,-1.0,RS41,403.500,13.1,187,10,2.6,-1,-1
2023-06-30T01:19:37.001Z,T4210198,9911,46.91359,6.94227,37528.9,-0.2,25.4,257.1,-273.0,-1.0,-1.0,RS41,403.500,12.8,187,10,2.6,-1,-1
2023-06-30T01:19:39.001Z,T4210198,9913,46.91349,6.94162,37528.6,-0.2,25.6,256.9,-273.0,-1.0,-1.0,RS41,403.500,14.3,187,10,2.5,-1,-1
2023-06-30T01:19:40.001Z,T4210198,9914,46.91344,6.94129,37528.5,-0.2,25.5,257.1,-273.0,-1.0,-1.0,RS41,403.500,14.3,187,10,2.5,-1,-1
2023-06-30T01:19:41.001Z,T4210198,9915,46.91339,6.94097,37528.4,0.1,25.5,256.9,-273.0,-1.0,-1.0,RS41,403.500,14.0,187,10,2.6,-1,-1
2023-06-30T01:19:42.001Z,T4210198,9916,46.91333,6.94065,37528.2,-0.0,25.4,256.9,-273.0,-1.0,-1.0,RS41,403.500,14.2,187,10,2.6,-1,-1
2023-06-30T01:19:43.001Z,T4210198,9917,46.91328,6.94032,37528.1,-0.1,25.3,256.8,-273.0,-1.0,-1.0,RS41,403.500,14.2,187,10,2.6,-1,-1
2023-06-30T01:19:44.001Z,T4210198,9918,46.91323,6.94000,37527.9,-0.3,25.2,256.7,-273.0,-1.0,-1.0,RS41,403.500,13.5,187,10,2.5,-1,-1
2023-06-30T01:19:47.001Z,T4210198,9921,46.91308,6.93904,37527.3,-0.1,25.1,256.7,-273.0,-1.0,-1.0,RS41,403.500,14.4,187,10,2.6,-1,-1
2023-06-30T01:19:48.001Z,T4210198,9922,46.91302,6.93873,37527.1,-0.1,25.1,256.6,-273.0,-1.0,-1.0,RS41,403.500,14.5,187,10,2.6,-1,-1
2023-06-30T01:19:49.001Z,T4210198,9923,46.91297,6.93841,37526.9,-0.1,25.1,257.0,-273.0,-1.0,-1.0,RS41,403.500,14.5,187,10,2.6,-1,-1
2023-06-30T01:19:53.001Z,T4210198,9927,46.91277,6.93712,37525.7,-0.4,25.5,256.9,-273.0,-1.0,-1.0,RS41,403.500,13.5,187,10,2.6,-1,-1
2023-06-30T01:19:55.001Z,T4210198,9929,46.91266,6.93648,37525.0,-0.3,25.5,257.0,-273.0,-1.0,-1.0,RS41,403.500,14.4,187,10,2.6,-1,-1
2023-06-30T01:19:57.001Z,T4210198,9931,46.91256,6.93583,37524.2,-0.5,25.4,256.8,-273.0,-1.0,-1.0,RS41,403.500,14.4,187,10,2.5,-1,-1
2023-06-30T01:20:00.001Z,T4210198,9934,46.91241,6.93486,37523.0,-0.4,25.2,257.0,-273.0,-1.0,-1.0,RS41,403.500,13.8,187,10,2.6,-1,-1
2023-06-30T01:20:01.001Z,T4210198,9935,46.91236,6.93454,37522.6,-0.4,25.2,256.9,-273.0,-1.0,-1.0,RS41,403.500,14.2,187,10,2.6,-1,-1
2023-06-30T01:20:02.001Z,T4210198,9936,46.91231,6.93422,37522.2,-0.3,25.2,257.1,-273.0,-1.0,-1.0,RS41,403.500,15.0,187,10,2.5,-1,-1
2023-06-30T01:20:03.001Z,T4210198,9937,46.91226,6.93390,37521.8,-0.4,25.2,256.9,-273.0,-1.0,-1.0,RS41,403.500,15.0,187,10,2.5,-1,-1
2023-06-30T01:20:04.001Z,T4210198,9938,46.91221,6.93358,37521.3,-0.5,25.3,257.0,-273.0,-1.0,-1.0,RS41,403.500,14.5,187,10,2.5,-1,-1
2023-06-30T01:20:05.001Z,T4210198,9939,46.91216,6.93326,37520.8,-0.4,25.2,257.4,-273.0,-1.0,-1.0,RS41,403.500,14.6,187,10,2.6,-1,-1
2023-06-30T01:20:06.001Z,T4210198,9940,46.91211,6.93294,37520.4,-0.3,25.4,257.2,-273.0,-1.0,-1.0,RS41,403.500,14.6,187,10,2.6,-1,-1
2023-06-30T01:20:07.001Z,T4210198,9941,46.91206,6.93262,37519.9,-0.6,25.4,257.0,-273.0,-1.0,-1.0,RS41,403.500,13.7,187,10,2.6,-1,-1
2023-06-30T01:20:08.001Z,T4210198,9942,46.91200,6.93229,37519.4,-0.5,25.4,257.0,-273.0,-1.0,-1.0,RS41,403.500,13.9,187,10,2.5,-1,-1
2023-06-30T01:20:09.001Z,T4210198,9943,46.91195,6.93197,37519.0,-0.5,25.5,256.9,-273.0,-1.0,-1.0,RS41,403.500,13.9,187,10,2.5,-1,-1
2023-06-30T01:20:10.001Z,T4210198,9944,46.91190,6.93164,37518.6,-0.6,25.6,257.2,-273.0,-1.0,-1.0,RS41,403.500,14.0,187,10,2.5,-1,-1
2023-06-30T01:20:11.001Z,T4210198,9945,46.91185,6.93132,37518.1,-0.4,25.5,257.1,-273.0,-1.0,-1.0,RS41,403.500,14.1,187,10,2.6,-1,-1
2023-06-30T01:20:12.001Z,T4210198,9946,46.91180,6.93099,37517.6,-0.3,25.4,257.0,-273.0,-1.0,-1.0,RS41,403.500,14.1,187,10,2.6,-1,-1
2023-06-30T01:20:13.001Z,T4210198,9947,46.91175,6.93067,37517.2,-0.5,25.5,257.3,-273.0,-1.0,-1.0,RS41,403.500,13.4,187,10,2.6,-1,-1
2023-06-30T01:20:14.001Z,T4210198,9948,46.91170,6.93035,37516.7,-0.5,25.4,257.2,-273.0,-1.0,-1.0,RS41,403.500,13.2,187,10,2.5,-1,-1
2023-06-30T01:20:19.001Z,T4210198,9953,46.91145,6.92873,37514.7,-0.3,25.5,257.0,-273.0,-1.0,-1.0,RS41,403.500,13.1,187,10,2.6,-1,-1
2023-06-30T01:20:57.001Z,T4210198,9991,46.90944,6.91637,37511.4,0.2,25.4,256.6,-273.0,-1.0,-1.0,RS41,403.500,12.2,187,10,2.6,-1,-1
2023-06-30T01:21:21.001Z,T4210198,10015,46.90824,6.90864,37521.7,0.7,25.3,257.7,-273.0,-1.0,-1.0,RS41,403.500,12.1,187,10,2.6,-1,-1
2023-06-30T01:21:28.001Z,T4210198,10022,46.90791,6.90639,37526.9,0.7,25.1,257.9,-273.0,-1.0,-1.0,RS41,403.500,12.9,187,10,2.6,-1,-1
2023-06-30T01:21:35.001Z,T4210198,10029,46.90759,6.90414,37532.1,0.8,25.2,258.4,-273.0,-1.0,-1.0,RS41,403.500,12.9,187,10,2.5,-1,-1
2023-06-30T01:21:37.001Z,T4210198,10031,46.90749,6.90350,37533.9,0.8,25.3,258.3,-273.0,-1.0,-1.0,RS41,403.500,13.2,187,10,2.5,-1,-1
2023-06-30T01:21:44.001Z,T4210198,10038,46.90718,6.90126,37540.2,1.0,24.9,258.7,-273.0,-1.0,-1.0,RS41,403.500,12.7,187,10,2.6,-1,-1
2023-06-30T01:21:45.001Z,T4210198,10039,46.90714,6.90094,37541.1,1.1,24.9,258.8,-273.0,-1.0,-1.0,RS41,403.500,13.7,187,10,2.6,-1,-1
2023-06-30T01:21:46.001Z,T4210198,10040,46.90709,6.90062,37542.1,0.9,24.9,258.7,-273.0,-1.0,-1.0,RS41,403.500,13.7,187,10,2.6,-1,-1
2023-06-30T01:21:49.001Z,T4210198,10043,46.90697,6.89966,37544.7,0.9,24.9,258.9,-273.0,-1.0,-1.0,RS41,403.500,12.5,187,10,2.5,-1,-1
2023-06-30T01:21:50.001Z,T4210198,10044,46.90692,6.89935,37545.5,1.0,24.9,259.1,-273.0,-1.0,-1.0,RS41,403.500,13.0,187,10,2.6,-1,-1
2023-06-30T01:21:51.001Z,T4210198,10045,46.90688,6.89903,37546.5,0.9,24.9,259.0,-273.0,-1.0,-1.0,RS41,403.500,14.0,187,10,2.6,-1,-1
2023-06-30T01:21:52.001Z,T4210198,10046,46.90684,6.89871,37547.5,1.0,24.8,258.9,-273.0,-1.0,-1.0,RS41,403.500,14.0,187,10,2.6,-1,-1
2023-06-30T01:21:53.001Z,T4210198,10047,46.90680,6.89839,37548.4,0.8,24.7,259.1,-273.0,-1.0,-1.0,RS41,403.500,13.8,187,10,2.5,-1,-1
2023-06-30T01:21:54.001Z,T4210198,10048,46.90676,6.89807,37549.3,0.9,24.8,259.3,-273.0,-1.0,-1.0,RS41,403.500,12.7,187,10,2.5,-1,-1
2023-06-30T01:21:56.001Z,T4210198,10050,46.90667,6.89744,37551.2,0.9,24.6,259.2,-273.0,-1.0,-1.0,RS41,403.500,13.5,187,10,2.6,-1,-1
2023-06-30T01:21:57.001Z,T4210198,10051,46.90663,6.89712,37552.1,0.9,24.6,259.7,-273.0,-1.0,-1.0,RS41,403.500,13.5,187,10,2.6,-1,-1
2023-06-30T01:21:58.001Z,T4210198,10052,46.90660,6.89681,37553.0,1.0,24.6,259.7,-273.0,-1.0,-1.0,RS41,403.500,13.0,187,10,2.6,-1,-1
2023-06-30T01:21:59.001Z,T4210198,10053,46.90656,6.89649,37554.1,0.8,24.5,259.5,-23.9,-1.0,-1.0,RS41,403.500,13.3,187,10,2.5,-1,-1
2023-06-30T01:22:00.001Z,T4210198,10054,46.90652,6.89618,37554.9,1.0,24.6,259.8,-23.9,-1.0,-1.0,RS41,403.500,13.7,187,10,2.5,-1,-1
2023-06-30T01:22:02.001Z,T4210198,10056,46.90644,6.89554,37556.9,1.1,24.5,259.7,-24.1,-1.0,-1.0,RS41,403.500,14.0,187,10,2.6,-1,-1
2023-06-30T01:22:06.001Z,T4210198,10060,46.90628,6.89429,37560.6,0.8,24.5,259.9,-24.0,-1.0,-1.0,RS41,403.500,12.5,187,10,2.5,-1,-1
2023-06-30T01:22:07.001Z,T4210198,10061,46.90625,6.89397,37561.5,0.9,24.5,260.1,-24.0,-1.0,-1.0,RS41,403.500,12.3,187,10,2.5,-1,-1
2023-06-30T01:22:09.001Z,T4210198,10063,46.90617,6.89335,37563.2,0.9,24.5,260.2,-24.0,-1.0,-1.0,RS41,403.500,12.5,187,10,2.6,-1,-1
2023-06-30T01:22:11.001Z,T4210198,10065,46.90609,6.89272,37565.1,0.8,24.3,260.1,-24.0,-1.0,-1.0,RS41,403.500,12.3,187,10,2.5,-1,-1
2023-06-30T01:22:12.001Z,T4210198,10066,46.90606,6.89241,37566.0,0.8,24.3,260.0,-24.0,-1.0,-1.0,RS41,403.500,12.4,187,10,2.5,-1,-1
2023-06-30T01:22:13.001Z,T4210198,10067,46.90602,6.89210,37566.9,0.9,24.3,260.5,-24.0,-1.0,-1.0,RS41,403.500,12.4,187,10,2.5,-1,-1
2023-06-30T01:22:14.001Z,T4210198,10068,46.90598,6.89178,37567.8,1.0,24.3,260.6,-24.0,-1.0,-1.0,RS41,403.500,12.1,187,10,2.6,-1,-1
2023-06-30T01:22:15.001Z,T4210198,10069,46.90595,6.89147,37568.6,0.9,24.2,260.4,-24.0,-1.0,-1.0,RS41,403.500,12.7,187,10,2.6,-1,-1
2023-06-30T01:22:16.001Z,T4210198,10070,46.90591,6.89116,37569.4,0.8,24.2,260.5,-24.2,-1.0,-1.0,RS41,403.500,12.9,187,10,2.6,-1,-1
2023-06-30T01:22:23.001Z,T4210198,10077,46.90566,6.88898,37575.1,0.6,24.1,260.7,-24.0,-1.0,-1.0,RS41,403.500,12.9,187,10,2.5,-1,-1
2023-06-30T01:22:24.001Z,T4210198,10078,46.90563,6.88867,37575.9,0.6,24.1,260.5,-24.0,-1.0,-1.0,RS41,403.500,12.9,187,10,2.5,-1,-1
2023-06-30T01:22:25.001Z,T4210198,10079,46.90559,6.88836,37576.6,0.7,24.0,260.4,-24.0,-1.0,-1.0,RS41,403.500,12.9,187,10,2.5,-1,-1
2023-06-30T01:22:26.001Z,T4210198,10080,46.90555,6.88805,37577.1,0.8,24.0,260.6,-24.1,-1.0,-1.0,RS41,403.500,12.7,187,10,2.6,-1,-1
2023-06-30T01:22:39.001Z,T4210198,10093,46.90511,6.88405,37584.1,0.5,23.9,260.7,-24.0,-1.0,-1.0,RS41,403.500,12.9,187,10,2.6,-1,-1
2023-06-30T01:23:24.001Z,T4210198,10138,46.90365,6.87042,37585.1,-0.5,23.2,261.1,-24.0,-1.0,-1.0,RS41,403.500,12.8,187,10,2.5,-1,-1
2023-06-30T01:23:25.001Z,T4210198,10139,46.90361,6.87012,37584.6,-0.6,23.2,261.1,-24.0,-1.0,-1.0,RS41,403.500,12.8,187,10,2.5,-1,-1
2023-06-30T01:23:26.001Z,T4210198,10140,46.90358,6.86982,37584.1,-0.4,23.2,261.0,-24.2,-1.0,-1.0,RS41,403.500,13.1,187,10,2.6,-1,-1
2023-06-30T01:23:54.001Z,T4210198,10168,46.90265,6.86146,37568.5,-0.8,23.1,260.6,-24.3,-1.0,-1.0,RS41,403.500,12.1,187,10,2.5,-1,-1
2023-06-30T01:24:11.001Z,T4210198,10185,46.90207,6.85641,37556.3,-0.8,23.0,260.0,-24.2,-1.0,-1.0,RS41,403.500,13.5,187,10,2.5,-1,-1
2023-06-30T01:24:21.001Z,T4210198,10195,46.90171,6.85345,37550.0,-0.6,23.1,259.9,-24.1,-1.0,-1.0,RS41,403.500,14.0,187,10,2.6,-1,-1
2023-06-30T01:24:22.001Z,T4210198,10196,46.90167,6.85315,37549.3,-0.6,23.2,259.9,-24.3,-1.0,-1.0,RS41,403.500,14.0,187,10,2.6,-1,-1
2023-06-30T01:24:24.001Z,T4210198,10198,46.90160,6.85256,37548.0,-0.7,23.0,259.8,-24.5,-1.0,-1.0,RS41,403.500,13.9,187,10,2.5,-1,-1
2023-06-30T01:24:25.001Z,T4210198,10199,46.90156,6.85226,37547.5,-0.6,23.1,259.7,-24.3,-1.0,-1.0,RS41,403.500,13.9,187,10,2.5,-1,-1
2023-06-30T01:24:26.001Z,T4210198,10200,46.90153,6.85196,37546.8,-0.5,23.1,259.8,-24.2,-1.0,-1.0,RS41,403.500,12.8,187,10,2.6,-1,-1
2023-06-30T01:24:34.001Z,T4210198,10208,46.90122,6.84959,37542.7,-0.5,23.2,259.4,-24.3,-1.0,-1.0,RS41,403.500,13.2,187,10,2.6,-1,-1
2023-06-30T01:24:36.001Z,T4210198,10210,46.90114,6.84899,37541.7,-0.6,23.2,259.0,-24.2,-1.0,-1.0,RS41,403.500,13.6,187,10,2.5,-1,-1
2023-06-30T01:24:44.001Z,T4210198,10218,46.90082,6.84662,37537.6,-0.4,23.3,258.4,-24.1,-1.0,-1.0,RS41,403.500,12.8,187,10,2.6,-1,-1
2023-06-30T01:24:45.001Z,T4210198,10219,46.90078,6.84632,37537.0,-0.5,23.3,258.5,-24.1,-1.0,-1.0,RS41,403.500,13.2,187,10,2.5,-1,-1
2023-06-30T01:25:03.001Z,T4210198,10237,46.89999,6.84088,37526.7,-0.6,23.8,258.3,-24.3,-1.0,-1.0,RS41,403.500,12.4,187,10,2.5,-1,-1
2023-06-30T01:25:12.001Z,T4210198,10246,46.89961,6.83817,37523.1,-0.2,23.6,258.4,-24.4,-1.0,-1.0,RS41,403.500,11.9,187,10,2.6,-1,-1
2023-06-30T01:25:40.001Z,T4210198,10274,46.89840,6.82974,37534.6,1.1,23.5,258.1,-24.4,-1.0,-1.0,RS41,403.500,12.3,187,10,2.5,-1,-1
2023-06-30T01:25:44.001Z,T4210198,10278,46.89822,6.82854,37538.9,1.0,23.7,258.1,-24.1,-1.0,-1.0,RS41,403.500,13.4,187,10,2.5,-1,-1
2023-06-30T01:25:45.001Z,T4210198,10279,46.89817,6.82823,37540.0,1.0,23.7,257.8,-24.3,-1.0,-1.0,RS41,403.500,13.1,187,10,2.5,-1,-1
2023-06-30T01:25:46.001Z,T4210198,10280,46.89813,6.82793,37541.1,1.1,23.6,258.1,-24.4,-1.0,-1.0,RS41,403.500,13.1,187,10,2.5,-1,-1
2023-06-30T01:25:47.001Z,T4210198,10281,46.89809,6.82763,37542.3,1.2,23.6,258.4,-24.5,-1.0,-1.0,RS41,403.500,12.8,187,10,2.6,-1,-1
2023-06-30T01:25:48.001Z,T4210198,10282,46.89805,6.82733,37543.6,1.4,23.4,258.4,-24.5,-1.0,-1.0,RS41,403.500,12.3,187,10,2.6,-1,-1
2023-06-30T01:25:49.001Z,T4210198,10283,46.89800,6.82703,37545.0,1.4,23.5,258.2,-24.4,-1.0,-1.0,RS41,403.500,12.3,187,10,2.6,-1,-1
2023-06-30T01:25:50.001Z,T4210198,10284,46.89796,6.82673,37546.3,1.3,23.4,258.5,-24.3,-1.0,-1.0,RS41,403.500,12.4,187,10,2.5,-1,-1
2023-06-30T01:25:51.001Z,T4210198,10285,46.89792,6.82643,37547.7,1.2,23.4,258.7,-24.2,-1.0,-1.0,RS41-SG,403.500,12.8,187,10,2.5,-1,-1
2023-06-30T01:25:55.001Z,T4210198,10289,46.89776,6.82523,37553.4,1.5,23.4,258.7,-24.5,-1.0,-1.0,RS41-SG,403.500,13.4,187,10,2.6,-1,-1
2023-06-30T01:25:56.001Z,T4210198,10290,46.89772,6.82493,37554.9,1.4,23.4,258.7,-24.5,-1.0,-1.0,RS41-SG,403.500,12.5,187,10,2.5,-1,-1
2023-06-30T01:25:57.001Z,T4210198,10291,46.89767,6.82464,37556.4,1.5,23.4,258.6,-24.5,-1.0,-1.0,RS41-SG,403.500,12.5,187,10,2.5,-1,-1
2023-06-30T01:25:58.001Z,T4210198,10292,46.89763,6.82434,37558.0,1.4,23.4,258.6,-24.4,-1.0,-1.0,RS41-SG,403.500,12.2,187,10,2.6,-1,-1
2023-06-30T01:26:01.001Z,T4210198,10295,46.89751,6.82344,37562.7,1.5,23.3,259.0,-24.2,-1.0,-1.0,RS41-SG,403.500,12.5,187,10,2.5,-1,-1
2023-06-30T01:26:02.001Z,T4210198,10296,46.89747,6.82315,37564.2,1.6,23.2,258.9,-24.3,-1.0,-1.0,RS41-SG,403.500,13.4,187,10,2.6,-1,-1
2023-06-30T01:26:03.001Z,T4210198,10297,46.89743,6.82285,37565.8,1.6,23.1,259.0,-24.4,-1.0,-1.0,RS41-SG,403.500,13.4,187,10,2.6,-1,-1
2023-06-30T01:26:05.001Z,T4210198,10299,46.89735,6.82225,37569.2,1.6,23.0,259.2,-24.5,-1.0,-1.0,RS41-SG,403.500,13.1,187,10,2.5,-1,-1
2023-06-30T01:26:06.001Z,T4210198,10300,46.89732,6.82196,37570.9,1.7,23.0,259.2,-24.4,-1.0,-1.0,RS41-SG,403.500,13.4,187,10,2.6,-1,-1
2023-06-30T01:26:07.001Z,T4210198,10301,46.89728,6.82166,37572.5,1.7,23.0,259.1,-24.3,-1.0,-1.0,RS41-SG,403.500,13.4,187,10,2.6,-1,-1
2023-06-30T01:26:08.001Z,T4210198,10302,46.89724,6.82137,37574.2,1.7,22.9,259.3,-24.2,-1.0,-1.0,RS41-SG,403.500,12.6,187,10,2.5,-1,-1
2023-06-30T01:26:09.001Z,T4210198,10303,46.89720,6.82107,37575.9,1.5,23.0,259.3,-24.2,-1.0,-1.0,RS41-SG,403.500,12.7,187,10,2.5,-1,-1
2023-06-30T01:26:11.001Z,T4210198,10305,46.89712,6.82048,37578.9,1.6,23.0,259.2,-24.4,-1.0,-1.0,RS41-SG,403.500,13.6,187,10,2.6,-1,-1
2023-06-30T01:26:15.001Z,T4210198,10309,46.89697,6.81931,37585.5,1.6,22.9,259.0,-24.3,-1.0,-1.0,RS41-SG,403.500,13.2,187,10,2.5,-1,-1
2023-06-30T01:26:18.001Z,T4210198,10312,46.89686,6.81843,37590.7,1.8,22.8,259.7,-24.3,-1.0,-1.0,RS41-SG,403.500,13.7,187,10,2.6,-1,-1
2023-06-30T01:26:19.001Z,T4210198,10313,46.89682,6.81813,37592.4,1.7,22.7,259.7,-24.4,-1.0,-1.0,RS41-SG,403.500,13.4,187,10,2.5,-1,-1
2023-06-30T01:26:20.001Z,T4210198,10314,46.89678,6.81784,37594.1,1.5,22.8,259.7,-24.5,0.0,-1.0,RS41-SG,403.500,13.3,187,10,2.5,-1,-1
2023-06-30T01:26:21.001Z,T4210198,10315,46.89675,6.81755,37595.6,1.7,22.6,259.8,-24.6,0.0,-1.0,RS41-SG,403.500,13.2,187,10,2.5,-1,-1
2023-06-30T01:26:22.001Z,T4210198,10316,46.89671,6.81726,37597.2,1.6,22.7,259.9,-24.6,0.0,-1.0,RS41-SG,403.500,13.9,187,10,2.6,-1,-1
2023-06-30T01:26:23.001Z,T4210198,10317,46.89668,6.81697,37598.9,1.6,22.6,259.9,-24.5,0.0,-1.0,RS41-SG,403.500,13.9,187,10,2.6,-1,-1
2023-06-30T01:26:24.001Z,T4210198,10318,46.89664,6.81668,37600.6,1.8,22.7,259.7,-24.4,0.0,-1.0,RS41-SG,403.500,13.6,187,10,2.6,-1,-1
2023-06-30T01:26:25.001Z,T4210198,10319,46.89661,6.81638,37602.4,1.6,22.7,259.6,-24.4,0.0,-1.0,RS41-SG,403.500,14.2,187,10,2.5,-1,-1
2023-06-30T01:26:26.001Z,T4210198,10320,46.89657,6.81609,37604.0,1.6,22.7,259.6,-24.4,0.0,-1.0,RS41-SG,403.500,14.2,187,10,2.5,-1,-1
2023-06-30T01:26:27.001Z,T4210198,10321,46.89653,6.81580,37605.7,1.8,22.6,259.6,-24.4,0.0,-1.0,RS41-SG,403.500,13.9,187,10,2.5,-1,-1
2023-06-30T01:26:28.001Z,T4210198,10322,46.89650,6.81551,37607.4,1.7,22.6,259.8,-24.5,0.0,-1.0,RS41-SG,403.500,13.1,187,10,2.6,-1,-1
2023-06-30T01:26:29.001Z,T4210198,10323,46.89646,6.81522,37609.0,1.7,22.7,259.8,-24.6,0.0,-1.0,RS41-SG,403.500,13.9,187,10,2.6,-1,-1
2023-06-30T01:26:33.001Z,T4210198,10327,46.89632,6.81407,37615.3,1.4,22.4,260.1,-24.4,0.0,-1.0,RS41-SG,403.500,14.6,187,10,2.5,-1,-1
2023-06-30T01:26:34.001Z,T4210198,10328,46.89629,6.81378,37616.9,1.7,22.4,260.3,-24.4,0.0,-1.0,RS41-SG,403.500,13.8,187,10,2.6,-1,-1
2023-06-30T01:26:35.001Z,T4210198,10329,46.89625,6.81349,37618.5,1.5,22.3,260.3,-24.4,0.0,-1.0,RS41-SG,403.500,13.9,187,10,2.6,-1,-1
2023-06-30T01:26:37.001Z,T4210198,10331,46.89618,6.81292,37621.5,1.5,22.3,260.2,-24.5,0.0,-1.0,RS41-SG,403.500,14.5,187,10,2.5,-1,-1
2023-06-30T01:26:38.001Z,T4210198,10332,46.89615,6.81263,37623.0,1.2,22.2,260.2,-24.6,0.0,-1.0,RS41-SG,403.500,14.5,187,10,2.5,-1,-1
2023-06-30T01:26:40.001Z,T4210198,10334,46.89609,6.81206,37625.9,1.7,22.3,260.4,-24.6,0.0,-1.0,RS41-SG,403.500,14.1,187,10,2.6,-1,-1
2023-06-30T01:26:41.001Z,T4210198,10335,46.89605,6.81177,37627.5,1.5,22.3,260.6,-24.6,0.0,-1.0,RS41-SG,403.500,13.1,187,10,2.6,-1,-1
2023-06-30T01:26:43.001Z,T4210198,10337,46.89599,6.81119,37630.8,1.4,22.3,260.5,-24.5,0.0,-1.0,RS41-SG,403.500,13.7,187,10,2.5,-1,-1
2023-06-30T01:26:46.001Z,T4210198,10340,46.89589,6.81033,37635.3,1.5,22.2,260.8,-24.7,0.0,-1.0,RS41-SG,403.500,13.0,187,10,2.6,-1,-1
2023-06-30T01:26:54.001Z,T4210198,10348,46.89565,6.80806,37646.4,1.3,22.0,261.4,-24.7,0.0,-1.0,RS41-SG,403.500,13.4,187,10,2.6,-1,-1
2023-06-30T01:27:02.001Z,T4210198,10356,46.89541,6.80580,37655.9,1.0,21.8,261.5,-24.7,0.0,-1.0,RS41-SG,403.500,12.2,187,10,2.5,-1,-1
2023-06-30T01:27:05.001Z,T4210198,10359,46.89533,6.80496,37659.0,0.9,21.7,261.9,-24.9,0.0,-1.0,RS41-SG,403.500,13.4,187,10,2.5,-1,-1
2023-06-30T01:27:06.001Z,T4210198,10360,46.89530,6.80468,37659.9,1.0,21.6,262.0,-25.1,0.0,-1.0,RS41-SG,403.500,13.2,187,10,2.5,-1,-1
2023-06-30T01:27:07.001Z,T4210198,10361,46.89528,6.80440,37660.9,0.9,21.6,261.8,-25.3,0.0,-1.0,RS41-SG,403.500,13.2,187,10,2.6,-1,-1
2023-06-30T01:27:08.001Z,T4210198,10362,46.89525,6.80412,37661.8,1.0,21.7,261.9,-25.3,0.0,-1.0,RS41-SG,403.500,12.7,187,10,2.6,-1,-1
2023-06-30T01:27:10.001Z,T4210198,10364,46.89519,6.80356,37663.8,1.0,21.7,261.7,-25.1,0.0,-1.0,RS41-SG,403.500,13.0,187,10,2.5,-1,-1
2023-06-30T01:27:15.001Z,T4210198,10369,46.89505,6.80216,37668.2,0.7,21.6,261.7,-25.2,0.0,-1.0,RS41-SG,403.500,13.3,187,10,2.6,-1,-1
2023-06-30T01:27:19.001Z,T4210198,10373,46.89495,6.80105,37670.6,0.6,21.5,262.1,-25.2,0.0,-1.0,RS41-SG,403.500,13.2,187,10,2.5,-1,-1
2023-06-30T01:27:20.001Z,T4210198,10374,46.89492,6.80077,37671.2,0.6,21.5,262.0,-25.1,0.0,-1.0,RS41-SG,403.500,12.9,187,10,2.5,-1,-1
2023-06-30T01:27:21.001Z,T4210198,10375,46.89489,6.80050,37671.7,0.6,21.4,262.0,-25.0,0.0,-1.0,RS41-SG,403.500,12.9,187,10,2.6,-1,-1
