timestamp,serial,frame,lat,lon,alt,vel_v,vel_h,heading,temp,humidity,pressure,type,freq_mhz,snr,f_error_hz,sats,batt_v,burst_timer,aux_data
2023-08-09T12:42:51.001Z,T4240640,8878,46.23334,7.35668,32457.8,4.0,11.3,285.1,-273.0,-1.0,-1.0,RS41,403.500,11.2,375,10,2.6,-1,050103E60475FA604800
2023-08-09T12:42:52.001Z,T4240640,8879,46.23337,7.35654,32462.5,5.4,11.4,284.4,-273.0,-1.0,-1.0,RS41,403.500,11.3,375,10,2.7,-1,050103E604749A604700
2023-08-09T12:42:54.001Z,T4240640,8881,46.23346,7.35625,32474.4,6.7,13.6,303.8,-273.0,-1.0,-1.0,RS41,403.500,11.3,375,10,2.7,-1,050103E50491AA604A00
2023-08-09T12:42:55.001Z,T4240640,8882,46.23354,7.35611,32480.9,6.6,14.3,308.2,-273.0,-1.0,-1.0,RS41,403.500,12.6,375,10,2.6,-1,050103E5048F5A604500
2023-08-09T12:42:57.001Z,T4240640,8884,46.23371,7.35578,32492.5,5.1,17.3,304.4,-273.0,-1.0,-1.0,RS41,403.500,11.9,375,10,2.6,-1,050103E4047F6A604500
2023-08-09T12:42:58.001Z,T4240640,8885,46.23380,7.35559,32497.5,5.3,18.4,303.2,-273.0,-1.0,-1.0,RS41,403.500,11.5,375,10,2.7,-1,050103E4047CBA604A00
2023-08-09T12:42:59.001Z,T4240640,8886,46.23388,7.35539,32502.9,5.6,17.5,299.3,-273.0,-1.0,-1.0,RS41,403.500,11.3,375,10,2.7,-1,0501T29436060000006EI
2023-08-09T12:43:00.001Z,T4240640,8887,46.23395,7.35520,32508.9,6.1,16.1,291.9,-273.0,-1.0,-1.0,RS41,403.500,12.4,375,10,2.7,-1,050103E404841A604B00
2023-08-09T12:43:01.001Z,T4240640,8888,46.23399,7.35500,32515.3,6.4,15.5,282.8,-273.0,-1.0,-1.0,RS41,403.500,13.7,375,10,2.6,-1,050103E30485EA604600
2023-08-09T12:43:02.001Z,T4240640,8889,46.23401,7.35481,32521.5,5.9,15.3,276.5,-273.0,-1.0,-1.0,RS41,403.500,13.7,375,10,2.6,-1,050103E30482FA504500
2023-08-09T12:43:03.001Z,T4240640,8890,46.23403,7.35461,32527.0,5.2,14.9,278.1,-273.0,-1.0,-1.0,RS41,403.500,12.0,375,10,2.7,-1,050103E304764A504600
2023-08-09T12:43:04.001Z,T4240640,8891,46.23405,7.35443,32532.5,6.2,13.8,282.5,-273.0,-1.0,-1.0,RS41,403.500,10.1,375,10,2.7,-1,050103E20475FA604000
2023-08-09T12:43:06.001Z,T4240640,8893,46.23413,7.35410,32545.5,7.2,14.4,296.8,-273.0,-1.0,-1.0,RS41,403.500,11.2,375,10,2.6,-1,050103E2047B0A604300
2023-08-09T12:43:07.001Z,T4240640,8894,46.23420,7.35392,32552.7,6.9,16.2,302.4,-273.0,-1.0,-1.0,RS41,403.500,10.9,375,10,2.6,-1,050103E10479AA504700
2023-08-09T12:43:08.001Z,T4240640,8895,46.23429,7.35374,32558.7,5.5,18.3,308.6,-273.0,-1.0,-1.0,RS41,403.500,11.1,375,10,2.6,-1,050103E104754A603C00
2023-08-09T12:43:09.001Z,T4240640,8896,46.23440,7.35356,32563.8,4.8,18.9,310.7,-273.0,-1.0,-1.0,RS41,403.500,12.4,375,10,2.7,-1,050103E104664A504800
2023-08-09T12:43:10.001Z,T4240640,8897,46.23450,7.35338,32568.9,5.7,18.6,309.3,-273.0,-1.0,-1.0,RS41,403.500,12.9,375,10,2.7,-1,050103E1046DCA603E00
2023-08-09T12:43:11.001Z,T4240640,8898,46.23460,7.35318,32574.7,5.6,18.1,302.7,-273.0,-1.0,-1.0,RS41,403.500,12.9,375,10,2.7,-1,050103E00477DA504800
2023-08-09T12:43:12.001Z,T4240640,8899,46.23468,7.35298,32580.9,6.5,17.9,293.4,-273.0,-1.0,-1.0,RS41,403.500,12.6,375,10,2.6,-1,050103E004606A504E00
2023-08-09T12:43:13.001Z,T4240640,8900,46.23473,7.35276,32587.2,6.5,18.1,288.4,-273.0,-1.0,-1.0,RS41,403.500,12.6,375,10,2.6,-1,050103DF04637A604600
2023-08-09T12:43:14.001Z,T4240640,8901,46.23478,7.35255,32593.2,5.9,16.9,283.5,-273.0,-1.0,-1.0,RS41,403.500,12.2,375,10,2.6,-1,050103DF0452AA504E00
2023-08-09T12:43:15.001Z,T4240640,8902,46.23481,7.35234,32598.5,4.7,16.0,279.6,-273.0,-1.0,-1.0,RS41,403.500,11.6,375,10,2.7,-1,050103DF044D4A604500
2023-08-09T12:43:16.001Z,T4240640,8903,46.23483,7.35213,32603.7,5.7,16.0,277.8,-273.0,-1.0,-1.0,RS41,403.500,12.0,375,10,2.7,-1,050103DF0460AA504E00
2023-08-09T12:43:17.001Z,T4240640,8904,46.23485,7.35193,32609.6,6.1,16.8,281.2,-273.0,-1.0,-1.0,RS41,403.500,12.0,375,10,2.6,-1,050103DE0466AA604500
2023-08-09T12:43:18.001Z,T4240640,8905,46.23490,7.35171,32616.1,7.1,18.0,290.4,-273.0,-1.0,-1.0,RS41,403.500,11.9,375,10,2.6,-1,050103DE0476AA504E00
2023-08-09T12:43:20.001Z,T4240640,8907,46.23505,7.35128,32629.2,6.0,19.2,302.7,-273.0,-1.0,-1.0,RS41,403.500,12.6,375,10,2.7,-1,050103DE04608A504E00
2023-08-09T12:43:21.001Z,T4240640,8908,46.23514,7.35108,32634.6,4.8,19.6,304.1,-273.0,-1.0,-1.0,RS41-SG,403.500,12.7,375,10,2.7,-1,050103DD045A3A604C00
2023-08-09T12:43:22.001Z,T4240640,8909,46.23524,7.35086,32640.0,5.9,19.6,302.2,-273.0,-1.0,-1.0,RS41-SG,403.500,12.7,375,10,2.7,-1,050103DD0461BA604700
2023-08-09T12:43:23.001Z,T4240640,8910,46.23533,7.35065,32645.8,5.8,19.4,298.7,-273.0,-1.0,-1.0,RS41-SG,403.500,12.6,375,10,2.6,-1,050103DD04622A604C00
2023-08-09T12:43:24.001Z,T4240640,8911,46.23541,7.35043,32652.2,6.9,18.4,294.5,-273.0,-1.0,-1.0,RS41-SG,403.500,12.5,375,10,2.6,-1,050103DC046CAA604700
2023-08-09T12:43:25.001Z,T4240640,8912,46.23546,7.35022,32659.0,7.0,17.1,289.4,-273.0,-1.0,-1.0,RS41-SG,403.500,12.5,375,10,2.6,-1,050103DC0465EA604C00
2023-08-09T12:43:26.001Z,T4240640,8913,46.23550,7.35001,32665.4,5.9,15.9,281.2,-273.0,-1.0,-1.0,RS41-SG,403.500,12.7,375,10,2.6,-1,050103DC045B0A604000
2023-08-09T12:43:27.001Z,T4240640,8914,46.23552,7.34981,32670.6,4.6,15.9,275.7,-273.0,-1.0,-1.0,RS41-SG,403.500,12.7,375,10,2.7,-1,050103DC044CCA603F00
2023-08-09T12:43:28.001Z,T4240640,8915,46.23554,7.34960,32675.5,5.3,16.9,275.1,-273.0,-1.0,-1.0,RS41-SG,403.500,12.6,375,10,2.6,-1,050103DB04514A604200
2023-08-09T12:43:29.001Z,T4240640,8916,46.23556,7.34938,32680.5,5.3,17.9,281.6,-273.0,-1.0,-1.0,RS41-SG,403.500,12.0,375,10,2.6,-1,050103DB045AEA604100
2023-08-09T12:43:30.001Z,T4240640,8917,46.23560,7.34915,32686.3,6.3,18.4,289.0,-273.0,-1.0,-1.0,RS41-SG,403.500,12.3,375,10,2.6,-1,050103DB04654A604500
2023-08-09T12:43:31.001Z,T4240640,8918,46.23567,7.34893,32692.4,6.3,18.7,294.3,-273.0,-1.0,-1.0,RS41-SG,403.500,11.6,375,10,2.7,-1,050103DA045C3A504200
2023-08-09T12:43:32.001Z,T4240640,8919,46.23574,7.34871,32698.6,6.3,19.7,298.3,-273.0,-1.0,-1.0,RS41-SG,403.500,11.3,375,10,2.7,-1,050103DA045A5A603D00
2023-08-09T12:43:33.001Z,T4240640,8920,46.23583,7.34849,32704.3,5.1,20.3,299.8,-273.0,-1.0,-1.0,RS41-SG,403.500,11.7,375,10,2.7,-1,050103DA04537A504200
2023-08-09T12:43:34.001Z,T4240640,8921,46.23592,7.34826,32710.1,6.3,20.7,300.0,-273.0,-1.0,-1.0,RS41-SG,403.500,12.1,375,10,2.6,-1,050103DA04577A603D00
2023-08-09T12:43:35.001Z,T4240640,8922,46.23601,7.34803,32716.2,6.1,20.0,299.3,-273.0,-1.0,-1.0,RS41-SG,403.500,13.0,375,10,2.6,-1,050103D90454EA504200
2023-08-09T12:43:36.001Z,T4240640,8923,46.23609,7.34781,32722.7,7.1,18.2,295.0,-273.0,-1.0,-1.0,RS41-SG,403.500,13.0,375,10,2.6,-1,050103D9045A0A604000
2023-08-09T12:43:37.001Z,T4240640,8924,46.23615,7.34760,32729.7,6.9,16.5,287.3,-273.0,-1.0,-1.0,RS41-SG,403.500,12.3,375,10,2.7,-1,050103D90451BA504700
2023-08-09T12:43:38.001Z,T4240640,8925,46.23618,7.34740,32735.8,5.9,16.0,278.0,-273.0,-1.0,-1.0,RS41-SG,403.500,12.1,375,10,2.7,-1,050103D90444CA604300
2023-08-09T12:43:40.001Z,T4240640,8927,46.23620,7.34697,32745.6,5.3,17.1,273.7,-273.0,-1.0,-1.0,RS41-SG,403.500,11.9,375,10,2.6,-1,050103D8044CBA604900
2023-08-09T12:43:41.001Z,T4240640,8928,46.23622,7.34675,32751.1,5.4,17.5,279.3,-273.0,-1.0,-1.0,RS41-SG,403.500,12.4,375,10,2.6,-1,050103D7044CDA604400
2023-08-09T12:43:42.001Z,T4240640,8929,46.23625,7.34653,32756.6,6.5,18.1,285.8,-273.0,-1.0,-1.0,RS41-SG,403.500,12.4,375,10,2.7,-1,050103D70454BA604700
2023-08-09T12:43:43.001Z,T4240640,8930,46.23630,7.34630,32763.2,6.6,19.1,290.1,-273.0,-1.0,-1.0,RS41-SG,403.500,11.2,375,10,2.7,-1,050103D7044E6A604200
2023-08-09T12:43:44.001Z,T4240640,8931,46.23637,7.34607,32769.6,6.5,20.5,294.7,-36.5,-1.0,-1.0,RS41-SG,403.500,11.5,375,10,2.7,-1,050103D704482A603F00
2023-08-09T12:43:45.001Z,T4240640,8932,46.23645,7.34582,32775.3,4.7,21.9,297.0,-36.4,-1.0,-1.0,RS41-SG,403.500,11.5,375,10,2.6,-1,050103D7043A1A504800
2023-08-09T12:43:46.001Z,T4240640,8933,46.23655,7.34557,32780.0,5.2,22.7,300.5,-36.4,-1.0,-1.0,RS41-SG,403.500,13.3,375,10,2.6,-1,050103D604445A504900
2023-08-09T12:43:47.001Z,T4240640,8934,46.23665,7.34532,32785.1,5.2,21.7,300.3,-36.5,0.4,-1.0,RS41-SG,403.500,13.3,375,10,2.6,-1,050103D60442EA604B00
2023-08-09T12:43:48.001Z,T4240640,8935,46.23674,7.34509,32790.7,6.2,19.8,297.3,-36.5,0.4,-1.0,RS41-SG,403.500,13.3,375,10,2.7,-1,050103D6044CEA604A00
2023-08-09T12:43:49.001Z,T4240640,8936,46.23681,7.34487,32797.0,6.4,18.2,290.6,-36.5,0.3,-1.0,RS41-SG,403.500,13.3,375,10,2.7,-1,050103D50440CA504900
2023-08-09T12:43:50.001Z,T4240640,8937,46.23685,7.34465,32803.2,6.2,17.3,283.8,-36.5,0.4,-1.0,RS41-SG,403.500,12.5,375,10,2.6,-1,050103D5043FFA603C00
2023-08-09T12:43:51.001Z,T4240640,8938,46.23689,7.34443,32809.0,5.3,17.2,279.8,-36.4,0.4,-1.0,RS41-SG,403.500,11.7,375,10,2.6,-1,050103D5043C1A504800
2023-08-09T12:43:52.001Z,T4240640,8939,46.23691,7.34421,32814.1,5.4,17.0,281.3,-36.4,0.4,-1.0,RS41-SG,403.500,11.7,375,10,2.6,-1,050103D5043E4A504200
2023-08-09T12:43:53.001Z,T4240640,8940,46.23695,7.34400,32819.5,5.6,16.4,285.1,-36.4,0.4,-1.0,RS41-SG,403.500,10.7,375,10,2.7,-1,050103D4043E8A505000
2023-08-09T12:43:54.001Z,T4240640,8941,46.23699,7.34380,32825.3,6.4,16.2,291.6,-36.4,0.4,-1.0,RS41-SG,403.500,10.9,375,10,2.7,-1,050103D4044ADA504500
2023-08-09T12:43:55.001Z,T4240640,8942,46.23705,7.34361,32831.9,6.6,16.9,297.4,-36.4,0.3,-1.0,RS41-SG,403.500,10.9,375,10,2.7,-1,050103D40443DA604D00
2023-08-09T12:43:56.001Z,T4240640,8943,46.23713,7.34341,32838.5,6.6,18.1,302.0,-36.4,0.4,-1.0,RS41-SG,403.500,11.8,375,10,2.6,-1,050103D404365A604700
2023-08-09T12:43:57.001Z,T4240640,8944,46.23722,7.34321,32844.4,5.0,19.5,304.8,-36.3,0.4,-1.0,RS41-SG,403.500,12.1,375,10,2.6,-1,-1
2023-08-09T12:43:58.001Z,T4240640,8945,46.23733,7.34300,32849.2,5.2,20.7,307.8,-36.3,0.4,-1.0,RS41-SG,403.500,13.7,375,10,2.7,-1,050103D404304A504600
2023-08-09T12:43:59.001Z,T4240640,8946,46.23744,7.34280,32854.5,5.6,19.9,306.7,-36.3,0.3,-1.0,RS41-SG,403.500,13.7,375,10,2.7,-1,050103D30436FA604400
2023-08-09T12:44:00.001Z,T4240640,8947,46.23754,7.34259,32860.1,6.1,18.6,303.0,-36.3,0.4,-1.0,RS41-SG,403.500,12.4,375,10,2.7,-1,0501T29436060000006EI
2023-08-09T12:44:01.001Z,T4240640,8948,46.23762,7.34239,32866.1,6.1,17.5,294.1,-36.3,0.4,-1.0,RS41-SG,403.500,12.1,375,9,2.6,-1,050103D3043EFA604500
2023-08-09T12:44:02.001Z,T4240640,8949,46.23767,7.34218,32872.2,6.0,17.1,286.2,-36.2,0.4,-1.0,RS41-SG,403.500,12.1,375,9,2.6,-1,050103D3043D0A604400
2023-08-09T12:44:03.001Z,T4240640,8950,46.23770,7.34197,32877.9,5.0,17.0,280.8,-36.2,0.3,-1.0,RS41-SG,403.500,12.1,375,10,2.7,-1,050103D304370A504100
2023-08-09T12:44:04.001Z,T4240640,8951,46.23773,7.34175,32882.6,5.5,16.6,282.0,-36.1,0.3,-1.0,RS41-SG,403.500,12.1,375,10,2.7,-1,050103D304292A504200
2023-08-09T12:44:05.001Z,T4240640,8952,46.23777,7.34155,32888.2,5.6,15.5,286.5,-36.1,0.4,-1.0,RS41-SG,403.500,11.1,375,10,2.7,-1,050103D204312A504900
2023-08-09T12:44:06.001Z,T4240640,8953,46.23782,7.34137,32894.3,6.2,14.7,295.7,-36.1,0.3,-1.0,RS41-SG,403.500,11.7,375,10,2.7,-1,050103D204308A504900
2023-08-09T12:44:08.001Z,T4240640,8955,46.23797,7.34104,32907.3,6.5,16.5,310.0,-36.2,0.4,-1.0,RS41-SG,403.500,11.2,375,10,2.6,-1,050103D204317A604600
2023-08-09T12:44:09.001Z,T4240640,8956,46.23807,7.34087,32913.0,5.0,18.0,312.7,-36.2,0.3,-1.0,RS41-SG,403.500,11.3,375,10,2.7,-1,050103D2042F8A504A00
2023-08-09T12:44:10.001Z,T4240640,8957,46.23819,7.34070,32917.5,4.5,19.6,315.1,-36.2,0.3,-1.0,RS41-SG,403.500,13.6,375,10,2.7,-1,050103D20423AA604000
2023-08-09T12:44:11.001Z,T4240640,8958,46.23831,7.34052,32922.5,5.5,19.5,313.3,-36.3,0.4,-1.0,RS41-SG,403.500,13.6,375,10,2.7,-1,050103D104269A504600
2023-08-09T12:44:12.001Z,T4240640,8959,46.23842,7.34033,32928.3,6.0,18.6,308.4,-36.3,0.4,-1.0,RS41-SG,403.500,12.7,375,10,2.6,-1,050103D10424BA504200
2023-08-09T12:44:13.001Z,T4240640,8960,46.23851,7.34014,32934.4,6.4,17.1,300.6,-36.4,0.3,-1.0,RS41-SG,403.500,13.6,375,10,2.6,-1,050103D10437BA504E00
2023-08-09T12:44:14.001Z,T4240640,8961,46.23857,7.33995,32940.5,6.4,16.0,291.0,-36.4,0.4,-1.0,RS41-SG,403.500,13.6,375,10,2.7,-1,050103D1042FBA504400
2023-08-09T12:44:15.001Z,T4240640,8962,46.23862,7.33975,32946.2,5.0,15.9,283.4,-36.4,0.4,-1.0,RS41-SG,403.500,13.3,375,10,2.7,-1,050103D1042B8A504E00
2023-08-09T12:44:16.001Z,T4240640,8963,46.23865,7.33956,32951.0,4.6,15.6,281.1,-36.4,0.4,-1.0,RS41-SG,403.500,12.0,375,10,2.7,-1,050103D1041E9A504900
2023-08-09T12:44:17.001Z,T4240640,8964,46.23868,7.33936,32956.1,5.6,15.1,284.9,-36.4,0.4,-1.0,RS41-SG,403.500,12.0,375,10,2.7,-1,050103D004277A504500
2023-08-09T12:44:18.001Z,T4240640,8965,46.23872,7.33918,32961.9,5.9,14.4,292.5,-36.4,0.3,-1.0,RS41-SG,403.500,11.1,375,10,2.6,-1,050103D004235A504E00
2023-08-09T12:44:19.001Z,T4240640,8966,46.23878,7.33902,32968.2,6.7,14.0,302.3,-36.4,0.4,-1.0,RS41-SG,403.500,11.1,375,10,2.6,-1,050103D004307A504600
2023-08-09T12:44:20.001Z,T4240640,8967,46.23885,7.33887,32974.8,6.6,14.9,310.2,-36.4,0.4,-1.0,RS41-SG,403.500,11.1,375,10,2.6,-1,050103D0042DFA504E00
2023-08-09T12:44:22.001Z,T4240640,8969,46.23906,7.33858,32985.5,4.5,17.5,317.8,-36.4,0.4,-1.0,RS41-SG,403.500,11.9,375,10,2.7,-1,050103D004118A504E00
2023-08-09T12:44:23.001Z,T4240640,8970,46.23918,7.33842,32990.3,5.7,18.5,318.9,-36.4,0.4,-1.0,RS41-SG,403.500,12.7,375,10,2.7,-1,050103CF041FAA504400
2023-08-09T12:44:24.001Z,T4240640,8971,46.23930,7.33827,32996.1,5.9,17.5,316.8,-36.4,0.3,-1.0,RS41-SG,403.500,12.7,375,10,2.6,-1,050103CF041D3A504E00
2023-08-09T12:44:25.001Z,T4240640,8972,46.23940,7.33812,33002.7,7.1,16.1,311.4,-36.4,0.4,-1.0,RS41-SG,403.500,11.6,375,10,2.6,-1,050103CF042B2A604D00
2023-08-09T12:44:26.001Z,T4240640,8973,46.23948,7.33796,33009.7,6.8,14.7,301.6,-36.4,0.4,-1.0,RS41-SG,403.500,13.4,375,10,2.7,-1,050103CF04238A604800
2023-08-09T12:44:27.001Z,T4240640,8974,46.23954,7.33779,33015.8,5.6,14.4,290.7,-36.4,0.3,-1.0,RS41-SG,403.500,13.4,375,10,2.7,-1,050103CF041E4A604B00
2023-08-09T12:44:28.001Z,T4240640,8975,46.23958,7.33761,33020.4,3.7,14.8,283.0,-36.4,0.3,-1.0,RS41-SG,403.500,11.8,375,10,2.7,-1,050103CE040EBA604800
2023-08-09T12:44:29.001Z,T4240640,8976,46.23961,7.33742,33024.1,4.2,15.3,282.8,-36.4,0.3,-1.0,RS41-SG,403.500,11.6,375,10,2.6,-1,050103CE0409EA604400
2023-08-09T12:44:30.001Z,T4240640,8977,46.23964,7.33723,33028.4,4.3,15.3,285.9,-36.4,0.4,-1.0,RS41-SG,403.500,13.0,375,10,2.6,-1,050103CE040C2A504300
2023-08-09T12:44:31.001Z,T4240640,8978,46.23968,7.33704,33033.3,5.7,14.9,291.5,-36.3,0.4,-1.0,RS41-SG,403.500,13.0,375,10,2.6,-1,050103CE041FAA604000
2023-08-09T12:44:32.001Z,T4240640,8979,46.23974,7.33687,33038.9,5.8,15.0,295.2,-36.3,0.4,-1.0,RS41-SG,403.500,12.0,375,10,2.7,-1,050103CE041F7A504900
2023-08-09T12:44:33.001Z,T4240640,8980,46.23980,7.33669,33045.0,6.5,15.5,301.5,-36.2,0.3,-1.0,RS41-SG,403.500,11.6,375,10,2.7,-1,050103CD041FEA504500
2023-08-09T12:44:34.001Z,T4240640,8981,46.23988,7.33652,33051.0,5.4,16.1,305.7,-36.1,0.3,-1.0,RS41-SG,403.500,11.7,375,10,2.7,-1,050103CD04129A504500
2023-08-09T12:44:35.001Z,T4240640,8982,46.23997,7.33636,33056.2,5.9,16.5,311.2,-36.1,0.4,-1.0,RS41-SG,403.500,12.4,375,10,2.6,-1,050103CD0411CA504900
2023-08-09T12:44:36.001Z,T4240640,8983,46.24006,7.33621,33062.0,5.7,15.2,312.2,-36.0,0.3,-1.0,RS41-SG,403.500,13.0,375,10,2.6,-1,050103CD0414DA604200
2023-08-09T12:44:37.001Z,T4240640,8984,46.24014,7.33607,33068.3,6.8,13.1,309.4,-36.0,0.4,-1.0,RS41-SG,403.500,13.2,375,10,2.6,-1,050103CC04149A504000
2023-08-09T12:44:38.001Z,T4240640,8985,46.24021,7.33594,33075.0,6.7,11.4,298.1,-35.9,0.3,-1.0,RS41-SG,403.500,13.2,375,10,2.7,-1,050103CC0416AA504000
2023-08-09T12:44:40.001Z,T4240640,8987,46.24026,7.33565,33086.2,4.4,12.6,277.5,-35.8,0.3,-1.0,RS41-SG,403.500,12.3,375,10,2.6,-1,050103CC0402AA504300
2023-08-09T12:44:41.001Z,T4240640,8988,46.24028,7.33548,33090.7,4.9,14.2,276.6,-35.7,0.3,-1.0,RS41-SG,403.500,12.3,375,10,2.6,-1,050103CB040CEA504700
2023-08-09T12:44:42.001Z,T4240640,8989,46.24030,7.33529,33095.3,4.8,15.1,278.8,-35.6,0.3,-1.0,RS41-SG,403.500,11.2,375,10,2.7,-1,050103CB040D7A504C00
2023-08-09T12:44:43.001Z,T4240640,8990,46.24032,7.33510,33100.5,5.8,16.4,282.5,-35.6,0.3,-1.0,RS41-SG,403.500,11.4,375,10,2.7,-1,050103CB04143A603E00
2023-08-09T12:44:44.001Z,T4240640,8991,46.24036,7.33488,33106.5,6.1,18.0,286.8,-35.5,0.3,-1.0,RS41-SG,403.500,11.4,375,10,2.7,-1,050103CB0413CA504800
2023-08-09T12:44:46.001Z,T4240640,8993,46.24049,7.33442,33118.7,5.0,20.9,297.6,-35.3,0.3,-1.0,RS41-SG,403.500,11.1,375,10,2.6,-1,050103CA040ADA504F00
2023-08-09T12:44:47.001Z,T4240640,8994,46.24058,7.33418,33123.7,4.7,20.8,302.3,-35.2,0.3,-1.0,RS41-SG,403.500,11.1,375,10,2.6,-1,050103CA04066A504600
2023-08-09T12:44:48.001Z,T4240640,8995,46.24068,7.33397,33128.5,5.2,19.5,304.2,-35.1,0.3,-1.0,RS41-SG,403.500,12.0,375,10,2.6,-1,050103CA04070A504E00
2023-08-09T12:44:49.001Z,T4240640,8996,46.24077,7.33377,33133.8,5.4,17.5,301.2,-35.0,0.3,-1.0,RS41-SG,403.500,12.0,375,10,2.7,-1,050103C9040D9A504600
2023-08-09T12:44:51.001Z,T4240640,8998,46.24089,7.33340,33145.6,6.5,14.7,288.5,-34.8,0.3,-1.0,RS41-SG,403.500,12.2,375,10,2.7,-1,050103C90411DA504400
2023-08-09T12:44:52.001Z,T4240640,8999,46.24093,7.33322,33151.2,5.4,14.3,285.1,-34.7,0.3,-1.0,RS41-SG,403.500,12.2,375,10,2.6,-1,050103C90408EA504100
2023-08-09T12:44:53.001Z,T4240640,9000,46.24096,7.33304,33156.1,4.4,13.3,282.2,-34.7,0.3,-1.0,RS41-SG,403.500,11.5,375,10,2.6,-1,050103C804009A603D00
2023-08-09T12:44:54.001Z,T4240640,9001,46.24098,7.33288,33161.1,5.3,13.0,283.0,-34.6,0.3,-1.0,RS41-SG,403.500,10.7,375,10,2.7,-1,050103C804045A504000
2023-08-09T12:44:55.001Z,T4240640,9002,46.24101,7.33271,33166.9,6.3,13.4,286.9,-34.6,0.3,-1.0,RS41-SG,403.500,11.5,375,10,2.7,-1,050103C804035A603F00
2023-08-09T12:44:56.001Z,T4240640,9003,46.24105,7.33254,33173.2,6.8,14.6,291.2,-34.6,0.3,-1.0,RS41-SG,403.500,12.2,375,10,2.7,-1,050103C8040C8A504500
2023-08-09T12:44:57.001Z,T4240640,9004,46.24111,7.33236,33180.0,6.6,16.3,296.3,-34.6,0.3,-1.0,RS41-SG,403.500,12.2,375,10,2.6,-1,050103C7040BBA504000
2023-08-09T12:44:59.001Z,T4240640,9006,46.24128,7.33198,33190.2,4.0,18.0,306.4,-34.5,0.3,-1.0,RS41-SG,403.500,11.5,375,10,2.6,-1,050103C703F89A604000
2023-08-09T12:45:00.001Z,T4240640,9007,46.24137,7.33180,33194.8,5.3,17.6,307.2,-34.5,0.3,-1.0,RS41-SG,403.500,11.6,375,10,2.7,-1,0501T29436060000006EI
2023-08-09T12:45:01.001Z,T4240640,9008,46.24146,7.33162,33200.0,5.4,16.5,301.6,-34.4,0.3,-1.0,RS41-SG,403.500,12.1,375,10,2.7,-1,050103C70402BA504900
2023-08-09T12:45:02.001Z,T4240640,9009,46.24153,7.33143,33205.7,6.1,15.9,294.4,-34.4,0.3,-1.0,RS41-SG,403.500,12.1,375,10,2.7,-1,050103C6040C5A604400
2023-08-09T12:45:03.001Z,T4240640,9010,46.24158,7.33124,33211.9,6.2,15.3,287.2,-34.4,0.3,-1.0,RS41-SG,403.500,11.1,375,10,2.6,-1,050103C604096A604800
2023-08-09T12:45:04.001Z,T4240640,9011,46.24162,7.33106,33217.3,5.1,15.1,285.5,-34.4,0.3,-1.0,RS41-SG,403.500,10.4,375,10,2.6,-1,050103C60403EA604500
2023-08-09T12:45:06.001Z,T4240640,9013,46.24168,7.33071,33227.4,5.6,13.0,286.3,-34.3,0.3,-1.0,RS41-SG,403.500,9.7,375,10,2.7,-1,050103C503FD6A504100
2023-08-09T12:45:07.001Z,T4240640,9014,46.24172,7.33055,33233.2,5.9,12.9,291.7,-34.2,0.3,-1.0,RS41-SG,403.500,9.2,375,10,2.7,-1,050103C504031A503F00
2023-08-09T12:45:09.001Z,T4240640,9016,46.24184,7.33024,33246.0,6.5,15.4,304.2,-34.1,0.3,-1.0,RS41-SG,403.500,10.8,375,10,2.6,-1,050103C503FF3A504100
2023-08-09T12:45:11.001Z,T4240640,9018,46.24203,7.32990,33256.5,4.1,18.3,313.3,-34.0,0.3,-1.0,RS41-SG,403.500,10.4,375,10,2.7,-1,050103C403F2DA504800
2023-08-09T12:45:12.001Z,T4240640,9019,46.24214,7.32973,33260.7,4.5,18.2,313.4,-33.9,0.3,-1.0,RS41-SG,403.500,10.4,375,10,2.7,-1,050103C403F5FA504900
2023-08-09T12:45:13.001Z,T4240640,9020,46.24225,7.32956,33265.0,4.4,17.2,310.1,-33.9,0.3,-1.0,RS41-SG,403.500,10.4,375,10,2.7,-1,050103C403F4EA604700
2023-08-09T12:45:14.001Z,T4240640,9021,46.24233,7.32939,33269.5,5.0,15.8,301.9,-33.8,0.3,-1.0,RS41-SG,403.500,10.1,375,10,2.6,-1,050103C303FC8A504B00
2023-08-09T12:45:15.001Z,T4240640,9022,46.24240,7.32921,33274.8,5.3,15.3,294.8,-33.8,0.3,-1.0,RS41-SG,403.500,11.4,375,10,2.6,-1,050103C303FC5A503E00
2023-08-09T12:45:23.001Z,T4240640,9030,46.24290,7.32794,33323.2,4.0,17.8,320.2,-33.7,0.3,-1.0,RS41-SG,403.500,8.8,375,10,2.6,-1,050103C103E42A503F00
2023-08-09T12:45:24.001Z,T4240640,9031,46.24303,7.32779,33326.9,3.9,19.5,322.8,-33.7,0.3,-1.0,RS41-SG,403.500,9.2,375,10,2.7,-1,050103C103E3DA504600
2023-08-09T12:45:25.001Z,T4240640,9032,46.24317,7.32764,33331.1,4.2,19.3,322.8,-33.7,0.3,-1.0,RS41-SG,403.500,10.6,375,10,2.6,-1,050103C103EE1A504400
2023-08-09T12:45:26.001Z,T4240640,9033,46.24330,7.32749,33336.2,5.7,18.3,320.4,-33.7,0.3,-1.0,RS41-SG,403.500,10.6,375,10,2.6,-1,050103C103FABA504C00
2023-08-09T12:45:27.001Z,T4240640,9034,46.24342,7.32734,33342.2,6.5,16.8,315.2,-33.7,0.3,-1.0,RS41-SG,403.500,10.3,375,10,2.6,-1,050103C003F6FA504400
2023-08-09T12:45:28.001Z,T4240640,9035,46.24351,7.32719,33348.2,6.4,15.2,306.9,-33.6,0.3,-1.0,RS41-SG,403.500,10.3,375,10,2.7,-1,050103C003F64A504400
2023-08-09T12:45:29.001Z,T4240640,9036,46.24359,7.32702,33354.0,5.2,14.8,300.1,-33.6,0.3,-1.0,RS41-SG,403.500,9.4,375,10,2.7,-1,050103C003E5CA604500
2023-08-09T12:45:30.001Z,T4240640,9037,46.24365,7.32686,33359.1,5.0,14.8,296.2,-33.5,0.3,-1.0,RS41-SG,403.500,8.9,375,10,2.7,-1,050103C003E54A504300
2023-08-09T12:46:02.001Z,T4240640,9069,46.24603,7.32231,33533.4,5.9,17.0,312.4,-32.8,0.3,-1.0,RS41-SG,403.500,8.6,375,10,2.7,-1,050103BB041BFA604200
2023-08-09T12:46:04.001Z,T4240640,9071,46.24619,7.32200,33547.1,7.0,13.4,296.5,-32.8,0.3,-1.0,RS41-SG,403.500,9.4,375,10,2.7,-1,050103BB041BFA503F00
2023-08-09T12:46:05.001Z,T4240640,9072,46.24623,7.32185,33553.6,6.5,12.3,283.0,-32.8,0.3,-1.0,RS41-SG,403.500,9.4,375,10,2.6,-1,050103BB0415CA504300
2023-08-09T12:46:27.001Z,T4240640,9094,46.24692,7.31821,33676.8,6.1,15.0,297.3,-32.6,0.3,-1.0,RS41-SG,403.500,9.9,375,10,2.7,-1,050103BC03E5BA504800
2023-08-09T12:46:28.001Z,T4240640,9095,46.24697,7.31804,33682.9,6.2,13.9,290.6,-32.6,0.3,-1.0,RS41-SG,403.500,9.9,375,10,2.6,-1,050103BC03E34A504500
2023-08-09T12:46:29.001Z,T4240640,9096,46.24700,7.31787,33689.4,6.6,13.1,280.5,-32.7,0.3,-1.0,RS41-SG,403.500,10.3,375,10,2.6,-1,050103BC03EA4A504B00
2023-08-09T12:46:30.001Z,T4240640,9097,46.24701,7.31770,33695.8,6.4,13.0,269.6,-32.7,0.3,-1.0,RS41-SG,403.500,10.3,375,10,2.7,-1,050103BC03E7CA504300
2023-08-09T12:46:50.001Z,T4240640,9117,46.24754,7.31403,33814.1,5.2,19.2,306.1,-32.6,0.3,-1.0,RS41-SG,403.500,10.7,375,10,2.7,-1,050103BC03B72A503F00
2023-08-09T12:46:51.001Z,T4240640,9118,46.24764,7.31383,33819.3,5.4,19.5,307.7,-32.7,0.3,-1.0,RS41-SG,403.500,10.7,375,10,2.6,-1,050103BC03B0AA504500
2023-08-09T12:46:52.001Z,T4240640,9119,46.24774,7.31363,33825.0,6.0,18.8,305.8,-32.7,0.3,-1.0,RS41-SG,403.500,9.6,375,10,2.6,-1,050103BC03B26A504100
2023-08-09T12:46:53.001Z,T4240640,9120,46.24783,7.31343,33831.4,6.6,17.8,298.0,-32.7,0.3,-1.0,RS41-SG,403.500,9.6,375,10,2.7,-1,050103BC03B68A504800
2023-08-09T12:46:55.001Z,T4240640,9122,46.24793,7.31301,33843.9,6.1,17.2,280.3,-32.7,0.3,-1.0,RS41-SG,403.500,10.3,375,10,2.7,-1,050103BC03B7BA504B00
2023-08-09T12:47:01.001Z,T4240640,9128,46.24817,7.31168,33883.4,6.6,19.7,306.0,-32.9,0.3,-1.0,RS41-SG,403.500,9.0,375,10,2.7,-1,0501T29436060000006EI
2023-08-09T12:47:03.001Z,T4240640,9130,46.24841,7.31127,33893.9,4.2,21.9,312.9,-32.8,0.3,-1.0,RS41-SG,403.500,9.9,375,10,2.6,-1,050103BC03993A504C00
2023-08-09T12:47:04.001Z,T4240640,9131,46.24854,7.31106,33898.9,5.7,22.0,311.5,-32.8,0.3,-1.0,RS41-SG,403.500,9.9,375,10,2.7,-1,050103BC039E6A504800
2023-08-09T12:47:06.001Z,T4240640,9133,46.24877,7.31063,33911.4,6.9,19.9,303.1,-32.7,0.3,-1.0,RS41-SG,403.500,9.9,375,10,2.7,-1,050103BC03A8AA504600
2023-08-09T12:47:07.001Z,T4240640,9134,46.24886,7.31042,33918.1,6.8,18.1,297.4,-32.7,0.3,-1.0,RS41-SG,403.500,9.9,375,10,2.7,-1,050103BC03A0EA503D00
2023-08-09T12:47:08.001Z,T4240640,9135,46.24892,7.31022,33924.3,6.0,16.2,290.6,-32.7,0.3,-1.0,RS41-SG,403.500,9.3,375,10,2.6,-1,050103BC039B8A503F00
2023-08-09T12:47:10.001Z,T4240640,9137,46.24899,7.30985,33935.2,5.9,13.5,282.8,-32.5,0.3,-1.0,RS41-SG,403.500,8.9,375,10,2.7,-1,050103BD03939A504600
2023-08-09T12:47:13.001Z,T4240640,9140,46.24913,7.30935,33956.2,7.8,16.2,302.0,-32.3,0.3,-1.0,RS41-SG,403.500,9.4,375,10,2.7,-1,050103BD039C4A504900
2023-08-09T12:47:14.001Z,T4240640,9141,46.24922,7.30916,33963.3,6.7,18.8,308.7,-32.2,0.3,-1.0,RS41-SG,403.500,10.2,375,10,2.6,-1,050103BD038C0A504500
2023-08-09T12:47:15.001Z,T4240640,9142,46.24934,7.30897,33968.8,4.6,21.1,314.0,-32.2,0.3,-1.0,RS41-SG,403.500,10.2,375,10,2.6,-1,050103BD03808A504200
2023-08-09T12:47:16.001Z,T4240640,9143,46.24948,7.30877,33973.6,5.2,22.5,316.2,-32.2,0.3,-1.0,RS41-SG,403.500,11.0,375,10,2.7,-1,050103BD03857A504300
2023-08-09T12:47:17.001Z,T4240640,9144,46.24963,7.30857,33978.9,5.8,22.6,316.1,-32.2,0.3,-1.0,RS41-SG,403.500,11.6,375,10,2.7,-1,050103BD0385BA504900
2023-08-09T12:47:18.001Z,T4240640,9145,46.24976,7.30837,33984.9,6.7,21.0,313.5,-32.2,0.3,-1.0,RS41-SG,403.500,12.2,375,10,2.7,-1,050103BD03904A504400
2023-08-09T12:47:19.001Z,T4240640,9146,46.24988,7.30818,33991.7,7.0,19.2,307.9,-32.2,0.3,-1.0,RS41-SG,403.500,12.2,375,10,2.6,-1,050103BD038F6A504C00
2023-08-09T12:47:20.001Z,T4240640,9147,46.24997,7.30798,33998.3,6.7,17.2,301.0,-32.2,0.3,-1.0,RS41-SG,403.500,11.5,375,10,2.6,-1,050103BD0389CA504400
2023-08-09T12:47:21.001Z,T4240640,9148,46.25004,7.30780,34004.4,5.2,16.0,295.2,-32.2,0.3,-1.0,RS41-SG,403.500,11.1,375,10,2.7,-1,050103BD0380EA504800
2023-08-09T12:47:22.001Z,T4240640,9149,46.25010,7.30761,34009.5,5.3,14.8,292.1,-32.2,0.3,-1.0,RS41-SG,403.500,10.7,375,10,2.7,-1,050103BD037E1A504400
2023-08-09T12:47:23.001Z,T4240640,9150,46.25015,7.30744,34014.9,5.9,14.5,296.3,-32.2,0.3,-1.0,RS41-SG,403.500,10.7,375,10,2.7,-1,050103BD037F4A504900
2023-08-09T12:47:24.001Z,T4240640,9151,46.25022,7.30728,34021.1,6.5,14.4,304.0,-32.2,0.3,-1.0,RS41-SG,403.500,9.5,375,10,2.7,-1,050103BC03863A504100
2023-08-09T12:47:26.001Z,T4240640,9153,46.25040,7.30700,34034.5,7.0,16.7,320.8,-32.3,0.3,-1.0,RS41-SG,403.500,10.2,375,10,2.6,-1,050103BC0382EA504100
2023-08-09T12:47:27.001Z,T4240640,9154,46.25053,7.30686,34040.9,6.1,18.4,324.5,-32.3,0.3,-1.0,RS41-SG,403.500,11.8,375,10,2.7,-1,050103BC03790A504500
2023-08-09T12:47:28.001Z,T4240640,9155,46.25066,7.30672,34046.4,5.2,19.7,325.3,-32.4,0.3,-1.0,RS41-SG,403.500,11.8,375,10,2.7,-1,050103BC03753A504500
2023-08-09T12:47:29.001Z,T4240640,9156,46.25081,7.30657,34051.9,5.7,20.4,323.2,-32.4,0.3,-1.0,RS41-SG,403.500,12.1,375,10,2.7,-1,050103BC03763A504800
2023-08-09T12:47:30.001Z,T4240640,9157,46.25095,7.30640,34057.7,5.8,20.0,319.2,-32.4,0.3,-1.0,RS41-SG,403.500,12.1,375,10,2.7,-1,050103BC03772A504A00
2023-08-09T12:47:36.001Z,T4240640,9163,46.25157,7.30537,34040.8,-26.8,16.9,307.3,-32.4,0.3,-1.0,RS41-SG,403.500,9.9,375,10,2.7,-1,050103BC021ECA604300
2023-08-09T12:47:38.001Z,T4240640,9165,46.25176,7.30503,33969.5,-44.4,16.9,306.5,-32.3,0.3,-1.0,RS41-SG,403.500,10.9,375,8,2.6,-1,050103BC026F1A604500
2023-08-09T12:47:39.001Z,T4240640,9166,46.25186,7.30486,33921.5,-51.0,16.8,310.6,-32.3,0.3,-1.0,RS41-SG,403.500,10.9,375,7,2.7,-1,050103BC029EBA504900
2023-08-09T12:47:40.001Z,T4240640,9167,46.25193,7.30474,33870.8,-48.5,8.0,309.7,-32.4,0.3,-1.0,RS41-SG,403.500,10.2,375,10,2.7,-1,050103BC02E82A504300
2023-08-09T12:47:42.001Z,T4240640,9169,46.25200,7.30460,33768.6,-51.9,7.3,304.1,-32.1,0.2,-1.0,RS41-SG,403.500,10.3,375,10,2.7,-1,050103BC03B8AA503D00
2023-08-09T12:47:44.001Z,T4240640,9171,46.25210,7.30441,33662.0,-54.4,11.7,301.6,-32.1,0.3,-1.0,RS41-SG,403.500,10.0,375,10,2.6,-1,050103BC03C75A504900
2023-08-09T12:47:46.001Z,T4240640,9173,46.25222,7.30411,33547.4,-58.6,16.6,297.0,-32.1,0.3,-1.0,RS41-SG,403.500,10.8,375,10,2.7,-1,050103BC03B59A503E00
2023-08-09T12:47:48.001Z,T4240640,9175,46.25237,7.30370,33427.0,-59.8,18.5,295.3,-32.0,0.3,-1.0,RS41-SG,403.500,11.0,375,10,2.6,-1,050103BC03B78A504000
2023-08-09T12:47:49.001Z,T4240640,9176,46.25244,7.30347,33366.2,-61.0,20.0,293.3,-32.1,0.3,-1.0,RS41-SG,403.500,10.0,375,10,2.6,-1,050103BC03C71A504F00
2023-08-09T12:47:50.001Z,T4240640,9177,46.25251,7.30325,33303.9,-63.9,17.5,293.9,-32.4,0.3,-1.0,RS41-SG,403.500,10.0,375,10,2.6,-1,050103BC03C8AA504600
2023-08-09T12:47:51.001Z,T4240640,9178,46.25257,7.30305,33239.8,-63.6,16.4,292.3,-32.5,0.3,-1.0,RS41-SG,403.500,11.9,375,10,2.6,-1,050103BC03CC7A504E00
2023-08-09T12:47:52.001Z,T4240640,9179,46.25263,7.30287,33175.6,-64.5,14.3,297.4,-32.9,0.3,-1.0,RS41-SG,403.500,11.9,375,10,2.6,-1,050103BC03CC8A504600
2023-08-09T12:47:53.001Z,T4240640,9180,46.25268,7.30272,33111.8,-62.8,12.5,298.0,-33.3,0.3,-1.0,RS41-SG,403.500,12.9,375,10,2.6,-1,050103BC03D5EA504E00
2023-08-09T12:47:54.001Z,T4240640,9181,46.25274,7.30258,33049.7,-61.3,11.8,305.7,-34.0,0.3,-1.0,RS41-SG,403.500,12.9,375,10,2.6,-1,050103BC03BD8A504B00
2023-08-09T12:47:55.001Z,T4240640,9182,46.25280,7.30246,32990.0,-58.3,11.5,302.2,-34.7,0.3,-1.0,RS41-SG,403.500,12.6,375,10,2.6,-1,050103BC03D1DA504600
2023-08-09T12:47:56.001Z,T4240640,9183,46.25285,7.30232,32933.6,-54.0,13.2,300.4,-35.2,0.4,-1.0,RS41-SG,403.500,12.4,375,10,2.6,-1,050103BC03C72A504B00
2023-08-09T12:47:57.001Z,T4240640,9184,46.25291,7.30217,32880.7,-51.5,14.0,297.4,-35.4,0.3,-1.0,RS41-SG,403.500,12.4,375,10,2.6,-1,050103BC03C70A504700
2023-08-09T12:47:59.001Z,T4240640,9186,46.25301,7.30180,32778.3,-49.8,17.4,289.7,-35.7,0.3,-1.0,RS41-SG,403.500,11.1,375,10,2.6,-1,050103BC03BDAA504700
2023-08-09T12:48:00.001Z,T4240640,9187,46.25307,7.30158,32728.9,-48.5,18.1,291.2,-35.8,0.4,-1.0,RS41-SG,403.500,11.1,375,10,2.6,-1,050103BD03E08A504A00
2023-08-09T12:48:02.001Z,T4240640,9189,46.25319,7.30116,32635.6,-44.9,17.8,293.6,-36.0,0.4,-1.0,RS41-SG,403.500,10.3,375,10,2.6,-1,0501T29436060000006EI
2023-08-09T12:48:03.001Z,T4240640,9190,46.25325,7.30094,32590.7,-44.8,18.1,294.6,-36.0,0.4,-1.0,RS41-SG,403.500,10.3,375,10,2.6,-1,050103BD03B70A504C00
2023-08-09T12:48:04.001Z,T4240640,9191,46.25332,7.30073,32544.9,-46.1,17.9,297.7,-35.9,0.4,-1.0,RS41-SG,403.500,10.1,375,10,2.6,-1,050103BD03B51A504700
2023-08-09T12:48:05.001Z,T4240640,9192,46.25340,7.30054,32498.6,-46.4,17.0,299.5,-35.8,0.3,-1.0,RS41-SG,403.500,10.4,375,10,2.6,-1,050103BD03CCAA504D00
2023-08-09T12:48:08.001Z,T4240640,9195,46.25361,7.30001,32355.6,-47.3,15.2,299.8,-35.8,0.4,-1.0,RS41-SG,403.500,10.0,375,10,2.6,-1,050103BD03D16A504500
2023-08-09T12:48:24.001Z,T4240640,9211,46.25403,7.29714,31674.5,-42.8,12.3,278.8,-36.2,0.4,-1.0,RS41-SG,403.500,7.7,375,10,2.6,-1,050103BF041CCA504900
2023-08-09T12:48:25.001Z,T4240640,9212,46.25405,7.29699,31630.8,-44.2,11.5,282.2,-36.2,0.4,-1.0,RS41-SG,403.500,8.1,375,10,2.6,-1,050103BF04213A504200
2023-08-09T12:48:54.001Z,T4240640,9241,46.25466,7.29165,30388.5,-39.3,16.0,287.4,-39.4,0.4,-1.0,RS41-SG,403.500,8.5,375,10,2.6,-1,050103C104839A504000
2023-08-09T12:48:55.001Z,T4240640,9242,46.25471,7.29145,30348.8,-40.1,16.0,286.0,-39.5,0.5,-1.0,RS41-SG,403.500,9.9,375,9,2.6,-1,050103C1048D8A504B00
2023-08-09T12:48:58.001Z,T4240640,9245,46.25480,7.29091,30222.8,-43.0,11.9,275.6,-39.5,0.4,-1.0,RS41-SG,403.500,10.1,375,9,2.6,-1,050103C004895A504500
2023-08-09T12:49:08.001Z,T4240640,9255,46.25476,7.28954,29838.7,-40.9,13.7,293.4,-40.3,0.5,-1.0,RS41-SG,403.500,9.9,375,10,2.6,-1,050103BE04D22A504500
2023-08-09T12:49:09.001Z,T4240640,9256,46.25481,7.28938,29798.5,-39.8,13.6,296.4,-40.3,0.4,-1.0,RS41-SG,403.500,9.9,375,10,2.6,-1,050103BE04F71A504200
2023-08-09T12:49:10.001Z,T4240640,9257,46.25486,7.28922,29758.5,-40.3,13.0,295.0,-40.3,0.5,-1.0,RS41-SG,403.500,9.4,375,10,2.6,-1,050103BE0506AA504B00
2023-08-09T12:49:12.001Z,T4240640,9259,46.25492,7.28892,29683.0,-37.4,10.8,280.0,-40.4,0.5,-1.0,RS41-SG,403.500,9.4,375,10,2.6,-1,050103BD05044A504200
2023-08-09T12:49:14.001Z,T4240640,9261,46.25491,7.28865,29611.1,-34.8,9.3,259.7,-40.6,0.4,-1.0,RS41-SG,403.500,10.0,375,9,2.6,-1,050103BD050B7A504900
2023-08-09T12:49:15.001Z,T4240640,9262,46.25489,7.28853,29574.7,-37.4,10.3,256.3,-40.6,0.5,-1.0,RS41-SG,403.500,10.0,375,8,2.6,-1,050103BD04F61A504400
2023-08-09T12:49:17.001Z,T4240640,9264,46.25483,7.28828,29505.7,-35.0,10.4,252.5,-41.1,0.5,-1.0,RS41-SG,403.500,9.2,375,9,2.6,-1,050103BC0524DA504B00
2023-08-09T12:49:21.001Z,T4240640,9268,46.25474,7.28774,29382.5,-29.2,11.0,271.7,-42.4,0.5,-1.0,RS41-SG,403.500,9.3,375,9,2.6,-1,050103BB056DEA504900
2023-08-09T12:49:22.001Z,T4240640,9269,46.25474,7.28760,29353.7,-29.2,11.4,279.8,-42.6,0.5,-1.0,RS41-SG,403.500,9.9,375,10,2.7,-1,050103BB053FBA504100
2023-08-09T12:49:23.001Z,T4240640,9270,46.25476,7.28745,29324.7,-30.0,11.7,286.2,-42.9,0.5,-1.0,RS41-SG,403.500,9.9,375,10,2.6,-1,050103BB05255A505100
2023-08-09T12:49:24.001Z,T4240640,9271,46.25479,7.28730,29295.4,-29.4,12.2,291.5,-43.1,0.6,-1.0,RS41-SG,403.500,10.0,375,10,2.6,-1,050103BB052D9A504000
2023-08-09T12:49:26.001Z,T4240640,9273,46.25488,7.28700,29240.3,-26.5,12.3,299.6,-43.4,0.6,-1.0,RS41-SG,403.500,10.6,375,10,2.6,-1,050103BA05562A504500
2023-08-09T12:49:27.001Z,T4240640,9274,46.25493,7.28686,29213.8,-26.6,11.8,300.2,-43.4,0.6,-1.0,RS41-SG,403.500,11.2,375,10,2.6,-1,050103BA05603A504600
2023-08-09T12:49:28.001Z,T4240640,9275,46.25498,7.28673,29186.8,-27.7,11.2,297.9,-43.6,0.6,-1.0,RS41-SG,403.500,12.4,375,10,2.6,-1,050103BA05473A504100
2023-08-09T12:49:29.001Z,T4240640,9276,46.25503,7.28661,29158.1,-29.9,10.7,298.2,-43.8,0.6,-1.0,RS41-SG,403.500,12.4,375,10,2.6,-1,050103BA05244A504800
2023-08-09T12:49:30.001Z,T4240640,9277,46.25507,7.28649,29127.3,-30.9,9.8,296.9,-43.9,0.6,-1.0,RS41-SG,403.500,12.4,375,9,2.6,-1,050103BA053A5A504C00
2023-08-09T12:49:31.001Z,T4240640,9278,46.25510,7.28637,29095.4,-33.2,9.0,288.8,-43.9,0.6,-1.0,RS41-SG,403.500,12.1,375,9,2.6,-1,050103BA0558DA504A00
2023-08-09T12:49:32.001Z,T4240640,9279,46.25512,7.28627,29063.3,-30.4,7.7,274.6,-43.9,0.6,-1.0,RS41-SG,403.500,12.1,375,10,2.6,-1,050103B9058B7A504600
2023-08-09T12:49:33.001Z,T4240640,9280,46.25511,7.28617,29032.6,-30.5,7.3,260.9,-43.8,0.6,-1.0,RS41-SG,403.500,13.1,375,10,2.6,-1,050103B9058B3A504500
2023-08-09T12:49:34.001Z,T4240640,9281,46.25509,7.28608,29003.2,-28.9,8.0,247.6,-43.8,0.6,-1.0,RS41-SG,403.500,13.1,375,9,2.6,-1,050103B905960A504D00
2023-08-09T12:49:36.001Z,T4240640,9283,46.25501,7.28586,28946.6,-27.7,11.0,240.0,-43.6,0.6,-1.0,RS41-SG,403.500,11.1,375,9,2.5,-1,-1
2023-08-09T12:49:37.001Z,T4240640,9284,46.25496,7.28572,28919.6,-26.4,12.2,243.2,-43.5,0.6,-1.0,RS41-SG,403.500,11.0,375,9,2.7,-1,050103B9058D3A504100
2023-08-09T12:49:38.001Z,T4240640,9285,46.25491,7.28557,28893.4,-26.6,12.9,248.5,-43.4,0.6,-1.0,RS41-SG,403.500,10.8,375,10,2.6,-1,050103B90585BA504400
2023-08-09T12:49:39.001Z,T4240640,9286,46.25488,7.28541,28866.2,-27.2,12.4,257.1,-43.5,0.6,-1.0,RS41-SG,403.500,11.1,375,9,2.7,-1,050103B805838A504300
2023-08-09T12:49:40.001Z,T4240640,9287,46.25487,7.28526,28839.0,-27.1,11.5,268.7,-43.5,0.5,-1.0,RS41-SG,403.500,11.1,375,9,2.7,-1,050103B80587FA504B00
2023-08-09T12:49:42.001Z,T4240640,9289,46.25489,7.28499,28784.5,-27.2,9.5,290.6,-43.7,0.6,-1.0,RS41-SG,403.500,11.8,375,10,2.6,-1,050103B805BA0A504100
2023-08-09T12:49:43.001Z,T4240640,9290,46.25492,7.28489,28756.5,-28.7,8.2,296.3,-43.7,0.5,-1.0,RS41-SG,403.500,13.1,375,10,2.6,-1,050103B805AC9A504800
2023-08-09T12:49:44.001Z,T4240640,9291,46.25495,7.28480,28726.9,-30.7,7.1,300.2,-43.6,0.5,-1.0,RS41-SG,403.500,12.8,375,10,2.6,-1,050103B805950A504700
2023-08-09T12:49:45.001Z,T4240640,9292,46.25498,7.28472,28695.0,-33.0,5.8,295.3,-43.4,0.5,-1.0,RS41-SG,403.500,12.8,375,10,2.7,-1,050103B705932A504B00
2023-08-09T12:49:46.001Z,T4240640,9293,46.25499,7.28465,28663.5,-30.2,5.3,283.1,-43.3,0.5,-1.0,RS41-SG,403.500,12.8,375,10,2.7,-1,050103B705929A503F00
2023-08-09T12:49:48.001Z,T4240640,9295,46.25499,7.28451,28600.8,-31.8,6.3,247.2,-43.1,0.5,-1.0,RS41-SG,403.500,13.0,375,10,2.6,-1,050103B705A88A504300
2023-08-09T12:49:49.001Z,T4240640,9296,46.25496,7.28443,28569.1,-31.2,8.3,238.7,-43.0,0.5,-1.0,RS41-SG,403.500,13.0,375,10,2.6,-1,050103B705E8CA504E00
2023-08-09T12:49:50.001Z,T4240640,9297,46.25492,7.28433,28537.6,-32.2,9.3,243.3,-42.9,0.5,-1.0,RS41-SG,403.500,12.8,375,10,2.6,-1,050103B705C4BA504700
2023-08-09T12:49:51.001Z,T4240640,9298,46.25488,7.28421,28505.4,-31.1,11.0,244.0,-42.9,0.5,-1.0,RS41-SG,403.500,12.2,375,10,2.6,-1,050103B706042A504D00
2023-08-09T12:49:52.001Z,T4240640,9299,46.25484,7.28409,28474.4,-31.1,11.2,247.3,-42.8,0.5,-1.0,RS41-SG,403.500,11.3,375,10,2.7,-1,050103B705DBFA504000
2023-08-09T12:49:53.001Z,T4240640,9300,46.25480,7.28395,28443.8,-29.5,11.6,252.1,-42.8,0.5,-1.0,RS41-SG,403.500,11.3,375,10,2.6,-1,050103B60603DA504D00
2023-08-09T12:49:54.001Z,T4240640,9301,46.25478,7.28381,28414.0,-30.6,11.4,257.1,-42.8,0.5,-1.0,RS41-SG,403.500,12.4,375,10,2.6,-1,050103B605F59A504400
2023-08-09T12:49:55.001Z,T4240640,9302,46.25476,7.28367,28384.1,-29.5,10.9,260.3,-42.9,0.5,-1.0,RS41-SG,403.500,12.4,375,10,2.6,-1,050103B6061D0A504B00
2023-08-09T12:49:56.001Z,T4240640,9303,46.25474,7.28353,28352.8,-33.1,10.2,261.3,-42.9,0.5,-1.0,RS41-SG,403.500,11.6,375,10,2.6,-1,050103B606064A504500
2023-08-09T12:49:57.001Z,T4240640,9304,46.25473,7.28341,28321.1,-30.3,8.9,268.0,-42.9,0.5,-1.0,RS41-SG,403.500,11.4,375,10,2.7,-1,050103B606155A504200
2023-08-09T12:49:58.001Z,T4240640,9305,46.25473,7.28330,28289.4,-33.1,8.1,271.7,-42.9,0.5,-1.0,RS41-SG,403.500,11.1,375,10,2.7,-1,050103B605EC7A504A00
2023-08-09T12:50:00.001Z,T4240640,9307,46.25473,7.28310,28228.6,-28.5,7.0,271.7,-43.2,0.5,-1.0,RS41-SG,403.500,11.6,375,10,2.6,-1,050103B606238A504900
2023-08-09T12:50:01.001Z,T4240640,9308,46.25474,7.28301,28201.1,-26.5,6.9,278.5,-43.3,0.5,-1.0,RS41-SG,403.500,11.7,375,10,2.6,-1,050103B606662A503F00
2023-08-09T12:50:02.001Z,T4240640,9309,46.25475,7.28292,28174.9,-26.0,7.3,279.4,-43.4,0.6,-1.0,RS41-SG,403.500,12.0,375,10,2.6,-1,050103B6065B8A404800
2023-08-09T12:50:03.001Z,T4240640,9310,46.25476,7.28282,28148.8,-26.0,7.4,279.3,-43.4,0.6,-1.0,RS41-SG,403.500,12.0,375,10,2.7,-1,0501T29436060000006EI
2023-08-09T12:50:05.001Z,T4240640,9312,46.25478,7.28262,28094.7,-28.2,7.9,273.1,-43.3,0.5,-1.0,RS41-SG,403.500,10.9,375,8,2.6,-1,050103B6062E8A504800
2023-08-09T12:50:08.001Z,T4240640,9315,46.25479,7.28228,28002.3,-34.8,8.5,272.3,-43.1,0.5,-1.0,RS41-SG,403.500,10.0,375,10,2.6,-1,050103B60600DA504400
2023-08-09T12:50:09.001Z,T4240640,9316,46.25479,7.28217,27966.8,-36.3,8.0,266.6,-43.1,0.5,-1.0,RS41-SG,403.500,9.4,375,10,2.6,-1,050103B606072A504C00
2023-08-09T12:50:13.001Z,T4240640,9320,46.25474,7.28177,27837.2,-28.7,9.5,255.3,-43.3,0.5,-1.0,RS41-SG,403.500,9.7,375,10,2.6,-1,050103B60690DA504500
2023-08-09T12:50:16.001Z,T4240640,9323,46.25470,7.28146,27751.7,-28.5,4.9,263.5,-43.8,0.5,-1.0,RS41-SG,403.500,9.5,375,10,2.6,-1,050103B60673FA504900
2023-08-09T12:50:17.001Z,T4240640,9324,46.25470,7.28140,27723.6,-28.0,4.1,271.3,-44.0,0.6,-1.0,RS41-SG,403.500,8.3,375,10,2.6,-1,050103B70694FA504700
2023-08-09T12:50:19.001Z,T4240640,9326,46.25472,7.28130,27667.9,-27.9,4.1,303.5,-44.2,0.6,-1.0,RS41-SG,403.500,9.2,375,10,2.6,-1,050103B706B6FA504E00
2023-08-09T12:50:44.001Z,T4240640,9351,46.25567,7.27896,26992.1,-24.3,10.4,300.4,-47.1,0.7,-1.0,RS41-SG,403.500,8.8,375,10,2.6,-1,050103BA06EE0A504200
2023-08-09T12:50:46.001Z,T4240640,9353,46.25576,7.27873,26942.0,-24.9,10.2,297.0,-47.1,0.6,-1.0,RS41-SG,403.500,7.7,375,10,2.6,-1,050103BA0705AA504200
2023-08-09T12:50:50.001Z,T4240640,9357,46.25591,7.27818,26840.3,-24.5,13.6,290.6,-47.0,0.7,-1.0,RS41-SG,403.500,9.7,375,10,2.6,-1,050103BA06F74A504900
2023-08-09T12:50:51.001Z,T4240640,9358,46.25595,7.27802,26815.0,-26.0,13.5,287.5,-47.1,0.7,-1.0,RS41-SG,403.500,9.7,375,10,2.6,-1,050103BA06F83A504A00
2023-08-09T12:50:52.001Z,T4240640,9359,46.25598,7.27785,26790.2,-23.4,13.9,283.8,-47.2,0.7,-1.0,RS41-SG,403.500,8.8,375,10,2.6,-1,050103BA0721BA504900
2023-08-09T12:50:56.001Z,T4240640,9363,46.25597,7.27724,26692.8,-23.3,9.3,258.2,-47.2,0.7,-1.0,RS41-SG,403.500,8.7,375,10,2.6,-1,050103BA07144A504100
2023-08-09T12:50:57.001Z,T4240640,9364,46.25595,7.27713,26668.3,-25.4,8.0,257.4,-47.3,0.7,-1.0,RS41-SG,403.500,9.6,375,10,2.6,-1,050103BA06F73A504800
2023-08-09T12:50:58.001Z,T4240640,9365,46.25594,7.27704,26643.3,-24.5,6.9,252.1,-47.4,0.7,-1.0,RS41-SG,403.500,9.9,375,10,2.7,-1,050103BA06FB5A503E00
2023-08-09T12:51:03.001Z,T4240640,9370,46.25589,7.27655,26520.3,-25.8,9.1,272.5,-47.9,0.7,-1.0,RS41-SG,403.500,8.4,375,10,2.6,-1,0501T29436060000006EI
2023-08-09T12:51:09.001Z,T4240640,9376,46.25600,7.27577,26376.7,-23.8,11.4,293.1,-48.5,0.7,-1.0,RS41-SG,403.500,8.6,375,10,2.6,-1,050103B907050A504B00
2023-08-09T12:51:14.001Z,T4240640,9381,46.25622,7.27500,26259.4,-24.3,13.3,284.7,-49.1,0.8,-1.0,RS41-SG,403.500,10.3,375,10,2.6,-1,050103B8070CEA504800
2023-08-09T12:51:18.001Z,T4240640,9385,46.25623,7.27443,26163.4,-24.7,9.0,268.1,-49.3,0.8,-1.0,RS41-SG,403.500,9.6,375,10,2.6,-1,050103B7071C4A504900
2023-08-09T12:51:19.001Z,T4240640,9386,46.25623,7.27431,26139.2,-23.7,9.0,265.0,-49.3,0.8,-1.0,RS41-SG,403.500,9.4,375,10,2.6,-1,050103B707493A504200
2023-08-09T12:51:23.001Z,T4240640,9390,46.25625,7.27382,26044.4,-23.0,10.0,275.0,-49.4,0.8,-1.0,RS41-SG,403.500,8.8,375,10,2.6,-1,050103B707253A504400
2023-08-09T12:51:25.001Z,T4240640,9392,46.25627,7.27358,25997.2,-22.3,8.0,280.7,-49.3,0.8,-1.0,RS41-SG,403.500,8.9,375,10,2.6,-1,050103B7072BCA504700
2023-08-09T12:51:28.001Z,T4240640,9395,46.25634,7.27326,25927.4,-24.6,9.4,291.9,-49.0,0.8,-1.0,RS41-SG,403.500,9.3,375,10,2.7,-1,-1
2023-08-09T12:51:30.001Z,T4240640,9397,46.25638,7.27301,25879.0,-24.4,11.3,279.4,-48.9,0.7,-1.0,RS41-SG,403.500,10.5,375,10,2.6,-1,050103B6074F5A504900
2023-08-09T12:51:31.001Z,T4240640,9398,46.25640,7.27287,25855.6,-22.1,11.0,278.2,-48.9,0.7,-1.0,RS41-SG,403.500,10.5,375,10,2.6,-1,050103B6073D6A504500
2023-08-09T12:51:33.001Z,T4240640,9400,46.25639,7.27261,25807.0,-23.6,9.7,255.4,-48.6,0.7,-1.0,RS41-SG,403.500,9.8,375,10,2.7,-1,050103B60751AA504900
2023-08-09T12:51:35.001Z,T4240640,9402,46.25633,7.27241,25759.9,-22.8,7.7,234.0,-48.5,0.7,-1.0,RS41-SG,403.500,10.0,375,10,2.6,-1,050103B60745DA404500
2023-08-09T12:51:36.001Z,T4240640,9403,46.25630,7.27233,25737.4,-22.5,6.8,240.7,-48.6,0.7,-1.0,RS41-SG,403.500,10.0,375,10,2.6,-1,050103B60763DA503D00
2023-08-09T12:51:38.001Z,T4240640,9405,46.25625,7.27218,25694.6,-21.8,7.2,259.0,-48.7,0.7,-1.0,RS41-SG,403.500,10.0,375,10,2.6,-1,050103B6077F0A504000
2023-08-09T12:51:42.001Z,T4240640,9409,46.25629,7.27169,25602.6,-23.2,12.2,286.0,-49.2,0.8,-1.0,RS41-SG,403.500,10.3,375,10,2.6,-1,050103B607496A504B00
2023-08-09T12:51:45.001Z,T4240640,9412,46.25642,7.27126,25536.0,-21.5,11.2,302.8,-49.9,0.8,-1.0,RS41-SG,403.500,10.2,375,10,2.7,-1,050103B607683A504900
2023-08-09T12:51:46.001Z,T4240640,9413,46.25647,7.27115,25513.6,-23.1,9.4,306.1,-50.0,0.8,-1.0,RS41-SG,403.500,9.9,375,10,2.5,-1,050103B607637A504700
2023-08-09T12:51:47.001Z,T4240640,9414,46.25653,7.27106,25491.1,-21.4,9.7,309.0,-50.2,0.8,-1.0,RS41-SG,403.500,10.2,375,10,2.5,-1,050103B607437A504600
2023-08-09T12:51:49.001Z,T4240640,9416,46.25662,7.27088,25446.5,-22.0,7.5,299.4,-50.4,0.8,-1.0,RS41-SG,403.500,11.0,375,10,2.6,-1,050103B607791A404400
2023-08-09T12:51:50.001Z,T4240640,9417,46.25665,7.27080,25424.3,-22.0,7.8,294.2,-50.4,0.8,-1.0,RS41-SG,403.500,10.5,375,10,2.6,-1,050103B707934A504400
2023-08-09T12:51:52.001Z,T4240640,9419,46.25669,7.27061,25380.3,-20.8,8.0,277.1,-50.4,0.9,-1.0,RS41-SG,403.500,10.4,375,10,2.6,-1,050103B70794FA504900
2023-08-09T12:51:53.001Z,T4240640,9420,46.25670,7.27050,25358.9,-22.2,9.9,273.1,-50.3,0.9,-1.0,RS41-SG,403.500,10.3,375,10,2.6,-1,050103B807755A504100
2023-08-09T12:51:54.001Z,T4240640,9421,46.25671,7.27036,25337.3,-20.9,10.9,275.6,-50.2,0.8,-1.0,RS41-SG,403.500,9.6,375,10,2.6,-1,050103B807816A504A00
2023-08-09T12:51:57.001Z,T4240640,9424,46.25674,7.26994,25270.8,-23.0,12.1,273.5,-50.2,0.8,-1.0,RS41-SG,403.500,9.8,375,10,2.6,-1,050103B907687A504300
2023-08-09T12:51:58.001Z,T4240640,9425,46.25675,7.26978,25248.5,-21.4,12.8,280.0,-50.2,0.8,-1.0,RS41-SG,403.500,9.8,375,10,2.6,-1,050103B9077E0A504A00
2023-08-09T12:51:59.001Z,T4240640,9426,46.25677,7.26962,25226.2,-23.1,11.9,277.9,-50.2,0.9,-1.0,RS41-SG,403.500,9.6,375,10,2.6,-1,050103BA07685A504000
2023-08-09T12:52:00.001Z,T4240640,9427,46.25678,7.26947,25203.3,-22.7,11.9,273.1,-50.1,0.8,-1.0,RS41-SG,403.500,10.5,375,10,2.6,-1,050103BA0775DA504000
2023-08-09T12:52:01.001Z,T4240640,9428,46.25678,7.26932,25181.0,-21.6,11.4,274.2,-50.0,0.8,-1.0,RS41-SG,403.500,10.5,375,10,2.6,-1,050103BB077BAA504100
2023-08-09T12:52:03.001Z,T4240640,9430,46.25677,7.26903,25137.0,-21.0,12.4,259.1,-49.9,0.8,-1.0,RS41-SG,403.500,10.7,375,10,2.7,-1,050103BB078BDA504600
2023-08-09T12:52:04.001Z,T4240640,9431,46.25675,7.26887,25115.6,-21.9,12.3,257.3,-49.9,0.8,-1.0,RS41-SG,403.500,11.0,375,10,2.6,-1,0501T29436060000006EI
2023-08-09T12:52:05.001Z,T4240640,9432,46.25672,7.26872,25094.4,-20.4,12.0,251.8,-49.9,0.8,-1.0,RS41-SG,403.500,11.0,375,10,2.6,-1,050103BC079BDA504900
2023-08-09T12:52:06.001Z,T4240640,9433,46.25669,7.26857,25072.9,-22.5,12.7,252.4,-49.9,0.8,-1.0,RS41-SG,403.500,9.6,375,10,2.6,-1,050103BC076B0A504B00
2023-08-09T12:52:07.001Z,T4240640,9434,46.25666,7.26842,25050.4,-22.3,11.4,256.4,-50.0,0.8,-1.0,RS41-SG,403.500,9.9,375,10,2.6,-1,050103BC0788EA504900
2023-08-09T12:52:08.001Z,T4240640,9435,46.25663,7.26828,25027.5,-23.0,10.8,256.4,-50.3,0.8,-1.0,RS41-SG,403.500,9.9,375,10,2.6,08:25:55,050103BD078C8A504900
2023-08-09T12:52:09.001Z,T4240640,9436,46.25662,7.26814,25004.3,-23.1,10.9,261.2,-50.4,0.8,-1.0,RS41-SG,403.500,9.8,375,10,2.7,08:25:55,050103BD077DAA504700
2023-08-09T12:52:12.001Z,T4240640,9439,46.25655,7.26779,24937.6,-21.6,8.5,246.2,-50.6,0.8,-1.0,RS41-SG,403.500,9.6,375,10,2.6,08:25:55,050103BE07785A504800
2023-08-09T12:52:14.001Z,T4240640,9441,46.25649,7.26764,24890.9,-21.1,5.8,225.5,-50.8,0.8,-1.0,RS41-SG,403.500,10.1,375,10,2.6,08:25:55,050103BF07C12A504600
2023-08-09T12:52:20.001Z,T4240640,9447,46.25651,7.26745,24757.5,-21.5,6.2,324.6,-51.5,0.9,-1.0,RS41-SG,403.500,9.8,375,10,2.6,08:25:55,050103C0078D5A504600
2023-08-09T12:52:21.001Z,T4240640,9448,46.25656,7.26739,24735.3,-22.6,7.2,317.0,-51.6,0.9,-1.0,RS41-SG,403.500,9.8,375,10,2.6,08:25:55,050103C007896A504B00
2023-08-09T12:52:22.001Z,T4240640,9449,46.25660,7.26732,24714.7,-18.8,6.9,297.4,-51.8,0.9,-1.0,RS41-SG,403.500,9.3,375,10,2.6,08:25:55,050103C007BABA504700
2023-08-09T12:52:24.001Z,T4240640,9451,46.25663,7.26714,24673.4,-20.1,6.9,261.1,-52.0,0.9,-1.0,RS41-SG,403.500,9.8,375,10,2.6,08:25:55,050103C007BECA504900
2023-08-09T12:52:25.001Z,T4240640,9452,46.25662,7.26705,24652.0,-22.4,7.5,257.1,-52.0,0.9,-1.0,RS41-SG,403.500,9.8,375,10,2.6,08:25:55,050103C1078C7A504C00
2023-08-09T12:52:26.001Z,T4240640,9453,46.25660,7.26697,24630.2,-20.7,6.4,242.1,-52.1,0.9,-1.0,RS41-SG,403.500,9.5,375,10,2.7,08:25:55,050103C107C37A504300
2023-08-09T12:52:31.001Z,T4240640,9458,46.25664,7.26663,24520.9,-22.8,8.6,319.5,-52.5,1.0,-1.0,RS41-SG,403.500,8.1,375,10,2.6,08:25:55,050103C1079F7A504300
2023-08-09T12:52:35.001Z,T4240640,9462,46.25694,7.26624,24438.0,-20.4,11.9,311.2,-52.6,1.0,-1.0,RS41-SG,403.500,9.4,375,10,2.6,08:25:55,050103C20786AA503D00
2023-08-09T12:52:39.001Z,T4240640,9466,46.25711,7.26584,24358.1,-20.8,6.7,290.4,-52.7,1.0,-1.0,RS41-SG,403.500,9.4,375,10,2.6,08:25:55,050103C2078F9A503F00
2023-08-09T12:52:41.001Z,T4240640,9468,46.25715,7.26567,24315.8,-22.6,7.5,285.3,-53.0,1.0,-1.0,RS41-SG,403.500,8.8,375,10,2.6,08:25:55,050103C3076D0A504000
2023-08-09T12:52:44.001Z,T4240640,9471,46.25720,7.26529,24254.1,-21.6,12.2,271.3,-53.2,1.0,-1.0,RS41-SG,403.500,8.3,375,10,2.6,08:25:55,050103C30789EA504000
2023-08-09T12:52:50.001Z,T4240640,9477,46.25713,7.26439,24132.8,-19.3,9.1,262.8,-53.2,1.0,-1.0,RS41-SG,403.500,8.3,375,10,2.6,08:25:55,050103C3074C0A503C00
2023-08-09T12:52:54.001Z,T4240640,9481,46.25709,7.26402,24050.9,-19.4,5.5,255.7,-52.9,0.9,-1.0,RS41-SG,403.500,8.4,375,10,2.6,08:25:55,050103C3077B4A404300
2023-08-09T12:53:04.001Z,T4240640,9491,46.25696,7.26327,23856.2,-18.8,5.0,260.1,-52.7,0.9,-1.0,RS41-SG,403.500,8.7,375,10,2.6,08:25:55,0501T29436060000006EI
2023-08-09T12:53:09.001Z,T4240640,9496,46.25700,7.26292,23758.0,-17.8,5.9,286.4,-52.9,0.9,-1.0,RS41-SG,403.500,9.6,375,10,2.6,08:25:55,050103C30771DA504800
2023-08-09T12:53:11.001Z,T4240640,9498,46.25703,7.26280,23721.1,-18.1,3.3,296.7,-52.9,0.9,-1.0,RS41-SG,403.500,9.6,375,10,2.6,08:25:55,050103C307794A504400
2023-08-09T12:53:14.001Z,T4240640,9501,46.25709,7.26273,23663.8,-20.3,2.9,316.3,-52.8,0.9,-1.0,RS41-SG,403.500,8.7,375,10,2.6,08:25:55,050103C3075A8A504B00
2023-08-09T12:53:15.001Z,T4240640,9502,46.25711,7.26270,23644.5,-17.8,3.2,315.1,-52.8,0.9,-1.0,RS41-SG,403.500,8.7,375,10,2.6,08:25:55,050103C2076E4A504300
2023-08-09T12:53:16.001Z,T4240640,9503,46.25713,7.26267,23625.7,-19.2,2.7,286.1,-52.7,0.9,-1.0,RS41-SG,403.500,9.0,375,10,2.6,08:25:55,050103C2075B8A504A00
2023-08-09T12:53:17.001Z,T4240640,9504,46.25713,7.26262,23606.2,-19.7,4.0,268.5,-52.6,0.9,-1.0,RS41-SG,403.500,9.0,375,10,2.6,08:25:55,050103C207735A504100
