timestamp,serial,frame,lat,lon,alt,vel_v,vel_h,heading,temp,humidity,pressure,type,freq_mhz,snr,f_error_hz,sats,batt_v,burst_timer,aux_data
2023-07-21T12:34:19.001Z,T4230303,7560,47.08226,7.59092,32806.8,6.8,14.9,279.6,-273.0,-1.0,-1.0,RS41,403.500,7.4,187,11,2.7,-1,0501058C04430A405300
2023-07-21T12:34:34.001Z,T4230303,7575,47.08250,7.58838,32892.7,4.9,11.2,258.3,-273.0,-1.0,-1.0,RS41,403.500,8.1,187,11,2.7,-1,050105890435AA405B00
2023-07-21T12:34:35.001Z,T4230303,7576,47.08248,7.58825,32897.3,4.5,9.8,248.0,-273.0,-1.0,-1.0,RS41,403.500,8.2,187,11,2.6,-1,0501058804355A405800
2023-07-21T12:34:48.001Z,T4230303,7589,47.08280,7.58584,32971.1,4.1,11.0,262.2,-273.0,-1.0,-1.0,RS41,403.500,8.2,187,11,2.6,-1,05010586041CCA405600
2023-07-21T12:34:49.001Z,T4230303,7590,47.08278,7.58571,32975.1,4.5,10.4,251.2,-273.0,-1.0,-1.0,RS41,403.500,8.0,187,11,2.7,-1,050105850416DA405200
2023-07-21T12:34:55.001Z,T4230303,7596,47.08279,7.58461,33010.2,3.6,20.5,288.4,-273.0,-1.0,-1.0,RS41,403.500,9.1,187,11,2.6,-1,05010584040FAA405A00
2023-07-21T12:34:57.001Z,T4230303,7598,47.08292,7.58410,33018.1,4.8,21.1,293.6,-273.0,-1.0,-1.0,RS41,403.500,9.1,187,11,2.7,-1,050105830412EA405900
2023-07-21T12:34:58.001Z,T4230303,7599,47.08299,7.58385,33023.4,6.0,19.0,293.4,-273.0,-1.0,-1.0,RS41,403.500,9.9,187,11,2.7,-1,050105830416DA405600
2023-07-21T12:35:00.001Z,T4230303,7601,47.08310,7.58345,33035.0,5.9,13.3,285.7,-273.0,-1.0,-1.0,RS41,403.500,9.7,187,11,2.6,-1,0501058304174A404B00
2023-07-21T12:35:01.001Z,T4230303,7602,47.08312,7.58330,33040.6,5.3,11.0,278.6,-273.0,-1.0,-1.0,RS41,403.500,9.7,187,11,2.6,-1,050105820412AA405600
2023-07-21T12:35:02.001Z,T4230303,7603,47.08313,7.58316,33045.7,5.0,9.5,271.2,-273.0,-1.0,-1.0,RS41,403.500,8.8,187,11,2.7,-1,05010582040D8A405400
2023-07-21T12:35:03.001Z,T4230303,7604,47.08313,7.58304,33050.8,5.5,9.6,265.0,-273.0,-1.0,-1.0,RS41,403.500,8.6,187,11,2.7,-1,0501058204084A405200
2023-07-21T12:35:04.001Z,T4230303,7605,47.08312,7.58291,33056.6,6.4,10.7,267.4,-273.0,-1.0,-1.0,RS41,403.500,8.4,187,11,2.7,-1,05010582040CBA405900
2023-07-21T12:35:05.001Z,T4230303,7606,47.08313,7.58275,33063.0,6.5,12.9,273.5,-35.2,-1.0,-1.0,RS41,403.500,8.1,187,11,2.7,-1,05010581040DDA404E00
2023-07-21T12:35:06.001Z,T4230303,7607,47.08314,7.58257,33069.1,5.9,15.7,279.6,-35.1,-1.0,-1.0,RS41,403.500,9.2,187,11,2.6,-1,0501058104100A405700
2023-07-21T12:35:07.001Z,T4230303,7608,47.08317,7.58235,33074.5,5.3,18.9,284.6,-35.1,-1.0,-1.0,RS41,403.500,9.2,187,11,2.6,-1,05010581040ECA405800
2023-07-21T12:35:08.001Z,T4230303,7609,47.08323,7.58210,33079.6,4.7,21.3,289.1,-35.1,-1.0,-1.0,RS41,403.500,10.6,187,11,2.7,-1,05010581040E5A405A00
2023-07-21T12:35:09.001Z,T4230303,7610,47.08329,7.58183,33084.2,4.4,22.7,291.6,-35.1,-1.0,-1.0,RS41,403.500,10.6,187,11,2.7,-1,050105800408AA404C00
2023-07-21T12:35:10.001Z,T4230303,7611,47.08337,7.58156,33088.9,5.3,22.5,293.4,-35.1,-1.0,-1.0,RS41,403.500,9.9,187,11,2.7,-1,050105800406FA405500
2023-07-21T12:35:11.001Z,T4230303,7612,47.08345,7.58130,33094.7,6.4,20.3,293.9,-35.1,-1.0,-1.0,RS41,403.500,9.9,187,10,2.7,-1,050105800405DA405200
2023-07-21T12:35:13.001Z,T4230303,7614,47.08356,7.58090,33107.4,5.8,13.0,289.7,-35.0,-1.0,-1.0,RS41,403.500,10.7,187,10,2.6,-1,0501057F0405DA405800
2023-07-21T12:35:14.001Z,T4230303,7615,47.08359,7.58075,33113.1,5.2,9.4,281.7,-35.0,-1.0,-1.0,RS41,403.500,10.7,187,11,2.6,-1,0501057F04019A404D00
2023-07-21T12:35:15.001Z,T4230303,7616,47.08360,7.58065,33118.0,4.5,7.2,268.1,-35.0,-1.0,-1.0,RS41,403.500,9.8,187,11,2.7,-1,0501057F03FC4A405400
2023-07-21T12:35:16.001Z,T4230303,7617,47.08359,7.58056,33122.3,4.5,6.4,255.7,-35.0,-1.0,-1.0,RS41,403.500,9.8,187,11,2.7,-1,0501057F03F8DA405900
2023-07-21T12:35:17.001Z,T4230303,7618,47.08357,7.58047,33127.1,5.5,7.4,250.7,-35.0,-1.0,-1.0,RS41,403.500,9.8,187,11,2.7,-1,0501057E03F6DA405A00
2023-07-21T12:35:18.001Z,T4230303,7619,47.08355,7.58036,33133.3,6.7,9.0,261.3,-34.9,-1.0,-1.0,RS41,403.500,9.0,187,11,2.7,-1,0501057E03F98A404B00
2023-07-21T12:35:19.001Z,T4230303,7620,47.08355,7.58022,33139.8,6.5,12.2,268.8,-34.8,-1.0,-1.0,RS41,403.500,8.7,187,11,2.6,-1,0501057E03FBAA405600
2023-07-21T12:35:20.001Z,T4230303,7621,47.08355,7.58004,33146.0,5.8,15.7,278.2,-34.7,-1.0,-1.0,RS41,403.500,8.7,187,11,2.6,-1,0501T24339510000006EI
2023-07-21T12:35:21.001Z,T4230303,7622,47.08359,7.57982,33151.5,4.7,19.0,283.8,-34.6,-1.0,-1.0,RS41,403.500,8.7,187,11,2.7,-1,0501057E03FA8A405200
2023-07-21T12:35:22.001Z,T4230303,7623,47.08364,7.57956,33155.9,4.3,21.7,287.3,-34.6,-1.0,-1.0,RS41,403.500,8.8,187,11,2.7,-1,0501057D03F39A405800
2023-07-21T12:35:23.001Z,T4230303,7624,47.08370,7.57929,33160.4,5.1,23.1,289.6,-34.5,-1.0,-1.0,RS41,403.500,10.1,187,11,2.7,-1,0501057D03F44A404B00
2023-07-21T12:35:24.001Z,T4230303,7625,47.08377,7.57901,33166.6,7.0,22.0,289.1,-34.6,-1.0,-1.0,RS41,403.500,10.1,187,11,2.7,-1,0501057D03F5FA405800
2023-07-21T12:35:25.001Z,T4230303,7626,47.08382,7.57875,33174.1,8.1,19.4,286.9,-34.6,-1.0,-1.0,RS41,403.500,10.3,187,11,2.6,-1,0501057D03F4DA405200
2023-07-21T12:35:26.001Z,T4230303,7627,47.08386,7.57853,33182.0,7.8,15.7,282.2,-34.6,-1.0,-1.0,RS41,403.500,10.3,187,10,2.6,-1,0501057C03F54A405300
2023-07-21T12:35:27.001Z,T4230303,7628,47.08388,7.57835,33188.8,6.2,12.2,273.0,-34.5,-1.0,-1.0,RS41,403.500,9.9,187,9,2.7,-1,0501057C03F3EA405000
2023-07-21T12:35:28.001Z,T4230303,7629,47.08388,7.57821,33193.9,4.1,9.5,259.4,-34.5,-1.0,-1.0,RS41,403.500,9.6,187,9,2.7,-1,0501057C03EF7A405B00
2023-07-21T12:35:33.001Z,T4230303,7634,47.08373,7.57770,33219.6,7.0,11.5,268.7,-34.3,-1.0,-1.0,RS41,403.500,8.3,187,11,2.6,-1,0501057B03F10A405400
2023-07-21T12:35:35.001Z,T4230303,7636,47.08376,7.57732,33231.8,5.1,17.5,282.9,-34.1,-1.0,-1.0,RS41,403.500,8.5,187,11,2.7,-1,0501057A03E3FA405500
2023-07-21T12:35:36.001Z,T4230303,7637,47.08380,7.57708,33236.6,4.7,19.8,284.4,-34.1,-1.0,-1.0,RS41,403.500,8.5,187,11,2.7,-1,0501057A03E76A405400
2023-07-21T12:35:37.001Z,T4230303,7638,47.08385,7.57682,33241.7,5.7,20.8,284.7,-34.0,-1.0,-1.0,RS41,403.500,10.9,187,11,2.7,-1,0501057A03E69A405B00
2023-07-21T12:35:38.001Z,T4230303,7639,47.08389,7.57656,33247.9,7.0,20.0,282.8,-34.0,-1.0,-1.0,RS41,403.500,10.9,187,11,2.6,-1,0501057903E87A405600
2023-07-21T12:35:39.001Z,T4230303,7640,47.08393,7.57632,33255.1,7.5,17.7,277.9,-34.0,-1.0,-1.0,RS41,403.500,10.1,187,11,2.6,-1,0501057903E9AA404D00
2023-07-21T12:35:40.001Z,T4230303,7641,47.08394,7.57611,33262.1,7.1,14.8,270.6,-34.0,-1.0,-1.0,RS41,403.500,10.0,187,11,2.7,-1,0501057903E9DA405300
2023-07-21T12:35:41.001Z,T4230303,7642,47.08393,7.57594,33268.6,6.0,11.9,260.2,-33.9,-1.0,-1.0,RS41,403.500,9.2,187,11,2.7,-1,0501057903E9AA405800
2023-07-21T12:35:42.001Z,T4230303,7643,47.08391,7.57580,33274.1,5.1,9.5,247.9,-33.9,-1.0,-1.0,RS41,403.500,9.2,187,11,2.7,-1,0501057903E4EA405400
2023-07-21T12:35:43.001Z,T4230303,7644,47.08387,7.57570,33278.9,4.7,7.9,238.0,-33.9,-1.0,-1.0,RS41,403.500,8.9,187,11,2.7,-1,0501057803E1BA404C00
2023-07-21T12:35:44.001Z,T4230303,7645,47.08383,7.57562,33284.0,5.7,6.9,236.9,-33.9,-1.0,-1.0,RS41,403.500,7.9,187,11,2.6,-1,0501057803DF1A405500
2023-07-21T12:35:48.001Z,T4230303,7649,47.08383,7.57514,33309.9,5.8,15.3,285.9,-33.9,-1.0,-1.0,RS41,403.500,7.9,187,11,2.7,-1,0501057703ECAA404C00
2023-07-21T12:35:50.001Z,T4230303,7651,47.08392,7.57469,33319.9,5.0,20.2,286.6,-33.9,-1.0,-1.0,RS41,403.500,8.9,187,11,2.7,-1,0501057703ECEA405400
2023-07-21T12:35:56.001Z,T4230303,7657,47.08388,7.57339,33356.5,3.8,12.3,232.0,-33.9,-1.0,-1.0,RS41,403.500,9.3,187,11,2.7,-1,-1
2023-07-21T12:35:57.001Z,T4230303,7658,47.08381,7.57327,33360.5,4.3,11.6,225.6,-33.9,-1.0,-1.0,RS41,403.500,9.3,187,11,2.6,-1,0501057503E1AA405200
2023-07-21T12:35:59.001Z,T4230303,7660,47.08370,7.57305,33372.0,6.9,10.3,242.5,-33.9,-1.0,-1.0,RS41,403.500,9.2,187,11,2.7,-1,0501057503E2FA405900
2023-07-21T12:36:00.001Z,T4230303,7661,47.08367,7.57291,33378.8,6.7,11.7,259.8,-33.9,-1.0,-1.0,RS41,403.500,9.2,187,11,2.7,-1,0501057503E2AA405700
2023-07-21T12:36:02.001Z,T4230303,7663,47.08368,7.57254,33390.2,4.9,17.5,280.3,-33.9,-1.0,-1.0,RS41,403.500,8.0,187,11,2.7,-1,0501057403E2AA405200
2023-07-21T12:36:03.001Z,T4230303,7664,47.08372,7.57230,33395.1,4.6,20.3,285.1,-33.9,-1.0,-1.0,RS41,403.500,9.9,187,11,2.7,-1,0501057403E19A404F00
2023-07-21T12:36:04.001Z,T4230303,7665,47.08376,7.57203,33400.2,5.1,21.8,284.8,-33.9,-1.0,-1.0,RS41,403.500,9.9,187,11,2.6,-1,0501057403DF3A405B00
2023-07-21T12:36:05.001Z,T4230303,7666,47.08381,7.57176,33406.1,6.7,21.6,283.0,-33.9,-1.0,-1.0,RS41,403.500,10.7,187,11,2.6,-1,0501057403DD4A404F00
2023-07-21T12:36:06.001Z,T4230303,7667,47.08384,7.57150,33413.4,8.2,19.4,277.9,-33.8,-1.0,-1.0,RS41,403.500,10.7,187,11,2.7,-1,0501057303DAFA405600
2023-07-21T12:36:07.001Z,T4230303,7668,47.08386,7.57126,33421.2,7.8,16.0,271.1,-33.8,-1.0,-1.0,RS41,403.500,10.6,187,10,2.7,-1,0501057303D75A405800
2023-07-21T12:36:08.001Z,T4230303,7669,47.08385,7.57107,33428.2,6.5,13.3,258.5,-33.7,-1.0,-1.0,RS41,403.500,10.3,187,9,2.7,-1,0501057303D72A404E00
2023-07-21T12:36:10.001Z,T4230303,7671,47.08375,7.57081,33438.3,4.1,10.4,224.4,-33.7,-1.0,-1.0,RS41,403.500,9.2,187,9,2.6,-1,0501057303CC4A405300
2023-07-21T12:36:11.001Z,T4230303,7672,47.08368,7.57072,33443.0,5.3,10.7,214.6,-33.7,-1.0,-1.0,RS41,403.500,9.0,187,10,2.6,-1,0501057203CD9A405800
2023-07-21T12:36:23.001Z,T4230303,7684,47.08349,7.56814,33526.4,5.9,10.5,262.9,-33.6,-1.0,-1.0,RS41-SG,403.500,8.3,187,11,2.6,-1,0501057003C27A405400
2023-07-21T12:36:24.001Z,T4230303,7685,47.08347,7.56802,33531.8,5.1,8.0,248.4,-33.6,-1.0,-1.0,RS41-SG,403.500,8.3,187,11,2.6,-1,0501056F03C2DA404C00
2023-07-21T12:36:25.001Z,T4230303,7686,47.08344,7.56793,33537.0,5.6,7.4,235.3,-33.6,-1.0,-1.0,RS41-SG,403.500,9.2,187,11,2.7,-1,0501056F03C1BA405700
2023-07-21T12:36:37.001Z,T4230303,7698,47.08354,7.56539,33615.8,5.0,9.1,293.9,-33.7,-1.0,-1.0,RS41-SG,403.500,9.2,187,10,2.6,-1,0501056D03B1FA404D00
2023-07-21T12:36:38.001Z,T4230303,7699,47.08356,7.56530,33620.8,4.7,5.7,288.9,-33.7,-1.0,-1.0,RS41-SG,403.500,9.2,187,10,2.7,-1,0501056C03B1EA405800
2023-07-21T12:36:39.001Z,T4230303,7700,47.08357,7.56523,33626.0,6.0,4.2,266.6,-33.7,-1.0,-1.0,RS41-SG,403.500,9.2,187,10,2.7,-1,0501056C03B12A405700
2023-07-21T12:36:40.001Z,T4230303,7701,47.08356,7.56517,33632.8,7.8,5.6,247.4,-33.7,-1.0,-1.0,RS41-SG,403.500,8.0,187,10,2.7,-1,0501056C03B04A405500
2023-07-21T12:36:51.001Z,T4230303,7712,47.08366,7.56268,33715.1,5.6,9.4,287.6,-33.9,-1.0,-1.0,RS41-SG,403.500,9.3,187,11,2.7,-1,05010569039E8A404C00
2023-07-21T12:36:52.001Z,T4230303,7713,47.08368,7.56258,33720.2,5.0,6.5,281.2,-33.9,-1.0,-1.0,RS41-SG,403.500,9.3,187,11,2.7,-1,05010569039A3A405500
2023-07-21T12:36:53.001Z,T4230303,7714,47.08369,7.56249,33725.5,5.9,5.8,263.3,-33.9,-1.0,-1.0,RS41-SG,403.500,9.3,187,11,2.7,-1,05010569039A2A405700
2023-07-21T12:36:54.001Z,T4230303,7715,47.08368,7.56241,33731.8,6.9,7.7,252.3,-33.8,-1.0,-1.0,RS41-SG,403.500,8.5,187,11,2.7,-1,05010569039C2A405500
2023-07-21T12:36:57.001Z,T4230303,7718,47.08360,7.56190,33753.2,6.4,19.0,262.4,-33.7,-1.0,-1.0,RS41-SG,403.500,7.6,187,11,2.6,-1,05010568039EAA405600
2023-07-21T12:36:59.001Z,T4230303,7720,47.08358,7.56132,33764.6,5.5,25.0,271.2,-33.7,-1.0,-1.0,RS41-SG,403.500,9.0,187,11,2.7,-1,05010567039ECA405300
2023-07-21T12:37:04.001Z,T4230303,7725,47.08377,7.56000,33803.3,6.9,11.8,292.9,-33.4,-1.0,-1.0,RS41-SG,403.500,9.6,187,11,2.7,-1,0501056603979A404F00
2023-07-21T12:37:06.001Z,T4230303,7727,47.08383,7.55981,33814.7,5.2,5.0,300.3,-33.3,-1.0,-1.0,RS41-SG,403.500,8.6,187,10,2.7,-1,0501056603941A405A00
2023-07-21T12:37:07.001Z,T4230303,7728,47.08385,7.55976,33820.4,6.5,3.7,288.4,-33.3,-1.0,-1.0,RS41-SG,403.500,8.2,187,10,2.7,-1,0501056603916A405500
2023-07-21T12:37:14.001Z,T4230303,7735,47.08393,7.55843,33868.9,5.8,25.6,280.4,-33.0,-1.0,-1.0,RS41-SG,403.500,8.9,187,11,2.7,-1,05010564038AFA405800
2023-07-21T12:37:18.001Z,T4230303,7739,47.08408,7.55738,33899.7,6.7,12.9,280.9,-32.6,-1.0,-1.0,RS41-SG,403.500,8.8,187,8,2.7,-1,050105630389DA404C00
2023-07-21T12:37:19.001Z,T4230303,7740,47.08410,7.55724,33905.7,5.5,8.7,275.8,-32.5,-1.0,-1.0,RS41-SG,403.500,8.8,187,8,2.7,-1,0501056303883A405900
2023-07-21T12:37:20.001Z,T4230303,7741,47.08410,7.55715,33910.8,4.7,5.6,265.5,-32.5,-1.0,-1.0,RS41-SG,403.500,8.5,187,9,2.7,-1,0501056303886A405700
2023-07-21T12:37:21.001Z,T4230303,7742,47.08409,7.55708,33915.9,5.6,4.3,246.2,-32.5,-1.0,-1.0,RS41-SG,403.500,8.0,187,9,2.7,-1,0501T24339510000006EI
2023-07-21T12:37:34.001Z,T4230303,7755,47.08416,7.55436,34006.2,3.9,7.0,251.7,-32.1,-1.0,-1.0,RS41-SG,403.500,8.1,187,11,2.7,-1,0501056003802A405B00
2023-07-21T12:37:42.001Z,T4230303,7763,47.08409,7.55304,34061.0,4.4,27.1,283.1,-32.1,-1.0,-1.0,RS41-SG,403.500,9.6,187,11,2.6,-1,0501055E03800A404C00
2023-07-21T12:37:44.001Z,T4230303,7765,47.08420,7.55232,34074.1,9.3,26.7,284.8,-32.2,-1.0,-1.0,RS41-SG,403.500,9.4,187,11,2.7,-1,0501055E037DEA404E00
2023-07-21T12:37:46.001Z,T4230303,7767,47.08429,7.55172,34093.8,9.0,18.2,278.7,-32.1,-1.0,-1.0,RS41-SG,403.500,9.6,187,11,2.7,-1,0501055D037D3A405800
2023-07-21T12:37:47.001Z,T4230303,7768,47.08430,7.55151,34101.5,6.3,13.7,271.2,-32.1,-1.0,-1.0,RS41-SG,403.500,9.6,187,11,2.7,-1,0501055D0377FA405200
2023-07-21T12:37:49.001Z,T4230303,7770,47.08425,7.55125,34110.6,3.1,7.2,230.6,-32.1,-1.0,-1.0,RS41-SG,403.500,10.4,187,11,2.6,-1,0501055D0373EA404E00
2023-07-21T12:37:50.001Z,T4230303,7771,47.08420,7.55118,34114.1,3.9,6.5,208.9,-32.1,-1.0,-1.0,RS41-SG,403.500,9.3,187,11,2.7,-1,0501055D03747A404F00
2023-07-21T12:37:54.001Z,T4230303,7775,47.08410,7.55086,34142.0,6.9,12.0,279.6,-32.1,-1.0,-1.0,RS41-SG,403.500,10.3,187,9,2.7,-1,0501055C0374FA405800
2023-07-21T12:37:55.001Z,T4230303,7776,47.08413,7.55068,34147.9,5.0,16.3,287.3,-32.0,-1.0,-1.0,RS41-SG,403.500,10.3,187,10,2.6,-1,0501055B03726A405700
2023-07-21T12:37:56.001Z,T4230303,7777,47.08418,7.55045,34152.3,3.8,20.5,290.8,-32.0,-1.0,-1.0,RS41-SG,403.500,9.6,187,9,2.6,-1,0501055B036EAA405600
2023-07-21T12:37:57.001Z,T4230303,7778,47.08425,7.55017,34156.7,4.6,23.7,291.4,-32.0,-1.0,-1.0,RS41-SG,403.500,10.8,187,9,2.7,-1,0501055B036EFA405000
2023-07-21T12:37:58.001Z,T4230303,7779,47.08432,7.54987,34162.6,7.1,24.7,291.6,-32.0,-1.0,-1.0,RS41-SG,403.500,11.4,187,8,2.7,-1,0501055B036FDA405400
2023-07-21T12:37:59.001Z,T4230303,7780,47.08439,7.54957,34171.0,9.4,23.1,288.3,-31.9,-1.0,-1.0,RS41-SG,403.500,11.4,187,9,2.7,-1,0501055B03709A405700
2023-07-21T12:38:00.001Z,T4230303,7781,47.08444,7.54929,34180.7,10.0,19.8,282.3,-31.9,-1.0,-1.0,RS41-SG,403.500,11.0,187,10,2.7,-1,0501055A03701A405500
2023-07-21T12:38:01.001Z,T4230303,7782,47.08446,7.54905,34190.2,8.7,16.5,272.5,-31.8,-1.0,-1.0,RS41-SG,403.500,11.2,187,10,2.6,-1,0501055A036DFA405800
2023-07-21T12:38:02.001Z,T4230303,7783,47.08444,7.54884,34197.8,6.6,13.7,259.0,-31.8,-1.0,-1.0,RS41-SG,403.500,11.2,187,9,2.6,-1,0501055A036D7A405800
2023-07-21T12:38:03.001Z,T4230303,7784,47.08440,7.54868,34203.4,4.9,12.0,241.5,-31.8,-1.0,-1.0,RS41-SG,403.500,10.6,187,10,2.7,-1,0501055A036C1A404E00
2023-07-21T12:38:04.001Z,T4230303,7785,47.08433,7.54855,34208.0,4.5,11.4,225.2,-31.8,-1.0,-1.0,RS41-SG,403.500,9.7,187,11,2.7,-1,0501055A036B7A405A00
2023-07-21T12:38:05.001Z,T4230303,7786,47.08425,7.54845,34213.3,6.3,10.9,219.0,-31.8,-1.0,-1.0,RS41-SG,403.500,9.7,187,11,2.7,-1,05010559036A0A405000
2023-07-21T12:38:10.001Z,T4230303,7791,47.08417,7.54769,34250.8,4.3,20.0,290.2,-31.8,-1.0,-1.0,RS41-SG,403.500,8.3,187,11,2.7,-1,0501055803640A405200
2023-07-21T12:38:11.001Z,T4230303,7792,47.08424,7.54742,34254.8,3.4,23.9,292.3,-31.8,-1.0,-1.0,RS41-SG,403.500,10.5,187,10,2.7,-1,0501055803611A404C00
2023-07-21T12:38:12.001Z,T4230303,7793,47.08432,7.54712,34258.9,4.7,26.2,293.0,-31.8,-1.0,-1.0,RS41-SG,403.500,12.0,187,11,2.7,-1,0501055803602A405900
2023-07-21T12:38:13.001Z,T4230303,7794,47.08440,7.54680,34264.8,7.2,26.3,289.8,-31.9,-1.0,-1.0,RS41-SG,403.500,12.0,187,10,2.7,-1,05010558035F4A405600
2023-07-21T12:38:14.001Z,T4230303,7795,47.08446,7.54648,34272.7,8.8,24.2,282.8,-31.9,-1.0,-1.0,RS41-SG,403.500,10.8,187,10,2.6,-1,05010558035F1A405400
2023-07-21T12:38:15.001Z,T4230303,7796,47.08449,7.54619,34281.0,8.2,21.2,272.8,-31.8,-1.0,-1.0,RS41-SG,403.500,10.8,187,10,2.6,-1,05010557035F2A405500
2023-07-21T12:38:16.001Z,T4230303,7797,47.08448,7.54593,34287.8,6.2,18.7,261.4,-31.8,-1.0,-1.0,RS41-SG,403.500,10.4,187,11,2.7,-1,0501055703603A404C00
2023-07-21T12:38:17.001Z,T4230303,7798,47.08444,7.54571,34293.0,4.5,16.7,247.5,-31.8,-1.0,-1.0,RS41-SG,403.500,10.5,187,11,2.7,-1,05010557035E4A404D00
2023-07-21T12:38:18.001Z,T4230303,7799,47.08437,7.54553,34297.0,3.7,15.4,232.3,-31.8,0.0,-1.0,RS41-SG,403.500,10.5,187,10,2.7,-1,05010557035E4A405800
2023-07-21T12:38:19.001Z,T4230303,7800,47.08428,7.54539,34300.9,4.7,14.3,222.8,-31.8,0.0,-1.0,RS41-SG,403.500,9.9,187,11,2.7,-1,05010557035D7A405500
2023-07-21T12:38:24.001Z,T4230303,7805,47.08410,7.54464,34341.0,5.6,17.8,287.3,-31.5,0.0,-1.0,RS41-SG,403.500,8.7,187,11,2.7,-1,050105560355EA405900
2023-07-21T12:38:25.001Z,T4230303,7806,47.08416,7.54440,34345.4,3.5,21.7,292.9,-31.4,0.0,-1.0,RS41-SG,403.500,9.5,187,11,2.7,-1,0501055503526A405400
2023-07-21T12:38:26.001Z,T4230303,7807,47.08425,7.54412,34348.5,3.1,25.0,294.8,-31.3,0.0,-1.0,RS41-SG,403.500,10.1,187,11,2.7,-1,0501055503532A404C00
2023-07-21T12:38:27.001Z,T4230303,7808,47.08434,7.54381,34352.5,5.2,26.6,293.2,-31.3,0.0,-1.0,RS41-SG,403.500,11.1,187,11,2.7,-1,0501055503527A405600
2023-07-21T12:38:28.001Z,T4230303,7809,47.08443,7.54349,34358.7,7.4,25.6,289.0,-31.3,0.0,-1.0,RS41-SG,403.500,11.1,187,11,2.6,-1,050105550353DA405900
2023-07-21T12:38:29.001Z,T4230303,7810,47.08449,7.54318,34366.2,7.8,23.1,281.3,-31.2,0.0,-1.0,RS41-SG,403.500,11.2,187,11,2.6,-1,050105540353BA405400
2023-07-21T12:38:30.001Z,T4230303,7811,47.08452,7.54290,34373.4,6.8,20.2,272.6,-31.1,0.0,-1.0,RS41-SG,403.500,11.2,187,11,2.7,-1,0501055403532A405700
2023-07-21T12:38:31.001Z,T4230303,7812,47.08451,7.54265,34379.2,5.1,17.8,260.8,-31.0,0.0,-1.0,RS41-SG,403.500,10.9,187,11,2.7,-1,0501055403525A404D00
2023-07-21T12:38:32.001Z,T4230303,7813,47.08447,7.54243,34383.7,4.1,15.4,249.0,-31.0,0.0,-1.0,RS41-SG,403.500,10.8,187,11,2.7,-1,0501055403511A405600
2023-07-21T12:38:33.001Z,T4230303,7814,47.08441,7.54226,34387.9,4.3,13.9,237.4,-30.9,0.0,-1.0,RS41-SG,403.500,8.8,187,11,2.7,-1,05010554034F6A405500
2023-07-21T12:38:34.001Z,T4230303,7815,47.08434,7.54212,34392.7,5.6,12.7,231.3,-30.9,0.0,-1.0,RS41-SG,403.500,8.9,187,11,2.6,-1,0501055403511A405900
2023-07-21T12:38:39.001Z,T4230303,7820,47.08432,7.54119,34423.5,3.6,22.5,291.1,-30.8,0.0,-1.0,RS41-SG,403.500,9.5,187,11,2.7,-1,05010552034AAA405600
2023-07-21T12:38:43.001Z,T4230303,7824,47.08463,7.53987,34446.4,9.1,26.2,279.8,-30.8,0.0,-1.0,RS41-SG,403.500,9.5,187,11,2.7,-1,05010552034B2A405900
2023-07-21T12:38:46.001Z,T4230303,7827,47.08461,7.53905,34466.3,3.6,16.5,247.5,-30.7,0.0,-1.0,RS41-SG,403.500,10.2,187,11,2.7,-1,050105510347CA405500
2023-07-21T12:38:47.001Z,T4230303,7828,47.08454,7.53888,34469.2,2.0,14.6,231.2,-30.6,0.0,-1.0,RS41-SG,403.500,10.2,187,11,2.7,-1,050105510346EA405900
2023-07-21T12:38:48.001Z,T4230303,7829,47.08445,7.53875,34471.7,2.8,13.5,217.6,-30.6,0.0,-1.0,RS41-SG,403.500,9.4,187,11,2.6,-1,050105510345DA405900
2023-07-21T12:38:49.001Z,T4230303,7830,47.08436,7.53865,34475.9,5.7,12.4,214.6,-30.6,0.0,-1.0,RS41-SG,403.500,8.3,187,11,2.6,-1,0501055003425A404C00
2023-07-21T12:38:55.001Z,T4230303,7836,47.08429,7.53741,34510.7,2.9,27.5,284.6,-30.3,0.0,-1.0,RS41-SG,403.500,10.1,187,11,2.6,-1,0501054F03440A405400
2023-07-21T12:39:01.001Z,T4230303,7842,47.08439,7.53556,34548.6,3.3,14.8,244.8,-30.0,0.0,-1.0,RS41-SG,403.500,9.9,187,11,2.6,-1,0501054E033B2A405700
2023-07-21T12:39:02.001Z,T4230303,7843,47.08432,7.53541,34551.3,2.3,12.8,228.6,-29.9,0.0,-1.0,RS41-SG,403.500,9.9,187,10,2.6,-1,0501054E033B8A404E00
2023-07-21T12:39:12.001Z,T4230303,7853,47.08428,7.53307,34602.6,7.2,27.8,285.1,-29.8,0.0,-1.0,RS41-SG,403.500,9.2,187,11,2.7,-1,0501054C032D7A305600
2023-07-21T12:39:14.001Z,T4230303,7855,47.08437,7.53246,34617.1,6.4,19.4,280.0,-29.8,0.0,-1.0,RS41-SG,403.500,9.7,187,10,2.7,-1,0501054B032DCA405200
2023-07-21T12:39:16.001Z,T4230303,7857,47.08440,7.53206,34626.3,3.2,11.5,267.4,-29.7,0.0,-1.0,RS41-SG,403.500,10.2,187,11,2.6,-1,0501054B032D8A404B00
2023-07-21T12:39:17.001Z,T4230303,7858,47.08439,7.53193,34629.3,3.3,9.3,254.1,-29.7,0.0,-1.0,RS41-SG,403.500,9.5,187,10,2.7,-1,0501054B032E3A405700
2023-07-21T12:39:24.001Z,T4230303,7865,47.08439,7.53044,34667.7,2.9,29.6,284.2,-29.9,0.0,-1.0,RS41-SG,403.500,9.1,187,11,2.7,-1,0501054A032A3A405100
2023-07-21T12:39:25.001Z,T4230303,7866,47.08446,7.53005,34671.0,4.2,31.9,287.1,-29.9,0.0,-1.0,RS41-SG,403.500,9.9,187,11,2.7,-1,0501054A03272A405800
2023-07-21T12:39:26.001Z,T4230303,7867,47.08455,7.52966,34676.1,6.6,31.0,289.9,-29.9,0.0,-1.0,RS41-SG,403.500,9.9,187,11,2.7,-1,0501054903247A305800
2023-07-21T12:39:27.001Z,T4230303,7868,47.08464,7.52930,34683.6,8.4,27.9,292.0,-30.0,0.0,-1.0,RS41-SG,403.500,8.5,187,11,2.7,-1,0501054903244A405400
2023-07-21T12:39:29.001Z,T4230303,7870,47.08481,7.52874,34698.2,5.8,18.7,294.9,-30.0,0.0,-1.0,RS41-SG,403.500,8.9,187,11,2.6,-1,050105490322DA404D00
2023-07-21T12:39:30.001Z,T4230303,7871,47.08487,7.52854,34702.7,3.9,14.4,294.9,-30.0,0.0,-1.0,RS41-SG,403.500,9.2,187,11,2.7,-1,05010549031EBA305800
2023-07-21T12:39:32.001Z,T4230303,7873,47.08494,7.52828,34708.7,3.4,7.7,279.8,-30.0,0.0,-1.0,RS41-SG,403.500,8.7,187,10,2.7,-1,05010548031D1A405200
2023-07-21T12:39:36.001Z,T4230303,7877,47.08494,7.52765,34733.1,5.5,19.9,273.5,-30.1,0.0,-1.0,RS41-SG,403.500,8.2,187,11,2.6,-1,05010548031E3A405100
2023-07-21T12:39:38.001Z,T4230303,7879,47.08501,7.52703,34741.5,3.4,28.5,283.3,-30.1,0.0,-1.0,RS41-SG,403.500,8.7,187,11,2.7,-1,0501054703186A405200
2023-07-21T12:39:39.001Z,T4230303,7880,47.08508,7.52665,34744.9,3.8,31.7,287.3,-30.1,0.0,-1.0,RS41-SG,403.500,9.6,187,11,2.7,-1,0501054703179A405C00
2023-07-21T12:39:40.001Z,T4230303,7881,47.08518,7.52625,34749.5,6.2,32.5,291.5,-30.2,0.0,-1.0,RS41-SG,403.500,9.7,187,11,2.7,-1,050105470318FA405100
2023-07-21T12:39:42.001Z,T4230303,7883,47.08541,7.52553,34765.6,9.0,26.5,298.5,-30.2,0.0,-1.0,RS41-SG,403.500,9.2,187,11,2.6,-1,0501054603178A405500
2023-07-21T12:39:44.001Z,T4230303,7885,47.08561,7.52504,34779.5,5.0,17.3,303.9,-30.3,0.0,-1.0,RS41-SG,403.500,9.7,187,10,2.7,-1,0501054603150A405B00
2023-07-21T12:39:45.001Z,T4230303,7886,47.08568,7.52488,34783.0,2.6,12.9,306.2,-30.3,0.0,-1.0,RS41-SG,403.500,9.8,187,11,2.7,-1,0501054603147A405300
2023-07-21T12:39:46.001Z,T4230303,7887,47.08574,7.52477,34785.0,2.2,8.9,303.2,-30.3,0.0,-1.0,RS41-SG,403.500,10.4,187,10,2.7,-1,05010546030FFA405900
2023-07-21T12:39:48.001Z,T4230303,7889,47.08580,7.52458,34793.5,7.1,8.8,284.7,-30.3,0.0,-1.0,RS41-SG,403.500,9.3,187,11,2.7,-1,05010545030FFA305500
2023-07-21T12:39:52.001Z,T4230303,7893,47.08597,7.52370,34817.7,2.9,27.0,290.5,-30.2,0.0,-1.0,RS41-SG,403.500,8.3,187,11,2.7,-1,05010545030AFA404C00
2023-07-21T12:39:53.001Z,T4230303,7894,47.08607,7.52334,34819.9,2.2,31.2,292.6,-30.3,0.0,-1.0,RS41-SG,403.500,9.1,187,11,2.7,-1,0501054403083A305600
2023-07-21T12:39:54.001Z,T4230303,7895,47.08618,7.52296,34823.1,4.2,33.3,295.1,-30.3,0.0,-1.0,RS41-SG,403.500,9.3,187,11,2.7,-1,0501054403070A405600
2023-07-21T12:39:58.001Z,T4230303,7899,47.08665,7.52168,34851.9,5.9,18.2,300.2,-30.4,0.0,-1.0,RS41-SG,403.500,10.0,187,11,2.7,-1,0501054303054A405600
2023-07-21T12:39:59.001Z,T4230303,7900,47.08672,7.52151,34856.2,3.3,12.8,299.4,-30.4,0.0,-1.0,RS41-SG,403.500,10.0,187,11,2.7,-1,050105430303BA405200
2023-07-21T12:40:00.001Z,T4230303,7901,47.08677,7.52139,34858.3,1.8,8.2,299.6,-30.4,0.0,-1.0,RS41-SG,403.500,9.8,187,10,2.7,-1,050105430304AA405500
2023-07-21T12:40:01.001Z,T4230303,7902,47.08679,7.52131,34860.4,2.9,5.5,295.0,-30.5,0.0,-1.0,RS41-SG,403.500,8.8,187,11,2.7,-1,0501054303030A405600
2023-07-21T12:40:02.001Z,T4230303,7903,47.08681,7.52124,34864.3,5.2,5.3,285.9,-30.5,0.0,-1.0,RS41-SG,403.500,8.8,187,11,2.7,-1,0501054303019A405800
2023-07-21T12:40:06.001Z,T4230303,7907,47.08698,7.52058,34886.1,3.2,23.2,292.8,-30.0,0.0,-1.0,RS41-SG,403.500,8.6,187,11,2.7,-1,0501054202FE7A405400
2023-07-21T12:40:07.001Z,T4230303,7908,47.08707,7.52027,34888.7,2.4,27.5,292.5,-29.9,0.0,-1.0,RS41-SG,403.500,9.0,187,11,2.7,-1,0501054202FD7A405400
2023-07-21T12:40:08.001Z,T4230303,7909,47.08717,7.51992,34891.7,3.7,30.4,293.1,-29.8,0.0,-1.0,RS41-SG,403.500,10.4,187,11,2.7,-1,0501054202FABA405400
2023-07-21T12:40:09.001Z,T4230303,7910,47.08727,7.51956,34896.8,6.6,30.3,293.7,-29.8,0.0,-1.0,RS41-SG,403.500,10.4,187,11,2.7,-1,0501054202FB8A405600
2023-07-21T12:40:10.001Z,T4230303,7911,47.08738,7.51921,34904.4,8.8,27.1,293.0,-29.8,0.0,-1.0,RS41-SG,403.500,9.2,187,11,2.6,-1,0501054102FE2A405A00
2023-07-21T12:40:12.001Z,T4230303,7913,47.08753,7.51867,34920.0,6.7,17.7,290.2,-29.8,0.0,-1.0,RS41-SG,403.500,9.6,187,11,2.7,-1,0501054102FCEA405500
2023-07-21T12:40:13.001Z,T4230303,7914,47.08757,7.51848,34925.2,4.1,12.7,287.0,-29.7,0.0,-1.0,RS41-SG,403.500,9.7,187,11,2.7,-1,0501054102FADA405500
2023-07-21T12:40:14.001Z,T4230303,7915,47.08759,7.51834,34928.4,2.5,8.8,278.5,-29.7,0.0,-1.0,RS41-SG,403.500,9.7,187,11,2.7,-1,0501054102F7CA405800
2023-07-21T12:40:15.001Z,T4230303,7916,47.08760,7.51824,34930.6,2.2,6.2,267.5,-29.6,0.0,-1.0,RS41-SG,403.500,9.3,187,11,2.7,-1,0501054102F5FA405000
2023-07-21T12:40:17.001Z,T4230303,7918,47.08757,7.51808,34938.2,5.6,7.1,257.4,-29.7,0.0,-1.0,RS41-SG,403.500,9.3,187,11,2.6,-1,0501054002F7CA405600
2023-07-21T12:40:21.001Z,T4230303,7922,47.08765,7.51740,34957.7,2.8,20.7,288.7,-29.5,0.0,-1.0,RS41-SG,403.500,8.9,187,11,2.7,-1,0501053F02F36A405800
2023-07-21T12:40:22.001Z,T4230303,7923,47.08772,7.51712,34960.3,2.6,24.0,292.1,-29.5,0.0,-1.0,RS41-SG,403.500,9.5,187,11,2.7,-1,0501053F02F36A405600
2023-07-21T12:40:23.001Z,T4230303,7924,47.08781,7.51682,34963.5,4.1,26.3,295.2,-29.5,0.0,-1.0,RS41-SG,403.500,10.2,187,11,2.7,-1,0501T24339510000006EI
2023-07-21T12:40:24.001Z,T4230303,7925,47.08791,7.51651,34968.7,6.5,26.4,297.1,-29.5,0.0,-1.0,RS41-SG,403.500,10.2,187,11,2.6,-1,0501053F02F57A404F00
2023-07-21T12:40:25.001Z,T4230303,7926,47.08802,7.51622,34976.0,8.6,24.2,297.3,-29.6,0.0,-1.0,RS41-SG,403.500,10.6,187,11,2.6,-1,0501053F02F75A405500
2023-07-21T12:40:38.001Z,T4230303,7939,47.08824,7.51406,35042.2,3.4,27.1,296.2,-28.9,0.0,-1.0,RS41-SG,403.500,9.3,187,11,2.6,-1,0501053C02EB2A405100
2023-07-21T12:40:39.001Z,T4230303,7940,47.08834,7.51374,35047.1,6.3,26.5,294.2,-28.9,0.0,-1.0,RS41-SG,403.500,9.3,187,11,2.6,-1,0501053C02EA5A405200
2023-07-21T12:40:40.001Z,T4230303,7941,47.08842,7.51344,35053.8,7.8,23.7,290.6,-28.9,0.0,-1.0,RS41-SG,403.500,9.8,187,11,2.7,-1,0501053C02E73A405100
2023-07-21T12:40:41.001Z,T4230303,7942,47.08849,7.51317,35061.2,7.4,19.8,285.3,-28.8,0.0,-1.0,RS41-SG,403.500,9.8,187,11,2.7,-1,0501053C02E6FA404F00
2023-07-21T12:40:42.001Z,T4230303,7943,47.08852,7.51294,35067.5,5.3,15.4,278.1,-28.7,0.0,-1.0,RS41-SG,403.500,9.8,187,11,2.7,-1,0501053C02E66A405100
2023-07-21T12:40:43.001Z,T4230303,7944,47.08853,7.51277,35071.8,3.5,12.0,266.0,-28.7,0.0,-1.0,RS41-SG,403.500,10.3,187,11,2.7,-1,0501053C02E65A405800
2023-07-21T12:40:44.001Z,T4230303,7945,47.08851,7.51262,35074.6,2.6,9.8,251.8,-28.6,0.0,-1.0,RS41-SG,403.500,10.3,187,11,2.7,-1,0501053B02E50A305600
2023-07-21T12:40:45.001Z,T4230303,7946,47.08847,7.51251,35077.9,3.6,8.8,235.8,-28.6,0.0,-1.0,RS41-SG,403.500,9.4,187,11,2.6,-1,0501053B02E64A404F00
2023-07-21T12:40:52.001Z,T4230303,7953,47.08862,7.51141,35119.7,2.1,25.4,305.7,-28.6,0.0,-1.0,RS41-SG,403.500,8.5,187,11,2.6,-1,0501053A02E38A405200
2023-07-21T12:40:53.001Z,T4230303,7954,47.08876,7.51112,35122.5,3.6,28.4,305.8,-28.6,0.0,-1.0,RS41-SG,403.500,9.4,187,11,2.6,-1,0501053A02E2DA305600
2023-07-21T12:40:54.001Z,T4230303,7955,47.08891,7.51081,35127.6,6.6,28.3,303.0,-28.6,0.0,-1.0,RS41-SG,403.500,9.6,187,11,2.7,-1,0501053A02DE7A405400
2023-07-21T12:40:55.001Z,T4230303,7956,47.08903,7.51050,35134.4,7.9,25.8,296.7,-28.6,0.0,-1.0,RS41-SG,403.500,10.6,187,11,2.7,-1,0501053A02DEAA405B00
2023-07-21T12:40:59.001Z,T4230303,7960,47.08914,7.50957,35153.4,2.6,11.8,250.7,-28.4,0.0,-1.0,RS41-SG,403.500,8.5,187,11,2.6,-1,0501053902DA7A405200
2023-07-21T12:41:26.001Z,T4230303,7987,47.09089,7.50408,35310.1,6.9,22.0,277.3,-27.9,0.0,-1.0,RS41-SG,403.500,10.3,187,11,2.7,-1,0501053502C35A405800
2023-07-21T12:41:27.001Z,T4230303,7988,47.09089,7.50381,35315.6,4.1,19.5,261.7,-27.9,0.0,-1.0,RS41-SG,403.500,10.3,187,11,2.6,-1,0501053402C60A305600
2023-07-21T12:41:28.001Z,T4230303,7989,47.09085,7.50358,35318.9,2.6,16.7,247.8,-27.9,0.0,-1.0,RS41-SG,403.500,10.5,187,11,2.6,-1,0501053402C6DA405A00
2023-07-21T12:41:29.001Z,T4230303,7990,47.09079,7.50341,35321.2,2.6,14.0,233.4,-27.9,0.0,-1.0,RS41-SG,403.500,10.5,187,10,2.7,-1,0501053402C44A405400
2023-07-21T12:41:35.001Z,T4230303,7996,47.09080,7.50254,35356.0,3.9,19.9,305.4,-27.8,0.0,-1.0,RS41-SG,403.500,10.4,187,11,2.6,-1,0501053302BC7A405800
2023-07-21T12:41:36.001Z,T4230303,7997,47.09092,7.50231,35359.5,3.6,24.3,307.1,-27.8,0.0,-1.0,RS41-SG,403.500,10.4,187,11,2.7,-1,0501053302BA6A405600
2023-07-21T12:41:37.001Z,T4230303,7998,47.09106,7.50203,35363.9,5.5,27.6,304.3,-27.8,0.0,-1.0,RS41-SG,403.500,10.4,187,11,2.7,-1,0501053302BABA404D00
2023-07-21T12:41:38.001Z,T4230303,7999,47.09118,7.50172,35370.6,8.5,28.1,297.7,-27.8,0.0,-1.0,RS41-SG,403.500,10.1,187,11,2.7,-1,0501053302B7DA405B00
2023-07-21T12:41:39.001Z,T4230303,8000,47.09128,7.50139,35379.0,9.2,26.2,288.8,-27.8,0.0,-1.0,RS41-SG,403.500,9.6,187,11,2.7,-1,0501053202BAAA405400
2023-07-21T12:41:40.001Z,T4230303,8001,47.09133,7.50108,35387.5,7.9,23.3,275.4,-27.7,0.0,-1.0,RS41-SG,403.500,9.0,187,11,2.7,-1,0501053202BA5A305300
2023-07-21T12:41:41.001Z,T4230303,8002,47.09133,7.50079,35393.8,5.0,20.2,263.8,-27.7,0.0,-1.0,RS41-SG,403.500,9.1,187,11,2.6,-1,0501053202BB8A405000
2023-07-21T12:41:42.001Z,T4230303,8003,47.09129,7.50056,35397.9,3.2,17.0,249.9,-27.7,0.0,-1.0,RS41-SG,403.500,11.0,187,11,2.6,-1,0501053202BB7A405700
2023-07-21T12:41:43.001Z,T4230303,8004,47.09123,7.50038,35400.4,2.5,14.7,235.1,-27.7,0.0,-1.0,RS41-SG,403.500,11.0,187,11,2.7,-1,0501053202B82A405400
2023-07-21T12:41:44.001Z,T4230303,8005,47.09115,7.50023,35403.5,3.8,12.6,228.7,-27.7,0.0,-1.0,RS41-SG,403.500,8.5,187,11,2.7,-1,0501053202B43A405300
2023-07-21T12:41:49.001Z,T4230303,8010,47.09107,7.49954,35436.3,4.2,17.4,295.9,-27.7,0.0,-1.0,RS41-SG,403.500,9.6,187,11,2.6,-1,0501053102B0DA405500
2023-07-21T12:41:50.001Z,T4230303,8011,47.09115,7.49931,35440.0,3.2,22.5,299.3,-27.7,0.0,-1.0,RS41-SG,403.500,11.0,187,11,2.7,-1,0501053102AFDA405100
2023-07-21T12:41:51.001Z,T4230303,8012,47.09125,7.49903,35443.6,4.4,26.8,298.9,-27.7,0.0,-1.0,RS41-SG,403.500,12.3,187,11,2.7,-1,0501053002B0BA405800
2023-07-21T12:41:52.001Z,T4230303,8013,47.09136,7.49871,35448.8,6.7,28.2,293.3,-27.7,0.0,-1.0,RS41-SG,403.500,12.3,187,11,2.7,-1,0501053002AD3A404D00
2023-07-21T12:41:53.001Z,T4230303,8014,47.09144,7.49837,35456.6,9.0,26.2,285.6,-27.8,0.0,-1.0,RS41-SG,403.500,12.2,187,11,2.7,-1,0501053002AA2A405800
2023-07-21T12:41:54.001Z,T4230303,8015,47.09149,7.49806,35465.4,9.3,22.5,277.9,-27.7,0.0,-1.0,RS41-SG,403.500,12.2,187,11,2.7,-1,0501053002AA2A305400
2023-07-21T12:41:55.001Z,T4230303,8016,47.09150,7.49779,35473.4,7.1,18.3,270.3,-27.7,0.0,-1.0,RS41-SG,403.500,12.5,187,11,2.6,-1,0501053002A88A405500
2023-07-21T12:41:56.001Z,T4230303,8017,47.09149,7.49758,35479.3,5.0,14.9,259.7,-27.7,0.0,-1.0,RS41-SG,403.500,12.5,187,11,2.6,-1,0501053002A9DA404E00
2023-07-21T12:41:57.001Z,T4230303,8018,47.09146,7.49741,35483.5,3.5,12.5,246.6,-27.7,0.0,-1.0,RS41-SG,403.500,11.6,187,11,2.7,-1,0501052F02A82A405B00
2023-07-21T12:41:58.001Z,T4230303,8019,47.09140,7.49728,35486.7,3.3,10.7,227.8,-27.7,0.0,-1.0,RS41-SG,403.500,11.6,187,11,2.7,-1,0501052F02A71A405400
2023-07-21T12:42:05.001Z,T4230303,8026,47.09138,7.49640,35526.3,3.5,23.7,287.7,-27.8,0.0,-1.0,RS41-SG,403.500,11.8,187,11,2.7,-1,0501052E02A2EA405800
2023-07-21T12:42:06.001Z,T4230303,8027,47.09144,7.49608,35530.5,5.1,26.3,285.2,-27.8,0.0,-1.0,RS41-SG,403.500,11.8,187,11,2.7,-1,0501052E02A24A405A00
2023-07-21T12:42:07.001Z,T4230303,8028,47.09150,7.49575,35536.7,7.5,26.6,282.7,-27.9,0.0,-1.0,RS41-SG,403.500,11.3,187,11,2.7,-1,0501052E029F2A405500
2023-07-21T12:42:08.001Z,T4230303,8029,47.09154,7.49541,35544.9,9.5,24.9,278.6,-27.9,0.0,-1.0,RS41-SG,403.500,9.8,187,11,2.7,-1,0501052D029E2A305200
2023-07-21T12:42:09.001Z,T4230303,8030,47.09156,7.49511,35554.9,10.2,21.6,272.0,-28.0,0.0,-1.0,RS41-SG,403.500,10.1,187,11,2.6,-1,0501052D029BCA404E00
2023-07-21T12:42:11.001Z,T4230303,8032,47.09152,7.49466,35570.7,5.5,13.5,246.7,-28.0,0.0,-1.0,RS41-SG,403.500,10.4,187,11,2.7,-1,0501052D029A2A405A00
2023-07-21T12:42:12.001Z,T4230303,8033,47.09147,7.49453,35574.6,3.0,9.6,226.8,-28.0,0.0,-1.0,RS41-SG,403.500,12.3,187,11,2.7,-1,0501052D02999A405300
2023-07-21T12:42:13.001Z,T4230303,8034,47.09141,7.49447,35577.0,2.5,6.5,198.8,-28.0,0.0,-1.0,RS41-SG,403.500,12.3,187,11,2.7,-1,0501052D02985A405300
2023-07-21T12:42:14.001Z,T4230303,8035,47.09136,7.49445,35580.6,4.7,5.1,187.1,-28.1,0.0,-1.0,RS41-SG,403.500,10.4,187,11,2.7,-1,0501052C02983A405900
2023-07-21T12:42:15.001Z,T4230303,8036,47.09132,7.49444,35586.7,7.4,3.9,212.9,-28.1,0.0,-1.0,RS41-SG,403.500,10.0,187,11,2.7,-1,0501052C0299BA305600
2023-07-21T12:43:28.001Z,T4230303,8109,47.09094,7.47970,36057.2,3.5,20.5,307.9,-28.1,0.0,-1.0,RS41-SG,403.500,9.0,187,11,2.7,-1,05010521025BDA405600
2023-07-21T12:43:33.001Z,T4230303,8114,47.09139,7.47871,36092.1,6.4,14.5,279.8,-28.0,0.0,-1.0,RS41-SG,403.500,8.7,187,11,2.7,-1,0501052002570A405900
2023-07-21T12:43:47.001Z,T4230303,8128,47.09156,7.47522,36175.8,7.6,19.6,284.5,-27.8,0.0,-1.0,RS41-SG,403.500,8.8,187,11,2.7,-1,0501051E02495A305700
2023-07-21T12:43:48.001Z,T4230303,8129,47.09159,7.47498,36182.4,6.0,17.0,277.1,-27.7,0.0,-1.0,RS41-SG,403.500,9.6,187,11,2.7,-1,0501051E02489A405500
2023-07-21T12:43:49.001Z,T4230303,8130,47.09159,7.47477,36187.5,4.7,16.0,266.6,-27.7,0.0,-1.0,RS41-SG,403.500,9.6,187,11,2.7,-1,0501051E02495A405900
2023-07-21T12:43:59.001Z,T4230303,8140,47.09132,7.47254,36241.6,4.4,27.4,287.1,-27.7,0.0,-1.0,RS41-SG,403.500,10.3,187,11,2.6,-1,0501051C023C4A304C00
2023-07-21T12:44:00.001Z,T4230303,8141,47.09139,7.47219,36247.0,6.8,28.6,285.7,-27.8,0.0,-1.0,RS41-SG,403.500,10.3,187,11,2.7,-1,0501051C023ABA305B00
2023-07-21T12:44:01.001Z,T4230303,8142,47.09144,7.47184,36254.1,7.9,26.4,280.8,-27.8,0.0,-1.0,RS41-SG,403.500,10.4,187,11,2.7,-1,0501051C023C8A305800
2023-07-21T12:44:02.001Z,T4230303,8143,47.09148,7.47152,36261.8,7.8,22.8,277.4,-27.9,0.0,-1.0,RS41-SG,403.500,10.4,187,11,2.7,-1,0501051C023CDA305800
2023-07-21T12:44:03.001Z,T4230303,8144,47.09150,7.47124,36268.5,6.2,19.6,274.9,-27.8,0.0,-1.0,RS41-SG,403.500,9.4,187,11,2.7,-1,0501051B023C9A305800
2023-07-21T12:44:05.001Z,T4230303,8146,47.09150,7.47080,36278.5,3.8,14.5,259.9,-27.8,0.0,-1.0,RS41-SG,403.500,10.0,187,11,2.7,-1,0501051B0238AA405900
2023-07-21T12:44:06.001Z,T4230303,8147,47.09146,7.47063,36282.0,3.4,12.1,244.0,-27.8,0.0,-1.0,RS41-SG,403.500,10.0,187,11,2.6,-1,0501051B02379A305900
2023-07-21T12:44:07.001Z,T4230303,8148,47.09141,7.47051,36286.2,5.2,9.4,233.9,-27.8,0.0,-1.0,RS41-SG,403.500,8.6,187,11,2.6,-1,0501051B0236AA304C00
2023-07-21T12:44:14.001Z,T4230303,8155,47.09140,7.46906,36325.8,3.2,28.9,280.1,-27.6,0.0,-1.0,RS41-SG,403.500,9.4,187,11,2.6,-1,0501051A02322A305800
2023-07-21T12:44:15.001Z,T4230303,8156,47.09144,7.46867,36329.9,5.0,31.1,276.6,-27.6,0.0,-1.0,RS41-SG,403.500,10.3,187,11,2.7,-1,050105190230DA305700
2023-07-21T12:44:16.001Z,T4230303,8157,47.09146,7.46828,36335.5,6.8,29.7,274.6,-27.6,0.0,-1.0,RS41-SG,403.500,10.3,187,11,2.7,-1,050105190230EA305300
2023-07-21T12:44:20.001Z,T4230303,8161,47.09154,7.46703,36360.5,4.6,17.4,274.5,-27.4,0.0,-1.0,RS41-SG,403.500,9.4,187,11,2.6,-1,050105190232DA305500
2023-07-21T12:44:22.001Z,T4230303,8163,47.09157,7.46669,36367.1,3.1,9.5,288.8,-27.3,0.0,-1.0,RS41-SG,403.500,9.3,187,11,2.7,-1,05010518022D3A405600
2023-07-21T12:44:23.001Z,T4230303,8164,47.09161,7.46657,36371.4,5.2,9.9,299.1,-27.3,0.0,-1.0,RS41-SG,403.500,9.3,187,11,2.7,-1,05010518022BBA305A00
2023-07-21T12:44:24.001Z,T4230303,8165,47.09165,7.46645,36377.1,6.3,11.4,299.9,-27.3,0.0,-1.0,RS41-SG,403.500,10.2,187,11,2.7,-1,05010518022CAA305A00
2023-07-21T12:44:25.001Z,T4230303,8166,47.09170,7.46631,36383.8,7.1,12.3,292.5,-27.3,0.0,-1.0,RS41-SG,403.500,10.2,187,11,2.7,-1,0501T24339510000006EI
2023-07-21T12:44:26.001Z,T4230303,8167,47.09174,7.46616,36390.7,6.9,13.8,288.5,-27.3,0.0,-1.0,RS41-SG,403.500,9.8,187,11,2.7,-1,05010518022DBA305500
2023-07-21T12:44:27.001Z,T4230303,8168,47.09178,7.46597,36396.8,5.6,16.8,288.4,-27.3,0.0,-1.0,RS41-SG,403.500,9.1,187,10,2.7,-1,050105180229FA305900
2023-07-21T12:44:28.001Z,T4230303,8169,47.09183,7.46573,36401.8,4.3,20.4,283.4,-27.3,0.0,-1.0,RS41-SG,403.500,10.2,187,11,2.6,-1,050105170227BA405500
2023-07-21T12:44:29.001Z,T4230303,8170,47.09186,7.46545,36405.5,3.4,22.9,275.0,-27.2,0.0,-1.0,RS41-SG,403.500,10.2,187,11,2.6,-1,050105170228CA305600
2023-07-21T12:44:30.001Z,T4230303,8171,47.09186,7.46515,36408.7,3.6,23.6,268.2,-27.2,0.0,-1.0,RS41-SG,403.500,9.5,187,11,2.7,-1,0501051702283A404E00
2023-07-21T12:44:31.001Z,T4230303,8172,47.09185,7.46484,36412.7,4.5,22.7,265.4,-27.2,0.0,-1.0,RS41-SG,403.500,9.2,187,11,2.7,-1,050105170227AA305B00
2023-07-21T12:44:43.001Z,T4230303,8184,47.09179,7.46202,36090.9,-70.1,15.1,283.0,-27.0,0.0,-1.0,RS41-SG,403.500,10.3,187,11,2.6,-1,0501051602504A305600
2023-07-21T12:44:45.001Z,T4230303,8186,47.09184,7.46164,35935.7,-85.2,15.6,277.9,-26.6,0.0,-1.0,RS41-SG,403.500,8.9,187,11,2.7,-1,0501051502850A305300
2023-07-21T12:44:54.001Z,T4230303,8195,47.09200,7.45988,34946.3,-128.9,16.8,278.2,-23.9,0.0,-1.0,RS41-SG,403.500,8.4,187,11,2.7,-1,0501051502F04A305900
2023-07-21T12:45:13.001Z,T4230303,8214,47.09240,7.45610,32382.5,-128.2,16.1,271.7,-31.0,0.0,-1.0,RS41-SG,403.500,11.7,187,11,2.5,-1,0501051B037D8A305200
2023-07-21T12:45:21.001Z,T4230303,8222,47.09254,7.45450,31400.9,-118.2,15.7,279.2,-31.2,0.0,-1.0,RS41-SG,403.500,10.7,187,11,2.5,-1,0501051D03E26A305900
2023-07-21T12:45:23.001Z,T4230303,8224,47.09259,7.45409,31166.4,-116.9,15.6,283.1,-31.6,0.0,-1.0,RS41-SG,403.500,9.8,187,11,2.6,-1,0501051D03E9AA305C00
2023-07-21T12:45:31.001Z,T4230303,8232,47.09276,7.45237,30267.4,-109.6,16.6,272.3,-34.5,0.0,-1.0,RS41-SG,403.500,10.2,187,11,2.6,-1,0501051E04442A405400
