timestamp,serial,frame,lat,lon,alt,vel_v,vel_h,heading,temp,humidity,pressure,type,freq_mhz,snr,f_error_hz,sats,batt_v,burst_timer,aux_data
2023-12-20T12:32:11.000Z,T4240483,7860,46.40566,8.28279,27123.8,3.2,57.4,89.9,-273.0,-1.0,-1.0,RS41,404.500,8.9,1125,10,2.5,-1,05010136049EBA304B00
2023-12-20T12:32:12.000Z,T4240483,7861,46.40566,8.28353,27127.5,3.6,57.3,89.7,-273.0,-1.0,-1.0,RS41,404.500,8.9,1125,10,2.5,-1,0501013604ADCA304200
2023-12-20T12:32:13.000Z,T4240483,7862,46.40566,8.28427,27130.8,3.4,57.2,90.6,-273.0,-1.0,-1.0,RS41,404.500,8.4,1125,10,2.6,-1,0501013504AC2A304A00
2023-12-20T12:32:14.000Z,T4240483,7863,46.40566,8.28502,27134.1,3.9,57.6,90.3,-273.0,-1.0,-1.0,RS41,404.500,9.2,1125,10,2.6,-1,0501013504AC8A304400
2023-12-20T12:32:22.000Z,T4240483,7871,46.40552,8.29120,27164.1,4.2,55.8,94.0,-273.0,-1.0,-1.0,RS41,404.500,8.2,1125,10,2.5,-1,0501012F03D70A304200
2023-12-20T12:32:28.000Z,T4240483,7877,46.40538,8.29569,27187.1,2.6,61.5,91.1,-273.0,-1.0,-1.0,RS41,404.500,9.0,1125,10,2.5,-1,0501012B0264BA204A00
2023-12-20T12:32:29.000Z,T4240483,7878,46.40537,8.29649,27190.1,3.4,62.5,90.9,-273.0,-1.0,-1.0,RS41,404.500,9.0,1125,10,2.5,-1,0501012A027E8A204900
2023-12-20T12:32:31.000Z,T4240483,7880,46.40535,8.29808,27198.2,4.5,59.8,91.1,-273.0,-1.0,-1.0,RS41,404.500,8.6,1125,10,2.6,-1,0501012802AE7A204900
2023-12-20T12:32:37.000Z,T4240483,7886,46.40533,8.30276,27221.9,4.3,62.2,89.2,-273.0,-1.0,-1.0,RS41,404.500,8.8,1125,10,2.6,-1,0501012303C61A304A00
2023-12-20T12:32:38.000Z,T4240483,7887,46.40534,8.30357,27225.7,3.6,63.1,89.4,-273.0,-1.0,-1.0,RS41,404.500,9.2,1125,10,2.5,-1,0501012303EABA304100
2023-12-20T12:32:41.000Z,T4240483,7890,46.40532,8.30593,27238.7,4.9,58.5,91.5,-273.0,-1.0,-1.0,RS41,404.500,9.6,1125,10,2.5,-1,0501012103C96A204700
2023-12-20T12:32:43.000Z,T4240483,7892,46.40529,8.30741,27246.5,3.7,56.5,92.3,-273.0,-1.0,-1.0,RS41,404.500,8.7,1125,10,2.6,-1,0501011F0367CA304200
2023-12-20T12:32:45.000Z,T4240483,7894,46.40524,8.30890,27254.5,4.4,59.1,92.6,-273.0,-1.0,-1.0,RS41,404.500,8.4,1125,10,2.5,-1,0501011D036F5A304700
2023-12-20T12:32:46.000Z,T4240483,7895,46.40522,8.30968,27259.7,5.3,61.0,91.4,-273.0,-1.0,-1.0,RS41,404.500,9.1,1125,10,2.5,-1,0501011D038B8A304200
2023-12-20T12:32:47.000Z,T4240483,7896,46.40521,8.31049,27264.5,4.5,63.2,91.0,-273.0,-1.0,-1.0,RS41,404.500,9.6,1125,10,2.5,-1,0501011C03E52A304500
2023-12-20T12:32:48.000Z,T4240483,7897,46.40520,8.31130,27268.2,3.1,63.3,91.2,-273.0,-1.0,-1.0,RS41,404.500,9.6,1125,10,2.6,-1,0501011B03B73A304000
2023-12-20T12:32:49.000Z,T4240483,7898,46.40519,8.31212,27271.6,4.0,63.0,90.5,-273.0,-1.0,-1.0,RS41,404.500,9.2,1125,10,2.6,-1,0501011B03763A304100
2023-12-20T12:32:50.000Z,T4240483,7899,46.40519,8.31293,27275.7,4.5,61.8,90.8,-273.0,-1.0,-1.0,RS41,404.500,9.2,1125,10,2.5,-1,0501011A03449A304700
2023-12-20T12:32:51.000Z,T4240483,7900,46.40518,8.31371,27280.6,5.6,59.3,91.2,-273.0,-1.0,-1.0,RS41,404.500,9.1,1125,10,2.5,-1,0501011903291A304200
2023-12-20T12:32:52.000Z,T4240483,7901,46.40517,8.31447,27285.5,5.0,57.4,90.6,-273.0,-1.0,-1.0,RS41,404.500,10.2,1125,10,2.5,-1,0501011802EE1A304500
2023-12-20T12:32:53.000Z,T4240483,7902,46.40516,8.31521,27289.8,4.1,56.7,90.6,-273.0,-1.0,-1.0,RS41,404.500,10.2,1125,10,2.6,-1,0501011803150A304900
2023-12-20T12:32:55.000Z,T4240483,7904,46.40516,8.31667,27299.8,6.0,57.1,89.5,-273.0,-1.0,-1.0,RS41,404.500,9.7,1125,10,2.6,-1,0501011702D3AA204D00
2023-12-20T12:32:57.000Z,T4240483,7906,46.40516,8.31822,27311.4,5.2,61.8,90.2,-273.0,-1.0,-1.0,RS41,404.500,9.0,1125,10,2.5,-1,050101160335CA204400
2023-12-20T12:32:58.000Z,T4240483,7907,46.40516,8.31903,27316.2,4.5,63.6,89.7,-273.0,-1.0,-1.0,RS41,404.500,9.2,1125,10,2.5,-1,050101150350EA203F00
2023-12-20T12:32:59.000Z,T4240483,7908,46.40516,8.31986,27319.8,3.3,65.3,90.5,-273.0,-1.0,-1.0,RS41,404.500,10.2,1125,10,2.6,-1,05010115031F2A303D00
2023-12-20T12:33:00.000Z,T4240483,7909,46.40515,8.32071,27323.3,3.9,64.8,91.8,-273.0,-1.0,-1.0,RS41,404.500,10.2,1125,10,2.6,-1,0501011402EEAA204300
2023-12-20T12:33:01.000Z,T4240483,7910,46.40513,8.32154,27327.5,4.6,63.8,92.1,-74.7,-1.0,-1.0,RS41,404.500,9.2,1125,10,2.5,-1,0501011302CA9A304700
2023-12-20T12:33:22.000Z,T4240483,7931,46.40506,8.33854,27446.2,7.6,64.0,87.5,-72.8,-1.0,-1.0,RS41,404.500,8.6,1125,10,2.6,-1,0501010902483A304800
2023-12-20T12:34:15.000Z,T4240483,7984,46.40696,8.37870,27823.7,7.2,54.5,85.6,-71.9,-1.0,-1.0,RS41,404.500,9.6,1125,10,2.5,-1,0501010601855A204500
2023-12-20T12:34:21.000Z,T4240483,7990,46.40727,8.38299,27871.4,7.7,57.2,81.3,-71.6,-1.0,-1.0,RS41-SG,404.500,8.8,1125,10,2.5,-1,0501010701807A304200
2023-12-20T12:34:23.000Z,T4240483,7992,46.40742,8.38447,27888.7,9.1,57.6,82.6,-71.7,-1.0,-1.0,RS41-SG,404.500,10.0,1125,10,2.6,-1,0501010801914A304100
2023-12-20T12:34:28.000Z,T4240483,7997,46.40773,8.38820,27931.0,9.1,59.8,82.9,-71.7,-1.0,-1.0,RS41-SG,404.500,9.1,1125,10,2.6,-1,0501010901C35A204100
2023-12-20T12:36:09.000Z,T4240483,8098,46.41532,8.46191,28748.5,5.9,56.0,81.1,-72.4,-1.0,-1.0,RS41-SG,404.500,9.2,1125,10,2.5,-1,050100CF00C53A204700
2023-12-20T12:36:15.000Z,T4240483,8104,46.41591,8.46620,28787.6,6.7,56.3,76.9,-72.4,-1.0,-1.0,RS41-SG,404.500,8.8,1125,10,2.5,-1,050100CB00BF6A204800
2023-12-20T12:36:16.000Z,T4240483,8105,46.41603,8.46691,28794.8,7.3,56.5,76.9,-72.4,-1.0,-1.0,RS41-SG,404.500,8.5,1125,10,2.5,-1,050100CA00C69A204500
2023-12-20T12:36:17.000Z,T4240483,8106,46.41614,8.46762,28801.4,6.3,57.1,77.4,-72.4,-1.0,-1.0,RS41-SG,404.500,9.6,1125,10,2.6,-1,050100CA00C79A203C00
2023-12-20T12:36:20.000Z,T4240483,8109,46.41646,8.46973,28821.1,7.1,54.9,76.0,-72.5,-1.0,-1.0,RS41-SG,404.500,9.6,1125,10,2.5,-1,050100C700B04A204400
2023-12-20T12:36:23.000Z,T4240483,8112,46.41685,8.47177,28839.5,4.6,53.9,72.9,-72.6,-1.0,-1.0,RS41-SG,404.500,8.4,1125,10,2.5,-1,050100C600BCDA203D00
2023-12-20T12:36:26.000Z,T4240483,8115,46.41723,8.47381,28857.3,7.3,54.5,77.1,-72.7,-1.0,-1.0,RS41-SG,404.500,9.3,1125,10,2.6,-1,050100C500A40A204200
2023-12-20T12:36:27.000Z,T4240483,8116,46.41734,8.47451,28864.5,6.8,55.3,77.3,-72.7,-1.0,-1.0,RS41-SG,404.500,9.3,1125,10,2.6,-1,050100C400C99A204600
2023-12-20T12:36:29.000Z,T4240483,8118,46.41755,8.47592,28877.2,6.4,55.3,77.7,-72.8,-1.0,-1.0,RS41-SG,404.500,9.9,1125,10,2.5,-1,050100C300BD5A204A00
2023-12-20T12:36:30.000Z,T4240483,8119,46.41767,8.47660,28884.0,7.0,54.3,75.0,-72.8,-1.0,-1.0,RS41-SG,404.500,9.3,1125,10,2.5,-1,050100C2009FBA204400
2023-12-20T12:36:31.000Z,T4240483,8120,46.41781,8.47728,28890.8,6.7,54.5,72.2,-72.8,-1.0,-1.0,RS41-SG,404.500,9.2,1125,10,2.5,-1,050100C200AF2A204600
2023-12-20T12:36:32.000Z,T4240483,8121,46.41796,8.47795,28896.4,4.8,54.6,71.0,-72.9,-1.0,-1.0,RS41-SG,404.500,9.2,1125,10,2.6,-1,050100C100B8DA203A00
2023-12-20T12:36:33.000Z,T4240483,8122,46.41813,8.47861,28901.0,4.4,53.7,69.7,-72.9,-1.0,-1.0,RS41-SG,404.500,8.4,1125,10,2.6,-1,050100C100B5DA204C00
2023-12-20T12:36:34.000Z,T4240483,8123,46.41830,8.47926,28905.4,4.8,53.2,68.6,-72.9,-1.0,-1.0,RS41-SG,404.500,8.9,1125,10,2.5,-1,050100C100AE9A204700
2023-12-20T12:36:35.000Z,T4240483,8124,46.41846,8.47990,28910.9,5.7,53.5,70.0,-72.9,-1.0,-1.0,RS41-SG,404.500,10.3,1125,10,2.5,-1,050100C000A5EA203D00
2023-12-20T12:36:36.000Z,T4240483,8125,46.41862,8.48056,28917.4,7.0,53.4,72.7,-73.0,-1.0,-1.0,RS41-SG,404.500,10.3,1125,10,2.5,-1,050100C000B0BA204300
2023-12-20T12:36:41.000Z,T4240483,8130,46.41923,8.48385,28947.6,6.9,51.5,73.6,-73.0,-1.0,-1.0,RS41-SG,404.500,8.6,1125,10,2.5,-1,050100BD00A88A204100
2023-12-20T12:36:44.000Z,T4240483,8133,46.41969,8.48574,28964.4,5.3,51.4,69.5,-73.0,-1.0,-1.0,RS41-SG,404.500,10.4,1125,10,2.6,-1,050100BC00A3AA204500
2023-12-20T12:36:46.000Z,T4240483,8135,46.42001,8.48698,28976.7,7.0,51.5,69.9,-72.9,-1.0,-1.0,RS41-SG,404.500,9.6,1125,10,2.5,-1,050100BB00A7BA204800
2023-12-20T12:36:51.000Z,T4240483,8140,46.42070,8.49025,29006.2,6.0,54.7,73.3,-72.7,-1.0,-1.0,RS41-SG,404.500,8.9,1125,10,2.5,-1,050100B900A76A204100
2023-12-20T12:36:54.000Z,T4240483,8143,46.42115,8.49228,29024.5,5.3,55.7,72.1,-72.8,-1.0,-1.0,RS41-SG,404.500,9.0,1125,10,2.6,-1,050100B700B05A203F00
2023-12-20T12:36:55.000Z,T4240483,8144,46.42129,8.49297,29030.1,5.7,56.3,74.2,-72.8,-1.0,-1.0,RS41-SG,404.500,8.6,1125,10,2.5,-1,050100B700B0BA204900
2023-12-20T12:36:56.000Z,T4240483,8145,46.42142,8.49368,29036.1,6.0,56.2,76.7,-72.7,-1.0,-1.0,RS41-SG,404.500,8.7,1125,10,2.5,-1,050100B600A99A204700
2023-12-20T12:36:57.000Z,T4240483,8146,46.42153,8.49439,29042.0,6.3,56.2,78.8,-72.6,-1.0,-1.0,RS41-SG,404.500,8.7,1125,10,2.5,-1,050100B600A0CA204200
2023-12-20T12:36:58.000Z,T4240483,8147,46.42162,8.49511,29048.4,5.6,56.7,80.4,-72.5,-1.0,-1.0,RS41-SG,404.500,8.5,1125,10,2.6,-1,050100B500B9EA204200
2023-12-20T12:36:59.000Z,T4240483,8148,46.42170,8.49583,29053.4,4.7,56.9,82.2,-72.5,-1.0,-1.0,RS41-SG,404.500,8.7,1125,10,2.6,-1,050100B500B31A204A00
2023-12-20T12:37:01.000Z,T4240483,8150,46.42184,8.49727,29063.4,5.2,54.9,80.4,-72.4,-1.0,-1.0,RS41-SG,404.500,9.6,1125,10,2.5,-1,050100B400A1CA204C00
2023-12-20T12:37:02.000Z,T4240483,8151,46.42193,8.49796,29069.2,6.3,54.4,78.4,-72.3,-1.0,-1.0,RS41-SG,404.500,9.6,1125,10,2.5,-1,050100B4008CCA204700
2023-12-20T12:37:03.000Z,T4240483,8152,46.42203,8.49865,29075.4,6.8,53.8,76.6,-72.3,-1.0,-1.0,RS41-SG,404.500,10.0,1125,10,2.6,-1,050100B300957A203F00
2023-12-20T12:37:04.000Z,T4240483,8153,46.42215,8.49932,29081.7,6.2,53.0,75.4,-72.2,-1.0,-1.0,RS41-SG,404.500,10.0,1125,10,2.6,-1,050100B3008E5A204200
2023-12-20T12:37:05.000Z,T4240483,8154,46.42227,8.49998,29087.9,6.0,53.5,74.1,-72.2,-1.0,-1.0,RS41-SG,404.500,10.0,1125,10,2.6,-1,050100B3008A3A204A00
2023-12-20T12:37:06.000Z,T4240483,8155,46.42240,8.50066,29094.0,6.2,54.8,75.0,-72.2,-1.0,-1.0,RS41-SG,404.500,10.2,1125,10,2.5,-1,050100B200A4CA204700
2023-12-20T12:37:07.000Z,T4240483,8156,46.42252,8.50135,29100.2,5.7,55.7,78.0,-72.2,-1.0,-1.0,RS41-SG,404.500,10.2,1125,10,2.5,-1,050100B100AAFA204000
2023-12-20T12:37:08.000Z,T4240483,8157,46.42261,8.50207,29105.7,5.6,56.6,80.6,-72.2,-1.0,-1.0,RS41-SG,404.500,9.0,1125,10,2.5,-1,050100B100B45A204100
2023-12-20T12:37:10.000Z,T4240483,8159,46.42276,8.50357,29115.9,4.1,61.0,83.7,-72.2,-1.0,-1.0,RS41-SG,404.500,10.9,1125,10,2.6,-1,050100B00097EA204100
2023-12-20T12:37:11.000Z,T4240483,8160,46.42281,8.50436,29120.0,4.3,62.1,85.4,-72.3,-1.0,-1.0,RS41-SG,404.500,10.9,1125,10,2.6,-1,050100B000976A204300
2023-12-20T12:37:13.000Z,T4240483,8162,46.42293,8.50595,29131.6,6.4,61.1,82.1,-72.2,-1.0,-1.0,RS41-SG,404.500,10.3,1125,10,2.5,-1,050100AF008B0A204700
2023-12-20T12:37:14.000Z,T4240483,8163,46.42301,8.50673,29138.4,7.3,59.8,80.2,-72.2,-1.0,-1.0,RS41-SG,404.500,10.7,1125,10,2.5,-1,050100AF009A1A203F00
2023-12-20T12:37:16.000Z,T4240483,8165,46.42322,8.50818,29150.9,4.2,55.0,76.3,-71.9,-1.0,-1.0,RS41-SG,404.500,10.4,1125,10,2.6,-1,050100AE008EFA204200
2023-12-20T12:37:17.000Z,T4240483,8166,46.42334,8.50886,29154.5,2.9,53.6,74.7,-71.8,-1.0,-1.0,RS41-SG,404.500,11.4,1125,10,2.6,-1,050100AD00857A203E00
2023-12-20T12:37:18.000Z,T4240483,8167,46.42347,8.50953,29158.2,5.1,53.1,75.5,-71.8,-1.0,-1.0,RS41-SG,404.500,11.4,1125,10,2.6,-1,050100AD0085AA204100
2023-12-20T12:37:20.000Z,T4240483,8169,46.42366,8.51086,29169.8,6.7,52.8,79.9,-71.7,-1.0,-1.0,RS41-SG,404.500,9.6,1125,10,2.5,-1,050100AC00701A204D00
2023-12-20T12:37:22.000Z,T4240483,8171,46.42381,8.51226,29181.9,4.6,56.7,82.4,-71.6,-1.0,-1.0,RS41-SG,404.500,10.1,1125,10,2.6,-1,050100AC009C3A204200
2023-12-20T12:37:23.000Z,T4240483,8172,46.42388,8.51299,29186.0,3.8,57.5,83.8,-71.6,-1.0,-1.0,RS41-SG,404.500,10.1,1125,10,2.6,-1,050100AB0084BA303C00
2023-12-20T12:37:24.000Z,T4240483,8173,46.42394,8.51374,29190.6,4.7,57.6,82.5,-71.6,-1.0,-1.0,RS41-SG,404.500,9.5,1125,10,2.6,-1,050100AB00928A204100
2023-12-20T12:37:27.000Z,T4240483,8176,46.42423,8.51596,29207.8,5.7,58.2,76.8,-71.7,-1.0,-1.0,RS41-SG,404.500,9.6,1125,10,2.5,-1,050100AA007D0A204500
2023-12-20T12:37:28.000Z,T4240483,8177,46.42435,8.51669,29212.3,3.7,57.4,75.4,-71.6,-1.0,-1.0,RS41-SG,404.500,10.3,1125,10,2.5,-1,050100A9007C4A204900
2023-12-20T12:37:29.000Z,T4240483,8178,46.42448,8.51740,29216.3,4.5,57.4,74.3,-71.6,-1.0,-1.0,RS41-SG,404.500,10.3,1125,10,2.6,-1,050100A90077FA204100
2023-12-20T12:37:30.000Z,T4240483,8179,46.42462,8.51812,29220.7,5.3,58.2,74.9,-71.7,-1.0,-1.0,RS41-SG,404.500,9.5,1125,10,2.6,-1,050100A9007C4A204700
2023-12-20T12:37:33.000Z,T4240483,8182,46.42494,8.52030,29238.4,5.4,57.0,80.0,-71.8,-1.0,-1.0,RS41-SG,404.500,9.2,1125,10,2.5,-1,050100A7007CFA303C00
2023-12-20T12:37:34.000Z,T4240483,8183,46.42503,8.52103,29243.1,4.1,57.4,81.2,-71.8,-1.0,-1.0,RS41-SG,404.500,9.5,1125,10,2.5,-1,050100A700701A204100
2023-12-20T12:37:35.000Z,T4240483,8184,46.42510,8.52176,29247.2,4.4,56.3,82.2,-71.7,-1.0,-1.0,RS41-SG,404.500,9.5,1125,10,2.6,-1,050100A600821A204500
2023-12-20T12:37:36.000Z,T4240483,8185,46.42517,8.52247,29252.3,5.1,54.4,81.6,-71.6,-1.0,-1.0,RS41-SG,404.500,8.7,1125,10,2.6,-1,050100A6008C9A204400
2023-12-20T12:37:37.000Z,T4240483,8186,46.42525,8.52316,29257.7,6.1,53.4,79.1,-71.6,-1.0,-1.0,RS41-SG,404.500,9.1,1125,10,2.6,-1,050100A60090BA203F00
2023-12-20T12:37:38.000Z,T4240483,8187,46.42535,8.52384,29263.2,4.6,53.5,78.2,-71.6,-1.0,-1.0,RS41-SG,404.500,9.1,1125,10,2.5,-1,050100A500A17A204200
2023-12-20T12:37:40.000Z,T4240483,8189,46.42554,8.52519,29272.8,5.4,53.0,78.5,-71.4,-1.0,-1.0,RS41-SG,404.500,8.5,1125,10,2.5,-1,050100A500999A204500
2023-12-20T12:37:41.000Z,T4240483,8190,46.42564,8.52587,29279.1,6.9,54.5,78.5,-71.4,-1.0,-1.0,RS41-SG,404.500,9.1,1125,10,2.6,-1,050100A40093BA204500
2023-12-20T12:37:42.000Z,T4240483,8191,46.42573,8.52657,29284.9,5.6,56.5,79.9,-71.4,-1.0,-1.0,RS41-SG,404.500,9.4,1125,10,2.6,-1,050100A4009C3A204600
2023-12-20T12:37:45.000Z,T4240483,8194,46.42596,8.52877,29299.3,5.3,57.2,81.1,-71.4,-1.0,-1.0,RS41-SG,404.500,9.3,1125,10,2.5,-1,050100A3009B0A204B00
2023-12-20T12:37:47.000Z,T4240483,8196,46.42613,8.53022,29311.5,6.0,56.2,79.5,-71.5,-1.0,-1.0,RS41-SG,404.500,9.3,1125,10,2.6,-1,050100A2008BCA204700
2023-12-20T12:37:50.000Z,T4240483,8199,46.42642,8.53230,29326.3,5.1,54.5,78.3,-71.5,-1.0,-1.0,RS41-SG,404.500,9.3,1125,10,2.5,-1,050100A10093BA204500
2023-12-20T12:37:51.000Z,T4240483,8200,46.42651,8.53300,29331.8,6.1,54.8,80.1,-71.5,-1.0,-1.0,RS41-SG,404.500,9.9,1125,10,2.5,-1,050100A000797A204400
2023-12-20T12:37:52.000Z,T4240483,8201,46.42659,8.53369,29338.0,6.0,54.4,81.0,-71.4,-1.0,-1.0,RS41-SG,404.500,9.9,1125,10,2.6,-1,050100A00098DA203D00
2023-12-20T12:37:53.000Z,T4240483,8202,46.42667,8.53439,29342.9,4.4,54.3,80.6,-71.4,-1.0,-1.0,RS41-SG,404.500,9.9,1125,10,2.6,-1,0501009F009D7A204600
2023-12-20T12:37:54.000Z,T4240483,8203,46.42675,8.53509,29347.4,4.3,54.9,80.5,-71.4,-1.0,-1.0,RS41-SG,404.500,9.7,1125,10,2.6,-1,0501009F00A06A204000
2023-12-20T12:37:57.000Z,T4240483,8206,46.42701,8.53715,29361.3,6.1,52.3,77.3,-71.4,-1.0,-1.0,RS41-SG,404.500,10.0,1125,10,2.5,-1,0501009E008E7A204500
2023-12-20T12:37:58.000Z,T4240483,8207,46.42712,8.53781,29367.3,5.8,52.5,76.8,-71.5,-1.0,-1.0,RS41-SG,404.500,10.6,1125,10,2.5,-1,0501009E008C6A204300
2023-12-20T12:37:59.000Z,T4240483,8208,46.42722,8.53847,29373.0,5.4,52.8,77.6,-71.5,-1.0,-1.0,RS41-SG,404.500,10.6,1125,10,2.6,-1,0501009D0091DA204100
2023-12-20T12:38:00.000Z,T4240483,8209,46.42732,8.53915,29378.5,5.9,52.9,79.8,-71.5,-1.0,-1.0,RS41-SG,404.500,10.5,1125,10,2.6,-1,0501009D008E7A204400
2023-12-20T12:38:01.000Z,T4240483,8210,46.42739,8.53982,29384.1,5.8,52.9,81.9,-71.4,-1.0,-1.0,RS41-SG,404.500,8.6,1125,10,2.6,-1,0501009D0081FA204800
2023-12-20T12:38:02.000Z,T4240483,8211,46.42745,8.54051,29390.4,5.8,54.5,83.3,-71.3,-1.0,-1.0,RS41-SG,404.500,9.1,1125,10,2.5,-1,0501009C008BEA204600
2023-12-20T12:38:03.000Z,T4240483,8212,46.42751,8.54122,29395.6,4.7,56.2,84.8,-71.3,-1.0,-1.0,RS41-SG,404.500,9.5,1125,10,2.5,-1,0501009C009BAA203900
2023-12-20T12:38:04.000Z,T4240483,8213,46.42754,8.54195,29400.3,4.4,56.1,86.6,-71.2,-1.0,-1.0,RS41-SG,404.500,9.5,1125,10,2.5,-1,0501009C00A5FA204900
2023-12-20T12:38:05.000Z,T4240483,8214,46.42757,8.54266,29405.2,5.4,54.6,86.4,-71.1,-1.0,-1.0,RS41-SG,404.500,9.3,1125,10,2.6,-1,0501009B00AB9A204600
2023-12-20T12:38:08.000Z,T4240483,8217,46.42775,8.54471,29423.4,5.1,51.2,80.5,-71.1,-1.0,-1.0,RS41-SG,404.500,10.9,1125,10,2.5,-1,0501009B0095BA104300
2023-12-20T12:38:10.000Z,T4240483,8219,46.42792,8.54598,29432.8,4.9,49.9,77.0,-71.1,-1.0,-1.0,RS41-SG,404.500,8.7,1125,10,2.5,-1,0501009A009F6A204800
2023-12-20T12:38:13.000Z,T4240483,8222,46.42820,8.54797,29451.1,5.4,53.9,81.4,-70.9,-1.0,-1.0,RS41-SG,404.500,9.9,1125,10,2.5,-1,0501009900861A204400
2023-12-20T12:38:17.000Z,T4240483,8226,46.42843,8.55077,29469.4,5.9,53.0,85.0,-70.7,-1.0,-1.0,RS41-SG,404.500,9.6,1125,10,2.6,-1,05010097009E8A204200
2023-12-20T12:38:18.000Z,T4240483,8227,46.42847,8.55144,29475.6,6.4,51.0,84.0,-70.6,-1.0,-1.0,RS41-SG,404.500,9.8,1125,10,2.6,-1,0501009600856A204900
2023-12-20T12:38:19.000Z,T4240483,8228,46.42852,8.55209,29481.3,5.0,50.3,82.9,-70.5,-1.0,-1.0,RS41-SG,404.500,9.3,1125,10,2.5,-1,05010095008B4A204700
2023-12-20T12:38:20.000Z,T4240483,8229,46.42858,8.55274,29486.5,5.1,50.5,82.5,-70.5,-1.0,-1.0,RS41-SG,404.500,9.3,1125,10,2.5,-1,-1
2023-12-20T12:38:23.000Z,T4240483,8232,46.42873,8.55471,29505.1,7.1,52.8,84.3,-70.5,-1.0,-1.0,RS41-SG,404.500,9.2,1125,10,2.6,-1,0501009400704A203C00
2023-12-20T12:38:24.000Z,T4240483,8233,46.42878,8.55541,29511.0,5.0,54.7,84.9,-70.5,-1.0,-1.0,RS41-SG,404.500,9.5,1125,10,2.6,-1,050100940071EA104300
2023-12-20T12:38:25.000Z,T4240483,8234,46.42881,8.55612,29515.4,3.7,55.2,86.5,-70.6,-1.0,-1.0,RS41-SG,404.500,9.7,1125,10,2.5,-1,0501009300921A204A00
2023-12-20T12:38:26.000Z,T4240483,8235,46.42884,8.55682,29519.5,4.3,54.4,86.9,-70.6,-1.0,-1.0,RS41-SG,404.500,9.7,1125,10,2.5,-1,05010093009B3A204700
2023-12-20T12:38:27.000Z,T4240483,8236,46.42888,8.55752,29524.1,5.1,53.9,85.3,-70.6,-1.0,-1.0,RS41-SG,404.500,10.5,1125,10,2.5,-1,0501009200ABBA203A00
2023-12-20T12:38:28.000Z,T4240483,8237,46.42892,8.55821,29530.0,6.4,52.9,84.8,-70.6,-1.0,-1.0,RS41-SG,404.500,10.5,1125,10,2.5,-1,05010091009E7A204E00
2023-12-20T12:38:30.000Z,T4240483,8239,46.42900,8.55954,29542.2,5.6,50.1,85.2,-70.6,-1.0,-1.0,RS41-SG,404.500,9.9,1125,10,2.6,-1,0501009000A47A204400
2023-12-20T12:38:32.000Z,T4240483,8241,46.42907,8.56084,29552.9,5.6,50.7,85.9,-70.5,-1.0,-1.0,RS41-SG,404.500,10.4,1125,10,2.5,-1,0501008F0092CA204300
2023-12-20T12:38:35.000Z,T4240483,8244,46.42912,8.56288,29570.5,5.3,54.0,88.4,-70.4,-1.0,-1.0,RS41-SG,404.500,10.0,1125,10,2.6,-1,0501008E007C6A203E00
2023-12-20T12:38:36.000Z,T4240483,8245,46.42914,8.56359,29575.9,5.7,54.9,87.8,-70.4,-1.0,-1.0,RS41-SG,404.500,10.7,1125,10,2.6,-1,0501008E0075CA204000
2023-12-20T12:38:37.000Z,T4240483,8246,46.42916,8.56430,29581.9,6.3,54.8,87.3,-70.4,-1.0,-1.0,RS41-SG,404.500,10.7,1125,10,2.6,-1,0501008D006B3A204C00
2023-12-20T12:38:39.000Z,T4240483,8248,46.42923,8.56567,29594.4,5.5,51.3,84.2,-70.5,-1.0,-1.0,RS41-SG,404.500,10.8,1125,10,2.5,-1,0501008C0065FA204000
2023-12-20T12:38:40.000Z,T4240483,8249,46.42928,8.56632,29600.1,5.8,51.0,83.2,-70.5,-1.0,-1.0,RS41-SG,404.500,10.9,1125,10,2.5,-1,0501008C00619A204400
2023-12-20T12:38:41.000Z,T4240483,8250,46.42933,8.56698,29606.4,7.1,51.9,83.7,-70.6,-1.0,-1.0,RS41-SG,404.500,11.0,1125,10,2.6,-1,0501008B00604A203900
2023-12-20T12:38:42.000Z,T4240483,8251,46.42938,8.56766,29613.6,7.5,53.0,85.8,-70.6,-1.0,-1.0,RS41-SG,404.500,11.0,1125,10,2.6,-1,0501008B007C0A104500
2023-12-20T12:38:43.000Z,T4240483,8252,46.42941,8.56835,29620.7,7.2,54.4,87.5,-70.5,-1.0,-1.0,RS41-SG,404.500,10.8,1125,10,2.5,-1,0501008A007F7A204400
2023-12-20T12:38:44.000Z,T4240483,8253,46.42942,8.56907,29627.8,6.5,56.7,88.4,-70.6,-1.0,-1.0,RS41-SG,404.500,11.4,1125,10,2.5,-1,0501U21300570000006EI
2023-12-20T12:38:45.000Z,T4240483,8254,46.42943,8.56983,29633.5,4.9,59.4,89.9,-70.6,-1.0,-1.0,RS41-SG,404.500,11.6,1125,10,2.6,-1,0501008A00795A204600
2023-12-20T12:38:47.000Z,T4240483,8256,46.42940,8.57139,29641.7,4.0,60.6,92.2,-70.3,-1.0,-1.0,RS41-SG,404.500,10.8,1125,10,2.5,-1,0501008900797A204800
2023-12-20T12:38:48.000Z,T4240483,8257,46.42939,8.57217,29646.1,4.8,59.6,90.9,-70.0,-1.0,-1.0,RS41-SG,404.500,12.1,1125,10,2.5,-1,050100890077EA204500
2023-12-20T12:38:49.000Z,T4240483,8258,46.42939,8.57294,29651.5,5.9,59.0,89.5,-69.9,-1.0,-1.0,RS41-SG,404.500,12.1,1125,10,2.5,-1,050100880077BA203F00
2023-12-20T12:38:50.000Z,T4240483,8259,46.42940,8.57370,29657.5,6.2,58.3,88.3,-69.8,-1.0,-1.0,RS41-SG,404.500,12.0,1125,10,2.6,-1,0501008800746A204400
2023-12-20T12:38:51.000Z,T4240483,8260,46.42942,8.57444,29663.1,5.1,57.1,87.6,-69.6,-1.0,-1.0,RS41-SG,404.500,12.0,1125,10,2.6,-1,05010088008E9A203900
2023-12-20T12:38:52.000Z,T4240483,8261,46.42944,8.57518,29668.2,5.3,56.4,86.4,-69.4,-1.0,-1.0,RS41-SG,404.500,12.0,1125,10,2.6,-1,05010087008A4A104100
2023-12-20T12:38:53.000Z,T4240483,8262,46.42948,8.57591,29674.0,6.0,57.1,86.1,-69.4,-1.0,-1.0,RS41-SG,404.500,11.5,1125,10,2.5,-1,05010087008B6A204500
2023-12-20T12:38:54.000Z,T4240483,8263,46.42951,8.57666,29680.1,6.2,59.2,87.3,-69.4,-1.0,-1.0,RS41-SG,404.500,12.3,1125,10,2.5,-1,050100870094BA204600
2023-12-20T12:38:55.000Z,T4240483,8264,46.42952,8.57744,29686.4,6.5,60.3,89.9,-69.4,-1.0,-1.0,RS41-SG,404.500,12.3,1125,10,2.5,-1,0501008600964A204100
2023-12-20T12:38:56.000Z,T4240483,8265,46.42951,8.57822,29692.7,5.8,61.0,91.6,-69.4,-1.0,-1.0,RS41-SG,404.500,11.4,1125,10,2.6,-1,05010086009E2A204100
2023-12-20T12:38:57.000Z,T4240483,8266,46.42949,8.57902,29697.6,4.5,61.7,92.1,-69.3,-1.0,-1.0,RS41-SG,404.500,11.6,1125,10,2.6,-1,05010086009D7A204600
2023-12-20T12:38:58.000Z,T4240483,8267,46.42947,8.57982,29702.0,4.3,62.7,92.6,-69.3,-1.0,-1.0,RS41-SG,404.500,11.6,1125,10,2.6,-1,0501008600920A204500
2023-12-20T12:39:00.000Z,T4240483,8269,46.42942,8.58143,29712.1,5.9,60.8,91.7,-69.3,-1.0,-1.0,RS41-SG,404.500,10.7,1125,10,2.5,-1,05010085008ADA204600
2023-12-20T12:39:01.000Z,T4240483,8270,46.42941,8.58220,29718.4,6.5,59.1,90.3,-69.2,-1.0,-1.0,RS41-SG,404.500,11.8,1125,10,2.5,-1,0501008500910A204200
2023-12-20T12:39:02.000Z,T4240483,8271,46.42942,8.58297,29724.5,6.0,58.3,88.3,-69.2,-1.0,-1.0,RS41-SG,404.500,11.8,1125,10,2.5,-1,050100850099CA204600
2023-12-20T12:39:03.000Z,T4240483,8272,46.42944,8.58372,29730.0,4.9,58.6,87.8,-69.2,-1.0,-1.0,RS41-SG,404.500,10.9,1125,10,2.6,-1,05010084009B4A203D00
2023-12-20T12:39:05.000Z,T4240483,8274,46.42946,8.58525,29740.3,5.6,59.5,90.0,-69.2,-1.0,-1.0,RS41-SG,404.500,10.5,1125,10,2.6,-1,0501008400873A203900
2023-12-20T12:39:06.000Z,T4240483,8275,46.42945,8.58603,29746.6,6.6,61.2,91.6,-69.2,-1.0,-1.0,RS41-SG,404.500,10.4,1125,10,2.5,-1,05010083007D1A104200
2023-12-20T12:39:08.000Z,T4240483,8277,46.42940,8.58766,29760.0,6.0,64.9,94.2,-69.2,-1.0,-1.0,RS41-SG,404.500,11.2,1125,10,2.5,-1,05010083006E7A204600
2023-12-20T12:39:09.000Z,T4240483,8278,46.42935,8.58850,29764.7,4.3,65.5,95.4,-69.3,-1.0,-1.0,RS41-SG,404.500,11.2,1125,10,2.6,-1,05010083006E3A204600
2023-12-20T12:39:11.000Z,T4240483,8280,46.42925,8.59018,29774.9,5.6,64.6,93.0,-69.2,-1.0,-1.0,RS41-SG,404.500,10.3,1125,10,2.6,-1,0501008200722A204000
2023-12-20T12:39:12.000Z,T4240483,8281,46.42923,8.59101,29780.8,6.2,64.2,91.0,-69.2,-1.0,-1.0,RS41-SG,404.500,10.3,1125,10,2.5,-1,05010082005F8A204400
2023-12-20T12:39:13.000Z,T4240483,8282,46.42923,8.59184,29787.2,6.1,63.5,89.7,-69.3,2.8,-1.0,RS41-SG,404.500,10.3,1125,10,2.5,-1,0501008100633A203E00
2023-12-20T12:39:14.000Z,T4240483,8283,46.42924,8.59265,29792.9,5.2,62.0,88.6,-69.3,2.8,-1.0,RS41-SG,404.500,9.7,1125,10,2.5,-1,0501008100657A204100
2023-12-20T12:39:15.000Z,T4240483,8284,46.42925,8.59345,29798.1,5.0,61.0,87.9,-69.2,2.8,-1.0,RS41-SG,404.500,9.5,1125,10,2.6,-1,05010081005BFA203900
2023-12-20T12:39:16.000Z,T4240483,8285,46.42927,8.59424,29803.5,6.2,61.3,88.3,-69.2,2.8,-1.0,RS41-SG,404.500,9.1,1125,10,2.6,-1,05010081005CAA204B00
2023-12-20T12:39:21.000Z,T4240483,8290,46.42912,8.59840,29832.8,4.6,67.4,95.2,-69.3,2.8,-1.0,RS41-SG,404.500,9.1,1125,10,2.5,-1,0501008000544A204100
2023-12-20T12:39:22.000Z,T4240483,8291,46.42907,8.59928,29837.6,5.4,68.3,94.2,-69.4,2.8,-1.0,RS41-SG,404.500,9.1,1125,10,2.5,-1,0501008000560A204400
2023-12-20T12:39:24.000Z,T4240483,8293,46.42901,8.60102,29849.7,6.6,66.5,91.1,-69.4,2.9,-1.0,RS41-SG,404.500,9.4,1125,10,2.6,-1,050100800053EA204600
2023-12-20T12:39:25.000Z,T4240483,8294,46.42901,8.60188,29855.8,6.0,66.1,88.9,-69.4,2.8,-1.0,RS41-SG,404.500,9.2,1125,10,2.6,-1,05010080006D1A203F00
2023-12-20T12:39:27.000Z,T4240483,8296,46.42904,8.60360,29866.4,5.3,66.7,88.8,-69.5,2.9,-1.0,RS41-SG,404.500,9.1,1125,10,2.5,-1,0501007F0071AA204500
2023-12-20T12:39:29.000Z,T4240483,8298,46.42903,8.60532,29878.1,6.7,66.9,92.3,-69.5,2.8,-1.0,RS41-SG,404.500,9.4,1125,10,2.5,-1,0501007F005BBA204200
2023-12-20T12:39:30.000Z,T4240483,8299,46.42900,8.60620,29884.7,6.5,68.3,94.1,-69.5,2.8,-1.0,RS41-SG,404.500,9.2,1125,10,2.6,-1,0501007F00577A104400
2023-12-20T12:39:31.000Z,T4240483,8300,46.42895,8.60709,29890.2,5.0,69.9,95.2,-69.5,2.8,-1.0,RS41-SG,404.500,9.2,1125,10,2.6,-1,0501007F00682A204800
2023-12-20T12:39:33.000Z,T4240483,8302,46.42880,8.60890,29899.8,5.2,70.1,97.0,-69.6,2.9,-1.0,RS41-SG,404.500,8.9,1125,10,2.5,-1,0501007F0061BA204200
2023-12-20T12:39:34.000Z,T4240483,8303,46.42874,8.60980,29905.7,6.5,69.8,95.0,-69.6,2.9,-1.0,RS41-SG,404.500,9.8,1125,10,2.5,-1,0501007F00612A203D00
2023-12-20T12:39:35.000Z,T4240483,8304,46.42870,8.61070,29912.2,6.6,70.0,93.0,-69.7,2.9,-1.0,RS41-SG,404.500,9.8,1125,10,2.5,-1,0501007F00643A204C00
2023-12-20T12:39:36.000Z,T4240483,8305,46.42867,8.61161,29918.2,5.6,70.6,91.7,-69.7,2.9,-1.0,RS41-SG,404.500,9.3,1125,10,2.6,-1,0501007F006E3A204900
2023-12-20T12:39:37.000Z,T4240483,8306,46.42865,8.61252,29923.4,5.1,70.4,91.0,-69.7,2.9,-1.0,RS41-SG,404.500,9.3,1125,10,2.6,-1,0501007E00710A204200
2023-12-20T12:39:39.000Z,T4240483,8308,46.42865,8.61435,29934.2,5.6,71.7,90.0,-69.7,2.9,-1.0,RS41-SG,404.500,9.5,1125,10,2.5,-1,0501007E00698A104900
2023-12-20T12:39:40.000Z,T4240483,8309,46.42864,8.61529,29939.8,5.8,73.5,90.9,-69.7,2.8,-1.0,RS41-SG,404.500,9.5,1125,10,2.5,-1,0501007E005D1A204A00
2023-12-20T12:39:43.000Z,T4240483,8312,46.42854,8.61819,29956.8,4.8,75.0,93.7,-69.7,2.8,-1.0,RS41-SG,404.500,8.3,1125,10,2.6,-1,0501007D005E4A203B00
2023-12-20T12:40:04.000Z,T4240483,8333,46.42816,8.63877,30070.3,4.7,79.1,94.8,-69.1,2.7,-1.0,RS41-SG,404.500,8.5,1125,10,2.6,-1,050100770056CA104300
2023-12-20T12:40:07.000Z,T4240483,8336,46.42797,8.64184,30083.6,5.4,80.0,94.3,-69.0,2.6,-1.0,RS41-SG,404.500,8.3,1125,10,2.5,-1,05010076005A6A204100
2023-12-20T12:40:11.000Z,T4240483,8340,46.42791,8.64589,30104.7,2.8,76.4,88.0,-68.3,2.4,-1.0,RS41-SG,404.500,9.2,1125,10,2.5,-1,0501007500571A204000
2023-12-20T12:40:13.000Z,T4240483,8342,46.42795,8.64787,30112.1,4.7,76.6,89.1,-68.1,2.4,-1.0,RS41-SG,404.500,8.8,1125,10,2.5,-1,050100740054EA203700
2023-12-20T12:40:18.000Z,T4240483,8347,46.42780,8.65289,30134.8,3.3,79.3,94.9,-67.7,2.3,-1.0,RS41-SG,404.500,9.7,1125,10,2.6,-1,05010073006B0A203F00
2023-12-20T12:40:20.000Z,T4240483,8349,46.42770,8.65491,30143.6,5.5,77.1,92.3,-67.6,2.3,-1.0,RS41-SG,404.500,8.3,1125,10,2.5,-1,0501007300669A104200
2023-12-20T12:40:24.000Z,T4240483,8353,46.42768,8.65886,30161.3,4.2,75.2,90.1,-67.5,2.3,-1.0,RS41-SG,404.500,8.9,1125,10,2.6,-1,0501007200623A203E00
2023-12-20T12:40:25.000Z,T4240483,8354,46.42768,8.65984,30165.4,4.5,75.5,90.8,-67.5,2.3,-1.0,RS41-SG,404.500,9.0,1125,10,2.6,-1,05010072005E9A204300
2023-12-20T12:40:27.000Z,T4240483,8356,46.42761,8.66182,30175.7,5.2,77.6,94.4,-67.5,2.3,-1.0,RS41-SG,404.500,9.7,1125,10,2.5,-1,050100710062FA204300
2023-12-20T12:40:28.000Z,T4240483,8357,46.42755,8.66282,30180.0,4.2,77.9,96.2,-67.5,2.3,-1.0,RS41-SG,404.500,9.7,1125,10,2.5,-1,050100710063CA203B00
2023-12-20T12:40:31.000Z,T4240483,8360,46.42732,8.66578,30192.0,4.5,75.3,95.0,-67.4,2.4,-1.0,RS41-SG,404.500,9.3,1125,10,2.6,-1,050100710058BA204300
2023-12-20T12:40:37.000Z,T4240483,8366,46.42719,8.67146,30216.5,4.3,74.8,92.0,-67.3,2.3,-1.0,RS41-SG,404.500,8.4,1125,10,2.5,-1,05010071004E8A204500
2023-12-20T12:40:45.000Z,T4240483,8374,46.42678,8.67920,30246.4,2.4,70.8,91.1,-67.1,2.3,-1.0,RS41-SG,404.500,8.8,1125,10,2.6,-1,0501U21300570000006EI
2023-12-20T12:40:46.000Z,T4240483,8375,46.42677,8.68011,30249.0,2.3,70.8,90.8,-67.0,2.2,-1.0,RS41-SG,404.500,8.4,1125,10,2.6,-1,050100720043CA204100
2023-12-20T12:40:47.000Z,T4240483,8376,46.42676,8.68103,30251.8,3.0,71.4,91.5,-67.0,2.3,-1.0,RS41-SG,404.500,8.4,1125,10,2.5,-1,050100720040FA203E00
2023-12-20T12:40:48.000Z,T4240483,8377,46.42673,8.68196,30255.1,3.6,71.7,92.5,-66.9,2.2,-1.0,RS41-SG,404.500,8.4,1125,10,2.5,-1,05010072003AEA204400
2023-12-20T12:40:51.000Z,T4240483,8380,46.42660,8.68482,30266.6,2.7,76.9,94.7,-66.8,2.2,-1.0,RS41-SG,404.500,10.3,1125,10,2.6,-1,05010073003C1A104400
2023-12-20T12:40:54.000Z,T4240483,8383,46.42644,8.68784,30273.0,2.7,77.3,92.9,-66.3,2.1,-1.0,RS41-SG,404.500,9.1,1125,10,2.5,-1,05010074003CEA203A00
2023-12-20T12:40:55.000Z,T4240483,8384,46.42641,8.68884,30276.2,3.2,76.5,90.9,-66.2,2.1,-1.0,RS41-SG,404.500,9.2,1125,10,2.5,-1,05010074003A6A104300
2023-12-20T12:40:59.000Z,T4240483,8388,46.42645,8.69268,30288.5,2.7,71.4,89.2,-65.8,2.0,-1.0,RS41-SG,404.500,8.0,1125,10,2.5,-1,05010074003EBA204400
2023-12-20T12:41:00.000Z,T4240483,8389,46.42645,8.69360,30291.8,3.6,71.7,90.9,-65.7,2.0,-1.0,RS41-SG,404.500,8.0,1125,10,2.5,-1,05010075003EDA204300
2023-12-20T12:41:01.000Z,T4240483,8390,46.42642,8.69454,30295.5,4.2,73.6,93.3,-65.7,2.0,-1.0,RS41-SG,404.500,8.2,1125,10,2.5,-1,050100750056BA204800
2023-12-20T12:41:15.000Z,T4240483,8404,46.42600,8.70890,30335.4,2.8,79.1,94.0,-62.0,1.4,-1.0,RS41-SG,404.500,8.1,1125,10,2.5,-1,050100780059AA203B00
2023-12-20T12:41:21.000Z,T4240483,8410,46.42570,8.71493,30352.8,2.5,76.0,90.8,-60.7,1.3,-1.0,RS41-SG,404.500,8.9,1125,10,2.5,-1,0501007800505A204300
2023-12-20T12:41:25.000Z,T4240483,8414,46.42566,8.71894,30363.5,3.9,79.6,92.1,-59.9,1.3,-1.0,RS41-SG,404.500,9.3,1125,10,2.6,-1,05010078004AEA104300
2023-12-20T12:41:26.000Z,T4240483,8415,46.42562,8.71998,30367.5,3.9,81.1,93.6,-59.7,1.3,-1.0,RS41-SG,404.500,9.3,1125,10,2.5,-1,0501007800526A104000
2023-12-20T12:41:27.000Z,T4240483,8416,46.42557,8.72103,30371.2,3.1,81.7,95.0,-59.6,1.4,-1.0,RS41-SG,404.500,9.6,1125,10,2.5,-1,05010078004F2A203A00
2023-12-20T12:41:31.000Z,T4240483,8420,46.42530,8.72508,30381.9,3.3,74.7,93.4,-59.3,1.4,-1.0,RS41-SG,404.500,9.6,1125,10,2.5,-1,050100770055EA204600
2023-12-20T12:41:32.000Z,T4240483,8421,46.42527,8.72604,30385.2,3.7,73.6,92.2,-59.2,1.4,-1.0,RS41-SG,404.500,9.6,1125,10,2.5,-1,0501007700561A204800
2023-12-20T12:41:33.000Z,T4240483,8422,46.42525,8.72698,30388.3,2.6,72.5,91.6,-59.2,1.4,-1.0,RS41-SG,404.500,9.5,1125,10,2.6,-1,0501007600554A204500
2023-12-20T12:41:36.000Z,T4240483,8425,46.42520,8.72982,30399.2,4.7,75.4,92.0,-59.1,1.3,-1.0,RS41-SG,404.500,8.0,1125,10,2.5,-1,0501007600503A104100
2023-12-20T12:41:38.000Z,T4240483,8427,46.42512,8.73185,30407.3,3.1,81.3,95.1,-59.1,1.4,-1.0,RS41-SG,404.500,9.0,1125,10,2.6,-1,0501007600480A204800
2023-12-20T12:41:44.000Z,T4240483,8433,46.42485,8.73830,30430.9,4.2,81.6,89.1,-58.6,1.4,-1.0,RS41-SG,404.500,9.1,1125,10,2.6,-1,050100750039CA104500
2023-12-20T12:41:45.000Z,T4240483,8434,46.42487,8.73935,30434.7,3.3,79.7,88.0,-58.4,1.3,-1.0,RS41-SG,404.500,9.1,1125,10,2.6,-1,05010074003B6A204700
2023-12-20T12:41:46.000Z,T4240483,8435,46.42490,8.74037,30437.6,2.9,77.8,86.9,-58.3,1.3,-1.0,RS41-SG,404.500,8.8,1125,10,2.6,-1,0501U21300570000006EI
2023-12-20T12:41:53.000Z,T4240483,8442,46.42484,8.74761,30467.3,4.9,85.4,91.6,-58.0,1.3,-1.0,RS41-SG,404.500,8.9,1125,10,2.5,-1,0501007200524A203A00
2023-12-20T12:41:54.000Z,T4240483,8443,46.42483,8.74872,30472.2,4.9,86.6,89.8,-57.9,1.3,-1.0,RS41-SG,404.500,9.0,1125,10,2.5,-1,050100720048FA204300
2023-12-20T12:41:55.000Z,T4240483,8444,46.42485,8.74985,30477.1,5.4,87.1,87.9,-57.9,1.3,-1.0,RS41-SG,404.500,9.8,1125,10,2.5,-1,0501007100450A204400
2023-12-20T12:41:56.000Z,T4240483,8445,46.42489,8.75097,30482.3,5.3,86.4,86.1,-57.8,1.3,-1.0,RS41-SG,404.500,9.8,1125,10,2.6,-1,0501007100420A104300
2023-12-20T12:41:59.000Z,T4240483,8448,46.42511,8.75424,30494.8,4.5,83.5,83.6,-57.7,1.3,-1.0,RS41-SG,404.500,10.1,1125,10,2.5,-1,0501006F004B5A204500
2023-12-20T12:42:01.000Z,T4240483,8450,46.42524,8.75638,30505.7,6.3,82.3,87.3,-57.6,1.2,-1.0,RS41-SG,404.500,9.0,1125,10,2.5,-1,0501006E0047CA204800
2023-12-20T12:42:03.000Z,T4240483,8452,46.42525,8.75849,30516.7,4.8,80.8,91.3,-57.5,1.3,-1.0,RS41-SG,404.500,9.2,1125,10,2.6,-1,0501006D00470A104700
2023-12-20T12:42:12.000Z,T4240483,8461,46.42547,8.76772,30569.0,6.6,80.2,84.9,-56.6,1.1,-1.0,RS41-SG,404.500,8.2,1125,10,2.5,-1,050100670048DA104300
2023-12-20T12:42:35.000Z,T4240483,8484,46.42616,8.79089,30748.7,9.6,74.8,84.5,-55.4,1.1,-1.0,RS41-SG,404.500,9.2,1125,10,2.6,-1,0501005900473A204000
2023-12-20T12:42:39.000Z,T4240483,8488,46.42625,8.79480,30791.7,9.2,78.1,91.9,-55.2,1.1,-1.0,RS41-SG,404.500,8.6,1125,10,2.6,-1,05010058004EBA203A00
2023-12-20T12:42:40.000Z,T4240483,8489,46.42622,8.79583,30800.5,8.4,79.9,93.1,-55.2,1.1,-1.0,RS41-SG,404.500,8.4,1125,10,2.6,-1,0501005800590A104600
2023-12-20T12:42:57.000Z,T4240483,8506,46.42592,8.81340,30989.8,11.2,85.1,90.1,-56.4,1.2,-1.0,RS41-SG,404.500,8.8,1125,10,2.6,-1,0501005A002CDA104900
