timestamp,serial,frame,lat,lon,alt,vel_v,vel_h,heading,temp,humidity,pressure,type,freq_mhz,snr,f_error_hz,sats,batt_v,burst_timer,aux_data
2023-05-31T12:22:33.000Z,DFM-20020104,1369570953,45.14799,6.09512,13446.0,4.0,8.7,253.0,-273.0,-1.0,-1.0,DFM09,402.590,11.2,-390,12,-1.0,-1,-1
2023-05-31T12:22:34.000Z,DFM-20020104,1369570954,45.14799,6.09501,13451.2,4.8,9.2,271.2,-273.0,-1.0,-1.0,DFM09,402.590,11.2,-390,12,-1.0,-1,-1
2023-05-31T12:22:35.000Z,DFM-20020104,1369570955,45.14798,6.09492,13455.7,3.5,7.2,255.6,-273.0,-1.0,-1.0,DFM09,402.590,9.8,-390,12,-1.0,-1,-1
2023-05-31T12:22:36.000Z,DFM-20020104,1369570956,45.14792,6.09483,13459.9,4.7,10.4,229.4,-273.0,-1.0,-1.0,DFM09,402.590,10.7,-390,12,-1.0,-1,-1
2023-05-31T12:22:37.000Z,DFM-20020104,1369570957,45.14791,6.09472,13464.9,4.1,9.7,246.8,-273.0,-1.0,-1.0,DFM09,402.590,10.7,-390,12,-1.0,-1,-1
2023-05-31T12:22:38.000Z,DFM-20020104,1369570958,45.14793,6.09462,13469.0,4.7,7.3,278.8,-273.0,-1.0,-1.0,DFM09,402.590,9.4,-390,12,-1.0,-1,-1
2023-05-31T12:22:39.000Z,DFM-20020104,1369570959,45.14791,6.09453,13472.5,2.9,9.2,260.8,-273.0,-1.0,-1.0,DFM09,402.590,9.2,-390,12,-1.0,-1,-1
2023-05-31T12:22:43.000Z,DFM-20020104,1369570963,45.14780,6.09409,13490.4,3.7,13.4,247.2,-52.7,-1.0,-1.0,DFM09,402.590,11.1,-390,12,4.9,-1,-1
2023-05-31T12:22:48.000Z,DFM-20020104,1369570968,45.14773,6.09353,13514.5,5.2,9.6,265.6,-52.7,-1.0,-1.0,DFM09,402.590,11.6,-390,12,4.9,-1,-1
2023-05-31T12:22:50.000Z,DFM-20020104,1369570970,45.14763,6.09336,13523.3,4.5,10.4,239.3,-52.7,-1.0,-1.0,DFM09,402.590,12.5,-390,12,4.9,-1,-1
2023-05-31T12:22:51.000Z,DFM-20020104,1369570971,45.14763,6.09323,13527.4,3.0,11.2,262.3,-52.7,-1.0,-1.0,DFM09,402.590,12.5,-390,12,4.9,-1,-1
2023-05-31T12:22:52.000Z,DFM-20020104,1369570972,45.14764,6.09312,13532.0,4.3,7.6,262.4,-52.7,-1.0,-1.0,DFM09,402.590,10.5,-390,12,4.9,-1,-1
2023-05-31T12:22:53.000Z,DFM-20020104,1369570973,45.14758,6.09301,13536.9,3.8,12.5,236.7,-52.7,-1.0,-1.0,DFM09,402.590,9.9,-390,12,4.9,-1,-1
2023-05-31T12:22:54.000Z,DFM-20020104,1369570974,45.14753,6.09289,13540.0,3.2,8.6,241.3,-52.8,-1.0,-1.0,DFM09,402.590,12.0,-390,11,4.9,-1,-1
2023-05-31T12:22:56.000Z,DFM-20020104,1369570976,45.14753,6.09268,13548.7,4.5,9.7,254.7,-52.7,-1.0,-1.0,DFM09,402.590,11.9,-390,12,4.9,-1,-1
2023-05-31T12:22:58.000Z,DFM-20020104,1369570978,45.14744,6.09238,13558.8,4.1,10.2,250.2,-52.5,-1.0,-1.0,DFM09,402.590,12.5,-390,12,4.9,-1,-1
2023-05-31T12:23:00.000Z,DFM-20020104,1369570980,45.14744,6.09223,13569.1,4.7,9.0,253.7,-52.7,-1.0,-1.0,DFM09,402.590,12.0,-390,12,4.9,-1,-1
2023-05-31T12:23:01.000Z,DFM-20020104,1369570981,45.14740,6.09205,13573.1,3.8,17.0,256.2,-52.7,-1.0,-1.0,DFM09,402.590,12.6,-390,12,4.9,-1,-1
2023-05-31T12:23:02.000Z,DFM-20020104,1369570982,45.14738,6.09190,13577.2,4.2,8.8,258.3,-52.8,-1.0,-1.0,DFM09,402.590,12.6,-390,12,4.9,-1,-1
2023-05-31T12:23:04.000Z,DFM-20020104,1369570984,45.14733,6.09175,13585.9,3.9,11.1,251.6,-52.8,-1.0,-1.0,DFM09,402.590,11.9,-390,12,4.9,-1,-1
2023-05-31T12:23:05.000Z,DFM-20020104,1369570985,45.14731,6.09158,13590.5,4.5,14.3,263.9,-52.7,-1.0,-1.0,DFM09,402.590,12.3,-390,12,4.9,-1,-1
2023-05-31T12:23:07.000Z,DFM-20020104,1369570987,45.14724,6.09140,13597.7,4.1,8.4,241.6,-52.7,-1.0,-1.0,DFM09,402.590,11.3,-390,12,4.9,-1,-1
2023-05-31T12:23:08.000Z,DFM-20020104,1369570988,45.14722,6.09127,13601.8,2.8,11.1,265.6,-52.6,-1.0,-1.0,DFM09,402.590,11.9,-390,12,4.9,-1,-1
2023-05-31T12:23:09.000Z,DFM-20020104,1369570989,45.14723,6.09113,13605.9,4.0,10.7,276.1,-52.5,-1.0,-1.0,DFM09,402.590,11.9,-390,12,4.9,-1,-1
2023-05-31T12:23:11.000Z,DFM-20020104,1369570991,45.14716,6.09092,13614.5,3.9,12.2,238.8,-52.4,-1.0,-1.0,DFM09,402.590,12.3,-390,12,4.9,-1,-1
2023-05-31T12:23:13.000Z,DFM-20020104,1369570993,45.14714,6.09071,13623.1,4.0,6.7,279.1,-52.4,-1.0,-1.0,DFM09,402.590,11.8,-390,12,4.9,-1,-1
2023-05-31T12:23:15.000Z,DFM-20020104,1369570995,45.14710,6.09044,13633.9,5.0,10.6,274.6,-52.5,-1.0,-1.0,DFM09,402.590,11.9,-390,12,4.9,-1,-1
2023-05-31T12:23:16.000Z,DFM-20020104,1369570996,45.14712,6.09035,13638.0,3.2,6.1,287.0,-52.6,-1.0,-1.0,DFM09,402.590,11.9,-390,12,4.9,-1,-1
2023-05-31T12:23:17.000Z,DFM-20020104,1369570997,45.14712,6.09029,13641.9,3.6,4.0,279.5,-52.6,-1.0,-1.0,DFM09,402.590,10.5,-390,12,4.9,-1,-1
2023-05-31T12:23:19.000Z,DFM-20020104,1369570999,45.14706,6.09001,13652.1,5.6,11.7,257.7,-52.7,-1.0,-1.0,DFM09,402.590,12.3,-390,12,4.9,-1,-1
2023-05-31T12:23:20.000Z,DFM-20020104,1369571000,45.14705,6.08993,13656.0,3.6,5.2,255.9,-52.6,-1.0,-1.0,DFM09,402.590,11.9,-390,12,4.9,-1,-1
2023-05-31T12:23:21.000Z,DFM-20020104,1369571001,45.14701,6.08985,13660.0,4.3,8.7,242.9,-52.6,-1.0,-1.0,DFM09,402.590,12.6,-390,12,4.9,-1,-1
2023-05-31T12:23:26.000Z,DFM-20020104,1369571006,45.14696,6.08933,13684.0,4.3,12.6,270.5,-52.8,-1.0,-1.0,DFM09,402.590,12.3,-390,11,4.9,-1,-1
2023-05-31T12:23:29.000Z,DFM-20020104,1369571009,45.14687,6.08909,13695.7,3.9,8.1,242.0,-52.7,-1.0,-1.0,DFM09,402.590,12.5,-488,12,4.9,-1,-1
2023-05-31T12:23:30.000Z,DFM-20020104,1369571010,45.14689,6.08899,13700.5,4.0,8.4,266.5,-52.7,-1.0,-1.0,DFM09,402.590,12.5,-390,12,4.9,-1,-1
2023-05-31T12:23:31.000Z,DFM-20020104,1369571011,45.14690,6.08891,13704.9,3.8,5.0,267.6,-52.7,-1.0,-1.0,DFM09,402.590,12.1,-390,12,4.9,-1,-1
2023-05-31T12:23:32.000Z,DFM-20020104,1369571012,45.14685,6.08883,13708.8,4.2,11.1,235.8,-52.8,-1.0,-1.0,DFM09,402.590,12.1,-488,12,4.9,-1,-1
2023-05-31T12:23:33.000Z,DFM-20020104,1369571013,45.14681,6.08873,13712.5,3.8,9.1,243.4,-52.8,-1.0,-1.0,DFM09,402.590,12.1,-488,12,4.9,-1,-1
2023-05-31T12:23:34.000Z,DFM-20020104,1369571014,45.14683,6.08866,13717.0,4.0,3.7,257.7,-52.8,-1.0,-1.0,DFM09,402.590,12.1,-390,12,4.9,-1,-1
2023-05-31T12:23:35.000Z,DFM-20020104,1369571015,45.14681,6.08859,13721.9,3.6,7.4,244.1,-52.9,-1.0,-1.0,DFM09,402.590,11.6,-390,12,4.9,-1,-1
2023-05-31T12:23:36.000Z,DFM-20020104,1369571016,45.14676,6.08847,13725.9,4.5,12.6,248.8,-52.8,-1.0,-1.0,DFM09,402.590,12.9,-488,12,4.9,-1,-1
2023-05-31T12:23:39.000Z,DFM-20020104,1369571019,45.14672,6.08825,13737.3,3.2,10.6,261.0,-52.9,-1.0,-1.0,DFM09,402.590,12.9,-488,11,4.9,-1,-1
2023-05-31T12:23:43.000Z,DFM-20020104,1369571023,45.14663,6.08792,13756.5,3.1,10.2,243.9,-53.0,-1.0,-1.0,DFM09,402.590,12.6,-488,12,4.9,-1,-1
2023-05-31T12:23:44.000Z,DFM-20020104,1369571024,45.14665,6.08781,13761.8,4.7,6.8,277.6,-53.0,-1.0,-1.0,DFM09,402.590,12.6,-488,12,4.9,-1,-1
2023-05-31T12:23:46.000Z,DFM-20020104,1369571026,45.14655,6.08767,13770.8,4.4,10.4,233.4,-52.9,-1.0,-1.0,DFM09,402.590,12.5,-488,12,4.9,-1,-1
2023-05-31T12:23:48.000Z,DFM-20020104,1369571028,45.14658,6.08754,13781.6,5.0,2.4,254.3,-52.9,-1.0,-1.0,DFM09,402.590,12.0,-488,11,4.9,-1,-1
2023-05-31T12:23:50.000Z,DFM-20020104,1369571030,45.14650,6.08736,13791.0,4.1,6.8,243.3,-53.0,-1.0,-1.0,DFM09,402.590,12.4,-488,12,4.9,-1,-1
2023-05-31T12:23:52.000Z,DFM-20020104,1369571032,45.14647,6.08728,13799.6,4.6,5.0,232.1,-53.1,-1.0,-1.0,DFM09,402.590,11.0,-488,12,4.9,-1,-1
2023-05-31T12:23:54.000Z,DFM-20020104,1369571034,45.14643,6.08705,13808.3,4.6,6.4,261.5,-53.2,-1.0,-1.0,DFM09,402.590,12.3,-488,12,4.9,-1,-1
2023-05-31T12:23:56.000Z,DFM-20020104,1369571036,45.14634,6.08697,13816.7,4.2,9.2,230.8,-53.2,-1.0,-1.0,DFM09,402.590,12.0,-488,12,4.9,-1,-1
2023-05-31T12:23:57.000Z,DFM-20020104,1369571037,45.14632,6.08686,13821.1,4.4,9.8,272.9,-53.2,-1.0,-1.0,DFM09,402.590,12.0,-488,12,4.9,-1,-1
2023-05-31T12:23:58.000Z,DFM-20020104,1369571038,45.14631,6.08677,13825.3,4.5,5.4,264.1,-53.2,-1.0,-1.0,DFM09,402.590,11.9,-488,12,4.9,-1,-1
2023-05-31T12:23:59.000Z,DFM-20020104,1369571039,45.14626,6.08670,13829.5,3.8,10.9,221.9,-53.2,-1.0,-1.0,DFM09,402.590,11.9,-488,12,4.9,-1,-1
2023-05-31T12:24:00.000Z,DFM-20020104,1369571040,45.14620,6.08661,13832.5,3.5,9.7,235.9,-53.2,-1.0,-1.0,DFM09,402.590,12.0,-488,11,4.9,-1,-1
2023-05-31T12:24:01.000Z,DFM-20020104,1369571041,45.14619,6.08654,13836.4,4.0,3.2,268.0,-53.2,-1.0,-1.0,DFM09,402.590,12.0,-488,12,4.9,-1,-1
2023-05-31T12:24:02.000Z,DFM-20020104,1369571042,45.14616,6.08650,13840.1,3.6,6.3,243.4,-53.1,-1.0,-1.0,DFM09,402.590,10.3,-488,12,4.9,-1,-1
2023-05-31T12:24:03.000Z,DFM-20020104,1369571043,45.14611,6.08640,13844.3,4.0,13.9,237.6,-53.0,-1.0,-1.0,DFM09,402.590,10.3,-488,12,4.9,-1,-1
2023-05-31T12:24:04.000Z,DFM-20020104,1369571044,45.14608,6.08628,13848.1,3.3,7.4,240.3,-52.8,-1.0,-1.0,DFM09,402.590,13.1,-488,12,4.9,-1,-1
2023-05-31T12:24:07.000Z,DFM-20020104,1369571047,45.14600,6.08613,13861.6,3.4,11.7,251.8,-52.9,-1.0,-1.0,DFM09,402.590,13.7,-488,12,4.9,-1,-1
2023-05-31T12:24:09.000Z,DFM-20020104,1369571049,45.14594,6.08597,13869.0,2.7,9.8,220.5,-52.9,-1.0,-1.0,DFM09,402.590,12.1,-488,12,4.9,-1,-1
2023-05-31T12:24:10.000Z,DFM-20020104,1369571050,45.14589,6.08589,13871.7,3.3,8.6,228.4,-52.8,-1.0,-1.0,DFM09,402.590,11.6,-488,12,4.9,-1,-1
2023-05-31T12:24:11.000Z,DFM-20020104,1369571051,45.14589,6.08581,13876.7,4.0,5.9,246.1,-52.8,-1.0,-1.0,DFM09,402.590,11.6,-488,12,4.9,-1,-1
2023-05-31T12:24:14.000Z,DFM-20020104,1369571054,45.14581,6.08556,13892.1,5.2,10.1,237.7,-52.8,-1.0,-1.0,DFM09,402.590,12.7,-488,12,4.9,-1,-1
2023-05-31T12:24:15.000Z,DFM-20020104,1369571055,45.14583,6.08547,13896.4,3.5,7.2,262.7,-52.9,-1.0,-1.0,DFM09,402.590,13.0,-488,12,4.9,-1,-1
2023-05-31T12:24:16.000Z,DFM-20020104,1369571056,45.14584,6.08538,13901.0,4.5,7.4,267.1,-52.9,-1.0,-1.0,DFM09,402.590,13.0,-488,12,4.9,-1,-1
2023-05-31T12:24:24.000Z,DFM-20020104,1369571064,45.14576,6.08464,13936.7,5.2,7.9,282.4,-52.7,-1.0,-1.0,DFM09,402.590,10.7,-488,12,4.9,-1,-1
2023-05-31T12:24:28.000Z,DFM-20020104,1369571068,45.14581,6.08419,13957.0,3.2,11.1,279.8,-52.5,-1.0,-1.0,DFM09,402.590,9.4,-585,12,4.9,-1,-1
2023-05-31T12:24:29.000Z,DFM-20020104,1369571069,45.14582,6.08403,13962.2,5.2,13.1,274.8,-52.4,-1.0,-1.0,DFM09,402.590,10.7,-488,11,4.9,-1,-1
2023-05-31T12:24:37.000Z,DFM-20020104,1369571077,45.14603,6.08317,13996.4,4.4,12.4,295.1,-52.3,-1.0,-1.0,DFM09,402.590,10.6,-488,12,4.9,-1,-1
2023-05-31T12:24:39.000Z,DFM-20020104,1369571079,45.14604,6.08302,14006.0,4.1,5.6,266.8,-52.3,-1.0,-1.0,DFM09,402.590,11.4,-585,12,4.9,-1,-1
2023-05-31T12:24:40.000Z,DFM-20020104,1369571080,45.14606,6.08292,14008.8,2.6,10.7,281.1,-52.3,-1.0,-1.0,DFM09,402.590,11.4,-585,12,4.9,-1,-1
2023-05-31T12:24:41.000Z,DFM-20020104,1369571081,45.14611,6.08281,14013.6,4.5,9.9,300.2,-52.3,-1.0,-1.0,DFM09,402.590,9.9,-488,12,4.9,-1,-1
2023-05-31T12:24:44.000Z,DFM-20020104,1369571084,45.14614,6.08252,14026.4,3.4,9.5,307.7,-52.5,-1.0,-1.0,DFM09,402.590,10.1,-585,12,4.9,-1,-1
2023-05-31T12:24:45.000Z,DFM-20020104,1369571085,45.14621,6.08243,14030.9,4.1,9.3,315.9,-52.6,-1.0,-1.0,DFM09,402.590,10.7,-585,12,4.9,-1,-1
2023-05-31T12:24:46.000Z,DFM-20020104,1369571086,45.14623,6.08233,14034.6,2.3,9.2,297.0,-52.6,-1.0,-1.0,DFM09,402.590,10.7,-585,12,4.9,-1,-1
2023-05-31T12:24:48.000Z,DFM-20020104,1369571088,45.14624,6.08210,14043.9,2.7,7.2,279.6,-52.7,-1.0,-1.0,DFM09,402.590,11.4,-585,12,4.9,-1,-1
2023-05-31T12:24:50.000Z,DFM-20020104,1369571090,45.14629,6.08193,14053.5,3.6,10.9,277.3,-52.7,-1.0,-1.0,DFM09,402.590,9.1,-585,12,4.9,-1,-1
2023-05-31T12:24:51.000Z,DFM-20020104,1369571091,45.14629,6.08179,14058.0,4.2,11.1,273.8,-52.7,-1.0,-1.0,DFM09,402.590,10.7,-585,12,4.9,-1,-1
2023-05-31T12:24:54.000Z,DFM-20020104,1369571094,45.14636,6.08156,14070.8,2.8,12.1,284.7,-52.8,-1.0,-1.0,DFM09,402.590,10.3,-585,11,4.9,-1,-1
2023-05-31T12:24:55.000Z,DFM-20020104,1369571095,45.14640,6.08142,14076.0,4.0,11.7,294.2,-52.8,-1.0,-1.0,DFM09,402.590,10.3,-585,12,4.9,-1,-1
2023-05-31T12:24:59.000Z,DFM-20020104,1369571099,45.14648,6.08105,14094.8,4.2,9.3,301.2,-52.8,-1.0,-1.0,DFM09,402.590,10.0,-585,11,4.9,-1,-1
2023-05-31T12:25:01.000Z,DFM-20020104,1369571101,45.14646,6.08084,14102.0,3.2,8.9,256.7,-52.9,-1.0,-1.0,DFM09,402.590,9.6,-585,12,4.9,-1,-1
2023-05-31T12:25:03.000Z,DFM-20020104,1369571103,45.14652,6.08069,14109.9,3.5,5.6,295.4,-53.0,-1.0,-1.0,DFM09,402.590,8.6,-585,12,4.9,-1,-1
2023-05-31T12:25:08.000Z,DFM-20020104,1369571108,45.14659,6.08018,14136.6,4.5,14.3,277.3,-53.1,-1.0,-1.0,DFM09,402.590,9.5,-585,12,4.9,-1,-1
2023-05-31T12:25:11.000Z,DFM-20020104,1369571111,45.14660,6.07993,14151.4,5.1,7.4,265.6,-53.0,-1.0,-1.0,DFM09,402.590,10.3,-585,12,4.9,-1,-1
2023-05-31T12:25:16.000Z,DFM-20020104,1369571116,45.14668,6.07942,14150.3,-5.3,7.5,277.7,-53.2,-1.0,-1.0,DFM09,402.590,10.3,-585,12,4.9,-1,-1
2023-05-31T12:25:18.000Z,DFM-20020104,1369571118,45.14672,6.07928,14137.2,-6.1,6.7,265.9,-53.3,-1.0,-1.0,DFM09,402.590,9.0,-585,12,4.9,-1,-1
2023-05-31T12:25:19.000Z,DFM-20020104,1369571119,45.14672,6.07917,14130.4,-6.2,10.5,277.4,-53.2,-1.0,-1.0,DFM09,402.590,9.0,-585,12,4.9,-1,-1
2023-05-31T12:25:21.000Z,DFM-20020104,1369571121,45.14674,6.07899,14117.0,-6.7,9.7,271.7,-52.9,-1.0,-1.0,DFM09,402.590,9.0,-585,12,4.9,-1,-1
2023-05-31T12:25:22.000Z,DFM-20020104,1369571122,45.14676,6.07891,14110.0,-7.3,6.6,305.4,-53.0,-1.0,-1.0,DFM09,402.590,9.0,-585,12,4.9,-1,-1
2023-05-31T12:25:23.000Z,DFM-20020104,1369571123,45.14678,6.07882,14102.9,-7.2,7.8,293.6,-52.9,-1.0,-1.0,DFM09,402.590,8.3,-585,12,4.9,-1,-1
2023-05-31T12:25:54.000Z,DFM-20020104,1369571154,45.14723,6.07570,13890.9,-6.8,9.3,245.9,-273.0,-1.0,-1.0,DFM09,402.590,7.9,-585,12,4.9,-1,-1
2023-05-31T12:26:04.000Z,DFM-20020104,1369571164,45.14697,6.07496,13827.5,-6.4,9.1,239.7,-273.0,-1.0,-1.0,DFM09,402.590,7.7,-585,12,4.9,-1,-1
2023-05-31T12:26:29.000Z,DFM-20020104,1369571189,45.14637,6.07301,13660.8,-7.2,9.3,242.2,-273.0,-1.0,-1.0,DFM09,402.590,6.9,-585,12,4.9,-1,-1
2023-05-31T12:26:38.000Z,DFM-20020104,1369571198,45.14625,6.07208,13602.2,-7.0,8.0,256.1,-52.6,-1.0,-1.0,DFM09,402.590,7.8,-585,12,4.9,-1,-1
2023-05-31T12:26:46.000Z,DFM-20020104,1369571206,45.14605,6.07120,13555.1,-6.6,14.3,251.0,-52.9,-1.0,-1.0,DFM09,402.590,7.1,-585,12,4.9,-1,-1
2023-05-31T12:26:49.000Z,DFM-20020104,1369571209,45.14597,6.07085,13538.1,-6.6,10.1,261.0,-52.8,-1.0,-1.0,DFM09,402.590,9.9,-585,12,4.9,-1,-1
2023-05-31T12:26:50.000Z,DFM-20020104,1369571210,45.14593,6.07075,13532.2,-6.4,7.1,231.7,-52.8,-1.0,-1.0,DFM09,402.590,7.6,-585,12,4.9,-1,-1
2023-05-31T12:26:53.000Z,DFM-20020104,1369571213,45.14584,6.07046,13513.9,-6.5,10.3,239.9,-52.8,-1.0,-1.0,DFM09,402.590,8.5,-585,12,4.8,-1,-1
2023-05-31T12:26:57.000Z,DFM-20020104,1369571217,45.14577,6.07008,13487.9,-6.0,3.8,254.7,-52.9,-1.0,-1.0,DFM09,402.590,7.0,-585,12,4.8,-1,-1
2023-05-31T12:26:58.000Z,DFM-20020104,1369571218,45.14575,6.06997,13481.8,-6.5,11.2,248.5,-52.8,-1.0,-1.0,DFM09,402.590,8.3,-585,12,4.8,-1,-1
2023-05-31T12:27:03.000Z,DFM-20020104,1369571223,45.14564,6.06953,13449.0,-7.0,10.7,242.6,-52.8,-1.0,-1.0,DFM09,402.590,7.5,-585,12,4.9,-1,-1
2023-05-31T12:27:05.000Z,DFM-20020104,1369571225,45.14562,6.06936,13434.4,-6.9,5.7,258.4,-52.6,-1.0,-1.0,DFM09,402.590,9.0,-585,12,4.9,-1,-1
2023-05-31T12:27:06.000Z,DFM-20020104,1369571226,45.14561,6.06928,13427.7,-6.6,8.7,264.2,-52.4,-1.0,-1.0,DFM09,402.590,9.0,-585,12,4.9,-1,-1
2023-05-31T12:27:08.000Z,DFM-20020104,1369571228,45.14557,6.06909,13414.6,-6.8,9.8,253.9,-52.5,-1.0,-1.0,DFM09,402.590,10.1,-585,12,4.9,-1,-1
2023-05-31T12:27:13.000Z,DFM-20020104,1369571233,45.14546,6.06867,13383.4,-6.3,11.5,249.2,-52.6,-1.0,-1.0,DFM09,402.590,8.3,-585,12,4.9,-1,-1
2023-05-31T12:27:15.000Z,DFM-20020104,1369571235,45.14542,6.06852,13370.4,-6.7,6.3,247.1,-52.8,-1.0,-1.0,DFM09,402.590,7.2,-585,12,4.9,-1,-1
2023-05-31T12:27:17.000Z,DFM-20020104,1369571237,45.14537,6.06836,13357.2,-6.9,6.1,229.3,-52.9,-1.0,-1.0,DFM09,402.590,9.5,-585,12,4.9,-1,-1
2023-05-31T12:27:18.000Z,DFM-20020104,1369571238,45.14534,6.06827,13349.5,-7.6,9.4,247.1,-52.9,-1.0,-1.0,DFM09,402.590,9.5,-585,12,4.9,-1,-1
2023-05-31T12:27:19.000Z,DFM-20020104,1369571239,45.14532,6.06819,13343.3,-6.4,5.2,250.8,-52.9,-1.0,-1.0,DFM09,402.590,9.4,-585,12,4.9,-1,-1
2023-05-31T12:27:26.000Z,DFM-20020104,1369571246,45.14516,6.06774,13304.8,-5.4,4.1,250.1,-52.8,-1.0,-1.0,DFM09,402.590,8.7,-585,12,4.9,-1,-1
2023-05-31T12:27:27.000Z,DFM-20020104,1369571247,45.14514,6.06767,13300.1,-5.4,6.5,252.8,-52.8,-1.0,-1.0,DFM09,402.590,8.7,-585,12,4.9,-1,-1
2023-05-31T12:27:28.000Z,DFM-20020104,1369571248,45.14512,6.06762,13294.8,-5.9,3.3,244.2,-52.8,-1.0,-1.0,DFM09,402.590,8.7,-683,12,4.9,-1,-1
2023-05-31T12:27:31.000Z,DFM-20020104,1369571251,45.14501,6.06745,13276.0,-7.0,6.9,234.8,-53.0,-1.0,-1.0,DFM09,402.590,9.4,-585,12,4.9,-1,-1
2023-05-31T12:27:33.000Z,DFM-20020104,1369571253,45.14495,6.06731,13261.2,-7.6,6.3,220.4,-53.0,-1.0,-1.0,DFM09,402.590,9.4,-683,12,4.9,-1,-1
2023-05-31T12:27:34.000Z,DFM-20020104,1369571254,45.14491,6.06723,13253.8,-7.7,10.2,241.2,-53.0,-1.0,-1.0,DFM09,402.590,9.4,-585,12,4.9,-1,-1
2023-05-31T12:27:36.000Z,DFM-20020104,1369571256,45.14484,6.06709,13240.5,-6.6,10.3,231.3,-53.0,-1.0,-1.0,DFM09,402.590,8.9,-683,12,4.8,-1,-1
2023-05-31T12:27:38.000Z,DFM-20020104,1369571258,45.14478,6.06693,13228.4,-6.6,7.5,244.2,-53.0,-1.0,-1.0,DFM09,402.590,9.3,-585,12,4.8,-1,-1
2023-05-31T12:27:39.000Z,DFM-20020104,1369571259,45.14475,6.06683,13222.4,-6.5,9.5,254.1,-53.0,-1.0,-1.0,DFM09,402.590,9.8,-585,12,4.8,-1,-1
2023-05-31T12:27:41.000Z,DFM-20020104,1369571261,45.14467,6.06665,13209.8,-6.7,11.5,243.8,-53.0,-1.0,-1.0,DFM09,402.590,7.9,-683,12,4.8,-1,-1
2023-05-31T12:27:43.000Z,DFM-20020104,1369571263,45.14460,6.06645,13196.4,-6.9,10.3,235.2,-52.8,-1.0,-1.0,DFM09,402.590,9.3,-683,12,4.8,-1,-1
2023-05-31T12:27:45.000Z,DFM-20020104,1369571265,45.14457,6.06625,13184.3,-6.3,6.7,252.1,-52.8,-1.0,-1.0,DFM09,402.590,8.4,-683,12,4.8,-1,-1
2023-05-31T12:27:46.000Z,DFM-20020104,1369571266,45.14455,6.06613,13178.8,-6.4,12.5,254.5,-52.8,-1.0,-1.0,DFM09,402.590,7.4,-585,12,4.8,-1,-1
2023-05-31T12:27:51.000Z,DFM-20020104,1369571271,45.14437,6.06557,13146.0,-7.8,14.1,246.5,-52.7,-1.0,-1.0,DFM09,402.590,7.9,-683,12,4.9,-1,-1
2023-05-31T12:27:54.000Z,DFM-20020104,1369571274,45.14426,6.06525,13123.6,-7.8,12.1,248.3,-52.8,-1.0,-1.0,DFM09,402.590,8.1,-585,12,4.9,-1,-1
2023-05-31T12:27:55.000Z,DFM-20020104,1369571275,45.14422,6.06515,13116.6,-7.5,7.0,235.8,-52.7,-1.0,-1.0,DFM09,402.590,8.7,-683,12,4.9,-1,-1
2023-05-31T12:27:56.000Z,DFM-20020104,1369571276,45.14417,6.06505,13110.3,-7.2,12.4,238.0,-52.7,-1.0,-1.0,DFM09,402.590,8.9,-683,12,4.9,-1,-1
2023-05-31T12:27:59.000Z,DFM-20020104,1369571279,45.14401,6.06473,13090.5,-7.4,11.7,242.3,-52.8,-1.0,-1.0,DFM09,402.590,8.9,-683,12,4.9,-1,-1
2023-05-31T12:28:01.000Z,DFM-20020104,1369571281,45.14394,6.06453,13078.0,-7.0,12.0,239.4,-52.8,-1.0,-1.0,DFM09,402.590,8.2,-683,12,4.9,-1,-1
2023-05-31T12:28:06.000Z,DFM-20020104,1369571286,45.14373,6.06403,13043.6,-7.8,12.6,246.5,-52.8,-1.0,-1.0,DFM09,402.590,8.9,-683,12,4.8,-1,-1
2023-05-31T12:28:08.000Z,DFM-20020104,1369571288,45.14363,6.06384,13030.2,-6.6,10.2,229.3,-52.8,-1.0,-1.0,DFM09,402.590,8.3,-683,12,4.8,-1,-1
2023-05-31T12:28:11.000Z,DFM-20020104,1369571291,45.14350,6.06359,13010.8,-6.8,9.7,239.1,-52.8,-1.0,-1.0,DFM09,402.590,8.8,-683,12,4.8,-1,-1
2023-05-31T12:28:13.000Z,DFM-20020104,1369571293,45.14340,6.06344,12998.1,-7.0,11.6,224.3,-52.6,-1.0,-1.0,DFM09,402.590,8.8,-683,12,4.9,-1,-1
2023-05-31T12:28:14.000Z,DFM-20020104,1369571294,45.14336,6.06334,12992.4,-6.1,9.4,235.6,-52.7,-1.0,-1.0,DFM09,402.590,8.8,-683,12,4.9,-1,-1
2023-05-31T12:28:19.000Z,DFM-20020104,1369571299,45.14308,6.06287,12963.0,-6.3,9.8,242.0,-52.9,-1.0,-1.0,DFM09,402.590,8.7,-683,12,4.8,-1,-1
2023-05-31T12:28:28.000Z,DFM-20020104,1369571308,45.14265,6.06195,12907.9,-7.4,12.3,245.6,-52.6,-1.0,-1.0,DFM09,402.590,8.0,-683,12,4.8,-1,-1
2023-05-31T12:28:35.000Z,DFM-20020104,1369571315,45.14241,6.06117,12862.1,-7.2,12.2,257.9,-52.7,-1.0,-1.0,DFM09,402.590,7.8,-683,12,4.8,-1,-1
2023-05-31T12:28:37.000Z,DFM-20020104,1369571317,45.14236,6.06095,12848.7,-7.2,12.4,248.9,-52.8,-1.0,-1.0,DFM09,402.590,8.4,-683,11,4.8,-1,-1
2023-05-31T12:28:42.000Z,DFM-20020104,1369571322,45.14218,6.06037,12814.5,-7.8,14.3,250.3,-52.6,-1.0,-1.0,DFM09,402.590,9.1,-683,12,4.8,-1,-1
2023-05-31T12:28:43.000Z,DFM-20020104,1369571323,45.14216,6.06024,12807.3,-7.8,6.1,261.5,-52.7,-1.0,-1.0,DFM09,402.590,9.1,-683,12,4.8,-1,-1
2023-05-31T12:28:44.000Z,DFM-20020104,1369571324,45.14214,6.06015,12801.0,-7.1,9.4,246.6,-52.6,-1.0,-1.0,DFM09,402.590,9.2,-781,12,4.8,-1,-1
2023-05-31T12:28:47.000Z,DFM-20020104,1369571327,45.14205,6.05984,12784.6,-7.0,13.0,246.3,-52.6,-1.0,-1.0,DFM09,402.590,6.7,-781,12,4.8,-1,-1
2023-05-31T12:28:49.000Z,DFM-20020104,1369571329,45.14198,6.05963,12771.0,-6.9,9.8,245.8,-52.5,-1.0,-1.0,DFM09,402.590,9.5,-781,12,4.8,-1,-1
2023-05-31T12:28:50.000Z,DFM-20020104,1369571330,45.14197,6.05952,12765.9,-5.7,9.2,263.3,-52.5,-1.0,-1.0,DFM09,402.590,9.5,-683,12,4.8,-1,-1
2023-05-31T12:28:54.000Z,DFM-20020104,1369571334,45.14180,6.05911,12742.9,-6.5,9.7,236.7,-52.3,-1.0,-1.0,DFM09,402.590,7.2,-781,12,4.8,-1,-1
2023-05-31T12:29:00.000Z,DFM-20020104,1369571340,45.14162,6.05851,12706.3,-6.9,6.2,251.6,-52.0,-1.0,-1.0,DFM09,402.590,8.6,-781,12,4.8,-1,-1
2023-05-31T12:29:10.000Z,DFM-20020104,1369571350,45.14124,6.05747,12640.1,-7.5,12.3,247.8,-52.0,-1.0,-1.0,DFM09,402.590,7.5,-781,12,4.8,-1,-1
2023-05-31T12:29:11.000Z,DFM-20020104,1369571351,45.14122,6.05735,12632.4,-7.1,9.6,267.9,-52.1,-1.0,-1.0,DFM09,402.590,7.5,-781,12,4.8,-1,-1
2023-05-31T12:29:17.000Z,DFM-20020104,1369571357,45.14095,6.05662,12589.3,-8.7,10.6,236.8,-52.0,-1.0,-1.0,DFM09,402.590,10.1,-781,12,4.8,-1,-1
2023-05-31T12:29:18.000Z,DFM-20020104,1369571358,45.14092,6.05648,12581.8,-7.9,13.0,257.8,-52.0,-1.0,-1.0,DFM09,402.590,10.1,-781,12,4.8,-1,-1
2023-05-31T12:29:22.000Z,DFM-20020104,1369571362,45.14075,6.05593,12553.7,-8.4,15.7,239.8,-51.7,-1.0,-1.0,DFM09,402.590,7.9,-781,12,4.8,-1,-1
2023-05-31T12:29:23.000Z,DFM-20020104,1369571363,45.14071,6.05577,12547.3,-7.1,10.2,262.1,-51.7,-1.0,-1.0,DFM09,402.590,7.9,-781,11,4.8,-1,-1
2023-05-31T12:29:24.000Z,DFM-20020104,1369571364,45.14067,6.05565,12540.7,-7.6,12.5,236.8,-51.6,-1.0,-1.0,DFM09,402.590,9.2,-781,12,4.8,-1,-1
2023-05-31T12:29:25.000Z,DFM-20020104,1369571365,45.14061,6.05550,12534.4,-7.2,14.6,251.8,-51.7,-1.0,-1.0,DFM09,402.590,9.2,-781,12,4.8,-1,-1
2023-05-31T12:29:26.000Z,DFM-20020104,1369571366,45.14056,6.05537,12527.8,-7.9,9.9,230.2,-51.6,-1.0,-1.0,DFM09,402.590,8.5,-781,12,4.8,-1,-1
2023-05-31T12:29:28.000Z,DFM-20020104,1369571368,45.14043,6.05506,12515.5,-6.7,12.8,242.9,-51.6,-1.0,-1.0,DFM09,402.590,10.0,-781,11,4.8,-1,-1
2023-05-31T12:29:30.000Z,DFM-20020104,1369571370,45.14031,6.05476,12505.4,-5.8,15.9,248.4,-51.7,-1.0,-1.0,DFM09,402.590,10.3,-781,12,4.8,-1,-1
2023-05-31T12:29:31.000Z,DFM-20020104,1369571371,45.14027,6.05462,12499.9,-6.7,8.9,241.1,-51.7,-1.0,-1.0,DFM09,402.590,10.3,-781,12,4.8,-1,-1
2023-05-31T12:29:32.000Z,DFM-20020104,1369571372,45.14021,6.05449,12495.5,-6.2,15.5,235.9,-51.8,-1.0,-1.0,DFM09,402.590,10.3,-781,12,4.8,-1,-1
2023-05-31T12:29:33.000Z,DFM-20020104,1369571373,45.14016,6.05432,12490.9,-5.5,14.8,249.3,-51.8,-1.0,-1.0,DFM09,402.590,10.3,-781,12,4.8,-1,-1
2023-05-31T12:29:34.000Z,DFM-20020104,1369571374,45.14010,6.05418,12486.0,-5.7,12.1,230.7,-51.8,-1.0,-1.0,DFM09,402.590,9.5,-781,12,4.8,-1,-1
2023-05-31T12:29:35.000Z,DFM-20020104,1369571375,45.14002,6.05403,12481.0,-5.3,17.4,232.8,-51.8,-1.0,-1.0,DFM09,402.590,10.1,-781,12,4.8,-1,-1
2023-05-31T12:29:36.000Z,DFM-20020104,1369571376,45.13993,6.05386,12476.0,-6.1,16.9,234.1,-51.9,-1.0,-1.0,DFM09,402.590,10.2,-781,12,4.8,-1,-1
2023-05-31T12:29:37.000Z,DFM-20020104,1369571377,45.13985,6.05373,12470.7,-5.7,13.1,223.3,-52.0,-1.0,-1.0,DFM09,402.590,10.2,-781,12,4.8,-1,-1
2023-05-31T12:29:38.000Z,DFM-20020104,1369571378,45.13976,6.05358,12465.6,-5.2,18.3,230.2,-52.1,-1.0,-1.0,DFM09,402.590,11.6,-781,12,4.8,-1,-1
2023-05-31T12:29:39.000Z,DFM-20020104,1369571379,45.13969,6.05343,12460.4,-5.7,12.5,242.8,-52.3,-1.0,-1.0,DFM09,402.590,11.6,-781,12,4.8,-1,-1
2023-05-31T12:29:40.000Z,DFM-20020104,1369571380,45.13963,6.05331,12455.3,-6.0,11.5,225.2,-52.4,-1.0,-1.0,DFM09,402.590,9.3,-781,12,4.8,-1,-1
2023-05-31T12:29:41.000Z,DFM-20020104,1369571381,45.13954,6.05317,12449.8,-5.3,17.7,233.6,-52.4,-1.0,-1.0,DFM09,402.590,9.6,-781,12,4.8,-1,-1
2023-05-31T12:29:43.000Z,DFM-20020104,1369571383,45.13939,6.05292,12440.3,-4.7,12.4,211.8,-52.4,-1.0,-1.0,DFM09,402.590,10.6,-781,12,4.8,-1,-1
2023-05-31T12:29:45.000Z,DFM-20020104,1369571385,45.13923,6.05266,12430.0,-5.5,10.6,237.1,-52.9,-1.0,-1.0,DFM09,402.590,10.6,-781,12,4.8,-1,-1
2023-05-31T12:29:46.000Z,DFM-20020104,1369571386,45.13915,6.05256,12424.7,-5.7,14.1,214.8,-53.3,-1.0,-1.0,DFM09,402.590,10.5,-781,12,4.8,-1,-1
2023-05-31T12:29:47.000Z,DFM-20020104,1369571387,45.13905,6.05242,12419.8,-4.9,17.2,230.2,-53.6,-1.0,-1.0,DFM09,402.590,10.0,-781,12,4.8,-1,-1
2023-05-31T12:29:48.000Z,DFM-20020104,1369571388,45.13897,6.05228,12414.7,-5.3,11.4,235.5,-53.6,-1.0,-1.0,DFM09,402.590,10.0,-781,12,4.8,-1,-1
2023-05-31T12:29:49.000Z,DFM-20020104,1369571389,45.13889,6.05219,12409.2,-5.4,12.3,210.0,-54.1,-1.0,-1.0,DFM09,402.590,8.5,-781,12,4.8,-1,-1
2023-05-31T12:29:50.000Z,DFM-20020104,1369571390,45.13879,6.05206,12404.1,-5.5,16.8,230.1,-54.2,-1.0,-1.0,DFM09,402.590,10.6,-781,12,4.8,-1,-1
2023-05-31T12:29:51.000Z,DFM-20020104,1369571391,45.13872,6.05192,12398.8,-5.4,11.1,238.3,-54.3,-1.0,-1.0,DFM09,402.590,10.6,-781,12,4.8,-1,-1
2023-05-31T12:29:52.000Z,DFM-20020104,1369571392,45.13864,6.05182,12393.1,-5.8,14.0,212.0,-54.4,-1.0,-1.0,DFM09,402.590,10.2,-781,12,4.8,-1,-1
2023-05-31T12:29:53.000Z,DFM-20020104,1369571393,45.13853,6.05167,12387.9,-5.2,18.0,231.0,-54.6,-1.0,-1.0,DFM09,402.590,9.5,-781,12,4.8,-1,-1
2023-05-31T12:29:54.000Z,DFM-20020104,1369571394,45.13847,6.05152,12382.5,-5.4,11.1,244.1,-54.6,-1.0,-1.0,DFM09,402.590,9.5,-781,12,4.8,-1,-1
2023-05-31T12:29:56.000Z,DFM-20020104,1369571396,45.13832,6.05124,12371.4,-5.8,17.8,235.8,-54.6,-1.0,-1.0,DFM09,402.590,10.2,-781,12,4.8,-1,-1
2023-05-31T12:29:59.000Z,DFM-20020104,1369571399,45.13808,6.05082,12353.2,-6.6,15.1,242.2,-54.7,-1.0,-1.0,DFM09,402.590,9.0,-781,12,4.8,-1,-1
2023-05-31T12:30:00.000Z,DFM-20020104,1369571400,45.13801,6.05070,12347.4,-6.3,10.5,219.6,-54.8,-1.0,-1.0,DFM09,402.590,8.2,-781,12,4.8,-1,-1
2023-05-31T12:30:01.000Z,DFM-20020104,1369571401,45.13791,6.05058,12341.9,-5.8,17.8,227.6,-54.9,-1.0,-1.0,DFM09,402.590,9.2,-781,12,4.8,-1,-1
2023-05-31T12:30:02.000Z,DFM-20020104,1369571402,45.13785,6.05041,12337.1,-5.5,13.3,248.7,-54.9,-1.0,-1.0,DFM09,402.590,9.2,-781,11,4.8,-1,-1
2023-05-31T12:30:03.000Z,DFM-20020104,1369571403,45.13778,6.05028,12332.4,-4.8,12.3,220.2,-54.9,-1.0,-1.0,DFM09,402.590,7.6,-781,10,4.8,-1,-1
2023-05-31T12:30:04.000Z,DFM-20020104,1369571404,45.13768,6.05014,12327.9,-4.9,17.8,233.8,-55.0,-1.0,-1.0,DFM09,402.590,9.2,-781,12,4.8,-1,-1
2023-05-31T12:30:06.000Z,DFM-20020104,1369571406,45.13756,6.04986,12318.6,-4.8,11.1,228.3,-55.0,-1.0,-1.0,DFM09,402.590,8.9,-781,11,4.8,-1,-1
2023-05-31T12:30:07.000Z,DFM-20020104,1369571407,45.13747,6.04972,12313.4,-5.5,17.6,232.0,-54.9,-1.0,-1.0,DFM09,402.590,8.3,-781,12,4.8,-1,-1
2023-05-31T12:30:11.000Z,DFM-20020104,1369571411,45.13717,6.04912,12292.3,-5.2,15.4,244.4,-54.8,-1.0,-1.0,DFM09,402.590,8.3,-781,11,4.8,-1,-1
2023-05-31T12:30:13.000Z,DFM-20020104,1369571413,45.13701,6.04883,12281.6,-4.9,18.7,229.3,-54.6,-1.0,-1.0,DFM09,402.590,8.8,-781,12,4.8,-1,-1
2023-05-31T12:30:14.000Z,DFM-20020104,1369571414,45.13692,6.04865,12276.5,-5.3,16.4,238.0,-54.5,-1.0,-1.0,DFM09,402.590,9.1,-781,12,4.8,-1,-1
2023-05-31T12:30:16.000Z,DFM-20020104,1369571416,45.13677,6.04837,12266.6,-4.7,18.4,231.9,-54.5,-1.0,-1.0,DFM09,402.590,8.8,-781,11,4.8,-1,-1
2023-05-31T12:30:20.000Z,DFM-20020104,1369571420,45.13647,6.04769,12245.0,-5.2,15.3,243.9,-54.4,-1.0,-1.0,DFM09,402.590,9.3,-781,11,4.8,-1,-1
2023-05-31T12:30:22.000Z,DFM-20020104,1369571422,45.13632,6.04738,12234.8,-5.5,19.0,238.5,-54.1,-1.0,-1.0,DFM09,402.590,9.2,-781,11,4.8,-1,-1
2023-05-31T12:30:30.000Z,DFM-20020104,1369571430,45.13570,6.04603,12192.7,-5.4,20.4,234.9,-54.3,-1.0,-1.0,DFM09,402.590,7.7,-781,11,4.8,-1,-1
2023-05-31T12:30:32.000Z,DFM-20020104,1369571432,45.13553,6.04567,12181.4,-5.4,17.3,223.7,-54.2,-1.0,-1.0,DFM09,402.590,7.3,-781,11,4.8,-1,-1
2023-05-31T12:30:33.000Z,DFM-20020104,1369571433,45.13545,6.04548,12175.3,-6.4,20.5,241.6,-54.2,-1.0,-1.0,DFM09,402.590,8.2,-781,10,4.8,-1,-1
2023-05-31T12:30:35.000Z,DFM-20020104,1369571435,45.13530,6.04515,12164.3,-5.3,19.2,226.7,-54.2,-1.0,-1.0,DFM09,402.590,8.2,-781,11,4.8,-1,-1
2023-05-31T12:30:38.000Z,DFM-20020104,1369571438,45.13505,6.04461,12149.0,-5.8,19.7,230.3,-54.1,-1.0,-1.0,DFM09,402.590,8.5,-781,11,4.8,-1,-1
2023-05-31T12:30:39.000Z,DFM-20020104,1369571439,45.13496,6.04440,12142.2,-6.0,19.1,243.5,-53.8,-1.0,-1.0,DFM09,402.590,8.7,-781,10,4.8,-1,-1
2023-05-31T12:30:41.000Z,DFM-20020104,1369571441,45.13478,6.04407,12132.2,-5.3,20.4,229.9,-53.8,-1.0,-1.0,DFM09,402.590,7.3,-781,9,4.8,-1,-1
2023-05-31T12:30:44.000Z,DFM-20020104,1369571444,45.13451,6.04353,12116.4,-5.9,21.0,235.4,-53.8,-1.0,-1.0,DFM09,402.590,9.6,-781,11,4.8,-1,-1
2023-05-31T12:30:45.000Z,DFM-20020104,1369571445,45.13443,6.04334,12111.0,-5.7,15.3,242.2,-53.8,-1.0,-1.0,DFM09,402.590,9.6,-781,11,4.8,-1,-1
2023-05-31T12:30:46.000Z,DFM-20020104,1369571446,45.13434,6.04317,12106.0,-5.7,16.4,223.8,-53.8,-1.0,-1.0,DFM09,402.590,8.8,-781,11,4.8,-1,-1
2023-05-31T12:30:48.000Z,DFM-20020104,1369571448,45.13413,6.04279,12097.2,-5.3,18.2,241.2,-53.8,-1.0,-1.0,DFM09,402.590,9.4,-781,11,4.8,-1,-1
2023-05-31T12:30:50.000Z,DFM-20020104,1369571450,45.13394,6.04244,12088.5,-4.8,19.9,227.5,-53.8,-1.0,-1.0,DFM09,402.590,8.0,-781,11,4.8,-1,-1
2023-05-31T12:31:09.000Z,DFM-20020104,1369571469,45.13193,6.03916,11994.9,-5.1,18.7,234.9,-53.6,-1.0,-1.0,DFM09,402.590,8.3,-781,11,4.8,-1,-1
2023-05-31T12:31:11.000Z,DFM-20020104,1369571471,45.13171,6.03885,11986.2,-4.5,21.2,219.8,-53.5,-1.0,-1.0,DFM09,402.590,7.9,-781,11,4.8,-1,-1
2023-05-31T12:31:12.000Z,DFM-20020104,1369571472,45.13159,6.03867,11981.4,-5.2,19.3,231.1,-53.5,-1.0,-1.0,DFM09,402.590,7.9,-781,11,4.8,-1,-1
2023-05-31T12:31:14.000Z,DFM-20020104,1369571474,45.13137,6.03836,11972.1,-4.8,21.4,221.1,-53.5,-1.0,-1.0,DFM09,402.590,7.3,-781,11,4.8,-1,-1
2023-05-31T12:31:24.000Z,DFM-20020104,1369571484,45.13027,6.03665,11922.1,-5.5,19.9,234.5,-53.3,-1.0,-1.0,DFM09,402.590,6.9,-781,11,4.8,-1,-1
2023-05-31T12:31:25.000Z,DFM-20020104,1369571485,45.13018,6.03648,11916.6,-5.5,15.4,227.7,-53.3,-1.0,-1.0,DFM09,402.590,6.6,-781,11,4.8,-1,-1
2023-05-31T12:31:26.000Z,DFM-20020104,1369571486,45.13006,6.03631,11912.0,-5.3,21.2,223.9,-53.2,-1.0,-1.0,DFM09,402.590,6.6,-781,11,4.8,-1,-1
2023-05-31T12:31:27.000Z,DFM-20020104,1369571487,45.12995,6.03612,11907.4,-4.5,19.0,232.8,-53.2,-1.0,-1.0,DFM09,402.590,7.5,-781,11,4.8,-1,-1
2023-05-31T12:31:38.000Z,DFM-20020104,1369571498,45.12879,6.03431,11852.1,-5.3,20.1,231.2,-52.9,-1.0,-1.0,DFM09,402.590,6.8,-781,11,4.8,-1,-1
2023-05-31T12:31:41.000Z,DFM-20020104,1369571501,45.12850,6.03386,11837.5,-4.9,19.7,227.3,-52.9,-1.0,-1.0,DFM09,402.590,8.1,-781,11,4.8,-1,-1
2023-05-31T12:31:44.000Z,DFM-20020104,1369571504,45.12819,6.03342,11823.9,-5.0,19.7,227.3,-52.9,-1.0,-1.0,DFM09,402.590,6.4,-781,11,4.8,-1,-1
2023-05-31T12:31:50.000Z,DFM-20020104,1369571510,45.12759,6.03253,11796.0,-4.7,19.0,222.4,-52.7,-1.0,-1.0,DFM09,402.590,6.8,-781,11,4.8,-1,-1
2023-05-31T12:31:59.000Z,DFM-20020104,1369571519,45.12666,6.03127,11753.1,-4.7,18.5,219.5,-52.7,-1.0,-1.0,DFM09,402.590,8.1,-781,11,4.8,-1,-1
2023-05-31T12:32:03.000Z,DFM-20020104,1369571523,45.12624,6.03070,11734.7,-4.6,16.6,228.9,-52.7,-1.0,-1.0,DFM09,402.590,7.2,-781,11,4.8,-1,-1
2023-05-31T12:32:33.000Z,DFM-20020104,1369571553,45.12251,6.02727,11589.9,-5.7,17.1,225.1,-53.0,-1.0,-1.0,DFM09,402.590,7.0,-878,11,4.8,-1,-1
2023-05-31T12:32:34.000Z,DFM-20020104,1369571554,45.12241,6.02715,11584.5,-5.5,12.8,210.5,-52.9,-1.0,-1.0,DFM09,402.590,6.9,-878,11,4.8,-1,-1
2023-05-31T12:32:36.000Z,DFM-20020104,1369571556,45.12215,6.02692,11575.5,-4.4,18.4,222.3,-52.9,-1.0,-1.0,DFM09,402.590,7.8,-878,11,4.8,-1,-1
2023-05-31T12:32:37.000Z,DFM-20020104,1369571557,45.12205,6.02678,11571.4,-4.7,13.3,225.7,-52.9,-1.0,-1.0,DFM09,402.590,7.8,-878,11,4.8,-1,-1
2023-05-31T12:32:45.000Z,DFM-20020104,1369571565,45.12112,6.02591,11536.7,-4.6,17.7,208.1,-52.8,-1.0,-1.0,DFM09,402.590,7.0,-878,11,4.8,-1,-1
2023-05-31T12:32:50.000Z,DFM-20020104,1369571570,45.12056,6.02532,11515.2,-4.0,12.5,213.7,-52.6,-1.0,-1.0,DFM09,402.590,8.2,-878,11,4.8,-1,-1
2023-05-31T12:32:55.000Z,DFM-20020104,1369571575,45.12000,6.02474,11492.4,-4.6,16.2,228.1,-52.5,-1.0,-1.0,DFM09,402.590,8.2,-878,11,4.8,-1,-1
2023-05-31T12:33:46.000Z,DFM-20020104,1369571626,45.11494,6.01860,11228.7,-5.2,18.4,228.6,-273.0,-1.0,-1.0,DFM09,402.590,6.8,-976,11,4.8,-1,-1
2023-05-31T12:34:57.000Z,DFM-20020104,1369571697,45.10943,6.00662,10861.5,-5.3,20.3,242.6,-49.9,-1.0,-1.0,DFM09,402.590,6.4,-976,11,4.8,-1,-1
2023-05-31T12:35:26.000Z,DFM-20020104,1369571726,45.10714,6.00156,10715.1,-4.8,20.7,236.3,-49.2,-1.0,-1.0,DFM09,402.590,6.5,-976,10,4.8,-1,-1
2023-05-31T12:36:13.000Z,DFM-20020104,1369571773,45.10346,5.99405,10489.1,-5.3,17.3,245.2,-273.0,-1.0,-1.0,DFM09,402.590,7.7,-976,10,4.8,-1,-1
2023-05-31T12:36:22.000Z,DFM-20020104,1369571782,45.10289,5.99284,10448.0,-5.1,16.6,227.7,-48.1,-1.0,-1.0,DFM09,402.590,7.5,-976,11,4.7,-1,-1
2023-05-31T12:36:29.000Z,DFM-20020104,1369571789,45.10241,5.99193,10415.0,-4.4,16.6,237.6,-48.0,-1.0,-1.0,DFM09,402.590,8.9,-976,10,4.7,-1,-1
2023-05-31T12:36:32.000Z,DFM-20020104,1369571792,45.10219,5.99155,10401.6,-5.0,16.7,231.2,-48.0,-1.0,-1.0,DFM09,402.590,9.3,-976,10,4.7,-1,-1
2023-05-31T12:36:35.000Z,DFM-20020104,1369571795,45.10198,5.99119,10387.2,-4.4,16.6,226.2,-48.0,-1.0,-1.0,DFM09,402.590,9.2,-976,11,4.8,-1,-1
2023-05-31T12:36:38.000Z,DFM-20020104,1369571798,45.10177,5.99085,10371.6,-5.3,16.4,220.8,-48.0,-1.0,-1.0,DFM09,402.590,7.8,-976,11,4.8,-1,-1
2023-05-31T12:36:45.000Z,DFM-20020104,1369571805,45.10123,5.99003,10336.1,-4.8,15.5,235.7,-47.8,-1.0,-1.0,DFM09,402.590,9.2,-976,11,4.7,-1,-1
2023-05-31T12:36:47.000Z,DFM-20020104,1369571807,45.10109,5.98982,10326.4,-5.4,13.3,207.6,-47.8,-1.0,-1.0,DFM09,402.590,7.2,-976,11,4.7,-1,-1
2023-05-31T12:36:48.000Z,DFM-20020104,1369571808,45.10099,5.98970,10322.0,-5.1,16.2,231.9,-47.7,-1.0,-1.0,DFM09,402.590,7.8,-976,10,4.8,-1,-1
2023-05-31T12:36:51.000Z,DFM-20020104,1369571811,45.10075,5.98937,10307.7,-4.5,16.0,225.5,-47.7,-1.0,-1.0,DFM09,402.590,9.0,-976,10,4.8,-1,-1
2023-05-31T12:36:54.000Z,DFM-20020104,1369571814,45.10052,5.98907,10294.8,-5.1,15.9,222.1,-47.8,-1.0,-1.0,DFM09,402.590,7.5,-976,10,4.8,-1,-1
2023-05-31T12:36:57.000Z,DFM-20020104,1369571817,45.10030,5.98879,10281.0,-4.6,15.2,216.0,-47.8,-1.0,-1.0,DFM09,402.590,8.7,-976,11,4.8,-1,-1
2023-05-31T12:36:58.000Z,DFM-20020104,1369571818,45.10021,5.98866,10275.2,-5.6,11.8,236.4,-47.8,-1.0,-1.0,DFM09,402.590,8.7,-976,10,4.8,-1,-1
2023-05-31T12:36:59.000Z,DFM-20020104,1369571819,45.10015,5.98858,10269.2,-5.6,8.0,211.7,-47.9,-1.0,-1.0,DFM09,402.590,7.3,-976,11,4.8,-1,-1
2023-05-31T12:37:07.000Z,DFM-20020104,1369571827,45.09950,5.98793,10230.2,-5.0,15.5,206.9,-48.0,-1.0,-1.0,DFM09,402.590,9.2,-976,11,4.8,-1,-1
2023-05-31T12:37:13.000Z,DFM-20020104,1369571833,45.09910,5.98746,10202.0,-5.8,8.2,213.3,-47.9,-1.0,-1.0,DFM09,402.590,7.3,-976,11,4.8,-1,-1
2023-05-31T12:37:14.000Z,DFM-20020104,1369571834,45.09901,5.98737,10197.5,-4.5,14.6,224.1,-47.9,-1.0,-1.0,DFM09,402.590,9.9,-976,11,4.8,-1,-1
2023-05-31T12:37:17.000Z,DFM-20020104,1369571837,45.09882,5.98714,10183.0,-5.7,13.4,216.9,-47.9,-1.0,-1.0,DFM09,402.590,8.0,-976,10,4.8,-1,-1
2023-05-31T12:37:18.000Z,DFM-20020104,1369571838,45.09877,5.98702,10178.4,-4.5,9.4,243.5,-47.8,-1.0,-1.0,DFM09,402.590,8.0,-976,10,4.8,-1,-1
2023-05-31T12:37:24.000Z,DFM-20020104,1369571844,45.09837,5.98653,10150.1,-4.6,12.9,233.4,-47.7,-1.0,-1.0,DFM09,402.590,9.4,-976,10,4.7,-1,-1
2023-05-31T12:37:27.000Z,DFM-20020104,1369571847,45.09820,5.98629,10135.1,-6.2,14.0,224.1,-47.6,-1.0,-1.0,DFM09,402.590,7.6,-976,10,4.7,-1,-1
2023-05-31T12:37:28.000Z,DFM-20020104,1369571848,45.09813,5.98615,10129.9,-5.5,12.9,229.4,-47.6,-1.0,-1.0,DFM09,402.590,8.4,-976,11,4.7,-1,-1
2023-05-31T12:37:30.000Z,DFM-20020104,1369571850,45.09800,5.98604,10120.2,-5.3,12.5,212.1,-47.6,-1.0,-1.0,DFM09,402.590,7.9,-976,11,4.7,-1,-1
2023-05-31T12:37:43.000Z,DFM-20020104,1369571863,45.09723,5.98484,10061.3,-5.2,14.1,220.9,-273.0,-1.0,-1.0,DFM09,402.590,7.1,-976,10,4.8,-1,-1
2023-05-31T12:37:56.000Z,DFM-20020104,1369571876,45.09641,5.98365,9997.6,-4.3,14.5,226.5,-46.9,-1.0,-1.0,DFM09,402.590,6.8,-976,10,4.7,-1,-1
2023-05-31T12:37:59.000Z,DFM-20020104,1369571879,45.09620,5.98336,9984.4,-5.3,15.0,224.7,-46.7,-1.0,-1.0,DFM09,402.590,6.0,-976,10,4.7,-1,-1
2023-05-31T12:38:46.000Z,DFM-20020104,1369571926,45.09343,5.97880,9759.0,-4.7,12.7,235.7,-46.3,-1.0,-1.0,DFM09,402.590,5.4,-976,9,4.7,-1,-1
2023-05-31T12:39:14.000Z,DFM-20020104,1369571954,45.09241,5.97651,9624.6,-4.8,11.1,236.7,-45.8,-1.0,-1.0,DFM09,402.590,6.3,-976,11,4.7,-1,-1
2023-05-31T12:39:17.000Z,DFM-20020104,1369571957,45.09232,5.97630,9611.0,-4.7,10.8,231.6,-45.7,-1.0,-1.0,DFM09,402.590,6.6,-976,11,4.7,-1,-1
