timestamp,serial,frame,lat,lon,alt,vel_v,vel_h,heading,temp,humidity,pressure,type,freq_mhz,snr,f_error_hz,sats,batt_v,burst_timer,aux_data
2024-11-05T00:41:57.000Z,U3310541,7678,47.04417,7.09496,30546.2,5.4,19.3,96.1,-273.0,-1.0,-1.0,RS41,403.500,10.6,187,8,2.4,-1,-1
2024-11-05T00:41:58.000Z,U3310541,7679,47.04415,7.09521,30552.1,6.2,19.0,94.9,-273.0,-1.0,-1.0,RS41,403.500,10.6,187,9,2.5,-1,-1
2024-11-05T00:41:59.000Z,U3310541,7680,47.04414,7.09545,30558.7,6.7,18.3,94.4,-273.0,-1.0,-1.0,RS41,403.500,10.6,187,9,2.6,-1,-1
2024-11-05T00:42:00.000Z,U3310541,7681,47.04413,7.09569,30564.8,5.8,17.4,93.0,-273.0,-1.0,-1.0,RS41,403.500,11.2,187,9,2.6,-1,-1
2024-11-05T00:42:01.000Z,U3310541,7682,47.04412,7.09591,30570.3,5.0,17.3,91.4,-273.0,-1.0,-1.0,RS41,403.500,11.2,187,9,2.4,-1,-1
2024-11-05T00:42:02.000Z,U3310541,7683,47.04412,7.09614,30575.6,5.4,17.8,90.1,-273.0,-1.0,-1.0,RS41,403.500,10.6,187,9,2.4,-1,-1
2024-11-05T00:42:03.000Z,U3310541,7684,47.04412,7.09638,30581.7,6.6,19.0,89.1,-273.0,-1.0,-1.0,RS41-SG,403.500,10.0,187,9,2.4,-1,-1
2024-11-05T00:42:04.000Z,U3310541,7685,47.04412,7.09664,30588.2,6.6,20.2,89.3,-273.0,-1.0,-1.0,RS41-SG,403.500,10.8,187,9,2.4,-1,-1
2024-11-05T00:42:05.000Z,U3310541,7686,47.04412,7.09691,30594.1,5.6,21.1,90.6,-273.0,-1.0,-1.0,RS41-SG,403.500,11.2,187,9,2.5,-1,-1
2024-11-05T00:42:06.000Z,U3310541,7687,47.04412,7.09719,30599.7,5.7,21.4,92.8,-273.0,-1.0,-1.0,RS41-SG,403.500,11.2,187,9,2.6,-1,-1
2024-11-05T00:42:07.000Z,U3310541,7688,47.04410,7.09747,30605.9,6.4,20.8,96.5,-273.0,-1.0,-1.0,RS41-SG,403.500,10.7,187,9,2.6,-1,-1
2024-11-05T00:42:08.000Z,U3310541,7689,47.04408,7.09773,30612.5,6.8,19.8,100.8,-273.0,-1.0,-1.0,RS41-SG,403.500,11.1,187,9,2.4,-1,-1
2024-11-05T00:42:09.000Z,U3310541,7690,47.04404,7.09798,30618.7,5.1,18.9,104.4,-273.0,-1.0,-1.0,RS41-SG,403.500,11.1,187,9,2.4,-1,-1
2024-11-05T00:42:10.000Z,U3310541,7691,47.04399,7.09821,30623.8,5.0,18.5,107.6,-273.0,-1.0,-1.0,RS41-SG,403.500,11.7,187,9,2.4,-1,-1
2024-11-05T00:42:11.000Z,U3310541,7692,47.04394,7.09844,30629.3,6.1,18.9,110.0,-273.0,-1.0,-1.0,RS41-SG,403.500,11.7,187,9,2.4,-1,-1
2024-11-05T00:42:12.000Z,U3310541,7693,47.04388,7.09869,30635.6,6.9,20.2,109.7,-273.0,-1.0,-1.0,RS41-SG,403.500,10.8,187,9,2.5,-1,-1
2024-11-05T00:42:13.000Z,U3310541,7694,47.04382,7.09894,30641.8,5.7,21.2,108.2,-273.0,-1.0,-1.0,RS41-SG,403.500,10.7,187,9,2.6,-1,-1
2024-11-05T00:42:14.000Z,U3310541,7695,47.04376,7.09921,30647.2,5.0,21.7,106.9,-273.0,-1.0,-1.0,RS41-SG,403.500,10.7,187,9,2.6,-1,-1
2024-11-05T00:42:15.000Z,U3310541,7696,47.04371,7.09948,30652.9,5.8,21.6,106.1,-273.0,-1.0,-1.0,RS41-SG,403.500,10.4,187,9,2.4,-1,-1
2024-11-05T00:42:16.000Z,U3310541,7697,47.04366,7.09975,30659.2,6.6,20.7,106.0,-273.0,-1.0,-1.0,RS41-SG,403.500,11.4,187,9,2.4,-1,-1
2024-11-05T00:42:17.000Z,U3310541,7698,47.04361,7.10000,30665.9,6.7,19.5,106.1,-273.0,-1.0,-1.0,RS41-SG,403.500,11.4,187,9,2.4,-1,-1
2024-11-05T00:42:21.000Z,U3310541,7702,47.04343,7.10094,30689.3,6.8,19.5,104.1,-273.0,-1.0,-1.0,RS41-SG,403.500,7.4,187,9,2.6,-1,-1
2024-11-05T00:42:22.000Z,U3310541,7703,47.04338,7.10119,30695.8,6.0,20.8,103.4,-273.0,-1.0,-1.0,RS41-SG,403.500,9.5,187,9,2.5,-1,-1
2024-11-05T00:42:23.000Z,U3310541,7704,47.04334,7.10146,30701.1,4.5,21.9,103.6,-273.0,-1.0,-1.0,RS41-SG,403.500,9.5,187,9,2.4,-1,-1
2024-11-05T00:42:24.000Z,U3310541,7705,47.04329,7.10174,30706.0,5.2,22.3,105.5,-273.0,-1.0,-1.0,RS41-SG,403.500,8.0,187,8,2.4,-1,-1
2024-11-05T00:42:25.000Z,U3310541,7706,47.04323,7.10202,30712.0,6.5,21.9,108.8,-273.0,-1.0,-1.0,RS41-SG,403.500,8.0,187,9,2.4,-1,-1
2024-11-05T00:42:26.000Z,U3310541,7707,47.04316,7.10228,30718.6,6.8,21.0,112.6,-273.0,-1.0,-1.0,RS41-SG,403.500,7.8,187,9,2.5,-1,-1
2024-11-05T00:42:30.000Z,U3310541,7711,47.04284,7.10324,30742.8,7.0,21.0,116.6,-273.0,-1.0,-1.0,RS41-SG,403.500,7.0,187,9,2.4,-1,-1
2024-11-05T00:42:32.000Z,U3310541,7713,47.04268,7.10375,30754.5,5.2,21.8,112.4,-273.0,-1.0,-1.0,RS41-SG,403.500,8.4,187,9,2.4,-1,-1
2024-11-05T00:42:33.000Z,U3310541,7714,47.04261,7.10401,30760.0,6.1,21.7,111.4,-273.0,-1.0,-1.0,RS41-SG,403.500,7.8,187,9,2.5,-1,-1
2024-11-05T00:42:34.000Z,U3310541,7715,47.04254,7.10427,30766.5,7.1,20.9,111.5,-273.0,-1.0,-1.0,RS41-SG,403.500,7.8,187,9,2.6,-1,-1
2024-11-05T00:42:36.000Z,U3310541,7717,47.04240,7.10477,30779.3,5.7,20.0,113.0,-273.0,-1.0,-1.0,RS41-SG,403.500,7.6,187,9,2.5,-1,-1
2024-11-05T00:42:41.000Z,U3310541,7722,47.04202,7.10613,30809.3,5.6,24.2,111.5,-273.0,-1.0,-1.0,RS41-SG,403.500,8.9,187,9,2.6,-1,-1
2024-11-05T00:42:51.000Z,U3310541,7732,47.04142,7.10883,30866.7,4.4,25.4,97.6,-273.0,-1.0,-1.0,RS41-SG,403.500,7.6,187,8,2.4,-1,-1
2024-11-05T00:42:52.000Z,U3310541,7733,47.04139,7.10916,30871.7,5.6,25.2,96.9,-273.0,-1.0,-1.0,RS41-SG,403.500,7.6,187,8,2.4,-1,-1
2024-11-05T00:42:53.000Z,U3310541,7734,47.04136,7.10948,30877.8,6.7,24.0,96.5,-273.0,-1.0,-1.0,RS41-SG,403.500,7.4,187,8,2.4,-1,-1
2024-11-05T00:42:54.000Z,U3310541,7735,47.04134,7.10978,30884.3,6.2,22.5,96.8,-273.0,-1.0,-1.0,RS41-SG,403.500,8.7,187,8,2.5,-1,-1
2024-11-05T00:42:55.000Z,U3310541,7736,47.04132,7.11007,30889.9,5.5,21.4,97.3,-273.0,-1.0,-1.0,RS41-SG,403.500,10.0,187,8,2.6,-1,-1
2024-11-05T00:42:56.000Z,U3310541,7737,47.04129,7.11034,30895.7,5.7,21.1,98.0,-273.0,-1.0,-1.0,RS41-SG,403.500,10.7,187,8,2.6,-1,-1
2024-11-05T00:42:57.000Z,U3310541,7738,47.04126,7.11062,30901.8,6.6,21.8,99.0,-273.0,-1.0,-1.0,RS41-SG,403.500,11.1,187,8,2.4,-1,-1
2024-11-05T00:42:58.000Z,U3310541,7739,47.04123,7.11091,30908.4,6.5,22.9,99.9,-273.0,-1.0,-1.0,RS41-SG,403.500,11.1,187,8,2.4,-1,-1
2024-11-05T00:42:59.000Z,U3310541,7740,47.04119,7.11121,30914.3,4.9,23.7,100.1,-273.0,-1.0,-1.0,RS41-SG,403.500,12.0,187,8,2.4,-1,-1
2024-11-05T00:43:00.000Z,U3310541,7741,47.04115,7.11152,30919.4,5.2,24.2,101.0,-273.0,-1.0,-1.0,RS41-SG,403.500,12.0,187,8,2.4,-1,-1
2024-11-05T00:43:01.000Z,U3310541,7742,47.04111,7.11183,30925.1,6.1,24.0,101.8,-273.0,-1.0,-1.0,RS41-SG,403.500,11.8,187,8,2.5,-1,-1
2024-11-05T00:43:02.000Z,U3310541,7743,47.04106,7.11213,30931.4,7.2,23.1,103.1,-273.0,-1.0,-1.0,RS41-SG,403.500,12.4,187,8,2.6,-1,-1
2024-11-05T00:43:03.000Z,U3310541,7744,47.04102,7.11242,30937.8,5.7,22.3,104.0,-273.0,-1.0,-1.0,RS41-SG,403.500,12.4,187,8,2.6,-1,-1
2024-11-05T00:43:04.000Z,U3310541,7745,47.04097,7.11270,30943.0,4.6,21.8,104.2,-273.0,-1.0,-1.0,RS41-SG,403.500,11.1,187,8,2.4,-1,-1
2024-11-05T00:43:05.000Z,U3310541,7746,47.04092,7.11298,30948.3,5.5,22.2,103.8,-273.0,-1.0,-1.0,RS41-SG,403.500,11.1,187,8,2.4,-1,-1
2024-11-05T00:43:06.000Z,U3310541,7747,47.04087,7.11327,30954.6,6.8,23.3,103.2,-273.0,-1.0,-1.0,RS41-SG,403.500,10.7,187,8,2.4,-1,-1
2024-11-05T00:43:07.000Z,U3310541,7748,47.04082,7.11357,30961.0,6.1,24.4,102.8,-273.0,-1.0,-1.0,RS41-SG,403.500,10.7,187,8,2.4,-1,-1
2024-11-05T00:43:08.000Z,U3310541,7749,47.04078,7.11389,30966.5,5.2,25.0,102.0,-273.0,-1.0,-1.0,RS41-SG,403.500,12.1,187,8,2.5,-1,-1
2024-11-05T00:43:09.000Z,U3310541,7750,47.04073,7.11421,30972.0,5.9,25.1,102.2,-273.0,-1.0,-1.0,RS41-SG,403.500,12.1,187,8,2.6,-1,-1
2024-11-05T00:43:10.000Z,U3310541,7751,47.04068,7.11452,30978.1,6.6,24.1,102.7,-273.0,-1.0,-1.0,RS41-SG,403.500,10.5,187,8,2.6,-1,-1
2024-11-05T00:43:11.000Z,U3310541,7752,47.04063,7.11482,30984.8,6.7,22.7,103.5,-273.0,-1.0,-1.0,RS41-SG,403.500,10.5,187,8,2.4,-1,-1
2024-11-05T00:43:12.000Z,U3310541,7753,47.04059,7.11510,30990.9,4.8,21.6,103.7,-273.0,-1.0,-1.0,RS41-SG,403.500,11.3,187,8,2.4,-1,-1
2024-11-05T00:43:13.000Z,U3310541,7754,47.04054,7.11538,30995.9,5.2,21.0,103.6,-273.0,-1.0,-1.0,RS41-SG,403.500,11.3,187,8,2.4,-1,-1
2024-11-05T00:43:14.000Z,U3310541,7755,47.04050,7.11565,31001.4,6.1,21.4,102.5,-273.0,-1.0,-1.0,RS41-SG,403.500,12.3,187,8,2.4,-1,-1
2024-11-05T00:43:15.000Z,U3310541,7756,47.04046,7.11593,31007.7,6.8,22.5,101.5,-273.0,-1.0,-1.0,RS41-SG,403.500,12.3,187,8,2.5,-1,-1
2024-11-05T00:43:16.000Z,U3310541,7757,47.04042,7.11623,31013.7,5.4,23.9,100.4,-273.0,-1.0,-1.0,RS41-SG,403.500,12.1,187,8,2.6,-1,-1
2024-11-05T00:43:17.000Z,U3310541,7758,47.04038,7.11654,31018.9,5.1,24.7,100.3,-273.0,-1.0,-1.0,RS41-SG,403.500,12.6,187,8,2.6,-1,-1
2024-11-05T00:43:18.000Z,U3310541,7759,47.04034,7.11686,31024.3,5.6,25.0,101.4,-58.0,-1.0,-1.0,RS41-SG,403.500,12.6,187,8,2.4,-1,-1
2024-11-05T00:43:19.000Z,U3310541,7760,47.04029,7.11718,31030.3,6.3,24.4,103.4,-57.9,-1.0,-1.0,RS41-SG,403.500,11.8,187,8,2.4,-1,-1
2024-11-05T00:43:20.000Z,U3310541,7761,47.04023,7.11748,31037.0,6.6,23.5,106.0,-57.9,-1.0,-1.0,RS41-SG,403.500,12.4,187,7,2.4,-1,-1
2024-11-05T00:43:21.000Z,U3310541,7762,47.04017,7.11777,31043.1,5.4,22.8,108.3,-57.9,-1.0,-1.0,RS41-SG,403.500,12.4,187,8,2.4,-1,-1
2024-11-05T00:43:22.000Z,U3310541,7763,47.04011,7.11805,31048.1,4.9,22.6,110.5,-57.9,-1.0,-1.0,RS41-SG,403.500,11.1,187,8,2.6,-1,-1
2024-11-05T00:43:23.000Z,U3310541,7764,47.04003,7.11833,31053.4,5.6,23.1,111.2,-57.9,-1.0,-1.0,RS41-SG,403.500,11.1,187,8,2.6,-1,-1
2024-11-05T00:43:24.000Z,U3310541,7765,47.03996,7.11862,31059.6,6.5,24.1,110.4,-57.8,-1.0,-1.0,RS41-SG,403.500,10.8,187,8,2.6,-1,-1
2024-11-05T00:43:25.000Z,U3310541,7766,47.03988,7.11892,31066.3,6.3,25.4,108.4,-57.8,-1.0,-1.0,RS41-SG,403.500,10.8,187,8,2.4,-1,-1
2024-11-05T00:43:26.000Z,U3310541,7767,47.03981,7.11925,31071.9,5.0,26.1,107.2,-57.7,-1.0,-1.0,RS41-SG,403.500,9.8,187,8,2.4,-1,-1
2024-11-05T00:43:27.000Z,U3310541,7768,47.03975,7.11957,31077.2,5.8,26.1,106.0,-57.7,-1.0,-1.0,RS41-SG,403.500,10.4,187,8,2.4,-1,-1
2024-11-05T00:43:28.000Z,U3310541,7769,47.03968,7.11989,31083.6,7.1,24.8,105.3,-57.7,-1.0,-1.0,RS41-SG,403.500,10.4,187,8,2.4,-1,-1
2024-11-05T00:43:29.000Z,U3310541,7770,47.03963,7.12020,31090.5,6.9,23.0,104.9,-57.7,-1.0,-1.0,RS41-SG,403.500,10.2,187,8,2.5,-1,-1
2024-11-05T00:43:30.000Z,U3310541,7771,47.03958,7.12048,31096.2,5.2,21.6,105.0,-57.7,-1.0,-1.0,RS41-SG,403.500,11.7,187,8,2.6,-1,-1
2024-11-05T00:43:31.000Z,U3310541,7772,47.03953,7.12074,31101.3,5.1,20.6,105.3,-57.7,1.0,-1.0,RS41-SG,403.500,11.7,187,8,2.6,-1,-1
2024-11-05T00:43:32.000Z,U3310541,7773,47.03948,7.12100,31107.2,6.4,20.5,105.8,-57.8,1.0,-1.0,RS41-SG,403.500,11.5,187,8,2.4,-1,-1
2024-11-05T00:43:33.000Z,U3310541,7774,47.03943,7.12127,31113.7,6.7,21.5,106.3,-57.8,1.0,-1.0,RS41-SG,403.500,11.5,187,8,2.4,-1,-1
2024-11-05T00:43:34.000Z,U3310541,7775,47.03937,7.12154,31119.6,4.9,22.5,106.5,-57.8,1.0,-1.0,RS41-SG,403.500,11.2,187,8,2.4,-1,-1
2024-11-05T00:43:35.000Z,U3310541,7776,47.03931,7.12183,31124.5,5.1,23.5,107.6,-57.9,1.0,-1.0,RS41-SG,403.500,11.2,187,8,2.4,-1,-1
2024-11-05T00:43:36.000Z,U3310541,7777,47.03925,7.12213,31130.1,6.1,23.8,108.8,-57.9,1.0,-1.0,RS41-SG,403.500,10.6,187,8,2.5,-1,-1
2024-11-05T00:43:37.000Z,U3310541,7778,47.03918,7.12242,31136.4,6.7,23.5,109.2,-57.9,1.0,-1.0,RS41-SG,403.500,10.0,187,8,2.6,-1,-1
2024-11-05T00:43:39.000Z,U3310541,7780,47.03904,7.12300,31147.9,5.2,23.4,108.9,-58.0,1.1,-1.0,RS41-SG,403.500,10.7,187,8,2.4,-1,-1
2024-11-05T00:43:40.000Z,U3310541,7781,47.03897,7.12330,31153.6,5.9,24.0,107.5,-58.0,1.0,-1.0,RS41-SG,403.500,10.7,187,8,2.4,-1,-1
2024-11-05T00:43:41.000Z,U3310541,7782,47.03891,7.12360,31159.8,6.2,25.2,106.1,-58.0,1.0,-1.0,RS41-SG,403.500,11.2,187,8,2.4,-1,-1
2024-11-05T00:43:42.000Z,U3310541,7783,47.03885,7.12393,31165.6,5.9,26.3,105.3,-58.0,1.1,-1.0,RS41-SG,403.500,11.2,187,8,2.4,-1,-1
2024-11-05T00:43:43.000Z,U3310541,7784,47.03878,7.12426,31170.8,4.8,26.7,105.2,-58.0,1.1,-1.0,RS41-SG,403.500,9.2,187,8,2.5,-1,-1
2024-11-05T00:43:44.000Z,U3310541,7785,47.03872,7.12460,31175.9,5.5,26.2,105.1,-58.0,1.0,-1.0,RS41-SG,403.500,9.2,187,8,2.6,-1,-1
2024-11-05T00:43:45.000Z,U3310541,7786,47.03866,7.12492,31181.9,6.2,24.6,105.6,-58.1,1.1,-1.0,RS41-SG,403.500,9.1,187,8,2.6,-1,-1
2024-11-05T00:43:46.000Z,U3310541,7787,47.03860,7.12522,31188.2,6.1,22.7,106.4,-58.1,1.1,-1.0,RS41-SG,403.500,8.9,187,8,2.4,-1,-1
2024-11-05T00:43:47.000Z,U3310541,7788,47.03855,7.12549,31193.7,4.7,21.3,107.7,-58.1,1.1,-1.0,RS41-SG,403.500,8.9,187,8,2.4,-1,-1
2024-11-05T00:43:49.000Z,U3310541,7790,47.03842,7.12601,31204.3,6.1,21.4,110.0,-58.1,1.0,-1.0,RS41-SG,403.500,9.0,187,8,2.4,-1,-1
2024-11-05T00:43:50.000Z,U3310541,7791,47.03836,7.12629,31210.6,6.6,23.2,109.7,-58.1,1.1,-1.0,RS41-SG,403.500,10.2,187,8,2.5,-1,-1
2024-11-05T00:43:52.000Z,U3310541,7793,47.03821,7.12691,31221.8,4.5,26.6,107.9,-58.1,1.0,-1.0,RS41-SG,403.500,8.9,187,8,2.6,-1,-1
2024-11-05T00:43:53.000Z,U3310541,7794,47.03814,7.12724,31226.4,4.4,27.2,107.0,-58.1,1.1,-1.0,RS41-SG,403.500,9.4,187,8,2.4,-1,-1
2024-11-05T00:43:54.000Z,U3310541,7795,47.03807,7.12758,31231.5,5.3,27.0,106.2,-58.1,1.1,-1.0,RS41-SG,403.500,10.3,187,8,2.4,-1,-1
2024-11-05T00:43:55.000Z,U3310541,7796,47.03800,7.12791,31237.6,6.2,25.6,105.9,-58.1,1.1,-1.0,RS41-SG,403.500,10.3,187,8,2.4,-1,-1
2024-11-05T00:43:56.000Z,U3310541,7797,47.03794,7.12823,31243.4,5.7,24.2,107.2,-58.1,1.0,-1.0,RS41-SG,403.500,10.2,187,8,2.4,-1,-1
2024-11-05T00:43:57.000Z,U3310541,7798,47.03788,7.12852,31248.5,5.0,22.7,109.4,-58.1,1.1,-1.0,RS41-SG,403.500,11.7,187,8,2.5,-1,-1
2024-11-05T00:43:58.000Z,U3310541,7799,47.03780,7.12879,31253.7,5.4,22.3,113.5,-58.1,1.1,-1.0,RS41-SG,403.500,11.7,187,8,2.6,-1,-1
2024-11-05T00:43:59.000Z,U3310541,7800,47.03772,7.12906,31259.4,6.1,22.6,117.9,-58.1,1.0,-1.0,RS41-SG,403.500,9.5,187,8,2.6,-1,-1
2024-11-05T00:44:00.000Z,U3310541,7801,47.03761,7.12932,31265.2,5.9,23.6,120.8,-58.1,1.1,-1.0,RS41-SG,403.500,10.5,187,8,2.5,-1,-1
2024-11-05T00:44:01.000Z,U3310541,7802,47.03750,7.12959,31270.7,4.9,24.6,121.6,-58.0,1.1,-1.0,RS41-SG,403.500,11.6,187,8,2.4,-1,-1
2024-11-05T00:44:02.000Z,U3310541,7803,47.03739,7.12987,31275.6,4.7,25.1,120.3,-58.0,1.0,-1.0,RS41-SG,403.500,11.6,187,8,2.4,-1,-1
2024-11-05T00:44:03.000Z,U3310541,7804,47.03728,7.13015,31280.7,5.5,24.9,117.4,-58.0,1.0,-1.0,RS41-SG,403.500,9.9,187,8,2.4,-1,-1
2024-11-05T00:44:04.000Z,U3310541,7805,47.03719,7.13044,31286.6,6.7,24.2,113.4,-58.0,1.1,-1.0,RS41-SG,403.500,9.9,187,7,2.5,-1,-1
2024-11-05T00:44:05.000Z,U3310541,7806,47.03711,7.13073,31292.9,6.0,23.3,108.7,-58.0,1.1,-1.0,RS41-SG,403.500,9.9,187,8,2.6,-1,-1
2024-11-05T00:44:06.000Z,U3310541,7807,47.03705,7.13102,31298.1,4.2,22.8,105.5,-58.0,1.0,-1.0,RS41-SG,403.500,9.6,187,8,2.6,-1,-1
2024-11-05T00:44:07.000Z,U3310541,7808,47.03700,7.13131,31302.9,4.9,22.9,103.4,-58.0,1.1,-1.0,RS41-SG,403.500,10.5,187,8,2.4,-1,-1
2024-11-05T00:44:08.000Z,U3310541,7809,47.03695,7.13161,31308.4,6.2,23.7,104.6,-58.0,1.0,-1.0,RS41-SG,403.500,10.5,187,8,2.4,-1,-1
2024-11-05T00:44:09.000Z,U3310541,7810,47.03689,7.13191,31314.9,6.6,25.1,108.5,-58.0,1.0,-1.0,RS41-SG,403.500,10.2,187,8,2.4,-1,-1
2024-11-05T00:44:10.000Z,U3310541,7811,47.03681,7.13223,31321.0,5.7,26.2,112.8,-58.0,1.0,-1.0,RS41-SG,403.500,8.7,187,8,2.4,-1,-1
2024-11-05T00:44:11.000Z,U3310541,7812,47.03671,7.13254,31325.9,4.1,27.0,116.5,-58.1,1.0,-1.0,RS41-SG,403.500,9.9,187,8,2.5,-1,-1
2024-11-05T00:44:12.000Z,U3310541,7813,47.03659,7.13285,31330.2,4.2,27.1,121.0,-58.1,1.1,-1.0,RS41-SG,403.500,10.0,187,8,2.6,-1,-1
2024-11-05T00:44:13.000Z,U3310541,7814,47.03646,7.13315,31335.0,5.6,26.5,124.8,-58.1,1.1,-1.0,RS41-SG,403.500,11.4,187,7,2.6,-1,-1
2024-11-05T00:44:14.000Z,U3310541,7815,47.03632,7.13342,31341.2,6.5,24.8,126.8,-58.2,1.1,-1.0,RS41-SG,403.500,11.4,187,8,2.5,-1,-1
2024-11-05T00:44:15.000Z,U3310541,7816,47.03620,7.13367,31347.1,5.3,23.2,126.2,-58.2,1.1,-1.0,RS41-SG,403.500,9.6,187,8,2.4,-1,-1
2024-11-05T00:44:16.000Z,U3310541,7817,47.03608,7.13391,31352.4,5.1,21.8,122.8,-58.2,1.1,-1.0,RS41-SG,403.500,9.6,187,8,2.4,-1,-1
2024-11-05T00:44:17.000Z,U3310541,7818,47.03598,7.13416,31357.8,5.7,21.8,117.8,-58.2,1.1,-1.0,RS41-SG,403.500,9.9,187,8,2.4,-1,-1
2024-11-05T00:44:18.000Z,U3310541,7819,47.03590,7.13442,31363.6,6.4,22.7,111.1,-58.3,1.1,-1.0,RS41-SG,403.500,9.9,187,8,2.5,-1,-1
2024-11-05T00:44:20.000Z,U3310541,7821,47.03578,7.13504,31375.5,4.9,26.5,103.0,-58.2,1.1,-1.0,RS41-SG,403.500,9.0,187,8,2.6,-1,-1
2024-11-05T00:44:21.000Z,U3310541,7822,47.03573,7.13539,31380.1,4.2,27.6,100.2,-58.2,1.1,-1.0,RS41-SG,403.500,10.8,187,8,2.5,-1,-1
2024-11-05T00:44:22.000Z,U3310541,7823,47.03569,7.13575,31384.8,5.0,28.1,98.5,-58.1,1.0,-1.0,RS41-SG,403.500,10.8,187,8,2.4,-1,-1
2024-11-05T00:44:23.000Z,U3310541,7824,47.03565,7.13611,31390.6,6.4,27.0,98.1,-58.0,1.0,-1.0,RS41-SG,403.500,9.6,187,8,2.4,-1,-1
2024-11-05T00:44:28.000Z,U3310541,7829,47.03542,7.13761,31417.1,5.7,22.9,109.7,-57.8,1.0,-1.0,RS41-SG,403.500,8.9,187,8,2.4,-1,-1
2024-11-05T00:44:34.000Z,U3310541,7835,47.03493,7.13951,31450.4,6.8,25.1,106.5,-57.8,1.1,-1.0,RS41-SG,403.500,8.1,187,8,2.6,-1,-1
2024-11-05T00:44:40.000Z,U3310541,7841,47.03475,7.14149,31484.7,5.1,28.8,96.6,-57.7,1.0,-1.0,RS41-SG,403.500,7.0,187,8,2.6,-1,-1
2024-11-05T00:45:12.000Z,U3310541,7873,47.03293,7.15220,31661.3,6.0,29.6,104.7,-57.3,1.0,-1.0,RS41-SG,403.500,8.1,187,8,2.4,-1,-1
2024-11-05T00:45:13.000Z,U3310541,7874,47.03286,7.15256,31667.5,6.5,27.9,108.6,-57.2,1.0,-1.0,RS41-SG,403.500,8.1,187,8,2.4,-1,-1
2024-11-05T00:45:15.000Z,U3310541,7876,47.03269,7.15321,31678.0,4.5,24.8,113.6,-57.1,1.0,-1.0,RS41-SG,403.500,9.3,187,8,2.6,-1,-1
2024-11-05T00:45:17.000Z,U3310541,7878,47.03252,7.15379,31689.4,6.8,24.3,112.0,-57.1,1.0,-1.0,RS41-SG,403.500,8.5,187,8,2.5,-1,-1
2024-11-05T00:45:21.000Z,U3310541,7882,47.03226,7.15510,31711.5,5.8,27.3,100.4,-57.2,1.0,-1.0,RS41-SG,403.500,8.5,187,8,2.5,-1,-1
2024-11-05T00:45:22.000Z,U3310541,7883,47.03222,7.15545,31717.7,6.4,27.1,98.9,-57.2,1.0,-1.0,RS41-SG,403.500,9.4,187,8,2.6,-1,-1
2024-11-05T00:45:23.000Z,U3310541,7884,47.03218,7.15580,31723.4,5.4,26.8,99.1,-57.2,1.0,-1.0,RS41-SG,403.500,9.4,187,8,2.6,-1,-1
2024-11-05T00:45:25.000Z,U3310541,7886,47.03208,7.15649,31735.6,6.5,27.5,104.7,-57.2,1.1,-1.0,RS41-SG,403.500,10.9,187,8,2.4,-1,-1
2024-11-05T00:45:26.000Z,U3310541,7887,47.03201,7.15684,31742.3,6.5,28.5,107.9,-57.2,0.9,-1.0,RS41-SG,403.500,10.9,187,8,2.4,-1,-1
2024-11-05T00:45:27.000Z,U3310541,7888,47.03193,7.15720,31748.0,5.0,29.3,111.1,-57.2,1.0,-1.0,RS41-SG,403.500,11.6,187,8,2.4,-1,-1
2024-11-05T00:45:28.000Z,U3310541,7889,47.03182,7.15755,31753.0,5.0,29.5,114.1,-57.3,1.0,-1.0,RS41-SG,403.500,11.6,187,8,2.5,-1,-1
2024-11-05T00:45:29.000Z,U3310541,7890,47.03171,7.15790,31758.1,5.8,28.7,116.7,-57.3,1.0,-1.0,RS41-SG,403.500,11.5,187,8,2.6,-1,-1
2024-11-05T00:45:30.000Z,U3310541,7891,47.03160,7.15822,31764.5,6.6,26.9,117.9,-57.2,1.0,-1.0,RS41-SG,403.500,9.9,187,8,2.6,-1,-1
2024-11-05T00:45:31.000Z,U3310541,7892,47.03149,7.15852,31771.0,6.1,25.1,117.7,-57.2,1.0,-1.0,RS41-SG,403.500,11.0,187,8,2.4,-1,-1
2024-11-05T00:45:32.000Z,U3310541,7893,47.03139,7.15881,31776.5,4.9,23.7,115.8,-57.2,1.1,-1.0,RS41-SG,403.500,11.0,187,8,2.4,-1,-1
2024-11-05T00:45:33.000Z,U3310541,7894,47.03131,7.15909,31781.9,5.6,23.5,111.9,-57.1,1.0,-1.0,RS41-SG,403.500,10.9,187,8,2.4,-1,-1
2024-11-05T00:45:34.000Z,U3310541,7895,47.03123,7.15939,31787.8,6.6,24.2,107.2,-57.1,1.0,-1.0,RS41-SG,403.500,10.9,187,8,2.4,-1,-1
2024-11-05T00:45:35.000Z,U3310541,7896,47.03117,7.15970,31794.3,6.5,26.0,103.6,-57.1,0.9,-1.0,RS41-SG,403.500,8.0,187,8,2.5,-1,-1
2024-11-05T00:45:36.000Z,U3310541,7897,47.03112,7.16005,31799.8,4.7,27.8,101.8,-57.1,1.0,-1.0,RS41-SG,403.500,9.1,187,7,2.6,-1,-1
2024-11-05T00:45:37.000Z,U3310541,7898,47.03107,7.16041,31804.6,4.7,29.2,101.8,-57.1,1.0,-1.0,RS41-SG,403.500,9.1,187,8,2.6,-1,-1
2024-11-05T00:45:39.000Z,U3310541,7900,47.03095,7.16116,31816.8,7.1,29.2,105.1,-57.2,0.9,-1.0,RS41-SG,403.500,8.3,187,8,2.4,-1,-1
2024-11-05T00:45:41.000Z,U3310541,7902,47.03080,7.16187,31829.1,5.3,27.3,110.5,-57.2,1.0,-1.0,RS41-SG,403.500,8.3,187,8,2.5,-1,-1
2024-11-05T00:45:44.000Z,U3310541,7905,47.03051,7.16285,31846.6,6.6,28.0,114.5,-57.3,1.1,-1.0,RS41-SG,403.500,7.2,187,8,2.4,-1,-1
2024-11-05T00:45:49.000Z,U3310541,7910,47.03005,7.16453,31875.6,6.2,25.5,108.2,-57.4,1.1,-1.0,RS41-SG,403.500,8.9,187,8,2.4,-1,-1
2024-11-05T00:45:50.000Z,U3310541,7911,47.02998,7.16485,31881.5,5.5,24.6,107.3,-57.5,1.0,-1.0,RS41-SG,403.500,8.9,187,8,2.4,-1,-1
2024-11-05T00:45:51.000Z,U3310541,7912,47.02992,7.16515,31887.0,5.2,24.4,107.0,-57.5,1.1,-1.0,RS41-SG,403.500,9.6,187,8,2.5,-1,-1
2024-11-05T00:45:52.000Z,U3310541,7913,47.02985,7.16546,31892.8,6.1,25.3,107.8,-57.5,1.0,-1.0,RS41-SG,403.500,9.6,187,8,2.6,-1,-1
2024-11-05T00:45:53.000Z,U3310541,7914,47.02978,7.16579,31899.2,6.6,27.1,108.6,-57.6,1.1,-1.0,RS41-SG,403.500,8.9,187,8,2.6,-1,-1
2024-11-05T00:45:54.000Z,U3310541,7915,47.02969,7.16614,31905.5,5.9,29.0,109.5,-57.6,1.0,-1.0,RS41-SG,403.500,10.2,187,8,2.4,-1,-1
2024-11-05T00:45:55.000Z,U3310541,7916,47.02960,7.16650,31910.7,4.7,30.4,110.6,-57.6,1.1,-1.0,RS41-SG,403.500,10.2,187,8,2.4,-1,-1
2024-11-05T00:45:56.000Z,U3310541,7917,47.02950,7.16688,31915.9,5.2,31.0,111.5,-57.7,1.0,-1.0,RS41-SG,403.500,11.1,187,8,2.4,-1,-1
2024-11-05T00:45:59.000Z,U3310541,7920,47.02920,7.16793,31935.4,6.4,26.3,114.4,-57.8,1.0,-1.0,RS41-SG,403.500,7.8,187,8,2.6,-1,-1
2024-11-05T00:46:02.000Z,U3310541,7923,47.02894,7.16881,31952.2,5.8,23.6,109.6,-57.8,1.0,-1.0,RS41-SG,403.500,8.7,187,8,2.4,-1,-1
2024-11-05T00:46:05.000Z,U3310541,7926,47.02876,7.16976,31970.1,4.7,27.0,103.6,-57.8,1.1,-1.0,RS41-SG,403.500,10.2,187,8,2.5,-1,-1
2024-11-05T00:46:06.000Z,U3310541,7927,47.02870,7.17011,31975.3,5.4,27.5,103.8,-57.8,1.1,-1.0,RS41-SG,403.500,10.2,187,8,2.6,-1,-1
2024-11-05T00:46:07.000Z,U3310541,7928,47.02864,7.17045,31981.4,7.0,27.1,106.1,-57.8,1.1,-1.0,RS41-SG,403.500,10.7,187,8,2.6,-1,-1
2024-11-05T00:46:08.000Z,U3310541,7929,47.02857,7.17079,31988.4,6.6,26.1,108.4,-57.8,1.1,-1.0,RS41-SG,403.500,10.7,187,8,2.5,-1,-1
2024-11-05T00:46:09.000Z,U3310541,7930,47.02849,7.17110,31994.4,4.8,25.7,111.5,-57.9,1.1,-1.0,RS41-SG,403.500,8.2,187,8,2.4,-1,-1
2024-11-05T00:46:10.000Z,U3310541,7931,47.02840,7.17141,31999.4,5.0,25.4,114.7,-57.9,1.0,-1.0,RS41-SG,403.500,8.8,187,8,2.4,-1,-1
2024-11-05T00:46:11.000Z,U3310541,7932,47.02830,7.17172,32004.8,6.1,26.0,116.6,-57.9,1.1,-1.0,RS41-SG,403.500,8.8,187,7,2.4,-1,-1
2024-11-05T00:46:12.000Z,U3310541,7933,47.02819,7.17203,32011.0,7.0,26.9,116.9,-58.0,1.0,-1.0,RS41-SG,403.500,10.1,187,8,2.5,-1,-1
2024-11-05T00:46:13.000Z,U3310541,7934,47.02809,7.17234,32017.8,6.5,27.5,115.6,-58.0,1.0,-1.0,RS41-SG,403.500,10.1,187,8,2.6,-1,-1
2024-11-05T00:46:15.000Z,U3310541,7936,47.02789,7.17300,32029.8,6.1,26.8,111.7,-58.1,1.1,-1.0,RS41-SG,403.500,9.7,187,8,2.4,-1,-1
2024-11-05T00:46:17.000Z,U3310541,7938,47.02774,7.17362,32042.5,6.1,23.3,105.4,-58.2,1.0,-1.0,RS41-SG,403.500,7.6,187,8,2.4,-1,-1
2024-11-05T00:46:21.000Z,U3310541,7942,47.02759,7.17476,32063.9,7.0,23.2,100.0,-58.4,1.1,-1.0,RS41-SG,403.500,8.5,187,8,2.6,-1,-1
2024-11-05T00:46:24.000Z,U3310541,7945,47.02743,7.17573,32081.6,5.5,26.8,107.7,-58.5,1.1,-1.0,RS41-SG,403.500,8.4,187,8,2.4,-1,-1
2024-11-05T00:46:26.000Z,U3310541,7947,47.02725,7.17637,32094.3,6.9,25.7,115.0,-58.5,1.1,-1.0,RS41-SG,403.500,9.2,187,8,2.5,-1,-1
2024-11-05T00:46:28.000Z,U3310541,7949,47.02705,7.17695,32105.7,5.2,23.7,118.6,-58.5,1.0,-1.0,RS41-SG,403.500,7.9,187,8,2.4,-1,-1
2024-11-05T00:46:29.000Z,U3310541,7950,47.02695,7.17722,32111.4,6.1,23.2,118.1,-58.6,1.1,-1.0,RS41-SG,403.500,9.5,187,8,2.4,-1,-1
2024-11-05T00:46:31.000Z,U3310541,7952,47.02678,7.17777,32124.6,6.4,23.7,111.7,-58.5,1.1,-1.0,RS41-SG,403.500,8.1,187,8,2.6,-1,-1
2024-11-05T00:46:32.000Z,U3310541,7953,47.02670,7.17807,32130.3,5.2,24.3,109.0,-58.5,1.1,-1.0,RS41-SG,403.500,9.4,187,8,2.4,-1,-1
2024-11-05T00:46:33.000Z,U3310541,7954,47.02664,7.17837,32135.5,5.3,24.3,105.7,-58.5,1.1,-1.0,RS41-SG,403.500,9.4,187,7,2.4,-1,-1
2024-11-05T00:46:34.000Z,U3310541,7955,47.02658,7.17868,32141.4,6.1,23.6,103.2,-58.5,1.0,-1.0,RS41-SG,403.500,8.9,187,8,2.4,-1,-1
2024-11-05T00:46:35.000Z,U3310541,7956,47.02654,7.17897,32147.8,6.7,22.4,101.7,-58.5,1.1,-1.0,RS41-SG,403.500,9.4,187,8,2.5,-1,-1
2024-11-05T00:46:36.000Z,U3310541,7957,47.02650,7.17925,32154.1,5.9,21.6,101.6,-58.5,1.1,-1.0,RS41-SG,403.500,9.4,187,8,2.6,-1,-1
2024-11-05T00:46:44.000Z,U3310541,7965,47.02602,7.18163,32202.6,7.3,23.1,110.5,-58.4,1.1,-1.0,RS41-SG,403.500,8.1,187,8,2.5,-1,-1
2024-11-05T00:46:46.000Z,U3310541,7967,47.02589,7.18215,32215.2,4.9,19.2,108.4,-58.4,1.1,-1.0,RS41-SG,403.500,8.6,187,8,2.4,-1,-1
2024-11-05T00:46:49.000Z,U3310541,7970,47.02581,7.18286,32231.7,6.8,19.6,91.0,-58.3,1.1,-1.0,RS41-SG,403.500,7.4,187,8,2.6,-1,-1
2024-11-05T00:46:50.000Z,U3310541,7971,47.02581,7.18313,32238.1,6.2,21.6,89.2,-58.3,1.0,-1.0,RS41-SG,403.500,8.9,187,8,2.6,-1,-1
2024-11-05T00:46:51.000Z,U3310541,7972,47.02581,7.18343,32243.5,4.9,23.2,89.2,-58.3,1.1,-1.0,RS41-SG,403.500,8.9,187,8,2.6,-1,-1
2024-11-05T00:46:52.000Z,U3310541,7973,47.02581,7.18374,32249.0,5.8,24.3,92.2,-58.3,1.0,-1.0,RS41-SG,403.500,8.3,187,8,2.5,-1,-1
2024-11-05T00:46:53.000Z,U3310541,7974,47.02579,7.18406,32255.4,6.8,24.5,96.6,-58.3,1.0,-1.0,RS41-SG,403.500,8.3,187,8,2.4,-1,-1
2024-11-05T00:46:54.000Z,U3310541,7975,47.02576,7.18437,32262.2,6.7,23.8,101.3,-58.2,1.0,-1.0,RS41-SG,403.500,8.5,187,8,2.4,-1,-1
2024-11-05T00:46:55.000Z,U3310541,7976,47.02571,7.18467,32268.2,5.2,23.2,105.1,-58.2,1.0,-1.0,RS41-SG,403.500,8.5,187,8,2.4,-1,-1
2024-11-05T00:46:56.000Z,U3310541,7977,47.02565,7.18495,32273.4,5.0,22.5,108.3,-58.1,1.0,-1.0,RS41-SG,403.500,8.8,187,8,2.5,-1,-1
2024-11-05T00:46:57.000Z,U3310541,7978,47.02559,7.18523,32278.5,5.8,22.0,108.6,-58.1,1.0,-1.0,RS41-SG,403.500,8.8,187,8,2.6,-1,-1
2024-11-05T00:47:04.000Z,U3310541,7985,47.02545,7.18719,32319.4,6.5,19.6,85.2,-58.0,1.1,-1.0,RS41-SG,403.500,8.7,187,7,2.4,-1,-1
2024-11-05T00:47:14.000Z,U3310541,7995,47.02517,7.19019,32378.8,5.6,25.1,106.0,-57.9,1.0,-1.0,RS41-SG,403.500,8.6,187,8,2.6,-1,-1
2024-11-05T00:47:15.000Z,U3310541,7996,47.02511,7.19050,32384.8,5.9,24.2,103.7,-57.8,1.0,-1.0,RS41-SG,403.500,8.6,187,8,2.4,-1,-1
2024-11-05T00:47:28.000Z,U3310541,8009,47.02464,7.19460,32461.3,4.7,30.6,102.9,-57.3,1.0,-1.0,RS41-SG,403.500,8.1,187,8,2.6,-1,-1
2024-11-05T00:47:31.000Z,U3310541,8012,47.02450,7.19573,32478.9,6.7,26.5,98.2,-57.2,0.9,-1.0,RS41-SG,403.500,8.8,187,8,2.4,-1,-1
2024-11-05T00:47:33.000Z,U3310541,8014,47.02445,7.19636,32490.0,4.4,22.6,94.1,-57.2,1.0,-1.0,RS41-SG,403.500,9.9,187,8,2.6,-1,-1
2024-11-05T00:47:37.000Z,U3310541,8018,47.02442,7.19758,32514.3,6.1,26.2,92.1,-57.3,1.0,-1.0,RS41-SG,403.500,8.9,187,8,2.6,-1,-1
2024-11-05T00:47:41.000Z,U3310541,8022,47.02425,7.19908,32536.4,6.2,30.5,106.8,-57.2,1.0,-1.0,RS41-SG,403.500,8.7,187,8,2.4,-1,-1
2024-11-05T00:47:42.000Z,U3310541,8023,47.02417,7.19946,32542.3,5.9,30.1,109.5,-57.2,1.0,-1.0,RS41-SG,403.500,8.9,187,8,2.5,-1,-1
2024-11-05T00:47:43.000Z,U3310541,8024,47.02408,7.19983,32548.0,5.4,29.4,109.5,-57.2,1.1,-1.0,RS41-SG,403.500,8.9,187,8,2.6,-1,-1
2024-11-05T00:47:46.000Z,U3310541,8027,47.02388,7.20092,32566.8,6.3,28.8,98.4,-57.2,0.9,-1.0,RS41-SG,403.500,7.7,187,8,2.4,-1,-1
2024-11-05T00:47:47.000Z,U3310541,8028,47.02385,7.20130,32572.3,4.6,29.1,94.8,-57.2,0.9,-1.0,RS41-SG,403.500,9.0,187,8,2.4,-1,-1
2024-11-05T00:47:48.000Z,U3310541,8029,47.02384,7.20168,32576.6,4.4,29.3,91.9,-57.2,1.0,-1.0,RS41-SG,403.500,9.0,187,8,2.4,-1,-1
2024-11-05T00:47:49.000Z,U3310541,8030,47.02383,7.20206,32581.6,5.8,29.1,91.6,-57.2,1.0,-1.0,RS41-SG,403.500,9.0,187,8,2.6,-1,-1
2024-11-05T00:47:50.000Z,U3310541,8031,47.02382,7.20243,32588.0,6.8,28.1,92.8,-57.2,1.0,-1.0,RS41-SG,403.500,8.6,187,8,2.5,-1,-1
2024-11-05T00:47:52.000Z,U3310541,8033,47.02377,7.20314,32600.6,5.5,26.7,98.9,-57.2,1.0,-1.0,RS41-SG,403.500,7.5,187,8,2.5,-1,-1
2024-11-05T00:47:53.000Z,U3310541,8034,47.02373,7.20349,32605.9,5.5,27.4,102.3,-57.2,1.0,-1.0,RS41-SG,403.500,7.9,187,8,2.4,-1,-1
2024-11-05T00:48:27.000Z,U3310541,8068,47.02084,7.21699,32797.3,5.9,33.0,111.0,-56.5,0.9,-1.0,RS41-SG,403.500,7.9,187,8,2.4,-1,-1
2024-11-05T00:48:32.000Z,U3310541,8073,47.02033,7.21888,32826.0,5.0,27.3,114.8,-56.4,1.0,-1.0,RS41-SG,403.500,8.8,187,8,2.4,-1,-1
2024-11-05T00:48:39.000Z,U3310541,8080,47.01934,7.22122,32864.6,6.2,33.5,119.9,-56.4,1.0,-1.0,RS41-SG,403.500,8.2,187,8,2.6,-1,-1
2024-11-05T00:48:40.000Z,U3310541,8081,47.01920,7.22160,32871.0,6.7,32.4,117.0,-56.3,0.9,-1.0,RS41-SG,403.500,9.5,187,8,2.6,-1,-1
2024-11-05T00:48:41.000Z,U3310541,8082,47.01908,7.22197,32877.3,5.9,30.9,114.8,-56.3,1.0,-1.0,RS41-SG,403.500,9.5,187,8,2.6,-1,-1
2024-11-05T00:48:42.000Z,U3310541,8083,47.01897,7.22233,32882.5,4.2,29.6,113.2,-56.3,1.0,-1.0,RS41-SG,403.500,9.3,187,8,2.5,-1,-1
2024-11-05T00:48:43.000Z,U3310541,8084,47.01887,7.22268,32887.1,4.8,28.5,112.6,-56.3,1.0,-1.0,RS41-SG,403.500,9.3,187,8,2.4,-1,-1
2024-11-05T00:48:44.000Z,U3310541,8085,47.01877,7.22302,32892.5,5.9,28.2,113.9,-56.3,0.9,-1.0,RS41-SG,403.500,10.1,187,8,2.4,-1,-1
2024-11-05T00:48:45.000Z,U3310541,8086,47.01866,7.22336,32898.9,6.9,28.7,116.6,-56.3,0.9,-1.0,RS41-SG,403.500,10.1,187,8,2.4,-1,-1
2024-11-05T00:48:46.000Z,U3310541,8087,47.01854,7.22370,32905.3,6.6,29.7,119.6,-56.3,1.0,-1.0,RS41-SG,403.500,10.8,187,8,2.5,-1,-1
2024-11-05T00:48:47.000Z,U3310541,8088,47.01840,7.22403,32911.0,5.2,30.4,122.1,-56.4,0.9,-1.0,RS41-SG,403.500,10.8,187,8,2.6,-1,-1
2024-11-05T00:48:48.000Z,U3310541,8089,47.01825,7.22437,32915.9,4.5,31.1,124.4,-56.4,1.0,-1.0,RS41-SG,403.500,9.3,187,8,2.6,-1,-1
2024-11-05T00:48:49.000Z,U3310541,8090,47.01809,7.22470,32920.8,4.8,31.2,126.2,-56.4,1.0,-1.0,RS41-SG,403.500,9.3,187,8,2.5,-1,-1
2024-11-05T00:48:56.000Z,U3310541,8097,47.01704,7.22712,32960.7,5.6,35.7,114.8,-56.4,1.0,-1.0,RS41-SG,403.500,7.5,187,8,2.4,-1,-1
2024-11-05T00:49:32.000Z,U3310541,8133,47.01173,7.24044,33161.8,5.9,29.8,122.0,-55.1,0.9,-1.0,RS41-SG,403.500,8.2,187,8,2.6,-1,-1
2024-11-05T00:49:33.000Z,U3310541,8134,47.01159,7.24076,33167.4,5.6,28.0,123.3,-55.1,0.9,-1.0,RS41-SG,403.500,8.2,187,8,2.4,-1,-1
2024-11-05T00:49:36.000Z,U3310541,8137,47.01119,7.24164,33184.5,6.4,27.0,122.4,-55.1,1.0,-1.0,RS41-SG,403.500,8.8,187,8,2.5,-1,-1
2024-11-05T00:49:37.000Z,U3310541,8138,47.01106,7.24195,33190.8,6.6,28.7,120.6,-55.2,0.9,-1.0,RS41-SG,403.500,8.8,187,8,2.6,-1,-1
2024-11-05T00:49:40.000Z,U3310541,8141,47.01064,7.24305,33208.2,4.9,35.4,118.9,-55.2,0.9,-1.0,RS41-SG,403.500,8.0,187,8,2.4,-1,-1
2024-11-05T00:49:49.000Z,U3310541,8150,47.00931,7.24594,33257.7,6.7,22.9,114.1,-55.6,0.9,-1.0,RS41-SG,403.500,8.5,187,8,2.4,-1,-1
2024-11-05T00:49:54.000Z,U3310541,8155,47.00874,7.24775,33285.3,4.5,37.2,122.1,-55.8,0.9,-1.0,RS41-SG,403.500,7.1,187,8,2.4,-1,-1
2024-11-05T00:49:55.000Z,U3310541,8156,47.00855,7.24815,33290.2,5.1,37.5,126.8,-55.8,1.0,-1.0,RS41-SG,403.500,8.3,187,8,2.4,-1,-1
2024-11-05T00:49:56.000Z,U3310541,8157,47.00835,7.24853,33295.5,5.8,35.8,131.1,-55.9,0.9,-1.0,RS41-SG,403.500,8.4,187,8,2.6,-1,-1
2024-11-05T00:50:01.000Z,U3310541,8162,47.00757,7.24989,33323.3,4.3,21.1,115.1,-56.1,0.9,-1.0,RS41-SG,403.500,7.9,187,8,2.5,-1,-1
2024-11-05T00:50:02.000Z,U3310541,8163,47.00750,7.25015,33327.8,4.7,21.9,108.2,-56.1,1.0,-1.0,RS41-SG,403.500,9.1,187,8,2.6,-1,-1
2024-11-05T00:50:03.000Z,U3310541,8164,47.00744,7.25044,33332.9,5.4,24.1,105.7,-56.2,1.0,-1.0,RS41-SG,403.500,9.1,187,8,2.6,-1,-1
2024-11-05T00:50:04.000Z,U3310541,8165,47.00737,7.25076,33338.5,5.7,26.7,108.1,-56.2,1.0,-1.0,RS41-SG,403.500,9.0,187,8,2.4,-1,-1
2024-11-05T00:50:05.000Z,U3310541,8166,47.00728,7.25110,33344.6,5.8,28.9,112.5,-56.3,0.9,-1.0,RS41-SG,403.500,9.4,187,8,2.4,-1,-1
2024-11-05T00:50:06.000Z,U3310541,8167,47.00717,7.25145,33349.9,5.3,30.6,117.9,-56.3,0.9,-1.0,RS41-SG,403.500,9.4,187,8,2.4,-1,-1
2024-11-05T00:50:07.000Z,U3310541,8168,47.00703,7.25181,33354.5,3.9,31.4,121.9,-56.3,1.0,-1.0,RS41-SG,403.500,10.6,187,8,2.4,-1,-1
2024-11-05T00:50:08.000Z,U3310541,8169,47.00688,7.25215,33358.4,3.9,31.4,125.2,-56.3,1.0,-1.0,RS41-SG,403.500,10.6,187,8,2.6,-1,-1
2024-11-05T00:50:13.000Z,U3310541,8174,47.00620,7.25369,33386.8,4.1,24.7,114.4,-56.2,0.9,-1.0,RS41-SG,403.500,8.7,187,8,2.4,-1,-1
2024-11-05T00:50:14.000Z,U3310541,8175,47.00612,7.25398,33391.3,4.9,24.0,111.2,-56.1,0.9,-1.0,RS41-SG,403.500,9.8,187,8,2.4,-1,-1
2024-11-05T00:50:15.000Z,U3310541,8176,47.00604,7.25428,33396.8,6.2,24.0,110.3,-56.0,0.9,-1.0,RS41-SG,403.500,9.8,187,8,2.6,-1,-1
2024-11-05T00:50:24.000Z,U3310541,8185,47.00513,7.25722,33447.7,5.5,27.7,116.5,-55.9,0.9,-1.0,RS41-SG,403.500,8.7,187,8,2.4,-1,-1
2024-11-05T00:50:25.000Z,U3310541,8186,47.00501,7.25753,33453.4,5.8,26.1,119.8,-55.9,0.9,-1.0,RS41-SG,403.500,8.7,187,8,2.4,-1,-1
2024-11-05T00:50:30.000Z,U3310541,8191,47.00447,7.25881,33481.7,6.4,21.2,113.2,-56.0,1.0,-1.0,RS41-SG,403.500,8.2,187,8,2.4,-1,-1
2024-11-05T00:50:31.000Z,U3310541,8192,47.00441,7.25908,33488.2,6.3,22.0,106.5,-56.1,0.9,-1.0,RS41-SG,403.500,8.0,187,8,2.4,-1,-1
2024-11-05T00:50:36.000Z,U3310541,8197,47.00414,7.26069,33515.5,6.3,27.8,110.6,-56.1,1.0,-1.0,RS41-SG,403.500,9.4,187,8,2.4,-1,-1
2024-11-05T00:50:42.000Z,U3310541,8203,47.00353,7.26247,33549.6,5.0,22.0,112.9,-55.8,1.0,-1.0,RS41-SG,403.500,9.5,187,8,2.6,-1,-1
2024-11-05T00:50:43.000Z,U3310541,8204,47.00346,7.26273,33554.4,4.3,21.0,108.5,-55.8,0.9,-1.0,RS41-SG,403.500,9.5,187,8,2.5,-1,-1
2024-11-05T00:50:44.000Z,U3310541,8205,47.00340,7.26299,33559.1,5.0,20.5,105.5,-55.8,0.9,-1.0,RS41-SG,403.500,9.5,187,8,2.4,-1,-1
2024-11-05T00:50:45.000Z,U3310541,8206,47.00336,7.26325,33564.5,5.7,20.4,104.8,-55.8,0.9,-1.0,RS41-SG,403.500,9.5,187,8,2.4,-1,-1
2024-11-05T00:50:47.000Z,U3310541,8208,47.00325,7.26377,33576.5,5.5,21.0,107.3,-55.8,0.9,-1.0,RS41-SG,403.500,9.2,187,8,2.6,-1,-1
2024-11-05T00:50:48.000Z,U3310541,8209,47.00319,7.26404,33582.0,5.1,21.8,107.8,-55.8,0.9,-1.0,RS41-SG,403.500,8.7,187,8,2.4,-1,-1
2024-11-05T00:50:50.000Z,U3310541,8211,47.00307,7.26461,33593.4,6.0,23.7,105.6,-55.9,0.9,-1.0,RS41-SG,403.500,10.7,187,8,2.4,-1,-1
2024-11-05T00:50:51.000Z,U3310541,8212,47.00302,7.26491,33599.4,6.3,24.5,103.3,-55.9,0.9,-1.0,RS41-SG,403.500,9.5,187,8,2.5,-1,-1
2024-11-05T00:50:52.000Z,U3310541,8213,47.00297,7.26523,33605.1,5.4,24.8,102.4,-55.9,1.0,-1.0,RS41-SG,403.500,9.8,187,8,2.6,-1,-1
2024-11-05T00:50:54.000Z,U3310541,8215,47.00288,7.26586,33616.1,5.7,24.1,103.8,-56.0,0.9,-1.0,RS41-SG,403.500,9.0,187,8,2.5,-1,-1
2024-11-05T00:50:55.000Z,U3310541,8216,47.00282,7.26616,33622.3,6.3,23.6,107.1,-56.0,1.0,-1.0,RS41-SG,403.500,10.4,187,8,2.4,-1,-1
2024-11-05T00:50:56.000Z,U3310541,8217,47.00275,7.26645,33628.5,5.7,23.1,110.3,-56.0,0.9,-1.0,RS41-SG,403.500,10.4,187,8,2.4,-1,-1
2024-11-05T00:51:01.000Z,U3310541,8222,47.00241,7.26787,33657.2,5.7,24.6,101.2,-55.7,0.9,-1.0,RS41-SG,403.500,7.5,187,8,2.5,-1,-1
2024-11-05T00:51:02.000Z,U3310541,8223,47.00237,7.26819,33662.6,4.4,25.9,98.2,-55.7,1.0,-1.0,RS41-SG,403.500,9.6,187,8,2.4,-1,-1
2024-11-05T00:51:03.000Z,U3310541,8224,47.00234,7.26854,33667.1,4.7,27.2,97.7,-55.6,0.9,-1.0,RS41-SG,403.500,9.6,187,8,2.4,-1,-1
2024-11-05T00:51:04.000Z,U3310541,8225,47.00231,7.26890,33671.8,5.1,28.1,98.8,-55.6,0.9,-1.0,RS41-SG,403.500,9.3,187,8,2.4,-1,-1
2024-11-05T00:51:05.000Z,U3310541,8226,47.00226,7.26926,33677.1,5.8,28.5,101.8,-55.6,0.9,-1.0,RS41-SG,403.500,8.9,187,8,2.5,-1,-1
2024-11-05T00:51:06.000Z,U3310541,8227,47.00220,7.26962,33682.9,5.8,28.6,105.1,-55.5,0.9,-1.0,RS41-SG,403.500,8.6,187,8,2.6,-1,-1
2024-11-05T00:51:07.000Z,U3310541,8228,47.00213,7.26998,33688.5,5.5,28.5,108.7,-55.5,0.9,-1.0,RS41-SG,403.500,8.6,187,8,2.6,-1,-1
2024-11-05T00:51:08.000Z,U3310541,8229,47.00204,7.27033,33694.1,5.4,28.3,110.7,-55.5,0.9,-1.0,RS41-SG,403.500,8.9,187,8,2.5,-1,-1
2024-11-05T00:51:09.000Z,U3310541,8230,47.00195,7.27067,33699.5,5.2,28.1,111.0,-55.5,0.9,-1.0,RS41-SG,403.500,8.9,187,8,2.4,-1,-1
2024-11-05T00:51:10.000Z,U3310541,8231,47.00186,7.27102,33705.0,5.2,27.7,109.1,-55.5,0.9,-1.0,RS41-SG,403.500,8.3,187,8,2.4,-1,-1
2024-11-05T00:51:14.000Z,U3310541,8235,47.00171,7.27240,33727.3,5.2,26.9,89.8,-55.3,0.8,-1.0,RS41-SG,403.500,8.7,187,8,2.4,-1,-1
2024-11-05T00:51:26.000Z,U3310541,8247,47.00085,7.27668,33794.8,3.5,29.1,97.5,-54.8,0.9,-1.0,RS41-SG,403.500,9.4,187,8,2.5,-1,-1
2024-11-05T00:51:27.000Z,U3310541,8248,47.00083,7.27706,33798.7,3.6,29.2,93.8,-54.8,0.8,-1.0,RS41-SG,403.500,9.8,187,8,2.4,-1,-1
2024-11-05T00:51:28.000Z,U3310541,8249,47.00081,7.27744,33803.4,5.6,29.1,93.1,-54.8,0.8,-1.0,RS41-SG,403.500,9.8,187,8,2.4,-1,-1
2024-11-05T00:51:29.000Z,U3310541,8250,47.00079,7.27781,33809.8,7.3,28.9,96.4,-54.8,0.9,-1.0,RS41-SG,403.500,9.9,187,8,2.4,-1,-1
2024-11-05T00:51:30.000Z,U3310541,8251,47.00075,7.27819,33816.7,6.8,28.7,100.5,-54.8,0.8,-1.0,RS41-SG,403.500,9.9,187,8,2.5,-1,-1
2024-11-05T00:51:31.000Z,U3310541,8252,47.00070,7.27855,33822.6,5.1,28.9,105.0,-54.8,0.9,-1.0,RS41-SG,403.500,9.9,187,8,2.6,-1,-1
2024-11-05T00:51:32.000Z,U3310541,8253,47.00062,7.27892,33827.4,4.5,29.4,108.8,-54.8,0.9,-1.0,RS41-SG,403.500,9.5,187,8,2.6,-1,-1
2024-11-05T00:51:33.000Z,U3310541,8254,47.00053,7.27928,33832.3,5.0,29.7,111.7,-54.8,0.9,-1.0,RS41-SG,403.500,9.2,187,8,2.5,-1,-1
2024-11-05T00:51:34.000Z,U3310541,8255,47.00043,7.27964,33837.9,6.1,30.1,112.2,-54.8,0.9,-1.0,RS41-SG,403.500,9.1,187,8,2.4,-1,-1
2024-11-05T00:51:35.000Z,U3310541,8256,47.00033,7.28001,33844.0,6.1,30.1,111.4,-54.8,0.8,-1.0,RS41-SG,403.500,9.3,187,8,2.4,-1,-1
2024-11-05T00:51:36.000Z,U3310541,8257,47.00023,7.28038,33849.6,5.1,30.3,109.7,-54.8,0.9,-1.0,RS41-SG,403.500,9.3,187,8,2.5,-1,-1
2024-11-05T00:51:37.000Z,U3310541,8258,47.00015,7.28075,33854.6,5.1,30.8,107.8,-54.8,0.9,-1.0,RS41-SG,403.500,9.2,187,8,2.6,-1,-1
2024-11-05T00:51:38.000Z,U3310541,8259,47.00007,7.28114,33859.7,5.1,31.5,106.5,-54.8,0.9,-1.0,RS41-SG,403.500,9.2,187,8,2.5,-1,-1
2024-11-05T00:51:39.000Z,U3310541,8260,46.99999,7.28154,33865.2,5.4,32.3,105.7,-54.9,0.8,-1.0,RS41-SG,403.500,8.8,187,8,2.4,-1,-1
2024-11-05T00:51:40.000Z,U3310541,8261,46.99991,7.28196,33870.9,5.8,33.1,105.3,-54.9,0.9,-1.0,RS41-SG,403.500,9.1,187,8,2.4,-1,-1
2024-11-05T00:51:41.000Z,U3310541,8262,46.99983,7.28238,33876.7,5.9,33.5,105.1,-54.9,0.9,-1.0,RS41-SG,403.500,9.1,187,8,2.6,-1,-1
2024-11-05T00:51:42.000Z,U3310541,8263,46.99975,7.28280,33882.3,5.4,33.9,104.1,-54.9,0.9,-1.0,RS41-SG,403.500,9.0,187,8,2.6,-1,-1
2024-11-05T00:51:43.000Z,U3310541,8264,46.99968,7.28323,33887.6,5.2,33.8,102.6,-54.9,0.9,-1.0,RS41-SG,403.500,9.0,187,8,2.6,-1,-1
2024-11-05T00:51:44.000Z,U3310541,8265,46.99962,7.28366,33892.9,5.3,33.2,100.6,-54.9,0.9,-1.0,RS41-SG,403.500,9.9,187,8,2.5,-1,-1
2024-11-05T00:51:45.000Z,U3310541,8266,46.99957,7.28409,33898.6,6.1,32.5,99.1,-54.9,0.9,-1.0,RS41-SG,403.500,9.9,187,8,2.4,-1,-1
2024-11-05T00:51:48.000Z,U3310541,8269,46.99944,7.28530,33916.5,5.7,30.2,101.0,-55.0,0.8,-1.0,RS41-SG,403.500,9.2,187,8,2.6,-1,-1
2024-11-05T00:51:49.000Z,U3310541,8270,46.99938,7.28568,33922.3,6.2,30.3,105.8,-55.0,0.9,-1.0,RS41-SG,403.500,10.4,187,8,2.6,-1,-1
2024-11-05T00:51:50.000Z,U3310541,8271,46.99930,7.28606,33928.4,5.9,31.0,110.5,-55.0,0.9,-1.0,RS41-SG,403.500,10.4,187,8,2.6,-1,-1
2024-11-05T00:51:51.000Z,U3310541,8272,46.99919,7.28644,33933.8,4.8,32.2,114.8,-55.0,0.9,-1.0,RS41-SG,403.500,10.4,187,8,2.5,-1,-1
2024-11-05T00:51:52.000Z,U3310541,8273,46.99906,7.28683,33938.4,4.1,33.2,117.3,-55.0,0.9,-1.0,RS41-SG,403.500,10.1,187,8,2.4,-1,-1
2024-11-05T00:51:53.000Z,U3310541,8274,46.99892,7.28722,33943.2,5.3,33.8,117.7,-55.0,0.9,-1.0,RS41-SG,403.500,10.1,187,8,2.4,-1,-1
2024-11-05T00:51:55.000Z,U3310541,8276,46.99867,7.28801,33955.9,7.2,32.6,110.7,-55.1,0.9,-1.0,RS41-SG,403.500,8.8,187,8,2.6,-1,-1
2024-11-05T00:51:56.000Z,U3310541,8277,46.99858,7.28841,33962.7,5.9,31.8,105.6,-55.1,0.9,-1.0,RS41-SG,403.500,9.5,187,8,2.4,-1,-1
2024-11-05T00:51:57.000Z,U3310541,8278,46.99852,7.28881,33968.0,4.1,31.2,101.3,-55.1,0.9,-1.0,RS41-SG,403.500,9.5,187,8,2.4,-1,-1
2024-11-05T00:51:58.000Z,U3310541,8279,46.99847,7.28921,33972.1,3.9,30.9,97.2,-55.1,0.9,-1.0,RS41-SG,403.500,10.0,187,8,2.4,-1,-1
2024-11-05T00:51:59.000Z,U3310541,8280,46.99844,7.28961,33976.5,5.0,30.8,95.6,-55.1,1.0,-1.0,RS41-SG,403.500,10.0,187,8,2.6,-1,-1
2024-11-05T00:52:00.000Z,U3310541,8281,46.99841,7.29001,33982.4,6.5,30.9,96.8,-55.0,0.9,-1.0,RS41-SG,403.500,10.4,187,8,2.6,-1,-1
2024-11-05T00:52:01.000Z,U3310541,8282,46.99837,7.29041,33989.2,7.0,31.3,100.6,-55.0,0.9,-1.0,RS41-SG,403.500,10.7,187,8,2.6,-1,-1
2024-11-05T00:52:02.000Z,U3310541,8283,46.99831,7.29081,33995.7,5.7,31.8,104.5,-55.0,0.8,-1.0,RS41-SG,403.500,10.7,187,8,2.5,-1,-1
2024-11-05T00:52:03.000Z,U3310541,8284,46.99823,7.29122,34000.7,4.2,32.5,108.3,-55.0,1.0,-1.0,RS41-SG,403.500,11.1,187,8,2.4,-1,-1
2024-11-05T00:52:04.000Z,U3310541,8285,46.99813,7.29162,34005.1,4.3,33.1,111.3,-54.9,0.9,-1.0,RS41-SG,403.500,11.1,187,8,2.4,-1,-1
2024-11-05T00:52:07.000Z,U3310541,8288,46.99779,7.29282,34022.2,5.8,32.4,111.1,-54.9,0.9,-1.0,RS41-SG,403.500,10.2,187,8,2.6,-1,-1
2024-11-05T00:52:08.000Z,U3310541,8289,46.99769,7.29321,34027.7,5.2,31.7,109.4,-54.7,0.9,-1.0,RS41-SG,403.500,10.3,187,8,2.6,-1,-1
2024-11-05T00:52:09.000Z,U3310541,8290,46.99760,7.29360,34033.1,5.2,31.1,107.5,-54.6,0.8,-1.0,RS41-SG,403.500,11.4,187,8,2.5,-1,-1
2024-11-05T00:52:10.000Z,U3310541,8291,46.99753,7.29399,34038.4,5.4,30.6,106.0,-54.5,0.8,-1.0,RS41-SG,403.500,11.4,187,8,2.4,-1,-1
2024-11-05T00:52:11.000Z,U3310541,8292,46.99745,7.29437,34043.8,5.6,30.4,105.0,-54.3,0.8,-1.0,RS41-SG,403.500,10.9,187,8,2.4,-1,-1
2024-11-05T00:52:12.000Z,U3310541,8293,46.99739,7.29476,34049.4,5.7,30.3,104.3,-54.2,0.8,-1.0,RS41-SG,403.500,9.8,187,8,2.6,-1,-1
2024-11-05T00:52:13.000Z,U3310541,8294,46.99732,7.29514,34055.2,5.7,30.3,103.2,-54.1,0.8,-1.0,RS41-SG,403.500,9.0,187,8,2.6,-1,-1
2024-11-05T00:52:14.000Z,U3310541,8295,46.99726,7.29553,34060.5,5.1,30.1,102.3,-54.0,0.8,-1.0,RS41-SG,403.500,9.6,187,8,2.5,-1,-1
2024-11-05T00:52:15.000Z,U3310541,8296,46.99721,7.29591,34065.6,5.0,30.0,100.6,-53.9,0.8,-1.0,RS41-SG,403.500,9.6,187,8,2.5,-1,-1
2024-11-05T00:52:16.000Z,U3310541,8297,46.99716,7.29630,34070.7,5.2,29.9,98.8,-53.8,0.8,-1.0,RS41-SG,403.500,9.6,187,8,2.4,-1,-1
2024-11-05T00:52:17.000Z,U3310541,8298,46.99713,7.29669,34076.1,5.4,30.2,96.7,-53.7,0.8,-1.0,RS41-SG,403.500,10.7,187,8,2.5,-1,-1
2024-11-05T00:52:18.000Z,U3310541,8299,46.99710,7.29708,34081.7,5.8,30.5,95.1,-53.6,0.8,-1.0,RS41-SG,403.500,10.7,187,8,2.5,-1,-1
2024-11-05T00:52:19.000Z,U3310541,8300,46.99708,7.29749,34087.6,5.8,31.4,94.5,-53.5,0.8,-1.0,RS41-SG,403.500,10.3,187,8,2.6,-1,-1
2024-11-05T00:52:20.000Z,U3310541,8301,46.99705,7.29790,34093.3,5.7,32.3,95.2,-53.5,0.8,-1.0,RS41-SG,403.500,10.3,187,8,2.5,-1,-1
2024-11-05T00:52:21.000Z,U3310541,8302,46.99702,7.29833,34098.8,5.6,33.5,96.8,-53.4,0.8,-1.0,RS41-SG,403.500,9.7,187,8,2.4,-1,-1
2024-11-05T00:52:22.000Z,U3310541,8303,46.99698,7.29877,34104.5,5.4,34.8,99.5,-53.4,0.8,-1.0,RS41-SG,403.500,9.7,187,8,2.4,-1,-1
2024-11-05T00:52:23.000Z,U3310541,8304,46.99692,7.29922,34109.9,5.4,36.0,103.1,-53.4,0.8,-1.0,RS41-SG,403.500,9.7,187,8,2.4,-1,-1
2024-11-05T00:52:24.000Z,U3310541,8305,46.99683,7.29968,34115.2,5.8,36.8,106.2,-53.3,0.8,-1.0,RS41-SG,403.500,10.7,187,8,2.6,-1,-1
2024-11-05T00:52:25.000Z,U3310541,8306,46.99674,7.30014,34121.0,5.9,37.0,108.0,-53.3,0.8,-1.0,RS41-SG,403.500,10.7,187,8,2.6,-1,-1
2024-11-05T00:52:31.000Z,U3310541,8312,46.99638,7.30268,34154.8,4.0,30.1,85.9,-53.2,0.8,-1.0,RS41-SG,403.500,9.6,187,8,2.6,-1,-1
2024-11-05T00:52:32.000Z,U3310541,8313,46.99641,7.30308,34158.6,3.6,30.5,82.2,-53.2,0.8,-1.0,RS41-SG,403.500,9.6,187,8,2.5,-1,-1
2024-11-05T00:52:33.000Z,U3310541,8314,46.99644,7.30348,34163.2,5.5,31.5,82.5,-53.1,0.7,-1.0,RS41-SG,403.500,9.5,187,8,2.4,-1,-1
2024-11-05T00:52:34.000Z,U3310541,8315,46.99647,7.30390,34169.6,7.2,32.8,86.7,-53.1,0.8,-1.0,RS41-SG,403.500,9.9,187,8,2.4,-1,-1
2024-11-05T00:52:35.000Z,U3310541,8316,46.99647,7.30434,34176.8,7.2,34.5,92.5,-53.0,0.8,-1.0,RS41-SG,403.500,9.9,187,8,2.6,-1,-1
2024-11-05T00:52:36.000Z,U3310541,8317,46.99644,7.30480,34183.0,5.6,36.3,97.9,-52.9,0.8,-1.0,RS41-SG,403.500,9.6,187,8,2.6,-1,-1
2024-11-05T00:52:37.000Z,U3310541,8318,46.99639,7.30528,34187.5,3.2,38.1,101.8,-52.8,0.8,-1.0,RS41-SG,403.500,9.4,187,8,2.6,-1,-1
2024-11-05T00:52:44.000Z,U3310541,8325,46.99597,7.30858,34223.2,3.7,32.6,87.5,-52.5,0.7,-1.0,RS41-SG,403.500,7.9,187,8,2.6,-1,-1
2024-11-05T00:52:45.000Z,U3310541,8326,46.99599,7.30900,34227.4,4.0,32.2,85.5,-52.5,0.8,-1.0,RS41-SG,403.500,9.6,187,8,2.5,-1,-1
2024-11-05T00:52:46.000Z,U3310541,8327,46.99601,7.30942,34232.2,5.2,32.4,85.3,-52.5,0.8,-1.0,RS41-SG,403.500,9.6,187,8,2.5,-1,-1
2024-11-05T00:52:47.000Z,U3310541,8328,46.99602,7.30985,34238.1,6.4,32.9,88.6,-52.5,0.8,-1.0,RS41-SG,403.500,9.1,187,8,2.4,-1,-1
2024-11-05T00:52:48.000Z,U3310541,8329,46.99602,7.31028,34244.3,6.3,33.6,93.2,-52.5,0.7,-1.0,RS41-SG,403.500,9.6,187,8,2.6,-1,-1
2024-11-05T00:52:50.000Z,U3310541,8331,46.99593,7.31117,34254.7,4.2,35.2,103.0,-52.5,0.8,-1.0,RS41-SG,403.500,9.2,187,8,2.4,-1,-1
2024-11-05T00:52:54.000Z,U3310541,8335,46.99559,7.31293,34275.5,6.4,33.8,102.2,-52.6,0.8,-1.0,RS41-SG,403.500,8.0,187,8,2.6,-1,-1
2024-11-05T00:52:55.000Z,U3310541,8336,46.99554,7.31337,34281.7,5.5,33.4,96.9,-52.6,0.8,-1.0,RS41-SG,403.500,8.3,187,8,2.5,-1,-1
2024-11-05T00:52:57.000Z,U3310541,8338,46.99552,7.31425,34290.7,3.6,34.6,88.0,-52.7,0.7,-1.0,RS41-SG,403.500,9.1,187,8,2.4,-1,-1
2024-11-05T00:52:58.000Z,U3310541,8339,46.99553,7.31471,34294.6,4.1,35.8,85.7,-52.7,0.8,-1.0,RS41-SG,403.500,9.3,187,8,2.4,-1,-1
2024-11-05T00:52:59.000Z,U3310541,8340,46.99555,7.31518,34299.3,5.2,36.6,86.5,-52.7,0.8,-1.0,RS41-SG,403.500,9.4,187,8,2.4,-1,-1
2024-11-05T00:53:07.000Z,U3310541,8348,46.99520,7.31872,34340.5,6.3,30.7,98.3,-52.8,0.8,-1.0,RS41-SG,403.500,8.5,187,8,2.6,-1,-1
2024-11-05T00:53:08.000Z,U3310541,8349,46.99517,7.31912,34346.5,5.4,31.4,93.4,-52.8,0.8,-1.0,RS41-SG,403.500,9.0,187,8,2.5,-1,-1
2024-11-05T00:53:09.000Z,U3310541,8350,46.99516,7.31954,34351.5,4.3,32.9,89.7,-52.8,0.8,-1.0,RS41-SG,403.500,9.6,187,8,2.5,-1,-1
2024-11-05T00:53:10.000Z,U3310541,8351,46.99517,7.31998,34355.6,3.7,34.8,87.5,-52.7,0.8,-1.0,RS41-SG,403.500,9.6,187,8,2.4,-1,-1
2024-11-05T00:53:11.000Z,U3310541,8352,46.99519,7.32045,34359.7,4.6,37.0,87.7,-52.7,0.9,-1.0,RS41-SG,403.500,10.0,187,8,2.6,-1,-1
2024-11-05T00:53:12.000Z,U3310541,8353,46.99519,7.32095,34365.1,5.7,38.7,89.8,-52.8,0.8,-1.0,RS41-SG,403.500,10.0,187,8,2.5,-1,-1
2024-11-05T00:53:13.000Z,U3310541,8354,46.99519,7.32146,34371.0,6.1,39.3,93.0,-52.8,0.8,-1.0,RS41-SG,403.500,9.6,187,8,2.5,-1,-1
2024-11-05T00:53:17.000Z,U3310541,8358,46.99500,7.32343,34391.8,5.6,35.3,99.7,-52.8,0.8,-1.0,RS41-SG,403.500,9.3,187,8,2.4,-1,-1
2024-11-05T00:53:18.000Z,U3310541,8359,46.99496,7.32388,34397.3,6.0,33.4,97.7,-52.8,0.8,-1.0,RS41-SG,403.500,9.3,187,8,2.6,-1,-1
2024-11-05T00:53:19.000Z,U3310541,8360,46.99493,7.32430,34402.9,5.6,31.7,94.8,-52.9,0.8,-1.0,RS41-SG,403.500,9.0,187,8,2.6,-1,-1
2024-11-05T00:53:20.000Z,U3310541,8361,46.99491,7.32471,34408.4,5.0,30.8,90.7,-52.9,0.8,-1.0,RS41-SG,403.500,9.0,187,8,2.6,-1,-1
2024-11-05T00:53:21.000Z,U3310541,8362,46.99492,7.32511,34413.2,4.4,31.0,87.8,-52.9,0.8,-1.0,RS41-SG,403.500,10.9,187,8,2.5,-1,-1
2024-11-05T00:53:22.000Z,U3310541,8363,46.99493,7.32552,34417.8,4.6,31.8,86.2,-52.9,0.8,-1.0,RS41-SG,403.500,10.9,187,8,2.4,-1,-1
2024-11-05T00:53:23.000Z,U3310541,8364,46.99495,7.32595,34422.8,5.4,33.5,87.2,-52.9,0.8,-1.0,RS41-SG,403.500,10.8,187,8,2.4,-1,-1
2024-11-05T00:53:24.000Z,U3310541,8365,46.99496,7.32640,34428.4,5.7,35.7,89.6,-52.9,0.8,-1.0,RS41-SG,403.500,10.8,187,8,2.6,-1,-1
2024-11-05T00:53:25.000Z,U3310541,8366,46.99495,7.32688,34434.3,5.6,37.8,93.0,-53.0,0.8,-1.0,RS41-SG,403.500,10.6,187,8,2.6,-1,-1
2024-11-05T00:53:26.000Z,U3310541,8367,46.99492,7.32738,34439.7,5.2,39.6,95.9,-53.0,0.9,-1.0,RS41-SG,403.500,10.6,187,8,2.5,-1,-1
2024-11-05T00:53:27.000Z,U3310541,8368,46.99488,7.32790,34444.6,4.6,40.6,98.7,-53.0,0.8,-1.0,RS41-SG,403.500,9.5,187,8,2.5,-1,-1
2024-11-05T00:53:28.000Z,U3310541,8369,46.99482,7.32843,34449.5,4.9,40.5,100.2,-53.0,0.8,-1.0,RS41-SG,403.500,9.5,187,8,2.4,-1,-1
2024-11-05T00:53:29.000Z,U3310541,8370,46.99475,7.32894,34455.0,5.8,38.9,100.4,-53.0,0.9,-1.0,RS41-SG,403.500,9.5,187,8,2.6,-1,-1
2024-11-05T00:53:31.000Z,U3310541,8372,46.99466,7.32987,34466.9,5.5,33.2,95.9,-53.0,0.8,-1.0,RS41-SG,403.500,8.3,187,8,2.5,-1,-1
2024-11-05T00:53:32.000Z,U3310541,8373,46.99464,7.33029,34472.0,4.5,30.4,91.4,-53.0,0.8,-1.0,RS41-SG,403.500,8.3,187,8,2.5,-1,-1
2024-11-05T00:53:33.000Z,U3310541,8374,46.99464,7.33067,34476.3,3.6,28.4,86.7,-53.0,0.9,-1.0,RS41-SG,403.500,9.4,187,8,2.5,-1,-1
2024-11-05T00:53:34.000Z,U3310541,8375,46.99466,7.33103,34479.9,3.6,27.1,83.6,-53.0,0.8,-1.0,RS41-SG,403.500,9.4,187,8,2.4,-1,-1
2024-11-05T00:53:36.000Z,U3310541,8377,46.99472,7.33175,34490.0,6.7,28.4,85.9,-53.1,0.9,-1.0,RS41-SG,403.500,9.4,187,8,2.6,-1,-1
2024-11-05T00:53:37.000Z,U3310541,8378,46.99472,7.33213,34497.2,7.4,30.7,91.7,-53.1,0.8,-1.0,RS41-SG,403.500,9.4,187,8,2.6,-1,-1
2024-11-05T00:53:38.000Z,U3310541,8379,46.99470,7.33255,34503.9,6.1,33.4,96.0,-53.1,0.8,-1.0,RS41-SG,403.500,9.4,187,8,2.6,-1,-1
2024-11-05T00:53:39.000Z,U3310541,8380,46.99466,7.33300,34508.9,3.8,36.0,99.9,-53.1,0.8,-1.0,RS41-SG,403.500,8.6,187,8,2.5,-1,-1
2024-11-05T00:53:40.000Z,U3310541,8381,46.99459,7.33348,34512.2,2.6,38.2,102.7,-53.1,0.8,-1.0,RS41-SG,403.500,9.3,187,8,2.5,-1,-1
2024-11-05T00:53:41.000Z,U3310541,8382,46.99451,7.33397,34515.6,3.8,39.5,103.9,-53.1,0.8,-1.0,RS41-SG,403.500,9.3,187,8,2.4,-1,-1
2024-11-05T00:53:42.000Z,U3310541,8383,46.99443,7.33447,34520.5,6.2,39.4,103.2,-53.1,0.9,-1.0,RS41-SG,403.500,8.6,187,8,2.6,-1,-1
2024-11-05T00:53:43.000Z,U3310541,8384,46.99436,7.33496,34526.9,7.1,37.6,100.9,-53.1,0.8,-1.0,RS41-SG,403.500,8.0,187,8,2.6,-1,-1
2024-11-05T00:53:44.000Z,U3310541,8385,46.99430,7.33544,34533.4,5.9,35.7,98.0,-53.1,0.8,-1.0,RS41-SG,403.500,8.7,187,8,2.5,-1,-1
2024-11-05T00:53:45.000Z,U3310541,8386,46.99427,7.33588,34538.5,4.0,33.5,95.0,-53.1,0.8,-1.0,RS41-SG,403.500,8.7,187,8,2.5,-1,-1
2024-11-05T00:53:46.000Z,U3310541,8387,46.99425,7.33631,34542.4,3.6,31.0,92.6,-53.0,0.8,-1.0,RS41-SG,403.500,8.4,187,8,2.4,-1,-1
2024-11-05T00:53:47.000Z,U3310541,8388,46.99424,7.33670,34546.3,4.3,29.0,91.6,-53.0,0.8,-1.0,RS41-SG,403.500,8.7,187,8,2.6,-1,-1
2024-11-05T00:53:48.000Z,U3310541,8389,46.99423,7.33707,34551.3,5.3,27.8,92.8,-53.0,0.8,-1.0,RS41-SG,403.500,8.7,187,8,2.6,-1,-1
2024-11-05T00:53:49.000Z,U3310541,8390,46.99421,7.33743,34557.0,5.9,27.5,96.2,-53.0,0.8,-1.0,RS41-SG,403.500,8.5,187,8,2.6,-1,-1
2024-11-05T00:53:51.000Z,U3310541,8392,46.99413,7.33816,34568.9,5.2,29.6,102.6,-53.0,0.9,-1.0,RS41-SG,403.500,9.1,187,8,2.4,-1,-1
2024-11-05T00:53:52.000Z,U3310541,8393,46.99407,7.33855,34573.4,4.0,31.1,104.2,-53.0,0.8,-1.0,RS41-SG,403.500,8.5,187,8,2.4,-1,-1
2024-11-05T00:53:53.000Z,U3310541,8394,46.99399,7.33895,34577.5,4.3,32.5,105.4,-53.1,0.8,-1.0,RS41-SG,403.500,9.1,187,8,2.4,-1,-1
2024-11-05T00:53:55.000Z,U3310541,8396,46.99385,7.33979,34587.7,6.2,33.4,102.4,-53.1,0.8,-1.0,RS41-SG,403.500,9.8,187,8,2.6,-1,-1
2024-11-05T00:53:58.000Z,U3310541,8399,46.99373,7.34106,34603.7,4.2,32.4,94.2,-53.2,0.8,-1.0,RS41-SG,403.500,10.7,187,8,2.5,-1,-1
2024-11-05T00:53:59.000Z,U3310541,8400,46.99371,7.34148,34608.1,4.4,32.7,92.6,-53.2,0.8,-1.0,RS41-SG,403.500,10.7,187,8,2.4,-1,-1
2024-11-05T00:54:00.000Z,U3310541,8401,46.99370,7.34191,34612.8,5.1,33.0,92.6,-53.2,0.9,-1.0,RS41-SG,403.500,10.7,187,8,2.6,-1,-1
2024-11-05T00:54:02.000Z,U3310541,8403,46.99365,7.34278,34624.3,6.1,33.8,96.4,-53.3,0.8,-1.0,RS41-SG,403.500,9.1,187,8,2.5,-1,-1
2024-11-05T00:54:06.000Z,U3310541,8407,46.99340,7.34444,34644.9,4.6,29.6,108.5,-53.4,0.8,-1.0,RS41-SG,403.500,9.8,187,8,2.6,-1,-1
2024-11-05T00:54:07.000Z,U3310541,8408,46.99332,7.34479,34649.6,4.6,27.6,109.9,-53.5,0.8,-1.0,RS41-SG,403.500,9.6,187,8,2.6,-1,-1
2024-11-05T00:54:08.000Z,U3310541,8409,46.99324,7.34512,34654.8,5.1,25.9,109.5,-53.5,0.8,-1.0,RS41-SG,403.500,11.1,187,8,2.5,-1,-1
2024-11-05T00:54:09.000Z,U3310541,8410,46.99317,7.34543,34660.3,5.8,24.8,107.5,-53.6,0.9,-1.0,RS41-SG,403.500,11.1,187,8,2.5,-1,-1
2024-11-05T00:54:10.000Z,U3310541,8411,46.99311,7.34575,34666.3,5.9,25.2,104.1,-53.6,0.8,-1.0,RS41-SG,403.500,9.7,187,8,2.4,-1,-1
2024-11-05T00:54:11.000Z,U3310541,8412,46.99306,7.34608,34672.1,5.8,27.0,100.1,-53.6,0.8,-1.0,RS41-SG,403.500,10.1,187,8,2.4,-1,-1
2024-11-05T00:54:12.000Z,U3310541,8413,46.99302,7.34645,34677.7,5.5,29.7,97.6,-53.7,0.8,-1.0,RS41-SG,403.500,10.1,187,8,2.6,-1,-1
2024-11-05T00:54:13.000Z,U3310541,8414,46.99299,7.34685,34682.5,4.8,32.9,95.9,-53.7,0.9,-1.0,RS41-SG,403.500,11.0,187,8,2.6,-1,-1
2024-11-05T00:54:14.000Z,U3310541,8415,46.99296,7.34730,34687.0,4.4,36.0,95.5,-53.8,0.9,-1.0,RS41-SG,403.500,11.0,187,8,2.6,-1,-1
2024-11-05T00:54:15.000Z,U3310541,8416,46.99292,7.34778,34691.5,4.4,38.0,96.1,-53.8,0.8,-1.0,RS41-SG,403.500,10.6,187,8,2.5,-1,-1
2024-11-05T00:54:16.000Z,U3310541,8417,46.99288,7.34828,34696.3,4.8,38.7,98.1,-53.8,1.0,-1.0,RS41-SG,403.500,10.9,187,8,2.4,-1,-1
2024-11-05T00:54:17.000Z,U3310541,8418,46.99282,7.34877,34702.0,6.5,37.1,101.1,-53.9,0.8,-1.0,RS41-SG,403.500,10.9,187,8,2.5,-1,-1
2024-11-05T00:54:18.000Z,U3310541,8419,46.99275,7.34922,34708.8,7.2,33.9,105.2,-53.9,0.9,-1.0,RS41-SG,403.500,10.3,187,8,2.6,-1,-1
2024-11-05T00:54:19.000Z,U3310541,8420,46.99267,7.34963,34715.2,5.8,30.5,108.2,-54.0,0.8,-1.0,RS41-SG,403.500,10.4,187,8,2.6,-1,-1
2024-11-05T00:54:20.000Z,U3310541,8421,46.99258,7.34998,34719.8,3.8,26.9,111.9,-54.0,0.8,-1.0,RS41-SG,403.500,10.4,187,8,2.5,-1,-1
2024-11-05T00:54:21.000Z,U3310541,8422,46.99249,7.35028,34723.1,2.4,24.1,114.8,-54.0,0.8,-1.0,RS41-SG,403.500,11.4,187,8,2.5,-1,-1
2024-11-05T00:54:22.000Z,U3310541,8423,46.99240,7.35055,34725.9,3.2,21.9,116.1,-54.1,0.8,-1.0,RS41-SG,403.500,11.4,187,8,2.4,-1,-1
2024-11-05T00:54:23.000Z,U3310541,8424,46.99232,7.35081,34730.3,5.4,21.8,114.8,-54.1,0.9,-1.0,RS41-SG,403.500,11.2,187,8,2.6,-1,-1
2024-11-05T00:54:25.000Z,U3310541,8426,46.99217,7.35140,34743.3,7.0,26.9,105.1,-54.1,0.9,-1.0,RS41-SG,403.500,11.2,187,8,2.6,-1,-1
2024-11-05T00:54:26.000Z,U3310541,8427,46.99211,7.35177,34749.5,5.4,30.4,101.8,-54.0,0.9,-1.0,RS41-SG,403.500,11.2,187,8,2.5,-1,-1
2024-11-05T00:54:27.000Z,U3310541,8428,46.99206,7.35218,34754.1,3.2,33.4,99.4,-53.9,0.9,-1.0,RS41-SG,403.500,10.0,187,8,2.5,-1,-1
2024-11-05T00:54:28.000Z,U3310541,8429,46.99202,7.35263,34757.2,2.7,36.3,97.6,-53.8,0.8,-1.0,RS41-SG,403.500,12.2,187,8,2.4,-1,-1
2024-11-05T00:54:29.000Z,U3310541,8430,46.99198,7.35311,34760.6,4.1,37.7,96.5,-53.8,0.9,-1.0,RS41-SG,403.500,12.2,187,8,2.6,-1,-1
2024-11-05T00:54:30.000Z,U3310541,8431,46.99194,7.35359,34765.8,6.2,37.1,96.8,-53.7,0.9,-1.0,RS41-SG,403.500,11.1,187,8,2.6,-1,-1
2024-11-05T00:54:31.000Z,U3310541,8432,46.99190,7.35406,34772.3,6.8,34.7,97.7,-53.7,0.8,-1.0,RS41-SG,403.500,11.3,187,8,2.5,-1,-1
2024-11-05T00:54:32.000Z,U3310541,8433,46.99185,7.35448,34779.0,6.3,31.7,99.3,-53.7,0.9,-1.0,RS41-SG,403.500,11.3,187,8,2.5,-1,-1
2024-11-05T00:54:33.000Z,U3310541,8434,46.99180,7.35487,34784.6,4.8,28.7,101.4,-53.6,0.8,-1.0,RS41-SG,403.500,11.6,187,8,2.4,-1,-1
2024-11-05T00:54:34.000Z,U3310541,8435,46.99175,7.35523,34788.4,3.1,26.5,103.9,-53.5,0.9,-1.0,RS41-SG,403.500,11.6,187,8,2.6,-1,-1
2024-11-05T00:54:35.000Z,U3310541,8436,46.99169,7.35555,34791.7,3.6,25.2,107.1,-53.4,0.8,-1.0,RS41-SG,403.500,11.5,187,8,2.6,-1,-1
2024-11-05T00:54:36.000Z,U3310541,8437,46.99162,7.35587,34796.0,4.9,25.5,109.6,-53.4,0.8,-1.0,RS41-SG,403.500,11.5,187,8,2.6,-1,-1
2024-11-05T00:54:37.000Z,U3310541,8438,46.99154,7.35619,34801.5,6.0,27.4,109.3,-53.3,0.8,-1.0,RS41-SG,403.500,11.9,187,8,2.5,-1,-1
2024-11-05T00:54:38.000Z,U3310541,8439,46.99146,7.35655,34807.8,6.2,30.3,108.3,-53.3,0.8,-1.0,RS41-SG,403.500,11.9,187,8,2.5,-1,-1
2024-11-05T00:54:39.000Z,U3310541,8440,46.99137,7.35695,34813.4,5.1,33.2,107.2,-53.3,0.7,-1.0,RS41-SG,403.500,10.3,187,8,2.5,-1,-1
2024-11-05T00:54:41.000Z,U3310541,8442,46.99120,7.35784,34821.8,4.0,37.1,103.7,-53.3,0.9,-1.0,RS41-SG,403.500,10.8,187,8,2.5,-1,-1
2024-11-05T00:54:42.000Z,U3310541,8443,46.99113,7.35831,34826.2,5.0,37.5,101.4,-53.3,0.8,-1.0,RS41-SG,403.500,10.8,187,8,2.5,-1,-1
2024-11-05T00:54:43.000Z,U3310541,8444,46.99107,7.35879,34831.8,6.0,36.2,99.9,-53.3,0.8,-1.0,RS41-SG,403.500,11.6,187,8,2.6,-1,-1
2024-11-05T00:54:44.000Z,U3310541,8445,46.99102,7.35924,34837.9,6.0,34.1,98.3,-53.3,0.8,-1.0,RS41-SG,403.500,11.6,187,8,2.5,-1,-1
2024-11-05T00:54:45.000Z,U3310541,8446,46.99098,7.35967,34843.7,4.7,31.9,98.0,-53.3,0.9,-1.0,RS41-SG,403.500,11.3,187,8,2.5,-1,-1
2024-11-05T00:54:46.000Z,U3310541,8447,46.99094,7.36007,34848.3,4.1,30.1,98.2,-53.3,0.7,-1.0,RS41-SG,403.500,11.3,187,8,2.5,-1,-1
2024-11-05T00:54:47.000Z,U3310541,8448,46.99090,7.36045,34852.5,4.5,28.7,100.0,-53.2,0.8,-1.0,RS41-SG,403.500,10.8,187,8,2.6,-1,-1
2024-11-05T00:54:48.000Z,U3310541,8449,46.99085,7.36082,34857.6,5.4,28.8,102.0,-53.2,0.8,-1.0,RS41-SG,403.500,10.8,187,8,2.6,-1,-1
2024-11-05T00:54:49.000Z,U3310541,8450,46.99079,7.36119,34863.3,6.0,29.9,104.1,-53.2,0.8,-1.0,RS41-SG,403.500,10.7,187,8,2.5,-1,-1
2024-11-05T00:54:50.000Z,U3310541,8451,46.99072,7.36158,34869.5,6.0,31.9,105.4,-53.1,0.7,-1.0,RS41-SG,403.500,11.0,187,8,2.5,-1,-1
2024-11-05T00:54:51.000Z,U3310541,8452,46.99064,7.36200,34875.2,5.5,34.1,106.0,-53.0,0.7,-1.0,RS41-SG,403.500,11.0,187,8,2.4,-1,-1
2024-11-05T00:54:52.000Z,U3310541,8453,46.99055,7.36244,34879.9,4.4,36.0,106.0,-53.0,0.8,-1.0,RS41-SG,403.500,10.4,187,8,2.6,-1,-1
2024-11-05T00:54:53.000Z,U3310541,8454,46.99046,7.36290,34884.2,4.2,37.1,105.3,-53.0,0.8,-1.0,RS41-SG,403.500,10.4,187,8,2.6,-1,-1
2024-11-05T00:54:56.000Z,U3310541,8457,46.99024,7.36431,34899.2,5.6,35.4,100.4,-52.9,0.9,-1.0,RS41-SG,403.500,8.0,187,8,2.5,-1,-1
2024-11-05T00:54:57.000Z,U3310541,8458,46.99019,7.36475,34904.8,5.2,33.8,98.1,-52.9,0.8,-1.0,RS41-SG,403.500,9.3,187,8,2.4,-1,-1
2024-11-05T00:54:59.000Z,U3310541,8460,46.99012,7.36561,34914.1,4.5,32.1,94.8,-52.9,0.8,-1.0,RS41-SG,403.500,9.0,187,8,2.5,-1,-1
2024-11-05T00:55:00.000Z,U3310541,8461,46.99010,7.36603,34918.9,5.1,32.5,94.3,-52.9,0.8,-1.0,RS41-SG,403.500,9.6,187,8,2.4,-1,-1
2024-11-05T00:55:01.000Z,U3310541,8462,46.99008,7.36646,34924.4,5.7,33.7,94.6,-52.9,0.8,-1.0,RS41-SG,403.500,10.1,187,8,2.5,-1,-1
2024-11-05T00:55:03.000Z,U3310541,8464,46.99001,7.36739,34935.4,4.9,37.4,97.9,-52.9,0.8,-1.0,RS41-SG,403.500,10.2,187,8,2.6,-1,-1
2024-11-05T00:55:05.000Z,U3310541,8466,46.98990,7.36838,34944.1,4.3,39.0,101.0,-52.8,0.8,-1.0,RS41-SG,403.500,8.5,187,8,2.6,-1,-1
2024-11-05T00:55:06.000Z,U3310541,8467,46.98983,7.36887,34949.0,4.9,38.5,102.3,-52.8,0.8,-1.0,RS41-SG,403.500,10.3,187,8,2.5,-1,-1
2024-11-05T00:55:09.000Z,U3310541,8470,46.98961,7.37026,34964.9,5.0,34.0,102.5,-52.7,0.8,-1.0,RS41-SG,403.500,9.4,187,8,2.4,-1,-1
2024-11-05T00:55:11.000Z,U3310541,8472,46.98949,7.37112,34974.6,4.9,33.5,100.1,-52.7,0.8,-1.0,RS41-SG,403.500,10.3,187,8,2.6,-1,-1
2024-11-05T00:55:13.000Z,U3310541,8474,46.98939,7.37203,34985.5,5.6,36.8,98.8,-52.8,0.8,-1.0,RS41-SG,403.500,10.8,187,8,2.5,-1,-1
2024-11-05T00:55:14.000Z,U3310541,8475,46.98934,7.37252,34991.0,5.3,39.2,98.4,-52.8,0.8,-1.0,RS41-SG,403.500,10.8,187,8,2.5,-1,-1
2024-11-05T00:55:15.000Z,U3310541,8476,46.98928,7.37304,34996.3,4.6,41.3,99.2,-52.8,0.7,-1.0,RS41-SG,403.500,10.6,187,8,2.4,-1,-1
2024-11-05T00:55:16.000Z,U3310541,8477,46.98923,7.37358,35000.4,3.9,42.5,99.1,-52.8,0.8,-1.0,RS41-SG,403.500,10.6,187,8,2.6,-1,-1
2024-11-05T00:55:17.000Z,U3310541,8478,46.98916,7.37413,35004.6,4.7,42.8,99.5,-52.8,0.8,-1.0,RS41-SG,403.500,10.0,187,8,2.6,-1,-1
2024-11-05T00:55:18.000Z,U3310541,8479,46.98910,7.37468,35009.8,5.4,41.6,99.8,-52.8,0.8,-1.0,RS41-SG,403.500,10.0,187,8,2.5,-1,-1
2024-11-05T00:55:19.000Z,U3310541,8480,46.98904,7.37520,35015.4,5.6,39.6,99.5,-52.8,0.7,-1.0,RS41-SG,403.500,9.0,187,8,2.5,-1,-1
2024-11-05T00:55:20.000Z,U3310541,8481,46.98898,7.37569,35020.9,5.1,37.3,99.0,-52.8,0.8,-1.0,RS41-SG,403.500,9.8,187,8,2.5,-1,-1
2024-11-05T00:55:21.000Z,U3310541,8482,46.98893,7.37616,35025.5,4.1,35.4,98.7,-52.8,0.8,-1.0,RS41-SG,403.500,10.0,187,8,2.6,-1,-1
2024-11-05T00:55:22.000Z,U3310541,8483,46.98889,7.37661,35029.7,4.3,34.3,98.9,-52.8,0.8,-1.0,RS41-SG,403.500,10.0,187,8,2.6,-1,-1
2024-11-05T00:55:23.000Z,U3310541,8484,46.98884,7.37706,35034.6,5.2,34.2,98.8,-52.8,0.8,-1.0,RS41-SG,403.500,9.5,187,8,2.6,-1,-1
2024-11-05T00:55:24.000Z,U3310541,8485,46.98879,7.37751,35040.2,5.8,35.3,99.3,-52.8,0.8,-1.0,RS41-SG,403.500,10.0,187,8,2.5,-1,-1
2024-11-05T00:55:25.000Z,U3310541,8486,46.98873,7.37797,35046.2,6.1,37.1,99.9,-52.8,0.9,-1.0,RS41-SG,403.500,10.0,187,8,2.5,-1,-1
2024-11-05T00:55:26.000Z,U3310541,8487,46.98867,7.37846,35051.8,5.1,39.3,100.1,-52.8,0.7,-1.0,RS41-SG,403.500,12.1,187,8,2.5,-1,-1
2024-11-05T00:55:27.000Z,U3310541,8488,46.98861,7.37898,35056.2,3.9,41.2,99.9,-52.8,0.8,-1.0,RS41-SG,403.500,12.1,187,8,2.6,-1,-1
2024-11-05T00:55:28.000Z,U3310541,8489,46.98855,7.37952,35060.1,3.9,42.8,99.7,-52.8,0.7,-1.0,RS41-SG,403.500,11.8,187,8,2.6,-1,-1
2024-11-05T00:55:29.000Z,U3310541,8490,46.98849,7.38008,35064.5,4.7,43.4,98.9,-52.8,0.8,-1.0,RS41-SG,403.500,11.8,187,8,2.5,-1,-1
2024-11-05T00:55:30.000Z,U3310541,8491,46.98843,7.38063,35069.6,5.7,42.9,97.6,-52.8,0.7,-1.0,RS41-SG,403.500,11.6,187,8,2.5,-1,-1
2024-11-05T00:55:31.000Z,U3310541,8492,46.98838,7.38118,35075.2,5.6,41.8,96.8,-52.8,0.7,-1.0,RS41-SG,403.500,11.6,187,8,2.4,-1,-1
2024-11-05T00:55:32.000Z,U3310541,8493,46.98834,7.38172,35080.3,4.6,40.8,96.3,-52.8,0.8,-1.0,RS41-SG,403.500,11.4,187,8,2.5,-1,-1
2024-11-05T00:55:33.000Z,U3310541,8494,46.98830,7.38224,35085.1,4.6,39.5,97.2,-52.8,0.8,-1.0,RS41-SG,403.500,11.4,187,8,2.6,-1,-1
2024-11-05T00:55:34.000Z,U3310541,8495,46.98825,7.38275,35089.6,4.9,39.0,98.3,-52.9,0.8,-1.0,RS41-SG,403.500,11.1,187,8,2.6,-1,-1
2024-11-05T00:55:35.000Z,U3310541,8496,46.98819,7.38325,35094.6,5.1,39.0,100.4,-52.9,0.8,-1.0,RS41-SG,403.500,11.1,187,8,2.5,-1,-1
2024-11-05T00:55:36.000Z,U3310541,8497,46.98812,7.38376,35099.8,5.2,39.7,102.6,-52.9,0.8,-1.0,RS41-SG,403.500,11.7,187,8,2.5,-1,-1
2024-11-05T00:55:37.000Z,U3310541,8498,46.98804,7.38427,35105.2,5.3,40.7,104.6,-52.9,0.7,-1.0,RS41-SG,403.500,11.7,187,8,2.5,-1,-1
2024-11-05T00:55:38.000Z,U3310541,8499,46.98794,7.38479,35110.3,5.0,41.6,105.8,-52.9,0.8,-1.0,RS41-SG,403.500,11.8,187,8,2.6,-1,-1
2024-11-05T00:55:39.000Z,U3310541,8500,46.98784,7.38531,35114.8,4.6,41.9,106.3,-52.9,0.8,-1.0,RS41-SG,403.500,11.8,187,8,2.6,-1,-1
2024-11-05T00:55:40.000Z,U3310541,8501,46.98774,7.38583,35119.6,4.7,41.5,105.7,-52.8,0.8,-1.0,RS41-SG,403.500,11.5,187,8,2.5,-1,-1
2024-11-05T00:55:41.000Z,U3310541,8502,46.98764,7.38635,35124.5,4.7,40.3,104.2,-52.8,0.7,-1.0,RS41-SG,403.500,10.8,187,8,2.5,-1,-1
2024-11-05T00:55:42.000Z,U3310541,8503,46.98756,7.38685,35129.4,5.1,38.6,102.2,-52.7,0.8,-1.0,RS41-SG,403.500,11.5,187,8,2.4,-1,-1
2024-11-05T00:55:43.000Z,U3310541,8504,46.98750,7.38734,35134.4,4.9,36.7,99.5,-52.7,0.8,-1.0,RS41-SG,403.500,11.5,187,8,2.6,-1,-1
2024-11-05T00:55:44.000Z,U3310541,8505,46.98745,7.38780,35139.3,4.6,35.3,97.3,-52.6,0.8,-1.0,RS41-SG,403.500,12.5,187,8,2.6,-1,-1
2024-11-05T00:55:45.000Z,U3310541,8506,46.98742,7.38825,35144.0,4.6,34.2,96.3,-52.5,0.8,-1.0,RS41-SG,403.500,12.5,187,8,2.6,-1,-1
2024-11-05T00:55:46.000Z,U3310541,8507,46.98738,7.38870,35148.6,4.8,34.5,96.2,-52.5,0.8,-1.0,RS41-SG,403.500,11.8,187,8,2.5,-1,-1
2024-11-05T00:55:47.000Z,U3310541,8508,46.98734,7.38916,35153.8,5.5,35.8,97.6,-52.4,0.8,-1.0,RS41-SG,403.500,11.8,187,8,2.5,-1,-1
2024-11-05T00:55:48.000Z,U3310541,8509,46.98729,7.38963,35159.5,5.7,37.8,100.3,-52.4,0.7,-1.0,RS41-SG,403.500,13.0,187,8,2.5,-1,-1
2024-11-05T00:55:49.000Z,U3310541,8510,46.98722,7.39013,35165.0,5.3,40.1,103.0,-52.4,0.7,-1.0,RS41-SG,403.500,13.0,187,8,2.4,-1,-1
2024-11-05T00:55:50.000Z,U3310541,8511,46.98713,7.39065,35169.9,4.2,42.3,105.5,-52.4,0.8,-1.0,RS41-SG,403.500,11.9,187,8,2.6,-1,-1
2024-11-05T00:55:51.000Z,U3310541,8512,46.98703,7.39119,35173.7,3.8,43.6,106.9,-52.4,0.8,-1.0,RS41-SG,403.500,11.9,187,8,2.6,-1,-1
2024-11-05T00:55:52.000Z,U3310541,8513,46.98691,7.39173,35177.8,4.5,43.6,108.6,-52.4,0.8,-1.0,RS41-SG,403.500,12.4,187,8,2.6,-1,-1
2024-11-05T00:55:53.000Z,U3310541,8514,46.98678,7.39226,35182.8,5.3,42.2,108.9,-52.4,0.7,-1.0,RS41-SG,403.500,12.4,187,8,2.5,-1,-1
2024-11-05T00:55:54.000Z,U3310541,8515,46.98666,7.39277,35188.6,5.7,39.8,108.8,-52.4,0.8,-1.0,RS41-SG,403.500,11.5,187,8,2.5,-1,-1
2024-11-05T00:55:55.000Z,U3310541,8516,46.98656,7.39324,35194.1,5.3,36.5,107.6,-52.5,0.8,-1.0,RS41-SG,403.500,12.6,187,8,2.5,-1,-1
2024-11-05T00:55:56.000Z,U3310541,8517,46.98647,7.39368,35198.8,4.3,33.6,105.9,-52.5,0.8,-1.0,RS41-SG,403.500,12.6,187,8,2.6,-1,-1
2024-11-05T00:55:57.000Z,U3310541,8518,46.98639,7.39409,35202.7,3.6,31.6,104.0,-52.5,0.8,-1.0,RS41-SG,403.500,11.8,187,8,2.6,-1,-1
2024-11-05T00:55:58.000Z,U3310541,8519,46.98633,7.39449,35206.3,3.8,30.3,102.1,-52.5,0.7,-1.0,RS41-SG,403.500,12.3,187,8,2.5,-1,-1
2024-11-05T00:55:59.000Z,U3310541,8520,46.98627,7.39488,35210.7,4.8,30.8,101.4,-52.5,0.8,-1.0,RS41-SG,403.500,12.5,187,8,2.5,-1,-1
2024-11-05T00:56:00.000Z,U3310541,8521,46.98622,7.39529,35216.2,5.8,32.8,101.5,-52.6,0.8,-1.0,RS41-SG,403.500,12.5,187,8,2.6,-1,-1
2024-11-05T00:56:01.000Z,U3310541,8522,46.98615,7.39572,35222.1,5.7,35.7,102.9,-52.6,0.8,-1.0,RS41-SG,403.500,11.4,187,8,2.6,-1,-1
2024-11-05T00:56:02.000Z,U3310541,8523,46.98607,7.39620,35227.5,5.1,38.8,104.3,-52.6,0.8,-1.0,RS41-SG,403.500,12.0,187,8,2.5,-1,-1
2024-11-05T00:56:03.000Z,U3310541,8524,46.98598,7.39671,35232.1,4.2,41.7,105.5,-52.6,0.8,-1.0,RS41-SG,403.500,12.6,187,8,2.5,-1,-1
2024-11-05T00:56:04.000Z,U3310541,8525,46.98588,7.39724,35235.9,3.8,43.6,107.0,-52.6,0.7,-1.0,RS41-SG,403.500,12.6,187,8,2.5,-1,-1
2024-11-05T00:56:05.000Z,U3310541,8526,46.98576,7.39779,35240.0,4.3,44.1,107.5,-52.6,0.8,-1.0,RS41-SG,403.500,13.1,187,8,2.6,-1,-1
2024-11-05T00:56:06.000Z,U3310541,8527,46.98564,7.39833,35244.9,5.6,42.9,107.6,-52.6,0.8,-1.0,RS41-SG,403.500,13.1,187,8,2.5,-1,-1
2024-11-05T00:56:07.000Z,U3310541,8528,46.98553,7.39885,35250.8,6.3,39.9,107.1,-52.6,0.8,-1.0,RS41-SG,403.500,12.4,187,8,2.5,-1,-1
2024-11-05T00:56:08.000Z,U3310541,8529,46.98543,7.39932,35256.8,5.7,36.0,106.2,-52.7,0.8,-1.0,RS41-SG,403.500,12.4,187,8,2.5,-1,-1
2024-11-05T00:56:09.000Z,U3310541,8530,46.98535,7.39975,35262.0,4.2,32.5,104.9,-52.7,0.8,-1.0,RS41-SG,403.500,12.2,187,8,2.5,-1,-1
2024-11-05T00:56:10.000Z,U3310541,8531,46.98529,7.40014,35265.5,2.7,29.4,102.9,-52.7,0.8,-1.0,RS41-SG,403.500,12.3,187,8,2.4,-1,-1
2024-11-05T00:56:11.000Z,U3310541,8532,46.98523,7.40050,35268.4,3.0,27.3,101.8,-52.7,0.8,-1.0,RS41-SG,403.500,12.7,187,8,2.5,-1,-1
2024-11-05T00:56:12.000Z,U3310541,8533,46.98518,7.40085,35272.1,4.8,26.9,101.5,-52.7,0.8,-1.0,RS41-SG,403.500,12.9,187,8,2.6,-1,-1
2024-11-05T00:56:13.000Z,U3310541,8534,46.98513,7.40121,35277.4,6.4,28.7,103.3,-52.7,0.8,-1.0,RS41-SG,403.500,12.9,187,8,2.6,-1,-1
2024-11-05T00:56:14.000Z,U3310541,8535,46.98506,7.40159,35283.5,6.4,31.5,105.4,-52.7,0.8,-1.0,RS41-SG,403.500,11.6,187,8,2.6,-1,-1
2024-11-05T00:56:15.000Z,U3310541,8536,46.98498,7.40201,35289.3,5.2,34.9,107.6,-52.7,0.8,-1.0,RS41-SG,403.500,13.3,187,8,2.5,-1,-1
2024-11-05T00:56:16.000Z,U3310541,8537,46.98487,7.40246,35293.8,3.6,38.1,109.3,-52.7,0.7,-1.0,RS41-SG,403.500,13.3,187,8,2.5,-1,-1
2024-11-05T00:56:17.000Z,U3310541,8538,46.98475,7.40294,35296.8,2.7,40.9,110.7,-52.7,0.8,-1.0,RS41-SG,403.500,12.6,187,8,2.5,-1,-1
2024-11-05T00:56:18.000Z,U3310541,8539,46.98462,7.40345,35300.0,3.3,42.3,111.6,-52.7,0.8,-1.0,RS41-SG,403.500,12.6,187,8,2.6,-1,-1
2024-11-05T00:56:19.000Z,U3310541,8540,46.98448,7.40396,35304.2,5.3,41.9,111.3,-52.7,0.8,-1.0,RS41-SG,403.500,12.2,187,8,2.6,-1,-1
2024-11-05T00:56:20.000Z,U3310541,8541,46.98435,7.40446,35309.7,6.3,39.4,110.1,-52.7,0.8,-1.0,RS41-SG,403.500,10.8,187,8,2.5,-1,-1
2024-11-05T00:56:21.000Z,U3310541,8542,46.98424,7.40492,35315.9,6.0,35.9,108.3,-52.7,0.7,-1.0,RS41-SG,403.500,10.1,187,8,2.5,-1,-1
2024-11-05T00:56:22.000Z,U3310541,8543,46.98415,7.40535,35321.4,4.6,32.3,106.0,-52.7,0.8,-1.0,RS41-SG,403.500,10.6,187,8,2.4,-1,-1
2024-11-05T00:56:23.000Z,U3310541,8544,46.98408,7.40574,35325.4,3.2,29.2,103.9,-52.7,0.9,-1.0,RS41-SG,403.500,11.0,187,8,2.6,-1,-1
2024-11-05T00:56:24.000Z,U3310541,8545,46.98402,7.40610,35328.2,2.6,26.8,101.8,-52.7,0.8,-1.0,RS41-SG,403.500,12.5,187,7,2.6,-1,-1
2024-11-05T00:56:25.000Z,U3310541,8546,46.98398,7.40643,35331.4,3.8,25.5,101.5,-52.7,0.8,-1.0,RS41-SG,403.500,12.5,187,8,2.6,-1,-1
2024-11-05T00:56:26.000Z,U3310541,8547,46.98393,7.40676,35336.1,5.5,26.1,103.3,-52.7,0.8,-1.0,RS41-SG,403.500,12.5,187,8,2.5,-1,-1
2024-11-05T00:56:27.000Z,U3310541,8548,46.98386,7.40710,35342.2,6.3,28.4,106.4,-52.7,0.8,-1.0,RS41-SG,403.500,11.7,187,8,2.5,-1,-1
2024-11-05T00:56:28.000Z,U3310541,8549,46.98378,7.40748,35348.2,5.6,31.7,109.7,-52.7,0.8,-1.0,RS41-SG,403.500,10.2,187,8,2.5,-1,-1
2024-11-05T00:56:29.000Z,U3310541,8550,46.98367,7.40789,35353.2,4.5,35.2,112.0,-52.7,0.8,-1.0,RS41-SG,403.500,10.3,187,8,2.6,-1,-1
2024-11-05T00:56:30.000Z,U3310541,8551,46.98355,7.40833,35357.1,3.4,38.4,113.6,-52.7,0.8,-1.0,RS41-SG,403.500,10.3,187,8,2.6,-1,-1
2024-11-05T00:56:31.000Z,U3310541,8552,46.98340,7.40880,35360.4,3.2,40.7,114.1,-52.8,0.8,-1.0,RS41-SG,403.500,11.5,187,8,2.5,-1,-1
2024-11-05T00:56:32.000Z,U3310541,8553,46.98326,7.40929,35364.4,4.5,41.3,113.6,-52.8,0.8,-1.0,RS41-SG,403.500,11.5,187,8,2.4,-1,-1
2024-11-05T00:56:34.000Z,U3310541,8555,46.98299,7.41025,35376.1,6.5,36.7,109.9,-52.8,0.8,-1.0,RS41-SG,403.500,9.4,187,8,2.6,-1,-1
2024-11-05T00:56:35.000Z,U3310541,8556,46.98289,7.41068,35381.9,5.4,32.9,106.9,-52.8,0.8,-1.0,RS41-SG,403.500,11.2,187,8,2.6,-1,-1
2024-11-05T00:56:36.000Z,U3310541,8557,46.98282,7.41107,35386.5,3.6,29.3,103.5,-52.9,0.8,-1.0,RS41-SG,403.500,11.2,187,8,2.6,-1,-1
2024-11-05T00:56:37.000Z,U3310541,8558,46.98277,7.41142,35389.8,2.5,25.8,99.9,-52.9,0.8,-1.0,RS41-SG,403.500,10.9,187,8,2.5,-1,-1
2024-11-05T00:56:38.000Z,U3310541,8559,46.98274,7.41174,35392.7,3.0,23.1,96.9,-52.9,0.9,-1.0,RS41-SG,403.500,10.9,187,8,2.5,-1,-1
2024-11-05T00:56:39.000Z,U3310541,8560,46.98271,7.41203,35396.7,4.8,21.9,97.5,-52.9,0.8,-1.0,RS41-SG,403.500,11.3,187,8,2.5,-1,-1
2024-11-05T00:56:40.000Z,U3310541,8561,46.98268,7.41232,35402.2,6.6,22.9,101.3,-52.9,0.8,-1.0,RS41-SG,403.500,11.3,187,8,2.6,-1,-1
2024-11-05T00:56:41.000Z,U3310541,8562,46.98263,7.41263,35408.8,6.9,25.6,106.3,-53.0,0.8,-1.0,RS41-SG,403.500,12.1,187,8,2.6,-1,-1
2024-11-05T00:56:42.000Z,U3310541,8563,46.98255,7.41297,35415.0,5.8,29.4,111.0,-53.0,0.8,-1.0,RS41-SG,403.500,12.1,187,8,2.5,-1,-1
2024-11-05T00:56:43.000Z,U3310541,8564,46.98244,7.41335,35419.7,3.5,33.4,113.8,-53.0,0.9,-1.0,RS41-SG,403.500,11.3,187,8,2.5,-1,-1
2024-11-05T00:56:44.000Z,U3310541,8565,46.98231,7.41377,35422.6,2.3,37.3,115.3,-53.1,0.8,-1.0,RS41-SG,403.500,10.8,187,8,2.5,-1,-1
2024-11-05T00:56:45.000Z,U3310541,8566,46.98216,7.41423,35425.4,3.2,40.4,116.0,-53.1,0.8,-1.0,RS41-SG,403.500,10.7,187,8,2.6,-1,-1
2024-11-05T00:56:46.000Z,U3310541,8567,46.98200,7.41471,35429.4,5.4,41.4,115.1,-53.1,0.9,-1.0,RS41-SG,403.500,10.3,187,8,2.6,-1,-1
2024-11-05T00:56:47.000Z,U3310541,8568,46.98185,7.41519,35435.7,7.1,39.7,112.5,-53.1,0.8,-1.0,RS41-SG,403.500,8.6,187,8,2.6,-1,-1
2024-11-05T00:56:48.000Z,U3310541,8569,46.98173,7.41566,35443.1,7.5,36.1,108.2,-53.2,0.8,-1.0,RS41-SG,403.500,9.3,187,8,2.5,-1,-1
2024-11-05T00:56:49.000Z,U3310541,8570,46.98165,7.41609,35449.8,5.9,32.0,103.1,-53.2,0.9,-1.0,RS41-SG,403.500,10.3,187,8,2.5,-1,-1
2024-11-05T00:56:51.000Z,U3310541,8572,46.98158,7.41681,35456.7,1.2,24.4,91.1,-53.2,0.8,-1.0,RS41-SG,403.500,11.8,187,8,2.6,-1,-1
2024-11-05T00:56:52.000Z,U3310541,8573,46.98158,7.41711,35457.8,1.2,21.4,85.7,-53.2,0.8,-1.0,RS41-SG,403.500,11.8,187,8,2.6,-1,-1
2024-11-05T00:56:53.000Z,U3310541,8574,46.98160,7.41738,35460.5,3.9,19.6,84.3,-53.2,0.8,-1.0,RS41-SG,403.500,11.4,187,8,2.5,-1,-1
2024-11-05T00:56:54.000Z,U3310541,8575,46.98161,7.41764,35465.7,6.8,19.8,91.3,-53.1,0.8,-1.0,RS41-SG,403.500,10.4,187,8,2.5,-1,-1
2024-11-05T00:56:55.000Z,U3310541,8576,46.98159,7.41791,35472.9,7.6,22.4,100.8,-53.1,0.7,-1.0,RS41-SG,403.500,10.0,187,8,2.4,-1,-1
2024-11-05T00:56:56.000Z,U3310541,8577,46.98153,7.41822,35479.8,6.1,26.3,108.1,-53.1,0.8,-1.0,RS41-SG,403.500,10.9,187,8,2.6,-1,-1
2024-11-05T00:56:57.000Z,U3310541,8578,46.98144,7.41857,35484.6,3.8,30.5,112.5,-53.1,0.8,-1.0,RS41-SG,403.500,11.4,187,8,2.6,-1,-1
2024-11-05T00:56:58.000Z,U3310541,8579,46.98132,7.41896,35487.3,1.7,34.7,114.9,-53.0,0.8,-1.0,RS41-SG,403.500,12.1,187,8,2.6,-1,-1
2024-11-05T00:56:59.000Z,U3310541,8580,46.98118,7.41939,35489.1,1.4,38.4,115.2,-53.0,0.8,-1.0,RS41-SG,403.500,12.1,187,8,2.5,-1,-1
2024-11-05T00:57:00.000Z,U3310541,8581,46.98104,7.41986,35491.7,3.5,40.3,113.8,-53.0,0.9,-1.0,RS41-SG,403.500,11.6,187,8,2.5,-1,-1
2024-11-05T00:57:02.000Z,U3310541,8583,46.98080,7.42081,35504.0,7.8,36.4,104.9,-53.0,0.8,-1.0,RS41-SG,403.500,9.4,187,8,2.6,-1,-1
2024-11-05T00:57:03.000Z,U3310541,8584,46.98074,7.42126,35511.0,6.4,32.7,99.3,-53.0,0.8,-1.0,RS41-SG,403.500,9.8,187,8,2.6,-1,-1
2024-11-05T00:57:04.000Z,U3310541,8585,46.98071,7.42166,35516.1,3.7,29.1,93.0,-52.9,0.8,-1.0,RS41-SG,403.500,11.7,187,8,2.5,-1,-1
2024-11-05T00:57:05.000Z,U3310541,8586,46.98070,7.42201,35518.8,1.7,25.7,87.5,-52.9,0.8,-1.0,RS41-SG,403.500,12.3,187,8,2.5,-1,-1
2024-11-05T00:57:06.000Z,U3310541,8587,46.98072,7.42233,35520.3,1.5,22.5,82.8,-52.9,0.7,-1.0,RS41-SG,403.500,12.3,187,8,2.5,-1,-1
2024-11-05T00:57:07.000Z,U3310541,8588,46.98074,7.42261,35522.8,3.9,20.2,83.2,-52.9,0.8,-1.0,RS41-SG,403.500,11.9,187,8,2.6,-1,-1
2024-11-05T00:57:08.000Z,U3310541,8589,46.98075,7.42287,35527.6,6.1,19.8,91.1,-52.8,0.8,-1.0,RS41-SG,403.500,11.9,187,8,2.6,-1,-1
2024-11-05T00:57:09.000Z,U3310541,8590,46.98073,7.42314,35534.0,6.5,21.7,100.7,-52.8,0.8,-1.0,RS41-SG,403.500,11.1,187,8,2.6,-1,-1
2024-11-05T00:57:10.000Z,U3310541,8591,46.98068,7.42343,35539.8,5.3,25.1,108.4,-52.8,0.8,-1.0,RS41-SG,403.500,12.0,187,8,2.5,-1,-1
2024-11-05T00:57:11.000Z,U3310541,8592,46.98059,7.42376,35544.1,3.2,29.3,112.6,-52.7,0.8,-1.0,RS41-SG,403.500,13.3,187,8,2.5,-1,-1
2024-11-05T00:57:15.000Z,U3310541,8596,46.98023,7.42540,35521.0,-14.5,37.2,114.6,-52.5,0.7,-1.0,RS41-SG,403.500,10.1,187,8,2.4,-1,-1
2024-11-05T00:57:16.000Z,U3310541,8597,46.98008,7.42586,35502.8,-24.3,38.2,114.1,-52.5,0.7,-1.0,RS41-SG,403.500,10.5,187,8,2.4,-1,-1
2024-11-05T00:57:17.000Z,U3310541,8598,46.97994,7.42632,35476.8,-32.5,37.7,113.1,-52.5,0.7,-1.0,RS41-SG,403.500,11.4,187,7,2.4,-1,-1
2024-11-05T00:57:18.000Z,U3310541,8599,46.97985,7.42679,35449.7,-23.6,37.2,95.3,-52.6,0.7,-1.0,RS41-SG,403.500,11.5,187,8,2.5,-1,-1
2024-11-05T00:57:19.000Z,U3310541,8600,46.97981,7.42729,35427.2,-27.7,36.7,92.2,-52.6,0.8,-1.0,RS41-SG,403.500,11.9,187,8,2.5,-1,-1
2024-11-05T00:57:20.000Z,U3310541,8601,46.97979,7.42777,35402.7,-24.4,35.5,86.8,-52.6,0.8,-1.0,RS41-SG,403.500,11.9,187,8,2.5,-1,-1
2024-11-05T00:57:21.000Z,U3310541,8602,46.97979,7.42822,35380.2,-22.6,32.8,86.6,-52.7,0.7,-1.0,RS41-SG,403.500,12.8,187,8,2.4,-1,-1
2024-11-05T00:57:22.000Z,U3310541,8603,46.97980,7.42865,35357.8,-24.9,31.4,87.7,-52.6,0.8,-1.0,RS41-SG,403.500,12.8,187,7,2.4,-1,-1
2024-11-05T00:57:23.000Z,U3310541,8604,46.97978,7.42906,35332.1,-28.3,30.0,92.9,-52.5,0.8,-1.0,RS41-SG,403.500,12.1,187,8,2.4,-1,-1
2024-11-05T00:57:24.000Z,U3310541,8605,46.97974,7.42945,35302.7,-31.6,28.8,99.3,-52.4,0.8,-1.0,RS41-SG,403.500,13.1,187,7,2.5,-1,-1
2024-11-05T00:57:25.000Z,U3310541,8606,46.97968,7.42982,35268.9,-36.5,28.9,104.7,-52.3,0.7,-1.0,RS41-SG,403.500,13.1,187,7,2.5,-1,-1
2024-11-05T00:57:26.000Z,U3310541,8607,46.97959,7.43019,35230.6,-41.7,29.4,109.0,-52.1,0.7,-1.0,RS41-SG,403.500,12.3,187,8,2.4,-1,-1
2024-11-05T00:57:27.000Z,U3310541,8608,46.97950,7.43056,35186.6,-47.3,30.5,110.2,-51.9,0.7,-1.0,RS41-SG,403.500,12.7,187,7,2.4,-1,-1
2024-11-05T00:57:28.000Z,U3310541,8609,46.97938,7.43094,35137.9,-51.6,31.8,113.3,-51.5,0.7,-1.0,RS41-SG,403.500,12.7,187,7,2.4,-1,-1
2024-11-05T00:57:29.000Z,U3310541,8610,46.97926,7.43133,35084.2,-56.6,32.6,115.3,-51.2,0.7,-1.0,RS41-SG,403.500,11.9,187,7,2.5,-1,-1
2024-11-05T00:57:30.000Z,U3310541,8611,46.97913,7.43172,35025.9,-60.8,33.6,114.4,-51.2,0.6,-1.0,RS41-SG,403.500,11.9,187,8,2.5,-1,-1
2024-11-05T00:57:31.000Z,U3310541,8612,46.97900,7.43213,34966.1,-59.7,35.7,116.0,-51.1,0.7,-1.0,RS41-SG,403.500,11.7,187,8,2.6,-1,-1
2024-11-05T00:57:32.000Z,U3310541,8613,46.97883,7.43257,34910.8,-52.0,40.6,119.3,-51.1,0.6,-1.0,RS41-SG,403.500,11.4,187,8,2.4,-1,-1
2024-11-05T00:57:33.000Z,U3310541,8614,46.97866,7.43305,34858.1,-53.4,42.2,118.6,-51.3,0.7,-1.0,RS41-SG,403.500,10.8,187,8,2.4,-1,-1
2024-11-05T00:57:34.000Z,U3310541,8615,46.97848,7.43354,34807.0,-49.7,42.6,114.4,-51.4,0.7,-1.0,RS41-SG,403.500,10.2,187,8,2.4,-1,-1
2024-11-05T00:57:36.000Z,U3310541,8617,46.97821,7.43457,34704.4,-53.2,41.5,108.6,-51.8,0.7,-1.0,RS41-SG,403.500,12.4,187,8,2.5,-1,-1
2024-11-05T00:57:37.000Z,U3310541,8618,46.97811,7.43508,34650.8,-54.7,39.8,103.9,-52.1,0.7,-1.0,RS41-SG,403.500,12.4,187,8,2.4,-1,-1
2024-11-05T00:57:38.000Z,U3310541,8619,46.97803,7.43557,34595.9,-57.1,37.5,99.8,-52.1,0.7,-1.0,RS41-SG,403.500,12.0,187,8,2.4,-1,-1
2024-11-05T00:57:39.000Z,U3310541,8620,46.97798,7.43605,34538.6,-59.4,37.2,99.4,-51.8,0.8,-1.0,RS41-SG,403.500,11.6,187,8,2.4,-1,-1
2024-11-05T00:57:40.000Z,U3310541,8621,46.97794,7.43652,34478.2,-62.0,36.1,95.4,-51.6,0.7,-1.0,RS41-SG,403.500,11.4,187,8,2.5,-1,-1
2024-11-05T00:57:41.000Z,U3310541,8622,46.97792,7.43698,34417.1,-61.2,34.3,92.0,-51.5,0.7,-1.0,RS41-SG,403.500,12.6,187,8,2.5,-1,-1
2024-11-05T00:57:42.000Z,U3310541,8623,46.97792,7.43740,34357.7,-58.9,30.8,85.5,-51.5,0.7,-1.0,RS41-SG,403.500,12.6,187,8,2.5,-1,-1
2024-11-05T00:57:43.000Z,U3310541,8624,46.97794,7.43780,34298.8,-60.2,30.2,84.9,-51.4,0.7,-1.0,RS41-SG,403.500,11.8,187,8,2.4,-1,-1
2024-11-05T00:57:44.000Z,U3310541,8625,46.97797,7.43818,34240.1,-57.8,28.2,85.1,-51.3,0.7,-1.0,RS41-SG,403.500,13.2,187,8,2.4,-1,-1
2024-11-05T00:57:45.000Z,U3310541,8626,46.97798,7.43854,34183.9,-55.3,27.8,87.9,-51.2,0.7,-1.0,RS41-SG,403.500,13.2,187,8,2.4,-1,-1
2024-11-05T00:57:46.000Z,U3310541,8627,46.97798,7.43890,34133.3,-49.0,27.2,93.4,-51.4,0.7,-1.0,RS41-SG,403.500,13.0,187,8,2.5,-1,-1
2024-11-05T00:57:47.000Z,U3310541,8628,46.97796,7.43926,34082.7,-53.1,27.7,96.8,-51.7,0.7,-1.0,RS41-SG,403.500,12.0,187,8,2.5,-1,-1
2024-11-05T00:57:48.000Z,U3310541,8629,46.97792,7.43962,34029.5,-53.9,29.2,101.2,-52.0,0.8,-1.0,RS41-SG,403.500,10.9,187,8,2.4,-1,-1
2024-11-05T00:57:49.000Z,U3310541,8630,46.97786,7.44001,33975.5,-55.1,31.4,103.3,-52.6,0.8,-1.0,RS41-SG,403.500,11.4,187,8,2.4,-1,-1
2024-11-05T00:57:50.000Z,U3310541,8631,46.97780,7.44042,33919.7,-57.7,33.0,104.2,-53.1,0.9,-1.0,RS41-SG,403.500,12.6,187,8,2.4,-1,-1
2024-11-05T00:57:51.000Z,U3310541,8632,46.97772,7.44084,33861.3,-60.5,33.1,105.2,-53.3,0.9,-1.0,RS41-SG,403.500,12.6,187,8,2.5,-1,-1
2024-11-05T00:57:52.000Z,U3310541,8633,46.97764,7.44126,33800.6,-62.0,35.1,106.5,-53.2,0.8,-1.0,RS41-SG,403.500,11.8,187,7,2.5,-1,-1
2024-11-05T00:57:54.000Z,U3310541,8635,46.97747,7.44217,33678.6,-61.9,36.8,105.3,-53.5,0.8,-1.0,RS41-SG,403.500,11.7,187,8,2.4,-1,-1
2024-11-05T00:57:55.000Z,U3310541,8636,46.97738,7.44263,33616.1,-64.2,36.7,105.0,-53.7,0.9,-1.0,RS41-SG,403.500,11.7,187,8,2.4,-1,-1
2024-11-05T00:57:56.000Z,U3310541,8637,46.97730,7.44309,33552.5,-64.0,36.3,105.5,-53.9,0.9,-1.0,RS41-SG,403.500,11.5,187,7,2.4,-1,-1
2024-11-05T00:57:57.000Z,U3310541,8638,46.97722,7.44354,33488.9,-62.4,35.6,103.1,-54.1,0.9,-1.0,RS41-SG,403.500,11.5,187,8,2.5,-1,-1
2024-11-05T00:57:58.000Z,U3310541,8639,46.97715,7.44398,33427.0,-61.8,33.5,102.2,-54.3,0.9,-1.0,RS41-SG,403.500,11.4,187,8,2.5,-1,-1
2024-11-05T00:57:59.000Z,U3310541,8640,46.97709,7.44440,33366.0,-61.9,32.2,102.5,-54.6,0.9,-1.0,RS41-SG,403.500,11.6,187,7,2.4,-1,-1
2024-11-05T00:58:00.000Z,U3310541,8641,46.97703,7.44480,33304.4,-61.6,30.4,102.7,-54.7,1.0,-1.0,RS41-SG,403.500,11.6,187,8,2.4,-1,-1
2024-11-05T00:58:01.000Z,U3310541,8642,46.97698,7.44517,33243.4,-61.2,28.1,105.3,-54.6,0.9,-1.0,RS41-SG,403.500,11.1,187,7,2.4,-1,-1
2024-11-05T00:58:02.000Z,U3310541,8643,46.97691,7.44551,33181.9,-62.4,27.1,106.9,-54.3,0.9,-1.0,RS41-SG,403.500,11.6,187,7,2.5,-1,-1
2024-11-05T00:58:03.000Z,U3310541,8644,46.97684,7.44583,33118.8,-63.6,25.3,108.2,-54.0,0.9,-1.0,RS41-SG,403.500,11.6,187,8,2.5,-1,-1
2024-11-05T00:58:04.000Z,U3310541,8645,46.97676,7.44614,33056.9,-61.2,25.9,113.7,-54.1,0.8,-1.0,RS41-SG,403.500,11.4,187,8,2.5,-1,-1
2024-11-05T00:58:05.000Z,U3310541,8646,46.97666,7.44644,32996.1,-61.9,24.8,116.3,-54.4,0.9,-1.0,RS41-SG,403.500,11.4,187,8,2.4,-1,-1
2024-11-05T00:58:06.000Z,U3310541,8647,46.97655,7.44673,32934.0,-64.2,26.2,119.2,-54.7,0.9,-1.0,RS41-SG,403.500,11.3,187,7,2.4,-1,-1
2024-11-05T00:58:07.000Z,U3310541,8648,46.97644,7.44703,32870.9,-63.6,25.6,120.3,-54.9,0.9,-1.0,RS41-SG,403.500,11.3,187,7,2.4,-1,-1
2024-11-05T00:58:08.000Z,U3310541,8649,46.97631,7.44733,32809.1,-60.8,28.5,121.2,-55.0,1.0,-1.0,RS41-SG,403.500,10.4,187,8,2.5,-1,-1
2024-11-05T00:58:09.000Z,U3310541,8650,46.97617,7.44766,32749.4,-60.6,30.3,123.0,-55.3,1.0,-1.0,RS41-SG,403.500,11.6,187,7,2.5,-1,-1
2024-11-05T00:58:10.000Z,U3310541,8651,46.97603,7.44800,32689.1,-61.3,31.1,121.9,-55.6,1.0,-1.0,RS41-SG,403.500,11.6,187,8,2.4,-1,-1
2024-11-05T00:58:11.000Z,U3310541,8652,46.97589,7.44835,32628.6,-60.8,32.3,120.5,-55.8,1.0,-1.0,RS41-SG,403.500,10.4,187,8,2.4,-1,-1
2024-11-05T00:58:12.000Z,U3310541,8653,46.97575,7.44873,32567.3,-61.8,32.8,118.1,-55.8,1.0,-1.0,RS41-SG,403.500,10.4,187,8,2.4,-1,-1
2024-11-05T00:58:13.000Z,U3310541,8654,46.97563,7.44911,32503.9,-64.7,32.5,113.4,-55.6,1.0,-1.0,RS41-SG,403.500,10.8,187,8,2.5,-1,-1
2024-11-05T00:58:14.000Z,U3310541,8655,46.97553,7.44950,32439.7,-63.2,32.7,110.7,-55.5,1.0,-1.0,RS41-SG,403.500,12.2,187,8,2.5,-1,-1
2024-11-05T00:58:15.000Z,U3310541,8656,46.97544,7.44990,32376.8,-63.3,32.4,106.2,-55.7,1.0,-1.0,RS41-SG,403.500,12.2,187,8,2.5,-1,-1
2024-11-05T00:58:16.000Z,U3310541,8657,46.97537,7.45030,32315.1,-61.7,31.1,103.6,-56.1,1.0,-1.0,RS41-SG,403.500,12.0,187,8,2.4,-1,-1
2024-11-05T00:58:17.000Z,U3310541,8658,46.97532,7.45068,32253.7,-61.8,29.2,98.8,-56.5,1.0,-1.0,RS41-SG,403.500,12.0,187,8,2.4,-1,-1
2024-11-05T00:58:18.000Z,U3310541,8659,46.97529,7.45106,32192.1,-61.4,29.5,95.8,-56.7,1.1,-1.0,RS41-SG,403.500,11.9,187,8,2.4,-1,-1
2024-11-05T00:58:19.000Z,U3310541,8660,46.97527,7.45144,32131.3,-60.6,28.6,94.2,-57.0,1.1,-1.0,RS41-SG,403.500,12.7,187,8,2.5,-1,-1
2024-11-05T00:58:20.000Z,U3310541,8661,46.97525,7.45179,32071.4,-59.1,26.3,92.8,-57.2,1.1,-1.0,RS41-SG,403.500,12.7,187,8,2.5,-1,-1
2024-11-05T00:58:21.000Z,U3310541,8662,46.97524,7.45213,32013.9,-57.4,25.4,92.6,-57.2,1.1,-1.0,RS41-SG,403.500,12.5,187,8,2.4,-1,-1
2024-11-05T00:58:22.000Z,U3310541,8663,46.97523,7.45245,31957.8,-56.8,25.0,94.9,-57.0,1.1,-1.0,RS41-SG,403.500,13.6,187,8,2.4,-1,-1
2024-11-05T00:58:23.000Z,U3310541,8664,46.97520,7.45277,31901.9,-57.6,24.7,98.3,-56.8,1.0,-1.0,RS41-SG,403.500,13.6,187,8,2.4,-1,-1
2024-11-05T00:58:24.000Z,U3310541,8665,46.97516,7.45308,31844.4,-57.7,24.2,102.4,-56.5,1.0,-1.0,RS41-SG,403.500,14.5,187,8,2.5,-1,-1
2024-11-05T00:58:25.000Z,U3310541,8666,46.97510,7.45339,31787.7,-56.7,24.7,108.4,-56.3,1.0,-1.0,RS41-SG,403.500,14.5,187,8,2.5,-1,-1
2024-11-05T00:58:26.000Z,U3310541,8667,46.97503,7.45369,31731.6,-56.6,25.0,110.9,-56.2,1.0,-1.0,RS41-SG,403.500,13.0,187,8,2.5,-1,-1
2024-11-05T00:58:27.000Z,U3310541,8668,46.97494,7.45400,31675.1,-57.9,26.3,113.8,-56.1,1.0,-1.0,RS41-SG,403.500,13.0,187,8,2.4,-1,-1
2024-11-05T00:58:28.000Z,U3310541,8669,46.97483,7.45432,31618.0,-58.5,27.5,116.8,-56.3,1.0,-1.0,RS41-SG,403.500,13.6,187,8,2.4,-1,-1
2024-11-05T00:58:29.000Z,U3310541,8670,46.97472,7.45465,31559.5,-59.8,28.3,116.6,-56.2,1.0,-1.0,RS41-SG,403.500,13.9,187,7,2.4,08:29:13,-1
2024-11-05T00:58:30.000Z,U3310541,8671,46.97461,7.45498,31499.7,-60.5,28.6,117.0,-56.3,0.9,-1.0,RS41-SG,403.500,14.4,187,8,2.5,08:29:13,-1
2024-11-05T00:58:31.000Z,U3310541,8672,46.97450,7.45531,31439.1,-60.8,28.5,115.0,-56.6,1.0,-1.0,RS41-SG,403.500,14.4,187,7,2.5,08:29:13,-1
2024-11-05T00:58:32.000Z,U3310541,8673,46.97439,7.45565,31378.2,-62.5,29.0,115.0,-56.7,1.0,-1.0,RS41-SG,403.500,14.3,187,7,2.4,08:29:13,-1
2024-11-05T00:58:33.000Z,U3310541,8674,46.97429,7.45600,31315.8,-61.2,29.9,113.3,-56.8,1.0,-1.0,RS41-SG,403.500,14.2,187,7,2.4,08:29:13,-1
2024-11-05T00:58:34.000Z,U3310541,8675,46.97419,7.45635,31255.0,-61.5,28.9,111.7,-56.8,1.0,-1.0,RS41-SG,403.500,14.2,187,8,2.4,08:29:13,-1
2024-11-05T00:58:35.000Z,U3310541,8676,46.97410,7.45671,31194.3,-59.6,29.7,108.1,-56.8,1.0,-1.0,RS41-SG,403.500,14.6,187,8,2.5,08:29:13,-1
2024-11-05T00:58:36.000Z,U3310541,8677,46.97402,7.45707,31135.9,-56.7,27.6,106.0,-56.9,1.0,-1.0,RS41-SG,403.500,14.6,187,8,2.5,08:29:13,-1
2024-11-05T00:58:37.000Z,U3310541,8678,46.97396,7.45741,31078.8,-57.5,26.7,104.9,-56.8,1.0,-1.0,RS41-SG,403.500,15.0,187,8,2.5,08:29:13,-1
2024-11-05T00:58:38.000Z,U3310541,8679,46.97389,7.45774,31022.7,-58.3,26.1,106.5,-56.8,1.0,-1.0,RS41-SG,403.500,15.0,187,8,2.4,08:29:13,-1
2024-11-05T00:58:39.000Z,U3310541,8680,46.97383,7.45806,30965.3,-57.4,24.7,103.9,-56.6,1.0,-1.0,RS41-SG,403.500,14.4,187,8,2.4,08:29:13,-1
2024-11-05T00:58:40.000Z,U3310541,8681,46.97378,7.45836,30909.5,-56.2,23.2,103.0,-56.6,1.0,-1.0,RS41-SG,403.500,14.2,187,7,2.4,08:29:13,-1
2024-11-05T00:58:41.000Z,U3310541,8682,46.97373,7.45865,30852.9,-58.1,23.7,107.4,-56.8,1.0,-1.0,RS41-SG,403.500,14.6,187,7,2.5,08:29:13,-1
2024-11-05T00:58:42.000Z,U3310541,8683,46.97366,7.45894,30794.9,-58.2,23.1,108.4,-57.0,1.0,-1.0,RS41-SG,403.500,14.6,187,7,2.5,08:29:13,-1
2024-11-05T00:58:43.000Z,U3310541,8684,46.97360,7.45923,30736.9,-58.8,22.4,108.8,-57.2,1.0,-1.0,RS41-SG,403.500,12.6,187,7,2.4,08:29:13,-1
2024-11-05T00:58:44.000Z,U3310541,8685,46.97354,7.45950,30679.0,-58.6,21.8,108.3,-57.2,1.0,-1.0,RS41-SG,403.500,13.8,187,7,2.4,08:29:13,-1
2024-11-05T00:58:45.000Z,U3310541,8686,46.97347,7.45978,30621.3,-57.5,22.6,109.9,-57.4,1.1,-1.0,RS41-SG,403.500,13.8,187,7,2.4,08:29:13,-1
2024-11-05T00:58:46.000Z,U3310541,8687,46.97340,7.46006,30564.0,-56.3,23.7,111.3,-57.5,1.1,-1.0,RS41-SG,403.500,12.8,187,7,2.5,08:29:13,-1
2024-11-05T00:58:47.000Z,U3310541,8688,46.97333,7.46036,30507.1,-57.6,23.5,107.9,-57.5,1.0,-1.0,RS41-SG,403.500,12.2,187,8,2.5,08:29:13,-1
2024-11-05T00:58:48.000Z,U3310541,8689,46.97326,7.46066,30451.3,-56.6,24.0,109.1,-57.7,1.0,-1.0,RS41-SG,403.500,13.5,187,7,2.5,08:29:13,-1
2024-11-05T00:58:49.000Z,U3310541,8690,46.97319,7.46095,30395.7,-56.1,23.4,105.2,-58.0,1.1,-1.0,RS41-SG,403.500,13.5,187,7,2.4,08:29:13,-1
2024-11-05T00:58:50.000Z,U3310541,8691,46.97314,7.46124,30340.1,-56.3,22.9,102.8,-58.3,1.1,-1.0,RS41-SG,403.500,13.3,187,7,2.4,08:29:13,-1
2024-11-05T00:58:51.000Z,U3310541,8692,46.97310,7.46153,30283.8,-56.1,22.4,100.8,-58.6,1.2,-1.0,RS41-SG,403.500,13.3,187,7,2.4,08:29:13,-1
2024-11-05T00:58:52.000Z,U3310541,8693,46.97306,7.46182,30228.2,-54.9,22.1,100.6,-59.0,1.2,-1.0,RS41-SG,403.500,12.7,187,7,2.5,08:29:13,-1
2024-11-05T00:58:53.000Z,U3310541,8694,46.97304,7.46210,30172.4,-56.1,20.3,94.9,-59.6,1.3,-1.0,RS41-SG,403.500,12.7,187,8,2.5,08:29:13,-1
2024-11-05T00:58:54.000Z,U3310541,8695,46.97303,7.46235,30117.4,-54.5,18.7,91.5,-60.0,1.4,-1.0,RS41-SG,403.500,12.1,187,8,2.4,08:29:13,-1
2024-11-05T00:58:55.000Z,U3310541,8696,46.97303,7.46258,30064.0,-54.7,17.1,90.5,-60.0,1.3,-1.0,RS41-SG,403.500,12.4,187,8,2.4,08:29:13,-1
2024-11-05T00:58:56.000Z,U3310541,8697,46.97302,7.46280,30011.1,-53.5,16.7,92.5,-60.3,1.4,-1.0,RS41-SG,403.500,12.9,187,7,2.4,08:29:13,-1
2024-11-05T00:58:57.000Z,U3310541,8698,46.97301,7.46301,29959.0,-52.3,15.7,95.6,-60.5,1.4,-1.0,RS41-SG,403.500,12.9,187,7,2.5,08:29:13,-1
2024-11-05T00:58:58.000Z,U3310541,8699,46.97299,7.46321,29907.3,-51.9,15.0,99.2,-60.4,1.4,-1.0,RS41-SG,403.500,12.0,187,7,2.5,08:29:13,-1
2024-11-05T00:58:59.000Z,U3310541,8700,46.97297,7.46339,29856.0,-51.5,14.1,101.8,-60.3,1.3,-1.0,RS41-SG,403.500,12.0,187,7,2.5,08:29:13,-1
2024-11-05T00:59:00.000Z,U3310541,8701,46.97293,7.46356,29804.4,-51.7,13.6,108.0,-60.2,1.3,-1.0,RS41-SG,403.500,11.7,187,7,2.4,08:29:13,-1
2024-11-05T00:59:01.000Z,U3310541,8702,46.97289,7.46373,29753.9,-49.7,14.0,109.4,-59.9,1.3,-1.0,RS41-SG,403.500,11.9,187,8,2.4,08:29:13,-1
2024-11-05T00:59:02.000Z,U3310541,8703,46.97285,7.46390,29704.4,-50.5,14.0,112.5,-59.7,1.3,-1.0,RS41-SG,403.500,11.9,187,7,2.4,08:29:13,-1
2024-11-05T00:59:03.000Z,U3310541,8704,46.97280,7.46407,29654.4,-49.9,14.4,114.8,-59.7,1.2,-1.0,RS41-SG,403.500,11.8,187,7,2.5,08:29:13,-1
2024-11-05T00:59:04.000Z,U3310541,8705,46.97274,7.46424,29603.7,-50.8,14.9,115.4,-59.6,1.2,-1.0,RS41-SG,403.500,12.0,187,7,2.5,08:29:13,-1
2024-11-05T00:59:05.000Z,U3310541,8706,46.97268,7.46441,29552.0,-51.9,15.3,116.5,-59.4,1.1,-1.0,RS41-SG,403.500,12.0,187,8,2.4,08:29:13,-1
2024-11-05T00:59:06.000Z,U3310541,8707,46.97262,7.46459,29501.1,-50.9,15.2,114.9,-59.2,1.1,-1.0,RS41-SG,403.500,12.0,187,8,2.4,08:29:13,-1
2024-11-05T00:59:07.000Z,U3310541,8708,46.97257,7.46476,29451.6,-49.9,14.8,113.8,-59.0,1.1,-1.0,RS41-SG,403.500,12.0,187,8,2.4,08:29:13,-1
2024-11-05T00:59:08.000Z,U3310541,8709,46.97251,7.46494,29402.8,-49.2,14.8,112.4,-58.9,1.1,-1.0,RS41-SG,403.500,11.6,187,7,2.5,08:29:13,-1
2024-11-05T00:59:09.000Z,U3310541,8710,46.97246,7.46512,29354.8,-47.5,15.5,112.3,-58.8,1.1,-1.0,RS41-SG,403.500,11.9,187,8,2.5,08:29:13,-1
2024-11-05T00:59:10.000Z,U3310541,8711,46.97241,7.46530,29308.0,-47.9,15.1,110.1,-58.8,1.0,-1.0,RS41-SG,403.500,11.9,187,8,2.5,08:29:13,-1
2024-11-05T00:59:11.000Z,U3310541,8712,46.97236,7.46548,29260.9,-48.0,15.1,112.5,-58.9,1.1,-1.0,RS41-SG,403.500,12.0,187,8,2.4,08:29:13,-1
2024-11-05T00:59:12.000Z,U3310541,8713,46.97231,7.46566,29214.1,-48.3,15.5,112.9,-59.1,1.1,-1.0,RS41-SG,403.500,12.0,187,8,2.4,08:29:13,-1
2024-11-05T00:59:13.000Z,U3310541,8714,46.97225,7.46585,29166.5,-48.3,15.7,117.1,-59.2,1.1,-1.0,RS41-SG,403.500,12.0,187,8,2.4,08:29:13,-1
2024-11-05T00:59:14.000Z,U3310541,8715,46.97217,7.46603,29118.7,-48.2,16.8,122.1,-59.5,1.1,-1.0,RS41-SG,403.500,12.1,187,7,2.4,08:29:13,-1
2024-11-05T00:59:15.000Z,U3310541,8716,46.97210,7.46620,29069.7,-48.7,15.9,122.5,-59.9,1.2,-1.0,RS41-SG,403.500,12.4,187,7,2.5,08:29:13,-1
2024-11-05T00:59:16.000Z,U3310541,8717,46.97202,7.46638,29021.2,-48.9,16.6,123.6,-59.8,1.2,-1.0,RS41-SG,403.500,12.4,187,8,2.5,08:29:13,-1
2024-11-05T00:59:17.000Z,U3310541,8718,46.97193,7.46655,28973.1,-48.4,16.9,127.6,-59.6,1.1,-1.0,RS41-SG,403.500,12.0,187,8,2.5,08:29:13,-1
2024-11-05T00:59:18.000Z,U3310541,8719,46.97184,7.46672,28924.1,-50.3,16.1,129.2,-59.4,1.2,-1.0,RS41-SG,403.500,12.0,187,7,2.4,08:29:13,-1
2024-11-05T00:59:19.000Z,U3310541,8720,46.97175,7.46688,28873.8,-51.5,16.3,128.9,-59.3,1.1,-1.0,RS41-SG,403.500,11.2,187,7,2.4,08:29:13,-1
2024-11-05T00:59:20.000Z,U3310541,8721,46.97165,7.46705,28822.8,-50.2,16.8,130.7,-59.2,1.1,-1.0,RS41-SG,403.500,11.4,187,7,2.4,08:28:22,-1
2024-11-05T00:59:21.000Z,U3310541,8722,46.97155,7.46722,28773.7,-49.1,17.4,129.5,-59.4,1.1,-1.0,RS41-SG,403.500,11.4,187,8,2.5,08:28:22,-1
2024-11-05T00:59:22.000Z,U3310541,8723,46.97145,7.46740,28724.4,-49.1,17.5,129.2,-60.0,1.2,-1.0,RS41-SG,403.500,11.4,187,8,2.5,08:28:22,-1
2024-11-05T00:59:23.000Z,U3310541,8724,46.97135,7.46758,28675.8,-48.4,18.5,131.1,-60.2,1.2,-1.0,RS41-SG,403.500,11.3,187,8,2.5,08:28:22,-1
2024-11-05T00:59:24.000Z,U3310541,8725,46.97124,7.46776,28627.0,-49.3,18.0,128.9,-60.1,1.2,-1.0,RS41-SG,403.500,10.8,187,8,2.4,08:28:22,-1
2024-11-05T00:59:25.000Z,U3310541,8726,46.97114,7.46795,28576.9,-50.6,18.3,127.0,-59.9,1.1,-1.0,RS41-SG,403.500,11.8,187,8,2.4,08:28:22,-1
2024-11-05T00:59:26.000Z,U3310541,8727,46.97105,7.46814,28525.0,-51.6,18.3,125.3,-59.6,1.1,-1.0,RS41-SG,403.500,11.8,187,8,2.4,08:28:22,-1
2024-11-05T00:59:27.000Z,U3310541,8728,46.97095,7.46833,28473.4,-51.0,18.7,127.2,-59.7,1.2,-1.0,RS41-SG,403.500,11.7,187,8,2.4,08:28:22,-1
2024-11-05T00:59:28.000Z,U3310541,8729,46.97085,7.46852,28421.6,-52.6,18.3,126.6,-60.0,1.2,-1.0,RS41-SG,403.500,12.8,187,8,2.5,08:28:22,-1
2024-11-05T00:59:29.000Z,U3310541,8730,46.97076,7.46871,28369.4,-52.4,16.7,122.1,-60.1,1.2,-1.0,RS41-SG,403.500,12.8,187,8,2.5,08:28:22,-1
2024-11-05T00:59:30.000Z,U3310541,8731,46.97069,7.46889,28318.2,-50.4,16.1,124.6,-60.0,1.2,-1.0,RS41-SG,403.500,12.0,187,7,2.5,08:28:22,-1
2024-11-05T00:59:31.000Z,U3310541,8732,46.97061,7.46905,28268.4,-51.0,14.6,121.8,-60.2,1.2,-1.0,RS41-SG,403.500,11.8,187,7,2.4,08:28:22,-1
2024-11-05T00:59:32.000Z,U3310541,8733,46.97054,7.46921,28218.5,-50.1,13.9,122.7,-60.5,1.2,-1.0,RS41-SG,403.500,11.8,187,7,2.4,08:28:22,-1
2024-11-05T00:59:33.000Z,U3310541,8734,46.97047,7.46937,28168.1,-51.1,13.4,122.1,-60.6,1.2,-1.0,RS41-SG,403.500,11.2,187,7,2.4,08:28:22,-1
2024-11-05T00:59:34.000Z,U3310541,8735,46.97040,7.46952,28116.2,-52.4,14.6,127.1,-60.5,1.3,-1.0,RS41-SG,403.500,11.2,187,8,2.5,08:28:22,-1
2024-11-05T00:59:35.000Z,U3310541,8736,46.97033,7.46967,28065.0,-50.9,12.6,123.4,-60.6,1.2,-1.0,RS41-SG,403.500,11.2,187,7,2.5,08:28:22,-1
2024-11-05T00:59:36.000Z,U3310541,8737,46.97026,7.46982,28012.9,-50.9,14.1,125.6,-60.7,1.2,-1.0,RS41-SG,403.500,11.2,187,8,2.4,08:28:22,-1
2024-11-05T00:59:37.000Z,U3310541,8738,46.97018,7.46997,27961.9,-51.3,13.5,124.6,-60.6,1.2,-1.0,RS41-SG,403.500,9.0,187,8,2.4,08:28:22,-1
2024-11-05T00:59:38.000Z,U3310541,8739,46.97011,7.47011,27911.4,-50.4,13.3,125.3,-60.5,1.2,-1.0,RS41-SG,403.500,9.6,187,8,2.4,08:28:22,-1
2024-11-05T00:59:39.000Z,U3310541,8740,46.97004,7.47025,27860.9,-51.1,13.4,126.3,-60.4,1.2,-1.0,RS41-SG,403.500,9.6,187,8,2.5,08:28:22,-1
2024-11-05T00:59:40.000Z,U3310541,8741,46.96997,7.47039,27810.9,-50.0,12.8,130.7,-60.3,1.2,-1.0,RS41-SG,403.500,9.9,187,8,2.5,08:28:22,-1
2024-11-05T00:59:41.000Z,U3310541,8742,46.96990,7.47051,27760.7,-50.5,11.0,131.9,-60.2,1.1,-1.0,RS41-SG,403.500,9.9,187,8,2.5,08:28:22,-1
2024-11-05T00:59:42.000Z,U3310541,8743,46.96983,7.47061,27709.9,-51.8,11.5,136.0,-59.9,1.1,-1.0,RS41-SG,403.500,9.4,187,8,2.4,08:28:22,-1
2024-11-05T00:59:43.000Z,U3310541,8744,46.96976,7.47071,27658.9,-51.2,10.5,138.7,-59.6,1.1,-1.0,RS41-SG,403.500,7.8,187,7,2.4,08:28:22,-1
2024-11-05T00:59:44.000Z,U3310541,8745,46.96968,7.47079,27609.1,-49.3,10.5,140.2,-59.4,1.1,-1.0,RS41-SG,403.500,9.3,187,8,2.4,08:28:22,-1
2024-11-05T00:59:45.000Z,U3310541,8746,46.96961,7.47088,27560.0,-48.3,10.8,145.4,-59.5,1.1,-1.0,RS41-SG,403.500,9.8,187,8,2.5,08:28:22,-1
2024-11-05T00:59:46.000Z,U3310541,8747,46.96953,7.47095,27511.6,-48.1,10.0,149.8,-60.2,1.2,-1.0,RS41-SG,403.500,10.2,187,8,2.5,08:28:22,-1
2024-11-05T00:59:47.000Z,U3310541,8748,46.96945,7.47101,27464.3,-47.1,9.5,151.6,-60.8,1.3,-1.0,RS41-SG,403.500,10.2,187,8,2.4,08:28:22,-1
2024-11-05T00:59:48.000Z,U3310541,8749,46.96937,7.47107,27417.8,-47.4,10.1,153.6,-61.2,1.3,-1.0,RS41-SG,403.500,10.1,187,7,2.4,08:28:22,-1
2024-11-05T00:59:56.000Z,U3310541,8757,46.96863,7.47176,27049.0,-46.7,13.9,146.6,-61.2,1.3,-1.0,RS41-SG,403.500,8.2,187,8,2.4,08:28:22,-1
2024-11-05T00:59:57.000Z,U3310541,8758,46.96854,7.47186,27001.7,-47.7,12.2,140.0,-61.0,1.3,-1.0,RS41-SG,403.500,8.3,187,8,2.5,08:28:22,-1
2024-11-05T00:59:58.000Z,U3310541,8759,46.96846,7.47195,26955.0,-46.7,12.1,141.0,-61.1,1.3,-1.0,RS41-SG,403.500,9.8,187,8,2.5,08:28:22,-1
2024-11-05T00:59:59.000Z,U3310541,8760,46.96838,7.47205,26907.8,-46.8,11.6,142.6,-61.2,1.3,-1.0,RS41-SG,403.500,9.8,187,8,2.5,08:28:22,-1
2024-11-05T01:00:00.000Z,U3310541,8761,46.96830,7.47213,26860.3,-47.5,11.5,144.7,-61.2,1.3,-1.0,RS41-SG,403.500,9.0,187,8,2.4,08:28:22,-1
2024-11-05T01:00:01.000Z,U3310541,8762,46.96822,7.47222,26813.7,-46.5,10.1,142.9,-61.2,1.3,-1.0,RS41-SG,403.500,9.4,187,7,2.4,08:28:22,-1
2024-11-05T01:00:02.000Z,U3310541,8763,46.96815,7.47230,26767.7,-45.4,11.3,142.2,-61.1,1.3,-1.0,RS41-SG,403.500,9.4,187,8,2.4,08:28:22,-1
2024-11-05T01:00:04.000Z,U3310541,8765,46.96799,7.47248,26675.9,-47.5,11.2,139.1,-60.6,1.2,-1.0,RS41-SG,403.500,8.2,187,7,2.5,08:28:22,-1
2024-11-05T01:00:05.000Z,U3310541,8766,46.96792,7.47258,26628.0,-48.9,11.4,138.9,-60.3,1.1,-1.0,RS41-SG,403.500,8.6,187,7,2.4,08:28:22,-1
