timestamp,serial,frame,lat,lon,alt,vel_v,vel_h,heading,temp,humidity,pressure,type,freq_mhz,snr,f_error_hz,sats,batt_v,burst_timer,aux_data
2024-11-12T23:34:32.000Z,M20-305-2-00424,1415489672,43.90936,4.29326,6687.0,7.8,16.5,350.4,-30.4,56.3,434.1,0x20,405.000,5.9,3750,-1,2.6,-1,-1
2024-11-12T23:35:30.000Z,M20-305-2-00424,1415489730,43.91690,4.28968,7050.1,6.1,11.4,328.2,-33.8,58.2,412.2,0x20,405.000,3.7,4125,-1,2.6,-1,-1
2024-11-12T23:35:38.000Z,M20-305-2-00424,1415489738,43.91794,4.28929,7110.6,8.6,16.1,329.2,-34.3,59.6,408.6,0x20,405.000,5.6,3750,-1,2.6,-1,-1
2024-11-12T23:43:43.000Z,M20-305-2-00424,1415490223,43.98848,4.33465,10112.9,2.7,12.1,352.1,-55.4,41.0,259.0,0x20,405.003,6.8,750,-1,2.5,-1,-1
2024-11-12T23:43:44.000Z,M20-305-2-00424,1415490224,43.98858,4.33463,10116.8,4.8,11.1,357.9,-55.4,40.8,258.8,0x20,405.003,6.8,750,-1,2.5,-1,-1
2024-11-12T23:43:45.000Z,M20-305-2-00424,1415490225,43.98868,4.33463,10122.8,5.4,9.2,2.4,-55.5,40.7,258.6,0x20,405.003,4.3,750,-1,2.5,-1,-1
2024-11-12T23:43:46.000Z,M20-305-2-00424,1415490226,43.98875,4.33463,10131.0,8.4,6.4,13.0,-55.5,40.5,258.3,0x20,405.003,4.2,750,-1,2.5,-1,-1
2024-11-12T23:43:47.000Z,M20-305-2-00424,1415490227,43.98881,4.33465,10136.1,2.0,5.7,14.0,-55.5,40.4,258.1,0x20,405.003,4.2,750,-1,2.5,-1,-1
2024-11-12T23:43:48.000Z,M20-305-2-00424,1415490228,43.98887,4.33466,10140.8,6.5,7.1,359.7,-55.5,40.2,257.9,0x20,405.003,6.2,750,-1,2.5,-1,-1
2024-11-12T23:43:49.000Z,M20-305-2-00424,1415490229,43.98893,4.33465,10147.6,6.2,8.9,348.6,-55.5,40.0,257.6,0x20,405.003,11.3,750,-1,2.5,-1,-1
2024-11-12T23:43:51.000Z,M20-305-2-00424,1415490231,43.98913,4.33453,10158.8,4.6,14.5,332.3,-55.5,39.7,257.2,0x20,405.003,9.2,750,-1,2.5,-1,-1
2024-11-12T23:43:52.000Z,M20-305-2-00424,1415490232,43.98924,4.33445,10165.7,8.2,13.9,337.9,-55.6,39.6,256.9,0x20,405.003,9.4,750,-1,2.4,-1,-1
2024-11-12T23:43:53.000Z,M20-305-2-00424,1415490233,43.98936,4.33440,10174.9,9.8,12.5,347.0,-55.5,39.3,256.5,0x20,405.003,9.4,750,-1,2.5,-1,-1
2024-11-12T23:43:54.000Z,M20-305-2-00424,1415490234,43.98945,4.33437,10182.2,4.6,10.6,353.0,-55.5,39.1,256.3,0x20,405.003,9.7,750,-1,2.5,-1,-1
2024-11-12T23:43:55.000Z,M20-305-2-00424,1415490235,43.98954,4.33436,10187.3,4.7,7.0,353.2,-55.5,38.9,256.1,0x20,405.003,9.7,750,-1,2.4,-1,-1
2024-11-12T23:43:56.000Z,M20-305-2-00424,1415490236,43.98959,4.33434,10193.6,7.4,5.1,339.3,-55.5,38.8,255.8,0x20,405.003,7.7,750,-1,2.4,-1,-1
2024-11-12T23:43:58.000Z,M20-305-2-00424,1415490238,43.98970,4.33428,10207.4,7.1,7.8,337.4,-55.5,38.4,255.3,0x20,405.003,5.0,750,-1,2.4,-1,-1
2024-11-12T23:44:00.000Z,M20-305-2-00424,1415490240,43.98986,4.33420,10220.6,3.3,9.7,347.9,-55.5,38.0,254.9,0x20,405.003,4.0,750,-1,2.5,-1,-1
2024-11-12T23:44:01.000Z,M20-305-2-00424,1415490241,43.98996,4.33418,10224.5,5.3,11.0,351.0,-55.5,37.8,254.7,0x20,405.003,7.8,750,-1,2.5,-1,-1
2024-11-12T23:44:03.000Z,M20-305-2-00424,1415490243,43.99016,4.33412,10234.0,7.0,11.7,339.7,-55.6,37.5,254.3,0x20,405.003,11.0,750,-1,2.4,-1,-1
2024-11-12T23:44:04.000Z,M20-305-2-00424,1415490244,43.99025,4.33406,10239.9,4.9,11.3,329.7,-55.6,37.3,254.1,0x20,405.003,11.0,750,-1,2.4,-1,-1
2024-11-12T23:44:05.000Z,M20-305-2-00424,1415490245,43.99033,4.33398,10243.5,2.6,11.6,321.7,-55.6,37.1,253.9,0x20,405.003,9.7,750,-1,2.4,-1,-1
2024-11-12T23:44:06.000Z,M20-305-2-00424,1415490246,43.99041,4.33387,10247.3,5.4,13.8,314.7,-55.5,36.9,253.7,0x20,405.003,10.3,750,-1,2.4,-1,-1
2024-11-12T23:44:08.000Z,M20-305-2-00424,1415490248,43.99061,4.33364,10257.7,6.8,14.8,325.6,-55.4,36.4,253.3,0x20,405.003,10.9,750,-1,2.4,-1,-1
2024-11-12T23:44:10.000Z,M20-305-2-00424,1415490250,43.99085,4.33347,10269.0,3.3,15.0,334.9,-55.3,35.9,252.9,0x20,405.003,9.6,750,-1,2.4,-1,-1
2024-11-12T23:44:11.000Z,M20-305-2-00424,1415490251,43.99096,4.33340,10273.8,6.1,13.0,337.8,-55.2,35.6,252.6,0x20,405.003,9.6,750,-1,2.4,-1,-1
2024-11-12T23:44:12.000Z,M20-305-2-00424,1415490252,43.99106,4.33333,10280.1,6.8,11.8,329.2,-55.2,35.4,252.4,0x20,405.003,9.6,750,-1,2.4,-1,-1
2024-11-12T23:44:13.000Z,M20-305-2-00424,1415490253,43.99115,4.33325,10287.2,7.4,11.9,328.6,-55.1,35.1,252.1,0x20,405.003,4.0,750,-1,2.4,-1,-1
2024-11-12T23:44:14.000Z,M20-305-2-00424,1415490254,43.99125,4.33317,10294.4,7.1,13.6,323.8,-55.0,34.9,251.8,0x20,405.003,4.5,750,-1,2.4,-1,-1
2024-11-12T23:44:16.000Z,M20-305-2-00424,1415490256,43.99148,4.33296,10304.5,5.8,16.7,330.8,-54.9,34.5,251.4,0x20,405.003,9.6,750,-1,2.4,-1,-1
2024-11-12T23:44:17.000Z,M20-305-2-00424,1415490257,43.99162,4.33287,10311.1,6.8,17.7,336.5,-54.9,34.3,251.1,0x20,405.003,9.6,750,-1,2.4,-1,-1
2024-11-12T23:44:18.000Z,M20-305-2-00424,1415490258,43.99176,4.33279,10316.0,3.5,16.5,340.1,-54.8,34.1,250.9,0x20,405.003,8.7,750,-1,2.4,-1,-1
2024-11-12T23:44:21.000Z,M20-305-2-00424,1415490261,43.99213,4.33269,10329.0,5.3,12.8,356.5,-54.6,33.3,250.3,0x20,405.003,8.1,750,-1,2.4,-1,-1
2024-11-12T23:44:27.000Z,M20-305-2-00424,1415490267,43.99280,4.33244,10363.8,2.6,15.1,344.6,-53.7,32.2,249.2,0x20,405.003,3.8,750,-1,2.4,-1,-1
2024-11-12T23:44:28.000Z,M20-305-2-00424,1415490268,43.99293,4.33239,10367.4,4.9,14.5,348.2,-53.7,32.0,249.0,0x20,405.003,7.1,750,-1,2.4,-1,-1
2024-11-12T23:44:32.000Z,M20-305-2-00424,1415490272,43.99340,4.33220,10385.0,3.8,15.3,339.4,-53.3,31.4,248.3,0x20,405.003,8.4,750,-1,2.4,-1,-1
2024-11-12T23:44:35.000Z,M20-305-2-00424,1415490275,43.99382,4.33206,10398.4,5.7,15.2,356.1,-53.2,30.9,247.8,0x20,405.003,7.1,750,-1,2.4,-1,-1
2024-11-12T23:44:36.000Z,M20-305-2-00424,1415490276,43.99395,4.33205,10403.0,3.9,13.6,358.6,-53.2,30.7,247.7,0x20,405.003,7.1,750,-1,2.4,-1,-1
2024-11-12T23:44:37.000Z,M20-305-2-00424,1415490277,43.99406,4.33204,10407.1,4.8,11.7,354.7,-53.2,30.6,247.5,0x20,405.003,3.9,750,-1,2.4,-1,-1
2024-11-12T23:44:38.000Z,M20-305-2-00424,1415490278,43.99417,4.33201,10412.1,5.0,11.4,343.3,-53.1,30.4,247.3,0x20,405.003,3.9,750,-1,2.4,-1,-1
2024-11-12T23:44:39.000Z,M20-305-2-00424,1415490279,43.99426,4.33196,10417.8,6.7,11.8,336.0,-53.1,30.3,247.1,0x20,405.003,5.4,750,-1,2.4,-1,-1
2024-11-12T23:44:40.000Z,M20-305-2-00424,1415490280,43.99436,4.33191,10425.3,8.9,12.1,341.3,-53.0,30.2,246.9,0x20,405.003,8.2,750,-1,2.4,-1,-1
2024-11-12T23:44:42.000Z,M20-305-2-00424,1415490282,43.99458,4.33179,10436.6,3.4,12.1,343.9,-53.0,29.9,246.5,0x20,405.003,6.8,750,-1,2.4,-1,-1
2024-11-12T23:44:43.000Z,M20-305-2-00424,1415490283,43.99468,4.33176,10440.2,5.1,11.4,346.8,-53.0,29.9,246.2,0x20,405.003,8.6,750,-1,2.4,-1,-1
2024-11-12T23:44:44.000Z,M20-305-2-00424,1415490284,43.99477,4.33173,10444.1,3.8,11.4,349.7,-53.1,29.8,246.1,0x20,405.003,8.6,750,-1,2.4,-1,-1
2024-11-12T23:44:45.000Z,M20-305-2-00424,1415490285,43.99488,4.33171,10447.9,4.1,11.4,350.6,-53.1,29.7,245.8,0x20,405.003,9.7,750,-1,2.4,-1,-1
2024-11-12T23:44:47.000Z,M20-305-2-00424,1415490287,43.99510,4.33167,10458.2,6.2,12.5,353.6,-53.0,29.4,245.4,0x20,405.003,8.0,750,-1,2.4,-1,-1
2024-11-12T23:44:48.000Z,M20-305-2-00424,1415490288,43.99520,4.33164,10464.9,6.4,11.3,349.0,-52.9,29.4,245.2,0x20,405.003,8.0,750,-1,2.4,-1,-1
2024-11-12T23:44:50.000Z,M20-305-2-00424,1415490290,43.99539,4.33157,10476.9,5.1,10.3,334.0,-52.9,29.1,244.8,0x20,405.003,4.5,750,-1,2.4,-1,-1
2024-11-12T23:44:52.000Z,M20-305-2-00424,1415490292,43.99553,4.33144,10488.5,4.9,8.9,323.9,-52.8,29.0,244.4,0x20,405.003,5.3,750,-1,2.4,-1,-1
2024-11-12T23:44:53.000Z,M20-305-2-00424,1415490293,43.99561,4.33137,10492.7,4.1,10.7,325.8,-52.9,28.9,244.1,0x20,405.003,8.9,750,-1,2.4,-1,-1
2024-11-12T23:44:54.000Z,M20-305-2-00424,1415490294,43.99569,4.33131,10497.4,5.7,10.3,337.9,-52.8,28.6,243.9,0x20,405.003,10.2,750,-1,2.4,-1,-1
2024-11-12T23:44:57.000Z,M20-305-2-00424,1415490297,43.99596,4.33120,10519.7,8.2,10.1,345.0,-52.7,28.4,243.2,0x20,405.003,8.3,750,-1,2.4,-1,-1
2024-11-12T23:44:58.000Z,M20-305-2-00424,1415490298,43.99605,4.33117,10525.4,3.3,10.2,349.0,-52.6,28.3,242.9,0x20,405.003,8.8,750,-1,2.4,-1,-1
2024-11-12T23:44:59.000Z,M20-305-2-00424,1415490299,43.99615,4.33114,10529.3,5.3,10.9,346.9,-52.6,28.1,242.7,0x20,405.003,8.8,750,-1,2.4,-1,-1
2024-11-12T23:45:00.000Z,M20-305-2-00424,1415490300,43.99624,4.33111,10534.1,3.7,10.0,343.7,-52.6,27.9,242.4,0x20,405.003,10.3,750,-1,2.4,-1,-1
2024-11-12T23:45:02.000Z,M20-305-2-00424,1415490302,43.99644,4.33104,10543.8,3.3,12.3,343.4,-52.7,27.8,242.0,0x20,405.003,4.2,750,-1,2.4,-1,-1
2024-11-12T23:45:03.000Z,M20-305-2-00424,1415490303,43.99655,4.33099,10548.7,4.5,14.6,340.3,-52.7,27.7,241.9,0x20,405.003,4.0,750,-1,2.4,-1,-1
2024-11-12T23:45:05.000Z,M20-305-2-00424,1415490305,43.99681,4.33087,10557.9,4.3,14.0,341.0,-52.8,27.3,241.5,0x20,405.003,4.2,750,-1,2.4,-1,-1
2024-11-12T23:45:06.000Z,M20-305-2-00424,1415490306,43.99692,4.33082,10563.2,4.5,12.6,350.0,-52.8,27.2,241.3,0x20,405.003,5.5,750,-1,2.4,-1,-1
2024-11-12T23:45:07.000Z,M20-305-2-00424,1415490307,43.99702,4.33081,10567.4,3.8,10.1,355.5,-52.8,27.0,241.1,0x20,405.003,11.7,750,-1,2.4,-1,-1
2024-11-12T23:45:08.000Z,M20-305-2-00424,1415490308,43.99711,4.33080,10571.8,4.5,8.5,357.5,-52.9,27.0,241.0,0x20,405.003,11.7,750,-1,2.4,-1,-1
2024-11-12T23:45:09.000Z,M20-305-2-00424,1415490309,43.99718,4.33079,10576.7,4.3,7.6,341.7,-52.9,26.8,240.8,0x20,405.003,10.7,750,-1,2.4,-1,-1
2024-11-12T23:45:11.000Z,M20-305-2-00424,1415490311,43.99733,4.33067,10587.5,4.6,11.2,326.6,-52.8,26.5,240.4,0x20,405.003,7.1,750,-1,2.4,-1,-1
2024-11-12T23:45:12.000Z,M20-305-2-00424,1415490312,43.99742,4.33060,10593.0,6.2,12.2,333.1,-52.9,26.4,240.3,0x20,405.003,13.8,750,-1,2.4,-1,-1
2024-11-12T23:45:14.000Z,M20-305-2-00424,1415490314,43.99764,4.33051,10603.5,2.4,13.2,351.3,-52.8,26.2,239.9,0x20,405.003,6.8,750,-1,2.4,-1,-1
2024-11-12T23:45:15.000Z,M20-305-2-00424,1415490315,43.99776,4.33049,10608.4,6.2,13.0,354.4,-52.8,26.0,239.7,0x20,405.003,7.6,750,-1,2.4,-1,-1
2024-11-12T23:45:16.000Z,M20-305-2-00424,1415490316,43.99787,4.33047,10613.7,4.1,11.9,351.4,-52.8,25.9,239.5,0x20,405.003,7.6,750,-1,2.4,-1,-1
2024-11-12T23:45:17.000Z,M20-305-2-00424,1415490317,43.99798,4.33044,10618.4,5.3,12.2,346.8,-52.8,25.8,239.3,0x20,405.003,4.5,750,-1,2.4,-1,-1
2024-11-12T23:45:18.000Z,M20-305-2-00424,1415490318,43.99808,4.33041,10624.5,7.1,11.9,349.4,-52.9,25.7,239.1,0x20,405.003,4.5,750,-1,2.4,-1,-1
2024-11-12T23:45:19.000Z,M20-305-2-00424,1415490319,43.99818,4.33038,10630.9,6.4,11.5,343.5,-52.9,25.5,238.9,0x20,405.003,7.8,750,-1,2.4,-1,-1
2024-11-12T23:45:20.000Z,M20-305-2-00424,1415490320,43.99829,4.33035,10637.8,8.3,12.2,349.4,-52.8,25.4,238.7,0x20,405.003,9.4,750,-1,2.4,-1,-1
2024-11-12T23:45:22.000Z,M20-305-2-00424,1415490322,43.99852,4.33025,10652.9,5.1,13.5,345.3,-52.7,25.1,238.3,0x20,405.003,7.8,750,-1,2.4,-1,-1
2024-11-12T23:45:23.000Z,M20-305-2-00424,1415490323,43.99863,4.33020,10657.0,3.8,13.1,341.2,-52.6,25.0,238.0,0x20,405.003,10.5,750,-1,2.4,-1,-1
2024-11-12T23:45:24.000Z,M20-305-2-00424,1415490324,43.99873,4.33015,10661.5,5.2,10.5,340.1,-52.6,24.8,237.8,0x20,405.003,10.5,750,-1,2.4,-1,-1
2024-11-12T23:45:25.000Z,M20-305-2-00424,1415490325,43.99882,4.33011,10666.7,5.0,8.9,336.5,-52.7,24.6,237.6,0x20,405.003,8.4,750,-1,2.4,-1,-1
2024-11-12T23:45:32.000Z,M20-305-2-00424,1415490332,43.99956,4.32984,10712.9,6.8,13.7,343.5,-53.0,23.5,236.0,0x20,405.003,5.7,750,-1,2.4,-1,-1
2024-11-12T23:45:34.000Z,M20-305-2-00424,1415490334,43.99979,4.32974,10722.6,4.8,12.5,337.4,-53.0,23.2,235.6,0x20,405.003,6.4,750,-1,2.4,-1,-1
2024-11-12T23:45:35.000Z,M20-305-2-00424,1415490335,43.99989,4.32968,10727.4,5.5,11.6,329.8,-53.0,23.0,235.3,0x20,405.003,7.5,750,-1,2.4,-1,-1
2024-11-12T23:45:36.000Z,M20-305-2-00424,1415490336,43.99997,4.32961,10733.5,6.0,9.7,332.1,-53.0,22.9,235.1,0x20,405.003,7.5,750,-1,2.4,-1,-1
2024-11-12T23:45:37.000Z,M20-305-2-00424,1415490337,44.00005,4.32955,10739.9,7.1,9.8,330.3,-53.0,22.7,234.8,0x20,405.003,6.8,750,-1,2.4,-1,-1
2024-11-12T23:45:38.000Z,M20-305-2-00424,1415490338,44.00013,4.32950,10746.4,6.0,10.1,341.2,-53.0,22.6,234.6,0x20,405.003,7.9,750,-1,2.4,-1,-1
2024-11-12T23:45:41.000Z,M20-305-2-00424,1415490341,44.00045,4.32940,10766.1,6.6,12.4,349.5,-53.2,22.1,234.1,0x20,405.003,7.1,750,-1,2.4,-1,-1
2024-11-12T23:45:42.000Z,M20-305-2-00424,1415490342,44.00055,4.32937,10772.8,6.9,10.4,344.1,-53.2,22.0,233.9,0x20,405.003,7.1,750,-1,2.4,-1,-1
2024-11-12T23:45:44.000Z,M20-305-2-00424,1415490344,44.00071,4.32926,10783.7,2.7,9.1,327.0,-53.3,21.7,233.5,0x20,405.003,4.0,750,-1,2.4,-1,-1
2024-11-12T23:45:45.000Z,M20-305-2-00424,1415490345,44.00078,4.32920,10786.7,3.8,8.1,327.1,-53.3,21.5,233.3,0x20,405.003,5.7,750,-1,2.4,-1,-1
2024-11-12T23:45:46.000Z,M20-305-2-00424,1415490346,44.00084,4.32917,10790.9,5.2,7.1,346.8,-53.3,21.4,233.0,0x20,405.003,8.4,750,-1,2.4,-1,-1
2024-11-12T23:45:47.000Z,M20-305-2-00424,1415490347,44.00090,4.32915,10796.4,6.0,6.9,355.1,-53.4,21.2,232.8,0x20,405.003,8.7,750,-1,2.4,-1,-1
2024-11-12T23:45:48.000Z,M20-305-2-00424,1415490348,44.00097,4.32915,10802.0,5.6,8.6,357.3,-53.4,21.1,232.6,0x20,405.003,8.7,750,-1,2.4,-1,-1
2024-11-12T23:45:52.000Z,M20-305-2-00424,1415490352,44.00133,4.32907,10828.5,5.7,11.3,343.7,-53.5,20.6,231.7,0x20,405.003,5.9,750,-1,2.4,-1,-1
2024-11-12T23:45:53.000Z,M20-305-2-00424,1415490353,44.00142,4.32903,10834.0,4.5,9.3,340.8,-53.5,20.5,231.4,0x20,405.003,7.9,750,-1,2.4,-1,-1
2024-11-12T23:45:54.000Z,M20-305-2-00424,1415490354,44.00149,4.32898,10839.1,5.1,8.1,334.2,-53.4,20.4,231.2,0x20,405.003,7.9,750,-1,2.4,-1,-1
2024-11-12T23:45:55.000Z,M20-305-2-00424,1415490355,44.00155,4.32893,10845.3,6.2,8.0,324.1,-53.4,20.3,230.9,0x20,405.003,7.3,375,-1,2.4,-1,-1
2024-11-12T23:45:57.000Z,M20-305-2-00424,1415490357,44.00167,4.32884,10860.3,9.3,8.4,343.9,-53.2,20.1,230.4,0x20,405.003,4.3,375,-1,2.4,-1,-1
2024-11-12T23:46:00.000Z,M20-305-2-00424,1415490360,44.00191,4.32877,10886.0,9.7,10.1,349.9,-53.2,19.8,229.7,0x20,405.003,9.5,750,-1,2.4,-1,-1
2024-11-12T23:46:01.000Z,M20-305-2-00424,1415490361,44.00198,4.32874,10891.8,3.5,8.2,336.4,-53.2,19.7,229.4,0x20,405.003,10.8,750,-1,2.4,-1,-1
2024-11-12T23:46:03.000Z,M20-305-2-00424,1415490363,44.00209,4.32862,10901.8,6.0,8.1,320.4,-53.2,19.6,228.9,0x20,405.003,7.9,750,-1,2.4,-1,-1
2024-11-12T23:46:07.000Z,M20-305-2-00424,1415490367,44.00232,4.32843,10927.5,4.3,7.8,341.4,-53.3,19.2,228.0,0x20,405.003,8.5,750,-1,2.4,-1,-1
2024-11-12T23:46:10.000Z,M20-305-2-00424,1415490370,44.00258,4.32828,10942.5,6.3,13.0,336.8,-53.2,18.9,227.3,0x20,405.003,4.1,375,-1,2.4,-1,-1
2024-11-12T23:46:11.000Z,M20-305-2-00424,1415490371,44.00268,4.32821,10949.3,7.1,11.7,331.4,-53.3,18.8,227.1,0x20,405.003,4.9,750,-1,2.4,-1,-1
2024-11-12T23:46:12.000Z,M20-305-2-00424,1415490372,44.00277,4.32815,10956.1,6.1,11.2,334.6,-53.3,18.7,226.9,0x20,405.003,5.9,750,-1,2.4,-1,-1
2024-11-12T23:46:16.000Z,M20-305-2-00424,1415490376,44.00310,4.32786,10984.7,3.9,10.1,325.2,-53.3,18.2,226.0,0x20,405.003,8.5,750,-1,2.4,-1,-1
2024-11-12T23:46:17.000Z,M20-305-2-00424,1415490377,44.00318,4.32779,10989.1,5.0,9.8,326.7,-53.4,18.1,225.8,0x20,405.003,9.0,375,-1,2.4,-1,-1
2024-11-12T23:46:27.000Z,M20-305-2-00424,1415490387,44.00400,4.32718,11049.0,6.2,13.0,338.0,-53.7,17.1,223.6,0x20,405.003,9.3,375,-1,2.4,-1,-1
2024-11-12T23:46:29.000Z,M20-305-2-00424,1415490389,44.00420,4.32704,11065.0,10.3,12.0,331.6,-53.8,17.0,223.1,0x20,405.003,7.1,750,-1,2.4,-1,-1
2024-11-12T23:46:30.000Z,M20-305-2-00424,1415490390,44.00428,4.32696,11074.0,8.7,10.5,319.8,-53.8,16.8,222.9,0x20,405.003,8.5,750,-1,2.4,-1,-1
2024-11-12T23:46:31.000Z,M20-305-2-00424,1415490391,44.00436,4.32688,11083.0,9.6,11.7,324.3,-53.8,16.7,222.7,0x20,405.003,8.5,750,-1,2.4,-1,-1
2024-11-12T23:46:32.000Z,M20-305-2-00424,1415490392,44.00443,4.32679,11089.1,3.2,11.0,318.5,-53.8,16.7,222.5,0x20,405.003,10.3,375,-1,2.4,-1,-1
2024-11-12T23:46:33.000Z,M20-305-2-00424,1415490393,44.00451,4.32670,11092.6,4.0,11.5,318.2,-53.8,16.5,222.2,0x20,405.003,10.9,375,-1,2.4,-1,-1
2024-11-12T23:46:34.000Z,M20-305-2-00424,1415490394,44.00459,4.32660,11098.2,6.7,12.5,324.2,-53.8,16.4,222.0,0x20,405.003,10.9,375,-1,2.4,-1,-1
2024-11-12T23:46:41.000Z,M20-305-2-00424,1415490401,44.00525,4.32602,11145.5,4.3,13.9,324.6,-53.4,15.7,220.5,0x20,405.003,8.8,375,-1,2.4,-1,-1
2024-11-12T23:46:43.000Z,M20-305-2-00424,1415490403,44.00545,4.32583,11155.7,6.4,12.9,322.6,-53.2,15.5,220.1,0x20,405.003,9.7,375,-1,2.4,-1,-1
2024-11-12T23:46:46.000Z,M20-305-2-00424,1415490406,44.00569,4.32556,11179.0,9.0,9.8,312.9,-53.1,15.2,219.4,0x20,405.003,9.4,375,-1,2.4,-1,-1
2024-11-12T23:46:57.000Z,M20-305-2-00424,1415490417,44.00654,4.32434,11247.6,5.7,13.1,312.3,-52.3,14.3,216.9,0x20,405.003,9.4,375,-1,2.4,-1,-1
2024-11-12T23:46:58.000Z,M20-305-2-00424,1415490418,44.00664,4.32422,11254.2,7.1,14.3,323.1,-52.3,14.2,216.7,0x20,405.003,10.4,375,-1,2.4,-1,-1
2024-11-12T23:47:00.000Z,M20-305-2-00424,1415490420,44.00686,4.32398,11269.4,10.1,16.7,323.6,-52.3,14.0,216.3,0x20,405.003,4.3,750,-1,2.4,-1,-1
2024-11-12T23:47:01.000Z,M20-305-2-00424,1415490421,44.00696,4.32386,11276.6,7.7,14.1,309.7,-52.4,14.0,216.1,0x20,405.003,4.3,750,-1,2.4,-1,-1
2024-11-12T23:47:04.000Z,M20-305-2-00424,1415490424,44.00718,4.32353,11293.6,5.0,12.0,320.7,-52.4,13.7,215.4,0x20,405.003,9.0,375,-1,2.4,-1,-1
2024-11-12T23:47:10.000Z,M20-305-2-00424,1415490430,44.00782,4.32290,11318.9,3.3,11.2,315.1,-52.3,13.3,214.6,0x20,405.003,7.1,375,-1,2.4,-1,-1
2024-11-12T23:47:15.000Z,M20-305-2-00424,1415490435,44.00828,4.32248,11342.1,4.6,13.6,328.9,-52.1,12.9,213.8,0x20,405.003,4.1,375,-1,2.4,-1,-1
2024-11-12T23:47:46.000Z,M20-305-2-00424,1415490466,44.01085,4.32055,11528.6,4.5,9.0,328.1,-51.0,11.0,207.7,0x20,405.003,6.4,375,-1,2.3,-1,-1
2024-11-12T23:48:07.000Z,M20-305-2-00424,1415490487,44.01252,4.31978,11657.1,3.8,7.6,352.6,-51.0,9.8,203.5,0x20,405.003,3.9,375,-1,2.3,-1,-1
2024-11-12T23:48:18.000Z,M20-305-2-00424,1415490498,44.01319,4.31947,11724.1,6.0,8.1,338.3,-50.7,9.2,201.4,0x20,405.003,5.1,375,-1,2.3,-1,-1
2024-11-12T23:48:32.000Z,M20-305-2-00424,1415490512,44.01396,4.31881,11792.9,4.8,5.5,322.9,-51.1,8.6,199.4,0x20,405.003,4.9,375,-1,2.3,-1,-1
2024-11-12T23:48:33.000Z,M20-305-2-00424,1415490513,44.01400,4.31876,11797.4,4.6,6.1,315.1,-51.1,8.5,199.2,0x20,405.003,3.4,375,-1,2.3,-1,-1
2024-11-12T23:49:08.000Z,M20-305-2-00424,1415490548,44.01546,4.31725,11989.2,7.6,4.8,286.4,-51.8,7.1,193.4,0x20,405.003,6.4,375,-1,2.3,-1,-1
2024-11-12T23:49:12.000Z,M20-305-2-00424,1415490552,44.01559,4.31706,12013.9,5.7,6.6,333.4,-51.8,7.0,192.7,0x20,405.003,4.1,375,-1,2.3,-1,-1
2024-11-12T23:49:13.000Z,M20-305-2-00424,1415490553,44.01565,4.31702,12019.3,6.3,6.4,336.2,-51.9,7.0,192.5,0x20,405.003,3.9,375,-1,2.3,-1,-1
2024-11-12T23:50:09.000Z,M20-305-2-00424,1415490609,44.01762,4.31407,12343.1,2.8,8.2,327.3,-50.5,6.0,182.9,0x20,405.003,6.4,375,-1,2.3,-1,-1
2024-11-12T23:50:30.000Z,M20-305-2-00424,1415490630,44.01860,4.31335,12444.7,3.9,6.1,335.5,-49.8,5.7,180.1,0x20,405.003,3.3,375,-1,2.3,-1,-1
2024-11-13T00:37:21.000Z,M20-305-2-00424,1415493441,43.97821,4.42042,27787.0,6.4,22.0,99.3,-62.9,0.0,13.6,0x20,405.000,4.1,3375,-1,2.0,-1,-1
2024-11-13T01:08:50.000Z,M20-305-2-00424,1415495330,43.94444,4.55512,14786.4,-4.4,5.6,130.5,-54.1,2.5,124.8,0x20,405.000,8.0,3750,-1,2.0,-1,-1
2024-11-13T01:08:52.000Z,M20-305-2-00424,1415495332,43.94440,4.55525,14777.9,-4.5,5.9,102.8,-54.0,2.5,125.0,0x20,405.000,6.3,3750,-1,2.0,-1,-1
2024-11-13T01:09:10.000Z,M20-305-2-00424,1415495350,43.94459,4.55546,14697.5,-4.4,3.8,170.3,-53.7,2.5,126.5,0x20,405.000,6.1,3750,-1,2.0,-1,-1
2024-11-13T01:09:18.000Z,M20-305-2-00424,1415495358,43.94438,4.55590,14662.6,-4.5,7.0,89.3,-53.9,2.5,127.3,0x20,405.000,8.6,3750,-1,2.0,-1,-1
2024-11-13T01:09:19.000Z,M20-305-2-00424,1415495359,43.94438,4.55599,14658.2,-4.4,7.3,81.8,-53.9,2.5,127.4,0x20,405.000,5.3,3750,-1,2.0,-1,-1
2024-11-13T01:09:20.000Z,M20-305-2-00424,1415495360,43.94440,4.55608,14653.8,-4.5,7.6,73.9,-53.9,2.5,127.4,0x20,405.000,5.3,3750,-1,2.0,-1,-1
2024-11-13T01:09:22.000Z,M20-305-2-00424,1415495362,43.94445,4.55625,14644.7,-4.5,7.5,60.7,-53.8,2.5,127.6,0x20,405.000,5.8,3750,-1,2.0,-1,-1
2024-11-13T01:09:23.000Z,M20-305-2-00424,1415495363,43.94449,4.55633,14640.2,-4.5,7.4,52.3,-53.9,2.5,127.7,0x20,405.000,5.8,3750,-1,2.0,-1,-1
2024-11-13T01:09:43.000Z,M20-305-2-00424,1415495383,43.94505,4.55613,14552.0,-4.6,3.2,175.7,-53.5,2.5,129.5,0x20,405.000,5.9,3750,-1,2.0,-1,-1
2024-11-13T01:09:45.000Z,M20-305-2-00424,1415495385,43.94499,4.55617,14543.1,-4.5,4.4,141.8,-53.5,2.5,129.7,0x20,405.000,4.2,3750,-1,2.0,-1,-1
2024-11-13T01:09:46.000Z,M20-305-2-00424,1415495386,43.94496,4.55621,14538.6,-4.6,5.0,128.9,-53.4,2.5,129.8,0x20,405.000,4.3,3750,-1,2.0,-1,-1
2024-11-13T01:09:47.000Z,M20-305-2-00424,1415495387,43.94493,4.55626,14534.1,-4.5,5.4,117.8,-53.4,2.5,129.9,0x20,405.000,4.3,3750,-1,2.0,-1,-1
2024-11-13T01:09:48.000Z,M20-305-2-00424,1415495388,43.94491,4.55632,14529.8,-4.5,5.7,106.7,-53.4,2.5,130.0,0x20,405.000,7.5,3750,-1,2.0,-1,-1
2024-11-13T01:09:49.000Z,M20-305-2-00424,1415495389,43.94490,4.55639,14525.3,-4.5,6.0,94.4,-53.4,2.5,130.1,0x20,405.000,7.5,3750,-1,2.0,-1,-1
2024-11-13T01:09:50.000Z,M20-305-2-00424,1415495390,43.94490,4.55647,14520.9,-4.5,6.2,82.8,-53.4,2.5,130.1,0x20,405.000,7.7,3750,-1,2.0,-1,-1
2024-11-13T01:09:53.000Z,M20-305-2-00424,1415495393,43.94497,4.55669,14507.3,-4.5,6.1,50.8,-53.3,2.5,130.4,0x20,405.000,7.4,3750,-1,2.0,-1,-1
2024-11-13T01:10:06.000Z,M20-305-2-00424,1415495406,43.94540,4.55660,14447.4,-4.6,4.0,270.0,-53.1,2.5,131.6,0x20,405.000,8.0,3750,-1,1.0,-1,-1
2024-11-13T01:10:07.000Z,M20-305-2-00424,1415495407,43.94540,4.55655,14443.0,-4.5,3.8,266.8,-53.0,2.5,131.7,0x20,405.000,8.0,3750,-1,1.0,-1,-1
2024-11-13T01:10:09.000Z,M20-305-2-00424,1415495409,43.94539,4.55646,14434.4,-4.5,3.6,264.1,-53.1,2.5,131.9,0x20,405.000,7.4,3750,-1,1.1,-1,-1
2024-11-13T01:10:31.000Z,M20-305-2-00424,1415495431,43.94546,4.55676,14340.5,-4.2,5.3,348.9,-52.8,2.5,133.9,0x20,405.000,5.9,3750,-1,1.8,-1,-1
2024-11-13T01:10:49.000Z,M20-305-2-00424,1415495449,43.94555,4.55600,14262.3,-4.3,1.6,170.8,-52.8,2.6,135.6,0x20,405.000,7.5,4125,-1,1.8,-1,-1
2024-11-13T01:10:51.000Z,M20-305-2-00424,1415495451,43.94552,4.55602,14253.6,-4.3,1.8,123.3,-52.9,2.6,135.7,0x20,405.000,4.3,4125,-1,1.9,-1,-1
2024-11-13T01:10:55.000Z,M20-305-2-00424,1415495455,43.94551,4.55614,14236.6,-4.2,3.2,81.4,-52.8,2.6,136.1,0x20,405.000,10.0,4125,-1,1.9,-1,-1
2024-11-13T01:10:58.000Z,M20-305-2-00424,1415495458,43.94557,4.55628,14224.1,-4.3,6.4,44.2,-52.8,2.5,136.4,0x20,405.000,8.6,4125,-1,1.9,-1,-1
2024-11-13T01:11:04.000Z,M20-305-2-00424,1415495464,43.94601,4.55646,14197.1,-4.1,9.0,357.3,-52.7,2.5,136.9,0x20,405.000,4.0,4125,-1,1.9,-1,-1
2024-11-13T01:11:12.000Z,M20-305-2-00424,1415495472,43.94647,4.55618,14162.5,-4.0,5.5,319.1,-52.5,2.6,137.7,0x20,405.000,6.8,4125,-1,1.9,-1,-1
2024-11-13T01:11:15.000Z,M20-305-2-00424,1415495475,43.94656,4.55606,14149.9,-4.0,3.9,312.8,-52.5,2.6,138.0,0x20,405.000,6.2,4125,-1,1.9,-1,-1
2024-11-13T01:11:24.000Z,M20-305-2-00424,1415495484,43.94662,4.55609,14111.2,-4.1,3.9,75.4,-52.6,2.6,138.8,0x20,405.000,9.3,4125,-1,1.9,-1,-1
2024-11-13T01:11:33.000Z,M20-305-2-00424,1415495493,43.94697,4.55661,14073.0,-4.2,7.4,33.1,-52.4,2.6,139.7,0x20,405.000,9.0,4125,-1,1.9,-1,-1
2024-11-13T01:11:39.000Z,M20-305-2-00424,1415495499,43.94734,4.55685,14048.0,-3.9,8.6,11.2,-52.2,2.6,140.2,0x20,405.000,7.8,4125,-1,1.9,-1,-1
2024-11-13T01:11:51.000Z,M20-305-2-00424,1415495511,43.94808,4.55642,13996.4,-4.1,4.2,311.8,-52.4,2.6,141.3,0x20,405.000,7.7,4125,-1,1.9,-1,-1
2024-11-13T01:11:52.000Z,M20-305-2-00424,1415495512,43.94810,4.55638,13992.2,-4.0,3.5,312.0,-52.4,2.6,141.4,0x20,405.000,8.4,4125,-1,1.1,-1,-1
2024-11-13T01:11:58.000Z,M20-305-2-00424,1415495518,43.94819,4.55632,13968.4,-4.0,2.2,48.7,-52.3,2.6,142.0,0x20,405.000,4.5,4125,-1,1.9,-1,-1
2024-11-13T01:12:02.000Z,M20-305-2-00424,1415495522,43.94829,4.55648,13951.6,-4.4,6.0,46.8,-52.2,2.6,142.3,0x20,405.000,9.0,4125,-1,1.9,-1,-1
2024-11-13T01:12:03.000Z,M20-305-2-00424,1415495523,43.94833,4.55654,13947.4,-4.2,6.6,41.3,-52.2,2.7,142.4,0x20,405.000,10.1,4125,-1,1.1,-1,-1
2024-11-13T01:12:05.000Z,M20-305-2-00424,1415495525,43.94843,4.55664,13938.9,-4.1,7.3,32.2,-52.2,2.6,142.6,0x20,405.000,11.7,4125,-1,2.0,-1,-1
2024-11-13T01:12:06.000Z,M20-305-2-00424,1415495526,43.94848,4.55669,13934.7,-4.2,7.5,27.6,-52.1,2.6,142.7,0x20,405.000,11.8,4125,-1,1.1,-1,-1
2024-11-13T01:12:12.000Z,M20-305-2-00424,1415495532,43.94892,4.55682,13909.6,-4.2,9.3,359.6,-52.2,2.6,143.3,0x20,405.000,5.2,4125,-1,2.0,-1,-1
2024-11-13T01:12:27.000Z,M20-305-2-00424,1415495547,43.94979,4.55619,13846.6,-4.2,4.5,292.9,-52.4,2.6,144.8,0x20,405.000,8.8,4125,-1,2.0,-1,-1
2024-11-13T01:12:30.000Z,M20-305-2-00424,1415495550,43.94982,4.55605,13834.2,-4.1,2.7,273.2,-52.4,2.6,145.0,0x20,405.000,9.8,4125,-1,2.0,-1,-1
2024-11-13T01:12:31.000Z,M20-305-2-00424,1415495551,43.94982,4.55602,13830.3,-4.1,2.2,266.8,-52.4,2.7,145.1,0x20,405.000,9.8,4125,-1,1.1,-1,-1
2024-11-13T01:12:34.000Z,M20-305-2-00424,1415495554,43.94981,4.55597,13817.9,-4.1,0.3,298.6,-52.3,2.7,145.4,0x20,405.000,9.6,4125,-1,2.0,-1,-1
2024-11-13T01:12:35.000Z,M20-305-2-00424,1415495555,43.94982,4.55597,13813.8,-4.1,0.7,43.3,-52.3,2.7,145.5,0x20,405.000,9.6,4125,-1,1.1,-1,-1
2024-11-13T01:12:41.000Z,M20-305-2-00424,1415495561,43.94996,4.55609,13788.3,-4.2,5.6,14.8,-52.4,2.6,146.1,0x20,405.000,8.9,4125,-1,2.0,-1,-1
2024-11-13T01:12:51.000Z,M20-305-2-00424,1415495571,43.95061,4.55578,13746.1,-4.1,8.7,314.0,-52.2,2.7,147.0,0x20,405.000,4.2,4125,-1,2.1,-1,-1
2024-11-13T01:13:03.000Z,M20-305-2-00424,1415495583,43.95082,4.55490,13696.0,-3.8,4.8,285.5,-51.9,2.7,148.2,0x20,405.000,5.4,4125,-1,2.1,-1,-1
2024-11-13T01:13:16.000Z,M20-305-2-00424,1415495596,43.95089,4.55455,13644.4,-4.0,2.8,40.7,-51.9,2.8,149.4,0x20,405.000,4.2,4125,-1,2.1,-1,-1
2024-11-13T01:13:20.000Z,M20-305-2-00424,1415495600,43.95101,4.55465,13628.0,-4.1,5.2,20.1,-52.0,2.8,149.8,0x20,405.000,8.7,4125,-1,2.1,-1,-1
2024-11-13T01:13:30.000Z,M20-305-2-00424,1415495610,43.95159,4.55458,13586.9,-4.1,8.0,330.9,-52.1,2.8,150.8,0x20,405.000,4.9,4125,-1,2.1,-1,-1
2024-11-13T01:13:33.000Z,M20-305-2-00424,1415495613,43.95177,4.55442,13573.8,-4.0,8.2,312.5,-52.2,2.8,151.1,0x20,405.000,6.4,4125,-1,2.1,-1,-1
2024-11-13T01:14:04.000Z,M20-305-2-00424,1415495644,43.95225,4.55310,13448.8,-4.2,8.0,326.5,-52.5,2.8,154.1,0x20,405.000,7.4,4125,-1,2.2,-1,-1
2024-11-13T01:14:05.000Z,M20-305-2-00424,1415495645,43.95231,4.55305,13444.4,-4.0,8.1,323.2,-52.5,2.8,154.2,0x20,405.000,6.8,4125,-1,2.2,-1,-1
2024-11-13T01:14:06.000Z,M20-305-2-00424,1415495646,43.95237,4.55299,13440.2,-3.9,8.2,319.8,-52.5,2.8,154.3,0x20,405.000,6.8,4125,-1,2.2,-1,-1
2024-11-13T01:14:08.000Z,M20-305-2-00424,1415495648,43.95247,4.55285,13432.5,-3.9,8.1,309.5,-52.5,2.8,154.5,0x20,405.000,3.8,4125,-1,2.3,-1,-1
2024-11-13T01:14:09.000Z,M20-305-2-00424,1415495649,43.95252,4.55277,13428.5,-4.0,8.0,303.8,-52.5,2.8,154.6,0x20,405.000,4.4,4125,-1,2.3,-1,-1
2024-11-13T01:14:10.000Z,M20-305-2-00424,1415495650,43.95256,4.55269,13424.5,-4.0,7.9,300.5,-52.6,2.9,154.7,0x20,405.000,6.9,4125,-1,2.3,-1,-1
2024-11-13T01:14:11.000Z,M20-305-2-00424,1415495651,43.95259,4.55261,13420.5,-4.0,7.8,297.5,-52.6,2.8,154.8,0x20,405.000,8.8,4125,-1,2.3,-1,-1
2024-11-13T01:14:12.000Z,M20-305-2-00424,1415495652,43.95262,4.55252,13416.6,-3.9,7.6,294.7,-52.6,2.9,154.9,0x20,405.000,8.8,4125,-1,2.3,-1,-1
2024-11-13T01:14:13.000Z,M20-305-2-00424,1415495653,43.95265,4.55243,13413.0,-3.8,7.3,289.0,-52.7,2.8,155.0,0x20,405.000,10.8,4125,-1,2.3,-1,-1
2024-11-13T01:14:14.000Z,M20-305-2-00424,1415495654,43.95267,4.55234,13409.2,-3.9,6.9,282.8,-52.8,2.8,155.1,0x20,405.000,10.8,4125,-1,2.3,-1,-1
2024-11-13T01:14:15.000Z,M20-305-2-00424,1415495655,43.95268,4.55226,13405.5,-3.7,6.3,273.4,-52.9,2.8,155.2,0x20,405.000,12.0,4125,-1,2.3,-1,-1
2024-11-13T01:14:16.000Z,M20-305-2-00424,1415495656,43.95268,4.55218,13401.7,-4.0,5.7,264.7,-53.0,2.8,155.2,0x20,405.000,12.0,4125,-1,2.3,-1,-1
2024-11-13T01:14:17.000Z,M20-305-2-00424,1415495657,43.95268,4.55212,13397.8,-3.8,5.0,253.5,-53.0,2.8,155.3,0x20,405.000,11.9,4125,-1,2.3,-1,-1
2024-11-13T01:14:18.000Z,M20-305-2-00424,1415495658,43.95266,4.55206,13394.0,-3.9,4.1,241.4,-53.0,2.8,155.4,0x20,405.000,11.9,4125,-1,2.3,-1,-1
2024-11-13T01:14:19.000Z,M20-305-2-00424,1415495659,43.95264,4.55202,13390.1,-4.1,3.2,233.0,-53.1,2.8,155.5,0x20,405.000,10.7,4125,-1,2.3,-1,-1
2024-11-13T01:14:20.000Z,M20-305-2-00424,1415495660,43.95263,4.55199,13386.3,-3.9,2.3,224.7,-53.1,2.8,155.6,0x20,405.000,10.7,4125,-1,2.3,-1,-1
2024-11-13T01:14:21.000Z,M20-305-2-00424,1415495661,43.95262,4.55197,13382.4,-4.0,1.4,215.4,-53.1,2.8,155.7,0x20,405.000,4.1,4125,-1,2.3,-1,-1
2024-11-13T01:14:22.000Z,M20-305-2-00424,1415495662,43.95261,4.55196,13378.5,-4.0,0.4,225.0,-53.1,2.8,155.8,0x20,405.000,4.0,4125,-1,2.3,-1,-1
2024-11-13T01:14:23.000Z,M20-305-2-00424,1415495663,43.95261,4.55196,13374.6,-4.0,0.5,357.9,-53.1,2.7,155.9,0x20,405.000,10.4,4125,-1,2.4,-1,-1
2024-11-13T01:14:24.000Z,M20-305-2-00424,1415495664,43.95262,4.55196,13370.8,-3.9,1.2,0.9,-53.1,2.8,156.0,0x20,405.000,10.8,4125,-1,2.4,-1,-1
2024-11-13T01:14:25.000Z,M20-305-2-00424,1415495665,43.95263,4.55196,13367.0,-3.9,2.0,359.2,-53.1,2.8,156.1,0x20,405.000,12.8,4125,-1,2.4,-1,-1
2024-11-13T01:14:26.000Z,M20-305-2-00424,1415495666,43.95265,4.55196,13363.2,-3.9,2.7,354.9,-53.1,2.8,156.2,0x20,405.000,12.8,4125,-1,2.4,-1,-1
2024-11-13T01:14:27.000Z,M20-305-2-00424,1415495667,43.95267,4.55196,13359.4,-3.9,3.3,352.4,-53.1,2.8,156.3,0x20,405.000,13.0,4125,-1,2.4,-1,-1
2024-11-13T01:14:28.000Z,M20-305-2-00424,1415495668,43.95270,4.55195,13355.5,-3.9,3.9,347.7,-53.1,2.7,156.4,0x20,405.000,13.0,4125,-1,2.4,-1,-1
2024-11-13T01:14:29.000Z,M20-305-2-00424,1415495669,43.95274,4.55193,13351.6,-3.9,4.5,344.4,-53.0,2.7,156.5,0x20,405.000,12.8,4125,-1,2.4,-1,-1
2024-11-13T01:14:30.000Z,M20-305-2-00424,1415495670,43.95278,4.55192,13347.7,-4.0,5.0,340.4,-53.1,2.7,156.6,0x20,405.000,11.1,4125,-1,2.4,-1,-1
2024-11-13T01:14:31.000Z,M20-305-2-00424,1415495671,43.95282,4.55189,13343.8,-3.9,5.6,336.5,-53.2,2.7,156.7,0x20,405.000,11.1,4125,-1,2.4,-1,-1
2024-11-13T01:14:32.000Z,M20-305-2-00424,1415495672,43.95287,4.55186,13339.8,-4.0,6.4,332.3,-53.3,2.7,156.8,0x20,405.000,11.1,4125,-1,2.4,-1,-1
2024-11-13T01:14:33.000Z,M20-305-2-00424,1415495673,43.95293,4.55182,13335.8,-4.0,6.9,329.4,-53.3,2.7,156.9,0x20,405.000,7.5,4125,-1,2.4,-1,-1
2024-11-13T01:14:34.000Z,M20-305-2-00424,1415495674,43.95298,4.55177,13331.9,-3.9,8.0,322.0,-53.3,2.7,157.0,0x20,405.000,4.2,4125,-1,2.4,-1,-1
2024-11-13T01:14:35.000Z,M20-305-2-00424,1415495675,43.95304,4.55170,13328.0,-4.1,8.8,316.4,-53.3,2.7,157.1,0x20,405.000,4.1,4125,-1,2.4,-1,-1
2024-11-13T01:14:36.000Z,M20-305-2-00424,1415495676,43.95309,4.55162,13323.9,-4.1,9.4,310.8,-53.3,2.7,157.2,0x20,405.000,5.7,4125,-1,2.4,-1,-1
2024-11-13T01:14:37.000Z,M20-305-2-00424,1415495677,43.95315,4.55153,13319.7,-4.0,9.8,306.0,-53.2,2.7,157.3,0x20,405.000,7.4,4125,-1,2.4,-1,-1
2024-11-13T01:14:38.000Z,M20-305-2-00424,1415495678,43.95320,4.55143,13315.7,-4.0,9.9,301.8,-53.2,2.6,157.4,0x20,405.000,7.6,4125,-1,2.4,-1,-1
2024-11-13T01:14:39.000Z,M20-305-2-00424,1415495679,43.95324,4.55132,13311.8,-4.0,10.0,298.0,-53.2,2.6,157.5,0x20,405.000,7.8,4125,-1,2.4,-1,-1
2024-11-13T01:14:40.000Z,M20-305-2-00424,1415495680,43.95328,4.55121,13307.7,-3.9,10.0,294.6,-53.2,2.6,157.6,0x20,405.000,7.8,4125,-1,2.4,-1,-1
2024-11-13T01:14:41.000Z,M20-305-2-00424,1415495681,43.95332,4.55109,13303.7,-3.9,9.8,291.5,-53.2,2.6,157.7,0x20,405.000,8.1,4125,-1,2.4,-1,-1
2024-11-13T01:14:42.000Z,M20-305-2-00424,1415495682,43.95334,4.55098,13299.7,-4.0,9.7,287.3,-53.2,2.6,157.8,0x20,405.000,8.1,4125,-1,2.4,-1,-1
2024-11-13T01:14:43.000Z,M20-305-2-00424,1415495683,43.95337,4.55086,13295.8,-4.0,9.5,283.8,-53.3,2.6,157.9,0x20,405.000,8.6,4125,-1,2.4,-1,-1
2024-11-13T01:14:44.000Z,M20-305-2-00424,1415495684,43.95338,4.55075,13291.8,-3.9,9.4,279.5,-53.4,2.6,158.0,0x20,405.000,9.5,4125,-1,2.4,-1,-1
2024-11-13T01:14:45.000Z,M20-305-2-00424,1415495685,43.95340,4.55063,13287.9,-3.9,9.3,276.1,-53.4,2.6,158.1,0x20,405.000,9.5,4125,-1,2.4,-1,-1
2024-11-13T01:14:46.000Z,M20-305-2-00424,1415495686,43.95340,4.55052,13283.9,-4.0,9.1,273.1,-53.4,2.6,158.2,0x20,405.000,9.4,4125,-1,2.4,-1,-1
2024-11-13T01:14:47.000Z,M20-305-2-00424,1415495687,43.95340,4.55041,13280.0,-3.9,8.9,270.9,-53.5,2.6,158.3,0x20,405.000,4.1,4125,-1,2.4,-1,-1
2024-11-13T01:14:48.000Z,M20-305-2-00424,1415495688,43.95340,4.55030,13276.0,-4.0,8.7,270.0,-53.5,2.6,158.4,0x20,405.000,4.9,4125,-1,2.4,-1,-1
2024-11-13T01:14:49.000Z,M20-305-2-00424,1415495689,43.95340,4.55019,13272.0,-4.0,8.5,270.1,-53.6,2.6,158.5,0x20,405.000,5.0,4125,-1,2.4,-1,-1
2024-11-13T01:14:50.000Z,M20-305-2-00424,1415495690,43.95340,4.55009,13268.1,-3.9,8.3,271.4,-53.6,2.6,158.6,0x20,405.000,9.5,4125,-1,2.4,-1,-1
2024-11-13T01:14:51.000Z,M20-305-2-00424,1415495691,43.95341,4.54999,13264.3,-3.9,8.2,273.2,-53.6,2.6,158.7,0x20,405.000,9.5,4125,-1,2.4,-1,-1
2024-11-13T01:14:52.000Z,M20-305-2-00424,1415495692,43.95341,4.54988,13260.5,-3.9,8.0,273.3,-53.7,2.6,158.8,0x20,405.000,11.1,4125,-1,2.4,-1,-1
2024-11-13T01:14:53.000Z,M20-305-2-00424,1415495693,43.95341,4.54978,13256.7,-3.7,7.8,270.7,-53.7,2.6,158.9,0x20,405.000,11.1,4125,-1,2.4,-1,-1
2024-11-13T01:14:54.000Z,M20-305-2-00424,1415495694,43.95341,4.54969,13253.0,-3.7,7.5,264.2,-53.7,2.6,158.9,0x20,405.000,9.3,4125,-1,2.4,-1,-1
2024-11-13T01:14:55.000Z,M20-305-2-00424,1415495695,43.95340,4.54960,13249.2,-3.9,6.9,254.6,-53.8,2.6,159.0,0x20,405.000,8.5,4125,-1,2.4,-1,-1
2024-11-13T01:14:56.000Z,M20-305-2-00424,1415495696,43.95338,4.54953,13245.3,-4.0,6.5,245.0,-53.8,2.6,159.1,0x20,405.000,8.5,4125,-1,2.4,-1,-1
2024-11-13T01:14:57.000Z,M20-305-2-00424,1415495697,43.95335,4.54946,13241.2,-4.2,6.0,236.4,-53.8,2.5,159.2,0x20,405.000,8.4,4125,-1,2.4,-1,-1
2024-11-13T01:14:58.000Z,M20-305-2-00424,1415495698,43.95332,4.54940,13237.1,-4.2,5.5,231.8,-53.8,2.5,159.3,0x20,405.000,10.2,4125,-1,2.4,-1,-1
2024-11-13T01:14:59.000Z,M20-305-2-00424,1415495699,43.95329,4.54935,13233.0,-4.0,5.1,231.8,-53.9,2.5,159.4,0x20,405.000,10.2,4125,-1,2.4,-1,-1
2024-11-13T01:15:00.000Z,M20-305-2-00424,1415495700,43.95326,4.54930,13229.2,-3.9,4.6,234.6,-53.8,2.5,159.5,0x20,405.000,4.1,4125,-1,2.4,-1,-1
2024-11-13T01:15:01.000Z,M20-305-2-00424,1415495701,43.95324,4.54926,13225.4,-3.8,4.0,238.0,-53.8,2.5,159.7,0x20,405.000,4.4,4125,-1,2.4,-1,-1
2024-11-13T01:15:02.000Z,M20-305-2-00424,1415495702,43.95322,4.54922,13221.7,-3.7,3.4,243.3,-53.8,2.5,159.7,0x20,405.000,6.1,4125,-1,2.4,-1,-1
2024-11-13T01:15:03.000Z,M20-305-2-00424,1415495703,43.95322,4.54918,13218.1,-4.0,2.8,250.9,-53.8,2.5,159.8,0x20,405.000,9.4,4125,-1,2.4,-1,-1
2024-11-13T01:15:04.000Z,M20-305-2-00424,1415495704,43.95321,4.54915,13214.3,-4.0,2.2,260.8,-53.8,2.5,159.9,0x20,405.000,9.4,4125,-1,2.5,-1,-1
2024-11-13T01:15:05.000Z,M20-305-2-00424,1415495705,43.95321,4.54912,13210.3,-4.0,2.0,273.7,-53.8,2.5,160.0,0x20,405.000,11.1,4125,-1,2.5,-1,-1
2024-11-13T01:15:06.000Z,M20-305-2-00424,1415495706,43.95321,4.54910,13206.5,-3.9,1.9,285.1,-53.7,2.5,160.1,0x20,405.000,11.1,4125,-1,2.5,-1,-1
2024-11-13T01:15:07.000Z,M20-305-2-00424,1415495707,43.95322,4.54908,13202.6,-3.9,2.0,293.9,-53.7,2.5,160.2,0x20,405.000,4.8,4125,-1,2.5,-1,-1
2024-11-13T01:15:08.000Z,M20-305-2-00424,1415495708,43.95323,4.54905,13198.8,-3.9,2.3,306.0,-53.7,2.5,160.3,0x20,405.000,4.2,4125,-1,2.5,-1,-1
2024-11-13T01:15:09.000Z,M20-305-2-00424,1415495709,43.95325,4.54903,13194.8,-4.0,2.9,312.5,-53.7,2.5,160.4,0x20,405.000,4.2,4125,-1,2.5,-1,-1
2024-11-13T01:15:10.000Z,M20-305-2-00424,1415495710,43.95327,4.54900,13190.8,-3.9,3.4,316.9,-53.7,2.5,160.5,0x20,405.000,6.7,4125,-1,2.5,-1,-1
2024-11-13T01:15:11.000Z,M20-305-2-00424,1415495711,43.95329,4.54897,13186.8,-3.9,3.9,319.5,-53.7,2.5,160.6,0x20,405.000,8.8,4125,-1,2.5,-1,-1
2024-11-13T01:15:12.000Z,M20-305-2-00424,1415495712,43.95332,4.54894,13182.9,-3.9,4.4,319.2,-53.6,2.5,160.7,0x20,405.000,8.8,4125,-1,2.5,-1,-1
2024-11-13T01:15:13.000Z,M20-305-2-00424,1415495713,43.95335,4.54890,13179.0,-3.8,5.2,317.2,-53.6,2.5,160.8,0x20,405.000,7.8,4125,-1,2.5,-1,-1
2024-11-13T01:15:14.000Z,M20-305-2-00424,1415495714,43.95339,4.54885,13175.0,-4.0,5.8,312.9,-53.6,2.5,160.9,0x20,405.000,7.4,4125,-1,2.5,-1,-1
2024-11-13T01:15:15.000Z,M20-305-2-00424,1415495715,43.95343,4.54879,13171.0,-4.0,6.5,308.9,-53.6,2.5,161.0,0x20,405.000,7.4,4125,-1,2.5,-1,-1
2024-11-13T01:15:16.000Z,M20-305-2-00424,1415495716,43.95346,4.54872,13166.8,-3.9,7.0,303.6,-53.6,2.5,161.1,0x20,405.000,7.6,4125,-1,2.5,-1,-1
2024-11-13T01:15:17.000Z,M20-305-2-00424,1415495717,43.95349,4.54864,13163.0,-3.8,7.6,298.3,-53.6,2.5,161.2,0x20,405.000,7.6,4125,-1,2.5,-1,-1
2024-11-13T01:15:18.000Z,M20-305-2-00424,1415495718,43.95352,4.54856,13159.0,-3.9,8.2,291.9,-53.6,2.5,161.3,0x20,405.000,6.4,4125,-1,2.5,-1,-1
2024-11-13T01:15:22.000Z,M20-305-2-00424,1415495722,43.95358,4.54812,13142.6,-4.2,9.2,268.3,-53.4,2.5,161.7,0x20,405.000,5.2,4125,-1,2.5,-1,-1
2024-11-13T01:15:23.000Z,M20-305-2-00424,1415495723,43.95357,4.54801,13138.5,-4.2,9.0,263.4,-53.4,2.5,161.8,0x20,405.000,6.5,4125,-1,2.5,-1,-1
2024-11-13T01:15:24.000Z,M20-305-2-00424,1415495724,43.95356,4.54790,13134.2,-4.1,8.7,258.4,-53.3,2.5,161.9,0x20,405.000,7.5,4125,-1,2.5,-1,-1
2024-11-13T01:15:25.000Z,M20-305-2-00424,1415495725,43.95354,4.54780,13130.0,-4.0,8.3,252.7,-53.3,2.5,162.0,0x20,405.000,7.6,4125,-1,2.5,-1,-1
2024-11-13T01:15:26.000Z,M20-305-2-00424,1415495726,43.95351,4.54770,13126.0,-4.0,8.0,246.6,-53.3,2.6,162.1,0x20,405.000,8.0,4125,-1,2.5,-1,-1
2024-11-13T01:15:27.000Z,M20-305-2-00424,1415495727,43.95348,4.54762,13121.9,-4.0,7.6,242.5,-53.3,2.6,162.2,0x20,405.000,9.3,4125,-1,2.5,-1,-1
2024-11-13T01:15:28.000Z,M20-305-2-00424,1415495728,43.95344,4.54754,13117.9,-4.2,7.2,235.9,-53.3,2.6,162.3,0x20,405.000,9.3,4125,-1,2.5,-1,-1
2024-11-13T01:15:29.000Z,M20-305-2-00424,1415495729,43.95340,4.54747,13113.8,-4.1,6.7,230.4,-53.3,2.5,162.4,0x20,405.000,7.9,4125,-1,2.5,-1,-1
2024-11-13T01:15:30.000Z,M20-305-2-00424,1415495730,43.95336,4.54741,13109.7,-4.0,6.4,226.3,-53.2,2.6,162.6,0x20,405.000,7.8,4125,-1,2.5,-1,-1
2024-11-13T01:15:32.000Z,M20-305-2-00424,1415495732,43.95329,4.54731,13101.7,-4.0,5.5,216.8,-53.2,2.6,162.8,0x20,405.000,8.5,4125,-1,2.5,-1,-1
2024-11-13T01:15:33.000Z,M20-305-2-00424,1415495733,43.95325,4.54728,13097.8,-3.9,4.9,213.9,-53.2,2.6,162.8,0x20,405.000,3.9,4125,-1,2.5,-1,-1
2024-11-13T01:15:34.000Z,M20-305-2-00424,1415495734,43.95321,4.54725,13094.0,-3.8,4.4,210.5,-53.2,2.6,162.9,0x20,405.000,3.9,4125,-1,2.5,-1,-1
2024-11-13T01:15:35.000Z,M20-305-2-00424,1415495735,43.95318,4.54722,13090.2,-3.9,3.7,206.4,-53.1,2.6,163.0,0x20,405.000,3.9,4125,-1,2.5,-1,-1
2024-11-13T01:15:36.000Z,M20-305-2-00424,1415495736,43.95315,4.54720,13086.3,-4.0,3.1,201.2,-53.1,2.5,163.1,0x20,405.000,7.2,4125,-1,2.5,-1,-1
2024-11-13T01:15:37.000Z,M20-305-2-00424,1415495737,43.95313,4.54719,13082.5,-4.0,2.5,199.2,-53.1,2.6,163.2,0x20,405.000,8.4,4125,-1,2.5,-1,-1
2024-11-13T01:15:38.000Z,M20-305-2-00424,1415495738,43.95311,4.54718,13078.7,-3.9,2.0,196.8,-53.1,2.6,163.3,0x20,405.000,9.4,4125,-1,2.5,-1,-1
2024-11-13T01:15:39.000Z,M20-305-2-00424,1415495739,43.95309,4.54717,13074.7,-4.1,1.7,200.2,-53.0,2.6,163.4,0x20,405.000,9.4,4125,-1,2.5,-1,-1
2024-11-13T01:15:40.000Z,M20-305-2-00424,1415495740,43.95308,4.54717,13070.8,-4.0,1.4,204.5,-53.1,2.6,163.5,0x20,405.000,8.5,4125,-1,2.5,-1,-1
2024-11-13T01:15:41.000Z,M20-305-2-00424,1415495741,43.95307,4.54716,13067.0,-3.9,1.2,217.4,-53.0,2.6,163.6,0x20,405.000,7.7,4125,-1,2.5,-1,-1
2024-11-13T01:15:42.000Z,M20-305-2-00424,1415495742,43.95307,4.54715,13063.2,-3.9,1.2,237.4,-53.1,2.6,163.7,0x20,405.000,7.8,4125,-1,2.5,-1,-1
2024-11-13T01:15:43.000Z,M20-305-2-00424,1415495743,43.95306,4.54713,13059.2,-4.0,1.2,258.4,-53.0,2.6,163.8,0x20,405.000,7.8,4125,-1,2.5,-1,-1
2024-11-13T01:15:44.000Z,M20-305-2-00424,1415495744,43.95306,4.54712,13055.3,-4.0,1.4,265.9,-53.0,2.6,163.9,0x20,405.000,7.4,4125,-1,2.5,-1,-1
2024-11-13T01:15:45.000Z,M20-305-2-00424,1415495745,43.95306,4.54710,13051.4,-4.0,1.6,271.8,-53.0,2.6,164.0,0x20,405.000,6.8,4125,-1,2.5,-1,-1
2024-11-13T01:15:46.000Z,M20-305-2-00424,1415495746,43.95306,4.54708,13047.3,-4.1,1.8,284.3,-53.0,2.6,164.1,0x20,405.000,5.0,4125,-1,2.5,-1,-1
2024-11-13T01:15:47.000Z,M20-305-2-00424,1415495747,43.95307,4.54706,13043.3,-4.0,2.3,293.2,-53.0,2.6,164.2,0x20,405.000,4.4,4125,-1,2.5,-1,-1
2024-11-13T01:15:48.000Z,M20-305-2-00424,1415495748,43.95308,4.54703,13039.2,-4.0,3.0,299.2,-53.0,2.7,164.4,0x20,405.000,4.5,4125,-1,2.5,-1,-1
2024-11-13T01:15:49.000Z,M20-305-2-00424,1415495749,43.95310,4.54699,13035.2,-4.1,3.6,301.9,-53.0,2.6,164.5,0x20,405.000,5.4,4125,-1,2.5,-1,-1
2024-11-13T01:15:50.000Z,M20-305-2-00424,1415495750,43.95312,4.54695,13031.0,-4.2,4.3,301.7,-53.0,2.6,164.6,0x20,405.000,6.7,4125,-1,2.5,-1,-1
2024-11-13T01:16:08.000Z,M20-305-2-00424,1415495768,43.95318,4.54544,12957.2,-4.2,8.6,237.5,-52.6,2.8,166.4,0x20,405.000,6.4,4125,-1,2.5,-1,-1
2024-11-13T01:16:09.000Z,M20-305-2-00424,1415495769,43.95314,4.54536,12953.0,-4.1,8.4,230.1,-52.5,2.7,166.5,0x20,405.000,6.5,4125,-1,2.5,-1,-1
2024-11-13T01:16:10.000Z,M20-305-2-00424,1415495770,43.95309,4.54528,12949.0,-4.1,8.0,223.7,-52.5,2.8,166.6,0x20,405.000,6.5,4125,-1,2.5,-1,-1
2024-11-13T01:16:11.000Z,M20-305-2-00424,1415495771,43.95303,4.54522,12944.9,-4.2,7.6,218.7,-52.5,2.8,166.7,0x20,405.000,6.1,4125,-1,2.5,-1,-1
2024-11-13T01:16:12.000Z,M20-305-2-00424,1415495772,43.95298,4.54517,12940.9,-4.1,7.0,214.1,-52.5,2.8,166.8,0x20,405.000,6.1,4125,-1,2.5,-1,-1
2024-11-13T01:16:13.000Z,M20-305-2-00424,1415495773,43.95293,4.54512,12936.7,-4.2,6.6,210.1,-52.4,2.8,167.0,0x20,405.000,3.9,4125,-1,2.5,-1,-1
2024-11-13T01:16:14.000Z,M20-305-2-00424,1415495774,43.95288,4.54509,12932.7,-4.0,5.9,205.5,-52.4,2.8,167.1,0x20,405.000,3.9,4125,-1,2.5,-1,-1
2024-11-13T01:16:15.000Z,M20-305-2-00424,1415495775,43.95283,4.54506,12928.8,-4.0,5.2,199.9,-52.4,2.8,167.2,0x20,405.000,5.2,4125,-1,2.5,-1,-1
2024-11-13T01:16:16.000Z,M20-305-2-00424,1415495776,43.95279,4.54504,12924.8,-4.0,4.5,194.7,-52.3,2.8,167.3,0x20,405.000,7.2,4125,-1,2.5,-1,-1
2024-11-13T01:16:17.000Z,M20-305-2-00424,1415495777,43.95275,4.54503,12920.9,-4.0,3.8,190.8,-52.3,2.8,167.4,0x20,405.000,8.6,4125,-1,2.5,-1,-1
2024-11-13T01:16:18.000Z,M20-305-2-00424,1415495778,43.95272,4.54502,12917.0,-4.0,3.0,185.5,-52.3,2.8,167.5,0x20,405.000,8.6,4125,-1,2.5,-1,-1
2024-11-13T01:16:19.000Z,M20-305-2-00424,1415495779,43.95270,4.54502,12913.1,-4.1,2.4,181.4,-52.3,2.8,167.6,0x20,405.000,7.1,4125,-1,2.5,-1,-1
2024-11-13T01:16:20.000Z,M20-305-2-00424,1415495780,43.95268,4.54502,12909.0,-4.1,1.9,178.5,-52.3,2.8,167.7,0x20,405.000,7.8,4125,-1,2.5,-1,-1
2024-11-13T01:16:21.000Z,M20-305-2-00424,1415495781,43.95266,4.54502,12905.0,-4.0,1.3,180.9,-52.2,2.9,167.8,0x20,405.000,7.8,4125,-1,2.5,-1,-1
2024-11-13T01:16:22.000Z,M20-305-2-00424,1415495782,43.95266,4.54502,12901.1,-3.9,0.6,190.0,-52.2,2.9,167.9,0x20,405.000,7.7,4125,-1,2.5,-1,-1
2024-11-13T01:16:24.000Z,M20-305-2-00424,1415495784,43.95266,4.54502,12893.2,-4.0,1.0,339.2,-52.2,2.9,168.1,0x20,405.000,7.5,4125,-1,2.5,-1,-1
2024-11-13T01:16:25.000Z,M20-305-2-00424,1415495785,43.95267,4.54501,12889.2,-4.0,1.6,339.8,-52.1,2.9,168.2,0x20,405.000,7.0,4125,-1,2.5,-1,-1
2024-11-13T01:16:26.000Z,M20-305-2-00424,1415495786,43.95269,4.54500,12885.1,-4.1,2.0,331.8,-52.1,2.9,168.3,0x20,405.000,3.9,4125,-1,2.5,-1,-1
2024-11-13T01:16:27.000Z,M20-305-2-00424,1415495787,43.95271,4.54499,12881.0,-4.0,2.2,329.4,-52.1,2.9,168.4,0x20,405.000,3.6,4125,-1,2.5,-1,-1
2024-11-13T01:16:29.000Z,M20-305-2-00424,1415495789,43.95274,4.54495,12873.1,-4.0,2.8,318.8,-52.0,2.9,168.6,0x20,405.000,6.7,4125,-1,2.5,-1,-1
2024-11-13T01:16:30.000Z,M20-305-2-00424,1415495790,43.95276,4.54493,12869.0,-4.0,3.3,314.6,-52.0,2.9,168.7,0x20,405.000,6.7,4125,-1,2.5,-1,-1
2024-11-13T01:16:38.000Z,M20-305-2-00424,1415495798,43.95291,4.54445,12838.4,-3.4,5.7,274.0,-51.8,3.0,169.6,0x20,405.000,5.1,4125,-1,2.5,-1,-1
2024-11-13T01:16:40.000Z,M20-305-2-00424,1415495800,43.95291,4.54431,12831.1,-4.0,5.6,260.8,-51.7,3.0,169.7,0x20,405.000,4.0,4125,-1,2.5,-1,-1
2024-11-13T01:16:42.000Z,M20-305-2-00424,1415495802,43.95288,4.54417,12823.3,-3.8,5.7,246.3,-51.6,3.0,169.9,0x20,405.000,6.3,4125,-1,2.5,-1,-1
2024-11-13T01:16:44.000Z,M20-305-2-00424,1415495804,43.95283,4.54405,12815.9,-3.7,5.4,235.7,-51.5,3.0,170.1,0x20,405.000,7.7,4125,-1,2.5,-1,-1
2024-11-13T01:16:45.000Z,M20-305-2-00424,1415495805,43.95280,4.54400,12812.2,-3.6,5.2,233.4,-51.5,3.0,170.2,0x20,405.000,7.7,4125,-1,2.5,-1,-1
2024-11-13T01:16:46.000Z,M20-305-2-00424,1415495806,43.95277,4.54395,12808.7,-3.4,4.9,229.3,-51.5,3.0,170.3,0x20,405.000,8.1,4125,-1,2.5,-1,-1
2024-11-13T01:16:47.000Z,M20-305-2-00424,1415495807,43.95275,4.54390,12805.1,-3.9,4.6,227.6,-51.5,3.0,170.4,0x20,405.000,8.1,4125,-1,2.5,-1,-1
2024-11-13T01:16:48.000Z,M20-305-2-00424,1415495808,43.95272,4.54386,12801.1,-4.0,4.5,228.4,-51.4,3.0,170.5,0x20,405.000,8.1,4125,-1,2.5,-1,-1
2024-11-13T01:16:50.000Z,M20-305-2-00424,1415495810,43.95267,4.54378,12793.4,-3.9,4.4,229.1,-51.4,3.0,170.7,0x20,405.000,5.9,4125,-1,2.5,-1,-1
2024-11-13T01:16:53.000Z,M20-305-2-00424,1415495813,43.95259,4.54367,12781.5,-3.8,3.9,210.2,-51.3,3.1,171.1,0x20,405.000,3.8,4125,-1,2.5,-1,-1
2024-11-13T01:17:01.000Z,M20-305-2-00424,1415495821,43.95244,4.54382,12748.8,-4.1,3.3,77.1,-51.0,3.1,171.9,0x20,405.000,5.6,4125,-1,2.5,-1,-1
2024-11-13T01:17:02.000Z,M20-305-2-00424,1415495822,43.95245,4.54386,12744.7,-4.3,3.3,61.7,-51.0,3.1,172.0,0x20,405.000,6.0,4125,-1,2.5,-1,-1
2024-11-13T01:17:03.000Z,M20-305-2-00424,1415495823,43.95247,4.54390,12740.2,-4.4,3.5,46.9,-50.9,3.1,172.1,0x20,405.000,6.5,4125,-1,2.5,-1,-1
2024-11-13T01:17:07.000Z,M20-305-2-00424,1415495827,43.95259,4.54400,12722.9,-4.2,4.2,30.9,-50.8,3.1,172.6,0x20,405.000,4.5,4125,-1,2.5,-1,-1
2024-11-13T01:17:10.000Z,M20-305-2-00424,1415495830,43.95268,4.54407,12710.2,-3.9,3.8,20.8,-50.8,3.1,172.9,0x20,405.000,5.2,4125,-1,2.5,-1,-1
2024-11-13T01:17:17.000Z,M20-305-2-00424,1415495837,43.95290,4.54387,12681.6,-4.5,4.7,295.5,-50.6,3.2,173.7,0x20,405.000,6.5,4125,-1,2.5,-1,-1
2024-11-13T01:17:19.000Z,M20-305-2-00424,1415495839,43.95293,4.54377,12672.5,-4.7,3.8,287.5,-50.5,3.2,173.9,0x20,405.000,3.5,4125,-1,2.5,-1,-1
2024-11-13T01:17:20.000Z,M20-305-2-00424,1415495840,43.95294,4.54372,12668.0,-4.3,3.5,284.0,-50.5,3.2,174.0,0x20,405.000,5.1,4125,-1,2.5,-1,-1
2024-11-13T01:17:21.000Z,M20-305-2-00424,1415495841,43.95294,4.54368,12663.6,-4.5,3.1,278.1,-50.5,3.2,174.2,0x20,405.000,7.8,4125,-1,2.5,-1,-1
2024-11-13T01:17:22.000Z,M20-305-2-00424,1415495842,43.95294,4.54365,12659.3,-4.3,2.8,272.8,-50.5,3.2,174.3,0x20,405.000,7.8,4125,-1,2.5,-1,-1
2024-11-13T01:17:23.000Z,M20-305-2-00424,1415495843,43.95294,4.54362,12655.1,-4.1,2.1,263.0,-50.5,3.2,174.4,0x20,405.000,7.8,4125,-1,2.5,-1,-1
2024-11-13T01:17:24.000Z,M20-305-2-00424,1415495844,43.95294,4.54359,12651.0,-4.1,1.7,248.4,-50.5,3.2,174.5,0x20,405.000,7.8,4125,-1,2.5,-1,-1
2024-11-13T01:17:25.000Z,M20-305-2-00424,1415495845,43.95293,4.54358,12647.1,-4.0,1.3,214.3,-50.5,3.2,174.6,0x20,405.000,7.1,4125,-1,2.5,-1,-1
2024-11-13T01:17:26.000Z,M20-305-2-00424,1415495846,43.95292,4.54358,12643.3,-4.0,1.3,175.3,-50.6,3.2,174.7,0x20,405.000,8.2,4125,-1,2.5,-1,-1
2024-11-13T01:17:27.000Z,M20-305-2-00424,1415495847,43.95290,4.54359,12639.4,-4.2,1.7,138.0,-50.6,3.2,174.8,0x20,405.000,8.2,4125,-1,2.5,-1,-1
2024-11-13T01:17:28.000Z,M20-305-2-00424,1415495848,43.95289,4.54360,12635.3,-4.2,2.2,126.7,-50.6,3.2,174.9,0x20,405.000,8.1,4125,-1,2.5,-1,-1
2024-11-13T01:17:30.000Z,M20-305-2-00424,1415495850,43.95287,4.54366,12627.3,-4.0,3.1,112.9,-50.6,3.2,175.2,0x20,405.000,5.8,4125,-1,2.5,-1,-1
2024-11-13T01:17:32.000Z,M20-305-2-00424,1415495852,43.95285,4.54375,12619.2,-4.2,3.7,97.8,-50.6,3.2,175.4,0x20,405.000,4.4,4125,-1,2.5,-1,-1
2024-11-13T01:17:33.000Z,M20-305-2-00424,1415495853,43.95285,4.54380,12615.1,-4.0,4.0,88.9,-50.6,3.2,175.5,0x20,405.000,4.4,4125,-1,2.5,-1,-1
2024-11-13T01:17:34.000Z,M20-305-2-00424,1415495854,43.95285,4.54385,12611.2,-4.1,4.3,82.0,-50.6,3.2,175.6,0x20,405.000,5.7,4125,-1,2.5,-1,-1
2024-11-13T01:17:35.000Z,M20-305-2-00424,1415495855,43.95286,4.54390,12607.3,-4.0,4.8,73.4,-50.6,3.2,175.7,0x20,405.000,7.1,4125,-1,2.5,-1,-1
2024-11-13T01:17:36.000Z,M20-305-2-00424,1415495856,43.95288,4.54396,12603.3,-4.0,5.2,67.8,-50.6,3.2,175.8,0x20,405.000,7.1,4125,-1,2.4,-1,-1
2024-11-13T01:17:38.000Z,M20-305-2-00424,1415495858,43.95293,4.54408,12595.3,-4.2,5.9,56.7,-50.6,3.2,176.1,0x20,405.000,5.9,4125,-1,2.5,-1,-1
2024-11-13T01:17:41.000Z,M20-305-2-00424,1415495861,43.95303,4.54426,12583.2,-4.1,6.5,43.6,-50.6,3.2,176.4,0x20,405.000,5.7,4125,-1,2.4,-1,-1
2024-11-13T01:17:54.000Z,M20-305-2-00424,1415495874,43.95386,4.54440,12530.8,-4.0,6.6,342.3,-50.5,3.2,177.8,0x20,405.000,6.1,4125,-1,2.4,-1,-1
2024-11-13T01:18:19.000Z,M20-305-2-00424,1415495899,43.95487,4.54444,12432.7,-3.8,6.7,29.0,-51.2,3.0,180.5,0x20,405.000,7.2,4125,-1,2.4,-1,-1
2024-11-13T01:18:30.000Z,M20-305-2-00424,1415495910,43.95570,4.54470,12390.1,-3.8,8.9,356.1,-51.2,3.0,181.7,0x20,405.000,6.4,4125,-1,2.4,-1,-1
2024-11-13T01:18:31.000Z,M20-305-2-00424,1415495911,43.95578,4.54469,12386.3,-3.8,8.9,355.0,-51.2,3.0,181.8,0x20,405.000,7.0,4125,-1,2.4,-1,-1
2024-11-13T01:18:32.000Z,M20-305-2-00424,1415495912,43.95586,4.54468,12382.5,-3.9,8.5,354.3,-51.2,3.0,181.9,0x20,405.000,7.0,4125,-1,2.4,-1,-1
2024-11-13T01:18:36.000Z,M20-305-2-00424,1415495916,43.95616,4.54462,12367.3,-3.6,8.4,346.3,-51.2,3.0,182.3,0x20,405.000,3.7,4125,-1,2.4,-1,-1
2024-11-13T01:18:38.000Z,M20-305-2-00424,1415495918,43.95629,4.54455,12359.9,-3.8,8.2,334.5,-51.2,3.0,182.6,0x20,405.000,3.3,4125,-1,2.4,-1,-1
2024-11-13T01:18:43.000Z,M20-305-2-00424,1415495923,43.95656,4.54425,12341.2,-3.8,7.2,312.8,-51.4,2.9,183.1,0x20,405.000,5.6,4125,-1,2.4,-1,-1
2024-11-13T01:18:45.000Z,M20-305-2-00424,1415495925,43.95665,4.54412,12334.0,-3.6,6.4,307.5,-51.3,2.9,183.3,0x20,405.000,6.4,4125,-1,2.4,-1,-1
2024-11-13T01:18:46.000Z,M20-305-2-00424,1415495926,43.95668,4.54406,12330.4,-3.7,5.9,304.6,-51.3,3.0,183.4,0x20,405.000,6.8,4125,-1,2.4,-1,-1
2024-11-13T01:18:47.000Z,M20-305-2-00424,1415495927,43.95670,4.54400,12326.8,-3.5,5.3,297.4,-51.3,3.0,183.5,0x20,405.000,7.1,4125,-1,2.4,-1,-1
2024-11-13T01:18:49.000Z,M20-305-2-00424,1415495929,43.95673,4.54390,12319.7,-3.7,3.3,281.3,-51.2,2.9,183.7,0x20,405.000,3.9,4125,-1,2.4,-1,-1
2024-11-13T01:18:50.000Z,M20-305-2-00424,1415495930,43.95673,4.54387,12315.9,-3.9,2.6,275.1,-51.1,2.9,183.8,0x20,405.000,3.4,4125,-1,2.4,-1,-1
2024-11-13T01:18:52.000Z,M20-305-2-00424,1415495932,43.95673,4.54381,12308.2,-3.8,1.9,275.8,-51.1,2.9,184.0,0x20,405.000,6.2,4125,-1,2.4,-1,-1
2024-11-13T01:18:56.000Z,M20-305-2-00424,1415495936,43.95676,4.54373,12293.2,-3.6,1.6,313.7,-51.0,2.9,184.4,0x20,405.000,5.9,4125,-1,2.4,-1,-1
2024-11-13T01:18:58.000Z,M20-305-2-00424,1415495938,43.95679,4.54372,12286.3,-3.6,1.9,9.6,-50.9,2.9,184.6,0x20,405.000,6.6,4125,-1,2.4,-1,-1
2024-11-13T01:19:05.000Z,M20-305-2-00424,1415495945,43.95704,4.54381,12260.6,-3.6,5.5,4.1,-50.8,2.9,185.4,0x20,405.000,6.4,4125,-1,2.4,-1,-1
2024-11-13T01:19:06.000Z,M20-305-2-00424,1415495946,43.95709,4.54382,12257.1,-3.5,5.9,0.0,-50.8,2.9,185.5,0x20,405.000,7.8,4125,-1,2.4,-1,-1
2024-11-13T01:19:07.000Z,M20-305-2-00424,1415495947,43.95714,4.54381,12253.5,-3.8,6.1,356.4,-50.7,2.9,185.6,0x20,405.000,7.8,4125,-1,2.4,-1,-1
2024-11-13T01:19:08.000Z,M20-305-2-00424,1415495948,43.95720,4.54381,12249.7,-3.7,6.1,353.0,-50.8,2.9,185.7,0x20,405.000,7.6,4125,-1,2.4,-1,-1
2024-11-13T01:19:09.000Z,M20-305-2-00424,1415495949,43.95726,4.54380,12246.0,-3.6,6.3,349.3,-50.7,2.9,185.8,0x20,405.000,7.3,4125,-1,2.4,-1,-1
2024-11-13T01:19:10.000Z,M20-305-2-00424,1415495950,43.95731,4.54378,12242.3,-3.8,6.4,345.9,-50.7,2.9,185.9,0x20,405.000,7.3,4125,-1,2.4,-1,-1
2024-11-13T01:19:11.000Z,M20-305-2-00424,1415495951,43.95737,4.54376,12238.6,-3.6,6.6,343.0,-50.8,2.9,186.0,0x20,405.000,6.6,4125,-1,2.4,-1,-1
2024-11-13T01:19:12.000Z,M20-305-2-00424,1415495952,43.95742,4.54373,12234.9,-3.7,6.6,341.0,-50.8,2.9,186.1,0x20,405.000,6.2,4125,-1,2.4,-1,-1
2024-11-13T01:19:14.000Z,M20-305-2-00424,1415495954,43.95754,4.54367,12227.4,-3.7,6.6,338.1,-50.7,2.9,186.3,0x20,405.000,5.7,4125,-1,2.4,-1,-1
2024-11-13T01:19:16.000Z,M20-305-2-00424,1415495956,43.95764,4.54361,12220.1,-3.7,6.3,336.6,-50.7,2.9,186.5,0x20,405.000,4.9,4125,-1,2.4,-1,-1
2024-11-13T01:19:17.000Z,M20-305-2-00424,1415495957,43.95770,4.54358,12216.4,-3.6,6.2,335.6,-50.8,3.0,186.6,0x20,405.000,4.4,4125,-1,2.4,-1,-1
2024-11-13T01:19:18.000Z,M20-305-2-00424,1415495958,43.95775,4.54355,12212.6,-3.8,6.2,333.5,-50.8,2.9,186.8,0x20,405.000,6.7,4125,-1,2.4,-1,-1
2024-11-13T01:19:19.000Z,M20-305-2-00424,1415495959,43.95780,4.54351,12208.9,-3.7,6.2,332.6,-51.0,2.9,186.9,0x20,405.000,7.8,4125,-1,2.4,-1,-1
2024-11-13T01:19:20.000Z,M20-305-2-00424,1415495960,43.95785,4.54348,12205.1,-3.7,6.1,332.5,-51.0,3.0,187.0,0x20,405.000,8.2,4125,-1,2.4,-1,-1
2024-11-13T01:19:22.000Z,M20-305-2-00424,1415495962,43.95794,4.54341,12197.6,-3.6,6.1,332.4,-51.1,2.9,187.2,0x20,405.000,7.8,4125,-1,2.4,-1,-1
2024-11-13T01:19:23.000Z,M20-305-2-00424,1415495963,43.95799,4.54337,12193.9,-3.9,6.1,330.9,-51.1,2.9,187.3,0x20,405.000,7.8,4125,-1,2.4,-1,-1
2024-11-13T01:19:24.000Z,M20-305-2-00424,1415495964,43.95804,4.54333,12190.1,-3.6,6.5,327.9,-51.1,2.9,187.4,0x20,405.000,8.1,4125,-1,2.4,-1,-1
2024-11-13T01:19:25.000Z,M20-305-2-00424,1415495965,43.95809,4.54328,12186.4,-3.7,6.8,323.6,-51.1,2.9,187.5,0x20,405.000,8.1,4125,-1,2.4,-1,-1
2024-11-13T01:19:26.000Z,M20-305-2-00424,1415495966,43.95814,4.54323,12182.8,-3.7,7.3,318.4,-51.1,2.9,187.6,0x20,405.000,5.6,4125,-1,2.4,-1,-1
2024-11-13T01:19:27.000Z,M20-305-2-00424,1415495967,43.95819,4.54316,12179.0,-3.8,7.6,314.6,-51.1,2.9,187.7,0x20,405.000,5.6,4125,-1,2.4,-1,-1
2024-11-13T01:19:30.000Z,M20-305-2-00424,1415495970,43.95832,4.54291,12167.7,-4.0,8.6,299.4,-51.1,3.0,188.0,0x20,405.000,3.6,4125,-1,2.4,-1,-1
2024-11-13T01:19:31.000Z,M20-305-2-00424,1415495971,43.95835,4.54282,12163.9,-3.7,8.6,295.8,-51.1,2.9,188.2,0x20,405.000,5.3,4125,-1,2.4,-1,-1
2024-11-13T01:19:32.000Z,M20-305-2-00424,1415495972,43.95838,4.54272,12160.1,-3.9,8.5,292.0,-51.1,2.9,188.3,0x20,405.000,6.1,4125,-1,2.4,-1,-1
2024-11-13T01:19:33.000Z,M20-305-2-00424,1415495973,43.95841,4.54262,12156.3,-3.8,8.2,289.4,-51.1,2.9,188.4,0x20,405.000,6.1,4125,-1,2.4,-1,-1
2024-11-13T01:19:34.000Z,M20-305-2-00424,1415495974,43.95843,4.54253,12152.5,-3.8,8.0,288.3,-51.1,3.0,188.5,0x20,405.000,6.8,4125,-1,2.4,-1,-1
2024-11-13T01:19:35.000Z,M20-305-2-00424,1415495975,43.95845,4.54243,12148.8,-3.7,7.6,284.9,-51.1,2.9,188.6,0x20,405.000,7.6,4125,-1,2.4,-1,-1
2024-11-13T01:19:36.000Z,M20-305-2-00424,1415495976,43.95846,4.54234,12145.0,-3.6,7.3,281.7,-51.1,2.9,188.7,0x20,405.000,7.9,4125,-1,2.4,-1,-1
2024-11-13T01:19:37.000Z,M20-305-2-00424,1415495977,43.95848,4.54225,12141.4,-3.8,7.1,278.5,-51.0,3.0,188.8,0x20,405.000,7.9,4125,-1,2.4,-1,-1
2024-11-13T01:19:38.000Z,M20-305-2-00424,1415495978,43.95848,4.54217,12137.6,-3.7,6.8,273.9,-51.0,3.0,188.9,0x20,405.000,6.8,4125,-1,2.4,-1,-1
2024-11-13T01:19:39.000Z,M20-305-2-00424,1415495979,43.95848,4.54209,12133.8,-4.0,6.4,271.1,-51.0,2.9,189.0,0x20,405.000,7.4,4125,-1,2.4,-1,-1
2024-11-13T01:19:40.000Z,M20-305-2-00424,1415495980,43.95848,4.54201,12129.7,-4.2,6.2,269.3,-51.0,2.9,189.1,0x20,405.000,7.4,4125,-1,2.4,-1,-1
2024-11-13T01:19:41.000Z,M20-305-2-00424,1415495981,43.95848,4.54193,12125.5,-4.2,6.0,269.7,-50.9,2.9,189.3,0x20,405.000,6.0,4125,-1,2.4,-1,-1
2024-11-13T01:19:42.000Z,M20-305-2-00424,1415495982,43.95848,4.54186,12121.6,-3.8,5.7,269.3,-50.9,2.9,189.4,0x20,405.000,4.5,4125,-1,2.4,-1,-1
2024-11-13T01:19:43.000Z,M20-305-2-00424,1415495983,43.95848,4.54179,12117.8,-3.9,5.4,269.8,-50.9,2.9,189.5,0x20,405.000,4.0,4125,-1,2.4,-1,-1
2024-11-13T01:19:44.000Z,M20-305-2-00424,1415495984,43.95848,4.54173,12114.0,-3.7,5.1,269.9,-50.9,2.9,189.6,0x20,405.000,7.3,4125,-1,2.4,-1,-1
2024-11-13T01:19:45.000Z,M20-305-2-00424,1415495985,43.95848,4.54167,12110.4,-3.6,4.8,270.4,-50.9,2.9,189.7,0x20,405.000,7.3,4125,-1,2.4,-1,-1
2024-11-13T01:19:46.000Z,M20-305-2-00424,1415495986,43.95848,4.54161,12106.8,-3.8,4.4,271.7,-50.9,2.9,189.8,0x20,405.000,7.3,4125,-1,2.4,-1,-1
2024-11-13T01:19:47.000Z,M20-305-2-00424,1415495987,43.95848,4.54156,12103.2,-3.6,4.0,272.0,-50.9,2.9,189.9,0x20,405.000,8.1,4125,-1,2.4,-1,-1
2024-11-13T01:19:48.000Z,M20-305-2-00424,1415495988,43.95848,4.54151,12099.7,-3.7,3.6,274.0,-50.9,2.9,190.0,0x20,405.000,8.1,4125,-1,2.4,-1,-1
2024-11-13T01:19:49.000Z,M20-305-2-00424,1415495989,43.95849,4.54147,12096.0,-3.6,3.2,276.5,-50.9,2.9,190.1,0x20,405.000,8.0,4125,-1,2.4,-1,-1
2024-11-13T01:19:50.000Z,M20-305-2-00424,1415495990,43.95849,4.54143,12092.2,-3.8,2.7,280.6,-51.0,2.9,190.3,0x20,405.000,7.9,4125,-1,2.4,-1,-1
2024-11-13T01:19:51.000Z,M20-305-2-00424,1415495991,43.95849,4.54140,12088.4,-3.8,2.3,284.1,-50.9,2.9,190.4,0x20,405.000,7.6,4125,-1,2.4,-1,-1
2024-11-13T01:19:52.000Z,M20-305-2-00424,1415495992,43.95850,4.54138,12084.6,-3.6,2.0,294.3,-50.9,2.9,190.5,0x20,405.000,8.8,4125,-1,2.4,-1,-1
2024-11-13T01:19:54.000Z,M20-305-2-00424,1415495994,43.95852,4.54134,12077.3,-3.8,2.0,317.5,-51.3,2.9,190.7,0x20,405.000,4.3,4125,-1,2.4,-1,-1
2024-11-13T01:19:55.000Z,M20-305-2-00424,1415495995,43.95853,4.54132,12073.5,-3.9,2.1,321.3,-51.4,2.9,190.8,0x20,405.000,4.3,4125,-1,2.4,-1,-1
2024-11-13T01:19:56.000Z,M20-305-2-00424,1415495996,43.95855,4.54130,12069.6,-3.8,2.1,325.8,-51.5,2.9,190.9,0x20,405.000,4.3,4125,-1,2.4,-1,-1
2024-11-13T01:19:57.000Z,M20-305-2-00424,1415495997,43.95857,4.54129,12065.8,-3.9,2.1,322.8,-51.6,2.9,191.0,0x20,405.000,6.6,4125,-1,2.4,-1,-1
2024-11-13T01:19:58.000Z,M20-305-2-00424,1415495998,43.95858,4.54127,12061.9,-3.9,2.2,322.9,-51.7,2.9,191.2,0x20,405.000,7.8,4125,-1,2.4,-1,-1
2024-11-13T01:19:59.000Z,M20-305-2-00424,1415495999,43.95860,4.54126,12058.1,-3.9,2.0,327.0,-51.9,2.9,191.3,0x20,405.000,7.8,4125,-1,2.4,-1,-1
2024-11-13T01:20:00.000Z,M20-305-2-00424,1415496000,43.95862,4.54124,12054.3,-3.6,2.3,341.8,-52.0,2.9,191.4,0x20,405.000,7.6,4125,-1,2.4,-1,-1
2024-11-13T01:20:01.000Z,M20-305-2-00424,1415496001,43.95864,4.54124,12050.8,-3.6,2.7,356.0,-52.1,2.9,191.5,0x20,405.000,7.4,4125,-1,2.4,-1,-1
2024-11-13T01:20:02.000Z,M20-305-2-00424,1415496002,43.95867,4.54124,12047.3,-3.5,3.7,3.4,-52.1,2.9,191.6,0x20,405.000,7.4,4125,-1,2.4,-1,-1
2024-11-13T01:20:03.000Z,M20-305-2-00424,1415496003,43.95871,4.54124,12043.8,-3.4,5.0,6.7,-52.1,2.9,191.7,0x20,405.000,7.6,4125,-1,2.4,-1,-1
2024-11-13T01:20:04.000Z,M20-305-2-00424,1415496004,43.95876,4.54125,12040.3,-3.6,6.4,5.1,-52.0,2.9,191.8,0x20,405.000,7.6,4125,-1,2.4,-1,-1
2024-11-13T01:20:05.000Z,M20-305-2-00424,1415496005,43.95882,4.54125,12036.5,-3.8,7.7,1.1,-52.0,2.9,191.9,0x20,405.000,7.5,4125,-1,2.4,-1,-1
2024-11-13T01:20:06.000Z,M20-305-2-00424,1415496006,43.95890,4.54125,12032.6,-4.0,8.6,355.7,-52.0,2.9,192.0,0x20,405.000,7.5,4125,-1,2.4,-1,-1
2024-11-13T01:20:07.000Z,M20-305-2-00424,1415496007,43.95898,4.54124,12028.8,-3.8,9.2,351.4,-52.0,2.9,192.1,0x20,405.000,5.4,4125,-1,2.4,-1,-1
2024-11-13T01:20:09.000Z,M20-305-2-00424,1415496009,43.95914,4.54119,12021.2,-3.6,9.4,343.1,-51.9,2.9,192.4,0x20,405.000,3.6,4125,-1,2.4,-1,-1
2024-11-13T01:20:10.000Z,M20-305-2-00424,1415496010,43.95922,4.54115,12017.3,-3.8,9.5,339.3,-51.9,2.9,192.5,0x20,405.000,4.8,4125,-1,2.4,-1,-1
2024-11-13T01:20:20.000Z,M20-305-2-00424,1415496020,43.95990,4.54051,11981.4,-3.6,8.4,315.0,-51.8,2.9,193.6,0x20,405.000,4.3,4125,-1,2.4,-1,-1
2024-11-13T01:20:21.000Z,M20-305-2-00424,1415496021,43.95995,4.54043,11977.8,-3.6,8.1,313.4,-51.7,2.9,193.7,0x20,405.000,4.4,4125,-1,2.4,-1,-1
2024-11-13T01:20:22.000Z,M20-305-2-00424,1415496022,43.96000,4.54036,11974.2,-3.6,7.8,312.3,-51.7,2.9,193.8,0x20,405.000,4.4,4125,-1,2.4,-1,-1
2024-11-13T01:20:23.000Z,M20-305-2-00424,1415496023,43.96004,4.54029,11970.5,-3.8,7.6,311.1,-51.7,2.9,193.9,0x20,405.000,7.0,4125,-1,2.4,-1,-1
2024-11-13T01:20:24.000Z,M20-305-2-00424,1415496024,43.96009,4.54022,11966.7,-3.8,7.2,310.4,-51.7,2.8,194.0,0x20,405.000,7.0,4125,-1,2.4,-1,-1
2024-11-13T01:20:25.000Z,M20-305-2-00424,1415496025,43.96013,4.54015,11962.8,-3.9,6.9,310.1,-51.7,2.9,194.1,0x20,405.000,8.8,4125,-1,2.3,-1,-1
2024-11-13T01:20:26.000Z,M20-305-2-00424,1415496026,43.96017,4.54009,11959.0,-3.8,6.6,310.2,-51.7,2.9,194.2,0x20,405.000,8.8,4125,-1,2.3,-1,-1
2024-11-13T01:20:27.000Z,M20-305-2-00424,1415496027,43.96020,4.54003,11955.3,-3.7,6.4,309.6,-51.8,2.9,194.3,0x20,405.000,7.6,4125,-1,2.3,-1,-1
2024-11-13T01:20:29.000Z,M20-305-2-00424,1415496029,43.96027,4.53991,11948.0,-3.6,5.8,310.5,-51.8,2.9,194.6,0x20,405.000,7.3,4125,-1,2.3,-1,-1
2024-11-13T01:20:30.000Z,M20-305-2-00424,1415496030,43.96031,4.53986,11944.4,-3.8,5.4,312.9,-51.8,2.8,194.7,0x20,405.000,7.9,4125,-1,2.3,-1,-1
2024-11-13T01:20:31.000Z,M20-305-2-00424,1415496031,43.96034,4.53981,11940.6,-3.8,5.0,314.1,-51.8,2.8,194.8,0x20,405.000,8.1,4125,-1,2.3,-1,-1
2024-11-13T01:20:32.000Z,M20-305-2-00424,1415496032,43.96037,4.53977,11936.9,-3.7,4.5,317.1,-51.8,2.9,194.9,0x20,405.000,8.1,4125,-1,2.3,-1,-1
2024-11-13T01:20:33.000Z,M20-305-2-00424,1415496033,43.96040,4.53973,11933.2,-3.7,3.9,321.4,-51.7,2.9,195.0,0x20,405.000,8.1,4125,-1,2.3,-1,-1
2024-11-13T01:20:34.000Z,M20-305-2-00424,1415496034,43.96042,4.53971,11929.6,-3.7,3.6,326.8,-51.7,2.9,195.1,0x20,405.000,3.6,4125,-1,2.3,-1,-1
2024-11-13T01:20:35.000Z,M20-305-2-00424,1415496035,43.96045,4.53969,11926.0,-3.7,3.3,333.0,-51.7,2.9,195.2,0x20,405.000,3.5,4125,-1,2.3,-1,-1
2024-11-13T01:20:36.000Z,M20-305-2-00424,1415496036,43.96048,4.53967,11922.3,-3.7,3.3,340.8,-51.7,2.8,195.3,0x20,405.000,8.1,4125,-1,2.3,-1,-1
2024-11-13T01:20:37.000Z,M20-305-2-00424,1415496037,43.96051,4.53966,11918.5,-3.7,3.4,349.7,-51.7,2.9,195.5,0x20,405.000,8.1,4125,-1,2.3,-1,-1
2024-11-13T01:20:39.000Z,M20-305-2-00424,1415496039,43.96057,4.53965,11911.2,-3.6,4.0,5.0,-51.7,2.9,195.7,0x20,405.000,8.3,4125,-1,2.3,-1,-1
2024-11-13T01:20:40.000Z,M20-305-2-00424,1415496040,43.96061,4.53966,11907.5,-3.8,4.5,12.7,-51.6,2.9,195.8,0x20,405.000,8.3,4125,-1,2.3,-1,-1
2024-11-13T01:20:41.000Z,M20-305-2-00424,1415496041,43.96065,4.53968,11903.8,-3.9,4.9,13.9,-51.6,2.9,195.9,0x20,405.000,7.7,4125,-1,2.3,-1,-1
2024-11-13T01:20:42.000Z,M20-305-2-00424,1415496042,43.96070,4.53969,11899.9,-3.9,5.2,14.6,-51.6,2.9,196.0,0x20,405.000,7.7,4125,-1,2.3,-1,-1
2024-11-13T01:20:43.000Z,M20-305-2-00424,1415496043,43.96074,4.53971,11896.1,-3.8,5.5,14.9,-51.6,2.9,196.2,0x20,405.000,11.6,4125,-1,2.3,-1,-1
2024-11-13T01:20:44.000Z,M20-305-2-00424,1415496044,43.96079,4.53973,11892.4,-3.5,6.2,15.8,-51.5,2.9,196.3,0x20,405.000,11.6,4125,-1,2.3,-1,-1
2024-11-13T01:20:45.000Z,M20-305-2-00424,1415496045,43.96085,4.53975,11888.9,-3.5,7.0,16.6,-51.5,2.9,196.4,0x20,405.000,10.3,4125,-1,2.3,-1,-1
2024-11-13T01:20:46.000Z,M20-305-2-00424,1415496046,43.96091,4.53978,11885.4,-3.6,7.8,17.0,-51.6,2.9,196.5,0x20,405.000,10.3,4125,-1,2.3,-1,-1
2024-11-13T01:20:47.000Z,M20-305-2-00424,1415496047,43.96099,4.53981,11882.0,-3.6,8.8,16.3,-51.7,2.9,196.6,0x20,405.000,4.0,4125,-1,2.3,-1,-1
2024-11-13T01:20:48.000Z,M20-305-2-00424,1415496048,43.96107,4.53984,11878.2,-4.0,9.3,15.3,-51.7,2.9,196.7,0x20,405.000,4.3,4125,-1,2.3,-1,-1
2024-11-13T01:20:49.000Z,M20-305-2-00424,1415496049,43.96115,4.53987,11874.4,-3.9,9.9,14.2,-51.7,2.9,196.8,0x20,405.000,7.0,4125,-1,2.3,-1,-1
2024-11-13T01:20:50.000Z,M20-305-2-00424,1415496050,43.96124,4.53990,11870.4,-3.9,10.3,13.4,-51.7,2.9,196.9,0x20,405.000,9.4,4125,-1,2.3,-1,-1
2024-11-13T01:20:51.000Z,M20-305-2-00424,1415496051,43.96133,4.53993,11866.4,-4.1,10.5,12.1,-51.7,2.9,197.1,0x20,405.000,9.4,4125,-1,2.3,-1,-1
2024-11-13T01:20:52.000Z,M20-305-2-00424,1415496052,43.96142,4.53995,11862.5,-3.9,10.8,9.9,-51.7,2.9,197.2,0x20,405.000,9.5,4125,-1,2.3,-1,-1
2024-11-13T01:20:53.000Z,M20-305-2-00424,1415496053,43.96152,4.53997,11858.5,-4.0,10.8,7.1,-51.8,2.9,197.3,0x20,405.000,9.5,4125,-1,2.3,-1,-1
2024-11-13T01:20:54.000Z,M20-305-2-00424,1415496054,43.96162,4.53999,11854.6,-3.8,11.1,3.9,-51.9,2.9,197.5,0x20,405.000,8.5,4125,-1,2.3,-1,-1
2024-11-13T01:20:55.000Z,M20-305-2-00424,1415496055,43.96172,4.53999,11850.8,-3.6,11.4,0.2,-51.9,2.9,197.6,0x20,405.000,8.4,4125,-1,2.3,-1,-1
2024-11-13T01:20:57.000Z,M20-305-2-00424,1415496057,43.96193,4.53997,11843.2,-4.0,12.3,352.1,-51.9,2.9,197.8,0x20,405.000,7.7,4125,-1,2.3,-1,-1
2024-11-13T01:20:59.000Z,M20-305-2-00424,1415496059,43.96216,4.53991,11835.2,-3.9,13.0,346.7,-51.9,2.9,198.0,0x20,405.000,4.3,4125,-1,2.3,-1,-1
2024-11-13T01:21:01.000Z,M20-305-2-00424,1415496061,43.96238,4.53983,11827.1,-3.9,12.9,342.4,-51.9,3.0,198.3,0x20,405.000,3.8,4125,-1,2.3,-1,-1
2024-11-13T01:21:02.000Z,M20-305-2-00424,1415496062,43.96249,4.53977,11823.1,-4.0,12.5,340.1,-51.9,3.0,198.4,0x20,405.000,4.2,4125,-1,2.3,-1,-1
2024-11-13T01:21:03.000Z,M20-305-2-00424,1415496063,43.96259,4.53972,11819.1,-3.8,12.2,337.5,-52.0,2.9,198.5,0x20,405.000,6.9,4125,-1,2.3,-1,-1
2024-11-13T01:21:04.000Z,M20-305-2-00424,1415496064,43.96269,4.53966,11815.3,-3.9,11.6,335.2,-51.9,3.0,198.6,0x20,405.000,6.9,4125,-1,2.3,-1,-1
2024-11-13T01:21:05.000Z,M20-305-2-00424,1415496065,43.96278,4.53960,11811.3,-3.9,11.0,332.2,-52.0,2.9,198.8,0x20,405.000,6.9,4125,-1,2.3,-1,-1
2024-11-13T01:21:06.000Z,M20-305-2-00424,1415496066,43.96286,4.53953,11807.3,-4.0,10.6,330.3,-52.0,2.9,198.9,0x20,405.000,8.3,4125,-1,2.3,-1,-1
2024-11-13T01:21:07.000Z,M20-305-2-00424,1415496067,43.96294,4.53946,11803.3,-3.9,10.3,328.0,-52.1,2.9,199.0,0x20,405.000,8.3,4125,-1,2.3,-1,-1
2024-11-13T01:21:08.000Z,M20-305-2-00424,1415496068,43.96302,4.53940,11799.4,-3.9,9.7,326.6,-52.1,3.0,199.1,0x20,405.000,8.7,4125,-1,2.3,-1,-1
2024-11-13T01:21:09.000Z,M20-305-2-00424,1415496069,43.96308,4.53933,11795.7,-3.7,9.0,324.5,-52.1,2.9,199.2,0x20,405.000,9.0,4125,-1,2.3,-1,-1
2024-11-13T01:21:10.000Z,M20-305-2-00424,1415496070,43.96315,4.53927,11792.0,-3.8,8.1,325.4,-52.1,2.9,199.3,0x20,405.000,9.0,4125,-1,2.3,-1,-1
2024-11-13T01:21:11.000Z,M20-305-2-00424,1415496071,43.96320,4.53922,11788.2,-3.7,7.3,328.3,-52.1,3.0,199.5,0x20,405.000,8.3,4125,-1,2.3,-1,-1
2024-11-13T01:21:12.000Z,M20-305-2-00424,1415496072,43.96326,4.53918,11784.2,-3.9,6.7,331.5,-52.2,3.0,199.6,0x20,405.000,7.0,4125,-1,2.3,-1,-1
2024-11-13T01:21:13.000Z,M20-305-2-00424,1415496073,43.96331,4.53914,11780.5,-3.8,6.4,337.9,-52.2,2.9,199.7,0x20,405.000,3.1,4125,-1,2.3,-1,-1
2024-11-13T01:21:14.000Z,M20-305-2-00424,1415496074,43.96337,4.53911,11776.6,-3.9,6.3,341.8,-52.2,3.0,199.8,0x20,405.000,3.7,4125,-1,2.3,-1,-1
2024-11-13T01:21:15.000Z,M20-305-2-00424,1415496075,43.96342,4.53909,11772.8,-4.0,6.4,347.1,-52.2,2.9,199.9,0x20,405.000,4.2,4125,-1,2.3,-1,-1
2024-11-13T01:21:16.000Z,M20-305-2-00424,1415496076,43.96348,4.53907,11768.9,-4.2,6.6,350.1,-52.2,3.0,200.1,0x20,405.000,8.1,4125,-1,2.3,-1,-1
2024-11-13T01:21:17.000Z,M20-305-2-00424,1415496077,43.96354,4.53906,11764.9,-4.1,6.9,351.9,-52.2,2.9,200.2,0x20,405.000,8.3,4125,-1,2.3,-1,-1
2024-11-13T01:21:18.000Z,M20-305-2-00424,1415496078,43.96360,4.53905,11761.0,-3.9,7.0,353.3,-52.2,2.9,200.3,0x20,405.000,8.6,4125,-1,2.3,-1,-1
2024-11-13T01:21:19.000Z,M20-305-2-00424,1415496079,43.96366,4.53904,11757.2,-3.9,7.4,354.7,-52.2,2.9,200.4,0x20,405.000,8.6,4125,-1,2.3,-1,-1
2024-11-13T01:21:20.000Z,M20-305-2-00424,1415496080,43.96373,4.53903,11753.2,-4.0,7.9,356.2,-52.2,3.0,200.6,0x20,405.000,8.5,4125,-1,2.3,-1,-1
2024-11-13T01:21:21.000Z,M20-305-2-00424,1415496081,43.96381,4.53902,11749.3,-3.9,8.4,356.9,-52.2,3.0,200.7,0x20,405.000,8.3,4125,-1,2.3,-1,-1
2024-11-13T01:21:22.000Z,M20-305-2-00424,1415496082,43.96389,4.53902,11745.5,-3.8,9.0,357.2,-52.2,3.0,200.8,0x20,405.000,8.2,4125,-1,2.3,-1,-1
2024-11-13T01:21:23.000Z,M20-305-2-00424,1415496083,43.96397,4.53901,11741.8,-3.7,9.7,357.3,-52.2,3.0,200.9,0x20,405.000,8.6,4125,-1,2.3,-1,-1
2024-11-13T01:21:24.000Z,M20-305-2-00424,1415496084,43.96406,4.53901,11738.1,-3.7,10.7,355.9,-52.1,3.0,201.0,0x20,405.000,8.6,4125,-1,2.3,-1,-1
2024-11-13T01:21:25.000Z,M20-305-2-00424,1415496085,43.96416,4.53899,11734.3,-3.8,11.5,354.6,-52.1,3.0,201.2,0x20,405.000,8.5,4125,-1,2.3,-1,-1
2024-11-13T01:21:26.000Z,M20-305-2-00424,1415496086,43.96427,4.53898,11730.5,-4.0,12.2,353.1,-52.1,3.0,201.3,0x20,405.000,3.7,4125,-1,2.3,-1,-1
2024-11-13T01:21:27.000Z,M20-305-2-00424,1415496087,43.96438,4.53896,11726.6,-4.2,12.6,351.8,-52.1,3.0,201.4,0x20,405.000,4.0,4125,-1,2.3,-1,-1
2024-11-13T01:21:28.000Z,M20-305-2-00424,1415496088,43.96449,4.53894,11722.6,-4.1,12.4,351.2,-52.0,3.0,201.5,0x20,405.000,4.3,4125,-1,2.3,-1,-1
2024-11-13T01:21:29.000Z,M20-305-2-00424,1415496089,43.96460,4.53891,11718.8,-3.9,12.1,351.3,-52.0,3.0,201.6,0x20,405.000,7.8,4125,-1,2.3,-1,-1
2024-11-13T01:21:30.000Z,M20-305-2-00424,1415496090,43.96471,4.53889,11715.0,-4.0,11.9,351.3,-51.9,3.0,201.8,0x20,405.000,7.8,4125,-1,2.3,-1,-1
2024-11-13T01:21:31.000Z,M20-305-2-00424,1415496091,43.96481,4.53887,11711.2,-4.0,11.8,351.4,-51.9,3.0,201.9,0x20,405.000,7.4,4125,-1,2.3,-1,-1
2024-11-13T01:21:32.000Z,M20-305-2-00424,1415496092,43.96491,4.53885,11707.4,-4.0,11.8,351.3,-51.9,3.0,202.0,0x20,405.000,7.3,4125,-1,2.3,-1,-1
2024-11-13T01:21:33.000Z,M20-305-2-00424,1415496093,43.96502,4.53882,11703.7,-3.9,11.8,349.9,-51.8,3.0,202.1,0x20,405.000,7.3,4125,-1,2.3,-1,-1
2024-11-13T01:21:34.000Z,M20-305-2-00424,1415496094,43.96512,4.53879,11699.7,-4.0,11.8,348.8,-51.8,3.0,202.2,0x20,405.000,6.4,4125,-1,2.3,-1,-1
2024-11-13T01:21:52.000Z,M20-305-2-00424,1415496112,43.96672,4.53755,11631.9,-3.8,9.4,316.9,-52.0,3.1,204.4,0x20,405.000,4.0,4125,-1,2.3,-1,-1
2024-11-13T01:21:55.000Z,M20-305-2-00424,1415496115,43.96691,4.53731,11620.6,-3.8,9.4,316.9,-52.0,3.1,204.7,0x20,405.000,5.9,4125,-1,2.3,-1,-1
2024-11-13T01:27:18.000Z,M20-305-2-00424,1415496438,43.99387,4.51897,10499.8,-3.0,14.8,326.9,-57.5,12.8,244.6,0x20,405.000,6.7,4125,-1,1.1,-1,-1
2024-11-13T01:28:29.000Z,M20-305-2-00424,1415496509,43.99815,4.51206,10263.7,-2.8,8.3,292.4,-56.8,26.9,253.8,0x20,405.000,6.8,4125,-1,1.1,-1,-1
2024-11-13T01:28:34.000Z,M20-305-2-00424,1415496514,43.99825,4.51165,10248.7,-3.3,5.3,285.5,-56.9,27.6,254.5,0x20,405.000,6.1,4125,-1,1.1,-1,-1
2024-11-13T01:28:38.000Z,M20-305-2-00424,1415496518,43.99830,4.51142,10234.9,-3.1,4.1,290.4,-56.2,28.5,255.0,0x20,405.000,5.2,4125,-1,1.1,-1,-1
2024-11-13T01:29:23.000Z,M20-305-2-00424,1415496563,43.99999,4.50945,10098.5,-2.9,1.4,342.2,-55.9,34.1,260.7,0x20,405.000,6.4,4125,-1,1.1,-1,-1
2024-11-13T01:29:26.000Z,M20-305-2-00424,1415496566,44.00005,4.50948,10089.5,-3.0,3.6,33.6,-56.3,34.0,261.0,0x20,405.000,6.7,4125,-1,1.1,-1,-1
2024-11-13T01:29:29.000Z,M20-305-2-00424,1415496569,44.00015,4.50957,10080.5,-3.1,5.5,25.6,-56.0,34.4,261.4,0x20,405.000,5.4,4125,-1,1.1,-1,-1
2024-11-13T01:29:32.000Z,M20-305-2-00424,1415496572,44.00028,4.50965,10072.6,-2.7,4.8,29.1,-56.2,34.8,261.7,0x20,405.000,7.4,4125,-1,1.1,-1,-1
2024-11-13T01:29:33.000Z,M20-305-2-00424,1415496573,44.00032,4.50968,10069.7,-2.9,4.4,33.4,-55.6,35.2,261.9,0x20,405.000,7.4,4125,-1,1.1,-1,-1
2024-11-13T01:29:38.000Z,M20-305-2-00424,1415496578,44.00050,4.50981,10056.1,-2.9,6.0,13.1,-55.7,35.4,262.4,0x20,405.000,6.7,4125,-1,1.1,-1,-1
2024-11-13T01:29:39.000Z,M20-305-2-00424,1415496579,44.00056,4.50983,10053.4,-2.9,6.9,3.8,-56.5,35.5,262.6,0x20,405.000,7.1,4125,-1,1.2,-1,-1
2024-11-13T01:29:40.000Z,M20-305-2-00424,1415496580,44.00062,4.50983,10050.0,-3.1,7.1,357.9,-55.7,35.6,262.7,0x20,405.000,7.1,4125,-1,1.1,-1,-1
2024-11-13T01:29:41.000Z,M20-305-2-00424,1415496581,44.00069,4.50982,10046.6,-2.8,7.3,354.6,-55.3,35.8,262.8,0x20,405.000,6.9,4125,-1,1.1,-1,-1
2024-11-13T01:29:44.000Z,M20-305-2-00424,1415496584,44.00087,4.50976,10038.2,-3.0,6.3,339.3,-55.3,36.4,263.2,0x20,405.000,6.8,4125,-1,1.1,-1,-1
2024-11-13T01:29:49.000Z,M20-305-2-00424,1415496589,44.00108,4.50960,10024.7,-2.6,4.5,331.2,-55.4,36.8,263.8,0x20,405.000,7.8,4125,-1,1.1,-1,-1
2024-11-13T01:29:50.000Z,M20-305-2-00424,1415496590,44.00112,4.50957,10022.0,-2.8,4.3,331.0,-55.4,37.2,263.9,0x20,405.000,7.8,4125,-1,1.1,-1,-1
2024-11-13T01:29:52.000Z,M20-305-2-00424,1415496592,44.00118,4.50952,10016.4,-2.9,3.7,334.0,-55.5,37.3,264.1,0x20,405.000,8.8,4125,-1,1.1,-1,-1
2024-11-13T01:30:04.000Z,M20-305-2-00424,1415496604,44.00132,4.50967,9979.8,-3.1,2.9,59.5,-54.9,38.9,265.6,0x20,405.000,7.2,4125,-1,1.1,-1,-1
2024-11-13T01:30:05.000Z,M20-305-2-00424,1415496605,44.00134,4.50970,9976.3,-3.0,3.7,64.1,-55.2,38.5,265.8,0x20,405.000,7.6,4125,-1,1.1,-1,-1
2024-11-13T01:30:08.000Z,M20-305-2-00424,1415496608,44.00138,4.50986,9967.7,-2.9,5.1,67.3,-55.2,38.9,266.2,0x20,405.000,6.2,4125,-1,1.1,-1,-1
2024-11-13T01:30:09.000Z,M20-305-2-00424,1415496609,44.00140,4.50993,9964.7,-2.8,5.4,67.6,-55.2,39.2,266.3,0x20,405.000,5.7,4125,-1,1.1,-1,-1
2024-11-13T01:30:11.000Z,M20-305-2-00424,1415496611,44.00144,4.51006,9958.7,-2.9,5.6,64.6,-55.3,39.1,266.5,0x20,405.000,6.2,4125,-1,1.1,-1,-1
2024-11-13T01:30:12.000Z,M20-305-2-00424,1415496612,44.00147,4.51012,9956.2,-2.6,5.9,62.0,-55.0,39.5,266.6,0x20,405.000,7.8,4125,-1,1.1,-1,-1
2024-11-13T01:30:14.000Z,M20-305-2-00424,1415496614,44.00152,4.51025,9950.3,-2.7,6.2,56.6,-55.2,39.5,266.9,0x20,405.000,8.0,4125,-1,1.1,-1,-1
2024-11-13T01:30:17.000Z,M20-305-2-00424,1415496617,44.00162,4.51044,9942.3,-2.8,6.7,52.8,-55.1,39.8,267.2,0x20,405.000,6.7,4125,-1,1.2,-1,-1
2024-11-13T01:30:19.000Z,M20-305-2-00424,1415496619,44.00170,4.51058,9936.3,-3.2,7.4,47.6,-54.8,39.8,267.5,0x20,405.000,8.2,4125,-1,1.1,-1,-1
2024-11-13T01:30:21.000Z,M20-305-2-00424,1415496621,44.00180,4.51071,9930.0,-3.4,8.0,42.9,-54.9,40.1,267.7,0x20,405.000,6.1,4125,-1,1.1,-1,-1
2024-11-13T01:30:23.000Z,M20-305-2-00424,1415496623,44.00191,4.51084,9923.8,-2.2,8.1,38.6,-54.8,40.2,268.0,0x20,405.000,5.6,4125,-1,1.1,-1,-1
2024-11-13T01:30:25.000Z,M20-305-2-00424,1415496625,44.00203,4.51096,9919.0,-2.5,8.0,38.6,-54.9,40.2,268.2,0x20,405.000,8.0,4125,-1,1.2,-1,-1
2024-11-13T01:30:27.000Z,M20-305-2-00424,1415496627,44.00214,4.51108,9914.4,-2.9,8.0,41.0,-54.8,40.3,268.4,0x20,405.000,6.5,4125,-1,1.1,-1,-1
2024-11-13T01:30:29.000Z,M20-305-2-00424,1415496629,44.00225,4.51121,9908.6,-2.9,8.5,42.7,-54.7,40.6,268.6,0x20,405.000,9.4,4125,-1,1.1,-1,-1
2024-11-13T01:30:31.000Z,M20-305-2-00424,1415496631,44.00236,4.51136,9903.6,-2.6,9.2,44.7,-54.7,40.5,268.9,0x20,405.000,6.2,4125,-1,1.1,-1,-1
2024-11-13T01:30:33.000Z,M20-305-2-00424,1415496633,44.00248,4.51153,9897.4,-2.9,9.4,46.1,-54.8,40.7,269.1,0x20,405.000,7.1,4125,-1,1.2,-1,-1
2024-11-13T01:30:36.000Z,M20-305-2-00424,1415496636,44.00267,4.51176,9889.1,-2.5,9.3,34.9,-54.5,41.0,269.5,0x20,405.000,5.7,4125,-1,1.1,-1,-1
2024-11-13T01:30:39.000Z,M20-305-2-00424,1415496639,44.00288,4.51191,9881.2,-2.8,8.3,19.7,-54.6,41.2,269.8,0x20,405.000,6.5,4125,-1,1.1,-1,-1
2024-11-13T01:30:42.000Z,M20-305-2-00424,1415496642,44.00308,4.51199,9872.1,-2.9,7.0,17.1,-54.8,41.4,270.2,0x20,405.000,7.1,4125,-1,1.2,-1,-1
2024-11-13T01:30:45.000Z,M20-305-2-00424,1415496645,44.00325,4.51207,9863.2,-2.2,6.7,19.7,-54.7,41.8,270.6,0x20,405.000,8.2,4125,-1,1.1,-1,-1
2024-11-13T01:30:46.000Z,M20-305-2-00424,1415496646,44.00330,4.51210,9860.4,-2.9,6.7,21.2,-54.6,41.9,270.7,0x20,405.000,5.8,4125,-1,1.1,-1,-1
2024-11-13T01:30:47.000Z,M20-305-2-00424,1415496647,44.00336,4.51213,9857.8,-2.4,6.6,21.9,-54.7,42.0,270.8,0x20,405.000,6.2,4125,-1,1.2,-1,-1
2024-11-13T01:30:50.000Z,M20-305-2-00424,1415496650,44.00351,4.51222,9849.8,-2.4,5.4,31.4,-54.7,42.2,271.2,0x20,405.000,6.1,4125,-1,1.1,-1,-1
2024-11-13T01:30:51.000Z,M20-305-2-00424,1415496651,44.00355,4.51226,9847.4,-2.5,5.3,39.2,-54.6,42.4,271.3,0x20,405.000,6.5,4125,-1,1.1,-1,-1
2024-11-13T01:30:52.000Z,M20-305-2-00424,1415496652,44.00358,4.51231,9844.7,-2.6,5.0,49.0,-54.6,42.5,271.4,0x20,405.000,7.7,4125,-1,1.1,-1,-1
2024-11-13T01:30:53.000Z,M20-305-2-00424,1415496653,44.00361,4.51236,9841.3,-2.9,5.5,54.5,-54.7,42.5,271.5,0x20,405.000,7.7,4125,-1,1.2,-1,-1
2024-11-13T01:30:54.000Z,M20-305-2-00424,1415496654,44.00364,4.51242,9838.8,-2.7,5.7,59.7,-54.6,42.6,271.6,0x20,405.000,6.7,4125,-1,1.1,-1,-1
2024-11-13T01:30:55.000Z,M20-305-2-00424,1415496655,44.00366,4.51248,9835.6,-3.0,6.1,59.8,-54.6,42.7,271.8,0x20,405.000,6.0,4125,-1,1.1,-1,-1
2024-11-13T01:30:58.000Z,M20-305-2-00424,1415496658,44.00375,4.51267,9827.8,-2.4,6.0,54.6,-54.5,42.9,272.1,0x20,405.000,6.8,4125,-1,1.1,-1,-1
2024-11-13T01:30:59.000Z,M20-305-2-00424,1415496659,44.00379,4.51274,9825.0,-2.7,6.2,50.5,-54.6,43.1,272.2,0x20,405.000,7.1,4125,-1,1.1,-1,-1
2024-11-13T01:31:00.000Z,M20-305-2-00424,1415496660,44.00382,4.51279,9822.3,-2.7,5.9,51.3,-54.5,43.2,272.4,0x20,405.000,7.1,4125,-1,1.2,-1,-1
2024-11-13T01:31:02.000Z,M20-305-2-00424,1415496662,44.00389,4.51291,9816.8,-2.8,6.4,53.1,-54.5,43.3,272.6,0x20,405.000,5.9,4125,-1,1.1,-1,-1
2024-11-13T01:31:04.000Z,M20-305-2-00424,1415496664,44.00397,4.51305,9812.0,-2.4,7.1,59.8,-54.5,43.5,272.9,0x20,405.000,5.8,4125,-1,1.1,-1,-1
2024-11-13T01:31:05.000Z,M20-305-2-00424,1415496665,44.00400,4.51313,9809.2,-2.5,8.0,60.9,-54.5,43.6,273.0,0x20,405.000,6.7,4125,-1,1.1,-1,-1
2024-11-13T01:31:06.000Z,M20-305-2-00424,1415496666,44.00403,4.51322,9806.7,-2.7,8.4,63.4,-54.4,43.6,273.1,0x20,405.000,7.5,4125,-1,1.1,-1,-1
2024-11-13T01:31:07.000Z,M20-305-2-00424,1415496667,44.00407,4.51332,9803.4,-2.4,9.3,61.7,-54.5,43.8,273.2,0x20,405.000,7.7,4125,-1,1.1,-1,-1
2024-11-13T01:31:08.000Z,M20-305-2-00424,1415496668,44.00411,4.51343,9800.6,-2.7,9.7,61.3,-54.5,43.8,273.3,0x20,405.000,7.7,4125,-1,1.1,-1,-1
2024-11-13T01:31:10.000Z,M20-305-2-00424,1415496670,44.00421,4.51365,9792.8,-2.6,10.4,59.1,-54.5,44.0,273.6,0x20,405.000,8.4,4125,-1,1.1,-1,-1
2024-11-13T01:31:12.000Z,M20-305-2-00424,1415496672,44.00431,4.51387,9787.3,-2.6,10.4,57.8,-53.7,44.5,273.8,0x20,405.000,6.2,4125,-1,1.1,-1,-1
2024-11-13T01:31:23.000Z,M20-305-2-00424,1415496683,44.00498,4.51516,9757.6,-2.5,13.5,48.9,-54.7,45.2,275.1,0x20,405.000,6.6,4125,-1,1.1,-1,-1
2024-11-13T01:31:28.000Z,M20-305-2-00424,1415496688,44.00545,4.51573,9744.4,-2.8,14.4,33.9,-54.8,45.4,275.8,0x20,405.000,5.0,4125,-1,1.1,-1,-1
2024-11-13T01:31:29.000Z,M20-305-2-00424,1415496689,44.00556,4.51583,9741.7,-2.7,14.2,31.6,-54.7,45.6,275.9,0x20,405.000,5.0,4125,-1,1.1,-1,-1
2024-11-13T01:31:32.000Z,M20-305-2-00424,1415496692,44.00588,4.51608,9734.0,-2.6,13.2,29.6,-54.4,46.0,276.2,0x20,405.000,7.6,4125,-1,1.1,-1,-1
2024-11-13T01:31:35.000Z,M20-305-2-00424,1415496695,44.00618,4.51631,9726.6,-2.4,12.6,28.9,-54.7,46.4,276.6,0x20,405.000,7.1,4125,-1,1.1,-1,-1
2024-11-13T01:31:38.000Z,M20-305-2-00424,1415496698,44.00647,4.51652,9718.1,-3.0,11.8,27.0,-54.0,46.8,276.9,0x20,405.000,6.3,4125,-1,1.1,-1,-1
2024-11-13T01:31:40.000Z,M20-305-2-00424,1415496700,44.00665,4.51666,9711.9,-2.9,10.8,30.4,-54.0,47.3,277.2,0x20,405.000,5.8,4125,-1,1.1,-1,-1
2024-11-13T01:31:43.000Z,M20-305-2-00424,1415496703,44.00689,4.51687,9701.9,-3.2,10.6,34.7,-54.5,47.4,277.6,0x20,405.000,6.2,4125,-1,1.1,-1,-1
2024-11-13T01:31:46.000Z,M20-305-2-00424,1415496706,44.00712,4.51710,9692.5,-3.3,10.6,36.1,-53.6,47.7,278.0,0x20,405.000,7.0,4125,-1,1.1,-1,-1
2024-11-13T01:31:49.000Z,M20-305-2-00424,1415496709,44.00735,4.51735,9681.8,-3.3,11.0,42.7,-54.7,48.1,278.5,0x20,405.000,6.0,4125,-1,1.1,-1,-1
2024-11-13T01:31:55.000Z,M20-305-2-00424,1415496715,44.00782,4.51803,9659.9,-3.2,14.8,50.7,-54.6,48.6,279.4,0x20,405.000,4.1,4125,-1,1.1,-1,-1
2024-11-13T01:32:03.000Z,M20-305-2-00424,1415496723,44.00864,4.51930,9636.5,-3.4,18.9,43.5,-54.8,49.4,280.5,0x20,405.000,6.5,4125,-1,1.1,-1,-1
2024-11-13T01:32:04.000Z,M20-305-2-00424,1415496724,44.00876,4.51947,9633.5,-2.8,18.8,42.2,-54.8,49.3,280.6,0x20,405.000,6.5,4125,-1,1.2,-1,-1
2024-11-13T01:32:07.000Z,M20-305-2-00424,1415496727,44.00914,4.51992,9625.1,-2.6,18.7,39.6,-54.6,49.6,281.0,0x20,405.000,5.9,4125,-1,1.3,-1,-1
2024-11-13T01:32:10.000Z,M20-305-2-00424,1415496730,44.00954,4.52034,9616.5,-3.1,18.2,35.3,-54.7,49.9,281.4,0x20,405.000,5.2,4125,-1,1.1,-1,-1
2024-11-13T01:32:24.000Z,M20-305-2-00424,1415496744,44.01131,4.52188,9575.9,-2.7,16.1,35.2,-54.4,52.0,283.2,0x20,405.000,4.8,4125,-1,1.1,-1,-1
2024-11-13T01:32:31.000Z,M20-305-2-00424,1415496751,44.01208,4.52282,9557.3,-2.8,16.7,44.6,-54.7,52.7,284.1,0x20,405.000,5.5,4125,-1,1.3,-1,-1
2024-11-13T01:32:40.000Z,M20-305-2-00424,1415496760,44.01312,4.52431,9530.8,-3.1,20.6,45.1,-54.4,53.9,285.3,0x20,405.000,5.7,4125,-1,1.1,-1,-1
2024-11-13T01:32:49.000Z,M20-305-2-00424,1415496769,44.01443,4.52593,9504.2,-2.9,22.1,39.4,-55.0,55.3,286.5,0x20,405.000,5.6,4125,-1,1.2,-1,-1
2024-11-13T01:32:51.000Z,M20-305-2-00424,1415496771,44.01475,4.52627,9498.2,-2.8,22.1,36.5,-54.5,56.0,286.7,0x20,405.000,6.2,4125,-1,1.1,-1,-1
2024-11-13T01:32:52.000Z,M20-305-2-00424,1415496772,44.01491,4.52642,9495.8,-2.9,22.1,34.6,-54.9,56.1,286.9,0x20,405.000,6.2,4125,-1,1.1,-1,-1
2024-11-13T01:32:53.000Z,M20-305-2-00424,1415496773,44.01507,4.52658,9492.9,-2.8,21.9,33.2,-54.8,56.3,287.0,0x20,405.000,6.4,4125,-1,1.1,-1,-1
2024-11-13T01:32:56.000Z,M20-305-2-00424,1415496776,44.01557,4.52701,9484.0,-2.8,21.6,31.5,-54.2,56.9,287.4,0x20,405.000,7.3,4125,-1,1.1,-1,-1
2024-11-13T01:32:57.000Z,M20-305-2-00424,1415496777,44.01573,4.52715,9481.1,-2.8,21.5,31.3,-54.9,57.0,287.5,0x20,405.000,7.3,4125,-1,1.1,-1,-1
2024-11-13T01:32:58.000Z,M20-305-2-00424,1415496778,44.01590,4.52729,9478.3,-2.6,21.4,31.7,-54.7,57.3,287.6,0x20,405.000,5.6,4125,-1,1.1,-1,-1
2024-11-13T01:32:59.000Z,M20-305-2-00424,1415496779,44.01606,4.52743,9475.6,-2.9,21.4,31.9,-54.7,57.6,287.7,0x20,405.000,5.6,4125,-1,1.1,-1,-1
2024-11-13T01:33:00.000Z,M20-305-2-00424,1415496780,44.01622,4.52757,9472.8,-2.7,21.2,31.7,-54.8,57.8,287.9,0x20,405.000,5.2,4125,-1,1.1,-1,-1
2024-11-13T01:33:01.000Z,M20-305-2-00424,1415496781,44.01639,4.52771,9469.9,-2.9,21.1,31.0,-54.1,58.0,288.0,0x20,405.000,5.0,4125,-1,1.1,-1,-1
2024-11-13T01:33:03.000Z,M20-305-2-00424,1415496783,44.01671,4.52797,9464.0,-2.8,20.8,29.9,-54.5,58.3,288.2,0x20,405.000,7.4,4125,-1,1.1,-1,-1
2024-11-13T01:33:04.000Z,M20-305-2-00424,1415496784,44.01688,4.52809,9461.8,-2.6,20.5,28.9,-54.0,58.5,288.4,0x20,405.000,7.4,4125,-1,1.1,-1,-1
2024-11-13T01:33:06.000Z,M20-305-2-00424,1415496786,44.01720,4.52833,9455.2,-2.8,19.8,28.6,-54.0,58.7,288.6,0x20,405.000,7.7,4125,-1,1.1,-1,-1
2024-11-13T01:33:08.000Z,M20-305-2-00424,1415496788,44.01751,4.52856,9449.2,-3.0,19.6,28.2,-53.9,59.2,288.9,0x20,405.000,6.7,4125,-1,1.1,-1,-1
