timestamp,serial,frame,lat,lon,alt,vel_v,vel_h,heading,temp,humidity,pressure,type,freq_mhz,snr,f_error_hz,sats,batt_v,burst_timer,aux_data
2024-01-25T12:15:57.000Z,U3460402,6305,46.21197,8.03119,26210.7,5.2,15.1,116.7,-273.0,-1.0,-1.0,RS41,404.500,8.8,187,8,2.6,-1,-1
2024-01-25T12:16:07.000Z,U3460402,6315,46.21129,8.03263,26266.1,6.8,13.1,118.9,-273.0,-1.0,-1.0,RS41,404.500,7.9,187,8,2.6,-1,-1
2024-01-25T12:16:16.000Z,U3460402,6324,46.21066,8.03395,26318.4,5.1,15.9,134.1,-273.0,-1.0,-1.0,RS41,404.500,8.9,187,9,2.6,-1,-1
2024-01-25T12:16:18.000Z,U3460402,6326,46.21047,8.03428,26330.0,6.1,16.6,125.0,-273.0,-1.0,-1.0,RS41,404.500,8.0,187,9,2.7,-1,-1
2024-01-25T12:16:20.000Z,U3460402,6328,46.21033,8.03463,26340.7,5.0,14.6,117.4,-273.0,-1.0,-1.0,RS41,404.500,8.0,187,9,2.6,-1,-1
2024-01-25T12:16:50.000Z,U3460402,6358,46.20746,8.03914,26513.1,6.4,15.1,121.7,-273.0,-1.0,-1.0,RS41-SG,404.500,7.0,187,9,2.6,-1,-1
2024-01-25T12:16:57.000Z,U3460402,6365,46.20688,8.03995,26549.4,5.5,15.6,143.7,-273.0,-1.0,-1.0,RS41-SG,404.500,10.7,187,9,2.6,-1,-1
2024-01-25T12:17:01.000Z,U3460402,6369,46.20649,8.04047,26570.6,4.9,15.0,128.4,-273.0,-1.0,-1.0,RS41-SG,404.500,8.2,187,9,2.6,-1,-1
2024-01-25T12:17:06.000Z,U3460402,6374,46.20613,8.04135,26598.2,5.6,13.7,120.2,-273.0,-1.0,-1.0,RS41-SG,404.500,7.9,187,9,2.6,-1,-1
2024-01-25T12:17:07.000Z,U3460402,6375,46.20606,8.04150,26603.1,4.1,12.3,122.6,-273.0,-1.0,-1.0,RS41-SG,404.500,8.6,187,9,2.6,-1,-1
2024-01-25T12:17:22.000Z,U3460402,6390,46.20482,8.04367,26684.7,6.9,13.0,113.4,-273.0,-1.0,-1.0,RS41-SG,404.500,9.1,187,9,2.6,-1,-1
2024-01-25T12:17:30.000Z,U3460402,6398,46.20408,8.04495,26728.1,4.2,19.7,132.4,-273.0,-1.0,-1.0,RS41-SG,404.500,7.8,187,9,2.7,-1,-1
2024-01-25T12:17:31.000Z,U3460402,6399,46.20397,8.04514,26732.9,5.5,18.6,128.5,-273.0,-1.0,-1.0,RS41-SG,404.500,7.1,187,9,2.6,-1,-1
2024-01-25T12:17:41.000Z,U3460402,6409,46.20340,8.04688,26782.6,4.3,15.8,126.8,-273.0,-1.0,-1.0,RS41-SG,404.500,9.0,187,9,2.6,-1,-1
2024-01-25T12:17:43.000Z,U3460402,6411,46.20319,8.04721,26791.6,5.6,18.9,134.3,-273.0,-1.0,-1.0,RS41-SG,404.500,8.3,187,9,2.6,-1,-1
2024-01-25T12:17:52.000Z,U3460402,6420,46.20248,8.04891,26833.3,5.7,15.2,114.1,-273.0,-1.0,-1.0,RS41-SG,404.500,7.9,187,9,2.6,-1,-1
2024-01-25T12:17:54.000Z,U3460402,6422,46.20234,8.04927,26841.9,4.3,17.5,125.5,-273.0,-1.0,-1.0,RS41-SG,404.500,8.8,187,9,2.7,-1,-1
2024-01-25T12:17:55.000Z,U3460402,6423,46.20224,8.04945,26846.3,4.8,18.2,132.5,-273.0,-1.0,-1.0,RS41-SG,404.500,8.6,187,9,2.7,-1,-1
2024-01-25T12:18:01.000Z,U3460402,6429,46.20154,8.05045,26874.2,4.3,19.1,123.3,-273.0,-1.0,-1.0,RS41-SG,404.500,8.2,187,9,2.6,-1,-1
2024-01-25T12:18:03.000Z,U3460402,6431,46.20139,8.05087,26883.5,5.7,17.2,110.4,-273.0,-1.0,-1.0,RS41-SG,404.500,8.7,187,9,2.7,-1,-1
2024-01-25T12:18:04.000Z,U3460402,6432,46.20134,8.05107,26888.5,4.3,15.9,107.7,-273.0,-1.0,-1.0,RS41-SG,404.500,8.7,187,9,2.7,-1,-1
2024-01-25T12:18:05.000Z,U3460402,6433,46.20130,8.05127,26892.1,2.8,15.0,105.5,-63.9,-1.0,-1.0,RS41-SG,404.500,8.2,187,9,2.6,-1,-1
2024-01-25T12:18:07.000Z,U3460402,6435,46.20123,8.05164,26901.6,5.9,16.1,106.2,-64.0,-1.0,-1.0,RS41-SG,404.500,8.1,187,9,2.6,-1,-1
2024-01-25T12:18:08.000Z,U3460402,6436,46.20118,8.05185,26906.2,3.4,17.0,108.0,-64.0,-1.0,-1.0,RS41-SG,404.500,8.9,187,9,2.7,-1,-1
2024-01-25T12:18:09.000Z,U3460402,6437,46.20113,8.05206,26909.9,3.9,17.7,112.2,-63.9,-1.0,-1.0,RS41-SG,404.500,8.9,187,9,2.7,-1,-1
2024-01-25T12:18:10.000Z,U3460402,6438,46.20106,8.05227,26914.5,5.6,18.1,117.5,-63.8,-1.0,-1.0,RS41-SG,404.500,8.9,187,9,2.7,-1,-1
2024-01-25T12:18:11.000Z,U3460402,6439,46.20098,8.05247,26919.7,4.5,18.0,121.7,-63.8,-1.0,-1.0,RS41-SG,404.500,9.0,187,9,2.6,-1,-1
2024-01-25T12:18:12.000Z,U3460402,6440,46.20089,8.05266,26924.1,4.2,18.3,125.1,-63.8,-1.0,-1.0,RS41-SG,404.500,9.0,187,9,2.6,-1,-1
2024-01-25T12:18:20.000Z,U3460402,6448,46.20018,8.05432,26961.6,6.4,17.0,113.0,-63.4,-1.0,-1.0,RS41-SG,404.500,8.1,187,9,2.6,-1,-1
2024-01-25T12:18:22.000Z,U3460402,6450,46.20006,8.05474,26970.0,3.5,18.5,113.3,-63.3,-1.0,-1.0,RS41-SG,404.500,9.4,187,9,2.6,-1,-1
2024-01-25T12:18:24.000Z,U3460402,6452,46.19991,8.05517,26979.3,4.2,18.5,119.6,-63.5,-1.0,-1.0,RS41-SG,404.500,8.1,187,9,2.7,-1,-1
2024-01-25T12:18:25.000Z,U3460402,6453,46.19982,8.05537,26983.0,3.4,19.0,124.4,-63.4,-1.0,-1.0,RS41-SG,404.500,8.3,187,9,2.7,-1,-1
2024-01-25T12:18:27.000Z,U3460402,6455,46.19960,8.05580,26991.0,3.9,22.3,126.8,-63.3,-1.0,-1.0,RS41-SG,404.500,7.2,187,9,2.6,-1,-1
2024-01-25T12:18:31.000Z,U3460402,6459,46.19920,8.05683,27007.6,4.0,21.4,109.9,-63.4,-1.0,-1.0,RS41-SG,404.500,9.0,187,9,2.6,-1,-1
2024-01-25T12:18:32.000Z,U3460402,6460,46.19914,8.05708,27011.1,3.0,19.7,106.9,-63.4,-1.0,-1.0,RS41-SG,404.500,9.1,187,9,2.6,-1,-1
2024-01-25T12:18:33.000Z,U3460402,6461,46.19909,8.05732,27014.3,3.5,17.7,107.2,-63.5,-1.0,-1.0,RS41-SG,404.500,9.2,187,9,2.7,-1,-1
2024-01-25T12:18:34.000Z,U3460402,6462,46.19904,8.05753,27018.3,4.6,16.8,112.0,-63.5,-1.0,-1.0,RS41-SG,404.500,10.0,187,9,2.7,-1,-1
2024-01-25T12:18:35.000Z,U3460402,6463,46.19897,8.05772,27023.3,5.2,17.3,118.3,-63.5,-1.0,-1.0,RS41-SG,404.500,10.1,187,9,2.6,-1,-1
2024-01-25T12:18:36.000Z,U3460402,6464,46.19889,8.05793,27028.0,4.2,18.7,122.6,-63.5,-1.0,-1.0,RS41-SG,404.500,10.1,187,9,2.6,-1,-1
2024-01-25T12:18:40.000Z,U3460402,6468,46.19849,8.05887,27044.7,4.2,22.2,116.6,-63.5,-1.0,-1.0,RS41-SG,404.500,7.9,187,9,2.7,-1,-1
2024-01-25T12:18:41.000Z,U3460402,6469,46.19841,8.05912,27048.6,3.7,21.4,115.0,-63.4,-1.0,-1.0,RS41-SG,404.500,8.7,187,9,2.6,-1,-1
2024-01-25T12:18:47.000Z,U3460402,6475,46.19788,8.06042,27074.7,4.1,20.4,121.7,-63.2,-1.0,-1.0,RS41-SG,404.500,8.3,187,9,2.6,-1,-1
2024-01-25T12:19:28.000Z,U3460402,6516,46.19399,8.06847,27275.2,6.6,19.5,138.2,-64.0,-1.0,-1.0,RS41-SG,404.500,8.0,187,9,2.6,-1,-1
2024-01-25T12:19:39.000Z,U3460402,6527,46.19261,8.07030,27338.2,5.1,18.5,119.3,-63.9,-1.0,-1.0,RS41-SG,404.500,8.0,187,9,2.6,-1,-1
2024-01-25T12:19:41.000Z,U3460402,6529,46.19245,8.07071,27350.1,7.1,17.9,118.2,-63.6,-1.0,-1.0,RS41-SG,404.500,7.3,187,9,2.7,-1,-1
2024-01-25T12:19:42.000Z,U3460402,6530,46.19237,8.07091,27356.1,5.1,17.2,119.9,-63.6,-1.0,-1.0,RS41-SG,404.500,10.3,187,9,2.6,-1,-1
2024-01-25T12:19:43.000Z,U3460402,6531,46.19229,8.07110,27361.6,5.8,17.0,121.9,-63.5,-1.0,-1.0,RS41-SG,404.500,10.3,187,9,2.6,-1,-1
2024-01-25T12:19:45.000Z,U3460402,6533,46.19211,8.07148,27374.6,5.8,18.9,129.0,-63.6,-1.0,-1.0,RS41-SG,404.500,6.8,187,9,2.7,-1,-1
2024-01-25T12:20:07.000Z,U3460402,6555,46.19012,8.07593,27516.2,5.4,20.7,121.1,-63.5,-1.0,-1.0,RS41-SG,404.500,8.9,187,9,2.6,-1,-1
2024-01-25T12:20:27.000Z,U3460402,6575,46.18826,8.08073,27655.0,8.1,17.7,113.4,-63.3,-1.0,-1.0,RS41-SG,404.500,9.0,187,9,2.6,-1,-1
2024-01-25T12:20:32.000Z,U3460402,6580,46.18779,8.08183,27694.1,8.3,26.2,120.0,-63.4,-1.0,-1.0,RS41-SG,404.500,7.4,187,9,2.6,-1,-1
2024-01-25T12:20:34.000Z,U3460402,6582,46.18756,8.08247,27707.7,6.6,29.5,116.2,-63.6,-1.0,-1.0,RS41-SG,404.500,8.4,187,9,2.7,-1,-1
2024-01-25T12:20:35.000Z,U3460402,6583,46.18744,8.08281,27715.6,9.4,29.0,115.2,-63.6,-1.0,-1.0,RS41-SG,404.500,7.7,187,9,2.7,-1,-1
2024-01-25T12:20:42.000Z,U3460402,6590,46.18671,8.08462,27772.2,8.6,20.5,125.9,-63.0,-1.0,-1.0,RS41-SG,404.500,7.7,187,9,2.6,-1,-1
2024-01-25T12:20:46.000Z,U3460402,6594,46.18621,8.08545,27804.3,8.2,23.2,130.8,-63.2,-1.0,-1.0,RS41-SG,404.500,7.2,187,9,2.6,-1,-1
2024-01-25T12:20:49.000Z,U3460402,6597,46.18582,8.08623,27828.1,7.1,25.9,121.2,-63.2,-1.0,-1.0,RS41-SG,404.500,7.5,187,9,2.7,-1,-1
2024-01-25T12:20:50.000Z,U3460402,6598,46.18570,8.08652,27836.4,9.7,25.1,121.0,-63.2,-1.0,-1.0,RS41-SG,404.500,8.0,187,9,2.7,-1,-1
2024-01-25T12:20:51.000Z,U3460402,6599,46.18558,8.08678,27845.9,9.6,23.9,123.3,-63.2,-1.0,-1.0,RS41-SG,404.500,9.5,187,9,2.7,-1,-1
2024-01-25T12:20:55.000Z,U3460402,6603,46.18509,8.08768,27877.0,8.9,21.9,130.8,-63.3,-1.0,-1.0,RS41-SG,404.500,8.3,187,9,2.7,-1,-1
2024-01-25T12:21:39.000Z,U3460402,6647,46.17894,8.09932,28195.0,5.1,28.8,126.0,-62.4,-1.0,-1.0,RS41-SG,404.500,8.0,187,9,2.6,-1,-1
2024-01-25T12:21:40.000Z,U3460402,6648,46.17879,8.09961,28200.4,6.0,27.9,128.2,-62.4,-1.0,-1.0,RS41-SG,404.500,8.0,187,9,2.7,-1,-1
2024-01-25T12:21:41.000Z,U3460402,6649,46.17864,8.09989,28207.0,7.5,26.5,127.8,-62.5,-1.0,-1.0,RS41-SG,404.500,7.8,187,9,2.7,-1,-1
2024-01-25T12:21:56.000Z,U3460402,6664,46.17680,8.10380,28296.5,6.7,22.2,121.2,-61.8,-1.0,-1.0,RS41-SG,404.500,8.1,187,9,2.7,-1,-1
2024-01-25T12:21:57.000Z,U3460402,6665,46.17670,8.10404,28302.0,4.4,21.5,119.2,-61.7,-1.0,-1.0,RS41-SG,404.500,8.1,187,9,2.6,-1,-1
2024-01-25T12:22:04.000Z,U3460402,6672,46.17596,8.10564,28341.0,5.1,23.2,124.2,-60.8,-1.0,-1.0,RS41-SG,404.500,7.2,187,9,2.7,-1,-1
2024-01-25T12:22:05.000Z,U3460402,6673,46.17584,8.10589,28345.6,4.1,23.5,124.6,-60.8,-1.0,-1.0,RS41-SG,404.500,8.0,187,9,2.7,-1,-1
2024-01-25T12:22:06.000Z,U3460402,6674,46.17572,8.10613,28350.7,6.0,23.2,127.3,-61.0,-1.0,-1.0,RS41-SG,404.500,8.0,187,9,2.7,-1,-1
2024-01-25T12:22:16.000Z,U3460402,6684,46.17439,8.10829,28403.4,4.3,21.0,132.0,-61.0,-1.0,-1.0,RS41-SG,404.500,7.9,187,9,2.6,-1,-1
2024-01-25T12:27:57.000Z,U3460402,7025,46.17676,8.17284,30114.7,8.7,20.5,85.8,-59.0,-1.0,-1.0,RS41-SG,404.500,7.5,187,9,2.7,-1,-1
2024-01-25T12:28:13.000Z,U3460402,7041,46.17730,8.17681,30261.6,8.1,20.9,81.2,-59.3,-1.0,-1.0,RS41-SG,404.500,8.7,187,9,2.7,-1,-1
2024-01-25T12:29:04.000Z,U3460402,7092,46.17765,8.19101,30767.7,7.4,24.4,85.8,-61.9,-1.0,-1.0,RS41-SG,404.500,7.6,187,9,2.6,-1,-1
2024-01-25T12:29:13.000Z,U3460402,7101,46.17751,8.19374,30844.7,8.4,23.3,96.5,-62.4,-1.0,-1.0,RS41-SG,404.500,9.0,187,9,2.7,-1,-1
2024-01-25T12:29:16.000Z,U3460402,7104,46.17742,8.19460,30869.9,7.2,21.9,99.0,-62.6,-1.0,-1.0,RS41-SG,404.500,10.0,187,9,2.6,-1,-1
2024-01-25T12:29:19.000Z,U3460402,7107,46.17736,8.19548,30895.1,6.3,24.2,93.1,-62.5,-1.0,-1.0,RS41-SG,404.500,8.6,187,9,2.7,-1,-1
2024-01-25T12:29:22.000Z,U3460402,7110,46.17730,8.19643,30917.4,8.0,24.4,99.6,-62.4,-1.0,-1.0,RS41-SG,404.500,8.1,187,9,2.6,-1,-1
2024-01-25T12:29:23.000Z,U3460402,7111,46.17726,8.19674,30924.5,5.9,23.9,103.5,-62.3,-1.0,-1.0,RS41-SG,404.500,10.3,187,9,2.7,-1,-1
2024-01-25T12:29:25.000Z,U3460402,7113,46.17714,8.19734,30936.4,6.4,24.6,108.5,-62.4,-1.0,-1.0,RS41-SG,404.500,8.3,187,9,2.6,-1,-1
2024-01-25T12:29:29.000Z,U3460402,7117,46.17689,8.19864,30963.4,6.0,26.4,99.2,-62.4,-1.0,-1.0,RS41-SG,404.500,8.3,187,9,2.6,-1,-1
2024-01-25T12:29:30.000Z,U3460402,7118,46.17686,8.19897,30969.3,5.8,24.9,95.5,-62.4,-1.0,-1.0,RS41-SG,404.500,10.1,187,9,2.6,-1,-1
2024-01-25T12:29:31.000Z,U3460402,7119,46.17685,8.19927,30975.5,6.5,23.0,91.6,-62.4,-1.0,-1.0,RS41-SG,404.500,10.1,187,9,2.6,-1,-1
2024-01-25T12:29:32.000Z,U3460402,7120,46.17685,8.19956,30982.0,6.6,21.1,89.6,-62.4,-1.0,-1.0,RS41-SG,404.500,11.0,187,8,2.7,-1,-1
2024-01-25T12:29:33.000Z,U3460402,7121,46.17685,8.19982,30987.9,5.4,20.0,92.0,-62.5,-1.0,-1.0,RS41-SG,404.500,11.0,187,9,2.7,-1,-1
2024-01-25T12:29:34.000Z,U3460402,7122,46.17683,8.20008,30993.9,6.2,20.4,96.5,-62.4,-1.0,-1.0,RS41-SG,404.500,10.9,187,9,2.7,-1,-1
2024-01-25T12:29:35.000Z,U3460402,7123,46.17680,8.20036,31000.7,7.2,22.6,102.4,-62.4,-1.0,-1.0,RS41-SG,404.500,10.9,187,9,2.6,-1,-1
2024-01-25T12:29:36.000Z,U3460402,7124,46.17675,8.20066,31007.8,6.6,25.6,105.5,-62.3,-1.0,-1.0,RS41-SG,404.500,10.7,187,9,2.6,-1,-1
2024-01-25T12:29:37.000Z,U3460402,7125,46.17669,8.20099,31013.0,3.6,27.9,106.9,-62.4,-1.0,-1.0,RS41-SG,404.500,9.6,187,9,2.6,-1,-1
2024-01-25T12:29:39.000Z,U3460402,7127,46.17653,8.20171,31021.7,6.9,30.2,107.7,-62.4,-1.0,-1.0,RS41-SG,404.500,9.2,187,9,2.7,-1,-1
2024-01-25T12:29:40.000Z,U3460402,7128,46.17645,8.20208,31028.8,7.2,28.9,106.4,-62.4,-1.0,-1.0,RS41-SG,404.500,9.2,187,9,2.7,-1,-1
2024-01-25T12:29:41.000Z,U3460402,7129,46.17638,8.20243,31034.7,4.3,27.4,104.7,-62.3,-1.0,-1.0,RS41-SG,404.500,8.0,187,9,2.6,-1,-1
2024-01-25T12:29:42.000Z,U3460402,7130,46.17633,8.20276,31038.9,3.9,25.8,102.9,-62.2,-1.0,-1.0,RS41-SG,404.500,9.5,187,9,2.6,-1,-1
2024-01-25T12:29:43.000Z,U3460402,7131,46.17628,8.20308,31043.3,4.9,24.9,100.5,-62.3,-1.0,-1.0,RS41-SG,404.500,9.5,187,9,2.6,-1,-1
2024-01-25T12:29:45.000Z,U3460402,7133,46.17621,8.20370,31053.1,5.5,24.3,99.1,-62.3,-1.0,-1.0,RS41-SG,404.500,7.5,187,9,2.7,-1,-1
2024-01-25T12:29:46.000Z,U3460402,7134,46.17617,8.20400,31058.2,4.6,23.4,99.0,-62.3,-1.0,-1.0,RS41-SG,404.500,7.5,187,9,2.7,-1,-1
2024-01-25T12:29:47.000Z,U3460402,7135,46.17614,8.20430,31062.7,4.0,22.3,99.0,-62.2,-1.0,-1.0,RS41-SG,404.500,8.5,187,9,2.6,-1,-1
2024-01-25T12:29:50.000Z,U3460402,7138,46.17604,8.20506,31076.7,4.0,19.0,104.8,-62.1,-1.0,-1.0,RS41-SG,404.500,8.5,187,9,2.7,-1,-1
2024-01-25T12:29:51.000Z,U3460402,7139,46.17599,8.20530,31080.5,3.9,19.7,107.0,-62.1,-1.0,-1.0,RS41-SG,404.500,8.9,187,9,2.7,-1,-1
2024-01-25T12:29:52.000Z,U3460402,7140,46.17593,8.20556,31084.8,4.7,21.8,108.4,-61.9,-1.0,-1.0,RS41-SG,404.500,8.9,187,9,2.6,-1,-1
2024-01-25T12:29:53.000Z,U3460402,7141,46.17587,8.20584,31089.9,5.4,24.9,108.3,-61.9,-1.0,-1.0,RS41-SG,404.500,8.6,187,9,2.6,-1,-1
2024-01-25T12:29:54.000Z,U3460402,7142,46.17580,8.20616,31094.3,3.4,27.3,107.5,-62.0,-1.0,-1.0,RS41-SG,404.500,8.6,187,9,2.7,-1,-1
2024-01-25T12:29:58.000Z,U3460402,7146,46.17556,8.20756,31109.9,4.3,25.2,100.4,-61.8,-1.0,-1.0,RS41-SG,404.500,9.4,187,9,2.7,-1,-1
2024-01-25T12:30:01.000Z,U3460402,7149,46.17545,8.20843,31117.8,3.0,21.4,101.9,-61.8,-1.0,-1.0,RS41-SG,404.500,9.7,187,9,2.6,-1,-1
2024-01-25T12:30:03.000Z,U3460402,7151,46.17535,8.20899,31125.8,3.5,23.9,106.1,-61.7,-1.0,-1.0,RS41-SG,404.500,8.7,187,9,2.7,-1,-1
2024-01-25T12:30:04.000Z,U3460402,7152,46.17529,8.20929,31128.8,2.4,25.0,107.3,-61.4,-1.0,-1.0,RS41-SG,404.500,9.6,187,9,2.7,-1,-1
2024-01-25T12:30:05.000Z,U3460402,7153,46.17522,8.20960,31131.3,2.6,25.9,107.8,-61.1,-1.0,-1.0,RS41-SG,404.500,9.6,187,9,2.7,-1,-1
2024-01-25T12:30:06.000Z,U3460402,7154,46.17515,8.20992,31134.6,3.9,25.8,108.6,-61.0,-1.0,-1.0,RS41-SG,404.500,8.7,187,9,2.6,-1,-1
2024-01-25T12:30:07.000Z,U3460402,7155,46.17507,8.21023,31138.6,3.8,25.3,108.8,-61.0,-1.0,-1.0,RS41-SG,404.500,7.5,187,9,2.6,-1,-1
2024-01-25T12:30:09.000Z,U3460402,7157,46.17493,8.21085,31143.1,2.5,25.5,107.8,-60.8,-1.0,-1.0,RS41-SG,404.500,9.2,187,9,2.7,-1,-1
2024-01-25T12:30:10.000Z,U3460402,7158,46.17486,8.21117,31146.2,4.1,26.9,106.8,-60.6,-1.0,-1.0,RS41-SG,404.500,9.2,187,9,2.7,-1,-1
2024-01-25T12:30:11.000Z,U3460402,7159,46.17479,8.21151,31149.7,2.9,28.3,106.3,-60.5,-1.0,-1.0,RS41-SG,404.500,8.0,187,9,2.7,-1,-1
2024-01-25T12:30:14.000Z,U3460402,7162,46.17457,8.21257,31157.5,3.8,27.4,107.2,-60.3,-1.0,-1.0,RS41-SG,404.500,7.5,187,9,2.6,-1,-1
2024-01-25T12:30:24.000Z,U3460402,7172,46.17374,8.21580,31173.9,1.3,26.9,106.9,-59.3,-1.0,-1.0,RS41-SG,404.500,7.3,187,9,2.6,-1,-1
2024-01-25T12:30:25.000Z,U3460402,7173,46.17367,8.21614,31174.4,-0.1,27.0,105.5,-59.2,-1.0,-1.0,RS41-SG,404.500,7.5,187,9,2.7,-1,-1
2024-01-25T12:30:27.000Z,U3460402,7175,46.17354,8.21684,31175.9,1.4,29.6,104.4,-59.1,-1.0,-1.0,RS41-SG,404.500,9.0,187,9,2.6,-1,-1
2024-01-25T12:30:29.000Z,U3460402,7177,46.17341,8.21761,31179.0,1.0,31.5,104.3,-58.9,-1.0,-1.0,RS41-SG,404.500,8.9,187,9,2.7,-1,-1
2024-01-25T12:30:30.000Z,U3460402,7178,46.17334,8.21800,31179.8,0.5,30.9,103.8,-58.7,-1.0,-1.0,RS41-SG,404.500,8.9,187,9,2.7,-1,-1
2024-01-25T12:30:31.000Z,U3460402,7179,46.17328,8.21837,31180.9,1.6,29.0,102.7,-58.6,-1.0,-1.0,RS41-SG,404.500,8.8,187,9,2.6,-1,-1
2024-01-25T12:30:32.000Z,U3460402,7180,46.17323,8.21872,31183.1,2.6,25.8,101.4,-58.6,-1.0,-1.0,RS41-SG,404.500,9.7,187,9,2.6,-1,-1
2024-01-25T12:30:33.000Z,U3460402,7181,46.17318,8.21903,31184.9,0.9,23.0,100.4,-58.6,-1.0,-1.0,RS41-SG,404.500,9.7,187,9,2.6,-1,-1
2024-01-25T12:30:34.000Z,U3460402,7182,46.17315,8.21931,31185.6,0.5,20.9,99.7,-58.5,-1.0,-1.0,RS41-SG,404.500,7.9,187,9,2.7,-1,-1
2024-01-25T12:30:35.000Z,U3460402,7183,46.17312,8.21957,31186.9,2.3,20.2,100.4,-58.4,-1.0,-1.0,RS41-SG,404.500,9.4,187,9,2.7,-1,-1
2024-01-25T12:30:36.000Z,U3460402,7184,46.17308,8.21983,31190.1,4.0,21.4,101.8,-58.3,-1.0,-1.0,RS41-SG,404.500,10.9,187,9,2.7,-1,-1
2024-01-25T12:30:37.000Z,U3460402,7185,46.17304,8.22011,31193.1,1.9,23.0,103.2,-58.1,-1.0,-1.0,RS41-SG,404.500,10.9,187,9,2.6,-1,-1
2024-01-25T12:30:38.000Z,U3460402,7186,46.17299,8.22041,31194.6,0.8,24.6,104.0,-57.9,-1.0,-1.0,RS41-SG,404.500,9.7,187,9,2.6,-1,-1
2024-01-25T12:30:40.000Z,U3460402,7188,46.17289,8.22104,31198.6,3.5,25.6,102.5,-57.7,-1.0,-1.0,RS41-SG,404.500,9.9,187,9,2.7,-1,-1
2024-01-25T12:30:41.000Z,U3460402,7189,46.17284,8.22136,31201.1,1.9,25.2,101.8,-57.7,-1.0,-1.0,RS41-SG,404.500,10.3,187,9,2.7,-1,-1
2024-01-25T12:30:42.000Z,U3460402,7190,46.17279,8.22168,31202.7,1.3,25.2,100.8,-57.4,-1.0,-1.0,RS41-SG,404.500,10.3,187,9,2.7,-1,-1
2024-01-25T12:30:43.000Z,U3460402,7191,46.17275,8.22200,31204.7,2.4,25.7,100.0,-57.1,-1.0,-1.0,RS41-SG,404.500,8.3,187,9,2.6,-1,-1
2024-01-25T12:30:44.000Z,U3460402,7192,46.17271,8.22234,31207.2,2.7,26.8,99.8,-57.0,-1.0,-1.0,RS41-SG,404.500,9.0,187,9,2.6,-1,-1
2024-01-25T12:30:45.000Z,U3460402,7193,46.17267,8.22268,31209.8,2.3,27.7,99.3,-56.8,-1.0,-1.0,RS41-SG,404.500,9.0,187,9,2.6,-1,-1
2024-01-25T12:30:47.000Z,U3460402,7195,46.17260,8.22338,31214.5,3.2,26.1,96.8,-56.7,-1.0,-1.0,RS41-SG,404.500,9.3,187,9,2.7,-1,-1
2024-01-25T12:30:48.000Z,U3460402,7196,46.17258,8.22370,31217.9,3.6,23.6,95.1,-56.7,-1.0,-1.0,RS41-SG,404.500,10.0,187,9,2.7,-1,-1
2024-01-25T12:30:49.000Z,U3460402,7197,46.17257,8.22399,31220.7,1.8,21.6,94.0,-56.7,-1.0,-1.0,RS41-SG,404.500,10.0,187,9,2.6,-1,-1
2024-01-25T12:30:50.000Z,U3460402,7198,46.17255,8.22426,31222.3,0.9,20.0,94.6,-56.7,-1.0,-1.0,RS41-SG,404.500,10.0,187,9,2.6,-1,-1
2024-01-25T12:30:53.000Z,U3460402,7201,46.17247,8.22504,31231.5,3.0,22.6,101.7,-56.4,-1.0,-1.0,RS41-SG,404.500,7.8,187,9,2.7,-1,-1
2024-01-25T12:30:54.000Z,U3460402,7202,46.17243,8.22534,31233.7,1.2,24.3,103.3,-56.3,-1.0,-1.0,RS41-SG,404.500,8.5,187,9,2.6,-1,-1
2024-01-25T12:30:55.000Z,U3460402,7203,46.17238,8.22565,31235.5,2.4,25.6,103.6,-56.2,-1.0,-1.0,RS41-SG,404.500,9.1,187,9,2.6,-1,-1
2024-01-25T12:30:56.000Z,U3460402,7204,46.17232,8.22597,31238.9,4.5,25.7,102.9,-56.2,-1.0,-1.0,RS41-SG,404.500,9.5,187,9,2.7,-1,-1
2024-01-25T12:30:58.000Z,U3460402,7206,46.17224,8.22661,31244.0,1.6,24.9,99.3,-56.1,-1.0,-1.0,RS41-SG,404.500,8.7,187,9,2.6,-1,-1
2024-01-25T12:30:59.000Z,U3460402,7207,46.17221,8.22693,31247.0,4.1,25.4,96.5,-56.2,-1.0,-1.0,RS41-SG,404.500,9.6,187,9,2.6,-1,-1
2024-01-25T12:31:00.000Z,U3460402,7208,46.17218,8.22727,31251.0,4.0,26.4,94.6,-56.2,-1.0,-1.0,RS41-SG,404.500,9.6,187,9,2.7,-1,-1
2024-01-25T12:31:01.000Z,U3460402,7209,46.17217,8.22761,31253.8,2.0,27.0,93.6,-56.2,-1.0,-1.0,RS41-SG,404.500,9.3,187,9,2.7,-1,-1
2024-01-25T12:31:02.000Z,U3460402,7210,46.17215,8.22795,31256.1,2.6,26.5,92.4,-56.2,-1.0,-1.0,RS41-SG,404.500,9.8,187,9,2.6,-1,-1
2024-01-25T12:31:03.000Z,U3460402,7211,46.17215,8.22828,31259.6,4.1,24.9,90.2,-56.2,-1.0,-1.0,RS41-SG,404.500,10.8,187,9,2.6,-1,-1
2024-01-25T12:31:04.000Z,U3460402,7212,46.17215,8.22859,31263.6,3.7,22.7,89.1,-56.2,-1.0,-1.0,RS41-SG,404.500,10.8,187,9,2.7,-1,-1
2024-01-25T12:31:05.000Z,U3460402,7213,46.17215,8.22887,31266.4,2.0,21.2,88.5,-56.2,-1.0,-1.0,RS41-SG,404.500,10.4,187,9,2.7,-1,-1
2024-01-25T12:31:06.000Z,U3460402,7214,46.17216,8.22914,31268.9,2.7,20.3,90.7,-56.2,-1.0,-1.0,RS41-SG,404.500,10.0,187,9,2.6,-1,-1
2024-01-25T12:31:08.000Z,U3460402,7216,46.17213,8.22968,31276.5,4.4,22.5,97.4,-56.3,-1.0,-1.0,RS41-SG,404.500,8.3,187,9,2.6,-1,-1
2024-01-25T12:31:09.000Z,U3460402,7217,46.17210,8.22998,31279.9,2.7,23.9,98.6,-56.4,-1.0,-1.0,RS41-SG,404.500,11.0,187,9,2.7,-1,-1
2024-01-25T12:31:10.000Z,U3460402,7218,46.17207,8.23029,31282.4,2.5,25.0,99.0,-56.5,-1.0,-1.0,RS41-SG,404.500,11.0,187,9,2.7,-1,-1
2024-01-25T12:31:11.000Z,U3460402,7219,46.17203,8.23061,31285.4,3.4,25.3,98.8,-56.6,-1.0,-1.0,RS41-SG,404.500,11.0,187,9,2.7,-1,-1
2024-01-25T12:31:12.000Z,U3460402,7220,46.17200,8.23092,31289.5,4.6,24.7,97.3,-56.6,-1.0,-1.0,RS41-SG,404.500,11.0,187,9,2.6,-1,-1
2024-01-25T12:31:13.000Z,U3460402,7221,46.17198,8.23124,31294.0,4.0,23.8,94.7,-56.6,-1.0,-1.0,RS41-SG,404.500,9.8,187,9,2.6,-1,-1
2024-01-25T12:31:14.000Z,U3460402,7222,46.17196,8.23154,31296.9,2.1,23.6,92.8,-56.5,-1.0,-1.0,RS41-SG,404.500,9.9,187,9,2.6,-1,-1
2024-01-25T12:31:15.000Z,U3460402,7223,46.17196,8.23185,31299.4,2.9,24.3,90.0,-56.4,-1.0,-1.0,RS41-SG,404.500,9.9,187,9,2.7,-1,-1
2024-01-25T12:31:16.000Z,U3460402,7224,46.17196,8.23217,31302.9,4.3,25.7,88.3,-56.3,-1.0,-1.0,RS41-SG,404.500,9.3,187,9,2.7,-1,-1
2024-01-25T12:31:17.000Z,U3460402,7225,46.17197,8.23251,31307.4,4.7,27.2,88.0,-56.3,-1.0,-1.0,RS41-SG,404.500,9.3,187,9,2.7,-1,-1
2024-01-25T12:31:18.000Z,U3460402,7226,46.17198,8.23287,31311.2,2.9,27.9,88.8,-56.3,-1.0,-1.0,RS41-SG,404.500,8.7,187,9,2.6,-1,-1
2024-01-25T12:31:19.000Z,U3460402,7227,46.17198,8.23322,31314.4,3.3,27.5,89.8,-56.4,-1.0,-1.0,RS41-SG,404.500,8.7,187,9,2.6,-1,-1
2024-01-25T12:31:20.000Z,U3460402,7228,46.17198,8.23357,31318.4,4.7,25.7,91.5,-56.5,-1.0,-1.0,RS41-SG,404.500,8.6,187,9,2.6,-1,-1
2024-01-25T12:31:21.000Z,U3460402,7229,46.17197,8.23388,31323.2,5.1,23.1,93.1,-56.4,-1.0,-1.0,RS41-SG,404.500,9.2,187,9,2.7,-1,-1
2024-01-25T12:31:22.000Z,U3460402,7230,46.17196,8.23417,31327.0,2.4,21.4,93.7,-56.3,-1.0,-1.0,RS41-SG,404.500,9.2,187,9,2.7,-1,-1
2024-01-25T12:31:24.000Z,U3460402,7232,46.17193,8.23469,31332.9,4.8,19.9,95.3,-56.1,-1.0,-1.0,RS41-SG,404.500,8.1,187,9,2.6,-1,-1
2024-01-25T12:31:26.000Z,U3460402,7234,46.17190,8.23525,31343.1,3.3,23.3,93.3,-56.2,-1.0,-1.0,RS41-SG,404.500,7.3,187,9,2.6,-1,-1
2024-01-25T12:31:27.000Z,U3460402,7235,46.17189,8.23556,31345.9,2.7,24.9,92.1,-56.3,-1.0,-1.0,RS41-SG,404.500,7.6,187,9,2.7,-1,-1
2024-01-25T12:31:28.000Z,U3460402,7236,46.17188,8.23589,31349.2,4.2,26.1,90.1,-56.3,-1.0,-1.0,RS41-SG,404.500,11.2,187,9,2.7,-1,-1
2024-01-25T12:31:29.000Z,U3460402,7237,46.17188,8.23622,31353.8,5.0,25.9,89.6,-56.3,-1.0,-1.0,RS41-SG,404.500,11.2,187,9,2.7,-1,-1
2024-01-25T12:31:30.000Z,U3460402,7238,46.17189,8.23655,31358.2,3.6,25.2,89.8,-56.2,-1.0,-1.0,RS41-SG,404.500,10.3,187,9,2.6,-1,-1
2024-01-25T12:31:31.000Z,U3460402,7239,46.17188,8.23687,31361.8,3.7,24.6,92.1,-56.1,-1.0,-1.0,RS41-SG,404.500,10.7,187,9,2.6,-1,-1
2024-01-25T12:31:32.000Z,U3460402,7240,46.17186,8.23719,31365.9,4.4,24.9,97.1,-56.2,-1.0,-1.0,RS41-SG,404.500,10.7,187,9,2.6,-1,-1
2024-01-25T12:31:33.000Z,U3460402,7241,46.17183,8.23751,31370.5,4.5,25.6,102.0,-56.3,-1.0,-1.0,RS41-SG,404.500,10.3,187,9,2.7,-1,-1
2024-01-25T12:31:34.000Z,U3460402,7242,46.17177,8.23783,31375.2,5.1,26.8,106.2,-56.3,-1.0,-1.0,RS41-SG,404.500,9.9,187,9,2.7,-1,-1
2024-01-25T12:31:35.000Z,U3460402,7243,46.17170,8.23817,31379.4,3.7,27.2,108.2,-56.2,-1.0,-1.0,RS41-SG,404.500,9.9,187,9,2.6,-1,-1
2024-01-25T12:31:36.000Z,U3460402,7244,46.17162,8.23849,31383.3,4.3,26.3,108.6,-56.1,-1.0,-1.0,RS41-SG,404.500,10.6,187,9,2.6,-1,-1
2024-01-25T12:31:37.000Z,U3460402,7245,46.17155,8.23880,31388.2,5.8,24.6,107.1,-56.0,-1.0,-1.0,RS41-SG,404.500,10.6,187,9,2.7,-1,-1
2024-01-25T12:31:38.000Z,U3460402,7246,46.17150,8.23910,31393.9,5.8,22.4,103.4,-55.9,-1.0,-1.0,RS41-SG,404.500,10.0,187,9,2.7,-1,-1
2024-01-25T12:31:39.000Z,U3460402,7247,46.17146,8.23937,31398.5,3.5,20.8,100.2,-55.8,-1.0,-1.0,RS41-SG,404.500,9.9,187,9,2.6,-1,-1
2024-01-25T12:31:40.000Z,U3460402,7248,46.17143,8.23963,31401.8,3.2,19.9,96.6,-55.7,-1.0,-1.0,RS41-SG,404.500,9.9,187,9,2.6,-1,-1
2024-01-25T12:31:42.000Z,U3460402,7250,46.17139,8.24016,31413.1,7.5,22.4,97.8,-55.5,0.9,-1.0,RS41-SG,404.500,9.2,187,9,2.7,-1,-1
2024-01-25T12:31:43.000Z,U3460402,7251,46.17136,8.24046,31419.0,4.4,24.2,99.9,-55.5,0.9,-1.0,RS41-SG,404.500,9.2,187,9,2.6,-1,-1
2024-01-25T12:31:44.000Z,U3460402,7252,46.17132,8.24077,31422.7,2.9,25.8,102.0,-55.6,0.9,-1.0,RS41-SG,404.500,9.5,187,9,2.6,-1,-1
2024-01-25T12:31:45.000Z,U3460402,7253,46.17126,8.24111,31426.5,4.5,27.0,103.4,-55.6,0.9,-1.0,RS41-SG,404.500,9.5,187,9,2.7,-1,-1
2024-01-25T12:31:46.000Z,U3460402,7254,46.17121,8.24144,31431.6,6.2,26.8,104.8,-55.5,0.9,-1.0,RS41-SG,404.500,9.7,187,9,2.7,-1,-1
2024-01-25T12:31:47.000Z,U3460402,7255,46.17114,8.24177,31437.3,5.2,26.0,105.3,-55.4,0.9,-1.0,RS41-SG,404.500,9.7,187,9,2.6,-1,-1
2024-01-25T12:31:48.000Z,U3460402,7256,46.17108,8.24209,31442.0,4.2,25.1,106.3,-55.3,0.9,-1.0,RS41-SG,404.500,9.7,187,9,2.6,-1,-1
2024-01-25T12:31:49.000Z,U3460402,7257,46.17102,8.24239,31446.5,4.7,24.7,108.3,-55.2,0.9,-1.0,RS41-SG,404.500,10.7,187,9,2.6,-1,-1
2024-01-25T12:31:50.000Z,U3460402,7258,46.17094,8.24269,31451.6,5.8,24.8,111.3,-55.3,0.9,-1.0,RS41-SG,404.500,10.7,187,9,2.7,-1,-1
2024-01-25T12:31:51.000Z,U3460402,7259,46.17086,8.24299,31457.2,5.7,25.1,113.2,-55.4,0.9,-1.0,RS41-SG,404.500,10.6,187,9,2.7,-1,-1
2024-01-25T12:31:52.000Z,U3460402,7260,46.17077,8.24329,31462.4,4.8,25.1,113.5,-55.4,0.9,-1.0,RS41-SG,404.500,10.6,187,9,2.7,-1,-1
2024-01-25T12:31:53.000Z,U3460402,7261,46.17068,8.24358,31467.8,5.8,24.2,111.3,-55.3,0.9,-1.0,RS41-SG,404.500,9.3,187,9,2.6,-1,-1
2024-01-25T12:31:54.000Z,U3460402,7262,46.17061,8.24387,31474.0,6.3,23.0,106.9,-55.3,0.9,-1.0,RS41-SG,404.500,8.6,187,9,2.6,-1,-1
2024-01-25T12:31:55.000Z,U3460402,7263,46.17056,8.24415,31480.1,5.9,22.1,102.3,-55.3,0.9,-1.0,RS41-SG,404.500,10.8,187,9,2.6,-1,-1
2024-01-25T12:31:56.000Z,U3460402,7264,46.17053,8.24443,31485.1,4.4,21.8,98.3,-55.3,0.9,-1.0,RS41-SG,404.500,10.8,187,9,2.7,-1,-1
2024-01-25T12:31:57.000Z,U3460402,7265,46.17050,8.24471,31490.0,5.5,22.6,96.7,-55.4,0.9,-1.0,RS41-SG,404.500,10.9,187,9,2.7,-1,-1
2024-01-25T12:31:58.000Z,U3460402,7266,46.17047,8.24501,31496.3,7.4,24.4,98.8,-55.4,0.9,-1.0,RS41-SG,404.500,11.0,187,9,2.7,-1,-1
2024-01-25T12:31:59.000Z,U3460402,7267,46.17043,8.24534,31503.7,7.2,26.9,102.6,-55.3,0.9,-1.0,RS41-SG,404.500,11.0,187,9,2.6,-1,-1
2024-01-25T12:32:00.000Z,U3460402,7268,46.17037,8.24568,31509.6,4.6,28.6,105.9,-55.3,0.9,-1.0,RS41-SG,404.500,10.0,187,9,2.6,-1,-1
2024-01-25T12:32:01.000Z,U3460402,7269,46.17029,8.24604,31513.7,3.7,29.8,108.8,-55.2,0.9,-1.0,RS41-SG,404.500,9.6,187,9,2.6,-1,-1
2024-01-25T12:32:03.000Z,U3460402,7271,46.17010,8.24675,31525.2,7.7,28.4,114.2,-55.2,0.9,-1.0,RS41-SG,404.500,8.9,187,9,2.7,-1,-1
2024-01-25T12:32:04.000Z,U3460402,7272,46.16999,8.24707,31532.1,6.1,26.8,115.0,-55.2,1.0,-1.0,RS41-SG,404.500,8.8,187,9,2.7,-1,-1
2024-01-25T12:32:05.000Z,U3460402,7273,46.16989,8.24737,31538.2,5.8,25.3,116.2,-55.2,0.9,-1.0,RS41-SG,404.500,9.1,187,9,2.6,-1,-1
2024-01-25T12:32:07.000Z,U3460402,7275,46.16969,8.24794,31551.7,7.4,24.9,118.4,-55.3,1.0,-1.0,RS41-SG,404.500,9.3,187,9,2.6,-1,-1
2024-01-25T12:32:09.000Z,U3460402,7277,46.16947,8.24852,31564.3,5.4,25.8,118.8,-55.3,1.0,-1.0,RS41-SG,404.500,8.4,187,9,2.7,-1,-1
2024-01-25T12:32:11.000Z,U3460402,7279,46.16926,8.24910,31576.9,7.6,24.6,117.5,-55.3,1.0,-1.0,RS41-SG,404.500,8.7,187,9,2.6,-1,-1
2024-01-25T12:32:12.000Z,U3460402,7280,46.16916,8.24938,31584.3,7.0,24.1,116.3,-55.3,1.0,-1.0,RS41-SG,404.500,9.0,187,9,2.6,-1,-1
2024-01-25T12:32:13.000Z,U3460402,7281,46.16906,8.24966,31591.1,6.7,24.3,115.9,-55.2,1.0,-1.0,RS41-SG,404.500,9.0,187,9,2.6,-1,-1
2024-01-25T12:32:15.000Z,U3460402,7283,46.16886,8.25026,31606.4,8.6,27.9,115.8,-55.3,1.0,-1.0,RS41-SG,404.500,8.8,187,9,2.7,-1,-1
2024-01-25T12:32:17.000Z,U3460402,7285,46.16863,8.25094,31620.0,5.5,30.8,117.1,-55.2,0.9,-1.0,RS41-SG,404.500,9.5,187,9,2.6,-1,-1
2024-01-25T12:32:18.000Z,U3460402,7286,46.16850,8.25129,31626.1,6.7,30.8,118.0,-55.2,1.0,-1.0,RS41-SG,404.500,9.5,187,9,2.6,-1,-1
2024-01-25T12:32:19.000Z,U3460402,7287,46.16837,8.25163,31634.1,9.1,29.2,118.3,-55.4,1.0,-1.0,RS41-SG,404.500,9.2,187,9,2.6,-1,-1
2024-01-25T12:32:20.000Z,U3460402,7288,46.16825,8.25195,31642.7,8.0,27.2,119.0,-55.6,1.0,-1.0,RS41-SG,404.500,9.2,187,9,2.7,-1,-1
2024-01-25T12:32:21.000Z,U3460402,7289,46.16814,8.25225,31649.7,6.2,25.7,119.6,-55.7,1.0,-1.0,RS41-SG,404.500,8.0,187,9,2.7,-1,-1
2024-01-25T12:32:22.000Z,U3460402,7290,46.16802,8.25253,31656.5,7.5,24.8,120.5,-55.6,1.0,-1.0,RS41-SG,404.500,8.4,187,9,2.6,-1,-1
2024-01-25T12:32:23.000Z,U3460402,7291,46.16791,8.25281,31665.2,9.7,25.6,121.4,-55.6,1.0,-1.0,RS41-SG,404.500,8.4,187,9,2.6,-1,-1
2024-01-25T12:32:24.000Z,U3460402,7292,46.16779,8.25309,31674.2,8.5,26.8,121.3,-55.7,1.0,-1.0,RS41-SG,404.500,9.0,187,9,2.7,-1,-1
2024-01-25T12:32:25.000Z,U3460402,7293,46.16766,8.25340,31681.9,6.9,27.9,120.4,-55.7,1.0,-1.0,RS41-SG,404.500,10.0,187,9,2.7,-1,-1
2024-01-25T12:32:26.000Z,U3460402,7294,46.16753,8.25371,31689.1,7.4,28.7,119.2,-55.8,1.0,-1.0,RS41-SG,404.500,10.0,187,9,2.6,-1,-1
2024-01-25T12:32:33.000Z,U3460402,7301,46.16668,8.25603,31748.7,8.0,32.1,121.5,-56.4,1.1,-1.0,RS41-SG,404.500,7.6,187,9,2.7,-1,-1
2024-01-25T12:32:43.000Z,U3460402,7311,46.16541,8.25915,31834.3,7.5,31.6,117.7,-57.1,1.1,-1.0,RS41-SG,404.500,7.8,187,9,2.7,-1,-1
2024-01-25T12:33:26.000Z,U3460402,7354,46.16026,8.27442,32226.4,7.4,30.1,124.1,-58.2,1.1,-1.0,RS41-SG,404.500,8.6,187,9,2.7,-1,-1
2024-01-25T12:33:29.000Z,U3460402,7357,46.15982,8.27539,32254.3,8.4,29.7,120.1,-58.3,1.1,-1.0,RS41-SG,404.500,6.5,187,9,2.7,-1,-1
2024-01-25T12:33:33.000Z,U3460402,7361,46.15933,8.27688,32288.7,8.3,34.9,113.4,-58.3,1.2,-1.0,RS41-SG,404.500,7.2,187,9,2.7,-1,-1
2024-01-25T12:35:25.000Z,U3460402,7473,46.14931,8.31137,32914.7,4.5,24.2,92.9,-53.3,0.9,-1.0,RS41-SG,404.500,8.0,187,9,2.7,-1,-1
2024-01-25T12:37:17.000Z,U3460402,7585,46.14511,8.34943,33540.0,6.9,27.9,101.6,-51.9,0.8,-1.0,RS41-SG,404.500,8.5,187,9,2.6,-1,-1
2024-01-25T12:38:23.001Z,U3460402,7651,46.13977,8.37594,34141.1,10.2,27.4,86.5,-52.4,0.8,-1.0,RS41-SG,404.500,7.7,187,9,2.7,-1,-1
2024-01-25T12:38:24.001Z,U3460402,7652,46.13978,8.37627,34150.6,8.6,25.0,88.0,-52.2,0.8,-1.0,RS41-SG,404.500,7.7,187,9,2.6,-1,-1
2024-01-25T12:38:50.001Z,U3460402,7678,46.13892,8.38757,34417.7,11.5,43.1,95.2,-52.1,0.8,-1.0,RS41-SG,404.500,8.6,187,9,2.6,-1,-1
2024-01-25T12:39:02.001Z,U3460402,7690,46.13857,8.39298,34543.6,10.3,40.1,96.0,-50.6,0.7,-1.0,RS41-SG,404.500,7.8,187,9,2.7,-1,-1
2024-01-25T12:39:05.001Z,U3460402,7693,46.13841,8.39452,34572.3,10.2,40.2,100.5,-50.3,0.7,-1.0,RS41-SG,404.500,9.6,187,9,2.6,-1,-1
2024-01-25T12:39:06.001Z,U3460402,7694,46.13834,8.39502,34583.1,11.2,39.7,100.1,-50.3,0.7,-1.0,RS41-SG,404.500,9.6,187,9,2.6,-1,-1
2024-01-25T12:39:07.001Z,U3460402,7695,46.13828,8.39552,34593.7,10.3,38.8,99.8,-50.3,0.7,-1.0,RS41-SG,404.500,10.2,187,9,2.6,-1,-1
2024-01-25T12:39:09.001Z,U3460402,7697,46.13817,8.39647,34613.0,9.5,35.6,99.7,-50.3,0.7,-1.0,RS41-SG,404.500,11.5,187,9,2.7,-1,-1
2024-01-25T12:39:10.001Z,U3460402,7698,46.13812,8.39691,34622.6,9.6,33.6,100.9,-50.3,0.7,-1.0,RS41-SG,404.500,11.5,187,9,2.7,-1,-1
2024-01-25T12:39:11.001Z,U3460402,7699,46.13806,8.39732,34632.5,9.9,31.7,101.9,-50.3,0.7,-1.0,RS41-SG,404.500,10.3,187,9,2.6,-1,-1
2024-01-25T12:39:13.001Z,U3460402,7701,46.13793,8.39811,34652.8,10.3,32.2,103.5,-50.3,0.7,-1.0,RS41-SG,404.500,8.3,187,9,2.6,-1,-1
2024-01-25T12:39:17.001Z,U3460402,7705,46.13771,8.40002,34693.5,8.1,43.3,95.3,-50.4,0.7,-1.0,RS41-SG,404.500,8.3,187,9,2.6,-1,-1
2024-01-25T12:39:18.001Z,U3460402,7706,46.13768,8.40059,34701.4,7.5,45.0,94.7,-50.5,0.7,-1.0,RS41-SG,404.500,8.3,187,9,2.6,-1,-1
2024-01-25T12:39:19.001Z,U3460402,7707,46.13765,8.40117,34709.7,9.5,45.1,95.2,-50.5,0.7,-1.0,RS41-SG,404.500,8.4,187,9,2.7,-1,-1
2024-01-25T12:39:20.001Z,U3460402,7708,46.13760,8.40173,34720.0,11.1,43.4,97.5,-50.4,0.7,-1.0,RS41-SG,404.500,10.3,187,9,2.7,-1,-1
2024-01-25T12:39:21.001Z,U3460402,7709,46.13754,8.40227,34731.3,11.3,40.6,100.8,-50.5,0.7,-1.0,RS41-SG,404.500,10.3,187,9,2.6,-1,-1
2024-01-25T12:39:22.001Z,U3460402,7710,46.13747,8.40276,34741.9,9.9,37.8,104.7,-50.5,0.7,-1.0,RS41-SG,404.500,9.6,187,9,2.6,-1,-1
2024-01-25T12:39:23.001Z,U3460402,7711,46.13738,8.40321,34750.6,7.5,35.5,107.5,-50.5,0.7,-1.0,RS41-SG,404.500,9.5,187,9,2.7,-1,-1
2024-01-25T12:39:24.001Z,U3460402,7712,46.13728,8.40363,34758.1,7.2,33.4,109.5,-50.6,0.7,-1.0,RS41-SG,404.500,9.8,187,9,2.7,-1,-1
2024-01-25T12:39:25.001Z,U3460402,7713,46.13718,8.40403,34766.0,8.6,32.1,109.3,-50.6,0.7,-1.0,RS41-SG,404.500,9.8,187,9,2.6,-1,-1
2024-01-25T12:39:28.001Z,U3460402,7716,46.13698,8.40529,34797.1,9.4,36.5,97.6,-50.7,0.7,-1.0,RS41-SG,404.500,8.3,187,8,2.7,-1,-1
2024-01-25T12:39:29.001Z,U3460402,7717,46.13694,8.40577,34805.6,7.7,39.0,95.9,-50.7,0.8,-1.0,RS41-SG,404.500,9.8,187,9,2.7,-1,-1
2024-01-25T12:39:30.001Z,U3460402,7718,46.13690,8.40629,34813.8,8.2,42.2,96.2,-50.9,0.7,-1.0,RS41-SG,404.500,10.3,187,9,2.6,-1,-1
2024-01-25T12:39:33.001Z,U3460402,7721,46.13668,8.40799,34842.5,11.0,46.1,105.5,-50.9,0.8,-1.0,RS41-SG,404.500,9.9,187,9,2.7,-1,-1
2024-01-25T12:39:35.001Z,U3460402,7723,46.13646,8.40913,34844.5,-8.6,45.8,105.9,-50.8,0.8,-1.0,RS41-SG,404.500,9.1,187,9,2.7,-1,-1
2024-01-25T12:39:43.001Z,U3460402,7731,46.13576,8.41346,34583.6,-37.3,37.9,95.1,-52.2,0.8,-1.0,RS41-SG,404.500,7.6,187,9,2.6,-1,-1
2024-01-25T12:39:44.001Z,U3460402,7732,46.13574,8.41394,34545.8,-39.3,37.0,94.2,-52.8,0.9,-1.0,RS41-SG,404.500,9.5,187,9,2.6,-1,-1
2024-01-25T12:40:11.001Z,U3460402,7759,46.13432,8.42361,33715.4,-31.6,25.2,103.9,-55.6,1.0,-1.0,RS41-SG,404.500,8.2,187,8,2.7,-1,-1
2024-01-25T12:40:12.001Z,U3460402,7760,46.13426,8.42393,33684.7,-30.4,26.2,102.6,-55.5,0.9,-1.0,RS41-SG,404.500,8.5,187,9,2.7,-1,-1
2024-01-25T12:40:14.001Z,U3460402,7762,46.13417,8.42459,33621.6,-34.1,25.5,100.2,-55.2,0.9,-1.0,RS41-SG,404.500,7.1,187,8,2.6,-1,-1
2024-01-25T12:40:16.001Z,U3460402,7764,46.13409,8.42522,33555.0,-31.8,24.4,99.7,-54.9,0.9,-1.0,RS41-SG,404.500,9.1,187,8,2.7,-1,-1
2024-01-25T12:40:18.001Z,U3460402,7766,46.13401,8.42582,33491.1,-31.8,23.0,103.0,-54.5,0.9,-1.0,RS41-SG,404.500,7.7,187,8,2.7,-1,-1
2024-01-25T12:40:23.001Z,U3460402,7771,46.13384,8.42718,33322.5,-34.0,21.5,97.0,-54.1,0.8,-1.0,RS41-SG,404.500,7.5,187,8,2.6,-1,-1
2024-01-25T12:40:24.001Z,U3460402,7772,46.13382,8.42746,33288.2,-35.2,22.1,92.9,-54.1,0.9,-1.0,RS41-SG,404.500,7.5,187,7,2.6,-1,-1
2024-01-25T12:40:26.001Z,U3460402,7774,46.13380,8.42808,33221.7,-34.5,24.8,91.9,-54.3,0.9,-1.0,RS41-SG,404.500,8.5,187,8,2.7,-1,-1
2024-01-25T12:40:27.001Z,U3460402,7775,46.13379,8.42840,33185.9,-37.0,25.9,91.7,-54.2,0.8,-1.0,RS41-SG,404.500,8.1,187,9,2.6,-1,-1
2024-01-25T12:40:28.001Z,U3460402,7776,46.13379,8.42873,33148.8,-36.7,25.7,92.9,-54.0,0.8,-1.0,RS41-SG,404.500,7.9,187,9,2.6,-1,-1
2024-01-25T12:40:29.001Z,U3460402,7777,46.13377,8.42907,33113.3,-35.4,26.4,93.8,-53.8,0.8,-1.0,RS41-SG,404.500,7.9,187,9,2.7,-1,-1
2024-01-25T12:40:30.001Z,U3460402,7778,46.13376,8.42939,33080.3,-31.1,24.0,92.8,-53.6,0.8,-1.0,RS41-SG,404.500,8.5,187,8,2.7,-1,-1
2024-01-25T12:40:31.001Z,U3460402,7779,46.13375,8.42969,33049.5,-31.1,22.5,93.8,-53.3,0.8,-1.0,RS41-SG,404.500,8.9,187,8,2.7,-1,-1
2024-01-25T12:40:34.001Z,U3460402,7782,46.13374,8.43042,32950.0,-33.9,15.5,88.3,-52.8,0.8,-1.0,RS41-SG,404.500,9.4,187,9,2.6,-1,-1
2024-01-25T12:40:35.001Z,U3460402,7783,46.13375,8.43060,32917.6,-31.3,13.1,87.1,-52.7,0.8,-1.0,RS41-SG,404.500,9.4,187,9,2.7,-1,-1
2024-01-25T12:40:36.001Z,U3460402,7784,46.13375,8.43076,32885.1,-34.0,12.4,89.6,-52.6,0.7,-1.0,RS41-SG,404.500,9.3,187,9,2.7,-1,-1
2024-01-25T12:40:37.001Z,U3460402,7785,46.13375,8.43092,32851.6,-33.6,12.2,88.9,-52.6,0.7,-1.0,RS41-SG,404.500,8.9,187,9,2.7,-1,-1
2024-01-25T12:40:39.001Z,U3460402,7787,46.13373,8.43126,32785.6,-32.7,14.4,95.7,-52.6,0.8,-1.0,RS41-SG,404.500,7.7,187,9,2.6,-1,-1
2024-01-25T12:40:41.001Z,U3460402,7789,46.13371,8.43164,32723.6,-30.2,14.6,91.1,-52.8,0.8,-1.0,RS41-SG,404.500,9.3,187,9,2.7,-1,-1
2024-01-25T12:40:42.001Z,U3460402,7790,46.13371,8.43181,32694.0,-29.5,13.0,91.6,-52.9,0.8,-1.0,RS41-SG,404.500,9.3,187,9,2.7,-1,-1
2024-01-25T12:40:43.001Z,U3460402,7791,46.13371,8.43196,32664.0,-30.2,11.0,88.7,-52.9,0.8,-1.0,RS41-SG,404.500,8.7,187,9,2.7,-1,-1
2024-01-25T12:40:58.001Z,U3460402,7806,46.13234,8.43493,32203.2,-32.6,20.4,99.5,-52.7,0.8,-1.0,RS41-SG,404.500,8.9,187,9,2.6,-1,-1
2024-01-25T12:41:47.001Z,U3460402,7855,46.12642,8.45214,30866.0,-22.8,35.0,116.5,-57.5,1.2,-1.0,RS41-SG,404.500,7.8,187,9,2.7,-1,-1
2024-01-25T12:41:49.001Z,U3460402,7857,46.12614,8.45296,30820.8,-22.9,35.5,115.4,-58.5,1.3,-1.0,RS41-SG,404.500,10.2,187,9,2.6,-1,-1
2024-01-25T12:41:51.001Z,U3460402,7859,46.12587,8.45379,30774.0,-23.2,35.2,113.6,-59.3,1.4,-1.0,RS41-SG,404.500,9.2,187,8,2.6,-1,-1
2024-01-25T12:41:56.001Z,U3460402,7864,46.12538,8.45572,30658.0,-23.1,29.1,105.7,-60.8,1.6,-1.0,RS41-SG,404.500,9.3,187,8,2.6,-1,-1
2024-01-25T12:41:57.001Z,U3460402,7865,46.12531,8.45608,30634.3,-24.8,28.9,105.1,-60.8,1.5,-1.0,RS41-SG,404.500,8.5,187,8,2.7,-1,-1
2024-01-25T12:42:26.001Z,U3460402,7894,46.12556,8.46668,29933.9,-24.8,21.3,64.5,-65.0,1.7,-1.0,RS41-SG,404.500,8.7,187,9,2.7,-1,-1
2024-01-25T12:42:36.001Z,U3460402,7904,46.12626,8.46874,29693.0,-22.7,18.7,55.2,-63.8,1.5,-1.0,RS41-SG,404.500,7.8,187,8,2.6,-1,-1
2024-01-25T12:42:37.001Z,U3460402,7905,46.12635,8.46893,29671.2,-21.7,18.7,55.0,-63.9,1.5,-1.0,RS41-SG,404.500,8.4,187,9,2.6,08:27:27,-1
2024-01-25T12:42:39.001Z,U3460402,7907,46.12656,8.46932,29628.3,-21.3,19.1,50.5,-63.8,1.5,-1.0,RS41-SG,404.500,8.1,187,8,2.7,08:27:27,-1
2024-01-25T12:42:41.001Z,U3460402,7909,46.12678,8.46968,29585.3,-21.4,18.3,47.1,-63.4,1.4,-1.0,RS41-SG,404.500,8.2,187,9,2.6,08:27:27,-1
2024-01-25T12:42:42.001Z,U3460402,7910,46.12689,8.46985,29564.3,-20.4,17.5,45.8,-63.2,1.4,-1.0,RS41-SG,404.500,7.8,187,9,2.6,08:27:27,-1
2024-01-25T12:42:55.001Z,U3460402,7923,46.12789,8.47173,29275.1,-23.9,17.8,54.5,-60.6,1.1,-1.0,RS41-SG,404.500,7.2,187,9,2.6,08:27:27,-1
2024-01-25T12:42:58.001Z,U3460402,7926,46.12821,8.47228,29203.9,-22.8,19.4,44.0,-59.9,1.0,-1.0,RS41-SG,404.500,7.8,187,9,2.7,08:27:27,-1
2024-01-25T12:42:59.001Z,U3460402,7927,46.12833,8.47245,29180.3,-24.2,18.1,45.3,-59.7,1.0,-1.0,RS41-SG,404.500,8.1,187,9,2.7,08:27:27,-1
