timestamp,serial,frame,lat,lon,alt,vel_v,vel_h,heading,temp,humidity,pressure,type,freq_mhz,snr,f_error_hz,sats,batt_v,burst_timer,aux_data
2024-03-19T12:32:38.000Z,U2110703,7051,45.18817,9.24023,29036.2,7.2,24.2,98.4,-273.0,-1.0,-1.0,RS41,404.901,7.9,562,9,2.7,-1,-1
2024-03-19T12:32:49.000Z,U2110703,7062,45.18793,9.24406,29109.6,6.5,28.2,89.6,-273.0,-1.0,-1.0,RS41,404.901,8.3,562,9,2.7,-1,-1
2024-03-19T12:32:55.000Z,U2110703,7068,45.18792,9.24611,29148.6,7.2,29.4,92.4,-273.0,-1.0,-1.0,RS41,404.901,7.9,562,9,2.7,-1,-1
2024-03-19T12:32:56.000Z,U2110703,7069,45.18790,9.24649,29155.2,6.1,30.5,93.3,-273.0,-1.0,-1.0,RS41,404.901,8.0,562,9,2.7,-1,-1
2024-03-19T12:32:57.000Z,U2110703,7070,45.18788,9.24688,29161.0,5.8,31.0,94.5,-273.0,-1.0,-1.0,RS41,404.901,8.0,562,9,2.6,-1,-1
2024-03-19T12:32:59.000Z,U2110703,7072,45.18783,9.24763,29174.7,7.8,28.3,96.1,-273.0,-1.0,-1.0,RS41-SG,404.901,8.5,562,9,2.5,-1,-1
2024-03-19T12:33:01.000Z,U2110703,7074,45.18779,9.24830,29187.7,5.4,24.8,93.0,-273.0,-1.0,-1.0,RS41-SG,404.901,7.6,562,9,2.7,-1,-1
2024-03-19T12:33:05.000Z,U2110703,7078,45.18787,9.24956,29212.5,5.3,26.8,79.6,-273.0,-1.0,-1.0,RS41-SG,404.901,8.3,562,9,2.5,-1,-1
2024-03-19T12:33:06.000Z,U2110703,7079,45.18791,9.24989,29218.1,5.9,27.4,79.8,-273.0,-1.0,-1.0,RS41-SG,404.901,8.3,562,9,2.7,-1,-1
2024-03-19T12:33:07.000Z,U2110703,7080,45.18795,9.25024,29224.6,7.3,27.3,81.3,-273.0,-1.0,-1.0,RS41-SG,404.901,8.0,562,9,2.6,-1,-1
2024-03-19T12:33:08.000Z,U2110703,7081,45.18798,9.25058,29232.2,7.5,26.7,83.9,-273.0,-1.0,-1.0,RS41-SG,404.901,8.2,562,9,2.7,-1,-1
2024-03-19T12:33:09.000Z,U2110703,7082,45.18800,9.25091,29238.6,5.3,26.2,86.8,-273.0,-1.0,-1.0,RS41-SG,404.901,8.8,562,9,2.6,-1,-1
2024-03-19T12:33:12.000Z,U2110703,7085,45.18800,9.25193,29256.3,7.0,28.2,92.4,-273.0,-1.0,-1.0,RS41-SG,404.901,7.2,562,9,2.7,-1,-1
2024-03-19T12:33:13.000Z,U2110703,7086,45.18799,9.25229,29262.8,5.7,28.9,91.6,-273.0,-1.0,-1.0,RS41-SG,404.901,8.9,562,9,2.7,-1,-1
2024-03-19T12:33:14.000Z,U2110703,7087,45.18799,9.25265,29268.6,6.0,28.8,89.4,-273.0,-1.0,-1.0,RS41-SG,404.901,8.9,562,9,2.7,-1,-1
2024-03-19T12:33:21.000Z,U2110703,7094,45.18828,9.25490,29311.6,6.2,27.1,75.7,-273.0,-1.0,-1.0,RS41-SG,404.901,8.5,562,9,2.6,-1,-1
2024-03-19T12:33:23.000Z,U2110703,7096,45.18839,9.25559,29323.0,5.6,27.9,79.2,-273.0,-1.0,-1.0,RS41-SG,404.901,8.2,562,9,2.5,-1,-1
2024-03-19T12:33:24.000Z,U2110703,7097,45.18843,9.25593,29329.2,7.0,27.1,81.9,-273.0,-1.0,-1.0,RS41-SG,404.901,8.9,562,9,2.7,-1,-1
2024-03-19T12:33:25.000Z,U2110703,7098,45.18846,9.25626,29336.1,7.2,25.9,84.9,-273.0,-1.0,-1.0,RS41-SG,404.901,8.9,562,9,2.7,-1,-1
2024-03-19T12:33:26.000Z,U2110703,7099,45.18847,9.25658,29342.0,5.0,24.9,87.0,-273.0,-1.0,-1.0,RS41-SG,404.901,9.0,562,9,2.7,-1,-1
2024-03-19T12:33:27.000Z,U2110703,7100,45.18848,9.25690,29347.2,5.2,24.3,88.6,-273.0,-1.0,-1.0,RS41-SG,404.901,9.0,562,9,2.6,-1,-1
2024-03-19T12:33:28.000Z,U2110703,7101,45.18849,9.25721,29352.7,5.7,24.5,88.8,-273.0,-1.0,-1.0,RS41-SG,404.901,9.4,562,9,2.5,-1,-1
2024-03-19T12:33:29.000Z,U2110703,7102,45.18849,9.25752,29359.2,7.0,25.4,87.4,-273.0,-1.0,-1.0,RS41-SG,404.901,9.4,562,9,2.5,-1,-1
2024-03-19T12:33:32.000Z,U2110703,7105,45.18857,9.25852,29377.1,5.4,26.6,79.5,-273.0,-1.0,-1.0,RS41-SG,404.901,7.9,562,9,2.7,-1,-1
2024-03-19T12:33:33.000Z,U2110703,7106,45.18862,9.25885,29382.7,6.2,25.7,76.0,-273.0,-1.0,-1.0,RS41-SG,404.901,7.5,562,9,2.6,-1,-1
2024-03-19T12:33:34.000Z,U2110703,7107,45.18868,9.25915,29389.1,6.3,24.3,73.1,-273.0,-1.0,-1.0,RS41-SG,404.901,8.6,562,9,2.5,-1,-1
2024-03-19T12:33:35.000Z,U2110703,7108,45.18874,9.25944,29394.5,4.3,23.3,72.0,-273.0,-1.0,-1.0,RS41-SG,404.901,9.1,562,9,2.5,-1,-1
2024-03-19T12:33:36.000Z,U2110703,7109,45.18880,9.25972,29399.6,5.8,22.8,73.1,-273.0,-1.0,-1.0,RS41-SG,404.901,9.1,562,9,2.6,-1,-1
2024-03-19T12:33:39.000Z,U2110703,7112,45.18895,9.26062,29418.9,4.8,26.6,80.8,-273.0,-1.0,-1.0,RS41-SG,404.901,8.7,562,9,2.6,-1,-1
2024-03-19T12:33:40.000Z,U2110703,7113,45.18898,9.26096,29423.4,4.5,27.6,82.3,-273.0,-1.0,-1.0,RS41-SG,404.901,8.7,562,9,2.6,-1,-1
2024-03-19T12:33:41.000Z,U2110703,7114,45.18902,9.26131,29428.6,5.6,28.1,82.8,-273.0,-1.0,-1.0,RS41-SG,404.901,9.8,562,9,2.5,-1,-1
2024-03-19T12:33:42.000Z,U2110703,7115,45.18905,9.26166,29435.0,7.3,27.5,81.9,-273.0,-1.0,-1.0,RS41-SG,404.901,9.8,562,9,2.7,-1,-1
2024-03-19T12:33:43.000Z,U2110703,7116,45.18909,9.26200,29441.7,6.3,26.9,79.9,-273.0,-1.0,-1.0,RS41-SG,404.901,9.0,562,9,2.7,-1,-1
2024-03-19T12:33:44.000Z,U2110703,7117,45.18914,9.26233,29447.6,5.7,26.6,77.2,-273.0,-1.0,-1.0,RS41-SG,404.901,9.0,562,9,2.7,-1,-1
2024-03-19T12:33:45.000Z,U2110703,7118,45.18919,9.26266,29453.4,6.1,26.8,74.5,-273.0,-1.0,-1.0,RS41-SG,404.901,8.2,562,9,2.6,-1,-1
2024-03-19T12:33:47.000Z,U2110703,7120,45.18934,9.26333,29466.0,5.4,28.4,71.4,-273.0,-1.0,-1.0,RS41-SG,404.901,10.0,562,9,2.5,-1,-1
2024-03-19T12:33:48.000Z,U2110703,7121,45.18943,9.26367,29471.2,5.0,28.5,70.4,-273.0,-1.0,-1.0,RS41-SG,404.901,10.0,562,9,2.7,-1,-1
2024-03-19T12:33:49.000Z,U2110703,7122,45.18951,9.26401,29476.4,5.9,28.0,69.3,-273.0,-1.0,-1.0,RS41-SG,404.901,9.0,562,9,2.7,-1,-1
2024-03-19T12:33:50.000Z,U2110703,7123,45.18960,9.26433,29482.7,6.7,26.6,68.3,-273.0,-1.0,-1.0,RS41-SG,404.901,9.6,562,9,2.7,-1,-1
2024-03-19T12:33:53.000Z,U2110703,7126,45.18985,9.26523,29500.6,5.8,25.2,70.0,-273.0,-1.0,-1.0,RS41-SG,404.901,8.5,562,9,2.5,-1,-1
2024-03-19T12:33:56.000Z,U2110703,7129,45.19006,9.26622,29518.0,4.4,29.4,75.9,-273.0,-1.0,-1.0,RS41-SG,404.901,8.4,562,9,2.7,-1,-1
2024-03-19T12:33:57.000Z,U2110703,7130,45.19013,9.26658,29522.3,4.3,30.0,76.1,-273.0,-1.0,-1.0,RS41-SG,404.901,8.7,562,9,2.6,-1,-1
2024-03-19T12:33:58.000Z,U2110703,7131,45.19019,9.26695,29527.1,5.3,29.5,76.0,-273.0,-1.0,-1.0,RS41-SG,404.901,8.7,562,9,2.5,-1,-1
2024-03-19T12:33:59.000Z,U2110703,7132,45.19025,9.26730,29532.9,6.1,28.0,75.2,-273.0,-1.0,-1.0,RS41-SG,404.901,8.7,562,9,2.5,-1,-1
2024-03-19T12:34:00.000Z,U2110703,7133,45.19032,9.26763,29539.0,6.2,26.2,74.7,-273.0,-1.0,-1.0,RS41-SG,404.901,8.7,562,9,2.7,-1,-1
2024-03-19T12:34:01.000Z,U2110703,7134,45.19038,9.26795,29544.5,4.9,24.9,75.5,-273.0,-1.0,-1.0,RS41-SG,404.901,8.7,562,9,2.7,-1,-1
2024-03-19T12:34:02.000Z,U2110703,7135,45.19043,9.26825,29549.1,4.6,24.2,76.5,-273.0,-1.0,-1.0,RS41-SG,404.901,8.7,562,9,2.7,-1,-1
2024-03-19T12:34:03.000Z,U2110703,7136,45.19048,9.26855,29554.2,5.5,24.6,77.7,-273.0,-1.0,-1.0,RS41-SG,404.901,9.0,562,9,2.6,-1,-1
2024-03-19T12:34:04.000Z,U2110703,7137,45.19052,9.26886,29560.4,6.6,26.0,78.5,-273.0,-1.0,-1.0,RS41-SG,404.901,10.1,562,9,2.6,-1,-1
2024-03-19T12:34:05.000Z,U2110703,7138,45.19057,9.26920,29566.6,5.5,27.5,78.8,-273.0,-1.0,-1.0,RS41-SG,404.901,10.1,562,9,2.5,-1,-1
2024-03-19T12:34:07.000Z,U2110703,7140,45.19068,9.26990,29577.4,6.2,28.9,77.5,-273.0,-1.0,-1.0,RS41-SG,404.901,8.3,562,9,2.7,-1,-1
2024-03-19T12:34:08.000Z,U2110703,7141,45.19073,9.27025,29583.9,6.9,28.1,76.1,-273.0,-1.0,-1.0,RS41-SG,404.901,8.9,562,9,2.7,-1,-1
2024-03-19T12:34:09.000Z,U2110703,7142,45.19080,9.27059,29590.3,5.5,27.1,74.9,-273.0,-1.0,-1.0,RS41-SG,404.901,10.1,562,9,2.6,-1,-1
2024-03-19T12:34:10.000Z,U2110703,7143,45.19086,9.27091,29595.2,4.6,26.2,74.3,-273.0,-1.0,-1.0,RS41-SG,404.901,10.1,562,9,2.5,-1,-1
2024-03-19T12:34:11.000Z,U2110703,7144,45.19092,9.27123,29600.3,5.6,26.0,74.0,-273.0,-1.0,-1.0,RS41-SG,404.901,10.3,562,9,2.5,-1,-1
2024-03-19T12:34:12.000Z,U2110703,7145,45.19099,9.27155,29606.4,6.8,26.5,74.4,-273.0,-1.0,-1.0,RS41-SG,404.901,10.3,562,9,2.7,-1,-1
2024-03-19T12:34:13.000Z,U2110703,7146,45.19105,9.27188,29612.7,6.0,27.2,75.3,-39.1,-1.0,-1.0,RS41-SG,404.901,10.3,562,9,2.6,-1,-1
2024-03-19T12:34:14.000Z,U2110703,7147,45.19111,9.27221,29618.2,4.8,27.4,75.6,-39.2,-1.0,-1.0,RS41-SG,404.901,10.3,562,9,2.6,-1,-1
2024-03-19T12:34:15.000Z,U2110703,7148,45.19117,9.27255,29623.2,5.3,26.9,75.4,-39.1,-1.0,-1.0,RS41-SG,404.901,10.0,562,9,2.6,-1,-1
2024-03-19T12:34:16.000Z,U2110703,7149,45.19123,9.27287,29629.2,6.4,26.2,74.3,-39.0,-1.0,-1.0,RS41-SG,404.901,10.0,562,9,2.6,-1,-1
2024-03-19T12:34:17.000Z,U2110703,7150,45.19130,9.27318,29635.4,6.0,25.4,72.7,-39.0,-1.0,-1.0,RS41-SG,404.901,10.0,562,9,2.5,-1,-1
2024-03-19T12:34:18.000Z,U2110703,7151,45.19137,9.27349,29640.8,5.0,25.3,71.5,-38.9,-1.0,-1.0,RS41-SG,404.901,10.0,562,9,2.7,-1,-1
2024-03-19T12:34:19.000Z,U2110703,7152,45.19145,9.27380,29645.9,5.5,26.2,70.1,-39.0,-1.0,-1.0,RS41-SG,404.901,10.6,562,9,2.7,-1,-1
2024-03-19T12:34:20.000Z,U2110703,7153,45.19153,9.27412,29651.3,6.4,27.9,69.9,-39.1,-1.0,-1.0,RS41-SG,404.901,10.6,562,9,2.7,-1,-1
2024-03-19T12:34:22.000Z,U2110703,7155,45.19171,9.27482,29662.9,4.2,30.9,70.6,-39.0,-1.0,-1.0,RS41-SG,404.901,8.1,562,9,2.6,-1,-1
2024-03-19T12:34:23.000Z,U2110703,7156,45.19180,9.27520,29667.2,4.4,31.2,71.3,-39.0,-1.0,-1.0,RS41-SG,404.901,10.7,562,9,2.5,-1,-1
2024-03-19T12:34:24.000Z,U2110703,7157,45.19188,9.27557,29672.6,6.1,30.3,72.0,-39.1,-1.0,-1.0,RS41-SG,404.901,10.7,562,9,2.7,-1,-1
2024-03-19T12:34:25.000Z,U2110703,7158,45.19196,9.27592,29679.0,7.0,28.4,72.5,-39.1,-1.0,-1.0,RS41-SG,404.901,9.8,562,9,2.7,-1,-1
2024-03-19T12:34:26.000Z,U2110703,7159,45.19204,9.27625,29684.9,5.2,26.6,72.8,-39.1,-1.0,-1.0,RS41-SG,404.901,9.1,562,9,2.7,-1,-1
2024-03-19T12:34:27.000Z,U2110703,7160,45.19210,9.27657,29689.9,4.8,25.1,74.3,-39.0,-1.0,-1.0,RS41-SG,404.901,9.3,562,9,2.6,-1,-1
2024-03-19T12:34:28.000Z,U2110703,7161,45.19216,9.27687,29694.8,5.4,24.5,76.3,-38.9,-1.0,-1.0,RS41-SG,404.901,9.3,562,9,2.6,-1,-1
2024-03-19T12:34:30.000Z,U2110703,7163,45.19225,9.27750,29707.0,5.5,26.3,79.8,-38.8,-1.0,-1.0,RS41-SG,404.901,9.7,562,9,2.7,-1,-1
2024-03-19T12:34:31.000Z,U2110703,7164,45.19229,9.27783,29712.1,5.0,27.5,80.0,-38.8,-1.0,-1.0,RS41-SG,404.901,9.7,562,9,2.7,-1,-1
2024-03-19T12:34:32.000Z,U2110703,7165,45.19234,9.27818,29717.2,5.2,28.1,79.6,-38.8,-1.0,-1.0,RS41-SG,404.901,9.3,562,9,2.7,-1,-1
2024-03-19T12:34:35.000Z,U2110703,7168,45.19250,9.27922,29734.1,4.5,27.6,76.2,-38.8,-1.0,-1.0,RS41-SG,404.901,9.2,562,9,2.5,-1,-1
2024-03-19T12:34:36.000Z,U2110703,7169,45.19256,9.27956,29738.9,5.5,27.8,76.0,-38.7,-1.0,-1.0,RS41-SG,404.901,9.2,562,9,2.7,-1,-1
2024-03-19T12:34:37.000Z,U2110703,7170,45.19262,9.27990,29744.7,6.3,28.6,76.8,-38.6,-1.0,-1.0,RS41-SG,404.901,8.2,562,9,2.7,-1,-1
2024-03-19T12:34:38.000Z,U2110703,7171,45.19267,9.28026,29750.3,5.0,29.1,77.9,-38.6,-1.0,-1.0,RS41-SG,404.901,7.9,562,9,2.7,-1,-1
2024-03-19T12:34:39.000Z,U2110703,7172,45.19272,9.28062,29755.4,5.0,28.8,79.4,-38.6,-1.0,-1.0,RS41-SG,404.901,8.2,562,9,2.6,-1,-1
2024-03-19T12:34:40.000Z,U2110703,7173,45.19277,9.28097,29761.0,5.9,27.6,80.8,-38.5,-1.0,-1.0,RS41-SG,404.901,9.5,562,9,2.6,-1,-1
2024-03-19T12:34:43.000Z,U2110703,7176,45.19286,9.28192,29776.5,4.7,23.6,83.6,-38.4,-1.0,-1.0,RS41-SG,404.901,7.6,562,9,2.6,-1,-1
2024-03-19T12:34:44.000Z,U2110703,7177,45.19288,9.28222,29781.3,5.4,24.0,84.4,-38.4,-1.0,-1.0,RS41-SG,404.901,9.4,562,9,2.6,-1,-1
2024-03-19T12:34:45.000Z,U2110703,7178,45.19290,9.28253,29787.3,6.1,25.1,84.3,-38.4,-1.0,-1.0,RS41-SG,404.901,9.4,562,9,2.7,-1,-1
2024-03-19T12:34:46.000Z,U2110703,7179,45.19293,9.28286,29793.3,5.9,26.4,84.3,-38.5,-1.0,-1.0,RS41-SG,404.901,9.9,562,9,2.6,-1,-1
2024-03-19T12:34:47.000Z,U2110703,7180,45.19295,9.28319,29798.5,4.4,27.0,83.8,-38.4,-1.0,-1.0,RS41-SG,404.901,9.9,562,9,2.5,-1,-1
2024-03-19T12:34:48.000Z,U2110703,7181,45.19298,9.28353,29803.0,4.5,26.9,83.0,-38.3,-1.0,-1.0,RS41-SG,404.901,8.7,562,9,2.5,-1,-1
2024-03-19T12:34:49.000Z,U2110703,7182,45.19301,9.28386,29807.7,5.1,25.9,82.4,-38.1,-1.0,-1.0,RS41-SG,404.901,9.5,562,9,2.7,-1,-1
2024-03-19T12:34:51.000Z,U2110703,7184,45.19307,9.28447,29819.2,6.0,22.2,81.9,-38.0,-1.0,-1.0,RS41-SG,404.901,9.8,562,9,2.6,-1,-1
2024-03-19T12:34:52.000Z,U2110703,7185,45.19309,9.28474,29824.5,4.6,20.9,82.7,-37.9,-1.0,-1.0,RS41-SG,404.901,9.8,562,9,2.6,-1,-1
2024-03-19T12:34:56.000Z,U2110703,7189,45.19312,9.28585,29846.8,4.9,24.9,91.5,-37.6,-1.0,-1.0,RS41-SG,404.901,9.7,562,9,2.6,-1,-1
2024-03-19T12:34:57.000Z,U2110703,7190,45.19312,9.28617,29851.9,4.9,26.1,91.6,-37.6,-1.0,-1.0,RS41-SG,404.901,8.4,562,9,2.6,-1,-1
2024-03-19T12:34:58.000Z,U2110703,7191,45.19311,9.28651,29857.2,5.7,26.4,91.2,-37.5,-1.0,-1.0,RS41-SG,404.901,8.4,562,9,2.6,-1,-1
2024-03-19T12:34:59.000Z,U2110703,7192,45.19311,9.28683,29863.3,6.7,25.4,90.2,-37.4,-1.0,-1.0,RS41-SG,404.901,8.0,562,9,2.7,-1,-1
2024-03-19T12:35:00.000Z,U2110703,7193,45.19311,9.28715,29869.7,6.2,24.0,88.8,-37.3,-1.0,-1.0,RS41-SG,404.901,9.2,562,9,2.7,-1,-1
2024-03-19T12:35:01.000Z,U2110703,7194,45.19312,9.28744,29875.0,4.8,22.9,87.9,-37.3,-1.0,-1.0,RS41-SG,404.901,9.2,562,9,2.7,-1,-1
2024-03-19T12:35:02.000Z,U2110703,7195,45.19312,9.28773,29880.0,4.9,22.2,87.3,-37.2,-1.0,-1.0,RS41-SG,404.901,8.4,562,9,2.6,-1,-1
2024-03-19T12:35:03.000Z,U2110703,7196,45.19313,9.28801,29885.4,6.1,22.0,87.5,-37.2,-1.0,-1.0,RS41-SG,404.901,9.7,562,9,2.6,-1,-1
2024-03-19T12:35:04.000Z,U2110703,7197,45.19314,9.28829,29891.8,6.6,22.4,88.3,-37.2,-1.0,-1.0,RS41-SG,404.901,9.7,562,9,2.6,-1,-1
2024-03-19T12:35:05.000Z,U2110703,7198,45.19314,9.28857,29897.8,5.2,22.7,89.2,-37.2,-1.0,-1.0,RS41-SG,404.901,8.7,562,9,2.7,-1,-1
2024-03-19T12:35:12.000Z,U2110703,7205,45.19305,9.29040,29938.4,7.1,21.9,95.3,-37.4,0.3,-1.0,RS41-SG,404.901,7.3,562,9,2.7,-1,-1
2024-03-19T12:35:13.000Z,U2110703,7206,45.19304,9.29069,29944.7,5.5,23.5,94.0,-37.4,0.3,-1.0,RS41-SG,404.901,7.3,562,9,2.7,-1,-1
2024-03-19T12:35:15.000Z,U2110703,7208,45.19302,9.29130,29955.3,5.5,24.4,91.9,-37.2,0.2,-1.0,RS41-SG,404.901,8.9,562,9,2.6,-1,-1
2024-03-19T12:35:16.000Z,U2110703,7209,45.19301,9.29160,29961.3,6.5,23.0,92.1,-37.2,0.2,-1.0,RS41-SG,404.901,8.9,562,9,2.7,-1,-1
2024-03-19T12:35:17.000Z,U2110703,7210,45.19300,9.29188,29967.7,6.7,21.2,92.8,-37.1,0.2,-1.0,RS41-SG,404.901,7.1,562,9,2.7,-1,-1
2024-03-19T12:35:21.000Z,U2110703,7214,45.19296,9.29286,29989.6,7.2,19.7,91.4,-37.0,0.2,-1.0,RS41-SG,404.901,9.0,562,9,2.7,-1,-1
2024-03-19T12:35:23.000Z,U2110703,7216,45.19296,9.29340,30002.8,5.4,22.7,90.0,-37.3,0.3,-1.0,RS41-SG,404.901,8.1,562,9,2.6,-1,-1
2024-03-19T12:35:24.000Z,U2110703,7217,45.19296,9.29369,30008.2,5.1,23.7,89.8,-37.3,0.2,-1.0,RS41-SG,404.901,8.1,562,9,2.7,-1,-1
2024-03-19T12:35:25.000Z,U2110703,7218,45.19296,9.29399,30013.8,6.5,23.8,90.2,-37.3,0.2,-1.0,RS41-SG,404.901,8.9,562,9,2.7,-1,-1
2024-03-19T12:35:26.000Z,U2110703,7219,45.19296,9.29429,30020.6,7.4,23.0,90.8,-37.3,0.2,-1.0,RS41-SG,404.901,9.1,562,9,2.7,-1,-1
2024-03-19T12:35:27.000Z,U2110703,7220,45.19295,9.29457,30027.2,5.9,22.3,92.1,-37.2,0.2,-1.0,RS41-SG,404.901,9.1,562,9,2.6,-1,-1
2024-03-19T12:35:29.000Z,U2110703,7222,45.19293,9.29513,30038.4,6.3,22.0,94.4,-37.0,0.2,-1.0,RS41-SG,404.901,7.3,562,9,2.6,-1,-1
2024-03-19T12:35:31.000Z,U2110703,7224,45.19290,9.29571,30051.5,6.2,23.8,94.5,-37.0,0.2,-1.0,RS41-SG,404.901,7.5,562,9,2.7,-1,-1
2024-03-19T12:35:32.000Z,U2110703,7225,45.19288,9.29601,30057.2,5.4,24.3,94.0,-37.1,0.2,-1.0,RS41-SG,404.901,8.7,562,9,2.7,-1,-1
2024-03-19T12:35:34.000Z,U2110703,7227,45.19286,9.29661,30069.7,6.8,22.8,90.7,-37.3,0.3,-1.0,RS41-SG,404.901,7.5,562,9,2.6,-1,-1
2024-03-19T12:35:39.000Z,U2110703,7232,45.19290,9.29799,30101.0,6.9,23.8,89.0,-37.5,0.2,-1.0,RS41-SG,404.901,8.4,562,9,2.6,-1,-1
2024-03-19T12:35:41.000Z,U2110703,7234,45.19289,9.29862,30112.7,5.6,25.9,91.7,-37.5,0.3,-1.0,RS41-SG,404.901,8.1,562,9,2.6,-1,-1
2024-03-19T12:35:42.000Z,U2110703,7235,45.19288,9.29895,30119.2,7.3,25.4,92.9,-37.6,0.2,-1.0,RS41-SG,404.901,8.0,562,9,2.7,-1,-1
2024-03-19T12:35:45.000Z,U2110703,7238,45.19285,9.29985,30138.5,5.7,22.3,92.1,-37.6,0.2,-1.0,RS41-SG,404.901,8.9,562,9,2.6,-1,-1
2024-03-19T12:35:47.000Z,U2110703,7240,45.19284,9.30041,30151.9,6.6,22.6,90.3,-37.6,0.2,-1.0,RS41-SG,404.901,8.2,562,9,2.7,-1,-1
2024-03-19T12:35:51.000Z,U2110703,7244,45.19286,9.30152,30178.2,7.4,19.8,87.1,-37.6,0.2,-1.0,RS41-SG,404.901,8.6,562,9,2.7,-1,-1
2024-03-19T12:35:52.000Z,U2110703,7245,45.19287,9.30176,30184.7,6.1,19.2,87.2,-37.6,0.2,-1.0,RS41-SG,404.901,8.6,562,9,2.6,-1,-1
2024-03-19T12:35:56.000Z,U2110703,7249,45.19286,9.30285,30211.4,5.8,24.7,93.9,-37.5,0.3,-1.0,RS41-SG,404.901,9.4,562,9,2.6,-1,-1
2024-03-19T12:35:57.000Z,U2110703,7250,45.19285,9.30316,30216.8,5.0,25.9,94.9,-37.6,0.3,-1.0,RS41-SG,404.901,8.2,562,9,2.7,-1,-1
2024-03-19T12:35:58.000Z,U2110703,7251,45.19282,9.30349,30222.1,6.5,25.8,96.2,-37.6,0.2,-1.0,RS41-SG,404.901,6.9,562,9,2.7,-1,-1
2024-03-19T12:35:59.000Z,U2110703,7252,45.19280,9.30380,30229.1,8.0,24.3,96.9,-37.5,0.2,-1.0,RS41-SG,404.901,9.1,562,9,2.7,-1,-1
2024-03-19T12:36:11.000Z,U2110703,7264,45.19258,9.30699,30310.3,7.5,23.8,90.7,-37.6,0.2,-1.0,RS41-SG,404.901,7.9,562,9,2.6,-1,-1
2024-03-19T12:36:12.000Z,U2110703,7265,45.19258,9.30730,30317.1,6.3,25.0,89.9,-37.5,0.2,-1.0,RS41-SG,404.901,8.2,562,9,2.7,-1,-1
2024-03-19T12:36:13.000Z,U2110703,7266,45.19258,9.30761,30323.7,6.7,25.3,89.6,-37.6,0.2,-1.0,RS41-SG,404.901,8.2,562,9,2.7,-1,-1
2024-03-19T12:36:14.000Z,U2110703,7267,45.19258,9.30793,30330.8,8.2,24.4,90.5,-37.6,0.2,-1.0,RS41-SG,404.901,8.1,562,9,2.7,-1,-1
2024-03-19T12:36:15.000Z,U2110703,7268,45.19257,9.30822,30339.0,8.3,22.5,92.0,-37.5,0.2,-1.0,RS41-SG,404.901,9.4,562,9,2.6,-1,-1
2024-03-19T12:36:16.000Z,U2110703,7269,45.19256,9.30850,30346.1,5.8,20.7,93.9,-37.5,0.2,-1.0,RS41-SG,404.901,9.4,562,9,2.6,-1,-1
2024-03-19T12:36:17.000Z,U2110703,7270,45.19255,9.30875,30351.7,5.2,19.3,96.4,-37.5,0.2,-1.0,RS41-SG,404.901,9.8,562,9,2.6,-1,-1
2024-03-19T12:36:20.000Z,U2110703,7273,45.19247,9.30947,30371.5,8.0,20.3,99.9,-37.6,0.3,-1.0,RS41-SG,404.901,8.7,562,9,2.7,-1,-1
2024-03-19T12:36:21.000Z,U2110703,7274,45.19244,9.30973,30378.5,5.8,21.1,98.9,-37.5,0.2,-1.0,RS41-SG,404.901,8.7,562,9,2.6,-1,-1
2024-03-19T12:36:23.000Z,U2110703,7276,45.19239,9.31026,30390.6,6.6,21.0,94.8,-37.6,0.2,-1.0,RS41-SG,404.901,9.0,562,9,2.6,-1,-1
2024-03-19T12:36:24.000Z,U2110703,7277,45.19238,9.31052,30397.8,7.9,20.1,92.0,-37.6,0.2,-1.0,RS41-SG,404.901,9.0,562,9,2.7,-1,-1
2024-03-19T12:36:25.000Z,U2110703,7278,45.19238,9.31077,30404.7,6.9,19.0,89.5,-37.6,0.3,-1.0,RS41-SG,404.901,10.1,562,9,2.7,-1,-1
2024-03-19T12:36:29.000Z,U2110703,7282,45.19240,9.31175,30431.9,7.5,21.4,87.8,-37.7,0.2,-1.0,RS41-SG,404.901,8.8,562,9,2.7,-1,-1
2024-03-19T12:36:31.000Z,U2110703,7284,45.19241,9.31231,30444.9,6.9,22.5,89.6,-37.8,0.2,-1.0,RS41-SG,404.901,8.3,562,9,2.6,-1,-1
2024-03-19T12:36:32.000Z,U2110703,7285,45.19241,9.31259,30452.0,7.6,21.5,90.1,-37.7,0.3,-1.0,RS41-SG,404.901,8.3,562,9,2.6,-1,-1
2024-03-19T12:36:35.000Z,U2110703,7288,45.19240,9.31333,30472.6,5.9,18.0,91.9,-37.8,0.3,-1.0,RS41-SG,404.901,8.8,562,9,2.7,-1,-1
2024-03-19T12:36:36.000Z,U2110703,7289,45.19240,9.31356,30478.6,6.8,18.2,92.1,-37.8,0.2,-1.0,RS41-SG,404.901,8.7,562,9,2.6,-1,-1
2024-03-19T12:36:39.000Z,U2110703,7292,45.19238,9.31432,30499.9,6.5,21.6,91.0,-37.9,0.2,-1.0,RS41-SG,404.901,9.3,562,9,2.7,-1,-1
2024-03-19T12:36:43.000Z,U2110703,7296,45.19244,9.31538,30528.9,6.1,19.3,80.6,-38.1,0.2,-1.0,RS41-SG,404.901,8.6,562,9,2.6,-1,-1
2024-03-19T12:36:44.000Z,U2110703,7297,45.19247,9.31562,30534.8,6.0,18.8,79.0,-38.1,0.3,-1.0,RS41-SG,404.901,8.6,562,9,2.6,-1,-1
2024-03-19T12:36:45.000Z,U2110703,7298,45.19250,9.31585,30541.5,7.7,18.9,79.4,-38.3,0.2,-1.0,RS41-SG,404.901,7.7,562,9,2.7,-1,-1
2024-03-19T12:36:47.000Z,U2110703,7300,45.19255,9.31633,30556.2,6.6,19.7,83.3,-38.2,0.2,-1.0,RS41-SG,404.901,8.5,562,9,2.7,-1,-1
2024-03-19T12:36:48.000Z,U2110703,7301,45.19257,9.31658,30562.5,6.3,19.7,84.5,-38.1,0.3,-1.0,RS41-SG,404.901,8.5,562,9,2.6,-1,-1
2024-03-19T12:36:49.000Z,U2110703,7302,45.19258,9.31683,30569.3,7.0,19.1,84.0,-38.1,0.3,-1.0,RS41-SG,404.901,8.4,562,9,2.6,-1,-1
2024-03-19T12:36:51.000Z,U2110703,7304,45.19263,9.31728,30583.6,7.8,17.3,79.5,-38.4,0.2,-1.0,RS41-SG,404.901,9.0,562,9,2.7,-1,-1
2024-03-19T12:36:52.000Z,U2110703,7305,45.19266,9.31750,30590.7,6.8,17.2,76.3,-38.4,0.2,-1.0,RS41-SG,404.901,8.1,562,9,2.7,-1,-1
2024-03-19T12:36:56.000Z,U2110703,7309,45.19287,9.31847,30618.0,7.3,23.9,71.8,-38.3,0.3,-1.0,RS41-SG,404.901,7.9,562,9,2.7,-1,-1
2024-03-19T12:36:57.000Z,U2110703,7310,45.19294,9.31876,30624.7,6.4,25.0,72.2,-38.3,0.2,-1.0,RS41-SG,404.901,9.2,562,9,2.7,-1,-1
2024-03-19T12:36:59.000Z,U2110703,7312,45.19307,9.31935,30637.7,7.2,23.0,72.8,-38.2,0.2,-1.0,RS41-SG,404.901,8.8,562,9,2.5,-1,-1
2024-03-19T12:37:00.000Z,U2110703,7313,45.19313,9.31961,30645.1,7.9,20.3,73.0,-38.2,0.2,-1.0,RS41-SG,404.901,8.4,562,9,2.6,-1,-1
2024-03-19T12:37:01.000Z,U2110703,7314,45.19318,9.31984,30652.3,6.8,17.8,74.4,-38.3,0.3,-1.0,RS41-SG,404.901,7.6,562,9,2.6,-1,-1
2024-03-19T12:37:08.000Z,U2110703,7321,45.19334,9.32143,30698.5,5.5,23.2,81.5,-38.5,0.2,-1.0,RS41-SG,404.901,8.8,562,9,2.7,-1,-1
2024-03-19T12:37:12.000Z,U2110703,7325,45.19352,9.32251,30725.4,6.1,19.5,71.8,-38.3,0.3,-1.0,RS41-SG,404.901,8.2,562,9,2.6,-1,-1
2024-03-19T12:37:15.000Z,U2110703,7328,45.19368,9.32319,30746.1,8.3,19.1,75.1,-38.2,0.3,-1.0,RS41-SG,404.901,8.2,562,9,2.7,-1,-1
2024-03-19T12:37:16.000Z,U2110703,7329,45.19372,9.32343,30753.6,7.0,20.2,78.4,-38.2,0.2,-1.0,RS41-SG,404.901,8.2,562,9,2.6,-1,-1
2024-03-19T12:37:19.000Z,U2110703,7332,45.19377,9.32423,30772.5,7.0,21.3,90.7,-38.3,0.2,-1.0,RS41-SG,404.901,8.6,562,9,2.7,-1,-1
2024-03-19T12:37:25.000Z,U2110703,7338,45.19376,9.32583,30812.8,6.3,23.4,85.0,-38.5,0.2,-1.0,RS41-SG,404.901,8.3,562,9,2.6,-1,-1
2024-03-19T12:37:26.000Z,U2110703,7339,45.19378,9.32613,30819.2,6.0,23.6,82.6,-38.5,0.2,-1.0,RS41-SG,404.901,8.3,562,9,2.6,-1,-1
2024-03-19T12:37:27.000Z,U2110703,7340,45.19382,9.32642,30825.8,7.5,22.7,79.5,-38.5,0.3,-1.0,RS41-SG,404.901,7.0,562,9,2.6,-1,-1
2024-03-19T12:37:29.000Z,U2110703,7342,45.19390,9.32693,30841.1,7.0,18.7,73.9,-38.8,0.3,-1.0,RS41-SG,404.901,8.8,562,9,2.7,-1,-1
2024-03-19T12:37:31.000Z,U2110703,7344,45.19400,9.32736,30852.6,5.8,16.6,71.4,-38.7,0.2,-1.0,RS41-SG,404.901,8.1,562,9,2.6,-1,-1
2024-03-19T12:37:32.000Z,U2110703,7345,45.19404,9.32756,30859.2,7.3,16.9,72.5,-38.7,0.2,-1.0,RS41-SG,404.901,8.3,562,9,2.6,-1,-1
2024-03-19T12:37:33.000Z,U2110703,7346,45.19409,9.32777,30866.2,7.0,17.6,74.6,-38.6,0.2,-1.0,RS41-SG,404.901,8.3,562,9,2.7,-1,-1
2024-03-19T12:37:34.000Z,U2110703,7347,45.19413,9.32799,30872.8,6.6,18.5,75.8,-38.5,0.2,-1.0,RS41-SG,404.901,8.1,562,9,2.7,-1,-1
2024-03-19T12:37:37.000Z,U2110703,7350,45.19425,9.32867,30893.4,6.9,18.0,74.6,-38.5,0.2,-1.0,RS41-SG,404.901,7.2,562,9,2.7,-1,-1
2024-03-19T12:37:39.000Z,U2110703,7352,45.19434,9.32910,30904.9,5.7,17.8,70.3,-38.3,0.2,-1.0,RS41-SG,404.901,8.4,562,9,2.7,-1,-1
2024-03-19T12:37:41.000Z,U2110703,7354,45.19447,9.32955,30917.8,6.8,20.1,68.2,-38.3,0.2,-1.0,RS41-SG,404.901,7.4,562,9,2.6,-1,-1
2024-03-19T12:37:42.000Z,U2110703,7355,45.19453,9.32979,30924.6,6.9,21.1,69.4,-38.1,0.2,-1.0,RS41-SG,404.901,7.6,562,9,2.6,-1,-1
2024-03-19T12:37:43.000Z,U2110703,7356,45.19460,9.33004,30931.1,6.3,21.2,71.6,-38.0,0.2,-1.0,RS41-SG,404.901,8.7,562,9,2.7,-1,-1
2024-03-19T12:37:51.000Z,U2110703,7364,45.19490,9.33167,30983.0,6.6,17.9,64.6,-37.6,0.2,-1.0,RS41-SG,404.901,8.0,562,9,2.6,-1,-1
2024-03-19T12:37:52.000Z,U2110703,7365,45.19497,9.33189,30988.8,4.8,19.9,62.5,-37.7,0.2,-1.0,RS41-SG,404.901,8.3,562,9,2.6,-1,-1
2024-03-19T12:37:56.000Z,U2110703,7369,45.19535,9.33282,31012.1,6.4,20.3,59.3,-37.6,0.2,-1.0,RS41-SG,404.901,8.1,562,9,2.7,-1,-1
2024-03-19T12:37:58.000Z,U2110703,7371,45.19552,9.33325,31024.2,6.1,19.3,60.9,-37.5,0.2,-1.0,RS41-SG,404.901,7.4,562,9,2.6,-1,-1
2024-03-19T12:38:00.000Z,U2110703,7373,45.19568,9.33369,31036.9,6.9,19.6,64.5,-37.4,0.2,-1.0,RS41-SG,404.901,8.4,562,9,2.7,-1,-1
2024-03-19T12:40:07.000Z,U2110703,7500,45.20940,9.36615,31765.3,5.4,31.7,55.3,-36.1,0.2,-1.0,RS41-SG,404.901,8.4,562,9,2.7,-1,-1
2024-03-19T12:40:11.000Z,U2110703,7504,45.21009,9.36750,31789.1,6.4,32.5,56.4,-36.2,0.2,-1.0,RS41-SG,404.901,8.0,562,9,2.7,-1,-1
2024-03-19T12:40:12.000Z,U2110703,7505,45.21024,9.36785,31795.9,7.0,32.1,60.5,-36.2,0.2,-1.0,RS41-SG,404.901,8.0,562,9,2.7,-1,-1
2024-03-19T12:40:14.000Z,U2110703,7507,45.21049,9.36858,31807.6,4.9,31.9,67.0,-36.1,0.1,-1.0,RS41-SG,404.901,8.4,562,9,2.6,-1,-1
2024-03-19T12:40:29.000Z,U2110703,7522,45.21213,9.37388,31897.6,6.2,29.3,69.8,-35.3,0.1,-1.0,RS41-SG,404.901,7.8,562,9,2.7,-1,-1
2024-03-19T12:42:47.000Z,U2110703,7660,45.22313,9.42640,32774.7,6.8,30.9,74.0,-29.7,0.1,-1.0,RS41-SG,404.901,8.1,562,10,2.7,-1,-1
2024-03-19T12:42:59.000Z,U2110703,7672,45.22381,9.43020,32842.8,6.4,21.9,83.4,-29.3,0.1,-1.0,RS41-SG,404.901,7.5,562,10,2.7,-1,-1
2024-03-19T12:43:54.000Z,U2110703,7727,45.22924,9.45110,33153.1,5.9,36.5,69.6,-28.6,0.0,-1.0,RS41-SG,404.901,7.8,562,10,2.7,-1,-1
2024-03-19T12:44:54.001Z,U2110703,7787,45.23437,9.47467,31555.2,-34.2,30.4,57.3,-37.0,0.2,-1.0,RS41-SG,404.901,7.5,562,10,2.7,-1,-1
