timestamp,serial,frame,lat,lon,alt,vel_v,vel_h,heading,temp,humidity,pressure,type,freq_mhz,snr,f_error_hz,sats,batt_v,burst_timer,aux_data
2024-11-09T12:28:12.000Z,U3310463,6851,46.78283,7.19106,26656.5,7.2,20.1,91.2,-273.0,-1.0,-1.0,RS41,403.500,8.4,375,11,2.6,-1,-1
2024-11-09T12:28:17.000Z,U3310463,6856,46.78272,7.19222,26685.9,4.8,15.7,105.4,-273.0,-1.0,-1.0,RS41,403.500,10.0,375,11,2.5,-1,-1
2024-11-09T12:28:19.000Z,U3310463,6858,46.78264,7.19264,26698.0,7.4,17.9,102.5,-273.0,-1.0,-1.0,RS41,403.500,8.3,375,11,2.6,-1,-1
2024-11-09T12:28:21.000Z,U3310463,6860,46.78258,7.19315,26710.0,4.4,21.6,97.8,-273.0,-1.0,-1.0,RS41,403.500,7.9,375,11,2.5,-1,-1
2024-11-09T12:28:23.000Z,U3310463,6862,46.78254,7.19374,26719.8,6.3,23.1,92.4,-273.0,-1.0,-1.0,RS41,403.500,8.8,375,11,2.5,-1,-1
2024-11-09T12:28:25.000Z,U3310463,6864,46.78254,7.19432,26731.8,5.2,21.8,89.1,-273.0,-1.0,-1.0,RS41,403.500,7.8,375,11,2.6,-1,-1
2024-11-09T12:28:28.000Z,U3310463,6867,46.78256,7.19515,26750.2,5.8,20.6,88.7,-273.0,-1.0,-1.0,RS41,403.500,8.9,375,11,2.5,-1,-1
2024-11-09T12:28:29.000Z,U3310463,6868,46.78256,7.19541,26756.2,6.3,19.7,92.2,-273.0,-1.0,-1.0,RS41-SG,403.500,8.9,375,11,2.5,-1,-1
2024-11-09T12:28:31.000Z,U3310463,6870,46.78252,7.19588,26768.6,5.5,16.9,102.4,-273.0,-1.0,-1.0,RS41-SG,403.500,12.1,375,11,2.6,-1,-1
2024-11-09T12:28:32.000Z,U3310463,6871,46.78248,7.19609,26773.6,4.5,16.2,107.6,-273.0,-1.0,-1.0,RS41-SG,403.500,12.1,375,11,2.6,-1,-1
2024-11-09T12:28:33.000Z,U3310463,6872,46.78243,7.19629,26778.2,4.6,16.5,112.9,-273.0,-1.0,-1.0,RS41-SG,403.500,11.0,375,11,2.5,-1,-1
2024-11-09T12:28:36.000Z,U3310463,6875,46.78222,7.19695,26795.3,5.0,20.7,113.1,-273.0,-1.0,-1.0,RS41-SG,403.500,9.3,375,11,2.6,-1,-1
2024-11-09T12:28:43.000Z,U3310463,6882,46.78216,7.19882,26835.4,7.3,18.9,89.4,-273.0,-1.0,-1.0,RS41-SG,403.500,11.3,375,10,2.6,-1,-1
2024-11-09T12:28:45.000Z,U3310463,6884,46.78212,7.19929,26847.3,5.5,17.1,103.9,-273.0,-1.0,-1.0,RS41-SG,403.500,10.3,375,11,2.5,-1,-1
2024-11-09T12:28:46.000Z,U3310463,6885,46.78208,7.19950,26853.2,6.1,16.1,111.4,-273.0,-1.0,-1.0,RS41-SG,403.500,9.8,375,11,2.5,-1,-1
2024-11-09T12:28:47.000Z,U3310463,6886,46.78202,7.19969,26858.6,4.9,15.6,115.8,-273.0,-1.0,-1.0,RS41-SG,403.500,9.6,375,11,2.5,-1,-1
2024-11-09T12:28:48.000Z,U3310463,6887,46.78196,7.19987,26863.3,4.7,15.7,117.9,-273.0,-1.0,-1.0,RS41-SG,403.500,10.1,375,11,2.6,-1,-1
2024-11-09T12:28:52.000Z,U3310463,6891,46.78170,7.20073,26886.6,4.7,20.2,106.8,-273.0,-1.0,-1.0,RS41-SG,403.500,8.3,375,11,2.5,-1,-1
2024-11-09T12:28:53.000Z,U3310463,6892,46.78165,7.20099,26892.0,6.3,19.8,100.2,-273.0,-1.0,-1.0,RS41-SG,403.500,9.9,375,11,2.5,-1,-1
2024-11-09T12:28:55.000Z,U3310463,6894,46.78163,7.20148,26903.6,4.5,18.0,90.2,-273.0,-1.0,-1.0,RS41-SG,403.500,8.7,375,10,2.6,-1,-1
2024-11-09T12:28:56.000Z,U3310463,6895,46.78163,7.20171,26908.7,5.6,17.4,87.4,-273.0,-1.0,-1.0,RS41-SG,403.500,10.5,375,10,2.6,-1,-1
2024-11-09T12:28:57.000Z,U3310463,6896,46.78163,7.20193,26914.9,6.7,16.9,88.9,-273.0,-1.0,-1.0,RS41-SG,403.500,10.5,375,10,2.5,-1,-1
2024-11-09T12:28:58.000Z,U3310463,6897,46.78163,7.20215,26921.1,5.5,16.6,92.8,-273.0,-1.0,-1.0,RS41-SG,403.500,10.5,375,10,2.5,-1,-1
2024-11-09T12:28:59.000Z,U3310463,6898,46.78162,7.20236,26926.2,4.6,16.4,98.3,-273.0,-1.0,-1.0,RS41-SG,403.500,10.5,375,10,2.6,-1,-1
2024-11-09T12:29:01.000Z,U3310463,6900,46.78155,7.20276,26938.0,6.2,15.4,109.2,-273.0,-1.0,-1.0,RS41-SG,403.500,10.1,375,10,2.5,-1,-1
2024-11-09T12:29:02.000Z,U3310463,6901,46.78150,7.20295,26943.4,4.8,15.4,110.8,-273.0,-1.0,-1.0,RS41-SG,403.500,10.6,375,11,2.5,-1,-1
2024-11-09T12:29:03.000Z,U3310463,6902,46.78145,7.20314,26948.7,5.9,16.3,112.8,-273.0,-1.0,-1.0,RS41-SG,403.500,11.6,375,11,2.6,-1,-1
2024-11-09T12:29:04.000Z,U3310463,6903,46.78139,7.20335,26955.0,6.6,17.9,112.8,-273.0,-1.0,-1.0,RS41-SG,403.500,11.6,375,10,2.6,-1,-1
2024-11-09T12:29:07.000Z,U3310463,6906,46.78121,7.20407,26972.6,6.5,20.4,103.9,-273.0,-1.0,-1.0,RS41-SG,403.500,8.1,375,11,2.6,-1,-1
2024-11-09T12:29:08.000Z,U3310463,6907,46.78118,7.20433,26979.4,7.2,19.5,98.3,-273.0,-1.0,-1.0,RS41-SG,403.500,8.3,375,11,2.6,-1,-1
2024-11-09T12:29:09.000Z,U3310463,6908,46.78116,7.20457,26985.5,5.0,18.6,93.4,-273.0,-1.0,-1.0,RS41-SG,403.500,8.3,375,11,2.5,-1,-1
2024-11-09T12:29:11.000Z,U3310463,6910,46.78115,7.20503,26995.6,6.4,16.2,90.2,-273.0,-1.0,-1.0,RS41-SG,403.500,9.7,375,11,2.6,-1,-1
2024-11-09T12:29:12.000Z,U3310463,6911,46.78115,7.20523,27002.5,7.4,15.6,94.2,-273.0,-1.0,-1.0,RS41-SG,403.500,11.4,375,11,2.6,-1,-1
2024-11-09T12:29:16.000Z,U3310463,6915,46.78102,7.20599,27025.0,6.5,14.0,111.1,-273.0,-1.0,-1.0,RS41-SG,403.500,9.6,375,11,2.6,-1,-1
2024-11-09T12:29:17.000Z,U3310463,6916,46.78098,7.20615,27031.1,5.5,14.0,111.9,-273.0,-1.0,-1.0,RS41-SG,403.500,9.9,375,11,2.6,-1,-1
2024-11-09T12:29:18.000Z,U3310463,6917,46.78093,7.20633,27036.6,5.6,14.7,112.5,-273.0,-1.0,-1.0,RS41-SG,403.500,10.0,375,11,2.5,-1,-1
2024-11-09T12:29:23.000Z,U3310463,6922,46.78064,7.20738,27066.1,7.0,18.1,105.4,-273.0,-1.0,-1.0,RS41-SG,403.500,8.5,375,11,2.6,-1,-1
2024-11-09T12:29:24.000Z,U3310463,6923,46.78061,7.20761,27072.7,6.3,17.3,100.0,-273.0,-1.0,-1.0,RS41-SG,403.500,8.5,375,11,2.5,-1,-1
2024-11-09T12:29:25.000Z,U3310463,6924,46.78059,7.20782,27078.0,4.3,16.4,96.3,-273.0,-1.0,-1.0,RS41-SG,403.500,9.1,375,11,2.5,-1,-1
2024-11-09T12:29:26.000Z,U3310463,6925,46.78057,7.20803,27083.1,5.6,15.6,95.2,-273.0,-1.0,-1.0,RS41-SG,403.500,9.1,375,11,2.5,-1,-1
2024-11-09T12:29:28.000Z,U3310463,6927,46.78053,7.20842,27096.1,5.4,15.1,105.3,-273.0,-1.0,-1.0,RS41-SG,403.500,9.1,375,11,2.6,-1,-1
2024-11-09T12:29:31.000Z,U3310463,6930,46.78037,7.20899,27112.2,6.7,16.3,115.6,-273.0,-1.0,-1.0,RS41-SG,403.500,8.4,375,11,2.5,-1,-1
2024-11-09T12:29:32.000Z,U3310463,6931,46.78031,7.20918,27118.4,5.6,16.2,115.9,-273.0,-1.0,-1.0,RS41-SG,403.500,9.1,375,11,2.5,-1,-1
2024-11-09T12:29:33.000Z,U3310463,6932,46.78024,7.20937,27123.6,5.2,16.5,116.5,-273.0,-1.0,-1.0,RS41-SG,403.500,10.6,375,11,2.6,-1,-1
2024-11-09T12:29:34.000Z,U3310463,6933,46.78017,7.20956,27129.0,5.7,16.7,118.2,-273.0,-1.0,-1.0,RS41-SG,403.500,10.6,375,11,2.6,-1,-1
2024-11-09T12:29:35.000Z,U3310463,6934,46.78010,7.20976,27135.1,6.5,17.2,120.3,-273.0,-1.0,-1.0,RS41-SG,403.500,9.8,375,11,2.6,-1,-1
2024-11-09T12:29:39.000Z,U3310463,6938,46.77981,7.21054,27157.9,6.5,16.0,109.4,-273.0,-1.0,-1.0,RS41-SG,403.500,10.2,375,11,2.6,-1,-1
2024-11-09T12:29:40.000Z,U3310463,6939,46.77977,7.21073,27163.6,5.0,15.6,104.5,-273.0,-1.0,-1.0,RS41-SG,403.500,10.3,375,11,2.6,-1,-1
2024-11-09T12:29:41.000Z,U3310463,6940,46.77974,7.21093,27168.9,5.8,15.3,102.5,-273.0,-1.0,-1.0,RS41-SG,403.500,10.6,375,11,2.6,-1,-1
2024-11-09T12:29:42.000Z,U3310463,6941,46.77971,7.21112,27175.3,6.9,15.3,104.3,-61.7,-1.0,-1.0,RS41-SG,403.500,10.6,375,11,2.5,-1,-1
2024-11-09T12:29:43.000Z,U3310463,6942,46.77967,7.21132,27181.5,5.2,15.6,108.2,-61.9,-1.0,-1.0,RS41-SG,403.500,9.7,375,11,2.5,-1,-1
2024-11-09T12:29:44.000Z,U3310463,6943,46.77962,7.21151,27186.4,4.6,15.9,112.3,-62.0,-1.0,-1.0,RS41-SG,403.500,10.8,375,11,2.5,-1,-1
2024-11-09T12:29:47.000Z,U3310463,6946,46.77944,7.21207,27203.5,5.1,15.6,116.6,-62.0,-1.0,-1.0,RS41-SG,403.500,11.0,375,11,2.6,-1,-1
2024-11-09T12:29:48.000Z,U3310463,6947,46.77937,7.21225,27208.9,5.4,15.9,118.1,-62.0,-1.0,-1.0,RS41-SG,403.500,10.9,375,11,2.5,-1,-1
2024-11-09T12:29:49.000Z,U3310463,6948,46.77930,7.21243,27214.7,6.1,16.5,121.2,-62.1,-1.0,-1.0,RS41-SG,403.500,9.8,375,11,2.5,-1,-1
2024-11-09T12:29:50.000Z,U3310463,6949,46.77922,7.21262,27221.1,6.6,17.5,123.9,-62.2,-1.0,-1.0,RS41-SG,403.500,9.8,375,11,2.5,-1,-1
2024-11-09T12:29:51.000Z,U3310463,6950,46.77913,7.21281,27227.0,5.3,18.1,125.2,-62.4,-1.0,-1.0,RS41-SG,403.500,9.3,375,11,2.6,-1,-1
2024-11-09T12:29:56.000Z,U3310463,6955,46.77878,7.21381,27254.5,3.8,15.9,106.1,-62.5,-1.0,-1.0,RS41-SG,403.500,9.4,375,11,2.5,-1,-1
2024-11-09T12:29:57.000Z,U3310463,6956,46.77874,7.21401,27259.0,5.2,15.6,107.2,-62.4,-1.0,-1.0,RS41-SG,403.500,11.0,375,11,2.6,-1,-1
2024-11-09T12:29:58.000Z,U3310463,6957,46.77870,7.21420,27265.1,7.0,15.7,112.4,-62.5,-1.0,-1.0,RS41-SG,403.500,11.0,375,11,2.6,-1,-1
2024-11-09T12:29:59.000Z,U3310463,6958,46.77864,7.21438,27271.3,5.5,15.9,118.0,-62.6,-1.0,-1.0,RS41-SG,403.500,10.7,375,11,2.6,-1,-1
2024-11-09T12:30:00.000Z,U3310463,6959,46.77856,7.21456,27276.8,4.9,16.0,122.8,-62.6,-1.0,-1.0,RS41-SG,403.500,10.7,375,11,2.5,-1,-1
2024-11-09T12:30:02.000Z,U3310463,6961,46.77840,7.21490,27288.2,6.3,15.2,124.6,-62.6,-1.0,-1.0,RS41-SG,403.500,9.2,375,11,2.5,-1,-1
2024-11-09T12:30:04.000Z,U3310463,6963,46.77826,7.21523,27299.1,4.6,14.6,118.9,-62.4,-1.0,-1.0,RS41-SG,403.500,10.0,375,11,2.6,-1,-1
2024-11-09T12:30:05.000Z,U3310463,6964,46.77820,7.21540,27303.9,5.1,15.1,115.3,-62.3,-1.0,-1.0,RS41-SG,403.500,10.0,375,11,2.6,-1,-1
2024-11-09T12:30:07.000Z,U3310463,6966,46.77808,7.21578,27315.9,5.5,16.9,114.3,-62.2,-1.0,-1.0,RS41-SG,403.500,11.4,375,11,2.5,-1,-1
2024-11-09T12:30:09.000Z,U3310463,6968,46.77795,7.21618,27326.8,6.0,16.6,116.2,-62.1,-1.0,-1.0,RS41-SG,403.500,10.2,375,11,2.6,-1,-1
2024-11-09T12:30:10.000Z,U3310463,6969,46.77789,7.21637,27333.2,6.9,15.3,116.1,-62.1,-1.0,-1.0,RS41-SG,403.500,10.2,375,11,2.5,-1,-1
2024-11-09T12:30:11.000Z,U3310463,6970,46.77783,7.21654,27339.5,5.8,14.1,116.4,-62.0,-1.0,-1.0,RS41-SG,403.500,9.2,375,11,2.5,-1,-1
2024-11-09T12:30:12.000Z,U3310463,6971,46.77778,7.21670,27344.9,5.0,13.3,118.0,-62.0,-1.0,-1.0,RS41-SG,403.500,9.5,375,11,2.6,-1,-1
2024-11-09T12:30:13.000Z,U3310463,6972,46.77772,7.21685,27350.5,6.2,13.2,122.1,-62.1,-1.0,-1.0,RS41-SG,403.500,9.9,375,11,2.6,-1,-1
2024-11-09T12:30:14.000Z,U3310463,6973,46.77765,7.21699,27357.0,7.0,13.9,126.8,-62.1,-1.0,-1.0,RS41-SG,403.500,9.9,375,11,2.5,-1,-1
2024-11-09T12:30:16.000Z,U3310463,6975,46.77749,7.21730,27368.3,5.4,15.4,128.4,-62.3,-1.0,-1.0,RS41-SG,403.500,8.5,375,11,2.6,-1,-1
2024-11-09T12:30:17.000Z,U3310463,6976,46.77740,7.21746,27374.6,6.9,15.5,124.9,-62.3,-1.0,-1.0,RS41-SG,403.500,9.4,375,11,2.6,-1,-1
2024-11-09T12:30:19.000Z,U3310463,6978,46.77727,7.21779,27386.8,5.0,14.7,116.4,-62.4,-1.0,-1.0,RS41-SG,403.500,10.3,375,11,2.5,-1,-1
2024-11-09T12:30:20.000Z,U3310463,6979,46.77721,7.21797,27392.3,6.1,14.9,113.8,-62.4,-1.0,-1.0,RS41-SG,403.500,10.3,375,11,2.6,-1,-1
2024-11-09T12:30:26.000Z,U3310463,6985,46.77680,7.21908,27428.2,6.7,14.5,121.8,-62.3,-1.0,-1.0,RS41-SG,403.500,9.6,375,11,2.6,-1,-1
2024-11-09T12:30:27.000Z,U3310463,6986,46.77674,7.21923,27433.9,4.5,13.8,121.9,-62.3,-1.0,-1.0,RS41-SG,403.500,9.7,375,11,2.5,-1,-1
2024-11-09T12:30:28.000Z,U3310463,6987,46.77667,7.21939,27438.5,4.6,13.5,122.5,-62.3,-1.0,-1.0,RS41-SG,403.500,10.2,375,11,2.5,-1,-1
2024-11-09T12:30:29.000Z,U3310463,6988,46.77660,7.21954,27443.8,6.2,14.2,124.4,-62.3,-1.0,-1.0,RS41-SG,403.500,10.2,375,11,2.5,-1,-1
2024-11-09T12:30:30.000Z,U3310463,6989,46.77653,7.21969,27450.2,6.6,15.5,125.8,-62.4,-1.0,-1.0,RS41-SG,403.500,10.4,375,11,2.6,-1,-1
2024-11-09T12:30:32.000Z,U3310463,6991,46.77634,7.22005,27461.6,4.6,18.1,126.9,-62.5,-1.0,-1.0,RS41-SG,403.500,10.1,375,11,2.6,-1,-1
2024-11-09T12:30:33.000Z,U3310463,6992,46.77625,7.22024,27466.4,4.8,18.3,125.8,-62.7,-1.0,-1.0,RS41-SG,403.500,10.1,375,11,2.5,-1,-1
2024-11-09T12:30:34.000Z,U3310463,6993,46.77616,7.22043,27472.2,6.5,17.5,123.3,-62.8,-1.0,-1.0,RS41-SG,403.500,9.0,375,11,2.5,-1,-1
2024-11-09T12:30:36.000Z,U3310463,6995,46.77602,7.22080,27485.4,5.7,14.9,115.2,-62.8,-1.0,-1.0,RS41-SG,403.500,10.2,375,11,2.6,-1,-1
2024-11-09T12:30:37.000Z,U3310463,6996,46.77597,7.22097,27490.9,5.2,14.1,110.3,-62.9,-1.0,-1.0,RS41-SG,403.500,10.2,375,11,2.6,-1,-1
2024-11-09T12:30:38.000Z,U3310463,6997,46.77593,7.22114,27496.3,5.9,14.2,105.6,-63.0,-1.0,-1.0,RS41-SG,403.500,10.4,375,11,2.6,-1,-1
2024-11-09T12:30:39.000Z,U3310463,6998,46.77589,7.22133,27502.4,6.3,15.1,103.6,-63.0,-1.0,-1.0,RS41-SG,403.500,10.4,375,11,2.5,-1,-1
2024-11-09T12:30:41.000Z,U3310463,7000,46.77583,7.22174,27513.6,5.2,17.3,101.7,-62.9,-1.0,-1.0,RS41-SG,403.500,9.4,375,11,2.5,-1,-1
2024-11-09T12:30:42.000Z,U3310463,7001,46.77580,7.22196,27518.9,5.6,17.7,99.7,-62.8,-1.0,-1.0,RS41-SG,403.500,10.4,375,11,2.6,-1,-1
2024-11-09T12:30:43.000Z,U3310463,7002,46.77578,7.22219,27524.7,6.1,17.7,97.7,-62.9,-1.0,-1.0,RS41-SG,403.500,10.4,375,11,2.6,-1,-1
2024-11-09T12:30:44.000Z,U3310463,7003,46.77576,7.22242,27530.9,6.1,17.0,97.7,-62.8,-1.0,-1.0,RS41-SG,403.500,10.3,375,10,2.6,-1,-1
2024-11-09T12:30:45.000Z,U3310463,7004,46.77574,7.22263,27537.5,6.7,16.2,99.1,-62.6,-1.0,-1.0,RS41-SG,403.500,10.0,375,11,2.5,-1,-1
2024-11-09T12:30:46.000Z,U3310463,7005,46.77571,7.22283,27544.1,6.5,15.3,102.8,-62.4,-1.0,-1.0,RS41-SG,403.500,10.0,375,11,2.5,-1,-1
2024-11-09T12:30:47.000Z,U3310463,7006,46.77567,7.22302,27550.2,5.7,15.0,108.1,-62.2,-1.0,-1.0,RS41-SG,403.500,10.2,375,10,2.5,-1,-1
2024-11-09T12:30:48.000Z,U3310463,7007,46.77562,7.22321,27555.6,5.4,15.8,113.8,-62.2,-1.0,-1.0,RS41-SG,403.500,10.2,375,11,2.6,-1,-1
2024-11-09T12:30:50.000Z,U3310463,7009,46.77548,7.22363,27567.1,6.2,20.1,116.2,-62.1,-1.0,-1.0,RS41-SG,403.500,8.9,375,11,2.6,-1,-1
2024-11-09T12:30:53.000Z,U3310463,7012,46.77528,7.22444,27584.6,5.2,23.0,102.8,-62.0,-1.0,-1.0,RS41-SG,403.500,10.7,375,11,2.5,-1,-1
2024-11-09T12:30:54.000Z,U3310463,7013,46.77525,7.22473,27590.4,6.3,21.9,97.7,-61.9,-1.0,-1.0,RS41-SG,403.500,10.7,375,11,2.6,-1,-1
2024-11-09T12:30:55.000Z,U3310463,7014,46.77523,7.22500,27596.9,7.0,20.1,93.5,-61.9,-1.0,-1.0,RS41-SG,403.500,9.0,375,11,2.6,-1,-1
2024-11-09T12:30:56.000Z,U3310463,7015,46.77522,7.22525,27602.6,4.7,18.6,91.6,-61.7,-1.0,-1.0,RS41-SG,403.500,9.8,375,11,2.6,-1,-1
2024-11-09T12:30:58.000Z,U3310463,7017,46.77521,7.22571,27612.5,6.1,16.9,93.9,-61.8,-1.0,-1.0,RS41-SG,403.500,9.7,375,10,2.5,-1,-1
2024-11-09T12:30:59.000Z,U3310463,7018,46.77519,7.22593,27619.2,7.4,17.3,98.0,-61.7,-1.0,-1.0,RS41-SG,403.500,10.6,375,11,2.5,-1,-1
2024-11-09T12:31:00.000Z,U3310463,7019,46.77516,7.22616,27626.0,6.1,18.3,102.4,-61.7,-1.0,-1.0,RS41-SG,403.500,10.6,375,11,2.6,-1,-1
2024-11-09T12:31:01.000Z,U3310463,7020,46.77512,7.22639,27632.0,5.9,19.2,107.0,-61.7,-1.0,-1.0,RS41-SG,403.500,9.4,375,10,2.6,-1,-1
2024-11-09T12:31:02.000Z,U3310463,7021,46.77506,7.22663,27638.1,6.4,19.6,112.5,-61.8,-1.0,-1.0,RS41-SG,403.500,9.7,375,11,2.6,-1,-1
2024-11-09T12:31:04.000Z,U3310463,7023,46.77492,7.22709,27650.6,5.3,19.2,116.9,-61.8,-1.0,-1.0,RS41-SG,403.500,9.2,375,11,2.5,-1,-1
2024-11-09T12:31:05.000Z,U3310463,7024,46.77484,7.22731,27656.1,5.5,19.0,115.5,-61.7,-1.0,-1.0,RS41-SG,403.500,9.4,375,11,2.5,-1,-1
2024-11-09T12:31:07.000Z,U3310463,7026,46.77472,7.22778,27669.3,7.5,19.7,106.3,-61.8,-1.0,-1.0,RS41-SG,403.500,9.3,375,11,2.6,-1,-1
2024-11-09T12:31:08.000Z,U3310463,7027,46.77467,7.22803,27675.8,5.5,20.0,101.8,-61.7,-1.0,-1.0,RS41-SG,403.500,9.3,375,11,2.6,-1,-1
2024-11-09T12:31:09.000Z,U3310463,7028,46.77464,7.22829,27681.4,5.7,19.8,97.2,-61.7,-1.0,-1.0,RS41-SG,403.500,8.9,375,11,2.5,-1,-1
2024-11-09T12:31:10.000Z,U3310463,7029,46.77463,7.22854,27687.9,6.8,18.7,93.5,-61.8,-1.0,-1.0,RS41-SG,403.500,8.1,375,11,2.5,-1,-1
2024-11-09T12:31:12.000Z,U3310463,7031,46.77461,7.22898,27700.0,4.7,15.9,93.0,-61.6,1.4,-1.0,RS41-SG,403.500,9.0,375,11,2.6,-1,-1
2024-11-09T12:31:13.000Z,U3310463,7032,46.77460,7.22919,27704.9,5.1,15.1,95.8,-61.7,1.4,-1.0,RS41-SG,403.500,9.5,375,11,2.6,-1,-1
2024-11-09T12:31:16.000Z,U3310463,7035,46.77452,7.22980,27723.2,5.9,17.3,105.1,-61.6,1.4,-1.0,RS41-SG,403.500,9.2,375,11,2.5,-1,-1
2024-11-09T12:31:17.000Z,U3310463,7036,46.77447,7.23002,27729.1,5.7,17.6,106.2,-61.7,1.5,-1.0,RS41-SG,403.500,9.2,375,11,2.5,-1,-1
2024-11-09T12:31:20.000Z,U3310463,7039,46.77435,7.23065,27748.6,5.6,15.7,104.3,-61.8,1.4,-1.0,RS41-SG,403.500,9.1,375,10,2.6,-1,-1
2024-11-09T12:31:22.000Z,U3310463,7041,46.77430,7.23105,27761.6,7.2,16.2,98.1,-61.7,1.4,-1.0,RS41-SG,403.500,8.4,375,11,2.5,-1,-1
2024-11-09T12:31:23.000Z,U3310463,7042,46.77428,7.23126,27768.0,5.5,17.0,95.8,-61.8,1.4,-1.0,RS41-SG,403.500,8.4,375,11,2.5,-1,-1
2024-11-09T12:31:26.000Z,U3310463,7045,46.77426,7.23194,27786.0,7.1,16.3,90.9,-61.8,1.4,-1.0,RS41-SG,403.500,9.1,375,11,2.6,-1,-1
2024-11-09T12:31:27.000Z,U3310463,7046,46.77425,7.23214,27792.3,5.7,15.4,91.3,-61.9,1.5,-1.0,RS41-SG,403.500,9.1,375,10,2.5,-1,-1
2024-11-09T12:31:31.000Z,U3310463,7050,46.77420,7.23296,27818.0,5.4,17.3,100.2,-61.9,1.5,-1.0,RS41-SG,403.500,8.7,375,11,2.6,-1,-1
2024-11-09T12:31:53.000Z,U3310463,7072,46.77377,7.23742,27957.0,7.4,15.9,98.0,-62.7,1.4,-1.0,RS41-SG,403.500,7.6,375,10,2.6,-1,-1
2024-11-09T12:32:07.000Z,U3310463,7086,46.77340,7.24011,28044.9,7.1,13.7,103.6,-63.3,1.5,-1.0,RS41-SG,403.500,9.6,375,10,2.6,-1,-1
2024-11-09T12:32:16.000Z,U3310463,7095,46.77326,7.24172,28099.9,7.0,14.2,98.9,-63.4,1.6,-1.0,RS41-SG,403.500,8.7,375,10,2.5,-1,-1
2024-11-09T12:32:18.000Z,U3310463,7097,46.77320,7.24210,28111.7,5.4,15.8,106.4,-63.6,1.6,-1.0,RS41-SG,403.500,8.2,375,10,2.6,-1,-1
2024-11-09T12:32:20.000Z,U3310463,7099,46.77311,7.24248,28124.0,6.7,14.4,112.7,-63.6,1.6,-1.0,RS41-SG,403.500,8.1,375,10,2.5,-1,-1
2024-11-09T12:32:21.000Z,U3310463,7100,46.77306,7.24264,28130.4,5.8,13.4,115.9,-63.6,1.4,-1.0,RS41-SG,403.500,9.1,375,10,2.5,-1,-1
2024-11-09T12:32:28.000Z,U3310463,7107,46.77275,7.24382,28173.6,6.7,14.7,102.9,-63.9,1.6,-1.0,RS41-SG,403.500,8.3,375,10,2.5,-1,-1
2024-11-09T12:32:51.000Z,U3310463,7130,46.77199,7.24888,28315.8,6.9,17.5,106.8,-63.3,1.5,-1.0,RS41-SG,403.500,7.8,375,10,2.5,-1,-1
2024-11-09T12:32:52.000Z,U3310463,7131,46.77194,7.24909,28322.4,6.2,17.0,110.1,-63.2,1.4,-1.0,RS41-SG,403.500,8.2,375,10,2.5,-1,-1
2024-11-09T12:32:53.000Z,U3310463,7132,46.77189,7.24930,28328.5,6.3,17.6,112.4,-63.1,1.5,-1.0,RS41-SG,403.500,8.9,375,10,2.6,-1,-1
2024-11-09T12:32:58.000Z,U3310463,7137,46.77156,7.25059,28356.7,5.8,23.0,105.3,-63.1,1.5,-1.0,RS41-SG,403.500,8.0,375,10,2.6,-1,-1
2024-11-09T12:33:12.000Z,U3310463,7151,46.77066,7.25396,28438.3,4.6,23.2,112.0,-63.8,1.7,-1.0,RS41-SG,403.500,7.8,375,10,2.5,-1,-1
2024-11-09T12:33:16.000Z,U3310463,7155,46.77042,7.25504,28461.3,5.2,19.1,105.9,-64.0,1.7,-1.0,RS41-SG,403.500,9.0,375,10,2.6,-1,-1
2024-11-09T12:33:19.000Z,U3310463,7158,46.77029,7.25572,28478.3,7.2,18.0,104.3,-64.1,1.6,-1.0,RS41-SG,403.500,8.1,375,10,2.5,-1,-1
2024-11-09T12:34:20.000Z,U3310463,7219,46.76768,7.27081,28806.7,4.9,17.4,95.7,-64.0,1.6,-1.0,RS41-SG,403.500,9.7,375,10,2.6,-1,-1
2024-11-09T12:36:45.000Z,U3310463,7364,46.76079,7.30870,29667.4,6.0,27.4,106.4,-60.7,1.3,-1.0,RS41-SG,403.500,9.1,375,10,2.6,-1,-1
2024-11-09T12:36:48.000Z,U3310463,7367,46.76057,7.30965,29688.6,6.8,24.1,112.8,-60.7,1.3,-1.0,RS41-SG,403.500,8.0,375,10,2.5,-1,-1
2024-11-09T12:36:50.000Z,U3310463,7369,46.76038,7.31021,29700.0,5.5,24.0,118.1,-60.8,1.3,-1.0,RS41-SG,403.500,8.2,375,10,2.5,-1,-1
2024-11-09T12:36:53.000Z,U3310463,7372,46.76006,7.31111,29720.3,6.1,28.0,116.2,-60.9,1.3,-1.0,RS41-SG,403.500,10.2,375,9,2.6,-1,-1
2024-11-09T12:36:54.000Z,U3310463,7373,46.75995,7.31144,29726.4,6.1,28.6,114.4,-60.9,1.3,-1.0,RS41-SG,403.500,8.6,375,10,2.5,-1,-1
2024-11-09T12:36:59.000Z,U3310463,7378,46.75954,7.31302,29759.0,5.7,22.4,106.7,-61.1,1.3,-1.0,RS41-SG,403.500,9.4,375,10,2.6,-1,-1
2024-11-09T12:37:00.000Z,U3310463,7379,46.75949,7.31329,29765.6,7.4,21.9,104.0,-61.1,1.3,-1.0,RS41-SG,403.500,9.4,375,10,2.5,-1,-1
2024-11-09T12:37:01.000Z,U3310463,7380,46.75944,7.31357,29772.7,6.8,22.1,103.1,-61.2,1.4,-1.0,RS41-SG,403.500,8.6,375,10,2.5,-1,-1
2024-11-09T12:37:02.000Z,U3310463,7381,46.75939,7.31386,29779.3,6.2,22.5,104.4,-61.3,1.4,-1.0,RS41-SG,403.500,8.9,375,10,2.5,-1,-1
2024-11-09T12:37:05.000Z,U3310463,7384,46.75919,7.31468,29799.6,7.0,22.3,115.4,-61.5,1.3,-1.0,RS41-SG,403.500,7.9,375,10,2.6,-1,-1
2024-11-09T12:37:21.000Z,U3310463,7400,46.75795,7.31915,29903.0,7.3,21.4,116.2,-62.1,1.4,-1.0,RS41-SG,403.500,10.0,375,10,2.6,-1,-1
2024-11-09T12:37:23.000Z,U3310463,7402,46.75777,7.31965,29916.6,6.2,21.9,116.9,-62.1,1.5,-1.0,RS41-SG,403.500,9.6,375,9,2.5,-1,-1
2024-11-09T12:37:26.000Z,U3310463,7405,46.75753,7.32050,29936.9,5.9,25.5,108.8,-62.1,1.4,-1.0,RS41-SG,403.500,8.5,375,10,2.5,-1,-1
2024-11-09T12:37:28.000Z,U3310463,7407,46.75739,7.32114,29948.9,7.1,25.5,106.0,-62.0,1.4,-1.0,RS41-SG,403.500,10.7,375,10,2.6,-1,-1
2024-11-09T12:37:29.000Z,U3310463,7408,46.75733,7.32145,29956.4,8.2,23.7,107.0,-62.1,1.4,-1.0,RS41-SG,403.500,8.2,375,10,2.6,-1,-1
2024-11-09T12:37:30.000Z,U3310463,7409,46.75727,7.32173,29963.6,6.2,22.1,108.5,-61.9,1.4,-1.0,RS41-SG,403.500,8.3,375,10,2.5,-1,-1
2024-11-09T12:37:32.000Z,U3310463,7411,46.75713,7.32224,29974.2,5.7,19.8,115.2,-61.8,1.4,-1.0,RS41-SG,403.500,9.0,375,10,2.6,-1,-1
2024-11-09T12:37:33.000Z,U3310463,7412,46.75705,7.32247,29980.7,7.6,20.3,117.9,-61.9,1.3,-1.0,RS41-SG,403.500,9.0,375,10,2.6,-1,-1
2024-11-09T12:37:35.000Z,U3310463,7414,46.75687,7.32295,29994.1,5.9,22.0,120.1,-61.8,1.4,-1.0,RS41-SG,403.500,9.1,375,10,2.5,-1,-1
2024-11-09T12:37:36.000Z,U3310463,7415,46.75677,7.32320,30000.0,6.1,22.4,120.8,-61.7,1.4,-1.0,RS41-SG,403.500,10.2,375,10,2.6,-1,-1
2024-11-09T12:37:37.000Z,U3310463,7416,46.75666,7.32345,30006.3,6.4,22.6,121.7,-61.8,1.3,-1.0,RS41-SG,403.500,10.2,375,10,2.6,-1,-1
2024-11-09T12:37:40.000Z,U3310463,7419,46.75634,7.32423,30025.4,5.5,24.3,118.6,-61.5,1.4,-1.0,RS41-SG,403.500,10.4,375,10,2.5,-1,-1
2024-11-09T12:37:41.000Z,U3310463,7420,46.75624,7.32452,30031.0,6.0,26.2,116.1,-61.5,1.3,-1.0,RS41-SG,403.500,10.4,375,10,2.5,-1,-1
2024-11-09T12:37:42.000Z,U3310463,7421,46.75614,7.32484,30037.3,6.7,28.1,112.6,-61.4,1.3,-1.0,RS41-SG,403.500,9.9,375,10,2.6,-1,-1
2024-11-09T12:37:43.000Z,U3310463,7422,46.75604,7.32519,30043.7,6.2,29.6,110.8,-61.3,1.3,-1.0,RS41-SG,403.500,11.3,375,10,2.6,-1,-1
2024-11-09T12:37:45.000Z,U3310463,7424,46.75586,7.32592,30055.7,6.3,29.4,109.9,-61.4,1.3,-1.0,RS41-SG,403.500,11.0,375,10,2.5,-1,-1
2024-11-09T12:37:46.000Z,U3310463,7425,46.75577,7.32627,30062.9,7.5,27.5,112.0,-61.2,1.3,-1.0,RS41-SG,403.500,11.0,375,10,2.5,-1,-1
2024-11-09T12:37:47.000Z,U3310463,7426,46.75567,7.32658,30070.4,7.5,25.1,116.6,-61.0,1.3,-1.0,RS41-SG,403.500,10.2,375,10,2.5,-1,-1
2024-11-09T12:37:48.000Z,U3310463,7427,46.75557,7.32686,30076.4,5.0,23.3,120.7,-60.9,1.3,-1.0,RS41-SG,403.500,10.2,375,9,2.6,-1,-1
2024-11-09T12:37:49.000Z,U3310463,7428,46.75546,7.32711,30080.9,4.2,22.2,124.7,-60.9,1.3,-1.0,RS41-SG,403.500,10.8,375,10,2.6,-1,-1
2024-11-09T12:37:52.000Z,U3310463,7431,46.75511,7.32781,30098.8,6.4,23.1,123.5,-60.8,1.3,-1.0,RS41-SG,403.500,10.1,375,10,2.5,-1,-1
2024-11-09T12:37:53.000Z,U3310463,7432,46.75499,7.32807,30104.6,4.9,24.2,121.5,-60.8,1.3,-1.0,RS41-SG,403.500,10.1,375,10,2.5,-1,-1
2024-11-09T12:37:54.000Z,U3310463,7433,46.75488,7.32835,30109.7,5.3,25.3,120.5,-60.8,1.3,-1.0,RS41-SG,403.500,9.8,375,10,2.6,-1,-1
2024-11-09T12:37:55.000Z,U3310463,7434,46.75476,7.32863,30115.7,6.6,25.8,120.9,-60.7,1.2,-1.0,RS41-SG,403.500,10.5,375,10,2.6,-1,-1
2024-11-09T12:37:56.000Z,U3310463,7435,46.75464,7.32892,30122.3,6.8,26.0,121.8,-60.6,1.3,-1.0,RS41-SG,403.500,10.5,375,10,2.6,-1,-1
2024-11-09T12:37:57.000Z,U3310463,7436,46.75452,7.32921,30128.2,4.9,25.7,122.3,-60.7,1.3,-1.0,RS41-SG,403.500,11.2,375,10,2.5,-1,-1
2024-11-09T12:37:59.000Z,U3310463,7438,46.75428,7.32977,30138.8,6.0,25.0,120.8,-60.7,1.3,-1.0,RS41-SG,403.500,10.1,375,10,2.5,-1,-1
2024-11-09T12:38:01.000Z,U3310463,7440,46.75407,7.33033,30151.1,5.6,23.6,115.9,-60.8,1.3,-1.0,RS41-SG,403.500,9.9,375,10,2.6,-1,-1
2024-11-09T12:38:02.000Z,U3310463,7441,46.75399,7.33060,30156.5,5.0,22.2,114.5,-60.8,1.2,-1.0,RS41-SG,403.500,9.7,375,10,2.6,-1,-1
2024-11-09T12:38:03.000Z,U3310463,7442,46.75391,7.33085,30161.8,5.7,20.4,114.7,-60.7,1.3,-1.0,RS41-SG,403.500,11.1,375,10,2.5,-1,-1
2024-11-09T12:38:04.000Z,U3310463,7443,46.75383,7.33108,30167.9,6.3,18.6,117.7,-60.6,1.3,-1.0,RS41-SG,403.500,11.1,375,10,2.5,-1,-1
2024-11-09T12:38:05.000Z,U3310463,7444,46.75375,7.33128,30173.7,5.3,17.7,121.1,-60.5,1.3,-1.0,RS41-SG,403.500,9.9,375,10,2.5,-1,-1
2024-11-09T12:38:06.000Z,U3310463,7445,46.75366,7.33148,30178.8,4.9,17.8,123.4,-60.6,1.3,-1.0,RS41-SG,403.500,9.9,375,10,2.6,-1,-1
2024-11-09T12:38:07.000Z,U3310463,7446,46.75357,7.33168,30184.4,6.3,18.9,123.2,-60.6,1.2,-1.0,RS41-SG,403.500,8.0,375,10,2.6,-1,-1
2024-11-09T12:38:09.000Z,U3310463,7448,46.75339,7.33215,30197.8,5.9,22.9,117.5,-60.5,1.2,-1.0,RS41-SG,403.500,9.3,375,10,2.5,-1,-1
2024-11-09T12:38:12.000Z,U3310463,7451,46.75311,7.33302,30212.9,6.2,25.5,114.3,-60.6,1.3,-1.0,RS41-SG,403.500,10.2,375,10,2.6,-1,-1
2024-11-09T12:38:13.000Z,U3310463,7452,46.75301,7.33332,30219.3,7.1,24.4,115.8,-60.5,1.3,-1.0,RS41-SG,403.500,9.4,375,10,2.6,-1,-1
2024-11-09T12:38:14.000Z,U3310463,7453,46.75292,7.33359,30225.2,4.6,23.1,117.3,-60.4,1.3,-1.0,RS41-SG,403.500,9.4,375,10,2.6,-1,-1
2024-11-09T12:38:17.000Z,U3310463,7456,46.75266,7.33434,30240.5,6.5,19.8,113.8,-60.4,1.2,-1.0,RS41-SG,403.500,10.0,375,10,2.5,-1,-1
2024-11-09T12:38:18.000Z,U3310463,7457,46.75260,7.33457,30246.6,5.8,19.5,110.7,-60.5,1.3,-1.0,RS41-SG,403.500,10.0,375,10,2.6,-1,-1
2024-11-09T12:40:21.001Z,U3310463,7580,46.74520,7.36827,30929.5,7.2,22.3,106.2,-58.9,1.3,-1.0,RS41-SG,403.500,8.0,375,10,2.5,-1,-1
2024-11-09T12:41:53.001Z,U3310463,7672,46.73766,7.39549,31492.7,7.2,27.9,107.0,-58.3,1.2,-1.0,RS41-SG,403.500,9.3,375,10,2.5,-1,-1
2024-11-09T12:43:57.001Z,U3310463,7796,46.72941,7.43568,32226.8,5.2,27.8,101.1,-56.2,0.9,-1.0,RS41-SG,403.500,8.3,375,10,2.6,-1,-1
2024-11-09T12:46:00.001Z,U3310463,7919,46.72108,7.48504,32980.9,6.1,34.2,109.7,-55.8,1.0,-1.0,RS41-SG,403.500,9.2,375,9,2.5,-1,-1
2024-11-09T12:47:34.001Z,U3310463,8013,46.71178,7.52266,33561.5,5.5,28.7,101.6,-56.1,1.1,-1.0,RS41-SG,403.500,8.4,375,9,2.5,-1,-1
2024-11-09T12:48:56.001Z,U3310463,8095,46.70972,7.55547,34086.4,6.5,34.5,97.1,-56.4,1.1,-1.0,RS41-SG,403.500,8.5,375,10,2.5,-1,-1
2024-11-09T12:49:01.001Z,U3310463,8100,46.70944,7.55756,34119.9,7.0,32.5,102.2,-56.3,1.1,-1.0,RS41-SG,403.500,8.8,375,10,2.5,-1,-1
2024-11-09T12:49:03.001Z,U3310463,8102,46.70934,7.55838,34132.8,6.5,31.7,98.9,-56.1,1.1,-1.0,RS41-SG,403.500,9.2,375,10,2.6,-1,-1
2024-11-09T12:49:05.001Z,U3310463,8104,46.70927,7.55917,34146.8,7.3,29.4,94.6,-56.3,1.1,-1.0,RS41-SG,403.500,8.8,375,10,2.6,-1,-1
2024-11-09T12:49:14.001Z,U3310463,8113,46.70894,7.56300,34206.6,7.6,35.4,100.0,-56.2,1.1,-1.0,RS41-SG,403.500,8.2,375,10,2.5,-1,-1
2024-11-09T12:49:16.001Z,U3310463,8115,46.70885,7.56384,34221.8,6.8,30.1,97.7,-56.4,1.2,-1.0,RS41-SG,403.500,9.5,375,10,2.6,-1,-1
2024-11-09T12:49:17.001Z,U3310463,8116,46.70882,7.56421,34227.8,5.4,28.1,95.7,-56.5,1.1,-1.0,RS41-SG,403.500,9.5,375,10,2.6,-1,-1
2024-11-09T12:49:21.001Z,U3310463,8120,46.70876,7.56567,34254.9,7.7,31.0,94.2,-56.4,1.1,-1.0,RS41-SG,403.500,7.3,375,10,2.5,-1,-1
2024-11-09T12:49:23.001Z,U3310463,8122,46.70870,7.56652,34267.2,5.5,34.7,96.8,-56.4,1.1,-1.0,RS41-SG,403.500,8.5,375,10,2.6,-1,-1
2024-11-09T12:49:24.001Z,U3310463,8123,46.70866,7.56698,34272.9,6.0,35.4,97.6,-56.3,1.1,-1.0,RS41-SG,403.500,9.0,375,10,2.6,-1,-1
2024-11-09T12:49:27.001Z,U3310463,8126,46.70853,7.56829,34294.3,6.9,31.7,98.7,-56.6,1.2,-1.0,RS41-SG,403.500,9.4,375,10,2.6,-1,-1
2024-11-09T12:50:34.001Z,U3310463,8193,46.70423,7.59523,34712.4,5.1,31.3,98.8,-57.2,1.3,-1.0,RS41-SG,403.500,7.6,375,10,2.5,-1,-1
2024-11-09T12:50:43.001Z,U3310463,8202,46.70379,7.59889,34763.5,5.9,29.4,99.7,-57.5,1.2,-1.0,RS41-SG,403.500,9.0,375,10,2.5,-1,-1
2024-11-09T12:50:47.001Z,U3310463,8206,46.70366,7.60039,34785.0,5.7,30.9,94.1,-57.4,1.2,-1.0,RS41-SG,403.500,8.4,375,10,2.6,-1,-1
2024-11-09T12:50:53.001Z,U3310463,8212,46.70350,7.60311,34818.9,6.6,34.2,101.2,-57.6,1.3,-1.0,RS41-SG,403.500,9.0,375,10,2.5,-1,-1
2024-11-09T12:51:05.001Z,U3310463,8224,46.70314,7.60778,34882.2,6.6,32.7,92.0,-58.0,1.3,-1.0,RS41-SG,403.500,7.6,375,10,2.5,-1,-1
2024-11-09T12:51:06.001Z,U3310463,8225,46.70313,7.60820,34888.1,5.2,31.2,95.3,-57.9,1.3,-1.0,RS41-SG,403.500,9.2,375,10,2.6,-1,-1
