timestamp,serial,frame,lat,lon,alt,vel_v,vel_h,heading,temp,humidity,pressure,type,freq_mhz,snr,f_error_hz,sats,batt_v,burst_timer,aux_data
2024-05-27T00:28:48.000Z,V2911233,6891,45.52626,8.98393,26769.2,6.4,8.0,297.7,-273.0,-1.0,-1.0,RS41,404.900,7.4,0,10,2.6,-1,-1
2024-05-27T00:29:02.000Z,V2911233,6905,45.52656,8.98252,26849.1,4.4,10.5,305.2,-273.0,-1.0,-1.0,RS41,404.900,7.3,0,10,2.6,-1,-1
2024-05-27T00:31:31.000Z,V2911233,7054,45.53330,8.97743,27738.8,5.0,2.6,283.8,-273.0,-1.0,-1.0,RS41,404.900,7.9,0,10,2.6,-1,-1
2024-05-27T00:31:37.000Z,V2911233,7060,45.53337,8.97720,27774.6,6.6,4.0,316.6,-273.0,-1.0,-1.0,RS41,404.900,8.6,0,10,2.6,-1,-1
2024-05-27T00:31:44.000Z,V2911233,7067,45.53354,8.97692,27815.4,6.7,4.9,301.9,-273.0,-1.0,-1.0,RS41,404.900,7.7,0,10,2.6,-1,-1
2024-05-27T00:31:47.000Z,V2911233,7070,45.53359,8.97682,27832.8,4.7,2.1,294.8,-273.0,-1.0,-1.0,RS41,404.900,8.2,0,10,2.5,-1,-1
2024-05-27T00:31:56.000Z,V2911233,7079,45.53364,8.97657,27886.0,6.8,2.3,310.2,-273.0,-1.0,-1.0,RS41,404.900,8.9,0,10,2.5,-1,-1
2024-05-27T00:32:01.000Z,V2911233,7084,45.53373,8.97643,27915.9,5.8,1.0,335.1,-273.0,-1.0,-1.0,RS41,404.900,7.7,0,10,2.5,-1,-1
2024-05-27T00:32:02.000Z,V2911233,7085,45.53374,8.97643,27921.3,5.1,0.4,31.0,-273.0,-1.0,-1.0,RS41,404.900,8.2,0,10,2.5,-1,-1
2024-05-27T00:32:04.000Z,V2911233,7087,45.53374,8.97644,27933.1,7.1,0.6,304.1,-273.0,-1.0,-1.0,RS41,404.900,7.9,0,10,2.6,-1,-1
2024-05-27T00:32:10.000Z,V2911233,7093,45.53379,8.97631,27967.5,5.2,1.7,312.6,-273.0,-1.0,-1.0,RS41,404.900,8.5,0,10,2.5,-1,-1
2024-05-27T00:32:15.000Z,V2911233,7098,45.53391,8.97616,27995.7,6.2,4.1,334.1,-273.0,-1.0,-1.0,RS41,404.900,8.2,0,10,2.6,-1,-1
2024-05-27T00:32:25.000Z,V2911233,7108,45.53409,8.97594,28054.1,5.0,2.8,327.8,-273.0,-1.0,-1.0,RS41,404.900,8.9,0,10,2.5,-1,-1
2024-05-27T00:32:39.000Z,V2911233,7122,45.53447,8.97582,28136.0,4.8,2.7,345.9,-273.0,-1.0,-1.0,RS41,404.900,7.1,0,10,2.6,-1,-1
2024-05-27T00:32:40.000Z,V2911233,7123,45.53449,8.97581,28140.8,4.6,2.2,349.1,-273.0,-1.0,-1.0,RS41-SG,404.900,7.8,0,10,2.5,-1,-1
2024-05-27T00:32:41.000Z,V2911233,7124,45.53451,8.97580,28146.4,6.3,2.0,331.6,-273.0,-1.0,-1.0,RS41-SG,404.900,8.7,0,10,2.5,-1,-1
2024-05-27T00:32:42.000Z,V2911233,7125,45.53452,8.97579,28152.6,6.0,2.1,310.5,-273.0,-1.0,-1.0,RS41-SG,404.900,8.7,187,10,2.6,-1,-1
2024-05-27T00:32:44.000Z,V2911233,7127,45.53453,8.97574,28164.5,6.4,1.6,275.3,-273.0,-1.0,-1.0,RS41-SG,404.900,7.4,0,10,2.5,-1,-1
2024-05-27T00:32:46.000Z,V2911233,7129,45.53453,8.97573,28176.7,5.1,0.8,155.7,-273.0,-1.0,-1.0,RS41-SG,404.900,8.3,0,10,2.5,-1,-1
2024-05-27T00:32:48.000Z,V2911233,7131,45.53451,8.97574,28188.1,6.8,0.6,173.6,-273.0,-1.0,-1.0,RS41-SG,404.900,7.6,0,10,2.6,-1,-1
2024-05-27T00:32:49.000Z,V2911233,7132,45.53451,8.97573,28194.5,5.6,1.0,249.4,-273.0,-1.0,-1.0,RS41-SG,404.900,8.4,0,10,2.5,-1,-1
2024-05-27T00:32:55.000Z,V2911233,7138,45.53452,8.97565,28227.6,6.1,1.0,259.1,-273.0,-1.0,-1.0,RS41-SG,404.900,7.8,0,10,2.5,-1,-1
2024-05-27T00:33:02.000Z,V2911233,7145,45.53441,8.97547,28267.4,5.4,2.4,190.6,-273.0,-1.0,-1.0,RS41-SG,404.900,7.9,0,10,2.5,-1,-1
2024-05-27T00:33:03.000Z,V2911233,7146,45.53439,8.97546,28273.5,6.6,2.0,214.3,-273.0,-1.0,-1.0,RS41-SG,404.900,7.9,0,10,2.5,-1,-1
2024-05-27T00:33:12.000Z,V2911233,7155,45.53446,8.97528,28324.7,6.3,2.4,290.9,-273.0,-1.0,-1.0,RS41-SG,404.900,7.5,0,10,2.5,-1,-1
2024-05-27T00:33:19.000Z,V2911233,7162,45.53450,8.97502,28362.9,6.4,2.9,305.1,-273.0,-1.0,-1.0,RS41-SG,404.900,7.8,0,10,2.6,-1,-1
2024-05-27T00:33:44.000Z,V2911233,7187,45.53476,8.97485,28504.5,6.2,3.3,202.8,-273.0,-1.0,-1.0,RS41-SG,404.900,7.3,0,10,2.5,-1,-1
2024-05-27T00:33:50.000Z,V2911233,7193,45.53467,8.97480,28536.4,4.7,1.9,80.6,-273.0,-1.0,-1.0,RS41-SG,404.900,8.4,0,10,2.5,-1,-1
2024-05-27T00:33:51.000Z,V2911233,7194,45.53467,8.97482,28542.1,6.8,1.5,97.9,-273.0,-1.0,-1.0,RS41-SG,404.900,8.9,0,10,2.5,-1,-1
2024-05-27T00:33:52.000Z,V2911233,7195,45.53467,8.97483,28548.4,6.1,1.1,152.6,-273.0,-1.0,-1.0,RS41-SG,404.900,8.9,0,10,2.6,-1,-1
2024-05-27T00:33:53.000Z,V2911233,7196,45.53465,8.97483,28553.9,4.7,1.6,197.2,-273.0,-1.0,-1.0,RS41-SG,404.900,8.9,0,10,2.6,-1,-1
2024-05-27T00:33:54.000Z,V2911233,7197,45.53464,8.97482,28558.8,5.3,2.5,211.3,-273.0,-1.0,-1.0,RS41-SG,404.900,8.5,0,10,2.6,-1,-1
2024-05-27T00:33:55.000Z,V2911233,7198,45.53462,8.97481,28565.0,6.2,2.8,211.2,-46.7,-1.0,-1.0,RS41-SG,404.900,8.6,0,10,2.5,-1,-1
2024-05-27T00:33:59.000Z,V2911233,7202,45.53451,8.97470,28588.3,6.1,5.3,216.6,-46.8,-1.0,-1.0,RS41-SG,404.900,8.5,0,10,2.6,-1,-1
2024-05-27T00:34:00.000Z,V2911233,7203,45.53447,8.97466,28593.8,5.3,5.6,218.5,-46.8,-1.0,-1.0,RS41-SG,404.900,8.5,187,10,2.5,-1,-1
2024-05-27T00:34:01.000Z,V2911233,7204,45.53443,8.97462,28599.4,6.0,5.0,215.6,-46.9,-1.0,-1.0,RS41-SG,404.900,8.9,0,10,2.5,-1,-1
2024-05-27T00:34:02.000Z,V2911233,7205,45.53440,8.97459,28605.8,6.6,3.7,204.4,-46.9,-1.0,-1.0,RS41-SG,404.900,8.9,0,10,2.5,-1,-1
2024-05-27T00:34:07.000Z,V2911233,7210,45.53431,8.97462,28633.3,5.2,2.1,176.2,-47.0,-1.0,-1.0,RS41-SG,404.900,8.6,0,10,2.5,-1,-1
2024-05-27T00:34:08.000Z,V2911233,7211,45.53429,8.97462,28638.4,5.0,2.6,195.0,-47.0,-1.0,-1.0,RS41-SG,404.900,8.6,0,10,2.5,-1,-1
2024-05-27T00:34:10.000Z,V2911233,7213,45.53424,8.97460,28650.0,6.6,2.7,202.2,-47.0,-1.0,-1.0,RS41-SG,404.900,8.5,0,10,2.6,-1,-1
2024-05-27T00:34:12.000Z,V2911233,7215,45.53420,8.97456,28661.1,5.4,3.0,213.3,-46.9,-1.0,-1.0,RS41-SG,404.900,8.9,0,10,2.6,-1,-1
2024-05-27T00:34:14.000Z,V2911233,7217,45.53415,8.97449,28673.1,6.3,5.0,237.6,-46.9,-1.0,-1.0,RS41-SG,404.900,8.4,0,10,2.5,-1,-1
2024-05-27T00:34:15.000Z,V2911233,7218,45.53413,8.97443,28678.7,4.9,5.6,241.1,-46.9,-1.0,-1.0,RS41-SG,404.900,8.6,0,10,2.5,-1,-1
2024-05-27T00:34:17.000Z,V2911233,7220,45.53408,8.97432,28689.3,6.2,4.2,236.8,-46.9,-1.0,-1.0,RS41-SG,404.900,7.8,0,10,2.6,-1,-1
2024-05-27T00:34:18.000Z,V2911233,7221,45.53406,8.97429,28695.6,6.4,2.4,226.2,-46.8,-1.0,-1.0,RS41-SG,404.900,8.6,0,10,2.6,-1,-1
2024-05-27T00:34:19.000Z,V2911233,7222,45.53405,8.97427,28701.2,4.7,1.6,188.6,-46.8,-1.0,-1.0,RS41-SG,404.900,8.6,0,10,2.6,-1,-1
2024-05-27T00:34:20.000Z,V2911233,7223,45.53403,8.97428,28706.3,4.8,1.7,157.7,-46.9,-1.0,-1.0,RS41-SG,404.900,9.3,0,10,2.5,-1,-1
2024-05-27T00:34:21.000Z,V2911233,7224,45.53402,8.97428,28712.1,6.5,2.1,168.9,-46.9,-1.0,-1.0,RS41-SG,404.900,9.5,0,10,2.5,-1,-1
2024-05-27T00:34:22.000Z,V2911233,7225,45.53400,8.97428,28718.7,6.8,2.6,198.9,-46.9,-1.0,-1.0,RS41-SG,404.900,9.5,0,10,2.5,-1,-1
2024-05-27T00:34:25.000Z,V2911233,7228,45.53391,8.97419,28735.7,5.7,5.0,221.8,-46.9,-1.0,-1.0,RS41-SG,404.900,8.0,0,10,2.6,-1,-1
2024-05-27T00:34:26.000Z,V2911233,7229,45.53388,8.97415,28741.9,6.8,5.1,219.6,-46.9,-1.0,-1.0,RS41-SG,404.900,8.0,0,10,2.6,-1,-1
2024-05-27T00:34:27.000Z,V2911233,7230,45.53384,8.97411,28748.2,5.7,4.7,216.9,-46.9,-1.0,-1.0,RS41-SG,404.900,8.3,0,10,2.5,-1,-1
2024-05-27T00:34:28.000Z,V2911233,7231,45.53381,8.97407,28753.3,4.4,4.6,219.7,-46.9,-1.0,-1.0,RS41-SG,404.900,9.3,0,10,2.5,-1,-1
2024-05-27T00:34:30.000Z,V2911233,7233,45.53375,8.97398,28763.6,6.6,5.5,235.2,-46.9,-1.0,-1.0,RS41-SG,404.900,8.9,187,10,2.6,-1,-1
2024-05-27T00:34:34.000Z,V2911233,7237,45.53367,8.97373,28788.1,6.8,3.7,250.7,-46.9,-1.0,-1.0,RS41-SG,404.900,9.3,0,10,2.5,-1,-1
2024-05-27T00:34:35.000Z,V2911233,7238,45.53366,8.97369,28794.6,6.3,1.9,244.7,-46.9,-1.0,-1.0,RS41-SG,404.900,9.0,0,10,2.6,-1,-1
2024-05-27T00:34:36.000Z,V2911233,7239,45.53366,8.97368,28800.1,4.7,1.0,213.2,-46.9,-1.0,-1.0,RS41-SG,404.900,9.0,0,10,2.6,-1,-1
2024-05-27T00:34:37.000Z,V2911233,7240,45.53365,8.97368,28805.2,5.5,1.5,186.3,-46.9,-1.0,-1.0,RS41-SG,404.900,8.3,0,10,2.6,-1,-1
2024-05-27T00:34:38.000Z,V2911233,7241,45.53363,8.97367,28811.5,6.7,2.6,201.2,-46.9,-1.0,-1.0,RS41-SG,404.900,9.0,0,10,2.5,-1,-1
2024-05-27T00:34:39.000Z,V2911233,7242,45.53360,8.97365,28818.3,6.5,4.0,214.1,-46.9,-1.0,-1.0,RS41-SG,404.900,9.0,0,10,2.5,-1,-1
2024-05-27T00:34:40.000Z,V2911233,7243,45.53357,8.97361,28824.1,5.3,5.1,222.3,-47.0,-1.0,-1.0,RS41-SG,404.900,8.8,187,10,2.5,-1,-1
2024-05-27T00:34:42.000Z,V2911233,7245,45.53350,8.97351,28835.0,6.6,5.4,231.7,-47.0,-1.0,-1.0,RS41-SG,404.900,8.6,0,10,2.6,-1,-1
2024-05-27T00:34:44.000Z,V2911233,7247,45.53346,8.97341,28847.4,5.1,3.9,246.0,-47.1,-1.0,-1.0,RS41-SG,404.900,9.0,0,10,2.6,-1,-1
2024-05-27T00:34:45.000Z,V2911233,7248,45.53345,8.97337,28852.5,5.2,3.6,256.2,-47.1,-1.0,-1.0,RS41-SG,404.900,9.1,187,10,2.5,-1,-1
2024-05-27T00:34:46.000Z,V2911233,7249,45.53344,8.97332,28858.2,6.2,4.3,261.3,-47.1,-1.0,-1.0,RS41-SG,404.900,9.1,0,10,2.5,-1,-1
2024-05-27T00:34:47.000Z,V2911233,7250,45.53344,8.97326,28864.4,6.3,5.1,260.7,-47.1,-1.0,-1.0,RS41-SG,404.900,9.6,0,10,2.5,-1,-1
2024-05-27T00:34:48.000Z,V2911233,7251,45.53343,8.97319,28870.2,5.4,5.6,258.1,-47.1,-1.0,-1.0,RS41-SG,404.900,9.6,0,10,2.5,-1,-1
2024-05-27T00:34:49.000Z,V2911233,7252,45.53342,8.97312,28875.5,5.5,5.4,253.0,-47.1,-1.0,-1.0,RS41-SG,404.900,9.5,0,10,2.6,-1,-1
2024-05-27T00:34:50.000Z,V2911233,7253,45.53340,8.97306,28881.3,6.4,4.6,242.3,-47.1,-1.0,-1.0,RS41-SG,404.900,9.8,0,10,2.6,-1,-1
2024-05-27T00:34:52.000Z,V2911233,7255,45.53336,8.97299,28893.8,5.1,3.1,212.5,-47.1,-1.0,-1.0,RS41-SG,404.900,9.3,0,10,2.5,-1,-1
2024-05-27T00:34:53.000Z,V2911233,7256,45.53333,8.97297,28898.9,5.2,3.0,206.1,-47.1,-1.0,-1.0,RS41-SG,404.900,9.3,0,10,2.5,-1,-1
2024-05-27T00:34:54.000Z,V2911233,7257,45.53331,8.97295,28904.7,6.4,3.7,218.0,-47.1,-1.0,-1.0,RS41-SG,404.900,9.2,187,10,2.5,-1,-1
2024-05-27T00:34:55.000Z,V2911233,7258,45.53328,8.97291,28911.1,6.8,5.0,230.3,-47.0,-1.0,-1.0,RS41-SG,404.900,9.6,187,10,2.6,-1,-1
2024-05-27T00:34:56.000Z,V2911233,7259,45.53325,8.97286,28916.9,5.1,6.2,236.4,-46.9,-1.0,-1.0,RS41-SG,404.900,9.6,0,9,2.6,-1,-1
2024-05-27T00:34:57.000Z,V2911233,7260,45.53322,8.97278,28922.3,5.5,7.0,241.7,-46.9,-1.0,-1.0,RS41-SG,404.900,8.9,0,10,2.5,-1,-1
2024-05-27T00:34:58.000Z,V2911233,7261,45.53319,8.97271,28928.3,6.5,6.9,243.1,-46.8,-1.0,-1.0,RS41-SG,404.900,8.7,0,10,2.5,-1,-1
2024-05-27T00:34:59.000Z,V2911233,7262,45.53317,8.97263,28934.6,6.2,5.9,243.7,-46.8,-1.0,-1.0,RS41-SG,404.900,9.2,0,10,2.5,-1,-1
2024-05-27T00:35:00.000Z,V2911233,7263,45.53315,8.97257,28940.1,5.0,5.2,240.7,-46.8,-1.0,-1.0,RS41-SG,404.900,9.7,0,10,2.6,-1,-1
2024-05-27T00:35:01.000Z,V2911233,7264,45.53312,8.97252,28945.2,5.2,4.8,236.0,-46.8,-1.0,-1.0,RS41-SG,404.900,9.7,0,10,2.6,-1,-1
2024-05-27T00:35:02.000Z,V2911233,7265,45.53310,8.97246,28950.8,6.1,5.1,234.4,-46.8,-1.0,-1.0,RS41-SG,404.900,9.0,0,10,2.6,-1,-1
2024-05-27T00:35:03.000Z,V2911233,7266,45.53307,8.97241,28957.3,6.5,5.8,232.7,-46.8,-1.0,-1.0,RS41-SG,404.900,9.3,0,10,2.5,-1,-1
2024-05-27T00:35:04.000Z,V2911233,7267,45.53304,8.97235,28963.4,5.3,6.1,235.8,-46.8,-1.0,-1.0,RS41-SG,404.900,9.3,0,10,2.5,-1,-1
2024-05-27T00:35:05.000Z,V2911233,7268,45.53301,8.97228,28968.8,5.8,6.0,236.0,-46.8,-1.0,-1.0,RS41-SG,404.900,8.7,0,10,2.5,-1,-1
2024-05-27T00:35:06.000Z,V2911233,7269,45.53298,8.97222,28975.1,7.0,5.6,239.1,-46.9,-1.0,-1.0,RS41-SG,404.900,9.4,0,10,2.5,-1,-1
2024-05-27T00:35:07.000Z,V2911233,7270,45.53296,8.97216,28981.4,6.1,4.9,242.9,-46.9,-1.0,-1.0,RS41-SG,404.900,9.4,0,10,2.6,-1,-1
2024-05-27T00:35:08.000Z,V2911233,7271,45.53294,8.97211,28987.1,5.4,4.7,249.2,-46.9,-1.0,-1.0,RS41-SG,404.900,9.0,187,10,2.6,-1,-1
2024-05-27T00:35:09.000Z,V2911233,7272,45.53292,8.97205,28993.1,6.4,5.5,251.8,-46.9,-1.0,-1.0,RS41-SG,404.900,9.1,0,10,2.6,-1,-1
2024-05-27T00:35:10.000Z,V2911233,7273,45.53291,8.97197,28999.7,6.7,6.9,252.5,-46.9,-1.0,-1.0,RS41-SG,404.900,9.4,187,10,2.5,-1,-1
2024-05-27T00:35:11.000Z,V2911233,7274,45.53289,8.97188,29005.5,4.6,8.1,251.0,-46.9,-1.0,-1.0,RS41-SG,404.900,9.4,0,10,2.5,-1,-1
2024-05-27T00:35:12.000Z,V2911233,7275,45.53286,8.97178,29010.4,5.1,8.8,249.1,-46.9,-1.0,-1.0,RS41-SG,404.900,8.3,187,10,2.5,-1,-1
2024-05-27T00:35:13.000Z,V2911233,7276,45.53283,8.97168,29016.2,6.8,8.5,244.2,-46.9,-1.0,-1.0,RS41-SG,404.900,8.3,187,10,2.5,-1,-1
2024-05-27T00:35:14.000Z,V2911233,7277,45.53280,8.97159,29022.9,6.7,7.5,238.6,-46.9,-1.0,-1.0,RS41-SG,404.900,9.5,0,10,2.6,-1,-1
2024-05-27T00:35:15.000Z,V2911233,7278,45.53276,8.97151,29028.7,5.6,6.8,232.7,-46.9,-1.0,-1.0,RS41-SG,404.900,9.5,0,10,2.6,-1,-1
2024-05-27T00:35:16.000Z,V2911233,7279,45.53272,8.97145,29034.5,5.7,6.7,224.9,-46.9,-1.0,-1.0,RS41-SG,404.900,9.4,0,10,2.6,-1,-1
2024-05-27T00:35:18.000Z,V2911233,7281,45.53263,8.97132,29047.1,6.5,7.8,224.8,-46.9,-1.0,-1.0,RS41-SG,404.900,9.4,0,10,2.5,-1,-1
2024-05-27T00:35:19.000Z,V2911233,7282,45.53258,8.97125,29053.1,5.3,8.1,229.5,-46.9,-1.0,-1.0,RS41-SG,404.900,9.4,0,10,2.5,-1,-1
2024-05-27T00:35:20.000Z,V2911233,7283,45.53254,8.97116,29058.6,5.6,8.1,240.8,-46.9,-1.0,-1.0,RS41-SG,404.900,8.4,0,10,2.6,-1,-1
2024-05-27T00:35:21.000Z,V2911233,7284,45.53251,8.97107,29064.3,6.1,8.0,257.3,-46.9,-1.0,-1.0,RS41-SG,404.900,8.4,0,10,2.6,-1,-1
2024-05-27T00:35:22.000Z,V2911233,7285,45.53251,8.97097,29070.7,6.3,7.9,272.8,-46.9,-1.0,-1.0,RS41-SG,404.900,9.3,187,10,2.5,-1,-1
2024-05-27T00:35:23.000Z,V2911233,7286,45.53252,8.97087,29076.6,5.6,8.1,282.9,-46.9,-1.0,-1.0,RS41-SG,404.900,9.3,187,10,2.5,-1,-1
2024-05-27T00:35:24.000Z,V2911233,7287,45.53254,8.97077,29081.9,5.0,8.2,286.9,-47.0,0.8,-1.0,RS41-SG,404.900,9.8,187,10,2.5,-1,-1
2024-05-27T00:35:25.000Z,V2911233,7288,45.53255,8.97067,29087.4,6.2,8.2,281.5,-47.0,0.8,-1.0,RS41-SG,404.900,9.8,0,10,2.6,-1,-1
2024-05-27T00:35:26.000Z,V2911233,7289,45.53256,8.97056,29094.3,7.7,8.2,268.5,-47.0,0.8,-1.0,RS41-SG,404.900,9.8,0,10,2.6,-1,-1
2024-05-27T00:35:28.000Z,V2911233,7291,45.53253,8.97036,29106.7,5.4,8.1,244.9,-47.1,0.8,-1.0,RS41-SG,404.900,8.8,187,10,2.5,-1,-1
2024-05-27T00:35:29.000Z,V2911233,7292,45.53249,8.97028,29112.6,6.2,7.3,230.9,-47.1,0.8,-1.0,RS41-SG,404.900,8.5,0,10,2.5,-1,-1
2024-05-27T00:35:31.000Z,V2911233,7294,45.53241,8.97018,29125.1,5.6,4.4,212.8,-47.1,0.8,-1.0,RS41-SG,404.900,9.0,0,10,2.5,-1,-1
2024-05-27T00:35:32.000Z,V2911233,7295,45.53239,8.97015,29130.3,4.9,3.3,218.2,-47.0,0.8,-1.0,RS41-SG,404.900,8.8,0,10,2.6,-1,-1
2024-05-27T00:35:33.000Z,V2911233,7296,45.53237,8.97012,29135.7,6.0,3.0,251.3,-46.9,0.8,-1.0,RS41-SG,404.900,8.8,0,10,2.6,-1,-1
2024-05-27T00:35:34.000Z,V2911233,7297,45.53237,8.97007,29142.0,6.7,4.5,273.7,-46.8,0.8,-1.0,RS41-SG,404.900,8.9,0,10,2.6,-1,-1
2024-05-27T00:35:35.000Z,V2911233,7298,45.53237,8.97001,29148.3,5.4,6.2,279.2,-46.7,0.8,-1.0,RS41-SG,404.900,9.4,0,10,2.5,-1,-1
2024-05-27T00:35:40.999Z,V2911233,7304,45.53244,8.96955,29184.2,5.6,3.1,271.3,-46.7,0.8,-1.0,RS41-SG,404.900,8.3,187,10,2.6,-1,-1
2024-05-27T00:35:41.999Z,V2911233,7305,45.53243,8.96952,29190.6,6.9,2.7,254.7,-46.7,0.8,-1.0,RS41-SG,404.900,8.5,0,10,2.5,-1,-1
2024-05-27T00:35:42.999Z,V2911233,7306,45.53242,8.96948,29196.9,5.7,2.7,243.1,-46.8,0.8,-1.0,RS41-SG,404.900,9.7,0,10,2.5,-1,-1
2024-05-27T00:35:43.999Z,V2911233,7307,45.53241,8.96946,29203.0,6.3,2.3,233.5,-46.8,0.8,-1.0,RS41-SG,404.900,9.7,0,10,2.5,-1,-1
2024-05-27T00:35:47.999Z,V2911233,7311,45.53241,8.96945,29227.4,5.6,2.1,5.4,-46.5,0.8,-1.0,RS41-SG,404.900,9.0,0,10,2.5,-1,-1
2024-05-27T00:35:48.999Z,V2911233,7312,45.53243,8.96944,29233.4,6.2,3.6,336.7,-46.4,0.8,-1.0,RS41-SG,404.900,8.5,187,10,2.5,-1,-1
2024-05-27T00:35:50.999Z,V2911233,7314,45.53251,8.96936,29245.1,5.1,6.4,314.2,-46.2,0.7,-1.0,RS41-SG,404.900,8.4,0,10,2.6,-1,-1
2024-05-27T00:35:52.999Z,V2911233,7316,45.53258,8.96924,29256.8,6.7,5.4,307.4,-46.1,0.7,-1.0,RS41-SG,404.900,8.7,187,10,2.5,-1,-1
2024-05-27T00:35:53.999Z,V2911233,7317,45.53260,8.96919,29263.7,7.0,3.6,312.8,-46.1,0.7,-1.0,RS41-SG,404.900,9.7,187,10,2.5,-1,-1
2024-05-27T00:35:54.999Z,V2911233,7318,45.53262,8.96917,29269.8,5.2,2.2,330.7,-46.2,0.8,-1.0,RS41-SG,404.900,9.7,0,10,2.5,-1,-1
2024-05-27T00:35:55.999Z,V2911233,7319,45.53264,8.96916,29275.0,5.2,1.3,11.9,-46.2,0.8,-1.0,RS41-SG,404.900,9.4,0,10,2.5,-1,-1
2024-05-27T00:35:56.999Z,V2911233,7320,45.53265,8.96917,29280.9,6.7,1.2,49.6,-46.2,0.8,-1.0,RS41-SG,404.900,10.3,0,10,2.6,-1,-1
2024-05-27T00:35:57.999Z,V2911233,7321,45.53265,8.96918,29287.4,6.4,1.0,49.7,-46.2,0.8,-1.0,RS41-SG,404.900,10.3,0,10,2.6,-1,-1
2024-05-27T00:35:58.999Z,V2911233,7322,45.53266,8.96919,29293.5,5.5,0.5,50.0,-46.1,0.7,-1.0,RS41-SG,404.900,9.0,0,10,2.6,-1,-1
2024-05-27T00:36:00.999Z,V2911233,7324,45.53267,8.96920,29305.5,6.3,1.4,52.7,-46.0,0.7,-1.0,RS41-SG,404.900,9.9,0,10,2.5,-1,-1
2024-05-27T00:36:01.999Z,V2911233,7325,45.53268,8.96922,29311.7,6.0,2.0,56.6,-45.9,0.8,-1.0,RS41-SG,404.900,9.6,0,10,2.5,-1,-1
2024-05-27T00:36:02.999Z,V2911233,7326,45.53269,8.96924,29317.3,5.6,2.4,51.7,-45.8,0.7,-1.0,RS41-SG,404.900,10.0,0,10,2.5,-1,-1
2024-05-27T00:36:03.999Z,V2911233,7327,45.53270,8.96927,29322.9,5.6,2.0,47.2,-45.8,0.7,-1.0,RS41-SG,404.900,10.0,0,10,2.6,-1,-1
2024-05-27T00:36:04.999Z,V2911233,7328,45.53271,8.96928,29328.7,5.8,1.1,24.6,-45.7,0.7,-1.0,RS41-SG,404.900,10.0,0,10,2.6,-1,-1
2024-05-27T00:36:06.999Z,V2911233,7330,45.53272,8.96925,29341.6,6.2,2.3,273.8,-45.5,0.7,-1.0,RS41-SG,404.900,8.3,0,10,2.5,-1,-1
2024-05-27T00:36:07.999Z,V2911233,7331,45.53272,8.96922,29347.2,5.2,3.0,275.9,-45.5,0.7,-1.0,RS41-SG,404.900,8.7,0,10,2.5,-1,-1
2024-05-27T00:36:08.999Z,V2911233,7332,45.53273,8.96919,29352.5,5.5,2.6,287.7,-45.5,0.7,-1.0,RS41-SG,404.900,8.7,0,10,2.5,-1,-1
2024-05-27T00:36:12.999Z,V2911233,7336,45.53281,8.96924,29375.9,5.3,5.3,55.0,-45.5,0.7,-1.0,RS41-SG,404.900,8.8,0,10,2.5,-1,-1
2024-05-27T00:36:13.999Z,V2911233,7337,45.53284,8.96930,29381.9,6.8,5.0,64.0,-45.5,0.7,-1.0,RS41-SG,404.900,8.9,0,10,2.5,-1,-1
2024-05-27T00:36:17.999Z,V2911233,7341,45.53285,8.96945,29406.8,6.5,2.2,127.7,-45.4,0.7,-1.0,RS41-SG,404.900,9.3,0,10,2.5,-1,-1
2024-05-27T00:36:18.999Z,V2911233,7342,45.53284,8.96947,29413.1,6.0,2.3,134.7,-45.3,0.7,-1.0,RS41-SG,404.900,10.3,0,10,2.5,-1,-1
2024-05-27T00:36:19.999Z,V2911233,7343,45.53282,8.96949,29418.9,5.6,2.0,142.9,-45.3,0.7,-1.0,RS41-SG,404.900,10.3,0,10,2.5,-1,-1
2024-05-27T00:36:20.999Z,V2911233,7344,45.53281,8.96950,29424.8,6.1,1.8,175.4,-45.2,0.7,-1.0,RS41-SG,404.900,9.5,0,10,2.5,-1,-1
2024-05-27T00:36:21.999Z,V2911233,7345,45.53279,8.96949,29431.4,7.1,2.2,221.1,-45.2,0.7,-1.0,RS41-SG,404.900,9.8,0,10,2.6,-1,-1
2024-05-27T00:36:22.999Z,V2911233,7346,45.53278,8.96946,29437.9,6.2,2.9,239.1,-45.1,0.7,-1.0,RS41-SG,404.900,9.8,0,10,2.6,-1,-1
2024-05-27T00:36:24.999Z,V2911233,7348,45.53276,8.96939,29450.0,6.3,2.4,274.5,-45.0,0.7,-1.0,RS41-SG,404.900,9.8,0,10,2.5,-1,-1
2024-05-27T00:36:25.999Z,V2911233,7349,45.53277,8.96937,29456.7,6.9,1.5,322.7,-44.9,0.7,-1.0,RS41-SG,404.900,9.5,0,10,2.5,-1,-1
2024-05-27T00:36:26.999Z,V2911233,7350,45.53278,8.96937,29462.9,5.4,2.0,16.2,-44.9,0.7,-1.0,RS41-SG,404.900,9.5,0,10,2.5,-1,-1
2024-05-27T00:36:27.999Z,V2911233,7351,45.53280,8.96938,29468.1,5.1,2.6,38.4,-44.9,0.7,-1.0,RS41-SG,404.900,10.4,0,10,2.5,-1,-1
2024-05-27T00:36:28.999Z,V2911233,7352,45.53282,8.96940,29473.8,6.4,2.4,44.1,-44.9,0.7,-1.0,RS41-SG,404.900,10.4,0,10,2.6,-1,-1
2024-05-27T00:36:30.999Z,V2911233,7354,45.53283,8.96942,29487.0,5.7,0.6,249.9,-44.9,0.7,-1.0,RS41-SG,404.900,9.7,0,10,2.6,-1,-1
2024-05-27T00:36:31.999Z,V2911233,7355,45.53283,8.96941,29492.0,4.5,1.9,234.7,-44.9,0.7,-1.0,RS41-SG,404.900,9.0,187,10,2.5,-1,-1
2024-05-27T00:36:32.999Z,V2911233,7356,45.53281,8.96938,29497.0,5.4,2.8,229.4,-44.9,0.7,-1.0,RS41-SG,404.900,9.6,0,10,2.5,-1,-1
2024-05-27T00:36:33.999Z,V2911233,7357,45.53279,8.96936,29503.2,6.7,3.0,225.1,-44.9,0.7,-1.0,RS41-SG,404.900,9.6,0,10,2.5,-1,-1
2024-05-27T00:36:34.999Z,V2911233,7358,45.53278,8.96933,29509.7,6.5,2.7,217.6,-45.0,0.7,-1.0,RS41-SG,404.900,8.9,187,10,2.6,-1,-1
2024-05-27T00:36:36.999Z,V2911233,7360,45.53274,8.96929,29521.5,6.1,2.4,230.9,-45.0,0.7,-1.0,RS41-SG,404.900,9.7,0,10,2.5,-1,-1
2024-05-27T00:36:37.999Z,V2911233,7361,45.53273,8.96926,29528.1,6.7,3.0,244.5,-45.0,0.7,-1.0,RS41-SG,404.900,10.1,0,10,2.5,-1,-1
2024-05-27T00:36:38.999Z,V2911233,7362,45.53272,8.96922,29534.4,5.8,3.8,253.2,-45.0,0.7,-1.0,RS41-SG,404.900,10.1,0,10,2.5,-1,-1
2024-05-27T00:36:39.999Z,V2911233,7363,45.53271,8.96917,29539.8,5.3,4.1,254.2,-45.0,0.7,-1.0,RS41-SG,404.900,9.5,0,10,2.6,-1,-1
2024-05-27T00:36:41.999Z,V2911233,7365,45.53269,8.96909,29551.7,6.5,2.2,250.2,-45.0,0.7,-1.0,RS41-SG,404.900,8.3,0,10,2.6,-1,-1
2024-05-27T00:36:42.999Z,V2911233,7366,45.53269,8.96908,29558.2,6.2,0.7,218.5,-45.0,0.7,-1.0,RS41-SG,404.900,9.1,187,10,2.5,-1,-1
2024-05-27T00:36:43.999Z,V2911233,7367,45.53268,8.96908,29563.9,5.2,0.8,131.1,-45.0,0.7,-1.0,RS41-SG,404.900,9.2,187,10,2.5,-1,-1
2024-05-27T00:36:44.999Z,V2911233,7368,45.53268,8.96909,29569.4,5.9,1.3,136.4,-45.0,0.7,-1.0,RS41-SG,404.900,9.2,0,10,2.5,-1,-1
2024-05-27T00:36:45.999Z,V2911233,7369,45.53266,8.96909,29575.6,6.6,1.7,178.3,-44.9,0.7,-1.0,RS41-SG,404.900,9.3,187,10,2.5,-1,-1
2024-05-27T00:36:46.999Z,V2911233,7370,45.53265,8.96908,29582.1,6.6,2.8,211.4,-44.8,0.7,-1.0,RS41-SG,404.900,9.3,187,10,2.6,-1,-1
2024-05-27T00:36:47.999Z,V2911233,7371,45.53262,8.96906,29588.0,5.3,4.3,222.7,-44.8,0.7,-1.0,RS41-SG,404.900,9.9,187,10,2.6,-1,-1
2024-05-27T00:36:48.999Z,V2911233,7372,45.53259,8.96901,29592.7,3.9,5.5,224.8,-44.8,0.7,-1.0,RS41-SG,404.900,9.9,0,10,2.6,-1,-1
2024-05-27T00:36:50.999Z,V2911233,7374,45.53251,8.96892,29603.5,6.8,6.1,212.2,-44.7,0.7,-1.0,RS41-SG,404.900,8.7,0,10,2.5,-1,-1
2024-05-27T00:36:51.999Z,V2911233,7375,45.53246,8.96888,29610.0,6.4,5.3,202.5,-44.6,0.7,-1.0,RS41-SG,404.900,8.7,187,10,2.5,-1,-1
2024-05-27T00:36:52.999Z,V2911233,7376,45.53242,8.96886,29616.0,5.8,4.3,193.8,-44.6,0.7,-1.0,RS41-SG,404.900,10.1,0,10,2.5,-1,-1
2024-05-27T00:36:53.999Z,V2911233,7377,45.53239,8.96885,29621.9,6.3,2.7,194.4,-44.6,0.7,-1.0,RS41-SG,404.900,10.1,0,10,2.6,-1,-1
2024-05-27T00:36:54.999Z,V2911233,7378,45.53237,8.96884,29628.5,7.1,1.7,222.2,-44.6,0.7,-1.0,RS41-SG,404.900,9.3,187,10,2.6,-1,-1
2024-05-27T00:36:55.999Z,V2911233,7379,45.53236,8.96882,29634.9,5.3,1.7,254.3,-44.6,0.7,-1.0,RS41-SG,404.900,9.2,187,10,2.6,-1,-1
2024-05-27T00:36:56.999Z,V2911233,7380,45.53237,8.96880,29640.0,4.8,2.1,287.7,-44.6,0.7,-1.0,RS41-SG,404.900,8.9,0,10,2.5,-1,-1
2024-05-27T00:36:57.999Z,V2911233,7381,45.53237,8.96878,29645.1,5.5,2.2,299.5,-44.6,0.7,-1.0,RS41-SG,404.900,9.5,187,10,2.5,-1,-1
2024-05-27T00:36:58.999Z,V2911233,7382,45.53238,8.96876,29651.2,6.8,1.6,312.2,-44.5,0.7,-1.0,RS41-SG,404.900,9.5,0,10,2.5,-1,-1
2024-05-27T00:36:59.999Z,V2911233,7383,45.53239,8.96875,29657.3,5.9,0.6,325.8,-44.5,0.7,-1.0,RS41-SG,404.900,9.2,0,10,2.6,-1,-1
2024-05-27T00:37:00.999Z,V2911233,7384,45.53239,8.96874,29663.0,5.8,0.4,214.8,-44.5,0.7,-1.0,RS41-SG,404.900,9.2,0,10,2.6,-1,-1
2024-05-27T00:37:01.999Z,V2911233,7385,45.53238,8.96874,29669.2,6.6,1.7,216.9,-44.5,0.7,-1.0,RS41-SG,404.900,9.4,187,10,2.5,-1,-1
2024-05-27T00:37:02.999Z,V2911233,7386,45.53237,8.96871,29675.9,6.8,3.2,229.2,-44.5,0.7,-1.0,RS41-SG,404.900,9.9,187,10,2.5,-1,-1
2024-05-27T00:37:03.999Z,V2911233,7387,45.53235,8.96867,29681.9,5.1,4.6,234.3,-44.6,0.7,-1.0,RS41-SG,404.900,9.9,187,10,2.5,-1,-1
2024-05-27T00:37:04.999Z,V2911233,7388,45.53232,8.96862,29687.1,5.1,5.6,234.1,-44.6,0.7,-1.0,RS41-SG,404.900,9.4,0,10,2.6,-1,-1
2024-05-27T00:37:05.999Z,V2911233,7389,45.53229,8.96856,29692.7,6.3,5.9,229.4,-44.6,0.7,-1.0,RS41-SG,404.900,9.1,0,10,2.6,-1,-1
2024-05-27T00:37:06.999Z,V2911233,7390,45.53225,8.96851,29699.4,6.7,5.3,223.6,-44.6,0.7,-1.0,RS41-SG,404.900,8.6,187,10,2.6,-1,-1
2024-05-27T00:37:07.999Z,V2911233,7391,45.53222,8.96847,29705.4,5.2,4.5,217.5,-44.7,0.7,-1.0,RS41-SG,404.900,9.8,187,10,2.5,-1,-1
2024-05-27T00:37:08.999Z,V2911233,7392,45.53219,8.96844,29711.0,5.5,3.5,220.3,-44.7,0.7,-1.0,RS41-SG,404.900,9.9,0,10,2.5,-1,-1
2024-05-27T00:37:09.999Z,V2911233,7393,45.53218,8.96841,29716.9,6.4,2.9,241.2,-44.8,0.7,-1.0,RS41-SG,404.900,9.9,0,10,2.5,-1,-1
2024-05-27T00:37:10.999Z,V2911233,7394,45.53217,8.96837,29723.4,6.6,3.3,265.6,-44.8,0.7,-1.0,RS41-SG,404.900,9.1,0,10,2.5,-1,-1
2024-05-27T00:37:11.999Z,V2911233,7395,45.53217,8.96832,29729.2,5.2,4.2,276.0,-44.8,0.7,-1.0,RS41-SG,404.900,10.8,0,10,2.6,-1,-1
2024-05-27T00:37:12.999Z,V2911233,7396,45.53217,8.96827,29734.4,5.5,4.4,278.8,-44.8,0.8,-1.0,RS41-SG,404.900,10.8,0,10,2.6,-1,-1
2024-05-27T00:37:13.999Z,V2911233,7397,45.53218,8.96822,29740.5,6.6,4.0,276.2,-44.8,0.7,-1.0,RS41-SG,404.900,10.0,187,10,2.6,-1,-1
2024-05-27T00:37:14.999Z,V2911233,7398,45.53218,8.96817,29747.2,6.5,3.2,263.5,-44.9,0.7,-1.0,RS41-SG,404.900,10.0,187,10,2.5,-1,-1
2024-05-27T00:37:15.999Z,V2911233,7399,45.53217,8.96813,29753.1,5.0,3.0,245.5,-44.9,0.7,-1.0,RS41-SG,404.900,9.9,0,10,2.5,-1,-1
2024-05-27T00:37:16.999Z,V2911233,7400,45.53215,8.96810,29758.6,5.8,3.7,226.5,-45.0,0.7,-1.0,RS41-SG,404.900,9.9,187,10,2.5,-1,-1
2024-05-27T00:37:17.999Z,V2911233,7401,45.53212,8.96806,29764.8,6.6,5.2,225.0,-45.0,0.7,-1.0,RS41-SG,404.900,9.9,187,10,2.6,-1,-1
2024-05-27T00:37:18.999Z,V2911233,7402,45.53209,8.96800,29771.3,6.5,6.7,228.4,-45.1,0.7,-1.0,RS41-SG,404.900,9.9,187,10,2.6,-1,-1
2024-05-27T00:37:19.999Z,V2911233,7403,45.53205,8.96793,29777.0,4.7,7.5,234.4,-45.1,0.7,-1.0,RS41-SG,404.900,9.9,187,10,2.5,-1,-1
2024-05-27T00:37:20.999Z,V2911233,7404,45.53201,8.96785,29782.2,5.1,7.7,236.4,-45.1,0.7,-1.0,RS41-SG,404.900,9.9,187,10,2.5,-1,-1
2024-05-27T00:37:21.999Z,V2911233,7405,45.53197,8.96778,29788.0,6.7,6.8,238.4,-45.1,0.7,-1.0,RS41-SG,404.900,9.3,187,10,2.5,-1,-1
2024-05-27T00:37:22.999Z,V2911233,7406,45.53195,8.96771,29794.9,6.8,5.2,242.2,-45.2,0.7,-1.0,RS41-SG,404.900,8.9,187,10,2.6,-1,-1
2024-05-27T00:37:23.999Z,V2911233,7407,45.53193,8.96766,29801.1,5.7,3.9,247.2,-45.2,0.7,-1.0,RS41-SG,404.900,9.6,187,10,2.6,-1,-1
2024-05-27T00:37:24.999Z,V2911233,7408,45.53192,8.96762,29806.8,5.2,3.1,260.6,-45.2,0.8,-1.0,RS41-SG,404.900,9.7,0,10,2.6,-1,-1
2024-05-27T00:37:25.999Z,V2911233,7409,45.53192,8.96758,29812.2,5.5,3.3,275.8,-45.2,0.7,-1.0,RS41-SG,404.900,9.7,187,10,2.5,-1,-1
2024-05-27T00:37:26.999Z,V2911233,7410,45.53192,8.96753,29818.3,6.5,4.4,281.1,-45.3,0.7,-1.0,RS41-SG,404.900,8.7,187,10,2.5,-1,-1
2024-05-27T00:37:27.999Z,V2911233,7411,45.53193,8.96746,29824.7,6.3,5.6,277.8,-45.3,0.8,-1.0,RS41-SG,404.900,8.9,0,10,2.5,-1,-1
2024-05-27T00:37:28.999Z,V2911233,7412,45.53193,8.96739,29830.5,5.5,6.5,268.3,-45.3,0.7,-1.0,RS41-SG,404.900,8.9,187,10,2.5,-1,-1
2024-05-27T00:37:29.999Z,V2911233,7413,45.53192,8.96730,29835.7,5.4,7.0,254.9,-45.3,0.7,-1.0,RS41-SG,404.900,8.8,187,10,2.6,-1,-1
2024-05-27T00:37:30.999Z,V2911233,7414,45.53190,8.96722,29841.3,6.0,7.5,238.1,-45.4,0.7,-1.0,RS41-SG,404.900,9.4,187,10,2.6,-1,-1
2024-05-27T00:37:31.999Z,V2911233,7415,45.53185,8.96714,29847.3,5.8,8.1,223.6,-45.4,0.7,-1.0,RS41-SG,404.900,9.6,187,10,2.6,-1,-1
2024-05-27T00:37:32.999Z,V2911233,7416,45.53180,8.96708,29852.8,4.8,8.3,214.3,-45.3,0.7,-1.0,RS41-SG,404.900,9.6,0,10,2.5,-1,-1
2024-05-27T00:37:33.999Z,V2911233,7417,45.53174,8.96702,29858.1,5.3,7.9,211.4,-45.2,0.7,-1.0,RS41-SG,404.900,9.6,0,10,2.5,-1,-1
2024-05-27T00:37:34.999Z,V2911233,7418,45.53168,8.96697,29863.9,6.5,6.7,217.2,-45.2,0.7,-1.0,RS41-SG,404.900,8.8,187,10,2.5,-1,-1
2024-05-27T00:37:35.999Z,V2911233,7419,45.53165,8.96692,29870.6,7.2,5.3,237.1,-45.1,0.7,-1.0,RS41-SG,404.900,9.7,187,10,2.5,-1,-1
2024-05-27T00:37:36.999Z,V2911233,7420,45.53163,8.96686,29877.0,5.8,4.9,261.0,-45.0,0.7,-1.0,RS41-SG,404.900,9.7,187,10,2.6,-1,-1
2024-05-27T00:37:37.999Z,V2911233,7421,45.53163,8.96680,29882.0,4.3,5.0,284.8,-45.0,0.7,-1.0,RS41-SG,404.900,9.8,187,10,2.6,-1,-1
2024-05-27T00:37:38.999Z,V2911233,7422,45.53165,8.96674,29886.4,4.6,5.0,303.2,-44.9,0.7,-1.0,RS41-SG,404.900,9.8,0,10,2.6,-1,-1
2024-05-27T00:37:39.999Z,V2911233,7423,45.53167,8.96669,29891.8,6.1,4.2,316.9,-44.8,0.7,-1.0,RS41-SG,404.900,10.0,0,10,2.5,-1,-1
2024-05-27T00:37:40.999Z,V2911233,7424,45.53170,8.96666,29897.9,5.9,2.8,323.2,-44.8,0.7,-1.0,RS41-SG,404.900,10.0,0,10,2.5,-1,-1
2024-05-27T00:37:41.999Z,V2911233,7425,45.53171,8.96665,29903.2,4.9,1.5,318.6,-44.7,0.7,-1.0,RS41-SG,404.900,9.6,0,10,2.5,-1,-1
2024-05-27T00:37:43.999Z,V2911233,7427,45.53171,8.96661,29914.2,6.1,2.4,238.2,-44.6,0.7,-1.0,RS41-SG,404.900,10.6,0,10,2.6,-1,-1
2024-05-27T00:37:44.999Z,V2911233,7428,45.53170,8.96658,29920.3,6.1,4.0,238.2,-44.6,0.7,-1.0,RS41-SG,404.900,10.3,187,10,2.5,-1,-1
2024-05-27T00:37:45.999Z,V2911233,7429,45.53167,8.96653,29925.7,4.7,5.1,239.6,-44.6,0.7,-1.0,RS41-SG,404.900,10.3,187,10,2.5,-1,-1
2024-05-27T00:37:46.999Z,V2911233,7430,45.53165,8.96647,29930.3,4.7,5.7,238.0,-44.6,0.7,-1.0,RS41-SG,404.900,9.7,0,10,2.5,-1,-1
2024-05-27T00:37:47.999Z,V2911233,7431,45.53162,8.96641,29935.6,6.0,5.6,233.4,-44.6,0.7,-1.0,RS41-SG,404.900,9.5,187,10,2.6,-1,-1
2024-05-27T00:37:48.999Z,V2911233,7432,45.53159,8.96636,29941.7,6.6,5.1,224.7,-44.6,0.7,-1.0,RS41-SG,404.900,9.5,187,10,2.6,-1,-1
2024-05-27T00:37:49.999Z,V2911233,7433,45.53156,8.96631,29947.4,5.2,4.6,217.7,-44.6,0.7,-1.0,RS41-SG,404.900,8.9,187,10,2.6,-1,-1
2024-05-27T00:37:50.999Z,V2911233,7434,45.53153,8.96628,29952.8,5.2,3.9,220.2,-44.6,0.7,-1.0,RS41-SG,404.900,8.9,0,10,2.5,-1,-1
2024-05-27T00:37:51.999Z,V2911233,7435,45.53151,8.96625,29958.6,6.2,3.3,233.6,-44.6,0.7,-1.0,RS41-SG,404.900,9.9,187,10,2.5,-1,-1
2024-05-27T00:37:52.999Z,V2911233,7436,45.53149,8.96621,29964.7,6.0,3.2,257.9,-44.6,0.7,-1.0,RS41-SG,404.900,9.9,0,10,2.5,-1,-1
2024-05-27T00:37:53.999Z,V2911233,7437,45.53149,8.96617,29970.0,4.8,3.5,276.5,-44.7,0.7,-1.0,RS41-SG,404.900,9.2,0,10,2.5,-1,-1
2024-05-27T00:37:55.999Z,V2911233,7439,45.53151,8.96609,29981.2,6.7,2.6,306.6,-44.7,0.7,-1.0,RS41-SG,404.900,8.6,187,10,2.6,-1,-1
2024-05-27T00:37:56.999Z,V2911233,7440,45.53152,8.96607,29987.3,5.5,1.5,316.2,-44.7,0.7,-1.0,RS41-SG,404.900,8.6,0,10,2.6,-1,-1
2024-05-27T00:37:57.999Z,V2911233,7441,45.53153,8.96606,29992.4,4.3,0.8,324.3,-44.7,0.7,-1.0,RS41-SG,404.900,9.4,187,10,2.5,-1,-1
2024-05-27T00:37:58.999Z,V2911233,7442,45.53153,8.96606,29997.4,5.3,0.5,236.9,-44.7,0.7,-1.0,RS41-SG,404.900,10.0,187,10,2.5,-1,-1
2024-05-27T00:37:59.999Z,V2911233,7443,45.53152,8.96605,30003.1,6.1,1.8,227.6,-44.7,0.7,-1.0,RS41-SG,404.900,10.0,0,10,2.5,-1,-1
2024-05-27T00:38:00.999Z,V2911233,7444,45.53151,8.96602,30009.0,5.7,3.3,228.2,-44.7,0.7,-1.0,RS41-SG,404.900,9.6,187,10,2.6,-1,-1
2024-05-27T00:38:01.999Z,V2911233,7445,45.53148,8.96599,30014.1,4.8,4.7,223.9,-44.7,0.7,-1.0,RS41-SG,404.900,9.6,187,10,2.6,-1,-1
2024-05-27T00:38:02.999Z,V2911233,7446,45.53145,8.96594,30019.4,5.4,5.7,215.3,-44.7,0.7,-1.0,RS41-SG,404.900,10.2,187,10,2.5,-1,-1
2024-05-27T00:38:03.999Z,V2911233,7447,45.53140,8.96591,30025.3,6.4,5.8,204.4,-44.7,0.7,-1.0,RS41-SG,404.900,10.2,0,10,2.5,-1,-1
2024-05-27T00:38:04.999Z,V2911233,7448,45.53136,8.96588,30031.5,5.5,5.5,193.1,-44.7,0.7,-1.0,RS41-SG,404.900,9.2,187,10,2.5,-1,-1
2024-05-27T00:38:05.999Z,V2911233,7449,45.53131,8.96588,30036.9,5.4,4.4,181.7,-44.6,0.7,-1.0,RS41-SG,404.900,9.5,187,10,2.6,-1,-1
2024-05-27T00:38:06.999Z,V2911233,7450,45.53128,8.96588,30042.2,5.5,2.7,171.8,-44.6,0.7,-1.0,RS41-SG,404.900,9.5,187,10,2.6,-1,-1
2024-05-27T00:38:07.999Z,V2911233,7451,45.53127,8.96588,30048.2,5.9,0.6,168.2,-44.6,0.7,-1.0,RS41-SG,404.900,9.5,0,10,2.6,-1,-1
2024-05-27T00:38:08.999Z,V2911233,7452,45.53127,8.96588,30053.8,5.2,1.0,322.6,-44.6,0.7,-1.0,RS41-SG,404.900,9.5,0,10,2.5,-1,-1
2024-05-27T00:38:09.999Z,V2911233,7453,45.53128,8.96587,30058.6,4.3,2.1,319.2,-44.6,0.7,-1.0,RS41-SG,404.900,9.5,187,10,2.5,-1,-1
2024-05-27T00:38:10.999Z,V2911233,7454,45.53129,8.96585,30063.6,5.7,2.1,307.4,-44.5,0.7,-1.0,RS41-SG,404.900,9.4,0,10,2.5,-1,-1
2024-05-27T00:38:11.999Z,V2911233,7455,45.53130,8.96583,30069.8,7.0,1.5,270.2,-44.4,0.7,-1.0,RS41-SG,404.900,9.0,187,10,2.5,-1,-1
2024-05-27T00:38:12.999Z,V2911233,7456,45.53129,8.96581,30076.2,6.2,2.3,218.6,-44.4,0.7,-1.0,RS41-SG,404.900,8.9,0,10,2.6,-1,-1
2024-05-27T00:38:13.999Z,V2911233,7457,45.53127,8.96579,30081.7,5.1,3.7,205.2,-44.4,0.7,-1.0,RS41-SG,404.900,9.3,187,10,2.6,-1,-1
2024-05-27T00:38:14.999Z,V2911233,7458,45.53123,8.96576,30086.9,4.9,5.9,204.4,-44.4,0.7,-1.0,RS41-SG,404.900,10.5,187,10,2.6,-1,-1
2024-05-27T00:38:15.999Z,V2911233,7459,45.53117,8.96572,30092.3,5.8,7.8,209.7,-44.2,0.7,-1.0,RS41-SG,404.900,10.5,187,10,2.5,-1,-1
2024-05-27T00:38:16.999Z,V2911233,7460,45.53111,8.96566,30098.1,5.6,8.8,214.3,-44.1,0.7,-1.0,RS41-SG,404.900,9.5,187,10,2.5,-1,-1
2024-05-27T00:38:17.999Z,V2911233,7461,45.53104,8.96560,30103.4,5.1,9.0,216.2,-44.1,0.7,-1.0,RS41-SG,404.900,9.5,187,10,2.5,-1,-1
2024-05-27T00:38:19.999Z,V2911233,7463,45.53093,8.96549,30115.4,6.9,6.5,205.8,-44.0,0.7,-1.0,RS41-SG,404.900,9.5,187,10,2.6,-1,-1
2024-05-27T00:38:20.999Z,V2911233,7464,45.53088,8.96546,30121.5,5.3,5.0,192.2,-44.0,0.6,-1.0,RS41-SG,404.900,8.9,187,10,2.5,-1,-1
2024-05-27T00:38:21.999Z,V2911233,7465,45.53084,8.96546,30126.5,4.4,3.8,174.9,-43.9,0.7,-1.0,RS41-SG,404.900,9.4,187,10,2.5,-1,-1
2024-05-27T00:38:22.999Z,V2911233,7466,45.53081,8.96547,30131.3,5.3,3.0,157.4,-43.8,0.7,-1.0,RS41-SG,404.900,9.4,187,10,2.5,-1,-1
2024-05-27T00:38:23.999Z,V2911233,7467,45.53079,8.96548,30137.0,6.1,1.7,152.6,-43.8,0.7,-1.0,RS41-SG,404.900,9.6,0,10,2.6,-1,-1
2024-05-27T00:38:24.999Z,V2911233,7468,45.53078,8.96549,30142.8,5.2,1.2,190.8,-43.7,0.7,-1.0,RS41-SG,404.900,9.6,187,10,2.6,-1,-1
2024-05-27T00:38:25.999Z,V2911233,7469,45.53077,8.96548,30147.6,4.1,1.9,219.0,-43.7,0.6,-1.0,RS41-SG,404.900,9.3,187,10,2.6,-1,-1
2024-05-27T00:38:26.999Z,V2911233,7470,45.53075,8.96546,30152.2,4.8,3.2,216.6,-43.7,0.6,-1.0,RS41-SG,404.900,8.9,187,10,2.5,-1,-1
2024-05-27T00:38:27.999Z,V2911233,7471,45.53072,8.96543,30157.4,5.3,4.6,206.7,-43.7,0.7,-1.0,RS41-SG,404.900,9.9,0,10,2.5,-1,-1
2024-05-27T00:38:28.999Z,V2911233,7472,45.53068,8.96541,30162.9,5.8,5.8,197.3,-43.6,0.7,-1.0,RS41-SG,404.900,9.9,187,10,2.5,-1,-1
2024-05-27T00:38:29.999Z,V2911233,7473,45.53062,8.96539,30168.4,5.4,6.5,194.1,-43.6,0.7,-1.0,RS41-SG,404.900,8.7,187,10,2.5,-1,-1
2024-05-27T00:38:31.999Z,V2911233,7475,45.53051,8.96534,30178.7,5.4,6.3,202.9,-43.4,0.7,-1.0,RS41-SG,404.900,9.4,0,10,2.6,-1,-1
2024-05-27T00:38:33.999Z,V2911233,7477,45.53044,8.96525,30190.4,5.5,5.5,237.9,-43.2,0.6,-1.0,RS41-SG,404.900,9.7,187,9,2.5,-1,-1
2024-05-27T00:38:35.999Z,V2911233,7479,45.53040,8.96511,30199.6,4.7,5.5,256.9,-43.1,0.6,-1.0,RS41-SG,404.900,11.1,0,10,2.5,-1,-1
2024-05-27T00:38:36.999Z,V2911233,7480,45.53039,8.96505,30205.0,6.4,4.5,249.0,-43.1,0.6,-1.0,RS41-SG,404.900,11.1,0,10,2.6,-1,-1
2024-05-27T00:38:38.999Z,V2911233,7482,45.53034,8.96498,30216.5,4.4,4.4,201.2,-43.1,0.6,-1.0,RS41-SG,404.900,9.1,187,10,2.5,-1,-1
2024-05-27T00:38:39.999Z,V2911233,7483,45.53029,8.96497,30221.0,4.5,5.4,189.9,-43.1,0.6,-1.0,RS41-SG,404.900,9.5,187,10,2.5,-1,-1
2024-05-27T00:38:40.999Z,V2911233,7484,45.53024,8.96495,30226.3,6.0,6.2,190.4,-43.0,0.6,-1.0,RS41-SG,404.900,9.7,187,10,2.5,-1,-1
2024-05-27T00:38:41.999Z,V2911233,7485,45.53019,8.96493,30232.3,6.1,6.3,194.6,-43.0,0.6,-1.0,RS41-SG,404.900,9.7,0,10,2.6,-1,-1
2024-05-27T00:38:42.999Z,V2911233,7486,45.53013,8.96491,30237.9,5.3,6.1,200.8,-43.0,0.6,-1.0,RS41-SG,404.900,9.7,187,10,2.6,-1,-1
2024-05-27T00:38:43.999Z,V2911233,7487,45.53008,8.96488,30243.4,5.4,5.9,203.3,-43.0,0.6,-1.0,RS41-SG,404.900,9.7,187,10,2.6,-1,-1
2024-05-27T00:38:44.999Z,V2911233,7488,45.53004,8.96485,30249.3,6.2,5.7,201.3,-43.0,0.6,-1.0,RS41-SG,404.900,9.0,0,10,2.5,-1,-1
2024-05-27T00:38:45.999Z,V2911233,7489,45.52999,8.96483,30255.5,5.7,5.3,196.4,-43.0,0.6,-1.0,RS41-SG,404.900,9.2,187,10,2.5,-1,-1
2024-05-27T00:38:49.999Z,V2911233,7493,45.52983,8.96472,30276.8,6.2,5.0,232.8,-43.0,0.7,-1.0,RS41-SG,404.900,8.9,187,10,2.6,-1,-1
2024-05-27T00:38:51.999Z,V2911233,7495,45.52978,8.96460,30287.9,5.5,5.8,238.2,-43.0,0.6,-1.0,RS41-SG,404.900,10.0,0,10,2.5,-1,-1
2024-05-27T00:38:52.999Z,V2911233,7496,45.52975,8.96455,30293.9,6.2,5.9,226.3,-43.0,0.6,-1.0,RS41-SG,404.900,10.2,0,10,2.5,-1,-1
2024-05-27T00:38:53.999Z,V2911233,7497,45.52971,8.96450,30300.1,6.4,6.5,208.4,-43.0,0.7,-1.0,RS41-SG,404.900,10.2,0,10,2.5,-1,-1
2024-05-27T00:38:54.999Z,V2911233,7498,45.52965,8.96447,30305.5,4.7,7.3,196.0,-43.0,0.7,-1.0,RS41-SG,404.900,9.7,187,10,2.6,-1,-1
2024-05-27T00:38:55.999Z,V2911233,7499,45.52958,8.96444,30309.9,4.3,8.3,189.5,-42.9,0.7,-1.0,RS41-SG,404.900,10.2,0,10,2.6,-1,-1
2024-05-27T00:38:57.999Z,V2911233,7501,45.52943,8.96440,30320.5,6.3,8.5,198.1,-42.9,0.7,-1.0,RS41-SG,404.900,9.7,187,10,2.5,-1,-1
2024-05-27T00:38:58.999Z,V2911233,7502,45.52937,8.96436,30326.8,6.3,8.2,211.2,-42.8,0.6,-1.0,RS41-SG,404.900,9.6,187,10,2.5,-1,-1
2024-05-27T00:38:59.999Z,V2911233,7503,45.52931,8.96429,30332.5,5.2,8.0,224.1,-42.8,0.6,-1.0,RS41-SG,404.900,9.3,187,10,2.6,-1,-1
2024-05-27T00:39:00.999Z,V2911233,7504,45.52926,8.96422,30337.5,4.8,8.2,232.8,-42.7,0.6,-1.0,RS41-SG,404.900,9.7,187,10,2.6,-1,-1
2024-05-27T00:39:01.999Z,V2911233,7505,45.52922,8.96413,30342.6,5.2,7.8,235.5,-42.7,0.6,-1.0,RS41-SG,404.900,9.7,187,10,2.6,-1,-1
2024-05-27T00:39:02.999Z,V2911233,7506,45.52918,8.96406,30348.6,6.4,7.2,231.1,-42.6,0.6,-1.0,RS41-SG,404.900,10.0,0,10,2.5,-1,-1
2024-05-27T00:39:03.999Z,V2911233,7507,45.52914,8.96399,30354.6,5.4,6.5,223.7,-42.6,0.6,-1.0,RS41-SG,404.900,10.0,0,10,2.5,-1,-1
2024-05-27T00:39:04.999Z,V2911233,7508,45.52910,8.96394,30359.7,4.9,5.9,215.4,-42.5,0.6,-1.0,RS41-SG,404.900,9.5,0,10,2.5,-1,-1
2024-05-27T00:39:05.999Z,V2911233,7509,45.52905,8.96390,30364.9,5.6,5.4,210.6,-42.5,0.6,-1.0,RS41-SG,404.900,9.1,0,10,2.5,-1,-1
2024-05-27T00:39:06.999Z,V2911233,7510,45.52902,8.96387,30371.0,6.7,4.9,214.4,-42.4,0.6,-1.0,RS41-SG,404.900,9.5,187,10,2.6,-1,-1
2024-05-27T00:39:07.999Z,V2911233,7511,45.52898,8.96383,30376.8,5.2,4.8,221.2,-42.3,0.6,-1.0,RS41-SG,404.900,10.1,187,10,2.6,-1,-1
2024-05-27T00:39:08.999Z,V2911233,7512,45.52895,8.96379,30382.0,5.0,5.1,220.8,-42.3,0.6,-1.0,RS41-SG,404.900,10.1,187,10,2.6,-1,-1
2024-05-27T00:39:09.999Z,V2911233,7513,45.52891,8.96374,30387.6,5.9,5.6,217.1,-42.3,0.6,-1.0,RS41-SG,404.900,9.5,187,10,2.5,-1,-1
2024-05-27T00:39:10.999Z,V2911233,7514,45.52886,8.96370,30394.0,6.5,6.2,208.9,-42.2,0.6,-1.0,RS41-SG,404.900,9.2,187,10,2.5,-1,-1
2024-05-27T00:39:12.999Z,V2911233,7516,45.52875,8.96363,30404.8,5.3,7.2,203.1,-42.2,0.6,-1.0,RS41-SG,404.900,9.3,0,10,2.6,-1,-1
2024-05-27T00:39:14.999Z,V2911233,7518,45.52865,8.96354,30416.9,6.8,6.6,223.6,-42.3,0.6,-1.0,RS41-SG,404.900,8.7,187,10,2.5,-1,-1
2024-05-27T00:39:15.999Z,V2911233,7519,45.52861,8.96348,30423.0,5.3,6.3,237.1,-42.3,0.6,-1.0,RS41-SG,404.900,9.6,187,10,2.5,-1,-1
2024-05-27T00:39:17.999Z,V2911233,7521,45.52857,8.96335,30433.2,5.4,4.8,249.9,-42.3,0.6,-1.0,RS41-SG,404.900,8.7,187,10,2.6,-1,-1
2024-05-27T00:39:18.999Z,V2911233,7522,45.52855,8.96330,30439.1,6.3,3.5,242.1,-42.2,0.6,-1.0,RS41-SG,404.900,9.2,0,10,2.6,-1,-1
2024-05-27T00:39:19.999Z,V2911233,7523,45.52854,8.96327,30445.2,5.7,2.6,217.5,-42.2,0.6,-1.0,RS41-SG,404.900,9.2,0,10,2.6,-1,-1
2024-05-27T00:39:20.999Z,V2911233,7524,45.52852,8.96326,30450.3,4.5,2.7,196.6,-42.2,0.6,-1.0,RS41-SG,404.900,8.8,0,10,2.5,-1,-1
2024-05-27T00:39:21.999Z,V2911233,7525,45.52849,8.96325,30455.5,5.2,3.1,191.5,-42.1,0.6,-1.0,RS41-SG,404.900,9.2,0,10,2.5,-1,-1
2024-05-27T00:39:22.999Z,V2911233,7526,45.52846,8.96323,30461.3,6.3,3.6,207.2,-42.1,0.6,-1.0,RS41-SG,404.900,9.2,187,10,2.5,-1,-1
2024-05-27T00:39:23.999Z,V2911233,7527,45.52844,8.96320,30467.7,6.6,4.5,227.2,-42.0,0.6,-1.0,RS41-SG,404.900,8.2,187,10,2.5,-1,-1
2024-05-27T00:39:24.999Z,V2911233,7528,45.52841,8.96315,30473.5,5.7,5.5,237.7,-42.0,0.6,-1.0,RS41-SG,404.900,8.0,187,10,2.6,-1,-1
2024-05-27T00:39:25.999Z,V2911233,7529,45.52838,8.96309,30478.7,4.8,6.1,243.6,-42.0,0.6,-1.0,RS41-SG,404.900,9.3,187,10,2.6,-1,-1
2024-05-27T00:39:26.999Z,V2911233,7530,45.52836,8.96302,30483.9,5.4,6.3,242.3,-42.0,0.6,-1.0,RS41-SG,404.900,9.3,187,10,2.6,-1,-1
2024-05-27T00:39:27.999Z,V2911233,7531,45.52833,8.96295,30490.1,6.4,5.7,237.1,-42.0,0.6,-1.0,RS41-SG,404.900,8.6,187,10,2.5,-1,-1
2024-05-27T00:39:28.999Z,V2911233,7532,45.52830,8.96290,30496.4,5.9,4.9,227.7,-42.0,0.6,-1.0,RS41-SG,404.900,9.3,187,10,2.5,-1,-1
2024-05-27T00:39:29.999Z,V2911233,7533,45.52827,8.96286,30501.8,4.8,4.2,222.1,-42.0,0.6,-1.0,RS41-SG,404.900,10.4,0,10,2.5,-1,-1
2024-05-27T00:39:30.999Z,V2911233,7534,45.52825,8.96282,30506.9,5.4,3.3,223.2,-42.0,0.6,-1.0,RS41-SG,404.900,10.4,0,10,2.6,-1,-1
2024-05-27T00:39:31.999Z,V2911233,7535,45.52823,8.96279,30512.8,6.6,2.7,244.5,-42.1,0.6,-1.0,RS41-SG,404.900,9.3,0,10,2.6,-1,-1
2024-05-27T00:39:32.999Z,V2911233,7536,45.52823,8.96276,30519.2,6.0,3.1,268.9,-42.1,0.6,-1.0,RS41-SG,404.900,9.1,187,10,2.5,-1,-1
2024-05-27T00:39:34.999Z,V2911233,7538,45.52824,8.96267,30530.6,5.9,3.7,285.5,-42.1,0.6,-1.0,RS41-SG,404.900,9.2,0,10,2.5,-1,-1
2024-05-27T00:39:35.999Z,V2911233,7539,45.52824,8.96263,30537.0,7.0,2.8,276.7,-42.1,0.6,-1.0,RS41-SG,404.900,9.2,0,10,2.6,-1,-1
2024-05-27T00:39:36.999Z,V2911233,7540,45.52824,8.96260,30543.7,6.5,2.1,253.3,-42.1,0.6,-1.0,RS41-SG,404.900,9.2,0,10,2.6,-1,-1
2024-05-27T00:39:37.999Z,V2911233,7541,45.52823,8.96257,30549.5,5.2,2.4,224.9,-42.1,0.6,-1.0,RS41-SG,404.900,8.7,187,10,2.6,-1,-1
2024-05-27T00:39:38.999Z,V2911233,7542,45.52821,8.96255,30554.8,5.4,3.4,210.5,-42.1,0.6,-1.0,RS41-SG,404.900,9.8,187,10,2.5,-1,-1
2024-05-27T00:39:39.999Z,V2911233,7543,45.52818,8.96253,30560.8,6.4,4.3,215.5,-42.1,0.6,-1.0,RS41-SG,404.900,9.8,0,10,2.5,-1,-1
2024-05-27T00:39:40.999Z,V2911233,7544,45.52815,8.96249,30567.0,6.0,4.9,222.5,-42.1,0.7,-1.0,RS41-SG,404.900,8.9,187,10,2.5,-1,-1
2024-05-27T00:39:41.999Z,V2911233,7545,45.52812,8.96244,30572.7,5.3,5.4,225.9,-42.1,0.6,-1.0,RS41-SG,404.900,8.7,0,10,2.5,-1,-1
2024-05-27T00:39:42.999Z,V2911233,7546,45.52809,8.96239,30578.1,5.8,5.3,225.0,-42.1,0.6,-1.0,RS41-SG,404.900,10.3,0,10,2.6,-1,-1
2024-05-27T00:39:43.999Z,V2911233,7547,45.52805,8.96235,30584.3,6.4,4.8,215.7,-42.1,0.6,-1.0,RS41-SG,404.900,10.3,187,10,2.6,-1,-1
2024-05-27T00:39:44.999Z,V2911233,7548,45.52802,8.96232,30590.7,6.4,4.5,204.1,-42.1,0.6,-1.0,RS41-SG,404.900,9.3,187,10,2.6,-1,-1
2024-05-27T00:39:45.999Z,V2911233,7549,45.52798,8.96230,30596.6,5.2,4.4,194.8,-42.1,0.6,-1.0,RS41-SG,404.900,9.3,187,10,2.5,-1,-1
2024-05-27T00:39:46.999Z,V2911233,7550,45.52794,8.96229,30602.3,5.7,3.9,195.0,-42.1,0.6,-1.0,RS41-SG,404.900,8.6,187,10,2.5,-1,-1
2024-05-27T00:39:47.999Z,V2911233,7551,45.52791,8.96227,30608.3,6.3,3.3,211.3,-42.0,0.6,-1.0,RS41-SG,404.900,9.0,0,10,2.5,-1,-1
2024-05-27T00:39:48.999Z,V2911233,7552,45.52789,8.96224,30614.5,6.4,3.5,235.2,-42.0,0.6,-1.0,RS41-SG,404.900,9.0,187,10,2.6,-1,-1
2024-05-27T00:39:49.999Z,V2911233,7553,45.52788,8.96220,30620.0,5.2,4.3,249.0,-42.0,0.6,-1.0,RS41-SG,404.900,8.9,187,10,2.6,-1,-1
2024-05-27T00:39:50.999Z,V2911233,7554,45.52786,8.96214,30625.3,4.9,5.2,248.5,-42.0,0.6,-1.0,RS41-SG,404.900,8.1,187,10,2.5,-1,-1
2024-05-27T00:39:52.999Z,V2911233,7556,45.52780,8.96202,30636.8,6.6,6.7,224.4,-41.9,0.6,-1.0,RS41-SG,404.900,8.0,187,10,2.5,-1,-1
2024-05-27T00:39:54.999Z,V2911233,7558,45.52770,8.96192,30648.7,5.1,7.6,198.5,-41.9,0.6,-1.0,RS41-SG,404.900,8.9,187,10,2.6,-1,-1
2024-05-27T00:39:55.999Z,V2911233,7559,45.52763,8.96190,30654.0,5.0,7.1,189.9,-41.9,0.6,-1.0,RS41-SG,404.900,8.9,187,10,2.6,-1,-1
2024-05-27T00:39:56.999Z,V2911233,7560,45.52757,8.96189,30659.4,5.7,6.1,184.2,-41.9,0.6,-1.0,RS41-SG,404.900,8.6,187,10,2.5,-1,-1
2024-05-27T00:39:57.999Z,V2911233,7561,45.52752,8.96188,30665.7,6.4,4.7,185.2,-42.0,0.6,-1.0,RS41-SG,404.900,8.9,187,10,2.5,-1,-1
2024-05-27T00:39:58.999Z,V2911233,7562,45.52749,8.96187,30671.9,5.8,3.7,197.8,-42.0,0.6,-1.0,RS41-SG,404.900,8.9,187,10,2.5,-1,-1
2024-05-27T00:39:59.999Z,V2911233,7563,45.52746,8.96185,30677.3,5.3,3.8,214.0,-42.0,0.6,-1.0,RS41-SG,404.900,8.5,187,10,2.5,-1,-1
2024-05-27T00:40:00.999Z,V2911233,7564,45.52743,8.96182,30682.9,6.0,4.7,221.4,-42.0,0.6,-1.0,RS41-SG,404.900,10.2,187,10,2.6,-1,-1
2024-05-27T00:40:01.999Z,V2911233,7565,45.52739,8.96178,30689.2,6.7,6.3,216.5,-42.0,0.6,-1.0,RS41-SG,404.900,10.2,187,10,2.6,-1,-1
2024-05-27T00:40:02.999Z,V2911233,7566,45.52734,8.96172,30695.9,6.5,8.0,211.6,-42.1,0.6,-1.0,RS41-SG,404.900,8.2,187,10,2.6,-1,-1
2024-05-27T00:40:09.999Z,V2911233,7573,45.52691,8.96133,30737.3,4.9,3.0,232.9,-41.9,0.6,-1.0,RS41-SG,404.900,9.8,0,10,2.5,-1,-1
2024-05-27T00:40:10.999Z,V2911233,7574,45.52690,8.96131,30742.4,5.2,1.1,211.1,-41.9,0.6,-1.0,RS41-SG,404.900,9.8,0,10,2.5,-1,-1
2024-05-27T00:40:13.999Z,V2911233,7577,45.52685,8.96137,30761.1,5.6,4.0,146.0,-41.8,0.6,-1.0,RS41-SG,404.900,9.3,187,10,2.6,-1,-1
2024-05-27T00:40:14.999Z,V2911233,7578,45.52682,8.96139,30767.0,6.2,4.5,169.9,-41.8,0.6,-1.0,RS41-SG,404.900,9.3,187,10,2.5,-1,-1
2024-05-27T00:40:15.999Z,V2911233,7579,45.52678,8.96138,30773.7,6.9,5.3,196.7,-41.8,0.6,-1.0,RS41-SG,404.900,9.7,187,10,2.5,-1,-1
2024-05-27T00:40:16.999Z,V2911233,7580,45.52673,8.96135,30780.6,6.8,6.6,219.7,-41.8,0.6,-1.0,RS41-SG,404.900,9.7,187,10,2.5,-1,-1
2024-05-27T00:40:17.999Z,V2911233,7581,45.52669,8.96128,30786.3,5.3,7.6,233.4,-41.8,0.6,-1.0,RS41-SG,404.900,9.1,187,10,2.5,-1,-1
2024-05-27T00:40:18.999Z,V2911233,7582,45.52665,8.96119,30791.4,5.3,9.0,240.0,-41.8,0.6,-1.0,RS41-SG,404.900,9.1,187,10,2.6,-1,-1
2024-05-27T00:40:23.999Z,V2911233,7587,45.52647,8.96077,30824.8,7.2,3.6,244.9,-41.8,0.6,-1.0,RS41-SG,404.900,9.0,187,10,2.5,-1,-1
2024-05-27T00:40:24.999Z,V2911233,7588,45.52646,8.96074,30831.7,6.6,2.3,280.3,-41.9,0.6,-1.0,RS41-SG,404.900,9.0,0,10,2.6,-1,-1
2024-05-27T00:40:25.999Z,V2911233,7589,45.52647,8.96071,30837.3,5.0,2.5,314.0,-41.9,0.6,-1.0,RS41-SG,404.900,8.7,0,10,2.6,-1,-1
2024-05-27T00:40:28.999Z,V2911233,7592,45.52651,8.96066,30855.5,7.2,1.6,262.9,-41.9,0.6,-1.0,RS41-SG,404.900,8.9,0,10,2.5,-1,-1
2024-05-27T00:40:30.999Z,V2911233,7594,45.52648,8.96060,30868.1,6.4,4.0,233.2,-41.8,0.6,-1.0,RS41-SG,404.900,9.1,0,10,2.6,-1,-1
2024-05-27T00:40:32.999Z,V2911233,7596,45.52644,8.96048,30881.9,6.6,5.4,254.1,-41.6,0.6,-1.0,RS41-SG,404.900,8.5,187,10,2.5,-1,-1
2024-05-27T00:40:36.999Z,V2911233,7600,45.52643,8.96025,30906.5,7.1,2.5,273.2,-41.3,0.6,-1.0,RS41-SG,404.900,9.0,187,10,2.6,-1,-1
2024-05-27T00:40:37.999Z,V2911233,7601,45.52644,8.96023,30913.2,6.2,1.2,286.2,-41.3,0.6,-1.0,RS41-SG,404.900,9.0,187,10,2.5,-1,-1
2024-05-27T00:40:44.999Z,V2911233,7608,45.52666,8.96019,30957.0,6.4,3.7,327.5,-40.5,0.6,-1.0,RS41-SG,404.900,8.1,0,10,2.5,-1,-1
2024-05-27T00:40:50.999Z,V2911233,7614,45.52670,8.96001,30995.1,6.4,4.8,320.5,-40.3,0.5,-1.0,RS41-SG,404.900,7.6,187,10,2.5,-1,-1
2024-05-27T00:40:51.999Z,V2911233,7615,45.52674,8.95997,31000.9,5.2,6.1,328.9,-40.2,0.5,-1.0,RS41-SG,404.900,7.8,0,10,2.5,-1,-1
2024-05-27T00:40:52.999Z,V2911233,7616,45.52680,8.95994,31006.4,5.5,7.1,338.3,-40.2,0.6,-1.0,RS41-SG,404.900,7.9,0,10,2.5,-1,-1
2024-05-27T00:40:54.999Z,V2911233,7618,45.52692,8.95990,31019.4,7.2,6.9,0.7,-40.2,0.5,-1.0,RS41-SG,404.900,9.2,0,10,2.6,-1,-1
2024-05-27T00:40:56.999Z,V2911233,7620,45.52703,8.95993,31031.8,5.8,6.0,15.2,-40.2,0.6,-1.0,RS41-SG,404.900,8.3,0,10,2.5,-1,-1
2024-05-27T00:40:57.999Z,V2911233,7621,45.52708,8.95995,31038.0,6.4,5.8,13.0,-40.2,0.6,-1.0,RS41-SG,404.900,8.2,0,10,2.5,-1,-1
2024-05-27T00:40:58.999Z,V2911233,7622,45.52714,8.95996,31044.7,7.1,6.3,5.1,-40.2,0.6,-1.0,RS41-SG,404.900,9.1,0,10,2.6,-1,-1
2024-05-27T00:41:02.999Z,V2911233,7626,45.52736,8.95994,31070.5,7.2,4.9,357.7,-40.1,0.6,-1.0,RS41-SG,404.900,8.5,0,10,2.5,-1,-1
2024-05-27T00:41:08.999Z,V2911233,7632,45.52751,8.95995,31107.3,6.2,3.0,337.5,-39.9,0.6,-1.0,RS41-SG,404.900,8.2,0,10,2.5,-1,-1
2024-05-27T00:41:12.999Z,V2911233,7636,45.52758,8.95992,31133.8,6.1,1.0,71.1,-39.5,0.5,-1.0,RS41-SG,404.900,8.1,0,10,2.5,-1,-1
2024-05-27T00:41:17.999Z,V2911233,7641,45.52761,8.96003,31165.3,5.9,2.8,10.0,-38.7,0.5,-1.0,RS41-SG,404.900,9.3,0,10,2.6,-1,-1
2024-05-27T00:41:20.999Z,V2911233,7644,45.52767,8.96002,31185.6,6.6,0.6,350.4,-38.3,0.5,-1.0,RS41-SG,404.900,7.4,187,10,2.5,-1,-1
2024-05-27T00:41:21.999Z,V2911233,7645,45.52767,8.96002,31191.7,5.4,0.4,165.9,-38.2,0.5,-1.0,RS41-SG,404.900,7.6,0,10,2.5,-1,-1
2024-05-27T00:41:24.999Z,V2911233,7648,45.52765,8.96003,31210.7,7.2,0.6,145.6,-37.9,0.5,-1.0,RS41-SG,404.900,8.0,0,10,2.5,-1,-1
2024-05-27T00:41:25.999Z,V2911233,7649,45.52765,8.96004,31217.7,6.5,0.7,64.2,-37.9,0.5,-1.0,RS41-SG,404.900,8.0,187,10,2.5,-1,-1
2024-05-27T00:41:26.999Z,V2911233,7650,45.52765,8.96005,31224.3,6.9,1.5,78.4,-37.8,0.5,-1.0,RS41-SG,404.900,7.8,0,10,2.5,-1,-1
2024-05-27T00:41:30.999Z,V2911233,7654,45.52764,8.96024,31250.4,6.3,4.8,94.3,-37.8,0.5,-1.0,RS41-SG,404.900,7.8,0,10,2.5,-1,-1
2024-05-27T00:41:32.999Z,V2911233,7656,45.52765,8.96034,31263.9,6.5,3.8,70.1,-37.8,0.5,-1.0,RS41-SG,404.900,7.8,0,10,2.5,-1,-1
2024-05-27T00:41:42.999Z,V2911233,7666,45.52750,8.96067,31326.5,5.3,2.9,169.4,-38.0,0.5,-1.0,RS41-SG,404.900,7.6,187,10,2.5,-1,-1
2024-05-27T00:43:03.999Z,V2911233,7747,45.52395,8.95883,31839.3,6.0,9.3,231.5,-37.8,0.5,-1.0,RS41-SG,404.900,7.8,0,11,2.6,-1,-1
2024-05-27T00:43:19.999Z,V2911233,7763,45.52383,8.95771,31935.7,6.0,3.3,242.4,-38.0,0.5,-1.0,RS41-SG,404.900,7.3,0,11,2.6,-1,-1
2024-05-27T00:45:30.999Z,V2911233,7894,45.52674,8.95347,32682.0,5.9,1.8,226.7,-37.3,0.5,-1.0,RS41-SG,404.900,6.8,187,11,2.6,-1,-1
2024-05-27T00:45:33.999Z,V2911233,7897,45.52662,8.95344,32699.8,4.4,7.5,179.8,-37.1,0.5,-1.0,RS41-SG,404.900,6.7,187,11,2.5,-1,-1
2024-05-27T00:46:00.999Z,V2911233,7924,45.52539,8.95280,32850.9,6.3,6.9,215.2,-36.2,0.4,-1.0,RS41-SG,404.900,8.6,187,11,2.6,-1,-1
2024-05-27T00:46:10.999Z,V2911233,7934,45.52474,8.95242,32905.5,6.4,3.3,187.4,-35.9,0.4,-1.0,RS41-SG,404.900,8.0,187,11,2.5,-1,-1
2024-05-27T00:46:11.999Z,V2911233,7935,45.52471,8.95242,32911.4,5.7,3.4,174.7,-35.9,0.4,-1.0,RS41-SG,404.900,8.1,187,11,2.6,-1,-1
2024-05-27T00:46:12.999Z,V2911233,7936,45.52468,8.95242,32916.8,5.2,3.8,176.5,-35.9,0.4,-1.0,RS41-SG,404.900,8.1,187,11,2.6,-1,-1
2024-05-27T00:46:13.999Z,V2911233,7937,45.52464,8.95242,32922.2,5.5,4.9,190.1,-35.9,0.4,-1.0,RS41-SG,404.900,7.9,187,11,2.6,-1,-1
2024-05-27T00:46:14.999Z,V2911233,7938,45.52459,8.95239,32927.5,5.5,6.4,206.1,-35.9,0.4,-1.0,RS41-SG,404.900,8.2,187,11,2.5,-1,-1
2024-05-27T00:46:15.999Z,V2911233,7939,45.52454,8.95234,32933.2,5.7,8.5,217.9,-35.9,0.4,-1.0,RS41-SG,404.900,8.6,187,11,2.5,-1,-1
2024-05-27T00:46:33.999Z,V2911233,7957,45.52333,8.95144,33033.7,5.0,7.7,176.3,-35.7,0.4,-1.0,RS41-SG,404.900,9.0,187,11,2.6,-1,-1
2024-05-27T00:46:34.999Z,V2911233,7958,45.52326,8.95146,33038.3,4.2,8.7,165.0,-35.7,0.4,-1.0,RS41-SG,404.900,9.1,187,11,2.5,-1,-1
2024-05-27T00:46:35.999Z,V2911233,7959,45.52318,8.95149,33042.8,4.8,9.9,162.1,-35.7,0.4,-1.0,RS41-SG,404.900,9.5,187,11,2.5,-1,-1
2024-05-27T00:46:43.999Z,V2911233,7967,45.52260,8.95125,33087.5,4.6,5.1,242.9,-35.7,0.4,-1.0,RS41-SG,404.900,7.9,187,11,2.6,-1,-1
2024-05-27T00:46:44.999Z,V2911233,7968,45.52258,8.95120,33092.0,4.6,4.3,253.4,-35.7,0.4,-1.0,RS41-SG,404.900,8.4,187,11,2.5,-1,-1
2024-05-27T00:46:45.999Z,V2911233,7969,45.52257,8.95115,33097.2,5.0,4.0,252.1,-35.6,0.4,-1.0,RS41-SG,404.900,8.8,187,11,2.5,-1,-1
2024-05-27T00:46:46.999Z,V2911233,7970,45.52256,8.95110,33102.8,6.2,4.5,240.6,-35.6,0.4,-1.0,RS41-SG,404.900,9.2,187,11,2.5,-1,-1
2024-05-27T00:46:47.999Z,V2911233,7971,45.52253,8.95104,33109.4,7.1,6.0,228.8,-35.6,0.4,-1.0,RS41-SG,404.900,9.2,187,11,2.6,-1,-1
2024-05-27T00:46:48.999Z,V2911233,7972,45.52249,8.95099,33115.9,6.1,7.6,218.1,-35.6,0.4,-1.0,RS41-SG,404.900,9.5,187,11,2.6,-1,-1
2024-05-27T00:46:49.999Z,V2911233,7973,45.52242,8.95093,33121.5,5.0,9.1,210.4,-35.5,0.4,-1.0,RS41-SG,404.900,9.5,187,11,2.5,-1,-1
2024-05-27T00:46:51.999Z,V2911233,7975,45.52226,8.95083,33131.3,5.4,11.2,195.6,-35.5,0.4,-1.0,RS41-SG,404.900,7.5,187,11,2.6,-1,-1
2024-05-27T00:46:52.999Z,V2911233,7976,45.52216,8.95079,33137.1,6.0,11.6,189.6,-35.5,0.4,-1.0,RS41-SG,404.900,9.1,187,11,2.6,-1,-1
2024-05-27T00:46:53.999Z,V2911233,7977,45.52206,8.95077,33142.9,5.4,11.0,187.8,-35.5,0.4,-1.0,RS41-SG,404.900,9.1,187,11,2.5,-1,-1
2024-05-27T00:46:55.999Z,V2911233,7979,45.52189,8.95072,33155.1,6.7,8.8,203.5,-35.4,0.4,-1.0,RS41-SG,404.900,7.8,187,11,2.5,-1,-1
2024-05-27T00:46:57.999Z,V2911233,7981,45.52177,8.95057,33167.2,4.9,8.9,236.7,-35.3,0.4,-1.0,RS41-SG,404.900,7.8,187,11,2.6,-1,-1
2024-05-27T00:46:58.999Z,V2911233,7982,45.52174,8.95047,33171.7,4.2,9.6,248.3,-35.3,0.4,-1.0,RS41-SG,404.900,8.1,187,11,2.6,-1,-1
2024-05-27T00:47:00.999Z,V2911233,7984,45.52168,8.95024,33181.6,5.7,8.8,252.0,-35.2,0.4,-1.0,RS41-SG,404.900,7.7,187,11,2.5,-1,-1
2024-05-27T00:47:01.999Z,V2911233,7985,45.52166,8.95015,33187.9,6.5,7.4,243.1,-35.2,0.4,-1.0,RS41-SG,404.900,8.2,187,11,2.5,-1,-1
2024-05-27T00:47:03.999Z,V2911233,7987,45.52157,8.95003,33200.1,5.4,7.8,201.7,-35.1,0.4,-1.0,RS41-SG,404.900,9.0,187,11,2.6,-1,-1
2024-05-27T00:47:05.999Z,V2911233,7989,45.52138,8.94997,33209.9,4.6,13.4,188.7,-35.1,0.4,-1.0,RS41-SG,404.900,9.8,187,11,2.5,-1,-1
2024-05-27T00:47:13.999Z,V2911233,7997,45.52060,8.94931,33253.5,3.6,7.0,265.1,-34.9,0.4,-1.0,RS41-SG,404.900,10.0,187,11,2.6,-1,-1
2024-05-27T00:47:14.999Z,V2911233,7998,45.52059,8.94922,33257.9,4.9,6.2,271.7,-34.8,0.4,-1.0,RS41-SG,404.900,11.1,187,11,2.5,-1,-1
2024-05-27T00:47:15.999Z,V2911233,7999,45.52059,8.94915,33263.9,6.8,5.8,258.8,-34.8,0.4,-1.0,RS41-SG,404.900,11.1,187,11,2.5,-1,-1
2024-05-27T00:47:16.999Z,V2911233,8000,45.52057,8.94907,33270.9,7.4,6.9,236.6,-34.8,0.4,-1.0,RS41-SG,404.900,9.5,187,11,2.5,-1,-1
2024-05-27T00:47:19.999Z,V2911233,8003,45.52035,8.94884,33286.3,4.0,13.2,207.1,-34.8,0.4,-1.0,RS41-SG,404.900,9.0,187,11,2.5,-1,-1
2024-05-27T00:47:20.999Z,V2911233,8004,45.52024,8.94877,33290.8,4.9,14.3,202.2,-34.8,0.4,-1.0,RS41-SG,404.900,9.6,187,11,2.5,-1,-1
2024-05-27T00:47:21.999Z,V2911233,8005,45.52012,8.94870,33296.4,6.2,14.1,198.5,-34.8,0.4,-1.0,RS41-SG,404.900,9.6,187,11,2.6,-1,-1
2024-05-27T00:47:23.999Z,V2911233,8007,45.51990,8.94860,33308.8,5.7,11.7,198.7,-34.9,0.4,-1.0,RS41-SG,404.900,9.0,187,11,2.5,-1,-1
2024-05-27T00:47:24.999Z,V2911233,8008,45.51981,8.94855,33314.4,5.3,10.1,204.5,-34.8,0.4,-1.0,RS41-SG,404.900,10.0,187,11,2.5,-1,-1
2024-05-27T00:47:25.999Z,V2911233,8009,45.51974,8.94849,33320.0,5.7,9.1,216.0,-34.8,0.4,-1.0,RS41-SG,404.900,10.0,187,11,2.5,-1,-1
2024-05-27T00:47:26.999Z,V2911233,8010,45.51967,8.94842,33325.9,6.1,9.2,227.6,-34.7,0.4,-1.0,RS41-SG,404.900,9.1,187,11,2.6,-1,-1
2024-05-27T00:47:27.999Z,V2911233,8011,45.51962,8.94832,33331.6,5.3,9.6,236.7,-34.7,0.4,-1.0,RS41-SG,404.900,9.3,187,11,2.6,-1,-1
2024-05-27T00:47:28.999Z,V2911233,8012,45.51958,8.94822,33336.8,4.9,9.9,239.9,-34.7,0.4,-1.0,RS41-SG,404.900,9.3,187,10,2.6,-1,-1
2024-05-27T00:47:29.999Z,V2911233,8013,45.51953,8.94811,33342.2,5.2,9.5,239.5,-34.6,0.4,-1.0,RS41-SG,404.900,9.3,187,11,2.5,-1,-1
2024-05-27T00:47:30.999Z,V2911233,8014,45.51949,8.94801,33348.0,5.8,8.6,236.1,-34.6,0.4,-1.0,RS41-SG,404.900,9.2,187,11,2.5,-1,-1
2024-05-27T00:47:31.999Z,V2911233,8015,45.51945,8.94793,33354.0,6.0,7.7,227.6,-34.6,0.4,-1.0,RS41-SG,404.900,9.3,187,11,2.5,-1,-1
2024-05-27T00:47:32.999Z,V2911233,8016,45.51940,8.94786,33359.5,5.3,7.5,218.3,-34.5,0.4,-1.0,RS41-SG,404.900,10.4,187,11,2.6,-1,-1
2024-05-27T00:47:33.999Z,V2911233,8017,45.51934,8.94781,33364.7,5.2,8.0,211.9,-34.5,0.4,-1.0,RS41-SG,404.900,11.0,187,11,2.6,-1,-1
2024-05-27T00:47:34.999Z,V2911233,8018,45.51927,8.94775,33369.9,5.3,9.4,210.9,-34.5,0.4,-1.0,RS41-SG,404.900,11.0,187,11,2.5,-1,-1
2024-05-27T00:47:35.999Z,V2911233,8019,45.51919,8.94768,33375.4,5.6,11.2,214.4,-34.5,0.4,-1.0,RS41-SG,404.900,11.1,187,11,2.5,-1,-1
2024-05-27T00:47:36.999Z,V2911233,8020,45.51911,8.94759,33381.2,5.9,13.2,218.1,-34.5,0.4,-1.0,RS41-SG,404.900,11.1,187,11,2.6,-1,-1
2024-05-27T00:47:37.999Z,V2911233,8021,45.51901,8.94747,33386.9,5.6,14.5,221.3,-34.5,0.4,-1.0,RS41-SG,404.900,10.3,187,11,2.6,-1,-1
2024-05-27T00:47:38.999Z,V2911233,8022,45.51891,8.94735,33392.3,5.1,15.0,223.1,-34.4,0.4,-1.0,RS41-SG,404.900,10.1,187,11,2.5,-1,-1
2024-05-27T00:47:39.999Z,V2911233,8023,45.51882,8.94722,33397.7,5.4,14.6,223.2,-34.4,0.4,-1.0,RS41-SG,404.900,10.1,187,11,2.5,-1,-1
2024-05-27T00:47:40.999Z,V2911233,8024,45.51872,8.94710,33403.4,6.0,13.3,221.1,-34.4,0.4,-1.0,RS41-SG,404.900,9.5,187,11,2.5,-1,-1
2024-05-27T00:47:41.999Z,V2911233,8025,45.51864,8.94700,33409.2,6.1,11.6,216.2,-34.4,0.4,-1.0,RS41-SG,404.900,9.3,187,11,2.6,-1,-1
2024-05-27T00:47:42.999Z,V2911233,8026,45.51855,8.94693,33414.8,5.4,10.1,209.7,-34.4,0.4,-1.0,RS41-SG,404.900,10.6,187,11,2.6,-1,-1
2024-05-27T00:47:43.999Z,V2911233,8027,45.51848,8.94687,33420.0,4.9,9.1,202.8,-34.3,0.4,-1.0,RS41-SG,404.900,10.6,187,11,2.6,-1,-1
2024-05-27T00:47:44.999Z,V2911233,8028,45.51840,8.94683,33425.2,4.9,9.0,200.9,-34.3,0.4,-1.0,RS41-SG,404.900,10.3,187,11,2.5,-1,-1
2024-05-27T00:47:45.999Z,V2911233,8029,45.51832,8.94678,33430.6,5.7,10.0,204.1,-34.3,0.4,-1.0,RS41-SG,404.900,10.8,187,11,2.5,-1,-1
2024-05-27T00:47:46.999Z,V2911233,8030,45.51824,8.94672,33436.4,6.2,11.6,211.4,-34.2,0.4,-1.0,RS41-SG,404.900,10.8,187,11,2.5,-1,-1
2024-05-27T00:47:47.999Z,V2911233,8031,45.51814,8.94662,33442.4,6.0,13.8,219.0,-34.1,0.4,-1.0,RS41-SG,404.900,10.6,187,11,2.6,-1,-1
2024-05-27T00:47:48.999Z,V2911233,8032,45.51805,8.94650,33448.1,5.5,16.1,224.5,-34.0,0.4,-1.0,RS41-SG,404.900,10.1,187,11,2.6,-1,-1
2024-05-27T00:47:49.999Z,V2911233,8033,45.51794,8.94634,33453.1,4.6,17.4,227.7,-33.9,0.4,-1.0,RS41-SG,404.900,10.9,187,11,2.6,-1,-1
2024-05-27T00:47:50.999Z,V2911233,8034,45.51784,8.94617,33457.8,4.7,18.0,229.8,-33.7,0.4,-1.0,RS41-SG,404.900,10.9,187,11,2.5,-1,-1
2024-05-27T00:47:51.999Z,V2911233,8035,45.51774,8.94600,33463.0,5.4,17.2,229.5,-33.6,0.4,-1.0,RS41-SG,404.900,10.0,187,11,2.5,-1,-1
2024-05-27T00:47:52.999Z,V2911233,8036,45.51764,8.94585,33468.9,6.3,15.1,226.5,-33.6,0.4,-1.0,RS41-SG,404.900,9.8,187,11,2.5,-1,-1
2024-05-27T00:47:53.999Z,V2911233,8037,45.51755,8.94573,33475.0,6.1,12.8,220.0,-33.5,0.4,-1.0,RS41-SG,404.900,9.8,187,11,2.6,-1,-1
2024-05-27T00:47:54.999Z,V2911233,8038,45.51746,8.94564,33480.5,5.1,11.2,210.9,-33.5,0.4,-1.0,RS41-SG,404.900,10.2,187,10,2.6,-1,-1
2024-05-27T00:47:55.999Z,V2911233,8039,45.51737,8.94557,33485.3,4.4,10.8,202.1,-33.4,0.4,-1.0,RS41-SG,404.900,10.6,187,11,2.5,-1,-1
2024-05-27T00:47:56.999Z,V2911233,8040,45.51728,8.94553,33490.0,4.7,11.2,196.7,-33.4,0.4,-1.0,RS41-SG,404.900,10.6,187,11,2.5,-1,-1
2024-05-27T00:47:57.999Z,V2911233,8041,45.51718,8.94548,33495.3,5.7,12.2,199.0,-33.3,0.4,-1.0,RS41-SG,404.900,9.3,187,11,2.5,-1,-1
2024-05-27T00:47:58.999Z,V2911233,8042,45.51707,8.94542,33501.2,6.2,13.9,205.2,-33.3,0.4,-1.0,RS41-SG,404.900,10.7,187,11,2.6,-1,-1
2024-05-27T00:47:59.999Z,V2911233,8043,45.51696,8.94533,33507.2,6.1,16.0,212.1,-33.2,0.4,-1.0,RS41-SG,404.900,10.7,187,11,2.6,-1,-1
2024-05-27T00:48:00.999Z,V2911233,8044,45.51683,8.94521,33513.2,5.4,17.7,218.0,-33.2,0.4,-1.0,RS41-SG,404.900,10.6,187,11,2.6,-1,-1
2024-05-27T00:48:01.999Z,V2911233,8045,45.51671,8.94506,33518.3,4.5,18.9,221.9,-33.2,0.4,-1.0,RS41-SG,404.900,10.6,187,11,2.5,-1,-1
2024-05-27T00:48:02.999Z,V2911233,8046,45.51658,8.94489,33522.9,4.6,19.2,224.9,-33.2,0.4,-1.0,RS41-SG,404.900,10.7,187,11,2.5,-1,-1
2024-05-27T00:48:03.999Z,V2911233,8047,45.51647,8.94472,33528.0,5.6,18.2,226.6,-33.1,0.3,-1.0,RS41-SG,404.900,10.7,187,11,2.5,-1,-1
2024-05-27T00:48:04.999Z,V2911233,8048,45.51636,8.94456,33534.1,6.5,15.8,226.1,-33.1,0.4,-1.0,RS41-SG,404.900,9.5,187,11,2.6,-1,-1
2024-05-27T00:48:05.999Z,V2911233,8049,45.51627,8.94443,33540.3,6.1,13.2,223.2,-33.1,0.4,-1.0,RS41-SG,404.900,9.5,187,11,2.6,-1,-1
2024-05-27T00:48:06.999Z,V2911233,8050,45.51619,8.94433,33545.6,4.5,11.0,219.3,-33.1,0.4,-1.0,RS41-SG,404.900,10.6,187,11,2.6,-1,-1
2024-05-27T00:48:07.999Z,V2911233,8051,45.51612,8.94425,33549.9,4.2,9.7,213.8,-33.1,0.4,-1.0,RS41-SG,404.900,11.5,187,11,2.5,-1,-1
2024-05-27T00:48:08.999Z,V2911233,8052,45.51604,8.94419,33554.7,5.1,9.7,211.0,-33.1,0.4,-1.0,RS41-SG,404.900,11.5,187,11,2.5,-1,-1
2024-05-27T00:48:09.999Z,V2911233,8053,45.51596,8.94412,33560.7,6.6,11.2,212.7,-33.1,0.4,-1.0,RS41-SG,404.900,11.2,187,11,2.5,-1,-1
2024-05-27T00:48:10.999Z,V2911233,8054,45.51587,8.94403,33567.4,7.1,13.5,215.5,-33.1,0.4,-1.0,RS41-SG,404.900,11.6,187,11,2.6,-1,-1
2024-05-27T00:48:11.999Z,V2911233,8055,45.51577,8.94392,33573.5,5.5,15.7,218.4,-33.1,0.4,-1.0,RS41-SG,404.900,11.6,187,11,2.6,-1,-1
2024-05-27T00:48:12.999Z,V2911233,8056,45.51565,8.94378,33578.3,4.0,17.6,220.3,-33.1,0.4,-1.0,RS41-SG,404.900,11.9,187,10,2.5,-1,-1
2024-05-27T00:48:13.999Z,V2911233,8057,45.51553,8.94363,33582.6,4.2,19.3,220.7,-33.1,0.4,-1.0,RS41-SG,404.900,11.9,187,11,2.5,-1,-1
2024-05-27T00:48:14.999Z,V2911233,8058,45.51539,8.94347,33587.5,5.6,20.0,219.5,-33.1,0.4,-1.0,RS41-SG,404.900,11.0,187,11,2.5,-1,-1
2024-05-27T00:48:15.999Z,V2911233,8059,45.51526,8.94331,33593.4,6.3,19.5,217.4,-33.1,0.4,-1.0,RS41-SG,404.900,10.7,187,11,2.6,-1,-1
2024-05-27T00:48:16.999Z,V2911233,8060,45.51512,8.94317,33599.4,5.8,18.7,214.2,-33.1,0.4,-1.0,RS41-SG,404.900,10.4,187,11,2.6,-1,-1
2024-05-27T00:48:17.999Z,V2911233,8061,45.51498,8.94304,33605.0,4.9,17.6,212.2,-33.1,0.4,-1.0,RS41-SG,404.900,9.4,187,11,2.6,-1,-1
2024-05-27T00:48:18.999Z,V2911233,8062,45.51485,8.94293,33610.1,5.0,16.6,210.3,-33.0,0.3,-1.0,RS41-SG,404.900,11.1,187,10,2.5,-1,-1
2024-05-27T00:48:19.999Z,V2911233,8063,45.51473,8.94283,33615.3,5.3,15.9,211.1,-33.0,0.4,-1.0,RS41-SG,404.900,11.2,187,11,2.5,-1,-1
2024-05-27T00:48:20.999Z,V2911233,8064,45.51461,8.94272,33620.8,5.7,15.7,213.1,-33.0,0.4,-1.0,RS41-SG,404.900,11.2,187,11,2.5,-1,-1
2024-05-27T00:48:21.999Z,V2911233,8065,45.51449,8.94261,33626.7,6.3,15.6,216.2,-32.9,0.4,-1.0,RS41-SG,404.900,10.1,187,11,2.6,-1,-1
2024-05-27T00:48:22.999Z,V2911233,8066,45.51438,8.94248,33633.0,6.4,15.9,219.9,-32.9,0.4,-1.0,RS41-SG,404.900,10.1,187,11,2.6,-1,-1
2024-05-27T00:48:23.999Z,V2911233,8067,45.51427,8.94235,33639.2,6.0,16.4,222.2,-32.9,0.4,-1.0,RS41-SG,404.900,10.1,187,11,2.6,-1,-1
2024-05-27T00:48:24.999Z,V2911233,8068,45.51416,8.94220,33645.0,5.5,16.9,223.0,-32.9,0.4,-1.0,RS41-SG,404.900,11.2,187,11,2.5,-1,-1
2024-05-27T00:48:25.999Z,V2911233,8069,45.51405,8.94206,33650.4,5.1,17.3,221.5,-32.9,0.3,-1.0,RS41-SG,404.900,11.2,187,11,2.5,-1,-1
2024-05-27T00:48:26.999Z,V2911233,8070,45.51393,8.94192,33655.8,5.6,17.0,219.0,-32.9,0.3,-1.0,RS41-SG,404.900,11.0,187,11,2.5,-1,-1
2024-05-27T00:48:27.999Z,V2911233,8071,45.51381,8.94179,33661.5,6.1,16.7,214.2,-32.9,0.3,-1.0,RS41-SG,404.900,10.5,187,11,2.6,-1,-1
2024-05-27T00:48:28.999Z,V2911233,8072,45.51369,8.94168,33667.7,6.2,16.4,209.9,-32.9,0.4,-1.0,RS41-SG,404.900,9.7,187,10,2.6,-1,-1
2024-05-27T00:48:30.999Z,V2911233,8074,45.51343,8.94148,33679.5,5.5,16.8,207.2,-33.0,0.3,-1.0,RS41-SG,404.900,10.8,187,11,2.5,-1,-1
2024-05-27T00:48:31.999Z,V2911233,8075,45.51329,8.94138,33685.4,6.1,17.7,210.0,-33.0,0.4,-1.0,RS41-SG,404.900,10.7,187,10,2.6,-1,-1
2024-05-27T00:48:32.999Z,V2911233,8076,45.51316,8.94125,33691.4,6.0,18.8,215.4,-33.0,0.4,-1.0,RS41-SG,404.900,10.7,187,11,2.6,-1,-1
2024-05-27T00:48:33.999Z,V2911233,8077,45.51302,8.94109,33697.4,5.9,20.4,221.2,-33.0,0.4,-1.0,RS41-SG,404.900,10.6,187,10,2.5,-1,-1
2024-05-27T00:48:34.999Z,V2911233,8078,45.51288,8.94091,33703.0,5.5,21.6,226.3,-33.1,0.3,-1.0,RS41-SG,404.900,11.4,187,11,2.5,-1,-1
2024-05-27T00:48:35.999Z,V2911233,8079,45.51275,8.94070,33708.1,5.1,22.2,230.0,-33.1,0.4,-1.0,RS41-SG,404.900,11.4,187,11,2.5,-1,-1
2024-05-27T00:48:36.999Z,V2911233,8080,45.51263,8.94048,33713.3,5.4,21.8,231.8,-33.1,0.4,-1.0,RS41-SG,404.900,11.3,187,11,2.6,-1,-1
2024-05-27T00:48:37.999Z,V2911233,8081,45.51251,8.94027,33719.1,6.0,20.0,232.5,-33.1,0.4,-1.0,RS41-SG,404.900,10.6,187,11,2.6,-1,-1
2024-05-27T00:48:38.999Z,V2911233,8082,45.51241,8.94009,33725.0,6.0,17.8,230.2,-33.1,0.3,-1.0,RS41-SG,404.900,9.4,187,11,2.6,-1,-1
2024-05-27T00:48:39.999Z,V2911233,8083,45.51231,8.93993,33730.7,5.1,15.3,226.5,-33.2,0.4,-1.0,RS41-SG,404.900,9.9,187,11,2.5,-1,-1
2024-05-27T00:48:40.999Z,V2911233,8084,45.51222,8.93980,33735.9,4.9,13.4,220.3,-33.2,0.4,-1.0,RS41-SG,404.900,10.1,187,11,2.5,-1,-1
2024-05-27T00:48:41.999Z,V2911233,8085,45.51213,8.93970,33740.9,5.1,12.4,214.7,-33.2,0.4,-1.0,RS41-SG,404.900,10.4,187,11,2.5,-1,-1
2024-05-27T00:48:42.999Z,V2911233,8086,45.51203,8.93962,33746.2,5.7,12.9,211.4,-33.3,0.4,-1.0,RS41-SG,404.900,10.9,187,11,2.6,-1,-1
2024-05-27T00:48:43.999Z,V2911233,8087,45.51193,8.93952,33752.5,6.7,14.8,213.2,-33.3,0.4,-1.0,RS41-SG,404.900,10.9,187,11,2.6,-1,-1
2024-05-27T00:48:44.999Z,V2911233,8088,45.51181,8.93940,33759.2,6.7,17.7,217.1,-33.4,0.4,-1.0,RS41-SG,404.900,11.0,187,11,2.6,-1,-1
2024-05-27T00:48:46.999Z,V2911233,8090,45.51153,8.93906,33770.5,4.4,23.7,223.6,-33.4,0.3,-1.0,RS41-SG,404.900,10.8,187,11,2.5,-1,-1
2024-05-27T00:48:47.999Z,V2911233,8091,45.51137,8.93884,33774.7,4.2,26.1,225.2,-33.5,0.4,-1.0,RS41-SG,404.900,10.5,187,11,2.5,-1,-1
2024-05-27T00:48:48.999Z,V2911233,8092,45.51120,8.93860,33779.5,5.6,26.7,225.9,-33.5,0.4,-1.0,RS41-SG,404.900,10.2,187,11,2.6,-1,-1
2024-05-27T00:48:51.999Z,V2911233,8095,45.51077,8.93797,33799.4,6.2,17.9,222.6,-33.6,0.4,-1.0,RS41-SG,404.900,9.4,187,11,2.5,-1,-1
2024-05-27T00:48:52.999Z,V2911233,8096,45.51066,8.93784,33804.8,4.8,14.1,219.6,-33.6,0.4,-1.0,RS41-SG,404.900,10.1,187,11,2.6,-1,-1
2024-05-27T00:48:53.999Z,V2911233,8097,45.51057,8.93774,33809.0,3.4,10.4,217.5,-33.6,0.4,-1.0,RS41-SG,404.900,10.1,187,11,2.6,-1,-1
2024-05-27T00:48:54.999Z,V2911233,8098,45.51051,8.93767,33812.6,3.7,7.8,216.7,-33.6,0.4,-1.0,RS41-SG,404.900,10.6,187,11,2.5,-1,-1
2024-05-27T00:48:55.999Z,V2911233,8099,45.51046,8.93761,33817.2,5.4,7.0,223.0,-33.7,0.4,-1.0,RS41-SG,404.900,10.6,187,11,2.5,-1,-1
2024-05-27T00:48:56.999Z,V2911233,8100,45.51041,8.93754,33823.4,7.1,8.8,230.1,-33.6,0.4,-1.0,RS41-SG,404.900,9.7,187,11,2.5,-1,-1
2024-05-27T00:48:58.999Z,V2911233,8102,45.51027,8.93729,33837.1,5.9,16.4,231.9,-33.7,0.4,-1.0,RS41-SG,404.900,9.6,187,11,2.6,-1,-1
2024-05-27T00:48:59.999Z,V2911233,8103,45.51017,8.93711,33842.3,4.0,20.1,229.9,-33.7,0.4,-1.0,RS41-SG,404.900,9.6,187,11,2.6,-1,-1
2024-05-27T00:49:00.999Z,V2911233,8104,45.51004,8.93690,33845.8,2.8,23.3,227.4,-33.7,0.4,-1.0,RS41-SG,404.900,10.0,187,11,2.5,-1,-1
2024-05-27T00:49:06.999Z,V2911233,8110,45.50918,8.93590,33880.2,4.0,10.6,219.5,-33.8,0.4,-1.0,RS41-SG,404.900,9.3,187,11,2.5,-1,-1
2024-05-27T00:49:07.999Z,V2911233,8111,45.50913,8.93582,33884.0,3.3,7.6,234.7,-33.8,0.4,-1.0,RS41-SG,404.900,10.3,187,11,2.5,-1,-1
2024-05-27T00:49:08.999Z,V2911233,8112,45.50910,8.93573,33887.8,4.3,7.2,258.5,-33.8,0.4,-1.0,RS41-SG,404.900,10.3,187,11,2.5,-1,-1
2024-05-27T00:49:09.999Z,V2911233,8113,45.50909,8.93563,33893.1,6.1,9.4,267.8,-33.8,0.4,-1.0,RS41-SG,404.900,10.3,187,11,2.6,-1,-1
2024-05-27T00:49:10.999Z,V2911233,8114,45.50908,8.93549,33899.8,7.2,12.2,264.1,-33.8,0.4,-1.0,RS41-SG,404.900,9.8,187,10,2.6,-1,-1
2024-05-27T00:49:11.999Z,V2911233,8115,45.50906,8.93532,33906.7,6.8,14.9,254.5,-33.8,0.4,-1.0,RS41-SG,404.900,9.8,187,11,2.5,-1,-1
2024-05-27T00:49:12.999Z,V2911233,8116,45.50901,8.93513,33912.8,5.3,17.2,244.6,-33.8,0.4,-1.0,RS41-SG,404.900,8.4,187,11,2.5,-1,-1
2024-05-27T00:49:13.999Z,V2911233,8117,45.50893,8.93493,33917.6,4.5,19.3,234.7,-33.8,0.4,-1.0,RS41-SG,404.900,8.7,187,11,2.6,-1,-1
2024-05-27T00:49:14.999Z,V2911233,8118,45.50881,8.93474,33921.7,4.1,20.5,225.5,-33.9,0.4,-1.0,RS41-SG,404.900,8.7,187,11,2.6,-1,-1
2024-05-27T00:49:15.999Z,V2911233,8119,45.50867,8.93457,33925.9,4.4,20.7,216.6,-33.9,0.4,-1.0,RS41-SG,404.900,8.2,187,11,2.5,-1,-1
2024-05-27T00:49:16.999Z,V2911233,8120,45.50853,8.93443,33931.0,5.6,19.2,210.2,-33.9,0.4,-1.0,RS41-SG,404.900,8.4,187,11,2.5,-1,-1
2024-05-27T00:49:18.999Z,V2911233,8122,45.50827,8.93424,33944.1,7.0,12.5,209.3,-33.9,0.4,-1.0,RS41-SG,404.900,7.3,187,11,2.6,-1,-1
2024-05-27T00:49:19.999Z,V2911233,8123,45.50819,8.93416,33950.5,6.2,9.0,222.1,-33.9,0.4,-1.0,RS41-SG,404.900,8.4,187,11,2.6,-1,-1
2024-05-27T00:49:20.999Z,V2911233,8124,45.50815,8.93407,33956.2,5.1,7.6,251.2,-33.9,0.4,-1.0,RS41-SG,404.900,9.3,187,11,2.6,-1,-1
2024-05-27T00:49:21.999Z,V2911233,8125,45.50815,8.93397,33961.0,4.2,9.3,275.1,-33.8,0.4,-1.0,RS41-SG,404.900,10.4,187,11,2.5,-1,-1
2024-05-27T00:49:25.999Z,V2911233,8129,45.50818,8.93328,33981.1,6.4,15.9,257.6,-33.8,0.4,-1.0,RS41-SG,404.900,7.5,187,11,2.6,-1,-1
2024-05-27T00:49:26.999Z,V2911233,8130,45.50813,8.93309,33987.3,5.7,15.8,243.4,-33.8,0.4,-1.0,RS41-SG,404.900,9.7,187,11,2.6,-1,-1
2024-05-27T00:49:27.999Z,V2911233,8131,45.50805,8.93293,33992.5,4.6,15.7,229.7,-33.8,0.4,-1.0,RS41-SG,404.900,9.7,187,11,2.5,-1,-1
2024-05-27T00:49:28.999Z,V2911233,8132,45.50795,8.93279,33996.8,4.0,15.4,217.5,-33.8,0.4,-1.0,RS41-SG,404.900,9.1,187,11,2.5,-1,-1
2024-05-27T00:49:29.999Z,V2911233,8133,45.50784,8.93269,34001.1,4.7,14.3,208.1,-33.8,0.4,-1.0,RS41-SG,404.900,9.1,187,11,2.5,-1,-1
2024-05-27T00:49:31.999Z,V2911233,8135,45.50765,8.93256,34012.8,6.9,8.9,208.0,-33.8,0.4,-1.0,RS41-SG,404.900,7.8,187,11,2.6,-1,-1
2024-05-27T00:49:33.999Z,V2911233,8137,45.50758,8.93243,34025.5,5.4,6.9,267.5,-33.8,0.4,-1.0,RS41-SG,404.900,9.9,187,11,2.5,-1,-1
2024-05-27T00:49:34.999Z,V2911233,8138,45.50759,8.93233,34030.6,4.6,9.7,284.8,-33.8,0.4,-1.0,RS41-SG,404.900,9.9,187,11,2.6,-1,-1
2024-05-27T00:49:35.999Z,V2911233,8139,45.50762,8.93219,34035.0,4.3,13.0,286.4,-33.8,0.4,-1.0,RS41-SG,404.900,8.8,187,11,2.6,-1,-1
2024-05-27T00:49:36.999Z,V2911233,8140,45.50765,8.93201,34040.1,5.3,15.3,281.3,-33.8,0.3,-1.0,RS41-SG,404.900,9.6,187,11,2.5,-1,-1
2024-05-27T00:49:37.999Z,V2911233,8141,45.50767,8.93181,34045.8,6.0,16.6,272.0,-33.8,0.3,-1.0,RS41-SG,404.900,9.6,187,10,2.5,-1,-1
2024-05-27T00:49:38.999Z,V2911233,8142,45.50766,8.93160,34051.9,6.4,16.7,259.6,-33.8,0.4,-1.0,RS41-SG,404.900,9.5,187,11,2.5,-1,-1
2024-05-27T00:49:40.999Z,V2911233,8144,45.50754,8.93123,34063.2,4.7,15.3,231.3,-33.8,0.4,-1.0,RS41-SG,404.900,8.1,187,11,2.6,-1,-1
2024-05-27T00:49:41.999Z,V2911233,8145,45.50745,8.93111,34067.7,4.4,14.1,216.4,-33.9,0.4,-1.0,RS41-SG,404.900,7.7,187,11,2.6,-1,-1
2024-05-27T00:49:43.999Z,V2911233,8147,45.50726,8.93098,34077.5,5.5,9.0,192.5,-33.9,0.4,-1.0,RS41-SG,404.900,8.3,187,11,2.5,-1,-1
2024-05-27T00:49:47.999Z,V2911233,8151,45.50720,8.93083,34102.1,5.2,9.1,300.5,-34.0,0.4,-1.0,RS41-SG,404.900,9.6,187,12,2.6,-1,-1
2024-05-27T00:50:11.999Z,V2911233,8175,45.50717,8.92791,34227.3,6.1,5.8,342.8,-34.8,0.4,-1.0,RS41-SG,404.900,8.1,187,12,2.5,-1,-1
2024-05-27T00:50:28.999Z,V2911233,8192,45.50783,8.92566,34323.0,4.7,15.3,282.9,-34.6,0.4,-1.0,RS41-SG,404.900,8.4,187,12,2.5,-1,-1
2024-05-27T00:50:29.999Z,V2911233,8193,45.50785,8.92545,34327.0,3.0,18.3,273.4,-34.6,0.4,-1.0,RS41-SG,404.900,8.4,187,12,2.5,-1,-1
2024-05-27T00:50:35.999Z,V2911233,8199,45.50773,8.92427,34357.6,3.8,5.7,268.3,-34.6,0.4,-1.0,RS41-SG,404.900,8.3,0,11,2.5,-1,-1
2024-05-27T00:50:37.999Z,V2911233,8201,45.50775,8.92419,34363.5,3.5,3.2,340.7,-34.6,0.4,-1.0,RS41-SG,404.900,8.4,187,12,2.6,-1,-1
2024-05-27T00:50:38.999Z,V2911233,8202,45.50778,8.92417,34368.1,5.8,3.8,336.1,-34.6,0.4,-1.0,RS41-SG,404.900,7.9,187,12,2.6,-1,-1
2024-05-27T00:50:39.999Z,V2911233,8203,45.50781,8.92413,34374.7,7.5,5.4,303.2,-34.6,0.4,-1.0,RS41-SG,404.900,8.3,187,12,2.5,-1,-1
2024-05-27T00:50:40.999Z,V2911233,8204,45.50783,8.92405,34382.2,7.3,8.5,279.9,-34.6,0.4,-1.0,RS41-SG,404.900,8.3,187,12,2.5,-1,-1
2024-05-27T00:50:41.999Z,V2911233,8205,45.50784,8.92392,34388.5,5.1,12.1,268.9,-34.6,0.4,-1.0,RS41-SG,404.900,8.1,187,12,2.6,-1,-1
2024-05-27T00:50:43.999Z,V2911233,8207,45.50780,8.92354,34395.1,2.8,18.2,258.4,-34.6,0.4,-1.0,RS41-SG,404.900,8.0,187,12,2.5,-1,-1
2024-05-27T00:50:48.999Z,V2911233,8212,45.50763,8.92256,34422.4,3.8,9.2,258.3,-34.5,0.4,-1.0,RS41-SG,404.900,8.1,187,12,2.6,-1,-1
2024-05-27T00:50:49.999Z,V2911233,8213,45.50762,8.92246,34426.0,3.1,6.6,261.4,-34.4,0.4,-1.0,RS41-SG,404.900,8.1,187,12,2.5,-1,-1
2024-05-27T00:50:50.999Z,V2911233,8214,45.50761,8.92239,34429.5,3.7,4.8,263.2,-34.4,0.4,-1.0,RS41-SG,404.900,7.9,187,12,2.5,-1,-1
2024-05-27T00:50:51.999Z,V2911233,8215,45.50760,8.92232,34434.2,5.5,4.9,260.9,-34.4,0.4,-1.0,RS41-SG,404.900,8.0,187,12,2.5,-1,-1
2024-05-27T00:50:55.999Z,V2911233,8219,45.50751,8.92188,34456.5,3.8,13.9,252.2,-34.3,0.4,-1.0,RS41-SG,404.900,8.4,187,12,2.5,-1,-1
2024-05-27T00:50:57.999Z,V2911233,8221,45.50743,8.92151,34465.0,4.9,16.1,253.6,-34.2,0.4,-1.0,RS41-SG,404.900,7.9,187,12,2.5,-1,-1
2024-05-27T00:51:01.999Z,V2911233,8225,45.50729,8.92083,34485.9,4.2,11.4,247.1,-34.2,0.4,-1.0,RS41-SG,404.900,8.6,187,12,2.5,-1,-1
2024-05-27T00:51:03.999Z,V2911233,8227,45.50719,8.92059,34494.6,4.7,10.8,233.7,-34.2,0.4,-1.0,RS41-SG,404.900,8.3,187,12,2.5,-1,-1
2024-05-27T00:51:04.999Z,V2911233,8228,45.50713,8.92047,34499.5,5.5,11.8,229.8,-34.2,0.4,-1.0,RS41-SG,404.900,8.3,187,12,2.6,-1,-1
2024-05-27T00:51:06.999Z,V2911233,8230,45.50699,8.92021,34510.7,5.3,14.4,235.1,-34.2,0.4,-1.0,RS41-SG,404.900,7.7,187,12,2.5,-1,-1
2024-05-27T00:51:07.999Z,V2911233,8231,45.50691,8.92005,34515.7,4.6,15.5,240.1,-34.2,0.4,-1.0,RS41-SG,404.900,7.7,187,12,2.5,-1,-1
2024-05-27T00:51:10.999Z,V2911233,8234,45.50678,8.91948,34529.8,4.5,16.0,263.3,-34.1,0.4,-1.0,RS41-SG,404.900,8.3,187,12,2.5,-1,-1
2024-05-27T00:51:12.999Z,V2911233,8236,45.50678,8.91909,34539.2,4.8,14.2,276.4,-34.0,0.4,-1.0,RS41-SG,404.900,8.1,187,11,2.5,-1,-1
2024-05-27T00:51:13.999Z,V2911233,8237,45.50680,8.91892,34544.2,5.2,13.1,279.5,-33.9,0.4,-1.0,RS41-SG,404.900,8.8,187,12,2.6,-1,-1
2024-05-27T00:51:14.999Z,V2911233,8238,45.50682,8.91876,34549.4,5.3,12.1,277.8,-33.8,0.3,-1.0,RS41-SG,404.900,8.8,187,12,2.6,-1,-1
2024-05-27T00:51:15.999Z,V2911233,8239,45.50682,8.91861,34554.9,5.4,11.6,271.5,-33.7,0.3,-1.0,RS41-SG,404.900,8.3,187,12,2.6,-1,-1
2024-05-27T00:51:16.999Z,V2911233,8240,45.50682,8.91846,34560.4,5.2,11.8,262.5,-33.6,0.3,-1.0,RS41-SG,404.900,8.3,187,12,2.5,-1,-1
2024-05-27T00:51:17.999Z,V2911233,8241,45.50680,8.91831,34565.6,5.1,12.8,254.2,-33.5,0.3,-1.0,RS41-SG,404.900,8.5,187,12,2.5,-1,-1
2024-05-27T00:51:21.999Z,V2911233,8245,45.50659,8.91760,34587.0,5.6,16.1,248.0,-33.0,0.3,-1.0,RS41-SG,404.900,8.1,187,12,2.6,-1,-1
2024-05-27T00:51:28.999Z,V2911233,8252,45.50658,8.91669,34623.2,5.9,7.1,281.4,-32.6,0.3,-1.0,RS41-SG,404.900,8.1,187,12,2.5,-1,-1
2024-05-27T00:51:30.999Z,V2911233,8254,45.50656,8.91647,34634.9,5.3,10.8,256.6,-32.6,0.3,-1.0,RS41-SG,404.900,9.5,187,12,2.5,-1,-1
2024-05-27T00:51:31.999Z,V2911233,8255,45.50653,8.91632,34639.6,4.2,13.8,251.5,-32.6,0.3,-1.0,RS41-SG,404.900,9.5,187,12,2.6,-1,-1
2024-05-27T00:51:40.999Z,V2911233,8264,45.50657,8.91473,34680.7,3.8,7.0,328.0,-32.9,0.3,-1.0,RS41-SG,404.900,8.7,0,12,2.6,-1,-1
2024-05-27T00:51:42.999Z,V2911233,8266,45.50663,8.91466,34690.3,5.8,2.8,285.6,-32.8,0.4,-1.0,RS41-SG,404.900,7.9,187,12,2.5,-1,-1
2024-05-27T00:51:43.999Z,V2911233,8267,45.50662,8.91461,34696.1,5.7,5.2,242.8,-32.8,0.3,-1.0,RS41-SG,404.900,8.5,187,12,2.5,-1,-1
2024-05-27T00:51:53.999Z,V2911233,8277,45.50670,8.91300,34741.5,4.0,10.0,338.3,-32.5,0.3,-1.0,RS41-SG,404.900,8.2,187,12,2.5,-1,-1
2024-05-27T00:51:54.999Z,V2911233,8278,45.50677,8.91297,34745.9,4.5,6.5,351.3,-32.5,0.3,-1.0,RS41-SG,404.900,8.0,187,12,2.5,-1,-1
2024-05-27T00:51:58.999Z,V2911233,8282,45.50673,8.91285,34764.7,4.1,10.4,225.7,-32.5,0.3,-1.0,RS41-SG,404.900,8.4,187,12,2.6,-1,-1
2024-05-27T00:52:08.999Z,V2911233,8292,45.50715,8.91134,34811.6,5.4,6.0,322.9,-32.6,0.3,-1.0,RS41-SG,404.900,7.4,0,12,2.5,-1,-1
2024-05-27T00:52:09.999Z,V2911233,8293,45.50717,8.91130,34816.5,3.8,3.7,269.1,-32.5,0.3,-1.0,RS41-SG,404.900,7.9,187,12,2.5,-1,-1
2024-05-27T00:52:11.999Z,V2911233,8295,45.50710,8.91117,34822.2,2.5,10.0,220.0,-32.4,0.3,-1.0,RS41-SG,404.900,8.3,187,12,2.6,-1,-1
2024-05-27T00:52:21.999Z,V2911233,8305,45.50729,8.91001,34867.2,7.1,11.5,316.9,-31.8,0.3,-1.0,RS41-SG,404.900,8.5,187,12,2.6,-1,-1
2024-05-27T00:52:22.999Z,V2911233,8306,45.50734,8.90990,34873.9,6.6,10.0,295.6,-31.8,0.3,-1.0,RS41-SG,404.900,8.5,187,12,2.6,-1,-1
2024-05-27T00:52:23.999Z,V2911233,8307,45.50736,8.90978,34879.6,4.7,10.3,270.1,-31.7,0.3,-1.0,RS41-SG,404.900,8.8,187,12,2.6,-1,-1
2024-05-27T00:52:24.999Z,V2911233,8308,45.50735,8.90964,34883.4,2.7,11.9,251.5,-31.7,0.3,-1.0,RS41-SG,404.900,8.8,187,12,2.5,-1,-1
2024-05-27T00:52:25.999Z,V2911233,8309,45.50730,8.90949,34885.8,1.9,13.9,239.3,-31.7,0.3,-1.0,RS41-SG,404.900,8.8,187,12,2.5,-1,-1
2024-05-27T00:52:35.999Z,V2911233,8319,45.50724,8.90850,34787.6,-43.5,10.1,327.2,-31.5,0.3,-1.0,RS41-SG,404.900,7.2,187,11,2.5,-1,-1
2024-05-27T00:52:37.999Z,V2911233,8321,45.50741,8.90837,34689.4,-57.8,10.8,329.1,-31.2,0.3,-1.0,RS41-SG,404.900,8.2,187,11,2.6,-1,-1
2024-05-27T00:52:38.999Z,V2911233,8322,45.50750,8.90829,34633.5,-57.1,12.1,329.1,-31.4,0.3,-1.0,RS41-SG,404.900,8.2,187,11,2.6,-1,-1
2024-05-27T00:52:41.999Z,V2911233,8325,45.50777,8.90791,34513.1,-34.8,14.7,278.3,-32.0,0.3,-1.0,RS41-SG,404.900,8.4,187,12,2.6,-1,-1
2024-05-27T00:52:42.999Z,V2911233,8326,45.50775,8.90769,34483.8,-33.0,17.7,251.8,-32.5,0.3,-1.0,RS41-SG,404.900,8.9,187,11,2.6,-1,-1
2024-05-27T00:52:43.999Z,V2911233,8327,45.50768,8.90747,34455.0,-36.9,19.9,241.3,-32.9,0.4,-1.0,RS41-SG,404.900,8.9,187,11,2.5,-1,-1
2024-05-27T00:52:44.999Z,V2911233,8328,45.50757,8.90723,34423.5,-37.1,23.8,231.9,-33.2,0.4,-1.0,RS41-SG,404.900,9.5,187,10,2.5,-1,-1
2024-05-27T00:52:46.999Z,V2911233,8330,45.50723,8.90676,34361.8,-32.2,27.3,218.4,-33.5,0.4,-1.0,RS41-SG,404.900,8.2,187,12,2.6,-1,-1
2024-05-27T00:52:57.999Z,V2911233,8341,45.50650,8.90639,34062.2,-31.0,17.3,355.2,-33.7,0.4,-1.0,RS41-SG,404.900,9.1,187,12,2.5,-1,-1
2024-05-27T00:52:58.999Z,V2911233,8342,45.50666,8.90633,34033.3,-29.5,20.2,340.9,-33.5,0.4,-1.0,RS41-SG,404.900,9.1,187,12,2.6,-1,-1
2024-05-27T00:53:16.999Z,V2911233,8360,45.50517,8.90362,33522.7,-28.7,14.7,306.4,-33.0,0.3,-1.0,RS41-SG,404.900,8.6,187,12,2.5,-1,-1
2024-05-27T00:53:48.999Z,V2911233,8392,45.50278,8.90130,32652.1,-27.5,16.5,6.5,-36.8,0.4,-1.0,RS41-SG,404.900,9.6,187,12,2.6,-1,-1
2024-05-27T00:55:42.999Z,V2911233,8506,45.50207,8.89940,29956.4,-22.5,17.3,332.5,-44.2,0.6,-1.0,RS41-SG,404.900,8.0,187,12,2.6,-1,-1
2024-05-27T00:55:43.999Z,V2911233,8507,45.50219,8.89926,29933.9,-24.2,17.9,310.1,-44.1,0.7,-1.0,RS41-SG,404.900,8.0,187,11,2.6,-1,-1
2024-05-27T00:55:44.999Z,V2911233,8508,45.50227,8.89906,29911.3,-23.0,18.6,289.6,-44.1,0.6,-1.0,RS41-SG,404.900,8.2,187,11,2.5,-1,-1
2024-05-27T00:55:56.999Z,V2911233,8520,45.50145,8.89903,29646.6,-23.1,15.1,40.9,-44.2,0.6,-1.0,RS41-SG,404.900,8.2,187,11,2.5,-1,-1
2024-05-27T00:55:57.999Z,V2911233,8521,45.50157,8.89912,29624.9,-22.8,16.4,15.8,-44.2,0.6,-1.0,RS41-SG,404.900,9.3,187,11,2.5,-1,-1
2024-05-27T00:55:58.999Z,V2911233,8522,45.50172,8.89914,29603.0,-22.9,17.2,356.5,-44.1,0.6,-1.0,RS41-SG,404.900,9.3,187,11,2.5,-1,-1
2024-05-27T00:55:59.999Z,V2911233,8523,45.50186,8.89909,29581.2,-23.1,16.6,337.2,-44.1,0.6,-1.0,RS41-SG,404.900,8.5,187,12,2.6,-1,-1
2024-05-27T00:56:01.999Z,V2911233,8525,45.50206,8.89879,29538.9,-22.4,17.7,288.6,-44.1,0.6,-1.0,RS41-SG,404.900,8.5,187,11,2.6,-1,-1
2024-05-27T00:56:02.999Z,V2911233,8526,45.50208,8.89857,29517.7,-22.3,17.8,269.0,-44.2,0.6,-1.0,RS41-SG,404.900,8.0,187,12,2.5,-1,-1
2024-05-27T00:56:03.999Z,V2911233,8527,45.50205,8.89835,29496.6,-22.3,18.0,250.8,-44.3,0.7,-1.0,RS41-SG,404.900,8.3,187,12,2.5,-1,-1
2024-05-27T00:56:12.999Z,V2911233,8536,45.50117,8.89891,29299.7,-23.2,19.8,66.7,-44.9,0.7,-1.0,RS41-SG,404.900,7.4,0,11,2.6,-1,-1
2024-05-27T00:56:13.999Z,V2911233,8537,45.50127,8.89911,29277.9,-22.6,19.0,46.4,-45.1,0.7,-1.0,RS41-SG,404.900,8.7,0,11,2.6,-1,-1
2024-05-27T00:56:14.999Z,V2911233,8538,45.50140,8.89925,29256.3,-23.1,19.1,25.9,-45.4,0.7,-1.0,RS41-SG,404.900,8.7,187,11,2.5,-1,-1
2024-05-27T00:56:15.999Z,V2911233,8539,45.50157,8.89932,29234.5,-22.7,19.3,8.3,-45.8,0.7,-1.0,RS41-SG,404.900,8.5,187,12,2.5,-1,-1
2024-05-27T00:56:16.999Z,V2911233,8540,45.50174,8.89931,29213.6,-21.4,18.3,348.3,-45.9,0.7,-1.0,RS41-SG,404.900,9.9,187,12,2.5,-1,-1
2024-05-27T00:56:17.999Z,V2911233,8541,45.50189,8.89922,29192.9,-21.8,18.2,325.4,-46.0,0.7,-1.0,RS41-SG,404.900,9.9,187,12,2.6,-1,-1
2024-05-27T00:56:18.999Z,V2911233,8542,45.50200,8.89906,29171.2,-23.0,18.6,306.9,-46.2,0.8,-1.0,RS41-SG,404.900,8.7,187,11,2.6,-1,-1
2024-05-27T00:56:19.999Z,V2911233,8543,45.50208,8.89885,29149.7,-22.1,18.8,286.5,-46.3,0.8,-1.0,RS41-SG,404.900,8.8,187,11,2.6,-1,-1
2024-05-27T00:56:20.999Z,V2911233,8544,45.50209,8.89861,29128.7,-21.8,19.1,264.2,-46.3,0.8,-1.0,RS41-SG,404.900,8.8,187,11,2.5,-1,-1
2024-05-27T00:56:21.999Z,V2911233,8545,45.50205,8.89837,29107.2,-22.8,19.8,245.1,-46.5,0.8,-1.0,RS41-SG,404.900,8.9,187,11,2.5,-1,-1
2024-05-27T00:56:30.999Z,V2911233,8554,45.50114,8.89837,28914.1,-21.6,9.9,63.7,-46.5,0.7,-1.0,RS41-SG,404.900,9.2,187,11,2.6,-1,-1
2024-05-27T00:56:31.999Z,V2911233,8555,45.50121,8.89847,28892.6,-22.3,11.2,30.1,-46.5,0.7,-1.0,RS41-SG,404.900,8.5,0,11,2.6,-1,-1
2024-05-27T00:56:32.999Z,V2911233,8556,45.50131,8.89851,28871.0,-22.2,13.5,5.6,-46.6,0.8,-1.0,RS41-SG,404.900,9.3,187,11,2.5,-1,-1
2024-05-27T00:56:33.999Z,V2911233,8557,45.50144,8.89849,28850.1,-22.1,14.4,346.5,-46.7,0.8,-1.0,RS41-SG,404.900,9.3,187,12,2.5,-1,-1
2024-05-27T00:56:34.999Z,V2911233,8558,45.50156,8.89842,28829.2,-21.7,15.6,326.2,-46.7,0.7,-1.0,RS41-SG,404.900,10.2,187,12,2.5,-1,-1
2024-05-27T00:56:35.999Z,V2911233,8559,45.50166,8.89827,28808.9,-20.6,16.6,306.8,-46.7,0.7,-1.0,RS41-SG,404.900,10.2,187,12,2.6,-1,-1
2024-05-27T00:56:36.999Z,V2911233,8560,45.50173,8.89808,28788.6,-21.1,18.0,288.1,-46.7,0.7,-1.0,RS41-SG,404.900,10.1,187,11,2.6,-1,-1
2024-05-27T00:56:37.999Z,V2911233,8561,45.50176,8.89785,28767.6,-22.0,19.2,270.5,-46.6,0.7,-1.0,RS41-SG,404.900,10.1,187,11,2.6,-1,-1
2024-05-27T00:56:38.999Z,V2911233,8562,45.50174,8.89760,28746.4,-21.9,19.5,256.5,-46.6,0.7,-1.0,RS41-SG,404.900,8.7,187,12,2.5,-1,-1
2024-05-27T00:56:46.999Z,V2911233,8570,45.50071,8.89737,28577.4,-21.7,15.9,118.0,-46.6,0.7,-1.0,RS41-SG,404.900,9.0,0,12,2.5,-1,-1
2024-05-27T00:56:48.999Z,V2911233,8572,45.50068,8.89775,28534.3,-22.6,14.7,77.8,-46.5,0.7,-1.0,RS41-SG,404.900,9.7,0,12,2.6,-1,-1
2024-05-27T00:56:49.999Z,V2911233,8573,45.50073,8.89791,28512.4,-23.1,14.0,56.1,-46.4,0.7,-1.0,RS41-SG,404.900,9.7,0,11,2.6,-1,-1
2024-05-27T00:56:50.999Z,V2911233,8574,45.50081,8.89803,28490.6,-22.7,13.3,34.3,-46.4,0.7,-1.0,RS41-SG,404.900,10.4,187,12,2.5,-1,-1
2024-05-27T00:56:51.999Z,V2911233,8575,45.50092,8.89809,28469.9,-21.6,13.1,10.5,-46.6,0.7,-1.0,RS41-SG,404.900,10.4,187,11,2.5,-1,-1
2024-05-27T00:56:52.999Z,V2911233,8576,45.50104,8.89809,28450.2,-20.9,13.2,347.4,-46.8,0.7,-1.0,RS41-SG,404.900,9.8,187,12,2.5,-1,-1
2024-05-27T00:56:53.999Z,V2911233,8577,45.50115,8.89802,28430.1,-21.3,13.8,325.5,-46.9,0.7,-1.0,RS41-SG,404.900,9.8,187,12,2.6,-1,-1
2024-05-27T00:56:54.999Z,V2911233,8578,45.50124,8.89789,28409.5,-21.6,14.2,304.5,-47.0,0.7,-1.0,RS41-SG,404.900,9.7,187,12,2.6,-1,-1
2024-05-27T00:56:59.000Z,V2911233,8582,45.50121,8.89717,28325.2,-21.5,15.5,230.5,-47.0,0.8,-1.0,RS41-SG,404.900,9.7,187,11,2.6,-1,-1
2024-05-27T00:57:00.000Z,V2911233,8583,45.50111,8.89705,28304.9,-20.7,14.7,211.9,-47.0,0.8,-1.0,RS41-SG,404.900,10.1,187,11,2.5,-1,-1
2024-05-27T00:57:02.000Z,V2911233,8585,45.50086,8.89696,28264.0,-21.1,14.5,177.1,-46.8,0.7,-1.0,RS41-SG,404.900,9.5,187,11,2.6,-1,-1
2024-05-27T00:57:06.000Z,V2911233,8589,45.50052,8.89740,28182.3,-21.2,13.0,99.7,-46.4,0.7,-1.0,RS41-SG,404.900,8.6,0,11,2.6,-1,-1
2024-05-27T00:57:07.000Z,V2911233,8590,45.50053,8.89756,28161.7,-20.7,12.9,75.5,-46.4,0.7,-1.0,RS41-SG,404.900,8.1,0,9,2.6,-1,-1
2024-05-27T00:57:09.000Z,V2911233,8592,45.50065,8.89784,28120.7,-21.1,13.4,38.0,-46.3,0.7,-1.0,RS41-SG,404.900,9.6,0,10,2.5,-1,-1
2024-05-27T00:57:10.000Z,V2911233,8593,45.50076,8.89792,28100.3,-21.1,13.6,19.8,-46.3,0.7,-1.0,RS41-SG,404.900,9.6,0,10,2.6,-1,-1
2024-05-27T00:57:11.000Z,V2911233,8594,45.50088,8.89796,28080.2,-20.8,14.1,1.8,-46.3,0.7,-1.0,RS41-SG,404.900,9.7,187,10,2.6,-1,-1
2024-05-27T00:57:12.000Z,V2911233,8595,45.50100,8.89794,28059.9,-20.8,14.1,343.8,-46.2,0.7,-1.0,RS41-SG,404.900,9.7,187,10,2.5,-1,-1
2024-05-27T00:57:13.000Z,V2911233,8596,45.50112,8.89787,28039.3,-21.1,14.5,327.4,-46.2,0.7,-1.0,RS41-SG,404.900,9.6,187,11,2.5,-1,-1
2024-05-27T00:57:14.000Z,V2911233,8597,45.50122,8.89775,28019.0,-20.9,14.0,310.4,-46.1,0.7,-1.0,RS41-SG,404.900,9.6,187,9,2.5,-1,-1
2024-05-27T00:57:15.000Z,V2911233,8598,45.50128,8.89761,27998.8,-20.3,13.3,292.7,-46.1,0.7,-1.0,RS41-SG,404.900,9.4,187,7,2.6,-1,-1
2024-05-27T00:57:17.000Z,V2911233,8600,45.50131,8.89730,27958.0,-20.3,11.9,257.2,-46.1,0.7,-1.0,RS41-SG,404.900,8.1,187,9,2.6,-1,-1
2024-05-27T00:57:18.000Z,V2911233,8601,45.50127,8.89717,27938.1,-20.5,11.2,237.5,-46.1,0.7,-1.0,RS41-SG,404.900,7.7,187,7,2.5,-1,-1
2024-05-27T00:57:19.000Z,V2911233,8602,45.50120,8.89707,27918.1,-20.5,11.2,215.3,-46.1,0.7,-1.0,RS41-SG,404.900,8.4,187,9,2.5,-1,-1
2024-05-27T00:57:23.000Z,V2911233,8606,45.50083,8.89714,27832.3,-21.9,12.6,133.4,-46.3,0.7,-1.0,RS41-SG,404.900,8.6,187,10,2.6,-1,-1
2024-05-27T00:57:25.000Z,V2911233,8608,45.50074,8.89742,27789.0,-21.3,12.0,97.7,-46.1,0.7,-1.0,RS41-SG,404.900,8.6,0,11,2.5,-1,-1
2024-05-27T00:57:27.000Z,V2911233,8610,45.50079,8.89770,27746.5,-21.4,12.1,59.0,-46.1,0.7,-1.0,RS41-SG,404.900,9.0,0,11,2.6,-1,-1
2024-05-27T00:57:29.000Z,V2911233,8612,45.50097,8.89789,27705.7,-20.6,13.0,19.9,-46.4,0.7,-1.0,RS41-SG,404.900,9.7,0,12,2.6,-1,-1
2024-05-27T00:57:30.000Z,V2911233,8613,45.50108,8.89792,27686.2,-20.2,14.1,2.7,-46.4,0.7,-1.0,RS41-SG,404.900,9.3,0,11,2.5,-1,-1
2024-05-27T00:57:31.000Z,V2911233,8614,45.50121,8.89790,27667.5,-19.8,14.4,346.9,-46.4,0.7,-1.0,RS41-SG,404.900,9.2,187,12,2.5,-1,-1
2024-05-27T00:57:32.000Z,V2911233,8615,45.50134,8.89784,27649.1,-19.2,15.3,332.9,-46.4,0.7,-1.0,RS41-SG,404.900,8.7,187,11,2.5,-1,-1
2024-05-27T00:57:33.000Z,V2911233,8616,45.50146,8.89773,27630.4,-19.2,15.9,320.0,-46.4,0.7,-1.0,RS41-SG,404.900,9.9,187,12,2.6,-1,-1
2024-05-27T00:57:34.000Z,V2911233,8617,45.50156,8.89758,27611.5,-19.4,15.8,308.1,-46.4,0.7,-1.0,RS41-SG,404.900,9.9,187,11,2.6,-1,-1
2024-05-27T00:57:35.000Z,V2911233,8618,45.50163,8.89742,27592.7,-19.3,15.0,295.4,-46.5,0.7,-1.0,RS41-SG,404.900,9.7,187,9,2.6,-1,-1
2024-05-27T00:57:36.000Z,V2911233,8619,45.50167,8.89724,27574.5,-18.7,14.3,282.3,-46.5,0.7,-1.0,RS41-SG,404.900,9.3,187,8,2.5,08:25:24,-1
2024-05-27T00:57:37.000Z,V2911233,8620,45.50168,8.89707,27556.4,-18.3,13.3,267.2,-46.6,0.7,-1.0,RS41-SG,404.900,9.3,187,9,2.5,08:25:24,-1
2024-05-27T00:57:38.000Z,V2911233,8621,45.50166,8.89691,27538.8,-18.0,12.1,247.9,-46.6,0.7,-1.0,RS41-SG,404.900,9.6,187,9,2.5,08:25:24,-1
2024-05-27T00:57:50.000Z,V2911233,8633,45.50140,8.89764,27311.1,-19.4,18.2,29.0,-47.5,0.8,-1.0,RS41-SG,404.900,8.4,0,11,2.5,08:25:24,-1
2024-05-27T00:57:51.000Z,V2911233,8634,45.50156,8.89772,27292.3,-19.9,19.3,15.7,-47.6,0.8,-1.0,RS41-SG,404.900,8.6,0,10,2.6,08:25:24,-1
2024-05-27T00:57:52.000Z,V2911233,8635,45.50173,8.89776,27272.8,-20.1,20.6,4.6,-47.6,0.8,-1.0,RS41-SG,404.900,8.9,0,11,2.6,08:25:24,-1
2024-05-27T00:57:53.000Z,V2911233,8636,45.50192,8.89775,27253.7,-20.4,21.0,353.0,-47.6,0.8,-1.0,RS41-SG,404.900,8.9,187,10,2.5,08:25:24,-1
2024-05-27T00:57:55.000Z,V2911233,8638,45.50228,8.89758,27215.0,-19.7,20.5,330.0,-47.6,0.8,-1.0,RS41-SG,404.900,7.9,187,12,2.6,08:25:24,-1
