timestamp,serial,frame,lat,lon,alt,vel_v,vel_h,heading,temp,humidity,pressure,type,freq_mhz,snr,f_error_hz,sats,batt_v,burst_timer,aux_data
2024-04-14T00:25:36.999Z,V2841597,6699,45.30088,8.97325,25851.6,4.5,9.0,182.9,-273.0,-1.0,-1.0,RS41,404.900,8.7,187,9,2.5,-1,-1
2024-04-14T00:25:39.999Z,V2841597,6702,45.30062,8.97323,25867.9,5.1,11.6,184.2,-273.0,-1.0,-1.0,RS41,404.900,9.9,187,9,2.5,-1,-1
2024-04-14T00:25:41.999Z,V2841597,6704,45.30040,8.97322,25878.1,5.8,12.6,178.3,-273.0,-1.0,-1.0,RS41,404.900,7.7,187,9,2.6,-1,-1
2024-04-14T00:25:43.999Z,V2841597,6706,45.30018,8.97325,25888.9,4.4,11.9,170.3,-273.0,-1.0,-1.0,RS41,404.900,9.4,187,9,2.5,-1,-1
2024-04-14T00:25:44.999Z,V2841597,6707,45.30008,8.97328,25893.5,4.9,12.1,168.9,-273.0,-1.0,-1.0,RS41,404.900,9.4,187,9,2.5,-1,-1
2024-04-14T00:25:45.999Z,V2841597,6708,45.29997,8.97331,25899.0,5.9,12.5,170.8,-273.0,-1.0,-1.0,RS41,404.900,8.8,187,9,2.6,-1,-1
2024-04-14T00:25:47.999Z,V2841597,6710,45.29974,8.97333,25909.7,3.9,12.7,180.2,-273.0,-1.0,-1.0,RS41,404.900,8.3,187,9,2.5,-1,-1
2024-04-14T00:25:48.999Z,V2841597,6711,45.29963,8.97332,25913.8,4.1,12.1,187.0,-273.0,-1.0,-1.0,RS41,404.900,8.8,187,9,2.5,-1,-1
2024-04-14T00:25:49.999Z,V2841597,6712,45.29953,8.97330,25918.5,5.4,11.3,195.2,-273.0,-1.0,-1.0,RS41,404.900,8.8,187,9,2.5,-1,-1
2024-04-14T00:25:50.999Z,V2841597,6713,45.29944,8.97325,25923.9,5.6,10.3,202.7,-273.0,-1.0,-1.0,RS41,404.900,8.5,187,9,2.5,-1,-1
2024-04-14T00:25:52.999Z,V2841597,6715,45.29927,8.97314,25932.8,4.5,10.7,206.4,-273.0,-1.0,-1.0,RS41-SG,404.900,9.4,187,9,2.6,-1,-1
2024-04-14T00:25:53.999Z,V2841597,6716,45.29918,8.97308,25938.4,6.2,12.1,202.5,-273.0,-1.0,-1.0,RS41-SG,404.900,9.4,187,9,2.5,-1,-1
2024-04-14T00:25:55.999Z,V2841597,6718,45.29895,8.97298,25949.6,4.2,15.0,192.4,-273.0,-1.0,-1.0,RS41-SG,404.900,7.4,187,9,2.5,-1,-1
2024-04-14T00:26:02.999Z,V2841597,6725,45.29802,8.97285,25986.2,4.1,14.7,195.2,-273.0,-1.0,-1.0,RS41-SG,404.900,8.1,187,9,2.6,-1,-1
2024-04-14T00:26:10.999Z,V2841597,6733,45.29721,8.97232,26028.1,4.9,12.8,190.9,-273.0,-1.0,-1.0,RS41-SG,404.900,8.3,187,9,2.5,-1,-1
2024-04-14T00:26:12.999Z,V2841597,6735,45.29699,8.97229,26039.7,5.2,11.7,181.4,-273.0,-1.0,-1.0,RS41-SG,404.900,7.9,187,9,2.5,-1,-1
2024-04-14T00:26:37.999Z,V2841597,6760,45.29487,8.97149,26173.2,6.5,8.7,214.5,-273.0,-1.0,-1.0,RS41-SG,404.900,7.5,187,9,2.5,-1,-1
2024-04-14T00:26:45.999Z,V2841597,6768,45.29419,8.97131,26218.2,6.2,10.0,183.8,-273.0,-1.0,-1.0,RS41-SG,404.900,7.0,187,9,2.5,-1,-1
2024-04-14T00:26:50.999Z,V2841597,6773,45.29378,8.97114,26244.6,3.5,8.3,205.1,-273.0,-1.0,-1.0,RS41-SG,404.900,8.3,187,9,2.5,-1,-1
2024-04-14T00:26:51.999Z,V2841597,6774,45.29371,8.97109,26249.2,5.0,8.5,206.8,-273.0,-1.0,-1.0,RS41-SG,404.900,7.4,187,8,2.5,-1,-1
2024-04-14T00:26:59.999Z,V2841597,6782,45.29313,8.97079,26294.8,6.8,8.3,183.8,-273.0,-1.0,-1.0,RS41-SG,404.900,8.1,187,9,2.6,-1,-1
2024-04-14T00:27:18.999Z,V2841597,6801,45.29190,8.97058,26403.4,4.4,10.6,175.1,-273.0,-1.0,-1.0,RS41-SG,404.900,6.7,187,9,2.5,-1,-1
2024-04-14T00:28:14.999Z,V2841597,6857,45.28901,8.97253,26734.4,5.4,9.7,119.6,-273.0,-1.0,-1.0,RS41-SG,404.900,7.4,187,9,2.5,-1,-1
2024-04-14T00:28:18.999Z,V2841597,6861,45.28884,8.97288,26758.0,5.0,6.5,127.5,-273.0,-1.0,-1.0,RS41-SG,404.900,7.8,187,9,2.5,-1,-1
2024-04-14T00:28:33.999Z,V2841597,6876,45.28806,8.97366,26848.1,6.1,5.9,142.6,-273.0,-1.0,-1.0,RS41-SG,404.900,8.5,187,9,2.6,-1,-1
2024-04-14T00:28:34.999Z,V2841597,6877,45.28801,8.97370,26854.4,6.2,6.0,151.4,-273.0,-1.0,-1.0,RS41-SG,404.900,8.5,187,9,2.5,-1,-1
2024-04-14T00:28:35.999Z,V2841597,6878,45.28796,8.97373,26861.0,6.9,6.9,164.5,-273.0,-1.0,-1.0,RS41-SG,404.900,8.3,187,9,2.5,-1,-1
2024-04-14T00:28:40.999Z,V2841597,6883,45.28759,8.97389,26890.3,5.2,9.7,148.3,-273.0,-1.0,-1.0,RS41-SG,404.900,7.8,187,9,2.5,-1,-1
2024-04-14T00:28:41.999Z,V2841597,6884,45.28751,8.97396,26895.7,5.6,9.7,144.2,-273.0,-1.0,-1.0,RS41-SG,404.900,8.3,187,9,2.5,-1,-1
2024-04-14T00:28:42.999Z,V2841597,6885,45.28744,8.97403,26901.9,6.6,9.5,145.2,-273.0,-1.0,-1.0,RS41-SG,404.900,8.3,187,9,2.5,-1,-1
2024-04-14T00:28:43.999Z,V2841597,6886,45.28737,8.97410,26908.4,6.6,9.1,149.5,-273.0,-1.0,-1.0,RS41-SG,404.900,8.3,187,9,2.6,-1,-1
2024-04-14T00:28:45.999Z,V2841597,6888,45.28724,8.97420,26919.8,5.2,8.1,156.7,-273.0,-1.0,-1.0,RS41-SG,404.900,8.1,187,9,2.5,-1,-1
2024-04-14T00:28:47.999Z,V2841597,6890,45.28712,8.97428,26932.0,6.6,6.7,151.2,-273.0,-1.0,-1.0,RS41-SG,404.900,8.9,187,9,2.5,-1,-1
2024-04-14T00:28:48.999Z,V2841597,6891,45.28707,8.97432,26938.1,5.7,6.2,147.8,-273.0,-1.0,-1.0,RS41-SG,404.900,8.9,187,9,2.6,-1,-1
2024-04-14T00:28:49.999Z,V2841597,6892,45.28702,8.97436,26943.6,5.2,6.0,149.5,-273.0,-1.0,-1.0,RS41-SG,404.900,8.3,187,9,2.6,-1,-1
2024-04-14T00:28:50.999Z,V2841597,6893,45.28697,8.97439,26949.2,5.9,6.2,160.3,-273.0,-1.0,-1.0,RS41-SG,404.900,7.8,187,9,2.5,-1,-1
2024-04-14T00:28:52.999Z,V2841597,6895,45.28684,8.97442,26961.8,6.0,9.0,179.1,-273.0,-1.0,-1.0,RS41-SG,404.900,8.4,187,9,2.5,-1,-1
2024-04-14T00:28:53.999Z,V2841597,6896,45.28675,8.97442,26967.0,4.5,10.5,179.2,-273.0,-1.0,-1.0,RS41-SG,404.900,8.4,187,9,2.5,-1,-1
2024-04-14T00:28:55.999Z,V2841597,6898,45.28654,8.97446,26978.1,7.1,12.9,165.5,-273.0,-1.0,-1.0,RS41-SG,404.900,7.9,187,9,2.6,-1,-1
2024-04-14T00:28:56.999Z,V2841597,6899,45.28643,8.97451,26984.4,5.2,13.0,157.9,-273.0,-1.0,-1.0,RS41-SG,404.900,8.6,187,9,2.5,-1,-1
2024-04-14T00:29:04.999Z,V2841597,6907,45.28579,8.97490,27032.2,5.2,8.6,165.4,-273.0,-1.0,-1.0,RS41-SG,404.900,9.0,187,9,2.5,-1,-1
2024-04-14T00:29:05.999Z,V2841597,6908,45.28571,8.97492,27037.9,6.5,9.9,170.3,-273.0,-1.0,-1.0,RS41-SG,404.900,9.0,187,9,2.6,-1,-1
2024-04-14T00:29:19.999Z,V2841597,6922,45.28443,8.97551,27124.1,5.9,9.4,150.0,-273.0,-1.0,-1.0,RS41-SG,404.900,9.9,187,9,2.5,-1,-1
2024-04-14T00:29:26.999Z,V2841597,6929,45.28360,8.97610,27166.1,5.7,17.5,139.9,-273.0,-1.0,-1.0,RS41-SG,404.900,8.8,187,9,2.5,-1,-1
2024-04-14T00:29:58.999Z,V2841597,6961,45.28018,8.97876,27352.4,7.4,16.6,158.9,-273.0,-1.0,-1.0,RS41-SG,404.900,8.8,187,9,2.5,-1,-1
2024-04-14T00:30:10.999Z,V2841597,6973,45.27887,8.97919,27422.6,5.2,14.2,162.9,-273.0,-1.0,-1.0,RS41-SG,404.900,8.2,187,9,2.5,-1,-1
2024-04-14T00:30:13.999Z,V2841597,6976,45.27847,8.97937,27438.9,6.9,16.3,159.6,-273.0,-1.0,-1.0,RS41-SG,404.900,9.1,187,9,2.5,-1,-1
2024-04-14T00:30:24.999Z,V2841597,6987,45.27736,8.97961,27504.6,6.9,11.0,160.8,-273.0,-1.0,-1.0,RS41-SG,404.900,7.8,187,9,2.5,-1,-1
2024-04-14T00:30:31.999Z,V2841597,6994,45.27664,8.97999,27547.1,6.3,9.5,176.0,-273.0,-1.0,-1.0,RS41-SG,404.900,9.1,187,9,2.5,-1,-1
2024-04-14T00:30:35.999Z,V2841597,6998,45.27634,8.97992,27569.3,6.8,7.4,187.2,-273.0,-1.0,-1.0,RS41-SG,404.900,8.1,187,9,2.5,-1,-1
2024-04-14T00:30:37.999Z,V2841597,7000,45.27621,8.97994,27579.9,4.1,7.6,163.4,-273.0,-1.0,-1.0,RS41-SG,404.900,8.2,187,9,2.5,-1,-1
2024-04-14T00:30:39.999Z,V2841597,7002,45.27606,8.98001,27590.6,6.9,10.0,159.4,-273.0,-1.0,-1.0,RS41-SG,404.900,9.0,187,9,2.6,-1,-1
2024-04-14T00:30:40.999Z,V2841597,7003,45.27597,8.98006,27596.6,5.2,11.1,162.1,-273.0,-1.0,-1.0,RS41-SG,404.900,8.4,187,9,2.5,-1,-1
2024-04-14T00:30:41.999Z,V2841597,7004,45.27587,8.98010,27601.5,4.1,12.1,163.1,-273.0,-1.0,-1.0,RS41-SG,404.900,8.1,187,9,2.5,-1,-1
2024-04-14T00:30:43.999Z,V2841597,7006,45.27565,8.98020,27612.4,6.8,13.6,160.1,-273.0,-1.0,-1.0,RS41-SG,404.900,8.7,187,9,2.5,-1,-1
2024-04-14T00:30:44.999Z,V2841597,7007,45.27554,8.98026,27618.4,5.4,13.2,158.5,-273.0,-1.0,-1.0,RS41-SG,404.900,9.4,187,9,2.6,-1,-1
2024-04-14T00:30:45.999Z,V2841597,7008,45.27543,8.98032,27623.8,5.9,12.4,159.4,-273.0,-1.0,-1.0,RS41-SG,404.900,9.4,187,9,2.6,-1,-1
2024-04-14T00:30:52.999Z,V2841597,7015,45.27488,8.98047,27666.1,5.2,9.2,158.0,-273.0,-1.0,-1.0,RS41-SG,404.900,9.1,187,9,2.5,-1,-1
2024-04-14T00:30:54.999Z,V2841597,7017,45.27470,8.98057,27678.3,6.5,12.4,161.5,-273.0,-1.0,-1.0,RS41-SG,404.900,8.4,187,9,2.5,-1,-1
2024-04-14T00:30:58.999Z,V2841597,7021,45.27422,8.98081,27701.8,4.8,15.1,155.1,-273.0,-1.0,-1.0,RS41-SG,404.900,7.9,187,9,2.5,-1,-1
2024-04-14T00:30:59.999Z,V2841597,7022,45.27410,8.98089,27706.6,4.7,14.5,154.3,-273.0,-1.0,-1.0,RS41-SG,404.900,9.4,187,9,2.5,-1,-1
2024-04-14T00:31:01.999Z,V2841597,7024,45.27388,8.98103,27718.2,6.4,12.5,160.7,-273.0,-1.0,-1.0,RS41-SG,404.900,8.1,187,9,2.6,-1,-1
2024-04-14T00:31:22.999Z,V2841597,7045,45.27158,8.98246,27837.7,5.1,13.7,147.7,-273.0,-1.0,-1.0,RS41-SG,404.900,7.8,187,9,2.6,-1,-1
2024-04-14T00:33:20.999Z,V2841597,7163,45.25968,8.98939,28513.7,5.7,10.5,153.0,-273.0,-1.0,-1.0,RS41-SG,404.900,6.4,187,9,2.5,-1,-1
2024-04-14T00:33:27.999Z,V2841597,7170,45.25898,8.99018,28553.3,6.9,16.1,139.8,-273.0,-1.0,-1.0,RS41-SG,404.900,7.0,187,9,2.5,-1,-1
2024-04-14T00:33:31.999Z,V2841597,7174,45.25860,8.99057,28576.7,6.5,10.1,140.7,-273.0,-1.0,-1.0,RS41-SG,404.900,7.1,187,9,2.5,-1,-1
2024-04-14T00:34:01.999Z,V2841597,7204,45.25615,8.99350,28759.0,5.7,11.9,152.0,-273.0,-1.0,-1.0,RS41-SG,404.900,7.4,187,9,2.5,-1,-1
2024-04-14T00:34:02.999Z,V2841597,7205,45.25605,8.99357,28764.9,6.9,11.9,152.0,-273.0,-1.0,-1.0,RS41-SG,404.900,8.3,187,9,2.6,-1,-1
2024-04-14T00:34:10.999Z,V2841597,7213,45.25538,8.99415,28812.4,6.5,10.8,154.5,-273.0,-1.0,-1.0,RS41-SG,404.900,8.2,187,9,2.5,-1,-1
2024-04-14T00:34:12.999Z,V2841597,7215,45.25518,8.99430,28825.8,5.4,14.3,152.9,-273.0,-1.0,-1.0,RS41-SG,404.900,7.6,187,9,2.5,-1,-1
2024-04-14T00:34:13.999Z,V2841597,7216,45.25506,8.99438,28831.0,5.2,15.4,151.8,-273.0,-1.0,-1.0,RS41-SG,404.900,7.6,187,9,2.6,-1,-1
2024-04-14T00:34:14.999Z,V2841597,7217,45.25494,8.99448,28837.0,6.8,15.3,152.3,-273.0,-1.0,-1.0,RS41-SG,404.900,8.6,187,8,2.6,-1,-1
2024-04-14T00:34:16.999Z,V2841597,7219,45.25471,8.99464,28850.1,5.6,13.4,155.0,-273.0,-1.0,-1.0,RS41-SG,404.900,7.8,187,9,2.5,-1,-1
2024-04-14T00:34:17.999Z,V2841597,7220,45.25460,8.99470,28855.4,4.7,12.5,156.2,-273.0,-1.0,-1.0,RS41-SG,404.900,7.8,187,9,2.5,-1,-1
2024-04-14T00:34:19.999Z,V2841597,7222,45.25440,8.99483,28866.8,6.9,12.7,154.7,-273.0,-1.0,-1.0,RS41-SG,404.900,8.3,187,9,2.6,-1,-1
2024-04-14T00:34:26.999Z,V2841597,7229,45.25378,8.99536,28909.3,5.5,8.8,138.8,-273.0,-1.0,-1.0,RS41-SG,404.900,8.8,187,9,2.5,-1,-1
2024-04-14T00:34:29.999Z,V2841597,7232,45.25357,8.99563,28927.6,5.2,12.2,137.2,-273.0,-1.0,-1.0,RS41-SG,404.900,7.9,187,9,2.6,-1,-1
2024-04-14T00:34:32.999Z,V2841597,7235,45.25334,8.99596,28945.8,6.9,11.1,132.5,-273.0,-1.0,-1.0,RS41-SG,404.900,7.7,187,9,2.5,-1,-1
2024-04-14T00:34:51.999Z,V2841597,7254,45.25189,8.99714,29062.7,6.5,11.6,159.3,-273.0,-1.0,-1.0,RS41-SG,404.900,8.1,187,9,2.6,-1,-1
2024-04-14T00:34:53.999Z,V2841597,7256,45.25168,8.99722,29076.2,6.1,12.9,169.8,-273.0,-1.0,-1.0,RS41-SG,404.900,7.8,187,9,2.5,-1,-1
2024-04-14T00:34:56.999Z,V2841597,7259,45.25135,8.99730,29094.1,7.3,10.7,168.0,-273.0,-1.0,-1.0,RS41-SG,404.900,7.3,187,9,2.6,-1,-1
2024-04-14T00:35:00.999Z,V2841597,7263,45.25104,8.99746,29118.9,7.6,9.8,157.0,-273.0,-1.0,-1.0,RS41-SG,404.900,8.0,187,9,2.5,-1,-1
2024-04-14T00:35:01.999Z,V2841597,7264,45.25095,8.99751,29125.6,5.9,10.9,160.2,-273.0,-1.0,-1.0,RS41-SG,404.900,8.0,187,9,2.6,-1,-1
2024-04-14T00:35:02.999Z,V2841597,7265,45.25085,8.99755,29131.4,5.5,11.7,164.1,-273.0,-1.0,-1.0,RS41-SG,404.900,8.0,187,9,2.6,-1,-1
2024-04-14T00:35:04.999Z,V2841597,7267,45.25064,8.99761,29144.2,7.1,12.0,171.8,-273.0,-1.0,-1.0,RS41-SG,404.900,9.3,187,9,2.5,-1,-1
2024-04-14T00:35:05.999Z,V2841597,7268,45.25054,8.99763,29150.7,5.7,12.1,175.0,-273.0,-1.0,-1.0,RS41-SG,404.900,9.3,187,9,2.5,-1,-1
2024-04-14T00:35:06.999Z,V2841597,7269,45.25043,8.99764,29156.8,6.5,12.5,177.8,-273.0,-1.0,-1.0,RS41-SG,404.900,9.0,187,9,2.5,-1,-1
2024-04-14T00:35:11.999Z,V2841597,7274,45.24980,8.99775,29190.2,6.8,13.2,161.7,-273.0,-1.0,-1.0,RS41-SG,404.900,8.5,187,9,2.5,-1,-1
2024-04-14T00:35:14.999Z,V2841597,7277,45.24951,8.99793,29208.8,6.7,11.0,153.6,-273.0,-1.0,-1.0,RS41-SG,404.900,7.6,187,9,2.5,-1,-1
2024-04-14T00:35:15.999Z,V2841597,7278,45.24942,8.99798,29215.9,7.3,11.6,157.9,-273.0,-1.0,-1.0,RS41-SG,404.900,7.6,187,9,2.5,-1,-1
2024-04-14T00:35:17.999Z,V2841597,7280,45.24921,8.99808,29227.8,5.3,12.6,167.9,-273.0,-1.0,-1.0,RS41-SG,404.900,8.7,187,9,2.5,-1,-1
2024-04-14T00:35:19.999Z,V2841597,7282,45.24900,8.99811,29240.1,7.1,11.3,179.4,-273.0,-1.0,-1.0,RS41-SG,404.900,8.6,187,9,2.6,-1,-1
2024-04-14T00:35:26.999Z,V2841597,7289,45.24829,8.99829,29285.0,6.1,14.0,150.4,-273.0,-1.0,-1.0,RS41-SG,404.900,8.6,187,8,2.5,-1,-1
2024-04-14T00:35:30.999Z,V2841597,7293,45.24795,8.99865,29309.6,6.4,9.4,144.3,-273.0,-1.0,-1.0,RS41-SG,404.900,9.1,187,9,2.5,-1,-1
2024-04-14T00:35:31.999Z,V2841597,7294,45.24788,8.99871,29316.3,7.0,9.0,155.8,-273.0,-1.0,-1.0,RS41-SG,404.900,9.1,187,9,2.5,-1,-1
2024-04-14T00:35:33.999Z,V2841597,7296,45.24772,8.99877,29328.5,5.3,9.6,174.6,-273.0,-1.0,-1.0,RS41-SG,404.900,8.8,187,9,2.5,-1,-1
2024-04-14T00:35:34.999Z,V2841597,7297,45.24764,8.99877,29334.1,6.0,9.4,182.4,-55.9,-1.0,-1.0,RS41-SG,404.900,8.4,187,9,2.6,-1,-1
2024-04-14T00:35:36.999Z,V2841597,7299,45.24749,8.99875,29347.4,6.6,7.3,188.3,-55.8,-1.0,-1.0,RS41-SG,404.900,8.2,187,9,2.5,-1,-1
2024-04-14T00:35:37.999Z,V2841597,7300,45.24743,8.99874,29353.7,5.7,6.6,186.0,-55.8,-1.0,-1.0,RS41-SG,404.900,8.3,187,9,2.5,-1,-1
2024-04-14T00:35:38.999Z,V2841597,7301,45.24737,8.99873,29359.7,6.0,6.5,175.7,-55.8,-1.0,-1.0,RS41-SG,404.900,9.0,187,9,2.5,-1,-1
2024-04-14T00:35:39.999Z,V2841597,7302,45.24731,8.99875,29366.4,7.3,7.6,163.0,-55.8,-1.0,-1.0,RS41-SG,404.900,9.0,187,9,2.6,-1,-1
2024-04-14T00:35:40.999Z,V2841597,7303,45.24724,8.99879,29373.5,6.6,9.1,155.6,-55.8,-1.0,-1.0,RS41-SG,404.900,8.8,187,9,2.6,-1,-1
2024-04-14T00:35:41.999Z,V2841597,7304,45.24716,8.99885,29379.6,5.1,10.4,150.4,-55.8,-1.0,-1.0,RS41-SG,404.900,9.0,187,9,2.5,-1,-1
2024-04-14T00:35:43.999Z,V2841597,7306,45.24700,8.99900,29392.0,7.3,10.5,139.8,-55.9,-1.0,-1.0,RS41-SG,404.900,8.7,187,9,2.5,-1,-1
2024-04-14T00:35:46.999Z,V2841597,7309,45.24683,8.99923,29410.6,5.9,7.0,138.8,-55.9,-1.0,-1.0,RS41-SG,404.900,9.3,187,9,2.6,-1,-1
2024-04-14T00:35:47.999Z,V2841597,7310,45.24678,8.99928,29416.7,6.4,6.8,149.4,-55.9,-1.0,-1.0,RS41-SG,404.900,9.3,187,9,2.5,-1,-1
2024-04-14T00:35:48.999Z,V2841597,7311,45.24673,8.99931,29423.5,6.9,7.3,164.5,-55.9,-1.0,-1.0,RS41-SG,404.900,9.4,187,9,2.5,-1,-1
2024-04-14T00:35:49.999Z,V2841597,7312,45.24666,8.99933,29429.9,5.8,8.3,173.6,-55.9,-1.0,-1.0,RS41-SG,404.900,9.4,187,9,2.5,-1,-1
2024-04-14T00:35:54.999Z,V2841597,7317,45.24631,8.99932,29461.1,5.4,5.4,169.2,-55.9,-1.0,-1.0,RS41-SG,404.900,8.6,187,9,2.5,-1,-1
2024-04-14T00:35:57.999Z,V2841597,7320,45.24616,8.99945,29480.0,6.8,9.0,139.3,-56.0,-1.0,-1.0,RS41-SG,404.900,8.9,187,9,2.5,-1,-1
2024-04-14T00:35:58.999Z,V2841597,7321,45.24610,8.99953,29486.0,5.0,10.2,139.8,-56.0,-1.0,-1.0,RS41-SG,404.900,9.5,187,9,2.5,-1,-1
2024-04-14T00:35:59.999Z,V2841597,7322,45.24603,8.99962,29491.2,5.5,10.8,140.8,-56.0,-1.0,-1.0,RS41-SG,404.900,9.5,187,9,2.5,-1,-1
2024-04-14T00:36:02.999Z,V2841597,7325,45.24584,8.99985,29511.5,6.1,7.5,138.4,-56.1,-1.0,-1.0,RS41-SG,404.900,9.0,187,9,2.6,-1,-1
2024-04-14T00:36:03.999Z,V2841597,7326,45.24579,8.99991,29517.5,5.7,6.2,140.1,-56.1,-1.0,-1.0,RS41-SG,404.900,9.7,187,9,2.5,-1,-1
2024-04-14T00:36:04.999Z,V2841597,7327,45.24575,8.99995,29523.7,6.5,5.8,150.9,-56.1,-1.0,-1.0,RS41-SG,404.900,9.7,187,9,2.5,-1,-1
2024-04-14T00:36:06.999Z,V2841597,7329,45.24564,9.00001,29536.8,5.7,6.7,162.7,-56.1,-1.0,-1.0,RS41-SG,404.900,8.6,187,9,2.6,-1,-1
2024-04-14T00:36:11.999Z,V2841597,7334,45.24542,9.00025,29568.0,5.2,7.4,119.2,-56.2,-1.0,-1.0,RS41-SG,404.900,8.6,187,9,2.5,-1,-1
2024-04-14T00:36:14.999Z,V2841597,7337,45.24527,9.00054,29586.1,6.6,11.3,132.5,-56.1,-1.0,-1.0,RS41-SG,404.900,8.7,187,9,2.6,-1,-1
2024-04-14T00:36:15.999Z,V2841597,7338,45.24520,9.00065,29592.5,6.0,11.4,136.5,-56.0,-1.0,-1.0,RS41-SG,404.900,8.7,187,9,2.5,-1,-1
2024-04-14T00:36:18.999Z,V2841597,7341,45.24502,9.00090,29613.4,5.8,7.4,129.7,-55.8,-1.0,-1.0,RS41-SG,404.900,9.3,187,9,2.5,-1,-1
2024-04-14T00:36:19.999Z,V2841597,7342,45.24498,9.00097,29618.6,5.2,6.1,121.9,-55.7,-1.0,-1.0,RS41-SG,404.900,9.9,187,9,2.5,-1,-1
2024-04-14T00:36:20.999Z,V2841597,7343,45.24496,9.00104,29624.1,5.9,5.5,111.4,-55.7,-1.0,-1.0,RS41-SG,404.900,9.9,187,9,2.6,-1,-1
2024-04-14T00:36:23.999Z,V2841597,7346,45.24489,9.00127,29643.6,5.6,8.1,116.0,-55.6,-1.0,-1.0,RS41-SG,404.900,9.3,187,9,2.5,-1,-1
2024-04-14T00:36:24.999Z,V2841597,7347,45.24486,9.00136,29649.1,4.7,9.0,113.7,-55.5,-1.0,-1.0,RS41-SG,404.900,9.3,187,9,2.5,-1,-1
2024-04-14T00:36:26.999Z,V2841597,7349,45.24479,9.00160,29660.6,7.0,10.5,106.0,-55.4,-1.0,-1.0,RS41-SG,404.900,9.3,187,9,2.5,-1,-1
2024-04-14T00:36:27.999Z,V2841597,7350,45.24477,9.00173,29667.6,6.9,10.7,104.5,-55.3,-1.0,-1.0,RS41-SG,404.900,9.6,187,9,2.5,-1,-1
2024-04-14T00:36:28.999Z,V2841597,7351,45.24474,9.00186,29674.0,6.3,10.4,106.2,-55.3,-1.0,-1.0,RS41-SG,404.900,9.6,187,9,2.6,-1,-1
2024-04-14T00:36:30.999Z,V2841597,7353,45.24467,9.00209,29687.3,7.3,9.9,123.4,-55.2,-1.0,-1.0,RS41-SG,404.900,8.5,187,9,2.6,-1,-1
2024-04-14T00:36:31.999Z,V2841597,7354,45.24462,9.00219,29693.8,5.6,10.1,134.2,-55.2,-1.0,-1.0,RS41-SG,404.900,9.3,187,9,2.5,-1,-1
2024-04-14T00:36:32.999Z,V2841597,7355,45.24455,9.00227,29698.8,4.4,10.0,141.5,-55.2,-1.0,-1.0,RS41-SG,404.900,10.7,187,9,2.5,-1,-1
2024-04-14T00:36:37.999Z,V2841597,7360,45.24428,9.00265,29729.5,6.0,8.4,115.7,-55.2,-1.0,-1.0,RS41-SG,404.900,9.1,187,9,2.5,-1,-1
2024-04-14T00:36:39.999Z,V2841597,7362,45.24421,9.00288,29742.6,6.1,10.7,115.7,-55.1,-1.0,-1.0,RS41-SG,404.900,8.9,187,9,2.5,-1,-1
2024-04-14T00:36:40.999Z,V2841597,7363,45.24416,9.00300,29748.4,5.6,11.9,115.8,-55.1,-1.0,-1.0,RS41-SG,404.900,9.1,187,9,2.5,-1,-1
2024-04-14T00:36:42.999Z,V2841597,7365,45.24407,9.00329,29761.4,7.3,12.4,110.2,-55.1,-1.0,-1.0,RS41-SG,404.900,8.6,187,9,2.6,-1,-1
2024-04-14T00:36:44.999Z,V2841597,7367,45.24401,9.00357,29774.0,5.9,10.9,109.2,-55.0,-1.0,-1.0,RS41-SG,404.900,8.5,187,9,2.5,-1,-1
2024-04-14T00:36:45.999Z,V2841597,7368,45.24397,9.00369,29780.3,6.6,10.3,116.6,-54.9,-1.0,-1.0,RS41-SG,404.900,8.4,187,9,2.5,-1,-1
2024-04-14T00:36:46.999Z,V2841597,7369,45.24392,9.00380,29787.3,7.0,9.9,126.1,-54.8,-1.0,-1.0,RS41-SG,404.900,9.4,187,9,2.6,-1,-1
2024-04-14T00:36:49.999Z,V2841597,7372,45.24375,9.00405,29804.7,5.9,8.1,137.0,-54.6,-1.0,-1.0,RS41-SG,404.900,8.6,187,9,2.5,-1,-1
2024-04-14T00:36:50.999Z,V2841597,7373,45.24370,9.00412,29811.3,7.1,6.8,129.1,-54.6,-1.0,-1.0,RS41-SG,404.900,8.9,187,9,2.5,-1,-1
2024-04-14T00:36:52.999Z,V2841597,7375,45.24365,9.00428,29823.9,5.7,7.3,102.2,-54.5,-1.0,-1.0,RS41-SG,404.900,8.5,187,9,2.6,-1,-1
2024-04-14T00:36:53.999Z,V2841597,7376,45.24364,9.00438,29829.9,6.1,9.3,98.5,-54.5,-1.0,-1.0,RS41-SG,404.900,8.7,187,9,2.5,-1,-1
2024-04-14T00:36:54.999Z,V2841597,7377,45.24362,9.00451,29836.5,6.8,11.4,99.9,-54.5,-1.0,-1.0,RS41-SG,404.900,8.7,187,9,2.5,-1,-1
2024-04-14T00:36:55.999Z,V2841597,7378,45.24360,9.00466,29842.7,5.3,12.9,104.8,-54.5,-1.0,-1.0,RS41-SG,404.900,8.3,187,9,2.5,-1,-1
2024-04-14T00:36:57.999Z,V2841597,7380,45.24353,9.00499,29853.8,6.7,14.1,108.9,-54.4,-1.0,-1.0,RS41-SG,404.900,8.1,187,9,2.6,-1,-1
2024-04-14T00:36:58.999Z,V2841597,7381,45.24349,9.00515,29860.9,7.1,13.0,107.0,-54.4,-1.0,-1.0,RS41-SG,404.900,8.9,187,9,2.6,-1,-1
2024-04-14T00:36:59.999Z,V2841597,7382,45.24346,9.00530,29867.7,6.1,11.4,103.9,-54.4,-1.0,-1.0,RS41-SG,404.900,8.9,187,9,2.5,-1,-1
2024-04-14T00:37:01.999Z,V2841597,7384,45.24342,9.00554,29878.6,5.0,7.8,105.8,-54.4,-1.0,-1.0,RS41-SG,404.900,10.1,187,9,2.5,-1,-1
2024-04-14T00:37:02.999Z,V2841597,7385,45.24340,9.00562,29884.3,6.2,6.5,117.7,-54.4,-1.0,-1.0,RS41-SG,404.900,10.1,187,9,2.6,-1,-1
2024-04-14T00:37:03.999Z,V2841597,7386,45.24337,9.00569,29890.6,6.4,6.3,129.8,-54.5,-1.0,-1.0,RS41-SG,404.900,8.6,187,9,2.6,-1,-1
2024-04-14T00:37:06.999Z,V2841597,7389,45.24325,9.00592,29910.6,7.4,9.1,113.3,-54.4,-1.0,-1.0,RS41-SG,404.900,9.7,187,8,2.5,-1,-1
2024-04-14T00:37:09.999Z,V2841597,7392,45.24320,9.00635,29928.6,4.3,14.2,91.0,-54.3,-1.0,-1.0,RS41-SG,404.900,8.6,187,9,2.5,-1,-1
2024-04-14T00:37:10.999Z,V2841597,7393,45.24320,9.00654,29933.5,5.2,16.0,92.2,-54.2,-1.0,-1.0,RS41-SG,404.900,8.6,187,9,2.5,-1,-1
2024-04-14T00:37:11.999Z,V2841597,7394,45.24319,9.00675,29939.5,6.6,16.8,96.0,-54.2,-1.0,-1.0,RS41-SG,404.900,8.4,187,9,2.5,-1,-1
2024-04-14T00:37:12.999Z,V2841597,7395,45.24317,9.00696,29946.4,7.1,16.4,100.5,-54.2,-1.0,-1.0,RS41-SG,404.900,9.0,187,9,2.5,-1,-1
2024-04-14T00:37:14.999Z,V2841597,7397,45.24310,9.00732,29959.4,6.5,12.7,105.7,-54.2,-1.0,-1.0,RS41-SG,404.900,8.5,187,9,2.6,-1,-1
2024-04-14T00:37:15.999Z,V2841597,7398,45.24308,9.00746,29966.2,6.7,9.8,105.7,-54.2,-1.0,-1.0,RS41-SG,404.900,8.5,187,9,2.5,-1,-1
2024-04-14T00:37:17.999Z,V2841597,7400,45.24304,9.00765,29977.2,4.9,6.1,104.8,-54.1,-1.0,-1.0,RS41-SG,404.900,8.9,187,9,2.5,-1,-1
2024-04-14T00:37:18.999Z,V2841597,7401,45.24303,9.00772,29982.7,6.3,5.8,106.5,-54.1,-1.0,-1.0,RS41-SG,404.900,8.9,187,9,2.6,-1,-1
2024-04-14T00:37:19.999Z,V2841597,7402,45.24301,9.00779,29989.5,7.4,7.1,112.0,-54.0,-1.0,-1.0,RS41-SG,404.900,8.6,187,9,2.6,-1,-1
2024-04-14T00:37:20.999Z,V2841597,7403,45.24298,9.00789,29996.6,7.1,9.3,117.7,-54.0,-1.0,-1.0,RS41-SG,404.900,8.4,187,9,2.5,-1,-1
2024-04-14T00:37:21.999Z,V2841597,7404,45.24294,9.00801,30003.0,5.4,11.7,118.5,-54.0,-1.0,-1.0,RS41-SG,404.900,9.1,187,9,2.5,-1,-1
2024-04-14T00:37:25.999Z,V2841597,7408,45.24273,9.00867,30025.1,7.4,15.0,103.3,-54.0,-1.0,-1.0,RS41-SG,404.900,8.0,187,9,2.5,-1,-1
2024-04-14T00:37:26.999Z,V2841597,7409,45.24271,9.00885,30031.7,5.1,14.2,99.3,-54.0,-1.0,-1.0,RS41-SG,404.900,8.1,187,9,2.5,-1,-1
2024-04-14T00:37:40.999Z,V2841597,7423,45.24244,9.01101,30116.6,6.2,15.1,103.4,-54.1,-1.0,-1.0,RS41-SG,404.900,8.3,187,9,2.6,-1,-1
2024-04-14T00:37:43.999Z,V2841597,7426,45.24241,9.01153,30136.2,5.3,12.6,86.5,-54.1,-1.0,-1.0,RS41-SG,404.900,9.3,187,9,2.5,-1,-1
2024-04-14T00:37:45.999Z,V2841597,7428,45.24242,9.01185,30148.7,7.6,12.4,91.5,-54.1,-1.0,-1.0,RS41-SG,404.900,8.0,187,9,2.6,-1,-1
2024-04-14T00:37:46.999Z,V2841597,7429,45.24242,9.01201,30155.8,6.9,13.0,97.3,-54.1,-1.0,-1.0,RS41-SG,404.900,8.4,187,9,2.6,-1,-1
2024-04-14T00:37:52.999Z,V2841597,7435,45.24230,9.01308,30192.8,6.2,15.5,91.6,-54.2,-1.0,-1.0,RS41-SG,404.900,8.2,187,9,2.5,-1,-1
2024-04-14T00:37:53.999Z,V2841597,7436,45.24229,9.01329,30199.8,7.4,16.4,92.5,-54.2,-1.0,-1.0,RS41-SG,404.900,8.5,187,9,2.5,-1,-1
2024-04-14T00:37:54.999Z,V2841597,7437,45.24228,9.01350,30206.7,6.0,17.5,93.3,-54.2,-1.0,-1.0,RS41-SG,404.900,9.1,187,9,2.5,-1,-1
2024-04-14T00:37:57.999Z,V2841597,7440,45.24225,9.01417,30224.9,7.2,17.0,93.5,-54.2,-1.0,-1.0,RS41-SG,404.900,8.0,187,9,2.5,-1,-1
2024-04-14T00:37:58.999Z,V2841597,7441,45.24224,9.01438,30231.7,6.3,16.1,92.8,-54.2,1.1,-1.0,RS41-SG,404.900,9.1,187,9,2.5,-1,-1
2024-04-14T00:38:01.999Z,V2841597,7444,45.24220,9.01496,30249.3,7.0,15.8,104.0,-54.0,1.1,-1.0,RS41-SG,404.900,7.3,187,9,2.6,-1,-1
2024-04-14T00:38:03.999Z,V2841597,7446,45.24211,9.01537,30261.9,5.3,17.8,107.9,-53.9,1.2,-1.0,RS41-SG,404.900,7.7,187,9,2.6,-1,-1
2024-04-14T00:38:05.999Z,V2841597,7448,45.24202,9.01581,30273.7,6.7,17.7,103.4,-53.9,1.1,-1.0,RS41-SG,404.900,8.6,187,9,2.5,-1,-1
2024-04-14T00:38:12.999Z,V2841597,7455,45.24187,9.01733,30318.2,4.2,19.5,104.0,-53.5,1.1,-1.0,RS41-SG,404.900,8.0,187,9,2.5,-1,-1
2024-04-14T00:38:13.999Z,V2841597,7456,45.24182,9.01757,30322.8,4.9,19.8,105.6,-53.4,1.1,-1.0,RS41-SG,404.900,8.0,187,9,2.5,-1,-1
2024-04-14T00:38:18.999Z,V2841597,7461,45.24161,9.01871,30353.7,6.6,17.4,107.8,-53.4,1.1,-1.0,RS41-SG,404.900,7.4,187,9,2.5,-1,-1
2024-04-14T00:38:26.999Z,V2841597,7469,45.24119,9.02045,30404.5,6.5,19.5,103.7,-53.1,1.1,-1.0,RS41-SG,404.900,7.6,187,9,2.5,-1,-1
2024-04-14T00:38:27.999Z,V2841597,7470,45.24114,9.02069,30411.0,6.7,20.4,106.7,-53.1,1.1,-1.0,RS41-SG,404.900,9.0,187,9,2.6,-1,-1
2024-04-14T00:38:43.999Z,V2841597,7486,45.24000,9.02422,30507.7,5.2,20.0,112.4,-52.7,1.1,-1.0,RS41-SG,404.900,8.3,187,9,2.5,-1,-1
2024-04-14T00:39:01.999Z,V2841597,7504,45.23823,9.02766,30618.0,6.6,17.3,137.8,-52.1,1.0,-1.0,RS41-SG,404.900,7.8,187,9,2.6,-1,-1
2024-04-14T00:39:05.999Z,V2841597,7508,45.23773,9.02826,30643.1,6.8,18.5,135.1,-51.9,1.0,-1.0,RS41-SG,404.900,8.9,187,9,2.6,-1,-1
2024-04-14T00:39:06.999Z,V2841597,7509,45.23762,9.02843,30650.0,6.9,17.9,130.2,-51.8,1.1,-1.0,RS41-SG,404.900,8.9,187,9,2.6,-1,-1
2024-04-14T00:39:07.999Z,V2841597,7510,45.23752,9.02861,30656.1,5.5,17.8,126.0,-51.8,1.0,-1.0,RS41-SG,404.900,8.5,187,9,2.5,-1,-1
2024-04-14T00:39:08.999Z,V2841597,7511,45.23743,9.02880,30662.0,5.6,18.2,122.9,-51.8,1.0,-1.0,RS41-SG,404.900,8.7,187,9,2.5,-1,-1
2024-04-14T00:39:09.999Z,V2841597,7512,45.23733,9.02900,30667.9,6.5,19.5,122.9,-51.8,1.0,-1.0,RS41-SG,404.900,9.0,187,9,2.5,-1,-1
2024-04-14T00:39:11.999Z,V2841597,7514,45.23711,9.02943,30681.4,6.3,22.4,128.5,-51.8,1.0,-1.0,RS41-SG,404.900,9.7,187,9,2.6,-1,-1
2024-04-14T00:39:12.999Z,V2841597,7515,45.23698,9.02965,30686.9,4.9,23.0,130.8,-51.8,1.0,-1.0,RS41-SG,404.900,9.7,187,9,2.6,-1,-1
2024-04-14T00:39:13.999Z,V2841597,7516,45.23685,9.02987,30692.2,5.4,22.7,132.0,-51.7,1.0,-1.0,RS41-SG,404.900,8.7,187,9,2.5,-1,-1
2024-04-14T00:39:16.999Z,V2841597,7519,45.23646,9.03047,30710.7,5.2,19.8,132.2,-51.6,1.0,-1.0,RS41-SG,404.900,8.2,187,9,2.6,-1,-1
2024-04-14T00:39:17.999Z,V2841597,7520,45.23635,9.03065,30716.1,5.9,19.3,132.8,-51.6,1.1,-1.0,RS41-SG,404.900,8.2,187,9,2.6,-1,-1
2024-04-14T00:39:18.999Z,V2841597,7521,45.23623,9.03083,30722.5,6.8,19.9,134.0,-51.6,1.0,-1.0,RS41-SG,404.900,9.7,187,9,2.5,-1,-1
2024-04-14T00:39:19.999Z,V2841597,7522,45.23610,9.03101,30729.3,6.8,20.9,135.3,-51.6,1.0,-1.0,RS41-SG,404.900,9.7,187,9,2.5,-1,-1
2024-04-14T00:39:20.999Z,V2841597,7523,45.23596,9.03120,30735.3,5.2,21.7,135.5,-51.6,1.0,-1.0,RS41-SG,404.900,9.4,187,9,2.5,-1,-1
2024-04-14T00:39:21.999Z,V2841597,7524,45.23582,9.03140,30740.7,5.7,22.0,134.0,-51.6,1.0,-1.0,RS41-SG,404.900,9.4,187,9,2.6,-1,-1
2024-04-14T00:39:22.999Z,V2841597,7525,45.23569,9.03161,30746.8,6.4,21.8,131.2,-51.6,1.0,-1.0,RS41-SG,404.900,9.6,187,9,2.6,-1,-1
2024-04-14T00:39:24.999Z,V2841597,7527,45.23546,9.03202,30759.6,5.5,20.3,126.5,-51.6,1.0,-1.0,RS41-SG,404.900,9.9,187,9,2.5,-1,-1
2024-04-14T00:39:25.999Z,V2841597,7528,45.23535,9.03222,30765.3,5.9,19.7,127.0,-51.6,1.0,-1.0,RS41-SG,404.900,9.9,187,9,2.5,-1,-1
2024-04-14T00:39:26.999Z,V2841597,7529,45.23524,9.03242,30771.8,7.1,19.9,129.6,-51.6,1.1,-1.0,RS41-SG,404.900,9.5,187,9,2.6,-1,-1
2024-04-14T00:39:27.999Z,V2841597,7530,45.23512,9.03261,30778.3,6.1,20.3,133.3,-51.6,1.1,-1.0,RS41-SG,404.900,9.5,187,9,2.6,-1,-1
2024-04-14T00:39:28.999Z,V2841597,7531,45.23499,9.03280,30784.2,5.6,20.7,135.9,-51.7,1.0,-1.0,RS41-SG,404.900,9.5,187,9,2.5,-1,-1
2024-04-14T00:39:32.999Z,V2841597,7535,45.23450,9.03346,30809.7,6.6,17.0,132.1,-51.6,1.0,-1.0,RS41-SG,404.900,9.8,187,9,2.6,-1,-1
2024-04-14T00:39:33.999Z,V2841597,7536,45.23440,9.03362,30815.6,5.2,17.0,129.6,-51.6,1.1,-1.0,RS41-SG,404.900,9.8,187,9,2.6,-1,-1
2024-04-14T00:39:34.999Z,V2841597,7537,45.23431,9.03379,30821.0,5.4,17.6,127.6,-51.6,1.2,-1.0,RS41-SG,404.900,9.0,187,9,2.6,-1,-1
2024-04-14T00:39:35.999Z,V2841597,7538,45.23420,9.03398,30827.1,6.1,19.0,127.4,-51.5,1.0,-1.0,RS41-SG,404.900,9.6,187,9,2.5,-1,-1
2024-04-14T00:39:36.999Z,V2841597,7539,45.23409,9.03418,30833.8,6.7,20.6,128.3,-51.5,1.0,-1.0,RS41-SG,404.900,9.6,187,9,2.5,-1,-1
2024-04-14T00:39:40.999Z,V2841597,7543,45.23360,9.03500,30857.4,7.0,19.2,129.9,-51.6,1.1,-1.0,RS41-SG,404.900,7.6,187,9,2.6,-1,-1
2024-04-14T00:39:41.999Z,V2841597,7544,45.23350,9.03518,30864.1,6.4,17.0,126.9,-51.6,1.0,-1.0,RS41-SG,404.900,9.9,187,9,2.5,-1,-1
2024-04-14T00:39:45.999Z,V2841597,7548,45.23319,9.03580,30889.1,6.1,15.0,126.6,-51.8,1.1,-1.0,RS41-SG,404.900,8.6,187,9,2.6,-1,-1
2024-04-14T00:39:46.999Z,V2841597,7549,45.23311,9.03596,30894.8,4.9,15.8,128.0,-51.8,1.1,-1.0,RS41-SG,404.900,9.1,187,9,2.5,-1,-1
2024-04-14T00:39:47.999Z,V2841597,7550,45.23302,9.03612,30900.2,5.6,16.6,128.6,-51.9,1.0,-1.0,RS41-SG,404.900,9.1,187,9,2.5,-1,-1
2024-04-14T00:39:49.999Z,V2841597,7552,45.23283,9.03646,30913.3,6.7,17.2,125.9,-52.0,1.0,-1.0,RS41-SG,404.900,8.2,187,9,2.5,-1,-1
2024-04-14T00:39:51.999Z,V2841597,7554,45.23265,9.03683,30925.4,5.7,18.1,125.6,-52.0,1.1,-1.0,RS41-SG,404.900,8.4,187,9,2.6,-1,-1
2024-04-14T00:39:52.999Z,V2841597,7555,45.23255,9.03702,30931.4,5.8,18.9,127.0,-52.1,1.2,-1.0,RS41-SG,404.900,8.4,187,9,2.6,-1,-1
2024-04-14T00:39:53.999Z,V2841597,7556,45.23245,9.03721,30937.6,6.6,19.7,129.0,-52.1,1.1,-1.0,RS41-SG,404.900,8.8,187,9,2.5,-1,-1
2024-04-14T00:39:54.999Z,V2841597,7557,45.23233,9.03740,30944.4,6.5,20.0,130.6,-52.1,1.0,-1.0,RS41-SG,404.900,8.8,187,9,2.5,-1,-1
2024-04-14T00:39:55.999Z,V2841597,7558,45.23222,9.03759,30950.6,5.8,19.6,129.6,-52.1,1.1,-1.0,RS41-SG,404.900,8.8,187,9,2.5,-1,-1
2024-04-14T00:39:57.999Z,V2841597,7560,45.23202,9.03797,30963.0,6.9,16.8,120.1,-52.1,1.1,-1.0,RS41-SG,404.900,8.1,187,9,2.6,-1,-1
2024-04-14T00:40:00.999Z,V2841597,7563,45.23187,9.03851,30979.6,5.5,14.6,104.9,-52.1,1.1,-1.0,RS41-SG,404.900,8.8,187,9,2.5,-1,-1
2024-04-14T00:40:01.999Z,V2841597,7564,45.23183,9.03869,30985.9,7.0,15.0,110.1,-52.1,1.0,-1.0,RS41-SG,404.900,8.8,187,9,2.5,-1,-1
2024-04-14T00:40:02.999Z,V2841597,7565,45.23178,9.03887,30993.2,7.4,16.0,118.1,-52.1,1.1,-1.0,RS41-SG,404.900,8.3,187,9,2.6,-1,-1
2024-04-14T00:40:03.999Z,V2841597,7566,45.23170,9.03905,31000.0,6.1,17.3,124.3,-52.0,1.1,-1.0,RS41-SG,404.900,9.1,187,9,2.6,-1,-1
2024-04-14T00:40:04.999Z,V2841597,7567,45.23160,9.03923,31005.5,4.7,18.5,128.6,-52.0,1.1,-1.0,RS41-SG,404.900,9.1,187,9,2.5,-1,-1
2024-04-14T00:40:05.999Z,V2841597,7568,45.23149,9.03942,31010.6,5.6,19.4,130.4,-51.9,1.0,-1.0,RS41-SG,404.900,8.5,187,9,2.5,-1,-1
2024-04-14T00:40:10.999Z,V2841597,7573,45.23101,9.04034,31040.9,6.2,16.3,121.6,-51.8,1.1,-1.0,RS41-SG,404.900,8.9,187,9,2.6,-1,-1
2024-04-14T00:40:11.999Z,V2841597,7574,45.23093,9.04052,31047.5,6.7,16.1,122.2,-51.8,1.0,-1.0,RS41-SG,404.900,9.0,187,9,2.5,-1,-1
2024-04-14T00:40:18.999Z,V2841597,7581,45.23051,9.04166,31092.5,6.9,14.7,118.3,-51.8,1.0,-1.0,RS41-SG,404.900,8.5,187,9,2.5,-1,-1
2024-04-14T00:40:22.999Z,V2841597,7585,45.23014,9.04233,31116.7,6.8,17.8,130.8,-51.8,1.0,-1.0,RS41-SG,404.900,8.0,187,8,2.5,-1,-1
2024-04-14T00:40:27.999Z,V2841597,7590,45.22975,9.04317,31148.2,7.0,14.9,119.6,-51.8,1.1,-1.0,RS41-SG,404.900,8.8,187,9,2.6,-1,-1
2024-04-14T00:40:28.999Z,V2841597,7591,45.22968,9.04334,31155.0,6.4,15.3,121.9,-51.8,1.1,-1.0,RS41-SG,404.900,8.9,187,9,2.6,-1,-1
2024-04-14T00:40:33.999Z,V2841597,7596,45.22932,9.04418,31185.3,6.0,15.9,119.9,-51.9,1.1,-1.0,RS41-SG,404.900,9.5,187,9,2.6,-1,-1
2024-04-14T00:40:34.999Z,V2841597,7597,45.22924,9.04435,31191.6,6.6,16.5,121.1,-51.9,1.1,-1.0,RS41-SG,404.900,9.5,187,9,2.6,-1,-1
2024-04-14T00:40:35.999Z,V2841597,7598,45.22916,9.04453,31198.3,6.9,17.8,125.0,-51.9,1.0,-1.0,RS41-SG,404.900,9.4,187,9,2.5,-1,-1
2024-04-14T00:40:36.999Z,V2841597,7599,45.22906,9.04472,31205.1,6.4,19.2,128.8,-51.9,1.1,-1.0,RS41-SG,404.900,9.4,187,9,2.5,-1,-1
2024-04-14T00:40:37.999Z,V2841597,7600,45.22895,9.04491,31211.1,5.4,20.2,130.2,-51.9,1.0,-1.0,RS41-SG,404.900,8.8,187,9,2.5,-1,-1
2024-04-14T00:40:39.999Z,V2841597,7602,45.22872,9.04532,31221.6,5.7,20.8,126.9,-51.9,1.1,-1.0,RS41-SG,404.900,8.7,187,9,2.6,-1,-1
2024-04-14T00:40:42.999Z,V2841597,7605,45.22847,9.04596,31240.8,5.6,17.4,111.0,-51.9,1.0,-1.0,RS41-SG,404.900,8.8,187,9,2.5,-1,-1
2024-04-14T00:40:44.999Z,V2841597,7607,45.22837,9.04634,31251.5,5.5,14.4,112.1,-51.9,1.1,-1.0,RS41-SG,404.900,9.0,187,9,2.6,-1,-1
2024-04-14T00:40:45.999Z,V2841597,7608,45.22831,9.04650,31257.8,6.9,13.6,120.9,-51.9,1.0,-1.0,RS41-SG,404.900,9.0,187,9,2.5,-1,-1
2024-04-14T00:40:47.999Z,V2841597,7610,45.22815,9.04677,31270.6,4.8,15.0,137.5,-51.9,1.0,-1.0,RS41-SG,404.900,8.5,187,9,2.5,-1,-1
2024-04-14T00:40:48.999Z,V2841597,7611,45.22804,9.04690,31275.8,5.6,16.3,140.3,-51.9,1.0,-1.0,RS41-SG,404.900,8.5,187,9,2.5,-1,-1
2024-04-14T00:40:49.999Z,V2841597,7612,45.22793,9.04704,31282.3,7.2,17.1,137.9,-51.9,1.0,-1.0,RS41-SG,404.900,8.1,187,9,2.6,-1,-1
2024-04-14T00:40:51.999Z,V2841597,7614,45.22771,9.04736,31296.4,5.6,18.4,127.7,-51.9,1.1,-1.0,RS41-SG,404.900,7.8,187,9,2.6,-1,-1
2024-04-14T00:40:52.999Z,V2841597,7615,45.22762,9.04756,31302.2,5.1,19.1,123.1,-51.9,1.1,-1.0,RS41-SG,404.900,7.8,187,9,2.5,-1,-1
2024-04-14T00:40:53.999Z,V2841597,7616,45.22752,9.04777,31308.0,5.8,20.3,120.0,-51.8,1.0,-1.0,RS41-SG,404.900,8.0,187,9,2.5,-1,-1
2024-04-14T00:40:54.999Z,V2841597,7617,45.22743,9.04800,31314.5,7.0,21.0,120.4,-51.8,1.0,-1.0,RS41-SG,404.900,8.4,187,9,2.5,-1,-1
2024-04-14T00:40:56.999Z,V2841597,7619,45.22723,9.04845,31328.2,6.3,20.9,122.5,-51.8,1.0,-1.0,RS41-SG,404.900,9.8,187,9,2.6,-1,-1
2024-04-14T00:41:06.999Z,V2841597,7629,45.22626,9.05012,31394.1,7.8,19.1,134.3,-51.8,1.0,-1.0,RS41-SG,404.900,7.2,187,9,2.6,-1,-1
2024-04-14T00:41:07.999Z,V2841597,7630,45.22615,9.05030,31401.6,7.3,19.3,128.0,-51.7,1.1,-1.0,RS41-SG,404.900,8.9,187,9,2.6,-1,-1
2024-04-14T00:41:08.999Z,V2841597,7631,45.22605,9.05050,31407.9,5.3,19.5,123.3,-51.7,1.0,-1.0,RS41-SG,404.900,8.9,187,9,2.5,-1,-1
2024-04-14T00:41:09.999Z,V2841597,7632,45.22596,9.05071,31412.9,4.9,19.7,118.9,-51.7,1.0,-1.0,RS41-SG,404.900,8.1,187,9,2.5,-1,-1
2024-04-14T00:41:10.999Z,V2841597,7633,45.22587,9.05093,31418.3,5.8,19.5,117.5,-51.7,1.0,-1.0,RS41-SG,404.900,8.8,187,9,2.5,-1,-1
2024-04-14T00:41:11.999Z,V2841597,7634,45.22579,9.05115,31424.4,6.7,18.9,118.0,-51.6,1.0,-1.0,RS41-SG,404.900,8.8,187,9,2.5,-1,-1
2024-04-14T00:41:13.999Z,V2841597,7636,45.22563,9.05154,31438.8,7.6,17.2,124.6,-51.6,1.1,-1.0,RS41-SG,404.900,7.6,187,9,2.6,-1,-1
2024-04-14T00:41:15.999Z,V2841597,7638,45.22545,9.05187,31452.0,5.7,15.6,129.0,-51.5,1.0,-1.0,RS41-SG,404.900,8.5,187,8,2.5,-1,-1
2024-04-14T00:41:19.999Z,V2841597,7642,45.22514,9.05245,31478.0,6.5,14.0,124.4,-51.1,1.0,-1.0,RS41-SG,404.900,8.3,187,9,2.6,-1,-1
2024-04-14T00:41:22.999Z,V2841597,7645,45.22487,9.05292,31498.2,6.7,18.8,135.3,-51.0,0.9,-1.0,RS41-SG,404.900,7.7,187,9,2.5,-1,-1
2024-04-14T00:41:29.999Z,V2841597,7652,45.22397,9.05423,31541.5,5.1,16.9,121.7,-50.4,0.9,-1.0,RS41-SG,404.900,7.4,187,9,2.6,-1,-1
2024-04-14T00:41:30.999Z,V2841597,7653,45.22389,9.05441,31546.6,5.0,15.9,119.8,-50.3,1.0,-1.0,RS41-SG,404.900,7.9,187,9,2.6,-1,-1
2024-04-14T00:41:31.999Z,V2841597,7654,45.22382,9.05458,31552.3,6.0,15.6,122.0,-50.2,0.9,-1.0,RS41-SG,404.900,8.6,187,9,2.5,-1,-1
2024-04-14T00:41:34.999Z,V2841597,7657,45.22352,9.05506,31572.3,5.5,18.5,139.7,-49.9,0.9,-1.0,RS41-SG,404.900,7.2,187,9,2.6,-1,-1
2024-04-14T00:41:40.999Z,V2841597,7663,45.22277,9.05592,31610.8,6.0,16.2,130.4,-49.6,1.1,-1.0,RS41-SG,404.900,7.4,187,9,2.6,-1,-1
2024-04-14T00:41:43.999Z,V2841597,7666,45.22250,9.05646,31630.4,5.8,18.6,122.4,-49.4,0.8,-1.0,RS41-SG,404.900,8.7,187,9,2.5,-1,-1
2024-04-14T00:41:46.999Z,V2841597,7669,45.22224,9.05701,31651.9,7.1,15.5,126.7,-49.3,0.9,-1.0,RS41-SG,404.900,8.7,187,9,2.6,-1,-1
2024-04-14T00:41:50.999Z,V2841597,7673,45.22184,9.05750,31676.9,7.0,17.0,149.7,-49.3,0.9,-1.0,RS41-SG,404.900,8.5,187,9,2.5,-1,-1
2024-04-14T00:41:53.999Z,V2841597,7676,45.22142,9.05788,31696.4,7.0,19.0,143.5,-49.2,1.0,-1.0,RS41-SG,404.900,7.7,187,9,2.6,-1,-1
2024-04-14T00:41:56.999Z,V2841597,7679,45.22109,9.05835,31717.1,5.4,16.1,125.7,-49.1,0.9,-1.0,RS41-SG,404.900,7.4,187,9,2.5,-1,-1
2024-04-14T00:41:57.999Z,V2841597,7680,45.22101,9.05852,31722.3,5.4,15.9,120.6,-49.1,0.9,-1.0,RS41-SG,404.900,7.6,187,9,2.6,-1,-1
2024-04-14T00:41:58.999Z,V2841597,7681,45.22094,9.05869,31728.4,6.8,16.5,118.9,-49.1,0.9,-1.0,RS41-SG,404.900,7.7,187,9,2.6,-1,-1
2024-04-14T00:41:59.999Z,V2841597,7682,45.22087,9.05888,31735.6,7.6,17.5,121.5,-49.0,0.9,-1.0,RS41-SG,404.900,8.5,187,9,2.5,-1,-1
2024-04-14T00:42:01.999Z,V2841597,7684,45.22068,9.05925,31749.0,6.7,18.2,131.2,-49.0,0.9,-1.0,RS41-SG,404.900,9.3,187,9,2.5,-1,-1
2024-04-14T00:42:03.999Z,V2841597,7686,45.22045,9.05955,31763.5,7.0,16.2,142.1,-48.8,0.9,-1.0,RS41-SG,404.900,8.9,187,9,2.6,-1,-1
2024-04-14T00:42:04.999Z,V2841597,7687,45.22034,9.05967,31769.7,5.5,15.2,145.7,-48.7,0.9,-1.0,RS41-SG,404.900,8.7,187,9,2.5,-1,-1
2024-04-14T00:42:05.999Z,V2841597,7688,45.22023,9.05977,31775.4,5.9,14.6,147.5,-48.7,0.8,-1.0,RS41-SG,404.900,8.7,187,9,2.5,-1,-1
2024-04-14T00:42:06.999Z,V2841597,7689,45.22012,9.05987,31782.0,7.0,14.8,146.2,-48.6,0.9,-1.0,RS41-SG,404.900,9.0,187,9,2.5,-1,-1
2024-04-14T00:42:07.999Z,V2841597,7690,45.22001,9.05998,31789.1,7.5,15.4,142.7,-48.6,0.8,-1.0,RS41-SG,404.900,9.4,187,9,2.6,-1,-1
2024-04-14T00:42:08.999Z,V2841597,7691,45.21990,9.06011,31796.1,6.8,15.8,137.2,-48.5,0.9,-1.0,RS41-SG,404.900,9.4,187,9,2.6,-1,-1
2024-04-14T00:42:09.999Z,V2841597,7692,45.21980,9.06026,31802.5,6.3,15.8,129.6,-48.5,0.9,-1.0,RS41-SG,404.900,9.2,187,9,2.5,-1,-1
2024-04-14T00:42:10.999Z,V2841597,7693,45.21972,9.06042,31809.0,6.5,15.4,120.5,-48.4,0.8,-1.0,RS41-SG,404.900,8.4,187,9,2.5,-1,-1
2024-04-14T00:42:11.999Z,V2841597,7694,45.21966,9.06059,31815.5,6.4,14.8,113.1,-48.3,0.9,-1.0,RS41-SG,404.900,8.7,187,9,2.5,-1,-1
2024-04-14T00:42:12.999Z,V2841597,7695,45.21962,9.06076,31821.7,5.8,14.1,108.0,-48.3,0.9,-1.0,RS41-SG,404.900,9.1,187,9,2.6,-1,-1
2024-04-14T00:42:13.999Z,V2841597,7696,45.21958,9.06092,31827.3,5.6,13.7,107.8,-48.3,0.9,-1.0,RS41-SG,404.900,9.5,187,9,2.6,-1,-1
2024-04-14T00:42:14.999Z,V2841597,7697,45.21954,9.06109,31833.6,6.7,13.6,112.5,-48.3,0.9,-1.0,RS41-SG,404.900,9.5,187,9,2.5,-1,-1
2024-04-14T00:42:15.999Z,V2841597,7698,45.21948,9.06124,31840.7,7.5,14.2,121.3,-48.3,0.8,-1.0,RS41-SG,404.900,10.0,187,9,2.5,-1,-1
2024-04-14T00:42:16.999Z,V2841597,7699,45.21940,9.06140,31847.8,6.6,15.2,127.9,-48.3,0.9,-1.0,RS41-SG,404.900,10.0,187,9,2.5,-1,-1
2024-04-14T00:42:17.999Z,V2841597,7700,45.21931,9.06154,31853.9,5.7,15.7,134.7,-48.3,0.8,-1.0,RS41-SG,404.900,10.0,187,9,2.6,-1,-1
2024-04-14T00:42:18.999Z,V2841597,7701,45.21921,9.06168,31859.9,6.5,15.7,140.0,-48.3,0.9,-1.0,RS41-SG,404.900,9.6,187,9,2.6,-1,-1
2024-04-14T00:42:19.999Z,V2841597,7702,45.21910,9.06180,31866.9,7.4,14.7,143.5,-48.3,0.9,-1.0,RS41-SG,404.900,9.6,187,9,2.5,-1,-1
2024-04-14T00:42:20.999Z,V2841597,7703,45.21900,9.06190,31874.0,6.8,13.0,144.3,-48.4,0.9,-1.0,RS41-SG,404.900,10.4,187,9,2.5,-1,-1
2024-04-14T00:42:21.999Z,V2841597,7704,45.21892,9.06199,31880.3,5.6,11.5,141.5,-48.4,0.9,-1.0,RS41-SG,404.900,10.4,187,9,2.5,-1,-1
2024-04-14T00:42:22.999Z,V2841597,7705,45.21884,9.06209,31886.3,6.1,10.9,133.9,-48.4,0.9,-1.0,RS41-SG,404.900,10.1,187,9,2.5,-1,-1
2024-04-14T00:42:23.999Z,V2841597,7706,45.21878,9.06220,31892.8,6.9,11.4,124.4,-48.4,0.9,-1.0,RS41-SG,404.900,9.5,187,9,2.6,-1,-1
2024-04-14T00:42:24.999Z,V2841597,7707,45.21873,9.06233,31899.7,7.2,12.7,115.7,-48.4,0.9,-1.0,RS41-SG,404.900,10.5,187,9,2.6,-1,-1
2024-04-14T00:42:25.999Z,V2841597,7708,45.21868,9.06248,31906.3,5.7,14.1,112.0,-48.4,0.9,-1.0,RS41-SG,404.900,10.5,187,9,2.6,-1,-1
2024-04-14T00:42:26.999Z,V2841597,7709,45.21863,9.06266,31912.0,5.3,14.7,107.7,-48.5,0.9,-1.0,RS41-SG,404.900,10.2,187,9,2.5,-1,-1
2024-04-14T00:42:27.999Z,V2841597,7710,45.21860,9.06283,31917.9,5.9,14.6,103.6,-48.5,0.9,-1.0,RS41-SG,404.900,10.3,187,9,2.5,-1,-1
2024-04-14T00:42:28.999Z,V2841597,7711,45.21857,9.06301,31924.4,7.0,13.9,101.9,-48.5,0.9,-1.0,RS41-SG,404.900,10.3,187,9,2.5,-1,-1
2024-04-14T00:42:29.999Z,V2841597,7712,45.21855,9.06317,31931.3,7.1,12.6,102.0,-48.5,0.9,-1.0,RS41-SG,404.900,9.9,187,8,2.5,-1,-1
2024-04-14T00:42:30.999Z,V2841597,7713,45.21852,9.06332,31937.9,6.5,11.7,105.8,-48.4,0.9,-1.0,RS41-SG,404.900,9.6,187,9,2.6,-1,-1
2024-04-14T00:42:31.999Z,V2841597,7714,45.21849,9.06346,31944.6,6.8,11.4,114.0,-48.5,0.9,-1.0,RS41-SG,404.900,10.6,187,9,2.6,-1,-1
2024-04-14T00:42:33.999Z,V2841597,7716,45.21836,9.06372,31958.4,6.3,14.0,130.8,-48.4,0.9,-1.0,RS41-SG,404.900,9.2,187,9,2.5,-1,-1
2024-04-14T00:42:35.999Z,V2841597,7718,45.21817,9.06401,31969.3,5.4,16.8,132.4,-48.3,0.9,-1.0,RS41-SG,404.900,10.5,187,9,2.6,-1,-1
2024-04-14T00:42:37.999Z,V2841597,7720,45.21800,9.06435,31983.1,7.9,16.2,119.2,-48.2,0.8,-1.0,RS41-SG,404.900,10.2,187,9,2.5,-1,-1
2024-04-14T00:42:39.999Z,V2841597,7722,45.21789,9.06472,31996.1,5.3,15.9,103.6,-48.1,0.9,-1.0,RS41-SG,404.900,10.9,187,9,2.5,-1,-1
2024-04-14T00:42:40.999Z,V2841597,7723,45.21787,9.06493,32001.6,5.6,16.7,98.2,-48.0,0.8,-1.0,RS41-SG,404.900,10.9,187,9,2.6,-1,-1
2024-04-14T00:42:41.999Z,V2841597,7724,45.21785,9.06514,32007.9,7.1,17.8,97.2,-47.9,0.8,-1.0,RS41-SG,404.900,11.9,187,9,2.6,-1,-1
2024-04-14T00:42:42.999Z,V2841597,7725,45.21782,9.06537,32015.0,6.8,18.5,98.6,-47.8,0.8,-1.0,RS41-SG,404.900,11.9,187,9,2.5,-1,-1
2024-04-14T00:42:43.999Z,V2841597,7726,45.21780,9.06560,32021.5,5.5,18.6,100.6,-47.7,0.8,-1.0,RS41-SG,404.900,10.8,187,9,2.5,-1,-1
2024-04-14T00:42:44.999Z,V2841597,7727,45.21776,9.06583,32027.6,6.1,18.2,104.1,-47.6,0.8,-1.0,RS41-SG,404.900,10.5,187,9,2.5,-1,-1
2024-04-14T00:42:45.999Z,V2841597,7728,45.21772,9.06604,32034.3,7.5,16.8,107.9,-47.5,0.8,-1.0,RS41-SG,404.900,11.6,187,9,2.6,-1,-1
2024-04-14T00:42:46.999Z,V2841597,7729,45.21767,9.06623,32041.3,7.3,15.0,110.4,-47.4,0.9,-1.0,RS41-SG,404.900,11.6,187,9,2.6,-1,-1
2024-04-14T00:42:47.999Z,V2841597,7730,45.21762,9.06640,32047.7,5.3,13.5,112.3,-47.4,0.8,-1.0,RS41-SG,404.900,11.2,187,9,2.5,-1,-1
2024-04-14T00:42:48.999Z,V2841597,7731,45.21758,9.06655,32053.2,5.6,12.7,115.4,-47.4,0.8,-1.0,RS41-SG,404.900,9.9,187,9,2.5,-1,-1
2024-04-14T00:42:49.999Z,V2841597,7732,45.21752,9.06670,32059.7,7.3,13.0,119.6,-47.3,0.8,-1.0,RS41-SG,404.900,11.0,187,9,2.5,-1,-1
2024-04-14T00:42:50.999Z,V2841597,7733,45.21746,9.06685,32066.8,7.3,14.2,120.4,-47.3,0.8,-1.0,RS41-SG,404.900,11.0,187,9,2.6,-1,-1
2024-04-14T00:42:51.999Z,V2841597,7734,45.21740,9.06701,32073.2,5.6,15.4,119.9,-47.3,1.0,-1.0,RS41-SG,404.900,10.5,187,9,2.6,-1,-1
2024-04-14T00:42:52.999Z,V2841597,7735,45.21733,9.06718,32078.9,5.6,16.3,117.5,-47.3,0.8,-1.0,RS41-SG,404.900,9.8,187,9,2.5,-1,-1
2024-04-14T00:42:53.999Z,V2841597,7736,45.21726,9.06737,32085.3,6.8,16.6,113.0,-47.1,0.8,-1.0,RS41-SG,404.900,9.8,187,9,2.5,-1,-1
2024-04-14T00:42:54.999Z,V2841597,7737,45.21721,9.06757,32092.0,6.7,16.5,108.4,-47.0,0.8,-1.0,RS41-SG,404.900,8.7,187,9,2.5,-1,-1
2024-04-14T00:42:55.999Z,V2841597,7738,45.21717,9.06777,32098.2,5.9,16.4,105.0,-47.0,0.8,-1.0,RS41-SG,404.900,8.7,187,8,2.6,-1,-1
2024-04-14T00:42:56.999Z,V2841597,7739,45.21713,9.06797,32104.5,6.5,16.6,104.7,-46.9,0.8,-1.0,RS41-SG,404.900,10.9,187,9,2.6,-1,-1
2024-04-14T00:42:57.999Z,V2841597,7740,45.21709,9.06818,32111.5,7.4,17.1,106.5,-46.9,0.8,-1.0,RS41-SG,404.900,11.2,187,9,2.5,-1,-1
2024-04-14T00:42:58.999Z,V2841597,7741,45.21704,9.06838,32118.9,7.1,17.6,110.5,-46.8,0.8,-1.0,RS41-SG,404.900,11.2,187,9,2.5,-1,-1
2024-04-14T00:42:59.999Z,V2841597,7742,45.21698,9.06859,32125.3,5.6,17.9,114.5,-46.7,0.7,-1.0,RS41-SG,404.900,10.9,187,9,2.5,-1,-1
2024-04-14T00:43:00.999Z,V2841597,7743,45.21691,9.06879,32131.0,5.6,17.6,118.0,-46.7,0.8,-1.0,RS41-SG,404.900,10.4,187,9,2.6,-1,-1
2024-04-14T00:43:01.999Z,V2841597,7744,45.21684,9.06898,32137.1,6.6,16.6,121.2,-46.7,0.8,-1.0,RS41-SG,404.900,10.0,187,9,2.6,-1,-1
2024-04-14T00:43:02.999Z,V2841597,7745,45.21676,9.06915,32143.9,6.8,15.1,123.1,-46.7,0.8,-1.0,RS41-SG,404.900,10.0,187,9,2.5,-1,-1
2024-04-14T00:43:03.999Z,V2841597,7746,45.21669,9.06930,32150.1,5.6,13.9,123.7,-46.6,0.8,-1.0,RS41-SG,404.900,10.3,187,9,2.5,-1,-1
2024-04-14T00:43:04.999Z,V2841597,7747,45.21662,9.06945,32155.9,5.7,13.3,124.8,-46.6,0.8,-1.0,RS41-SG,404.900,10.4,187,9,2.5,-1,-1
2024-04-14T00:43:05.999Z,V2841597,7748,45.21655,9.06959,32161.9,6.3,13.6,125.8,-46.5,0.8,-1.0,RS41-SG,404.900,10.4,187,9,2.6,-1,-1
2024-04-14T00:43:06.999Z,V2841597,7749,45.21648,9.06973,32168.4,6.9,14.6,127.0,-46.5,0.9,-1.0,RS41-SG,404.900,9.7,187,9,2.6,-1,-1
2024-04-14T00:43:07.999Z,V2841597,7750,45.21639,9.06988,32175.3,7.0,16.0,127.7,-46.4,0.8,-1.0,RS41-SG,404.900,9.2,187,9,2.5,-1,-1
2024-04-14T00:43:08.999Z,V2841597,7751,45.21631,9.07005,32181.4,5.2,16.8,126.4,-46.3,0.8,-1.0,RS41-SG,404.900,10.0,187,9,2.5,-1,-1
2024-04-14T00:43:09.999Z,V2841597,7752,45.21622,9.07022,32186.8,5.4,16.9,124.8,-46.2,0.7,-1.0,RS41-SG,404.900,10.0,187,9,2.5,-1,-1
2024-04-14T00:43:10.999Z,V2841597,7753,45.21613,9.07040,32192.8,6.5,16.4,121.8,-46.0,0.8,-1.0,RS41-SG,404.900,8.7,187,9,2.6,-1,-1
2024-04-14T00:43:12.999Z,V2841597,7755,45.21601,9.07074,32206.1,5.7,13.9,114.8,-45.9,0.7,-1.0,RS41-SG,404.900,9.6,187,9,2.5,-1,-1
2024-04-14T00:43:13.999Z,V2841597,7756,45.21596,9.07089,32211.6,5.0,13.1,112.6,-45.8,0.8,-1.0,RS41-SG,404.900,10.3,187,9,2.5,-1,-1
2024-04-14T00:43:14.999Z,V2841597,7757,45.21591,9.07104,32217.2,5.8,12.9,114.8,-45.8,0.8,-1.0,RS41-SG,404.900,10.3,187,9,2.5,-1,-1
2024-04-14T00:43:15.999Z,V2841597,7758,45.21586,9.07119,32223.5,6.8,13.6,119.3,-45.7,0.8,-1.0,RS41-SG,404.900,9.2,187,9,2.6,-1,-1
2024-04-14T00:43:16.999Z,V2841597,7759,45.21579,9.07135,32230.1,6.6,15.0,123.4,-45.7,0.9,-1.0,RS41-SG,404.900,10.0,187,9,2.6,-1,-1
2024-04-14T00:43:17.999Z,V2841597,7760,45.21571,9.07151,32236.4,5.9,16.3,127.1,-45.6,0.8,-1.0,RS41-SG,404.900,10.0,187,9,2.5,-1,-1
2024-04-14T00:43:18.999Z,V2841597,7761,45.21562,9.07168,32242.0,5.3,17.3,128.8,-45.6,0.7,-1.0,RS41-SG,404.900,9.0,187,9,2.5,-1,-1
2024-04-14T00:43:19.999Z,V2841597,7762,45.21552,9.07185,32247.4,5.6,17.5,128.0,-45.6,0.8,-1.0,RS41-SG,404.900,9.1,187,9,2.5,-1,-1
2024-04-14T00:43:21.999Z,V2841597,7764,45.21535,9.07220,32259.9,6.9,15.9,119.1,-45.5,0.8,-1.0,RS41-SG,404.900,8.8,187,9,2.6,-1,-1
2024-04-14T00:43:22.999Z,V2841597,7765,45.21529,9.07238,32266.2,5.9,15.3,113.1,-45.5,0.7,-1.0,RS41-SG,404.900,10.1,187,9,2.5,-1,-1
2024-04-14T00:43:23.999Z,V2841597,7766,45.21524,9.07256,32271.8,4.9,15.1,108.6,-45.5,0.7,-1.0,RS41-SG,404.900,10.1,187,9,2.5,-1,-1
2024-04-14T00:43:24.999Z,V2841597,7767,45.21520,9.07275,32277.0,5.3,15.6,105.8,-45.4,0.7,-1.0,RS41-SG,404.900,10.3,187,9,2.5,-1,-1
2024-04-14T00:43:25.999Z,V2841597,7768,45.21516,9.07294,32282.8,6.2,16.4,107.8,-45.4,0.8,-1.0,RS41-SG,404.900,10.3,187,9,2.6,-1,-1
2024-04-14T00:43:26.999Z,V2841597,7769,45.21511,9.07314,32289.4,6.9,17.7,113.0,-45.3,0.8,-1.0,RS41-SG,404.900,9.0,187,9,2.6,-1,-1
2024-04-14T00:43:27.999Z,V2841597,7770,45.21503,9.07335,32296.1,6.5,19.0,118.5,-45.3,0.7,-1.0,RS41-SG,404.900,8.8,187,9,2.5,-1,-1
2024-04-14T00:43:28.999Z,V2841597,7771,45.21494,9.07356,32302.4,5.4,20.1,122.8,-45.2,0.7,-1.0,RS41-SG,404.900,8.8,187,9,2.5,-1,-1
2024-04-14T00:43:29.999Z,V2841597,7772,45.21484,9.07378,32307.9,5.0,20.6,125.6,-45.2,0.7,-1.0,RS41-SG,404.900,9.4,187,9,2.5,-1,-1
2024-04-14T00:43:30.999Z,V2841597,7773,45.21473,9.07398,32313.2,5.8,20.2,126.4,-45.2,0.8,-1.0,RS41-SG,404.900,9.4,187,9,2.6,-1,-1
2024-04-14T00:43:31.999Z,V2841597,7774,45.21463,9.07419,32319.4,6.4,19.2,124.7,-45.1,0.8,-1.0,RS41-SG,404.900,8.6,187,9,2.6,-1,-1
2024-04-14T00:43:33.999Z,V2841597,7776,45.21447,9.07457,32333.0,6.3,16.3,113.8,-45.1,0.7,-1.0,RS41-SG,404.900,8.9,187,9,2.5,-1,-1
2024-04-14T00:43:34.999Z,V2841597,7777,45.21442,9.07476,32338.9,5.3,15.4,108.2,-45.0,0.7,-1.0,RS41-SG,404.900,9.5,187,9,2.5,-1,-1
2024-04-14T00:43:35.999Z,V2841597,7778,45.21438,9.07495,32344.0,5.0,15.5,104.3,-45.0,0.7,-1.0,RS41-SG,404.900,9.5,187,9,2.6,-1,-1
2024-04-14T00:43:36.999Z,V2841597,7779,45.21435,9.07514,32349.3,5.5,16.3,104.6,-45.0,0.8,-1.0,RS41-SG,404.900,8.9,187,9,2.6,-1,-1
2024-04-14T00:43:37.999Z,V2841597,7780,45.21431,9.07535,32355.4,6.5,17.5,108.4,-44.9,0.7,-1.0,RS41-SG,404.900,9.1,187,9,2.5,-1,-1
2024-04-14T00:43:38.999Z,V2841597,7781,45.21425,9.07556,32362.3,6.5,18.9,113.6,-44.9,0.7,-1.0,RS41-SG,404.900,9.1,187,9,2.5,-1,-1
2024-04-14T00:43:40.999Z,V2841597,7783,45.21408,9.07601,32373.7,4.8,21.2,120.9,-44.9,0.7,-1.0,RS41-SG,404.900,9.2,187,9,2.6,-1,-1
2024-04-14T00:43:42.999Z,V2841597,7785,45.21388,9.07647,32385.3,6.8,20.4,119.3,-44.9,0.7,-1.0,RS41-SG,404.900,8.4,187,9,2.5,-1,-1
2024-04-14T00:43:43.999Z,V2841597,7786,45.21380,9.07669,32392.4,7.2,19.1,115.0,-44.9,0.8,-1.0,RS41-SG,404.900,8.5,187,9,2.5,-1,-1
2024-04-14T00:43:44.999Z,V2841597,7787,45.21374,9.07691,32398.7,5.3,18.0,109.7,-44.9,0.7,-1.0,RS41-SG,404.900,8.5,187,8,2.5,-1,-1
2024-04-14T00:43:45.999Z,V2841597,7788,45.21369,9.07712,32403.6,4.7,17.4,105.3,-44.9,0.7,-1.0,RS41-SG,404.900,9.2,187,9,2.6,-1,-1
2024-04-14T00:43:46.999Z,V2841597,7789,45.21365,9.07733,32408.7,5.7,17.2,103.0,-44.9,0.8,-1.0,RS41-SG,404.900,9.2,187,9,2.6,-1,-1
2024-04-14T00:43:47.999Z,V2841597,7790,45.21362,9.07755,32414.9,6.8,17.6,103.3,-44.8,0.7,-1.0,RS41-SG,404.900,8.8,187,9,2.5,-1,-1
2024-04-14T00:43:48.999Z,V2841597,7791,45.21358,9.07777,32421.7,6.4,18.1,105.3,-44.8,0.8,-1.0,RS41-SG,404.900,8.6,187,9,2.5,-1,-1
2024-04-14T00:43:49.999Z,V2841597,7792,45.21353,9.07799,32427.9,5.6,18.7,107.3,-44.8,0.8,-1.0,RS41-SG,404.900,9.7,187,9,2.5,-1,-1
2024-04-14T00:43:50.999Z,V2841597,7793,45.21348,9.07822,32433.9,6.0,19.4,107.5,-44.8,0.8,-1.0,RS41-SG,404.900,9.7,187,9,2.6,-1,-1
2024-04-14T00:43:51.999Z,V2841597,7794,45.21343,9.07846,32440.1,6.8,20.0,106.7,-44.8,0.8,-1.0,RS41-SG,404.900,8.7,187,9,2.6,-1,-1
2024-04-14T00:43:52.999Z,V2841597,7795,45.21338,9.07870,32446.9,6.7,20.3,104.6,-44.8,0.8,-1.0,RS41-SG,404.900,8.7,187,9,2.5,-1,-1
2024-04-14T00:43:53.999Z,V2841597,7796,45.21334,9.07896,32453.1,5.4,20.6,102.3,-44.7,0.7,-1.0,RS41-SG,404.900,8.6,187,9,2.5,-1,-1
2024-04-14T00:43:54.999Z,V2841597,7797,45.21330,9.07921,32458.4,4.9,20.7,101.6,-44.7,0.7,-1.0,RS41-SG,404.900,9.4,187,9,2.5,-1,-1
2024-04-14T00:43:55.999Z,V2841597,7798,45.21326,9.07947,32463.6,5.6,20.8,102.6,-44.7,0.8,-1.0,RS41-SG,404.900,10.3,187,9,2.6,-1,-1
2024-04-14T00:43:56.999Z,V2841597,7799,45.21322,9.07972,32469.4,6.1,20.7,105.5,-44.7,0.8,-1.0,RS41-SG,404.900,10.3,187,9,2.6,-1,-1
2024-04-14T00:43:57.999Z,V2841597,7800,45.21316,9.07997,32475.8,6.4,20.4,108.3,-44.6,0.7,-1.0,RS41-SG,404.900,9.5,187,9,2.5,-1,-1
2024-04-14T00:43:58.999Z,V2841597,7801,45.21310,9.08021,32482.5,6.6,20.0,110.5,-44.6,0.7,-1.0,RS41-SG,404.900,8.8,187,9,2.5,-1,-1
2024-04-14T00:43:59.999Z,V2841597,7802,45.21304,9.08045,32489.3,6.7,19.7,110.6,-44.5,0.7,-1.0,RS41-SG,404.900,9.2,187,9,2.5,-1,-1
2024-04-14T00:44:01.999Z,V2841597,7804,45.21294,9.08092,32502.4,6.6,19.4,101.0,-44.4,0.8,-1.0,RS41-SG,404.900,8.9,187,9,2.6,-1,-1
2024-04-14T00:44:02.999Z,V2841597,7805,45.21292,9.08117,32508.7,5.9,19.9,92.0,-44.3,0.7,-1.0,RS41-SG,404.900,8.9,187,9,2.5,-1,-1
2024-04-14T00:44:03.999Z,V2841597,7806,45.21293,9.08143,32514.5,5.6,21.2,84.9,-44.3,0.7,-1.0,RS41-SG,404.900,8.0,187,8,2.5,-1,-1
2024-04-14T00:44:04.999Z,V2841597,7807,45.21295,9.08170,32519.9,5.1,22.6,80.2,-44.2,0.7,-1.0,RS41-SG,404.900,8.9,187,9,2.5,-1,-1
2024-04-14T00:44:05.999Z,V2841597,7808,45.21299,9.08199,32525.0,5.4,24.3,79.3,-44.2,0.7,-1.0,RS41-SG,404.900,9.0,187,9,2.6,-1,-1
2024-04-14T00:44:06.999Z,V2841597,7809,45.21303,9.08230,32531.2,6.6,25.5,83.1,-44.1,0.8,-1.0,RS41-SG,404.900,9.5,187,9,2.6,-1,-1
2024-04-14T00:44:07.999Z,V2841597,7810,45.21304,9.08263,32538.0,7.2,26.3,89.4,-44.0,0.7,-1.0,RS41-SG,404.900,9.5,187,9,2.5,-1,-1
2024-04-14T00:44:08.999Z,V2841597,7811,45.21303,9.08296,32545.2,6.8,26.7,97.2,-43.9,0.7,-1.0,RS41-SG,404.900,9.3,187,9,2.5,-1,-1
2024-04-14T00:44:09.999Z,V2841597,7812,45.21298,9.08329,32551.7,6.1,26.5,104.7,-43.9,0.7,-1.0,RS41-SG,404.900,9.3,187,9,2.5,-1,-1
2024-04-14T00:44:11.999Z,V2841597,7814,45.21281,9.08389,32562.4,4.9,24.2,118.7,-43.9,0.7,-1.0,RS41-SG,404.900,9.0,187,9,2.6,-1,-1
2024-04-14T00:44:12.999Z,V2841597,7815,45.21271,9.08414,32567.7,5.4,21.6,122.4,-43.9,0.7,-1.0,RS41-SG,404.900,9.0,187,9,2.5,-1,-1
2024-04-14T00:44:21.000Z,V2841597,7823,45.21255,9.08599,32613.4,6.1,26.9,94.6,-43.9,0.7,-1.0,RS41-SG,404.900,7.7,187,9,2.6,-1,-1
2024-04-14T00:44:23.000Z,V2841597,7825,45.21246,9.08667,32625.3,5.7,26.8,107.4,-43.8,0.7,-1.0,RS41-SG,404.900,7.9,187,9,2.5,-1,-1
2024-04-14T00:44:25.000Z,V2841597,7827,45.21229,9.08724,32637.9,6.7,21.7,117.5,-43.8,0.7,-1.0,RS41-SG,404.900,8.1,187,9,2.5,-1,-1
2024-04-14T00:44:28.000Z,V2841597,7830,45.21207,9.08784,32653.3,4.7,14.9,115.1,-43.8,0.7,-1.0,RS41-SG,404.900,7.0,187,9,2.5,-1,-1
2024-04-14T00:44:42.000Z,V2841597,7844,45.21138,9.09147,32738.3,5.4,20.9,127.4,-43.6,0.8,-1.0,RS41-SG,404.900,8.5,187,9,2.6,-1,-1
2024-04-14T00:44:48.000Z,V2841597,7850,45.21096,9.09276,32773.1,4.4,19.2,94.5,-43.6,0.7,-1.0,RS41-SG,404.900,8.4,187,9,2.5,-1,-1
2024-04-14T00:44:49.000Z,V2841597,7851,45.21095,9.09301,32777.9,5.1,20.3,94.9,-43.5,0.7,-1.0,RS41-SG,404.900,8.4,187,9,2.5,-1,-1
2024-04-14T00:44:55.000Z,V2841597,7857,45.21052,9.09470,32813.6,6.9,24.0,117.8,-43.5,0.7,-1.0,RS41-SG,404.900,7.3,187,9,2.5,-1,-1
2024-04-14T00:44:59.000Z,V2841597,7861,45.21024,9.09572,32836.7,5.0,20.6,104.0,-43.5,0.7,-1.0,RS41-SG,404.900,8.4,187,9,2.5,-1,-1
2024-04-14T00:45:01.000Z,V2841597,7863,45.21015,9.09624,32849.2,7.2,22.0,104.5,-43.5,0.7,-1.0,RS41-SG,404.900,8.7,187,9,2.6,-1,-1
2024-04-14T00:45:02.000Z,V2841597,7864,45.21010,9.09651,32855.8,6.2,22.9,106.1,-43.5,0.8,-1.0,RS41-SG,404.900,8.5,187,9,2.6,-1,-1
2024-04-14T00:45:03.000Z,V2841597,7865,45.21004,9.09679,32861.5,5.6,23.9,107.3,-43.6,0.7,-1.0,RS41-SG,404.900,8.1,187,9,2.5,-1,-1
2024-04-14T00:45:05.000Z,V2841597,7867,45.20990,9.09738,32872.4,5.7,24.7,107.8,-43.6,0.7,-1.0,RS41-SG,404.900,8.3,187,9,2.5,-1,-1
2024-04-14T00:45:06.000Z,V2841597,7868,45.20984,9.09768,32878.9,7.1,24.1,107.2,-43.7,0.7,-1.0,RS41-SG,404.900,9.0,187,9,2.6,-1,-1
2024-04-14T00:45:08.000Z,V2841597,7870,45.20972,9.09823,32892.4,6.1,21.4,108.6,-43.7,0.7,-1.0,RS41-SG,404.900,9.5,187,9,2.5,-1,-1
2024-04-14T00:45:09.000Z,V2841597,7871,45.20965,9.09847,32898.4,5.2,19.8,111.4,-43.7,0.7,-1.0,RS41-SG,404.900,9.5,187,9,2.5,-1,-1
2024-04-14T00:45:10.000Z,V2841597,7872,45.20958,9.09869,32904.0,5.9,18.3,117.0,-43.8,0.7,-1.0,RS41-SG,404.900,8.5,187,9,2.5,-1,-1
2024-04-14T00:45:11.000Z,V2841597,7873,45.20950,9.09889,32909.9,6.1,17.5,123.9,-43.8,0.7,-1.0,RS41-SG,404.900,8.4,187,9,2.6,-1,-1
2024-04-14T00:45:13.000Z,V2841597,7875,45.20932,9.09925,32921.2,5.5,17.5,127.2,-43.6,0.7,-1.0,RS41-SG,404.900,6.8,187,9,2.5,-1,-1
2024-04-14T00:45:14.000Z,V2841597,7876,45.20923,9.09943,32927.2,6.4,17.8,122.7,-43.5,0.7,-1.0,RS41-SG,404.900,8.0,187,9,2.5,-1,-1
2024-04-14T00:45:16.000Z,V2841597,7878,45.20909,9.09985,32940.1,6.0,19.3,108.5,-43.3,0.7,-1.0,RS41-SG,404.900,8.0,187,9,2.6,-1,-1
2024-04-14T00:45:18.000Z,V2841597,7880,45.20900,9.10035,32950.4,4.9,21.1,101.7,-43.2,0.7,-1.0,RS41-SG,404.900,8.4,187,9,2.5,-1,-1
2024-04-14T00:45:19.000Z,V2841597,7881,45.20896,9.10061,32956.0,6.2,21.4,103.1,-43.2,0.7,-1.0,RS41-SG,404.900,9.1,187,9,2.5,-1,-1
2024-04-14T00:45:20.000Z,V2841597,7882,45.20891,9.10087,32962.7,7.3,21.1,108.7,-43.1,0.7,-1.0,RS41-SG,404.900,9.1,187,9,2.5,-1,-1
2024-04-14T00:45:23.000Z,V2841597,7885,45.20866,9.10155,32980.6,4.4,18.9,125.3,-43.1,0.7,-1.0,RS41-SG,404.900,9.0,187,9,2.5,-1,-1
2024-04-14T00:45:24.000Z,V2841597,7886,45.20856,9.10173,32985.4,5.1,17.8,128.2,-43.1,0.7,-1.0,RS41-SG,404.900,9.0,187,9,2.5,-1,-1
2024-04-14T00:45:25.000Z,V2841597,7887,45.20847,9.10191,32991.0,6.1,16.4,126.9,-43.1,0.7,-1.0,RS41-SG,404.900,8.2,187,9,2.5,-1,-1
2024-04-14T00:45:27.000Z,V2841597,7889,45.20833,9.10223,33002.8,5.4,14.6,116.9,-43.1,0.7,-1.0,RS41-SG,404.900,8.4,187,9,2.6,-1,-1
2024-04-14T00:45:28.000Z,V2841597,7890,45.20827,9.10240,33007.9,5.0,14.5,112.2,-43.2,0.8,-1.0,RS41-SG,404.900,8.7,187,9,2.6,-1,-1
2024-04-14T00:45:29.000Z,V2841597,7891,45.20822,9.10257,33013.5,5.3,15.1,111.6,-43.2,0.7,-1.0,RS41-SG,404.900,9.0,187,9,2.5,-1,-1
2024-04-14T00:45:30.000Z,V2841597,7892,45.20817,9.10276,33019.5,6.6,16.0,113.3,-43.2,0.7,-1.0,RS41-SG,404.900,9.6,187,9,2.5,-1,-1
2024-04-14T00:45:31.000Z,V2841597,7893,45.20810,9.10295,33025.8,6.5,17.0,117.6,-43.2,0.7,-1.0,RS41-SG,404.900,9.6,187,9,2.5,-1,-1
2024-04-14T00:45:32.000Z,V2841597,7894,45.20803,9.10314,33031.7,5.0,17.8,119.5,-43.3,0.7,-1.0,RS41-SG,404.900,9.1,187,9,2.5,-1,-1
2024-04-14T00:45:33.000Z,V2841597,7895,45.20795,9.10334,33036.7,5.3,18.2,120.6,-43.3,0.7,-1.0,RS41-SG,404.900,8.4,187,9,2.6,-1,-1
2024-04-14T00:45:34.000Z,V2841597,7896,45.20787,9.10354,33042.6,6.4,18.3,119.2,-43.3,0.8,-1.0,RS41-SG,404.900,8.1,187,9,2.6,-1,-1
2024-04-14T00:45:35.000Z,V2841597,7897,45.20779,9.10374,33049.2,6.9,17.8,116.8,-43.3,0.7,-1.0,RS41-SG,404.900,8.7,187,9,2.5,-1,-1
2024-04-14T00:45:36.000Z,V2841597,7898,45.20772,9.10394,33055.6,5.5,17.1,113.7,-43.4,0.7,-1.0,RS41-SG,404.900,8.7,187,9,2.5,-1,-1
2024-04-14T00:45:38.000Z,V2841597,7900,45.20761,9.10431,33066.3,5.5,15.1,115.0,-43.4,0.7,-1.0,RS41-SG,404.900,9.7,187,9,2.6,-1,-1
2024-04-14T00:45:39.000Z,V2841597,7901,45.20755,9.10447,33072.0,6.2,14.1,119.2,-43.4,0.8,-1.0,RS41-SG,404.900,8.8,187,9,2.6,-1,-1
2024-04-14T00:45:40.000Z,V2841597,7902,45.20748,9.10462,33078.3,6.0,13.4,125.0,-43.4,0.7,-1.0,RS41-SG,404.900,8.8,187,9,2.5,-1,-1
2024-04-14T00:45:41.000Z,V2841597,7903,45.20741,9.10475,33084.1,5.0,12.8,128.1,-43.4,0.7,-1.0,RS41-SG,404.900,9.2,187,9,2.5,-1,-1
2024-04-14T00:45:42.000Z,V2841597,7904,45.20734,9.10488,33089.2,5.3,12.4,129.8,-43.4,0.7,-1.0,RS41-SG,404.900,9.2,187,9,2.5,-1,-1
2024-04-14T00:45:43.000Z,V2841597,7905,45.20727,9.10500,33094.6,5.7,12.0,125.4,-43.4,0.7,-1.0,RS41-SG,404.900,9.0,187,9,2.6,-1,-1
2024-04-14T00:45:45.000Z,V2841597,7907,45.20717,9.10527,33107.1,6.4,12.7,110.5,-43.5,0.7,-1.0,RS41-SG,404.900,9.3,187,9,2.5,-1,-1
2024-04-14T00:45:46.000Z,V2841597,7908,45.20713,9.10543,33112.9,4.9,13.5,105.7,-43.5,0.7,-1.0,RS41-SG,404.900,9.3,187,9,2.5,-1,-1
2024-04-14T00:45:48.000Z,V2841597,7910,45.20706,9.10579,33123.7,6.0,16.0,108.6,-43.5,0.7,-1.0,RS41-SG,404.900,8.5,187,9,2.6,-1,-1
2024-04-14T00:45:50.000Z,V2841597,7912,45.20693,9.10618,33136.8,6.3,17.6,122.7,-43.5,0.9,-1.0,RS41-SG,404.900,8.8,187,9,2.6,-1,-1
2024-04-14T00:45:51.000Z,V2841597,7913,45.20684,9.10636,33142.5,4.8,17.9,128.3,-43.5,0.7,-1.0,RS41-SG,404.900,8.8,187,9,2.5,-1,-1
2024-04-14T00:45:53.000Z,V2841597,7915,45.20663,9.10668,33152.9,6.3,15.7,133.8,-43.5,0.7,-1.0,RS41-SG,404.900,7.4,187,9,2.5,-1,-1
2024-04-14T00:45:56.000Z,V2841597,7918,45.20642,9.10706,33171.1,4.6,10.1,117.6,-43.6,0.8,-1.0,RS41-SG,404.900,8.5,187,9,2.6,-1,-1
2024-04-14T00:45:59.000Z,V2841597,7921,45.20633,9.10739,33188.0,6.5,9.7,113.5,-43.6,0.7,-1.0,RS41-SG,404.900,8.9,187,9,2.5,-1,-1
2024-04-14T00:46:03.000Z,V2841597,7925,45.20613,9.10787,33209.7,5.8,12.3,121.7,-43.6,0.7,-1.0,RS41-SG,404.900,8.5,187,9,2.5,-1,-1
2024-04-14T00:46:04.000Z,V2841597,7926,45.20608,9.10801,33216.1,6.7,12.3,120.8,-43.6,0.7,-1.0,RS41-SG,404.900,8.5,187,9,2.5,-1,-1
2024-04-14T00:46:28.000Z,V2841597,7950,45.20488,9.11156,33352.1,3.6,15.6,95.6,-43.3,0.7,-1.0,RS41-SG,404.900,8.0,187,9,2.5,-1,-1
2024-04-14T00:46:29.000Z,V2841597,7951,45.20487,9.11177,33356.1,4.6,16.5,89.7,-43.3,0.7,-1.0,RS41-SG,404.900,8.0,187,9,2.6,-1,-1
2024-04-14T00:46:30.000Z,V2841597,7952,45.20487,9.11198,33361.3,6.0,17.4,88.6,-43.3,0.7,-1.0,RS41-SG,404.900,7.5,187,9,2.6,-1,-1
2024-04-14T00:46:32.000Z,V2841597,7954,45.20486,9.11243,33373.5,5.1,17.8,95.6,-43.3,0.7,-1.0,RS41-SG,404.900,8.2,187,9,2.5,-1,-1
2024-04-14T00:46:36.000Z,V2841597,7958,45.20473,9.11327,33396.3,6.1,15.2,106.1,-43.4,0.8,-1.0,RS41-SG,404.900,7.7,187,9,2.6,-1,-1
2024-04-14T00:46:42.000Z,V2841597,7964,45.20447,9.11407,33428.9,7.0,10.8,124.1,-43.2,0.7,-1.0,RS41-SG,404.900,7.3,187,9,2.6,-1,-1
2024-04-14T00:46:50.000Z,V2841597,7972,45.20430,9.11576,33475.7,6.4,19.9,87.9,-42.7,0.6,-1.0,RS41-SG,404.900,8.0,187,10,2.5,-1,-1
2024-04-14T00:46:51.000Z,V2841597,7973,45.20430,9.11599,33482.5,6.9,17.1,95.0,-42.6,0.6,-1.0,RS41-SG,404.900,8.0,187,10,2.5,-1,-1
2024-04-14T00:46:52.000Z,V2841597,7974,45.20427,9.11619,33488.7,5.7,14.6,106.6,-42.5,0.6,-1.0,RS41-SG,404.900,8.0,187,10,2.5,-1,-1
2024-04-14T00:46:53.000Z,V2841597,7975,45.20422,9.11635,33493.8,4.5,13.2,122.9,-42.5,0.6,-1.0,RS41-SG,404.900,8.0,187,10,2.6,-1,-1
2024-04-14T00:47:02.000Z,V2841597,7984,45.20365,9.11815,33538.5,3.9,25.9,88.0,-42.5,0.6,-1.0,RS41-SG,404.900,8.8,187,10,2.5,-1,-1
2024-04-14T00:47:07.000Z,V2841597,7989,45.20355,9.11936,33567.9,3.0,12.7,122.1,-42.5,0.6,-1.0,RS41-SG,404.900,8.1,187,10,2.5,-1,-1
2024-04-14T00:47:08.000Z,V2841597,7990,45.20349,9.11949,33571.1,3.0,11.5,131.9,-42.5,0.6,-1.0,RS41-SG,404.900,8.1,187,9,2.5,-1,-1
2024-04-14T00:47:15.000Z,V2841597,7997,45.20327,9.12089,33607.4,4.3,25.9,90.0,-42.3,0.7,-1.0,RS41-SG,404.900,8.8,187,10,2.5,-1,-1
2024-04-14T00:47:18.000Z,V2841597,8000,45.20322,9.12181,33627.5,6.2,21.4,100.5,-42.2,0.7,-1.0,RS41-SG,404.900,7.4,187,10,2.6,-1,-1
2024-04-14T00:47:23.000Z,V2841597,8005,45.20305,9.12271,33652.7,5.3,10.2,95.7,-42.1,0.6,-1.0,RS41-SG,404.900,8.2,187,9,2.5,-1,-1
2024-04-14T00:47:28.000Z,V2841597,8010,45.20307,9.12346,33679.9,6.2,15.0,93.3,-41.9,0.6,-1.0,RS41-SG,404.900,8.0,187,10,2.5,-1,-1
2024-04-14T00:47:31.000Z,V2841597,8013,45.20297,9.12411,33696.6,4.5,20.1,108.8,-41.8,0.7,-1.0,RS41-SG,404.900,7.6,187,10,2.6,-1,-1
2024-04-14T00:47:35.000Z,V2841597,8017,45.20277,9.12512,33719.5,6.9,19.7,95.7,-41.6,0.6,-1.0,RS41-SG,404.900,8.0,187,10,2.5,-1,-1
2024-04-14T00:47:37.000Z,V2841597,8019,45.20277,9.12558,33730.8,4.5,16.6,82.9,-41.4,0.7,-1.0,RS41-SG,404.900,7.7,187,10,2.6,-1,-1
2024-04-14T00:47:38.000Z,V2841597,8020,45.20279,9.12577,33735.2,4.0,14.6,78.4,-41.4,0.7,-1.0,RS41-SG,404.900,7.8,187,10,2.6,-1,-1
2024-04-14T00:47:40.000Z,V2841597,8022,45.20283,9.12609,33744.9,5.6,11.4,86.3,-41.2,0.6,-1.0,RS41-SG,404.900,8.1,187,10,2.5,-1,-1
2024-04-14T00:47:41.000Z,V2841597,8023,45.20282,9.12624,33751.2,6.5,12.1,97.8,-41.2,0.6,-1.0,RS41-SG,404.900,8.1,187,10,2.5,-1,-1
2024-04-14T00:47:45.000Z,V2841597,8027,45.20264,9.12711,33774.3,4.8,24.9,103.6,-41.1,0.6,-1.0,RS41-SG,404.900,8.3,187,10,2.5,-1,-1
2024-04-14T00:47:48.000Z,V2841597,8030,45.20257,9.12816,33789.9,5.4,28.9,88.3,-40.8,0.6,-1.0,RS41-SG,404.900,7.9,187,10,2.6,-1,-1
2024-04-14T00:47:49.000Z,V2841597,8031,45.20259,9.12852,33795.2,5.3,27.4,83.7,-40.8,0.6,-1.0,RS41-SG,404.900,8.5,187,10,2.6,-1,-1
2024-04-14T00:47:50.000Z,V2841597,8032,45.20262,9.12884,33800.8,5.9,24.3,81.3,-40.8,0.7,-1.0,RS41-SG,404.900,8.9,187,10,2.6,-1,-1
2024-04-14T00:47:51.000Z,V2841597,8033,45.20265,9.12912,33806.8,6.2,20.4,81.4,-40.7,0.6,-1.0,RS41-SG,404.900,8.9,187,10,2.5,-1,-1
2024-04-14T00:47:52.000Z,V2841597,8034,45.20267,9.12936,33812.6,5.1,17.1,84.9,-40.7,0.6,-1.0,RS41-SG,404.900,9.1,187,10,2.5,-1,-1
2024-04-14T00:47:53.000Z,V2841597,8035,45.20267,9.12956,33817.0,3.5,15.0,91.3,-40.6,0.6,-1.0,RS41-SG,404.900,9.1,187,10,2.5,-1,-1
2024-04-14T00:48:01.000Z,V2841597,8043,45.20255,9.13169,33860.5,4.4,30.9,89.3,-39.9,0.5,-1.0,RS41-SG,404.900,9.1,187,10,2.5,-1,-1
2024-04-14T00:48:02.000Z,V2841597,8044,45.20256,9.13208,33865.8,6.4,30.9,89.4,-39.8,0.5,-1.0,RS41-SG,404.900,9.0,187,10,2.6,-1,-1
2024-04-14T00:48:03.000Z,V2841597,8045,45.20256,9.13246,33872.8,7.5,28.7,91.0,-39.7,0.5,-1.0,RS41-SG,404.900,9.0,187,10,2.6,-1,-1
2024-04-14T00:48:04.000Z,V2841597,8046,45.20255,9.13280,33880.4,7.2,25.6,92.4,-39.6,0.6,-1.0,RS41-SG,404.900,8.8,187,10,2.6,-1,-1
2024-04-14T00:48:05.000Z,V2841597,8047,45.20254,9.13310,33887.1,5.7,22.1,94.0,-39.6,0.5,-1.0,RS41-SG,404.900,8.9,187,10,2.5,-1,-1
2024-04-14T00:48:07.000Z,V2841597,8049,45.20252,9.13357,33896.2,3.7,15.6,91.1,-39.5,0.5,-1.0,RS41-SG,404.900,8.0,187,10,2.5,-1,-1
2024-04-14T00:48:08.000Z,V2841597,8050,45.20252,9.13376,33900.3,4.7,14.0,86.1,-39.5,0.5,-1.0,RS41-SG,404.900,8.7,187,10,2.5,-1,-1
2024-04-14T00:48:09.000Z,V2841597,8051,45.20254,9.13394,33905.8,6.5,14.7,81.7,-39.5,0.6,-1.0,RS41-SG,404.900,8.7,187,10,2.6,-1,-1
2024-04-14T00:48:10.000Z,V2841597,8052,45.20256,9.13414,33912.7,7.6,17.5,81.0,-39.5,0.6,-1.0,RS41-SG,404.900,8.6,187,10,2.6,-1,-1
2024-04-14T00:48:12.000Z,V2841597,8054,45.20260,9.13468,33926.4,5.6,25.0,86.6,-39.5,0.6,-1.0,RS41-SG,404.900,8.5,187,10,2.5,-1,-1
2024-04-14T00:48:14.000Z,V2841597,8056,45.20259,9.13539,33934.7,3.4,30.9,94.4,-39.6,0.6,-1.0,RS41-SG,404.900,8.9,187,10,2.5,-1,-1
2024-04-14T00:48:16.000Z,V2841597,8058,45.20251,9.13618,33943.9,6.3,31.5,102.7,-39.6,0.6,-1.0,RS41-SG,404.900,9.7,187,10,2.6,-1,-1
2024-04-14T00:48:19.000Z,V2841597,8061,45.20233,9.13718,33963.7,5.3,22.1,102.1,-39.7,0.6,-1.0,RS41-SG,404.900,7.9,187,10,2.5,-1,-1
2024-04-14T00:48:20.000Z,V2841597,8062,45.20230,9.13744,33968.6,4.3,19.3,95.9,-39.7,0.6,-1.0,RS41-SG,404.900,8.3,187,10,2.5,-1,-1
2024-04-14T00:48:21.000Z,V2841597,8063,45.20230,9.13767,33972.6,3.9,18.1,86.9,-39.7,0.6,-1.0,RS41-SG,404.900,11.5,187,10,2.5,-1,-1
2024-04-14T00:48:23.000Z,V2841597,8065,45.20236,9.13816,33970.8,-5.2,20.5,84.4,-39.7,0.6,-1.0,RS41-SG,404.900,9.7,187,10,2.6,-1,-1
2024-04-14T00:48:27.000Z,V2841597,8069,45.20252,9.13913,33903.6,-34.1,20.2,77.1,-39.5,0.5,-1.0,RS41-SG,404.900,7.2,187,10,2.5,-1,-1
2024-04-14T00:48:34.000Z,V2841597,8076,45.20218,9.14146,33730.5,-32.8,23.7,90.8,-40.5,0.6,-1.0,RS41-SG,404.900,9.8,187,10,2.5,-1,-1
2024-04-14T00:48:36.000Z,V2841597,8078,45.20224,9.14196,33670.3,-28.6,17.2,67.5,-41.1,0.6,-1.0,RS41-SG,404.900,10.0,187,10,2.5,-1,-1
2024-04-14T00:48:37.000Z,V2841597,8079,45.20230,9.14215,33644.6,-24.5,14.6,62.4,-41.4,0.7,-1.0,RS41-SG,404.900,10.5,187,10,2.6,-1,-1
2024-04-14T00:48:38.000Z,V2841597,8080,45.20235,9.14231,33621.2,-23.8,12.8,67.8,-41.6,0.7,-1.0,RS41-SG,404.900,10.5,187,10,2.6,-1,-1
2024-04-14T00:48:39.000Z,V2841597,8081,45.20238,9.14246,33597.3,-26.6,12.2,80.8,-41.8,0.7,-1.0,RS41-SG,404.900,10.3,187,8,2.6,-1,-1
2024-04-14T00:48:40.000Z,V2841597,8082,45.20238,9.14262,33571.0,-28.4,13.3,93.6,-41.9,0.7,-1.0,RS41-SG,404.900,8.9,187,8,2.5,-1,-1
2024-04-14T00:48:41.000Z,V2841597,8083,45.20236,9.14280,33540.6,-34.2,13.9,104.4,-42.0,0.7,-1.0,RS41-SG,404.900,9.2,187,10,2.5,-1,-1
2024-04-14T00:48:45.000Z,V2841597,8087,45.20219,9.14356,33360.0,-57.0,16.9,110.8,-42.1,0.7,-1.0,RS41-SG,404.900,9.7,187,10,2.6,-1,-1
2024-04-14T00:48:46.000Z,V2841597,8088,45.20213,9.14377,33301.9,-60.7,17.3,112.1,-42.1,0.7,-1.0,RS41-SG,404.900,9.4,187,10,2.6,-1,-1
2024-04-14T00:48:47.000Z,V2841597,8089,45.20207,9.14397,33241.9,-61.6,18.4,112.7,-42.2,0.7,-1.0,RS41-SG,404.900,8.9,187,10,2.5,-1,-1
2024-04-14T00:48:48.000Z,V2841597,8090,45.20200,9.14419,33181.0,-61.9,19.0,114.3,-42.3,0.7,-1.0,RS41-SG,404.900,9.5,187,10,2.5,-1,-1
2024-04-14T00:48:49.000Z,V2841597,8091,45.20192,9.14441,33118.3,-64.8,19.4,116.7,-42.1,0.6,-1.0,RS41-SG,404.900,9.5,187,10,2.5,-1,-1
2024-04-14T00:48:51.000Z,V2841597,8093,45.20178,9.14487,32986.8,-67.5,19.9,112.9,-41.8,0.6,-1.0,RS41-SG,404.900,9.0,187,10,2.6,-1,-1
2024-04-14T00:48:53.000Z,V2841597,8095,45.20164,9.14533,32849.6,-70.9,20.2,111.2,-41.9,0.6,-1.0,RS41-SG,404.900,8.9,187,10,2.6,-1,-1
2024-04-14T00:48:55.000Z,V2841597,8097,45.20152,9.14578,32713.8,-65.3,17.4,107.8,-42.0,0.6,-1.0,RS41-SG,404.900,9.7,187,10,2.5,-1,-1
2024-04-14T00:48:57.000Z,V2841597,8099,45.20146,9.14618,32587.2,-64.7,15.7,98.0,-42.3,0.6,-1.0,RS41-SG,404.900,8.5,187,10,2.5,-1,-1
2024-04-14T00:48:59.000Z,V2841597,8101,45.20142,9.14659,32454.4,-67.1,16.4,97.2,-42.5,0.6,-1.0,RS41-SG,404.900,9.4,187,10,2.6,-1,-1
2024-04-14T00:49:01.000Z,V2841597,8103,45.20137,9.14701,32323.1,-64.6,17.5,101.0,-43.0,0.7,-1.0,RS41-SG,404.900,9.6,187,10,2.5,-1,-1
2024-04-14T00:49:02.000Z,V2841597,8104,45.20134,9.14723,32259.3,-64.1,18.7,103.1,-43.3,0.7,-1.0,RS41-SG,404.900,8.6,187,9,2.5,-1,-1
2024-04-14T00:49:03.000Z,V2841597,8105,45.20129,9.14747,32197.0,-61.5,19.9,106.6,-43.7,0.7,-1.0,RS41-SG,404.900,9.6,187,10,2.5,-1,-1
2024-04-14T00:49:04.000Z,V2841597,8106,45.20124,9.14771,32135.2,-63.2,19.8,107.9,-44.3,0.7,-1.0,RS41-SG,404.900,10.0,187,10,2.5,-1,-1
2024-04-14T00:49:05.000Z,V2841597,8107,45.20118,9.14795,32072.5,-63.7,19.9,110.2,-44.8,0.8,-1.0,RS41-SG,404.900,10.0,187,9,2.6,-1,-1
2024-04-14T00:49:06.000Z,V2841597,8108,45.20111,9.14819,32008.0,-65.4,19.7,111.0,-45.5,0.8,-1.0,RS41-SG,404.900,9.0,187,10,2.6,-1,-1
2024-04-14T00:49:07.000Z,V2841597,8109,45.20104,9.14842,31941.8,-68.3,19.7,114.8,-46.1,0.9,-1.0,RS41-SG,404.900,9.1,187,10,2.6,08:29:45,-1
2024-04-14T00:49:08.000Z,V2841597,8110,45.20096,9.14864,31874.3,-68.6,18.6,116.2,-46.4,0.8,-1.0,RS41-SG,404.900,9.1,187,10,2.5,08:29:45,-1
2024-04-14T00:49:09.000Z,V2841597,8111,45.20088,9.14885,31805.1,-71.8,18.2,118.3,-46.5,0.9,-1.0,RS41-SG,404.900,8.7,187,10,2.5,08:29:45,-1
2024-04-14T00:49:10.000Z,V2841597,8112,45.20081,9.14905,31732.7,-73.4,17.4,118.7,-46.7,0.9,-1.0,RS41-SG,404.900,8.7,187,10,2.5,08:29:45,-1
2024-04-14T00:49:11.000Z,V2841597,8113,45.20073,9.14924,31659.0,-74.9,17.4,119.0,-47.0,0.9,-1.0,RS41-SG,404.900,8.5,187,10,2.5,08:29:45,-1
2024-04-14T00:49:13.000Z,V2841597,8115,45.20059,9.14958,31519.4,-55.8,12.5,126.1,-48.6,1.1,-1.0,RS41-SG,404.900,9.2,187,10,2.6,08:29:45,-1
2024-04-14T00:49:14.000Z,V2841597,8116,45.20051,9.14972,31468.9,-46.0,14.8,129.1,-49.8,1.2,-1.0,RS41-SG,404.900,9.2,187,9,2.6,08:29:45,-1
2024-04-14T00:49:15.000Z,V2841597,8117,45.20042,9.14987,31425.6,-42.5,16.7,131.8,-50.6,1.3,-1.0,RS41-SG,404.900,8.2,187,9,2.5,08:29:45,-1
2024-04-14T00:49:20.000Z,V2841597,8122,45.19966,9.15053,31251.3,-33.1,20.2,165.4,-51.8,1.4,-1.0,RS41-SG,404.900,8.2,187,10,2.6,08:29:45,-1
2024-04-14T00:50:40.000Z,V2841597,8202,45.19427,9.16022,28711.3,-29.4,23.8,98.5,-57.9,1.5,-1.0,RS41-SG,404.900,8.2,187,9,2.6,08:29:45,-1
2024-04-14T00:50:42.000Z,V2841597,8204,45.19412,9.16086,28651.5,-32.1,28.6,118.0,-58.1,1.4,-1.0,RS41-SG,404.900,8.4,187,9,2.6,08:29:45,-1
2024-04-14T00:50:43.000Z,V2841597,8205,45.19397,9.16117,28620.5,-31.7,30.5,128.5,-58.1,1.5,-1.0,RS41-SG,404.900,7.9,187,9,2.5,08:29:45,-1
2024-04-14T00:50:44.000Z,V2841597,8206,45.19378,9.16145,28589.9,-30.6,31.1,139.2,-58.1,1.5,-1.0,RS41-SG,404.900,7.9,187,9,2.5,08:29:45,-1
2024-04-14T00:51:04.000Z,V2841597,8226,45.19217,9.16343,28039.4,-27.5,24.9,149.2,-60.5,1.7,-1.0,RS41-SG,404.900,7.9,187,9,2.5,08:29:45,-1
2024-04-14T00:51:05.000Z,V2841597,8227,45.19197,9.16356,28013.1,-26.9,24.7,160.2,-60.5,1.6,-1.0,RS41-SG,404.900,8.6,187,10,2.5,08:29:45,-1
2024-04-14T00:51:19.000Z,V2841597,8241,45.19107,9.16317,27646.3,-25.9,16.4,94.4,-60.9,1.7,-1.0,RS41-SG,404.900,8.0,187,9,2.6,08:29:45,-1
2024-04-14T00:51:20.000Z,V2841597,8242,45.19104,9.16339,27621.0,-26.0,19.2,104.4,-61.0,1.7,-1.0,RS41-SG,404.900,8.0,187,8,2.6,08:29:45,-1
2024-04-14T00:51:22.000Z,V2841597,8244,45.19087,9.16386,27569.6,-26.4,22.8,127.0,-60.9,1.7,-1.0,RS41-SG,404.900,9.0,187,9,2.5,08:29:45,-1
2024-04-14T00:51:24.000Z,V2841597,8246,45.19055,9.16424,27519.9,-25.1,24.3,149.1,-60.9,1.6,-1.0,RS41-SG,404.900,9.4,187,8,2.6,08:29:45,-1
2024-04-14T00:51:25.000Z,V2841597,8247,45.19035,9.16437,27495.2,-25.5,24.1,160.2,-60.9,1.7,-1.0,RS41-SG,404.900,8.5,187,8,2.6,08:29:45,-1
2024-04-14T00:51:27.000Z,V2841597,8249,45.18993,9.16446,27444.8,-26.8,23.5,180.9,-60.8,1.6,-1.0,RS41-SG,404.900,9.5,187,10,2.5,08:29:45,-1
2024-04-14T00:51:39.000Z,V2841597,8261,45.18908,9.16388,27149.5,-24.3,13.7,100.5,-61.0,1.6,-1.0,RS41-SG,404.900,7.4,187,9,2.6,08:29:45,-1
2024-04-14T00:51:40.000Z,V2841597,8262,45.18905,9.16408,27125.7,-24.5,18.3,108.0,-61.1,1.7,-1.0,RS41-SG,404.900,7.4,187,9,2.6,08:27:12,-1
2024-04-14T00:51:41.000Z,V2841597,8263,45.18898,9.16431,27101.3,-25.8,21.8,117.3,-61.3,1.7,-1.0,RS41-SG,404.900,8.6,187,9,2.5,08:27:12,-1
2024-04-14T00:51:42.000Z,V2841597,8264,45.18887,9.16456,27075.8,-26.9,24.3,126.3,-61.4,1.7,-1.0,RS41-SG,404.900,9.7,187,9,2.5,08:27:12,-1
2024-04-14T00:51:43.000Z,V2841597,8265,45.18873,9.16481,27049.7,-27.0,26.0,133.1,-61.5,1.7,-1.0,RS41-SG,404.900,9.7,187,9,2.5,08:27:12,-1
2024-04-14T00:51:44.000Z,V2841597,8266,45.18855,9.16504,27024.2,-26.1,27.2,140.9,-61.5,1.8,-1.0,RS41-SG,404.900,8.8,187,10,2.5,08:27:12,-1
2024-04-14T00:51:45.000Z,V2841597,8267,45.18836,9.16524,26999.9,-24.6,27.2,148.1,-61.4,1.7,-1.0,RS41-SG,404.900,8.7,187,10,2.6,08:27:12,-1
2024-04-14T00:52:04.000Z,V2841597,8286,45.18730,9.16606,26555.1,-22.2,17.7,104.0,-60.7,1.5,-1.0,RS41-SG,404.900,8.1,187,9,2.5,08:27:12,-1
