timestamp,serial,frame,lat,lon,alt,vel_v,vel_h,heading,temp,humidity,pressure,type,freq_mhz,snr,f_error_hz,sats,batt_v,burst_timer,aux_data
2024-09-16T12:23:28.000Z,U3320900,6964,46.55247,6.49255,28742.9,4.1,12.9,110.3,-273.0,-1.0,-1.0,RS41,403.501,8.0,-562,9,2.6,-1,050103BC0610BA504A00
2024-09-16T12:24:13.000Z,U3320900,7009,46.55182,6.49735,28999.3,3.3,4.0,130.8,-273.0,-1.0,-1.0,RS41,403.501,8.4,-562,9,2.6,-1,050103AC05E49A604700
2024-09-16T12:40:04.001Z,U3320900,7960,46.54387,6.66596,34602.6,5.1,10.0,93.5,-273.0,-1.0,-1.0,RS41,403.500,8.3,375,10,2.5,-1,050102B102FEDA404A00
2024-09-16T12:40:10.001Z,U3320900,7966,46.54391,6.66689,34637.1,5.8,14.4,69.0,-273.0,-1.0,-1.0,RS41,403.500,9.3,375,10,2.5,-1,050102AF02FE8A404D00
2024-09-16T12:40:14.001Z,U3320900,7970,46.54410,6.66746,34660.9,6.0,9.0,63.8,-273.0,-1.0,-1.0,RS41,403.500,9.6,562,10,2.6,-1,050102AE02FC7A404A00
2024-09-16T12:40:22.001Z,U3320900,7978,46.54394,6.66862,34709.2,5.3,18.3,100.9,-273.0,-1.0,-1.0,RS41,403.500,8.5,375,10,2.6,-1,050102AC02EFEA405000
2024-09-16T12:40:25.001Z,U3320900,7981,46.54388,6.66927,34726.9,6.2,14.0,97.7,-273.0,-1.0,-1.0,RS41,403.500,9.0,562,10,2.6,-1,050102AB02F5BA404700
2024-09-16T12:40:26.001Z,U3320900,7982,46.54386,6.66943,34732.8,5.6,11.6,100.5,-273.0,-1.0,-1.0,RS41,403.500,8.9,375,10,2.5,-1,050102AB02F3CA404900
2024-09-16T12:40:35.001Z,U3320900,7991,46.54366,6.67078,34782.0,4.6,11.9,82.6,-273.0,-1.0,-1.0,RS41,403.500,7.9,562,10,2.6,-1,050102A902E58A305400
2024-09-16T12:40:36.001Z,U3320900,7992,46.54368,6.67091,34786.9,5.0,9.5,81.6,-273.0,-1.0,-1.0,RS41,403.500,8.7,562,10,2.6,-1,050102A902E95A404C00
2024-09-16T12:40:44.001Z,U3320900,8000,46.54327,6.67203,34829.0,4.3,20.0,109.3,-273.0,-1.0,-1.0,RS41,403.500,8.2,375,9,2.5,-1,050102A802DF9A404600
2024-09-16T12:40:46.001Z,U3320900,8002,46.54319,6.67252,34839.0,5.8,18.3,97.7,-273.0,-1.0,-1.0,RS41,403.500,9.0,375,10,2.6,-1,050102A702E43A404B00
2024-09-16T12:40:47.001Z,U3320900,8003,46.54317,6.67274,34845.2,6.2,15.5,97.4,-273.0,-1.0,-1.0,RS41,403.500,9.0,562,10,2.6,-1,050102A702EBAA405000
2024-09-16T12:41:59.001Z,U3320900,8075,46.54412,6.68038,35213.9,5.0,11.7,45.4,-273.0,-1.0,-1.0,RS41,403.500,8.1,375,10,2.6,-1,0501029A02B28A404A00
2024-09-16T12:42:30.001Z,U3320900,8106,46.54599,6.68508,35363.8,4.6,17.6,63.4,-273.0,-1.0,-1.0,RS41,403.500,8.0,375,10,2.6,-1,0501029502957A404D00
2024-09-16T12:42:33.001Z,U3320900,8109,46.54619,6.68562,35378.3,4.2,12.4,59.9,-273.0,-1.0,-1.0,RS41,403.500,9.3,375,9,2.5,-1,0501029502985A404800
2024-09-16T12:42:41.001Z,U3320900,8117,46.54654,6.68652,35414.6,4.5,15.8,56.3,-273.0,-1.0,-1.0,RS41,403.500,8.8,375,10,2.6,-1,0501029302973A404B00
2024-09-16T12:43:09.001Z,U3320900,8145,46.54725,6.69048,35556.5,4.5,8.1,94.4,-273.0,-1.0,-1.0,RS41,403.500,7.9,375,10,2.5,-1,0501028F0284CA404700
2024-09-16T12:43:20.001Z,U3320900,8156,46.54764,6.69173,35610.9,5.3,13.4,63.6,-273.0,-1.0,-1.0,RS41,403.500,9.3,375,10,2.5,-1,0501028D027FAA405400
2024-09-16T12:43:21.001Z,U3320900,8157,46.54768,6.69187,35616.0,5.0,10.8,65.6,-273.0,-1.0,-1.0,RS41,403.500,9.3,375,10,2.5,-1,0501028D02797A404B00
2024-09-16T12:43:22.001Z,U3320900,8158,46.54772,6.69198,35620.9,4.6,8.3,67.9,-273.0,-1.0,-1.0,RS41,403.500,9.2,375,10,2.6,-1,0501028D02760A404F00
2024-09-16T12:43:23.001Z,U3320900,8159,46.54774,6.69207,35625.6,4.9,6.6,69.0,-273.0,-1.0,-1.0,RS41,403.500,8.5,375,10,2.6,-1,0501028D02763A404900
2024-09-16T12:43:28.001Z,U3320900,8164,46.54785,6.69259,35651.1,4.6,12.0,76.6,-273.0,-1.0,-1.0,RS41,403.500,8.8,375,10,2.6,-1,0501028C026CBA404900
2024-09-16T12:43:30.001Z,U3320900,8166,46.54789,6.69290,35660.7,5.2,12.2,82.4,-273.0,-1.0,-1.0,RS41,403.500,9.9,375,10,2.6,-1,0501028B026EAA404800
2024-09-16T12:43:32.001Z,U3320900,8168,46.54791,6.69317,35670.8,4.7,8.0,85.1,-273.0,-1.0,-1.0,RS41,403.500,10.2,375,10,2.5,-1,0501U21300740000006EI
2024-09-16T12:43:36.001Z,U3320900,8172,46.54796,6.69337,35689.1,5.5,3.6,35.9,-273.0,-1.0,-1.0,RS41,403.500,8.2,375,10,2.6,-1,0501028A0272CA305400
2024-09-16T12:43:37.001Z,U3320900,8173,46.54799,6.69341,35694.7,5.6,5.3,41.5,-273.0,-1.0,-1.0,RS41,403.500,8.4,375,10,2.6,-1,0501028A0272EA404E00
2024-09-16T12:43:38.001Z,U3320900,8174,46.54803,6.69347,35700.2,5.3,7.4,51.3,-273.0,-1.0,-1.0,RS41,403.500,8.4,375,10,2.5,-1,-1
2024-09-16T12:43:39.001Z,U3320900,8175,46.54807,6.69356,35705.2,4.9,9.5,59.2,-273.0,-1.0,-1.0,RS41,403.500,9.5,375,10,2.6,-1,0501028A026FCA305000
2024-09-16T12:43:40.001Z,U3320900,8176,46.54811,6.69368,35710.0,4.8,11.3,65.3,-273.0,-1.0,-1.0,RS41,403.500,9.5,375,10,2.6,-1,0501028A02656A404B00
2024-09-16T12:43:41.001Z,U3320900,8177,46.54815,6.69382,35715.0,5.2,12.1,69.6,-273.0,-1.0,-1.0,RS41,403.500,9.4,375,10,2.6,-1,0501028A0263EA404A00
2024-09-16T12:43:46.001Z,U3320900,8182,46.54825,6.69436,35743.0,5.6,4.2,81.1,-273.0,-1.0,-1.0,RS41,403.500,10.3,375,10,2.5,-1,0501028902655A404B00
2024-09-16T12:43:48.001Z,U3320900,8184,46.54825,6.69447,35754.4,5.9,4.9,92.7,-273.0,-1.0,-1.0,RS41,403.500,7.7,375,10,2.6,-1,0501028902621A305300
2024-09-16T12:43:51.001Z,U3320900,8187,46.54822,6.69479,35769.4,4.3,11.7,101.2,-273.0,-1.0,-1.0,RS41,403.500,8.9,375,10,2.5,-1,05010288025B1A404B00
2024-09-16T12:43:52.001Z,U3320900,8188,46.54820,6.69494,35773.8,4.3,13.2,102.8,-273.0,-1.0,-1.0,RS41,403.500,8.9,375,10,2.5,-1,05010288025A1A404600
2024-09-16T12:43:53.001Z,U3320900,8189,46.54817,6.69511,35778.6,5.3,13.0,106.0,-273.0,-1.0,-1.0,RS41,403.500,8.6,375,10,2.6,-1,05010288025C3A405500
2024-09-16T12:43:55.001Z,U3320900,8191,46.54810,6.69538,35789.9,5.7,8.9,113.8,-273.0,-1.0,-1.0,RS41,403.500,8.6,375,10,2.6,-1,0501028802618A404B00
2024-09-16T12:43:56.001Z,U3320900,8192,46.54807,6.69547,35795.4,4.9,6.0,120.9,-273.0,-1.0,-1.0,RS41,403.500,8.3,375,10,2.6,-1,05010288025FFA304300
2024-09-16T12:43:57.001Z,U3320900,8193,46.54805,6.69552,35800.0,4.3,3.5,135.2,-273.0,-1.0,-1.0,RS41,403.500,9.0,375,10,2.5,-1,05010287025D3A404300
2024-09-16T12:44:04.001Z,U3320900,8200,46.54803,6.69586,35836.4,5.0,9.9,90.4,-273.0,-1.0,-1.0,RS41,403.500,9.0,375,10,2.5,-1,0501028702551A404300
2024-09-16T12:44:05.001Z,U3320900,8201,46.54803,6.69599,35841.6,5.4,10.1,92.2,-273.0,-1.0,-1.0,RS41,403.500,9.0,375,10,2.6,-1,0501028702550A404C00
2024-09-16T12:44:06.001Z,U3320900,8202,46.54802,6.69611,35847.1,5.9,8.9,94.1,-273.0,-1.0,-1.0,RS41,403.500,9.6,375,10,2.6,-1,0501028702570A304900
2024-09-16T12:44:07.001Z,U3320900,8203,46.54802,6.69622,35852.8,5.6,7.0,96.0,-273.0,-1.0,-1.0,RS41,403.500,9.6,375,10,2.6,-1,050102870255FA304A00
2024-09-16T12:44:13.001Z,U3320900,8209,46.54799,6.69655,35885.9,5.2,7.4,100.5,-273.0,-1.0,-1.0,RS41,403.500,8.9,375,10,2.6,-1,0501028702509A304F00
2024-09-16T12:44:16.001Z,U3320900,8212,46.54789,6.69693,35900.1,4.7,12.7,119.7,-273.0,-1.0,-1.0,RS41,403.500,8.3,562,10,2.5,-1,050102870244AA404D00
2024-09-16T12:44:17.001Z,U3320900,8213,46.54783,6.69706,35905.2,5.3,12.3,127.7,-273.0,-1.0,-1.0,RS41,403.500,8.3,562,10,2.5,-1,0501028702451A304700
2024-09-16T12:44:18.001Z,U3320900,8214,46.54776,6.69717,35910.6,5.5,10.7,136.7,-273.0,-1.0,-1.0,RS41,403.500,8.7,375,10,2.6,-1,0501028702456A304D00
2024-09-16T12:44:21.001Z,U3320900,8217,46.54759,6.69731,35926.3,5.1,4.4,174.0,-273.0,-1.0,-1.0,RS41,403.500,8.8,375,10,2.6,-1,050102870242DA304A00
2024-09-16T12:44:22.001Z,U3320900,8218,46.54756,6.69731,35931.5,5.3,3.0,180.0,-273.0,-1.0,-1.0,RS41,403.500,8.3,375,10,2.5,-1,050102870241CA305000
2024-09-16T12:44:24.001Z,U3320900,8220,46.54751,6.69734,35943.1,6.0,3.7,132.5,-273.0,-1.0,-1.0,RS41,403.500,7.8,375,10,2.6,-1,0501028802402A304600
2024-09-16T12:44:28.001Z,U3320900,8224,46.54733,6.69767,35965.1,5.4,11.8,135.5,-273.0,-1.0,-1.0,RS41,403.500,8.4,562,10,2.5,-1,05010288023AAA304D00
2024-09-16T12:44:34.001Z,U3320900,8230,46.54706,6.69800,35998.1,4.8,3.0,49.4,-273.0,-1.0,-1.0,RS41,403.500,8.7,375,10,2.5,-1,0501028A0235EA304B00
2024-09-16T12:44:35.001Z,U3320900,8231,46.54708,6.69804,36003.3,5.3,5.1,51.0,-273.0,-1.0,-1.0,RS41,403.500,8.7,375,10,2.5,-1,0501028A023B0A305100
2024-09-16T12:44:38.001Z,U3320900,8234,46.54713,6.69832,36020.1,5.2,10.0,97.2,-273.0,-1.0,-1.0,RS41,403.500,8.6,375,10,2.6,-1,0501028A023F4A304500
2024-09-16T12:44:39.001Z,U3320900,8235,46.54711,6.69845,36025.4,5.2,11.1,109.4,-273.0,-1.0,-1.0,RS41,403.500,9.4,375,10,2.6,-1,0501028B02396A304400
2024-09-16T12:44:40.001Z,U3320900,8236,46.54707,6.69859,36030.7,5.3,11.3,117.9,-273.0,-1.0,-1.0,RS41,403.500,9.4,375,10,2.5,-1,0501028B02358A404C00
2024-09-16T12:44:45.001Z,U3320900,8241,46.54694,6.69900,36058.5,4.8,4.7,63.4,-273.0,-1.0,-1.0,RS41,403.500,9.6,375,10,2.6,-1,0501028C02285A404B00
2024-09-16T12:44:46.001Z,U3320900,8242,46.54696,6.69906,36063.8,5.4,6.4,54.8,-273.0,-1.0,-1.0,RS41,403.500,9.6,375,10,2.6,-1,0501028C022B0A403E00
2024-09-16T12:44:49.001Z,U3320900,8245,46.54703,6.69937,36081.4,5.6,10.5,90.8,-273.0,-1.0,-1.0,RS41-SG,403.500,8.6,375,10,2.6,-1,0501028C022FDA304C00
2024-09-16T12:44:52.001Z,U3320900,8248,46.54693,6.69979,36097.3,5.6,12.4,124.2,-273.0,-1.0,-1.0,RS41-SG,403.500,8.8,375,10,2.6,-1,0501028D0228BA404B00
2024-09-16T12:44:56.001Z,U3320900,8252,46.54676,6.70017,36122.4,6.0,5.3,91.8,-273.0,-1.0,-1.0,RS41-SG,403.500,9.0,375,10,2.6,-1,0501028D02303A304E00
2024-09-16T12:44:57.001Z,U3320900,8253,46.54677,6.70024,36128.2,5.8,6.1,70.5,-273.0,-1.0,-1.0,RS41-SG,403.500,8.8,375,10,2.6,-1,0501028E022B7A305100
2024-09-16T12:44:58.001Z,U3320900,8254,46.54679,6.70032,36134.2,6.0,7.6,65.1,-273.0,-1.0,-1.0,RS41-SG,403.500,8.3,375,10,2.6,-1,0501028E02278A304600
2024-09-16T12:45:01.001Z,U3320900,8257,46.54684,6.70069,36153.5,6.1,11.4,94.1,-273.0,-1.0,-1.0,RS41-SG,403.500,8.3,375,10,2.6,-1,0501028E021EDA404800
2024-09-16T12:45:03.001Z,U3320900,8259,46.54678,6.70099,36164.6,5.2,13.0,115.5,-273.0,-1.0,-1.0,RS41-SG,403.500,9.2,375,10,2.6,-1,0501028E021CCA304A00
2024-09-16T12:45:08.001Z,U3320900,8264,46.54657,6.70163,36190.9,4.7,8.9,89.1,-273.0,-1.0,-1.0,RS41-SG,403.500,8.1,375,10,2.6,-1,0501028F02208A404C00
2024-09-16T12:45:09.001Z,U3320900,8265,46.54658,6.70175,36195.5,4.7,9.6,77.0,-273.0,-1.0,-1.0,RS41-SG,403.500,8.5,375,10,2.6,-1,0501028F02228A305400
2024-09-16T12:45:14.001Z,U3320900,8270,46.54664,6.70244,36224.7,6.0,11.0,107.2,-273.0,-1.0,-1.0,RS41-SG,403.500,9.0,375,10,2.6,-1,0501028F02220A304900
2024-09-16T12:45:22.001Z,U3320900,8278,46.54655,6.70326,36271.6,5.7,10.4,62.2,-273.0,-1.0,-1.0,RS41-SG,403.500,9.0,375,10,2.6,-1,0501028F021A7A404B00
2024-09-16T12:45:26.001Z,U3320900,8282,46.54658,6.70379,36297.0,5.8,10.8,112.9,-273.0,-1.0,-1.0,RS41-SG,403.500,9.0,375,10,2.6,-1,0501028F021C3A404D00
2024-09-16T12:45:29.001Z,U3320900,8285,46.54640,6.70414,36314.3,6.1,11.1,132.9,-273.0,-1.0,-1.0,RS41-SG,403.500,9.6,375,10,2.6,-1,0501028F02173A404F00
2024-09-16T12:45:35.001Z,U3320900,8291,46.54625,6.70490,36349.4,6.4,12.1,91.5,-273.0,-1.0,-1.0,RS41-SG,403.500,9.4,375,10,2.6,-1,0501028F0212AA305400
2024-09-16T12:45:36.001Z,U3320900,8292,46.54624,6.70506,36355.7,6.4,12.0,98.1,-273.0,-1.0,-1.0,RS41-SG,403.500,8.6,375,10,2.6,-1,0501028F02129A404D00
2024-09-16T12:45:46.001Z,U3320900,8302,46.54605,6.70609,36413.2,6.1,10.7,76.3,-273.0,-1.0,-1.0,RS41-SG,403.500,9.0,375,10,2.6,-1,0501028F0210FA404700
2024-09-16T12:45:47.001Z,U3320900,8303,46.54606,6.70623,36419.3,6.3,11.5,84.1,-273.0,-1.0,-1.0,RS41-SG,403.500,9.1,375,10,2.6,-1,0501028F020EEA405500
2024-09-16T12:45:50.001Z,U3320900,8306,46.54601,6.70666,36437.8,5.6,11.1,115.7,-273.0,-1.0,-1.0,RS41-SG,403.500,8.5,375,10,2.5,-1,0501028F020EAA404A00
2024-09-16T12:45:51.001Z,U3320900,8307,46.54597,6.70678,36443.5,5.6,10.5,124.0,-273.0,-1.0,-1.0,RS41-SG,403.500,8.6,375,10,2.5,-1,0501028F020F6A304A00
2024-09-16T12:45:53.001Z,U3320900,8309,46.54587,6.70699,36455.3,6.2,8.7,122.8,-273.0,-1.0,-1.0,RS41-SG,403.500,8.7,375,10,2.6,-1,0501028F02114A305500
2024-09-16T12:45:54.001Z,U3320900,8310,46.54583,6.70709,36461.5,6.0,8.5,112.0,-273.0,-1.0,-1.0,RS41-SG,403.500,8.3,375,10,2.6,-1,0501028F020FDA404E00
2024-09-16T12:45:57.001Z,U3320900,8313,46.54580,6.70749,36477.4,4.7,13.2,87.9,-273.0,-1.0,-1.0,RS41-SG,403.500,9.2,375,10,2.5,-1,0501028F02039A304300
2024-09-16T12:46:00.001Z,U3320900,8316,46.54579,6.70806,36493.0,5.8,15.1,97.6,-273.0,-1.0,-1.0,RS41-SG,403.500,9.6,375,10,2.6,-1,0501028F02009A304D00
2024-09-16T12:46:57.001Z,U3320900,8373,46.54663,6.71498,36783.0,4.8,12.4,62.8,-273.0,-1.0,-1.0,RS41-SG,403.500,8.8,375,10,2.6,-1,0501028E01EABA304800
2024-09-16T12:47:50.001Z,U3320900,8426,46.55115,6.72159,37022.1,4.2,18.3,38.4,-273.0,-1.0,-1.0,RS41-SG,403.500,8.2,375,10,2.6,-1,0501029201D06A404E00
2024-09-16T12:47:51.001Z,U3320900,8427,46.55127,6.72173,37026.5,4.4,18.1,37.5,-273.0,-1.0,-1.0,RS41-SG,403.500,8.3,375,10,2.6,-1,0501029201CFEA303F00
2024-09-16T12:47:52.001Z,U3320900,8428,46.55140,6.72188,37030.9,4.4,17.7,37.7,-273.0,-1.0,-1.0,RS41-SG,403.500,9.4,375,10,2.5,-1,0501029301CF7A304C00
2024-09-16T12:47:53.001Z,U3320900,8429,46.55152,6.72201,37035.3,4.7,17.0,37.4,-273.0,-1.0,-1.0,RS41-SG,403.500,9.6,375,10,2.5,-1,0501029301CF1A305800
2024-09-16T12:48:01.001Z,U3320900,8437,46.55241,6.72296,37073.7,4.4,16.2,31.7,-273.0,-1.0,-1.0,RS41-SG,403.500,9.1,375,10,2.6,-1,0501029401CB5A305600
2024-09-16T12:48:02.001Z,U3320900,8438,46.55254,6.72307,37078.0,4.4,16.5,30.1,-273.0,-1.0,-1.0,RS41-SG,403.500,9.1,375,10,2.6,-1,0501029401CA5A304F00
2024-09-16T12:48:04.001Z,U3320900,8440,46.55280,6.72328,37086.5,4.0,16.6,28.2,-273.0,-1.0,-1.0,RS41-SG,403.500,9.1,375,10,2.6,-1,0501029501C91A304B00
2024-09-16T12:48:05.001Z,U3320900,8441,46.55293,6.72338,37090.6,4.1,16.3,28.7,-273.0,-1.0,-1.0,RS41-SG,403.500,9.1,375,10,2.6,-1,0501029501C90A304C00
2024-09-16T12:48:13.001Z,U3320900,8449,46.55393,6.72432,37126.8,4.3,19.2,34.4,-273.0,-1.0,-1.0,RS41-SG,403.500,9.0,375,10,2.5,-1,0501029601C5CA304600
2024-09-16T12:48:16.001Z,U3320900,8452,46.55436,6.72475,37139.9,4.6,19.2,34.9,-273.0,-1.0,-1.0,RS41-SG,403.500,9.3,375,10,2.6,-1,0501029601C4AA304C00
2024-09-16T12:48:20.001Z,U3320900,8456,46.55487,6.72533,37157.4,4.1,17.0,44.3,-273.0,-1.0,-1.0,RS41-SG,403.500,8.8,375,10,2.5,-1,0501029701C31A304800
2024-09-16T12:48:22.001Z,U3320900,8458,46.55508,6.72565,37165.9,4.2,16.9,48.6,-273.0,-1.0,-1.0,RS41-SG,403.500,9.3,375,10,2.6,-1,0501029701C25A404700
2024-09-16T12:48:38.001Z,U3320900,8474,46.55650,6.72839,37231.9,4.2,16.4,58.5,-273.0,-1.0,-1.0,RS41-SG,403.500,9.5,375,10,2.6,-1,0501029700A3FA304800
2024-09-16T12:48:42.001Z,U3320900,8478,46.55680,6.72906,37248.9,4.4,14.8,55.4,-273.0,-1.0,-1.0,RS41-SG,403.500,8.5,375,10,2.7,-1,0501029700A0EA304C00
2024-09-16T12:48:45.001Z,U3320900,8481,46.55703,6.72952,37261.2,3.8,14.6,52.3,-273.0,-1.0,-1.0,RS41-SG,403.500,9.1,375,10,2.5,-1,050102970099CA305700
2024-09-16T12:48:48.001Z,U3320900,8484,46.55728,6.72997,37272.3,3.8,14.8,49.4,-273.0,-1.0,-1.0,RS41-SG,403.500,8.3,375,10,2.6,-1,05010297007F3A304B00
2024-09-16T12:48:49.001Z,U3320900,8485,46.55737,6.73011,37276.1,3.9,14.7,49.2,-273.0,-1.0,-1.0,RS41-SG,403.500,9.2,375,10,2.6,-1,0501029700713A304B00
2024-09-16T12:48:50.001Z,U3320900,8486,46.55745,6.73026,37280.1,3.8,14.4,50.2,-273.0,-1.0,-1.0,RS41-SG,403.500,9.2,375,10,2.6,-1,05010297008C6A304A00
2024-09-16T12:48:51.001Z,U3320900,8487,46.55753,6.73040,37284.0,4.2,13.9,51.3,-273.0,-1.0,-1.0,RS41-SG,403.500,9.2,375,10,2.6,-1,0501029700964A304000
2024-09-16T12:48:52.001Z,U3320900,8488,46.55760,6.73054,37288.2,4.0,13.4,54.3,-273.0,-1.0,-1.0,RS41-SG,403.500,9.9,375,10,2.5,-1,0501029700990A305600
2024-09-16T12:48:53.001Z,U3320900,8489,46.55767,6.73068,37292.3,4.1,13.0,58.4,-273.0,-1.0,-1.0,RS41-SG,403.500,9.9,375,10,2.5,-1,050102970093DA304C00
2024-09-16T12:48:54.001Z,U3320900,8490,46.55773,6.73083,37296.4,4.1,13.0,61.9,-273.0,-1.0,-1.0,RS41-SG,403.500,9.9,375,10,2.6,-1,050102970088AA304B00
2024-09-16T12:48:57.001Z,U3320900,8493,46.55787,6.73130,37308.5,3.9,13.6,69.3,-273.0,-1.0,-1.0,RS41-SG,403.500,9.9,375,10,2.6,-1,0501029700AB8A304400
2024-09-16T12:48:59.001Z,U3320900,8495,46.55795,6.73163,37316.4,3.8,13.6,69.4,-273.0,-1.0,-1.0,RS41-SG,403.500,11.1,375,10,2.5,-1,0501029700A96A404800
2024-09-16T12:49:00.001Z,U3320900,8496,46.55800,6.73179,37319.9,3.9,13.6,68.7,-273.0,-1.0,-1.0,RS41-SG,403.500,11.1,375,10,2.5,-1,05010298009CBA305400
2024-09-16T12:49:01.001Z,U3320900,8497,46.55804,6.73196,37323.9,3.9,13.4,68.2,-273.0,-1.0,-1.0,RS41-SG,403.500,9.3,375,10,2.6,-1,0501029800AD8A304E00
2024-09-16T12:49:03.001Z,U3320900,8499,46.55813,6.73227,37331.4,3.9,12.8,67.1,-273.0,-1.0,-1.0,RS41-SG,403.500,9.1,375,10,2.6,-1,0501029800C4EA304400
2024-09-16T12:49:05.001Z,U3320900,8501,46.55822,6.73257,37339.0,3.8,12.0,68.9,-273.0,-1.0,-1.0,RS41-SG,403.500,9.6,375,10,2.5,-1,0501029800BA4A304900
2024-09-16T12:49:06.001Z,U3320900,8502,46.55825,6.73271,37342.8,3.7,11.6,71.3,-273.0,-1.0,-1.0,RS41-SG,403.500,9.5,375,10,2.5,-1,0501029800B5CA404900
2024-09-16T12:49:07.001Z,U3320900,8503,46.55828,6.73285,37346.6,3.6,11.6,75.5,-273.0,-1.0,-1.0,RS41-SG,403.500,10.1,375,10,2.6,-1,0501029800B3AA305600
2024-09-16T12:49:08.001Z,U3320900,8504,46.55831,6.73300,37350.1,3.6,11.5,76.5,-273.0,-1.0,-1.0,RS41-SG,403.500,10.1,375,10,2.6,-1,0501029800B98A304A00
2024-09-16T12:49:09.001Z,U3320900,8505,46.55833,6.73314,37353.6,3.5,11.4,76.9,-273.0,-1.0,-1.0,RS41-SG,403.500,10.1,375,10,2.6,-1,0501029800BEFA304E00
2024-09-16T12:49:10.001Z,U3320900,8506,46.55835,6.73329,37357.1,3.5,11.2,75.8,-273.0,-1.0,-1.0,RS41-SG,403.500,9.5,375,10,2.6,-1,0501029800C59A304900
2024-09-16T12:49:12.001Z,U3320900,8508,46.55841,6.73356,37364.4,3.5,10.7,68.8,-273.0,-1.0,-1.0,RS41-SG,403.500,9.8,375,10,2.5,-1,0501029800D96A304600
2024-09-16T12:49:13.001Z,U3320900,8509,46.55845,6.73368,37367.9,3.5,10.4,64.4,-273.0,-1.0,-1.0,RS41-SG,403.500,10.3,375,10,2.5,-1,0501029800E1EA304900
2024-09-16T12:49:14.001Z,U3320900,8510,46.55849,6.73380,37371.6,3.7,10.3,61.9,-273.0,-1.0,-1.0,RS41-SG,403.500,10.3,375,10,2.6,-1,0501029800E0CA305600
2024-09-16T12:49:15.001Z,U3320900,8511,46.55853,6.73392,37375.1,3.6,10.4,60.1,-273.0,-1.0,-1.0,RS41-SG,403.500,9.2,375,10,2.6,-1,0501029800DD8A304A00
2024-09-16T12:49:17.001Z,U3320900,8513,46.55863,6.73415,37382.6,3.8,10.3,61.1,-273.0,-1.0,-1.0,RS41-SG,403.500,8.8,375,10,2.6,-1,0501029800C1AA305200
2024-09-16T12:49:18.001Z,U3320900,8514,46.55867,6.73427,37386.3,3.6,10.2,62.3,-273.0,-1.0,-1.0,RS41-SG,403.500,9.5,375,10,2.6,-1,0501029800B7CA304600
2024-09-16T12:49:19.001Z,U3320900,8515,46.55871,6.73439,37389.8,3.7,10.2,63.9,-273.0,-1.0,-1.0,RS41-SG,403.500,9.5,375,10,2.5,-1,0501029800BC8A304800
2024-09-16T12:49:20.001Z,U3320900,8516,46.55875,6.73450,37393.4,3.4,9.9,66.2,-273.0,-1.0,-1.0,RS41-SG,403.500,9.7,375,10,2.5,-1,0501029800B57A404800
2024-09-16T12:49:21.001Z,U3320900,8517,46.55878,6.73462,37397.0,3.6,9.8,66.6,-273.0,-1.0,-1.0,RS41-SG,403.500,9.7,375,10,2.6,-1,0501029800B6CA305400
2024-09-16T12:49:22.001Z,U3320900,8518,46.55882,6.73474,37400.5,3.6,9.7,66.4,-273.0,-1.0,-1.0,RS41-SG,403.500,9.3,375,10,2.6,-1,0501029800B65A304B00
2024-09-16T12:49:25.001Z,U3320900,8521,46.55893,6.73507,37411.6,3.7,9.6,60.6,-273.0,-1.0,-1.0,RS41-SG,403.500,8.8,375,10,2.6,-1,0501029800A29A304400
2024-09-16T12:49:26.001Z,U3320900,8522,46.55897,6.73518,37415.4,3.6,9.7,60.3,-28.3,0.1,-1.0,RS41-SG,403.500,9.2,375,10,2.5,-1,05010298009A9A304800
2024-09-16T12:49:27.001Z,U3320900,8523,46.55902,6.73529,37419.3,3.9,9.8,62.9,-28.2,0.1,-1.0,RS41-SG,403.500,9.3,375,10,2.5,-1,05010298009BDA304B00
2024-09-16T12:49:28.001Z,U3320900,8524,46.55905,6.73541,37423.2,3.9,10.0,68.2,-28.1,0.1,-1.0,RS41-SG,403.500,10.3,375,10,2.6,-1,05010298009ADA304B00
2024-09-16T12:49:29.001Z,U3320900,8525,46.55908,6.73553,37427.1,4.0,10.2,73.3,-28.0,0.1,-1.0,RS41-SG,403.500,10.3,375,10,2.6,-1,050102970096FA305700
2024-09-16T12:49:38.001Z,U3320900,8534,46.55920,6.73683,37458.9,3.5,11.1,69.1,-27.3,0.1,-1.0,RS41-SG,403.500,10.0,375,10,2.6,-1,0501029700772A304C00
2024-09-16T12:49:39.001Z,U3320900,8535,46.55924,6.73697,37462.3,3.3,11.3,67.5,-27.2,0.1,-1.0,RS41-SG,403.500,10.0,375,10,2.5,-1,050102970072DA305000
2024-09-16T12:49:40.001Z,U3320900,8536,46.55928,6.73710,37465.6,3.4,11.5,66.8,-27.2,0.1,-1.0,RS41-SG,403.500,9.4,375,10,2.5,-1,05010297006B9A304500
2024-09-16T12:49:41.001Z,U3320900,8537,46.55932,6.73724,37469.0,3.3,11.7,68.5,-27.3,0.1,-1.0,RS41-SG,403.500,9.4,375,10,2.6,-1,0501029700670A304700
2024-09-16T12:49:43.001Z,U3320900,8539,46.55939,6.73753,37475.5,3.2,11.8,71.4,-27.2,0.1,-1.0,RS41-SG,403.500,9.3,375,10,2.6,-1,05010297005FFA404500
2024-09-16T12:49:45.001Z,U3320900,8541,46.55945,6.73782,37482.4,3.3,11.4,70.9,-27.0,0.1,-1.0,RS41-SG,403.500,9.9,375,10,2.6,-1,05010297005A2A305700
2024-09-16T12:49:46.001Z,U3320900,8542,46.55949,6.73795,37485.7,3.3,11.0,68.3,-26.9,0.1,-1.0,RS41-SG,403.500,9.9,375,10,2.5,-1,050102970057AA304A00
2024-09-16T12:49:50.001Z,U3320900,8546,46.55967,6.73844,37498.6,3.3,10.5,56.3,-26.7,0.1,-1.0,RS41-SG,403.500,9.1,375,10,2.6,-1,050102970051FA304B00
2024-09-16T12:49:53.001Z,U3320900,8549,46.55982,6.73879,37508.6,3.4,10.8,62.2,-26.9,0.1,-1.0,RS41-SG,403.500,9.6,375,10,2.5,-1,05010297004D3A305700
2024-09-16T12:49:54.001Z,U3320900,8550,46.55986,6.73892,37512.0,3.4,10.8,65.5,-26.8,0.1,-1.0,RS41-SG,403.500,9.6,375,10,2.5,-1,05010297004C6A304F00
2024-09-16T12:49:56.001Z,U3320900,8552,46.55993,6.73918,37518.9,3.6,10.9,67.4,-26.7,0.1,-1.0,RS41-SG,403.500,9.6,375,10,2.6,-1,05010297004A1A304900
2024-09-16T12:49:57.001Z,U3320900,8553,46.55997,6.73930,37522.3,3.5,10.7,64.8,-26.6,0.1,-1.0,RS41-SG,403.500,9.7,375,10,2.6,-1,0501029700488A304600
2024-09-16T12:49:58.001Z,U3320900,8554,46.56002,6.73943,37525.8,3.4,10.7,61.6,-26.6,0.1,-1.0,RS41-SG,403.500,10.2,375,10,2.6,-1,0501029700473A304C00
2024-09-16T12:49:59.001Z,U3320900,8555,46.56006,6.73955,37529.3,3.4,10.8,57.9,-26.5,0.1,-1.0,RS41-SG,403.500,10.2,375,10,2.6,-1,05010297004FCA404500
2024-09-16T12:50:00.001Z,U3320900,8556,46.56012,6.73967,37532.7,3.5,11.0,54.1,-26.5,0.1,-1.0,RS41-SG,403.500,9.7,375,10,2.5,-1,0501029700662A304A00
2024-09-16T12:50:01.001Z,U3320900,8557,46.56018,6.73978,37536.3,3.4,11.2,51.7,-26.5,0.1,-1.0,RS41-SG,403.500,9.7,375,10,2.5,-1,050102970091FA305500
2024-09-16T12:50:02.001Z,U3320900,8558,46.56024,6.73990,37539.6,3.3,11.6,51.1,-26.6,0.1,-1.0,RS41-SG,403.500,9.6,375,10,2.6,-1,0501029700A01A304A00
2024-09-16T12:50:03.001Z,U3320900,8559,46.56031,6.74002,37542.9,3.6,11.8,51.6,-26.7,0.1,-1.0,RS41-SG,403.500,9.2,375,10,2.6,-1,0501029700A5CA304C00
2024-09-16T12:50:04.001Z,U3320900,8560,46.56037,6.74014,37546.3,3.3,11.9,54.6,-26.9,0.1,-1.0,RS41-SG,403.500,9.7,375,10,2.6,-1,0501029700A8CA304700
2024-09-16T12:50:10.001Z,U3320900,8566,46.56070,6.74093,37566.9,3.7,11.4,57.9,-26.7,0.1,-1.0,RS41-SG,403.500,9.2,375,10,2.6,-1,0501029700C5CA304800
2024-09-16T12:50:15.001Z,U3320900,8571,46.56100,6.74151,37585.5,3.9,11.1,53.2,-26.4,0.1,-1.0,RS41-SG,403.500,9.0,375,10,2.6,-1,0501029600BF7A304A00
2024-09-16T12:50:19.001Z,U3320900,8575,46.56120,6.74197,37600.3,3.6,9.9,60.4,-26.2,0.1,-1.0,RS41-SG,403.500,9.7,375,10,2.6,-1,0501029600BFCA304E00
2024-09-16T12:50:21.001Z,U3320900,8577,46.56129,6.74219,37607.8,3.6,9.3,55.4,-26.2,0.1,-1.0,RS41-SG,403.500,10.6,375,10,2.5,-1,0501029600B9DA304F00
2024-09-16T12:50:22.001Z,U3320900,8578,46.56134,6.74228,37611.5,3.6,9.1,50.2,-26.2,0.1,-1.0,RS41-SG,403.500,9.7,375,10,2.6,-1,0501029600B5AA304400
2024-09-16T12:50:23.001Z,U3320900,8579,46.56140,6.74237,37615.1,3.8,9.1,44.8,-26.2,0.1,-1.0,RS41-SG,403.500,11.1,375,10,2.6,-1,-1
2024-09-16T12:50:24.001Z,U3320900,8580,46.56146,6.74245,37618.8,3.6,9.4,41.3,-26.1,0.1,-1.0,RS41-SG,403.500,11.1,375,10,2.7,-1,0501029600B11A304800
2024-09-16T12:50:25.001Z,U3320900,8581,46.56152,6.74253,37622.4,3.6,9.7,39.1,-26.1,0.1,-1.0,RS41-SG,403.500,9.9,375,10,2.6,-1,0501029600ABDA404800
2024-09-16T12:50:26.001Z,U3320900,8582,46.56159,6.74261,37626.1,3.6,10.0,38.6,-26.0,0.1,-1.0,RS41-SG,403.500,11.2,375,10,2.6,-1,0501029600A6AA304A00
2024-09-16T12:50:27.001Z,U3320900,8583,46.56166,6.74269,37629.8,3.5,10.2,39.4,-26.0,0.1,-1.0,RS41-SG,403.500,11.2,375,10,2.5,-1,0501029600A21A305500
2024-09-16T12:50:28.001Z,U3320900,8584,46.56173,6.74278,37633.3,3.6,10.4,40.1,-25.9,0.1,-1.0,RS41-SG,403.500,10.9,375,10,2.5,-1,05010296009E3A304E00
2024-09-16T12:50:29.001Z,U3320900,8585,46.56180,6.74286,37636.7,3.6,10.4,40.9,-25.9,0.1,-1.0,RS41-SG,403.500,10.3,375,10,2.6,-1,050102960097EA304900
2024-09-16T12:50:33.001Z,U3320900,8589,46.56209,6.74319,37650.4,3.2,10.1,33.4,-25.7,0.1,-1.0,RS41-SG,403.500,12.1,375,10,2.6,-1,05010295008E5A303F00
2024-09-16T12:50:35.001Z,U3320900,8591,46.56225,6.74333,37657.0,3.2,10.4,27.2,-25.5,0.1,-1.0,RS41-SG,403.500,11.1,375,10,2.5,-1,0501029500889A305200
2024-09-16T12:50:36.001Z,U3320900,8592,46.56233,6.74339,37660.1,3.2,10.5,26.0,-25.5,0.1,-1.0,RS41-SG,403.500,11.7,375,10,2.6,-1,0501029500866A304F00
2024-09-16T12:50:37.001Z,U3320900,8593,46.56242,6.74345,37663.3,3.3,10.7,26.7,-25.4,0.1,-1.0,RS41-SG,403.500,11.7,375,10,2.6,-1,0501U21300740000006EI
2024-09-16T12:50:38.001Z,U3320900,8594,46.56250,6.74351,37666.8,3.5,10.8,28.4,-25.3,0.1,-1.0,RS41-SG,403.500,10.2,375,10,2.6,-1,050102950084DA304900
2024-09-16T12:50:41.001Z,U3320900,8597,46.56274,6.74374,37676.9,3.4,10.4,37.7,-25.1,0.1,-1.0,RS41-SG,403.500,10.2,375,10,2.5,-1,050102940083CA304C00
2024-09-16T12:50:42.001Z,U3320900,8598,46.56281,6.74382,37680.5,3.4,10.3,38.9,-25.0,0.1,-1.0,RS41-SG,403.500,10.1,375,10,2.5,-1,0501029400833A404300
2024-09-16T12:50:43.001Z,U3320900,8599,46.56289,6.74390,37684.0,3.7,10.1,39.6,-24.9,0.0,-1.0,RS41-SG,403.500,10.1,375,10,2.6,-1,0501029400813A304C00
2024-09-16T12:50:45.001Z,U3320900,8601,46.56302,6.74406,37691.5,3.8,9.7,38.0,-24.8,0.1,-1.0,RS41-SG,403.500,10.9,375,10,2.6,-1,05010293007F4A304A00
2024-09-16T12:50:47.001Z,U3320900,8603,46.56316,6.74422,37698.8,3.5,9.4,38.8,-24.7,0.1,-1.0,RS41-SG,403.500,10.4,375,10,2.6,-1,05010293007E0A305100
2024-09-16T12:50:48.001Z,U3320900,8604,46.56322,6.74429,37702.3,3.4,9.3,40.7,-24.7,0.1,-1.0,RS41-SG,403.500,9.9,375,10,2.5,-1,05010293007FDA304B00
2024-09-16T12:50:50.001Z,U3320900,8606,46.56334,6.74446,37709.4,3.6,9.2,46.4,-24.7,0.1,-1.0,RS41-SG,403.500,10.1,375,10,2.6,-1,0501029200836A304300
2024-09-16T12:50:51.001Z,U3320900,8607,46.56340,6.74455,37712.7,3.4,9.2,48.9,-24.8,0.1,-1.0,RS41-SG,403.500,10.5,375,10,2.6,-1,050102920082CA304A00
2024-09-16T12:50:52.001Z,U3320900,8608,46.56345,6.74464,37716.2,3.5,9.1,49.9,-24.9,0.1,-1.0,RS41-SG,403.500,10.5,375,10,2.6,-1,050102910082FA305100
2024-09-16T12:50:53.001Z,U3320900,8609,46.56350,6.74473,37719.8,3.7,9.0,48.8,-25.0,0.1,-1.0,RS41-SG,403.500,11.3,375,10,2.6,-1,050102910081DA305000
2024-09-16T12:50:55.001Z,U3320900,8611,46.56361,6.74489,37726.8,3.5,9.0,41.7,-25.2,0.1,-1.0,RS41-SG,403.500,10.2,375,10,2.5,-1,0501029000848A304900
2024-09-16T12:50:56.001Z,U3320900,8612,46.56368,6.74497,37730.4,3.5,9.2,37.7,-25.2,0.1,-1.0,RS41-SG,403.500,10.2,375,10,2.5,-1,050102900088EA305100
2024-09-16T12:50:58.001Z,U3320900,8614,46.56382,6.74511,37737.6,3.8,9.9,31.1,-25.0,0.1,-1.0,RS41-SG,403.500,10.0,375,10,2.6,-1,0501028F00891A304B00
2024-09-16T12:50:59.001Z,U3320900,8615,46.56389,6.74517,37741.4,3.9,10.2,30.2,-24.8,0.1,-1.0,RS41-SG,403.500,10.0,375,10,2.6,-1,0501028F0088BA304800
2024-09-16T12:51:00.001Z,U3320900,8616,46.56397,6.74524,37745.0,3.5,10.3,30.8,-24.7,0.1,-1.0,RS41-SG,403.500,10.0,375,10,2.6,-1,0501028E008ACA404700
2024-09-16T12:51:03.001Z,U3320900,8619,46.56421,6.74546,37755.7,3.4,10.7,34.3,-24.6,0.1,-1.0,RS41-SG,403.500,10.0,375,10,2.5,-1,0501028D008D4A304B00
2024-09-16T12:51:04.001Z,U3320900,8620,46.56429,6.74554,37759.2,3.5,10.8,34.5,-24.6,0.1,-1.0,RS41-SG,403.500,9.6,375,10,2.6,-1,0501028D008D4A304E00
2024-09-16T12:51:05.001Z,U3320900,8621,46.56437,6.74562,37762.8,3.7,10.7,34.6,-24.6,0.1,-1.0,RS41-SG,403.500,9.6,375,10,2.6,-1,0501028C008BCA304B00
2024-09-16T12:51:06.001Z,U3320900,8622,46.56445,6.74570,37766.2,3.4,10.8,33.7,-24.6,0.1,-1.0,RS41-SG,403.500,10.5,375,10,2.6,-1,0501028C008B6A305200
2024-09-16T12:51:08.001Z,U3320900,8624,46.56462,6.74585,37773.3,3.4,10.9,31.4,-24.8,0.1,-1.0,RS41-SG,403.500,10.3,375,10,2.6,-1,0501028B00940A304F00
2024-09-16T12:51:09.001Z,U3320900,8625,46.56470,6.74592,37776.8,3.5,11.1,31.3,-24.8,0.1,-1.0,RS41-SG,403.500,11.3,375,10,2.5,-1,0501028A0098AA304200
2024-09-16T12:51:10.001Z,U3320900,8626,46.56479,6.74600,37780.3,3.4,11.3,31.4,-24.7,0.1,-1.0,RS41-SG,403.500,11.4,375,10,2.5,-1,0501028A00992A304900
2024-09-16T12:51:11.001Z,U3320900,8627,46.56487,6.74608,37783.8,3.5,11.6,32.3,-24.6,0.1,-1.0,RS41-SG,403.500,11.4,375,10,2.6,-1,0501028A00999A304B00
2024-09-16T12:51:13.001Z,U3320900,8629,46.56505,6.74625,37790.8,3.6,12.0,35.5,-24.4,0.1,-1.0,RS41-SG,403.500,10.8,375,10,2.6,-1,050102890094BA304A00
2024-09-16T12:51:14.001Z,U3320900,8630,46.56513,6.74634,37794.2,3.4,11.9,36.9,-24.3,0.0,-1.0,RS41-SG,403.500,10.5,375,10,2.6,-1,0501028800923A304E00
2024-09-16T12:51:15.001Z,U3320900,8631,46.56522,6.74643,37797.8,3.4,12.0,38.1,-24.2,0.1,-1.0,RS41-SG,403.500,10.2,375,10,2.6,-1,05010288008F9A304A00
2024-09-16T12:51:16.001Z,U3320900,8632,46.56530,6.74653,37801.4,3.3,12.0,38.6,-24.2,0.1,-1.0,RS41-SG,403.500,10.2,375,10,2.5,-1,0501028800910A305300
2024-09-16T12:51:17.001Z,U3320900,8633,46.56539,6.74663,37804.8,3.5,12.0,38.2,-24.3,0.1,-1.0,RS41-SG,403.500,9.6,375,10,2.5,-1,050102870090FA304B00
2024-09-16T12:51:18.001Z,U3320900,8634,46.56547,6.74672,37808.2,3.5,11.9,37.5,-24.5,0.1,-1.0,RS41-SG,403.500,11.5,375,10,2.6,-1,050102860090DA304900
2024-09-16T12:51:19.001Z,U3320900,8635,46.56556,6.74682,37811.9,3.7,11.9,36.7,-24.7,0.1,-1.0,RS41-SG,403.500,11.5,375,10,2.6,-1,0501028600A20A304F00
2024-09-16T12:51:20.001Z,U3320900,8636,46.56564,6.74691,37815.5,3.7,11.9,35.4,-24.8,0.1,-1.0,RS41-SG,403.500,10.3,375,10,2.6,-1,0501028600C9FA304200
2024-09-16T12:51:21.001Z,U3320900,8637,46.56573,6.74700,37819.2,3.7,12.1,35.2,-24.8,0.1,-1.0,RS41-SG,403.500,10.8,375,10,2.6,-1,0501028500EF3A304800
2024-09-16T12:51:22.001Z,U3320900,8638,46.56582,6.74709,37823.0,3.6,12.1,35.5,-24.7,0.1,-1.0,RS41-SG,403.500,10.8,375,10,2.6,-1,0501028501167A304B00
2024-09-16T12:51:23.001Z,U3320900,8639,46.56591,6.74718,37826.8,3.6,12.2,36.1,-24.6,0.1,-1.0,RS41-SG,403.500,10.3,375,10,2.5,-1,050102840131CA305700
2024-09-16T12:51:24.001Z,U3320900,8640,46.56600,6.74727,37830.5,3.9,12.2,36.5,-24.5,0.1,-1.0,RS41-SG,403.500,10.3,375,10,2.5,-1,050102840138CA304B00
2024-09-16T12:51:25.001Z,U3320900,8641,46.56608,6.74737,37834.4,4.0,12.1,37.8,-24.4,0.1,-1.0,RS41-SG,403.500,10.3,375,10,2.6,-1,05010283013EBA304F00
2024-09-16T12:51:35.001Z,U3320900,8651,46.56732,6.74850,37506.8,-76.7,12.0,37.5,-25.3,0.1,-1.0,RS41-SG,403.500,11.0,375,10,2.6,-1,0501027F0169FA305300
2024-09-16T12:51:46.001Z,U3320900,8662,46.56820,6.74973,36582.2,-96.5,13.1,45.8,-29.7,0.2,-1.0,RS41-SG,403.500,10.3,375,10,2.6,-1,0501027D01B43A304700
2024-09-16T12:51:47.001Z,U3320900,8663,46.56827,6.74985,36485.0,-99.0,10.8,55.4,-30.0,0.2,-1.0,RS41-SG,403.500,10.3,375,10,2.6,-1,0501027D01BDBA304F00
2024-09-16T12:51:48.001Z,U3320900,8664,46.56832,6.74996,36385.2,-101.6,9.4,65.9,-30.2,0.2,-1.0,RS41-SG,403.500,10.7,375,10,2.6,-1,0501027D01C6EA304700
2024-09-16T12:51:49.001Z,U3320900,8665,46.56835,6.75006,36284.6,-100.6,7.7,69.7,-30.4,0.2,-1.0,RS41-SG,403.500,11.0,562,10,2.6,-1,0501027D01CF5A304500
2024-09-16T12:51:51.001Z,U3320900,8667,46.56840,6.75024,36082.4,-102.7,8.4,66.9,-30.0,0.2,-1.0,RS41-SG,403.500,11.0,375,10,2.4,-1,0501027D01E3DA304A00
2024-09-16T12:51:52.001Z,U3320900,8668,46.56843,6.75034,35980.6,-102.0,8.7,62.1,-29.8,0.2,-1.0,RS41-SG,403.500,11.1,375,10,2.5,-1,0501027C01EB9A305600
2024-09-16T12:51:53.001Z,U3320900,8669,46.56848,6.75044,35878.6,-102.3,9.4,57.6,-30.2,0.2,-1.0,RS41-SG,403.500,11.1,562,10,2.6,-1,0501027C01F6FA304A00
2024-09-16T12:51:54.001Z,U3320900,8670,46.56852,6.75054,35776.0,-103.1,9.1,64.3,-30.8,0.2,-1.0,RS41-SG,403.500,10.7,562,10,2.6,-1,0501027C0201EA305300
2024-09-16T12:51:55.001Z,U3320900,8671,46.56855,6.75065,35672.2,-105.0,8.2,70.0,-31.1,0.2,-1.0,RS41-SG,403.500,10.6,562,10,2.6,-1,0501027D020B3A304700
2024-09-16T12:51:56.001Z,U3320900,8672,46.56858,6.75074,35567.0,-106.2,7.9,73.4,-32.0,0.2,-1.0,RS41-SG,403.500,10.5,562,10,2.6,-1,0501027C0216CA304E00
2024-09-16T12:51:57.001Z,U3320900,8673,46.56859,6.75084,35461.5,-105.5,8.0,85.7,-32.9,0.2,-1.0,RS41-SG,403.500,10.1,562,10,2.6,-1,0501027D0222FA304B00
2024-09-16T12:52:00.001Z,U3320900,8676,46.56863,6.75113,35148.8,-104.1,7.4,68.1,-34.5,0.3,-1.0,RS41-SG,403.500,9.9,562,10,2.6,-1,0501027D024BCA304800
2024-09-16T12:52:02.001Z,U3320900,8678,46.56870,6.75133,34938.9,-105.7,10.2,66.5,-34.7,0.3,-1.0,RS41-SG,403.500,9.2,562,10,2.6,-1,0501027D0258BA304B00
2024-09-16T12:52:03.001Z,U3320900,8679,46.56873,6.75145,34832.4,-108.1,9.5,71.6,-34.9,0.2,-1.0,RS41-SG,403.500,9.2,562,10,2.6,-1,0501027D0261EA305200
2024-09-16T12:52:04.001Z,U3320900,8680,46.56875,6.75157,34725.4,-107.1,9.1,77.2,-35.9,0.3,-1.0,RS41-SG,403.500,8.3,562,10,2.6,-1,-1
2024-09-16T12:52:05.001Z,U3320900,8681,46.56876,6.75169,34619.9,-104.0,9.7,87.2,-36.9,0.3,-1.0,RS41-SG,403.500,8.1,562,10,2.6,-1,0501027D026FDA304600
2024-09-16T12:52:06.001Z,U3320900,8682,46.56877,6.75181,34517.1,-102.1,9.3,90.9,-37.9,0.3,-1.0,RS41-SG,403.500,8.0,562,10,2.5,-1,0501027D027F7A304B00
2024-09-16T12:52:14.001Z,U3320900,8690,46.56881,6.75281,33710.5,-97.6,9.6,88.1,-39.7,0.4,-1.0,RS41-SG,403.500,8.4,375,10,2.6,-1,0501027D02D3BA304900
2024-09-16T12:52:16.001Z,U3320900,8692,46.56882,6.75307,33516.2,-96.3,10.9,90.2,-40.2,0.4,-1.0,RS41-SG,403.500,8.6,375,10,2.6,-1,0501027D02EA5A304600
2024-09-16T12:52:18.001Z,U3320900,8694,46.56883,6.75335,33328.7,-89.1,10.4,79.5,-40.6,0.5,-1.0,RS41-SG,403.500,8.8,375,10,2.6,-1,0501027E0304EA404600
2024-09-16T12:52:20.001Z,U3320900,8696,46.56885,6.75360,33155.3,-84.7,9.9,86.7,-41.4,0.5,-1.0,RS41-SG,403.500,9.8,375,10,2.4,-1,0501027E03027A304C00
2024-09-16T12:52:21.001Z,U3320900,8697,46.56885,6.75374,33074.4,-77.2,11.2,91.3,-42.3,0.5,-1.0,RS41-SG,403.500,9.1,375,10,2.6,-1,0501027E03024A305200
2024-09-16T12:52:22.001Z,U3320900,8698,46.56884,6.75389,32997.5,-76.4,12.0,98.9,-42.9,0.5,-1.0,RS41-SG,403.500,9.2,562,10,2.6,-1,0501027E0306AA304900
2024-09-16T12:52:26.001Z,U3320900,8702,46.56872,6.75454,32707.0,-69.6,14.0,102.6,-43.2,0.6,-1.0,RS41-SG,403.500,8.9,375,10,2.5,-1,0501027E030F3A404300
2024-09-16T12:52:28.001Z,U3320900,8704,46.56868,6.75489,32569.4,-68.3,14.4,94.9,-43.4,0.5,-1.0,RS41-SG,403.500,8.3,375,10,2.6,-1,0501027E03262A305500
2024-09-16T12:52:30.001Z,U3320900,8706,46.56865,6.75529,32430.5,-71.1,16.1,97.5,-43.0,0.5,-1.0,RS41-SG,403.500,8.2,375,10,2.6,-1,0501027E0344DA305400
2024-09-16T12:52:32.001Z,U3320900,8708,46.56861,6.75570,32284.3,-74.7,16.2,99.3,-42.7,0.5,-1.0,RS41-SG,403.500,8.4,562,10,2.6,-1,0501027E03625A304F00
2024-09-16T12:52:33.001Z,U3320900,8709,46.56859,6.75590,32208.8,-76.4,15.5,97.1,-42.6,0.5,-1.0,RS41-SG,403.500,8.8,562,10,2.5,-1,0501027E036F2A304C00
2024-09-16T12:52:34.001Z,U3320900,8710,46.56857,6.75611,32131.7,-78.5,15.6,95.5,-42.6,0.5,-1.0,RS41-SG,403.500,8.9,562,10,2.5,-1,0501027E037C2A303E00
2024-09-16T12:52:36.001Z,U3320900,8712,46.56855,6.75650,31975.8,-78.1,14.9,92.7,-42.6,0.5,-1.0,RS41-SG,403.500,8.9,375,10,2.6,-1,0501027E039AFA305400
2024-09-16T12:52:38.001Z,U3320900,8714,46.56853,6.75688,31819.7,-79.2,15.2,97.1,-42.3,0.5,-1.0,RS41-SG,403.500,8.6,375,10,2.6,-1,0501U21300740000006EI
2024-09-16T12:53:33.001Z,U3320900,8769,46.56800,6.76691,28558.8,-43.8,6.6,91.8,-50.0,0.8,-1.0,RS41-SG,403.500,8.3,375,10,2.6,-1,0501027E04BFDA404200
2024-09-16T12:53:34.001Z,U3320900,8770,46.56800,6.76699,28514.8,-43.8,5.7,84.4,-50.3,0.8,-1.0,RS41-SG,403.500,8.2,375,10,2.6,-1,0501027E04C1DA304800
2024-09-16T12:53:35.001Z,U3320900,8771,46.56800,6.76707,28471.7,-42.9,5.9,82.1,-50.4,0.8,-1.0,RS41-SG,403.500,9.3,375,10,2.6,-1,0501027E04C4AA304C00
2024-09-16T12:53:37.001Z,U3320900,8773,46.56802,6.76723,28386.4,-42.3,6.4,90.1,-50.4,0.8,-1.0,RS41-SG,403.500,8.5,562,10,2.5,-1,0501027E04CCEA305000
2024-09-16T12:53:38.001Z,U3320900,8774,46.56801,6.76732,28343.8,-43.2,7.5,95.5,-50.2,0.8,-1.0,RS41-SG,403.500,8.5,375,10,2.5,-1,0501U21300740000006EI
2024-09-16T12:53:43.001Z,U3320900,8779,46.56790,6.76796,28123.5,-43.3,11.8,99.6,-50.5,0.8,-1.0,RS41-SG,403.500,9.2,375,10,2.6,-1,0501027E0504EA304800
2024-09-16T12:53:45.001Z,U3320900,8781,46.56789,6.76825,28037.0,-44.5,10.7,86.2,-50.5,0.8,-1.0,RS41-SG,403.500,8.1,375,10,2.5,-1,0501027E05093A304A00
2024-09-16T12:53:52.001Z,U3320900,8788,46.56804,6.76913,27730.5,-44.8,10.6,84.0,-50.4,0.7,-1.0,RS41-SG,403.500,8.8,375,10,2.5,-1,0501027E05301A304200
2024-09-16T12:53:53.001Z,U3320900,8789,46.56805,6.76927,27686.6,-43.5,10.5,81.9,-50.7,0.8,-1.0,RS41-SG,403.500,8.8,375,10,2.6,-1,0501027E05385A304900
2024-09-16T12:53:54.001Z,U3320900,8790,46.56807,6.76940,27642.9,-43.9,10.4,81.5,-50.6,0.8,-1.0,RS41-SG,403.500,8.7,375,10,2.6,-1,0501027E0540AA304800
2024-09-16T12:54:01.001Z,U3320900,8797,46.56817,6.77021,27331.4,-44.8,9.1,80.0,-50.3,0.7,-1.0,RS41-SG,403.500,9.1,375,10,2.6,-1,0501027E057BEA303A00
2024-09-16T12:54:05.001Z,U3320900,8801,46.56824,6.77073,27160.6,-41.7,10.2,77.5,-50.8,0.8,-1.0,RS41-SG,403.500,8.1,375,10,2.5,-1,0501027E05817A305100
2024-09-16T12:54:48.001Z,U3320900,8844,46.56941,6.77341,25276.0,-40.2,2.9,12.7,-54.9,1.1,-1.0,RS41-SG,403.500,9.6,375,10,2.5,-1,0501027E0575DA304000
2024-09-16T12:54:51.001Z,U3320900,8847,46.56946,6.77346,25155.9,-40.8,2.6,62.8,-54.5,1.0,-1.0,RS41-SG,403.500,8.9,375,10,2.6,-1,0501027E0572FA304F00
2024-09-16T12:54:53.001Z,U3320900,8849,46.56947,6.77352,25074.4,-40.5,2.8,82.6,-53.8,0.9,-1.0,RS41-SG,403.500,10.1,375,10,2.6,-1,0501027E05900A304E00
2024-09-16T12:54:54.001Z,U3320900,8850,46.56948,6.77356,25034.5,-39.0,3.2,90.1,-53.5,0.9,-1.0,RS41-SG,403.500,10.1,375,10,2.5,-1,0501027E059ACA305300
2024-09-16T12:54:55.001Z,U3320900,8851,46.56948,6.77361,24996.9,-35.8,3.5,79.6,-53.6,0.9,-1.0,RS41-SG,403.500,10.0,375,10,2.5,-1,0501027E05AF0A304400
2024-09-16T12:54:56.001Z,U3320900,8852,46.56949,6.77365,24962.1,-33.8,3.9,76.5,-53.8,0.9,-1.0,RS41-SG,403.500,11.2,375,10,2.6,-1,0501027D05BA5A303C00
2024-09-16T12:54:57.001Z,U3320900,8853,46.56950,6.77370,24928.6,-33.0,3.5,64.0,-54.1,0.9,-1.0,RS41-SG,403.500,11.2,375,10,2.6,-1,0501027D05BD8A304700
2024-09-16T12:54:58.001Z,U3320900,8854,46.56951,6.77374,24895.3,-33.2,3.1,69.5,-54.1,0.9,-1.0,RS41-SG,403.500,10.4,375,10,2.6,-1,0501027D05BCAA305300
2024-09-16T12:55:01.001Z,U3320900,8857,46.56952,6.77386,24796.7,-32.5,2.6,97.5,-54.5,1.0,-1.0,RS41-SG,403.500,10.7,375,10,2.5,-1,0501027D05ADFA304300
2024-09-16T12:55:02.001Z,U3320900,8858,46.56952,6.77389,24764.3,-32.6,2.5,117.1,-54.8,1.0,-1.0,RS41-SG,403.500,10.7,375,10,2.5,-1,0501027D05AB1A304500
2024-09-16T12:55:03.001Z,U3320900,8859,46.56950,6.77391,24731.6,-32.2,2.2,127.9,-55.0,1.0,-1.0,RS41-SG,403.500,10.0,375,10,2.6,-1,0501027D05A7AA304700
2024-09-16T12:55:04.001Z,U3320900,8860,46.56949,6.77394,24699.3,-32.3,2.6,133.5,-55.2,1.0,-1.0,RS41-SG,403.500,10.9,375,10,2.6,-1,0501027D05A46A304700
2024-09-16T12:55:05.001Z,U3320900,8861,46.56947,6.77396,24667.0,-32.3,2.7,135.0,-55.2,1.0,-1.0,RS41-SG,403.500,10.9,375,10,2.6,-1,0501027D05A37A305400
2024-09-16T12:55:06.001Z,U3320900,8862,46.56946,6.77399,24634.7,-32.3,2.8,120.8,-55.1,1.0,-1.0,RS41-SG,403.500,10.3,375,10,2.6,-1,0501027D05A91A304B00
2024-09-16T12:55:07.001Z,U3320900,8863,46.56945,6.77402,24602.4,-32.4,3.2,112.7,-55.1,1.1,-1.0,RS41-SG,403.500,10.9,375,10,2.6,-1,0501027D05B8CA304C00
2024-09-16T12:55:09.001Z,U3320900,8865,46.56943,6.77412,24538.6,-31.5,4.7,105.4,-55.1,1.1,-1.0,RS41-SG,403.500,10.3,375,10,2.5,-1,0501027C05D8FA304F00
2024-09-16T12:55:10.001Z,U3320900,8866,46.56942,6.77418,24506.9,-31.3,4.3,97.8,-55.6,1.1,-1.0,RS41-SG,403.500,10.3,375,10,2.6,-1,0501027C05E14A304200
2024-09-16T12:55:11.001Z,U3320900,8867,46.56942,6.77423,24475.1,-31.8,4.4,97.6,-55.9,1.1,-1.0,RS41-SG,403.500,9.9,375,10,2.6,-1,0501027C05E1AA304700
2024-09-16T12:55:12.001Z,U3320900,8868,46.56941,6.77429,24443.3,-31.2,4.5,95.0,-56.0,1.2,-1.0,RS41-SG,403.500,10.9,375,10,2.6,-1,0501027C05E74A304000
2024-09-16T12:55:13.001Z,U3320900,8869,46.56941,6.77434,24411.9,-31.4,3.6,95.7,-55.9,1.1,-1.0,RS41-SG,403.500,10.9,375,10,2.6,-1,0501027C05F13A304900
2024-09-16T12:55:14.001Z,U3320900,8870,46.56940,6.77438,24380.3,-31.7,2.9,94.6,-55.7,1.1,-1.0,RS41-SG,403.500,10.7,375,10,2.6,-1,0501027C05FE5A304F00
2024-09-16T12:55:15.001Z,U3320900,8871,46.56940,6.77442,24348.9,-31.4,2.3,85.7,-55.6,1.1,-1.0,RS41-SG,403.500,10.7,375,10,2.5,-1,0501027C0609FA305000
2024-09-16T12:55:16.001Z,U3320900,8872,46.56941,6.77444,24317.4,-31.7,1.9,78.5,-55.5,1.0,-1.0,RS41-SG,403.500,10.4,375,10,2.5,-1,0501027C06150A304C00
2024-09-16T12:55:17.001Z,U3320900,8873,46.56941,6.77447,24285.5,-31.6,1.9,67.5,-55.3,1.0,-1.0,RS41-SG,403.500,10.2,375,10,2.6,-1,0501027C061DDA304800
2024-09-16T12:55:18.001Z,U3320900,8874,46.56942,6.77449,24253.7,-31.5,2.3,81.2,-55.2,1.0,-1.0,RS41-SG,403.500,8.6,375,10,2.6,08:26:38,0501027C06261A304900
2024-09-16T12:55:19.001Z,U3320900,8875,46.56942,6.77452,24221.9,-31.8,2.4,84.1,-55.1,1.0,-1.0,RS41-SG,403.500,9.3,375,10,2.6,08:26:38,0501027C0634CA304A00
2024-09-16T12:55:22.001Z,U3320900,8878,46.56942,6.77461,24127.4,-30.8,2.4,100.4,-55.1,1.0,-1.0,RS41-SG,403.500,9.5,375,10,2.5,08:26:38,0501027B064F6A304800
2024-09-16T12:55:23.001Z,U3320900,8879,46.56941,6.77464,24096.5,-30.7,2.0,96.9,-55.0,1.0,-1.0,RS41-SG,403.500,8.6,375,10,2.5,08:26:38,0501027B06535A304800
2024-09-16T12:55:24.001Z,U3320900,8880,46.56941,6.77466,24065.5,-31.1,1.3,106.7,-54.9,1.0,-1.0,RS41-SG,403.500,9.3,375,10,2.6,08:26:38,0501027B0658AA304B00
2024-09-16T12:55:25.001Z,U3320900,8881,46.56941,6.77467,24034.5,-30.6,0.6,87.7,-54.9,1.0,-1.0,RS41-SG,403.500,9.3,375,10,2.6,08:26:38,0501027B065BFA304800
2024-09-16T12:55:30.001Z,U3320900,8886,46.56944,6.77469,23881.6,-30.1,1.4,359.5,-55.2,1.0,-1.0,RS41-SG,403.500,9.5,375,10,2.7,08:26:38,0501027B066CDA304A00
2024-09-16T12:55:32.001Z,U3320900,8888,46.56946,6.77469,23821.1,-30.0,1.7,338.0,-55.8,1.1,-1.0,RS41-SG,403.500,9.6,375,10,2.6,08:26:38,0501027B0668BA304800
2024-09-16T12:55:33.001Z,U3320900,8889,46.56948,6.77467,23791.2,-29.9,2.2,328.3,-55.9,1.1,-1.0,RS41-SG,403.500,9.7,375,10,2.6,08:26:38,0501027B06664A404000
2024-09-16T12:55:35.001Z,U3320900,8891,46.56951,6.77462,23731.4,-29.8,3.5,301.4,-56.0,1.1,-1.0,RS41-SG,403.500,10.2,375,10,2.5,08:26:38,0501027A066B6A305200
2024-09-16T12:55:44.001Z,U3320900,8900,46.56958,6.77461,23439.0,-35.0,2.2,56.9,-55.5,1.0,-1.0,RS41-SG,403.500,9.0,375,10,2.6,08:26:38,0501027A06B00A304D00
2024-09-16T12:55:49.001Z,U3320900,8905,46.56963,6.77470,23273.4,-32.6,2.1,18.2,-54.8,1.0,-1.0,RS41-SG,403.500,8.3,375,10,2.5,08:26:38,0501027906B3FA304E00
2024-09-16T12:55:55.001Z,U3320900,8911,46.56979,6.77473,23066.6,-35.3,3.2,348.9,-54.8,1.0,-1.0,RS41-SG,403.500,8.1,375,10,2.5,08:26:38,0501027906A91A304500
2024-09-16T12:55:57.001Z,U3320900,8913,46.56984,6.77469,22996.8,-34.6,3.9,321.1,-54.8,1.0,-1.0,RS41-SG,403.500,8.7,375,10,2.6,08:26:38,0501027806A7BA304F00
2024-09-16T12:56:01.001Z,U3320900,8917,46.56992,6.77450,22857.6,-34.4,5.7,290.0,-54.5,0.9,-1.0,RS41-SG,403.500,7.7,375,10,2.6,08:26:38,0501027806983A305100
