timestamp,serial,frame,lat,lon,alt,vel_v,vel_h,heading,temp,humidity,pressure,type,freq_mhz,snr,f_error_hz,sats,batt_v,burst_timer,aux_data
2024-02-20T23:50:27.000Z,U4254009,3513,44.26092,7.58460,9681.3,4.4,34.4,176.9,-273.0,-1.0,-1.0,RS41,403.700,10.2,1687,10,2.7,-1,-1
2024-02-20T23:50:30.000Z,U4254009,3516,44.25999,7.58465,9692.9,3.1,34.9,177.6,-273.0,-1.0,-1.0,RS41,403.700,9.6,1687,10,2.8,-1,-1
2024-02-20T23:50:31.000Z,U4254009,3517,44.25968,7.58467,9696.0,3.0,35.2,177.7,-273.0,-1.0,-1.0,RS41,403.700,10.4,1687,10,2.8,-1,-1
2024-02-20T23:50:34.000Z,U4254009,3520,44.25873,7.58471,9706.9,3.3,34.5,178.4,-273.0,-1.0,-1.0,RS41,403.700,9.5,1687,10,2.8,-1,-1
2024-02-20T23:50:47.000Z,U4254009,3533,44.25478,7.58505,9754.3,3.3,34.2,176.1,-273.0,-1.0,-1.0,RS41,403.700,9.4,1687,10,2.8,-1,-1
2024-02-20T23:50:55.000Z,U4254009,3541,44.25235,7.58522,9781.6,3.5,33.3,177.6,-273.0,-1.0,-1.0,RS41,403.700,9.3,1687,10,2.7,-1,-1
2024-02-20T23:51:04.000Z,U4254009,3550,44.24953,7.58542,9816.8,3.2,35.2,175.5,-273.0,-1.0,-1.0,RS41,403.700,7.4,1687,10,2.8,-1,-1
2024-02-20T23:51:05.000Z,U4254009,3551,44.24921,7.58545,9820.6,4.4,35.1,175.6,-273.0,-1.0,-1.0,RS41,403.700,7.8,1687,10,2.8,-1,-1
2024-02-20T23:51:06.000Z,U4254009,3552,44.24890,7.58548,9825.0,4.0,35.1,176.2,-273.0,-1.0,-1.0,RS41,403.700,7.8,1687,9,2.8,-1,-1
2024-02-20T23:51:17.000Z,U4254009,3563,44.24548,7.58581,9871.5,3.1,34.7,172.2,-273.0,-1.0,-1.0,RS41,403.700,9.4,1687,10,2.8,-1,-1
2024-02-20T23:51:19.000Z,U4254009,3565,44.24485,7.58593,9878.8,3.8,35.9,173.4,-273.0,-1.0,-1.0,RS41,403.700,9.0,1687,10,2.7,-1,-1
2024-02-20T23:56:00.000Z,U4254009,3846,44.15049,7.60282,11030.2,6.5,37.7,176.3,-273.0,-1.0,-1.0,RS41,403.700,8.3,1687,10,2.8,-1,-1
2024-02-20T23:56:09.000Z,U4254009,3855,44.14773,7.60343,11074.0,4.5,32.4,170.2,-273.0,-1.0,-1.0,RS41,403.700,7.9,1687,10,2.7,-1,-1
2024-02-20T23:56:20.000Z,U4254009,3866,44.14434,7.60397,11122.9,5.8,32.9,169.9,-273.0,-1.0,-1.0,RS41,403.700,9.5,1687,10,2.8,-1,-1
2024-02-20T23:56:21.000Z,U4254009,3867,44.14405,7.60404,11128.7,5.6,32.4,169.3,-273.0,-1.0,-1.0,RS41,403.700,10.4,1687,10,2.8,-1,-1
2024-02-20T23:56:22.000Z,U4254009,3868,44.14377,7.60412,11133.2,3.8,32.8,169.1,-273.0,-1.0,-1.0,RS41,403.700,10.7,1687,10,2.8,-1,-1
2024-02-20T23:56:25.000Z,U4254009,3871,44.14288,7.60433,11148.8,4.5,34.6,171.9,-273.0,-1.0,-1.0,RS41,403.700,11.4,1687,10,2.8,-1,-1
2024-02-20T23:56:26.000Z,U4254009,3872,44.14257,7.60439,11152.4,3.1,34.5,173.0,-273.0,-1.0,-1.0,RS41,403.700,11.5,1687,10,2.8,-1,-1
2024-02-20T23:56:27.000Z,U4254009,3873,44.14226,7.60444,11156.2,4.8,34.1,173.4,-273.0,-1.0,-1.0,RS41,403.700,10.4,1687,10,2.7,-1,-1
2024-02-20T23:56:28.000Z,U4254009,3874,44.14196,7.60449,11161.4,5.1,33.4,173.3,-273.0,-1.0,-1.0,RS41,403.700,10.4,1687,10,2.7,-1,-1
2024-02-20T23:56:42.000Z,U4254009,3888,44.13776,7.60525,11220.1,4.2,32.6,172.3,-273.0,-1.0,-1.0,RS41,403.700,9.9,1687,10,2.8,-1,-1
2024-02-20T23:56:54.000Z,U4254009,3900,44.13420,7.60597,11272.9,3.9,34.1,170.7,-273.0,-1.0,-1.0,RS41,403.700,9.7,1687,10,2.8,-1,-1
2024-02-20T23:56:55.000Z,U4254009,3901,44.13390,7.60604,11277.0,3.9,33.8,171.3,-273.0,-1.0,-1.0,RS41,403.700,9.7,1687,10,2.7,-1,-1
2024-02-20T23:57:29.000Z,U4254009,3935,44.12371,7.60906,11417.9,3.9,34.5,167.3,-273.0,-1.0,-1.0,RS41,403.700,9.1,1687,10,2.7,-1,-1
2024-02-20T23:57:30.000Z,U4254009,3936,44.12341,7.60915,11422.4,4.8,34.3,167.8,-273.0,-1.0,-1.0,RS41,403.700,9.1,1687,10,2.8,-1,-1
2024-02-20T23:57:31.000Z,U4254009,3937,44.12311,7.60924,11426.8,3.6,34.4,168.6,-273.0,-1.0,-1.0,RS41,403.700,8.6,1687,10,2.8,-1,-1
2024-02-20T23:57:32.000Z,U4254009,3938,44.12280,7.60932,11431.1,4.2,34.5,169.5,-273.0,-1.0,-1.0,RS41,403.700,9.9,1687,10,2.7,-1,-1
2024-02-20T23:57:33.000Z,U4254009,3939,44.12250,7.60940,11435.2,3.9,34.1,169.4,-273.0,-1.0,-1.0,RS41,403.700,9.9,1687,10,2.7,-1,-1
2024-02-20T23:57:34.000Z,U4254009,3940,44.12220,7.60948,11439.0,3.6,33.7,169.7,-273.0,-1.0,-1.0,RS41,403.700,9.8,1687,10,2.8,-1,-1
2024-02-20T23:57:35.000Z,U4254009,3941,44.12190,7.60955,11443.3,4.7,33.8,169.8,-273.0,-1.0,-1.0,RS41,403.700,9.7,1687,10,2.8,-1,-1
2024-02-20T23:58:36.000Z,U4254009,4002,44.10437,7.61348,11693.8,3.2,30.2,168.3,-273.0,-1.0,-1.0,RS41,403.700,7.3,1687,10,2.8,-1,-1
2024-02-20T23:58:37.000Z,U4254009,4003,44.10410,7.61355,11697.6,4.2,30.1,170.1,-273.0,-1.0,-1.0,RS41,403.700,8.5,1687,10,2.8,-1,-1
2024-02-20T23:58:38.000Z,U4254009,4004,44.10383,7.61360,11702.4,5.0,30.1,172.6,-273.0,-1.0,-1.0,RS41,403.700,9.0,1687,10,2.8,-1,-1
2024-02-20T23:58:39.000Z,U4254009,4005,44.10356,7.61364,11706.5,3.1,30.1,174.5,-273.0,-1.0,-1.0,RS41,403.700,9.0,1687,10,2.7,-1,-1
2024-02-21T00:00:02.000Z,U4254009,4088,44.08237,7.61741,12026.3,5.1,27.6,177.5,-273.0,-1.0,-1.0,RS41,403.700,8.0,1687,10,2.7,-1,-1
2024-02-21T00:00:03.000Z,U4254009,4089,44.08212,7.61742,12030.5,3.2,27.5,179.1,-273.0,-1.0,-1.0,RS41,403.700,8.0,1687,10,2.7,-1,-1
2024-02-21T00:01:39.000Z,U4254009,4185,44.06140,7.62035,12379.5,3.3,22.1,159.9,-273.0,-1.0,-1.0,RS41,403.700,8.4,1687,10,2.8,-1,-1
2024-02-21T00:01:49.000Z,U4254009,4195,44.05930,7.62115,12419.2,3.8,24.0,166.3,-273.0,-1.0,-1.0,RS41,403.700,9.5,1687,10,2.8,-1,-1
2024-02-21T00:02:17.000Z,U4254009,4223,44.05316,7.62308,12527.8,3.4,26.0,170.7,-273.0,-1.0,-1.0,RS41,403.700,8.0,1687,10,2.8,-1,-1
2024-02-21T00:02:38.000Z,U4254009,4244,44.04840,7.62409,12609.3,4.3,26.1,172.0,-273.0,-1.0,-1.0,RS41,403.700,10.0,1687,10,2.6,-1,-1
2024-02-21T00:02:39.000Z,U4254009,4245,44.04817,7.62413,12613.6,4.3,26.5,172.6,-273.0,-1.0,-1.0,RS41,403.700,9.8,1687,10,2.7,-1,-1
2024-02-21T00:02:40.000Z,U4254009,4246,44.04793,7.62417,12617.7,4.2,26.3,173.1,-273.0,-1.0,-1.0,RS41,403.700,9.8,1687,10,2.8,-1,-1
2024-02-21T00:02:51.000Z,U4254009,4257,44.04549,7.62474,12661.9,3.1,25.8,171.6,-273.0,-1.0,-1.0,RS41,403.700,7.3,1687,10,2.7,-1,-1
2024-02-21T00:02:52.000Z,U4254009,4258,44.04526,7.62479,12665.5,3.9,26.4,172.1,-273.0,-1.0,-1.0,RS41,403.700,6.9,1687,10,2.8,-1,-1
2024-02-21T00:03:18.000Z,U4254009,4284,44.03916,7.62666,12776.0,4.3,27.1,165.4,-273.0,-1.0,-1.0,RS41,403.700,8.9,1687,10,2.6,-1,-1
2024-02-21T00:03:19.000Z,U4254009,4285,44.03892,7.62674,12780.1,3.9,27.7,166.4,-273.0,-1.0,-1.0,RS41,403.700,10.2,1687,10,2.7,-1,-1
2024-02-21T00:03:20.000Z,U4254009,4286,44.03868,7.62682,12784.5,4.5,27.9,167.0,-273.0,-1.0,-1.0,RS41,403.700,10.5,1687,10,2.7,-1,-1
2024-02-21T00:03:22.000Z,U4254009,4288,44.03819,7.62698,12793.4,3.5,28.3,166.3,-273.0,-1.0,-1.0,RS41,403.700,8.7,1687,10,2.6,-1,-1
2024-02-21T00:03:31.000Z,U4254009,4297,44.03598,7.62781,12830.3,3.6,28.4,163.9,-273.0,-1.0,-1.0,RS41,403.700,8.0,1687,10,2.6,-1,-1
2024-02-21T00:03:32.000Z,U4254009,4298,44.03573,7.62790,12834.6,4.7,29.1,165.1,-273.0,-1.0,-1.0,RS41,403.700,8.9,1687,10,2.7,-1,-1
2024-02-21T00:03:35.000Z,U4254009,4301,44.03499,7.62815,12847.6,3.5,28.1,167.5,-273.0,-1.0,-1.0,RS41,403.700,9.5,1687,9,2.6,-1,-1
2024-02-21T00:03:47.000Z,U4254009,4313,44.03198,7.62935,12897.3,3.3,28.5,162.8,-273.0,-1.0,-1.0,RS41,403.700,8.2,1687,10,2.6,-1,-1
2024-02-21T00:04:14.000Z,U4254009,4340,44.02519,7.63229,13006.5,4.3,29.8,162.8,-273.0,-1.0,-1.0,RS41,403.700,9.4,1687,10,2.7,-1,-1
2024-02-21T00:04:15.000Z,U4254009,4341,44.02493,7.63240,13010.6,3.8,29.8,163.5,-62.8,-1.0,-1.0,RS41,403.700,10.9,1687,10,2.7,-1,-1
2024-02-21T00:04:19.000Z,U4254009,4345,44.02390,7.63280,13027.1,4.8,29.5,165.6,-62.9,-1.0,-1.0,RS41,403.700,8.1,1687,10,2.6,-1,-1
2024-02-21T00:04:20.000Z,U4254009,4346,44.02364,7.63288,13031.6,4.2,28.9,166.8,-62.9,-1.0,-1.0,RS41,403.700,10.8,1687,10,2.7,-1,-1
2024-02-21T00:04:35.000Z,U4254009,4361,44.01988,7.63405,13091.6,3.9,28.2,168.3,-62.4,-1.0,-1.0,RS41,403.700,10.3,1687,10,2.6,-1,-1
2024-02-21T00:11:10.001Z,U4254009,4756,43.95922,7.66293,14677.5,4.8,17.3,135.0,-273.0,-1.0,-1.0,RS41,403.701,10.1,562,9,2.6,-1,-1
2024-02-21T00:11:11.001Z,U4254009,4757,43.95911,7.66309,14681.6,3.4,17.3,133.3,-273.0,-1.0,-1.0,RS41,403.701,10.7,562,9,2.7,-1,-1
2024-02-21T00:11:14.001Z,U4254009,4760,43.95879,7.66356,14692.5,3.0,17.5,133.6,-273.0,-1.0,-1.0,RS41,403.701,8.9,562,9,2.6,-1,-1
2024-02-21T00:11:15.001Z,U4254009,4761,43.95868,7.66372,14695.7,3.4,17.4,133.1,-273.0,-1.0,-1.0,RS41,403.701,9.5,562,9,2.6,-1,-1
2024-02-21T00:11:16.001Z,U4254009,4762,43.95858,7.66388,14699.7,4.6,17.3,131.3,-273.0,-1.0,-1.0,RS41,403.701,9.5,562,9,2.6,-1,-1
2024-02-21T00:11:17.001Z,U4254009,4763,43.95848,7.66404,14703.9,3.6,17.0,128.9,-273.0,-1.0,-1.0,RS41,403.701,9.1,562,9,2.6,-1,-1
2024-02-21T00:11:21.001Z,U4254009,4767,43.95809,7.66473,14718.8,3.5,18.4,129.9,-273.0,-1.0,-1.0,RS41,403.701,8.2,562,9,2.6,-1,-1
2024-02-21T00:11:40.001Z,U4254009,4786,43.95601,7.66817,14793.5,4.5,20.4,132.2,-273.0,-1.0,-1.0,RS41,403.701,8.0,562,9,2.7,-1,-1
2024-02-21T00:11:41.001Z,U4254009,4787,43.95589,7.66836,14797.5,3.5,20.8,131.1,-273.0,-1.0,-1.0,RS41,403.701,8.1,562,9,2.7,-1,-1
2024-02-21T00:11:42.001Z,U4254009,4788,43.95577,7.66856,14801.4,4.2,21.4,130.3,-273.0,-1.0,-1.0,RS41,403.701,8.1,562,9,2.6,-1,-1
2024-02-21T00:11:43.001Z,U4254009,4789,43.95564,7.66876,14805.4,3.5,21.8,131.2,-273.0,-1.0,-1.0,RS41,403.701,8.1,562,9,2.6,-1,-1
2024-02-21T00:11:44.001Z,U4254009,4790,43.95551,7.66896,14809.1,3.5,21.7,131.4,-273.0,-1.0,-1.0,RS41,403.701,8.1,562,9,2.6,-1,-1
2024-02-21T00:11:45.001Z,U4254009,4791,43.95538,7.66916,14812.9,4.3,21.7,132.2,-273.0,-1.0,-1.0,RS41,403.701,8.8,562,9,2.6,-1,-1
2024-02-21T00:11:46.001Z,U4254009,4792,43.95525,7.66936,14816.7,3.3,20.9,132.1,-273.0,-1.0,-1.0,RS41,403.701,8.1,562,9,2.7,-1,-1
2024-02-21T00:11:47.001Z,U4254009,4793,43.95513,7.66955,14820.0,3.8,20.7,133.5,-273.0,-1.0,-1.0,RS41,403.701,10.3,562,9,2.7,-1,-1
2024-02-21T00:11:50.001Z,U4254009,4796,43.95472,7.67009,14831.4,2.9,21.3,138.4,-273.0,-1.0,-1.0,RS41,403.701,9.7,562,9,2.6,-1,-1
2024-02-21T00:11:51.001Z,U4254009,4797,43.95457,7.67026,14834.6,3.8,21.3,139.2,-273.0,-1.0,-1.0,RS41,403.701,9.7,562,9,2.6,-1,-1
2024-02-21T00:11:52.001Z,U4254009,4798,43.95443,7.67043,14838.6,4.3,20.6,137.9,-273.0,-1.0,-1.0,RS41,403.701,8.9,562,9,2.6,-1,-1
2024-02-21T00:11:54.001Z,U4254009,4800,43.95417,7.67079,14846.4,4.4,20.6,134.1,-273.0,-1.0,-1.0,RS41,403.701,8.5,562,9,2.7,-1,-1
2024-02-21T00:11:55.001Z,U4254009,4801,43.95404,7.67098,14850.7,3.8,21.5,132.9,-60.0,-1.0,-1.0,RS41,403.701,8.9,562,9,2.7,-1,-1
2024-02-21T00:12:02.001Z,U4254009,4808,43.95310,7.67233,14878.1,4.0,21.9,135.4,-59.4,-1.0,-1.0,RS41,403.701,8.9,562,9,2.7,-1,-1
2024-02-21T00:12:04.001Z,U4254009,4810,43.95282,7.67270,14886.2,2.9,21.2,136.3,-59.3,-1.0,-1.0,RS41,403.701,8.7,562,9,2.6,-1,-1
2024-02-21T00:12:05.001Z,U4254009,4811,43.95268,7.67289,14889.7,3.5,21.0,136.4,-59.3,-1.0,-1.0,RS41,403.701,8.7,562,9,2.6,-1,-1
2024-02-21T00:12:07.001Z,U4254009,4813,43.95241,7.67325,14897.6,3.5,21.5,135.8,-59.4,-1.0,-1.0,RS41,403.701,8.9,562,9,2.7,-1,-1
2024-02-21T00:12:16.001Z,U4254009,4822,43.95101,7.67485,14933.8,3.7,21.6,141.5,-59.6,-1.0,-1.0,RS41,403.701,8.0,562,9,2.7,-1,-1
2024-02-21T00:12:22.001Z,U4254009,4828,43.95012,7.67585,14959.1,4.0,20.4,143.4,-59.6,-1.0,-1.0,RS41-SG,403.701,8.4,562,9,2.7,-1,-1
2024-02-21T00:12:24.001Z,U4254009,4830,43.94982,7.67614,14967.3,4.8,20.9,145.6,-59.7,-1.0,-1.0,RS41-SG,403.701,7.6,562,9,2.6,-1,-1
2024-02-21T00:12:31.001Z,U4254009,4837,43.94873,7.67719,14996.6,4.1,21.1,144.3,-59.6,-1.0,-1.0,RS41-SG,403.701,9.3,562,9,2.6,-1,-1
2024-02-21T00:12:32.001Z,U4254009,4838,43.94857,7.67734,15001.0,4.6,20.6,144.6,-59.6,-1.0,-1.0,RS41-SG,403.701,9.3,562,9,2.6,-1,-1
2024-02-21T00:12:34.001Z,U4254009,4840,43.94828,7.67763,15008.9,3.9,19.9,144.8,-59.5,-1.0,-1.0,RS41-SG,403.701,9.6,562,9,2.6,-1,-1
2024-02-21T00:12:35.001Z,U4254009,4841,43.94813,7.67777,15013.2,4.9,20.1,144.0,-59.5,-1.0,-1.0,RS41-SG,403.701,9.6,562,9,2.7,-1,-1
2024-02-21T00:12:36.001Z,U4254009,4842,43.94798,7.67792,15017.3,3.8,20.5,143.8,-59.5,-1.0,-1.0,RS41-SG,403.701,8.6,562,9,2.7,-1,-1
2024-02-21T00:12:37.001Z,U4254009,4843,43.94784,7.67807,15021.3,4.3,20.4,144.4,-59.5,-1.0,-1.0,RS41-SG,403.701,8.6,562,9,2.7,-1,-1
2024-02-21T00:12:38.001Z,U4254009,4844,43.94769,7.67822,15025.7,4.2,20.1,145.2,-59.5,-1.0,-1.0,RS41-SG,403.701,10.4,562,8,2.6,-1,-1
2024-02-21T00:12:39.001Z,U4254009,4845,43.94754,7.67836,15029.5,3.3,20.0,146.4,-59.5,-1.0,-1.0,RS41-SG,403.701,9.4,562,9,2.6,-1,-1
2024-02-21T00:12:40.001Z,U4254009,4846,43.94739,7.67849,15033.4,4.2,20.2,147.4,-59.5,-1.0,-1.0,RS41-SG,403.701,11.4,562,9,2.6,-1,-1
2024-02-21T00:12:46.001Z,U4254009,4852,43.94646,7.67930,15057.2,3.8,19.5,147.8,-59.3,-1.0,-1.0,RS41-SG,403.701,9.6,562,9,2.6,-1,-1
2024-02-21T00:12:47.001Z,U4254009,4853,43.94631,7.67943,15061.4,4.6,19.7,146.5,-59.3,-1.0,-1.0,RS41-SG,403.701,10.2,562,9,2.6,-1,-1
2024-02-21T00:12:49.001Z,U4254009,4855,43.94602,7.67972,15069.6,4.7,20.2,144.8,-59.4,-1.0,-1.0,RS41-SG,403.701,9.7,562,9,2.7,-1,-1
2024-02-21T00:12:50.001Z,U4254009,4856,43.94587,7.67986,15073.8,4.1,20.1,145.3,-59.4,-1.0,-1.0,RS41-SG,403.701,10.0,562,9,2.7,-1,-1
2024-02-21T00:12:51.001Z,U4254009,4857,43.94572,7.68000,15077.9,3.8,20.1,145.5,-59.4,2.2,-1.0,RS41-SG,403.701,10.0,562,9,2.7,-1,-1
2024-02-21T00:12:52.001Z,U4254009,4858,43.94557,7.68015,15082.2,4.7,20.8,145.3,-59.4,2.2,-1.0,RS41-SG,403.701,9.4,562,9,2.6,-1,-1
2024-02-21T00:12:53.001Z,U4254009,4859,43.94541,7.68030,15086.5,3.9,21.4,145.1,-59.4,2.2,-1.0,RS41-SG,403.701,9.4,562,9,2.6,-1,-1
2024-02-21T00:12:54.001Z,U4254009,4860,43.94525,7.68045,15090.4,3.7,21.8,145.3,-59.4,2.2,-1.0,RS41-SG,403.701,9.6,562,9,2.6,-1,-1
2024-02-21T00:12:55.001Z,U4254009,4861,43.94509,7.68060,15094.4,4.6,21.6,145.5,-59.4,2.2,-1.0,RS41-SG,403.701,9.7,562,9,2.6,-1,-1
2024-02-21T00:12:57.001Z,U4254009,4863,43.94478,7.68090,15102.1,3.8,21.0,145.9,-59.4,2.2,-1.0,RS41-SG,403.701,10.2,562,9,2.7,-1,-1
2024-02-21T00:12:59.001Z,U4254009,4865,43.94446,7.68120,15110.4,3.6,21.7,144.4,-59.5,2.3,-1.0,RS41-SG,403.701,9.9,562,9,2.6,-1,-1
2024-02-21T00:13:00.001Z,U4254009,4866,43.94430,7.68136,15114.2,3.5,22.0,143.8,-59.5,2.2,-1.0,RS41-SG,403.701,9.9,562,9,2.6,-1,-1
2024-02-21T00:13:04.001Z,U4254009,4870,43.94367,7.68199,15129.6,4.4,21.8,144.8,-59.6,2.3,-1.0,RS41-SG,403.701,9.5,562,9,2.7,-1,-1
2024-02-21T00:13:06.001Z,U4254009,4872,43.94335,7.68230,15137.2,4.1,22.3,144.5,-59.5,2.2,-1.0,RS41-SG,403.701,7.9,562,9,2.6,-1,-1
2024-02-21T00:13:09.001Z,U4254009,4875,43.94287,7.68277,15148.5,3.5,21.5,145.7,-59.5,2.3,-1.0,RS41-SG,403.701,9.6,562,9,2.6,-1,-1
2024-02-21T00:13:10.001Z,U4254009,4876,43.94271,7.68292,15152.7,4.8,22.0,145.0,-59.5,2.3,-1.0,RS41-SG,403.701,8.8,562,9,2.7,-1,-1
2024-02-21T00:13:11.001Z,U4254009,4877,43.94255,7.68308,15156.9,4.0,22.0,144.7,-59.5,2.2,-1.0,RS41-SG,403.701,9.7,562,9,2.7,-1,-1
2024-02-21T00:13:12.001Z,U4254009,4878,43.94239,7.68324,15160.8,4.1,21.9,144.4,-59.4,2.2,-1.0,RS41-SG,403.701,9.0,562,9,2.7,-1,-1
2024-02-21T00:13:19.001Z,U4254009,4885,43.94131,7.68421,15187.1,3.6,18.9,149.3,-59.1,2.1,-1.0,RS41-SG,403.701,9.2,562,9,2.7,-1,-1
2024-02-21T00:13:36.001Z,U4254009,4902,43.93881,7.68595,15248.0,3.7,16.8,151.8,-57.8,2.1,-1.0,RS41-SG,403.701,8.5,562,9,2.6,-1,-1
2024-02-21T00:13:40.001Z,U4254009,4906,43.93829,7.68629,15260.9,4.1,16.5,157.0,-57.6,2.0,-1.0,RS41-SG,403.701,8.1,562,9,2.7,-1,-1
2024-02-21T00:13:54.001Z,U4254009,4920,43.93636,7.68756,15312.2,4.2,13.1,150.4,-57.0,1.9,-1.0,RS41-SG,403.701,8.8,562,9,2.7,-1,-1
2024-02-21T00:13:55.001Z,U4254009,4921,43.93625,7.68763,15316.6,4.6,13.9,156.2,-57.0,1.9,-1.0,RS41-SG,403.701,8.8,562,9,2.6,-1,-1
2024-02-21T00:13:56.001Z,U4254009,4922,43.93613,7.68770,15321.1,4.0,14.7,160.2,-57.0,1.9,-1.0,RS41-SG,403.701,9.1,562,9,2.6,-1,-1
2024-02-21T00:14:01.001Z,U4254009,4927,43.93550,7.68798,15338.1,2.7,13.6,157.7,-56.9,2.0,-1.0,RS41-SG,403.701,8.4,562,9,2.7,-1,-1
2024-02-21T00:14:02.001Z,U4254009,4928,43.93539,7.68804,15341.2,2.9,13.6,154.5,-56.9,2.0,-1.0,RS41-SG,403.701,8.3,562,9,2.6,-1,-1
2024-02-21T00:14:04.001Z,U4254009,4930,43.93517,7.68820,15348.0,3.6,14.5,154.2,-57.0,2.0,-1.0,RS41-SG,403.701,9.6,562,9,2.6,-1,-1
2024-02-21T00:14:06.001Z,U4254009,4932,43.93493,7.68836,15353.4,2.8,15.4,154.0,-57.0,2.1,-1.0,RS41-SG,403.701,10.7,562,9,2.7,-1,-1
2024-02-21T00:14:07.001Z,U4254009,4933,43.93480,7.68844,15356.8,4.0,15.5,153.0,-57.0,2.0,-1.0,RS41-SG,403.701,10.7,562,9,2.7,-1,-1
2024-02-21T00:14:09.001Z,U4254009,4935,43.93456,7.68862,15363.3,3.0,15.0,152.0,-57.0,2.0,-1.0,RS41-SG,403.701,8.9,562,10,2.6,-1,-1
2024-02-21T00:14:10.001Z,U4254009,4936,43.93444,7.68870,15367.0,3.9,14.6,154.6,-57.0,2.0,-1.0,RS41-SG,403.701,8.4,562,10,2.6,-1,-1
2024-02-21T00:14:11.001Z,U4254009,4937,43.93432,7.68878,15370.4,2.7,14.4,156.4,-57.1,1.9,-1.0,RS41-SG,403.701,8.6,562,10,2.6,-1,-1
2024-02-21T00:14:12.001Z,U4254009,4938,43.93421,7.68885,15373.3,3.0,14.0,158.1,-57.1,2.0,-1.0,RS41-SG,403.701,11.2,562,9,2.6,-1,-1
2024-02-21T00:14:16.001Z,U4254009,4942,43.93377,7.68911,15388.0,3.6,12.9,156.5,-57.2,1.9,-1.0,RS41-SG,403.701,9.4,562,10,2.6,-1,-1
2024-02-21T00:14:20.001Z,U4254009,4946,43.93333,7.68941,15403.4,2.9,14.5,148.5,-57.3,2.0,-1.0,RS41-SG,403.701,11.4,562,9,2.7,-1,-1
2024-02-21T00:14:21.001Z,U4254009,4947,43.93322,7.68951,15406.1,2.6,15.1,148.2,-57.4,2.0,-1.0,RS41-SG,403.701,11.4,562,9,2.7,-1,-1
2024-02-21T00:14:22.001Z,U4254009,4948,43.93310,7.68961,15409.4,3.7,15.5,150.4,-57.4,2.0,-1.0,RS41-SG,403.701,11.9,562,10,2.7,-1,-1
2024-02-21T00:14:23.001Z,U4254009,4949,43.93297,7.68970,15413.4,3.9,15.9,153.8,-57.4,2.0,-1.0,RS41-SG,403.701,11.9,562,10,2.6,-1,-1
2024-02-21T00:14:24.001Z,U4254009,4950,43.93284,7.68978,15416.6,2.3,15.9,155.9,-57.5,2.0,-1.0,RS41-SG,403.701,10.5,562,10,2.6,-1,-1
2024-02-21T00:14:25.001Z,U4254009,4951,43.93271,7.68986,15419.5,3.1,15.5,157.0,-57.5,2.0,-1.0,RS41-SG,403.701,12.0,562,10,2.6,-1,-1
2024-02-21T00:14:26.001Z,U4254009,4952,43.93259,7.68993,15423.6,4.7,14.8,156.7,-57.5,2.0,-1.0,RS41-SG,403.701,12.0,562,10,2.6,-1,-1
2024-02-21T00:14:28.001Z,U4254009,4954,43.93236,7.69008,15430.8,3.4,12.9,153.2,-57.6,2.0,-1.0,RS41-SG,403.701,11.2,562,10,2.7,-1,-1
2024-02-21T00:14:29.001Z,U4254009,4955,43.93226,7.69015,15434.6,4.0,12.0,153.9,-57.6,2.0,-1.0,RS41-SG,403.701,10.7,562,10,2.7,-1,-1
2024-02-21T00:14:30.001Z,U4254009,4956,43.93217,7.69021,15438.1,2.7,11.5,155.2,-57.7,2.0,-1.0,RS41-SG,403.701,8.6,562,10,2.6,-1,-1
2024-02-21T00:14:31.001Z,U4254009,4957,43.93207,7.69027,15441.1,3.0,11.6,154.9,-57.7,2.1,-1.0,RS41-SG,403.701,11.3,562,10,2.6,-1,-1
2024-02-21T00:14:32.001Z,U4254009,4958,43.93198,7.69034,15445.1,4.5,11.7,151.8,-57.7,2.0,-1.0,RS41-SG,403.701,11.3,562,10,2.6,-1,-1
2024-02-21T00:14:34.001Z,U4254009,4960,43.93179,7.69049,15452.9,3.3,12.9,149.6,-57.8,2.0,-1.0,RS41-SG,403.701,10.7,562,10,2.7,-1,-1
2024-02-21T00:14:35.001Z,U4254009,4961,43.93168,7.69057,15456.5,4.3,13.4,151.4,-57.8,2.0,-1.0,RS41-SG,403.701,10.3,562,10,2.7,-1,-1
2024-02-21T00:14:36.001Z,U4254009,4962,43.93158,7.69065,15460.4,3.5,13.6,154.2,-57.9,2.0,-1.0,RS41-SG,403.701,9.7,562,10,2.7,-1,-1
2024-02-21T00:14:37.001Z,U4254009,4963,43.93146,7.69072,15463.9,2.7,13.8,156.2,-57.9,2.0,-1.0,RS41-SG,403.701,9.7,562,10,2.6,-1,-1
2024-02-21T00:14:39.001Z,U4254009,4965,43.93123,7.69086,15470.8,4.1,14.5,154.9,-58.0,2.0,-1.0,RS41-SG,403.701,10.0,562,10,2.6,-1,-1
2024-02-21T00:14:41.001Z,U4254009,4967,43.93100,7.69102,15477.6,3.0,14.2,152.0,-58.0,2.1,-1.0,RS41-SG,403.701,9.4,562,10,2.7,-1,-1
2024-02-21T00:14:45.001Z,U4254009,4971,43.93060,7.69130,15492.4,3.8,11.9,152.6,-58.1,2.0,-1.0,RS41-SG,403.701,9.9,562,10,2.6,-1,-1
2024-02-21T00:14:52.001Z,U4254009,4978,43.92992,7.69183,15517.9,3.0,13.9,149.7,-58.3,2.0,-1.0,RS41-SG,403.701,10.8,562,10,2.6,-1,-1
2024-02-21T00:14:54.001Z,U4254009,4980,43.92970,7.69200,15525.0,3.6,13.7,152.7,-58.4,2.0,-1.0,RS41-SG,403.701,11.1,562,10,2.6,-1,-1
2024-02-21T00:14:55.001Z,U4254009,4981,43.92959,7.69207,15528.1,2.9,13.3,154.2,-58.4,2.0,-1.0,RS41-SG,403.701,11.1,562,10,2.7,-1,-1
2024-02-21T00:14:56.001Z,U4254009,4982,43.92948,7.69214,15531.7,4.0,13.6,154.8,-58.4,2.0,-1.0,RS41-SG,403.701,11.4,562,10,2.7,-1,-1
2024-02-21T00:14:57.001Z,U4254009,4983,43.92937,7.69222,15535.4,3.6,13.6,154.7,-58.5,2.0,-1.0,RS41-SG,403.701,11.4,562,10,2.7,-1,-1
2024-02-21T00:14:59.001Z,U4254009,4985,43.92915,7.69237,15542.9,3.9,13.4,152.5,-58.5,2.0,-1.0,RS41-SG,403.701,10.5,562,10,2.6,-1,-1
2024-02-21T00:15:00.001Z,U4254009,4986,43.92905,7.69244,15546.5,3.2,12.8,150.7,-58.6,2.0,-1.0,RS41-SG,403.701,12.3,562,10,2.6,-1,-1
2024-02-21T00:15:01.001Z,U4254009,4987,43.92895,7.69252,15549.8,3.4,12.3,148.6,-58.6,2.1,-1.0,RS41-SG,403.701,12.3,562,10,2.6,-1,-1
2024-02-21T00:15:03.001Z,U4254009,4989,43.92876,7.69270,15556.9,2.9,13.1,145.0,-58.7,2.1,-1.0,RS41-SG,403.701,10.5,562,10,2.7,-1,-1
2024-02-21T00:15:04.001Z,U4254009,4990,43.92866,7.69279,15560.0,3.3,13.6,144.6,-58.7,2.1,-1.0,RS41-SG,403.701,10.7,562,10,2.7,-1,-1
2024-02-21T00:15:05.001Z,U4254009,4991,43.92856,7.69289,15563.8,4.0,13.7,145.0,-58.7,2.0,-1.0,RS41-SG,403.701,10.7,562,10,2.6,-1,-1
2024-02-21T00:15:06.001Z,U4254009,4992,43.92846,7.69299,15567.3,2.9,13.4,146.1,-58.7,2.1,-1.0,RS41-SG,403.701,11.5,562,10,2.6,-1,-1
2024-02-21T00:15:07.001Z,U4254009,4993,43.92836,7.69308,15570.6,3.4,13.4,147.4,-58.7,2.0,-1.0,RS41-SG,403.701,11.4,562,10,2.6,-1,-1
2024-02-21T00:15:14.001Z,U4254009,5000,43.92763,7.69371,15596.6,3.9,13.4,146.8,-58.9,2.1,-1.0,RS41-SG,403.701,10.7,562,10,2.6,-1,-1
2024-02-21T00:15:15.001Z,U4254009,5001,43.92753,7.69380,15600.0,2.7,13.7,145.2,-58.9,2.1,-1.0,RS41-SG,403.701,10.7,562,10,2.6,-1,-1
2024-02-21T00:15:16.001Z,U4254009,5002,43.92743,7.69390,15603.1,3.6,13.6,144.3,-59.0,2.1,-1.0,RS41-SG,403.701,10.8,562,10,2.7,-1,-1
2024-02-21T00:15:19.001Z,U4254009,5005,43.92715,7.69419,15614.6,3.7,13.1,143.1,-59.0,2.1,-1.0,RS41-SG,403.701,9.6,562,10,2.6,-1,-1
2024-02-21T00:15:20.001Z,U4254009,5006,43.92705,7.69429,15618.3,3.5,13.7,143.0,-59.1,2.1,-1.0,RS41-SG,403.701,11.0,562,9,2.6,-1,-1
2024-02-21T00:15:24.001Z,U4254009,5010,43.92664,7.69469,15632.4,3.4,13.8,147.1,-59.2,2.1,-1.0,RS41-SG,403.701,11.5,562,10,2.7,-1,-1
2024-02-21T00:15:25.001Z,U4254009,5011,43.92654,7.69478,15635.9,3.7,13.7,149.3,-59.2,2.1,-1.0,RS41-SG,403.701,10.8,562,10,2.7,-1,-1
2024-02-21T00:15:26.001Z,U4254009,5012,43.92643,7.69487,15640.1,4.2,14.4,150.4,-59.2,2.1,-1.0,RS41-SG,403.701,11.0,562,10,2.6,-1,-1
2024-02-21T00:15:27.001Z,U4254009,5013,43.92631,7.69496,15643.6,2.7,14.8,150.8,-59.2,2.1,-1.0,RS41-SG,403.701,11.9,562,10,2.6,-1,-1
2024-02-21T00:15:29.001Z,U4254009,5015,43.92608,7.69514,15651.2,4.0,14.2,150.8,-59.3,2.1,-1.0,RS41-SG,403.701,12.9,562,10,2.6,-1,-1
2024-02-21T00:15:31.001Z,U4254009,5017,43.92587,7.69532,15658.5,3.9,14.2,147.0,-59.2,2.1,-1.0,RS41-SG,403.701,13.7,562,10,2.7,-1,-1
2024-02-21T00:15:32.001Z,U4254009,5018,43.92576,7.69542,15662.5,4.2,14.7,144.5,-59.3,2.1,-1.0,RS41-SG,403.701,13.7,562,10,2.7,-1,-1
2024-02-21T00:15:34.001Z,U4254009,5020,43.92554,7.69564,15669.4,3.6,15.6,142.7,-59.3,2.1,-1.0,RS41-SG,403.701,12.5,562,10,2.6,-1,-1
2024-02-21T00:15:35.001Z,U4254009,5021,43.92543,7.69576,15673.5,4.6,15.5,143.7,-59.3,2.1,-1.0,RS41-SG,403.701,13.9,562,10,2.6,-1,-1
2024-02-21T00:15:36.001Z,U4254009,5022,43.92531,7.69587,15677.5,3.8,15.4,145.9,-59.3,2.1,-1.0,RS41-SG,403.701,12.9,562,10,2.6,-1,-1
2024-02-21T00:15:39.001Z,U4254009,5025,43.92494,7.69618,15689.3,3.5,16.8,151.5,-59.4,2.1,-1.0,RS41-SG,403.701,13.7,562,10,2.7,-1,-1
2024-02-21T00:15:40.001Z,U4254009,5026,43.92481,7.69628,15693.2,4.0,17.1,152.4,-59.4,2.1,-1.0,RS41-SG,403.701,9.4,562,10,2.6,-1,-1
2024-02-21T00:15:41.001Z,U4254009,5027,43.92468,7.69637,15697.2,4.0,16.4,154.0,-59.4,2.1,-1.0,RS41-SG,403.701,12.2,562,10,2.6,-1,-1
2024-02-21T00:15:44.001Z,U4254009,5030,43.92429,7.69663,15708.4,3.6,15.8,151.5,-59.5,2.2,-1.0,RS41-SG,403.701,8.1,562,10,2.7,-1,-1
2024-02-21T00:15:48.001Z,U4254009,5034,43.92382,7.69701,15723.5,3.5,14.8,149.9,-59.4,2.2,-1.0,RS41-SG,403.701,10.6,562,10,2.6,-1,-1
2024-02-21T00:15:49.001Z,U4254009,5035,43.92370,7.69711,15727.6,4.7,15.3,148.9,-59.4,2.2,-1.0,RS41-SG,403.701,10.5,562,10,2.6,-1,-1
2024-02-21T00:15:50.001Z,U4254009,5036,43.92358,7.69721,15731.8,3.9,15.8,148.0,-59.4,2.1,-1.0,RS41-SG,403.701,12.2,562,10,2.6,-1,-1
2024-02-21T00:15:51.001Z,U4254009,5037,43.92346,7.69731,15735.4,3.7,16.3,148.0,-59.4,2.1,-1.0,RS41-SG,403.701,12.2,562,10,2.7,-1,-1
2024-02-21T00:15:52.001Z,U4254009,5038,43.92334,7.69742,15739.4,4.3,16.0,148.4,-59.4,2.1,-1.0,RS41-SG,403.701,11.2,562,10,2.7,-1,-1
2024-02-21T00:15:54.001Z,U4254009,5040,43.92310,7.69762,15746.8,3.5,15.3,148.4,-59.4,2.2,-1.0,RS41-SG,403.701,11.6,562,10,2.6,-1,-1
2024-02-21T00:15:56.001Z,U4254009,5042,43.92286,7.69783,15755.1,3.6,15.6,147.4,-59.3,2.1,-1.0,RS41-SG,403.701,10.6,562,10,2.6,-1,-1
2024-02-21T00:15:57.001Z,U4254009,5043,43.92274,7.69793,15758.9,4.0,15.4,146.9,-59.3,2.1,-1.0,RS41-SG,403.701,9.6,562,10,2.6,-1,-1
2024-02-21T00:16:01.001Z,U4254009,5047,43.92232,7.69835,15775.1,4.3,14.5,141.6,-59.2,2.1,-1.0,RS41-SG,403.701,9.9,562,10,2.6,-1,-1
2024-02-21T00:16:02.001Z,U4254009,5048,43.92222,7.69846,15779.6,4.6,15.3,140.7,-59.1,2.0,-1.0,RS41-SG,403.701,10.8,562,10,2.6,-1,-1
2024-02-21T00:16:03.001Z,U4254009,5049,43.92211,7.69859,15783.7,3.5,16.0,141.4,-59.1,2.0,-1.0,RS41-SG,403.701,9.7,562,10,2.6,-1,-1
2024-02-21T00:16:04.001Z,U4254009,5050,43.92200,7.69871,15787.4,3.9,16.3,142.7,-59.1,2.1,-1.0,RS41-SG,403.701,8.8,562,10,2.6,-1,-1
2024-02-21T00:16:09.001Z,U4254009,5055,43.92147,7.69925,15808.1,4.3,13.7,140.3,-58.7,2.0,-1.0,RS41-SG,403.701,10.5,562,10,2.6,-1,-1
2024-02-21T00:16:10.001Z,U4254009,5056,43.92137,7.69936,15812.7,4.5,14.5,138.6,-58.6,2.0,-1.0,RS41-SG,403.701,7.5,562,10,2.6,-1,-1
2024-02-21T00:16:20.001Z,U4254009,5066,43.92032,7.70073,15855.0,3.8,16.2,137.6,-58.1,2.0,-1.0,RS41-SG,403.701,9.8,562,10,2.7,-1,-1
2024-02-21T00:16:21.001Z,U4254009,5067,43.92021,7.70086,15859.4,4.7,16.3,138.6,-58.1,2.0,-1.0,RS41-SG,403.701,9.8,562,10,2.7,-1,-1
2024-02-21T00:16:22.001Z,U4254009,5068,43.92009,7.70100,15863.8,4.0,16.8,139.8,-58.1,2.0,-1.0,RS41-SG,403.701,9.8,562,10,2.6,-1,-1
2024-02-21T00:16:24.001Z,U4254009,5070,43.91986,7.70127,15872.0,4.8,17.1,139.9,-58.1,2.0,-1.0,RS41-SG,403.701,9.3,562,10,2.6,-1,-1
2024-02-21T00:16:25.001Z,U4254009,5071,43.91975,7.70141,15876.6,4.5,16.5,138.4,-58.1,2.0,-1.0,RS41-SG,403.701,9.3,562,10,2.6,-1,-1
2024-02-21T00:16:30.001Z,U4254009,5076,43.91917,7.70212,15898.5,4.8,18.0,138.8,-58.0,2.0,-1.0,RS41-SG,403.701,8.4,562,10,2.6,-1,-1
2024-02-21T00:16:31.001Z,U4254009,5077,43.91905,7.70227,15903.0,4.0,17.5,138.7,-58.0,2.0,-1.0,RS41-SG,403.701,8.5,562,10,2.6,-1,-1
2024-02-21T00:16:32.001Z,U4254009,5078,43.91893,7.70241,15907.0,4.3,17.5,138.9,-58.0,2.0,-1.0,RS41-SG,403.701,9.4,562,10,2.6,-1,-1
2024-02-21T00:16:45.001Z,U4254009,5091,43.91736,7.70430,15965.0,5.0,18.0,138.8,-58.1,2.0,-1.0,RS41-SG,403.701,10.0,562,10,2.7,-1,-1
2024-02-21T00:16:49.001Z,U4254009,5095,43.91688,7.70489,15983.4,4.0,16.8,137.4,-58.1,2.0,-1.0,RS41-SG,403.701,8.0,562,10,2.6,-1,-1
2024-02-21T00:16:53.001Z,U4254009,5099,43.91646,7.70543,16002.1,4.8,16.3,139.3,-58.1,2.0,-1.0,RS41-SG,403.701,9.9,562,9,2.7,-1,-1
2024-02-21T00:16:54.001Z,U4254009,5100,43.91634,7.70556,16006.9,5.0,16.0,140.5,-58.1,2.0,-1.0,RS41-SG,403.701,11.2,562,9,2.7,-1,-1
2024-02-21T00:16:55.001Z,U4254009,5101,43.91624,7.70569,16011.9,4.7,15.6,141.1,-58.1,1.9,-1.0,RS41-SG,403.701,11.6,562,10,2.6,-1,-1
2024-02-21T00:16:56.001Z,U4254009,5102,43.91613,7.70581,16015.9,3.5,15.6,141.2,-58.1,1.9,-1.0,RS41-SG,403.701,11.6,562,10,2.6,-1,-1
2024-02-21T00:16:57.001Z,U4254009,5103,43.91602,7.70593,16019.8,4.0,16.0,140.9,-58.0,1.9,-1.0,RS41-SG,403.701,11.6,562,10,2.6,-1,-1
2024-02-21T00:16:59.001Z,U4254009,5105,43.91579,7.70620,16029.0,4.1,17.4,138.2,-57.9,1.9,-1.0,RS41-SG,403.701,11.6,562,10,2.7,-1,-1
2024-02-21T00:17:00.001Z,U4254009,5106,43.91567,7.70635,16033.1,4.2,17.7,136.1,-57.9,1.9,-1.0,RS41-SG,403.701,11.6,562,9,2.7,-1,-1
2024-02-21T00:17:01.001Z,U4254009,5107,43.91556,7.70650,16037.9,5.3,17.2,134.1,-57.9,1.9,-1.0,RS41-SG,403.701,10.3,562,9,2.7,-1,-1
2024-02-21T00:17:02.001Z,U4254009,5108,43.91546,7.70665,16042.9,4.3,16.2,132.9,-58.0,1.9,-1.0,RS41-SG,403.701,11.1,562,10,2.6,-1,-1
2024-02-21T00:17:04.001Z,U4254009,5110,43.91527,7.70694,16050.7,4.4,14.8,134.0,-58.0,1.9,-1.0,RS41-SG,403.701,12.1,562,10,2.6,-1,-1
2024-02-21T00:17:05.001Z,U4254009,5111,43.91517,7.70706,16055.6,5.4,14.5,137.7,-58.0,1.9,-1.0,RS41-SG,403.701,12.5,562,10,2.6,-1,-1
2024-02-21T00:17:06.001Z,U4254009,5112,43.91507,7.70718,16060.6,4.8,14.7,141.3,-58.1,1.9,-1.0,RS41-SG,403.701,12.5,562,10,2.7,-1,-1
2024-02-21T00:17:07.001Z,U4254009,5113,43.91497,7.70729,16065.0,4.3,14.7,143.7,-58.1,2.0,-1.0,RS41-SG,403.701,11.1,562,10,2.7,-1,-1
2024-02-21T00:17:08.001Z,U4254009,5114,43.91486,7.70740,16069.7,4.9,14.2,145.2,-58.1,1.9,-1.0,RS41-SG,403.701,10.6,562,10,2.7,-1,-1
2024-02-21T00:17:14.001Z,U4254009,5120,43.91423,7.70798,16096.6,4.9,14.6,144.3,-58.2,1.9,-1.0,RS41-SG,403.701,12.3,562,10,2.7,-1,-1
2024-02-21T00:17:15.001Z,U4254009,5121,43.91413,7.70809,16101.9,5.7,14.4,140.9,-58.2,2.0,-1.0,RS41-SG,403.701,12.5,562,10,2.7,-1,-1
2024-02-21T00:17:16.001Z,U4254009,5122,43.91403,7.70821,16106.7,4.1,14.2,138.5,-58.2,1.9,-1.0,RS41-SG,403.701,12.3,562,10,2.6,-1,-1
2024-02-21T00:17:17.001Z,U4254009,5123,43.91393,7.70833,16110.9,4.3,14.3,136.8,-58.2,2.0,-1.0,RS41-SG,403.701,10.5,562,10,2.6,-1,-1
2024-02-21T00:17:21.001Z,U4254009,5127,43.91355,7.70882,16130.0,5.3,14.5,138.6,-58.0,1.9,-1.0,RS41-SG,403.701,11.9,562,10,2.7,-1,-1
2024-02-21T00:17:22.001Z,U4254009,5128,43.91345,7.70893,16134.5,3.7,14.0,138.5,-58.0,1.9,-1.0,RS41-SG,403.701,10.0,562,10,2.7,-1,-1
2024-02-21T00:17:23.001Z,U4254009,5129,43.91336,7.70905,16138.6,4.5,13.7,139.3,-58.0,1.9,-1.0,RS41-SG,403.701,9.8,562,10,2.6,-1,-1
2024-02-21T00:17:24.001Z,U4254009,5130,43.91326,7.70916,16143.4,4.8,13.8,141.0,-58.1,1.9,-1.0,RS41-SG,403.701,8.5,562,10,2.6,-1,-1
2024-02-21T00:17:25.001Z,U4254009,5131,43.91317,7.70926,16147.8,4.0,13.7,141.7,-58.1,1.9,-1.0,RS41-SG,403.701,11.2,562,10,2.6,-1,-1
2024-02-21T00:17:31.001Z,U4254009,5137,43.91265,7.70988,16174.6,4.5,12.7,141.9,-58.3,1.9,-1.0,RS41-SG,403.701,12.4,562,10,2.6,-1,-1
2024-02-21T00:17:32.001Z,U4254009,5138,43.91256,7.70998,16178.8,3.8,13.0,144.0,-58.3,1.9,-1.0,RS41-SG,403.701,10.4,562,10,2.6,-1,-1
2024-02-21T00:17:34.001Z,U4254009,5140,43.91237,7.71017,16188.0,3.9,12.9,144.0,-58.3,1.9,-1.0,RS41-SG,403.701,11.4,562,10,2.7,-1,-1
2024-02-21T00:17:35.001Z,U4254009,5141,43.91228,7.71026,16192.2,4.5,13.1,143.8,-58.3,1.9,-1.0,RS41-SG,403.701,12.7,562,10,2.7,-1,-1
2024-02-21T00:17:37.001Z,U4254009,5143,43.91208,7.71045,16201.7,4.1,13.6,146.6,-58.3,2.0,-1.0,RS41-SG,403.701,12.7,562,10,2.6,-1,-1
2024-02-21T00:17:38.001Z,U4254009,5144,43.91198,7.71054,16206.3,4.8,13.3,146.9,-58.3,1.9,-1.0,RS41-SG,403.701,11.6,562,10,2.6,-1,-1
2024-02-21T00:17:39.001Z,U4254009,5145,43.91188,7.71063,16211.2,4.7,12.9,146.7,-58.3,1.9,-1.0,RS41-SG,403.701,11.4,562,9,2.7,-1,-1
2024-02-21T00:17:46.001Z,U4254009,5152,43.91120,7.71120,16241.4,3.9,12.3,146.0,-58.0,1.9,-1.0,RS41-SG,403.701,11.1,562,10,2.7,-1,-1
2024-02-21T00:17:47.001Z,U4254009,5153,43.91111,7.71129,16245.4,4.4,12.2,144.2,-58.0,1.9,-1.0,RS41-SG,403.701,11.1,562,10,2.7,-1,-1
2024-02-21T00:17:49.001Z,U4254009,5155,43.91093,7.71147,16254.6,3.9,13.0,145.9,-58.0,1.9,-1.0,RS41-SG,403.701,11.6,562,10,2.6,-1,-1
2024-02-21T00:17:50.001Z,U4254009,5156,43.91083,7.71156,16258.3,3.7,13.5,145.8,-58.0,1.9,-1.0,RS41-SG,403.701,10.6,562,10,2.6,-1,-1
2024-02-21T00:17:54.001Z,U4254009,5160,43.91042,7.71197,16275.0,4.4,13.6,144.6,-58.0,1.9,-1.0,RS41-SG,403.701,9.2,562,10,2.7,-1,-1
2024-02-21T00:17:56.001Z,U4254009,5162,43.91022,7.71214,16284.3,3.5,12.5,152.4,-58.0,1.9,-1.0,RS41-SG,403.701,8.2,562,10,2.6,-1,-1
2024-02-21T00:17:59.001Z,U4254009,5165,43.90995,7.71232,16296.0,4.8,10.2,152.7,-58.1,1.9,-1.0,RS41-SG,403.701,7.1,562,10,2.6,-1,-1
2024-02-21T00:21:23.001Z,U4254009,5369,43.89007,7.73950,17072.9,4.1,17.1,159.3,-58.8,1.8,-1.0,RS41-SG,403.701,8.5,562,10,2.6,-1,-1
2024-02-21T00:21:24.001Z,U4254009,5370,43.88993,7.73958,17077.2,4.1,17.3,157.8,-58.8,1.8,-1.0,RS41-SG,403.701,8.5,562,10,2.6,-1,-1
2024-02-21T00:21:34.001Z,U4254009,5380,43.88859,7.74038,17115.8,3.1,15.8,157.5,-58.9,1.8,-1.0,RS41-SG,403.701,8.0,562,10,2.6,-1,-1
2024-02-21T00:21:38.001Z,U4254009,5384,43.88807,7.74068,17131.6,4.0,15.9,156.5,-58.9,1.8,-1.0,RS41-SG,403.701,9.6,562,10,2.7,-1,-1
2024-02-21T00:21:40.001Z,U4254009,5386,43.88781,7.74083,17139.8,3.7,14.8,159.6,-58.9,1.8,-1.0,RS41-SG,403.701,7.9,562,10,2.7,-1,-1
2024-02-21T00:21:41.001Z,U4254009,5387,43.88769,7.74089,17143.4,3.5,14.4,159.8,-58.9,1.8,-1.0,RS41-SG,403.701,8.3,562,10,2.6,-1,-1
2024-02-21T00:22:29.001Z,U4254009,5435,43.88242,7.74354,17353.5,4.1,9.9,165.8,-59.2,1.8,-1.0,RS41-SG,403.701,8.6,562,10,2.7,-1,-1
2024-02-21T00:25:19.000Z,U4254009,5605,43.87469,7.74931,18119.9,4.5,11.0,118.2,-61.3,1.9,-1.0,RS41-SG,403.701,8.0,562,10,2.6,-1,-1
2024-02-21T00:25:29.000Z,U4254009,5615,43.87426,7.75049,18165.5,4.2,9.9,114.8,-61.5,2.0,-1.0,RS41-SG,403.701,9.0,562,10,2.7,-1,-1
2024-02-21T00:25:31.000Z,U4254009,5617,43.87418,7.75071,18174.9,5.4,10.5,119.5,-61.5,2.0,-1.0,RS41-SG,403.701,8.7,562,10,2.6,-1,-1
2024-02-21T00:25:39.000Z,U4254009,5625,43.87378,7.75170,18211.8,4.5,10.1,116.2,-61.8,2.1,-1.0,RS41-SG,403.701,9.8,562,10,2.6,-1,-1
2024-02-21T00:25:40.000Z,U4254009,5626,43.87374,7.75181,18216.7,5.1,9.8,115.2,-61.8,2.1,-1.0,RS41-SG,403.701,9.1,562,10,2.7,-1,-1
2024-02-21T00:25:47.000Z,U4254009,5633,43.87340,7.75264,18248.5,3.9,12.3,120.6,-62.1,2.1,-1.0,RS41-SG,403.701,10.3,562,10,2.6,-1,-1
2024-02-21T00:25:50.000Z,U4254009,5636,43.87324,7.75303,18262.6,4.2,11.7,120.3,-62.3,2.1,-1.0,RS41-SG,403.701,9.6,562,10,2.7,-1,-1
2024-02-21T00:25:52.000Z,U4254009,5638,43.87313,7.75328,18271.2,4.8,11.3,118.2,-62.3,2.2,-1.0,RS41-SG,403.701,9.3,562,10,2.7,-1,-1
2024-02-21T00:25:54.000Z,U4254009,5640,43.87305,7.75353,18280.8,4.4,11.1,112.7,-62.4,2.1,-1.0,RS41-SG,403.701,9.1,562,10,2.6,-1,-1
2024-02-21T00:26:04.000Z,U4254009,5650,43.87253,7.75470,18327.6,4.6,10.9,123.3,-62.9,2.2,-1.0,RS41-SG,403.701,8.7,562,10,2.6,-1,-1
2024-02-21T00:26:06.000Z,U4254009,5652,43.87244,7.75493,18337.2,4.0,10.9,117.3,-63.0,2.3,-1.0,RS41-SG,403.701,8.8,562,10,2.6,-1,-1
2024-02-21T00:26:10.000Z,U4254009,5656,43.87226,7.75539,18356.3,4.2,10.2,122.2,-63.2,2.2,-1.0,RS41-SG,403.701,8.6,562,10,2.6,-1,-1
2024-02-21T00:26:11.000Z,U4254009,5657,43.87221,7.75550,18361.2,5.3,10.7,121.8,-63.2,2.2,-1.0,RS41-SG,403.701,9.0,562,10,2.6,-1,-1
2024-02-21T00:26:14.000Z,U4254009,5660,43.87204,7.75586,18375.3,5.7,12.3,126.9,-63.3,2.2,-1.0,RS41-SG,403.701,9.2,562,10,2.7,-1,-1
2024-02-21T00:26:15.000Z,U4254009,5661,43.87197,7.75598,18380.2,4.3,12.3,128.7,-63.4,2.2,-1.0,RS41-SG,403.701,9.7,562,10,2.7,-1,-1
2024-02-21T00:26:16.000Z,U4254009,5662,43.87190,7.75610,18384.4,3.8,12.3,129.1,-63.4,2.2,-1.0,RS41-SG,403.701,9.7,562,10,2.6,-1,-1
2024-02-21T00:26:19.000Z,U4254009,5665,43.87171,7.75648,18398.6,4.5,12.3,120.4,-63.6,2.2,-1.0,RS41-SG,403.701,8.8,562,10,2.7,-1,-1
2024-02-21T00:26:20.000Z,U4254009,5666,43.87166,7.75661,18403.4,5.2,11.9,119.5,-63.6,2.2,-1.0,RS41-SG,403.701,9.3,562,10,2.7,-1,-1
2024-02-21T00:26:22.000Z,U4254009,5668,43.87155,7.75685,18413.0,3.9,10.7,122.8,-63.7,2.3,-1.0,RS41-SG,403.701,9.3,562,10,2.6,-1,-1
2024-02-21T00:26:24.000Z,U4254009,5670,43.87145,7.75706,18422.9,5.4,9.8,120.5,-63.8,2.3,-1.0,RS41-SG,403.701,9.3,562,10,2.7,-1,-1
2024-02-21T00:26:25.000Z,U4254009,5671,43.87141,7.75717,18427.8,4.5,9.7,120.1,-63.8,2.4,-1.0,RS41-SG,403.701,9.4,562,10,2.7,-1,-1
2024-02-21T00:26:32.000Z,U4254009,5678,43.87098,7.75794,18460.6,4.0,12.7,124.4,-64.1,2.4,-1.0,RS41-SG,403.701,10.1,562,10,2.7,-1,-1
2024-02-21T00:26:34.000Z,U4254009,5680,43.87086,7.75819,18469.9,4.9,12.3,125.5,-64.2,2.4,-1.0,RS41-SG,403.701,10.3,562,10,2.6,-1,-1
2024-02-21T00:26:40.000Z,U4254009,5686,43.87055,7.75888,18498.6,5.8,10.5,123.9,-64.5,2.4,-1.0,RS41-SG,403.701,9.7,562,10,2.6,-1,-1
2024-02-21T00:26:41.000Z,U4254009,5687,43.87049,7.75898,18503.9,4.7,11.1,127.5,-64.5,2.4,-1.0,RS41-SG,403.701,9.7,562,10,2.7,-1,-1
2024-02-21T00:26:46.000Z,U4254009,5692,43.87013,7.75965,18527.6,5.5,15.4,127.5,-64.8,2.4,-1.0,RS41-SG,403.701,7.0,562,10,2.7,-1,-1
2024-02-21T00:26:47.000Z,U4254009,5693,43.87004,7.75980,18532.4,4.3,15.2,128.2,-64.8,2.4,-1.0,RS41-SG,403.701,9.0,562,10,2.7,-1,-1
2024-02-21T00:26:49.000Z,U4254009,5695,43.86988,7.76009,18542.2,5.4,13.6,125.9,-64.9,2.4,-1.0,RS41-SG,403.701,10.0,562,10,2.6,-1,-1
2024-02-21T00:26:50.000Z,U4254009,5696,43.86982,7.76022,18547.0,4.2,12.5,124.3,-65.0,2.4,-1.0,RS41-SG,403.701,8.9,562,10,2.6,-1,-1
2024-02-21T00:26:54.000Z,U4254009,5700,43.86959,7.76063,18565.1,4.2,9.4,135.3,-65.1,2.6,-1.0,RS41-SG,403.701,10.0,562,10,2.7,-1,-1
2024-02-21T00:26:55.000Z,U4254009,5701,43.86952,7.76072,18569.5,4.6,9.5,135.2,-65.0,2.6,-1.0,RS41-SG,403.701,9.0,562,10,2.6,-1,-1
2024-02-21T00:26:56.000Z,U4254009,5702,43.86947,7.76080,18574.4,5.1,9.8,131.7,-65.0,2.5,-1.0,RS41-SG,403.701,8.7,562,10,2.6,-1,-1
2024-02-21T00:27:16.000Z,U4254009,5722,43.86820,7.76272,18664.1,4.1,10.3,135.1,-64.6,2.4,-1.0,RS41-SG,403.701,11.3,562,10,2.6,-1,-1
2024-02-21T00:27:17.000Z,U4254009,5723,43.86814,7.76281,18668.8,5.2,10.2,135.9,-64.6,2.4,-1.0,RS41-SG,403.701,11.3,562,10,2.6,-1,-1
2024-02-21T00:27:19.000Z,U4254009,5725,43.86801,7.76299,18677.7,3.7,9.8,133.7,-64.6,2.5,-1.0,RS41-SG,403.701,11.0,562,10,2.7,-1,-1
2024-02-21T00:27:20.000Z,U4254009,5726,43.86795,7.76308,18682.1,4.8,10.2,134.8,-64.6,2.5,-1.0,RS41-SG,403.701,11.2,562,10,2.7,-1,-1
2024-02-21T00:27:21.000Z,U4254009,5727,43.86788,7.76317,18687.2,5.4,11.0,136.1,-64.6,2.5,-1.0,RS41-SG,403.701,11.2,562,10,2.6,-1,-1
2024-02-21T00:27:22.000Z,U4254009,5728,43.86781,7.76327,18692.0,4.3,11.7,135.7,-64.6,2.5,-1.0,RS41-SG,403.701,12.3,562,10,2.6,-1,-1
2024-02-21T00:27:24.000Z,U4254009,5730,43.86766,7.76350,18702.2,5.3,12.4,125.9,-64.5,2.4,-1.0,RS41-SG,403.701,11.4,562,10,2.6,-1,-1
2024-02-21T00:27:25.000Z,U4254009,5731,43.86760,7.76363,18707.1,4.5,12.7,121.0,-64.2,2.4,-1.0,RS41-SG,403.701,12.5,562,10,2.6,-1,-1
2024-02-21T00:27:26.000Z,U4254009,5732,43.86754,7.76377,18711.4,4.4,13.3,117.5,-64.0,2.3,-1.0,RS41-SG,403.701,12.5,562,10,2.7,-1,-1
2024-02-21T00:27:29.000Z,U4254009,5735,43.86738,7.76424,18725.0,4.1,14.3,116.6,-63.9,2.3,-1.0,RS41-SG,403.701,12.8,562,10,2.6,-1,-1
2024-02-21T00:27:30.000Z,U4254009,5736,43.86732,7.76440,18729.2,4.3,14.0,115.1,-63.9,2.4,-1.0,RS41-SG,403.701,12.5,562,10,2.7,-1,-1
2024-02-21T00:27:33.000Z,U4254009,5739,43.86719,7.76484,18742.4,3.5,12.1,109.1,-63.7,2.3,-1.0,RS41-SG,403.701,13.3,562,10,2.6,-1,-1
2024-02-21T00:27:34.000Z,U4254009,5740,43.86715,7.76498,18746.5,4.5,12.0,112.1,-63.7,2.4,-1.0,RS41-SG,403.701,13.3,562,10,2.6,-1,-1
2024-02-21T00:27:35.000Z,U4254009,5741,43.86711,7.76512,18751.3,5.1,12.3,116.5,-63.7,2.3,-1.0,RS41-SG,403.701,11.2,562,10,2.6,-1,-1
2024-02-21T00:27:36.000Z,U4254009,5742,43.86705,7.76526,18756.1,4.4,12.9,120.8,-63.7,2.4,-1.0,RS41-SG,403.701,13.2,562,10,2.7,-1,-1
2024-02-21T00:27:37.000Z,U4254009,5743,43.86699,7.76540,18760.1,3.4,13.4,122.5,-63.7,2.4,-1.0,RS41-SG,403.701,13.3,562,10,2.6,-1,-1
2024-02-21T00:27:39.000Z,U4254009,5745,43.86686,7.76568,18769.3,5.2,13.3,121.1,-63.5,2.4,-1.0,RS41-SG,403.701,13.9,562,10,2.5,-1,-1
2024-02-21T00:27:47.000Z,U4254009,5753,43.86644,7.76678,18803.8,4.3,12.2,114.2,-63.5,2.4,-1.0,RS41-SG,403.701,13.6,562,10,2.6,-1,-1
2024-02-21T00:28:02.000Z,U4254009,5768,43.86559,7.76898,18872.8,4.2,14.8,118.7,-63.9,2.6,-1.0,RS41-SG,403.701,13.5,562,10,2.6,-1,-1
2024-02-21T00:28:04.000Z,U4254009,5770,43.86546,7.76931,18881.6,3.9,15.5,115.8,-64.0,2.5,-1.0,RS41-SG,403.701,13.4,562,10,2.6,-1,-1
2024-02-21T00:28:05.000Z,U4254009,5771,43.86540,7.76949,18885.5,4.0,15.7,114.3,-64.0,2.5,-1.0,RS41-SG,403.701,12.5,562,10,2.7,-1,-1
2024-02-21T00:28:06.000Z,U4254009,5772,43.86534,7.76967,18890.1,5.1,16.0,114.9,-64.0,2.5,-1.0,RS41-SG,403.701,12.6,562,10,2.7,-1,-1
2024-02-21T00:28:07.000Z,U4254009,5773,43.86528,7.76985,18894.7,4.3,16.2,115.4,-64.1,2.5,-1.0,RS41-SG,403.701,12.6,562,10,2.6,-1,-1
2024-02-21T00:28:09.000Z,U4254009,5775,43.86515,7.77021,18903.6,4.9,15.9,117.1,-64.1,2.5,-1.0,RS41-SG,403.701,12.8,562,10,2.6,-1,-1
2024-02-21T00:28:16.000Z,U4254009,5782,43.86466,7.77123,18933.5,4.5,13.9,127.4,-64.2,2.5,-1.0,RS41-SG,403.701,11.3,562,10,2.7,-1,-1
2024-02-21T00:28:17.000Z,U4254009,5783,43.86459,7.77137,18938.2,4.9,13.9,122.1,-64.2,2.5,-1.0,RS41-SG,403.701,10.8,562,10,2.6,-1,-1
2024-02-21T00:28:29.000Z,U4254009,5795,43.86374,7.77320,18992.1,5.0,14.7,129.1,-63.8,2.4,-1.0,RS41-SG,403.701,10.7,562,10,2.6,-1,-1
2024-02-21T00:28:30.000Z,U4254009,5796,43.86366,7.77334,18996.5,4.3,14.4,127.1,-63.8,2.4,-1.0,RS41-SG,403.701,9.9,562,10,2.6,-1,-1
2024-02-21T00:28:31.000Z,U4254009,5797,43.86358,7.77348,19000.4,3.4,14.2,125.1,-63.8,2.4,-1.0,RS41-SG,403.701,9.8,562,10,2.7,-1,-1
2024-02-21T00:28:32.000Z,U4254009,5798,43.86351,7.77363,19004.3,4.8,13.8,125.1,-63.8,2.4,-1.0,RS41-SG,403.701,10.0,562,10,2.6,-1,-1
2024-02-21T00:28:34.000Z,U4254009,5800,43.86336,7.77390,19013.1,3.7,13.5,128.2,-63.6,2.4,-1.0,RS41-SG,403.701,10.0,562,10,2.6,-1,-1
2024-02-21T00:28:36.000Z,U4254009,5802,43.86322,7.77416,19021.9,4.7,13.5,125.7,-63.5,2.4,-1.0,RS41-SG,403.701,9.4,562,10,2.7,-1,-1
2024-02-21T00:28:37.000Z,U4254009,5803,43.86315,7.77430,19026.2,3.8,13.8,124.0,-63.5,2.3,-1.0,RS41-SG,403.701,8.2,562,10,2.6,-1,-1
2024-02-21T00:28:47.000Z,U4254009,5813,43.86232,7.77577,19067.1,3.3,14.5,131.3,-62.9,2.3,-1.0,RS41-SG,403.701,10.7,562,10,2.6,-1,-1
2024-02-21T00:28:48.000Z,U4254009,5814,43.86223,7.77590,19071.0,4.5,14.3,132.0,-62.9,2.3,-1.0,RS41-SG,403.701,10.5,562,10,2.6,-1,-1
2024-02-21T00:28:52.000Z,U4254009,5818,43.86189,7.77645,19088.7,4.3,15.5,132.9,-63.0,2.3,-1.0,RS41-SG,403.701,10.0,562,10,2.6,-1,-1
2024-02-21T00:28:54.000Z,U4254009,5820,43.86169,7.77673,19096.3,4.0,16.0,135.2,-63.0,2.3,-1.0,RS41-SG,403.701,10.0,562,10,2.6,-1,-1
2024-02-21T00:29:01.000Z,U4254009,5827,43.86103,7.77757,19125.9,4.8,12.9,140.1,-62.5,2.2,-1.0,RS41-SG,403.701,8.8,562,10,2.7,-1,-1
2024-02-21T00:29:09.000Z,U4254009,5835,43.86036,7.77855,19158.8,4.2,13.8,132.2,-61.6,2.1,-1.0,RS41-SG,403.701,9.2,562,10,2.5,-1,-1
2024-02-21T00:29:10.000Z,U4254009,5836,43.86028,7.77868,19162.4,3.3,13.5,131.3,-61.6,2.1,-1.0,RS41-SG,403.701,8.6,562,10,2.6,-1,-1
2024-02-21T00:29:13.000Z,U4254009,5839,43.86003,7.77906,19174.8,3.8,14.1,133.9,-61.6,2.1,-1.0,RS41-SG,403.701,8.6,562,10,2.6,-1,-1
2024-02-21T00:29:14.000Z,U4254009,5840,43.85994,7.77918,19179.0,4.4,14.1,133.3,-61.6,2.1,-1.0,RS41-SG,403.701,9.1,562,10,2.6,-1,-1
2024-02-21T00:29:15.000Z,U4254009,5841,43.85986,7.77931,19183.5,4.9,13.9,131.4,-61.6,2.1,-1.0,RS41-SG,403.701,8.5,562,10,2.6,-1,-1
2024-02-21T00:29:16.000Z,U4254009,5842,43.85978,7.77944,19187.5,3.1,13.6,129.2,-61.7,2.2,-1.0,RS41-SG,403.701,8.4,562,10,2.7,-1,-1
2024-02-21T00:29:27.000Z,U4254009,5853,43.85902,7.78092,19230.3,3.6,13.2,133.9,-62.0,2.2,-1.0,RS41-SG,403.701,8.4,562,10,2.6,-1,-1
2024-02-21T00:29:31.000Z,U4254009,5857,43.85867,7.78137,19246.0,3.8,13.4,137.4,-62.0,2.2,-1.0,RS41-SG,403.701,8.6,562,10,2.6,-1,-1
2024-02-21T00:29:34.000Z,U4254009,5860,43.85841,7.78175,19258.4,3.1,15.2,130.4,-61.9,2.2,-1.0,RS41-SG,403.701,7.1,562,10,2.5,-1,-1
2024-02-21T00:29:36.000Z,U4254009,5862,43.85823,7.78204,19265.9,4.7,14.6,130.3,-62.0,2.2,-1.0,RS41-SG,403.701,8.1,562,10,2.6,-1,-1
2024-02-21T00:29:44.000Z,U4254009,5870,43.85755,7.78303,19298.2,3.2,13.9,137.2,-62.1,2.2,-1.0,RS41-SG,403.701,7.8,562,10,2.5,-1,-1
2024-02-21T00:29:49.000Z,U4254009,5875,43.85706,7.78368,19319.4,4.3,15.5,137.4,-62.2,2.1,-1.0,RS41-SG,403.701,9.9,562,10,2.6,-1,-1
2024-02-21T00:29:50.000Z,U4254009,5876,43.85696,7.78380,19323.4,3.8,15.2,138.9,-62.2,2.1,-1.0,RS41-SG,403.701,9.4,562,10,2.6,-1,-1
2024-02-21T00:29:52.000Z,U4254009,5878,43.85674,7.78405,19331.8,4.3,15.7,140.9,-62.2,2.1,-1.0,RS41-SG,403.701,10.6,562,10,2.6,-1,-1
2024-02-21T00:29:54.000Z,U4254009,5880,43.85652,7.78429,19339.4,4.0,15.8,143.2,-62.2,2.1,-1.0,RS41-SG,403.701,10.2,562,10,2.5,-1,-1
2024-02-21T00:29:55.000Z,U4254009,5881,43.85641,7.78440,19343.7,4.6,15.6,146.0,-62.2,2.1,-1.0,RS41-SG,403.701,10.3,562,10,2.6,-1,-1
2024-02-21T00:29:58.000Z,U4254009,5884,43.85605,7.78472,19355.8,4.7,16.0,144.6,-62.3,2.1,-1.0,RS41-SG,403.701,10.7,562,10,2.6,-1,-1
2024-02-21T00:29:59.000Z,U4254009,5885,43.85594,7.78484,19359.9,3.6,16.5,142.8,-62.3,2.1,-1.0,RS41-SG,403.701,11.2,562,10,2.5,-1,-1
2024-02-21T00:30:00.000Z,U4254009,5886,43.85582,7.78497,19363.6,3.7,16.6,141.0,-62.3,2.2,-1.0,RS41-SG,403.701,11.6,562,10,2.6,-1,-1
2024-02-21T00:30:01.000Z,U4254009,5887,43.85571,7.78510,19367.7,4.8,16.5,141.4,-62.2,2.1,-1.0,RS41-SG,403.701,11.6,562,10,2.6,-1,-1
2024-02-21T00:30:02.000Z,U4254009,5888,43.85559,7.78523,19372.0,3.5,16.3,141.5,-62.2,2.1,-1.0,RS41-SG,403.701,10.3,562,10,2.6,-1,-1
2024-02-21T00:30:05.000Z,U4254009,5891,43.85525,7.78561,19384.2,3.8,16.9,139.7,-62.1,2.1,-1.0,RS41-SG,403.701,9.7,562,10,2.6,-1,-1
2024-02-21T00:30:06.000Z,U4254009,5892,43.85513,7.78575,19388.1,3.9,17.0,139.2,-62.1,2.1,-1.0,RS41-SG,403.701,8.7,562,10,2.7,-1,-1
2024-02-21T00:30:07.000Z,U4254009,5893,43.85502,7.78588,19392.4,4.7,16.6,140.1,-62.1,2.1,-1.0,RS41-SG,403.701,11.0,562,10,2.6,-1,-1
2024-02-21T00:30:18.000Z,U4254009,5904,43.85372,7.78730,19440.1,3.8,18.0,138.1,-62.1,2.1,-1.0,RS41-SG,403.701,11.1,562,10,2.6,-1,-1
2024-02-21T00:30:19.000Z,U4254009,5905,43.85360,7.78745,19444.2,4.4,17.9,137.3,-62.1,2.0,-1.0,RS41-SG,403.701,11.0,562,10,2.5,-1,-1
2024-02-21T00:30:20.000Z,U4254009,5906,43.85348,7.78760,19448.7,4.8,17.2,137.2,-62.1,2.1,-1.0,RS41-SG,403.701,11.6,562,10,2.6,-1,-1
2024-02-21T00:30:21.000Z,U4254009,5907,43.85337,7.78774,19453.2,4.1,16.5,137.6,-62.2,2.1,-1.0,RS41-SG,403.701,11.6,562,10,2.7,-1,-1
2024-02-21T00:30:22.000Z,U4254009,5908,43.85326,7.78787,19456.9,3.2,16.1,137.8,-62.2,2.1,-1.0,RS41-SG,403.701,10.2,562,10,2.6,-1,-1
2024-02-21T00:30:23.000Z,U4254009,5909,43.85315,7.78801,19460.9,4.5,16.2,137.5,-62.2,2.0,-1.0,RS41-SG,403.701,10.1,562,10,2.6,-1,-1
2024-02-21T00:30:24.000Z,U4254009,5910,43.85305,7.78815,19465.7,5.0,16.9,136.8,-62.2,2.0,-1.0,RS41-SG,403.701,11.0,562,10,2.5,-1,-1
2024-02-21T00:30:27.000Z,U4254009,5913,43.85272,7.78859,19479.0,5.0,17.0,134.7,-62.3,2.0,-1.0,RS41-SG,403.701,12.4,562,10,2.6,-1,-1
2024-02-21T00:30:28.000Z,U4254009,5914,43.85261,7.78874,19483.3,3.7,16.8,134.0,-62.3,2.1,-1.0,RS41-SG,403.701,12.4,562,10,2.6,-1,-1
2024-02-21T00:30:29.000Z,U4254009,5915,43.85251,7.78889,19487.2,4.1,16.6,132.2,-62.4,2.1,-1.0,RS41-SG,403.701,10.6,562,9,2.5,-1,-1
2024-02-21T00:30:30.000Z,U4254009,5916,43.85241,7.78905,19491.7,4.7,17.2,130.6,-62.4,2.1,-1.0,RS41-SG,403.701,11.2,562,10,2.6,-1,-1
2024-02-21T00:30:33.000Z,U4254009,5919,43.85210,7.78957,19504.5,3.6,18.3,128.5,-62.4,2.1,-1.0,RS41-SG,403.701,11.7,562,10,2.5,-1,-1
2024-02-21T00:30:39.000Z,U4254009,5925,43.85152,7.79049,19531.6,4.2,16.1,132.5,-62.4,2.1,-1.0,RS41-SG,403.701,9.7,562,10,2.5,-1,-1
2024-02-21T00:30:40.000Z,U4254009,5926,43.85142,7.79063,19535.7,4.3,16.3,131.4,-62.5,2.1,-1.0,RS41-SG,403.701,10.7,562,10,2.6,-1,-1
2024-02-21T00:30:44.000Z,U4254009,5930,43.85107,7.79128,19553.6,4.0,16.8,123.8,-62.6,2.1,-1.0,RS41-SG,403.701,11.6,562,10,2.5,-1,-1
2024-02-21T00:30:45.000Z,U4254009,5931,43.85098,7.79145,19558.3,5.6,18.0,124.6,-62.6,2.1,-1.0,RS41-SG,403.701,11.0,562,10,2.6,-1,-1
2024-02-21T00:30:46.000Z,U4254009,5932,43.85088,7.79164,19563.5,4.7,19.0,125.5,-62.6,2.1,-1.0,RS41-SG,403.701,11.6,562,10,2.6,-1,-1
2024-02-21T00:30:47.000Z,U4254009,5933,43.85078,7.79183,19567.9,4.0,19.3,126.2,-62.6,2.1,-1.0,RS41-SG,403.701,11.9,562,10,2.6,-1,-1
2024-02-21T00:30:48.000Z,U4254009,5934,43.85068,7.79202,19572.5,4.8,19.0,126.6,-62.7,2.1,-1.0,RS41-SG,403.701,12.4,562,10,2.6,-1,-1
2024-02-21T00:30:50.000Z,U4254009,5936,43.85049,7.79238,19582.8,4.4,16.7,125.1,-62.7,2.1,-1.0,RS41-SG,403.701,12.4,562,10,2.6,-1,-1
2024-02-21T00:30:51.000Z,U4254009,5937,43.85041,7.79255,19587.0,4.0,16.0,124.6,-62.7,2.1,-1.0,RS41-SG,403.701,11.5,562,10,2.6,-1,-1
2024-02-21T00:30:52.000Z,U4254009,5938,43.85033,7.79271,19591.5,4.9,16.2,124.7,-62.7,2.1,-1.0,RS41-SG,403.701,12.0,562,10,2.6,-1,-1
2024-02-21T00:30:53.000Z,U4254009,5939,43.85024,7.79288,19596.8,5.1,16.8,125.0,-62.7,2.1,-1.0,RS41-SG,403.701,13.2,562,10,2.5,-1,-1
2024-02-21T00:30:55.000Z,U4254009,5941,43.85007,7.79323,19605.1,4.5,17.7,123.8,-62.8,2.1,-1.0,RS41-SG,403.701,13.2,562,10,2.6,-1,-1
2024-02-21T00:30:56.000Z,U4254009,5942,43.84998,7.79342,19610.0,5.5,17.7,122.0,-62.8,2.1,-1.0,RS41-SG,403.701,12.4,562,10,2.6,-1,-1
2024-02-21T00:30:57.000Z,U4254009,5943,43.84990,7.79360,19614.9,4.0,17.5,121.1,-62.8,2.1,-1.0,RS41-SG,403.701,11.1,562,9,2.6,-1,-1
2024-02-21T00:30:58.000Z,U4254009,5944,43.84982,7.79379,19619.2,4.2,17.7,120.1,-62.8,2.1,-1.0,RS41-SG,403.701,11.1,562,10,2.5,-1,-1
2024-02-21T00:31:01.000Z,U4254009,5947,43.84957,7.79438,19632.9,4.3,19.1,120.5,-62.9,2.1,-1.0,RS41-SG,403.701,13.1,562,10,2.6,-1,-1
2024-02-21T00:31:02.000Z,U4254009,5948,43.84948,7.79459,19637.7,5.3,18.5,120.0,-62.9,2.1,-1.0,RS41-SG,403.701,13.5,562,10,2.6,-1,-1
2024-02-21T00:31:03.000Z,U4254009,5949,43.84940,7.79478,19642.6,4.5,17.8,118.7,-62.9,2.1,-1.0,RS41-SG,403.701,11.1,562,10,2.5,-1,-1
2024-02-21T00:31:06.000Z,U4254009,5952,43.84918,7.79536,19656.0,5.2,18.5,116.9,-63.0,2.1,-1.0,RS41-SG,403.701,11.5,562,10,2.6,-1,-1
2024-02-21T00:31:07.000Z,U4254009,5953,43.84910,7.79558,19661.2,4.8,19.6,117.1,-63.0,2.1,-1.0,RS41-SG,403.701,11.5,562,9,2.6,-1,-1
2024-02-21T00:31:08.000Z,U4254009,5954,43.84902,7.79580,19665.7,3.9,20.1,117.0,-63.0,2.1,-1.0,RS41-SG,403.701,12.5,562,10,2.5,-1,-1
2024-02-21T00:31:09.000Z,U4254009,5955,43.84894,7.79602,19669.6,4.0,20.5,116.4,-63.1,2.1,-1.0,RS41-SG,403.701,12.1,562,10,2.5,-1,-1
2024-02-21T00:31:14.000Z,U4254009,5960,43.84859,7.79714,19692.6,5.7,18.9,115.9,-63.1,2.1,-1.0,RS41-SG,403.701,11.6,562,10,2.5,-1,-1
2024-02-21T00:31:15.000Z,U4254009,5961,43.84851,7.79735,19697.9,4.6,19.3,118.9,-63.2,2.1,-1.0,RS41-SG,403.701,12.0,562,10,2.6,-1,-1
2024-02-21T00:31:16.000Z,U4254009,5962,43.84842,7.79756,19702.6,4.5,19.6,121.2,-63.2,2.1,-1.0,RS41-SG,403.701,12.3,562,10,2.6,-1,-1
2024-02-21T00:31:17.000Z,U4254009,5963,43.84833,7.79777,19707.4,5.4,19.8,122.5,-63.2,2.1,-1.0,RS41-SG,403.701,10.6,562,10,2.6,-1,-1
2024-02-21T00:31:20.000Z,U4254009,5966,43.84804,7.79839,19721.6,5.4,20.3,123.1,-63.2,2.1,-1.0,RS41-SG,403.701,11.6,562,10,2.6,-1,-1
2024-02-21T00:31:21.000Z,U4254009,5967,43.84794,7.79860,19726.4,4.2,20.5,124.0,-63.2,2.1,-1.0,RS41-SG,403.701,10.5,562,10,2.6,-1,-1
2024-02-21T00:31:22.000Z,U4254009,5968,43.84784,7.79881,19730.8,4.8,20.4,123.5,-63.2,2.1,-1.0,RS41-SG,403.701,10.3,562,10,2.6,-1,-1
2024-02-21T00:31:36.000Z,U4254009,5982,43.84644,7.80162,19797.6,4.4,19.9,125.8,-63.1,2.1,-1.0,RS41-SG,403.701,13.1,562,10,2.6,-1,-1
2024-02-21T00:31:39.000Z,U4254009,5985,43.84616,7.80221,19811.4,4.0,18.9,121.4,-63.2,2.1,-1.0,RS41-SG,403.701,13.2,562,10,2.5,-1,-1
2024-02-21T00:31:40.000Z,U4254009,5986,43.84607,7.80241,19816.0,5.3,19.3,123.1,-63.2,2.2,-1.0,RS41-SG,403.701,14.3,562,10,2.6,-1,-1
2024-02-21T00:31:41.000Z,U4254009,5987,43.84597,7.80261,19821.4,5.6,19.8,126.2,-63.3,2.2,-1.0,RS41-SG,403.701,14.7,562,10,2.6,-1,-1
2024-02-21T00:31:42.000Z,U4254009,5988,43.84586,7.80281,19826.1,4.1,20.0,128.5,-63.3,2.1,-1.0,RS41-SG,403.701,14.7,562,10,2.6,-1,-1
2024-02-21T00:31:44.000Z,U4254009,5990,43.84563,7.80318,19834.7,4.9,19.6,130.9,-63.4,2.2,-1.0,RS41-SG,403.701,13.3,562,10,2.5,-1,-1
2024-02-21T00:31:45.000Z,U4254009,5991,43.84552,7.80336,19839.7,5.2,18.8,130.0,-63.4,2.2,-1.0,RS41-SG,403.701,14.2,562,10,2.6,-1,-1
2024-02-21T00:31:46.000Z,U4254009,5992,43.84541,7.80354,19844.2,4.1,18.5,128.7,-63.5,2.1,-1.0,RS41-SG,403.701,13.1,562,10,2.6,-1,-1
2024-02-21T00:32:00.000Z,U4254009,6006,43.84397,7.80600,19908.1,4.4,17.9,132.3,-64.0,2.2,-1.0,RS41-SG,403.701,12.0,562,10,2.6,-1,-1
2024-02-21T00:32:01.000Z,U4254009,6007,43.84386,7.80616,19912.7,5.1,18.5,134.2,-64.0,2.2,-1.0,RS41-SG,403.701,11.1,562,10,2.6,-1,-1
2024-02-21T00:32:04.000Z,U4254009,6010,43.84348,7.80666,19926.3,4.3,19.5,136.9,-64.1,2.2,-1.0,RS41-SG,403.701,12.1,562,10,2.5,-1,-1
2024-02-21T00:32:05.000Z,U4254009,6011,43.84336,7.80683,19931.1,5.4,18.8,135.5,-64.1,2.1,-1.0,RS41-SG,403.701,11.6,562,10,2.5,-1,-1
2024-02-21T00:32:06.000Z,U4254009,6012,43.84324,7.80699,19935.8,4.0,18.2,134.0,-64.2,2.2,-1.0,RS41-SG,403.701,11.7,562,10,2.6,-1,-1
2024-02-21T00:32:07.000Z,U4254009,6013,43.84313,7.80715,19939.9,4.4,17.7,133.3,-64.2,2.2,-1.0,RS41-SG,403.701,10.9,562,10,2.6,-1,-1
2024-02-21T00:32:10.000Z,U4254009,6016,43.84279,7.80764,19954.3,4.2,18.3,134.8,-64.3,2.2,-1.0,RS41-SG,403.701,10.9,562,10,2.5,-1,-1
2024-02-21T00:32:11.000Z,U4254009,6017,43.84268,7.80779,19958.8,4.7,17.6,135.9,-64.3,2.3,-1.0,RS41-SG,403.701,10.9,562,10,2.5,-1,-1
2024-02-21T00:32:12.000Z,U4254009,6018,43.84257,7.80794,19963.5,5.1,17.0,136.9,-64.3,2.2,-1.0,RS41-SG,403.701,10.2,562,10,2.5,-1,-1
2024-02-21T00:32:13.000Z,U4254009,6019,43.84246,7.80808,19968.0,4.1,16.4,137.9,-64.2,2.2,-1.0,RS41-SG,403.701,11.0,562,10,2.6,-1,-1
2024-02-21T00:32:16.000Z,U4254009,6022,43.84212,7.80850,19980.8,5.0,17.9,138.7,-64.0,2.1,-1.0,RS41-SG,403.701,8.8,562,10,2.5,-1,-1
2024-02-21T00:32:23.000Z,U4254009,6029,43.84125,7.80943,20010.7,4.4,14.2,142.6,-63.8,2.1,-1.0,RS41-SG,403.701,10.0,562,9,2.6,-1,-1
2024-02-21T00:32:24.000Z,U4254009,6030,43.84116,7.80954,20014.9,4.2,13.7,138.1,-63.8,2.1,-1.0,RS41-SG,403.701,10.0,562,9,2.6,-1,-1
2024-02-21T00:32:25.000Z,U4254009,6031,43.84106,7.80965,20018.7,3.4,14.2,135.7,-63.8,2.1,-1.0,RS41-SG,403.701,10.0,562,10,2.5,-1,-1
2024-02-21T00:32:26.000Z,U4254009,6032,43.84097,7.80978,20022.3,4.0,15.0,135.6,-63.8,2.0,-1.0,RS41-SG,403.701,10.0,562,10,2.5,-1,-1
2024-02-21T00:32:27.000Z,U4254009,6033,43.84087,7.80991,20026.9,5.2,16.3,138.4,-63.8,2.0,-1.0,RS41-SG,403.701,9.9,562,10,2.5,-1,-1
2024-02-21T00:32:28.000Z,U4254009,6034,43.84075,7.81005,20031.6,4.0,17.3,139.9,-63.8,2.1,-1.0,RS41-SG,403.701,8.9,562,10,2.6,-1,-1
2024-02-21T00:32:29.000Z,U4254009,6035,43.84063,7.81019,20035.6,4.4,18.3,141.2,-63.7,2.1,-1.0,RS41-SG,403.701,9.8,562,10,2.6,-1,-1
2024-02-21T00:32:31.000Z,U4254009,6037,43.84037,7.81049,20044.1,3.5,19.2,138.4,-63.7,2.1,-1.0,RS41-SG,403.701,10.1,562,10,2.5,-1,-1
2024-02-21T00:32:32.000Z,U4254009,6038,43.84025,7.81065,20047.6,3.6,19.0,137.6,-63.7,2.1,-1.0,RS41-SG,403.701,11.3,562,10,2.5,-1,-1
2024-02-21T00:32:33.000Z,U4254009,6039,43.84012,7.81080,20051.6,4.8,18.5,138.1,-63.7,2.1,-1.0,RS41-SG,403.701,10.0,562,10,2.6,-1,-1
2024-02-21T00:32:34.000Z,U4254009,6040,43.84000,7.81095,20056.2,4.4,17.6,139.7,-63.6,2.1,-1.0,RS41-SG,403.701,11.4,562,10,2.6,-1,-1
2024-02-21T00:32:36.000Z,U4254009,6042,43.83977,7.81121,20065.2,4.8,15.5,138.9,-63.6,2.1,-1.0,RS41-SG,403.701,11.4,562,10,2.5,-1,-1
2024-02-21T00:32:37.000Z,U4254009,6043,43.83967,7.81134,20069.7,4.2,14.4,136.9,-63.5,2.1,-1.0,RS41-SG,403.701,10.8,562,10,2.5,-1,-1
2024-02-21T00:32:41.000Z,U4254009,6047,43.83931,7.81179,20085.6,4.2,13.9,142.3,-63.4,2.0,-1.0,RS41-SG,403.701,9.5,562,10,2.5,-1,-1
2024-02-21T00:32:42.000Z,U4254009,6048,43.83921,7.81190,20089.3,3.2,14.7,143.6,-63.3,2.0,-1.0,RS41-SG,403.701,10.1,562,10,2.5,-1,-1
2024-02-21T00:32:46.000Z,U4254009,6052,43.83879,7.81242,20104.9,3.7,16.7,132.1,-63.2,2.1,-1.0,RS41-SG,403.701,10.4,562,10,2.6,-1,-1
2024-02-21T00:32:47.000Z,U4254009,6053,43.83869,7.81258,20109.0,4.2,17.0,132.0,-63.2,2.0,-1.0,RS41-SG,403.701,9.0,562,10,2.5,-1,-1
2024-02-21T00:32:48.000Z,U4254009,6054,43.83859,7.81273,20113.4,4.3,17.4,132.9,-63.1,2.0,-1.0,RS41-SG,403.701,9.5,562,10,2.5,-1,-1
2024-02-21T00:32:52.000Z,U4254009,6058,43.83817,7.81336,20129.0,3.4,16.4,130.0,-63.1,2.1,-1.0,RS41-SG,403.701,11.4,562,10,2.6,-1,-1
2024-02-21T00:32:53.000Z,U4254009,6059,43.83808,7.81351,20132.4,3.3,16.1,130.0,-63.1,2.1,-1.0,RS41-SG,403.701,11.9,562,10,2.5,-1,-1
2024-02-21T00:32:54.000Z,U4254009,6060,43.83799,7.81366,20136.4,4.6,15.6,132.4,-63.0,2.0,-1.0,RS41-SG,403.701,11.3,562,10,2.5,-1,-1
2024-02-21T00:32:55.000Z,U4254009,6061,43.83789,7.81380,20140.6,3.9,15.4,135.3,-63.0,2.0,-1.0,RS41-SG,403.701,11.3,562,10,2.5,-1,-1
2024-02-21T00:32:57.000Z,U4254009,6063,43.83769,7.81406,20148.4,4.7,15.1,136.9,-62.9,2.1,-1.0,RS41-SG,403.701,10.6,562,10,2.6,-1,-1
2024-02-21T00:32:59.000Z,U4254009,6065,43.83750,7.81433,20157.0,3.5,15.8,132.6,-62.9,2.0,-1.0,RS41-SG,403.701,10.9,562,10,2.5,-1,-1
2024-02-21T00:33:00.000Z,U4254009,6066,43.83740,7.81448,20160.7,4.2,16.5,131.6,-62.9,2.0,-1.0,RS41-SG,403.701,10.9,562,10,2.5,-1,-1
2024-02-21T00:33:03.000Z,U4254009,6069,43.83708,7.81496,20172.6,4.1,18.3,131.5,-62.9,2.1,-1.0,RS41-SG,403.701,11.0,562,10,2.5,-1,-1
2024-02-21T00:33:07.000Z,U4254009,6073,43.83669,7.81565,20188.2,4.7,17.3,127.7,-62.8,2.1,-1.0,RS41-SG,403.701,11.1,562,10,2.6,-1,-1
2024-02-21T00:33:15.000Z,U4254009,6081,43.83588,7.81701,20218.3,3.7,19.0,133.3,-62.6,2.0,-1.0,RS41-SG,403.701,11.6,562,10,2.5,-1,-1
2024-02-21T00:33:19.000Z,U4254009,6085,43.83540,7.81766,20232.5,4.0,17.5,133.1,-62.6,2.0,-1.0,RS41-SG,403.701,9.5,562,10,2.6,-1,-1
2024-02-21T00:33:32.000Z,U4254009,6098,43.83395,7.82000,20280.0,4.0,18.9,133.9,-62.7,2.0,-1.0,RS41-SG,403.701,9.1,562,10,2.5,-1,-1
2024-02-21T00:38:19.000Z,U4254009,6385,43.82052,7.84504,21492.7,4.5,12.9,113.6,-64.6,2.2,-1.0,RS41-SG,403.701,7.9,562,10,2.6,-1,-1
2024-02-21T00:38:20.000Z,U4254009,6386,43.82048,7.84518,21496.6,3.1,12.5,110.5,-64.6,2.1,-1.0,RS41-SG,403.701,8.2,562,10,2.6,-1,-1
2024-02-21T00:38:23.000Z,U4254009,6389,43.82035,7.84562,21508.7,4.2,13.4,116.9,-64.7,2.1,-1.0,RS41-SG,403.701,9.0,562,10,2.5,-1,-1
2024-02-21T00:38:24.000Z,U4254009,6390,43.82029,7.84577,21512.8,3.9,14.2,119.9,-64.7,2.1,-1.0,RS41-SG,403.701,9.0,562,10,2.6,-1,-1
2024-02-21T00:38:25.000Z,U4254009,6391,43.82022,7.84593,21516.8,4.3,14.8,120.6,-64.6,2.1,-1.0,RS41-SG,403.701,8.4,562,10,2.6,-1,-1
2024-02-21T00:38:27.000Z,U4254009,6393,43.82009,7.84626,21525.5,3.4,16.0,116.7,-64.6,2.0,-1.0,RS41-SG,403.701,8.2,562,10,2.5,-1,-1
2024-02-21T00:38:28.000Z,U4254009,6394,43.82002,7.84644,21528.9,3.0,16.4,115.4,-64.6,2.2,-1.0,RS41-SG,403.701,8.8,562,10,2.5,-1,-1
2024-02-21T00:38:29.000Z,U4254009,6395,43.81996,7.84663,21532.5,4.4,17.1,116.4,-64.6,2.1,-1.0,RS41-SG,403.701,9.7,562,10,2.5,-1,-1
2024-02-21T00:38:39.000Z,U4254009,6405,43.81930,7.84837,21573.9,4.9,14.6,120.3,-64.6,2.1,-1.0,RS41-SG,403.701,8.9,562,10,2.5,-1,-1
2024-02-21T00:38:40.000Z,U4254009,6406,43.81924,7.84853,21578.6,4.5,14.9,117.7,-64.6,2.1,-1.0,RS41-SG,403.701,8.1,562,10,2.5,-1,-1
2024-02-21T00:38:41.000Z,U4254009,6407,43.81918,7.84870,21582.4,3.3,15.6,115.8,-64.7,2.2,-1.0,RS41-SG,403.701,8.1,562,10,2.5,-1,-1
2024-02-21T00:38:47.000Z,U4254009,6413,43.81875,7.84991,21607.1,4.2,18.5,114.2,-64.8,2.1,-1.0,RS41-SG,403.701,8.8,562,10,2.5,-1,-1
2024-02-21T00:39:03.000Z,U4254009,6429,43.81764,7.85316,21671.0,4.7,18.7,117.7,-64.9,2.1,-1.0,RS41-SG,403.701,9.2,562,10,2.6,-1,-1
2024-02-21T00:39:10.000Z,U4254009,6436,43.81709,7.85454,21700.2,4.7,18.1,116.7,-65.0,2.1,-1.0,RS41-SG,403.701,8.1,562,10,2.6,-1,-1
2024-02-21T00:39:11.000Z,U4254009,6437,43.81702,7.85474,21704.5,3.6,18.5,117.3,-65.0,2.1,-1.0,RS41-SG,403.701,7.6,562,10,2.6,-1,-1
2024-02-21T00:39:18.000Z,U4254009,6444,43.81650,7.85622,21732.8,4.0,20.0,120.3,-65.2,2.3,-1.0,RS41-SG,403.701,10.1,562,10,2.5,-1,-1
2024-02-21T00:39:19.000Z,U4254009,6445,43.81640,7.85644,21736.9,4.1,20.4,121.0,-65.2,2.2,-1.0,RS41-SG,403.701,10.1,562,10,2.5,-1,-1
2024-02-21T00:39:21.000Z,U4254009,6447,43.81622,7.85688,21745.9,3.7,20.2,117.7,-65.2,2.2,-1.0,RS41-SG,403.701,9.9,562,10,2.6,-1,-1
2024-02-21T00:39:25.000Z,U4254009,6451,43.81590,7.85777,21761.8,3.2,20.2,116.1,-65.2,2.2,-1.0,RS41-SG,403.701,8.2,562,10,2.5,-1,-1
2024-02-21T00:39:29.000Z,U4254009,6455,43.81561,7.85867,21776.9,3.7,19.8,113.7,-65.3,2.2,-1.0,RS41-SG,403.701,9.5,562,10,2.6,-1,-1
2024-02-21T00:39:30.000Z,U4254009,6456,43.81553,7.85890,21781.1,4.5,19.8,116.1,-65.3,2.2,-1.0,RS41-SG,403.701,10.2,562,10,2.5,-1,-1
2024-02-21T00:39:32.000Z,U4254009,6458,43.81536,7.85933,21789.4,3.4,20.3,122.1,-65.3,2.1,-1.0,RS41-SG,403.701,7.4,562,10,2.5,-1,-1
2024-02-21T00:39:40.000Z,U4254009,6466,43.81461,7.86102,21821.4,4.5,20.1,121.0,-65.3,2.1,-1.0,RS41-SG,403.701,9.1,562,10,2.6,-1,-1
2024-02-21T00:39:41.000Z,U4254009,6467,43.81452,7.86123,21825.6,4.3,19.8,118.8,-65.3,2.1,-1.0,RS41-SG,403.701,9.1,562,10,2.6,-1,-1
2024-02-21T00:39:47.000Z,U4254009,6473,43.81396,7.86253,21849.5,3.7,20.7,126.1,-65.1,2.1,-1.0,RS41-SG,403.701,10.1,562,10,2.6,-1,-1
2024-02-21T00:39:51.000Z,U4254009,6477,43.81357,7.86335,21865.2,4.0,19.3,120.0,-65.2,2.1,-1.0,RS41-SG,403.701,10.4,562,10,2.5,-1,-1
2024-02-21T00:39:52.000Z,U4254009,6478,43.81349,7.86356,21869.2,4.3,19.6,120.5,-65.2,2.2,-1.0,RS41-SG,403.701,10.4,562,10,2.5,-1,-1
2024-02-21T00:39:54.000Z,U4254009,6480,43.81331,7.86398,21876.9,4.0,19.8,120.6,-65.2,2.1,-1.0,RS41-SG,403.701,9.8,562,10,2.6,-1,-1
2024-02-21T00:39:55.000Z,U4254009,6481,43.81322,7.86419,21881.2,4.6,19.7,119.7,-65.2,2.1,-1.0,RS41-SG,403.701,10.6,562,10,2.6,-1,-1
2024-02-21T00:39:56.000Z,U4254009,6482,43.81313,7.86441,21885.4,3.5,19.5,118.2,-65.2,2.1,-1.0,RS41-SG,403.701,11.8,562,10,2.5,-1,-1
2024-02-21T00:39:57.000Z,U4254009,6483,43.81305,7.86462,21888.9,3.4,19.9,118.0,-65.1,2.2,-1.0,RS41-SG,403.701,12.0,562,10,2.5,-1,-1
2024-02-21T00:40:04.000Z,U4254009,6490,43.81237,7.86622,21916.3,3.1,20.4,119.7,-65.1,2.1,-1.0,RS41-SG,403.701,11.9,562,10,2.5,-1,-1
2024-02-21T00:40:05.000Z,U4254009,6491,43.81228,7.86644,21919.7,3.9,20.0,120.1,-65.1,2.1,-1.0,RS41-SG,403.701,12.2,562,10,2.5,-1,-1
2024-02-21T00:40:06.000Z,U4254009,6492,43.81219,7.86665,21924.0,4.7,20.1,122.2,-65.1,2.1,-1.0,RS41-SG,403.701,14.1,562,10,2.6,-1,-1
2024-02-21T00:40:07.000Z,U4254009,6493,43.81209,7.86686,21928.0,3.6,20.5,123.2,-65.2,2.1,-1.0,RS41-SG,403.701,12.7,562,10,2.6,-1,-1
2024-02-21T00:40:14.001Z,U4254009,6500,43.81146,7.86844,21955.1,3.7,20.5,120.7,-65.4,2.1,-1.0,RS41-SG,403.701,12.7,562,9,2.6,-1,-1
2024-02-21T00:40:15.001Z,U4254009,6501,43.81136,7.86866,21958.5,2.9,20.6,122.8,-65.4,2.2,-1.0,RS41-SG,403.701,12.7,562,9,2.5,-1,-1
2024-02-21T00:40:16.001Z,U4254009,6502,43.81126,7.86887,21961.8,3.4,21.0,123.8,-65.5,2.2,-1.0,RS41-SG,403.701,11.3,562,9,2.5,-1,-1
2024-02-21T00:40:17.001Z,U4254009,6503,43.81115,7.86909,21965.8,4.5,21.5,123.1,-65.5,2.2,-1.0,RS41-SG,403.701,11.7,562,9,2.5,-1,-1
2024-02-21T00:40:20.001Z,U4254009,6506,43.81085,7.86977,21976.7,3.9,21.0,119.6,-65.6,2.2,-1.0,RS41-SG,403.701,11.9,562,9,2.6,-1,-1
2024-02-21T00:40:21.001Z,U4254009,6507,43.81076,7.87000,21981.1,4.7,20.4,121.1,-65.7,2.2,-1.0,RS41-SG,403.701,11.9,562,9,2.6,-1,-1
2024-02-21T00:40:22.001Z,U4254009,6508,43.81066,7.87021,21985.3,3.4,20.1,122.5,-65.7,2.2,-1.0,RS41-SG,403.701,10.5,562,9,2.5,-1,-1
2024-02-21T00:40:23.001Z,U4254009,6509,43.81057,7.87042,21989.0,3.7,20.2,124.0,-65.7,2.3,-1.0,RS41-SG,403.701,10.9,562,9,2.5,-1,-1
2024-02-21T00:40:24.001Z,U4254009,6510,43.81046,7.87063,21993.5,5.0,21.3,124.4,-65.8,2.2,-1.0,RS41-SG,403.701,10.6,562,9,2.5,-1,-1
2024-02-21T00:40:26.001Z,U4254009,6512,43.81024,7.87109,22002.1,3.5,23.5,123.7,-65.9,2.2,-1.0,RS41-SG,403.701,9.7,562,9,2.6,-1,-1
2024-02-21T00:40:27.001Z,U4254009,6513,43.81012,7.87134,22005.9,4.0,24.6,124.6,-65.9,2.2,-1.0,RS41-SG,403.701,9.8,562,9,2.6,-1,-1
2024-02-21T00:40:29.001Z,U4254009,6515,43.80985,7.87183,22014.0,3.5,25.3,128.1,-65.9,2.2,-1.0,RS41-SG,403.701,9.4,562,9,2.5,-1,-1
2024-02-21T00:40:32.001Z,U4254009,6518,43.80943,7.87258,22025.5,4.8,25.5,126.8,-66.0,2.2,-1.0,RS41-SG,403.701,8.3,562,9,2.6,-1,-1
2024-02-21T00:40:46.001Z,U4254009,6532,43.80778,7.87562,22083.7,4.6,22.9,130.4,-65.6,2.2,-1.0,RS41-SG,403.701,9.3,562,9,2.5,-1,-1
2024-02-21T00:40:48.001Z,U4254009,6534,43.80751,7.87606,22091.7,4.9,22.6,129.1,-65.6,2.1,-1.0,RS41-SG,403.701,9.9,562,9,2.6,-1,-1
2024-02-21T00:40:51.001Z,U4254009,6537,43.80715,7.87667,22104.8,3.8,20.3,130.2,-65.6,2.2,-1.0,RS41-SG,403.701,9.8,562,9,2.5,-1,-1
2024-02-21T00:40:52.001Z,U4254009,6538,43.80703,7.87686,22109.1,4.7,20.1,129.9,-65.7,2.2,-1.0,RS41-SG,403.701,8.7,562,9,2.5,-1,-1
2024-02-21T00:40:59.001Z,U4254009,6545,43.80619,7.87823,22140.4,5.5,21.3,133.2,-65.9,2.2,-1.0,RS41-SG,403.701,8.3,562,9,2.5,-1,-1
2024-02-21T00:41:00.001Z,U4254009,6546,43.80606,7.87842,22145.3,4.2,21.5,131.9,-65.9,2.2,-1.0,RS41-SG,403.701,8.3,562,9,2.6,-1,-1
2024-02-21T00:41:01.001Z,U4254009,6547,43.80593,7.87862,22149.3,4.0,21.6,130.8,-66.0,2.2,-1.0,RS41-SG,403.701,9.6,562,9,2.6,-1,-1
2024-02-21T00:41:05.001Z,U4254009,6551,43.80545,7.87939,22167.7,4.7,19.4,129.6,-66.1,2.3,-1.0,RS41-SG,403.701,9.6,562,9,2.5,-1,-1
2024-02-21T00:41:06.001Z,U4254009,6552,43.80534,7.87958,22172.6,5.1,19.4,127.8,-66.2,2.2,-1.0,RS41-SG,403.701,9.6,562,9,2.6,-1,-1
2024-02-21T00:41:07.001Z,U4254009,6553,43.80523,7.87977,22177.2,4.2,19.9,126.9,-66.2,2.3,-1.0,RS41-SG,403.701,9.9,562,9,2.6,-1,-1
2024-02-21T00:41:11.001Z,U4254009,6557,43.80478,7.88054,22195.3,4.3,20.2,132.4,-66.3,2.3,-1.0,RS41-SG,403.701,10.6,562,9,2.5,-1,-1
2024-02-21T00:41:12.001Z,U4254009,6558,43.80465,7.88072,22200.1,5.2,20.6,131.4,-66.4,2.4,-1.0,RS41-SG,403.701,10.7,562,9,2.5,-1,-1
2024-02-21T00:41:13.001Z,U4254009,6559,43.80453,7.88092,22204.7,4.0,20.8,130.0,-66.4,2.4,-1.0,RS41-SG,403.701,10.4,562,9,2.6,-1,-1
2024-02-21T00:41:16.001Z,U4254009,6562,43.80418,7.88150,22218.8,4.5,19.6,130.5,-66.5,2.4,-1.0,RS41-SG,403.701,11.7,562,9,2.5,-1,-1
2024-02-21T00:41:17.001Z,U4254009,6563,43.80407,7.88168,22222.9,3.9,19.0,131.5,-66.6,2.4,-1.0,RS41-SG,403.701,11.7,562,9,2.5,-1,-1
2024-02-21T00:41:19.001Z,U4254009,6565,43.80385,7.88204,22231.8,5.2,18.8,129.3,-66.6,2.4,-1.0,RS41-SG,403.701,10.9,562,9,2.6,-1,-1
2024-02-21T00:41:20.001Z,U4254009,6566,43.80374,7.88222,22236.7,4.6,19.1,127.7,-66.7,2.3,-1.0,RS41-SG,403.701,12.4,562,9,2.6,-1,-1
2024-02-21T00:41:21.001Z,U4254009,6567,43.80364,7.88241,22241.0,3.8,19.4,127.6,-66.7,2.3,-1.0,RS41-SG,403.701,12.4,562,9,2.6,-1,-1
2024-02-21T00:41:23.001Z,U4254009,6569,43.80342,7.88278,22249.9,5.1,19.4,132.6,-66.8,2.4,-1.0,RS41-SG,403.701,12.8,562,9,2.5,-1,-1
2024-02-21T00:41:28.001Z,U4254009,6574,43.80279,7.88360,22273.0,4.7,19.7,134.3,-67.0,2.3,-1.0,RS41-SG,403.701,11.5,562,9,2.6,-1,-1
2024-02-21T00:41:29.001Z,U4254009,6575,43.80267,7.88377,22277.4,4.3,19.3,132.5,-67.1,2.3,-1.0,RS41-SG,403.701,11.1,562,9,2.6,-1,-1
2024-02-21T00:41:30.001Z,U4254009,6576,43.80255,7.88395,22282.2,5.1,18.5,131.4,-67.1,2.4,-1.0,RS41-SG,403.701,12.1,562,9,2.5,-1,-1
2024-02-21T00:41:36.001Z,U4254009,6582,43.80194,7.88489,22310.0,4.4,17.6,133.1,-67.3,2.4,-1.0,RS41-SG,403.701,12.2,562,9,2.5,-1,-1
2024-02-21T00:41:37.001Z,U4254009,6583,43.80183,7.88505,22314.9,5.0,17.7,135.7,-67.3,2.4,-1.0,RS41-SG,403.701,11.7,562,9,2.5,-1,-1
2024-02-21T00:41:38.001Z,U4254009,6584,43.80171,7.88520,22319.7,4.9,17.5,138.6,-67.3,2.4,-1.0,RS41-SG,403.701,12.0,562,9,2.5,-1,-1
2024-02-21T00:41:41.001Z,U4254009,6587,43.80135,7.88562,22333.1,5.1,17.5,137.4,-67.4,2.4,-1.0,RS41-SG,403.701,12.4,562,9,2.6,-1,-1
2024-02-21T00:41:42.001Z,U4254009,6588,43.80124,7.88577,22338.0,4.7,17.6,133.7,-67.4,2.4,-1.0,RS41-SG,403.701,11.8,562,9,2.6,-1,-1
2024-02-21T00:41:44.001Z,U4254009,6590,43.80103,7.88609,22346.0,4.1,17.4,130.5,-67.4,2.4,-1.0,RS41-SG,403.701,11.2,562,9,2.5,-1,-1
2024-02-21T00:41:46.001Z,U4254009,6592,43.80083,7.88640,22355.8,4.8,16.2,135.3,-67.5,2.4,-1.0,RS41-SG,403.701,10.9,562,9,2.5,-1,-1
2024-02-21T00:41:47.001Z,U4254009,6593,43.80072,7.88654,22360.5,4.3,16.1,138.9,-67.5,2.4,-1.0,RS41-SG,403.701,11.6,562,9,2.5,-1,-1
2024-02-21T00:41:49.001Z,U4254009,6595,43.80049,7.88680,22370.1,5.5,17.3,142.7,-67.6,2.4,-1.0,RS41-SG,403.701,9.9,562,9,2.6,-1,-1
2024-02-21T00:41:50.001Z,U4254009,6596,43.80036,7.88693,22374.8,3.8,17.6,142.8,-67.6,2.4,-1.0,RS41-SG,403.701,9.9,562,9,2.6,-1,-1
2024-02-21T00:41:52.001Z,U4254009,6598,43.80011,7.88718,22384.4,5.4,17.0,145.1,-67.6,2.5,-1.0,RS41-SG,403.701,11.4,562,9,2.5,-1,-1
2024-02-21T00:41:54.001Z,U4254009,6600,43.79987,7.88741,22394.0,4.7,15.6,145.3,-67.7,2.5,-1.0,RS41-SG,403.701,9.0,562,9,2.5,-1,-1
2024-02-21T00:41:55.001Z,U4254009,6601,43.79976,7.88752,22399.1,5.7,15.1,142.0,-67.7,2.4,-1.0,RS41-SG,403.701,10.6,562,9,2.6,-1,-1
2024-02-21T00:41:59.001Z,U4254009,6605,43.79937,7.88805,22418.6,5.2,14.8,134.7,-67.7,2.5,-1.0,RS41-SG,403.701,9.5,562,9,2.5,-1,-1
2024-02-21T00:42:00.001Z,U4254009,6606,43.79927,7.88818,22423.4,4.0,14.9,136.6,-67.7,2.5,-1.0,RS41-SG,403.701,10.3,562,9,2.5,-1,-1
2024-02-21T00:42:02.001Z,U4254009,6608,43.79906,7.88843,22433.2,5.7,16.2,140.1,-67.7,2.5,-1.0,RS41-SG,403.701,10.3,562,9,2.6,-1,-1
2024-02-21T00:42:04.001Z,U4254009,6610,43.79883,7.88869,22442.6,4.2,17.6,142.8,-67.8,2.5,-1.0,RS41-SG,403.701,10.6,562,9,2.5,-1,-1
2024-02-21T00:42:05.001Z,U4254009,6611,43.79870,7.88882,22447.5,5.2,18.1,145.8,-67.8,2.5,-1.0,RS41-SG,403.701,10.6,562,9,2.5,-1,-1
2024-02-21T00:42:06.001Z,U4254009,6612,43.79856,7.88894,22452.7,5.1,18.1,149.0,-67.8,2.5,-1.0,RS41-SG,403.701,10.6,562,9,2.5,-1,-1
2024-02-21T00:42:07.001Z,U4254009,6613,43.79842,7.88905,22457.3,4.1,18.1,150.7,-67.9,2.5,-1.0,RS41-SG,403.701,10.6,562,9,2.5,-1,-1
2024-02-21T00:42:10.001Z,U4254009,6616,43.79801,7.88940,22471.9,4.9,17.5,144.3,-68.0,2.5,-1.0,RS41-SG,403.701,10.8,562,9,2.6,-1,-1
2024-02-21T00:42:11.001Z,U4254009,6617,43.79789,7.88953,22476.6,4.5,17.2,142.1,-68.0,2.5,-1.0,RS41-SG,403.701,7.9,562,9,2.6,-1,-1
2024-02-21T00:42:15.001Z,U4254009,6621,43.79743,7.88999,22495.9,3.8,15.1,147.7,-68.2,2.6,-1.0,RS41-SG,403.701,10.2,562,9,2.5,-1,-1
2024-02-21T00:42:16.001Z,U4254009,6622,43.79731,7.89009,22500.3,4.8,15.2,147.7,-68.2,2.6,-1.0,RS41-SG,403.701,9.8,562,9,2.6,-1,-1
2024-02-21T00:42:17.001Z,U4254009,6623,43.79719,7.89020,22505.5,5.6,16.0,146.3,-68.2,2.5,-1.0,RS41-SG,403.701,7.8,562,9,2.6,-1,-1
2024-02-21T00:42:24.001Z,U4254009,6630,43.79628,7.89100,22540.0,5.1,17.8,148.2,-68.4,2.5,-1.0,RS41-SG,403.701,12.2,562,9,2.6,-1,-1
2024-02-21T00:42:25.001Z,U4254009,6631,43.79614,7.89112,22544.7,4.2,17.8,147.5,-68.4,2.6,-1.0,RS41-SG,403.701,12.2,562,9,2.5,-1,-1
2024-02-21T00:42:26.001Z,U4254009,6632,43.79601,7.89124,22549.2,4.7,17.2,147.5,-68.5,2.6,-1.0,RS41-SG,403.701,10.6,562,9,2.5,-1,-1
2024-02-21T00:42:27.001Z,U4254009,6633,43.79588,7.89135,22553.8,4.6,16.6,148.9,-68.5,2.6,-1.0,RS41-SG,403.701,12.3,562,9,2.5,-1,-1
2024-02-21T00:42:28.001Z,U4254009,6634,43.79575,7.89145,22558.5,4.7,16.0,150.9,-68.5,2.7,-1.0,RS41-SG,403.701,12.3,562,9,2.5,-1,-1
2024-02-21T00:42:29.001Z,U4254009,6635,43.79563,7.89154,22563.0,4.3,15.8,152.9,-68.6,2.6,-1.0,RS41-SG,403.701,10.4,562,9,2.5,-1,-1
2024-02-21T00:42:30.001Z,U4254009,6636,43.79550,7.89163,22567.1,3.8,16.0,153.7,-68.6,2.6,-1.0,RS41-SG,403.701,10.2,562,9,2.6,-1,-1
2024-02-21T00:42:31.001Z,U4254009,6637,43.79537,7.89172,22571.1,4.1,16.2,152.4,-68.6,2.7,-1.0,RS41-SG,403.701,10.5,562,9,2.6,-1,-1
2024-02-21T00:42:42.001Z,U4254009,6648,43.79415,7.89285,22613.3,4.0,15.2,153.2,-68.9,2.6,-1.0,RS41-SG,403.701,9.8,562,9,2.5,-1,-1
2024-02-21T00:42:43.001Z,U4254009,6649,43.79403,7.89294,22616.9,3.4,16.6,152.4,-68.9,2.6,-1.0,RS41-SG,403.701,9.7,562,9,2.6,-1,-1
2024-02-21T00:42:44.001Z,U4254009,6650,43.79389,7.89304,22620.1,2.7,17.5,151.6,-69.0,2.6,-1.0,RS41-SG,403.701,10.2,562,9,2.6,-1,-1
2024-02-21T00:42:45.001Z,U4254009,6651,43.79375,7.89315,22622.9,2.6,18.3,151.7,-69.0,2.6,-1.0,RS41-SG,403.701,10.2,562,9,2.6,-1,-1
2024-02-21T00:42:52.001Z,U4254009,6658,43.79285,7.89376,22641.6,2.5,12.5,149.5,-69.1,2.6,-1.0,RS41-SG,403.701,9.1,562,9,2.6,-1,-1
2024-02-21T00:43:10.001Z,U4254009,6676,43.79078,7.89538,22658.2,-1.5,15.2,144.9,-69.0,2.6,-1.0,RS41-SG,403.701,8.1,562,9,2.6,-1,-1
2024-02-21T00:43:11.001Z,U4254009,6677,43.79067,7.89549,22656.5,-2.0,15.2,145.8,-69.0,2.7,-1.0,RS41-SG,403.701,8.1,562,9,2.5,-1,-1
2024-02-21T00:56:45.001Z,U4254009,7491,43.72639,7.99446,15743.7,-7.3,16.6,143.0,-273.0,-1.0,-1.0,RS41,403.701,8.0,-562,9,2.5,-1,-1
2024-02-21T00:56:46.001Z,U4254009,7492,43.72627,7.99458,15735.3,-9.7,16.3,141.6,-273.0,-1.0,-1.0,RS41,403.701,8.1,-562,9,2.5,-1,-1
2024-02-21T00:56:47.001Z,U4254009,7493,43.72616,7.99471,15726.7,-8.4,15.4,139.5,-273.0,-1.0,-1.0,RS41,403.701,8.3,-750,9,2.5,-1,-1
2024-02-21T00:56:49.000Z,U4254009,7495,43.72596,7.99495,15710.6,-10.3,14.4,137.0,-273.0,-1.0,-1.0,RS41,403.701,9.1,-750,9,2.5,-1,-1
2024-02-21T00:56:50.000Z,U4254009,7496,43.72587,7.99508,15701.5,-8.7,14.3,136.3,-273.0,-1.0,-1.0,RS41,403.701,7.5,-750,9,2.6,-1,-1
2024-02-21T00:56:51.000Z,U4254009,7497,43.72577,7.99520,15693.7,-6.8,14.8,137.4,-273.0,-1.0,-1.0,RS41,403.701,8.4,-750,9,2.6,08:17:57,-1
2024-02-21T00:56:54.000Z,U4254009,7500,43.72548,7.99555,15670.7,-10.8,14.2,139.9,-273.0,-1.0,-1.0,RS41,403.701,9.4,-750,9,2.5,08:17:57,-1
2024-02-21T00:56:55.000Z,U4254009,7501,43.72538,7.99567,15661.5,-8.0,14.2,140.8,-273.0,-1.0,-1.0,RS41,403.701,8.9,-750,9,2.5,08:17:57,-1
2024-02-21T00:57:02.000Z,U4254009,7508,43.72463,7.99630,15608.2,-8.9,14.3,154.6,-273.0,-1.0,-1.0,RS41,403.701,9.3,-750,9,2.5,08:17:57,-1
2024-02-21T00:57:03.000Z,U4254009,7509,43.72451,7.99637,15600.2,-7.7,14.3,156.2,-273.0,-1.0,-1.0,RS41,403.701,9.3,-750,9,2.5,08:17:57,-1
2024-02-21T00:57:04.000Z,U4254009,7510,43.72439,7.99645,15592.4,-8.0,14.7,154.1,-273.0,-1.0,-1.0,RS41,403.701,9.3,-750,9,2.5,08:17:57,-1
2024-02-21T00:57:06.000Z,U4254009,7512,43.72416,7.99662,15578.4,-7.0,15.0,147.8,-273.0,-1.0,-1.0,RS41,403.701,8.5,-750,9,2.6,08:17:57,-1
2024-02-21T00:58:09.000Z,U4254009,7575,43.71667,8.00176,15101.8,-7.4,18.4,157.0,-273.0,-1.0,-1.0,RS41,403.701,10.7,-750,8,2.6,08:17:57,-1
2024-02-21T00:58:11.000Z,U4254009,7577,43.71636,8.00193,15087.9,-6.3,18.1,158.4,-273.0,-1.0,-1.0,RS41,403.701,9.4,-750,9,2.5,08:17:57,-1
2024-02-21T00:58:12.000Z,U4254009,7578,43.71620,8.00202,15081.5,-6.8,19.4,158.5,-273.0,-1.0,-1.0,RS41,403.701,8.9,-750,9,2.5,08:17:57,-1
2024-02-21T00:58:16.000Z,U4254009,7582,43.71555,8.00238,15053.5,-7.2,20.4,156.4,-273.0,-1.0,-1.0,RS41-SG,403.701,9.6,-750,9,2.6,08:17:57,-1
2024-02-21T00:58:19.000Z,U4254009,7585,43.71505,8.00270,15030.4,-7.8,21.0,152.7,-273.0,-1.0,-1.0,RS41-SG,403.701,10.6,-750,9,2.5,08:17:57,-1
2024-02-21T00:58:20.000Z,U4254009,7586,43.71488,8.00283,15022.5,-7.6,21.4,150.6,-273.0,-1.0,-1.0,RS41-SG,403.701,9.7,-750,9,2.6,08:17:57,-1
2024-02-21T00:58:26.000Z,U4254009,7592,43.71386,8.00367,14981.3,-7.0,23.0,148.8,-273.0,-1.0,-1.0,RS41-SG,403.701,9.8,-750,9,2.6,08:17:57,-1
2024-02-21T00:58:27.000Z,U4254009,7593,43.71368,8.00382,14973.6,-8.4,23.6,149.8,-273.0,-1.0,-1.0,RS41-SG,403.701,10.3,-750,9,2.5,08:17:57,-1
2024-02-21T00:58:30.000Z,U4254009,7596,43.71313,8.00426,14951.6,-7.1,24.1,150.4,-273.0,-1.0,-1.0,RS41-SG,403.701,10.7,-750,9,2.5,08:17:57,-1
2024-02-21T01:00:10.000Z,U4254009,7696,43.69767,8.01415,14238.6,-7.5,17.1,156.6,-273.0,-1.0,-1.0,RS41-SG,403.701,8.6,-750,9,2.6,08:17:57,-1
2024-02-21T01:00:14.000Z,U4254009,7700,43.69710,8.01450,14209.7,-7.9,17.5,154.5,-273.0,-1.0,-1.0,RS41-SG,403.701,9.0,-750,9,2.5,08:17:57,-1
2024-02-21T01:00:15.000Z,U4254009,7701,43.69696,8.01460,14201.7,-8.4,18.1,153.5,-273.0,-1.0,-1.0,RS41-SG,403.701,8.8,-750,9,2.6,08:14:33,-1
2024-02-21T01:00:39.000Z,U4254009,7725,43.69357,8.01714,14026.4,-7.0,18.5,153.9,-273.0,-1.0,-1.0,RS41-SG,403.701,8.7,-750,9,2.6,08:14:33,-1
2024-02-21T01:00:44.000Z,U4254009,7730,43.69285,8.01774,13992.8,-7.4,18.9,144.2,-273.0,-1.0,-1.0,RS41-SG,403.701,9.6,-750,9,2.5,08:14:33,-1
2024-02-21T01:00:50.000Z,U4254009,7736,43.69204,8.01850,13950.8,-5.4,17.5,151.5,-273.0,-1.0,-1.0,RS41-SG,403.701,8.9,-750,8,2.4,08:14:33,-1
2024-02-21T01:00:54.000Z,U4254009,7740,43.69147,8.01890,13922.7,-6.5,18.6,152.0,-273.0,-1.0,-1.0,RS41-SG,403.701,7.7,-750,8,2.6,08:14:33,-1
2024-02-21T01:03:57.000Z,U4254009,7923,43.65770,8.02824,12782.7,-4.8,22.5,168.1,-273.0,-1.0,-1.0,RS41-SG,403.701,7.4,-750,9,2.6,08:14:33,-1
2024-02-21T01:04:33.000Z,U4254009,7959,43.65001,8.03013,12574.0,-5.2,26.8,170.0,-273.0,-1.0,-1.0,RS41-SG,403.701,8.7,-750,9,2.5,08:14:33,-1
