timestamp,serial,frame,lat,lon,alt,vel_v,vel_h,heading,temp,humidity,pressure,type,freq_mhz,snr,f_error_hz,sats,batt_v,burst_timer,aux_data
2024-08-06T12:39:32.000Z,V2920098,7467,45.73882,8.85914,29569.3,5.4,16.7,276.1,-273.0,-1.0,-1.0,RS41,404.900,9.5,0,10,2.6,-1,-1
2024-08-06T12:39:37.000Z,V2920098,7472,45.73888,8.85820,29599.0,5.4,12.5,265.6,-273.0,-1.0,-1.0,RS41,404.900,9.9,0,9,2.6,-1,-1
2024-08-06T12:39:38.000Z,V2920098,7473,45.73887,8.85804,29604.4,5.8,12.5,259.3,-273.0,-1.0,-1.0,RS41,404.900,9.9,0,9,2.7,-1,-1
2024-08-06T12:39:41.000Z,V2920098,7476,45.73879,8.85754,29621.9,5.5,13.5,259.9,-273.0,-1.0,-1.0,RS41,404.900,9.5,0,9,2.6,-1,-1
2024-08-06T12:39:42.000Z,V2920098,7477,45.73878,8.85737,29627.9,6.3,12.5,266.5,-273.0,-1.0,-1.0,RS41,404.900,11.0,0,9,2.6,-1,-1
2024-08-06T12:39:43.000Z,V2920098,7478,45.73878,8.85722,29634.2,6.6,11.4,274.6,-273.0,-1.0,-1.0,RS41,404.900,11.0,0,9,2.6,-1,-1
2024-08-06T12:39:45.000Z,V2920098,7480,45.73882,8.85694,29645.3,5.6,11.2,287.5,-273.0,-1.0,-1.0,RS41-SG,404.900,9.0,0,9,2.7,-1,-1
2024-08-06T12:39:47.000Z,V2920098,7482,45.73887,8.85665,29657.8,6.9,13.0,280.9,-273.0,-1.0,-1.0,RS41-SG,404.900,11.0,0,9,2.6,-1,-1
2024-08-06T12:39:48.000Z,V2920098,7483,45.73889,8.85648,29664.4,5.6,13.7,275.0,-273.0,-1.0,-1.0,RS41-SG,404.900,10.9,0,9,2.6,-1,-1
2024-08-06T12:39:49.000Z,V2920098,7484,45.73889,8.85630,29669.9,5.3,13.9,268.5,-273.0,-1.0,-1.0,RS41-SG,404.900,10.8,0,9,2.7,-1,-1
2024-08-06T12:39:50.000Z,V2920098,7485,45.73888,8.85613,29675.5,6.1,13.3,261.4,-273.0,-1.0,-1.0,RS41-SG,404.900,10.0,0,9,2.7,-1,-1
2024-08-06T12:39:51.000Z,V2920098,7486,45.73886,8.85597,29681.9,6.7,12.2,256.5,-273.0,-1.0,-1.0,RS41-SG,404.900,9.6,0,9,2.7,-1,-1
2024-08-06T12:39:52.000Z,V2920098,7487,45.73884,8.85582,29687.9,5.1,11.2,253.8,-273.0,-1.0,-1.0,RS41-SG,404.900,10.0,0,9,2.6,-1,-1
2024-08-06T12:39:53.000Z,V2920098,7488,45.73881,8.85569,29693.2,5.0,10.6,255.0,-273.0,-1.0,-1.0,RS41-SG,404.900,11.0,0,9,2.6,-1,-1
2024-08-06T12:39:54.000Z,V2920098,7489,45.73879,8.85556,29698.7,6.2,10.7,258.3,-273.0,-1.0,-1.0,RS41-SG,404.900,11.5,0,9,2.6,-1,-1
2024-08-06T12:39:55.000Z,V2920098,7490,45.73877,8.85541,29705.3,7.3,11.6,265.4,-273.0,-1.0,-1.0,RS41-SG,404.900,11.5,0,9,2.7,-1,-1
2024-08-06T12:39:56.000Z,V2920098,7491,45.73877,8.85526,29712.0,6.3,12.6,271.0,-273.0,-1.0,-1.0,RS41-SG,404.900,11.0,0,9,2.7,-1,-1
2024-08-06T12:39:57.000Z,V2920098,7492,45.73878,8.85509,29717.9,5.0,13.4,277.4,-273.0,-1.0,-1.0,RS41-SG,404.900,11.0,0,9,2.7,-1,-1
2024-08-06T12:39:58.000Z,V2920098,7493,45.73880,8.85492,29723.1,5.3,13.9,284.5,-273.0,-1.0,-1.0,RS41-SG,404.900,10.8,0,9,2.6,-1,-1
2024-08-06T12:40:00.000Z,V2920098,7495,45.73889,8.85460,29735.0,6.0,13.3,294.1,-273.0,-1.0,-1.0,RS41-SG,404.900,10.6,0,9,2.7,-1,-1
2024-08-06T12:40:01.000Z,V2920098,7496,45.73893,8.85444,29741.2,6.4,12.9,292.8,-273.0,-1.0,-1.0,RS41-SG,404.900,9.8,0,9,2.7,-1,-1
2024-08-06T12:40:02.000Z,V2920098,7497,45.73897,8.85428,29747.8,6.9,13.0,286.0,-273.0,-1.0,-1.0,RS41-SG,404.900,10.4,0,9,2.7,-1,-1
2024-08-06T12:40:03.000Z,V2920098,7498,45.73899,8.85412,29755.2,7.4,13.7,275.8,-273.0,-1.0,-1.0,RS41-SG,404.900,10.4,0,8,2.6,-1,-1
2024-08-06T12:40:04.000Z,V2920098,7499,45.73900,8.85393,29761.9,5.9,15.0,267.2,-273.0,-1.0,-1.0,RS41-SG,404.900,10.4,0,8,2.6,-1,-1
2024-08-06T12:40:05.000Z,V2920098,7500,45.73898,8.85374,29766.8,3.9,15.9,260.8,-273.0,-1.0,-1.0,RS41-SG,404.900,10.4,0,9,2.6,-1,-1
2024-08-06T12:40:06.000Z,V2920098,7501,45.73895,8.85354,29771.1,5.0,16.6,254.8,-273.0,-1.0,-1.0,RS41-SG,404.900,10.4,0,9,2.7,-1,-1
2024-08-06T12:40:07.000Z,V2920098,7502,45.73891,8.85334,29776.8,6.9,16.2,251.3,-273.0,-1.0,-1.0,RS41-SG,404.900,9.4,0,9,2.7,-1,-1
2024-08-06T12:40:08.000Z,V2920098,7503,45.73887,8.85314,29783.2,6.2,15.2,251.7,-273.0,-1.0,-1.0,RS41-SG,404.900,9.9,0,9,2.7,-1,-1
2024-08-06T12:40:09.000Z,V2920098,7504,45.73883,8.85296,29789.3,5.8,14.2,255.0,-40.9,-1.0,-1.0,RS41-SG,404.900,10.1,0,9,2.6,-1,-1
2024-08-06T12:40:10.000Z,V2920098,7505,45.73880,8.85279,29795.5,6.6,14.1,262.0,-40.9,-1.0,-1.0,RS41-SG,404.900,10.1,0,9,2.6,-1,-1
2024-08-06T12:40:11.000Z,V2920098,7506,45.73879,8.85260,29802.3,7.0,14.9,269.6,-40.8,-1.0,-1.0,RS41-SG,404.900,9.7,0,9,2.7,-1,-1
2024-08-06T12:40:13.000Z,V2920098,7508,45.73882,8.85220,29814.1,5.0,16.8,281.5,-40.6,-1.0,-1.0,RS41-SG,404.900,10.9,0,9,2.7,-1,-1
2024-08-06T12:40:14.000Z,V2920098,7509,45.73886,8.85199,29819.2,5.1,17.2,287.6,-40.6,-1.0,-1.0,RS41-SG,404.900,11.0,0,9,2.6,-1,-1
2024-08-06T12:40:16.000Z,V2920098,7511,45.73897,8.85158,29830.7,6.0,16.6,293.4,-40.7,-1.0,-1.0,RS41-SG,404.900,10.3,0,9,2.6,-1,-1
2024-08-06T12:40:17.000Z,V2920098,7512,45.73903,8.85139,29836.7,6.2,16.3,291.3,-40.7,-1.0,-1.0,RS41-SG,404.900,10.7,0,9,2.7,-1,-1
2024-08-06T12:40:18.000Z,V2920098,7513,45.73907,8.85119,29842.7,6.7,16.6,285.7,-40.6,-1.0,-1.0,RS41-SG,404.900,10.7,0,9,2.7,-1,-1
2024-08-06T12:40:19.000Z,V2920098,7514,45.73910,8.85098,29849.4,6.8,17.5,278.3,-40.6,-1.0,-1.0,RS41-SG,404.900,10.5,0,8,2.7,-1,-1
2024-08-06T12:40:20.000Z,V2920098,7515,45.73912,8.85075,29855.8,5.6,18.6,272.5,-40.6,-1.0,-1.0,RS41-SG,404.900,10.5,0,8,2.6,-1,-1
2024-08-06T12:40:21.000Z,V2920098,7516,45.73912,8.85050,29861.0,4.2,19.4,268.7,-40.5,-1.0,-1.0,RS41-SG,404.900,10.0,0,9,2.6,-1,-1
2024-08-06T12:40:22.000Z,V2920098,7517,45.73911,8.85026,29865.8,5.3,19.2,265.4,-40.4,-1.0,-1.0,RS41-SG,404.900,9.7,0,9,2.7,-1,-1
2024-08-06T12:40:25.000Z,V2920098,7520,45.73908,8.84960,29883.8,5.5,15.1,269.6,-40.3,-1.0,-1.0,RS41-SG,404.900,10.2,0,9,2.6,-1,-1
2024-08-06T12:40:26.000Z,V2920098,7521,45.73908,8.84941,29889.0,4.7,14.7,273.5,-40.3,-1.0,-1.0,RS41-SG,404.900,10.2,0,8,2.5,-1,-1
2024-08-06T12:40:27.000Z,V2920098,7522,45.73910,8.84921,29893.9,5.2,15.4,276.8,-40.2,-1.0,-1.0,RS41-SG,404.900,10.1,0,9,2.6,-1,-1
2024-08-06T12:40:28.000Z,V2920098,7523,45.73912,8.84901,29899.6,6.7,17.1,279.1,-40.2,-1.0,-1.0,RS41-SG,404.900,10.1,0,9,2.7,-1,-1
2024-08-06T12:40:29.000Z,V2920098,7524,45.73914,8.84878,29906.2,6.4,18.9,279.7,-40.2,-1.0,-1.0,RS41-SG,404.900,10.0,0,9,2.7,-1,-1
2024-08-06T12:40:31.000Z,V2920098,7526,45.73921,8.84827,29917.1,5.8,21.1,280.8,-40.1,-1.0,-1.0,RS41-SG,404.900,8.8,0,9,2.7,-1,-1
2024-08-06T12:40:32.000Z,V2920098,7527,45.73924,8.84801,29923.4,6.7,20.5,281.8,-40.1,-1.0,-1.0,RS41-SG,404.900,9.5,0,9,2.6,-1,-1
2024-08-06T12:40:34.000Z,V2920098,7529,45.73931,8.84754,29935.2,4.9,17.3,282.8,-40.2,-1.0,-1.0,RS41-SG,404.900,9.0,0,9,2.6,-1,-1
2024-08-06T12:40:35.000Z,V2920098,7530,45.73935,8.84733,29939.8,4.8,16.0,284.0,-40.1,-1.0,-1.0,RS41-SG,404.900,10.3,0,9,2.7,-1,-1
2024-08-06T12:40:36.000Z,V2920098,7531,45.73939,8.84714,29945.1,6.1,15.4,285.6,-40.0,-1.0,-1.0,RS41-SG,404.900,10.5,0,9,2.7,-1,-1
2024-08-06T12:40:37.000Z,V2920098,7532,45.73942,8.84695,29951.4,6.4,15.1,286.2,-40.1,-1.0,-1.0,RS41-SG,404.900,10.7,0,9,2.7,-1,-1
2024-08-06T12:40:38.000Z,V2920098,7533,45.73946,8.84676,29957.3,5.4,15.1,285.8,-40.0,-1.0,-1.0,RS41-SG,404.900,10.7,0,9,2.6,-1,-1
2024-08-06T12:40:39.000Z,V2920098,7534,45.73949,8.84658,29962.8,5.6,14.9,283.3,-40.0,-1.0,-1.0,RS41-SG,404.900,10.6,0,9,2.6,-1,-1
2024-08-06T12:40:42.000Z,V2920098,7537,45.73955,8.84604,29980.4,4.8,13.9,273.1,-40.1,-1.0,-1.0,RS41-SG,404.900,8.8,0,9,2.7,-1,-1
2024-08-06T12:40:43.000Z,V2920098,7538,45.73955,8.84586,29985.7,6.1,14.6,273.7,-40.0,-1.0,-1.0,RS41-SG,404.900,8.8,0,9,2.6,-1,-1
2024-08-06T12:40:45.000Z,V2920098,7540,45.73959,8.84545,29998.6,5.6,17.3,280.3,-40.1,-1.0,-1.0,RS41-SG,404.900,11.2,0,9,2.6,-1,-1
2024-08-06T12:40:47.000Z,V2920098,7542,45.73967,8.84501,30009.0,6.0,18.2,288.1,-40.2,-1.0,-1.0,RS41-SG,404.900,9.3,0,9,2.7,-1,-1
2024-08-06T12:40:50.000Z,V2920098,7545,45.73983,8.84442,30026.9,4.3,14.8,294.5,-40.4,-1.0,-1.0,RS41-SG,404.900,9.6,0,9,2.6,-1,-1
2024-08-06T12:40:52.000Z,V2920098,7547,45.73995,8.84409,30036.6,6.3,14.2,297.1,-40.4,-1.0,-1.0,RS41-SG,404.900,10.2,0,9,2.7,-1,-1
2024-08-06T12:40:53.000Z,V2920098,7548,45.74000,8.84392,30042.9,6.5,14.6,296.2,-40.5,-1.0,-1.0,RS41-SG,404.900,10.6,0,9,2.7,-1,-1
2024-08-06T12:40:54.000Z,V2920098,7549,45.74006,8.84375,30048.7,4.8,15.0,294.2,-40.5,-1.0,-1.0,RS41-SG,404.900,10.6,0,9,2.6,-1,-1
2024-08-06T12:40:55.000Z,V2920098,7550,45.74011,8.84357,30053.6,4.7,15.1,290.0,-40.5,-1.0,-1.0,RS41-SG,404.900,10.7,0,9,2.6,-1,-1
2024-08-06T12:40:56.000Z,V2920098,7551,45.74015,8.84339,30058.7,5.7,14.6,285.2,-40.6,-1.0,-1.0,RS41-SG,404.900,10.7,0,9,2.6,-1,-1
2024-08-06T12:40:57.000Z,V2920098,7552,45.74018,8.84322,30064.5,5.9,13.8,280.4,-40.6,-1.0,-1.0,RS41-SG,404.900,10.4,0,9,2.7,-1,-1
2024-08-06T12:40:58.000Z,V2920098,7553,45.74020,8.84304,30070.2,5.4,13.3,277.8,-40.6,-1.0,-1.0,RS41-SG,404.900,10.4,0,9,2.7,-1,-1
2024-08-06T12:41:00.000Z,V2920098,7555,45.74024,8.84271,30080.7,5.8,13.5,285.8,-40.7,-1.0,-1.0,RS41-SG,404.900,9.8,0,9,2.6,-1,-1
2024-08-06T12:41:01.000Z,V2920098,7556,45.74029,8.84255,30086.3,5.5,14.5,294.8,-40.8,-1.0,-1.0,RS41-SG,404.900,9.8,0,9,2.6,-1,-1
2024-08-06T12:41:04.000Z,V2920098,7559,45.74055,8.84201,30102.1,4.4,18.8,310.4,-40.9,-1.0,-1.0,RS41-SG,404.900,9.8,0,9,2.7,-1,-1
2024-08-06T12:41:05.000Z,V2920098,7560,45.74065,8.84184,30106.8,4.9,18.3,311.1,-40.8,-1.0,-1.0,RS41-SG,404.900,10.1,0,9,2.6,-1,-1
2024-08-06T12:41:09.000Z,V2920098,7564,45.74094,8.84124,30128.8,4.3,10.6,290.9,-40.7,-1.0,-1.0,RS41-SG,404.900,10.4,0,9,2.7,-1,-1
2024-08-06T12:41:11.000Z,V2920098,7566,45.74100,8.84098,30139.7,6.1,10.9,286.4,-40.8,-1.0,-1.0,RS41-SG,404.900,10.0,0,9,2.7,-1,-1
2024-08-06T12:41:12.000Z,V2920098,7567,45.74103,8.84084,30145.2,5.0,12.0,289.1,-40.8,-1.0,-1.0,RS41-SG,404.900,10.0,0,9,2.6,-1,-1
2024-08-06T12:41:13.000Z,V2920098,7568,45.74107,8.84070,30150.2,4.8,12.8,292.4,-40.8,-1.0,-1.0,RS41-SG,404.900,10.9,0,9,2.6,-1,-1
2024-08-06T12:41:14.000Z,V2920098,7569,45.74112,8.84054,30155.3,5.3,13.2,296.3,-40.8,-1.0,-1.0,RS41-SG,404.900,10.9,0,9,2.6,-1,-1
2024-08-06T12:41:15.000Z,V2920098,7570,45.74118,8.84039,30161.0,6.2,13.5,300.9,-40.9,-1.0,-1.0,RS41-SG,404.900,11.0,0,9,2.7,-1,-1
2024-08-06T12:41:16.000Z,V2920098,7571,45.74124,8.84025,30167.0,5.8,13.7,303.6,-41.0,-1.0,-1.0,RS41-SG,404.900,11.0,0,9,2.7,-1,-1
2024-08-06T12:41:19.000Z,V2920098,7574,45.74147,8.83979,30182.0,5.2,15.8,304.5,-41.0,-1.0,-1.0,RS41-SG,404.900,10.6,0,9,2.6,-1,-1
2024-08-06T12:41:20.000Z,V2920098,7575,45.74155,8.83961,30187.8,6.5,16.4,301.8,-41.0,-1.0,-1.0,RS41-SG,404.900,11.0,0,9,2.7,-1,-1
2024-08-06T12:41:21.000Z,V2920098,7576,45.74162,8.83943,30194.2,6.4,16.6,298.0,-41.0,-1.0,-1.0,RS41-SG,404.900,11.5,0,9,2.7,-1,-1
2024-08-06T12:41:22.000Z,V2920098,7577,45.74168,8.83924,30200.0,5.3,15.8,292.7,-41.0,-1.0,-1.0,RS41-SG,404.900,11.5,0,9,2.7,-1,-1
2024-08-06T12:41:24.000Z,V2920098,7579,45.74174,8.83890,30211.0,5.5,12.1,273.3,-40.9,-1.0,-1.0,RS41-SG,404.900,9.3,0,9,2.6,-1,-1
2024-08-06T12:41:25.000Z,V2920098,7580,45.74174,8.83875,30215.6,3.8,10.7,262.0,-40.9,-1.0,-1.0,RS41-SG,404.900,9.0,0,9,2.6,-1,-1
2024-08-06T12:41:27.000Z,V2920098,7582,45.74169,8.83850,30223.7,5.4,10.2,250.8,-40.7,-1.0,-1.0,RS41-SG,404.900,10.6,0,9,2.7,-1,-1
2024-08-06T12:41:28.000Z,V2920098,7583,45.74167,8.83837,30229.5,6.3,11.0,258.6,-40.7,-1.0,-1.0,RS41-SG,404.900,10.6,0,8,2.7,-1,-1
2024-08-06T12:41:29.000Z,V2920098,7584,45.74166,8.83823,30235.5,5.8,12.3,266.8,-40.7,-1.0,-1.0,RS41-SG,404.900,9.8,0,9,2.7,-1,-1
2024-08-06T12:41:30.000Z,V2920098,7585,45.74166,8.83806,30240.7,4.2,13.7,275.1,-40.5,-1.0,-1.0,RS41-SG,404.900,9.8,0,9,2.6,-1,-1
2024-08-06T12:41:31.000Z,V2920098,7586,45.74168,8.83788,30244.8,3.5,14.6,280.8,-40.5,-1.0,-1.0,RS41-SG,404.900,9.7,0,9,2.6,-1,-1
2024-08-06T12:41:33.000Z,V2920098,7588,45.74174,8.83752,30253.2,5.4,14.6,288.2,-40.3,-1.0,-1.0,RS41-SG,404.900,9.9,0,9,2.7,-1,-1
2024-08-06T12:41:34.000Z,V2920098,7589,45.74178,8.83734,30258.6,5.8,13.6,288.0,-40.3,-1.0,-1.0,RS41-SG,404.900,9.9,0,9,2.7,-1,-1
2024-08-06T12:41:35.000Z,V2920098,7590,45.74181,8.83718,30264.1,5.1,12.9,282.9,-40.2,-1.0,-1.0,RS41-SG,404.900,9.8,0,9,2.7,-1,-1
2024-08-06T12:41:36.000Z,V2920098,7591,45.74183,8.83702,30268.9,4.5,12.7,276.0,-40.2,-1.0,-1.0,RS41-SG,404.900,10.8,0,9,2.6,-1,-1
2024-08-06T12:41:37.000Z,V2920098,7592,45.74184,8.83685,30273.5,4.7,13.4,268.9,-40.1,-1.0,-1.0,RS41-SG,404.900,10.8,0,8,2.6,-1,-1
2024-08-06T12:41:40.000Z,V2920098,7595,45.74179,8.83629,30289.3,4.3,15.8,259.8,-40.1,-1.0,-1.0,RS41-SG,404.900,10.4,0,9,2.7,-1,-1
2024-08-06T12:41:41.000Z,V2920098,7596,45.74176,8.83609,30293.6,4.6,15.5,257.8,-40.2,-1.0,-1.0,RS41-SG,404.900,10.7,0,9,2.6,-1,-1
2024-08-06T12:41:42.000Z,V2920098,7597,45.74173,8.83590,30298.8,5.6,14.5,255.7,-40.2,-1.0,-1.0,RS41-SG,404.900,10.7,0,9,2.6,-1,-1
2024-08-06T12:41:44.000Z,V2920098,7599,45.74167,8.83557,30309.6,5.0,12.2,256.2,-40.1,-1.0,-1.0,RS41-SG,404.900,9.9,0,9,2.7,-1,-1
2024-08-06T12:41:46.000Z,V2920098,7601,45.74164,8.83527,30320.8,6.2,12.3,270.6,-40.1,-1.0,-1.0,RS41-SG,404.900,10.4,0,9,2.7,-1,-1
2024-08-06T12:41:47.000Z,V2920098,7602,45.74165,8.83511,30326.2,4.3,13.4,276.3,-40.1,-1.0,-1.0,RS41-SG,404.900,11.3,0,9,2.7,-1,-1
2024-08-06T12:41:48.000Z,V2920098,7603,45.74167,8.83493,30330.5,3.9,14.4,279.4,-40.1,-1.0,-1.0,RS41-SG,404.900,11.3,0,9,2.6,-1,-1
2024-08-06T12:41:49.000Z,V2920098,7604,45.74169,8.83474,30335.0,5.0,15.0,278.1,-40.0,-1.0,-1.0,RS41-SG,404.900,10.1,0,9,2.6,-1,-1
2024-08-06T12:41:50.000Z,V2920098,7605,45.74170,8.83455,30340.3,5.8,15.0,272.8,-39.9,-1.0,-1.0,RS41-SG,404.900,9.6,0,9,2.6,-1,-1
2024-08-06T12:41:51.000Z,V2920098,7606,45.74170,8.83436,30346.0,5.6,15.0,266.6,-39.9,-1.0,-1.0,RS41-SG,404.900,10.0,0,9,2.7,-1,-1
2024-08-06T12:41:53.000Z,V2920098,7608,45.74167,8.83397,30355.1,4.1,16.0,259.1,-39.8,-1.0,-1.0,RS41-SG,404.900,9.7,0,9,2.7,-1,-1
2024-08-06T12:41:56.000Z,V2920098,7611,45.74159,8.83331,30370.3,5.0,18.8,262.5,-39.7,-1.0,-1.0,RS41-SG,404.900,8.2,0,8,2.7,-1,-1
2024-08-06T12:41:59.000Z,V2920098,7614,45.74154,8.83263,30384.7,6.0,15.7,266.3,-39.5,-1.0,-1.0,RS41-SG,404.900,9.8,0,9,2.6,-1,-1
2024-08-06T12:42:00.000Z,V2920098,7615,45.74153,8.83244,30390.0,4.8,14.0,265.1,-39.5,-1.0,-1.0,RS41-SG,404.900,8.9,0,8,2.6,-1,-1
2024-08-06T12:42:01.000Z,V2920098,7616,45.74152,8.83227,30394.7,4.2,12.5,264.4,-39.4,-1.0,-1.0,RS41-SG,404.900,9.5,0,9,2.6,-1,-1
2024-08-06T12:42:02.000Z,V2920098,7617,45.74151,8.83211,30399.2,5.1,11.7,266.0,-39.3,-1.0,-1.0,RS41-SG,404.900,10.3,0,9,2.7,-1,-1
2024-08-06T12:42:03.000Z,V2920098,7618,45.74151,8.83196,30404.5,5.9,12.1,269.7,-39.1,-1.0,-1.0,RS41-SG,404.900,10.3,0,9,2.7,-1,-1
2024-08-06T12:42:07.000Z,V2920098,7622,45.74153,8.83128,30424.1,5.5,13.7,271.8,-38.9,-1.0,-1.0,RS41-SG,404.900,10.3,0,9,2.6,-1,-1
2024-08-06T12:42:09.000Z,V2920098,7624,45.74153,8.83094,30434.8,4.6,13.3,267.3,-38.9,-1.0,-1.0,RS41-SG,404.900,9.1,0,9,2.7,-1,-1
2024-08-06T12:42:11.000Z,V2920098,7626,45.74151,8.83059,30443.9,5.0,14.7,265.8,-38.7,-1.0,-1.0,RS41-SG,404.900,10.0,0,9,2.7,-1,-1
2024-08-06T12:42:14.000Z,V2920098,7629,45.74150,8.82997,30458.9,4.5,16.6,269.7,-38.7,-1.0,-1.0,RS41-SG,404.900,8.7,0,9,2.7,-1,-1
2024-08-06T12:42:16.000Z,V2920098,7631,45.74150,8.82958,30468.6,5.5,13.3,270.4,-38.6,-1.0,-1.0,RS41-SG,404.900,10.0,0,9,2.7,-1,-1
2024-08-06T12:42:17.000Z,V2920098,7632,45.74150,8.82943,30473.9,5.1,10.9,271.5,-38.7,-1.0,-1.0,RS41-SG,404.900,9.2,0,8,2.6,-1,-1
2024-08-06T12:42:21.000Z,V2920098,7636,45.74155,8.82893,30493.1,6.6,11.6,280.6,-38.7,-1.0,-1.0,RS41-SG,404.900,10.4,0,9,2.7,-1,-1
2024-08-06T12:42:22.000Z,V2920098,7637,45.74157,8.82877,30498.7,4.6,13.2,278.5,-38.6,-1.0,-1.0,RS41-SG,404.900,10.4,0,9,2.7,-1,-1
2024-08-06T12:42:23.000Z,V2920098,7638,45.74159,8.82860,30503.1,4.3,14.6,276.8,-38.6,-1.0,-1.0,RS41-SG,404.900,11.2,0,9,2.7,-1,-1
2024-08-06T12:42:24.000Z,V2920098,7639,45.74160,8.82841,30508.0,5.1,15.2,274.5,-38.6,-1.0,-1.0,RS41-SG,404.900,11.2,0,9,2.6,-1,-1
2024-08-06T12:42:25.000Z,V2920098,7640,45.74161,8.82822,30513.7,6.0,14.8,271.3,-38.6,-1.0,-1.0,RS41-SG,404.900,9.3,0,9,2.6,-1,-1
2024-08-06T12:42:26.000Z,V2920098,7641,45.74161,8.82803,30519.2,5.0,14.0,268.8,-38.5,-1.0,-1.0,RS41-SG,404.900,10.1,0,9,2.6,-1,-1
2024-08-06T12:42:27.000Z,V2920098,7642,45.74160,8.82786,30523.8,4.8,13.2,266.8,-38.4,-1.0,-1.0,RS41-SG,404.900,10.7,0,9,2.7,-1,-1
2024-08-06T12:42:28.000Z,V2920098,7643,45.74160,8.82770,30528.6,4.8,12.6,266.5,-38.4,-1.0,-1.0,RS41-SG,404.900,10.7,0,9,2.7,-1,-1
2024-08-06T12:42:29.000Z,V2920098,7644,45.74159,8.82754,30533.8,5.7,12.3,267.3,-38.4,-1.0,-1.0,RS41-SG,404.900,10.4,0,8,2.7,-1,-1
2024-08-06T12:42:32.000Z,V2920098,7647,45.74160,8.82708,30549.0,4.3,11.2,276.4,-38.3,-1.0,-1.0,RS41-SG,404.900,10.6,0,9,2.7,-1,-1
2024-08-06T12:42:33.000Z,V2920098,7648,45.74161,8.82694,30553.8,5.1,10.1,279.5,-38.3,-1.0,-1.0,RS41-SG,404.900,9.7,0,9,2.7,-1,-1
2024-08-06T12:42:34.000Z,V2920098,7649,45.74163,8.82682,30559.0,5.5,9.1,280.2,-38.3,-1.0,-1.0,RS41-SG,404.900,10.1,0,9,2.7,-1,-1
2024-08-06T12:42:35.000Z,V2920098,7650,45.74164,8.82671,30564.4,5.1,8.8,278.5,-38.3,-1.0,-1.0,RS41-SG,404.900,10.1,0,9,2.6,-1,-1
2024-08-06T12:42:36.000Z,V2920098,7651,45.74165,8.82659,30569.8,5.8,9.7,273.3,-38.3,-1.0,-1.0,RS41-SG,404.900,10.4,0,9,2.6,-1,-1
2024-08-06T12:42:37.000Z,V2920098,7652,45.74165,8.82645,30575.9,6.4,11.9,269.6,-38.3,-1.0,-1.0,RS41-SG,404.900,10.5,0,9,2.6,-1,-1
2024-08-06T12:42:38.000Z,V2920098,7653,45.74165,8.82628,30581.9,5.7,14.4,268.0,-38.3,-1.0,-1.0,RS41-SG,404.900,10.5,0,9,2.7,-1,-1
2024-08-06T12:42:39.000Z,V2920098,7654,45.74164,8.82609,30586.4,3.8,16.3,266.2,-38.2,-1.0,-1.0,RS41-SG,404.900,10.2,0,9,2.7,-1,-1
2024-08-06T12:42:41.000Z,V2920098,7656,45.74161,8.82565,30595.4,5.5,17.7,262.4,-38.1,-1.0,-1.0,RS41-SG,404.900,9.7,0,9,2.7,-1,-1
2024-08-06T12:42:44.000Z,V2920098,7659,45.74155,8.82503,30611.0,5.2,14.7,261.7,-38.0,-1.0,-1.0,RS41-SG,404.900,10.2,0,9,2.6,-1,-1
2024-08-06T12:42:45.000Z,V2920098,7660,45.74153,8.82485,30616.4,5.8,14.5,264.2,-38.0,-1.0,-1.0,RS41-SG,404.900,11.3,0,9,2.7,-1,-1
2024-08-06T12:42:46.000Z,V2920098,7661,45.74152,8.82466,30621.6,5.2,14.7,266.7,-37.9,-1.0,-1.0,RS41-SG,404.900,11.3,0,9,2.7,-1,-1
2024-08-06T12:42:47.000Z,V2920098,7662,45.74151,8.82448,30626.3,4.0,14.7,268.4,-37.9,-1.0,-1.0,RS41-SG,404.900,10.0,0,9,2.7,-1,-1
2024-08-06T12:42:48.000Z,V2920098,7663,45.74151,8.82429,30630.7,4.4,14.6,270.2,-37.8,0.4,-1.0,RS41-SG,404.900,10.0,0,9,2.6,-1,-1
2024-08-06T12:42:50.000Z,V2920098,7665,45.74151,8.82393,30641.0,5.8,13.7,269.2,-37.7,0.4,-1.0,RS41-SG,404.900,10.0,0,8,2.7,-1,-1
2024-08-06T12:42:51.000Z,V2920098,7666,45.74151,8.82375,30646.4,5.1,13.9,269.1,-37.7,0.4,-1.0,RS41-SG,404.900,10.5,0,8,2.7,-1,-1
2024-08-06T12:42:53.000Z,V2920098,7668,45.74150,8.82336,30657.3,5.8,17.0,268.5,-37.5,0.4,-1.0,RS41-SG,404.900,9.3,0,8,2.6,-1,-1
2024-08-06T12:42:54.000Z,V2920098,7669,45.74150,8.82314,30662.9,5.1,18.8,269.0,-37.5,0.3,-1.0,RS41-SG,404.900,9.1,0,8,2.6,-1,-1
2024-08-06T12:42:55.000Z,V2920098,7670,45.74150,8.82289,30667.6,4.1,20.0,268.8,-37.4,0.3,-1.0,RS41-SG,404.900,9.3,0,8,2.6,-1,-1
2024-08-06T12:42:56.000Z,V2920098,7671,45.74149,8.82263,30672.3,5.5,20.4,269.1,-37.4,0.3,-1.0,RS41-SG,404.900,10.9,0,8,2.7,-1,-1
2024-08-06T12:42:57.000Z,V2920098,7672,45.74149,8.82238,30677.8,6.8,18.9,267.9,-37.4,0.4,-1.0,RS41-SG,404.900,10.9,0,8,2.7,-1,-1
2024-08-06T12:42:58.000Z,V2920098,7673,45.74148,8.82215,30684.4,6.4,16.7,268.0,-37.4,0.4,-1.0,RS41-SG,404.900,10.1,0,8,2.7,-1,-1
2024-08-06T12:43:00.000Z,V2920098,7675,45.74147,8.82177,30694.6,4.2,13.2,269.1,-37.2,0.4,-1.0,RS41-SG,404.900,10.3,0,8,2.6,-1,-1
2024-08-06T12:43:01.000Z,V2920098,7676,45.74147,8.82161,30699.2,5.1,12.0,271.3,-37.1,0.3,-1.0,RS41-SG,404.900,10.2,0,8,2.6,-1,-1
2024-08-06T12:43:02.000Z,V2920098,7677,45.74148,8.82146,30704.9,6.2,12.1,275.0,-37.0,0.3,-1.0,RS41-SG,404.900,9.5,0,8,2.6,-1,-1
2024-08-06T12:43:03.000Z,V2920098,7678,45.74149,8.82130,30710.3,5.0,12.4,277.1,-36.9,0.3,-1.0,RS41-SG,404.900,9.5,0,8,2.7,-1,-1
2024-08-06T12:43:06.000Z,V2920098,7681,45.74153,8.82083,30725.5,5.9,11.8,273.3,-36.8,0.3,-1.0,RS41-SG,404.900,10.0,0,8,2.6,-1,-1
2024-08-06T12:43:07.000Z,V2920098,7682,45.74153,8.82068,30731.3,5.5,11.5,268.0,-36.8,0.3,-1.0,RS41-SG,404.900,10.5,0,8,2.6,-1,-1
2024-08-06T12:43:08.000Z,V2920098,7683,45.74152,8.82053,30736.8,5.2,11.9,263.7,-36.7,0.4,-1.0,RS41-SG,404.900,10.5,0,8,2.7,-1,-1
2024-08-06T12:43:10.000Z,V2920098,7685,45.74149,8.82020,30747.6,5.6,15.0,259.7,-36.8,0.3,-1.0,RS41-SG,404.900,9.8,0,8,2.7,-1,-1
2024-08-06T12:43:13.000Z,V2920098,7688,45.74140,8.81955,30762.5,5.2,18.7,258.5,-36.7,0.3,-1.0,RS41-SG,404.900,10.1,0,8,2.6,-1,-1
2024-08-06T12:43:15.000Z,V2920098,7690,45.74133,8.81911,30773.6,6.2,16.7,255.1,-36.6,0.4,-1.0,RS41-SG,404.900,9.5,0,8,2.7,-1,-1
2024-08-06T12:43:19.000Z,V2920098,7694,45.74122,8.81844,30794.5,5.1,11.5,267.0,-36.5,0.3,-1.0,RS41-SG,404.900,8.4,0,8,2.6,-1,-1
2024-08-06T12:43:21.000Z,V2920098,7696,45.74123,8.81811,30805.2,5.1,14.0,277.7,-36.4,0.4,-1.0,RS41-SG,404.900,9.5,0,7,2.7,-1,-1
2024-08-06T12:43:22.000Z,V2920098,7697,45.74125,8.81793,30810.4,5.6,15.4,275.5,-36.4,0.3,-1.0,RS41-SG,404.900,9.2,0,8,2.7,-1,-1
2024-08-06T12:43:23.000Z,V2920098,7698,45.74125,8.81772,30816.4,6.4,16.4,268.6,-36.3,0.3,-1.0,RS41-SG,404.900,10.7,0,8,2.7,-1,-1
2024-08-06T12:43:26.000Z,V2920098,7701,45.74116,8.81708,30832.7,4.4,17.9,249.6,-36.2,0.3,-1.0,RS41-SG,404.900,10.5,0,8,2.6,-1,-1
2024-08-06T12:43:27.000Z,V2920098,7702,45.74110,8.81686,30837.7,5.5,18.4,247.9,-36.2,0.3,-1.0,RS41-SG,404.900,11.1,0,8,2.6,-1,-1
2024-08-06T12:43:28.000Z,V2920098,7703,45.74104,8.81665,30843.6,6.7,18.4,250.1,-36.2,0.3,-1.0,RS41-SG,404.900,11.1,0,8,2.7,-1,-1
2024-08-06T12:43:31.000Z,V2920098,7706,45.74092,8.81601,30859.9,4.7,15.7,260.2,-36.2,0.3,-1.0,RS41-SG,404.900,10.0,0,8,2.6,-1,-1
2024-08-06T12:43:32.000Z,V2920098,7707,45.74090,8.81582,30865.0,5.0,14.2,262.1,-36.1,0.3,-1.0,RS41-SG,404.900,10.0,0,8,2.6,-1,-1
2024-08-06T12:43:34.000Z,V2920098,7709,45.74087,8.81548,30875.6,5.6,13.2,262.4,-36.2,0.3,-1.0,RS41-SG,404.900,9.0,0,8,2.7,-1,-1
2024-08-06T12:43:35.000Z,V2920098,7710,45.74085,8.81530,30881.3,5.9,14.4,261.8,-36.1,0.3,-1.0,RS41-SG,404.900,9.4,0,8,2.7,-1,-1
2024-08-06T12:43:37.000Z,V2920098,7712,45.74082,8.81488,30893.6,6.0,18.8,263.1,-36.1,0.3,-1.0,RS41-SG,404.900,9.5,0,8,2.6,-1,-1
2024-08-06T12:43:38.000Z,V2920098,7713,45.74079,8.81463,30899.0,4.8,20.7,263.2,-36.1,0.3,-1.0,RS41-SG,404.900,9.7,0,8,2.6,-1,-1
2024-08-06T12:43:40.000Z,V2920098,7715,45.74074,8.81408,30909.5,6.3,22.0,260.2,-36.1,0.3,-1.0,RS41-SG,404.900,10.4,0,8,2.7,-1,-1
2024-08-06T12:43:41.000Z,V2920098,7716,45.74070,8.81382,30915.9,7.0,20.8,256.6,-36.1,0.3,-1.0,RS41-SG,404.900,10.4,0,8,2.7,-1,-1
2024-08-06T12:43:42.000Z,V2920098,7717,45.74066,8.81357,30922.1,5.3,19.4,254.1,-36.1,0.3,-1.0,RS41-SG,404.900,9.1,0,8,2.7,-1,-1
2024-08-06T12:43:44.000Z,V2920098,7719,45.74056,8.81313,30932.6,5.5,16.4,253.5,-36.0,0.3,-1.0,RS41-SG,404.900,10.5,0,8,2.6,-1,-1
2024-08-06T12:43:46.000Z,V2920098,7721,45.74050,8.81274,30944.7,5.7,15.6,260.3,-36.1,0.3,-1.0,RS41-SG,404.900,9.8,0,8,2.7,-1,-1
2024-08-06T12:43:47.000Z,V2920098,7722,45.74048,8.81254,30950.1,5.4,15.8,263.3,-36.0,0.3,-1.0,RS41-SG,404.900,9.8,0,8,2.7,-1,-1
2024-08-06T12:43:48.000Z,V2920098,7723,45.74046,8.81234,30955.6,5.5,15.8,263.5,-35.9,0.3,-1.0,RS41-SG,404.900,9.8,0,8,2.7,-1,-1
2024-08-06T12:43:50.000Z,V2920098,7725,45.74042,8.81193,30968.3,6.6,16.5,260.4,-36.0,0.3,-1.0,RS41-SG,404.900,10.0,0,8,2.6,-1,-1
2024-08-06T12:43:51.000Z,V2920098,7726,45.74040,8.81172,30974.4,5.5,17.5,258.3,-35.9,0.3,-1.0,RS41-SG,404.900,11.1,0,8,2.7,-1,-1
2024-08-06T12:43:52.000Z,V2920098,7727,45.74036,8.81149,30979.8,5.7,19.1,258.5,-35.9,0.3,-1.0,RS41-SG,404.900,11.1,0,8,2.7,-1,-1
2024-08-06T12:43:53.000Z,V2920098,7728,45.74033,8.81124,30985.8,6.3,20.8,259.7,-35.9,0.3,-1.0,RS41-SG,404.900,9.7,0,8,2.7,-1,-1
2024-08-06T12:43:54.000Z,V2920098,7729,45.74030,8.81096,30991.9,6.2,22.6,262.1,-35.9,0.3,-1.0,RS41-SG,404.900,12.1,0,8,2.6,-1,-1
2024-08-06T12:43:55.000Z,V2920098,7730,45.74027,8.81067,30997.8,5.4,23.4,263.7,-35.8,0.3,-1.0,RS41-SG,404.900,12.1,0,8,2.6,-1,-1
2024-08-06T12:43:56.000Z,V2920098,7731,45.74025,8.81038,31003.4,5.7,23.2,264.6,-35.9,0.3,-1.0,RS41-SG,404.900,10.5,0,8,2.7,-1,-1
2024-08-06T12:43:57.000Z,V2920098,7732,45.74023,8.81009,31009.7,6.9,21.8,263.7,-35.8,0.3,-1.0,RS41-SG,404.900,10.5,0,8,2.7,-1,-1
2024-08-06T12:43:59.000Z,V2920098,7734,45.74018,8.80959,31022.8,5.0,18.3,261.3,-35.7,0.3,-1.0,RS41-SG,404.900,12.2,0,8,2.6,-1,-1
2024-08-06T12:44:01.000Z,V2920098,7736,45.74015,8.80916,31033.6,6.3,15.9,267.5,-35.8,0.3,-1.0,RS41-SG,404.900,11.4,0,8,2.7,-1,-1
2024-08-06T12:44:02.000Z,V2920098,7737,45.74015,8.80895,31040.0,6.8,16.3,272.8,-35.8,0.3,-1.0,RS41-SG,404.900,11.4,0,8,2.7,-1,-1
2024-08-06T12:44:03.000Z,V2920098,7738,45.74016,8.80874,31046.3,5.6,17.0,275.4,-35.8,0.3,-1.0,RS41-SG,404.900,10.8,0,8,2.6,-1,-1
2024-08-06T12:44:05.000Z,V2920098,7740,45.74019,8.80828,31057.7,5.9,19.2,273.2,-35.8,0.3,-1.0,RS41-SG,404.900,11.1,0,8,2.7,-1,-1
2024-08-06T12:44:06.000Z,V2920098,7741,45.74019,8.80803,31064.0,6.7,20.1,269.2,-35.8,0.3,-1.0,RS41-SG,404.900,11.3,0,8,2.7,-1,-1
2024-08-06T12:44:07.000Z,V2920098,7742,45.74019,8.80777,31070.4,6.4,20.8,266.1,-35.9,0.3,-1.0,RS41-SG,404.900,11.3,0,8,2.7,-1,-1
2024-08-06T12:44:11.000Z,V2920098,7746,45.74014,8.80662,31093.6,7.3,23.8,271.9,-36.0,0.3,-1.0,RS41-SG,404.900,9.6,0,8,2.7,-1,-1
2024-08-06T12:44:12.000Z,V2920098,7747,45.74015,8.80632,31100.4,6.2,23.5,274.9,-36.0,0.3,-1.0,RS41-SG,404.900,10.7,0,8,2.7,-1,-1
2024-08-06T12:44:13.000Z,V2920098,7748,45.74017,8.80603,31106.1,5.5,22.6,277.6,-36.0,0.3,-1.0,RS41-SG,404.900,10.7,0,8,2.7,-1,-1
2024-08-06T12:44:14.000Z,V2920098,7749,45.74020,8.80576,31111.7,5.7,20.9,279.6,-36.1,0.3,-1.0,RS41-SG,404.900,10.6,0,8,2.7,-1,-1
2024-08-06T12:44:15.000Z,V2920098,7750,45.74023,8.80551,31117.9,6.4,18.4,279.2,-36.0,0.3,-1.0,RS41-SG,404.900,10.7,0,8,2.6,-1,-1
2024-08-06T12:44:16.000Z,V2920098,7751,45.74025,8.80529,31124.2,5.9,16.3,277.3,-36.0,0.3,-1.0,RS41-SG,404.900,11.5,0,8,2.6,-1,-1
2024-08-06T12:44:17.000Z,V2920098,7752,45.74027,8.80509,31129.8,5.2,15.2,275.4,-36.0,0.3,-1.0,RS41-SG,404.900,11.5,0,8,2.6,-1,-1
2024-08-06T12:44:18.000Z,V2920098,7753,45.74028,8.80490,31135.1,5.9,15.1,274.0,-36.1,0.3,-1.0,RS41-SG,404.900,10.9,0,8,2.7,-1,-1
2024-08-06T12:44:19.000Z,V2920098,7754,45.74029,8.80469,31141.7,7.6,16.5,274.5,-36.1,0.3,-1.0,RS41-SG,404.900,10.5,0,8,2.7,-1,-1
2024-08-06T12:44:20.000Z,V2920098,7755,45.74031,8.80447,31149.1,7.4,18.4,276.8,-36.0,0.3,-1.0,RS41-SG,404.900,11.3,0,8,2.7,-1,-1
2024-08-06T12:44:22.000Z,V2920098,7757,45.74036,8.80397,31160.6,4.6,21.3,278.9,-36.1,0.3,-1.0,RS41-SG,404.900,10.9,0,8,2.6,-1,-1
2024-08-06T12:44:26.000Z,V2920098,7761,45.74045,8.80287,31185.4,6.4,20.7,274.8,-36.2,0.3,-1.0,RS41-SG,404.900,11.5,0,8,2.7,-1,-1
2024-08-06T12:44:28.000Z,V2920098,7763,45.74048,8.80236,31198.9,7.1,20.0,276.8,-36.2,0.4,-1.0,RS41-SG,404.900,11.9,0,8,2.6,-1,-1
2024-08-06T12:44:29.000Z,V2920098,7764,45.74051,8.80211,31205.3,5.6,19.8,278.7,-36.2,0.3,-1.0,RS41-SG,404.900,11.9,0,8,2.6,-1,-1
2024-08-06T12:44:30.000Z,V2920098,7765,45.74053,8.80186,31211.2,5.9,19.1,279.2,-36.2,0.4,-1.0,RS41-SG,404.900,10.5,0,8,2.7,-1,-1
2024-08-06T12:44:31.000Z,V2920098,7766,45.74056,8.80163,31217.3,6.8,18.1,279.0,-36.2,0.4,-1.0,RS41-SG,404.900,11.4,0,8,2.7,-1,-1
2024-08-06T12:44:32.000Z,V2920098,7767,45.74058,8.80141,31224.1,6.8,16.9,277.3,-36.2,0.3,-1.0,RS41-SG,404.900,11.4,0,8,2.7,-1,-1
2024-08-06T12:44:35.000Z,V2920098,7770,45.74063,8.80077,31242.5,6.5,17.8,276.9,-36.3,0.3,-1.0,RS41-SG,404.900,11.4,0,8,2.7,-1,-1
2024-08-06T12:44:36.000Z,V2920098,7771,45.74066,8.80053,31249.4,7.2,19.8,279.0,-36.3,0.4,-1.0,RS41-SG,404.900,11.0,0,8,2.7,-1,-1
2024-08-06T12:44:37.000Z,V2920098,7772,45.74069,8.80027,31256.1,6.4,21.9,281.0,-36.3,0.3,-1.0,RS41-SG,404.900,11.0,0,8,2.7,-1,-1
2024-08-06T12:44:38.000Z,V2920098,7773,45.74073,8.79999,31262.3,5.5,23.2,281.2,-36.3,0.3,-1.0,RS41-SG,404.900,10.3,0,8,2.6,-1,-1
2024-08-06T12:44:40.000Z,V2920098,7775,45.74081,8.79939,31274.3,7.0,23.2,280.0,-36.3,0.3,-1.0,RS41-SG,404.900,11.1,0,8,2.6,-1,-1
2024-08-06T12:44:42.000Z,V2920098,7777,45.74086,8.79885,31288.1,6.6,19.7,277.0,-36.3,0.3,-1.0,RS41-SG,404.900,11.2,0,8,2.7,-1,-1
2024-08-06T12:44:43.000Z,V2920098,7778,45.74088,8.79861,31293.9,4.9,18.3,277.0,-36.2,0.3,-1.0,RS41-SG,404.900,11.2,0,8,2.7,-1,-1
2024-08-06T12:44:44.000Z,V2920098,7779,45.74091,8.79839,31299.1,5.8,17.2,279.7,-36.3,0.3,-1.0,RS41-SG,404.900,10.5,0,8,2.7,-1,-1
2024-08-06T12:44:45.000Z,V2920098,7780,45.74094,8.79817,31305.6,6.8,17.2,284.0,-36.3,0.4,-1.0,RS41-SG,404.900,11.9,0,8,2.6,-1,-1
2024-08-06T12:44:46.000Z,V2920098,7781,45.74098,8.79795,31312.6,6.9,18.2,288.5,-36.3,0.3,-1.0,RS41-SG,404.900,11.9,0,8,2.6,-1,-1
2024-08-06T12:44:47.000Z,V2920098,7782,45.74104,8.79773,31319.0,5.9,19.5,290.2,-36.3,0.3,-1.0,RS41-SG,404.900,11.0,0,8,2.6,-1,-1
2024-08-06T12:44:48.000Z,V2920098,7783,45.74110,8.79749,31324.7,5.9,20.8,290.3,-36.4,0.4,-1.0,RS41-SG,404.900,10.3,0,7,2.7,-1,-1
2024-08-06T12:44:49.000Z,V2920098,7784,45.74117,8.79723,31330.8,6.6,21.5,288.9,-36.3,0.3,-1.0,RS41-SG,404.900,11.5,0,8,2.7,-1,-1
2024-08-06T12:44:50.000Z,V2920098,7785,45.74123,8.79697,31337.3,6.8,21.8,287.7,-36.3,0.3,-1.0,RS41-SG,404.900,11.5,0,8,2.7,-1,-1
2024-08-06T12:44:52.000Z,V2920098,7787,45.74134,8.79644,31349.7,5.7,21.6,286.8,-36.4,0.3,-1.0,RS41-SG,404.900,11.4,0,8,2.6,-1,-1
2024-08-06T12:44:53.000Z,V2920098,7788,45.74140,8.79617,31355.7,6.0,21.9,288.4,-36.3,0.3,-1.0,RS41-SG,404.900,11.6,0,8,2.6,-1,-1
2024-08-06T12:44:54.000Z,V2920098,7789,45.74147,8.79591,31362.2,7.0,22.2,291.1,-36.3,0.3,-1.0,RS41-SG,404.900,11.6,0,8,2.6,-1,-1
2024-08-06T12:44:55.000Z,V2920098,7790,45.74154,8.79564,31369.0,6.7,22.4,293.4,-36.4,0.3,-1.0,RS41-SG,404.900,10.8,0,8,2.7,-1,-1
2024-08-06T12:44:58.000Z,V2920098,7793,45.74178,8.79491,31388.1,6.9,19.1,294.4,-36.2,0.4,-1.0,RS41-SG,404.900,11.9,0,8,2.7,-1,-1
2024-08-06T12:44:59.000Z,V2920098,7794,45.74185,8.79469,31395.1,6.9,17.3,292.7,-36.3,0.4,-1.0,RS41-SG,404.900,11.9,0,8,2.6,-1,-1
2024-08-06T12:45:00.000Z,V2920098,7795,45.74190,8.79450,31401.4,5.8,16.0,289.9,-36.3,0.2,-1.0,RS41-SG,404.900,11.5,0,8,2.6,-1,-1
2024-08-06T12:45:02.000Z,V2920098,7797,45.74199,8.79411,31412.6,6.1,16.2,287.6,-36.1,0.3,-1.0,RS41-SG,404.900,11.3,0,8,2.7,-1,-1
2024-08-06T12:45:04.000Z,V2920098,7799,45.74209,8.79369,31425.3,6.8,19.2,290.4,-36.2,0.3,-1.0,RS41-SG,404.900,11.5,0,8,2.7,-1,-1
2024-08-06T12:45:05.000Z,V2920098,7800,45.74216,8.79345,31432.0,6.8,20.8,291.4,-36.2,0.3,-1.0,RS41-SG,404.900,12.0,0,8,2.6,-1,-1
2024-08-06T12:45:06.000Z,V2920098,7801,45.74223,8.79319,31438.7,6.1,21.8,290.8,-36.2,0.3,-1.0,RS41-SG,404.900,12.3,0,8,2.6,-1,-1
2024-08-06T12:45:07.000Z,V2920098,7802,45.74229,8.79293,31444.7,5.9,21.9,289.3,-36.2,0.4,-1.0,RS41-SG,404.900,12.3,0,8,2.7,-1,-1
2024-08-06T12:45:08.000Z,V2920098,7803,45.74235,8.79267,31450.9,6.6,21.1,285.6,-36.1,0.3,-1.0,RS41-SG,404.900,11.1,0,8,2.7,-1,-1
2024-08-06T12:45:09.000Z,V2920098,7804,45.74239,8.79241,31457.5,6.8,19.6,280.1,-36.0,0.3,-1.0,RS41-SG,404.900,10.5,0,8,2.7,-1,-1
2024-08-06T12:45:10.000Z,V2920098,7805,45.74241,8.79218,31464.2,6.5,17.9,274.2,-36.0,0.3,-1.0,RS41-SG,404.900,12.4,0,8,2.6,-1,-1
2024-08-06T12:45:11.000Z,V2920098,7806,45.74242,8.79196,31470.6,6.3,16.2,268.3,-36.0,0.3,-1.0,RS41-SG,404.900,12.4,0,8,2.6,-1,-1
2024-08-06T12:45:12.000Z,V2920098,7807,45.74241,8.79176,31476.9,6.3,14.6,264.6,-36.0,0.3,-1.0,RS41-SG,404.900,10.4,0,8,2.7,-1,-1
2024-08-06T12:45:13.000Z,V2920098,7808,45.74240,8.79159,31483.2,6.4,13.3,266.2,-36.0,0.3,-1.0,RS41-SG,404.900,11.2,0,8,2.7,-1,-1
2024-08-06T12:45:14.000Z,V2920098,7809,45.74240,8.79142,31489.6,6.5,12.4,272.7,-36.0,0.3,-1.0,RS41-SG,404.900,11.7,0,8,2.7,-1,-1
2024-08-06T12:45:15.000Z,V2920098,7810,45.74241,8.79127,31496.3,6.6,12.0,284.8,-36.0,0.3,-1.0,RS41-SG,404.900,11.7,0,8,2.6,-1,-1
2024-08-06T12:45:16.000Z,V2920098,7811,45.74245,8.79112,31502.9,6.5,12.6,294.9,-36.1,0.3,-1.0,RS41-SG,404.900,11.2,0,8,2.6,-1,-1
2024-08-06T12:45:17.000Z,V2920098,7812,45.74251,8.79097,31509.2,6.0,14.2,302.3,-36.1,0.3,-1.0,RS41-SG,404.900,11.7,0,8,2.6,-1,-1
2024-08-06T12:45:18.000Z,V2920098,7813,45.74258,8.79081,31515.2,6.0,15.5,301.6,-36.0,0.3,-1.0,RS41-SG,404.900,11.7,0,8,2.7,-1,-1
2024-08-06T12:45:19.000Z,V2920098,7814,45.74265,8.79063,31521.4,7.3,16.6,295.8,-36.0,0.3,-1.0,RS41-SG,404.900,11.7,0,8,2.7,-1,-1
2024-08-06T12:45:20.000Z,V2920098,7815,45.74270,8.79042,31528.7,7.4,17.7,286.2,-36.0,0.3,-1.0,RS41-SG,404.900,11.6,0,8,2.7,-1,-1
2024-08-06T12:45:21.000Z,V2920098,7816,45.74273,8.79020,31535.5,6.3,18.9,276.3,-36.1,0.3,-1.0,RS41-SG,404.900,12.0,0,8,2.7,-1,-1
2024-08-06T12:45:22.000Z,V2920098,7817,45.74274,8.78995,31541.1,4.3,19.9,269.6,-36.0,0.3,-1.0,RS41-SG,404.900,12.4,0,8,2.6,-1,-1
2024-08-06T12:45:23.000Z,V2920098,7818,45.74273,8.78969,31545.4,4.2,20.6,264.6,-36.0,0.3,-1.0,RS41-SG,404.900,12.4,0,8,2.6,-1,-1
2024-08-06T12:45:24.000Z,V2920098,7819,45.74271,8.78943,31550.9,6.1,20.1,262.9,-36.0,0.3,-1.0,RS41-SG,404.900,11.9,0,8,2.6,-1,-1
2024-08-06T12:45:25.000Z,V2920098,7820,45.74269,8.78918,31557.7,7.9,18.5,265.2,-36.0,0.3,-1.0,RS41-SG,404.900,13.2,0,8,2.7,-1,-1
2024-08-06T12:45:26.000Z,V2920098,7821,45.74269,8.78896,31565.1,7.7,16.6,269.5,-36.0,0.3,-1.0,RS41-SG,404.900,13.2,0,8,2.7,-1,-1
2024-08-06T12:45:27.000Z,V2920098,7822,45.74269,8.78876,31571.5,5.1,15.2,275.4,-36.1,0.3,-1.0,RS41-SG,404.900,11.7,0,8,2.7,-1,-1
2024-08-06T12:45:28.000Z,V2920098,7823,45.74271,8.78857,31576.6,4.6,14.2,281.7,-36.0,0.3,-1.0,RS41-SG,404.900,11.9,0,7,2.7,-1,-1
2024-08-06T12:45:29.000Z,V2920098,7824,45.74274,8.78840,31581.5,5.5,13.4,285.0,-36.0,0.3,-1.0,RS41-SG,404.900,12.3,0,8,2.6,-1,-1
2024-08-06T12:45:30.000Z,V2920098,7825,45.74277,8.78824,31587.8,7.0,13.2,285.0,-35.9,0.3,-1.0,RS41-SG,404.900,12.3,0,8,2.6,-1,-1
2024-08-06T12:45:31.000Z,V2920098,7826,45.74280,8.78807,31594.8,6.7,13.5,281.7,-35.9,0.3,-1.0,RS41-SG,404.900,12.5,0,8,2.6,-1,-1
2024-08-06T12:45:32.000Z,V2920098,7827,45.74282,8.78790,31600.8,5.8,14.3,279.7,-35.8,0.3,-1.0,RS41-SG,404.900,12.8,0,8,2.7,-1,-1
2024-08-06T12:45:33.000Z,V2920098,7828,45.74284,8.78771,31606.6,6.0,15.6,278.7,-35.8,0.3,-1.0,RS41-SG,404.900,12.8,0,8,2.7,-1,-1
2024-08-06T12:45:34.000Z,V2920098,7829,45.74287,8.78750,31612.9,6.6,16.9,279.1,-35.9,0.3,-1.0,RS41-SG,404.900,12.0,0,8,2.7,-1,-1
2024-08-06T12:45:35.000Z,V2920098,7830,45.74289,8.78728,31619.5,6.3,17.9,280.1,-36.0,0.3,-1.0,RS41-SG,404.900,11.9,0,8,2.7,-1,-1
2024-08-06T12:45:36.000Z,V2920098,7831,45.74292,8.78705,31625.6,5.5,18.5,279.4,-36.0,0.3,-1.0,RS41-SG,404.900,12.2,0,8,2.6,-1,-1
2024-08-06T12:45:37.000Z,V2920098,7832,45.74295,8.78682,31631.6,6.2,18.8,277.8,-36.0,0.2,-1.0,RS41-SG,404.900,12.2,0,8,2.6,-1,-1
2024-08-06T12:45:38.000Z,V2920098,7833,45.74296,8.78658,31638.2,7.1,19.0,273.4,-36.0,0.3,-1.0,RS41-SG,404.900,12.3,0,8,2.6,-1,-1
2024-08-06T12:45:39.000Z,V2920098,7834,45.74297,8.78633,31644.8,6.7,18.9,268.7,-36.0,0.3,-1.0,RS41-SG,404.900,12.3,0,8,2.7,-1,-1
2024-08-06T12:45:40.000Z,V2920098,7835,45.74296,8.78609,31651.0,5.9,18.7,266.1,-36.0,0.3,-1.0,RS41-SG,404.900,12.6,0,8,2.7,-1,-1
2024-08-06T12:45:41.000Z,V2920098,7836,45.74295,8.78586,31657.1,6.5,17.9,265.2,-36.1,0.3,-1.0,RS41-SG,404.900,12.6,0,8,2.7,-1,-1
2024-08-06T12:45:42.000Z,V2920098,7837,45.74294,8.78564,31663.8,7.0,16.7,269.0,-36.2,0.3,-1.0,RS41-SG,404.900,12.5,0,8,2.7,-1,-1
2024-08-06T12:45:43.000Z,V2920098,7838,45.74294,8.78543,31670.5,6.4,15.6,273.8,-36.3,0.3,-1.0,RS41-SG,404.900,10.6,0,8,2.6,-1,-1
2024-08-06T12:45:44.000Z,V2920098,7839,45.74296,8.78524,31676.3,5.0,15.4,279.7,-36.2,0.3,-1.0,RS41-SG,404.900,11.3,0,8,2.6,-1,-1
2024-08-06T12:45:45.000Z,V2920098,7840,45.74299,8.78504,31681.8,5.7,15.6,283.5,-36.2,0.3,-1.0,RS41-SG,404.900,13.1,0,8,2.6,-1,-1
2024-08-06T12:45:46.000Z,V2920098,7841,45.74302,8.78484,31688.2,7.4,16.7,283.2,-36.2,0.3,-1.0,RS41-SG,404.900,13.1,0,8,2.7,-1,-1
2024-08-06T12:45:47.000Z,V2920098,7842,45.74305,8.78462,31695.5,7.4,17.8,280.2,-36.2,0.3,-1.0,RS41-SG,404.900,12.9,0,8,2.7,-1,-1
2024-08-06T12:45:48.000Z,V2920098,7843,45.74308,8.78439,31701.8,5.5,18.7,277.4,-36.2,0.3,-1.0,RS41-SG,404.900,13.3,0,8,2.7,-1,-1
2024-08-06T12:45:49.000Z,V2920098,7844,45.74310,8.78415,31707.2,5.2,19.5,275.9,-36.3,0.3,-1.0,RS41-SG,404.900,13.3,0,8,2.7,-1,-1
2024-08-06T12:45:50.000Z,V2920098,7845,45.74311,8.78390,31712.8,5.9,19.9,274.8,-36.4,0.3,-1.0,RS41-SG,404.900,12.8,0,8,2.6,-1,-1
2024-08-06T12:45:51.000Z,V2920098,7846,45.74313,8.78365,31719.2,6.7,19.6,274.8,-36.4,0.3,-1.0,RS41-SG,404.900,12.7,0,8,2.6,-1,-1
2024-08-06T12:45:52.000Z,V2920098,7847,45.74315,8.78340,31725.8,6.2,19.3,275.9,-36.4,0.3,-1.0,RS41-SG,404.900,11.6,0,8,2.6,-1,-1
2024-08-06T12:45:53.000Z,V2920098,7848,45.74316,8.78316,31731.9,5.8,18.9,275.1,-36.4,0.3,-1.0,RS41-SG,404.900,11.7,0,8,2.7,-1,-1
2024-08-06T12:45:54.000Z,V2920098,7849,45.74317,8.78292,31737.5,6.2,18.5,273.6,-36.4,0.3,-1.0,RS41-SG,404.900,11.7,0,8,2.7,-1,-1
2024-08-06T12:45:55.000Z,V2920098,7850,45.74318,8.78268,31743.6,6.5,18.5,270.9,-36.4,0.3,-1.0,RS41-SG,404.900,11.5,0,8,2.7,-1,-1
2024-08-06T12:45:56.000Z,V2920098,7851,45.74318,8.78245,31751.6,8.1,18.4,267.3,-36.5,0.3,-1.0,RS41-SG,404.900,12.3,0,8,2.7,-1,-1
2024-08-06T12:46:00.000Z,V2920098,7855,45.74314,8.78149,31733.7,-22.3,18.8,266.8,-36.6,0.3,-1.0,RS41-SG,404.900,11.9,0,8,2.7,-1,-1
2024-08-06T12:46:01.000Z,V2920098,7856,45.74313,8.78125,31707.5,-30.1,18.7,267.4,-36.6,0.3,-1.0,RS41-SG,404.900,11.9,0,8,2.7,-1,-1
2024-08-06T12:46:02.000Z,V2920098,7857,45.74312,8.78101,31673.5,-37.5,18.9,269.0,-36.4,0.3,-1.0,RS41-SG,404.900,11.8,0,8,2.7,-1,-1
2024-08-06T12:46:03.000Z,V2920098,7858,45.74312,8.78076,31633.1,-43.4,19.1,270.6,-36.2,0.3,-1.0,RS41-SG,404.900,11.5,0,8,2.7,-1,-1
2024-08-06T12:46:04.000Z,V2920098,7859,45.74313,8.78052,31588.1,-47.0,18.5,272.4,-35.9,0.3,-1.0,RS41-SG,404.900,11.5,0,8,2.6,-1,-1
2024-08-06T12:46:06.000Z,V2920098,7861,45.74317,8.78004,31495.3,-41.7,20.0,288.2,-35.9,0.3,-1.0,RS41-SG,404.900,10.3,0,8,2.6,-1,-1
2024-08-06T12:46:07.000Z,V2920098,7862,45.74324,8.77980,31456.1,-38.1,21.1,292.9,-36.0,0.3,-1.0,RS41-SG,404.900,11.9,0,8,2.7,-1,-1
2024-08-06T12:46:08.000Z,V2920098,7863,45.74331,8.77955,31418.0,-38.3,21.4,293.5,-36.2,0.3,-1.0,RS41-SG,404.900,11.9,0,8,2.7,-1,-1
2024-08-06T12:46:09.000Z,V2920098,7864,45.74339,8.77930,31380.4,-37.7,21.5,294.7,-36.3,0.3,-1.0,RS41-SG,404.900,10.9,0,8,2.7,-1,-1
2024-08-06T12:46:10.000Z,V2920098,7865,45.74346,8.77905,31343.5,-36.4,20.6,292.7,-36.4,0.3,-1.0,RS41-SG,404.900,12.1,0,8,2.7,-1,-1
2024-08-06T12:46:11.000Z,V2920098,7866,45.74353,8.77881,31307.2,-36.7,20.2,291.6,-36.4,0.3,-1.0,RS41-SG,404.900,12.1,0,8,2.6,-1,-1
2024-08-06T12:46:12.000Z,V2920098,7867,45.74359,8.77857,31269.6,-38.5,19.4,289.1,-36.5,0.3,-1.0,RS41-SG,404.900,12.1,0,8,2.6,-1,-1
2024-08-06T12:46:13.000Z,V2920098,7868,45.74365,8.77834,31229.7,-40.8,19.2,286.2,-36.4,0.2,-1.0,RS41-SG,404.900,13.1,0,8,2.6,-1,-1
2024-08-06T12:46:14.000Z,V2920098,7869,45.74369,8.77810,31191.1,-36.7,17.9,279.3,-36.3,0.3,-1.0,RS41-SG,404.900,13.1,0,8,2.7,-1,-1
2024-08-06T12:46:15.000Z,V2920098,7870,45.74370,8.77787,31156.4,-32.6,17.9,270.4,-36.4,0.3,-1.0,RS41-SG,404.900,12.5,0,8,2.7,-1,-1
2024-08-06T12:46:17.000Z,V2920098,7872,45.74367,8.77743,31095.5,-29.3,17.3,258.3,-36.3,0.3,-1.0,RS41-SG,404.900,12.2,0,8,2.7,-1,-1
2024-08-06T12:46:18.000Z,V2920098,7873,45.74364,8.77720,31065.9,-30.2,18.4,258.4,-36.2,0.3,-1.0,RS41-SG,404.900,11.5,0,8,2.6,-1,-1
2024-08-06T12:46:20.000Z,V2920098,7875,45.74359,8.77673,31003.7,-30.8,18.9,263.8,-36.2,0.3,-1.0,RS41-SG,404.900,12.5,0,8,2.6,-1,-1
2024-08-06T12:46:21.000Z,V2920098,7876,45.74358,8.77649,30973.7,-29.3,19.0,268.3,-36.3,0.3,-1.0,RS41-SG,404.900,11.9,0,8,2.7,-1,-1
2024-08-06T12:46:23.000Z,V2920098,7878,45.74358,8.77600,30914.3,-29.4,19.2,272.7,-36.4,0.3,-1.0,RS41-SG,404.900,12.4,0,9,2.7,-1,-1
2024-08-06T12:46:24.000Z,V2920098,7879,45.74358,8.77576,30885.1,-28.9,18.8,270.2,-36.4,0.3,-1.0,RS41-SG,404.900,12.4,0,10,2.7,-1,-1
2024-08-06T12:46:25.000Z,V2920098,7880,45.74359,8.77552,30856.4,-28.7,18.3,272.6,-36.5,0.3,-1.0,RS41-SG,404.900,12.4,0,10,2.6,-1,-1
2024-08-06T12:46:26.000Z,V2920098,7881,45.74359,8.77528,30827.5,-29.7,18.3,271.0,-36.5,0.3,-1.0,RS41-SG,404.900,12.3,0,10,2.6,-1,-1
2024-08-06T12:46:27.000Z,V2920098,7882,45.74359,8.77505,30796.9,-31.2,17.6,270.4,-36.6,0.3,-1.0,RS41-SG,404.900,12.3,0,10,2.5,-1,-1
2024-08-06T12:46:29.000Z,V2920098,7884,45.74358,8.77463,30733.4,-30.6,15.8,264.0,-36.8,0.3,-1.0,RS41-SG,404.900,11.2,0,10,2.7,-1,-1
2024-08-06T12:46:30.000Z,V2920098,7885,45.74356,8.77443,30704.0,-28.7,15.1,262.1,-36.9,0.3,-1.0,RS41-SG,404.900,11.5,0,9,2.7,-1,-1
2024-08-06T12:46:31.000Z,V2920098,7886,45.74355,8.77425,30674.5,-29.8,14.4,263.7,-37.1,0.3,-1.0,RS41-SG,404.900,12.1,0,10,2.7,-1,-1
2024-08-06T12:46:32.000Z,V2920098,7887,45.74353,8.77406,30643.3,-32.7,14.5,264.6,-37.3,0.3,-1.0,RS41-SG,404.900,12.1,0,10,2.6,-1,-1
2024-08-06T12:46:33.000Z,V2920098,7888,45.74352,8.77387,30611.5,-31.4,14.5,266.0,-37.5,0.3,-1.0,RS41-SG,404.900,11.7,0,10,2.6,-1,-1
2024-08-06T12:46:34.000Z,V2920098,7889,45.74351,8.77369,30579.2,-33.6,14.5,266.9,-37.7,0.3,-1.0,RS41-SG,404.900,11.6,0,10,2.6,-1,-1
2024-08-06T12:46:35.000Z,V2920098,7890,45.74351,8.77350,30546.4,-31.7,14.3,269.5,-38.0,0.3,-1.0,RS41-SG,404.900,11.2,0,10,2.7,-1,-1
2024-08-06T12:46:36.000Z,V2920098,7891,45.74351,8.77332,30516.5,-28.8,14.2,271.1,-38.1,0.3,-1.0,RS41-SG,404.900,11.2,0,9,2.7,-1,-1
2024-08-06T12:46:37.000Z,V2920098,7892,45.74351,8.77314,30487.4,-30.0,13.9,272.5,-38.2,0.4,-1.0,RS41-SG,404.900,11.3,0,10,2.7,-1,-1
2024-08-06T12:46:39.000Z,V2920098,7894,45.74353,8.77280,30427.2,-26.0,12.5,280.5,-38.4,0.4,-1.0,RS41-SG,404.900,11.6,0,9,2.6,-1,-1
2024-08-06T12:46:40.000Z,V2920098,7895,45.74355,8.77264,30399.2,-31.2,12.5,278.9,-38.4,0.3,-1.0,RS41-SG,404.900,11.6,0,10,2.6,-1,-1
2024-08-06T12:46:41.000Z,V2920098,7896,45.74357,8.77249,30368.4,-30.0,12.0,281.6,-38.5,0.4,-1.0,RS41-SG,404.900,11.5,0,10,2.6,-1,-1
2024-08-06T12:46:42.000Z,V2920098,7897,45.74359,8.77233,30339.4,-28.7,12.7,282.4,-38.7,0.3,-1.0,RS41-SG,404.900,12.1,0,10,2.7,-1,-1
2024-08-06T12:46:43.000Z,V2920098,7898,45.74362,8.77216,30310.7,-29.3,13.6,284.3,-38.9,0.4,-1.0,RS41-SG,404.900,12.1,0,10,2.7,-1,-1
2024-08-06T12:46:44.000Z,V2920098,7899,45.74365,8.77199,30281.9,-28.9,14.6,279.7,-39.2,0.4,-1.0,RS41-SG,404.900,11.1,0,10,2.7,-1,-1
2024-08-06T12:46:45.000Z,V2920098,7900,45.74366,8.77179,30252.9,-29.4,15.6,274.3,-39.4,0.4,-1.0,RS41-SG,404.900,10.8,0,10,2.7,-1,-1
2024-08-06T12:46:46.000Z,V2920098,7901,45.74366,8.77159,30224.0,-29.3,17.0,269.2,-39.5,0.4,-1.0,RS41-SG,404.900,11.9,0,10,2.6,-1,-1
2024-08-06T12:46:47.000Z,V2920098,7902,45.74365,8.77137,30194.8,-29.6,17.1,264.8,-39.6,0.4,-1.0,RS41-SG,404.900,11.9,0,10,2.6,-1,-1
2024-08-06T12:46:48.000Z,V2920098,7903,45.74364,8.77115,30165.4,-29.6,16.9,264.8,-39.7,0.4,-1.0,RS41-SG,404.900,10.9,0,9,2.6,-1,-1
2024-08-06T12:46:50.000Z,V2920098,7905,45.74360,8.77074,30108.8,-28.8,14.6,261.5,-40.2,0.4,-1.0,RS41-SG,404.900,10.6,0,9,2.7,08:29:38,-1
2024-08-06T12:46:51.000Z,V2920098,7906,45.74358,8.77057,30079.2,-30.1,13.4,262.8,-40.3,0.4,-1.0,RS41-SG,404.900,10.6,0,10,2.7,08:29:38,-1
2024-08-06T12:46:53.000Z,V2920098,7908,45.74358,8.77026,30017.5,-31.2,10.9,280.6,-40.3,0.4,-1.0,RS41-SG,404.900,9.7,0,10,2.6,08:29:38,-1
2024-08-06T12:46:54.000Z,V2920098,7909,45.74361,8.77013,29986.1,-33.3,11.3,290.3,-40.2,0.4,-1.0,RS41-SG,404.900,10.2,0,10,2.6,08:29:38,-1
2024-08-06T12:46:57.000Z,V2920098,7912,45.74375,8.76971,29878.6,-39.0,13.2,297.2,-39.6,0.4,-1.0,RS41-SG,404.900,11.3,0,10,2.7,08:29:38,-1
2024-08-06T12:46:58.000Z,V2920098,7913,45.74381,8.76954,29839.4,-39.3,14.9,295.0,-39.7,0.4,-1.0,RS41-SG,404.900,11.3,0,10,2.7,08:29:38,-1
2024-08-06T12:46:59.000Z,V2920098,7914,45.74386,8.76936,29800.3,-39.7,16.6,293.7,-39.9,0.4,-1.0,RS41-SG,404.900,10.6,0,10,2.7,08:29:38,-1
2024-08-06T12:47:01.000Z,V2920098,7916,45.74394,8.76892,29731.1,-32.3,18.3,277.0,-40.4,0.4,-1.0,RS41-SG,404.900,11.0,0,10,2.6,08:29:38,-1
2024-08-06T12:47:04.000Z,V2920098,7919,45.74396,8.76825,29631.5,-31.2,15.6,267.9,-41.2,0.4,-1.0,RS41-SG,404.900,12.0,0,9,2.7,08:29:38,-1
2024-08-06T12:47:05.000Z,V2920098,7920,45.74396,8.76806,29601.2,-29.4,14.1,266.7,-41.4,0.5,-1.0,RS41-SG,404.900,12.0,0,10,2.7,08:29:38,-1
2024-08-06T12:47:08.000Z,V2920098,7923,45.74393,8.76759,29509.3,-29.2,11.1,262.4,-41.6,0.4,-1.0,RS41-SG,404.900,10.7,0,9,2.6,08:29:38,-1
2024-08-06T12:47:09.000Z,V2920098,7924,45.74391,8.76745,29480.2,-30.0,10.8,261.6,-41.7,0.4,-1.0,RS41-SG,404.900,11.7,0,10,2.6,08:29:38,-1
2024-08-06T12:47:10.000Z,V2920098,7925,45.74390,8.76731,29450.5,-29.0,10.7,263.3,-41.8,0.4,-1.0,RS41-SG,404.900,11.7,0,10,2.7,08:29:38,-1
2024-08-06T12:47:11.000Z,V2920098,7926,45.74389,8.76716,29423.0,-27.1,12.4,266.7,-41.9,0.5,-1.0,RS41-SG,404.900,11.3,0,10,2.7,08:29:38,-1
2024-08-06T12:47:12.000Z,V2920098,7927,45.74389,8.76700,29395.9,-28.0,13.5,269.4,-42.0,0.5,-1.0,RS41-SG,404.900,11.2,0,10,2.7,08:29:38,-1
2024-08-06T12:47:13.000Z,V2920098,7928,45.74389,8.76682,29366.6,-30.9,14.7,275.9,-42.2,0.5,-1.0,RS41-SG,404.900,11.2,0,10,2.7,08:29:38,-1
2024-08-06T12:47:15.000Z,V2920098,7930,45.74392,8.76641,29307.7,-28.8,17.9,278.1,-42.3,0.4,-1.0,RS41-SG,404.900,10.9,0,10,2.6,08:29:38,-1
2024-08-06T12:47:16.000Z,V2920098,7931,45.74395,8.76618,29280.0,-27.4,19.0,278.4,-42.4,0.5,-1.0,RS41-SG,404.900,10.9,0,10,2.7,08:29:38,-1
2024-08-06T12:47:17.000Z,V2920098,7932,45.74397,8.76593,29252.9,-26.6,19.3,277.8,-42.4,0.5,-1.0,RS41-SG,404.900,10.8,0,10,2.7,08:29:38,-1
2024-08-06T12:47:18.000Z,V2920098,7933,45.74399,8.76569,29225.2,-29.2,18.9,278.2,-42.4,0.5,-1.0,RS41-SG,404.900,10.7,0,9,2.6,08:29:38,-1
2024-08-06T12:47:19.000Z,V2920098,7934,45.74402,8.76546,29195.9,-29.6,17.7,276.8,-42.5,0.4,-1.0,RS41-SG,404.900,10.9,0,10,2.6,08:29:38,-1
2024-08-06T12:47:20.000Z,V2920098,7935,45.74403,8.76525,29167.7,-28.1,15.5,272.2,-42.6,0.4,-1.0,RS41-SG,404.900,11.7,0,9,2.7,08:29:38,-1
2024-08-06T12:47:21.000Z,V2920098,7936,45.74402,8.76506,29140.2,-27.2,14.3,265.1,-42.7,0.5,-1.0,RS41-SG,404.900,12.3,0,9,2.7,08:29:38,-1
2024-08-06T12:47:22.000Z,V2920098,7937,45.74401,8.76488,29112.1,-29.9,14.1,262.4,-42.8,0.5,-1.0,RS41-SG,404.900,12.3,0,10,2.7,08:29:38,-1
2024-08-06T12:47:23.000Z,V2920098,7938,45.74399,8.76471,29083.4,-28.2,14.1,259.8,-42.9,0.5,-1.0,RS41-SG,404.900,11.6,0,10,2.6,08:29:38,-1
2024-08-06T12:47:25.000Z,V2920098,7940,45.74392,8.76435,29029.0,-28.3,15.2,254.2,-43.2,0.5,-1.0,RS41-SG,404.900,10.6,0,9,2.7,08:29:38,-1
2024-08-06T12:47:26.000Z,V2920098,7941,45.74388,8.76416,29001.2,-27.4,15.6,252.2,-43.2,0.5,-1.0,RS41-SG,404.900,11.6,0,10,2.7,08:29:38,-1
2024-08-06T12:47:27.000Z,V2920098,7942,45.74384,8.76397,28973.7,-27.9,15.6,252.0,-43.4,0.5,-1.0,RS41-SG,404.900,12.2,0,10,2.7,08:29:38,-1
2024-08-06T12:47:29.000Z,V2920098,7944,45.74377,8.76362,28917.8,-27.8,12.8,256.6,-43.6,0.5,-1.0,RS41-SG,404.900,10.8,0,10,2.6,08:29:38,-1
2024-08-06T12:47:30.000Z,V2920098,7945,45.74375,8.76347,28889.7,-28.6,11.3,260.6,-43.6,0.5,-1.0,RS41-SG,404.900,10.7,0,10,2.7,08:29:38,-1
2024-08-06T12:47:31.000Z,V2920098,7946,45.74374,8.76333,28862.1,-26.8,10.6,269.7,-43.7,0.5,-1.0,RS41-SG,404.900,10.7,0,10,2.7,08:29:38,-1
2024-08-06T12:47:32.000Z,V2920098,7947,45.74375,8.76320,28835.1,-27.0,10.6,275.2,-43.8,0.5,-1.0,RS41-SG,404.900,10.3,0,10,2.7,08:29:38,-1
2024-08-06T12:47:33.000Z,V2920098,7948,45.74376,8.76306,28808.0,-27.7,10.9,282.7,-43.8,0.5,-1.0,RS41-SG,404.900,10.3,0,10,2.6,08:29:38,-1
2024-08-06T12:47:34.000Z,V2920098,7949,45.74379,8.76292,28779.6,-29.9,11.4,284.5,-43.9,0.5,-1.0,RS41-SG,404.900,10.2,0,10,2.6,08:29:38,-1
2024-08-06T12:47:36.000Z,V2920098,7951,45.74383,8.76263,28723.6,-25.9,11.7,278.6,-44.0,0.5,-1.0,RS41-SG,404.900,10.5,0,10,2.7,08:29:38,-1
2024-08-06T12:47:37.000Z,V2920098,7952,45.74384,8.76248,28697.6,-26.4,12.0,275.5,-44.0,0.5,-1.0,RS41-SG,404.900,10.0,0,10,2.7,08:29:38,-1
2024-08-06T12:47:38.000Z,V2920098,7953,45.74385,8.76232,28671.0,-27.6,12.2,269.7,-44.0,0.5,-1.0,RS41-SG,404.900,10.0,0,9,2.6,08:29:38,-1
2024-08-06T12:47:39.000Z,V2920098,7954,45.74384,8.76217,28643.7,-27.5,11.8,260.9,-44.2,0.5,-1.0,RS41-SG,404.900,10.0,0,9,2.6,08:29:38,-1
2024-08-06T12:47:40.000Z,V2920098,7955,45.74382,8.76202,28617.6,-25.2,11.3,254.3,-44.2,0.6,-1.0,RS41-SG,404.900,10.0,0,9,2.6,08:29:38,-1
2024-08-06T12:47:41.000Z,V2920098,7956,45.74379,8.76189,28591.3,-26.3,11.7,250.9,-44.2,0.5,-1.0,RS41-SG,404.900,10.0,0,10,2.7,08:28:47,-1
2024-08-06T12:47:42.000Z,V2920098,7957,45.74375,8.76175,28564.8,-26.9,11.1,245.6,-44.2,0.5,-1.0,RS41-SG,404.900,9.5,0,9,2.7,08:28:47,-1
2024-08-06T12:47:43.000Z,V2920098,7958,45.74371,8.76163,28538.4,-26.3,9.9,241.3,-44.3,0.5,-1.0,RS41-SG,404.900,9.5,0,10,2.7,08:28:47,-1
2024-08-06T12:47:44.000Z,V2920098,7959,45.74367,8.76152,28512.8,-26.0,9.3,247.6,-44.5,0.5,-1.0,RS41-SG,404.900,9.5,0,10,2.7,08:28:47,-1
2024-08-06T12:47:46.000Z,V2920098,7961,45.74362,8.76129,28458.4,-27.4,9.2,258.9,-44.5,0.5,-1.0,RS41-SG,404.900,9.0,0,10,2.6,08:28:47,-1
2024-08-06T12:47:48.000Z,V2920098,7963,45.74364,8.76103,28406.3,-27.2,11.5,283.9,-44.5,0.5,-1.0,RS41-SG,404.900,9.2,0,10,2.7,08:28:47,-1
2024-08-06T12:47:49.000Z,V2920098,7964,45.74367,8.76088,28379.9,-26.9,13.6,290.5,-44.5,0.5,-1.0,RS41-SG,404.900,9.7,0,10,2.6,08:28:47,-1
2024-08-06T12:47:50.000Z,V2920098,7965,45.74372,8.76071,28353.1,-26.7,14.6,290.6,-44.6,0.5,-1.0,RS41-SG,404.900,9.7,0,10,2.6,08:28:47,-1
2024-08-06T12:47:51.000Z,V2920098,7966,45.74376,8.76053,28326.7,-26.7,15.1,291.0,-44.8,0.5,-1.0,RS41-SG,404.900,9.5,0,10,2.7,08:28:47,-1
2024-08-06T12:47:52.000Z,V2920098,7967,45.74381,8.76034,28299.1,-28.8,16.1,288.6,-45.0,0.5,-1.0,RS41-SG,404.900,9.4,0,10,2.7,08:28:47,-1
2024-08-06T12:47:54.000Z,V2920098,7969,45.74388,8.75995,28244.8,-26.4,16.2,277.0,-45.2,0.5,-1.0,RS41-SG,404.900,9.1,0,10,2.6,08:28:47,-1
2024-08-06T12:47:58.000Z,V2920098,7973,45.74385,8.75921,28148.0,-24.1,13.5,247.1,-45.2,0.6,-1.0,RS41-SG,404.900,8.1,0,10,2.7,08:28:47,-1
2024-08-06T12:48:01.000Z,V2920098,7976,45.74365,8.75878,28073.5,-25.8,13.2,229.8,-45.0,0.5,-1.0,RS41-SG,404.900,9.5,0,10,2.7,08:28:47,-1
2024-08-06T12:48:02.000Z,V2920098,7977,45.74358,8.75865,28048.4,-25.0,13.1,236.7,-44.9,0.5,-1.0,RS41-SG,404.900,8.8,0,10,2.7,08:28:47,-1
