timestamp,serial,frame,lat,lon,alt,vel_v,vel_h,heading,temp,humidity,pressure,type,freq_mhz,snr,f_error_hz,sats,batt_v,burst_timer,aux_data
2024-08-14T15:03:56.001Z,U3321056,7533,47.15602,7.26870,32249.8,6.7,10.8,280.8,-273.0,-1.0,-1.0,RS41,403.500,7.0,187,10,2.7,-1,-1
2024-08-14T15:04:07.001Z,U3321056,7544,47.15599,7.26753,32339.4,8.4,6.9,280.4,-273.0,-1.0,-1.0,RS41,403.500,7.3,187,10,2.7,-1,-1
2024-08-14T15:04:08.001Z,U3321056,7545,47.15600,7.26744,32346.7,6.4,7.3,274.0,-273.0,-1.0,-1.0,RS41,403.500,7.3,187,10,2.7,-1,-1
2024-08-14T15:04:13.001Z,U3321056,7550,47.15603,7.26683,32386.1,8.5,10.9,272.7,-273.0,-1.0,-1.0,RS41,403.500,8.0,187,10,2.6,-1,-1
2024-08-14T15:04:14.001Z,U3321056,7551,47.15603,7.26669,32395.0,9.2,11.1,263.7,-273.0,-1.0,-1.0,RS41,403.500,8.0,187,10,2.7,-1,-1
2024-08-14T15:04:19.001Z,U3321056,7556,47.15591,7.26598,32435.3,7.6,10.6,269.4,-273.0,-1.0,-1.0,RS41,403.500,8.8,187,10,2.6,-1,-1
2024-08-14T15:04:20.001Z,U3321056,7557,47.15592,7.26584,32442.4,6.2,11.0,277.6,-273.0,-1.0,-1.0,RS41,403.500,9.6,187,10,2.7,-1,-1
2024-08-14T15:04:24.001Z,U3321056,7561,47.15595,7.26520,32473.7,7.0,13.1,264.9,-273.0,-1.0,-1.0,RS41,403.500,7.6,187,10,2.6,-1,-1
2024-08-14T15:04:30.001Z,U3321056,7567,47.15597,7.26429,32518.4,7.7,11.0,283.7,-273.0,-1.0,-1.0,RS41,403.500,8.6,187,10,2.7,-1,-1
2024-08-14T15:04:31.001Z,U3321056,7568,47.15599,7.26415,32526.9,9.2,11.3,278.3,-273.0,-1.0,-1.0,RS41,403.500,8.6,187,10,2.6,-1,-1
2024-08-14T15:04:32.001Z,U3321056,7569,47.15600,7.26400,32535.4,8.0,12.1,271.1,-273.0,-1.0,-1.0,RS41,403.500,8.3,187,10,2.6,-1,-1
2024-08-14T15:04:36.001Z,U3321056,7573,47.15599,7.26328,32565.8,7.5,14.9,276.3,-273.0,-1.0,-1.0,RS41,403.500,7.9,187,10,2.7,-1,-1
2024-08-14T15:04:37.001Z,U3321056,7574,47.15601,7.26309,32572.4,5.8,15.2,280.5,-273.0,-1.0,-1.0,RS41,403.500,7.9,187,10,2.6,-1,-1
2024-08-14T15:04:38.001Z,U3321056,7575,47.15604,7.26289,32579.2,7.7,15.3,282.6,-273.0,-1.0,-1.0,RS41,403.500,7.7,187,10,2.6,-1,-1
2024-08-14T15:04:39.001Z,U3321056,7576,47.15607,7.26270,32587.5,9.1,15.2,279.4,-273.0,-1.0,-1.0,RS41,403.500,7.4,187,10,2.6,-1,-1
2024-08-14T15:04:44.001Z,U3321056,7581,47.15612,7.26185,32625.6,7.1,10.5,284.3,-273.0,-1.0,-1.0,RS41,403.500,7.4,187,10,2.6,-1,-1
2024-08-14T15:04:46.001Z,U3321056,7583,47.15618,7.26157,32640.0,8.2,12.7,289.6,-273.0,-1.0,-1.0,RS41,403.500,7.4,187,10,2.7,-1,-1
2024-08-14T15:04:54.001Z,U3321056,7591,47.15657,7.25984,32696.1,7.0,16.6,297.7,-273.0,-1.0,-1.0,RS41,403.500,8.4,187,10,2.7,-1,-1
2024-08-14T15:04:57.001Z,U3321056,7594,47.15675,7.25927,32717.8,5.9,15.4,290.7,-273.0,-1.0,-1.0,RS41,403.500,7.8,187,10,2.6,-1,-1
2024-08-14T15:04:58.001Z,U3321056,7595,47.15679,7.25908,32723.7,5.5,14.9,289.9,-273.0,-1.0,-1.0,RS41,403.500,7.3,187,10,2.6,-1,-1
2024-08-14T15:04:59.001Z,U3321056,7596,47.15684,7.25890,32729.7,6.3,13.9,291.7,-273.0,-1.0,-1.0,RS41,403.500,8.2,187,10,2.7,-1,-1
2024-08-14T15:05:03.001Z,U3321056,7600,47.15704,7.25831,32758.3,6.9,12.8,296.7,-273.0,-1.0,-1.0,RS41,403.500,8.5,187,10,2.6,-1,-1
2024-08-14T15:05:09.001Z,U3321056,7606,47.15731,7.25712,32801.6,8.3,14.6,296.0,-273.0,-1.0,-1.0,RS41,403.500,7.9,187,10,2.7,-1,-1
2024-08-14T15:05:10.001Z,U3321056,7607,47.15737,7.25696,32808.6,5.7,13.3,304.6,-273.0,-1.0,-1.0,RS41,403.500,8.9,187,10,2.7,-1,-1
2024-08-14T15:05:11.001Z,U3321056,7608,47.15744,7.25683,32813.6,4.2,12.4,312.3,-273.0,-1.0,-1.0,RS41,403.500,8.9,187,10,2.6,-1,-1
2024-08-14T15:05:12.001Z,U3321056,7609,47.15752,7.25672,32818.5,5.5,12.4,317.6,-273.0,-1.0,-1.0,RS41,403.500,8.0,187,10,2.6,-1,-1
2024-08-14T15:05:19.001Z,U3321056,7616,47.15803,7.25573,32865.8,5.2,12.1,303.0,-273.0,-1.0,-1.0,RS41,403.500,7.2,187,10,2.6,-1,-1
2024-08-14T15:05:22.001Z,U3321056,7619,47.15821,7.25532,32883.6,7.2,13.6,300.0,-273.0,-1.0,-1.0,RS41,403.500,7.6,187,10,2.7,-1,-1
2024-08-14T15:05:24.001Z,U3321056,7621,47.15834,7.25499,32896.5,5.9,14.7,300.5,-273.0,-1.0,-1.0,RS41,403.500,8.5,187,10,2.6,-1,-1
2024-08-14T15:05:32.001Z,U3321056,7629,47.15895,7.25412,32947.3,4.6,13.6,310.4,-273.0,-1.0,-1.0,RS41,403.500,7.5,187,10,2.6,-1,-1
2024-08-14T15:05:53.001Z,U3321056,7650,47.16076,7.25211,33073.7,5.4,10.1,344.4,-273.0,-1.0,-1.0,RS41,403.500,7.6,187,10,2.6,-1,-1
2024-08-14T15:06:28.001Z,U3321056,7685,47.16278,7.24975,33279.8,6.1,6.4,289.3,-273.0,-1.0,-1.0,RS41,403.500,7.4,187,10,2.6,-1,-1
2024-08-14T15:06:43.001Z,U3321056,7700,47.16318,7.24823,33368.5,5.8,8.3,276.8,-273.0,-1.0,-1.0,RS41,403.500,7.9,187,10,2.6,-1,-1
2024-08-14T15:08:21.001Z,U3321056,7798,47.16583,7.23442,34006.7,6.9,10.2,313.8,-273.0,-1.0,-1.0,RS41,403.500,8.0,187,10,2.6,-1,-1
2024-08-14T15:08:22.001Z,U3321056,7799,47.16589,7.23433,34013.6,6.8,8.5,314.4,-273.0,-1.0,-1.0,RS41,403.500,8.0,187,10,2.6,-1,-1
2024-08-14T15:08:23.001Z,U3321056,7800,47.16594,7.23425,34021.0,7.6,7.4,303.8,-273.0,-1.0,-1.0,RS41,403.500,9.0,187,10,2.6,-1,-1
2024-08-14T15:08:25.001Z,U3321056,7802,47.16597,7.23405,34037.4,8.1,9.2,265.6,-273.0,-1.0,-1.0,RS41,403.500,8.0,187,10,2.7,-1,-1
2024-08-14T15:08:35.001Z,U3321056,7812,47.16623,7.23268,34112.5,6.7,12.0,289.5,-273.0,-1.0,-1.0,RS41,403.500,7.3,187,10,2.7,-1,-1
