timestamp,serial,frame,lat,lon,alt,vel_v,vel_h,heading,temp,humidity,pressure,type,freq_mhz,snr,f_error_hz,sats,batt_v,burst_timer,aux_data
2024-11-13T00:14:47.002Z,W2020168,6054,45.53335,8.55261,24544.3,5.8,11.5,76.3,-273.0,-1.0,-1.0,RS41,404.900,8.9,187,8,2.5,-1,-1
2024-11-13T00:15:00.002Z,W2020168,6067,45.53330,8.55431,24621.5,5.5,11.1,99.7,-273.0,-1.0,-1.0,RS41,404.900,8.1,187,8,2.5,-1,-1
2024-11-13T00:15:01.002Z,W2020168,6068,45.53328,8.55445,24627.1,5.7,11.9,103.3,-273.0,-1.0,-1.0,RS41,404.900,7.3,187,8,2.5,-1,-1
2024-11-13T00:15:35.002Z,W2020168,6102,45.53150,8.55900,24826.9,6.4,12.6,120.6,-273.0,-1.0,-1.0,RS41,404.900,7.0,187,8,2.6,-1,-1
2024-11-13T00:16:40.002Z,W2020168,6167,45.52850,8.56734,25201.4,6.2,11.0,121.8,-273.0,-1.0,-1.0,RS41,404.900,6.7,187,8,2.5,-1,-1
2024-11-13T00:16:41.002Z,W2020168,6168,45.52845,8.56746,25207.0,5.1,11.4,120.9,-273.0,-1.0,-1.0,RS41,404.900,7.4,187,8,2.5,-1,-1
2024-11-13T00:16:54.002Z,W2020168,6181,45.52767,8.56864,25281.9,4.8,8.5,122.9,-273.0,-1.0,-1.0,RS41,404.900,6.9,187,8,2.5,-1,-1
2024-11-13T00:16:55.002Z,W2020168,6182,45.52763,8.56873,25287.3,5.9,9.1,125.5,-273.0,-1.0,-1.0,RS41,404.900,6.9,187,8,2.6,-1,-1
2024-11-13T00:16:57.002Z,W2020168,6184,45.52751,8.56892,25299.4,5.0,11.3,137.0,-273.0,-1.0,-1.0,RS41,404.900,7.5,187,8,2.5,-1,-1
2024-11-13T00:16:59.002Z,W2020168,6186,45.52735,8.56913,25310.8,7.0,12.5,136.7,-273.0,-1.0,-1.0,RS41,404.900,7.7,187,8,2.5,-1,-1
2024-11-13T00:17:00.002Z,W2020168,6187,45.52727,8.56924,25317.1,5.1,11.8,134.0,-273.0,-1.0,-1.0,RS41,404.900,7.7,187,8,2.5,-1,-1
2024-11-13T00:17:01.002Z,W2020168,6188,45.52720,8.56934,25322.2,5.0,11.1,132.4,-273.0,-1.0,-1.0,RS41,404.900,9.4,187,8,2.5,-1,-1
2024-11-13T00:17:02.002Z,W2020168,6189,45.52713,8.56944,25327.7,6.2,10.4,133.5,-273.0,-1.0,-1.0,RS41,404.900,9.4,187,8,2.6,-1,-1
2024-11-13T00:17:05.002Z,W2020168,6192,45.52694,8.56971,25343.3,5.7,9.8,135.2,-273.0,-1.0,-1.0,RS41,404.900,7.4,187,8,2.5,-1,-1
2024-11-13T00:17:07.002Z,W2020168,6194,45.52683,8.56991,25355.5,5.3,9.9,121.0,-273.0,-1.0,-1.0,RS41,404.900,7.6,187,8,2.5,-1,-1
2024-11-13T00:17:17.002Z,W2020168,6204,45.52613,8.57114,25412.0,6.5,13.7,136.3,-273.0,-1.0,-1.0,RS41,404.900,7.2,187,8,2.5,-1,-1
2024-11-13T00:18:12.002Z,W2020168,6259,45.52452,8.57574,25738.4,6.2,8.5,68.6,-273.0,-1.0,-1.0,RS41,404.900,7.1,187,8,2.5,-1,-1
2024-11-13T00:18:29.002Z,W2020168,6276,45.52515,8.57758,25837.6,5.0,14.5,61.7,-273.0,-1.0,-1.0,RS41,404.900,7.6,187,8,2.6,-1,-1
2024-11-13T00:18:32.002Z,W2020168,6279,45.52531,8.57804,25856.6,6.5,11.5,63.8,-273.0,-1.0,-1.0,RS41,404.900,7.8,187,8,2.5,-1,-1
2024-11-13T00:18:56.002Z,W2020168,6303,45.52621,8.58212,26001.7,7.0,17.5,74.1,-273.0,-1.0,-1.0,RS41,404.900,7.1,187,8,2.6,-1,-1
2024-11-13T00:19:07.002Z,W2020168,6314,45.52655,8.58416,26069.9,6.4,14.3,75.4,-273.0,-1.0,-1.0,RS41,404.900,7.6,187,8,2.5,-1,-1
2024-11-13T00:19:10.002Z,W2020168,6317,45.52664,8.58471,26087.4,7.1,15.8,78.8,-273.0,-1.0,-1.0,RS41,404.900,7.6,187,8,2.6,-1,-1
2024-11-13T00:19:11.002Z,W2020168,6318,45.52667,8.58491,26094.0,6.1,16.7,81.7,-273.0,-1.0,-1.0,RS41,404.900,7.9,187,8,2.5,-1,-1
2024-11-13T00:19:13.002Z,W2020168,6320,45.52670,8.58534,26105.8,6.3,16.4,83.7,-273.0,-1.0,-1.0,RS41,404.900,8.6,187,8,2.5,-1,-1
2024-11-13T00:19:15.002Z,W2020168,6322,45.52674,8.58571,26118.7,5.2,13.2,82.3,-273.0,-1.0,-1.0,RS41,404.900,7.9,187,8,2.6,-1,-1
2024-11-13T00:19:16.002Z,W2020168,6323,45.52675,8.58587,26123.8,4.9,12.0,81.8,-273.0,-1.0,-1.0,RS41,404.900,8.0,187,8,2.6,-1,-1
2024-11-13T00:19:18.002Z,W2020168,6325,45.52677,8.58617,26135.0,6.1,11.9,87.8,-273.0,-1.0,-1.0,RS41,404.900,8.7,187,8,2.5,-1,-1
2024-11-13T00:19:20.002Z,W2020168,6327,45.52677,8.58649,26146.8,4.8,13.1,91.0,-273.0,-1.0,-1.0,RS41,404.900,7.6,187,8,2.5,-1,-1
2024-11-13T00:19:21.002Z,W2020168,6328,45.52677,8.58665,26152.0,5.4,13.0,89.2,-273.0,-1.0,-1.0,RS41,404.900,7.6,187,8,2.5,-1,-1
2024-11-13T00:19:23.002Z,W2020168,6330,45.52679,8.58697,26164.4,6.4,11.7,80.0,-273.0,-1.0,-1.0,RS41,404.900,7.5,187,8,2.6,-1,-1
2024-11-13T00:19:26.002Z,W2020168,6333,45.52687,8.58742,26182.2,7.4,13.4,76.3,-273.0,-1.0,-1.0,RS41,404.900,9.7,187,8,2.5,-1,-1
2024-11-13T00:19:29.002Z,W2020168,6336,45.52693,8.58796,26200.0,7.4,14.4,86.6,-273.0,-1.0,-1.0,RS41,404.900,8.3,187,8,2.6,-1,-1
2024-11-13T00:19:30.002Z,W2020168,6337,45.52693,8.58813,26206.4,5.5,13.4,88.6,-273.0,-1.0,-1.0,RS41,404.900,8.4,187,8,2.6,-1,-1
2024-11-13T00:19:32.002Z,W2020168,6339,45.52693,8.58846,26218.8,7.7,12.3,94.9,-273.0,-1.0,-1.0,RS41,404.900,8.0,187,8,2.5,-1,-1
2024-11-13T00:19:33.002Z,W2020168,6340,45.52692,8.58862,26225.6,5.6,12.6,96.1,-273.0,-1.0,-1.0,RS41,404.900,8.1,187,8,2.5,-1,-1
2024-11-13T00:19:34.002Z,W2020168,6341,45.52690,8.58877,26231.4,6.0,12.4,96.2,-273.0,-1.0,-1.0,RS41,404.900,8.1,187,8,2.5,-1,-1
2024-11-13T00:19:35.002Z,W2020168,6342,45.52690,8.58893,26238.0,7.1,11.5,93.2,-273.0,-1.0,-1.0,RS41,404.900,8.3,187,8,2.6,-1,-1
2024-11-13T00:19:36.002Z,W2020168,6343,45.52689,8.58907,26244.7,6.5,10.5,89.7,-273.0,-1.0,-1.0,RS41,404.900,8.3,187,8,2.6,-1,-1
2024-11-13T00:19:38.002Z,W2020168,6345,45.52691,8.58933,26256.6,6.1,10.5,82.0,-273.0,-1.0,-1.0,RS41,404.900,9.4,187,8,2.5,-1,-1
2024-11-13T00:19:40.002Z,W2020168,6347,45.52694,8.58962,26269.1,5.2,12.8,82.1,-273.0,-1.0,-1.0,RS41,404.900,7.9,187,8,2.5,-1,-1
2024-11-13T00:19:41.002Z,W2020168,6348,45.52695,8.58978,26274.3,5.1,13.1,82.3,-273.0,-1.0,-1.0,RS41,404.900,8.7,187,8,2.5,-1,-1
2024-11-13T00:19:43.002Z,W2020168,6350,45.52698,8.59010,26286.5,6.6,11.3,81.5,-273.0,-1.0,-1.0,RS41,404.900,8.6,187,8,2.6,-1,-1
2024-11-13T00:19:45.002Z,W2020168,6352,45.52701,8.59036,26297.7,5.3,9.6,84.6,-273.0,-1.0,-1.0,RS41,404.900,8.5,187,8,2.5,-1,-1
2024-11-13T00:19:46.002Z,W2020168,6353,45.52701,8.59048,26303.7,6.5,9.7,89.3,-273.0,-1.0,-1.0,RS41,404.900,9.2,187,8,2.5,-1,-1
2024-11-13T00:19:47.002Z,W2020168,6354,45.52701,8.59061,26309.9,5.8,10.4,93.1,-273.0,-1.0,-1.0,RS41,404.900,9.2,187,8,2.5,-1,-1
2024-11-13T00:19:49.002Z,W2020168,6356,45.52699,8.59087,26320.3,5.6,10.5,99.3,-273.0,-1.0,-1.0,RS41,404.900,8.5,187,8,2.6,-1,-1
2024-11-13T00:19:50.002Z,W2020168,6357,45.52698,8.59100,26326.7,7.2,9.4,100.6,-273.0,-1.0,-1.0,RS41,404.900,8.7,187,8,2.6,-1,-1
2024-11-13T00:19:53.002Z,W2020168,6360,45.52696,8.59133,26346.0,6.9,9.0,84.7,-273.0,-1.0,-1.0,RS41,404.900,7.9,187,8,2.5,-1,-1
2024-11-13T00:19:54.002Z,W2020168,6361,45.52697,8.59145,26352.3,5.7,9.7,80.5,-273.0,-1.0,-1.0,RS41,404.900,8.5,187,8,2.5,-1,-1
2024-11-13T00:19:55.002Z,W2020168,6362,45.52699,8.59158,26357.5,4.9,10.2,76.8,-273.0,-1.0,-1.0,RS41,404.900,8.5,187,8,2.6,-1,-1
2024-11-13T00:19:56.002Z,W2020168,6363,45.52701,8.59170,26363.1,6.3,9.8,73.6,-273.0,-1.0,-1.0,RS41,404.900,8.5,187,8,2.6,-1,-1
2024-11-13T00:19:57.002Z,W2020168,6364,45.52703,8.59181,26369.7,6.7,8.5,70.2,-273.0,-1.0,-1.0,RS41,404.900,8.2,187,8,2.5,-1,-1
2024-11-13T00:19:58.002Z,W2020168,6365,45.52706,8.59191,26375.0,4.2,7.4,69.3,-273.0,-1.0,-1.0,RS41,404.900,8.2,187,8,2.5,-1,-1
2024-11-13T00:19:59.002Z,W2020168,6366,45.52708,8.59199,26379.6,5.0,6.8,71.5,-273.0,-1.0,-1.0,RS41,404.900,8.5,187,8,2.5,-1,-1
2024-11-13T00:20:01.002Z,W2020168,6368,45.52711,8.59217,26392.3,6.3,8.1,83.6,-273.0,-1.0,-1.0,RS41,404.900,7.4,187,8,2.5,-1,-1
2024-11-13T00:20:02.002Z,W2020168,6369,45.52711,8.59228,26398.3,5.9,9.1,84.3,-273.0,-1.0,-1.0,RS41,404.900,7.8,187,8,2.6,-1,-1
2024-11-13T00:20:03.002Z,W2020168,6370,45.52712,8.59240,26404.6,6.6,9.9,82.9,-273.0,-1.0,-1.0,RS41,404.900,7.8,187,8,2.6,-1,-1
2024-11-13T00:20:04.002Z,W2020168,6371,45.52714,8.59253,26410.7,5.9,10.2,81.2,-273.0,-1.0,-1.0,RS41,404.900,8.7,187,8,2.5,-1,-1
2024-11-13T00:20:05.002Z,W2020168,6372,45.52715,8.59266,26416.1,4.7,10.7,80.1,-273.0,-1.0,-1.0,RS41,404.900,8.7,187,8,2.5,-1,-1
2024-11-13T00:20:06.002Z,W2020168,6373,45.52717,8.59280,26421.3,5.7,11.7,80.6,-273.0,-1.0,-1.0,RS41,404.900,7.5,187,8,2.5,-1,-1
2024-11-13T00:20:07.002Z,W2020168,6374,45.52719,8.59296,26427.5,6.7,13.1,81.3,-273.0,-1.0,-1.0,RS41,404.900,7.9,187,8,2.5,-1,-1
2024-11-13T00:20:08.002Z,W2020168,6375,45.52721,8.59313,26433.9,5.9,14.0,81.4,-273.0,-1.0,-1.0,RS41,404.900,8.7,187,8,2.5,-1,-1
2024-11-13T00:20:11.002Z,W2020168,6378,45.52728,8.59362,26452.3,6.9,11.1,71.1,-273.0,-1.0,-1.0,RS41,404.900,8.3,187,8,2.5,-1,-1
2024-11-13T00:20:12.002Z,W2020168,6379,45.52731,8.59374,26458.1,4.7,9.8,66.7,-273.0,-1.0,-1.0,RS41,404.900,8.7,187,8,2.5,-1,-1
2024-11-13T00:20:14.002Z,W2020168,6381,45.52738,8.59395,26468.9,6.7,8.6,68.2,-273.0,-1.0,-1.0,RS41,404.900,8.2,187,8,2.5,-1,-1
2024-11-13T00:20:16.002Z,W2020168,6383,45.52742,8.59418,26481.3,4.8,10.3,82.0,-273.0,-1.0,-1.0,RS41,404.900,9.0,187,8,2.6,-1,-1
2024-11-13T00:20:18.002Z,W2020168,6385,45.52743,8.59446,26491.0,5.6,11.6,89.1,-273.0,-1.0,-1.0,RS41,404.900,8.1,187,8,2.5,-1,-1
2024-11-13T00:20:22.002Z,W2020168,6389,45.52745,8.59507,26516.3,7.3,13.6,83.6,-273.0,-1.0,-1.0,RS41,404.900,8.0,187,8,2.6,-1,-1
2024-11-13T00:20:23.002Z,W2020168,6390,45.52747,8.59525,26522.8,5.5,14.8,82.0,-273.0,-1.0,-1.0,RS41,404.900,8.1,187,8,2.6,-1,-1
2024-11-13T00:20:24.002Z,W2020168,6391,45.52749,8.59544,26527.9,4.5,15.5,79.8,-273.0,-1.0,-1.0,RS41,404.900,8.6,187,8,2.5,-1,-1
2024-11-13T00:20:26.002Z,W2020168,6393,45.52755,8.59582,26540.5,7.3,14.3,74.3,-273.0,-1.0,-1.0,RS41,404.900,8.4,187,8,2.5,-1,-1
2024-11-13T00:20:27.002Z,W2020168,6394,45.52758,8.59599,26546.6,4.7,13.4,72.6,-273.0,-1.0,-1.0,RS41,404.900,8.4,187,8,2.5,-1,-1
2024-11-13T00:20:29.002Z,W2020168,6396,45.52766,8.59631,26557.9,6.9,13.6,73.1,-273.0,-1.0,-1.0,RS41,404.900,8.3,187,8,2.6,-1,-1
2024-11-13T00:20:30.002Z,W2020168,6397,45.52769,8.59648,26564.1,5.6,14.5,75.7,-273.0,-1.0,-1.0,RS41,404.900,8.3,187,8,2.6,-1,-1
2024-11-13T00:20:31.002Z,W2020168,6398,45.52772,8.59666,26569.3,4.6,15.1,79.5,-273.0,-1.0,-1.0,RS41,404.900,8.1,187,8,2.5,-1,-1
2024-11-13T00:20:34.002Z,W2020168,6401,45.52775,8.59723,26587.1,5.7,14.6,90.4,-273.0,-1.0,-1.0,RS41,404.900,8.6,187,8,2.5,-1,-1
2024-11-13T00:20:35.002Z,W2020168,6402,45.52775,8.59742,26592.9,6.1,14.8,89.8,-273.0,-1.0,-1.0,RS41,404.900,8.6,187,8,2.6,-1,-1
2024-11-13T00:20:39.002Z,W2020168,6406,45.52783,8.59825,26616.3,5.0,17.9,74.8,-273.0,-1.0,-1.0,RS41,404.900,8.2,187,8,2.5,-1,-1
2024-11-13T00:20:40.002Z,W2020168,6407,45.52788,8.59847,26621.8,6.2,17.2,71.5,-273.0,-1.0,-1.0,RS41,404.900,8.2,187,8,2.5,-1,-1
2024-11-13T00:20:42.002Z,W2020168,6409,45.52797,8.59885,26633.2,4.9,15.0,71.1,-273.0,-1.0,-1.0,RS41-SG,404.900,8.8,187,8,2.6,-1,-1
2024-11-13T00:20:44.002Z,W2020168,6411,45.52804,8.59922,26643.5,6.0,15.6,82.1,-273.0,-1.0,-1.0,RS41-SG,404.900,8.4,187,8,2.5,-1,-1
2024-11-13T00:20:46.002Z,W2020168,6413,45.52805,8.59966,26655.5,5.1,18.5,89.9,-273.0,-1.0,-1.0,RS41-SG,404.900,7.5,187,8,2.5,-1,-1
2024-11-13T00:20:47.002Z,W2020168,6414,45.52805,8.59990,26660.4,4.8,19.2,89.9,-273.0,-1.0,-1.0,RS41-SG,404.900,8.2,187,8,2.5,-1,-1
2024-11-13T00:20:48.002Z,W2020168,6415,45.52805,8.60014,26665.7,5.8,19.1,88.5,-273.0,-1.0,-1.0,RS41-SG,404.900,8.2,187,8,2.5,-1,-1
2024-11-13T00:20:49.002Z,W2020168,6416,45.52806,8.60038,26672.2,7.5,17.9,85.8,-273.0,-1.0,-1.0,RS41-SG,404.900,8.3,187,8,2.6,-1,-1
2024-11-13T00:20:50.002Z,W2020168,6417,45.52808,8.60060,26678.7,5.7,16.7,84.0,-273.0,-1.0,-1.0,RS41-SG,404.900,9.2,187,8,2.6,-1,-1
2024-11-13T00:20:51.002Z,W2020168,6418,45.52809,8.60081,26684.4,5.8,15.9,81.8,-273.0,-1.0,-1.0,RS41-SG,404.900,9.2,187,8,2.5,-1,-1
2024-11-13T00:20:54.002Z,W2020168,6421,45.52817,8.60142,26702.0,4.6,16.9,81.4,-273.0,-1.0,-1.0,RS41-SG,404.900,8.8,187,8,2.5,-1,-1
2024-11-13T00:20:55.002Z,W2020168,6422,45.52819,8.60163,26707.6,6.3,16.6,83.8,-273.0,-1.0,-1.0,RS41-SG,404.900,8.8,187,8,2.6,-1,-1
2024-11-13T00:20:56.002Z,W2020168,6423,45.52820,8.60184,26714.1,6.8,15.8,86.2,-273.0,-1.0,-1.0,RS41-SG,404.900,7.9,187,8,2.6,-1,-1
2024-11-13T00:21:02.002Z,W2020168,6429,45.52816,8.60315,26751.1,6.7,18.1,95.0,-273.0,-1.0,-1.0,RS41-SG,404.900,8.0,187,8,2.6,-1,-1
2024-11-13T00:21:03.002Z,W2020168,6430,45.52815,8.60337,26757.2,5.3,17.1,95.7,-273.0,-1.0,-1.0,RS41-SG,404.900,8.7,187,8,2.6,-1,-1
2024-11-13T00:21:05.002Z,W2020168,6432,45.52812,8.60379,26768.4,6.3,16.3,95.3,-273.0,-1.0,-1.0,RS41-SG,404.900,8.9,187,8,2.5,-1,-1
2024-11-13T00:21:06.002Z,W2020168,6433,45.52811,8.60400,26775.0,6.9,16.5,93.6,-273.0,-1.0,-1.0,RS41-SG,404.900,8.9,187,8,2.5,-1,-1
2024-11-13T00:21:08.002Z,W2020168,6435,45.52810,8.60441,26786.1,4.9,15.8,89.6,-273.0,-1.0,-1.0,RS41-SG,404.900,8.0,187,8,2.5,-1,-1
2024-11-13T00:21:09.002Z,W2020168,6436,45.52810,8.60460,26791.6,6.0,14.3,86.2,-273.0,-1.0,-1.0,RS41-SG,404.900,8.0,187,8,2.6,-1,-1
2024-11-13T00:21:10.002Z,W2020168,6437,45.52811,8.60477,26798.0,6.6,12.6,83.3,-273.0,-1.0,-1.0,RS41-SG,404.900,8.6,187,8,2.6,-1,-1
2024-11-13T00:21:16.002Z,W2020168,6443,45.52811,8.60581,26833.8,5.5,17.4,96.4,-273.0,-1.0,-1.0,RS41-SG,404.900,7.7,187,8,2.6,-1,-1
2024-11-13T00:21:18.002Z,W2020168,6445,45.52808,8.60625,26846.9,5.9,16.7,95.1,-273.0,-1.0,-1.0,RS41-SG,404.900,7.7,187,8,2.5,-1,-1
2024-11-13T00:21:19.002Z,W2020168,6446,45.52807,8.60646,26853.0,6.1,16.1,93.1,-273.0,-1.0,-1.0,RS41-SG,404.900,8.3,187,8,2.5,-1,-1
2024-11-13T00:21:24.002Z,W2020168,6451,45.52809,8.60745,26885.0,5.4,13.7,83.2,-273.0,-1.0,-1.0,RS41-SG,404.900,8.0,187,8,2.5,-1,-1
2024-11-13T00:21:29.002Z,W2020168,6456,45.52817,8.60841,26915.5,5.9,18.2,88.1,-273.0,-1.0,-1.0,RS41-SG,404.900,7.6,187,8,2.6,-1,-1
2024-11-13T00:21:42.002Z,W2020168,6469,45.52829,8.61151,27000.9,6.6,22.2,78.0,-273.0,-1.0,-1.0,RS41-SG,404.900,7.4,187,8,2.6,-1,-1
2024-11-13T00:21:44.002Z,W2020168,6471,45.52836,8.61210,27012.2,5.7,24.2,82.5,-273.0,-1.0,-1.0,RS41-SG,404.900,7.7,187,8,2.5,-1,-1
2024-11-13T00:21:45.002Z,W2020168,6472,45.52838,8.61240,27018.6,6.9,24.0,86.2,-273.0,-1.0,-1.0,RS41-SG,404.900,8.2,187,8,2.5,-1,-1
2024-11-13T00:21:47.002Z,W2020168,6474,45.52839,8.61299,27032.3,5.9,22.3,93.4,-273.0,-1.0,-1.0,RS41-SG,404.900,7.8,187,8,2.5,-1,-1
2024-11-13T00:21:54.002Z,W2020168,6481,45.52821,8.61497,27075.6,6.2,21.0,84.4,-273.0,-1.0,-1.0,RS41-SG,404.900,7.7,187,8,2.5,-1,-1
2024-11-13T00:21:59.002Z,W2020168,6486,45.52832,8.61626,27107.9,5.9,21.1,92.7,-273.0,-1.0,-1.0,RS41-SG,404.900,7.7,187,8,2.5,-1,-1
2024-11-13T00:22:09.002Z,W2020168,6496,45.52791,8.61906,27174.7,6.6,23.9,87.2,-273.0,-1.0,-1.0,RS41-SG,404.900,7.2,187,8,2.6,-1,-1
2024-11-13T00:22:24.002Z,W2020168,6511,45.52721,8.62281,27274.1,5.8,21.4,97.7,-273.0,-1.0,-1.0,RS41-SG,404.900,8.1,187,8,2.6,-1,-1
2024-11-13T00:22:25.002Z,W2020168,6512,45.52719,8.62308,27279.5,4.9,20.8,94.3,-273.0,-1.0,-1.0,RS41-SG,404.900,8.1,187,8,2.5,-1,-1
2024-11-13T00:22:27.002Z,W2020168,6514,45.52716,8.62359,27293.3,8.1,19.4,98.2,-273.0,-1.0,-1.0,RS41-SG,404.900,7.7,187,8,2.5,-1,-1
2024-11-13T00:22:28.002Z,W2020168,6515,45.52713,8.62383,27300.2,5.8,19.1,102.6,-273.0,-1.0,-1.0,RS41-SG,404.900,7.7,187,8,2.5,-1,-1
2024-11-13T00:22:30.002Z,W2020168,6517,45.52703,8.62428,27313.5,7.7,18.2,110.4,-273.0,-1.0,-1.0,RS41-SG,404.900,8.6,187,8,2.6,-1,-1
2024-11-13T00:22:31.002Z,W2020168,6518,45.52698,8.62450,27320.3,6.0,17.9,110.2,-273.0,-1.0,-1.0,RS41-SG,404.900,8.3,187,8,2.6,-1,-1
2024-11-13T00:22:32.002Z,W2020168,6519,45.52692,8.62471,27326.5,6.6,18.0,111.4,-273.0,-1.0,-1.0,RS41-SG,404.900,8.3,187,8,2.5,-1,-1
2024-11-13T00:22:37.002Z,W2020168,6524,45.52660,8.62582,27362.6,6.7,19.1,104.4,-273.0,-1.0,-1.0,RS41-SG,404.900,7.5,187,8,2.6,-1,-1
2024-11-13T00:22:40.002Z,W2020168,6527,45.52651,8.62653,27382.2,7.9,18.8,100.0,-273.0,-1.0,-1.0,RS41-SG,404.900,8.1,187,8,2.5,-1,-1
2024-11-13T00:22:41.002Z,W2020168,6528,45.52648,8.62677,27389.3,6.1,18.5,103.0,-273.0,-1.0,-1.0,RS41-SG,404.900,8.1,187,8,2.5,-1,-1
2024-11-13T00:22:42.002Z,W2020168,6529,45.52644,8.62699,27395.4,6.3,17.9,105.6,-273.0,-1.0,-1.0,RS41-SG,404.900,7.8,187,8,2.5,-1,-1
2024-11-13T00:22:43.002Z,W2020168,6530,45.52640,8.62721,27402.1,7.3,17.0,105.9,-273.0,-1.0,-1.0,RS41-SG,404.900,7.8,187,8,2.6,-1,-1
2024-11-13T00:22:45.002Z,W2020168,6532,45.52632,8.62761,27415.3,5.3,15.9,105.4,-273.0,-1.0,-1.0,RS41-SG,404.900,8.3,187,8,2.5,-1,-1
2024-11-13T00:22:46.002Z,W2020168,6533,45.52628,8.62780,27421.0,6.1,15.6,108.9,-63.6,1.9,-1.0,RS41-SG,404.900,8.8,187,8,2.5,-1,-1
2024-11-13T00:22:47.002Z,W2020168,6534,45.52622,8.62799,27427.8,7.4,15.6,114.2,-63.7,1.9,-1.0,RS41-SG,404.900,8.8,187,8,2.5,-1,-1
2024-11-13T00:22:48.002Z,W2020168,6535,45.52616,8.62817,27434.8,6.7,15.9,118.2,-63.7,1.8,-1.0,RS41-SG,404.900,8.7,187,8,2.5,-1,-1
2024-11-13T00:22:49.002Z,W2020168,6536,45.52609,8.62835,27441.5,6.8,16.2,119.7,-63.8,1.9,-1.0,RS41-SG,404.900,8.7,187,8,2.5,-1,-1
2024-11-13T00:22:50.002Z,W2020168,6537,45.52602,8.62853,27448.6,7.7,16.0,117.1,-63.8,1.9,-1.0,RS41-SG,404.900,7.9,187,8,2.6,-1,-1
2024-11-13T00:22:52.002Z,W2020168,6539,45.52592,8.62890,27463.3,6.0,15.7,106.6,-63.9,1.9,-1.0,RS41-SG,404.900,7.7,187,8,2.5,-1,-1
2024-11-13T00:22:53.002Z,W2020168,6540,45.52589,8.62909,27469.1,5.5,15.8,102.3,-63.9,1.9,-1.0,RS41-SG,404.900,7.4,187,8,2.5,-1,-1
2024-11-13T00:22:54.002Z,W2020168,6541,45.52586,8.62929,27475.4,6.8,16.3,101.3,-64.0,1.9,-1.0,RS41-SG,404.900,8.1,187,8,2.5,-1,-1
2024-11-13T00:22:55.002Z,W2020168,6542,45.52582,8.62950,27482.5,7.4,16.9,103.4,-64.0,1.9,-1.0,RS41-SG,404.900,8.2,187,8,2.5,-1,-1
2024-11-13T00:22:56.002Z,W2020168,6543,45.52579,8.62971,27489.1,6.0,17.5,105.6,-64.0,1.9,-1.0,RS41-SG,404.900,8.3,187,8,2.5,-1,-1
2024-11-13T00:22:59.002Z,W2020168,6546,45.52567,8.63038,27508.6,7.4,18.0,100.6,-64.0,1.9,-1.0,RS41-SG,404.900,8.2,187,8,2.5,-1,-1
2024-11-13T00:23:00.002Z,W2020168,6547,45.52564,8.63060,27515.3,6.0,17.6,98.9,-64.0,1.9,-1.0,RS41-SG,404.900,8.7,187,8,2.5,-1,-1
2024-11-13T00:23:01.002Z,W2020168,6548,45.52562,8.63082,27521.5,6.4,16.8,99.5,-64.0,1.9,-1.0,RS41-SG,404.900,8.7,187,8,2.5,-1,-1
2024-11-13T00:23:02.002Z,W2020168,6549,45.52559,8.63102,27528.7,7.8,15.9,104.4,-64.0,1.9,-1.0,RS41-SG,404.900,8.4,187,8,2.5,-1,-1
2024-11-13T00:23:03.002Z,W2020168,6550,45.52555,8.63121,27536.4,7.3,15.3,109.1,-64.0,1.9,-1.0,RS41-SG,404.900,8.3,187,8,2.6,-1,-1
2024-11-13T00:23:04.002Z,W2020168,6551,45.52550,8.63139,27542.7,5.4,14.6,112.0,-64.0,1.9,-1.0,RS41-SG,404.900,8.3,187,8,2.6,-1,-1
2024-11-13T00:23:05.002Z,W2020168,6552,45.52545,8.63155,27548.7,6.7,13.5,112.7,-64.0,1.9,-1.0,RS41-SG,404.900,7.5,187,8,2.5,-1,-1
2024-11-13T00:23:06.002Z,W2020168,6553,45.52541,8.63171,27556.1,8.2,12.6,107.6,-64.1,1.9,-1.0,RS41-SG,404.900,7.6,187,8,2.5,-1,-1
2024-11-13T00:23:07.002Z,W2020168,6554,45.52538,8.63187,27563.5,6.5,12.4,101.8,-64.1,1.9,-1.0,RS41-SG,404.900,9.1,187,8,2.5,-1,-1
2024-11-13T00:23:08.002Z,W2020168,6555,45.52536,8.63202,27569.8,6.0,12.9,96.4,-64.1,1.9,-1.0,RS41-SG,404.900,9.1,187,8,2.5,-1,-1
2024-11-13T00:23:09.002Z,W2020168,6556,45.52535,8.63219,27576.3,7.1,14.0,94.8,-64.1,1.9,-1.0,RS41-SG,404.900,8.0,187,8,2.5,-1,-1
2024-11-13T00:23:10.002Z,W2020168,6557,45.52534,8.63238,27584.0,8.1,15.7,97.6,-64.1,1.9,-1.0,RS41-SG,404.900,7.5,187,8,2.6,-1,-1
2024-11-13T00:23:11.002Z,W2020168,6558,45.52532,8.63259,27591.2,6.4,17.2,99.6,-64.2,1.9,-1.0,RS41-SG,404.900,7.3,187,8,2.6,-1,-1
2024-11-13T00:23:13.002Z,W2020168,6560,45.52526,8.63306,27604.6,7.4,19.8,97.6,-64.2,1.9,-1.0,RS41-SG,404.900,8.3,187,8,2.5,-1,-1
2024-11-13T00:23:15.002Z,W2020168,6562,45.52523,8.63357,27618.9,6.0,20.0,92.1,-64.2,1.9,-1.0,RS41-SG,404.900,7.8,187,8,2.5,-1,-1
2024-11-13T00:23:17.002Z,W2020168,6564,45.52523,8.63406,27631.4,7.4,18.2,91.4,-64.3,1.9,-1.0,RS41-SG,404.900,8.4,187,8,2.6,-1,-1
2024-11-13T00:23:18.002Z,W2020168,6565,45.52522,8.63428,27638.9,7.5,17.4,94.4,-64.3,1.9,-1.0,RS41-SG,404.900,8.1,187,8,2.6,-1,-1
2024-11-13T00:23:19.002Z,W2020168,6566,45.52521,8.63450,27645.9,6.4,16.6,96.5,-64.3,1.9,-1.0,RS41-SG,404.900,8.1,187,8,2.5,-1,-1
2024-11-13T00:23:23.002Z,W2020168,6570,45.52517,8.63528,27673.0,6.3,15.3,89.1,-64.3,1.9,-1.0,RS41-SG,404.900,8.3,187,8,2.5,-1,-1
2024-11-13T00:23:24.002Z,W2020168,6571,45.52517,8.63548,27680.1,7.9,16.2,90.7,-64.3,1.9,-1.0,RS41-SG,404.900,8.3,187,8,2.6,-1,-1
2024-11-13T00:23:25.002Z,W2020168,6572,45.52517,8.63569,27687.8,7.5,17.3,94.0,-64.4,1.9,-1.0,RS41-SG,404.900,7.1,187,8,2.6,-1,-1
2024-11-13T00:23:29.002Z,W2020168,6576,45.52512,8.63666,27715.8,6.3,19.5,89.1,-64.5,1.9,-1.0,RS41-SG,404.900,8.0,187,8,2.5,-1,-1
2024-11-13T00:23:30.002Z,W2020168,6577,45.52513,8.63690,27721.9,5.7,19.2,86.8,-64.5,1.9,-1.0,RS41-SG,404.900,8.0,187,8,2.6,-1,-1
2024-11-13T00:23:37.002Z,W2020168,6584,45.52517,8.63843,27768.7,6.4,16.7,81.0,-64.7,1.9,-1.0,RS41-SG,404.900,7.2,187,8,2.6,-1,-1
2024-11-13T00:23:38.002Z,W2020168,6585,45.52520,8.63865,27774.9,5.9,17.6,79.7,-64.7,1.9,-1.0,RS41-SG,404.900,7.6,187,8,2.6,-1,-1
2024-11-13T00:23:39.002Z,W2020168,6586,45.52522,8.63888,27781.2,6.8,18.8,81.4,-64.8,1.9,-1.0,RS41-SG,404.900,7.6,187,8,2.5,-1,-1
2024-11-13T00:23:52.002Z,W2020168,6599,45.52548,8.64186,27867.0,7.4,20.0,71.4,-64.9,2.0,-1.0,RS41-SG,404.900,8.1,187,8,2.6,-1,-1
2024-11-13T00:24:01.002Z,W2020168,6608,45.52573,8.64409,27927.2,5.6,16.9,82.2,-64.8,1.9,-1.0,RS41-SG,404.900,8.5,187,8,2.5,-1,-1
2024-11-13T00:24:04.002Z,W2020168,6611,45.52580,8.64475,27948.0,6.3,18.3,81.9,-64.9,1.9,-1.0,RS41-SG,404.900,7.7,187,8,2.6,-1,-1
2024-11-13T00:24:09.002Z,W2020168,6616,45.52598,8.64604,27982.0,7.0,23.1,80.0,-64.9,1.9,-1.0,RS41-SG,404.900,8.0,187,8,2.5,-1,-1
2024-11-13T00:24:11.002Z,W2020168,6618,45.52603,8.64663,27994.8,5.4,23.7,86.6,-64.9,1.9,-1.0,RS41-SG,404.900,8.1,187,8,2.6,-1,-1
2024-11-13T00:24:12.002Z,W2020168,6619,45.52604,8.64693,28000.5,6.0,22.9,87.2,-64.9,1.9,-1.0,RS41-SG,404.900,8.2,187,8,2.6,-1,-1
2024-11-13T00:24:13.002Z,W2020168,6620,45.52605,8.64721,28007.3,7.4,21.4,85.1,-64.9,1.9,-1.0,RS41-SG,404.900,8.2,187,8,2.5,-1,-1
2024-11-13T00:24:14.002Z,W2020168,6621,45.52608,8.64747,28014.6,6.9,20.1,81.1,-64.9,1.9,-1.0,RS41-SG,404.900,7.5,187,8,2.5,-1,-1
2024-11-13T00:24:15.002Z,W2020168,6622,45.52611,8.64772,28020.9,5.7,19.3,77.7,-64.9,1.9,-1.0,RS41-SG,404.900,7.7,187,8,2.5,-1,-1
2024-11-13T00:24:16.002Z,W2020168,6623,45.52615,8.64796,28026.7,5.9,19.1,74.6,-64.9,1.9,-1.0,RS41-SG,404.900,8.1,187,8,2.5,-1,-1
2024-11-13T00:24:18.002Z,W2020168,6625,45.52624,8.64844,28040.7,6.6,20.3,76.0,-64.7,1.8,-1.0,RS41-SG,404.900,7.6,187,8,2.6,-1,-1
2024-11-13T00:24:19.002Z,W2020168,6626,45.52628,8.64870,28046.7,5.5,21.1,77.4,-64.7,1.9,-1.0,RS41-SG,404.900,7.6,187,8,2.6,-1,-1
2024-11-13T00:24:42.002Z,W2020168,6649,45.52731,8.65504,28191.7,6.1,25.8,76.8,-65.0,2.0,-1.0,RS41-SG,404.900,7.5,187,8,2.5,-1,-1
2024-11-13T00:24:43.002Z,W2020168,6650,45.52735,8.65535,28198.0,6.7,23.7,79.3,-65.1,1.9,-1.0,RS41-SG,404.900,7.6,187,8,2.5,-1,-1
2024-11-13T00:24:44.002Z,W2020168,6651,45.52739,8.65563,28204.8,6.8,20.9,81.0,-65.1,2.0,-1.0,RS41-SG,404.900,7.6,187,8,2.5,-1,-1
2024-11-13T00:24:51.002Z,W2020168,6658,45.52759,8.65730,28246.0,5.8,22.3,78.3,-65.1,2.0,-1.0,RS41-SG,404.900,8.6,187,8,2.6,-1,-1
2024-11-13T00:24:52.002Z,W2020168,6659,45.52763,8.65758,28252.2,6.6,22.4,76.5,-65.1,1.9,-1.0,RS41-SG,404.900,8.6,187,8,2.6,-1,-1
2024-11-13T00:24:54.002Z,W2020168,6661,45.52773,8.65812,28263.7,5.3,21.4,76.6,-65.2,1.9,-1.0,RS41-SG,404.900,6.9,187,8,2.5,-1,-1
2024-11-13T00:24:56.002Z,W2020168,6663,45.52779,8.65865,28275.8,6.9,20.7,85.5,-65.3,2.0,-1.0,RS41-SG,404.900,7.7,187,8,2.5,-1,-1
2024-11-13T00:24:57.002Z,W2020168,6664,45.52780,8.65892,28281.9,5.4,20.8,89.1,-65.3,2.0,-1.0,RS41-SG,404.900,7.7,187,8,2.5,-1,-1
2024-11-13T00:25:03.002Z,W2020168,6670,45.52791,8.66042,28318.4,7.2,19.8,75.2,-65.5,2.0,-1.0,RS41-SG,404.900,7.0,187,8,2.5,-1,-1
