timestamp,serial,frame,lat,lon,alt,vel_v,vel_h,heading,temp,humidity,pressure,type,freq_mhz,snr,f_error_hz,sats,batt_v,burst_timer,aux_data
2024-07-21T12:39:07.000Z,V2910885,7509,45.82925,8.86993,29663.7,5.8,7.0,246.6,-273.0,-1.0,-1.0,RS41,404.900,8.3,0,10,2.7,-1,-1
2024-07-21T12:39:13.000Z,V2910885,7515,45.82905,8.86921,29697.1,4.3,14.2,260.1,-273.0,-1.0,-1.0,RS41,404.900,9.1,0,10,2.6,-1,-1
2024-07-21T12:39:33.000Z,V2910885,7535,45.82859,8.86596,29810.6,6.2,14.1,271.0,-273.0,-1.0,-1.0,RS41,404.900,8.4,0,10,2.7,-1,-1
2024-07-21T12:39:36.000Z,V2910885,7538,45.82862,8.86553,29827.7,4.6,9.0,279.6,-273.0,-1.0,-1.0,RS41,404.900,8.6,0,10,2.6,-1,-1
2024-07-21T12:39:37.000Z,V2910885,7539,45.82863,8.86542,29833.0,5.7,8.7,279.3,-273.0,-1.0,-1.0,RS41,404.900,8.7,0,10,2.6,-1,-1
2024-07-21T12:39:40.000Z,V2910885,7542,45.82865,8.86501,29851.2,5.0,12.8,268.9,-273.0,-1.0,-1.0,RS41,404.900,8.4,0,10,2.7,-1,-1
2024-07-21T12:39:47.000Z,V2910885,7549,45.82851,8.86377,29892.1,6.6,14.2,268.8,-273.0,-1.0,-1.0,RS41,404.900,9.1,0,10,2.6,-1,-1
2024-07-21T12:39:51.000Z,V2910885,7553,45.82858,8.86308,29914.9,6.6,11.6,282.3,-273.0,-1.0,-1.0,RS41,404.900,9.1,0,10,2.7,-1,-1
2024-07-21T12:39:52.000Z,V2910885,7554,45.82860,8.86295,29921.1,5.8,10.4,280.5,-273.0,-1.0,-1.0,RS41,404.900,9.1,0,10,2.7,-1,-1
2024-07-21T12:39:53.000Z,V2910885,7555,45.82861,8.86282,29926.7,5.6,9.8,279.2,-273.0,-1.0,-1.0,RS41,404.900,9.1,0,10,2.7,-1,-1
2024-07-21T12:39:56.000Z,V2910885,7558,45.82865,8.86240,29945.4,5.5,12.9,276.9,-273.0,-1.0,-1.0,RS41,404.900,8.5,0,10,2.6,-1,-1
2024-07-21T12:39:58.000Z,V2910885,7560,45.82868,8.86204,29955.3,5.4,14.6,274.2,-273.0,-1.0,-1.0,RS41,404.900,8.7,0,10,2.7,-1,-1
2024-07-21T12:40:01.000Z,V2910885,7563,45.82868,8.86151,29974.0,5.7,13.1,269.2,-273.0,-1.0,-1.0,RS41,404.900,8.7,0,10,2.6,-1,-1
2024-07-21T12:40:08.000Z,V2910885,7570,45.82879,8.86046,30015.6,6.3,9.2,278.4,-273.0,-1.0,-1.0,RS41,404.900,8.2,0,10,2.6,-1,-1
2024-07-21T12:40:09.000Z,V2910885,7571,45.82880,8.86034,30021.3,4.9,8.6,272.1,-273.0,-1.0,-1.0,RS41,404.900,9.7,0,10,2.6,-1,-1
2024-07-21T12:40:11.000Z,V2910885,7573,45.82879,8.86010,30032.2,6.4,10.5,265.7,-273.0,-1.0,-1.0,RS41,404.900,9.5,0,10,2.7,-1,-1
2024-07-21T12:40:12.000Z,V2910885,7574,45.82879,8.85996,30038.4,6.6,12.3,266.1,-273.0,-1.0,-1.0,RS41,404.900,10.4,0,10,2.7,-1,-1
2024-07-21T12:40:15.000Z,V2910885,7577,45.82877,8.85943,30055.2,6.1,13.9,268.2,-273.0,-1.0,-1.0,RS41,404.900,9.0,0,10,2.6,-1,-1
2024-07-21T12:40:18.000Z,V2910885,7580,45.82875,8.85898,30073.9,4.9,10.0,265.8,-273.0,-1.0,-1.0,RS41,404.900,9.8,0,10,2.7,-1,-1
2024-07-21T12:40:19.000Z,V2910885,7581,45.82875,8.85886,30078.8,4.9,9.3,265.4,-273.0,-1.0,-1.0,RS41,404.900,9.8,0,10,2.6,-1,-1
2024-07-21T12:40:20.000Z,V2910885,7582,45.82874,8.85874,30084.3,6.1,9.4,265.3,-273.0,-1.0,-1.0,RS41-SG,404.900,9.5,0,10,2.6,-1,-1
2024-07-21T12:40:22.000Z,V2910885,7584,45.82873,8.85847,30096.7,5.5,10.9,268.1,-273.0,-1.0,-1.0,RS41-SG,404.900,10.7,0,10,2.7,-1,-1
2024-07-21T12:40:23.000Z,V2910885,7585,45.82873,8.85833,30102.0,5.4,11.3,269.3,-273.0,-1.0,-1.0,RS41-SG,404.900,10.5,0,10,2.7,-1,-1
2024-07-21T12:40:24.000Z,V2910885,7586,45.82873,8.85819,30107.6,6.0,11.0,269.2,-273.0,-1.0,-1.0,RS41-SG,404.900,9.0,0,10,2.7,-1,-1
2024-07-21T12:40:26.000Z,V2910885,7588,45.82872,8.85793,30119.7,5.5,9.4,268.0,-273.0,-1.0,-1.0,RS41-SG,404.900,10.8,0,10,2.6,-1,-1
2024-07-21T12:40:29.000Z,V2910885,7591,45.82871,8.85756,30136.1,6.3,10.7,271.3,-273.0,-1.0,-1.0,RS41-SG,404.900,10.9,0,10,2.7,-1,-1
2024-07-21T12:40:30.000Z,V2910885,7592,45.82872,8.85741,30142.5,6.7,11.9,271.8,-273.0,-1.0,-1.0,RS41-SG,404.900,11.2,0,10,2.7,-1,-1
2024-07-21T12:40:31.000Z,V2910885,7593,45.82872,8.85726,30148.5,5.1,12.6,271.1,-273.0,-1.0,-1.0,RS41-SG,404.900,11.2,0,10,2.7,-1,-1
2024-07-21T12:40:34.000Z,V2910885,7596,45.82871,8.85678,30165.2,6.3,11.1,261.4,-273.0,-1.0,-1.0,RS41-SG,404.900,11.7,0,10,2.6,-1,-1
2024-07-21T12:40:35.000Z,V2910885,7597,45.82869,8.85665,30171.2,5.7,9.8,256.0,-273.0,-1.0,-1.0,RS41-SG,404.900,10.5,0,10,2.6,-1,-1
2024-07-21T12:40:37.000Z,V2910885,7599,45.82865,8.85643,30181.2,5.3,8.4,256.0,-273.0,-1.0,-1.0,RS41-SG,404.900,11.0,0,10,2.7,-1,-1
2024-07-21T12:40:38.000Z,V2910885,7600,45.82863,8.85632,30186.9,6.4,8.9,264.9,-273.0,-1.0,-1.0,RS41-SG,404.900,11.1,0,10,2.7,-1,-1
2024-07-21T12:40:39.000Z,V2910885,7601,45.82863,8.85620,30193.2,6.1,10.0,273.0,-273.0,-1.0,-1.0,RS41-SG,404.900,11.1,0,10,2.7,-1,-1
2024-07-21T12:40:40.000Z,V2910885,7602,45.82864,8.85606,30199.0,5.0,11.2,277.3,-273.0,-1.0,-1.0,RS41-SG,404.900,10.4,0,10,2.6,-1,-1
2024-07-21T12:40:41.000Z,V2910885,7603,45.82866,8.85592,30204.4,5.6,12.2,279.6,-41.5,-1.0,-1.0,RS41-SG,404.900,11.2,0,10,2.6,-1,-1
2024-07-21T12:40:42.000Z,V2910885,7604,45.82867,8.85576,30210.1,6.0,12.4,278.2,-41.5,-1.0,-1.0,RS41-SG,404.900,11.2,0,10,2.6,-1,-1
2024-07-21T12:40:43.000Z,V2910885,7605,45.82869,8.85561,30216.0,6.3,11.9,275.5,-41.6,-1.0,-1.0,RS41-SG,404.900,9.7,0,10,2.7,-1,-1
2024-07-21T12:40:44.000Z,V2910885,7606,45.82870,8.85546,30221.7,5.4,11.1,273.6,-41.5,-1.0,-1.0,RS41-SG,404.900,10.5,0,10,2.7,-1,-1
2024-07-21T12:40:46.000Z,V2910885,7608,45.82871,8.85518,30232.4,5.6,10.4,273.7,-41.6,-1.0,-1.0,RS41-SG,404.900,9.2,0,10,2.6,-1,-1
2024-07-21T12:40:47.000Z,V2910885,7609,45.82871,8.85505,30238.3,6.2,10.6,275.6,-41.5,-1.0,-1.0,RS41-SG,404.900,9.7,0,10,2.6,-1,-1
2024-07-21T12:40:49.000Z,V2910885,7611,45.82874,8.85478,30249.9,5.5,10.7,279.8,-41.6,-1.0,-1.0,RS41-SG,404.900,10.2,0,10,2.7,-1,-1
2024-07-21T12:40:50.000Z,V2910885,7612,45.82875,8.85464,30255.2,5.6,10.3,278.3,-41.6,-1.0,-1.0,RS41-SG,404.900,10.7,0,10,2.7,-1,-1
2024-07-21T12:40:51.000Z,V2910885,7613,45.82876,8.85452,30261.3,6.2,9.8,273.9,-41.5,-1.0,-1.0,RS41-SG,404.900,11.5,0,10,2.6,-1,-1
2024-07-21T12:40:52.000Z,V2910885,7614,45.82877,8.85440,30267.2,5.6,9.3,269.2,-41.6,-1.0,-1.0,RS41-SG,404.900,11.5,0,10,2.6,-1,-1
2024-07-21T12:40:53.000Z,V2910885,7615,45.82876,8.85428,30272.5,5.0,9.2,267.4,-41.6,-1.0,-1.0,RS41-SG,404.900,10.4,0,10,2.6,-1,-1
2024-07-21T12:40:56.000Z,V2910885,7618,45.82879,8.85389,30289.4,5.4,11.6,283.9,-41.7,-1.0,-1.0,RS41-SG,404.900,10.0,0,10,2.7,-1,-1
2024-07-21T12:40:58.000Z,V2910885,7620,45.82886,8.85359,30298.9,4.6,12.9,293.3,-41.6,-1.0,-1.0,RS41-SG,404.900,12.5,0,10,2.6,-1,-1
2024-07-21T12:40:59.000Z,V2910885,7621,45.82890,8.85344,30304.2,5.9,12.2,295.3,-41.7,-1.0,-1.0,RS41-SG,404.900,11.3,0,10,2.6,-1,-1
2024-07-21T12:41:00.000Z,V2910885,7622,45.82895,8.85331,30310.2,6.1,11.2,294.4,-41.6,-1.0,-1.0,RS41-SG,404.900,10.4,0,10,2.6,-1,-1
2024-07-21T12:41:01.000Z,V2910885,7623,45.82899,8.85318,30315.6,4.8,10.4,293.0,-41.5,-1.0,-1.0,RS41-SG,404.900,10.5,0,10,2.7,-1,-1
2024-07-21T12:41:02.000Z,V2910885,7624,45.82902,8.85306,30320.4,5.0,9.9,290.5,-41.6,-1.0,-1.0,RS41-SG,404.900,10.5,0,10,2.7,-1,-1
2024-07-21T12:41:03.000Z,V2910885,7625,45.82905,8.85294,30325.6,5.7,10.2,287.6,-41.6,-1.0,-1.0,RS41-SG,404.900,11.1,0,10,2.7,-1,-1
2024-07-21T12:41:04.000Z,V2910885,7626,45.82908,8.85281,30331.8,6.4,11.0,286.7,-41.6,-1.0,-1.0,RS41-SG,404.900,11.1,0,10,2.7,-1,-1
2024-07-21T12:41:05.000Z,V2910885,7627,45.82911,8.85267,30337.8,5.3,11.9,286.2,-41.7,-1.0,-1.0,RS41-SG,404.900,11.0,0,10,2.6,-1,-1
2024-07-21T12:41:06.000Z,V2910885,7628,45.82914,8.85252,30343.1,5.1,12.4,283.6,-41.7,-1.0,-1.0,RS41-SG,404.900,10.9,0,10,2.6,-1,-1
2024-07-21T12:41:07.000Z,V2910885,7629,45.82916,8.85236,30348.4,5.5,12.5,279.8,-41.7,-1.0,-1.0,RS41-SG,404.900,11.4,0,10,2.6,-1,-1
2024-07-21T12:41:09.000Z,V2910885,7631,45.82918,8.85206,30359.8,5.8,11.1,272.3,-41.8,-1.0,-1.0,RS41-SG,404.900,11.6,0,10,2.7,-1,-1
2024-07-21T12:41:10.000Z,V2910885,7632,45.82918,8.85192,30365.1,5.0,10.5,270.9,-41.9,-1.0,-1.0,RS41-SG,404.900,11.0,0,10,2.7,-1,-1
2024-07-21T12:41:11.000Z,V2910885,7633,45.82918,8.85179,30369.9,5.0,10.3,273.8,-41.9,-1.0,-1.0,RS41-SG,404.900,11.4,0,10,2.7,-1,-1
2024-07-21T12:41:12.000Z,V2910885,7634,45.82920,8.85165,30375.3,5.5,10.6,279.4,-41.9,-1.0,-1.0,RS41-SG,404.900,11.4,0,10,2.6,-1,-1
2024-07-21T12:41:13.000Z,V2910885,7635,45.82922,8.85152,30381.3,6.0,11.1,286.4,-42.0,-1.0,-1.0,RS41-SG,404.900,9.7,0,10,2.6,-1,-1
2024-07-21T12:41:16.000Z,V2910885,7638,45.82933,8.85111,30398.1,6.6,10.9,291.9,-42.1,-1.0,-1.0,RS41-SG,404.900,9.8,0,10,2.7,-1,-1
2024-07-21T12:41:17.000Z,V2910885,7639,45.82936,8.85099,30404.5,6.5,9.5,286.7,-42.1,-1.0,-1.0,RS41-SG,404.900,10.2,0,10,2.7,-1,-1
2024-07-21T12:41:19.000Z,V2910885,7641,45.82939,8.85077,30414.7,4.4,8.2,272.6,-42.0,-1.0,-1.0,RS41-SG,404.900,11.3,0,10,2.6,-1,-1
2024-07-21T12:41:20.000Z,V2910885,7642,45.82939,8.85066,30419.6,4.8,8.6,267.5,-42.1,-1.0,-1.0,RS41-SG,404.900,10.6,0,10,2.6,-1,-1
2024-07-21T12:41:21.000Z,V2910885,7643,45.82939,8.85054,30424.9,5.8,9.6,268.9,-42.1,-1.0,-1.0,RS41-SG,404.900,10.9,0,10,2.6,-1,-1
2024-07-21T12:41:22.000Z,V2910885,7644,45.82939,8.85041,30430.8,6.4,10.7,271.2,-42.0,-1.0,-1.0,RS41-SG,404.900,11.3,0,10,2.7,-1,-1
2024-07-21T12:41:23.000Z,V2910885,7645,45.82939,8.85027,30436.3,5.1,11.5,274.0,-42.0,-1.0,-1.0,RS41-SG,404.900,11.3,0,10,2.7,-1,-1
2024-07-21T12:41:24.000Z,V2910885,7646,45.82940,8.85012,30441.1,4.7,11.7,276.8,-42.1,-1.0,-1.0,RS41-SG,404.900,10.8,0,10,2.7,-1,-1
2024-07-21T12:41:25.000Z,V2910885,7647,45.82941,8.84998,30445.9,4.8,11.3,278.7,-42.0,-1.0,-1.0,RS41-SG,404.900,10.2,0,10,2.6,-1,-1
2024-07-21T12:41:26.000Z,V2910885,7648,45.82943,8.84984,30451.3,5.8,10.3,278.9,-41.9,-1.0,-1.0,RS41-SG,404.900,10.9,0,10,2.6,-1,-1
2024-07-21T12:41:27.000Z,V2910885,7649,45.82944,8.84972,30457.0,5.7,9.2,278.1,-41.9,-1.0,-1.0,RS41-SG,404.900,11.7,0,10,2.7,-1,-1
2024-07-21T12:41:28.000Z,V2910885,7650,45.82945,8.84961,30462.0,4.5,8.6,276.5,-42.0,-1.0,-1.0,RS41-SG,404.900,11.7,0,10,2.7,-1,-1
2024-07-21T12:41:29.000Z,V2910885,7651,45.82946,8.84950,30466.5,4.6,8.7,275.9,-42.0,-1.0,-1.0,RS41-SG,404.900,11.2,0,10,2.7,-1,-1
2024-07-21T12:41:30.000Z,V2910885,7652,45.82947,8.84938,30471.8,5.7,9.8,277.3,-41.9,-1.0,-1.0,RS41-SG,404.900,11.2,0,10,2.6,-1,-1
2024-07-21T12:41:31.000Z,V2910885,7653,45.82948,8.84924,30477.7,6.1,11.6,279.1,-41.9,-1.0,-1.0,RS41-SG,404.900,10.6,0,10,2.6,-1,-1
2024-07-21T12:41:32.000Z,V2910885,7654,45.82950,8.84909,30483.0,4.9,13.1,279.9,-42.0,-1.0,-1.0,RS41-SG,404.900,10.6,0,10,2.7,-1,-1
2024-07-21T12:41:33.000Z,V2910885,7655,45.82952,8.84891,30487.7,4.6,14.1,279.6,-41.9,-1.0,-1.0,RS41-SG,404.900,10.0,0,10,2.7,-1,-1
2024-07-21T12:41:34.000Z,V2910885,7656,45.82954,8.84873,30492.7,5.6,14.2,278.4,-41.9,-1.0,-1.0,RS41-SG,404.900,10.4,0,10,2.7,-1,-1
2024-07-21T12:41:35.000Z,V2910885,7657,45.82956,8.84856,30498.6,6.1,13.3,277.6,-41.9,-1.0,-1.0,RS41-SG,404.900,10.4,0,10,2.6,-1,-1
2024-07-21T12:41:36.000Z,V2910885,7658,45.82957,8.84840,30504.0,5.0,12.2,276.2,-41.9,-1.0,-1.0,RS41-SG,404.900,9.6,0,10,2.6,-1,-1
2024-07-21T12:41:38.000Z,V2910885,7660,45.82959,8.84811,30513.4,5.2,10.9,276.2,-41.8,-1.0,-1.0,RS41-SG,404.900,10.7,0,10,2.7,-1,-1
2024-07-21T12:41:39.000Z,V2910885,7661,45.82961,8.84797,30518.9,6.3,11.0,279.5,-41.8,-1.0,-1.0,RS41-SG,404.900,10.7,0,10,2.7,-1,-1
2024-07-21T12:41:40.000Z,V2910885,7662,45.82962,8.84783,30524.7,5.5,11.3,280.7,-41.8,-1.0,-1.0,RS41-SG,404.900,10.5,0,10,2.7,-1,-1
2024-07-21T12:41:41.000Z,V2910885,7663,45.82964,8.84769,30530.2,5.1,11.3,280.6,-41.9,-1.0,-1.0,RS41-SG,404.900,10.5,0,10,2.7,-1,-1
2024-07-21T12:41:42.000Z,V2910885,7664,45.82966,8.84755,30535.5,5.5,10.7,279.3,-41.8,-1.0,-1.0,RS41-SG,404.900,10.7,0,10,2.6,-1,-1
2024-07-21T12:41:43.000Z,V2910885,7665,45.82967,8.84742,30541.2,5.9,9.9,275.0,-41.8,-1.0,-1.0,RS41-SG,404.900,11.3,0,10,2.6,-1,-1
2024-07-21T12:41:44.000Z,V2910885,7666,45.82968,8.84729,30546.7,5.0,9.2,271.9,-41.8,-1.0,-1.0,RS41-SG,404.900,11.3,0,10,2.6,-1,-1
2024-07-21T12:41:45.000Z,V2910885,7667,45.82968,8.84718,30551.4,4.5,9.2,268.3,-41.8,-1.0,-1.0,RS41-SG,404.900,10.9,0,10,2.7,-1,-1
2024-07-21T12:41:46.000Z,V2910885,7668,45.82967,8.84705,30556.1,5.1,10.0,266.3,-41.8,-1.0,-1.0,RS41-SG,404.900,10.6,0,10,2.7,-1,-1
2024-07-21T12:41:47.000Z,V2910885,7669,45.82967,8.84691,30561.5,5.9,11.6,266.2,-41.8,-1.0,-1.0,RS41-SG,404.900,10.6,0,10,2.7,-1,-1
2024-07-21T12:41:48.000Z,V2910885,7670,45.82966,8.84676,30567.1,5.6,13.1,268.0,-41.8,0.4,-1.0,RS41-SG,404.900,10.4,0,10,2.7,-1,-1
2024-07-21T12:41:49.000Z,V2910885,7671,45.82966,8.84658,30572.3,4.3,14.0,268.5,-41.8,0.3,-1.0,RS41-SG,404.900,9.7,0,10,2.6,-1,-1
2024-07-21T12:41:50.000Z,V2910885,7672,45.82965,8.84640,30577.3,5.1,14.1,268.8,-41.8,0.4,-1.0,RS41-SG,404.900,9.4,0,10,2.6,-1,-1
2024-07-21T12:41:51.000Z,V2910885,7673,45.82965,8.84623,30583.0,6.4,13.0,269.0,-41.8,0.4,-1.0,RS41-SG,404.900,11.7,0,10,2.6,-1,-1
2024-07-21T12:41:52.000Z,V2910885,7674,45.82965,8.84607,30588.8,5.8,11.7,268.2,-41.7,0.4,-1.0,RS41-SG,404.900,11.7,0,10,2.7,-1,-1
2024-07-21T12:41:53.000Z,V2910885,7675,45.82965,8.84593,30593.8,4.4,10.4,267.8,-41.6,0.3,-1.0,RS41-SG,404.900,10.5,0,10,2.7,-1,-1
2024-07-21T12:41:54.000Z,V2910885,7676,45.82964,8.84580,30598.3,4.8,9.5,267.8,-41.5,0.4,-1.0,RS41-SG,404.900,10.3,0,10,2.7,-1,-1
2024-07-21T12:41:55.000Z,V2910885,7677,45.82964,8.84568,30603.3,5.2,9.5,270.3,-41.4,0.4,-1.0,RS41-SG,404.900,10.3,0,10,2.7,-1,-1
2024-07-21T12:41:56.000Z,V2910885,7678,45.82964,8.84555,30608.6,5.3,10.2,271.3,-41.4,0.3,-1.0,RS41-SG,404.900,11.2,0,10,2.6,-1,-1
2024-07-21T12:41:58.000Z,V2910885,7680,45.82965,8.84526,30619.6,5.2,12.3,270.6,-41.6,0.4,-1.0,RS41-SG,404.900,10.9,0,10,2.6,-1,-1
2024-07-21T12:41:59.000Z,V2910885,7681,45.82965,8.84510,30624.4,4.7,13.0,266.9,-41.6,0.3,-1.0,RS41-SG,404.900,9.9,0,10,2.7,-1,-1
2024-07-21T12:42:00.000Z,V2910885,7682,45.82963,8.84494,30628.9,4.7,13.4,262.2,-41.5,0.3,-1.0,RS41-SG,404.900,10.2,0,10,2.7,-1,-1
2024-07-21T12:42:01.000Z,V2910885,7683,45.82961,8.84477,30633.5,4.7,13.3,257.5,-41.5,0.4,-1.0,RS41-SG,404.900,10.8,0,10,2.7,-1,-1
2024-07-21T12:42:02.000Z,V2910885,7684,45.82958,8.84461,30638.5,5.0,12.6,254.2,-41.5,0.3,-1.0,RS41-SG,404.900,10.8,0,10,2.6,-1,-1
2024-07-21T12:42:04.000Z,V2910885,7686,45.82953,8.84432,30648.4,5.2,10.4,258.9,-41.4,0.3,-1.0,RS41-SG,404.900,10.3,0,10,2.7,-1,-1
2024-07-21T12:42:05.000Z,V2910885,7687,45.82952,8.84419,30653.3,4.9,10.2,269.2,-41.4,0.3,-1.0,RS41-SG,404.900,10.3,0,10,2.7,-1,-1
2024-07-21T12:42:07.000Z,V2910885,7689,45.82955,8.84390,30662.8,4.8,12.9,284.1,-41.6,0.3,-1.0,RS41-SG,404.900,9.8,0,10,2.6,-1,-1
2024-07-21T12:42:08.000Z,V2910885,7690,45.82958,8.84373,30667.7,5.0,14.5,284.3,-41.6,0.4,-1.0,RS41-SG,404.900,10.1,0,10,2.6,-1,-1
2024-07-21T12:42:09.000Z,V2910885,7691,45.82961,8.84354,30672.6,4.8,15.8,280.7,-41.5,0.4,-1.0,RS41-SG,404.900,10.8,0,10,2.7,-1,-1
2024-07-21T12:42:10.000Z,V2910885,7692,45.82963,8.84334,30677.2,4.7,16.4,274.3,-41.5,0.3,-1.0,RS41-SG,404.900,10.8,0,10,2.7,-1,-1
2024-07-21T12:42:11.000Z,V2910885,7693,45.82963,8.84313,30682.0,4.9,16.1,266.5,-41.4,0.3,-1.0,RS41-SG,404.900,11.6,0,10,2.7,-1,-1
2024-07-21T12:42:12.000Z,V2910885,7694,45.82961,8.84293,30687.1,5.1,15.2,258.6,-41.3,0.3,-1.0,RS41-SG,404.900,11.6,0,10,2.6,-1,-1
2024-07-21T12:42:14.000Z,V2910885,7696,45.82954,8.84260,30696.2,4.0,12.1,247.2,-41.2,0.3,-1.0,RS41-SG,404.900,9.1,0,10,2.6,-1,-1
2024-07-21T12:42:15.000Z,V2910885,7697,45.82950,8.84246,30700.2,4.4,10.6,248.3,-41.1,0.3,-1.0,RS41-SG,404.900,9.3,0,10,2.7,-1,-1
2024-07-21T12:42:16.000Z,V2910885,7698,45.82947,8.84234,30704.8,5.5,9.7,258.0,-41.1,0.3,-1.0,RS41-SG,404.900,9.8,0,10,2.7,-1,-1
2024-07-21T12:42:19.000Z,V2910885,7701,45.82950,8.84191,30720.4,4.0,14.0,282.5,-41.1,0.3,-1.0,RS41-SG,404.900,10.1,0,10,2.6,-1,-1
2024-07-21T12:42:20.000Z,V2910885,7702,45.82952,8.84172,30724.5,4.2,15.9,281.5,-41.1,0.3,-1.0,RS41-SG,404.900,10.3,0,10,2.6,-1,-1
2024-07-21T12:42:21.000Z,V2910885,7703,45.82955,8.84151,30729.4,5.1,16.8,277.6,-41.1,0.3,-1.0,RS41-SG,404.900,11.8,0,10,2.6,-1,-1
2024-07-21T12:42:22.000Z,V2910885,7704,45.82956,8.84130,30734.7,5.5,17.2,271.9,-41.0,0.3,-1.0,RS41-SG,404.900,11.8,0,10,2.7,-1,-1
2024-07-21T12:42:24.000Z,V2910885,7706,45.82955,8.84087,30744.6,4.2,16.1,262.9,-40.9,0.3,-1.0,RS41-SG,404.900,9.8,0,10,2.7,-1,-1
2024-07-21T12:42:25.000Z,V2910885,7707,45.82953,8.84067,30748.8,4.4,15.0,262.2,-40.8,0.3,-1.0,RS41-SG,404.900,10.3,0,10,2.7,-1,-1
2024-07-21T12:42:29.000Z,V2910885,7711,45.82955,8.83999,30768.4,4.5,13.3,282.8,-40.7,0.3,-1.0,RS41-SG,404.900,10.0,0,10,2.7,-1,-1
2024-07-21T12:42:30.000Z,V2910885,7712,45.82957,8.83982,30772.9,5.0,13.9,282.2,-40.8,0.3,-1.0,RS41-SG,404.900,9.9,0,10,2.7,-1,-1
2024-07-21T12:42:34.000Z,V2910885,7716,45.82962,8.83904,30793.8,4.2,16.6,269.6,-40.7,0.3,-1.0,RS41-SG,404.900,9.6,0,10,2.6,-1,-1
2024-07-21T12:42:36.000Z,V2910885,7718,45.82963,8.83861,30803.9,5.9,17.2,275.9,-40.7,0.3,-1.0,RS41-SG,404.900,9.6,0,10,2.7,-1,-1
2024-07-21T12:42:37.000Z,V2910885,7719,45.82965,8.83839,30809.6,5.8,17.3,281.2,-40.7,0.3,-1.0,RS41-SG,404.900,10.3,0,10,2.7,-1,-1
2024-07-21T12:42:43.000Z,V2910885,7725,45.82982,8.83718,30840.0,4.8,14.2,273.8,-40.8,0.3,-1.0,RS41-SG,404.900,9.6,0,10,2.7,-1,-1
2024-07-21T12:42:44.000Z,V2910885,7726,45.82983,8.83701,30845.0,5.6,13.9,275.6,-40.9,0.3,-1.0,RS41-SG,404.900,9.6,0,10,2.7,-1,-1
2024-07-21T12:42:45.000Z,V2910885,7727,45.82985,8.83683,30850.6,6.0,13.9,280.7,-40.9,0.3,-1.0,RS41-SG,404.900,9.4,0,10,2.7,-1,-1
2024-07-21T12:42:46.000Z,V2910885,7728,45.82987,8.83665,30856.2,5.3,14.3,286.2,-40.8,0.3,-1.0,RS41-SG,404.900,9.4,0,10,2.7,-1,-1
2024-07-21T12:42:47.000Z,V2910885,7729,45.82991,8.83648,30861.1,4.2,14.7,289.4,-40.8,0.3,-1.0,RS41-SG,404.900,9.9,0,10,2.6,-1,-1
2024-07-21T12:42:49.000Z,V2910885,7731,45.83000,8.83612,30870.7,5.6,14.7,288.5,-40.7,0.3,-1.0,RS41-SG,404.900,10.0,0,10,2.6,-1,-1
2024-07-21T12:42:50.000Z,V2910885,7732,45.83004,8.83594,30876.5,6.3,14.5,283.5,-40.7,0.3,-1.0,RS41-SG,404.900,10.2,0,10,2.7,-1,-1
2024-07-21T12:42:51.000Z,V2910885,7733,45.83007,8.83576,30882.1,5.1,14.2,279.0,-40.7,0.3,-1.0,RS41-SG,404.900,10.2,0,10,2.7,-1,-1
2024-07-21T12:42:53.000Z,V2910885,7735,45.83010,8.83541,30892.0,5.2,13.8,276.2,-40.5,0.3,-1.0,RS41-SG,404.900,10.7,0,10,2.7,-1,-1
2024-07-21T12:42:55.000Z,V2910885,7737,45.83014,8.83506,30903.1,4.8,13.5,282.9,-40.3,0.3,-1.0,RS41-SG,404.900,10.7,0,10,2.6,-1,-1
2024-07-21T12:42:56.000Z,V2910885,7738,45.83017,8.83489,30907.6,4.6,13.4,285.8,-40.3,0.3,-1.0,RS41-SG,404.900,11.8,0,10,2.6,-1,-1
2024-07-21T12:42:57.000Z,V2910885,7739,45.83020,8.83473,30912.4,5.2,13.0,286.9,-40.4,0.3,-1.0,RS41-SG,404.900,11.8,0,10,2.7,-1,-1
2024-07-21T12:42:58.000Z,V2910885,7740,45.83023,8.83457,30917.9,6.0,12.6,285.2,-40.4,0.3,-1.0,RS41-SG,404.900,11.1,0,10,2.7,-1,-1
2024-07-21T12:42:59.000Z,V2910885,7741,45.83026,8.83442,30923.5,5.3,12.3,282.5,-40.3,0.3,-1.0,RS41-SG,404.900,11.2,0,10,2.7,-1,-1
2024-07-21T12:43:00.000Z,V2910885,7742,45.83028,8.83427,30928.7,4.7,12.3,282.6,-40.2,0.3,-1.0,RS41-SG,404.900,11.2,0,10,2.7,-1,-1
2024-07-21T12:43:01.000Z,V2910885,7743,45.83031,8.83411,30933.7,5.3,12.7,286.1,-40.1,0.3,-1.0,RS41-SG,404.900,11.0,0,10,2.6,-1,-1
2024-07-21T12:43:02.000Z,V2910885,7744,45.83035,8.83395,30939.3,5.7,13.4,290.7,-40.0,0.3,-1.0,RS41-SG,404.900,11.6,0,10,2.6,-1,-1
2024-07-21T12:43:03.000Z,V2910885,7745,45.83040,8.83379,30944.7,5.2,14.2,295.7,-40.0,0.3,-1.0,RS41-SG,404.900,11.6,0,10,2.6,-1,-1
2024-07-21T12:43:04.000Z,V2910885,7746,45.83046,8.83363,30949.4,4.5,14.6,298.3,-40.1,0.3,-1.0,RS41-SG,404.900,11.6,0,10,2.7,-1,-1
2024-07-21T12:43:05.000Z,V2910885,7747,45.83052,8.83346,30954.1,5.1,14.5,299.0,-40.1,0.3,-1.0,RS41-SG,404.900,11.2,0,10,2.7,-1,-1
2024-07-21T12:43:06.000Z,V2910885,7748,45.83058,8.83330,30959.4,5.4,13.7,296.8,-40.1,0.3,-1.0,RS41-SG,404.900,11.3,0,10,2.7,-1,-1
2024-07-21T12:43:07.000Z,V2910885,7749,45.83063,8.83315,30965.1,5.9,12.5,291.7,-40.1,0.3,-1.0,RS41-SG,404.900,11.3,0,10,2.7,-1,-1
2024-07-21T12:43:08.000Z,V2910885,7750,45.83066,8.83301,30971.0,5.7,11.4,285.7,-40.0,0.3,-1.0,RS41-SG,404.900,11.1,0,10,2.6,-1,-1
2024-07-21T12:43:09.000Z,V2910885,7751,45.83068,8.83287,30976.3,4.5,11.1,280.2,-40.0,0.3,-1.0,RS41-SG,404.900,10.9,0,10,2.6,-1,-1
2024-07-21T12:43:10.000Z,V2910885,7752,45.83070,8.83272,30980.8,4.5,11.2,277.2,-40.0,0.3,-1.0,RS41-SG,404.900,10.8,0,10,2.6,-1,-1
2024-07-21T12:43:14.000Z,V2910885,7756,45.83080,8.83207,31002.1,5.0,15.1,288.0,-40.0,0.3,-1.0,RS41-SG,404.900,9.8,0,10,2.7,-1,-1
2024-07-21T12:43:15.000Z,V2910885,7757,45.83084,8.83189,31007.8,6.0,15.1,288.0,-40.0,0.3,-1.0,RS41-SG,404.900,10.4,0,10,2.6,-1,-1
2024-07-21T12:43:16.000Z,V2910885,7758,45.83088,8.83171,31014.1,6.7,14.4,285.4,-40.0,0.3,-1.0,RS41-SG,404.900,10.4,0,10,2.6,-1,-1
2024-07-21T12:43:17.000Z,V2910885,7759,45.83091,8.83154,31020.3,5.8,13.1,281.7,-40.0,0.3,-1.0,RS41-SG,404.900,12.3,0,10,2.6,-1,-1
2024-07-21T12:43:19.000Z,V2910885,7761,45.83094,8.83123,31029.8,4.9,11.2,275.1,-40.0,0.3,-1.0,RS41-SG,404.900,12.9,0,10,2.7,-1,-1
2024-07-21T12:43:20.000Z,V2910885,7762,45.83095,8.83109,31035.1,5.9,10.6,275.7,-40.0,0.3,-1.0,RS41-SG,404.900,10.3,0,10,2.7,-1,-1
2024-07-21T12:43:21.000Z,V2910885,7763,45.83096,8.83095,31040.9,5.8,10.5,278.2,-40.0,0.3,-1.0,RS41-SG,404.900,11.2,0,10,2.7,-1,-1
2024-07-21T12:43:22.000Z,V2910885,7764,45.83098,8.83082,31046.4,5.1,10.5,281.0,-40.0,0.3,-1.0,RS41-SG,404.900,11.2,0,10,2.6,-1,-1
2024-07-21T12:43:23.000Z,V2910885,7765,45.83100,8.83069,31051.6,5.2,10.3,281.4,-40.0,0.3,-1.0,RS41-SG,404.900,10.0,0,10,2.6,-1,-1
2024-07-21T12:43:24.000Z,V2910885,7766,45.83101,8.83056,31057.5,6.1,10.0,279.2,-40.1,0.3,-1.0,RS41-SG,404.900,11.1,0,10,2.6,-1,-1
2024-07-21T12:43:26.000Z,V2910885,7768,45.83103,8.83030,31068.5,5.0,10.4,271.7,-40.0,0.3,-1.0,RS41-SG,404.900,12.5,0,10,2.7,-1,-1
2024-07-21T12:43:27.000Z,V2910885,7769,45.83103,8.83017,31073.6,5.3,11.2,271.0,-39.9,0.3,-1.0,RS41-SG,404.900,10.9,0,10,2.7,-1,-1
2024-07-21T12:43:28.000Z,V2910885,7770,45.83103,8.83002,31079.2,5.8,12.3,273.7,-39.8,0.3,-1.0,RS41-SG,404.900,10.5,0,10,2.7,-1,-1
2024-07-21T12:43:29.000Z,V2910885,7771,45.83104,8.82985,31085.2,5.9,13.3,275.5,-39.8,0.3,-1.0,RS41-SG,404.900,11.1,0,10,2.6,-1,-1
2024-07-21T12:43:30.000Z,V2910885,7772,45.83106,8.82968,31090.8,5.4,13.7,276.6,-39.8,0.3,-1.0,RS41-SG,404.900,12.1,0,10,2.6,-1,-1
2024-07-21T12:43:31.000Z,V2910885,7773,45.83107,8.82951,31096.5,5.7,13.7,273.8,-39.7,0.3,-1.0,RS41-SG,404.900,12.1,0,10,2.6,-1,-1
2024-07-21T12:43:32.000Z,V2910885,7774,45.83107,8.82933,31102.2,6.2,13.2,268.3,-39.6,0.3,-1.0,RS41-SG,404.900,11.9,0,10,2.7,-1,-1
2024-07-21T12:43:33.000Z,V2910885,7775,45.83106,8.82917,31108.5,6.2,12.7,260.8,-39.6,0.3,-1.0,RS41-SG,404.900,10.4,0,10,2.7,-1,-1
2024-07-21T12:43:34.000Z,V2910885,7776,45.83103,8.82901,31113.8,4.9,12.4,254.8,-39.5,0.3,-1.0,RS41-SG,404.900,11.4,0,10,2.7,-1,-1
2024-07-21T12:43:35.000Z,V2910885,7777,45.83100,8.82886,31118.6,4.8,12.2,251.7,-39.4,0.3,-1.0,RS41-SG,404.900,12.0,0,10,2.7,-1,-1
2024-07-21T12:43:36.000Z,V2910885,7778,45.83097,8.82872,31123.9,5.5,11.8,253.9,-39.4,0.3,-1.0,RS41-SG,404.900,12.0,0,10,2.6,-1,-1
2024-07-21T12:43:37.000Z,V2910885,7779,45.83095,8.82857,31129.9,6.3,11.5,261.2,-39.5,0.3,-1.0,RS41-SG,404.900,10.6,0,10,2.6,-1,-1
2024-07-21T12:43:38.000Z,V2910885,7780,45.83094,8.82842,31136.2,6.0,11.6,271.2,-39.5,0.3,-1.0,RS41-SG,404.900,10.1,0,10,2.6,-1,-1
2024-07-21T12:43:39.000Z,V2910885,7781,45.83095,8.82828,31141.5,5.0,11.7,278.4,-39.4,0.3,-1.0,RS41-SG,404.900,10.1,0,10,2.7,-1,-1
2024-07-21T12:43:40.000Z,V2910885,7782,45.83097,8.82813,31146.4,4.9,11.9,283.4,-39.2,0.3,-1.0,RS41-SG,404.900,9.7,0,10,2.7,-1,-1
2024-07-21T12:43:41.000Z,V2910885,7783,45.83100,8.82798,31151.6,5.8,11.8,283.4,-39.1,0.3,-1.0,RS41-SG,404.900,9.7,0,10,2.7,-1,-1
2024-07-21T12:43:42.000Z,V2910885,7784,45.83102,8.82783,31157.6,6.4,11.4,279.8,-39.1,0.3,-1.0,RS41-SG,404.900,10.6,0,10,2.7,-1,-1
2024-07-21T12:43:43.000Z,V2910885,7785,45.83103,8.82769,31163.5,5.2,10.9,275.1,-39.1,0.3,-1.0,RS41-SG,404.900,10.7,0,10,2.6,-1,-1
2024-07-21T12:43:44.000Z,V2910885,7786,45.83103,8.82756,31168.6,4.9,10.5,271.0,-39.1,0.3,-1.0,RS41-SG,404.900,11.1,0,10,2.6,-1,-1
2024-07-21T12:43:45.000Z,V2910885,7787,45.83104,8.82743,31173.7,5.2,10.1,270.6,-39.1,0.3,-1.0,RS41-SG,404.900,11.1,0,10,2.6,-1,-1
2024-07-21T12:43:48.000Z,V2910885,7790,45.83106,8.82704,31191.1,6.2,10.5,281.3,-38.9,0.3,-1.0,RS41-SG,404.900,9.9,0,10,2.7,-1,-1
2024-07-21T12:43:49.000Z,V2910885,7791,45.83108,8.82690,31196.9,5.3,10.9,282.7,-38.9,0.3,-1.0,RS41-SG,404.900,11.5,0,10,2.7,-1,-1
2024-07-21T12:43:50.000Z,V2910885,7792,45.83110,8.82677,31202.1,4.8,11.1,281.7,-38.8,0.3,-1.0,RS41-SG,404.900,11.5,0,10,2.6,-1,-1
2024-07-21T12:43:51.000Z,V2910885,7793,45.83112,8.82662,31207.3,5.3,11.5,276.1,-38.9,0.3,-1.0,RS41-SG,404.900,11.4,0,10,2.6,-1,-1
2024-07-21T12:43:52.000Z,V2910885,7794,45.83112,8.82648,31213.2,6.2,11.7,269.3,-38.9,0.3,-1.0,RS41-SG,404.900,11.4,0,10,2.6,-1,-1
2024-07-21T12:43:53.000Z,V2910885,7795,45.83112,8.82633,31219.1,5.7,11.9,262.1,-38.9,0.3,-1.0,RS41-SG,404.900,10.1,0,10,2.7,-1,-1
2024-07-21T12:43:54.000Z,V2910885,7796,45.83110,8.82618,31224.2,4.9,11.9,257.7,-38.9,0.3,-1.0,RS41-SG,404.900,10.1,0,10,2.7,-1,-1
2024-07-21T12:43:56.000Z,V2910885,7798,45.83106,8.82589,31234.9,6.0,10.9,263.9,-38.8,0.3,-1.0,RS41-SG,404.900,10.2,0,10,2.7,-1,-1
2024-07-21T12:43:57.000Z,V2910885,7799,45.83106,8.82575,31241.2,6.0,10.4,274.9,-38.9,0.3,-1.0,RS41-SG,404.900,9.8,0,10,2.6,-1,-1
2024-07-21T12:43:58.000Z,V2910885,7800,45.83107,8.82562,31246.8,4.9,10.4,283.5,-39.0,0.3,-1.0,RS41-SG,404.900,10.3,0,10,2.6,-1,-1
2024-07-21T12:43:59.000Z,V2910885,7801,45.83110,8.82549,31251.6,4.9,10.5,289.2,-38.9,0.3,-1.0,RS41-SG,404.900,10.3,0,10,2.6,-1,-1
2024-07-21T12:44:00.000Z,V2910885,7802,45.83113,8.82537,31257.0,5.9,10.7,287.9,-38.8,0.3,-1.0,RS41-SG,404.900,10.7,0,10,2.7,-1,-1
2024-07-21T12:44:01.000Z,V2910885,7803,45.83115,8.82523,31263.3,7.0,10.8,280.8,-38.7,0.3,-1.0,RS41-SG,404.900,11.5,0,10,2.7,-1,-1
2024-07-21T12:44:02.000Z,V2910885,7804,45.83116,8.82509,31269.9,6.1,11.1,271.2,-38.6,0.3,-1.0,RS41-SG,404.900,11.5,0,10,2.7,-1,-1
2024-07-21T12:44:03.000Z,V2910885,7805,45.83116,8.82495,31275.1,4.4,11.6,264.2,-38.6,0.3,-1.0,RS41-SG,404.900,10.7,0,10,2.7,-1,-1
2024-07-21T12:44:05.000Z,V2910885,7807,45.83112,8.82465,31284.0,4.9,11.9,256.3,-38.6,0.3,-1.0,RS41-SG,404.900,10.7,0,10,2.6,-1,-1
2024-07-21T12:44:06.000Z,V2910885,7808,45.83110,8.82451,31289.8,6.2,11.3,258.9,-38.5,0.3,-1.0,RS41-SG,404.900,10.7,0,10,2.6,-1,-1
2024-07-21T12:44:07.000Z,V2910885,7809,45.83108,8.82437,31296.0,6.4,10.7,262.9,-38.5,0.3,-1.0,RS41-SG,404.900,10.7,0,10,2.7,-1,-1
2024-07-21T12:44:09.000Z,V2910885,7811,45.83107,8.82411,31307.2,5.2,9.9,267.6,-38.4,0.2,-1.0,RS41-SG,404.900,11.1,0,10,2.7,-1,-1
2024-07-21T12:44:10.000Z,V2910885,7812,45.83107,8.82398,31312.6,5.3,9.8,266.2,-38.3,0.3,-1.0,RS41-SG,404.900,11.0,0,10,2.7,-1,-1
2024-07-21T12:44:11.000Z,V2910885,7813,45.83106,8.82385,31318.5,6.1,10.3,262.4,-38.2,0.3,-1.0,RS41-SG,404.900,11.0,0,10,2.6,-1,-1
2024-07-21T12:44:12.000Z,V2910885,7814,45.83104,8.82372,31324.8,6.3,11.1,259.4,-38.2,0.2,-1.0,RS41-SG,404.900,11.0,0,10,2.6,-1,-1
2024-07-21T12:44:13.000Z,V2910885,7815,45.83102,8.82357,31330.7,5.3,12.1,258.7,-38.1,0.2,-1.0,RS41-SG,404.900,11.0,0,10,2.6,-1,-1
2024-07-21T12:44:14.000Z,V2910885,7816,45.83100,8.82341,31335.8,5.1,13.0,261.4,-38.1,0.3,-1.0,RS41-SG,404.900,9.8,0,10,2.7,-1,-1
2024-07-21T12:44:15.000Z,V2910885,7817,45.83099,8.82324,31341.0,5.5,13.7,266.6,-38.1,0.3,-1.0,RS41-SG,404.900,10.8,0,10,2.7,-1,-1
2024-07-21T12:44:17.000Z,V2910885,7819,45.83100,8.82288,31352.5,5.6,14.4,278.2,-38.1,0.2,-1.0,RS41-SG,404.900,10.6,0,10,2.7,-1,-1
2024-07-21T12:44:18.000Z,V2910885,7820,45.83102,8.82270,31357.8,5.1,14.3,281.0,-38.1,0.3,-1.0,RS41-SG,404.900,10.6,0,10,2.6,-1,-1
2024-07-21T12:44:19.000Z,V2910885,7821,45.83105,8.82252,31363.2,5.6,14.0,279.1,-38.2,0.3,-1.0,RS41-SG,404.900,11.1,0,10,2.6,-1,-1
2024-07-21T12:44:20.000Z,V2910885,7822,45.83106,8.82235,31369.2,6.4,13.4,273.3,-38.2,0.3,-1.0,RS41-SG,404.900,11.1,0,10,2.6,-1,-1
2024-07-21T12:44:21.000Z,V2910885,7823,45.83106,8.82218,31375.3,5.8,13.1,266.1,-38.2,0.3,-1.0,RS41-SG,404.900,9.7,0,10,2.7,-1,-1
2024-07-21T12:44:23.000Z,V2910885,7825,45.83102,8.82185,31385.7,5.4,12.8,257.2,-38.1,0.3,-1.0,RS41-SG,404.900,10.1,0,10,2.7,-1,-1
2024-07-21T12:44:24.000Z,V2910885,7826,45.83100,8.82169,31391.5,6.1,12.7,258.5,-38.1,0.2,-1.0,RS41-SG,404.900,9.5,0,10,2.7,-1,-1
2024-07-21T12:44:25.000Z,V2910885,7827,45.83098,8.82153,31397.9,6.3,12.4,264.2,-38.0,0.3,-1.0,RS41-SG,404.900,9.8,0,10,2.6,-1,-1
2024-07-21T12:44:27.000Z,V2910885,7829,45.83098,8.82121,31409.3,5.4,12.9,273.2,-37.9,0.3,-1.0,RS41-SG,404.900,10.6,0,10,2.6,-1,-1
2024-07-21T12:44:30.000Z,V2910885,7832,45.83099,8.82067,31426.7,5.4,14.9,270.5,-38.0,0.2,-1.0,RS41-SG,404.900,11.0,0,10,2.7,-1,-1
2024-07-21T12:44:34.000Z,V2910885,7836,45.83100,8.81990,31449.5,5.1,14.5,273.9,-37.7,0.2,-1.0,RS41-SG,404.900,11.4,0,10,2.6,-1,-1
2024-07-21T12:44:37.000Z,V2910885,7839,45.83101,8.81934,31466.3,5.7,15.3,266.5,-37.8,0.2,-1.0,RS41-SG,404.900,9.9,0,10,2.7,-1,-1
2024-07-21T12:44:38.000Z,V2910885,7840,45.83100,8.81914,31471.9,5.3,16.2,264.9,-37.8,0.3,-1.0,RS41-SG,404.900,9.9,0,10,2.7,-1,-1
2024-07-21T12:44:39.000Z,V2910885,7841,45.83099,8.81893,31477.3,5.3,17.1,264.9,-37.7,0.2,-1.0,RS41-SG,404.900,9.5,0,10,2.6,-1,-1
2024-07-21T12:44:41.000Z,V2910885,7843,45.83098,8.81847,31488.7,5.8,18.2,271.6,-37.6,0.2,-1.0,RS41-SG,404.900,9.7,0,10,2.6,-1,-1
2024-07-21T12:44:43.000Z,V2910885,7845,45.83100,8.81801,31499.9,5.6,17.3,278.0,-37.5,0.2,-1.0,RS41-SG,404.900,9.9,0,10,2.7,-1,-1
2024-07-21T12:44:44.000Z,V2910885,7846,45.83102,8.81780,31505.1,5.3,16.1,278.1,-37.5,0.2,-1.0,RS41-SG,404.900,9.4,0,10,2.7,-1,-1
2024-07-21T12:44:45.000Z,V2910885,7847,45.83104,8.81761,31510.5,5.3,14.4,274.9,-37.5,0.3,-1.0,RS41-SG,404.900,10.6,0,10,2.7,-1,-1
2024-07-21T12:44:47.000Z,V2910885,7849,45.83103,8.81727,31521.6,5.6,13.0,260.9,-37.7,0.3,-1.0,RS41-SG,404.900,9.4,0,10,2.6,-1,-1
2024-07-21T12:44:48.000Z,V2910885,7850,45.83101,8.81710,31527.2,5.5,13.7,256.7,-37.7,0.2,-1.0,RS41-SG,404.900,9.4,0,10,2.6,-1,-1
2024-07-21T12:44:49.000Z,V2910885,7851,45.83098,8.81692,31532.7,5.7,15.2,257.3,-37.7,0.3,-1.0,RS41-SG,404.900,9.7,0,10,2.7,-1,-1
2024-07-21T12:44:50.000Z,V2910885,7852,45.83095,8.81672,31538.4,6.1,16.9,262.6,-37.6,0.2,-1.0,RS41-SG,404.900,9.7,0,10,2.7,-1,-1
2024-07-21T12:44:51.000Z,V2910885,7853,45.83094,8.81649,31544.3,5.8,18.5,269.8,-37.6,0.3,-1.0,RS41-SG,404.900,9.7,0,10,2.7,-1,-1
2024-07-21T12:44:52.000Z,V2910885,7854,45.83095,8.81625,31549.5,4.8,19.7,276.3,-37.5,0.3,-1.0,RS41-SG,404.900,9.6,0,10,2.7,-1,-1
2024-07-21T12:44:53.000Z,V2910885,7855,45.83098,8.81599,31554.2,4.4,20.2,282.4,-37.6,0.3,-1.0,RS41-SG,404.900,9.9,0,10,2.6,-1,-1
2024-07-21T12:44:54.000Z,V2910885,7856,45.83103,8.81575,31558.9,4.9,19.6,287.1,-37.6,0.3,-1.0,RS41-SG,404.900,10.2,0,10,2.6,-1,-1
2024-07-21T12:44:55.000Z,V2910885,7857,45.83108,8.81552,31564.2,5.8,17.6,290.0,-37.6,0.3,-1.0,RS41-SG,404.900,11.1,0,10,2.6,-1,-1
2024-07-21T12:44:56.000Z,V2910885,7858,45.83113,8.81533,31570.1,6.3,15.0,290.8,-37.5,0.2,-1.0,RS41-SG,404.900,11.1,0,10,2.7,-1,-1
2024-07-21T12:44:57.000Z,V2910885,7859,45.83117,8.81516,31576.0,5.4,12.6,288.6,-37.5,0.2,-1.0,RS41-SG,404.900,10.5,0,10,2.7,-1,-1
2024-07-21T12:44:58.000Z,V2910885,7860,45.83120,8.81502,31580.6,4.2,10.7,282.7,-37.5,0.2,-1.0,RS41-SG,404.900,10.6,0,10,2.7,-1,-1
2024-07-21T12:44:59.000Z,V2910885,7861,45.83122,8.81489,31584.7,4.1,10.0,277.6,-37.4,0.2,-1.0,RS41-SG,404.900,10.6,0,10,2.7,-1,-1
2024-07-21T12:45:00.000Z,V2910885,7862,45.83122,8.81476,31589.9,5.8,10.5,273.3,-37.4,0.3,-1.0,RS41-SG,404.900,9.8,0,10,2.6,-1,-1
2024-07-21T12:45:01.000Z,V2910885,7863,45.83123,8.81461,31596.4,6.9,12.1,274.4,-37.3,0.3,-1.0,RS41-SG,404.900,9.5,0,10,2.6,-1,-1
2024-07-21T12:45:02.000Z,V2910885,7864,45.83124,8.81445,31602.8,5.8,14.0,275.6,-37.2,0.2,-1.0,RS41-SG,404.900,10.4,0,10,2.6,-1,-1
2024-07-21T12:45:03.000Z,V2910885,7865,45.83126,8.81426,31607.9,4.8,16.0,276.8,-37.1,0.2,-1.0,RS41-SG,404.900,10.5,0,10,2.7,-1,-1
2024-07-21T12:45:04.000Z,V2910885,7866,45.83127,8.81404,31612.5,4.6,17.8,276.3,-37.0,0.2,-1.0,RS41-SG,404.900,11.2,0,10,2.7,-1,-1
2024-07-21T12:45:05.000Z,V2910885,7867,45.83129,8.81381,31617.5,5.4,19.1,275.7,-36.9,0.2,-1.0,RS41-SG,404.900,11.2,0,10,2.7,-1,-1
2024-07-21T12:45:07.000Z,V2910885,7869,45.83132,8.81331,31629.3,5.6,19.3,274.1,-36.9,0.2,-1.0,RS41-SG,404.900,10.0,0,10,2.6,-1,-1
2024-07-21T12:45:08.000Z,V2910885,7870,45.83133,8.81307,31634.9,5.4,18.7,275.3,-36.9,0.2,-1.0,RS41-SG,404.900,10.0,0,10,2.6,-1,-1
2024-07-21T12:45:10.000Z,V2910885,7872,45.83138,8.81262,31646.2,6.2,16.9,284.0,-36.9,0.2,-1.0,RS41-SG,404.900,11.3,0,10,2.7,-1,-1
2024-07-21T12:45:11.000Z,V2910885,7873,45.83143,8.81241,31652.1,6.1,16.2,289.3,-37.0,0.2,-1.0,RS41-SG,404.900,11.3,0,10,2.7,-1,-1
2024-07-21T12:45:12.000Z,V2910885,7874,45.83148,8.81222,31657.7,4.8,15.6,291.9,-37.1,0.2,-1.0,RS41-SG,404.900,10.4,-187,10,2.7,-1,-1
2024-07-21T12:45:13.000Z,V2910885,7875,45.83153,8.81204,31662.8,5.5,14.5,291.3,-37.1,0.2,-1.0,RS41-SG,404.900,10.4,0,10,2.7,-1,-1
2024-07-21T12:45:14.000Z,V2910885,7876,45.83157,8.81188,31668.8,6.4,13.2,286.4,-37.1,0.2,-1.0,RS41-SG,404.900,10.4,0,10,2.6,-1,-1
2024-07-21T12:45:17.000Z,V2910885,7879,45.83159,8.81140,31685.0,5.0,13.0,265.1,-37.0,0.2,-1.0,RS41-SG,404.900,9.8,0,10,2.7,-1,-1
2024-07-21T12:45:20.000Z,V2910885,7882,45.83157,8.81082,31702.0,5.3,17.0,272.0,-36.9,0.2,-1.0,RS41-SG,404.900,8.7,0,10,2.7,-1,-1
2024-07-21T12:45:21.000Z,V2910885,7883,45.83158,8.81060,31707.1,4.4,17.5,275.1,-36.9,0.2,-1.0,RS41-SG,404.900,8.9,0,10,2.6,-1,-1
2024-07-21T12:45:22.000Z,V2910885,7884,45.83160,8.81038,31711.6,4.7,17.4,277.3,-36.9,0.2,-1.0,RS41-SG,404.900,8.9,0,10,2.6,-1,-1
2024-07-21T12:45:23.000Z,V2910885,7885,45.83162,8.81016,31716.8,5.5,16.7,277.9,-36.9,0.2,-1.0,RS41-SG,404.900,10.2,0,10,2.6,-1,-1
2024-07-21T12:45:25.000Z,V2910885,7887,45.83165,8.80977,31728.6,5.6,14.3,275.6,-37.0,0.2,-1.0,RS41-SG,404.900,9.3,0,10,2.7,-1,-1
2024-07-21T12:45:26.000Z,V2910885,7888,45.83166,8.80960,31733.6,4.5,13.6,273.7,-37.1,0.2,-1.0,RS41-SG,404.900,10.3,0,10,2.7,-1,-1
2024-07-21T12:45:27.000Z,V2910885,7889,45.83167,8.80942,31738.2,4.7,13.2,272.9,-37.1,0.3,-1.0,RS41-SG,404.900,10.3,0,10,2.7,-1,-1
2024-07-21T12:45:30.000Z,V2910885,7892,45.83170,8.80889,31754.8,5.6,15.2,275.4,-37.0,0.2,-1.0,RS41-SG,404.900,9.6,0,10,2.6,-1,-1
2024-07-21T12:45:31.000Z,V2910885,7893,45.83171,8.80869,31760.2,5.3,15.7,274.2,-37.0,0.2,-1.0,RS41-SG,404.900,9.6,0,10,2.7,-1,-1
2024-07-21T12:45:32.000Z,V2910885,7894,45.83172,8.80849,31765.5,5.8,15.9,271.1,-37.0,0.3,-1.0,RS41-SG,404.900,9.6,0,10,2.7,-1,-1
2024-07-21T12:45:33.000Z,V2910885,7895,45.83171,8.80829,31771.3,6.2,15.6,265.9,-37.0,0.2,-1.0,RS41-SG,404.900,9.7,0,10,2.7,-1,-1
2024-07-21T12:45:34.000Z,V2910885,7896,45.83170,8.80809,31777.3,5.4,15.2,260.8,-36.9,0.2,-1.0,RS41-SG,404.900,10.1,0,10,2.7,-1,-1
2024-07-21T12:45:36.000Z,V2910885,7898,45.83164,8.80772,31787.2,5.2,14.6,257.3,-36.9,0.2,-1.0,RS41-SG,404.900,8.6,0,10,2.6,-1,-1
2024-07-21T12:45:37.000Z,V2910885,7899,45.83162,8.80753,31792.9,6.1,14.8,260.8,-36.8,0.2,-1.0,RS41-SG,404.900,8.6,0,10,2.6,-1,-1
2024-07-21T12:45:38.000Z,V2910885,7900,45.83160,8.80734,31798.8,6.1,15.3,266.1,-36.7,0.2,-1.0,RS41-SG,404.900,9.7,0,10,2.7,-1,-1
2024-07-21T12:45:39.000Z,V2910885,7901,45.83160,8.80714,31804.1,4.8,15.9,270.5,-36.6,0.2,-1.0,RS41-SG,404.900,10.9,0,10,2.7,-1,-1
2024-07-21T12:45:41.000Z,V2910885,7903,45.83161,8.80673,31813.6,5.2,16.3,272.2,-36.6,0.2,-1.0,RS41-SG,404.900,10.1,0,10,2.7,-1,-1
2024-07-21T12:45:42.000Z,V2910885,7904,45.83161,8.80652,31819.1,5.6,15.8,268.6,-36.6,0.2,-1.0,RS41-SG,404.900,9.8,0,10,2.6,-1,-1
2024-07-21T12:45:43.000Z,V2910885,7905,45.83160,8.80632,31824.9,5.9,15.3,264.6,-36.5,0.2,-1.0,RS41-SG,404.900,9.4,0,10,2.6,-1,-1
2024-07-21T12:45:44.000Z,V2910885,7906,45.83158,8.80613,31830.5,5.3,15.0,260.0,-36.4,0.2,-1.0,RS41-SG,404.900,9.5,0,10,2.6,-1,-1
2024-07-21T12:45:45.000Z,V2910885,7907,45.83156,8.80594,31835.4,4.7,14.9,258.0,-36.3,0.2,-1.0,RS41-SG,404.900,9.5,0,10,2.7,-1,-1
2024-07-21T12:45:47.000Z,V2910885,7909,45.83150,8.80556,31845.1,5.2,16.0,260.2,-36.2,0.2,-1.0,RS41-SG,404.900,9.1,0,10,2.7,-1,-1
2024-07-21T12:45:49.000Z,V2910885,7911,45.83147,8.80513,31855.7,5.3,17.7,268.6,-36.1,0.2,-1.0,RS41-SG,404.900,7.9,0,10,2.6,-1,-1
2024-07-21T12:45:51.000Z,V2910885,7913,45.83148,8.80466,31866.5,5.1,18.6,273.5,-36.1,0.2,-1.0,RS41-SG,404.900,9.8,0,10,2.6,-1,-1
2024-07-21T12:45:52.000Z,V2910885,7914,45.83149,8.80443,31871.7,5.4,18.1,272.5,-36.1,0.2,-1.0,RS41-SG,404.900,9.8,0,10,2.7,-1,-1
2024-07-21T12:45:55.000Z,V2910885,7917,45.83147,8.80381,31887.7,4.9,13.9,258.3,-36.1,0.2,-1.0,RS41-SG,404.900,9.5,0,10,2.7,-1,-1
2024-07-21T12:45:57.000Z,V2910885,7919,45.83141,8.80350,31897.6,5.0,11.4,254.0,-36.1,0.2,-1.0,RS41-SG,404.900,9.4,0,10,2.6,-1,-1
2024-07-21T12:46:01.000Z,V2910885,7923,45.83144,8.80288,31919.2,4.9,16.4,288.3,-35.6,0.2,-1.0,RS41-SG,404.900,9.0,0,10,2.7,-1,-1
2024-07-21T12:46:02.000Z,V2910885,7924,45.83149,8.80266,31923.9,4.6,19.3,289.8,-35.4,0.2,-1.0,RS41-SG,404.900,9.0,0,10,2.7,-1,-1
2024-07-21T12:46:03.000Z,V2910885,7925,45.83155,8.80241,31928.4,4.1,21.3,288.4,-35.4,0.2,-1.0,RS41-SG,404.900,9.2,0,10,2.6,-1,-1
2024-07-21T12:46:06.000Z,V2910885,7928,45.83165,8.80162,31944.5,6.2,19.4,269.2,-35.3,0.2,-1.0,RS41-SG,404.900,9.6,0,10,2.7,-1,-1
2024-07-21T12:46:13.000Z,V2910885,7935,45.83159,8.80058,31979.8,5.1,11.9,302.7,-35.2,0.2,-1.0,RS41-SG,404.900,9.5,-187,10,2.7,-1,-1
2024-07-21T12:46:14.000Z,V2910885,7936,45.83165,8.80043,31984.3,3.9,14.7,301.6,-35.3,0.2,-1.0,RS41-SG,404.900,9.5,0,10,2.7,-1,-1
2024-07-21T12:46:23.000Z,V2910885,7945,45.83181,8.79862,32029.0,5.7,10.2,279.8,-35.1,0.2,-1.0,RS41-SG,404.900,9.5,-187,9,2.6,-1,-1
2024-07-21T12:46:24.000Z,V2910885,7946,45.83184,8.79849,32034.1,4.7,10.4,294.8,-35.2,0.2,-1.0,RS41-SG,404.900,10.2,-187,10,2.6,-1,-1
2024-07-21T12:46:25.000Z,V2910885,7947,45.83189,8.79837,32038.4,4.2,11.9,305.3,-35.4,0.2,-1.0,RS41-SG,404.900,10.2,0,10,2.7,-1,-1
2024-07-21T12:46:26.000Z,V2910885,7948,45.83196,8.79824,32042.8,4.8,13.5,307.1,-35.5,0.2,-1.0,RS41-SG,404.900,10.0,0,10,2.7,-1,-1
2024-07-21T12:46:27.000Z,V2910885,7949,45.83203,8.79809,32047.9,5.6,14.7,303.9,-35.5,0.2,-1.0,RS41-SG,404.900,10.0,0,10,2.7,-1,-1
2024-07-21T12:46:28.000Z,V2910885,7950,45.83210,8.79792,32053.6,5.8,15.5,296.5,-35.5,0.2,-1.0,RS41-SG,404.900,11.0,0,10,2.7,-1,-1
2024-07-21T12:46:30.000Z,V2910885,7952,45.83219,8.79754,32064.2,4.1,16.2,282.7,-35.5,0.2,-1.0,RS41-SG,404.900,9.7,0,10,2.6,-1,-1
2024-07-21T12:46:32.000Z,V2910885,7954,45.83224,8.79714,32072.1,4.6,15.7,277.2,-35.4,0.2,-1.0,RS41-SG,404.900,10.4,0,10,2.7,-1,-1
2024-07-21T12:46:33.000Z,V2910885,7955,45.83226,8.79694,32077.0,5.4,14.8,279.5,-35.4,0.2,-1.0,RS41-SG,404.900,10.4,0,10,2.7,-1,-1
2024-07-21T12:46:34.000Z,V2910885,7956,45.83228,8.79676,32082.6,5.8,14.1,286.2,-35.4,0.2,-1.0,RS41-SG,404.900,8.3,0,10,2.7,-1,-1
2024-07-21T12:46:35.000Z,V2910885,7957,45.83233,8.79660,32088.1,5.1,13.9,292.9,-35.3,0.2,-1.0,RS41-SG,404.900,8.8,0,10,2.7,-1,-1
2024-07-21T12:46:38.000Z,V2910885,7960,45.83251,8.79611,32102.5,5.3,14.3,300.6,-35.3,0.2,-1.0,RS41-SG,404.900,9.4,0,10,2.6,-1,-1
2024-07-21T12:46:40.000Z,V2910885,7962,45.83263,8.79580,32113.1,5.1,13.2,295.1,-35.4,0.2,-1.0,RS41-SG,404.900,9.5,0,10,2.7,-1,-1
2024-07-21T12:46:44.000Z,V2910885,7966,45.83282,8.79522,32132.3,5.4,12.9,302.5,-35.4,0.2,-1.0,RS41-SG,404.900,10.1,0,10,2.6,-1,-1
2024-07-21T12:46:46.000Z,V2910885,7968,45.83296,8.79494,32142.7,4.9,13.6,309.2,-35.6,0.2,-1.0,RS41-SG,404.900,10.8,-187,10,2.7,-1,-1
2024-07-21T12:46:47.000Z,V2910885,7969,45.83304,8.79481,32147.6,5.0,13.3,309.6,-35.6,0.2,-1.0,RS41-SG,404.900,9.6,-187,10,2.7,-1,-1
2024-07-21T12:46:48.000Z,V2910885,7970,45.83311,8.79468,32152.6,5.3,12.5,308.7,-35.7,0.2,-1.0,RS41-SG,404.900,9.6,-187,10,2.6,-1,-1
2024-07-21T12:46:49.000Z,V2910885,7971,45.83318,8.79456,32158.1,5.5,11.4,305.1,-35.8,0.2,-1.0,RS41-SG,404.900,9.6,0,10,2.6,-1,-1
2024-07-21T12:46:50.000Z,V2910885,7972,45.83323,8.79444,32163.5,5.6,10.4,299.3,-35.9,0.2,-1.0,RS41-SG,404.900,9.6,0,10,2.6,-1,-1
2024-07-21T12:46:51.000Z,V2910885,7973,45.83327,8.79432,32168.8,5.5,9.8,294.4,-35.8,0.2,-1.0,RS41-SG,404.900,8.2,0,10,2.7,-1,-1
2024-07-21T12:46:53.000Z,V2910885,7975,45.83334,8.79409,32179.6,5.6,10.2,294.0,-35.7,0.2,-1.0,RS41-SG,404.900,9.1,-187,10,2.7,-1,-1
2024-07-21T12:46:54.000Z,V2910885,7976,45.83338,8.79397,32184.8,4.9,11.4,298.1,-35.7,0.2,-1.0,RS41-SG,404.900,9.1,-187,10,2.7,-1,-1
2024-07-21T12:46:55.000Z,V2910885,7977,45.83344,8.79383,32189.7,4.6,13.3,301.5,-35.6,0.2,-1.0,RS41-SG,404.900,8.2,0,10,2.6,-1,-1
2024-07-21T12:46:56.000Z,V2910885,7978,45.83351,8.79367,32194.3,4.3,15.5,302.5,-35.6,0.2,-1.0,RS41-SG,404.900,9.6,0,10,2.6,-1,-1
2024-07-21T12:46:57.000Z,V2910885,7979,45.83358,8.79350,32198.7,4.7,17.3,302.4,-35.7,0.2,-1.0,RS41-SG,404.900,9.6,0,10,2.6,-1,-1
2024-07-21T12:46:59.000Z,V2910885,7981,45.83374,8.79310,32208.6,5.7,17.8,296.9,-35.8,0.2,-1.0,RS41-SG,404.900,9.6,0,10,2.7,-1,-1
2024-07-21T12:47:00.000Z,V2910885,7982,45.83380,8.79290,32214.4,5.9,16.1,291.5,-35.8,0.2,-1.0,RS41-SG,404.900,9.0,0,10,2.7,-1,-1
2024-07-21T12:47:02.000Z,V2910885,7984,45.83387,8.79257,32226.0,5.4,11.0,277.0,-35.7,0.2,-1.0,RS41-SG,404.900,7.9,-187,10,2.6,-1,-1
2024-07-21T12:47:03.000Z,V2910885,7985,45.83388,8.79244,32231.0,4.3,8.8,269.7,-35.7,0.2,-1.0,RS41-SG,404.900,7.5,-187,10,2.6,-1,-1
2024-07-21T12:47:04.000Z,V2910885,7986,45.83387,8.79234,32235.0,3.7,7.2,267.7,-35.6,0.2,-1.0,RS41-SG,404.900,7.6,-187,10,2.7,-1,-1
2024-07-21T12:47:06.000Z,V2910885,7988,45.83389,8.79217,32244.5,6.3,7.4,292.6,-35.6,0.2,-1.0,RS41-SG,404.900,8.1,-187,10,2.7,-1,-1
2024-07-21T12:47:07.000Z,V2910885,7989,45.83393,8.79207,32250.7,6.0,9.7,300.3,-35.5,0.2,-1.0,RS41-SG,404.900,7.7,-187,10,2.6,-1,-1
2024-07-21T12:47:08.000Z,V2910885,7990,45.83398,8.79195,32256.0,4.7,12.2,301.6,-35.5,0.2,-1.0,RS41-SG,404.900,8.6,-187,10,2.6,-1,-1
2024-07-21T12:47:09.000Z,V2910885,7991,45.83404,8.79180,32260.5,4.7,14.5,300.2,-35.4,0.2,-1.0,RS41-SG,404.900,9.6,0,10,2.6,-1,-1
2024-07-21T12:47:10.000Z,V2910885,7992,45.83410,8.79163,32265.4,5.2,15.9,294.7,-35.4,0.2,-1.0,RS41-SG,404.900,9.6,0,10,2.7,-1,-1
2024-07-21T12:47:11.000Z,V2910885,7993,45.83415,8.79143,32270.8,6.1,16.3,287.2,-35.4,0.2,-1.0,RS41-SG,404.900,8.9,0,10,2.7,-1,-1
2024-07-21T12:47:12.000Z,V2910885,7994,45.83418,8.79123,32276.8,6.2,15.9,277.4,-35.4,0.2,-1.0,RS41-SG,404.900,9.1,0,10,2.7,-1,-1
2024-07-21T12:47:14.000Z,V2910885,7996,45.83418,8.79084,32287.4,4.1,14.9,260.1,-35.4,0.2,-1.0,RS41-SG,404.900,9.4,0,10,2.6,-1,-1
2024-07-21T12:47:15.000Z,V2910885,7997,45.83415,8.79066,32291.4,3.7,14.0,255.2,-35.3,0.2,-1.0,RS41-SG,404.900,9.4,0,10,2.6,-1,-1
2024-07-21T12:47:20.000Z,V2910885,8002,45.83411,8.78991,32317.4,4.5,11.4,285.4,-34.9,0.2,-1.0,RS41-SG,404.900,8.5,0,10,2.6,-1,-1
2024-07-21T12:47:21.000Z,V2910885,8003,45.83414,8.78977,32322.2,5.3,11.4,288.0,-34.7,0.2,-1.0,RS41-SG,404.900,8.5,0,10,2.6,-1,-1
2024-07-21T12:47:22.000Z,V2910885,8004,45.83417,8.78963,32327.9,6.6,11.2,285.2,-34.7,0.2,-1.0,RS41-SG,404.900,7.7,0,10,2.7,-1,-1
2024-07-21T12:47:23.000Z,V2910885,8005,45.83419,8.78949,32334.4,6.4,11.0,280.2,-34.7,0.2,-1.0,RS41-SG,404.900,8.1,0,10,2.7,-1,-1
2024-07-21T12:47:27.000Z,V2910885,8009,45.83419,8.78885,32355.2,5.7,15.1,264.3,-34.7,0.2,-1.0,RS41-SG,404.900,8.3,0,10,2.6,-1,-1
2024-07-21T12:47:28.000Z,V2910885,8010,45.83417,8.78865,32361.0,5.9,16.2,264.4,-34.8,0.2,-1.0,RS41-SG,404.900,8.6,0,10,2.7,-1,-1
2024-07-21T12:47:37.000Z,V2910885,8019,45.83398,8.78706,32411.5,5.7,11.2,275.5,-34.8,0.2,-1.0,RS41-SG,404.900,8.7,0,10,2.7,-1,-1
2024-07-21T12:47:38.000Z,V2910885,8020,45.83399,8.78692,32416.8,4.8,12.0,279.0,-34.7,0.2,-1.0,RS41-SG,404.900,8.7,0,10,2.6,-1,-1
2024-07-21T12:48:00.000Z,V2910885,8042,45.83393,8.78241,32540.5,6.6,20.3,267.3,-34.7,0.2,-1.0,RS41-SG,404.900,7.9,0,10,2.7,-1,-1
2024-07-21T12:48:01.000Z,V2910885,8043,45.83392,8.78216,32546.7,5.8,19.1,263.5,-34.7,0.2,-1.0,RS41-SG,404.900,8.9,0,10,2.7,-1,-1
2024-07-21T12:48:02.000Z,V2910885,8044,45.83390,8.78192,32552.1,4.9,18.1,260.5,-34.7,0.1,-1.0,RS41-SG,404.900,8.9,0,10,2.6,-1,-1
2024-07-21T12:48:08.000Z,V2910885,8050,45.83385,8.78061,32586.4,5.4,18.5,276.1,-34.7,0.2,-1.0,RS41-SG,404.900,8.4,0,10,2.6,-1,-1
2024-07-21T12:48:09.000Z,V2910885,8051,45.83386,8.78037,32592.2,6.1,18.9,275.2,-34.6,0.2,-1.0,RS41-SG,404.900,9.5,0,10,2.6,-1,-1
2024-07-21T12:48:12.000Z,V2910885,8054,45.83386,8.77963,32611.4,5.5,19.4,263.8,-34.7,0.2,-1.0,RS41-SG,404.900,7.7,0,10,2.7,-1,-1
2024-07-21T12:48:19.000Z,V2910885,8061,45.83377,8.77774,32652.4,5.8,20.5,271.7,-34.4,0.2,-1.0,RS41-SG,404.900,8.8,0,10,2.6,-1,-1
2024-07-21T12:48:24.000Z,V2910885,8066,45.83375,8.77661,32682.8,6.9,17.8,267.6,-34.1,0.2,-1.0,RS41-SG,404.900,7.5,0,10,2.6,-1,-1
2024-07-21T12:48:31.000Z,V2910885,8073,45.83374,8.77462,32726.7,5.7,21.4,266.2,-34.0,0.1,-1.0,RS41-SG,404.900,8.1,0,10,2.6,-1,-1
2024-07-21T12:48:38.000Z,V2910885,8080,45.83373,8.77289,32769.0,5.6,19.3,276.5,-34.0,0.1,-1.0,RS41-SG,404.900,8.9,0,10,2.7,-1,-1
2024-07-21T12:48:43.000Z,V2910885,8085,45.83381,8.77173,32800.6,6.0,18.0,274.2,-33.8,0.2,-1.0,RS41-SG,404.900,10.1,0,10,2.6,-1,-1
2024-07-21T12:48:46.000Z,V2910885,8088,45.83386,8.77097,32819.1,6.5,21.9,276.5,-33.8,0.1,-1.0,RS41-SG,404.900,8.6,0,10,2.7,-1,-1
2024-07-21T12:48:50.000Z,V2910885,8092,45.83395,8.76981,32846.0,6.8,21.6,274.4,-33.9,0.1,-1.0,RS41-SG,404.900,9.4,0,10,2.7,-1,-1
2024-07-21T12:48:52.000Z,V2910885,8094,45.83396,8.76931,32858.9,6.2,17.1,268.0,-33.8,0.1,-1.0,RS41-SG,404.900,8.0,0,10,2.7,-1,-1
2024-07-21T12:48:53.000Z,V2910885,8095,45.83395,8.76911,32864.9,5.8,14.9,264.2,-33.7,0.2,-1.0,RS41-SG,404.900,8.7,0,10,2.6,-1,-1
2024-07-21T12:48:54.000Z,V2910885,8096,45.83394,8.76893,32870.7,5.9,13.5,262.7,-33.6,0.2,-1.0,RS41-SG,404.900,8.7,0,10,2.6,-1,-1
2024-07-21T12:48:57.000Z,V2910885,8099,45.83393,8.76839,32890.8,7.1,16.7,277.0,-33.9,0.1,-1.0,RS41-SG,404.900,8.7,0,10,2.7,-1,-1
2024-07-21T12:49:00.000Z,V2910885,8102,45.83404,8.76758,32908.7,4.9,25.8,282.4,-33.9,0.2,-1.0,RS41-SG,404.900,7.9,0,10,2.7,-1,-1
2024-07-21T12:49:02.000Z,V2910885,8104,45.83412,8.76691,32919.9,6.9,26.6,276.3,-34.0,0.2,-1.0,RS41-SG,404.900,8.4,0,10,2.7,-1,-1
2024-07-21T12:49:03.000Z,V2910885,8105,45.83414,8.76658,32927.0,7.4,24.4,271.0,-34.0,0.2,-1.0,RS41-SG,404.900,8.4,0,10,2.6,-1,-1
2024-07-21T12:49:08.000Z,V2910885,8110,45.83401,8.76549,32954.6,6.4,11.8,261.0,-34.1,0.2,-1.0,RS41-SG,404.900,9.2,0,10,2.7,-1,-1
2024-07-21T12:49:10.000Z,V2910885,8112,45.83402,8.76516,32968.3,6.2,14.5,283.3,-34.3,0.2,-1.0,RS41-SG,404.900,8.8,0,10,2.6,-1,-1
2024-07-21T12:49:11.000Z,V2910885,8113,45.83406,8.76497,32974.0,4.7,17.0,287.8,-34.4,0.2,-1.0,RS41-SG,404.900,8.8,0,10,2.6,-1,-1
2024-07-21T12:49:12.000Z,V2910885,8114,45.83411,8.76475,32978.8,4.9,19.7,288.6,-34.4,0.2,-1.0,RS41-SG,404.900,8.3,-187,10,2.7,-1,-1
2024-07-21T12:49:13.000Z,V2910885,8115,45.83417,8.76450,32984.0,5.9,21.4,286.2,-34.4,0.2,-1.0,RS41-SG,404.900,9.3,-187,10,2.7,-1,-1
2024-07-21T12:49:14.000Z,V2910885,8116,45.83421,8.76423,32990.4,7.0,22.1,281.4,-34.4,0.2,-1.0,RS41-SG,404.900,9.3,0,10,2.7,-1,-1
2024-07-21T12:49:15.000Z,V2910885,8117,45.83424,8.76395,32997.3,6.8,22.1,275.8,-34.4,0.2,-1.0,RS41-SG,404.900,9.3,0,10,2.6,-1,-1
2024-07-21T12:49:23.000Z,V2910885,8125,45.83418,8.76194,33044.1,5.6,16.4,276.3,-34.1,0.2,-1.0,RS41-SG,404.900,8.0,0,10,2.7,-1,-1
2024-07-21T12:49:25.000Z,V2910885,8127,45.83422,8.76155,33055.4,6.1,15.3,282.7,-34.0,0.2,-1.0,RS41-SG,404.900,7.2,-187,10,2.6,-1,-1
2024-07-21T12:49:27.000Z,V2910885,8129,45.83429,8.76116,33067.9,6.3,16.4,285.4,-34.0,0.2,-1.0,RS41-SG,404.900,8.6,0,10,2.6,-1,-1
2024-07-21T12:49:29.000Z,V2910885,8131,45.83438,8.76071,33079.3,5.3,19.6,284.9,-34.1,0.1,-1.0,RS41-SG,404.900,8.7,0,10,2.7,-1,-1
2024-07-21T12:49:30.000Z,V2910885,8132,45.83442,8.76046,33084.7,5.6,22.0,283.9,-34.2,0.2,-1.0,RS41-SG,404.900,8.7,0,10,2.7,-1,-1
2024-07-21T12:49:32.000Z,V2910885,8134,45.83452,8.75986,33096.2,5.9,25.3,281.7,-34.1,0.1,-1.0,RS41-SG,404.900,8.8,0,10,2.6,-1,-1
2024-07-21T12:49:33.000Z,V2910885,8135,45.83456,8.75954,33102.1,5.8,25.5,280.3,-34.1,0.1,-1.0,RS41-SG,404.900,8.8,0,10,2.6,-1,-1
2024-07-21T12:49:34.000Z,V2910885,8136,45.83460,8.75923,33108.2,6.4,24.3,278.0,-34.2,0.2,-1.0,RS41-SG,404.900,8.6,0,10,2.7,-1,-1
2024-07-21T12:49:35.000Z,V2910885,8137,45.83462,8.75893,33114.3,6.3,22.1,276.0,-34.1,0.1,-1.0,RS41-SG,404.900,9.1,0,10,2.7,-1,-1
2024-07-21T12:49:37.000Z,V2910885,8139,45.83465,8.75844,33126.3,5.6,16.7,271.1,-34.0,0.1,-1.0,RS41-SG,404.900,8.2,-187,10,2.6,-1,-1
2024-07-21T12:49:45.000Z,V2910885,8147,45.83501,8.75649,33169.2,4.6,28.8,292.2,-34.4,0.2,-1.0,RS41-SG,404.900,7.5,0,10,2.7,-1,-1
2024-07-21T12:49:46.000Z,V2910885,8148,45.83510,8.75615,33174.8,6.4,28.2,290.0,-34.3,0.2,-1.0,RS41-SG,404.900,8.6,-187,10,2.7,-1,-1
2024-07-21T12:49:49.000Z,V2910885,8151,45.83526,8.75524,33194.4,4.6,20.5,276.7,-34.2,0.1,-1.0,RS41-SG,404.900,7.9,-187,10,2.7,-1,-1
2024-07-21T12:50:05.000Z,V2910885,8167,45.83579,8.75157,33278.0,5.9,18.0,276.5,-33.9,0.1,-1.0,RS41-SG,404.900,7.8,0,10,2.7,-1,-1
2024-07-21T12:50:34.000Z,V2910885,8196,45.83656,8.74464,33428.1,3.9,22.8,288.2,-33.4,0.1,-1.0,RS41-SG,404.900,7.5,0,10,2.7,-1,-1
2024-07-21T12:50:37.000Z,V2910885,8199,45.83670,8.74389,33444.7,5.6,17.2,274.9,-33.5,0.1,-1.0,RS41-SG,404.900,9.3,0,10,2.6,-1,-1
2024-07-21T12:50:59.000Z,V2910885,8221,45.83716,8.73891,32880.5,-59.5,18.4,284.0,-33.3,0.1,-1.0,RS41-SG,404.900,7.5,0,10,2.7,-1,-1
2024-07-21T12:51:15.000Z,V2910885,8237,45.83707,8.73542,32217.1,-41.3,12.4,269.7,-35.8,0.2,-1.0,RS41-SG,404.900,8.1,-187,8,2.7,-1,-1
2024-07-21T12:51:16.000Z,V2910885,8238,45.83707,8.73527,32175.5,-41.6,10.9,272.7,-35.9,0.2,-1.0,RS41-SG,404.900,8.7,0,10,2.7,-1,-1
2024-07-21T12:51:17.000Z,V2910885,8239,45.83708,8.73513,32134.1,-42.2,10.8,275.6,-35.9,0.2,-1.0,RS41-SG,404.900,9.0,-187,9,2.6,-1,-1
2024-07-21T12:51:18.000Z,V2910885,8240,45.83709,8.73500,32094.5,-38.5,10.2,279.7,-35.8,0.2,-1.0,RS41-SG,404.900,10.4,-187,8,2.6,-1,-1
2024-07-21T12:51:19.000Z,V2910885,8241,45.83711,8.73486,32057.9,-36.1,11.6,287.4,-35.6,0.2,-1.0,RS41-SG,404.900,10.4,-187,8,2.7,-1,-1
2024-07-21T12:51:20.000Z,V2910885,8242,45.83715,8.73472,32022.4,-35.2,12.2,291.3,-35.4,0.2,-1.0,RS41-SG,404.900,9.6,-187,8,2.7,-1,-1
2024-07-21T12:51:21.000Z,V2910885,8243,45.83718,8.73456,31987.4,-35.7,14.0,289.1,-35.2,0.2,-1.0,RS41-SG,404.900,9.9,-187,8,2.7,-1,-1
2024-07-21T12:51:22.000Z,V2910885,8244,45.83723,8.73438,31950.7,-37.4,14.9,292.7,-35.1,0.2,-1.0,RS41-SG,404.900,9.9,0,8,2.6,-1,-1
2024-07-21T12:51:23.000Z,V2910885,8245,45.83728,8.73420,31912.2,-39.2,15.6,290.4,-35.1,0.2,-1.0,RS41-SG,404.900,9.9,-187,9,2.6,-1,-1
2024-07-21T12:51:24.000Z,V2910885,8246,45.83733,8.73401,31874.0,-37.5,15.8,288.1,-35.5,0.2,-1.0,RS41-SG,404.900,9.9,0,9,2.7,-1,-1
2024-07-21T12:51:26.000Z,V2910885,8248,45.83739,8.73362,31797.8,-39.2,16.1,279.7,-36.0,0.2,-1.0,RS41-SG,404.900,10.4,0,8,2.7,-1,-1
2024-07-21T12:51:27.000Z,V2910885,8249,45.83741,8.73341,31757.9,-40.9,16.1,274.7,-36.3,0.2,-1.0,RS41-SG,404.900,9.3,0,7,2.6,-1,-1
2024-07-21T12:51:28.000Z,V2910885,8250,45.83741,8.73321,31716.8,-42.5,15.9,270.5,-36.5,0.2,-1.0,RS41-SG,404.900,9.3,0,7,2.6,-1,-1
2024-07-21T12:51:29.000Z,V2910885,8251,45.83741,8.73301,31674.4,-41.1,15.8,267.3,-36.6,0.2,-1.0,RS41-SG,404.900,10.4,-187,8,2.7,-1,-1
2024-07-21T12:51:30.000Z,V2910885,8252,45.83741,8.73281,31633.2,-40.0,14.9,267.1,-36.6,0.2,-1.0,RS41-SG,404.900,10.4,0,9,2.7,-1,-1
2024-07-21T12:51:31.000Z,V2910885,8253,45.83740,8.73263,31594.3,-37.9,14.0,264.0,-36.7,0.2,-1.0,RS41-SG,404.900,9.8,-187,8,2.7,-1,-1
2024-07-21T12:51:32.000Z,V2910885,8254,45.83738,8.73245,31557.6,-36.2,14.1,263.0,-36.8,0.2,-1.0,RS41-SG,404.900,9.8,-187,7,2.6,-1,-1
2024-07-21T12:51:33.000Z,V2910885,8255,45.83738,8.73227,31520.2,-38.0,14.1,267.7,-36.9,0.2,-1.0,RS41-SG,404.900,9.6,-187,10,2.6,-1,-1
2024-07-21T12:51:34.000Z,V2910885,8256,45.83737,8.73209,31481.5,-40.1,13.8,269.6,-37.1,0.2,-1.0,RS41-SG,404.900,9.9,0,8,2.7,-1,-1
2024-07-21T12:51:35.000Z,V2910885,8257,45.83738,8.73191,31441.1,-39.9,15.2,273.8,-37.2,0.2,-1.0,RS41-SG,404.900,9.9,-187,9,2.7,-1,-1
2024-07-21T12:51:36.000Z,V2910885,8258,45.83739,8.73172,31400.1,-42.2,14.2,275.4,-37.2,0.2,-1.0,RS41-SG,404.900,9.9,0,9,2.7,-1,-1
2024-07-21T12:51:37.000Z,V2910885,8259,45.83740,8.73152,31357.7,-43.7,15.7,274.2,-37.3,0.2,-1.0,RS41-SG,404.900,11.4,-187,7,2.6,-1,-1
2024-07-21T12:51:38.000Z,V2910885,8260,45.83741,8.73133,31312.8,-46.1,14.5,275.2,-37.4,0.2,-1.0,RS41-SG,404.900,11.4,-187,9,2.6,-1,-1
2024-07-21T12:51:39.000Z,V2910885,8261,45.83742,8.73114,31266.6,-46.0,15.3,274.6,-37.5,0.2,-1.0,RS41-SG,404.900,11.3,-187,8,2.7,-1,-1
2024-07-21T12:51:40.000Z,V2910885,8262,45.83742,8.73095,31221.1,-43.8,14.8,268.9,-37.8,0.2,-1.0,RS41-SG,404.900,11.3,0,7,2.7,08:29:34,-1
2024-07-21T12:51:41.000Z,V2910885,8263,45.83742,8.73077,31178.1,-41.1,13.6,266.8,-38.1,0.2,-1.0,RS41-SG,404.900,11.9,0,9,2.7,08:29:34,-1
2024-07-21T12:51:42.000Z,V2910885,8264,45.83741,8.73060,31136.4,-42.3,13.9,259.7,-38.2,0.2,-1.0,RS41-SG,404.900,11.9,0,9,2.6,08:29:34,-1
2024-07-21T12:51:43.000Z,V2910885,8265,45.83739,8.73044,31093.9,-42.3,12.3,259.8,-38.4,0.2,-1.0,RS41-SG,404.900,11.1,0,7,2.6,08:29:34,-1
2024-07-21T12:51:44.000Z,V2910885,8266,45.83737,8.73029,31051.8,-43.9,12.3,255.6,-38.7,0.2,-1.0,RS41-SG,404.900,11.1,0,7,2.7,08:29:34,-1
2024-07-21T12:51:45.000Z,V2910885,8267,45.83734,8.73014,31007.8,-44.2,11.1,257.4,-39.0,0.3,-1.0,RS41-SG,404.900,10.9,-187,8,2.7,08:29:34,-1
2024-07-21T12:51:47.000Z,V2910885,8269,45.83731,8.72989,30919.6,-43.5,9.1,261.0,-39.3,0.3,-1.0,RS41-SG,404.900,11.2,-187,10,2.6,08:29:34,-1
2024-07-21T12:51:48.000Z,V2910885,8270,45.83730,8.72977,30877.2,-41.0,9.6,267.1,-39.4,0.2,-1.0,RS41-SG,404.900,10.8,-187,8,2.6,08:29:34,-1
2024-07-21T12:51:49.000Z,V2910885,8271,45.83730,8.72965,30835.3,-42.2,9.8,270.2,-39.6,0.3,-1.0,RS41-SG,404.900,11.9,-187,9,2.7,08:29:34,-1
2024-07-21T12:51:50.000Z,V2910885,8272,45.83731,8.72951,30792.8,-41.0,11.3,276.1,-39.8,0.3,-1.0,RS41-SG,404.900,11.9,-187,9,2.7,08:29:34,-1
2024-07-21T12:51:51.000Z,V2910885,8273,45.83733,8.72936,30751.2,-42.4,11.8,280.2,-39.9,0.3,-1.0,RS41-SG,404.900,11.7,-187,9,2.7,08:29:34,-1
2024-07-21T12:51:52.000Z,V2910885,8274,45.83735,8.72921,30707.7,-44.1,12.8,277.7,-39.9,0.3,-1.0,RS41-SG,404.900,12.0,-187,9,2.6,08:29:34,-1
2024-07-21T12:51:53.000Z,V2910885,8275,45.83736,8.72904,30662.7,-46.1,13.0,277.5,-39.9,0.3,-1.0,RS41-SG,404.900,12.0,-187,10,2.6,08:29:34,-1
2024-07-21T12:51:54.000Z,V2910885,8276,45.83737,8.72887,30615.9,-47.2,13.8,277.7,-40.0,0.3,-1.0,RS41-SG,404.900,11.7,-187,9,2.7,08:29:34,-1
2024-07-21T12:51:55.000Z,V2910885,8277,45.83738,8.72869,30569.2,-46.5,14.1,272.3,-40.2,0.3,-1.0,RS41-SG,404.900,12.2,-187,9,2.7,08:29:34,-1
2024-07-21T12:51:56.000Z,V2910885,8278,45.83738,8.72851,30523.4,-45.6,14.2,269.3,-40.4,0.3,-1.0,RS41-SG,404.900,12.2,0,10,2.7,08:29:34,-1
2024-07-21T12:51:57.000Z,V2910885,8279,45.83738,8.72833,30478.4,-45.6,13.5,268.2,-40.6,0.3,-1.0,RS41-SG,404.900,11.4,0,10,2.6,08:29:34,-1
2024-07-21T12:51:58.000Z,V2910885,8280,45.83737,8.72817,30432.2,-45.9,12.9,265.7,-40.7,0.3,-1.0,RS41-SG,404.900,13.2,0,10,2.6,08:29:34,-1
2024-07-21T12:51:59.000Z,V2910885,8281,45.83736,8.72800,30386.3,-46.2,12.7,262.3,-40.8,0.3,-1.0,RS41-SG,404.900,13.2,0,10,2.7,08:29:34,-1
2024-07-21T12:52:00.000Z,V2910885,8282,45.83734,8.72785,30340.2,-45.7,11.7,258.7,-40.9,0.3,-1.0,RS41-SG,404.900,12.9,0,9,2.7,08:29:34,-1
2024-07-21T12:52:01.000Z,V2910885,8283,45.83732,8.72771,30295.8,-44.5,10.4,254.6,-41.0,0.3,-1.0,RS41-SG,404.900,13.0,-187,10,2.7,08:29:34,-1
2024-07-21T12:52:02.000Z,V2910885,8284,45.83730,8.72759,30254.4,-39.9,9.5,256.8,-40.9,0.3,-1.0,RS41-SG,404.900,13.0,-187,10,2.6,08:29:34,-1
2024-07-21T12:52:03.000Z,V2910885,8285,45.83728,8.72747,30213.4,-41.0,9.5,263.0,-40.7,0.3,-1.0,RS41-SG,404.900,11.9,0,8,2.6,08:29:34,-1
2024-07-21T12:52:04.000Z,V2910885,8286,45.83728,8.72735,30173.8,-38.2,9.6,266.0,-40.7,0.3,-1.0,RS41-SG,404.900,11.3,-187,10,2.7,08:29:34,-1
2024-07-21T12:52:05.000Z,V2910885,8287,45.83727,8.72723,30135.3,-37.5,9.9,268.5,-40.7,0.3,-1.0,RS41-SG,404.900,11.8,0,8,2.7,08:29:34,-1
2024-07-21T12:52:06.000Z,V2910885,8288,45.83727,8.72710,30097.5,-38.0,10.5,269.5,-40.6,0.3,-1.0,RS41-SG,404.900,11.8,-187,10,2.7,08:29:34,-1
2024-07-21T12:52:07.000Z,V2910885,8289,45.83727,8.72697,30060.2,-37.7,10.4,268.8,-40.6,0.3,-1.0,RS41-SG,404.900,11.8,-187,10,2.6,08:29:34,-1
2024-07-21T12:52:08.000Z,V2910885,8290,45.83726,8.72683,30022.7,-37.8,10.8,267.2,-40.7,0.3,-1.0,RS41-SG,404.900,11.8,0,10,2.6,08:29:34,-1
2024-07-21T12:52:09.000Z,V2910885,8291,45.83726,8.72669,29984.5,-38.1,11.0,265.3,-40.8,0.3,-1.0,RS41-SG,404.900,10.6,0,8,2.7,08:29:34,-1
2024-07-21T12:52:10.000Z,V2910885,8292,45.83725,8.72654,29946.3,-37.7,11.5,265.5,-40.9,0.3,-1.0,RS41-SG,404.900,10.9,0,10,2.7,08:29:34,-1
2024-07-21T12:52:11.000Z,V2910885,8293,45.83723,8.72640,29907.9,-38.3,12.1,259.6,-41.0,0.3,-1.0,RS41-SG,404.900,11.8,0,9,2.7,08:29:34,-1
2024-07-21T12:52:12.000Z,V2910885,8294,45.83721,8.72624,29869.6,-39.9,12.4,259.4,-41.0,0.3,-1.0,RS41-SG,404.900,11.9,-187,10,2.6,08:29:34,-1
2024-07-21T12:52:13.000Z,V2910885,8295,45.83719,8.72609,29829.9,-40.4,11.8,258.1,-41.0,0.3,-1.0,RS41-SG,404.900,11.9,-187,10,2.6,08:29:34,-1
2024-07-21T12:52:14.000Z,V2910885,8296,45.83717,8.72594,29790.2,-40.0,12.2,261.8,-40.9,0.3,-1.0,RS41-SG,404.900,11.1,0,9,2.7,08:29:34,-1
2024-07-21T12:52:15.000Z,V2910885,8297,45.83715,8.72579,29751.6,-38.3,12.3,258.9,-41.0,0.3,-1.0,RS41-SG,404.900,11.3,-187,8,2.7,08:29:34,-1
2024-07-21T12:52:16.000Z,V2910885,8298,45.83714,8.72563,29712.8,-39.0,12.7,262.5,-41.1,0.3,-1.0,RS41-SG,404.900,11.4,0,9,2.7,08:29:34,-1
2024-07-21T12:52:17.000Z,V2910885,8299,45.83712,8.72547,29674.0,-39.5,12.7,264.9,-41.2,0.3,-1.0,RS41-SG,404.900,11.4,0,8,2.6,08:29:34,-1
2024-07-21T12:52:18.000Z,V2910885,8300,45.83711,8.72530,29632.8,-41.6,13.2,264.9,-41.3,0.3,-1.0,RS41-SG,404.900,11.0,-187,9,2.6,08:29:34,-1
2024-07-21T12:52:19.000Z,V2910885,8301,45.83710,8.72513,29592.6,-39.6,13.8,264.0,-41.4,0.3,-1.0,RS41-SG,404.900,11.0,-187,9,2.7,08:29:34,-1
2024-07-21T12:52:20.000Z,V2910885,8302,45.83709,8.72495,29554.4,-38.2,14.4,263.3,-41.5,0.3,-1.0,RS41-SG,404.900,11.5,0,8,2.7,08:29:34,-1
2024-07-21T12:52:21.000Z,V2910885,8303,45.83707,8.72477,29516.8,-37.0,13.5,262.5,-41.6,0.3,-1.0,RS41-SG,404.900,11.5,0,9,2.7,08:29:34,-1
2024-07-21T12:52:22.000Z,V2910885,8304,45.83705,8.72461,29481.6,-34.8,12.9,261.9,-41.6,0.3,-1.0,RS41-SG,404.900,10.6,0,8,2.6,08:29:34,-1
2024-07-21T12:52:23.000Z,V2910885,8305,45.83703,8.72445,29446.6,-35.0,12.4,259.5,-41.7,0.3,-1.0,RS41-SG,404.900,10.1,-187,10,2.6,08:29:34,-1
2024-07-21T12:52:24.000Z,V2910885,8306,45.83701,8.72430,29413.0,-32.7,11.5,256.5,-41.7,0.3,-1.0,RS41-SG,404.900,11.0,-187,9,2.7,08:29:34,-1
2024-07-21T12:52:25.000Z,V2910885,8307,45.83699,8.72416,29380.3,-33.6,10.0,256.9,-41.7,0.3,-1.0,RS41-SG,404.900,11.0,-187,9,2.7,08:29:34,-1
2024-07-21T12:52:27.000Z,V2910885,8309,45.83694,8.72393,29309.7,-36.7,8.3,252.1,-41.8,0.3,-1.0,RS41-SG,404.900,10.6,-187,9,2.6,08:29:34,-1
2024-07-21T12:52:28.000Z,V2910885,8310,45.83692,8.72383,29273.6,-35.9,7.9,253.6,-41.9,0.3,-1.0,RS41-SG,404.900,9.5,-187,9,2.6,08:29:34,-1
2024-07-21T12:52:29.000Z,V2910885,8311,45.83690,8.72374,29237.5,-35.8,7.0,252.9,-42.1,0.3,-1.0,RS41-SG,404.900,8.8,-187,9,2.7,08:29:34,-1
2024-07-21T12:52:30.000Z,V2910885,8312,45.83689,8.72366,29202.6,-35.9,6.5,253.2,-42.2,0.3,-1.0,RS41-SG,404.900,10.3,-187,10,2.7,08:29:34,-1
2024-07-21T12:52:31.000Z,V2910885,8313,45.83686,8.72358,29166.2,-36.9,7.2,249.7,-42.2,0.3,-1.0,RS41-SG,404.900,10.9,-187,8,2.7,08:28:43,-1
2024-07-21T12:52:32.000Z,V2910885,8314,45.83685,8.72349,29129.2,-37.5,6.2,255.5,-42.4,0.3,-1.0,RS41-SG,404.900,10.9,-187,9,2.6,08:28:43,-1
2024-07-21T12:52:33.000Z,V2910885,8315,45.83683,8.72341,29091.1,-38.2,7.1,257.4,-42.6,0.3,-1.0,RS41-SG,404.900,10.2,-187,10,2.6,08:28:43,-1
2024-07-21T12:52:35.000Z,V2910885,8317,45.83680,8.72323,29014.9,-36.2,7.3,260.6,-42.7,0.3,-1.0,RS41-SG,404.900,10.5,-187,10,2.7,08:28:43,-1
2024-07-21T12:52:37.000Z,V2910885,8319,45.83680,8.72304,28940.6,-39.1,7.5,272.9,-42.7,0.3,-1.0,RS41-SG,404.900,9.8,-187,9,2.6,08:28:43,-1
2024-07-21T12:52:39.000Z,V2910885,8321,45.83682,8.72282,28861.2,-41.1,8.9,281.1,-42.6,0.3,-1.0,RS41-SG,404.900,10.1,-187,8,2.7,08:28:43,-1
2024-07-21T12:52:41.000Z,V2910885,8323,45.83686,8.72258,28778.8,-40.6,10.9,288.3,-42.3,0.3,-1.0,RS41-SG,404.900,9.4,-187,7,2.7,08:28:43,-1
2024-07-21T12:52:42.000Z,V2910885,8324,45.83689,8.72244,28738.4,-40.5,11.1,284.1,-42.2,0.3,-1.0,RS41-SG,404.900,10.0,-187,8,2.6,08:28:43,-1
2024-07-21T12:52:43.000Z,V2910885,8325,45.83692,8.72231,28698.4,-38.6,11.5,288.0,-42.2,0.3,-1.0,RS41-SG,404.900,10.0,-187,10,2.6,08:28:43,-1
2024-07-21T12:52:44.000Z,V2910885,8326,45.83694,8.72217,28660.3,-38.1,10.7,282.8,-42.4,0.3,-1.0,RS41-SG,404.900,10.2,-187,7,2.7,08:28:43,-1
2024-07-21T12:52:45.000Z,V2910885,8327,45.83696,8.72204,28624.0,-36.2,9.8,280.3,-42.6,0.3,-1.0,RS41-SG,404.900,10.2,-187,8,2.7,08:28:43,-1
2024-07-21T12:52:46.000Z,V2910885,8328,45.83696,8.72192,28588.9,-36.4,9.9,270.9,-42.8,0.3,-1.0,RS41-SG,404.900,8.9,-187,7,2.7,08:28:43,-1
2024-07-21T12:52:47.000Z,V2910885,8329,45.83697,8.72180,28552.3,-36.7,8.8,268.4,-42.9,0.3,-1.0,RS41-SG,404.900,8.4,-187,10,2.6,08:28:43,-1
2024-07-21T12:52:48.000Z,V2910885,8330,45.83697,8.72169,28514.5,-38.0,7.8,267.0,-42.9,0.3,-1.0,RS41-SG,404.900,9.3,0,10,2.6,08:28:43,-1
2024-07-21T12:52:49.000Z,V2910885,8331,45.83696,8.72160,28477.0,-38.7,6.7,267.1,-42.9,0.4,-1.0,RS41-SG,404.900,9.5,-187,10,2.7,08:28:43,-1
2024-07-21T12:52:50.000Z,V2910885,8332,45.83696,8.72153,28439.2,-37.2,5.5,257.4,-42.8,0.4,-1.0,RS41-SG,404.900,10.3,-187,8,2.7,08:28:43,-1
2024-07-21T12:52:52.000Z,V2910885,8334,45.83695,8.72141,28363.1,-37.1,3.8,263.5,-43.2,0.3,-1.0,RS41-SG,404.900,9.6,-187,9,2.6,08:28:43,-1
2024-07-21T12:52:54.000Z,V2910885,8336,45.83695,8.72133,28288.5,-38.3,3.5,291.4,-44.1,0.4,-1.0,RS41-SG,404.900,8.4,-187,9,2.7,08:28:43,-1
2024-07-21T12:52:55.000Z,V2910885,8337,45.83697,8.72128,28249.4,-39.5,4.4,304.0,-44.2,0.4,-1.0,RS41-SG,404.900,8.7,-187,9,2.7,08:28:43,-1
2024-07-21T12:52:57.000Z,V2910885,8339,45.83702,8.72117,28172.2,-38.0,5.7,300.5,-44.6,0.4,-1.0,RS41-SG,404.900,9.0,-187,10,2.6,08:28:43,-1
2024-07-21T12:52:59.000Z,V2910885,8341,45.83710,8.72101,28101.9,-34.7,8.3,307.5,-44.7,0.4,-1.0,RS41-SG,404.900,8.8,-187,9,2.7,08:28:43,-1
2024-07-21T12:53:00.000Z,V2910885,8342,45.83714,8.72093,28067.4,-36.2,8.6,308.8,-44.7,0.4,-1.0,RS41-SG,404.900,8.8,-187,8,2.7,08:28:43,-1
2024-07-21T12:53:01.000Z,V2910885,8343,45.83719,8.72084,28032.2,-35.5,9.5,308.1,-44.6,0.4,-1.0,RS41-SG,404.900,7.9,-187,7,2.7,08:28:43,-1
2024-07-21T12:53:02.000Z,V2910885,8344,45.83725,8.72073,27997.7,-34.0,10.5,305.4,-44.6,0.4,-1.0,RS41-SG,404.900,8.4,-187,9,2.6,08:28:43,-1
2024-07-21T12:53:03.000Z,V2910885,8345,45.83730,8.72062,27964.1,-32.6,11.2,301.7,-44.6,0.4,-1.0,RS41-SG,404.900,8.6,-187,9,2.6,08:28:43,-1
2024-07-21T12:53:05.000Z,V2910885,8347,45.83740,8.72038,27900.3,-32.4,11.6,295.5,-44.6,0.4,-1.0,RS41-SG,404.900,8.2,-187,7,2.7,08:28:43,-1
2024-07-21T12:53:06.000Z,V2910885,8348,45.83745,8.72024,27867.9,-31.3,11.0,295.8,-44.7,0.4,-1.0,RS41-SG,404.900,8.3,-187,8,2.7,08:28:43,-1
2024-07-21T12:53:08.000Z,V2910885,8350,45.83753,8.72000,27805.7,-32.1,10.0,296.6,-44.7,0.4,-1.0,RS41-SG,404.900,7.6,-187,9,2.6,08:28:43,-1
2024-07-21T12:53:09.000Z,V2910885,8351,45.83757,8.71988,27773.1,-33.1,11.2,295.2,-44.7,0.4,-1.0,RS41-SG,404.900,7.7,-187,9,2.7,08:28:43,-1
2024-07-21T12:53:12.000Z,V2910885,8354,45.83772,8.71950,27677.5,-31.6,12.0,300.0,-44.7,0.4,-1.0,RS41-SG,404.900,7.2,-187,10,2.6,08:28:43,-1
2024-07-21T12:53:13.000Z,V2910885,8355,45.83778,8.71936,27645.6,-32.4,12.4,301.6,-44.8,0.4,-1.0,RS41-SG,404.900,8.1,-187,10,2.6,08:28:43,-1
2024-07-21T12:53:15.000Z,V2910885,8357,45.83789,8.71908,27583.2,-31.7,13.5,300.6,-45.1,0.4,-1.0,RS41-SG,404.900,8.5,-187,7,2.7,08:28:43,-1
2024-07-21T12:53:16.000Z,V2910885,8358,45.83796,8.71893,27553.1,-30.0,13.7,301.8,-45.1,0.4,-1.0,RS41-SG,404.900,8.5,-187,10,2.7,08:28:43,-1
2024-07-21T12:53:17.000Z,V2910885,8359,45.83802,8.71878,27522.2,-30.8,13.8,300.8,-45.1,0.4,-1.0,RS41-SG,404.900,7.7,-187,10,2.6,08:28:43,-1
2024-07-21T12:53:19.000Z,V2910885,8361,45.83815,8.71847,27458.5,-33.1,13.7,295.7,-44.9,0.4,-1.0,RS41-SG,404.900,8.3,-187,9,2.7,08:28:43,-1
2024-07-21T12:53:20.000Z,V2910885,8362,45.83821,8.71831,27425.9,-33.7,14.0,298.0,-44.8,0.4,-1.0,RS41-SG,404.900,8.5,-187,7,2.7,08:28:43,-1
2024-07-21T12:53:23.000Z,V2910885,8365,45.83836,8.71785,27327.3,-32.5,12.2,289.8,-44.6,0.4,-1.0,RS41-SG,404.900,7.0,-187,7,2.6,08:28:43,-1
2024-07-21T12:53:24.000Z,V2910885,8366,45.83839,8.71770,27294.8,-35.1,12.3,288.8,-44.4,0.4,-1.0,RS41-SG,404.900,7.5,-187,8,2.7,08:28:43,-1
2024-07-21T12:53:32.000Z,V2910885,8374,45.83859,8.71660,27023.4,-30.5,11.0,283.0,-44.9,0.4,-1.0,RS41-SG,404.900,9.0,-187,10,2.6,08:28:43,-1
2024-07-21T12:53:35.000Z,V2910885,8377,45.83869,8.71617,26927.5,-32.3,11.5,290.6,-46.0,0.5,-1.0,RS41-SG,404.900,7.5,-187,7,2.7,08:28:43,-1
2024-07-21T12:53:38.000Z,V2910885,8380,45.83884,8.71579,26832.8,-31.3,11.8,304.4,-46.6,0.4,-1.0,RS41-SG,404.900,8.1,-187,9,2.6,08:28:43,-1
2024-07-21T12:53:39.000Z,V2910885,8381,45.83890,8.71566,26801.6,-32.1,11.7,299.3,-46.6,0.5,-1.0,RS41-SG,404.900,7.9,-187,9,2.7,08:28:43,-1
