timestamp,serial,frame,lat,lon,alt,vel_v,vel_h,heading,temp,humidity,pressure,type,freq_mhz,snr,f_error_hz,sats,batt_v,burst_timer,aux_data
2024-05-04T00:37:09.001Z,U3330030,7228,46.92231,7.00642,26676.6,5.8,7.6,226.9,-273.0,-1.0,-1.0,RS41,403.500,8.3,375,10,2.6,-1,-1
2024-05-04T00:37:23.001Z,U3330030,7242,46.92154,7.00556,26756.7,5.6,5.6,228.8,-273.0,-1.0,-1.0,RS41,403.500,8.4,375,10,2.5,-1,-1
2024-05-04T00:37:24.001Z,U3330030,7243,46.92150,7.00551,26762.2,5.4,5.6,217.8,-273.0,-1.0,-1.0,RS41,403.500,8.4,375,10,2.5,-1,-1
2024-05-04T00:37:25.001Z,U3330030,7244,46.92145,7.00547,26767.9,6.3,6.3,203.2,-273.0,-1.0,-1.0,RS41,403.500,9.2,375,10,2.5,-1,-1
2024-05-04T00:37:26.001Z,U3330030,7245,46.92139,7.00544,26774.3,6.3,7.9,194.9,-273.0,-1.0,-1.0,RS41,403.500,9.2,375,10,2.5,-1,-1
2024-05-04T00:37:49.001Z,U3330030,7268,46.91989,7.00472,26901.6,5.4,5.3,230.6,-273.0,-1.0,-1.0,RS41,403.500,8.9,375,10,2.5,-1,-1
2024-05-04T00:37:51.001Z,U3330030,7270,46.91981,7.00460,26913.8,5.9,7.1,219.2,-273.0,-1.0,-1.0,RS41,403.500,7.6,375,10,2.5,-1,-1
2024-05-04T00:37:56.001Z,U3330030,7275,46.91949,7.00443,26941.1,4.7,6.9,185.9,-273.0,-1.0,-1.0,RS41,403.500,8.6,375,10,2.5,-1,-1
2024-05-04T00:37:58.001Z,U3330030,7277,46.91938,7.00439,26952.2,6.5,6.1,204.7,-273.0,-1.0,-1.0,RS41,403.500,9.2,375,10,2.5,-1,-1
2024-05-04T00:38:11.001Z,U3330030,7290,46.91880,7.00388,27025.4,5.4,6.6,190.5,-273.0,-1.0,-1.0,RS41,403.500,9.0,375,10,2.5,-1,-1
2024-05-04T00:38:14.001Z,U3330030,7293,46.91866,7.00377,27042.8,5.7,6.7,232.7,-273.0,-1.0,-1.0,RS41,403.500,9.0,375,10,2.5,-1,-1
2024-05-04T00:38:16.001Z,U3330030,7295,46.91860,7.00360,27052.2,4.7,7.7,253.7,-273.0,-1.0,-1.0,RS41,403.500,8.3,375,10,2.5,-1,-1
2024-05-04T00:38:17.001Z,U3330030,7296,46.91859,7.00350,27057.2,5.5,7.3,261.9,-273.0,-1.0,-1.0,RS41,403.500,7.9,375,10,2.6,-1,-1
2024-05-04T00:38:18.001Z,U3330030,7297,46.91858,7.00341,27062.8,5.7,6.3,267.6,-273.0,-1.0,-1.0,RS41,403.500,8.1,375,10,2.6,-1,-1
2024-05-04T00:38:19.001Z,U3330030,7298,46.91858,7.00334,27068.4,5.3,4.7,266.4,-273.0,-1.0,-1.0,RS41,403.500,8.5,375,10,2.6,-1,-1
2024-05-04T00:38:22.001Z,U3330030,7301,46.91851,7.00327,27083.7,4.6,5.6,173.5,-273.0,-1.0,-1.0,RS41,403.500,8.5,375,11,2.5,-1,-1
2024-05-04T00:38:24.001Z,U3330030,7303,46.91838,7.00328,27092.5,4.9,9.1,183.1,-273.0,-1.0,-1.0,RS41,403.500,9.4,375,11,2.6,-1,-1
2024-05-04T00:38:29.001Z,U3330030,7308,46.91810,7.00289,27118.4,3.9,9.0,264.8,-273.0,-1.0,-1.0,RS41,403.500,9.1,375,10,2.5,-1,-1
2024-05-04T00:38:33.001Z,U3330030,7312,46.91814,7.00257,27138.4,4.7,3.4,286.6,-273.0,-1.0,-1.0,RS41,403.500,9.9,375,11,2.6,-1,-1
2024-05-04T00:38:35.001Z,U3330030,7314,46.91814,7.00249,27149.8,6.2,3.3,264.1,-273.0,-1.0,-1.0,RS41,403.500,9.8,375,11,2.5,-1,-1
2024-05-04T00:38:36.001Z,U3330030,7315,46.91814,7.00244,27155.5,5.1,4.2,250.7,-273.0,-1.0,-1.0,RS41,403.500,8.4,375,11,2.5,-1,-1
2024-05-04T00:38:37.001Z,U3330030,7316,46.91812,7.00238,27160.8,5.6,5.7,240.0,-273.0,-1.0,-1.0,RS41,403.500,9.9,375,11,2.5,-1,-1
2024-05-04T00:38:39.001Z,U3330030,7318,46.91804,7.00223,27172.2,5.4,8.9,228.2,-273.0,-1.0,-1.0,RS41,403.500,10.3,375,11,2.6,-1,-1
2024-05-04T00:38:40.001Z,U3330030,7319,46.91798,7.00214,27177.7,5.4,9.8,229.3,-273.0,-1.0,-1.0,RS41,403.500,9.4,375,11,2.6,-1,-1
2024-05-04T00:38:44.001Z,U3330030,7323,46.91786,7.00172,27200.5,5.2,7.2,269.4,-273.0,-1.0,-1.0,RS41,403.500,9.1,375,11,2.6,-1,-1
2024-05-04T00:38:46.001Z,U3330030,7325,46.91787,7.00158,27211.9,6.0,3.5,281.7,-273.0,-1.0,-1.0,RS41,403.500,9.1,375,11,2.5,-1,-1
2024-05-04T00:38:47.001Z,U3330030,7326,46.91787,7.00155,27217.2,4.8,2.1,265.1,-273.0,-1.0,-1.0,RS41,403.500,8.8,375,11,2.5,-1,-1
2024-05-04T00:38:50.001Z,U3330030,7329,46.91781,7.00147,27232.8,6.5,5.0,217.0,-273.0,-1.0,-1.0,RS41,403.500,9.0,375,11,2.6,-1,-1
2024-05-04T00:38:51.001Z,U3330030,7330,46.91778,7.00142,27238.5,5.1,6.3,222.5,-273.0,-1.0,-1.0,RS41,403.500,9.0,375,11,2.6,-1,-1
2024-05-04T00:38:58.001Z,U3330030,7337,46.91739,7.00084,27276.9,5.8,7.3,244.0,-273.0,-1.0,-1.0,RS41,403.500,9.0,375,11,2.6,-1,-1
2024-05-04T00:39:02.001Z,U3330030,7341,46.91734,7.00061,27298.3,5.5,2.8,212.8,-273.0,-1.0,-1.0,RS41,403.500,9.8,375,11,2.5,-1,-1
2024-05-04T00:39:11.001Z,U3330030,7350,46.91688,7.00028,27343.9,6.3,8.0,200.8,-273.0,-1.0,-1.0,RS41,403.500,9.6,375,11,2.6,-1,-1
2024-05-04T00:39:12.001Z,U3330030,7351,46.91681,7.00025,27349.1,4.3,7.9,193.2,-56.1,-1.0,-1.0,RS41,403.500,9.6,375,11,2.6,-1,-1
2024-05-04T00:39:16.001Z,U3330030,7355,46.91659,7.00020,27369.3,4.6,4.5,196.2,-56.2,-1.0,-1.0,RS41,403.500,10.1,375,11,2.6,-1,-1
2024-05-04T00:39:20.001Z,U3330030,7359,46.91639,7.00013,27389.8,4.6,8.2,187.5,-56.2,-1.0,-1.0,RS41,403.500,10.1,375,11,2.5,-1,-1
2024-05-04T00:39:27.001Z,U3330030,7366,46.91593,6.99995,27425.5,5.7,6.0,194.5,-56.1,-1.0,-1.0,RS41,403.500,8.8,375,11,2.5,-1,-1
2024-05-04T00:39:28.001Z,U3330030,7367,46.91588,6.99994,27431.2,5.9,6.3,184.7,-56.1,-1.0,-1.0,RS41,403.500,10.7,375,11,2.6,-1,-1
2024-05-04T00:39:29.001Z,U3330030,7368,46.91582,6.99994,27436.1,4.1,6.6,178.6,-56.1,-1.0,-1.0,RS41,403.500,10.7,375,11,2.6,-1,-1
2024-05-04T00:39:30.001Z,U3330030,7369,46.91576,6.99994,27440.5,4.6,6.5,176.0,-56.0,-1.0,-1.0,RS41,403.500,9.8,375,11,2.6,-1,-1
2024-05-04T00:39:31.001Z,U3330030,7370,46.91570,6.99994,27445.4,5.5,6.0,177.1,-56.0,-1.0,-1.0,RS41,403.500,9.1,375,11,2.5,-1,-1
2024-05-04T00:39:32.001Z,U3330030,7371,46.91565,6.99994,27451.1,5.5,5.4,183.5,-56.0,-1.0,-1.0,RS41,403.500,9.1,375,10,2.5,-1,-1
2024-05-04T00:39:33.001Z,U3330030,7372,46.91561,6.99994,27455.9,4.1,5.0,189.3,-55.9,-1.0,-1.0,RS41,403.500,10.8,375,11,2.5,-1,-1
2024-05-04T00:39:34.001Z,U3330030,7373,46.91556,6.99992,27460.4,5.0,5.3,191.8,-55.9,-1.0,-1.0,RS41,403.500,10.8,375,11,2.5,-1,-1
2024-05-04T00:39:35.001Z,U3330030,7374,46.91551,6.99991,27465.9,6.1,6.1,188.9,-55.9,-1.0,-1.0,RS41,403.500,10.5,375,11,2.6,-1,-1
2024-05-04T00:39:36.001Z,U3330030,7375,46.91545,6.99990,27471.7,5.5,7.0,184.6,-55.8,-1.0,-1.0,RS41,403.500,9.7,375,11,2.6,-1,-1
2024-05-04T00:39:37.001Z,U3330030,7376,46.91539,6.99990,27476.7,4.5,7.9,182.5,-55.8,-1.0,-1.0,RS41,403.500,9.4,375,11,2.6,-1,-1
2024-05-04T00:39:38.001Z,U3330030,7377,46.91531,6.99989,27481.4,4.5,8.2,182.8,-55.7,-1.0,-1.0,RS41,403.500,10.0,375,11,2.5,-1,-1
2024-05-04T00:39:39.001Z,U3330030,7378,46.91524,6.99988,27486.8,5.4,7.8,186.8,-55.7,-1.0,-1.0,RS41-SG,403.500,10.2,375,11,2.5,-1,-1
2024-05-04T00:39:41.001Z,U3330030,7380,46.91512,6.99984,27497.7,4.5,6.3,199.7,-55.6,-1.0,-1.0,RS41-SG,403.500,9.7,375,11,2.5,-1,-1
2024-05-04T00:39:44.001Z,U3330030,7383,46.91496,6.99976,27513.1,5.8,7.0,193.1,-55.5,-1.0,-1.0,RS41-SG,403.500,9.7,375,11,2.6,-1,-1
2024-05-04T00:39:45.001Z,U3330030,7384,46.91489,6.99974,27518.2,4.5,7.7,187.7,-55.5,-1.0,-1.0,RS41-SG,403.500,9.7,375,11,2.5,-1,-1
2024-05-04T00:39:49.001Z,U3330030,7388,46.91462,6.99969,27538.8,4.2,6.7,192.4,-55.4,-1.0,-1.0,RS41-SG,403.500,10.3,375,10,2.6,-1,-1
2024-05-04T00:39:51.001Z,U3330030,7390,46.91450,6.99965,27548.6,5.6,7.4,195.7,-55.4,-1.0,-1.0,RS41-SG,403.500,9.2,375,11,2.5,-1,-1
2024-05-04T00:39:53.001Z,U3330030,7392,46.91437,6.99959,27558.5,4.1,8.5,196.7,-55.4,-1.0,-1.0,RS41-SG,403.500,9.4,375,11,2.6,-1,-1
2024-05-04T00:39:55.001Z,U3330030,7394,46.91423,6.99950,27568.7,5.8,8.4,210.6,-55.4,-1.0,-1.0,RS41-SG,403.500,9.7,375,11,2.6,-1,-1
2024-05-04T00:39:57.001Z,U3330030,7396,46.91411,6.99938,27579.1,5.0,7.7,217.7,-55.3,-1.0,-1.0,RS41-SG,403.500,9.2,375,11,2.5,-1,-1
2024-05-04T00:39:58.001Z,U3330030,7397,46.91406,6.99933,27584.3,5.2,7.1,213.5,-55.3,-1.0,-1.0,RS41-SG,403.500,8.8,375,11,2.5,-1,-1
2024-05-04T00:39:59.001Z,U3330030,7398,46.91400,6.99928,27589.7,5.8,6.7,202.4,-55.3,-1.0,-1.0,RS41-SG,403.500,9.8,375,11,2.5,-1,-1
2024-05-04T00:40:00.001Z,U3330030,7399,46.91394,6.99926,27595.2,5.3,6.7,189.0,-55.3,-1.0,-1.0,RS41-SG,403.500,9.8,375,11,2.6,-1,-1
2024-05-04T00:40:01.001Z,U3330030,7400,46.91388,6.99925,27599.8,3.9,6.9,179.8,-55.3,-1.0,-1.0,RS41-SG,403.500,8.5,375,11,2.6,-1,-1
2024-05-04T00:40:03.001Z,U3330030,7402,46.91377,6.99927,27608.7,5.4,5.6,173.8,-55.3,-1.0,-1.0,RS41-SG,403.500,8.7,375,11,2.5,-1,-1
2024-05-04T00:40:04.001Z,U3330030,7403,46.91372,6.99927,27614.4,5.8,4.5,180.5,-55.2,-1.0,-1.0,RS41-SG,403.500,8.7,375,11,2.5,-1,-1
2024-05-04T00:40:05.001Z,U3330030,7404,46.91369,6.99927,27619.4,4.3,4.0,190.1,-55.2,-1.0,-1.0,RS41-SG,403.500,8.7,375,11,2.5,-1,-1
2024-05-04T00:40:11.001Z,U3330030,7410,46.91340,6.99918,27650.3,5.6,6.5,186.9,-55.1,-1.0,-1.0,RS41-SG,403.500,9.4,375,11,2.5,-1,-1
2024-05-04T00:40:12.001Z,U3330030,7411,46.91335,6.99917,27655.7,5.1,5.8,187.9,-55.1,-1.0,-1.0,RS41-SG,403.500,9.4,375,11,2.5,-1,-1
2024-05-04T00:40:13.001Z,U3330030,7412,46.91330,6.99916,27660.3,4.3,5.1,188.0,-55.1,-1.0,-1.0,RS41-SG,403.500,10.1,375,10,2.5,-1,-1
2024-05-04T00:40:14.001Z,U3330030,7413,46.91326,6.99916,27664.6,4.7,4.7,180.5,-55.1,-1.0,-1.0,RS41-SG,403.500,10.1,375,11,2.6,-1,-1
2024-05-04T00:40:17.001Z,U3330030,7416,46.91312,6.99921,27680.6,5.1,6.0,158.2,-55.1,-1.0,-1.0,RS41-SG,403.500,9.1,375,11,2.5,-1,-1
2024-05-04T00:40:19.001Z,U3330030,7418,46.91303,6.99925,27691.9,6.0,4.4,164.8,-55.2,-1.0,-1.0,RS41-SG,403.500,10.9,375,11,2.5,-1,-1
2024-05-04T00:40:20.001Z,U3330030,7419,46.91299,6.99926,27697.6,5.8,3.3,180.0,-55.1,-1.0,-1.0,RS41-SG,403.500,10.9,375,11,2.6,-1,-1
2024-05-04T00:40:21.001Z,U3330030,7420,46.91297,6.99926,27702.8,4.5,2.9,201.0,-55.1,-1.0,-1.0,RS41-SG,403.500,10.1,375,11,2.6,-1,-1
2024-05-04T00:40:22.001Z,U3330030,7421,46.91294,6.99924,27707.0,4.3,3.2,212.7,-55.1,-1.0,-1.0,RS41-SG,403.500,9.8,375,11,2.5,-1,-1
2024-05-04T00:40:23.001Z,U3330030,7422,46.91292,6.99921,27711.9,5.1,3.7,212.7,-55.1,-1.0,-1.0,RS41-SG,403.500,9.8,375,11,2.5,-1,-1
2024-05-04T00:40:25.001Z,U3330030,7424,46.91285,6.99918,27722.7,4.9,4.6,188.7,-55.1,-1.0,-1.0,RS41-SG,403.500,9.3,375,11,2.6,-1,-1
2024-05-04T00:40:26.001Z,U3330030,7425,46.91281,6.99917,27727.1,4.0,4.7,179.0,-55.1,-1.0,-1.0,RS41-SG,403.500,9.3,375,11,2.6,-1,-1
2024-05-04T00:40:28.001Z,U3330030,7427,46.91273,6.99919,27736.7,5.8,3.0,161.0,-55.1,-1.0,-1.0,RS41-SG,403.500,10.6,375,11,2.5,-1,-1
2024-05-04T00:40:29.001Z,U3330030,7428,46.91271,6.99920,27742.2,5.3,1.8,148.6,-55.2,-1.0,-1.0,RS41-SG,403.500,10.1,375,11,2.5,-1,-1
2024-05-04T00:40:30.001Z,U3330030,7429,46.91270,6.99921,27747.1,4.3,0.9,135.8,-55.2,-1.0,-1.0,RS41-SG,403.500,9.4,375,11,2.5,-1,-1
2024-05-04T00:40:32.001Z,U3330030,7431,46.91269,6.99922,27756.7,5.4,1.3,171.1,-55.2,-1.0,-1.0,RS41-SG,403.500,10.6,375,11,2.6,-1,-1
2024-05-04T00:40:45.001Z,U3330030,7444,46.91234,6.99914,27822.7,5.7,4.0,166.4,-55.4,-1.0,-1.0,RS41-SG,403.500,9.8,375,11,2.6,-1,-1
2024-05-04T00:40:46.001Z,U3330030,7445,46.91231,6.99915,27828.5,6.0,3.3,179.9,-55.4,-1.0,-1.0,RS41-SG,403.500,9.8,375,11,2.6,-1,-1
2024-05-04T00:40:47.001Z,U3330030,7446,46.91228,6.99914,27833.8,4.6,2.9,194.9,-55.4,-1.0,-1.0,RS41-SG,403.500,9.5,375,11,2.5,-1,-1
2024-05-04T00:40:48.001Z,U3330030,7447,46.91226,6.99913,27838.2,4.5,2.8,206.0,-55.4,-1.0,-1.0,RS41-SG,403.500,9.0,375,11,2.5,-1,-1
2024-05-04T00:40:49.001Z,U3330030,7448,46.91223,6.99911,27843.2,5.5,3.2,205.6,-55.4,-1.0,-1.0,RS41-SG,403.500,9.8,375,11,2.5,-1,-1
2024-05-04T00:40:50.001Z,U3330030,7449,46.91220,6.99910,27849.1,6.3,3.6,196.7,-55.4,-1.0,-1.0,RS41-SG,403.500,9.8,375,11,2.6,-1,-1
2024-05-04T00:40:52.001Z,U3330030,7451,46.91213,6.99907,27860.1,5.4,4.5,193.4,-55.4,-1.0,-1.0,RS41-SG,403.500,9.6,375,11,2.6,-1,-1
2024-05-04T00:40:55.001Z,U3330030,7454,46.91203,6.99900,27876.0,4.5,4.1,216.6,-55.4,-1.0,-1.0,RS41-SG,403.500,9.7,375,11,2.5,-1,-1
2024-05-04T00:40:58.001Z,U3330030,7457,46.91193,6.99891,27892.4,4.8,5.1,197.8,-55.3,-1.0,-1.0,RS41-SG,403.500,10.4,375,11,2.6,-1,-1
2024-05-04T00:40:59.001Z,U3330030,7458,46.91188,6.99889,27897.1,4.6,5.6,195.1,-55.3,-1.0,-1.0,RS41-SG,403.500,10.4,375,11,2.6,-1,-1
2024-05-04T00:41:01.001Z,U3330030,7460,46.91179,6.99884,27908.0,6.1,5.7,211.1,-55.2,-1.0,-1.0,RS41-SG,403.500,9.0,375,11,2.5,-1,-1
2024-05-04T00:41:03.001Z,U3330030,7462,46.91171,6.99874,27918.4,4.8,6.0,227.9,-55.2,-1.0,-1.0,RS41-SG,403.500,9.7,375,11,2.5,-1,-1
2024-05-04T00:41:04.001Z,U3330030,7463,46.91167,6.99868,27923.3,5.4,6.1,226.9,-55.2,-1.0,-1.0,RS41-SG,403.500,9.7,375,11,2.6,-1,-1
2024-05-04T00:41:08.001Z,U3330030,7467,46.91150,6.99850,27944.9,5.6,5.0,210.8,-55.1,-1.0,-1.0,RS41-SG,403.500,10.0,375,11,2.5,-1,-1
2024-05-04T00:41:10.001Z,U3330030,7469,46.91145,6.99843,27956.1,4.5,3.7,232.5,-55.0,-1.0,-1.0,RS41-SG,403.500,11.1,375,11,2.6,-1,-1
2024-05-04T00:41:12.001Z,U3330030,7471,46.91141,6.99836,27966.4,6.1,3.2,224.1,-54.9,-1.0,-1.0,RS41-SG,403.500,9.2,375,11,2.5,-1,-1
2024-05-04T00:41:13.001Z,U3330030,7472,46.91139,6.99834,27972.4,5.6,3.6,205.2,-54.8,-1.0,-1.0,RS41-SG,403.500,9.9,375,11,2.5,-1,-1
2024-05-04T00:41:14.001Z,U3330030,7473,46.91136,6.99832,27977.2,4.1,4.1,193.4,-54.8,-1.0,-1.0,RS41-SG,403.500,10.5,375,10,2.5,-1,-1
2024-05-04T00:41:16.001Z,U3330030,7475,46.91128,6.99831,27986.8,5.9,3.5,188.4,-54.7,-1.0,-1.0,RS41-SG,403.500,8.9,375,11,2.6,-1,-1
2024-05-04T00:41:23.001Z,U3330030,7482,46.91113,6.99820,28024.3,5.1,3.9,195.1,-54.1,-1.0,-1.0,RS41-SG,403.500,11.2,375,10,2.6,-1,-1
2024-05-04T00:41:24.001Z,U3330030,7483,46.91110,6.99819,28029.9,5.8,3.4,201.2,-54.1,-1.0,-1.0,RS41-SG,403.500,11.2,375,11,2.6,-1,-1
2024-05-04T00:41:27.001Z,U3330030,7486,46.91106,6.99812,28046.3,4.1,2.4,267.5,-54.1,-1.0,-1.0,RS41-SG,403.500,9.6,375,11,2.5,-1,-1
2024-05-04T00:41:28.001Z,U3330030,7487,46.91106,6.99808,28050.8,5.2,2.4,263.9,-54.1,-1.0,-1.0,RS41-SG,403.500,10.1,375,10,2.5,-1,-1
2024-05-04T00:41:31.001Z,U3330030,7490,46.91101,6.99798,28067.0,4.8,4.5,223.9,-54.2,-1.0,-1.0,RS41-SG,403.500,9.2,375,11,2.6,-1,-1
2024-05-04T00:41:33.001Z,U3330030,7492,46.91095,6.99788,28077.6,6.1,5.3,229.7,-54.2,-1.0,-1.0,RS41-SG,403.500,10.8,375,11,2.5,-1,-1
2024-05-04T00:41:34.001Z,U3330030,7493,46.91092,6.99783,28083.1,4.7,5.0,233.2,-54.1,-1.0,-1.0,RS41-SG,403.500,10.2,375,11,2.5,-1,-1
2024-05-04T00:41:41.001Z,U3330030,7500,46.91069,6.99767,28120.0,5.2,3.1,200.0,-54.0,-1.0,-1.0,RS41-SG,403.500,10.2,375,11,2.5,-1,-1
2024-05-04T00:41:44.001Z,U3330030,7503,46.91067,6.99755,28136.2,4.0,4.9,279.4,-54.0,-1.0,-1.0,RS41-SG,403.500,8.7,375,11,2.5,-1,-1
2024-05-04T00:41:46.001Z,U3330030,7505,46.91068,6.99742,28146.5,6.5,5.0,266.8,-53.9,-1.0,-1.0,RS41-SG,403.500,10.0,375,11,2.5,-1,-1
2024-05-04T00:41:47.001Z,U3330030,7506,46.91067,6.99736,28152.7,6.3,4.6,244.3,-53.9,-1.0,-1.0,RS41-SG,403.500,10.3,375,11,2.6,-1,-1
2024-05-04T00:41:48.001Z,U3330030,7507,46.91064,6.99731,28158.1,4.6,4.8,224.0,-53.9,-1.0,-1.0,RS41-SG,403.500,10.3,375,11,2.6,-1,-1
2024-05-04T00:41:49.001Z,U3330030,7508,46.91061,6.99727,28162.6,4.5,5.7,209.9,-53.9,-1.0,-1.0,RS41-SG,403.500,9.5,375,11,2.6,-1,-1
2024-05-04T00:41:50.001Z,U3330030,7509,46.91056,6.99723,28168.0,5.8,6.1,208.2,-53.9,-1.0,-1.0,RS41-SG,403.500,10.4,375,11,2.5,-1,-1
2024-05-04T00:41:52.001Z,U3330030,7511,46.91047,6.99714,28179.5,4.6,6.2,221.3,-53.9,-1.0,-1.0,RS41-SG,403.500,9.7,375,11,2.5,-1,-1
2024-05-04T00:41:56.001Z,U3330030,7515,46.91031,6.99687,28201.6,5.3,7.2,234.2,-53.9,-1.0,-1.0,RS41-SG,403.500,9.1,375,11,2.6,-1,-1
2024-05-04T00:41:59.001Z,U3330030,7518,46.91024,6.99662,28219.1,4.9,6.8,262.2,-53.8,-1.0,-1.0,RS41-SG,403.500,10.1,375,11,2.5,-1,-1
2024-05-04T00:42:01.001Z,U3330030,7520,46.91022,6.99646,28228.9,5.7,6.0,263.3,-53.7,-1.0,-1.0,RS41-SG,403.500,8.6,375,11,2.6,-1,-1
2024-05-04T00:42:04.001Z,U3330030,7523,46.91015,6.99628,28246.0,4.3,6.0,214.0,-53.5,-1.0,-1.0,RS41-SG,403.500,9.8,375,11,2.5,-1,-1
2024-05-04T00:42:05.001Z,U3330030,7524,46.91010,6.99624,28250.2,3.8,6.7,208.1,-53.5,-1.0,-1.0,RS41-SG,403.500,9.8,375,11,2.5,-1,-1
2024-05-04T00:42:07.001Z,U3330030,7526,46.91000,6.99614,28260.4,6.4,6.5,222.8,-53.5,-1.0,-1.0,RS41-SG,403.500,10.9,375,11,2.6,-1,-1
2024-05-04T00:42:10.001Z,U3330030,7529,46.90992,6.99591,28275.9,4.2,7.5,253.2,-53.5,-1.0,-1.0,RS41-SG,403.500,10.5,375,11,2.5,-1,-1
2024-05-04T00:42:12.001Z,U3330030,7531,46.90987,6.99572,28286.2,6.5,8.0,244.7,-53.5,-1.0,-1.0,RS41-SG,403.500,9.2,375,11,2.6,-1,-1
2024-05-04T00:42:14.001Z,U3330030,7533,46.90979,6.99556,28297.4,4.8,7.2,226.8,-53.5,-1.0,-1.0,RS41-SG,403.500,7.8,375,11,2.6,-1,-1
2024-05-04T00:42:19.001Z,U3330030,7538,46.90965,6.99537,28324.8,5.8,2.4,233.1,-53.4,-1.0,-1.0,RS41-SG,403.500,10.1,375,11,2.6,-1,-1
2024-05-04T00:42:23.001Z,U3330030,7542,46.90955,6.99515,28347.2,5.2,7.9,246.4,-53.4,-1.0,-1.0,RS41-SG,403.500,8.5,375,11,2.5,-1,-1
2024-05-04T00:42:25.001Z,U3330030,7544,46.90951,6.99493,28358.4,5.2,9.5,258.8,-53.4,-1.0,-1.0,RS41-SG,403.500,8.5,375,11,2.5,-1,-1
2024-05-04T00:42:27.001Z,U3330030,7546,46.90948,6.99468,28368.8,5.8,9.7,258.1,-53.2,-1.0,-1.0,RS41-SG,403.500,10.0,375,11,2.6,-1,-1
2024-05-04T00:42:28.001Z,U3330030,7547,46.90945,6.99456,28374.8,6.3,9.4,251.0,-53.1,-1.0,-1.0,RS41-SG,403.500,10.0,375,11,2.6,-1,-1
2024-05-04T00:42:30.001Z,U3330030,7549,46.90938,6.99436,28385.9,4.2,8.4,235.5,-53.1,-1.0,-1.0,RS41-SG,403.500,8.0,375,11,2.5,-1,-1
2024-05-04T00:42:33.001Z,U3330030,7552,46.90928,6.99415,28400.8,6.0,4.5,240.3,-53.0,-1.0,-1.0,RS41-SG,403.500,9.2,375,11,2.6,-1,-1
2024-05-04T00:42:38.001Z,U3330030,7557,46.90920,6.99375,28428.0,5.7,10.3,246.9,-53.1,-1.0,-1.0,RS41-SG,403.500,8.3,375,11,2.6,-1,-1
2024-05-04T00:42:47.001Z,U3330030,7566,46.90878,6.99312,28473.7,6.6,6.0,203.3,-53.0,-1.0,-1.0,RS41-SG,403.500,9.8,375,11,2.5,-1,-1
2024-05-04T00:42:48.001Z,U3330030,7567,46.90873,6.99308,28480.2,6.1,7.4,215.1,-53.0,-1.0,-1.0,RS41-SG,403.500,9.7,375,11,2.5,-1,-1
2024-05-04T00:42:49.001Z,U3330030,7568,46.90867,6.99301,28485.9,5.4,8.6,227.1,-53.0,-1.0,-1.0,RS41-SG,403.500,9.7,375,11,2.5,-1,-1
2024-05-04T00:43:15.001Z,U3330030,7594,46.90835,6.99103,28619.1,5.5,2.2,196.0,-51.8,-1.0,-1.0,RS41-SG,403.500,9.0,375,11,2.5,-1,-1
2024-05-04T00:43:43.001Z,U3330030,7622,46.90827,6.99105,28765.7,4.8,4.1,85.2,-51.0,-1.0,-1.0,RS41-SG,403.500,9.5,375,11,2.6,-1,-1
2024-05-04T00:44:01.001Z,U3330030,7640,46.90806,6.99194,28861.6,5.8,6.7,120.6,-50.5,-1.0,-1.0,RS41-SG,403.500,7.5,375,11,2.6,-1,-1
2024-05-04T00:44:07.001Z,U3330030,7646,46.90785,6.99232,28893.0,4.6,3.3,135.1,-50.4,-1.0,-1.0,RS41-SG,403.500,9.7,375,11,2.6,-1,-1
2024-05-04T00:44:09.001Z,U3330030,7648,46.90781,6.99239,28903.1,5.5,3.9,128.5,-50.4,-1.0,-1.0,RS41-SG,403.500,9.0,375,11,2.5,-1,-1
2024-05-04T00:44:25.001Z,U3330030,7664,46.90714,6.99316,28987.5,6.1,5.2,155.9,-50.1,-1.0,-1.0,RS41-SG,403.500,9.1,375,11,2.6,-1,-1
2024-05-04T00:44:26.001Z,U3330030,7665,46.90709,6.99320,28993.6,6.3,6.9,150.9,-50.2,-1.0,-1.0,RS41-SG,403.500,9.8,375,11,2.6,-1,-1
2024-05-04T00:44:36.001Z,U3330030,7675,46.90644,6.99357,29045.6,5.2,6.9,156.0,-50.1,-1.0,-1.0,RS41-SG,403.500,8.3,375,11,2.6,-1,-1
2024-05-04T00:44:45.001Z,U3330030,7684,46.90583,6.99377,29092.8,4.0,10.6,157.2,-50.2,-1.0,-1.0,RS41-SG,403.500,8.5,375,11,2.5,-1,-1
2024-05-04T00:44:52.001Z,U3330030,7691,46.90534,6.99394,29129.2,5.8,6.9,179.4,-49.7,-1.0,-1.0,RS41-SG,403.500,8.8,375,11,2.5,-1,-1
2024-05-04T00:44:54.001Z,U3330030,7693,46.90521,6.99394,29139.2,5.2,7.8,180.5,-49.5,-1.0,-1.0,RS41-SG,403.500,9.2,375,11,2.6,-1,-1
2024-05-04T00:44:55.001Z,U3330030,7694,46.90514,6.99394,29144.9,5.9,8.0,185.7,-49.5,-1.0,-1.0,RS41-SG,403.500,9.0,375,11,2.6,-1,-1
2024-05-04T00:44:57.001Z,U3330030,7696,46.90499,6.99390,29155.9,4.8,8.6,193.6,-49.4,-1.0,-1.0,RS41-SG,403.500,8.9,375,11,2.5,-1,-1
2024-05-04T00:44:59.001Z,U3330030,7698,46.90484,6.99385,29165.8,5.1,9.3,186.3,-49.4,-1.0,-1.0,RS41-SG,403.500,8.7,375,11,2.5,-1,-1
2024-05-04T00:45:00.001Z,U3330030,7699,46.90475,6.99384,29171.1,5.5,9.5,179.9,-49.4,-1.0,-1.0,RS41-SG,403.500,8.7,375,11,2.6,-1,-1
2024-05-04T00:45:03.001Z,U3330030,7702,46.90449,6.99387,29186.9,5.0,9.7,176.8,-49.4,-1.0,-1.0,RS41-SG,403.500,8.5,375,11,2.5,-1,-1
2024-05-04T00:45:04.001Z,U3330030,7703,46.90441,6.99387,29192.4,5.5,9.6,185.7,-49.4,-1.0,-1.0,RS41-SG,403.500,8.7,375,11,2.5,-1,-1
2024-05-04T00:51:46.000Z,U3330030,8105,46.88782,6.99352,31438.2,4.9,5.6,132.7,-43.4,-1.0,-1.0,RS41-SG,403.500,8.4,375,11,2.6,-1,-1
2024-05-04T00:51:50.000Z,U3330030,8109,46.88778,6.99369,31460.8,5.4,2.4,93.0,-43.4,-1.0,-1.0,RS41-SG,403.500,8.6,375,11,2.5,-1,-1
2024-05-04T00:51:52.000Z,U3330030,8111,46.88777,6.99372,31472.2,6.0,1.5,174.6,-43.4,-1.0,-1.0,RS41-SG,403.500,8.5,375,11,2.6,-1,-1
2024-05-04T00:52:13.000Z,U3330030,8132,46.88727,6.99491,31584.3,6.5,9.0,139.2,-42.7,-1.0,-1.0,RS41-SG,403.500,8.5,375,11,2.5,-1,-1
2024-05-04T00:52:20.000Z,U3330030,8139,46.88719,6.99510,31623.0,5.6,4.0,58.7,-42.8,-1.0,-1.0,RS41-SG,403.500,9.0,375,11,2.5,-1,-1
2024-05-04T00:52:31.000Z,U3330030,8150,46.88715,6.99606,31682.9,5.4,7.5,107.1,-42.7,-1.0,-1.0,RS41-SG,403.500,8.5,375,10,2.6,-1,-1
2024-05-04T00:52:37.000Z,U3330030,8156,46.88697,6.99636,31716.7,6.0,1.8,107.1,-42.7,-1.0,-1.0,RS41-SG,403.500,8.6,375,11,2.6,-1,-1
2024-05-04T00:52:44.000Z,U3330030,8163,46.88710,6.99711,31754.4,5.4,14.0,105.1,-42.9,-1.0,-1.0,RS41-SG,403.500,9.7,375,11,2.5,-1,-1
2024-05-04T00:52:45.000Z,U3330030,8164,46.88705,6.99728,31759.4,5.2,13.7,117.8,-43.0,-1.0,-1.0,RS41-SG,403.500,10.2,375,11,2.5,-1,-1
2024-05-04T00:52:46.000Z,U3330030,8165,46.88699,6.99742,31764.4,5.0,12.3,130.3,-42.9,-1.0,-1.0,RS41-SG,403.500,10.2,375,11,2.6,-1,-1
2024-05-04T00:52:47.000Z,U3330030,8166,46.88692,6.99752,31769.4,5.2,10.0,143.1,-42.9,-1.0,-1.0,RS41-SG,403.500,10.2,375,11,2.6,-1,-1
2024-05-04T00:52:53.000Z,U3330030,8172,46.88679,6.99762,31801.0,6.8,4.9,73.1,-42.9,-1.0,-1.0,RS41-SG,403.500,7.7,375,11,2.6,-1,-1
2024-05-04T00:52:56.000Z,U3330030,8175,46.88678,6.99795,31815.9,3.9,11.9,102.1,-42.9,-1.0,-1.0,RS41-SG,403.500,8.5,375,11,2.5,-1,-1
2024-05-04T00:53:07.000Z,U3330030,8186,46.88630,6.99863,31877.6,5.7,6.8,125.4,-43.0,-1.0,-1.0,RS41-SG,403.500,8.8,375,11,2.5,-1,-1
2024-05-04T00:53:10.000Z,U3330030,8189,46.88627,6.99899,31891.8,4.7,11.9,83.4,-43.1,-1.0,-1.0,RS41-SG,403.500,8.3,375,11,2.6,-1,-1
2024-05-04T00:53:11.000Z,U3330030,8190,46.88628,6.99914,31897.1,5.9,11.5,78.6,-43.1,-1.0,-1.0,RS41-SG,403.500,9.7,375,11,2.6,-1,-1
2024-05-04T00:53:13.000Z,U3330030,8192,46.88631,6.99938,31910.4,6.7,6.3,89.2,-43.2,-1.0,-1.0,RS41-SG,403.500,9.7,375,11,2.5,-1,-1
2024-05-04T00:53:14.000Z,U3330030,8193,46.88630,6.99944,31916.8,6.0,4.0,126.0,-43.2,-1.0,-1.0,RS41-SG,403.500,9.7,375,10,2.5,-1,-1
2024-05-04T00:53:22.000Z,U3330030,8201,46.88583,6.99967,31956.4,3.6,7.6,94.8,-43.3,-1.0,-1.0,RS41-SG,403.500,8.6,375,11,2.6,-1,-1
2024-05-04T00:53:23.000Z,U3330030,8202,46.88584,6.99977,31960.3,4.0,7.7,78.4,-43.3,-1.0,-1.0,RS41-SG,403.500,8.0,375,11,2.5,-1,-1
2024-05-04T00:53:24.000Z,U3330030,8203,46.88586,6.99986,31965.1,5.3,7.1,67.4,-43.3,-1.0,-1.0,RS41-SG,403.500,9.1,375,11,2.5,-1,-1
2024-05-04T00:53:26.000Z,U3330030,8205,46.88589,6.99998,31978.3,6.9,2.2,83.4,-43.3,-1.0,-1.0,RS41-SG,403.500,9.8,375,11,2.6,-1,-1
2024-05-04T00:53:27.000Z,U3330030,8206,46.88588,7.00000,31984.3,5.1,2.0,165.1,-43.3,-1.0,-1.0,RS41-SG,403.500,9.8,375,11,2.6,-1,-1
2024-05-04T00:53:30.000Z,U3330030,8209,46.88574,6.99997,31997.0,5.0,7.4,183.0,-43.3,-1.0,-1.0,RS41-SG,403.500,9.6,375,11,2.5,-1,-1
2024-05-04T00:53:33.000Z,U3330030,8212,46.88556,7.00004,32013.3,4.7,6.2,145.9,-43.3,-1.0,-1.0,RS41-SG,403.500,9.3,375,11,2.6,-1,-1
2024-05-04T00:53:35.000Z,U3330030,8214,46.88550,7.00014,32023.0,5.2,4.3,122.9,-43.3,-1.0,-1.0,RS41-SG,403.500,9.2,375,10,2.5,-1,-1
2024-05-04T00:53:40.000Z,U3330030,8219,46.88543,7.00024,32049.4,4.7,2.1,161.2,-43.4,-1.0,-1.0,RS41-SG,403.500,9.0,375,11,2.5,-1,-1
2024-05-04T00:53:52.000Z,U3330030,8231,46.88513,7.00011,32115.3,6.1,4.0,229.3,-43.4,-1.0,-1.0,RS41-SG,403.500,9.4,375,11,2.5,-1,-1
2024-05-04T00:53:54.000Z,U3330030,8233,46.88510,7.00010,32126.8,5.3,2.5,125.9,-43.4,-1.0,-1.0,RS41-SG,403.500,9.1,375,11,2.6,-1,-1
2024-05-04T00:53:55.000Z,U3330030,8234,46.88508,7.00014,32131.6,4.2,4.0,109.5,-43.4,-1.0,-1.0,RS41-SG,403.500,10.7,375,11,2.6,-1,-1
2024-05-04T00:53:56.000Z,U3330030,8235,46.88507,7.00019,32136.1,4.7,4.5,111.7,-43.4,-1.0,-1.0,RS41-SG,403.500,10.7,375,11,2.6,-1,-1
2024-05-04T00:53:58.000Z,U3330030,8237,46.88503,7.00026,32147.3,6.0,3.2,164.1,-43.5,-1.0,-1.0,RS41-SG,403.500,10.1,375,11,2.5,-1,-1
2024-05-04T00:53:59.000Z,U3330030,8238,46.88500,7.00026,32153.5,5.9,4.3,208.9,-43.5,-1.0,-1.0,RS41-SG,403.500,9.9,375,11,2.5,-1,-1
2024-05-04T00:54:00.000Z,U3330030,8239,46.88496,7.00021,32158.8,4.5,6.2,228.2,-43.6,-1.0,-1.0,RS41-SG,403.500,10.3,375,11,2.6,-1,-1
2024-05-04T00:54:01.000Z,U3330030,8240,46.88493,7.00014,32163.0,3.7,7.8,238.7,-43.6,-1.0,-1.0,RS41-SG,403.500,10.3,375,11,2.6,-1,-1
2024-05-04T00:54:02.000Z,U3330030,8241,46.88489,7.00004,32167.1,4.6,8.4,246.4,-43.6,-1.0,-1.0,RS41-SG,403.500,9.5,375,11,2.6,-1,-1
2024-05-04T00:54:07.000Z,U3330030,8246,46.88485,6.99974,32194.2,5.6,1.1,222.5,-43.6,-1.0,-1.0,RS41-SG,403.500,9.1,375,11,2.6,-1,-1
2024-05-04T00:54:08.000Z,U3330030,8247,46.88484,6.99973,32200.2,6.2,2.2,190.5,-43.6,-1.0,-1.0,RS41-SG,403.500,10.8,375,11,2.6,-1,-1
2024-05-04T00:54:09.000Z,U3330030,8248,46.88481,6.99972,32206.5,6.0,3.9,193.2,-43.6,-1.0,-1.0,RS41-SG,403.500,10.8,375,11,2.5,-1,-1
2024-05-04T00:54:10.000Z,U3330030,8249,46.88477,6.99971,32212.0,5.1,5.3,200.1,-43.6,-1.0,-1.0,RS41-SG,403.500,11.2,375,11,2.5,-1,-1
2024-05-04T00:54:12.000Z,U3330030,8251,46.88467,6.99963,32221.4,4.8,6.9,215.0,-43.7,-1.0,-1.0,RS41-SG,403.500,9.7,375,11,2.5,-1,-1
2024-05-04T00:54:14.000Z,U3330030,8253,46.88459,6.99950,32231.8,5.5,6.5,240.0,-43.7,-1.0,-1.0,RS41-SG,403.500,10.1,375,11,2.6,-1,-1
2024-05-04T00:54:18.000Z,U3330030,8257,46.88457,6.99916,32251.2,4.8,7.7,276.6,-43.5,-1.0,-1.0,RS41-SG,403.500,10.5,375,11,2.5,-1,-1
2024-05-04T00:54:24.000Z,U3330030,8263,46.88442,6.99866,32282.9,5.1,5.6,197.7,-43.4,-1.0,-1.0,RS41-SG,403.500,9.8,375,11,2.5,-1,-1
2024-05-04T00:54:25.000Z,U3330030,8264,46.88438,6.99865,32288.0,5.3,4.7,177.7,-43.4,-1.0,-1.0,RS41-SG,403.500,9.4,375,11,2.6,-1,-1
2024-05-04T00:54:27.000Z,U3330030,8266,46.88431,6.99867,32298.5,5.3,2.6,157.8,-43.4,-1.0,-1.0,RS41-SG,403.500,10.2,375,11,2.6,-1,-1
2024-05-04T00:54:28.000Z,U3330030,8267,46.88430,6.99867,32303.8,5.4,1.5,196.4,-43.3,-1.0,-1.0,RS41-SG,403.500,10.2,375,11,2.5,-1,-1
2024-05-04T00:54:31.000Z,U3330030,8270,46.88428,6.99849,32319.2,4.5,9.4,266.7,-43.2,-1.0,-1.0,RS41-SG,403.500,11.3,375,11,2.5,-1,-1
2024-05-04T00:54:32.000Z,U3330030,8271,46.88427,6.99835,32323.4,4.0,11.9,266.4,-43.2,-1.0,-1.0,RS41-SG,403.500,10.5,375,11,2.6,-1,-1
2024-05-04T00:54:33.000Z,U3330030,8272,46.88426,6.99819,32327.3,4.0,13.2,265.9,-43.2,-1.0,-1.0,RS41-SG,403.500,9.5,375,11,2.6,-1,-1
2024-05-04T00:54:34.000Z,U3330030,8273,46.88425,6.99802,32332.0,5.2,12.6,265.9,-43.2,-1.0,-1.0,RS41-SG,403.500,8.9,375,11,2.6,-1,-1
2024-05-04T00:54:36.000Z,U3330030,8275,46.88424,6.99776,32344.2,6.0,6.3,268.7,-43.1,0.4,-1.0,RS41-SG,403.500,8.1,375,11,2.5,-1,-1
2024-05-04T00:54:37.000Z,U3330030,8276,46.88424,6.99770,32349.8,5.1,2.6,275.2,-43.1,0.4,-1.0,RS41-SG,403.500,9.2,375,11,2.5,-1,-1
2024-05-04T00:54:38.000Z,U3330030,8277,46.88424,6.99769,32354.2,3.5,0.7,48.2,-43.0,0.4,-1.0,RS41-SG,403.500,11.0,375,11,2.6,-1,-1
2024-05-04T00:54:39.000Z,U3330030,8278,46.88425,6.99771,32357.5,3.0,2.7,82.0,-43.0,0.4,-1.0,RS41-SG,403.500,11.5,375,11,2.6,-1,-1
2024-05-04T00:54:40.000Z,U3330030,8279,46.88425,6.99775,32361.3,4.6,3.6,92.0,-42.9,0.4,-1.0,RS41-SG,403.500,12.3,375,11,2.6,-1,-1
2024-05-04T00:54:41.000Z,U3330030,8280,46.88424,6.99779,32366.9,6.4,2.4,110.6,-42.8,0.4,-1.0,RS41-SG,403.500,12.3,375,11,2.5,-1,-1
2024-05-04T00:54:42.000Z,U3330030,8281,46.88423,6.99781,32373.6,6.9,1.6,191.4,-42.8,0.4,-1.0,RS41-SG,403.500,11.8,375,11,2.5,-1,-1
2024-05-04T00:54:43.000Z,U3330030,8282,46.88422,6.99778,32379.4,4.6,3.7,234.9,-42.7,0.4,-1.0,RS41-SG,403.500,11.1,375,11,2.5,-1,-1
2024-05-04T00:54:44.000Z,U3330030,8283,46.88420,6.99773,32383.4,3.3,6.1,247.3,-42.6,0.4,-1.0,RS41-SG,403.500,10.9,375,11,2.6,-1,-1
2024-05-04T00:54:45.000Z,U3330030,8284,46.88418,6.99764,32386.8,3.5,8.3,255.6,-42.6,0.4,-1.0,RS41-SG,403.500,10.5,375,10,2.6,-1,-1
2024-05-04T00:54:46.000Z,U3330030,8285,46.88416,6.99753,32390.9,4.5,9.2,260.3,-42.6,0.4,-1.0,RS41-SG,403.500,9.8,375,10,2.6,-1,-1
2024-05-04T00:54:47.000Z,U3330030,8286,46.88415,6.99741,32396.0,5.4,8.7,267.2,-42.5,0.4,-1.0,RS41-SG,403.500,9.7,375,10,2.5,-1,-1
2024-05-04T00:54:49.000Z,U3330030,8288,46.88416,6.99722,32407.2,5.4,5.8,281.3,-42.5,0.4,-1.0,RS41-SG,403.500,10.2,375,10,2.5,-1,-1
2024-05-04T00:54:52.000Z,U3330030,8291,46.88419,6.99707,32420.3,4.5,2.8,285.3,-42.3,0.4,-1.0,RS41-SG,403.500,10.7,375,10,2.5,-1,-1
2024-05-04T00:54:53.000Z,U3330030,8292,46.88420,6.99703,32425.3,5.4,3.1,265.1,-42.2,0.4,-1.0,RS41-SG,403.500,11.2,375,10,2.5,-1,-1
2024-05-04T00:54:54.000Z,U3330030,8293,46.88419,6.99698,32430.8,5.6,4.3,256.8,-42.1,0.4,-1.0,RS41-SG,403.500,11.4,375,10,2.6,-1,-1
2024-05-04T00:54:57.000Z,U3330030,8296,46.88416,6.99676,32444.8,4.5,7.0,266.6,-42.0,0.4,-1.0,RS41-SG,403.500,10.2,375,10,2.5,-1,-1
2024-05-04T00:54:59.000Z,U3330030,8298,46.88418,6.99658,32454.8,5.2,6.7,294.1,-42.0,0.4,-1.0,RS41-SG,403.500,10.4,375,10,2.6,-1,-1
2024-05-04T00:55:00.000Z,U3330030,8299,46.88421,6.99651,32459.9,5.2,6.5,308.3,-41.9,0.4,-1.0,RS41-SG,403.500,12.3,375,10,2.6,-1,-1
2024-05-04T00:55:01.000Z,U3330030,8300,46.88425,6.99644,32465.0,4.8,6.2,316.7,-41.9,0.4,-1.0,RS41-SG,403.500,12.3,375,10,2.6,-1,-1
2024-05-04T00:55:02.000Z,U3330030,8301,46.88429,6.99639,32469.8,4.6,5.9,318.3,-41.8,0.4,-1.0,RS41-SG,403.500,11.5,375,10,2.5,-1,-1
2024-05-04T00:55:06.000Z,U3330030,8305,46.88437,6.99612,32488.7,4.8,7.6,268.9,-41.6,0.4,-1.0,RS41-SG,403.500,10.6,375,10,2.6,-1,-1
2024-05-04T00:55:08.000Z,U3330030,8307,46.88436,6.99589,32498.3,4.5,9.5,270.4,-41.6,0.3,-1.0,RS41-SG,403.500,10.0,375,10,2.5,-1,-1
2024-05-04T00:55:09.000Z,U3330030,8308,46.88437,6.99577,32503.1,4.8,9.4,276.4,-41.5,0.4,-1.0,RS41-SG,403.500,9.2,375,10,2.5,-1,-1
2024-05-04T00:55:11.000Z,U3330030,8310,46.88441,6.99556,32513.4,5.1,6.9,300.9,-41.4,0.4,-1.0,RS41-SG,403.500,8.8,375,10,2.6,-1,-1
2024-05-04T00:55:12.000Z,U3330030,8311,46.88445,6.99550,32518.1,4.6,5.8,318.4,-41.3,0.4,-1.0,RS41-SG,403.500,8.8,375,10,2.6,-1,-1
2024-05-04T00:55:14.000Z,U3330030,8313,46.88452,6.99544,32526.9,4.3,4.2,341.5,-41.2,0.4,-1.0,RS41-SG,403.500,9.6,375,10,2.5,-1,-1
2024-05-04T00:55:16.000Z,U3330030,8315,46.88457,6.99538,32536.9,5.5,3.6,285.9,-41.1,0.4,-1.0,RS41-SG,403.500,11.2,375,10,2.6,-1,-1
2024-05-04T00:55:17.000Z,U3330030,8316,46.88457,6.99532,32542.5,5.3,5.8,264.3,-41.1,0.4,-1.0,RS41-SG,403.500,11.2,375,10,2.5,-1,-1
2024-05-04T00:55:19.000Z,U3330030,8318,46.88455,6.99510,32552.0,4.3,11.3,260.4,-41.2,0.4,-1.0,RS41-SG,403.500,10.5,375,10,2.5,-1,-1
2024-05-04T00:55:26.000Z,U3330030,8325,46.88484,6.99427,32585.4,4.2,9.9,1.3,-41.4,0.4,-1.0,RS41-SG,403.500,10.6,375,10,2.6,-1,-1
2024-05-04T00:55:27.000Z,U3330030,8326,46.88492,6.99429,32589.7,5.0,8.6,15.3,-41.4,0.4,-1.0,RS41-SG,403.500,10.6,375,10,2.6,-1,-1
2024-05-04T00:55:29.000Z,U3330030,8328,46.88502,6.99435,32600.8,5.9,2.6,35.9,-41.3,0.4,-1.0,RS41-SG,403.500,10.4,375,10,2.5,-1,-1
2024-05-04T00:55:30.000Z,U3330030,8329,46.88502,6.99435,32606.4,5.3,1.5,227.8,-41.3,0.4,-1.0,RS41-SG,403.500,10.4,375,10,2.5,-1,-1
2024-05-04T00:55:32.000Z,U3330030,8331,46.88497,6.99423,32615.5,3.8,9.2,243.3,-41.3,0.4,-1.0,RS41-SG,403.500,11.6,375,10,2.6,-1,-1
2024-05-04T00:55:33.000Z,U3330030,8332,46.88494,6.99410,32619.5,4.2,11.8,254.1,-41.3,0.4,-1.0,RS41-SG,403.500,9.4,375,10,2.6,-1,-1
2024-05-04T00:55:35.000Z,U3330030,8334,46.88494,6.99377,32630.0,6.2,13.2,285.3,-41.3,0.4,-1.0,RS41-SG,403.500,9.5,375,10,2.5,-1,-1
2024-05-04T00:55:41.000Z,U3330030,8340,46.88546,6.99351,32657.2,5.5,8.2,36.4,-41.3,0.4,-1.0,RS41-SG,403.500,9.7,375,10,2.6,-1,-1
2024-05-04T00:55:43.000Z,U3330030,8342,46.88550,6.99361,32668.4,4.7,2.0,113.1,-41.3,0.4,-1.0,RS41-SG,403.500,10.7,375,10,2.5,-1,-1
2024-05-04T00:55:45.000Z,U3330030,8344,46.88546,6.99357,32676.7,4.5,5.6,234.8,-41.2,0.4,-1.0,RS41-SG,403.500,10.6,375,10,2.6,-1,-1
2024-05-04T00:55:46.000Z,U3330030,8345,46.88544,6.99350,32681.9,5.8,7.7,258.5,-41.2,0.4,-1.0,RS41-SG,403.500,10.6,375,10,2.6,-1,-1
2024-05-04T00:55:49.000Z,U3330030,8348,46.88553,6.99314,32698.3,3.0,11.9,311.9,-41.2,0.4,-1.0,RS41-SG,403.500,9.1,375,10,2.5,-1,-1
2024-05-04T00:55:51.000Z,U3330030,8350,46.88572,6.99295,32705.4,5.1,13.6,335.7,-41.2,0.4,-1.0,RS41-SG,403.500,10.3,375,10,2.6,-1,-1
2024-05-04T00:55:53.000Z,U3330030,8352,46.88593,6.99286,32716.6,5.5,10.6,350.6,-41.2,0.4,-1.0,RS41-SG,403.500,8.9,375,10,2.6,-1,-1
2024-05-04T00:55:56.000Z,U3330030,8355,46.88612,6.99289,32730.6,4.2,4.9,35.5,-41.2,0.4,-1.0,RS41-SG,403.500,10.4,375,10,2.5,-1,-1
2024-05-04T00:55:57.000Z,U3330030,8356,46.88615,6.99293,32734.9,4.6,4.2,53.8,-41.2,0.4,-1.0,RS41-SG,403.500,10.9,375,10,2.6,-1,-1
2024-05-04T00:55:58.000Z,U3330030,8357,46.88617,6.99297,32740.0,5.6,3.1,64.2,-41.2,0.3,-1.0,RS41-SG,403.500,11.9,375,10,2.6,-1,-1
2024-05-04T00:55:59.000Z,U3330030,8358,46.88618,6.99300,32745.5,5.8,2.0,54.7,-41.2,0.4,-1.0,RS41-SG,403.500,11.9,375,10,2.6,-1,-1
2024-05-04T00:56:00.000Z,U3330030,8359,46.88619,6.99301,32751.4,5.4,1.4,351.5,-41.2,0.4,-1.0,RS41-SG,403.500,11.5,375,10,2.5,-1,-1
2024-05-04T00:56:01.000Z,U3330030,8360,46.88621,6.99299,32756.4,5.0,3.3,311.4,-41.2,0.4,-1.0,RS41-SG,403.500,11.5,375,10,2.5,-1,-1
2024-05-04T00:56:03.000Z,U3330030,8362,46.88627,6.99286,32766.0,4.9,8.2,302.3,-41.2,0.4,-1.0,RS41-SG,403.500,11.2,375,10,2.5,-1,-1
2024-05-04T00:56:05.000Z,U3330030,8364,46.88636,6.99266,32776.3,5.8,10.7,309.5,-41.3,0.4,-1.0,RS41-SG,403.500,8.8,375,10,2.6,-1,-1
2024-05-04T00:56:07.000Z,U3330030,8366,46.88651,6.99249,32788.5,6.2,10.0,333.7,-41.4,0.4,-1.0,RS41-SG,403.500,9.4,375,10,2.5,-1,-1
2024-05-04T00:56:08.000Z,U3330030,8367,46.88659,6.99245,32794.3,5.4,9.5,354.2,-41.4,0.4,-1.0,RS41-SG,403.500,9.4,375,9,2.5,-1,-1
2024-05-04T00:56:09.000Z,U3330030,8368,46.88667,6.99246,32799.4,4.6,9.9,15.2,-41.3,0.4,-1.0,RS41-SG,403.500,8.7,375,10,2.5,-1,-1
2024-05-04T00:56:10.000Z,U3330030,8369,46.88676,6.99252,32803.7,4.0,10.7,34.9,-41.3,0.4,-1.0,RS41-SG,403.500,8.5,375,10,2.6,-1,-1
2024-05-04T00:56:13.000Z,U3330030,8372,46.88690,6.99286,32816.4,5.4,9.4,80.2,-41.2,0.4,-1.0,RS41-SG,403.500,10.9,375,10,2.5,-1,-1
2024-05-04T00:56:14.000Z,U3330030,8373,46.88691,6.99297,32822.2,5.7,6.9,98.9,-41.2,0.4,-1.0,RS41-SG,403.500,10.8,375,10,2.5,-1,-1
2024-05-04T00:56:15.000Z,U3330030,8374,46.88689,6.99303,32828.1,5.5,4.2,129.8,-41.1,0.4,-1.0,RS41-SG,403.500,10.7,375,10,2.5,-1,-1
2024-05-04T00:56:22.000Z,U3330030,8381,46.88710,6.99264,32862.6,5.1,13.0,2.0,-41.0,0.4,-1.0,RS41-SG,403.500,10.2,375,10,2.6,-1,-1
2024-05-04T00:56:23.000Z,U3330030,8382,46.88722,6.99268,32867.5,4.5,14.0,21.0,-41.0,0.4,-1.0,RS41-SG,403.500,10.0,375,10,2.6,-1,-1
2024-05-04T00:56:24.000Z,U3330030,8383,46.88733,6.99277,32871.8,4.2,14.4,37.7,-41.0,0.4,-1.0,RS41-SG,403.500,10.4,375,10,2.6,-1,-1
2024-05-04T00:56:26.000Z,U3330030,8385,46.88747,6.99305,32880.6,4.7,12.4,72.8,-40.9,0.4,-1.0,RS41-SG,403.500,9.4,375,10,2.5,-1,-1
2024-05-04T00:56:28.000Z,U3330030,8387,46.88746,6.99331,32890.4,4.9,8.0,118.7,-40.8,0.3,-1.0,RS41-SG,403.500,10.3,375,10,2.5,-1,-1
2024-05-04T00:56:29.000Z,U3330030,8388,46.88742,6.99337,32895.0,4.2,6.1,150.0,-40.8,0.3,-1.0,RS41-SG,403.500,10.1,375,10,2.6,-1,-1
2024-05-04T00:56:30.000Z,U3330030,8389,46.88737,6.99339,32899.2,4.0,4.7,190.4,-40.8,0.4,-1.0,RS41-SG,403.500,10.1,375,10,2.6,-1,-1
2024-05-04T00:56:35.000Z,U3330030,8394,46.88756,6.99318,32921.5,4.2,12.2,4.7,-40.6,0.4,-1.0,RS41-SG,403.500,9.4,375,10,2.6,-1,-1
2024-05-04T00:56:37.000Z,U3330030,8396,46.88776,6.99330,32930.1,4.6,12.9,38.0,-40.4,0.4,-1.0,RS41-SG,403.500,9.8,375,10,2.6,-1,-1
2024-05-04T00:56:39.000Z,U3330030,8398,46.88788,6.99355,32939.6,4.8,10.2,77.6,-40.3,0.3,-1.0,RS41-SG,403.500,8.4,375,10,2.5,-1,-1
2024-05-04T00:56:45.000Z,U3330030,8404,46.88774,6.99375,32967.4,5.7,4.9,306.2,-40.1,0.3,-1.0,RS41-SG,403.500,9.2,375,10,2.5,-1,-1
2024-05-04T00:56:46.000Z,U3330030,8405,46.88778,6.99370,32972.7,4.8,8.1,333.7,-40.0,0.3,-1.0,RS41-SG,403.500,9.2,375,10,2.5,-1,-1
2024-05-04T00:56:48.000Z,U3330030,8407,46.88797,6.99364,32979.5,2.6,13.2,357.2,-40.0,0.3,-1.0,RS41-SG,403.500,8.5,375,10,2.6,-1,-1
2024-05-04T00:56:49.000Z,U3330030,8408,46.88809,6.99365,32982.6,3.6,14.1,4.6,-39.9,0.3,-1.0,RS41-SG,403.500,9.6,375,10,2.6,-1,-1
2024-05-04T00:56:50.000Z,U3330030,8409,46.88821,6.99367,32987.3,5.4,13.2,11.7,-39.9,0.3,-1.0,RS41-SG,403.500,9.9,375,10,2.5,-1,-1
2024-05-04T00:56:51.000Z,U3330030,8410,46.88831,6.99371,32993.5,6.6,10.4,18.6,-39.9,0.3,-1.0,RS41-SG,403.500,9.9,375,10,2.5,-1,-1
2024-05-04T00:56:52.000Z,U3330030,8411,46.88838,6.99376,33000.2,6.6,7.0,28.3,-39.9,0.3,-1.0,RS41-SG,403.500,9.4,375,10,2.5,-1,-1
2024-05-04T00:56:56.000Z,U3330030,8415,46.88840,6.99389,33016.4,4.5,3.9,148.2,-39.8,0.3,-1.0,RS41-SG,403.500,9.2,375,10,2.5,-1,-1
2024-05-04T00:56:57.000Z,U3330030,8416,46.88838,6.99392,33021.7,6.3,3.2,138.3,-39.8,0.3,-1.0,RS41-SG,403.500,10.1,375,10,2.6,-1,-1
2024-05-04T00:56:58.000Z,U3330030,8417,46.88836,6.99394,33028.0,6.4,2.3,98.9,-39.8,0.3,-1.0,RS41-SG,403.500,10.1,375,10,2.6,-1,-1
2024-05-04T00:57:00.000Z,U3330030,8419,46.88840,6.99399,33038.6,4.2,4.9,16.3,-39.7,0.3,-1.0,RS41-SG,403.500,9.4,375,10,2.5,-1,-1
2024-05-04T00:57:01.000Z,U3330030,8420,46.88845,6.99400,33042.5,3.7,6.8,2.0,-39.7,0.3,-1.0,RS41-SG,403.500,9.6,375,10,2.5,-1,-1
2024-05-04T00:57:02.000Z,U3330030,8421,46.88852,6.99400,33046.3,4.1,8.5,351.9,-39.7,0.4,-1.0,RS41-SG,403.500,9.6,375,10,2.6,-1,-1
2024-05-04T00:57:04.000Z,U3330030,8423,46.88867,6.99393,33056.2,5.8,8.4,335.2,-39.7,0.3,-1.0,RS41-SG,403.500,9.8,375,10,2.6,-1,-1
2024-05-04T00:57:06.000Z,U3330030,8425,46.88877,6.99385,33067.9,5.3,3.9,325.5,-39.7,0.3,-1.0,RS41-SG,403.500,10.3,375,10,2.5,-1,-1
2024-05-04T00:57:11.000Z,U3330030,8430,46.88873,6.99407,33089.7,4.9,7.6,101.9,-39.8,0.3,-1.0,RS41-SG,403.500,10.0,375,9,2.5,-1,-1
2024-05-04T00:57:13.000Z,U3330030,8432,46.88874,6.99422,33101.6,6.4,4.1,52.1,-39.8,0.4,-1.0,RS41-SG,403.500,9.5,375,10,2.5,-1,-1
2024-05-04T00:57:14.000Z,U3330030,8433,46.88877,6.99424,33107.4,5.3,4.5,359.6,-39.7,0.3,-1.0,RS41-SG,403.500,9.6,375,10,2.6,-1,-1
2024-05-04T00:57:15.000Z,U3330030,8434,46.88882,6.99422,33112.2,3.9,7.3,333.6,-39.7,0.3,-1.0,RS41-SG,403.500,9.6,375,10,2.6,-1,-1
2024-05-04T00:57:16.000Z,U3330030,8435,46.88888,6.99416,33115.9,3.1,10.1,323.1,-39.6,0.3,-1.0,RS41-SG,403.500,9.8,375,10,2.6,-1,-1
2024-05-04T00:57:22.000Z,U3330030,8441,46.88929,6.99390,33147.2,3.4,6.2,51.7,-39.3,0.3,-1.0,RS41-SG,403.500,9.3,375,10,2.6,-1,-1
2024-05-04T00:57:23.000Z,U3330030,8442,46.88932,6.99398,33150.3,2.5,7.5,78.2,-39.3,0.3,-1.0,RS41-SG,403.500,9.0,375,10,2.5,-1,-1
2024-05-04T00:57:25.000Z,U3330030,8444,46.88931,6.99418,33158.4,6.0,7.2,107.0,-39.2,0.3,-1.0,RS41-SG,403.500,8.8,375,10,2.5,-1,-1
2024-05-04T00:57:26.000Z,U3330030,8445,46.88929,6.99425,33164.6,7.0,4.7,118.0,-39.1,0.3,-1.0,RS41-SG,403.500,10.2,375,10,2.6,-1,-1
2024-05-04T00:57:27.000Z,U3330030,8446,46.88927,6.99429,33171.2,6.1,1.6,138.7,-39.1,0.3,-1.0,RS41-SG,403.500,10.2,375,10,2.6,-1,-1
2024-05-04T00:57:33.000Z,U3330030,8452,46.88961,6.99406,33199.5,4.3,12.0,355.6,-39.1,0.3,-1.0,RS41-SG,403.500,7.9,375,10,2.5,-1,-1
2024-05-04T00:57:39.000Z,U3330030,8458,46.88997,6.99419,33229.2,4.2,1.0,54.4,-39.1,0.3,-1.0,RS41-SG,403.500,8.6,375,10,2.5,-1,-1
2024-05-04T00:57:41.000Z,U3330030,8460,46.88998,6.99420,33238.6,5.2,0.7,1.5,-39.1,0.3,-1.0,RS41-SG,403.500,8.3,375,10,2.6,-1,-1
2024-05-04T00:57:46.000Z,U3330030,8465,46.89024,6.99425,33265.3,4.0,11.3,4.6,-39.3,0.3,-1.0,RS41-SG,403.500,8.2,375,10,2.5,-1,-1
2024-05-04T00:58:13.000Z,U3330030,8492,46.89130,6.99435,33405.4,3.9,8.6,359.8,-39.3,0.3,-1.0,RS41-SG,403.500,9.5,375,10,2.6,-1,-1
2024-05-04T00:58:14.000Z,U3330030,8493,46.89138,6.99433,33408.7,2.7,10.6,344.4,-39.3,0.3,-1.0,RS41-SG,403.500,9.5,375,10,2.6,-1,-1
2024-05-04T00:58:20.000Z,U3330030,8499,46.89170,6.99400,33439.7,4.1,0.7,152.6,-39.4,0.3,-1.0,RS41-SG,403.500,9.2,375,10,2.6,-1,-1
2024-05-04T00:58:24.000Z,U3330030,8503,46.89174,6.99419,33459.6,6.0,7.3,35.9,-39.5,0.3,-1.0,RS41-SG,403.500,10.5,375,10,2.6,-1,-1
2024-05-04T00:58:26.000Z,U3330030,8505,46.89189,6.99426,33470.4,4.6,10.9,1.5,-39.4,0.4,-1.0,RS41-SG,403.500,9.0,375,10,2.6,-1,-1
2024-05-04T00:58:27.000Z,U3330030,8506,46.89200,6.99424,33475.0,4.3,12.3,348.4,-39.3,0.3,-1.0,RS41-SG,403.500,9.5,375,10,2.5,-1,-1
2024-05-04T00:58:28.000Z,U3330030,8507,46.89210,6.99419,33479.9,4.9,12.4,337.8,-39.3,0.3,-1.0,RS41-SG,403.500,9.5,375,10,2.5,-1,-1
2024-05-04T00:58:35.000Z,U3330030,8514,46.89227,6.99400,33515.7,5.2,6.1,99.7,-39.2,0.3,-1.0,RS41-SG,403.500,8.9,375,10,2.5,-1,-1
2024-05-04T00:58:40.000Z,U3330030,8519,46.89254,6.99428,33542.7,4.1,11.8,348.6,-39.2,0.3,-1.0,RS41-SG,403.500,9.0,375,10,2.5,-1,-1
2024-05-04T00:58:54.000Z,U3330030,8533,46.89328,6.99411,33614.4,4.8,10.5,334.2,-39.0,0.3,-1.0,RS41-SG,403.500,7.7,375,9,2.5,-1,-1
2024-05-04T00:59:21.000Z,U3330030,8560,46.89468,6.99447,33752.4,3.3,10.8,335.0,-39.3,0.3,-1.0,RS41-SG,403.500,7.5,375,10,2.5,-1,-1
2024-05-04T01:00:49.000Z,U3330030,8648,46.89670,7.00406,34170.1,6.5,15.5,74.3,-38.7,0.3,-1.0,RS41-SG,403.500,9.2,375,11,2.6,-1,-1
2024-05-04T01:01:15.000Z,U3330030,8674,46.89651,7.00738,34287.4,5.0,18.2,68.3,-38.1,0.3,-1.0,RS41-SG,403.500,8.1,375,11,2.5,-1,-1
2024-05-04T01:16:46.001Z,U3330030,9605,46.94034,7.17248,27806.9,-96.1,2.7,202.4,-273.0,-1.0,-1.0,RS41,403.501,8.6,-750,12,2.6,-1,-1
2024-05-04T01:16:47.001Z,U3330030,9606,46.94031,7.17246,27711.7,-96.1,3.3,213.3,-273.0,-1.0,-1.0,RS41,403.501,9.2,-750,12,2.5,-1,-1
