timestamp,serial,frame,lat,lon,alt,vel_v,vel_h,heading,temp,humidity,pressure,type,freq_mhz,snr,f_error_hz,sats,batt_v,burst_timer,aux_data
2024-04-30T00:55:09.000Z,U3320783,8388,47.27859,7.20477,32043.3,4.7,8.4,119.5,-273.0,-1.0,-1.0,RS41,403.500,8.1,187,10,2.6,-1,-1
2024-04-30T00:55:11.000Z,U3320783,8390,47.27853,7.20495,32054.0,6.0,6.5,114.3,-273.0,-1.0,-1.0,RS41,403.500,9.0,187,10,2.5,-1,-1
2024-04-30T00:55:12.000Z,U3320783,8391,47.27851,7.20502,32060.1,6.7,5.0,126.6,-273.0,-1.0,-1.0,RS41,403.500,9.0,187,10,2.5,-1,-1
2024-04-30T00:55:17.000Z,U3320783,8396,47.27832,7.20509,32088.2,6.8,4.3,167.8,-273.0,-1.0,-1.0,RS41,403.500,7.8,187,11,2.5,-1,-1
2024-04-30T00:55:18.000Z,U3320783,8397,47.27828,7.20511,32094.5,5.8,4.6,149.9,-273.0,-1.0,-1.0,RS41,403.500,7.9,187,11,2.5,-1,-1
2024-04-30T00:55:19.000Z,U3320783,8398,47.27825,7.20515,32100.0,5.4,5.7,137.1,-273.0,-1.0,-1.0,RS41-SG,403.500,8.0,187,11,2.6,-1,-1
2024-04-30T00:55:20.000Z,U3320783,8399,47.27821,7.20521,32105.3,5.2,7.3,132.1,-273.0,-1.0,-1.0,RS41-SG,403.500,8.0,187,10,2.6,-1,-1
2024-04-30T00:55:21.000Z,U3320783,8400,47.27816,7.20528,32110.8,5.6,8.7,133.8,-273.0,-1.0,-1.0,RS41-SG,403.500,8.0,187,11,2.6,-1,-1
2024-04-30T00:55:22.000Z,U3320783,8401,47.27810,7.20537,32116.7,6.0,10.0,138.7,-273.0,-1.0,-1.0,RS41-SG,403.500,8.0,187,11,2.5,-1,-1
2024-04-30T00:55:36.000Z,U3320783,8415,47.27733,7.20581,32194.2,5.7,12.0,152.6,-273.0,-1.0,-1.0,RS41-SG,403.500,7.7,187,11,2.6,-1,-1
2024-04-30T00:55:37.000Z,U3320783,8416,47.27724,7.20589,32200.4,6.7,11.2,146.4,-273.0,-1.0,-1.0,RS41-SG,403.500,7.4,187,11,2.5,-1,-1
2024-04-30T00:55:50.000Z,U3320783,8429,47.27648,7.20613,32272.4,4.9,9.5,141.0,-273.0,-1.0,-1.0,RS41-SG,403.500,7.0,187,11,2.6,-1,-1
2024-04-30T00:55:59.000Z,U3320783,8438,47.27581,7.20670,32321.6,4.5,4.1,169.8,-273.0,-1.0,-1.0,RS41-SG,403.500,8.5,187,11,2.5,-1,-1
2024-04-30T00:56:12.000Z,U3320783,8451,47.27482,7.20711,32395.8,4.9,10.0,185.1,-273.0,-1.0,-1.0,RS41-SG,403.500,7.3,187,11,2.5,-1,-1
2024-04-30T00:56:21.000Z,U3320783,8460,47.27421,7.20721,32446.5,6.0,11.0,169.1,-273.0,-1.0,-1.0,RS41-SG,403.500,8.2,187,11,2.6,-1,-1
2024-04-30T00:56:35.000Z,U3320783,8474,47.27311,7.20724,32522.2,5.4,12.1,173.7,-273.0,-1.0,-1.0,RS41-SG,403.500,8.1,187,11,2.5,-1,-1
2024-04-30T00:56:40.000Z,U3320783,8479,47.27275,7.20725,32548.9,5.0,5.3,165.5,-273.0,-1.0,-1.0,RS41-SG,403.500,8.2,187,10,2.6,-1,-1
2024-04-30T00:56:45.000Z,U3320783,8484,47.27236,7.20750,32575.9,4.8,13.1,164.3,-273.0,-1.0,-1.0,RS41-SG,403.500,8.9,187,11,2.6,-1,-1
2024-04-30T00:56:46.000Z,U3320783,8485,47.27224,7.20754,32581.2,5.3,12.9,171.8,-273.0,-1.0,-1.0,RS41-SG,403.500,8.9,187,11,2.6,-1,-1
2024-04-30T00:56:56.000Z,U3320783,8495,47.27147,7.20776,32635.8,5.0,13.7,137.7,-273.0,-1.0,-1.0,RS41-SG,403.500,9.2,187,11,2.6,-1,-1
2024-04-30T00:56:57.000Z,U3320783,8496,47.27138,7.20788,32641.5,6.7,13.4,138.0,-273.0,-1.0,-1.0,RS41-SG,403.500,9.2,187,11,2.6,-1,-1
2024-04-30T00:57:00.000Z,U3320783,8499,47.27112,7.20814,32659.0,4.9,10.1,159.9,-273.0,-1.0,-1.0,RS41-SG,403.500,8.0,187,11,2.5,-1,-1
2024-04-30T00:57:11.000Z,U3320783,8510,47.27024,7.20859,32720.3,5.5,10.1,127.9,-273.0,-1.0,-1.0,RS41-SG,403.500,8.4,187,11,2.5,-1,-1
2024-04-30T00:57:12.000Z,U3320783,8511,47.27018,7.20869,32726.1,5.9,11.7,137.8,-273.0,-1.0,-1.0,RS41-SG,403.500,8.4,187,11,2.5,-1,-1
2024-04-30T00:57:14.000Z,U3320783,8513,47.26997,7.20888,32737.9,5.2,15.6,157.5,-273.0,-1.0,-1.0,RS41-SG,403.500,8.2,187,11,2.6,-1,-1
2024-04-30T00:57:15.000Z,U3320783,8514,47.26983,7.20895,32742.9,4.6,16.9,163.6,-273.0,-1.0,-1.0,RS41-SG,403.500,8.2,187,11,2.6,-1,-1
2024-04-30T00:57:19.000Z,U3320783,8518,47.26932,7.20907,32765.7,5.9,9.4,175.8,-273.0,-1.0,-1.0,RS41-SG,403.500,8.0,187,11,2.5,-1,-1
2024-04-30T00:57:24.000Z,U3320783,8523,47.26907,7.20922,32792.3,6.9,8.3,145.8,-273.0,-1.0,-1.0,RS41-SG,403.500,6.8,187,11,2.5,-1,-1
2024-04-30T00:57:25.000Z,U3320783,8524,47.26900,7.20928,32798.5,5.3,10.4,151.5,-273.0,-1.0,-1.0,RS41-SG,403.500,8.5,187,11,2.5,-1,-1
2024-04-30T00:57:29.000Z,U3320783,8528,47.26857,7.20949,32819.9,6.6,12.4,172.0,-273.0,-1.0,-1.0,RS41-SG,403.500,7.5,187,11,2.5,-1,-1
2024-04-30T00:57:30.000Z,U3320783,8529,47.26847,7.20950,32826.0,5.3,11.2,176.5,-273.0,-1.0,-1.0,RS41-SG,403.500,7.8,187,11,2.5,-1,-1
2024-04-30T00:57:34.000Z,U3320783,8533,47.26813,7.20945,32846.2,5.4,9.0,192.5,-273.0,-1.0,-1.0,RS41-SG,403.500,8.6,187,11,2.6,-1,-1
2024-04-30T00:57:42.000Z,U3320783,8541,47.26758,7.20945,32892.1,5.6,6.9,153.6,-273.0,-1.0,-1.0,RS41-SG,403.500,8.8,187,11,2.5,-1,-1
2024-04-30T00:57:44.000Z,U3320783,8543,47.26745,7.20954,32903.0,5.7,9.5,157.7,-273.0,-1.0,-1.0,RS41-SG,403.500,8.5,187,11,2.6,-1,-1
2024-04-30T00:57:56.000Z,U3320783,8555,47.26657,7.20939,32970.6,6.0,10.1,135.3,-273.0,-1.0,-1.0,RS41-SG,403.500,8.0,187,11,2.6,-1,-1
2024-04-30T00:58:00.000Z,U3320783,8559,47.26615,7.20970,32991.9,6.0,14.2,174.3,-273.0,-1.0,-1.0,RS41-SG,403.500,8.0,187,11,2.5,-1,-1
2024-04-30T00:58:02.000Z,U3320783,8561,47.26592,7.20965,33003.9,5.5,11.7,204.9,-273.0,-1.0,-1.0,RS41-SG,403.500,8.7,187,11,2.6,-1,-1
2024-04-30T00:58:13.000Z,U3320783,8572,47.26511,7.20991,33064.3,6.2,12.5,143.7,-273.0,-1.0,-1.0,RS41-SG,403.500,7.6,187,11,2.5,-1,-1
2024-04-30T01:00:32.000Z,U3320783,8711,47.25208,7.22128,33831.3,5.0,24.0,145.6,-273.0,-1.0,-1.0,RS41-SG,403.500,7.9,187,11,2.6,-1,-1
2024-04-30T01:02:04.000Z,U3320783,8803,47.23909,7.22849,34287.1,6.7,14.7,146.8,-273.0,-1.0,-1.0,RS41-SG,403.500,7.7,187,11,2.6,-1,-1
2024-04-30T01:02:14.000Z,U3320783,8813,47.23827,7.22896,34334.3,2.9,19.2,157.5,-273.0,-1.0,-1.0,RS41-SG,403.500,8.3,187,11,2.6,-1,-1
2024-04-30T01:02:15.000Z,U3320783,8814,47.23810,7.22906,34337.9,4.4,20.1,157.9,-273.0,-1.0,-1.0,RS41-SG,403.500,8.3,187,11,2.6,-1,-1
2024-04-30T01:02:19.000Z,U3320783,8818,47.23756,7.22932,34360.6,3.9,11.0,167.3,-273.0,-1.0,-1.0,RS41-SG,403.500,7.7,187,11,2.5,-1,-1
2024-04-30T01:02:20.000Z,U3320783,8819,47.23747,7.22935,34364.6,4.1,8.3,167.6,-273.0,-1.0,-1.0,RS41-SG,403.500,8.3,187,11,2.6,-1,-1
2024-04-30T01:02:27.000Z,U3320783,8826,47.23699,7.22984,34399.3,4.7,13.8,146.8,-273.0,-1.0,-1.0,RS41-SG,403.500,7.6,187,11,2.6,-1,-1
2024-04-30T01:02:28.000Z,U3320783,8827,47.23688,7.22993,34404.3,5.4,14.0,152.7,-273.0,-1.0,-1.0,RS41-SG,403.500,8.0,187,11,2.6,-1,-1
2024-04-30T01:02:37.000Z,U3320783,8836,47.23589,7.23049,34450.7,4.7,13.9,144.8,-273.0,-1.0,-1.0,RS41-SG,403.500,7.6,187,11,2.5,-1,-1
2024-04-30T01:02:39.000Z,U3320783,8838,47.23570,7.23070,34461.6,5.8,11.9,142.4,-273.0,-1.0,-1.0,RS41-SG,403.500,8.3,187,11,2.6,-1,-1
2024-04-30T01:02:40.000Z,U3320783,8839,47.23562,7.23078,34467.5,5.8,10.6,145.7,-273.0,-1.0,-1.0,RS41-SG,403.500,8.0,187,11,2.6,-1,-1
2024-04-30T01:02:41.000Z,U3320783,8840,47.23554,7.23085,34472.8,4.8,9.7,150.2,-273.0,-1.0,-1.0,RS41-SG,403.500,8.6,187,11,2.5,-1,-1
2024-04-30T01:02:42.000Z,U3320783,8841,47.23547,7.23091,34477.8,4.9,9.5,157.6,-273.0,-1.0,-1.0,RS41-SG,403.500,9.2,187,11,2.5,-1,-1
2024-04-30T01:02:43.000Z,U3320783,8842,47.23538,7.23095,34482.9,5.2,10.5,162.9,-273.0,-1.0,-1.0,RS41-SG,403.500,9.2,187,11,2.5,-1,-1
2024-04-30T01:02:45.000Z,U3320783,8844,47.23517,7.23104,34493.7,5.4,14.3,165.4,-273.0,-1.0,-1.0,RS41-SG,403.500,7.5,187,11,2.6,-1,-1
2024-04-30T01:02:46.000Z,U3320783,8845,47.23504,7.23109,34498.8,4.7,15.6,165.0,-273.0,-1.0,-1.0,RS41-SG,403.500,8.7,187,11,2.6,-1,-1
2024-04-30T01:02:49.000Z,U3320783,8848,47.23463,7.23127,34514.0,5.5,14.6,161.1,-273.0,-1.0,-1.0,RS41-SG,403.500,7.8,187,11,2.5,-1,-1
2024-04-30T01:02:50.000Z,U3320783,8849,47.23452,7.23133,34519.3,5.5,12.6,160.3,-273.0,-1.0,-1.0,RS41-SG,403.500,8.9,187,11,2.6,-1,-1
2024-04-30T01:02:51.000Z,U3320783,8850,47.23442,7.23138,34524.6,5.2,10.3,160.0,-273.0,-1.0,-1.0,RS41-SG,403.500,8.9,187,11,2.6,-1,-1
2024-04-30T01:02:54.000Z,U3320783,8853,47.23420,7.23148,34539.6,4.9,8.3,168.1,-273.0,-1.0,-1.0,RS41-SG,403.500,7.0,187,11,2.5,-1,-1
2024-04-30T01:02:55.000Z,U3320783,8854,47.23412,7.23150,34545.1,5.5,9.7,170.6,-273.0,-1.0,-1.0,RS41-SG,403.500,7.6,187,11,2.5,-1,-1
2024-04-30T01:02:59.000Z,U3320783,8858,47.23361,7.23166,34565.8,4.2,18.8,165.6,-273.0,-1.0,-1.0,RS41-SG,403.500,8.3,187,11,2.5,-1,-1
2024-04-30T01:03:00.000Z,U3320783,8859,47.23344,7.23172,34570.5,5.0,18.6,163.5,-273.0,-1.0,-1.0,RS41-SG,403.500,8.3,187,11,2.5,-1,-1
2024-04-30T01:03:04.000Z,U3320783,8863,47.23298,7.23195,34593.2,4.6,7.8,164.2,-273.0,-1.0,-1.0,RS41-SG,403.500,7.5,187,11,2.6,-1,-1
2024-04-30T01:03:05.000Z,U3320783,8864,47.23292,7.23197,34597.6,4.0,5.9,170.3,-273.0,-1.0,-1.0,RS41-SG,403.500,7.5,187,11,2.5,-1,-1
2024-04-30T01:14:48.999Z,U3320783,9568,47.16166,7.24493,37713.5,3.1,18.2,152.9,-273.0,-1.0,-1.0,RS41,403.501,7.0,-937,10,2.5,-1,-1
2024-04-30T01:14:49.999Z,U3320783,9569,47.16152,7.24504,37716.9,3.4,18.0,154.1,-273.0,-1.0,-1.0,RS41,403.501,7.5,-937,10,2.5,-1,-1
2024-04-30T01:15:05.999Z,U3320783,9585,47.15930,7.24604,37767.2,3.6,17.4,155.8,-273.0,-1.0,-1.0,RS41,403.501,6.8,-937,10,2.5,-1,-1
2024-04-30T01:23:45.999Z,U3320783,10105,47.10112,7.24879,31769.2,-43.8,8.3,141.2,-273.0,-1.0,-1.0,RS41,403.500,8.1,187,10,2.5,-1,-1
2024-04-30T01:23:47.999Z,U3320783,10107,47.10101,7.24892,31682.4,-43.3,8.1,144.4,-273.0,-1.0,-1.0,RS41,403.500,7.9,187,11,2.6,-1,-1
2024-04-30T01:24:00.999Z,U3320783,10120,47.10042,7.24921,31138.3,-40.5,4.7,146.8,-273.0,-1.0,-1.0,RS41,403.500,8.0,187,11,2.6,-1,-1
2024-04-30T01:24:18.999Z,U3320783,10138,47.09943,7.24920,30425.7,-38.7,4.2,140.7,-273.0,-1.0,-1.0,RS41,403.500,7.7,187,11,2.6,-1,-1
2024-04-30T01:24:19.999Z,U3320783,10139,47.09940,7.24922,30387.8,-38.2,1.9,152.1,-273.0,-1.0,-1.0,RS41,403.500,8.0,187,12,2.6,-1,-1
2024-04-30T01:24:20.999Z,U3320783,10140,47.09939,7.24923,30349.9,-39.0,2.0,175.7,-273.0,-1.0,-1.0,RS41,403.500,8.2,187,11,2.6,-1,-1
2024-04-30T01:24:23.999Z,U3320783,10143,47.09935,7.24913,30235.6,-38.6,5.5,251.1,-273.0,-1.0,-1.0,RS41,403.500,7.5,187,12,2.5,-1,-1
