timestamp,serial,frame,lat,lon,alt,vel_v,vel_h,heading,temp,humidity,pressure,type,freq_mhz,snr,f_error_hz,sats,batt_v,burst_timer,aux_data
2024-06-20T00:45:39.999Z,V2851178,7864,45.93353,9.17245,31086.4,4.6,13.9,271.5,-273.0,-1.0,-1.0,RS41,404.900,8.3,0,11,2.6,-1,-1
2024-06-20T00:45:54.999Z,V2851178,7879,45.93380,9.16936,31164.5,5.7,13.9,263.9,-273.0,-1.0,-1.0,RS41,404.900,7.9,-187,11,2.5,-1,-1
2024-06-20T00:45:55.999Z,V2851178,7880,45.93379,9.16917,31170.5,5.7,16.0,266.8,-273.0,-1.0,-1.0,RS41,404.900,7.9,-187,11,2.5,-1,-1
2024-06-20T00:45:56.999Z,V2851178,7881,45.93379,9.16895,31176.1,5.6,18.3,270.8,-273.0,-1.0,-1.0,RS41,404.900,7.9,-187,11,2.5,-1,-1
2024-06-20T00:46:02.999Z,V2851178,7887,45.93394,9.16733,31206.0,5.3,22.0,283.4,-273.0,-1.0,-1.0,RS41,404.900,7.7,-187,11,2.5,-1,-1
2024-06-20T00:46:06.999Z,V2851178,7891,45.93413,9.16636,31229.2,5.9,16.0,284.7,-273.0,-1.0,-1.0,RS41,404.900,7.6,-187,11,2.6,-1,-1
2024-06-20T00:46:07.999Z,V2851178,7892,45.93416,9.16617,31234.6,4.6,14.3,281.4,-273.0,-1.0,-1.0,RS41,404.900,7.6,-187,11,2.6,-1,-1
2024-06-20T00:46:08.999Z,V2851178,7893,45.93418,9.16600,31239.1,4.2,13.6,277.8,-273.0,-1.0,-1.0,RS41,404.900,7.5,-187,11,2.5,-1,-1
2024-06-20T00:46:09.999Z,V2851178,7894,45.93419,9.16582,31243.9,5.4,14.0,275.4,-273.0,-1.0,-1.0,RS41,404.900,7.9,0,11,2.5,-1,-1
2024-06-20T00:46:11.999Z,V2851178,7896,45.93422,9.16542,31255.0,5.4,17.7,276.4,-273.0,-1.0,-1.0,RS41,404.900,9.0,0,11,2.5,-1,-1
2024-06-20T00:46:12.999Z,V2851178,7897,45.93424,9.16518,31260.2,5.1,19.7,276.3,-273.0,-1.0,-1.0,RS41,404.900,10.1,0,11,2.6,-1,-1
2024-06-20T00:46:13.999Z,V2851178,7898,45.93426,9.16492,31265.5,5.3,21.2,275.3,-273.0,-1.0,-1.0,RS41,404.900,10.1,0,11,2.6,-1,-1
2024-06-20T00:46:17.999Z,V2851178,7902,45.93432,9.16382,31287.3,5.4,20.3,277.1,-273.0,-1.0,-1.0,RS41,404.900,8.2,-187,11,2.5,-1,-1
2024-06-20T00:46:18.999Z,V2851178,7903,45.93435,9.16357,31292.5,5.6,18.9,280.9,-273.0,-1.0,-1.0,RS41,404.900,8.2,-187,11,2.5,-1,-1
2024-06-20T00:46:19.999Z,V2851178,7904,45.93438,9.16334,31298.1,5.9,17.1,285.4,-273.0,-1.0,-1.0,RS41,404.900,7.8,-187,11,2.6,-1,-1
2024-06-20T00:46:20.999Z,V2851178,7905,45.93443,9.16314,31303.7,5.2,15.4,290.3,-273.0,-1.0,-1.0,RS41,404.900,7.9,-187,11,2.6,-1,-1
2024-06-20T00:46:21.999Z,V2851178,7906,45.93448,9.16297,31308.6,4.9,13.6,293.5,-273.0,-1.0,-1.0,RS41,404.900,8.5,-187,11,2.6,-1,-1
2024-06-20T00:46:22.999Z,V2851178,7907,45.93452,9.16282,31313.8,5.3,11.9,293.5,-273.0,-1.0,-1.0,RS41,404.900,8.5,-187,11,2.5,-1,-1
2024-06-20T00:46:23.999Z,V2851178,7908,45.93456,9.16268,31319.3,5.1,11.2,289.8,-273.0,-1.0,-1.0,RS41,404.900,9.0,-187,11,2.5,-1,-1
2024-06-20T00:46:24.999Z,V2851178,7909,45.93459,9.16254,31324.7,5.6,11.9,284.2,-273.0,-1.0,-1.0,RS41,404.900,9.0,0,11,2.5,-1,-1
2024-06-20T00:46:25.999Z,V2851178,7910,45.93461,9.16238,31330.5,6.0,14.0,279.6,-273.0,-1.0,-1.0,RS41,404.900,9.0,0,11,2.5,-1,-1
2024-06-20T00:46:27.999Z,V2851178,7912,45.93465,9.16196,31341.8,4.4,19.1,275.7,-273.0,-1.0,-1.0,RS41,404.900,8.8,0,11,2.6,-1,-1
2024-06-20T00:46:32.999Z,V2851178,7917,45.93472,9.16069,31367.4,5.9,15.9,275.7,-273.0,-1.0,-1.0,RS41,404.900,8.5,0,11,2.5,-1,-1
2024-06-20T00:46:33.999Z,V2851178,7918,45.93474,9.16050,31372.4,4.5,13.5,278.6,-273.0,-1.0,-1.0,RS41,404.900,8.5,-187,11,2.6,-1,-1
2024-06-20T00:46:34.999Z,V2851178,7919,45.93476,9.16034,31376.5,3.7,11.8,284.2,-273.0,-1.0,-1.0,RS41,404.900,8.1,-187,11,2.6,-1,-1
2024-06-20T00:46:35.999Z,V2851178,7920,45.93479,9.16020,31380.1,4.0,11.2,291.7,-273.0,-1.0,-1.0,RS41,404.900,8.4,-187,11,2.6,-1,-1
2024-06-20T00:46:37.999Z,V2851178,7922,45.93489,9.15993,31388.8,4.8,12.5,299.5,-273.0,-1.0,-1.0,RS41,404.900,7.8,-187,11,2.5,-1,-1
2024-06-20T00:46:38.999Z,V2851178,7923,45.93494,9.15978,31393.9,5.1,13.9,298.9,-273.0,-1.0,-1.0,RS41,404.900,8.4,-187,11,2.5,-1,-1
2024-06-20T00:46:40.999Z,V2851178,7925,45.93506,9.15943,31403.8,4.9,16.3,291.0,-273.0,-1.0,-1.0,RS41,404.900,8.9,0,11,2.6,-1,-1
2024-06-20T00:46:41.999Z,V2851178,7926,45.93511,9.15922,31408.4,4.6,17.0,284.6,-273.0,-1.0,-1.0,RS41,404.900,9.6,0,11,2.6,-1,-1
2024-06-20T00:46:46.999Z,V2851178,7931,45.93509,9.15818,31433.4,6.4,14.2,260.4,-273.0,-1.0,-1.0,RS41,404.900,8.7,0,11,2.5,-1,-1
2024-06-20T00:46:47.999Z,V2851178,7932,45.93507,9.15801,31439.7,6.3,12.5,267.4,-273.0,-1.0,-1.0,RS41,404.900,8.7,-187,11,2.6,-1,-1
2024-06-20T00:46:49.999Z,V2851178,7934,45.93509,9.15771,31449.4,4.1,11.1,284.5,-273.0,-1.0,-1.0,RS41,404.900,9.3,-187,11,2.6,-1,-1
2024-06-20T00:46:51.999Z,V2851178,7936,45.93516,9.15744,31459.6,6.0,11.3,290.2,-273.0,-1.0,-1.0,RS41,404.900,10.0,-187,11,2.5,-1,-1
2024-06-20T00:46:52.999Z,V2851178,7937,45.93519,9.15730,31465.7,5.9,12.0,286.1,-273.0,-1.0,-1.0,RS41,404.900,10.4,0,11,2.5,-1,-1
2024-06-20T00:46:54.999Z,V2851178,7939,45.93523,9.15697,31475.7,4.6,14.2,276.9,-273.0,-1.0,-1.0,RS41-SG,404.900,9.2,-187,11,2.6,-1,-1
2024-06-20T00:46:57.999Z,V2851178,7942,45.93528,9.15635,31491.0,5.3,18.0,274.8,-273.0,-1.0,-1.0,RS41-SG,404.900,8.3,0,11,2.5,-1,-1
2024-06-20T00:47:04.999Z,V2851178,7949,45.93526,9.15499,31526.3,4.7,9.2,261.6,-273.0,-1.0,-1.0,RS41-SG,404.900,7.4,-187,11,2.5,-1,-1
2024-06-20T00:47:07.999Z,V2851178,7952,45.93528,9.15471,31541.7,5.3,7.1,292.0,-273.0,-1.0,-1.0,RS41-SG,404.900,8.9,-187,11,2.6,-1,-1
2024-06-20T00:47:08.999Z,V2851178,7953,45.93531,9.15461,31547.6,6.2,9.0,292.0,-273.0,-1.0,-1.0,RS41-SG,404.900,8.7,-187,11,2.6,-1,-1
2024-06-20T00:47:09.999Z,V2851178,7954,45.93534,9.15449,31553.8,6.6,11.6,286.1,-273.0,-1.0,-1.0,RS41-SG,404.900,7.9,0,11,2.5,-1,-1
2024-06-20T00:47:10.999Z,V2851178,7955,45.93536,9.15433,31559.8,5.2,14.2,280.8,-273.0,-1.0,-1.0,RS41-SG,404.900,8.0,0,10,2.5,-1,-1
2024-06-20T00:47:12.999Z,V2851178,7957,45.93540,9.15391,31568.8,5.1,18.2,272.8,-273.0,-1.0,-1.0,RS41-SG,404.900,8.5,0,11,2.6,-1,-1
2024-06-20T00:47:15.999Z,V2851178,7960,45.93540,9.15322,31584.4,4.3,16.8,270.3,-273.0,-1.0,-1.0,RS41-SG,404.900,9.5,0,11,2.5,-1,-1
2024-06-20T00:47:18.999Z,V2851178,7963,45.93539,9.15263,31599.4,5.2,14.4,266.8,-273.0,-1.0,-1.0,RS41-SG,404.900,8.1,-187,11,2.6,-1,-1
2024-06-20T00:47:21.999Z,V2851178,7966,45.93539,9.15212,31615.6,5.6,12.0,274.3,-273.0,-1.0,-1.0,RS41-SG,404.900,7.6,0,11,2.5,-1,-1
2024-06-20T00:47:24.999Z,V2851178,7969,45.93544,9.15165,31631.8,6.3,14.0,278.6,-273.0,-1.0,-1.0,RS41-SG,404.900,9.2,0,11,2.6,-1,-1
2024-06-20T00:47:25.999Z,V2851178,7970,45.93545,9.15146,31637.8,5.6,16.2,275.3,-273.0,-1.0,-1.0,RS41-SG,404.900,9.2,0,11,2.6,-1,-1
2024-06-20T00:47:26.999Z,V2851178,7971,45.93546,9.15124,31642.8,4.2,18.2,272.9,-273.0,-1.0,-1.0,RS41-SG,404.900,9.0,0,11,2.6,-1,-1
2024-06-20T00:47:27.999Z,V2851178,7972,45.93547,9.15099,31647.4,4.5,19.8,271.3,-273.0,-1.0,-1.0,RS41-SG,404.900,9.0,0,11,2.5,-1,-1
2024-06-20T00:47:30.999Z,V2851178,7975,45.93548,9.15022,31663.6,4.6,19.2,273.0,-273.0,-1.0,-1.0,RS41-SG,404.900,7.6,0,11,2.5,-1,-1
2024-06-20T00:47:33.999Z,V2851178,7978,45.93552,9.14952,31678.1,5.2,18.1,276.0,-273.0,-1.0,-1.0,RS41-SG,404.900,8.8,-187,11,2.6,-1,-1
2024-06-20T00:47:36.999Z,V2851178,7981,45.93558,9.14884,31693.6,5.5,17.2,280.1,-273.0,-1.0,-1.0,RS41-SG,404.900,8.1,0,11,2.5,-1,-1
2024-06-20T00:47:38.999Z,V2851178,7983,45.93565,9.14842,31703.1,4.0,16.7,285.1,-273.0,-1.0,-1.0,RS41-SG,404.900,9.4,0,11,2.6,-1,-1
2024-06-20T00:47:39.999Z,V2851178,7984,45.93569,9.14821,31707.6,4.9,17.4,285.1,-273.0,-1.0,-1.0,RS41-SG,404.900,8.8,0,11,2.6,-1,-1
2024-06-20T00:47:40.999Z,V2851178,7985,45.93573,9.14798,31712.7,5.3,18.8,283.5,-273.0,-1.0,-1.0,RS41-SG,404.900,8.4,0,11,2.6,-1,-1
2024-06-20T00:47:43.999Z,V2851178,7988,45.93583,9.14720,31727.7,5.2,22.1,278.5,-273.0,-1.0,-1.0,RS41-SG,404.900,8.6,0,11,2.5,-1,-1
2024-06-20T00:47:47.999Z,V2851178,7992,45.93596,9.14617,31747.6,4.2,18.3,283.9,-273.0,-1.0,-1.0,RS41-SG,404.900,8.4,0,11,2.5,-1,-1
2024-06-20T00:47:48.999Z,V2851178,7993,45.93600,9.14595,31751.7,4.5,18.2,285.8,-273.0,-1.0,-1.0,RS41-SG,404.900,8.8,0,11,2.5,-1,-1
2024-06-20T00:47:50.999Z,V2851178,7995,45.93610,9.14549,31761.0,4.9,19.0,288.7,-273.0,-1.0,-1.0,RS41-SG,404.900,8.9,0,11,2.6,-1,-1
2024-06-20T00:47:51.999Z,V2851178,7996,45.93616,9.14526,31765.5,4.4,19.4,290.2,-273.0,-1.0,-1.0,RS41-SG,404.900,8.9,0,11,2.6,-1,-1
2024-06-20T00:47:52.999Z,V2851178,7997,45.93622,9.14502,31769.9,4.5,19.9,291.7,-273.0,-1.0,-1.0,RS41-SG,404.900,8.8,-187,11,2.5,-1,-1
2024-06-20T00:47:53.999Z,V2851178,7998,45.93629,9.14479,31774.5,4.6,20.3,293.1,-273.0,-1.0,-1.0,RS41-SG,404.900,8.8,0,11,2.5,-1,-1
2024-06-20T00:47:54.999Z,V2851178,7999,45.93636,9.14454,31779.5,5.1,20.7,293.2,-273.0,-1.0,-1.0,RS41-SG,404.900,8.5,-187,11,2.5,-1,-1
2024-06-20T00:47:55.999Z,V2851178,8000,45.93643,9.14430,31784.6,5.0,20.7,292.4,-273.0,-1.0,-1.0,RS41-SG,404.900,9.0,0,11,2.5,-1,-1
2024-06-20T00:47:56.999Z,V2851178,8001,45.93650,9.14405,31789.1,4.3,20.5,290.0,-273.0,-1.0,-1.0,RS41-SG,404.900,9.6,0,11,2.6,-1,-1
2024-06-20T00:47:57.999Z,V2851178,8002,45.93656,9.14381,31793.2,4.4,20.0,285.8,-273.0,-1.0,-1.0,RS41-SG,404.900,9.7,0,11,2.6,-1,-1
2024-06-20T00:47:58.999Z,V2851178,8003,45.93660,9.14356,31797.6,4.2,19.5,280.5,-273.0,-1.0,-1.0,RS41-SG,404.900,9.7,0,11,2.6,-1,-1
2024-06-20T00:47:59.999Z,V2851178,8004,45.93662,9.14331,31801.9,4.0,19.0,274.6,-273.0,-1.0,-1.0,RS41-SG,404.900,8.8,0,11,2.5,-1,-1
2024-06-20T00:48:02.999Z,V2851178,8007,45.93663,9.14259,31815.6,4.9,18.4,272.9,-273.0,-1.0,-1.0,RS41-SG,404.900,8.7,0,11,2.5,-1,-1
2024-06-20T00:48:05.999Z,V2851178,8010,45.93675,9.14194,31830.8,4.2,17.5,299.5,-273.0,-1.0,-1.0,RS41-SG,404.900,9.3,-187,11,2.6,-1,-1
2024-06-20T00:48:06.999Z,V2851178,8011,45.93684,9.14175,31834.5,3.0,17.7,305.7,-273.0,-1.0,-1.0,RS41-SG,404.900,9.3,-187,11,2.5,-1,-1
2024-06-20T00:48:07.999Z,V2851178,8012,45.93693,9.14157,31837.9,3.5,17.9,308.6,-273.0,-1.0,-1.0,RS41-SG,404.900,9.9,0,11,2.5,-1,-1
2024-06-20T00:48:08.999Z,V2851178,8013,45.93703,9.14139,31842.1,4.8,18.0,305.9,-39.8,-1.0,-1.0,RS41-SG,404.900,9.9,0,11,2.5,-1,-1
2024-06-20T00:48:09.999Z,V2851178,8014,45.93712,9.14119,31847.4,5.5,18.2,298.4,-39.7,-1.0,-1.0,RS41-SG,404.900,9.2,0,11,2.5,-1,-1
2024-06-20T00:48:10.999Z,V2851178,8015,45.93718,9.14098,31852.7,5.3,18.8,289.8,-39.7,-1.0,-1.0,RS41-SG,404.900,9.6,0,10,2.6,-1,-1
2024-06-20T00:48:12.999Z,V2851178,8017,45.93726,9.14049,31860.8,2.8,20.5,276.3,-39.7,-1.0,-1.0,RS41-SG,404.900,9.4,0,11,2.6,-1,-1
2024-06-20T00:48:13.999Z,V2851178,8018,45.93727,9.14022,31863.7,3.1,21.0,273.7,-39.6,-1.0,-1.0,RS41-SG,404.900,9.3,0,11,2.5,-1,-1
2024-06-20T00:48:18.999Z,V2851178,8023,45.93749,9.13902,31885.1,3.8,18.9,301.5,-39.4,-1.0,-1.0,RS41-SG,404.900,8.9,-187,11,2.6,-1,-1
2024-06-20T00:48:19.999Z,V2851178,8024,45.93759,9.13881,31888.6,3.4,19.1,305.1,-39.3,-1.0,-1.0,RS41-SG,404.900,8.5,-187,11,2.6,-1,-1
2024-06-20T00:48:20.999Z,V2851178,8025,45.93768,9.13861,31892.4,3.7,18.9,304.9,-39.3,-1.0,-1.0,RS41-SG,404.900,8.9,0,11,2.5,-1,-1
2024-06-20T00:48:21.999Z,V2851178,8026,45.93777,9.13841,31896.8,4.7,18.3,300.3,-39.3,-1.0,-1.0,RS41-SG,404.900,8.9,0,11,2.5,-1,-1
2024-06-20T00:48:22.999Z,V2851178,8027,45.93784,9.13821,31901.8,5.1,17.6,291.9,-39.2,-1.0,-1.0,RS41-SG,404.900,9.6,0,11,2.5,-1,-1
2024-06-20T00:48:23.999Z,V2851178,8028,45.93789,9.13799,31906.7,4.3,17.2,282.5,-39.2,-1.0,-1.0,RS41-SG,404.900,9.6,0,11,2.6,-1,-1
2024-06-20T00:48:25.999Z,V2851178,8030,45.93791,9.13756,31913.8,3.2,17.0,267.1,-39.2,-1.0,-1.0,RS41-SG,404.900,9.3,-187,11,2.5,-1,-1
2024-06-20T00:48:29.999Z,V2851178,8034,45.93792,9.13670,31931.2,4.7,17.6,282.8,-39.0,-1.0,-1.0,RS41-SG,404.900,9.0,0,11,2.6,-1,-1
2024-06-20T00:48:30.999Z,V2851178,8035,45.93797,9.13647,31935.8,4.4,19.0,289.4,-39.0,-1.0,-1.0,RS41-SG,404.900,9.0,0,11,2.5,-1,-1
2024-06-20T00:48:33.999Z,V2851178,8038,45.93819,9.13575,31948.0,4.5,20.8,296.2,-38.9,-1.0,-1.0,RS41-SG,404.900,8.2,0,11,2.6,-1,-1
2024-06-20T00:48:36.999Z,V2851178,8041,45.93841,9.13510,31962.9,4.7,15.5,293.0,-38.8,-1.0,-1.0,RS41-SG,404.900,8.9,0,11,2.5,-1,-1
2024-06-20T00:48:40.999Z,V2851178,8045,45.93853,9.13445,31979.8,4.8,13.7,278.9,-38.7,-1.0,-1.0,RS41-SG,404.900,8.7,0,11,2.6,-1,-1
2024-06-20T00:48:44.999Z,V2851178,8049,45.93870,9.13358,31997.6,3.9,20.7,293.9,-38.4,-1.0,-1.0,RS41-SG,404.900,8.0,0,11,2.5,-1,-1
2024-06-20T00:48:45.999Z,V2851178,8050,45.93878,9.13334,32001.6,4.3,20.8,299.6,-38.4,-1.0,-1.0,RS41-SG,404.900,8.6,-187,11,2.5,-1,-1
2024-06-20T00:48:46.999Z,V2851178,8051,45.93888,9.13312,32005.9,4.6,19.6,304.4,-38.3,-1.0,-1.0,RS41-SG,404.900,9.9,0,11,2.6,-1,-1
2024-06-20T00:48:52.999Z,V2851178,8057,45.93919,9.13223,32033.6,4.5,11.2,263.6,-37.9,-1.0,-1.0,RS41-SG,404.900,9.1,0,11,2.6,-1,-1
2024-06-20T00:48:58.999Z,V2851178,8063,45.93928,9.13116,32061.0,3.6,15.6,303.5,-37.6,-1.0,-1.0,RS41-SG,404.900,7.7,-187,11,2.5,-1,-1
2024-06-20T00:49:00.999Z,V2851178,8065,45.93946,9.13085,32068.4,4.1,14.8,313.5,-37.4,-1.0,-1.0,RS41-SG,404.900,8.9,0,11,2.6,-1,-1
2024-06-20T00:49:01.999Z,V2851178,8066,45.93954,9.13072,32073.4,5.3,13.7,310.2,-37.3,-1.0,-1.0,RS41-SG,404.900,9.8,0,11,2.6,-1,-1
2024-06-20T00:49:04.999Z,V2851178,8069,45.93968,9.13029,32088.6,3.4,12.4,276.8,-37.0,-1.0,-1.0,RS41-SG,404.900,8.7,0,11,2.5,-1,-1
2024-06-20T00:49:05.999Z,V2851178,8070,45.93968,9.13012,32092.1,3.6,13.2,269.1,-37.0,-1.0,-1.0,RS41-SG,404.900,8.1,0,10,2.6,-1,-1
2024-06-20T00:49:12.999Z,V2851178,8077,45.93980,9.12896,32123.4,5.2,13.1,291.6,-36.7,-1.0,-1.0,RS41-SG,404.900,8.8,0,11,2.6,-1,-1
2024-06-20T00:49:14.999Z,V2851178,8079,45.93988,9.12864,32133.0,4.5,13.4,289.3,-36.7,-1.0,-1.0,RS41-SG,404.900,9.4,0,11,2.6,-1,-1
2024-06-20T00:49:16.999Z,V2851178,8081,45.93996,9.12832,32142.8,5.2,13.0,289.9,-36.7,-1.0,-1.0,RS41-SG,404.900,9.1,0,11,2.5,-1,-1
2024-06-20T00:49:18.999Z,V2851178,8083,45.94004,9.12802,32152.7,4.7,12.2,287.9,-36.6,-1.0,-1.0,RS41-SG,404.900,9.0,0,11,2.5,-1,-1
2024-06-20T00:49:20.999Z,V2851178,8085,45.94008,9.12772,32162.0,4.7,11.8,276.3,-36.5,-1.0,-1.0,RS41-SG,404.900,9.9,0,11,2.6,-1,-1
2024-06-20T00:49:21.999Z,V2851178,8086,45.94009,9.12757,32166.5,4.1,11.9,268.7,-36.5,-1.0,-1.0,RS41-SG,404.900,9.9,0,11,2.6,-1,-1
2024-06-20T00:49:22.999Z,V2851178,8087,45.94008,9.12742,32170.9,4.5,11.9,262.1,-36.4,-1.0,-1.0,RS41-SG,404.900,9.4,0,11,2.5,-1,-1
2024-06-20T00:49:24.999Z,V2851178,8089,45.94004,9.12712,32180.4,5.0,11.1,256.9,-36.3,-1.0,-1.0,RS41-SG,404.900,8.7,0,11,2.5,-1,-1
2024-06-20T00:49:25.999Z,V2851178,8090,45.94002,9.12699,32185.7,5.4,10.2,260.9,-36.3,-1.0,-1.0,RS41-SG,404.900,8.7,0,11,2.6,-1,-1
2024-06-20T00:49:26.999Z,V2851178,8091,45.94001,9.12686,32190.9,5.1,9.9,268.8,-36.2,-1.0,-1.0,RS41-SG,404.900,10.0,0,11,2.6,-1,-1
2024-06-20T00:49:30.999Z,V2851178,8095,45.94014,9.12630,32209.0,4.6,14.2,298.5,-36.2,-1.0,-1.0,RS41-SG,404.900,9.4,0,11,2.6,-1,-1
2024-06-20T00:49:31.999Z,V2851178,8096,45.94020,9.12614,32213.5,4.9,14.7,299.1,-36.2,-1.0,-1.0,RS41-SG,404.900,9.0,0,11,2.6,-1,-1
2024-06-20T00:49:33.999Z,V2851178,8098,45.94031,9.12583,32223.8,5.6,12.0,291.6,-36.2,-1.0,-1.0,RS41-SG,404.900,8.8,0,11,2.5,-1,-1
2024-06-20T00:49:34.999Z,V2851178,8099,45.94034,9.12569,32229.4,5.4,9.8,279.9,-36.2,-1.0,-1.0,RS41-SG,404.900,10.0,0,11,2.5,-1,-1
2024-06-20T00:49:35.999Z,V2851178,8100,45.94034,9.12558,32234.4,4.8,8.5,262.0,-36.2,-1.0,-1.0,RS41-SG,404.900,10.0,0,11,2.5,-1,-1
2024-06-20T00:49:36.999Z,V2851178,8101,45.94031,9.12548,32238.8,3.9,8.4,240.8,-36.2,-1.0,-1.0,RS41-SG,404.900,10.1,0,11,2.5,-1,-1
2024-06-20T00:49:37.999Z,V2851178,8102,45.94027,9.12538,32242.7,3.9,9.6,227.0,-36.2,-1.0,-1.0,RS41-SG,404.900,10.1,0,11,2.6,-1,-1
2024-06-20T00:49:38.999Z,V2851178,8103,45.94020,9.12529,32246.8,4.4,11.2,223.3,-36.1,-1.0,-1.0,RS41-SG,404.900,9.0,0,11,2.6,-1,-1
2024-06-20T00:49:39.999Z,V2851178,8104,45.94013,9.12518,32251.7,5.2,12.4,226.8,-36.1,-1.0,-1.0,RS41-SG,404.900,9.0,0,11,2.6,-1,-1
2024-06-20T00:49:40.999Z,V2851178,8105,45.94005,9.12505,32257.3,5.6,13.5,235.0,-36.2,-1.0,-1.0,RS41-SG,404.900,9.4,0,11,2.5,-1,-1
2024-06-20T00:49:41.999Z,V2851178,8106,45.93999,9.12490,32262.9,5.3,14.1,244.3,-36.1,-1.0,-1.0,RS41-SG,404.900,9.4,0,11,2.5,-1,-1
2024-06-20T00:49:42.999Z,V2851178,8107,45.93995,9.12473,32268.2,5.2,14.6,254.1,-36.1,-1.0,-1.0,RS41-SG,404.900,8.6,0,11,2.5,-1,-1
2024-06-20T00:49:44.999Z,V2851178,8109,45.93991,9.12436,32278.2,5.3,14.1,269.5,-36.1,-1.0,-1.0,RS41-SG,404.900,8.2,0,11,2.6,-1,-1
2024-06-20T00:49:45.999Z,V2851178,8110,45.93991,9.12419,32283.5,5.5,12.8,275.4,-36.1,-1.0,-1.0,RS41-SG,404.900,8.6,0,11,2.6,-1,-1
2024-06-20T00:49:46.999Z,V2851178,8111,45.93993,9.12404,32289.0,5.5,10.9,279.3,-36.1,-1.0,-1.0,RS41-SG,404.900,9.6,0,11,2.6,-1,-1
2024-06-20T00:49:47.999Z,V2851178,8112,45.93994,9.12391,32294.5,5.5,8.8,280.0,-36.1,-1.0,-1.0,RS41-SG,404.900,9.6,0,11,2.5,-1,-1
2024-06-20T00:49:49.999Z,V2851178,8114,45.93995,9.12373,32305.3,5.2,5.8,261.0,-36.0,-1.0,-1.0,RS41-SG,404.900,10.9,0,11,2.5,-1,-1
2024-06-20T00:49:51.999Z,V2851178,8116,45.93991,9.12358,32315.6,5.6,7.4,239.1,-36.0,-1.0,-1.0,RS41-SG,404.900,9.3,0,11,2.6,-1,-1
2024-06-20T00:49:52.999Z,V2851178,8117,45.93987,9.12349,32321.4,5.9,9.6,241.3,-36.0,-1.0,-1.0,RS41-SG,404.900,8.9,0,11,2.5,-1,-1
2024-06-20T00:49:53.999Z,V2851178,8118,45.93983,9.12336,32327.1,5.6,11.8,244.2,-36.0,0.6,-1.0,RS41-SG,404.900,8.1,0,11,2.5,-1,-1
2024-06-20T00:49:54.999Z,V2851178,8119,45.93978,9.12321,32332.7,5.3,14.0,248.7,-36.0,0.7,-1.0,RS41-SG,404.900,8.3,0,11,2.5,-1,-1
2024-06-20T00:49:55.999Z,V2851178,8120,45.93974,9.12303,32337.8,5.1,15.6,251.6,-36.0,0.6,-1.0,RS41-SG,404.900,8.8,0,11,2.6,-1,-1
2024-06-20T00:49:57.999Z,V2851178,8122,45.93966,9.12264,32348.8,6.0,15.9,255.7,-36.1,0.6,-1.0,RS41-SG,404.900,8.2,0,11,2.6,-1,-1
2024-06-20T00:49:58.999Z,V2851178,8123,45.93962,9.12245,32355.1,6.4,14.2,256.2,-36.1,0.6,-1.0,RS41-SG,404.900,8.7,0,10,2.5,-1,-1
2024-06-20T00:49:59.999Z,V2851178,8124,45.93960,9.12229,32361.4,5.8,11.9,257.6,-36.0,0.6,-1.0,RS41-SG,404.900,8.8,0,11,2.5,-1,-1
2024-06-20T00:50:00.999Z,V2851178,8125,45.93958,9.12215,32366.7,5.2,9.6,261.7,-36.0,0.6,-1.0,RS41-SG,404.900,9.3,0,10,2.5,-1,-1
2024-06-20T00:50:01.999Z,V2851178,8126,45.93957,9.12204,32371.4,4.5,7.5,268.6,-36.0,0.6,-1.0,RS41-SG,404.900,9.3,0,11,2.5,-1,-1
2024-06-20T00:50:05.999Z,V2851178,8130,45.93961,9.12169,32393.2,6.4,8.8,272.2,-36.0,0.7,-1.0,RS41-SG,404.900,9.3,0,11,2.5,-1,-1
2024-06-20T00:50:06.999Z,V2851178,8131,45.93960,9.12156,32399.6,5.8,11.0,263.4,-36.0,0.6,-1.0,RS41-SG,404.900,9.3,0,11,2.5,-1,-1
2024-06-20T00:50:07.999Z,V2851178,8132,45.93958,9.12141,32405.2,5.1,13.4,256.3,-35.9,0.6,-1.0,RS41-SG,404.900,9.0,0,11,2.5,-1,-1
2024-06-20T00:50:08.999Z,V2851178,8133,45.93955,9.12123,32410.0,4.5,15.7,250.8,-35.9,0.7,-1.0,RS41-SG,404.900,10.0,0,11,2.5,-1,-1
2024-06-20T00:50:09.999Z,V2851178,8134,45.93950,9.12103,32414.4,4.7,17.1,248.1,-35.9,0.6,-1.0,RS41-SG,404.900,10.0,0,11,2.6,-1,-1
2024-06-20T00:50:10.999Z,V2851178,8135,45.93944,9.12083,32419.0,5.0,17.3,247.4,-35.9,0.6,-1.0,RS41-SG,404.900,9.6,0,11,2.6,-1,-1
2024-06-20T00:50:14.999Z,V2851178,8139,45.93934,9.12013,32438.6,3.5,11.6,280.6,-35.8,0.6,-1.0,RS41-SG,404.900,10.2,0,11,2.5,-1,-1
2024-06-20T00:50:15.999Z,V2851178,8140,45.93937,9.11998,32442.3,3.9,11.7,292.7,-35.8,0.6,-1.0,RS41-SG,404.900,11.7,0,11,2.6,-1,-1
2024-06-20T00:50:16.999Z,V2851178,8141,45.93941,9.11984,32446.6,4.7,12.3,297.3,-35.8,0.6,-1.0,RS41-SG,404.900,11.7,0,11,2.6,-1,-1
2024-06-20T00:50:18.999Z,V2851178,8143,45.93950,9.11955,32457.6,5.7,12.4,285.6,-35.9,0.6,-1.0,RS41-SG,404.900,10.5,0,11,2.5,-1,-1
2024-06-20T00:50:19.999Z,V2851178,8144,45.93952,9.11940,32463.0,5.1,12.3,273.8,-35.9,0.6,-1.0,RS41-SG,404.900,10.5,0,11,2.5,-1,-1
2024-06-20T00:50:20.999Z,V2851178,8145,45.93951,9.11924,32467.7,4.4,12.5,261.6,-35.9,0.6,-1.0,RS41-SG,404.900,10.1,0,11,2.6,-1,-1
2024-06-20T00:50:21.999Z,V2851178,8146,45.93949,9.11908,32472.0,4.0,12.8,250.7,-35.9,0.6,-1.0,RS41-SG,404.900,9.9,0,11,2.6,-1,-1
2024-06-20T00:50:24.999Z,V2851178,8149,45.93934,9.11864,32485.7,5.6,12.5,248.0,-36.0,0.6,-1.0,RS41-SG,404.900,10.0,0,11,2.5,-1,-1
2024-06-20T00:50:25.999Z,V2851178,8150,45.93931,9.11848,32491.4,5.8,12.5,259.1,-36.0,0.6,-1.0,RS41-SG,404.900,10.0,0,11,2.5,-1,-1
2024-06-20T00:50:27.999Z,V2851178,8152,45.93932,9.11814,32501.7,4.3,14.8,281.0,-36.1,0.6,-1.0,RS41-SG,404.900,8.1,0,11,2.6,-1,-1
2024-06-20T00:50:28.999Z,V2851178,8153,45.93935,9.11795,32505.7,3.9,16.6,287.0,-36.1,0.6,-1.0,RS41-SG,404.900,9.6,0,11,2.6,-1,-1
2024-06-20T00:50:30.999Z,V2851178,8155,45.93945,9.11751,32515.0,5.2,18.3,285.6,-36.2,0.6,-1.0,RS41-SG,404.900,10.0,0,11,2.5,-1,-1
2024-06-20T00:50:31.999Z,V2851178,8156,45.93948,9.11729,32520.6,5.9,17.9,279.8,-36.1,0.6,-1.0,RS41-SG,404.900,9.3,0,11,2.5,-1,-1
2024-06-20T00:50:33.999Z,V2851178,8158,45.93949,9.11686,32531.9,5.4,15.5,264.0,-36.1,0.6,-1.0,RS41-SG,404.900,9.7,0,11,2.5,-1,-1
2024-06-20T00:50:36.999Z,V2851178,8161,45.93941,9.11637,32545.7,4.8,10.8,250.3,-36.1,0.6,-1.0,RS41-SG,404.900,8.9,0,11,2.6,-1,-1
2024-06-20T00:50:38.999Z,V2851178,8163,45.93938,9.11612,32556.8,5.7,10.0,272.9,-36.1,0.6,-1.0,RS41-SG,404.900,8.5,0,11,2.5,-1,-1
2024-06-20T00:50:39.999Z,V2851178,8164,45.93939,9.11598,32562.4,5.6,11.7,284.7,-36.1,0.7,-1.0,RS41-SG,404.900,9.1,0,11,2.5,-1,-1
2024-06-20T00:50:40.999Z,V2851178,8165,45.93943,9.11582,32567.8,5.2,14.7,291.4,-36.1,0.6,-1.0,RS41-SG,404.900,9.1,0,11,2.6,-1,-1
2024-06-20T00:50:41.999Z,V2851178,8166,45.93948,9.11563,32572.7,4.6,17.8,292.0,-36.1,0.6,-1.0,RS41-SG,404.900,11.0,0,11,2.6,-1,-1
2024-06-20T00:50:42.999Z,V2851178,8167,45.93954,9.11540,32577.1,4.2,20.3,289.4,-36.1,0.6,-1.0,RS41-SG,404.900,11.0,0,11,2.5,-1,-1
2024-06-20T00:50:43.999Z,V2851178,8168,45.93960,9.11514,32581.4,4.4,22.0,284.8,-36.1,0.6,-1.0,RS41-SG,404.900,10.8,0,11,2.5,-1,-1
2024-06-20T00:50:44.999Z,V2851178,8169,45.93964,9.11486,32586.3,5.2,22.4,278.7,-36.2,0.6,-1.0,RS41-SG,404.900,10.8,0,11,2.5,-1,-1
2024-06-20T00:50:46.999Z,V2851178,8171,45.93965,9.11432,32597.7,5.9,19.5,265.1,-36.2,0.6,-1.0,RS41-SG,404.900,9.6,0,11,2.6,-1,-1
2024-06-20T00:50:49.999Z,V2851178,8174,45.93958,9.11374,32612.7,4.5,10.7,259.5,-36.1,0.6,-1.0,RS41-SG,404.900,9.5,0,11,2.5,-1,-1
2024-06-20T00:50:50.999Z,V2851178,8175,45.93957,9.11362,32617.5,4.7,8.4,272.4,-36.1,0.6,-1.0,RS41-SG,404.900,9.3,0,11,2.5,-1,-1
2024-06-20T00:50:53.999Z,V2851178,8178,45.93970,9.11327,32633.5,5.9,14.6,304.3,-36.1,0.6,-1.0,RS41-SG,404.900,9.9,0,11,2.6,-1,-1
2024-06-20T00:50:55.999Z,V2851178,8180,45.93985,9.11285,32644.9,5.2,21.6,292.1,-36.1,0.6,-1.0,RS41-SG,404.900,10.7,0,11,2.5,-1,-1
2024-06-20T00:50:56.999Z,V2851178,8181,45.93992,9.11258,32649.9,4.4,24.2,284.7,-36.1,0.6,-1.0,RS41-SG,404.900,10.7,0,11,2.5,-1,-1
2024-06-20T00:50:58.999Z,V2851178,8183,45.93997,9.11193,32658.3,4.7,26.3,270.4,-36.2,0.6,-1.0,RS41-SG,404.900,9.3,0,11,2.6,-1,-1
2024-06-20T00:51:01.999Z,V2851178,8186,45.93991,9.11105,32674.1,5.5,18.4,259.4,-36.1,0.6,-1.0,RS41-SG,404.900,8.4,0,11,2.5,-1,-1
2024-06-20T00:51:02.999Z,V2851178,8187,45.93988,9.11084,32679.3,5.0,14.9,263.1,-36.1,0.6,-1.0,RS41-SG,404.900,9.1,0,11,2.5,-1,-1
2024-06-20T00:51:06.999Z,V2851178,8191,45.94000,9.11018,32698.2,4.8,16.1,297.9,-36.1,0.6,-1.0,RS41-SG,404.900,11.5,0,11,2.5,-1,-1
2024-06-20T00:51:08.999Z,V2851178,8193,45.94013,9.10975,32708.3,5.2,20.5,286.8,-36.1,0.6,-1.0,RS41-SG,404.900,10.6,0,11,2.5,-1,-1
2024-06-20T00:51:09.999Z,V2851178,8194,45.94017,9.10948,32713.4,4.6,22.0,278.9,-36.1,0.6,-1.0,RS41-SG,404.900,10.9,0,11,2.5,-1,-1
2024-06-20T00:51:10.999Z,V2851178,8195,45.94019,9.10919,32717.6,4.1,22.9,271.1,-36.0,0.6,-1.0,RS41-SG,404.900,10.9,0,11,2.6,-1,-1
2024-06-20T00:51:11.999Z,V2851178,8196,45.94018,9.10890,32721.7,4.2,22.9,264.4,-35.9,0.6,-1.0,RS41-SG,404.900,10.8,0,11,2.6,-1,-1
2024-06-20T00:51:12.999Z,V2851178,8197,45.94015,9.10862,32726.3,5.0,21.8,259.7,-35.9,0.6,-1.0,RS41-SG,404.900,10.0,0,11,2.6,-1,-1
2024-06-20T00:51:15.999Z,V2851178,8200,45.94007,9.10792,32742.7,5.3,14.7,266.8,-35.7,0.6,-1.0,RS41-SG,404.900,9.4,0,11,2.5,-1,-1
2024-06-20T00:51:16.999Z,V2851178,8201,45.94007,9.10774,32747.5,4.5,13.4,276.7,-35.6,0.6,-1.0,RS41-SG,404.900,9.4,0,11,2.6,-1,-1
2024-06-20T00:51:18.999Z,V2851178,8203,45.94014,9.10740,32756.1,4.2,14.6,292.9,-35.6,0.6,-1.0,RS41-SG,404.900,11.7,0,11,2.5,-1,-1
2024-06-20T00:51:19.999Z,V2851178,8204,45.94019,9.10722,32760.6,4.9,16.0,293.1,-35.5,0.6,-1.0,RS41-SG,404.900,11.7,0,11,2.5,-1,-1
2024-06-20T00:51:20.999Z,V2851178,8205,45.94025,9.10703,32765.9,5.5,17.3,288.7,-35.5,0.6,-1.0,RS41-SG,404.900,11.8,0,11,2.5,-1,-1
2024-06-20T00:51:21.999Z,V2851178,8206,45.94029,9.10681,32771.5,5.5,18.1,282.2,-35.5,0.6,-1.0,RS41-SG,404.900,11.8,0,11,2.6,-1,-1
2024-06-20T00:51:22.999Z,V2851178,8207,45.94031,9.10658,32776.8,5.5,18.6,274.9,-35.5,0.6,-1.0,RS41-SG,404.900,11.0,0,11,2.6,-1,-1
2024-06-20T00:51:24.999Z,V2851178,8209,45.94030,9.10610,32786.4,4.3,18.4,262.5,-35.5,0.6,-1.0,RS41-SG,404.900,10.5,0,11,2.5,-1,-1
2024-06-20T00:51:25.999Z,V2851178,8210,45.94028,9.10587,32790.7,4.4,17.7,259.4,-35.5,0.6,-1.0,RS41-SG,404.900,9.3,0,11,2.5,-1,-1
2024-06-20T00:51:27.999Z,V2851178,8212,45.94023,9.10545,32800.7,5.6,15.7,265.2,-35.5,0.6,-1.0,RS41-SG,404.900,9.0,0,11,2.5,-1,-1
2024-06-20T00:51:28.999Z,V2851178,8213,45.94023,9.10525,32806.1,5.5,15.0,271.3,-35.5,0.6,-1.0,RS41-SG,404.900,10.4,0,11,2.6,-1,-1
2024-06-20T00:51:29.999Z,V2851178,8214,45.94024,9.10506,32811.2,5.0,14.9,278.1,-35.5,0.6,-1.0,RS41-SG,404.900,11.4,0,11,2.6,-1,-1
2024-06-20T00:51:30.999Z,V2851178,8215,45.94026,9.10487,32815.9,4.6,15.3,283.4,-35.5,0.6,-1.0,RS41-SG,404.900,11.7,0,11,2.6,-1,-1
2024-06-20T00:51:31.999Z,V2851178,8216,45.94030,9.10468,32820.3,4.4,15.7,285.4,-35.4,0.6,-1.0,RS41-SG,404.900,11.7,0,11,2.5,-1,-1
2024-06-20T00:51:33.999Z,V2851178,8218,45.94036,9.10429,32830.5,5.5,15.4,277.2,-35.4,0.6,-1.0,RS41-SG,404.900,11.9,0,11,2.5,-1,-1
2024-06-20T00:51:34.999Z,V2851178,8219,45.94037,9.10410,32836.0,5.6,15.0,269.7,-35.4,0.6,-1.0,RS41-SG,404.900,11.2,0,11,2.6,-1,-1
2024-06-20T00:51:35.999Z,V2851178,8220,45.94036,9.10391,32841.3,5.4,14.5,262.2,-35.4,0.6,-1.0,RS41-SG,404.900,11.6,0,11,2.6,-1,-1
2024-06-20T00:51:37.999Z,V2851178,8222,45.94030,9.10355,32851.3,4.8,14.2,254.7,-35.3,0.6,-1.0,RS41-SG,404.900,8.8,0,11,2.5,-1,-1
2024-06-20T00:51:39.999Z,V2851178,8224,45.94025,9.10319,32861.7,5.8,14.0,263.6,-35.3,0.6,-1.0,RS41-SG,404.900,10.8,0,11,2.6,-1,-1
2024-06-20T00:51:40.999Z,V2851178,8225,45.94024,9.10302,32867.3,5.7,14.1,272.0,-35.2,0.6,-1.0,RS41-SG,404.900,10.8,0,11,2.6,-1,-1
2024-06-20T00:51:41.999Z,V2851178,8226,45.94026,9.10283,32872.7,5.2,14.4,280.0,-35.2,0.6,-1.0,RS41-SG,404.900,11.6,0,11,2.6,-1,-1
2024-06-20T00:51:42.999Z,V2851178,8227,45.94029,9.10265,32877.8,4.6,14.7,286.7,-35.2,0.6,-1.0,RS41-SG,404.900,11.6,0,11,2.5,-1,-1
2024-06-20T00:51:43.999Z,V2851178,8228,45.94033,9.10247,32882.3,4.6,14.5,289.4,-35.2,0.6,-1.0,RS41-SG,404.900,10.8,0,11,2.5,-1,-1
2024-06-20T00:51:44.999Z,V2851178,8229,45.94037,9.10230,32887.4,5.3,13.8,287.7,-35.2,0.6,-1.0,RS41-SG,404.900,10.8,0,11,2.5,-1,-1
2024-06-20T00:51:45.999Z,V2851178,8230,45.94040,9.10214,32892.9,5.7,12.7,281.1,-35.2,0.6,-1.0,RS41-SG,404.900,10.5,0,11,2.5,-1,-1
2024-06-20T00:51:46.999Z,V2851178,8231,45.94041,9.10198,32898.2,5.4,11.9,270.4,-35.2,0.6,-1.0,RS41-SG,404.900,12.0,0,11,2.6,-1,-1
2024-06-20T00:51:47.999Z,V2851178,8232,45.94040,9.10183,32903.3,4.9,11.7,257.6,-35.2,0.6,-1.0,RS41-SG,404.900,12.0,0,11,2.6,-1,-1
2024-06-20T00:51:48.999Z,V2851178,8233,45.94037,9.10169,32908.0,4.5,11.9,247.5,-35.2,0.6,-1.0,RS41-SG,404.900,10.3,0,11,2.6,-1,-1
2024-06-20T00:51:49.999Z,V2851178,8234,45.94032,9.10155,32912.6,4.6,12.2,241.9,-35.2,0.6,-1.0,RS41-SG,404.900,10.5,0,11,2.5,-1,-1
2024-06-20T00:51:50.999Z,V2851178,8235,45.94027,9.10141,32917.5,5.1,12.0,242.8,-35.1,0.6,-1.0,RS41-SG,404.900,10.5,0,11,2.5,-1,-1
2024-06-20T00:51:51.999Z,V2851178,8236,45.94023,9.10127,32922.8,5.8,11.5,249.4,-35.2,0.6,-1.0,RS41-SG,404.900,9.6,0,11,2.5,-1,-1
2024-06-20T00:51:53.999Z,V2851178,8238,45.94021,9.10098,32934.4,5.8,12.3,278.7,-35.2,0.6,-1.0,RS41-SG,404.900,11.2,0,11,2.6,-1,-1
2024-06-20T00:51:54.999Z,V2851178,8239,45.94024,9.10082,32939.8,4.6,13.7,289.4,-35.1,0.6,-1.0,RS41-SG,404.900,11.2,0,11,2.5,-1,-1
2024-06-20T00:51:56.999Z,V2851178,8241,45.94035,9.10046,32947.9,4.3,16.3,296.7,-35.1,0.6,-1.0,RS41-SG,404.900,11.6,0,11,2.5,-1,-1
2024-06-20T00:51:57.999Z,V2851178,8242,45.94041,9.10027,32953.0,5.8,16.3,292.8,-35.1,0.6,-1.0,RS41-SG,404.900,11.0,0,11,2.6,-1,-1
2024-06-20T00:51:58.999Z,V2851178,8243,45.94046,9.10008,32959.1,6.6,15.2,284.3,-35.1,0.6,-1.0,RS41-SG,404.900,10.6,0,11,2.6,-1,-1
2024-06-20T00:51:59.999Z,V2851178,8244,45.94048,9.09990,32965.4,5.8,14.3,274.0,-35.1,0.6,-1.0,RS41-SG,404.900,10.6,0,11,2.6,-1,-1
2024-06-20T00:52:00.999Z,V2851178,8245,45.94047,9.09972,32970.4,4.5,13.8,262.4,-35.1,0.6,-1.0,RS41-SG,404.900,11.9,0,10,2.5,-1,-1
2024-06-20T00:52:01.999Z,V2851178,8246,45.94045,9.09954,32974.8,4.1,13.6,253.1,-35.2,0.6,-1.0,RS41-SG,404.900,11.9,0,11,2.5,-1,-1
2024-06-20T00:52:02.999Z,V2851178,8247,45.94041,9.09938,32979.0,4.5,13.2,247.8,-35.2,0.6,-1.0,RS41-SG,404.900,10.7,0,11,2.5,-1,-1
2024-06-20T00:52:03.999Z,V2851178,8248,45.94036,9.09923,32984.0,5.6,12.2,248.4,-35.2,0.6,-1.0,RS41-SG,404.900,10.7,0,11,2.5,-1,-1
2024-06-20T00:52:04.999Z,V2851178,8249,45.94033,9.09909,32989.5,6.2,10.8,256.2,-35.2,0.6,-1.0,RS41-SG,404.900,10.1,0,11,2.6,-1,-1
2024-06-20T00:52:05.999Z,V2851178,8250,45.94032,9.09896,32995.1,5.7,9.6,270.0,-35.3,0.6,-1.0,RS41-SG,404.900,10.1,0,11,2.6,-1,-1
2024-06-20T00:52:07.999Z,V2851178,8252,45.94037,9.09873,33004.7,3.9,10.1,299.9,-35.3,0.6,-1.0,RS41-SG,404.900,10.5,0,11,2.5,-1,-1
2024-06-20T00:52:08.999Z,V2851178,8253,45.94042,9.09861,33008.7,3.8,11.0,306.7,-35.3,0.6,-1.0,RS41-SG,404.900,10.5,0,11,2.5,-1,-1
2024-06-20T00:52:09.999Z,V2851178,8254,45.94048,9.09850,33013.0,5.0,11.6,306.5,-35.2,0.6,-1.0,RS41-SG,404.900,10.1,0,11,2.5,-1,-1
2024-06-20T00:52:10.999Z,V2851178,8255,45.94054,9.09837,33018.5,5.8,11.8,298.8,-35.2,0.6,-1.0,RS41-SG,404.900,10.8,0,11,2.6,-1,-1
2024-06-20T00:52:11.999Z,V2851178,8256,45.94058,9.09823,33024.5,6.1,12.2,287.3,-35.2,0.6,-1.0,RS41-SG,404.900,10.8,0,11,2.6,-1,-1
2024-06-20T00:52:12.999Z,V2851178,8257,45.94060,9.09807,33030.3,5.5,12.9,275.0,-35.3,0.6,-1.0,RS41-SG,404.900,12.4,0,11,2.5,-1,-1
2024-06-20T00:52:13.999Z,V2851178,8258,45.94060,9.09790,33035.1,4.0,13.8,266.1,-35.3,0.6,-1.0,RS41-SG,404.900,12.4,0,11,2.5,-1,-1
2024-06-20T00:52:14.999Z,V2851178,8259,45.94059,9.09772,33039.2,3.8,14.4,260.6,-35.3,0.6,-1.0,RS41-SG,404.900,11.6,0,11,2.5,-1,-1
2024-06-20T00:52:15.999Z,V2851178,8260,45.94057,9.09754,33043.4,4.7,14.2,259.2,-35.3,0.6,-1.0,RS41-SG,404.900,11.1,0,11,2.6,-1,-1
2024-06-20T00:52:16.999Z,V2851178,8261,45.94055,9.09737,33048.6,5.7,13.0,262.0,-35.3,0.6,-1.0,RS41-SG,404.900,9.4,0,11,2.6,-1,-1
2024-06-20T00:52:17.999Z,V2851178,8262,45.94054,9.09722,33054.5,6.1,11.1,270.6,-35.3,0.6,-1.0,RS41-SG,404.900,9.4,0,11,2.6,-1,-1
2024-06-20T00:52:18.999Z,V2851178,8263,45.94055,9.09709,33060.4,5.6,9.7,284.8,-35.3,0.6,-1.0,RS41-SG,404.900,11.1,0,11,2.5,-1,-1
2024-06-20T00:52:19.999Z,V2851178,8264,45.94058,9.09698,33065.5,4.3,9.0,300.7,-35.3,0.6,-1.0,RS41-SG,404.900,11.1,0,11,2.5,-1,-1
2024-06-20T00:52:20.999Z,V2851178,8265,45.94063,9.09688,33069.7,4.2,9.4,315.8,-35.3,0.6,-1.0,RS41-SG,404.900,11.1,0,11,2.5,-1,-1
2024-06-20T00:52:21.999Z,V2851178,8266,45.94070,9.09680,33074.1,4.8,9.8,321.5,-35.3,0.6,-1.0,RS41-SG,404.900,12.6,0,11,2.5,-1,-1
2024-06-20T00:52:22.999Z,V2851178,8267,45.94076,9.09672,33079.3,5.7,9.7,318.6,-35.3,0.6,-1.0,RS41-SG,404.900,12.6,0,11,2.6,-1,-1
2024-06-20T00:52:23.999Z,V2851178,8268,45.94082,9.09664,33085.3,6.1,9.1,306.2,-35.3,0.6,-1.0,RS41-SG,404.900,11.8,0,11,2.6,-1,-1
2024-06-20T00:52:24.999Z,V2851178,8269,45.94086,9.09653,33091.3,5.7,9.3,288.1,-35.3,0.6,-1.0,RS41-SG,404.900,11.8,0,11,2.6,-1,-1
2024-06-20T00:52:25.999Z,V2851178,8270,45.94087,9.09641,33097.0,5.3,10.7,272.9,-35.2,0.6,-1.0,RS41-SG,404.900,11.6,0,11,2.5,-1,-1
2024-06-20T00:52:26.999Z,V2851178,8271,45.94087,9.09626,33102.2,4.7,12.4,261.8,-35.2,0.6,-1.0,RS41-SG,404.900,11.7,0,11,2.5,-1,-1
2024-06-20T00:52:27.999Z,V2851178,8272,45.94084,9.09609,33107.0,4.7,14.0,257.1,-35.2,0.6,-1.0,RS41-SG,404.900,11.7,0,11,2.5,-1,-1
2024-06-20T00:52:28.999Z,V2851178,8273,45.94081,9.09591,33112.2,5.4,14.8,256.5,-35.2,0.6,-1.0,RS41-SG,404.900,11.0,0,11,2.6,-1,-1
2024-06-20T00:52:29.999Z,V2851178,8274,45.94079,9.09573,33117.9,6.2,14.4,260.4,-35.3,0.6,-1.0,RS41-SG,404.900,10.4,0,11,2.6,-1,-1
2024-06-20T00:52:31.999Z,V2851178,8276,45.94078,9.09540,33130.1,5.8,11.6,279.9,-35.1,0.6,-1.0,RS41-SG,404.900,9.9,0,11,2.5,-1,-1
2024-06-20T00:52:32.999Z,V2851178,8277,45.94081,9.09526,33135.5,5.1,10.5,294.9,-35.1,0.6,-1.0,RS41-SG,404.900,9.9,0,11,2.5,-1,-1
2024-06-20T00:52:33.999Z,V2851178,8278,45.94086,9.09515,33140.4,4.7,10.2,310.6,-35.1,0.6,-1.0,RS41-SG,404.900,11.5,0,11,2.6,-1,-1
2024-06-20T00:52:34.999Z,V2851178,8279,45.94092,9.09506,33144.9,4.8,10.0,321.5,-35.0,0.6,-1.0,RS41-SG,404.900,11.5,0,11,2.6,-1,-1
2024-06-20T00:52:35.999Z,V2851178,8280,45.94099,9.09499,33150.0,5.4,9.2,323.7,-35.0,0.6,-1.0,RS41-SG,404.900,11.5,0,11,2.6,-1,-1
2024-06-20T00:52:36.999Z,V2851178,8281,45.94105,9.09491,33156.4,6.5,8.1,312.6,-35.0,0.6,-1.0,RS41-SG,404.900,11.8,0,11,2.5,-1,-1
2024-06-20T00:52:38.999Z,V2851178,8283,45.94109,9.09472,33169.0,5.6,9.4,267.5,-34.9,0.6,-1.0,RS41-SG,404.900,10.9,0,11,2.5,-1,-1
2024-06-20T00:52:39.999Z,V2851178,8284,45.94108,9.09458,33174.0,4.4,12.2,255.4,-34.8,0.6,-1.0,RS41-SG,404.900,11.1,0,11,2.5,-1,-1
2024-06-20T00:52:40.999Z,V2851178,8285,45.94104,9.09442,33178.0,3.8,15.1,250.8,-34.8,0.6,-1.0,RS41-SG,404.900,11.4,0,11,2.6,-1,-1
2024-06-20T00:52:41.999Z,V2851178,8286,45.94099,9.09422,33182.4,4.7,17.4,251.5,-34.8,0.6,-1.0,RS41-SG,404.900,11.6,0,11,2.6,-1,-1
2024-06-20T00:52:45.999Z,V2851178,8290,45.94093,9.09339,33205.7,5.2,13.4,284.6,-34.7,0.6,-1.0,RS41-SG,404.900,9.8,0,11,2.5,-1,-1
2024-06-20T00:52:46.999Z,V2851178,8291,45.94097,9.09324,33210.5,4.1,11.4,299.4,-34.6,0.6,-1.0,RS41-SG,404.900,11.6,-187,11,2.6,-1,-1
2024-06-20T00:52:47.999Z,V2851178,8292,45.94102,9.09314,33214.2,3.7,9.9,315.8,-34.6,0.6,-1.0,RS41-SG,404.900,11.6,0,10,2.6,-1,-1
2024-06-20T00:52:48.999Z,V2851178,8293,45.94109,9.09306,33217.8,3.8,8.4,326.0,-34.6,0.6,-1.0,RS41-SG,404.900,10.7,0,11,2.5,-1,-1
2024-06-20T00:52:50.999Z,V2851178,8295,45.94117,9.09295,33228.4,6.5,5.5,295.6,-34.6,0.6,-1.0,RS41-SG,404.900,10.8,0,11,2.5,-1,-1
2024-06-20T00:52:51.999Z,V2851178,8296,45.94118,9.09287,33235.0,6.6,7.6,263.4,-34.5,0.6,-1.0,RS41-SG,404.900,10.9,0,11,2.6,-1,-1
2024-06-20T00:52:52.999Z,V2851178,8297,45.94116,9.09275,33240.9,5.3,11.1,250.9,-34.5,0.6,-1.0,RS41-SG,404.900,10.9,0,11,2.6,-1,-1
2024-06-20T00:52:53.999Z,V2851178,8298,45.94112,9.09260,33245.0,3.1,14.5,247.3,-34.5,0.5,-1.0,RS41-SG,404.900,11.3,0,11,2.6,-1,-1
2024-06-20T00:52:54.999Z,V2851178,8299,45.94106,9.09241,33248.3,2.7,17.3,247.3,-34.5,0.5,-1.0,RS41-SG,404.900,11.3,0,11,2.5,-1,-1
2024-06-20T00:52:55.999Z,V2851178,8300,45.94100,9.09220,33251.5,3.6,18.9,249.3,-34.5,0.5,-1.0,RS41-SG,404.900,10.3,0,11,2.5,-1,-1
2024-06-20T00:52:56.999Z,V2851178,8301,45.94095,9.09197,33256.0,5.5,18.6,253.3,-34.5,0.6,-1.0,RS41-SG,404.900,9.8,0,11,2.5,-1,-1
2024-06-20T00:52:57.999Z,V2851178,8302,45.94091,9.09175,33262.0,6.8,16.6,258.9,-34.4,0.5,-1.0,RS41-SG,404.900,8.2,0,11,2.6,-1,-1
2024-06-20T00:52:58.999Z,V2851178,8303,45.94089,9.09156,33268.3,5.9,14.0,265.6,-34.4,0.6,-1.0,RS41-SG,404.900,9.5,0,11,2.6,-1,-1
2024-06-20T00:52:59.999Z,V2851178,8304,45.94089,9.09139,33273.3,4.2,11.4,272.8,-34.4,0.6,-1.0,RS41-SG,404.900,10.4,0,10,2.5,-1,-1
2024-06-20T00:53:00.999Z,V2851178,8305,45.94090,9.09126,33277.0,3.2,9.0,280.6,-34.4,0.6,-1.0,RS41-SG,404.900,10.6,0,11,2.5,-1,-1
2024-06-20T00:53:01.999Z,V2851178,8306,45.94092,9.09116,33280.5,3.8,7.3,286.7,-34.4,0.6,-1.0,RS41-SG,404.900,10.6,0,11,2.5,-1,-1
2024-06-20T00:53:02.999Z,V2851178,8307,45.94093,9.09108,33285.0,5.5,6.1,280.3,-34.4,0.6,-1.0,RS41-SG,404.900,10.6,0,11,2.6,-1,-1
2024-06-20T00:53:03.999Z,V2851178,8308,45.94093,9.09100,33290.8,6.4,6.7,265.3,-34.4,0.5,-1.0,RS41-SG,404.900,10.4,0,11,2.6,-1,-1
2024-06-20T00:53:04.999Z,V2851178,8309,45.94092,9.09090,33297.0,6.0,8.3,253.3,-34.4,0.5,-1.0,RS41-SG,404.900,11.8,0,11,2.6,-1,-1
2024-06-20T00:53:05.999Z,V2851178,8310,45.94089,9.09079,33302.4,4.8,10.4,246.0,-34.3,0.5,-1.0,RS41-SG,404.900,11.8,0,11,2.5,-1,-1
2024-06-20T00:53:06.999Z,V2851178,8311,45.94085,9.09066,33306.9,4.0,12.5,242.5,-34.3,0.6,-1.0,RS41-SG,404.900,11.6,0,11,2.5,-1,-1
2024-06-20T00:53:08.999Z,V2851178,8313,45.94072,9.09035,33316.0,5.1,15.4,239.8,-34.2,0.6,-1.0,RS41-SG,404.900,10.0,0,11,2.5,-1,-1
2024-06-20T00:53:10.999Z,V2851178,8315,45.94058,9.09000,33325.8,5.0,15.6,241.4,-34.1,0.5,-1.0,RS41-SG,404.900,10.4,0,11,2.6,-1,-1
2024-06-20T00:53:11.999Z,V2851178,8316,45.94052,9.08982,33330.8,4.7,15.1,243.1,-34.0,0.5,-1.0,RS41-SG,404.900,10.2,0,11,2.6,-1,-1
2024-06-20T00:53:12.999Z,V2851178,8317,45.94046,9.08965,33335.6,4.9,14.5,243.9,-34.0,0.5,-1.0,RS41-SG,404.900,10.2,0,11,2.5,-1,-1
2024-06-20T00:53:13.999Z,V2851178,8318,45.94040,9.08949,33340.7,5.1,13.8,244.5,-34.0,0.6,-1.0,RS41-SG,404.900,9.9,0,11,2.5,-1,-1
2024-06-20T00:53:14.999Z,V2851178,8319,45.94035,9.08933,33345.9,5.5,13.1,246.7,-33.9,0.6,-1.0,RS41-SG,404.900,10.5,0,11,2.5,-1,-1
2024-06-20T00:53:16.999Z,V2851178,8321,45.94027,9.08904,33357.0,5.4,11.5,251.2,-33.9,0.5,-1.0,RS41-SG,404.900,10.3,0,11,2.6,-1,-1
2024-06-20T00:53:17.999Z,V2851178,8322,45.94024,9.08890,33362.1,4.9,10.7,254.3,-33.8,0.6,-1.0,RS41-SG,404.900,10.3,0,11,2.5,-1,-1
2024-06-20T00:53:18.999Z,V2851178,8323,45.94022,9.08878,33366.8,4.3,9.7,257.9,-33.8,0.5,-1.0,RS41-SG,404.900,10.4,0,11,2.5,-1,-1
2024-06-20T00:53:19.999Z,V2851178,8324,45.94021,9.08866,33371.0,4.5,9.0,262.4,-33.8,0.6,-1.0,RS41-SG,404.900,10.4,0,11,2.5,-1,-1
2024-06-20T00:53:21.999Z,V2851178,8326,45.94019,9.08844,33381.0,5.4,8.2,266.7,-33.8,0.5,-1.0,RS41-SG,404.900,10.5,0,11,2.6,-1,-1
2024-06-20T00:53:22.999Z,V2851178,8327,45.94019,9.08834,33386.8,5.9,8.3,263.9,-33.8,0.5,-1.0,RS41-SG,404.900,11.8,0,11,2.6,-1,-1
2024-06-20T00:53:23.999Z,V2851178,8328,45.94018,9.08823,33392.7,5.5,9.0,257.0,-33.8,0.5,-1.0,RS41-SG,404.900,11.8,0,11,2.5,-1,-1
2024-06-20T00:53:24.999Z,V2851178,8329,45.94015,9.08811,33398.1,5.1,10.2,249.1,-33.7,0.5,-1.0,RS41-SG,404.900,11.3,0,11,2.5,-1,-1
2024-06-20T00:53:25.999Z,V2851178,8330,45.94011,9.08798,33402.9,4.6,12.1,242.9,-33.7,0.5,-1.0,RS41-SG,404.900,11.5,0,11,2.5,-1,-1
2024-06-20T00:53:26.999Z,V2851178,8331,45.94005,9.08783,33407.3,4.3,14.3,237.9,-33.7,0.5,-1.0,RS41-SG,404.900,11.5,0,11,2.6,-1,-1
2024-06-20T00:53:29.999Z,V2851178,8334,45.93980,9.08731,33421.6,5.6,17.1,235.2,-33.6,0.5,-1.0,RS41-SG,404.900,9.7,0,11,2.5,-1,-1
2024-06-20T00:53:30.999Z,V2851178,8335,45.93972,9.08714,33427.3,6.1,15.6,237.7,-33.6,0.5,-1.0,RS41-SG,404.900,9.1,0,11,2.5,-1,-1
2024-06-20T00:53:33.999Z,V2851178,8338,45.93959,9.08672,33443.5,4.1,8.0,261.9,-33.6,0.5,-1.0,RS41-SG,404.900,10.5,0,11,2.6,-1,-1
2024-06-20T00:53:35.999Z,V2851178,8340,45.93960,9.08656,33451.8,4.3,4.9,288.5,-33.5,0.5,-1.0,RS41-SG,404.900,11.0,0,11,2.5,-1,-1
2024-06-20T00:53:36.999Z,V2851178,8341,45.93961,9.08651,33456.8,5.6,4.2,278.6,-33.6,0.5,-1.0,RS41-SG,404.900,10.5,0,11,2.5,-1,-1
2024-06-20T00:53:37.999Z,V2851178,8342,45.93960,9.08645,33462.8,6.4,5.0,247.7,-33.5,0.5,-1.0,RS41-SG,404.900,10.5,0,11,2.5,-1,-1
2024-06-20T00:53:39.999Z,V2851178,8344,45.93951,9.08629,33474.8,5.2,12.0,222.7,-33.5,0.5,-1.0,RS41-SG,404.900,10.3,0,11,2.6,-1,-1
2024-06-20T00:53:40.999Z,V2851178,8345,45.93941,9.08617,33479.3,3.7,15.8,220.1,-33.4,0.5,-1.0,RS41-SG,404.900,10.3,0,11,2.6,-1,-1
2024-06-20T00:53:41.999Z,V2851178,8346,45.93929,9.08603,33483.1,3.4,18.9,220.0,-33.4,0.5,-1.0,RS41-SG,404.900,11.9,0,11,2.5,-1,-1
2024-06-20T00:53:42.999Z,V2851178,8347,45.93916,9.08587,33486.8,3.9,20.6,221.3,-33.4,0.5,-1.0,RS41-SG,404.900,11.9,0,10,2.5,-1,-1
2024-06-20T00:53:43.999Z,V2851178,8348,45.93902,9.08569,33491.5,5.6,20.5,224.2,-33.3,0.5,-1.0,RS41-SG,404.900,9.6,0,11,2.5,-1,-1
2024-06-20T00:53:45.999Z,V2851178,8350,45.93881,9.08534,33503.6,6.2,15.3,235.3,-33.3,0.5,-1.0,RS41-SG,404.900,9.8,0,11,2.6,-1,-1
2024-06-20T00:53:46.999Z,V2851178,8351,45.93875,9.08519,33509.0,4.7,12.0,244.0,-33.3,0.5,-1.0,RS41-SG,404.900,10.2,0,11,2.5,-1,-1
2024-06-20T00:53:47.999Z,V2851178,8352,45.93872,9.08506,33513.1,3.6,9.1,256.7,-33.3,0.5,-1.0,RS41-SG,404.900,10.7,0,11,2.5,-1,-1
2024-06-20T00:53:48.999Z,V2851178,8353,45.93871,9.08496,33516.7,3.4,6.7,270.7,-33.3,0.5,-1.0,RS41-SG,404.900,10.7,0,11,2.5,-1,-1
2024-06-20T00:53:53.999Z,V2851178,8358,45.93852,9.08462,33544.9,4.4,14.9,210.4,-33.2,0.5,-1.0,RS41-SG,404.900,8.4,0,11,2.5,-1,-1
2024-06-20T00:53:54.999Z,V2851178,8359,45.93840,9.08451,33548.6,2.6,18.7,210.7,-33.2,0.5,-1.0,RS41-SG,404.900,8.7,0,10,2.5,-1,-1
2024-06-20T00:53:55.999Z,V2851178,8360,45.93824,9.08437,33551.3,2.5,21.8,212.3,-33.2,0.5,-1.0,RS41-SG,404.900,9.5,0,11,2.6,-1,-1
2024-06-20T00:53:56.999Z,V2851178,8361,45.93807,9.08421,33554.6,4.4,23.2,215.8,-33.2,0.5,-1.0,RS41-SG,404.900,9.5,0,11,2.6,-1,-1
2024-06-20T00:53:57.999Z,V2851178,8362,45.93791,9.08403,33560.0,6.4,22.1,220.6,-33.2,0.5,-1.0,RS41-SG,404.900,9.0,0,11,2.5,-1,-1
2024-06-20T00:53:58.999Z,V2851178,8363,45.93778,9.08385,33566.9,7.3,19.2,227.3,-33.2,0.5,-1.0,RS41-SG,404.900,10.3,0,11,2.5,-1,-1
2024-06-20T00:54:00.999Z,V2851178,8365,45.93762,9.08351,33578.1,3.4,13.1,244.3,-33.1,0.5,-1.0,RS41-SG,404.900,8.7,0,11,2.6,-1,-1
2024-06-20T00:54:02.999Z,V2851178,8367,45.93757,9.08326,33583.7,3.4,8.2,264.7,-33.1,0.5,-1.0,RS41-SG,404.900,10.2,0,11,2.6,-1,-1
2024-06-20T00:54:03.999Z,V2851178,8368,45.93756,9.08316,33588.1,5.4,6.9,261.2,-33.1,0.5,-1.0,RS41-SG,404.900,10.8,0,11,2.5,-1,-1
2024-06-20T00:54:04.999Z,V2851178,8369,45.93754,9.08308,33593.9,6.5,7.1,242.5,-33.1,0.5,-1.0,RS41-SG,404.900,10.9,0,11,2.5,-1,-1
2024-06-20T00:54:05.999Z,V2851178,8370,45.93750,9.08300,33600.0,5.8,8.9,226.3,-33.1,0.5,-1.0,RS41-SG,404.900,10.9,0,11,2.5,-1,-1
2024-06-20T00:54:06.999Z,V2851178,8371,45.93743,9.08291,33605.1,4.5,11.5,218.7,-33.1,0.5,-1.0,RS41-SG,404.900,10.2,0,11,2.6,-1,-1
2024-06-20T00:54:07.999Z,V2851178,8372,45.93734,9.08281,33609.2,3.9,14.2,215.5,-33.1,0.5,-1.0,RS41-SG,404.900,10.6,0,11,2.6,-1,-1
2024-06-20T00:54:08.999Z,V2851178,8373,45.93723,9.08269,33613.4,4.3,16.5,215.8,-33.0,0.5,-1.0,RS41-SG,404.900,12.6,0,10,2.5,-1,-1
2024-06-20T00:54:09.999Z,V2851178,8374,45.93710,9.08256,33617.9,5.1,17.9,217.4,-33.0,0.5,-1.0,RS41-SG,404.900,12.6,0,11,2.5,-1,-1
2024-06-20T00:54:10.999Z,V2851178,8375,45.93698,9.08242,33622.9,5.2,18.3,220.7,-33.1,0.5,-1.0,RS41-SG,404.900,10.6,0,11,2.5,-1,-1
2024-06-20T00:54:11.999Z,V2851178,8376,45.93686,9.08226,33627.7,4.9,17.9,224.6,-33.1,0.5,-1.0,RS41-SG,404.900,11.2,0,11,2.6,-1,-1
2024-06-20T00:54:12.999Z,V2851178,8377,45.93675,9.08210,33632.3,4.7,17.1,229.4,-33.1,0.5,-1.0,RS41-SG,404.900,11.2,0,11,2.6,-1,-1
2024-06-20T00:54:13.999Z,V2851178,8378,45.93666,9.08193,33637.1,5.0,15.9,234.3,-33.1,0.5,-1.0,RS41-SG,404.900,10.4,0,11,2.6,-1,-1
2024-06-20T00:54:15.999Z,V2851178,8380,45.93652,9.08161,33647.2,4.7,13.5,242.1,-33.0,0.5,-1.0,RS41-SG,404.900,9.8,0,11,2.5,-1,-1
2024-06-20T00:54:16.999Z,V2851178,8381,45.93647,9.08146,33651.6,4.4,12.2,246.4,-33.0,0.5,-1.0,RS41-SG,404.900,9.2,0,11,2.5,-1,-1
2024-06-20T00:54:17.999Z,V2851178,8382,45.93643,9.08132,33656.0,4.4,10.6,249.3,-33.0,0.5,-1.0,RS41-SG,404.900,10.2,0,11,2.6,-1,-1
2024-06-20T00:54:18.999Z,V2851178,8383,45.93640,9.08120,33660.5,4.5,9.4,251.9,-33.0,0.5,-1.0,RS41-SG,404.900,11.4,0,11,2.6,-1,-1
2024-06-20T00:54:19.999Z,V2851178,8384,45.93638,9.08109,33665.4,5.2,8.5,251.7,-33.0,0.5,-1.0,RS41-SG,404.900,12.1,0,11,2.5,-1,-1
2024-06-20T00:54:20.999Z,V2851178,8385,45.93635,9.08099,33670.8,5.3,8.3,247.5,-33.0,0.5,-1.0,RS41-SG,404.900,12.2,0,11,2.5,-1,-1
2024-06-20T00:54:21.999Z,V2851178,8386,45.93632,9.08089,33676.2,5.3,9.1,239.9,-33.0,0.5,-1.0,RS41-SG,404.900,12.2,0,11,2.5,-1,-1
2024-06-20T00:54:22.999Z,V2851178,8387,45.93627,9.08079,33681.4,5.5,11.1,231.4,-33.1,0.5,-1.0,RS41-SG,404.900,11.5,0,10,2.6,-1,-1
2024-06-20T00:54:23.999Z,V2851178,8388,45.93619,9.08067,33686.5,5.1,13.6,226.3,-33.1,0.5,-1.0,RS41-SG,404.900,11.5,0,10,2.6,-1,-1
2024-06-20T00:54:24.999Z,V2851178,8389,45.93610,9.08054,33691.3,4.4,16.1,223.4,-33.1,0.5,-1.0,RS41-SG,404.900,11.5,0,11,2.6,-1,-1
2024-06-20T00:54:25.999Z,V2851178,8390,45.93599,9.08039,33695.6,4.2,18.2,222.8,-33.1,0.5,-1.0,RS41-SG,404.900,11.2,0,11,2.5,-1,-1
2024-06-20T00:54:26.999Z,V2851178,8391,45.93587,9.08022,33700.0,4.4,19.1,223.4,-33.1,0.5,-1.0,RS41-SG,404.900,10.2,0,11,2.5,-1,-1
2024-06-20T00:54:31.999Z,V2851178,8396,45.93547,9.07943,33724.2,3.5,10.1,258.3,-33.1,0.6,-1.0,RS41-SG,404.900,10.1,0,11,2.5,-1,-1
2024-06-20T00:54:32.999Z,V2851178,8397,45.93546,9.07931,33727.7,3.8,8.8,271.0,-33.1,0.5,-1.0,RS41-SG,404.900,11.3,0,11,2.5,-1,-1
2024-06-20T00:54:33.999Z,V2851178,8398,45.93546,9.07920,33732.0,5.2,8.3,276.0,-33.0,0.5,-1.0,RS41-SG,404.900,11.3,0,11,2.6,-1,-1
2024-06-20T00:54:34.999Z,V2851178,8399,45.93547,9.07909,33737.7,6.4,8.4,269.0,-33.0,0.5,-1.0,RS41-SG,404.900,10.9,0,11,2.6,-1,-1
2024-06-20T00:54:36.999Z,V2851178,8401,45.93542,9.07886,33750.9,5.9,11.9,240.1,-33.0,0.5,-1.0,RS41-SG,404.900,10.7,0,11,2.5,-1,-1
2024-06-20T00:54:37.999Z,V2851178,8402,45.93535,9.07871,33756.4,4.4,15.0,230.0,-32.9,0.5,-1.0,RS41-SG,404.900,10.7,0,11,2.5,-1,-1
2024-06-20T00:54:38.999Z,V2851178,8403,45.93525,9.07856,33760.2,3.3,18.3,224.0,-32.9,0.5,-1.0,RS41-SG,404.900,11.9,0,11,2.5,-1,-1
2024-06-20T00:54:40.999Z,V2851178,8405,45.93496,9.07822,33766.4,4.0,22.2,218.0,-32.9,0.5,-1.0,RS41-SG,404.900,11.9,0,11,2.6,-1,-1
2024-06-20T00:54:41.999Z,V2851178,8406,45.93481,9.07804,33771.3,5.6,21.4,218.1,-32.9,0.5,-1.0,RS41-SG,404.900,10.9,0,11,2.5,-1,-1
2024-06-20T00:54:42.999Z,V2851178,8407,45.93467,9.07788,33777.3,6.9,18.3,220.8,-32.9,0.5,-1.0,RS41-SG,404.900,10.0,0,11,2.5,-1,-1
2024-06-20T00:54:43.999Z,V2851178,8408,45.93457,9.07774,33783.7,5.9,14.5,226.0,-32.9,0.5,-1.0,RS41-SG,404.900,8.7,0,11,2.5,-1,-1
2024-06-20T00:54:45.999Z,V2851178,8410,45.93446,9.07751,33792.3,3.0,8.2,255.0,-32.8,0.5,-1.0,RS41-SG,404.900,10.2,0,11,2.6,-1,-1
2024-06-20T00:54:47.999Z,V2851178,8412,45.93447,9.07732,33798.3,3.9,7.8,290.6,-32.8,0.5,-1.0,RS41-SG,404.900,11.2,0,11,2.5,-1,-1
2024-06-20T00:54:49.999Z,V2851178,8414,45.93450,9.07710,33809.9,7.1,10.2,265.7,-32.7,0.5,-1.0,RS41-SG,404.900,11.0,0,11,2.5,-1,-1
2024-06-20T00:54:50.999Z,V2851178,8415,45.93447,9.07696,33816.5,6.4,12.9,248.5,-32.7,0.5,-1.0,RS41-SG,404.900,11.1,0,11,2.6,-1,-1
2024-06-20T00:54:51.999Z,V2851178,8416,45.93441,9.07679,33822.1,4.9,16.1,237.0,-32.7,0.5,-1.0,RS41-SG,404.900,11.1,0,11,2.6,-1,-1
2024-06-20T00:54:52.999Z,V2851178,8417,45.93432,9.07661,33825.9,2.6,19.1,229.7,-32.8,0.5,-1.0,RS41-SG,404.900,12.0,0,11,2.5,-1,-1
2024-06-20T00:54:53.999Z,V2851178,8418,45.93419,9.07642,33828.3,1.8,21.5,223.6,-32.8,0.5,-1.0,RS41-SG,404.900,12.0,0,11,2.5,-1,-1
2024-06-20T00:54:59.999Z,V2851178,8424,45.93349,9.07562,33857.4,3.1,7.9,236.7,-32.7,0.5,-1.0,RS41-SG,404.900,10.0,0,11,2.5,-1,-1
2024-06-20T00:55:01.999Z,V2851178,8426,45.93346,9.07543,33864.6,4.5,9.0,269.7,-32.7,0.5,-1.0,RS41-SG,404.900,10.2,0,11,2.6,-1,-1
2024-06-20T00:55:02.999Z,V2851178,8427,45.93345,9.07530,33869.7,5.6,11.4,268.6,-32.7,0.5,-1.0,RS41-SG,404.900,10.4,0,11,2.6,-1,-1
2024-06-20T00:55:03.999Z,V2851178,8428,45.93344,9.07514,33875.1,5.7,13.9,261.2,-32.7,0.5,-1.0,RS41-SG,404.900,10.9,0,11,2.5,-1,-1
2024-06-20T00:55:04.999Z,V2851178,8429,45.93341,9.07495,33880.4,4.6,16.3,253.7,-32.6,0.5,-1.0,RS41-SG,404.900,10.9,0,11,2.5,-1,-1
2024-06-20T00:55:06.999Z,V2851178,8431,45.93328,9.07452,33888.6,3.8,20.0,240.8,-32.6,0.5,-1.0,RS41-SG,404.900,11.1,0,11,2.6,-1,-1
2024-06-20T00:55:07.999Z,V2851178,8432,45.93319,9.07431,33892.5,4.4,20.2,235.4,-32.6,0.5,-1.0,RS41-SG,404.900,11.1,0,11,2.6,-1,-1
2024-06-20T00:55:08.999Z,V2851178,8433,45.93308,9.07410,33897.1,5.2,19.2,231.4,-32.6,0.5,-1.0,RS41-SG,404.900,9.0,0,10,2.6,-1,-1
2024-06-20T00:55:09.999Z,V2851178,8434,45.93298,9.07393,33902.5,5.7,16.8,227.2,-32.6,0.5,-1.0,RS41-SG,404.900,9.3,0,11,2.5,-1,-1
2024-06-20T00:55:10.999Z,V2851178,8435,45.93288,9.07379,33908.2,5.3,13.8,224.2,-32.6,0.5,-1.0,RS41-SG,404.900,9.7,0,11,2.5,-1,-1
2024-06-20T00:55:11.999Z,V2851178,8436,45.93280,9.07368,33913.1,4.7,10.8,221.8,-32.5,0.5,-1.0,RS41-SG,404.900,10.0,0,10,2.5,-1,-1
2024-06-20T00:55:12.999Z,V2851178,8437,45.93274,9.07360,33917.2,3.9,8.2,223.1,-32.5,0.5,-1.0,RS41-SG,404.900,10.7,0,10,2.6,-1,-1
2024-06-20T00:55:13.999Z,V2851178,8438,45.93269,9.07353,33920.7,3.7,6.8,227.8,-32.5,0.5,-1.0,RS41-SG,404.900,10.8,0,11,2.6,-1,-1
2024-06-20T00:55:14.999Z,V2851178,8439,45.93266,9.07346,33924.9,5.0,6.9,238.3,-32.6,0.5,-1.0,RS41-SG,404.900,10.8,0,11,2.5,-1,-1
2024-06-20T00:55:15.999Z,V2851178,8440,45.93262,9.07337,33930.4,5.9,8.8,243.7,-32.6,0.5,-1.0,RS41-SG,404.900,10.5,0,11,2.5,-1,-1
2024-06-20T00:55:17.999Z,V2851178,8442,45.93253,9.07310,33941.1,4.4,14.4,244.7,-32.5,0.5,-1.0,RS41-SG,404.900,11.7,0,11,2.6,-1,-1
2024-06-20T00:55:18.999Z,V2851178,8443,45.93247,9.07292,33945.4,3.9,16.8,243.9,-32.5,0.5,-1.0,RS41-SG,404.900,11.1,0,11,2.6,-1,-1
2024-06-20T00:55:21.999Z,V2851178,8446,45.93224,9.07230,33959.6,5.8,18.1,240.5,-32.5,0.5,-1.0,RS41-SG,404.900,10.4,0,11,2.5,-1,-1
2024-06-20T00:55:22.999Z,V2851178,8447,45.93216,9.07210,33965.3,5.5,16.5,240.2,-32.5,0.5,-1.0,RS41-SG,404.900,10.4,0,11,2.5,-1,-1
2024-06-20T00:55:23.999Z,V2851178,8448,45.93209,9.07193,33970.4,4.8,14.6,239.8,-32.5,0.5,-1.0,RS41-SG,404.900,11.0,0,11,2.6,-1,-1
2024-06-20T00:55:24.999Z,V2851178,8449,45.93203,9.07178,33974.9,4.4,12.7,239.3,-32.5,0.5,-1.0,RS41-SG,404.900,12.3,0,11,2.6,-1,-1
2024-06-20T00:55:25.999Z,V2851178,8450,45.93198,9.07165,33979.1,4.1,11.3,238.9,-32.5,0.5,-1.0,RS41-SG,404.900,12.3,0,11,2.5,-1,-1
2024-06-20T00:55:27.999Z,V2851178,8452,45.93188,9.07141,33988.3,5.2,11.0,241.4,-32.4,0.5,-1.0,RS41-SG,404.900,11.2,0,11,2.5,-1,-1
2024-06-20T00:55:30.999Z,V2851178,8455,45.93174,9.07097,34003.7,4.8,14.0,249.8,-32.5,0.5,-1.0,RS41-SG,404.900,11.2,0,11,2.6,-1,-1
2024-06-20T00:55:31.999Z,V2851178,8456,45.93170,9.07080,34008.5,4.6,14.8,252.2,-32.5,0.5,-1.0,RS41-SG,404.900,12.0,0,11,2.5,-1,-1
2024-06-20T00:55:33.999Z,V2851178,8458,45.93163,9.07043,34018.4,5.2,15.2,255.4,-32.5,0.5,-1.0,RS41-SG,404.900,11.4,0,11,2.5,-1,-1
2024-06-20T00:55:35.999Z,V2851178,8460,45.93155,9.07007,34029.0,5.7,13.5,250.7,-32.5,0.5,-1.0,RS41-SG,404.900,11.3,0,11,2.6,-1,-1
2024-06-20T00:55:36.999Z,V2851178,8461,45.93151,9.06991,34034.4,5.2,12.5,244.8,-32.5,0.5,-1.0,RS41-SG,404.900,11.3,0,11,2.5,-1,-1
2024-06-20T00:55:37.999Z,V2851178,8462,45.93146,9.06978,34039.5,4.8,11.8,237.5,-32.5,0.5,-1.0,RS41-SG,404.900,11.4,0,11,2.5,-1,-1
2024-06-20T00:55:39.999Z,V2851178,8464,45.93132,9.06954,34049.0,5.1,12.4,225.8,-32.5,0.5,-1.0,RS41-SG,404.900,10.7,0,11,2.6,-1,-1
2024-06-20T00:55:40.999Z,V2851178,8465,45.93124,9.06942,34054.3,5.3,13.4,226.3,-32.5,0.5,-1.0,RS41-SG,404.900,11.2,0,11,2.6,-1,-1
2024-06-20T00:55:41.999Z,V2851178,8466,45.93116,9.06929,34059.7,5.6,14.4,231.0,-32.5,0.5,-1.0,RS41-SG,404.900,11.2,0,11,2.6,-1,-1
2024-06-20T00:55:42.999Z,V2851178,8467,45.93108,9.06914,34065.4,5.4,15.1,239.0,-32.5,0.5,-1.0,RS41-SG,404.900,10.9,0,11,2.5,-1,-1
2024-06-20T00:55:43.999Z,V2851178,8468,45.93102,9.06896,34070.7,4.9,15.8,247.3,-32.5,0.5,-1.0,RS41-SG,404.900,11.2,0,11,2.5,-1,-1
2024-06-20T00:55:44.999Z,V2851178,8469,45.93098,9.06876,34075.4,4.6,16.3,256.2,-32.5,0.5,-1.0,RS41-SG,404.900,11.3,0,11,2.5,-1,-1
2024-06-20T00:55:45.999Z,V2851178,8470,45.93095,9.06856,34079.8,4.6,16.4,264.4,-32.5,0.5,-1.0,RS41-SG,404.900,11.3,0,11,2.6,-1,-1
2024-06-20T00:55:46.999Z,V2851178,8471,45.93095,9.06835,34084.4,4.9,15.9,270.7,-32.6,0.5,-1.0,RS41-SG,404.900,11.1,0,11,2.6,-1,-1
2024-06-20T00:55:47.999Z,V2851178,8472,45.93095,9.06816,34089.5,5.2,14.4,273.8,-32.6,0.5,-1.0,RS41-SG,404.900,11.9,0,11,2.5,-1,-1
2024-06-20T00:55:48.999Z,V2851178,8473,45.93096,9.06799,34094.6,5.4,12.2,273.4,-32.6,0.5,-1.0,RS41-SG,404.900,12.1,0,11,2.5,-1,-1
2024-06-20T00:55:49.999Z,V2851178,8474,45.93096,9.06784,34100.1,5.3,9.9,266.2,-32.6,0.5,-1.0,RS41-SG,404.900,12.1,0,11,2.6,-1,-1
2024-06-20T00:55:51.999Z,V2851178,8476,45.93091,9.06764,34110.0,4.5,8.8,229.5,-32.7,0.5,-1.0,RS41-SG,404.900,10.1,0,11,2.5,-1,-1
2024-06-20T00:55:52.999Z,V2851178,8477,45.93084,9.06755,34114.5,4.5,10.7,217.4,-32.7,0.5,-1.0,RS41-SG,404.900,10.8,0,11,2.5,-1,-1
2024-06-20T00:55:53.999Z,V2851178,8478,45.93076,9.06746,34119.2,5.0,13.1,215.4,-32.7,0.5,-1.0,RS41-SG,404.900,12.0,0,11,2.5,-1,-1
2024-06-20T00:55:54.999Z,V2851178,8479,45.93066,9.06735,34124.5,5.6,15.5,219.9,-32.7,0.5,-1.0,RS41-SG,404.900,12.0,0,11,2.6,-1,-1
2024-06-20T00:55:56.999Z,V2851178,8481,45.93046,9.06703,34135.9,5.5,18.1,238.3,-32.8,0.5,-1.0,RS41-SG,404.900,11.0,0,11,2.6,-1,-1
2024-06-20T00:55:58.999Z,V2851178,8483,45.93035,9.06659,34146.0,4.5,18.8,261.4,-32.8,0.5,-1.0,RS41-SG,404.900,9.2,0,11,2.5,-1,-1
2024-06-20T00:55:59.999Z,V2851178,8484,45.93034,9.06635,34150.4,4.4,18.4,272.0,-32.9,0.5,-1.0,RS41-SG,404.900,10.1,0,11,2.5,-1,-1
2024-06-20T00:56:01.999Z,V2851178,8486,45.93039,9.06592,34159.6,5.2,14.8,289.0,-32.9,0.5,-1.0,RS41-SG,404.900,11.7,0,11,2.6,-1,-1
2024-06-20T00:56:03.999Z,V2851178,8488,45.93047,9.06564,34170.0,5.4,8.6,288.6,-32.9,0.5,-1.0,RS41-SG,404.900,13.1,0,11,2.5,-1,-1
2024-06-20T00:56:04.999Z,V2851178,8489,45.93048,9.06555,34175.5,5.3,5.9,265.5,-32.9,0.5,-1.0,RS41-SG,404.900,13.1,0,11,2.5,-1,-1
2024-06-20T00:56:05.999Z,V2851178,8490,45.93046,9.06548,34180.6,5.2,6.5,229.6,-33.0,0.5,-1.0,RS41-SG,404.900,10.9,0,11,2.6,-1,-1
2024-06-20T00:56:06.999Z,V2851178,8491,45.93040,9.06541,34185.7,5.1,9.6,215.9,-33.0,0.5,-1.0,RS41-SG,404.900,10.3,0,11,2.6,-1,-1
2024-06-20T00:56:08.999Z,V2851178,8493,45.93023,9.06520,34196.4,5.4,16.0,225.1,-33.0,0.5,-1.0,RS41-SG,404.900,9.8,0,11,2.5,-1,-1
2024-06-20T00:56:09.999Z,V2851178,8494,45.93013,9.06503,34202.1,5.6,18.3,235.9,-33.0,0.5,-1.0,RS41-SG,404.900,10.7,0,11,2.5,-1,-1
2024-06-20T00:56:10.999Z,V2851178,8495,45.93005,9.06482,34207.7,5.5,20.1,247.9,-33.1,0.5,-1.0,RS41-SG,404.900,10.9,0,11,2.5,-1,-1
2024-06-20T00:56:11.999Z,V2851178,8496,45.93000,9.06457,34212.9,5.0,21.2,259.9,-33.1,0.5,-1.0,RS41-SG,404.900,11.2,0,11,2.6,-1,-1
2024-06-20T00:56:18.999Z,V2851178,8503,45.93034,9.06301,34197.9,-24.8,16.3,296.7,-33.0,0.5,-1.0,RS41-SG,404.900,10.5,0,11,2.6,-1,-1
2024-06-20T00:56:20.999Z,V2851178,8505,45.93040,9.06268,34144.4,-22.6,10.6,245.4,-32.8,0.5,-1.0,RS41-SG,404.900,11.1,0,10,2.5,-1,-1
2024-06-20T00:56:21.999Z,V2851178,8506,45.93035,9.06256,34120.3,-27.6,10.8,237.9,-32.8,0.5,-1.0,RS41-SG,404.900,11.7,0,11,2.5,-1,-1
2024-06-20T00:56:22.999Z,V2851178,8507,45.93030,9.06245,34090.4,-33.2,11.1,232.1,-32.6,0.5,-1.0,RS41-SG,404.900,11.7,0,11,2.6,-1,-1
2024-06-20T00:56:23.999Z,V2851178,8508,45.93023,9.06233,34056.5,-35.1,11.9,230.7,-32.4,0.5,-1.0,RS41-SG,404.900,11.3,0,10,2.6,-1,-1
2024-06-20T00:56:24.999Z,V2851178,8509,45.93016,9.06221,34020.8,-38.0,12.6,229.6,-32.2,0.5,-1.0,RS41-SG,404.900,9.8,0,10,2.5,-1,-1
2024-06-20T00:56:25.999Z,V2851178,8510,45.93009,9.06208,33982.5,-39.2,13.3,235.2,-32.1,0.5,-1.0,RS41-SG,404.900,9.4,0,11,2.5,-1,-1
2024-06-20T00:56:26.999Z,V2851178,8511,45.93002,9.06194,33942.7,-41.4,13.6,237.8,-32.0,0.5,-1.0,RS41-SG,404.900,9.4,0,11,2.5,-1,-1
2024-06-20T00:56:28.999Z,V2851178,8513,45.92991,9.06162,33858.9,-42.7,14.3,249.4,-32.0,0.5,-1.0,RS41-SG,404.900,10.0,0,11,2.6,-1,-1
2024-06-20T00:56:29.999Z,V2851178,8514,45.92987,9.06144,33816.3,-42.8,14.0,251.4,-32.1,0.5,-1.0,RS41-SG,404.900,10.0,0,11,2.6,-1,-1
2024-06-20T00:56:31.999Z,V2851178,8516,45.92979,9.06109,33733.1,-41.0,14.0,254.4,-32.3,0.5,-1.0,RS41-SG,404.900,10.3,0,11,2.5,-1,-1
2024-06-20T00:56:32.999Z,V2851178,8517,45.92976,9.06093,33692.7,-40.4,13.2,247.9,-32.4,0.5,-1.0,RS41-SG,404.900,10.3,0,10,2.5,-1,-1
2024-06-20T00:56:33.999Z,V2851178,8518,45.92971,9.06078,33652.3,-40.7,12.5,244.2,-32.4,0.5,-1.0,RS41-SG,404.900,9.6,0,11,2.6,-1,-1
2024-06-20T00:56:34.999Z,V2851178,8519,45.92965,9.06064,33611.5,-40.4,12.5,236.3,-32.4,0.5,-1.0,RS41-SG,404.900,9.6,0,11,2.6,-1,-1
2024-06-20T00:56:36.999Z,V2851178,8521,45.92951,9.06039,33532.2,-39.2,12.0,224.0,-32.6,0.5,-1.0,RS41-SG,404.900,8.3,0,11,2.5,-1,-1
2024-06-20T00:56:38.999Z,V2851178,8523,45.92935,9.06017,33451.0,-40.7,12.5,223.0,-32.8,0.5,-1.0,RS41-SG,404.900,10.4,0,10,2.6,-1,-1
2024-06-20T00:56:40.999Z,V2851178,8525,45.92919,9.05995,33370.3,-40.2,12.6,228.7,-33.1,0.5,-1.0,RS41-SG,404.900,9.7,0,11,2.5,-1,-1
2024-06-20T00:56:41.999Z,V2851178,8526,45.92912,9.05982,33331.0,-38.9,12.2,236.1,-33.3,0.6,-1.0,RS41-SG,404.900,12.2,0,11,2.5,-1,-1
2024-06-20T00:56:43.999Z,V2851178,8528,45.92900,9.05957,33256.7,-35.4,11.9,242.7,-33.9,0.5,-1.0,RS41-SG,404.900,10.1,0,10,2.6,-1,-1
2024-06-20T00:56:45.999Z,V2851178,8530,45.92893,9.05931,33187.0,-34.5,9.8,251.6,-34.3,0.6,-1.0,RS41-SG,404.900,10.3,0,10,2.5,-1,-1
2024-06-20T00:56:46.999Z,V2851178,8531,45.92891,9.05919,33152.7,-34.6,10.2,259.7,-34.5,0.6,-1.0,RS41-SG,404.900,9.3,0,11,2.5,-1,-1
2024-06-20T00:56:47.999Z,V2851178,8532,45.92890,9.05906,33118.9,-33.4,10.0,269.0,-34.7,0.6,-1.0,RS41-SG,404.900,11.2,0,11,2.5,-1,-1
2024-06-20T00:56:48.999Z,V2851178,8533,45.92890,9.05893,33085.3,-33.5,9.7,270.1,-34.8,0.6,-1.0,RS41-SG,404.900,12.2,0,11,2.6,-1,-1
2024-06-20T00:56:49.999Z,V2851178,8534,45.92890,9.05881,33052.1,-33.3,10.2,276.2,-34.9,0.6,-1.0,RS41-SG,404.900,12.2,0,11,2.6,-1,-1
2024-06-20T00:56:50.999Z,V2851178,8535,45.92892,9.05868,33018.7,-33.5,10.0,280.6,-34.9,0.6,-1.0,RS41-SG,404.900,11.7,0,11,2.5,-1,-1
2024-06-20T00:56:52.999Z,V2851178,8537,45.92895,9.05841,32953.1,-32.3,10.6,278.2,-34.9,0.6,-1.0,RS41-SG,404.900,12.3,0,11,2.5,-1,-1
2024-06-20T00:56:53.999Z,V2851178,8538,45.92896,9.05828,32921.2,-32.0,10.9,276.5,-34.9,0.6,-1.0,RS41-SG,404.900,12.2,0,10,2.6,-1,-1
2024-06-20T00:56:54.999Z,V2851178,8539,45.92896,9.05814,32889.5,-31.8,10.8,270.1,-35.0,0.6,-1.0,RS41-SG,404.900,12.2,0,11,2.6,-1,-1
2024-06-20T00:56:55.999Z,V2851178,8540,45.92896,9.05800,32858.2,-31.6,11.2,266.8,-35.1,0.6,-1.0,RS41-SG,404.900,11.8,0,9,2.6,-1,-1
2024-06-20T00:56:56.999Z,V2851178,8541,45.92895,9.05786,32826.5,-32.3,11.2,260.2,-35.2,0.6,-1.0,RS41-SG,404.900,12.6,0,9,2.5,-1,-1
2024-06-20T00:56:58.999Z,V2851178,8543,45.92891,9.05759,32763.5,-31.5,11.1,257.5,-35.4,0.6,-1.0,RS41-SG,404.900,11.5,0,11,2.5,-1,-1
2024-06-20T00:56:59.999Z,V2851178,8544,45.92889,9.05745,32732.0,-31.5,10.8,260.2,-35.6,0.6,-1.0,RS41-SG,404.900,11.8,0,10,2.6,-1,-1
2024-06-20T00:57:00.999Z,V2851178,8545,45.92888,9.05730,32700.7,-31.1,12.0,266.9,-35.8,0.6,-1.0,RS41-SG,404.900,11.9,0,9,2.6,-1,-1
2024-06-20T00:57:01.999Z,V2851178,8546,45.92888,9.05714,32669.1,-32.2,12.2,271.5,-35.9,0.6,-1.0,RS41-SG,404.900,11.9,0,9,2.5,-1,-1
2024-06-20T00:57:02.999Z,V2851178,8547,45.92889,9.05697,32636.8,-32.1,14.2,278.1,-36.1,0.6,-1.0,RS41-SG,404.900,11.9,0,10,2.5,-1,-1
2024-06-20T00:57:03.999Z,V2851178,8548,45.92892,9.05678,32605.2,-31.7,15.5,279.5,-36.1,0.6,-1.0,RS41-SG,404.900,11.0,0,10,2.5,-1,-1
2024-06-20T00:57:04.999Z,V2851178,8549,45.92894,9.05658,32573.4,-31.5,16.2,282.6,-36.1,0.6,-1.0,RS41-SG,404.900,11.0,0,11,2.6,-1,-1
2024-06-20T00:57:05.999Z,V2851178,8550,45.92898,9.05637,32542.9,-30.4,17.4,284.4,-36.1,0.6,-1.0,RS41-SG,404.900,10.8,0,11,2.6,-1,-1
2024-06-20T00:57:06.999Z,V2851178,8551,45.92902,9.05616,32512.6,-30.5,17.2,287.1,-36.1,0.6,-1.0,RS41-SG,404.900,10.4,0,10,2.6,-1,-1
2024-06-20T00:57:07.999Z,V2851178,8552,45.92907,9.05595,32482.8,-30.0,17.2,288.6,-36.0,0.6,-1.0,RS41-SG,404.900,10.8,0,11,2.5,-1,-1
2024-06-20T00:57:08.999Z,V2851178,8553,45.92912,9.05574,32452.5,-30.6,16.6,288.3,-36.0,0.6,-1.0,RS41-SG,404.900,10.8,0,11,2.5,-1,-1
2024-06-20T00:57:09.999Z,V2851178,8554,45.92916,9.05555,32421.4,-31.5,15.1,288.7,-36.1,0.6,-1.0,RS41-SG,404.900,10.3,0,11,2.5,-1,-1
2024-06-20T00:57:10.999Z,V2851178,8555,45.92920,9.05537,32390.2,-31.1,14.3,283.4,-36.1,0.6,-1.0,RS41-SG,404.900,11.2,0,11,2.6,-1,-1
2024-06-20T00:57:12.999Z,V2851178,8557,45.92923,9.05505,32329.3,-31.0,11.7,267.0,-36.2,0.6,-1.0,RS41-SG,404.900,10.9,0,9,2.5,-1,-1
2024-06-20T00:57:14.999Z,V2851178,8559,45.92918,9.05478,32267.5,-31.3,10.6,244.0,-36.2,0.6,-1.0,RS41-SG,404.900,11.1,0,10,2.6,-1,-1
2024-06-20T00:57:15.999Z,V2851178,8560,45.92913,9.05467,32236.5,-31.4,10.5,233.7,-36.2,0.6,-1.0,RS41-SG,404.900,11.1,0,11,2.6,-1,-1
2024-06-20T00:57:16.999Z,V2851178,8561,45.92907,9.05456,32205.8,-30.9,11.1,226.6,-36.2,0.6,-1.0,RS41-SG,404.900,12.5,0,11,2.5,-1,-1
2024-06-20T00:57:18.999Z,V2851178,8563,45.92893,9.05436,32144.6,-30.8,11.1,226.8,-36.4,0.6,-1.0,RS41-SG,404.900,10.9,0,10,2.5,-1,-1
2024-06-20T00:57:19.999Z,V2851178,8564,45.92887,9.05425,32114.4,-30.0,10.3,234.5,-36.6,0.6,-1.0,RS41-SG,404.900,10.9,0,9,2.6,-1,-1
2024-06-20T00:57:20.999Z,V2851178,8565,45.92882,9.05414,32083.8,-30.7,10.1,240.3,-36.8,0.6,-1.0,RS41-SG,404.900,10.4,0,10,2.6,-1,-1
2024-06-20T00:57:21.999Z,V2851178,8566,45.92879,9.05402,32053.7,-30.0,10.6,255.1,-37.1,0.6,-1.0,RS41-SG,404.900,10.4,0,11,2.6,-1,-1
2024-06-20T00:57:25.999Z,V2851178,8570,45.92889,9.05342,31932.4,-31.2,14.7,300.4,-38.1,0.7,-1.0,RS41-SG,404.900,10.1,0,10,2.6,-1,-1
2024-06-20T00:57:26.999Z,V2851178,8571,45.92896,9.05326,31900.6,-31.8,15.8,306.2,-38.3,0.7,-1.0,RS41-SG,404.900,10.1,0,11,2.6,-1,-1
2024-06-20T00:57:27.999Z,V2851178,8572,45.92905,9.05309,31869.4,-31.6,16.8,309.2,-38.5,0.7,-1.0,RS41-SG,404.900,9.7,0,11,2.5,-1,-1
2024-06-20T00:57:28.999Z,V2851178,8573,45.92915,9.05292,31838.7,-31.4,18.5,308.5,-38.6,0.7,-1.0,RS41-SG,404.900,10.3,0,11,2.5,-1,-1
2024-06-20T00:57:29.999Z,V2851178,8574,45.92925,9.05274,31807.9,-31.6,17.9,308.3,-38.8,0.7,-1.0,RS41-SG,404.900,10.3,0,10,2.5,-1,-1
2024-06-20T00:57:30.999Z,V2851178,8575,45.92935,9.05256,31776.6,-31.8,17.3,305.9,-39.0,0.7,-1.0,RS41-SG,404.900,9.8,0,10,2.6,-1,-1
2024-06-20T00:57:31.999Z,V2851178,8576,45.92943,9.05237,31745.9,-30.7,16.7,301.5,-39.3,0.7,-1.0,RS41-SG,404.900,10.2,0,11,2.6,-1,-1
2024-06-20T00:57:32.999Z,V2851178,8577,45.92950,9.05219,31715.2,-30.6,15.9,295.1,-39.6,0.7,-1.0,RS41-SG,404.900,10.3,0,11,2.6,-1,-1
2024-06-20T00:57:33.999Z,V2851178,8578,45.92955,9.05200,31684.6,-31.3,15.7,288.2,-39.7,0.7,-1.0,RS41-SG,404.900,10.3,0,11,2.5,-1,-1
2024-06-20T00:57:34.999Z,V2851178,8579,45.92959,9.05180,31653.7,-31.1,16.2,281.8,-39.8,0.7,-1.0,RS41-SG,404.900,9.5,0,11,2.5,-1,-1
2024-06-20T00:57:35.999Z,V2851178,8580,45.92962,9.05159,31622.8,-31.1,17.2,277.5,-39.8,0.7,-1.0,RS41-SG,404.900,9.1,0,11,2.5,-1,-1
2024-06-20T00:57:38.999Z,V2851178,8583,45.92963,9.05088,31530.4,-31.3,19.3,269.8,-40.1,0.7,-1.0,RS41-SG,404.900,9.1,0,11,2.5,-1,-1
2024-06-20T00:57:43.999Z,V2851178,8588,45.92968,9.04976,31378.9,-29.8,14.0,278.6,-40.2,0.7,-1.0,RS41-SG,404.900,8.4,0,11,2.5,-1,-1
2024-06-20T00:57:44.999Z,V2851178,8589,45.92970,9.04959,31348.7,-31.1,11.9,282.2,-40.2,0.7,-1.0,RS41-SG,404.900,8.4,0,11,2.5,-1,-1
2024-06-20T00:57:45.999Z,V2851178,8590,45.92972,9.04946,31317.8,-31.1,9.9,283.8,-40.2,0.7,-1.0,RS41-SG,404.900,9.1,0,11,2.6,-1,-1
2024-06-20T00:57:46.999Z,V2851178,8591,45.92974,9.04934,31287.1,-30.8,8.8,287.1,-40.1,0.7,-1.0,RS41-SG,404.900,9.5,0,11,2.6,-1,-1
2024-06-20T00:57:48.999Z,V2851178,8593,45.92977,9.04914,31227.0,-30.1,7.9,279.4,-40.0,0.7,-1.0,RS41-SG,404.900,8.5,0,11,2.5,-1,-1
2024-06-20T00:57:50.999Z,V2851178,8595,45.92979,9.04890,31168.3,-29.1,10.6,276.2,-40.0,0.7,-1.0,RS41-SG,404.900,8.5,0,10,2.5,-1,-1
2024-06-20T00:57:57.999Z,V2851178,8602,45.93002,9.04743,30958.6,-29.8,19.9,289.9,-41.0,0.7,-1.0,RS41-SG,404.900,7.5,0,10,2.6,-1,-1
2024-06-20T00:58:00.999Z,V2851178,8605,45.93020,9.04681,30871.3,-29.8,14.7,290.8,-41.5,0.8,-1.0,RS41-SG,404.900,7.9,0,9,2.5,-1,-1
2024-06-20T00:58:03.999Z,V2851178,8608,45.93028,9.04637,30780.9,-29.9,9.4,271.6,-41.8,0.8,-1.0,RS41-SG,404.900,7.7,0,11,2.6,-1,-1
