timestamp,serial,frame,lat,lon,alt,vel_v,vel_h,heading,temp,humidity,pressure,type,freq_mhz,snr,f_error_hz,sats,batt_v,burst_timer,aux_data
2024-07-09T00:38:24.000Z,V2850062,7464,45.73647,8.93650,28941.7,5.4,19.4,277.4,-273.0,-1.0,-1.0,RS41,404.900,10.0,0,10,2.6,-1,-1
2024-07-09T00:38:25.000Z,V2850062,7465,45.73649,8.93625,28947.6,6.7,19.3,273.5,-273.0,-1.0,-1.0,RS41,404.900,10.0,0,10,2.6,-1,-1
2024-07-09T00:38:26.000Z,V2850062,7466,45.73650,8.93601,28953.9,6.0,19.0,269.4,-273.0,-1.0,-1.0,RS41,404.900,9.5,0,10,2.7,-1,-1
2024-07-09T00:38:28.000Z,V2850062,7468,45.73648,8.93552,28964.7,6.0,18.4,267.7,-273.0,-1.0,-1.0,RS41,404.900,9.3,0,10,2.7,-1,-1
2024-07-09T00:38:29.000Z,V2850062,7469,45.73648,8.93529,28971.4,7.1,18.0,271.5,-273.0,-1.0,-1.0,RS41,404.900,8.2,0,10,2.6,-1,-1
2024-07-09T00:38:30.000Z,V2850062,7470,45.73649,8.93506,28977.6,5.1,18.0,276.1,-273.0,-1.0,-1.0,RS41,404.900,8.4,0,9,2.6,-1,-1
2024-07-09T00:38:31.000Z,V2850062,7471,45.73652,8.93483,28982.7,5.0,18.4,280.3,-273.0,-1.0,-1.0,RS41,404.900,8.8,0,10,2.6,-1,-1
2024-07-09T00:38:35.000Z,V2850062,7475,45.73665,8.93387,29006.8,6.0,20.1,280.9,-273.0,-1.0,-1.0,RS41,404.900,8.5,0,10,2.6,-1,-1
2024-07-09T00:38:37.000Z,V2850062,7477,45.73673,8.93336,29019.3,5.5,21.0,283.7,-273.0,-1.0,-1.0,RS41,404.900,9.6,0,10,2.6,-1,-1
2024-07-09T00:38:39.000Z,V2850062,7479,45.73682,8.93284,29030.1,5.7,20.4,281.8,-273.0,-1.0,-1.0,RS41,404.900,9.7,0,10,2.7,-1,-1
2024-07-09T00:38:40.000Z,V2850062,7480,45.73685,8.93258,29036.2,6.5,19.6,277.5,-273.0,-1.0,-1.0,RS41-SG,404.900,9.7,0,10,2.6,-1,-1
2024-07-09T00:38:42.000Z,V2850062,7482,45.73687,8.93210,29047.6,4.9,18.6,272.6,-273.0,-1.0,-1.0,RS41-SG,404.900,8.8,0,10,2.7,-1,-1
2024-07-09T00:38:43.000Z,V2850062,7483,45.73688,8.93186,29052.8,5.8,18.5,274.2,-273.0,-1.0,-1.0,RS41-SG,404.900,8.7,0,10,2.7,-1,-1
2024-07-09T00:38:44.000Z,V2850062,7484,45.73690,8.93162,29059.2,6.8,18.8,278.2,-273.0,-1.0,-1.0,RS41-SG,404.900,9.0,0,10,2.6,-1,-1
2024-07-09T00:38:45.000Z,V2850062,7485,45.73693,8.93138,29065.6,6.0,19.4,283.6,-273.0,-1.0,-1.0,RS41-SG,404.900,9.3,0,10,2.6,-1,-1
2024-07-09T00:38:46.000Z,V2850062,7486,45.73698,8.93114,29070.9,4.6,20.1,287.0,-273.0,-1.0,-1.0,RS41-SG,404.900,9.3,0,10,2.6,-1,-1
2024-07-09T00:38:47.000Z,V2850062,7487,45.73704,8.93089,29075.8,5.2,20.6,289.6,-273.0,-1.0,-1.0,RS41-SG,404.900,9.8,0,9,2.7,-1,-1
2024-07-09T00:38:48.000Z,V2850062,7488,45.73710,8.93064,29081.8,6.7,20.4,288.8,-273.0,-1.0,-1.0,RS41-SG,404.900,9.8,0,10,2.7,-1,-1
2024-07-09T00:38:49.000Z,V2850062,7489,45.73716,8.93040,29088.3,6.2,20.1,286.9,-273.0,-1.0,-1.0,RS41-SG,404.900,9.2,0,10,2.7,-1,-1
2024-07-09T00:38:50.000Z,V2850062,7490,45.73721,8.93015,29094.2,5.2,19.8,285.0,-273.0,-1.0,-1.0,RS41-SG,404.900,9.0,0,10,2.6,-1,-1
2024-07-09T00:38:52.000Z,V2850062,7492,45.73730,8.92966,29105.0,5.7,20.3,285.0,-273.0,-1.0,-1.0,RS41-SG,404.900,9.2,0,10,2.6,-1,-1
2024-07-09T00:38:54.000Z,V2850062,7494,45.73740,8.92915,29117.5,6.6,20.8,288.4,-273.0,-1.0,-1.0,RS41-SG,404.900,9.3,0,9,2.7,-1,-1
2024-07-09T00:38:55.000Z,V2850062,7495,45.73746,8.92890,29123.3,5.2,20.6,289.8,-273.0,-1.0,-1.0,RS41-SG,404.900,9.7,0,10,2.6,-1,-1
2024-07-09T00:38:57.000Z,V2850062,7497,45.73757,8.92843,29134.1,5.9,18.2,287.4,-273.0,-1.0,-1.0,RS41-SG,404.900,9.7,0,10,2.7,-1,-1
2024-07-09T00:38:59.000Z,V2850062,7499,45.73765,8.92802,29146.1,5.7,15.4,280.3,-273.0,-1.0,-1.0,RS41-SG,404.900,9.2,0,10,2.6,-1,-1
2024-07-09T00:39:02.000Z,V2850062,7502,45.73773,8.92746,29162.9,6.5,15.3,286.8,-273.0,-1.0,-1.0,RS41-SG,404.900,7.9,0,10,2.7,-1,-1
2024-07-09T00:39:04.000Z,V2850062,7504,45.73783,8.92706,29174.8,5.1,18.4,291.7,-273.0,-1.0,-1.0,RS41-SG,404.900,8.4,0,10,2.7,-1,-1
2024-07-09T00:39:07.000Z,V2850062,7507,45.73800,8.92629,29191.7,6.1,22.4,282.2,-273.0,-1.0,-1.0,RS41-SG,404.900,9.7,0,10,2.6,-1,-1
2024-07-09T00:39:09.000Z,V2850062,7509,45.73806,8.92576,29203.4,6.0,19.8,275.0,-273.0,-1.0,-1.0,RS41-SG,404.900,9.2,0,10,2.7,-1,-1
2024-07-09T00:39:11.000Z,V2850062,7511,45.73808,8.92532,29216.2,6.1,14.2,275.6,-273.0,-1.0,-1.0,RS41-SG,404.900,9.6,0,10,2.6,-1,-1
2024-07-09T00:39:12.000Z,V2850062,7512,45.73810,8.92516,29221.2,3.8,12.4,279.4,-273.0,-1.0,-1.0,RS41-SG,404.900,9.5,0,10,2.6,-1,-1
2024-07-09T00:39:13.000Z,V2850062,7513,45.73812,8.92501,29225.2,4.6,11.6,285.4,-273.0,-1.0,-1.0,RS41-SG,404.900,8.5,0,10,2.6,-1,-1
2024-07-09T00:39:14.000Z,V2850062,7514,45.73815,8.92486,29231.0,7.0,12.1,289.2,-273.0,-1.0,-1.0,RS41-SG,404.900,9.6,0,10,2.7,-1,-1
2024-07-09T00:39:15.000Z,V2850062,7515,45.73819,8.92471,29237.8,7.0,13.5,288.0,-273.0,-1.0,-1.0,RS41-SG,404.900,9.6,0,10,2.7,-1,-1
2024-07-09T00:39:16.000Z,V2850062,7516,45.73823,8.92453,29244.1,5.6,15.1,286.9,-273.0,-1.0,-1.0,RS41-SG,404.900,9.6,0,10,2.6,-1,-1
2024-07-09T00:39:17.000Z,V2850062,7517,45.73827,8.92434,29249.6,5.2,16.7,286.4,-273.0,-1.0,-1.0,RS41-SG,404.900,10.5,0,10,2.6,-1,-1
2024-07-09T00:39:20.000Z,V2850062,7520,45.73841,8.92369,29267.6,5.8,17.9,287.1,-273.0,-1.0,-1.0,RS41-SG,404.900,10.2,0,10,2.7,-1,-1
2024-07-09T00:39:21.000Z,V2850062,7521,45.73845,8.92347,29273.6,5.9,17.4,283.3,-273.0,-1.0,-1.0,RS41-SG,404.900,10.2,0,10,2.7,-1,-1
2024-07-09T00:39:22.000Z,V2850062,7522,45.73848,8.92325,29279.7,6.3,16.9,277.8,-273.0,-1.0,-1.0,RS41-SG,404.900,10.9,0,10,2.6,-1,-1
2024-07-09T00:39:23.000Z,V2850062,7523,45.73849,8.92304,29286.1,6.2,16.6,271.2,-273.0,-1.0,-1.0,RS41-SG,404.900,10.9,0,10,2.6,-1,-1
2024-07-09T00:39:24.000Z,V2850062,7524,45.73849,8.92283,29292.0,5.4,16.1,266.0,-273.0,-1.0,-1.0,RS41-SG,404.900,9.8,0,10,2.6,-1,-1
2024-07-09T00:39:25.000Z,V2850062,7525,45.73847,8.92263,29297.2,5.1,15.0,262.4,-273.0,-1.0,-1.0,RS41-SG,404.900,9.3,0,10,2.7,-1,-1
2024-07-09T00:39:26.000Z,V2850062,7526,45.73845,8.92246,29302.7,6.0,13.0,261.0,-273.0,-1.0,-1.0,RS41-SG,404.900,9.8,0,10,2.7,-1,-1
2024-07-09T00:39:27.000Z,V2850062,7527,45.73844,8.92231,29308.9,6.6,10.6,263.7,-273.0,-1.0,-1.0,RS41-SG,404.900,10.3,0,9,2.7,-1,-1
2024-07-09T00:39:28.000Z,V2850062,7528,45.73844,8.92218,29315.3,5.7,9.2,272.1,-273.0,-1.0,-1.0,RS41-SG,404.900,10.3,0,10,2.6,-1,-1
2024-07-09T00:39:29.000Z,V2850062,7529,45.73845,8.92207,29320.8,5.2,9.4,284.0,-273.0,-1.0,-1.0,RS41-SG,404.900,9.8,0,10,2.6,-1,-1
2024-07-09T00:39:30.000Z,V2850062,7530,45.73848,8.92194,29326.7,6.4,11.4,292.5,-273.0,-1.0,-1.0,RS41-SG,404.900,9.9,0,10,2.6,-1,-1
2024-07-09T00:39:31.000Z,V2850062,7531,45.73852,8.92179,29333.4,7.1,14.1,294.4,-273.0,-1.0,-1.0,RS41-SG,404.900,10.3,0,10,2.7,-1,-1
2024-07-09T00:39:32.000Z,V2850062,7532,45.73858,8.92161,29339.6,5.3,16.3,292.5,-273.0,-1.0,-1.0,RS41-SG,404.900,10.4,0,10,2.7,-1,-1
2024-07-09T00:39:34.000Z,V2850062,7534,45.73868,8.92118,29350.0,5.7,18.9,286.2,-273.0,-1.0,-1.0,RS41-SG,404.900,10.2,0,10,2.6,-1,-1
2024-07-09T00:39:35.000Z,V2850062,7535,45.73872,8.92095,29356.6,7.2,18.3,282.3,-273.0,-1.0,-1.0,RS41-SG,404.900,10.5,0,10,2.7,-1,-1
2024-07-09T00:39:36.000Z,V2850062,7536,45.73875,8.92073,29363.7,6.9,17.1,278.0,-273.0,-1.0,-1.0,RS41-SG,404.900,10.7,0,10,2.7,-1,-1
2024-07-09T00:39:37.000Z,V2850062,7537,45.73877,8.92052,29369.7,5.1,16.2,272.0,-273.0,-1.0,-1.0,RS41-SG,404.900,10.7,0,10,2.6,-1,-1
2024-07-09T00:39:38.000Z,V2850062,7538,45.73876,8.92032,29374.9,5.1,15.5,264.3,-273.0,-1.0,-1.0,RS41-SG,404.900,10.3,0,10,2.6,-1,-1
2024-07-09T00:39:39.000Z,V2850062,7539,45.73874,8.92012,29380.6,6.3,15.6,256.2,-273.0,-1.0,-1.0,RS41-SG,404.900,10.0,0,10,2.6,-1,-1
2024-07-09T00:39:41.000Z,V2850062,7541,45.73866,8.91974,29392.6,6.3,15.1,253.7,-273.0,-1.0,-1.0,RS41-SG,404.900,10.2,0,10,2.7,-1,-1
2024-07-09T00:39:42.000Z,V2850062,7542,45.73863,8.91956,29399.1,6.6,14.0,254.6,-273.0,-1.0,-1.0,RS41-SG,404.900,9.9,0,10,2.7,-1,-1
2024-07-09T00:39:43.000Z,V2850062,7543,45.73860,8.91940,29406.0,6.7,12.3,260.1,-273.0,-1.0,-1.0,RS41-SG,404.900,9.2,0,10,2.6,-1,-1
2024-07-09T00:39:44.000Z,V2850062,7544,45.73859,8.91925,29412.2,5.5,11.0,267.1,-273.0,-1.0,-1.0,RS41-SG,404.900,9.4,0,10,2.6,-1,-1
2024-07-09T00:39:45.000Z,V2850062,7545,45.73859,8.91911,29417.2,4.6,10.6,274.5,-273.0,-1.0,-1.0,RS41-SG,404.900,10.8,0,10,2.6,-1,-1
2024-07-09T00:39:46.000Z,V2850062,7546,45.73860,8.91897,29422.2,5.6,11.3,278.4,-273.0,-1.0,-1.0,RS41-SG,404.900,11.4,0,10,2.7,-1,-1
2024-07-09T00:39:47.000Z,V2850062,7547,45.73862,8.91882,29428.5,7.1,12.8,278.1,-273.0,-1.0,-1.0,RS41-SG,404.900,11.4,0,10,2.7,-1,-1
2024-07-09T00:39:48.000Z,V2850062,7548,45.73863,8.91864,29435.2,6.5,14.4,275.8,-273.0,-1.0,-1.0,RS41-SG,404.900,11.3,0,10,2.7,-1,-1
2024-07-09T00:39:50.000Z,V2850062,7550,45.73864,8.91825,29446.9,5.9,16.0,270.5,-273.0,-1.0,-1.0,RS41-SG,404.900,10.6,0,10,2.6,-1,-1
2024-07-09T00:39:51.000Z,V2850062,7551,45.73864,8.91805,29453.7,7.3,15.3,267.5,-273.0,-1.0,-1.0,RS41-SG,404.900,10.0,0,10,2.6,-1,-1
2024-07-09T00:39:52.000Z,V2850062,7552,45.73863,8.91786,29460.5,6.6,14.1,264.8,-273.0,-1.0,-1.0,RS41-SG,404.900,9.9,0,10,2.6,-1,-1
2024-07-09T00:39:53.000Z,V2850062,7553,45.73862,8.91769,29466.3,5.3,13.0,259.9,-273.0,-1.0,-1.0,RS41-SG,404.900,10.5,0,10,2.7,-1,-1
2024-07-09T00:39:54.000Z,V2850062,7554,45.73859,8.91753,29471.7,5.2,12.2,254.0,-43.2,-1.0,-1.0,RS41-SG,404.900,10.8,0,10,2.7,-1,-1
2024-07-09T00:39:55.000Z,V2850062,7555,45.73856,8.91739,29477.6,6.2,12.4,248.0,-43.2,-1.0,-1.0,RS41-SG,404.900,10.8,0,10,2.7,-1,-1
2024-07-09T00:39:56.000Z,V2850062,7556,45.73851,8.91724,29483.8,6.3,12.8,245.2,-43.1,-1.0,-1.0,RS41-SG,404.900,10.6,0,10,2.6,-1,-1
2024-07-09T00:39:57.000Z,V2850062,7557,45.73846,8.91709,29489.6,5.3,13.0,245.1,-43.1,-1.0,-1.0,RS41-SG,404.900,10.6,0,10,2.6,-1,-1
2024-07-09T00:39:58.000Z,V2850062,7558,45.73842,8.91694,29495.1,5.4,12.6,246.2,-43.1,-1.0,-1.0,RS41-SG,404.900,10.4,0,10,2.6,-1,-1
2024-07-09T00:40:00.000Z,V2850062,7560,45.73834,8.91666,29507.0,6.7,10.4,254.3,-43.1,-1.0,-1.0,RS41-SG,404.900,10.0,0,10,2.7,-1,-1
2024-07-09T00:40:01.000Z,V2850062,7561,45.73833,8.91654,29513.7,6.5,9.6,262.1,-43.1,-1.0,-1.0,RS41-SG,404.900,10.1,0,10,2.7,-1,-1
2024-07-09T00:40:02.000Z,V2850062,7562,45.73832,8.91641,29519.7,5.2,9.9,270.1,-43.1,-1.0,-1.0,RS41-SG,404.900,10.1,0,10,2.6,-1,-1
2024-07-09T00:40:04.000Z,V2850062,7564,45.73834,8.91612,29532.0,7.1,13.9,277.4,-43.1,-1.0,-1.0,RS41-SG,404.900,9.4,0,10,2.6,-1,-1
2024-07-09T00:40:05.000Z,V2850062,7565,45.73835,8.91593,29538.6,6.0,16.1,275.6,-43.1,-1.0,-1.0,RS41-SG,404.900,10.4,0,10,2.7,-1,-1
2024-07-09T00:40:06.000Z,V2850062,7566,45.73837,8.91571,29544.0,4.8,17.7,273.0,-43.1,-1.0,-1.0,RS41-SG,404.900,10.4,0,10,2.7,-1,-1
2024-07-09T00:40:07.000Z,V2850062,7567,45.73837,8.91548,29549.5,6.0,18.4,269.6,-43.1,-1.0,-1.0,RS41-SG,404.900,10.2,0,10,2.6,-1,-1
2024-07-09T00:40:08.000Z,V2850062,7568,45.73836,8.91525,29556.2,7.3,17.6,264.5,-43.1,-1.0,-1.0,RS41-SG,404.900,10.2,0,10,2.6,-1,-1
2024-07-09T00:40:09.000Z,V2850062,7569,45.73834,8.91504,29563.0,6.7,16.3,259.9,-43.0,-1.0,-1.0,RS41-SG,404.900,10.3,0,10,2.7,-1,-1
2024-07-09T00:40:11.000Z,V2850062,7571,45.73827,8.91466,29574.1,5.2,14.4,250.8,-42.9,-1.0,-1.0,RS41-SG,404.900,11.6,0,10,2.6,-1,-1
2024-07-09T00:40:12.000Z,V2850062,7572,45.73822,8.91449,29580.0,6.4,14.6,248.3,-42.9,-1.0,-1.0,RS41-SG,404.900,11.4,0,10,2.6,-1,-1
2024-07-09T00:40:13.000Z,V2850062,7573,45.73818,8.91431,29586.8,7.2,15.1,249.1,-42.9,-1.0,-1.0,RS41-SG,404.900,11.4,0,10,2.6,-1,-1
2024-07-09T00:40:15.000Z,V2850062,7575,45.73808,8.91394,29599.3,5.6,16.0,252.8,-42.9,-1.0,-1.0,RS41-SG,404.900,11.3,0,9,2.7,-1,-1
2024-07-09T00:40:17.000Z,V2850062,7577,45.73801,8.91354,29612.0,7.1,15.5,258.5,-42.9,-1.0,-1.0,RS41-SG,404.900,10.2,0,10,2.6,-1,-1
2024-07-09T00:40:18.000Z,V2850062,7578,45.73799,8.91335,29618.6,5.7,15.1,261.8,-42.9,-1.0,-1.0,RS41-SG,404.900,11.3,0,10,2.6,-1,-1
2024-07-09T00:40:19.000Z,V2850062,7579,45.73798,8.91316,29624.5,6.2,15.3,266.1,-42.9,-1.0,-1.0,RS41-SG,404.900,11.3,0,10,2.6,-1,-1
2024-07-09T00:40:20.000Z,V2850062,7580,45.73797,8.91295,29631.3,7.2,16.6,270.2,-42.9,-1.0,-1.0,RS41-SG,404.900,11.1,0,10,2.7,-1,-1
2024-07-09T00:40:21.000Z,V2850062,7581,45.73797,8.91273,29638.0,6.3,17.9,271.6,-42.9,-1.0,-1.0,RS41-SG,404.900,10.0,0,10,2.7,-1,-1
2024-07-09T00:40:22.000Z,V2850062,7582,45.73798,8.91250,29643.9,5.3,18.7,270.9,-43.0,-1.0,-1.0,RS41-SG,404.900,11.2,0,10,2.7,-1,-1
2024-07-09T00:40:23.000Z,V2850062,7583,45.73798,8.91226,29650.0,6.5,18.7,269.0,-43.0,-1.0,-1.0,RS41-SG,404.900,11.6,0,10,2.6,-1,-1
2024-07-09T00:40:24.000Z,V2850062,7584,45.73797,8.91203,29656.9,7.1,17.9,265.1,-43.0,-1.0,-1.0,RS41-SG,404.900,11.6,0,10,2.6,-1,-1
2024-07-09T00:40:25.000Z,V2850062,7585,45.73795,8.91181,29663.3,5.7,17.0,260.5,-43.0,-1.0,-1.0,RS41-SG,404.900,10.3,0,10,2.6,-1,-1
2024-07-09T00:40:26.000Z,V2850062,7586,45.73792,8.91160,29668.8,5.4,16.9,254.2,-43.1,-1.0,-1.0,RS41-SG,404.900,10.9,0,10,2.7,-1,-1
2024-07-09T00:40:27.000Z,V2850062,7587,45.73787,8.91139,29674.9,6.3,17.6,249.1,-43.1,-1.0,-1.0,RS41-SG,404.900,11.1,0,10,2.7,-1,-1
2024-07-09T00:40:28.000Z,V2850062,7588,45.73781,8.91117,29681.4,6.8,18.6,247.2,-43.1,-1.0,-1.0,RS41-SG,404.900,11.1,0,10,2.6,-1,-1
2024-07-09T00:40:30.000Z,V2850062,7590,45.73768,8.91072,29693.8,6.3,19.2,251.9,-43.2,-1.0,-1.0,RS41-SG,404.900,9.8,0,10,2.7,-1,-1
2024-07-09T00:40:31.000Z,V2850062,7591,45.73764,8.91049,29700.2,6.5,18.6,257.1,-43.2,-1.0,-1.0,RS41-SG,404.900,10.6,0,10,2.7,-1,-1
2024-07-09T00:40:33.000Z,V2850062,7593,45.73761,8.91004,29713.1,6.0,16.7,271.0,-43.2,-1.0,-1.0,RS41-SG,404.900,11.1,0,10,2.6,-1,-1
2024-07-09T00:40:34.000Z,V2850062,7594,45.73762,8.90983,29718.5,4.6,16.5,275.4,-43.2,-1.0,-1.0,RS41-SG,404.900,11.2,0,10,2.6,-1,-1
2024-07-09T00:40:35.000Z,V2850062,7595,45.73763,8.90961,29723.8,5.9,17.3,277.5,-43.3,-1.0,-1.0,RS41-SG,404.900,11.2,0,10,2.7,-1,-1
2024-07-09T00:40:36.000Z,V2850062,7596,45.73765,8.90938,29730.5,7.5,18.8,275.9,-43.3,-1.0,-1.0,RS41-SG,404.900,10.7,0,10,2.7,-1,-1
2024-07-09T00:40:37.000Z,V2850062,7597,45.73767,8.90914,29737.7,6.9,20.2,272.9,-43.3,-1.0,-1.0,RS41-SG,404.900,11.3,0,10,2.7,-1,-1
2024-07-09T00:40:38.000Z,V2850062,7598,45.73767,8.90887,29744.0,5.4,21.2,268.7,-43.3,-1.0,-1.0,RS41-SG,404.900,11.3,0,10,2.6,-1,-1
2024-07-09T00:40:39.000Z,V2850062,7599,45.73766,8.90860,29749.7,5.8,21.6,264.1,-43.3,-1.0,-1.0,RS41-SG,404.900,10.1,0,10,2.6,-1,-1
2024-07-09T00:40:40.000Z,V2850062,7600,45.73763,8.90833,29756.2,7.0,20.8,260.3,-43.3,-1.0,-1.0,RS41-SG,404.900,10.4,0,10,2.6,-1,-1
2024-07-09T00:40:41.000Z,V2850062,7601,45.73760,8.90808,29762.6,6.1,19.6,257.5,-43.4,-1.0,-1.0,RS41-SG,404.900,10.4,0,9,2.7,-1,-1
2024-07-09T00:40:42.000Z,V2850062,7602,45.73756,8.90784,29768.3,5.4,18.4,256.2,-43.4,-1.0,-1.0,RS41-SG,404.900,10.0,0,10,2.7,-1,-1
2024-07-09T00:40:43.000Z,V2850062,7603,45.73752,8.90762,29774.1,6.3,17.7,257.2,-43.4,-1.0,-1.0,RS41-SG,404.900,10.3,0,9,2.7,-1,-1
2024-07-09T00:40:44.000Z,V2850062,7604,45.73749,8.90739,29781.0,7.1,17.7,260.6,-43.4,-1.0,-1.0,RS41-SG,404.900,10.3,0,10,2.6,-1,-1
2024-07-09T00:40:45.000Z,V2850062,7605,45.73747,8.90717,29787.8,6.3,18.0,263.9,-43.4,-1.0,-1.0,RS41-SG,404.900,9.5,0,9,2.6,-1,-1
2024-07-09T00:40:46.000Z,V2850062,7606,45.73745,8.90694,29793.8,5.8,18.1,267.7,-43.4,-1.0,-1.0,RS41-SG,404.900,9.5,0,10,2.6,-1,-1
2024-07-09T00:40:47.000Z,V2850062,7607,45.73745,8.90671,29800.1,6.8,17.7,272.1,-43.4,-1.0,-1.0,RS41-SG,404.900,9.3,0,10,2.7,-1,-1
2024-07-09T00:40:49.000Z,V2850062,7609,45.73748,8.90627,29813.4,5.6,16.4,277.0,-43.4,-1.0,-1.0,RS41-SG,404.900,11.2,0,10,2.6,-1,-1
2024-07-09T00:40:50.000Z,V2850062,7610,45.73750,8.90607,29819.2,5.8,16.0,275.6,-43.5,0.7,-1.0,RS41-SG,404.900,9.9,0,10,2.6,-1,-1
2024-07-09T00:40:54.000Z,V2850062,7614,45.73748,8.90516,29844.4,5.4,19.2,263.0,-43.5,0.7,-1.0,RS41-SG,404.900,10.4,0,10,2.6,-1,-1
2024-07-09T00:40:55.000Z,V2850062,7615,45.73746,8.90492,29850.5,6.7,18.5,261.3,-43.5,0.7,-1.0,RS41-SG,404.900,10.1,0,10,2.6,-1,-1
2024-07-09T00:40:56.000Z,V2850062,7616,45.73744,8.90469,29857.5,7.3,17.2,261.0,-43.5,0.7,-1.0,RS41-SG,404.900,10.1,0,10,2.7,-1,-1
2024-07-09T00:40:57.000Z,V2850062,7617,45.73741,8.90448,29864.0,5.9,15.8,262.9,-43.5,0.7,-1.0,RS41-SG,404.900,10.9,0,10,2.7,-1,-1
2024-07-09T00:40:58.000Z,V2850062,7618,45.73740,8.90429,29869.6,5.5,15.0,264.5,-43.5,0.7,-1.0,RS41-SG,404.900,10.9,0,10,2.7,-1,-1
2024-07-09T00:40:59.000Z,V2850062,7619,45.73739,8.90410,29875.5,6.2,14.8,265.5,-43.5,0.7,-1.0,RS41-SG,404.900,10.4,0,10,2.6,-1,-1
2024-07-09T00:41:00.000Z,V2850062,7620,45.73738,8.90391,29882.4,7.2,15.6,266.8,-43.5,0.7,-1.0,RS41-SG,404.900,10.3,0,10,2.6,-1,-1
2024-07-09T00:41:01.000Z,V2850062,7621,45.73737,8.90370,29889.0,5.7,16.6,268.5,-43.5,0.7,-1.0,RS41-SG,404.900,10.3,0,9,2.6,-1,-1
2024-07-09T00:41:02.000Z,V2850062,7622,45.73737,8.90348,29894.8,5.9,17.3,270.4,-43.5,0.7,-1.0,RS41-SG,404.900,10.2,0,10,2.7,-1,-1
2024-07-09T00:41:03.000Z,V2850062,7623,45.73738,8.90326,29901.1,6.8,17.5,273.1,-43.6,0.7,-1.0,RS41-SG,404.900,10.2,0,10,2.7,-1,-1
2024-07-09T00:41:05.000Z,V2850062,7625,45.73741,8.90282,29914.3,5.1,16.8,277.0,-43.6,0.7,-1.0,RS41-SG,404.900,10.5,0,10,2.6,-1,-1
2024-07-09T00:41:06.000Z,V2850062,7626,45.73742,8.90261,29919.7,5.4,16.9,277.3,-43.6,0.7,-1.0,RS41-SG,404.900,10.5,0,10,2.6,-1,-1
2024-07-09T00:41:08.000Z,V2850062,7628,45.73746,8.90216,29933.4,7.2,18.9,273.8,-43.7,0.7,-1.0,RS41-SG,404.900,10.5,0,10,2.7,-1,-1
2024-07-09T00:41:09.000Z,V2850062,7629,45.73747,8.90191,29939.9,5.9,19.5,272.1,-43.7,0.7,-1.0,RS41-SG,404.900,10.5,0,10,2.7,-1,-1
2024-07-09T00:41:10.000Z,V2850062,7630,45.73747,8.90166,29946.0,6.3,19.6,270.8,-43.7,0.7,-1.0,RS41-SG,404.900,10.3,0,10,2.6,-1,-1
2024-07-09T00:41:11.000Z,V2850062,7631,45.73748,8.90142,29952.9,7.4,18.7,270.6,-43.7,0.7,-1.0,RS41-SG,404.900,10.6,0,10,2.6,-1,-1
2024-07-09T00:41:12.000Z,V2850062,7632,45.73748,8.90118,29959.7,6.1,17.6,271.9,-43.7,0.7,-1.0,RS41-SG,404.900,10.6,0,10,2.7,-1,-1
2024-07-09T00:41:14.000Z,V2850062,7634,45.73749,8.90075,29970.6,5.8,16.7,273.5,-43.7,0.7,-1.0,RS41-SG,404.900,11.0,0,10,2.6,-1,-1
2024-07-09T00:41:15.000Z,V2850062,7635,45.73750,8.90054,29977.0,6.9,17.2,274.6,-43.7,0.7,-1.0,RS41-SG,404.900,11.3,0,9,2.6,-1,-1
2024-07-09T00:41:16.000Z,V2850062,7636,45.73752,8.90031,29983.8,6.3,18.2,274.6,-43.7,0.7,-1.0,RS41-SG,404.900,11.3,0,10,2.6,-1,-1
2024-07-09T00:41:18.000Z,V2850062,7638,45.73755,8.89983,29996.0,6.7,18.7,277.7,-43.7,0.7,-1.0,RS41-SG,404.900,10.5,0,10,2.7,-1,-1
2024-07-09T00:41:19.000Z,V2850062,7639,45.73758,8.89960,30003.0,7.1,18.1,280.8,-43.7,0.7,-1.0,RS41-SG,404.900,10.5,0,10,2.7,-1,-1
2024-07-09T00:41:20.000Z,V2850062,7640,45.73761,8.89938,30009.3,5.3,17.7,282.1,-43.7,0.7,-1.0,RS41-SG,404.900,10.1,0,9,2.6,-1,-1
2024-07-09T00:41:21.000Z,V2850062,7641,45.73764,8.89916,30015.1,5.5,17.5,282.8,-43.7,0.7,-1.0,RS41-SG,404.900,10.9,0,10,2.6,-1,-1
2024-07-09T00:41:22.000Z,V2850062,7642,45.73768,8.89894,30021.4,6.9,17.9,281.9,-43.7,0.7,-1.0,RS41-SG,404.900,10.9,0,10,2.6,-1,-1
2024-07-09T00:41:23.000Z,V2850062,7643,45.73771,8.89871,30028.3,7.0,18.7,279.3,-43.7,0.7,-1.0,RS41-SG,404.900,11.2,0,10,2.7,-1,-1
2024-07-09T00:41:24.000Z,V2850062,7644,45.73773,8.89847,30034.7,5.8,19.3,277.3,-43.8,0.7,-1.0,RS41-SG,404.900,11.2,0,10,2.7,-1,-1
2024-07-09T00:41:26.000Z,V2850062,7646,45.73777,8.89798,30046.7,6.6,18.3,275.7,-43.8,0.7,-1.0,RS41-SG,404.900,10.2,0,10,2.6,-1,-1
2024-07-09T00:41:27.000Z,V2850062,7647,45.73779,8.89776,30053.6,7.0,17.0,277.3,-43.8,0.7,-1.0,RS41-SG,404.900,10.2,0,10,2.6,-1,-1
2024-07-09T00:41:28.000Z,V2850062,7648,45.73781,8.89755,30060.0,5.7,16.1,280.6,-43.9,0.7,-1.0,RS41-SG,404.900,12.0,0,10,2.6,-1,-1
2024-07-09T00:41:29.000Z,V2850062,7649,45.73784,8.89735,30065.2,5.2,15.8,282.7,-43.9,0.7,-1.0,RS41-SG,404.900,12.0,0,10,2.7,-1,-1
2024-07-09T00:41:30.000Z,V2850062,7650,45.73787,8.89715,30070.7,5.6,16.2,284.0,-44.0,0.7,-1.0,RS41-SG,404.900,11.3,0,10,2.7,-1,-1
2024-07-09T00:41:31.000Z,V2850062,7651,45.73791,8.89694,30076.9,6.7,17.3,284.8,-44.0,0.7,-1.0,RS41-SG,404.900,11.1,0,10,2.6,-1,-1
2024-07-09T00:41:32.000Z,V2850062,7652,45.73795,8.89672,30083.7,6.7,18.4,283.1,-44.1,0.7,-1.0,RS41-SG,404.900,12.1,0,10,2.6,-1,-1
2024-07-09T00:41:33.000Z,V2850062,7653,45.73799,8.89649,30089.8,5.1,19.0,282.9,-44.1,0.7,-1.0,RS41-SG,404.900,12.2,0,10,2.7,-1,-1
2024-07-09T00:41:34.000Z,V2850062,7654,45.73802,8.89626,30095.1,5.3,18.8,282.1,-44.1,0.7,-1.0,RS41-SG,404.900,12.2,0,10,2.7,-1,-1
2024-07-09T00:41:35.000Z,V2850062,7655,45.73806,8.89603,30101.2,6.5,17.6,282.7,-44.1,0.7,-1.0,RS41-SG,404.900,11.8,0,10,2.6,-1,-1
2024-07-09T00:41:36.000Z,V2850062,7656,45.73810,8.89582,30107.9,7.0,15.6,284.4,-44.1,0.7,-1.0,RS41-SG,404.900,11.8,0,10,2.6,-1,-1
2024-07-09T00:41:37.000Z,V2850062,7657,45.73813,8.89564,30114.2,5.6,14.1,286.1,-44.1,0.7,-1.0,RS41-SG,404.900,11.5,0,9,2.6,-1,-1
2024-07-09T00:41:38.000Z,V2850062,7658,45.73816,8.89547,30119.7,5.5,13.0,286.9,-44.1,0.7,-1.0,RS41-SG,404.900,11.5,0,10,2.7,-1,-1
2024-07-09T00:41:39.000Z,V2850062,7659,45.73820,8.89531,30125.8,6.6,12.9,287.5,-44.1,0.7,-1.0,RS41-SG,404.900,12.1,0,10,2.7,-1,-1
2024-07-09T00:41:40.000Z,V2850062,7660,45.73823,8.89515,30132.7,7.3,13.9,284.8,-44.1,0.7,-1.0,RS41-SG,404.900,12.1,0,10,2.7,-1,-1
2024-07-09T00:41:41.000Z,V2850062,7661,45.73826,8.89497,30139.0,5.2,15.0,283.6,-44.1,0.7,-1.0,RS41-SG,404.900,12.0,0,10,2.6,-1,-1
2024-07-09T00:41:42.000Z,V2850062,7662,45.73829,8.89477,30144.3,4.9,16.2,281.4,-44.0,0.7,-1.0,RS41-SG,404.900,11.8,0,9,2.6,-1,-1
2024-07-09T00:41:43.000Z,V2850062,7663,45.73833,8.89457,30150.1,6.3,16.8,282.6,-44.0,0.7,-1.0,RS41-SG,404.900,11.8,0,10,2.6,-1,-1
2024-07-09T00:41:44.000Z,V2850062,7664,45.73836,8.89436,30156.6,6.9,16.6,284.0,-44.0,0.7,-1.0,RS41-SG,404.900,11.5,0,10,2.7,-1,-1
2024-07-09T00:41:45.000Z,V2850062,7665,45.73839,8.89416,30162.6,5.3,16.2,284.6,-44.0,0.7,-1.0,RS41-SG,404.900,11.4,0,10,2.7,-1,-1
2024-07-09T00:41:46.000Z,V2850062,7666,45.73843,8.89395,30168.0,4.9,16.2,283.6,-43.9,0.7,-1.0,RS41-SG,404.900,12.4,0,10,2.7,-1,-1
2024-07-09T00:41:47.000Z,V2850062,7667,45.73846,8.89375,30173.4,5.6,16.2,281.5,-43.9,0.6,-1.0,RS41-SG,404.900,12.4,0,10,2.6,-1,-1
2024-07-09T00:41:48.000Z,V2850062,7668,45.73849,8.89355,30179.6,6.5,16.5,279.4,-43.9,0.7,-1.0,RS41-SG,404.900,12.2,0,10,2.6,-1,-1
2024-07-09T00:41:49.000Z,V2850062,7669,45.73851,8.89334,30186.1,6.4,16.7,277.6,-43.9,0.7,-1.0,RS41-SG,404.900,12.2,0,10,2.6,-1,-1
2024-07-09T00:41:50.000Z,V2850062,7670,45.73853,8.89313,30192.5,6.2,16.6,278.0,-43.9,0.7,-1.0,RS41-SG,404.900,11.6,0,10,2.7,-1,-1
2024-07-09T00:41:51.000Z,V2850062,7671,45.73856,8.89292,30198.5,6.1,16.0,281.8,-43.8,0.7,-1.0,RS41-SG,404.900,12.4,0,10,2.7,-1,-1
2024-07-09T00:41:52.000Z,V2850062,7672,45.73859,8.89273,30204.9,6.6,14.6,286.3,-43.8,0.7,-1.0,RS41-SG,404.900,12.4,0,10,2.6,-1,-1
2024-07-09T00:41:53.000Z,V2850062,7673,45.73863,8.89256,30211.5,6.7,13.1,292.7,-43.8,0.7,-1.0,RS41-SG,404.900,11.3,0,10,2.6,-1,-1
2024-07-09T00:41:54.000Z,V2850062,7674,45.73868,8.89242,30217.1,4.6,12.5,297.6,-43.9,0.7,-1.0,RS41-SG,404.900,12.1,0,10,2.7,-1,-1
2024-07-09T00:41:55.000Z,V2850062,7675,45.73874,8.89228,30222.1,5.3,12.3,301.4,-43.9,0.7,-1.0,RS41-SG,404.900,12.1,0,10,2.7,-1,-1
2024-07-09T00:41:56.000Z,V2850062,7676,45.73879,8.89214,30228.1,6.8,13.1,300.0,-43.9,0.7,-1.0,RS41-SG,404.900,13.2,0,10,2.6,-1,-1
2024-07-09T00:41:57.000Z,V2850062,7677,45.73885,8.89198,30235.3,7.2,14.5,295.1,-43.9,0.7,-1.0,RS41-SG,404.900,13.2,0,10,2.6,-1,-1
2024-07-09T00:41:58.000Z,V2850062,7678,45.73891,8.89180,30241.5,5.1,15.8,291.3,-43.9,0.7,-1.0,RS41-SG,404.900,13.7,0,10,2.6,-1,-1
2024-07-09T00:41:59.000Z,V2850062,7679,45.73895,8.89161,30246.7,5.3,16.8,287.4,-43.9,0.7,-1.0,RS41-SG,404.900,13.7,0,10,2.7,-1,-1
2024-07-09T00:42:00.000Z,V2850062,7680,45.73899,8.89140,30252.5,6.4,17.0,284.3,-43.9,0.7,-1.0,RS41-SG,404.900,12.8,0,10,2.7,-1,-1
2024-07-09T00:42:01.000Z,V2850062,7681,45.73903,8.89119,30259.2,6.9,16.3,282.2,-44.0,0.7,-1.0,RS41-SG,404.900,12.8,0,10,2.7,-1,-1
2024-07-09T00:42:02.000Z,V2850062,7682,45.73906,8.89099,30265.5,5.2,15.7,280.6,-44.0,0.7,-1.0,RS41-SG,404.900,12.8,0,10,2.6,-1,-1
2024-07-09T00:42:03.000Z,V2850062,7683,45.73908,8.89080,30271.0,5.5,15.2,278.7,-44.0,0.7,-1.0,RS41-SG,404.900,12.3,0,10,2.6,-1,-1
2024-07-09T00:42:04.000Z,V2850062,7684,45.73910,8.89060,30276.8,6.4,15.1,277.4,-44.0,0.7,-1.0,RS41-SG,404.900,12.4,0,10,2.6,-1,-1
2024-07-09T00:42:05.000Z,V2850062,7685,45.73912,8.89041,30283.3,6.8,15.4,277.4,-43.9,0.7,-1.0,RS41-SG,404.900,12.7,0,10,2.7,-1,-1
2024-07-09T00:42:06.000Z,V2850062,7686,45.73913,8.89022,30289.4,5.4,15.3,278.5,-43.9,0.7,-1.0,RS41-SG,404.900,12.7,0,10,2.7,-1,-1
2024-07-09T00:42:07.000Z,V2850062,7687,45.73916,8.89003,30294.9,5.5,14.7,281.1,-43.9,0.7,-1.0,RS41-SG,404.900,11.6,0,10,2.7,-1,-1
2024-07-09T00:42:08.000Z,V2850062,7688,45.73919,8.88985,30301.0,6.3,13.5,285.5,-43.9,0.6,-1.0,RS41-SG,404.900,11.8,0,10,2.6,-1,-1
2024-07-09T00:42:09.000Z,V2850062,7689,45.73922,8.88969,30307.3,6.4,12.3,291.1,-43.9,0.7,-1.0,RS41-SG,404.900,12.6,0,10,2.6,-1,-1
2024-07-09T00:42:10.000Z,V2850062,7690,45.73927,8.88955,30313.1,5.3,11.7,295.8,-43.9,0.7,-1.0,RS41-SG,404.900,13.1,0,10,2.6,-1,-1
2024-07-09T00:42:11.000Z,V2850062,7691,45.73931,8.88942,30318.7,6.3,12.1,298.1,-43.9,0.7,-1.0,RS41-SG,404.900,13.1,0,10,2.7,-1,-1
2024-07-09T00:42:12.000Z,V2850062,7692,45.73937,8.88927,30325.5,7.3,13.6,295.3,-43.9,0.7,-1.0,RS41-SG,404.900,12.9,0,10,2.7,-1,-1
2024-07-09T00:42:13.000Z,V2850062,7693,45.73942,8.88910,30332.3,6.4,15.2,292.4,-43.9,0.7,-1.0,RS41-SG,404.900,13.9,0,10,2.6,-1,-1
2024-07-09T00:42:14.000Z,V2850062,7694,45.73947,8.88891,30337.9,4.6,16.8,289.4,-43.9,0.7,-1.0,RS41-SG,404.900,13.9,0,10,2.6,-1,-1
2024-07-09T00:42:15.000Z,V2850062,7695,45.73952,8.88870,30342.8,4.9,17.8,287.0,-43.9,0.7,-1.0,RS41-SG,404.900,12.7,0,10,2.7,-1,-1
2024-07-09T00:42:16.000Z,V2850062,7696,45.73956,8.88848,30348.3,6.1,18.0,285.6,-43.9,0.7,-1.0,RS41-SG,404.900,12.6,0,10,2.7,-1,-1
2024-07-09T00:42:18.000Z,V2850062,7698,45.73964,8.88806,30360.8,5.2,16.4,283.9,-43.9,0.7,-1.0,RS41-SG,404.900,13.4,0,10,2.6,-1,-1
2024-07-09T00:42:19.000Z,V2850062,7699,45.73968,8.88785,30366.0,5.2,16.0,283.9,-44.0,0.7,-1.0,RS41-SG,404.900,13.4,0,10,2.6,-1,-1
2024-07-09T00:42:20.000Z,V2850062,7700,45.73971,8.88765,30371.5,5.8,16.2,283.8,-44.0,0.7,-1.0,RS41-SG,404.900,13.2,0,10,2.7,-1,-1
2024-07-09T00:42:21.000Z,V2850062,7701,45.73975,8.88745,30377.9,6.8,16.6,283.9,-44.0,0.7,-1.0,RS41-SG,404.900,13.9,0,10,2.7,-1,-1
2024-07-09T00:42:22.000Z,V2850062,7702,45.73979,8.88724,30384.2,5.7,17.0,285.0,-43.9,0.7,-1.0,RS41-SG,404.900,13.9,0,10,2.7,-1,-1
2024-07-09T00:42:23.000Z,V2850062,7703,45.73983,8.88704,30389.8,5.0,16.9,286.4,-43.9,0.7,-1.0,RS41-SG,404.900,12.6,0,10,2.6,-1,-1
2024-07-09T00:42:24.000Z,V2850062,7704,45.73987,8.88683,30395.4,6.0,16.0,288.3,-43.9,0.7,-1.0,RS41-SG,404.900,12.7,0,10,2.6,-1,-1
2024-07-09T00:42:25.000Z,V2850062,7705,45.73992,8.88665,30401.7,6.7,14.6,292.1,-43.9,0.7,-1.0,RS41-SG,404.900,13.1,0,10,2.6,-1,-1
2024-07-09T00:42:26.000Z,V2850062,7706,45.73997,8.88648,30407.4,5.0,13.6,295.3,-43.9,0.7,-1.0,RS41-SG,404.900,13.1,0,10,2.7,-1,-1
2024-07-09T00:42:27.000Z,V2850062,7707,45.74002,8.88633,30412.6,5.3,13.0,297.8,-43.9,0.7,-1.0,RS41-SG,404.900,13.1,0,9,2.7,-1,-1
2024-07-09T00:42:28.000Z,V2850062,7708,45.74008,8.88618,30418.7,6.7,13.4,296.5,-43.9,0.7,-1.0,RS41-SG,404.900,13.6,0,10,2.7,-1,-1
2024-07-09T00:42:29.000Z,V2850062,7709,45.74013,8.88602,30425.3,6.6,14.6,293.9,-43.9,0.7,-1.0,RS41-SG,404.900,13.6,0,10,2.6,-1,-1
2024-07-09T00:42:30.000Z,V2850062,7710,45.74018,8.88584,30431.1,4.7,15.7,291.4,-43.8,0.7,-1.0,RS41-SG,404.900,12.8,0,10,2.6,-1,-1
2024-07-09T00:42:31.000Z,V2850062,7711,45.74023,8.88565,30436.2,5.4,16.6,290.4,-43.7,0.7,-1.0,RS41-SG,404.900,13.1,0,10,2.6,-1,-1
2024-07-09T00:42:32.000Z,V2850062,7712,45.74028,8.88545,30442.0,6.7,16.7,289.4,-43.6,0.7,-1.0,RS41-SG,404.900,13.9,0,10,2.7,-1,-1
2024-07-09T00:42:33.000Z,V2850062,7713,45.74033,8.88525,30448.4,6.5,16.6,290.1,-43.5,0.6,-1.0,RS41-SG,404.900,13.9,0,10,2.7,-1,-1
2024-07-09T00:42:34.000Z,V2850062,7714,45.74038,8.88505,30454.2,5.2,16.3,289.4,-43.5,0.7,-1.0,RS41-SG,404.900,13.8,0,8,2.7,-1,-1
2024-07-09T00:42:35.000Z,V2850062,7715,45.74043,8.88485,30459.8,5.4,16.6,288.3,-43.5,0.6,-1.0,RS41-SG,404.900,13.8,0,9,2.6,-1,-1
2024-07-09T00:42:36.000Z,V2850062,7716,45.74047,8.88464,30465.6,5.9,17.3,286.2,-43.4,0.7,-1.0,RS41-SG,404.900,13.7,0,9,2.6,-1,-1
2024-07-09T00:42:37.000Z,V2850062,7717,45.74052,8.88442,30471.6,6.4,18.1,284.2,-43.4,0.7,-1.0,RS41-SG,404.900,13.7,0,9,2.6,-1,-1
2024-07-09T00:42:39.000Z,V2850062,7719,45.74059,8.88397,30482.9,5.5,17.7,282.5,-43.3,0.6,-1.0,RS41-SG,404.900,13.0,0,9,2.7,-1,-1
2024-07-09T00:42:41.000Z,V2850062,7721,45.74066,8.88358,30495.2,6.5,14.2,286.8,-43.2,0.7,-1.0,RS41-SG,404.900,13.4,0,8,2.6,-1,-1
2024-07-09T00:42:42.000Z,V2850062,7722,45.74070,8.88341,30500.8,4.8,12.8,290.0,-43.1,0.6,-1.0,RS41-SG,404.900,13.3,0,9,2.7,-1,-1
2024-07-09T00:42:43.000Z,V2850062,7723,45.74074,8.88326,30505.7,4.8,12.0,292.3,-43.0,0.6,-1.0,RS41-SG,404.900,12.9,0,9,2.7,-1,-1
2024-07-09T00:42:44.000Z,V2850062,7724,45.74078,8.88312,30511.2,6.2,12.4,291.4,-43.0,0.6,-1.0,RS41-SG,404.900,13.3,0,9,2.6,-1,-1
2024-07-09T00:42:45.000Z,V2850062,7725,45.74082,8.88296,30517.7,6.6,13.7,289.4,-43.0,0.6,-1.0,RS41-SG,404.900,13.3,0,9,2.6,-1,-1
2024-07-09T00:42:46.000Z,V2850062,7726,45.74086,8.88279,30523.5,5.1,15.1,288.2,-42.9,0.6,-1.0,RS41-SG,404.900,13.9,0,9,2.6,-1,-1
2024-07-09T00:42:47.000Z,V2850062,7727,45.74090,8.88259,30528.5,5.3,16.5,286.7,-42.9,0.6,-1.0,RS41-SG,404.900,13.9,0,9,2.7,-1,-1
2024-07-09T00:42:48.000Z,V2850062,7728,45.74094,8.88239,30534.1,6.0,16.9,287.7,-42.9,0.6,-1.0,RS41-SG,404.900,13.4,0,9,2.7,-1,-1
2024-07-09T00:42:49.000Z,V2850062,7729,45.74099,8.88219,30540.4,6.4,16.7,289.1,-42.9,0.6,-1.0,RS41-SG,404.900,13.4,0,9,2.7,-1,-1
2024-07-09T00:42:50.000Z,V2850062,7730,45.74104,8.88199,30546.9,6.1,16.0,290.3,-42.9,0.6,-1.0,RS41-SG,404.900,12.2,0,9,2.6,-1,-1
2024-07-09T00:42:51.000Z,V2850062,7731,45.74109,8.88180,30552.2,4.5,15.4,289.7,-42.8,0.6,-1.0,RS41-SG,404.900,11.8,0,8,2.6,-1,-1
2024-07-09T00:42:52.000Z,V2850062,7732,45.74113,8.88162,30557.0,5.1,14.3,287.5,-42.8,0.6,-1.0,RS41-SG,404.900,11.9,0,9,2.6,-1,-1
2024-07-09T00:42:53.000Z,V2850062,7733,45.74116,8.88145,30562.6,6.3,13.6,282.5,-42.8,0.6,-1.0,RS41-SG,404.900,13.0,0,9,2.7,-1,-1
2024-07-09T00:42:54.000Z,V2850062,7734,45.74118,8.88128,30568.9,6.2,13.6,277.1,-42.8,0.6,-1.0,RS41-SG,404.900,13.0,0,9,2.7,-1,-1
2024-07-09T00:42:55.000Z,V2850062,7735,45.74120,8.88111,30574.4,4.7,13.6,276.0,-42.9,0.6,-1.0,RS41-SG,404.900,11.6,0,9,2.7,-1,-1
2024-07-09T00:42:56.000Z,V2850062,7736,45.74121,8.88093,30579.5,5.3,13.8,278.6,-42.9,0.6,-1.0,RS41-SG,404.900,11.6,0,8,2.6,-1,-1
2024-07-09T00:42:57.000Z,V2850062,7737,45.74124,8.88076,30585.5,6.4,13.9,286.6,-42.9,0.6,-1.0,RS41-SG,404.900,11.6,0,9,2.6,-1,-1
2024-07-09T00:42:58.000Z,V2850062,7738,45.74129,8.88059,30592.1,6.6,14.3,295.9,-42.9,0.6,-1.0,RS41-SG,404.900,12.4,0,9,2.6,-1,-1
2024-07-09T00:42:59.000Z,V2850062,7739,45.74135,8.88043,30597.8,5.0,15.1,301.6,-42.9,0.6,-1.0,RS41-SG,404.900,12.4,0,9,2.7,-1,-1
2024-07-09T00:43:00.000Z,V2850062,7740,45.74143,8.88026,30602.8,5.1,16.2,304.2,-42.9,0.6,-1.0,RS41-SG,404.900,12.0,0,9,2.7,-1,-1
2024-07-09T00:43:01.000Z,V2850062,7741,45.74151,8.88008,30608.6,6.3,17.2,303.0,-42.9,0.6,-1.0,RS41-SG,404.900,12.5,0,9,2.6,-1,-1
2024-07-09T00:43:02.000Z,V2850062,7742,45.74159,8.87989,30615.0,6.6,17.5,298.4,-42.8,0.6,-1.0,RS41-SG,404.900,12.5,0,9,2.6,-1,-1
2024-07-09T00:43:03.000Z,V2850062,7743,45.74166,8.87969,30620.6,4.7,17.7,293.8,-42.8,0.7,-1.0,RS41-SG,404.900,12.7,0,9,2.7,-1,-1
2024-07-09T00:43:04.000Z,V2850062,7744,45.74172,8.87948,30625.4,4.7,17.4,291.0,-42.8,0.6,-1.0,RS41-SG,404.900,12.7,0,9,2.7,-1,-1
2024-07-09T00:43:05.000Z,V2850062,7745,45.74177,8.87928,30630.6,5.5,16.8,288.7,-42.7,0.6,-1.0,RS41-SG,404.900,11.1,0,9,2.6,-1,-1
2024-07-09T00:43:06.000Z,V2850062,7746,45.74182,8.87908,30636.4,6.2,15.9,289.5,-42.7,0.6,-1.0,RS41-SG,404.900,12.4,0,9,2.6,-1,-1
2024-07-09T00:43:07.000Z,V2850062,7747,45.74187,8.87889,30642.5,6.2,15.0,292.0,-42.7,0.6,-1.0,RS41-SG,404.900,12.4,0,9,2.6,-1,-1
2024-07-09T00:43:08.000Z,V2850062,7748,45.74192,8.87872,30648.1,4.9,14.4,293.6,-42.7,0.6,-1.0,RS41-SG,404.900,13.0,0,9,2.7,-1,-1
2024-07-09T00:43:09.000Z,V2850062,7749,45.74197,8.87855,30653.1,5.2,14.1,293.0,-42.7,0.6,-1.0,RS41-SG,404.900,13.0,0,9,2.7,-1,-1
2024-07-09T00:43:10.000Z,V2850062,7750,45.74202,8.87838,30658.9,6.4,14.2,290.2,-42.7,0.6,-1.0,RS41-SG,404.900,11.8,0,9,2.7,-1,-1
2024-07-09T00:43:11.000Z,V2850062,7751,45.74206,8.87821,30665.2,6.1,14.8,287.9,-42.7,0.6,-1.0,RS41-SG,404.900,12.1,0,9,2.6,-1,-1
2024-07-09T00:43:12.000Z,V2850062,7752,45.74210,8.87802,30671.0,5.0,15.8,286.9,-42.7,0.6,-1.0,RS41-SG,404.900,12.1,0,9,2.6,-1,-1
2024-07-09T00:43:13.000Z,V2850062,7753,45.74214,8.87782,30676.6,5.6,17.2,289.1,-42.7,0.6,-1.0,RS41-SG,404.900,11.7,0,9,2.6,-1,-1
2024-07-09T00:43:14.000Z,V2850062,7754,45.74220,8.87761,30682.7,6.8,18.4,294.7,-42.7,0.6,-1.0,RS41-SG,404.900,11.9,0,8,2.7,-1,-1
2024-07-09T00:43:15.000Z,V2850062,7755,45.74228,8.87739,30689.1,6.3,19.4,299.8,-42.7,0.6,-1.0,RS41-SG,404.900,11.9,0,9,2.7,-1,-1
2024-07-09T00:43:16.000Z,V2850062,7756,45.74237,8.87718,30694.7,4.9,19.9,303.3,-42.6,0.6,-1.0,RS41-SG,404.900,12.0,0,9,2.7,-1,-1
2024-07-09T00:43:17.000Z,V2850062,7757,45.74247,8.87697,30699.8,5.2,19.5,305.2,-42.6,0.6,-1.0,RS41-SG,404.900,12.0,0,9,2.6,-1,-1
2024-07-09T00:43:18.000Z,V2850062,7758,45.74257,8.87677,30705.6,6.3,18.4,305.0,-42.6,0.6,-1.0,RS41-SG,404.900,12.0,0,9,2.6,-1,-1
2024-07-09T00:43:19.000Z,V2850062,7759,45.74266,8.87659,30712.0,6.7,16.8,301.5,-42.6,0.6,-1.0,RS41-SG,404.900,12.1,0,9,2.6,-1,-1
2024-07-09T00:43:20.000Z,V2850062,7760,45.74273,8.87641,30717.8,5.1,15.5,298.2,-42.5,0.6,-1.0,RS41-SG,404.900,12.1,0,9,2.7,-1,-1
2024-07-09T00:43:21.000Z,V2850062,7761,45.74279,8.87624,30722.9,5.2,14.5,296.0,-42.5,0.6,-1.0,RS41-SG,404.900,11.2,0,9,2.7,-1,-1
2024-07-09T00:43:22.000Z,V2850062,7762,45.74285,8.87608,30728.3,5.8,13.9,295.8,-42.5,0.6,-1.0,RS41-SG,404.900,12.0,0,9,2.6,-1,-1
2024-07-09T00:43:23.000Z,V2850062,7763,45.74290,8.87591,30734.4,6.5,14.3,298.1,-42.4,0.6,-1.0,RS41-SG,404.900,12.3,0,9,2.6,-1,-1
2024-07-09T00:43:25.000Z,V2850062,7765,45.74304,8.87558,30745.6,4.2,16.2,301.8,-42.3,0.6,-1.0,RS41-SG,404.900,12.4,0,9,2.7,-1,-1
2024-07-09T00:43:26.000Z,V2850062,7766,45.74312,8.87540,30749.9,4.6,17.3,301.0,-42.3,0.6,-1.0,RS41-SG,404.900,12.4,0,8,2.6,-1,-1
2024-07-09T00:43:27.000Z,V2850062,7767,45.74320,8.87520,30755.1,5.6,18.3,298.3,-42.3,0.6,-1.0,RS41-SG,404.900,12.6,0,9,2.6,-1,-1
2024-07-09T00:43:28.000Z,V2850062,7768,45.74327,8.87499,30761.0,6.3,18.6,295.9,-42.3,0.6,-1.0,RS41-SG,404.900,12.6,0,9,2.7,-1,-1
2024-07-09T00:43:29.000Z,V2850062,7769,45.74334,8.87477,30766.9,5.9,18.4,294.2,-42.3,0.6,-1.0,RS41-SG,404.900,12.4,0,9,2.7,-1,-1
2024-07-09T00:43:30.000Z,V2850062,7770,45.74341,8.87456,30772.9,5.9,17.8,294.5,-42.4,0.6,-1.0,RS41-SG,404.900,11.9,0,9,2.6,-1,-1
2024-07-09T00:43:31.000Z,V2850062,7771,45.74348,8.87437,30779.2,6.6,17.0,298.8,-42.3,0.6,-1.0,RS41-SG,404.900,12.7,0,9,2.6,-1,-1
2024-07-09T00:43:32.000Z,V2850062,7772,45.74355,8.87418,30785.5,6.2,16.5,303.1,-42.3,0.6,-1.0,RS41-SG,404.900,12.7,0,9,2.6,-1,-1
2024-07-09T00:43:33.000Z,V2850062,7773,45.74364,8.87401,30790.8,4.6,16.2,306.2,-42.3,0.6,-1.0,RS41-SG,404.900,13.0,0,9,2.7,-1,-1
2024-07-09T00:43:34.000Z,V2850062,7774,45.74372,8.87385,30795.6,5.2,15.4,307.4,-42.3,0.6,-1.0,RS41-SG,404.900,13.0,0,8,2.7,-1,-1
2024-07-09T00:43:35.000Z,V2850062,7775,45.74380,8.87370,30801.6,6.7,14.2,305.3,-42.3,0.6,-1.0,RS41-SG,404.900,12.6,0,9,2.7,-1,-1
2024-07-09T00:43:36.000Z,V2850062,7776,45.74387,8.87355,30808.0,6.0,13.7,300.1,-42.3,0.6,-1.0,RS41-SG,404.900,12.6,0,9,2.6,-1,-1
2024-07-09T00:43:37.000Z,V2850062,7777,45.74393,8.87339,30813.9,5.2,13.5,295.7,-42.3,0.6,-1.0,RS41-SG,404.900,12.4,0,9,2.6,-1,-1
2024-07-09T00:43:38.000Z,V2850062,7778,45.74398,8.87323,30819.7,6.3,14.2,292.4,-42.2,0.6,-1.0,RS41-SG,404.900,12.4,0,9,2.6,-1,-1
2024-07-09T00:43:39.000Z,V2850062,7779,45.74403,8.87306,30826.3,7.0,15.5,294.0,-42.2,0.6,-1.0,RS41-SG,404.900,12.5,0,9,2.7,-1,-1
2024-07-09T00:43:40.000Z,V2850062,7780,45.74409,8.87287,30832.3,5.3,16.4,295.0,-42.3,0.6,-1.0,RS41-SG,404.900,13.3,0,9,2.7,-1,-1
2024-07-09T00:43:41.000Z,V2850062,7781,45.74415,8.87268,30837.5,5.1,16.9,295.8,-42.3,0.6,-1.0,RS41-SG,404.900,13.3,0,9,2.7,-1,-1
2024-07-09T00:43:42.000Z,V2850062,7782,45.74422,8.87248,30843.0,5.9,16.7,295.1,-42.3,0.6,-1.0,RS41-SG,404.900,12.6,0,8,2.6,-1,-1
2024-07-09T00:43:43.000Z,V2850062,7783,45.74428,8.87230,30849.4,6.6,15.7,293.5,-42.3,0.6,-1.0,RS41-SG,404.900,14.0,0,9,2.6,-1,-1
2024-07-09T00:43:44.000Z,V2850062,7784,45.74433,8.87212,30856.2,6.8,14.5,292.0,-42.4,0.6,-1.0,RS41-SG,404.900,14.0,0,9,2.6,-1,-1
2024-07-09T00:43:45.000Z,V2850062,7785,45.74438,8.87195,30862.3,5.3,13.5,291.4,-42.4,0.6,-1.0,RS41-SG,404.900,13.1,0,9,2.7,-1,-1
2024-07-09T00:43:46.000Z,V2850062,7786,45.74442,8.87180,30867.5,5.2,12.4,293.5,-42.4,0.6,-1.0,RS41-SG,404.900,13.0,0,9,2.7,-1,-1
2024-07-09T00:43:47.000Z,V2850062,7787,45.74447,8.87166,30873.1,6.2,11.9,297.7,-42.4,0.6,-1.0,RS41-SG,404.900,13.0,0,9,2.6,-1,-1
2024-07-09T00:43:48.000Z,V2850062,7788,45.74452,8.87153,30879.2,5.9,11.9,301.8,-42.4,0.6,-1.0,RS41-SG,404.900,13.0,0,9,2.6,-1,-1
2024-07-09T00:43:49.000Z,V2850062,7789,45.74458,8.87140,30884.8,5.1,12.4,302.6,-42.4,0.6,-1.0,RS41-SG,404.900,13.8,0,9,2.7,-1,-1
2024-07-09T00:43:50.000Z,V2850062,7790,45.74464,8.87126,30890.3,5.9,12.9,299.0,-42.4,0.6,-1.0,RS41-SG,404.900,13.8,0,9,2.7,-1,-1
2024-07-09T00:43:51.000Z,V2850062,7791,45.74469,8.87110,30896.8,6.9,13.5,290.0,-42.3,0.6,-1.0,RS41-SG,404.900,13.8,0,9,2.6,-1,-1
2024-07-09T00:43:52.000Z,V2850062,7792,45.74472,8.87093,30903.6,6.6,14.1,280.4,-42.2,0.6,-1.0,RS41-SG,404.900,13.8,0,9,2.6,-1,-1
2024-07-09T00:43:53.000Z,V2850062,7793,45.74474,8.87075,30909.5,5.0,14.7,274.3,-42.1,0.6,-1.0,RS41-SG,404.900,12.8,0,9,2.7,-1,-1
2024-07-09T00:43:54.000Z,V2850062,7794,45.74475,8.87056,30914.5,5.0,15.3,270.6,-42.1,0.6,-1.0,RS41-SG,404.900,12.3,0,9,2.7,-1,-1
2024-07-09T00:43:55.000Z,V2850062,7795,45.74475,8.87036,30919.9,5.9,15.3,271.0,-42.1,0.6,-1.0,RS41-SG,404.900,12.3,0,9,2.6,-1,-1
2024-07-09T00:43:56.000Z,V2850062,7796,45.74475,8.87017,30926.1,6.7,14.9,274.9,-42.1,0.6,-1.0,RS41-SG,404.900,12.3,0,9,2.6,-1,-1
2024-07-09T00:43:57.000Z,V2850062,7797,45.74477,8.86999,30932.1,5.4,14.3,278.7,-42.0,0.6,-1.0,RS41-SG,404.900,12.3,0,9,2.6,-1,-1
2024-07-09T00:43:58.000Z,V2850062,7798,45.74479,8.86981,30937.4,5.1,13.3,282.9,-42.0,0.6,-1.0,RS41-SG,404.900,12.2,0,9,2.7,-1,-1
2024-07-09T00:43:59.000Z,V2850062,7799,45.74482,8.86965,30942.6,5.6,12.1,283.9,-42.0,0.6,-1.0,RS41-SG,404.900,12.2,0,9,2.7,-1,-1
2024-07-09T00:44:00.000Z,V2850062,7800,45.74484,8.86951,30948.5,6.0,10.9,280.7,-41.9,0.6,-1.0,RS41-SG,404.900,12.0,0,9,2.7,-1,-1
2024-07-09T00:44:01.000Z,V2850062,7801,45.74485,8.86938,30954.7,6.2,10.0,274.3,-41.9,0.6,-1.0,RS41-SG,404.900,12.0,0,9,2.6,-1,-1
2024-07-09T00:44:02.000Z,V2850062,7802,45.74485,8.86925,30960.8,5.9,9.7,266.8,-41.9,0.6,-1.0,RS41-SG,404.900,12.1,0,9,2.6,-1,-1
2024-07-09T00:44:03.000Z,V2850062,7803,45.74485,8.86913,30966.2,4.9,10.1,263.4,-41.8,0.6,-1.0,RS41-SG,404.900,12.1,0,9,2.6,-1,-1
2024-07-09T00:44:04.000Z,V2850062,7804,45.74484,8.86899,30971.2,5.1,10.9,263.5,-41.8,0.6,-1.0,RS41-SG,404.900,11.9,0,9,2.7,-1,-1
2024-07-09T00:44:05.000Z,V2850062,7805,45.74483,8.86884,30976.4,5.7,12.2,268.4,-41.8,0.6,-1.0,RS41-SG,404.900,10.7,0,9,2.7,-1,-1
2024-07-09T00:44:06.000Z,V2850062,7806,45.74483,8.86868,30982.5,6.4,13.5,274.6,-41.8,0.5,-1.0,RS41-SG,404.900,11.6,0,9,2.7,-1,-1
2024-07-09T00:44:07.000Z,V2850062,7807,45.74485,8.86850,30988.6,5.9,14.6,278.3,-41.8,0.6,-1.0,RS41-SG,404.900,12.2,0,9,2.6,-1,-1
2024-07-09T00:44:08.000Z,V2850062,7808,45.74487,8.86831,30993.9,4.7,15.0,280.2,-41.7,0.6,-1.0,RS41-SG,404.900,12.8,0,9,2.6,-1,-1
2024-07-09T00:44:09.000Z,V2850062,7809,45.74489,8.86813,30998.9,5.5,14.5,279.2,-41.7,0.6,-1.0,RS41-SG,404.900,12.9,0,9,2.6,-1,-1
2024-07-09T00:44:10.000Z,V2850062,7810,45.74490,8.86795,31004.9,6.7,13.1,273.8,-41.7,0.6,-1.0,RS41-SG,404.900,12.9,0,9,2.7,-1,-1
2024-07-09T00:44:11.000Z,V2850062,7811,45.74490,8.86780,31011.8,7.0,11.3,263.9,-41.7,0.6,-1.0,RS41-SG,404.900,13.8,0,9,2.7,-1,-1
2024-07-09T00:44:12.000Z,V2850062,7812,45.74488,8.86766,31017.5,4.7,10.2,254.5,-41.6,0.6,-1.0,RS41-SG,404.900,13.8,0,9,2.6,-1,-1
2024-07-09T00:44:13.000Z,V2850062,7813,45.74485,8.86755,31022.0,4.3,9.3,245.5,-41.6,0.6,-1.0,RS41-SG,404.900,13.8,0,9,2.6,-1,-1
2024-07-09T00:44:14.000Z,V2850062,7814,45.74482,8.86744,31027.2,6.0,8.8,242.2,-41.5,0.6,-1.0,RS41-SG,404.900,13.0,0,9,2.7,-1,-1
2024-07-09T00:44:15.000Z,V2850062,7815,45.74479,8.86734,31034.0,7.5,8.4,248.9,-41.5,0.6,-1.0,RS41-SG,404.900,12.7,0,9,2.7,-1,-1
2024-07-09T00:44:16.000Z,V2850062,7816,45.74476,8.86724,31040.4,5.7,8.8,258.5,-41.5,0.6,-1.0,RS41-SG,404.900,13.7,0,9,2.6,-1,-1
2024-07-09T00:44:17.000Z,V2850062,7817,45.74476,8.86712,31045.7,4.9,9.5,268.6,-41.5,0.6,-1.0,RS41-SG,404.900,14.6,0,8,2.6,-1,-1
2024-07-09T00:44:18.000Z,V2850062,7818,45.74476,8.86699,31051.0,5.5,10.6,274.4,-41.5,0.6,-1.0,RS41-SG,404.900,14.6,0,9,2.7,-1,-1
2024-07-09T00:44:19.000Z,V2850062,7819,45.74477,8.86685,31056.9,6.5,11.7,276.1,-41.5,0.6,-1.0,RS41-SG,404.900,13.8,0,9,2.7,-1,-1
2024-07-09T00:44:20.000Z,V2850062,7820,45.74478,8.86670,31063.1,5.8,12.4,275.7,-41.5,0.6,-1.0,RS41-SG,404.900,14.0,0,9,2.6,-1,-1
2024-07-09T00:44:21.000Z,V2850062,7821,45.74479,8.86653,31068.7,5.3,13.3,275.1,-41.4,0.6,-1.0,RS41-SG,404.900,14.0,0,9,2.6,-1,-1
2024-07-09T00:44:22.000Z,V2850062,7822,45.74480,8.86636,31074.4,5.9,14.3,276.8,-41.4,0.6,-1.0,RS41-SG,404.900,13.4,0,9,2.6,-1,-1
2024-07-09T00:44:23.000Z,V2850062,7823,45.74482,8.86617,31080.8,6.6,15.1,278.5,-41.3,0.6,-1.0,RS41-SG,404.900,14.0,0,9,2.7,-1,-1
2024-07-09T00:44:24.000Z,V2850062,7824,45.74484,8.86598,31087.1,6.2,15.5,280.7,-41.3,0.6,-1.0,RS41-SG,404.900,14.0,0,9,2.7,-1,-1
2024-07-09T00:44:25.000Z,V2850062,7825,45.74487,8.86579,31092.8,5.2,15.1,281.3,-41.2,0.6,-1.0,RS41-SG,404.900,13.4,0,9,2.7,-1,-1
2024-07-09T00:44:26.000Z,V2850062,7826,45.74489,8.86561,31098.4,5.7,13.6,279.2,-41.2,0.5,-1.0,RS41-SG,404.900,12.4,0,9,2.6,-1,-1
2024-07-09T00:44:27.000Z,V2850062,7827,45.74490,8.86545,31104.8,6.6,11.3,276.0,-41.1,0.6,-1.0,RS41-SG,404.900,12.9,0,9,2.6,-1,-1
2024-07-09T00:44:28.000Z,V2850062,7828,45.74491,8.86532,31111.1,5.8,9.4,270.2,-41.1,0.6,-1.0,RS41-SG,404.900,12.9,0,9,2.6,-1,-1
2024-07-09T00:44:29.000Z,V2850062,7829,45.74491,8.86520,31116.6,5.3,8.2,266.6,-41.1,0.5,-1.0,RS41-SG,404.900,12.9,0,9,2.7,-1,-1
2024-07-09T00:44:30.000Z,V2850062,7830,45.74490,8.86510,31122.3,6.3,8.0,265.8,-41.1,0.6,-1.0,RS41-SG,404.900,12.9,0,9,2.7,-1,-1
2024-07-09T00:44:31.000Z,V2850062,7831,45.74490,8.86499,31129.2,7.4,9.0,272.5,-41.0,0.6,-1.0,RS41-SG,404.900,13.2,0,9,2.7,-1,-1
2024-07-09T00:44:32.000Z,V2850062,7832,45.74491,8.86487,31136.4,6.8,10.6,278.4,-41.0,0.6,-1.0,RS41-SG,404.900,14.6,0,9,2.6,-1,-1
2024-07-09T00:44:33.000Z,V2850062,7833,45.74493,8.86472,31142.4,4.9,12.4,281.9,-41.0,0.5,-1.0,RS41-SG,404.900,14.6,0,9,2.6,-1,-1
2024-07-09T00:44:34.000Z,V2850062,7834,45.74496,8.86456,31147.3,5.0,14.0,283.4,-41.0,0.6,-1.0,RS41-SG,404.900,14.6,0,8,2.6,-1,-1
2024-07-09T00:44:35.000Z,V2850062,7835,45.74499,8.86438,31152.8,6.1,14.9,283.2,-41.0,0.5,-1.0,RS41-SG,404.900,14.6,0,8,2.7,-1,-1
2024-07-09T00:44:36.000Z,V2850062,7836,45.74502,8.86419,31159.4,7.1,15.0,282.1,-40.9,0.6,-1.0,RS41-SG,404.900,12.5,0,9,2.7,-1,-1
2024-07-09T00:44:37.000Z,V2850062,7837,45.74504,8.86400,31165.7,5.6,14.7,279.9,-41.0,0.6,-1.0,RS41-SG,404.900,12.6,0,9,2.6,-1,-1
2024-07-09T00:44:38.000Z,V2850062,7838,45.74506,8.86382,31171.3,5.4,14.6,279.2,-41.0,0.6,-1.0,RS41-SG,404.900,13.4,0,8,2.6,-1,-1
2024-07-09T00:44:40.000Z,V2850062,7840,45.74511,8.86345,31183.0,6.6,15.2,280.5,-41.0,0.6,-1.0,RS41-SG,404.900,14.3,0,8,2.7,-1,-1
2024-07-09T00:44:41.000Z,V2850062,7841,45.74513,8.86325,31189.5,6.4,15.8,281.6,-41.0,0.6,-1.0,RS41-SG,404.900,14.3,0,8,2.6,-1,-1
2024-07-09T00:44:42.000Z,V2850062,7842,45.74516,8.86305,31195.6,5.8,16.0,280.6,-41.0,0.6,-1.0,RS41-SG,404.900,14.3,0,7,2.6,-1,-1
2024-07-09T00:44:43.000Z,V2850062,7843,45.74518,8.86285,31201.4,5.9,15.6,278.0,-41.0,0.6,-1.0,RS41-SG,404.900,14.3,0,8,2.7,-1,-1
2024-07-09T00:44:44.000Z,V2850062,7844,45.74520,8.86266,31207.7,6.7,15.0,273.4,-41.1,0.6,-1.0,RS41-SG,404.900,13.5,0,8,2.7,-1,-1
2024-07-09T00:44:46.000Z,V2850062,7846,45.74519,8.86229,31220.1,5.2,13.6,265.5,-41.1,0.6,-1.0,RS41-SG,404.900,13.3,0,8,2.6,-1,-1
2024-07-09T00:44:47.000Z,V2850062,7847,45.74518,8.86212,31225.7,5.9,13.3,266.8,-41.1,0.6,-1.0,RS41-SG,404.900,12.7,0,8,2.6,-1,-1
2024-07-09T00:44:48.000Z,V2850062,7848,45.74518,8.86195,31231.9,6.6,13.7,273.2,-41.0,0.6,-1.0,RS41-SG,404.900,12.8,0,8,2.7,-1,-1
2024-07-09T00:44:49.000Z,V2850062,7849,45.74520,8.86177,31238.4,6.9,14.8,279.4,-41.0,0.6,-1.0,RS41-SG,404.900,12.8,0,8,2.7,-1,-1
2024-07-09T00:44:50.000Z,V2850062,7850,45.74523,8.86158,31244.8,6.1,16.1,285.3,-41.0,0.6,-1.0,RS41-SG,404.900,13.1,0,8,2.7,-1,-1
2024-07-09T00:44:51.000Z,V2850062,7851,45.74527,8.86137,31250.6,4.8,16.9,287.5,-41.0,0.6,-1.0,RS41-SG,404.900,13.4,0,8,2.6,-1,-1
2024-07-09T00:44:52.000Z,V2850062,7852,45.74532,8.86117,31256.2,5.8,17.3,287.8,-41.0,0.6,-1.0,RS41-SG,404.900,13.4,0,8,2.6,-1,-1
2024-07-09T00:44:54.000Z,V2850062,7854,45.74539,8.86075,31270.3,7.1,15.5,278.4,-41.0,0.6,-1.0,RS41-SG,404.900,13.6,0,8,2.7,-1,-1
2024-07-09T00:44:55.000Z,V2850062,7855,45.74540,8.86056,31276.7,5.3,14.7,272.8,-41.0,0.6,-1.0,RS41-SG,404.900,13.6,0,8,2.7,-1,-1
2024-07-09T00:44:56.000Z,V2850062,7856,45.74540,8.86038,31281.6,4.7,14.1,267.1,-41.0,0.6,-1.0,RS41-SG,404.900,12.7,0,8,2.7,-1,-1
2024-07-09T00:44:57.000Z,V2850062,7857,45.74539,8.86020,31287.1,5.9,13.8,264.6,-41.0,0.6,-1.0,RS41-SG,404.900,13.1,0,8,2.6,-1,-1
2024-07-09T00:44:58.000Z,V2850062,7858,45.74538,8.86002,31293.5,6.9,13.8,266.1,-41.0,0.6,-1.0,RS41-SG,404.900,13.1,0,8,2.6,-1,-1
2024-07-09T00:44:59.000Z,V2850062,7859,45.74538,8.85985,31300.1,6.2,14.0,268.5,-41.0,0.6,-1.0,RS41-SG,404.900,12.6,0,8,2.6,-1,-1
2024-07-09T00:45:01.000Z,V2850062,7861,45.74537,8.85949,31311.5,5.8,13.4,270.6,-41.0,0.6,-1.0,RS41-SG,404.900,13.3,0,8,2.7,-1,-1
2024-07-09T00:45:02.000Z,V2850062,7862,45.74537,8.85933,31317.8,6.7,12.5,268.8,-41.0,0.6,-1.0,RS41-SG,404.900,13.6,0,8,2.7,-1,-1
2024-07-09T00:45:03.000Z,V2850062,7863,45.74537,8.85917,31324.5,6.5,12.0,267.2,-40.9,0.6,-1.0,RS41-SG,404.900,13.9,0,8,2.6,-1,-1
2024-07-09T00:45:04.000Z,V2850062,7864,45.74537,8.85902,31330.9,5.7,11.6,265.9,-40.9,0.6,-1.0,RS41-SG,404.900,13.9,0,8,2.6,-1,-1
2024-07-09T00:45:05.000Z,V2850062,7865,45.74536,8.85887,31336.6,5.6,11.7,267.7,-40.9,0.6,-1.0,RS41-SG,404.900,13.8,0,8,2.6,-1,-1
2024-07-09T00:45:06.000Z,V2850062,7866,45.74536,8.85872,31342.6,6.7,12.7,272.3,-40.9,0.6,-1.0,RS41-SG,404.900,13.1,0,8,2.7,-1,-1
2024-07-09T00:45:07.000Z,V2850062,7867,45.74537,8.85855,31349.3,7.1,14.0,276.6,-41.0,0.6,-1.0,RS41-SG,404.900,13.3,0,8,2.7,-1,-1
2024-07-09T00:45:08.000Z,V2850062,7868,45.74539,8.85836,31355.7,5.6,15.2,278.1,-41.0,0.5,-1.0,RS41-SG,404.900,13.3,0,7,2.6,-1,-1
2024-07-09T00:45:09.000Z,V2850062,7869,45.74541,8.85817,31361.6,6.1,15.7,278.1,-41.0,0.6,-1.0,RS41-SG,404.900,12.7,0,8,2.6,-1,-1
2024-07-09T00:45:10.000Z,V2850062,7870,45.74542,8.85797,31368.2,7.5,15.5,274.3,-40.9,0.6,-1.0,RS41-SG,404.900,12.9,0,8,2.7,-1,-1
2024-07-09T00:45:12.000Z,V2850062,7872,45.74542,8.85759,31381.7,4.9,13.9,263.7,-41.0,0.6,-1.0,RS41-SG,404.900,13.2,0,8,2.6,-1,-1
2024-07-09T00:45:13.000Z,V2850062,7873,45.74540,8.85742,31387.0,4.9,12.9,258.4,-41.0,0.6,-1.0,RS41-SG,404.900,13.4,0,8,2.6,-1,-1
2024-07-09T00:45:14.000Z,V2850062,7874,45.74538,8.85727,31392.5,6.0,12.1,256.9,-41.0,0.6,-1.0,RS41-SG,404.900,13.4,0,8,2.7,-1,-1
2024-07-09T00:45:15.000Z,V2850062,7875,45.74536,8.85712,31398.9,6.8,11.4,259.2,-41.0,0.6,-1.0,RS41-SG,404.900,13.1,0,7,2.7,-1,-1
2024-07-09T00:45:16.000Z,V2850062,7876,45.74534,8.85698,31405.6,6.2,11.0,263.5,-41.0,0.6,-1.0,RS41-SG,404.900,13.2,0,8,2.6,-1,-1
2024-07-09T00:45:17.000Z,V2850062,7877,45.74533,8.85684,31411.6,5.7,10.6,266.3,-41.0,0.6,-1.0,RS41-SG,404.900,13.2,0,8,2.6,-1,-1
2024-07-09T00:45:18.000Z,V2850062,7878,45.74533,8.85671,31417.6,6.2,10.1,266.9,-41.1,0.6,-1.0,RS41-SG,404.900,13.4,0,8,2.6,-1,-1
2024-07-09T00:45:20.000Z,V2850062,7880,45.74531,8.85646,31431.1,7.0,10.0,260.6,-41.1,0.6,-1.0,RS41-SG,404.900,13.4,0,8,2.7,-1,-1
2024-07-09T00:45:21.000Z,V2850062,7881,45.74529,8.85633,31437.8,5.8,10.7,257.7,-41.1,0.6,-1.0,RS41-SG,404.900,12.9,0,8,2.7,-1,-1
2024-07-09T00:45:22.000Z,V2850062,7882,45.74527,8.85619,31443.9,6.2,11.9,258.1,-41.1,0.6,-1.0,RS41-SG,404.900,13.7,0,8,2.6,-1,-1
2024-07-09T00:45:23.000Z,V2850062,7883,45.74525,8.85602,31450.4,6.8,13.6,260.6,-41.1,0.6,-1.0,RS41-SG,404.900,13.7,0,8,2.6,-1,-1
2024-07-09T00:45:24.000Z,V2850062,7884,45.74524,8.85584,31457.3,6.7,15.1,265.5,-41.1,0.6,-1.0,RS41-SG,404.900,13.0,0,8,2.6,-1,-1
2024-07-09T00:45:25.000Z,V2850062,7885,45.74523,8.85564,31463.4,5.6,16.0,267.8,-41.1,0.6,-1.0,RS41-SG,404.900,13.6,0,8,2.7,-1,-1
2024-07-09T00:45:26.000Z,V2850062,7886,45.74522,8.85544,31469.2,6.4,16.6,267.1,-41.1,0.6,-1.0,RS41-SG,404.900,13.9,0,8,2.7,-1,-1
2024-07-09T00:45:28.000Z,V2850062,7888,45.74518,8.85504,31483.1,7.4,14.6,255.9,-41.1,0.6,-1.0,RS41-SG,404.900,12.4,0,8,2.6,-1,-1
2024-07-09T00:45:30.000Z,V2850062,7890,45.74510,8.85472,31495.9,5.3,11.9,242.0,-41.1,0.6,-1.0,RS41-SG,404.900,12.7,0,8,2.6,-1,-1
2024-07-09T00:45:31.000Z,V2850062,7891,45.74505,8.85460,31501.2,5.5,10.2,239.5,-41.2,0.6,-1.0,RS41-SG,404.900,12.7,0,8,2.7,-1,-1
2024-07-09T00:45:32.000Z,V2850062,7892,45.74501,8.85449,31507.2,6.6,8.7,241.5,-41.2,0.6,-1.0,RS41-SG,404.900,13.2,0,8,2.7,-1,-1
2024-07-09T00:45:33.000Z,V2850062,7893,45.74498,8.85440,31514.0,6.8,7.9,250.3,-41.2,0.6,-1.0,RS41-SG,404.900,13.2,0,7,2.7,-1,-1
2024-07-09T00:45:34.000Z,V2850062,7894,45.74496,8.85430,31520.5,5.6,8.0,259.5,-41.2,0.6,-1.0,RS41-SG,404.900,13.6,0,8,2.6,-1,-1
2024-07-09T00:45:35.000Z,V2850062,7895,45.74495,8.85419,31526.2,5.7,8.8,263.3,-41.2,0.6,-1.0,RS41-SG,404.900,13.6,0,8,2.6,-1,-1
2024-07-09T00:45:36.000Z,V2850062,7896,45.74494,8.85407,31532.8,7.0,10.0,260.7,-41.2,0.6,-1.0,RS41-SG,404.900,13.4,0,8,2.6,-1,-1
2024-07-09T00:45:37.000Z,V2850062,7897,45.74492,8.85394,31540.1,7.6,11.5,255.3,-41.2,0.6,-1.0,RS41-SG,404.900,13.4,0,8,2.7,-1,-1
2024-07-09T00:45:38.000Z,V2850062,7898,45.74489,8.85379,31546.8,6.2,12.8,250.1,-41.3,0.6,-1.0,RS41-SG,404.900,13.2,0,8,2.7,-1,-1
2024-07-09T00:45:39.000Z,V2850062,7899,45.74484,8.85363,31552.9,5.9,14.3,247.7,-41.3,0.6,-1.0,RS41-SG,404.900,13.2,0,8,2.6,-1,-1
2024-07-09T00:45:40.000Z,V2850062,7900,45.74479,8.85345,31559.0,6.4,15.7,248.5,-41.3,0.6,-1.0,RS41-SG,404.900,13.0,0,8,2.6,-1,-1
2024-07-09T00:45:41.000Z,V2850062,7901,45.74474,8.85326,31565.9,7.3,16.5,251.5,-41.4,0.6,-1.0,RS41-SG,404.900,13.1,0,8,2.7,-1,-1
2024-07-09T00:45:42.000Z,V2850062,7902,45.74470,8.85305,31572.6,6.2,16.8,255.2,-41.4,0.6,-1.0,RS41-SG,404.900,13.1,0,8,2.7,-1,-1
2024-07-09T00:45:43.000Z,V2850062,7903,45.74467,8.85284,31578.5,5.6,16.9,258.2,-41.5,0.6,-1.0,RS41-SG,404.900,13.0,0,8,2.6,-1,-1
2024-07-09T00:45:44.000Z,V2850062,7904,45.74464,8.85263,31584.2,5.9,16.7,259.5,-41.5,0.6,-1.0,RS41-SG,404.900,13.3,0,8,2.6,-1,-1
2024-07-09T00:45:45.000Z,V2850062,7905,45.74461,8.85243,31590.6,6.7,16.2,259.2,-41.5,0.6,-1.0,RS41-SG,404.900,13.3,0,8,2.7,-1,-1
2024-07-09T00:45:46.000Z,V2850062,7906,45.74458,8.85223,31597.4,6.8,15.6,257.0,-41.5,0.6,-1.0,RS41-SG,404.900,13.3,0,8,2.7,-1,-1
2024-07-09T00:45:47.000Z,V2850062,7907,45.74455,8.85204,31603.6,5.6,15.0,256.6,-41.4,0.6,-1.0,RS41-SG,404.900,13.3,0,8,2.6,-1,-1
2024-07-09T00:45:48.000Z,V2850062,7908,45.74452,8.85186,31609.2,5.7,14.3,258.6,-41.3,0.6,-1.0,RS41-SG,404.900,12.0,0,8,2.6,-1,-1
2024-07-09T00:45:49.000Z,V2850062,7909,45.74450,8.85168,31615.3,6.3,13.8,264.3,-41.3,0.6,-1.0,RS41-SG,404.900,12.7,0,8,2.6,-1,-1
2024-07-09T00:45:50.000Z,V2850062,7910,45.74450,8.85150,31621.8,7.0,13.7,271.2,-41.2,0.6,-1.0,RS41-SG,404.900,12.9,0,8,2.7,-1,-1
2024-07-09T00:45:51.000Z,V2850062,7911,45.74451,8.85133,31628.5,6.7,14.0,277.1,-41.2,0.6,-1.0,RS41-SG,404.900,13.6,0,8,2.7,-1,-1
2024-07-09T00:45:52.000Z,V2850062,7912,45.74452,8.85115,31634.6,5.7,14.8,278.3,-41.1,0.6,-1.0,RS41-SG,404.900,13.6,0,8,2.7,-1,-1
2024-07-09T00:45:53.000Z,V2850062,7913,45.74454,8.85095,31640.7,6.0,15.8,274.7,-41.1,0.6,-1.0,RS41-SG,404.900,13.4,0,8,2.6,-1,-1
2024-07-09T00:45:54.000Z,V2850062,7914,45.74455,8.85074,31647.3,6.6,17.1,269.7,-41.1,0.6,-1.0,RS41-SG,404.900,13.6,0,8,2.6,-1,-1
2024-07-09T00:45:55.000Z,V2850062,7915,45.74454,8.85051,31654.0,6.6,18.5,263.8,-41.1,0.6,-1.0,RS41-SG,404.900,13.6,0,8,2.6,-1,-1
2024-07-09T00:45:56.000Z,V2850062,7916,45.74451,8.85027,31660.1,5.4,19.4,259.9,-41.1,0.6,-1.0,RS41-SG,404.900,13.0,0,7,2.7,-1,-1
2024-07-09T00:45:57.000Z,V2850062,7917,45.74448,8.85003,31665.2,5.3,20.1,258.3,-41.1,0.6,-1.0,RS41-SG,404.900,12.0,0,8,2.7,-1,-1
2024-07-09T00:45:58.000Z,V2850062,7918,45.74445,8.84978,31671.2,6.7,19.8,261.2,-41.1,0.6,-1.0,RS41-SG,404.900,11.7,0,8,2.7,-1,-1
2024-07-09T00:45:59.000Z,V2850062,7919,45.74443,8.84953,31678.2,7.3,18.9,266.5,-41.1,0.5,-1.0,RS41-SG,404.900,12.6,0,8,2.6,-1,-1
2024-07-09T00:46:00.000Z,V2850062,7920,45.74443,8.84930,31685.3,7.0,17.8,273.3,-41.1,0.6,-1.0,RS41-SG,404.900,12.6,0,8,2.6,-1,-1
2024-07-09T00:46:01.000Z,V2850062,7921,45.74444,8.84908,31691.3,5.1,16.7,279.7,-41.2,0.6,-1.0,RS41-SG,404.900,13.2,0,8,2.6,-1,-1
2024-07-09T00:46:02.000Z,V2850062,7922,45.74447,8.84888,31696.4,5.0,15.7,284.7,-41.1,0.6,-1.0,RS41-SG,404.900,13.2,0,8,2.7,-1,-1
2024-07-09T00:46:03.000Z,V2850062,7923,45.74451,8.84869,31702.1,6.3,14.7,286.8,-41.1,0.6,-1.0,RS41-SG,404.900,12.8,0,8,2.7,-1,-1
2024-07-09T00:46:04.000Z,V2850062,7924,45.74454,8.84851,31708.8,7.3,13.9,284.1,-41.1,0.5,-1.0,RS41-SG,404.900,12.4,0,8,2.7,-1,-1
2024-07-09T00:46:05.000Z,V2850062,7925,45.74457,8.84834,31715.7,6.1,13.7,279.0,-41.1,0.6,-1.0,RS41-SG,404.900,12.0,0,8,2.6,-1,-1
2024-07-09T00:46:06.000Z,V2850062,7926,45.74458,8.84816,31721.5,4.9,14.1,274.7,-41.1,0.6,-1.0,RS41-SG,404.900,12.1,0,8,2.6,-1,-1
2024-07-09T00:46:07.000Z,V2850062,7927,45.74459,8.84798,31726.9,5.8,15.3,272.6,-41.1,0.6,-1.0,RS41-SG,404.900,12.2,0,8,2.6,-1,-1
2024-07-09T00:46:08.000Z,V2850062,7928,45.74460,8.84777,31733.4,7.2,16.7,274.5,-41.2,0.6,-1.0,RS41-SG,404.900,12.6,0,8,2.7,-1,-1
2024-07-09T00:46:09.000Z,V2850062,7929,45.74462,8.84755,31740.4,7.2,18.0,277.6,-41.2,0.6,-1.0,RS41-SG,404.900,12.6,0,8,2.7,-1,-1
2024-07-09T00:46:10.000Z,V2850062,7930,45.74464,8.84731,31747.0,6.0,19.1,279.6,-41.2,0.6,-1.0,RS41-SG,404.900,11.8,0,8,2.6,-1,-1
2024-07-09T00:46:11.000Z,V2850062,7931,45.74467,8.84707,31753.2,6.2,19.8,280.2,-41.2,0.6,-1.0,RS41-SG,404.900,11.8,0,8,2.6,-1,-1
2024-07-09T00:46:12.000Z,V2850062,7932,45.74470,8.84682,31759.7,7.1,19.8,279.3,-41.2,0.6,-1.0,RS41-SG,404.900,11.4,0,8,2.7,-1,-1
2024-07-09T00:46:13.000Z,V2850062,7933,45.74473,8.84657,31766.5,6.9,19.2,278.0,-41.3,0.6,-1.0,RS41-SG,404.900,11.8,0,8,2.7,-1,-1
2024-07-09T00:46:14.000Z,V2850062,7934,45.74475,8.84634,31772.7,5.8,18.4,277.7,-41.3,0.6,-1.0,RS41-SG,404.900,11.8,0,8,2.6,-1,-1
2024-07-09T00:46:15.000Z,V2850062,7935,45.74477,8.84611,31778.8,6.1,17.1,279.8,-41.3,0.6,-1.0,RS41-SG,404.900,11.5,0,8,2.6,-1,-1
2024-07-09T00:46:16.000Z,V2850062,7936,45.74481,8.84591,31785.3,6.8,15.8,285.4,-41.4,0.6,-1.0,RS41-SG,404.900,11.2,0,8,2.6,-1,-1
2024-07-09T00:46:17.000Z,V2850062,7937,45.74485,8.84572,31792.0,6.9,15.0,292.3,-41.4,0.6,-1.0,RS41-SG,404.900,12.3,0,8,2.7,-1,-1
2024-07-09T00:46:18.000Z,V2850062,7938,45.74491,8.84555,31798.3,5.5,14.8,297.2,-41.5,0.6,-1.0,RS41-SG,404.900,12.5,0,8,2.7,-1,-1
2024-07-09T00:46:19.000Z,V2850062,7939,45.74497,8.84538,31804.0,5.6,15.0,298.8,-41.5,0.6,-1.0,RS41-SG,404.900,12.5,0,8,2.7,-1,-1
2024-07-09T00:46:20.000Z,V2850062,7940,45.74503,8.84521,31810.1,6.5,15.3,295.8,-41.5,0.6,-1.0,RS41-SG,404.900,11.5,0,8,2.6,-1,-1
2024-07-09T00:46:21.000Z,V2850062,7941,45.74509,8.84503,31817.1,6.9,15.8,290.8,-41.6,0.6,-1.0,RS41-SG,404.900,11.5,0,8,2.6,-1,-1
2024-07-09T00:46:22.000Z,V2850062,7942,45.74513,8.84483,31823.5,5.5,16.6,286.1,-41.6,0.6,-1.0,RS41-SG,404.900,12.2,0,8,2.6,-1,-1
2024-07-09T00:46:23.000Z,V2850062,7943,45.74517,8.84462,31828.8,5.0,17.3,284.0,-41.7,0.6,-1.0,RS41-SG,404.900,12.2,0,8,2.7,-1,-1
2024-07-09T00:46:24.000Z,V2850062,7944,45.74521,8.84440,31834.3,6.1,17.9,285.0,-41.7,0.6,-1.0,RS41-SG,404.900,11.3,0,8,2.7,-1,-1
2024-07-09T00:46:25.000Z,V2850062,7945,45.74526,8.84418,31840.6,6.8,18.3,289.1,-41.7,0.6,-1.0,RS41-SG,404.900,10.6,0,8,2.7,-1,-1
2024-07-09T00:46:26.000Z,V2850062,7946,45.74532,8.84396,31847.7,6.7,18.2,294.1,-41.7,0.6,-1.0,RS41-SG,404.900,10.6,0,8,2.6,-1,-1
2024-07-09T00:46:27.000Z,V2850062,7947,45.74539,8.84376,31853.7,5.2,17.9,298.1,-41.7,0.6,-1.0,RS41-SG,404.900,11.9,0,8,2.6,-1,-1
2024-07-09T00:46:28.000Z,V2850062,7948,45.74547,8.84356,31859.2,5.7,17.3,300.9,-41.7,0.6,-1.0,RS41-SG,404.900,12.8,0,8,2.6,-1,-1
2024-07-09T00:46:30.000Z,V2850062,7950,45.74561,8.84320,31872.5,7.4,15.3,295.3,-41.6,0.6,-1.0,RS41-SG,404.900,11.5,0,8,2.7,-1,-1
2024-07-09T00:46:31.000Z,V2850062,7951,45.74566,8.84302,31879.4,6.3,14.8,288.7,-41.6,0.6,-1.0,RS41-SG,404.900,11.5,0,8,2.7,-1,-1
2024-07-09T00:46:32.000Z,V2850062,7952,45.74570,8.84284,31885.2,4.7,14.4,283.1,-41.5,0.6,-1.0,RS41-SG,404.900,11.5,0,8,2.6,-1,-1
2024-07-09T00:46:33.000Z,V2850062,7953,45.74572,8.84266,31890.3,5.0,14.4,278.5,-41.4,0.6,-1.0,RS41-SG,404.900,11.3,0,8,2.6,-1,-1
2024-07-09T00:46:34.000Z,V2850062,7954,45.74575,8.84248,31895.8,6.1,14.5,279.3,-41.4,0.6,-1.0,RS41-SG,404.900,11.3,0,8,2.6,-1,-1
2024-07-09T00:46:35.000Z,V2850062,7955,45.74577,8.84229,31902.1,6.9,14.7,281.8,-41.3,0.6,-1.0,RS41-SG,404.900,12.1,0,8,2.7,-1,-1
2024-07-09T00:46:36.000Z,V2850062,7956,45.74580,8.84211,31908.6,6.2,15.0,284.6,-41.3,0.6,-1.0,RS41-SG,404.900,12.1,0,8,2.7,-1,-1
2024-07-09T00:46:37.000Z,V2850062,7957,45.74584,8.84192,31914.2,5.1,15.5,286.5,-41.2,0.5,-1.0,RS41-SG,404.900,12.4,0,8,2.7,-1,-1
2024-07-09T00:46:38.000Z,V2850062,7958,45.74587,8.84173,31919.9,6.1,16.0,284.9,-41.1,0.6,-1.0,RS41-SG,404.900,12.4,0,8,2.6,-1,-1
2024-07-09T00:46:39.000Z,V2850062,7959,45.74591,8.84152,31926.5,6.8,16.8,281.1,-41.0,0.6,-1.0,RS41-SG,404.900,12.0,0,8,2.6,-1,-1
2024-07-09T00:46:40.000Z,V2850062,7960,45.74593,8.84131,31933.1,6.5,17.3,277.2,-40.9,0.6,-1.0,RS41-SG,404.900,10.9,0,8,2.6,-1,-1
2024-07-09T00:46:41.000Z,V2850062,7961,45.74595,8.84108,31939.0,5.5,17.7,274.2,-40.8,0.5,-1.0,RS41-SG,404.900,10.9,0,8,2.7,-1,-1
2024-07-09T00:46:42.000Z,V2850062,7962,45.74596,8.84086,31944.4,5.6,17.6,273.7,-40.8,0.6,-1.0,RS41-SG,404.900,11.5,0,8,2.7,-1,-1
2024-07-09T00:46:43.000Z,V2850062,7963,45.74597,8.84064,31950.2,6.1,17.0,275.5,-40.7,0.5,-1.0,RS41-SG,404.900,11.7,0,8,2.6,-1,-1
2024-07-09T00:46:45.000Z,V2850062,7965,45.74602,8.84023,31963.1,6.1,15.2,282.8,-40.6,0.6,-1.0,RS41-SG,404.900,12.5,0,8,2.7,-1,-1
2024-07-09T00:46:46.000Z,V2850062,7966,45.74605,8.84004,31968.6,5.3,14.9,284.5,-40.5,0.5,-1.0,RS41-SG,404.900,12.5,0,8,2.7,-1,-1
2024-07-09T00:46:47.000Z,V2850062,7967,45.74608,8.83986,31974.3,5.8,14.7,282.7,-40.5,0.5,-1.0,RS41-SG,404.900,12.0,0,8,2.6,-1,-1
2024-07-09T00:46:48.000Z,V2850062,7968,45.74610,8.83967,31980.5,6.5,15.0,277.6,-40.5,0.6,-1.0,RS41-SG,404.900,11.3,0,8,2.6,-1,-1
2024-07-09T00:46:49.000Z,V2850062,7969,45.74611,8.83948,31987.1,6.8,15.4,271.3,-40.4,0.5,-1.0,RS41-SG,404.900,11.8,0,8,2.7,-1,-1
2024-07-09T00:46:51.000Z,V2850062,7971,45.74609,8.83907,31997.9,4.7,16.4,262.3,-40.4,0.5,-1.0,RS41-SG,404.900,12.0,0,8,2.6,-1,-1
2024-07-09T00:46:53.000Z,V2850062,7973,45.74605,8.83867,32009.3,7.0,15.2,263.1,-40.4,0.6,-1.0,RS41-SG,404.900,10.8,0,8,2.6,-1,-1
2024-07-09T00:46:54.000Z,V2850062,7974,45.74604,8.83848,32015.8,6.4,14.5,267.5,-40.3,0.5,-1.0,RS41-SG,404.900,10.8,0,8,2.7,-1,-1
2024-07-09T00:46:55.000Z,V2850062,7975,45.74604,8.83830,32021.7,5.4,14.0,271.3,-40.3,0.5,-1.0,RS41-SG,404.900,11.5,0,8,2.7,-1,-1
2024-07-09T00:46:56.000Z,V2850062,7976,45.74605,8.83812,32027.3,5.7,14.0,273.6,-40.3,0.5,-1.0,RS41-SG,404.900,11.5,0,8,2.7,-1,-1
2024-07-09T00:46:57.000Z,V2850062,7977,45.74606,8.83793,32033.7,6.7,14.7,274.4,-40.3,0.5,-1.0,RS41-SG,404.900,11.6,0,8,2.6,-1,-1
2024-07-09T00:46:58.000Z,V2850062,7978,45.74606,8.83774,32040.3,6.3,15.5,273.6,-40.3,0.5,-1.0,RS41-SG,404.900,11.6,0,8,2.6,-1,-1
2024-07-09T00:46:59.000Z,V2850062,7979,45.74607,8.83754,32046.1,5.3,16.0,274.2,-40.3,0.6,-1.0,RS41-SG,404.900,11.4,0,8,2.6,-1,-1
2024-07-09T00:47:01.000Z,V2850062,7981,45.74610,8.83713,32057.6,6.7,16.1,277.2,-40.2,0.5,-1.0,RS41-SG,404.900,10.9,0,7,2.7,-1,-1
2024-07-09T00:47:02.000Z,V2850062,7982,45.74612,8.83693,32064.1,6.7,15.6,279.3,-40.2,0.5,-1.0,RS41-SG,404.900,11.5,0,7,2.7,-1,-1
2024-07-09T00:47:03.000Z,V2850062,7983,45.74614,8.83673,32070.3,5.5,15.2,280.6,-40.1,0.5,-1.0,RS41-SG,404.900,12.2,0,8,2.6,-1,-1
2024-07-09T00:47:05.000Z,V2850062,7985,45.74617,8.83635,32082.1,6.3,15.3,272.7,-40.1,0.6,-1.0,RS41-SG,404.900,11.4,0,8,2.6,-1,-1
2024-07-09T00:47:06.000Z,V2850062,7986,45.74617,8.83615,32088.7,6.7,16.1,266.5,-40.0,0.5,-1.0,RS41-SG,404.900,12.0,0,8,2.7,-1,-1
2024-07-09T00:47:07.000Z,V2850062,7987,45.74616,8.83594,32094.8,5.7,16.7,261.6,-40.0,0.5,-1.0,RS41-SG,404.900,12.0,0,8,2.7,-1,-1
2024-07-09T00:47:11.000Z,V2850062,7991,45.74605,8.83512,32116.1,6.7,14.4,264.5,-39.9,0.5,-1.0,RS41-SG,404.900,12.0,0,8,2.6,-1,-1
2024-07-09T00:47:13.000Z,V2850062,7993,45.74605,8.83477,32127.6,5.0,13.4,277.3,-39.7,0.5,-1.0,RS41-SG,404.900,11.5,0,8,2.7,-1,-1
2024-07-09T00:47:14.000Z,V2850062,7994,45.74607,8.83460,32133.0,5.8,14.1,280.9,-39.7,0.5,-1.0,RS41-SG,404.900,11.5,0,8,2.7,-1,-1
2024-07-09T00:47:15.000Z,V2850062,7995,45.74609,8.83441,32139.2,6.6,15.7,279.1,-39.6,0.5,-1.0,RS41-SG,404.900,11.5,0,8,2.6,-1,-1
2024-07-09T00:47:16.000Z,V2850062,7996,45.74611,8.83420,32146.3,6.6,17.7,274.4,-39.5,0.5,-1.0,RS41-SG,404.900,11.9,0,8,2.6,-1,-1
2024-07-09T00:47:17.000Z,V2850062,7997,45.74612,8.83397,32152.1,4.9,18.8,272.2,-39.5,0.5,-1.0,RS41-SG,404.900,11.9,0,8,2.6,-1,-1
2024-07-09T00:47:19.000Z,V2850062,7999,45.74612,8.83348,32162.1,5.8,19.4,266.5,-39.4,0.5,-1.0,RS41-SG,404.900,10.4,0,8,2.7,-1,-1
2024-07-09T00:47:20.000Z,V2850062,8000,45.74611,8.83324,32168.4,6.6,18.3,264.5,-39.3,0.5,-1.0,RS41-SG,404.900,11.6,0,8,2.6,-1,-1
2024-07-09T00:47:21.000Z,V2850062,8001,45.74609,8.83301,32174.9,6.1,16.8,264.0,-39.3,0.5,-1.0,RS41-SG,404.900,11.6,0,8,2.6,-1,-1
2024-07-09T00:47:22.000Z,V2850062,8002,45.74607,8.83281,32180.4,5.0,15.5,262.5,-39.3,0.5,-1.0,RS41-SG,404.900,12.0,0,8,2.7,-1,-1
2024-07-09T00:47:23.000Z,V2850062,8003,45.74605,8.83262,32185.6,5.2,14.6,260.7,-39.3,0.5,-1.0,RS41-SG,404.900,12.0,0,8,2.7,-1,-1
2024-07-09T00:47:24.000Z,V2850062,8004,45.74603,8.83244,32191.3,6.1,14.5,257.6,-39.3,0.5,-1.0,RS41-SG,404.900,10.8,0,8,2.6,-1,-1
2024-07-09T00:47:25.000Z,V2850062,8005,45.74600,8.83225,32197.5,6.1,14.9,255.9,-39.3,0.5,-1.0,RS41-SG,404.900,11.1,0,8,2.6,-1,-1
2024-07-09T00:47:26.000Z,V2850062,8006,45.74597,8.83206,32203.1,5.2,15.6,256.3,-39.3,0.5,-1.0,RS41-SG,404.900,11.2,0,8,2.7,-1,-1
2024-07-09T00:47:27.000Z,V2850062,8007,45.74594,8.83186,32208.4,5.2,16.2,259.2,-39.3,0.5,-1.0,RS41-SG,404.900,11.2,0,8,2.7,-1,-1
2024-07-09T00:47:28.000Z,V2850062,8008,45.74591,8.83166,32214.0,5.7,16.3,263.8,-39.3,0.5,-1.0,RS41-SG,404.900,9.5,0,8,2.6,-1,-1
2024-07-09T00:47:29.000Z,V2850062,8009,45.74590,8.83145,32220.1,6.3,16.4,269.0,-39.3,0.5,-1.0,RS41-SG,404.900,10.5,0,8,2.6,-1,-1
2024-07-09T00:47:30.000Z,V2850062,8010,45.74591,8.83124,32226.1,6.0,16.4,274.1,-39.3,0.5,-1.0,RS41-SG,404.900,10.5,0,7,2.6,-1,-1
2024-07-09T00:47:31.000Z,V2850062,8011,45.74592,8.83103,32231.4,5.1,16.8,277.0,-39.3,0.5,-1.0,RS41-SG,404.900,11.8,0,7,2.7,-1,-1
2024-07-09T00:47:32.000Z,V2850062,8012,45.74594,8.83081,32236.6,5.6,17.7,276.0,-39.3,0.5,-1.0,RS41-SG,404.900,11.8,0,8,2.7,-1,-1
2024-07-09T00:47:33.000Z,V2850062,8013,45.74595,8.83058,32242.5,6.0,18.8,272.3,-39.4,0.5,-1.0,RS41-SG,404.900,11.7,0,8,2.7,-1,-1
2024-07-09T00:47:34.000Z,V2850062,8014,45.74595,8.83033,32248.9,6.3,19.9,267.7,-39.4,0.5,-1.0,RS41-SG,404.900,11.7,0,8,2.6,-1,-1
2024-07-09T00:47:35.000Z,V2850062,8015,45.74594,8.83007,32254.5,5.1,21.0,263.6,-39.4,0.5,-1.0,RS41-SG,404.900,11.1,0,8,2.6,-1,-1
2024-07-09T00:47:37.000Z,V2850062,8017,45.74587,8.82954,32264.4,5.2,20.5,257.6,-39.4,0.5,-1.0,RS41-SG,404.900,11.1,0,8,2.7,-1,-1
2024-07-09T00:47:38.000Z,V2850062,8018,45.74583,8.82930,32269.9,5.9,18.9,256.9,-39.3,0.5,-1.0,RS41-SG,404.900,11.1,0,8,2.7,-1,-1
2024-07-09T00:47:39.000Z,V2850062,8019,45.74580,8.82908,32276.1,6.4,16.4,258.5,-39.3,0.5,-1.0,RS41-SG,404.900,11.1,0,8,2.7,-1,-1
2024-07-09T00:47:40.000Z,V2850062,8020,45.74578,8.82888,32282.1,5.5,14.6,262.0,-39.3,0.5,-1.0,RS41-SG,404.900,11.1,0,8,2.6,-1,-1
2024-07-09T00:47:41.000Z,V2850062,8021,45.74576,8.82871,32287.3,4.2,13.7,265.8,-39.3,0.5,-1.0,RS41-SG,404.900,11.7,0,8,2.6,-1,-1
2024-07-09T00:47:42.000Z,V2850062,8022,45.74576,8.82853,32292.0,5.1,13.7,269.5,-39.3,0.5,-1.0,RS41-SG,404.900,11.7,0,8,2.6,-1,-1
2024-07-09T00:47:43.000Z,V2850062,8023,45.74576,8.82835,32297.6,6.6,15.2,270.3,-39.3,0.5,-1.0,RS41-SG,404.900,11.4,0,8,2.7,-1,-1
2024-07-09T00:47:44.000Z,V2850062,8024,45.74576,8.82814,32304.2,7.0,17.4,268.4,-39.3,0.5,-1.0,RS41-SG,404.900,11.1,0,8,2.7,-1,-1
2024-07-09T00:47:45.000Z,V2850062,8025,45.74575,8.82790,32310.4,4.9,19.4,266.7,-39.3,0.5,-1.0,RS41-SG,404.900,11.1,0,8,2.7,-1,-1
2024-07-09T00:47:46.000Z,V2850062,8026,45.74574,8.82765,32315.4,4.1,21.3,265.2,-39.3,0.5,-1.0,RS41-SG,404.900,11.1,0,8,2.6,-1,-1
2024-07-09T00:47:47.000Z,V2850062,8027,45.74572,8.82737,32320.2,5.4,22.3,264.7,-39.3,0.5,-1.0,RS41-SG,404.900,10.5,0,8,2.6,-1,-1
2024-07-09T00:47:48.000Z,V2850062,8028,45.74570,8.82709,32325.9,6.3,22.1,265.2,-39.3,0.5,-1.0,RS41-SG,404.900,10.4,0,8,2.6,-1,-1
2024-07-09T00:47:49.000Z,V2850062,8029,45.74569,8.82681,32332.2,6.5,21.0,266.1,-39.3,0.5,-1.0,RS41-SG,404.900,9.8,0,8,2.7,-1,-1
2024-07-09T00:47:51.000Z,V2850062,8031,45.74567,8.82631,32342.8,4.4,18.4,268.4,-39.3,0.5,-1.0,RS41-SG,404.900,11.0,0,8,2.7,-1,-1
2024-07-09T00:47:52.000Z,V2850062,8032,45.74567,8.82608,32347.5,4.8,17.5,268.5,-39.3,0.5,-1.0,RS41-SG,404.900,11.2,0,8,2.6,-1,-1
2024-07-09T00:47:53.000Z,V2850062,8033,45.74566,8.82586,32353.3,6.2,17.1,267.7,-39.3,0.5,-1.0,RS41-SG,404.900,11.2,0,8,2.6,-1,-1
2024-07-09T00:47:54.000Z,V2850062,8034,45.74566,8.82564,32359.3,5.8,17.2,266.3,-39.3,0.5,-1.0,RS41-SG,404.900,10.7,0,8,2.6,-1,-1
2024-07-09T00:47:56.000Z,V2850062,8036,45.74563,8.82520,32370.2,5.7,17.3,265.1,-39.3,0.5,-1.0,RS41-SG,404.900,9.6,0,8,2.7,-1,-1
2024-07-09T00:47:58.000Z,V2850062,8038,45.74561,8.82477,32382.4,6.0,16.5,268.9,-39.3,0.5,-1.0,RS41-SG,404.900,9.1,0,8,2.6,-1,-1
2024-07-09T00:47:59.000Z,V2850062,8039,45.74561,8.82456,32387.9,4.9,16.6,270.9,-39.3,0.5,-1.0,RS41-SG,404.900,9.7,0,8,2.6,-1,-1
2024-07-09T00:48:00.000Z,V2850062,8040,45.74562,8.82434,32392.9,5.3,17.3,271.3,-39.3,0.6,-1.0,RS41-SG,404.900,10.2,0,8,2.6,-1,-1
2024-07-09T00:48:01.000Z,V2850062,8041,45.74562,8.82411,32398.3,5.6,18.8,269.7,-39.3,0.5,-1.0,RS41-SG,404.900,11.0,0,8,2.7,-1,-1
2024-07-09T00:48:02.000Z,V2850062,8042,45.74562,8.82386,32404.2,6.0,20.4,268.2,-39.3,0.5,-1.0,RS41-SG,404.900,11.0,0,8,2.7,-1,-1
2024-07-09T00:48:04.000Z,V2850062,8044,45.74559,8.82332,32415.6,5.3,22.0,265.5,-39.4,0.5,-1.0,RS41-SG,404.900,10.2,0,8,2.6,-1,-1
2024-07-09T00:48:05.000Z,V2850062,8045,45.74558,8.82304,32421.4,6.1,21.3,266.5,-39.4,0.5,-1.0,RS41-SG,404.900,9.1,0,8,2.7,-1,-1
2024-07-09T00:48:07.000Z,V2850062,8047,45.74557,8.82254,32433.8,5.6,17.8,271.3,-39.4,0.5,-1.0,RS41-SG,404.900,10.4,0,8,2.6,-1,-1
2024-07-09T00:48:09.000Z,V2850062,8049,45.74559,8.82212,32443.1,4.5,14.9,276.0,-39.4,0.5,-1.0,RS41-SG,404.900,10.8,0,8,2.7,-1,-1
2024-07-09T00:48:12.000Z,V2850062,8052,45.74561,8.82153,32460.9,6.1,16.8,267.6,-39.4,0.5,-1.0,RS41-SG,404.900,11.3,0,8,2.6,-1,-1
2024-07-09T00:48:14.000Z,V2850062,8054,45.74558,8.82108,32470.9,4.5,18.5,262.9,-39.4,0.5,-1.0,RS41-SG,404.900,10.2,0,8,2.7,-1,-1
2024-07-09T00:48:15.000Z,V2850062,8055,45.74556,8.82085,32476.1,5.4,18.5,261.5,-39.4,0.5,-1.0,RS41-SG,404.900,10.2,0,8,2.6,-1,-1
2024-07-09T00:48:17.000Z,V2850062,8057,45.74552,8.82040,32488.3,6.0,16.6,264.4,-39.4,0.5,-1.0,RS41-SG,404.900,10.9,0,8,2.6,-1,-1
2024-07-09T00:48:18.000Z,V2850062,8058,45.74551,8.82019,32493.5,4.6,15.9,265.7,-39.4,0.5,-1.0,RS41-SG,404.900,10.4,0,8,2.7,-1,-1
2024-07-09T00:48:19.000Z,V2850062,8059,45.74550,8.81999,32498.0,4.7,15.5,268.6,-39.4,0.5,-1.0,RS41-SG,404.900,10.4,0,8,2.7,-1,-1
2024-07-09T00:48:20.000Z,V2850062,8060,45.74550,8.81979,32503.2,5.5,16.1,270.3,-39.3,0.5,-1.0,RS41-SG,404.900,10.4,0,8,2.7,-1,-1
2024-07-09T00:48:22.000Z,V2850062,8062,45.74550,8.81935,32514.6,5.3,18.5,270.7,-39.2,0.5,-1.0,RS41-SG,404.900,10.3,0,7,2.6,-1,-1
2024-07-09T00:48:23.000Z,V2850062,8063,45.74551,8.81910,32520.1,5.3,19.6,270.8,-39.2,0.5,-1.0,RS41-SG,404.900,10.6,0,8,2.6,-1,-1
2024-07-09T00:48:24.000Z,V2850062,8064,45.74551,8.81885,32525.2,5.2,19.7,271.7,-39.2,0.5,-1.0,RS41-SG,404.900,10.6,0,8,2.7,-1,-1
2024-07-09T00:48:25.000Z,V2850062,8065,45.74552,8.81861,32530.3,5.2,18.9,272.9,-39.1,0.5,-1.0,RS41-SG,404.900,10.1,0,8,2.7,-1,-1
2024-07-09T00:48:26.000Z,V2850062,8066,45.74553,8.81838,32535.8,5.6,17.4,273.1,-39.1,0.5,-1.0,RS41-SG,404.900,10.1,0,8,2.7,-1,-1
2024-07-09T00:48:27.000Z,V2850062,8067,45.74553,8.81817,32541.8,5.9,15.5,272.7,-39.0,0.5,-1.0,RS41-SG,404.900,9.6,0,8,2.6,-1,-1
2024-07-09T00:48:28.000Z,V2850062,8068,45.74554,8.81798,32547.2,4.9,13.9,269.7,-39.0,0.5,-1.0,RS41-SG,404.900,10.8,0,8,2.6,-1,-1
2024-07-09T00:48:29.000Z,V2850062,8069,45.74553,8.81781,32552.1,4.5,13.0,264.2,-39.0,0.5,-1.0,RS41-SG,404.900,10.8,0,8,2.6,-1,-1
2024-07-09T00:48:30.000Z,V2850062,8070,45.74551,8.81764,32557.0,5.1,13.4,258.4,-38.9,0.5,-1.0,RS41-SG,404.900,10.9,0,8,2.7,-1,-1
2024-07-09T00:48:32.000Z,V2850062,8072,45.74545,8.81727,32568.4,6.0,17.2,253.6,-38.9,0.5,-1.0,RS41-SG,404.900,10.2,0,8,2.7,-1,-1
2024-07-09T00:48:33.000Z,V2850062,8073,45.74540,8.81704,32574.2,4.9,18.6,255.7,-38.9,0.5,-1.0,RS41-SG,404.900,10.4,0,8,2.6,-1,-1
2024-07-09T00:48:34.000Z,V2850062,8074,45.74537,8.81681,32579.0,4.8,19.7,258.6,-38.8,0.5,-1.0,RS41-SG,404.900,10.5,0,8,2.6,-1,-1
2024-07-09T00:48:35.000Z,V2850062,8075,45.74534,8.81656,32584.0,5.2,19.5,263.7,-38.8,0.5,-1.0,RS41-SG,404.900,10.5,0,8,2.6,-1,-1
2024-07-09T00:48:36.000Z,V2850062,8076,45.74533,8.81632,32589.4,5.7,18.6,269.5,-38.7,0.5,-1.0,RS41-SG,404.900,9.0,0,8,2.7,-1,-1
2024-07-09T00:48:37.000Z,V2850062,8077,45.74534,8.81609,32595.1,6.1,17.2,276.0,-38.6,0.5,-1.0,RS41-SG,404.900,10.4,0,8,2.7,-1,-1
2024-07-09T00:48:38.000Z,V2850062,8078,45.74536,8.81588,32600.6,5.2,16.0,281.8,-38.6,0.5,-1.0,RS41-SG,404.900,10.4,0,8,2.7,-1,-1
2024-07-09T00:48:39.000Z,V2850062,8079,45.74539,8.81568,32605.3,3.7,15.2,284.5,-38.5,0.5,-1.0,RS41-SG,404.900,11.0,0,8,2.6,-1,-1
2024-07-09T00:48:40.000Z,V2850062,8080,45.74543,8.81550,32609.5,4.5,14.9,285.0,-38.5,0.5,-1.0,RS41-SG,404.900,11.0,0,8,2.6,-1,-1
2024-07-09T00:48:42.000Z,V2850062,8082,45.74547,8.81511,32621.5,6.9,16.7,272.5,-38.4,0.5,-1.0,RS41-SG,404.900,11.4,0,8,2.7,-1,-1
2024-07-09T00:48:43.000Z,V2850062,8083,45.74547,8.81489,32627.5,5.1,17.7,266.7,-38.3,0.5,-1.0,RS41-SG,404.900,9.9,0,8,2.7,-1,-1
2024-07-09T00:48:44.000Z,V2850062,8084,45.74545,8.81466,32632.6,4.4,18.8,261.3,-38.3,0.5,-1.0,RS41-SG,404.900,10.4,0,8,2.7,-1,-1
2024-07-09T00:48:45.000Z,V2850062,8085,45.74542,8.81442,32637.2,4.9,18.9,257.1,-38.2,0.5,-1.0,RS41-SG,404.900,10.4,0,8,2.6,-1,-1
2024-07-09T00:48:46.000Z,V2850062,8086,45.74538,8.81419,32642.4,5.5,18.1,253.8,-38.2,0.5,-1.0,RS41-SG,404.900,10.1,0,8,2.6,-1,-1
2024-07-09T00:48:47.000Z,V2850062,8087,45.74534,8.81398,32648.3,6.2,16.7,252.2,-38.2,0.5,-1.0,RS41-SG,404.900,10.1,0,8,2.6,-1,-1
2024-07-09T00:48:51.000Z,V2850062,8091,45.74521,8.81323,32668.8,5.1,15.3,264.2,-38.1,0.5,-1.0,RS41-SG,404.900,9.8,0,7,2.6,-1,-1
2024-07-09T00:48:53.000Z,V2850062,8093,45.74519,8.81280,32680.1,5.3,18.5,270.6,-38.0,0.5,-1.0,RS41-SG,404.900,9.6,0,8,2.6,-1,-1
2024-07-09T00:48:54.000Z,V2850062,8094,45.74520,8.81256,32684.9,4.6,19.7,271.5,-38.0,0.5,-1.0,RS41-SG,404.900,9.6,0,8,2.7,-1,-1
2024-07-09T00:48:55.000Z,V2850062,8095,45.74520,8.81230,32690.2,5.7,19.7,271.9,-38.0,0.5,-1.0,RS41-SG,404.900,9.6,0,8,2.7,-1,-1
2024-07-09T00:48:56.000Z,V2850062,8096,45.74521,8.81206,32696.3,6.6,18.5,271.2,-38.0,0.5,-1.0,RS41-SG,404.900,9.7,0,8,2.6,-1,-1
2024-07-09T00:48:57.000Z,V2850062,8097,45.74521,8.81184,32702.7,6.2,16.6,270.4,-38.0,0.5,-1.0,RS41-SG,404.900,10.5,0,8,2.6,-1,-1
2024-07-09T00:48:58.000Z,V2850062,8098,45.74521,8.81164,32708.2,4.6,14.8,268.6,-38.0,0.5,-1.0,RS41-SG,404.900,10.5,0,8,2.7,-1,-1
2024-07-09T00:49:00.000Z,V2850062,8100,45.74519,8.81129,32717.3,4.7,13.1,263.4,-38.0,0.5,-1.0,RS41-SG,404.900,9.8,0,8,2.6,-1,-1
2024-07-09T00:49:01.000Z,V2850062,8101,45.74518,8.81112,32722.4,5.3,13.5,263.6,-38.0,0.5,-1.0,RS41-SG,404.900,9.7,0,8,2.6,-1,-1
2024-07-09T00:49:02.000Z,V2850062,8102,45.74517,8.81094,32728.1,5.9,14.7,265.0,-38.0,0.5,-1.0,RS41-SG,404.900,10.5,0,8,2.7,-1,-1
2024-07-09T00:49:03.000Z,V2850062,8103,45.74516,8.81074,32733.6,5.6,16.0,268.5,-38.0,0.5,-1.0,RS41-SG,404.900,10.5,0,8,2.7,-1,-1
2024-07-09T00:49:04.000Z,V2850062,8104,45.74516,8.81053,32738.9,4.8,16.9,272.5,-37.9,0.5,-1.0,RS41-SG,404.900,9.7,0,8,2.6,-1,-1
2024-07-09T00:49:05.000Z,V2850062,8105,45.74518,8.81031,32743.9,4.6,17.5,277.0,-37.9,0.5,-1.0,RS41-SG,404.900,11.0,0,7,2.6,-1,-1
2024-07-09T00:49:06.000Z,V2850062,8106,45.74520,8.81010,32748.7,5.2,17.2,282.1,-37.9,0.5,-1.0,RS41-SG,404.900,11.0,0,8,2.7,-1,-1
2024-07-09T00:49:07.000Z,V2850062,8107,45.74524,8.80989,32754.1,5.7,16.3,284.8,-37.9,0.5,-1.0,RS41-SG,404.900,10.6,0,8,2.7,-1,-1
2024-07-09T00:49:08.000Z,V2850062,8108,45.74527,8.80970,32759.7,5.6,14.8,283.8,-37.9,0.5,-1.0,RS41-SG,404.900,10.3,0,8,2.6,-1,-1
2024-07-09T00:49:10.000Z,V2850062,8110,45.74531,8.80935,32771.3,5.7,12.8,268.9,-37.8,0.5,-1.0,RS41-SG,404.900,10.6,0,8,2.6,-1,-1
2024-07-09T00:49:11.000Z,V2850062,8111,45.74529,8.80919,32776.7,5.4,13.8,257.7,-37.9,0.5,-1.0,RS41-SG,404.900,10.6,0,8,2.7,-1,-1
2024-07-09T00:49:12.000Z,V2850062,8112,45.74526,8.80900,32781.9,5.0,15.9,250.7,-37.9,0.5,-1.0,RS41-SG,404.900,10.3,0,8,2.7,-1,-1
2024-07-09T00:49:14.000Z,V2850062,8114,45.74514,8.80857,32792.8,5.5,20.5,248.9,-37.8,0.4,-1.0,RS41-SG,404.900,10.2,0,8,2.6,-1,-1
2024-07-09T00:49:15.000Z,V2850062,8115,45.74508,8.80831,32798.3,5.5,21.7,252.3,-37.8,0.5,-1.0,RS41-SG,404.900,10.2,0,8,2.6,-1,-1
2024-07-09T00:49:17.000Z,V2850062,8117,45.74499,8.80778,32809.2,5.6,20.4,263.9,-37.7,0.5,-1.0,RS41-SG,404.900,8.9,0,8,2.7,-1,-1
2024-07-09T00:49:20.000Z,V2850062,8120,45.74501,8.80712,32823.3,4.0,14.1,278.7,-37.6,0.4,-1.0,RS41-SG,404.900,9.9,0,8,2.6,-1,-1
2024-07-09T00:49:21.000Z,V2850062,8121,45.74502,8.80695,32828.0,5.0,12.6,275.6,-37.6,0.5,-1.0,RS41-SG,404.900,9.7,0,8,2.6,-1,-1
2024-07-09T00:49:22.000Z,V2850062,8122,45.74503,8.80679,32833.7,6.1,12.4,265.4,-37.6,0.5,-1.0,RS41-SG,404.900,9.5,0,8,2.6,-1,-1
2024-07-09T00:49:26.000Z,V2850062,8126,45.74487,8.80607,32834.1,-17.4,15.4,250.9,-37.5,0.5,-1.0,RS41-SG,404.900,9.9,0,8,2.6,-1,-1
2024-07-09T00:49:30.000Z,V2850062,8130,45.74471,8.80517,32717.2,-27.1,27.8,261.6,-37.4,0.5,-1.0,RS41-SG,404.900,9.9,0,8,2.7,-1,-1
2024-07-09T00:49:32.000Z,V2850062,8132,45.74464,8.80443,32668.6,-20.9,28.7,264.4,-37.6,0.5,-1.0,RS41-SG,404.900,9.0,0,8,2.6,-1,-1
2024-07-09T00:49:36.000Z,V2850062,8136,45.74460,8.80328,32575.0,-28.0,15.5,271.5,-37.9,0.5,-1.0,RS41-SG,404.900,8.8,0,8,2.7,-1,-1
2024-07-09T00:49:37.000Z,V2850062,8137,45.74460,8.80310,32546.0,-30.7,13.1,271.6,-38.0,0.5,-1.0,RS41-SG,404.900,8.8,0,8,2.7,-1,-1
2024-07-09T00:49:38.000Z,V2850062,8138,45.74461,8.80295,32514.5,-33.0,11.5,274.1,-38.1,0.5,-1.0,RS41-SG,404.900,10.2,0,8,2.6,-1,-1
2024-07-09T00:49:39.000Z,V2850062,8139,45.74461,8.80281,32481.8,-32.4,9.8,272.6,-38.3,0.5,-1.0,RS41-SG,404.900,10.7,0,8,2.6,-1,-1
2024-07-09T00:49:40.000Z,V2850062,8140,45.74462,8.80269,32449.5,-32.8,9.0,271.6,-38.5,0.5,-1.0,RS41-SG,404.900,10.7,0,8,2.6,-1,-1
2024-07-09T00:49:41.000Z,V2850062,8141,45.74462,8.80257,32414.9,-36.3,10.2,274.8,-38.5,0.5,-1.0,RS41-SG,404.900,11.2,0,8,2.7,-1,-1
2024-07-09T00:49:42.000Z,V2850062,8142,45.74463,8.80243,32378.8,-36.3,11.7,271.1,-38.5,0.5,-1.0,RS41-SG,404.900,11.2,0,8,2.7,-1,-1
2024-07-09T00:49:44.000Z,V2850062,8144,45.74462,8.80207,32305.0,-38.8,16.1,265.8,-38.4,0.5,-1.0,RS41-SG,404.900,10.5,0,8,2.6,-1,-1
2024-07-09T00:49:45.000Z,V2850062,8145,45.74460,8.80185,32266.6,-39.1,18.5,264.9,-38.4,0.5,-1.0,RS41-SG,404.900,10.8,0,8,2.6,-1,-1
2024-07-09T00:49:46.000Z,V2850062,8146,45.74459,8.80160,32226.6,-40.6,20.0,265.4,-38.3,0.5,-1.0,RS41-SG,404.900,10.8,0,8,2.6,-1,-1
2024-07-09T00:49:47.000Z,V2850062,8147,45.74457,8.80134,32187.0,-39.2,21.2,262.8,-38.3,0.5,-1.0,RS41-SG,404.900,11.2,0,8,2.7,-1,-1
2024-07-09T00:49:48.000Z,V2850062,8148,45.74455,8.80107,32149.5,-35.8,21.4,264.2,-38.3,0.5,-1.0,RS41-SG,404.900,11.2,0,8,2.7,-1,-1
2024-07-09T00:49:50.000Z,V2850062,8150,45.74450,8.80054,32077.3,-37.6,20.0,264.3,-38.3,0.5,-1.0,RS41-SG,404.900,11.6,0,8,2.6,-1,-1
2024-07-09T00:49:51.000Z,V2850062,8151,45.74449,8.80030,32038.8,-40.0,18.4,263.0,-38.5,0.5,-1.0,RS41-SG,404.900,11.6,0,8,2.6,-1,-1
2024-07-09T00:49:52.000Z,V2850062,8152,45.74447,8.80007,31998.9,-40.6,17.4,265.3,-38.7,0.5,-1.0,RS41-SG,404.900,11.2,0,8,2.6,-1,-1
2024-07-09T00:49:53.000Z,V2850062,8153,45.74446,8.79986,31958.2,-42.0,15.6,267.7,-38.9,0.5,-1.0,RS41-SG,404.900,11.3,0,8,2.7,-1,-1
2024-07-09T00:49:54.000Z,V2850062,8154,45.74446,8.79966,31919.4,-36.0,14.6,268.4,-39.2,0.6,-1.0,RS41-SG,404.900,12.0,0,8,2.7,-1,-1
2024-07-09T00:49:55.000Z,V2850062,8155,45.74446,8.79948,31883.3,-36.3,13.4,269.2,-39.4,0.5,-1.0,RS41-SG,404.900,12.0,0,8,2.7,-1,-1
2024-07-09T00:49:56.000Z,V2850062,8156,45.74446,8.79931,31846.4,-38.2,13.6,273.5,-39.7,0.6,-1.0,RS41-SG,404.900,12.4,0,8,2.6,-1,-1
2024-07-09T00:49:57.000Z,V2850062,8157,45.74447,8.79913,31808.0,-40.4,13.8,273.1,-40.2,0.6,-1.0,RS41-SG,404.900,12.4,0,8,2.6,-1,-1
2024-07-09T00:49:58.000Z,V2850062,8158,45.74448,8.79895,31767.5,-42.0,14.6,273.3,-40.5,0.6,-1.0,RS41-SG,404.900,11.9,0,8,2.6,-1,-1
2024-07-09T00:49:59.000Z,V2850062,8159,45.74449,8.79876,31726.0,-41.1,15.7,278.5,-40.5,0.6,-1.0,RS41-SG,404.900,12.1,0,8,2.7,-1,-1
2024-07-09T00:50:00.000Z,V2850062,8160,45.74451,8.79855,31685.3,-40.7,16.4,277.7,-40.4,0.6,-1.0,RS41-SG,404.900,12.2,0,8,2.7,08:29:54,-1
2024-07-09T00:50:01.000Z,V2850062,8161,45.74454,8.79834,31645.4,-39.4,16.5,279.8,-40.4,0.6,-1.0,RS41-SG,404.900,12.2,0,8,2.7,08:29:54,-1
2024-07-09T00:50:02.000Z,V2850062,8162,45.74457,8.79813,31606.7,-39.0,17.6,281.5,-40.4,0.6,-1.0,RS41-SG,404.900,11.8,0,8,2.6,08:29:54,-1
2024-07-09T00:50:03.000Z,V2850062,8163,45.74460,8.79791,31569.1,-37.8,17.1,281.2,-40.5,0.6,-1.0,RS41-SG,404.900,13.1,0,8,2.6,08:29:54,-1
2024-07-09T00:50:04.000Z,V2850062,8164,45.74462,8.79771,31532.0,-37.6,16.1,276.5,-40.6,0.6,-1.0,RS41-SG,404.900,13.1,0,8,2.6,08:29:54,-1
2024-07-09T00:50:05.000Z,V2850062,8165,45.74463,8.79750,31495.5,-35.7,15.3,271.9,-40.7,0.6,-1.0,RS41-SG,404.900,13.0,0,8,2.7,08:29:54,-1
2024-07-09T00:50:06.000Z,V2850062,8166,45.74463,8.79731,31459.1,-36.4,15.0,268.4,-40.7,0.6,-1.0,RS41-SG,404.900,13.9,0,8,2.7,08:29:54,-1
2024-07-09T00:50:07.000Z,V2850062,8167,45.74462,8.79712,31422.0,-38.6,14.5,263.3,-40.6,0.5,-1.0,RS41-SG,404.900,13.9,0,8,2.7,08:29:54,-1
2024-07-09T00:50:08.000Z,V2850062,8168,45.74461,8.79694,31384.8,-36.1,14.2,259.9,-40.6,0.6,-1.0,RS41-SG,404.900,13.2,0,8,2.6,08:29:54,-1
2024-07-09T00:50:09.000Z,V2850062,8169,45.74458,8.79677,31347.9,-38.0,13.8,255.5,-40.5,0.6,-1.0,RS41-SG,404.900,13.2,0,9,2.6,08:29:54,-1
2024-07-09T00:50:10.000Z,V2850062,8170,45.74455,8.79659,31309.8,-38.2,13.8,256.2,-40.6,0.6,-1.0,RS41-SG,404.900,12.9,0,9,2.6,08:29:54,-1
2024-07-09T00:50:11.000Z,V2850062,8171,45.74452,8.79642,31273.6,-34.4,13.4,254.1,-40.6,0.6,-1.0,RS41-SG,404.900,12.9,0,9,2.7,08:29:54,-1
2024-07-09T00:50:12.000Z,V2850062,8172,45.74450,8.79626,31239.2,-34.5,13.4,257.9,-40.7,0.6,-1.0,RS41-SG,404.900,12.2,0,9,2.7,08:29:54,-1
2024-07-09T00:50:13.000Z,V2850062,8173,45.74448,8.79609,31204.3,-36.1,13.0,265.1,-40.7,0.6,-1.0,RS41-SG,404.900,12.5,0,9,2.7,08:29:54,-1
2024-07-09T00:50:14.000Z,V2850062,8174,45.74447,8.79592,31168.8,-35.3,13.8,265.9,-40.7,0.6,-1.0,RS41-SG,404.900,12.8,0,9,2.6,08:29:54,-1
2024-07-09T00:50:15.000Z,V2850062,8175,45.74447,8.79574,31132.8,-36.9,14.6,273.2,-40.7,0.6,-1.0,RS41-SG,404.900,12.8,0,9,2.6,08:29:54,-1
2024-07-09T00:50:16.000Z,V2850062,8176,45.74449,8.79555,31096.4,-35.7,14.4,278.5,-40.8,0.6,-1.0,RS41-SG,404.900,13.5,0,9,2.6,08:29:54,-1
2024-07-09T00:50:17.000Z,V2850062,8177,45.74450,8.79537,31059.4,-38.8,14.6,277.0,-41.0,0.6,-1.0,RS41-SG,404.900,13.5,0,9,2.7,08:29:54,-1
2024-07-09T00:50:18.000Z,V2850062,8178,45.74452,8.79518,31020.5,-39.6,15.1,278.3,-41.2,0.6,-1.0,RS41-SG,404.900,12.9,0,9,2.7,08:29:54,-1
2024-07-09T00:50:19.000Z,V2850062,8179,45.74454,8.79500,30981.9,-37.8,14.4,279.5,-41.3,0.6,-1.0,RS41-SG,404.900,13.1,0,9,2.7,08:29:54,-1
2024-07-09T00:50:20.000Z,V2850062,8180,45.74456,8.79482,30944.6,-37.8,13.6,277.1,-41.5,0.6,-1.0,RS41-SG,404.900,13.2,0,9,2.6,08:29:54,-1
2024-07-09T00:50:21.000Z,V2850062,8181,45.74457,8.79465,30906.7,-38.2,13.5,274.7,-41.7,0.6,-1.0,RS41-SG,404.900,13.5,0,9,2.6,08:29:54,-1
2024-07-09T00:50:22.000Z,V2850062,8182,45.74459,8.79448,30869.3,-37.5,12.5,277.4,-41.9,0.6,-1.0,RS41-SG,404.900,13.5,0,9,2.6,08:29:54,-1
2024-07-09T00:50:23.000Z,V2850062,8183,45.74460,8.79432,30831.0,-39.6,13.2,275.5,-41.9,0.6,-1.0,RS41-SG,404.900,13.3,0,9,2.7,08:29:54,-1
2024-07-09T00:50:24.000Z,V2850062,8184,45.74461,8.79416,30792.6,-37.6,12.4,275.4,-42.0,0.6,-1.0,RS41-SG,404.900,13.6,0,9,2.7,08:29:54,-1
2024-07-09T00:50:25.000Z,V2850062,8185,45.74463,8.79400,30755.3,-36.2,12.6,283.8,-42.1,0.6,-1.0,RS41-SG,404.900,13.6,0,9,2.7,08:29:54,-1
2024-07-09T00:50:26.000Z,V2850062,8186,45.74466,8.79384,30720.4,-34.7,13.5,285.6,-42.2,0.6,-1.0,RS41-SG,404.900,13.3,0,9,2.6,08:29:54,-1
2024-07-09T00:50:27.000Z,V2850062,8187,45.74470,8.79367,30685.9,-35.2,14.4,289.0,-42.3,0.6,-1.0,RS41-SG,404.900,13.3,0,9,2.6,08:29:54,-1
2024-07-09T00:50:28.000Z,V2850062,8188,45.74475,8.79349,30650.7,-35.6,15.8,296.0,-42.4,0.6,-1.0,RS41-SG,404.900,14.1,0,9,2.6,08:29:54,-1
2024-07-09T00:50:29.000Z,V2850062,8189,45.74481,8.79331,30615.0,-35.5,15.9,295.1,-42.6,0.6,-1.0,RS41-SG,404.900,14.1,0,9,2.7,08:29:54,-1
2024-07-09T00:50:30.000Z,V2850062,8190,45.74488,8.79312,30579.4,-35.9,18.0,301.1,-42.6,0.6,-1.0,RS41-SG,404.900,13.7,0,9,2.7,08:29:54,-1
2024-07-09T00:50:31.000Z,V2850062,8191,45.74497,8.79292,30544.4,-35.8,17.8,299.4,-42.6,0.6,-1.0,RS41-SG,404.900,13.8,0,9,2.7,08:29:54,-1
2024-07-09T00:50:32.000Z,V2850062,8192,45.74504,8.79272,30509.4,-34.9,18.0,298.0,-42.7,0.6,-1.0,RS41-SG,404.900,14.3,0,9,2.6,08:29:54,-1
2024-07-09T00:50:33.000Z,V2850062,8193,45.74512,8.79252,30476.1,-33.2,17.3,295.9,-42.9,0.7,-1.0,RS41-SG,404.900,14.3,0,9,2.6,08:29:54,-1
2024-07-09T00:50:34.000Z,V2850062,8194,45.74518,8.79232,30442.9,-34.1,16.8,292.2,-43.1,0.7,-1.0,RS41-SG,404.900,14.9,0,9,2.6,08:29:54,-1
2024-07-09T00:50:35.000Z,V2850062,8195,45.74523,8.79212,30408.6,-35.7,16.3,289.3,-43.3,0.7,-1.0,RS41-SG,404.900,14.9,0,9,2.7,08:29:54,-1
2024-07-09T00:50:36.000Z,V2850062,8196,45.74527,8.79193,30373.4,-35.5,15.3,283.5,-43.5,0.7,-1.0,RS41-SG,404.900,14.3,0,9,2.7,08:29:54,-1
2024-07-09T00:50:37.000Z,V2850062,8197,45.74530,8.79174,30338.4,-34.6,14.6,281.3,-43.6,0.7,-1.0,RS41-SG,404.900,13.8,0,9,2.7,08:29:54,-1
2024-07-09T00:50:38.000Z,V2850062,8198,45.74532,8.79156,30303.4,-36.1,14.5,278.4,-43.7,0.7,-1.0,RS41-SG,404.900,13.7,0,9,2.6,08:29:54,-1
2024-07-09T00:50:39.000Z,V2850062,8199,45.74535,8.79138,30267.5,-36.2,14.6,281.4,-43.7,0.6,-1.0,RS41-SG,404.900,13.2,0,9,2.6,08:29:54,-1
2024-07-09T00:50:40.000Z,V2850062,8200,45.74538,8.79120,30230.3,-37.7,14.4,285.7,-43.7,0.7,-1.0,RS41-SG,404.900,14.3,0,9,2.6,08:29:54,-1
2024-07-09T00:50:41.000Z,V2850062,8201,45.74541,8.79102,30194.1,-35.4,14.7,283.6,-43.7,0.7,-1.0,RS41-SG,404.900,14.3,0,9,2.7,08:29:54,-1
2024-07-09T00:50:42.000Z,V2850062,8202,45.74545,8.79083,30160.7,-32.8,15.8,288.9,-43.8,0.7,-1.0,RS41-SG,404.900,14.2,0,9,2.7,08:29:54,-1
2024-07-09T00:50:43.000Z,V2850062,8203,45.74550,8.79063,30127.5,-34.5,16.5,291.1,-44.0,0.7,-1.0,RS41-SG,404.900,14.2,0,9,2.7,08:29:54,-1
2024-07-09T00:50:44.000Z,V2850062,8204,45.74556,8.79044,30094.6,-31.8,17.0,292.7,-44.0,0.7,-1.0,RS41-SG,404.900,13.7,0,9,2.6,08:29:54,-1
2024-07-09T00:50:45.000Z,V2850062,8205,45.74561,8.79024,30062.6,-33.0,16.7,291.2,-44.0,0.7,-1.0,RS41-SG,404.900,13.7,0,9,2.6,08:29:54,-1
2024-07-09T00:50:46.000Z,V2850062,8206,45.74566,8.79004,30030.2,-32.6,16.4,288.5,-43.9,0.7,-1.0,RS41-SG,404.900,13.6,0,9,2.6,08:29:54,-1
2024-07-09T00:50:47.000Z,V2850062,8207,45.74570,8.78984,29998.5,-32.0,16.0,282.8,-43.9,0.7,-1.0,RS41-SG,404.900,13.6,0,9,2.7,08:29:54,-1
2024-07-09T00:50:48.000Z,V2850062,8208,45.74573,8.78964,29966.7,-31.6,16.0,281.9,-43.9,0.7,-1.0,RS41-SG,404.900,13.6,0,9,2.7,08:29:54,-1
2024-07-09T00:50:49.000Z,V2850062,8209,45.74576,8.78944,29935.0,-33.0,15.9,277.6,-43.9,0.7,-1.0,RS41-SG,404.900,13.4,0,9,2.7,08:29:54,-1
2024-07-09T00:50:50.000Z,V2850062,8210,45.74577,8.78923,29902.7,-33.4,16.6,271.5,-43.9,0.7,-1.0,RS41-SG,404.900,14.9,0,9,2.6,08:29:54,-1
2024-07-09T00:50:51.000Z,V2850062,8211,45.74577,8.78902,29870.5,-32.6,17.5,268.7,-43.9,0.7,-1.0,RS41-SG,404.900,14.9,0,9,2.6,08:29:03,-1
2024-07-09T00:50:52.000Z,V2850062,8212,45.74577,8.78880,29838.0,-33.6,17.6,267.3,-43.8,0.7,-1.0,RS41-SG,404.900,14.3,0,9,2.6,08:29:03,-1
2024-07-09T00:50:53.000Z,V2850062,8213,45.74576,8.78857,29805.7,-32.5,17.9,268.8,-43.7,0.7,-1.0,RS41-SG,404.900,13.6,0,9,2.7,08:29:03,-1
2024-07-09T00:50:55.000Z,V2850062,8215,45.74575,8.78812,29744.5,-31.8,18.2,264.5,-43.5,0.6,-1.0,RS41-SG,404.900,13.2,0,9,2.7,08:29:03,-1
2024-07-09T00:50:56.000Z,V2850062,8216,45.74573,8.78788,29713.0,-31.6,18.4,263.9,-43.5,0.6,-1.0,RS41-SG,404.900,13.2,0,9,2.6,08:29:03,-1
2024-07-09T00:50:57.000Z,V2850062,8217,45.74572,8.78765,29682.0,-31.9,18.6,266.4,-43.4,0.6,-1.0,RS41-SG,404.900,13.2,0,9,2.6,08:29:03,-1
2024-07-09T00:50:58.000Z,V2850062,8218,45.74570,8.78742,29649.8,-33.3,18.0,264.1,-43.3,0.6,-1.0,RS41-SG,404.900,13.4,0,9,2.6,08:29:03,-1
2024-07-09T00:50:59.000Z,V2850062,8219,45.74569,8.78719,29616.7,-34.0,17.5,264.1,-43.2,0.7,-1.0,RS41-SG,404.900,13.4,0,9,2.7,08:29:03,-1
2024-07-09T00:51:00.000Z,V2850062,8220,45.74567,8.78698,29584.7,-31.3,16.9,261.3,-43.3,0.6,-1.0,RS41-SG,404.900,13.4,0,9,2.7,08:29:03,-1
2024-07-09T00:51:01.000Z,V2850062,8221,45.74565,8.78676,29554.5,-29.8,16.7,263.7,-43.3,0.6,-1.0,RS41-SG,404.900,13.8,0,9,2.7,08:29:03,-1
2024-07-09T00:51:02.000Z,V2850062,8222,45.74563,8.78656,29524.2,-32.0,15.9,262.0,-43.4,0.6,-1.0,RS41-SG,404.900,13.8,0,9,2.6,08:29:03,-1
2024-07-09T00:51:03.000Z,V2850062,8223,45.74561,8.78636,29493.4,-31.0,15.6,260.1,-43.5,0.6,-1.0,RS41-SG,404.900,13.0,0,9,2.6,08:29:03,-1
2024-07-09T00:51:05.000Z,V2850062,8225,45.74557,8.78599,29430.5,-31.5,13.9,262.0,-43.8,0.7,-1.0,RS41-SG,404.900,12.5,0,9,2.7,08:29:03,-1
2024-07-09T00:51:07.000Z,V2850062,8227,45.74555,8.78565,29368.0,-31.1,12.8,266.5,-43.9,0.6,-1.0,RS41-SG,404.900,12.8,0,9,2.7,08:29:03,-1
2024-07-09T00:51:09.000Z,V2850062,8229,45.74555,8.78531,29308.9,-29.3,14.0,271.9,-43.8,0.7,-1.0,RS41-SG,404.900,13.8,0,9,2.6,08:29:03,-1
2024-07-09T00:51:10.000Z,V2850062,8230,45.74556,8.78513,29280.3,-28.6,14.4,278.4,-43.7,0.7,-1.0,RS41-SG,404.900,12.6,0,9,2.6,08:29:03,-1
2024-07-09T00:51:11.000Z,V2850062,8231,45.74558,8.78495,29252.0,-28.0,15.3,278.7,-43.6,0.7,-1.0,RS41-SG,404.900,13.3,0,9,2.7,08:29:03,-1
2024-07-09T00:51:12.000Z,V2850062,8232,45.74561,8.78475,29223.5,-30.2,15.9,282.1,-43.6,0.6,-1.0,RS41-SG,404.900,13.3,0,9,2.7,08:29:03,-1
2024-07-09T00:51:13.000Z,V2850062,8233,45.74564,8.78455,29192.9,-32.2,16.6,280.8,-43.7,0.6,-1.0,RS41-SG,404.900,12.0,0,9,2.7,08:29:03,-1
2024-07-09T00:51:15.000Z,V2850062,8235,45.74572,8.78412,29131.4,-31.3,18.5,284.6,-43.8,0.7,-1.0,RS41-SG,404.900,12.7,0,9,2.6,08:29:03,-1
2024-07-09T00:51:16.000Z,V2850062,8236,45.74577,8.78389,29100.5,-32.4,18.8,284.9,-43.8,0.7,-1.0,RS41-SG,404.900,12.9,0,9,2.6,08:29:03,-1
2024-07-09T00:51:17.000Z,V2850062,8237,45.74581,8.78366,29068.3,-32.3,18.7,284.6,-43.7,0.7,-1.0,RS41-SG,404.900,12.9,0,9,2.7,08:29:03,-1
2024-07-09T00:51:19.000Z,V2850062,8239,45.74589,8.78318,29005.5,-30.6,19.8,282.8,-43.6,0.6,-1.0,RS41-SG,404.900,13.1,0,9,2.7,08:29:03,-1
2024-07-09T00:51:20.000Z,V2850062,8240,45.74593,8.78293,28975.9,-29.5,20.1,283.6,-43.6,0.6,-1.0,RS41-SG,404.900,13.1,0,9,2.6,08:29:03,-1
2024-07-09T00:51:21.000Z,V2850062,8241,45.74597,8.78268,28947.3,-29.2,20.4,281.7,-43.6,0.6,-1.0,RS41-SG,404.900,12.4,0,9,2.6,08:29:03,-1
2024-07-09T00:51:22.000Z,V2850062,8242,45.74600,8.78243,28919.2,-28.3,20.5,279.2,-43.6,0.6,-1.0,RS41-SG,404.900,12.4,0,9,2.6,08:29:03,-1
2024-07-09T00:51:23.000Z,V2850062,8243,45.74602,8.78217,28891.0,-28.9,20.5,276.1,-43.6,0.6,-1.0,RS41-SG,404.900,12.2,0,9,2.7,08:29:03,-1
2024-07-09T00:51:24.000Z,V2850062,8244,45.74604,8.78191,28862.4,-29.3,20.5,273.7,-43.5,0.6,-1.0,RS41-SG,404.900,12.1,0,9,2.7,08:29:03,-1
2024-07-09T00:51:25.000Z,V2850062,8245,45.74605,8.78165,28833.7,-28.5,20.8,272.4,-43.4,0.6,-1.0,RS41-SG,404.900,13.0,0,9,2.7,08:29:03,-1
2024-07-09T00:51:27.000Z,V2850062,8247,45.74606,8.78112,28774.9,-30.3,21.0,270.1,-43.4,0.6,-1.0,RS41-SG,404.900,12.1,0,9,2.6,08:29:03,-1
2024-07-09T00:51:28.000Z,V2850062,8248,45.74606,8.78085,28745.4,-29.6,20.8,269.9,-43.4,0.6,-1.0,RS41-SG,404.900,13.0,0,9,2.6,08:29:03,-1
2024-07-09T00:51:29.000Z,V2850062,8249,45.74605,8.78059,28716.9,-28.1,21.1,265.6,-43.5,0.6,-1.0,RS41-SG,404.900,13.0,0,9,2.7,08:29:03,-1
2024-07-09T00:51:30.000Z,V2850062,8250,45.74604,8.78032,28687.9,-30.3,20.9,266.1,-43.5,0.6,-1.0,RS41-SG,404.900,11.9,0,9,2.7,08:29:03,-1
2024-07-09T00:51:31.000Z,V2850062,8251,45.74602,8.78006,28658.2,-30.5,20.9,266.2,-43.6,0.6,-1.0,RS41-SG,404.900,12.8,0,9,2.7,08:29:03,-1
2024-07-09T00:51:32.000Z,V2850062,8252,45.74601,8.77979,28627.8,-31.7,20.7,265.7,-43.5,0.6,-1.0,RS41-SG,404.900,12.8,0,9,2.6,08:29:03,-1
2024-07-09T00:51:33.000Z,V2850062,8253,45.74600,8.77953,28596.5,-32.3,20.4,267.8,-43.4,0.6,-1.0,RS41-SG,404.900,11.4,0,9,2.6,08:29:03,-1
2024-07-09T00:51:34.000Z,V2850062,8254,45.74600,8.77928,28565.1,-31.7,20.2,266.9,-43.4,0.6,-1.0,RS41-SG,404.900,12.4,0,9,2.6,08:29:03,-1
2024-07-09T00:51:35.000Z,V2850062,8255,45.74599,8.77902,28534.4,-29.8,20.0,267.4,-43.4,0.6,-1.0,RS41-SG,404.900,12.4,0,9,2.7,08:29:03,-1
2024-07-09T00:51:37.000Z,V2850062,8257,45.74597,8.77851,28475.0,-30.4,19.9,267.6,-43.5,0.7,-1.0,RS41-SG,404.900,12.7,0,9,2.7,08:29:03,-1
2024-07-09T00:51:38.000Z,V2850062,8258,45.74596,8.77826,28444.1,-32.1,19.8,265.3,-43.5,0.6,-1.0,RS41-SG,404.900,12.7,0,9,2.6,08:29:03,-1
2024-07-09T00:51:39.000Z,V2850062,8259,45.74595,8.77800,28413.4,-29.2,19.9,268.2,-43.6,0.6,-1.0,RS41-SG,404.900,12.6,0,9,2.6,08:29:03,-1
2024-07-09T00:51:40.000Z,V2850062,8260,45.74593,8.77775,28384.7,-29.0,20.3,263.1,-43.6,0.6,-1.0,RS41-SG,404.900,12.6,0,9,2.6,08:29:03,-1
2024-07-09T00:51:41.000Z,V2850062,8261,45.74591,8.77749,28357.2,-27.9,20.2,262.6,-43.7,0.7,-1.0,RS41-SG,404.900,12.1,0,9,2.7,08:29:03,-1
2024-07-09T00:51:42.000Z,V2850062,8262,45.74589,8.77724,28329.6,-27.6,20.7,262.5,-43.6,0.6,-1.0,RS41-SG,404.900,12.1,0,9,2.7,08:28:12,-1
2024-07-09T00:51:43.000Z,V2850062,8263,45.74586,8.77698,28303.0,-27.0,21.0,260.3,-43.5,0.6,-1.0,RS41-SG,404.900,12.1,0,9,2.7,08:28:12,-1
2024-07-09T00:51:44.000Z,V2850062,8264,45.74583,8.77671,28276.2,-28.0,21.0,260.2,-43.4,0.6,-1.0,RS41-SG,404.900,12.5,0,9,2.6,08:28:12,-1
2024-07-09T00:51:45.000Z,V2850062,8265,45.74579,8.77644,28248.4,-28.7,21.3,257.8,-43.3,0.6,-1.0,RS41-SG,404.900,12.5,0,9,2.6,08:28:12,-1
2024-07-09T00:51:46.000Z,V2850062,8266,45.74576,8.77618,28219.8,-29.5,21.0,259.1,-43.2,0.6,-1.0,RS41-SG,404.900,11.5,0,9,2.6,08:28:12,-1
2024-07-09T00:51:47.000Z,V2850062,8267,45.74572,8.77591,28190.9,-28.8,21.1,257.4,-43.2,0.6,-1.0,RS41-SG,404.900,12.7,0,9,2.7,08:28:12,-1
2024-07-09T00:51:48.000Z,V2850062,8268,45.74568,8.77565,28162.8,-28.8,20.8,257.7,-43.2,0.6,-1.0,RS41-SG,404.900,12.7,0,9,2.7,08:28:12,-1
2024-07-09T00:51:49.000Z,V2850062,8269,45.74564,8.77540,28134.1,-29.4,20.4,257.7,-43.3,0.6,-1.0,RS41-SG,404.900,11.6,0,9,2.7,08:28:12,-1
2024-07-09T00:51:50.000Z,V2850062,8270,45.74560,8.77515,28105.5,-28.7,20.4,254.3,-43.3,0.6,-1.0,RS41-SG,404.900,12.4,0,9,2.6,08:28:12,-1
2024-07-09T00:51:51.000Z,V2850062,8271,45.74556,8.77491,28077.6,-29.3,18.8,255.9,-43.3,0.6,-1.0,RS41-SG,404.900,12.4,0,9,2.6,08:28:12,-1
2024-07-09T00:51:52.000Z,V2850062,8272,45.74552,8.77468,28049.4,-28.4,18.0,255.8,-43.2,0.6,-1.0,RS41-SG,404.900,11.3,0,9,2.6,08:28:12,-1
2024-07-09T00:51:53.000Z,V2850062,8273,45.74548,8.77446,28022.0,-27.0,16.9,253.5,-43.2,0.6,-1.0,RS41-SG,404.900,11.3,0,9,2.7,08:28:12,-1
2024-07-09T00:51:55.000Z,V2850062,8275,45.74540,8.77409,27969.7,-27.1,14.5,251.6,-43.4,0.6,-1.0,RS41-SG,404.900,11.1,0,9,2.7,08:28:12,-1
2024-07-09T00:51:56.000Z,V2850062,8276,45.74536,8.77392,27943.0,-27.8,13.7,251.0,-43.4,0.6,-1.0,RS41-SG,404.900,10.1,0,9,2.6,08:28:12,-1
2024-07-09T00:51:57.000Z,V2850062,8277,45.74533,8.77376,27915.6,-28.4,13.0,256.8,-43.5,0.6,-1.0,RS41-SG,404.900,10.2,0,9,2.6,08:28:12,-1
2024-07-09T00:51:58.000Z,V2850062,8278,45.74531,8.77360,27888.3,-27.9,12.5,259.0,-43.7,0.6,-1.0,RS41-SG,404.900,10.4,0,9,2.6,08:28:12,-1
2024-07-09T00:51:59.000Z,V2850062,8279,45.74529,8.77345,27859.9,-29.6,12.1,259.7,-43.9,0.7,-1.0,RS41-SG,404.900,10.5,0,9,2.7,08:28:12,-1
2024-07-09T00:52:00.000Z,V2850062,8280,45.74528,8.77329,27832.2,-27.0,12.3,266.2,-44.2,0.7,-1.0,RS41-SG,404.900,10.6,0,9,2.7,08:28:12,-1
2024-07-09T00:52:01.000Z,V2850062,8281,45.74527,8.77313,27804.8,-28.5,13.2,267.2,-44.4,0.7,-1.0,RS41-SG,404.900,10.6,0,9,2.7,08:28:12,-1
2024-07-09T00:52:03.000Z,V2850062,8283,45.74528,8.77278,27745.8,-30.1,14.2,277.1,-44.6,0.7,-1.0,RS41-SG,404.900,9.1,0,9,2.6,08:28:12,-1
2024-07-09T00:52:04.000Z,V2850062,8284,45.74529,8.77259,27716.9,-29.5,15.5,271.5,-44.7,0.7,-1.0,RS41-SG,404.900,10.0,0,9,2.6,08:28:12,-1
2024-07-09T00:52:05.000Z,V2850062,8285,45.74530,8.77239,27688.6,-28.7,16.4,274.2,-44.7,0.7,-1.0,RS41-SG,404.900,10.0,0,9,2.7,08:28:12,-1
2024-07-09T00:52:07.000Z,V2850062,8287,45.74530,8.77197,27630.6,-29.8,16.2,266.6,-44.8,0.7,-1.0,RS41-SG,404.900,9.0,0,9,2.7,08:28:12,-1
2024-07-09T00:52:08.000Z,V2850062,8288,45.74529,8.77177,27602.7,-28.0,16.1,261.6,-44.7,0.7,-1.0,RS41-SG,404.900,8.8,0,9,2.6,08:28:12,-1
2024-07-09T00:52:09.000Z,V2850062,8289,45.74527,8.77157,27574.7,-28.6,16.0,258.7,-44.8,0.7,-1.0,RS41-SG,404.900,8.8,0,9,2.6,08:28:12,-1
2024-07-09T00:52:10.000Z,V2850062,8290,45.74523,8.77137,27546.8,-27.8,16.2,256.7,-44.8,0.7,-1.0,RS41-SG,404.900,9.7,0,9,2.6,08:28:12,-1
2024-07-09T00:52:13.000Z,V2850062,8293,45.74511,8.77077,27464.8,-25.4,16.8,251.3,-45.0,0.7,-1.0,RS41-SG,404.900,9.2,0,9,2.7,08:28:12,-1
2024-07-09T00:52:15.000Z,V2850062,8295,45.74502,8.77035,27411.3,-27.5,18.2,251.5,-45.0,0.7,-1.0,RS41-SG,404.900,8.8,0,9,2.6,08:28:12,-1
2024-07-09T00:52:17.000Z,V2850062,8297,45.74492,8.76990,27356.6,-28.2,18.6,251.2,-45.1,0.7,-1.0,RS41-SG,404.900,8.6,0,9,2.7,08:28:12,-1
2024-07-09T00:52:19.000Z,V2850062,8299,45.74481,8.76945,27303.4,-25.8,18.4,250.4,-45.2,0.7,-1.0,RS41-SG,404.900,8.7,0,9,2.7,08:28:12,-1
2024-07-09T00:52:20.000Z,V2850062,8300,45.74475,8.76924,27278.0,-26.2,17.6,250.8,-45.3,0.7,-1.0,RS41-SG,404.900,8.7,0,9,2.6,08:28:12,-1
2024-07-09T00:52:21.000Z,V2850062,8301,45.74470,8.76903,27251.6,-26.5,17.2,251.4,-45.4,0.7,-1.0,RS41-SG,404.900,8.7,0,9,2.6,08:28:12,-1
2024-07-09T00:52:23.000Z,V2850062,8303,45.74462,8.76864,27200.8,-25.0,15.0,256.9,-45.7,0.8,-1.0,RS41-SG,404.900,8.6,0,9,2.7,08:28:12,-1
2024-07-09T00:52:24.000Z,V2850062,8304,45.74460,8.76846,27175.2,-26.7,14.3,262.8,-45.9,0.7,-1.0,RS41-SG,404.900,8.9,0,9,2.7,08:28:12,-1
2024-07-09T00:52:25.000Z,V2850062,8305,45.74459,8.76828,27148.3,-28.4,13.9,265.9,-45.9,0.8,-1.0,RS41-SG,404.900,9.7,0,9,2.7,08:28:12,-1
2024-07-09T00:52:26.000Z,V2850062,8306,45.74458,8.76810,27120.8,-27.4,14.3,267.9,-45.9,0.8,-1.0,RS41-SG,404.900,9.7,0,9,2.6,08:28:12,-1
2024-07-09T00:52:28.000Z,V2850062,8308,45.74459,8.76773,27066.2,-27.9,14.2,273.5,-46.1,0.7,-1.0,RS41-SG,404.900,9.1,0,9,2.6,08:28:12,-1
2024-07-09T00:52:29.000Z,V2850062,8309,45.74459,8.76755,27039.7,-25.0,14.6,271.6,-46.1,0.8,-1.0,RS41-SG,404.900,9.6,0,8,2.7,08:28:12,-1
2024-07-09T00:52:30.000Z,V2850062,8310,45.74459,8.76736,27014.5,-26.0,14.7,268.1,-46.1,0.7,-1.0,RS41-SG,404.900,9.6,0,9,2.7,08:28:12,-1
2024-07-09T00:52:34.000Z,V2850062,8314,45.74453,8.76664,26910.7,-26.9,13.6,259.1,-46.5,0.8,-1.0,RS41-SG,404.900,8.9,0,9,2.6,08:28:12,-1
2024-07-09T00:52:35.000Z,V2850062,8315,45.74450,8.76647,26884.2,-26.7,13.8,255.8,-46.7,0.8,-1.0,RS41-SG,404.900,8.9,0,9,2.7,08:28:12,-1
2024-07-09T00:52:44.000Z,V2850062,8324,45.74436,8.76508,26645.2,-26.2,11.6,278.6,-47.8,0.8,-1.0,RS41-SG,404.900,9.0,0,9,2.6,08:28:12,-1
2024-07-09T00:52:45.000Z,V2850062,8325,45.74438,8.76493,26619.5,-26.4,12.0,280.3,-47.8,0.8,-1.0,RS41-SG,404.900,9.4,0,9,2.6,08:28:12,-1
2024-07-09T00:52:46.000Z,V2850062,8326,45.74440,8.76477,26594.5,-24.0,12.7,281.4,-48.0,0.9,-1.0,RS41-SG,404.900,9.4,0,9,2.6,08:28:12,-1
2024-07-09T00:52:47.000Z,V2850062,8327,45.74442,8.76461,26570.3,-25.2,12.4,278.7,-48.2,0.9,-1.0,RS41-SG,404.900,8.5,0,9,2.7,08:28:12,-1
2024-07-09T00:52:53.000Z,V2850062,8333,45.74441,8.76370,26409.1,-26.3,9.7,260.0,-48.6,0.9,-1.0,RS41-SG,404.900,9.0,0,9,2.7,08:28:12,-1
2024-07-09T00:52:55.000Z,V2850062,8335,45.74438,8.76348,26356.4,-27.4,8.1,267.2,-49.0,0.9,-1.0,RS41-SG,404.900,8.9,0,9,2.7,08:28:12,-1
2024-07-09T00:52:56.000Z,V2850062,8336,45.74438,8.76338,26328.7,-29.0,7.0,272.0,-49.1,0.9,-1.0,RS41-SG,404.900,8.9,0,9,2.6,08:28:12,-1
2024-07-09T00:52:57.000Z,V2850062,8337,45.74439,8.76330,26300.9,-27.9,6.3,279.9,-49.0,0.9,-1.0,RS41-SG,404.900,7.9,0,9,2.6,08:28:12,-1
2024-07-09T00:52:58.000Z,V2850062,8338,45.74440,8.76322,26274.3,-26.2,6.8,290.6,-49.0,0.9,-1.0,RS41-SG,404.900,8.5,0,9,2.6,08:28:12,-1
2024-07-09T00:53:00.000Z,V2850062,8340,45.74446,8.76305,26222.2,-24.8,7.8,297.8,-48.8,0.9,-1.0,RS41-SG,404.900,7.9,0,9,2.7,08:28:12,-1
