timestamp,serial,frame,lat,lon,alt,vel_v,vel_h,heading,temp,humidity,pressure,type,freq_mhz,snr,f_error_hz,sats,batt_v,burst_timer,aux_data
2025-12-02T00:13:24.000Z,V3440740,5812,46.82446,7.28820,23685.9,5.4,16.5,97.6,-273.0,-1.0,-1.0,RS41,403.500,6.1,250,10,2.6,-1,-1
2025-12-02T00:14:05.000Z,V3440740,5853,46.82464,7.29791,23890.8,4.5,19.0,80.0,-273.0,-1.0,-1.0,RS41,403.500,6.6,250,10,2.5,-1,-1
2025-12-02T00:14:11.000Z,V3440740,5859,46.82471,7.29934,23920.6,5.5,18.7,87.2,-273.0,-1.0,-1.0,RS41,403.500,7.1,250,10,2.5,-1,-1
2025-12-02T00:14:18.000Z,V3440740,5866,46.82485,7.30123,23956.0,4.8,22.6,78.0,-273.0,-1.0,-1.0,RS41,403.500,6.7,-125,10,2.5,-1,-1
2025-12-02T00:14:19.000Z,V3440740,5867,46.82489,7.30152,23960.5,4.5,22.9,76.9,-273.0,-1.0,-1.0,RS41,403.500,6.8,-125,10,2.6,-1,-1
2025-12-02T00:14:20.000Z,V3440740,5868,46.82494,7.30181,23965.5,5.4,22.9,78.0,-273.0,-1.0,-1.0,RS41,403.500,6.8,-125,10,2.6,-1,-1
2025-12-02T00:14:21.000Z,V3440740,5869,46.82498,7.30210,23971.2,5.9,22.5,80.8,-273.0,-1.0,-1.0,RS41,403.500,7.1,250,10,2.5,-1,-1
2025-12-02T00:14:23.000Z,V3440740,5871,46.82502,7.30267,23980.4,4.3,21.5,86.2,-273.0,-1.0,-1.0,RS41,403.500,7.0,250,10,2.5,-1,-1
2025-12-02T00:14:24.000Z,V3440740,5872,46.82503,7.30294,23985.5,5.6,20.8,87.0,-273.0,-1.0,-1.0,RS41,403.500,7.4,250,10,2.5,-1,-1
2025-12-02T00:14:25.000Z,V3440740,5873,46.82504,7.30321,23990.7,5.3,20.3,86.3,-273.0,-1.0,-1.0,RS41,403.500,7.6,250,10,2.6,-1,-1
2025-12-02T00:14:26.000Z,V3440740,5874,46.82505,7.30347,23995.4,4.3,19.7,85.7,-273.0,-1.0,-1.0,RS41,403.500,7.6,250,10,2.6,-1,-1
2025-12-02T00:14:27.000Z,V3440740,5875,46.82507,7.30373,24000.1,5.0,19.0,86.1,-273.0,-1.0,-1.0,RS41,403.500,7.1,250,10,2.5,-1,-1
2025-12-02T00:14:28.000Z,V3440740,5876,46.82507,7.30397,24005.3,5.4,18.6,87.8,-273.0,-1.0,-1.0,RS41,403.500,7.5,-125,9,2.5,-1,-1
2025-12-02T00:14:30.000Z,V3440740,5878,46.82508,7.30446,24015.1,4.8,19.4,88.2,-273.0,-1.0,-1.0,RS41,403.500,7.0,-125,10,2.5,-1,-1
2025-12-02T00:14:35.000Z,V3440740,5883,46.82521,7.30589,24039.2,6.1,23.4,82.3,-273.0,-1.0,-1.0,RS41,403.500,6.9,250,10,2.5,-1,-1
2025-12-02T00:14:36.000Z,V3440740,5884,46.82523,7.30619,24044.5,4.6,22.6,84.5,-273.0,-1.0,-1.0,RS41,403.500,7.4,-125,10,2.6,-1,-1
2025-12-02T00:14:38.000Z,V3440740,5886,46.82525,7.30676,24053.4,5.6,20.8,88.7,-273.0,-1.0,-1.0,RS41,403.500,7.0,250,10,2.5,-1,-1
2025-12-02T00:14:39.000Z,V3440740,5887,46.82526,7.30703,24058.8,4.9,20.3,87.9,-273.0,-1.0,-1.0,RS41,403.500,7.0,-125,10,2.5,-1,-1
2025-12-02T00:14:46.000Z,V3440740,5894,46.82530,7.30876,24092.4,3.9,20.3,82.1,-273.0,-1.0,-1.0,RS41,403.500,7.2,250,10,2.5,-1,-1
2025-12-02T00:14:47.000Z,V3440740,5895,46.82533,7.30903,24096.2,3.8,21.2,80.1,-273.0,-1.0,-1.0,RS41,403.500,7.3,250,10,2.6,-1,-1
2025-12-02T00:14:48.000Z,V3440740,5896,46.82537,7.30930,24100.4,4.7,21.7,79.7,-273.0,-1.0,-1.0,RS41,403.500,7.3,-125,10,2.6,-1,-1
2025-12-02T00:14:49.000Z,V3440740,5897,46.82540,7.30958,24105.4,5.5,21.3,80.7,-273.0,-1.0,-1.0,RS41,403.500,7.4,-125,10,2.5,-1,-1
2025-12-02T00:14:50.000Z,V3440740,5898,46.82543,7.30985,24110.6,4.7,20.5,82.7,-273.0,-1.0,-1.0,RS41,403.500,7.4,-125,10,2.5,-1,-1
2025-12-02T00:15:05.000Z,V3440740,5913,46.82564,7.31371,24181.0,3.9,19.2,85.7,-273.0,-1.0,-1.0,RS41,403.500,6.5,250,10,2.6,-1,-1
2025-12-02T00:15:10.000Z,V3440740,5918,46.82576,7.31492,24203.5,5.1,18.3,79.3,-273.0,-1.0,-1.0,RS41,403.500,6.5,-125,10,2.6,-1,-1
2025-12-02T00:15:12.000Z,V3440740,5920,46.82581,7.31536,24213.5,3.7,16.5,81.4,-273.0,-1.0,-1.0,RS41,403.500,6.8,-125,10,2.5,-1,-1
2025-12-02T00:15:13.000Z,V3440740,5921,46.82583,7.31557,24217.5,4.1,16.2,83.2,-64.9,-1.0,-1.0,RS41,403.500,6.8,250,10,2.5,-1,-1
2025-12-02T00:15:22.000Z,V3440740,5930,46.82597,7.31765,24260.4,5.5,17.0,78.5,-64.9,-1.0,-1.0,RS41,403.500,6.4,250,10,2.6,-1,-1
2025-12-02T00:15:24.000Z,V3440740,5932,46.82605,7.31809,24269.4,4.0,17.8,74.6,-64.9,-1.0,-1.0,RS41,403.500,7.1,250,10,2.5,-1,-1
2025-12-02T00:15:25.000Z,V3440740,5933,46.82609,7.31831,24274.0,4.8,17.4,74.1,-64.9,-1.0,-1.0,RS41,403.500,7.1,250,10,2.5,-1,-1
2025-12-02T00:15:26.000Z,V3440740,5934,46.82613,7.31852,24279.1,5.3,16.5,74.9,-65.0,-1.0,-1.0,RS41,403.500,7.7,250,10,2.5,-1,-1
2025-12-02T00:15:27.000Z,V3440740,5935,46.82617,7.31873,24283.6,3.9,16.0,75.5,-65.0,-1.0,-1.0,RS41,403.500,7.7,250,10,2.6,-1,-1
2025-12-02T00:15:28.000Z,V3440740,5936,46.82620,7.31893,24287.9,5.0,15.9,78.3,-65.0,-1.0,-1.0,RS41,403.500,7.7,250,9,2.6,-1,-1
2025-12-02T00:15:31.000Z,V3440740,5939,46.82627,7.31961,24302.5,3.9,18.8,83.2,-64.8,-1.0,-1.0,RS41,403.500,8.1,250,10,2.5,-1,-1
2025-12-02T00:15:32.000Z,V3440740,5940,46.82629,7.31985,24307.1,5.1,19.1,84.6,-64.8,-1.0,-1.0,RS41,403.500,8.1,-125,10,2.6,-1,-1
2025-12-02T00:15:33.000Z,V3440740,5941,46.82630,7.32010,24312.2,5.2,18.8,85.4,-64.7,-1.0,-1.0,RS41,403.500,7.4,250,10,2.6,-1,-1
2025-12-02T00:15:34.000Z,V3440740,5942,46.82632,7.32034,24316.9,4.2,18.4,84.8,-64.7,-1.0,-1.0,RS41,403.500,7.4,250,10,2.5,-1,-1
2025-12-02T00:15:35.000Z,V3440740,5943,46.82633,7.32058,24321.5,5.1,18.5,82.9,-64.7,-1.0,-1.0,RS41,403.500,7.5,250,10,2.5,-1,-1
2025-12-02T00:15:36.000Z,V3440740,5944,46.82636,7.32082,24327.0,5.5,19.0,81.0,-64.7,-1.0,-1.0,RS41,403.500,7.5,250,10,2.5,-1,-1
2025-12-02T00:15:38.000Z,V3440740,5946,46.82642,7.32132,24335.7,4.4,19.5,77.8,-64.7,-1.0,-1.0,RS41,403.500,7.4,250,10,2.6,-1,-1
2025-12-02T00:15:40.000Z,V3440740,5948,46.82649,7.32179,24345.8,5.2,17.6,78.5,-64.6,-1.0,-1.0,RS41,403.500,7.3,250,10,2.5,-1,-1
2025-12-02T00:15:41.000Z,V3440740,5949,46.82652,7.32201,24350.4,3.8,16.9,79.9,-64.6,-1.0,-1.0,RS41,403.500,7.3,250,10,2.5,-1,-1
2025-12-02T00:15:42.000Z,V3440740,5950,46.82654,7.32223,24354.8,4.6,16.6,81.1,-64.6,-1.0,-1.0,RS41,403.500,6.5,250,10,2.5,-1,-1
2025-12-02T00:15:43.000Z,V3440740,5951,46.82657,7.32245,24359.8,5.6,17.2,81.2,-64.7,-1.0,-1.0,RS41-SG,403.500,7.6,250,10,2.6,-1,-1
2025-12-02T00:15:45.000Z,V3440740,5953,46.82662,7.32292,24368.9,3.6,18.9,80.7,-64.7,-1.0,-1.0,RS41-SG,403.500,6.8,250,10,2.5,-1,-1
2025-12-02T00:15:46.000Z,V3440740,5954,46.82664,7.32316,24373.0,4.3,19.1,81.1,-64.7,-1.0,-1.0,RS41-SG,403.500,7.2,250,10,2.5,-1,-1
2025-12-02T00:15:47.000Z,V3440740,5955,46.82667,7.32341,24378.1,5.5,18.7,81.4,-64.8,-1.0,-1.0,RS41-SG,403.500,7.7,250,10,2.5,-1,-1
2025-12-02T00:16:00.000Z,V3440740,5968,46.82688,7.32637,24442.2,4.5,18.1,83.8,-65.0,-1.0,-1.0,RS41-SG,403.500,7.2,250,10,2.6,-1,-1
2025-12-02T00:16:02.000Z,V3440740,5970,46.82691,7.32684,24452.1,5.6,17.6,85.3,-65.0,-1.0,-1.0,RS41-SG,403.500,7.1,250,10,2.5,-1,-1
2025-12-02T00:16:03.000Z,V3440740,5971,46.82692,7.32706,24457.0,4.3,17.1,86.5,-65.0,-1.0,-1.0,RS41-SG,403.500,7.1,250,10,2.5,-1,-1
2025-12-02T00:16:08.000Z,V3440740,5976,46.82703,7.32820,24481.2,4.4,18.9,79.2,-65.1,-1.0,-1.0,RS41-SG,403.500,7.4,250,10,2.5,-1,-1
2025-12-02T00:16:09.000Z,V3440740,5977,46.82705,7.32844,24486.4,5.6,18.7,81.1,-65.1,-1.0,-1.0,RS41-SG,403.500,7.4,250,10,2.5,-1,-1
2025-12-02T00:16:10.000Z,V3440740,5978,46.82708,7.32869,24491.7,4.8,18.5,84.1,-65.2,-1.0,-1.0,RS41-SG,403.500,6.8,250,10,2.5,-1,-1
2025-12-02T00:16:11.000Z,V3440740,5979,46.82709,7.32893,24496.2,4.3,18.5,86.7,-65.2,-1.0,-1.0,RS41-SG,403.500,6.7,250,10,2.5,-1,-1
2025-12-02T00:16:13.000Z,V3440740,5981,46.82710,7.32943,24506.5,5.5,19.9,86.7,-65.1,-1.0,-1.0,RS41-SG,403.500,6.9,250,10,2.6,-1,-1
2025-12-02T00:16:20.000Z,V3440740,5988,46.82718,7.33120,24541.6,5.3,19.4,84.8,-65.2,-1.0,-1.0,RS41-SG,403.500,6.7,250,10,2.5,-1,-1
2025-12-02T00:16:48.000Z,V3440740,6016,46.82755,7.33752,24683.4,5.1,14.3,83.9,-65.1,-1.0,-1.0,RS41-SG,403.500,6.5,-125,10,2.5,-1,-1
2025-12-02T00:16:52.000Z,V3440740,6020,46.82761,7.33831,24705.1,5.9,16.7,85.3,-65.1,-1.0,-1.0,RS41-SG,403.500,6.6,250,9,2.6,-1,-1
2025-12-02T00:17:00.000Z,V3440740,6028,46.82765,7.34023,24748.0,6.4,17.4,83.0,-65.0,-1.0,-1.0,RS41-SG,403.500,6.8,250,10,2.5,-1,-1
2025-12-02T00:17:01.000Z,V3440740,6029,46.82767,7.34045,24753.5,4.7,15.6,81.4,-65.0,-1.0,-1.0,RS41-SG,403.500,7.1,250,10,2.5,-1,-1
2025-12-02T00:17:02.000Z,V3440740,6030,46.82770,7.34064,24758.1,4.6,14.1,78.7,-65.0,-1.0,-1.0,RS41-SG,403.500,7.1,250,10,2.6,-1,-1
2025-12-02T00:17:03.000Z,V3440740,6031,46.82772,7.34081,24762.9,4.9,13.4,74.6,-65.0,-1.0,-1.0,RS41-SG,403.500,7.1,250,10,2.6,-1,-1
2025-12-02T00:17:05.000Z,V3440740,6033,46.82780,7.34115,24773.5,4.8,14.0,69.1,-65.1,-1.0,-1.0,RS41-SG,403.500,7.4,250,10,2.5,-1,-1
2025-12-02T00:17:06.000Z,V3440740,6034,46.82785,7.34132,24778.1,4.4,14.2,69.2,-65.1,-1.0,-1.0,RS41-SG,403.500,7.4,250,10,2.5,-1,-1
2025-12-02T00:17:07.000Z,V3440740,6035,46.82789,7.34149,24782.7,4.9,14.1,71.1,-65.1,-1.0,-1.0,RS41-SG,403.500,7.7,250,10,2.5,-1,-1
2025-12-02T00:17:08.000Z,V3440740,6036,46.82793,7.34167,24788.1,6.1,13.6,74.9,-64.9,-1.0,-1.0,RS41-SG,403.500,7.7,250,10,2.6,-1,-1
2025-12-02T00:17:10.000Z,V3440740,6038,46.82797,7.34201,24799.2,4.3,13.1,83.1,-64.8,-1.0,-1.0,RS41-SG,403.500,7.2,250,10,2.5,-1,-1
2025-12-02T00:17:11.000Z,V3440740,6039,46.82798,7.34218,24803.9,4.7,13.6,85.5,-64.8,-1.0,-1.0,RS41-SG,403.500,7.5,-125,10,2.5,-1,-1
2025-12-02T00:17:12.000Z,V3440740,6040,46.82799,7.34236,24809.4,6.1,14.9,86.5,-64.8,-1.0,-1.0,RS41-SG,403.500,7.9,-125,10,2.5,-1,-1
2025-12-02T00:17:13.000Z,V3440740,6041,46.82800,7.34256,24814.9,4.9,16.0,85.4,-64.8,-1.0,-1.0,RS41-SG,403.500,7.9,-125,10,2.5,-1,-1
2025-12-02T00:17:14.000Z,V3440740,6042,46.82801,7.34278,24819.6,4.9,16.6,85.1,-64.8,-1.0,-1.0,RS41-SG,403.500,7.5,250,10,2.6,-1,-1
2025-12-02T00:17:15.000Z,V3440740,6043,46.82802,7.34299,24825.1,6.3,16.3,84.2,-64.8,-1.0,-1.0,RS41-SG,403.500,7.5,-125,10,2.6,-1,-1
2025-12-02T00:17:16.000Z,V3440740,6044,46.82804,7.34319,24831.6,6.7,14.9,83.2,-64.8,-1.0,-1.0,RS41-SG,403.500,7.1,250,10,2.5,-1,-1
2025-12-02T00:17:18.000Z,V3440740,6046,46.82808,7.34354,24842.5,5.0,12.5,77.4,-64.9,-1.0,-1.0,RS41-SG,403.500,7.0,250,10,2.5,-1,-1
2025-12-02T00:17:19.000Z,V3440740,6047,46.82811,7.34370,24848.0,5.9,12.0,71.0,-64.9,-1.0,-1.0,RS41-SG,403.500,7.0,250,10,2.6,-1,-1
2025-12-02T00:17:21.000Z,V3440740,6049,46.82819,7.34399,24859.2,4.9,12.7,64.0,-65.0,-1.0,-1.0,RS41-SG,403.500,7.2,250,10,2.5,-1,-1
2025-12-02T00:17:29.000Z,V3440740,6057,46.82849,7.34535,24903.1,5.1,16.6,78.7,-64.9,-1.0,-1.0,RS41-SG,403.500,6.4,250,10,2.5,-1,-1
2025-12-02T00:17:30.000Z,V3440740,6058,46.82852,7.34556,24908.5,5.9,15.8,78.7,-64.9,-1.0,-1.0,RS41-SG,403.500,7.1,-125,10,2.5,-1,-1
2025-12-02T00:17:33.000Z,V3440740,6061,46.82862,7.34609,24925.3,5.4,12.8,67.9,-64.9,-1.0,-1.0,RS41-SG,403.500,7.0,250,10,2.5,-1,-1
2025-12-02T00:17:34.000Z,V3440740,6062,46.82867,7.34624,24931.0,6.0,12.7,58.3,-65.0,-1.0,-1.0,RS41-SG,403.500,7.7,250,9,2.5,-1,-1
2025-12-02T00:17:35.000Z,V3440740,6063,46.82873,7.34638,24936.1,4.2,13.0,51.9,-65.0,-1.0,-1.0,RS41-SG,403.500,7.7,-125,10,2.5,-1,-1
2025-12-02T00:17:36.000Z,V3440740,6064,46.82881,7.34651,24940.4,4.3,13.3,48.5,-64.9,-1.0,-1.0,RS41-SG,403.500,7.5,250,10,2.6,-1,-1
2025-12-02T00:17:37.000Z,V3440740,6065,46.82889,7.34664,24945.4,5.8,13.3,49.3,-64.9,2.0,-1.0,RS41-SG,403.500,7.5,-125,10,2.6,-1,-1
2025-12-02T00:17:38.000Z,V3440740,6066,46.82896,7.34677,24951.6,6.5,12.9,54.9,-64.9,2.0,-1.0,RS41-SG,403.500,7.5,250,10,2.5,-1,-1
2025-12-02T00:17:40.000Z,V3440740,6068,46.82907,7.34707,24961.9,5.3,12.9,67.0,-64.8,2.0,-1.0,RS41-SG,403.500,7.1,250,10,2.5,-1,-1
2025-12-02T00:17:42.000Z,V3440740,6070,46.82916,7.34741,24973.3,4.8,14.7,71.0,-64.8,2.0,-1.0,RS41-SG,403.500,8.0,250,10,2.6,-1,-1
2025-12-02T00:17:43.000Z,V3440740,6071,46.82920,7.34759,24977.8,4.2,15.4,71.7,-64.8,2.0,-1.0,RS41-SG,403.500,8.0,-125,10,2.6,-1,-1
2025-12-02T00:17:44.000Z,V3440740,6072,46.82924,7.34779,24982.9,5.8,15.8,72.8,-64.8,2.0,-1.0,RS41-SG,403.500,7.9,-125,10,2.5,-1,-1
2025-12-02T00:17:45.000Z,V3440740,6073,46.82928,7.34799,24988.8,5.9,15.9,74.1,-64.8,2.0,-1.0,RS41-SG,403.500,7.6,250,10,2.5,-1,-1
2025-12-02T00:17:46.000Z,V3440740,6074,46.82932,7.34818,24994.5,5.5,15.6,73.5,-64.8,2.0,-1.0,RS41-SG,403.500,7.2,250,10,2.5,-1,-1
2025-12-02T00:17:47.000Z,V3440740,6075,46.82936,7.34838,25000.4,6.1,15.3,69.1,-64.8,2.1,-1.0,RS41-SG,403.500,7.9,250,10,2.5,-1,-1
2025-12-02T00:17:48.000Z,V3440740,6076,46.82942,7.34856,25006.6,6.6,15.4,62.3,-64.9,2.0,-1.0,RS41-SG,403.500,7.9,250,10,2.6,-1,-1
2025-12-02T00:17:50.000Z,V3440740,6078,46.82957,7.34890,25016.5,4.2,15.6,53.1,-64.9,2.1,-1.0,RS41-SG,403.500,7.9,250,10,2.5,-1,-1
2025-12-02T00:17:51.000Z,V3440740,6079,46.82965,7.34906,25021.3,5.1,15.4,51.5,-64.9,2.0,-1.0,RS41-SG,403.500,7.9,250,10,2.5,-1,-1
2025-12-02T00:17:52.000Z,V3440740,6080,46.82974,7.34922,25027.1,6.2,14.9,54.4,-64.9,2.1,-1.0,RS41-SG,403.500,7.4,-125,10,2.5,-1,-1
2025-12-02T00:17:54.000Z,V3440740,6082,46.82988,7.34955,25037.2,4.1,15.0,62.1,-64.9,2.0,-1.0,RS41-SG,403.500,7.9,250,10,2.6,-1,-1
2025-12-02T00:17:56.000Z,V3440740,6084,46.83000,7.34992,25047.6,6.3,16.9,64.2,-64.9,2.0,-1.0,RS41-SG,403.500,7.6,-125,10,2.5,-1,-1
2025-12-02T00:17:57.000Z,V3440740,6085,46.83007,7.35012,25053.5,5.3,17.8,62.6,-64.9,2.0,-1.0,RS41-SG,403.500,7.8,250,10,2.5,-1,-1
2025-12-02T00:17:58.000Z,V3440740,6086,46.83014,7.35033,25058.5,5.1,17.9,61.3,-65.0,2.0,-1.0,RS41-SG,403.500,7.9,250,10,2.5,-1,-1
2025-12-02T00:17:59.000Z,V3440740,6087,46.83022,7.35053,25063.8,5.9,17.4,59.6,-64.9,2.1,-1.0,RS41-SG,403.500,7.9,250,10,2.6,-1,-1
2025-12-02T00:18:00.000Z,V3440740,6088,46.83030,7.35072,25069.8,6.5,16.4,58.5,-64.9,2.0,-1.0,RS41-SG,403.500,7.7,-125,10,2.6,-1,-1
2025-12-02T00:18:01.000Z,V3440740,6089,46.83037,7.35089,25075.7,5.0,15.4,57.9,-64.9,2.0,-1.0,RS41-SG,403.500,7.4,250,10,2.5,-1,-1
2025-12-02T00:18:02.000Z,V3440740,6090,46.83044,7.35106,25080.6,4.7,14.7,55.9,-64.9,2.0,-1.0,RS41-SG,403.500,7.4,-125,10,2.5,-1,-1
2025-12-02T00:18:03.000Z,V3440740,6091,46.83052,7.35121,25085.8,5.6,14.8,52.6,-64.9,2.0,-1.0,RS41-SG,403.500,7.0,250,10,2.5,-1,-1
2025-12-02T00:18:04.000Z,V3440740,6092,46.83061,7.35137,25091.7,6.4,15.6,49.1,-64.8,2.0,-1.0,RS41-SG,403.500,7.1,-125,10,2.5,-1,-1
2025-12-02T00:18:06.000Z,V3440740,6094,46.83081,7.35169,25103.3,4.9,17.8,47.8,-64.8,2.0,-1.0,RS41-SG,403.500,7.3,-125,10,2.6,-1,-1
2025-12-02T00:18:07.000Z,V3440740,6095,46.83092,7.35187,25108.3,5.0,18.3,50.2,-64.8,2.0,-1.0,RS41-SG,403.500,7.3,-125,10,2.5,-1,-1
2025-12-02T00:18:09.000Z,V3440740,6097,46.83111,7.35225,25119.7,6.0,17.7,58.9,-64.8,2.0,-1.0,RS41-SG,403.500,7.3,250,10,2.5,-1,-1
2025-12-02T00:18:12.000Z,V3440740,6100,46.83133,7.35286,25134.8,6.0,18.1,60.3,-64.9,2.0,-1.0,RS41-SG,403.500,6.8,250,10,2.5,-1,-1
2025-12-02T00:18:13.000Z,V3440740,6101,46.83142,7.35306,25141.0,6.3,18.8,55.9,-64.9,2.0,-1.0,RS41-SG,403.500,7.1,-125,10,2.5,-1,-1
2025-12-02T00:18:14.000Z,V3440740,6102,46.83152,7.35326,25146.3,4.7,19.5,52.6,-64.9,2.0,-1.0,RS41-SG,403.500,7.1,250,10,2.5,-1,-1
2025-12-02T00:18:15.000Z,V3440740,6103,46.83163,7.35346,25150.9,4.7,19.8,49.9,-64.9,2.0,-1.0,RS41-SG,403.500,6.9,-125,10,2.5,-1,-1
2025-12-02T00:18:17.000Z,V3440740,6105,46.83186,7.35384,25162.0,5.9,18.6,49.0,-64.8,2.0,-1.0,RS41-SG,403.500,7.1,-125,10,2.6,-1,-1
2025-12-02T00:18:21.000Z,V3440740,6109,46.83227,7.35459,25184.2,5.1,19.0,52.1,-64.8,2.0,-1.0,RS41-SG,403.500,7.1,250,10,2.5,-1,-1
2025-12-02T00:18:22.000Z,V3440740,6110,46.83237,7.35479,25189.3,5.0,19.5,53.2,-64.8,2.0,-1.0,RS41-SG,403.500,7.2,-125,10,2.6,-1,-1
2025-12-02T00:18:23.000Z,V3440740,6111,46.83247,7.35499,25194.8,6.2,19.4,55.3,-64.8,2.0,-1.0,RS41-SG,403.500,7.2,-125,10,2.6,-1,-1
2025-12-02T00:18:26.000Z,V3440740,6114,46.83274,7.35562,25211.2,5.4,18.8,58.5,-64.8,2.0,-1.0,RS41-SG,403.500,6.9,-125,10,2.5,-1,-1
2025-12-02T00:18:27.000Z,V3440740,6115,46.83284,7.35583,25217.1,6.4,19.6,56.3,-64.8,2.0,-1.0,RS41-SG,403.500,7.3,-125,10,2.6,-1,-1
2025-12-02T00:18:28.000Z,V3440740,6116,46.83294,7.35605,25223.0,5.6,20.4,55.0,-64.8,2.0,-1.0,RS41-SG,403.500,7.4,-125,10,2.6,-1,-1
2025-12-02T00:18:29.000Z,V3440740,6117,46.83304,7.35627,25228.3,5.2,21.0,54.1,-64.8,2.0,-1.0,RS41-SG,403.500,7.4,-125,10,2.5,-1,-1
2025-12-02T00:18:30.000Z,V3440740,6118,46.83315,7.35649,25233.6,5.1,20.8,54.7,-64.8,2.0,-1.0,RS41-SG,403.500,7.4,-125,10,2.5,-1,-1
2025-12-02T00:18:31.000Z,V3440740,6119,46.83326,7.35671,25239.0,5.7,20.1,56.2,-64.8,2.0,-1.0,RS41-SG,403.500,7.3,250,10,2.5,-1,-1
2025-12-02T00:18:37.000Z,V3440740,6125,46.83374,7.35811,25271.8,4.8,22.1,64.2,-64.8,2.0,-1.0,RS41-SG,403.500,7.2,250,10,2.5,-1,-1
2025-12-02T00:18:38.000Z,V3440740,6126,46.83383,7.35836,25276.1,4.5,22.2,61.6,-64.8,2.0,-1.0,RS41-SG,403.500,7.4,-125,10,2.5,-1,-1
2025-12-02T00:18:39.000Z,V3440740,6127,46.83393,7.35861,25281.3,5.8,21.8,58.6,-64.9,2.0,-1.0,RS41-SG,403.500,7.4,-125,10,2.6,-1,-1
2025-12-02T00:18:40.000Z,V3440740,6128,46.83403,7.35884,25287.5,6.5,20.6,55.7,-64.9,2.1,-1.0,RS41-SG,403.500,7.4,-125,10,2.6,-1,-1
2025-12-02T00:18:41.000Z,V3440740,6129,46.83413,7.35906,25293.2,4.7,19.8,53.3,-65.0,2.0,-1.0,RS41-SG,403.500,7.3,-125,10,2.5,-1,-1
2025-12-02T00:18:42.000Z,V3440740,6130,46.83424,7.35926,25298.2,5.1,19.5,51.4,-65.0,2.1,-1.0,RS41-SG,403.500,7.3,-125,10,2.5,-1,-1
2025-12-02T00:18:43.000Z,V3440740,6131,46.83435,7.35946,25303.9,6.1,20.2,50.5,-65.0,2.1,-1.0,RS41-SG,403.500,7.4,-125,10,2.5,-1,-1
2025-12-02T00:18:44.000Z,V3440740,6132,46.83447,7.35968,25310.1,6.4,21.2,51.3,-65.0,2.0,-1.0,RS41-SG,403.500,7.6,-125,10,2.6,-1,-1
2025-12-02T00:18:45.000Z,V3440740,6133,46.83459,7.35990,25316.0,5.3,22.2,53.0,-65.0,2.0,-1.0,RS41-SG,403.500,7.6,-125,10,2.6,-1,-1
2025-12-02T00:18:46.000Z,V3440740,6134,46.83471,7.36014,25321.1,4.6,22.7,55.0,-65.0,2.0,-1.0,RS41-SG,403.500,7.5,-125,10,2.5,-1,-1
2025-12-02T00:18:47.000Z,V3440740,6135,46.83482,7.36038,25325.9,4.8,22.7,56.7,-65.0,2.0,-1.0,RS41-SG,403.500,7.1,-125,10,2.5,-1,-1
2025-12-02T00:18:48.000Z,V3440740,6136,46.83493,7.36063,25331.4,6.5,22.0,58.2,-65.0,2.0,-1.0,RS41-SG,403.500,7.5,-125,10,2.5,-1,-1
2025-12-02T00:18:49.000Z,V3440740,6137,46.83503,7.36087,25337.2,5.5,21.2,59.2,-65.0,2.0,-1.0,RS41-SG,403.500,7.6,-125,10,2.5,-1,-1
2025-12-02T00:18:50.000Z,V3440740,6138,46.83512,7.36111,25342.3,4.7,20.9,60.4,-65.0,2.0,-1.0,RS41-SG,403.500,7.6,-125,10,2.6,-1,-1
2025-12-02T00:18:53.000Z,V3440740,6141,46.83541,7.36186,25359.9,5.3,23.0,61.6,-65.0,2.0,-1.0,RS41-SG,403.500,6.8,-125,10,2.5,-1,-1
2025-12-02T00:18:55.000Z,V3440740,6143,46.83561,7.36238,25370.3,5.2,23.0,59.7,-65.0,2.1,-1.0,RS41-SG,403.500,6.8,-125,10,2.5,-1,-1
2025-12-02T00:18:57.000Z,V3440740,6145,46.83582,7.36287,25382.3,5.8,21.1,55.7,-65.0,2.0,-1.0,RS41-SG,403.500,7.2,-125,10,2.6,-1,-1
2025-12-02T00:18:58.000Z,V3440740,6146,46.83593,7.36309,25387.7,4.8,20.9,54.5,-64.9,2.0,-1.0,RS41-SG,403.500,7.6,-125,10,2.5,-1,-1
2025-12-02T00:18:59.000Z,V3440740,6147,46.83604,7.36332,25393.1,5.7,21.4,52.7,-64.9,2.0,-1.0,RS41-SG,403.500,7.6,-125,10,2.5,-1,-1
2025-12-02T00:19:00.000Z,V3440740,6148,46.83616,7.36354,25399.2,6.5,22.7,52.3,-64.9,2.0,-1.0,RS41-SG,403.500,7.3,-125,10,2.5,-1,-1
2025-12-02T00:19:04.000Z,V3440740,6152,46.83667,7.36458,25421.2,6.5,24.4,57.8,-65.0,2.0,-1.0,RS41-SG,403.500,7.4,-125,10,2.5,-1,-1
2025-12-02T00:19:05.000Z,V3440740,6153,46.83678,7.36484,25427.1,5.2,23.6,60.1,-65.0,2.0,-1.0,RS41-SG,403.500,7.7,-125,10,2.5,-1,-1
2025-12-02T00:19:06.000Z,V3440740,6154,46.83688,7.36511,25432.5,5.3,23.2,63.7,-65.0,2.0,-1.0,RS41-SG,403.500,7.7,-125,10,2.5,-1,-1
2025-12-02T00:19:07.000Z,V3440740,6155,46.83697,7.36539,25438.0,6.1,23.4,66.6,-65.0,2.0,-1.0,RS41-SG,403.500,7.6,-125,10,2.6,-1,-1
2025-12-02T00:19:08.000Z,V3440740,6156,46.83705,7.36568,25444.0,5.7,23.9,67.7,-65.1,2.0,-1.0,RS41-SG,403.500,8.2,-125,10,2.6,-1,-1
2025-12-02T00:19:09.000Z,V3440740,6157,46.83713,7.36596,25449.6,5.4,23.8,67.2,-65.1,2.0,-1.0,RS41-SG,403.500,8.2,-125,10,2.5,-1,-1
2025-12-02T00:19:10.000Z,V3440740,6158,46.83721,7.36624,25455.7,6.3,23.0,64.8,-65.1,2.0,-1.0,RS41-SG,403.500,7.4,-125,10,2.5,-1,-1
2025-12-02T00:19:11.000Z,V3440740,6159,46.83731,7.36650,25462.3,6.8,21.9,61.3,-65.1,2.0,-1.0,RS41-SG,403.500,7.3,-125,10,2.5,-1,-1
2025-12-02T00:19:14.000Z,V3440740,6162,46.83763,7.36720,25478.7,6.6,22.1,52.0,-65.1,2.0,-1.0,RS41-SG,403.500,7.0,-125,10,2.6,-1,-1
2025-12-02T00:19:15.000Z,V3440740,6163,46.83775,7.36743,25485.1,5.9,23.5,52.0,-65.2,2.0,-1.0,RS41-SG,403.500,7.9,-125,10,2.5,-1,-1
2025-12-02T00:19:16.000Z,V3440740,6164,46.83788,7.36769,25490.7,5.1,24.8,54.1,-65.2,2.0,-1.0,RS41-SG,403.500,7.9,-125,10,2.5,-1,-1
2025-12-02T00:19:17.000Z,V3440740,6165,46.83801,7.36796,25496.4,6.3,25.4,56.6,-65.2,2.1,-1.0,RS41-SG,403.500,8.3,-125,10,2.5,-1,-1
2025-12-02T00:19:18.000Z,V3440740,6166,46.83813,7.36824,25503.1,7.2,25.1,60.0,-65.2,2.0,-1.0,RS41-SG,403.500,8.6,-125,10,2.6,-1,-1
2025-12-02T00:19:19.000Z,V3440740,6167,46.83823,7.36852,25509.7,6.1,24.5,63.1,-65.2,2.0,-1.0,RS41-SG,403.500,8.6,-125,10,2.6,-1,-1
2025-12-02T00:19:20.000Z,V3440740,6168,46.83833,7.36881,25515.9,6.1,24.2,67.3,-65.2,2.0,-1.0,RS41-SG,403.500,8.3,-125,10,2.5,-1,-1
2025-12-02T00:19:21.000Z,V3440740,6169,46.83840,7.36911,25522.1,6.3,24.4,71.4,-65.2,2.0,-1.0,RS41-SG,403.500,8.0,-125,10,2.5,-1,-1
2025-12-02T00:19:22.000Z,V3440740,6170,46.83847,7.36941,25528.5,6.2,24.8,73.8,-65.2,2.0,-1.0,RS41-SG,403.500,7.7,-125,10,2.5,-1,-1
2025-12-02T00:19:23.000Z,V3440740,6171,46.83853,7.36972,25534.5,5.8,24.8,74.6,-65.1,2.0,-1.0,RS41-SG,403.500,7.6,-125,10,2.5,-1,-1
2025-12-02T00:19:25.000Z,V3440740,6173,46.83866,7.37033,25546.3,6.3,23.5,69.0,-65.1,2.0,-1.0,RS41-SG,403.500,7.1,-125,10,2.6,-1,-1
2025-12-02T00:19:26.000Z,V3440740,6174,46.83874,7.37060,25552.6,6.0,22.4,63.6,-65.1,2.0,-1.0,RS41-SG,403.500,7.3,-125,10,2.5,-1,-1
2025-12-02T00:19:27.000Z,V3440740,6175,46.83884,7.37086,25557.6,4.2,21.6,59.5,-65.1,2.0,-1.0,RS41-SG,403.500,7.3,-125,10,2.5,-1,-1
2025-12-02T00:19:28.000Z,V3440740,6176,46.83894,7.37109,25561.9,4.2,20.8,56.9,-65.1,2.0,-1.0,RS41-SG,403.500,7.5,-125,10,2.5,-1,-1
2025-12-02T00:19:29.000Z,V3440740,6177,46.83904,7.37132,25567.1,6.1,20.7,57.7,-65.1,2.0,-1.0,RS41-SG,403.500,7.6,-125,10,2.5,-1,-1
2025-12-02T00:19:30.000Z,V3440740,6178,46.83913,7.37156,25573.6,7.0,21.5,61.7,-65.1,2.0,-1.0,RS41-SG,403.500,7.6,-125,10,2.6,-1,-1
2025-12-02T00:19:31.000Z,V3440740,6179,46.83922,7.37182,25579.5,4.9,22.5,65.3,-65.1,2.0,-1.0,RS41-SG,403.500,8.5,-125,10,2.6,-1,-1
2025-12-02T00:19:32.000Z,V3440740,6180,46.83930,7.37209,25584.4,4.5,23.5,68.7,-65.2,2.0,-1.0,RS41-SG,403.500,8.5,250,10,2.5,-1,-1
2025-12-02T00:19:33.000Z,V3440740,6181,46.83938,7.37239,25589.5,5.7,24.5,71.1,-65.2,2.1,-1.0,RS41-SG,403.500,8.2,250,10,2.5,-1,-1
2025-12-02T00:19:34.000Z,V3440740,6182,46.83945,7.37269,25595.6,6.4,25.0,72.2,-65.2,2.0,-1.0,RS41-SG,403.500,8.4,250,10,2.5,-1,-1
2025-12-02T00:19:35.000Z,V3440740,6183,46.83952,7.37301,25601.3,5.3,25.2,71.9,-65.3,2.1,-1.0,RS41-SG,403.500,8.4,250,10,2.6,-1,-1
2025-12-02T00:19:36.000Z,V3440740,6184,46.83959,7.37332,25606.9,5.8,25.7,72.1,-65.3,2.0,-1.0,RS41-SG,403.500,8.1,-125,10,2.6,-1,-1
2025-12-02T00:19:37.000Z,V3440740,6185,46.83966,7.37365,25613.1,6.4,26.4,73.1,-65.3,2.1,-1.0,RS41-SG,403.500,8.1,-125,10,2.5,-1,-1
2025-12-02T00:19:38.000Z,V3440740,6186,46.83973,7.37398,25619.2,5.6,26.7,73.3,-65.4,2.0,-1.0,RS41-SG,403.500,8.0,250,10,2.5,-1,-1
2025-12-02T00:19:39.000Z,V3440740,6187,46.83980,7.37431,25624.7,5.3,26.4,72.3,-65.4,2.0,-1.0,RS41-SG,403.500,8.0,250,10,2.5,-1,-1
2025-12-02T00:19:40.000Z,V3440740,6188,46.83987,7.37463,25630.3,6.2,25.2,70.8,-65.4,2.0,-1.0,RS41-SG,403.500,7.6,-125,9,2.5,-1,-1
2025-12-02T00:19:41.000Z,V3440740,6189,46.83995,7.37493,25636.4,5.9,23.8,67.7,-65.5,2.1,-1.0,RS41-SG,403.500,7.5,250,10,2.6,-1,-1
2025-12-02T00:19:42.000Z,V3440740,6190,46.84003,7.37520,25642.2,5.6,22.3,64.1,-65.5,2.1,-1.0,RS41-SG,403.500,7.5,-125,10,2.6,-1,-1
2025-12-02T00:19:43.000Z,V3440740,6191,46.84012,7.37546,25647.4,4.9,21.3,61.9,-65.5,2.1,-1.0,RS41-SG,403.500,8.3,250,10,2.5,-1,-1
2025-12-02T00:19:44.000Z,V3440740,6192,46.84021,7.37570,25652.4,4.8,20.5,62.5,-65.5,2.1,-1.0,RS41-SG,403.500,8.3,-125,10,2.5,-1,-1
2025-12-02T00:19:45.000Z,V3440740,6193,46.84028,7.37594,25658.2,6.6,20.6,66.6,-65.6,2.1,-1.0,RS41-SG,403.500,8.3,250,10,2.5,-1,-1
2025-12-02T00:19:46.000Z,V3440740,6194,46.84035,7.37620,25665.0,7.3,21.8,72.5,-65.6,2.0,-1.0,RS41-SG,403.500,8.3,-125,10,2.5,-1,-1
2025-12-02T00:19:47.000Z,V3440740,6195,46.84041,7.37648,25671.1,5.0,23.3,76.2,-65.6,2.1,-1.0,RS41-SG,403.500,8.3,250,10,2.6,-1,-1
2025-12-02T00:19:48.000Z,V3440740,6196,46.84045,7.37679,25675.9,4.5,25.4,78.5,-65.7,2.0,-1.0,RS41-SG,403.500,7.7,-125,10,2.6,-1,-1
2025-12-02T00:19:49.000Z,V3440740,6197,46.84050,7.37713,25681.0,5.9,27.4,78.2,-65.7,2.1,-1.0,RS41-SG,403.500,7.7,-125,10,2.5,-1,-1
2025-12-02T00:19:50.000Z,V3440740,6198,46.84056,7.37749,25687.0,6.1,28.6,76.3,-65.8,2.0,-1.0,RS41-SG,403.500,7.6,-125,10,2.5,-1,-1
2025-12-02T00:19:51.000Z,V3440740,6199,46.84062,7.37785,25692.3,4.2,29.0,74.3,-65.8,2.1,-1.0,RS41-SG,403.500,7.6,-125,9,2.5,-1,-1
2025-12-02T00:19:52.000Z,V3440740,6200,46.84070,7.37822,25697.1,5.2,29.0,72.6,-65.8,2.1,-1.0,RS41-SG,403.500,7.6,250,10,2.6,-1,-1
2025-12-02T00:19:53.000Z,V3440740,6201,46.84077,7.37857,25703.0,6.5,28.1,72.4,-65.9,2.1,-1.0,RS41-SG,403.500,7.8,-125,10,2.6,-1,-1
2025-12-02T00:19:54.000Z,V3440740,6202,46.84085,7.37892,25709.7,7.0,26.9,73.5,-65.9,2.1,-1.0,RS41-SG,403.500,8.3,250,10,2.5,-1,-1
2025-12-02T00:19:55.000Z,V3440740,6203,46.84091,7.37924,25716.2,5.8,25.4,74.4,-66.0,2.1,-1.0,RS41-SG,403.500,8.3,-125,10,2.5,-1,-1
2025-12-02T00:19:56.000Z,V3440740,6204,46.84097,7.37955,25721.7,5.2,23.9,74.2,-66.0,2.1,-1.0,RS41-SG,403.500,8.6,-125,10,2.5,-1,-1
2025-12-02T00:19:57.000Z,V3440740,6205,46.84103,7.37985,25727.1,5.7,22.5,73.3,-66.0,2.1,-1.0,RS41-SG,403.500,8.6,-125,10,2.5,-1,-1
2025-12-02T00:19:58.000Z,V3440740,6206,46.84109,7.38012,25733.2,6.7,21.6,71.1,-66.1,2.2,-1.0,RS41-SG,403.500,7.7,-125,10,2.6,-1,-1
2025-12-02T00:19:59.000Z,V3440740,6207,46.84115,7.38039,25739.4,5.6,21.4,70.0,-66.1,2.2,-1.0,RS41-SG,403.500,8.0,-125,10,2.6,-1,-1
2025-12-02T00:20:00.000Z,V3440740,6208,46.84122,7.38065,25745.4,6.3,22.0,70.7,-66.1,2.2,-1.0,RS41-SG,403.500,8.0,250,10,2.5,-1,-1
2025-12-02T00:20:01.000Z,V3440740,6209,46.84128,7.38093,25752.3,7.4,23.3,73.7,-66.2,2.2,-1.0,RS41-SG,403.500,8.2,-125,10,2.5,-1,-1
2025-12-02T00:20:02.000Z,V3440740,6210,46.84133,7.38124,25758.9,6.0,24.5,77.3,-66.3,2.2,-1.0,RS41-SG,403.500,8.2,-125,10,2.5,-1,-1
2025-12-02T00:20:03.000Z,V3440740,6211,46.84138,7.38156,25764.1,4.4,26.1,79.5,-66.3,2.2,-1.0,RS41-SG,403.500,7.7,-125,9,2.5,-1,-1
2025-12-02T00:20:04.000Z,V3440740,6212,46.84142,7.38190,25768.9,5.2,27.5,80.7,-66.3,2.2,-1.0,RS41-SG,403.500,7.2,250,10,2.6,-1,-1
2025-12-02T00:20:05.000Z,V3440740,6213,46.84146,7.38226,25774.4,5.9,28.5,79.5,-66.4,2.2,-1.0,RS41-SG,403.500,7.3,-125,10,2.6,-1,-1
2025-12-02T00:20:06.000Z,V3440740,6214,46.84151,7.38263,25780.3,5.5,29.0,77.8,-66.4,2.2,-1.0,RS41-SG,403.500,7.7,-125,10,2.5,-1,-1
2025-12-02T00:20:07.000Z,V3440740,6215,46.84157,7.38300,25785.7,5.2,29.1,75.7,-66.4,2.2,-1.0,RS41-SG,403.500,8.0,-125,9,2.5,-1,-1
2025-12-02T00:20:08.000Z,V3440740,6216,46.84164,7.38337,25790.7,4.9,28.8,74.7,-66.5,2.2,-1.0,RS41-SG,403.500,8.0,-125,10,2.5,-1,-1
2025-12-02T00:20:09.000Z,V3440740,6217,46.84171,7.38373,25795.9,5.8,28.6,74.9,-66.5,2.2,-1.0,RS41-SG,403.500,7.8,-125,10,2.6,-1,-1
2025-12-02T00:20:10.000Z,V3440740,6218,46.84177,7.38409,25802.2,7.0,28.1,76.4,-66.6,2.2,-1.0,RS41-SG,403.500,7.8,250,10,2.6,-1,-1
2025-12-02T00:20:11.000Z,V3440740,6219,46.84182,7.38444,25808.6,5.7,27.6,78.5,-66.6,2.1,-1.0,RS41-SG,403.500,7.5,250,10,2.5,-1,-1
2025-12-02T00:20:12.000Z,V3440740,6220,46.84187,7.38479,25813.9,4.7,26.7,80.0,-66.7,2.2,-1.0,RS41-SG,403.500,7.5,-125,10,2.5,-1,-1
2025-12-02T00:20:13.000Z,V3440740,6221,46.84191,7.38512,25819.1,5.9,25.4,80.0,-66.7,2.1,-1.0,RS41-SG,403.500,7.6,250,10,2.5,-1,-1
2025-12-02T00:20:14.000Z,V3440740,6222,46.84195,7.38544,25825.4,6.8,24.2,78.3,-66.7,2.2,-1.0,RS41-SG,403.500,7.6,-125,10,2.5,-1,-1
2025-12-02T00:20:15.000Z,V3440740,6223,46.84200,7.38574,25831.5,5.3,23.5,75.9,-66.7,2.2,-1.0,RS41-SG,403.500,7.6,-125,10,2.6,-1,-1
2025-12-02T00:20:16.000Z,V3440740,6224,46.84205,7.38604,25836.8,5.2,23.3,74.0,-66.7,2.2,-1.0,RS41-SG,403.500,7.6,-125,10,2.6,-1,-1
2025-12-02T00:20:17.000Z,V3440740,6225,46.84211,7.38633,25842.9,6.9,23.8,72.9,-66.7,2.2,-1.0,RS41-SG,403.500,7.0,-125,10,2.5,-1,-1
2025-12-02T00:20:19.000Z,V3440740,6227,46.84224,7.38695,25855.6,5.5,25.6,74.7,-66.7,2.2,-1.0,RS41-SG,403.500,7.1,250,10,2.5,-1,-1
2025-12-02T00:20:21.000Z,V3440740,6229,46.84237,7.38762,25867.7,6.9,27.3,72.7,-66.7,2.2,-1.0,RS41-SG,403.500,7.2,250,10,2.6,-1,-1
2025-12-02T00:20:22.000Z,V3440740,6230,46.84244,7.38796,25873.8,5.2,27.4,71.6,-66.6,2.1,-1.0,RS41-SG,403.500,7.3,250,10,2.6,-1,-1
2025-12-02T00:20:23.000Z,V3440740,6231,46.84252,7.38830,25879.2,5.1,27.5,71.8,-66.6,2.1,-1.0,RS41-SG,403.500,7.6,250,10,2.5,-1,-1
2025-12-02T00:20:24.000Z,V3440740,6232,46.84259,7.38864,25885.0,6.3,27.4,73.5,-66.6,2.1,-1.0,RS41-SG,403.500,7.6,250,10,2.5,-1,-1
2025-12-02T00:20:25.000Z,V3440740,6233,46.84266,7.38898,25891.5,6.6,27.1,76.0,-66.6,2.2,-1.0,RS41-SG,403.500,7.4,250,10,2.5,-1,-1
2025-12-02T00:20:26.000Z,V3440740,6234,46.84271,7.38933,25897.6,5.7,26.5,78.1,-66.6,2.2,-1.0,RS41-SG,403.500,7.3,250,10,2.6,-1,-1
2025-12-02T00:20:27.000Z,V3440740,6235,46.84276,7.38966,25903.3,5.8,25.7,78.9,-66.6,2.2,-1.0,RS41-SG,403.500,7.2,-125,10,2.6,-1,-1
2025-12-02T00:20:30.000Z,V3440740,6238,46.84291,7.39058,25920.9,5.1,23.1,73.9,-66.7,2.2,-1.0,RS41-SG,403.500,7.3,-125,10,2.5,-1,-1
2025-12-02T00:20:31.000Z,V3440740,6239,46.84297,7.39087,25926.5,6.2,22.8,73.0,-66.7,2.2,-1.0,RS41-SG,403.500,7.5,-125,10,2.5,-1,-1
2025-12-02T00:20:32.000Z,V3440740,6240,46.84302,7.39116,25933.0,7.0,23.1,74.4,-66.7,2.2,-1.0,RS41-SG,403.500,7.5,-125,10,2.6,-1,-1
2025-12-02T00:20:35.000Z,V3440740,6243,46.84318,7.39207,25950.3,6.3,25.2,75.0,-66.9,2.3,-1.0,RS41-SG,403.500,7.5,-125,10,2.5,-1,-1
2025-12-02T00:20:36.000Z,V3440740,6244,46.84325,7.39239,25956.7,6.4,25.8,72.9,-66.9,2.2,-1.0,RS41-SG,403.500,7.8,250,10,2.5,-1,-1
2025-12-02T00:20:37.000Z,V3440740,6245,46.84332,7.39271,25962.3,4.9,26.2,71.1,-67.0,2.3,-1.0,RS41-SG,403.500,7.9,-125,10,2.5,-1,-1
2025-12-02T00:20:38.000Z,V3440740,6246,46.84339,7.39304,25967.2,5.0,26.5,70.5,-67.0,2.3,-1.0,RS41-SG,403.500,7.9,-125,10,2.6,-1,-1
2025-12-02T00:20:39.000Z,V3440740,6247,46.84347,7.39337,25972.9,6.4,26.6,71.4,-67.1,2.2,-1.0,RS41-SG,403.500,7.8,-125,10,2.6,-1,-1
2025-12-02T00:20:40.000Z,V3440740,6248,46.84354,7.39370,25979.0,5.9,26.4,73.2,-67.1,2.2,-1.0,RS41-SG,403.500,7.8,-125,10,2.5,-1,-1
2025-12-02T00:20:41.000Z,V3440740,6249,46.84361,7.39402,25984.4,4.7,25.9,74.3,-67.1,2.2,-1.0,RS41-SG,403.500,7.8,-125,10,2.5,-1,-1
2025-12-02T00:20:42.000Z,V3440740,6250,46.84367,7.39435,25989.8,5.8,25.2,74.1,-67.1,2.2,-1.0,RS41-SG,403.500,7.8,-125,10,2.5,-1,-1
2025-12-02T00:20:43.000Z,V3440740,6251,46.84374,7.39466,25996.0,6.8,24.4,72.3,-67.1,2.3,-1.0,RS41-SG,403.500,7.6,-125,10,2.6,-1,-1
2025-12-02T00:20:45.000Z,V3440740,6253,46.84388,7.39525,26006.9,4.8,23.7,69.8,-67.1,2.2,-1.0,RS41-SG,403.500,7.6,-125,10,2.5,-1,-1
2025-12-02T00:20:46.000Z,V3440740,6254,46.84395,7.39554,26012.4,6.0,23.9,71.2,-67.1,2.2,-1.0,RS41-SG,403.500,7.4,-125,10,2.5,-1,-1
2025-12-02T00:20:47.000Z,V3440740,6255,46.84401,7.39585,26018.8,6.8,24.8,73.6,-67.0,2.2,-1.0,RS41-SG,403.500,7.7,250,10,2.5,-1,-1
2025-12-02T00:20:48.000Z,V3440740,6256,46.84407,7.39616,26025.0,5.5,25.6,75.7,-67.0,2.2,-1.0,RS41-SG,403.500,7.7,250,9,2.5,-1,-1
2025-12-02T00:20:49.000Z,V3440740,6257,46.84413,7.39649,26030.3,5.4,26.7,76.4,-67.0,2.2,-1.0,RS41-SG,403.500,8.0,-125,10,2.6,-1,-1
2025-12-02T00:20:50.000Z,V3440740,6258,46.84419,7.39684,26036.0,6.2,28.0,75.4,-66.9,2.2,-1.0,RS41-SG,403.500,8.0,250,10,2.6,-1,-1
2025-12-02T00:20:51.000Z,V3440740,6259,46.84426,7.39720,26042.3,6.5,28.8,73.2,-67.0,2.1,-1.0,RS41-SG,403.500,6.8,-125,10,2.5,-1,-1
2025-12-02T00:20:52.000Z,V3440740,6260,46.84434,7.39756,26048.2,5.3,29.2,71.3,-67.0,2.2,-1.0,RS41-SG,403.500,7.6,-125,10,2.5,-1,-1
2025-12-02T00:20:53.000Z,V3440740,6261,46.84442,7.39792,26053.4,5.0,29.2,70.4,-67.0,2.2,-1.0,RS41-SG,403.500,7.6,-125,10,2.5,-1,-1
2025-12-02T00:20:54.000Z,V3440740,6262,46.84451,7.39828,26058.7,5.9,28.7,70.8,-67.0,2.1,-1.0,RS41-SG,403.500,7.6,250,10,2.5,-1,-1
2025-12-02T00:21:10.000Z,V3440740,6278,46.84576,7.40414,26147.6,4.7,31.1,69.4,-67.2,2.2,-1.0,RS41-SG,403.500,6.7,-125,10,2.5,-1,-1
2025-12-02T00:21:10.999Z,V3440740,6279,46.84586,7.40451,26152.7,5.5,30.3,67.1,-67.2,2.2,-1.0,RS41-SG,403.500,6.8,-125,10,2.5,-1,-1
2025-12-02T00:21:11.999Z,V3440740,6280,46.84596,7.40487,26158.6,6.7,29.0,67.2,-67.2,2.2,-1.0,RS41-SG,403.500,7.1,-125,10,2.6,-1,-1
2025-12-02T00:21:12.999Z,V3440740,6281,46.84606,7.40522,26164.7,5.4,28.0,68.4,-67.2,2.3,-1.0,RS41-SG,403.500,7.1,-125,9,2.6,-1,-1
2025-12-02T00:21:13.999Z,V3440740,6282,46.84615,7.40555,26169.7,4.7,27.4,69.9,-67.3,2.2,-1.0,RS41-SG,403.500,6.8,-125,10,2.5,-1,-1
2025-12-02T00:21:14.999Z,V3440740,6283,46.84623,7.40589,26175.1,6.0,27.2,71.3,-67.3,2.2,-1.0,RS41-SG,403.500,6.7,250,10,2.5,-1,-1
2025-12-02T00:21:15.999Z,V3440740,6284,46.84631,7.40623,26181.5,6.6,27.7,72.1,-67.3,2.3,-1.0,RS41-SG,403.500,6.7,-125,10,2.5,-1,-1
2025-12-02T00:21:32.999Z,V3440740,6301,46.84739,7.41269,26276.7,5.2,29.7,78.7,-67.6,2.3,-1.0,RS41-SG,403.500,6.8,250,10,2.5,-1,-1
2025-12-02T00:21:37.999Z,V3440740,6306,46.84758,7.41475,26304.8,6.6,32.9,81.3,-67.6,2.3,-1.0,RS41-SG,403.500,6.5,250,10,2.5,-1,-1
2025-12-02T00:21:38.999Z,V3440740,6307,46.84763,7.41517,26310.4,4.9,32.9,78.7,-67.6,2.3,-1.0,RS41-SG,403.500,7.0,250,10,2.5,-1,-1
2025-12-02T00:21:39.999Z,V3440740,6308,46.84769,7.41559,26315.0,4.7,32.5,77.2,-67.6,2.2,-1.0,RS41-SG,403.500,7.1,-125,10,2.6,-1,-1
2025-12-02T00:21:40.999Z,V3440740,6309,46.84775,7.41600,26320.1,5.7,31.7,76.9,-67.6,2.2,-1.0,RS41-SG,403.500,7.4,250,10,2.6,-1,-1
2025-12-02T00:21:41.999Z,V3440740,6310,46.84781,7.41639,26326.2,6.3,30.6,78.5,-67.6,2.3,-1.0,RS41-SG,403.500,7.4,250,10,2.5,-1,-1
2025-12-02T00:21:42.999Z,V3440740,6311,46.84787,7.41678,26331.8,4.4,29.9,80.0,-67.6,2.2,-1.0,RS41-SG,403.500,7.4,250,10,2.5,-1,-1
2025-12-02T00:21:44.999Z,V3440740,6313,46.84795,7.41753,26341.1,5.6,28.8,81.8,-67.6,2.3,-1.0,RS41-SG,403.500,6.6,250,10,2.5,-1,-1
2025-12-02T00:21:45.999Z,V3440740,6314,46.84799,7.41791,26347.1,6.5,28.7,81.1,-67.6,2.3,-1.0,RS41-SG,403.500,7.2,250,10,2.6,-1,-1
2025-12-02T00:21:46.999Z,V3440740,6315,46.84803,7.41828,26353.1,5.6,29.0,80.6,-67.6,2.3,-1.0,RS41-SG,403.500,7.2,250,10,2.6,-1,-1
2025-12-02T00:21:47.999Z,V3440740,6316,46.84807,7.41866,26358.8,5.8,29.7,80.9,-67.6,2.3,-1.0,RS41-SG,403.500,7.2,250,10,2.5,-1,-1
2025-12-02T00:21:48.999Z,V3440740,6317,46.84811,7.41904,26364.8,6.1,30.4,82.4,-67.5,2.3,-1.0,RS41-SG,403.500,7.2,250,10,2.5,-1,-1
2025-12-02T00:21:49.999Z,V3440740,6318,46.84814,7.41944,26370.5,5.3,31.3,84.2,-67.5,2.2,-1.0,RS41-SG,403.500,7.4,250,10,2.5,-1,-1
2025-12-02T00:21:50.999Z,V3440740,6319,46.84817,7.41985,26375.4,4.4,31.7,85.1,-67.5,2.2,-1.0,RS41-SG,403.500,7.4,250,10,2.5,-1,-1
2025-12-02T00:21:51.999Z,V3440740,6320,46.84819,7.42027,26380.2,5.3,32.2,85.3,-67.5,2.3,-1.0,RS41-SG,403.500,7.6,250,10,2.6,-1,-1
2025-12-02T00:21:52.999Z,V3440740,6321,46.84822,7.42069,26386.1,6.6,32.1,84.0,-67.5,2.2,-1.0,RS41-SG,403.500,7.6,250,10,2.6,-1,-1
2025-12-02T00:21:54.999Z,V3440740,6323,46.84829,7.42151,26397.0,4.4,31.4,81.8,-67.6,2.3,-1.0,RS41-SG,403.500,7.1,250,10,2.5,-1,-1
2025-12-02T00:21:55.999Z,V3440740,6324,46.84833,7.42192,26402.3,6.0,31.0,82.6,-67.6,2.3,-1.0,RS41-SG,403.500,7.6,250,10,2.5,-1,-1
2025-12-02T00:21:56.999Z,V3440740,6325,46.84836,7.42232,26408.4,6.4,30.7,84.5,-67.7,2.3,-1.0,RS41-SG,403.500,7.6,250,10,2.6,-1,-1
2025-12-02T00:21:57.999Z,V3440740,6326,46.84838,7.42272,26414.1,5.0,30.5,85.7,-67.7,2.3,-1.0,RS41-SG,403.500,7.6,250,10,2.6,-1,-1
2025-12-02T00:21:58.999Z,V3440740,6327,46.84840,7.42311,26419.3,5.2,30.1,86.6,-67.7,2.2,-1.0,RS41-SG,403.500,7.6,250,10,2.5,-1,-1
2025-12-02T00:22:00.999Z,V3440740,6329,46.84844,7.42388,26430.8,5.6,28.9,84.7,-67.8,2.3,-1.0,RS41-SG,403.500,7.5,250,10,2.5,-1,-1
2025-12-02T00:22:01.999Z,V3440740,6330,46.84847,7.42425,26435.8,4.4,28.8,84.0,-67.8,2.3,-1.0,RS41-SG,403.500,7.5,250,10,2.5,-1,-1
2025-12-02T00:22:02.999Z,V3440740,6331,46.84849,7.42463,26440.5,5.3,29.1,84.4,-67.9,2.3,-1.0,RS41-SG,403.500,8.5,-125,10,2.6,-1,-1
2025-12-02T00:22:03.999Z,V3440740,6332,46.84852,7.42501,26446.3,6.4,30.0,85.8,-67.9,2.3,-1.0,RS41-SG,403.500,8.5,250,10,2.6,-1,-1
2025-12-02T00:22:04.999Z,V3440740,6333,46.84853,7.42541,26451.9,4.9,31.0,87.4,-67.9,2.3,-1.0,RS41-SG,403.500,8.2,-125,10,2.5,-1,-1
2025-12-02T00:22:06.999Z,V3440740,6335,46.84855,7.42623,26461.8,5.6,32.0,88.0,-68.0,2.4,-1.0,RS41-SG,403.500,8.1,250,10,2.5,-1,-1
2025-12-02T00:22:07.999Z,V3440740,6336,46.84857,7.42665,26467.8,6.4,31.8,86.4,-68.1,2.3,-1.0,RS41-SG,403.500,8.1,-125,10,2.5,-1,-1
2025-12-02T00:22:08.999Z,V3440740,6337,46.84859,7.42706,26473.3,4.9,31.4,85.0,-68.1,2.3,-1.0,RS41-SG,403.500,7.9,250,10,2.6,-1,-1
2025-12-02T00:22:09.999Z,V3440740,6338,46.84861,7.42747,26478.2,4.7,31.1,84.3,-68.2,2.4,-1.0,RS41-SG,403.500,7.9,-125,10,2.6,-1,-1
2025-12-02T00:22:10.999Z,V3440740,6339,46.84864,7.42787,26483.4,5.8,31.0,84.8,-68.2,2.4,-1.0,RS41-SG,403.500,8.3,250,10,2.5,-1,-1
2025-12-02T00:22:11.999Z,V3440740,6340,46.84866,7.42828,26489.4,5.8,31.2,86.2,-68.2,2.4,-1.0,RS41-SG,403.500,8.3,-125,10,2.5,-1,-1
2025-12-02T00:22:12.999Z,V3440740,6341,46.84868,7.42869,26494.5,4.4,31.4,87.3,-68.3,2.3,-1.0,RS41-SG,403.500,8.2,250,10,2.5,-1,-1
2025-12-02T00:22:13.999Z,V3440740,6342,46.84869,7.42910,26499.0,4.6,31.6,87.6,-68.3,2.4,-1.0,RS41-SG,403.500,7.9,250,10,2.6,-1,-1
2025-12-02T00:22:14.999Z,V3440740,6343,46.84870,7.42951,26504.4,5.8,31.5,87.1,-68.4,2.4,-1.0,RS41-SG,403.500,7.8,-125,10,2.6,-1,-1
2025-12-02T00:22:15.999Z,V3440740,6344,46.84872,7.42992,26510.4,6.0,31.3,85.6,-68.4,2.4,-1.0,RS41-SG,403.500,8.0,250,10,2.5,-1,-1
2025-12-02T00:22:16.999Z,V3440740,6345,46.84874,7.43032,26516.0,5.2,31.0,84.6,-68.4,2.4,-1.0,RS41-SG,403.500,8.0,250,10,2.5,-1,-1
2025-12-02T00:22:17.999Z,V3440740,6346,46.84877,7.43073,26521.1,5.1,30.9,84.9,-68.4,2.4,-1.0,RS41-SG,403.500,8.2,-125,10,2.5,-1,-1
2025-12-02T00:22:18.999Z,V3440740,6347,46.84879,7.43113,26526.2,5.1,31.1,86.6,-68.4,2.3,-1.0,RS41-SG,403.500,8.2,250,10,2.5,-1,-1
2025-12-02T00:22:19.999Z,V3440740,6348,46.84880,7.43154,26531.7,6.2,31.4,89.3,-68.5,2.4,-1.0,RS41-SG,403.500,7.5,250,8,2.6,-1,-1
2025-12-02T00:22:20.999Z,V3440740,6349,46.84880,7.43195,26536.8,4.2,31.5,90.8,-68.5,2.4,-1.0,RS41-SG,403.500,7.5,250,10,2.6,-1,-1
2025-12-02T00:22:21.999Z,V3440740,6350,46.84880,7.43236,26541.0,4.0,31.5,91.2,-68.5,2.4,-1.0,RS41-SG,403.500,7.3,-125,10,2.5,-1,-1
2025-12-02T00:22:23.999Z,V3440740,6352,46.84880,7.43318,26551.2,5.8,31.0,86.1,-68.5,2.4,-1.0,RS41-SG,403.500,7.0,250,10,2.5,-1,-1
2025-12-02T00:22:24.999Z,V3440740,6353,46.84883,7.43358,26556.7,5.0,30.8,83.1,-68.5,2.5,-1.0,RS41-SG,403.500,7.1,-125,10,2.5,-1,-1
2025-12-02T00:22:25.999Z,V3440740,6354,46.84887,7.43397,26560.9,3.8,30.5,80.7,-68.5,2.4,-1.0,RS41-SG,403.500,7.3,-125,10,2.6,-1,-1
2025-12-02T00:22:26.999Z,V3440740,6355,46.84891,7.43437,26565.0,4.5,30.5,80.1,-68.5,2.4,-1.0,RS41-SG,403.500,7.3,250,10,2.6,-1,-1
2025-12-02T00:22:27.999Z,V3440740,6356,46.84896,7.43476,26570.4,5.9,30.3,82.2,-68.5,2.4,-1.0,RS41-SG,403.500,7.3,-125,10,2.5,-1,-1
2025-12-02T00:22:28.999Z,V3440740,6357,46.84898,7.43515,26576.3,6.1,30.3,85.6,-68.5,2.4,-1.0,RS41-SG,403.500,7.1,-125,10,2.5,-1,-1
2025-12-02T00:22:29.999Z,V3440740,6358,46.84900,7.43555,26581.4,4.1,30.5,88.3,-68.5,2.3,-1.0,RS41-SG,403.500,7.0,-125,10,2.5,-1,-1
2025-12-02T00:22:32.999Z,V3440740,6361,46.84899,7.43677,26595.4,6.3,32.1,90.5,-68.3,2.3,-1.0,RS41-SG,403.500,6.7,-125,10,2.6,-1,-1
2025-12-02T00:22:34.999Z,V3440740,6363,46.84900,7.43762,26605.8,4.7,32.7,87.7,-68.2,2.3,-1.0,RS41-SG,403.500,6.8,250,10,2.5,-1,-1
2025-12-02T00:22:35.999Z,V3440740,6364,46.84902,7.43804,26610.9,5.6,32.7,87.0,-68.2,2.3,-1.0,RS41-SG,403.500,7.3,250,10,2.5,-1,-1
2025-12-02T00:22:37.999Z,V3440740,6366,46.84905,7.43889,26621.3,4.9,32.0,85.4,-68.2,2.3,-1.0,RS41-SG,403.500,6.6,-125,10,2.6,-1,-1
2025-12-02T00:23:07.999Z,V3440740,6396,46.85089,7.45101,26769.2,4.3,34.0,71.2,-67.2,2.2,-1.0,RS41-SG,403.500,6.5,-125,10,2.5,-1,-1
2025-12-02T00:23:11.999Z,V3440740,6400,46.85128,7.45264,26789.4,5.5,32.1,70.5,-67.0,2.1,-1.0,RS41-SG,403.500,7.2,-125,10,2.6,-1,-1
2025-12-02T00:23:13.999Z,V3440740,6402,46.85148,7.45344,26800.6,4.6,32.8,70.3,-66.8,2.1,-1.0,RS41-SG,403.500,6.9,-125,10,2.5,-1,-1
2025-12-02T00:24:03.999Z,V3440740,6452,46.85432,7.47447,27052.6,5.2,34.4,81.0,-66.5,2.2,-1.0,RS41-SG,403.500,7.1,-125,10,2.6,-1,-1
2025-12-02T00:24:05.999Z,V3440740,6454,46.85444,7.47535,27061.6,4.4,34.1,77.8,-66.5,2.2,-1.0,RS41-SG,403.500,7.1,-125,10,2.5,-1,-1
2025-12-02T00:24:06.999Z,V3440740,6455,46.85450,7.47578,27066.9,5.9,33.3,77.1,-66.6,2.1,-1.0,RS41-SG,403.500,7.1,-125,10,2.5,-1,-1
2025-12-02T00:24:07.999Z,V3440740,6456,46.85457,7.47620,27072.6,5.6,32.5,77.6,-66.6,2.2,-1.0,RS41-SG,403.500,6.9,-125,10,2.5,-1,-1
2025-12-02T00:24:09.999Z,V3440740,6458,46.85468,7.47704,27083.9,6.0,33.3,80.2,-66.7,2.2,-1.0,RS41-SG,403.500,7.1,-125,10,2.6,-1,-1
2025-12-02T00:24:10.999Z,V3440740,6459,46.85473,7.47747,27089.9,6.2,34.9,81.4,-66.8,2.2,-1.0,RS41-SG,403.500,7.5,-125,10,2.5,-1,-1
2025-12-02T00:24:11.999Z,V3440740,6460,46.85478,7.47793,27095.3,4.2,36.2,82.2,-66.8,2.3,-1.0,RS41-SG,403.500,7.5,-125,10,2.5,-1,-1
2025-12-02T00:24:13.999Z,V3440740,6462,46.85486,7.47889,27104.6,5.7,37.2,84.0,-66.8,2.3,-1.0,RS41-SG,403.500,7.6,-125,10,2.5,-1,-1
2025-12-02T00:24:14.999Z,V3440740,6463,46.85489,7.47937,27110.5,6.7,36.3,84.5,-66.9,2.2,-1.0,RS41-SG,403.500,7.6,-125,10,2.6,-1,-1
2025-12-02T00:24:15.999Z,V3440740,6464,46.85492,7.47983,27116.5,5.1,35.5,84.6,-66.9,2.2,-1.0,RS41-SG,403.500,7.8,-125,10,2.6,-1,-1
2025-12-02T00:24:16.999Z,V3440740,6465,46.85495,7.48029,27121.8,5.0,35.0,84.3,-66.9,2.2,-1.0,RS41-SG,403.500,7.8,-125,10,2.5,-1,-1
2025-12-02T00:24:17.999Z,V3440740,6466,46.85498,7.48075,27127.2,5.7,35.2,83.4,-66.9,2.2,-1.0,RS41-SG,403.500,7.3,250,10,2.5,-1,-1
2025-12-02T00:24:19.999Z,V3440740,6468,46.85506,7.48168,27137.9,4.4,36.6,82.1,-66.8,2.4,-1.0,RS41-SG,403.500,7.7,-125,10,2.5,-1,-1
2025-12-02T00:24:20.999Z,V3440740,6469,46.85511,7.48215,27142.3,4.3,36.8,82.1,-66.8,2.2,-1.0,RS41-SG,403.500,7.7,-125,10,2.6,-1,-1
2025-12-02T00:24:21.999Z,V3440740,6470,46.85515,7.48262,27147.3,5.8,36.3,83.1,-66.8,2.2,-1.0,RS41-SG,403.500,7.5,250,10,2.6,-1,-1
2025-12-02T00:24:22.999Z,V3440740,6471,46.85519,7.48309,27153.4,6.3,35.3,84.1,-66.7,2.1,-1.0,RS41-SG,403.500,7.5,250,10,2.5,-1,-1
2025-12-02T00:24:29.999Z,V3440740,6478,46.85543,7.48631,27192.1,5.6,35.6,82.9,-66.4,2.0,-1.0,RS41-SG,403.500,7.0,250,10,2.5,-1,-1
2025-12-02T00:24:37.999Z,V3440740,6486,46.85556,7.48991,27237.4,5.2,36.0,88.6,-66.2,2.0,-1.0,RS41-SG,403.500,6.7,250,10,2.6,-1,-1
2025-12-02T00:25:39.999Z,V3440740,6548,46.85721,7.51681,27604.2,5.6,31.3,84.1,-67.1,2.2,-1.0,RS41-SG,403.500,6.6,250,10,2.5,-1,-1
2025-12-02T00:25:52.999Z,V3440740,6561,46.85788,7.52261,27683.4,7.2,33.9,81.8,-67.3,2.3,-1.0,RS41-SG,403.500,7.0,-125,10,2.5,-1,-1
2025-12-02T00:25:54.999Z,V3440740,6563,46.85797,7.52349,27696.4,5.4,34.0,81.5,-67.4,2.2,-1.0,RS41-SG,403.500,6.9,-125,10,2.6,-1,-1
2025-12-02T00:26:08.999Z,V3440740,6577,46.85901,7.52984,27783.1,6.9,32.3,76.4,-67.6,2.3,-1.0,RS41-SG,403.500,6.5,-125,10,2.5,-1,-1
2025-12-02T00:26:12.999Z,V3440740,6581,46.85928,7.53158,27808.1,6.1,36.0,79.0,-67.6,2.2,-1.0,RS41-SG,403.500,7.2,-125,10,2.5,-1,-1
2025-12-02T00:26:13.999Z,V3440740,6582,46.85934,7.53205,27814.8,7.0,36.9,80.4,-67.6,2.2,-1.0,RS41-SG,403.500,7.2,-125,10,2.5,-1,-1
2025-12-02T00:26:14.999Z,V3440740,6583,46.85939,7.53253,27821.2,6.0,37.3,80.8,-67.6,2.2,-1.0,RS41-SG,403.500,6.8,-125,10,2.5,-1,-1
2025-12-02T00:26:18.999Z,V3440740,6587,46.85966,7.53454,27846.0,5.2,41.3,76.2,-67.4,2.0,-1.0,RS41-SG,403.500,7.4,-125,10,2.5,-1,-1
2025-12-02T00:26:26.999Z,V3440740,6595,46.86024,7.53840,27895.1,5.9,37.7,79.4,-67.4,2.2,-1.0,RS41-SG,403.500,6.6,-125,10,2.5,-1,-1
2025-12-02T00:26:27.999Z,V3440740,6596,46.86030,7.53889,27900.6,5.1,39.2,78.7,-67.4,2.2,-1.0,RS41-SG,403.500,7.1,-125,10,2.6,-1,-1
2025-12-02T00:26:28.999Z,V3440740,6597,46.86037,7.53940,27905.9,5.5,40.3,78.3,-67.4,2.2,-1.0,RS41-SG,403.500,7.1,-125,10,2.6,-1,-1
2025-12-02T00:26:29.999Z,V3440740,6598,46.86045,7.53992,27911.8,6.2,40.9,78.2,-67.5,2.1,-1.0,RS41-SG,403.500,7.1,-125,10,2.5,-1,-1
2025-12-02T00:26:30.999Z,V3440740,6599,46.86052,7.54044,27917.9,6.0,41.0,78.3,-67.5,2.4,-1.0,RS41-SG,403.500,7.7,-125,10,2.5,-1,-1
2025-12-02T00:26:31.999Z,V3440740,6600,46.86060,7.54096,27923.4,5.0,41.2,78.0,-67.5,2.3,-1.0,RS41-SG,403.500,7.7,-125,10,2.5,-1,-1
2025-12-02T00:26:32.999Z,V3440740,6601,46.86068,7.54149,27928.6,5.5,41.8,77.4,-67.6,2.3,-1.0,RS41-SG,403.500,7.5,-125,10,2.5,-1,-1
2025-12-02T00:26:33.999Z,V3440740,6602,46.86076,7.54203,27934.6,6.8,42.8,76.2,-67.6,2.2,-1.0,RS41-SG,403.500,7.4,-125,10,2.6,-1,-1
2025-12-02T00:26:34.999Z,V3440740,6603,46.86085,7.54258,27940.7,5.7,43.5,76.1,-67.6,2.2,-1.0,RS41-SG,403.500,7.7,-125,10,2.6,-1,-1
2025-12-02T00:26:35.999Z,V3440740,6604,46.86095,7.54313,27946.3,5.2,43.6,75.7,-67.6,2.2,-1.0,RS41-SG,403.500,7.8,-125,10,2.5,-1,-1
2025-12-02T00:26:36.999Z,V3440740,6605,46.86105,7.54367,27952.3,6.4,42.6,75.5,-67.6,2.3,-1.0,RS41-SG,403.500,7.8,-125,10,2.5,-1,-1
2025-12-02T00:26:37.999Z,V3440740,6606,46.86114,7.54420,27959.1,7.1,40.7,75.9,-67.6,2.2,-1.0,RS41-SG,403.500,7.5,-125,10,2.5,-1,-1
2025-12-02T00:26:38.999Z,V3440740,6607,46.86122,7.54470,27965.5,5.9,38.7,76.5,-67.7,2.2,-1.0,RS41-SG,403.500,7.8,-125,10,2.5,-1,-1
2025-12-02T00:26:39.999Z,V3440740,6608,46.86130,7.54519,27970.7,4.4,37.2,77.2,-67.7,2.2,-1.0,RS41-SG,403.500,7.8,-125,10,2.6,-1,-1
2025-12-02T00:26:43.999Z,V3440740,6612,46.86159,7.54707,27993.9,5.5,38.1,77.4,-67.6,2.2,-1.0,RS41-SG,403.500,6.8,-125,10,2.5,-1,-1
2025-12-02T00:26:44.999Z,V3440740,6613,46.86166,7.54756,27999.7,6.1,38.7,78.2,-67.6,2.2,-1.0,RS41-SG,403.500,7.1,-125,10,2.5,-1,-1
2025-12-02T00:26:45.999Z,V3440740,6614,46.86173,7.54806,28006.0,6.9,38.9,79.5,-67.6,2.1,-1.0,RS41-SG,403.500,7.1,-125,10,2.6,-1,-1
2025-12-02T00:26:46.999Z,V3440740,6615,46.86179,7.54856,28012.2,5.4,38.9,80.1,-67.6,2.1,-1.0,RS41-SG,403.500,6.8,-125,10,2.6,-1,-1
2025-12-02T00:26:47.999Z,V3440740,6616,46.86185,7.54906,28017.5,5.2,39.2,80.2,-67.5,2.2,-1.0,RS41-SG,403.500,7.2,-125,10,2.5,-1,-1
2025-12-02T00:26:49.999Z,V3440740,6618,46.86198,7.55009,28029.9,6.5,41.3,79.3,-67.5,2.2,-1.0,RS41-SG,403.500,6.9,-125,10,2.5,-1,-1
2025-12-02T00:26:50.999Z,V3440740,6619,46.86205,7.55062,28035.9,5.3,42.1,78.7,-67.5,2.2,-1.0,RS41-SG,403.500,7.2,-125,10,2.5,-1,-1
2025-12-02T00:26:53.999Z,V3440740,6622,46.86227,7.55221,28054.3,6.4,39.4,79.3,-67.5,2.1,-1.0,RS41-SG,403.500,6.6,-125,10,2.5,-1,-1
2025-12-02T00:26:57.999Z,V3440740,6626,46.86248,7.55417,28076.1,6.8,38.5,82.4,-67.5,2.1,-1.0,RS41-SG,403.500,6.9,250,10,2.6,-1,-1
2025-12-02T00:26:58.999Z,V3440740,6627,46.86253,7.55468,28082.0,5.2,39.5,82.2,-67.5,2.1,-1.0,RS41-SG,403.500,6.9,250,10,2.5,-1,-1
2025-12-02T00:27:01.999Z,V3440740,6630,46.86267,7.55621,28098.6,6.6,38.7,82.7,-67.5,2.2,-1.0,RS41-SG,403.500,6.6,-125,10,2.5,-1,-1
2025-12-02T00:27:10.999Z,V3440740,6639,46.86312,7.56069,28149.5,5.2,37.3,82.4,-67.7,2.2,-1.0,RS41-SG,403.500,6.6,-125,10,2.5,-1,-1
2025-12-02T00:41:58.999Z,V3440740,7527,46.90807,8.19822,33176.9,4.8,73.3,87.5,-273.0,-1.0,-1.0,RS41,403.500,6.5,-125,10,2.6,-1,-1
2025-12-02T00:41:59.999Z,V3440740,7528,46.90810,8.19918,33181.9,5.3,74.1,88.0,-273.0,-1.0,-1.0,RS41,403.500,6.7,-125,10,2.5,-1,-1
2025-12-02T00:42:05.999Z,V3440740,7534,46.90823,8.20479,33213.2,4.6,67.7,89.0,-273.0,-1.0,-1.0,RS41,403.500,6.9,-125,10,2.5,-1,-1
2025-12-02T00:42:06.999Z,V3440740,7535,46.90823,8.20567,33218.2,5.3,67.1,89.8,-273.0,-1.0,-1.0,RS41,403.500,6.8,-125,10,2.5,-1,-1
2025-12-02T00:42:14.000Z,V3440740,7542,46.90836,8.21195,33255.4,4.6,70.4,83.6,-273.0,-1.0,-1.0,RS41,403.500,6.5,-125,10,2.5,-1,-1
2025-12-02T00:42:28.000Z,V3440740,7556,46.90871,8.22471,33326.0,5.0,68.5,85.4,-273.0,-1.0,-1.0,RS41,403.500,6.6,-125,11,2.6,-1,-1
2025-12-02T00:42:29.000Z,V3440740,7557,46.90875,8.22561,33331.4,5.8,69.6,87.0,-273.0,-1.0,-1.0,RS41,403.500,6.6,-125,11,2.5,-1,-1
