timestamp,serial,frame,lat,lon,alt,vel_v,vel_h,heading,temp,humidity,pressure,type,freq_mhz,snr,f_error_hz,sats,batt_v,burst_timer,aux_data
2025-05-15T12:14:22.999Z,V4221040,7538,46.59244,6.90744,24469.3,4.5,9.5,259.6,-273.0,-1.0,-1.0,RS41,403.500,7.5,-225,8,2.6,-1,-1
2025-05-15T12:14:31.999Z,V4221040,7547,46.59242,6.90615,24521.7,4.5,11.6,275.6,-273.0,-1.0,-1.0,RS41,403.500,8.0,-225,8,2.7,-1,-1
2025-05-15T12:14:35.999Z,V4221040,7551,46.59245,6.90557,24545.0,5.7,11.1,274.8,-273.0,-1.0,-1.0,RS41,403.500,8.3,-225,8,2.6,-1,-1
2025-05-15T12:14:38.999Z,V4221040,7554,46.59248,6.90519,24562.6,5.7,8.9,279.8,-273.0,-1.0,-1.0,RS41,403.500,8.9,-225,8,2.6,-1,-1
2025-05-15T12:14:39.999Z,V4221040,7555,46.59249,6.90508,24568.7,6.4,9.3,280.5,-273.0,-1.0,-1.0,RS41,403.500,9.1,-225,8,2.6,-1,-1
2025-05-15T12:14:41.999Z,V4221040,7557,46.59253,6.90483,24580.3,5.4,10.3,278.6,-273.0,-1.0,-1.0,RS41,403.500,8.0,-225,8,2.7,-1,-1
2025-05-15T12:14:42.999Z,V4221040,7558,46.59254,6.90470,24586.3,6.7,9.8,276.0,-273.0,-1.0,-1.0,RS41,403.500,8.4,-225,8,2.6,-1,-1
2025-05-15T12:14:48.999Z,V4221040,7564,46.59253,6.90401,24620.7,5.6,9.3,269.7,-273.0,-1.0,-1.0,RS41,403.500,8.0,-225,8,2.6,-1,-1
2025-05-15T12:14:49.999Z,V4221040,7565,46.59253,6.90390,24626.6,6.6,8.4,274.9,-273.0,-1.0,-1.0,RS41,403.500,8.3,-225,8,2.6,-1,-1
2025-05-15T12:14:50.999Z,V4221040,7566,46.59254,6.90379,24632.5,5.2,7.5,279.4,-273.0,-1.0,-1.0,RS41,403.500,8.7,-225,8,2.7,-1,-1
2025-05-15T12:14:51.999Z,V4221040,7567,46.59256,6.90370,24637.8,5.6,7.1,285.6,-273.0,-1.0,-1.0,RS41,403.500,8.7,-225,8,2.7,-1,-1
2025-05-15T12:14:52.999Z,V4221040,7568,46.59258,6.90361,24643.5,5.9,7.6,288.6,-273.0,-1.0,-1.0,RS41,403.500,8.3,-225,8,2.7,-1,-1
2025-05-15T12:14:53.999Z,V4221040,7569,46.59260,6.90351,24649.4,5.7,8.4,290.1,-273.0,-1.0,-1.0,RS41,403.500,8.3,-225,8,2.6,-1,-1
2025-05-15T12:14:54.999Z,V4221040,7570,46.59262,6.90340,24655.0,4.9,9.0,288.5,-273.0,-1.0,-1.0,RS41,403.500,8.1,-225,8,2.6,-1,-1
2025-05-15T12:14:55.999Z,V4221040,7571,46.59264,6.90329,24660.5,6.0,8.5,281.8,-273.0,-1.0,-1.0,RS41,403.500,9.6,-225,8,2.6,-1,-1
2025-05-15T12:14:56.999Z,V4221040,7572,46.59266,6.90319,24666.9,6.8,7.6,275.1,-273.0,-1.0,-1.0,RS41,403.500,9.6,-225,8,2.7,-1,-1
2025-05-15T12:14:57.999Z,V4221040,7573,46.59266,6.90310,24672.8,5.3,6.9,269.4,-273.0,-1.0,-1.0,RS41,403.500,8.4,-225,8,2.7,-1,-1
2025-05-15T12:14:58.999Z,V4221040,7574,46.59265,6.90301,24678.4,5.7,6.7,264.8,-273.0,-1.0,-1.0,RS41,403.500,8.5,-225,8,2.7,-1,-1
2025-05-15T12:15:00.999Z,V4221040,7576,46.59265,6.90282,24690.3,5.8,7.9,267.0,-273.0,-1.0,-1.0,RS41,403.500,9.4,-225,8,2.6,-1,-1
2025-05-15T12:15:01.999Z,V4221040,7577,46.59264,6.90272,24695.7,4.9,8.3,272.2,-273.0,-1.0,-1.0,RS41,403.500,9.4,-225,8,2.5,-1,-1
2025-05-15T12:15:03.999Z,V4221040,7579,46.59267,6.90252,24707.2,6.8,7.5,292.4,-273.0,-1.0,-1.0,RS41,403.500,8.5,-225,7,2.7,-1,-1
2025-05-15T12:15:04.999Z,V4221040,7580,46.59270,6.90243,24713.2,5.1,7.4,300.9,-273.0,-1.0,-1.0,RS41,403.500,8.5,-225,8,2.7,-1,-1
2025-05-15T12:15:05.999Z,V4221040,7581,46.59274,6.90235,24718.8,5.8,7.5,306.6,-273.0,-1.0,-1.0,RS41,403.500,8.6,-225,8,2.6,-1,-1
2025-05-15T12:15:06.999Z,V4221040,7582,46.59278,6.90227,24725.2,7.1,8.1,302.8,-273.0,-1.0,-1.0,RS41-SG,403.500,8.6,-225,8,2.6,-1,-1
2025-05-15T12:15:10.999Z,V4221040,7586,46.59289,6.90187,24748.2,6.3,7.4,288.5,-273.0,-1.0,-1.0,RS41-SG,403.500,7.9,-225,8,2.6,-1,-1
2025-05-15T12:15:11.999Z,V4221040,7587,46.59291,6.90178,24754.0,5.4,6.6,289.9,-273.0,-1.0,-1.0,RS41-SG,403.500,8.3,-225,8,2.7,-1,-1
2025-05-15T12:15:12.999Z,V4221040,7588,46.59293,6.90170,24759.2,5.1,6.5,288.1,-273.0,-1.0,-1.0,RS41-SG,403.500,9.3,-225,8,2.7,-1,-1
2025-05-15T12:15:13.999Z,V4221040,7589,46.59295,6.90162,24764.9,6.3,7.0,286.8,-273.0,-1.0,-1.0,RS41-SG,403.500,9.3,-225,8,2.6,-1,-1
2025-05-15T12:15:14.999Z,V4221040,7590,46.59297,6.90152,24771.1,6.3,8.0,287.3,-273.0,-1.0,-1.0,RS41-SG,403.500,9.0,-225,8,2.6,-1,-1
2025-05-15T12:15:16.999Z,V4221040,7592,46.59302,6.90132,24782.0,5.4,8.7,293.6,-273.0,-1.0,-1.0,RS41-SG,403.500,8.8,-225,8,2.7,-1,-1
2025-05-15T12:15:17.999Z,V4221040,7593,46.59306,6.90122,24787.8,6.5,8.3,303.4,-273.0,-1.0,-1.0,RS41-SG,403.500,8.8,-225,8,2.7,-1,-1
2025-05-15T12:15:18.999Z,V4221040,7594,46.59310,6.90114,24794.3,5.9,7.7,310.8,-273.0,-1.0,-1.0,RS41-SG,403.500,9.1,-225,8,2.6,-1,-1
2025-05-15T12:15:19.999Z,V4221040,7595,46.59315,6.90106,24800.2,5.6,7.5,315.8,-273.0,-1.0,-1.0,RS41-SG,403.500,10.0,-225,8,2.6,-1,-1
2025-05-15T12:15:20.999Z,V4221040,7596,46.59319,6.90100,24806.3,6.6,7.7,315.3,-273.0,-1.0,-1.0,RS41-SG,403.500,10.0,-225,8,2.6,-1,-1
2025-05-15T12:15:21.999Z,V4221040,7597,46.59324,6.90092,24812.7,6.4,8.3,310.0,-273.0,-1.0,-1.0,RS41-SG,403.500,9.5,-225,8,2.7,-1,-1
2025-05-15T12:15:23.999Z,V4221040,7599,46.59333,6.90074,24823.7,5.9,8.1,300.2,-273.0,-1.0,-1.0,RS41-SG,403.500,9.3,-225,8,2.7,-1,-1
2025-05-15T12:15:24.999Z,V4221040,7600,46.59336,6.90066,24829.9,6.5,7.3,298.8,-273.0,-1.0,-1.0,RS41-SG,403.500,9.3,-225,8,2.6,-1,-1
2025-05-15T12:15:25.999Z,V4221040,7601,46.59339,6.90058,24836.2,5.4,6.7,298.2,-273.0,-1.0,-1.0,RS41-SG,403.500,8.7,-225,8,2.6,-1,-1
2025-05-15T12:15:26.999Z,V4221040,7602,46.59342,6.90050,24842.2,6.7,6.9,295.9,-273.0,-1.0,-1.0,RS41-SG,403.500,8.7,-225,8,2.5,-1,-1
2025-05-15T12:15:27.999Z,V4221040,7603,46.59344,6.90041,24848.9,6.8,7.7,295.5,-273.0,-1.0,-1.0,RS41-SG,403.500,8.4,-225,8,2.7,-1,-1
2025-05-15T12:15:28.999Z,V4221040,7604,46.59348,6.90032,24854.8,5.5,8.3,296.8,-50.8,-1.0,-1.0,RS41-SG,403.500,8.9,-225,8,2.7,-1,-1
2025-05-15T12:15:29.999Z,V4221040,7605,46.59351,6.90022,24860.5,5.9,8.8,302.4,-50.8,-1.0,-1.0,RS41-SG,403.500,10.4,-225,8,2.7,-1,-1
2025-05-15T12:15:30.999Z,V4221040,7606,46.59356,6.90013,24866.8,6.2,8.6,309.2,-50.8,-1.0,-1.0,RS41-SG,403.500,10.4,-225,8,2.6,-1,-1
2025-05-15T12:15:31.999Z,V4221040,7607,46.59361,6.90005,24872.8,5.8,8.5,316.5,-50.9,-1.0,-1.0,RS41-SG,403.500,8.8,-225,8,2.6,-1,-1
2025-05-15T12:15:32.999Z,V4221040,7608,46.59367,6.89997,24878.3,5.4,8.6,319.3,-50.8,-1.0,-1.0,RS41-SG,403.500,8.9,-225,8,2.6,-1,-1
2025-05-15T12:15:33.999Z,V4221040,7609,46.59373,6.89990,24884.2,6.5,9.0,316.9,-50.9,-1.0,-1.0,RS41-SG,403.500,9.1,-225,8,2.7,-1,-1
2025-05-15T12:15:34.999Z,V4221040,7610,46.59378,6.89981,24890.4,6.0,9.5,313.6,-50.9,-1.0,-1.0,RS41-SG,403.500,9.3,-225,8,2.7,-1,-1
2025-05-15T12:15:35.999Z,V4221040,7611,46.59384,6.89972,24895.8,5.3,9.4,309.4,-50.9,-1.0,-1.0,RS41-SG,403.500,9.4,-225,8,2.7,-1,-1
2025-05-15T12:15:36.999Z,V4221040,7612,46.59389,6.89963,24901.3,5.6,8.8,308.4,-51.0,-1.0,-1.0,RS41-SG,403.500,9.6,-225,8,2.6,-1,-1
2025-05-15T12:15:37.999Z,V4221040,7613,46.59394,6.89955,24907.6,6.5,7.5,310.5,-51.0,-1.0,-1.0,RS41-SG,403.500,9.6,-225,8,2.6,-1,-1
2025-05-15T12:15:38.999Z,V4221040,7614,46.59398,6.89948,24913.7,5.5,6.1,312.4,-51.0,-1.0,-1.0,RS41-SG,403.500,10.9,-225,8,2.7,-1,-1
2025-05-15T12:15:39.999Z,V4221040,7615,46.59401,6.89943,24919.2,5.4,4.9,313.9,-51.0,-1.0,-1.0,RS41-SG,403.500,10.9,-225,8,2.7,-1,-1
2025-05-15T12:15:40.999Z,V4221040,7616,46.59404,6.89938,24924.5,5.5,4.2,306.1,-51.1,-1.0,-1.0,RS41-SG,403.500,10.4,-225,8,2.6,-1,-1
2025-05-15T12:15:41.999Z,V4221040,7617,46.59405,6.89933,24930.3,6.1,4.4,294.0,-51.1,-1.0,-1.0,RS41-SG,403.500,10.3,-225,8,2.6,-1,-1
2025-05-15T12:15:42.999Z,V4221040,7618,46.59407,6.89927,24936.3,6.0,5.2,285.9,-51.1,-1.0,-1.0,RS41-SG,403.500,10.3,-225,8,2.7,-1,-1
2025-05-15T12:15:43.999Z,V4221040,7619,46.59408,6.89921,24941.6,4.5,5.6,286.2,-51.1,-1.0,-1.0,RS41-SG,403.500,9.7,-225,8,2.7,-1,-1
2025-05-15T12:15:44.999Z,V4221040,7620,46.59410,6.89914,24946.5,5.1,5.3,292.1,-51.1,-1.0,-1.0,RS41-SG,403.500,8.9,-225,8,2.6,-1,-1
2025-05-15T12:15:45.999Z,V4221040,7621,46.59412,6.89908,24952.4,6.5,4.7,307.8,-51.1,-1.0,-1.0,RS41-SG,403.500,9.9,-225,8,2.6,-1,-1
2025-05-15T12:15:47.999Z,V4221040,7623,46.59419,6.89901,24964.0,5.0,5.2,336.9,-51.0,-1.0,-1.0,RS41-SG,403.500,10.2,-225,8,2.7,-1,-1
2025-05-15T12:15:48.999Z,V4221040,7624,46.59423,6.89898,24969.7,6.9,6.0,335.2,-51.1,-1.0,-1.0,RS41-SG,403.500,9.9,-225,8,2.7,-1,-1
2025-05-15T12:15:49.999Z,V4221040,7625,46.59428,6.89894,24976.3,6.1,6.6,329.1,-51.0,-1.0,-1.0,RS41-SG,403.500,9.3,-225,8,2.6,-1,-1
2025-05-15T12:15:50.999Z,V4221040,7626,46.59433,6.89890,24981.9,4.7,6.7,321.8,-51.0,-1.0,-1.0,RS41-SG,403.500,10.0,-225,8,2.6,-1,-1
2025-05-15T12:15:51.999Z,V4221040,7627,46.59438,6.89884,24987.2,6.2,6.9,316.0,-51.0,-1.0,-1.0,RS41-SG,403.500,10.0,-225,8,2.6,-1,-1
2025-05-15T12:15:52.999Z,V4221040,7628,46.59442,6.89878,24993.3,6.2,6.9,316.8,-51.1,-1.0,-1.0,RS41-SG,403.500,10.0,-225,8,2.7,-1,-1
2025-05-15T12:15:53.999Z,V4221040,7629,46.59447,6.89871,24998.7,4.9,6.8,316.4,-51.1,-1.0,-1.0,RS41-SG,403.500,9.0,-225,8,2.7,-1,-1
2025-05-15T12:15:54.999Z,V4221040,7630,46.59451,6.89865,25004.3,6.4,7.1,309.6,-51.1,-1.0,-1.0,RS41-SG,403.500,9.7,-225,8,2.7,-1,-1
2025-05-15T12:15:55.999Z,V4221040,7631,46.59455,6.89857,25010.8,6.3,7.6,298.6,-51.1,-1.0,-1.0,RS41-SG,403.500,9.7,-225,8,2.6,-1,-1
2025-05-15T12:15:56.999Z,V4221040,7632,46.59458,6.89848,25016.8,5.4,7.9,294.4,-51.0,-1.0,-1.0,RS41-SG,403.500,10.3,-225,8,2.6,-1,-1
2025-05-15T12:15:57.999Z,V4221040,7633,46.59460,6.89839,25022.8,6.6,7.7,294.1,-51.0,-1.0,-1.0,RS41-SG,403.500,10.3,-225,8,2.6,-1,-1
2025-05-15T12:15:58.999Z,V4221040,7634,46.59463,6.89830,25029.4,6.7,6.9,300.3,-50.9,-1.0,-1.0,RS41-SG,403.500,10.1,-225,8,2.6,-1,-1
2025-05-15T12:15:59.999Z,V4221040,7635,46.59467,6.89823,25035.1,5.0,6.4,306.9,-50.9,-1.0,-1.0,RS41-SG,403.500,8.8,-225,8,2.6,-1,-1
2025-05-15T12:16:00.999Z,V4221040,7636,46.59470,6.89817,25040.4,5.8,6.6,313.5,-50.8,-1.0,-1.0,RS41-SG,403.500,10.1,-225,8,2.7,-1,-1
2025-05-15T12:16:02.999Z,V4221040,7638,46.59480,6.89804,25052.5,5.3,8.1,315.8,-50.8,-1.0,-1.0,RS41-SG,403.500,8.0,-225,8,2.6,-1,-1
2025-05-15T12:16:03.999Z,V4221040,7639,46.59485,6.89796,25057.8,4.9,8.9,318.9,-50.8,-1.0,-1.0,RS41-SG,403.500,9.7,-225,8,2.6,-1,-1
2025-05-15T12:16:04.999Z,V4221040,7640,46.59492,6.89789,25063.1,6.0,9.7,324.5,-50.9,-1.0,-1.0,RS41-SG,403.500,10.0,-225,8,2.7,-1,-1
2025-05-15T12:16:05.999Z,V4221040,7641,46.59499,6.89782,25069.3,6.6,10.1,330.3,-51.0,-1.0,-1.0,RS41-SG,403.500,10.0,-225,8,2.7,-1,-1
2025-05-15T12:16:07.999Z,V4221040,7643,46.59515,6.89769,25081.0,6.2,10.1,329.2,-51.2,-1.0,-1.0,RS41-SG,403.500,9.1,-225,8,2.6,-1,-1
2025-05-15T12:16:08.999Z,V4221040,7644,46.59522,6.89762,25087.8,7.2,9.5,319.4,-51.2,-1.0,-1.0,RS41-SG,403.500,9.4,-225,8,2.6,-1,-1
2025-05-15T12:16:09.999Z,V4221040,7645,46.59528,6.89753,25093.8,4.9,9.2,311.3,-51.2,-1.0,-1.0,RS41-SG,403.500,9.4,-225,8,2.7,-1,-1
2025-05-15T12:16:10.999Z,V4221040,7646,46.59533,6.89744,25098.3,4.5,8.8,303.5,-51.2,-1.0,-1.0,RS41-SG,403.500,8.2,-225,8,2.7,-1,-1
2025-05-15T12:16:15.999Z,V4221040,7651,46.59550,6.89710,25126.8,6.2,4.3,312.7,-51.4,-1.0,-1.0,RS41-SG,403.500,9.0,-225,8,2.7,-1,-1
2025-05-15T12:16:16.999Z,V4221040,7652,46.59553,6.89706,25132.5,5.2,4.1,311.4,-51.4,-1.0,-1.0,RS41-SG,403.500,8.4,-225,8,2.6,-1,-1
2025-05-15T12:16:18.999Z,V4221040,7654,46.59559,6.89699,25144.2,6.0,5.1,330.5,-51.5,-1.0,-1.0,RS41-SG,403.500,8.9,-225,8,2.6,-1,-1
2025-05-15T12:16:19.999Z,V4221040,7655,46.59563,6.89696,25149.4,4.7,5.8,334.1,-51.4,-1.0,-1.0,RS41-SG,403.500,8.9,-225,8,2.7,-1,-1
2025-05-15T12:16:20.999Z,V4221040,7656,46.59568,6.89692,25154.8,6.4,6.5,328.0,-51.3,-1.0,-1.0,RS41-SG,403.500,9.8,-225,8,2.7,-1,-1
2025-05-15T12:16:21.999Z,V4221040,7657,46.59573,6.89686,25161.4,7.0,6.6,316.0,-51.2,-1.0,-1.0,RS41-SG,403.500,9.8,-225,8,2.7,-1,-1
2025-05-15T12:16:22.999Z,V4221040,7658,46.59577,6.89680,25167.5,5.3,6.8,305.0,-51.2,-1.0,-1.0,RS41-SG,403.500,8.5,-225,8,2.6,-1,-1
2025-05-15T12:16:24.999Z,V4221040,7660,46.59582,6.89664,25179.2,6.8,6.5,294.5,-51.1,-1.0,-1.0,RS41-SG,403.500,9.6,-225,8,2.5,-1,-1
2025-05-15T12:16:25.999Z,V4221040,7661,46.59585,6.89657,25185.2,5.7,6.3,297.8,-51.0,-1.0,-1.0,RS41-SG,403.500,8.3,-225,8,2.7,-1,-1
2025-05-15T12:16:26.999Z,V4221040,7662,46.59587,6.89650,25190.7,5.7,5.9,298.9,-51.0,-1.0,-1.0,RS41-SG,403.500,9.1,-225,8,2.7,-1,-1
2025-05-15T12:16:31.999Z,V4221040,7667,46.59598,6.89615,25218.7,6.2,7.0,306.5,-51.0,-1.0,-1.0,RS41-SG,403.500,8.4,-225,8,2.7,-1,-1
2025-05-15T12:16:32.999Z,V4221040,7668,46.59603,6.89608,25224.8,6.2,7.9,314.6,-51.0,-1.0,-1.0,RS41-SG,403.500,9.1,-225,8,2.7,-1,-1
2025-05-15T12:16:33.999Z,V4221040,7669,46.59608,6.89600,25230.5,5.4,8.4,320.4,-51.0,-1.0,-1.0,RS41-SG,403.500,10.0,-225,8,2.7,-1,-1
2025-05-15T12:16:34.999Z,V4221040,7670,46.59614,6.89594,25236.5,6.2,8.1,319.6,-51.0,-1.0,-1.0,RS41-SG,403.500,10.0,-225,8,2.6,-1,-1
2025-05-15T12:16:36.999Z,V4221040,7672,46.59622,6.89580,25249.6,5.2,6.5,300.0,-50.9,-1.0,-1.0,RS41-SG,403.500,9.5,-225,8,2.7,-1,-1
2025-05-15T12:16:37.999Z,V4221040,7673,46.59624,6.89572,25254.4,4.6,6.2,286.0,-50.8,-1.0,-1.0,RS41-SG,403.500,9.5,-225,8,2.7,-1,-1
2025-05-15T12:16:38.999Z,V4221040,7674,46.59625,6.89564,25259.8,6.2,6.2,277.6,-50.7,-1.0,-1.0,RS41-SG,403.500,10.1,-225,8,2.6,-1,-1
2025-05-15T12:16:41.999Z,V4221040,7677,46.59628,6.89539,25277.4,6.5,7.1,277.0,-50.7,-1.0,-1.0,RS41-SG,403.500,9.2,-225,8,2.7,-1,-1
2025-05-15T12:16:43.999Z,V4221040,7679,46.59629,6.89519,25289.7,5.2,8.2,272.2,-50.6,-1.0,-1.0,RS41-SG,403.500,8.1,-225,8,2.6,-1,-1
2025-05-15T12:16:44.999Z,V4221040,7680,46.59630,6.89509,25295.6,6.2,8.4,279.3,-50.5,-1.0,-1.0,RS41-SG,403.500,9.7,-225,8,2.6,-1,-1
2025-05-15T12:16:45.999Z,V4221040,7681,46.59632,6.89498,25301.7,6.3,8.6,289.8,-50.5,-1.0,-1.0,RS41-SG,403.500,10.2,-225,8,2.6,-1,-1
2025-05-15T12:16:46.999Z,V4221040,7682,46.59635,6.89488,25307.1,4.9,8.8,297.7,-50.5,-1.0,-1.0,RS41-SG,403.500,11.4,-225,8,2.7,-1,-1
2025-05-15T12:16:47.999Z,V4221040,7683,46.59639,6.89478,25312.3,5.8,8.9,300.8,-50.5,-1.0,-1.0,RS41-SG,403.500,11.4,-225,8,2.7,-1,-1
2025-05-15T12:16:48.999Z,V4221040,7684,46.59643,6.89468,25318.1,6.0,8.7,299.6,-50.4,-1.0,-1.0,RS41-SG,403.500,8.2,-225,8,2.6,-1,-1
2025-05-15T12:16:49.999Z,V4221040,7685,46.59646,6.89458,25324.0,5.7,8.2,295.6,-50.4,-1.0,-1.0,RS41-SG,403.500,9.8,-225,8,2.6,-1,-1
2025-05-15T12:16:50.999Z,V4221040,7686,46.59649,6.89449,25329.3,4.8,7.6,292.2,-50.3,-1.0,-1.0,RS41-SG,403.500,9.8,-225,8,2.6,-1,-1
2025-05-15T12:16:51.999Z,V4221040,7687,46.59652,6.89440,25334.4,5.6,6.9,294.7,-50.2,-1.0,-1.0,RS41-SG,403.500,9.6,-225,8,2.6,-1,-1
2025-05-15T12:16:52.999Z,V4221040,7688,46.59654,6.89433,25340.3,6.5,6.2,300.9,-50.3,-1.0,-1.0,RS41-SG,403.500,9.6,-225,8,2.7,-1,-1
2025-05-15T12:16:53.999Z,V4221040,7689,46.59657,6.89426,25346.0,5.1,6.0,307.1,-50.3,-1.0,-1.0,RS41-SG,403.500,10.0,-225,8,2.7,-1,-1
2025-05-15T12:16:54.999Z,V4221040,7690,46.59661,6.89420,25351.4,5.7,5.9,307.0,-50.4,-1.0,-1.0,RS41-SG,403.500,10.0,-225,8,2.7,-1,-1
2025-05-15T12:16:55.999Z,V4221040,7691,46.59664,6.89413,25357.6,6.9,6.4,300.2,-50.4,-1.0,-1.0,RS41-SG,403.500,9.1,-225,8,2.6,-1,-1
2025-05-15T12:16:56.999Z,V4221040,7692,46.59666,6.89405,25363.8,5.3,7.0,295.2,-50.3,-1.0,-1.0,RS41-SG,403.500,8.5,-225,8,2.6,-1,-1
2025-05-15T12:16:58.999Z,V4221040,7694,46.59673,6.89387,25374.7,6.8,8.5,299.1,-50.3,-1.0,-1.0,RS41-SG,403.500,9.1,-225,8,2.7,-1,-1
2025-05-15T12:16:59.999Z,V4221040,7695,46.59677,6.89378,25380.9,6.2,8.8,305.7,-50.3,-1.0,-1.0,RS41-SG,403.500,9.1,-225,8,2.7,-1,-1
2025-05-15T12:17:00.999Z,V4221040,7696,46.59682,6.89369,25386.6,5.4,8.6,310.5,-50.3,-1.0,-1.0,RS41-SG,403.500,8.7,-225,8,2.7,-1,-1
2025-05-15T12:17:01.999Z,V4221040,7697,46.59686,6.89361,25392.8,6.4,7.9,310.8,-50.3,-1.0,-1.0,RS41-SG,403.500,9.3,-225,8,2.6,-1,-1
2025-05-15T12:17:03.999Z,V4221040,7699,46.59694,6.89346,25404.5,4.4,5.9,301.7,-50.3,-1.0,-1.0,RS41-SG,403.500,9.0,-225,8,2.7,-1,-1
2025-05-15T12:17:04.999Z,V4221040,7700,46.59696,6.89340,25409.5,5.5,4.5,300.7,-50.3,-1.0,-1.0,RS41-SG,403.500,8.7,-225,8,2.7,-1,-1
2025-05-15T12:17:05.999Z,V4221040,7701,46.59698,6.89336,25415.4,6.1,3.6,312.5,-50.3,-1.0,-1.0,RS41-SG,403.500,9.2,-225,8,2.6,-1,-1
2025-05-15T12:17:06.999Z,V4221040,7702,46.59701,6.89333,25421.0,4.7,3.6,324.6,-50.3,-1.0,-1.0,RS41-SG,403.500,9.5,-225,8,2.6,-1,-1
2025-05-15T12:17:08.999Z,V4221040,7704,46.59706,6.89328,25432.3,6.8,3.2,313.5,-50.3,-1.0,-1.0,RS41-SG,403.500,9.9,-225,8,2.7,-1,-1
2025-05-15T12:17:09.999Z,V4221040,7705,46.59707,6.89325,25438.2,5.1,3.4,305.6,-50.4,-1.0,-1.0,RS41-SG,403.500,9.9,-225,7,2.7,-1,-1
2025-05-15T12:17:10.999Z,V4221040,7706,46.59709,6.89320,25443.7,5.4,4.3,298.4,-50.4,-1.0,-1.0,RS41-SG,403.500,8.6,-225,8,2.6,-1,-1
2025-05-15T12:17:11.999Z,V4221040,7707,46.59712,6.89315,25449.9,6.7,5.6,304.8,-50.4,-1.0,-1.0,RS41-SG,403.500,9.3,-225,8,2.6,-1,-1
2025-05-15T12:17:12.999Z,V4221040,7708,46.59715,6.89309,25456.0,5.5,6.9,314.4,-50.4,-1.0,-1.0,RS41-SG,403.500,9.3,-225,8,2.6,-1,-1
2025-05-15T12:17:13.999Z,V4221040,7709,46.59720,6.89302,25461.2,5.0,7.5,316.6,-50.4,-1.0,-1.0,RS41-SG,403.500,9.0,-225,8,2.7,-1,-1
2025-05-15T12:17:14.999Z,V4221040,7710,46.59725,6.89295,25466.9,6.9,7.6,315.9,-50.5,-1.0,-1.0,RS41-SG,403.500,8.7,-225,8,2.7,-1,-1
2025-05-15T12:17:15.999Z,V4221040,7711,46.59729,6.89288,25473.2,6.5,6.9,311.4,-50.4,-1.0,-1.0,RS41-SG,403.500,8.7,-225,8,2.7,-1,-1
2025-05-15T12:17:16.999Z,V4221040,7712,46.59733,6.89282,25479.0,5.1,6.6,307.3,-50.4,-1.0,-1.0,RS41-SG,403.500,9.1,-225,8,2.6,-1,-1
2025-05-15T12:17:17.999Z,V4221040,7713,46.59736,6.89275,25484.4,5.4,6.2,304.3,-50.4,-1.0,-1.0,RS41-SG,403.500,9.1,-225,8,2.5,-1,-1
2025-05-15T12:17:18.999Z,V4221040,7714,46.59740,6.89268,25490.2,6.0,6.4,308.3,-50.4,-1.0,-1.0,RS41-SG,403.500,9.4,-225,8,2.5,-1,-1
2025-05-15T12:17:19.999Z,V4221040,7715,46.59743,6.89262,25495.6,4.9,6.4,309.0,-50.5,-1.0,-1.0,RS41-SG,403.500,9.4,-225,8,2.7,-1,-1
2025-05-15T12:17:21.999Z,V4221040,7717,46.59749,6.89248,25506.9,6.3,6.3,290.3,-50.5,-1.0,-1.0,RS41-SG,403.500,8.9,-225,8,2.7,-1,-1
2025-05-15T12:17:22.999Z,V4221040,7718,46.59751,6.89240,25513.0,5.1,6.6,280.6,-50.5,-1.0,-1.0,RS41-SG,403.500,9.1,-225,8,2.6,-1,-1
2025-05-15T12:17:23.999Z,V4221040,7719,46.59752,6.89231,25518.2,5.0,7.1,275.9,-50.5,-1.0,-1.0,RS41-SG,403.500,9.8,-225,8,2.5,-1,-1
2025-05-15T12:17:24.999Z,V4221040,7720,46.59753,6.89221,25523.7,5.6,7.9,282.9,-50.5,-1.0,-1.0,RS41-SG,403.500,10.7,-225,8,2.6,-1,-1
2025-05-15T12:17:25.999Z,V4221040,7721,46.59755,6.89211,25529.5,6.6,8.7,289.2,-50.5,-1.0,-1.0,RS41-SG,403.500,10.7,-225,8,2.7,-1,-1
2025-05-15T12:17:26.999Z,V4221040,7722,46.59758,6.89200,25535.6,5.7,9.2,295.7,-50.5,-1.0,-1.0,RS41-SG,403.500,8.7,-225,8,2.7,-1,-1
2025-05-15T12:17:27.999Z,V4221040,7723,46.59762,6.89190,25540.7,4.6,9.6,301.1,-50.4,-1.0,-1.0,RS41-SG,403.500,8.7,-225,8,2.7,-1,-1
2025-05-15T12:17:29.999Z,V4221040,7725,46.59770,6.89170,25551.9,6.7,8.3,297.4,-50.4,-1.0,-1.0,RS41-SG,403.500,9.2,-225,8,2.6,-1,-1
2025-05-15T12:17:30.999Z,V4221040,7726,46.59773,6.89160,25557.9,5.3,7.4,291.3,-50.5,-1.0,-1.0,RS41-SG,403.500,9.3,-225,8,2.7,-1,-1
2025-05-15T12:17:31.999Z,V4221040,7727,46.59775,6.89151,25562.9,4.8,6.9,285.3,-50.5,-1.0,-1.0,RS41-SG,403.500,9.3,-225,8,2.7,-1,-1
2025-05-15T12:17:32.999Z,V4221040,7728,46.59777,6.89143,25568.7,6.8,6.9,284.0,-50.6,-1.0,-1.0,RS41-SG,403.500,9.3,-225,8,2.6,-1,-1
2025-05-15T12:17:34.999Z,V4221040,7730,46.59781,6.89125,25580.4,5.2,7.7,289.5,-50.6,-1.0,-1.0,RS41-SG,403.500,9.6,-225,8,2.7,-1,-1
2025-05-15T12:17:35.999Z,V4221040,7731,46.59783,6.89115,25586.1,6.7,8.1,286.4,-50.6,-1.0,-1.0,RS41-SG,403.500,9.6,-225,8,2.7,-1,-1
2025-05-15T12:17:36.999Z,V4221040,7732,46.59785,6.89104,25592.7,6.1,8.5,279.3,-50.7,-1.0,-1.0,RS41-SG,403.500,9.6,-225,8,2.7,-1,-1
2025-05-15T12:17:39.999Z,V4221040,7735,46.59789,6.89068,25609.7,6.3,10.7,285.7,-50.7,-1.0,-1.0,RS41-SG,403.500,9.3,-225,8,2.6,-1,-1
2025-05-15T12:17:40.999Z,V4221040,7736,46.59792,6.89055,25615.3,5.5,10.9,290.5,-50.8,-1.0,-1.0,RS41-SG,403.500,9.3,-225,8,2.7,-1,-1
2025-05-15T12:17:41.999Z,V4221040,7737,46.59796,6.89042,25620.8,5.4,10.6,293.9,-50.8,-1.0,-1.0,RS41-SG,403.500,9.2,-225,8,2.7,-1,-1
2025-05-15T12:17:42.999Z,V4221040,7738,46.59800,6.89030,25626.5,5.8,9.6,292.6,-50.8,-1.0,-1.0,RS41-SG,403.500,8.2,-225,8,2.7,-1,-1
2025-05-15T12:17:43.999Z,V4221040,7739,46.59802,6.89019,25632.8,6.6,8.0,287.1,-50.8,-1.0,-1.0,RS41-SG,403.500,8.2,-225,8,2.6,-1,-1
2025-05-15T12:17:44.999Z,V4221040,7740,46.59804,6.89009,25639.0,5.9,6.8,278.1,-50.8,-1.0,-1.0,RS41-SG,403.500,8.4,-225,8,2.6,-1,-1
2025-05-15T12:17:48.999Z,V4221040,7744,46.59805,6.88980,25658.7,5.5,5.2,285.4,-50.6,1.1,-1.0,RS41-SG,403.500,9.2,-225,8,2.7,-1,-1
2025-05-15T12:17:49.999Z,V4221040,7745,46.59807,6.88974,25664.0,5.2,5.5,292.3,-50.5,1.1,-1.0,RS41-SG,403.500,9.6,-225,8,2.6,-1,-1
2025-05-15T12:17:50.999Z,V4221040,7746,46.59809,6.88967,25669.6,5.6,5.8,290.2,-50.6,1.1,-1.0,RS41-SG,403.500,9.6,-225,8,2.6,-1,-1
2025-05-15T12:17:51.999Z,V4221040,7747,46.59810,6.88960,25675.6,6.2,5.8,280.7,-50.6,1.1,-1.0,RS41-SG,403.500,9.0,-225,8,2.6,-1,-1
2025-05-15T12:17:52.999Z,V4221040,7748,46.59811,6.88952,25681.3,5.1,5.9,271.6,-50.6,1.1,-1.0,RS41-SG,403.500,8.5,-225,8,2.6,-1,-1
2025-05-15T12:17:53.999Z,V4221040,7749,46.59811,6.88944,25686.4,5.4,6.4,268.9,-50.5,1.1,-1.0,RS41-SG,403.500,9.5,-225,8,2.7,-1,-1
2025-05-15T12:17:54.999Z,V4221040,7750,46.59811,6.88935,25692.2,6.4,6.6,272.7,-50.5,1.1,-1.0,RS41-SG,403.500,9.5,-225,8,2.7,-1,-1
2025-05-15T12:17:55.999Z,V4221040,7751,46.59811,6.88927,25698.1,4.9,6.6,277.6,-50.6,1.1,-1.0,RS41-SG,403.500,9.5,-225,8,2.6,-1,-1
2025-05-15T12:17:56.999Z,V4221040,7752,46.59812,6.88918,25703.2,5.2,6.5,279.7,-50.5,1.1,-1.0,RS41-SG,403.500,9.5,-225,8,2.6,-1,-1
2025-05-15T12:17:58.999Z,V4221040,7754,46.59813,6.88903,25715.2,5.8,5.4,263.8,-50.5,1.1,-1.0,RS41-SG,403.500,8.5,-225,8,2.7,-1,-1
2025-05-15T12:17:59.999Z,V4221040,7755,46.59812,6.88896,25720.2,4.2,4.9,253.8,-50.5,1.0,-1.0,RS41-SG,403.500,9.8,-225,8,2.6,-1,-1
2025-05-15T12:18:00.999Z,V4221040,7756,46.59810,6.88891,25724.8,4.7,4.4,245.5,-50.6,1.1,-1.0,RS41-SG,403.500,9.8,-225,8,2.6,-1,-1
2025-05-15T12:18:01.999Z,V4221040,7757,46.59809,6.88886,25730.3,6.2,3.8,246.7,-50.6,1.1,-1.0,RS41-SG,403.500,9.8,-225,8,2.7,-1,-1
2025-05-15T12:18:02.999Z,V4221040,7758,46.59808,6.88881,25735.8,4.9,3.4,255.5,-50.6,1.0,-1.0,RS41-SG,403.500,9.7,-225,8,2.7,-1,-1
2025-05-15T12:18:03.999Z,V4221040,7759,46.59807,6.88877,25741.1,5.1,3.4,258.1,-50.5,1.1,-1.0,RS41-SG,403.500,10.0,-225,8,2.7,-1,-1
2025-05-15T12:18:04.999Z,V4221040,7760,46.59806,6.88872,25747.0,6.3,3.9,250.9,-50.5,1.0,-1.0,RS41-SG,403.500,10.0,-225,8,2.6,-1,-1
2025-05-15T12:18:06.999Z,V4221040,7762,46.59802,6.88861,25759.3,4.9,6.0,237.2,-50.5,1.1,-1.0,RS41-SG,403.500,7.9,-225,8,2.6,-1,-1
2025-05-15T12:18:07.999Z,V4221040,7763,46.59799,6.88854,25764.6,5.5,6.9,238.6,-50.4,1.1,-1.0,RS41-SG,403.500,7.9,-225,8,2.7,-1,-1
2025-05-15T12:18:08.999Z,V4221040,7764,46.59796,6.88846,25770.4,6.5,7.0,245.0,-50.4,1.0,-1.0,RS41-SG,403.500,8.5,-225,8,2.7,-1,-1
2025-05-15T12:18:09.999Z,V4221040,7765,46.59794,6.88838,25776.0,4.8,6.7,252.1,-50.4,1.0,-1.0,RS41-SG,403.500,8.5,-225,8,2.7,-1,-1
2025-05-15T12:18:12.999Z,V4221040,7768,46.59787,6.88814,25793.8,4.0,6.6,243.1,-50.1,1.0,-1.0,RS41-SG,403.500,9.4,-225,8,2.6,-1,-1
2025-05-15T12:18:13.999Z,V4221040,7769,46.59785,6.88807,25798.8,6.3,5.9,241.6,-50.0,1.0,-1.0,RS41-SG,403.500,9.4,-225,8,2.7,-1,-1
2025-05-15T12:18:17.999Z,V4221040,7773,46.59781,6.88783,25822.6,6.4,5.4,267.7,-49.7,1.0,-1.0,RS41-SG,403.500,8.6,-225,7,2.6,-1,-1
2025-05-15T12:18:20.999Z,V4221040,7776,46.59780,6.88757,25839.6,6.5,7.4,267.9,-49.4,1.0,-1.0,RS41-SG,403.500,7.7,-225,8,2.7,-1,-1
2025-05-15T12:18:21.999Z,V4221040,7777,46.59780,6.88748,25845.5,5.2,7.4,272.3,-49.5,1.0,-1.0,RS41-SG,403.500,8.4,-225,8,2.7,-1,-1
2025-05-15T12:18:22.999Z,V4221040,7778,46.59780,6.88738,25851.0,5.2,7.5,272.4,-49.5,1.0,-1.0,RS41-SG,403.500,8.4,-225,8,2.6,-1,-1
2025-05-15T12:18:23.999Z,V4221040,7779,46.59780,6.88728,25856.6,5.7,7.7,268.2,-49.4,1.0,-1.0,RS41-SG,403.500,8.4,-225,8,2.6,-1,-1
2025-05-15T12:18:24.999Z,V4221040,7780,46.59779,6.88718,25862.5,6.3,8.0,260.8,-49.4,1.0,-1.0,RS41-SG,403.500,8.7,-225,8,2.6,-1,-1
2025-05-15T12:18:25.999Z,V4221040,7781,46.59778,6.88708,25868.1,4.8,8.0,256.0,-49.5,1.0,-1.0,RS41-SG,403.500,8.7,-225,8,2.7,-1,-1
2025-05-15T12:18:27.999Z,V4221040,7783,46.59775,6.88689,25878.6,5.8,6.5,263.5,-49.5,1.0,-1.0,RS41-SG,403.500,9.0,-225,8,2.5,-1,-1
2025-05-15T12:18:28.999Z,V4221040,7784,46.59775,6.88682,25884.8,6.1,5.7,275.6,-49.5,1.0,-1.0,RS41-SG,403.500,9.0,-225,8,2.7,-1,-1
2025-05-15T12:18:29.999Z,V4221040,7785,46.59776,6.88675,25890.0,4.9,5.4,291.4,-49.6,1.0,-1.0,RS41-SG,403.500,8.8,-225,8,2.7,-1,-1
2025-05-15T12:18:30.999Z,V4221040,7786,46.59778,6.88668,25895.1,5.4,5.6,296.3,-49.6,1.0,-1.0,RS41-SG,403.500,8.8,-225,8,2.7,-1,-1
2025-05-15T12:18:31.999Z,V4221040,7787,46.59780,6.88661,25901.1,6.3,6.1,289.2,-49.6,1.0,-1.0,RS41-SG,403.500,8.5,-225,8,2.6,-1,-1
2025-05-15T12:18:34.999Z,V4221040,7790,46.59782,6.88634,25916.7,5.2,7.9,266.0,-49.6,1.0,-1.0,RS41-SG,403.500,9.5,-225,8,2.7,-1,-1
2025-05-15T12:18:42.999Z,V4221040,7798,46.59781,6.88550,25963.0,6.0,7.4,278.3,-50.0,1.1,-1.0,RS41-SG,403.500,7.9,-225,8,2.7,-1,-1
2025-05-15T12:18:45.999Z,V4221040,7801,46.59785,6.88523,25979.7,6.0,7.0,280.7,-50.2,1.1,-1.0,RS41-SG,403.500,8.2,-225,8,2.6,-1,-1
2025-05-15T12:18:58.999Z,V4221040,7814,46.59791,6.88340,26051.8,5.8,9.3,280.3,-50.6,1.1,-1.0,RS41-SG,403.500,8.4,-225,8,2.6,-1,-1
2025-05-15T12:18:59.999Z,V4221040,7815,46.59793,6.88329,26056.9,6.2,9.0,283.5,-50.7,1.1,-1.0,RS41-SG,403.500,8.4,-225,8,2.6,-1,-1
2025-05-15T12:19:03.999Z,V4221040,7819,46.59800,6.88284,26078.4,5.5,9.4,284.5,-50.7,1.1,-1.0,RS41-SG,403.500,8.5,-225,8,2.7,-1,-1
2025-05-15T12:19:04.999Z,V4221040,7820,46.59802,6.88272,26084.5,6.3,10.4,290.4,-50.7,1.1,-1.0,RS41-SG,403.500,8.5,-225,8,2.6,-1,-1
2025-05-15T12:19:05.999Z,V4221040,7821,46.59806,6.88259,26090.1,4.6,11.0,293.1,-50.7,1.1,-1.0,RS41-SG,403.500,8.5,-225,8,2.6,-1,-1
2025-05-15T12:19:06.999Z,V4221040,7822,46.59810,6.88245,26094.8,4.7,11.4,292.5,-50.6,1.1,-1.0,RS41-SG,403.500,8.6,-225,8,2.6,-1,-1
2025-05-15T12:19:07.999Z,V4221040,7823,46.59813,6.88232,26100.2,6.3,11.3,287.6,-50.7,1.1,-1.0,RS41-SG,403.500,8.6,-225,7,2.7,-1,-1
2025-05-15T12:19:11.999Z,V4221040,7827,46.59818,6.88181,26123.3,6.2,7.9,276.9,-50.7,1.1,-1.0,RS41-SG,403.500,9.0,-225,8,2.6,-1,-1
2025-05-15T12:19:13.999Z,V4221040,7829,46.59822,6.88163,26135.1,4.8,6.7,296.2,-50.8,1.1,-1.0,RS41-SG,403.500,8.9,-225,8,2.7,-1,-1
2025-05-15T12:19:15.999Z,V4221040,7831,46.59827,6.88149,26145.4,6.1,5.8,300.1,-50.7,1.1,-1.0,RS41-SG,403.500,8.9,-225,8,2.6,-1,-1
2025-05-15T12:19:16.999Z,V4221040,7832,46.59829,6.88142,26151.4,6.0,5.7,294.8,-50.7,1.1,-1.0,RS41-SG,403.500,8.4,-225,8,2.7,-1,-1
2025-05-15T12:19:19.999Z,V4221040,7835,46.59836,6.88119,26166.7,5.8,7.5,295.5,-50.7,1.1,-1.0,RS41-SG,403.500,8.0,-225,8,2.6,-1,-1
2025-05-15T12:19:20.999Z,V4221040,7836,46.59839,6.88110,26172.8,5.7,8.5,299.6,-50.6,1.1,-1.0,RS41-SG,403.500,8.0,-225,8,2.6,-1,-1
2025-05-15T12:19:22.999Z,V4221040,7838,46.59847,6.88089,26183.3,5.6,9.3,293.3,-50.6,1.1,-1.0,RS41-SG,403.500,7.8,-225,8,2.7,-1,-1
2025-05-15T12:19:28.999Z,V4221040,7844,46.59849,6.88024,26217.5,4.7,6.5,274.4,-50.5,1.1,-1.0,RS41-SG,403.500,7.7,-225,8,2.7,-1,-1
2025-05-15T12:19:32.999Z,V4221040,7848,46.59852,6.87996,26239.6,5.6,4.8,276.4,-50.4,1.1,-1.0,RS41-SG,403.500,8.2,-225,8,2.6,-1,-1
2025-05-15T12:19:33.999Z,V4221040,7849,46.59853,6.87990,26245.6,6.5,4.9,282.4,-50.4,1.1,-1.0,RS41-SG,403.500,8.6,-225,8,2.6,-1,-1
2025-05-15T12:19:34.999Z,V4221040,7850,46.59854,6.87984,26251.6,5.8,5.2,291.7,-50.4,1.1,-1.0,RS41-SG,403.500,8.6,-225,8,2.7,-1,-1
2025-05-15T12:19:35.999Z,V4221040,7851,46.59856,6.87977,26257.0,5.2,5.4,295.1,-50.5,1.1,-1.0,RS41-SG,403.500,8.5,-225,8,2.7,-1,-1
2025-05-15T12:19:36.999Z,V4221040,7852,46.59858,6.87971,26262.6,6.6,5.6,289.9,-50.5,1.1,-1.0,RS41-SG,403.500,8.1,-225,8,2.7,-1,-1
2025-05-15T12:19:41.999Z,V4221040,7857,46.59860,6.87929,26291.6,4.9,7.1,281.6,-50.3,1.0,-1.0,RS41-SG,403.500,8.5,-225,8,2.6,-1,-1
2025-05-15T12:19:47.999Z,V4221040,7863,46.59866,6.87878,26326.0,5.6,6.7,285.0,-50.3,1.0,-1.0,RS41-SG,403.500,7.6,-225,8,2.6,-1,-1
2025-05-15T12:19:48.999Z,V4221040,7864,46.59868,6.87869,26331.6,5.4,6.9,289.3,-50.2,1.0,-1.0,RS41-SG,403.500,8.8,-225,8,2.6,-1,-1
2025-05-15T12:19:49.999Z,V4221040,7865,46.59869,6.87861,26337.5,6.3,6.3,285.2,-50.3,1.1,-1.0,RS41-SG,403.500,8.8,-225,8,2.7,-1,-1
2025-05-15T12:19:55.999Z,V4221040,7871,46.59870,6.87822,26371.2,5.0,4.7,288.4,-50.1,1.0,-1.0,RS41-SG,403.500,8.4,-225,8,2.7,-1,-1
2025-05-15T12:19:58.999Z,V4221040,7874,46.59873,6.87801,26388.3,6.4,6.7,268.2,-49.8,1.0,-1.0,RS41-SG,403.500,7.7,-225,8,2.6,-1,-1
2025-05-15T12:20:03.999Z,V4221040,7879,46.59866,6.87757,26417.2,4.9,4.7,253.6,-49.4,1.0,-1.0,RS41-SG,403.500,7.8,-225,8,2.6,-1,-1
2025-05-15T12:20:05.999Z,V4221040,7881,46.59862,6.87748,26428.3,5.5,4.1,222.1,-49.2,1.0,-1.0,RS41-SG,403.500,8.3,-225,8,2.7,-1,-1
2025-05-15T12:20:11.999Z,V4221040,7887,46.59853,6.87730,26462.9,5.3,4.9,305.0,-48.9,0.9,-1.0,RS41-SG,403.500,8.5,-225,8,2.7,-1,-1
2025-05-15T12:20:14.999Z,V4221040,7890,46.59863,6.87703,26480.5,5.9,10.1,286.2,-48.8,1.0,-1.0,RS41-SG,403.500,8.4,-225,8,2.6,-1,-1
2025-05-15T12:20:18.999Z,V4221040,7894,46.59869,6.87653,26502.4,6.0,7.3,284.0,-48.7,0.9,-1.0,RS41-SG,403.500,8.9,-225,8,2.7,-1,-1
2025-05-15T12:20:27.999Z,V4221040,7903,46.59890,6.87608,26556.1,6.3,8.5,310.9,-48.9,1.0,-1.0,RS41-SG,403.500,8.5,-225,8,2.7,-1,-1
2025-05-15T12:20:43.999Z,V4221040,7919,46.59978,6.87473,26649.5,6.0,12.3,311.7,-47.7,0.9,-1.0,RS41-SG,403.500,7.6,-225,8,2.7,-1,-1
2025-05-15T12:20:45.999Z,V4221040,7921,46.59991,6.87447,26660.5,5.7,12.2,303.9,-47.6,0.9,-1.0,RS41-SG,403.500,8.4,-225,8,2.6,-1,-1
2025-05-15T12:23:05.000Z,V4221040,8060,46.60399,6.86607,27506.0,6.3,6.2,265.3,-46.9,0.9,-1.0,RS41-SG,403.500,8.6,-225,9,2.6,-1,-1
2025-05-15T12:23:11.000Z,V4221040,8066,46.60406,6.86575,27539.2,4.5,6.5,317.5,-46.5,0.9,-1.0,RS41-SG,403.500,8.0,-225,9,2.6,-1,-1
2025-05-15T12:23:13.000Z,V4221040,8068,46.60415,6.86564,27550.4,6.4,6.3,318.0,-46.5,0.9,-1.0,RS41-SG,403.500,7.6,-225,9,2.6,-1,-1
2025-05-15T12:23:15.000Z,V4221040,8070,46.60422,6.86554,27561.7,5.1,4.9,308.7,-46.5,0.9,-1.0,RS41-SG,403.500,8.1,-225,9,2.7,-1,-1
2025-05-15T12:23:24.000Z,V4221040,8079,46.60446,6.86505,27614.0,6.3,5.9,329.2,-46.6,0.9,-1.0,RS41-SG,403.500,9.3,-225,9,2.7,-1,-1
2025-05-15T12:23:31.000Z,V4221040,8086,46.60497,6.86474,27651.0,6.2,8.3,339.0,-46.6,0.9,-1.0,RS41-SG,403.500,7.9,-225,9,2.7,-1,-1
2025-05-15T12:23:52.000Z,V4221040,8107,46.60569,6.86352,27771.1,4.9,5.1,291.9,-46.6,0.9,-1.0,RS41-SG,403.500,7.6,-225,9,2.6,-1,-1
2025-05-15T12:23:55.000Z,V4221040,8110,46.60577,6.86337,27785.4,5.8,5.6,317.9,-46.6,0.9,-1.0,RS41-SG,403.500,8.2,-225,9,2.6,-1,-1
2025-05-15T12:23:59.000Z,V4221040,8114,46.60594,6.86315,27808.5,6.8,5.5,317.1,-46.6,0.9,-1.0,RS41-SG,403.500,8.7,-225,9,2.7,-1,-1
2025-05-15T12:24:02.000Z,V4221040,8117,46.60602,6.86303,27824.6,5.8,3.7,305.3,-46.6,0.9,-1.0,RS41-SG,403.500,8.2,-225,9,2.6,-1,-1
2025-05-15T12:24:05.000Z,V4221040,8120,46.60610,6.86287,27841.9,6.1,6.0,313.5,-46.6,0.9,-1.0,RS41-SG,403.500,8.0,-225,9,2.7,-1,-1
2025-05-15T12:24:08.000Z,V4221040,8123,46.60621,6.86275,27859.1,4.7,4.6,332.1,-46.4,0.9,-1.0,RS41-SG,403.500,9.1,-225,9,2.7,-1,-1
2025-05-15T12:24:09.000Z,V4221040,8124,46.60626,6.86272,27864.2,5.7,5.6,340.5,-46.4,0.8,-1.0,RS41-SG,403.500,9.1,-225,9,2.7,-1,-1
2025-05-15T12:24:10.000Z,V4221040,8125,46.60631,6.86270,27870.4,6.3,6.7,342.2,-46.4,0.8,-1.0,RS41-SG,403.500,7.9,-225,9,2.6,-1,-1
2025-05-15T12:24:11.000Z,V4221040,8126,46.60637,6.86267,27876.5,5.7,7.2,342.1,-46.4,0.9,-1.0,RS41-SG,403.500,7.9,-225,9,2.6,-1,-1
2025-05-15T12:24:13.000Z,V4221040,8128,46.60648,6.86261,27888.0,6.4,5.7,343.6,-46.3,0.9,-1.0,RS41-SG,403.500,9.5,-225,9,2.7,-1,-1
2025-05-15T12:24:15.000Z,V4221040,8130,46.60655,6.86259,27900.1,4.6,2.6,349.5,-46.4,0.8,-1.0,RS41-SG,403.500,8.2,-225,9,2.6,-1,-1
2025-05-15T12:24:17.000Z,V4221040,8132,46.60658,6.86257,27910.4,6.4,2.0,329.6,-46.3,0.9,-1.0,RS41-SG,403.500,8.8,-225,9,2.6,-1,-1
2025-05-15T12:24:18.000Z,V4221040,8133,46.60660,6.86256,27916.6,6.0,2.9,322.1,-46.4,0.9,-1.0,RS41-SG,403.500,7.8,-225,9,2.7,-1,-1
2025-05-15T12:24:19.000Z,V4221040,8134,46.60663,6.86253,27921.8,4.8,3.7,325.5,-46.4,0.9,-1.0,RS41-SG,403.500,7.8,-225,9,2.7,-1,-1
2025-05-15T12:24:20.000Z,V4221040,8135,46.60666,6.86250,27927.4,6.5,4.2,331.0,-46.4,0.8,-1.0,RS41-SG,403.500,9.3,-225,9,2.7,-1,-1
2025-05-15T12:24:21.000Z,V4221040,8136,46.60669,6.86248,27934.1,6.7,3.9,340.9,-46.4,0.9,-1.0,RS41-SG,403.500,9.3,-225,9,2.6,-1,-1
2025-05-15T12:24:22.000Z,V4221040,8137,46.60672,6.86247,27939.8,4.5,3.9,353.0,-46.4,0.9,-1.0,RS41-SG,403.500,8.2,-225,9,2.6,-1,-1
2025-05-15T12:24:23.000Z,V4221040,8138,46.60676,6.86247,27944.9,5.4,4.4,0.7,-46.4,0.9,-1.0,RS41-SG,403.500,8.2,-225,9,2.7,-1,-1
2025-05-15T12:24:24.000Z,V4221040,8139,46.60680,6.86247,27950.5,6.1,5.4,0.2,-46.3,0.9,-1.0,RS41-SG,403.500,9.0,-225,9,2.7,-1,-1
2025-05-15T12:24:25.000Z,V4221040,8140,46.60686,6.86247,27956.4,5.6,6.4,357.4,-46.3,0.9,-1.0,RS41-SG,403.500,9.0,-225,9,2.6,-1,-1
2025-05-15T12:24:26.000Z,V4221040,8141,46.60692,6.86246,27961.6,4.8,6.6,356.5,-46.3,0.9,-1.0,RS41-SG,403.500,8.8,-225,9,2.6,-1,-1
2025-05-15T12:24:27.000Z,V4221040,8142,46.60697,6.86246,27967.0,5.7,6.1,3.4,-46.3,0.9,-1.0,RS41-SG,403.500,8.7,-225,9,2.7,-1,-1
2025-05-15T12:24:28.000Z,V4221040,8143,46.60702,6.86247,27973.0,6.7,5.0,15.7,-46.2,0.9,-1.0,RS41-SG,403.500,9.0,-225,9,2.7,-1,-1
2025-05-15T12:24:29.000Z,V4221040,8144,46.60706,6.86249,27979.1,5.5,4.0,29.2,-46.2,0.9,-1.0,RS41-SG,403.500,9.0,-225,9,2.7,-1,-1
2025-05-15T12:24:30.000Z,V4221040,8145,46.60708,6.86252,27984.6,5.0,3.2,42.2,-46.3,0.9,-1.0,RS41-SG,403.500,9.0,-225,9,2.6,-1,-1
2025-05-15T12:24:31.000Z,V4221040,8146,46.60710,6.86254,27990.2,5.9,2.1,40.4,-46.4,0.9,-1.0,RS41-SG,403.500,9.3,-225,9,2.6,-1,-1
2025-05-15T12:24:32.000Z,V4221040,8147,46.60712,6.86255,27996.4,6.6,1.6,3.3,-46.4,0.9,-1.0,RS41-SG,403.500,9.3,-225,9,2.6,-1,-1
2025-05-15T12:24:33.000Z,V4221040,8148,46.60713,6.86255,28001.8,4.7,2.4,332.8,-46.4,0.9,-1.0,RS41-SG,403.500,9.3,-225,9,2.7,-1,-1
2025-05-15T12:24:34.000Z,V4221040,8149,46.60715,6.86253,28006.7,4.9,3.1,321.4,-46.4,0.9,-1.0,RS41-SG,403.500,9.8,-225,9,2.7,-1,-1
2025-05-15T12:24:35.000Z,V4221040,8150,46.60718,6.86250,28012.3,6.2,3.3,327.1,-46.5,0.9,-1.0,RS41-SG,403.500,9.8,-225,9,2.7,-1,-1
2025-05-15T12:24:37.000Z,V4221040,8152,46.60723,6.86247,28024.4,5.1,3.3,353.5,-46.4,0.9,-1.0,RS41-SG,403.500,9.1,-225,9,2.6,-1,-1
2025-05-15T12:24:38.000Z,V4221040,8153,46.60726,6.86247,28030.0,5.9,4.2,2.3,-46.4,0.9,-1.0,RS41-SG,403.500,9.1,-225,9,2.5,-1,-1
2025-05-15T12:24:40.000Z,V4221040,8155,46.60736,6.86247,28041.9,4.9,6.4,358.3,-46.5,0.9,-1.0,RS41-SG,403.500,8.6,-225,9,2.7,-1,-1
2025-05-15T12:24:41.000Z,V4221040,8156,46.60742,6.86247,28047.1,5.8,6.7,358.0,-46.4,0.9,-1.0,RS41-SG,403.500,8.6,-225,9,2.7,-1,-1
2025-05-15T12:24:42.000Z,V4221040,8157,46.60747,6.86247,28053.5,6.9,6.1,0.9,-46.4,0.9,-1.0,RS41-SG,403.500,9.0,-225,9,2.7,-1,-1
2025-05-15T12:24:43.000Z,V4221040,8158,46.60752,6.86247,28059.8,5.5,5.1,4.6,-46.4,0.9,-1.0,RS41-SG,403.500,9.6,-225,9,2.6,-1,-1
2025-05-15T12:24:52.000Z,V4221040,8167,46.60780,6.86238,28111.8,6.8,4.2,16.1,-46.4,0.9,-1.0,RS41-SG,403.500,7.9,-225,9,2.7,-1,-1
2025-05-15T12:24:53.000Z,V4221040,8168,46.60784,6.86240,28117.9,6.0,5.6,12.8,-46.2,0.9,-1.0,RS41-SG,403.500,8.8,-225,9,2.7,-1,-1
2025-05-15T12:24:54.000Z,V4221040,8169,46.60790,6.86241,28123.7,5.5,6.6,11.9,-46.2,0.8,-1.0,RS41-SG,403.500,8.8,-225,9,2.7,-1,-1
2025-05-15T12:24:55.000Z,V4221040,8170,46.60796,6.86244,28129.3,5.6,6.9,16.1,-46.3,0.8,-1.0,RS41-SG,403.500,8.7,-225,9,2.6,-1,-1
2025-05-15T12:24:57.000Z,V4221040,8172,46.60807,6.86250,28140.9,6.2,6.1,30.7,-46.2,0.8,-1.0,RS41-SG,403.500,8.4,-225,9,2.7,-1,-1
2025-05-15T12:24:59.000Z,V4221040,8174,46.60814,6.86257,28152.9,5.6,3.8,31.7,-46.1,0.8,-1.0,RS41-SG,403.500,9.6,-225,9,2.7,-1,-1
2025-05-15T12:25:00.000Z,V4221040,8175,46.60817,6.86259,28158.5,5.4,2.6,6.2,-46.2,0.8,-1.0,RS41-SG,403.500,10.0,-225,9,2.6,-1,-1
2025-05-15T12:25:01.000Z,V4221040,8176,46.60819,6.86258,28164.5,6.2,2.9,318.0,-46.2,0.9,-1.0,RS41-SG,403.500,10.0,-225,9,2.6,-1,-1
2025-05-15T12:25:02.000Z,V4221040,8177,46.60821,6.86254,28170.4,5.5,4.5,302.7,-46.2,0.8,-1.0,RS41-SG,403.500,9.9,-225,9,2.6,-1,-1
2025-05-15T12:25:03.000Z,V4221040,8178,46.60823,6.86249,28175.0,4.0,5.4,300.7,-46.1,0.9,-1.0,RS41-SG,403.500,9.7,-225,9,2.7,-1,-1
2025-05-15T12:25:04.000Z,V4221040,8179,46.60826,6.86243,28179.8,5.6,5.2,305.2,-46.1,0.9,-1.0,RS41-SG,403.500,11.0,-225,9,2.7,-1,-1
2025-05-15T12:25:05.000Z,V4221040,8180,46.60828,6.86239,28186.1,7.0,3.6,322.0,-46.2,0.9,-1.0,RS41-SG,403.500,11.0,-225,9,2.7,-1,-1
2025-05-15T12:25:06.000Z,V4221040,8181,46.60831,6.86237,28192.7,6.2,2.5,359.9,-46.2,0.8,-1.0,RS41-SG,403.500,9.3,-225,9,2.6,-1,-1
2025-05-15T12:25:07.000Z,V4221040,8182,46.60833,6.86239,28198.0,4.4,3.1,39.5,-46.2,0.8,-1.0,RS41-SG,403.500,10.4,-225,9,2.6,-1,-1
2025-05-15T12:25:08.000Z,V4221040,8183,46.60835,6.86242,28203.0,5.3,4.5,51.3,-46.1,0.9,-1.0,RS41-SG,403.500,10.4,-225,9,2.5,-1,-1
2025-05-15T12:25:09.000Z,V4221040,8184,46.60838,6.86247,28208.9,6.9,5.1,48.8,-46.0,0.9,-1.0,RS41-SG,403.500,9.1,-225,8,2.6,-1,-1
2025-05-15T12:25:10.000Z,V4221040,8185,46.60842,6.86252,28215.0,5.8,5.2,38.5,-46.0,0.8,-1.0,RS41-SG,403.500,9.1,-225,8,2.6,-1,-1
2025-05-15T12:25:11.000Z,V4221040,8186,46.60845,6.86255,28220.6,5.5,4.7,28.7,-46.0,0.8,-1.0,RS41-SG,403.500,8.9,-225,9,2.7,-1,-1
2025-05-15T12:25:13.000Z,V4221040,8188,46.60852,6.86259,28232.9,6.2,2.8,11.8,-46.1,0.9,-1.0,RS41-SG,403.500,10.9,-225,9,2.6,-1,-1
2025-05-15T12:25:14.000Z,V4221040,8189,46.60854,6.86259,28238.7,5.1,2.2,353.1,-46.0,0.8,-1.0,RS41-SG,403.500,10.9,-225,9,2.6,-1,-1
2025-05-15T12:25:15.000Z,V4221040,8190,46.60856,6.86258,28244.2,5.8,2.7,315.7,-46.0,0.9,-1.0,RS41-SG,403.500,10.3,-225,9,2.6,-1,-1
2025-05-15T12:25:16.000Z,V4221040,8191,46.60858,6.86254,28250.4,6.4,4.3,296.7,-45.9,0.8,-1.0,RS41-SG,403.500,10.3,-225,9,2.7,-1,-1
2025-05-15T12:25:17.000Z,V4221040,8192,46.60859,6.86248,28255.9,4.9,5.5,293.8,-45.9,0.9,-1.0,RS41-SG,403.500,9.0,-225,9,2.7,-1,-1
2025-05-15T12:25:19.000Z,V4221040,8194,46.60863,6.86235,28267.4,7.0,4.4,290.3,-45.9,0.8,-1.0,RS41-SG,403.500,9.2,-225,9,2.6,-1,-1
2025-05-15T12:25:20.000Z,V4221040,8195,46.60864,6.86231,28274.4,6.7,2.4,288.3,-45.9,0.8,-1.0,RS41-SG,403.500,9.1,-225,8,2.6,-1,-1
2025-05-15T12:25:22.000Z,V4221040,8197,46.60864,6.86229,28284.8,5.3,0.8,117.7,-45.9,0.8,-1.0,RS41-SG,403.500,8.2,-225,9,2.7,-1,-1
2025-05-15T12:25:24.000Z,V4221040,8199,46.60864,6.86231,28296.8,6.0,0.6,82.5,-45.7,0.8,-1.0,RS41-SG,403.500,9.9,-225,9,2.7,-1,-1
2025-05-15T12:25:25.000Z,V4221040,8200,46.60864,6.86232,28302.4,4.9,0.4,23.8,-45.6,0.8,-1.0,RS41-SG,403.500,9.9,-225,9,2.6,-1,-1
2025-05-15T12:25:26.000Z,V4221040,8201,46.60864,6.86232,28307.9,5.7,0.7,20.6,-45.6,0.8,-1.0,RS41-SG,403.500,9.5,-225,9,2.6,-1,-1
2025-05-15T12:25:29.000Z,V4221040,8204,46.60867,6.86235,28325.1,5.3,1.8,21.4,-45.5,0.8,-1.0,RS41-SG,403.500,8.4,-225,9,2.7,-1,-1
2025-05-15T12:25:30.000Z,V4221040,8205,46.60869,6.86235,28330.9,5.8,2.3,349.6,-45.5,0.8,-1.0,RS41-SG,403.500,9.9,-225,9,2.6,-1,-1
2025-05-15T12:25:31.000Z,V4221040,8206,46.60871,6.86233,28337.0,6.4,3.8,327.4,-45.5,0.8,-1.0,RS41-SG,403.500,9.9,-225,9,2.6,-1,-1
2025-05-15T12:25:32.000Z,V4221040,8207,46.60874,6.86230,28342.7,5.1,4.7,314.6,-45.6,0.8,-1.0,RS41-SG,403.500,9.7,-225,9,2.6,-1,-1
2025-05-15T12:25:33.000Z,V4221040,8208,46.60877,6.86225,28348.1,5.8,5.1,310.3,-45.5,0.8,-1.0,RS41-SG,403.500,9.6,-225,9,2.7,-1,-1
2025-05-15T12:25:34.000Z,V4221040,8209,46.60880,6.86220,28354.1,6.6,4.3,307.0,-45.5,0.8,-1.0,RS41-SG,403.500,10.0,-225,9,2.7,-1,-1
2025-05-15T12:25:35.000Z,V4221040,8210,46.60882,6.86217,28361.2,7.0,2.4,307.3,-45.4,0.8,-1.0,RS41-SG,403.500,10.0,-225,9,2.7,-1,-1
2025-05-15T12:25:36.000Z,V4221040,8211,46.60882,6.86215,28367.6,5.6,0.7,270.7,-45.4,0.8,-1.0,RS41-SG,403.500,9.9,-225,9,2.6,-1,-1
2025-05-15T12:25:37.000Z,V4221040,8212,46.60882,6.86214,28372.4,4.1,1.0,181.1,-45.4,0.8,-1.0,RS41-SG,403.500,11.0,-225,9,2.6,-1,-1
2025-05-15T12:25:38.000Z,V4221040,8213,46.60881,6.86215,28376.9,4.9,1.9,179.3,-45.4,0.8,-1.0,RS41-SG,403.500,11.0,-225,9,2.7,-1,-1
2025-05-15T12:25:39.000Z,V4221040,8214,46.60879,6.86214,28382.3,6.5,2.2,203.5,-45.4,0.8,-1.0,RS41-SG,403.500,10.1,-225,9,2.7,-1,-1
2025-05-15T12:25:40.000Z,V4221040,8215,46.60877,6.86212,28388.8,6.5,2.8,234.2,-45.5,0.8,-1.0,RS41-SG,403.500,10.1,-225,9,2.6,-1,-1
2025-05-15T12:25:41.000Z,V4221040,8216,46.60876,6.86208,28394.5,4.6,3.5,251.9,-45.4,0.8,-1.0,RS41-SG,403.500,10.2,-225,9,2.6,-1,-1
2025-05-15T12:25:42.000Z,V4221040,8217,46.60875,6.86203,28399.3,5.0,4.1,261.6,-45.4,0.8,-1.0,RS41-SG,403.500,10.2,-225,9,2.6,-1,-1
2025-05-15T12:25:43.000Z,V4221040,8218,46.60875,6.86198,28404.8,6.2,4.0,261.9,-45.4,0.8,-1.0,RS41-SG,403.500,9.6,-225,9,2.7,-1,-1
2025-05-15T12:25:44.000Z,V4221040,8219,46.60874,6.86194,28411.2,6.5,3.2,266.7,-45.4,0.8,-1.0,RS41-SG,403.500,9.5,-225,9,2.6,-1,-1
2025-05-15T12:25:45.000Z,V4221040,8220,46.60874,6.86190,28417.3,5.4,2.3,269.6,-45.4,0.8,-1.0,RS41-SG,403.500,10.3,-225,9,2.6,-1,-1
2025-05-15T12:25:46.000Z,V4221040,8221,46.60875,6.86187,28422.6,4.9,2.1,292.2,-45.4,0.8,-1.0,RS41-SG,403.500,10.4,-225,9,2.6,-1,-1
2025-05-15T12:25:47.000Z,V4221040,8222,46.60876,6.86185,28427.9,5.9,2.8,310.8,-45.4,0.8,-1.0,RS41-SG,403.500,10.5,-225,9,2.6,-1,-1
2025-05-15T12:25:48.000Z,V4221040,8223,46.60878,6.86181,28434.1,6.6,4.0,314.2,-45.5,0.8,-1.0,RS41-SG,403.500,10.5,-225,9,2.7,-1,-1
2025-05-15T12:25:49.000Z,V4221040,8224,46.60881,6.86177,28440.2,5.8,5.0,312.2,-45.4,0.8,-1.0,RS41-SG,403.500,12.1,-225,9,2.7,-1,-1
2025-05-15T12:25:50.000Z,V4221040,8225,46.60884,6.86172,28445.7,5.6,5.1,305.7,-45.4,0.8,-1.0,RS41-SG,403.500,12.1,-225,9,2.7,-1,-1
2025-05-15T12:25:51.000Z,V4221040,8226,46.60886,6.86167,28451.6,6.3,4.6,286.7,-45.3,0.8,-1.0,RS41-SG,403.500,10.9,-225,9,2.6,-1,-1
2025-05-15T12:25:52.000Z,V4221040,8227,46.60886,6.86161,28457.9,6.5,4.3,260.5,-45.3,0.8,-1.0,RS41-SG,403.500,10.9,-225,9,2.6,-1,-1
2025-05-15T12:25:53.000Z,V4221040,8228,46.60884,6.86156,28463.9,5.0,5.0,239.6,-45.3,0.8,-1.0,RS41-SG,403.500,9.3,-225,9,2.7,-1,-1
2025-05-15T12:25:54.000Z,V4221040,8229,46.60882,6.86150,28468.5,4.4,5.9,234.0,-45.3,0.8,-1.0,RS41-SG,403.500,10.4,-225,9,2.7,-1,-1
2025-05-15T12:25:55.000Z,V4221040,8230,46.60879,6.86143,28473.5,5.7,6.6,237.9,-45.3,0.8,-1.0,RS41-SG,403.500,10.4,-225,9,2.6,-1,-1
2025-05-15T12:25:56.000Z,V4221040,8231,46.60876,6.86135,28479.9,7.2,6.9,252.1,-45.4,0.8,-1.0,RS41-SG,403.500,9.6,-225,9,2.6,-1,-1
2025-05-15T12:25:57.000Z,V4221040,8232,46.60875,6.86126,28486.4,5.9,7.0,265.6,-45.4,0.8,-1.0,RS41-SG,403.500,9.5,-225,9,2.7,-1,-1
2025-05-15T12:25:58.000Z,V4221040,8233,46.60875,6.86117,28492.2,5.6,6.8,279.8,-45.4,0.8,-1.0,RS41-SG,403.500,10.5,-225,9,2.7,-1,-1
2025-05-15T12:25:59.000Z,V4221040,8234,46.60877,6.86109,28498.4,6.7,6.1,291.5,-45.4,0.8,-1.0,RS41-SG,403.500,10.5,-225,9,2.7,-1,-1
2025-05-15T12:26:00.000Z,V4221040,8235,46.60879,6.86103,28504.8,6.3,5.1,300.2,-45.4,0.8,-1.0,RS41-SG,403.500,10.8,-225,9,2.6,-1,-1
2025-05-15T12:26:01.000Z,V4221040,8236,46.60881,6.86097,28510.4,4.8,4.4,302.8,-45.4,0.8,-1.0,RS41-SG,403.500,11.0,-225,9,2.6,-1,-1
2025-05-15T12:26:02.000Z,V4221040,8237,46.60883,6.86093,28515.7,5.8,4.1,302.2,-45.4,0.8,-1.0,RS41-SG,403.500,11.2,-225,9,2.6,-1,-1
2025-05-15T12:26:03.000Z,V4221040,8238,46.60885,6.86088,28522.2,7.3,4.6,298.0,-45.5,0.8,-1.0,RS41-SG,403.500,11.2,-225,9,2.7,-1,-1
2025-05-15T12:26:04.000Z,V4221040,8239,46.60887,6.86082,28528.7,5.8,5.5,291.2,-45.4,0.8,-1.0,RS41-SG,403.500,10.5,-225,9,2.7,-1,-1
2025-05-15T12:26:05.000Z,V4221040,8240,46.60888,6.86075,28534.4,5.8,6.0,277.3,-45.4,0.8,-1.0,RS41-SG,403.500,10.2,-225,9,2.7,-1,-1
2025-05-15T12:26:06.000Z,V4221040,8241,46.60888,6.86067,28540.4,5.9,6.6,261.1,-45.4,0.8,-1.0,RS41-SG,403.500,10.0,-225,9,2.6,-1,-1
2025-05-15T12:26:07.000Z,V4221040,8242,46.60886,6.86058,28546.6,5.7,7.1,247.4,-45.3,0.8,-1.0,RS41-SG,403.500,10.0,-225,9,2.6,-1,-1
2025-05-15T12:26:08.000Z,V4221040,8243,46.60883,6.86050,28552.3,5.4,7.2,238.1,-45.3,0.8,-1.0,RS41-SG,403.500,9.4,-225,9,2.7,-1,-1
2025-05-15T12:26:09.000Z,V4221040,8244,46.60880,6.86042,28558.0,5.9,6.6,239.2,-45.3,0.8,-1.0,RS41-SG,403.500,9.6,-225,9,2.7,-1,-1
2025-05-15T12:26:10.000Z,V4221040,8245,46.60878,6.86035,28564.3,6.6,5.8,253.4,-45.3,0.8,-1.0,RS41-SG,403.500,9.6,-225,9,2.7,-1,-1
2025-05-15T12:26:11.000Z,V4221040,8246,46.60877,6.86028,28571.2,7.0,5.5,276.7,-45.3,0.8,-1.0,RS41-SG,403.500,9.4,-225,9,2.6,-1,-1
2025-05-15T12:26:12.000Z,V4221040,8247,46.60879,6.86021,28577.2,5.0,6.1,297.1,-45.3,0.8,-1.0,RS41-SG,403.500,9.5,-225,9,2.6,-1,-1
2025-05-15T12:26:13.000Z,V4221040,8248,46.60882,6.86014,28581.8,4.1,6.5,314.1,-45.3,0.8,-1.0,RS41-SG,403.500,10.2,-225,9,2.6,-1,-1
2025-05-15T12:26:14.000Z,V4221040,8249,46.60887,6.86009,28586.2,4.8,6.8,328.1,-45.4,0.8,-1.0,RS41-SG,403.500,10.2,-225,9,2.7,-1,-1
2025-05-15T12:26:15.000Z,V4221040,8250,46.60892,6.86005,28591.9,6.7,6.1,339.0,-45.4,0.8,-1.0,RS41-SG,403.500,10.4,-225,9,2.7,-1,-1
2025-05-15T12:26:16.000Z,V4221040,8251,46.60897,6.86003,28598.5,6.7,4.8,345.0,-45.4,0.8,-1.0,RS41-SG,403.500,10.4,-225,9,2.7,-1,-1
2025-05-15T12:26:17.000Z,V4221040,8252,46.60900,6.86001,28604.6,5.4,3.4,335.2,-45.3,0.8,-1.0,RS41-SG,403.500,10.4,-225,9,2.6,-1,-1
2025-05-15T12:26:18.000Z,V4221040,8253,46.60902,6.85998,28610.4,5.8,3.3,307.9,-45.2,0.8,-1.0,RS41-SG,403.500,10.4,-225,9,2.6,-1,-1
2025-05-15T12:26:19.000Z,V4221040,8254,46.60904,6.85994,28616.6,6.7,4.7,281.3,-45.2,0.8,-1.0,RS41-SG,403.500,10.3,-225,9,2.7,-1,-1
2025-05-15T12:26:20.000Z,V4221040,8255,46.60904,6.85986,28623.0,6.4,6.7,274.5,-45.1,0.8,-1.0,RS41-SG,403.500,10.3,-225,9,2.7,-1,-1
2025-05-15T12:26:21.000Z,V4221040,8256,46.60904,6.85977,28628.3,4.5,8.3,270.2,-45.1,0.8,-1.0,RS41-SG,403.500,11.0,-225,9,2.6,-1,-1
2025-05-15T12:26:22.000Z,V4221040,8257,46.60904,6.85965,28633.2,5.0,9.4,262.2,-45.0,0.8,-1.0,RS41-SG,403.500,11.0,-225,9,2.6,-1,-1
2025-05-15T12:26:23.000Z,V4221040,8258,46.60902,6.85953,28639.0,6.6,9.7,255.6,-45.0,0.8,-1.0,RS41-SG,403.500,10.8,-225,9,2.7,-1,-1
2025-05-15T12:26:24.000Z,V4221040,8259,46.60900,6.85941,28645.1,6.0,9.1,250.2,-45.1,0.8,-1.0,RS41-SG,403.500,11.5,-225,9,2.7,-1,-1
2025-05-15T12:26:25.000Z,V4221040,8260,46.60897,6.85931,28651.4,6.6,7.7,250.7,-45.1,0.8,-1.0,RS41-SG,403.500,11.5,-225,9,2.7,-1,-1
2025-05-15T12:26:26.000Z,V4221040,8261,46.60896,6.85923,28658.3,7.0,5.9,264.2,-45.1,0.8,-1.0,RS41-SG,403.500,11.2,-225,9,2.6,-1,-1
2025-05-15T12:26:27.000Z,V4221040,8262,46.60896,6.85916,28665.3,6.9,5.1,293.1,-45.2,0.8,-1.0,RS41-SG,403.500,10.9,-225,9,2.6,-1,-1
2025-05-15T12:26:28.000Z,V4221040,8263,46.60899,6.85910,28671.1,4.5,5.5,315.5,-45.2,0.8,-1.0,RS41-SG,403.500,10.9,-225,9,2.6,-1,-1
2025-05-15T12:26:29.000Z,V4221040,8264,46.60903,6.85906,28675.7,4.6,6.0,331.8,-45.2,0.8,-1.0,RS41-SG,403.500,11.2,-225,9,2.6,-1,-1
2025-05-15T12:26:30.000Z,V4221040,8265,46.60908,6.85903,28681.1,6.6,6.0,343.6,-45.1,0.8,-1.0,RS41-SG,403.500,11.4,-225,9,2.7,-1,-1
2025-05-15T12:26:31.000Z,V4221040,8266,46.60913,6.85901,28687.7,6.5,5.0,343.8,-45.1,0.8,-1.0,RS41-SG,403.500,11.4,-225,9,2.7,-1,-1
2025-05-15T12:26:32.000Z,V4221040,8267,46.60917,6.85899,28693.7,5.5,4.1,335.9,-45.0,0.8,-1.0,RS41-SG,403.500,10.8,-225,9,2.6,-1,-1
2025-05-15T12:26:33.000Z,V4221040,8268,46.60919,6.85896,28699.8,6.6,4.1,309.3,-45.0,0.8,-1.0,RS41-SG,403.500,11.0,-225,9,2.6,-1,-1
2025-05-15T12:26:34.000Z,V4221040,8269,46.60921,6.85891,28706.6,7.1,5.3,292.5,-44.9,0.8,-1.0,RS41-SG,403.500,11.8,-225,9,2.7,-1,-1
2025-05-15T12:26:35.000Z,V4221040,8270,46.60923,6.85883,28712.7,5.0,6.6,284.5,-44.8,0.8,-1.0,RS41-SG,403.500,11.8,-225,9,2.7,-1,-1
2025-05-15T12:26:36.000Z,V4221040,8271,46.60924,6.85874,28718.1,5.5,8.0,275.7,-44.7,0.8,-1.0,RS41-SG,403.500,11.1,-225,9,2.7,-1,-1
2025-05-15T12:26:37.000Z,V4221040,8272,46.60924,6.85863,28724.2,6.8,8.9,265.6,-44.7,0.8,-1.0,RS41-SG,403.500,11.1,-225,9,2.6,-1,-1
2025-05-15T12:26:38.000Z,V4221040,8273,46.60923,6.85851,28730.4,5.6,8.9,259.1,-44.7,0.8,-1.0,RS41-SG,403.500,10.5,-225,9,2.6,-1,-1
2025-05-15T12:26:39.000Z,V4221040,8274,46.60922,6.85840,28735.8,5.1,8.3,257.3,-44.7,0.8,-1.0,RS41-SG,403.500,11.1,-225,9,2.6,-1,-1
2025-05-15T12:26:40.000Z,V4221040,8275,46.60921,6.85831,28741.9,7.3,7.1,263.4,-44.7,0.8,-1.0,RS41-SG,403.500,11.1,-225,9,2.7,-1,-1
2025-05-15T12:26:41.000Z,V4221040,8276,46.60921,6.85822,28749.0,7.2,6.2,279.4,-44.7,0.8,-1.0,RS41-SG,403.500,11.1,-225,9,2.7,-1,-1
2025-05-15T12:26:42.000Z,V4221040,8277,46.60922,6.85815,28755.3,5.5,5.6,296.3,-44.7,0.8,-1.0,RS41-SG,403.500,11.9,-225,9,2.7,-1,-1
2025-05-15T12:26:44.000Z,V4221040,8279,46.60928,6.85806,28767.5,6.1,3.9,338.5,-44.7,0.8,-1.0,RS41-SG,403.500,11.5,-225,9,2.6,-1,-1
2025-05-15T12:26:45.000Z,V4221040,8280,46.60931,6.85805,28773.5,6.1,2.9,2.1,-44.7,0.8,-1.0,RS41-SG,403.500,11.5,-225,9,2.7,-1,-1
2025-05-15T12:26:46.000Z,V4221040,8281,46.60933,6.85806,28778.9,5.1,2.3,18.1,-44.6,0.8,-1.0,RS41-SG,403.500,10.8,-225,9,2.7,-1,-1
2025-05-15T12:26:47.000Z,V4221040,8282,46.60935,6.85807,28784.5,6.0,1.8,10.6,-44.5,0.8,-1.0,RS41-SG,403.500,11.4,-225,9,2.6,-1,-1
2025-05-15T12:26:48.000Z,V4221040,8283,46.60937,6.85806,28791.0,7.0,1.7,323.7,-44.5,0.8,-1.0,RS41-SG,403.500,11.4,-225,9,2.6,-1,-1
2025-05-15T12:26:49.000Z,V4221040,8284,46.60938,6.85804,28797.2,5.5,2.9,300.3,-44.5,0.8,-1.0,RS41-SG,403.500,10.5,-225,9,2.6,-1,-1
2025-05-15T12:26:50.000Z,V4221040,8285,46.60939,6.85800,28802.5,5.2,3.9,281.5,-44.4,0.8,-1.0,RS41-SG,403.500,10.8,-225,9,2.7,-1,-1
2025-05-15T12:26:51.000Z,V4221040,8286,46.60939,6.85794,28808.2,6.3,4.7,266.1,-44.3,0.7,-1.0,RS41-SG,403.500,10.8,-225,9,2.7,-1,-1
2025-05-15T12:26:52.000Z,V4221040,8287,46.60938,6.85788,28814.7,6.6,5.0,251.5,-44.2,0.8,-1.0,RS41-SG,403.500,10.4,-225,8,2.6,-1,-1
2025-05-15T12:26:53.000Z,V4221040,8288,46.60936,6.85782,28820.9,5.1,5.0,243.4,-44.2,0.8,-1.0,RS41-SG,403.500,10.9,-225,9,2.6,-1,-1
2025-05-15T12:26:54.000Z,V4221040,8289,46.60934,6.85776,28826.2,5.4,4.5,241.0,-44.1,0.8,-1.0,RS41-SG,403.500,10.9,-225,9,2.6,-1,-1
2025-05-15T12:26:55.000Z,V4221040,8290,46.60933,6.85771,28832.0,6.4,3.8,251.7,-44.0,0.8,-1.0,RS41-SG,403.500,10.7,-225,8,2.7,-1,-1
2025-05-15T12:26:56.000Z,V4221040,8291,46.60933,6.85767,28838.3,6.5,3.4,275.8,-44.1,0.8,-1.0,RS41-SG,403.500,11.2,-225,9,2.7,-1,-1
2025-05-15T12:26:57.000Z,V4221040,8292,46.60934,6.85763,28844.2,5.3,3.4,301.5,-44.1,0.8,-1.0,RS41-SG,403.500,11.2,-225,9,2.7,-1,-1
2025-05-15T12:26:58.000Z,V4221040,8293,46.60935,6.85759,28849.1,4.7,3.2,317.8,-44.2,0.8,-1.0,RS41-SG,403.500,11.5,-225,9,2.6,-1,-1
2025-05-15T12:26:59.000Z,V4221040,8294,46.60937,6.85758,28854.4,5.3,2.5,340.9,-44.1,0.8,-1.0,RS41-SG,403.500,11.5,-225,9,2.6,-1,-1
2025-05-15T12:27:00.000Z,V4221040,8295,46.60939,6.85757,28860.1,6.5,1.4,7.1,-44.1,0.7,-1.0,RS41-SG,403.500,11.2,-225,9,2.7,-1,-1
2025-05-15T12:27:01.000Z,V4221040,8296,46.60940,6.85757,28866.4,6.3,0.2,74.3,-44.1,0.8,-1.0,RS41-SG,403.500,10.9,-225,9,2.7,-1,-1
2025-05-15T12:27:02.000Z,V4221040,8297,46.60939,6.85757,28872.2,5.5,1.0,203.5,-44.0,0.7,-1.0,RS41-SG,403.500,10.9,-225,9,2.7,-1,-1
2025-05-15T12:27:03.000Z,V4221040,8298,46.60938,6.85756,28877.6,5.4,2.7,231.4,-44.0,0.7,-1.0,RS41-SG,403.500,10.4,-225,9,2.6,-1,-1
2025-05-15T12:27:04.000Z,V4221040,8299,46.60937,6.85751,28883.3,5.7,4.8,247.6,-43.9,0.7,-1.0,RS41-SG,403.500,10.4,-225,9,2.6,-1,-1
2025-05-15T12:27:05.000Z,V4221040,8300,46.60935,6.85744,28889.1,5.8,6.7,261.7,-43.8,0.7,-1.0,RS41-SG,403.500,10.1,-225,9,2.6,-1,-1
2025-05-15T12:27:06.000Z,V4221040,8301,46.60935,6.85735,28894.3,4.7,7.6,272.1,-43.8,0.8,-1.0,RS41-SG,403.500,10.6,-225,9,2.7,-1,-1
2025-05-15T12:27:07.000Z,V4221040,8302,46.60936,6.85725,28899.4,5.5,7.5,280.8,-43.7,0.7,-1.0,RS41-SG,403.500,10.9,-225,9,2.7,-1,-1
2025-05-15T12:27:08.000Z,V4221040,8303,46.60937,6.85717,28905.7,7.1,6.0,292.1,-43.8,0.7,-1.0,RS41-SG,403.500,10.9,-225,9,2.7,-1,-1
2025-05-15T12:27:09.000Z,V4221040,8304,46.60940,6.85711,28912.6,6.3,4.3,309.7,-43.8,0.7,-1.0,RS41-SG,403.500,10.3,-225,9,2.6,-1,-1
2025-05-15T12:27:10.000Z,V4221040,8305,46.60942,6.85708,28918.3,4.7,3.2,336.0,-43.8,0.8,-1.0,RS41-SG,403.500,10.4,-225,9,2.5,-1,-1
2025-05-15T12:27:11.000Z,V4221040,8306,46.60945,6.85707,28923.4,5.8,3.3,7.5,-43.7,0.8,-1.0,RS41-SG,403.500,10.8,-225,9,2.7,-1,-1
2025-05-15T12:27:12.000Z,V4221040,8307,46.60948,6.85708,28929.7,7.0,3.6,11.3,-43.7,0.7,-1.0,RS41-SG,403.500,10.9,-225,9,2.7,-1,-1
2025-05-15T12:27:13.000Z,V4221040,8308,46.60951,6.85709,28936.0,5.5,3.4,1.9,-43.7,0.8,-1.0,RS41-SG,403.500,10.9,-225,9,2.6,-1,-1
2025-05-15T12:27:14.000Z,V4221040,8309,46.60954,6.85708,28941.7,5.5,2.8,342.8,-43.6,0.7,-1.0,RS41-SG,403.500,10.8,-225,9,2.6,-1,-1
2025-05-15T12:27:15.000Z,V4221040,8310,46.60956,6.85707,28947.8,6.4,1.8,312.7,-43.6,0.7,-1.0,RS41-SG,403.500,11.2,-225,9,2.7,-1,-1
2025-05-15T12:27:16.000Z,V4221040,8311,46.60956,6.85705,28954.0,6.6,1.7,264.0,-43.5,0.7,-1.0,RS41-SG,403.500,11.2,-225,9,2.7,-1,-1
2025-05-15T12:27:17.000Z,V4221040,8312,46.60956,6.85702,28960.1,5.6,2.6,248.0,-43.4,0.7,-1.0,RS41-SG,403.500,11.0,-225,9,2.7,-1,-1
2025-05-15T12:27:18.000Z,V4221040,8313,46.60955,6.85698,28966.2,6.4,4.0,253.7,-43.4,0.7,-1.0,RS41-SG,403.500,11.0,-225,9,2.6,-1,-1
2025-05-15T12:27:19.000Z,V4221040,8314,46.60954,6.85692,28972.8,6.7,5.3,266.0,-43.4,0.7,-1.0,RS41-SG,403.500,10.0,-225,9,2.6,-1,-1
2025-05-15T12:27:20.000Z,V4221040,8315,46.60954,6.85684,28978.8,5.4,6.3,276.2,-43.3,0.7,-1.0,RS41-SG,403.500,9.1,-225,9,2.6,-1,-1
2025-05-15T12:27:22.000Z,V4221040,8317,46.60957,6.85668,28990.0,6.6,6.0,290.9,-43.3,0.8,-1.0,RS41-SG,403.500,10.0,-225,9,2.7,-1,-1
2025-05-15T12:27:23.000Z,V4221040,8318,46.60959,6.85662,28996.6,6.6,4.3,293.2,-43.4,0.8,-1.0,RS41-SG,403.500,10.8,-225,9,2.7,-1,-1
2025-05-15T12:27:24.000Z,V4221040,8319,46.60960,6.85658,29002.6,5.2,2.6,293.5,-43.4,0.7,-1.0,RS41-SG,403.500,10.8,-225,9,2.6,-1,-1
2025-05-15T12:27:25.000Z,V4221040,8320,46.60961,6.85656,29007.6,4.6,1.3,277.5,-43.4,0.7,-1.0,RS41-SG,403.500,10.1,-225,9,2.6,-1,-1
2025-05-15T12:27:26.000Z,V4221040,8321,46.60961,6.85654,29012.7,5.3,1.2,246.2,-43.4,0.7,-1.0,RS41-SG,403.500,9.7,-225,9,2.7,-1,-1
2025-05-15T12:27:27.000Z,V4221040,8322,46.60960,6.85652,29018.9,6.8,2.3,236.6,-43.5,0.7,-1.0,RS41-SG,403.500,10.2,-225,9,2.7,-1,-1
2025-05-15T12:27:28.000Z,V4221040,8323,46.60959,6.85649,29025.3,6.0,3.4,245.2,-43.6,0.8,-1.0,RS41-SG,403.500,10.2,-225,9,2.7,-1,-1
2025-05-15T12:27:30.000Z,V4221040,8325,46.60955,6.85640,29036.3,5.5,4.6,241.3,-43.6,0.8,-1.0,RS41-SG,403.500,9.9,-225,9,2.6,-1,-1
2025-05-15T12:27:31.000Z,V4221040,8326,46.60953,6.85634,29042.3,6.6,4.5,238.4,-43.6,0.7,-1.0,RS41-SG,403.500,9.9,-225,9,2.6,-1,-1
2025-05-15T12:27:32.000Z,V4221040,8327,46.60951,6.85630,29048.6,6.1,4.2,234.2,-43.5,0.7,-1.0,RS41-SG,403.500,9.9,-225,9,2.7,-1,-1
2025-05-15T12:27:33.000Z,V4221040,8328,46.60949,6.85625,29054.1,5.2,4.2,238.2,-43.4,0.7,-1.0,RS41-SG,403.500,9.9,-225,9,2.7,-1,-1
2025-05-15T12:27:34.000Z,V4221040,8329,46.60947,6.85620,29059.6,5.8,4.6,250.5,-43.4,0.7,-1.0,RS41-SG,403.500,9.8,-225,9,2.7,-1,-1
2025-05-15T12:27:35.000Z,V4221040,8330,46.60946,6.85613,29065.9,6.5,5.9,263.2,-43.4,0.7,-1.0,RS41-SG,403.500,9.8,-225,9,2.6,-1,-1
2025-05-15T12:27:36.000Z,V4221040,8331,46.60946,6.85605,29072.1,5.4,7.0,271.0,-43.4,0.7,-1.0,RS41-SG,403.500,10.0,-225,9,2.6,-1,-1
2025-05-15T12:27:37.000Z,V4221040,8332,46.60946,6.85596,29077.7,5.5,7.5,273.7,-43.3,0.8,-1.0,RS41-SG,403.500,10.0,-225,9,2.7,-1,-1
2025-05-15T12:27:39.000Z,V4221040,8334,46.60947,6.85578,29090.8,7.0,5.3,269.3,-43.2,0.7,-1.0,RS41-SG,403.500,8.7,-225,9,2.7,-1,-1
2025-05-15T12:27:40.000Z,V4221040,8335,46.60947,6.85572,29097.0,5.1,4.0,261.9,-43.2,0.7,-1.0,RS41-SG,403.500,9.4,-225,9,2.6,-1,-1
2025-05-15T12:27:41.000Z,V4221040,8336,46.60946,6.85568,29102.0,5.0,3.1,249.0,-43.2,0.7,-1.0,RS41-SG,403.500,9.4,-225,9,2.6,-1,-1
2025-05-15T12:27:42.000Z,V4221040,8337,46.60945,6.85564,29107.9,6.5,3.3,240.9,-43.2,0.7,-1.0,RS41-SG,403.500,9.7,-225,9,2.6,-1,-1
2025-05-15T12:27:43.000Z,V4221040,8338,46.60943,6.85560,29114.1,6.2,4.1,241.1,-43.2,0.8,-1.0,RS41-SG,403.500,10.1,-225,9,2.7,-1,-1
2025-05-15T12:27:44.000Z,V4221040,8339,46.60942,6.85555,29119.7,5.0,4.6,250.2,-43.3,0.7,-1.0,RS41-SG,403.500,10.4,-225,9,2.7,-1,-1
2025-05-15T12:27:45.000Z,V4221040,8340,46.60940,6.85549,29125.1,5.9,4.7,254.5,-43.4,0.7,-1.0,RS41-SG,403.500,10.4,-225,9,2.7,-1,-1
2025-05-15T12:27:46.000Z,V4221040,8341,46.60939,6.85543,29131.0,6.0,4.3,254.2,-43.4,0.7,-1.0,RS41-SG,403.500,8.8,-225,9,2.6,-1,-1
2025-05-15T12:27:47.000Z,V4221040,8342,46.60938,6.85538,29137.2,5.9,3.9,255.5,-43.3,0.7,-1.0,RS41-SG,403.500,9.2,-225,9,2.6,-1,-1
2025-05-15T12:27:48.000Z,V4221040,8343,46.60938,6.85533,29142.8,5.7,3.8,261.8,-43.3,0.8,-1.0,RS41-SG,403.500,10.2,-225,9,2.7,-1,-1
2025-05-15T12:27:49.000Z,V4221040,8344,46.60938,6.85528,29148.7,5.9,4.5,269.0,-43.2,0.7,-1.0,RS41-SG,403.500,10.2,-225,9,2.7,-1,-1
2025-05-15T12:27:50.000Z,V4221040,8345,46.60938,6.85521,29154.8,6.0,5.9,276.7,-43.3,0.7,-1.0,RS41-SG,403.500,9.0,-225,9,2.6,-1,-1
2025-05-15T12:27:51.000Z,V4221040,8346,46.60939,6.85513,29161.0,6.3,7.1,278.0,-43.3,0.8,-1.0,RS41-SG,403.500,9.0,-225,9,2.6,-1,-1
2025-05-15T12:27:52.000Z,V4221040,8347,46.60940,6.85503,29166.8,5.0,7.7,278.2,-43.2,0.8,-1.0,RS41-SG,403.500,9.5,-225,9,2.7,-1,-1
2025-05-15T12:27:53.000Z,V4221040,8348,46.60940,6.85494,29171.7,5.2,7.5,275.8,-43.1,0.8,-1.0,RS41-SG,403.500,9.5,-225,9,2.7,-1,-1
2025-05-15T12:27:54.000Z,V4221040,8349,46.60941,6.85485,29177.3,6.0,6.2,270.1,-43.1,0.7,-1.0,RS41-SG,403.500,10.1,-225,9,2.7,-1,-1
2025-05-15T12:27:55.000Z,V4221040,8350,46.60940,6.85478,29184.1,6.5,4.3,256.2,-43.1,0.7,-1.0,RS41-SG,403.500,10.1,-225,9,2.6,-1,-1
2025-05-15T12:27:56.000Z,V4221040,8351,46.60939,6.85474,29190.5,5.8,3.1,232.4,-43.1,0.7,-1.0,RS41-SG,403.500,10.0,-225,9,2.6,-1,-1
2025-05-15T12:27:57.000Z,V4221040,8352,46.60937,6.85471,29195.7,4.4,3.0,209.3,-43.1,0.7,-1.0,RS41-SG,403.500,9.2,-225,9,2.6,-1,-1
2025-05-15T12:27:58.000Z,V4221040,8353,46.60934,6.85469,29200.4,5.2,3.4,207.5,-43.0,0.7,-1.0,RS41-SG,403.500,9.4,-225,9,2.7,-1,-1
2025-05-15T12:27:59.000Z,V4221040,8354,46.60932,6.85466,29206.3,6.7,4.2,227.8,-43.0,0.7,-1.0,RS41-SG,403.500,9.4,-225,9,2.7,-1,-1
2025-05-15T12:28:00.000Z,V4221040,8355,46.60929,6.85461,29213.0,6.6,5.6,244.5,-43.0,0.7,-1.0,RS41-SG,403.500,9.2,-225,9,2.7,-1,-1
2025-05-15T12:28:01.000Z,V4221040,8356,46.60928,6.85453,29218.9,5.1,6.9,256.1,-43.0,0.7,-1.0,RS41-SG,403.500,8.8,-225,9,2.6,-1,-1
2025-05-15T12:28:02.000Z,V4221040,8357,46.60927,6.85444,29224.4,5.6,7.8,264.9,-43.0,0.7,-1.0,RS41-SG,403.500,8.4,-225,9,2.6,-1,-1
2025-05-15T12:28:03.000Z,V4221040,8358,46.60926,6.85434,29230.7,6.9,7.8,269.5,-43.0,0.7,-1.0,RS41-SG,403.500,10.7,-225,9,2.7,-1,-1
2025-05-15T12:28:04.000Z,V4221040,8359,46.60927,6.85424,29236.8,5.6,7.3,274.1,-43.0,0.7,-1.0,RS41-SG,403.500,10.7,-225,9,2.6,-1,-1
2025-05-15T12:28:05.000Z,V4221040,8360,46.60927,6.85415,29241.9,4.7,6.9,276.2,-43.1,0.7,-1.0,RS41-SG,403.500,9.8,-225,9,2.7,-1,-1
2025-05-15T12:28:06.000Z,V4221040,8361,46.60928,6.85406,29247.5,6.0,7.0,275.5,-43.0,0.7,-1.0,RS41-SG,403.500,9.7,-225,9,2.6,-1,-1
2025-05-15T12:28:07.000Z,V4221040,8362,46.60928,6.85396,29253.8,6.5,7.6,273.5,-43.0,0.7,-1.0,RS41-SG,403.500,9.8,-225,9,2.6,-1,-1
2025-05-15T12:28:08.000Z,V4221040,8363,46.60929,6.85386,29259.9,5.5,8.0,270.7,-43.0,0.7,-1.0,RS41-SG,403.500,9.9,-225,9,2.6,-1,-1
2025-05-15T12:28:09.000Z,V4221040,8364,46.60928,6.85376,29265.4,6.0,7.7,266.0,-43.0,0.7,-1.0,RS41-SG,403.500,9.9,-225,9,2.7,-1,-1
2025-05-15T12:28:10.000Z,V4221040,8365,46.60928,6.85367,29271.2,5.8,6.7,262.3,-42.9,0.7,-1.0,RS41-SG,403.500,9.0,-225,9,2.7,-1,-1
2025-05-15T12:28:11.000Z,V4221040,8366,46.60927,6.85359,29277.0,5.7,5.4,256.4,-42.9,0.7,-1.0,RS41-SG,403.500,9.7,-225,9,2.7,-1,-1
2025-05-15T12:28:12.000Z,V4221040,8367,46.60926,6.85353,29283.2,6.3,4.2,249.3,-42.9,0.7,-1.0,RS41-SG,403.500,9.7,-225,9,2.6,-1,-1
2025-05-15T12:28:13.000Z,V4221040,8368,46.60924,6.85348,29289.5,5.8,4.1,246.8,-42.9,0.7,-1.0,RS41-SG,403.500,9.2,-225,9,2.6,-1,-1
2025-05-15T12:28:14.000Z,V4221040,8369,46.60923,6.85343,29295.3,5.4,4.9,252.1,-42.9,0.7,-1.0,RS41-SG,403.500,9.4,-225,9,2.7,-1,-1
2025-05-15T12:28:15.000Z,V4221040,8370,46.60922,6.85335,29300.7,5.5,6.6,262.8,-42.8,0.7,-1.0,RS41-SG,403.500,9.6,-225,9,2.7,-1,-1
2025-05-15T12:28:16.000Z,V4221040,8371,46.60921,6.85325,29306.4,5.8,9.3,267.6,-42.8,0.7,-1.0,RS41-SG,403.500,9.8,-225,9,2.7,-1,-1
2025-05-15T12:28:17.000Z,V4221040,8372,46.60921,6.85311,29312.3,6.1,12.0,270.8,-42.8,0.7,-1.0,RS41-SG,403.500,9.8,-225,9,2.6,-1,-1
2025-05-15T12:28:19.000Z,V4221040,8374,46.60922,6.85276,29322.1,4.7,14.4,274.3,-42.8,0.7,-1.0,RS41-SG,403.500,9.2,-225,9,2.6,-1,-1
2025-05-15T12:28:20.000Z,V4221040,8375,46.60923,6.85259,29327.8,6.9,13.2,273.7,-42.8,0.7,-1.0,RS41-SG,403.500,8.6,-225,9,2.7,-1,-1
2025-05-15T12:28:21.000Z,V4221040,8376,46.60923,6.85243,29334.8,7.8,10.6,271.4,-42.8,0.7,-1.0,RS41-SG,403.500,8.9,-225,9,2.7,-1,-1
2025-05-15T12:28:22.000Z,V4221040,8377,46.60923,6.85231,29341.7,6.0,7.9,266.3,-42.7,0.7,-1.0,RS41-SG,403.500,8.9,-225,9,2.7,-1,-1
2025-05-15T12:28:23.000Z,V4221040,8378,46.60922,6.85222,29346.8,4.0,6.2,254.8,-42.6,0.7,-1.0,RS41-SG,403.500,9.5,-225,9,2.6,-1,-1
2025-05-15T12:28:24.000Z,V4221040,8379,46.60920,6.85215,29350.9,3.9,5.3,237.5,-42.6,0.7,-1.0,RS41-SG,403.500,9.5,-225,9,2.6,-1,-1
2025-05-15T12:28:26.000Z,V4221040,8381,46.60914,6.85203,29361.9,7.0,7.4,231.9,-42.7,0.7,-1.0,RS41-SG,403.500,9.9,-225,9,2.7,-1,-1
2025-05-15T12:28:27.000Z,V4221040,8382,46.60910,6.85195,29368.6,6.1,8.4,241.1,-42.6,0.7,-1.0,RS41-SG,403.500,9.9,-225,9,2.7,-1,-1
2025-05-15T12:28:28.000Z,V4221040,8383,46.60906,6.85184,29374.5,5.2,9.5,247.9,-42.6,0.7,-1.0,RS41-SG,403.500,9.2,-225,9,2.6,-1,-1
2025-05-15T12:28:31.000Z,V4221040,8386,46.60902,6.85145,29392.5,5.6,10.6,271.2,-42.6,0.7,-1.0,RS41-SG,403.500,8.5,-225,9,2.7,-1,-1
2025-05-15T12:28:32.000Z,V4221040,8387,46.60903,6.85131,29398.0,5.7,11.1,272.6,-42.6,0.7,-1.0,RS41-SG,403.500,9.0,-225,9,2.7,-1,-1
2025-05-15T12:28:33.000Z,V4221040,8388,46.60903,6.85116,29404.3,6.9,12.2,271.5,-42.7,0.7,-1.0,RS41-SG,403.500,9.0,-225,9,2.7,-1,-1
2025-05-15T12:28:34.000Z,V4221040,8389,46.60903,6.85100,29410.7,6.0,13.0,268.3,-42.8,0.7,-1.0,RS41-SG,403.500,9.1,-225,9,2.6,-1,-1
2025-05-15T12:28:35.000Z,V4221040,8390,46.60902,6.85083,29416.6,5.7,13.1,264.3,-42.7,0.7,-1.0,RS41-SG,403.500,9.1,-225,9,2.6,-1,-1
2025-05-15T12:28:37.000Z,V4221040,8392,46.60898,6.85052,29429.5,6.6,10.4,252.4,-42.7,0.7,-1.0,RS41-SG,403.500,8.8,-225,9,2.7,-1,-1
2025-05-15T12:28:38.000Z,V4221040,8393,46.60895,6.85041,29435.3,5.0,8.9,245.7,-42.6,0.7,-1.0,RS41-SG,403.500,9.0,-225,9,2.7,-1,-1
2025-05-15T12:28:39.000Z,V4221040,8394,46.60892,6.85031,29440.0,4.3,7.6,242.9,-42.7,0.7,-1.0,RS41-SG,403.500,9.0,-225,9,2.6,-1,-1
2025-05-15T12:28:40.000Z,V4221040,8395,46.60889,6.85022,29445.0,5.5,7.2,249.2,-42.7,0.7,-1.0,RS41-SG,403.500,8.7,-225,9,2.6,-1,-1
2025-05-15T12:28:41.000Z,V4221040,8396,46.60888,6.85013,29451.1,6.8,8.0,261.6,-42.6,0.7,-1.0,RS41-SG,403.500,8.7,-225,9,2.6,-1,-1
2025-05-15T12:28:43.000Z,V4221040,8398,46.60888,6.84988,29463.7,5.2,11.0,275.9,-42.7,0.7,-1.0,RS41-SG,403.500,8.4,-225,9,2.7,-1,-1
2025-05-15T12:28:44.000Z,V4221040,8399,46.60889,6.84973,29468.6,4.9,12.1,276.9,-42.6,0.7,-1.0,RS41-SG,403.500,9.4,-225,9,2.7,-1,-1
2025-05-15T12:28:45.000Z,V4221040,8400,46.60890,6.84957,29474.4,6.5,12.4,274.4,-42.5,0.7,-1.0,RS41-SG,403.500,9.4,-225,9,2.6,-1,-1
2025-05-15T12:28:46.000Z,V4221040,8401,46.60890,6.84941,29481.4,7.1,12.1,270.7,-42.6,0.7,-1.0,RS41-SG,403.500,8.9,-225,9,2.6,-1,-1
2025-05-15T12:28:47.000Z,V4221040,8402,46.60890,6.84926,29487.8,5.5,11.5,265.8,-42.6,0.7,-1.0,RS41-SG,403.500,8.8,-225,9,2.7,-1,-1
2025-05-15T12:28:48.000Z,V4221040,8403,46.60889,6.84911,29493.2,5.1,11.3,260.9,-42.5,0.7,-1.0,RS41-SG,403.500,10.0,-225,9,2.7,-1,-1
2025-05-15T12:28:49.000Z,V4221040,8404,46.60887,6.84897,29498.8,5.9,11.6,259.5,-42.5,0.7,-1.0,RS41-SG,403.500,10.0,-225,9,2.7,-1,-1
2025-05-15T12:28:50.000Z,V4221040,8405,46.60885,6.84882,29504.9,6.4,11.9,261.0,-42.5,0.7,-1.0,RS41-SG,403.500,10.7,-225,9,2.6,-1,-1
2025-05-15T12:28:52.000Z,V4221040,8407,46.60883,6.84851,29516.8,5.7,11.3,268.7,-42.5,0.7,-1.0,RS41-SG,403.500,7.4,-225,9,2.6,-1,-1
2025-05-15T12:28:53.000Z,V4221040,8408,46.60884,6.84838,29522.8,6.5,9.8,274.2,-42.4,0.7,-1.0,RS41-SG,403.500,8.1,-225,9,2.7,-1,-1
2025-05-15T12:28:54.000Z,V4221040,8409,46.60884,6.84826,29529.2,6.5,8.1,278.0,-42.5,0.7,-1.0,RS41-SG,403.500,8.1,-225,9,2.7,-1,-1
2025-05-15T12:28:55.000Z,V4221040,8410,46.60886,6.84816,29534.7,5.1,7.3,282.4,-42.5,0.7,-1.0,RS41-SG,403.500,9.4,-225,9,2.7,-1,-1
2025-05-15T12:28:56.000Z,V4221040,8411,46.60887,6.84807,29540.3,5.9,7.4,283.6,-42.5,0.7,-1.0,RS41-SG,403.500,9.4,-225,9,2.6,-1,-1
2025-05-15T12:28:57.000Z,V4221040,8412,46.60889,6.84797,29546.9,7.1,8.6,282.4,-42.6,0.7,-1.0,RS41-SG,403.500,9.3,-225,9,2.6,-1,-1
2025-05-15T12:28:58.000Z,V4221040,8413,46.60890,6.84785,29553.4,5.7,9.9,278.3,-42.6,0.7,-1.0,RS41-SG,403.500,8.6,-225,9,2.7,-1,-1
2025-05-15T12:28:59.000Z,V4221040,8414,46.60891,6.84771,29558.8,5.2,11.2,274.8,-42.6,0.7,-1.0,RS41-SG,403.500,9.8,-225,9,2.7,-1,-1
2025-05-15T12:29:00.000Z,V4221040,8415,46.60892,6.84756,29564.4,6.1,11.9,270.7,-42.6,0.7,-1.0,RS41-SG,403.500,9.8,-225,9,2.7,-1,-1
2025-05-15T12:29:01.000Z,V4221040,8416,46.60891,6.84741,29570.7,6.6,11.5,265.6,-42.6,0.7,-1.0,RS41-SG,403.500,9.2,-225,9,2.6,-1,-1
2025-05-15T12:29:02.000Z,V4221040,8417,46.60890,6.84727,29577.2,5.9,10.6,263.4,-42.6,0.7,-1.0,RS41-SG,403.500,8.2,-225,8,2.6,-1,-1
2025-05-15T12:29:03.000Z,V4221040,8418,46.60889,6.84714,29583.0,5.6,9.8,265.2,-42.6,0.7,-1.0,RS41-SG,403.500,9.7,-225,8,2.6,-1,-1
2025-05-15T12:29:04.000Z,V4221040,8419,46.60889,6.84702,29588.7,6.3,9.2,271.4,-42.6,0.7,-1.0,RS41-SG,403.500,9.7,-225,9,2.7,-1,-1
2025-05-15T12:29:05.000Z,V4221040,8420,46.60890,6.84690,29595.3,7.0,9.5,281.6,-42.6,0.7,-1.0,RS41-SG,403.500,8.7,-225,9,2.7,-1,-1
2025-05-15T12:29:06.000Z,V4221040,8421,46.60893,6.84677,29601.7,6.1,10.3,290.3,-42.5,0.7,-1.0,RS41-SG,403.500,10.4,-225,9,2.7,-1,-1
2025-05-15T12:29:07.000Z,V4221040,8422,46.60896,6.84665,29607.3,5.2,10.6,296.1,-42.6,0.7,-1.0,RS41-SG,403.500,10.4,-225,9,2.6,-1,-1
2025-05-15T12:29:09.000Z,V4221040,8424,46.60905,6.84642,29619.4,7.1,9.4,301.4,-42.5,0.7,-1.0,RS41-SG,403.500,10.5,-225,9,2.7,-1,-1
2025-05-15T12:29:10.000Z,V4221040,8425,46.60909,6.84632,29626.0,6.4,8.2,300.0,-42.5,0.7,-1.0,RS41-SG,403.500,10.5,-225,8,2.7,-1,-1
2025-05-15T12:29:11.000Z,V4221040,8426,46.60912,6.84623,29631.9,5.6,7.4,293.3,-42.5,0.7,-1.0,RS41-SG,403.500,9.5,-225,9,2.7,-1,-1
2025-05-15T12:29:12.000Z,V4221040,8427,46.60915,6.84614,29638.0,6.0,7.9,284.9,-42.3,0.7,-1.0,RS41-SG,403.500,9.5,-225,9,2.6,-1,-1
2025-05-15T12:29:14.000Z,V4221040,8429,46.60917,6.84590,29650.5,5.9,10.7,275.6,-42.3,0.7,-1.0,RS41-SG,403.500,9.3,-225,9,2.6,-1,-1
2025-05-15T12:29:15.000Z,V4221040,8430,46.60918,6.84575,29655.7,4.9,11.7,275.3,-42.3,0.7,-1.0,RS41-SG,403.500,10.1,-225,9,2.7,-1,-1
2025-05-15T12:29:16.000Z,V4221040,8431,46.60919,6.84560,29661.0,5.8,11.6,275.5,-42.3,0.7,-1.0,RS41-SG,403.500,10.1,-225,9,2.7,-1,-1
2025-05-15T12:29:17.000Z,V4221040,8432,46.60920,6.84546,29667.1,6.6,10.2,277.7,-42.3,0.7,-1.0,RS41-SG,403.500,9.8,-225,9,2.7,-1,-1
2025-05-15T12:29:18.000Z,V4221040,8433,46.60922,6.84534,29673.8,6.6,8.5,280.0,-42.4,0.7,-1.0,RS41-SG,403.500,10.3,-225,9,2.6,-1,-1
2025-05-15T12:29:19.000Z,V4221040,8434,46.60923,6.84524,29680.0,5.5,7.2,285.3,-42.4,0.7,-1.0,RS41-SG,403.500,10.3,-225,9,2.6,-1,-1
2025-05-15T12:29:21.000Z,V4221040,8436,46.60928,6.84508,29691.9,6.8,6.9,299.6,-42.5,0.7,-1.0,RS41-SG,403.500,9.9,-225,9,2.7,-1,-1
2025-05-15T12:29:22.000Z,V4221040,8437,46.60931,6.84500,29698.5,6.2,7.8,301.7,-42.5,0.7,-1.0,RS41-SG,403.500,10.5,-225,9,2.7,-1,-1
2025-05-15T12:29:23.000Z,V4221040,8438,46.60935,6.84491,29704.7,5.6,8.5,298.7,-42.6,0.7,-1.0,RS41-SG,403.500,10.5,-225,9,2.6,-1,-1
2025-05-15T12:29:24.000Z,V4221040,8439,46.60938,6.84481,29711.1,6.9,8.5,291.2,-42.5,0.7,-1.0,RS41-SG,403.500,9.9,-225,9,2.6,-1,-1
2025-05-15T12:29:25.000Z,V4221040,8440,46.60940,6.84471,29718.3,7.4,8.0,282.8,-42.5,0.7,-1.0,RS41-SG,403.500,11.3,-225,9,2.6,-1,-1
2025-05-15T12:29:26.000Z,V4221040,8441,46.60941,6.84461,29724.8,5.5,7.5,274.4,-42.6,0.7,-1.0,RS41-SG,403.500,11.3,-225,9,2.7,-1,-1
2025-05-15T12:29:27.000Z,V4221040,8442,46.60941,6.84451,29730.2,5.3,7.7,266.2,-42.6,0.7,-1.0,RS41-SG,403.500,10.4,-225,9,2.7,-1,-1
2025-05-15T12:29:28.000Z,V4221040,8443,46.60941,6.84440,29736.2,6.9,8.8,261.5,-42.6,0.7,-1.0,RS41-SG,403.500,10.5,-225,9,2.7,-1,-1
2025-05-15T12:29:34.000Z,V4221040,8449,46.60936,6.84357,29697.2,-26.3,10.6,269.2,-42.8,0.7,-1.0,RS41-SG,403.500,8.7,-225,9,2.6,-1,-1
2025-05-15T12:29:36.000Z,V4221040,8451,46.60938,6.84330,29646.8,-18.5,10.3,288.0,-42.7,0.7,-1.0,RS41-SG,403.500,10.3,-225,9,2.6,-1,-1
2025-05-15T12:29:37.000Z,V4221040,8452,46.60942,6.84320,29628.1,-20.4,8.0,313.6,-42.6,0.7,-1.0,RS41-SG,403.500,9.6,-225,9,2.7,-1,-1
2025-05-15T12:29:38.000Z,V4221040,8453,46.60947,6.84314,29614.6,-13.3,7.2,322.0,-42.5,0.7,-1.0,RS41-SG,403.500,10.4,-225,9,2.7,-1,-1
2025-05-15T12:29:39.000Z,V4221040,8454,46.60953,6.84309,29605.3,-14.5,7.5,319.4,-42.5,0.7,-1.0,RS41-SG,403.500,10.4,-225,9,2.7,-1,-1
2025-05-15T12:29:40.000Z,V4221040,8455,46.60958,6.84303,29596.4,-13.3,7.4,307.5,-42.6,0.7,-1.0,RS41-SG,403.500,9.5,-225,9,2.6,-1,-1
2025-05-15T12:29:41.000Z,V4221040,8456,46.60962,6.84296,29585.0,-17.2,7.6,300.4,-42.6,0.7,-1.0,RS41-SG,403.500,9.3,-225,9,2.6,-1,-1
2025-05-15T12:29:42.000Z,V4221040,8457,46.60965,6.84287,29568.8,-20.9,8.3,291.9,-42.7,0.7,-1.0,RS41-SG,403.500,9.3,-225,9,2.6,-1,-1
2025-05-15T12:29:44.000Z,V4221040,8459,46.60969,6.84265,29526.1,-24.2,10.5,275.6,-42.7,0.7,-1.0,RS41-SG,403.500,10.1,-225,9,2.7,-1,-1
2025-05-15T12:29:45.000Z,V4221040,8460,46.60970,6.84251,29502.5,-24.7,11.9,271.9,-42.7,0.7,-1.0,RS41-SG,403.500,10.1,-225,9,2.6,-1,-1
2025-05-15T12:29:46.000Z,V4221040,8461,46.60970,6.84235,29479.0,-24.1,12.6,263.8,-42.6,0.7,-1.0,RS41-SG,403.500,9.0,-225,9,2.6,-1,-1
2025-05-15T12:29:47.000Z,V4221040,8462,46.60969,6.84219,29455.0,-25.6,12.7,263.5,-42.7,0.7,-1.0,RS41-SG,403.500,8.9,-225,8,2.6,-1,-1
2025-05-15T12:29:48.000Z,V4221040,8463,46.60967,6.84203,29428.4,-28.5,12.8,259.6,-42.7,0.7,-1.0,RS41-SG,403.500,8.9,-225,9,2.6,-1,-1
2025-05-15T12:29:49.000Z,V4221040,8464,46.60965,6.84187,29400.0,-28.9,12.6,261.2,-42.7,0.7,-1.0,RS41-SG,403.500,9.2,-225,9,2.6,-1,-1
2025-05-15T12:29:50.000Z,V4221040,8465,46.60963,6.84171,29372.4,-26.4,11.5,256.7,-42.7,0.7,-1.0,RS41-SG,403.500,10.0,-225,9,2.7,-1,-1
2025-05-15T12:29:51.000Z,V4221040,8466,46.60961,6.84158,29348.3,-23.0,9.9,259.0,-42.7,0.7,-1.0,RS41-SG,403.500,10.0,-225,9,2.6,-1,-1
2025-05-15T12:29:52.000Z,V4221040,8467,46.60960,6.84146,29326.2,-21.0,8.7,261.5,-42.8,0.7,-1.0,RS41-SG,403.500,10.0,-225,9,2.6,-1,-1
2025-05-15T12:29:53.000Z,V4221040,8468,46.60959,6.84136,29306.9,-17.1,7.7,267.1,-42.8,0.7,-1.0,RS41-SG,403.500,10.0,-225,9,2.6,-1,-1
2025-05-15T12:29:54.000Z,V4221040,8469,46.60959,6.84126,29289.8,-17.7,7.1,267.6,-42.9,0.7,-1.0,RS41-SG,403.500,9.8,-225,9,2.7,-1,-1
2025-05-15T12:29:55.000Z,V4221040,8470,46.60959,6.84117,29270.0,-21.4,7.3,273.8,-42.9,0.7,-1.0,RS41-SG,403.500,9.4,-225,9,2.7,-1,-1
2025-05-15T12:29:56.000Z,V4221040,8471,46.60959,6.84107,29249.0,-21.4,7.5,267.6,-43.0,0.8,-1.0,RS41-SG,403.500,8.9,-225,9,2.6,-1,-1
2025-05-15T12:29:57.000Z,V4221040,8472,46.60959,6.84097,29228.4,-20.1,7.2,266.2,-43.0,0.7,-1.0,RS41-SG,403.500,10.0,-225,9,2.6,-1,-1
2025-05-15T12:29:58.000Z,V4221040,8473,46.60959,6.84088,29209.4,-18.5,7.5,275.1,-43.0,0.8,-1.0,RS41-SG,403.500,10.0,-225,9,2.6,-1,-1
2025-05-15T12:29:59.000Z,V4221040,8474,46.60959,6.84078,29191.7,-16.4,8.4,272.1,-43.0,0.8,-1.0,RS41-SG,403.500,10.2,-225,9,2.6,-1,-1
2025-05-15T12:30:00.000Z,V4221040,8475,46.60959,6.84067,29175.3,-16.9,8.1,264.7,-43.0,0.8,-1.0,RS41-SG,403.500,10.4,-225,9,2.6,-1,-1
2025-05-15T12:30:01.000Z,V4221040,8476,46.60958,6.84056,29156.3,-20.9,8.2,265.1,-43.0,0.7,-1.0,RS41-SG,403.500,10.4,-225,9,2.7,-1,-1
2025-05-15T12:30:02.000Z,V4221040,8477,46.60957,6.84047,29135.5,-20.9,6.9,258.1,-43.1,0.7,-1.0,RS41-SG,403.500,9.8,-225,9,2.6,-1,-1
2025-05-15T12:30:03.000Z,V4221040,8478,46.60956,6.84038,29117.3,-16.0,6.2,251.5,-43.1,0.8,-1.0,RS41-SG,403.500,10.3,-225,9,2.6,-1,-1
2025-05-15T12:30:04.000Z,V4221040,8479,46.60954,6.84032,29101.7,-16.4,5.2,233.3,-43.2,0.8,-1.0,RS41-SG,403.500,11.1,-225,9,2.6,-1,-1
2025-05-15T12:30:05.000Z,V4221040,8480,46.60951,6.84027,29083.7,-19.7,4.7,239.2,-43.2,0.7,-1.0,RS41-SG,403.500,11.1,-225,9,2.7,-1,-1
2025-05-15T12:30:06.000Z,V4221040,8481,46.60949,6.84022,29065.1,-18.1,4.6,230.9,-43.2,0.7,-1.0,RS41-SG,403.500,11.1,-225,9,2.7,-1,-1
2025-05-15T12:30:07.000Z,V4221040,8482,46.60946,6.84018,29048.0,-16.5,3.8,225.7,-43.2,0.8,-1.0,RS41-SG,403.500,11.1,-225,9,2.6,-1,-1
2025-05-15T12:30:08.000Z,V4221040,8483,46.60944,6.84014,29030.0,-19.7,3.4,240.4,-43.2,0.8,-1.0,RS41-SG,403.500,10.9,-225,9,2.6,-1,-1
2025-05-15T12:30:09.000Z,V4221040,8484,46.60943,6.84010,29011.0,-18.9,3.6,233.5,-43.2,0.8,-1.0,RS41-SG,403.500,10.6,-225,9,2.6,-1,-1
2025-05-15T12:30:10.000Z,V4221040,8485,46.60941,6.84006,28991.6,-20.1,3.8,249.8,-43.3,0.8,-1.0,RS41-SG,403.500,12.3,-225,9,2.6,-1,-1
2025-05-15T12:30:11.000Z,V4221040,8486,46.60940,6.84001,28971.0,-21.4,3.9,253.4,-43.3,0.7,-1.0,RS41-SG,403.500,12.3,-225,9,2.7,-1,-1
2025-05-15T12:30:12.000Z,V4221040,8487,46.60939,6.83996,28949.1,-22.2,4.4,271.4,-43.3,0.8,-1.0,RS41-SG,403.500,11.3,-225,9,2.7,-1,-1
2025-05-15T12:30:13.000Z,V4221040,8488,46.60939,6.83991,28926.1,-24.7,4.3,261.0,-43.2,0.7,-1.0,RS41-SG,403.500,11.3,-225,9,2.6,-1,-1
2025-05-15T12:30:14.000Z,V4221040,8489,46.60939,6.83985,28902.0,-24.7,4.8,275.3,-43.2,0.7,-1.0,RS41-SG,403.500,11.6,-225,9,2.6,-1,-1
2025-05-15T12:30:15.000Z,V4221040,8490,46.60940,6.83979,28880.4,-19.2,3.9,284.6,-43.3,0.7,-1.0,RS41-SG,403.500,11.6,-225,9,2.6,-1,-1
2025-05-15T12:30:16.000Z,V4221040,8491,46.60940,6.83974,28859.8,-22.8,3.9,275.5,-43.4,0.7,-1.0,RS41-SG,403.500,10.5,-225,9,2.7,-1,-1
2025-05-15T12:30:17.000Z,V4221040,8492,46.60941,6.83969,28834.5,-27.4,4.0,295.4,-43.5,0.8,-1.0,RS41-SG,403.500,10.5,-225,9,2.7,-1,-1
2025-05-15T12:30:18.000Z,V4221040,8493,46.60942,6.83965,28805.9,-30.7,3.2,290.3,-43.6,0.8,-1.0,RS41-SG,403.500,10.9,-225,9,2.6,-1,-1
2025-05-15T12:30:19.000Z,V4221040,8494,46.60943,6.83961,28775.1,-31.5,3.8,291.2,-43.7,0.8,-1.0,RS41-SG,403.500,10.9,-225,9,2.6,-1,-1
2025-05-15T12:30:20.000Z,V4221040,8495,46.60945,6.83957,28747.0,-25.8,3.1,295.1,-43.9,0.8,-1.0,RS41-SG,403.500,10.9,-225,9,2.6,-1,-1
2025-05-15T12:30:21.000Z,V4221040,8496,46.60946,6.83953,28723.3,-22.2,3.6,292.2,-44.1,0.8,-1.0,RS41-SG,403.500,10.4,-225,9,2.6,-1,-1
2025-05-15T12:30:22.000Z,V4221040,8497,46.60947,6.83949,28703.0,-19.0,3.3,296.9,-44.2,0.8,-1.0,RS41-SG,403.500,9.4,-225,9,2.6,-1,-1
2025-05-15T12:30:23.000Z,V4221040,8498,46.60948,6.83945,28683.9,-19.1,3.7,299.4,-44.4,0.8,-1.0,RS41-SG,403.500,9.4,-225,9,2.7,-1,-1
2025-05-15T12:30:24.000Z,V4221040,8499,46.60950,6.83940,28664.5,-20.2,3.6,292.3,-44.4,0.8,-1.0,RS41-SG,403.500,9.6,-225,9,2.7,-1,-1
2025-05-15T12:30:25.000Z,V4221040,8500,46.60951,6.83937,28645.3,-18.9,3.4,303.1,-44.5,0.8,-1.0,RS41-SG,403.500,10.0,-225,9,2.6,-1,-1
2025-05-15T12:30:26.000Z,V4221040,8501,46.60954,6.83934,28627.5,-17.2,3.5,337.8,-44.6,0.8,-1.0,RS41-SG,403.500,10.4,-225,9,2.6,-1,-1
2025-05-15T12:30:27.000Z,V4221040,8502,46.60957,6.83933,28609.5,-19.2,3.7,1.8,-44.7,0.9,-1.0,RS41-SG,403.500,10.4,-225,9,2.6,-1,-1
2025-05-15T12:30:28.000Z,V4221040,8503,46.60960,6.83934,28590.6,-18.7,3.9,14.2,-44.7,0.9,-1.0,RS41-SG,403.500,10.1,-225,9,2.6,-1,-1
2025-05-15T12:30:29.000Z,V4221040,8504,46.60963,6.83936,28570.9,-20.2,4.0,21.9,-44.8,0.8,-1.0,RS41-SG,403.500,10.1,-225,9,2.6,-1,-1
2025-05-15T12:30:30.000Z,V4221040,8505,46.60966,6.83938,28553.4,-15.1,2.2,43.4,-44.8,0.8,-1.0,RS41-SG,403.500,10.2,-225,9,2.7,-1,-1
2025-05-15T12:30:31.000Z,V4221040,8506,46.60966,6.83939,28539.3,-13.2,0.5,91.3,-44.9,0.8,-1.0,RS41-SG,403.500,10.2,-225,9,2.6,-1,-1
2025-05-15T12:30:32.000Z,V4221040,8507,46.60965,6.83938,28525.8,-15.0,1.7,228.0,-44.9,0.9,-1.0,RS41-SG,403.500,9.6,-225,9,2.6,-1,-1
2025-05-15T12:30:33.000Z,V4221040,8508,46.60964,6.83936,28509.7,-19.0,3.8,226.6,-45.0,0.8,-1.0,RS41-SG,403.500,9.0,-225,8,2.6,-1,-1
2025-05-15T12:30:34.000Z,V4221040,8509,46.60961,6.83930,28491.9,-18.0,6.4,237.4,-45.0,0.8,-1.0,RS41-SG,403.500,10.3,-225,9,2.7,-1,-1
2025-05-15T12:30:35.000Z,V4221040,8510,46.60958,6.83922,28475.2,-16.1,8.0,254.5,-45.1,0.8,-1.0,RS41-SG,403.500,10.8,-225,9,2.7,-1,-1
2025-05-15T12:30:36.000Z,V4221040,8511,46.60957,6.83911,28457.7,-19.6,9.1,262.4,-45.1,0.9,-1.0,RS41-SG,403.500,10.8,-225,9,2.6,-1,-1
2025-05-15T12:30:37.000Z,V4221040,8512,46.60956,6.83899,28438.2,-20.5,10.3,265.6,-45.2,0.8,-1.0,RS41-SG,403.500,11.2,-225,9,2.6,-1,-1
2025-05-15T12:30:38.000Z,V4221040,8513,46.60955,6.83885,28420.1,-15.8,10.3,267.2,-45.2,0.8,-1.0,RS41-SG,403.500,11.2,-225,9,2.6,-1,-1
2025-05-15T12:30:40.000Z,V4221040,8515,46.60956,6.83862,28387.1,-17.2,8.5,273.9,-45.2,0.8,-1.0,RS41-SG,403.500,10.7,-225,9,2.7,-1,-1
2025-05-15T12:30:41.000Z,V4221040,8516,46.60956,6.83852,28370.4,-16.9,6.2,271.8,-45.3,0.8,-1.0,RS41-SG,403.500,10.1,-225,9,2.7,-1,-1
2025-05-15T12:30:42.000Z,V4221040,8517,46.60956,6.83846,28354.0,-16.6,3.2,265.2,-45.3,0.8,-1.0,RS41-SG,403.500,10.2,-225,9,2.6,08:29:19,-1
2025-05-15T12:30:43.000Z,V4221040,8518,46.60956,6.83844,28337.1,-17.6,1.4,214.8,-45.2,0.8,-1.0,RS41-SG,403.500,10.2,-225,9,2.6,08:29:19,-1
2025-05-15T12:30:44.000Z,V4221040,8519,46.60955,6.83844,28319.1,-19.8,1.6,147.7,-45.2,0.8,-1.0,RS41-SG,403.500,10.3,-225,9,2.6,08:29:19,-1
2025-05-15T12:30:45.000Z,V4221040,8520,46.60953,6.83846,28300.5,-17.9,2.5,129.8,-45.3,0.8,-1.0,RS41-SG,403.500,10.3,-225,9,2.7,08:29:19,-1
2025-05-15T12:30:46.000Z,V4221040,8521,46.60952,6.83848,28284.0,-16.3,2.2,119.0,-45.4,0.8,-1.0,RS41-SG,403.500,9.6,-225,9,2.7,08:29:19,-1
2025-05-15T12:30:47.000Z,V4221040,8522,46.60952,6.83851,28267.6,-16.8,1.4,95.4,-45.4,0.9,-1.0,RS41-SG,403.500,9.2,-225,9,2.6,08:29:19,-1
2025-05-15T12:30:49.000Z,V4221040,8524,46.60953,6.83851,28232.6,-17.4,1.9,326.0,-45.5,0.9,-1.0,RS41-SG,403.500,9.7,-225,9,2.6,08:29:19,-1
2025-05-15T12:30:50.000Z,V4221040,8525,46.60955,6.83849,28217.3,-13.5,4.2,328.6,-45.6,0.9,-1.0,RS41-SG,403.500,9.7,-225,9,2.6,08:29:19,-1
2025-05-15T12:30:51.000Z,V4221040,8526,46.60958,6.83846,28201.8,-15.8,3.9,322.6,-45.6,0.9,-1.0,RS41-SG,403.500,9.5,-225,9,2.6,08:29:19,-1
2025-05-15T12:30:52.000Z,V4221040,8527,46.60961,6.83843,28184.9,-17.6,4.6,329.8,-45.6,0.8,-1.0,RS41-SG,403.500,9.3,-225,9,2.7,08:29:19,-1
2025-05-15T12:30:53.000Z,V4221040,8528,46.60965,6.83840,28167.8,-17.3,5.5,328.6,-45.6,0.8,-1.0,RS41-SG,403.500,9.3,-225,9,2.6,08:29:19,-1
2025-05-15T12:30:54.000Z,V4221040,8529,46.60969,6.83837,28150.1,-17.3,5.4,330.6,-45.7,0.8,-1.0,RS41-SG,403.500,8.8,-225,9,2.6,08:29:19,-1
2025-05-15T12:30:55.000Z,V4221040,8530,46.60973,6.83833,28134.2,-15.2,4.5,324.5,-45.7,0.8,-1.0,RS41-SG,403.500,8.9,-225,9,2.6,08:29:19,-1
2025-05-15T12:30:58.000Z,V4221040,8533,46.60979,6.83825,28086.3,-12.9,2.7,310.2,-45.8,0.8,-1.0,RS41-SG,403.500,9.8,-225,9,2.7,08:29:19,-1
2025-05-15T12:30:59.000Z,V4221040,8534,46.60981,6.83823,28072.7,-13.9,2.1,323.3,-45.9,0.8,-1.0,RS41-SG,403.500,9.6,-225,9,2.7,08:29:19,-1
2025-05-15T12:31:00.000Z,V4221040,8535,46.60983,6.83821,28057.1,-17.0,2.8,343.6,-45.9,0.8,-1.0,RS41-SG,403.500,9.4,-225,9,2.6,08:29:19,-1
2025-05-15T12:31:01.000Z,V4221040,8536,46.60986,6.83821,28038.2,-20.4,3.4,1.4,-46.0,0.8,-1.0,RS41-SG,403.500,9.3,-225,9,2.6,08:29:19,-1
2025-05-15T12:31:02.000Z,V4221040,8537,46.60989,6.83823,28020.1,-15.7,5.4,28.0,-46.0,0.8,-1.0,RS41-SG,403.500,8.8,-225,9,2.6,08:29:19,-1
2025-05-15T12:31:03.000Z,V4221040,8538,46.60994,6.83827,28004.5,-14.6,6.7,27.6,-46.0,0.8,-1.0,RS41-SG,403.500,8.8,-225,9,2.7,08:29:19,-1
2025-05-15T12:31:04.000Z,V4221040,8539,46.61000,6.83831,27990.0,-14.6,8.2,23.2,-46.1,0.9,-1.0,RS41-SG,403.500,8.9,-225,9,2.7,08:29:19,-1
2025-05-15T12:31:05.000Z,V4221040,8540,46.61006,6.83835,27975.5,-14.6,6.9,25.4,-46.1,0.9,-1.0,RS41-SG,403.500,8.9,-225,9,2.6,08:29:19,-1
2025-05-15T12:31:07.000Z,V4221040,8542,46.61017,6.83841,27941.7,-17.1,5.2,19.4,-46.1,0.9,-1.0,RS41-SG,403.500,9.5,-225,9,2.6,08:29:19,-1
2025-05-15T12:31:09.000Z,V4221040,8544,46.61024,6.83841,27911.5,-13.6,2.0,337.7,-46.0,0.9,-1.0,RS41-SG,403.500,9.5,-225,9,2.7,08:29:19,-1
2025-05-15T12:31:10.000Z,V4221040,8545,46.61025,6.83839,27896.2,-16.9,2.0,286.2,-46.0,0.9,-1.0,RS41-SG,403.500,8.6,-225,9,2.7,08:29:19,-1
2025-05-15T12:31:13.000Z,V4221040,8548,46.61027,6.83829,27840.3,-18.8,3.9,303.6,-46.1,0.8,-1.0,RS41-SG,403.500,8.1,-225,9,2.6,08:29:19,-1
2025-05-15T12:31:15.000Z,V4221040,8550,46.61032,6.83823,27804.9,-16.0,4.5,333.5,-46.2,0.8,-1.0,RS41-SG,403.500,8.2,-225,9,2.7,08:29:19,-1
2025-05-15T12:31:16.000Z,V4221040,8551,46.61036,6.83821,27788.3,-17.3,4.3,342.9,-46.3,0.9,-1.0,RS41-SG,403.500,8.2,-225,9,2.6,08:29:19,-1
2025-05-15T12:31:21.000Z,V4221040,8556,46.61062,6.83821,27708.4,-15.8,6.4,351.3,-46.5,0.9,-1.0,RS41-SG,403.500,8.6,-225,9,2.7,08:29:19,-1
2025-05-15T12:31:24.000Z,V4221040,8559,46.61072,6.83808,27665.7,-14.4,6.4,286.4,-46.4,0.9,-1.0,RS41-SG,403.500,8.0,-225,9,2.6,08:29:19,-1
2025-05-15T12:32:52.000Z,V4221040,8647,46.61279,6.83246,26357.5,-16.3,5.0,244.2,-50.3,1.1,-1.0,RS41-SG,403.500,7.4,-225,9,2.6,08:29:19,-1
2025-05-15T12:33:11.000Z,V4221040,8666,46.61292,6.83006,26052.0,-16.3,12.6,315.3,-50.9,1.1,-1.0,RS41-SG,403.500,8.7,-225,9,2.6,08:29:19,-1
2025-05-15T12:33:13.000Z,V4221040,8668,46.61306,6.82987,26021.4,-15.3,9.0,319.2,-50.8,1.0,-1.0,RS41-SG,403.500,8.0,-225,9,2.6,08:29:19,-1
2025-05-15T12:33:26.000Z,V4221040,8681,46.61291,6.82853,25829.8,-15.2,2.8,186.6,-49.5,0.9,-1.0,RS41-SG,403.500,8.1,-225,9,2.6,08:29:19,-1
2025-05-15T12:33:33.000Z,V4221040,8688,46.61264,6.82823,25736.2,-15.7,11.7,258.1,-49.9,1.0,-1.0,RS41-SG,403.500,8.0,-225,9,2.6,08:29:19,-1
2025-05-15T12:33:57.000Z,V4221040,8712,46.61301,6.82573,25385.1,-15.4,2.6,20.5,-50.4,1.0,-1.0,RS41-SG,403.500,8.0,-225,9,2.6,08:29:19,-1
2025-05-15T12:33:58.000Z,V4221040,8713,46.61302,6.82575,25371.1,-12.9,2.8,64.8,-50.4,1.0,-1.0,RS41-SG,403.500,8.0,-225,9,2.6,08:29:19,-1
2025-05-15T12:34:06.000Z,V4221040,8721,46.61306,6.82553,25262.8,-12.5,9.6,289.2,-50.9,1.1,-1.0,RS41-SG,403.500,8.7,-225,9,2.6,08:25:55,-1
2025-05-15T12:34:08.000Z,V4221040,8723,46.61311,6.82530,25234.7,-15.2,9.4,283.5,-51.1,1.1,-1.0,RS41-SG,403.500,8.0,-225,9,2.6,08:25:55,-1
2025-05-15T12:34:14.000Z,V4221040,8729,46.61326,6.82484,25151.8,-16.2,4.5,330.4,-51.5,1.1,-1.0,RS41-SG,403.500,8.8,-225,9,2.6,08:25:55,-1
2025-05-15T12:34:15.000Z,V4221040,8730,46.61330,6.82481,25137.0,-14.4,4.4,343.9,-51.6,1.1,-1.0,RS41-SG,403.500,8.8,-225,9,2.6,08:25:55,-1
2025-05-15T12:34:16.000Z,V4221040,8731,46.61334,6.82480,25124.1,-12.0,4.8,345.8,-51.6,1.1,-1.0,RS41-SG,403.500,8.8,-225,9,2.6,08:25:55,-1
2025-05-15T12:34:17.000Z,V4221040,8732,46.61338,6.82478,25111.6,-12.7,4.8,334.9,-51.5,1.1,-1.0,RS41-SG,403.500,7.9,-225,9,2.6,08:25:55,-1
2025-05-15T12:34:18.000Z,V4221040,8733,46.61342,6.82475,25099.4,-11.5,5.4,325.1,-51.5,1.1,-1.0,RS41-SG,403.500,8.3,-225,9,2.6,08:25:55,-1
2025-05-15T12:34:20.000Z,V4221040,8735,46.61352,6.82463,25077.2,-10.9,8.9,316.9,-51.3,1.1,-1.0,RS41-SG,403.500,9.0,-225,9,2.6,08:25:55,-1
2025-05-15T12:34:21.000Z,V4221040,8736,46.61358,6.82455,25065.7,-13.0,9.9,313.7,-51.2,1.1,-1.0,RS41-SG,403.500,9.0,-225,9,2.6,08:25:55,-1
2025-05-15T12:34:22.000Z,V4221040,8737,46.61364,6.82446,25052.5,-14.0,9.6,313.5,-51.2,1.1,-1.0,RS41-SG,403.500,8.3,-225,9,2.6,08:25:55,-1
2025-05-15T12:34:29.000Z,V4221040,8744,46.61403,6.82394,24949.5,-10.6,4.8,314.0,-51.6,1.1,-1.0,RS41-SG,403.500,8.8,-225,9,2.6,08:25:55,-1
2025-05-15T12:34:31.000Z,V4221040,8746,46.61407,6.82384,24929.4,-10.1,4.5,287.1,-51.5,1.1,-1.0,RS41-SG,403.500,8.9,-225,10,2.6,08:25:55,-1
2025-05-15T12:34:32.000Z,V4221040,8747,46.61408,6.82378,24919.4,-10.2,5.7,273.8,-51.4,1.1,-1.0,RS41-SG,403.500,8.1,-225,10,2.6,08:25:55,-1
2025-05-15T12:34:34.000Z,V4221040,8749,46.61408,6.82358,24897.7,-12.0,9.2,260.1,-51.3,1.0,-1.0,RS41-SG,403.500,8.8,-225,10,2.6,08:25:55,-1
2025-05-15T12:34:46.000Z,V4221040,8761,46.61478,6.82268,24781.8,-7.7,10.7,311.0,-50.8,1.0,-1.0,RS41-SG,403.500,7.8,-225,10,2.6,08:25:55,-1
2025-05-15T12:34:50.000Z,V4221040,8765,46.61486,6.82216,24742.2,-9.5,10.5,259.8,-50.8,1.0,-1.0,RS41-SG,403.500,8.9,-225,10,2.6,08:25:55,-1
2025-05-15T12:35:07.000Z,V4221040,8782,46.61519,6.82023,24567.2,-7.2,8.6,269.8,-50.5,1.0,-1.0,RS41-SG,403.500,8.5,-225,10,2.6,08:25:55,-1
2025-05-15T12:35:08.000Z,V4221040,8783,46.61520,6.82012,24560.3,-6.9,8.3,270.7,-50.5,1.0,-1.0,RS41-SG,403.500,8.5,-225,10,2.6,08:25:55,-1
2025-05-15T12:35:09.000Z,V4221040,8784,46.61520,6.82001,24553.9,-6.2,8.2,271.5,-50.5,1.0,-1.0,RS41-SG,403.500,8.3,-225,10,2.7,08:25:55,-1
2025-05-15T12:35:12.000Z,V4221040,8787,46.61524,6.81965,24536.8,-5.4,11.3,284.9,-50.5,1.0,-1.0,RS41-SG,403.500,7.4,-225,10,2.6,08:25:55,-1
2025-05-15T12:35:14.000Z,V4221040,8789,46.61530,6.81935,24524.2,-7.6,13.4,288.9,-50.4,1.0,-1.0,RS41-SG,403.500,8.0,-225,10,2.6,08:25:55,-1
2025-05-15T12:35:15.000Z,V4221040,8790,46.61534,6.81918,24517.9,-5.4,14.4,286.9,-50.4,0.9,-1.0,RS41-SG,403.500,8.4,-225,10,2.7,08:25:55,-1
2025-05-15T12:35:20.000Z,V4221040,8795,46.61543,6.81831,24486.4,-6.0,10.7,261.2,-50.4,1.0,-1.0,RS41-SG,403.500,8.2,-225,10,2.7,08:25:55,-1
2025-05-15T12:35:21.000Z,V4221040,8796,46.61541,6.81818,24479.2,-9.0,9.1,254.0,-50.4,1.0,-1.0,RS41-SG,403.500,9.7,-225,10,2.7,08:25:55,-1
2025-05-15T12:35:26.000Z,V4221040,8801,46.61544,6.81781,24444.7,-7.0,7.9,311.5,-50.3,1.0,-1.0,RS41-SG,403.500,8.7,-225,10,2.7,08:25:55,-1
2025-05-15T12:35:27.000Z,V4221040,8802,46.61549,6.81772,24437.5,-8.1,10.1,311.8,-50.2,1.0,-1.0,RS41-SG,403.500,8.7,-225,10,2.7,08:25:55,-1
2025-05-15T12:35:28.000Z,V4221040,8803,46.61556,6.81761,24430.2,-7.5,12.2,304.7,-50.2,1.0,-1.0,RS41-SG,403.500,9.0,-225,10,2.6,08:25:55,-1
2025-05-15T12:35:30.000Z,V4221040,8805,46.61566,6.81730,24414.6,-7.5,14.4,288.3,-50.2,1.0,-1.0,RS41-SG,403.500,8.8,-225,10,2.6,08:25:55,-1
2025-05-15T12:35:31.000Z,V4221040,8806,46.61570,6.81712,24405.8,-10.4,14.4,280.7,-50.3,1.0,-1.0,RS41-SG,403.500,8.8,-225,10,2.7,08:25:55,-1
2025-05-15T12:35:32.000Z,V4221040,8807,46.61571,6.81693,24396.3,-8.9,14.0,268.8,-50.3,1.0,-1.0,RS41-SG,403.500,7.9,-225,10,2.7,08:25:55,-1
2025-05-15T12:35:33.000Z,V4221040,8808,46.61569,6.81676,24388.1,-7.9,13.8,256.5,-50.3,1.0,-1.0,RS41-SG,403.500,7.9,-225,10,2.6,08:25:55,-1
2025-05-15T12:35:35.000Z,V4221040,8810,46.61562,6.81644,24371.1,-9.1,12.2,245.8,-50.4,1.0,-1.0,RS41-SG,403.500,8.9,-225,9,2.6,08:25:55,-1
2025-05-15T12:35:36.000Z,V4221040,8811,46.61557,6.81631,24364.0,-6.0,10.2,241.5,-50.4,1.0,-1.0,RS41-SG,403.500,8.9,-225,10,2.6,08:25:55,-1
2025-05-15T12:35:40.000Z,V4221040,8815,46.61549,6.81597,24327.1,-11.7,5.7,285.1,-51.0,1.1,-1.0,RS41-SG,403.500,10.5,-225,10,2.6,08:25:55,-1
2025-05-15T12:35:41.000Z,V4221040,8816,46.61551,6.81589,24315.0,-13.5,6.3,293.5,-51.2,1.1,-1.0,RS41-SG,403.500,10.5,-225,10,2.6,08:25:55,-1
2025-05-15T12:35:42.000Z,V4221040,8817,46.61554,6.81581,24302.1,-12.1,8.0,298.3,-51.3,1.1,-1.0,RS41-SG,403.500,8.5,-225,10,2.6,08:25:55,-1
2025-05-15T12:35:43.000Z,V4221040,8818,46.61558,6.81571,24291.1,-10.3,9.6,299.4,-51.4,1.1,-1.0,RS41-SG,403.500,8.8,-225,10,2.7,08:25:55,-1
2025-05-15T12:35:44.000Z,V4221040,8819,46.61561,6.81559,24282.5,-8.0,10.7,291.1,-51.4,1.1,-1.0,RS41-SG,403.500,9.5,-225,10,2.6,08:25:55,-1
2025-05-15T12:35:45.000Z,V4221040,8820,46.61565,6.81545,24274.0,-9.1,11.3,285.4,-51.4,1.1,-1.0,RS41-SG,403.500,9.5,-225,10,2.6,08:25:55,-1
2025-05-15T12:35:51.000Z,V4221040,8826,46.61555,6.81459,24205.9,-12.7,10.3,237.3,-51.2,1.0,-1.0,RS41-SG,403.500,9.3,-225,10,2.6,08:25:55,-1
2025-05-15T12:35:52.000Z,V4221040,8827,46.61550,6.81449,24192.2,-14.9,9.7,232.6,-51.2,1.1,-1.0,RS41-SG,403.500,8.9,-225,10,2.6,08:25:55,-1
2025-05-15T12:35:53.000Z,V4221040,8828,46.61545,6.81439,24177.9,-14.0,8.5,231.3,-51.1,1.0,-1.0,RS41-SG,403.500,8.9,-225,10,2.6,08:25:55,-1
2025-05-15T12:35:55.000Z,V4221040,8830,46.61536,6.81425,24152.3,-13.8,6.3,229.6,-51.0,1.0,-1.0,RS41-SG,403.500,8.8,-225,10,2.6,08:25:55,-1
2025-05-15T12:35:57.000Z,V4221040,8832,46.61530,6.81413,24124.3,-16.2,5.6,233.9,-51.0,1.0,-1.0,RS41-SG,403.500,8.5,-225,10,2.6,08:25:55,-1
2025-05-15T12:36:01.000Z,V4221040,8836,46.61517,6.81386,24060.8,-15.5,7.7,229.4,-50.8,1.0,-1.0,RS41-SG,403.500,8.9,-225,10,2.6,08:25:55,-1
2025-05-15T12:36:02.000Z,V4221040,8837,46.61513,6.81378,24046.0,-15.2,8.4,228.4,-50.7,1.0,-1.0,RS41-SG,403.500,8.9,-225,10,2.6,08:25:55,-1
2025-05-15T12:36:05.000Z,V4221040,8840,46.61498,6.81353,24009.0,-10.8,8.3,228.4,-50.6,1.0,-1.0,RS41-SG,403.500,9.0,-225,10,2.6,08:25:55,-1
2025-05-15T12:36:07.000Z,V4221040,8842,46.61488,6.81339,23983.8,-13.9,6.6,223.6,-50.6,1.0,-1.0,RS41-SG,403.500,8.2,-225,10,2.6,08:25:55,-1
2025-05-15T12:36:12.000Z,V4221040,8847,46.61471,6.81325,23934.0,-8.8,3.5,200.3,-51.0,1.0,-1.0,RS41-SG,403.500,7.8,-225,10,2.6,08:25:55,-1
2025-05-15T12:36:13.000Z,V4221040,8848,46.61468,6.81323,23926.6,-6.4,4.0,192.0,-51.1,1.1,-1.0,RS41-SG,403.500,7.9,-225,10,2.6,08:25:55,-1
2025-05-15T12:36:17.000Z,V4221040,8852,46.61453,6.81319,23892.1,-8.5,4.3,198.7,-51.6,1.1,-1.0,RS41-SG,403.500,8.5,-225,10,2.6,08:25:55,-1
2025-05-15T12:36:23.000Z,V4221040,8858,46.61438,6.81300,23825.6,-11.6,4.3,250.1,-52.2,1.1,-1.0,RS41-SG,403.500,8.2,-225,10,2.6,08:25:55,-1
2025-05-15T12:36:24.000Z,V4221040,8859,46.61437,6.81295,23815.5,-9.6,4.6,246.2,-52.3,1.2,-1.0,RS41-SG,403.500,8.8,-225,10,2.6,08:25:55,-1
2025-05-15T12:36:26.000Z,V4221040,8861,46.61434,6.81282,23795.8,-9.8,6.2,251.3,-52.4,1.2,-1.0,RS41-SG,403.500,8.7,-225,10,2.6,08:25:55,-1
2025-05-15T12:36:28.000Z,V4221040,8863,46.61431,6.81266,23774.6,-10.2,7.0,256.6,-52.6,1.2,-1.0,RS41-SG,403.500,8.3,-225,10,2.6,08:25:55,-1
2025-05-15T12:36:29.000Z,V4221040,8864,46.61429,6.81257,23763.0,-13.5,7.3,251.1,-52.7,1.2,-1.0,RS41-SG,403.500,9.0,-225,10,2.6,08:25:55,-1
2025-05-15T12:36:30.000Z,V4221040,8865,46.61427,6.81248,23750.6,-11.8,7.5,256.8,-52.7,1.2,-1.0,RS41-SG,403.500,9.0,-225,10,2.5,08:25:55,-1
2025-05-15T12:36:31.000Z,V4221040,8866,46.61425,6.81239,23739.4,-11.1,7.6,250.4,-52.6,1.2,-1.0,RS41-SG,403.500,8.6,-225,10,2.6,08:25:55,-1
2025-05-15T12:36:33.000Z,V4221040,8868,46.61421,6.81220,23720.5,-10.6,7.1,252.7,-52.5,1.1,-1.0,RS41-SG,403.500,9.5,-225,10,2.6,08:25:55,-1
2025-05-15T12:36:35.000Z,V4221040,8870,46.61418,6.81204,23701.0,-6.7,5.9,254.5,-52.4,1.1,-1.0,RS41-SG,403.500,9.6,-225,10,2.6,08:25:55,-1
2025-05-15T12:36:36.000Z,V4221040,8871,46.61417,6.81197,23692.8,-9.8,5.2,260.6,-52.4,1.1,-1.0,RS41-SG,403.500,9.2,-225,10,2.6,08:25:55,-1
2025-05-15T12:36:37.000Z,V4221040,8872,46.61416,6.81191,23681.8,-12.6,4.9,252.2,-52.3,1.1,-1.0,RS41-SG,403.500,9.2,-225,10,2.6,08:25:55,-1
2025-05-15T12:36:38.000Z,V4221040,8873,46.61415,6.81185,23669.4,-12.6,4.2,254.5,-52.4,1.1,-1.0,RS41-SG,403.500,9.4,-225,10,2.7,08:25:55,-1
2025-05-15T12:36:40.000Z,V4221040,8875,46.61411,6.81177,23643.0,-14.0,3.4,237.7,-52.4,1.1,-1.0,RS41-SG,403.500,9.3,-225,10,2.6,08:25:55,-1
2025-05-15T12:36:41.000Z,V4221040,8876,46.61409,6.81173,23629.9,-12.9,3.8,217.9,-52.4,1.1,-1.0,RS41-SG,403.500,8.6,-225,10,2.6,08:25:55,-1
2025-05-15T12:36:44.000Z,V4221040,8879,46.61401,6.81166,23602.3,-9.9,3.3,210.6,-52.7,1.1,-1.0,RS41-SG,403.500,9.2,-225,10,2.6,08:25:55,-1
2025-05-15T12:36:48.000Z,V4221040,8883,46.61395,6.81159,23562.4,-7.4,1.5,262.8,-52.8,1.2,-1.0,RS41-SG,403.500,8.2,-225,10,2.6,08:25:55,-1
2025-05-15T12:36:49.000Z,V4221040,8884,46.61395,6.81157,23554.0,-9.4,1.6,280.3,-52.8,1.1,-1.0,RS41-SG,403.500,8.2,-225,10,2.7,08:25:55,-1
2025-05-15T12:36:50.000Z,V4221040,8885,46.61396,6.81154,23544.5,-10.0,1.8,295.1,-52.7,1.1,-1.0,RS41-SG,403.500,7.9,-225,10,2.6,08:25:55,-1
2025-05-15T12:36:51.000Z,V4221040,8886,46.61396,6.81152,23535.0,-9.7,1.8,291.5,-52.7,1.2,-1.0,RS41-SG,403.500,8.2,-225,10,2.6,08:25:55,-1
2025-05-15T12:36:52.000Z,V4221040,8887,46.61396,6.81150,23526.6,-8.0,2.3,267.5,-52.6,1.2,-1.0,RS41-SG,403.500,9.3,-225,10,2.6,08:25:55,-1
2025-05-15T12:36:53.000Z,V4221040,8888,46.61396,6.81146,23517.5,-10.4,2.8,257.5,-52.6,1.1,-1.0,RS41-SG,403.500,9.3,-225,10,2.6,08:25:55,-1
2025-05-15T12:36:54.000Z,V4221040,8889,46.61395,6.81143,23506.6,-11.7,3.3,246.2,-52.5,1.1,-1.0,RS41-SG,403.500,8.8,-225,10,2.6,08:25:55,-1
2025-05-15T12:36:55.000Z,V4221040,8890,46.61394,6.81139,23494.5,-12.9,3.8,237.9,-52.6,1.1,-1.0,RS41-SG,403.500,10.0,-225,10,2.7,08:25:55,-1
2025-05-15T12:36:56.000Z,V4221040,8891,46.61392,6.81134,23482.2,-12.0,4.3,234.4,-52.6,1.1,-1.0,RS41-SG,403.500,10.0,-225,10,2.6,08:25:55,-1
2025-05-15T12:36:57.000Z,V4221040,8892,46.61389,6.81130,23470.6,-11.8,4.4,231.0,-52.7,1.1,-1.0,RS41-SG,403.500,9.9,-225,10,2.6,08:25:55,-1
2025-05-15T12:36:58.000Z,V4221040,8893,46.61387,6.81125,23460.4,-8.6,4.9,231.4,-52.7,1.1,-1.0,RS41-SG,403.500,8.9,-225,10,2.6,08:25:55,-1
2025-05-15T12:36:59.000Z,V4221040,8894,46.61384,6.81120,23451.8,-8.8,5.1,235.4,-52.7,1.1,-1.0,RS41-SG,403.500,9.6,-225,10,2.6,08:25:55,-1
2025-05-15T12:37:00.000Z,V4221040,8895,46.61382,6.81114,23443.2,-8.8,5.2,242.5,-52.7,1.1,-1.0,RS41-SG,403.500,9.6,-225,10,2.7,08:25:55,-1
2025-05-15T12:37:01.000Z,V4221040,8896,46.61380,6.81108,23433.4,-11.2,5.3,244.0,-52.7,1.1,-1.0,RS41-SG,403.500,9.9,-225,10,2.6,08:25:55,-1
2025-05-15T12:37:02.000Z,V4221040,8897,46.61378,6.81102,23423.1,-9.9,5.5,250.8,-52.7,1.1,-1.0,RS41-SG,403.500,9.9,-225,10,2.6,08:25:55,-1
2025-05-15T12:37:03.000Z,V4221040,8898,46.61376,6.81095,23411.6,-13.5,5.6,254.6,-52.8,1.1,-1.0,RS41-SG,403.500,9.1,-225,10,2.6,08:25:55,-1
2025-05-15T12:37:08.000Z,V4221040,8903,46.61372,6.81059,23364.6,-10.6,5.0,261.7,-52.6,1.1,-1.0,RS41-SG,403.500,8.5,-225,10,2.6,08:25:55,-1
2025-05-15T12:37:09.000Z,V4221040,8904,46.61371,6.81053,23354.5,-10.3,4.6,260.1,-52.6,1.1,-1.0,RS41-SG,403.500,8.4,-225,10,2.6,08:25:55,-1
2025-05-15T12:37:11.000Z,V4221040,8906,46.61370,6.81042,23338.7,-8.7,4.4,252.6,-52.4,1.1,-1.0,RS41-SG,403.500,9.3,-225,10,2.6,08:25:55,-1
2025-05-15T12:37:12.000Z,V4221040,8907,46.61368,6.81037,23330.9,-7.1,4.6,242.5,-52.4,1.1,-1.0,RS41-SG,403.500,9.3,-225,10,2.6,08:25:55,-1
2025-05-15T12:37:13.000Z,V4221040,8908,46.61366,6.81031,23323.0,-8.9,5.0,239.0,-52.3,1.1,-1.0,RS41-SG,403.500,9.1,-225,10,2.6,08:25:55,-1
2025-05-15T12:37:14.000Z,V4221040,8909,46.61364,6.81026,23313.8,-9.2,4.9,237.0,-52.3,1.1,-1.0,RS41-SG,403.500,8.3,-225,10,2.6,08:25:55,-1
2025-05-15T12:37:15.000Z,V4221040,8910,46.61361,6.81021,23303.6,-11.3,4.9,232.0,-52.3,1.1,-1.0,RS41-SG,403.500,9.2,-225,10,2.7,08:25:55,-1
2025-05-15T12:37:17.000Z,V4221040,8912,46.61356,6.81011,23280.1,-8.8,4.0,240.2,-52.3,1.1,-1.0,RS41-SG,403.500,8.0,-225,10,2.6,08:25:55,-1
2025-05-15T12:37:22.000Z,V4221040,8917,46.61351,6.80981,23228.3,-8.5,6.8,261.9,-52.4,1.1,-1.0,RS41-SG,403.500,8.2,-225,10,2.6,08:25:55,-1
2025-05-15T12:37:24.000Z,V4221040,8919,46.61348,6.80962,23211.1,-7.9,8.2,252.3,-52.6,1.1,-1.0,RS41-SG,403.500,8.8,-225,9,2.6,08:25:55,-1
2025-05-15T12:37:27.000Z,V4221040,8922,46.61338,6.80933,23181.8,-11.2,8.2,231.8,-52.9,1.1,-1.0,RS41-SG,403.500,8.0,-225,10,2.6,08:25:55,-1
2025-05-15T12:37:28.000Z,V4221040,8923,46.61333,6.80926,23171.2,-10.5,7.9,221.8,-53.0,1.2,-1.0,RS41-SG,403.500,8.6,-225,10,2.6,08:25:55,-1
2025-05-15T12:37:29.000Z,V4221040,8924,46.61328,6.80919,23160.5,-11.3,7.5,217.0,-53.0,1.2,-1.0,RS41-SG,403.500,8.6,-225,10,2.5,08:25:55,-1
2025-05-15T12:37:30.000Z,V4221040,8925,46.61323,6.80914,23149.5,-10.4,7.1,212.1,-53.0,1.2,-1.0,RS41-SG,403.500,8.4,-225,10,2.6,08:22:31,-1
2025-05-15T12:37:32.000Z,V4221040,8927,46.61313,6.80905,23127.0,-11.6,6.0,214.9,-53.0,1.1,-1.0,RS41-SG,403.500,8.8,-225,10,2.6,08:22:31,-1
2025-05-15T12:37:34.000Z,V4221040,8929,46.61306,6.80895,23104.0,-12.9,4.7,232.5,-52.9,1.1,-1.0,RS41-SG,403.500,8.6,-225,10,2.6,08:22:31,-1
2025-05-15T12:37:35.000Z,V4221040,8930,46.61304,6.80890,23091.5,-12.1,4.4,246.9,-52.8,1.1,-1.0,RS41-SG,403.500,9.6,-225,10,2.6,08:22:31,-1
2025-05-15T12:37:37.000Z,V4221040,8932,46.61302,6.80879,23065.8,-13.4,4.4,265.5,-52.8,1.1,-1.0,RS41-SG,403.500,7.7,-225,10,2.6,08:22:31,-1
2025-05-15T12:37:38.000Z,V4221040,8933,46.61302,6.80873,23052.8,-13.2,4.7,272.6,-52.7,1.1,-1.0,RS41-SG,403.500,9.7,-225,10,2.6,08:22:31,-1
2025-05-15T12:37:39.000Z,V4221040,8934,46.61303,6.80867,23039.7,-13.2,4.6,276.8,-52.6,1.1,-1.0,RS41-SG,403.500,9.7,-225,10,2.6,08:22:31,-1
2025-05-15T12:37:41.000Z,V4221040,8936,46.61303,6.80857,23013.0,-13.5,3.2,267.4,-52.5,1.1,-1.0,RS41-SG,403.500,9.0,-225,10,2.6,08:22:31,-1
2025-05-15T12:37:42.000Z,V4221040,8937,46.61303,6.80854,22999.5,-13.5,2.3,268.6,-52.5,1.1,-1.0,RS41-SG,403.500,8.1,-225,10,2.6,08:22:31,-1
2025-05-15T12:37:46.000Z,V4221040,8941,46.61303,6.80849,22949.5,-10.5,1.3,340.1,-52.8,1.1,-1.0,RS41-SG,403.500,8.5,-225,10,2.6,08:22:31,-1
2025-05-15T12:37:47.000Z,V4221040,8942,46.61305,6.80848,22938.1,-12.2,2.2,346.3,-52.9,1.1,-1.0,RS41-SG,403.500,9.4,-225,10,2.6,08:22:31,-1
2025-05-15T12:37:49.000Z,V4221040,8944,46.61309,6.80847,22912.7,-13.2,3.2,349.7,-52.9,1.1,-1.0,RS41-SG,403.500,9.5,-225,10,2.6,08:22:31,-1
2025-05-15T12:37:51.000Z,V4221040,8946,46.61315,6.80847,22887.7,-12.6,3.0,7.3,-52.8,1.2,-1.0,RS41-SG,403.500,9.0,-225,10,2.6,08:22:31,-1
2025-05-15T12:37:52.000Z,V4221040,8947,46.61318,6.80848,22876.0,-11.6,3.8,19.3,-52.8,1.1,-1.0,RS41-SG,403.500,9.0,-225,10,2.6,08:22:31,-1
2025-05-15T12:37:53.000Z,V4221040,8948,46.61321,6.80850,22865.9,-8.9,3.7,15.3,-52.7,1.1,-1.0,RS41-SG,403.500,8.5,-225,10,2.6,08:22:31,-1
2025-05-15T12:37:55.000Z,V4221040,8950,46.61327,6.80853,22845.9,-11.0,3.3,19.8,-52.7,1.1,-1.0,RS41-SG,403.500,8.6,-225,10,2.5,08:22:31,-1
2025-05-15T12:37:57.000Z,V4221040,8952,46.61332,6.80854,22820.2,-14.5,2.6,353.1,-53.0,1.2,-1.0,RS41-SG,403.500,9.2,-225,10,2.6,08:22:31,-1
2025-05-15T12:37:58.000Z,V4221040,8953,46.61334,6.80853,22806.7,-12.2,3.0,322.9,-53.1,1.2,-1.0,RS41-SG,403.500,9.2,-225,10,2.6,08:22:31,-1
2025-05-15T12:38:05.000Z,V4221040,8960,46.61340,6.80823,22745.9,-10.4,3.0,283.9,-53.2,1.2,-1.0,RS41-SG,403.500,8.7,-225,10,2.6,08:22:31,-1
2025-05-15T12:38:14.000Z,V4221040,8969,46.61359,6.80783,22669.4,-6.9,5.7,286.7,-53.2,1.1,-1.0,RS41-SG,403.500,7.9,-225,10,2.6,08:22:31,-1
2025-05-15T12:38:33.000Z,V4221040,8988,46.61359,6.80622,22515.9,-9.5,7.1,268.4,-52.6,1.1,-1.0,RS41-SG,403.500,7.6,-225,10,2.6,08:22:31,-1
2025-05-15T12:38:34.000Z,V4221040,8989,46.61358,6.80613,22506.3,-9.3,6.9,266.6,-52.7,1.1,-1.0,RS41-SG,403.500,8.0,-225,10,2.6,08:22:31,-1
