timestamp,serial,frame,lat,lon,alt,vel_v,vel_h,heading,temp,humidity,pressure,type,freq_mhz,snr,f_error_hz,sats,batt_v,burst_timer,aux_data
2025-04-15T12:05:59.000Z,M20-305-2-03363,1428753959,44.41650,4.73785,16189.7,3.1,16.7,9.8,-55.8,1.1,98.9,0x20,405.000,7.4,4125,-1,2.3,-1,-1
2025-04-15T12:06:02.000Z,M20-305-2-03363,1428753962,44.41696,4.73794,16205.5,6.2,18.7,8.5,-55.7,1.1,98.7,0x20,405.000,7.5,4125,-1,2.3,-1,-1
2025-04-15T12:08:02.000Z,M20-305-2-03363,1428754082,44.43616,4.75117,16814.5,4.5,17.2,36.5,-56.2,0.9,89.3,0x20,405.000,7.3,4125,-1,2.3,-1,-1
2025-04-15T12:08:26.000Z,M20-305-2-03363,1428754106,44.43850,4.75392,16935.8,5.9,13.1,41.5,-55.5,1.0,87.6,0x20,405.000,7.3,4125,-1,2.3,-1,-1
2025-04-15T12:08:28.000Z,M20-305-2-03363,1428754108,44.43868,4.75411,16945.6,5.8,11.2,32.9,-55.5,1.0,87.5,0x20,405.000,7.1,4125,-1,2.3,-1,-1
2025-04-15T12:08:32.000Z,M20-305-2-03363,1428754112,44.43900,4.75437,16965.5,3.9,11.4,25.5,-55.5,1.0,87.2,0x20,405.000,6.8,4125,-1,2.3,-1,-1
2025-04-15T12:08:37.000Z,M20-305-2-03363,1428754117,44.43945,4.75469,16990.3,3.8,12.1,26.7,-55.6,1.0,86.8,0x20,405.000,7.7,4125,-1,2.3,-1,-1
2025-04-15T12:08:38.000Z,M20-305-2-03363,1428754118,44.43954,4.75476,16995.0,5.4,10.7,30.4,-55.5,1.0,86.8,0x20,405.000,7.8,4125,-1,2.3,-1,-1
2025-04-15T12:08:40.000Z,M20-305-2-03363,1428754120,44.43969,4.75489,17004.8,6.2,9.5,29.5,-55.5,1.0,86.6,0x20,405.000,8.1,4125,-1,2.3,-1,-1
2025-04-15T12:08:44.000Z,M20-305-2-03363,1428754124,44.44001,4.75506,17022.9,5.6,9.0,18.8,-55.5,1.1,86.4,0x20,405.000,7.4,4125,-1,2.3,-1,-1
2025-04-15T12:08:48.000Z,M20-305-2-03363,1428754128,44.44036,4.75529,17043.5,4.6,10.4,34.7,-55.6,1.1,86.1,0x20,405.000,7.3,4125,-1,2.3,-1,-1
2025-04-15T12:09:07.000Z,M20-305-2-03363,1428754147,44.44228,4.75612,17142.7,4.7,11.7,10.0,-55.6,1.2,84.8,0x20,405.000,8.6,4125,-1,2.3,-1,-1
2025-04-15T12:09:10.000Z,M20-305-2-03363,1428754150,44.44265,4.75624,17160.8,3.2,15.4,14.2,-55.7,1.1,84.5,0x20,405.000,6.5,4125,-1,2.3,-1,-1
2025-04-15T12:09:12.000Z,M20-305-2-03363,1428754152,44.44291,4.75634,17171.9,6.8,14.0,15.0,-55.7,1.1,84.4,0x20,405.000,5.7,4125,-1,2.3,-1,-1
2025-04-15T12:09:13.000Z,M20-305-2-03363,1428754153,44.44303,4.75638,17177.0,4.2,12.3,13.6,-55.7,1.2,84.3,0x20,405.000,5.3,4125,-1,2.3,-1,-1
2025-04-15T12:09:28.000Z,M20-305-2-03363,1428754168,44.44497,4.75653,17249.0,4.5,15.7,347.2,-56.1,1.1,83.4,0x20,405.000,7.1,4125,-1,2.3,-1,-1
2025-04-15T12:09:47.000Z,M20-305-2-03363,1428754187,44.44783,4.75662,17339.8,3.2,15.8,5.7,-56.3,1.1,82.2,0x20,405.000,7.7,4125,-1,2.3,-1,-1
2025-04-15T12:09:56.000Z,M20-305-2-03363,1428754196,44.44924,4.75682,17384.3,3.4,15.4,12.0,-56.2,1.0,81.5,0x20,405.000,7.5,4125,-1,2.3,-1,-1
2025-04-15T12:10:18.000Z,M20-305-2-03363,1428754218,44.45226,4.75788,17484.2,3.6,17.3,27.1,-55.9,1.1,80.2,0x20,405.000,7.0,4125,-1,2.3,-1,-1
2025-04-15T12:10:19.000Z,M20-305-2-03363,1428754219,44.45240,4.75798,17488.8,5.7,17.4,25.0,-55.8,1.1,80.1,0x20,405.000,7.2,4125,-1,2.3,-1,-1
2025-04-15T12:10:20.000Z,M20-305-2-03363,1428754220,44.45254,4.75806,17493.4,3.8,16.1,22.6,-55.8,1.1,80.1,0x20,405.000,7.2,4125,-1,2.3,-1,-1
2025-04-15T12:10:24.000Z,M20-305-2-03363,1428754224,44.45307,4.75839,17511.7,5.8,14.0,30.8,-55.7,1.0,79.9,0x20,405.000,7.6,4125,-1,2.3,-1,-1
2025-04-15T12:10:25.000Z,M20-305-2-03363,1428754225,44.45318,4.75848,17516.6,4.2,13.1,34.8,-55.7,1.0,79.8,0x20,405.000,7.6,4125,-1,2.3,-1,-1
2025-04-15T12:10:28.000Z,M20-305-2-03363,1428754228,44.45352,4.75880,17529.7,3.5,17.4,34.3,-55.6,1.0,79.6,0x20,405.000,7.3,4125,-1,2.3,-1,-1
2025-04-15T12:10:29.000Z,M20-305-2-03363,1428754229,44.45365,4.75893,17534.2,5.9,17.3,35.7,-55.6,1.0,79.6,0x20,405.000,7.3,4125,-1,2.3,-1,-1
2025-04-15T12:10:30.000Z,M20-305-2-03363,1428754230,44.45377,4.75905,17539.5,4.8,16.3,35.6,-55.5,1.0,79.5,0x20,405.000,7.1,4125,-1,2.3,-1,-1
2025-04-15T12:10:31.000Z,M20-305-2-03363,1428754231,44.45389,4.75915,17545.0,6.2,15.0,28.9,-55.4,1.0,79.4,0x20,405.000,7.1,4125,-1,2.3,-1,-1
2025-04-15T12:10:33.000Z,M20-305-2-03363,1428754233,44.45413,4.75929,17555.7,4.8,14.1,19.4,-55.3,1.0,79.3,0x20,405.000,8.0,4125,-1,2.3,-1,-1
2025-04-15T12:10:34.000Z,M20-305-2-03363,1428754234,44.45424,4.75936,17561.3,6.5,12.6,29.3,-55.2,1.0,79.2,0x20,405.000,7.6,4125,-1,2.3,-1,-1
2025-04-15T12:10:36.000Z,M20-305-2-03363,1428754236,44.45441,4.75956,17570.5,3.3,12.1,51.3,-55.1,1.0,79.1,0x20,405.000,6.5,4125,-1,2.3,-1,-1
2025-04-15T12:10:37.000Z,M20-305-2-03363,1428754237,44.45447,4.75968,17574.7,5.2,11.8,53.8,-55.0,1.0,79.0,0x20,405.000,7.1,4125,-1,2.3,-1,-1
2025-04-15T12:10:39.000Z,M20-305-2-03363,1428754239,44.45463,4.75990,17584.8,5.0,13.7,38.1,-55.0,1.0,78.9,0x20,405.000,6.6,4125,-1,2.3,-1,-1
2025-04-15T12:10:41.000Z,M20-305-2-03363,1428754241,44.45486,4.76013,17593.8,3.2,18.0,33.9,-55.2,1.0,78.8,0x20,405.000,6.3,4125,-1,2.3,-1,-1
2025-04-15T12:10:42.000Z,M20-305-2-03363,1428754242,44.45500,4.76025,17598.4,6.0,17.5,32.4,-55.0,1.0,78.7,0x20,405.000,6.9,4125,-1,2.3,-1,-1
2025-04-15T12:10:43.000Z,M20-305-2-03363,1428754243,44.45512,4.76035,17604.4,6.3,14.6,30.0,-55.2,1.0,78.6,0x20,405.000,7.8,4125,-1,2.3,-1,-1
2025-04-15T12:10:44.000Z,M20-305-2-03363,1428754244,44.45523,4.76044,17609.5,3.9,12.4,29.9,-55.2,0.9,78.6,0x20,405.000,7.8,4125,-1,2.3,-1,-1
2025-04-15T12:10:45.000Z,M20-305-2-03363,1428754245,44.45531,4.76052,17614.2,5.5,10.8,36.9,-55.1,1.0,78.5,0x20,405.000,7.5,4125,-1,2.3,-1,-1
2025-04-15T12:10:46.000Z,M20-305-2-03363,1428754246,44.45539,4.76061,17619.4,5.5,11.5,46.8,-55.2,1.0,78.5,0x20,405.000,7.3,4125,-1,2.3,-1,-1
2025-04-15T12:10:48.000Z,M20-305-2-03363,1428754248,44.45554,4.76084,17628.5,5.1,13.0,47.7,-55.2,1.0,78.4,0x20,405.000,7.9,4125,-1,2.3,-1,-1
2025-04-15T12:10:50.000Z,M20-305-2-03363,1428754250,44.45570,4.76105,17638.6,3.5,12.0,38.1,-55.3,1.0,78.2,0x20,405.000,7.7,4125,-1,2.3,-1,-1
2025-04-15T12:10:52.000Z,M20-305-2-03363,1428754252,44.45589,4.76125,17648.6,5.1,14.5,37.3,-55.4,1.0,78.1,0x20,405.000,6.8,4125,-1,2.3,-1,-1
2025-04-15T12:10:53.000Z,M20-305-2-03363,1428754253,44.45600,4.76136,17654.1,5.9,14.5,40.2,-55.4,1.0,78.0,0x20,405.000,6.7,4125,-1,2.3,-1,-1
2025-04-15T12:10:54.000Z,M20-305-2-03363,1428754254,44.45609,4.76148,17659.5,5.3,13.2,42.8,-55.5,0.9,78.0,0x20,405.000,7.3,4125,-1,2.3,-1,-1
2025-04-15T12:10:55.000Z,M20-305-2-03363,1428754255,44.45617,4.76159,17663.6,3.1,11.6,47.0,-55.5,1.0,77.9,0x20,405.000,7.4,4125,-1,2.3,-1,-1
2025-04-15T12:10:57.000Z,M20-305-2-03363,1428754257,44.45628,4.76182,17672.5,3.6,11.7,61.2,-55.5,0.9,77.8,0x20,405.000,7.6,4125,-1,2.3,-1,-1
2025-04-15T12:10:59.000Z,M20-305-2-03363,1428754259,44.45640,4.76204,17682.8,5.5,10.2,42.2,-55.7,1.0,77.7,0x20,405.000,8.0,4125,-1,2.3,-1,-1
2025-04-15T12:11:01.000Z,M20-305-2-03363,1428754261,44.45657,4.76220,17692.2,5.3,13.2,32.6,-55.7,1.0,77.6,0x20,405.000,7.7,4125,-1,2.3,-1,-1
2025-04-15T12:11:03.000Z,M20-305-2-03363,1428754263,44.45678,4.76242,17700.2,2.8,15.6,40.7,-55.7,1.0,77.5,0x20,405.000,7.2,4125,-1,2.3,-1,-1
2025-04-15T12:11:04.000Z,M20-305-2-03363,1428754264,44.45688,4.76254,17704.5,5.7,14.5,40.4,-55.8,1.0,77.4,0x20,405.000,7.2,4125,-1,2.3,-1,-1
2025-04-15T12:11:05.000Z,M20-305-2-03363,1428754265,44.45697,4.76265,17709.6,4.6,13.0,39.2,-55.8,1.0,77.3,0x20,405.000,7.3,4125,-1,2.3,-1,-1
2025-04-15T12:11:06.000Z,M20-305-2-03363,1428754266,44.45705,4.76275,17714.2,4.9,11.1,42.0,-55.9,1.0,77.3,0x20,405.000,7.3,4125,-1,2.3,-1,-1
2025-04-15T12:11:08.000Z,M20-305-2-03363,1428754268,44.45718,4.76295,17725.2,4.2,10.1,56.1,-56.0,1.0,77.1,0x20,405.000,7.7,4125,-1,2.3,-1,-1
2025-04-15T12:11:10.000Z,M20-305-2-03363,1428754270,44.45728,4.76313,17737.0,5.4,8.9,45.4,-56.2,1.0,77.0,0x20,405.000,7.7,4125,-1,2.3,-1,-1
2025-04-15T12:11:12.000Z,M20-305-2-03363,1428754272,44.45742,4.76331,17747.0,6.7,12.7,41.6,-56.2,1.0,76.8,0x20,405.000,7.3,4125,-1,2.3,-1,-1
2025-04-15T12:11:13.000Z,M20-305-2-03363,1428754273,44.45751,4.76342,17753.3,6.1,14.2,42.9,-56.2,1.0,76.8,0x20,405.000,7.7,4125,-1,2.3,-1,-1
2025-04-15T12:11:15.000Z,M20-305-2-03363,1428754275,44.45768,4.76364,17767.3,4.7,11.9,42.0,-56.4,1.0,76.6,0x20,405.000,7.1,4125,-1,2.3,-1,-1
2025-04-15T12:11:19.000Z,M20-305-2-03363,1428754279,44.45785,4.76403,17787.0,6.1,8.0,62.2,-56.1,1.0,76.4,0x20,405.000,6.9,4125,-1,2.3,-1,-1
2025-04-15T12:11:21.000Z,M20-305-2-03363,1428754281,44.45794,4.76417,17795.9,4.2,8.0,39.8,-56.0,1.0,76.2,0x20,405.000,6.6,4125,-1,2.3,-1,-1
2025-04-15T12:11:22.000Z,M20-305-2-03363,1428754282,44.45799,4.76424,17801.2,6.6,8.2,40.8,-56.1,0.9,76.2,0x20,405.000,7.5,4125,-1,2.3,-1,-1
2025-04-15T12:11:24.000Z,M20-305-2-03363,1428754284,44.45810,4.76438,17812.6,6.8,8.1,42.7,-56.1,0.9,76.0,0x20,405.000,7.3,4125,-1,2.3,-1,-1
2025-04-15T12:11:27.000Z,M20-305-2-03363,1428754287,44.45826,4.76458,17828.5,6.0,7.7,54.0,-56.1,0.9,75.8,0x20,405.000,7.3,4125,-1,2.3,-1,-1
2025-04-15T12:11:29.000Z,M20-305-2-03363,1428754289,44.45835,4.76474,17839.8,6.4,7.7,48.8,-56.1,0.9,75.7,0x20,405.000,6.9,4125,-1,2.3,-1,-1
2025-04-15T12:11:31.000Z,M20-305-2-03363,1428754291,44.45846,4.76485,17849.2,4.8,7.9,25.8,-56.0,0.9,75.6,0x20,405.000,5.5,4125,-1,2.3,-1,-1
2025-04-15T12:11:32.000Z,M20-305-2-03363,1428754292,44.45852,4.76489,17854.8,6.8,6.8,27.1,-56.0,0.9,75.5,0x20,405.000,5.5,4125,-1,2.3,-1,-1
2025-04-15T12:11:36.000Z,M20-305-2-03363,1428754296,44.45875,4.76512,17876.1,3.8,10.1,33.5,-56.2,0.9,75.2,0x20,405.000,6.8,4125,-1,2.3,-1,-1
2025-04-15T12:11:38.000Z,M20-305-2-03363,1428754298,44.45890,4.76525,17887.4,4.9,9.2,32.5,-56.2,0.9,75.1,0x20,405.000,6.2,4125,-1,2.3,-1,-1
2025-04-15T12:11:39.000Z,M20-305-2-03363,1428754299,44.45897,4.76531,17892.8,6.0,8.2,29.5,-56.2,1.0,75.0,0x20,405.000,6.3,4125,-1,2.3,-1,-1
2025-04-15T12:11:43.000Z,M20-305-2-03363,1428754303,44.45925,4.76547,17914.3,4.8,8.0,32.8,-56.3,1.0,74.8,0x20,405.000,6.8,4125,-1,2.3,-1,-1
2025-04-15T12:11:46.000Z,M20-305-2-03363,1428754306,44.45947,4.76563,17930.5,4.3,9.7,19.6,-56.4,1.0,74.6,0x20,405.000,7.3,4125,-1,2.3,-1,-1
2025-04-15T12:11:49.000Z,M20-305-2-03363,1428754309,44.45969,4.76572,17945.4,5.1,7.7,13.6,-56.4,1.0,74.4,0x20,405.000,5.9,4125,-1,2.3,-1,-1
2025-04-15T12:12:00.000Z,M20-305-2-03363,1428754320,44.46055,4.76609,18003.3,5.0,9.3,6.0,-56.8,1.0,73.7,0x20,405.000,7.0,4125,-1,2.3,-1,-1
2025-04-15T12:12:01.000Z,M20-305-2-03363,1428754321,44.46063,4.76610,18008.2,5.1,9.9,7.3,-56.8,1.0,73.7,0x20,405.000,7.4,4125,-1,2.3,-1,-1
2025-04-15T12:12:22.000Z,M20-305-2-03363,1428754342,44.46265,4.76632,18120.2,5.1,12.4,3.0,-56.6,1.0,72.4,0x20,405.000,7.3,4125,-1,2.3,-1,-1
2025-04-15T12:12:23.000Z,M20-305-2-03363,1428754343,44.46277,4.76633,18125.8,6.5,13.4,358.5,-56.7,0.9,72.3,0x20,405.000,6.6,4125,-1,2.3,-1,-1
2025-04-15T12:12:24.000Z,M20-305-2-03363,1428754344,44.46289,4.76632,18130.1,2.5,13.7,355.8,-56.6,1.0,72.2,0x20,405.000,6.2,4125,-1,2.3,-1,-1
2025-04-15T12:12:25.000Z,M20-305-2-03363,1428754345,44.46301,4.76630,18134.7,6.7,12.9,349.7,-56.6,1.0,72.2,0x20,405.000,6.8,4125,-1,2.3,-1,-1
2025-04-15T12:12:26.000Z,M20-305-2-03363,1428754346,44.46312,4.76627,18139.6,3.3,12.0,350.2,-56.5,0.9,72.1,0x20,405.000,6.8,4125,-1,2.3,-1,-1
2025-04-15T12:12:27.000Z,M20-305-2-03363,1428754347,44.46322,4.76624,18144.6,6.9,11.4,350.0,-56.5,1.0,72.0,0x20,405.000,6.7,4125,-1,2.3,-1,-1
2025-04-15T12:12:28.000Z,M20-305-2-03363,1428754348,44.46333,4.76621,18150.3,4.6,12.6,349.9,-56.5,1.0,72.0,0x20,405.000,6.6,4125,-1,2.3,-1,-1
2025-04-15T12:12:29.000Z,M20-305-2-03363,1428754349,44.46344,4.76619,18155.2,5.7,12.3,354.9,-56.5,1.0,71.9,0x20,405.000,7.7,4125,-1,2.3,-1,-1
2025-04-15T12:12:30.000Z,M20-305-2-03363,1428754350,44.46355,4.76618,18160.0,4.1,11.8,0.8,-56.5,1.0,71.8,0x20,405.000,7.7,4125,-1,2.3,-1,-1
2025-04-15T12:12:31.000Z,M20-305-2-03363,1428754351,44.46365,4.76620,18164.3,4.9,12.0,10.4,-56.5,1.0,71.8,0x20,405.000,7.1,4125,-1,2.3,-1,-1
2025-04-15T12:12:32.000Z,M20-305-2-03363,1428754352,44.46376,4.76623,18169.3,5.4,13.5,12.4,-56.5,1.0,71.7,0x20,405.000,6.9,4125,-1,2.3,-1,-1
2025-04-15T12:12:33.000Z,M20-305-2-03363,1428754353,44.46389,4.76626,18174.5,5.0,14.2,6.7,-56.5,1.0,71.7,0x20,405.000,6.3,4125,-1,2.3,-1,-1
2025-04-15T12:12:34.000Z,M20-305-2-03363,1428754354,44.46401,4.76627,18179.8,6.0,13.4,2.1,-56.5,1.0,71.6,0x20,405.000,6.4,4125,-1,2.3,-1,-1
2025-04-15T12:12:46.000Z,M20-305-2-03363,1428754366,44.46540,4.76638,18241.3,4.0,14.0,1.1,-56.8,0.9,70.9,0x20,405.000,7.0,4125,-1,2.3,-1,-1
2025-04-15T12:12:47.000Z,M20-305-2-03363,1428754367,44.46552,4.76638,18246.3,6.2,13.3,0.6,-56.8,1.0,70.8,0x20,405.000,7.2,4125,-1,2.3,-1,-1
2025-04-15T12:12:48.000Z,M20-305-2-03363,1428754368,44.46563,4.76638,18251.6,4.7,11.4,1.4,-56.9,0.9,70.8,0x20,405.000,7.2,4125,-1,2.3,-1,-1
2025-04-15T12:12:49.000Z,M20-305-2-03363,1428754369,44.46573,4.76639,18256.6,5.5,11.5,3.5,-56.8,0.9,70.7,0x20,405.000,6.9,4125,-1,2.3,-1,-1
2025-04-15T12:12:55.000Z,M20-305-2-03363,1428754375,44.46646,4.76663,18288.9,4.8,14.6,12.0,-57.1,0.9,70.3,0x20,405.000,7.3,4125,-1,2.3,-1,-1
2025-04-15T12:12:56.000Z,M20-305-2-03363,1428754376,44.46659,4.76666,18293.8,4.5,13.7,9.1,-57.0,1.0,70.3,0x20,405.000,7.2,4125,-1,2.3,-1,-1
2025-04-15T12:12:57.000Z,M20-305-2-03363,1428754377,44.46670,4.76667,18300.5,5.2,12.6,7.1,-57.1,0.9,70.2,0x20,405.000,7.1,4125,-1,2.3,-1,-1
2025-04-15T12:13:02.000Z,M20-305-2-03363,1428754382,44.46729,4.76682,18328.6,3.9,14.7,20.3,-57.3,1.0,69.9,0x20,405.000,6.9,4125,-1,2.3,-1,-1
2025-04-15T12:13:07.000Z,M20-305-2-03363,1428754387,44.46801,4.76707,18354.4,5.2,15.4,12.6,-57.4,1.0,69.6,0x20,405.000,7.4,4125,-1,2.3,-1,-1
2025-04-15T12:13:10.000Z,M20-305-2-03363,1428754390,44.46838,4.76717,18370.0,3.9,13.6,7.5,-57.4,0.9,69.5,0x20,405.000,7.6,4125,-1,2.3,-1,-1
2025-04-15T12:13:11.000Z,M20-305-2-03363,1428754391,44.46850,4.76720,18375.1,6.0,13.1,12.4,-57.4,0.9,69.4,0x20,405.000,7.5,4125,-1,2.3,-1,-1
2025-04-15T12:13:14.000Z,M20-305-2-03363,1428754394,44.46887,4.76737,18390.7,6.1,16.1,18.1,-57.3,0.9,69.2,0x20,405.000,7.1,4125,-1,2.3,-1,-1
2025-04-15T12:13:18.000Z,M20-305-2-03363,1428754398,44.46945,4.76760,18413.2,5.1,15.8,21.3,-57.3,0.9,69.0,0x20,405.000,6.8,4125,-1,2.3,-1,-1
2025-04-15T12:13:19.000Z,M20-305-2-03363,1428754399,44.46957,4.76766,18418.9,5.9,14.0,19.7,-57.3,0.9,68.9,0x20,405.000,6.8,4125,-1,2.3,-1,-1
2025-04-15T12:13:20.000Z,M20-305-2-03363,1428754400,44.46968,4.76771,18423.4,2.9,12.6,16.0,-57.2,0.9,68.9,0x20,405.000,6.5,4125,-1,2.3,-1,-1
2025-04-15T12:13:21.000Z,M20-305-2-03363,1428754401,44.46979,4.76775,18427.2,5.3,12.1,17.1,-57.2,0.9,68.8,0x20,405.000,6.6,4125,-1,2.3,-1,-1
2025-04-15T12:13:22.000Z,M20-305-2-03363,1428754402,44.46990,4.76781,18432.7,5.9,12.6,23.4,-57.2,0.9,68.8,0x20,405.000,7.3,4125,-1,2.3,-1,-1
2025-04-15T12:13:24.000Z,M20-305-2-03363,1428754404,44.47011,4.76795,18443.5,6.3,14.1,24.0,-57.2,0.9,68.6,0x20,405.000,6.3,4125,-1,2.3,-1,-1
2025-04-15T12:13:25.000Z,M20-305-2-03363,1428754405,44.47023,4.76802,18448.8,4.5,14.0,21.2,-57.2,0.9,68.6,0x20,405.000,6.5,4125,-1,2.3,-1,-1
2025-04-15T12:13:26.000Z,M20-305-2-03363,1428754406,44.47035,4.76808,18454.2,5.3,13.8,22.8,-57.1,0.9,68.5,0x20,405.000,7.4,4125,-1,2.3,-1,-1
2025-04-15T12:13:28.000Z,M20-305-2-03363,1428754408,44.47056,4.76824,18464.3,4.9,13.5,29.4,-57.1,0.9,68.4,0x20,405.000,7.9,4125,-1,2.3,-1,-1
2025-04-15T12:13:29.000Z,M20-305-2-03363,1428754409,44.47067,4.76831,18469.6,6.0,12.2,24.7,-57.1,0.9,68.3,0x20,405.000,7.7,4125,-1,2.3,-1,-1
2025-04-15T12:13:32.000Z,M20-305-2-03363,1428754412,44.47098,4.76847,18484.8,3.7,13.0,22.0,-57.1,0.9,68.2,0x20,405.000,7.2,4125,-1,2.3,-1,-1
2025-04-15T12:13:37.000Z,M20-305-2-03363,1428754417,44.47152,4.76880,18512.5,5.3,13.5,34.4,-57.2,0.9,67.8,0x20,405.000,7.0,4125,-1,2.3,-1,-1
2025-04-15T12:13:39.000Z,M20-305-2-03363,1428754419,44.47173,4.76897,18522.7,3.6,13.9,26.2,-57.2,0.9,67.8,0x20,405.000,7.1,4125,-1,2.3,-1,-1
2025-04-15T12:14:26.000Z,M20-305-2-03363,1428754466,44.47642,4.77052,18769.1,7.4,11.5,10.0,-56.8,0.9,65.0,0x20,405.000,8.2,4125,-1,2.3,-1,-1
2025-04-15T12:15:05.000Z,M20-305-2-03363,1428754505,44.47900,4.77084,18979.0,3.9,7.6,357.8,-56.1,0.9,62.9,0x20,405.000,7.0,4125,-1,2.3,-1,-1
2025-04-15T12:15:08.000Z,M20-305-2-03363,1428754508,44.47921,4.77076,18992.8,6.2,8.1,337.9,-56.2,1.0,62.7,0x20,405.000,6.4,4125,-1,2.3,-1,-1
2025-04-15T12:15:24.000Z,M20-305-2-03363,1428754524,44.48010,4.77073,19073.0,3.8,8.2,31.3,-55.8,1.0,61.9,0x20,405.000,6.3,4125,-1,2.3,-1,-1
2025-04-15T12:15:31.000Z,M20-305-2-03363,1428754531,44.48051,4.77089,19106.2,4.7,6.3,8.8,-55.6,1.0,61.5,0x20,405.000,6.8,4125,-1,2.3,-1,-1
2025-04-15T12:15:35.000Z,M20-305-2-03363,1428754535,44.48072,4.77107,19125.9,3.3,9.0,42.0,-55.6,1.0,61.4,0x20,405.000,7.7,4125,-1,2.3,-1,-1
2025-04-15T12:15:37.000Z,M20-305-2-03363,1428754537,44.48083,4.77121,19135.2,4.8,6.8,35.0,-55.6,1.0,61.2,0x20,405.000,8.0,4125,-1,2.3,-1,-1
2025-04-15T12:15:39.000Z,M20-305-2-03363,1428754539,44.48094,4.77128,19145.0,6.0,6.9,23.5,-55.5,1.1,61.2,0x20,405.000,5.9,4125,-1,2.3,-1,-1
2025-04-15T12:15:40.000Z,M20-305-2-03363,1428754540,44.48100,4.77132,19149.6,3.4,8.0,23.3,-55.5,1.0,61.1,0x20,405.000,5.8,4125,-1,2.3,-1,-1
2025-04-15T12:15:41.000Z,M20-305-2-03363,1428754541,44.48106,4.77135,19154.7,5.9,7.8,19.9,-55.4,0.9,61.0,0x20,405.000,7.6,4125,-1,2.3,-1,-1
2025-04-15T12:15:42.000Z,M20-305-2-03363,1428754542,44.48113,4.77138,19160.2,4.9,7.1,17.5,-55.4,1.0,61.0,0x20,405.000,5.2,4125,-1,2.3,-1,-1
2025-04-15T12:15:45.000Z,M20-305-2-03363,1428754545,44.48128,4.77156,19175.1,4.1,9.4,52.1,-55.3,1.0,60.9,0x20,405.000,6.0,4125,-1,2.3,-1,-1
2025-04-15T12:15:46.000Z,M20-305-2-03363,1428754546,44.48133,4.77165,19179.8,5.4,8.7,55.1,-55.2,1.0,60.8,0x20,405.000,7.1,4125,-1,2.3,-1,-1
2025-04-15T12:15:47.000Z,M20-305-2-03363,1428754547,44.48138,4.77173,19185.3,5.6,6.7,49.1,-55.2,1.0,60.8,0x20,405.000,7.1,4125,-1,2.3,-1,-1
2025-04-15T12:15:49.000Z,M20-305-2-03363,1428754549,44.48145,4.77183,19194.8,5.9,5.7,39.1,-55.2,1.0,60.7,0x20,405.000,6.4,4125,-1,2.3,-1,-1
2025-04-15T12:15:50.000Z,M20-305-2-03363,1428754550,44.48150,4.77188,19199.4,3.6,6.9,39.1,-55.2,1.0,60.6,0x20,405.000,6.4,4125,-1,2.3,-1,-1
2025-04-15T12:15:54.000Z,M20-305-2-03363,1428754554,44.48170,4.77209,19220.3,5.7,7.6,45.8,-55.3,1.0,60.4,0x20,405.000,5.5,4125,-1,2.3,-1,-1
2025-04-15T12:15:56.000Z,M20-305-2-03363,1428754556,44.48180,4.77224,19230.2,5.8,7.8,46.9,-55.2,1.0,60.3,0x20,405.000,5.6,4125,-1,2.3,-1,-1
2025-04-15T12:15:57.000Z,M20-305-2-03363,1428754557,44.48184,4.77230,19235.2,4.4,6.3,44.0,-55.2,1.0,60.3,0x20,405.000,5.6,4125,-1,2.3,-1,-1
2025-04-15T12:15:58.000Z,M20-305-2-03363,1428754558,44.48188,4.77235,19240.1,5.1,5.0,37.3,-55.2,1.0,60.2,0x20,405.000,5.4,4125,-1,2.3,-1,-1
2025-04-15T12:16:06.000Z,M20-305-2-03363,1428754566,44.48232,4.77260,19283.0,5.1,10.9,19.9,-54.9,1.1,59.8,0x20,405.000,5.1,4125,-1,2.3,-1,-1
2025-04-15T12:18:05.000Z,M20-305-2-03363,1428754685,44.49252,4.77248,19907.0,4.4,6.8,4.3,-55.5,1.2,54.0,0x20,405.000,7.5,4125,-1,2.3,-1,-1
2025-04-15T12:18:07.000Z,M20-305-2-03363,1428754687,44.49262,4.77251,19916.4,3.4,4.5,21.2,-55.6,1.2,53.9,0x20,405.000,3.7,4125,-1,2.3,-1,-1
2025-04-15T12:18:08.000Z,M20-305-2-03363,1428754688,44.49265,4.77254,19920.4,4.7,4.4,24.0,-55.6,1.2,53.8,0x20,405.000,3.9,4125,-1,2.3,-1,-1
2025-04-15T12:18:12.000Z,M20-305-2-03363,1428754692,44.49286,4.77258,19942.0,4.8,5.5,349.4,-55.7,1.2,53.6,0x20,405.000,5.6,4125,-1,2.3,-1,-1
2025-04-15T12:18:31.000Z,M20-305-2-03363,1428754711,44.49382,4.77268,20039.0,6.4,5.0,26.2,-55.8,1.2,52.7,0x20,405.000,7.9,4125,-1,2.3,-1,-1
2025-04-15T12:19:35.000Z,M20-305-2-03363,1428754775,44.49770,4.77248,20399.2,4.0,8.5,5.6,-56.1,1.2,49.7,0x20,405.000,6.5,4125,-1,2.3,-1,-1
2025-04-15T12:19:36.000Z,M20-305-2-03363,1428754776,44.49777,4.77249,20404.4,7.4,7.7,4.9,-56.1,1.2,49.7,0x20,405.000,6.5,4125,-1,2.3,-1,-1
2025-04-15T12:19:41.000Z,M20-305-2-03363,1428754781,44.49807,4.77246,20433.4,6.3,5.9,342.4,-56.2,1.1,49.5,0x20,405.000,7.6,4125,-1,2.3,-1,-1
2025-04-15T12:19:43.000Z,M20-305-2-03363,1428754783,44.49816,4.77243,20442.3,6.1,5.7,358.5,-56.3,1.2,49.4,0x20,405.000,7.2,4125,-1,2.3,-1,-1
2025-04-15T12:20:03.000Z,M20-305-2-03363,1428754803,44.49939,4.77223,20550.9,6.1,7.0,349.0,-57.0,1.2,48.5,0x20,405.000,7.9,4125,-1,2.2,-1,-1
2025-04-15T12:20:35.000Z,M20-305-2-03363,1428754835,44.50128,4.77197,20722.0,5.4,3.3,18.5,-57.4,1.1,47.1,0x20,405.000,7.9,4125,-1,2.3,-1,-1
2025-04-15T12:20:51.000Z,M20-305-2-03363,1428754851,44.50164,4.77200,20804.8,5.0,1.3,27.9,-57.2,1.1,46.5,0x20,405.000,7.5,4125,-1,2.3,-1,-1
2025-04-15T12:20:59.000Z,M20-305-2-03363,1428754859,44.50188,4.77191,20842.3,6.0,3.8,27.7,-56.9,1.1,46.1,0x20,405.000,7.4,4125,-1,2.3,-1,-1
2025-04-15T12:21:01.000Z,M20-305-2-03363,1428754861,44.50196,4.77195,20852.4,6.3,5.8,19.3,-57.0,1.1,46.1,0x20,405.000,7.5,4125,-1,2.3,-1,-1
2025-04-15T12:21:24.000Z,M20-305-2-03363,1428754884,44.50319,4.77240,20976.3,5.2,9.2,13.6,-57.8,1.1,45.2,0x20,405.000,6.0,4125,-1,2.3,-1,-1
2025-04-15T12:21:25.000Z,M20-305-2-03363,1428754885,44.50327,4.77241,20981.3,5.1,8.5,1.4,-57.7,1.1,45.1,0x20,405.000,4.6,4125,-1,2.3,-1,-1
2025-04-15T12:21:26.000Z,M20-305-2-03363,1428754886,44.50334,4.77240,20987.0,6.2,6.5,343.8,-57.6,1.0,45.1,0x20,405.000,4.8,4125,-1,2.3,-1,-1
2025-04-15T12:21:27.000Z,M20-305-2-03363,1428754887,44.50338,4.77237,20991.3,3.0,5.0,328.4,-57.4,1.0,45.0,0x20,405.000,5.1,4125,-1,2.3,-1,-1
2025-04-15T12:21:28.000Z,M20-305-2-03363,1428754888,44.50342,4.77234,20996.0,6.8,3.9,327.6,-57.2,1.0,45.0,0x20,405.000,6.9,4125,-1,2.3,-1,-1
2025-04-15T12:21:30.000Z,M20-305-2-03363,1428754890,44.50350,4.77232,21005.7,4.3,5.3,8.8,-57.2,1.0,44.9,0x20,405.000,5.1,4125,-1,2.3,-1,-1
2025-04-15T12:21:31.000Z,M20-305-2-03363,1428754891,44.50355,4.77234,21010.9,6.4,5.7,24.9,-57.2,1.0,44.9,0x20,405.000,8.2,4125,-1,2.3,-1,-1
2025-04-15T12:21:35.000Z,M20-305-2-03363,1428754895,44.50377,4.77241,21032.8,3.9,7.9,352.7,-57.2,1.0,44.7,0x20,405.000,7.7,4125,-1,2.3,-1,-1
2025-04-15T12:21:36.000Z,M20-305-2-03363,1428754896,44.50383,4.77240,21037.2,5.1,6.8,341.6,-57.2,1.0,44.7,0x20,405.000,7.7,4125,-1,2.3,-1,-1
2025-04-15T12:21:37.000Z,M20-305-2-03363,1428754897,44.50388,4.77236,21042.4,5.4,4.5,318.5,-57.3,1.0,44.6,0x20,405.000,5.8,4125,-1,2.3,-1,-1
2025-04-15T12:21:38.000Z,M20-305-2-03363,1428754898,44.50390,4.77233,21046.9,3.4,3.5,302.7,-57.3,1.0,44.6,0x20,405.000,4.8,4125,-1,2.3,-1,-1
2025-04-15T12:21:40.000Z,M20-305-2-03363,1428754900,44.50395,4.77226,21055.6,5.4,4.6,327.7,-57.2,1.0,44.5,0x20,405.000,6.7,4125,-1,2.3,-1,-1
2025-04-15T12:21:42.000Z,M20-305-2-03363,1428754902,44.50405,4.77219,21065.4,5.0,7.6,338.0,-57.3,1.0,44.5,0x20,405.000,8.6,4125,-1,2.3,-1,-1
2025-04-15T12:21:44.000Z,M20-305-2-03363,1428754904,44.50416,4.77213,21075.8,3.5,4.9,340.4,-57.3,0.9,44.4,0x20,405.000,7.3,4125,-1,2.2,-1,-1
2025-04-15T12:21:45.000Z,M20-305-2-03363,1428754905,44.50420,4.77211,21080.9,7.0,3.8,332.0,-57.3,0.9,44.4,0x20,405.000,7.3,4125,-1,2.3,-1,-1
2025-04-15T12:21:47.000Z,M20-305-2-03363,1428754907,44.50426,4.77205,21091.3,3.6,4.8,325.8,-57.3,0.9,44.3,0x20,405.000,9.1,4125,-1,2.2,-1,-1
2025-04-15T12:21:49.000Z,M20-305-2-03363,1428754909,44.50433,4.77201,21101.0,5.0,3.1,353.2,-57.3,0.9,44.2,0x20,405.000,7.8,4125,-1,2.3,-1,-1
2025-04-15T12:21:51.000Z,M20-305-2-03363,1428754911,44.50439,4.77198,21111.8,6.2,5.0,329.0,-57.4,1.0,44.1,0x20,405.000,5.4,4125,-1,2.3,-1,-1
2025-04-15T12:21:52.000Z,M20-305-2-03363,1428754912,44.50443,4.77194,21116.7,3.8,6.5,320.1,-57.3,0.9,44.1,0x20,405.000,5.1,4125,-1,2.3,-1,-1
2025-04-15T12:21:53.000Z,M20-305-2-03363,1428754913,44.50448,4.77188,21121.2,5.0,7.2,317.2,-57.4,1.0,44.0,0x20,405.000,5.6,4125,-1,2.3,-1,-1
2025-04-15T12:21:56.000Z,M20-305-2-03363,1428754916,44.50462,4.77176,21138.0,7.2,5.8,341.0,-57.5,0.9,43.9,0x20,405.000,6.8,4125,-1,2.3,-1,-1
2025-04-15T12:21:58.000Z,M20-305-2-03363,1428754918,44.50473,4.77170,21147.9,6.3,6.9,343.0,-57.5,0.9,43.9,0x20,405.000,6.6,4125,-1,2.3,-1,-1
2025-04-15T12:21:59.000Z,M20-305-2-03363,1428754919,44.50479,4.77168,21154.0,6.2,6.2,351.7,-57.6,1.0,43.8,0x20,405.000,6.6,4125,-1,2.3,-1,-1
2025-04-15T12:22:00.000Z,M20-305-2-03363,1428754920,44.50484,4.77167,21159.3,4.8,5.5,352.8,-57.5,0.9,43.8,0x20,405.000,6.9,4125,-1,2.3,-1,-1
2025-04-15T12:22:01.000Z,M20-305-2-03363,1428754921,44.50489,4.77165,21164.9,6.8,6.0,328.6,-57.4,0.9,43.7,0x20,405.000,6.9,4125,-1,2.3,-1,-1
2025-04-15T12:22:02.000Z,M20-305-2-03363,1428754922,44.50493,4.77160,21170.2,4.1,7.4,315.5,-57.4,1.0,43.7,0x20,405.000,8.1,4125,-1,2.3,-1,-1
2025-04-15T12:22:03.000Z,M20-305-2-03363,1428754923,44.50498,4.77153,21174.4,4.7,8.3,312.7,-57.3,1.0,43.7,0x20,405.000,8.1,4125,-1,2.2,-1,-1
2025-04-15T12:22:04.000Z,M20-305-2-03363,1428754924,44.50504,4.77145,21179.9,6.3,8.2,319.2,-57.2,0.9,43.6,0x20,405.000,5.0,4125,-1,2.3,-1,-1
2025-04-15T12:22:05.000Z,M20-305-2-03363,1428754925,44.50510,4.77139,21185.0,3.8,8.5,327.1,-57.1,1.0,43.6,0x20,405.000,4.9,4125,-1,2.3,-1,-1
2025-04-15T12:22:07.000Z,M20-305-2-03363,1428754927,44.50525,4.77125,21194.9,5.8,11.6,325.2,-56.8,1.0,43.5,0x20,405.000,8.0,4125,-1,2.3,-1,-1
2025-04-15T12:22:08.000Z,M20-305-2-03363,1428754928,44.50534,4.77116,21200.1,4.8,12.1,321.5,-56.5,0.9,43.5,0x20,405.000,8.0,4125,-1,2.3,-1,-1
2025-04-15T12:22:09.000Z,M20-305-2-03363,1428754929,44.50542,4.77107,21205.9,6.7,10.9,323.0,-56.4,1.0,43.4,0x20,405.000,9.2,4125,-1,2.3,-1,-1
2025-04-15T12:22:10.000Z,M20-305-2-03363,1428754930,44.50550,4.77100,21210.7,3.3,9.6,326.7,-56.2,0.9,43.4,0x20,405.000,9.2,4125,-1,2.3,-1,-1
2025-04-15T12:22:11.000Z,M20-305-2-03363,1428754931,44.50556,4.77094,21215.6,6.6,8.6,326.5,-56.1,1.0,43.3,0x20,405.000,6.2,4125,-1,2.3,-1,-1
2025-04-15T12:22:12.000Z,M20-305-2-03363,1428754932,44.50563,4.77087,21221.6,6.0,8.8,322.4,-56.1,0.9,43.3,0x20,405.000,8.7,4125,-1,2.3,-1,-1
2025-04-15T12:22:14.000Z,M20-305-2-03363,1428754934,44.50576,4.77074,21233.2,6.9,8.9,327.6,-56.1,0.9,43.2,0x20,405.000,7.3,4125,-1,2.3,-1,-1
2025-04-15T12:22:19.000Z,M20-305-2-03363,1428754939,44.50621,4.77035,21258.7,6.4,14.8,328.4,-56.1,0.9,43.0,0x20,405.000,9.0,4125,-1,2.3,-1,-1
2025-04-15T12:22:21.000Z,M20-305-2-03363,1428754941,44.50643,4.77018,21270.0,5.1,12.0,333.0,-56.2,1.0,43.0,0x20,405.000,9.0,4125,-1,2.3,-1,-1
2025-04-15T12:22:34.000Z,M20-305-2-03363,1428754954,44.50757,4.76919,21338.6,4.6,9.9,326.6,-56.4,1.0,42.5,0x20,405.000,8.2,4125,-1,2.3,-1,-1
2025-04-15T12:22:38.000Z,M20-305-2-03363,1428754958,44.50793,4.76901,21360.5,4.6,12.5,348.2,-56.5,1.0,42.3,0x20,405.000,8.6,4125,-1,2.3,-1,-1
2025-04-15T12:22:40.000Z,M20-305-2-03363,1428754960,44.50816,4.76889,21371.4,4.2,14.8,333.9,-56.5,1.0,42.2,0x20,405.000,7.7,4125,-1,2.3,-1,-1
2025-04-15T12:22:45.000Z,M20-305-2-03363,1428754965,44.50868,4.76862,21397.9,6.1,8.3,345.3,-56.4,1.0,42.0,0x20,405.000,8.3,4125,-1,2.3,-1,-1
2025-04-15T12:22:47.000Z,M20-305-2-03363,1428754967,44.50880,4.76854,21408.1,5.1,7.4,334.2,-56.2,1.0,42.0,0x20,405.000,7.7,4125,-1,2.3,-1,-1
2025-04-15T12:22:49.000Z,M20-305-2-03363,1428754969,44.50895,4.76848,21419.7,3.7,9.5,347.7,-56.2,1.0,41.9,0x20,405.000,7.6,4125,-1,2.3,-1,-1
2025-04-15T12:22:51.000Z,M20-305-2-03363,1428754971,44.50913,4.76841,21430.8,6.2,11.1,339.5,-56.1,1.0,41.8,0x20,405.000,7.3,4125,-1,2.2,-1,-1
2025-04-15T12:22:54.000Z,M20-305-2-03363,1428754974,44.50940,4.76822,21450.5,5.3,10.6,339.5,-56.2,1.0,41.7,0x20,405.000,7.6,4125,-1,2.2,-1,-1
2025-04-15T12:22:56.000Z,M20-305-2-03363,1428754976,44.50956,4.76814,21461.7,6.9,7.1,340.5,-56.3,0.9,41.6,0x20,405.000,8.1,4125,-1,2.2,-1,-1
2025-04-15T12:22:58.000Z,M20-305-2-03363,1428754978,44.50966,4.76808,21472.3,6.2,5.6,338.3,-56.2,0.9,41.6,0x20,405.000,9.6,4125,-1,2.2,-1,-1
2025-04-15T12:23:00.000Z,M20-305-2-03363,1428754980,44.50977,4.76805,21483.8,4.9,7.3,357.3,-56.1,0.9,41.5,0x20,405.000,6.8,4125,-1,2.3,-1,-1
2025-04-15T12:23:05.000Z,M20-305-2-03363,1428754985,44.51009,4.76788,21510.7,5.8,7.5,348.0,-56.1,1.0,41.3,0x20,405.000,8.1,4125,-1,2.2,-1,-1
2025-04-15T12:23:10.000Z,M20-305-2-03363,1428754990,44.51033,4.76779,21537.3,6.2,3.8,338.8,-56.1,1.0,41.1,0x20,405.000,8.1,4125,-1,2.3,-1,-1
2025-04-15T12:23:25.000Z,M20-305-2-03363,1428755005,44.51087,4.76747,21617.7,4.8,5.1,316.4,-55.4,1.1,40.6,0x20,405.000,7.2,4125,-1,2.3,-1,-1
2025-04-15T12:23:32.000Z,M20-305-2-03363,1428755012,44.51097,4.76737,21656.2,6.0,2.1,332.7,-55.5,1.1,40.3,0x20,405.000,7.8,4125,-1,2.2,-1,-1
2025-04-15T12:23:38.000Z,M20-305-2-03363,1428755018,44.51121,4.76710,21689.7,3.8,6.9,333.7,-55.5,1.1,40.1,0x20,405.000,8.7,4125,-1,2.2,-1,-1
2025-04-15T12:23:43.000Z,M20-305-2-03363,1428755023,44.51140,4.76688,21716.5,4.1,4.3,327.8,-55.2,1.1,39.9,0x20,405.000,8.0,4125,-1,2.2,-1,-1
2025-04-15T12:23:46.000Z,M20-305-2-03363,1428755026,44.51153,4.76674,21732.9,4.2,7.8,313.3,-55.2,1.1,39.8,0x20,405.000,8.7,4125,-1,2.2,-1,-1
2025-04-15T12:23:50.000Z,M20-305-2-03363,1428755030,44.51179,4.76650,21752.9,5.6,8.5,329.6,-55.3,1.1,39.7,0x20,405.000,6.9,4125,-1,2.2,-1,-1
2025-04-15T12:23:51.000Z,M20-305-2-03363,1428755031,44.51185,4.76643,21757.9,3.7,8.3,319.5,-55.2,1.1,39.6,0x20,405.000,6.6,4125,-1,2.2,-1,-1
2025-04-15T12:23:54.000Z,M20-305-2-03363,1428755034,44.51203,4.76625,21773.2,4.7,8.7,328.3,-55.3,1.1,39.5,0x20,405.000,7.3,4125,-1,2.2,-1,-1
2025-04-15T12:23:59.000Z,M20-305-2-03363,1428755039,44.51234,4.76589,21799.9,3.8,6.8,330.8,-55.2,1.2,39.4,0x20,405.000,6.5,4125,-1,2.2,-1,-1
2025-04-15T12:24:00.000Z,M20-305-2-03363,1428755040,44.51239,4.76585,21804.1,5.2,5.5,336.3,-55.2,1.2,39.3,0x20,405.000,6.5,4125,-1,2.2,-1,-1
2025-04-15T12:24:04.000Z,M20-305-2-03363,1428755044,44.51263,4.76562,21825.2,5.5,12.2,329.6,-55.4,1.2,39.2,0x20,405.000,7.2,4125,-1,2.2,-1,-1
2025-04-15T12:24:07.000Z,M20-305-2-03363,1428755047,44.51293,4.76539,21839.7,6.5,11.2,325.2,-55.4,1.2,39.1,0x20,405.000,6.4,4125,-1,2.2,-1,-1
2025-04-15T12:24:08.000Z,M20-305-2-03363,1428755048,44.51300,4.76531,21845.2,4.5,9.7,317.9,-55.4,1.2,39.0,0x20,405.000,6.8,4125,-1,2.2,-1,-1
2025-04-15T12:24:09.000Z,M20-305-2-03363,1428755049,44.51306,4.76523,21850.4,5.7,8.5,317.3,-55.4,1.2,39.0,0x20,405.000,6.8,4125,-1,2.2,-1,-1
2025-04-15T12:24:12.000Z,M20-305-2-03363,1428755052,44.51325,4.76511,21866.2,5.8,8.4,342.7,-55.5,1.2,38.9,0x20,405.000,6.3,4125,-1,2.2,-1,-1
2025-04-15T12:24:13.000Z,M20-305-2-03363,1428755053,44.51332,4.76506,21872.5,5.9,9.4,332.3,-55.6,1.2,38.9,0x20,405.000,6.2,4125,-1,2.2,-1,-1
2025-04-15T12:24:15.000Z,M20-305-2-03363,1428755055,44.51349,4.76494,21882.7,6.3,11.2,335.1,-55.6,1.2,38.8,0x20,405.000,6.6,4125,-1,2.2,-1,-1
2025-04-15T12:24:16.000Z,M20-305-2-03363,1428755056,44.51358,4.76488,21888.2,4.1,11.0,339.2,-55.7,1.2,38.8,0x20,405.000,6.6,4125,-1,2.2,-1,-1
2025-04-15T12:24:17.000Z,M20-305-2-03363,1428755057,44.51367,4.76483,21893.4,6.3,10.2,339.7,-55.6,1.2,38.7,0x20,405.000,6.2,4125,-1,2.2,-1,-1
2025-04-15T12:24:18.000Z,M20-305-2-03363,1428755058,44.51375,4.76478,21899.7,6.5,8.4,330.7,-55.7,1.1,38.7,0x20,405.000,6.5,4125,-1,2.2,-1,-1
2025-04-15T12:24:19.000Z,M20-305-2-03363,1428755059,44.51380,4.76473,21905.4,5.3,7.0,325.4,-55.7,1.2,38.7,0x20,405.000,6.5,4125,-1,2.2,-1,-1
2025-04-15T12:24:20.000Z,M20-305-2-03363,1428755060,44.51385,4.76469,21911.1,6.2,5.2,331.2,-55.7,1.2,38.6,0x20,405.000,6.1,4125,-1,2.2,-1,-1
2025-04-15T12:24:22.000Z,M20-305-2-03363,1428755062,44.51394,4.76466,21920.8,5.8,5.5,357.0,-55.5,1.1,38.6,0x20,405.000,6.3,4125,-1,2.2,-1,-1
2025-04-15T12:24:23.000Z,M20-305-2-03363,1428755063,44.51399,4.76465,21926.8,6.3,5.6,346.6,-55.5,1.2,38.5,0x20,405.000,6.4,4125,-1,2.2,-1,-1
2025-04-15T12:24:27.000Z,M20-305-2-03363,1428755067,44.51426,4.76456,21948.0,4.7,9.6,355.1,-55.4,1.2,38.4,0x20,405.000,6.1,4125,-1,2.2,-1,-1
2025-04-15T12:24:31.000Z,M20-305-2-03363,1428755071,44.51456,4.76446,21969.8,6.7,6.0,354.3,-55.3,1.2,38.2,0x20,405.000,5.4,4125,-1,2.2,-1,-1
2025-04-15T12:24:32.000Z,M20-305-2-03363,1428755072,44.51461,4.76447,21975.7,5.0,6.0,12.6,-55.3,1.2,38.2,0x20,405.000,5.8,4125,-1,2.2,-1,-1
2025-04-15T12:24:36.000Z,M20-305-2-03363,1428755076,44.51487,4.76448,21996.6,5.9,8.2,353.5,-55.2,1.2,38.1,0x20,405.000,6.4,4125,-1,2.2,-1,-1
2025-04-15T12:24:37.000Z,M20-305-2-03363,1428755077,44.51495,4.76447,22002.2,4.8,9.7,355.7,-55.3,1.2,38.0,0x20,405.000,6.4,4125,-1,2.2,-1,-1
2025-04-15T12:24:40.000Z,M20-305-2-03363,1428755080,44.51519,4.76446,22019.2,2.9,6.8,356.2,-55.2,1.2,37.9,0x20,405.000,6.2,4125,-1,2.2,-1,-1
2025-04-15T12:24:41.000Z,M20-305-2-03363,1428755081,44.51524,4.76446,22023.6,6.0,5.4,8.8,-55.2,1.2,37.9,0x20,405.000,6.2,4125,-1,2.2,-1,-1
2025-04-15T12:24:44.000Z,M20-305-2-03363,1428755084,44.51539,4.76455,22042.2,7.1,6.1,14.3,-55.3,1.2,37.8,0x20,405.000,6.2,4125,-1,2.2,-1,-1
2025-04-15T12:24:48.000Z,M20-305-2-03363,1428755088,44.51566,4.76448,22061.6,5.5,8.9,343.9,-55.1,1.2,37.7,0x20,405.000,6.3,4125,-1,2.2,-1,-1
2025-04-15T12:24:49.000Z,M20-305-2-03363,1428755089,44.51573,4.76444,22067.4,6.5,7.6,338.9,-55.0,1.2,37.6,0x20,405.000,6.3,4125,-1,2.2,-1,-1
2025-04-15T12:24:54.000Z,M20-305-2-03363,1428755094,44.51591,4.76436,22096.8,8.0,3.2,6.3,-55.0,1.2,37.4,0x20,405.000,6.1,4125,-1,2.2,-1,-1
2025-04-15T12:24:56.000Z,M20-305-2-03363,1428755096,44.51597,4.76433,22108.5,5.2,5.2,325.1,-54.9,1.2,37.4,0x20,405.000,7.1,4125,-1,2.2,-1,-1
2025-04-15T12:24:58.000Z,M20-305-2-03363,1428755098,44.51608,4.76424,22119.9,4.7,8.3,334.2,-54.9,1.2,37.3,0x20,405.000,6.3,4125,-1,2.2,-1,-1
2025-04-15T12:24:59.000Z,M20-305-2-03363,1428755099,44.51614,4.76419,22125.6,6.7,8.1,324.6,-54.9,1.2,37.2,0x20,405.000,6.3,4125,-1,2.2,-1,-1
2025-04-15T12:25:01.000Z,M20-305-2-03363,1428755101,44.51624,4.76405,22137.3,5.0,7.1,306.1,-54.8,1.1,37.2,0x20,405.000,5.9,4125,-1,2.2,-1,-1
2025-04-15T12:25:03.000Z,M20-305-2-03363,1428755103,44.51632,4.76395,22149.0,4.4,5.2,328.3,-54.9,1.2,37.1,0x20,405.000,6.5,4125,-1,2.2,-1,-1
2025-04-15T12:25:05.000Z,M20-305-2-03363,1428755105,44.51640,4.76388,22159.8,6.9,5.5,319.8,-54.9,1.2,37.0,0x20,405.000,6.6,4125,-1,2.2,-1,-1
2025-04-15T12:25:08.000Z,M20-305-2-03363,1428755108,44.51653,4.76373,22176.2,4.8,6.9,330.3,-55.0,1.2,36.9,0x20,405.000,5.7,4125,-1,2.2,-1,-1
2025-04-15T12:25:10.000Z,M20-305-2-03363,1428755110,44.51664,4.76364,22188.5,7.6,6.8,324.3,-55.1,1.2,36.9,0x20,405.000,5.8,4125,-1,2.2,-1,-1
2025-04-15T12:25:11.000Z,M20-305-2-03363,1428755111,44.51669,4.76358,22194.7,5.1,6.5,313.0,-55.0,1.2,36.8,0x20,405.000,5.8,4125,-1,2.2,-1,-1
2025-04-15T12:25:13.000Z,M20-305-2-03363,1428755113,44.51677,4.76348,22206.4,4.7,6.3,327.1,-55.2,1.2,36.8,0x20,405.000,7.2,4125,-1,2.2,-1,-1
2025-04-15T12:25:15.000Z,M20-305-2-03363,1428755115,44.51687,4.76339,22217.9,7.1,6.7,324.7,-55.2,1.2,36.7,0x20,405.000,5.9,4125,-1,2.2,-1,-1
2025-04-15T12:25:20.000Z,M20-305-2-03363,1428755120,44.51715,4.76315,22246.9,6.8,7.4,334.8,-55.5,1.3,36.5,0x20,405.000,7.4,4125,-1,2.2,-1,-1
2025-04-15T12:25:22.000Z,M20-305-2-03363,1428755122,44.51725,4.76305,22257.0,5.2,6.6,320.6,-55.5,1.3,36.5,0x20,405.000,6.5,4125,-1,2.2,-1,-1
2025-04-15T12:25:24.000Z,M20-305-2-03363,1428755124,44.51737,4.76296,22268.1,4.8,8.1,338.3,-55.7,1.4,36.4,0x20,405.000,6.6,4125,-1,2.2,-1,-1
2025-04-15T12:25:25.000Z,M20-305-2-03363,1428755125,44.51743,4.76292,22273.0,5.4,8.2,334.4,-55.7,1.3,36.3,0x20,405.000,6.8,4125,-1,2.2,-1,-1
2025-04-15T12:25:28.000Z,M20-305-2-03363,1428755128,44.51760,4.76272,22288.8,4.8,8.6,309.9,-55.8,1.3,36.2,0x20,405.000,7.6,4125,-1,2.2,-1,-1
2025-04-15T12:25:31.000Z,M20-305-2-03363,1428755131,44.51783,4.76254,22305.1,4.9,10.9,344.5,-56.0,1.4,36.1,0x20,405.000,7.0,4125,-1,2.2,-1,-1
2025-04-15T12:25:32.000Z,M20-305-2-03363,1428755132,44.51792,4.76250,22311.0,6.3,10.2,340.7,-55.9,1.4,36.1,0x20,405.000,7.0,4125,-1,2.2,-1,-1
2025-04-15T12:25:35.000Z,M20-305-2-03363,1428755135,44.51811,4.76239,22327.0,6.3,5.4,344.0,-56.0,1.3,36.0,0x20,405.000,7.6,4125,-1,2.2,-1,-1
2025-04-15T12:25:39.000Z,M20-305-2-03363,1428755139,44.51837,4.76227,22349.5,5.0,9.3,327.9,-56.0,1.4,35.9,0x20,405.000,6.7,4125,-1,2.2,-1,-1
2025-04-15T12:25:40.000Z,M20-305-2-03363,1428755140,44.51844,4.76220,22355.3,6.0,9.7,326.7,-56.0,1.3,35.8,0x20,405.000,6.6,4125,-1,2.2,-1,-1
2025-04-15T12:25:45.000Z,M20-305-2-03363,1428755145,44.51879,4.76206,22384.1,5.4,4.3,356.7,-55.9,1.3,35.6,0x20,405.000,6.2,4125,-1,2.2,-1,-1
2025-04-15T12:25:49.000Z,M20-305-2-03363,1428755149,44.51904,4.76199,22407.1,4.5,8.1,328.4,-55.9,1.3,35.5,0x20,405.000,7.7,4125,-1,2.2,-1,-1
2025-04-15T12:25:58.000Z,M20-305-2-03363,1428755158,44.51963,4.76200,22461.4,6.9,7.0,6.8,-55.7,1.2,35.2,0x20,405.000,7.2,4125,-1,2.2,-1,-1
2025-04-15T12:25:59.000Z,M20-305-2-03363,1428755159,44.51969,4.76201,22466.5,4.1,6.2,358.2,-55.7,1.3,35.2,0x20,405.000,7.2,4125,-1,2.2,-1,-1
2025-04-15T12:26:00.000Z,M20-305-2-03363,1428755160,44.51974,4.76200,22471.0,4.6,5.6,352.1,-55.6,1.2,35.1,0x20,405.000,6.4,4125,-1,2.2,-1,-1
2025-04-15T12:26:01.000Z,M20-305-2-03363,1428755161,44.51979,4.76199,22476.9,6.7,6.7,359.5,-55.6,1.3,35.1,0x20,405.000,7.5,4125,-1,2.2,-1,-1
2025-04-15T12:26:02.000Z,M20-305-2-03363,1428755162,44.51986,4.76200,22482.8,5.6,8.0,6.5,-55.6,1.3,35.1,0x20,405.000,7.5,4125,-1,2.2,-1,-1
2025-04-15T12:26:03.000Z,M20-305-2-03363,1428755163,44.51993,4.76201,22489.0,6.9,7.5,12.7,-55.5,1.3,35.0,0x20,405.000,7.0,4125,-1,2.2,-1,-1
2025-04-15T12:26:15.000Z,M20-305-2-03363,1428755175,44.52049,4.76212,22561.2,3.3,3.5,33.8,-54.8,1.3,34.6,0x20,405.000,7.2,4125,-1,2.2,-1,-1
2025-04-15T12:26:16.000Z,M20-305-2-03363,1428755176,44.52052,4.76215,22565.1,5.3,4.2,41.3,-54.8,1.3,34.6,0x20,405.000,6.2,4125,-1,2.2,-1,-1
2025-04-15T12:26:17.000Z,M20-305-2-03363,1428755177,44.52055,4.76219,22570.7,5.7,5.4,44.4,-54.8,1.3,34.6,0x20,405.000,6.2,4125,-1,2.2,-1,-1
2025-04-15T12:26:18.000Z,M20-305-2-03363,1428755178,44.52058,4.76224,22575.6,5.2,6.0,37.4,-54.8,1.3,34.5,0x20,405.000,6.2,4125,-1,2.2,-1,-1
2025-04-15T12:26:24.000Z,M20-305-2-03363,1428755184,44.52074,4.76234,22605.0,4.2,5.4,27.2,-54.7,1.4,34.4,0x20,405.000,6.3,4125,-1,2.2,-1,-1
2025-04-15T12:26:25.000Z,M20-305-2-03363,1428755185,44.52079,4.76237,22610.7,6.0,6.0,33.5,-54.7,1.4,34.3,0x20,405.000,7.1,4125,-1,2.2,-1,-1
2025-04-15T12:26:26.000Z,M20-305-2-03363,1428755186,44.52083,4.76241,22616.4,5.6,5.0,32.7,-54.7,1.3,34.3,0x20,405.000,7.1,4125,-1,2.2,-1,-1
2025-04-15T12:26:31.000Z,M20-305-2-03363,1428755191,44.52095,4.76250,22643.6,5.6,1.6,285.9,-54.9,1.3,34.1,0x20,405.000,6.8,4125,-1,2.2,-1,-1
2025-04-15T12:26:39.000Z,M20-305-2-03363,1428755199,44.52106,4.76251,22691.6,6.7,2.0,20.2,-54.9,1.4,33.9,0x20,405.000,7.8,4125,-1,2.2,-1,-1
2025-04-15T12:26:40.000Z,M20-305-2-03363,1428755200,44.52108,4.76252,22696.8,4.7,2.5,359.1,-54.9,1.4,33.9,0x20,405.000,7.0,4125,-1,2.2,-1,-1
2025-04-15T12:26:41.000Z,M20-305-2-03363,1428755201,44.52110,4.76250,22703.2,7.2,3.0,304.4,-55.0,1.4,33.8,0x20,405.000,7.0,4125,-1,2.2,-1,-1
2025-04-15T12:26:42.000Z,M20-305-2-03363,1428755202,44.52112,4.76246,22708.9,4.2,4.2,287.2,-55.0,1.3,33.8,0x20,405.000,5.7,4125,-1,2.2,-1,-1
2025-04-15T12:26:57.000Z,M20-305-2-03363,1428755217,44.52150,4.76181,22793.4,4.7,5.9,324.7,-55.3,1.4,33.3,0x20,405.000,6.3,4125,-1,2.2,-1,-1
2025-04-15T12:26:58.000Z,M20-305-2-03363,1428755218,44.52154,4.76176,22800.0,7.2,5.8,316.9,-55.3,1.5,33.2,0x20,405.000,7.2,4125,-1,2.2,-1,-1
2025-04-15T12:26:59.000Z,M20-305-2-03363,1428755219,44.52158,4.76170,22805.5,4.0,6.2,308.1,-55.4,1.4,33.2,0x20,405.000,7.2,4125,-1,2.2,-1,-1
2025-04-15T12:27:03.000Z,M20-305-2-03363,1428755223,44.52174,4.76144,22827.5,6.5,7.4,315.1,-55.4,1.5,33.1,0x20,405.000,7.2,4125,-1,2.2,-1,-1
2025-04-15T12:27:09.000Z,M20-305-2-03363,1428755229,44.52196,4.76111,22860.6,6.8,5.3,326.9,-55.6,1.5,32.9,0x20,405.000,7.5,4125,-1,2.2,-1,-1
2025-04-15T12:27:10.000Z,M20-305-2-03363,1428755230,44.52199,4.76108,22865.9,4.4,4.9,321.0,-55.5,1.4,32.9,0x20,405.000,7.5,4125,-1,2.2,-1,-1
2025-04-15T12:27:13.000Z,M20-305-2-03363,1428755233,44.52214,4.76097,22882.6,5.0,7.5,339.8,-55.4,1.6,32.8,0x20,405.000,7.1,4125,-1,2.2,-1,-1
2025-04-15T12:27:14.000Z,M20-305-2-03363,1428755234,44.52220,4.76094,22887.3,5.2,6.7,338.5,-55.3,1.5,32.8,0x20,405.000,7.1,4125,-1,2.2,-1,-1
2025-04-15T12:27:15.000Z,M20-305-2-03363,1428755235,44.52224,4.76091,22892.5,5.8,4.7,331.0,-55.2,1.6,32.7,0x20,405.000,7.9,4125,-1,2.2,-1,-1
2025-04-15T12:27:16.000Z,M20-305-2-03363,1428755236,44.52228,4.76088,22897.7,5.0,3.7,314.8,-55.2,1.5,32.7,0x20,405.000,7.9,4125,-1,2.2,-1,-1
2025-04-15T12:27:17.000Z,M20-305-2-03363,1428755237,44.52230,4.76085,22902.7,5.0,3.5,331.7,-55.1,1.5,32.7,0x20,405.000,7.1,4125,-1,2.2,-1,-1
2025-04-15T12:27:21.000Z,M20-305-2-03363,1428755241,44.52253,4.76082,22925.4,7.5,6.7,349.4,-54.9,1.5,32.6,0x20,405.000,7.3,4125,-1,2.2,-1,-1
2025-04-15T12:27:26.000Z,M20-305-2-03363,1428755246,44.52276,4.76066,22953.2,7.0,5.5,341.3,-54.9,1.5,32.4,0x20,405.000,7.6,4125,-1,2.2,-1,-1
2025-04-15T12:27:27.000Z,M20-305-2-03363,1428755247,44.52280,4.76064,22958.7,4.5,4.0,344.1,-55.0,1.5,32.4,0x20,405.000,7.6,4125,-1,2.2,-1,-1
2025-04-15T12:27:31.000Z,M20-305-2-03363,1428755251,44.52302,4.76064,22981.8,7.5,7.6,3.5,-54.9,1.5,32.2,0x20,405.000,7.1,4125,-1,2.2,-1,-1
2025-04-15T12:27:32.000Z,M20-305-2-03363,1428755252,44.52308,4.76065,22988.0,5.2,5.5,6.1,-55.0,1.5,32.2,0x20,405.000,7.5,4125,-1,2.2,-1,-1
2025-04-15T12:27:33.000Z,M20-305-2-03363,1428755253,44.52312,4.76065,22993.4,5.8,4.5,1.9,-54.9,1.6,32.2,0x20,405.000,7.2,4125,-1,2.2,-1,-1
2025-04-15T12:27:34.000Z,M20-305-2-03363,1428755254,44.52316,4.76065,22999.2,6.2,4.6,349.6,-55.0,1.6,32.1,0x20,405.000,7.2,4125,-1,2.2,-1,-1
2025-04-15T12:27:35.000Z,M20-305-2-03363,1428755255,44.52321,4.76063,23004.3,4.2,6.5,345.3,-55.0,1.5,32.1,0x20,405.000,7.1,4125,-1,2.2,-1,-1
2025-04-15T12:27:36.000Z,M20-305-2-03363,1428755256,44.52327,4.76061,23009.6,6.6,5.7,342.3,-55.0,1.5,32.1,0x20,405.000,7.2,4125,-1,2.2,-1,-1
2025-04-15T12:27:37.000Z,M20-305-2-03363,1428755257,44.52331,4.76060,23015.8,6.2,3.9,345.8,-55.0,1.5,32.0,0x20,405.000,7.4,4125,-1,2.2,-1,-1
2025-04-15T12:27:45.000Z,M20-305-2-03363,1428755265,44.52356,4.76049,23059.2,6.0,5.5,297.8,-54.4,1.6,31.8,0x20,405.000,6.9,4125,-1,2.2,-1,-1
2025-04-15T12:27:46.000Z,M20-305-2-03363,1428755266,44.52359,4.76042,23064.1,3.7,7.0,305.8,-54.3,1.6,31.8,0x20,405.000,6.5,4125,-1,2.2,-1,-1
2025-04-15T12:27:47.000Z,M20-305-2-03363,1428755267,44.52363,4.76035,23069.2,6.0,6.9,306.1,-54.2,1.6,31.8,0x20,405.000,6.9,4125,-1,2.2,-1,-1
2025-04-15T12:27:48.000Z,M20-305-2-03363,1428755268,44.52366,4.76028,23074.6,6.0,5.7,304.2,-54.2,1.6,31.7,0x20,405.000,6.9,4125,-1,2.2,-1,-1
2025-04-15T12:27:54.000Z,M20-305-2-03363,1428755274,44.52383,4.76011,23108.9,5.6,4.2,276.7,-54.2,1.5,31.6,0x20,405.000,7.2,4125,-1,2.2,-1,-1
2025-04-15T12:27:55.000Z,M20-305-2-03363,1428755275,44.52383,4.76004,23113.5,4.4,6.9,260.0,-54.2,1.6,31.5,0x20,405.000,6.7,4125,-1,2.2,-1,-1
2025-04-15T12:27:56.000Z,M20-305-2-03363,1428755276,44.52382,4.75994,23118.1,5.4,9.7,264.6,-54.2,1.6,31.5,0x20,405.000,7.9,4125,-1,2.2,-1,-1
2025-04-15T12:27:57.000Z,M20-305-2-03363,1428755277,44.52381,4.75981,23123.1,4.3,10.6,266.1,-54.1,1.5,31.5,0x20,405.000,7.9,4125,-1,2.2,-1,-1
2025-04-15T12:27:58.000Z,M20-305-2-03363,1428755278,44.52381,4.75968,23128.0,5.4,10.0,277.3,-54.1,1.5,31.4,0x20,405.000,7.7,4125,-1,2.2,-1,-1
2025-04-15T12:28:01.000Z,M20-305-2-03363,1428755281,44.52385,4.75946,23145.8,5.4,3.3,297.7,-53.7,1.5,31.4,0x20,405.000,7.7,4125,-1,2.2,-1,-1
2025-04-15T12:28:02.000Z,M20-305-2-03363,1428755282,44.52387,4.75942,23151.8,7.1,4.5,309.8,-53.6,1.5,31.3,0x20,405.000,7.0,4125,-1,2.3,-1,-1
2025-04-15T12:28:03.000Z,M20-305-2-03363,1428755283,44.52390,4.75936,23157.5,4.2,5.9,301.7,-53.5,1.5,31.3,0x20,405.000,7.0,4125,-1,2.2,-1,-1
2025-04-15T12:28:04.000Z,M20-305-2-03363,1428755284,44.52392,4.75929,23162.8,6.8,7.5,288.2,-53.5,1.5,31.2,0x20,405.000,6.8,4125,-1,2.2,-1,-1
2025-04-15T12:28:05.000Z,M20-305-2-03363,1428755285,44.52394,4.75920,23168.4,4.5,7.3,282.1,-53.5,1.4,31.2,0x20,405.000,6.8,4125,-1,2.2,-1,-1
2025-04-15T12:28:09.000Z,M20-305-2-03363,1428755289,44.52398,4.75875,23193.4,8.6,8.5,278.8,-53.5,1.5,31.1,0x20,405.000,6.5,4125,-1,2.2,-1,-1
2025-04-15T12:28:10.000Z,M20-305-2-03363,1428755290,44.52399,4.75865,23199.3,4.7,6.9,275.9,-53.6,1.5,31.1,0x20,405.000,6.8,4125,-1,2.2,-1,-1
2025-04-15T12:28:11.000Z,M20-305-2-03363,1428755291,44.52400,4.75857,23204.4,5.5,5.7,279.1,-53.5,1.4,31.1,0x20,405.000,6.8,4125,-1,2.2,-1,-1
2025-04-15T12:28:12.000Z,M20-305-2-03363,1428755292,44.52401,4.75850,23209.8,6.2,6.0,290.2,-53.6,1.5,31.0,0x20,405.000,6.5,4125,-1,2.2,-1,-1
2025-04-15T12:28:13.000Z,M20-305-2-03363,1428755293,44.52403,4.75843,23215.0,4.8,7.3,293.9,-53.6,1.5,31.0,0x20,405.000,6.2,4125,-1,2.2,-1,-1
2025-04-15T12:28:14.000Z,M20-305-2-03363,1428755294,44.52406,4.75834,23220.2,6.3,8.0,290.9,-53.6,1.5,31.0,0x20,405.000,6.2,4125,-1,2.2,-1,-1
2025-04-15T12:28:15.000Z,M20-305-2-03363,1428755295,44.52408,4.75824,23225.9,6.0,8.0,277.7,-53.7,1.5,30.9,0x20,405.000,5.9,4125,-1,2.2,-1,-1
2025-04-15T12:28:16.000Z,M20-305-2-03363,1428755296,44.52408,4.75814,23231.0,4.8,8.4,269.9,-53.7,1.5,30.9,0x20,405.000,6.1,4125,-1,2.2,-1,-1
2025-04-15T12:28:17.000Z,M20-305-2-03363,1428755297,44.52408,4.75803,23236.7,6.9,9.4,273.4,-53.8,1.5,30.9,0x20,405.000,7.0,4125,-1,2.2,-1,-1
2025-04-15T12:28:23.000Z,M20-305-2-03363,1428755303,44.52421,4.75740,23271.8,4.6,8.5,296.7,-54.0,1.6,30.7,0x20,405.000,8.8,4125,-1,2.2,-1,-1
2025-04-15T12:28:24.000Z,M20-305-2-03363,1428755304,44.52425,4.75730,23277.5,7.0,7.8,289.8,-54.0,1.6,30.7,0x20,405.000,8.8,4125,-1,2.2,-1,-1
2025-04-15T12:28:25.000Z,M20-305-2-03363,1428755305,44.52426,4.75721,23284.4,7.0,7.9,283.0,-54.1,1.6,30.6,0x20,405.000,6.7,4125,-1,2.2,-1,-1
2025-04-15T12:28:26.000Z,M20-305-2-03363,1428755306,44.52428,4.75711,23289.9,4.8,7.6,278.6,-54.1,1.6,30.6,0x20,405.000,6.7,4125,-1,2.2,-1,-1
2025-04-15T12:28:27.000Z,M20-305-2-03363,1428755307,44.52430,4.75701,23295.5,6.5,8.9,286.8,-54.2,1.7,30.6,0x20,405.000,5.1,4125,-1,2.2,-1,-1
2025-04-15T12:28:28.000Z,M20-305-2-03363,1428755308,44.52433,4.75690,23301.3,5.2,10.6,292.0,-54.2,1.7,30.5,0x20,405.000,5.1,4125,-1,2.2,-1,-1
2025-04-15T12:28:29.000Z,M20-305-2-03363,1428755309,44.52437,4.75677,23306.0,4.8,11.1,295.7,-54.2,1.7,30.5,0x20,405.000,4.5,4125,-1,2.2,-1,-1
2025-04-15T12:28:30.000Z,M20-305-2-03363,1428755310,44.52441,4.75665,23311.7,7.1,10.5,294.4,-54.2,1.7,30.5,0x20,405.000,4.6,4125,-1,2.2,-1,-1
2025-04-15T12:28:31.000Z,M20-305-2-03363,1428755311,44.52444,4.75654,23317.5,5.2,8.8,289.7,-54.2,1.7,30.4,0x20,405.000,8.4,4125,-1,2.2,-1,-1
2025-04-15T12:28:32.000Z,M20-305-2-03363,1428755312,44.52447,4.75644,23322.7,5.2,7.6,289.7,-54.2,1.7,30.4,0x20,405.000,11.1,4125,-1,2.2,-1,-1
2025-04-15T12:28:33.000Z,M20-305-2-03363,1428755313,44.52449,4.75636,23328.0,5.8,7.3,300.0,-54.2,1.7,30.4,0x20,405.000,11.1,4125,-1,2.2,-1,-1
2025-04-15T12:28:34.000Z,M20-305-2-03363,1428755314,44.52454,4.75628,23333.5,5.5,8.3,313.4,-54.3,1.7,30.4,0x20,405.000,13.3,4125,-1,2.2,-1,-1
2025-04-15T12:28:35.000Z,M20-305-2-03363,1428755315,44.52459,4.75620,23338.4,4.7,9.5,317.1,-54.3,1.7,30.3,0x20,405.000,13.3,4125,-1,2.2,-1,-1
2025-04-15T12:28:36.000Z,M20-305-2-03363,1428755316,44.52466,4.75612,23343.5,5.7,9.4,312.7,-54.3,1.8,30.3,0x20,405.000,13.3,4125,-1,2.2,-1,-1
2025-04-15T12:28:37.000Z,M20-305-2-03363,1428755317,44.52470,4.75603,23349.9,7.0,8.0,303.1,-54.3,1.8,30.3,0x20,405.000,11.5,4125,-1,2.2,-1,-1
2025-04-15T12:28:38.000Z,M20-305-2-03363,1428755318,44.52473,4.75594,23355.5,4.6,7.3,292.2,-54.2,1.7,30.3,0x20,405.000,7.8,4125,-1,2.2,-1,-1
2025-04-15T12:28:39.000Z,M20-305-2-03363,1428755319,44.52476,4.75585,23361.0,7.1,8.1,287.9,-54.2,1.7,30.2,0x20,405.000,6.6,4125,-1,2.2,-1,-1
2025-04-15T12:28:40.000Z,M20-305-2-03363,1428755320,44.52479,4.75575,23368.1,7.3,9.7,297.0,-54.3,1.8,30.2,0x20,405.000,6.6,4125,-1,2.2,-1,-1
2025-04-15T12:28:41.000Z,M20-305-2-03363,1428755321,44.52484,4.75564,23374.7,6.3,10.4,303.6,-54.2,1.8,30.2,0x20,405.000,6.8,4125,-1,2.2,-1,-1
2025-04-15T12:28:46.000Z,M20-305-2-03363,1428755326,44.52517,4.75523,23407.0,6.9,12.3,328.5,-54.2,1.8,30.0,0x20,405.000,6.0,4125,-1,2.2,-1,-1
2025-04-15T12:28:47.000Z,M20-305-2-03363,1428755327,44.52526,4.75516,23413.3,6.5,10.8,324.0,-54.2,1.8,30.0,0x20,405.000,6.5,4125,-1,2.2,-1,-1
2025-04-15T12:28:48.000Z,M20-305-2-03363,1428755328,44.52533,4.75508,23419.1,5.7,8.9,316.2,-54.2,1.7,29.9,0x20,405.000,6.9,4125,-1,2.2,-1,-1
2025-04-15T12:28:59.000Z,M20-305-2-03363,1428755339,44.52607,4.75417,23483.1,7.3,10.9,325.9,-54.4,1.8,29.6,0x20,405.000,7.3,4125,-1,2.2,-1,-1
2025-04-15T12:29:06.000Z,M20-305-2-03363,1428755346,44.52668,4.75375,23521.4,5.0,8.7,339.4,-54.3,1.8,29.4,0x20,405.000,7.6,4125,-1,2.3,-1,-1
2025-04-15T12:29:07.000Z,M20-305-2-03363,1428755347,44.52674,4.75370,23526.4,5.7,8.7,325.0,-54.3,1.8,29.4,0x20,405.000,7.6,4125,-1,2.2,-1,-1
2025-04-15T12:29:08.000Z,M20-305-2-03363,1428755348,44.52681,4.75363,23532.2,6.3,10.7,317.0,-54.2,1.8,29.4,0x20,405.000,7.1,4125,-1,2.2,-1,-1
2025-04-15T12:29:09.000Z,M20-305-2-03363,1428755349,44.52689,4.75352,23537.4,4.7,12.4,313.1,-54.2,1.8,29.3,0x20,405.000,7.1,4125,-1,2.2,-1,-1
2025-04-15T12:29:10.000Z,M20-305-2-03363,1428755350,44.52696,4.75341,23542.0,6.4,12.1,311.2,-54.0,1.8,29.3,0x20,405.000,7.3,4125,-1,2.2,-1,-1
2025-04-15T12:29:15.000Z,M20-305-2-03363,1428755355,44.52725,4.75314,23569.8,6.1,9.0,337.9,-53.8,1.8,29.2,0x20,405.000,7.9,4125,-1,2.2,-1,-1
2025-04-15T12:29:16.000Z,M20-305-2-03363,1428755356,44.52733,4.75309,23575.2,5.0,9.2,335.8,-53.8,1.8,29.2,0x20,405.000,7.8,4125,-1,2.2,-1,-1
2025-04-15T12:29:17.000Z,M20-305-2-03363,1428755357,44.52739,4.75305,23580.3,6.1,7.9,330.0,-53.8,1.8,29.1,0x20,405.000,7.5,4125,-1,2.2,-1,-1
2025-04-15T12:29:18.000Z,M20-305-2-03363,1428755358,44.52745,4.75300,23586.6,6.2,6.6,331.4,-53.8,1.8,29.1,0x20,405.000,7.0,4125,-1,2.2,-1,-1
2025-04-15T12:29:19.000Z,M20-305-2-03363,1428755359,44.52750,4.75296,23592.6,5.0,5.9,331.8,-53.8,1.8,29.1,0x20,405.000,7.1,4125,-1,2.3,-1,-1
2025-04-15T12:29:25.000Z,M20-305-2-03363,1428755365,44.52781,4.75264,23627.9,5.5,5.4,338.5,-53.8,1.8,28.9,0x20,405.000,7.2,4125,-1,2.3,-1,-1
2025-04-15T12:29:26.000Z,M20-305-2-03363,1428755366,44.52786,4.75261,23634.5,7.7,5.7,334.8,-53.8,1.8,28.9,0x20,405.000,7.1,4125,-1,2.2,-1,-1
2025-04-15T12:29:27.000Z,M20-305-2-03363,1428755367,44.52790,4.75257,23640.3,4.5,5.9,322.1,-53.8,1.8,28.8,0x20,405.000,7.1,4125,-1,2.2,-1,-1
2025-04-15T12:29:28.000Z,M20-305-2-03363,1428755368,44.52795,4.75252,23645.1,5.7,6.9,322.0,-53.7,1.8,28.8,0x20,405.000,7.1,4125,-1,2.2,-1,-1
2025-04-15T12:29:29.000Z,M20-305-2-03363,1428755369,44.52799,4.75247,23651.2,7.4,6.2,331.0,-53.8,1.8,28.8,0x20,405.000,9.0,4125,-1,2.2,-1,-1
2025-04-15T12:29:30.000Z,M20-305-2-03363,1428755370,44.52804,4.75244,23657.3,4.9,5.7,341.4,-53.7,1.8,28.7,0x20,405.000,9.0,4125,-1,2.2,-1,-1
2025-04-15T12:29:32.000Z,M20-305-2-03363,1428755372,44.52816,4.75239,23668.8,6.1,7.8,337.1,-53.7,1.8,28.7,0x20,405.000,8.0,4125,-1,2.2,-1,-1
2025-04-15T12:29:33.000Z,M20-305-2-03363,1428755373,44.52823,4.75234,23674.6,5.6,8.9,328.8,-53.7,1.8,28.7,0x20,405.000,8.0,4125,-1,2.2,-1,-1
2025-04-15T12:29:34.000Z,M20-305-2-03363,1428755374,44.52828,4.75228,23680.2,6.7,7.4,322.0,-53.7,1.8,28.6,0x20,405.000,5.6,4125,-1,2.2,-1,-1
2025-04-15T12:29:35.000Z,M20-305-2-03363,1428755375,44.52833,4.75224,23686.3,6.4,5.3,320.9,-53.7,1.9,28.6,0x20,405.000,5.8,4125,-1,2.2,-1,-1
2025-04-15T12:29:36.000Z,M20-305-2-03363,1428755376,44.52836,4.75221,23691.6,4.9,3.7,334.0,-53.7,1.9,28.6,0x20,405.000,8.0,4125,-1,2.2,-1,-1
2025-04-15T12:29:37.000Z,M20-305-2-03363,1428755377,44.52839,4.75218,23697.3,6.6,3.6,338.1,-53.7,1.9,28.6,0x20,405.000,8.5,4125,-1,2.3,-1,-1
2025-04-15T12:29:38.000Z,M20-305-2-03363,1428755378,44.52843,4.75216,23703.4,5.2,5.2,335.1,-53.7,1.9,28.5,0x20,405.000,8.5,4125,-1,2.2,-1,-1
2025-04-15T12:29:39.000Z,M20-305-2-03363,1428755379,44.52848,4.75213,23708.5,5.2,6.5,338.3,-53.6,1.9,28.5,0x20,405.000,7.7,4125,-1,2.2,-1,-1
2025-04-15T12:29:40.000Z,M20-305-2-03363,1428755380,44.52853,4.75211,23715.2,8.3,6.6,347.5,-53.6,1.9,28.5,0x20,405.000,6.9,4125,-1,2.2,-1,-1
2025-04-15T12:29:41.000Z,M20-305-2-03363,1428755381,44.52859,4.75209,23721.0,4.1,5.7,354.6,-53.6,1.9,28.4,0x20,405.000,7.0,4125,-1,2.2,-1,-1
2025-04-15T12:29:42.000Z,M20-305-2-03363,1428755382,44.52864,4.75208,23726.6,7.2,5.1,345.3,-53.6,1.9,28.4,0x20,405.000,8.0,4125,-1,2.2,-1,-1
2025-04-15T12:29:43.000Z,M20-305-2-03363,1428755383,44.52867,4.75205,23733.1,6.3,4.8,321.2,-53.6,2.0,28.4,0x20,405.000,9.7,4125,-1,2.2,-1,-1
2025-04-15T12:29:44.000Z,M20-305-2-03363,1428755384,44.52871,4.75201,23739.0,6.1,4.8,310.7,-53.6,1.9,28.3,0x20,405.000,9.7,4125,-1,2.2,-1,-1
2025-04-15T12:29:45.000Z,M20-305-2-03363,1428755385,44.52873,4.75197,23745.5,7.6,3.4,301.5,-53.6,2.0,28.3,0x20,405.000,8.1,4125,-1,2.3,-1,-1
2025-04-15T12:29:46.000Z,M20-305-2-03363,1428755386,44.52874,4.75194,23751.2,4.5,2.2,291.8,-53.5,1.9,28.3,0x20,405.000,8.1,4125,-1,2.2,-1,-1
2025-04-15T12:29:47.000Z,M20-305-2-03363,1428755387,44.52875,4.75192,23757.4,7.6,2.4,319.8,-53.5,2.0,28.2,0x20,405.000,6.4,4125,-1,2.3,-1,-1
2025-04-15T12:29:48.000Z,M20-305-2-03363,1428755388,44.52878,4.75189,23764.3,5.6,4.5,329.8,-53.5,2.0,28.2,0x20,405.000,6.9,4125,-1,2.2,-1,-1
2025-04-15T12:29:49.000Z,M20-305-2-03363,1428755389,44.52882,4.75185,23770.7,6.3,5.7,332.8,-53.4,2.0,28.2,0x20,405.000,6.9,4125,-1,2.2,-1,-1
2025-04-15T12:29:50.000Z,M20-305-2-03363,1428755390,44.52886,4.75183,23777.8,7.9,4.5,338.7,-53.4,2.0,28.1,0x20,405.000,7.3,4125,-1,2.2,-1,-1
2025-04-15T12:29:51.000Z,M20-305-2-03363,1428755391,44.52889,4.75181,23783.1,3.5,2.5,342.9,-53.3,1.9,28.1,0x20,405.000,7.3,4125,-1,2.3,-1,-1
2025-04-15T12:29:52.000Z,M20-305-2-03363,1428755392,44.52890,4.75180,23787.3,5.3,1.6,306.8,-53.3,2.0,28.1,0x20,405.000,7.4,4125,-1,2.2,-1,-1
2025-04-15T12:29:53.000Z,M20-305-2-03363,1428755393,44.52891,4.75177,23793.3,7.1,3.2,273.9,-53.3,2.0,28.1,0x20,405.000,8.6,4125,-1,2.2,-1,-1
2025-04-15T12:29:54.000Z,M20-305-2-03363,1428755394,44.52891,4.75172,23800.3,6.3,4.0,278.0,-53.3,2.0,28.0,0x20,405.000,8.6,4125,-1,2.3,-1,-1
2025-04-15T12:29:55.000Z,M20-305-2-03363,1428755395,44.52892,4.75167,23806.9,7.0,4.1,290.3,-53.3,2.0,28.0,0x20,405.000,7.6,4125,-1,2.3,-1,-1
2025-04-15T12:29:59.000Z,M20-305-2-03363,1428755399,44.52905,4.75153,23831.7,5.7,7.1,325.4,-53.2,2.0,27.9,0x20,405.000,7.3,4125,-1,2.3,-1,-1
2025-04-15T12:30:00.000Z,M20-305-2-03363,1428755400,44.52909,4.75148,23838.1,7.3,6.2,323.5,-53.1,2.0,27.9,0x20,405.000,7.8,4125,-1,2.3,-1,-1
2025-04-15T12:30:01.000Z,M20-305-2-03363,1428755401,44.52914,4.75144,23844.5,6.0,4.7,333.8,-53.1,2.0,27.8,0x20,405.000,7.8,4125,-1,2.3,-1,-1
2025-04-15T12:30:02.000Z,M20-305-2-03363,1428755402,44.52917,4.75143,23850.3,6.1,3.4,344.2,-53.1,2.0,27.8,0x20,405.000,7.6,4125,-1,2.2,-1,-1
2025-04-15T12:30:03.000Z,M20-305-2-03363,1428755403,44.52920,4.75141,23856.8,7.5,3.7,329.3,-53.2,2.0,27.8,0x20,405.000,7.3,4125,-1,2.3,-1,-1
2025-04-15T12:30:04.000Z,M20-305-2-03363,1428755404,44.52923,4.75137,23863.1,5.7,5.1,319.1,-53.2,2.0,27.7,0x20,405.000,7.3,4125,-1,2.3,-1,-1
2025-04-15T12:30:05.000Z,M20-305-2-03363,1428755405,44.52927,4.75133,23869.0,6.6,5.4,314.5,-53.2,2.0,27.7,0x20,405.000,7.1,4125,-1,2.2,-1,-1
2025-04-15T12:30:06.000Z,M20-305-2-03363,1428755406,44.52930,4.75129,23875.5,6.9,4.6,315.5,-53.3,2.0,27.7,0x20,405.000,8.4,4125,-1,2.3,-1,-1
2025-04-15T12:30:07.000Z,M20-305-2-03363,1428755407,44.52932,4.75125,23881.1,4.4,3.5,314.1,-53.3,2.0,27.7,0x20,405.000,8.4,4125,-1,2.2,-1,-1
2025-04-15T12:30:08.000Z,M20-305-2-03363,1428755408,44.52934,4.75121,23886.6,6.5,4.1,295.1,-53.2,2.0,27.6,0x20,405.000,8.4,4125,-1,2.3,-1,-1
2025-04-15T12:30:09.000Z,M20-305-2-03363,1428755409,44.52936,4.75115,23893.1,6.1,6.3,291.5,-53.3,2.1,27.6,0x20,405.000,8.3,4125,-1,2.3,-1,-1
2025-04-15T12:30:10.000Z,M20-305-2-03363,1428755410,44.52939,4.75107,23898.4,4.6,7.7,291.8,-53.2,2.1,27.6,0x20,405.000,7.2,4125,-1,2.3,-1,-1
2025-04-15T12:30:13.000Z,M20-305-2-03363,1428755413,44.52944,4.75088,23914.2,5.5,3.2,303.9,-53.2,2.1,27.5,0x20,405.000,6.6,4125,-1,2.3,-1,-1
2025-04-15T12:30:14.000Z,M20-305-2-03363,1428755414,44.52946,4.75084,23920.9,7.9,3.6,309.9,-53.3,2.1,27.5,0x20,405.000,5.6,4125,-1,2.3,-1,-1
2025-04-15T12:30:16.000Z,M20-305-2-03363,1428755416,44.52952,4.75076,23933.2,6.0,5.1,313.2,-53.3,2.1,27.4,0x20,405.000,6.0,4125,-1,2.3,-1,-1
2025-04-15T12:30:17.000Z,M20-305-2-03363,1428755417,44.52955,4.75071,23939.0,5.9,4.5,315.2,-53.4,2.1,27.4,0x20,405.000,6.6,4125,-1,2.2,-1,-1
2025-04-15T12:30:18.000Z,M20-305-2-03363,1428755418,44.52958,4.75067,23944.7,5.4,3.7,304.5,-53.4,2.1,27.4,0x20,405.000,12.5,4125,-1,2.3,-1,-1
2025-04-15T12:30:19.000Z,M20-305-2-03363,1428755419,44.52959,4.75063,23950.6,6.7,4.6,288.7,-53.3,2.1,27.3,0x20,405.000,12.5,4125,-1,2.3,-1,-1
2025-04-15T12:30:20.000Z,M20-305-2-03363,1428755420,44.52960,4.75056,23957.0,6.0,6.8,272.9,-53.4,2.1,27.3,0x20,405.000,11.8,4125,-1,2.3,-1,-1
2025-04-15T12:30:21.000Z,M20-305-2-03363,1428755421,44.52961,4.75046,23962.4,5.0,8.7,276.4,-53.4,2.1,27.3,0x20,405.000,11.8,4125,-1,2.3,-1,-1
2025-04-15T12:30:22.000Z,M20-305-2-03363,1428755422,44.52962,4.75035,23968.4,7.0,7.9,283.5,-53.4,2.1,27.2,0x20,405.000,10.8,4125,-1,2.3,-1,-1
2025-04-15T12:30:24.000Z,M20-305-2-03363,1428755424,44.52966,4.75023,23980.4,4.8,4.1,306.7,-53.5,2.1,27.2,0x20,405.000,9.6,4125,-1,2.2,-1,-1
2025-04-15T12:30:25.000Z,M20-305-2-03363,1428755425,44.52968,4.75019,23986.0,6.9,3.6,315.8,-53.5,2.1,27.2,0x20,405.000,9.6,4125,-1,2.3,-1,-1
2025-04-15T12:30:26.000Z,M20-305-2-03363,1428755426,44.52970,4.75015,23993.0,6.9,4.4,306.0,-53.6,2.1,27.1,0x20,405.000,6.5,4125,-1,2.2,-1,-1
2025-04-15T12:30:27.000Z,M20-305-2-03363,1428755427,44.52973,4.75009,23998.8,4.7,5.9,289.3,-53.5,2.1,27.1,0x20,405.000,3.9,4125,-1,2.3,-1,-1
2025-04-15T12:30:28.000Z,M20-305-2-03363,1428755428,44.52974,4.75002,24005.5,8.6,6.3,268.7,-53.5,2.1,27.1,0x20,405.000,4.3,4125,-1,2.2,-1,-1
2025-04-15T12:30:29.000Z,M20-305-2-03363,1428755429,44.52973,4.74994,24011.4,3.9,6.0,257.4,-53.6,2.1,27.1,0x20,405.000,8.2,4125,-1,2.3,-1,-1
2025-04-15T12:30:30.000Z,M20-305-2-03363,1428755430,44.52971,4.74986,24016.4,6.0,7.6,251.7,-53.6,2.0,27.0,0x20,405.000,12.6,4125,-1,2.3,-1,-1
2025-04-15T12:30:31.000Z,M20-305-2-03363,1428755431,44.52969,4.74975,24022.8,7.1,9.8,256.7,-53.7,2.0,27.0,0x20,405.000,14.0,4125,-1,2.2,-1,-1
2025-04-15T12:30:32.000Z,M20-305-2-03363,1428755432,44.52968,4.74962,24029.1,5.3,10.7,263.6,-53.6,2.0,26.9,0x20,405.000,14.0,4125,-1,2.3,-1,-1
2025-04-15T12:30:33.000Z,M20-305-2-03363,1428755433,44.52967,4.74950,24034.8,6.3,9.4,270.7,-53.6,2.0,26.9,0x20,405.000,11.4,4125,-1,2.2,-1,-1
2025-04-15T12:30:34.000Z,M20-305-2-03363,1428755434,44.52968,4.74940,24041.9,7.5,6.6,280.4,-53.7,2.0,26.9,0x20,405.000,9.3,4125,-1,2.3,-1,-1
2025-04-15T12:30:35.000Z,M20-305-2-03363,1428755435,44.52969,4.74933,24047.0,4.3,5.0,293.2,-53.6,2.0,26.9,0x20,405.000,8.8,4125,-1,2.3,-1,-1
2025-04-15T12:30:36.000Z,M20-305-2-03363,1428755436,44.52971,4.74927,24051.7,4.4,4.4,294.6,-53.6,2.0,26.9,0x20,405.000,8.8,4125,-1,2.3,-1,-1
2025-04-15T12:30:37.000Z,M20-305-2-03363,1428755437,44.52973,4.74921,24056.9,5.9,6.4,285.7,-53.6,2.0,26.8,0x20,405.000,7.3,4125,-1,2.3,-1,-1
2025-04-15T12:30:38.000Z,M20-305-2-03363,1428755438,44.52974,4.74912,24063.0,6.1,9.0,277.3,-53.6,1.9,26.8,0x20,405.000,7.3,4125,-1,2.2,-1,-1
2025-04-15T12:30:39.000Z,M20-305-2-03363,1428755439,44.52975,4.74899,24068.6,5.5,10.7,268.9,-53.7,2.0,26.8,0x20,405.000,7.2,4125,-1,2.3,-1,-1
2025-04-15T12:30:40.000Z,M20-305-2-03363,1428755440,44.52974,4.74885,24075.3,7.8,11.4,256.4,-53.7,1.9,26.8,0x20,405.000,7.2,4125,-1,2.2,-1,-1
2025-04-15T12:30:42.000Z,M20-305-2-03363,1428755442,44.52966,4.74863,24087.1,4.9,8.7,234.4,-53.6,1.9,26.7,0x20,405.000,7.8,4125,-1,2.2,-1,-1
2025-04-15T12:30:43.000Z,M20-305-2-03363,1428755443,44.52962,4.74855,24092.4,6.9,5.9,246.2,-53.6,1.9,26.7,0x20,405.000,7.0,4125,-1,2.3,-1,-1
2025-04-15T12:30:44.000Z,M20-305-2-03363,1428755444,44.52962,4.74848,24099.1,6.7,5.7,284.7,-53.7,1.9,26.6,0x20,405.000,8.5,4125,-1,2.3,-1,-1
2025-04-15T12:30:45.000Z,M20-305-2-03363,1428755445,44.52964,4.74841,24104.0,3.7,6.8,297.9,-53.8,1.8,26.6,0x20,405.000,8.5,4125,-1,2.3,-1,-1
2025-04-15T12:30:46.000Z,M20-305-2-03363,1428755446,44.52967,4.74833,24109.1,5.9,7.9,299.1,-53.7,1.9,26.6,0x20,405.000,8.5,4125,-1,2.3,-1,-1
2025-04-15T12:30:47.000Z,M20-305-2-03363,1428755447,44.52970,4.74824,24115.6,7.0,7.8,289.5,-53.7,1.8,26.6,0x20,405.000,7.7,4125,-1,2.3,-1,-1
2025-04-15T12:30:48.000Z,M20-305-2-03363,1428755448,44.52971,4.74814,24121.7,5.8,8.4,274.2,-53.6,1.8,26.5,0x20,405.000,7.7,4125,-1,2.3,-1,-1
2025-04-15T12:30:49.000Z,M20-305-2-03363,1428755449,44.52971,4.74802,24128.2,7.5,10.4,263.2,-53.7,1.7,26.5,0x20,405.000,6.9,4125,-1,2.2,-1,-1
2025-04-15T12:30:50.000Z,M20-305-2-03363,1428755450,44.52970,4.74788,24133.8,3.7,11.6,262.5,-53.7,1.7,26.5,0x20,405.000,7.2,4125,-1,2.3,-1,-1
2025-04-15T12:30:51.000Z,M20-305-2-03363,1428755451,44.52968,4.74773,24139.1,6.7,12.5,255.7,-53.7,1.7,26.4,0x20,405.000,7.2,4125,-1,2.3,-1,-1
2025-04-15T12:30:52.000Z,M20-305-2-03363,1428755452,44.52964,4.74758,24145.1,5.4,11.9,246.9,-53.7,1.7,26.4,0x20,405.000,7.0,4125,-1,2.2,-1,-1
2025-04-15T12:30:53.000Z,M20-305-2-03363,1428755453,44.52961,4.74745,24150.1,4.8,10.7,247.3,-53.6,1.6,26.4,0x20,405.000,7.0,4125,-1,2.3,-1,-1
2025-04-15T12:30:57.000Z,M20-305-2-03363,1428755457,44.52966,4.74699,24174.9,7.7,9.2,298.5,-53.8,1.6,26.3,0x20,405.000,6.7,4125,-1,2.3,-1,-1
2025-04-15T12:30:58.000Z,M20-305-2-03363,1428755458,44.52969,4.74690,24181.2,5.8,8.0,289.4,-53.9,1.6,26.3,0x20,405.000,6.7,4125,-1,2.3,-1,-1
2025-04-15T12:30:59.000Z,M20-305-2-03363,1428755459,44.52971,4.74680,24186.0,5.0,7.8,276.5,-53.9,1.6,26.2,0x20,405.000,6.7,4125,-1,2.3,-1,-1
2025-04-15T12:31:04.000Z,M20-305-2-03363,1428755464,44.52973,4.74611,24215.5,7.4,11.2,260.1,-54.2,1.6,26.1,0x20,405.000,7.3,4125,-1,2.3,-1,-1
2025-04-15T12:31:05.000Z,M20-305-2-03363,1428755465,44.52971,4.74598,24221.6,5.3,10.4,251.7,-54.2,1.5,26.1,0x20,405.000,7.3,4125,-1,2.2,-1,-1
2025-04-15T12:31:08.000Z,M20-305-2-03363,1428755468,44.52970,4.74562,24239.2,3.6,10.7,283.9,-54.4,1.6,26.0,0x20,405.000,7.4,4125,-1,2.3,-1,-1
2025-04-15T12:31:09.000Z,M20-305-2-03363,1428755469,44.52973,4.74548,24244.4,6.9,11.7,285.4,-54.4,1.6,26.0,0x20,405.000,7.3,4125,-1,2.2,-1,-1
2025-04-15T12:31:11.000Z,M20-305-2-03363,1428755471,44.52977,4.74520,24258.1,6.0,11.2,273.2,-54.5,1.5,25.9,0x20,405.000,7.1,4125,-1,2.3,-1,-1
2025-04-15T12:31:12.000Z,M20-305-2-03363,1428755472,44.52977,4.74506,24264.0,6.7,11.9,268.4,-54.6,1.6,25.9,0x20,405.000,7.2,4125,-1,2.3,-1,-1
2025-04-15T12:31:15.000Z,M20-305-2-03363,1428755475,44.52977,4.74456,24279.3,5.9,13.8,266.1,-54.7,1.6,25.8,0x20,405.000,7.5,4125,-1,2.3,-1,-1
2025-04-15T12:31:16.000Z,M20-305-2-03363,1428755476,44.52976,4.74439,24284.9,5.7,13.4,260.2,-54.8,1.6,25.8,0x20,405.000,7.3,4125,-1,2.3,-1,-1
2025-04-15T12:31:21.000Z,M20-305-2-03363,1428755481,44.52981,4.74373,24311.7,6.1,9.2,291.0,-54.6,1.6,25.7,0x20,405.000,7.7,4125,-1,2.3,-1,-1
2025-04-15T12:31:22.000Z,M20-305-2-03363,1428755482,44.52983,4.74362,24317.9,6.6,8.5,276.7,-54.5,1.6,25.6,0x20,405.000,7.7,4125,-1,2.3,-1,-1
2025-04-15T12:31:25.000Z,M20-305-2-03363,1428755485,44.52982,4.74324,24335.9,7.3,12.7,267.9,-54.5,1.5,25.6,0x20,405.000,6.9,4125,-1,2.3,-1,-1
2025-04-15T12:31:26.000Z,M20-305-2-03363,1428755486,44.52982,4.74308,24341.8,5.0,13.0,273.3,-54.5,1.5,25.5,0x20,405.000,6.9,4125,-1,2.3,-1,-1
2025-04-15T12:31:29.000Z,M20-305-2-03363,1428755489,44.52989,4.74267,24358.3,4.8,8.2,281.3,-54.5,1.5,25.5,0x20,405.000,6.3,4125,-1,2.3,-1,-1
2025-04-15T12:31:34.000Z,M20-305-2-03363,1428755494,44.53000,4.74222,24385.7,6.3,8.3,284.2,-54.6,1.5,25.3,0x20,405.000,8.0,4125,-1,2.3,-1,-1
2025-04-15T12:31:37.000Z,M20-305-2-03363,1428755497,44.53006,4.74188,24402.0,4.8,11.2,287.4,-54.6,1.5,25.3,0x20,405.000,6.9,4125,-1,2.3,-1,-1
2025-04-15T12:31:38.000Z,M20-305-2-03363,1428755498,44.53009,4.74174,24407.0,5.2,11.1,293.4,-54.6,1.5,25.2,0x20,405.000,6.9,4125,-1,2.3,-1,-1
2025-04-15T12:31:39.000Z,M20-305-2-03363,1428755499,44.53013,4.74162,24412.4,6.0,9.9,297.4,-54.5,1.5,25.2,0x20,405.000,6.8,4125,-1,2.3,-1,-1
2025-04-15T12:31:40.000Z,M20-305-2-03363,1428755500,44.53017,4.74153,24418.0,5.7,7.6,293.2,-54.5,1.5,25.2,0x20,405.000,6.2,4125,-1,2.3,-1,-1
2025-04-15T12:31:41.000Z,M20-305-2-03363,1428755501,44.53019,4.74144,24423.6,5.4,7.3,285.2,-54.4,1.5,25.1,0x20,405.000,6.3,4125,-1,2.3,-1,-1
2025-04-15T12:31:49.000Z,M20-305-2-03363,1428755509,44.53041,4.74036,24466.4,6.0,9.8,276.1,-54.0,1.5,25.0,0x20,405.000,7.4,4125,-1,2.3,-1,-1
2025-04-15T12:31:50.000Z,M20-305-2-03363,1428755510,44.53043,4.74023,24472.8,6.9,11.0,286.5,-54.1,1.5,24.9,0x20,405.000,7.8,4125,-1,2.3,-1,-1
2025-04-15T12:31:53.000Z,M20-305-2-03363,1428755513,44.53053,4.73981,24491.0,6.5,11.5,285.7,-54.2,1.6,24.9,0x20,405.000,7.3,4125,-1,2.3,-1,-1
2025-04-15T12:31:55.000Z,M20-305-2-03363,1428755515,44.53057,4.73953,24502.3,7.2,11.5,278.5,-54.1,1.5,24.8,0x20,405.000,6.8,4125,-1,2.3,-1,-1
2025-04-15T12:31:56.000Z,M20-305-2-03363,1428755516,44.53059,4.73938,24508.7,5.7,12.5,281.6,-54.2,1.6,24.8,0x20,405.000,6.7,4125,-1,2.3,-1,-1
2025-04-15T12:31:57.000Z,M20-305-2-03363,1428755517,44.53062,4.73923,24514.5,6.2,12.6,282.6,-54.2,1.6,24.7,0x20,405.000,6.6,4125,-1,2.3,-1,-1
2025-04-15T12:31:59.000Z,M20-305-2-03363,1428755519,44.53064,4.73894,24526.6,4.3,10.6,271.8,-54.2,1.6,24.7,0x20,405.000,7.8,4125,-1,2.3,-1,-1
2025-04-15T12:32:03.000Z,M20-305-2-03363,1428755523,44.53071,4.73842,24549.9,7.0,12.1,282.6,-54.1,1.6,24.6,0x20,405.000,6.8,4125,-1,2.3,-1,-1
2025-04-15T12:32:11.000Z,M20-305-2-03363,1428755531,44.53097,4.73729,24596.0,5.5,6.8,296.5,-54.0,1.7,24.4,0x20,405.000,7.9,4125,-1,2.2,-1,-1
2025-04-15T12:33:21.000Z,M20-305-2-03363,1428755601,44.53425,4.72921,24998.5,5.5,10.6,309.0,-53.7,1.9,22.7,0x20,405.000,5.5,4125,-1,2.3,-1,-1
2025-04-15T12:33:29.000Z,M20-305-2-03363,1428755609,44.53465,4.72813,25044.4,4.3,14.1,308.8,-53.7,1.8,22.6,0x20,405.000,6.3,4125,-1,2.3,-1,-1
2025-04-15T12:33:32.000Z,M20-305-2-03363,1428755612,44.53488,4.72773,25062.0,4.3,12.0,307.0,-53.7,1.8,22.5,0x20,405.000,5.8,4125,-1,2.3,-1,-1
2025-04-15T12:33:35.000Z,M20-305-2-03363,1428755615,44.53505,4.72730,25078.2,4.7,14.6,291.3,-53.8,1.8,22.4,0x20,405.000,6.4,4125,-1,2.3,-1,-1
2025-04-15T12:33:42.000Z,M20-305-2-03363,1428755622,44.53531,4.72626,25118.0,6.1,14.9,305.4,-53.6,1.8,22.3,0x20,405.000,5.9,4125,-1,2.3,-1,-1
2025-04-15T12:35:04.000Z,M20-305-2-03363,1428755704,44.53950,4.71885,25596.9,5.5,7.0,340.9,-52.6,2.3,20.5,0x20,405.000,7.9,4125,-1,2.3,-1,-1
2025-04-15T12:35:06.000Z,M20-305-2-03363,1428755706,44.53960,4.71878,25609.4,5.4,5.4,320.3,-52.5,2.3,20.4,0x20,405.000,6.6,4125,-1,2.3,-1,-1
2025-04-15T12:35:22.000Z,M20-305-2-03363,1428755722,44.54039,4.71814,25703.2,5.0,7.2,357.5,-52.3,2.2,20.1,0x20,405.000,7.6,4125,-1,2.3,-1,-1
2025-04-15T12:35:26.000Z,M20-305-2-03363,1428755726,44.54055,4.71815,25726.0,5.5,3.6,344.4,-52.2,2.2,20.0,0x20,405.000,8.2,4125,-1,2.3,-1,-1
2025-04-15T12:35:27.000Z,M20-305-2-03363,1428755727,44.54059,4.71813,25732.4,7.0,5.5,333.0,-52.2,2.2,20.0,0x20,405.000,8.2,4125,-1,2.3,-1,-1
2025-04-15T12:35:30.000Z,M20-305-2-03363,1428755730,44.54074,4.71801,25750.1,7.7,5.0,326.7,-52.3,2.1,19.9,0x20,405.000,7.1,4125,-1,2.3,-1,-1
2025-04-15T12:35:40.000Z,M20-305-2-03363,1428755740,44.54103,4.71780,25807.5,4.2,5.5,312.2,-52.4,2.2,19.7,0x20,405.000,7.7,4125,-1,2.3,-1,-1
2025-04-15T12:35:58.000Z,M20-305-2-03363,1428755758,44.54112,4.71663,25913.7,7.6,3.8,285.4,-52.0,2.0,19.4,0x20,405.000,7.0,4125,-1,2.3,-1,-1
2025-04-15T12:35:59.000Z,M20-305-2-03363,1428755759,44.54113,4.71658,25920.2,5.5,5.1,295.9,-52.1,2.0,19.4,0x20,405.000,4.8,4125,-1,2.3,-1,-1
2025-04-15T12:36:00.000Z,M20-305-2-03363,1428755760,44.54116,4.71651,25925.8,5.6,7.3,296.6,-52.1,2.0,19.3,0x20,405.000,5.3,4125,-1,2.3,-1,-1
2025-04-15T12:36:02.000Z,M20-305-2-03363,1428755762,44.54117,4.71628,25937.9,5.4,10.8,259.9,-52.2,1.9,19.3,0x20,405.000,7.9,4125,-1,2.3,-1,-1
2025-04-15T12:36:03.000Z,M20-305-2-03363,1428755763,44.54115,4.71615,25943.3,5.5,11.3,249.3,-52.2,1.9,19.3,0x20,405.000,7.9,4125,-1,2.3,-1,-1
2025-04-15T12:36:04.000Z,M20-305-2-03363,1428755764,44.54111,4.71602,25950.2,8.1,10.2,248.1,-52.2,1.9,19.3,0x20,405.000,6.2,4125,-1,2.3,-1,-1
2025-04-15T12:36:08.000Z,M20-305-2-03363,1428755768,44.54106,4.71568,25973.5,6.4,5.4,255.7,-52.4,1.9,19.2,0x20,405.000,7.7,4125,-1,2.3,-1,-1
2025-04-15T12:36:15.000Z,M20-305-2-03363,1428755775,44.54102,4.71481,26015.6,5.0,13.4,251.4,-52.5,1.8,19.0,0x20,405.000,6.6,4125,-1,2.3,-1,-1
2025-04-15T12:36:16.000Z,M20-305-2-03363,1428755776,44.54098,4.71465,26021.0,6.9,13.2,253.1,-52.5,1.8,19.0,0x20,405.000,6.9,4125,-1,2.3,-1,-1
2025-04-15T12:36:17.000Z,M20-305-2-03363,1428755777,44.54096,4.71450,26027.7,7.1,11.9,261.1,-52.5,1.8,19.0,0x20,405.000,6.9,4125,-1,2.3,-1,-1
2025-04-15T12:37:11.000Z,M20-305-2-03363,1428755831,44.54223,4.70811,26337.3,6.3,8.2,291.8,-52.5,1.7,18.0,0x20,405.000,8.2,4125,-1,2.3,-1,-1
2025-04-15T12:38:45.000Z,M20-305-2-03363,1428755925,44.54628,4.69824,26882.3,8.3,7.8,319.9,-51.9,2.2,16.3,0x20,405.000,6.5,4125,-1,2.3,-1,-1
2025-04-15T12:38:47.000Z,M20-305-2-03363,1428755927,44.54639,4.69805,26893.3,2.8,11.5,299.4,-51.9,2.1,16.2,0x20,405.000,6.1,4125,-1,2.3,-1,-1
2025-04-15T12:38:48.000Z,M20-305-2-03363,1428755928,44.54643,4.69791,26898.2,6.3,12.6,292.4,-51.9,2.2,16.2,0x20,405.000,6.1,4125,-1,2.3,-1,-1
2025-04-15T12:38:49.000Z,M20-305-2-03363,1428755929,44.54648,4.69777,26904.4,6.4,11.6,293.5,-51.9,2.1,16.2,0x20,405.000,4.3,4125,-1,2.3,-1,-1
2025-04-15T12:38:51.000Z,M20-305-2-03363,1428755931,44.54657,4.69754,26916.5,6.9,10.2,305.9,-52.0,2.2,16.2,0x20,405.000,5.3,4125,-1,2.3,-1,-1
2025-04-15T12:38:54.000Z,M20-305-2-03363,1428755934,44.54676,4.69725,26935.0,7.3,8.9,324.2,-52.0,2.2,16.1,0x20,405.000,10.6,4125,-1,2.3,-1,-1
2025-04-15T12:38:55.000Z,M20-305-2-03363,1428755935,44.54682,4.69719,26940.9,4.9,7.8,329.2,-52.1,2.1,16.1,0x20,405.000,10.6,4125,-1,2.3,-1,-1
2025-04-15T12:38:56.000Z,M20-305-2-03363,1428755936,44.54688,4.69714,26946.7,6.8,7.4,325.0,-51.9,2.1,16.1,0x20,405.000,9.1,4125,-1,2.3,-1,-1
2025-04-15T12:38:57.000Z,M20-305-2-03363,1428755937,44.54693,4.69706,26953.8,7.2,9.2,307.2,-52.0,2.1,16.1,0x20,405.000,9.1,4125,-1,2.3,-1,-1
2025-04-15T12:38:58.000Z,M20-305-2-03363,1428755938,44.54698,4.69696,26959.0,3.7,11.1,302.6,-51.9,2.1,16.0,0x20,405.000,7.8,4125,-1,2.3,-1,-1
2025-04-15T12:39:00.000Z,M20-305-2-03363,1428755940,44.54709,4.69671,26970.9,7.4,11.0,304.7,-51.9,2.1,16.0,0x20,405.000,8.6,4125,-1,2.3,-1,-1
2025-04-15T12:39:01.000Z,M20-305-2-03363,1428755941,44.54715,4.69661,26977.2,5.4,9.5,309.3,-51.9,2.1,16.0,0x20,405.000,7.6,4125,-1,2.3,-1,-1
2025-04-15T12:39:02.000Z,M20-305-2-03363,1428755942,44.54720,4.69653,26982.2,4.9,8.0,311.7,-51.9,2.1,16.0,0x20,405.000,4.0,4125,-1,2.3,-1,-1
2025-04-15T12:39:03.000Z,M20-305-2-03363,1428755943,44.54725,4.69645,26988.0,6.7,7.9,309.4,-51.9,2.1,16.0,0x20,405.000,4.4,4125,-1,2.3,-1,-1
2025-04-15T12:39:04.000Z,M20-305-2-03363,1428755944,44.54729,4.69637,26994.2,5.6,8.5,305.0,-51.9,2.2,15.9,0x20,405.000,4.4,4125,-1,2.3,-1,-1
2025-04-15T12:39:05.000Z,M20-305-2-03363,1428755945,44.54733,4.69628,26999.7,5.4,8.1,302.5,-51.9,2.2,15.9,0x20,405.000,6.3,4125,-1,2.3,-1,-1
2025-04-15T12:39:06.000Z,M20-305-2-03363,1428755946,44.54737,4.69620,27006.1,6.8,6.4,302.5,-51.9,2.2,15.9,0x20,405.000,8.3,4125,-1,2.3,-1,-1
2025-04-15T12:39:07.000Z,M20-305-2-03363,1428755947,44.54740,4.69615,27012.0,5.2,4.7,306.0,-52.0,2.2,15.9,0x20,405.000,8.3,4125,-1,2.3,-1,-1
2025-04-15T12:39:09.000Z,M20-305-2-03363,1428755949,44.54748,4.69604,27024.8,7.9,8.4,320.3,-51.9,2.2,15.9,0x20,405.000,7.9,4125,-1,2.3,-1,-1
2025-04-15T12:39:10.000Z,M20-305-2-03363,1428755950,44.54754,4.69597,27031.2,5.2,10.7,316.4,-51.9,2.2,15.8,0x20,405.000,7.9,4125,-1,2.3,-1,-1
2025-04-15T12:39:12.000Z,M20-305-2-03363,1428755952,44.54771,4.69577,27042.2,7.7,12.2,323.5,-51.8,2.2,15.8,0x20,405.000,7.1,4125,-1,2.3,-1,-1
2025-04-15T12:39:13.000Z,M20-305-2-03363,1428755953,44.54779,4.69569,27048.7,5.9,10.4,329.1,-51.8,2.1,15.8,0x20,405.000,9.9,4125,-1,2.3,-1,-1
2025-04-15T12:39:14.000Z,M20-305-2-03363,1428755954,44.54786,4.69564,27054.5,5.6,8.3,335.1,-51.7,2.1,15.8,0x20,405.000,9.9,4125,-1,2.3,-1,-1
2025-04-15T12:39:15.000Z,M20-305-2-03363,1428755955,44.54792,4.69559,27060.9,7.3,5.8,325.3,-51.7,2.1,15.8,0x20,405.000,6.1,4125,-1,2.3,-1,-1
2025-04-15T12:39:20.000Z,M20-305-2-03363,1428755960,44.54807,4.69540,27090.9,7.2,6.2,334.8,-51.5,2.0,15.7,0x20,405.000,7.9,4125,-1,2.3,-1,-1
2025-04-15T12:39:22.000Z,M20-305-2-03363,1428755962,44.54820,4.69528,27103.0,4.4,10.4,317.1,-51.5,2.0,15.7,0x20,405.000,6.7,4125,-1,2.3,-1,-1
2025-04-15T12:39:25.000Z,M20-305-2-03363,1428755965,44.54841,4.69506,27120.2,4.6,7.9,333.4,-51.3,2.0,15.6,0x20,405.000,5.1,4125,-1,2.3,-1,-1
2025-04-15T12:39:26.000Z,M20-305-2-03363,1428755966,44.54847,4.69502,27125.4,6.0,6.5,332.6,-51.2,2.0,15.6,0x20,405.000,5.4,4125,-1,2.3,-1,-1
2025-04-15T12:39:27.000Z,M20-305-2-03363,1428755967,44.54851,4.69497,27132.2,7.2,6.5,313.9,-51.2,2.0,15.6,0x20,405.000,5.8,4125,-1,2.3,-1,-1
2025-04-15T12:39:29.000Z,M20-305-2-03363,1428755969,44.54859,4.69482,27143.0,6.0,8.3,306.6,-51.1,2.1,15.5,0x20,405.000,6.4,4125,-1,2.3,-1,-1
2025-04-15T12:39:32.000Z,M20-305-2-03363,1428755972,44.54879,4.69465,27160.8,5.4,8.4,340.2,-51.0,2.1,15.5,0x20,405.000,7.5,4125,-1,2.3,-1,-1
2025-04-15T12:39:37.000Z,M20-305-2-03363,1428755977,44.54907,4.69435,27190.9,4.7,8.3,326.9,-50.6,2.2,15.4,0x20,405.000,8.2,4125,-1,2.3,-1,-1
2025-04-15T12:39:38.000Z,M20-305-2-03363,1428755978,44.54914,4.69429,27195.5,4.7,9.3,329.1,-50.6,2.2,15.4,0x20,405.000,8.2,4125,-1,2.3,-1,-1
2025-04-15T12:39:47.000Z,M20-305-2-03363,1428755987,44.54961,4.69378,27247.0,4.8,8.6,327.8,-50.5,2.1,15.2,0x20,405.000,6.5,4125,-1,2.3,-1,-1
2025-04-15T12:40:03.000Z,M20-305-2-03363,1428756003,44.55051,4.69291,27339.2,5.3,5.5,332.6,-49.9,2.1,15.0,0x20,405.000,5.9,4125,-1,2.3,-1,-1
2025-04-15T12:40:10.000Z,M20-305-2-03363,1428756010,44.55086,4.69255,27380.9,5.5,10.5,330.3,-49.6,2.2,14.9,0x20,405.000,5.8,4125,-1,2.3,-1,-1
2025-04-15T12:40:16.000Z,M20-305-2-03363,1428756016,44.55116,4.69210,27417.8,5.0,4.2,330.2,-49.3,2.2,14.8,0x20,405.000,5.3,4125,-1,2.3,-1,-1
2025-04-15T12:40:17.000Z,M20-305-2-03363,1428756017,44.55119,4.69207,27424.0,7.8,5.0,325.2,-49.4,2.2,14.7,0x20,405.000,7.7,4125,-1,2.3,-1,-1
2025-04-15T12:40:30.000Z,M20-305-2-03363,1428756030,44.55191,4.69126,27504.0,4.8,8.8,327.6,-49.3,2.3,14.5,0x20,405.000,5.8,4125,-1,2.3,-1,-1
2025-04-15T12:40:31.000Z,M20-305-2-03363,1428756031,44.55198,4.69119,27509.4,6.2,9.7,323.7,-49.3,2.3,14.5,0x20,405.000,6.3,4125,-1,2.3,-1,-1
2025-04-15T12:41:19.000Z,M20-305-2-03363,1428756079,44.55333,4.68945,27790.8,5.9,4.9,157.8,-48.6,2.2,13.8,0x20,405.000,9.1,4125,-1,2.3,-1,-1
2025-04-15T12:41:20.000Z,M20-305-2-03363,1428756080,44.55330,4.68947,27797.0,6.4,2.4,149.8,-48.6,2.1,13.8,0x20,405.000,9.6,4125,-1,2.3,-1,-1
2025-04-15T12:41:21.000Z,M20-305-2-03363,1428756081,44.55329,4.68947,27803.6,6.9,1.7,258.3,-48.6,2.1,13.8,0x20,405.000,9.6,4125,-1,2.3,-1,-1
2025-04-15T12:41:22.000Z,M20-305-2-03363,1428756082,44.55329,4.68942,27810.0,6.1,5.3,277.9,-48.7,2.1,13.8,0x20,405.000,7.1,4125,-1,2.3,-1,-1
2025-04-15T12:41:27.000Z,M20-305-2-03363,1428756087,44.55329,4.68909,27837.2,4.3,1.9,193.5,-48.5,2.0,13.7,0x20,405.000,5.4,4125,-1,2.3,-1,-1
2025-04-15T12:41:28.000Z,M20-305-2-03363,1428756088,44.55327,4.68908,27842.5,7.0,3.9,186.2,-48.5,2.0,13.7,0x20,405.000,6.5,4125,-1,2.3,-1,-1
2025-04-15T12:41:29.000Z,M20-305-2-03363,1428756089,44.55323,4.68906,27849.7,7.4,4.9,208.7,-48.5,2.0,13.6,0x20,405.000,7.5,4125,-1,2.3,-1,-1
2025-04-15T12:41:44.000Z,M20-305-2-03363,1428756104,44.55311,4.68806,27937.3,5.5,9.4,284.6,-48.6,2.0,13.4,0x20,405.000,7.8,4125,-1,2.3,-1,-1
2025-04-15T12:41:46.000Z,M20-305-2-03363,1428756106,44.55315,4.68787,27949.9,5.4,6.4,295.8,-48.7,1.9,13.4,0x20,405.000,7.3,4125,-1,2.3,-1,-1
2025-04-15T12:41:48.000Z,M20-305-2-03363,1428756108,44.55318,4.68775,27960.6,7.0,4.7,259.9,-48.6,1.9,13.4,0x20,405.000,7.6,4125,-1,2.3,-1,-1
2025-04-15T12:41:49.000Z,M20-305-2-03363,1428756109,44.55317,4.68769,27966.9,5.2,5.9,250.5,-48.6,1.9,13.3,0x20,405.000,7.6,4125,-1,2.3,-1,-1
2025-04-15T12:41:50.000Z,M20-305-2-03363,1428756110,44.55315,4.68761,27972.0,5.4,6.8,250.9,-48.6,1.9,13.3,0x20,405.000,6.5,4125,-1,2.3,-1,-1
2025-04-15T12:41:53.000Z,M20-305-2-03363,1428756113,44.55319,4.68741,27989.7,4.5,7.4,314.6,-48.6,2.0,13.3,0x20,405.000,6.8,4125,-1,2.3,-1,-1
2025-04-15T12:41:55.000Z,M20-305-2-03363,1428756115,44.55330,4.68721,28001.8,6.5,11.5,298.4,-48.6,1.9,13.3,0x20,405.000,6.3,4125,-1,2.3,-1,-1
2025-04-15T12:42:08.000Z,M20-305-2-03363,1428756128,44.55326,4.68622,28076.4,7.2,6.0,274.0,-48.4,1.7,13.1,0x20,405.000,5.9,4125,-1,2.3,-1,-1
2025-04-15T12:42:09.000Z,M20-305-2-03363,1428756129,44.55326,4.68614,28082.8,5.4,6.2,268.6,-48.4,1.7,13.1,0x20,405.000,5.6,4125,-1,2.3,-1,-1
2025-04-15T12:42:10.000Z,M20-305-2-03363,1428756130,44.55325,4.68607,28088.0,5.4,6.2,252.3,-48.4,1.8,13.1,0x20,405.000,8.6,4125,-1,2.3,-1,-1
2025-04-15T12:42:11.000Z,M20-305-2-03363,1428756131,44.55324,4.68600,28094.0,6.8,5.0,246.8,-48.4,1.8,13.0,0x20,405.000,8.6,4125,-1,2.3,-1,-1
2025-04-15T12:42:12.000Z,M20-305-2-03363,1428756132,44.55322,4.68595,28100.2,5.5,3.8,258.5,-48.4,1.8,13.0,0x20,405.000,7.6,4125,-1,2.3,-1,-1
2025-04-15T12:42:13.000Z,M20-305-2-03363,1428756133,44.55323,4.68589,28106.0,6.1,5.0,284.2,-48.4,1.9,13.0,0x20,405.000,6.8,4125,-1,2.3,-1,-1
2025-04-15T12:42:15.000Z,M20-305-2-03363,1428756135,44.55327,4.68570,28118.6,5.4,10.8,289.1,-48.4,1.9,13.0,0x20,405.000,6.8,4125,-1,2.3,-1,-1
2025-04-15T12:42:26.000Z,M20-305-2-03363,1428756146,44.55342,4.68463,28181.2,5.7,8.6,287.6,-48.5,1.9,12.8,0x20,405.000,7.8,4125,-1,2.3,-1,-1
2025-04-15T12:42:28.000Z,M20-305-2-03363,1428756148,44.55342,4.68440,28193.8,5.1,10.0,262.6,-48.6,2.0,12.8,0x20,405.000,7.8,4125,-1,2.3,-1,-1
2025-04-15T12:42:29.000Z,M20-305-2-03363,1428756149,44.55341,4.68428,28198.8,5.4,10.0,254.0,-48.5,2.0,12.8,0x20,405.000,7.8,4125,-1,2.3,-1,-1
2025-04-15T12:42:40.000Z,M20-305-2-03363,1428756160,44.55336,4.68308,28262.0,4.7,5.4,256.2,-48.5,2.0,12.6,0x20,405.000,9.3,4125,-1,2.3,-1,-1
2025-04-15T12:42:41.000Z,M20-305-2-03363,1428756161,44.55333,4.68302,28267.5,6.4,7.0,238.5,-48.5,1.9,12.6,0x20,405.000,9.3,4125,-1,2.3,-1,-1
2025-04-15T12:42:42.000Z,M20-305-2-03363,1428756162,44.55329,4.68292,28273.6,5.6,10.8,235.3,-48.5,1.9,12.6,0x20,405.000,8.6,4125,-1,2.3,-1,-1
2025-04-15T12:42:51.000Z,M20-305-2-03363,1428756171,44.55325,4.68185,28324.5,5.3,9.9,248.3,-48.6,1.8,12.5,0x20,405.000,7.9,4125,-1,2.3,-1,-1
2025-04-15T12:42:52.000Z,M20-305-2-03363,1428756172,44.55321,4.68175,28330.3,6.3,8.8,236.0,-48.6,1.8,12.5,0x20,405.000,8.8,4125,-1,2.3,-1,-1
2025-04-15T12:42:53.000Z,M20-305-2-03363,1428756173,44.55317,4.68166,28335.6,4.8,6.9,236.4,-48.7,1.8,12.5,0x20,405.000,8.8,4125,-1,2.3,-1,-1
2025-04-15T12:42:54.000Z,M20-305-2-03363,1428756174,44.55314,4.68159,28340.8,5.6,6.3,249.8,-48.7,1.8,12.4,0x20,405.000,7.0,4125,-1,2.3,-1,-1
2025-04-15T12:42:58.000Z,M20-305-2-03363,1428756178,44.55310,4.68115,28364.2,7.2,9.8,268.5,-48.8,1.9,12.4,0x20,405.000,6.8,4125,-1,2.3,-1,-1
2025-04-15T12:43:04.000Z,M20-305-2-03363,1428756184,44.55304,4.68051,28398.1,6.3,10.7,258.9,-48.4,2.0,12.3,0x20,405.000,7.1,4125,-1,2.3,-1,-1
2025-04-15T12:43:08.000Z,M20-305-2-03363,1428756188,44.55304,4.68004,28423.1,6.7,10.2,262.1,-48.4,2.0,12.2,0x20,405.000,6.0,4125,-1,2.3,-1,-1
2025-04-15T12:43:09.000Z,M20-305-2-03363,1428756189,44.55302,4.67991,28428.4,4.1,11.2,253.6,-48.3,2.0,12.3,0x20,405.000,7.3,4125,-1,2.3,-1,-1
2025-04-15T12:43:10.000Z,M20-305-2-03363,1428756190,44.55298,4.67978,28433.5,6.0,10.2,247.7,-48.3,2.1,12.2,0x20,405.000,7.3,4125,-1,2.3,-1,-1
2025-04-15T12:43:14.000Z,M20-305-2-03363,1428756194,44.55297,4.67935,28455.3,6.2,11.8,277.4,-48.3,2.1,12.2,0x20,405.000,6.3,4125,-1,2.3,-1,-1
2025-04-15T12:43:15.000Z,M20-305-2-03363,1428756195,44.55298,4.67919,28460.3,3.8,12.8,270.5,-48.3,2.1,12.2,0x20,405.000,6.3,4125,-1,2.3,-1,-1
2025-04-15T12:43:19.000Z,M20-305-2-03363,1428756199,44.55295,4.67866,28484.9,5.2,7.2,252.1,-48.2,2.1,12.1,0x20,405.000,6.8,4125,-1,2.3,-1,-1
2025-04-15T12:43:20.000Z,M20-305-2-03363,1428756200,44.55292,4.67857,28489.5,5.0,8.5,236.0,-48.1,2.1,12.1,0x20,405.000,6.9,4125,-1,2.3,-1,-1
2025-04-15T12:43:21.000Z,M20-305-2-03363,1428756201,44.55287,4.67846,28495.2,6.8,11.4,240.2,-48.1,2.0,12.1,0x20,405.000,6.9,4125,-1,2.3,-1,-1
2025-04-15T12:43:26.000Z,M20-305-2-03363,1428756206,44.55282,4.67766,28524.1,3.2,11.3,288.5,-48.1,1.9,12.0,0x20,405.000,5.7,4125,-1,2.3,-1,-1
2025-04-15T12:43:27.000Z,M20-305-2-03363,1428756207,44.55285,4.67754,28529.1,7.4,10.5,293.0,-48.0,1.9,12.0,0x20,405.000,5.7,4125,-1,2.3,-1,-1
2025-04-15T12:43:28.000Z,M20-305-2-03363,1428756208,44.55288,4.67741,28536.2,6.5,9.8,280.5,-47.9,1.8,12.0,0x20,405.000,5.9,4125,-1,2.3,-1,-1
2025-04-15T12:43:32.000Z,M20-305-2-03363,1428756212,44.55283,4.67693,28559.5,5.0,8.7,260.2,-47.9,1.9,11.9,0x20,405.000,6.6,4125,-1,2.3,-1,-1
2025-04-15T12:43:33.000Z,M20-305-2-03363,1428756213,44.55282,4.67681,28565.5,6.9,10.2,274.1,-47.8,1.9,11.9,0x20,405.000,7.0,4125,-1,2.3,-1,-1
2025-04-15T12:43:38.000Z,M20-305-2-03363,1428756218,44.55299,4.67599,28594.0,5.9,13.0,305.1,-47.5,1.9,11.9,0x20,405.000,5.9,4125,-1,2.3,-1,-1
2025-04-15T12:43:39.000Z,M20-305-2-03363,1428756219,44.55304,4.67587,28598.7,6.0,10.5,300.7,-47.4,1.9,11.9,0x20,405.000,5.6,4125,-1,2.3,-1,-1
2025-04-15T12:43:40.000Z,M20-305-2-03363,1428756220,44.55308,4.67576,28605.1,6.9,7.7,284.5,-47.4,1.8,11.8,0x20,405.000,5.7,4125,-1,2.3,-1,-1
2025-04-15T12:43:41.000Z,M20-305-2-03363,1428756221,44.55308,4.67566,28609.9,4.9,9.4,262.3,-47.4,1.8,11.9,0x20,405.000,5.7,4125,-1,2.3,-1,-1
2025-04-15T12:43:42.000Z,M20-305-2-03363,1428756222,44.55306,4.67553,28614.6,3.9,11.2,253.4,-47.3,1.7,11.8,0x20,405.000,6.7,4125,-1,2.3,-1,-1
2025-04-15T12:43:47.000Z,M20-305-2-03363,1428756227,44.55318,4.67477,28644.0,6.8,15.1,296.1,-47.3,1.7,11.8,0x20,405.000,7.3,4125,-1,2.3,-1,-1
2025-04-15T12:43:48.000Z,M20-305-2-03363,1428756228,44.55323,4.67460,28650.0,4.9,14.4,290.9,-47.3,1.7,11.8,0x20,405.000,7.3,4125,-1,2.3,-1,-1
2025-04-15T12:43:49.000Z,M20-305-2-03363,1428756229,44.55327,4.67444,28654.8,6.5,12.7,290.0,-47.3,1.7,11.7,0x20,405.000,7.3,4125,-1,2.3,-1,-1
2025-04-15T12:43:56.000Z,M20-305-2-03363,1428756236,44.55349,4.67344,28698.4,7.4,16.2,289.4,-47.1,1.8,11.6,0x20,405.000,6.6,4125,-1,2.3,-1,-1
2025-04-15T12:43:57.000Z,M20-305-2-03363,1428756237,44.55355,4.67327,28704.4,5.0,15.0,296.8,-47.2,1.8,11.6,0x20,405.000,6.9,4125,-1,2.3,-1,-1
2025-04-15T12:44:03.000Z,M20-305-2-03363,1428756243,44.55384,4.67253,28739.6,6.7,9.4,290.3,-47.2,1.8,11.5,0x20,405.000,6.1,4125,-1,2.3,-1,-1
2025-04-15T12:44:04.000Z,M20-305-2-03363,1428756244,44.55387,4.67242,28745.2,4.6,9.7,291.9,-47.2,1.8,11.6,0x20,405.000,5.6,4125,-1,2.3,-1,-1
2025-04-15T12:44:05.000Z,M20-305-2-03363,1428756245,44.55391,4.67229,28751.1,7.2,12.5,293.3,-47.1,1.8,11.5,0x20,405.000,5.0,4125,-1,2.3,-1,-1
2025-04-15T12:44:10.000Z,M20-305-2-03363,1428756250,44.55418,4.67151,28782.0,4.8,12.6,311.7,-47.2,1.8,11.5,0x20,405.000,6.8,4125,-1,2.3,-1,-1
2025-04-15T12:44:16.000Z,M20-305-2-03363,1428756256,44.55444,4.67085,28817.7,3.9,13.7,301.2,-47.0,1.8,11.4,0x20,405.000,7.6,4125,-1,2.3,-1,-1
2025-04-15T12:44:17.000Z,M20-305-2-03363,1428756257,44.55451,4.67070,28821.5,4.7,15.2,306.1,-46.9,1.8,11.4,0x20,405.000,7.6,4125,-1,2.3,-1,-1
2025-04-15T12:44:18.000Z,M20-305-2-03363,1428756258,44.55459,4.67055,28826.0,7.4,15.2,305.1,-46.9,1.8,11.4,0x20,405.000,6.4,4125,-1,2.3,-1,-1
2025-04-15T12:44:24.000Z,M20-305-2-03363,1428756264,44.55499,4.66995,28863.9,6.9,9.6,315.5,-46.9,1.8,11.3,0x20,405.000,5.9,4125,-1,2.3,-1,-1
2025-04-15T12:44:25.000Z,M20-305-2-03363,1428756265,44.55504,4.66985,28870.3,6.6,9.8,298.8,-47.0,1.8,11.3,0x20,405.000,6.4,4125,-1,2.3,-1,-1
2025-04-15T12:44:26.000Z,M20-305-2-03363,1428756266,44.55508,4.66972,28875.8,4.7,12.0,292.1,-46.9,1.8,11.3,0x20,405.000,6.4,4125,-1,2.3,-1,-1
2025-04-15T12:44:31.000Z,M20-305-2-03363,1428756271,44.55547,4.66898,28906.4,8.1,11.7,317.2,-47.0,1.8,11.2,0x20,405.000,5.7,4125,-1,2.3,-1,-1
2025-04-15T12:44:32.000Z,M20-305-2-03363,1428756272,44.55553,4.66890,28910.9,4.2,8.7,309.0,-47.1,1.8,11.2,0x20,405.000,6.0,4125,-1,2.3,-1,-1
2025-04-15T12:44:38.000Z,M20-305-2-03363,1428756278,44.55584,4.66846,28946.8,5.5,12.5,298.3,-47.1,1.7,11.1,0x20,405.000,6.0,4125,-1,2.3,-1,-1
2025-04-15T12:44:39.000Z,M20-305-2-03363,1428756279,44.55589,4.66832,28951.9,5.1,13.5,294.2,-47.1,1.7,11.1,0x20,405.000,6.9,4125,-1,2.3,-1,-1
2025-04-15T12:44:56.000Z,M20-305-2-03363,1428756296,44.55708,4.66718,29055.9,7.3,7.0,346.4,-46.8,1.6,10.9,0x20,405.000,6.1,4125,-1,2.3,-1,-1
2025-04-15T12:44:57.000Z,M20-305-2-03363,1428756297,44.55713,4.66715,29063.0,6.9,6.1,315.5,-46.8,1.6,10.9,0x20,405.000,5.4,4125,-1,2.3,-1,-1
2025-04-15T12:45:02.000Z,M20-305-2-03363,1428756302,44.55744,4.66680,29092.8,5.1,11.6,347.3,-46.9,1.7,10.8,0x20,405.000,5.2,4125,-1,2.3,-1,-1
2025-04-15T12:45:20.000Z,M20-305-2-03363,1428756320,44.55882,4.66624,29197.2,5.8,5.2,351.2,-46.2,1.7,10.6,0x20,405.000,6.4,4125,-1,2.3,-1,-1
2025-04-15T12:45:30.000Z,M20-305-2-03363,1428756330,44.55944,4.66588,29258.6,4.8,7.9,309.0,-46.2,1.7,10.5,0x20,405.000,7.9,4125,-1,2.3,-1,-1
2025-04-15T12:45:35.000Z,M20-305-2-03363,1428756335,44.55964,4.66555,29289.7,6.4,4.1,338.7,-46.1,1.7,10.4,0x20,405.000,6.4,4125,-1,2.3,-1,-1
2025-04-15T12:45:39.000Z,M20-305-2-03363,1428756339,44.55978,4.66546,29315.7,5.6,1.4,275.6,-46.0,1.8,10.4,0x20,405.000,5.4,4125,-1,2.3,-1,-1
2025-04-15T12:45:40.000Z,M20-305-2-03363,1428756340,44.55977,4.66544,29321.5,6.2,2.2,235.5,-46.0,1.8,10.3,0x20,405.000,6.1,4125,-1,2.3,-1,-1
2025-04-15T12:45:54.000Z,M20-305-2-03363,1428756354,44.55999,4.66493,29410.7,4.2,10.3,296.5,-45.6,1.5,10.2,0x20,405.000,9.1,4125,-1,2.3,-1,-1
2025-04-15T12:46:07.000Z,M20-305-2-03363,1428756367,44.56035,4.66443,29492.8,8.3,4.3,280.7,-45.1,1.3,10.0,0x20,405.000,6.6,4125,-1,2.3,-1,-1
2025-04-15T12:46:08.000Z,M20-305-2-03363,1428756368,44.56036,4.66439,29498.8,4.7,3.7,313.3,-45.1,1.4,10.0,0x20,405.000,7.9,4125,-1,2.3,-1,-1
2025-04-15T12:46:23.000Z,M20-305-2-03363,1428756383,44.56083,4.66390,29590.7,5.7,8.1,329.6,-44.9,1.5,9.8,0x20,405.000,6.9,4125,-1,2.3,-1,-1
2025-04-15T12:46:27.000Z,M20-305-2-03363,1428756387,44.56090,4.66362,29617.7,8.3,6.2,250.5,-44.9,1.5,9.8,0x20,405.000,9.3,4125,-1,2.3,-1,-1
2025-04-15T12:46:47.000Z,M20-305-2-03363,1428756407,44.56109,4.66236,29739.9,-7.0,6.5,280.8,-44.4,1.5,9.6,0x20,405.000,5.5,4125,-1,2.3,-1,-1
2025-04-15T12:46:51.000Z,M20-305-2-03363,1428756411,44.56097,4.66214,29650.8,-35.4,7.4,202.3,-45.3,1.3,9.7,0x20,405.000,5.4,4125,-1,2.3,-1,-1
2025-04-15T12:47:32.000Z,M20-305-2-03363,1428756452,44.56208,4.66036,28896.9,-16.4,24.6,281.4,-48.1,0.2,11.2,0x20,405.000,6.5,4125,-1,2.3,-1,-1
2025-04-15T12:47:53.000Z,M20-305-2-03363,1428756473,44.56268,4.65801,28517.8,-18.1,19.3,345.9,-48.0,0.0,12.0,0x20,405.000,6.7,4125,-1,2.3,-1,-1
2025-04-15T12:48:07.000Z,M20-305-2-03363,1428756487,44.56273,4.65573,28244.1,-21.0,24.4,271.5,-49.0,0.0,12.6,0x20,405.000,6.1,4125,-1,2.3,-1,-1
2025-04-15T12:48:16.000Z,M20-305-2-03363,1428756496,44.56245,4.65513,28074.0,-20.1,21.2,326.7,-48.7,0.0,13.0,0x20,405.000,6.8,4125,-1,2.3,-1,-1
2025-04-15T12:48:28.000Z,M20-305-2-03363,1428756508,44.56263,4.65412,27845.2,-19.6,19.0,339.1,-48.7,0.0,13.6,0x20,405.000,6.5,4125,-1,2.3,-1,-1
2025-04-15T12:48:31.000Z,M20-305-2-03363,1428756511,44.56290,4.65347,27790.7,-15.6,23.8,273.1,-48.6,0.0,13.8,0x20,405.000,6.9,4125,-1,2.3,-1,-1
2025-04-15T12:48:40.000Z,M20-305-2-03363,1428756520,44.56255,4.65338,27622.1,-20.4,16.8,346.0,-48.9,0.0,14.2,0x20,405.000,6.4,4125,-1,2.3,-1,-1
2025-04-15T12:48:45.000Z,M20-305-2-03363,1428756525,44.56285,4.65255,27517.1,-20.8,13.6,251.7,-49.1,0.0,14.5,0x20,405.000,6.9,4125,-1,2.3,-1,-1
2025-04-15T12:48:52.000Z,M20-305-2-03363,1428756532,44.56311,4.65224,27378.6,-19.2,16.5,327.6,-49.4,0.0,14.8,0x20,405.000,6.6,4125,-1,2.3,-1,-1
2025-04-15T12:49:05.000Z,M20-305-2-03363,1428756545,44.56363,4.65109,27130.5,-17.8,8.2,275.2,-50.5,0.0,15.5,0x20,405.000,6.1,4125,-1,2.3,-1,-1
2025-04-15T12:49:06.000Z,M20-305-2-03363,1428756546,44.56363,4.65099,27113.1,-16.6,9.2,274.3,-50.6,0.0,15.6,0x20,405.000,6.5,4125,-1,2.3,-1,-1
2025-04-15T12:49:07.000Z,M20-305-2-03363,1428756547,44.56366,4.65089,27095.6,-17.7,8.7,299.1,-50.6,0.0,15.6,0x20,405.000,6.4,4125,-1,2.3,-1,-1
2025-04-15T12:49:08.000Z,M20-305-2-03363,1428756548,44.56370,4.65081,27078.0,-16.2,8.2,318.2,-50.8,0.0,15.7,0x20,405.000,6.4,4125,-1,2.3,-1,-1
2025-04-15T12:49:09.000Z,M20-305-2-03363,1428756549,44.56377,4.65076,27058.7,-17.3,8.6,346.7,-50.9,0.0,15.7,0x20,405.000,6.4,4125,-1,2.3,-1,-1
2025-04-15T12:49:10.000Z,M20-305-2-03363,1428756550,44.56385,4.65075,27038.5,-18.0,10.4,1.1,-51.1,0.0,15.8,0x20,405.000,6.4,4125,-1,2.3,-1,-1
2025-04-15T12:49:19.000Z,M20-305-2-03363,1428756559,44.56478,4.65055,26902.2,-15.4,20.7,310.7,-52.0,0.0,16.2,0x20,405.000,6.9,4125,-1,2.3,-1,-1
2025-04-15T12:49:20.000Z,M20-305-2-03363,1428756560,44.56490,4.65035,26885.0,-16.2,21.6,306.3,-52.1,0.0,16.2,0x20,405.000,6.5,4125,-1,2.3,-1,-1
2025-04-15T12:49:23.000Z,M20-305-2-03363,1428756563,44.56509,4.64963,26839.4,-12.2,18.6,271.7,-52.3,0.0,16.4,0x20,405.000,6.0,4125,-1,2.3,-1,-1
2025-04-15T12:49:28.000Z,M20-305-2-03363,1428756568,44.56492,4.64908,26755.8,-16.4,4.2,159.2,-52.2,0.0,16.6,0x20,405.000,8.9,4125,-1,2.3,-1,-1
2025-04-15T12:49:36.000Z,M20-305-2-03363,1428756576,44.56541,4.64918,26629.8,-15.4,13.9,339.8,-52.6,0.0,17.0,0x20,405.000,6.3,4125,-1,2.3,-1,-1
2025-04-15T12:49:39.000Z,M20-305-2-03363,1428756579,44.56566,4.64885,26580.0,-17.5,13.1,294.4,-52.6,0.0,17.2,0x20,405.000,6.1,4125,-1,2.3,-1,-1
2025-04-15T12:49:43.000Z,M20-305-2-03363,1428756583,44.56572,4.64813,26509.1,-16.2,12.7,265.0,-52.9,0.0,17.4,0x20,405.000,8.1,4125,-1,2.3,-1,-1
2025-04-15T12:49:44.000Z,M20-305-2-03363,1428756584,44.56571,4.64799,26491.8,-15.1,10.7,263.7,-53.0,0.0,17.4,0x20,405.000,8.1,4125,-1,2.3,-1,-1
2025-04-15T12:49:47.000Z,M20-305-2-03363,1428756587,44.56573,4.64773,26445.0,-13.4,5.1,325.4,-53.1,0.0,17.6,0x20,405.000,7.1,4125,-1,2.3,-1,-1
2025-04-15T12:49:52.000Z,M20-305-2-03363,1428756592,44.56621,4.64752,26374.0,-13.2,16.5,332.4,-53.3,0.0,17.8,0x20,405.000,7.8,4125,-1,2.3,-1,-1
2025-04-15T12:49:55.000Z,M20-305-2-03363,1428756595,44.56652,4.64702,26325.0,-16.3,18.8,293.5,-53.2,0.0,18.0,0x20,405.000,6.4,4125,-1,2.3,-1,-1
2025-04-15T12:50:04.000Z,M20-305-2-03363,1428756604,44.56665,4.64564,26167.1,-18.8,10.5,313.1,-52.8,0.0,18.5,0x20,405.000,6.5,4125,-1,2.3,-1,-1
2025-04-15T12:50:06.000Z,M20-305-2-03363,1428756606,44.56678,4.64544,26131.1,-17.3,10.3,307.0,-52.8,0.0,18.6,0x20,405.000,6.1,4125,-1,2.3,-1,-1
2025-04-15T12:50:10.000Z,M20-305-2-03363,1428756610,44.56688,4.64490,26061.1,-17.5,11.4,267.9,-52.9,0.0,18.8,0x20,405.000,5.8,4125,-1,2.3,-1,-1
2025-04-15T12:50:36.000Z,M20-305-2-03363,1428756636,44.56723,4.64281,25636.5,-17.0,8.8,345.6,-52.6,0.0,20.3,0x20,405.000,6.8,4125,-1,2.3,-1,-1
2025-04-15T12:50:57.000Z,M20-305-2-03363,1428756657,44.56765,4.64175,25318.8,-16.5,17.3,277.6,-52.9,0.0,21.4,0x20,405.000,6.2,4125,-1,2.3,-1,-1
2025-04-15T12:51:06.000Z,M20-305-2-03363,1428756666,44.56813,4.64054,25178.6,-17.3,6.6,244.8,-53.4,0.0,22.0,0x20,405.000,6.7,4125,-1,2.3,-1,-1
