timestamp,serial,frame,lat,lon,alt,vel_v,vel_h,heading,temp,humidity,pressure,type,freq_mhz,snr,f_error_hz,sats,batt_v,burst_timer,aux_data
2025-08-07T10:58:02.001Z,U4244774,4870,44.21492,7.89108,17321.3,4.0,8.9,82.2,-273.0,-1.0,-1.0,RS41,403.701,7.6,-600,10,2.8,-1,-1
2025-08-07T10:58:43.001Z,U4244774,4911,44.21495,7.89441,17511.1,4.4,5.0,83.9,-273.0,-1.0,-1.0,RS41,403.701,7.0,-600,10,2.7,-1,-1
2025-08-07T10:58:45.001Z,U4244774,4913,44.21496,7.89455,17520.9,4.6,5.9,82.1,-273.0,-1.0,-1.0,RS41,403.701,8.4,-600,10,2.7,-1,-1
2025-08-07T10:58:48.001Z,U4244774,4916,44.21496,7.89477,17535.0,4.0,5.8,97.5,-273.0,-1.0,-1.0,RS41,403.701,7.9,-600,10,2.7,-1,-1
2025-08-07T10:58:53.001Z,U4244774,4921,44.21499,7.89501,17559.4,4.7,3.0,59.7,-273.0,-1.0,-1.0,RS41,403.701,7.8,-600,10,2.7,-1,-1
2025-08-07T10:58:57.001Z,U4244774,4925,44.21508,7.89518,17577.2,3.4,5.0,52.1,-273.0,-1.0,-1.0,RS41,403.701,8.2,-600,10,2.7,-1,-1
2025-08-07T11:02:06.001Z,U4244774,5114,44.21578,7.90751,18449.3,4.1,7.6,133.9,-273.0,-1.0,-1.0,RS41,403.701,7.0,-600,10,2.7,-1,-1
2025-08-07T11:02:19.001Z,U4244774,5127,44.21551,7.90804,18512.7,4.2,4.2,101.2,-273.0,-1.0,-1.0,RS41,403.701,7.5,-600,10,2.7,-1,-1
2025-08-07T11:03:00.001Z,U4244774,5168,44.21564,7.91013,18715.3,5.2,5.3,101.2,-273.0,-1.0,-1.0,RS41,403.701,8.1,-600,10,2.7,-1,-1
2025-08-07T11:04:27.001Z,U4244774,5255,44.21333,7.91370,19146.2,4.8,3.2,170.4,-273.0,-1.0,-1.0,RS41,403.701,7.7,-600,10,2.6,-1,-1
2025-08-07T11:04:29.001Z,U4244774,5257,44.21329,7.91371,19156.0,5.2,0.8,145.4,-273.0,-1.0,-1.0,RS41,403.701,7.7,-600,10,2.6,-1,-1
2025-08-07T11:04:31.001Z,U4244774,5259,44.21330,7.91373,19165.5,4.4,2.1,51.0,-273.0,-1.0,-1.0,RS41,403.701,8.4,-600,10,2.7,-1,-1
2025-08-07T11:04:33.001Z,U4244774,5261,44.21334,7.91377,19174.9,5.4,2.6,21.5,-273.0,-1.0,-1.0,RS41,403.701,8.1,-600,10,2.6,-1,-1
2025-08-07T11:04:35.001Z,U4244774,5263,44.21337,7.91378,19185.1,5.6,1.3,23.8,-273.0,-1.0,-1.0,RS41,403.701,8.4,-600,10,2.7,-1,-1
2025-08-07T11:04:38.001Z,U4244774,5266,44.21337,7.91382,19199.2,5.1,1.3,136.2,-273.0,-1.0,-1.0,RS41,403.701,8.3,-600,10,2.6,-1,-1
2025-08-07T11:04:39.001Z,U4244774,5267,44.21336,7.91383,19204.2,4.9,1.3,175.0,-273.0,-1.0,-1.0,RS41,403.701,8.3,-600,10,2.6,-1,-1
2025-08-07T11:04:40.001Z,U4244774,5268,44.21335,7.91383,19208.9,4.5,1.3,186.8,-273.0,-1.0,-1.0,RS41,403.701,8.8,-600,10,2.6,-1,-1
2025-08-07T11:04:42.001Z,U4244774,5270,44.21333,7.91383,19219.3,4.5,1.3,159.3,-273.0,-1.0,-1.0,RS41,403.701,8.0,-600,10,2.7,-1,-1
2025-08-07T11:04:44.001Z,U4244774,5272,44.21332,7.91384,19228.8,4.9,0.2,107.7,-273.0,-1.0,-1.0,RS41,403.701,8.2,-600,10,2.6,-1,-1
2025-08-07T11:04:45.001Z,U4244774,5273,44.21332,7.91384,19233.7,4.4,0.6,342.7,-273.0,-1.0,-1.0,RS41,403.701,8.3,-600,10,2.6,-1,-1
2025-08-07T11:04:46.001Z,U4244774,5274,44.21333,7.91384,19238.5,5.1,1.2,357.4,-273.0,-1.0,-1.0,RS41,403.701,8.3,-600,10,2.6,-1,-1
2025-08-07T11:04:47.001Z,U4244774,5275,44.21334,7.91384,19243.4,5.1,1.6,28.8,-273.0,-1.0,-1.0,RS41,403.701,9.5,-600,10,2.7,-1,-1
2025-08-07T11:04:48.001Z,U4244774,5276,44.21335,7.91386,19248.0,3.8,2.1,41.5,-273.0,-1.0,-1.0,RS41,403.701,9.5,-600,10,2.7,-1,-1
2025-08-07T11:04:49.001Z,U4244774,5277,44.21337,7.91388,19252.4,5.5,2.0,43.6,-273.0,-1.0,-1.0,RS41,403.701,8.7,-600,10,2.6,-1,-1
2025-08-07T11:04:50.001Z,U4244774,5278,44.21338,7.91389,19258.0,5.1,1.5,41.4,-273.0,-1.0,-1.0,RS41,403.701,8.3,-600,10,2.6,-1,-1
2025-08-07T11:04:51.001Z,U4244774,5279,44.21339,7.91390,19263.1,5.2,1.1,43.2,-273.0,-1.0,-1.0,RS41,403.701,7.8,-600,10,2.6,-1,-1
2025-08-07T11:04:52.001Z,U4244774,5280,44.21339,7.91391,19268.2,5.5,1.2,94.9,-273.0,-1.0,-1.0,RS41,403.701,9.0,-600,10,2.7,-1,-1
2025-08-07T11:04:53.001Z,U4244774,5281,44.21338,7.91393,19272.8,3.8,1.6,123.2,-273.0,-1.0,-1.0,RS41,403.701,9.0,-600,10,2.7,-1,-1
2025-08-07T11:04:54.001Z,U4244774,5282,44.21337,7.91394,19277.5,5.2,1.7,156.5,-273.0,-1.0,-1.0,RS41,403.701,7.9,-600,10,2.7,-1,-1
2025-08-07T11:04:55.001Z,U4244774,5283,44.21336,7.91394,19282.9,5.2,1.7,184.9,-273.0,-1.0,-1.0,RS41,403.701,7.8,-600,10,2.6,-1,-1
2025-08-07T11:04:57.001Z,U4244774,5285,44.21333,7.91393,19292.9,5.9,2.0,197.8,-273.0,-1.0,-1.0,RS41,403.701,8.1,-600,10,2.6,-1,-1
2025-08-07T11:05:01.001Z,U4244774,5289,44.21327,7.91394,19312.7,4.5,1.1,165.1,-273.0,-1.0,-1.0,RS41,403.701,8.6,-600,10,2.6,-1,-1
2025-08-07T11:05:02.001Z,U4244774,5290,44.21327,7.91394,19317.7,5.0,1.1,136.3,-273.0,-1.0,-1.0,RS41,403.701,8.6,-600,10,2.6,-1,-1
2025-08-07T11:05:03.001Z,U4244774,5291,44.21326,7.91396,19322.7,5.1,2.0,127.0,-273.0,-1.0,-1.0,RS41,403.701,8.0,-600,10,2.6,-1,-1
2025-08-07T11:05:04.001Z,U4244774,5292,44.21324,7.91398,19327.4,4.3,2.7,124.8,-273.0,-1.0,-1.0,RS41,403.701,8.0,-600,10,2.7,-1,-1
2025-08-07T11:05:05.001Z,U4244774,5293,44.21323,7.91401,19332.1,5.3,2.6,136.6,-273.0,-1.0,-1.0,RS41,403.701,7.6,-600,10,2.7,-1,-1
2025-08-07T11:05:15.001Z,U4244774,5303,44.21321,7.91403,19380.0,4.3,1.8,33.1,-273.0,-1.0,-1.0,RS41,403.701,8.8,-600,10,2.7,-1,-1
2025-08-07T11:05:17.001Z,U4244774,5305,44.21324,7.91406,19390.0,5.6,1.7,28.6,-273.0,-1.0,-1.0,RS41,403.701,8.1,-600,10,2.6,-1,-1
2025-08-07T11:05:18.001Z,U4244774,5306,44.21325,7.91406,19394.8,4.3,1.7,16.7,-273.0,-1.0,-1.0,RS41,403.701,8.1,-600,10,2.6,-1,-1
2025-08-07T11:05:20.001Z,U4244774,5308,44.21329,7.91407,19404.4,5.8,2.5,12.2,-273.0,-1.0,-1.0,RS41,403.701,8.5,-600,10,2.7,-1,-1
2025-08-07T11:05:26.001Z,U4244774,5314,44.21342,7.91401,19434.9,5.0,2.7,316.7,-273.0,-1.0,-1.0,RS41,403.701,8.0,-600,10,2.7,-1,-1
2025-08-07T11:05:39.001Z,U4244774,5327,44.21377,7.91388,19498.8,5.5,4.9,352.9,-273.0,-1.0,-1.0,RS41,403.701,7.6,-600,10,2.6,-1,-1
2025-08-07T11:05:48.001Z,U4244774,5336,44.21423,7.91380,19540.7,5.0,4.6,344.2,-273.0,-1.0,-1.0,RS41,403.701,7.9,-600,10,2.7,-1,-1
2025-08-07T11:05:52.001Z,U4244774,5340,44.21435,7.91376,19557.6,4.2,2.9,15.2,-273.0,-1.0,-1.0,RS41,403.701,7.1,-600,10,2.6,-1,-1
2025-08-07T11:05:57.001Z,U4244774,5345,44.21454,7.91379,19579.2,3.7,4.9,358.9,-273.0,-1.0,-1.0,RS41,403.701,7.3,-600,10,2.6,-1,-1
2025-08-07T11:06:05.001Z,U4244774,5353,44.21470,7.91380,19615.2,4.2,0.7,344.3,-273.0,-1.0,-1.0,RS41,403.701,7.6,-600,10,2.6,-1,-1
2025-08-07T11:06:34.001Z,U4244774,5382,44.21496,7.91351,19745.3,4.4,2.1,257.3,-273.0,-1.0,-1.0,RS41,403.701,8.0,-600,10,2.6,-1,-1
2025-08-07T11:06:44.001Z,U4244774,5392,44.21511,7.91321,19790.8,4.7,3.4,317.4,-273.0,-1.0,-1.0,RS41,403.701,8.0,-600,10,2.6,-1,-1
2025-08-07T11:06:46.001Z,U4244774,5394,44.21515,7.91316,19799.5,4.4,3.1,301.1,-273.0,-1.0,-1.0,RS41,403.701,7.8,-600,10,2.7,-1,-1
2025-08-07T11:06:48.001Z,U4244774,5396,44.21518,7.91307,19808.4,3.9,4.3,290.0,-273.0,-1.0,-1.0,RS41,403.701,8.0,-600,10,2.7,-1,-1
2025-08-07T11:23:58.000Z,U4244774,6426,44.23306,7.85928,24970.5,4.6,6.5,284.0,-273.0,-1.0,-1.0,RS41,403.700,7.7,525,10,2.7,-1,-1
2025-08-07T11:24:18.000Z,U4244774,6446,44.23345,7.85792,25074.7,4.6,7.1,290.7,-273.0,-1.0,-1.0,RS41,403.700,7.8,525,10,2.6,-1,-1
2025-08-07T11:24:33.000Z,U4244774,6461,44.23371,7.85716,25151.7,5.6,5.5,276.1,-273.0,-1.0,-1.0,RS41,403.700,8.8,525,10,2.7,-1,-1
2025-08-07T11:24:34.000Z,U4244774,6462,44.23372,7.85710,25157.3,5.9,4.6,279.4,-273.0,-1.0,-1.0,RS41,403.700,8.8,525,10,2.7,-1,-1
2025-08-07T11:24:35.000Z,U4244774,6463,44.23372,7.85704,25162.5,4.5,3.7,281.0,-273.0,-1.0,-1.0,RS41,403.700,8.0,525,10,2.7,-1,-1
2025-08-07T11:24:36.000Z,U4244774,6464,44.23373,7.85700,25167.4,4.9,3.2,281.2,-273.0,-1.0,-1.0,RS41,403.700,9.0,525,10,2.6,-1,-1
2025-08-07T11:24:37.000Z,U4244774,6465,44.23373,7.85696,25172.4,5.2,3.6,277.3,-273.0,-1.0,-1.0,RS41,403.700,9.0,525,10,2.6,-1,-1
2025-08-07T11:24:38.000Z,U4244774,6466,44.23374,7.85691,25177.5,4.8,4.0,274.1,-273.0,-1.0,-1.0,RS41,403.700,7.4,525,10,2.6,-1,-1
2025-08-07T11:24:39.000Z,U4244774,6467,44.23374,7.85686,25182.2,4.6,4.3,272.5,-273.0,-1.0,-1.0,RS41,403.700,7.6,525,10,2.7,-1,-1
2025-08-07T11:24:42.000Z,U4244774,6470,44.23374,7.85672,25198.3,5.5,3.3,270.2,-273.0,-1.0,-1.0,RS41,403.700,8.4,525,10,2.6,-1,-1
2025-08-07T11:24:44.000Z,U4244774,6472,44.23374,7.85662,25209.9,5.3,4.7,265.3,-273.0,-1.0,-1.0,RS41,403.700,7.8,525,10,2.6,-1,-1
2025-08-07T11:24:45.000Z,U4244774,6473,44.23373,7.85656,25214.5,4.0,5.3,261.7,-273.0,-1.0,-1.0,RS41,403.700,7.8,525,10,2.7,-1,-1
2025-08-07T11:24:49.000Z,U4244774,6477,44.23368,7.85633,25234.9,5.5,4.6,248.7,-273.0,-1.0,-1.0,RS41,403.700,9.0,525,10,2.6,-1,-1
2025-08-07T11:25:26.000Z,U4244774,6514,44.23311,7.85316,25423.6,4.6,7.8,251.6,-273.0,-1.0,-1.0,RS41,403.700,7.2,525,10,2.6,-1,-1
2025-08-07T11:27:58.000Z,U4244774,6666,44.23444,7.83437,26242.6,5.8,5.7,286.5,-273.0,-1.0,-1.0,RS41,403.700,7.1,525,10,2.7,-1,-1
2025-08-07T11:28:09.000Z,U4244774,6677,44.23447,7.83294,26304.2,4.8,11.6,262.2,-273.0,-1.0,-1.0,RS41,403.700,7.6,525,10,2.6,-1,-1
2025-08-07T11:28:21.000Z,U4244774,6689,44.23440,7.83161,26369.9,5.2,10.1,283.5,-273.0,-1.0,-1.0,RS41,403.700,7.8,525,10,2.6,-1,-1
2025-08-07T11:28:22.000Z,U4244774,6690,44.23442,7.83148,26375.3,5.8,10.1,280.7,-273.0,-1.0,-1.0,RS41,403.700,7.8,525,10,2.6,-1,-1
2025-08-07T11:28:23.000Z,U4244774,6691,44.23443,7.83136,26381.0,5.8,10.0,275.7,-273.0,-1.0,-1.0,RS41,403.700,8.3,525,10,2.7,-1,-1
2025-08-07T11:28:28.000Z,U4244774,6696,44.23448,7.83084,26408.7,5.7,5.8,290.3,-273.0,-1.0,-1.0,RS41,403.700,7.2,525,10,2.6,-1,-1
2025-08-07T11:28:30.000Z,U4244774,6698,44.23452,7.83072,26420.0,5.8,5.5,293.4,-273.0,-1.0,-1.0,RS41,403.700,7.8,525,10,2.7,-1,-1
2025-08-07T11:28:31.000Z,U4244774,6699,44.23453,7.83065,26425.9,6.2,6.4,287.9,-273.0,-1.0,-1.0,RS41,403.700,8.4,525,10,2.7,-1,-1
2025-08-07T11:28:36.000Z,U4244774,6704,44.23465,7.83011,26452.4,5.6,9.6,294.3,-273.0,-1.0,-1.0,RS41,403.700,7.7,525,10,2.6,-1,-1
2025-08-07T11:28:37.000Z,U4244774,6705,44.23468,7.83001,26458.0,5.1,8.4,294.8,-273.0,-1.0,-1.0,RS41,403.700,7.7,525,10,2.6,-1,-1
2025-08-07T11:28:41.000Z,U4244774,6709,44.23472,7.82971,26479.9,4.0,4.9,258.4,-273.0,-1.0,-1.0,RS41,403.700,6.9,525,10,2.6,-1,-1
2025-08-07T11:28:43.000Z,U4244774,6711,44.23470,7.82960,26490.5,6.6,4.1,267.2,-273.0,-1.0,-1.0,RS41,403.700,8.0,525,10,2.7,-1,-1
2025-08-07T11:28:44.000Z,U4244774,6712,44.23471,7.82954,26496.6,5.6,4.7,279.8,-273.0,-1.0,-1.0,RS41,403.700,8.0,525,10,2.7,-1,-1
2025-08-07T11:28:45.000Z,U4244774,6713,44.23472,7.82948,26502.2,5.4,6.0,285.5,-273.0,-1.0,-1.0,RS41,403.700,7.9,525,10,2.6,-1,-1
2025-08-07T11:28:46.000Z,U4244774,6714,44.23473,7.82940,26507.9,5.7,7.8,283.5,-273.0,-1.0,-1.0,RS41,403.700,7.9,525,10,2.6,-1,-1
2025-08-07T11:28:50.000Z,U4244774,6718,44.23478,7.82892,26529.0,6.2,9.2,276.4,-273.0,-1.0,-1.0,RS41,403.700,8.3,525,10,2.7,-1,-1
2025-08-07T11:28:51.000Z,U4244774,6719,44.23479,7.82881,26535.3,6.1,7.4,280.7,-273.0,-1.0,-1.0,RS41,403.700,8.8,525,10,2.6,-1,-1
2025-08-07T11:28:52.000Z,U4244774,6720,44.23480,7.82873,26540.8,4.9,5.6,285.5,-273.0,-1.0,-1.0,RS41,403.700,8.8,525,10,2.6,-1,-1
2025-08-07T11:28:53.000Z,U4244774,6721,44.23481,7.82868,26545.9,5.0,4.1,284.3,-273.0,-1.0,-1.0,RS41,403.700,8.3,525,10,2.6,-1,-1
2025-08-07T11:28:54.000Z,U4244774,6722,44.23482,7.82863,26551.6,6.1,3.0,271.0,-273.0,-1.0,-1.0,RS41,403.700,8.3,525,10,2.7,-1,-1
2025-08-07T11:28:55.000Z,U4244774,6723,44.23481,7.82860,26557.0,5.1,3.0,259.2,-273.0,-1.0,-1.0,RS41,403.700,8.0,525,10,2.7,-1,-1
2025-08-07T11:28:56.000Z,U4244774,6724,44.23481,7.82856,26562.1,5.1,3.1,258.9,-273.0,-1.0,-1.0,RS41,403.700,8.4,525,10,2.7,-1,-1
2025-08-07T11:28:57.000Z,U4244774,6725,44.23481,7.82852,26567.7,6.2,3.4,273.1,-273.0,-1.0,-1.0,RS41,403.700,8.7,525,10,2.6,-1,-1
2025-08-07T11:28:58.000Z,U4244774,6726,44.23481,7.82847,26574.0,6.0,4.1,292.3,-273.0,-1.0,-1.0,RS41,403.700,8.7,525,10,2.6,-1,-1
2025-08-07T11:28:59.000Z,U4244774,6727,44.23483,7.82842,26579.6,5.0,5.0,300.4,-273.0,-1.0,-1.0,RS41,403.700,8.0,525,10,2.6,-1,-1
2025-08-07T11:29:01.000Z,U4244774,6729,44.23488,7.82828,26590.8,6.2,7.3,292.5,-273.0,-1.0,-1.0,RS41,403.700,9.3,525,9,2.7,-1,-1
2025-08-07T11:29:02.000Z,U4244774,6730,44.23491,7.82819,26596.2,4.6,8.1,287.9,-273.0,-1.0,-1.0,RS41,403.700,9.5,525,10,2.7,-1,-1
2025-08-07T11:29:04.000Z,U4244774,6732,44.23495,7.82800,26607.1,6.1,7.6,287.0,-273.0,-1.0,-1.0,RS41,403.700,8.4,525,10,2.6,-1,-1
2025-08-07T11:29:05.000Z,U4244774,6733,44.23497,7.82792,26612.8,5.9,6.5,294.7,-273.0,-1.0,-1.0,RS41,403.700,8.4,525,10,2.6,-1,-1
2025-08-07T11:29:06.000Z,U4244774,6734,44.23500,7.82785,26618.2,5.0,5.5,301.0,-273.0,-1.0,-1.0,RS41,403.700,9.2,525,10,2.7,-1,-1
2025-08-07T11:29:07.000Z,U4244774,6735,44.23502,7.82780,26623.5,5.4,4.5,301.1,-273.0,-1.0,-1.0,RS41,403.700,9.2,525,10,2.7,-1,-1
2025-08-07T11:29:08.000Z,U4244774,6736,44.23504,7.82776,26629.4,6.2,3.6,293.3,-273.0,-1.0,-1.0,RS41,403.700,9.4,525,10,2.7,-1,-1
2025-08-07T11:29:09.000Z,U4244774,6737,44.23505,7.82771,26635.0,4.9,3.5,286.3,-273.0,-1.0,-1.0,RS41,403.700,9.4,525,10,2.6,-1,-1
2025-08-07T11:29:10.000Z,U4244774,6738,44.23505,7.82768,26640.2,5.7,3.1,286.0,-273.0,-1.0,-1.0,RS41,403.700,9.6,525,10,2.6,-1,-1
2025-08-07T11:29:11.000Z,U4244774,6739,44.23507,7.82764,26646.4,6.3,3.2,302.5,-47.1,-1.0,-1.0,RS41,403.700,9.6,525,10,2.7,-1,-1
2025-08-07T11:29:12.000Z,U4244774,6740,44.23509,7.82761,26652.3,5.5,3.6,319.6,-47.2,-1.0,-1.0,RS41,403.700,9.9,525,10,2.7,-1,-1
2025-08-07T11:29:13.000Z,U4244774,6741,44.23511,7.82758,26657.3,4.7,4.3,323.6,-47.2,-1.0,-1.0,RS41,403.700,9.9,525,10,2.6,-1,-1
2025-08-07T11:29:14.000Z,U4244774,6742,44.23515,7.82754,26662.5,5.8,4.9,321.8,-47.3,-1.0,-1.0,RS41,403.700,9.4,525,9,2.6,-1,-1
2025-08-07T11:29:15.000Z,U4244774,6743,44.23518,7.82750,26668.6,5.9,5.3,312.0,-47.3,-1.0,-1.0,RS41,403.700,9.0,525,10,2.7,-1,-1
2025-08-07T11:29:18.000Z,U4244774,6746,44.23529,7.82732,26685.4,6.2,7.0,315.1,-47.4,-1.0,-1.0,RS41,403.700,8.0,525,10,2.6,-1,-1
2025-08-07T11:29:19.000Z,U4244774,6747,44.23533,7.82727,26691.0,5.2,7.2,321.8,-47.4,-1.0,-1.0,RS41,403.700,8.7,525,10,2.7,-1,-1
2025-08-07T11:29:21.000Z,U4244774,6749,44.23543,7.82716,26702.1,6.4,6.0,323.0,-47.5,-1.0,-1.0,RS41,403.700,7.9,525,10,2.7,-1,-1
2025-08-07T11:29:23.000Z,U4244774,6751,44.23549,7.82708,26714.1,4.8,3.7,307.3,-47.5,-1.0,-1.0,RS41,403.700,8.5,525,10,2.6,-1,-1
2025-08-07T11:29:25.000Z,U4244774,6753,44.23553,7.82701,26724.6,6.1,3.0,305.2,-47.6,-1.0,-1.0,RS41,403.700,9.8,525,10,2.7,-1,-1
2025-08-07T11:29:27.000Z,U4244774,6755,44.23556,7.82694,26735.3,5.1,4.0,300.8,-47.5,-1.0,-1.0,RS41,403.700,10.1,525,10,2.7,-1,-1
2025-08-07T11:29:29.000Z,U4244774,6757,44.23559,7.82683,26746.6,5.9,5.8,277.8,-47.4,-1.0,-1.0,RS41,403.700,9.7,525,10,2.6,-1,-1
2025-08-07T11:29:30.000Z,U4244774,6758,44.23559,7.82675,26752.2,5.0,6.6,272.2,-47.4,-1.0,-1.0,RS41,403.700,9.7,525,10,2.6,-1,-1
2025-08-07T11:29:32.000Z,U4244774,6760,44.23561,7.82658,26762.7,6.1,6.9,279.9,-47.2,-1.0,-1.0,RS41,403.700,8.0,525,10,2.7,-1,-1
2025-08-07T11:29:33.000Z,U4244774,6761,44.23562,7.82650,26768.4,5.1,6.7,288.1,-47.2,-1.0,-1.0,RS41,403.700,9.1,525,10,2.7,-1,-1
2025-08-07T11:29:34.000Z,U4244774,6762,44.23564,7.82642,26773.3,4.6,6.3,293.7,-47.1,-1.0,-1.0,RS41,403.700,9.1,525,10,2.6,-1,-1
2025-08-07T11:29:35.000Z,U4244774,6763,44.23566,7.82635,26778.6,5.6,5.7,291.9,-47.1,-1.0,-1.0,RS41,403.700,9.4,525,10,2.6,-1,-1
2025-08-07T11:29:36.000Z,U4244774,6764,44.23568,7.82629,26784.4,6.1,5.2,280.2,-47.1,-1.0,-1.0,RS41,403.700,9.9,525,10,2.6,-1,-1
2025-08-07T11:29:37.000Z,U4244774,6765,44.23568,7.82622,26790.0,5.4,5.3,268.9,-47.1,-1.0,-1.0,RS41,403.700,9.9,525,10,2.7,-1,-1
2025-08-07T11:29:38.000Z,U4244774,6766,44.23568,7.82616,26795.0,4.5,5.5,260.9,-47.1,-1.0,-1.0,RS41-SG,403.700,8.9,525,10,2.7,-1,-1
2025-08-07T11:29:39.000Z,U4244774,6767,44.23567,7.82609,26799.5,4.8,5.9,261.6,-47.1,-1.0,-1.0,RS41-SG,403.700,9.1,525,10,2.7,-1,-1
2025-08-07T11:29:40.000Z,U4244774,6768,44.23566,7.82601,26804.9,5.9,6.1,266.3,-47.0,-1.0,-1.0,RS41-SG,403.700,9.1,525,10,2.6,-1,-1
2025-08-07T11:29:41.000Z,U4244774,6769,44.23566,7.82593,26811.1,6.1,6.5,272.1,-47.0,-1.0,-1.0,RS41-SG,403.700,8.7,525,10,2.6,-1,-1
2025-08-07T11:29:42.000Z,U4244774,6770,44.23567,7.82585,26816.3,4.3,6.8,276.2,-47.0,-1.0,-1.0,RS41-SG,403.700,8.5,525,10,2.7,-1,-1
2025-08-07T11:29:43.000Z,U4244774,6771,44.23567,7.82576,26820.8,4.6,7.2,273.8,-47.0,-1.0,-1.0,RS41-SG,403.700,9.6,525,10,2.7,-1,-1
2025-08-07T11:29:44.000Z,U4244774,6772,44.23567,7.82567,26825.9,5.9,7.6,266.0,-47.0,-1.0,-1.0,RS41-SG,403.700,9.6,525,10,2.6,-1,-1
2025-08-07T11:29:45.000Z,U4244774,6773,44.23566,7.82557,26831.7,5.4,8.2,256.5,-47.0,-1.0,-1.0,RS41-SG,403.700,8.5,525,10,2.6,-1,-1
2025-08-07T11:29:47.000Z,U4244774,6775,44.23561,7.82538,26841.4,5.5,8.4,248.6,-47.0,-1.0,-1.0,RS41-SG,403.700,8.7,525,10,2.7,-1,-1
2025-08-07T11:29:48.000Z,U4244774,6776,44.23559,7.82528,26847.3,6.2,7.7,252.5,-47.0,-1.0,-1.0,RS41-SG,403.700,8.7,525,9,2.6,-1,-1
2025-08-07T11:29:49.000Z,U4244774,6777,44.23557,7.82519,26853.0,5.3,7.4,260.1,-47.0,-1.0,-1.0,RS41-SG,403.700,8.2,525,10,2.6,-1,-1
2025-08-07T11:29:51.000Z,U4244774,6779,44.23556,7.82500,26863.3,5.2,8.6,270.6,-47.0,-1.0,-1.0,RS41-SG,403.700,9.1,525,10,2.7,-1,-1
2025-08-07T11:29:52.000Z,U4244774,6780,44.23556,7.82488,26868.6,5.4,9.8,269.4,-46.9,-1.0,-1.0,RS41-SG,403.700,9.1,525,10,2.7,-1,-1
2025-08-07T11:29:54.000Z,U4244774,6782,44.23556,7.82461,26878.9,4.8,11.9,269.6,-46.9,-1.0,-1.0,RS41-SG,403.700,8.3,525,10,2.6,-1,-1
2025-08-07T11:29:56.000Z,U4244774,6784,44.23557,7.82430,26888.7,5.6,12.5,275.3,-46.9,-1.0,-1.0,RS41-SG,403.700,9.1,525,10,2.7,-1,-1
2025-08-07T11:29:57.000Z,U4244774,6785,44.23558,7.82415,26894.5,6.3,12.1,278.0,-47.0,-1.0,-1.0,RS41-SG,403.700,9.1,525,10,2.7,-1,-1
2025-08-07T11:29:59.000Z,U4244774,6787,44.23561,7.82387,26906.1,4.4,10.5,278.4,-46.9,-1.0,-1.0,RS41-SG,403.700,9.3,525,9,2.6,-1,-1
2025-08-07T11:30:00.000Z,U4244774,6788,44.23562,7.82375,26910.8,4.7,9.9,271.0,-47.0,-1.0,-1.0,RS41-SG,403.700,9.3,525,10,2.6,-1,-1
2025-08-07T11:30:01.000Z,U4244774,6789,44.23561,7.82362,26916.1,5.8,10.0,258.9,-46.9,-1.0,-1.0,RS41-SG,403.700,8.6,525,10,2.6,-1,-1
2025-08-07T11:30:02.000Z,U4244774,6790,44.23559,7.82350,26921.6,5.3,10.6,250.3,-47.0,-1.0,-1.0,RS41-SG,403.700,8.6,525,10,2.7,-1,-1
2025-08-07T11:30:03.000Z,U4244774,6791,44.23555,7.82337,26926.6,4.7,11.2,246.8,-46.9,-1.0,-1.0,RS41-SG,403.700,8.6,525,10,2.7,-1,-1
2025-08-07T11:30:05.000Z,U4244774,6793,44.23548,7.82311,26937.9,6.6,10.9,257.2,-47.1,-1.0,-1.0,RS41-SG,403.700,8.0,525,10,2.6,-1,-1
2025-08-07T11:30:06.000Z,U4244774,6794,44.23547,7.82298,26943.7,5.1,10.7,264.9,-47.0,-1.0,-1.0,RS41-SG,403.700,9.6,525,10,2.6,-1,-1
2025-08-07T11:30:07.000Z,U4244774,6795,44.23547,7.82284,26948.5,4.4,11.4,273.6,-47.1,-1.0,-1.0,RS41-SG,403.700,9.8,525,10,2.6,-1,-1
2025-08-07T11:30:08.000Z,U4244774,6796,44.23548,7.82270,26953.4,5.2,12.1,279.3,-47.1,-1.0,-1.0,RS41-SG,403.700,9.8,525,10,2.7,-1,-1
2025-08-07T11:30:09.000Z,U4244774,6797,44.23550,7.82254,26958.4,5.5,13.0,280.8,-47.1,-1.0,-1.0,RS41-SG,403.700,9.8,525,10,2.7,-1,-1
2025-08-07T11:30:11.000Z,U4244774,6799,44.23555,7.82222,26968.7,5.0,13.3,282.3,-47.1,0.6,-1.0,RS41-SG,403.700,9.6,525,10,2.6,-1,-1
2025-08-07T11:30:12.000Z,U4244774,6800,44.23558,7.82206,26974.3,5.8,12.9,284.8,-47.1,0.6,-1.0,RS41-SG,403.700,9.6,525,10,2.6,-1,-1
2025-08-07T11:30:13.000Z,U4244774,6801,44.23561,7.82191,26980.0,5.7,12.5,286.2,-47.1,0.6,-1.0,RS41-SG,403.700,8.7,525,10,2.7,-1,-1
2025-08-07T11:30:14.000Z,U4244774,6802,44.23563,7.82176,26985.1,4.9,12.0,284.8,-47.1,0.6,-1.0,RS41-SG,403.700,9.4,525,10,2.7,-1,-1
2025-08-07T11:30:16.000Z,U4244774,6804,44.23567,7.82147,26996.0,5.9,12.1,270.8,-47.0,0.6,-1.0,RS41-SG,403.700,9.6,525,10,2.6,-1,-1
2025-08-07T11:30:17.000Z,U4244774,6805,44.23566,7.82131,27001.3,4.8,12.9,264.2,-47.1,0.6,-1.0,RS41-SG,403.700,9.6,525,10,2.7,-1,-1
2025-08-07T11:30:18.000Z,U4244774,6806,44.23565,7.82115,27006.0,4.5,13.4,261.9,-47.0,0.6,-1.0,RS41-SG,403.700,9.7,525,10,2.7,-1,-1
2025-08-07T11:30:19.000Z,U4244774,6807,44.23563,7.82098,27011.1,6.0,13.4,263.0,-47.0,0.6,-1.0,RS41-SG,403.700,9.7,525,10,2.7,-1,-1
2025-08-07T11:30:20.000Z,U4244774,6808,44.23562,7.82082,27017.4,6.1,12.8,267.6,-47.1,0.6,-1.0,RS41-SG,403.700,9.7,525,10,2.6,-1,-1
2025-08-07T11:30:21.000Z,U4244774,6809,44.23562,7.82066,27022.9,4.6,12.3,272.6,-47.0,0.6,-1.0,RS41-SG,403.700,9.9,525,10,2.6,-1,-1
2025-08-07T11:30:22.000Z,U4244774,6810,44.23563,7.82051,27027.9,5.3,12.0,277.8,-47.0,0.6,-1.0,RS41-SG,403.700,9.9,525,10,2.6,-1,-1
2025-08-07T11:30:23.000Z,U4244774,6811,44.23565,7.82037,27033.7,6.2,11.9,280.1,-47.0,0.6,-1.0,RS41-SG,403.700,9.1,525,10,2.7,-1,-1
2025-08-07T11:30:24.000Z,U4244774,6812,44.23567,7.82022,27039.1,4.9,11.9,280.5,-47.0,0.6,-1.0,RS41-SG,403.700,9.3,525,10,2.7,-1,-1
2025-08-07T11:30:25.000Z,U4244774,6813,44.23569,7.82008,27043.9,4.8,11.4,281.9,-47.0,0.6,-1.0,RS41-SG,403.700,9.3,525,10,2.7,-1,-1
2025-08-07T11:30:26.000Z,U4244774,6814,44.23571,7.81994,27049.2,5.6,10.5,284.1,-47.0,0.6,-1.0,RS41-SG,403.700,10.0,525,10,2.6,-1,-1
2025-08-07T11:30:27.000Z,U4244774,6815,44.23573,7.81982,27055.0,6.0,9.8,289.2,-47.0,0.6,-1.0,RS41-SG,403.700,10.5,525,10,2.6,-1,-1
2025-08-07T11:30:28.000Z,U4244774,6816,44.23576,7.81971,27060.8,5.5,9.4,291.2,-47.0,0.6,-1.0,RS41-SG,403.700,10.5,525,10,2.6,-1,-1
2025-08-07T11:30:29.000Z,U4244774,6817,44.23579,7.81960,27066.1,5.2,9.5,288.3,-46.9,0.6,-1.0,RS41-SG,403.700,11.4,525,10,2.7,-1,-1
2025-08-07T11:30:30.000Z,U4244774,6818,44.23582,7.81948,27071.2,5.3,10.3,283.3,-46.9,0.6,-1.0,RS41-SG,403.700,11.4,525,10,2.7,-1,-1
2025-08-07T11:30:31.000Z,U4244774,6819,44.23583,7.81935,27076.6,5.8,11.6,277.2,-46.9,0.6,-1.0,RS41-SG,403.700,11.1,525,9,2.7,-1,-1
2025-08-07T11:30:32.000Z,U4244774,6820,44.23584,7.81920,27082.2,5.5,12.7,273.9,-46.9,0.6,-1.0,RS41-SG,403.700,11.1,525,10,2.6,-1,-1
2025-08-07T11:30:33.000Z,U4244774,6821,44.23585,7.81903,27087.3,4.3,13.3,271.9,-46.8,0.6,-1.0,RS41-SG,403.700,10.1,525,10,2.6,-1,-1
2025-08-07T11:30:34.000Z,U4244774,6822,44.23586,7.81887,27091.8,4.4,13.0,274.2,-46.8,0.6,-1.0,RS41-SG,403.700,9.3,525,10,2.6,-1,-1
2025-08-07T11:30:35.000Z,U4244774,6823,44.23587,7.81872,27096.8,5.7,11.9,281.0,-46.8,0.6,-1.0,RS41-SG,403.700,9.3,525,10,2.7,-1,-1
2025-08-07T11:30:36.000Z,U4244774,6824,44.23590,7.81858,27102.5,6.0,11.0,291.0,-46.8,0.6,-1.0,RS41-SG,403.700,9.8,525,10,2.7,-1,-1
2025-08-07T11:30:37.000Z,U4244774,6825,44.23594,7.81846,27107.9,4.8,10.8,300.3,-46.8,0.6,-1.0,RS41-SG,403.700,10.9,525,9,2.7,-1,-1
2025-08-07T11:30:38.000Z,U4244774,6826,44.23599,7.81834,27112.9,4.9,10.8,304.9,-46.8,0.6,-1.0,RS41-SG,403.700,10.9,525,10,2.6,-1,-1
2025-08-07T11:30:39.000Z,U4244774,6827,44.23605,7.81823,27118.6,6.2,10.9,303.1,-46.7,0.6,-1.0,RS41-SG,403.700,9.9,525,9,2.6,-1,-1
2025-08-07T11:30:40.001Z,U4244774,6828,44.23610,7.81811,27124.5,5.6,11.2,298.1,-46.8,0.6,-1.0,RS41-SG,403.700,10.0,525,9,2.7,-1,-1
2025-08-07T11:30:41.001Z,U4244774,6829,44.23614,7.81799,27129.8,4.9,11.4,291.8,-46.7,0.6,-1.0,RS41-SG,403.700,10.0,525,10,2.7,-1,-1
2025-08-07T11:30:42.001Z,U4244774,6830,44.23618,7.81785,27134.9,5.5,12.1,286.7,-46.7,0.6,-1.0,RS41-SG,403.700,11.2,525,10,2.6,-1,-1
2025-08-07T11:30:43.001Z,U4244774,6831,44.23621,7.81770,27140.6,5.9,12.7,283.9,-46.7,0.6,-1.0,RS41-SG,403.700,11.2,525,10,2.6,-1,-1
2025-08-07T11:30:44.001Z,U4244774,6832,44.23623,7.81754,27146.2,5.3,13.2,281.2,-46.6,0.6,-1.0,RS41-SG,403.700,10.8,525,10,2.7,-1,-1
2025-08-07T11:30:45.001Z,U4244774,6833,44.23625,7.81737,27151.6,5.6,13.9,276.5,-46.6,0.6,-1.0,RS41-SG,403.700,9.8,525,10,2.7,-1,-1
2025-08-07T11:30:46.001Z,U4244774,6834,44.23626,7.81719,27157.3,5.8,15.0,271.7,-46.6,0.6,-1.0,RS41-SG,403.700,9.8,525,10,2.7,-1,-1
2025-08-07T11:30:47.001Z,U4244774,6835,44.23626,7.81700,27162.4,4.1,15.5,268.6,-46.5,0.5,-1.0,RS41-SG,403.700,9.6,525,10,2.6,-1,-1
2025-08-07T11:30:48.001Z,U4244774,6836,44.23626,7.81681,27167.0,5.1,15.8,269.7,-46.5,0.6,-1.0,RS41-SG,403.700,10.2,525,10,2.6,-1,-1
2025-08-07T11:30:49.001Z,U4244774,6837,44.23626,7.81661,27172.6,6.1,15.2,273.9,-46.6,0.6,-1.0,RS41-SG,403.700,10.2,525,10,2.6,-1,-1
2025-08-07T11:30:50.001Z,U4244774,6838,44.23628,7.81643,27178.3,5.3,14.6,279.9,-46.5,0.6,-1.0,RS41-SG,403.700,9.9,525,10,2.7,-1,-1
2025-08-07T11:30:51.001Z,U4244774,6839,44.23630,7.81625,27183.1,4.4,14.3,285.1,-46.4,0.5,-1.0,RS41-SG,403.700,11.0,525,10,2.7,-1,-1
2025-08-07T11:30:52.001Z,U4244774,6840,44.23634,7.81608,27187.7,5.0,14.2,287.7,-46.4,0.6,-1.0,RS41-SG,403.700,11.0,525,10,2.7,-1,-1
2025-08-07T11:30:53.001Z,U4244774,6841,44.23638,7.81591,27193.2,5.9,14.5,287.0,-46.4,0.6,-1.0,RS41-SG,403.700,10.2,525,10,2.6,-1,-1
2025-08-07T11:30:54.001Z,U4244774,6842,44.23641,7.81574,27198.6,4.9,14.9,284.4,-46.3,0.5,-1.0,RS41-SG,403.700,10.5,525,10,2.6,-1,-1
2025-08-07T11:30:55.001Z,U4244774,6843,44.23645,7.81556,27203.8,5.1,14.9,282.2,-46.3,0.6,-1.0,RS41-SG,403.700,10.5,525,10,2.6,-1,-1
2025-08-07T11:30:56.001Z,U4244774,6844,44.23647,7.81538,27209.2,6.2,14.5,279.7,-46.2,0.5,-1.0,RS41-SG,403.700,10.4,525,10,2.7,-1,-1
2025-08-07T11:30:57.001Z,U4244774,6845,44.23649,7.81520,27214.8,5.2,14.0,279.7,-46.1,0.6,-1.0,RS41-SG,403.700,11.0,525,10,2.7,-1,-1
2025-08-07T11:30:58.001Z,U4244774,6846,44.23651,7.81503,27219.8,4.4,13.5,277.4,-46.1,0.6,-1.0,RS41-SG,403.700,11.2,525,10,2.7,-1,-1
2025-08-07T11:30:59.001Z,U4244774,6847,44.23652,7.81486,27224.8,5.5,13.3,272.3,-46.0,0.6,-1.0,RS41-SG,403.700,11.2,525,10,2.6,-1,-1
2025-08-07T11:31:00.001Z,U4244774,6848,44.23652,7.81470,27230.2,5.4,13.4,267.2,-46.0,0.5,-1.0,RS41-SG,403.700,10.7,525,10,2.6,-1,-1
2025-08-07T11:31:01.001Z,U4244774,6849,44.23651,7.81453,27235.2,4.6,13.4,263.4,-46.0,0.6,-1.0,RS41-SG,403.700,10.7,525,10,2.7,-1,-1
2025-08-07T11:31:02.001Z,U4244774,6850,44.23650,7.81437,27240.1,5.0,12.6,261.7,-45.9,0.5,-1.0,RS41-SG,403.700,10.9,525,10,2.7,-1,-1
2025-08-07T11:31:03.001Z,U4244774,6851,44.23648,7.81422,27245.2,5.5,11.3,264.4,-45.9,0.6,-1.0,RS41-SG,403.700,10.9,525,10,2.6,-1,-1
2025-08-07T11:31:04.001Z,U4244774,6852,44.23648,7.81409,27250.9,5.9,9.9,271.5,-45.9,0.6,-1.0,RS41-SG,403.700,10.4,525,10,2.6,-1,-1
2025-08-07T11:31:05.001Z,U4244774,6853,44.23649,7.81397,27256.0,4.8,9.3,279.3,-45.8,0.6,-1.0,RS41-SG,403.700,10.0,525,10,2.7,-1,-1
2025-08-07T11:31:06.001Z,U4244774,6854,44.23650,7.81386,27260.8,4.6,9.6,284.8,-45.8,0.6,-1.0,RS41-SG,403.700,11.0,525,10,2.7,-1,-1
2025-08-07T11:31:07.001Z,U4244774,6855,44.23653,7.81374,27266.2,6.0,10.8,287.2,-45.8,0.6,-1.0,RS41-SG,403.700,11.0,525,10,2.7,-1,-1
2025-08-07T11:31:08.001Z,U4244774,6856,44.23656,7.81360,27272.0,5.6,12.3,286.3,-45.8,0.5,-1.0,RS41-SG,403.700,10.9,525,10,2.6,-1,-1
2025-08-07T11:31:09.001Z,U4244774,6857,44.23659,7.81344,27276.9,4.4,13.4,283.8,-45.8,0.6,-1.0,RS41-SG,403.700,11.0,525,10,2.6,-1,-1
2025-08-07T11:31:10.001Z,U4244774,6858,44.23662,7.81328,27281.7,5.1,14.0,282.6,-45.8,0.6,-1.0,RS41-SG,403.700,11.0,525,10,2.6,-1,-1
2025-08-07T11:31:11.001Z,U4244774,6859,44.23664,7.81311,27287.4,5.8,13.7,281.7,-45.8,0.5,-1.0,RS41-SG,403.700,9.3,525,10,2.7,-1,-1
2025-08-07T11:31:12.001Z,U4244774,6860,44.23667,7.81295,27293.1,6.0,12.7,280.7,-45.8,0.5,-1.0,RS41-SG,403.700,9.7,525,10,2.7,-1,-1
2025-08-07T11:31:13.001Z,U4244774,6861,44.23669,7.81280,27298.2,4.5,11.7,278.8,-45.9,0.5,-1.0,RS41-SG,403.700,9.7,525,10,2.7,-1,-1
2025-08-07T11:31:14.001Z,U4244774,6862,44.23670,7.81266,27302.5,4.3,10.9,274.5,-45.9,0.6,-1.0,RS41-SG,403.700,9.4,525,10,2.6,-1,-1
2025-08-07T11:31:15.001Z,U4244774,6863,44.23670,7.81253,27307.5,5.2,10.3,266.7,-45.9,0.6,-1.0,RS41-SG,403.700,10.0,525,10,2.6,-1,-1
2025-08-07T11:31:16.001Z,U4244774,6864,44.23669,7.81240,27313.0,5.7,10.1,259.0,-46.0,0.6,-1.0,RS41-SG,403.700,10.1,525,10,2.6,-1,-1
2025-08-07T11:31:17.001Z,U4244774,6865,44.23667,7.81228,27318.1,4.7,10.2,256.2,-46.0,0.6,-1.0,RS41-SG,403.700,10.1,525,10,2.7,-1,-1
2025-08-07T11:31:18.001Z,U4244774,6866,44.23665,7.81216,27322.8,4.8,9.7,259.2,-46.0,0.5,-1.0,RS41-SG,403.700,9.9,525,10,2.7,-1,-1
2025-08-07T11:31:19.001Z,U4244774,6867,44.23664,7.81204,27328.3,5.8,8.9,265.9,-46.1,0.6,-1.0,RS41-SG,403.700,9.9,525,10,2.7,-1,-1
2025-08-07T11:31:20.001Z,U4244774,6868,44.23664,7.81193,27334.2,5.7,8.3,278.6,-46.1,0.6,-1.0,RS41-SG,403.700,10.1,525,9,2.6,-1,-1
2025-08-07T11:31:21.001Z,U4244774,6869,44.23666,7.81183,27339.2,4.3,8.2,288.5,-46.2,0.6,-1.0,RS41-SG,403.700,10.1,525,10,2.6,-1,-1
2025-08-07T11:31:22.001Z,U4244774,6870,44.23669,7.81174,27343.7,4.8,8.8,293.5,-46.2,0.6,-1.0,RS41-SG,403.700,11.7,525,10,2.7,-1,-1
2025-08-07T11:31:23.001Z,U4244774,6871,44.23672,7.81163,27348.9,5.6,9.5,291.7,-46.2,0.5,-1.0,RS41-SG,403.700,11.7,525,10,2.7,-1,-1
2025-08-07T11:31:24.001Z,U4244774,6872,44.23675,7.81151,27354.4,5.3,10.1,286.2,-46.3,0.6,-1.0,RS41-SG,403.700,11.7,525,10,2.6,-1,-1
2025-08-07T11:31:25.001Z,U4244774,6873,44.23677,7.81139,27359.3,4.5,10.2,281.2,-46.2,0.6,-1.0,RS41-SG,403.700,12.0,525,10,2.6,-1,-1
2025-08-07T11:31:26.001Z,U4244774,6874,44.23678,7.81127,27364.1,4.9,9.7,278.0,-46.3,0.6,-1.0,RS41-SG,403.700,12.0,525,10,2.7,-1,-1
2025-08-07T11:31:27.001Z,U4244774,6875,44.23679,7.81116,27369.5,5.9,8.6,276.8,-46.3,0.6,-1.0,RS41-SG,403.700,10.6,525,10,2.7,-1,-1
2025-08-07T11:31:28.001Z,U4244774,6876,44.23680,7.81106,27375.1,5.3,7.8,277.2,-46.3,0.6,-1.0,RS41-SG,403.700,10.5,525,10,2.7,-1,-1
2025-08-07T11:31:29.001Z,U4244774,6877,44.23681,7.81096,27380.3,4.8,7.5,278.3,-46.4,0.6,-1.0,RS41-SG,403.700,10.2,525,10,2.6,-1,-1
2025-08-07T11:31:30.001Z,U4244774,6878,44.23682,7.81087,27385.3,5.2,7.5,276.7,-46.3,0.6,-1.0,RS41-SG,403.700,9.9,525,10,2.6,-1,-1
2025-08-07T11:31:31.001Z,U4244774,6879,44.23683,7.81077,27391.0,6.3,8.5,275.3,-46.4,0.6,-1.0,RS41-SG,403.700,9.3,525,10,2.6,-1,-1
2025-08-07T11:31:32.001Z,U4244774,6880,44.23683,7.81066,27396.7,5.0,9.2,273.7,-46.3,0.6,-1.0,RS41-SG,403.700,9.7,525,10,2.7,-1,-1
2025-08-07T11:31:33.001Z,U4244774,6881,44.23684,7.81054,27401.7,4.8,10.1,275.1,-46.3,0.6,-1.0,RS41-SG,403.700,10.0,525,10,2.7,-1,-1
2025-08-07T11:31:34.001Z,U4244774,6882,44.23685,7.81041,27407.1,5.9,10.4,278.9,-46.3,0.6,-1.0,RS41-SG,403.700,10.0,525,10,2.7,-1,-1
2025-08-07T11:31:35.001Z,U4244774,6883,44.23687,7.81029,27412.7,5.7,10.1,283.9,-46.3,0.6,-1.0,RS41-SG,403.700,11.2,525,10,2.6,-1,-1
2025-08-07T11:31:36.001Z,U4244774,6884,44.23689,7.81017,27417.8,4.2,9.7,287.0,-46.3,0.6,-1.0,RS41-SG,403.700,11.2,525,10,2.6,-1,-1
2025-08-07T11:31:37.001Z,U4244774,6885,44.23692,7.81006,27422.7,5.4,9.3,284.8,-46.3,0.6,-1.0,RS41-SG,403.700,10.6,525,10,2.6,-1,-1
2025-08-07T11:31:38.001Z,U4244774,6886,44.23693,7.80994,27428.1,5.6,9.4,278.3,-46.3,0.6,-1.0,RS41-SG,403.700,11.3,525,10,2.7,-1,-1
2025-08-07T11:31:39.001Z,U4244774,6887,44.23694,7.80982,27433.6,5.7,9.8,269.5,-46.3,0.6,-1.0,RS41-SG,403.700,11.3,525,10,2.7,-1,-1
2025-08-07T11:31:40.001Z,U4244774,6888,44.23693,7.80970,27438.9,5.0,9.9,262.2,-46.3,0.6,-1.0,RS41-SG,403.700,10.2,525,10,2.7,-1,-1
2025-08-07T11:31:41.001Z,U4244774,6889,44.23692,7.80958,27444.0,4.7,9.4,256.2,-46.2,0.6,-1.0,RS41-SG,403.700,9.6,525,10,2.6,-1,-1
2025-08-07T11:31:42.001Z,U4244774,6890,44.23690,7.80947,27449.4,5.4,8.7,254.1,-46.2,0.6,-1.0,RS41-SG,403.700,10.5,525,9,2.6,-1,-1
2025-08-07T11:31:43.001Z,U4244774,6891,44.23688,7.80937,27455.1,6.2,7.8,257.7,-46.2,0.6,-1.0,RS41-SG,403.700,10.5,525,10,2.7,-1,-1
2025-08-07T11:31:44.001Z,U4244774,6892,44.23687,7.80928,27460.9,5.7,7.5,263.1,-46.2,0.6,-1.0,RS41-SG,403.700,10.3,525,10,2.7,-1,-1
2025-08-07T11:31:45.001Z,U4244774,6893,44.23686,7.80918,27466.2,4.8,8.0,271.8,-46.2,0.6,-1.0,RS41-SG,403.700,10.3,525,10,2.6,-1,-1
2025-08-07T11:31:46.001Z,U4244774,6894,44.23687,7.80908,27471.2,4.9,9.0,276.5,-46.2,0.6,-1.0,RS41-SG,403.700,10.0,525,10,2.6,-1,-1
2025-08-07T11:31:47.001Z,U4244774,6895,44.23688,7.80896,27476.4,5.7,10.5,277.2,-46.1,0.6,-1.0,RS41-SG,403.700,10.6,525,10,2.7,-1,-1
2025-08-07T11:31:48.001Z,U4244774,6896,44.23689,7.80882,27482.0,5.5,11.7,274.4,-46.2,0.6,-1.0,RS41-SG,403.700,10.6,525,10,2.7,-1,-1
2025-08-07T11:31:49.001Z,U4244774,6897,44.23690,7.80867,27487.0,4.4,12.3,270.9,-46.1,0.6,-1.0,RS41-SG,403.700,9.3,525,9,2.7,-1,-1
2025-08-07T11:31:50.001Z,U4244774,6898,44.23690,7.80852,27491.5,4.3,12.0,269.4,-46.2,0.6,-1.0,RS41-SG,403.700,9.3,525,10,2.6,-1,-1
2025-08-07T11:31:51.001Z,U4244774,6899,44.23690,7.80838,27496.4,5.6,10.8,270.0,-46.2,0.6,-1.0,RS41-SG,403.700,9.8,525,10,2.6,-1,-1
2025-08-07T11:31:52.001Z,U4244774,6900,44.23690,7.80825,27502.2,5.9,9.3,272.1,-46.2,0.6,-1.0,RS41-SG,403.700,9.8,525,10,2.6,-1,-1
2025-08-07T11:31:53.001Z,U4244774,6901,44.23690,7.80814,27507.5,4.9,7.9,273.5,-46.1,0.6,-1.0,RS41-SG,403.700,10.0,525,10,2.7,-1,-1
2025-08-07T11:31:54.001Z,U4244774,6902,44.23690,7.80805,27512.3,4.9,7.2,273.0,-46.1,0.6,-1.0,RS41-SG,403.700,10.0,525,10,2.7,-1,-1
2025-08-07T11:31:55.001Z,U4244774,6903,44.23690,7.80796,27517.8,5.8,7.1,266.6,-46.1,0.6,-1.0,RS41-SG,403.700,10.7,525,10,2.7,-1,-1
2025-08-07T11:31:56.001Z,U4244774,6904,44.23690,7.80787,27523.7,6.3,8.0,263.9,-46.1,0.6,-1.0,RS41-SG,403.700,10.7,525,10,2.6,-1,-1
2025-08-07T11:31:57.001Z,U4244774,6905,44.23689,7.80776,27529.1,4.4,9.0,263.6,-46.1,0.6,-1.0,RS41-SG,403.700,9.3,525,10,2.6,-1,-1
2025-08-07T11:31:58.001Z,U4244774,6906,44.23688,7.80765,27533.9,4.7,9.8,266.7,-46.0,0.6,-1.0,RS41-SG,403.700,9.1,525,10,2.6,-1,-1
2025-08-07T11:31:59.001Z,U4244774,6907,44.23688,7.80752,27538.7,5.3,10.3,272.0,-46.0,0.6,-1.0,RS41-SG,403.700,9.3,525,10,2.7,-1,-1
2025-08-07T11:32:00.001Z,U4244774,6908,44.23689,7.80739,27544.2,6.0,10.5,277.9,-46.0,0.5,-1.0,RS41-SG,403.700,9.3,525,10,2.7,-1,-1
2025-08-07T11:32:01.001Z,U4244774,6909,44.23691,7.80726,27549.9,5.4,10.5,283.3,-46.0,0.6,-1.0,RS41-SG,403.700,9.4,525,10,2.7,-1,-1
2025-08-07T11:32:02.001Z,U4244774,6910,44.23693,7.80714,27554.5,4.1,10.5,283.3,-45.9,0.6,-1.0,RS41-SG,403.700,9.9,525,10,2.6,-1,-1
2025-08-07T11:32:03.001Z,U4244774,6911,44.23695,7.80701,27559.3,5.2,10.6,279.9,-45.9,0.5,-1.0,RS41-SG,403.700,10.2,525,10,2.6,-1,-1
2025-08-07T11:32:04.001Z,U4244774,6912,44.23696,7.80688,27565.2,6.5,10.8,270.8,-45.9,0.6,-1.0,RS41-SG,403.700,10.2,525,10,2.7,-1,-1
2025-08-07T11:32:05.001Z,U4244774,6913,44.23695,7.80674,27571.2,5.2,10.8,264.8,-45.9,0.6,-1.0,RS41-SG,403.700,9.8,525,10,2.7,-1,-1
2025-08-07T11:32:06.001Z,U4244774,6914,44.23694,7.80661,27576.4,5.2,10.7,258.1,-45.8,0.6,-1.0,RS41-SG,403.700,9.1,525,10,2.6,-1,-1
2025-08-07T11:32:08.001Z,U4244774,6916,44.23690,7.80637,27587.8,5.8,9.0,257.2,-45.8,0.6,-1.0,RS41-SG,403.700,9.1,525,10,2.7,-1,-1
2025-08-07T11:32:09.001Z,U4244774,6917,44.23688,7.80626,27592.9,4.7,8.5,261.3,-45.7,0.6,-1.0,RS41-SG,403.700,10.1,525,10,2.7,-1,-1
2025-08-07T11:32:10.001Z,U4244774,6918,44.23687,7.80616,27597.7,5.0,8.6,265.1,-45.7,0.5,-1.0,RS41-SG,403.700,10.1,525,10,2.7,-1,-1
2025-08-07T11:32:11.001Z,U4244774,6919,44.23687,7.80604,27603.1,5.7,9.4,267.5,-45.7,0.6,-1.0,RS41-SG,403.700,9.2,525,10,2.6,-1,-1
2025-08-07T11:32:12.001Z,U4244774,6920,44.23686,7.80592,27609.0,5.8,10.6,267.4,-45.7,0.6,-1.0,RS41-SG,403.700,8.8,525,10,2.6,-1,-1
2025-08-07T11:32:13.001Z,U4244774,6921,44.23686,7.80578,27614.4,5.3,11.7,269.8,-45.7,0.6,-1.0,RS41-SG,403.700,9.2,525,10,2.6,-1,-1
2025-08-07T11:32:14.001Z,U4244774,6922,44.23686,7.80563,27619.6,4.9,12.5,273.4,-45.6,0.6,-1.0,RS41-SG,403.700,9.9,525,10,2.7,-1,-1
2025-08-07T11:32:15.001Z,U4244774,6923,44.23688,7.80547,27624.7,5.4,13.0,278.5,-45.7,0.5,-1.0,RS41-SG,403.700,9.9,525,10,2.7,-1,-1
2025-08-07T11:32:16.001Z,U4244774,6924,44.23690,7.80531,27630.4,6.3,13.1,284.0,-45.6,0.5,-1.0,RS41-SG,403.700,10.7,525,10,2.7,-1,-1
2025-08-07T11:32:17.001Z,U4244774,6925,44.23693,7.80516,27635.9,4.8,12.9,286.1,-45.7,0.5,-1.0,RS41-SG,403.700,10.7,525,9,2.6,-1,-1
2025-08-07T11:32:18.001Z,U4244774,6926,44.23696,7.80500,27641.0,4.7,12.2,285.0,-45.6,0.6,-1.0,RS41-SG,403.700,10.0,525,10,2.6,-1,-1
2025-08-07T11:32:19.001Z,U4244774,6927,44.23698,7.80486,27646.1,5.4,11.7,278.6,-45.6,0.6,-1.0,RS41-SG,403.700,10.0,525,10,2.6,-1,-1
2025-08-07T11:32:20.001Z,U4244774,6928,44.23699,7.80472,27651.7,6.2,11.4,267.7,-45.6,0.6,-1.0,RS41-SG,403.700,9.5,525,10,2.7,-1,-1
2025-08-07T11:32:21.001Z,U4244774,6929,44.23698,7.80457,27657.2,4.9,11.8,260.0,-45.6,0.5,-1.0,RS41-SG,403.700,9.4,525,10,2.7,-1,-1
2025-08-07T11:32:22.001Z,U4244774,6930,44.23695,7.80443,27661.9,4.3,11.9,254.4,-45.5,0.5,-1.0,RS41-SG,403.700,9.4,525,10,2.7,-1,-1
2025-08-07T11:32:23.001Z,U4244774,6931,44.23692,7.80428,27666.5,5.4,11.8,254.9,-45.5,0.5,-1.0,RS41-SG,403.700,8.6,525,10,2.6,-1,-1
2025-08-07T11:32:24.001Z,U4244774,6932,44.23690,7.80415,27672.6,6.3,11.2,260.1,-45.5,0.5,-1.0,RS41-SG,403.700,8.3,525,10,2.6,-1,-1
2025-08-07T11:32:25.001Z,U4244774,6933,44.23689,7.80401,27678.5,5.6,11.3,267.9,-45.4,0.5,-1.0,RS41-SG,403.700,8.6,525,10,2.7,-1,-1
2025-08-07T11:32:26.001Z,U4244774,6934,44.23689,7.80386,27683.8,4.9,11.8,275.6,-45.4,0.5,-1.0,RS41-SG,403.700,8.9,525,10,2.7,-1,-1
2025-08-07T11:32:27.001Z,U4244774,6935,44.23691,7.80371,27689.0,5.0,12.7,279.5,-45.4,0.5,-1.0,RS41-SG,403.700,9.6,525,9,2.6,-1,-1
2025-08-07T11:32:28.001Z,U4244774,6936,44.23693,7.80355,27694.5,5.6,13.6,280.1,-45.4,0.5,-1.0,RS41-SG,403.700,9.6,525,10,2.6,-1,-1
2025-08-07T11:32:29.001Z,U4244774,6937,44.23695,7.80338,27700.3,6.0,14.4,277.2,-45.4,0.5,-1.0,RS41-SG,403.700,9.6,525,10,2.7,-1,-1
2025-08-07T11:32:30.001Z,U4244774,6938,44.23696,7.80320,27705.6,5.2,14.7,276.6,-45.4,0.5,-1.0,RS41-SG,403.700,9.6,525,10,2.7,-1,-1
2025-08-07T11:32:31.001Z,U4244774,6939,44.23698,7.80301,27710.4,4.4,14.9,275.9,-45.4,0.5,-1.0,RS41-SG,403.700,9.1,525,10,2.7,-1,-1
2025-08-07T11:32:32.001Z,U4244774,6940,44.23699,7.80283,27715.3,5.3,15.0,276.4,-45.4,0.5,-1.0,RS41-SG,403.700,8.2,525,9,2.6,-1,-1
2025-08-07T11:32:33.001Z,U4244774,6941,44.23701,7.80265,27721.3,6.6,14.6,276.6,-45.4,0.6,-1.0,RS41-SG,403.700,7.4,525,10,2.6,-1,-1
2025-08-07T11:32:36.001Z,U4244774,6944,44.23704,7.80214,27737.8,5.9,12.1,267.3,-45.4,0.5,-1.0,RS41-SG,403.700,9.8,525,10,2.7,-1,-1
2025-08-07T11:32:37.001Z,U4244774,6945,44.23702,7.80200,27743.7,5.9,11.4,257.5,-45.5,0.5,-1.0,RS41-SG,403.700,9.8,525,10,2.7,-1,-1
2025-08-07T11:32:38.001Z,U4244774,6946,44.23699,7.80186,27749.0,4.6,11.4,251.9,-45.5,0.6,-1.0,RS41-SG,403.700,10.5,525,10,2.6,-1,-1
2025-08-07T11:32:39.001Z,U4244774,6947,44.23696,7.80172,27754.1,5.4,11.8,251.0,-45.5,0.5,-1.0,RS41-SG,403.700,10.5,525,10,2.6,-1,-1
2025-08-07T11:32:40.001Z,U4244774,6948,44.23693,7.80158,27760.1,6.4,12.4,256.4,-45.6,0.6,-1.0,RS41-SG,403.700,10.0,525,10,2.6,-1,-1
2025-08-07T11:32:41.001Z,U4244774,6949,44.23691,7.80142,27766.1,6.0,13.2,264.0,-45.6,0.6,-1.0,RS41-SG,403.700,9.1,525,10,2.7,-1,-1
2025-08-07T11:32:42.001Z,U4244774,6950,44.23691,7.80125,27771.5,4.8,14.2,269.4,-45.6,0.6,-1.0,RS41-SG,403.700,10.1,525,10,2.7,-1,-1
2025-08-07T11:32:43.001Z,U4244774,6951,44.23691,7.80107,27776.6,5.2,15.3,273.3,-45.6,0.5,-1.0,RS41-SG,403.700,10.1,525,10,2.7,-1,-1
2025-08-07T11:32:44.001Z,U4244774,6952,44.23692,7.80087,27782.3,6.1,16.0,273.1,-45.7,0.5,-1.0,RS41-SG,403.700,10.3,525,10,2.6,-1,-1
2025-08-07T11:32:45.001Z,U4244774,6953,44.23692,7.80067,27788.0,5.0,16.1,273.3,-45.7,0.5,-1.0,RS41-SG,403.700,10.4,525,10,2.6,-1,-1
2025-08-07T11:32:46.001Z,U4244774,6954,44.23693,7.80047,27793.4,5.7,16.1,274.2,-45.7,0.6,-1.0,RS41-SG,403.700,10.4,525,10,2.7,-1,-1
2025-08-07T11:32:47.001Z,U4244774,6955,44.23695,7.80027,27799.4,6.1,15.8,276.3,-45.8,0.5,-1.0,RS41-SG,403.700,9.9,525,10,2.7,-1,-1
2025-08-07T11:32:48.001Z,U4244774,6956,44.23696,7.80008,27805.2,5.4,15.4,278.7,-45.7,0.5,-1.0,RS41-SG,403.700,9.6,525,10,2.7,-1,-1
2025-08-07T11:32:49.001Z,U4244774,6957,44.23699,7.79990,27810.3,4.9,14.4,279.9,-45.7,0.6,-1.0,RS41-SG,403.700,9.6,525,10,2.6,-1,-1
2025-08-07T11:32:50.001Z,U4244774,6958,44.23701,7.79973,27815.5,5.5,12.9,278.2,-45.8,0.6,-1.0,RS41-SG,403.700,10.2,525,10,2.6,-1,-1
2025-08-07T11:32:51.001Z,U4244774,6959,44.23702,7.79958,27821.3,6.0,11.4,273.2,-45.7,0.6,-1.0,RS41-SG,403.700,10.3,525,10,2.6,-1,-1
2025-08-07T11:32:52.001Z,U4244774,6960,44.23702,7.79944,27826.7,4.9,10.5,268.1,-45.8,0.6,-1.0,RS41-SG,403.700,10.5,525,10,2.7,-1,-1
2025-08-07T11:32:53.001Z,U4244774,6961,44.23701,7.79931,27832.0,5.6,10.8,264.8,-45.7,0.5,-1.0,RS41-SG,403.700,10.8,525,10,2.7,-1,-1
2025-08-07T11:32:54.001Z,U4244774,6962,44.23701,7.79917,27838.0,6.6,11.8,267.4,-45.8,0.6,-1.0,RS41-SG,403.700,10.8,525,10,2.7,-1,-1
2025-08-07T11:32:55.001Z,U4244774,6963,44.23700,7.79901,27844.4,6.3,13.4,271.0,-45.7,0.6,-1.0,RS41-SG,403.700,10.7,525,10,2.6,-1,-1
2025-08-07T11:32:56.001Z,U4244774,6964,44.23701,7.79884,27850.0,4.4,14.9,273.8,-45.8,0.6,-1.0,RS41-SG,403.700,11.5,525,10,2.6,-1,-1
2025-08-07T11:32:57.001Z,U4244774,6965,44.23702,7.79865,27854.8,5.2,16.2,275.8,-45.7,0.5,-1.0,RS41-SG,403.700,11.5,525,10,2.6,-1,-1
2025-08-07T11:32:58.001Z,U4244774,6966,44.23704,7.79844,27860.5,6.6,16.8,276.5,-45.8,0.6,-1.0,RS41-SG,403.700,10.2,525,10,2.7,-1,-1
2025-08-07T11:32:59.001Z,U4244774,6967,44.23705,7.79823,27866.3,5.1,16.7,276.5,-45.8,0.6,-1.0,RS41-SG,403.700,9.9,525,10,2.7,-1,-1
2025-08-07T11:33:00.001Z,U4244774,6968,44.23707,7.79803,27871.5,5.5,16.3,276.7,-45.8,0.6,-1.0,RS41-SG,403.700,10.0,525,10,2.7,-1,-1
2025-08-07T11:33:01.001Z,U4244774,6969,44.23709,7.79783,27877.5,6.3,16.1,279.0,-45.9,0.6,-1.0,RS41-SG,403.700,10.0,525,9,2.6,-1,-1
2025-08-07T11:33:02.001Z,U4244774,6970,44.23712,7.79763,27883.6,5.5,15.9,280.8,-45.9,0.6,-1.0,RS41-SG,403.700,11.5,525,9,2.6,-1,-1
2025-08-07T11:33:03.001Z,U4244774,6971,44.23714,7.79744,27889.0,5.2,15.2,282.3,-45.9,0.6,-1.0,RS41-SG,403.700,11.5,525,9,2.7,-1,-1
2025-08-07T11:33:04.001Z,U4244774,6972,44.23717,7.79727,27894.7,6.3,13.6,281.0,-45.9,0.6,-1.0,RS41-SG,403.700,11.3,525,9,2.7,-1,-1
2025-08-07T11:33:05.001Z,U4244774,6973,44.23719,7.79711,27901.0,6.1,11.8,277.9,-45.9,0.6,-1.0,RS41-SG,403.700,11.3,525,9,2.6,-1,-1
2025-08-07T11:33:06.001Z,U4244774,6974,44.23720,7.79697,27906.5,4.5,10.5,275.6,-46.0,0.6,-1.0,RS41-SG,403.700,11.1,525,9,2.6,-1,-1
2025-08-07T11:33:07.001Z,U4244774,6975,44.23721,7.79685,27911.3,5.2,10.1,274.4,-45.9,0.6,-1.0,RS41-SG,403.700,11.1,525,9,2.7,-1,-1
2025-08-07T11:33:08.001Z,U4244774,6976,44.23722,7.79672,27917.0,6.2,10.5,277.5,-46.0,0.6,-1.0,RS41-SG,403.700,10.6,525,9,2.7,-1,-1
2025-08-07T11:33:09.001Z,U4244774,6977,44.23723,7.79658,27923.3,6.4,11.7,280.4,-45.9,0.5,-1.0,RS41-SG,403.700,10.6,525,9,2.7,-1,-1
2025-08-07T11:33:10.001Z,U4244774,6978,44.23726,7.79643,27929.1,4.9,12.9,283.2,-46.0,0.6,-1.0,RS41-SG,403.700,9.4,525,9,2.6,-1,-1
2025-08-07T11:33:11.001Z,U4244774,6979,44.23728,7.79627,27934.2,5.1,14.0,283.6,-45.9,0.6,-1.0,RS41-SG,403.700,10.2,525,9,2.6,-1,-1
2025-08-07T11:33:12.001Z,U4244774,6980,44.23731,7.79609,27939.7,6.3,14.8,280.9,-45.9,0.6,-1.0,RS41-SG,403.700,10.2,525,9,2.6,-1,-1
2025-08-07T11:33:13.001Z,U4244774,6981,44.23733,7.79591,27945.9,6.1,15.0,276.8,-46.0,0.5,-1.0,RS41-SG,403.700,10.0,525,9,2.7,-1,-1
2025-08-07T11:33:14.001Z,U4244774,6982,44.23734,7.79572,27951.4,4.9,15.2,274.5,-45.9,0.6,-1.0,RS41-SG,403.700,11.0,525,9,2.7,-1,-1
2025-08-07T11:33:15.001Z,U4244774,6983,44.23735,7.79553,27956.5,5.7,15.1,274.4,-46.0,0.6,-1.0,RS41-SG,403.700,11.0,525,9,2.7,-1,-1
2025-08-07T11:33:16.001Z,U4244774,6984,44.23737,7.79535,27962.7,6.5,15.0,274.9,-46.0,0.6,-1.0,RS41-SG,403.700,10.0,525,9,2.6,-1,-1
2025-08-07T11:33:17.001Z,U4244774,6985,44.23738,7.79516,27968.6,5.0,14.7,276.2,-46.0,0.6,-1.0,RS41-SG,403.700,9.7,525,9,2.6,-1,-1
2025-08-07T11:33:18.001Z,U4244774,6986,44.23739,7.79498,27973.9,5.4,14.3,275.5,-45.9,0.6,-1.0,RS41-SG,403.700,9.4,525,9,2.6,-1,-1
2025-08-07T11:33:19.001Z,U4244774,6987,44.23740,7.79481,27980.0,6.8,13.5,272.1,-45.9,0.6,-1.0,RS41-SG,403.700,9.4,525,9,2.7,-1,-1
2025-08-07T11:33:20.001Z,U4244774,6988,44.23740,7.79465,27986.0,5.8,12.7,267.1,-45.9,0.5,-1.0,RS41-SG,403.700,9.4,525,9,2.7,-1,-1
2025-08-07T11:33:21.001Z,U4244774,6989,44.23739,7.79449,27991.4,5.2,12.3,264.4,-45.8,0.5,-1.0,RS41-SG,403.700,10.1,525,9,2.7,-1,-1
2025-08-07T11:33:22.001Z,U4244774,6990,44.23738,7.79434,27997.0,6.1,12.4,265.4,-45.8,0.6,-1.0,RS41-SG,403.700,10.2,525,9,2.6,-1,-1
2025-08-07T11:33:23.001Z,U4244774,6991,44.23738,7.79418,28003.2,6.5,13.1,269.4,-45.7,0.6,-1.0,RS41-SG,403.700,10.2,525,9,2.6,-1,-1
2025-08-07T11:33:24.001Z,U4244774,6992,44.23738,7.79401,28008.9,4.8,14.0,273.0,-45.7,0.6,-1.0,RS41-SG,403.700,10.0,525,9,2.7,-1,-1
2025-08-07T11:33:25.001Z,U4244774,6993,44.23739,7.79383,28013.8,5.0,14.7,274.6,-45.6,0.5,-1.0,RS41-SG,403.700,9.9,525,9,2.7,-1,-1
2025-08-07T11:33:26.001Z,U4244774,6994,44.23740,7.79364,28019.4,6.0,15.3,274.3,-45.6,0.5,-1.0,RS41-SG,403.700,11.2,525,9,2.7,-1,-1
2025-08-07T11:33:27.001Z,U4244774,6995,44.23741,7.79345,28025.3,5.6,15.4,272.5,-45.6,0.5,-1.0,RS41-SG,403.700,11.2,525,9,2.6,-1,-1
2025-08-07T11:33:28.001Z,U4244774,6996,44.23741,7.79326,28031.0,5.6,15.9,271.5,-45.6,0.5,-1.0,RS41-SG,403.700,9.9,525,9,2.6,-1,-1
2025-08-07T11:33:29.001Z,U4244774,6997,44.23742,7.79306,28036.7,5.8,16.5,272.7,-45.6,0.6,-1.0,RS41-SG,403.700,9.7,525,9,2.6,-1,-1
2025-08-07T11:33:30.001Z,U4244774,6998,44.23743,7.79285,28042.3,5.3,17.2,274.8,-45.6,0.6,-1.0,RS41-SG,403.700,9.0,525,9,2.7,-1,-1
2025-08-07T11:33:31.001Z,U4244774,6999,44.23744,7.79263,28048.1,6.3,17.8,277.9,-45.6,0.5,-1.0,RS41-SG,403.700,9.1,525,9,2.7,-1,-1
2025-08-07T11:33:32.001Z,U4244774,7000,44.23747,7.79241,28054.0,5.8,17.7,279.5,-45.6,0.5,-1.0,RS41-SG,403.700,9.7,525,9,2.7,-1,-1
2025-08-07T11:33:33.001Z,U4244774,7001,44.23749,7.79220,28059.5,5.0,17.3,279.8,-45.5,0.5,-1.0,RS41-SG,403.700,9.7,525,9,2.6,-1,-1
2025-08-07T11:33:34.001Z,U4244774,7002,44.23752,7.79199,28064.8,4.9,16.3,277.7,-45.5,0.5,-1.0,RS41-SG,403.700,10.6,525,9,2.6,-1,-1
2025-08-07T11:33:35.001Z,U4244774,7003,44.23753,7.79179,28070.6,6.3,14.9,273.8,-45.4,0.5,-1.0,RS41-SG,403.700,10.6,525,9,2.6,-1,-1
2025-08-07T11:33:36.001Z,U4244774,7004,44.23753,7.79161,28076.4,6.0,14.0,268.9,-45.3,0.5,-1.0,RS41-SG,403.700,10.8,525,9,2.7,-1,-1
2025-08-07T11:33:37.001Z,U4244774,7005,44.23753,7.79144,28081.9,5.5,13.6,265.5,-45.3,0.5,-1.0,RS41-SG,403.700,10.8,525,9,2.7,-1,-1
2025-08-07T11:33:38.001Z,U4244774,7006,44.23752,7.79127,28087.7,6.1,14.1,265.5,-45.3,0.5,-1.0,RS41-SG,403.700,11.0,525,9,2.7,-1,-1
2025-08-07T11:33:39.001Z,U4244774,7007,44.23751,7.79109,28094.2,6.6,15.4,268.8,-45.3,0.5,-1.0,RS41-SG,403.700,11.0,525,9,2.6,-1,-1
2025-08-07T11:33:40.001Z,U4244774,7008,44.23751,7.79089,28100.3,5.3,16.6,273.0,-45.3,0.5,-1.0,RS41-SG,403.700,9.9,525,9,2.6,-1,-1
2025-08-07T11:33:41.001Z,U4244774,7009,44.23753,7.79067,28105.2,4.5,18.0,276.2,-45.2,0.5,-1.0,RS41-SG,403.700,10.7,525,9,2.7,-1,-1
2025-08-07T11:33:42.001Z,U4244774,7010,44.23755,7.79044,28110.0,5.1,18.8,278.2,-45.3,0.5,-1.0,RS41-SG,403.700,10.7,525,9,2.7,-1,-1
2025-08-07T11:33:43.001Z,U4244774,7011,44.23757,7.79021,28115.6,6.2,18.8,277.9,-45.2,0.5,-1.0,RS41-SG,403.700,9.5,525,9,2.7,-1,-1
2025-08-07T11:33:44.001Z,U4244774,7012,44.23759,7.78998,28121.8,5.8,18.6,276.8,-45.2,0.5,-1.0,RS41-SG,403.700,9.1,525,9,2.6,-1,-1
2025-08-07T11:33:45.001Z,U4244774,7013,44.23761,7.78975,28127.2,4.9,18.2,275.7,-45.3,0.5,-1.0,RS41-SG,403.700,9.7,525,9,2.6,-1,-1
2025-08-07T11:33:46.001Z,U4244774,7014,44.23763,7.78953,28132.3,5.4,17.9,275.8,-45.2,0.5,-1.0,RS41-SG,403.700,9.7,525,9,2.6,-1,-1
2025-08-07T11:33:47.001Z,U4244774,7015,44.23764,7.78931,28138.0,6.2,18.0,276.8,-45.3,0.5,-1.0,RS41-SG,403.700,9.4,525,9,2.7,-1,-1
2025-08-07T11:33:48.001Z,U4244774,7016,44.23766,7.78909,28144.2,5.8,17.8,276.8,-45.3,0.5,-1.0,RS41-SG,403.700,9.4,525,9,2.7,-1,-1
2025-08-07T11:33:49.001Z,U4244774,7017,44.23768,7.78887,28149.7,5.3,17.5,276.2,-45.3,0.5,-1.0,RS41-SG,403.700,9.5,525,9,2.7,-1,-1
2025-08-07T11:33:50.001Z,U4244774,7018,44.23770,7.78866,28155.4,5.7,16.5,274.3,-45.3,0.5,-1.0,RS41-SG,403.700,10.3,525,9,2.6,-1,-1
2025-08-07T11:33:51.001Z,U4244774,7019,44.23770,7.78846,28161.2,6.1,15.2,270.9,-45.3,0.5,-1.0,RS41-SG,403.700,10.3,525,9,2.6,-1,-1
2025-08-07T11:33:52.001Z,U4244774,7020,44.23770,7.78828,28167.0,5.2,14.3,267.9,-45.3,0.6,-1.0,RS41-SG,403.700,10.0,525,9,2.6,-1,-1
2025-08-07T11:33:53.001Z,U4244774,7021,44.23770,7.78810,28172.1,5.3,13.7,267.6,-45.4,0.5,-1.0,RS41-SG,403.700,9.4,525,9,2.7,-1,-1
2025-08-07T11:33:54.001Z,U4244774,7022,44.23770,7.78793,28177.6,6.0,13.8,271.4,-45.4,0.5,-1.0,RS41-SG,403.700,9.0,525,9,2.7,-1,-1
2025-08-07T11:33:55.001Z,U4244774,7023,44.23771,7.78775,28183.8,6.4,14.7,278.2,-45.4,0.5,-1.0,RS41-SG,403.700,9.0,525,9,2.7,-1,-1
2025-08-07T11:33:56.001Z,U4244774,7024,44.23773,7.78757,28190.0,5.7,15.9,282.6,-45.5,0.5,-1.0,RS41-SG,403.700,9.2,525,9,2.6,-1,-1
2025-08-07T11:33:57.001Z,U4244774,7025,44.23777,7.78737,28195.2,4.7,17.1,285.0,-45.5,0.5,-1.0,RS41-SG,403.700,9.2,525,9,2.6,-1,-1
2025-08-07T11:33:58.001Z,U4244774,7026,44.23781,7.78716,28200.5,5.6,17.7,284.9,-45.5,0.5,-1.0,RS41-SG,403.700,8.9,525,9,2.7,-1,-1
2025-08-07T11:33:59.001Z,U4244774,7027,44.23784,7.78695,28206.5,6.8,17.4,281.8,-45.5,0.5,-1.0,RS41-SG,403.700,8.9,525,9,2.7,-1,-1
2025-08-07T11:34:00.001Z,U4244774,7028,44.23787,7.78673,28212.7,5.4,17.0,278.5,-45.6,0.5,-1.0,RS41-SG,403.700,8.5,525,9,2.7,-1,-1
2025-08-07T11:34:01.001Z,U4244774,7029,44.23789,7.78653,28218.0,5.1,16.4,274.9,-45.5,0.5,-1.0,RS41-SG,403.700,9.3,525,9,2.6,-1,-1
2025-08-07T11:34:02.001Z,U4244774,7030,44.23790,7.78633,28223.7,5.8,16.1,273.2,-45.5,0.6,-1.0,RS41-SG,403.700,9.3,525,9,2.6,-1,-1
2025-08-07T11:34:03.001Z,U4244774,7031,44.23791,7.78613,28229.7,6.1,16.1,273.4,-45.6,0.5,-1.0,RS41-SG,403.700,8.6,525,9,2.6,-1,-1
2025-08-07T11:34:04.001Z,U4244774,7032,44.23792,7.78593,28235.2,5.0,15.8,273.7,-45.5,0.6,-1.0,RS41-SG,403.700,8.6,525,9,2.7,-1,-1
2025-08-07T11:34:05.001Z,U4244774,7033,44.23792,7.78573,28240.5,5.6,15.4,272.9,-45.5,0.5,-1.0,RS41-SG,403.700,8.0,525,9,2.7,-1,-1
2025-08-07T11:34:06.001Z,U4244774,7034,44.23793,7.78555,28246.3,6.3,14.3,271.7,-45.5,0.5,-1.0,RS41-SG,403.700,8.1,525,9,2.7,-1,-1
2025-08-07T11:34:07.001Z,U4244774,7035,44.23793,7.78538,28252.5,5.9,13.4,268.4,-45.5,0.5,-1.0,RS41-SG,403.700,8.9,525,9,2.6,-1,-1
2025-08-07T11:34:08.001Z,U4244774,7036,44.23793,7.78521,28258.2,5.2,13.0,268.2,-45.5,0.6,-1.0,RS41-SG,403.700,8.9,525,9,2.6,-1,-1
2025-08-07T11:34:09.001Z,U4244774,7037,44.23793,7.78505,28263.6,5.5,13.2,271.3,-45.5,0.6,-1.0,RS41-SG,403.700,9.1,525,9,2.6,-1,-1
2025-08-07T11:34:10.001Z,U4244774,7038,44.23793,7.78488,28269.4,6.1,14.2,276.3,-45.5,0.5,-1.0,RS41-SG,403.700,9.2,525,9,2.7,-1,-1
2025-08-07T11:34:11.001Z,U4244774,7039,44.23795,7.78470,28275.3,6.1,15.4,280.9,-45.5,0.5,-1.0,RS41-SG,403.700,9.2,525,9,2.7,-1,-1
2025-08-07T11:34:12.001Z,U4244774,7040,44.23798,7.78451,28280.8,4.7,16.0,283.9,-45.4,0.5,-1.0,RS41-SG,403.700,8.9,525,9,2.7,-1,-1
2025-08-07T11:34:13.001Z,U4244774,7041,44.23802,7.78431,28285.6,4.9,16.0,285.4,-45.4,0.5,-1.0,RS41-SG,403.700,8.9,525,9,2.7,-1,-1
2025-08-07T11:34:14.001Z,U4244774,7042,44.23806,7.78413,28291.1,5.9,15.1,285.3,-45.4,0.5,-1.0,RS41-SG,403.700,8.9,525,9,2.6,-1,-1
2025-08-07T11:34:15.001Z,U4244774,7043,44.23809,7.78395,28297.2,6.5,13.9,283.1,-45.4,0.5,-1.0,RS41-SG,403.700,9.0,525,9,2.6,-1,-1
2025-08-07T11:34:16.001Z,U4244774,7044,44.23812,7.78379,28302.9,4.6,12.8,281.2,-45.4,0.5,-1.0,RS41-SG,403.700,9.0,525,9,2.6,-1,-1
2025-08-07T11:34:17.001Z,U4244774,7045,44.23813,7.78364,28307.6,4.4,12.1,279.2,-45.3,0.5,-1.0,RS41-SG,403.700,9.8,525,9,2.7,-1,-1
2025-08-07T11:34:18.001Z,U4244774,7046,44.23815,7.78349,28312.6,5.8,12.1,279.5,-45.3,0.5,-1.0,RS41-SG,403.700,9.9,525,9,2.7,-1,-1
2025-08-07T11:34:19.001Z,U4244774,7047,44.23817,7.78334,28318.7,6.7,12.8,280.1,-45.3,0.5,-1.0,RS41-SG,403.700,9.9,525,9,2.7,-1,-1
2025-08-07T11:34:20.001Z,U4244774,7048,44.23819,7.78317,28324.9,5.4,13.7,280.7,-45.3,0.5,-1.0,RS41-SG,403.700,9.8,525,9,2.6,-1,-1
2025-08-07T11:34:21.001Z,U4244774,7049,44.23822,7.78300,28330.3,5.2,14.2,279.8,-45.3,0.5,-1.0,RS41-SG,403.700,9.8,525,9,2.6,-1,-1
2025-08-07T11:34:22.001Z,U4244774,7050,44.23823,7.78283,28336.3,6.7,14.4,277.3,-45.3,0.5,-1.0,RS41-SG,403.700,8.6,525,9,2.6,-1,-1
2025-08-07T11:34:23.001Z,U4244774,7051,44.23825,7.78265,28342.3,5.8,14.2,275.5,-45.3,0.5,-1.0,RS41-SG,403.700,8.2,525,9,2.7,-1,-1
2025-08-07T11:34:24.001Z,U4244774,7052,44.23826,7.78247,28347.9,5.3,13.9,274.9,-45.2,0.5,-1.0,RS41-SG,403.700,8.8,525,9,2.7,-1,-1
2025-08-07T11:34:25.001Z,U4244774,7053,44.23827,7.78230,28353.9,6.3,14.2,277.7,-45.2,0.5,-1.0,RS41-SG,403.700,8.9,525,9,2.7,-1,-1
2025-08-07T11:34:27.001Z,U4244774,7055,44.23833,7.78194,28365.6,4.5,15.3,284.2,-45.2,0.5,-1.0,RS41-SG,403.700,8.1,525,9,2.6,-1,-1
2025-08-07T11:34:29.001Z,U4244774,7057,44.23841,7.78159,28376.1,6.2,14.0,291.7,-45.2,0.5,-1.0,RS41-SG,403.700,7.9,525,9,2.7,-1,-1
2025-08-07T11:34:30.001Z,U4244774,7058,44.23845,7.78144,28382.4,6.2,12.9,292.8,-45.2,0.5,-1.0,RS41-SG,403.700,8.7,525,9,2.7,-1,-1
2025-08-07T11:34:31.001Z,U4244774,7059,44.23850,7.78129,28388.4,5.7,11.9,292.0,-45.3,0.5,-1.0,RS41-SG,403.700,8.7,525,9,2.6,-1,-1
2025-08-07T11:34:32.001Z,U4244774,7060,44.23853,7.78115,28393.9,5.1,11.8,288.3,-45.2,0.5,-1.0,RS41-SG,403.700,9.8,525,9,2.6,-1,-1
2025-08-07T11:34:33.001Z,U4244774,7061,44.23856,7.78101,28399.4,5.6,12.4,285.0,-45.2,0.5,-1.0,RS41-SG,403.700,9.8,525,8,2.6,-1,-1
2025-08-07T11:34:34.001Z,U4244774,7062,44.23859,7.78086,28405.3,6.3,13.2,280.6,-45.2,0.6,-1.0,RS41-SG,403.700,9.4,525,8,2.7,-1,-1
2025-08-07T11:34:35.001Z,U4244774,7063,44.23861,7.78069,28410.7,5.3,14.0,276.6,-45.1,0.5,-1.0,RS41-SG,403.700,9.5,525,9,2.7,-1,-1
2025-08-07T11:34:37.001Z,U4244774,7065,44.23862,7.78034,28421.0,5.6,13.7,269.0,-45.1,0.5,-1.0,RS41-SG,403.700,9.5,525,9,2.6,-1,-1
2025-08-07T11:34:38.001Z,U4244774,7066,44.23862,7.78018,28427.1,6.2,12.7,266.5,-45.1,0.5,-1.0,RS41-SG,403.700,9.5,525,9,2.6,-1,-1
2025-08-07T11:34:39.001Z,U4244774,7067,44.23861,7.78003,28432.6,5.1,11.7,266.7,-45.1,0.6,-1.0,RS41-SG,403.700,8.6,525,9,2.6,-1,-1
2025-08-07T11:34:40.001Z,U4244774,7068,44.23861,7.77988,28437.5,5.2,11.1,269.8,-45.1,0.5,-1.0,RS41-SG,403.700,10.4,525,9,2.7,-1,-1
2025-08-07T11:34:42.001Z,U4244774,7070,44.23864,7.77961,28449.4,6.0,11.8,287.0,-45.2,0.5,-1.0,RS41-SG,403.700,9.9,525,9,2.7,-1,-1
2025-08-07T11:34:43.001Z,U4244774,7071,44.23868,7.77947,28454.9,5.3,12.6,294.6,-45.1,0.5,-1.0,RS41-SG,403.700,10.3,525,9,2.7,-1,-1
2025-08-07T11:34:44.001Z,U4244774,7072,44.23873,7.77933,28460.2,5.2,13.0,301.9,-45.2,0.5,-1.0,RS41-SG,403.700,10.3,525,9,2.6,-1,-1
2025-08-07T11:34:45.001Z,U4244774,7073,44.23879,7.77919,28465.8,5.4,12.8,306.8,-45.2,0.5,-1.0,RS41-SG,403.700,10.0,525,9,2.6,-1,-1
2025-08-07T11:34:46.001Z,U4244774,7074,44.23886,7.77907,28471.4,5.5,12.2,308.1,-45.1,0.5,-1.0,RS41-SG,403.700,10.5,525,9,2.6,-1,-1
2025-08-07T11:34:47.001Z,U4244774,7075,44.23893,7.77895,28476.5,4.8,11.7,306.0,-45.2,0.5,-1.0,RS41-SG,403.700,10.5,525,9,2.7,-1,-1
2025-08-07T11:34:48.001Z,U4244774,7076,44.23898,7.77883,28481.7,5.7,11.7,298.1,-45.2,0.5,-1.0,RS41-SG,403.700,10.3,525,9,2.7,-1,-1
2025-08-07T11:34:49.001Z,U4244774,7077,44.23903,7.77869,28487.7,6.3,12.7,289.8,-45.2,0.5,-1.0,RS41-SG,403.700,10.5,525,9,2.7,-1,-1
2025-08-07T11:34:50.001Z,U4244774,7078,44.23906,7.77853,28493.7,5.4,13.7,282.4,-45.3,0.5,-1.0,RS41-SG,403.700,10.6,525,9,2.6,-1,-1
2025-08-07T11:34:51.001Z,U4244774,7079,44.23908,7.77836,28498.9,4.7,14.5,277.9,-45.2,0.5,-1.0,RS41-SG,403.700,10.6,525,9,2.6,-1,-1
2025-08-07T11:34:52.001Z,U4244774,7080,44.23910,7.77818,28503.8,5.0,14.7,274.6,-45.3,0.6,-1.0,RS41-SG,403.700,10.8,525,9,2.6,-1,-1
2025-08-07T11:34:53.001Z,U4244774,7081,44.23910,7.77800,28509.3,6.3,13.8,273.8,-45.3,0.5,-1.0,RS41-SG,403.700,10.8,525,9,2.7,-1,-1
2025-08-07T11:34:54.001Z,U4244774,7082,44.23911,7.77784,28515.6,6.0,12.6,275.2,-45.2,0.5,-1.0,RS41-SG,403.700,9.5,525,9,2.7,-1,-1
2025-08-07T11:34:56.001Z,U4244774,7084,44.23915,7.77755,28526.6,5.7,11.4,286.2,-45.1,0.5,-1.0,RS41-SG,403.700,9.3,525,9,2.6,-1,-1
2025-08-07T11:34:57.001Z,U4244774,7085,44.23919,7.77741,28532.5,5.9,12.2,292.1,-45.0,0.5,-1.0,RS41-SG,403.700,10.6,525,9,2.6,-1,-1
2025-08-07T11:34:58.001Z,U4244774,7086,44.23923,7.77726,28538.1,5.3,13.4,295.8,-45.0,0.5,-1.0,RS41-SG,403.700,10.6,525,9,2.7,-1,-1
2025-08-07T11:34:59.001Z,U4244774,7087,44.23929,7.77711,28543.0,4.3,14.3,298.6,-45.0,0.5,-1.0,RS41-SG,403.700,9.7,525,9,2.7,-1,-1
2025-08-07T11:35:00.001Z,U4244774,7088,44.23935,7.77695,28547.4,5.0,14.7,299.9,-44.9,0.5,-1.0,RS41-SG,403.700,11.2,525,9,2.7,-1,-1
2025-08-07T11:35:01.001Z,U4244774,7089,44.23942,7.77680,28553.0,6.1,14.3,300.4,-45.0,0.5,-1.0,RS41-SG,403.700,11.2,525,9,2.6,-1,-1
2025-08-07T11:35:02.001Z,U4244774,7090,44.23948,7.77665,28559.2,5.9,13.6,298.5,-45.0,0.5,-1.0,RS41-SG,403.700,10.6,525,9,2.6,-1,-1
2025-08-07T11:35:03.001Z,U4244774,7091,44.23953,7.77650,28565.2,5.9,13.3,293.0,-45.0,0.5,-1.0,RS41-SG,403.700,11.2,525,9,2.6,-1,-1
2025-08-07T11:35:04.001Z,U4244774,7092,44.23957,7.77634,28571.2,6.4,13.7,285.2,-45.0,0.5,-1.0,RS41-SG,403.700,11.2,525,9,2.7,-1,-1
2025-08-07T11:35:05.001Z,U4244774,7093,44.23960,7.77616,28577.4,6.2,14.6,277.6,-45.0,0.5,-1.0,RS41-SG,403.700,10.3,525,9,2.7,-1,-1
2025-08-07T11:35:06.001Z,U4244774,7094,44.23961,7.77598,28582.7,4.5,15.4,273.3,-45.1,0.5,-1.0,RS41-SG,403.700,10.3,525,9,2.7,-1,-1
2025-08-07T11:35:07.001Z,U4244774,7095,44.23961,7.77578,28587.4,4.5,15.8,270.9,-45.1,0.5,-1.0,RS41-SG,403.700,10.1,525,9,2.6,-1,-1
2025-08-07T11:35:08.001Z,U4244774,7096,44.23962,7.77559,28592.5,5.5,15.2,270.3,-45.1,0.5,-1.0,RS41-SG,403.700,10.1,525,9,2.6,-1,-1
2025-08-07T11:35:09.001Z,U4244774,7097,44.23962,7.77541,28598.3,6.2,14.0,272.8,-45.1,0.5,-1.0,RS41-SG,403.700,9.9,525,9,2.7,-1,-1
2025-08-07T11:35:10.001Z,U4244774,7098,44.23963,7.77524,28604.2,5.6,13.0,278.6,-45.1,0.5,-1.0,RS41-SG,403.700,9.9,525,9,2.7,-1,-1
2025-08-07T11:35:11.001Z,U4244774,7099,44.23966,7.77508,28609.7,5.0,12.9,287.2,-45.1,0.5,-1.0,RS41-SG,403.700,9.4,525,9,2.6,-1,-1
2025-08-07T11:35:12.001Z,U4244774,7100,44.23970,7.77493,28614.6,5.0,14.1,295.7,-45.1,0.5,-1.0,RS41-SG,403.700,10.5,525,9,2.6,-1,-1
2025-08-07T11:35:13.001Z,U4244774,7101,44.23977,7.77476,28619.8,5.3,15.9,300.2,-45.2,0.5,-1.0,RS41-SG,403.700,10.5,525,8,2.7,-1,-1
2025-08-07T11:35:14.001Z,U4244774,7102,44.23984,7.77459,28624.9,5.1,17.4,300.9,-45.2,0.5,-1.0,RS41-SG,403.700,10.4,525,9,2.7,-1,-1
2025-08-07T11:35:15.001Z,U4244774,7103,44.23992,7.77439,28630.0,4.9,18.0,298.0,-45.2,0.5,-1.0,RS41-SG,403.700,9.2,525,9,2.7,-1,-1
2025-08-07T11:35:16.001Z,U4244774,7104,44.23999,7.77419,28635.5,5.7,17.7,293.0,-45.2,0.5,-1.0,RS41-SG,403.700,9.8,525,9,2.6,-1,-1
2025-08-07T11:35:17.001Z,U4244774,7105,44.24004,7.77399,28641.8,6.7,16.6,286.6,-45.3,0.6,-1.0,RS41-SG,403.700,10.2,525,9,2.6,-1,-1
2025-08-07T11:35:18.001Z,U4244774,7106,44.24007,7.77380,28647.6,5.2,15.5,280.6,-45.2,0.5,-1.0,RS41-SG,403.700,10.2,525,9,2.6,-1,-1
2025-08-07T11:35:20.001Z,U4244774,7108,44.24010,7.77343,28656.6,4.9,14.6,272.5,-45.2,0.5,-1.0,RS41-SG,403.700,9.9,525,9,2.7,-1,-1
2025-08-07T11:35:21.001Z,U4244774,7109,44.24011,7.77324,28662.2,6.4,15.0,272.2,-45.2,0.5,-1.0,RS41-SG,403.700,9.1,525,9,2.7,-1,-1
2025-08-07T11:35:22.001Z,U4244774,7110,44.24012,7.77305,28668.0,5.3,15.5,275.0,-45.2,0.5,-1.0,RS41-SG,403.700,9.4,525,9,2.6,-1,-1
2025-08-07T11:35:23.001Z,U4244774,7111,44.24013,7.77286,28673.2,4.6,15.4,279.2,-45.2,0.5,-1.0,RS41-SG,403.700,9.4,525,9,2.6,-1,-1
2025-08-07T11:35:24.001Z,U4244774,7112,44.24016,7.77268,28678.4,5.5,14.8,285.0,-45.1,0.5,-1.0,RS41-SG,403.700,8.3,525,9,2.7,-1,-1
2025-08-07T11:35:25.001Z,U4244774,7113,44.24020,7.77251,28684.1,5.9,13.8,289.3,-45.1,0.5,-1.0,RS41-SG,403.700,10.4,525,9,2.7,-1,-1
2025-08-07T11:35:26.001Z,U4244774,7114,44.24024,7.77235,28689.5,5.1,13.1,291.0,-45.1,0.5,-1.0,RS41-SG,403.700,10.4,525,9,2.6,-1,-1
2025-08-07T11:35:27.001Z,U4244774,7115,44.24028,7.77220,28694.9,5.5,13.0,291.3,-45.1,0.5,-1.0,RS41-SG,403.700,10.7,525,9,2.6,-1,-1
2025-08-07T11:35:28.001Z,U4244774,7116,44.24033,7.77204,28700.8,6.0,13.7,290.7,-45.1,0.5,-1.0,RS41-SG,403.700,10.7,525,9,2.7,-1,-1
2025-08-07T11:35:29.001Z,U4244774,7117,44.24037,7.77188,28706.9,6.4,14.7,288.7,-45.1,0.5,-1.0,RS41-SG,403.700,10.5,525,9,2.7,-1,-1
2025-08-07T11:35:30.001Z,U4244774,7118,44.24041,7.77170,28712.4,5.0,15.5,286.8,-45.0,0.5,-1.0,RS41-SG,403.700,10.5,525,9,2.7,-1,-1
2025-08-07T11:35:31.001Z,U4244774,7119,44.24045,7.77151,28717.4,4.8,15.6,283.5,-45.0,0.5,-1.0,RS41-SG,403.700,10.2,525,9,2.6,-1,-1
2025-08-07T11:35:32.001Z,U4244774,7120,44.24048,7.77132,28722.7,5.5,15.2,279.5,-44.9,0.5,-1.0,RS41-SG,403.700,10.9,525,9,2.6,-1,-1
2025-08-07T11:35:33.001Z,U4244774,7121,44.24049,7.77114,28728.5,5.9,14.3,275.9,-44.9,0.6,-1.0,RS41-SG,403.700,10.9,525,9,2.6,-1,-1
2025-08-07T11:35:34.001Z,U4244774,7122,44.24051,7.77097,28733.9,5.4,13.4,275.5,-44.8,0.5,-1.0,RS41-SG,403.700,10.2,525,9,2.7,-1,-1
2025-08-07T11:35:35.001Z,U4244774,7123,44.24052,7.77081,28739.4,5.6,13.2,278.2,-44.7,0.5,-1.0,RS41-SG,403.700,10.2,525,9,2.7,-1,-1
2025-08-07T11:35:36.001Z,U4244774,7124,44.24054,7.77064,28745.1,6.1,13.6,283.8,-44.8,0.5,-1.0,RS41-SG,403.700,9.3,525,9,2.7,-1,-1
2025-08-07T11:35:37.001Z,U4244774,7125,44.24058,7.77047,28751.2,6.2,14.7,288.6,-44.7,0.5,-1.0,RS41-SG,403.700,9.6,525,9,2.6,-1,-1
2025-08-07T11:35:38.001Z,U4244774,7126,44.24063,7.77029,28756.4,4.5,15.9,291.9,-44.7,0.5,-1.0,RS41-SG,403.700,9.6,525,9,2.6,-1,-1
2025-08-07T11:35:39.001Z,U4244774,7127,44.24068,7.77011,28760.8,4.6,16.7,294.4,-44.7,0.5,-1.0,RS41-SG,403.700,11.2,525,9,2.7,-1,-1
2025-08-07T11:35:40.001Z,U4244774,7128,44.24075,7.76992,28766.3,5.9,16.7,295.4,-44.7,0.5,-1.0,RS41-SG,403.700,11.2,525,9,2.7,-1,-1
2025-08-07T11:35:41.001Z,U4244774,7129,44.24081,7.76973,28772.2,5.8,16.3,294.6,-44.6,0.5,-1.0,RS41-SG,403.700,10.5,525,9,2.7,-1,-1
2025-08-07T11:35:42.001Z,U4244774,7130,44.24087,7.76955,28777.8,5.3,16.1,294.0,-44.7,0.5,-1.0,RS41-SG,403.700,10.5,525,9,2.6,-1,-1
2025-08-07T11:35:43.001Z,U4244774,7131,44.24093,7.76936,28783.1,5.6,16.2,291.1,-44.7,0.5,-1.0,RS41-SG,403.700,10.4,525,9,2.6,-1,-1
2025-08-07T11:35:44.001Z,U4244774,7132,44.24098,7.76917,28788.6,5.5,17.1,288.7,-44.7,0.5,-1.0,RS41-SG,403.700,10.4,525,9,2.6,-1,-1
2025-08-07T11:35:45.001Z,U4244774,7133,44.24102,7.76896,28793.9,5.2,17.9,286.5,-44.7,0.5,-1.0,RS41-SG,403.700,10.4,525,9,2.7,-1,-1
2025-08-07T11:35:46.001Z,U4244774,7134,44.24107,7.76874,28798.8,4.8,17.9,284.5,-44.7,0.5,-1.0,RS41-SG,403.700,10.4,525,9,2.7,-1,-1
2025-08-07T11:35:48.001Z,U4244774,7136,44.24113,7.76833,28809.5,5.8,15.7,279.0,-44.6,0.5,-1.0,RS41-SG,403.700,7.8,525,9,2.6,-1,-1
2025-08-07T11:35:49.001Z,U4244774,7137,44.24115,7.76814,28815.5,6.0,14.1,276.0,-44.6,0.5,-1.0,RS41-SG,403.700,10.0,525,9,2.6,-1,-1
2025-08-07T11:35:50.001Z,U4244774,7138,44.24116,7.76798,28820.8,4.6,13.2,275.5,-44.6,0.5,-1.0,RS41-SG,403.700,10.0,525,9,2.7,-1,-1
2025-08-07T11:35:51.001Z,U4244774,7139,44.24117,7.76782,28825.3,4.4,12.7,277.8,-44.6,0.5,-1.0,RS41-SG,403.700,9.1,525,9,2.7,-1,-1
2025-08-07T11:35:52.001Z,U4244774,7140,44.24119,7.76766,28830.0,5.2,13.2,281.9,-44.5,0.5,-1.0,RS41-SG,403.700,9.3,525,9,2.6,-1,-1
2025-08-07T11:35:53.001Z,U4244774,7141,44.24122,7.76749,28835.5,5.8,14.3,286.6,-44.5,0.5,-1.0,RS41-SG,403.700,9.3,525,9,2.6,-1,-1
2025-08-07T11:35:54.001Z,U4244774,7142,44.24126,7.76731,28841.3,5.5,15.8,288.3,-44.4,0.5,-1.0,RS41-SG,403.700,8.4,525,9,2.7,-1,-1
2025-08-07T11:35:55.001Z,U4244774,7143,44.24131,7.76712,28846.2,4.3,16.8,289.2,-44.3,0.5,-1.0,RS41-SG,403.700,8.1,525,9,2.7,-1,-1
2025-08-07T11:35:56.001Z,U4244774,7144,44.24136,7.76692,28850.4,4.4,17.1,287.6,-44.2,0.5,-1.0,RS41-SG,403.700,8.3,525,9,2.7,-1,-1
2025-08-07T11:35:59.001Z,U4244774,7147,44.24145,7.76635,28867.2,5.2,13.6,276.7,-44.1,0.5,-1.0,RS41-SG,403.700,7.7,525,9,2.6,-1,-1
2025-08-07T11:36:00.001Z,U4244774,7148,44.24146,7.76619,28872.2,4.7,12.6,274.4,-44.1,0.5,-1.0,RS41-SG,403.700,8.3,525,9,2.7,-1,-1
2025-08-07T11:36:01.001Z,U4244774,7149,44.24147,7.76604,28877.2,5.6,12.2,274.6,-44.1,0.5,-1.0,RS41-SG,403.700,8.6,525,9,2.7,-1,-1
2025-08-07T11:36:02.001Z,U4244774,7150,44.24148,7.76588,28883.2,6.4,12.4,278.4,-44.0,0.5,-1.0,RS41-SG,403.700,8.6,525,9,2.7,-1,-1
2025-08-07T11:36:03.001Z,U4244774,7151,44.24150,7.76573,28889.0,5.2,12.7,281.8,-44.0,0.5,-1.0,RS41-SG,403.700,8.6,525,9,2.6,-1,-1
2025-08-07T11:36:06.001Z,U4244774,7154,44.24159,7.76527,28904.8,6.3,12.4,286.4,-44.0,0.5,-1.0,RS41-SG,403.700,9.2,525,9,2.7,-1,-1
2025-08-07T11:36:08.001Z,U4244774,7156,44.24165,7.76498,28915.7,5.2,11.9,284.9,-44.1,0.5,-1.0,RS41-SG,403.700,10.2,525,9,2.6,-1,-1
2025-08-07T11:36:09.001Z,U4244774,7157,44.24168,7.76483,28921.0,5.3,12.6,283.7,-44.1,0.5,-1.0,RS41-SG,403.700,9.2,525,9,2.6,-1,-1
2025-08-07T11:36:10.001Z,U4244774,7158,44.24170,7.76468,28926.5,5.2,13.4,284.3,-44.1,0.5,-1.0,RS41-SG,403.700,9.9,525,9,2.6,-1,-1
2025-08-07T11:36:11.001Z,U4244774,7159,44.24174,7.76451,28931.5,5.2,14.1,285.2,-44.1,0.5,-1.0,RS41-SG,403.700,9.9,525,9,2.7,-1,-1
2025-08-07T11:36:12.001Z,U4244774,7160,44.24177,7.76434,28936.5,5.0,13.9,285.5,-44.1,0.5,-1.0,RS41-SG,403.700,9.7,525,9,2.7,-1,-1
2025-08-07T11:36:13.001Z,U4244774,7161,44.24180,7.76418,28941.7,5.4,12.9,285.8,-44.1,0.5,-1.0,RS41-SG,403.700,9.7,525,9,2.7,-1,-1
2025-08-07T11:36:14.001Z,U4244774,7162,44.24183,7.76404,28947.5,5.7,11.2,284.5,-44.2,0.5,-1.0,RS41-SG,403.700,9.3,525,9,2.6,-1,-1
2025-08-07T11:36:15.001Z,U4244774,7163,44.24185,7.76391,28953.1,5.3,9.7,280.3,-44.2,0.5,-1.0,RS41-SG,403.700,9.2,525,9,2.6,-1,-1
2025-08-07T11:36:16.001Z,U4244774,7164,44.24186,7.76379,28958.0,4.5,8.8,274.3,-44.1,0.5,-1.0,RS41-SG,403.700,10.3,525,9,2.7,-1,-1
2025-08-07T11:36:17.001Z,U4244774,7165,44.24186,7.76368,28962.6,4.5,8.9,266.4,-44.2,0.5,-1.0,RS41-SG,403.700,10.3,525,9,2.7,-1,-1
2025-08-07T11:36:18.001Z,U4244774,7166,44.24185,7.76357,28967.7,5.7,9.9,262.5,-44.2,0.5,-1.0,RS41-SG,403.700,8.4,525,9,2.6,-1,-1
2025-08-07T11:36:19.001Z,U4244774,7167,44.24184,7.76344,28973.7,6.1,11.3,262.6,-44.2,0.5,-1.0,RS41-SG,403.700,8.1,525,9,2.6,-1,-1
2025-08-07T11:36:20.001Z,U4244774,7168,44.24183,7.76329,28978.8,4.2,12.5,264.8,-44.2,0.5,-1.0,RS41-SG,403.700,10.3,525,9,2.7,-1,-1
2025-08-07T11:36:21.001Z,U4244774,7169,44.24182,7.76313,28983.0,4.3,13.3,266.1,-44.1,0.5,-1.0,RS41-SG,403.700,10.3,525,9,2.7,-1,-1
2025-08-07T11:36:22.001Z,U4244774,7170,44.24181,7.76296,28988.1,5.7,13.3,266.6,-44.1,0.5,-1.0,RS41-SG,403.700,8.9,525,9,2.7,-1,-1
2025-08-07T11:36:23.001Z,U4244774,7171,44.24181,7.76280,28994.3,6.6,12.5,267.3,-44.1,0.5,-1.0,RS41-SG,403.700,9.4,525,9,2.6,-1,-1
2025-08-07T11:36:24.001Z,U4244774,7172,44.24180,7.76266,29000.2,5.3,11.4,267.9,-44.1,0.5,-1.0,RS41-SG,403.700,9.7,525,9,2.6,-1,-1
2025-08-07T11:36:25.001Z,U4244774,7173,44.24180,7.76252,29005.6,5.3,10.7,272.0,-44.1,0.5,-1.0,RS41-SG,403.700,9.7,525,9,2.6,-1,-1
2025-08-07T11:36:26.001Z,U4244774,7174,44.24181,7.76239,29011.0,5.7,10.4,276.6,-44.0,0.5,-1.0,RS41-SG,403.700,9.3,525,9,2.7,-1,-1
2025-08-07T11:36:27.001Z,U4244774,7175,44.24182,7.76226,29016.6,5.8,10.6,280.7,-44.0,0.4,-1.0,RS41-SG,403.700,9.6,525,9,2.7,-1,-1
2025-08-07T11:36:28.001Z,U4244774,7176,44.24184,7.76213,29022.2,5.2,10.5,283.0,-43.9,0.5,-1.0,RS41-SG,403.700,9.6,525,9,2.7,-1,-1
2025-08-07T11:36:30.001Z,U4244774,7178,44.24187,7.76189,29033.8,6.2,9.2,273.1,-43.8,0.5,-1.0,RS41-SG,403.700,8.1,525,9,2.6,-1,-1
2025-08-07T11:36:31.001Z,U4244774,7179,44.24187,7.76177,29039.4,4.7,8.9,265.0,-43.8,0.5,-1.0,RS41-SG,403.700,9.5,525,9,2.7,-1,-1
2025-08-07T11:36:32.001Z,U4244774,7180,44.24186,7.76166,29044.0,4.6,9.2,257.9,-43.8,0.5,-1.0,RS41-SG,403.700,9.5,525,9,2.7,-1,-1
2025-08-07T11:36:34.001Z,U4244774,7182,44.24181,7.76141,29054.9,6.1,11.8,256.8,-43.8,0.5,-1.0,RS41-SG,403.700,9.0,525,9,2.6,-1,-1
2025-08-07T11:36:35.001Z,U4244774,7183,44.24179,7.76126,29060.2,4.7,12.5,259.4,-43.8,0.5,-1.0,RS41-SG,403.700,9.0,525,9,2.6,-1,-1
2025-08-07T11:36:37.001Z,U4244774,7185,44.24175,7.76095,29071.3,6.4,12.4,259.8,-43.8,0.5,-1.0,RS41-SG,403.700,8.8,525,9,2.7,-1,-1
2025-08-07T11:36:38.001Z,U4244774,7186,44.24173,7.76081,29077.3,5.9,11.2,258.8,-43.8,0.4,-1.0,RS41-SG,403.700,10.2,525,9,2.7,-1,-1
2025-08-07T11:36:39.001Z,U4244774,7187,44.24171,7.76068,29082.6,5.0,10.1,259.2,-43.8,0.5,-1.0,RS41-SG,403.700,10.2,525,9,2.7,-1,-1
2025-08-07T11:36:40.001Z,U4244774,7188,44.24170,7.76056,29088.0,5.4,9.4,261.6,-43.9,0.5,-1.0,RS41-SG,403.700,9.3,525,9,2.6,-1,-1
2025-08-07T11:36:41.001Z,U4244774,7189,44.24169,7.76044,29093.8,6.3,9.2,267.3,-43.8,0.5,-1.0,RS41-SG,403.700,10.0,525,9,2.6,-1,-1
2025-08-07T11:36:42.001Z,U4244774,7190,44.24169,7.76033,29099.5,5.0,9.3,271.1,-43.9,0.5,-1.0,RS41-SG,403.700,10.0,525,9,2.7,-1,-1
2025-08-07T11:36:44.001Z,U4244774,7192,44.24169,7.76010,29111.0,6.8,8.4,267.0,-43.9,0.5,-1.0,RS41-SG,403.700,7.7,525,9,2.7,-1,-1
2025-08-07T11:36:45.001Z,U4244774,7193,44.24168,7.76000,29117.2,5.8,8.0,259.4,-43.9,0.4,-1.0,RS41-SG,403.700,8.4,525,9,2.6,-1,-1
2025-08-07T11:36:46.001Z,U4244774,7194,44.24166,7.75990,29122.5,4.7,8.2,253.1,-43.9,0.5,-1.0,RS41-SG,403.700,9.8,525,9,2.6,-1,-1
2025-08-07T11:36:47.001Z,U4244774,7195,44.24164,7.75980,29127.4,5.1,9.3,246.8,-43.9,0.5,-1.0,RS41-SG,403.700,9.8,525,9,2.6,-1,-1
2025-08-07T11:36:48.001Z,U4244774,7196,44.24160,7.75969,29132.9,5.8,10.9,248.0,-43.9,0.5,-1.0,RS41-SG,403.700,9.4,525,9,2.7,-1,-1
2025-08-07T11:36:49.001Z,U4244774,7197,44.24156,7.75955,29138.7,6.0,12.6,250.0,-43.9,0.5,-1.0,RS41-SG,403.700,10.1,525,9,2.7,-1,-1
2025-08-07T11:36:50.001Z,U4244774,7198,44.24153,7.75940,29144.1,5.0,13.3,251.5,-43.9,0.4,-1.0,RS41-SG,403.700,10.1,525,9,2.7,-1,-1
2025-08-07T11:36:51.001Z,U4244774,7199,44.24149,7.75924,29149.4,5.4,13.6,250.2,-43.9,0.5,-1.0,RS41-SG,403.700,9.6,525,9,2.6,-1,-1
2025-08-07T11:36:52.001Z,U4244774,7200,44.24144,7.75908,29155.5,6.4,13.0,248.5,-43.9,0.5,-1.0,RS41-SG,403.700,9.4,525,9,2.6,-1,-1
2025-08-07T11:36:53.001Z,U4244774,7201,44.24140,7.75894,29161.5,5.1,12.2,246.6,-43.9,0.5,-1.0,RS41-SG,403.700,9.5,525,9,2.7,-1,-1
2025-08-07T11:36:54.001Z,U4244774,7202,44.24136,7.75880,29166.2,4.9,11.4,245.6,-43.8,0.5,-1.0,RS41-SG,403.700,9.9,525,9,2.7,-1,-1
2025-08-07T11:36:55.001Z,U4244774,7203,44.24132,7.75868,29171.3,5.5,11.0,247.2,-43.8,0.5,-1.0,RS41-SG,403.700,9.9,525,9,2.6,-1,-1
2025-08-07T11:36:56.001Z,U4244774,7204,44.24128,7.75855,29176.9,5.8,11.0,250.9,-43.7,0.5,-1.0,RS41-SG,403.700,9.4,525,9,2.6,-1,-1
2025-08-07T11:36:57.001Z,U4244774,7205,44.24125,7.75842,29182.7,5.6,11.1,253.8,-43.8,0.5,-1.0,RS41-SG,403.700,9.4,525,8,2.7,-1,-1
2025-08-07T11:36:58.001Z,U4244774,7206,44.24123,7.75828,29188.0,5.0,11.4,253.6,-43.7,0.5,-1.0,RS41-SG,403.700,9.4,525,9,2.7,-1,-1
2025-08-07T11:36:59.001Z,U4244774,7207,44.24119,7.75815,29193.3,5.7,11.6,249.3,-43.7,0.5,-1.0,RS41-SG,403.700,9.4,525,9,2.7,-1,-1
2025-08-07T11:37:00.001Z,U4244774,7208,44.24115,7.75801,29199.2,6.0,11.8,243.0,-43.6,0.5,-1.0,RS41-SG,403.700,8.7,525,9,2.6,-1,-1
2025-08-07T11:37:01.001Z,U4244774,7209,44.24110,7.75788,29204.6,4.6,12.0,238.8,-43.6,0.5,-1.0,RS41-SG,403.700,8.9,525,9,2.6,-1,-1
2025-08-07T11:37:02.001Z,U4244774,7210,44.24104,7.75776,29209.7,5.1,12.2,238.0,-43.6,0.5,-1.0,RS41-SG,403.700,8.9,525,9,2.6,-1,-1
2025-08-07T11:37:03.001Z,U4244774,7211,44.24099,7.75762,29215.4,6.7,12.6,243.2,-43.6,0.5,-1.0,RS41-SG,403.700,8.7,525,9,2.7,-1,-1
2025-08-07T11:37:04.001Z,U4244774,7212,44.24094,7.75747,29222.1,7.0,13.3,252.2,-43.6,0.5,-1.0,RS41-SG,403.700,9.8,525,9,2.7,-1,-1
2025-08-07T11:37:05.001Z,U4244774,7213,44.24091,7.75731,29228.0,4.7,14.0,258.9,-43.7,0.5,-1.0,RS41-SG,403.700,10.1,525,9,2.7,-1,-1
2025-08-07T11:37:06.001Z,U4244774,7214,44.24090,7.75713,29232.5,4.5,14.5,264.9,-43.7,0.5,-1.0,RS41-SG,403.700,10.1,525,9,2.6,-1,-1
2025-08-07T11:37:07.001Z,U4244774,7215,44.24089,7.75695,29237.9,6.2,14.6,267.5,-43.6,0.5,-1.0,RS41-SG,403.700,8.9,525,9,2.6,-1,-1
2025-08-07T11:37:08.001Z,U4244774,7216,44.24088,7.75677,29243.9,5.6,14.2,267.3,-43.5,0.5,-1.0,RS41-SG,403.700,8.9,525,9,2.7,-1,-1
2025-08-07T11:37:09.001Z,U4244774,7217,44.24087,7.75660,29249.2,4.7,13.9,264.8,-43.4,0.4,-1.0,RS41-SG,403.700,9.4,525,8,2.7,-1,-1
2025-08-07T11:37:10.001Z,U4244774,7218,44.24086,7.75642,29254.3,5.8,14.1,263.7,-43.3,0.4,-1.0,RS41-SG,403.700,9.4,525,9,2.7,-1,-1
2025-08-07T11:37:11.001Z,U4244774,7219,44.24085,7.75624,29260.2,6.0,14.9,263.0,-43.2,0.4,-1.0,RS41-SG,403.700,8.8,525,9,2.6,-1,-1
2025-08-07T11:37:12.001Z,U4244774,7220,44.24083,7.75605,29265.8,5.4,15.6,262.5,-43.2,0.5,-1.0,RS41-SG,403.700,9.9,525,9,2.6,-1,-1
2025-08-07T11:37:13.001Z,U4244774,7221,44.24081,7.75586,29271.0,4.9,15.8,261.0,-43.2,0.4,-1.0,RS41-SG,403.700,9.9,525,9,2.6,-1,-1
2025-08-07T11:37:14.001Z,U4244774,7222,44.24078,7.75567,29276.4,5.8,15.4,257.9,-43.1,0.4,-1.0,RS41-SG,403.700,9.8,525,9,2.7,-1,-1
2025-08-07T11:37:15.001Z,U4244774,7223,44.24075,7.75549,29282.2,6.3,14.8,254.8,-43.0,0.4,-1.0,RS41-SG,403.700,9.3,525,9,2.7,-1,-1
2025-08-07T11:37:16.001Z,U4244774,7224,44.24072,7.75531,29288.1,5.4,14.3,253.9,-43.0,0.4,-1.0,RS41-SG,403.700,10.7,525,9,2.7,-1,-1
2025-08-07T11:37:17.001Z,U4244774,7225,44.24068,7.75514,29293.6,5.6,14.4,255.6,-43.0,0.5,-1.0,RS41-SG,403.700,10.7,525,9,2.6,-1,-1
2025-08-07T11:37:18.001Z,U4244774,7226,44.24066,7.75496,29299.3,5.6,15.0,260.1,-43.0,0.4,-1.0,RS41-SG,403.700,9.7,525,9,2.6,-1,-1
2025-08-07T11:37:19.001Z,U4244774,7227,44.24064,7.75477,29304.9,5.7,16.2,266.5,-43.0,0.5,-1.0,RS41-SG,403.700,10.0,525,9,2.7,-1,-1
2025-08-07T11:37:20.001Z,U4244774,7228,44.24064,7.75456,29310.8,6.0,17.5,272.3,-43.1,0.4,-1.0,RS41-SG,403.700,10.0,525,9,2.7,-1,-1
2025-08-07T11:37:21.001Z,U4244774,7229,44.24065,7.75434,29316.0,4.6,18.2,275.5,-43.2,0.4,-1.0,RS41-SG,403.700,10.0,525,9,2.7,-1,-1
2025-08-07T11:37:22.001Z,U4244774,7230,44.24067,7.75411,29320.5,4.5,18.3,277.2,-43.1,0.4,-1.0,RS41-SG,403.700,9.3,525,9,2.6,-1,-1
2025-08-07T11:37:23.001Z,U4244774,7231,44.24069,7.75389,29325.8,5.4,17.6,277.0,-43.0,0.5,-1.0,RS41-SG,403.700,8.7,525,9,2.6,-1,-1
2025-08-07T11:37:24.001Z,U4244774,7232,44.24070,7.75368,29331.5,6.2,16.5,274.9,-43.0,0.5,-1.0,RS41-SG,403.700,11.1,525,9,2.6,-1,-1
2025-08-07T11:37:25.001Z,U4244774,7233,44.24071,7.75348,29337.5,5.9,15.3,269.9,-43.1,0.5,-1.0,RS41-SG,403.700,11.1,525,9,2.7,-1,-1
2025-08-07T11:37:26.001Z,U4244774,7234,44.24070,7.75329,29342.9,5.0,15.0,265.2,-43.1,0.4,-1.0,RS41-SG,403.700,9.8,525,9,2.7,-1,-1
2025-08-07T11:37:27.001Z,U4244774,7235,44.24069,7.75310,29347.7,4.9,15.6,261.0,-43.0,0.4,-1.0,RS41-SG,403.700,10.2,525,9,2.7,-1,-1
2025-08-07T11:37:28.001Z,U4244774,7236,44.24066,7.75290,29352.7,5.5,17.2,260.4,-43.1,0.4,-1.0,RS41-SG,403.700,10.2,525,9,2.6,-1,-1
2025-08-07T11:37:29.001Z,U4244774,7237,44.24064,7.75268,29358.4,5.9,19.1,262.4,-43.1,0.4,-1.0,RS41-SG,403.700,9.1,525,9,2.6,-1,-1
2025-08-07T11:37:30.001Z,U4244774,7238,44.24062,7.75243,29364.2,5.2,20.4,265.2,-43.1,0.4,-1.0,RS41-SG,403.700,8.9,525,9,2.7,-1,-1
2025-08-07T11:37:31.001Z,U4244774,7239,44.24061,7.75218,29369.2,5.0,21.1,268.7,-43.1,0.4,-1.0,RS41-SG,403.700,8.9,525,9,2.7,-1,-1
2025-08-07T11:37:32.001Z,U4244774,7240,44.24061,7.75192,29374.4,5.6,20.8,272.9,-43.2,0.4,-1.0,RS41-SG,403.700,8.6,525,9,2.7,-1,-1
2025-08-07T11:37:33.001Z,U4244774,7241,44.24063,7.75166,29380.2,5.8,19.8,278.1,-43.1,0.4,-1.0,RS41-SG,403.700,7.6,525,9,2.6,-1,-1
2025-08-07T11:37:34.001Z,U4244774,7242,44.24066,7.75143,29385.6,4.7,18.6,282.3,-43.1,0.4,-1.0,RS41-SG,403.700,7.8,525,9,2.6,-1,-1
2025-08-07T11:37:35.001Z,U4244774,7243,44.24070,7.75121,29390.0,4.0,17.8,285.9,-43.1,0.4,-1.0,RS41-SG,403.700,8.6,525,8,2.6,-1,-1
2025-08-07T11:37:36.001Z,U4244774,7244,44.24075,7.75100,29394.3,4.8,17.5,288.3,-43.2,0.4,-1.0,RS41-SG,403.700,8.6,525,9,2.7,-1,-1
2025-08-07T11:37:37.001Z,U4244774,7245,44.24080,7.75079,29399.7,6.3,18.1,287.7,-43.1,0.4,-1.0,RS41-SG,403.700,7.9,525,9,2.7,-1,-1
2025-08-07T11:37:38.001Z,U4244774,7246,44.24084,7.75057,29405.8,6.0,18.9,285.1,-43.1,0.4,-1.0,RS41-SG,403.700,8.3,525,9,2.7,-1,-1
2025-08-07T11:37:39.001Z,U4244774,7247,44.24088,7.75033,29411.5,5.0,19.5,281.2,-43.2,0.4,-1.0,RS41-SG,403.700,8.4,525,9,2.6,-1,-1
2025-08-07T11:37:41.001Z,U4244774,7249,44.24092,7.74985,29422.4,6.0,19.7,272.6,-43.2,0.4,-1.0,RS41-SG,403.700,7.8,525,9,2.7,-1,-1
2025-08-07T11:37:42.001Z,U4244774,7250,44.24093,7.74960,29427.7,4.8,19.9,269.7,-43.2,0.4,-1.0,RS41-SG,403.700,9.6,525,9,2.7,-1,-1
2025-08-07T11:37:44.001Z,U4244774,7252,44.24092,7.74909,29437.6,5.4,21.0,267.9,-43.2,0.5,-1.0,RS41-SG,403.700,7.8,525,8,2.6,-1,-1
2025-08-07T11:37:56.001Z,U4244774,7264,44.24121,7.74638,29503.5,5.9,16.7,270.9,-42.9,0.5,-1.0,RS41-SG,403.700,7.6,525,8,2.7,-1,-1
2025-08-07T11:38:06.001Z,U4244774,7274,44.24150,7.74428,29556.7,5.5,15.0,295.2,-42.8,0.5,-1.0,RS41-SG,403.700,8.5,525,8,2.6,-1,-1
2025-08-07T11:38:07.001Z,U4244774,7275,44.24155,7.74411,29562.5,6.1,15.1,291.8,-42.8,0.4,-1.0,RS41-SG,403.700,8.5,525,8,2.7,-1,-1
2025-08-07T11:38:09.001Z,U4244774,7277,44.24164,7.74374,29573.4,4.9,16.2,283.5,-42.7,0.4,-1.0,RS41-SG,403.700,7.9,525,8,2.7,-1,-1
2025-08-07T11:38:12.001Z,U4244774,7280,44.24170,7.74316,29590.2,5.0,14.9,274.1,-42.8,0.4,-1.0,RS41-SG,403.700,7.6,525,8,2.6,-1,-1
2025-08-07T11:38:13.001Z,U4244774,7281,44.24170,7.74297,29595.5,5.5,14.8,272.2,-42.8,0.4,-1.0,RS41-SG,403.700,7.6,525,8,2.7,-1,-1
2025-08-07T11:38:16.001Z,U4244774,7284,44.24172,7.74240,29612.3,4.6,15.9,272.4,-42.9,0.5,-1.0,RS41-SG,403.700,8.2,525,8,2.6,-1,-1
2025-08-07T11:38:22.001Z,U4244774,7290,44.24175,7.74139,29645.3,6.3,13.4,272.5,-42.7,0.4,-1.0,RS41-SG,403.700,8.0,525,8,2.6,-1,-1
2025-08-07T11:38:23.001Z,U4244774,7291,44.24175,7.74122,29651.1,5.6,14.4,271.7,-42.7,0.5,-1.0,RS41-SG,403.700,8.2,525,8,2.6,-1,-1
2025-08-07T11:38:48.001Z,U4244774,7316,44.24164,7.73708,29785.9,6.2,13.6,267.9,-42.3,0.4,-1.0,RS41-SG,403.700,8.4,525,8,2.7,-1,-1
2025-08-07T11:38:52.001Z,U4244774,7320,44.24165,7.73634,29806.1,5.1,14.8,274.9,-42.1,0.4,-1.0,RS41-SG,403.700,9.2,525,8,2.7,-1,-1
2025-08-07T11:38:57.001Z,U4244774,7325,44.24171,7.73556,29832.5,5.9,12.6,271.3,-42.0,0.4,-1.0,RS41-SG,403.700,8.9,525,8,2.7,-1,-1
2025-08-07T11:38:58.001Z,U4244774,7326,44.24171,7.73539,29838.4,6.1,14.5,268.3,-42.0,0.4,-1.0,RS41-SG,403.700,8.9,525,8,2.7,-1,-1
2025-08-07T11:39:01.001Z,U4244774,7329,44.24167,7.73477,29853.5,4.4,17.8,262.9,-42.0,0.4,-1.0,RS41-SG,403.700,8.1,525,8,2.6,-1,-1
2025-08-07T11:39:14.001Z,U4244774,7342,44.24165,7.73239,29923.2,5.3,15.7,252.6,-41.6,0.4,-1.0,RS41-SG,403.700,7.7,525,8,2.7,-1,-1
2025-08-07T11:39:26.001Z,U4244774,7354,44.24170,7.72989,29988.2,5.2,19.4,281.5,-41.6,0.4,-1.0,RS41-SG,403.700,8.7,525,8,2.7,-1,-1
2025-08-07T11:39:41.001Z,U4244774,7369,44.24176,7.72650,30067.4,5.7,17.9,287.4,-41.7,0.4,-1.0,RS41-SG,403.700,7.3,525,8,2.6,-1,-1
2025-08-07T11:40:06.001Z,U4244774,7394,44.24243,7.72069,30205.1,4.8,19.6,291.9,-41.9,0.4,-1.0,RS41-SG,403.700,7.5,525,8,2.7,-1,-1
2025-08-07T11:40:10.001Z,U4244774,7398,44.24280,7.71984,30226.3,5.3,19.0,305.5,-41.9,0.4,-1.0,RS41-SG,403.700,7.2,525,8,2.6,-1,-1
2025-08-07T11:41:03.001Z,U4244774,7451,44.24626,7.71088,30518.4,6.0,10.7,296.4,-42.5,0.4,-1.0,RS41-SG,403.700,6.5,525,8,2.6,-1,-1
2025-08-07T11:41:13.001Z,U4244774,7461,44.24680,7.70947,30573.2,5.9,10.5,302.0,-42.3,0.4,-1.0,RS41-SG,403.700,7.6,525,8,2.7,-1,-1
