timestamp,serial,frame,lat,lon,alt,vel_v,vel_h,heading,temp,humidity,pressure,type,freq_mhz,snr,f_error_hz,sats,batt_v,burst_timer,aux_data
2025-01-26T06:27:12.001Z,U3160981,1014,43.62076,6.63960,5016.9,8.4,34.8,134.8,-273.0,-1.0,-1.0,RS41,403.100,13.7,150,8,2.8,-1,-1
2025-01-26T06:27:13.001Z,U3160981,1015,43.62055,6.63991,5026.3,10.8,34.3,132.5,-273.0,-1.0,-1.0,RS41,403.100,13.9,150,8,2.7,-1,-1
2025-01-26T06:27:14.001Z,U3160981,1016,43.62034,6.64023,5035.0,7.4,35.1,131.1,-273.0,-1.0,-1.0,RS41,403.100,13.9,150,8,2.7,-1,-1
2025-01-26T06:27:15.001Z,U3160981,1017,43.62013,6.64056,5044.4,11.4,36.0,131.4,-273.0,-1.0,-1.0,RS41,403.100,13.1,150,8,2.8,-1,-1
2025-01-26T06:27:16.001Z,U3160981,1018,43.61991,6.64090,5054.3,8.3,35.9,132.1,-273.0,-1.0,-1.0,RS41,403.100,12.8,150,8,2.8,-1,-1
2025-01-26T06:27:17.001Z,U3160981,1019,43.61970,6.64122,5061.9,7.7,35.6,132.5,-273.0,-1.0,-1.0,RS41,403.100,12.2,150,8,2.8,-1,-1
2025-01-26T06:27:18.001Z,U3160981,1020,43.61948,6.64156,5069.8,8.4,36.0,130.5,-273.0,-1.0,-1.0,RS41,403.100,11.9,150,8,2.8,-1,-1
2025-01-26T06:27:19.001Z,U3160981,1021,43.61927,6.64190,5077.8,7.8,37.3,128.9,-273.0,-1.0,-1.0,RS41,403.100,11.4,150,8,2.8,-1,-1
2025-01-26T06:27:20.001Z,U3160981,1022,43.61906,6.64227,5085.0,6.9,37.8,129.0,-273.0,-1.0,-1.0,RS41,403.100,11.2,150,8,2.8,-1,-1
2025-01-26T06:27:21.001Z,U3160981,1023,43.61884,6.64263,5092.2,7.8,38.5,130.9,-273.0,-1.0,-1.0,RS41,403.100,11.2,150,8,2.8,-1,-1
2025-01-26T06:27:22.001Z,U3160981,1024,43.61862,6.64298,5099.7,7.8,37.4,132.1,-273.0,-1.0,-1.0,RS41,403.100,10.7,150,8,2.8,-1,-1
2025-01-26T06:27:23.001Z,U3160981,1025,43.61839,6.64333,5107.1,7.4,37.2,131.1,-273.0,-1.0,-1.0,RS41,403.100,10.5,150,8,2.8,-1,-1
2025-01-26T06:27:24.001Z,U3160981,1026,43.61817,6.64367,5113.8,7.1,37.4,130.3,-273.0,-1.0,-1.0,RS41,403.100,11.0,150,8,2.8,-1,-1
2025-01-26T06:27:25.001Z,U3160981,1027,43.61795,6.64404,5121.1,7.7,38.7,129.4,-18.5,-1.0,-1.0,RS41,403.100,12.0,150,8,2.8,-1,-1
2025-01-26T06:27:26.001Z,U3160981,1028,43.61773,6.64440,5128.4,7.7,39.1,130.6,-18.5,-1.0,-1.0,RS41,403.100,12.0,150,8,2.7,-1,-1
2025-01-26T06:27:27.001Z,U3160981,1029,43.61750,6.64477,5136.2,7.4,38.7,131.3,-18.5,-1.0,-1.0,RS41,403.100,10.4,150,8,2.7,-1,-1
2025-01-26T06:27:28.001Z,U3160981,1030,43.61728,6.64512,5144.2,9.3,37.5,130.5,-18.6,-1.0,-1.0,RS41,403.100,11.6,150,8,2.8,-1,-1
2025-01-26T06:27:29.001Z,U3160981,1031,43.61706,6.64548,5153.2,9.3,37.8,128.6,-18.7,-1.0,-1.0,RS41,403.100,11.7,150,8,2.8,-1,-1
2025-01-26T06:27:30.001Z,U3160981,1032,43.61685,6.64585,5161.3,7.7,38.2,127.3,-18.7,-1.0,-1.0,RS41,403.100,12.3,150,8,2.8,-1,-1
2025-01-26T06:27:31.001Z,U3160981,1033,43.61664,6.64623,5169.5,8.3,39.5,128.0,-18.8,-1.0,-1.0,RS41,403.100,12.6,150,8,2.8,-1,-1
2025-01-26T06:27:32.001Z,U3160981,1034,43.61642,6.64661,5176.9,7.4,39.3,129.5,-18.8,-1.0,-1.0,RS41,403.100,12.6,150,8,2.8,-1,-1
2025-01-26T06:27:33.001Z,U3160981,1035,43.61619,6.64699,5185.5,9.1,38.8,128.6,-18.7,-1.0,-1.0,RS41,403.100,11.2,150,8,2.8,-1,-1
2025-01-26T06:27:34.001Z,U3160981,1036,43.61598,6.64737,5193.4,7.6,38.4,127.5,-18.7,-1.0,-1.0,RS41,403.100,11.2,150,8,2.8,-1,-1
2025-01-26T06:27:35.001Z,U3160981,1037,43.61577,6.64775,5201.1,7.7,39.3,125.8,-18.5,-1.0,-1.0,RS41,403.100,12.6,150,8,2.8,-1,-1
2025-01-26T06:27:36.001Z,U3160981,1038,43.61556,6.64815,5208.8,8.4,40.2,126.2,-18.5,-1.0,-1.0,RS41,403.100,12.6,150,8,2.8,-1,-1
2025-01-26T06:27:37.001Z,U3160981,1039,43.61535,6.64855,5217.8,8.9,40.6,127.0,-18.5,-1.0,-1.0,RS41,403.100,12.0,150,8,2.8,-1,-1
2025-01-26T06:28:08.001Z,U3160981,1070,43.60896,6.66041,5473.1,8.6,38.6,126.7,-20.0,-1.0,-1.0,RS41,403.100,8.4,150,8,2.8,-1,-1
2025-01-26T06:28:10.001Z,U3160981,1072,43.60857,6.66117,5489.3,9.4,36.5,125.1,-20.1,-1.0,-1.0,RS41,403.100,11.2,150,8,2.8,-1,-1
2025-01-26T06:28:11.001Z,U3160981,1073,43.60838,6.66154,5498.3,8.2,36.2,126.6,-20.2,-1.0,-1.0,RS41,403.100,11.2,150,8,2.7,-1,-1
2025-01-26T06:28:12.001Z,U3160981,1074,43.60817,6.66190,5508.0,11.1,36.9,128.5,-20.3,-1.0,-1.0,RS41,403.100,11.5,150,8,2.7,-1,-1
2025-01-26T06:28:13.001Z,U3160981,1075,43.60796,6.66226,5516.7,7.9,38.1,128.6,-20.4,-1.0,-1.0,RS41,403.100,12.7,150,8,2.8,-1,-1
2025-01-26T06:28:14.001Z,U3160981,1076,43.60775,6.66264,5525.9,10.1,38.6,127.1,-20.4,-1.0,-1.0,RS41,403.100,12.7,150,8,2.8,-1,-1
2025-01-26T06:28:16.001Z,U3160981,1078,43.60734,6.66339,5544.9,6.1,37.4,126.4,-20.5,-1.0,-1.0,RS41,403.100,10.7,150,8,2.8,-1,-1
2025-01-26T06:28:17.001Z,U3160981,1079,43.60715,6.66377,5553.8,11.4,38.1,125.0,-20.6,-1.0,-1.0,RS41,403.100,9.6,150,8,2.8,-1,-1
2025-01-26T06:28:18.001Z,U3160981,1080,43.60695,6.66417,5563.2,8.5,39.0,123.4,-20.6,-1.0,-1.0,RS41,403.100,9.6,150,8,2.8,-1,-1
2025-01-26T06:28:19.001Z,U3160981,1081,43.60676,6.66457,5569.9,5.2,39.3,123.8,-20.7,-1.0,-1.0,RS41,403.100,9.9,150,8,2.8,-1,-1
2025-01-26T06:28:20.001Z,U3160981,1082,43.60656,6.66497,5576.4,7.5,38.6,124.4,-20.7,-1.0,-1.0,RS41,403.100,11.0,150,8,2.8,-1,-1
2025-01-26T06:28:21.001Z,U3160981,1083,43.60636,6.66535,5584.9,9.9,36.9,126.7,-20.8,-1.0,-1.0,RS41,403.100,11.0,150,8,2.8,-1,-1
2025-01-26T06:28:22.001Z,U3160981,1084,43.60616,6.66571,5594.5,9.3,36.4,128.2,-20.9,-1.0,-1.0,RS41,403.100,10.9,150,8,2.8,-1,-1
2025-01-26T06:28:23.001Z,U3160981,1085,43.60596,6.66606,5603.7,9.6,35.7,127.7,-21.0,-1.0,-1.0,RS41,403.100,10.9,150,8,2.7,-1,-1
2025-01-26T06:28:24.001Z,U3160981,1086,43.60577,6.66643,5613.2,9.9,36.9,125.5,-21.0,-1.0,-1.0,RS41,403.100,12.2,150,8,2.7,-1,-1
2025-01-26T06:28:25.001Z,U3160981,1087,43.60557,6.66681,5623.6,11.0,39.0,125.7,-21.1,-1.0,-1.0,RS41,403.100,12.2,150,8,2.8,-1,-1
2025-01-26T06:28:26.001Z,U3160981,1088,43.60536,6.66720,5633.9,9.8,39.1,126.1,-21.1,-1.0,-1.0,RS41,403.100,12.0,150,8,2.8,-1,-1
2025-01-26T06:28:27.001Z,U3160981,1089,43.60516,6.66759,5642.3,8.2,39.1,125.3,-21.2,-1.0,-1.0,RS41,403.100,10.9,150,8,2.8,-1,-1
2025-01-26T06:28:28.001Z,U3160981,1090,43.60496,6.66799,5650.7,8.5,39.0,123.2,-21.2,-1.0,-1.0,RS41,403.100,10.9,150,8,2.8,-1,-1
2025-01-26T06:28:29.001Z,U3160981,1091,43.60477,6.66841,5658.5,8.0,40.3,121.1,-21.3,-1.0,-1.0,RS41,403.100,10.9,150,8,2.8,-1,-1
2025-01-26T06:28:30.001Z,U3160981,1092,43.60458,6.66884,5665.7,6.8,41.4,120.9,-21.4,-1.0,-1.0,RS41,403.100,11.0,150,8,2.8,-1,-1
2025-01-26T06:28:31.001Z,U3160981,1093,43.60438,6.66928,5672.3,6.6,42.4,122.9,-21.5,-1.0,-1.0,RS41,403.100,12.2,150,8,2.8,-1,-1
2025-01-26T06:28:32.001Z,U3160981,1094,43.60417,6.66972,5679.9,8.7,41.3,124.4,-21.6,-1.0,-1.0,RS41,403.100,12.2,150,8,2.8,-1,-1
2025-01-26T06:28:33.001Z,U3160981,1095,43.60397,6.67013,5688.1,7.8,40.4,124.3,-21.7,-1.0,-1.0,RS41,403.100,13.0,150,8,2.8,-1,-1
2025-01-26T06:28:34.001Z,U3160981,1096,43.60376,6.67055,5696.4,8.9,40.2,123.0,-21.8,-1.0,-1.0,RS41,403.100,13.0,150,8,2.7,-1,-1
2025-01-26T06:28:35.001Z,U3160981,1097,43.60357,6.67097,5704.9,8.7,40.4,120.9,-21.8,-1.0,-1.0,RS41,403.100,12.6,150,8,2.8,-1,-1
2025-01-26T06:28:36.001Z,U3160981,1098,43.60338,6.67141,5712.8,7.9,41.6,121.3,-21.8,-1.0,-1.0,RS41,403.100,12.9,150,8,2.8,-1,-1
2025-01-26T06:28:37.001Z,U3160981,1099,43.60319,6.67185,5720.0,6.8,41.6,122.5,-21.8,-1.0,-1.0,RS41,403.100,14.1,150,8,2.8,-1,-1
2025-01-26T06:28:38.001Z,U3160981,1100,43.60298,6.67227,5728.1,9.0,41.1,123.8,-21.9,-1.0,-1.0,RS41,403.100,14.1,150,8,2.8,-1,-1
2025-01-26T06:28:39.001Z,U3160981,1101,43.60278,6.67269,5736.7,9.4,39.9,122.9,-21.9,-1.0,-1.0,RS41,403.100,12.9,150,8,2.8,-1,-1
2025-01-26T06:28:40.001Z,U3160981,1102,43.60258,6.67311,5745.3,7.3,40.0,122.9,-22.0,-1.0,-1.0,RS41,403.100,12.9,150,8,2.7,-1,-1
2025-01-26T06:28:41.001Z,U3160981,1103,43.60239,6.67353,5754.5,11.0,41.0,122.4,-22.1,-1.0,-1.0,RS41,403.100,13.2,150,8,2.8,-1,-1
2025-01-26T06:28:42.001Z,U3160981,1104,43.60219,6.67396,5764.4,9.4,41.5,123.7,-22.2,-1.0,-1.0,RS41,403.100,13.2,150,8,2.8,-1,-1
2025-01-26T06:28:43.001Z,U3160981,1105,43.60198,6.67438,5772.5,7.0,41.6,124.5,-22.3,-1.0,-1.0,RS41-SG,403.100,12.6,150,8,2.8,-1,-1
2025-01-26T06:28:44.001Z,U3160981,1106,43.60177,6.67480,5779.7,7.7,40.2,124.8,-22.3,-1.0,-1.0,RS41-SG,403.100,11.7,150,8,2.8,-1,-1
2025-01-26T06:28:45.001Z,U3160981,1107,43.60156,6.67521,5787.7,8.1,39.8,123.8,-22.4,-1.0,-1.0,RS41-SG,403.100,12.0,150,8,2.8,-1,-1
2025-01-26T06:28:46.001Z,U3160981,1108,43.60137,6.67562,5796.2,8.7,40.1,121.8,-22.5,-1.0,-1.0,RS41-SG,403.100,12.0,150,8,2.8,-1,-1
2025-01-26T06:28:47.001Z,U3160981,1109,43.60118,6.67605,5805.1,9.3,41.1,121.4,-22.6,-1.0,-1.0,RS41-SG,403.100,11.5,150,8,2.7,-1,-1
2025-01-26T06:28:48.001Z,U3160981,1110,43.60098,6.67649,5814.1,8.7,42.5,122.7,-22.6,-1.0,-1.0,RS41-SG,403.100,10.9,150,8,2.7,-1,-1
2025-01-26T06:28:49.001Z,U3160981,1111,43.60077,6.67692,5823.5,10.2,42.4,124.7,-22.7,-1.0,-1.0,RS41-SG,403.100,11.5,150,8,2.8,-1,-1
2025-01-26T06:28:50.001Z,U3160981,1112,43.60055,6.67735,5833.3,10.2,40.9,125.7,-22.8,-1.0,-1.0,RS41-SG,403.100,12.4,150,8,2.8,-1,-1
2025-01-26T06:28:51.001Z,U3160981,1113,43.60034,6.67775,5843.5,10.7,40.1,125.6,-22.9,-1.0,-1.0,RS41-SG,403.100,12.4,150,8,2.8,-1,-1
2025-01-26T06:28:52.001Z,U3160981,1114,43.60013,6.67816,5855.0,12.7,40.7,124.4,-23.0,-1.0,-1.0,RS41-SG,403.100,11.0,150,8,2.8,-1,-1
2025-01-26T06:28:53.001Z,U3160981,1115,43.59992,6.67858,5865.1,8.5,40.9,124.5,-23.1,3.1,-1.0,RS41-SG,403.100,10.8,150,8,2.8,-1,-1
2025-01-26T06:28:54.001Z,U3160981,1116,43.59972,6.67899,5873.4,8.5,40.4,124.2,-23.2,3.1,-1.0,RS41-SG,403.100,11.5,150,8,2.8,-1,-1
2025-01-26T06:28:55.001Z,U3160981,1117,43.59952,6.67940,5881.3,7.9,39.0,122.6,-23.3,3.2,-1.0,RS41-SG,403.100,11.6,150,8,2.8,-1,-1
2025-01-26T06:28:56.001Z,U3160981,1118,43.59934,6.67981,5889.7,9.1,38.3,121.0,-23.3,3.1,-1.0,RS41-SG,403.100,11.6,150,8,2.8,-1,-1
2025-01-26T06:28:57.001Z,U3160981,1119,43.59916,6.68022,5897.3,6.3,39.0,120.5,-23.4,3.1,-1.0,RS41-SG,403.100,11.5,150,8,2.8,-1,-1
2025-01-26T06:28:58.001Z,U3160981,1120,43.59898,6.68064,5905.3,9.6,39.9,121.0,-23.5,3.0,-1.0,RS41-SG,403.100,10.8,150,8,2.7,-1,-1
2025-01-26T06:28:59.001Z,U3160981,1121,43.59878,6.68106,5914.8,9.1,40.6,123.7,-23.6,3.1,-1.0,RS41-SG,403.100,10.1,150,8,2.8,-1,-1
2025-01-26T06:29:00.001Z,U3160981,1122,43.59858,6.68147,5923.6,8.9,40.0,125.0,-23.7,3.1,-1.0,RS41-SG,403.100,9.3,150,8,2.8,-1,-1
2025-01-26T06:29:55.001Z,U3160981,1177,43.58697,6.70415,6420.8,7.7,41.0,127.2,-28.3,3.7,-1.0,RS41-SG,403.100,10.3,150,8,2.7,-1,-1
2025-01-26T06:29:56.001Z,U3160981,1178,43.58675,6.70454,6428.6,8.3,39.9,127.4,-28.4,3.7,-1.0,RS41-SG,403.100,10.3,150,8,2.7,-1,-1
2025-01-26T06:29:57.001Z,U3160981,1179,43.58653,6.70494,6437.2,9.7,39.7,126.0,-28.5,3.7,-1.0,RS41-SG,403.100,11.6,150,8,2.8,-1,-1
2025-01-26T06:29:59.001Z,U3160981,1181,43.58611,6.70575,6455.6,9.5,40.8,126.3,-28.6,3.6,-1.0,RS41-SG,403.100,10.6,150,8,2.8,-1,-1
2025-01-26T06:30:00.001Z,U3160981,1182,43.58589,6.70615,6464.5,8.4,40.6,127.6,-28.7,3.6,-1.0,RS41-SG,403.100,10.6,150,8,2.8,-1,-1
2025-01-26T06:30:25.001Z,U3160981,1207,43.58053,6.71583,6687.4,8.6,37.5,128.3,-30.4,4.5,-1.0,RS41-SG,403.100,8.3,150,8,2.8,-1,-1
2025-01-26T06:30:40.001Z,U3160981,1222,43.57732,6.72134,6819.5,10.5,40.1,132.2,-31.5,5.0,-1.0,RS41-SG,403.100,8.8,150,8,2.8,-1,-1
2025-01-26T06:30:41.001Z,U3160981,1223,43.57708,6.72171,6827.6,5.9,39.9,131.9,-31.6,5.1,-1.0,RS41-SG,403.100,10.8,150,8,2.8,-1,-1
2025-01-26T06:30:42.001Z,U3160981,1224,43.57685,6.72208,6834.1,6.7,39.1,130.5,-31.7,5.2,-1.0,RS41-SG,403.100,10.8,150,8,2.8,-1,-1
2025-01-26T06:30:43.001Z,U3160981,1225,43.57663,6.72245,6840.0,5.4,38.7,127.7,-31.7,5.3,-1.0,RS41-SG,403.100,10.2,150,8,2.8,-1,-1
2025-01-26T06:30:44.001Z,U3160981,1226,43.57642,6.72283,6844.9,4.6,39.1,126.3,-31.8,5.4,-1.0,RS41-SG,403.100,11.0,150,8,2.8,-1,-1
2025-01-26T06:30:45.001Z,U3160981,1227,43.57621,6.72323,6850.7,7.4,39.6,126.0,-31.8,5.3,-1.0,RS41-SG,403.100,11.0,150,8,2.7,-1,-1
2025-01-26T06:30:46.001Z,U3160981,1228,43.57600,6.72362,6857.8,6.2,39.1,127.3,-31.8,5.3,-1.0,RS41-SG,403.100,9.3,150,8,2.8,-1,-1
2025-01-26T06:30:47.001Z,U3160981,1229,43.57578,6.72400,6865.5,10.0,38.8,128.4,-31.9,5.3,-1.0,RS41-SG,403.100,10.0,150,8,2.8,-1,-1
2025-01-26T06:30:49.001Z,U3160981,1231,43.57534,6.72474,6883.2,7.6,38.2,129.9,-32.1,5.4,-1.0,RS41-SG,403.100,10.6,150,8,2.8,-1,-1
2025-01-26T06:30:50.001Z,U3160981,1232,43.57512,6.72509,6891.5,9.6,37.3,132.9,-32.1,5.4,-1.0,RS41-SG,403.100,10.6,150,8,2.7,-1,-1
2025-01-26T06:30:51.001Z,U3160981,1233,43.57489,6.72543,6899.9,6.8,37.5,134.5,-32.2,5.4,-1.0,RS41-SG,403.100,12.1,150,8,2.8,-1,-1
2025-01-26T06:30:52.001Z,U3160981,1234,43.57465,6.72576,6906.6,7.0,38.5,135.2,-32.3,5.5,-1.0,RS41-SG,403.100,12.1,150,8,2.8,-1,-1
2025-01-26T06:30:53.001Z,U3160981,1235,43.57440,6.72610,6913.3,7.4,38.8,133.0,-32.3,5.5,-1.0,RS41-SG,403.100,12.7,150,8,2.8,-1,-1
2025-01-26T06:30:54.001Z,U3160981,1236,43.57417,6.72645,6921.0,7.5,38.5,131.6,-32.4,5.6,-1.0,RS41-SG,403.100,12.7,150,8,2.8,-1,-1
2025-01-26T06:30:55.001Z,U3160981,1237,43.57395,6.72681,6928.0,6.8,37.4,130.7,-32.4,5.8,-1.0,RS41-SG,403.100,12.0,150,8,2.7,-1,-1
2025-01-26T06:30:56.001Z,U3160981,1238,43.57373,6.72715,6935.0,8.0,35.9,131.4,-32.5,5.9,-1.0,RS41-SG,403.100,12.7,150,8,2.8,-1,-1
2025-01-26T06:30:57.001Z,U3160981,1239,43.57351,6.72748,6942.4,7.2,36.2,132.9,-32.5,6.1,-1.0,RS41-SG,403.100,12.7,150,8,2.8,-1,-1
2025-01-26T06:30:58.001Z,U3160981,1240,43.57328,6.72781,6950.4,9.0,37.6,134.0,-32.6,6.3,-1.0,RS41-SG,403.100,12.4,150,8,2.8,-1,-1
2025-01-26T06:30:59.001Z,U3160981,1241,43.57305,6.72815,6958.2,6.5,38.8,133.0,-32.7,6.5,-1.0,RS41-SG,403.100,12.2,150,8,2.8,-1,-1
2025-01-26T06:31:00.001Z,U3160981,1242,43.57281,6.72851,6965.1,7.6,38.8,131.8,-32.7,6.5,-1.0,RS41-SG,403.100,10.8,150,8,2.7,-1,-1
2025-01-26T06:31:01.001Z,U3160981,1243,43.57258,6.72886,6972.8,7.8,37.8,131.7,-32.8,6.5,-1.0,RS41-SG,403.100,10.8,150,8,2.8,-1,-1
2025-01-26T06:31:02.001Z,U3160981,1244,43.57235,6.72920,6979.6,6.5,37.0,133.2,-32.8,6.4,-1.0,RS41-SG,403.100,11.1,150,8,2.8,-1,-1
2025-01-26T06:31:03.001Z,U3160981,1245,43.57212,6.72953,6987.3,9.5,37.0,136.0,-32.9,6.3,-1.0,RS41-SG,403.100,12.8,150,8,2.8,-1,-1
2025-01-26T06:31:04.001Z,U3160981,1246,43.57188,6.72985,6996.1,8.1,38.2,136.5,-33.0,6.1,-1.0,RS41-SG,403.100,12.8,150,8,2.8,-1,-1
2025-01-26T06:31:05.001Z,U3160981,1247,43.57163,6.73018,7004.4,8.0,39.0,135.5,-33.0,6.1,-1.0,RS41-SG,403.100,13.2,150,8,2.7,-1,-1
2025-01-26T06:31:06.001Z,U3160981,1248,43.57138,6.73052,7013.1,10.2,38.1,133.0,-33.1,5.9,-1.0,RS41-SG,403.100,13.8,150,8,2.8,-1,-1
2025-01-26T06:31:07.001Z,U3160981,1249,43.57115,6.73087,7021.4,6.8,37.5,132.6,-33.2,6.0,-1.0,RS41-SG,403.100,13.8,150,8,2.8,-1,-1
2025-01-26T06:31:08.001Z,U3160981,1250,43.57093,6.73120,7028.4,7.9,36.5,133.0,-33.2,6.0,-1.0,RS41-SG,403.100,15.3,150,8,2.8,-1,-1
2025-01-26T06:31:09.001Z,U3160981,1251,43.57070,6.73153,7038.3,11.4,37.4,135.5,-33.3,5.9,-1.0,RS41-SG,403.100,15.3,150,8,2.8,-1,-1
2025-01-26T06:31:10.001Z,U3160981,1252,43.57045,6.73186,7050.5,13.2,38.7,136.7,-33.4,5.9,-1.0,RS41-SG,403.100,14.9,150,8,2.7,-1,-1
2025-01-26T06:31:11.001Z,U3160981,1253,43.57020,6.73219,7060.1,6.6,39.0,135.5,-33.5,6.1,-1.0,RS41-SG,403.100,14.9,150,8,2.8,-1,-1
2025-01-26T06:31:12.001Z,U3160981,1254,43.56995,6.73253,7067.4,7.4,38.5,135.4,-33.5,6.4,-1.0,RS41-SG,403.100,14.3,150,8,2.8,-1,-1
2025-01-26T06:31:13.001Z,U3160981,1255,43.56970,6.73285,7075.2,8.8,37.2,137.0,-33.6,6.4,-1.0,RS41-SG,403.100,14.3,150,8,2.8,-1,-1
2025-01-26T06:31:14.001Z,U3160981,1256,43.56946,6.73316,7082.3,5.7,36.8,138.2,-33.7,6.5,-1.0,RS41-SG,403.100,14.2,150,8,2.8,-1,-1
2025-01-26T06:31:15.001Z,U3160981,1257,43.56921,6.73346,7089.5,9.5,37.3,138.2,-33.7,6.4,-1.0,RS41-SG,403.100,12.7,150,8,2.7,-1,-1
2025-01-26T06:31:16.001Z,U3160981,1258,43.56896,6.73378,7098.3,8.4,38.3,136.1,-33.8,6.4,-1.0,RS41-SG,403.100,12.7,150,8,2.7,-1,-1
2025-01-26T06:31:17.001Z,U3160981,1259,43.56871,6.73411,7105.8,6.8,38.2,134.7,-33.9,6.5,-1.0,RS41-SG,403.100,12.3,150,8,2.8,-1,-1
2025-01-26T06:31:18.001Z,U3160981,1260,43.56848,6.73445,7112.3,6.3,37.4,134.6,-34.0,6.6,-1.0,RS41-SG,403.100,12.3,150,8,2.8,-1,-1
2025-01-26T06:31:19.001Z,U3160981,1261,43.56824,6.73477,7119.4,7.8,37.2,136.9,-34.0,6.6,-1.0,RS41-SG,403.100,10.8,150,8,2.8,-1,-1
2025-01-26T06:31:20.001Z,U3160981,1262,43.56799,6.73508,7127.3,8.4,38.0,138.5,-34.1,6.5,-1.0,RS41-SG,403.100,10.6,150,8,2.8,-1,-1
2025-01-26T06:31:21.001Z,U3160981,1263,43.56773,6.73540,7134.8,7.1,38.6,138.0,-34.1,6.5,-1.0,RS41-SG,403.100,11.2,150,8,2.8,-1,-1
2025-01-26T06:31:22.001Z,U3160981,1264,43.56747,6.73572,7141.2,5.6,39.3,136.6,-34.2,6.5,-1.0,RS41-SG,403.100,12.3,150,8,2.8,-1,-1
2025-01-26T06:31:23.001Z,U3160981,1265,43.56722,6.73606,7147.1,6.5,38.6,134.3,-34.2,6.5,-1.0,RS41-SG,403.100,14.2,150,8,2.8,-1,-1
2025-01-26T06:31:24.001Z,U3160981,1266,43.56699,6.73640,7153.5,7.0,37.1,133.6,-34.3,6.5,-1.0,RS41-SG,403.100,14.5,150,8,2.7,-1,-1
2025-01-26T06:31:25.001Z,U3160981,1267,43.56676,6.73672,7160.1,6.6,36.0,134.5,-34.3,6.4,-1.0,RS41-SG,403.100,15.3,150,8,2.7,-1,-1
2025-01-26T06:31:26.001Z,U3160981,1268,43.56653,6.73703,7167.0,7.3,36.0,136.5,-34.4,6.3,-1.0,RS41-SG,403.100,15.3,150,8,2.8,-1,-1
2025-01-26T06:31:27.001Z,U3160981,1269,43.56629,6.73734,7173.6,6.5,37.0,138.1,-34.4,6.3,-1.0,RS41-SG,403.100,13.9,150,8,2.8,-1,-1
2025-01-26T06:31:28.001Z,U3160981,1270,43.56603,6.73765,7180.1,6.3,38.6,137.6,-34.5,6.3,-1.0,RS41-SG,403.100,13.9,150,8,2.8,-1,-1
2025-01-26T06:31:29.001Z,U3160981,1271,43.56578,6.73798,7187.3,8.0,39.4,136.0,-34.5,6.3,-1.0,RS41-SG,403.100,12.4,150,8,2.8,-1,-1
2025-01-26T06:31:30.001Z,U3160981,1272,43.56553,6.73832,7194.4,7.0,38.5,134.0,-34.6,6.4,-1.0,RS41-SG,403.100,12.0,150,8,2.8,-1,-1
2025-01-26T06:31:34.001Z,U3160981,1276,43.56454,6.73961,7224.1,7.0,38.7,138.4,-34.9,7.0,-1.0,RS41-SG,403.100,9.2,150,8,2.7,-1,-1
2025-01-26T06:31:36.001Z,U3160981,1278,43.56403,6.74025,7239.2,7.7,37.3,136.3,-35.0,7.3,-1.0,RS41-SG,403.100,11.0,150,8,2.8,-1,-1
2025-01-26T06:31:38.001Z,U3160981,1280,43.56355,6.74086,7256.9,10.6,36.7,139.9,-35.1,7.1,-1.0,RS41-SG,403.100,11.0,150,8,2.8,-1,-1
2025-01-26T06:31:39.001Z,U3160981,1281,43.56329,6.74115,7264.4,5.4,36.8,139.8,-35.2,7.1,-1.0,RS41-SG,403.100,11.0,150,8,2.8,-1,-1
2025-01-26T06:31:40.001Z,U3160981,1282,43.56304,6.74144,7270.2,6.0,36.5,139.8,-35.2,7.1,-1.0,RS41-SG,403.100,11.9,150,8,2.8,-1,-1
2025-01-26T06:31:41.001Z,U3160981,1283,43.56280,6.74173,7277.9,9.7,34.5,139.4,-35.3,6.9,-1.0,RS41-SG,403.100,11.9,150,8,2.8,-1,-1
2025-01-26T06:31:42.001Z,U3160981,1284,43.56256,6.74201,7285.7,6.0,34.3,138.7,-35.3,6.8,-1.0,RS41-SG,403.100,10.7,150,8,2.7,-1,-1
2025-01-26T06:31:44.001Z,U3160981,1286,43.56209,6.74259,7299.7,9.2,36.9,137.0,-35.4,6.6,-1.0,RS41-SG,403.100,8.8,150,8,2.8,-1,-1
2025-01-26T06:32:03.001Z,U3160981,1305,43.55732,6.74863,7439.4,9.0,38.9,139.6,-36.6,8.0,-1.0,RS41-SG,403.100,8.1,150,8,2.8,-1,-1
2025-01-26T06:32:04.001Z,U3160981,1306,43.55706,6.74894,7448.2,9.0,38.0,138.7,-36.7,8.1,-1.0,RS41-SG,403.100,9.8,150,8,2.7,-1,-1
2025-01-26T06:32:05.001Z,U3160981,1307,43.55680,6.74925,7455.3,6.3,37.4,138.9,-36.7,8.3,-1.0,RS41-SG,403.100,10.3,150,8,2.7,-1,-1
2025-01-26T06:32:06.001Z,U3160981,1308,43.55655,6.74955,7461.6,6.5,37.6,140.1,-36.8,8.3,-1.0,RS41-SG,403.100,10.3,150,8,2.8,-1,-1
2025-01-26T06:32:07.001Z,U3160981,1309,43.55628,6.74985,7469.2,8.9,39.5,140.0,-36.9,8.4,-1.0,RS41-SG,403.100,10.0,150,8,2.8,-1,-1
2025-01-26T06:32:12.001Z,U3160981,1314,43.55492,6.75145,7507.7,5.7,39.2,141.1,-37.2,9.4,-1.0,RS41-SG,403.100,9.1,150,8,2.7,-1,-1
2025-01-26T06:32:15.001Z,U3160981,1317,43.55415,6.75241,7527.4,8.7,39.2,134.4,-37.4,9.6,-1.0,RS41-SG,403.100,9.0,150,8,2.8,-1,-1
2025-01-26T06:32:17.001Z,U3160981,1319,43.55363,6.75311,7540.9,6.2,40.8,137.0,-37.5,9.6,-1.0,RS41-SG,403.100,10.0,150,8,2.8,-1,-1
2025-01-26T06:32:19.001Z,U3160981,1321,43.55309,6.75374,7557.0,8.5,38.4,142.5,-37.7,9.5,-1.0,RS41-SG,403.100,9.0,150,8,2.8,-1,-1
2025-01-26T06:32:22.001Z,U3160981,1324,43.55228,6.75463,7578.1,6.9,39.5,140.1,-37.8,9.6,-1.0,RS41-SG,403.100,8.7,150,8,2.7,-1,-1
2025-01-26T06:32:24.001Z,U3160981,1326,43.55172,6.75525,7595.0,10.3,40.1,140.9,-38.0,9.5,-1.0,RS41-SG,403.100,9.7,150,8,2.8,-1,-1
2025-01-26T06:32:25.001Z,U3160981,1327,43.55145,6.75557,7603.5,6.9,39.2,139.9,-38.1,9.6,-1.0,RS41-SG,403.100,10.6,150,8,2.8,-1,-1
2025-01-26T06:32:26.001Z,U3160981,1328,43.55118,6.75588,7609.9,6.1,39.3,138.1,-38.1,9.7,-1.0,RS41-SG,403.100,10.6,150,8,2.8,-1,-1
2025-01-26T06:32:27.001Z,U3160981,1329,43.55091,6.75621,7617.5,8.7,40.8,138.1,-38.2,9.7,-1.0,RS41-SG,403.100,10.1,150,8,2.8,-1,-1
2025-01-26T06:32:29.001Z,U3160981,1331,43.55035,6.75688,7631.3,6.2,41.1,140.8,-38.3,9.9,-1.0,RS41-SG,403.100,10.0,150,8,2.7,-1,-1
2025-01-26T06:32:30.001Z,U3160981,1332,43.55007,6.75719,7637.4,5.9,39.7,141.5,-38.4,9.9,-1.0,RS41-SG,403.100,9.5,150,8,2.7,-1,-1
2025-01-26T06:32:31.001Z,U3160981,1333,43.54980,6.75750,7644.3,7.9,38.5,140.3,-38.5,9.9,-1.0,RS41-SG,403.100,10.8,150,8,2.8,-1,-1
2025-01-26T06:32:32.001Z,U3160981,1334,43.54953,6.75781,7652.1,7.8,38.4,138.3,-38.5,9.8,-1.0,RS41-SG,403.100,11.9,150,8,2.8,-1,-1
2025-01-26T06:32:33.001Z,U3160981,1335,43.54927,6.75813,7659.2,6.6,39.3,138.0,-38.6,10.0,-1.0,RS41-SG,403.100,11.9,150,8,2.8,-1,-1
2025-01-26T06:32:34.001Z,U3160981,1336,43.54901,6.75845,7667.2,9.3,39.9,139.2,-38.7,9.9,-1.0,RS41-SG,403.100,12.7,150,8,2.8,-1,-1
2025-01-26T06:32:35.001Z,U3160981,1337,43.54874,6.75877,7675.1,6.0,39.7,139.9,-38.8,10.1,-1.0,RS41-SG,403.100,12.7,150,8,2.8,-1,-1
2025-01-26T06:32:36.001Z,U3160981,1338,43.54847,6.75909,7683.0,9.2,39.4,139.1,-38.8,10.1,-1.0,RS41-SG,403.100,13.2,150,8,2.8,-1,-1
2025-01-26T06:32:37.001Z,U3160981,1339,43.54820,6.75942,7692.0,8.7,40.0,137.5,-38.9,10.1,-1.0,RS41-SG,403.100,14.2,150,8,2.7,-1,-1
2025-01-26T06:32:38.001Z,U3160981,1340,43.54793,6.75976,7699.5,6.7,40.8,137.1,-39.0,10.1,-1.0,RS41-SG,403.100,14.3,150,8,2.7,-1,-1
2025-01-26T06:32:39.001Z,U3160981,1341,43.54766,6.76010,7706.9,8.2,41.5,139.0,-39.0,10.1,-1.0,RS41-SG,403.100,14.5,150,8,2.8,-1,-1
2025-01-26T06:32:40.001Z,U3160981,1342,43.54738,6.76043,7714.2,7.1,40.6,140.3,-39.1,10.1,-1.0,RS41-SG,403.100,14.5,150,8,2.8,-1,-1
2025-01-26T06:32:41.001Z,U3160981,1343,43.54710,6.76074,7720.5,6.0,39.5,140.3,-39.2,10.2,-1.0,RS41-SG,403.100,14.3,150,8,2.8,-1,-1
2025-01-26T06:32:42.001Z,U3160981,1344,43.54683,6.76106,7728.1,8.9,38.7,138.2,-39.2,10.1,-1.0,RS41-SG,403.100,13.2,150,8,2.8,-1,-1
2025-01-26T06:32:43.001Z,U3160981,1345,43.54657,6.76138,7737.2,9.5,39.3,136.8,-39.3,9.9,-1.0,RS41-SG,403.100,12.7,150,8,2.8,-1,-1
2025-01-26T06:32:44.001Z,U3160981,1346,43.54631,6.76172,7745.6,7.4,40.3,136.9,-39.4,9.8,-1.0,RS41-SG,403.100,12.1,150,8,2.8,-1,-1
2025-01-26T06:32:45.001Z,U3160981,1347,43.54604,6.76206,7752.7,7.1,40.3,138.5,-39.5,9.8,-1.0,RS41-SG,403.100,12.1,150,8,2.7,-1,-1
2025-01-26T06:32:46.001Z,U3160981,1348,43.54577,6.76238,7759.4,6.7,39.4,139.5,-39.5,9.9,-1.0,RS41-SG,403.100,10.4,150,8,2.7,-1,-1
2025-01-26T06:32:47.001Z,U3160981,1349,43.54551,6.76269,7765.7,7.2,38.5,138.8,-39.6,9.9,-1.0,RS41-SG,403.100,8.4,150,8,2.8,-1,-1
2025-01-26T06:32:49.001Z,U3160981,1351,43.54499,6.76334,7779.8,7.3,39.6,137.1,-39.7,9.8,-1.0,RS41-SG,403.100,7.9,150,8,2.8,-1,-1
2025-01-26T06:32:50.001Z,U3160981,1352,43.54473,6.76367,7786.7,6.7,40.6,138.1,-39.8,9.9,-1.0,RS41-SG,403.100,12.3,150,8,2.8,-1,-1
2025-01-26T06:32:51.001Z,U3160981,1353,43.54445,6.76400,7793.3,6.1,41.0,139.6,-39.9,9.9,-1.0,RS41-SG,403.100,12.3,150,8,2.8,-1,-1
2025-01-26T06:32:52.001Z,U3160981,1354,43.54417,6.76433,7800.1,7.7,40.2,140.2,-39.9,9.9,-1.0,RS41-SG,403.100,12.8,150,8,2.8,-1,-1
2025-01-26T06:32:53.001Z,U3160981,1355,43.54390,6.76465,7808.2,8.9,39.3,138.7,-40.0,9.9,-1.0,RS41-SG,403.100,12.8,150,8,2.7,-1,-1
2025-01-26T06:32:54.001Z,U3160981,1356,43.54364,6.76497,7816.1,7.0,39.7,136.9,-40.1,10.0,-1.0,RS41-SG,403.100,12.0,150,8,2.7,-1,-1
2025-01-26T06:32:55.001Z,U3160981,1357,43.54338,6.76532,7824.1,8.9,41.1,135.5,-40.1,10.0,-1.0,RS41-SG,403.100,12.9,150,8,2.8,-1,-1
2025-01-26T06:32:56.001Z,U3160981,1358,43.54311,6.76568,7833.7,10.7,42.1,136.6,-40.2,10.1,-1.0,RS41-SG,403.100,12.9,150,8,2.8,-1,-1
2025-01-26T06:32:57.001Z,U3160981,1359,43.54283,6.76603,7842.0,6.4,42.0,137.5,-40.3,10.2,-1.0,RS41-SG,403.100,12.4,150,8,2.8,-1,-1
2025-01-26T06:32:59.001Z,U3160981,1361,43.54229,6.76672,7859.2,6.7,40.4,136.1,-40.4,10.8,-1.0,RS41-SG,403.100,9.7,150,8,2.8,-1,-1
2025-01-26T06:33:00.001Z,U3160981,1362,43.54203,6.76707,7865.2,5.8,40.1,135.4,-40.5,11.3,-1.0,RS41-SG,403.100,10.2,150,8,2.8,-1,-1
2025-01-26T06:33:04.001Z,U3160981,1366,43.54093,6.76842,7893.6,5.8,42.2,138.2,-40.6,11.8,-1.0,RS41-SG,403.100,8.3,150,8,2.8,-1,-1
2025-01-26T06:33:08.001Z,U3160981,1370,43.53989,6.76985,7921.7,6.3,41.0,134.7,-40.8,11.4,-1.0,RS41-SG,403.100,7.9,150,8,2.8,-1,-1
2025-01-26T06:33:10.001Z,U3160981,1372,43.53934,6.77055,7932.9,4.5,42.6,140.0,-40.9,11.0,-1.0,RS41-SG,403.100,8.2,150,8,2.7,-1,-1
2025-01-26T06:33:11.001Z,U3160981,1373,43.53904,6.77089,7938.2,6.6,43.3,141.1,-40.9,10.6,-1.0,RS41-SG,403.100,10.1,150,8,2.8,-1,-1
2025-01-26T06:33:12.001Z,U3160981,1374,43.53874,6.77123,7943.1,4.4,42.5,140.3,-41.0,10.2,-1.0,RS41-SG,403.100,10.1,150,8,2.8,-1,-1
2025-01-26T06:33:13.001Z,U3160981,1375,43.53845,6.77156,7948.2,6.5,41.4,140.1,-41.0,9.9,-1.0,RS41-SG,403.100,9.8,150,8,2.8,-1,-1
2025-01-26T06:33:14.001Z,U3160981,1376,43.53817,6.77189,7953.4,4.2,40.3,139.2,-41.1,9.8,-1.0,RS41-SG,403.100,10.8,150,8,2.8,-1,-1
2025-01-26T06:33:15.001Z,U3160981,1377,43.53790,6.77221,7958.7,6.4,39.7,139.3,-41.1,9.8,-1.0,RS41-SG,403.100,11.3,150,8,2.8,-1,-1
2025-01-26T06:33:16.001Z,U3160981,1378,43.53763,6.77253,7964.2,4.7,40.4,138.5,-41.1,9.9,-1.0,RS41-SG,403.100,11.3,150,8,2.7,-1,-1
2025-01-26T06:33:17.001Z,U3160981,1379,43.53736,6.77287,7970.4,7.4,41.0,138.7,-41.2,10.1,-1.0,RS41-SG,403.100,9.4,150,8,2.7,-1,-1
2025-01-26T06:34:08.001Z,U3160981,1430,43.52402,6.79192,8381.6,7.3,43.7,133.0,-44.9,15.4,-1.0,RS41-SG,403.100,8.4,150,8,2.7,-1,-1
2025-01-26T06:34:13.001Z,U3160981,1435,43.52271,6.79383,8424.1,7.2,42.2,137.2,-45.2,15.6,-1.0,RS41-SG,403.100,11.0,150,8,2.8,-1,-1
2025-01-26T06:34:14.001Z,U3160981,1436,43.52243,6.79418,8430.3,6.3,40.9,137.2,-45.3,15.5,-1.0,RS41-SG,403.100,11.0,150,8,2.8,-1,-1
2025-01-26T06:34:15.001Z,U3160981,1437,43.52217,6.79452,8436.6,6.6,39.5,136.7,-45.3,15.4,-1.0,RS41-SG,403.100,10.9,150,8,2.7,-1,-1
2025-01-26T06:34:16.001Z,U3160981,1438,43.52192,6.79485,8443.0,7.0,38.5,135.2,-45.4,15.1,-1.0,RS41-SG,403.100,10.8,150,8,2.7,-1,-1
2025-01-26T06:34:21.001Z,U3160981,1443,43.52063,6.79670,8482.0,7.5,43.4,137.1,-45.7,14.3,-1.0,RS41-SG,403.100,9.0,150,8,2.8,-1,-1
2025-01-26T06:34:22.001Z,U3160981,1444,43.52035,6.79706,8489.9,8.5,42.4,137.1,-45.7,14.2,-1.0,RS41-SG,403.100,10.0,150,8,2.7,-1,-1
2025-01-26T06:34:23.001Z,U3160981,1445,43.52007,6.79741,8497.8,7.7,42.0,136.3,-45.8,14.1,-1.0,RS41-SG,403.100,10.4,150,8,2.7,-1,-1
2025-01-26T06:34:24.001Z,U3160981,1446,43.51980,6.79778,8506.0,9.2,42.7,135.9,-45.9,14.0,-1.0,RS41-SG,403.100,11.6,150,8,2.8,-1,-1
2025-01-26T06:34:25.001Z,U3160981,1447,43.51952,6.79814,8514.5,8.0,43.2,136.7,-46.0,14.1,-1.0,RS41-SG,403.100,11.8,150,8,2.8,-1,-1
2025-01-26T06:34:26.001Z,U3160981,1448,43.51923,6.79850,8523.2,9.6,42.7,138.6,-46.0,13.9,-1.0,RS41-SG,403.100,11.8,150,8,2.8,-1,-1
2025-01-26T06:34:27.001Z,U3160981,1449,43.51895,6.79885,8530.8,7.0,41.3,138.2,-46.1,14.0,-1.0,RS41-SG,403.100,11.7,150,8,2.8,-1,-1
2025-01-26T06:34:28.001Z,U3160981,1450,43.51868,6.79919,8537.2,5.7,40.6,137.3,-46.2,14.1,-1.0,RS41-SG,403.100,10.2,150,8,2.8,-1,-1
2025-01-26T06:34:37.001Z,U3160981,1459,43.51623,6.80242,8604.5,7.1,43.8,137.7,-46.8,14.3,-1.0,RS41-SG,403.100,8.8,150,8,2.7,-1,-1
2025-01-26T06:35:31.001Z,U3160981,1513,43.50157,6.82035,9039.4,8.5,39.2,136.1,-50.6,19.1,-1.0,RS41-SG,403.100,9.3,150,8,2.8,-1,-1
2025-01-26T06:35:32.001Z,U3160981,1514,43.50131,6.82068,9047.1,7.0,39.2,137.5,-50.7,19.2,-1.0,RS41-SG,403.100,9.6,150,8,2.8,-1,-1
2025-01-26T06:35:33.001Z,U3160981,1515,43.50106,6.82100,9053.9,7.0,38.0,137.6,-50.8,19.4,-1.0,RS41-SG,403.100,9.7,150,8,2.8,-1,-1
2025-01-26T06:35:35.001Z,U3160981,1517,43.50057,6.82164,9068.4,7.1,36.9,134.4,-50.9,19.3,-1.0,RS41-SG,403.100,7.7,150,8,2.7,-1,-1
2025-01-26T06:35:37.001Z,U3160981,1519,43.50010,6.82231,9082.1,7.3,38.9,135.1,-51.0,19.2,-1.0,RS41-SG,403.100,8.6,150,8,2.8,-1,-1
2025-01-26T06:35:50.001Z,U3160981,1532,43.49689,6.82657,9175.8,7.4,40.2,136.1,-51.8,20.3,-1.0,RS41-SG,403.100,9.1,150,8,2.8,-1,-1
2025-01-26T06:35:51.001Z,U3160981,1533,43.49663,6.82691,9182.8,6.9,39.6,137.5,-51.9,20.5,-1.0,RS41-SG,403.100,9.1,150,8,2.8,-1,-1
2025-01-26T06:35:52.001Z,U3160981,1534,43.49637,6.82724,9189.6,6.8,38.8,137.0,-51.9,20.8,-1.0,RS41-SG,403.100,9.1,150,8,2.8,-1,-1
2025-01-26T06:35:53.001Z,U3160981,1535,43.49612,6.82757,9196.8,7.5,38.7,135.7,-52.0,20.9,-1.0,RS41-SG,403.100,9.5,150,8,2.8,-1,-1
2025-01-26T06:35:55.001Z,U3160981,1537,43.49561,6.82825,9211.9,7.1,39.6,136.3,-52.1,21.1,-1.0,RS41-SG,403.100,9.8,150,8,2.7,-1,-1
2025-01-26T06:36:05.001Z,U3160981,1547,43.49324,6.83173,9266.4,5.9,39.3,133.1,-52.5,22.0,-1.0,RS41-SG,403.100,9.1,150,8,2.8,-1,-1
2025-01-26T06:37:33.001Z,U3160981,1635,43.47669,6.86050,9891.9,4.5,30.5,119.7,-54.9,16.5,-1.0,RS41-SG,403.100,8.1,150,9,2.7,-1,-1
2025-01-26T06:37:34.001Z,U3160981,1636,43.47656,6.86083,9896.3,3.9,30.8,118.6,-54.9,16.2,-1.0,RS41-SG,403.100,9.5,150,9,2.7,-1,-1
2025-01-26T06:37:35.001Z,U3160981,1637,43.47643,6.86117,9901.4,5.6,31.1,116.8,-54.9,16.0,-1.0,RS41-SG,403.100,9.5,150,9,2.8,-1,-1
2025-01-26T06:37:36.001Z,U3160981,1638,43.47630,6.86151,9905.3,2.4,30.9,116.6,-55.0,16.0,-1.0,RS41-SG,403.100,9.3,150,9,2.8,-1,-1
2025-01-26T06:37:37.001Z,U3160981,1639,43.47618,6.86186,9909.5,6.0,31.2,115.1,-55.0,15.6,-1.0,RS41-SG,403.100,9.1,150,9,2.8,-1,-1
2025-01-26T06:38:27.001Z,U3160981,1689,43.47073,6.87860,10189.0,6.5,26.4,121.1,-53.5,8.8,-1.0,RS41-SG,403.100,8.7,150,9,2.7,-1,-1
2025-01-26T06:38:40.001Z,U3160981,1702,43.46974,6.88213,10273.0,6.5,22.5,111.2,-53.9,7.7,-1.0,RS41-SG,403.100,8.1,150,9,2.8,-1,-1
2025-01-26T06:38:44.001Z,U3160981,1706,43.46944,6.88314,10296.9,6.0,22.2,111.4,-54.0,7.4,-1.0,RS41-SG,403.100,7.8,150,9,2.7,-1,-1
2025-01-26T06:38:50.001Z,U3160981,1712,43.46898,6.88466,10340.2,5.8,23.3,120.4,-53.9,6.9,-1.0,RS41-SG,403.100,9.3,150,9,2.7,-1,-1
2025-01-26T06:41:18.001Z,U3160981,1860,43.46631,6.92227,11114.5,2.2,20.1,89.6,-53.4,2.5,-1.0,RS41-SG,403.100,8.1,150,10,2.8,-1,-1
2025-01-26T06:41:20.001Z,U3160981,1862,43.46632,6.92275,11121.9,2.3,18.7,87.2,-53.3,2.4,-1.0,RS41-SG,403.100,8.4,150,10,2.8,-1,-1
2025-01-26T06:41:27.001Z,U3160981,1869,43.46633,6.92440,11149.1,2.6,20.3,93.2,-53.1,2.4,-1.0,RS41-SG,403.100,8.6,150,9,2.8,-1,-1
2025-01-26T06:41:28.001Z,U3160981,1870,43.46632,6.92465,11153.2,5.3,20.1,92.8,-53.1,2.3,-1.0,RS41-SG,403.100,8.0,150,10,2.7,-1,-1
2025-01-26T06:41:29.001Z,U3160981,1871,43.46631,6.92489,11157.5,2.7,20.2,91.0,-53.1,2.4,-1.0,RS41-SG,403.100,8.0,150,10,2.7,-1,-1
2025-01-26T06:41:31.001Z,U3160981,1873,43.46631,6.92538,11164.1,3.9,19.4,92.3,-53.2,2.3,-1.0,RS41-SG,403.100,8.7,150,10,2.8,-1,-1
2025-01-26T06:41:32.001Z,U3160981,1874,43.46630,6.92562,11168.0,3.6,19.6,93.3,-53.2,2.4,-1.0,RS41-SG,403.100,9.7,150,10,2.8,-1,-1
2025-01-26T06:41:36.001Z,U3160981,1878,43.46628,6.92662,11185.4,4.7,21.2,93.1,-53.2,2.3,-1.0,RS41-SG,403.100,9.1,150,10,2.7,-1,-1
2025-01-26T06:41:39.001Z,U3160981,1881,43.46625,6.92741,11199.2,2.3,21.5,94.8,-53.3,2.2,-1.0,RS41-SG,403.100,8.9,150,10,2.8,-1,-1
2025-01-26T06:41:43.001Z,U3160981,1885,43.46617,6.92845,11214.9,2.6,21.2,95.7,-53.4,2.3,-1.0,RS41-SG,403.100,8.5,150,10,2.8,-1,-1
2025-01-26T06:41:47.001Z,U3160981,1889,43.46613,6.92953,11232.6,5.0,22.2,93.2,-53.5,2.3,-1.0,RS41-SG,403.100,9.0,150,10,2.7,-1,-1
2025-01-26T06:41:51.001Z,U3160981,1893,43.46611,6.93063,11255.6,7.2,23.1,90.2,-53.6,2.3,-1.0,RS41-SG,403.100,7.7,150,10,2.8,-1,-1
2025-01-26T06:41:59.001Z,U3160981,1901,43.46608,6.93292,11305.8,5.5,21.4,86.2,-53.6,2.3,-1.0,RS41-SG,403.100,8.8,150,10,2.8,-1,-1
2025-01-26T06:42:00.001Z,U3160981,1902,43.46609,6.93319,11309.8,1.9,22.0,84.8,-53.5,2.4,-1.0,RS41-SG,403.100,10.5,150,10,2.7,-1,-1
2025-01-26T06:42:01.001Z,U3160981,1903,43.46612,6.93347,11313.5,5.5,23.8,81.3,-53.5,2.3,-1.0,RS41-SG,403.100,10.5,150,10,2.7,-1,-1
2025-01-26T06:42:02.001Z,U3160981,1904,43.46615,6.93376,11317.8,3.2,24.3,80.2,-53.4,2.3,-1.0,RS41-SG,403.100,9.8,150,10,2.7,-1,-1
2025-01-26T06:42:03.001Z,U3160981,1905,43.46619,6.93406,11322.6,6.0,24.6,80.7,-53.3,2.2,-1.0,RS41-SG,403.100,9.3,150,10,2.8,-1,-1
2025-01-26T06:42:05.001Z,U3160981,1907,43.46625,6.93466,11334.8,4.1,24.5,83.9,-53.3,2.2,-1.0,RS41-SG,403.100,9.4,150,10,2.8,-1,-1
2025-01-26T06:42:06.001Z,U3160981,1908,43.46627,6.93497,11339.3,3.8,25.0,84.0,-53.4,2.3,-1.0,RS41-SG,403.100,10.1,150,10,2.7,-1,-1
2025-01-26T06:42:07.001Z,U3160981,1909,43.46630,6.93527,11344.0,6.1,24.4,83.0,-53.4,2.3,-1.0,RS41-SG,403.100,10.6,150,10,2.7,-1,-1
2025-01-26T06:42:08.001Z,U3160981,1910,43.46632,6.93557,11350.1,5.9,24.3,82.0,-53.5,2.3,-1.0,RS41-SG,403.100,10.6,150,10,2.8,-1,-1
2025-01-26T06:42:09.001Z,U3160981,1911,43.46635,6.93586,11358.1,10.2,24.1,84.3,-53.5,2.2,-1.0,RS41-SG,403.100,10.0,150,10,2.8,-1,-1
2025-01-26T06:42:10.001Z,U3160981,1912,43.46637,6.93616,11367.5,9.1,24.2,85.7,-53.6,2.2,-1.0,RS41-SG,403.100,10.0,150,10,2.8,-1,-1
2025-01-26T06:42:12.001Z,U3160981,1914,43.46640,6.93674,11380.0,5.6,22.2,86.4,-53.7,2.3,-1.0,RS41-SG,403.100,9.9,150,10,2.7,-1,-1
2025-01-26T06:42:13.001Z,U3160981,1915,43.46641,6.93700,11386.8,8.2,20.2,91.2,-53.7,2.2,-1.0,RS41-SG,403.100,9.9,150,10,2.7,-1,-1
2025-01-26T06:42:14.001Z,U3160981,1916,43.46640,6.93725,11394.1,6.6,20.4,93.0,-53.7,2.2,-1.0,RS41-SG,403.100,9.8,150,10,2.8,-1,-1
2025-01-26T06:42:15.001Z,U3160981,1917,43.46639,6.93751,11401.5,8.3,22.1,90.6,-53.8,2.3,-1.0,RS41-SG,403.100,9.6,150,10,2.8,-1,-1
2025-01-26T06:42:16.001Z,U3160981,1918,43.46640,6.93780,11409.8,8.4,24.2,83.7,-53.9,2.3,-1.0,RS41-SG,403.100,9.0,150,10,2.8,-1,-1
2025-01-26T06:42:17.001Z,U3160981,1919,43.46644,6.93810,11416.9,5.9,25.6,77.4,-53.9,2.3,-1.0,RS41-SG,403.100,10.7,150,10,2.8,-1,-1
2025-01-26T06:42:18.001Z,U3160981,1920,43.46651,6.93841,11423.6,7.5,26.7,70.2,-53.9,2.3,-1.0,RS41-SG,403.100,10.8,150,10,2.7,-1,-1
2025-01-26T06:42:19.001Z,U3160981,1921,43.46659,6.93872,11430.4,5.7,25.8,69.4,-53.9,2.3,-1.0,RS41-SG,403.100,10.8,150,10,2.7,-1,-1
2025-01-26T06:42:20.001Z,U3160981,1922,43.46667,6.93901,11436.9,7.3,25.5,72.6,-54.0,2.3,-1.0,RS41-SG,403.100,10.4,150,10,2.7,-1,-1
2025-01-26T06:42:21.001Z,U3160981,1923,43.46673,6.93932,11445.2,8.8,26.4,76.5,-54.0,2.3,-1.0,RS41-SG,403.100,11.2,150,10,2.8,-1,-1
2025-01-26T06:42:22.001Z,U3160981,1924,43.46678,6.93965,11453.0,7.3,27.2,78.4,-54.1,2.3,-1.0,RS41-SG,403.100,11.6,150,10,2.8,-1,-1
2025-01-26T06:42:23.001Z,U3160981,1925,43.46683,6.93998,11460.9,8.3,27.9,77.1,-54.1,2.3,-1.0,RS41-SG,403.100,11.6,150,10,2.8,-1,-1
2025-01-26T06:42:25.001Z,U3160981,1927,43.46694,6.94061,11474.0,5.1,25.0,77.5,-54.2,2.4,-1.0,RS41-SG,403.100,9.8,150,10,2.7,-1,-1
2025-01-26T06:42:26.001Z,U3160981,1928,43.46698,6.94091,11479.8,6.1,24.1,80.9,-54.3,2.4,-1.0,RS41-SG,403.100,12.2,150,10,2.7,-1,-1
2025-01-26T06:42:27.001Z,U3160981,1929,43.46701,6.94121,11486.1,7.3,24.5,84.3,-54.3,2.4,-1.0,RS41-SG,403.100,12.2,150,10,2.7,-1,-1
2025-01-26T06:42:28.001Z,U3160981,1930,43.46703,6.94152,11493.0,6.7,26.1,85.4,-54.4,2.4,-1.0,RS41-SG,403.100,9.2,150,10,2.8,-1,-1
2025-01-26T06:42:29.001Z,U3160981,1931,43.46706,6.94185,11499.4,6.6,27.8,82.0,-54.4,2.4,-1.0,RS41-SG,403.100,10.9,150,10,2.8,-1,-1
2025-01-26T06:42:30.001Z,U3160981,1932,43.46710,6.94219,11505.4,5.8,28.1,77.2,-54.5,2.4,-1.0,RS41-SG,403.100,11.7,150,10,2.8,-1,-1
2025-01-26T06:42:31.001Z,U3160981,1933,43.46717,6.94252,11511.6,6.3,27.2,72.9,-54.6,2.4,-1.0,RS41-SG,403.100,12.4,150,10,2.7,-1,-1
2025-01-26T06:42:32.001Z,U3160981,1934,43.46724,6.94283,11518.6,7.6,25.9,71.7,-54.6,2.4,-1.0,RS41-SG,403.100,12.4,150,10,2.7,-1,-1
2025-01-26T06:42:33.001Z,U3160981,1935,43.46731,6.94313,11525.9,6.9,25.6,74.4,-54.7,2.4,-1.0,RS41-SG,403.100,12.3,150,10,2.8,-1,-1
2025-01-26T06:42:34.001Z,U3160981,1936,43.46737,6.94344,11531.3,4.3,26.3,76.6,-54.7,2.4,-1.0,RS41-SG,403.100,11.3,150,10,2.8,-1,-1
2025-01-26T06:42:35.001Z,U3160981,1937,43.46742,6.94377,11537.3,7.4,28.1,76.7,-54.8,2.4,-1.0,RS41-SG,403.100,11.2,150,10,2.8,-1,-1
2025-01-26T06:42:36.001Z,U3160981,1938,43.46748,6.94411,11544.1,5.6,28.6,75.7,-54.8,2.4,-1.0,RS41-SG,403.100,11.2,150,10,2.7,-1,-1
2025-01-26T06:42:37.001Z,U3160981,1939,43.46754,6.94445,11550.2,6.7,28.3,76.6,-54.8,2.4,-1.0,RS41-SG,403.100,12.2,150,10,2.7,-1,-1
2025-01-26T06:42:38.001Z,U3160981,1940,43.46759,6.94478,11557.9,8.7,26.5,80.7,-54.9,2.4,-1.0,RS41-SG,403.100,12.2,150,10,2.7,-1,-1
2025-01-26T06:42:39.001Z,U3160981,1941,43.46763,6.94510,11564.6,5.2,25.1,83.2,-54.9,2.4,-1.0,RS41-SG,403.100,12.3,150,10,2.8,-1,-1
2025-01-26T06:42:40.001Z,U3160981,1942,43.46765,6.94539,11571.6,8.7,21.8,85.9,-54.9,2.4,-1.0,RS41-SG,403.100,12.3,150,10,2.8,-1,-1
2025-01-26T06:42:41.001Z,U3160981,1943,43.46766,6.94565,11579.4,7.3,20.3,84.0,-54.9,2.3,-1.0,RS41-SG,403.100,11.2,150,9,2.8,-1,-1
2025-01-26T06:42:42.001Z,U3160981,1944,43.46768,6.94589,11585.0,3.3,20.3,82.9,-54.8,2.3,-1.0,RS41-SG,403.100,11.2,150,10,2.8,-1,-1
2025-01-26T06:42:43.001Z,U3160981,1945,43.46770,6.94615,11588.4,3.3,21.1,85.1,-54.7,2.3,-1.0,RS41-SG,403.100,12.7,150,10,2.7,-1,-1
2025-01-26T06:42:44.001Z,U3160981,1946,43.46771,6.94642,11591.9,3.2,23.0,88.2,-54.5,2.3,-1.0,RS41-SG,403.100,12.7,150,10,2.7,-1,-1
2025-01-26T06:42:45.001Z,U3160981,1947,43.46772,6.94671,11594.6,2.4,25.0,88.5,-54.4,2.3,-1.0,RS41-SG,403.100,12.7,150,10,2.7,-1,-1
2025-01-26T06:42:46.001Z,U3160981,1948,43.46773,6.94703,11598.4,5.3,26.6,87.7,-54.3,2.3,-1.0,RS41-SG,403.100,12.7,150,10,2.8,-1,-1
2025-01-26T06:42:47.001Z,U3160981,1949,43.46774,6.94736,11602.2,3.1,25.9,86.3,-54.3,2.3,-1.0,RS41-SG,403.100,11.6,150,10,2.8,-1,-1
2025-01-26T06:42:48.001Z,U3160981,1950,43.46776,6.94767,11606.7,6.1,25.0,84.2,-54.3,2.3,-1.0,RS41-SG,403.100,12.2,150,10,2.8,-1,-1
2025-01-26T06:42:49.001Z,U3160981,1951,43.46779,6.94797,11610.6,1.6,25.1,82.7,-54.2,2.3,-1.0,RS41-SG,403.100,12.2,150,10,2.7,-1,-1
2025-01-26T06:42:53.001Z,U3160981,1955,43.46794,6.94912,11623.8,3.6,21.4,78.1,-54.2,2.2,-1.0,RS41-SG,403.100,11.7,150,10,2.8,-1,-1
2025-01-26T06:42:54.001Z,U3160981,1956,43.46798,6.94937,11627.0,2.4,19.9,77.2,-54.2,2.2,-1.0,RS41-SG,403.100,11.7,150,10,2.7,-1,-1
2025-01-26T06:42:55.001Z,U3160981,1957,43.46802,6.94960,11629.6,2.6,18.6,76.6,-54.2,2.2,-1.0,RS41-SG,403.100,11.1,150,10,2.7,-1,-1
2025-01-26T06:42:56.001Z,U3160981,1958,43.46805,6.94982,11632.1,2.4,17.9,79.5,-54.2,2.2,-1.0,RS41-SG,403.100,11.5,150,10,2.7,-1,-1
2025-01-26T06:42:57.001Z,U3160981,1959,43.46808,6.95004,11634.2,2.2,18.3,82.1,-54.2,2.2,-1.0,RS41-SG,403.100,11.5,150,10,2.8,-1,-1
2025-01-26T06:42:58.001Z,U3160981,1960,43.46810,6.95026,11637.5,4.7,18.8,82.0,-54.2,2.1,-1.0,RS41-SG,403.100,10.8,150,10,2.8,-1,-1
2025-01-26T06:42:59.001Z,U3160981,1961,43.46813,6.95050,11641.2,2.7,19.4,80.4,-53.9,2.1,-1.0,RS41-SG,403.100,10.8,150,10,2.8,-1,-1
2025-01-26T06:43:00.001Z,U3160981,1962,43.46816,6.95074,11644.2,3.3,20.3,80.8,-53.8,2.1,-1.0,RS41-SG,403.100,10.6,150,10,2.8,-1,-1
2025-01-26T06:43:01.001Z,U3160981,1963,43.46818,6.95099,11647.4,2.3,21.0,81.9,-53.8,2.1,-1.0,RS41-SG,403.100,11.1,150,10,2.7,-1,-1
2025-01-26T06:43:02.001Z,U3160981,1964,43.46821,6.95125,11650.7,3.7,21.2,81.2,-53.8,2.1,-1.0,RS41-SG,403.100,11.1,150,9,2.7,-1,-1
2025-01-26T06:43:03.001Z,U3160981,1965,43.46824,6.95150,11654.4,3.4,20.9,79.3,-53.8,2.2,-1.0,RS41-SG,403.100,9.8,150,9,2.7,-1,-1
2025-01-26T06:43:04.001Z,U3160981,1966,43.46828,6.95175,11657.9,3.0,20.5,80.6,-53.7,2.2,-1.0,RS41-SG,403.100,10.4,150,9,2.8,-1,-1
2025-01-26T06:43:05.001Z,U3160981,1967,43.46830,6.95200,11662.9,5.7,19.9,81.1,-53.7,2.2,-1.0,RS41-SG,403.100,10.6,150,10,2.8,-1,-1
2025-01-26T06:43:06.001Z,U3160981,1968,43.46833,6.95224,11666.8,2.5,19.4,79.8,-53.7,2.2,-1.0,RS41-SG,403.100,11.5,150,10,2.8,-1,-1
2025-01-26T06:43:07.001Z,U3160981,1969,43.46837,6.95247,11669.8,3.3,19.2,78.7,-53.7,2.2,-1.0,RS41-SG,403.100,11.5,150,10,2.7,-1,-1
2025-01-26T06:43:08.001Z,U3160981,1970,43.46840,6.95270,11673.9,4.5,18.8,81.1,-53.7,2.1,-1.0,RS41-SG,403.100,11.2,150,10,2.7,-1,-1
2025-01-26T06:43:09.001Z,U3160981,1971,43.46842,6.95293,11677.1,2.1,18.7,82.4,-53.7,2.1,-1.0,RS41-SG,403.100,10.5,150,10,2.8,-1,-1
2025-01-26T06:43:12.001Z,U3160981,1974,43.46850,6.95361,11689.6,5.6,18.9,80.6,-53.7,2.1,-1.0,RS41-SG,403.100,9.9,150,10,2.7,-1,-1
2025-01-26T06:43:13.001Z,U3160981,1975,43.46852,6.95385,11693.8,3.0,19.2,82.2,-53.7,2.1,-1.0,RS41-SG,403.100,10.3,150,10,2.7,-1,-1
2025-01-26T06:43:14.001Z,U3160981,1976,43.46855,6.95408,11698.3,6.2,19.6,81.5,-53.7,2.1,-1.0,RS41-SG,403.100,11.6,150,10,2.7,-1,-1
2025-01-26T06:43:15.001Z,U3160981,1977,43.46857,6.95432,11702.3,1.6,19.3,80.1,-53.7,2.1,-1.0,RS41-SG,403.100,11.6,150,10,2.8,-1,-1
2025-01-26T06:43:16.001Z,U3160981,1978,43.46860,6.95456,11705.8,5.3,19.3,80.8,-53.8,2.1,-1.0,RS41-SG,403.100,11.2,150,10,2.8,-1,-1
2025-01-26T06:43:17.001Z,U3160981,1979,43.46863,6.95479,11710.7,4.4,18.9,82.4,-53.8,2.1,-1.0,RS41-SG,403.100,11.2,150,10,2.8,-1,-1
2025-01-26T06:43:18.001Z,U3160981,1980,43.46865,6.95502,11715.6,4.9,18.5,81.2,-53.8,2.1,-1.0,RS41-SG,403.100,10.7,150,10,2.7,-1,-1
2025-01-26T06:43:19.001Z,U3160981,1981,43.46868,6.95524,11722.4,8.3,18.6,77.3,-53.8,2.1,-1.0,RS41-SG,403.100,10.7,150,10,2.7,-1,-1
2025-01-26T06:43:20.001Z,U3160981,1982,43.46872,6.95547,11730.2,7.4,19.1,74.4,-53.8,2.1,-1.0,RS41-SG,403.100,9.6,150,10,2.8,-1,-1
2025-01-26T06:43:21.001Z,U3160981,1983,43.46877,6.95570,11735.8,3.4,19.9,73.6,-53.9,2.1,-1.0,RS41-SG,403.100,10.0,150,10,2.8,-1,-1
2025-01-26T06:43:22.001Z,U3160981,1984,43.46882,6.95593,11740.3,5.5,20.0,77.7,-53.9,2.1,-1.0,RS41-SG,403.100,10.0,150,10,2.8,-1,-1
2025-01-26T06:43:23.001Z,U3160981,1985,43.46885,6.95617,11744.3,2.8,19.7,81.0,-54.0,2.1,-1.0,RS41-SG,403.100,10.0,150,10,2.7,-1,-1
2025-01-26T06:43:25.001Z,U3160981,1987,43.46889,6.95666,11752.1,2.6,19.4,83.9,-53.9,2.2,-1.0,RS41-SG,403.100,10.6,150,10,2.7,-1,-1
2025-01-26T06:43:26.001Z,U3160981,1988,43.46891,6.95689,11756.2,5.6,18.1,84.7,-53.9,2.2,-1.0,RS41-SG,403.100,10.6,150,10,2.8,-1,-1
2025-01-26T06:43:27.001Z,U3160981,1989,43.46892,6.95711,11761.1,4.2,17.1,84.6,-53.9,2.2,-1.0,RS41-SG,403.100,11.8,150,10,2.8,-1,-1
2025-01-26T06:43:28.001Z,U3160981,1990,43.46894,6.95731,11766.7,7.1,15.7,80.5,-53.9,2.1,-1.0,RS41-SG,403.100,11.8,150,10,2.8,-1,-1
2025-01-26T06:43:29.001Z,U3160981,1991,43.46897,6.95750,11771.8,3.4,15.8,76.2,-54.0,2.1,-1.0,RS41-SG,403.100,10.9,150,10,2.8,-1,-1
2025-01-26T06:43:30.001Z,U3160981,1992,43.46901,6.95768,11775.8,3.9,15.7,72.2,-54.0,2.1,-1.0,RS41-SG,403.100,10.7,150,10,2.7,-1,-1
2025-01-26T06:43:31.001Z,U3160981,1993,43.46905,6.95787,11780.5,5.2,16.1,73.6,-54.0,2.1,-1.0,RS41-SG,403.100,11.3,150,10,2.7,-1,-1
2025-01-26T06:43:32.001Z,U3160981,1994,43.46909,6.95807,11785.4,4.6,16.9,73.8,-54.0,2.1,-1.0,RS41-SG,403.100,11.3,150,10,2.7,-1,-1
2025-01-26T06:43:33.001Z,U3160981,1995,43.46914,6.95827,11790.8,6.2,17.6,71.1,-54.0,2.1,-1.0,RS41-SG,403.100,10.9,150,10,2.8,-1,-1
2025-01-26T06:43:34.001Z,U3160981,1996,43.46919,6.95848,11797.0,6.3,18.3,69.4,-54.1,2.1,-1.0,RS41-SG,403.100,10.9,150,10,2.8,-1,-1
2025-01-26T06:43:35.001Z,U3160981,1997,43.46925,6.95869,11801.8,3.2,18.2,70.5,-54.1,2.1,-1.0,RS41-SG,403.100,9.6,150,10,2.8,-1,-1
2025-01-26T06:43:36.001Z,U3160981,1998,43.46929,6.95890,11806.8,6.9,17.4,74.5,-54.2,2.1,-1.0,RS41-SG,403.100,11.4,150,10,2.7,-1,-1
2025-01-26T06:43:37.001Z,U3160981,1999,43.46933,6.95911,11811.6,2.8,17.9,76.5,-54.2,2.1,-1.0,RS41-SG,403.100,11.4,150,10,2.7,-1,-1
2025-01-26T06:43:38.001Z,U3160981,2000,43.46937,6.95932,11816.4,6.7,17.9,78.1,-54.2,2.1,-1.0,RS41-SG,403.100,11.6,150,10,2.8,-1,-1
2025-01-26T06:43:39.001Z,U3160981,2001,43.46940,6.95953,11822.6,5.9,17.0,77.2,-54.2,2.1,-1.0,RS41-SG,403.100,11.6,150,10,2.8,-1,-1
2025-01-26T06:43:40.001Z,U3160981,2002,43.46944,6.95974,11827.3,3.7,17.0,74.7,-54.3,2.1,-1.0,RS41-SG,403.100,11.1,150,10,2.8,-1,-1
2025-01-26T06:43:41.001Z,U3160981,2003,43.46948,6.95995,11831.7,5.2,18.2,72.8,-54.3,2.1,-1.0,RS41-SG,403.100,10.9,150,10,2.7,-1,-1
2025-01-26T06:43:42.001Z,U3160981,2004,43.46954,6.96016,11837.0,5.5,19.3,70.7,-54.3,2.1,-1.0,RS41-SG,403.100,10.9,150,10,2.7,-1,-1
2025-01-26T06:43:43.001Z,U3160981,2005,43.46959,6.96039,11843.4,7.5,19.6,71.1,-54.3,2.1,-1.0,RS41-SG,403.100,10.4,150,10,2.7,-1,-1
2025-01-26T06:43:44.001Z,U3160981,2006,43.46965,6.96062,11848.4,2.6,19.1,71.0,-54.4,2.1,-1.0,RS41-SG,403.100,10.4,150,10,2.8,-1,-1
2025-01-26T06:43:45.001Z,U3160981,2007,43.46971,6.96084,11852.8,6.2,19.6,71.5,-54.4,2.1,-1.0,RS41-SG,403.100,10.0,150,10,2.8,-1,-1
2025-01-26T06:43:46.001Z,U3160981,2008,43.46976,6.96107,11858.7,5.8,19.9,71.8,-54.4,2.1,-1.0,RS41-SG,403.100,9.2,150,10,2.8,-1,-1
2025-01-26T06:43:47.001Z,U3160981,2009,43.46982,6.96130,11862.8,2.3,19.7,72.0,-54.5,2.1,-1.0,RS41-SG,403.100,11.1,150,10,2.7,-1,-1
2025-01-26T06:43:48.001Z,U3160981,2010,43.46988,6.96153,11867.3,6.2,18.8,68.4,-54.5,2.1,-1.0,RS41-SG,403.100,11.1,150,10,2.7,-1,-1
2025-01-26T06:43:49.001Z,U3160981,2011,43.46994,6.96174,11872.0,3.2,17.8,65.9,-54.6,2.1,-1.0,RS41-SG,403.100,11.2,150,10,2.8,-1,-1
2025-01-26T06:43:50.001Z,U3160981,2012,43.47001,6.96193,11876.6,5.7,17.0,63.8,-54.6,2.1,-1.0,RS41-SG,403.100,11.2,150,10,2.8,-1,-1
2025-01-26T06:43:51.001Z,U3160981,2013,43.47007,6.96212,11883.5,8.1,17.2,65.2,-54.6,2.1,-1.0,RS41-SG,403.100,11.7,150,10,2.8,-1,-1
2025-01-26T06:43:52.001Z,U3160981,2014,43.47013,6.96231,11889.7,4.4,17.4,66.8,-54.7,2.1,-1.0,RS41-SG,403.100,11.7,150,10,2.7,-1,-1
2025-01-26T06:43:59.001Z,U3160981,2021,43.47064,6.96372,11925.1,5.5,19.0,57.0,-54.9,2.1,-1.0,RS41-SG,403.100,9.5,150,10,2.7,-1,-1
2025-01-26T06:44:02.001Z,U3160981,2024,43.47090,6.96430,11939.6,4.0,17.7,61.8,-55.0,2.1,-1.0,RS41-SG,403.100,11.3,150,10,2.8,-1,-1
2025-01-26T06:44:03.001Z,U3160981,2025,43.47098,6.96449,11944.5,6.0,17.2,61.5,-55.0,2.2,-1.0,RS41-SG,403.100,11.3,150,10,2.7,-1,-1
2025-01-26T06:44:16.001Z,U3160981,2038,43.47197,6.96761,12030.5,2.8,20.7,71.4,-55.0,2.3,-1.0,RS41-SG,403.100,9.7,150,10,2.7,-1,-1
2025-01-26T06:44:18.001Z,U3160981,2040,43.47210,6.96810,12040.2,3.7,22.1,69.7,-55.0,2.2,-1.0,RS41-SG,403.100,9.9,150,10,2.8,-1,-1
2025-01-26T06:44:19.001Z,U3160981,2041,43.47217,6.96836,12044.9,5.7,22.6,67.4,-55.1,2.2,-1.0,RS41-SG,403.100,9.9,150,10,2.8,-1,-1
2025-01-26T06:44:20.001Z,U3160981,2042,43.47226,6.96862,12050.0,4.4,22.6,65.3,-55.0,2.2,-1.0,RS41-SG,403.100,11.7,150,10,2.7,-1,-1
2025-01-26T06:44:21.001Z,U3160981,2043,43.47234,6.96887,12055.4,6.4,22.9,64.1,-55.0,2.1,-1.0,RS41-SG,403.100,11.7,150,10,2.7,-1,-1
2025-01-26T06:44:22.001Z,U3160981,2044,43.47243,6.96912,12061.7,5.1,23.2,65.1,-55.0,2.1,-1.0,RS41-SG,403.100,11.5,150,10,2.8,-1,-1
2025-01-26T06:44:24.001Z,U3160981,2046,43.47260,6.96964,12071.2,6.6,22.3,66.9,-55.0,2.1,-1.0,RS41-SG,403.100,11.5,150,10,2.8,-1,-1
2025-01-26T06:44:25.001Z,U3160981,2047,43.47268,6.96989,12076.0,2.8,21.9,69.3,-55.0,2.1,-1.0,RS41-SG,403.100,10.9,150,10,2.7,-1,-1
2025-01-26T06:44:26.000Z,U3160981,2048,43.47274,6.97014,12078.7,2.2,21.4,71.5,-55.0,2.1,-1.0,RS41-SG,403.100,11.6,150,10,2.7,-1,-1
2025-01-26T06:44:27.000Z,U3160981,2049,43.47280,6.97039,12082.8,6.2,20.7,72.9,-55.0,2.1,-1.0,RS41-SG,403.100,11.6,150,10,2.7,-1,-1
2025-01-26T06:44:28.000Z,U3160981,2050,43.47286,6.97063,12088.6,5.3,20.7,71.3,-55.1,2.1,-1.0,RS41-SG,403.100,10.5,150,10,2.8,-1,-1
2025-01-26T06:44:29.000Z,U3160981,2051,43.47292,6.97088,12096.1,9.9,21.8,70.5,-55.1,2.0,-1.0,RS41-SG,403.100,11.2,150,10,2.8,-1,-1
2025-01-26T06:44:30.000Z,U3160981,2052,43.47299,6.97114,12106.5,10.8,23.7,70.0,-55.2,2.0,-1.0,RS41-SG,403.100,12.3,150,10,2.8,-1,-1
2025-01-26T06:44:31.000Z,U3160981,2053,43.47306,6.97142,12115.0,5.6,24.3,69.0,-55.2,2.0,-1.0,RS41-SG,403.100,12.3,150,10,2.7,-1,-1
2025-01-26T06:44:33.000Z,U3160981,2055,43.47325,6.97201,12125.9,4.0,27.9,65.3,-55.3,2.1,-1.0,RS41-SG,403.100,9.3,150,10,2.8,-1,-1
2025-01-26T06:44:36.000Z,U3160981,2058,43.47355,6.97294,12139.9,3.7,26.3,65.0,-55.5,2.2,-1.0,RS41-SG,403.100,9.6,150,10,2.7,-1,-1
2025-01-26T06:44:38.000Z,U3160981,2060,43.47375,6.97351,12149.1,4.7,25.2,63.4,-55.6,2.2,-1.0,RS41-SG,403.100,8.9,150,9,2.8,-1,-1
2025-01-26T06:44:40.000Z,U3160981,2062,43.47395,6.97404,12159.1,7.1,22.9,61.9,-55.6,2.3,-1.0,RS41-SG,403.100,9.4,150,10,2.7,-1,-1
2025-01-26T06:44:41.000Z,U3160981,2063,43.47404,6.97428,12165.2,4.8,21.9,62.9,-55.7,2.3,-1.0,RS41-SG,403.100,8.5,150,10,2.7,-1,-1
2025-01-26T06:44:43.000Z,U3160981,2065,43.47421,6.97478,12179.7,8.6,23.2,68.2,-55.8,2.2,-1.0,RS41-SG,403.100,9.0,150,10,2.8,-1,-1
2025-01-26T06:44:44.000Z,U3160981,2066,43.47428,6.97506,12188.7,9.5,24.6,70.1,-55.9,2.2,-1.0,RS41-SG,403.100,10.8,150,10,2.8,-1,-1
2025-01-26T06:44:45.000Z,U3160981,2067,43.47436,6.97534,12195.3,3.9,24.8,71.6,-56.0,2.3,-1.0,RS41-SG,403.100,10.8,150,10,2.8,-1,-1
2025-01-26T06:44:46.000Z,U3160981,2068,43.47442,6.97563,12200.8,7.1,24.2,74.9,-56.0,2.3,-1.0,RS41-SG,403.100,10.7,150,10,2.7,-1,-1
2025-01-26T06:44:47.000Z,U3160981,2069,43.47448,6.97591,12206.5,4.2,23.4,73.1,-56.1,2.3,-1.0,RS41-SG,403.100,9.8,150,10,2.7,-1,-1
2025-01-26T06:44:48.000Z,U3160981,2070,43.47454,6.97619,12210.3,3.4,22.9,73.8,-56.1,2.3,-1.0,RS41-SG,403.100,11.0,150,10,2.8,-1,-1
2025-01-26T06:44:49.000Z,U3160981,2071,43.47460,6.97646,12214.7,5.6,23.7,72.0,-56.2,2.3,-1.0,RS41-SG,403.100,11.0,150,10,2.8,-1,-1
2025-01-26T06:44:50.000Z,U3160981,2072,43.47467,6.97674,12219.5,3.8,24.2,69.7,-56.2,2.3,-1.0,RS41-SG,403.100,10.8,150,10,2.8,-1,-1
2025-01-26T06:44:51.000Z,U3160981,2073,43.47475,6.97702,12224.2,5.7,24.5,68.5,-56.2,2.3,-1.0,RS41-SG,403.100,11.2,150,10,2.7,-1,-1
2025-01-26T06:44:52.000Z,U3160981,2074,43.47483,6.97730,12229.7,4.6,24.6,67.5,-56.3,2.3,-1.0,RS41-SG,403.100,11.2,150,10,2.7,-1,-1
2025-01-26T06:44:53.000Z,U3160981,2075,43.47492,6.97759,12235.2,6.2,25.7,66.8,-56.3,2.3,-1.0,RS41-SG,403.100,10.3,150,10,2.7,-1,-1
2025-01-26T06:44:55.000Z,U3160981,2077,43.47511,6.97817,12245.9,6.7,25.7,66.4,-56.4,2.3,-1.0,RS41-SG,403.100,9.8,150,10,2.8,-1,-1
2025-01-26T06:44:56.000Z,U3160981,2078,43.47520,6.97846,12251.3,4.1,25.2,67.8,-56.5,2.3,-1.0,RS41-SG,403.100,10.1,150,10,2.8,-1,-1
2025-01-26T06:44:57.000Z,U3160981,2079,43.47528,6.97875,12256.5,6.0,26.2,69.1,-56.5,2.3,-1.0,RS41-SG,403.100,10.3,150,10,2.7,-1,-1
2025-01-26T06:44:58.000Z,U3160981,2080,43.47537,6.97906,12261.1,3.3,27.1,69.7,-56.6,2.3,-1.0,RS41-SG,403.100,10.3,150,10,2.7,-1,-1
2025-01-26T06:44:59.000Z,U3160981,2081,43.47545,6.97938,12265.4,5.3,27.9,70.3,-56.6,2.3,-1.0,RS41-SG,403.100,11.0,150,10,2.8,-1,-1
2025-01-26T06:45:00.000Z,U3160981,2082,43.47553,6.97970,12270.4,5.0,27.4,70.7,-56.6,2.3,-1.0,RS41-SG,403.100,11.0,150,10,2.8,-1,-1
2025-01-26T06:45:01.000Z,U3160981,2083,43.47561,6.98002,12275.4,4.7,27.4,71.8,-56.6,2.3,-1.0,RS41-SG,403.100,9.3,150,10,2.8,-1,-1
2025-01-26T06:45:02.000Z,U3160981,2084,43.47569,6.98034,12279.4,3.3,27.9,71.4,-56.7,2.3,-1.0,RS41-SG,403.100,10.0,150,10,2.7,-1,-1
2025-01-26T06:45:03.000Z,U3160981,2085,43.47577,6.98067,12283.7,5.0,28.4,71.0,-56.7,2.3,-1.0,RS41-SG,403.100,10.0,150,10,2.7,-1,-1
2025-01-26T06:45:04.000Z,U3160981,2086,43.47585,6.98100,12288.2,4.0,28.1,71.6,-56.7,2.3,-1.0,RS41-SG,403.100,10.0,150,10,2.7,-1,-1
2025-01-26T06:45:05.000Z,U3160981,2087,43.47593,6.98133,12292.8,5.0,27.9,72.1,-56.7,2.3,-1.0,RS41-SG,403.100,9.3,150,10,2.8,-1,-1
2025-01-26T06:45:06.000Z,U3160981,2088,43.47601,6.98166,12297.1,3.6,28.4,71.5,-56.7,2.3,-1.0,RS41-SG,403.100,9.5,150,10,2.8,-1,-1
2025-01-26T06:45:07.000Z,U3160981,2089,43.47609,6.98199,12301.4,5.1,28.4,71.2,-56.6,2.3,-1.0,RS41-SG,403.100,9.8,150,10,2.8,-1,-1
2025-01-26T06:45:08.000Z,U3160981,2090,43.47617,6.98232,12305.7,3.6,27.7,71.9,-56.5,2.4,-1.0,RS41-SG,403.100,9.8,150,10,2.7,-1,-1
2025-01-26T06:45:37.000Z,U3160981,2119,43.47805,6.99252,12431.1,5.8,31.5,80.8,-54.9,2.0,-1.0,RS41-SG,403.100,8.4,150,11,2.8,-1,-1
2025-01-26T06:45:39.000Z,U3160981,2121,43.47813,6.99331,12439.6,4.5,32.6,83.3,-55.0,2.0,-1.0,RS41-SG,403.100,8.5,150,11,2.8,-1,-1
2025-01-26T06:45:40.000Z,U3160981,2122,43.47816,6.99370,12443.7,3.1,32.3,84.5,-55.0,2.0,-1.0,RS41-SG,403.100,8.4,150,11,2.7,-1,-1
2025-01-26T06:45:41.000Z,U3160981,2123,43.47819,6.99410,12447.4,4.1,32.7,84.2,-54.9,2.0,-1.0,RS41-SG,403.100,8.2,150,11,2.7,-1,-1
2025-01-26T06:45:42.000Z,U3160981,2124,43.47822,6.99450,12452.7,6.3,32.8,83.3,-54.8,2.0,-1.0,RS41-SG,403.100,10.1,150,11,2.8,-1,-1
2025-01-26T06:45:43.000Z,U3160981,2125,43.47825,6.99490,12457.6,3.4,32.4,83.7,-54.7,2.1,-1.0,RS41-SG,403.100,10.1,150,11,2.8,-1,-1
2025-01-26T06:45:44.000Z,U3160981,2126,43.47828,6.99529,12462.2,5.9,31.6,83.2,-54.5,2.0,-1.0,RS41-SG,403.100,9.9,150,11,2.8,-1,-1
2025-01-26T06:45:45.000Z,U3160981,2127,43.47832,6.99568,12467.3,3.8,31.7,81.6,-54.4,2.0,-1.0,RS41-SG,403.100,10.3,150,11,2.7,-1,-1
2025-01-26T06:45:47.000Z,U3160981,2129,43.47840,6.99643,12477.1,5.0,30.1,82.3,-54.0,1.9,-1.0,RS41-SG,403.100,10.8,150,10,2.7,-1,-1
2025-01-26T06:45:48.000Z,U3160981,2130,43.47844,6.99680,12481.0,3.3,30.2,81.5,-54.0,1.9,-1.0,RS41-SG,403.100,10.8,150,11,2.8,-1,-1
2025-01-26T06:45:49.000Z,U3160981,2131,43.47848,6.99717,12485.5,5.6,29.5,81.2,-53.9,1.9,-1.0,RS41-SG,403.100,10.2,150,11,2.8,-1,-1
2025-01-26T06:45:50.000Z,U3160981,2132,43.47851,6.99752,12490.0,3.2,29.3,82.3,-53.9,2.0,-1.0,RS41-SG,403.100,10.4,150,10,2.8,-1,-1
2025-01-26T06:45:51.000Z,U3160981,2133,43.47855,6.99789,12492.8,2.4,29.7,83.0,-53.9,1.9,-1.0,RS41-SG,403.100,10.4,150,11,2.7,-1,-1
2025-01-26T06:45:52.000Z,U3160981,2134,43.47858,6.99825,12496.9,5.5,30.0,82.5,-53.9,1.9,-1.0,RS41-SG,403.100,9.8,150,11,2.7,-1,-1
2025-01-26T06:45:53.000Z,U3160981,2135,43.47862,6.99862,12501.6,3.8,30.0,82.2,-53.8,1.9,-1.0,RS41-SG,403.100,10.3,150,11,2.7,-1,-1
2025-01-26T06:45:54.000Z,U3160981,2136,43.47865,6.99899,12506.1,6.0,30.2,82.6,-53.7,1.9,-1.0,RS41-SG,403.100,10.6,150,11,2.8,-1,-1
2025-01-26T06:45:55.000Z,U3160981,2137,43.47869,6.99936,12510.4,2.8,30.1,84.0,-53.7,1.9,-1.0,RS41-SG,403.100,10.6,150,11,2.8,-1,-1
2025-01-26T06:45:56.000Z,U3160981,2138,43.47871,6.99972,12514.9,6.4,29.9,84.9,-53.7,1.8,-1.0,RS41-SG,403.100,10.4,150,11,2.8,-1,-1
2025-01-26T06:45:58.000Z,U3160981,2140,43.47876,7.00045,12522.6,4.8,29.4,85.3,-53.5,1.9,-1.0,RS41-SG,403.100,9.0,150,11,2.7,-1,-1
2025-01-26T06:45:59.000Z,U3160981,2141,43.47878,7.00081,12526.9,3.6,29.8,86.5,-53.3,1.8,-1.0,RS41-SG,403.100,9.8,150,11,2.7,-1,-1
2025-01-26T06:46:00.000Z,U3160981,2142,43.47880,7.00118,12531.7,5.5,29.9,86.7,-53.2,1.8,-1.0,RS41-SG,403.100,9.8,150,11,2.7,-1,-1
2025-01-26T06:46:01.000Z,U3160981,2143,43.47881,7.00155,12536.2,3.7,29.7,85.6,-53.1,1.7,-1.0,RS41-SG,403.100,9.6,150,11,2.8,-1,-1
2025-01-26T06:46:02.000Z,U3160981,2144,43.47884,7.00191,12541.1,6.4,29.9,84.8,-53.0,1.7,-1.0,RS41-SG,403.100,9.2,150,10,2.8,-1,-1
2025-01-26T06:46:03.000Z,U3160981,2145,43.47886,7.00228,12545.8,2.9,30.1,85.2,-53.0,1.7,-1.0,RS41-SG,403.100,9.1,150,11,2.8,-1,-1
2025-01-26T06:46:04.000Z,U3160981,2146,43.47888,7.00265,12550.2,5.7,29.8,84.4,-52.9,1.7,-1.0,RS41-SG,403.100,9.1,150,11,2.7,-1,-1
2025-01-26T06:46:07.000Z,U3160981,2149,43.47897,7.00373,12564.5,6.4,29.1,85.1,-52.8,1.7,-1.0,RS41-SG,403.100,10.4,150,11,2.8,-1,-1
2025-01-26T06:46:08.000Z,U3160981,2150,43.47899,7.00408,12570.0,4.9,28.4,84.2,-52.8,1.7,-1.0,RS41-SG,403.100,10.0,150,11,2.8,-1,-1
2025-01-26T06:46:09.000Z,U3160981,2151,43.47902,7.00443,12576.5,7.3,28.3,84.7,-52.8,1.7,-1.0,RS41-SG,403.100,10.0,150,11,2.8,-1,-1
2025-01-26T06:46:10.000Z,U3160981,2152,43.47904,7.00478,12581.9,3.8,28.8,85.5,-52.7,1.7,-1.0,RS41-SG,403.100,10.1,150,11,2.7,-1,-1
2025-01-26T06:46:11.000Z,U3160981,2153,43.47906,7.00513,12586.7,5.8,28.8,85.3,-52.6,1.7,-1.0,RS41-SG,403.100,10.1,150,11,2.7,-1,-1
2025-01-26T06:46:12.000Z,U3160981,2154,43.47908,7.00548,12592.2,4.5,28.3,84.8,-52.6,1.7,-1.0,RS41-SG,403.100,9.2,150,11,2.8,-1,-1
2025-01-26T06:46:13.000Z,U3160981,2155,43.47910,7.00583,12597.1,5.4,28.6,85.5,-52.6,1.7,-1.0,RS41-SG,403.100,10.8,150,11,2.8,-1,-1
2025-01-26T06:46:14.000Z,U3160981,2156,43.47912,7.00619,12599.9,0.4,28.9,85.6,-52.6,1.7,-1.0,RS41-SG,403.100,10.8,150,11,2.7,-1,-1
2025-01-26T06:46:15.000Z,U3160981,2157,43.47914,7.00654,12597.0,-6.5,28.8,85.5,-52.6,1.7,-1.0,RS41-SG,403.100,11.2,150,11,2.7,-1,-1
2025-01-26T06:46:16.000Z,U3160981,2158,43.47916,7.00689,12591.7,-4.7,28.3,83.9,-52.6,1.7,-1.0,RS41-SG,403.100,11.2,150,11,2.8,-1,-1
2025-01-26T06:46:17.000Z,U3160981,2159,43.47919,7.00724,12587.5,-3.8,28.2,83.0,-52.6,1.7,-1.0,RS41-SG,403.100,9.8,150,11,2.8,-1,-1
2025-01-26T06:46:18.000Z,U3160981,2160,43.47923,7.00758,12583.2,-4.8,28.5,81.9,-52.6,1.7,-1.0,RS41-SG,403.100,9.8,150,11,2.8,-1,-1
2025-01-26T06:46:19.000Z,U3160981,2161,43.47926,7.00793,12578.3,-5.2,28.0,82.0,-52.6,1.7,-1.0,RS41-SG,403.100,9.7,150,11,2.7,-1,-1
2025-01-26T06:46:20.000Z,U3160981,2162,43.47930,7.00827,12573.4,-4.7,28.4,81.7,-52.6,1.7,-1.0,RS41-SG,403.100,9.0,150,10,2.7,-1,-1
2025-01-26T06:46:21.000Z,U3160981,2163,43.47933,7.00862,12569.1,-4.0,28.3,82.0,-52.6,1.7,-1.0,RS41-SG,403.100,9.0,150,11,2.7,-1,-1
2025-01-26T06:46:22.000Z,U3160981,2164,43.47937,7.00897,12564.8,-4.3,28.5,83.1,-52.7,1.7,-1.0,RS41-SG,403.100,8.6,150,11,2.8,-1,-1
2025-01-26T06:46:23.000Z,U3160981,2165,43.47940,7.00932,12560.7,-4.1,28.6,83.4,-52.7,1.7,-1.0,RS41-SG,403.100,8.6,150,11,2.8,-1,-1
2025-01-26T06:46:24.000Z,U3160981,2166,43.47942,7.00967,12556.6,-4.0,28.6,84.3,-52.7,1.7,-1.0,RS41-SG,403.100,8.6,150,11,2.8,-1,-1
2025-01-26T06:46:26.000Z,U3160981,2168,43.47947,7.01037,12548.3,-5.3,28.4,85.8,-52.7,1.6,-1.0,RS41-SG,403.100,7.4,150,11,2.7,-1,-1
2025-01-26T06:46:27.000Z,U3160981,2169,43.47948,7.01071,12543.6,-4.3,28.3,86.6,-52.7,1.7,-1.0,RS41-SG,403.100,8.9,150,11,2.7,-1,-1
2025-01-26T06:46:29.000Z,U3160981,2171,43.47951,7.01141,12534.4,-4.2,28.1,87.6,-52.7,1.6,-1.0,RS41-SG,403.100,8.4,150,11,2.8,-1,-1
2025-01-26T06:46:30.000Z,U3160981,2172,43.47952,7.01176,12530.0,-4.9,28.4,87.5,-52.8,1.6,-1.0,RS41-SG,403.100,10.1,150,11,2.8,-1,-1
2025-01-26T06:46:32.000Z,U3160981,2174,43.47954,7.01247,12521.4,-4.7,29.2,86.2,-52.8,1.7,-1.0,RS41-SG,403.100,10.3,150,11,2.7,-1,-1
2025-01-26T06:46:33.000Z,U3160981,2175,43.47956,7.01283,12517.2,-4.0,29.5,85.3,-52.9,1.7,-1.0,RS41-SG,403.100,10.3,150,11,2.7,-1,-1
2025-01-26T06:46:35.000Z,U3160981,2177,43.47961,7.01355,12509.0,-3.7,29.4,83.9,-52.9,1.6,-1.0,RS41-SG,403.100,10.1,150,11,2.8,-1,-1
2025-01-26T06:46:36.000Z,U3160981,2178,43.47965,7.01391,12505.0,-4.3,29.5,81.8,-53.1,1.7,-1.0,RS41-SG,403.100,10.1,150,11,2.8,-1,-1
2025-01-26T06:46:37.000Z,U3160981,2179,43.47968,7.01427,12500.9,-4.2,29.4,81.3,-53.2,1.7,-1.0,RS41-SG,403.100,10.0,150,11,2.8,-1,-1
2025-01-26T06:46:38.000Z,U3160981,2180,43.47973,7.01463,12496.5,-4.9,29.3,79.0,-53.3,1.7,-1.0,RS41-SG,403.100,9.6,150,11,2.7,-1,-1
2025-01-26T06:46:39.000Z,U3160981,2181,43.47978,7.01498,12492.3,-4.4,29.7,78.3,-53.4,1.7,-1.0,RS41-SG,403.100,10.6,150,11,2.7,-1,-1
2025-01-26T06:46:42.000Z,U3160981,2184,43.47993,7.01605,12480.4,-4.2,29.2,80.7,-53.5,1.7,-1.0,RS41-SG,403.100,10.0,150,11,2.8,-1,-1
2025-01-26T06:46:49.000Z,U3160981,2191,43.48008,7.01858,12452.8,-4.1,30.7,88.1,-53.7,1.7,-1.0,RS41-SG,403.100,8.8,150,11,2.7,-1,-1
2025-01-26T06:46:51.000Z,U3160981,2193,43.48010,7.01936,12445.5,-3.7,32.1,86.7,-53.7,1.7,-1.0,RS41-SG,403.100,8.2,150,11,2.8,-1,-1
2025-01-26T06:46:54.000Z,U3160981,2196,43.48018,7.02057,12435.9,-3.6,33.8,83.2,-54.0,1.8,-1.0,RS41-SG,403.100,10.1,150,11,2.7,-1,-1
2025-01-26T06:46:55.000Z,U3160981,2197,43.48022,7.02098,12432.9,-3.6,33.3,81.8,-54.1,1.8,-1.0,RS41-SG,403.100,10.1,150,11,2.7,-1,-1
2025-01-26T06:48:02.000Z,U3160981,2264,43.48435,7.04435,12306.0,-1.9,24.8,63.3,-57.0,2.4,-1.0,RS41-SG,403.100,8.5,150,11,2.8,-1,-1
2025-01-26T06:48:03.000Z,U3160981,2265,43.48444,7.04461,12304.7,-2.1,23.2,62.6,-57.0,2.4,-1.0,RS41-SG,403.100,8.5,150,11,2.8,-1,-1
2025-01-26T06:48:25.000Z,U3160981,2287,43.48619,7.05063,12270.8,-2.7,19.1,65.6,-56.7,2.4,-1.0,RS41-SG,403.100,8.1,150,12,2.7,-1,-1
2025-01-26T06:48:27.000Z,U3160981,2289,43.48631,7.05108,12267.3,-2.4,19.2,75.9,-56.7,2.4,-1.0,RS41-SG,403.100,8.2,150,12,2.8,-1,-1
2025-01-26T06:48:29.000Z,U3160981,2291,43.48640,7.05157,12263.4,-2.8,22.0,78.6,-56.7,2.3,-1.0,RS41-SG,403.100,8.4,150,12,2.7,-1,-1
2025-01-26T06:48:30.000Z,U3160981,2292,43.48644,7.05184,12261.5,-2.8,22.8,77.6,-56.7,2.3,-1.0,RS41-SG,403.100,8.8,150,12,2.6,-1,-1
2025-01-26T06:48:31.000Z,U3160981,2293,43.48649,7.05213,12259.8,-2.3,24.6,76.4,-56.6,2.3,-1.0,RS41-SG,403.100,9.6,150,12,2.8,-1,-1
2025-01-26T06:48:32.000Z,U3160981,2294,43.48654,7.05243,12258.0,-2.3,25.5,74.0,-56.6,2.3,-1.0,RS41-SG,403.100,9.6,150,12,2.8,-1,-1
2025-01-26T06:48:34.000Z,U3160981,2296,43.48668,7.05304,12254.6,-2.4,26.7,70.2,-56.6,2.3,-1.0,RS41-SG,403.100,9.4,150,12,2.7,-1,-1
2025-01-26T06:48:35.000Z,U3160981,2297,43.48677,7.05334,12252.5,-2.8,26.5,66.6,-56.6,2.3,-1.0,RS41-SG,403.100,9.4,150,12,2.7,-1,-1
2025-01-26T06:48:36.000Z,U3160981,2298,43.48687,7.05363,12250.3,-2.8,25.7,64.5,-56.6,2.3,-1.0,RS41-SG,403.100,9.8,150,12,2.6,-1,-1
2025-01-26T06:48:37.000Z,U3160981,2299,43.48697,7.05392,12248.2,-2.6,25.4,63.2,-56.5,2.3,-1.0,RS41-SG,403.100,10.6,150,12,2.8,-1,-1
2025-01-26T06:48:38.000Z,U3160981,2300,43.48708,7.05419,12246.1,-2.8,24.9,59.5,-56.5,2.3,-1.0,RS41-SG,403.100,10.6,150,12,2.8,-1,-1
2025-01-26T06:48:39.000Z,U3160981,2301,43.48719,7.05444,12243.9,-2.7,23.0,59.3,-56.5,2.3,-1.0,RS41-SG,403.100,9.5,150,12,2.8,-1,-1
2025-01-26T06:48:40.000Z,U3160981,2302,43.48729,7.05468,12241.4,-3.0,22.8,59.8,-56.5,2.4,-1.0,RS41-SG,403.100,9.5,150,12,2.7,-1,-1
2025-01-26T06:48:41.000Z,U3160981,2303,43.48739,7.05491,12239.1,-3.2,20.7,58.8,-56.5,2.4,-1.0,RS41-SG,403.100,11.3,150,12,2.6,-1,-1
2025-01-26T06:48:42.000Z,U3160981,2304,43.48748,7.05513,12237.3,-2.4,20.1,61.1,-56.4,2.4,-1.0,RS41-SG,403.100,11.3,150,12,2.6,-1,-1
2025-01-26T06:48:43.000Z,U3160981,2305,43.48756,7.05533,12235.5,-2.5,18.3,62.7,-56.4,2.4,-1.0,RS41-SG,403.100,9.5,150,12,2.8,-1,-1
2025-01-26T06:48:44.000Z,U3160981,2306,43.48763,7.05554,12233.2,-3.0,18.9,66.2,-56.4,2.4,-1.0,RS41-SG,403.100,9.5,150,12,2.8,-1,-1
2025-01-26T06:48:45.000Z,U3160981,2307,43.48769,7.05575,12231.3,-2.4,18.6,71.5,-56.4,2.4,-1.0,RS41-SG,403.100,8.8,150,12,2.8,-1,-1
2025-01-26T06:48:46.000Z,U3160981,2308,43.48774,7.05597,12229.5,-2.6,18.8,76.6,-56.4,2.4,-1.0,RS41-SG,403.100,8.8,150,12,2.7,-1,-1
2025-01-26T06:48:59.000Z,U3160981,2321,43.48872,7.05944,12202.0,-2.7,20.8,56.7,-56.2,2.3,-1.0,RS41-SG,403.100,8.6,150,12,2.8,-1,-1
2025-01-26T06:49:01.000Z,U3160981,2323,43.48891,7.05986,12197.9,-2.7,18.7,61.1,-56.1,2.3,-1.0,RS41-SG,403.100,9.5,150,12,2.7,-1,-1
2025-01-26T06:49:02.000Z,U3160981,2324,43.48898,7.06006,12196.4,-2.3,17.9,64.3,-56.1,2.3,-1.0,RS41-SG,403.100,11.6,150,12,2.6,-1,-1
2025-01-26T06:49:04.000Z,U3160981,2326,43.48909,7.06047,12192.8,-2.4,18.1,74.5,-56.1,2.3,-1.0,RS41-SG,403.100,10.1,150,12,2.8,-1,-1
2025-01-26T06:49:05.000Z,U3160981,2327,43.48913,7.06069,12190.6,-2.5,19.3,78.1,-56.0,2.3,-1.0,RS41-SG,403.100,9.9,150,12,2.8,-1,-1
2025-01-26T06:49:07.000Z,U3160981,2329,43.48920,7.06118,12186.3,-2.7,22.0,77.3,-56.0,2.3,-1.0,RS41-SG,403.100,9.8,150,12,2.7,-1,-1
2025-01-26T06:49:08.000Z,U3160981,2330,43.48925,7.06145,12184.0,-2.8,23.2,77.0,-56.0,2.3,-1.0,RS41-SG,403.100,9.2,150,12,2.6,-1,-1
2025-01-26T06:49:09.000Z,U3160981,2331,43.48930,7.06174,12181.7,-3.0,24.4,74.3,-56.0,2.3,-1.0,RS41-SG,403.100,11.4,150,12,2.6,-1,-1
2025-01-26T06:49:10.000Z,U3160981,2332,43.48936,7.06203,12179.2,-2.9,24.7,72.5,-55.9,2.3,-1.0,RS41-SG,403.100,11.4,150,12,2.8,-1,-1
2025-01-26T06:49:11.000Z,U3160981,2333,43.48944,7.06232,12176.8,-2.8,25.4,70.7,-55.9,2.3,-1.0,RS41-SG,403.100,10.8,150,12,2.8,-1,-1
2025-01-26T06:49:12.000Z,U3160981,2334,43.48952,7.06261,12174.2,-3.1,26.0,66.6,-55.9,2.3,-1.0,RS41-SG,403.100,10.8,150,12,2.8,-1,-1
2025-01-26T06:49:13.000Z,U3160981,2335,43.48962,7.06290,12171.8,-3.2,25.8,62.4,-55.9,2.3,-1.0,RS41-SG,403.100,11.8,150,12,2.7,-1,-1
2025-01-26T06:49:14.000Z,U3160981,2336,43.48973,7.06317,12169.3,-3.0,24.2,61.6,-55.9,2.4,-1.0,RS41-SG,403.100,11.8,150,12,2.6,-1,-1
2025-01-26T06:49:15.000Z,U3160981,2337,43.48983,7.06342,12167.0,-2.7,23.8,59.6,-55.9,2.3,-1.0,RS41-SG,403.100,11.4,150,12,2.7,-1,-1
2025-01-26T06:49:16.000Z,U3160981,2338,43.48994,7.06367,12164.7,-3.1,22.9,56.6,-55.9,2.4,-1.0,RS41-SG,403.100,11.4,150,12,2.8,-1,-1
2025-01-26T06:49:17.000Z,U3160981,2339,43.49005,7.06389,12162.4,-2.7,20.6,55.8,-55.9,2.4,-1.0,RS41-SG,403.100,11.8,150,12,2.7,-1,-1
2025-01-26T06:49:18.000Z,U3160981,2340,43.49016,7.06410,12160.2,-2.7,20.4,55.3,-55.8,2.4,-1.0,RS41-SG,403.100,11.8,150,12,2.6,-1,-1
2025-01-26T06:49:19.000Z,U3160981,2341,43.49025,7.06429,12158.2,-2.5,18.1,57.9,-55.8,2.4,-1.0,RS41-SG,403.100,10.8,150,11,2.7,-1,-1
2025-01-26T06:49:20.000Z,U3160981,2342,43.49033,7.06448,12155.7,-3.3,17.2,60.0,-55.8,2.4,-1.0,RS41-SG,403.100,10.9,150,12,2.8,-1,-1
2025-01-26T06:49:21.000Z,U3160981,2343,43.49040,7.06466,12153.1,-3.2,17.2,64.0,-55.8,2.3,-1.0,RS41-SG,403.100,10.9,150,12,2.8,-1,-1
2025-01-26T06:49:22.000Z,U3160981,2344,43.49046,7.06486,12150.6,-3.0,17.1,70.2,-55.8,2.3,-1.0,RS41-SG,403.100,10.2,150,12,2.7,-1,-1
2025-01-26T06:49:23.000Z,U3160981,2345,43.49051,7.06506,12148.4,-2.6,17.4,75.2,-55.8,2.3,-1.0,RS41-SG,403.100,10.7,150,12,2.6,-1,-1
2025-01-26T06:49:24.000Z,U3160981,2346,43.49055,7.06527,12146.2,-3.0,18.3,75.4,-55.8,2.3,-1.0,RS41-SG,403.100,10.7,150,12,2.6,-1,-1
2025-01-26T06:49:25.000Z,U3160981,2347,43.49059,7.06550,12143.7,-3.2,20.3,76.0,-55.8,2.3,-1.0,RS41-SG,403.100,12.1,150,12,2.8,-1,-1
2025-01-26T06:49:26.000Z,U3160981,2348,43.49063,7.06575,12140.8,-3.0,21.1,78.1,-55.8,2.3,-1.0,RS41-SG,403.100,12.1,150,12,2.8,-1,-1
2025-01-26T06:49:27.000Z,U3160981,2349,43.49068,7.06602,12138.4,-2.9,22.9,74.0,-55.8,2.3,-1.0,RS41-SG,403.100,11.4,150,12,2.8,-1,-1
2025-01-26T06:49:28.000Z,U3160981,2350,43.49075,7.06629,12136.0,-3.4,23.6,70.7,-55.7,2.3,-1.0,RS41-SG,403.100,11.4,150,12,2.7,-1,-1
2025-01-26T06:49:29.000Z,U3160981,2351,43.49082,7.06657,12133.2,-3.4,23.8,69.9,-55.7,2.2,-1.0,RS41-SG,403.100,11.7,150,12,2.6,-1,-1
2025-01-26T06:49:30.000Z,U3160981,2352,43.49090,7.06685,12130.6,-3.2,24.4,68.3,-55.7,2.3,-1.0,RS41-SG,403.100,11.7,150,12,2.6,-1,-1
2025-01-26T06:49:31.000Z,U3160981,2353,43.49098,7.06713,12127.9,-3.2,24.9,65.1,-55.7,2.3,-1.0,RS41-SG,403.100,12.3,150,12,2.7,-1,-1
2025-01-26T06:49:32.000Z,U3160981,2354,43.49109,7.06740,12125.1,-3.3,25.0,61.2,-55.7,2.3,-1.0,RS41-SG,403.100,12.3,150,12,2.8,-1,-1
2025-01-26T06:49:33.000Z,U3160981,2355,43.49119,7.06766,12122.4,-3.3,23.2,59.0,-55.7,2.3,-1.0,RS41-SG,403.100,11.7,150,12,2.8,-1,-1
2025-01-26T06:49:34.000Z,U3160981,2356,43.49130,7.06790,12120.1,-2.8,22.8,57.8,-55.7,2.3,-1.0,RS41-SG,403.100,11.7,150,12,2.6,-1,-1
2025-01-26T06:49:35.000Z,U3160981,2357,43.49141,7.06812,12117.7,-3.3,20.9,55.4,-55.7,2.3,-1.0,RS41-SG,403.100,11.1,150,12,2.6,-1,-1
2025-01-26T06:49:36.000Z,U3160981,2358,43.49152,7.06833,12115.0,-3.1,20.1,54.2,-55.7,2.4,-1.0,RS41-SG,403.100,11.8,150,12,2.6,-1,-1
2025-01-26T06:49:37.000Z,U3160981,2359,43.49162,7.06852,12112.5,-3.0,19.0,55.0,-55.7,2.4,-1.0,RS41-SG,403.100,11.8,150,12,2.7,-1,-1
2025-01-26T06:49:38.000Z,U3160981,2360,43.49171,7.06871,12109.8,-3.0,17.5,56.7,-55.7,2.4,-1.0,RS41-SG,403.100,10.4,150,12,2.8,-1,-1
2025-01-26T06:49:39.000Z,U3160981,2361,43.49179,7.06888,12107.4,-3.1,16.1,60.4,-55.7,2.3,-1.0,RS41-SG,403.100,10.5,150,12,2.8,-1,-1
2025-01-26T06:49:40.000Z,U3160981,2362,43.49185,7.06906,12105.3,-2.7,16.5,67.0,-55.7,2.3,-1.0,RS41-SG,403.100,11.1,150,12,2.7,-1,-1
2025-01-26T06:49:41.000Z,U3160981,2363,43.49190,7.06925,12102.9,-2.9,16.6,72.4,-55.7,2.3,-1.0,RS41-SG,403.100,11.1,150,12,2.6,-1,-1
2025-01-26T06:49:42.000Z,U3160981,2364,43.49195,7.06945,12100.6,-2.9,17.8,73.4,-55.6,2.3,-1.0,RS41-SG,403.100,11.0,150,12,2.8,-1,-1
2025-01-26T06:49:43.000Z,U3160981,2365,43.49199,7.06968,12098.5,-2.7,19.6,74.7,-55.6,2.3,-1.0,RS41-SG,403.100,11.2,150,12,2.8,-1,-1
2025-01-26T06:49:44.000Z,U3160981,2366,43.49204,7.06992,12095.9,-2.9,21.2,74.5,-55.6,2.2,-1.0,RS41-SG,403.100,12.0,150,12,2.7,-1,-1
2025-01-26T06:49:45.000Z,U3160981,2367,43.49209,7.07017,12093.3,-3.2,21.8,73.4,-55.6,2.2,-1.0,RS41-SG,403.100,12.9,150,12,2.6,-1,-1
2025-01-26T06:49:46.000Z,U3160981,2368,43.49216,7.07043,12090.4,-3.6,23.1,69.6,-55.6,2.2,-1.0,RS41-SG,403.100,12.9,150,12,2.8,-1,-1
2025-01-26T06:49:47.000Z,U3160981,2369,43.49224,7.07070,12087.3,-3.3,23.4,66.1,-55.5,2.2,-1.0,RS41-SG,403.100,13.1,150,12,2.8,-1,-1
2025-01-26T06:49:48.000Z,U3160981,2370,43.49233,7.07096,12084.5,-3.3,23.4,63.4,-55.5,2.2,-1.0,RS41-SG,403.100,13.1,150,12,2.8,-1,-1
2025-01-26T06:49:49.000Z,U3160981,2371,43.49243,7.07121,12081.5,-3.6,23.2,60.3,-55.5,2.2,-1.0,RS41-SG,403.100,12.5,150,12,2.7,-1,-1
2025-01-26T06:49:50.000Z,U3160981,2372,43.49253,7.07146,12078.1,-4.0,23.1,58.0,-55.5,2.2,-1.0,RS41-SG,403.100,12.7,150,12,2.6,-1,-1
2025-01-26T06:49:51.000Z,U3160981,2373,43.49264,7.07169,12075.0,-3.4,21.8,57.4,-55.5,2.2,-1.0,RS41-SG,403.100,12.7,150,12,2.6,-1,-1
2025-01-26T06:49:52.000Z,U3160981,2374,43.49275,7.07192,12071.9,-3.3,22.0,54.5,-55.4,2.2,-1.0,RS41-SG,403.100,12.3,150,12,2.7,-1,-1
2025-01-26T06:49:53.000Z,U3160981,2375,43.49286,7.07213,12069.1,-3.1,20.4,53.9,-55.4,2.2,-1.0,RS41-SG,403.100,12.2,150,12,2.7,-1,-1
2025-01-26T06:49:54.000Z,U3160981,2376,43.49297,7.07233,12066.1,-3.4,19.8,54.6,-55.5,2.3,-1.0,RS41-SG,403.100,12.2,150,12,2.8,-1,-1
2025-01-26T06:49:56.000Z,U3160981,2378,43.49317,7.07271,12060.0,-3.5,18.1,55.9,-55.6,2.3,-1.0,RS41-SG,403.100,11.7,150,12,2.6,-1,-1
2025-01-26T06:49:57.000Z,U3160981,2379,43.49326,7.07289,12056.9,-3.7,17.0,54.8,-55.6,2.4,-1.0,RS41-SG,403.100,11.7,150,12,2.6,-1,-1
2025-01-26T06:49:58.000Z,U3160981,2380,43.49334,7.07306,12053.6,-3.6,16.4,55.6,-55.7,2.4,-1.0,RS41-SG,403.100,11.1,150,12,2.7,-1,-1
2025-01-26T06:49:59.000Z,U3160981,2381,43.49342,7.07322,12050.6,-3.3,15.6,57.7,-55.6,2.3,-1.0,RS41-SG,403.100,10.8,150,12,2.8,-1,-1
2025-01-26T06:50:00.000Z,U3160981,2382,43.49349,7.07338,12047.6,-3.6,15.2,58.9,-55.6,2.4,-1.0,RS41-SG,403.100,12.1,150,12,2.8,-1,-1
2025-01-26T06:50:01.000Z,U3160981,2383,43.49356,7.07355,12045.0,-3.0,15.3,63.8,-55.6,2.4,-1.0,RS41-SG,403.100,12.1,150,12,2.7,-1,-1
2025-01-26T06:50:02.000Z,U3160981,2384,43.49361,7.07372,12042.8,-2.8,15.4,68.8,-55.6,2.4,-1.0,RS41-SG,403.100,10.4,150,12,2.6,-1,-1
2025-01-26T06:50:03.000Z,U3160981,2385,43.49366,7.07390,12040.5,-2.6,16.3,72.5,-55.6,2.3,-1.0,RS41-SG,403.100,10.3,150,12,2.6,-1,-1
2025-01-26T06:50:04.000Z,U3160981,2386,43.49370,7.07411,12038.3,-2.8,18.0,75.3,-55.6,2.3,-1.0,RS41-SG,403.100,10.5,150,12,2.7,-1,-1
2025-01-26T06:50:05.000Z,U3160981,2387,43.49374,7.07433,12036.1,-2.4,19.0,74.5,-55.6,2.3,-1.0,RS41-SG,403.100,10.5,150,12,2.8,-1,-1
2025-01-26T06:50:06.000Z,U3160981,2388,43.49379,7.07456,12033.8,-2.8,20.5,73.5,-55.6,2.2,-1.0,RS41-SG,403.100,10.5,150,12,2.8,-1,-1
2025-01-26T06:50:07.000Z,U3160981,2389,43.49385,7.07480,12031.0,-3.5,20.9,71.4,-55.6,2.2,-1.0,RS41-SG,403.100,10.4,150,12,2.7,-1,-1
2025-01-26T06:50:08.000Z,U3160981,2390,43.49391,7.07505,12028.0,-3.3,21.2,68.6,-55.5,2.1,-1.0,RS41-SG,403.100,10.6,150,12,2.6,-1,-1
2025-01-26T06:50:09.000Z,U3160981,2391,43.49399,7.07529,12024.9,-3.8,21.4,65.7,-55.6,2.2,-1.0,RS41-SG,403.100,11.5,150,12,2.8,-1,-1
2025-01-26T06:50:10.000Z,U3160981,2392,43.49407,7.07553,12021.4,-3.7,20.9,63.8,-55.6,2.2,-1.0,RS41-SG,403.100,11.5,150,12,2.8,-1,-1
2025-01-26T06:50:11.000Z,U3160981,2393,43.49415,7.07575,12018.2,-3.5,20.5,61.2,-55.6,2.2,-1.0,RS41-SG,403.100,10.8,150,12,2.6,-1,-1
2025-01-26T06:50:14.000Z,U3160981,2396,43.49443,7.07637,12008.0,-4.1,18.7,56.3,-55.5,2.3,-1.0,RS41-SG,403.100,9.0,150,12,2.8,-1,-1
2025-01-26T06:50:15.000Z,U3160981,2397,43.49452,7.07655,12004.5,-3.8,17.8,54.6,-55.5,2.3,-1.0,RS41-SG,403.100,10.1,150,12,2.6,-1,-1
2025-01-26T06:50:16.000Z,U3160981,2398,43.49461,7.07673,12001.2,-3.6,16.9,54.3,-55.5,2.3,-1.0,RS41-SG,403.100,10.4,150,12,2.6,-1,-1
2025-01-26T06:50:17.000Z,U3160981,2399,43.49470,7.07689,11997.8,-3.9,16.4,52.7,-55.5,2.4,-1.0,RS41-SG,403.100,10.4,150,12,2.7,-1,-1
2025-01-26T06:50:19.000Z,U3160981,2401,43.49487,7.07721,11991.3,-3.2,15.2,55.0,-55.5,2.3,-1.0,RS41-SG,403.100,10.3,150,12,2.8,-1,-1
2025-01-26T06:50:21.000Z,U3160981,2403,43.49500,7.07750,11986.1,-3.0,13.6,62.6,-55.4,2.3,-1.0,RS41-SG,403.100,9.2,150,12,2.6,-1,-1
2025-01-26T06:50:22.000Z,U3160981,2404,43.49505,7.07765,11983.6,-3.2,13.3,68.7,-55.4,2.3,-1.0,RS41-SG,403.100,9.4,150,12,2.6,-1,-1
2025-01-26T06:50:23.000Z,U3160981,2405,43.49509,7.07781,11980.7,-3.1,13.5,73.8,-55.4,2.3,-1.0,RS41-SG,403.100,11.2,150,12,2.7,-1,-1
2025-01-26T06:50:25.000Z,U3160981,2407,43.49514,7.07815,11974.9,-3.4,14.9,78.5,-55.3,2.2,-1.0,RS41-SG,403.100,9.8,150,12,2.8,-1,-1
2025-01-26T06:50:26.000Z,U3160981,2408,43.49517,7.07833,11971.7,-3.8,15.6,77.8,-55.3,2.2,-1.0,RS41-SG,403.100,10.3,150,12,2.6,-1,-1
2025-01-26T06:50:27.000Z,U3160981,2409,43.49520,7.07853,11968.6,-3.2,16.4,75.6,-55.3,2.2,-1.0,RS41-SG,403.100,10.3,150,12,2.6,-1,-1
2025-01-26T06:50:28.000Z,U3160981,2410,43.49525,7.07872,11965.8,-3.0,17.1,72.5,-55.3,2.1,-1.0,RS41-SG,403.100,10.2,150,12,2.6,-1,-1
2025-01-26T06:50:29.000Z,U3160981,2411,43.49530,7.07893,11963.1,-2.9,17.6,69.2,-55.3,2.2,-1.0,RS41-SG,403.100,11.4,150,12,2.8,-1,-1
2025-01-26T06:50:30.000Z,U3160981,2412,43.49536,7.07913,11960.1,-3.4,18.0,66.1,-55.2,2.2,-1.0,RS41-SG,403.100,11.4,150,12,2.8,-1,-1
2025-01-26T06:50:31.000Z,U3160981,2413,43.49543,7.07933,11956.7,-3.4,18.1,62.5,-55.2,2.1,-1.0,RS41-SG,403.100,10.7,150,12,2.8,-1,-1
2025-01-26T06:50:32.000Z,U3160981,2414,43.49550,7.07952,11953.4,-3.7,17.4,59.7,-55.1,2.2,-1.0,RS41-SG,403.100,10.7,150,12,2.7,-1,-1
2025-01-26T06:50:33.000Z,U3160981,2415,43.49558,7.07970,11950.1,-3.3,17.2,58.3,-55.1,2.2,-1.0,RS41-SG,403.100,9.8,150,12,2.6,-1,-1
2025-01-26T06:50:34.000Z,U3160981,2416,43.49567,7.07988,11947.1,-3.4,16.9,57.2,-55.0,2.2,-1.0,RS41-SG,403.100,9.8,150,12,2.6,-1,-1
2025-01-26T06:50:35.000Z,U3160981,2417,43.49575,7.08005,11943.7,-3.5,16.3,56.8,-55.0,2.2,-1.0,RS41-SG,403.100,9.5,150,12,2.7,-1,-1
2025-01-26T06:50:37.000Z,U3160981,2419,43.49590,7.08038,11936.8,-3.4,15.5,56.6,-55.0,2.3,-1.0,RS41-SG,403.100,9.0,150,12,2.8,-1,-1
2025-01-26T06:50:38.000Z,U3160981,2420,43.49598,7.08054,11933.7,-3.3,14.8,57.2,-55.1,2.3,-1.0,RS41-SG,403.100,9.1,150,12,2.7,-1,-1
2025-01-26T06:50:39.000Z,U3160981,2421,43.49605,7.08069,11930.7,-3.0,14.0,57.3,-55.1,2.3,-1.0,RS41-SG,403.100,10.4,150,12,2.6,-1,-1
2025-01-26T06:50:40.000Z,U3160981,2422,43.49612,7.08083,11927.7,-3.2,13.5,56.0,-55.0,2.3,-1.0,RS41-SG,403.100,10.4,150,12,2.6,-1,-1
2025-01-26T06:50:41.000Z,U3160981,2423,43.49618,7.08096,11924.6,-3.2,12.7,55.4,-55.0,2.3,-1.0,RS41-SG,403.100,9.2,150,12,2.7,-1,-1
2025-01-26T06:50:42.000Z,U3160981,2424,43.49625,7.08109,11921.5,-3.1,12.0,55.3,-55.0,2.2,-1.0,RS41-SG,403.100,9.4,150,12,2.8,-1,-1
2025-01-26T06:50:43.000Z,U3160981,2425,43.49630,7.08120,11918.6,-3.1,11.3,55.5,-55.0,2.2,-1.0,RS41-SG,403.100,10.8,150,12,2.8,-1,-1
2025-01-26T06:50:44.000Z,U3160981,2426,43.49636,7.08132,11915.7,-3.1,10.8,56.7,-54.9,2.2,-1.0,RS41-SG,403.100,10.8,150,12,2.6,-1,-1
2025-01-26T06:50:45.000Z,U3160981,2427,43.49641,7.08143,11912.4,-3.4,10.5,58.2,-54.9,2.2,-1.0,RS41-SG,403.100,9.2,150,11,2.6,-1,-1
2025-01-26T06:50:46.000Z,U3160981,2428,43.49646,7.08154,11909.2,-3.0,10.7,60.8,-54.9,2.2,-1.0,RS41-SG,403.100,9.3,150,12,2.7,-1,-1
2025-01-26T06:50:47.000Z,U3160981,2429,43.49650,7.08166,11906.5,-2.8,11.1,65.6,-54.9,2.2,-1.0,RS41-SG,403.100,9.3,150,12,2.8,-1,-1
2025-01-26T06:50:48.000Z,U3160981,2430,43.49654,7.08180,11903.9,-2.6,12.3,69.0,-54.8,2.2,-1.0,RS41-SG,403.100,8.9,150,12,2.7,-1,-1
2025-01-26T06:50:49.000Z,U3160981,2431,43.49658,7.08194,11901.2,-2.8,13.3,73.0,-54.8,2.2,-1.0,RS41-SG,403.100,9.9,150,12,2.6,-1,-1
2025-01-26T06:50:50.000Z,U3160981,2432,43.49662,7.08211,11898.2,-3.2,14.4,73.6,-54.8,2.2,-1.0,RS41-SG,403.100,9.9,150,12,2.7,-1,-1
2025-01-26T06:50:53.000Z,U3160981,2435,43.49675,7.08265,11889.2,-2.9,16.1,67.1,-54.7,2.1,-1.0,RS41-SG,403.100,9.3,150,12,2.6,-1,-1
2025-01-26T06:50:55.000Z,U3160981,2437,43.49686,7.08301,11883.1,-2.8,16.0,64.9,-54.7,2.1,-1.0,RS41-SG,403.100,9.9,150,12,2.8,-1,-1
2025-01-26T06:50:56.000Z,U3160981,2438,43.49693,7.08319,11880.2,-2.8,15.4,60.5,-54.6,2.1,-1.0,RS41-SG,403.100,10.0,150,12,2.8,-1,-1
2025-01-26T06:50:57.000Z,U3160981,2439,43.49700,7.08335,11877.6,-2.8,15.6,56.2,-54.6,2.1,-1.0,RS41-SG,403.100,10.0,150,12,2.6,-1,-1
2025-01-26T06:51:17.000Z,U3160981,2459,43.49808,7.08603,11817.8,-3.1,15.1,52.2,-54.1,2.1,-1.0,RS41-SG,403.100,9.4,150,12,2.6,-1,-1
2025-01-26T06:51:19.000Z,U3160981,2461,43.49825,7.08630,11810.7,-3.7,12.9,45.9,-54.0,2.0,-1.0,RS41-SG,403.100,8.3,150,12,2.7,-1,-1
2025-01-26T06:51:21.000Z,U3160981,2463,43.49840,7.08651,11803.2,-3.1,11.4,45.0,-53.9,2.0,-1.0,RS41-SG,403.100,9.4,150,12,2.6,-1,-1
2025-01-26T06:51:24.000Z,U3160981,2466,43.49858,7.08681,11794.0,-2.3,10.0,57.9,-53.7,2.0,-1.0,RS41-SG,403.100,9.0,150,11,2.7,-1,-1
2025-01-26T06:51:28.000Z,U3160981,2470,43.49871,7.08727,11780.1,-3.3,10.7,74.4,-53.6,2.0,-1.0,RS41-SG,403.100,8.2,150,12,2.6,-1,-1
2025-01-26T06:51:31.000Z,U3160981,2473,43.49877,7.08769,11768.1,-3.3,12.4,79.0,-53.6,2.0,-1.0,RS41-SG,403.100,8.2,150,12,2.6,-1,-1
2025-01-26T06:51:33.000Z,U3160981,2475,43.49883,7.08800,11759.8,-3.5,13.4,74.9,-53.5,2.1,-1.0,RS41-SG,403.100,9.0,150,12,2.7,-1,-1
2025-01-26T06:51:35.000Z,U3160981,2477,43.49891,7.08832,11752.5,-2.7,14.0,64.4,-53.5,2.1,-1.0,RS41-SG,403.100,10.0,150,12,2.6,-1,-1
