timestamp,serial,frame,lat,lon,alt,vel_v,vel_h,heading,temp,humidity,pressure,type,freq_mhz,snr,f_error_hz,sats,batt_v,burst_timer,aux_data
2025-05-09T00:32:33.000Z,U3320964,7106,46.96403,7.20621,28859.9,5.1,4.4,253.5,-273.0,-1.0,-1.0,RS41,403.500,7.4,150,10,2.5,-1,-1
2025-05-09T00:32:38.000Z,U3320964,7111,46.96387,7.20600,28889.9,6.3,9.8,220.5,-273.0,-1.0,-1.0,RS41,403.500,7.7,150,9,2.5,-1,-1
2025-05-09T00:32:49.000Z,U3320964,7122,46.96325,7.20489,28952.9,5.7,9.5,232.8,-273.0,-1.0,-1.0,RS41,403.500,7.7,150,10,2.5,-1,-1
2025-05-09T00:32:50.000Z,U3320964,7123,46.96320,7.20478,28958.5,5.3,10.1,238.1,-273.0,-1.0,-1.0,RS41-SG,403.500,8.4,150,10,2.5,-1,-1
2025-05-09T00:32:56.000Z,U3320964,7129,46.96300,7.20413,28992.9,5.0,8.3,254.7,-273.0,-1.0,-1.0,RS41-SG,403.500,8.2,150,10,2.5,-1,-1
2025-05-09T00:32:57.000Z,U3320964,7130,46.96298,7.20402,28998.5,6.2,9.3,258.2,-273.0,-1.0,-1.0,RS41-SG,403.500,8.4,150,10,2.5,-1,-1
2025-05-09T00:32:58.000Z,U3320964,7131,46.96296,7.20389,29005.0,6.9,10.6,259.1,-273.0,-1.0,-1.0,RS41-SG,403.500,8.4,150,10,2.6,-1,-1
2025-05-09T00:33:05.000Z,U3320964,7138,46.96267,7.20312,29045.2,6.2,6.1,221.8,-273.0,-1.0,-1.0,RS41-SG,403.500,8.1,150,10,2.6,-1,-1
2025-05-09T00:33:07.000Z,U3320964,7140,46.96263,7.20299,29058.8,6.6,6.1,268.3,-273.0,-1.0,-1.0,RS41-SG,403.500,7.9,150,10,2.5,-1,-1
2025-05-09T00:33:09.000Z,U3320964,7142,46.96265,7.20280,29069.2,4.6,8.9,287.9,-273.0,-1.0,-1.0,RS41-SG,403.500,8.5,150,10,2.6,-1,-1
2025-05-09T00:33:10.000Z,U3320964,7143,46.96268,7.20269,29074.2,5.7,9.5,288.5,-273.0,-1.0,-1.0,RS41-SG,403.500,8.9,150,10,2.6,-1,-1
2025-05-09T00:33:11.000Z,U3320964,7144,46.96270,7.20257,29080.6,7.3,9.0,283.8,-273.0,-1.0,-1.0,RS41-SG,403.500,9.2,150,10,2.5,-1,-1
2025-05-09T00:33:12.000Z,U3320964,7145,46.96272,7.20246,29088.0,7.1,8.1,274.4,-273.0,-1.0,-1.0,RS41-SG,403.500,9.2,150,10,2.5,-1,-1
2025-05-09T00:33:14.000Z,U3320964,7147,46.96270,7.20226,29099.2,4.9,7.8,249.8,-273.0,-1.0,-1.0,RS41-SG,403.500,9.6,150,10,2.6,-1,-1
2025-05-09T00:33:15.000Z,U3320964,7148,46.96267,7.20216,29104.4,5.5,8.6,242.7,-273.0,-1.0,-1.0,RS41-SG,403.500,9.6,150,10,2.6,-1,-1
2025-05-09T00:33:16.000Z,U3320964,7149,46.96263,7.20206,29110.4,6.2,9.3,239.8,-273.0,-1.0,-1.0,RS41-SG,403.500,7.7,150,10,2.6,-1,-1
2025-05-09T00:33:18.000Z,U3320964,7151,46.96255,7.20184,29123.3,5.8,9.0,244.8,-273.0,-1.0,-1.0,RS41-SG,403.500,7.8,150,10,2.5,-1,-1
2025-05-09T00:33:19.000Z,U3320964,7152,46.96252,7.20174,29128.9,5.5,7.6,249.4,-273.0,-1.0,-1.0,RS41-SG,403.500,9.2,150,10,2.5,-1,-1
2025-05-09T00:33:20.000Z,U3320964,7153,46.96250,7.20166,29134.6,6.0,5.5,253.7,-273.0,-1.0,-1.0,RS41-SG,403.500,9.2,150,10,2.6,-1,-1
2025-05-09T00:33:22.000Z,U3320964,7155,46.96249,7.20157,29146.7,5.5,2.0,273.6,-273.0,-1.0,-1.0,RS41-SG,403.500,7.7,150,10,2.5,-1,-1
2025-05-09T00:33:23.000Z,U3320964,7156,46.96250,7.20155,29152.3,5.6,1.7,291.7,-273.0,-1.0,-1.0,RS41-SG,403.500,8.3,150,10,2.5,-1,-1
2025-05-09T00:33:24.000Z,U3320964,7157,46.96250,7.20152,29158.5,6.7,2.8,296.4,-273.0,-1.0,-1.0,RS41-SG,403.500,9.0,150,10,2.5,-1,-1
2025-05-09T00:33:25.000Z,U3320964,7158,46.96252,7.20147,29165.1,6.8,5.1,295.6,-273.0,-1.0,-1.0,RS41-SG,403.500,9.0,150,10,2.6,-1,-1
2025-05-09T00:33:26.000Z,U3320964,7159,46.96254,7.20140,29171.6,6.2,7.3,289.3,-273.0,-1.0,-1.0,RS41-SG,403.500,9.6,150,10,2.6,-1,-1
2025-05-09T00:33:27.000Z,U3320964,7160,46.96256,7.20130,29177.2,4.8,9.0,283.5,-273.0,-1.0,-1.0,RS41-SG,403.500,9.6,150,10,2.6,-1,-1
2025-05-09T00:33:29.000Z,U3320964,7162,46.96259,7.20104,29187.1,5.6,9.8,274.3,-273.0,-1.0,-1.0,RS41-SG,403.500,10.4,150,10,2.5,-1,-1
2025-05-09T00:33:31.000Z,U3320964,7164,46.96259,7.20083,29200.4,7.1,6.3,261.7,-273.0,-1.0,-1.0,RS41-SG,403.500,9.2,150,10,2.6,-1,-1
2025-05-09T00:33:32.000Z,U3320964,7165,46.96258,7.20076,29206.4,5.1,4.9,255.6,-273.0,-1.0,-1.0,RS41-SG,403.500,8.5,150,10,2.6,-1,-1
2025-05-09T00:33:33.000Z,U3320964,7166,46.96257,7.20071,29211.3,4.6,3.8,247.7,-273.0,-1.0,-1.0,RS41-SG,403.500,8.2,150,10,2.5,-1,-1
2025-05-09T00:33:34.000Z,U3320964,7167,46.96256,7.20066,29216.7,6.2,3.3,256.3,-273.0,-1.0,-1.0,RS41-SG,403.500,9.3,150,10,2.5,-1,-1
2025-05-09T00:33:35.000Z,U3320964,7168,46.96255,7.20062,29223.4,7.4,3.9,277.9,-273.0,-1.0,-1.0,RS41-SG,403.500,9.6,150,10,2.5,-1,-1
2025-05-09T00:33:36.000Z,U3320964,7169,46.96257,7.20056,29230.0,5.6,5.0,292.1,-273.0,-1.0,-1.0,RS41-SG,403.500,9.6,150,10,2.6,-1,-1
2025-05-09T00:33:37.000Z,U3320964,7170,46.96259,7.20050,29235.9,5.9,5.9,297.5,-273.0,-1.0,-1.0,RS41-SG,403.500,9.8,150,10,2.6,-1,-1
2025-05-09T00:33:38.000Z,U3320964,7171,46.96261,7.20043,29242.1,6.5,6.2,303.1,-273.0,-1.0,-1.0,RS41-SG,403.500,9.8,150,10,2.6,-1,-1
2025-05-09T00:33:39.000Z,U3320964,7172,46.96264,7.20036,29248.7,6.8,5.9,305.8,-273.0,-1.0,-1.0,RS41-SG,403.500,9.7,150,10,2.5,-1,-1
2025-05-09T00:33:40.000Z,U3320964,7173,46.96267,7.20030,29255.0,5.4,5.5,309.7,-273.0,-1.0,-1.0,RS41-SG,403.500,9.9,150,10,2.5,-1,-1
2025-05-09T00:33:41.000Z,U3320964,7174,46.96271,7.20025,29260.5,5.5,5.2,310.0,-273.0,-1.0,-1.0,RS41-SG,403.500,9.9,150,10,2.5,-1,-1
2025-05-09T00:33:42.000Z,U3320964,7175,46.96273,7.20019,29266.3,6.4,5.4,306.2,-273.0,-1.0,-1.0,RS41-SG,403.500,9.7,150,10,2.6,-1,-1
2025-05-09T00:33:43.000Z,U3320964,7176,46.96276,7.20013,29272.7,6.8,5.8,301.1,-273.0,-1.0,-1.0,RS41-SG,403.500,9.2,150,10,2.6,-1,-1
2025-05-09T00:33:44.000Z,U3320964,7177,46.96279,7.20007,29279.4,6.3,5.8,295.8,-273.0,-1.0,-1.0,RS41-SG,403.500,9.2,150,10,2.5,-1,-1
2025-05-09T00:33:45.000Z,U3320964,7178,46.96281,7.20000,29285.5,5.8,5.2,289.9,-273.0,-1.0,-1.0,RS41-SG,403.500,9.0,150,10,2.5,-1,-1
2025-05-09T00:33:46.000Z,U3320964,7179,46.96282,7.19994,29291.6,6.2,3.7,274.6,-273.0,-1.0,-1.0,RS41-SG,403.500,9.0,150,10,2.5,-1,-1
2025-05-09T00:33:47.000Z,U3320964,7180,46.96281,7.19991,29297.9,6.6,2.6,233.4,-273.0,-1.0,-1.0,RS41-SG,403.500,8.2,150,10,2.6,-1,-1
2025-05-09T00:33:48.000Z,U3320964,7181,46.96279,7.19989,29303.9,5.3,2.9,197.8,-273.0,-1.0,-1.0,RS41-SG,403.500,9.7,150,10,2.6,-1,-1
2025-05-09T00:33:49.000Z,U3320964,7182,46.96276,7.19988,29309.4,5.4,3.2,181.9,-273.0,-1.0,-1.0,RS41-SG,403.500,9.7,150,10,2.6,-1,-1
2025-05-09T00:33:50.000Z,U3320964,7183,46.96274,7.19988,29315.5,6.9,3.0,188.0,-273.0,-1.0,-1.0,RS41-SG,403.500,9.8,150,10,2.5,-1,-1
2025-05-09T00:33:51.000Z,U3320964,7184,46.96272,7.19986,29322.8,7.3,2.3,225.1,-273.0,-1.0,-1.0,RS41-SG,403.500,9.8,150,10,2.5,-1,-1
2025-05-09T00:33:52.000Z,U3320964,7185,46.96271,7.19984,29329.2,5.3,2.9,259.3,-273.0,-1.0,-1.0,RS41-SG,403.500,9.5,150,9,2.5,-1,-1
2025-05-09T00:33:53.000Z,U3320964,7186,46.96271,7.19979,29334.5,5.2,4.1,274.7,-273.0,-1.0,-1.0,RS41-SG,403.500,9.7,150,10,2.6,-1,-1
2025-05-09T00:33:54.000Z,U3320964,7187,46.96271,7.19973,29340.1,6.2,4.8,280.3,-273.0,-1.0,-1.0,RS41-SG,403.500,9.7,150,10,2.6,-1,-1
2025-05-09T00:33:55.000Z,U3320964,7188,46.96272,7.19967,29346.8,7.1,4.6,278.7,-273.0,-1.0,-1.0,RS41-SG,403.500,10.1,150,10,2.5,-1,-1
2025-05-09T00:33:56.000Z,U3320964,7189,46.96272,7.19962,29353.3,6.1,4.1,273.8,-273.0,-1.0,-1.0,RS41-SG,403.500,10.1,150,10,2.5,-1,-1
2025-05-09T00:33:57.000Z,U3320964,7190,46.96272,7.19957,29359.0,5.2,3.7,269.0,-273.0,-1.0,-1.0,RS41-SG,403.500,9.3,150,10,2.5,-1,-1
2025-05-09T00:33:58.000Z,U3320964,7191,46.96272,7.19952,29364.3,5.5,3.3,264.4,-273.0,-1.0,-1.0,RS41-SG,403.500,8.8,150,10,2.6,-1,-1
2025-05-09T00:33:59.000Z,U3320964,7192,46.96272,7.19948,29370.7,7.0,3.0,266.8,-273.0,-1.0,-1.0,RS41-SG,403.500,8.5,150,10,2.6,-1,-1
2025-05-09T00:34:01.000Z,U3320964,7194,46.96272,7.19942,29383.4,5.5,1.9,263.6,-273.0,-1.0,-1.0,RS41-SG,403.500,8.9,150,10,2.5,-1,-1
2025-05-09T00:34:02.000Z,U3320964,7195,46.96271,7.19940,29389.3,6.0,1.2,212.3,-273.0,-1.0,-1.0,RS41-SG,403.500,8.9,150,10,2.5,-1,-1
2025-05-09T00:34:03.000Z,U3320964,7196,46.96270,7.19940,29395.6,6.6,2.5,159.8,-273.0,-1.0,-1.0,RS41-SG,403.500,9.6,150,10,2.5,-1,-1
2025-05-09T00:34:04.000Z,U3320964,7197,46.96267,7.19942,29401.8,5.9,3.9,151.6,-47.6,-1.0,-1.0,RS41-SG,403.500,9.6,150,10,2.6,-1,-1
2025-05-09T00:34:07.000Z,U3320964,7200,46.96258,7.19949,29420.6,7.4,2.3,160.6,-47.4,-1.0,-1.0,RS41-SG,403.500,8.4,150,10,2.5,-1,-1
2025-05-09T00:34:08.000Z,U3320964,7201,46.96257,7.19949,29427.6,6.9,1.1,237.8,-47.4,-1.0,-1.0,RS41-SG,403.500,8.8,150,10,2.5,-1,-1
2025-05-09T00:34:09.000Z,U3320964,7202,46.96257,7.19947,29433.5,5.2,2.2,282.8,-47.4,-1.0,-1.0,RS41-SG,403.500,8.8,150,10,2.6,-1,-1
2025-05-09T00:34:10.000Z,U3320964,7203,46.96257,7.19944,29438.7,4.8,3.4,288.9,-47.3,-1.0,-1.0,RS41-SG,403.500,9.1,150,10,2.6,-1,-1
2025-05-09T00:34:11.000Z,U3320964,7204,46.96258,7.19939,29444.1,5.7,3.8,280.2,-47.3,-1.0,-1.0,RS41-SG,403.500,9.3,150,10,2.6,-1,-1
2025-05-09T00:34:12.000Z,U3320964,7205,46.96258,7.19935,29450.5,6.7,3.3,264.9,-47.2,0.6,-1.0,RS41-SG,403.500,9.3,150,10,2.5,-1,-1
2025-05-09T00:34:13.000Z,U3320964,7206,46.96257,7.19931,29457.3,6.9,3.0,234.9,-47.2,0.6,-1.0,RS41-SG,403.500,9.2,150,10,2.5,-1,-1
2025-05-09T00:34:14.000Z,U3320964,7207,46.96255,7.19929,29463.4,5.4,3.0,206.7,-47.2,0.6,-1.0,RS41-SG,403.500,9.1,150,10,2.5,-1,-1
2025-05-09T00:34:15.000Z,U3320964,7208,46.96253,7.19927,29468.4,4.7,3.1,188.7,-47.2,0.6,-1.0,RS41-SG,403.500,8.8,150,10,2.6,-1,-1
2025-05-09T00:34:16.000Z,U3320964,7209,46.96250,7.19927,29473.5,5.7,2.4,173.2,-47.1,0.6,-1.0,RS41-SG,403.500,8.8,150,10,2.6,-1,-1
2025-05-09T00:34:17.000Z,U3320964,7210,46.96249,7.19927,29479.7,7.0,0.8,165.6,-47.1,0.6,-1.0,RS41-SG,403.500,7.8,150,10,2.5,-1,-1
2025-05-09T00:34:18.000Z,U3320964,7211,46.96249,7.19927,29486.4,6.2,1.0,353.7,-47.1,0.6,-1.0,RS41-SG,403.500,8.0,150,10,2.5,-1,-1
2025-05-09T00:34:19.000Z,U3320964,7212,46.96250,7.19927,29492.2,5.3,2.6,350.4,-47.2,0.6,-1.0,RS41-SG,403.500,8.2,150,10,2.5,-1,-1
2025-05-09T00:34:20.000Z,U3320964,7213,46.96253,7.19927,29497.5,5.7,3.5,354.8,-47.1,0.6,-1.0,RS41-SG,403.500,9.5,150,10,2.6,-1,-1
2025-05-09T00:34:21.000Z,U3320964,7214,46.96256,7.19926,29503.5,6.5,3.5,1.5,-47.1,0.6,-1.0,RS41-SG,403.500,9.5,150,10,2.6,-1,-1
2025-05-09T00:34:23.000Z,U3320964,7216,46.96261,7.19928,29516.3,5.4,2.2,16.7,-47.2,0.6,-1.0,RS41-SG,403.500,8.7,150,10,2.5,-1,-1
2025-05-09T00:34:24.000Z,U3320964,7217,46.96263,7.19928,29522.0,5.9,1.4,10.9,-47.2,0.6,-1.0,RS41-SG,403.500,8.7,150,10,2.5,-1,-1
2025-05-09T00:34:26.000Z,U3320964,7219,46.96264,7.19926,29534.9,6.6,2.1,280.1,-47.2,0.6,-1.0,RS41-SG,403.500,9.2,150,10,2.6,-1,-1
2025-05-09T00:34:33.000Z,U3320964,7226,46.96242,7.19907,29577.8,6.2,5.0,185.2,-47.2,0.6,-1.0,RS41-SG,403.500,8.8,150,10,2.6,-1,-1
2025-05-09T00:34:34.000Z,U3320964,7227,46.96239,7.19906,29584.2,6.4,3.2,192.8,-47.2,0.6,-1.0,RS41-SG,403.500,8.8,150,10,2.5,-1,-1
2025-05-09T00:34:36.000Z,U3320964,7229,46.96237,7.19903,29596.8,6.3,1.8,306.5,-47.1,0.6,-1.0,RS41-SG,403.500,9.4,150,10,2.5,-1,-1
2025-05-09T00:34:37.000Z,U3320964,7230,46.96238,7.19901,29602.8,5.5,3.0,326.2,-47.1,0.6,-1.0,RS41-SG,403.500,8.8,150,10,2.6,-1,-1
2025-05-09T00:34:38.000Z,U3320964,7231,46.96241,7.19899,29608.2,5.4,3.0,326.4,-47.1,0.6,-1.0,RS41-SG,403.500,8.9,150,10,2.6,-1,-1
2025-05-09T00:34:39.000Z,U3320964,7232,46.96242,7.19897,29614.0,6.3,1.8,306.1,-47.1,0.6,-1.0,RS41-SG,403.500,8.9,150,10,2.5,-1,-1
2025-05-09T00:34:40.000Z,U3320964,7233,46.96242,7.19896,29620.5,6.7,2.0,213.5,-47.1,0.6,-1.0,RS41-SG,403.500,8.4,150,10,2.5,-1,-1
2025-05-09T00:34:42.000Z,U3320964,7235,46.96234,7.19894,29632.3,4.7,7.1,185.3,-47.1,0.6,-1.0,RS41-SG,403.500,8.9,150,10,2.6,-1,-1
2025-05-09T00:34:48.000Z,U3320964,7241,46.96202,7.19884,29666.5,4.8,2.4,243.9,-47.1,0.6,-1.0,RS41-SG,403.500,8.4,150,10,2.6,-1,-1
2025-05-09T00:34:49.000Z,U3320964,7242,46.96202,7.19881,29671.9,6.2,2.4,257.2,-47.1,0.6,-1.0,RS41-SG,403.500,9.9,150,10,2.6,-1,-1
2025-05-09T00:34:50.000Z,U3320964,7243,46.96201,7.19878,29678.3,6.6,2.6,245.4,-47.1,0.6,-1.0,RS41-SG,403.500,9.9,150,10,2.5,-1,-1
2025-05-09T00:34:58.000Z,U3320964,7251,46.96176,7.19861,29726.2,5.2,4.1,205.2,-47.2,0.6,-1.0,RS41-SG,403.500,8.3,150,10,2.5,-1,-1
2025-05-09T00:35:04.000Z,U3320964,7257,46.96139,7.19845,29761.2,6.5,7.1,191.7,-47.2,0.6,-1.0,RS41-SG,403.500,8.3,150,10,2.6,-1,-1
2025-05-09T00:35:06.000Z,U3320964,7259,46.96130,7.19841,29774.0,5.6,3.1,213.0,-47.2,0.6,-1.0,RS41-SG,403.500,8.9,150,10,2.6,-1,-1
2025-05-09T00:35:08.000Z,U3320964,7261,46.96127,7.19835,29783.8,4.8,3.1,252.2,-47.3,0.6,-1.0,RS41-SG,403.500,8.1,150,10,2.5,-1,-1
2025-05-09T00:35:09.000Z,U3320964,7262,46.96126,7.19830,29789.3,6.1,4.2,244.6,-47.3,0.6,-1.0,RS41-SG,403.500,8.6,150,10,2.5,-1,-1
2025-05-09T00:35:10.000Z,U3320964,7263,46.96124,7.19825,29795.6,6.6,5.9,230.5,-47.3,0.6,-1.0,RS41-SG,403.500,8.6,150,10,2.6,-1,-1
2025-05-09T00:35:11.000Z,U3320964,7264,46.96119,7.19819,29802.2,6.4,7.5,219.1,-47.3,0.6,-1.0,RS41-SG,403.500,8.6,150,10,2.6,-1,-1
2025-05-09T00:35:12.000Z,U3320964,7265,46.96113,7.19813,29808.0,5.1,8.9,210.1,-47.3,0.6,-1.0,RS41-SG,403.500,8.6,150,10,2.5,-1,-1
2025-05-09T00:35:21.000Z,U3320964,7274,46.96077,7.19790,29858.7,5.1,6.3,254.0,-47.3,0.6,-1.0,RS41-SG,403.500,7.8,150,10,2.6,-1,-1
2025-05-09T00:35:25.000Z,U3320964,7278,46.96063,7.19762,29882.6,5.2,6.1,209.2,-47.2,0.6,-1.0,RS41-SG,403.500,8.3,150,10,2.5,-1,-1
2025-05-09T00:35:26.000Z,U3320964,7279,46.96058,7.19759,29887.8,5.3,6.1,198.5,-47.2,0.6,-1.0,RS41-SG,403.500,8.9,150,10,2.6,-1,-1
2025-05-09T00:35:27.000Z,U3320964,7280,46.96053,7.19757,29893.6,6.5,6.5,193.6,-47.2,0.6,-1.0,RS41-SG,403.500,8.9,150,10,2.6,-1,-1
2025-05-09T00:35:33.000Z,U3320964,7286,46.96029,7.19733,29931.1,5.2,3.7,268.8,-47.2,0.6,-1.0,RS41-SG,403.500,8.2,150,10,2.6,-1,-1
2025-05-09T00:35:34.000Z,U3320964,7287,46.96029,7.19727,29936.5,5.6,4.2,281.9,-47.2,0.6,-1.0,RS41-SG,403.500,8.6,150,10,2.5,-1,-1
2025-05-09T00:35:37.000Z,U3320964,7290,46.96028,7.19706,29956.0,6.8,7.5,249.0,-47.3,0.6,-1.0,RS41-SG,403.500,8.3,150,10,2.6,-1,-1
2025-05-09T00:35:38.000Z,U3320964,7291,46.96025,7.19696,29962.1,5.8,8.7,236.2,-47.3,0.6,-1.0,RS41-SG,403.500,8.8,150,10,2.6,-1,-1
2025-05-09T00:35:39.000Z,U3320964,7292,46.96020,7.19688,29967.5,4.9,9.3,223.6,-47.3,0.6,-1.0,RS41-SG,403.500,8.8,150,10,2.6,-1,-1
2025-05-09T00:35:43.000Z,U3320964,7296,46.95989,7.19675,29989.1,5.8,7.4,172.9,-47.4,0.6,-1.0,RS41-SG,403.500,8.1,150,10,2.6,-1,-1
2025-05-09T00:35:44.000Z,U3320964,7297,46.95984,7.19676,29994.9,6.1,4.8,172.7,-47.4,0.6,-1.0,RS41-SG,403.500,8.1,150,10,2.6,-1,-1
2025-05-09T00:35:48.000Z,U3320964,7301,46.95980,7.19658,30016.6,4.4,7.7,272.6,-47.4,0.6,-1.0,RS41-SG,403.500,8.9,150,10,2.6,-1,-1
2025-05-09T00:35:49.000Z,U3320964,7302,46.95980,7.19648,30021.9,6.2,8.7,262.4,-47.4,0.6,-1.0,RS41-SG,403.500,8.6,150,10,2.6,-1,-1
2025-05-09T00:35:51.000Z,U3320964,7304,46.95974,7.19627,30035.3,5.6,8.6,231.4,-47.4,0.6,-1.0,RS41-SG,403.500,7.7,150,10,2.5,-1,-1
2025-05-09T00:35:52.000Z,U3320964,7305,46.95969,7.19619,30040.2,3.9,8.8,218.5,-47.4,0.6,-1.0,RS41-SG,403.500,7.7,150,10,2.5,-1,-1
2025-05-09T00:36:01.000Z,U3320964,7314,46.95919,7.19579,30090.0,5.9,5.6,225.1,-47.3,0.6,-1.0,RS41-SG,403.500,8.2,150,10,2.6,-1,-1
2025-05-09T00:36:02.000Z,U3320964,7315,46.95916,7.19572,30096.3,6.3,6.8,236.7,-47.2,0.6,-1.0,RS41-SG,403.500,7.9,150,10,2.5,-1,-1
2025-05-09T00:36:06.000Z,U3320964,7319,46.95900,7.19532,30119.2,6.8,9.0,231.8,-47.2,0.6,-1.0,RS41-SG,403.500,7.5,150,10,2.6,-1,-1
2025-05-09T00:36:08.000Z,U3320964,7321,46.95889,7.19519,30132.0,5.4,7.7,206.6,-47.1,0.6,-1.0,RS41-SG,403.500,7.7,150,10,2.5,-1,-1
2025-05-09T00:36:14.000Z,U3320964,7327,46.95855,7.19492,30165.4,5.4,7.7,230.7,-47.0,0.6,-1.0,RS41-SG,403.500,7.6,150,10,2.5,-1,-1
2025-05-09T00:36:16.000Z,U3320964,7329,46.95846,7.19477,30178.1,6.3,7.7,226.3,-46.9,0.6,-1.0,RS41-SG,403.500,7.6,150,10,2.6,-1,-1
2025-05-09T00:36:17.000Z,U3320964,7330,46.95842,7.19470,30184.0,5.7,7.7,225.1,-46.9,0.6,-1.0,RS41-SG,403.500,8.3,150,10,2.6,-1,-1
2025-05-09T00:36:18.000Z,U3320964,7331,46.95837,7.19462,30190.2,6.6,8.1,227.2,-46.8,0.6,-1.0,RS41-SG,403.500,8.3,150,10,2.5,-1,-1
2025-05-09T00:36:20.000Z,U3320964,7333,46.95827,7.19445,30202.9,5.2,9.1,234.3,-46.7,0.6,-1.0,RS41-SG,403.500,8.6,150,10,2.5,-1,-1
2025-05-09T00:36:21.000Z,U3320964,7334,46.95822,7.19435,30208.1,5.6,9.2,234.6,-46.7,0.6,-1.0,RS41-SG,403.500,8.7,150,10,2.6,-1,-1
2025-05-09T00:36:27.000Z,U3320964,7340,46.95790,7.19390,30244.5,6.2,9.0,230.3,-46.5,0.6,-1.0,RS41-SG,403.500,8.3,150,10,2.6,-1,-1
2025-05-09T00:36:36.000Z,U3320964,7349,46.95760,7.19316,30296.0,6.0,7.1,242.5,-46.1,0.6,-1.0,RS41-SG,403.500,8.7,150,10,2.6,-1,-1
2025-05-09T00:36:41.000Z,U3320964,7354,46.95736,7.19276,30325.1,5.2,8.2,212.3,-45.9,0.5,-1.0,RS41-SG,403.500,8.3,150,10,2.5,-1,-1
2025-05-09T00:36:48.000Z,U3320964,7361,46.95715,7.19212,30363.9,6.9,7.9,273.8,-45.3,0.5,-1.0,RS41-SG,403.500,9.3,150,10,2.6,-1,-1
2025-05-09T00:36:49.000Z,U3320964,7362,46.95715,7.19203,30370.4,6.2,6.6,274.8,-45.3,0.5,-1.0,RS41-SG,403.500,9.3,150,10,2.6,-1,-1
2025-05-09T00:36:56.000Z,U3320964,7369,46.95688,7.19147,30411.4,6.9,9.6,220.9,-45.3,0.5,-1.0,RS41-SG,403.500,8.4,150,10,2.5,-1,-1
2025-05-09T00:36:59.000Z,U3320964,7372,46.95673,7.19126,30429.9,6.0,6.5,243.4,-45.2,0.5,-1.0,RS41-SG,403.500,7.9,150,10,2.6,-1,-1
2025-05-09T00:37:04.000Z,U3320964,7377,46.95676,7.19075,30460.1,7.2,7.3,282.5,-45.0,0.5,-1.0,RS41-SG,403.500,8.3,150,10,2.6,-1,-1
2025-05-09T00:37:05.000Z,U3320964,7378,46.95677,7.19066,30466.4,5.6,5.8,276.3,-45.0,0.5,-1.0,RS41-SG,403.500,8.3,150,10,2.6,-1,-1
2025-05-09T00:37:06.000Z,U3320964,7379,46.95677,7.19059,30471.7,4.9,5.1,265.9,-45.0,0.5,-1.0,RS41-SG,403.500,8.2,150,10,2.5,-1,-1
2025-05-09T00:37:07.000Z,U3320964,7380,46.95676,7.19053,30477.0,5.7,5.3,245.6,-45.0,0.5,-1.0,RS41-SG,403.500,7.9,150,10,2.5,-1,-1
2025-05-09T00:37:15.000Z,U3320964,7388,46.95653,7.18987,30526.3,5.7,6.5,277.4,-44.9,0.5,-1.0,RS41-SG,403.500,8.0,150,10,2.6,-1,-1
2025-05-09T00:37:22.000Z,U3320964,7395,46.95670,7.18917,30566.7,5.9,5.4,306.4,-44.7,0.5,-1.0,RS41-SG,403.500,8.9,150,10,2.5,-1,-1
2025-05-09T00:37:23.000Z,U3320964,7396,46.95673,7.18912,30572.5,5.4,4.0,308.7,-44.7,0.5,-1.0,RS41-SG,403.500,7.6,150,10,2.5,-1,-1
2025-05-09T00:37:50.000Z,U3320964,7423,46.95676,7.18753,30736.3,7.4,5.5,311.1,-43.9,0.5,-1.0,RS41-SG,403.500,8.1,150,10,2.6,-1,-1
2025-05-09T00:37:57.000Z,U3320964,7430,46.95675,7.18738,30779.0,6.4,2.5,193.3,-43.7,0.5,-1.0,RS41-SG,403.500,7.8,150,10,2.6,-1,-1
2025-05-09T00:37:58.000Z,U3320964,7431,46.95673,7.18736,30785.5,6.9,3.7,215.4,-43.7,0.5,-1.0,RS41-SG,403.500,7.2,150,10,2.6,-1,-1
2025-05-09T00:42:29.000Z,U3320964,7702,46.95208,7.18666,32404.9,5.8,4.3,264.0,-41.9,0.4,-1.0,RS41-SG,403.500,7.9,150,10,2.5,-1,-1
2025-05-09T00:42:35.000Z,U3320964,7708,46.95203,7.18631,32441.2,5.8,2.3,292.8,-41.7,0.5,-1.0,RS41-SG,403.500,7.2,150,10,2.5,-1,-1
2025-05-09T00:42:43.000Z,U3320964,7716,46.95191,7.18641,32487.9,6.5,3.0,169.4,-41.6,0.4,-1.0,RS41-SG,403.500,7.7,150,10,2.6,-1,-1
2025-05-09T00:42:54.000Z,U3320964,7727,46.95170,7.18653,32552.6,5.5,0.7,285.6,-41.4,0.4,-1.0,RS41-SG,403.500,7.7,150,10,2.6,-1,-1
2025-05-09T00:42:55.000Z,U3320964,7728,46.95170,7.18652,32557.8,5.0,1.9,285.2,-41.3,0.4,-1.0,RS41-SG,403.500,8.6,150,10,2.6,-1,-1
2025-05-09T00:42:57.000Z,U3320964,7730,46.95170,7.18645,32568.6,6.2,3.3,250.4,-41.2,0.4,-1.0,RS41-SG,403.500,9.0,150,10,2.5,-1,-1
2025-05-09T00:42:58.000Z,U3320964,7731,46.95168,7.18641,32574.8,6.1,4.2,226.2,-41.2,0.4,-1.0,RS41-SG,403.500,9.0,150,10,2.5,-1,-1
2025-05-09T00:43:00.000Z,U3320964,7733,46.95161,7.18634,32585.2,4.9,5.3,206.9,-41.1,0.4,-1.0,RS41-SG,403.500,9.2,150,10,2.6,-1,-1
2025-05-09T00:43:01.000Z,U3320964,7734,46.95157,7.18631,32590.4,5.7,4.7,208.3,-41.1,0.4,-1.0,RS41-SG,403.500,9.2,150,10,2.6,-1,-1
2025-05-09T00:43:02.000Z,U3320964,7735,46.95154,7.18628,32596.5,6.6,3.2,218.0,-41.1,0.4,-1.0,RS41-SG,403.500,7.8,150,10,2.6,-1,-1
2025-05-09T00:43:03.000Z,U3320964,7736,46.95153,7.18626,32603.1,6.2,1.6,257.3,-41.0,0.4,-1.0,RS41-SG,403.500,8.3,150,10,2.5,-1,-1
2025-05-09T00:43:04.000Z,U3320964,7737,46.95153,7.18624,32608.8,4.9,1.7,326.9,-41.0,0.4,-1.0,RS41-SG,403.500,8.3,150,10,2.5,-1,-1
2025-05-09T00:43:06.000Z,U3320964,7739,46.95157,7.18624,32619.1,5.7,3.2,20.2,-40.9,0.4,-1.0,RS41-SG,403.500,8.1,150,10,2.6,-1,-1
2025-05-09T00:43:08.000Z,U3320964,7741,46.95161,7.18629,32632.2,6.3,2.7,72.4,-40.9,0.4,-1.0,RS41-SG,403.500,8.2,150,10,2.5,-1,-1
2025-05-09T00:43:11.000Z,U3320964,7744,46.95158,7.18636,32648.6,6.1,2.2,193.4,-40.7,0.4,-1.0,RS41-SG,403.500,7.4,150,10,2.6,-1,-1
2025-05-09T00:43:21.000Z,U3320964,7754,46.95144,7.18608,32705.3,6.3,3.6,87.8,-40.4,0.4,-1.0,RS41-SG,403.500,8.0,150,10,2.6,-1,-1
2025-05-09T00:43:22.000Z,U3320964,7755,46.95145,7.18612,32711.8,7.1,3.6,52.9,-40.5,0.4,-1.0,RS41-SG,403.500,8.9,150,10,2.6,-1,-1
2025-05-09T00:43:24.000Z,U3320964,7757,46.95151,7.18615,32723.7,5.0,3.7,350.8,-40.4,0.4,-1.0,RS41-SG,403.500,8.4,150,10,2.5,-1,-1
2025-05-09T00:43:31.000Z,U3320964,7764,46.95144,7.18579,32764.1,6.8,4.1,225.1,-40.2,0.4,-1.0,RS41-SG,403.500,7.1,150,10,2.5,-1,-1
2025-05-09T00:43:32.000Z,U3320964,7765,46.95142,7.18576,32770.8,6.4,2.4,227.8,-40.2,0.4,-1.0,RS41-SG,403.500,8.7,150,10,2.5,-1,-1
2025-05-09T00:43:34.000Z,U3320964,7767,46.95141,7.18575,32781.4,5.0,1.4,69.1,-40.2,0.4,-1.0,RS41-SG,403.500,8.8,150,10,2.6,-1,-1
2025-05-09T00:43:35.000Z,U3320964,7768,46.95142,7.18577,32786.8,5.6,2.9,77.7,-40.2,0.4,-1.0,RS41-SG,403.500,8.8,150,10,2.6,-1,-1
2025-05-09T00:43:36.000Z,U3320964,7769,46.95142,7.18582,32792.6,6.1,4.1,88.3,-40.1,0.4,-1.0,RS41-SG,403.500,8.7,150,10,2.6,-1,-1
2025-05-09T00:43:39.000Z,U3320964,7772,46.95141,7.18595,32810.4,6.3,1.8,126.3,-39.9,0.3,-1.0,RS41-SG,403.500,7.8,150,10,2.5,-1,-1
2025-05-09T00:43:41.000Z,U3320964,7774,46.95139,7.18592,32822.9,5.9,4.0,266.9,-39.8,0.4,-1.0,RS41-SG,403.500,8.0,150,10,2.6,-1,-1
2025-05-09T00:43:44.000Z,U3320964,7777,46.95139,7.18569,32838.9,6.3,6.8,259.6,-39.6,0.4,-1.0,RS41-SG,403.500,8.5,150,10,2.6,-1,-1
2025-05-09T00:43:46.000Z,U3320964,7779,46.95133,7.18556,32852.5,6.5,5.3,212.6,-39.6,0.4,-1.0,RS41-SG,403.500,8.0,150,10,2.5,-1,-1
2025-05-09T00:43:47.000Z,U3320964,7780,46.95129,7.18553,32858.0,4.6,5.3,189.5,-39.5,0.3,-1.0,RS41-SG,403.500,8.0,150,10,2.5,-1,-1
2025-05-09T00:43:48.000Z,U3320964,7781,46.95124,7.18554,32862.7,4.6,5.6,168.9,-39.5,0.3,-1.0,RS41-SG,403.500,7.8,150,10,2.5,-1,-1
2025-05-09T00:43:49.000Z,U3320964,7782,46.95120,7.18556,32867.9,5.8,5.2,152.0,-39.5,0.4,-1.0,RS41-SG,403.500,8.5,150,10,2.6,-1,-1
2025-05-09T00:43:50.000Z,U3320964,7783,46.95117,7.18559,32874.2,6.9,3.9,136.3,-39.5,0.3,-1.0,RS41-SG,403.500,9.4,150,10,2.6,-1,-1
2025-05-09T00:43:52.000Z,U3320964,7785,46.95115,7.18565,32885.8,4.9,1.5,78.0,-39.5,0.4,-1.0,RS41-SG,403.500,9.0,150,10,2.5,-1,-1
2025-05-09T00:43:53.000Z,U3320964,7786,46.95115,7.18566,32891.1,5.4,1.1,19.3,-39.5,0.4,-1.0,RS41-SG,403.500,9.0,150,10,2.5,-1,-1
2025-05-09T00:43:54.000Z,U3320964,7787,46.95116,7.18566,32897.0,6.4,0.7,313.4,-39.5,0.3,-1.0,RS41-SG,403.500,9.1,150,10,2.5,-1,-1
2025-05-09T00:43:57.000Z,U3320964,7790,46.95113,7.18562,32915.2,4.9,2.9,212.1,-39.5,0.4,-1.0,RS41-SG,403.500,8.5,150,10,2.6,-1,-1
2025-05-09T00:43:59.000Z,U3320964,7792,46.95108,7.18557,32925.6,5.5,3.1,219.2,-39.4,0.4,-1.0,RS41-SG,403.500,7.5,150,10,2.5,-1,-1
2025-05-09T00:44:01.000Z,U3320964,7794,46.95105,7.18552,32938.1,6.9,2.0,245.1,-39.4,0.4,-1.0,RS41-SG,403.500,8.1,150,10,2.6,-1,-1
2025-05-09T00:44:02.000Z,U3320964,7795,46.95105,7.18550,32944.1,5.4,1.7,247.8,-39.4,0.4,-1.0,RS41-SG,403.500,8.1,150,10,2.6,-1,-1
2025-05-09T00:44:04.000Z,U3320964,7797,46.95103,7.18548,32955.2,5.8,1.9,168.8,-39.3,0.4,-1.0,RS41-SG,403.500,9.4,150,10,2.5,-1,-1
2025-05-09T00:44:05.000Z,U3320964,7798,46.95100,7.18549,32961.3,6.4,4.0,156.0,-39.3,0.4,-1.0,RS41-SG,403.500,9.4,150,10,2.5,-1,-1
2025-05-09T00:44:07.000Z,U3320964,7800,46.95091,7.18555,32972.6,5.2,6.7,158.8,-39.2,0.4,-1.0,RS41-SG,403.500,8.1,150,10,2.6,-1,-1
2025-05-09T00:44:10.000Z,U3320964,7803,46.95077,7.18557,32992.2,6.1,3.8,206.2,-39.2,0.4,-1.0,RS41-SG,403.500,9.6,150,10,2.5,-1,-1
2025-05-09T00:44:11.000Z,U3320964,7804,46.95074,7.18554,32997.3,4.3,3.6,234.5,-39.1,0.4,-1.0,RS41-SG,403.500,9.2,150,10,2.5,-1,-1
2025-05-09T00:44:12.000Z,U3320964,7805,46.95073,7.18550,33001.9,4.9,4.2,256.0,-39.1,0.4,-1.0,RS41-SG,403.500,9.3,150,10,2.6,-1,-1
2025-05-09T00:44:13.000Z,U3320964,7806,46.95072,7.18544,33007.4,6.2,4.1,260.6,-39.1,0.4,-1.0,RS41-SG,403.500,9.3,150,10,2.6,-1,-1
2025-05-09T00:44:14.000Z,U3320964,7807,46.95071,7.18540,33014.2,7.2,3.4,250.0,-39.1,0.4,-1.0,RS41-SG,403.500,8.1,150,10,2.6,-1,-1
2025-05-09T00:44:15.000Z,U3320964,7808,46.95070,7.18536,33021.1,6.2,2.7,223.1,-39.1,0.4,-1.0,RS41-SG,403.500,8.1,150,10,2.5,-1,-1
2025-05-09T00:44:16.000Z,U3320964,7809,46.95068,7.18535,33026.8,5.3,2.5,188.8,-39.1,0.4,-1.0,RS41-SG,403.500,9.0,150,10,2.5,-1,-1
2025-05-09T00:44:17.000Z,U3320964,7810,46.95066,7.18535,33032.0,5.0,2.8,158.9,-39.1,0.4,-1.0,RS41-SG,403.500,9.0,150,10,2.5,-1,-1
2025-05-09T00:44:18.000Z,U3320964,7811,46.95063,7.18537,33037.2,5.5,3.2,137.1,-39.0,0.4,-1.0,RS41-SG,403.500,8.8,150,10,2.6,-1,-1
2025-05-09T00:44:19.000Z,U3320964,7812,46.95062,7.18540,33043.0,6.3,3.2,118.6,-39.0,0.3,-1.0,RS41-SG,403.500,8.4,150,10,2.6,-1,-1
2025-05-09T00:44:20.000Z,U3320964,7813,46.95060,7.18544,33049.3,6.4,3.3,105.6,-39.0,0.4,-1.0,RS41-SG,403.500,9.0,150,10,2.5,-1,-1
2025-05-09T00:44:21.000Z,U3320964,7814,46.95060,7.18549,33055.1,4.9,3.4,96.3,-38.9,0.4,-1.0,RS41-SG,403.500,9.0,150,10,2.5,-1,-1
2025-05-09T00:44:22.000Z,U3320964,7815,46.95059,7.18553,33060.2,5.0,3.6,97.8,-38.8,0.4,-1.0,RS41-SG,403.500,9.1,150,10,2.6,-1,-1
2025-05-09T00:44:23.000Z,U3320964,7816,46.95059,7.18558,33065.7,5.9,3.8,108.6,-38.8,0.3,-1.0,RS41-SG,403.500,9.1,150,10,2.6,-1,-1
2025-05-09T00:44:24.000Z,U3320964,7817,46.95057,7.18563,33072.0,6.9,4.6,124.0,-38.7,0.3,-1.0,RS41-SG,403.500,9.4,150,10,2.5,-1,-1
2025-05-09T00:44:25.000Z,U3320964,7818,46.95054,7.18567,33078.5,6.0,4.9,133.9,-38.6,0.3,-1.0,RS41-SG,403.500,9.4,150,10,2.5,-1,-1
2025-05-09T00:44:26.000Z,U3320964,7819,46.95051,7.18571,33084.4,5.6,4.7,144.9,-38.6,0.4,-1.0,RS41-SG,403.500,8.5,150,10,2.5,-1,-1
2025-05-09T00:44:27.000Z,U3320964,7820,46.95048,7.18574,33090.6,6.3,3.8,161.7,-38.6,0.3,-1.0,RS41-SG,403.500,8.2,150,10,2.6,-1,-1
2025-05-09T00:44:28.000Z,U3320964,7821,46.95045,7.18574,33097.1,6.8,2.8,202.0,-38.5,0.3,-1.0,RS41-SG,403.500,8.3,150,10,2.6,-1,-1
2025-05-09T00:44:29.000Z,U3320964,7822,46.95043,7.18571,33103.6,6.0,3.2,249.6,-38.5,0.4,-1.0,RS41-SG,403.500,8.9,150,10,2.6,-1,-1
2025-05-09T00:44:31.000Z,U3320964,7824,46.95044,7.18562,33114.1,5.2,4.2,288.2,-38.5,0.4,-1.0,RS41-SG,403.500,9.2,150,10,2.5,-1,-1
2025-05-09T00:44:32.000Z,U3320964,7825,46.95045,7.18557,33120.2,6.9,3.2,306.8,-38.5,0.4,-1.0,RS41-SG,403.500,9.0,150,10,2.5,-1,-1
2025-05-09T00:44:33.000Z,U3320964,7826,46.95047,7.18556,33127.4,7.2,1.5,359.3,-38.5,0.3,-1.0,RS41-SG,403.500,9.3,150,10,2.6,-1,-1
2025-05-09T00:44:34.000Z,U3320964,7827,46.95048,7.18557,33134.0,5.9,2.5,67.7,-38.4,0.4,-1.0,RS41-SG,403.500,9.3,150,10,2.6,-1,-1
2025-05-09T00:44:35.000Z,U3320964,7828,46.95048,7.18561,33139.2,4.7,4.3,92.1,-38.4,0.4,-1.0,RS41-SG,403.500,9.1,150,10,2.6,-1,-1
2025-05-09T00:44:36.000Z,U3320964,7829,46.95048,7.18568,33143.9,4.7,5.6,101.1,-38.3,0.3,-1.0,RS41-SG,403.500,9.1,150,10,2.5,-1,-1
2025-05-09T00:44:37.000Z,U3320964,7830,46.95046,7.18575,33149.2,5.5,5.7,108.9,-38.3,0.3,-1.0,RS41-SG,403.500,9.2,150,10,2.5,-1,-1
2025-05-09T00:44:39.000Z,U3320964,7832,46.95042,7.18586,33161.8,6.6,3.7,132.3,-38.2,0.4,-1.0,RS41-SG,403.500,9.2,150,10,2.6,-1,-1
2025-05-09T00:44:40.000Z,U3320964,7833,46.95040,7.18588,33168.1,6.1,2.6,158.5,-38.2,0.3,-1.0,RS41-SG,403.500,8.7,150,10,2.6,-1,-1
2025-05-09T00:44:41.000Z,U3320964,7834,46.95038,7.18589,33173.6,5.1,2.7,187.5,-38.2,0.3,-1.0,RS41-SG,403.500,9.4,150,10,2.5,-1,-1
2025-05-09T00:44:42.000Z,U3320964,7835,46.95035,7.18588,33178.4,4.7,2.9,196.2,-38.2,0.4,-1.0,RS41-SG,403.500,9.4,150,10,2.5,-1,-1
2025-05-09T00:44:44.000Z,U3320964,7837,46.95029,7.18587,33189.7,6.7,4.8,173.7,-38.2,0.3,-1.0,RS41-SG,403.500,8.4,150,10,2.6,-1,-1
2025-05-09T00:44:45.000Z,U3320964,7838,46.95024,7.18589,33195.9,5.8,6.1,163.0,-38.2,0.4,-1.0,RS41-SG,403.500,9.2,150,10,2.6,-1,-1
2025-05-09T00:44:48.000Z,U3320964,7841,46.95008,7.18600,33212.7,6.5,6.0,149.7,-38.2,0.3,-1.0,RS41-SG,403.500,9.6,150,10,2.5,-1,-1
2025-05-09T00:44:49.000Z,U3320964,7842,46.95004,7.18603,33219.4,6.5,4.6,150.9,-38.2,0.3,-1.0,RS41-SG,403.500,9.7,150,10,2.5,-1,-1
2025-05-09T00:44:50.000Z,U3320964,7843,46.95001,7.18606,33225.3,5.5,3.3,153.1,-38.2,0.3,-1.0,RS41-SG,403.500,9.7,150,10,2.6,-1,-1
2025-05-09T00:44:51.000Z,U3320964,7844,46.94998,7.18608,33231.0,5.9,2.7,155.3,-38.2,0.4,-1.0,RS41-SG,403.500,8.8,150,10,2.6,-1,-1
2025-05-09T00:44:52.000Z,U3320964,7845,46.94996,7.18609,33237.2,6.5,2.7,150.7,-38.2,0.4,-1.0,RS41-SG,403.500,8.6,150,10,2.6,-1,-1
2025-05-09T00:44:53.000Z,U3320964,7846,46.94994,7.18611,33244.1,7.1,3.6,148.0,-38.2,0.4,-1.0,RS41-SG,403.500,9.1,150,10,2.5,-1,-1
2025-05-09T00:44:55.000Z,U3320964,7848,46.94986,7.18618,33256.1,5.2,5.7,153.3,-38.2,0.3,-1.0,RS41-SG,403.500,9.4,150,10,2.5,-1,-1
2025-05-09T00:44:56.000Z,U3320964,7849,46.94982,7.18620,33261.4,5.6,6.2,161.3,-38.2,0.4,-1.0,RS41-SG,403.500,9.4,150,10,2.6,-1,-1
2025-05-09T00:44:57.000Z,U3320964,7850,46.94976,7.18622,33267.4,6.4,6.1,171.8,-38.2,0.3,-1.0,RS41-SG,403.500,9.0,150,10,2.6,-1,-1
2025-05-09T00:44:58.000Z,U3320964,7851,46.94971,7.18623,33274.0,6.8,6.0,185.8,-38.2,0.4,-1.0,RS41-SG,403.500,9.5,150,10,2.5,-1,-1
2025-05-09T00:44:59.000Z,U3320964,7852,46.94966,7.18621,33280.5,6.0,5.6,197.1,-38.2,0.3,-1.0,RS41-SG,403.500,9.5,150,10,2.5,-1,-1
2025-05-09T00:45:00.000Z,U3320964,7853,46.94961,7.18619,33286.3,5.6,5.7,199.4,-38.2,0.4,-1.0,RS41-SG,403.500,8.2,150,10,2.6,-1,-1
2025-05-09T00:45:02.000Z,U3320964,7855,46.94951,7.18616,33297.9,6.2,5.5,179.5,-38.2,0.4,-1.0,RS41-SG,403.500,10.4,150,10,2.5,-1,-1
2025-05-09T00:45:04.000Z,U3320964,7857,46.94941,7.18621,33310.2,5.8,6.8,145.8,-38.2,0.3,-1.0,RS41-SG,403.500,9.3,150,10,2.5,-1,-1
2025-05-09T00:45:05.000Z,U3320964,7858,46.94936,7.18627,33315.8,5.1,7.4,138.7,-38.2,0.3,-1.0,RS41-SG,403.500,9.4,150,10,2.6,-1,-1
2025-05-09T00:45:06.000Z,U3320964,7859,46.94932,7.18633,33321.0,5.5,7.0,133.7,-38.2,0.3,-1.0,RS41-SG,403.500,9.4,150,10,2.6,-1,-1
2025-05-09T00:45:07.000Z,U3320964,7860,46.94928,7.18639,33327.0,6.3,5.3,133.0,-38.2,0.3,-1.0,RS41-SG,403.500,9.0,150,10,2.6,-1,-1
2025-05-09T00:45:08.000Z,U3320964,7861,46.94925,7.18643,33333.6,6.7,2.9,143.9,-38.2,0.4,-1.0,RS41-SG,403.500,9.0,150,10,2.5,-1,-1
2025-05-09T00:45:09.000Z,U3320964,7862,46.94923,7.18643,33339.8,5.7,1.7,192.7,-38.2,0.3,-1.0,RS41-SG,403.500,8.6,150,10,2.5,-1,-1
2025-05-09T00:45:10.000Z,U3320964,7863,46.94922,7.18642,33345.0,4.8,2.5,238.7,-38.2,0.3,-1.0,RS41-SG,403.500,9.4,150,10,2.5,-1,-1
2025-05-09T00:45:11.000Z,U3320964,7864,46.94921,7.18638,33350.0,5.3,3.7,243.8,-38.2,0.3,-1.0,RS41-SG,403.500,10.3,150,10,2.6,-1,-1
2025-05-09T00:45:12.000Z,U3320964,7865,46.94919,7.18634,33356.1,6.9,4.4,227.8,-38.2,0.4,-1.0,RS41-SG,403.500,10.3,150,10,2.6,-1,-1
2025-05-09T00:45:13.000Z,U3320964,7866,46.94915,7.18630,33363.2,7.4,4.9,204.6,-38.2,0.3,-1.0,RS41-SG,403.500,9.2,150,10,2.6,-1,-1
2025-05-09T00:45:14.000Z,U3320964,7867,46.94911,7.18629,33369.4,5.4,5.9,187.9,-38.2,0.4,-1.0,RS41-SG,403.500,9.8,150,10,2.5,-1,-1
2025-05-09T00:45:15.000Z,U3320964,7868,46.94905,7.18628,33374.5,4.8,7.2,176.7,-38.2,0.4,-1.0,RS41-SG,403.500,9.8,150,10,2.5,-1,-1
2025-05-09T00:45:16.000Z,U3320964,7869,46.94898,7.18629,33379.9,5.5,8.1,172.4,-38.2,0.3,-1.0,RS41-SG,403.500,10.4,150,10,2.5,-1,-1
2025-05-09T00:45:17.000Z,U3320964,7870,46.94891,7.18631,33385.7,6.7,8.3,173.9,-38.2,0.4,-1.0,RS41-SG,403.500,10.4,150,10,2.6,-1,-1
2025-05-09T00:45:18.000Z,U3320964,7871,46.94884,7.18631,33392.0,6.0,7.9,178.3,-38.2,0.3,-1.0,RS41-SG,403.500,9.3,150,10,2.6,-1,-1
2025-05-09T00:45:19.000Z,U3320964,7872,46.94877,7.18631,33397.4,4.8,7.5,181.8,-38.2,0.4,-1.0,RS41-SG,403.500,9.3,150,10,2.5,-1,-1
2025-05-09T00:45:20.000Z,U3320964,7873,46.94870,7.18631,33402.5,5.0,7.4,186.4,-38.2,0.4,-1.0,RS41-SG,403.500,9.6,150,10,2.5,-1,-1
2025-05-09T00:45:21.000Z,U3320964,7874,46.94864,7.18630,33408.2,6.2,7.2,185.8,-38.2,0.4,-1.0,RS41-SG,403.500,9.6,150,10,2.6,-1,-1
2025-05-09T00:45:22.000Z,U3320964,7875,46.94857,7.18629,33414.6,6.9,7.1,182.7,-38.2,0.4,-1.0,RS41-SG,403.500,8.7,150,10,2.6,-1,-1
2025-05-09T00:45:23.000Z,U3320964,7876,46.94851,7.18629,33421.3,6.3,6.9,179.5,-38.2,0.4,-1.0,RS41-SG,403.500,9.2,150,10,2.5,-1,-1
2025-05-09T00:45:24.000Z,U3320964,7877,46.94845,7.18629,33427.6,6.0,6.1,178.8,-38.2,0.3,-1.0,RS41-SG,403.500,9.3,150,10,2.5,-1,-1
2025-05-09T00:45:25.000Z,U3320964,7878,46.94840,7.18629,33433.6,6.1,5.2,181.4,-38.2,0.3,-1.0,RS41-SG,403.500,9.3,150,10,2.5,-1,-1
2025-05-09T00:45:26.000Z,U3320964,7879,46.94836,7.18628,33440.0,6.6,3.5,193.8,-38.2,0.3,-1.0,RS41-SG,403.500,9.4,150,10,2.6,-1,-1
2025-05-09T00:45:27.000Z,U3320964,7880,46.94834,7.18627,33446.4,6.6,2.6,215.0,-38.2,0.3,-1.0,RS41-SG,403.500,10.1,150,10,2.6,-1,-1
2025-05-09T00:45:28.000Z,U3320964,7881,46.94832,7.18624,33452.7,5.9,2.4,240.5,-38.2,0.3,-1.0,RS41-SG,403.500,10.1,150,10,2.6,-1,-1
2025-05-09T00:45:29.000Z,U3320964,7882,46.94831,7.18622,33458.4,5.3,2.2,238.7,-38.2,0.4,-1.0,RS41-SG,403.500,9.6,150,10,2.5,-1,-1
2025-05-09T00:45:30.000Z,U3320964,7883,46.94830,7.18620,33464.1,6.0,2.2,210.5,-38.2,0.4,-1.0,RS41-SG,403.500,9.6,150,10,2.5,-1,-1
2025-05-09T00:45:31.000Z,U3320964,7884,46.94827,7.18619,33470.4,6.4,3.5,174.8,-38.3,0.3,-1.0,RS41-SG,403.500,9.6,150,10,2.5,-1,-1
2025-05-09T00:45:32.000Z,U3320964,7885,46.94823,7.18621,33476.9,6.3,6.0,160.2,-38.2,0.4,-1.0,RS41-SG,403.500,8.8,150,10,2.6,-1,-1
2025-05-09T00:45:33.000Z,U3320964,7886,46.94818,7.18624,33482.7,5.4,7.8,157.1,-38.2,0.4,-1.0,RS41-SG,403.500,9.0,150,10,2.6,-1,-1
2025-05-09T00:45:34.000Z,U3320964,7887,46.94811,7.18628,33488.2,5.5,9.2,158.6,-38.2,0.4,-1.0,RS41-SG,403.500,10.1,150,10,2.6,-1,-1
2025-05-09T00:45:35.000Z,U3320964,7888,46.94803,7.18632,33494.2,6.5,9.0,163.6,-38.2,0.4,-1.0,RS41-SG,403.500,10.1,150,10,2.5,-1,-1
2025-05-09T00:45:36.000Z,U3320964,7889,46.94795,7.18634,33501.2,7.4,7.8,173.7,-38.2,0.3,-1.0,RS41-SG,403.500,9.8,150,10,2.5,-1,-1
2025-05-09T00:45:37.000Z,U3320964,7890,46.94789,7.18634,33508.5,6.9,6.3,189.2,-38.2,0.3,-1.0,RS41-SG,403.500,9.8,150,10,2.5,-1,-1
2025-05-09T00:45:38.000Z,U3320964,7891,46.94784,7.18632,33514.4,5.1,5.2,207.8,-38.1,0.3,-1.0,RS41-SG,403.500,9.4,150,10,2.6,-1,-1
2025-05-09T00:45:39.000Z,U3320964,7892,46.94781,7.18628,33519.3,4.8,4.8,227.0,-38.1,0.3,-1.0,RS41-SG,403.500,9.4,150,10,2.6,-1,-1
2025-05-09T00:45:40.000Z,U3320964,7893,46.94778,7.18623,33524.7,5.7,4.3,238.4,-38.1,0.4,-1.0,RS41-SG,403.500,9.8,150,10,2.5,-1,-1
2025-05-09T00:45:41.000Z,U3320964,7894,46.94776,7.18619,33531.2,7.0,2.9,236.0,-38.1,0.3,-1.0,RS41-SG,403.500,9.8,150,10,2.5,-1,-1
2025-05-09T00:45:43.000Z,U3320964,7896,46.94773,7.18617,33543.8,5.2,2.2,161.8,-38.2,0.4,-1.0,RS41-SG,403.500,8.5,150,10,2.6,-1,-1
2025-05-09T00:45:44.000Z,U3320964,7897,46.94771,7.18619,33549.3,5.5,2.8,136.6,-38.1,0.4,-1.0,RS41-SG,403.500,9.8,150,10,2.5,-1,-1
2025-05-09T00:45:45.000Z,U3320964,7898,46.94770,7.18622,33555.4,6.3,3.1,127.4,-38.1,0.3,-1.0,RS41-SG,403.500,9.8,150,10,2.5,-1,-1
2025-05-09T00:45:46.000Z,U3320964,7899,46.94768,7.18625,33562.2,7.3,2.9,128.0,-38.1,0.3,-1.0,RS41-SG,403.500,9.1,150,10,2.5,-1,-1
2025-05-09T00:45:47.000Z,U3320964,7900,46.94766,7.18627,33568.9,6.2,2.3,136.4,-38.1,0.3,-1.0,RS41-SG,403.500,9.4,150,10,2.6,-1,-1
2025-05-09T00:45:48.000Z,U3320964,7901,46.94765,7.18629,33574.9,5.8,2.2,154.6,-38.2,0.4,-1.0,RS41-SG,403.500,10.1,150,10,2.6,-1,-1
2025-05-09T00:45:49.000Z,U3320964,7902,46.94762,7.18630,33581.0,6.1,3.1,173.5,-38.2,0.4,-1.0,RS41-SG,403.500,10.1,150,10,2.6,-1,-1
2025-05-09T00:45:50.000Z,U3320964,7903,46.94759,7.18630,33587.3,6.6,4.4,180.7,-38.2,0.4,-1.0,RS41-SG,403.500,9.6,150,10,2.5,-1,-1
2025-05-09T00:45:51.000Z,U3320964,7904,46.94755,7.18630,33594.0,6.1,5.2,180.1,-38.2,0.3,-1.0,RS41-SG,403.500,9.6,150,10,2.5,-1,-1
2025-05-09T00:45:52.000Z,U3320964,7905,46.94750,7.18630,33600.0,5.9,5.9,182.2,-38.2,0.3,-1.0,RS41-SG,403.500,9.4,150,10,2.5,-1,-1
2025-05-09T00:45:53.000Z,U3320964,7906,46.94745,7.18629,33606.2,6.4,5.2,184.6,-38.3,0.4,-1.0,RS41-SG,403.500,9.4,150,10,2.6,-1,-1
2025-05-09T00:45:54.000Z,U3320964,7907,46.94741,7.18628,33612.9,7.1,4.1,195.0,-38.3,0.4,-1.0,RS41-SG,403.500,10.1,150,10,2.6,-1,-1
2025-05-09T00:45:55.000Z,U3320964,7908,46.94738,7.18627,33619.7,6.7,2.8,218.9,-38.4,0.4,-1.0,RS41-SG,403.500,10.1,150,10,2.6,-1,-1
2025-05-09T00:45:56.000Z,U3320964,7909,46.94737,7.18624,33625.8,5.2,2.2,245.9,-38.5,0.4,-1.0,RS41-SG,403.500,10.3,150,10,2.5,-1,-1
2025-05-09T00:45:57.000Z,U3320964,7910,46.94736,7.18622,33631.2,5.5,1.5,269.2,-38.5,0.3,-1.0,RS41-SG,403.500,10.3,150,10,2.5,-1,-1
2025-05-09T00:45:58.000Z,U3320964,7911,46.94736,7.18621,33637.1,6.2,0.3,284.1,-38.4,0.4,-1.0,RS41-SG,403.500,8.9,150,10,2.5,-1,-1
2025-05-09T00:45:59.000Z,U3320964,7912,46.94736,7.18621,33643.5,6.7,1.6,115.2,-38.5,0.4,-1.0,RS41-SG,403.500,10.2,150,10,2.6,-1,-1
2025-05-09T00:46:00.000Z,U3320964,7913,46.94735,7.18624,33650.0,6.6,3.6,120.2,-38.5,0.4,-1.0,RS41-SG,403.500,10.2,150,10,2.6,-1,-1
2025-05-09T00:46:01.000Z,U3320964,7914,46.94733,7.18629,33655.9,5.5,5.0,123.3,-38.5,0.4,-1.0,RS41-SG,403.500,8.8,150,10,2.5,-1,-1
2025-05-09T00:46:02.000Z,U3320964,7915,46.94731,7.18635,33661.5,5.8,5.5,126.6,-38.5,0.4,-1.0,RS41-SG,403.500,10.1,150,10,2.5,-1,-1
2025-05-09T00:46:03.000Z,U3320964,7916,46.94728,7.18640,33667.8,6.9,4.7,132.7,-38.4,0.4,-1.0,RS41-SG,403.500,10.1,150,10,2.6,-1,-1
2025-05-09T00:46:04.000Z,U3320964,7917,46.94725,7.18643,33675.0,7.5,2.7,141.4,-38.3,0.4,-1.0,RS41-SG,403.500,9.3,150,10,2.6,-1,-1
2025-05-09T00:46:05.000Z,U3320964,7918,46.94724,7.18644,33682.0,6.3,1.1,189.1,-38.2,0.3,-1.0,RS41-SG,403.500,10.1,150,10,2.5,-1,-1
2025-05-09T00:46:06.000Z,U3320964,7919,46.94723,7.18643,33687.4,4.8,2.1,275.2,-38.1,0.3,-1.0,RS41-SG,403.500,10.7,150,10,2.5,-1,-1
2025-05-09T00:46:08.000Z,U3320964,7921,46.94725,7.18634,33697.2,5.5,4.0,284.1,-38.1,0.4,-1.0,RS41-SG,403.500,8.8,150,10,2.6,-1,-1
2025-05-09T00:46:09.000Z,U3320964,7922,46.94725,7.18630,33703.1,6.4,3.3,280.3,-38.0,0.3,-1.0,RS41-SG,403.500,9.9,150,10,2.6,-1,-1
2025-05-09T00:46:10.000Z,U3320964,7923,46.94726,7.18627,33709.7,6.7,1.6,265.2,-38.0,0.3,-1.0,RS41-SG,403.500,9.9,150,10,2.6,-1,-1
2025-05-09T00:46:11.000Z,U3320964,7924,46.94725,7.18626,33716.2,6.0,0.8,169.4,-38.0,0.3,-1.0,RS41-SG,403.500,9.8,150,10,2.5,-1,-1
2025-05-09T00:46:12.000Z,U3320964,7925,46.94724,7.18627,33722.0,5.3,2.0,123.2,-37.9,0.3,-1.0,RS41-SG,403.500,9.8,150,10,2.5,-1,-1
2025-05-09T00:46:13.000Z,U3320964,7926,46.94723,7.18630,33727.3,5.3,2.8,109.5,-37.9,0.3,-1.0,RS41-SG,403.500,9.8,150,10,2.5,-1,-1
2025-05-09T00:46:14.000Z,U3320964,7927,46.94723,7.18633,33732.6,5.7,2.9,98.1,-38.0,0.3,-1.0,RS41-SG,403.500,9.7,150,10,2.6,-1,-1
2025-05-09T00:46:15.000Z,U3320964,7928,46.94723,7.18636,33738.6,6.2,2.0,85.1,-37.9,0.3,-1.0,RS41-SG,403.500,9.7,150,10,2.6,-1,-1
2025-05-09T00:46:16.000Z,U3320964,7929,46.94723,7.18638,33745.0,6.4,0.8,16.6,-37.9,0.3,-1.0,RS41-SG,403.500,9.3,150,10,2.6,-1,-1
2025-05-09T00:46:17.000Z,U3320964,7930,46.94724,7.18636,33751.2,6.0,2.1,289.3,-37.8,0.3,-1.0,RS41-SG,403.500,9.2,150,9,2.5,-1,-1
2025-05-09T00:46:18.000Z,U3320964,7931,46.94724,7.18632,33757.2,5.5,4.1,272.7,-37.8,0.3,-1.0,RS41-SG,403.500,9.5,150,10,2.5,-1,-1
2025-05-09T00:46:19.000Z,U3320964,7932,46.94724,7.18626,33762.7,5.3,5.6,258.1,-37.8,0.3,-1.0,RS41-SG,403.500,9.5,150,10,2.5,-1,-1
2025-05-09T00:46:21.000Z,U3320964,7934,46.94719,7.18612,33774.1,6.4,6.6,225.6,-37.8,0.3,-1.0,RS41-SG,403.500,9.8,150,10,2.6,-1,-1
2025-05-09T00:46:22.000Z,U3320964,7935,46.94714,7.18607,33780.6,6.4,6.1,204.4,-37.7,0.3,-1.0,RS41-SG,403.500,9.8,150,10,2.6,-1,-1
2025-05-09T00:46:23.000Z,U3320964,7936,46.94709,7.18605,33787.0,6.1,6.0,179.4,-37.7,0.3,-1.0,RS41-SG,403.500,9.8,150,10,2.5,-1,-1
2025-05-09T00:46:24.000Z,U3320964,7937,46.94704,7.18607,33793.2,6.1,5.9,155.5,-37.7,0.3,-1.0,RS41-SG,403.500,9.2,150,10,2.5,-1,-1
2025-05-09T00:46:25.000Z,U3320964,7938,46.94700,7.18611,33799.2,5.8,5.7,135.4,-37.7,0.3,-1.0,RS41-SG,403.500,10.3,150,10,2.5,-1,-1
2025-05-09T00:46:26.000Z,U3320964,7939,46.94697,7.18617,33804.8,5.5,4.7,115.5,-37.6,0.3,-1.0,RS41-SG,403.500,10.3,150,10,2.6,-1,-1
2025-05-09T00:46:27.000Z,U3320964,7940,46.94696,7.18622,33810.5,6.1,3.1,93.7,-37.6,0.3,-1.0,RS41-SG,403.500,9.5,150,10,2.6,-1,-1
2025-05-09T00:46:28.000Z,U3320964,7941,46.94696,7.18624,33816.7,6.2,1.4,28.6,-37.6,0.3,-1.0,RS41-SG,403.500,9.8,150,10,2.5,-1,-1
2025-05-09T00:46:29.000Z,U3320964,7942,46.94698,7.18623,33822.9,5.8,3.0,312.1,-37.6,0.3,-1.0,RS41-SG,403.500,10.1,150,9,2.5,-1,-1
2025-05-09T00:46:30.000Z,U3320964,7943,46.94700,7.18618,33828.3,4.9,5.1,290.9,-37.6,0.3,-1.0,RS41-SG,403.500,10.4,150,10,2.6,-1,-1
2025-05-09T00:46:31.000Z,U3320964,7944,46.94701,7.18611,33833.2,5.1,6.2,274.5,-37.6,0.3,-1.0,RS41-SG,403.500,10.4,150,10,2.6,-1,-1
2025-05-09T00:46:32.000Z,U3320964,7945,46.94700,7.18603,33838.7,5.8,6.6,260.0,-37.6,0.3,-1.0,RS41-SG,403.500,10.2,150,10,2.5,-1,-1
2025-05-09T00:46:33.000Z,U3320964,7946,46.94698,7.18596,33845.2,6.8,5.5,237.1,-37.7,0.3,-1.0,RS41-SG,403.500,8.6,150,10,2.5,-1,-1
2025-05-09T00:46:34.000Z,U3320964,7947,46.94695,7.18592,33851.9,6.9,4.7,204.0,-37.7,0.3,-1.0,RS41-SG,403.500,9.9,150,10,2.5,-1,-1
2025-05-09T00:46:35.000Z,U3320964,7948,46.94691,7.18591,33857.9,5.5,5.1,171.3,-37.6,0.3,-1.0,RS41-SG,403.500,10.3,150,10,2.6,-1,-1
2025-05-09T00:46:36.000Z,U3320964,7949,46.94687,7.18593,33862.8,4.5,6.0,150.2,-37.6,0.3,-1.0,RS41-SG,403.500,10.3,150,10,2.6,-1,-1
2025-05-09T00:46:37.000Z,U3320964,7950,46.94682,7.18598,33867.9,5.3,6.5,138.5,-37.7,0.3,-1.0,RS41-SG,403.500,9.2,150,10,2.6,-1,-1
2025-05-09T00:46:38.000Z,U3320964,7951,46.94678,7.18604,33874.1,6.9,5.6,131.0,-37.7,0.3,-1.0,RS41-SG,403.500,10.2,150,10,2.5,-1,-1
2025-05-09T00:46:39.000Z,U3320964,7952,46.94676,7.18608,33881.3,7.5,3.6,126.0,-37.7,0.3,-1.0,RS41-SG,403.500,10.2,150,10,2.5,-1,-1
2025-05-09T00:46:40.000Z,U3320964,7953,46.94674,7.18611,33887.8,5.6,1.5,132.4,-37.7,0.3,-1.0,RS41-SG,403.500,9.8,150,10,2.5,-1,-1
2025-05-09T00:46:41.000Z,U3320964,7954,46.94674,7.18611,33892.9,4.6,0.7,272.4,-37.7,0.3,-1.0,RS41-SG,403.500,10.6,150,10,2.6,-1,-1
2025-05-09T00:46:42.000Z,U3320964,7955,46.94674,7.18609,33897.7,4.7,2.3,287.3,-37.7,0.4,-1.0,RS41-SG,403.500,10.6,150,10,2.6,-1,-1
2025-05-09T00:46:43.000Z,U3320964,7956,46.94675,7.18606,33902.9,5.8,3.1,288.8,-37.7,0.4,-1.0,RS41-SG,403.500,9.0,150,10,2.6,-1,-1
2025-05-09T00:46:44.000Z,U3320964,7957,46.94676,7.18602,33909.2,6.7,2.9,283.5,-37.7,0.3,-1.0,RS41-SG,403.500,8.9,150,10,2.5,-1,-1
2025-05-09T00:46:45.000Z,U3320964,7958,46.94676,7.18599,33915.6,6.1,2.4,275.0,-37.7,0.3,-1.0,RS41-SG,403.500,10.1,150,9,2.5,-1,-1
2025-05-09T00:46:46.000Z,U3320964,7959,46.94676,7.18596,33921.5,5.7,2.1,246.6,-37.7,0.3,-1.0,RS41-SG,403.500,10.1,150,10,2.5,-1,-1
2025-05-09T00:46:47.000Z,U3320964,7960,46.94675,7.18593,33927.4,5.9,2.4,227.7,-37.7,0.3,-1.0,RS41-SG,403.500,10.1,150,10,2.6,-1,-1
2025-05-09T00:46:48.000Z,U3320964,7961,46.94673,7.18591,33933.4,6.5,3.5,219.8,-37.7,0.4,-1.0,RS41-SG,403.500,9.2,150,10,2.6,-1,-1
2025-05-09T00:46:49.000Z,U3320964,7962,46.94670,7.18588,33939.9,6.4,4.2,217.5,-37.6,0.3,-1.0,RS41-SG,403.500,9.7,150,10,2.6,-1,-1
2025-05-09T00:46:50.000Z,U3320964,7963,46.94667,7.18584,33945.9,5.4,4.4,216.1,-37.6,0.3,-1.0,RS41-SG,403.500,9.8,150,10,2.5,-1,-1
2025-05-09T00:46:51.000Z,U3320964,7964,46.94664,7.18581,33951.5,5.4,4.3,210.9,-37.6,0.3,-1.0,RS41-SG,403.500,10.0,150,10,2.5,-1,-1
2025-05-09T00:46:52.000Z,U3320964,7965,46.94661,7.18579,33957.2,5.9,3.4,195.3,-37.6,0.3,-1.0,RS41-SG,403.500,10.0,150,10,2.5,-1,-1
2025-05-09T00:46:53.000Z,U3320964,7966,46.94658,7.18579,33963.2,6.2,2.9,167.2,-37.7,0.3,-1.0,RS41-SG,403.500,9.9,150,10,2.6,-1,-1
2025-05-09T00:46:54.000Z,U3320964,7967,46.94655,7.18581,33969.6,6.3,3.2,138.3,-37.6,0.3,-1.0,RS41-SG,403.500,9.1,150,10,2.6,-1,-1
2025-05-09T00:46:55.000Z,U3320964,7968,46.94653,7.18584,33975.7,5.7,3.7,125.0,-37.6,0.3,-1.0,RS41-SG,403.500,9.1,150,10,2.5,-1,-1
2025-05-09T00:46:56.000Z,U3320964,7969,46.94652,7.18588,33981.6,5.8,3.1,118.9,-37.6,0.3,-1.0,RS41-SG,403.500,8.8,150,10,2.5,-1,-1
2025-05-09T00:46:57.000Z,U3320964,7970,46.94651,7.18591,33987.7,6.4,1.7,127.5,-37.5,0.3,-1.0,RS41-SG,403.500,9.4,150,10,2.6,-1,-1
2025-05-09T00:46:58.000Z,U3320964,7971,46.94650,7.18591,33994.3,6.7,1.1,233.8,-37.5,0.3,-1.0,RS41-SG,403.500,10.9,150,10,2.6,-1,-1
2025-05-09T00:46:59.000Z,U3320964,7972,46.94649,7.18588,34000.6,5.7,3.3,255.4,-37.5,0.4,-1.0,RS41-SG,403.500,10.9,150,10,2.5,-1,-1
2025-05-09T00:47:00.000Z,U3320964,7973,46.94648,7.18583,34005.8,4.8,5.1,255.7,-37.5,0.3,-1.0,RS41-SG,403.500,10.5,150,10,2.5,-1,-1
2025-05-09T00:47:01.000Z,U3320964,7974,46.94647,7.18576,34010.8,5.3,6.0,250.5,-37.4,0.3,-1.0,RS41-SG,403.500,10.5,150,10,2.5,-1,-1
2025-05-09T00:47:02.000Z,U3320964,7975,46.94645,7.18569,34016.8,6.7,5.9,236.9,-37.4,0.3,-1.0,RS41-SG,403.500,10.0,150,10,2.6,-1,-1
2025-05-09T00:47:04.000Z,U3320964,7977,46.94637,7.18561,34030.3,5.6,4.9,191.1,-37.4,0.3,-1.0,RS41-SG,403.500,9.3,150,10,2.6,-1,-1
2025-05-09T00:47:05.000Z,U3320964,7978,46.94633,7.18561,34035.4,4.5,5.2,169.0,-37.4,0.3,-1.0,RS41-SG,403.500,10.1,150,10,2.5,-1,-1
2025-05-09T00:47:06.000Z,U3320964,7979,46.94628,7.18564,34040.4,4.9,5.6,155.4,-37.3,0.3,-1.0,RS41-SG,403.500,10.8,150,10,2.5,-1,-1
2025-05-09T00:47:07.000Z,U3320964,7980,46.94624,7.18567,34046.0,6.2,5.3,152.0,-37.3,0.3,-1.0,RS41-SG,403.500,10.8,150,10,2.5,-1,-1
2025-05-09T00:47:08.000Z,U3320964,7981,46.94620,7.18569,34052.6,6.9,4.1,158.2,-37.3,0.3,-1.0,RS41-SG,403.500,11.4,150,10,2.6,-1,-1
2025-05-09T00:47:09.000Z,U3320964,7982,46.94617,7.18571,34059.3,6.4,3.0,175.0,-37.3,0.4,-1.0,RS41-SG,403.500,11.4,150,10,2.6,-1,-1
2025-05-09T00:47:10.000Z,U3320964,7983,46.94614,7.18570,34065.1,5.3,2.6,198.2,-37.3,0.3,-1.0,RS41-SG,403.500,10.2,150,10,2.6,-1,-1
2025-05-09T00:47:11.000Z,U3320964,7984,46.94612,7.18569,34070.3,4.9,2.5,215.4,-37.3,0.3,-1.0,RS41-SG,403.500,10.2,150,10,2.5,-1,-1
2025-05-09T00:47:12.000Z,U3320964,7985,46.94611,7.18567,34075.4,5.1,2.3,222.6,-37.4,0.3,-1.0,RS41-SG,403.500,9.9,150,10,2.5,-1,-1
2025-05-09T00:47:13.000Z,U3320964,7986,46.94609,7.18565,34080.9,5.8,2.3,214.7,-37.4,0.3,-1.0,RS41-SG,403.500,9.1,150,10,2.5,-1,-1
2025-05-09T00:47:14.000Z,U3320964,7987,46.94607,7.18564,34086.8,6.1,2.1,198.1,-37.4,0.3,-1.0,RS41-SG,403.500,9.3,150,10,2.6,-1,-1
2025-05-09T00:47:15.000Z,U3320964,7988,46.94605,7.18563,34093.0,6.2,2.2,178.4,-37.4,0.3,-1.0,RS41-SG,403.500,9.3,150,10,2.6,-1,-1
2025-05-09T00:47:16.000Z,U3320964,7989,46.94603,7.18564,34098.9,5.7,2.2,171.0,-37.4,0.3,-1.0,RS41-SG,403.500,9.9,150,10,2.6,-1,-1
2025-05-09T00:47:17.000Z,U3320964,7990,46.94601,7.18564,34104.7,5.6,2.2,179.1,-37.4,0.3,-1.0,RS41-SG,403.500,9.9,150,10,2.5,-1,-1
2025-05-09T00:47:18.000Z,U3320964,7991,46.94600,7.18563,34110.4,5.5,2.4,208.5,-37.5,0.3,-1.0,RS41-SG,403.500,9.9,150,10,2.5,-1,-1
2025-05-09T00:47:19.000Z,U3320964,7992,46.94598,7.18560,34116.1,5.8,3.7,230.8,-37.4,0.3,-1.0,RS41-SG,403.500,9.6,150,9,2.5,-1,-1
2025-05-09T00:47:20.000Z,U3320964,7993,46.94595,7.18556,34121.7,5.8,5.4,239.9,-37.4,0.3,-1.0,RS41-SG,403.500,9.2,150,10,2.6,-1,-1
2025-05-09T00:47:21.000Z,U3320964,7994,46.94593,7.18549,34127.5,5.9,6.7,242.2,-37.4,0.3,-1.0,RS41-SG,403.500,9.7,150,10,2.6,-1,-1
2025-05-09T00:47:22.000Z,U3320964,7995,46.94590,7.18541,34133.3,5.8,7.1,237.4,-37.4,0.3,-1.0,RS41-SG,403.500,9.7,150,10,2.5,-1,-1
2025-05-09T00:47:23.000Z,U3320964,7996,46.94586,7.18534,34139.4,6.1,6.3,228.5,-37.4,0.3,-1.0,RS41-SG,403.500,9.9,150,10,2.5,-1,-1
2025-05-09T00:47:24.000Z,U3320964,7997,46.94582,7.18529,34145.6,6.5,5.1,207.8,-37.3,0.4,-1.0,RS41-SG,403.500,10.9,150,10,2.6,-1,-1
2025-05-09T00:47:25.000Z,U3320964,7998,46.94578,7.18528,34152.1,6.5,4.4,169.1,-37.3,0.3,-1.0,RS41-SG,403.500,10.9,150,10,2.6,-1,-1
2025-05-09T00:47:26.000Z,U3320964,7999,46.94575,7.18531,34158.1,5.6,5.3,135.6,-37.3,0.3,-1.0,RS41-SG,403.500,9.4,150,10,2.5,-1,-1
2025-05-09T00:47:27.000Z,U3320964,8000,46.94572,7.18537,34163.4,4.3,6.2,117.7,-37.3,0.3,-1.0,RS41-SG,403.500,9.2,150,10,2.5,-1,-1
2025-05-09T00:47:28.000Z,U3320964,8001,46.94570,7.18545,34168.3,5.2,6.5,107.7,-37.2,0.3,-1.0,RS41-SG,403.500,10.1,150,10,2.6,-1,-1
2025-05-09T00:47:29.000Z,U3320964,8002,46.94568,7.18552,34174.2,6.8,5.0,96.9,-37.2,0.3,-1.0,RS41-SG,403.500,10.1,150,10,2.6,-1,-1
2025-05-09T00:47:30.000Z,U3320964,8003,46.94568,7.18557,34181.5,7.6,2.2,86.3,-37.2,0.3,-1.0,RS41-SG,403.500,9.5,150,10,2.5,-1,-1
2025-05-09T00:47:31.000Z,U3320964,8004,46.94569,7.18558,34188.6,6.5,1.1,313.0,-37.2,0.3,-1.0,RS41-SG,403.500,9.5,150,10,2.5,-1,-1
2025-05-09T00:47:32.000Z,U3320964,8005,46.94569,7.18555,34194.3,4.6,3.7,286.6,-37.1,0.3,-1.0,RS41-SG,403.500,9.5,150,10,2.5,-1,-1
2025-05-09T00:47:33.000Z,U3320964,8006,46.94570,7.18549,34198.6,4.3,5.9,281.1,-37.1,0.3,-1.0,RS41-SG,403.500,9.7,150,10,2.6,-1,-1
2025-05-09T00:47:34.000Z,U3320964,8007,46.94571,7.18541,34203.5,5.5,6.9,279.0,-37.1,0.3,-1.0,RS41-SG,403.500,9.7,150,10,2.6,-1,-1
2025-05-09T00:47:35.000Z,U3320964,8008,46.94572,7.18532,34209.9,6.8,6.1,276.9,-37.1,0.3,-1.0,RS41-SG,403.500,8.7,150,10,2.6,-1,-1
2025-05-09T00:47:36.000Z,U3320964,8009,46.94573,7.18526,34216.7,6.7,4.4,274.1,-37.0,0.3,-1.0,RS41-SG,403.500,7.5,150,10,2.5,-1,-1
2025-05-09T00:47:37.000Z,U3320964,8010,46.94573,7.18521,34222.8,5.4,2.4,273.7,-37.0,0.3,-1.0,RS41-SG,403.500,8.9,150,10,2.5,-1,-1
2025-05-09T00:47:38.000Z,U3320964,8011,46.94573,7.18519,34228.0,5.2,0.8,230.7,-36.9,0.3,-1.0,RS41-SG,403.500,9.0,150,10,2.5,-1,-1
2025-05-09T00:47:39.000Z,U3320964,8012,46.94572,7.18519,34233.5,6.1,1.2,154.9,-36.8,0.3,-1.0,RS41-SG,403.500,9.9,150,10,2.6,-1,-1
2025-05-09T00:47:40.000Z,U3320964,8013,46.94571,7.18520,34239.8,6.7,1.6,157.2,-36.8,0.3,-1.0,RS41-SG,403.500,10.0,150,10,2.6,-1,-1
2025-05-09T00:47:41.000Z,U3320964,8014,46.94569,7.18520,34246.6,6.9,1.9,187.2,-36.8,0.3,-1.0,RS41-SG,403.500,10.3,150,10,2.6,-1,-1
2025-05-09T00:47:42.000Z,U3320964,8015,46.94568,7.18519,34252.8,5.7,2.0,212.5,-36.8,0.3,-1.0,RS41-SG,403.500,10.3,150,10,2.5,-1,-1
2025-05-09T00:47:43.000Z,U3320964,8016,46.94566,7.18517,34258.6,5.2,2.4,229.8,-36.8,0.3,-1.0,RS41-SG,403.500,10.1,150,10,2.5,-1,-1
2025-05-09T00:47:44.000Z,U3320964,8017,46.94565,7.18515,34264.1,5.7,2.6,247.5,-36.8,0.3,-1.0,RS41-SG,403.500,9.7,150,10,2.5,-1,-1
2025-05-09T00:47:45.000Z,U3320964,8018,46.94564,7.18512,34270.0,6.5,2.2,262.7,-36.9,0.3,-1.0,RS41-SG,403.500,9.7,150,10,2.6,-1,-1
2025-05-09T00:47:46.000Z,U3320964,8019,46.94564,7.18509,34276.3,6.5,1.7,283.5,-36.9,0.3,-1.0,RS41-SG,403.500,9.5,150,10,2.6,-1,-1
2025-05-09T00:47:47.000Z,U3320964,8020,46.94565,7.18507,34282.5,5.6,1.6,309.3,-36.8,0.3,-1.0,RS41-SG,403.500,9.4,150,10,2.6,-1,-1
2025-05-09T00:47:48.000Z,U3320964,8021,46.94566,7.18505,34287.9,5.2,1.8,320.1,-36.8,0.3,-1.0,RS41-SG,403.500,9.9,150,10,2.5,-1,-1
2025-05-09T00:47:49.000Z,U3320964,8022,46.94568,7.18504,34293.6,5.8,2.3,312.2,-36.7,0.3,-1.0,RS41-SG,403.500,9.9,150,10,2.5,-1,-1
2025-05-09T00:47:50.000Z,U3320964,8023,46.94569,7.18501,34299.7,6.5,3.1,299.1,-36.7,0.3,-1.0,RS41-SG,403.500,9.1,150,10,2.5,-1,-1
2025-05-09T00:47:51.000Z,U3320964,8024,46.94570,7.18496,34306.2,6.6,4.0,288.4,-36.6,0.3,-1.0,RS41-SG,403.500,9.7,150,10,2.6,-1,-1
2025-05-09T00:47:52.000Z,U3320964,8025,46.94571,7.18491,34312.4,5.7,4.5,284.8,-36.5,0.3,-1.0,RS41-SG,403.500,9.7,150,10,2.6,-1,-1
2025-05-09T00:47:53.000Z,U3320964,8026,46.94572,7.18486,34318.1,5.8,4.1,287.6,-36.5,0.3,-1.0,RS41-SG,403.500,9.5,150,10,2.5,-1,-1
2025-05-09T00:47:54.000Z,U3320964,8027,46.94574,7.18481,34324.2,6.3,3.0,300.9,-36.4,0.3,-1.0,RS41-SG,403.500,9.7,150,10,2.5,-1,-1
2025-05-09T00:47:56.000Z,U3320964,8029,46.94577,7.18480,34336.9,6.2,2.8,28.4,-36.4,0.3,-1.0,RS41-SG,403.500,10.2,150,10,2.6,-1,-1
2025-05-09T00:47:57.000Z,U3320964,8030,46.94580,7.18482,34342.7,5.3,3.8,42.9,-36.3,0.3,-1.0,RS41-SG,403.500,10.2,150,10,2.5,-1,-1
2025-05-09T00:47:58.000Z,U3320964,8031,46.94582,7.18486,34348.2,5.7,4.0,49.1,-36.3,0.3,-1.0,RS41-SG,403.500,10.1,150,10,2.5,-1,-1
2025-05-09T00:47:59.000Z,U3320964,8032,46.94584,7.18489,34354.2,6.5,3.1,43.9,-36.3,0.3,-1.0,RS41-SG,403.500,10.1,150,10,2.6,-1,-1
2025-05-09T00:48:00.000Z,U3320964,8033,46.94586,7.18491,34360.8,7.0,1.5,9.3,-36.3,0.3,-1.0,RS41-SG,403.500,9.9,150,10,2.6,-1,-1
2025-05-09T00:48:01.000Z,U3320964,8034,46.94587,7.18490,34367.4,6.2,2.0,292.0,-36.3,0.3,-1.0,RS41-SG,403.500,10.1,150,10,2.5,-1,-1
2025-05-09T00:48:02.000Z,U3320964,8035,46.94587,7.18486,34372.9,4.7,3.4,273.3,-36.2,0.3,-1.0,RS41-SG,403.500,10.1,150,10,2.5,-1,-1
2025-05-09T00:48:03.000Z,U3320964,8036,46.94587,7.18481,34377.9,5.3,4.3,268.1,-36.2,0.3,-1.0,RS41-SG,403.500,10.3,150,10,2.5,-1,-1
2025-05-09T00:48:04.000Z,U3320964,8037,46.94587,7.18476,34383.6,6.3,4.1,272.2,-36.2,0.3,-1.0,RS41-SG,403.500,10.3,150,10,2.6,-1,-1
2025-05-09T00:48:05.000Z,U3320964,8038,46.94588,7.18472,34390.2,6.9,2.6,288.0,-36.3,0.3,-1.0,RS41-SG,403.500,9.9,150,10,2.6,-1,-1
2025-05-09T00:48:06.000Z,U3320964,8039,46.94589,7.18470,34397.0,6.5,1.4,344.2,-36.3,0.3,-1.0,RS41-SG,403.500,10.1,150,10,2.6,-1,-1
2025-05-09T00:48:08.000Z,U3320964,8041,46.94592,7.18474,34408.6,5.0,3.9,64.8,-36.3,0.3,-1.0,RS41-SG,403.500,10.0,150,10,2.5,-1,-1
2025-05-09T00:48:09.000Z,U3320964,8042,46.94593,7.18479,34413.9,5.3,4.6,78.3,-36.3,0.3,-1.0,RS41-SG,403.500,10.1,150,10,2.5,-1,-1
2025-05-09T00:48:10.000Z,U3320964,8043,46.94593,7.18485,34419.7,6.3,4.5,95.9,-36.3,0.3,-1.0,RS41-SG,403.500,10.2,150,10,2.6,-1,-1
2025-05-09T00:48:11.000Z,U3320964,8044,46.94592,7.18490,34426.3,7.2,3.5,117.7,-36.2,0.3,-1.0,RS41-SG,403.500,10.2,150,10,2.6,-1,-1
2025-05-09T00:48:12.000Z,U3320964,8045,46.94590,7.18493,34433.0,6.3,3.0,151.1,-36.2,0.3,-1.0,RS41-SG,403.500,9.2,150,10,2.6,-1,-1
2025-05-09T00:48:13.000Z,U3320964,8046,46.94588,7.18494,34438.7,4.9,3.1,183.4,-36.2,0.3,-1.0,RS41-SG,403.500,9.2,150,10,2.5,-1,-1
2025-05-09T00:48:14.000Z,U3320964,8047,46.94585,7.18493,34443.8,4.9,3.2,207.6,-36.1,0.3,-1.0,RS41-SG,403.500,8.5,150,10,2.5,-1,-1
2025-05-09T00:48:16.000Z,U3320964,8049,46.94582,7.18488,34455.3,6.7,1.5,248.9,-36.1,0.3,-1.0,RS41-SG,403.500,7.4,150,10,2.6,-1,-1
2025-05-09T00:48:17.000Z,U3320964,8050,46.94582,7.18487,34462.0,6.7,1.0,348.8,-36.0,0.3,-1.0,RS41-SG,403.500,8.4,150,10,2.6,-1,-1
2025-05-09T00:48:18.000Z,U3320964,8051,46.94583,7.18488,34468.2,5.6,2.7,23.8,-36.0,0.3,-1.0,RS41-SG,403.500,8.7,150,10,2.6,-1,-1
2025-05-09T00:48:19.000Z,U3320964,8052,46.94586,7.18490,34473.7,5.3,3.7,32.8,-36.0,0.3,-1.0,RS41-SG,403.500,9.8,150,10,2.5,-1,-1
2025-05-09T00:48:20.000Z,U3320964,8053,46.94589,7.18493,34479.2,5.5,4.0,38.2,-36.0,0.3,-1.0,RS41-SG,403.500,9.8,150,10,2.5,-1,-1
2025-05-09T00:48:22.000Z,U3320964,8055,46.94593,7.18499,34492.2,7.0,2.1,63.7,-36.1,0.3,-1.0,RS41-SG,403.500,10.1,150,10,2.6,-1,-1
2025-05-09T00:48:23.000Z,U3320964,8056,46.94593,7.18501,34498.7,6.1,1.5,120.7,-36.0,0.3,-1.0,RS41-SG,403.500,9.6,150,10,2.6,-1,-1
2025-05-09T00:48:24.000Z,U3320964,8057,46.94591,7.18503,34504.6,5.4,2.5,156.2,-36.0,0.3,-1.0,RS41-SG,403.500,9.0,150,10,2.6,-1,-1
2025-05-09T00:48:25.000Z,U3320964,8058,46.94589,7.18504,34509.9,5.0,3.6,160.7,-35.9,0.3,-1.0,RS41-SG,403.500,8.5,150,10,2.5,-1,-1
2025-05-09T00:48:29.000Z,U3320964,8062,46.94576,7.18519,34534.4,6.0,5.0,121.6,-35.9,0.3,-1.0,RS41-SG,403.500,9.2,150,10,2.6,-1,-1
2025-05-09T00:48:30.000Z,U3320964,8063,46.94574,7.18524,34540.7,6.4,4.1,117.3,-35.9,0.3,-1.0,RS41-SG,403.500,9.4,150,10,2.5,-1,-1
2025-05-09T00:48:31.000Z,U3320964,8064,46.94573,7.18528,34547.2,6.8,2.7,125.3,-35.9,0.3,-1.0,RS41-SG,403.500,9.4,150,10,2.5,-1,-1
2025-05-09T00:48:32.000Z,U3320964,8065,46.94571,7.18530,34554.0,6.8,1.6,171.0,-35.9,0.3,-1.0,RS41-SG,403.500,9.5,150,10,2.6,-1,-1
2025-05-09T00:48:33.000Z,U3320964,8066,46.94570,7.18529,34560.5,6.2,2.4,223.0,-35.8,0.3,-1.0,RS41-SG,403.500,9.5,150,10,2.6,-1,-1
2025-05-09T00:48:35.000Z,U3320964,8068,46.94566,7.18521,34571.1,4.9,4.3,237.2,-35.8,0.3,-1.0,RS41-SG,403.500,8.6,150,10,2.5,-1,-1
2025-05-09T00:48:36.000Z,U3320964,8069,46.94564,7.18517,34576.6,5.8,3.8,238.0,-35.7,0.3,-1.0,RS41-SG,403.500,8.6,150,10,2.6,-1,-1
2025-05-09T00:48:37.000Z,U3320964,8070,46.94563,7.18513,34582.7,6.4,2.4,231.5,-35.7,0.3,-1.0,RS41-SG,403.500,8.5,150,10,2.6,-1,-1
2025-05-09T00:48:38.000Z,U3320964,8071,46.94562,7.18512,34588.8,5.9,0.7,205.1,-35.7,0.3,-1.0,RS41-SG,403.500,8.5,150,10,2.5,-1,-1
2025-05-09T00:48:39.000Z,U3320964,8072,46.94561,7.18512,34594.5,5.2,0.8,90.8,-35.6,0.3,-1.0,RS41-SG,403.500,8.4,150,10,2.5,-1,-1
2025-05-09T00:48:40.000Z,U3320964,8073,46.94562,7.18514,34599.9,5.4,1.6,61.4,-35.5,0.3,-1.0,RS41-SG,403.500,9.3,150,10,2.5,-1,-1
2025-05-09T00:48:41.000Z,U3320964,8074,46.94562,7.18515,34605.7,6.3,1.2,49.2,-35.4,0.3,-1.0,RS41-SG,403.500,9.3,150,10,2.6,-1,-1
2025-05-09T00:48:43.000Z,U3320964,8076,46.94563,7.18514,34619.2,6.6,2.0,262.2,-35.3,0.3,-1.0,RS41-SG,403.500,9.9,150,10,2.6,-1,-1
2025-05-09T00:48:44.000Z,U3320964,8077,46.94563,7.18510,34625.2,5.1,3.6,252.8,-35.3,0.3,-1.0,RS41-SG,403.500,9.9,150,10,2.5,-1,-1
2025-05-09T00:48:45.000Z,U3320964,8078,46.94561,7.18505,34630.4,5.0,4.7,245.9,-35.2,0.3,-1.0,RS41-SG,403.500,9.9,150,10,2.5,-1,-1
2025-05-09T00:48:46.000Z,U3320964,8079,46.94559,7.18500,34635.4,5.5,4.9,242.5,-35.1,0.3,-1.0,RS41-SG,403.500,9.3,150,10,2.5,-1,-1
2025-05-09T00:48:50.000Z,U3320964,8083,46.94555,7.18489,34659.7,5.4,1.0,41.5,-34.9,0.3,-1.0,RS41-SG,403.500,8.9,150,10,2.5,-1,-1
2025-05-09T00:48:51.000Z,U3320964,8084,46.94556,7.18491,34665.1,5.3,2.3,29.4,-34.8,0.3,-1.0,RS41-SG,403.500,8.9,150,10,2.5,-1,-1
2025-05-09T00:48:52.000Z,U3320964,8085,46.94559,7.18492,34670.6,5.8,3.0,13.6,-34.7,0.3,-1.0,RS41-SG,403.500,8.6,150,10,2.5,-1,-1
2025-05-09T00:48:53.000Z,U3320964,8086,46.94561,7.18492,34676.7,6.4,3.1,345.3,-34.6,0.2,-1.0,RS41-SG,403.500,9.1,150,10,2.6,-1,-1
2025-05-09T00:48:54.000Z,U3320964,8087,46.94564,7.18489,34683.0,6.6,3.7,307.9,-34.6,0.3,-1.0,RS41-SG,403.500,9.1,150,10,2.6,-1,-1
2025-05-09T00:48:55.000Z,U3320964,8088,46.94565,7.18484,34689.4,6.2,4.9,276.9,-34.5,0.3,-1.0,RS41-SG,403.500,9.6,150,10,2.6,-1,-1
2025-05-09T00:48:56.000Z,U3320964,8089,46.94564,7.18476,34695.5,5.7,6.8,256.0,-34.4,0.3,-1.0,RS41-SG,403.500,9.6,150,10,2.5,-1,-1
2025-05-09T00:48:57.000Z,U3320964,8090,46.94562,7.18467,34701.1,5.2,8.6,240.1,-34.3,0.3,-1.0,RS41-SG,403.500,8.8,150,10,2.5,-1,-1
2025-05-09T00:48:58.000Z,U3320964,8091,46.94557,7.18458,34706.5,5.3,9.6,227.7,-34.2,0.2,-1.0,RS41-SG,403.500,8.8,150,10,2.5,-1,-1
2025-05-09T00:49:08.000Z,U3320964,8101,46.94547,7.18454,34765.8,6.3,4.7,285.3,-33.6,0.2,-1.0,RS41-SG,403.500,7.1,150,10,2.5,-1,-1
2025-05-09T00:49:18.000Z,U3320964,8111,46.94523,7.18442,34820.4,5.3,8.0,49.0,-33.3,0.2,-1.0,RS41-SG,403.500,8.6,150,10,2.5,-1,-1
2025-05-09T00:49:20.000Z,U3320964,8113,46.94532,7.18451,34834.3,7.6,3.5,14.1,-33.2,0.3,-1.0,RS41-SG,403.500,9.0,150,10,2.6,-1,-1
2025-05-09T00:49:21.000Z,U3320964,8114,46.94534,7.18451,34841.0,5.8,2.3,314.2,-33.1,0.3,-1.0,RS41-SG,403.500,9.0,150,10,2.5,-1,-1
2025-05-09T00:49:22.000Z,U3320964,8115,46.94535,7.18447,34845.8,4.2,3.8,263.3,-33.0,0.3,-1.0,RS41-SG,403.500,9.0,150,10,2.5,-1,-1
2025-05-09T00:49:23.000Z,U3320964,8116,46.94534,7.18441,34850.2,4.2,5.7,247.1,-33.0,0.2,-1.0,RS41-SG,403.500,9.0,150,10,2.5,-1,-1
2025-05-09T00:49:27.000Z,U3320964,8120,46.94524,7.18423,34875.7,6.6,1.1,150.1,-32.7,0.2,-1.0,RS41-SG,403.500,8.0,150,10,2.5,-1,-1
2025-05-09T00:49:28.000Z,U3320964,8121,46.94524,7.18425,34881.9,5.4,3.0,76.0,-32.6,0.2,-1.0,RS41-SG,403.500,8.7,150,10,2.5,-1,-1
2025-05-09T00:49:29.000Z,U3320964,8122,46.94525,7.18430,34887.0,4.6,5.1,67.9,-32.5,0.2,-1.0,RS41-SG,403.500,8.7,150,10,2.5,-1,-1
2025-05-09T00:49:30.000Z,U3320964,8123,46.94527,7.18437,34891.7,4.6,6.3,65.2,-32.6,0.3,-1.0,RS41-SG,403.500,9.0,150,10,2.6,-1,-1
2025-05-09T00:49:32.000Z,U3320964,8125,46.94531,7.18450,34903.3,6.9,4.1,69.5,-32.4,0.2,-1.0,RS41-SG,403.500,8.0,150,10,2.6,-1,-1
2025-05-09T00:49:33.000Z,U3320964,8126,46.94532,7.18453,34910.4,7.1,1.4,114.7,-32.3,0.2,-1.0,RS41-SG,403.500,8.0,150,10,2.5,-1,-1
2025-05-09T00:49:34.000Z,U3320964,8127,46.94530,7.18453,34916.8,5.6,2.5,211.4,-32.3,0.2,-1.0,RS41-SG,403.500,7.8,150,10,2.5,-1,-1
2025-05-09T00:49:35.000Z,U3320964,8128,46.94528,7.18450,34921.7,4.1,4.9,225.4,-32.2,0.2,-1.0,RS41-SG,403.500,7.7,150,10,2.5,-1,-1
2025-05-09T00:49:37.000Z,U3320964,8130,46.94521,7.18437,34931.0,6.2,7.1,236.1,-32.2,0.3,-1.0,RS41-SG,403.500,7.9,150,10,2.6,-1,-1
2025-05-09T00:49:38.000Z,U3320964,8131,46.94518,7.18430,34937.5,7.0,5.6,244.0,-32.2,0.2,-1.0,RS41-SG,403.500,8.7,150,10,2.6,-1,-1
2025-05-09T00:49:39.000Z,U3320964,8132,46.94516,7.18425,34944.3,6.7,3.5,256.4,-32.1,0.2,-1.0,RS41-SG,403.500,8.7,150,10,2.5,-1,-1
2025-05-09T00:49:40.000Z,U3320964,8133,46.94516,7.18421,34950.4,5.1,1.9,286.2,-32.1,0.2,-1.0,RS41-SG,403.500,8.3,150,10,2.5,-1,-1
2025-05-09T00:49:41.000Z,U3320964,8134,46.94517,7.18420,34955.4,4.8,1.5,350.6,-32.1,0.2,-1.0,RS41-SG,403.500,8.3,150,10,2.5,-1,-1
2025-05-09T00:49:42.000Z,U3320964,8135,46.94519,7.18420,34960.3,5.2,2.1,26.6,-32.1,0.2,-1.0,RS41-SG,403.500,8.4,150,10,2.6,-1,-1
2025-05-09T00:49:43.000Z,U3320964,8136,46.94520,7.18422,34966.1,6.2,1.7,49.0,-32.1,0.2,-1.0,RS41-SG,403.500,8.4,150,10,2.6,-1,-1
2025-05-09T00:49:44.000Z,U3320964,8137,46.94521,7.18423,34972.8,7.1,1.0,111.6,-32.0,0.2,-1.0,RS41-SG,403.500,8.5,150,10,2.6,-1,-1
2025-05-09T00:49:45.000Z,U3320964,8138,46.94520,7.18424,34979.7,6.8,2.0,183.3,-32.0,0.2,-1.0,RS41-SG,403.500,9.1,150,10,2.5,-1,-1
2025-05-09T00:49:46.000Z,U3320964,8139,46.94517,7.18423,34985.8,5.3,3.6,199.8,-32.0,0.2,-1.0,RS41-SG,403.500,9.1,150,10,2.5,-1,-1
2025-05-09T00:49:50.000Z,U3320964,8143,46.94503,7.18409,35008.1,6.6,4.0,219.4,-32.2,0.2,-1.0,RS41-SG,403.500,7.9,150,10,2.6,-1,-1
2025-05-09T00:49:54.000Z,U3320964,8147,46.94497,7.18400,35031.4,6.5,2.5,230.2,-32.1,0.2,-1.0,RS41-SG,403.500,7.7,150,10,2.6,-1,-1
2025-05-09T00:50:02.000Z,U3320964,8155,46.94475,7.18369,35078.7,5.3,1.8,236.3,-32.3,0.2,-1.0,RS41-SG,403.500,8.3,150,10,2.6,-1,-1
2025-05-09T00:50:03.000Z,U3320964,8156,46.94475,7.18367,35084.5,6.1,2.1,251.3,-32.3,0.3,-1.0,RS41-SG,403.500,8.3,150,10,2.5,-1,-1
2025-05-09T00:50:04.000Z,U3320964,8157,46.94474,7.18364,35091.0,6.7,3.0,254.3,-32.3,0.2,-1.0,RS41-SG,403.500,7.9,150,10,2.5,-1,-1
2025-05-09T00:50:05.000Z,U3320964,8158,46.94473,7.18359,35097.7,6.6,4.7,249.5,-32.3,0.2,-1.0,RS41-SG,403.500,7.9,150,10,2.5,-1,-1
2025-05-09T00:50:07.000Z,U3320964,8160,46.94469,7.18344,35109.0,5.1,7.1,247.9,-32.3,0.2,-1.0,RS41-SG,403.500,7.5,150,10,2.6,-1,-1
2025-05-09T00:50:08.000Z,U3320964,8161,46.94467,7.18335,35114.3,5.5,7.5,249.0,-32.3,0.2,-1.0,RS41-SG,403.500,7.6,150,10,2.5,-1,-1
2025-05-09T00:50:09.000Z,U3320964,8162,46.94464,7.18327,35120.2,5.9,6.8,252.7,-32.2,0.2,-1.0,RS41-SG,403.500,8.1,150,10,2.5,-1,-1
2025-05-09T00:50:12.000Z,U3320964,8165,46.94463,7.18307,35138.2,5.5,3.5,278.0,-32.3,0.2,-1.0,RS41-SG,403.500,7.7,150,10,2.5,-1,-1
2025-05-09T00:50:13.000Z,U3320964,8166,46.94463,7.18303,35143.8,5.3,3.2,285.2,-32.3,0.2,-1.0,RS41-SG,403.500,8.1,150,10,2.5,-1,-1
2025-05-09T00:50:15.000Z,U3320964,8168,46.94464,7.18295,35154.9,6.1,4.0,262.4,-32.3,0.3,-1.0,RS41-SG,403.500,7.8,150,10,2.6,-1,-1
2025-05-09T00:50:16.000Z,U3320964,8169,46.94463,7.18289,35161.2,6.1,5.4,250.4,-32.3,0.2,-1.0,RS41-SG,403.500,7.8,150,10,2.5,-1,-1
2025-05-09T00:50:27.000Z,U3320964,8180,46.94453,7.18240,35225.9,6.2,4.4,304.1,-32.2,0.2,-1.0,RS41-SG,403.500,7.7,150,10,2.5,-1,-1
2025-05-09T00:50:40.000Z,U3320964,8193,46.94442,7.18191,35298.9,5.8,6.9,307.5,-31.8,0.2,-1.0,RS41-SG,403.500,7.4,150,10,2.5,-1,-1
2025-05-09T00:54:38.000Z,U3320964,8431,46.94423,7.17813,36562.2,2.1,8.9,330.6,-27.8,0.2,-1.0,RS41-SG,403.500,8.5,150,10,2.5,-1,-1
2025-05-09T00:54:39.000Z,U3320964,8432,46.94429,7.17805,36564.7,2.8,10.6,311.6,-27.8,0.1,-1.0,RS41-SG,403.500,8.5,150,10,2.5,-1,-1
2025-05-09T00:54:46.000Z,U3320964,8439,46.94438,7.17812,36600.9,2.0,16.0,96.0,-27.9,0.2,-1.0,RS41-SG,403.500,6.8,150,10,2.6,-1,-1
2025-05-09T00:55:47.000Z,U3320964,8500,46.94379,7.18240,36911.5,3.6,3.9,168.3,-27.4,0.2,-1.0,RS41-SG,403.500,7.8,150,10,2.5,-1,-1
2025-05-09T00:56:03.000Z,U3320964,8516,46.94341,7.18328,36985.4,3.3,8.6,212.7,-27.5,0.1,-1.0,RS41-SG,403.500,8.2,150,10,2.5,-1,-1
2025-05-09T00:56:16.000Z,U3320964,8529,46.94289,7.18427,37049.9,2.1,7.8,205.4,-27.3,0.2,-1.0,RS41-SG,403.500,7.6,150,10,2.5,-1,-1
2025-05-09T00:56:29.000Z,U3320964,8542,46.94236,7.18505,37111.9,2.4,4.4,227.6,-27.2,0.2,-1.0,RS41-SG,403.500,6.8,150,10,2.6,-1,-1
2025-05-09T00:58:19.000Z,U3320964,8652,46.94095,7.18948,37610.1,1.8,16.2,67.9,-24.2,0.1,-1.0,RS41-SG,403.500,7.9,150,11,2.6,-1,-1
2025-05-09T00:58:33.000Z,U3320964,8666,46.94061,7.19013,37675.1,0.8,14.9,79.7,-23.8,0.1,-1.0,RS41-SG,403.500,7.6,150,10,2.5,-1,-1
2025-05-09T01:01:23.000Z,U3320964,8836,46.93447,7.19850,34754.2,-57.5,2.2,328.5,-33.7,0.3,-1.0,RS41-SG,403.500,7.3,150,11,2.5,-1,-1
2025-05-09T01:01:35.000Z,U3320964,8848,46.93444,7.19831,34135.1,-47.2,1.7,47.0,-36.5,0.4,-1.0,RS41-SG,403.500,8.4,150,10,2.5,-1,-1
2025-05-09T01:03:28.000Z,U3320964,8961,46.93242,7.19656,29078.3,-36.0,6.0,265.6,-49.0,0.8,-1.0,RS41-SG,403.500,7.7,150,12,2.5,-1,-1
