timestamp,serial,frame,lat,lon,alt,vel_v,vel_h,heading,temp,humidity,pressure,type,freq_mhz,snr,f_error_hz,sats,batt_v,burst_timer,aux_data
2025-07-30T00:41:56.004Z,W2120331,7679,45.52405,8.92786,31184.9,5.6,17.3,283.2,-273.0,-1.0,-1.0,RS41,404.900,7.4,150,10,2.5,-1,-1
2025-07-30T00:41:57.004Z,W2120331,7680,45.52409,8.92766,31190.7,6.0,16.2,286.5,-273.0,-1.0,-1.0,RS41,404.900,7.5,150,10,2.6,-1,-1
2025-07-30T00:41:58.004Z,W2120331,7681,45.52413,8.92747,31197.0,6.6,14.4,289.4,-273.0,-1.0,-1.0,RS41,404.900,7.9,150,10,2.6,-1,-1
2025-07-30T00:44:43.004Z,W2120331,7846,45.52469,8.89530,32209.3,6.4,18.2,267.7,-273.0,-1.0,-1.0,RS41,404.900,7.3,150,10,2.6,-1,-1
2025-07-30T00:44:56.004Z,W2120331,7859,45.52460,8.89263,32286.8,4.9,15.2,260.9,-273.0,-1.0,-1.0,RS41,404.900,7.0,150,10,2.6,-1,-1
2025-07-30T00:44:57.004Z,W2120331,7860,45.52457,8.89244,32291.8,5.2,15.7,257.8,-273.0,-1.0,-1.0,RS41,404.900,8.7,150,10,2.6,-1,-1
2025-07-30T00:45:06.004Z,W2120331,7869,45.52435,8.89051,32346.4,5.0,14.7,258.6,-273.0,-1.0,-1.0,RS41,404.900,8.6,150,10,2.6,-1,-1
2025-07-30T00:45:08.004Z,W2120331,7871,45.52430,8.89012,32357.5,6.3,16.6,261.6,-273.0,-1.0,-1.0,RS41,404.900,8.4,150,10,2.6,-1,-1
2025-07-30T00:45:09.004Z,W2120331,7872,45.52428,8.88990,32364.0,6.6,18.3,265.2,-273.0,-1.0,-1.0,RS41,404.900,8.5,150,10,2.6,-1,-1
2025-07-30T00:45:10.004Z,W2120331,7873,45.52427,8.88966,32370.1,5.5,19.6,267.3,-273.0,-1.0,-1.0,RS41,404.900,8.6,150,10,2.6,-1,-1
2025-07-30T00:45:17.004Z,W2120331,7880,45.52410,8.88809,32411.7,6.4,15.6,250.1,-273.0,-1.0,-1.0,RS41,404.900,8.4,150,10,2.6,-1,-1
2025-07-30T00:45:18.004Z,W2120331,7881,45.52406,8.88790,32418.4,7.1,16.1,252.6,-273.0,-1.0,-1.0,RS41,404.900,8.6,150,10,2.6,-1,-1
2025-07-30T00:45:19.004Z,W2120331,7882,45.52402,8.88770,32425.0,5.9,16.6,255.7,-273.0,-1.0,-1.0,RS41,404.900,8.6,150,10,2.6,-1,-1
2025-07-30T00:45:20.004Z,W2120331,7883,45.52399,8.88749,32430.9,5.7,17.1,258.1,-273.0,-1.0,-1.0,RS41,404.900,8.6,150,10,2.6,-1,-1
2025-07-30T00:45:21.004Z,W2120331,7884,45.52396,8.88728,32436.8,6.2,17.3,259.4,-273.0,-1.0,-1.0,RS41,404.900,8.5,150,10,2.6,-1,-1
2025-07-30T00:45:24.004Z,W2120331,7887,45.52386,8.88666,32456.6,5.6,16.1,255.5,-273.0,-1.0,-1.0,RS41,404.900,8.6,150,10,2.6,-1,-1
2025-07-30T00:45:26.004Z,W2120331,7889,45.52379,8.88625,32468.8,6.9,16.7,257.2,-273.0,-1.0,-1.0,RS41,404.900,8.5,150,10,2.6,-1,-1
2025-07-30T00:45:28.004Z,W2120331,7891,45.52373,8.88582,32481.8,5.6,17.9,259.7,-273.0,-1.0,-1.0,RS41,404.900,7.7,150,10,2.6,-1,-1
2025-07-30T00:45:29.004Z,W2120331,7892,45.52370,8.88559,32487.6,6.0,18.3,257.9,-273.0,-1.0,-1.0,RS41,404.900,8.0,150,10,2.6,-1,-1
2025-07-30T00:45:30.004Z,W2120331,7893,45.52366,8.88536,32493.9,6.7,18.2,253.6,-273.0,-1.0,-1.0,RS41,404.900,8.3,150,10,2.6,-1,-1
2025-07-30T00:45:42.004Z,W2120331,7905,45.52311,8.88265,32568.2,5.3,17.3,251.3,-273.0,-1.0,-1.0,RS41,404.900,8.1,150,10,2.6,-1,-1
2025-07-30T00:45:44.004Z,W2120331,7907,45.52300,8.88223,32579.8,6.5,18.5,249.7,-273.0,-1.0,-1.0,RS41,404.900,8.4,150,10,2.6,-1,-1
2025-07-30T00:45:45.004Z,W2120331,7908,45.52294,8.88200,32586.4,6.8,19.6,252.3,-273.0,-1.0,-1.0,RS41,404.900,8.9,150,10,2.6,-1,-1
2025-07-30T00:45:46.004Z,W2120331,7909,45.52289,8.88175,32592.9,6.0,20.8,255.1,-273.0,-1.0,-1.0,RS41,404.900,8.9,150,10,2.6,-1,-1
2025-07-30T00:45:48.004Z,W2120331,7911,45.52280,8.88121,32604.2,5.8,22.7,257.2,-273.0,-1.0,-1.0,RS41,404.900,8.1,150,10,2.6,-1,-1
2025-07-30T00:45:50.004Z,W2120331,7913,45.52270,8.88065,32616.9,6.8,22.1,253.5,-273.0,-1.0,-1.0,RS41,404.900,9.1,150,10,2.6,-1,-1
2025-07-30T00:45:51.004Z,W2120331,7914,45.52264,8.88039,32623.7,6.6,20.7,250.9,-273.0,-1.0,-1.0,RS41,404.900,9.1,150,10,2.6,-1,-1
2025-07-30T00:45:56.004Z,W2120331,7919,45.52246,8.87941,32654.9,6.7,14.5,269.9,-273.0,-1.0,-1.0,RS41,404.900,10.0,150,10,2.6,-1,-1
2025-07-30T00:45:58.004Z,W2120331,7921,45.52247,8.87899,32668.1,6.5,19.0,268.6,-273.0,-1.0,-1.0,RS41,404.900,9.2,150,10,2.6,-1,-1
2025-07-30T00:45:59.004Z,W2120331,7922,45.52245,8.87873,32674.7,6.7,22.1,263.5,-273.0,-1.0,-1.0,RS41,404.900,9.7,150,10,2.5,-1,-1
2025-07-30T00:46:00.004Z,W2120331,7923,45.52242,8.87843,32681.1,6.1,24.9,258.6,-273.0,-1.0,-1.0,RS41,404.900,9.7,150,10,2.6,-1,-1
2025-07-30T00:46:01.004Z,W2120331,7924,45.52237,8.87811,32686.6,4.8,26.8,255.2,-273.0,-1.0,-1.0,RS41,404.900,9.0,150,10,2.6,-1,-1
2025-07-30T00:46:09.004Z,W2120331,7932,45.52211,8.87581,32735.8,7.4,17.1,272.8,-273.0,-1.0,-1.0,RS41,404.900,8.3,150,10,2.5,-1,-1
2025-07-30T00:46:10.004Z,W2120331,7933,45.52211,8.87559,32742.9,6.6,17.3,269.8,-273.0,-1.0,-1.0,RS41,404.900,9.1,150,10,2.6,-1,-1
2025-07-30T00:46:14.004Z,W2120331,7937,45.52207,8.87457,32769.6,7.1,23.2,267.1,-273.0,-1.0,-1.0,RS41,404.900,9.8,150,10,2.6,-1,-1
2025-07-30T00:46:15.004Z,W2120331,7938,45.52206,8.87427,32776.4,6.2,24.6,268.5,-273.0,-1.0,-1.0,RS41,404.900,9.8,150,10,2.6,-1,-1
2025-07-30T00:46:24.004Z,W2120331,7947,45.52207,8.87142,32832.0,5.7,19.0,281.1,-273.0,-1.0,-1.0,RS41,404.900,8.4,150,10,2.6,-1,-1
2025-07-30T00:46:25.004Z,W2120331,7948,45.52210,8.87119,32837.4,5.1,17.8,282.1,-273.0,-1.0,-1.0,RS41,404.900,8.0,150,10,2.6,-1,-1
2025-07-30T00:46:26.004Z,W2120331,7949,45.52213,8.87097,32843.0,6.3,17.3,279.1,-273.0,-1.0,-1.0,RS41,404.900,8.2,150,10,2.6,-1,-1
2025-07-30T00:46:28.004Z,W2120331,7951,45.52214,8.87050,32857.5,7.5,20.0,264.8,-273.0,-1.0,-1.0,RS41,404.900,8.6,150,10,2.6,-1,-1
2025-07-30T00:46:29.004Z,W2120331,7952,45.52212,8.87024,32863.9,5.1,22.0,260.1,-273.0,-1.0,-1.0,RS41,404.900,8.6,150,10,2.5,-1,-1
2025-07-30T00:46:30.004Z,W2120331,7953,45.52208,8.86995,32868.9,4.7,24.3,257.5,-273.0,-1.0,-1.0,RS41,404.900,8.6,150,10,2.6,-1,-1
2025-07-30T00:46:33.004Z,W2120331,7956,45.52195,8.86896,32887.4,6.4,26.9,264.5,-273.0,-1.0,-1.0,RS41,404.900,8.6,150,10,2.6,-1,-1
2025-07-30T00:46:34.004Z,W2120331,7957,45.52194,8.86862,32893.4,5.5,26.4,267.7,-273.0,-1.0,-1.0,RS41,404.900,10.3,150,10,2.6,-1,-1
2025-07-30T00:46:35.004Z,W2120331,7958,45.52193,8.86829,32899.2,6.1,25.7,270.3,-273.0,-1.0,-1.0,RS41,404.900,10.3,150,10,2.6,-1,-1
2025-07-30T00:46:36.004Z,W2120331,7959,45.52194,8.86797,32905.6,6.7,24.7,270.9,-273.0,-1.0,-1.0,RS41,404.900,9.1,150,10,2.6,-1,-1
2025-07-30T00:46:37.004Z,W2120331,7960,45.52194,8.86766,32912.3,6.7,23.7,270.3,-273.0,-1.0,-1.0,RS41,404.900,8.9,150,10,2.6,-1,-1
2025-07-30T00:46:39.004Z,W2120331,7962,45.52193,8.86708,32923.6,4.9,22.0,268.4,-273.0,-1.0,-1.0,RS41,404.900,9.3,150,10,2.6,-1,-1
2025-07-30T00:46:40.004Z,W2120331,7963,45.52193,8.86680,32928.9,5.7,21.2,268.6,-41.0,-1.0,-1.0,RS41,404.900,10.5,150,10,2.6,-1,-1
2025-07-30T00:46:41.004Z,W2120331,7964,45.52192,8.86654,32935.0,6.6,20.5,269.8,-41.0,-1.0,-1.0,RS41,404.900,10.5,150,10,2.6,-1,-1
2025-07-30T00:46:43.004Z,W2120331,7966,45.52193,8.86602,32947.9,6.0,20.0,270.6,-41.0,-1.0,-1.0,RS41,404.900,8.3,150,10,2.6,-1,-1
2025-07-30T00:46:44.004Z,W2120331,7967,45.52193,8.86577,32953.8,5.9,20.3,268.6,-41.0,-1.0,-1.0,RS41,404.900,8.9,150,10,2.5,-1,-1
2025-07-30T00:46:45.004Z,W2120331,7968,45.52192,8.86550,32960.1,6.5,21.1,265.1,-41.0,-1.0,-1.0,RS41,404.900,8.9,150,10,2.6,-1,-1
2025-07-30T00:46:46.004Z,W2120331,7969,45.52189,8.86523,32966.6,6.6,22.2,261.3,-41.0,-1.0,-1.0,RS41,404.900,8.2,150,10,2.6,-1,-1
2025-07-30T00:46:51.004Z,W2120331,7974,45.52173,8.86381,32998.6,6.4,21.0,269.3,-40.9,-1.0,-1.0,RS41,404.900,8.5,150,10,2.6,-1,-1
2025-07-30T00:46:52.004Z,W2120331,7975,45.52174,8.86355,33004.1,4.7,20.2,274.0,-40.9,-1.0,-1.0,RS41,404.900,8.7,150,10,2.6,-1,-1
2025-07-30T00:46:53.004Z,W2120331,7976,45.52176,8.86330,33008.8,4.8,19.5,277.4,-40.9,-1.0,-1.0,RS41,404.900,9.0,150,10,2.6,-1,-1
2025-07-30T00:46:54.004Z,W2120331,7977,45.52178,8.86306,33014.1,5.7,19.0,277.3,-41.0,-1.0,-1.0,RS41,404.900,9.0,150,10,2.5,-1,-1
2025-07-30T00:46:55.004Z,W2120331,7978,45.52180,8.86281,33020.4,6.9,19.0,274.3,-41.0,-1.0,-1.0,RS41,404.900,8.7,150,10,2.6,-1,-1
2025-07-30T00:46:56.004Z,W2120331,7979,45.52180,8.86257,33027.3,6.9,19.5,270.2,-41.0,-1.0,-1.0,RS41,404.900,8.7,150,10,2.6,-1,-1
2025-07-30T00:46:57.004Z,W2120331,7980,45.52180,8.86232,33033.7,5.6,20.3,267.2,-41.0,-1.0,-1.0,RS41,404.900,8.6,150,10,2.6,-1,-1
2025-07-30T00:46:58.004Z,W2120331,7981,45.52179,8.86205,33039.3,5.5,21.3,265.8,-41.0,-1.0,-1.0,RS41,404.900,7.9,150,10,2.6,-1,-1
2025-07-30T00:47:02.004Z,W2120331,7985,45.52179,8.86091,33063.8,5.2,23.0,275.7,-41.1,-1.0,-1.0,RS41,404.900,9.0,150,10,2.6,-1,-1
2025-07-30T00:47:03.004Z,W2120331,7986,45.52181,8.86062,33069.1,5.4,22.6,277.0,-41.2,-1.0,-1.0,RS41,404.900,9.1,150,10,2.6,-1,-1
2025-07-30T00:47:04.004Z,W2120331,7987,45.52184,8.86033,33074.8,6.0,22.0,276.2,-41.2,-1.0,-1.0,RS41,404.900,9.1,150,10,2.5,-1,-1
2025-07-30T00:47:05.004Z,W2120331,7988,45.52185,8.86006,33081.0,6.5,21.1,273.0,-41.3,-1.0,-1.0,RS41,404.900,8.8,150,10,2.6,-1,-1
2025-07-30T00:47:06.004Z,W2120331,7989,45.52186,8.85980,33087.6,6.7,20.2,269.6,-41.3,-1.0,-1.0,RS41,404.900,8.8,150,10,2.6,-1,-1
2025-07-30T00:47:11.004Z,W2120331,7994,45.52185,8.85868,33116.9,6.5,15.8,280.3,-41.4,-1.0,-1.0,RS41,404.900,8.9,150,10,2.6,-1,-1
2025-07-30T00:47:12.004Z,W2120331,7995,45.52188,8.85848,33122.9,5.4,16.1,284.3,-41.4,-1.0,-1.0,RS41,404.900,8.9,150,10,2.6,-1,-1
2025-07-30T00:47:13.004Z,W2120331,7996,45.52192,8.85828,33128.1,5.1,16.8,285.7,-41.4,-1.0,-1.0,RS41,404.900,8.6,150,10,2.6,-1,-1
2025-07-30T00:47:14.004Z,W2120331,7997,45.52196,8.85806,33133.8,6.4,17.7,282.2,-41.4,-1.0,-1.0,RS41,404.900,8.8,150,10,2.5,-1,-1
2025-07-30T00:47:15.004Z,W2120331,7998,45.52198,8.85783,33140.5,7.0,18.7,275.8,-41.4,-1.0,-1.0,RS41,404.900,8.8,150,10,2.6,-1,-1
2025-07-30T00:47:16.004Z,W2120331,7999,45.52199,8.85759,33147.0,5.8,19.8,270.4,-41.3,-1.0,-1.0,RS41,404.900,9.0,150,10,2.6,-1,-1
2025-07-30T00:47:17.004Z,W2120331,8000,45.52199,8.85733,33152.4,5.0,20.7,266.0,-41.3,-1.0,-1.0,RS41,404.900,9.2,150,10,2.6,-1,-1
2025-07-30T00:47:18.004Z,W2120331,8001,45.52197,8.85707,33157.8,5.6,21.3,263.7,-41.3,0.8,-1.0,RS41,404.900,9.2,150,10,2.6,-1,-1
2025-07-30T00:47:19.004Z,W2120331,8002,45.52195,8.85680,33164.1,6.9,21.2,265.2,-41.3,0.8,-1.0,RS41,404.900,9.8,150,10,2.6,-1,-1
2025-07-30T00:47:20.004Z,W2120331,8003,45.52194,8.85653,33171.0,6.8,20.5,267.9,-41.3,0.8,-1.0,RS41,404.900,9.8,150,10,2.6,-1,-1
2025-07-30T00:47:21.004Z,W2120331,8004,45.52194,8.85627,33177.1,5.3,19.9,271.6,-41.3,0.8,-1.0,RS41,404.900,10.0,150,10,2.6,-1,-1
2025-07-30T00:47:22.004Z,W2120331,8005,45.52195,8.85603,33182.2,5.0,19.3,275.4,-41.3,0.8,-1.0,RS41,404.900,10.0,150,10,2.6,-1,-1
2025-07-30T00:47:23.004Z,W2120331,8006,45.52197,8.85579,33187.6,5.8,18.7,277.7,-41.3,0.8,-1.0,RS41,404.900,9.8,150,10,2.6,-1,-1
2025-07-30T00:47:24.004Z,W2120331,8007,45.52199,8.85555,33193.9,6.7,18.3,278.0,-41.3,0.8,-1.0,RS41,404.900,8.8,150,10,2.6,-1,-1
2025-07-30T00:47:25.004Z,W2120331,8008,45.52201,8.85532,33200.2,5.9,18.0,277.6,-41.2,0.8,-1.0,RS41,404.900,8.8,150,10,2.6,-1,-1
2025-07-30T00:47:26.004Z,W2120331,8009,45.52204,8.85510,33206.1,5.9,17.8,277.8,-41.2,0.8,-1.0,RS41,404.900,9.1,150,10,2.6,-1,-1
2025-07-30T00:47:27.004Z,W2120331,8010,45.52206,8.85487,33212.1,6.1,17.8,279.5,-41.2,0.8,-1.0,RS41,404.900,9.5,150,10,2.6,-1,-1
2025-07-30T00:47:29.004Z,W2120331,8012,45.52213,8.85443,33224.8,6.2,18.1,283.8,-41.1,0.8,-1.0,RS41,404.900,8.9,150,10,2.5,-1,-1
2025-07-30T00:47:30.004Z,W2120331,8013,45.52217,8.85420,33230.5,5.2,18.4,284.8,-41.1,0.8,-1.0,RS41,404.900,10.0,150,10,2.6,-1,-1
2025-07-30T00:47:31.004Z,W2120331,8014,45.52221,8.85397,33236.0,5.7,18.9,282.7,-41.1,0.8,-1.0,RS41,404.900,10.0,150,10,2.6,-1,-1
2025-07-30T00:47:32.004Z,W2120331,8015,45.52224,8.85373,33241.9,6.2,19.6,278.6,-41.1,0.8,-1.0,RS41,404.900,9.5,150,10,2.6,-1,-1
2025-07-30T00:47:33.004Z,W2120331,8016,45.52226,8.85348,33248.2,6.4,20.3,273.5,-41.1,0.8,-1.0,RS41,404.900,9.4,150,10,2.6,-1,-1
2025-07-30T00:47:34.004Z,W2120331,8017,45.52226,8.85322,33254.2,5.4,20.8,269.5,-41.1,0.8,-1.0,RS41,404.900,9.4,150,10,2.6,-1,-1
2025-07-30T00:47:35.004Z,W2120331,8018,45.52226,8.85295,33259.5,5.2,20.8,267.6,-41.1,0.8,-1.0,RS41,404.900,9.2,150,10,2.6,-1,-1
2025-07-30T00:47:36.004Z,W2120331,8019,45.52225,8.85269,33265.1,6.0,20.0,268.1,-41.1,0.8,-1.0,RS41,404.900,9.4,150,10,2.6,-1,-1
2025-07-30T00:47:37.004Z,W2120331,8020,45.52225,8.85245,33271.2,6.4,18.5,271.8,-41.1,0.7,-1.0,RS41,404.900,9.4,150,10,2.6,-1,-1
2025-07-30T00:47:38.004Z,W2120331,8021,45.52226,8.85222,33277.6,6.2,17.0,276.9,-41.1,0.8,-1.0,RS41,404.900,9.3,150,10,2.6,-1,-1
2025-07-30T00:47:39.004Z,W2120331,8022,45.52228,8.85202,33283.1,4.8,15.8,282.2,-41.2,0.8,-1.0,RS41,404.900,8.4,150,10,2.6,-1,-1
2025-07-30T00:47:40.004Z,W2120331,8023,45.52232,8.85183,33287.7,4.4,15.1,286.2,-41.1,0.7,-1.0,RS41,404.900,9.4,150,10,2.6,-1,-1
2025-07-30T00:47:41.004Z,W2120331,8024,45.52236,8.85164,33292.7,5.5,14.8,286.0,-41.1,0.8,-1.0,RS41,404.900,9.4,150,10,2.6,-1,-1
2025-07-30T00:47:42.004Z,W2120331,8025,45.52239,8.85146,33298.7,6.7,15.1,280.8,-41.0,0.7,-1.0,RS41,404.900,8.8,150,10,2.6,-1,-1
2025-07-30T00:47:43.004Z,W2120331,8026,45.52240,8.85126,33305.4,6.6,16.1,274.2,-41.0,0.7,-1.0,RS41,404.900,8.3,150,10,2.6,-1,-1
2025-07-30T00:47:44.004Z,W2120331,8027,45.52241,8.85105,33311.2,5.1,17.5,269.5,-41.0,0.8,-1.0,RS41,404.900,8.3,150,10,2.6,-1,-1
2025-07-30T00:47:47.004Z,W2120331,8030,45.52238,8.85032,33326.5,6.1,20.2,266.4,-40.8,0.7,-1.0,RS41,404.900,8.3,150,10,2.6,-1,-1
2025-07-30T00:47:48.004Z,W2120331,8031,45.52237,8.85006,33332.9,6.5,20.0,268.7,-40.8,0.7,-1.0,RS41,404.900,8.7,150,10,2.6,-1,-1
2025-07-30T00:47:49.004Z,W2120331,8032,45.52237,8.84981,33339.1,5.6,19.4,270.8,-40.7,0.7,-1.0,RS41,404.900,8.8,150,10,2.5,-1,-1
2025-07-30T00:47:50.004Z,W2120331,8033,45.52237,8.84957,33344.4,5.0,18.6,271.2,-40.7,0.7,-1.0,RS41,404.900,9.5,150,10,2.6,-1,-1
2025-07-30T00:47:51.004Z,W2120331,8034,45.52237,8.84934,33349.4,5.1,17.8,269.9,-40.6,0.7,-1.0,RS41,404.900,9.5,150,10,2.6,-1,-1
2025-07-30T00:47:52.004Z,W2120331,8035,45.52237,8.84911,33354.7,5.5,17.0,266.3,-40.5,0.7,-1.0,RS41,404.900,9.0,150,10,2.6,-1,-1
2025-07-30T00:47:54.004Z,W2120331,8037,45.52233,8.84869,33366.4,5.9,16.7,258.7,-40.3,0.7,-1.0,RS41,404.900,8.4,150,10,2.5,-1,-1
2025-07-30T00:47:55.004Z,W2120331,8038,45.52230,8.84848,33372.0,5.2,16.6,257.6,-40.2,0.7,-1.0,RS41,404.900,8.8,150,10,2.6,-1,-1
2025-07-30T00:47:56.004Z,W2120331,8039,45.52227,8.84828,33377.1,5.4,16.4,260.0,-40.2,0.7,-1.0,RS41,404.900,8.9,150,10,2.6,-1,-1
2025-07-30T00:47:57.004Z,W2120331,8040,45.52225,8.84807,33382.8,5.9,16.1,266.1,-40.1,0.7,-1.0,RS41,404.900,8.9,150,10,2.6,-1,-1
2025-07-30T00:47:58.004Z,W2120331,8041,45.52225,8.84787,33388.8,6.2,16.1,275.2,-40.0,0.7,-1.0,RS41-SG,404.900,8.9,150,10,2.6,-1,-1
2025-07-30T00:47:59.004Z,W2120331,8042,45.52227,8.84766,33394.8,5.8,16.7,283.2,-39.9,0.7,-1.0,RS41-SG,404.900,8.3,150,10,2.6,-1,-1
2025-07-30T00:48:00.004Z,W2120331,8043,45.52231,8.84745,33400.0,4.6,17.5,288.4,-39.8,0.7,-1.0,RS41-SG,404.900,8.8,150,10,2.6,-1,-1
2025-07-30T00:48:01.004Z,W2120331,8044,45.52237,8.84724,33404.6,4.6,18.4,290.3,-39.7,0.7,-1.0,RS41-SG,404.900,10.0,150,10,2.6,-1,-1
2025-07-30T00:48:02.004Z,W2120331,8045,45.52242,8.84701,33409.7,5.6,19.0,287.3,-39.7,0.7,-1.0,RS41-SG,404.900,10.0,150,10,2.6,-1,-1
2025-07-30T00:48:03.004Z,W2120331,8046,45.52246,8.84678,33415.8,6.4,19.4,281.5,-39.6,0.7,-1.0,RS41-SG,404.900,9.5,150,10,2.6,-1,-1
2025-07-30T00:48:04.004Z,W2120331,8047,45.52249,8.84653,33422.1,5.9,19.7,274.4,-39.5,0.7,-1.0,RS41-SG,404.900,8.4,150,10,2.5,-1,-1
2025-07-30T00:48:05.004Z,W2120331,8048,45.52249,8.84628,33427.4,4.7,19.8,269.2,-39.5,0.7,-1.0,RS41-SG,404.900,8.6,150,10,2.6,-1,-1
2025-07-30T00:48:06.004Z,W2120331,8049,45.52249,8.84603,33432.4,5.0,19.6,265.1,-39.4,0.7,-1.0,RS41-SG,404.900,8.6,150,10,2.6,-1,-1
2025-07-30T00:48:07.004Z,W2120331,8050,45.52247,8.84579,33437.8,5.8,18.8,264.6,-39.4,0.7,-1.0,RS41-SG,404.900,8.6,150,10,2.6,-1,-1
2025-07-30T00:48:11.004Z,W2120331,8054,45.52253,8.84497,33461.9,4.5,14.9,292.6,-39.3,0.7,-1.0,RS41-SG,404.900,8.4,150,10,2.6,-1,-1
2025-07-30T00:48:12.004Z,W2120331,8055,45.52259,8.84480,33466.2,4.0,15.3,298.0,-39.3,0.7,-1.0,RS41-SG,404.900,8.7,150,10,2.6,-1,-1
2025-07-30T00:48:13.004Z,W2120331,8056,45.52265,8.84462,33470.8,5.1,15.9,298.2,-39.3,0.7,-1.0,RS41-SG,404.900,8.7,150,10,2.6,-1,-1
2025-07-30T00:48:14.004Z,W2120331,8057,45.52272,8.84444,33476.7,6.7,16.6,293.4,-39.3,0.7,-1.0,RS41-SG,404.900,9.7,150,10,2.5,-1,-1
2025-07-30T00:48:15.004Z,W2120331,8058,45.52277,8.84424,33482.9,5.8,17.1,287.3,-39.4,0.7,-1.0,RS41-SG,404.900,9.7,150,10,2.6,-1,-1
2025-07-30T00:48:18.004Z,W2120331,8061,45.52285,8.84358,33498.8,6.0,17.5,276.0,-39.4,0.7,-1.0,RS41-SG,404.900,8.9,150,10,2.6,-1,-1
2025-07-30T00:48:19.004Z,W2120331,8062,45.52287,8.84336,33505.2,6.7,16.7,277.5,-39.4,0.7,-1.0,RS41-SG,404.900,7.8,150,10,2.5,-1,-1
2025-07-30T00:48:20.004Z,W2120331,8063,45.52289,8.84316,33511.7,6.3,15.6,280.8,-39.4,0.7,-1.0,RS41-SG,404.900,7.8,150,10,2.6,-1,-1
2025-07-30T00:48:21.004Z,W2120331,8064,45.52292,8.84297,33517.3,5.0,14.6,284.5,-39.5,0.7,-1.0,RS41-SG,404.900,8.0,150,10,2.6,-1,-1
2025-07-30T00:48:22.004Z,W2120331,8065,45.52296,8.84280,33522.1,4.5,13.7,288.1,-39.5,0.7,-1.0,RS41-SG,404.900,8.2,150,10,2.6,-1,-1
2025-07-30T00:48:23.004Z,W2120331,8066,45.52300,8.84264,33526.8,4.8,13.0,290.0,-39.5,0.7,-1.0,RS41-SG,404.900,8.2,150,10,2.6,-1,-1
2025-07-30T00:48:24.004Z,W2120331,8067,45.52303,8.84249,33532.1,5.8,12.5,289.2,-39.5,0.7,-1.0,RS41-SG,404.900,8.6,150,10,2.6,-1,-1
2025-07-30T00:48:29.004Z,W2120331,8072,45.52323,8.84165,33561.4,6.0,16.6,295.4,-39.5,0.7,-1.0,RS41-SG,404.900,9.2,150,10,2.5,-1,-1
2025-07-30T00:48:30.004Z,W2120331,8073,45.52330,8.84146,33566.6,4.4,17.5,298.8,-39.5,0.7,-1.0,RS41-SG,404.900,9.2,150,10,2.6,-1,-1
2025-07-30T00:48:31.004Z,W2120331,8074,45.52338,8.84126,33571.2,4.7,17.9,300.1,-39.5,0.7,-1.0,RS41-SG,404.900,9.2,150,10,2.6,-1,-1
2025-07-30T00:48:32.004Z,W2120331,8075,45.52345,8.84106,33576.6,6.1,17.6,298.5,-39.6,0.7,-1.0,RS41-SG,404.900,9.2,150,10,2.6,-1,-1
2025-07-30T00:48:33.004Z,W2120331,8076,45.52352,8.84087,33583.1,6.9,16.6,293.7,-39.6,0.7,-1.0,RS41-SG,404.900,8.7,150,10,2.6,-1,-1
2025-07-30T00:48:34.004Z,W2120331,8077,45.52357,8.84068,33589.8,6.4,15.4,287.0,-39.6,0.7,-1.0,RS41-SG,404.900,8.6,150,10,2.6,-1,-1
2025-07-30T00:48:35.004Z,W2120331,8078,45.52360,8.84049,33595.3,4.6,14.4,281.1,-39.6,0.7,-1.0,RS41-SG,404.900,8.3,150,10,2.6,-1,-1
2025-07-30T00:48:36.004Z,W2120331,8079,45.52362,8.84032,33599.7,4.3,13.4,275.8,-39.6,0.7,-1.0,RS41-SG,404.900,9.4,150,10,2.6,-1,-1
2025-07-30T00:48:37.004Z,W2120331,8080,45.52363,8.84015,33604.5,5.3,12.5,273.7,-39.6,0.7,-1.0,RS41-SG,404.900,10.6,150,10,2.6,-1,-1
2025-07-30T00:48:38.004Z,W2120331,8081,45.52364,8.84000,33610.2,6.1,11.9,275.2,-39.7,0.7,-1.0,RS41-SG,404.900,10.6,150,9,2.6,-1,-1
2025-07-30T00:48:39.004Z,W2120331,8082,45.52365,8.83985,33615.9,5.4,11.7,278.5,-39.7,0.7,-1.0,RS41-SG,404.900,7.7,150,9,2.5,-1,-1
2025-07-30T00:48:40.004Z,W2120331,8083,45.52367,8.83970,33621.1,5.0,12.1,281.9,-39.6,0.7,-1.0,RS41-SG,404.900,8.2,150,10,2.6,-1,-1
2025-07-30T00:48:41.004Z,W2120331,8084,45.52369,8.83954,33626.3,5.4,12.9,281.5,-39.6,0.7,-1.0,RS41-SG,404.900,9.2,150,10,2.6,-1,-1
2025-07-30T00:48:42.004Z,W2120331,8085,45.52372,8.83937,33631.9,5.8,13.9,278.8,-39.5,0.7,-1.0,RS41-SG,404.900,9.2,150,10,2.6,-1,-1
2025-07-30T00:48:43.004Z,W2120331,8086,45.52373,8.83919,33637.9,6.1,15.0,274.0,-39.5,0.7,-1.0,RS41-SG,404.900,9.1,150,10,2.6,-1,-1
2025-07-30T00:48:44.004Z,W2120331,8087,45.52374,8.83899,33643.9,6.0,16.1,270.1,-39.4,0.7,-1.0,RS41-SG,404.900,8.5,150,10,2.6,-1,-1
2025-07-30T00:48:45.004Z,W2120331,8088,45.52373,8.83878,33649.3,4.8,17.0,268.0,-39.3,0.7,-1.0,RS41-SG,404.900,8.5,150,10,2.6,-1,-1
2025-07-30T00:48:47.004Z,W2120331,8090,45.52372,8.83834,33658.9,5.2,17.3,269.4,-39.2,0.7,-1.0,RS41-SG,404.900,9.2,150,10,2.6,-1,-1
2025-07-30T00:48:48.004Z,W2120331,8091,45.52373,8.83813,33664.5,6.0,16.6,273.3,-39.0,0.7,-1.0,RS41-SG,404.900,9.2,150,10,2.6,-1,-1
2025-07-30T00:48:49.004Z,W2120331,8092,45.52374,8.83792,33670.3,5.8,15.7,277.7,-39.0,0.7,-1.0,RS41-SG,404.900,9.8,150,10,2.6,-1,-1
2025-07-30T00:48:50.004Z,W2120331,8093,45.52376,8.83773,33675.4,4.4,15.0,280.5,-38.9,0.7,-1.0,RS41-SG,404.900,9.8,150,10,2.6,-1,-1
2025-07-30T00:48:51.004Z,W2120331,8094,45.52379,8.83755,33679.8,4.7,14.4,280.0,-38.8,0.6,-1.0,RS41-SG,404.900,8.8,150,10,2.6,-1,-1
2025-07-30T00:48:52.004Z,W2120331,8095,45.52380,8.83737,33684.8,5.4,13.9,274.6,-38.7,0.7,-1.0,RS41-SG,404.900,8.7,150,10,2.6,-1,-1
2025-07-30T00:48:53.004Z,W2120331,8096,45.52380,8.83719,33690.5,5.9,14.2,265.5,-38.7,0.7,-1.0,RS41-SG,404.900,8.9,150,10,2.6,-1,-1
2025-07-30T00:48:55.004Z,W2120331,8098,45.52375,8.83682,33701.0,4.2,16.1,252.3,-38.6,0.6,-1.0,RS41-SG,404.900,9.1,150,10,2.6,-1,-1
2025-07-30T00:48:58.004Z,W2120331,8101,45.52360,8.83619,33715.5,6.2,17.6,255.0,-38.5,0.6,-1.0,RS41-SG,404.900,7.3,150,10,2.6,-1,-1
2025-07-30T00:48:59.004Z,W2120331,8102,45.52357,8.83598,33721.3,5.2,17.4,259.5,-38.4,0.6,-1.0,RS41-SG,404.900,8.1,150,10,2.6,-1,-1
2025-07-30T00:49:01.004Z,W2120331,8104,45.52353,8.83554,33730.7,5.0,17.7,266.5,-38.3,0.7,-1.0,RS41-SG,404.900,8.6,150,10,2.6,-1,-1
2025-07-30T00:49:03.004Z,W2120331,8106,45.52351,8.83507,33741.9,5.6,19.0,263.8,-38.2,0.6,-1.0,RS41-SG,404.900,7.8,150,10,2.6,-1,-1
2025-07-30T00:49:05.004Z,W2120331,8108,45.52346,8.83458,33751.7,4.6,19.5,259.8,-38.1,0.6,-1.0,RS41-SG,404.900,8.2,150,10,2.6,-1,-1
2025-07-30T00:49:06.004Z,W2120331,8109,45.52343,8.83434,33756.6,5.3,19.0,259.6,-38.0,0.7,-1.0,RS41-SG,404.900,8.2,150,10,2.6,-1,-1
2025-07-30T00:49:07.004Z,W2120331,8110,45.52340,8.83411,33762.3,5.9,18.1,260.1,-38.0,0.6,-1.0,RS41-SG,404.900,8.2,150,10,2.6,-1,-1
2025-07-30T00:49:08.004Z,W2120331,8111,45.52338,8.83389,33767.9,5.4,17.3,261.5,-37.9,0.6,-1.0,RS41-SG,404.900,8.0,150,10,2.6,-1,-1
2025-07-30T00:49:09.004Z,W2120331,8112,45.52335,8.83367,33772.8,4.6,16.8,262.7,-37.8,0.6,-1.0,RS41-SG,404.900,7.6,150,10,2.5,-1,-1
2025-07-30T00:49:10.004Z,W2120331,8113,45.52334,8.83346,33777.4,4.6,16.8,262.8,-37.7,0.6,-1.0,RS41-SG,404.900,7.7,150,10,2.6,-1,-1
2025-07-30T00:49:20.004Z,W2120331,8123,45.52314,8.83111,33826.9,4.3,17.3,284.9,-37.2,0.6,-1.0,RS41-SG,404.900,8.2,150,10,2.6,-1,-1
2025-07-30T00:49:21.004Z,W2120331,8124,45.52318,8.83090,33831.4,4.6,17.5,285.9,-37.2,0.6,-1.0,RS41-SG,404.900,8.3,150,10,2.6,-1,-1
2025-07-30T00:50:02.004Z,W2120331,8165,45.52222,8.82066,34037.5,4.1,19.5,259.3,-36.4,0.6,-1.0,RS41-SG,404.900,7.6,150,10,2.6,-1,-1
2025-07-30T00:50:14.004Z,W2120331,8177,45.52182,8.81805,34096.3,5.0,18.4,255.1,-36.0,0.6,-1.0,RS41-SG,404.900,7.6,150,10,2.5,-1,-1
2025-07-30T00:50:22.004Z,W2120331,8185,45.52139,8.81628,34138.1,4.5,13.0,263.6,-35.8,0.6,-1.0,RS41-SG,404.900,7.9,150,10,2.6,-1,-1
2025-07-30T00:50:23.004Z,W2120331,8186,45.52138,8.81612,34142.6,4.5,12.5,273.9,-35.8,0.6,-1.0,RS41-SG,404.900,8.9,150,10,2.6,-1,-1
2025-07-30T00:50:25.004Z,W2120331,8188,45.52142,8.81578,34152.8,5.6,15.1,280.5,-35.9,0.6,-1.0,RS41-SG,404.900,7.6,150,10,2.6,-1,-1
2025-07-30T00:50:26.004Z,W2120331,8189,45.52144,8.81557,34158.6,5.9,17.3,275.6,-35.8,0.6,-1.0,RS41-SG,404.900,8.3,150,10,2.6,-1,-1
2025-07-30T00:50:27.004Z,W2120331,8190,45.52145,8.81534,34164.5,5.6,19.6,269.2,-35.7,0.6,-1.0,RS41-SG,404.900,8.5,150,10,2.6,-1,-1
2025-07-30T00:50:28.004Z,W2120331,8191,45.52143,8.81508,34169.7,4.8,21.8,261.6,-35.6,0.6,-1.0,RS41-SG,404.900,8.5,150,10,2.6,-1,-1
2025-07-30T00:50:38.004Z,W2120331,8201,45.52082,8.81305,34220.3,5.0,15.0,280.4,-34.7,0.5,-1.0,RS41-SG,404.900,7.7,150,10,2.5,-1,-1
2025-07-30T00:50:39.004Z,W2120331,8202,45.52084,8.81284,34225.6,5.6,19.0,278.7,-34.7,0.6,-1.0,RS41-SG,404.900,8.2,150,10,2.5,-1,-1
2025-07-30T00:50:40.004Z,W2120331,8203,45.52086,8.81258,34231.2,5.6,22.4,273.4,-34.6,0.6,-1.0,RS41-SG,404.900,8.6,150,10,2.6,-1,-1
2025-07-30T00:50:41.004Z,W2120331,8204,45.52086,8.81228,34236.6,5.0,24.6,266.7,-34.6,0.5,-1.0,RS41-SG,404.900,8.6,150,10,2.6,-1,-1
2025-07-30T00:50:42.004Z,W2120331,8205,45.52083,8.81196,34241.6,5.1,25.6,259.2,-34.5,0.5,-1.0,RS41-SG,404.900,8.6,150,10,2.6,-1,-1
2025-07-30T00:50:44.004Z,W2120331,8207,45.52069,8.81137,34252.2,5.8,23.3,243.1,-34.5,0.6,-1.0,RS41-SG,404.900,7.5,150,10,2.5,-1,-1
2025-07-30T00:50:48.004Z,W2120331,8211,45.52029,8.81065,34271.3,4.3,13.1,226.1,-34.4,0.5,-1.0,RS41-SG,404.900,8.6,150,10,2.5,-1,-1
2025-07-30T00:50:53.004Z,W2120331,8216,45.52005,8.80971,34300.1,3.6,22.2,260.7,-34.3,0.5,-1.0,RS41-SG,404.900,8.7,150,10,2.5,-1,-1
2025-07-30T00:50:54.004Z,W2120331,8217,45.52002,8.80942,34304.0,4.1,24.3,261.7,-34.3,0.6,-1.0,RS41-SG,404.900,8.7,150,10,2.5,-1,-1
2025-07-30T00:50:55.004Z,W2120331,8218,45.51999,8.80911,34308.9,5.8,25.1,262.1,-34.3,0.5,-1.0,RS41-SG,404.900,9.7,150,10,2.6,-1,-1
2025-07-30T00:50:56.004Z,W2120331,8219,45.51995,8.80880,34315.1,6.6,24.5,260.4,-34.3,0.6,-1.0,RS41-SG,404.900,10.2,150,10,2.6,-1,-1
2025-07-30T00:50:57.004Z,W2120331,8220,45.51991,8.80850,34321.6,6.2,23.2,257.6,-34.3,0.5,-1.0,RS41-SG,404.900,10.2,150,10,2.6,-1,-1
2025-07-30T00:50:58.004Z,W2120331,8221,45.51986,8.80822,34327.4,5.5,21.9,253.1,-34.2,0.5,-1.0,RS41-SG,404.900,9.7,150,10,2.5,-1,-1
2025-07-30T00:50:59.004Z,W2120331,8222,45.51980,8.80797,34332.6,5.0,20.9,247.6,-34.2,0.6,-1.0,RS41-SG,404.900,10.1,150,10,2.5,-1,-1
2025-07-30T00:51:00.004Z,W2120331,8223,45.51972,8.80773,34337.6,4.9,20.5,242.1,-34.2,0.5,-1.0,RS41-SG,404.900,10.1,150,10,2.6,-1,-1
2025-07-30T00:51:01.004Z,W2120331,8224,45.51963,8.80750,34342.7,5.3,20.6,237.9,-34.1,0.6,-1.0,RS41-SG,404.900,9.1,150,10,2.6,-1,-1
2025-07-30T00:51:02.004Z,W2120331,8225,45.51953,8.80728,34348.4,6.1,20.6,236.9,-34.1,0.5,-1.0,RS41-SG,404.900,9.1,150,10,2.6,-1,-1
2025-07-30T00:51:06.004Z,W2120331,8229,45.51924,8.80633,34373.3,5.3,20.6,262.5,-34.1,0.6,-1.0,RS41-SG,404.900,8.0,150,10,2.5,-1,-1
2025-07-30T00:51:07.004Z,W2120331,8230,45.51923,8.80607,34378.3,4.6,20.9,271.0,-34.1,0.5,-1.0,RS41-SG,404.900,8.8,150,10,2.6,-1,-1
2025-07-30T00:51:08.004Z,W2120331,8231,45.51924,8.80580,34383.0,4.8,21.3,276.8,-34.1,0.5,-1.0,RS41-SG,404.900,9.3,150,10,2.6,-1,-1
2025-07-30T00:51:09.004Z,W2120331,8232,45.51927,8.80553,34388.1,5.5,21.3,279.1,-34.0,0.5,-1.0,RS41-SG,404.900,9.3,150,10,2.6,-1,-1
2025-07-30T00:51:10.004Z,W2120331,8233,45.51929,8.80526,34394.1,6.5,20.9,275.9,-34.0,0.5,-1.0,RS41-SG,404.900,9.4,150,10,2.5,-1,-1
2025-07-30T00:51:11.004Z,W2120331,8234,45.51930,8.80500,34400.7,6.7,20.5,268.8,-34.0,0.5,-1.0,RS41-SG,404.900,9.9,150,10,2.6,-1,-1
2025-07-30T00:51:12.004Z,W2120331,8235,45.51928,8.80474,34407.1,6.0,20.6,258.8,-34.0,0.6,-1.0,RS41-SG,404.900,9.9,150,10,2.6,-1,-1
2025-07-30T00:51:13.004Z,W2120331,8236,45.51923,8.80448,34412.4,4.8,21.6,249.6,-34.0,0.5,-1.0,RS41-SG,404.900,9.8,150,10,2.6,-1,-1
2025-07-30T00:51:14.004Z,W2120331,8237,45.51915,8.80422,34416.7,3.8,23.2,243.1,-34.0,0.6,-1.0,RS41-SG,404.900,9.6,150,10,2.6,-1,-1
2025-07-30T00:51:15.004Z,W2120331,8238,45.51905,8.80396,34420.7,4.2,24.7,240.5,-34.1,0.5,-1.0,RS41-SG,404.900,8.7,150,10,2.5,-1,-1
2025-07-30T00:51:19.004Z,W2120331,8242,45.51875,8.80279,34446.0,5.6,23.6,266.5,-34.1,0.6,-1.0,RS41-SG,404.900,8.7,150,10,2.6,-1,-1
2025-07-30T00:51:20.004Z,W2120331,8243,45.51875,8.80249,34450.4,3.5,23.3,273.8,-34.1,0.6,-1.0,RS41-SG,404.900,10.0,150,10,2.6,-1,-1
2025-07-30T00:51:21.004Z,W2120331,8244,45.51878,8.80220,34454.1,3.7,22.8,280.3,-34.1,0.6,-1.0,RS41-SG,404.900,10.0,150,10,2.5,-1,-1
2025-07-30T00:51:22.004Z,W2120331,8245,45.51882,8.80192,34458.7,5.6,21.8,282.9,-34.0,0.6,-1.0,RS41-SG,404.900,9.9,150,10,2.6,-1,-1
2025-07-30T00:51:24.004Z,W2120331,8247,45.51887,8.80142,34472.8,7.4,18.7,271.3,-34.0,0.5,-1.0,RS41-SG,404.900,9.5,150,10,2.6,-1,-1
2025-07-30T00:51:25.004Z,W2120331,8248,45.51886,8.80118,34479.2,5.4,18.5,262.4,-34.0,0.6,-1.0,RS41-SG,404.900,9.5,150,10,2.5,-1,-1
2025-07-30T00:51:27.004Z,W2120331,8250,45.51877,8.80071,34488.5,4.9,20.7,247.2,-34.0,0.5,-1.0,RS41-SG,404.900,10.1,150,10,2.6,-1,-1
2025-07-30T00:51:28.004Z,W2120331,8251,45.51869,8.80046,34494.0,6.1,22.3,245.2,-34.0,0.6,-1.0,RS41-SG,404.900,8.3,150,10,2.6,-1,-1
2025-07-30T00:51:30.004Z,W2120331,8253,45.51852,8.79991,34505.7,5.4,24.2,248.4,-34.0,0.6,-1.0,RS41-SG,404.900,8.8,150,10,2.6,-1,-1
2025-07-30T00:51:31.004Z,W2120331,8254,45.51845,8.79962,34511.2,5.6,24.8,251.0,-33.9,0.6,-1.0,RS41-SG,404.900,9.2,150,10,2.6,-1,-1
2025-07-30T00:51:32.004Z,W2120331,8255,45.51838,8.79932,34517.1,6.2,24.9,253.7,-33.9,0.6,-1.0,RS41-SG,404.900,9.2,150,10,2.6,-1,-1
2025-07-30T00:51:33.004Z,W2120331,8256,45.51832,8.79902,34523.6,6.8,24.6,255.9,-33.9,0.6,-1.0,RS41-SG,404.900,8.8,150,10,2.5,-1,-1
2025-07-30T00:51:34.004Z,W2120331,8257,45.51827,8.79872,34530.1,6.2,23.8,257.5,-33.9,0.6,-1.0,RS41-SG,404.900,8.8,150,10,2.6,-1,-1
2025-07-30T00:51:36.004Z,W2120331,8259,45.51820,8.79815,34541.4,5.2,21.6,263.1,-33.9,0.5,-1.0,RS41-SG,404.900,9.0,150,10,2.6,-1,-1
2025-07-30T00:51:37.004Z,W2120331,8260,45.51818,8.79788,34546.8,5.6,20.4,266.3,-33.9,0.6,-1.0,RS41-SG,404.900,9.0,150,10,2.6,-1,-1
2025-07-30T00:51:38.004Z,W2120331,8261,45.51817,8.79763,34552.7,6.2,19.5,268.9,-33.9,0.5,-1.0,RS41-SG,404.900,8.7,150,10,2.5,-1,-1
2025-07-30T00:51:39.004Z,W2120331,8262,45.51817,8.79738,34558.9,6.2,18.9,268.8,-34.0,0.6,-1.0,RS41-SG,404.900,9.4,150,10,2.6,-1,-1
2025-07-30T00:51:40.004Z,W2120331,8263,45.51816,8.79714,34565.1,6.2,18.7,265.4,-33.9,0.6,-1.0,RS41-SG,404.900,9.4,150,10,2.6,-1,-1
2025-07-30T00:51:41.004Z,W2120331,8264,45.51814,8.79691,34571.4,6.4,18.9,258.6,-33.9,0.5,-1.0,RS41-SG,404.900,10.1,150,10,2.6,-1,-1
2025-07-30T00:51:42.004Z,W2120331,8265,45.51809,8.79667,34577.6,6.0,19.8,250.8,-33.9,0.5,-1.0,RS41-SG,404.900,10.1,150,10,2.6,-1,-1
2025-07-30T00:51:43.004Z,W2120331,8266,45.51802,8.79643,34583.3,5.4,21.3,243.2,-33.8,0.5,-1.0,RS41-SG,404.900,9.2,150,10,2.5,-1,-1
2025-07-30T00:51:44.004Z,W2120331,8267,45.51792,8.79619,34588.6,5.1,23.1,237.7,-33.8,0.6,-1.0,RS41-SG,404.900,9.6,150,10,2.6,-1,-1
2025-07-30T00:51:45.004Z,W2120331,8268,45.51780,8.79593,34594.0,5.7,24.5,235.7,-33.7,0.5,-1.0,RS41-SG,404.900,9.6,150,10,2.6,-1,-1
2025-07-30T00:51:47.004Z,W2120331,8270,45.51757,8.79540,34606.5,6.8,24.8,241.9,-33.7,0.5,-1.0,RS41-SG,404.900,8.6,150,10,2.6,-1,-1
2025-07-30T00:51:48.004Z,W2120331,8271,45.51748,8.79511,34613.3,6.6,24.2,249.2,-33.6,0.5,-1.0,RS41-SG,404.900,8.6,150,10,2.5,-1,-1
2025-07-30T00:51:49.004Z,W2120331,8272,45.51742,8.79482,34619.5,5.9,23.7,258.0,-33.6,0.5,-1.0,RS41-SG,404.900,8.9,150,10,2.6,-1,-1
2025-07-30T00:51:50.004Z,W2120331,8273,45.51739,8.79453,34625.0,5.0,23.4,266.5,-33.6,0.5,-1.0,RS41-SG,404.900,9.8,150,9,2.6,-1,-1
2025-07-30T00:51:51.004Z,W2120331,8274,45.51739,8.79423,34629.5,4.1,23.2,273.0,-33.6,0.5,-1.0,RS41-SG,404.900,9.8,150,9,2.6,-1,-1
2025-07-30T00:51:52.004Z,W2120331,8275,45.51740,8.79394,34634.0,4.9,22.5,276.5,-33.6,0.5,-1.0,RS41-SG,404.900,9.2,150,9,2.6,-1,-1
2025-07-30T00:51:53.004Z,W2120331,8276,45.51742,8.79366,34640.2,7.3,20.9,274.6,-33.6,0.5,-1.0,RS41-SG,404.900,8.3,150,10,2.6,-1,-1
2025-07-30T00:51:55.004Z,W2120331,8278,45.51740,8.79317,34655.3,6.6,18.6,255.9,-33.6,0.5,-1.0,RS41-SG,404.900,9.2,150,10,2.5,-1,-1
2025-07-30T00:51:56.004Z,W2120331,8279,45.51735,8.79295,34660.7,4.2,19.1,246.3,-33.5,0.6,-1.0,RS41-SG,404.900,8.8,150,10,2.6,-1,-1
2025-07-30T00:51:57.004Z,W2120331,8280,45.51726,8.79272,34664.6,3.6,20.6,238.1,-33.5,0.5,-1.0,RS41-SG,404.900,9.2,150,10,2.6,-1,-1
2025-07-30T00:51:58.004Z,W2120331,8281,45.51716,8.79250,34668.9,4.9,22.4,234.3,-33.6,0.5,-1.0,RS41-SG,404.900,9.2,150,10,2.6,-1,-1
2025-07-30T00:51:59.004Z,W2120331,8282,45.51704,8.79226,34674.7,6.8,23.6,235.5,-33.5,0.5,-1.0,RS41-SG,404.900,8.1,150,10,2.6,-1,-1
2025-07-30T00:52:02.004Z,W2120331,8285,45.51674,8.79145,34693.7,5.3,24.0,250.5,-33.5,0.5,-1.0,RS41-SG,404.900,8.5,150,10,2.6,-1,-1
2025-07-30T00:52:03.004Z,W2120331,8286,45.51668,8.79116,34699.1,5.5,23.5,256.0,-33.5,0.5,-1.0,RS41-SG,404.900,9.3,150,10,2.6,-1,-1
2025-07-30T00:52:04.004Z,W2120331,8287,45.51664,8.79087,34704.9,6.3,22.5,260.1,-33.5,0.5,-1.0,RS41-SG,404.900,9.7,150,10,2.6,-1,-1
2025-07-30T00:52:05.004Z,W2120331,8288,45.51661,8.79060,34711.1,6.0,21.3,262.9,-33.5,0.5,-1.0,RS41-SG,404.900,9.7,150,10,2.5,-1,-1
2025-07-30T00:52:06.004Z,W2120331,8289,45.51659,8.79033,34716.5,5.0,20.3,263.9,-33.5,0.5,-1.0,RS41-SG,404.900,8.8,150,10,2.6,-1,-1
2025-07-30T00:52:07.004Z,W2120331,8290,45.51657,8.79008,34721.6,5.1,19.2,265.1,-33.4,0.5,-1.0,RS41-SG,404.900,9.5,150,10,2.6,-1,-1
2025-07-30T00:52:08.004Z,W2120331,8291,45.51656,8.78984,34727.0,5.9,18.4,265.6,-33.4,0.5,-1.0,RS41-SG,404.900,9.5,150,10,2.6,-1,-1
2025-07-30T00:52:09.004Z,W2120331,8292,45.51654,8.78961,34733.2,6.5,18.0,265.6,-33.4,0.5,-1.0,RS41-SG,404.900,9.2,150,10,2.6,-1,-1
2025-07-30T00:52:10.004Z,W2120331,8293,45.51653,8.78939,34739.6,6.4,18.1,262.9,-33.4,0.5,-1.0,RS41-SG,404.900,9.3,150,10,2.6,-1,-1
2025-07-30T00:52:11.004Z,W2120331,8294,45.51650,8.78916,34745.9,6.1,18.4,259.2,-33.4,0.6,-1.0,RS41-SG,404.900,9.4,150,10,2.6,-1,-1
2025-07-30T00:52:12.004Z,W2120331,8295,45.51646,8.78892,34751.9,5.9,19.1,254.0,-33.4,0.5,-1.0,RS41-SG,404.900,9.4,150,10,2.5,-1,-1
2025-07-30T00:52:13.004Z,W2120331,8296,45.51641,8.78869,34757.7,5.6,20.1,248.7,-33.4,0.5,-1.0,RS41-SG,404.900,9.3,150,10,2.6,-1,-1
2025-07-30T00:52:14.004Z,W2120331,8297,45.51633,8.78845,34763.3,5.7,21.4,243.5,-33.4,0.5,-1.0,RS41-SG,404.900,9.3,150,10,2.6,-1,-1
2025-07-30T00:52:15.004Z,W2120331,8298,45.51624,8.78820,34769.0,5.9,22.4,240.8,-33.5,0.5,-1.0,RS41-SG,404.900,8.4,150,10,2.6,-1,-1
2025-07-30T00:52:16.004Z,W2120331,8299,45.51614,8.78795,34774.9,5.8,22.9,240.5,-33.5,0.5,-1.0,RS41-SG,404.900,9.9,150,10,2.6,-1,-1
2025-07-30T00:52:20.004Z,W2120331,8303,45.51588,8.78689,34799.8,5.2,21.7,265.2,-33.5,0.5,-1.0,RS41-SG,404.900,6.9,150,10,2.6,-1,-1
2025-07-30T00:52:21.004Z,W2120331,8304,45.51587,8.78661,34804.4,4.0,21.6,270.9,-33.5,0.5,-1.0,RS41-SG,404.900,8.5,150,10,2.6,-1,-1
2025-07-30T00:52:22.004Z,W2120331,8305,45.51588,8.78634,34809.0,5.2,21.0,274.0,-33.5,0.5,-1.0,RS41-SG,404.900,9.3,150,10,2.5,-1,-1
2025-07-30T00:52:23.004Z,W2120331,8306,45.51589,8.78608,34814.9,6.6,20.1,271.9,-33.6,0.5,-1.0,RS41-SG,404.900,9.3,150,10,2.6,-1,-1
2025-07-30T00:52:25.004Z,W2120331,8308,45.51585,8.78559,34828.4,6.5,18.8,255.0,-33.6,0.6,-1.0,RS41-SG,404.900,7.6,150,10,2.6,-1,-1
2025-07-30T00:52:29.004Z,W2120331,8312,45.51557,8.78470,34811.9,-21.3,19.3,242.1,-33.6,0.5,-1.0,RS41-SG,404.900,8.6,150,10,2.5,-1,-1
2025-07-30T00:52:30.004Z,W2120331,8313,45.51549,8.78449,34787.1,-28.8,19.5,237.6,-33.5,0.5,-1.0,RS41-SG,404.900,9.5,150,9,2.6,-1,-1
2025-07-30T00:52:31.004Z,W2120331,8314,45.51539,8.78428,34754.8,-36.0,19.5,234.6,-33.3,0.5,-1.0,RS41-SG,404.900,9.5,150,10,2.6,-1,-1
2025-07-30T00:52:32.004Z,W2120331,8315,45.51528,8.78408,34715.5,-42.9,19.7,231.9,-33.1,0.5,-1.0,RS41-SG,404.900,8.7,150,10,2.5,-1,-1
2025-07-30T00:52:33.004Z,W2120331,8316,45.51517,8.78389,34669.4,-49.1,19.6,229.5,-32.9,0.5,-1.0,RS41-SG,404.900,8.4,150,10,2.5,-1,-1
2025-07-30T00:52:34.004Z,W2120331,8317,45.51506,8.78370,34617.3,-55.1,19.7,230.9,-32.7,0.5,-1.0,RS41-SG,404.900,8.3,150,10,2.5,-1,-1
2025-07-30T00:52:35.004Z,W2120331,8318,45.51495,8.78350,34559.4,-60.7,19.9,231.4,-32.6,0.5,-1.0,RS41-SG,404.900,9.3,150,10,2.6,-1,-1
2025-07-30T00:52:36.004Z,W2120331,8319,45.51483,8.78331,34504.0,-49.3,20.7,224.2,-32.8,0.5,-1.0,RS41-SG,404.900,9.3,150,10,2.6,-1,-1
2025-07-30T00:52:44.004Z,W2120331,8327,45.51467,8.78102,34227.1,-31.9,27.0,295.2,-34.0,0.6,-1.0,RS41-SG,404.900,8.7,150,10,2.5,-1,-1
2025-07-30T00:52:45.004Z,W2120331,8328,45.51477,8.78073,34195.5,-30.5,25.3,298.9,-34.2,0.6,-1.0,RS41-SG,404.900,8.5,150,10,2.5,-1,-1
2025-07-30T00:52:46.004Z,W2120331,8329,45.51489,8.78045,34165.7,-29.0,24.6,302.2,-34.5,0.6,-1.0,RS41-SG,404.900,9.7,150,10,2.5,-1,-1
2025-07-30T00:52:47.004Z,W2120331,8330,45.51500,8.78019,34138.3,-26.3,24.4,302.3,-34.9,0.6,-1.0,RS41-SG,404.900,9.7,150,10,2.6,-1,-1
2025-07-30T00:52:48.004Z,W2120331,8331,45.51511,8.77993,34113.5,-24.4,23.5,298.6,-35.2,0.6,-1.0,RS41-SG,404.900,8.9,150,10,2.6,-1,-1
2025-07-30T00:52:49.004Z,W2120331,8332,45.51521,8.77966,34090.0,-22.6,23.9,294.4,-35.4,0.6,-1.0,RS41-SG,404.900,8.6,150,10,2.5,-1,-1
2025-07-30T00:52:50.004Z,W2120331,8333,45.51529,8.77936,34067.8,-21.7,26.5,289.4,-35.6,0.7,-1.0,RS41-SG,404.900,8.6,150,9,2.5,-1,-1
2025-07-30T00:52:51.004Z,W2120331,8334,45.51536,8.77902,34046.5,-21.3,28.9,281.0,-35.7,0.7,-1.0,RS41-SG,404.900,9.5,150,9,2.5,-1,-1
2025-07-30T00:52:52.004Z,W2120331,8335,45.51540,8.77864,34024.6,-22.6,31.3,277.0,-35.9,0.7,-1.0,RS41-SG,404.900,9.5,150,9,2.6,-1,-1
2025-07-30T00:52:53.004Z,W2120331,8336,45.51542,8.77822,34000.6,-25.1,34.9,269.6,-36.0,0.7,-1.0,RS41-SG,404.900,9.7,150,10,2.6,-1,-1
2025-07-30T00:52:54.004Z,W2120331,8337,45.51540,8.77777,33975.6,-25.6,36.3,264.3,-36.0,0.7,-1.0,RS41-SG,404.900,9.7,150,10,2.5,-1,-1
2025-07-30T00:52:55.004Z,W2120331,8338,45.51535,8.77730,33949.3,-27.3,39.0,257.9,-36.0,0.6,-1.0,RS41-SG,404.900,9.1,150,10,2.5,-1,-1
2025-07-30T00:54:21.004Z,W2120331,8424,45.51466,8.75803,31676.0,-25.4,36.4,295.9,-40.4,0.8,-1.0,RS41-SG,404.900,7.7,150,10,2.6,-1,-1
2025-07-30T00:54:22.004Z,W2120331,8425,45.51476,8.75758,31651.6,-25.2,38.2,279.9,-40.4,0.7,-1.0,RS41-SG,404.900,9.2,150,10,2.6,-1,-1
2025-07-30T00:58:02.004Z,W2120331,8645,45.51475,8.71782,27221.6,-16.1,30.0,270.5,-47.4,1.0,-1.0,RS41-SG,404.900,8.7,150,10,2.5,-1,-1
2025-07-30T00:58:11.004Z,W2120331,8654,45.51421,8.71704,27078.4,-16.1,13.9,7.9,-47.7,1.1,-1.0,RS41-SG,404.900,7.4,150,10,2.6,-1,-1
