timestamp,serial,frame,lat,lon,alt,vel_v,vel_h,heading,temp,humidity,pressure,type,freq_mhz,snr,f_error_hz,sats,batt_v,burst_timer,aux_data
2025-12-29T00:20:41.999Z,V2911046,6370,45.50825,8.84369,26237.6,6.5,18.9,89.1,-273.0,-1.0,-1.0,RS41,404.900,7.5,250,10,2.5,-1,-1
2025-12-29T00:20:42.999Z,V2911046,6371,45.50825,8.84392,26243.1,4.7,18.3,88.3,-273.0,-1.0,-1.0,RS41,404.900,7.6,250,10,2.6,-1,-1
2025-12-29T00:20:44.999Z,V2911046,6373,45.50825,8.84438,26254.8,6.8,17.9,92.6,-273.0,-1.0,-1.0,RS41,404.900,6.9,250,10,2.5,-1,-1
2025-12-29T00:21:01.999Z,V2911046,6390,45.50805,8.84858,26346.3,4.3,21.4,91.6,-273.0,-1.0,-1.0,RS41,404.900,7.2,250,10,2.5,-1,-1
2025-12-29T00:21:04.999Z,V2911046,6393,45.50802,8.84939,26362.7,5.2,20.1,94.1,-273.0,-1.0,-1.0,RS41,404.900,7.1,250,10,2.6,-1,-1
2025-12-29T00:21:07.999Z,V2911046,6396,45.50796,8.85011,26377.8,5.7,18.9,98.9,-273.0,-1.0,-1.0,RS41,404.900,7.9,250,10,2.5,-1,-1
2025-12-29T00:21:16.999Z,V2911046,6405,45.50800,8.85237,26429.9,4.8,21.6,91.0,-273.0,-1.0,-1.0,RS41,404.900,7.3,250,10,2.6,-1,-1
2025-12-29T00:21:17.999Z,V2911046,6406,45.50799,8.85265,26434.4,4.3,21.9,96.0,-273.0,-1.0,-1.0,RS41,404.900,7.3,250,10,2.5,-1,-1
2025-12-29T00:21:19.999Z,V2911046,6408,45.50793,8.85319,26445.2,6.0,20.7,102.3,-273.0,-1.0,-1.0,RS41,404.900,7.3,250,10,2.5,-1,-1
2025-12-29T00:21:20.999Z,V2911046,6409,45.50789,8.85344,26450.7,4.9,19.9,103.1,-273.0,-1.0,-1.0,RS41,404.900,7.3,250,10,2.6,-1,-1
2025-12-29T00:22:12.999Z,V2911046,6461,45.50673,8.86604,26750.3,6.5,19.8,102.3,-273.0,-1.0,-1.0,RS41-SG,404.900,8.8,250,10,2.5,-1,-1
2025-12-29T00:22:13.999Z,V2911046,6462,45.50668,8.86628,26756.0,4.4,20.2,106.0,-273.0,-1.0,-1.0,RS41-SG,404.900,8.8,250,10,2.5,-1,-1
2025-12-29T00:22:14.999Z,V2911046,6463,45.50663,8.86653,26760.5,5.0,20.2,110.1,-273.0,-1.0,-1.0,RS41-SG,404.900,7.6,250,10,2.5,-1,-1
2025-12-29T00:22:17.999Z,V2911046,6466,45.50640,8.86721,26777.8,4.9,19.1,117.2,-273.0,-1.0,-1.0,RS41-SG,404.900,7.2,250,10,2.5,-1,-1
2025-12-29T00:22:18.999Z,V2911046,6467,45.50632,8.86743,26783.1,5.9,19.3,116.0,-273.0,-1.0,-1.0,RS41-SG,404.900,8.3,250,10,2.5,-1,-1
2025-12-29T00:22:19.999Z,V2911046,6468,45.50625,8.86766,26789.3,6.6,20.4,113.8,-273.0,-1.0,-1.0,RS41-SG,404.900,8.5,250,9,2.5,-1,-1
2025-12-29T00:22:20.999Z,V2911046,6469,45.50618,8.86790,26794.8,4.9,21.1,110.9,-273.0,-1.0,-1.0,RS41-SG,404.900,8.5,250,10,2.5,-1,-1
2025-12-29T00:22:21.999Z,V2911046,6470,45.50612,8.86815,26800.3,5.9,21.3,108.2,-273.0,-1.0,-1.0,RS41-SG,404.900,8.3,250,10,2.6,-1,-1
2025-12-29T00:22:22.999Z,V2911046,6471,45.50606,8.86841,26806.7,7.0,20.4,107.0,-273.0,-1.0,-1.0,RS41-SG,404.900,8.6,250,10,2.6,-1,-1
2025-12-29T00:22:27.999Z,V2911046,6476,45.50579,8.86952,26835.1,5.8,18.3,112.4,-273.0,-1.0,-1.0,RS41-SG,404.900,9.0,250,10,2.6,-1,-1
2025-12-29T00:22:30.999Z,V2911046,6479,45.50558,8.87015,26852.4,6.0,17.4,117.5,-273.0,-1.0,-1.0,RS41-SG,404.900,8.3,250,10,2.5,-1,-1
2025-12-29T00:22:31.999Z,V2911046,6480,45.50551,8.87034,26857.7,4.9,17.2,117.6,-273.0,-1.0,-1.0,RS41-SG,404.900,8.3,250,10,2.5,-1,-1
2025-12-29T00:22:32.999Z,V2911046,6481,45.50544,8.87054,26863.1,6.1,17.7,116.0,-273.0,-1.0,-1.0,RS41-SG,404.900,7.3,250,10,2.6,-1,-1
2025-12-29T00:22:33.999Z,V2911046,6482,45.50537,8.87076,26869.5,7.1,19.1,112.9,-273.0,-1.0,-1.0,RS41-SG,404.900,8.5,250,10,2.6,-1,-1
2025-12-29T00:22:34.999Z,V2911046,6483,45.50531,8.87099,26875.4,4.6,20.2,110.4,-273.0,-1.0,-1.0,RS41-SG,404.900,9.0,250,10,2.5,-1,-1
2025-12-29T00:22:35.999Z,V2911046,6484,45.50525,8.87124,26880.4,5.0,20.9,107.8,-68.5,-1.0,-1.0,RS41-SG,404.900,9.0,250,10,2.5,-1,-1
2025-12-29T00:22:36.999Z,V2911046,6485,45.50519,8.87149,26886.0,6.3,20.6,106.0,-68.5,-1.0,-1.0,RS41-SG,404.900,8.5,250,10,2.5,-1,-1
2025-12-29T00:22:37.999Z,V2911046,6486,45.50514,8.87174,26892.4,6.6,19.5,104.7,-68.5,-1.0,-1.0,RS41-SG,404.900,8.4,250,10,2.6,-1,-1
2025-12-29T00:22:38.999Z,V2911046,6487,45.50510,8.87197,26898.0,4.9,18.7,104.3,-68.5,-1.0,-1.0,RS41-SG,404.900,8.3,250,10,2.6,-1,-1
2025-12-29T00:22:39.999Z,V2911046,6488,45.50506,8.87220,26903.1,5.6,18.4,104.6,-68.5,-1.0,-1.0,RS41-SG,404.900,9.0,250,10,2.5,-1,-1
2025-12-29T00:22:40.999Z,V2911046,6489,45.50502,8.87243,26909.5,6.8,18.8,105.8,-68.5,-1.0,-1.0,RS41-SG,404.900,9.0,250,10,2.5,-1,-1
2025-12-29T00:22:41.999Z,V2911046,6490,45.50497,8.87266,26915.5,5.3,19.4,107.1,-68.5,-1.0,-1.0,RS41-SG,404.900,8.9,250,10,2.5,-1,-1
2025-12-29T00:22:42.999Z,V2911046,6491,45.50492,8.87290,26920.8,5.2,19.6,108.3,-68.6,-1.0,-1.0,RS41-SG,404.900,8.5,250,10,2.5,-1,-1
2025-12-29T00:22:43.999Z,V2911046,6492,45.50486,8.87313,26926.6,6.7,19.2,109.1,-68.6,-1.0,-1.0,RS41-SG,404.900,8.6,250,10,2.6,-1,-1
2025-12-29T00:22:45.999Z,V2911046,6494,45.50475,8.87358,26938.7,5.3,18.1,108.6,-68.6,-1.0,-1.0,RS41-SG,404.900,8.1,250,10,2.5,-1,-1
2025-12-29T00:22:46.999Z,V2911046,6495,45.50470,8.87380,26944.7,6.4,18.6,106.8,-68.6,-1.0,-1.0,RS41-SG,404.900,8.0,250,10,2.5,-1,-1
2025-12-29T00:22:47.999Z,V2911046,6496,45.50465,8.87404,26951.1,6.3,20.0,103.8,-68.7,-1.0,-1.0,RS41-SG,404.900,7.7,250,10,2.5,-1,-1
2025-12-29T00:22:48.999Z,V2911046,6497,45.50461,8.87430,26956.4,4.4,21.1,102.1,-68.6,-1.0,-1.0,RS41-SG,404.900,8.3,250,10,2.6,-1,-1
2025-12-29T00:22:49.999Z,V2911046,6498,45.50458,8.87457,26961.1,5.0,21.8,99.6,-68.6,-1.0,-1.0,RS41-SG,404.900,9.2,250,10,2.6,-1,-1
2025-12-29T00:22:50.999Z,V2911046,6499,45.50455,8.87484,26967.1,6.5,21.3,96.9,-68.6,-1.0,-1.0,RS41-SG,404.900,9.2,250,10,2.5,-1,-1
2025-12-29T00:22:51.999Z,V2911046,6500,45.50453,8.87510,26973.3,5.6,20.6,95.1,-68.6,-1.0,-1.0,RS41-SG,404.900,8.7,250,10,2.5,-1,-1
2025-12-29T00:22:52.999Z,V2911046,6501,45.50451,8.87536,26979.0,5.6,19.9,94.9,-68.6,-1.0,-1.0,RS41-SG,404.900,8.6,250,10,2.5,-1,-1
2025-12-29T00:22:53.999Z,V2911046,6502,45.50450,8.87561,26985.0,6.4,19.9,96.3,-68.6,-1.0,-1.0,RS41-SG,404.900,8.6,250,10,2.5,-1,-1
2025-12-29T00:22:55.999Z,V2911046,6504,45.50444,8.87613,26997.8,5.1,20.9,101.0,-68.6,-1.0,-1.0,RS41-SG,404.900,9.0,250,10,2.6,-1,-1
2025-12-29T00:22:56.999Z,V2911046,6505,45.50440,8.87639,27002.9,5.3,20.9,102.4,-68.6,-1.0,-1.0,RS41-SG,404.900,9.0,250,10,2.5,-1,-1
2025-12-29T00:22:58.999Z,V2911046,6507,45.50432,8.87689,27015.0,6.7,19.2,102.9,-68.6,-1.0,-1.0,RS41-SG,404.900,7.9,250,10,2.5,-1,-1
2025-12-29T00:22:59.999Z,V2911046,6508,45.50429,8.87712,27020.8,5.0,18.5,102.2,-68.6,-1.0,-1.0,RS41-SG,404.900,8.0,250,10,2.6,-1,-1
2025-12-29T00:23:00.999Z,V2911046,6509,45.50425,8.87736,27026.1,6.2,18.8,101.8,-68.7,-1.0,-1.0,RS41-SG,404.900,8.0,250,10,2.6,-1,-1
2025-12-29T00:23:01.999Z,V2911046,6510,45.50422,8.87760,27032.8,7.2,20.0,101.4,-68.7,-1.0,-1.0,RS41-SG,404.900,7.3,250,10,2.5,-1,-1
2025-12-29T00:23:02.999Z,V2911046,6511,45.50418,8.87785,27039.2,5.4,21.1,102.2,-68.7,-1.0,-1.0,RS41-SG,404.900,8.4,250,10,2.5,-1,-1
2025-12-29T00:23:03.999Z,V2911046,6512,45.50414,8.87812,27044.6,4.9,22.2,102.8,-68.8,-1.0,-1.0,RS41-SG,404.900,8.4,250,10,2.5,-1,-1
2025-12-29T00:23:04.999Z,V2911046,6513,45.50409,8.87840,27050.2,6.6,22.5,103.9,-68.8,-1.0,-1.0,RS41-SG,404.900,7.6,250,10,2.5,-1,-1
2025-12-29T00:23:12.999Z,V2911046,6521,45.50367,8.88059,27097.7,6.7,20.1,102.9,-68.9,-1.0,-1.0,RS41-SG,404.900,8.1,250,10,2.5,-1,-1
2025-12-29T00:23:13.999Z,V2911046,6522,45.50363,8.88083,27103.5,4.9,19.0,101.7,-68.9,-1.0,-1.0,RS41-SG,404.900,8.5,250,10,2.5,-1,-1
2025-12-29T00:23:14.999Z,V2911046,6523,45.50360,8.88106,27108.4,4.9,18.4,101.3,-68.9,-1.0,-1.0,RS41-SG,404.900,8.5,250,9,2.5,-1,-1
2025-12-29T00:23:15.999Z,V2911046,6524,45.50356,8.88130,27114.1,6.9,18.9,101.6,-68.9,-1.0,-1.0,RS41-SG,404.900,8.5,250,10,2.5,-1,-1
2025-12-29T00:23:16.999Z,V2911046,6525,45.50353,8.88154,27120.3,6.0,19.9,102.8,-69.0,-1.0,-1.0,RS41-SG,404.900,8.5,250,10,2.6,-1,-1
2025-12-29T00:23:17.999Z,V2911046,6526,45.50348,8.88179,27125.7,5.0,20.6,105.1,-69.0,-1.0,-1.0,RS41-SG,404.900,7.9,250,10,2.6,-1,-1
2025-12-29T00:23:18.999Z,V2911046,6527,45.50343,8.88204,27131.0,5.8,20.8,106.6,-69.0,-1.0,-1.0,RS41-SG,404.900,8.1,250,10,2.5,-1,-1
2025-12-29T00:23:19.999Z,V2911046,6528,45.50338,8.88229,27137.3,6.5,20.1,108.1,-69.0,-1.0,-1.0,RS41-SG,404.900,8.1,250,10,2.5,-1,-1
2025-12-29T00:23:28.999Z,V2911046,6537,45.50294,8.88451,27189.1,5.2,19.2,101.3,-69.4,-1.0,-1.0,RS41-SG,404.900,7.3,250,10,2.6,-1,-1
2025-12-29T00:23:29.999Z,V2911046,6538,45.50290,8.88476,27195.0,6.6,19.6,101.7,-69.4,-1.0,-1.0,RS41-SG,404.900,7.7,250,10,2.5,-1,-1
2025-12-29T00:23:30.999Z,V2911046,6539,45.50286,8.88501,27201.6,6.1,20.6,103.8,-69.4,-1.0,-1.0,RS41-SG,404.900,7.8,250,10,2.5,-1,-1
2025-12-29T00:23:31.999Z,V2911046,6540,45.50281,8.88527,27207.2,5.0,21.4,106.0,-69.5,-1.0,-1.0,RS41-SG,404.900,8.0,250,10,2.5,-1,-1
2025-12-29T00:23:32.999Z,V2911046,6541,45.50276,8.88553,27212.7,6.0,21.5,108.5,-69.5,-1.0,-1.0,RS41-SG,404.900,8.0,250,10,2.6,-1,-1
2025-12-29T00:23:33.999Z,V2911046,6542,45.50269,8.88578,27219.2,7.0,20.9,110.6,-69.5,-1.0,-1.0,RS41-SG,404.900,7.6,250,10,2.6,-1,-1
2025-12-29T00:23:34.999Z,V2911046,6543,45.50262,8.88602,27225.3,5.1,20.4,112.7,-69.5,-1.0,-1.0,RS41-SG,404.900,7.5,250,10,2.5,-1,-1
2025-12-29T00:23:35.999Z,V2911046,6544,45.50255,8.88626,27230.4,5.3,20.5,114.6,-69.5,2.7,-1.0,RS41-SG,404.900,7.9,250,10,2.5,-1,-1
2025-12-29T00:23:37.999Z,V2911046,6546,45.50238,8.88675,27242.1,6.0,22.3,117.1,-69.5,2.7,-1.0,RS41-SG,404.900,7.7,250,10,2.5,-1,-1
2025-12-29T00:23:38.999Z,V2911046,6547,45.50229,8.88700,27247.5,4.9,22.6,117.0,-69.5,2.7,-1.0,RS41-SG,404.900,7.6,250,10,2.6,-1,-1
2025-12-29T00:23:40.999Z,V2911046,6549,45.50213,8.88750,27259.5,6.7,20.3,112.4,-69.5,2.7,-1.0,RS41-SG,404.900,7.1,250,10,2.5,-1,-1
2025-12-29T00:23:42.999Z,V2911046,6551,45.50202,8.88796,27270.1,4.3,18.4,105.7,-69.5,2.7,-1.0,RS41-SG,404.900,8.0,250,9,2.5,-1,-1
2025-12-29T00:23:44.999Z,V2911046,6553,45.50193,8.88842,27280.5,6.9,19.7,104.3,-69.5,2.7,-1.0,RS41-SG,404.900,7.1,250,10,2.6,-1,-1
2025-12-29T00:23:47.999Z,V2911046,6556,45.50178,8.88921,27296.4,5.9,22.3,106.3,-69.3,2.6,-1.0,RS41-SG,404.900,7.2,250,10,2.5,-1,-1
2025-12-29T00:23:49.999Z,V2911046,6558,45.50166,8.88974,27308.4,5.2,21.1,108.1,-69.3,2.6,-1.0,RS41-SG,404.900,7.9,250,10,2.6,-1,-1
2025-12-29T00:23:50.999Z,V2911046,6559,45.50160,8.88999,27313.9,6.1,20.8,109.5,-69.2,2.6,-1.0,RS41-SG,404.900,8.4,250,10,2.6,-1,-1
2025-12-29T00:23:51.999Z,V2911046,6560,45.50154,8.89024,27320.3,6.5,21.1,110.6,-69.2,2.5,-1.0,RS41-SG,404.900,8.4,250,10,2.5,-1,-1
2025-12-29T00:23:52.999Z,V2911046,6561,45.50147,8.89049,27326.2,4.6,21.3,111.5,-69.2,2.5,-1.0,RS41-SG,404.900,7.8,250,10,2.5,-1,-1
2025-12-29T00:23:53.999Z,V2911046,6562,45.50140,8.89074,27331.5,5.7,20.9,111.7,-69.2,2.6,-1.0,RS41-SG,404.900,7.5,250,10,2.5,-1,-1
2025-12-29T00:23:54.999Z,V2911046,6563,45.50133,8.89098,27337.9,7.2,19.5,109.7,-69.2,2.6,-1.0,RS41-SG,404.900,8.5,250,10,2.5,-1,-1
2025-12-29T00:23:55.999Z,V2911046,6564,45.50128,8.89121,27344.4,5.5,18.4,107.4,-69.2,2.6,-1.0,RS41-SG,404.900,8.5,250,10,2.6,-1,-1
2025-12-29T00:23:59.999Z,V2911046,6568,45.50114,8.89216,27366.6,4.4,21.1,98.3,-69.3,2.6,-1.0,RS41-SG,404.900,7.2,250,10,2.5,-1,-1
2025-12-29T00:24:01.999Z,V2911046,6570,45.50110,8.89271,27376.6,6.2,21.8,95.4,-69.3,2.6,-1.0,RS41-SG,404.900,6.5,250,10,2.6,-1,-1
2025-12-29T00:24:02.999Z,V2911046,6571,45.50108,8.89298,27382.9,6.3,21.0,94.6,-69.4,2.6,-1.0,RS41-SG,404.900,8.1,250,10,2.5,-1,-1
2025-12-29T00:24:03.999Z,V2911046,6572,45.50107,8.89324,27388.9,5.0,20.2,94.5,-69.4,2.6,-1.0,RS41-SG,404.900,9.0,250,10,2.5,-1,-1
2025-12-29T00:24:04.999Z,V2911046,6573,45.50105,8.89350,27394.5,5.7,19.9,95.7,-69.4,2.6,-1.0,RS41-SG,404.900,9.0,250,10,2.5,-1,-1
2025-12-29T00:24:05.999Z,V2911046,6574,45.50103,8.89375,27400.7,7.1,20.3,98.2,-69.4,2.6,-1.0,RS41-SG,404.900,8.2,250,10,2.5,-1,-1
2025-12-29T00:24:06.999Z,V2911046,6575,45.50100,8.89401,27407.0,5.5,21.0,100.5,-69.4,2.7,-1.0,RS41-SG,404.900,8.2,250,10,2.6,-1,-1
2025-12-29T00:24:07.999Z,V2911046,6576,45.50096,8.89427,27412.1,4.9,21.4,103.1,-69.4,2.6,-1.0,RS41-SG,404.900,9.6,250,10,2.6,-1,-1
2025-12-29T00:24:08.999Z,V2911046,6577,45.50091,8.89454,27417.4,5.8,21.3,105.6,-69.4,2.6,-1.0,RS41-SG,404.900,9.6,250,10,2.5,-1,-1
2025-12-29T00:24:09.999Z,V2911046,6578,45.50086,8.89479,27423.4,6.3,20.7,107.1,-69.3,2.6,-1.0,RS41-SG,404.900,9.3,250,10,2.5,-1,-1
2025-12-29T00:24:10.999Z,V2911046,6579,45.50080,8.89504,27429.3,5.0,20.4,107.5,-69.2,2.6,-1.0,RS41-SG,404.900,9.0,250,10,2.5,-1,-1
2025-12-29T00:24:11.999Z,V2911046,6580,45.50075,8.89530,27435.3,6.5,20.9,107.1,-69.1,2.6,-1.0,RS41-SG,404.900,9.4,250,10,2.6,-1,-1
2025-12-29T00:24:12.999Z,V2911046,6581,45.50069,8.89556,27442.2,7.4,22.2,106.9,-69.1,2.5,-1.0,RS41-SG,404.900,9.4,250,10,2.6,-1,-1
2025-12-29T00:24:13.999Z,V2911046,6582,45.50064,8.89584,27448.4,5.1,23.3,105.5,-69.0,2.5,-1.0,RS41-SG,404.900,9.5,250,10,2.5,-1,-1
2025-12-29T00:24:14.999Z,V2911046,6583,45.50058,8.89613,27453.5,4.9,24.1,103.5,-69.0,2.5,-1.0,RS41-SG,404.900,9.5,250,10,2.5,-1,-1
2025-12-29T00:24:15.999Z,V2911046,6584,45.50054,8.89643,27459.2,6.4,24.1,100.5,-69.0,2.5,-1.0,RS41-SG,404.900,9.3,250,10,2.5,-1,-1
2025-12-29T00:24:16.999Z,V2911046,6585,45.50050,8.89673,27465.4,5.9,23.5,98.2,-68.9,2.5,-1.0,RS41-SG,404.900,9.3,250,10,2.5,-1,-1
2025-12-29T00:24:19.999Z,V2911046,6588,45.50044,8.89761,27482.4,6.8,23.4,95.3,-68.9,2.5,-1.0,RS41-SG,404.900,10.6,250,10,2.5,-1,-1
2025-12-29T00:24:20.999Z,V2911046,6589,45.50042,8.89791,27489.1,6.7,24.1,98.1,-68.9,2.5,-1.0,RS41-SG,404.900,10.6,250,10,2.5,-1,-1
2025-12-29T00:24:21.999Z,V2911046,6590,45.50038,8.89821,27494.9,5.3,24.2,101.4,-68.9,2.6,-1.0,RS41-SG,404.900,9.3,250,10,2.5,-1,-1
2025-12-29T00:24:22.999Z,V2911046,6591,45.50033,8.89851,27500.1,5.2,23.7,106.2,-68.9,2.6,-1.0,RS41-SG,404.900,9.4,250,10,2.5,-1,-1
2025-12-29T00:24:23.999Z,V2911046,6592,45.50027,8.89879,27505.7,6.1,22.8,111.1,-68.9,2.5,-1.0,RS41-SG,404.900,9.4,250,9,2.6,-1,-1
2025-12-29T00:24:24.999Z,V2911046,6593,45.50019,8.89905,27511.7,6.1,21.8,115.3,-68.9,2.6,-1.0,RS41-SG,404.900,8.9,250,10,2.6,-1,-1
2025-12-29T00:24:25.999Z,V2911046,6594,45.50010,8.89930,27517.0,4.3,21.5,117.2,-68.9,2.6,-1.0,RS41-SG,404.900,8.7,250,10,2.5,-1,-1
2025-12-29T00:24:28.999Z,V2911046,6597,45.49983,8.90008,27534.4,5.8,24.8,112.9,-68.8,2.5,-1.0,RS41-SG,404.900,8.2,250,10,2.6,-1,-1
2025-12-29T00:24:29.999Z,V2911046,6598,45.49975,8.90038,27539.6,4.6,25.9,108.8,-68.8,2.5,-1.0,RS41-SG,404.900,10.0,250,10,2.6,-1,-1
2025-12-29T00:24:31.999Z,V2911046,6600,45.49963,8.90102,27550.8,5.9,25.5,99.9,-68.8,2.5,-1.0,RS41-SG,404.900,7.3,250,10,2.5,-1,-1
2025-12-29T00:24:32.999Z,V2911046,6601,45.49960,8.90133,27556.6,5.7,24.3,96.3,-68.8,2.5,-1.0,RS41-SG,404.900,7.9,250,10,2.5,-1,-1
2025-12-29T00:24:33.999Z,V2911046,6602,45.49958,8.90163,27561.7,4.4,23.2,93.9,-68.8,2.5,-1.0,RS41-SG,404.900,8.5,250,10,2.5,-1,-1
2025-12-29T00:24:34.999Z,V2911046,6603,45.49957,8.90192,27566.0,4.3,22.5,93.0,-68.8,2.5,-1.0,RS41-SG,404.900,8.5,250,10,2.6,-1,-1
2025-12-29T00:24:35.999Z,V2911046,6604,45.49956,8.90221,27571.0,6.1,22.4,93.2,-68.8,2.5,-1.0,RS41-SG,404.900,8.4,250,10,2.6,-1,-1
2025-12-29T00:24:36.999Z,V2911046,6605,45.49955,8.90249,27577.7,7.1,22.8,96.1,-68.7,2.5,-1.0,RS41-SG,404.900,8.8,250,10,2.5,-1,-1
2025-12-29T00:24:37.999Z,V2911046,6606,45.49952,8.90278,27584.1,5.5,23.2,99.1,-68.7,2.6,-1.0,RS41-SG,404.900,8.8,250,10,2.5,-1,-1
2025-12-29T00:24:38.999Z,V2911046,6607,45.49948,8.90307,27589.1,4.5,23.3,103.4,-68.8,2.5,-1.0,RS41-SG,404.900,8.1,250,10,2.5,-1,-1
2025-12-29T00:24:39.999Z,V2911046,6608,45.49942,8.90336,27594.2,5.7,23.0,108.8,-68.8,2.6,-1.0,RS41-SG,404.900,8.1,250,10,2.6,-1,-1
2025-12-29T00:24:44.999Z,V2911046,6613,45.49905,8.90466,27624.9,6.2,23.1,107.9,-68.7,2.5,-1.0,RS41-SG,404.900,8.0,250,10,2.5,-1,-1
2025-12-29T00:24:46.999Z,V2911046,6615,45.49895,8.90524,27636.3,6.2,23.6,99.1,-68.7,2.5,-1.0,RS41-SG,404.900,9.4,250,10,2.6,-1,-1
2025-12-29T00:24:47.999Z,V2911046,6616,45.49892,8.90553,27642.6,6.2,22.9,95.1,-68.8,2.5,-1.0,RS41-SG,404.900,9.4,250,10,2.5,-1,-1
2025-12-29T00:24:48.999Z,V2911046,6617,45.49891,8.90582,27648.1,4.5,22.3,93.5,-68.8,2.5,-1.0,RS41-SG,404.900,9.4,250,10,2.5,-1,-1
2025-12-29T00:24:49.999Z,V2911046,6618,45.49890,8.90610,27653.1,5.9,22.1,92.4,-68.7,2.5,-1.0,RS41-SG,404.900,8.6,250,10,2.5,-1,-1
2025-12-29T00:24:50.999Z,V2911046,6619,45.49888,8.90639,27659.8,7.5,22.8,94.6,-68.6,2.5,-1.0,RS41-SG,404.900,9.2,250,10,2.5,-1,-1
2025-12-29T00:24:51.999Z,V2911046,6620,45.49886,8.90668,27666.4,6.2,23.4,97.8,-68.4,2.5,-1.0,RS41-SG,404.900,10.1,250,10,2.6,-1,-1
2025-12-29T00:24:52.999Z,V2911046,6621,45.49883,8.90698,27671.9,4.6,23.9,100.5,-68.4,2.4,-1.0,RS41-SG,404.900,10.1,250,9,2.6,-1,-1
2025-12-29T00:24:53.999Z,V2911046,6622,45.49878,8.90728,27677.1,5.5,23.7,104.4,-68.4,2.4,-1.0,RS41-SG,404.900,9.6,250,9,2.5,-1,-1
2025-12-29T00:24:54.999Z,V2911046,6623,45.49872,8.90756,27683.2,6.4,22.9,107.5,-68.3,2.4,-1.0,RS41-SG,404.900,8.9,250,10,2.5,-1,-1
2025-12-29T00:24:55.999Z,V2911046,6624,45.49866,8.90783,27689.1,5.2,22.2,108.8,-68.2,2.4,-1.0,RS41-SG,404.900,8.3,250,10,2.5,-1,-1
2025-12-29T00:24:56.999Z,V2911046,6625,45.49860,8.90810,27694.4,5.2,22.2,108.8,-68.2,2.4,-1.0,RS41-SG,404.900,8.6,250,10,2.6,-1,-1
2025-12-29T00:24:57.999Z,V2911046,6626,45.49853,8.90838,27700.3,6.9,23.1,106.9,-68.1,2.4,-1.0,RS41-SG,404.900,9.5,250,10,2.6,-1,-1
2025-12-29T00:24:58.999Z,V2911046,6627,45.49848,8.90867,27706.9,6.4,24.4,105.3,-68.1,2.4,-1.0,RS41-SG,404.900,9.5,250,10,2.5,-1,-1
2025-12-29T00:24:59.999Z,V2911046,6628,45.49842,8.90898,27712.6,5.0,25.5,103.5,-68.0,2.4,-1.0,RS41-SG,404.900,9.7,250,10,2.5,-1,-1
2025-12-29T00:25:00.999Z,V2911046,6629,45.49837,8.90930,27717.9,5.1,26.0,102.2,-68.0,2.4,-1.0,RS41-SG,404.900,10.4,250,10,2.5,-1,-1
2025-12-29T00:25:01.999Z,V2911046,6630,45.49832,8.90962,27724.0,6.7,25.7,101.3,-68.0,2.4,-1.0,RS41-SG,404.900,10.5,250,10,2.5,-1,-1
2025-12-29T00:25:02.999Z,V2911046,6631,45.49828,8.90993,27730.3,6.4,24.8,101.7,-67.9,2.4,-1.0,RS41-SG,404.900,10.6,250,10,2.6,-1,-1
2025-12-29T00:25:03.999Z,V2911046,6632,45.49823,8.91024,27736.0,5.1,24.1,102.0,-67.9,2.4,-1.0,RS41-SG,404.900,10.6,250,10,2.6,-1,-1
2025-12-29T00:25:04.999Z,V2911046,6633,45.49819,8.91054,27741.1,5.1,23.9,102.3,-67.8,2.3,-1.0,RS41-SG,404.900,9.7,250,10,2.5,-1,-1
2025-12-29T00:25:05.999Z,V2911046,6634,45.49814,8.91084,27746.7,5.9,24.4,102.9,-67.7,2.3,-1.0,RS41-SG,404.900,9.6,250,10,2.5,-1,-1
2025-12-29T00:25:06.999Z,V2911046,6635,45.49809,8.91115,27752.8,6.3,25.2,102.8,-67.6,2.3,-1.0,RS41-SG,404.900,9.6,250,10,2.5,-1,-1
2025-12-29T00:25:07.999Z,V2911046,6636,45.49804,8.91146,27758.8,5.6,25.9,103.4,-67.5,2.3,-1.0,RS41-SG,404.900,9.8,250,10,2.6,-1,-1
2025-12-29T00:25:08.999Z,V2911046,6637,45.49798,8.91178,27764.0,4.9,25.8,104.9,-67.4,2.3,-1.0,RS41-SG,404.900,9.8,250,10,2.6,-1,-1
2025-12-29T00:25:09.999Z,V2911046,6638,45.49792,8.91209,27769.2,5.5,25.2,107.0,-67.4,2.3,-1.0,RS41-SG,404.900,9.3,250,10,2.5,-1,-1
2025-12-29T00:25:10.999Z,V2911046,6639,45.49785,8.91239,27775.5,6.8,23.7,109.0,-67.3,2.3,-1.0,RS41-SG,404.900,10.0,250,10,2.5,-1,-1
2025-12-29T00:25:11.999Z,V2911046,6640,45.49778,8.91267,27781.4,4.9,22.7,109.8,-67.3,2.3,-1.0,RS41-SG,404.900,10.0,250,10,2.5,-1,-1
2025-12-29T00:25:12.999Z,V2911046,6641,45.49772,8.91293,27786.2,4.9,21.9,109.8,-67.3,2.3,-1.0,RS41-SG,404.900,9.8,250,10,2.5,-1,-1
2025-12-29T00:25:13.999Z,V2911046,6642,45.49766,8.91320,27791.5,6.1,21.9,107.0,-67.2,2.3,-1.0,RS41-SG,404.900,8.4,250,10,2.6,-1,-1
2025-12-29T00:25:14.999Z,V2911046,6643,45.49760,8.91347,27797.8,6.3,23.0,103.9,-67.2,2.3,-1.0,RS41-SG,404.900,9.4,250,10,2.6,-1,-1
2025-12-29T00:25:15.999Z,V2911046,6644,45.49756,8.91377,27803.8,5.7,24.5,101.4,-67.1,2.3,-1.0,RS41-SG,404.900,10.1,250,10,2.5,-1,-1
2025-12-29T00:25:16.999Z,V2911046,6645,45.49751,8.91408,27808.8,4.1,25.7,100.2,-67.0,2.2,-1.0,RS41-SG,404.900,10.6,250,10,2.5,-1,-1
2025-12-29T00:25:17.999Z,V2911046,6646,45.49747,8.91441,27813.3,4.8,26.2,100.1,-66.9,2.2,-1.0,RS41-SG,404.900,10.6,250,10,2.5,-1,-1
2025-12-29T00:25:18.999Z,V2911046,6647,45.49743,8.91473,27818.9,6.3,25.9,101.4,-66.8,2.2,-1.0,RS41-SG,404.900,10.5,250,10,2.5,-1,-1
2025-12-29T00:25:19.999Z,V2911046,6648,45.49738,8.91505,27825.1,6.1,25.0,102.7,-66.8,2.2,-1.0,RS41-SG,404.900,10.5,250,10,2.6,-1,-1
2025-12-29T00:25:20.999Z,V2911046,6649,45.49733,8.91536,27830.5,4.8,24.2,103.7,-66.8,2.2,-1.0,RS41-SG,404.900,10.6,250,10,2.6,-1,-1
2025-12-29T00:25:21.999Z,V2911046,6650,45.49728,8.91565,27835.4,5.3,23.4,102.5,-66.8,2.3,-1.0,RS41-SG,404.900,10.6,250,10,2.5,-1,-1
2025-12-29T00:25:22.999Z,V2911046,6651,45.49724,8.91594,27841.2,6.2,23.3,100.0,-66.8,2.3,-1.0,RS41-SG,404.900,10.4,250,10,2.5,-1,-1
2025-12-29T00:25:23.999Z,V2911046,6652,45.49721,8.91624,27847.4,6.0,23.6,97.2,-66.8,2.2,-1.0,RS41-SG,404.900,10.8,250,10,2.5,-1,-1
2025-12-29T00:25:24.999Z,V2911046,6653,45.49719,8.91654,27852.6,4.3,24.0,95.7,-66.8,2.2,-1.0,RS41-SG,404.900,10.8,250,10,2.6,-1,-1
2025-12-29T00:25:25.999Z,V2911046,6654,45.49717,8.91684,27857.5,5.3,23.8,95.6,-66.8,2.2,-1.0,RS41-SG,404.900,11.2,250,10,2.6,-1,-1
2025-12-29T00:25:26.999Z,V2911046,6655,45.49714,8.91714,27863.4,6.6,23.3,97.5,-66.8,2.3,-1.0,RS41-SG,404.900,11.2,250,10,2.5,-1,-1
2025-12-29T00:25:27.999Z,V2911046,6656,45.49711,8.91743,27870.3,6.6,22.7,100.7,-66.9,2.3,-1.0,RS41-SG,404.900,11.4,250,10,2.5,-1,-1
2025-12-29T00:25:28.999Z,V2911046,6657,45.49707,8.91771,27876.5,5.5,22.7,102.8,-66.9,2.3,-1.0,RS41-SG,404.900,11.4,250,9,2.5,-1,-1
2025-12-29T00:25:29.999Z,V2911046,6658,45.49702,8.91799,27881.8,5.3,23.1,105.3,-66.9,2.3,-1.0,RS41-SG,404.900,11.2,250,9,2.5,-1,-1
2025-12-29T00:25:30.999Z,V2911046,6659,45.49696,8.91829,27887.3,6.3,24.2,105.3,-67.0,2.3,-1.0,RS41-SG,404.900,11.2,250,10,2.6,-1,-1
2025-12-29T00:25:31.999Z,V2911046,6660,45.49691,8.91859,27893.6,6.6,25.3,103.6,-67.0,2.3,-1.0,RS41-SG,404.900,9.6,250,10,2.6,-1,-1
2025-12-29T00:25:32.999Z,V2911046,6661,45.49685,8.91891,27899.3,5.0,25.9,102.5,-67.1,2.3,-1.0,RS41-SG,404.900,10.2,250,10,2.5,-1,-1
2025-12-29T00:25:33.999Z,V2911046,6662,45.49681,8.91923,27904.4,5.3,25.9,101.7,-67.1,2.3,-1.0,RS41-SG,404.900,10.4,250,10,2.5,-1,-1
2025-12-29T00:25:34.999Z,V2911046,6663,45.49676,8.91955,27910.4,6.5,25.0,102.3,-67.0,2.3,-1.0,RS41-SG,404.900,10.4,250,10,2.5,-1,-1
2025-12-29T00:25:35.999Z,V2911046,6664,45.49671,8.91985,27916.8,6.5,23.8,103.2,-67.0,2.3,-1.0,RS41-SG,404.900,10.4,250,10,2.6,-1,-1
2025-12-29T00:25:36.999Z,V2911046,6665,45.49666,8.92014,27922.0,4.1,22.8,103.6,-66.9,2.3,-1.0,RS41-SG,404.900,10.8,250,10,2.6,-1,-1
2025-12-29T00:25:37.999Z,V2911046,6666,45.49662,8.92042,27926.5,4.9,21.9,102.0,-66.8,2.2,-1.0,RS41-SG,404.900,10.8,250,10,2.5,-1,-1
2025-12-29T00:25:38.999Z,V2911046,6667,45.49658,8.92069,27931.9,6.0,21.8,98.8,-66.8,2.2,-1.0,RS41-SG,404.900,11.4,250,10,2.5,-1,-1
2025-12-29T00:25:39.999Z,V2911046,6668,45.49656,8.92097,27938.0,6.1,22.5,95.8,-66.8,2.3,-1.0,RS41-SG,404.900,11.4,250,10,2.5,-1,-1
2025-12-29T00:25:40.999Z,V2911046,6669,45.49654,8.92126,27943.4,4.5,23.1,93.8,-66.8,2.3,-1.0,RS41-SG,404.900,11.2,250,10,2.5,-1,-1
2025-12-29T00:25:41.999Z,V2911046,6670,45.49653,8.92156,27948.3,5.2,23.2,93.6,-66.8,2.3,-1.0,RS41-SG,404.900,11.2,250,10,2.6,-1,-1
2025-12-29T00:25:42.999Z,V2911046,6671,45.49651,8.92185,27954.4,6.8,22.9,95.3,-66.8,2.3,-1.0,RS41-SG,404.900,11.0,250,9,2.6,-1,-1
2025-12-29T00:25:43.999Z,V2911046,6672,45.49649,8.92214,27961.3,6.4,22.6,98.4,-66.8,2.3,-1.0,RS41-SG,404.900,10.3,250,9,2.5,-1,-1
2025-12-29T00:25:44.999Z,V2911046,6673,45.49645,8.92242,27967.5,5.6,22.6,101.9,-66.8,2.2,-1.0,RS41-SG,404.900,10.3,250,9,2.5,-1,-1
2025-12-29T00:25:45.999Z,V2911046,6674,45.49641,8.92271,27973.1,5.5,23.3,104.7,-66.8,2.3,-1.0,RS41-SG,404.900,10.6,250,9,2.5,-1,-1
2025-12-29T00:25:46.999Z,V2911046,6675,45.49635,8.92300,27979.4,6.8,24.8,105.0,-66.7,2.3,-1.0,RS41-SG,404.900,10.6,250,10,2.5,-1,-1
2025-12-29T00:25:47.999Z,V2911046,6676,45.49629,8.92331,27985.6,5.8,25.8,103.9,-66.7,2.3,-1.0,RS41-SG,404.900,9.5,250,10,2.6,-1,-1
2025-12-29T00:25:48.999Z,V2911046,6677,45.49624,8.92364,27991.3,5.6,26.4,102.4,-66.7,2.3,-1.0,RS41-SG,404.900,10.0,250,10,2.6,-1,-1
2025-12-29T00:25:49.999Z,V2911046,6678,45.49619,8.92397,27997.1,5.9,26.0,100.8,-66.7,2.3,-1.0,RS41-SG,404.900,10.0,250,10,2.5,-1,-1
2025-12-29T00:25:50.999Z,V2911046,6679,45.49615,8.92428,28003.6,6.7,24.6,99.5,-66.7,2.2,-1.0,RS41-SG,404.900,9.8,250,10,2.5,-1,-1
2025-12-29T00:25:51.999Z,V2911046,6680,45.49612,8.92458,28010.0,6.1,22.9,98.3,-66.7,2.3,-1.0,RS41-SG,404.900,11.0,250,9,2.5,-1,-1
2025-12-29T00:25:52.999Z,V2911046,6681,45.49609,8.92486,28015.8,5.3,21.8,96.0,-66.8,2.2,-1.0,RS41-SG,404.900,11.0,250,10,2.6,-1,-1
2025-12-29T00:25:53.999Z,V2911046,6682,45.49608,8.92514,28021.2,5.9,21.2,92.0,-66.8,2.3,-1.0,RS41-SG,404.900,10.8,250,10,2.6,-1,-1
2025-12-29T00:25:54.999Z,V2911046,6683,45.49608,8.92541,28027.3,6.2,21.6,88.2,-66.8,2.3,-1.0,RS41-SG,404.900,10.2,250,10,2.5,-1,-1
2025-12-29T00:25:55.999Z,V2911046,6684,45.49609,8.92569,28033.4,5.6,22.4,86.1,-66.7,2.3,-1.0,RS41-SG,404.900,9.4,-125,10,2.5,-1,-1
2025-12-29T00:25:56.999Z,V2911046,6685,45.49611,8.92598,28038.7,4.7,23.3,85.0,-66.7,2.3,-1.0,RS41-SG,404.900,9.9,250,10,2.5,-1,-1
2025-12-29T00:25:57.999Z,V2911046,6686,45.49612,8.92628,28043.6,5.3,23.6,85.6,-66.7,2.3,-1.0,RS41-SG,404.900,10.0,250,10,2.5,-1,-1
2025-12-29T00:25:58.999Z,V2911046,6687,45.49614,8.92658,28049.3,6.3,23.5,87.3,-66.7,2.3,-1.0,RS41-SG,404.900,11.3,250,10,2.6,-1,-1
2025-12-29T00:25:59.999Z,V2911046,6688,45.49614,8.92687,28056.0,7.3,23.2,90.3,-66.7,2.3,-1.0,RS41-SG,404.900,11.3,250,10,2.6,-1,-1
2025-12-29T00:26:00.999Z,V2911046,6689,45.49613,8.92717,28062.8,6.4,23.1,93.2,-66.7,2.2,-1.0,RS41-SG,404.900,9.9,250,10,2.5,-1,-1
2025-12-29T00:26:01.999Z,V2911046,6690,45.49612,8.92746,28068.4,4.6,23.4,96.5,-66.6,2.3,-1.0,RS41-SG,404.900,9.9,250,9,2.5,-1,-1
2025-12-29T00:26:02.999Z,V2911046,6691,45.49608,8.92776,28073.1,4.9,24.8,99.7,-66.6,2.2,-1.0,RS41-SG,404.900,10.3,250,10,2.5,-1,-1
2025-12-29T00:26:03.999Z,V2911046,6692,45.49604,8.92809,28078.5,6.0,27.0,100.7,-66.5,2.2,-1.0,RS41-SG,404.900,10.5,250,10,2.5,-1,-1
2025-12-29T00:26:04.999Z,V2911046,6693,45.49600,8.92844,28084.6,6.5,28.8,100.2,-66.4,2.2,-1.0,RS41-SG,404.900,10.5,250,10,2.6,-1,-1
2025-12-29T00:26:05.999Z,V2911046,6694,45.49596,8.92881,28090.4,5.2,29.6,98.6,-66.4,2.2,-1.0,RS41-SG,404.900,10.5,-125,10,2.6,-1,-1
2025-12-29T00:26:06.999Z,V2911046,6695,45.49592,8.92918,28095.9,5.7,29.2,96.1,-66.4,2.2,-1.0,RS41-SG,404.900,8.7,-125,10,2.5,-1,-1
2025-12-29T00:26:07.999Z,V2911046,6696,45.49590,8.92954,28102.1,6.4,27.3,92.4,-66.4,2.2,-1.0,RS41-SG,404.900,8.9,250,10,2.5,-1,-1
2025-12-29T00:26:08.999Z,V2911046,6697,45.49590,8.92987,28108.7,6.8,24.9,87.6,-66.5,2.2,-1.0,RS41-SG,404.900,9.8,250,10,2.5,-1,-1
2025-12-29T00:26:09.999Z,V2911046,6698,45.49592,8.93017,28114.4,4.7,23.1,84.3,-66.5,2.2,-1.0,RS41-SG,404.900,9.9,250,10,2.6,-1,-1
2025-12-29T00:26:10.999Z,V2911046,6699,45.49595,8.93046,28119.0,4.7,21.9,81.2,-66.5,2.2,-1.0,RS41-SG,404.900,9.9,-125,10,2.6,-1,-1
2025-12-29T00:26:11.999Z,V2911046,6700,45.49598,8.93073,28124.3,6.2,21.5,80.8,-66.6,2.2,-1.0,RS41-SG,404.900,9.7,250,10,2.5,-1,-1
2025-12-29T00:26:12.999Z,V2911046,6701,45.49601,8.93101,28131.3,7.3,22.8,82.7,-66.6,2.3,-1.0,RS41-SG,404.900,9.7,250,10,2.5,-1,-1
2025-12-29T00:26:13.999Z,V2911046,6702,45.49603,8.93131,28137.3,4.8,24.0,85.8,-66.7,2.2,-1.0,RS41-SG,404.900,9.3,250,10,2.5,-1,-1
2025-12-29T00:26:14.999Z,V2911046,6703,45.49604,8.93162,28142.0,4.9,25.6,88.8,-66.7,2.3,-1.0,RS41-SG,404.900,9.2,-125,10,2.5,-1,-1
2025-12-29T00:26:15.999Z,V2911046,6704,45.49604,8.93195,28147.5,6.0,26.5,91.6,-66.7,2.3,-1.0,RS41-SG,404.900,9.1,250,10,2.6,-1,-1
2025-12-29T00:26:16.999Z,V2911046,6705,45.49602,8.93229,28153.7,6.4,26.7,93.9,-66.8,2.3,-1.0,RS41-SG,404.900,9.3,250,10,2.6,-1,-1
2025-12-29T00:26:18.999Z,V2911046,6707,45.49598,8.93298,28165.7,5.6,27.4,95.6,-66.8,2.3,-1.0,RS41-SG,404.900,9.6,250,10,2.5,-1,-1
2025-12-29T00:26:19.999Z,V2911046,6708,45.49596,8.93333,28172.0,6.5,28.2,95.6,-66.9,2.3,-1.0,RS41-SG,404.900,10.1,250,10,2.5,-1,-1
2025-12-29T00:26:20.999Z,V2911046,6709,45.49594,8.93370,28178.6,6.8,29.0,94.4,-66.8,2.3,-1.0,RS41-SG,404.900,10.1,-125,10,2.5,-1,-1
2025-12-29T00:26:21.999Z,V2911046,6710,45.49592,8.93406,28184.7,5.7,29.0,92.7,-66.8,2.2,-1.0,RS41-SG,404.900,9.6,250,10,2.6,-1,-1
2025-12-29T00:26:22.999Z,V2911046,6711,45.49592,8.93443,28190.5,5.7,28.1,90.1,-66.8,2.3,-1.0,RS41-SG,404.900,9.5,250,10,2.6,-1,-1
2025-12-29T00:26:23.999Z,V2911046,6712,45.49592,8.93477,28196.7,6.9,26.4,86.6,-66.7,2.3,-1.0,RS41-SG,404.900,9.9,250,10,2.5,-1,-1
2025-12-29T00:26:24.999Z,V2911046,6713,45.49594,8.93510,28203.1,5.2,24.9,84.1,-66.7,2.3,-1.0,RS41-SG,404.900,10.5,250,10,2.5,-1,-1
2025-12-29T00:26:25.999Z,V2911046,6714,45.49597,8.93541,28208.2,4.7,23.7,82.4,-66.7,2.3,-1.0,RS41-SG,404.900,11.1,250,10,2.5,-1,-1
2025-12-29T00:26:26.999Z,V2911046,6715,45.49600,8.93571,28213.8,6.2,23.7,82.6,-66.7,2.3,-1.0,RS41-SG,404.900,11.1,-125,10,2.6,-1,-1
2025-12-29T00:26:27.999Z,V2911046,6716,45.49602,8.93601,28220.7,7.5,24.8,84.8,-66.7,2.2,-1.0,RS41-SG,404.900,9.7,250,10,2.6,-1,-1
2025-12-29T00:26:28.999Z,V2911046,6717,45.49604,8.93634,28227.6,5.8,26.1,87.8,-66.7,2.2,-1.0,RS41-SG,404.900,9.8,-125,10,2.5,-1,-1
2025-12-29T00:26:29.999Z,V2911046,6718,45.49604,8.93668,28233.2,5.4,27.3,90.8,-66.7,2.3,-1.0,RS41-SG,404.900,9.8,250,10,2.5,-1,-1
2025-12-29T00:26:30.999Z,V2911046,6719,45.49603,8.93703,28239.2,6.3,27.8,93.7,-66.7,2.3,-1.0,RS41-SG,404.900,10.1,250,10,2.5,-1,-1
2025-12-29T00:26:31.999Z,V2911046,6720,45.49601,8.93738,28245.5,6.6,27.7,95.8,-66.7,2.3,-1.0,RS41-SG,404.900,10.1,250,10,2.5,-1,-1
2025-12-29T00:26:32.999Z,V2911046,6721,45.49598,8.93773,28251.3,5.2,27.5,96.4,-66.7,2.3,-1.0,RS41-SG,404.900,9.1,250,10,2.6,-1,-1
2025-12-29T00:26:33.999Z,V2911046,6722,45.49595,8.93808,28256.5,5.8,27.7,96.9,-66.8,2.3,-1.0,RS41-SG,404.900,8.9,250,10,2.6,-1,-1
2025-12-29T00:26:34.999Z,V2911046,6723,45.49592,8.93844,28262.9,6.6,28.3,96.3,-66.8,2.3,-1.0,RS41-SG,404.900,9.7,-125,10,2.5,-1,-1
2025-12-29T00:26:35.999Z,V2911046,6724,45.49590,8.93880,28269.2,6.1,29.0,95.3,-66.9,2.3,-1.0,RS41-SG,404.900,9.7,-125,10,2.5,-1,-1
2025-12-29T00:26:36.999Z,V2911046,6725,45.49588,8.93917,28274.8,5.0,29.2,93.7,-66.9,2.3,-1.0,RS41-SG,404.900,10.5,250,10,2.5,-1,-1
2025-12-29T00:26:37.999Z,V2911046,6726,45.49587,8.93954,28280.1,5.8,28.6,91.5,-66.9,2.3,-1.0,RS41-SG,404.900,10.5,-125,10,2.5,-1,-1
2025-12-29T00:26:38.999Z,V2911046,6727,45.49586,8.93989,28286.2,6.6,26.9,89.0,-67.0,2.3,-1.0,RS41-SG,404.900,10.3,-125,10,2.6,-1,-1
2025-12-29T00:26:39.999Z,V2911046,6728,45.49587,8.94022,28292.5,6.0,25.4,87.6,-67.0,2.3,-1.0,RS41-SG,404.900,10.4,-125,9,2.6,-1,-1
2025-12-29T00:26:40.999Z,V2911046,6729,45.49588,8.94054,28298.2,5.2,24.1,87.6,-67.0,2.3,-1.0,RS41-SG,404.900,10.4,250,9,2.5,-1,-1
2025-12-29T00:26:41.999Z,V2911046,6730,45.49588,8.94084,28303.8,6.1,23.8,89.8,-67.1,2.3,-1.0,RS41-SG,404.900,9.8,250,9,2.5,-1,-1
2025-12-29T00:26:42.999Z,V2911046,6731,45.49588,8.94115,28310.3,7.1,24.3,94.2,-67.1,2.3,-1.0,RS41-SG,404.900,9.6,250,10,2.5,-1,-1
2025-12-29T00:26:43.999Z,V2911046,6732,45.49585,8.94146,28316.7,5.8,25.4,97.3,-67.1,2.3,-1.0,RS41-SG,404.900,10.8,250,10,2.6,-1,-1
2025-12-29T00:26:44.999Z,V2911046,6733,45.49582,8.94179,28322.2,4.7,26.6,99.0,-67.2,2.3,-1.0,RS41-SG,404.900,10.8,250,10,2.6,-1,-1
2025-12-29T00:26:45.999Z,V2911046,6734,45.49578,8.94213,28327.9,6.2,27.5,99.4,-67.2,2.4,-1.0,RS41-SG,404.900,9.8,250,10,2.5,-1,-1
2025-12-29T00:26:46.999Z,V2911046,6735,45.49574,8.94248,28334.7,7.3,27.4,98.6,-67.2,2.3,-1.0,RS41-SG,404.900,10.1,250,10,2.5,-1,-1
2025-12-29T00:26:47.999Z,V2911046,6736,45.49571,8.94282,28341.0,5.1,27.1,97.4,-67.1,2.3,-1.0,RS41-SG,404.900,10.1,-125,10,2.5,-1,-1
2025-12-29T00:26:48.999Z,V2911046,6737,45.49568,8.94316,28346.3,5.5,27.1,95.6,-67.0,2.3,-1.0,RS41-SG,404.900,9.9,250,10,2.5,-1,-1
2025-12-29T00:26:49.999Z,V2911046,6738,45.49566,8.94351,28352.5,7.1,27.6,93.8,-67.0,2.3,-1.0,RS41-SG,404.900,9.9,250,10,2.6,-1,-1
2025-12-29T00:26:50.999Z,V2911046,6739,45.49565,8.94386,28359.2,6.4,27.9,93.4,-67.0,2.3,-1.0,RS41-SG,404.900,9.4,250,10,2.6,-1,-1
2025-12-29T00:26:51.999Z,V2911046,6740,45.49563,8.94422,28365.5,6.0,27.7,92.7,-67.0,2.3,-1.0,RS41-SG,404.900,9.3,250,10,2.5,-1,-1
2025-12-29T00:26:52.999Z,V2911046,6741,45.49562,8.94456,28372.1,6.9,26.6,91.4,-67.0,2.3,-1.0,RS41-SG,404.900,10.0,-125,10,2.5,-1,-1
2025-12-29T00:26:53.999Z,V2911046,6742,45.49562,8.94489,28379.0,6.7,25.0,89.7,-67.1,2.3,-1.0,RS41-SG,404.900,11.3,250,10,2.5,-1,-1
2025-12-29T00:26:54.999Z,V2911046,6743,45.49562,8.94520,28384.7,4.9,23.6,89.8,-67.1,2.3,-1.0,RS41-SG,404.900,11.3,250,10,2.5,-1,-1
2025-12-29T00:26:55.999Z,V2911046,6744,45.49562,8.94549,28390.1,5.9,22.6,91.7,-67.2,2.3,-1.0,RS41-SG,404.900,11.3,250,10,2.6,-1,-1
2025-12-29T00:26:56.999Z,V2911046,6745,45.49561,8.94578,28396.1,6.6,22.6,95.9,-67.2,2.3,-1.0,RS41-SG,404.900,10.6,250,10,2.6,-1,-1
2025-12-29T00:26:57.999Z,V2911046,6746,45.49558,8.94607,28402.4,6.2,23.5,99.7,-67.3,2.3,-1.0,RS41-SG,404.900,10.6,250,10,2.5,-1,-1
2025-12-29T00:26:58.999Z,V2911046,6747,45.49554,8.94637,28407.8,4.4,24.3,102.6,-67.3,2.3,-1.0,RS41-SG,404.900,11.2,250,10,2.5,-1,-1
2025-12-29T00:26:59.999Z,V2911046,6748,45.49549,8.94668,28412.4,4.5,24.8,103.8,-67.3,2.3,-1.0,RS41-SG,404.900,11.2,250,10,2.5,-1,-1
2025-12-29T00:27:00.999Z,V2911046,6749,45.49543,8.94698,28417.3,5.7,24.9,103.4,-67.3,2.3,-1.0,RS41-SG,404.900,10.9,250,10,2.6,-1,-1
2025-12-29T00:27:01.999Z,V2911046,6750,45.49539,8.94729,28423.4,6.8,24.4,100.5,-67.2,2.3,-1.0,RS41-SG,404.900,10.9,250,10,2.6,-1,-1
2025-12-29T00:27:02.999Z,V2911046,6751,45.49536,8.94760,28430.2,6.7,24.1,96.6,-67.0,2.2,-1.0,RS41-SG,404.900,9.0,250,10,2.5,-1,-1
2025-12-29T00:27:03.999Z,V2911046,6752,45.49534,8.94791,28436.5,5.9,24.4,92.7,-66.8,2.2,-1.0,RS41-SG,404.900,9.7,-125,9,2.5,-1,-1
2025-12-29T00:27:04.999Z,V2911046,6753,45.49534,8.94822,28442.1,5.2,25.3,89.4,-66.8,2.2,-1.0,RS41-SG,404.900,10.7,250,9,2.5,-1,-1
2025-12-29T00:27:06.999Z,V2911046,6755,45.49534,8.94890,28454.5,7.1,28.0,89.9,-66.7,2.2,-1.0,RS41-SG,404.900,8.1,-125,10,2.6,-1,-1
2025-12-29T00:27:07.999Z,V2911046,6756,45.49534,8.94926,28460.7,5.7,28.3,92.1,-66.7,2.1,-1.0,RS41-SG,404.900,8.3,-125,9,2.6,-1,-1
2025-12-29T00:27:08.999Z,V2911046,6757,45.49532,8.94962,28466.7,6.3,27.8,94.6,-66.7,2.1,-1.0,RS41-SG,404.900,8.3,-125,10,2.5,-1,-1
2025-12-29T00:27:10.999Z,V2911046,6759,45.49527,8.95027,28481.0,6.8,23.7,100.4,-66.8,2.2,-1.0,RS41-SG,404.900,8.4,250,9,2.5,-1,-1
2025-12-29T00:27:11.999Z,V2911046,6760,45.49522,8.95055,28487.1,5.8,21.7,103.8,-66.8,2.1,-1.0,RS41-SG,404.900,8.5,250,10,2.5,-1,-1
2025-12-29T00:27:12.999Z,V2911046,6761,45.49517,8.95081,28492.5,5.4,20.4,108.7,-66.8,2.2,-1.0,RS41-SG,404.900,8.7,250,10,2.6,-1,-1
2025-12-29T00:27:13.999Z,V2911046,6762,45.49511,8.95106,28498.5,6.7,20.4,112.0,-66.9,2.2,-1.0,RS41-SG,404.900,9.1,250,10,2.6,-1,-1
2025-12-29T00:27:14.999Z,V2911046,6763,45.49504,8.95130,28505.0,6.0,21.3,113.0,-66.9,2.2,-1.0,RS41-SG,404.900,10.2,250,10,2.5,-1,-1
2025-12-29T00:27:15.999Z,V2911046,6764,45.49497,8.95156,28510.9,5.6,22.3,110.0,-66.9,2.2,-1.0,RS41-SG,404.900,10.2,250,10,2.5,-1,-1
2025-12-29T00:27:16.999Z,V2911046,6765,45.49491,8.95184,28517.2,6.8,23.2,105.1,-66.9,2.2,-1.0,RS41-SG,404.900,9.2,250,10,2.5,-1,-1
2025-12-29T00:27:17.999Z,V2911046,6766,45.49486,8.95213,28524.2,7.5,24.1,98.2,-66.9,2.2,-1.0,RS41-SG,404.900,9.1,250,10,2.6,-1,-1
2025-12-29T00:27:18.999Z,V2911046,6767,45.49484,8.95244,28530.5,5.6,24.8,93.0,-66.8,2.2,-1.0,RS41-SG,404.900,9.5,250,10,2.6,-1,-1
2025-12-29T00:27:19.999Z,V2911046,6768,45.49484,8.95276,28535.6,4.3,26.1,88.5,-66.8,2.1,-1.0,RS41-SG,404.900,9.5,-125,10,2.5,-1,-1
2025-12-29T00:27:20.999Z,V2911046,6769,45.49485,8.95311,28540.4,4.9,27.6,86.6,-66.7,2.1,-1.0,RS41-SG,404.900,9.1,-125,10,2.5,-1,-1
2025-12-29T00:27:21.999Z,V2911046,6770,45.49487,8.95347,28546.2,6.8,29.2,87.3,-66.6,2.1,-1.0,RS41-SG,404.900,9.7,250,10,2.5,-1,-1
2025-12-29T00:27:22.999Z,V2911046,6771,45.49487,8.95384,28552.8,6.2,29.4,89.8,-66.5,2.1,-1.0,RS41-SG,404.900,9.9,-125,10,2.5,-1,-1
2025-12-29T00:27:23.999Z,V2911046,6772,45.49487,8.95421,28559.3,6.8,28.6,92.9,-66.5,2.1,-1.0,RS41-SG,404.900,9.9,250,9,2.6,-1,-1
2025-12-29T00:27:24.999Z,V2911046,6773,45.49485,8.95456,28566.4,7.4,26.5,95.8,-66.5,2.1,-1.0,RS41-SG,404.900,11.0,250,10,2.6,-1,-1
2025-12-29T00:27:25.999Z,V2911046,6774,45.49482,8.95488,28573.4,6.9,23.9,98.3,-66.4,2.1,-1.0,RS41-SG,404.900,11.0,250,10,2.5,-1,-1
2025-12-29T00:27:26.999Z,V2911046,6775,45.49479,8.95517,28579.0,4.2,22.1,99.7,-66.4,2.1,-1.0,RS41-SG,404.900,10.5,250,10,2.5,-1,-1
2025-12-29T00:27:28.999Z,V2911046,6777,45.49471,8.95568,28589.4,6.6,19.9,105.1,-66.4,2.1,-1.0,RS41-SG,404.900,10.0,250,10,2.5,-1,-1
2025-12-29T00:27:29.999Z,V2911046,6778,45.49466,8.95593,28595.9,6.5,20.5,105.6,-66.4,2.1,-1.0,RS41-SG,404.900,10.3,250,10,2.6,-1,-1
2025-12-29T00:27:30.999Z,V2911046,6779,45.49461,8.95619,28601.9,5.6,21.4,103.9,-66.5,2.1,-1.0,RS41-SG,404.900,10.3,250,10,2.6,-1,-1
2025-12-29T00:27:31.999Z,V2911046,6780,45.49457,8.95646,28608.4,7.3,22.3,99.5,-66.5,2.2,-1.0,RS41-SG,404.900,9.2,250,10,2.5,-1,-1
2025-12-29T00:27:32.999Z,V2911046,6781,45.49455,8.95674,28616.0,7.1,22.8,94.2,-66.5,2.2,-1.0,RS41-SG,404.900,9.4,250,10,2.5,-1,-1
2025-12-29T00:27:33.999Z,V2911046,6782,45.49454,8.95704,28621.9,5.1,23.3,90.3,-66.6,2.2,-1.0,RS41-SG,404.900,9.8,-125,10,2.5,-1,-1
2025-12-29T00:27:34.999Z,V2911046,6783,45.49455,8.95734,28627.1,5.5,24.6,87.2,-66.6,2.2,-1.0,RS41-SG,404.900,9.9,-125,10,2.6,-1,-1
2025-12-29T00:27:35.999Z,V2911046,6784,45.49456,8.95766,28632.9,6.2,26.1,86.6,-66.7,2.2,-1.0,RS41-SG,404.900,9.9,-125,10,2.6,-1,-1
2025-12-29T00:27:36.999Z,V2911046,6785,45.49457,8.95800,28639.2,6.5,27.3,87.7,-66.7,2.2,-1.0,RS41-SG,404.900,9.1,-125,10,2.5,-1,-1
2025-12-29T00:27:37.999Z,V2911046,6786,45.49458,8.95835,28645.2,5.3,27.8,89.1,-66.8,2.2,-1.0,RS41-SG,404.900,10.2,250,10,2.5,-1,-1
2025-12-29T00:27:38.999Z,V2911046,6787,45.49458,8.95871,28650.8,5.5,27.3,90.2,-66.8,2.2,-1.0,RS41-SG,404.900,10.2,250,9,2.5,-1,-1
2025-12-29T00:27:39.999Z,V2911046,6788,45.49458,8.95904,28657.0,7.0,25.7,90.9,-66.9,2.2,-1.0,RS41-SG,404.900,10.2,-125,10,2.5,-1,-1
2025-12-29T00:27:40.999Z,V2911046,6789,45.49457,8.95936,28663.9,6.9,23.7,90.7,-66.9,2.3,-1.0,RS41-SG,404.900,10.1,250,10,2.6,-1,-1
2025-12-29T00:27:43.999Z,V2911046,6792,45.49456,8.96019,28682.0,6.9,20.5,94.5,-67.0,2.3,-1.0,RS41-SG,404.900,10.1,250,10,2.5,-1,-1
2025-12-29T00:27:46.999Z,V2911046,6795,45.49450,8.96099,28700.1,6.8,21.9,95.0,-67.1,2.3,-1.0,RS41-SG,404.900,10.0,250,10,2.6,-1,-1
2025-12-29T00:27:47.999Z,V2911046,6796,45.49449,8.96127,28707.1,6.9,22.3,90.2,-67.1,2.3,-1.0,RS41-SG,404.900,10.7,-125,10,2.6,-1,-1
2025-12-29T00:27:48.999Z,V2911046,6797,45.49449,8.96156,28713.4,5.5,22.6,86.5,-67.1,2.3,-1.0,RS41-SG,404.900,10.7,-125,10,2.5,-1,-1
2025-12-29T00:27:49.999Z,V2911046,6798,45.49451,8.96185,28718.8,5.3,23.3,84.0,-67.2,2.3,-1.0,RS41-SG,404.900,9.8,250,10,2.5,-1,-1
2025-12-29T00:27:50.999Z,V2911046,6799,45.49453,8.96215,28724.6,5.8,24.2,83.9,-67.2,2.3,-1.0,RS41-SG,404.900,9.7,250,9,2.5,-1,-1
2025-12-29T00:27:51.999Z,V2911046,6800,45.49456,8.96247,28731.0,6.7,25.2,85.7,-67.2,2.3,-1.0,RS41-SG,404.900,10.3,250,10,2.6,-1,-1
2025-12-29T00:27:52.999Z,V2911046,6801,45.49457,8.96279,28737.6,6.2,25.8,88.3,-67.3,2.3,-1.0,RS41-SG,404.900,10.3,250,10,2.6,-1,-1
2025-12-29T00:27:53.999Z,V2911046,6802,45.49457,8.96312,28743.2,4.5,26.1,90.0,-67.3,2.3,-1.0,RS41-SG,404.900,9.3,-125,10,2.5,-1,-1
2025-12-29T00:27:54.999Z,V2911046,6803,45.49457,8.96345,28748.6,5.6,25.5,90.9,-67.3,2.3,-1.0,RS41-SG,404.900,9.3,250,10,2.5,-1,-1
2025-12-29T00:27:55.999Z,V2911046,6804,45.49457,8.96377,28754.8,7.1,24.4,90.6,-67.3,2.3,-1.0,RS41-SG,404.900,9.2,-125,10,2.5,-1,-1
2025-12-29T00:27:56.999Z,V2911046,6805,45.49457,8.96407,28761.5,6.1,23.3,89.1,-67.3,2.2,-1.0,RS41-SG,404.900,8.6,250,10,2.5,-1,-1
2025-12-29T00:27:57.999Z,V2911046,6806,45.49457,8.96436,28767.3,5.3,22.6,88.1,-67.3,2.3,-1.0,RS41-SG,404.900,9.2,250,10,2.6,-1,-1
2025-12-29T00:27:58.999Z,V2911046,6807,45.49458,8.96465,28772.9,6.0,22.2,88.8,-67.3,2.3,-1.0,RS41-SG,404.900,10.1,250,10,2.6,-1,-1
2025-12-29T00:27:59.999Z,V2911046,6808,45.49458,8.96493,28779.2,6.4,22.6,90.4,-67.3,2.2,-1.0,RS41-SG,404.900,10.1,250,10,2.5,-1,-1
2025-12-29T00:28:01.999Z,V2911046,6810,45.49456,8.96553,28791.6,5.5,24.0,93.4,-67.2,2.2,-1.0,RS41-SG,404.900,10.2,250,10,2.5,-1,-1
2025-12-29T00:28:02.999Z,V2911046,6811,45.49455,8.96584,28796.6,4.9,24.8,92.0,-67.2,2.3,-1.0,RS41-SG,404.900,10.2,250,10,2.5,-1,-1
2025-12-29T00:28:04.999Z,V2911046,6813,45.49457,8.96649,28808.6,7.0,26.5,84.0,-67.2,2.2,-1.0,RS41-SG,404.900,7.5,-125,10,2.6,-1,-1
2025-12-29T00:28:05.999Z,V2911046,6814,45.49460,8.96683,28814.7,5.3,27.2,81.3,-67.2,2.3,-1.0,RS41-SG,404.900,7.3,-125,10,2.5,-1,-1
2025-12-29T00:28:06.999Z,V2911046,6815,45.49464,8.96717,28819.6,5.0,27.9,80.7,-67.2,2.2,-1.0,RS41-SG,404.900,9.1,-125,10,2.5,-1,-1
2025-12-29T00:28:07.999Z,V2911046,6816,45.49467,8.96753,28825.5,6.7,28.5,82.4,-67.2,2.3,-1.0,RS41-SG,404.900,9.1,-125,10,2.5,-1,-1
2025-12-29T00:28:08.999Z,V2911046,6817,45.49470,8.96789,28832.5,7.5,28.6,86.1,-67.2,2.2,-1.0,RS41-SG,404.900,8.5,250,10,2.6,-1,-1
2025-12-29T00:28:09.999Z,V2911046,6818,45.49471,8.96825,28839.2,5.4,28.1,89.4,-67.2,2.2,-1.0,RS41-SG,404.900,8.3,250,10,2.6,-1,-1
2025-12-29T00:28:10.999Z,V2911046,6819,45.49470,8.96860,28844.8,5.6,27.4,93.1,-67.2,2.2,-1.0,RS41-SG,404.900,9.9,250,10,2.5,-1,-1
2025-12-29T00:28:11.999Z,V2911046,6820,45.49469,8.96894,28851.1,6.9,25.8,94.7,-67.2,2.2,-1.0,RS41-SG,404.900,9.9,250,10,2.5,-1,-1
2025-12-29T00:28:12.999Z,V2911046,6821,45.49467,8.96926,28857.8,6.6,24.5,94.0,-67.2,2.2,-1.0,RS41-SG,404.900,9.7,250,10,2.5,-1,-1
2025-12-29T00:28:13.999Z,V2911046,6822,45.49466,8.96957,28863.4,4.7,23.7,92.5,-67.1,2.2,-1.0,RS41-SG,404.900,9.7,250,10,2.5,-1,-1
2025-12-29T00:28:14.999Z,V2911046,6823,45.49465,8.96986,28868.5,5.6,23.2,91.5,-67.1,2.2,-1.0,RS41-SG,404.900,9.6,-125,10,2.6,-1,-1
2025-12-29T00:28:15.999Z,V2911046,6824,45.49464,8.97016,28875.0,7.2,23.4,91.4,-67.1,2.2,-1.0,RS41-SG,404.900,9.6,250,9,2.6,-1,-1
2025-12-29T00:28:18.999Z,V2911046,6827,45.49464,8.97110,28893.9,6.3,26.4,87.8,-66.9,2.1,-1.0,RS41-SG,404.900,9.1,-125,10,2.5,-1,-1
2025-12-29T00:28:19.999Z,V2911046,6828,45.49465,8.97145,28900.4,6.9,27.5,84.4,-66.9,2.1,-1.0,RS41-SG,404.900,9.3,-125,9,2.5,-1,-1
2025-12-29T00:28:20.999Z,V2911046,6829,45.49468,8.97180,28906.6,5.2,28.3,81.7,-66.9,2.1,-1.0,RS41-SG,404.900,9.5,-125,10,2.6,-1,-1
2025-12-29T00:28:21.999Z,V2911046,6830,45.49472,8.97216,28911.5,5.0,29.0,81.2,-66.9,2.1,-1.0,RS41-SG,404.900,9.7,-125,10,2.6,-1,-1
2025-12-29T00:28:22.999Z,V2911046,6831,45.49476,8.97253,28917.2,6.1,29.3,83.0,-66.9,2.2,-1.0,RS41-SG,404.900,9.9,-125,10,2.5,-1,-1
2025-12-29T00:28:23.999Z,V2911046,6832,45.49478,8.97290,28923.8,6.9,29.6,86.8,-66.9,2.1,-1.0,RS41-SG,404.900,9.9,-125,10,2.5,-1,-1
2025-12-29T00:28:24.999Z,V2911046,6833,45.49478,8.97328,28930.2,5.7,29.5,90.8,-66.8,2.2,-1.0,RS41-SG,404.900,9.5,250,9,2.5,-1,-1
2025-12-29T00:28:25.999Z,V2911046,6834,45.49477,8.97365,28935.6,5.4,29.4,93.6,-66.8,2.1,-1.0,RS41-SG,404.900,10.0,-125,10,2.6,-1,-1
2025-12-29T00:28:26.999Z,V2911046,6835,45.49476,8.97402,28941.5,6.4,28.8,94.7,-66.8,2.1,-1.0,RS41-SG,404.900,10.1,-125,10,2.6,-1,-1
2025-12-29T00:28:27.999Z,V2911046,6836,45.49474,8.97438,28948.1,7.4,27.9,93.9,-66.7,2.1,-1.0,RS41-SG,404.900,10.1,250,10,2.5,-1,-1
2025-12-29T00:28:28.999Z,V2911046,6837,45.49472,8.97473,28954.7,5.3,27.1,92.3,-66.7,2.1,-1.0,RS41-SG,404.900,10.1,250,10,2.5,-1,-1
2025-12-29T00:28:29.999Z,V2911046,6838,45.49472,8.97507,28960.2,5.5,26.5,91.1,-66.7,2.1,-1.0,RS41-SG,404.900,9.3,-125,10,2.5,-1,-1
2025-12-29T00:28:30.999Z,V2911046,6839,45.49471,8.97541,28966.2,6.9,26.3,90.9,-66.6,2.1,-1.0,RS41-SG,404.900,9.7,-125,10,2.5,-1,-1
2025-12-29T00:28:31.999Z,V2911046,6840,45.49471,8.97574,28973.0,6.4,26.5,92.2,-66.6,2.1,-1.0,RS41-SG,404.900,10.1,-125,10,2.6,-1,-1
2025-12-29T00:28:32.999Z,V2911046,6841,45.49470,8.97608,28978.7,5.3,27.0,91.6,-66.6,2.1,-1.0,RS41-SG,404.900,10.1,-125,10,2.6,-1,-1
2025-12-29T00:28:33.999Z,V2911046,6842,45.49469,8.97643,28984.7,6.5,27.4,90.1,-66.6,2.1,-1.0,RS41-SG,404.900,9.8,-125,10,2.5,-1,-1
2025-12-29T00:28:34.999Z,V2911046,6843,45.49470,8.97678,28991.5,7.2,27.5,87.0,-66.6,2.1,-1.0,RS41-SG,404.900,9.1,-125,10,2.5,-1,-1
2025-12-29T00:28:35.999Z,V2911046,6844,45.49472,8.97713,28998.1,5.8,27.7,84.5,-66.6,2.2,-1.0,RS41-SG,404.900,10.6,-125,10,2.5,-1,-1
2025-12-29T00:28:36.999Z,V2911046,6845,45.49475,8.97748,29003.9,5.5,28.0,82.9,-66.6,2.1,-1.0,RS41-SG,404.900,10.9,-125,10,2.5,-1,-1
2025-12-29T00:28:37.999Z,V2911046,6846,45.49478,8.97784,29009.7,5.8,28.4,83.5,-66.6,2.1,-1.0,RS41-SG,404.900,10.9,-125,10,2.6,-1,-1
2025-12-29T00:28:38.999Z,V2911046,6847,45.49480,8.97820,29015.8,6.5,28.9,85.7,-66.6,2.1,-1.0,RS41-SG,404.900,10.2,-125,10,2.6,-1,-1
2025-12-29T00:28:39.999Z,V2911046,6848,45.49482,8.97857,29022.6,6.9,29.2,88.5,-66.6,2.1,-1.0,RS41-SG,404.900,10.6,-125,10,2.5,-1,-1
2025-12-29T00:28:40.999Z,V2911046,6849,45.49482,8.97894,29028.4,5.0,29.1,89.9,-66.6,2.1,-1.0,RS41-SG,404.900,10.6,-125,10,2.5,-1,-1
2025-12-29T00:28:41.999Z,V2911046,6850,45.49482,8.97931,29033.8,5.2,28.7,90.0,-66.6,2.1,-1.0,RS41-SG,404.900,10.4,-125,10,2.5,-1,-1
2025-12-29T00:28:43.999Z,V2911046,6852,45.49484,8.98002,29046.2,6.8,27.2,85.2,-66.6,2.1,-1.0,RS41-SG,404.900,6.6,-125,10,2.6,-1,-1
2025-12-29T00:28:44.999Z,V2911046,6853,45.49486,8.98037,29052.4,5.5,26.7,82.8,-66.7,2.1,-1.0,RS41-SG,404.900,7.1,-125,10,2.5,-1,-1
2025-12-29T00:28:45.999Z,V2911046,6854,45.49489,8.98070,29057.9,5.7,26.4,81.9,-66.7,2.1,-1.0,RS41-SG,404.900,10.5,-125,10,2.5,-1,-1
2025-12-29T00:28:46.999Z,V2911046,6855,45.49492,8.98103,29064.3,7.0,26.6,83.9,-66.6,2.2,-1.0,RS41-SG,404.900,10.5,-125,10,2.5,-1,-1
2025-12-29T00:28:47.999Z,V2911046,6856,45.49494,8.98138,29071.4,7.4,27.3,87.8,-66.6,2.2,-1.0,RS41-SG,404.900,10.2,-125,10,2.5,-1,-1
2025-12-29T00:28:48.999Z,V2911046,6857,45.49494,8.98173,29077.6,5.2,28.2,90.8,-66.6,2.2,-1.0,RS41-SG,404.900,10.0,250,10,2.6,-1,-1
2025-12-29T00:28:49.999Z,V2911046,6858,45.49493,8.98209,29082.3,4.7,28.8,92.8,-66.6,2.1,-1.0,RS41-SG,404.900,10.2,-125,10,2.6,-1,-1
2025-12-29T00:28:50.999Z,V2911046,6859,45.49492,8.98246,29087.9,6.2,29.3,93.5,-66.5,2.1,-1.0,RS41-SG,404.900,10.2,250,10,2.5,-1,-1
2025-12-29T00:28:51.999Z,V2911046,6860,45.49490,8.98283,29094.9,7.4,28.9,92.4,-66.5,2.1,-1.0,RS41-SG,404.900,8.5,250,10,2.5,-1,-1
2025-12-29T00:28:52.999Z,V2911046,6861,45.49490,8.98320,29101.5,5.4,28.4,90.8,-66.4,2.1,-1.0,RS41-SG,404.900,8.5,-125,10,2.5,-1,-1
2025-12-29T00:28:53.999Z,V2911046,6862,45.49490,8.98356,29106.6,4.9,28.1,89.1,-66.3,2.1,-1.0,RS41-SG,404.900,10.0,250,10,2.5,-1,-1
2025-12-29T00:28:54.999Z,V2911046,6863,45.49490,8.98391,29111.9,5.7,28.1,87.7,-66.3,2.1,-1.0,RS41-SG,404.900,10.8,-125,10,2.6,-1,-1
2025-12-29T00:28:55.999Z,V2911046,6864,45.49492,8.98427,29118.4,7.1,28.5,87.0,-66.1,2.0,-1.0,RS41-SG,404.900,10.8,-125,10,2.6,-1,-1
2025-12-29T00:28:56.999Z,V2911046,6865,45.49493,8.98464,29125.2,6.5,28.6,87.5,-66.0,2.0,-1.0,RS41-SG,404.900,10.1,250,10,2.5,-1,-1
2025-12-29T00:28:57.999Z,V2911046,6866,45.49494,8.98500,29131.3,5.9,28.4,86.7,-66.0,2.0,-1.0,RS41-SG,404.900,9.6,-125,10,2.5,-1,-1
2025-12-29T00:28:58.999Z,V2911046,6867,45.49496,8.98536,29137.4,5.9,28.1,85.1,-65.9,2.0,-1.0,RS41-SG,404.900,9.5,-125,10,2.5,-1,-1
2025-12-29T00:28:59.999Z,V2911046,6868,45.49499,8.98571,29143.8,7.0,27.3,82.7,-65.8,2.0,-1.0,RS41-SG,404.900,9.8,-125,10,2.6,-1,-1
2025-12-29T00:29:00.999Z,V2911046,6869,45.49502,8.98605,29150.0,5.5,26.9,80.9,-65.7,1.9,-1.0,RS41-SG,404.900,9.8,-125,10,2.6,-1,-1
2025-12-29T00:29:01.999Z,V2911046,6870,45.49506,8.98639,29155.7,6.1,26.8,80.8,-65.6,1.9,-1.0,RS41-SG,404.900,9.4,250,10,2.5,-1,-1
2025-12-29T00:29:02.999Z,V2911046,6871,45.49509,8.98673,29162.6,7.4,27.2,83.2,-65.6,1.9,-1.0,RS41-SG,404.900,9.4,250,10,2.5,-1,-1
2025-12-29T00:29:03.999Z,V2911046,6872,45.49511,8.98708,29169.8,6.9,28.1,86.8,-65.5,1.9,-1.0,RS41-SG,404.900,9.5,250,10,2.5,-1,-1
2025-12-29T00:29:04.999Z,V2911046,6873,45.49512,8.98744,29175.4,4.4,28.9,89.4,-65.5,1.9,-1.0,RS41-SG,404.900,9.5,250,10,2.5,-1,-1
2025-12-29T00:29:05.999Z,V2911046,6874,45.49512,8.98781,29179.8,5.0,29.6,91.5,-65.5,1.9,-1.0,RS41-SG,404.900,8.9,-125,10,2.6,-1,-1
2025-12-29T00:29:06.999Z,V2911046,6875,45.49511,8.98819,29185.7,6.5,29.5,91.7,-65.5,1.9,-1.0,RS41-SG,404.900,8.9,-125,10,2.6,-1,-1
2025-12-29T00:29:07.999Z,V2911046,6876,45.49511,8.98856,29192.5,6.9,29.1,90.9,-65.5,1.9,-1.0,RS41-SG,404.900,9.1,250,10,2.5,-1,-1
2025-12-29T00:29:08.999Z,V2911046,6877,45.49510,8.98893,29198.9,5.5,28.5,89.8,-65.5,1.9,-1.0,RS41-SG,404.900,9.1,-125,10,2.5,-1,-1
2025-12-29T00:29:10.999Z,V2911046,6879,45.49511,8.98965,29210.8,6.8,28.3,89.0,-65.5,2.0,-1.0,RS41-SG,404.900,7.1,250,10,2.5,-1,-1
2025-12-29T00:29:11.999Z,V2911046,6880,45.49511,8.99001,29217.4,7.2,29.0,89.7,-65.5,2.0,-1.0,RS41-SG,404.900,7.1,250,10,2.6,-1,-1
2025-12-29T00:29:12.999Z,V2911046,6881,45.49511,8.99038,29223.5,5.0,29.4,90.1,-65.6,2.0,-1.0,RS41-SG,404.900,9.5,-125,10,2.6,-1,-1
2025-12-29T00:29:13.999Z,V2911046,6882,45.49511,8.99076,29228.9,5.9,29.4,89.9,-65.6,2.0,-1.0,RS41-SG,404.900,9.5,-125,10,2.5,-1,-1
2025-12-29T00:29:14.999Z,V2911046,6883,45.49512,8.99113,29235.4,7.1,28.8,88.6,-65.6,2.0,-1.0,RS41-SG,404.900,8.8,-125,10,2.5,-1,-1
2025-12-29T00:29:15.999Z,V2911046,6884,45.49513,8.99149,29242.1,5.9,27.9,87.3,-65.6,2.0,-1.0,RS41-SG,404.900,8.8,-125,10,2.5,-1,-1
2025-12-29T00:29:16.999Z,V2911046,6885,45.49514,8.99184,29247.7,5.2,27.4,86.4,-65.7,2.0,-1.0,RS41-SG,404.900,10.8,-125,10,2.6,-1,-1
2025-12-29T00:29:17.999Z,V2911046,6886,45.49516,8.99219,29253.5,6.5,27.3,86.6,-65.7,2.0,-1.0,RS41-SG,404.900,10.8,-125,10,2.6,-1,-1
2025-12-29T00:29:18.999Z,V2911046,6887,45.49517,8.99254,29260.4,7.4,28.0,88.3,-65.6,2.0,-1.0,RS41-SG,404.900,10.8,-125,10,2.5,-1,-1
2025-12-29T00:29:19.999Z,V2911046,6888,45.49517,8.99291,29267.1,5.9,29.0,89.8,-65.6,2.0,-1.0,RS41-SG,404.900,9.6,250,10,2.5,-1,-1
2025-12-29T00:29:20.999Z,V2911046,6889,45.49517,8.99328,29272.9,5.6,29.7,90.7,-65.6,2.0,-1.0,RS41-SG,404.900,9.2,-125,10,2.5,-1,-1
2025-12-29T00:29:21.999Z,V2911046,6890,45.49517,8.99366,29279.1,6.5,30.2,89.4,-65.6,2.0,-1.0,RS41-SG,404.900,9.7,-125,10,2.5,-1,-1
2025-12-29T00:29:22.999Z,V2911046,6891,45.49518,8.99405,29286.2,7.6,30.0,87.8,-65.6,2.0,-1.0,RS41-SG,404.900,9.7,-125,10,2.6,-1,-1
2025-12-29T00:29:23.999Z,V2911046,6892,45.49519,8.99443,29292.9,6.1,29.9,86.1,-65.6,2.0,-1.0,RS41-SG,404.900,10.0,-125,10,2.6,-1,-1
2025-12-29T00:29:24.999Z,V2911046,6893,45.49521,8.99481,29298.9,5.6,29.9,85.4,-65.6,2.0,-1.0,RS41-SG,404.900,10.4,-125,10,2.5,-1,-1
2025-12-29T00:29:25.999Z,V2911046,6894,45.49523,8.99519,29304.8,6.3,30.4,85.6,-65.6,2.0,-1.0,RS41-SG,404.900,10.4,-125,10,2.5,-1,-1
2025-12-29T00:29:26.999Z,V2911046,6895,45.49525,8.99558,29311.5,7.2,31.0,87.6,-65.6,2.0,-1.0,RS41-SG,404.900,10.3,-125,10,2.5,-1,-1
2025-12-29T00:29:27.999Z,V2911046,6896,45.49525,8.99598,29318.1,6.2,31.5,89.6,-65.5,2.0,-1.0,RS41-SG,404.900,10.2,-125,10,2.5,-1,-1
2025-12-29T00:29:28.999Z,V2911046,6897,45.49525,8.99638,29324.0,5.5,31.4,91.3,-65.5,2.0,-1.0,RS41-SG,404.900,10.2,-125,10,2.6,-1,-1
2025-12-29T00:29:29.999Z,V2911046,6898,45.49525,8.99678,29329.4,5.7,31.0,91.8,-65.6,2.0,-1.0,RS41-SG,404.900,9.7,-125,10,2.6,-1,-1
2025-12-29T00:29:30.999Z,V2911046,6899,45.49524,8.99717,29335.6,6.8,29.8,91.1,-65.6,2.0,-1.0,RS41-SG,404.900,9.6,-125,10,2.5,-1,-1
2025-12-29T00:29:31.999Z,V2911046,6900,45.49524,8.99754,29342.4,6.5,28.6,90.0,-65.6,2.0,-1.0,RS41-SG,404.900,9.7,-125,10,2.5,-1,-1
2025-12-29T00:29:32.999Z,V2911046,6901,45.49524,8.99790,29348.5,5.5,27.9,89.2,-65.6,2.0,-1.0,RS41-SG,404.900,10.6,-125,10,2.5,-1,-1
2025-12-29T00:29:33.999Z,V2911046,6902,45.49524,8.99825,29354.5,6.3,27.9,89.6,-65.6,2.0,-1.0,RS41-SG,404.900,10.6,-125,10,2.6,-1,-1
2025-12-29T00:29:34.999Z,V2911046,6903,45.49524,8.99861,29361.1,7.4,28.7,91.5,-65.6,2.0,-1.0,RS41-SG,404.900,10.0,-125,10,2.6,-1,-1
2025-12-29T00:29:35.999Z,V2911046,6904,45.49523,8.99898,29367.9,6.2,29.8,93.2,-65.6,2.0,-1.0,RS41-SG,404.900,10.7,-125,10,2.5,-1,-1
2025-12-29T00:29:36.999Z,V2911046,6905,45.49521,8.99937,29373.6,5.4,30.7,94.3,-65.6,2.0,-1.0,RS41-SG,404.900,10.7,-125,10,2.5,-1,-1
2025-12-29T00:29:37.999Z,V2911046,6906,45.49519,8.99976,29379.0,5.7,31.2,94.3,-65.6,2.0,-1.0,RS41-SG,404.900,10.2,-125,10,2.5,-1,-1
2025-12-29T00:29:38.999Z,V2911046,6907,45.49517,9.00016,29385.6,7.3,30.9,93.3,-65.6,2.0,-1.0,RS41-SG,404.900,9.9,-125,10,2.5,-1,-1
2025-12-29T00:29:39.999Z,V2911046,6908,45.49516,9.00055,29392.3,6.4,30.5,91.5,-65.5,2.0,-1.0,RS41-SG,404.900,9.9,-125,10,2.6,-1,-1
2025-12-29T00:29:40.999Z,V2911046,6909,45.49515,9.00093,29398.0,5.2,30.4,90.2,-65.6,2.0,-1.0,RS41-SG,404.900,9.6,-125,10,2.6,-1,-1
2025-12-29T00:29:41.999Z,V2911046,6910,45.49515,9.00132,29403.9,6.4,30.6,90.0,-65.6,2.0,-1.0,RS41-SG,404.900,9.2,-125,10,2.5,-1,-1
2025-12-29T00:29:42.999Z,V2911046,6911,45.49515,9.00172,29410.7,7.1,31.2,91.2,-65.6,2.0,-1.0,RS41-SG,404.900,9.6,-125,10,2.5,-1,-1
2025-12-29T00:29:43.999Z,V2911046,6912,45.49514,9.00212,29416.7,5.4,31.6,92.2,-65.6,2.0,-1.0,RS41-SG,404.900,9.6,-125,10,2.5,-1,-1
2025-12-29T00:29:44.999Z,V2911046,6913,45.49513,9.00252,29422.4,6.1,31.5,93.0,-65.6,2.0,-1.0,RS41-SG,404.900,9.3,-125,10,2.5,-1,-1
2025-12-29T00:29:45.999Z,V2911046,6914,45.49511,9.00292,29429.1,7.4,30.9,92.8,-65.6,2.0,-1.0,RS41-SG,404.900,8.9,-125,10,2.6,-1,-1
2025-12-29T00:29:46.999Z,V2911046,6915,45.49510,9.00331,29435.8,6.1,30.0,92.0,-65.6,2.0,-1.0,RS41-SG,404.900,9.2,-125,10,2.6,-1,-1
2025-12-29T00:29:47.999Z,V2911046,6916,45.49509,9.00368,29441.5,5.3,29.6,91.3,-65.6,2.0,-1.0,RS41-SG,404.900,9.2,-125,10,2.5,-1,-1
2025-12-29T00:29:48.999Z,V2911046,6917,45.49509,9.00406,29447.5,6.4,29.8,91.6,-65.6,2.0,-1.0,RS41-SG,404.900,8.9,-125,10,2.5,-1,-1
2025-12-29T00:29:50.999Z,V2911046,6919,45.49506,9.00484,29461.1,5.7,31.6,94.1,-65.7,2.0,-1.0,RS41-SG,404.900,8.4,-125,10,2.6,-1,-1
2025-12-29T00:29:51.999Z,V2911046,6920,45.49504,9.00525,29466.7,5.7,32.1,94.3,-65.7,2.0,-1.0,RS41-SG,404.900,8.5,-125,10,2.6,-1,-1
2025-12-29T00:29:52.999Z,V2911046,6921,45.49502,9.00565,29473.1,7.1,32.1,93.3,-65.8,2.1,-1.0,RS41-SG,404.900,8.6,250,10,2.5,-1,-1
2025-12-29T00:29:53.999Z,V2911046,6922,45.49501,9.00606,29479.8,6.4,31.6,91.7,-65.8,2.1,-1.0,RS41-SG,404.900,9.3,250,10,2.5,-1,-1
2025-12-29T00:29:54.999Z,V2911046,6923,45.49500,9.00646,29485.9,5.5,31.1,90.7,-65.8,2.1,-1.0,RS41-SG,404.900,9.9,250,10,2.5,-1,-1
2025-12-29T00:29:55.999Z,V2911046,6924,45.49500,9.00685,29491.9,6.3,30.8,91.0,-65.8,2.1,-1.0,RS41-SG,404.900,9.9,-125,10,2.5,-1,-1
2025-12-29T00:29:56.999Z,V2911046,6925,45.49499,9.00724,29498.6,7.5,31.0,92.7,-65.9,2.1,-1.0,RS41-SG,404.900,9.4,-125,10,2.6,-1,-1
2025-12-29T00:29:57.999Z,V2911046,6926,45.49497,9.00764,29504.8,5.5,31.1,94.5,-65.9,2.1,-1.0,RS41-SG,404.900,9.0,-125,10,2.6,-1,-1
2025-12-29T00:29:58.999Z,V2911046,6927,45.49494,9.00803,29510.2,5.4,30.6,96.4,-65.9,2.0,-1.0,RS41-SG,404.900,9.9,250,10,2.5,-1,-1
2025-12-29T00:29:59.999Z,V2911046,6928,45.49491,9.00841,29516.3,6.7,29.5,97.1,-65.9,2.1,-1.0,RS41-SG,404.900,9.9,250,10,2.5,-1,-1
2025-12-29T00:30:00.999Z,V2911046,6929,45.49488,9.00877,29523.3,7.0,28.0,96.7,-65.9,2.0,-1.0,RS41-SG,404.900,9.6,250,10,2.5,-1,-1
2025-12-29T00:30:02.999Z,V2911046,6931,45.49483,9.00946,29535.4,6.4,27.1,95.3,-65.9,2.1,-1.0,RS41-SG,404.900,8.3,250,10,2.6,-1,-1
2025-12-29T00:30:03.999Z,V2911046,6932,45.49481,9.00982,29542.5,7.6,28.4,95.2,-65.9,2.0,-1.0,RS41-SG,404.900,8.3,-125,10,2.6,-1,-1
2025-12-29T00:30:04.999Z,V2911046,6933,45.49478,9.01019,29549.9,6.8,30.0,95.5,-65.9,2.1,-1.0,RS41-SG,404.900,7.8,-125,10,2.5,-1,-1
2025-12-29T00:30:05.999Z,V2911046,6934,45.49476,9.01058,29555.9,5.3,31.6,95.1,-65.9,2.0,-1.0,RS41-SG,404.900,7.5,-125,10,2.5,-1,-1
2025-12-29T00:30:06.999Z,V2911046,6935,45.49473,9.01099,29561.6,5.8,32.7,94.0,-65.8,2.0,-1.0,RS41-SG,404.900,7.5,-125,10,2.5,-1,-1
2025-12-29T00:30:07.999Z,V2911046,6936,45.49472,9.01140,29567.9,7.4,33.0,92.2,-65.8,2.0,-1.0,RS41-SG,404.900,8.7,-125,10,2.6,-1,-1
2025-12-29T00:30:08.999Z,V2911046,6937,45.49471,9.01182,29574.5,5.9,32.7,90.7,-65.8,2.0,-1.0,RS41-SG,404.900,9.2,-125,10,2.6,-1,-1
2025-12-29T00:30:09.999Z,V2911046,6938,45.49471,9.01224,29580.1,5.3,32.2,89.8,-65.8,2.0,-1.0,RS41-SG,404.900,9.2,-125,10,2.5,-1,-1
2025-12-29T00:30:10.999Z,V2911046,6939,45.49471,9.01265,29586.3,6.7,31.9,90.3,-65.8,2.0,-1.0,RS41-SG,404.900,9.6,-125,10,2.5,-1,-1
2025-12-29T00:30:11.999Z,V2911046,6940,45.49470,9.01305,29593.2,7.7,31.9,92.3,-65.7,2.0,-1.0,RS41-SG,404.900,9.6,-125,10,2.5,-1,-1
2025-12-29T00:30:12.999Z,V2911046,6941,45.49469,9.01346,29600.0,5.9,31.8,94.8,-65.7,2.0,-1.0,RS41-SG,404.900,8.9,-125,10,2.5,-1,-1
2025-12-29T00:30:13.999Z,V2911046,6942,45.49466,9.01385,29605.6,5.7,31.1,97.4,-65.7,2.0,-1.0,RS41-SG,404.900,8.8,250,10,2.6,-1,-1
2025-12-29T00:30:14.999Z,V2911046,6943,45.49462,9.01424,29611.5,6.0,29.9,99.7,-65.7,2.0,-1.0,RS41-SG,404.900,8.8,250,10,2.6,-1,-1
2025-12-29T00:30:15.999Z,V2911046,6944,45.49457,9.01460,29617.8,6.8,28.8,100.9,-65.7,2.0,-1.0,RS41-SG,404.900,8.7,250,10,2.5,-1,-1
2025-12-29T00:30:16.999Z,V2911046,6945,45.49452,9.01496,29624.2,5.9,28.0,101.5,-65.7,2.0,-1.0,RS41-SG,404.900,9.0,250,10,2.5,-1,-1
2025-12-29T00:30:17.999Z,V2911046,6946,45.49447,9.01531,29629.9,5.7,28.4,101.8,-65.5,2.0,-1.0,RS41-SG,404.900,9.0,250,10,2.5,-1,-1
2025-12-29T00:30:18.999Z,V2911046,6947,45.49442,9.01567,29635.9,6.7,29.8,101.9,-65.4,1.9,-1.0,RS41-SG,404.900,8.7,250,10,2.5,-1,-1
2025-12-29T00:30:19.999Z,V2911046,6948,45.49436,9.01606,29642.8,7.5,32.1,101.5,-65.3,1.9,-1.0,RS41-SG,404.900,8.5,250,10,2.6,-1,-1
2025-12-29T00:30:20.999Z,V2911046,6949,45.49430,9.01647,29649.5,5.8,33.8,100.9,-65.2,1.9,-1.0,RS41-SG,404.900,8.5,-125,10,2.6,-1,-1
2025-12-29T00:30:21.999Z,V2911046,6950,45.49425,9.01690,29655.1,5.4,35.1,99.8,-65.1,1.9,-1.0,RS41-SG,404.900,8.6,-125,10,2.5,-1,-1
2025-12-29T00:30:22.999Z,V2911046,6951,45.49420,9.01735,29661.2,7.0,35.4,97.7,-65.1,1.8,-1.0,RS41-SG,404.900,8.8,-125,10,2.5,-1,-1
2025-12-29T00:30:23.999Z,V2911046,6952,45.49416,9.01779,29668.5,7.6,34.3,95.8,-65.1,1.9,-1.0,RS41-SG,404.900,9.6,-125,10,2.5,-1,-1
2025-12-29T00:30:24.999Z,V2911046,6953,45.49414,9.01822,29674.9,5.3,33.0,94.6,-65.1,1.9,-1.0,RS41-SG,404.900,9.6,-125,10,2.6,-1,-1
2025-12-29T00:30:25.999Z,V2911046,6954,45.49412,9.01863,29680.1,5.3,31.7,94.1,-65.2,1.9,-1.0,RS41-SG,404.900,10.0,-125,10,2.6,-1,-1
2025-12-29T00:30:26.999Z,V2911046,6955,45.49409,9.01902,29686.1,6.6,30.6,95.6,-65.2,1.9,-1.0,RS41-SG,404.900,10.3,250,10,2.5,-1,-1
2025-12-29T00:30:27.999Z,V2911046,6956,45.49406,9.01941,29692.9,7.0,30.4,98.3,-65.2,1.9,-1.0,RS41-SG,404.900,10.3,-125,10,2.5,-1,-1
2025-12-29T00:30:28.999Z,V2911046,6957,45.49401,9.01979,29699.4,6.2,30.4,100.7,-65.3,2.0,-1.0,RS41-SG,404.900,11.0,250,10,2.5,-1,-1
2025-12-29T00:30:29.999Z,V2911046,6958,45.49396,9.02017,29705.3,5.5,30.0,103.2,-65.3,2.0,-1.0,RS41-SG,404.900,11.0,250,10,2.5,-1,-1
2025-12-29T00:30:30.999Z,V2911046,6959,45.49389,9.02053,29710.8,5.9,29.5,104.5,-65.4,2.0,-1.0,RS41-SG,404.900,9.2,-125,10,2.6,-1,-1
2025-12-29T00:30:31.999Z,V2911046,6960,45.49383,9.02089,29717.3,7.2,28.7,104.9,-65.4,2.0,-1.0,RS41-SG,404.900,9.6,-125,10,2.6,-1,-1
2025-12-29T00:30:32.999Z,V2911046,6961,45.49376,9.02125,29723.9,6.1,28.6,104.0,-65.5,2.0,-1.0,RS41-SG,404.900,9.6,-125,10,2.5,-1,-1
2025-12-29T00:30:33.999Z,V2911046,6962,45.49370,9.02161,29730.3,6.4,29.3,103.0,-65.5,2.0,-1.0,RS41-SG,404.900,8.7,-125,10,2.5,-1,-1
2025-12-29T00:30:34.999Z,V2911046,6963,45.49365,9.02198,29737.1,6.9,31.1,101.5,-65.6,2.0,-1.0,RS41-SG,404.900,8.6,-125,10,2.5,-1,-1
2025-12-29T00:30:35.999Z,V2911046,6964,45.49359,9.02238,29744.0,7.0,33.1,101.3,-65.6,2.1,-1.0,RS41-SG,404.900,9.8,-125,10,2.5,-1,-1
2025-12-29T00:30:36.999Z,V2911046,6965,45.49353,9.02281,29749.9,4.7,34.7,100.9,-65.7,2.0,-1.0,RS41-SG,404.900,9.8,-125,10,2.6,-1,-1
2025-12-29T00:30:37.999Z,V2911046,6966,45.49348,9.02325,29754.9,5.5,35.8,99.7,-65.7,2.0,-1.0,RS41-SG,404.900,9.7,-125,10,2.6,-1,-1
2025-12-29T00:30:38.999Z,V2911046,6967,45.49343,9.02370,29761.4,7.3,35.7,97.9,-65.7,2.0,-1.0,RS41-SG,404.900,9.9,-125,10,2.5,-1,-1
2025-12-29T00:30:39.999Z,V2911046,6968,45.49339,9.02414,29768.3,6.5,34.4,96.8,-65.8,2.0,-1.0,RS41-SG,404.900,10.0,-125,10,2.5,-1,-1
2025-12-29T00:30:40.999Z,V2911046,6969,45.49335,9.02457,29774.2,5.3,33.2,95.6,-65.8,2.1,-1.0,RS41-SG,404.900,11.0,-125,10,2.5,-1,-1
2025-12-29T00:30:41.999Z,V2911046,6970,45.49332,9.02498,29779.7,5.7,32.0,96.2,-65.8,2.1,-1.0,RS41-SG,404.900,11.0,-125,10,2.6,-1,-1
2025-12-29T00:30:42.999Z,V2911046,6971,45.49329,9.02538,29785.6,6.1,31.4,97.7,-65.8,2.1,-1.0,RS41-SG,404.900,11.5,-125,10,2.6,-1,-1
2025-12-29T00:30:43.999Z,V2911046,6972,45.49324,9.02578,29792.1,7.1,31.2,100.2,-65.9,2.1,-1.0,RS41-SG,404.900,11.5,-125,10,2.5,-1,-1
2025-12-29T00:30:44.999Z,V2911046,6973,45.49319,9.02617,29798.8,5.8,31.2,101.6,-65.9,2.1,-1.0,RS41-SG,404.900,11.1,-125,10,2.5,-1,-1
2025-12-29T00:30:45.999Z,V2911046,6974,45.49313,9.02655,29804.6,5.7,30.8,101.8,-65.9,2.1,-1.0,RS41-SG,404.900,10.6,-125,10,2.5,-1,-1
2025-12-29T00:30:46.999Z,V2911046,6975,45.49308,9.02693,29810.7,6.3,29.9,100.9,-65.9,2.1,-1.0,RS41-SG,404.900,11.2,-125,10,2.5,-1,-1
2025-12-29T00:30:47.999Z,V2911046,6976,45.49304,9.02730,29817.1,6.9,28.9,99.0,-66.0,2.1,-1.0,RS41-SG,404.900,11.2,-125,10,2.6,-1,-1
2025-12-29T00:30:48.999Z,V2911046,6977,45.49300,9.02766,29823.6,6.4,28.2,96.8,-66.0,2.1,-1.0,RS41-SG,404.900,10.7,-125,10,2.6,-1,-1
2025-12-29T00:30:49.999Z,V2911046,6978,45.49298,9.02802,29829.5,5.1,28.1,95.0,-66.0,2.1,-1.0,RS41-SG,404.900,10.9,-125,10,2.5,-1,-1
2025-12-29T00:30:50.999Z,V2911046,6979,45.49296,9.02838,29834.6,4.9,28.9,93.9,-66.0,2.1,-1.0,RS41-SG,404.900,11.1,-125,10,2.5,-1,-1
2025-12-29T00:30:51.999Z,V2911046,6980,45.49294,9.02876,29840.2,6.4,31.0,93.8,-66.0,2.1,-1.0,RS41-SG,404.900,11.1,-125,10,2.5,-1,-1
2025-12-29T00:30:52.999Z,V2911046,6981,45.49292,9.02917,29847.0,7.3,33.2,95.5,-66.0,2.1,-1.0,RS41-SG,404.900,10.9,-125,10,2.5,-1,-1
2025-12-29T00:30:53.999Z,V2911046,6982,45.49288,9.02960,29853.3,6.0,34.8,97.5,-66.1,2.1,-1.0,RS41-SG,404.900,10.9,-125,10,2.6,-1,-1
2025-12-29T00:30:54.999Z,V2911046,6983,45.49284,9.03004,29859.1,5.8,35.4,99.4,-66.1,2.1,-1.0,RS41-SG,404.900,10.0,-125,10,2.6,-1,-1
2025-12-29T00:30:55.999Z,V2911046,6984,45.49278,9.03048,29865.6,6.9,34.8,100.9,-66.1,2.1,-1.0,RS41-SG,404.900,10.0,-125,10,2.5,-1,-1
2025-12-29T00:30:56.999Z,V2911046,6985,45.49272,9.03091,29872.9,7.5,33.2,101.4,-66.1,2.1,-1.0,RS41-SG,404.900,9.9,-125,10,2.5,-1,-1
2025-12-29T00:30:57.999Z,V2911046,6986,45.49267,9.03131,29879.5,5.5,31.7,101.0,-66.1,2.1,-1.0,RS41-SG,404.900,9.7,-125,10,2.5,-1,-1
2025-12-29T00:30:58.999Z,V2911046,6987,45.49261,9.03170,29884.7,4.6,30.4,100.8,-66.1,2.1,-1.0,RS41-SG,404.900,10.9,-125,10,2.6,-1,-1
2025-12-29T00:30:59.999Z,V2911046,6988,45.49256,9.03208,29890.1,6.0,29.7,100.7,-66.1,2.1,-1.0,RS41-SG,404.900,11.0,-125,10,2.6,-1,-1
2025-12-29T00:31:00.999Z,V2911046,6989,45.49251,9.03245,29896.8,7.3,29.8,100.8,-66.1,2.1,-1.0,RS41-SG,404.900,11.0,-125,10,2.5,-1,-1
2025-12-29T00:31:01.999Z,V2911046,6990,45.49246,9.03282,29903.6,6.0,30.3,101.0,-66.1,2.1,-1.0,RS41-SG,404.900,10.5,-125,10,2.5,-1,-1
2025-12-29T00:31:02.999Z,V2911046,6991,45.49241,9.03320,29910.1,6.4,30.6,99.9,-66.1,2.1,-1.0,RS41-SG,404.900,10.5,-125,10,2.5,-1,-1
2025-12-29T00:31:03.999Z,V2911046,6992,45.49237,9.03359,29916.8,7.1,30.5,97.8,-66.1,2.1,-1.0,RS41-SG,404.900,8.5,-125,10,2.5,-1,-1
2025-12-29T00:31:04.999Z,V2911046,6993,45.49234,9.03397,29923.6,6.8,30.3,95.7,-66.1,2.0,-1.0,RS41-SG,404.900,7.7,-125,10,2.6,-1,-1
2025-12-29T00:31:05.999Z,V2911046,6994,45.49232,9.03436,29929.8,5.7,30.4,94.3,-66.1,2.1,-1.0,RS41-SG,404.900,8.3,-125,10,2.6,-1,-1
2025-12-29T00:31:06.999Z,V2911046,6995,45.49230,9.03475,29935.9,6.3,31.2,93.7,-66.1,2.0,-1.0,RS41-SG,404.900,8.3,-125,10,2.5,-1,-1
2025-12-29T00:31:07.999Z,V2911046,6996,45.49227,9.03515,29942.6,6.9,32.6,94.8,-66.1,2.0,-1.0,RS41-SG,404.900,8.2,-125,10,2.5,-1,-1
2025-12-29T00:31:08.999Z,V2911046,6997,45.49224,9.03558,29949.3,6.7,34.3,96.5,-65.9,2.0,-1.0,RS41-SG,404.900,8.7,-125,10,2.5,-1,-1
2025-12-29T00:31:09.999Z,V2911046,6998,45.49220,9.03602,29955.2,5.0,35.4,98.3,-65.8,2.0,-1.0,RS41-SG,404.900,8.8,-125,10,2.5,-1,-1
2025-12-29T00:31:10.999Z,V2911046,6999,45.49215,9.03647,29960.0,4.8,35.9,99.2,-65.7,2.0,-1.0,RS41-SG,404.900,8.8,-125,10,2.6,-1,-1
2025-12-29T00:31:11.999Z,V2911046,7000,45.49210,9.03691,29965.5,6.1,35.3,99.4,-65.6,2.0,-1.0,RS41-SG,404.900,8.6,-125,10,2.6,-1,-1
2025-12-29T00:31:12.999Z,V2911046,7001,45.49206,9.03735,29972.3,7.6,33.7,98.6,-65.5,1.9,-1.0,RS41-SG,404.900,7.7,-125,10,2.5,-1,-1
2025-12-29T00:31:13.999Z,V2911046,7002,45.49201,9.03776,29979.5,6.4,32.0,97.8,-65.5,1.9,-1.0,RS41-SG,404.900,8.9,-125,10,2.5,-1,-1
2025-12-29T00:31:14.999Z,V2911046,7003,45.49198,9.03816,29985.5,5.6,30.6,97.4,-65.5,1.9,-1.0,RS41-SG,404.900,8.9,-125,10,2.5,-1,-1
2025-12-29T00:31:15.999Z,V2911046,7004,45.49194,9.03853,29991.5,6.2,29.5,98.4,-65.5,1.9,-1.0,RS41-SG,404.900,8.8,-125,10,2.6,-1,-1
2025-12-29T00:31:17.999Z,V2911046,7006,45.49185,9.03928,30005.3,6.2,30.2,101.6,-65.5,1.9,-1.0,RS41-SG,404.900,8.3,-125,10,2.5,-1,-1
2025-12-29T00:31:19.999Z,V2911046,7008,45.49173,9.04005,30017.2,6.6,31.9,102.0,-65.6,2.0,-1.0,RS41-SG,404.900,8.0,-125,10,2.5,-1,-1
2025-12-29T00:31:20.999Z,V2911046,7009,45.49167,9.04045,30024.2,7.6,32.3,100.4,-65.6,2.0,-1.0,RS41-SG,404.900,8.0,250,10,2.5,-1,-1
2025-12-29T00:31:21.999Z,V2911046,7010,45.49163,9.04086,30030.8,5.7,32.7,98.9,-65.6,1.9,-1.0,RS41-SG,404.900,9.1,-125,10,2.6,-1,-1
2025-12-29T00:31:22.999Z,V2911046,7011,45.49158,9.04128,30036.9,6.3,33.6,98.0,-65.7,2.0,-1.0,RS41-SG,404.900,9.8,-125,10,2.6,-1,-1
2025-12-29T00:31:23.999Z,V2911046,7012,45.49154,9.04171,30043.6,7.2,35.0,98.6,-65.7,2.0,-1.0,RS41-SG,404.900,9.8,-125,10,2.5,-1,-1
2025-12-29T00:31:24.999Z,V2911046,7013,45.49149,9.04216,30050.8,7.1,36.2,100.0,-65.7,2.0,-1.0,RS41-SG,404.900,9.4,-125,10,2.5,-1,-1
2025-12-29T00:31:25.999Z,V2911046,7014,45.49142,9.04262,30057.2,5.2,36.7,101.4,-65.8,2.0,-1.0,RS41-SG,404.900,9.4,-125,10,2.5,-1,-1
2025-12-29T00:31:26.999Z,V2911046,7015,45.49136,9.04307,30062.7,5.8,36.5,102.5,-65.8,2.0,-1.0,RS41-SG,404.900,8.7,-125,10,2.5,-1,-1
2025-12-29T00:31:27.999Z,V2911046,7016,45.49129,9.04352,30069.3,7.5,35.1,103.1,-65.8,2.0,-1.0,RS41-SG,404.900,9.3,-125,10,2.6,-1,-1
2025-12-29T00:31:28.999Z,V2911046,7017,45.49122,9.04394,30076.7,7.5,33.3,102.8,-65.8,2.1,-1.0,RS41-SG,404.900,9.9,250,10,2.6,-1,-1
2025-12-29T00:31:29.999Z,V2911046,7018,45.49115,9.04434,30083.4,5.6,31.7,103.0,-65.9,2.0,-1.0,RS41-SG,404.900,9.9,-125,10,2.5,-1,-1
2025-12-29T00:31:30.999Z,V2911046,7019,45.49109,9.04473,30089.0,5.5,30.6,103.2,-65.9,2.1,-1.0,RS41-SG,404.900,9.1,-125,10,2.5,-1,-1
2025-12-29T00:31:31.999Z,V2911046,7020,45.49102,9.04511,30095.3,7.0,30.5,104.8,-65.9,2.0,-1.0,RS41-SG,404.900,10.0,250,10,2.5,-1,-1
2025-12-29T00:31:32.999Z,V2911046,7021,45.49095,9.04549,30102.4,7.6,31.4,106.4,-65.9,2.0,-1.0,RS41-SG,404.900,10.0,250,10,2.6,-1,-1
2025-12-29T00:31:33.999Z,V2911046,7022,45.49086,9.04588,30109.0,5.7,32.6,107.5,-65.8,2.0,-1.0,RS41-SG,404.900,9.5,-125,10,2.6,-1,-1
2025-12-29T00:31:34.999Z,V2911046,7023,45.49077,9.04628,30115.0,6.3,33.6,107.6,-65.8,2.0,-1.0,RS41-SG,404.900,9.0,250,10,2.5,-1,-1
2025-12-29T00:31:35.999Z,V2911046,7024,45.49069,9.04669,30121.8,7.4,34.1,106.3,-65.7,1.9,-1.0,RS41-SG,404.900,9.4,250,10,2.5,-1,-1
2025-12-29T00:31:36.999Z,V2911046,7025,45.49060,9.04711,30129.0,6.8,34.2,104.8,-65.7,2.0,-1.0,RS41-SG,404.900,9.4,-125,10,2.5,-1,-1
2025-12-29T00:31:37.999Z,V2911046,7026,45.49053,9.04753,30135.1,5.4,34.3,103.4,-65.7,2.0,-1.0,RS41-SG,404.900,9.1,-125,10,2.5,-1,-1
2025-12-29T00:31:38.999Z,V2911046,7027,45.49046,9.04796,30140.9,5.9,34.5,103.1,-65.7,2.0,-1.0,RS41-SG,404.900,9.1,-125,10,2.6,-1,-1
2025-12-29T00:31:39.999Z,V2911046,7028,45.49038,9.04839,30147.3,6.9,34.8,104.2,-65.6,2.0,-1.0,RS41-SG,404.900,8.8,-125,10,2.6,-1,-1
2025-12-29T00:31:40.999Z,V2911046,7029,45.49030,9.04882,30154.0,7.0,35.0,106.0,-65.6,2.0,-1.0,RS41-SG,404.900,8.8,250,10,2.5,-1,-1
2025-12-29T00:31:42.999Z,V2911046,7031,45.49012,9.04966,30166.8,5.7,33.6,108.7,-65.5,2.0,-1.0,RS41-SG,404.900,7.6,-125,10,2.5,-1,-1
2025-12-29T00:31:43.999Z,V2911046,7032,45.49003,9.05005,30172.7,6.1,31.8,108.9,-65.5,2.0,-1.0,RS41-SG,404.900,9.5,-125,10,2.5,-1,-1
2025-12-29T00:31:44.999Z,V2911046,7033,45.48994,9.05042,30179.1,7.1,29.8,108.2,-65.5,1.9,-1.0,RS41-SG,404.900,9.5,250,10,2.6,-1,-1
2025-12-29T00:31:45.999Z,V2911046,7034,45.48986,9.05077,30185.9,7.1,28.2,106.9,-65.5,2.0,-1.0,RS41-SG,404.900,10.1,-125,10,2.6,-1,-1
2025-12-29T00:31:46.999Z,V2911046,7035,45.48979,9.05112,30192.4,5.8,27.8,105.8,-65.5,1.9,-1.0,RS41-SG,404.900,10.1,-125,10,2.5,-1,-1
2025-12-29T00:31:47.999Z,V2911046,7036,45.48972,9.05146,30198.7,6.3,28.3,105.8,-65.5,2.0,-1.0,RS41-SG,404.900,8.2,-125,10,2.5,-1,-1
2025-12-29T00:31:48.999Z,V2911046,7037,45.48965,9.05182,30205.7,7.8,30.3,106.5,-65.5,2.0,-1.0,RS41-SG,404.900,8.2,-125,10,2.5,-1,-1
2025-12-29T00:31:49.999Z,V2911046,7038,45.48956,9.05220,30213.2,7.2,32.7,107.9,-65.5,1.9,-1.0,RS41-SG,404.900,8.6,-125,9,2.6,-1,-1
2025-12-29T00:31:50.999Z,V2911046,7039,45.48947,9.05261,30219.1,4.5,34.5,108.8,-65.5,2.0,-1.0,RS41-SG,404.900,8.7,-125,10,2.6,-1,-1
2025-12-29T00:31:51.999Z,V2911046,7040,45.48937,9.05303,30224.2,5.9,36.0,108.9,-65.5,1.9,-1.0,RS41-SG,404.900,8.7,-125,10,2.5,-1,-1
2025-12-29T00:31:52.999Z,V2911046,7041,45.48927,9.05347,30230.9,7.5,35.9,108.1,-65.5,2.0,-1.0,RS41-SG,404.900,8.9,-125,10,2.5,-1,-1
2025-12-29T00:31:53.999Z,V2911046,7042,45.48917,9.05389,30238.4,7.5,34.7,106.8,-65.6,2.0,-1.0,RS41-SG,404.900,8.9,-125,10,2.5,-1,-1
2025-12-29T00:31:54.999Z,V2911046,7043,45.48909,9.05431,30244.8,5.6,33.1,105.8,-65.6,2.0,-1.0,RS41-SG,404.900,9.2,250,10,2.5,-1,-1
2025-12-29T00:31:55.999Z,V2911046,7044,45.48901,9.05471,30250.2,5.4,31.7,104.9,-65.6,2.0,-1.0,RS41-SG,404.900,9.3,250,10,2.6,-1,-1
2025-12-29T00:31:56.999Z,V2911046,7045,45.48894,9.05509,30256.4,7.1,30.3,105.3,-65.7,2.0,-1.0,RS41-SG,404.900,9.3,250,10,2.6,-1,-1
2025-12-29T00:31:57.999Z,V2911046,7046,45.48886,9.05546,30263.3,7.1,29.9,106.0,-65.7,2.0,-1.0,RS41-SG,404.900,9.7,-125,10,2.5,-1,-1
2025-12-29T00:31:58.999Z,V2911046,7047,45.48879,9.05582,30269.8,5.6,29.6,106.3,-65.7,2.0,-1.0,RS41-SG,404.900,9.7,-125,10,2.5,-1,-1
2025-12-29T00:31:59.999Z,V2911046,7048,45.48872,9.05618,30276.1,6.3,29.6,105.9,-65.7,2.0,-1.0,RS41-SG,404.900,9.4,-125,10,2.5,-1,-1
2025-12-29T00:32:00.999Z,V2911046,7049,45.48865,9.05654,30282.7,7.1,29.4,104.7,-65.6,2.0,-1.0,RS41-SG,404.900,9.3,-125,10,2.5,-1,-1
2025-12-29T00:32:01.999Z,V2911046,7050,45.48858,9.05691,30289.6,6.9,29.7,103.1,-65.6,2.0,-1.0,RS41-SG,404.900,9.3,-125,10,2.6,-1,-1
2025-12-29T00:32:02.999Z,V2911046,7051,45.48853,9.05728,30295.9,5.6,30.4,101.6,-65.5,2.0,-1.0,RS41-SG,404.900,8.8,-125,10,2.6,-1,-1
2025-12-29T00:32:03.999Z,V2911046,7052,45.48847,9.05767,30301.6,5.6,32.0,100.7,-65.4,1.9,-1.0,RS41-SG,404.900,8.6,-125,10,2.5,-1,-1
2025-12-29T00:32:04.999Z,V2911046,7053,45.48842,9.05809,30308.1,6.7,34.5,100.3,-65.4,2.0,-1.0,RS41-SG,404.900,8.7,-125,10,2.5,-1,-1
2025-12-29T00:32:05.999Z,V2911046,7054,45.48836,9.05853,30314.8,6.8,36.5,101.2,-65.3,1.9,-1.0,RS41-SG,404.900,10.2,-125,10,2.5,-1,-1
2025-12-29T00:32:06.999Z,V2911046,7055,45.48829,9.05900,30321.0,5.7,37.6,102.0,-65.3,1.9,-1.0,RS41-SG,404.900,10.2,-125,10,2.6,-1,-1
2025-12-29T00:32:07.999Z,V2911046,7056,45.48822,9.05946,30327.3,6.8,37.2,102.8,-65.2,1.9,-1.0,RS41-SG,404.900,9.9,-125,10,2.6,-1,-1
2025-12-29T00:32:08.999Z,V2911046,7057,45.48815,9.05991,30334.7,8.1,35.2,103.3,-65.2,1.9,-1.0,RS41-SG,404.900,9.9,-125,10,2.5,-1,-1
2025-12-29T00:32:09.999Z,V2911046,7058,45.48808,9.06033,30342.8,8.1,32.6,103.5,-65.1,1.9,-1.0,RS41-SG,404.900,9.9,250,10,2.5,-1,-1
2025-12-29T00:32:10.999Z,V2911046,7059,45.48801,9.06072,30349.7,6.0,30.4,103.5,-64.9,1.9,-1.0,RS41-SG,404.900,9.9,250,10,2.5,-1,-1
2025-12-29T00:32:11.999Z,V2911046,7060,45.48795,9.06108,30355.1,5.4,28.3,104.3,-64.8,1.8,-1.0,RS41-SG,404.900,9.7,250,10,2.5,-1,-1
2025-12-29T00:32:12.999Z,V2911046,7061,45.48788,9.06142,30360.7,5.9,27.3,105.6,-64.7,1.8,-1.0,RS41-SG,404.900,9.7,-125,10,2.6,-1,-1
2025-12-29T00:32:13.999Z,V2911046,7062,45.48781,9.06176,30367.1,7.3,27.6,107.3,-64.6,1.8,-1.0,RS41-SG,404.900,8.8,-125,10,2.6,-1,-1
2025-12-29T00:32:14.999Z,V2911046,7063,45.48774,9.06210,30374.2,7.3,29.0,107.8,-64.6,1.8,-1.0,RS41-SG,404.900,8.5,-125,10,2.5,-1,-1
2025-12-29T00:32:15.999Z,V2911046,7064,45.48766,9.06246,30380.9,5.5,30.3,107.3,-64.6,1.8,-1.0,RS41-SG,404.900,9.1,-125,10,2.5,-1,-1
2025-12-29T00:32:16.999Z,V2911046,7065,45.48758,9.06284,30386.5,5.6,31.4,105.1,-64.6,1.8,-1.0,RS41-SG,404.900,9.3,-125,10,2.5,-1,-1
2025-12-29T00:32:17.999Z,V2911046,7066,45.48751,9.06324,30392.6,6.7,32.3,102.1,-64.6,1.8,-1.0,RS41-SG,404.900,9.3,-125,10,2.5,-1,-1
2025-12-29T00:32:18.999Z,V2911046,7067,45.48746,9.06364,30399.4,7.3,32.8,98.8,-64.6,1.8,-1.0,RS41-SG,404.900,9.7,-125,10,2.6,-1,-1
2025-12-29T00:32:19.999Z,V2911046,7068,45.48742,9.06406,30406.0,5.8,32.9,96.5,-64.7,1.9,-1.0,RS41-SG,404.900,9.7,-125,10,2.6,-1,-1
2025-12-29T00:32:20.999Z,V2911046,7069,45.48739,9.06448,30411.8,5.9,33.2,95.4,-64.7,1.8,-1.0,RS41-SG,404.900,9.8,-125,10,2.5,-1,-1
2025-12-29T00:32:21.999Z,V2911046,7070,45.48736,9.06490,30418.5,7.2,33.8,96.0,-64.7,1.9,-1.0,RS41-SG,404.900,9.8,-125,10,2.5,-1,-1
2025-12-29T00:32:22.999Z,V2911046,7071,45.48732,9.06533,30426.1,7.6,34.5,98.2,-64.8,1.9,-1.0,RS41-SG,404.900,10.0,-125,10,2.5,-1,-1
2025-12-29T00:32:23.999Z,V2911046,7072,45.48727,9.06577,30432.9,5.9,34.5,100.6,-64.8,1.9,-1.0,RS41-SG,404.900,10.0,250,10,2.6,-1,-1
2025-12-29T00:32:24.999Z,V2911046,7073,45.48721,9.06619,30439.3,6.7,33.9,103.6,-64.9,1.9,-1.0,RS41-SG,404.900,9.8,-125,10,2.6,-1,-1
2025-12-29T00:32:25.999Z,V2911046,7074,45.48714,9.06660,30446.2,7.2,32.4,104.9,-64.9,1.9,-1.0,RS41-SG,404.900,9.8,250,10,2.5,-1,-1
2025-12-29T00:32:26.999Z,V2911046,7075,45.48706,9.06698,30453.3,6.9,30.3,105.6,-64.9,1.9,-1.0,RS41-SG,404.900,9.6,-125,10,2.5,-1,-1
2025-12-29T00:32:27.999Z,V2911046,7076,45.48699,9.06734,30459.6,5.9,28.5,105.5,-64.9,1.9,-1.0,RS41-SG,404.900,9.7,250,10,2.5,-1,-1
2025-12-29T00:32:28.999Z,V2911046,7077,45.48693,9.06769,30464.7,5.2,27.4,104.9,-65.0,1.9,-1.0,RS41-SG,404.900,11.6,250,10,2.5,-1,-1
2025-12-29T00:32:29.999Z,V2911046,7078,45.48686,9.06803,30470.2,5.9,27.4,105.0,-65.0,1.9,-1.0,RS41-SG,404.900,11.6,250,10,2.6,-1,-1
2025-12-29T00:32:30.999Z,V2911046,7079,45.48680,9.06837,30476.7,7.5,28.4,104.5,-65.0,1.9,-1.0,RS41-SG,404.900,10.3,250,10,2.6,-1,-1
2025-12-29T00:32:32.999Z,V2911046,7081,45.48667,9.06911,30491.4,5.8,31.5,103.0,-65.0,1.9,-1.0,RS41-SG,404.900,8.6,-125,10,2.5,-1,-1
2025-12-29T00:32:33.999Z,V2911046,7082,45.48661,9.06951,30497.1,5.6,33.0,101.3,-65.0,1.9,-1.0,RS41-SG,404.900,9.8,-125,10,2.5,-1,-1
2025-12-29T00:32:34.999Z,V2911046,7083,45.48656,9.06994,30502.9,6.0,34.5,98.5,-65.0,2.0,-1.0,RS41-SG,404.900,9.8,-125,10,2.5,-1,-1
2025-12-29T00:32:35.999Z,V2911046,7084,45.48652,9.07038,30509.5,7.4,35.2,95.4,-65.1,1.9,-1.0,RS41-SG,404.900,10.0,-125,10,2.6,-1,-1
2025-12-29T00:32:36.999Z,V2911046,7085,45.48650,9.07083,30516.5,6.4,35.1,93.4,-65.1,1.9,-1.0,RS41-SG,404.900,10.0,-125,10,2.6,-1,-1
2025-12-29T00:32:37.999Z,V2911046,7086,45.48648,9.07127,30522.7,5.8,34.6,92.6,-65.1,1.9,-1.0,RS41-SG,404.900,10.8,-125,10,2.5,-1,-1
2025-12-29T00:32:38.999Z,V2911046,7087,45.48647,9.07170,30529.1,7.0,33.8,93.9,-65.1,1.9,-1.0,RS41-SG,404.900,10.8,-125,9,2.5,-1,-1
2025-12-29T00:32:39.999Z,V2911046,7088,45.48644,9.07213,30536.6,7.7,33.2,97.4,-65.0,1.9,-1.0,RS41-SG,404.900,9.7,-125,10,2.5,-1,-1
2025-12-29T00:32:40.999Z,V2911046,7089,45.48639,9.07254,30544.1,7.0,32.8,101.2,-64.9,1.9,-1.0,RS41-SG,404.900,11.3,-125,10,2.6,-1,-1
2025-12-29T00:32:41.999Z,V2911046,7090,45.48633,9.07295,30550.2,5.4,32.3,103.8,-64.8,1.9,-1.0,RS41-SG,404.900,11.8,250,10,2.6,-1,-1
2025-12-29T00:32:42.999Z,V2911046,7091,45.48626,9.07334,30556.0,6.0,31.2,105.3,-64.8,1.8,-1.0,RS41-SG,404.900,11.8,250,10,2.5,-1,-1
2025-12-29T00:32:43.999Z,V2911046,7092,45.48618,9.07371,30562.5,7.3,29.8,105.1,-64.7,1.9,-1.0,RS41-SG,404.900,11.8,-125,9,2.5,-1,-1
2025-12-29T00:32:44.999Z,V2911046,7093,45.48612,9.07407,30570.1,7.9,28.6,102.3,-64.6,1.8,-1.0,RS41-SG,404.900,9.2,250,10,2.5,-1,-1
2025-12-29T00:32:45.999Z,V2911046,7094,45.48607,9.07443,30577.0,6.2,28.1,99.6,-64.6,1.9,-1.0,RS41-SG,404.900,10.1,-125,10,2.5,-1,-1
2025-12-29T00:32:46.999Z,V2911046,7095,45.48604,9.07479,30583.0,6.0,28.7,95.6,-64.6,1.8,-1.0,RS41-SG,404.900,10.1,-125,10,2.6,-1,-1
2025-12-29T00:32:47.999Z,V2911046,7096,45.48602,9.07516,30589.2,6.8,30.2,93.5,-64.6,1.8,-1.0,RS41-SG,404.900,10.1,-125,10,2.6,-1,-1
2025-12-29T00:32:48.999Z,V2911046,7097,45.48600,9.07556,30596.5,7.5,32.4,93.2,-64.6,1.9,-1.0,RS41-SG,404.900,10.1,-125,10,2.5,-1,-1
2025-12-29T00:32:49.999Z,V2911046,7098,45.48599,9.07598,30603.7,6.6,34.1,93.7,-64.6,1.9,-1.0,RS41-SG,404.900,9.7,-125,9,2.5,-1,-1
2025-12-29T00:32:50.999Z,V2911046,7099,45.48596,9.07642,30609.5,4.6,35.0,94.5,-64.6,1.9,-1.0,RS41-SG,404.900,10.1,-125,10,2.5,-1,-1
2025-12-29T00:32:51.999Z,V2911046,7100,45.48594,9.07686,30614.8,6.1,35.2,94.4,-64.7,1.9,-1.0,RS41-SG,404.900,10.3,-125,10,2.5,-1,-1
2025-12-29T00:32:52.999Z,V2911046,7101,45.48592,9.07730,30621.4,7.6,34.5,93.5,-64.7,1.9,-1.0,RS41-SG,404.900,10.4,-125,10,2.6,-1,-1
2025-12-29T00:32:53.999Z,V2911046,7102,45.48590,9.07773,30629.1,8.0,32.8,92.5,-64.7,1.9,-1.0,RS41-SG,404.900,11.0,-125,10,2.6,-1,-1
2025-12-29T00:32:54.999Z,V2911046,7103,45.48589,9.07814,30636.4,6.4,31.4,92.0,-64.7,1.9,-1.0,RS41-SG,404.900,11.0,-125,10,2.5,-1,-1
2025-12-29T00:32:55.999Z,V2911046,7104,45.48588,9.07853,30642.6,5.9,29.9,92.6,-64.7,1.9,-1.0,RS41-SG,404.900,10.0,-125,9,2.5,-1,-1
2025-12-29T00:32:56.999Z,V2911046,7105,45.48586,9.07890,30648.7,6.4,28.8,95.0,-64.7,1.9,-1.0,RS41-SG,404.900,10.6,-125,10,2.5,-1,-1
2025-12-29T00:32:57.999Z,V2911046,7106,45.48583,9.07926,30655.4,7.1,28.4,97.9,-64.7,1.9,-1.0,RS41-SG,404.900,10.6,-125,10,2.6,-1,-1
2025-12-29T00:32:58.999Z,V2911046,7107,45.48579,9.07962,30662.2,6.4,28.7,100.1,-64.8,1.9,-1.0,RS41-SG,404.900,10.1,-125,10,2.6,-1,-1
2025-12-29T00:32:59.999Z,V2911046,7108,45.48574,9.07998,30668.5,6.0,29.2,100.1,-64.8,1.9,-1.0,RS41-SG,404.900,8.9,-125,10,2.5,-1,-1
2025-12-29T00:33:00.999Z,V2911046,7109,45.48570,9.08035,30675.1,7.1,29.7,97.8,-64.8,1.9,-1.0,RS41-SG,404.900,8.9,-125,9,2.5,-1,-1
2025-12-29T00:33:01.999Z,V2911046,7110,45.48567,9.08073,30682.6,7.8,30.3,94.5,-64.8,1.9,-1.0,RS41-SG,404.900,9.8,-125,9,2.5,-1,-1
2025-12-29T00:33:02.999Z,V2911046,7111,45.48566,9.08112,30689.8,6.8,30.9,91.3,-64.8,1.9,-1.0,RS41-SG,404.900,9.8,-125,10,2.5,-1,-1
2025-12-29T00:33:03.999Z,V2911046,7112,45.48566,9.08152,30696.3,6.6,31.8,89.0,-64.8,1.9,-1.0,RS41-SG,404.900,10.5,-125,10,2.6,-1,-1
2025-12-29T00:33:04.999Z,V2911046,7113,45.48567,9.08193,30703.2,7.4,32.7,89.1,-64.8,1.9,-1.0,RS41-SG,404.900,10.5,-125,10,2.6,-1,-1
2025-12-29T00:33:05.999Z,V2911046,7114,45.48567,9.08235,30710.5,7.4,33.6,90.8,-64.8,1.9,-1.0,RS41-SG,404.900,8.7,-125,10,2.5,-1,-1
2025-12-29T00:33:06.999Z,V2911046,7115,45.48566,9.08278,30716.9,5.5,33.7,92.0,-64.9,1.9,-1.0,RS41-SG,404.900,8.8,-125,10,2.5,-1,-1
2025-12-29T00:33:07.999Z,V2911046,7116,45.48565,9.08321,30722.6,5.9,33.6,92.9,-64.9,2.0,-1.0,RS41-SG,404.900,10.0,-125,10,2.5,-1,-1
2025-12-29T00:33:08.999Z,V2911046,7117,45.48563,9.08363,30729.0,7.2,32.6,92.9,-64.8,1.9,-1.0,RS41-SG,404.900,10.0,-125,10,2.5,-1,-1
2025-12-29T00:33:09.999Z,V2911046,7118,45.48562,9.08403,30736.2,7.7,31.3,91.8,-64.7,1.9,-1.0,RS41-SG,404.900,10.0,-125,10,2.6,-1,-1
2025-12-29T00:33:11.999Z,V2911046,7120,45.48561,9.08481,30749.9,6.5,29.7,90.2,-64.6,1.9,-1.0,RS41-SG,404.900,8.9,-125,10,2.5,-1,-1
2025-12-29T00:33:12.999Z,V2911046,7121,45.48561,9.08518,30756.7,7.0,29.8,90.9,-64.6,1.9,-1.0,RS41-SG,404.900,10.2,-125,10,2.5,-1,-1
2025-12-29T00:33:13.999Z,V2911046,7122,45.48560,9.08557,30764.0,7.7,30.8,92.5,-64.6,1.8,-1.0,RS41-SG,404.900,10.6,-125,10,2.5,-1,-1
2025-12-29T00:33:14.999Z,V2911046,7123,45.48558,9.08597,30771.1,6.5,32.0,93.5,-64.6,1.9,-1.0,RS41-SG,404.900,10.6,-125,10,2.6,-1,-1
2025-12-29T00:33:15.999Z,V2911046,7124,45.48557,9.08638,30777.3,5.6,33.4,93.4,-64.6,1.8,-1.0,RS41-SG,404.900,10.5,-125,10,2.6,-1,-1
2025-12-29T00:33:16.999Z,V2911046,7125,45.48555,9.08682,30783.1,6.2,34.5,92.1,-64.6,1.9,-1.0,RS41-SG,404.900,10.5,-125,10,2.5,-1,-1
2025-12-29T00:33:17.999Z,V2911046,7126,45.48555,9.08726,30789.8,7.0,35.1,89.4,-64.6,1.9,-1.0,RS41-SG,404.900,9.4,-125,10,2.5,-1,-1
2025-12-29T00:33:18.999Z,V2911046,7127,45.48556,9.08771,30796.6,6.4,35.4,86.3,-64.6,1.9,-1.0,RS41-SG,404.900,9.2,-125,10,2.5,-1,-1
2025-12-29T00:33:19.999Z,V2911046,7128,45.48559,9.08816,30802.6,5.5,35.7,83.8,-64.6,1.9,-1.0,RS41-SG,404.900,9.9,-125,10,2.5,-1,-1
2025-12-29T00:33:20.999Z,V2911046,7129,45.48563,9.08861,30808.1,5.9,36.1,82.8,-64.6,1.9,-1.0,RS41-SG,404.900,10.1,-125,10,2.6,-1,-1
2025-12-29T00:33:21.999Z,V2911046,7130,45.48567,9.08907,30814.5,7.1,36.3,83.5,-64.6,1.9,-1.0,RS41-SG,404.900,10.1,-125,10,2.6,-1,-1
2025-12-29T00:33:22.999Z,V2911046,7131,45.48570,9.08953,30821.8,7.7,36.2,86.1,-64.7,1.9,-1.0,RS41-SG,404.900,9.2,-125,10,2.5,-1,-1
2025-12-29T00:33:23.999Z,V2911046,7132,45.48571,9.08998,30829.0,6.2,35.5,88.5,-64.7,1.9,-1.0,RS41-SG,404.900,9.6,-125,10,2.5,-1,-1
2025-12-29T00:33:24.999Z,V2911046,7133,45.48571,9.09042,30835.1,5.8,34.1,91.2,-64.7,1.9,-1.0,RS41-SG,404.900,9.6,-125,10,2.5,-1,-1
2025-12-29T00:33:25.999Z,V2911046,7134,45.48570,9.09084,30841.3,6.5,31.8,93.6,-64.7,1.9,-1.0,RS41-SG,404.900,9.6,250,10,2.5,-1,-1
2025-12-29T00:33:26.999Z,V2911046,7135,45.48568,9.09123,30848.0,7.0,29.4,94.9,-64.7,1.9,-1.0,RS41-SG,404.900,9.6,-125,10,2.6,-1,-1
2025-12-29T00:33:27.999Z,V2911046,7136,45.48566,9.09159,30854.4,5.8,27.7,95.2,-64.7,1.8,-1.0,RS41-SG,404.900,10.1,-125,10,2.6,-1,-1
2025-12-29T00:33:28.999Z,V2911046,7137,45.48564,9.09194,30860.3,5.9,27.1,94.4,-64.6,1.9,-1.0,RS41-SG,404.900,10.1,-125,10,2.5,-1,-1
2025-12-29T00:33:29.999Z,V2911046,7138,45.48562,9.09229,30867.2,7.6,28.0,93.5,-64.6,1.9,-1.0,RS41-SG,404.900,8.5,-125,10,2.5,-1,-1
2025-12-29T00:33:30.999Z,V2911046,7139,45.48561,9.09266,30875.5,8.8,30.6,92.0,-64.6,1.9,-1.0,RS41-SG,404.900,9.5,-125,10,2.5,-1,-1
2025-12-29T00:33:32.999Z,V2911046,7141,45.48560,9.09350,30890.1,5.6,35.7,89.2,-64.7,1.9,-1.0,RS41-SG,404.900,10.0,-125,10,2.6,-1,-1
2025-12-29T00:33:33.999Z,V2911046,7142,45.48561,9.09397,30895.7,5.4,38.1,86.7,-64.7,1.9,-1.0,RS41-SG,404.900,10.7,-125,10,2.5,-1,-1
2025-12-29T00:33:34.999Z,V2911046,7143,45.48564,9.09447,30901.5,6.1,39.7,83.8,-64.8,1.9,-1.0,RS41-SG,404.900,10.8,-125,10,2.5,-1,-1
2025-12-29T00:33:35.999Z,V2911046,7144,45.48569,9.09497,30907.8,6.4,40.1,81.4,-64.7,1.9,-1.0,RS41-SG,404.900,10.8,-125,10,2.5,-1,-1
2025-12-29T00:33:36.999Z,V2911046,7145,45.48574,9.09547,30913.7,5.4,39.8,80.3,-64.6,1.9,-1.0,RS41-SG,404.900,10.4,-125,10,2.5,-1,-1
2025-12-29T00:33:37.999Z,V2911046,7146,45.48580,9.09597,30919.5,6.0,39.4,80.6,-64.6,1.9,-1.0,RS41-SG,404.900,9.8,-125,10,2.6,-1,-1
2025-12-29T00:33:38.999Z,V2911046,7147,45.48585,9.09646,30925.7,7.1,38.7,82.6,-64.6,1.9,-1.0,RS41-SG,404.900,9.8,-125,10,2.6,-1,-1
2025-12-29T00:33:39.999Z,V2911046,7148,45.48589,9.09694,30933.3,7.7,37.9,86.0,-64.5,1.8,-1.0,RS41-SG,404.900,9.4,-125,10,2.5,-1,-1
2025-12-29T00:33:40.999Z,V2911046,7149,45.48590,9.09742,30940.4,6.2,37.2,89.3,-64.5,1.8,-1.0,RS41-SG,404.900,10.9,-125,10,2.5,-1,-1
2025-12-29T00:33:41.999Z,V2911046,7150,45.48589,9.09789,30946.5,6.0,36.0,92.2,-64.4,1.8,-1.0,RS41-SG,404.900,10.9,-125,10,2.5,-1,-1
2025-12-29T00:33:42.999Z,V2911046,7151,45.48588,9.09833,30952.9,6.7,34.2,93.8,-64.4,1.8,-1.0,RS41-SG,404.900,10.6,-125,9,2.5,-1,-1
2025-12-29T00:33:43.999Z,V2911046,7152,45.48586,9.09875,30959.8,7.3,32.1,93.9,-64.3,1.8,-1.0,RS41-SG,404.900,10.0,-125,10,2.6,-1,-1
2025-12-29T00:33:44.999Z,V2911046,7153,45.48584,9.09915,30966.4,5.6,30.7,92.9,-64.3,1.8,-1.0,RS41-SG,404.900,10.0,-125,10,2.6,-1,-1
2025-12-29T00:33:45.999Z,V2911046,7154,45.48583,9.09954,30971.8,5.3,30.3,91.2,-64.3,1.8,-1.0,RS41-SG,404.900,9.4,-125,10,2.5,-1,-1
2025-12-29T00:33:46.999Z,V2911046,7155,45.48583,9.09993,30977.8,6.2,31.3,89.0,-64.3,1.8,-1.0,RS41-SG,404.900,10.8,-125,10,2.5,-1,-1
2025-12-29T00:33:47.999Z,V2911046,7156,45.48584,9.10034,30984.2,7.0,33.4,87.6,-64.3,1.8,-1.0,RS41-SG,404.900,10.8,-125,10,2.5,-1,-1
2025-12-29T00:33:48.999Z,V2911046,7157,45.48586,9.10078,30990.9,6.6,35.8,86.7,-64.3,1.8,-1.0,RS41-SG,404.900,10.8,-125,10,2.6,-1,-1
2025-12-29T00:33:49.999Z,V2911046,7158,45.48588,9.10125,30996.8,5.4,37.5,86.3,-64.3,1.8,-1.0,RS41-SG,404.900,11.2,-125,10,2.6,-1,-1
2025-12-29T00:33:50.999Z,V2911046,7159,45.48590,9.10173,31002.2,5.4,38.4,85.5,-64.3,1.8,-1.0,RS41-SG,404.900,11.2,-125,10,2.5,-1,-1
2025-12-29T00:33:51.999Z,V2911046,7160,45.48593,9.10222,31008.2,6.3,38.1,85.0,-64.4,1.9,-1.0,RS41-SG,404.900,10.7,-125,10,2.5,-1,-1
2025-12-29T00:33:52.999Z,V2911046,7161,45.48596,9.10269,31015.0,7.2,36.8,84.4,-64.4,1.9,-1.0,RS41-SG,404.900,10.7,-125,10,2.5,-1,-1
2025-12-29T00:33:53.999Z,V2911046,7162,45.48599,9.10315,31022.3,7.2,35.2,85.1,-64.4,1.9,-1.0,RS41-SG,404.900,10.4,-125,10,2.5,-1,-1
2025-12-29T00:33:54.999Z,V2911046,7163,45.48601,9.10358,31028.8,6.1,33.5,86.8,-64.5,1.9,-1.0,RS41-SG,404.900,10.6,-125,10,2.6,-1,-1
2025-12-29T00:33:55.999Z,V2911046,7164,45.48602,9.10400,31034.4,5.6,32.4,90.2,-64.5,1.9,-1.0,RS41-SG,404.900,10.6,-125,10,2.6,-1,-1
2025-12-29T00:33:56.999Z,V2911046,7165,45.48601,9.10441,31040.0,5.9,32.3,94.8,-64.4,1.9,-1.0,RS41-SG,404.900,10.5,-125,10,2.5,-1,-1
2025-12-29T00:33:57.999Z,V2911046,7166,45.48597,9.10482,31046.0,5.9,33.0,99.0,-64.4,1.8,-1.0,RS41-SG,404.900,10.5,-125,10,2.5,-1,-1
2025-12-29T00:33:58.999Z,V2911046,7167,45.48592,9.10524,31051.7,5.3,34.1,101.6,-64.3,1.8,-1.0,RS41-SG,404.900,10.2,-125,10,2.5,-1,-1
2025-12-29T00:33:59.999Z,V2911046,7168,45.48585,9.10568,31056.8,5.0,35.2,102.2,-64.2,1.8,-1.0,RS41-SG,404.900,9.6,-125,10,2.5,-1,-1
2025-12-29T00:34:00.999Z,V2911046,7169,45.48579,9.10612,31062.5,6.5,35.3,100.8,-64.2,1.8,-1.0,RS41-SG,404.900,8.9,-125,10,2.6,-1,-1
2025-12-29T00:34:01.999Z,V2911046,7170,45.48574,9.10656,31069.4,7.4,34.8,97.8,-64.2,1.8,-1.0,RS41-SG,404.900,9.0,-125,9,2.6,-1,-1
2025-12-29T00:34:02.999Z,V2911046,7171,45.48571,9.10699,31076.9,7.5,34.1,93.8,-64.1,1.8,-1.0,RS41-SG,404.900,9.7,-125,10,2.5,-1,-1
2025-12-29T00:34:03.999Z,V2911046,7172,45.48570,9.10742,31083.4,5.0,33.8,90.9,-64.1,1.8,-1.0,RS41-SG,404.900,9.7,-125,10,2.5,-1,-1
2025-12-29T00:34:04.999Z,V2911046,7173,45.48570,9.10786,31088.3,4.6,34.0,87.5,-64.1,1.8,-1.0,RS41-SG,404.900,10.2,-125,10,2.5,-1,-1
2025-12-29T00:34:05.999Z,V2911046,7174,45.48572,9.10829,31093.6,5.9,35.1,85.5,-64.1,1.8,-1.0,RS41-SG,404.900,10.4,-125,9,2.6,-1,-1
2025-12-29T00:34:06.999Z,V2911046,7175,45.48575,9.10875,31100.0,7.2,36.6,85.6,-64.1,1.8,-1.0,RS41-SG,404.900,10.4,-125,10,2.6,-1,-1
2025-12-29T00:34:07.999Z,V2911046,7176,45.48577,9.10922,31107.1,6.6,37.7,86.9,-64.2,1.8,-1.0,RS41-SG,404.900,8.9,-125,10,2.5,-1,-1
2025-12-29T00:34:08.999Z,V2911046,7177,45.48578,9.10970,31113.3,5.7,38.0,88.8,-64.2,1.8,-1.0,RS41-SG,404.900,8.9,-125,10,2.5,-1,-1
2025-12-29T00:34:09.999Z,V2911046,7178,45.48578,9.11018,31119.3,6.3,37.2,91.7,-64.3,1.9,-1.0,RS41-SG,404.900,8.8,-125,10,2.5,-1,-1
2025-12-29T00:34:10.999Z,V2911046,7179,45.48576,9.11064,31126.1,7.3,35.5,94.8,-64.3,1.9,-1.0,RS41-SG,404.900,9.0,-125,10,2.5,-1,-1
2025-12-29T00:34:11.999Z,V2911046,7180,45.48573,9.11108,31132.8,6.2,33.5,97.4,-64.3,1.9,-1.0,RS41-SG,404.900,9.1,-125,10,2.6,-1,-1
2025-12-29T00:34:12.999Z,V2911046,7181,45.48569,9.11149,31138.0,4.5,32.0,99.3,-64.4,1.8,-1.0,RS41-SG,404.900,9.6,-125,10,2.6,-1,-1
2025-12-29T00:34:13.999Z,V2911046,7182,45.48564,9.11189,31142.7,5.3,31.1,101.0,-64.4,1.9,-1.0,RS41-SG,404.900,9.6,-125,10,2.5,-1,-1
2025-12-29T00:34:14.999Z,V2911046,7183,45.48558,9.11228,31149.0,7.1,31.5,100.7,-64.4,1.9,-1.0,RS41-SG,404.900,9.5,-125,10,2.5,-1,-1
2025-12-29T00:34:15.999Z,V2911046,7184,45.48553,9.11268,31156.4,7.1,32.7,99.3,-64.5,1.9,-1.0,RS41-SG,404.900,9.5,-125,10,2.5,-1,-1
2025-12-29T00:34:16.999Z,V2911046,7185,45.48549,9.11310,31163.0,5.7,33.8,97.7,-64.5,1.9,-1.0,RS41-SG,404.900,9.5,-125,10,2.6,-1,-1
2025-12-29T00:34:17.999Z,V2911046,7186,45.48546,9.11354,31168.9,6.0,34.7,95.2,-64.6,1.9,-1.0,RS41-SG,404.900,9.5,-125,10,2.6,-1,-1
2025-12-29T00:34:18.999Z,V2911046,7187,45.48543,9.11398,31175.0,6.2,34.7,93.0,-64.6,1.9,-1.0,RS41-SG,404.900,9.5,-125,10,2.5,-1,-1
2025-12-29T00:34:19.999Z,V2911046,7188,45.48542,9.11441,31181.1,6.2,34.2,90.9,-64.7,1.9,-1.0,RS41-SG,404.900,9.3,-125,10,2.5,-1,-1
2025-12-29T00:34:20.999Z,V2911046,7189,45.48542,9.11485,31187.7,6.3,33.6,89.7,-64.7,1.9,-1.0,RS41-SG,404.900,9.3,-125,10,2.5,-1,-1
2025-12-29T00:34:21.999Z,V2911046,7190,45.48542,9.11527,31193.7,5.9,33.3,89.7,-64.8,1.9,-1.0,RS41-SG,404.900,9.9,-125,10,2.5,-1,-1
2025-12-29T00:34:22.999Z,V2911046,7191,45.48542,9.11570,31199.5,5.9,33.4,91.5,-64.8,2.0,-1.0,RS41-SG,404.900,9.9,-125,10,2.6,-1,-1
2025-12-29T00:34:23.999Z,V2911046,7192,45.48541,9.11613,31205.4,5.8,34.0,94.3,-64.8,1.9,-1.0,RS41-SG,404.900,8.9,-125,10,2.6,-1,-1
2025-12-29T00:34:24.999Z,V2911046,7193,45.48537,9.11656,31211.2,5.6,35.3,97.4,-64.9,2.0,-1.0,RS41-SG,404.900,8.4,-125,10,2.5,-1,-1
2025-12-29T00:34:25.999Z,V2911046,7194,45.48533,9.11702,31216.7,5.3,36.6,99.5,-65.0,2.0,-1.0,RS41-SG,404.900,9.2,-125,10,2.5,-1,-1
2025-12-29T00:34:26.999Z,V2911046,7195,45.48527,9.11748,31222.1,5.4,37.6,100.3,-65.0,2.0,-1.0,RS41-SG,404.900,9.6,-125,10,2.5,-1,-1
2025-12-29T00:34:27.999Z,V2911046,7196,45.48521,9.11796,31228.1,6.6,37.9,98.7,-65.1,2.0,-1.0,RS41-SG,404.900,9.6,-125,10,2.5,-1,-1
2025-12-29T00:34:28.999Z,V2911046,7197,45.48517,9.11843,31235.3,7.8,36.8,96.5,-65.1,2.0,-1.0,RS41-SG,404.900,9.1,-125,10,2.6,-1,-1
2025-12-29T00:34:29.999Z,V2911046,7198,45.48514,9.11888,31242.9,7.1,35.2,93.4,-65.2,2.0,-1.0,RS41-SG,404.900,9.1,-125,10,2.6,-1,-1
2025-12-29T00:34:30.999Z,V2911046,7199,45.48513,9.11932,31249.1,5.1,33.4,91.1,-65.2,2.0,-1.0,RS41-SG,404.900,9.5,-125,10,2.5,-1,-1
2025-12-29T00:34:31.999Z,V2911046,7200,45.48513,9.11973,31253.8,4.0,31.4,89.9,-65.3,2.1,-1.0,RS41-SG,404.900,9.5,-125,9,2.5,-1,-1
2025-12-29T00:34:32.999Z,V2911046,7201,45.48513,9.12012,31258.1,4.5,29.7,90.5,-65.4,2.1,-1.0,RS41-SG,404.900,9.2,-125,9,2.5,-1,-1
2025-12-29T00:34:33.999Z,V2911046,7202,45.48512,9.12049,31263.6,6.1,28.9,93.4,-65.4,2.0,-1.0,RS41-SG,404.900,8.1,-125,9,2.6,-1,-1
2025-12-29T00:34:34.999Z,V2911046,7203,45.48509,9.12086,31270.1,6.8,29.3,96.9,-65.5,2.0,-1.0,RS41-SG,404.900,7.9,-125,9,2.6,-1,-1
2025-12-29T00:34:37.999Z,V2911046,7206,45.48496,9.12205,31288.8,6.7,34.4,98.6,-65.6,2.1,-1.0,RS41-SG,404.900,7.4,-125,10,2.5,-1,-1
2025-12-29T00:34:39.999Z,V2911046,7208,45.48489,9.12296,31300.4,4.3,36.7,94.9,-65.7,2.1,-1.0,RS41-SG,404.900,7.9,-125,9,2.6,-1,-1
2025-12-29T00:34:40.999Z,V2911046,7209,45.48486,9.12342,31305.1,5.0,37.3,93.9,-65.8,2.0,-1.0,RS41-SG,404.900,8.7,-125,10,2.6,-1,-1
2025-12-29T00:34:41.999Z,V2911046,7210,45.48484,9.12390,31311.0,6.6,37.3,94.7,-65.8,2.1,-1.0,RS41-SG,404.900,8.7,-125,10,2.5,-1,-1
2025-12-29T00:34:42.999Z,V2911046,7211,45.48481,9.12436,31317.7,6.7,36.4,96.4,-65.9,2.1,-1.0,RS41-SG,404.900,8.7,-125,10,2.5,-1,-1
2025-12-29T00:34:43.999Z,V2911046,7212,45.48477,9.12481,31324.5,6.4,34.9,98.7,-65.9,2.1,-1.0,RS41-SG,404.900,7.9,-125,9,2.5,-1,-1
2025-12-29T00:34:44.999Z,V2911046,7213,45.48471,9.12524,31330.8,6.4,32.7,100.5,-66.0,2.1,-1.0,RS41-SG,404.900,8.1,-125,10,2.5,-1,-1
2025-12-29T00:34:49.999Z,V2911046,7218,45.48447,9.12699,31358.7,6.2,27.3,101.6,-66.3,2.2,-1.0,RS41-SG,404.900,8.6,-125,10,2.5,-1,-1
2025-12-29T00:34:52.999Z,V2911046,7221,45.48428,9.12821,31377.1,4.9,38.6,103.6,-66.3,2.1,-1.0,RS41-SG,404.900,8.8,-125,10,2.5,-1,-1
2025-12-29T00:34:53.999Z,V2911046,7222,45.48420,9.12871,31381.5,3.8,42.0,103.6,-66.3,2.1,-1.0,RS41-SG,404.900,8.8,-125,10,2.5,-1,-1
2025-12-29T00:34:55.999Z,V2911046,7224,45.48403,9.12979,31389.8,5.3,44.4,100.8,-66.2,2.1,-1.0,RS41-SG,404.900,8.4,-125,9,2.5,-1,-1
2025-12-29T00:34:57.999Z,V2911046,7226,45.48392,9.13086,31402.7,7.0,39.9,95.8,-66.1,2.1,-1.0,RS41,404.900,8.9,-125,10,2.6,-1,-1
2025-12-29T00:34:58.999Z,V2911046,7227,45.48389,9.13134,31409.3,6.1,36.8,94.0,-66.1,2.0,-1.0,RS41,404.900,8.9,-125,10,2.5,-1,-1
2025-12-29T00:34:59.999Z,V2911046,7228,45.48387,9.13179,31414.4,3.8,34.4,92.9,-66.1,2.0,-1.0,RS41,404.900,9.3,-125,10,2.5,-1,-1
2025-12-29T00:35:00.999Z,V2911046,7229,45.48385,9.13222,31418.2,3.5,32.1,94.0,-66.0,2.0,-1.0,RS41,404.900,9.3,-125,9,2.5,-1,-1
2025-12-29T00:35:01.999Z,V2911046,7230,45.48382,9.13262,31422.1,5.2,31.2,98.0,-66.0,2.0,-1.0,RS41,404.900,8.3,-125,10,2.6,-1,-1
2025-12-29T00:35:02.999Z,V2911046,7231,45.48377,9.13301,31428.0,6.4,32.5,103.2,-65.9,2.0,-1.0,RS41,404.900,8.3,-125,10,2.6,-1,-1
2025-12-29T00:35:06.999Z,V2911046,7235,45.48335,9.13485,31449.5,5.2,42.9,106.8,-65.6,1.9,-1.0,RS41,404.900,7.2,-125,10,2.5,-1,-1
2025-12-29T00:35:07.999Z,V2911046,7236,45.48326,9.13538,31455.6,6.8,44.1,102.9,-65.6,1.9,-1.0,RS41,404.900,8.9,-125,10,2.6,-1,-1
2025-12-29T00:35:08.999Z,V2911046,7237,45.48318,9.13593,31462.1,6.4,44.1,98.6,-65.6,1.9,-1.0,RS41,404.900,8.9,-125,10,2.6,-1,-1
2025-12-29T00:35:09.999Z,V2911046,7238,45.48313,9.13649,31467.4,4.2,43.4,95.5,-65.6,1.9,-1.0,RS41,404.900,10.3,-125,10,2.5,-1,-1
2025-12-29T00:35:10.999Z,V2911046,7239,45.48310,9.13703,31471.1,3.6,42.1,93.1,-65.6,1.9,-1.0,RS41,404.900,10.3,-125,10,2.5,-1,-1
2025-12-29T00:35:11.999Z,V2911046,7240,45.48308,9.13755,31475.4,5.1,40.6,92.6,-65.6,1.9,-1.0,RS41,404.900,10.3,-125,10,2.5,-1,-1
2025-12-29T00:35:12.999Z,V2911046,7241,45.48306,9.13806,31481.2,6.7,39.2,93.9,-65.6,1.9,-1.0,RS41,404.900,8.4,-125,10,2.5,-1,-1
2025-12-29T00:35:13.999Z,V2911046,7242,45.48303,9.13855,31488.0,6.5,38.3,96.8,-65.6,1.9,-1.0,RS41,404.900,8.0,-125,10,2.6,-1,-1
2025-12-29T00:35:14.999Z,V2911046,7243,45.48298,9.13903,31493.8,5.1,37.8,99.3,-65.6,2.0,-1.0,RS41,404.900,7.8,-125,10,2.6,-1,-1
2025-12-29T00:35:15.999Z,V2911046,7244,45.48292,9.13950,31498.7,4.9,37.4,101.7,-65.6,1.9,-1.0,RS41,404.900,7.9,250,10,2.5,-1,-1
2025-12-29T00:35:16.999Z,V2911046,7245,45.48285,9.13996,31504.3,6.0,37.1,102.8,-65.6,1.9,-1.0,RS41,404.900,8.7,-125,10,2.5,-1,-1
2025-12-29T00:35:17.999Z,V2911046,7246,45.48278,9.14043,31510.6,6.2,37.2,102.7,-65.6,1.9,-1.0,RS41,404.900,8.7,-125,10,2.5,-1,-1
2025-12-29T00:35:22.999Z,V2911046,7251,45.48244,9.14300,31538.8,4.1,45.7,98.5,-65.7,2.0,-1.0,RS41,404.900,7.8,-125,10,2.5,-1,-1
2025-12-29T00:35:25.999Z,V2911046,7254,45.48233,9.14473,31554.9,6.5,43.8,91.7,-65.7,2.0,-1.0,RS41,404.900,7.9,-125,10,2.6,-1,-1
2025-12-29T00:35:27.999Z,V2911046,7256,45.48232,9.14580,31565.9,4.6,40.2,90.1,-65.7,2.0,-1.0,RS41,404.900,8.1,-125,10,2.5,-1,-1
2025-12-29T00:35:28.999Z,V2911046,7257,45.48231,9.14630,31571.0,5.8,38.5,91.9,-65.7,2.0,-1.0,RS41,404.900,8.1,-125,10,2.5,-1,-1
2025-12-29T00:35:29.999Z,V2911046,7258,45.48229,9.14678,31577.2,6.8,38.0,95.2,-65.7,2.0,-1.0,RS41,404.900,8.1,-125,10,2.5,-1,-1
2025-12-29T00:35:46.999Z,V2911046,7275,45.48179,9.15555,31672.7,6.2,36.3,97.1,-65.9,2.0,-1.0,RS41,404.900,7.3,-125,10,2.6,-1,-1
2025-12-29T00:35:47.999Z,V2911046,7276,45.48174,9.15601,31678.7,6.2,37.5,99.8,-65.9,2.0,-1.0,RS41,404.900,7.6,-125,10,2.6,-1,-1
2025-12-29T00:35:49.999Z,V2911046,7278,45.48161,9.15698,31689.4,5.1,39.8,100.5,-65.9,2.1,-1.0,RS41,404.900,7.6,-125,10,2.5,-1,-1
2025-12-29T00:35:51.999Z,V2911046,7280,45.48151,9.15799,31701.8,7.0,40.3,95.8,-66.0,2.1,-1.0,RS41,404.900,7.7,-125,10,2.5,-1,-1
2025-12-29T00:35:52.999Z,V2911046,7281,45.48148,9.15850,31707.6,5.1,40.2,93.4,-66.0,2.0,-1.0,RS41,404.900,7.7,-125,10,2.6,-1,-1
2025-12-29T00:35:56.999Z,V2911046,7285,45.48145,9.16059,31729.6,6.0,42.1,91.5,-66.2,2.1,-1.0,RS41,404.900,8.1,-125,10,2.5,-1,-1
2025-12-29T00:35:57.999Z,V2911046,7286,45.48144,9.16112,31734.7,4.8,42.1,92.3,-66.2,2.1,-1.0,RS41,404.900,8.1,-125,10,2.5,-1,-1
2025-12-29T00:35:59.999Z,V2911046,7288,45.48140,9.16217,31745.1,5.9,39.7,93.3,-66.3,2.1,-1.0,RS41,404.900,8.3,-125,10,2.6,-1,-1
2025-12-29T00:36:00.999Z,V2911046,7289,45.48138,9.16266,31751.4,6.3,37.7,92.7,-66.4,2.1,-1.0,RS41,404.900,8.3,-125,10,2.5,-1,-1
2025-12-29T00:36:01.999Z,V2911046,7290,45.48136,9.16313,31757.3,5.5,36.1,92.7,-66.4,2.1,-1.0,RS41,404.900,8.7,-125,10,2.5,-1,-1
2025-12-29T00:36:09.999Z,V2911046,7298,45.48109,9.16694,31804.9,6.6,40.7,91.9,-66.7,2.1,-1.0,RS41,404.900,7.8,-125,10,2.6,-1,-1
2025-12-29T00:36:10.999Z,V2911046,7299,45.48109,9.16745,31810.6,5.1,40.3,89.8,-66.8,2.2,-1.0,RS41,404.900,7.8,-125,10,2.6,-1,-1
2025-12-29T00:36:11.999Z,V2911046,7300,45.48109,9.16796,31815.8,4.8,39.9,88.9,-66.8,2.2,-1.0,RS41,404.900,7.8,-125,10,2.5,-1,-1
2025-12-29T00:36:13.999Z,V2911046,7302,45.48110,9.16896,31828.2,6.7,38.6,90.8,-66.9,2.2,-1.0,RS41,404.900,7.5,-125,10,2.5,-1,-1
2025-12-29T00:36:22.999Z,V2911046,7311,45.48092,9.17309,31882.0,6.5,37.8,95.1,-67.1,2.2,-1.0,RS41,404.900,7.0,-125,10,2.5,-1,-1
2025-12-29T00:36:25.999Z,V2911046,7314,45.48082,9.17457,31899.1,6.4,39.4,94.6,-67.3,2.2,-1.0,RS41,404.900,7.6,-125,10,2.5,-1,-1
2025-12-29T00:36:26.999Z,V2911046,7315,45.48080,9.17507,31905.7,7.2,38.6,92.4,-67.3,2.2,-1.0,RS41,404.900,8.2,-125,10,2.6,-1,-1
2025-12-29T00:36:27.999Z,V2911046,7316,45.48080,9.17555,31912.2,6.0,37.7,90.4,-67.4,2.2,-1.0,RS41,404.900,8.4,-125,10,2.6,-1,-1
2025-12-29T00:36:28.999Z,V2911046,7317,45.48080,9.17603,31917.9,5.3,36.6,89.0,-67.4,2.2,-1.0,RS41,404.900,8.5,-125,10,2.5,-1,-1
2025-12-29T00:36:29.999Z,V2911046,7318,45.48080,9.17649,31923.4,5.6,35.9,89.2,-67.5,2.3,-1.0,RS41,404.900,8.5,-125,10,2.5,-1,-1
2025-12-29T00:36:30.999Z,V2911046,7319,45.48080,9.17694,31929.4,6.6,35.5,91.0,-67.5,2.2,-1.0,RS41,404.900,8.5,-125,10,2.5,-1,-1
2025-12-29T00:36:31.999Z,V2911046,7320,45.48079,9.17739,31936.0,6.9,35.6,93.7,-67.6,2.2,-1.0,RS41,404.900,8.5,-125,10,2.6,-1,-1
2025-12-29T00:36:32.999Z,V2911046,7321,45.48076,9.17785,31941.9,5.4,36.0,95.9,-67.6,2.3,-1.0,RS41,404.900,8.9,-125,10,2.6,-1,-1
2025-12-29T00:36:33.999Z,V2911046,7322,45.48072,9.17830,31947.0,4.7,35.8,97.4,-67.7,2.3,-1.0,RS41,404.900,8.9,-125,10,2.5,-1,-1
2025-12-29T00:36:34.999Z,V2911046,7323,45.48068,9.17875,31952.4,5.8,35.7,97.6,-67.7,2.3,-1.0,RS41,404.900,8.9,-125,10,2.5,-1,-1
2025-12-29T00:36:35.999Z,V2911046,7324,45.48064,9.17920,31958.6,7.1,35.0,96.2,-67.8,2.3,-1.0,RS41,404.900,8.9,-125,10,2.5,-1,-1
2025-12-29T00:36:36.999Z,V2911046,7325,45.48061,9.17964,31965.4,6.5,34.6,94.3,-67.8,2.3,-1.0,RS41,404.900,7.9,250,10,2.5,-1,-1
2025-12-29T00:36:37.999Z,V2911046,7326,45.48060,9.18008,31971.3,5.5,34.5,92.5,-67.8,2.3,-1.0,RS41,404.900,8.1,-125,10,2.6,-1,-1
2025-12-29T00:36:38.999Z,V2911046,7327,45.48059,9.18052,31976.9,5.8,34.8,91.2,-67.9,2.3,-1.0,RS41,404.900,8.1,-125,10,2.6,-1,-1
2025-12-29T00:36:39.999Z,V2911046,7328,45.48058,9.18097,31982.8,6.2,35.6,91.8,-67.9,2.3,-1.0,RS41-SG,404.900,7.9,-125,10,2.5,-1,-1
2025-12-29T00:36:40.999Z,V2911046,7329,45.48056,9.18143,31989.2,6.4,36.7,92.8,-68.0,2.3,-1.0,RS41-SG,404.900,7.9,-125,10,2.5,-1,-1
2025-12-29T00:36:47.000Z,V2911046,7335,45.48046,9.18431,32024.4,6.4,37.0,88.3,-68.1,2.3,-1.0,RS41-SG,404.900,7.4,-125,10,2.5,-1,-1
2025-12-29T00:37:25.000Z,V2911046,7373,45.48016,9.20353,32263.4,5.8,40.0,90.3,-67.2,2.2,-1.0,RS41-SG,404.900,7.7,-125,10,2.5,-1,-1
2025-12-29T00:37:33.000Z,V2911046,7381,45.48000,9.20745,32192.4,-35.2,40.0,96.0,-66.7,1.9,-1.0,RS41-SG,404.900,7.7,-125,9,2.5,-1,-1
