timestamp,serial,frame,lat,lon,alt,vel_v,vel_h,heading,temp,humidity,pressure,type,freq_mhz,snr,f_error_hz,sats,batt_v,burst_timer,aux_data
2025-07-28T12:13:38.000Z,V4210592,7310,46.54857,7.17634,23064.8,4.4,13.7,275.6,-273.0,-1.0,-1.0,RS41,404.500,9.4,-225,10,2.7,-1,050106BF07A9BA704200
2025-07-28T12:13:51.000Z,V4210592,7323,46.54900,7.17418,23126.2,5.6,14.2,288.5,-273.0,-1.0,-1.0,RS41,404.500,8.4,-225,10,2.7,-1,050106BB07D63A705200
2025-07-28T12:13:53.000Z,V4210592,7325,46.54910,7.17385,23137.1,4.9,13.4,300.6,-273.0,-1.0,-1.0,RS41,404.500,8.4,-225,10,2.6,-1,050106BA07CA1A705500
2025-07-28T12:13:54.000Z,V4210592,7326,46.54916,7.17370,23141.6,4.8,12.8,301.1,-273.0,-1.0,-1.0,RS41,404.500,9.1,-225,10,2.7,-1,050106BA07C23A704C00
2025-07-28T12:14:09.000Z,V4210592,7341,46.55007,7.17094,23212.6,5.3,17.4,296.1,-273.0,-1.0,-1.0,RS41,404.500,8.1,-225,10,2.6,-1,050106B507CCCA704300
2025-07-28T12:14:49.000Z,V4210592,7381,46.55268,7.16376,23396.5,4.6,12.8,307.8,-273.0,-1.0,-1.0,RS41,404.500,8.5,-225,10,2.6,-1,050106A7078EAA704B00
2025-07-28T12:14:50.000Z,V4210592,7382,46.55275,7.16362,23401.2,5.0,13.9,305.5,-273.0,-1.0,-1.0,RS41,404.500,8.5,-225,10,2.6,-1,050106A7078E0A705100
2025-07-28T12:14:52.000Z,V4210592,7384,46.55288,7.16333,23410.7,5.1,13.9,294.6,-273.0,-1.0,-1.0,RS41,404.500,8.0,-225,10,2.7,-1,050106A607A6BA704200
2025-07-28T12:15:03.000Z,V4210592,7395,46.55354,7.16178,23462.0,5.4,13.0,305.9,-273.0,-1.0,-1.0,RS41,404.500,8.1,-225,10,2.7,-1,050106A207A49A705300
2025-07-28T12:15:10.000Z,V4210592,7402,46.55390,7.16071,23496.6,5.3,10.6,304.9,-273.0,-1.0,-1.0,RS41,404.500,8.5,-225,10,2.6,-1,050106A007954A704E00
2025-07-28T12:15:14.000Z,V4210592,7406,46.55416,7.16034,23514.2,5.0,10.1,316.2,-273.0,-1.0,-1.0,RS41,404.500,8.2,-225,10,2.7,-1,0501069E07913A704A00
2025-07-28T12:15:15.000Z,V4210592,7407,46.55421,7.16024,23519.3,5.6,10.0,304.4,-273.0,-1.0,-1.0,RS41,404.500,8.4,-225,10,2.6,-1,0501069E079EDA605100
2025-07-28T12:15:16.000Z,V4210592,7408,46.55427,7.16013,23524.3,4.2,11.1,301.4,-273.0,-1.0,-1.0,RS41,404.500,8.7,-225,10,2.6,-1,0501069D07962A705100
2025-07-28T12:15:25.000Z,V4210592,7417,46.55477,7.15923,23564.9,4.8,8.3,312.7,-273.0,-1.0,-1.0,RS41,404.500,8.2,-225,10,2.6,-1,0501069A07775A705300
2025-07-28T12:15:31.000Z,V4210592,7423,46.55503,7.15865,23595.2,4.7,8.4,309.6,-273.0,-1.0,-1.0,RS41,404.500,8.2,-225,10,2.6,-1,05010697078DCA704A00
2025-07-28T12:15:36.000Z,V4210592,7428,46.55528,7.15839,23617.6,5.4,4.9,308.3,-273.0,-1.0,-1.0,RS41,404.500,8.1,-225,10,2.7,-1,0501069607A33A705200
2025-07-28T12:15:39.000Z,V4210592,7431,46.55533,7.15821,23631.4,4.1,6.1,282.3,-273.0,-1.0,-1.0,RS41,404.500,7.6,-225,10,2.6,-1,0501069407805A705200
2025-07-28T12:15:43.000Z,V4210592,7435,46.55544,7.15792,23649.9,4.1,7.2,315.0,-273.0,-1.0,-1.0,RS41,404.500,8.7,-225,10,2.6,-1,0501069307825A704E00
2025-07-28T12:15:44.000Z,V4210592,7436,46.55549,7.15784,23654.2,4.6,8.1,314.8,-273.0,-1.0,-1.0,RS41,404.500,8.6,-225,10,2.6,-1,05010692077CEA704D00
2025-07-28T12:15:54.000Z,V4210592,7446,46.55574,7.15716,23701.9,4.3,4.9,306.4,-273.0,-1.0,-1.0,RS41,404.500,8.9,-225,10,2.6,-1,0501068F078E7A704200
2025-07-28T12:15:55.000Z,V4210592,7447,46.55577,7.15711,23706.4,5.0,6.2,315.8,-273.0,-1.0,-1.0,RS41,404.500,9.2,-225,10,2.7,-1,0501068E07920A703E00
2025-07-28T12:15:57.000Z,V4210592,7449,46.55584,7.15698,23715.7,5.2,6.9,292.0,-273.0,-1.0,-1.0,RS41,404.500,7.9,-225,10,2.6,-1,0501068D07AC9A704200
2025-07-28T12:16:05.000Z,V4210592,7457,46.55596,7.15626,23754.7,4.2,5.7,304.7,-273.0,-1.0,-1.0,RS41,404.500,8.6,-225,10,2.7,-1,0501068A07C59A704C00
2025-07-28T12:16:18.000Z,V4210592,7470,46.55608,7.15508,23815.3,5.0,8.0,282.7,-273.0,-1.0,-1.0,RS41,404.500,8.9,-225,10,2.7,-1,0501068507E02A704C00
2025-07-28T12:16:39.000Z,V4210592,7491,46.55598,7.15277,23915.6,4.4,8.4,278.3,-273.0,-1.0,-1.0,RS41,404.500,8.6,-225,10,2.6,-1,0501067D07FB9A705000
2025-07-28T12:16:40.000Z,V4210592,7492,46.55598,7.15266,23920.3,4.9,7.9,273.1,-273.0,-1.0,-1.0,RS41,404.500,8.9,-225,10,2.6,-1,0501067D0815FA705400
2025-07-28T12:16:41.000Z,V4210592,7493,46.55598,7.15255,23925.5,5.8,9.3,262.6,-273.0,-1.0,-1.0,RS41,404.500,9.3,-225,10,2.6,-1,0501067D081C6A704900
2025-07-28T12:16:49.000Z,V4210592,7501,46.55585,7.15154,23962.6,4.4,9.2,268.9,-273.0,-1.0,-1.0,RS41,404.500,9.3,-225,10,2.6,-1,0501067A0837AA704900
2025-07-28T12:16:55.000Z,V4210592,7507,46.55576,7.15091,23991.2,4.4,9.8,251.7,-273.0,-1.0,-1.0,RS41,404.500,9.7,-225,10,2.6,-1,0501067808388A604F00
2025-07-28T12:17:24.000Z,V4210592,7536,46.55586,7.14692,24129.2,4.6,9.7,290.6,-273.0,-1.0,-1.0,RS41,404.500,9.3,-225,10,2.6,-1,0501066E0879DA704C00
2025-07-28T12:17:25.000Z,V4210592,7537,46.55589,7.14680,24134.1,5.3,10.0,285.1,-273.0,-1.0,-1.0,RS41,404.500,9.9,-225,10,2.6,-1,0501066E0884DA705100
2025-07-28T12:17:39.000Z,V4210592,7551,46.55620,7.14481,24199.5,3.6,11.3,275.7,-273.0,-1.0,-1.0,RS41,404.500,9.4,-225,10,2.6,-1,050106690883EA604D00
2025-07-28T12:17:42.000Z,V4210592,7554,46.55623,7.14438,24213.3,5.7,10.3,272.6,-273.0,-1.0,-1.0,RS41,404.500,8.6,-225,10,2.6,-1,0501066808958A705100
2025-07-28T12:17:43.000Z,V4210592,7555,46.55624,7.14425,24218.7,5.7,9.7,282.0,-273.0,-1.0,-1.0,RS41,404.500,8.9,-225,10,2.7,-1,0501066808958A705000
2025-07-28T12:17:44.000Z,V4210592,7556,46.55626,7.14413,24223.8,4.4,8.5,283.8,-273.0,-1.0,-1.0,RS41,404.500,8.9,-225,10,2.6,-1,05010668087FFA604D00
2025-07-28T12:17:45.000Z,V4210592,7557,46.55628,7.14402,24228.2,4.5,9.2,284.6,-273.0,-1.0,-1.0,RS41,404.500,8.7,-225,10,2.6,-1,05010668088A0A705100
2025-07-28T12:17:48.000Z,V4210592,7560,46.55634,7.14364,24243.4,6.0,12.0,280.2,-273.0,-1.0,-1.0,RS41,404.500,8.9,-225,10,2.7,-1,0501066708977A704500
2025-07-28T12:17:53.000Z,V4210592,7565,46.55641,7.14287,24267.7,5.5,11.0,279.4,-273.0,-1.0,-1.0,RS41,404.500,8.7,-225,10,2.7,-1,0501066508ABCA705500
2025-07-28T12:17:55.000Z,V4210592,7567,46.55646,7.14262,24277.9,4.3,9.2,289.6,-273.0,-1.0,-1.0,RS41,404.500,9.6,-225,10,2.6,-1,050106640887CA604A00
2025-07-28T12:17:56.000Z,V4210592,7568,46.55650,7.14250,24282.1,4.4,10.3,291.8,-273.0,-1.0,-1.0,RS41,404.500,9.6,-225,10,2.6,-1,0501066408806A604F00
2025-07-28T12:17:58.000Z,V4210592,7570,46.55656,7.14224,24290.5,4.5,11.3,281.9,-273.0,-1.0,-1.0,RS41,404.500,9.4,-225,10,2.7,-1,0501066408898A704C00
2025-07-28T12:17:59.000Z,V4210592,7571,46.55658,7.14209,24295.5,5.3,13.1,280.1,-273.0,-1.0,-1.0,RS41,404.500,8.7,-225,10,2.6,-1,0501V27414620000006EI
2025-07-28T12:18:09.000Z,V4210592,7581,46.55676,7.14075,24345.1,4.7,8.2,298.3,-273.0,-1.0,-1.0,RS41,404.500,9.4,-225,10,2.6,-1,0501066108A6EA604C00
2025-07-28T12:18:10.000Z,V4210592,7582,46.55679,7.14064,24350.1,5.6,9.8,297.3,-273.0,-1.0,-1.0,RS41-SG,404.500,10.2,-225,10,2.6,-1,0501066108BD0A705100
2025-07-28T12:18:12.000Z,V4210592,7584,46.55685,7.14038,24360.7,4.3,12.5,281.4,-273.0,-1.0,-1.0,RS41-SG,404.500,8.5,-225,10,2.7,-1,050106600891CA704500
2025-07-28T12:18:13.000Z,V4210592,7585,46.55688,7.14022,24365.1,4.4,12.9,281.2,-273.0,-1.0,-1.0,RS41-SG,404.500,9.4,-225,10,2.7,-1,0501066008886A604400
2025-07-28T12:18:16.000Z,V4210592,7588,46.55692,7.13977,24380.5,6.1,9.3,282.3,-273.0,-1.0,-1.0,RS41-SG,404.500,9.0,-225,10,2.6,-1,0501065F08AFFA605000
2025-07-28T12:18:21.000Z,V4210592,7593,46.55705,7.13935,24404.8,5.4,8.1,305.6,-273.0,-1.0,-1.0,RS41-SG,404.500,8.7,-225,10,2.6,-1,0501065E08AADA605200
2025-07-28T12:18:22.000Z,V4210592,7594,46.55709,7.13926,24410.6,6.6,8.4,302.1,-273.0,-1.0,-1.0,RS41-SG,404.500,9.0,-225,10,2.7,-1,0501065E08B67A705100
2025-07-28T12:18:23.000Z,V4210592,7595,46.55713,7.13915,24416.0,5.3,10.4,293.3,-273.0,-1.0,-1.0,RS41-SG,404.500,9.0,-225,10,2.7,-1,0501065D08AD0A704300
2025-07-28T12:18:27.000Z,V4210592,7599,46.55728,7.13862,24435.3,5.7,10.6,296.1,-273.0,-1.0,-1.0,RS41-SG,404.500,10.1,-225,10,2.7,-1,0501065D08BDCA705100
2025-07-28T12:18:29.000Z,V4210592,7601,46.55736,7.13840,24445.7,5.2,9.0,301.8,-273.0,-1.0,-1.0,RS41-SG,404.500,10.3,-225,10,2.6,-1,0501065C08A53A605200
2025-07-28T12:18:30.000Z,V4210592,7602,46.55741,7.13831,24450.2,4.3,8.1,313.4,-273.0,-1.0,-1.0,RS41-SG,404.500,10.1,-225,10,2.6,-1,0501065C08A47A704300
2025-07-28T12:18:31.000Z,V4210592,7603,46.55745,7.13823,24454.5,4.3,8.1,308.3,-273.0,-1.0,-1.0,RS41-SG,404.500,10.1,-225,10,2.6,-1,0501065C08A93A604300
2025-07-28T12:18:34.000Z,V4210592,7606,46.55760,7.13794,24469.9,5.6,10.3,294.5,-273.0,-1.0,-1.0,RS41-SG,404.500,8.1,-225,10,2.6,-1,0501065B08BC0A604F00
2025-07-28T12:18:36.000Z,V4210592,7608,46.55768,7.13768,24478.7,4.4,10.9,293.3,-273.0,-1.0,-1.0,RS41-SG,404.500,8.3,-225,10,2.6,-1,0501065B08B1CA704300
2025-07-28T12:18:42.000Z,V4210592,7614,46.55787,7.13709,24508.5,4.7,5.2,296.4,-273.0,-1.0,-1.0,RS41-SG,404.500,9.8,-225,10,2.6,-1,0501065A08A35A605000
2025-07-28T12:18:43.000Z,V4210592,7615,46.55789,7.13702,24513.3,5.0,6.6,291.5,-273.0,-1.0,-1.0,RS41-SG,404.500,9.4,-225,10,2.7,-1,0501065A08A3CA605000
2025-07-28T12:18:45.000Z,V4210592,7617,46.55792,7.13685,24524.6,5.6,7.8,274.4,-273.0,-1.0,-1.0,RS41-SG,404.500,9.8,-225,10,2.6,-1,05010659089FCA605200
2025-07-28T12:18:46.000Z,V4210592,7618,46.55793,7.13673,24529.6,4.6,9.4,276.8,-273.0,-1.0,-1.0,RS41-SG,404.500,9.8,-225,10,2.6,-1,0501065908810A704C00
2025-07-28T12:18:48.000Z,V4210592,7620,46.55795,7.13650,24538.5,4.4,9.4,273.3,-273.0,-1.0,-1.0,RS41-SG,404.500,8.9,-225,10,2.7,-1,050106590894FA604B00
2025-07-28T12:18:50.000Z,V4210592,7622,46.55798,7.13628,24547.8,5.1,7.0,283.4,-273.0,-1.0,-1.0,RS41-SG,404.500,8.8,-225,10,2.6,-1,0501065808B52A704B00
2025-07-28T12:18:51.000Z,V4210592,7623,46.55799,7.13619,24553.2,5.8,6.3,284.9,-273.0,-1.0,-1.0,RS41-SG,404.500,8.8,-225,10,2.6,-1,0501065808A9BA605300
2025-07-28T12:18:54.000Z,V4210592,7626,46.55804,7.13600,24567.7,4.7,5.6,278.8,-273.0,-1.0,-1.0,RS41-SG,404.500,8.3,-225,10,2.6,-1,0501065808A4DA704200
2025-07-28T12:19:00.000Z,V4210592,7632,46.55800,7.13538,24597.9,5.6,9.0,262.7,-273.0,-1.0,-1.0,RS41-SG,404.500,9.9,-225,10,2.6,-1,0501065608ABDA604E00
2025-07-28T12:19:02.000Z,V4210592,7634,46.55798,7.13519,24608.8,5.4,6.4,259.7,-273.0,-1.0,-1.0,RS41-SG,404.500,8.2,-225,10,2.6,-1,0501065608AE0A604D00
2025-07-28T12:19:05.000Z,V4210592,7637,46.55797,7.13498,24623.1,4.5,6.0,262.6,-273.0,-1.0,-1.0,RS41-SG,404.500,10.3,-225,10,2.6,-1,0501065608AFEA704600
2025-07-28T12:19:06.000Z,V4210592,7638,46.55797,7.13489,24628.1,5.6,6.7,266.6,-273.0,-1.0,-1.0,RS41-SG,404.500,10.3,-225,10,2.6,-1,0501065608AFEA604E00
2025-07-28T12:19:08.000Z,V4210592,7640,46.55794,7.13470,24638.5,4.6,8.8,257.0,-273.0,-1.0,-1.0,RS41-SG,404.500,9.5,-225,10,2.6,-1,0501065508860A605300
2025-07-28T12:19:09.000Z,V4210592,7641,46.55793,7.13459,24643.0,4.2,8.5,260.3,-273.0,-1.0,-1.0,RS41-SG,404.500,9.5,-225,10,2.6,-1,05010655087C2A604E00
2025-07-28T12:19:10.000Z,V4210592,7642,46.55791,7.13449,24647.2,4.3,7.9,253.1,-273.0,-1.0,-1.0,RS41-SG,404.500,10.0,-225,10,2.6,-1,05010655087C0A704D00
2025-07-28T12:19:14.000Z,V4210592,7646,46.55786,7.13418,24666.8,4.6,5.0,255.8,-273.0,-1.0,-1.0,RS41-SG,404.500,8.4,-225,10,2.6,-1,05010654088C0A605400
2025-07-28T12:19:22.000Z,V4210592,7654,46.55763,7.13344,24703.7,4.9,8.9,243.2,-273.0,-1.0,-1.0,RS41-SG,404.500,8.8,-225,10,2.6,-1,-1
2025-07-28T12:19:24.000Z,V4210592,7656,46.55757,7.13328,24713.9,4.9,5.3,239.5,-273.0,-1.0,-1.0,RS41-SG,404.500,9.7,-225,10,2.6,-1,0501065308910A605500
2025-07-28T12:19:25.000Z,V4210592,7657,46.55755,7.13322,24718.4,4.5,4.8,240.8,-273.0,-1.0,-1.0,RS41-SG,404.500,8.7,-225,10,2.6,-1,0501065308881A605600
2025-07-28T12:19:26.000Z,V4210592,7658,46.55753,7.13317,24723.3,5.0,3.9,237.3,-273.0,-1.0,-1.0,RS41-SG,404.500,9.6,-225,10,2.6,-1,0501065208862A605000
2025-07-28T12:19:27.000Z,V4210592,7659,46.55751,7.13313,24727.8,4.5,5.1,224.5,-273.0,-1.0,-1.0,RS41-SG,404.500,9.7,-225,10,2.6,-1,05010652087D7A604600
2025-07-28T12:19:28.000Z,V4210592,7660,46.55747,7.13307,24732.6,5.4,7.0,235.3,-273.0,-1.0,-1.0,RS41-SG,404.500,10.7,-225,10,2.7,-1,0501065208804A605100
2025-07-28T12:19:29.000Z,V4210592,7661,46.55743,7.13299,24738.5,6.1,8.0,233.9,-273.0,-1.0,-1.0,RS41-SG,404.500,10.7,-225,10,2.6,-1,05010652088A4A605100
2025-07-28T12:19:30.000Z,V4210592,7662,46.55738,7.13289,24744.1,5.1,10.3,233.3,-273.0,-1.0,-1.0,RS41-SG,404.500,10.1,-225,10,2.6,-1,0501065208897A604300
2025-07-28T12:19:32.000Z,V4210592,7664,46.55728,7.13265,24752.5,4.4,11.1,239.2,-273.0,-1.0,-1.0,RS41-SG,404.500,9.3,-225,10,2.6,-1,050106520870AA605400
2025-07-28T12:19:33.000Z,V4210592,7665,46.55723,7.13252,24757.0,4.7,11.3,239.9,-273.0,-1.0,-1.0,RS41-SG,404.500,9.0,-225,10,2.7,-1,0501065208709A604900
2025-07-28T12:19:35.000Z,V4210592,7667,46.55716,7.13229,24767.5,5.7,7.7,244.4,-273.0,-1.0,-1.0,RS41-SG,404.500,7.9,-225,10,2.6,-1,05010651088C3A605100
2025-07-28T12:19:36.000Z,V4210592,7668,46.55713,7.13221,24772.6,5.0,7.0,246.8,-273.0,-1.0,-1.0,RS41-SG,404.500,8.9,-225,10,2.6,-1,05010651087F5A604E00
2025-07-28T12:19:37.000Z,V4210592,7669,46.55711,7.13213,24777.5,4.8,5.6,249.9,-273.0,-1.0,-1.0,RS41-SG,404.500,10.9,-225,10,2.6,-1,05010651085A5A604700
2025-07-28T12:19:38.000Z,V4210592,7670,46.55709,7.13206,24782.4,4.8,5.6,237.7,-273.0,-1.0,-1.0,RS41-SG,404.500,10.9,-225,10,2.7,-1,0501065108573A605100
2025-07-28T12:19:39.000Z,V4210592,7671,46.55705,7.13200,24787.2,5.1,7.2,234.2,-273.0,-1.0,-1.0,RS41-SG,404.500,9.7,-225,10,2.6,-1,050106510847CA605000
2025-07-28T12:19:44.000Z,V4210592,7676,46.55675,7.13149,24811.4,4.2,12.7,226.4,-273.0,-1.0,-1.0,RS41-SG,404.500,9.2,-225,10,2.6,-1,05010650084B3A605200
2025-07-28T12:19:45.000Z,V4210592,7677,46.55668,7.13137,24816.0,5.0,11.8,232.2,-273.0,-1.0,-1.0,RS41-SG,404.500,9.2,-225,10,2.6,-1,0501065008462A604F00
2025-07-28T12:19:46.000Z,V4210592,7678,46.55662,7.13126,24821.0,5.3,10.2,231.5,-273.0,-1.0,-1.0,RS41-SG,404.500,9.6,-225,10,2.6,-1,0501065008625A605100
2025-07-28T12:19:47.000Z,V4210592,7679,46.55656,7.13116,24826.6,5.9,9.6,233.8,-273.0,-1.0,-1.0,RS41-SG,404.500,10.2,-225,10,2.6,-1,050106500874EA605100
2025-07-28T12:19:48.000Z,V4210592,7680,46.55652,7.13106,24831.3,4.0,8.3,240.6,-273.0,-1.0,-1.0,RS41-SG,404.500,10.2,-225,10,2.7,-1,0501065008624A605500
2025-07-28T12:19:50.000Z,V4210592,7682,46.55644,7.13088,24839.9,4.2,9.2,238.3,-273.0,-1.0,-1.0,RS41-SG,404.500,9.6,-225,10,2.6,-1,0501064F08454A605700
2025-07-28T12:19:51.000Z,V4210592,7683,46.55640,7.13078,24844.9,5.7,9.8,238.7,-273.0,-1.0,-1.0,RS41-SG,404.500,10.5,-225,10,2.6,-1,0501064F0861CA605600
2025-07-28T12:19:52.000Z,V4210592,7684,46.55635,7.13067,24850.8,6.1,11.3,231.8,-273.0,-1.0,-1.0,RS41-SG,404.500,10.5,-225,10,2.6,-1,0501064F08706A605400
2025-07-28T12:19:53.000Z,V4210592,7685,46.55628,7.13054,24856.1,5.0,13.1,232.7,-273.0,-1.0,-1.0,RS41-SG,404.500,10.5,-225,10,2.6,-1,0501064F086A6A605000
2025-07-28T12:19:54.000Z,V4210592,7686,46.55621,7.13041,24860.4,3.6,13.1,231.3,-273.0,-1.0,-1.0,RS41-SG,404.500,10.5,-225,10,2.6,-1,0501064F08436A604800
2025-07-28T12:19:55.000Z,V4210592,7687,46.55613,7.13028,24864.2,4.2,13.6,224.7,-273.0,-1.0,-1.0,RS41-SG,404.500,10.9,-225,10,2.6,-1,0501064E0849EA605800
2025-07-28T12:19:56.000Z,V4210592,7688,46.55604,7.13015,24868.8,4.7,13.1,226.0,-273.0,-1.0,-1.0,RS41-SG,404.500,10.9,-225,10,2.6,-1,0501064E0846EA705100
2025-07-28T12:19:57.000Z,V4210592,7689,46.55597,7.13005,24873.5,5.3,11.1,221.8,-273.0,-1.0,-1.0,RS41-SG,404.500,10.7,-225,10,2.6,-1,0501064E085BAA604E00
2025-07-28T12:19:58.000Z,V4210592,7690,46.55589,7.12995,24878.9,5.6,10.9,217.6,-273.0,-1.0,-1.0,RS41-SG,404.500,10.7,-225,10,2.6,-1,0501064E086A9A605000
2025-07-28T12:19:59.000Z,V4210592,7691,46.55582,7.12987,24884.2,4.8,9.6,222.0,-273.0,-1.0,-1.0,RS41-SG,404.500,10.2,-225,10,2.6,-1,0501064E0858CA604E00
2025-07-28T12:20:02.000Z,V4210592,7694,46.55563,7.12962,24899.0,5.4,10.6,231.9,-273.0,-1.0,-1.0,RS41-SG,404.500,8.0,-225,10,2.6,-1,0501064D08332A604D00
2025-07-28T12:20:09.000Z,V4210592,7701,46.55518,7.12859,24933.6,5.6,11.7,234.9,-273.0,-1.0,-1.0,RS41-SG,404.500,11.0,-225,10,2.6,-1,0501064C085DEA604E00
2025-07-28T12:20:10.000Z,V4210592,7702,46.55512,7.12847,24938.7,5.0,10.8,235.6,-273.0,-1.0,-1.0,RS41-SG,404.500,11.0,-225,10,2.6,-1,0501064C08559A604F00
2025-07-28T12:20:11.000Z,V4210592,7703,46.55507,7.12836,24943.3,4.3,9.0,231.5,-273.0,-1.0,-1.0,RS41-SG,404.500,10.0,-225,10,2.6,-1,0501064C08254A605000
2025-07-28T12:20:12.000Z,V4210592,7704,46.55502,7.12827,24947.7,4.7,10.0,224.8,-273.0,-1.0,-1.0,RS41-SG,404.500,10.0,-225,10,2.6,-1,0501064C08316A705000
2025-07-28T12:20:13.000Z,V4210592,7705,46.55495,7.12817,24952.4,4.7,11.1,227.7,-273.0,-1.0,-1.0,RS41-SG,404.500,10.3,-225,10,2.7,-1,0501064C081FEA604F00
2025-07-28T12:20:14.000Z,V4210592,7706,46.55488,7.12806,24957.2,5.3,12.0,224.9,-48.0,1.2,-1.0,RS41-SG,404.500,10.3,-225,10,2.6,-1,0501064B083C9A605200
2025-07-28T12:20:15.000Z,V4210592,7707,46.55480,7.12794,24962.5,5.5,14.5,226.4,-47.9,1.2,-1.0,RS41-SG,404.500,9.7,-225,10,2.6,-1,0501064B08444A604E00
2025-07-28T12:20:16.000Z,V4210592,7708,46.55471,7.12779,24967.6,5.0,15.7,231.6,-47.8,1.2,-1.0,RS41-SG,404.500,9.0,-225,10,2.6,-1,0501064B0837DA605100
2025-07-28T12:20:17.000Z,V4210592,7709,46.55462,7.12763,24971.9,3.9,16.3,232.0,-47.8,1.2,-1.0,RS41-SG,404.500,9.2,-225,10,2.6,-1,0501064B08123A605100
2025-07-28T12:20:18.000Z,V4210592,7710,46.55453,7.12745,24976.0,4.4,17.2,236.4,-47.7,1.1,-1.0,RS41-SG,404.500,9.2,-225,10,2.6,-1,0501064B0821CA605000
2025-07-28T12:20:20.000Z,V4210592,7712,46.55439,7.12710,24985.5,5.4,14.3,241.8,-47.6,1.1,-1.0,RS41-SG,404.500,9.6,-225,10,2.6,-1,0501064A084ACA605000
2025-07-28T12:20:21.000Z,V4210592,7713,46.55434,7.12694,24990.9,5.7,13.2,245.9,-47.5,1.1,-1.0,RS41-SG,404.500,9.6,-225,10,2.6,-1,0501064A0841EA605100
2025-07-28T12:20:22.000Z,V4210592,7714,46.55429,7.12679,24996.0,4.6,11.2,247.1,-47.5,1.1,-1.0,RS41-SG,404.500,8.6,-225,10,2.6,-1,0501064A08331A605000
2025-07-28T12:20:24.000Z,V4210592,7716,46.55421,7.12655,25004.3,4.4,10.8,240.0,-47.3,1.1,-1.0,RS41-SG,404.500,10.5,-225,10,2.6,-1,0501064A081A5A605400
2025-07-28T12:20:25.000Z,V4210592,7717,46.55415,7.12643,25009.2,5.0,11.0,231.8,-47.3,1.1,-1.0,RS41-SG,404.500,10.5,-225,10,2.6,-1,0501064A083F6A604800
2025-07-28T12:20:26.000Z,V4210592,7718,46.55408,7.12631,25014.4,5.4,13.2,225.4,-47.2,1.2,-1.0,RS41-SG,404.500,9.2,-225,10,2.6,-1,05010649083D0A605400
2025-07-28T12:20:27.000Z,V4210592,7719,46.55399,7.12618,25019.7,5.4,15.0,226.4,-47.2,1.2,-1.0,RS41-SG,404.500,10.1,-225,10,2.6,-1,0501064908332A605100
2025-07-28T12:20:29.000Z,V4210592,7721,46.55379,7.12589,25028.4,4.2,17.0,224.0,-47.2,1.1,-1.0,RS41-SG,404.500,9.1,-225,9,2.6,-1,0501064908126A604F00
2025-07-28T12:20:30.000Z,V4210592,7722,46.55369,7.12574,25032.7,4.4,16.2,228.7,-47.2,1.1,-1.0,RS41-SG,404.500,8.9,-225,9,2.6,-1,0501064908143A605400
2025-07-28T12:20:31.000Z,V4210592,7723,46.55360,7.12559,25037.5,5.4,14.8,228.7,-47.2,1.1,-1.0,RS41-SG,404.500,8.7,-225,9,2.6,-1,05010649083DFA604800
2025-07-28T12:20:33.000Z,V4210592,7725,46.55345,7.12530,25048.6,5.1,12.4,240.9,-47.2,1.1,-1.0,RS41-SG,404.500,8.9,-225,9,2.7,-1,05010648083F7A605000
2025-07-28T12:20:37.000Z,V4210592,7729,46.55325,7.12474,25066.3,5.5,13.3,240.4,-47.2,1.2,-1.0,RS41-SG,404.500,8.7,-225,9,2.6,-1,05010648083F0A604500
2025-07-28T12:20:40.000Z,V4210592,7732,46.55304,7.12423,25081.0,3.5,16.8,232.8,-47.3,1.2,-1.0,RS41-SG,404.500,9.2,-225,9,2.6,-1,050106470817AA604500
2025-07-28T12:20:45.000Z,V4210592,7737,46.55264,7.12347,25105.8,5.0,11.2,234.1,-47.4,1.2,-1.0,RS41-SG,404.500,8.9,-225,9,2.6,-1,050106470823AA605700
2025-07-28T12:20:50.000Z,V4210592,7742,46.55238,7.12268,25129.8,5.6,17.5,250.2,-47.6,1.2,-1.0,RS41-SG,404.500,9.8,-225,9,2.6,-1,050106460837CA604300
2025-07-28T12:20:54.000Z,V4210592,7746,46.55211,7.12182,25148.7,5.4,16.5,241.7,-47.7,1.2,-1.0,RS41-SG,404.500,8.3,-225,9,2.6,-1,050106460845BA604B00
2025-07-28T12:22:43.000Z,V4210592,7855,46.55351,7.10488,25682.6,4.8,3.6,326.0,-48.5,1.2,-1.0,RS41-SG,404.500,8.4,-225,9,2.6,-1,0501062C07FF7A605400
2025-07-28T12:22:48.000Z,V4210592,7860,46.55364,7.10446,25707.0,3.8,11.8,282.2,-48.4,1.2,-1.0,RS41-SG,404.500,8.2,-225,9,2.6,-1,0501062A07FD7A605400
2025-07-28T12:23:01.000Z,V4210592,7873,46.55357,7.10319,25769.2,4.4,11.6,268.5,-48.2,1.2,-1.0,RS41-SG,404.500,9.2,-225,9,2.6,-1,0501V27414620000006EI
2025-07-28T12:23:05.000Z,V4210592,7877,46.55358,7.10264,25790.2,6.0,7.8,271.3,-48.1,1.2,-1.0,RS41-SG,404.500,8.2,-225,9,2.6,-1,050106260829CA605400
2025-07-28T12:23:10.000Z,V4210592,7882,46.55357,7.10226,25812.7,5.6,6.3,257.4,-48.0,1.2,-1.0,RS41-SG,404.500,9.1,-225,9,2.6,-1,0501062508368A605300
2025-07-28T12:23:16.000Z,V4210592,7888,46.55356,7.10162,25842.4,5.1,7.1,290.2,-47.8,1.2,-1.0,RS41-SG,404.500,8.3,-225,9,2.6,-1,0501062308340A605300
2025-07-28T12:23:20.000Z,V4210592,7892,46.55369,7.10131,25861.2,4.3,7.7,294.6,-47.5,1.1,-1.0,RS41-SG,404.500,8.0,-225,9,2.6,-1,050106220831DA604F00
2025-07-28T12:23:24.000Z,V4210592,7896,46.55377,7.10086,25880.5,5.0,10.0,278.3,-47.6,1.2,-1.0,RS41-SG,404.500,8.1,-225,9,2.6,-1,0501062108447A604E00
2025-07-28T12:23:28.000Z,V4210592,7900,46.55380,7.10047,25900.2,5.1,3.4,284.7,-47.7,1.2,-1.0,RS41-SG,404.500,8.4,-225,9,2.6,-1,05010620084BAA605600
2025-07-28T12:23:29.000Z,V4210592,7901,46.55381,7.10044,25905.2,5.1,2.8,309.7,-47.7,1.2,-1.0,RS41-SG,404.500,8.8,-225,9,2.6,-1,0501062008569A605000
2025-07-28T12:23:37.000Z,V4210592,7909,46.55405,7.09995,25943.8,5.0,10.0,285.4,-47.6,1.2,-1.0,RS41-SG,404.500,8.3,-225,9,2.6,-1,0501061D08602A605900
2025-07-28T12:23:44.000Z,V4210592,7916,46.55425,7.09960,25977.4,4.7,5.6,352.9,-47.7,1.2,-1.0,RS41-SG,404.500,8.7,-225,9,2.6,-1,0501061B0863DA604E00
2025-07-28T12:23:49.000Z,V4210592,7921,46.55453,7.09934,26002.4,4.5,8.5,306.5,-47.6,1.2,-1.0,RS41-SG,404.500,8.9,-225,9,2.6,-1,0501061908544A604500
2025-07-28T12:23:50.000Z,V4210592,7922,46.55457,7.09925,26007.1,4.9,8.0,301.3,-47.5,1.2,-1.0,RS41-SG,404.500,9.0,-225,9,2.6,-1,-1
2025-07-28T12:23:52.000Z,V4210592,7924,46.55462,7.09912,26017.5,5.6,3.0,284.9,-47.6,1.1,-1.0,RS41-SG,404.500,8.8,-225,9,2.6,-1,050106190861BA604D00
2025-07-28T12:23:53.000Z,V4210592,7925,46.55463,7.09909,26023.1,5.3,1.7,278.7,-47.5,1.1,-1.0,RS41-SG,404.500,8.8,-225,9,2.6,-1,0501061808603A605400
2025-07-28T12:23:54.000Z,V4210592,7926,46.55463,7.09909,26027.5,4.0,0.6,65.5,-47.5,1.1,-1.0,RS41-SG,404.500,8.8,-225,9,2.7,-1,050106180846BA604500
2025-07-28T12:23:55.000Z,V4210592,7927,46.55463,7.09909,26031.5,4.2,1.0,122.8,-47.5,1.2,-1.0,RS41-SG,404.500,8.6,-225,9,2.6,-1,05010618083FDA605700
2025-07-28T12:23:59.000Z,V4210592,7931,46.55467,7.09904,26051.6,5.1,5.1,308.9,-47.3,1.2,-1.0,RS41-SG,404.500,8.8,-225,9,2.6,-1,0501061608671A604F00
2025-07-28T12:24:02.000Z,V4210592,7934,46.55477,7.09887,26064.7,4.8,5.6,308.7,-47.1,1.1,-1.0,RS41-SG,404.500,7.9,-225,9,2.6,-1,0501V27414620000006EI
2025-07-28T12:24:09.000Z,V4210592,7941,46.55479,7.09874,26099.3,5.7,2.6,243.1,-46.7,1.1,-1.0,RS41-SG,404.500,8.3,-225,9,2.6,-1,050106130866BA604600
2025-07-28T12:24:11.000Z,V4210592,7943,46.55477,7.09863,26110.2,5.0,5.9,272.8,-46.8,1.1,-1.0,RS41-SG,404.500,8.1,-225,9,2.6,-1,0501061308627A605300
2025-07-28T12:24:12.000Z,V4210592,7944,46.55478,7.09856,26114.3,4.0,5.8,285.7,-46.8,1.1,-1.0,RS41-SG,404.500,8.9,-225,9,2.6,-1,0501061308466A605000
2025-07-28T12:24:17.000Z,V4210592,7949,46.55494,7.09835,26137.3,5.1,4.6,359.6,-46.7,1.2,-1.0,RS41-SG,404.500,8.7,-225,9,2.6,-1,05010611086D9A605300
2025-07-28T12:24:20.000Z,V4210592,7952,46.55504,7.09836,26150.9,4.9,3.6,331.3,-46.7,1.1,-1.0,RS41-SG,404.500,8.9,-225,9,2.6,-1,05010610087BEA605000
2025-07-28T12:24:22.000Z,V4210592,7954,46.55509,7.09827,26161.6,5.5,5.6,284.9,-46.7,1.1,-1.0,RS41-SG,404.500,9.2,-225,9,2.6,-1,050106100892BA605300
2025-07-28T12:24:25.000Z,V4210592,7957,46.55512,7.09798,26174.5,4.6,8.0,271.1,-46.7,1.1,-1.0,RS41-SG,404.500,7.9,-225,9,2.6,-1,0501060F0864DA604E00
2025-07-28T12:24:33.000Z,V4210592,7965,46.55515,7.09768,26213.6,5.6,4.4,323.1,-46.7,1.1,-1.0,RS41-SG,404.500,9.2,-225,9,2.6,-1,0501060C0880CA604300
2025-07-28T12:24:35.000Z,V4210592,7967,46.55522,7.09755,26224.7,5.0,8.9,299.3,-46.7,1.2,-1.0,RS41-SG,404.500,8.8,-225,9,2.6,-1,0501060C087AAA604E00
2025-07-28T12:24:37.000Z,V4210592,7969,46.55530,7.09733,26233.3,4.7,9.5,289.8,-46.7,1.1,-1.0,RS41-SG,404.500,10.2,-225,9,2.6,-1,0501060B085A6A604D00
2025-07-28T12:24:38.000Z,V4210592,7970,46.55532,7.09721,26237.9,4.9,9.6,284.7,-46.7,1.2,-1.0,RS41-SG,404.500,10.2,-225,9,2.6,-1,0501060B08521A604F00
2025-07-28T12:24:39.000Z,V4210592,7971,46.55534,7.09710,26243.2,5.8,7.5,282.0,-46.7,1.2,-1.0,RS41-SG,404.500,8.9,-225,9,2.6,-1,0501060B08707A605900
2025-07-28T12:24:45.000Z,V4210592,7977,46.55535,7.09681,26272.2,5.7,4.7,313.6,-46.8,1.1,-1.0,RS41-SG,404.500,7.8,-225,9,2.6,-1,050106090867EA605200
2025-07-28T12:24:48.000Z,V4210592,7980,46.55547,7.09659,26287.2,3.4,10.0,306.8,-46.8,1.1,-1.0,RS41-SG,404.500,8.1,-225,9,2.7,-1,0501060807FFAA605800
2025-07-28T12:24:49.000Z,V4210592,7981,46.55552,7.09648,26291.4,4.6,10.0,303.8,-46.8,1.1,-1.0,RS41-SG,404.500,8.1,-225,9,2.6,-1,05010608082F4A605400
2025-07-28T12:24:51.000Z,V4210592,7983,46.55560,7.09627,26301.0,5.7,8.2,294.4,-46.7,1.1,-1.0,RS41-SG,404.500,9.4,-225,9,2.6,-1,050106070851CA605200
2025-07-28T12:24:52.000Z,V4210592,7984,46.55562,7.09618,26306.4,5.5,5.8,285.0,-46.7,1.2,-1.0,RS41-SG,404.500,9.4,-225,9,2.6,-1,050106070851DA604D00
2025-07-28T12:24:53.000Z,V4210592,7985,46.55563,7.09611,26311.5,4.9,5.4,273.3,-46.7,1.2,-1.0,RS41-SG,404.500,9.3,-225,9,2.6,-1,05010606085C5A605000
2025-07-28T12:24:56.999Z,V4210592,7989,46.55566,7.09586,26329.8,5.6,6.7,295.4,-46.7,1.1,-1.0,RS41-SG,404.500,8.4,-225,9,2.6,-1,05010606087CDA605000
2025-07-28T12:24:59.999Z,V4210592,7992,46.55577,7.09559,26344.9,4.1,10.6,305.6,-46.8,1.1,-1.0,RS41-SG,404.500,8.2,-225,9,2.6,-1,050106050844FA604E00
2025-07-28T12:25:01.999Z,V4210592,7994,46.55588,7.09539,26354.3,5.0,8.6,308.1,-46.8,1.2,-1.0,RS41-SG,404.500,9.0,-225,9,2.6,-1,0501V27414620000006EI
2025-07-28T12:25:02.999Z,V4210592,7995,46.55593,7.09531,26359.8,5.8,8.0,312.9,-46.8,1.1,-1.0,RS41-SG,404.500,9.0,-225,9,2.6,-1,050106040869FA604F00
2025-07-28T12:25:04.999Z,V4210592,7997,46.55601,7.09521,26370.1,4.9,4.4,320.9,-46.9,1.1,-1.0,RS41-SG,404.500,9.6,-225,9,2.6,-1,0501060308642A604F00
2025-07-28T12:25:05.999Z,V4210592,7998,46.55604,7.09517,26374.9,4.6,4.7,324.1,-46.9,1.1,-1.0,RS41-SG,404.500,9.6,-225,9,2.7,-1,0501060308515A605700
2025-07-28T12:25:08.999Z,V4210592,8001,46.55615,7.09504,26388.4,5.2,7.4,307.7,-46.9,1.2,-1.0,RS41-SG,404.500,9.4,-225,9,2.6,-1,0501060308518A604F00
2025-07-28T12:25:11.999Z,V4210592,8004,46.55629,7.09473,26403.6,4.4,11.4,298.1,-47.0,1.2,-1.0,RS41-SG,404.500,10.6,-225,9,2.6,-1,05010602084C2A605300
2025-07-28T12:25:14.999Z,V4210592,8007,46.55638,7.09440,26418.5,5.4,7.3,280.9,-47.1,1.2,-1.0,RS41-SG,404.500,9.4,-225,9,2.6,-1,050106010854FA604200
2025-07-28T12:25:18.999Z,V4210592,8011,46.55637,7.09420,26436.5,4.3,2.5,257.9,-47.1,1.1,-1.0,RS41-SG,404.500,9.0,-225,9,2.7,-1,0501060008286A604D00
2025-07-28T12:25:21.999Z,V4210592,8014,46.55639,7.09403,26450.8,5.3,7.7,295.2,-47.0,1.2,-1.0,RS41-SG,404.500,9.7,-225,9,2.6,-1,05010600084EBA604600
2025-07-28T12:25:25.999Z,V4210592,8018,46.55651,7.09354,26469.9,4.8,9.5,281.0,-47.0,1.1,-1.0,RS41-SG,404.500,9.0,-225,9,2.6,-1,050105FF083D9A604D00
2025-07-28T12:25:26.999Z,V4210592,8019,46.55652,7.09343,26474.9,5.1,8.5,270.3,-46.9,1.1,-1.0,RS41-SG,404.500,10.1,-225,9,2.6,-1,050105FF084FCA605700
2025-07-28T12:25:28.999Z,V4210592,8021,46.55649,7.09326,26484.8,4.7,5.6,229.9,-47.0,1.2,-1.0,RS41-SG,404.500,8.3,-225,9,2.6,-1,050105FE0843FA605300
2025-07-28T12:25:29.999Z,V4210592,8022,46.55646,7.09321,26488.8,4.0,6.2,217.1,-47.0,1.2,-1.0,RS41-SG,404.500,8.3,-225,9,2.6,-1,050105FE08329A604300
2025-07-28T12:25:31.999Z,V4210592,8024,46.55637,7.09313,26497.4,4.9,6.0,209.7,-47.0,1.1,-1.0,RS41-SG,404.500,8.7,-225,9,2.6,-1,050105FE08292A604E00
2025-07-28T12:25:33.999Z,V4210592,8026,46.55630,7.09300,26507.9,5.7,6.9,251.9,-47.0,1.1,-1.0,RS41-SG,404.500,8.8,-225,9,2.6,-1,050105FD08336A604700
2025-07-28T12:25:35.999Z,V4210592,8028,46.55628,7.09279,26517.4,3.4,10.1,270.2,-46.9,1.1,-1.0,RS41-SG,404.500,9.8,-225,9,2.6,-1,050105FD08020A605100
2025-07-28T12:25:36.999Z,V4210592,8029,46.55628,7.09265,26521.0,3.7,10.4,276.5,-46.9,1.1,-1.0,RS41-SG,404.500,10.1,-225,9,2.7,-1,050105FC08055A604C00
2025-07-28T12:25:38.999Z,V4210592,8031,46.55629,7.09240,26529.8,5.4,9.3,267.2,-46.9,1.1,-1.0,RS41-SG,404.500,9.2,-225,9,2.6,-1,050105FC08313A604C00
2025-07-28T12:25:39.999Z,V4210592,8032,46.55629,7.09229,26535.0,5.5,7.7,261.7,-46.9,1.2,-1.0,RS41-SG,404.500,9.2,-225,9,2.6,-1,050105FC08312A604E00
2025-07-28T12:25:43.999Z,V4210592,8036,46.55615,7.09200,26552.6,4.5,7.6,222.0,-46.9,1.2,-1.0,RS41-SG,404.500,8.8,-225,9,2.6,-1,050105FB0810EA604E00
2025-07-28T12:25:48.999Z,V4210592,8041,46.55595,7.09142,26574.7,3.5,11.6,259.7,-46.7,1.1,-1.0,RS41-SG,404.500,8.4,-225,9,2.6,-1,050105FA08012A604E00
2025-07-28T12:25:51.999Z,V4210592,8044,46.55588,7.09100,26585.4,4.3,10.3,252.3,-46.6,1.1,-1.0,RS41-SG,404.500,8.6,-225,9,2.6,-1,050105FA081CBA605400
2025-07-28T12:25:57.999Z,V4210592,8050,46.55563,7.09029,26611.0,4.3,11.7,253.7,-46.4,1.1,-1.0,RS41-SG,404.500,9.2,-225,9,2.6,-1,050105F908088A605400
2025-07-28T12:26:00.999Z,V4210592,8053,46.55556,7.08980,26624.1,3.6,13.7,264.4,-46.3,1.1,-1.0,RS41-SG,404.500,9.6,-225,9,2.6,-1,050105F9080C6A505400
2025-07-28T12:26:05.999Z,V4210592,8058,46.55536,7.08907,26644.9,3.8,12.4,227.4,-46.0,1.1,-1.0,RS41-SG,404.500,9.0,-225,9,2.7,-1,050105F808143A605200
2025-07-28T12:26:06.999Z,V4210592,8059,46.55528,7.08895,26649.0,4.0,11.9,228.3,-45.9,1.1,-1.0,RS41-SG,404.500,10.3,-225,9,2.6,-1,050105F8080FDA604200
2025-07-28T12:26:09.999Z,V4210592,8062,46.55509,7.08857,26662.9,5.1,13.0,251.0,-45.9,1.1,-1.0,RS41-SG,404.500,8.5,-225,9,2.6,-1,050105F8081B1A604700
2025-07-28T12:26:12.999Z,V4210592,8065,46.55505,7.08802,26676.4,3.0,15.7,273.8,-45.9,1.1,-1.0,RS41-SG,404.500,8.9,-225,9,2.6,-1,050105F707F24A604700
2025-07-28T12:26:13.999Z,V4210592,8066,46.55506,7.08782,26679.9,3.8,14.7,272.2,-45.8,1.1,-1.0,RS41-SG,404.500,8.9,-225,9,2.6,-1,050105F707F60A605A00
2025-07-28T12:26:14.999Z,V4210592,8067,46.55506,7.08763,26684.3,4.6,14.6,266.3,-45.8,1.1,-1.0,RS41-SG,404.500,8.5,-225,9,2.6,-1,050105F708012A605500
2025-07-28T12:26:15.999Z,V4210592,8068,46.55505,7.08745,26689.0,5.2,13.3,264.5,-45.7,1.1,-1.0,RS41-SG,404.500,8.5,-225,9,2.6,-1,050105F7080D0A604D00
2025-07-28T12:26:17.999Z,V4210592,8070,46.55499,7.08715,26699.4,4.5,11.9,241.0,-45.7,1.1,-1.0,RS41-SG,404.500,9.5,-225,9,2.6,-1,050105F608140A604E00
2025-07-28T12:26:26.999Z,V4210592,8079,46.55479,7.08577,26738.0,4.0,14.2,276.8,-45.7,1.1,-1.0,RS41-SG,404.500,8.6,-225,9,2.6,-1,050105F507F8CA504D00
2025-07-28T12:35:10.999Z,V4210592,8603,46.56791,7.00417,29336.7,5.7,17.0,288.9,-273.0,-1.0,-1.0,RS41,404.500,7.6,-225,10,2.7,-1,050105A7068DEA504E00
2025-07-28T12:49:04.000Z,V4210592,9436,46.58533,6.85128,33203.0,2.9,27.5,306.7,-273.0,-1.0,-1.0,RS41,404.500,8.0,-225,10,2.7,-1,0501052E03C87A405400
2025-07-28T12:49:15.000Z,V4210592,9447,46.58591,6.84893,33251.2,5.7,11.3,307.5,-273.0,-1.0,-1.0,RS41,404.500,8.4,-225,10,2.7,-1,0501052D03B47A405300
2025-07-28T12:49:16.000Z,V4210592,9448,46.58598,6.84879,33256.4,4.6,14.7,306.4,-273.0,-1.0,-1.0,RS41,404.500,8.6,-225,10,2.7,-1,0501052D03B47A404F00
2025-07-28T12:49:19.000Z,V4210592,9451,46.58627,6.84809,33264.7,2.3,26.8,297.7,-273.0,-1.0,-1.0,RS41,404.500,9.4,-225,10,2.6,-1,0501052C03BD8A405100
2025-07-28T12:49:20.000Z,V4210592,9452,46.58638,6.84777,33268.3,4.4,27.5,293.9,-273.0,-1.0,-1.0,RS41,404.500,9.3,-225,10,2.7,-1,0501052C03C29A405400
2025-07-28T12:49:31.000Z,V4210592,9463,46.58677,6.84605,33319.3,5.2,12.8,311.0,-273.0,-1.0,-1.0,RS41,404.500,9.2,-225,10,2.7,-1,0501052B03BFCA404E00
2025-07-28T12:49:34.000Z,V4210592,9466,46.58699,6.84540,33327.3,1.8,24.5,288.4,-273.0,-1.0,-1.0,RS41,404.500,8.8,-225,9,2.7,-1,0501052A03B34A405300
2025-07-28T12:49:35.000Z,V4210592,9467,46.58705,6.84509,33329.9,3.5,26.2,284.9,-273.0,-1.0,-1.0,RS41,404.500,9.5,-225,10,2.7,-1,0501052A03B1FA405500
2025-07-28T12:49:39.000Z,V4210592,9471,46.58715,6.84400,33353.0,5.5,13.8,274.0,-273.0,-1.0,-1.0,RS41,404.500,9.8,-225,10,2.6,-1,0501052903AB3A405000
2025-07-28T12:49:46.000Z,V4210592,9478,46.58752,6.84359,33380.1,5.9,12.0,318.1,-273.0,-1.0,-1.0,RS41,404.500,9.5,-225,10,2.6,-1,0501052803B32A405100
2025-07-28T12:49:48.000Z,V4210592,9480,46.58764,6.84329,33388.8,2.8,16.3,285.6,-273.0,-1.0,-1.0,RS41,404.500,9.1,-225,10,2.7,-1,0501052703A3AA405900
2025-07-28T12:49:50.000Z,V4210592,9482,46.58767,6.84279,33393.9,3.1,21.4,270.6,-273.0,-1.0,-1.0,RS41,404.500,8.8,-225,10,2.7,-1,05010527039CDA404A00
2025-07-28T12:50:01.000Z,V4210592,9493,46.58808,6.84109,33442.0,5.7,14.5,303.8,-273.0,-1.0,-1.0,RS41,404.500,9.4,-225,10,2.7,-1,0501052403B00A405000
2025-07-28T12:50:02.000Z,V4210592,9494,46.58814,6.84092,33447.3,5.0,14.6,291.4,-273.0,-1.0,-1.0,RS41,404.500,10.6,-225,10,2.7,-1,0501052403A9FA504F00
2025-07-28T12:50:03.000Z,V4210592,9495,46.58817,6.84074,33451.4,3.6,15.0,275.4,-273.0,-1.0,-1.0,RS41,404.500,10.6,-225,10,2.7,-1,0501052303A09A404B00
2025-07-28T12:50:04.000Z,V4210592,9496,46.58816,6.84053,33454.4,2.6,16.7,261.6,-273.0,-1.0,-1.0,RS41,404.500,9.7,-225,10,2.7,-1,0501052303A19A405700
2025-07-28T12:50:05.000Z,V4210592,9497,46.58813,6.84031,33457.4,3.0,18.0,253.9,-273.0,-1.0,-1.0,RS41,404.500,10.3,-225,10,2.7,-1,0501052303A76A404600
2025-07-28T12:50:06.000Z,V4210592,9498,46.58808,6.84009,33461.1,4.2,17.7,250.3,-273.0,-1.0,-1.0,RS41,404.500,10.3,-225,10,2.6,-1,0501052303AFDA405000
2025-07-28T12:50:11.000Z,V4210592,9503,46.58792,6.83925,33485.2,3.5,12.2,284.1,-273.0,-1.0,-1.0,RS41,404.500,8.5,-225,10,2.7,-1,0501052103981A405200
2025-07-28T12:50:12.000Z,V4210592,9504,46.58796,6.83910,33488.4,3.0,13.6,296.5,-273.0,-1.0,-1.0,RS41,404.500,8.3,-225,10,2.7,-1,05010521039CDA404F00
2025-07-28T12:50:14.000Z,V4210592,9506,46.58809,6.83876,33495.6,4.5,16.6,297.8,-273.0,-1.0,-1.0,RS41,404.500,8.4,-225,10,2.6,-1,0501052103A2CA404200
2025-07-28T12:50:16.000Z,V4210592,9508,46.58821,6.83832,33505.5,5.6,19.4,286.7,-273.0,-1.0,-1.0,RS41,404.500,9.2,-225,10,2.7,-1,0501052003A44A405000
2025-07-28T12:50:17.000Z,V4210592,9509,46.58825,6.83808,33510.5,5.1,19.1,280.5,-273.0,-1.0,-1.0,RS41,404.500,9.2,-225,10,2.7,-1,05010520039A0A504F00
2025-07-28T12:50:28.000Z,V4210592,9520,46.58812,6.83615,33559.0,4.0,16.7,284.1,-273.0,-1.0,-1.0,RS41-SG,404.500,9.3,-225,10,2.6,-1,0501051D038CFA404F00
2025-07-28T12:50:58.000Z,V4210592,9550,46.58790,6.82902,33694.9,4.6,25.1,281.5,-273.0,-1.0,-1.0,RS41-SG,404.500,8.8,-225,10,2.7,-1,0501051903776A405500
2025-07-28T12:51:14.000Z,V4210592,9566,46.58787,6.82459,33773.4,4.3,29.2,274.6,-273.0,-1.0,-1.0,RS41-SG,404.500,9.4,-225,10,2.7,-1,0501V27414620000006EI
2025-07-28T12:51:23.000Z,V4210592,9575,46.58777,6.82190,33813.6,3.5,15.1,290.0,-273.0,-1.0,-1.0,RS41-SG,404.500,8.4,-225,10,2.6,-1,05010517035A5A404B00
2025-07-28T12:51:25.000Z,V4210592,9577,46.58791,6.82149,33822.3,5.8,19.9,298.4,-273.0,-1.0,-1.0,RS41-SG,404.500,8.9,-225,10,2.7,-1,0501051603578A405000
2025-07-28T12:51:26.000Z,V4210592,9578,46.58799,6.82125,33828.3,6.4,21.5,294.7,-273.0,-1.0,-1.0,RS41-SG,404.500,8.9,-225,10,2.7,-1,0501051603549A505000
2025-07-28T12:51:30.000Z,V4210592,9582,46.58812,6.81997,33846.7,2.9,29.1,266.6,-273.0,-1.0,-1.0,RS41-SG,404.500,9.1,-225,10,2.6,-1,050105160355CA405000
2025-07-28T12:56:24.000Z,V4210592,9876,46.59932,6.75330,34106.4,-41.9,16.0,275.4,-273.0,-1.0,-1.0,RS41-SG,404.500,7.5,150,9,2.7,-1,0501050F02E2BA405200
2025-07-28T12:57:01.000Z,V4210592,9913,46.60038,6.74541,32414.9,-51.6,17.1,285.9,-273.0,-1.0,-1.0,RS41-SG,404.500,7.9,150,10,2.6,-1,0501051703BFFA404300
2025-07-28T12:58:32.000Z,V4210592,10004,46.60248,6.72985,28007.1,-48.2,14.6,294.9,-273.0,-1.0,-1.0,RS41-SG,404.500,8.2,150,10,2.6,-1,0501052406A76A404F00
2025-07-28T12:59:42.999Z,V4210592,10075,46.60325,6.72044,25008.3,-38.0,16.2,248.0,-273.0,-1.0,-1.0,RS41-SG,404.500,8.1,150,10,2.7,-1,0501050F07CDFA404D00
2025-07-28T13:00:01.999Z,V4210592,10094,46.60253,6.71835,24267.7,-44.0,6.2,275.6,-273.0,-1.0,-1.0,RS41-SG,404.500,8.4,150,10,2.6,-1,0501050A07F94A404D00
