timestamp,serial,frame,lat,lon,alt,vel_v,vel_h,heading,temp,humidity,pressure,type,freq_mhz,snr,f_error_hz,sats,batt_v,burst_timer,aux_data
2025-04-30T00:15:34.999Z,W2020376,6085,45.38676,8.55093,23381.4,5.2,2.6,349.5,-273.0,-1.0,-1.0,RS41,404.900,7.9,-225,12,2.6,-1,-1
2025-04-30T00:15:50.999Z,W2020376,6101,45.38684,8.55064,23471.2,5.0,3.0,311.7,-273.0,-1.0,-1.0,RS41,404.900,7.6,-225,12,2.5,-1,-1
2025-04-30T00:15:54.999Z,W2020376,6105,45.38693,8.55048,23492.5,4.2,5.0,313.5,-273.0,-1.0,-1.0,RS41,404.900,7.8,-225,12,2.5,-1,-1
2025-04-30T00:15:59.999Z,W2020376,6110,45.38708,8.55042,23519.8,6.6,2.4,9.3,-273.0,-1.0,-1.0,RS41,404.900,7.9,-225,12,2.5,-1,-1
2025-04-30T00:16:00.999Z,W2020376,6111,45.38710,8.55042,23525.9,5.4,2.2,350.0,-273.0,-1.0,-1.0,RS41,404.900,8.1,-225,12,2.5,-1,-1
2025-04-30T00:16:03.999Z,W2020376,6114,45.38714,8.55039,23542.5,6.2,1.1,343.6,-273.0,-1.0,-1.0,RS41,404.900,7.9,-225,12,2.6,-1,-1
2025-04-30T00:16:06.999Z,W2020376,6117,45.38715,8.55040,23557.8,6.0,0.8,189.3,-273.0,-1.0,-1.0,RS41,404.900,7.8,-225,12,2.5,-1,-1
2025-04-30T00:16:20.999Z,W2020376,6131,45.38710,8.55057,23636.4,6.5,2.7,70.9,-273.0,-1.0,-1.0,RS41,404.900,8.4,-225,12,2.6,-1,-1
2025-04-30T00:16:21.999Z,W2020376,6132,45.38710,8.55060,23642.3,5.0,1.9,88.7,-273.0,-1.0,-1.0,RS41,404.900,8.4,-225,12,2.6,-1,-1
2025-04-30T00:16:23.999Z,W2020376,6134,45.38709,8.55064,23652.5,5.7,2.3,126.5,-273.0,-1.0,-1.0,RS41,404.900,8.0,-225,12,2.5,-1,-1
2025-04-30T00:16:24.999Z,W2020376,6135,45.38707,8.55066,23658.3,5.5,2.8,118.9,-273.0,-1.0,-1.0,RS41,404.900,8.1,-225,12,2.5,-1,-1
2025-04-30T00:16:26.999Z,W2020376,6137,45.38705,8.55074,23669.2,5.4,3.5,115.1,-273.0,-1.0,-1.0,RS41,404.900,8.4,-225,12,2.6,-1,-1
2025-04-30T00:16:28.999Z,W2020376,6139,45.38702,8.55081,23681.6,6.0,3.1,127.7,-273.0,-1.0,-1.0,RS41,404.900,8.1,-225,12,2.5,-1,-1
2025-04-30T00:16:31.999Z,W2020376,6142,45.38700,8.55089,23699.6,6.1,2.8,60.5,-273.0,-1.0,-1.0,RS41,404.900,7.9,-225,12,2.6,-1,-1
2025-04-30T00:16:32.999Z,W2020376,6143,45.38702,8.55092,23705.0,4.5,3.8,47.9,-273.0,-1.0,-1.0,RS41,404.900,7.9,-225,12,2.6,-1,-1
2025-04-30T00:16:33.999Z,W2020376,6144,45.38705,8.55096,23710.6,6.6,4.1,41.6,-273.0,-1.0,-1.0,RS41,404.900,8.0,-225,12,2.5,-1,-1
2025-04-30T00:16:34.999Z,W2020376,6145,45.38707,8.55099,23717.2,6.4,3.4,37.6,-273.0,-1.0,-1.0,RS41,404.900,8.0,-225,12,2.5,-1,-1
2025-04-30T00:16:36.999Z,W2020376,6147,45.38711,8.55104,23728.6,5.5,2.8,50.2,-273.0,-1.0,-1.0,RS41,404.900,8.1,-225,12,2.5,-1,-1
2025-04-30T00:16:38.999Z,W2020376,6149,45.38714,8.55111,23740.4,5.6,3.8,64.9,-273.0,-1.0,-1.0,RS41,404.900,8.3,-225,12,2.6,-1,-1
2025-04-30T00:16:39.999Z,W2020376,6150,45.38715,8.55116,23745.4,4.5,3.7,67.8,-273.0,-1.0,-1.0,RS41,404.900,8.3,-225,12,2.5,-1,-1
2025-04-30T00:16:40.999Z,W2020376,6151,45.38716,8.55120,23750.5,5.5,2.8,74.4,-273.0,-1.0,-1.0,RS41,404.900,8.1,-225,12,2.5,-1,-1
2025-04-30T00:16:42.999Z,W2020376,6153,45.38716,8.55124,23762.2,5.1,1.0,127.1,-273.0,-1.0,-1.0,RS41,404.900,9.0,-225,12,2.6,-1,-1
2025-04-30T00:16:43.999Z,W2020376,6154,45.38716,8.55125,23767.5,5.4,1.1,130.3,-273.0,-1.0,-1.0,RS41-SG,404.900,8.4,-225,12,2.6,-1,-1
2025-04-30T00:16:44.999Z,W2020376,6155,45.38715,8.55127,23773.6,6.8,1.7,98.6,-273.0,-1.0,-1.0,RS41-SG,404.900,8.3,-225,12,2.5,-1,-1
2025-04-30T00:16:46.999Z,W2020376,6157,45.38717,8.55133,23785.2,4.9,4.1,62.3,-273.0,-1.0,-1.0,RS41-SG,404.900,8.8,-225,11,2.5,-1,-1
2025-04-30T00:16:48.999Z,W2020376,6159,45.38722,8.55143,23796.2,6.2,5.1,40.7,-273.0,-1.0,-1.0,RS41-SG,404.900,8.7,-225,11,2.6,-1,-1
2025-04-30T00:16:51.999Z,W2020376,6162,45.38734,8.55153,23812.9,6.6,5.7,29.1,-273.0,-1.0,-1.0,RS41-SG,404.900,9.0,-225,12,2.5,-1,-1
2025-04-30T00:16:52.999Z,W2020376,6163,45.38739,8.55157,23819.4,6.3,5.8,33.7,-273.0,-1.0,-1.0,RS41-SG,404.900,9.3,-225,12,2.5,-1,-1
2025-04-30T00:16:53.999Z,W2020376,6164,45.38742,8.55161,23825.7,5.8,5.4,42.3,-273.0,-1.0,-1.0,RS41-SG,404.900,9.3,-225,12,2.5,-1,-1
2025-04-30T00:16:54.999Z,W2020376,6165,45.38746,8.55166,23831.9,6.5,4.3,48.8,-273.0,-1.0,-1.0,RS41-SG,404.900,9.2,-225,11,2.6,-1,-1
2025-04-30T00:16:55.999Z,W2020376,6166,45.38747,8.55169,23838.1,5.7,3.0,61.0,-273.0,-1.0,-1.0,RS41-SG,404.900,9.0,-225,12,2.6,-1,-1
2025-04-30T00:16:56.999Z,W2020376,6167,45.38748,8.55173,23843.4,4.9,2.4,80.3,-273.0,-1.0,-1.0,RS41-SG,404.900,9.0,-225,11,2.5,-1,-1
2025-04-30T00:16:58.999Z,W2020376,6169,45.38748,8.55179,23855.3,6.5,3.4,99.9,-273.0,-1.0,-1.0,RS41-SG,404.900,8.8,-225,12,2.5,-1,-1
2025-04-30T00:16:59.999Z,W2020376,6170,45.38748,8.55184,23860.8,4.6,3.9,93.1,-273.0,-1.0,-1.0,RS41-SG,404.900,9.0,-225,12,2.6,-1,-1
2025-04-30T00:17:00.999Z,W2020376,6171,45.38748,8.55189,23865.7,5.5,4.0,86.1,-273.0,-1.0,-1.0,RS41-SG,404.900,9.0,-225,12,2.6,-1,-1
2025-04-30T00:17:01.999Z,W2020376,6172,45.38748,8.55194,23871.9,6.7,3.3,72.2,-273.0,-1.0,-1.0,RS41-SG,404.900,8.2,-225,12,2.5,-1,-1
2025-04-30T00:17:02.999Z,W2020376,6173,45.38749,8.55197,23878.3,5.7,2.7,51.8,-273.0,-1.0,-1.0,RS41-SG,404.900,8.1,-225,12,2.5,-1,-1
2025-04-30T00:17:04.999Z,W2020376,6175,45.38755,8.55201,23890.3,6.7,4.7,18.5,-273.0,-1.0,-1.0,RS41-SG,404.900,9.7,-225,12,2.5,-1,-1
2025-04-30T00:17:07.999Z,W2020376,6178,45.38769,8.55208,23907.5,7.2,5.7,16.6,-273.0,-1.0,-1.0,RS41-SG,404.900,9.4,-225,12,2.5,-1,-1
2025-04-30T00:17:09.999Z,W2020376,6180,45.38777,8.55211,23919.7,6.2,3.7,21.0,-273.0,-1.0,-1.0,RS41-SG,404.900,8.7,-225,11,2.5,-1,-1
2025-04-30T00:17:10.999Z,W2020376,6181,45.38780,8.55213,23926.2,6.8,3.2,40.2,-273.0,-1.0,-1.0,RS41-SG,404.900,8.7,-225,12,2.5,-1,-1
2025-04-30T00:17:11.999Z,W2020376,6182,45.38782,8.55216,23932.3,5.0,3.5,59.0,-273.0,-1.0,-1.0,RS41-SG,404.900,8.6,-225,12,2.6,-1,-1
2025-04-30T00:17:12.999Z,W2020376,6183,45.38783,8.55220,23937.5,5.2,3.5,72.9,-273.0,-1.0,-1.0,RS41-SG,404.900,8.6,-225,12,2.6,-1,-1
2025-04-30T00:17:14.999Z,W2020376,6185,45.38784,8.55228,23949.9,5.5,2.2,85.5,-273.0,-1.0,-1.0,RS41-SG,404.900,9.0,-225,12,2.5,-1,-1
2025-04-30T00:17:16.999Z,W2020376,6187,45.38786,8.55233,23961.7,6.6,2.7,44.0,-273.0,-1.0,-1.0,RS41-SG,404.900,9.1,-225,12,2.6,-1,-1
2025-04-30T00:17:17.999Z,W2020376,6188,45.38788,8.55235,23968.3,6.3,4.2,38.2,-273.0,-1.0,-1.0,RS41-SG,404.900,8.5,-225,12,2.6,-1,-1
2025-04-30T00:17:18.999Z,W2020376,6189,45.38791,8.55239,23973.9,4.8,5.2,32.9,-273.0,-1.0,-1.0,RS41-SG,404.900,8.5,-225,12,2.5,-1,-1
2025-04-30T00:17:19.999Z,W2020376,6190,45.38796,8.55242,23979.1,5.4,5.9,27.8,-273.0,-1.0,-1.0,RS41-SG,404.900,8.1,-225,12,2.5,-1,-1
2025-04-30T00:17:20.999Z,W2020376,6191,45.38801,8.55245,23985.1,6.6,5.9,18.7,-273.0,-1.0,-1.0,RS41-SG,404.900,8.5,-225,12,2.5,-1,-1
2025-04-30T00:17:22.999Z,W2020376,6193,45.38810,8.55249,23996.1,5.3,5.3,12.4,-273.0,-1.0,-1.0,RS41-SG,404.900,8.9,-225,12,2.6,-1,-1
2025-04-30T00:17:23.999Z,W2020376,6194,45.38815,8.55251,24001.9,6.6,5.3,19.9,-273.0,-1.0,-1.0,RS41-SG,404.900,8.8,-225,12,2.6,-1,-1
2025-04-30T00:17:24.999Z,W2020376,6195,45.38819,8.55254,24008.3,5.6,5.3,31.4,-273.0,-1.0,-1.0,RS41-SG,404.900,9.0,-225,12,2.5,-1,-1
2025-04-30T00:17:25.999Z,W2020376,6196,45.38823,8.55258,24013.5,4.9,5.5,40.1,-273.0,-1.0,-1.0,RS41-SG,404.900,9.0,-225,12,2.5,-1,-1
2025-04-30T00:17:26.999Z,W2020376,6197,45.38826,8.55262,24019.0,6.1,5.2,45.5,-273.0,-1.0,-1.0,RS41-SG,404.900,8.2,-225,12,2.5,-1,-1
2025-04-30T00:17:27.999Z,W2020376,6198,45.38829,8.55267,24025.2,6.2,4.3,47.8,-273.0,-1.0,-1.0,RS41-SG,404.900,7.8,-225,12,2.5,-1,-1
2025-04-30T00:17:28.999Z,W2020376,6199,45.38832,8.55270,24030.6,4.6,3.8,47.6,-273.0,-1.0,-1.0,RS41-SG,404.900,8.7,-225,12,2.6,-1,-1
2025-04-30T00:17:30.999Z,W2020376,6201,45.38837,8.55278,24042.8,6.4,4.6,45.0,-273.0,-1.0,-1.0,RS41-SG,404.900,8.6,-225,12,2.5,-1,-1
2025-04-30T00:17:31.999Z,W2020376,6202,45.38840,8.55282,24048.8,5.5,5.1,40.3,-273.0,-1.0,-1.0,RS41-SG,404.900,8.8,-225,12,2.5,-1,-1
2025-04-30T00:17:32.999Z,W2020376,6203,45.38844,8.55286,24054.8,6.3,5.7,31.9,-273.0,-1.0,-1.0,RS41-SG,404.900,9.2,-225,12,2.5,-1,-1
2025-04-30T00:17:33.999Z,W2020376,6204,45.38848,8.55289,24061.3,6.3,5.8,21.8,-273.0,-1.0,-1.0,RS41-SG,404.900,9.5,-225,12,2.6,-1,-1
2025-04-30T00:17:34.999Z,W2020376,6205,45.38853,8.55291,24067.0,4.9,6.1,14.7,-273.0,-1.0,-1.0,RS41-SG,404.900,9.5,-225,12,2.6,-1,-1
2025-04-30T00:17:35.999Z,W2020376,6206,45.38859,8.55293,24072.2,5.4,6.4,14.2,-273.0,-1.0,-1.0,RS41-SG,404.900,8.7,-225,12,2.5,-1,-1
2025-04-30T00:17:36.999Z,W2020376,6207,45.38864,8.55296,24078.1,6.2,6.7,19.7,-273.0,-1.0,-1.0,RS41-SG,404.900,8.7,-225,12,2.5,-1,-1
2025-04-30T00:17:37.999Z,W2020376,6208,45.38870,8.55299,24083.8,5.0,7.1,25.7,-273.0,-1.0,-1.0,RS41-SG,404.900,8.6,-225,12,2.5,-1,-1
2025-04-30T00:17:38.999Z,W2020376,6209,45.38875,8.55303,24088.5,4.6,7.0,28.8,-273.0,-1.0,-1.0,RS41-SG,404.900,9.0,-225,12,2.5,-1,-1
2025-04-30T00:17:39.999Z,W2020376,6210,45.38881,8.55307,24093.8,5.9,6.7,26.0,-273.0,-1.0,-1.0,RS41-SG,404.900,9.0,-225,12,2.6,-1,-1
2025-04-30T00:17:41.999Z,W2020376,6212,45.38891,8.55313,24105.1,4.8,5.8,13.2,-273.0,-1.0,-1.0,RS41-SG,404.900,9.6,-225,12,2.5,-1,-1
2025-04-30T00:17:42.999Z,W2020376,6213,45.38896,8.55314,24110.7,6.1,5.5,12.5,-273.0,-1.0,-1.0,RS41-SG,404.900,9.6,-225,12,2.5,-1,-1
2025-04-30T00:17:43.999Z,W2020376,6214,45.38901,8.55316,24116.9,6.1,5.2,19.1,-273.0,-1.0,-1.0,RS41-SG,404.900,8.7,-225,12,2.5,-1,-1
2025-04-30T00:17:44.999Z,W2020376,6215,45.38905,8.55319,24122.2,4.6,5.4,22.8,-273.0,-1.0,-1.0,RS41-SG,404.900,8.7,-225,12,2.5,-1,-1
2025-04-30T00:17:46.999Z,W2020376,6217,45.38914,8.55323,24133.5,5.9,5.5,11.7,-273.0,-1.0,-1.0,RS41-SG,404.900,8.7,-225,12,2.6,-1,-1
2025-04-30T00:17:47.999Z,W2020376,6218,45.38919,8.55324,24138.8,4.9,5.9,2.6,-273.0,-1.0,-1.0,RS41-SG,404.900,8.7,-225,12,2.5,-1,-1
2025-04-30T00:17:50.999Z,W2020376,6221,45.38938,8.55325,24154.4,6.0,7.9,8.9,-273.0,-1.0,-1.0,RS41-SG,404.900,8.9,-225,12,2.6,-1,-1
2025-04-30T00:17:51.999Z,W2020376,6222,45.38945,8.55327,24159.6,4.0,8.1,15.4,-273.0,-1.0,-1.0,RS41-SG,404.900,8.4,-225,11,2.6,-1,-1
2025-04-30T00:17:52.999Z,W2020376,6223,45.38952,8.55331,24164.1,4.9,7.5,22.7,-273.0,-1.0,-1.0,RS41-SG,404.900,8.5,-225,12,2.5,-1,-1
2025-04-30T00:17:53.999Z,W2020376,6224,45.38957,8.55334,24169.9,6.5,6.2,26.3,-273.0,-1.0,-1.0,RS41-SG,404.900,8.5,-225,12,2.5,-1,-1
2025-04-30T00:17:54.999Z,W2020376,6225,45.38962,8.55337,24175.9,5.3,5.1,28.5,-273.0,-1.0,-1.0,RS41-SG,404.900,8.8,-225,12,2.5,-1,-1
2025-04-30T00:17:55.999Z,W2020376,6226,45.38965,8.55341,24181.1,5.3,4.0,35.2,-273.0,-1.0,-1.0,RS41-SG,404.900,8.8,-225,12,2.5,-1,-1
2025-04-30T00:17:56.999Z,W2020376,6227,45.38968,8.55344,24186.9,6.1,3.7,48.3,-273.0,-1.0,-1.0,RS41-SG,404.900,8.7,-225,12,2.6,-1,-1
2025-04-30T00:17:57.999Z,W2020376,6228,45.38970,8.55348,24192.6,5.4,4.1,58.7,-56.7,-1.0,-1.0,RS41-SG,404.900,8.7,-225,12,2.6,-1,-1
2025-04-30T00:17:58.999Z,W2020376,6229,45.38972,8.55352,24197.8,4.9,4.3,63.3,-56.7,-1.0,-1.0,RS41-SG,404.900,9.2,-225,12,2.5,-1,-1
2025-04-30T00:17:59.999Z,W2020376,6230,45.38973,8.55357,24203.2,5.7,4.2,63.0,-56.7,-1.0,-1.0,RS41-SG,404.900,9.2,-225,12,2.5,-1,-1
2025-04-30T00:18:00.999Z,W2020376,6231,45.38975,8.55362,24209.3,6.2,3.6,56.6,-56.7,-1.0,-1.0,RS41-SG,404.900,8.7,-225,11,2.5,-1,-1
2025-04-30T00:18:01.999Z,W2020376,6232,45.38977,8.55365,24214.8,4.9,3.5,47.0,-56.8,-1.0,-1.0,RS41-SG,404.900,8.3,-225,12,2.5,-1,-1
2025-04-30T00:18:02.999Z,W2020376,6233,45.38979,8.55368,24220.4,5.9,4.2,40.5,-56.8,-1.0,-1.0,RS41-SG,404.900,8.2,-225,12,2.6,-1,-1
2025-04-30T00:18:03.999Z,W2020376,6234,45.38983,8.55372,24226.4,6.2,5.4,41.3,-56.7,-1.0,-1.0,RS41-SG,404.900,7.5,-225,12,2.6,-1,-1
2025-04-30T00:18:04.999Z,W2020376,6235,45.38986,8.55378,24231.9,4.6,6.5,43.4,-56.7,1.4,-1.0,RS41-SG,404.900,9.0,-225,12,2.5,-1,-1
2025-04-30T00:18:05.999Z,W2020376,6236,45.38991,8.55384,24236.7,4.8,7.2,47.0,-56.7,1.4,-1.0,RS41-SG,404.900,9.3,-225,12,2.5,-1,-1
2025-04-30T00:18:06.999Z,W2020376,6237,45.38995,8.55391,24242.2,5.9,7.1,50.8,-56.7,1.4,-1.0,RS41-SG,404.900,9.3,-225,12,2.5,-1,-1
2025-04-30T00:18:07.999Z,W2020376,6238,45.38999,8.55397,24248.1,5.7,6.4,52.5,-56.7,1.5,-1.0,RS41-SG,404.900,9.5,-225,12,2.6,-1,-1
2025-04-30T00:18:08.999Z,W2020376,6239,45.39002,8.55404,24253.4,4.7,5.7,51.5,-56.7,1.5,-1.0,RS41-SG,404.900,9.5,-225,12,2.6,-1,-1
2025-04-30T00:18:09.999Z,W2020376,6240,45.39005,8.55409,24258.7,5.6,5.5,46.4,-56.7,1.5,-1.0,RS41-SG,404.900,9.8,-225,12,2.5,-1,-1
2025-04-30T00:18:10.999Z,W2020376,6241,45.39009,8.55414,24264.8,6.3,5.7,40.0,-56.7,1.5,-1.0,RS41-SG,404.900,9.8,-225,12,2.5,-1,-1
2025-04-30T00:18:11.999Z,W2020376,6242,45.39013,8.55418,24270.6,5.0,6.0,37.1,-56.7,1.5,-1.0,RS41-SG,404.900,9.0,-225,12,2.5,-1,-1
2025-04-30T00:18:12.999Z,W2020376,6243,45.39017,8.55423,24275.8,5.7,5.7,37.8,-56.6,1.4,-1.0,RS41-SG,404.900,9.7,-225,12,2.5,-1,-1
2025-04-30T00:18:13.999Z,W2020376,6244,45.39021,8.55427,24282.1,6.6,4.7,45.1,-56.6,1.5,-1.0,RS41-SG,404.900,9.7,-225,12,2.6,-1,-1
2025-04-30T00:18:14.999Z,W2020376,6245,45.39023,8.55432,24288.5,6.3,3.9,56.7,-56.6,1.4,-1.0,RS41-SG,404.900,8.8,-225,12,2.6,-1,-1
2025-04-30T00:18:15.999Z,W2020376,6246,45.39025,8.55436,24294.0,4.9,3.8,70.0,-56.6,1.4,-1.0,RS41-SG,404.900,9.3,-225,12,2.5,-1,-1
2025-04-30T00:18:16.999Z,W2020376,6247,45.39026,8.55441,24299.1,5.0,4.6,75.7,-56.7,1.4,-1.0,RS41-SG,404.900,9.3,-225,12,2.5,-1,-1
2025-04-30T00:18:17.999Z,W2020376,6248,45.39027,8.55448,24304.8,6.5,5.9,73.6,-56.7,1.4,-1.0,RS41-SG,404.900,8.7,-225,12,2.5,-1,-1
2025-04-30T00:18:18.999Z,W2020376,6249,45.39029,8.55455,24310.8,5.1,7.1,70.3,-56.7,1.4,-1.0,RS41-SG,404.900,9.0,-225,12,2.5,-1,-1
2025-04-30T00:18:19.999Z,W2020376,6250,45.39031,8.55464,24315.6,4.6,7.8,68.7,-56.7,1.4,-1.0,RS41-SG,404.900,9.7,-225,12,2.6,-1,-1
2025-04-30T00:18:20.999Z,W2020376,6251,45.39034,8.55474,24321.1,6.3,7.9,70.3,-56.7,1.4,-1.0,RS41-SG,404.900,9.7,-225,12,2.6,-1,-1
2025-04-30T00:18:21.999Z,W2020376,6252,45.39036,8.55483,24327.1,5.6,7.4,73.5,-56.7,1.4,-1.0,RS41-SG,404.900,9.3,-225,12,2.5,-1,-1
2025-04-30T00:18:22.999Z,W2020376,6253,45.39038,8.55492,24332.5,5.0,6.6,76.4,-56.7,1.4,-1.0,RS41-SG,404.900,9.2,-225,12,2.5,-1,-1
2025-04-30T00:18:23.999Z,W2020376,6254,45.39039,8.55499,24338.1,6.3,6.0,79.0,-56.6,1.4,-1.0,RS41-SG,404.900,9.2,-225,12,2.5,-1,-1
2025-04-30T00:18:24.999Z,W2020376,6255,45.39040,8.55507,24344.2,5.9,5.8,76.3,-56.6,1.4,-1.0,RS41-SG,404.900,9.6,-225,12,2.6,-1,-1
2025-04-30T00:18:25.999Z,W2020376,6256,45.39041,8.55514,24349.8,5.4,5.5,76.4,-56.6,1.4,-1.0,RS41-SG,404.900,9.6,-225,12,2.6,-1,-1
2025-04-30T00:18:26.999Z,W2020376,6257,45.39042,8.55520,24355.5,5.8,5.0,81.0,-56.7,1.4,-1.0,RS41-SG,404.900,9.3,-225,12,2.5,-1,-1
2025-04-30T00:18:27.999Z,W2020376,6258,45.39042,8.55526,24361.5,6.2,4.6,93.0,-56.7,1.4,-1.0,RS41-SG,404.900,9.5,-225,12,2.5,-1,-1
2025-04-30T00:18:28.999Z,W2020376,6259,45.39042,8.55532,24367.2,5.2,4.5,101.8,-56.7,1.4,-1.0,RS41-SG,404.900,9.5,-225,12,2.5,-1,-1
2025-04-30T00:18:29.999Z,W2020376,6260,45.39041,8.55538,24372.3,5.1,4.3,102.6,-56.7,1.4,-1.0,RS41-SG,404.900,8.8,-225,12,2.5,-1,-1
2025-04-30T00:18:30.999Z,W2020376,6261,45.39040,8.55543,24378.1,6.5,3.9,89.9,-56.7,1.4,-1.0,RS41-SG,404.900,9.0,-225,12,2.6,-1,-1
2025-04-30T00:18:31.999Z,W2020376,6262,45.39041,8.55548,24384.3,6.1,4.2,68.9,-56.7,1.4,-1.0,RS41-SG,404.900,9.0,-225,12,2.6,-1,-1
2025-04-30T00:18:32.999Z,W2020376,6263,45.39043,8.55553,24389.7,4.4,5.0,56.7,-56.7,1.4,-1.0,RS41-SG,404.900,9.3,-225,12,2.5,-1,-1
2025-04-30T00:18:33.999Z,W2020376,6264,45.39046,8.55558,24395.1,6.3,5.7,52.4,-56.7,1.4,-1.0,RS41-SG,404.900,9.3,-225,12,2.5,-1,-1
2025-04-30T00:18:34.999Z,W2020376,6265,45.39049,8.55565,24401.6,6.5,6.0,58.0,-56.7,1.4,-1.0,RS41-SG,404.900,9.6,-225,12,2.5,-1,-1
2025-04-30T00:18:35.999Z,W2020376,6266,45.39051,8.55571,24407.4,5.4,6.0,64.8,-56.7,1.5,-1.0,RS41-SG,404.900,9.6,-225,12,2.5,-1,-1
2025-04-30T00:18:36.999Z,W2020376,6267,45.39054,8.55579,24413.5,6.5,6.5,69.0,-56.6,1.4,-1.0,RS41-SG,404.900,9.4,-225,12,2.6,-1,-1
2025-04-30T00:18:37.999Z,W2020376,6268,45.39056,8.55586,24419.9,6.4,6.8,69.2,-56.6,1.4,-1.0,RS41-SG,404.900,8.2,-225,12,2.6,-1,-1
2025-04-30T00:18:38.999Z,W2020376,6269,45.39058,8.55595,24425.7,5.3,7.0,71.8,-56.6,1.4,-1.0,RS41-SG,404.900,10.2,-225,12,2.5,-1,-1
2025-04-30T00:18:39.999Z,W2020376,6270,45.39059,8.55603,24431.4,6.2,7.0,80.0,-56.6,1.4,-1.0,RS41-SG,404.900,10.2,-225,12,2.5,-1,-1
2025-04-30T00:18:40.999Z,W2020376,6271,45.39060,8.55612,24437.6,6.2,6.7,91.8,-56.6,1.4,-1.0,RS41-SG,404.900,9.5,-225,12,2.5,-1,-1
2025-04-30T00:18:41.999Z,W2020376,6272,45.39059,8.55620,24442.9,4.3,6.4,101.8,-56.6,1.4,-1.0,RS41-SG,404.900,9.5,-225,12,2.6,-1,-1
2025-04-30T00:18:43.999Z,W2020376,6274,45.39056,8.55634,24452.7,6.3,4.5,106.1,-56.6,1.4,-1.0,RS41-SG,404.900,8.6,-225,12,2.5,-1,-1
2025-04-30T00:18:44.999Z,W2020376,6275,45.39056,8.55639,24459.1,6.5,3.4,90.0,-56.6,1.4,-1.0,RS41-SG,404.900,8.6,-225,12,2.5,-1,-1
2025-04-30T00:18:45.999Z,W2020376,6276,45.39056,8.55643,24465.1,5.4,3.2,67.4,-56.6,1.4,-1.0,RS41-SG,404.900,8.6,-225,12,2.5,-1,-1
2025-04-30T00:18:46.999Z,W2020376,6277,45.39058,8.55646,24470.8,5.9,3.7,54.3,-56.6,1.4,-1.0,RS41-SG,404.900,8.3,-225,12,2.5,-1,-1
2025-04-30T00:18:47.999Z,W2020376,6278,45.39060,8.55651,24477.0,6.6,4.4,56.8,-56.6,1.5,-1.0,RS41-SG,404.900,9.7,-225,12,2.6,-1,-1
2025-04-30T00:18:48.999Z,W2020376,6279,45.39062,8.55656,24482.8,5.0,4.9,61.1,-56.7,1.4,-1.0,RS41-SG,404.900,9.7,-225,12,2.6,-1,-1
2025-04-30T00:18:49.999Z,W2020376,6280,45.39064,8.55661,24487.7,4.8,5.3,63.5,-56.7,1.4,-1.0,RS41-SG,404.900,8.9,-225,12,2.5,-1,-1
2025-04-30T00:18:50.999Z,W2020376,6281,45.39067,8.55667,24492.7,5.3,5.6,59.9,-56.6,1.4,-1.0,RS41-SG,404.900,8.9,-225,12,2.5,-1,-1
2025-04-30T00:18:51.999Z,W2020376,6282,45.39069,8.55674,24498.7,6.5,5.8,55.4,-56.6,1.4,-1.0,RS41-SG,404.900,8.6,-225,12,2.5,-1,-1
2025-04-30T00:18:52.999Z,W2020376,6283,45.39072,8.55680,24504.8,5.6,5.9,53.6,-56.6,1.4,-1.0,RS41-SG,404.900,10.2,-225,12,2.5,-1,-1
2025-04-30T00:18:53.999Z,W2020376,6284,45.39075,8.55686,24510.5,5.5,5.9,58.9,-56.6,1.4,-1.0,RS41-SG,404.900,10.2,-225,12,2.6,-1,-1
2025-04-30T00:18:54.999Z,W2020376,6285,45.39077,8.55693,24516.4,6.4,6.0,72.1,-56.6,1.4,-1.0,RS41-SG,404.900,9.5,-225,12,2.6,-1,-1
2025-04-30T00:18:55.999Z,W2020376,6286,45.39079,8.55700,24522.5,5.7,6.4,84.5,-56.6,1.4,-1.0,RS41-SG,404.900,9.1,-225,12,2.5,-1,-1
2025-04-30T00:18:56.999Z,W2020376,6287,45.39079,8.55709,24527.6,4.4,6.6,91.7,-56.6,1.4,-1.0,RS41-SG,404.900,8.8,-225,12,2.5,-1,-1
2025-04-30T00:18:57.999Z,W2020376,6288,45.39079,8.55717,24532.6,5.6,6.3,92.3,-56.6,1.5,-1.0,RS41-SG,404.900,8.3,-225,12,2.5,-1,-1
2025-04-30T00:18:58.999Z,W2020376,6289,45.39079,8.55724,24538.8,6.7,5.5,81.5,-56.6,1.4,-1.0,RS41-SG,404.900,8.9,-225,12,2.6,-1,-1
2025-04-30T00:18:59.999Z,W2020376,6290,45.39080,8.55731,24544.8,5.4,5.0,66.1,-56.6,1.4,-1.0,RS41-SG,404.900,9.1,-225,12,2.6,-1,-1
2025-04-30T00:19:00.999Z,W2020376,6291,45.39082,8.55736,24550.1,5.0,5.2,51.9,-56.6,1.4,-1.0,RS41-SG,404.900,9.1,-225,12,2.5,-1,-1
2025-04-30T00:19:01.999Z,W2020376,6292,45.39085,8.55741,24555.7,6.4,5.3,46.1,-56.6,1.4,-1.0,RS41-SG,404.900,9.0,-225,12,2.5,-1,-1
2025-04-30T00:19:03.999Z,W2020376,6294,45.39092,8.55752,24567.8,5.3,6.1,49.7,-56.4,1.4,-1.0,RS41-SG,404.900,8.0,-225,12,2.5,-1,-1
2025-04-30T00:19:06.999Z,W2020376,6297,45.39106,8.55771,24585.6,4.9,7.8,42.1,-56.4,1.4,-1.0,RS41-SG,404.900,8.3,-225,12,2.5,-1,-1
2025-04-30T00:19:07.999Z,W2020376,6298,45.39111,8.55778,24590.9,5.5,7.9,45.3,-56.4,1.4,-1.0,RS41-SG,404.900,9.6,-225,12,2.5,-1,-1
2025-04-30T00:19:08.999Z,W2020376,6299,45.39115,8.55785,24596.9,6.4,7.6,54.2,-56.4,1.4,-1.0,RS41-SG,404.900,9.6,-225,12,2.5,-1,-1
2025-04-30T00:19:09.999Z,W2020376,6300,45.39119,8.55794,24602.6,4.9,7.5,63.0,-56.4,1.4,-1.0,RS41-SG,404.900,9.3,-225,12,2.5,-1,-1
2025-04-30T00:19:12.999Z,W2020376,6303,45.39127,8.55821,24618.3,5.8,8.4,65.2,-56.3,1.4,-1.0,RS41-SG,404.900,9.7,-225,12,2.5,-1,-1
2025-04-30T00:19:13.999Z,W2020376,6304,45.39130,8.55831,24623.6,4.9,8.2,59.5,-56.3,1.4,-1.0,RS41-SG,404.900,9.9,-225,12,2.5,-1,-1
2025-04-30T00:19:14.999Z,W2020376,6305,45.39134,8.55839,24628.7,5.2,7.6,56.7,-56.2,1.4,-1.0,RS41-SG,404.900,9.9,-225,12,2.5,-1,-1
2025-04-30T00:19:15.999Z,W2020376,6306,45.39137,8.55847,24634.5,6.4,6.7,58.6,-56.2,1.4,-1.0,RS41-SG,404.900,8.6,-225,12,2.6,-1,-1
2025-04-30T00:19:16.999Z,W2020376,6307,45.39140,8.55854,24640.4,5.4,6.2,65.0,-56.2,1.4,-1.0,RS41-SG,404.900,9.0,-225,12,2.6,-1,-1
2025-04-30T00:19:17.999Z,W2020376,6308,45.39142,8.55862,24645.7,5.1,6.4,69.7,-56.2,1.4,-1.0,RS41-SG,404.900,9.1,-225,12,2.5,-1,-1
2025-04-30T00:19:18.999Z,W2020376,6309,45.39144,8.55870,24651.3,5.8,7.2,68.6,-56.2,1.4,-1.0,RS41-SG,404.900,9.1,-225,12,2.5,-1,-1
2025-04-30T00:19:19.999Z,W2020376,6310,45.39147,8.55879,24657.3,6.4,8.7,63.9,-56.1,1.4,-1.0,RS41-SG,404.900,9.5,-225,12,2.5,-1,-1
2025-04-30T00:19:20.999Z,W2020376,6311,45.39151,8.55889,24663.2,5.0,10.1,62.0,-56.0,1.4,-1.0,RS41-SG,404.900,9.5,-225,12,2.5,-1,-1
2025-04-30T00:19:21.999Z,W2020376,6312,45.39156,8.55901,24667.8,4.4,11.3,61.3,-55.9,1.4,-1.0,RS41-SG,404.900,9.1,-225,12,2.6,-1,-1
2025-04-30T00:19:22.999Z,W2020376,6313,45.39160,8.55914,24672.4,5.0,11.9,64.0,-55.8,1.4,-1.0,RS41-SG,404.900,9.4,-225,12,2.6,-1,-1
2025-04-30T00:19:23.999Z,W2020376,6314,45.39164,8.55928,24677.8,5.9,11.6,69.3,-55.7,1.3,-1.0,RS41-SG,404.900,9.4,-225,12,2.5,-1,-1
2025-04-30T00:19:24.999Z,W2020376,6315,45.39167,8.55942,24684.0,6.6,10.6,75.7,-55.7,1.3,-1.0,RS41-SG,404.900,8.9,-225,12,2.5,-1,-1
2025-04-30T00:19:25.999Z,W2020376,6316,45.39169,8.55954,24689.6,4.6,9.9,80.8,-55.7,1.3,-1.0,RS41-SG,404.900,8.9,-225,12,2.5,-1,-1
2025-04-30T00:19:26.999Z,W2020376,6317,45.39171,8.55966,24694.1,4.3,9.1,82.8,-55.7,1.3,-1.0,RS41-SG,404.900,8.5,-225,12,2.5,-1,-1
2025-04-30T00:19:27.999Z,W2020376,6318,45.39172,8.55977,24699.3,6.0,8.4,78.7,-55.7,1.3,-1.0,RS41-SG,404.900,8.6,-225,12,2.6,-1,-1
2025-04-30T00:19:28.999Z,W2020376,6319,45.39174,8.55987,24705.8,6.8,8.4,69.0,-55.7,1.3,-1.0,RS41-SG,404.900,8.6,-225,12,2.6,-1,-1
2025-04-30T00:19:29.999Z,W2020376,6320,45.39177,8.55997,24711.7,5.0,8.6,60.9,-55.7,1.3,-1.0,RS41-SG,404.900,9.2,-225,12,2.5,-1,-1
2025-04-30T00:19:30.999Z,W2020376,6321,45.39181,8.56006,24717.0,5.7,8.7,54.0,-55.7,1.3,-1.0,RS41-SG,404.900,9.7,-225,12,2.5,-1,-1
2025-04-30T00:19:31.999Z,W2020376,6322,45.39186,8.56015,24723.3,6.7,8.4,52.5,-55.8,1.4,-1.0,RS41-SG,404.900,9.7,-225,12,2.5,-1,-1
2025-04-30T00:19:32.999Z,W2020376,6323,45.39190,8.56023,24729.4,5.4,8.1,54.7,-55.8,1.4,-1.0,RS41-SG,404.900,8.9,-225,12,2.6,-1,-1
2025-04-30T00:19:33.999Z,W2020376,6324,45.39194,8.56032,24734.9,5.5,8.3,57.7,-55.9,1.3,-1.0,RS41-SG,404.900,9.4,-225,12,2.6,-1,-1
2025-04-30T00:19:34.999Z,W2020376,6325,45.39198,8.56041,24740.9,6.5,9.0,59.7,-55.9,1.4,-1.0,RS41-SG,404.900,9.4,-225,12,2.5,-1,-1
2025-04-30T00:19:37.999Z,W2020376,6328,45.39210,8.56074,24757.8,6.3,9.5,70.4,-56.1,1.4,-1.0,RS41-SG,404.900,9.4,-225,12,2.5,-1,-1
2025-04-30T00:19:38.999Z,W2020376,6329,45.39212,8.56085,24764.1,6.1,8.7,79.0,-56.1,1.4,-1.0,RS41-SG,404.900,9.7,-225,12,2.6,-1,-1
2025-04-30T00:19:39.999Z,W2020376,6330,45.39213,8.56096,24769.3,4.3,7.8,84.7,-56.1,1.4,-1.0,RS41-SG,404.900,9.7,-225,12,2.6,-1,-1
2025-04-30T00:19:40.999Z,W2020376,6331,45.39214,8.56105,24774.1,5.2,6.9,87.7,-56.2,1.4,-1.0,RS41-SG,404.900,8.8,-225,12,2.5,-1,-1
2025-04-30T00:19:41.999Z,W2020376,6332,45.39214,8.56113,24779.7,6.3,6.3,81.0,-56.2,1.4,-1.0,RS41-SG,404.900,8.7,-225,12,2.5,-1,-1
2025-04-30T00:19:42.999Z,W2020376,6333,45.39216,8.56121,24786.0,6.0,6.2,69.7,-56.2,1.5,-1.0,RS41-SG,404.900,8.7,-225,12,2.5,-1,-1
2025-04-30T00:19:43.999Z,W2020376,6334,45.39218,8.56128,24791.1,4.3,6.3,60.1,-56.2,1.4,-1.0,RS41-SG,404.900,9.0,-225,12,2.5,-1,-1
2025-04-30T00:19:46.999Z,W2020376,6337,45.39227,8.56148,24807.9,5.8,6.0,63.8,-56.3,1.4,-1.0,RS41-SG,404.900,10.0,-225,12,2.5,-1,-1
2025-04-30T00:19:47.999Z,W2020376,6338,45.39229,8.56155,24813.4,5.1,6.2,70.1,-56.4,1.4,-1.0,RS41-SG,404.900,10.0,-225,12,2.5,-1,-1
2025-04-30T00:19:48.999Z,W2020376,6339,45.39231,8.56163,24818.9,5.7,7.2,73.3,-56.4,1.5,-1.0,RS41-SG,404.900,9.9,-225,12,2.5,-1,-1
2025-04-30T00:19:49.999Z,W2020376,6340,45.39233,8.56173,24825.0,6.6,8.6,72.7,-56.4,1.4,-1.0,RS41-SG,404.900,10.0,-225,12,2.6,-1,-1
2025-04-30T00:19:52.999Z,W2020376,6343,45.39241,8.56207,24842.1,6.9,9.4,71.4,-56.5,1.5,-1.0,RS41-SG,404.900,7.9,-225,12,2.5,-1,-1
2025-04-30T00:19:56.999Z,W2020376,6347,45.39250,8.56245,24866.1,6.8,7.5,64.6,-56.6,1.5,-1.0,RS41-SG,404.900,7.9,-225,12,2.6,-1,-1
2025-04-30T00:19:57.999Z,W2020376,6348,45.39253,8.56254,24872.2,5.3,7.9,60.7,-56.7,1.5,-1.0,RS41-SG,404.900,8.0,-225,12,2.5,-1,-1
2025-04-30T00:19:58.999Z,W2020376,6349,45.39256,8.56263,24877.8,5.6,8.3,61.9,-56.7,1.5,-1.0,RS41-SG,404.900,8.4,-225,12,2.5,-1,-1
2025-04-30T00:19:59.999Z,W2020376,6350,45.39260,8.56273,24884.1,6.9,8.3,66.9,-56.8,1.5,-1.0,RS41-SG,404.900,8.4,-225,12,2.5,-1,-1
2025-04-30T00:20:00.999Z,W2020376,6351,45.39262,8.56282,24890.3,5.3,8.3,72.9,-56.8,1.5,-1.0,RS41-SG,404.900,9.2,-225,12,2.5,-1,-1
2025-04-30T00:20:01.999Z,W2020376,6352,45.39264,8.56293,24895.8,5.7,8.5,78.3,-56.9,1.5,-1.0,RS41-SG,404.900,9.2,-225,12,2.6,-1,-1
2025-04-30T00:20:02.999Z,W2020376,6353,45.39266,8.56304,24902.2,6.9,9.3,78.1,-56.9,1.5,-1.0,RS41-SG,404.900,8.1,-225,12,2.6,-1,-1
2025-04-30T00:20:03.999Z,W2020376,6354,45.39268,8.56316,24908.4,5.4,9.9,75.7,-56.9,1.5,-1.0,RS41-SG,404.900,9.4,-225,12,2.5,-1,-1
2025-04-30T00:20:04.999Z,W2020376,6355,45.39270,8.56328,24913.4,4.6,10.1,74.4,-57.0,1.5,-1.0,RS41-SG,404.900,9.4,-225,12,2.5,-1,-1
2025-04-30T00:20:05.999Z,W2020376,6356,45.39272,8.56340,24918.8,6.3,9.9,75.9,-57.0,1.5,-1.0,RS41-SG,404.900,9.3,-225,12,2.5,-1,-1
2025-04-30T00:20:07.999Z,W2020376,6358,45.39275,8.56363,24931.2,5.6,8.6,81.0,-57.0,1.5,-1.0,RS41-SG,404.900,9.0,-225,12,2.6,-1,-1
2025-04-30T00:20:09.999Z,W2020376,6360,45.39279,8.56384,24943.3,6.9,8.3,72.1,-57.1,1.5,-1.0,RS41-SG,404.900,8.7,-225,12,2.5,-1,-1
2025-04-30T00:20:10.999Z,W2020376,6361,45.39281,8.56394,24949.6,5.3,8.4,66.8,-57.1,1.5,-1.0,RS41-SG,404.900,9.0,-225,12,2.5,-1,-1
2025-04-30T00:20:11.999Z,W2020376,6362,45.39284,8.56404,24954.8,5.3,8.4,63.7,-57.1,1.5,-1.0,RS41-SG,404.900,9.0,-225,12,2.5,-1,-1
2025-04-30T00:20:12.999Z,W2020376,6363,45.39288,8.56413,24960.9,6.6,7.9,65.7,-57.1,1.5,-1.0,RS41-SG,404.900,8.6,-225,11,2.6,-1,-1
2025-04-30T00:20:13.999Z,W2020376,6364,45.39290,8.56422,24967.6,6.7,7.3,72.1,-57.1,1.5,-1.0,RS41-SG,404.900,9.3,-225,12,2.6,-1,-1
2025-04-30T00:20:14.999Z,W2020376,6365,45.39292,8.56431,24973.9,5.7,7.2,79.7,-57.1,1.5,-1.0,RS41-SG,404.900,9.3,-225,12,2.5,-1,-1
2025-04-30T00:20:15.999Z,W2020376,6366,45.39293,8.56440,24980.0,6.3,7.3,81.8,-57.2,1.5,-1.0,RS41-SG,404.900,9.1,-225,12,2.5,-1,-1
2025-04-30T00:20:16.999Z,W2020376,6367,45.39294,8.56449,24986.5,6.5,8.1,79.0,-57.2,1.5,-1.0,RS41-SG,404.900,9.1,-225,12,2.5,-1,-1
2025-04-30T00:20:17.999Z,W2020376,6368,45.39296,8.56460,24992.3,5.1,8.7,76.3,-57.2,1.5,-1.0,RS41-SG,404.900,8.9,-225,12,2.5,-1,-1
2025-04-30T00:20:18.999Z,W2020376,6369,45.39297,8.56471,24997.7,5.5,9.4,76.6,-57.3,1.5,-1.0,RS41-SG,404.900,9.0,-225,12,2.6,-1,-1
2025-04-30T00:20:19.999Z,W2020376,6370,45.39299,8.56483,25003.7,6.4,9.7,80.9,-57.3,1.5,-1.0,RS41-SG,404.900,9.1,-225,11,2.6,-1,-1
2025-04-30T00:20:24.999Z,W2020376,6375,45.39305,8.56539,25034.8,5.3,8.1,67.7,-57.2,1.5,-1.0,RS41-SG,404.900,9.8,-225,12,2.6,-1,-1
2025-04-30T00:20:25.999Z,W2020376,6376,45.39308,8.56548,25039.7,4.6,7.9,61.2,-57.2,1.5,-1.0,RS41-SG,404.900,9.8,-225,12,2.5,-1,-1
2025-04-30T00:20:26.999Z,W2020376,6377,45.39311,8.56556,25045.2,6.5,7.3,60.8,-57.2,1.5,-1.0,RS41-SG,404.900,8.5,-225,12,2.5,-1,-1
2025-04-30T00:20:29.999Z,W2020376,6380,45.39317,8.56580,25064.2,6.1,6.1,79.5,-57.0,1.4,-1.0,RS41-SG,404.900,8.8,-225,12,2.6,-1,-1
2025-04-30T00:20:31.999Z,W2020376,6382,45.39319,8.56595,25076.5,5.0,6.0,74.8,-56.9,1.4,-1.0,RS41-SG,404.900,9.3,-225,12,2.5,-1,-1
2025-04-30T00:20:32.999Z,W2020376,6383,45.39321,8.56602,25081.5,5.2,5.9,75.1,-56.9,1.4,-1.0,RS41-SG,404.900,9.4,-225,12,2.5,-1,-1
2025-04-30T00:20:35.999Z,W2020376,6386,45.39322,8.56624,25099.8,5.4,5.8,91.8,-57.0,1.4,-1.0,RS41-SG,404.900,8.2,-225,12,2.6,-1,-1
2025-04-30T00:20:36.999Z,W2020376,6387,45.39322,8.56631,25105.8,6.4,5.8,86.6,-57.0,1.4,-1.0,RS41-SG,404.900,8.4,-225,12,2.6,-1,-1
2025-04-30T00:20:37.999Z,W2020376,6388,45.39323,8.56639,25112.3,6.8,5.8,75.4,-57.1,1.4,-1.0,RS41-SG,404.900,9.6,-225,12,2.5,-1,-1
2025-04-30T00:20:38.999Z,W2020376,6389,45.39325,8.56646,25118.2,5.0,6.1,66.1,-57.1,1.4,-1.0,RS41-SG,404.900,9.6,-225,12,2.5,-1,-1
2025-04-30T00:20:39.999Z,W2020376,6390,45.39327,8.56653,25123.4,5.5,6.0,61.9,-57.2,1.5,-1.0,RS41-SG,404.900,9.5,-225,12,2.5,-1,-1
2025-04-30T00:20:40.999Z,W2020376,6391,45.39329,8.56660,25129.7,6.9,5.9,66.0,-57.2,1.5,-1.0,RS41-SG,404.900,9.4,-225,12,2.6,-1,-1
2025-04-30T00:20:41.999Z,W2020376,6392,45.39331,8.56666,25135.9,5.5,5.6,72.0,-57.3,1.5,-1.0,RS41-SG,404.900,8.5,-225,12,2.6,-1,-1
2025-04-30T00:20:42.999Z,W2020376,6393,45.39333,8.56673,25141.5,5.7,5.3,75.6,-57.3,1.5,-1.0,RS41-SG,404.900,9.2,-225,12,2.5,-1,-1
2025-04-30T00:20:43.999Z,W2020376,6394,45.39334,8.56679,25147.6,6.6,5.0,71.9,-57.3,1.5,-1.0,RS41-SG,404.900,9.6,-225,12,2.5,-1,-1
2025-04-30T00:20:44.999Z,W2020376,6395,45.39336,8.56685,25153.9,5.6,5.0,66.0,-57.3,1.5,-1.0,RS41-SG,404.900,9.6,-225,12,2.5,-1,-1
2025-04-30T00:20:45.999Z,W2020376,6396,45.39337,8.56691,25159.3,5.2,5.0,66.6,-57.3,1.5,-1.0,RS41-SG,404.900,10.5,-225,12,2.5,-1,-1
2025-04-30T00:20:46.999Z,W2020376,6397,45.39339,8.56697,25165.1,6.5,5.0,76.1,-57.3,1.4,-1.0,RS41-SG,404.900,10.5,-225,12,2.6,-1,-1
2025-04-30T00:20:47.999Z,W2020376,6398,45.39339,8.56703,25171.6,6.4,5.3,90.3,-57.2,1.5,-1.0,RS41-SG,404.900,9.8,-225,12,2.6,-1,-1
2025-04-30T00:20:48.999Z,W2020376,6399,45.39339,8.56710,25177.3,5.1,5.6,98.2,-57.2,1.4,-1.0,RS41-SG,404.900,9.0,-225,12,2.5,-1,-1
2025-04-30T00:20:49.999Z,W2020376,6400,45.39338,8.56718,25182.8,5.8,5.9,98.5,-57.2,1.5,-1.0,RS41-SG,404.900,9.0,-225,12,2.5,-1,-1
2025-04-30T00:20:50.999Z,W2020376,6401,45.39338,8.56725,25189.2,7.0,5.5,89.8,-57.2,1.4,-1.0,RS41-SG,404.900,8.5,-225,12,2.5,-1,-1
2025-04-30T00:20:51.999Z,W2020376,6402,45.39338,8.56732,25195.4,5.2,5.3,79.1,-57.2,1.4,-1.0,RS41-SG,404.900,8.1,-225,12,2.5,-1,-1
2025-04-30T00:20:53.999Z,W2020376,6404,45.39341,8.56744,25206.0,6.3,5.0,66.3,-57.2,1.5,-1.0,RS41-SG,404.900,8.1,-225,12,2.6,-1,-1
2025-04-30T00:20:54.999Z,W2020376,6405,45.39343,8.56750,25212.1,5.7,4.8,71.5,-57.2,1.5,-1.0,RS41-SG,404.900,8.7,-225,12,2.5,-1,-1
2025-04-30T00:20:56.999Z,W2020376,6407,45.39345,8.56762,25222.6,5.8,5.0,75.9,-57.2,1.5,-1.0,RS41-SG,404.900,8.5,-225,12,2.5,-1,-1
2025-04-30T00:20:57.999Z,W2020376,6408,45.39346,8.56768,25228.7,6.6,5.4,70.6,-57.3,1.5,-1.0,RS41-SG,404.900,8.3,-225,12,2.6,-1,-1
2025-04-30T00:21:13.999Z,W2020376,6424,45.39347,8.56898,25320.4,6.4,7.3,94.8,-57.3,1.5,-1.0,RS41-SG,404.900,8.8,-225,12,2.5,-1,-1
2025-04-30T00:21:14.999Z,W2020376,6425,45.39346,8.56907,25326.3,5.3,7.6,104.0,-57.4,1.5,-1.0,RS41-SG,404.900,8.9,-225,12,2.6,-1,-1
2025-04-30T00:21:15.999Z,W2020376,6426,45.39344,8.56917,25331.2,4.5,7.9,107.8,-57.4,1.5,-1.0,RS41-SG,404.900,8.9,-225,12,2.6,-1,-1
2025-04-30T00:21:16.999Z,W2020376,6427,45.39342,8.56927,25336.5,6.1,8.1,105.5,-57.4,1.5,-1.0,RS41-SG,404.900,8.7,-225,12,2.5,-1,-1
2025-04-30T00:21:18.999Z,W2020376,6429,45.39340,8.56947,25348.8,4.9,8.2,91.6,-57.5,1.5,-1.0,RS41-SG,404.900,9.1,-225,12,2.5,-1,-1
2025-04-30T00:21:19.999Z,W2020376,6430,45.39340,8.56958,25353.7,4.9,8.9,87.5,-57.5,1.5,-1.0,RS41-SG,404.900,9.1,-225,12,2.5,-1,-1
2025-04-30T00:21:22.999Z,W2020376,6433,45.39339,8.56994,25371.0,5.0,10.0,94.7,-57.5,1.5,-1.0,RS41-SG,404.900,8.1,-225,12,2.5,-1,-1
2025-04-30T00:21:25.999Z,W2020376,6436,45.39339,8.57031,25388.2,4.9,9.0,85.5,-57.6,1.5,-1.0,RS41-SG,404.900,8.3,-225,12,2.5,-1,-1
2025-04-30T00:21:26.999Z,W2020376,6437,45.39339,8.57042,25392.8,4.6,8.7,85.2,-57.7,1.5,-1.0,RS41-SG,404.900,8.3,-225,12,2.6,-1,-1
2025-04-30T00:21:27.999Z,W2020376,6438,45.39340,8.57053,25398.2,5.9,8.4,92.1,-57.7,1.5,-1.0,RS41-SG,404.900,9.1,-225,12,2.6,-1,-1
2025-04-30T00:21:28.999Z,W2020376,6439,45.39339,8.57063,25404.1,5.8,8.4,100.6,-57.7,1.5,-1.0,RS41-SG,404.900,9.5,-225,12,2.5,-1,-1
2025-04-30T00:21:29.999Z,W2020376,6440,45.39337,8.57074,25409.5,4.8,8.6,106.7,-57.7,1.5,-1.0,RS41-SG,404.900,9.5,-225,12,2.5,-1,-1
2025-04-30T00:21:32.999Z,W2020376,6443,45.39331,8.57103,25426.9,4.7,7.1,99.0,-57.9,1.5,-1.0,RS41-SG,404.900,8.4,-225,12,2.6,-1,-1
2025-04-30T00:21:33.999Z,W2020376,6444,45.39331,8.57112,25431.8,5.1,6.6,94.4,-57.9,1.5,-1.0,RS41-SG,404.900,9.1,-225,12,2.5,-1,-1
2025-04-30T00:21:34.999Z,W2020376,6445,45.39330,8.57120,25437.5,6.4,6.4,94.5,-57.9,1.5,-1.0,RS41-SG,404.900,9.1,-225,12,2.5,-1,-1
2025-04-30T00:21:36.999Z,W2020376,6447,45.39329,8.57135,25448.2,4.7,5.5,95.8,-57.8,1.5,-1.0,RS41-SG,404.900,8.4,-225,12,2.5,-1,-1
2025-04-30T00:21:39.999Z,W2020376,6450,45.39331,8.57153,25464.7,4.9,4.7,67.1,-57.6,1.4,-1.0,RS41-SG,404.900,8.6,-225,12,2.5,-1,-1
2025-04-30T00:21:40.999Z,W2020376,6451,45.39332,8.57158,25470.0,5.6,5.3,70.0,-57.7,1.5,-1.0,RS41-SG,404.900,8.9,-225,12,2.5,-1,-1
2025-04-30T00:21:41.999Z,W2020376,6452,45.39334,8.57165,25476.1,6.4,6.2,80.7,-57.7,1.5,-1.0,RS41-SG,404.900,8.9,-225,11,2.5,-1,-1
2025-04-30T00:21:42.999Z,W2020376,6453,45.39334,8.57174,25481.7,4.9,7.1,90.4,-57.7,1.5,-1.0,RS41-SG,404.900,8.5,-225,11,2.5,-1,-1
2025-04-30T00:21:43.999Z,W2020376,6454,45.39334,8.57183,25486.4,4.1,7.6,96.3,-57.7,1.5,-1.0,RS41-SG,404.900,8.3,-225,12,2.6,-1,-1
2025-04-30T00:21:44.999Z,W2020376,6455,45.39333,8.57193,25491.4,6.0,7.4,98.2,-57.7,1.5,-1.0,RS41-SG,404.900,8.2,-225,12,2.6,-1,-1
2025-04-30T00:21:45.999Z,W2020376,6456,45.39332,8.57201,25497.5,6.2,6.2,96.5,-57.7,1.5,-1.0,RS41-SG,404.900,8.4,-225,12,2.5,-1,-1
2025-04-30T00:21:47.999Z,W2020376,6458,45.39331,8.57214,25507.3,4.4,3.5,93.9,-57.8,1.5,-1.0,RS41-SG,404.900,8.8,-225,12,2.5,-1,-1
2025-04-30T00:21:48.999Z,W2020376,6459,45.39331,8.57217,25512.5,6.0,2.2,106.5,-57.8,1.5,-1.0,RS41-SG,404.900,8.8,-225,12,2.6,-1,-1
2025-04-30T00:21:49.999Z,W2020376,6460,45.39330,8.57220,25518.2,5.5,1.8,127.5,-57.8,1.5,-1.0,RS41-SG,404.900,8.5,-225,12,2.6,-1,-1
2025-04-30T00:21:51.999Z,W2020376,6462,45.39329,8.57223,25528.8,5.9,1.3,100.9,-57.9,1.5,-1.0,RS41-SG,404.900,8.6,-225,12,2.5,-1,-1
2025-04-30T00:21:54.999Z,W2020376,6465,45.39334,8.57231,25545.4,4.0,4.9,43.2,-57.9,1.5,-1.0,RS41-SG,404.900,7.7,-225,12,2.6,-1,-1
2025-04-30T00:21:56.999Z,W2020376,6467,45.39340,8.57243,25555.1,6.0,6.3,66.5,-58.0,1.5,-1.0,RS41-SG,404.900,9.0,-225,12,2.5,-1,-1
2025-04-30T00:22:02.999Z,W2020376,6473,45.39342,8.57267,25586.9,4.7,2.0,334.0,-58.1,1.6,-1.0,RS41-SG,404.900,8.9,-225,12,2.5,-1,-1
2025-04-30T00:22:07.999Z,W2020376,6478,45.39356,8.57281,25615.1,5.7,7.3,57.4,-58.2,1.5,-1.0,RS41-SG,404.900,7.9,-225,12,2.5,-1,-1
2025-04-30T00:22:08.999Z,W2020376,6479,45.39360,8.57289,25621.2,6.2,7.9,58.8,-58.1,1.5,-1.0,RS41-SG,404.900,8.3,-225,12,2.5,-1,-1
2025-04-30T00:22:09.999Z,W2020376,6480,45.39363,8.57298,25626.9,5.3,8.0,61.1,-58.0,1.5,-1.0,RS41-SG,404.900,8.3,-225,12,2.5,-1,-1
2025-04-30T00:22:11.999Z,W2020376,6482,45.39368,8.57317,25638.6,6.5,7.7,80.2,-57.8,1.5,-1.0,RS41-SG,404.900,8.5,-225,12,2.6,-1,-1
2025-04-30T00:22:13.999Z,W2020376,6484,45.39368,8.57335,25649.6,5.5,6.7,99.3,-57.7,1.4,-1.0,RS41-SG,404.900,8.6,-225,12,2.5,-1,-1
2025-04-30T00:22:17.999Z,W2020376,6488,45.39364,8.57353,25670.0,5.3,1.9,117.1,-57.5,1.4,-1.0,RS41-SG,404.900,8.4,-225,12,2.6,-1,-1
2025-04-30T00:22:18.999Z,W2020376,6489,45.39363,8.57356,25676.0,7.1,2.9,103.8,-57.4,1.4,-1.0,RS41-SG,404.900,8.0,-225,12,2.6,-1,-1
2025-04-30T00:22:20.999Z,W2020376,6491,45.39362,8.57367,25687.0,4.9,5.9,95.0,-57.3,1.4,-1.0,RS41-SG,404.900,8.8,-225,12,2.5,-1,-1
2025-04-30T00:22:22.999Z,W2020376,6493,45.39362,8.57385,25698.5,5.9,7.6,86.0,-57.2,1.4,-1.0,RS41-SG,404.900,8.8,-225,12,2.6,-1,-1
2025-04-30T00:22:25.999Z,W2020376,6496,45.39364,8.57415,25714.8,6.6,8.8,86.1,-57.1,1.4,-1.0,RS41-SG,404.900,7.8,-225,12,2.5,-1,-1
2025-04-30T00:22:26.999Z,W2020376,6497,45.39365,8.57426,25721.1,5.7,8.6,87.1,-57.1,1.4,-1.0,RS41-SG,404.900,9.4,-225,12,2.5,-1,-1
2025-04-30T00:22:29.999Z,W2020376,6500,45.39366,8.57450,25740.3,5.7,3.4,70.0,-57.0,1.4,-1.0,RS41-SG,404.900,8.6,-225,12,2.6,-1,-1
2025-04-30T00:22:31.999Z,W2020376,6502,45.39369,8.57455,25748.6,4.1,1.9,22.3,-56.9,1.4,-1.0,RS41-SG,404.900,8.3,-225,12,2.5,-1,-1
2025-04-30T00:22:33.999Z,W2020376,6504,45.39372,8.57458,25759.9,6.0,2.8,54.3,-56.7,1.4,-1.0,RS41-SG,404.900,9.4,-225,12,2.5,-1,-1
2025-04-30T00:22:39.999Z,W2020376,6510,45.39385,8.57495,25793.7,6.6,7.9,70.2,-56.6,1.4,-1.0,RS41-SG,404.900,8.7,-225,12,2.6,-1,-1
2025-04-30T00:22:40.999Z,W2020376,6511,45.39387,8.57505,25799.4,5.0,8.5,75.6,-56.6,1.4,-1.0,RS41-SG,404.900,8.7,-225,12,2.6,-1,-1
2025-04-30T00:22:42.999Z,W2020376,6513,45.39390,8.57525,25810.7,6.6,7.4,78.6,-56.4,1.4,-1.0,RS41-SG,404.900,8.4,-225,12,2.5,-1,-1
2025-04-30T00:22:43.999Z,W2020376,6514,45.39392,8.57534,25816.9,5.6,6.1,76.6,-56.4,1.4,-1.0,RS41-SG,404.900,8.4,-225,12,2.5,-1,-1
2025-04-30T00:22:44.999Z,W2020376,6515,45.39393,8.57541,25822.3,5.0,5.0,74.8,-56.4,1.3,-1.0,RS41-SG,404.900,9.0,-225,12,2.5,-1,-1
2025-04-30T00:22:50.999Z,W2020376,6521,45.39399,8.57585,25855.0,6.5,6.7,75.2,-56.4,1.4,-1.0,RS41-SG,404.900,8.8,-225,12,2.5,-1,-1
2025-04-30T00:22:51.999Z,W2020376,6522,45.39400,8.57593,25860.9,5.3,7.0,73.3,-56.4,1.4,-1.0,RS41-SG,404.900,8.8,-225,12,2.6,-1,-1
2025-04-30T00:23:03.999Z,W2020376,6534,45.39430,8.57698,25927.9,6.6,4.9,66.1,-56.0,1.3,-1.0,RS41-SG,404.900,7.9,-225,12,2.6,-1,-1
2025-04-30T00:23:05.999Z,W2020376,6536,45.39433,8.57708,25938.4,4.3,4.2,69.7,-56.1,1.3,-1.0,RS41-SG,404.900,8.4,-225,12,2.5,-1,-1
2025-04-30T00:23:08.999Z,W2020376,6539,45.39435,8.57727,25955.4,5.5,5.8,87.7,-56.1,1.4,-1.0,RS41-SG,404.900,7.7,-225,12,2.6,-1,-1
2025-04-30T00:23:13.999Z,W2020376,6544,45.39442,8.57752,25983.5,5.8,3.1,41.4,-56.3,1.4,-1.0,RS41-SG,404.900,7.8,-225,12,2.6,-1,-1
2025-04-30T00:23:17.999Z,W2020376,6548,45.39447,8.57763,26005.0,6.2,1.2,53.6,-56.3,1.4,-1.0,RS41-SG,404.900,7.9,-225,12,2.5,-1,-1
2025-04-30T00:23:19.999Z,W2020376,6550,45.39448,8.57763,26016.2,5.2,0.3,312.1,-56.4,1.4,-1.0,RS41-SG,404.900,8.4,-225,12,2.6,-1,-1
2025-04-30T00:23:20.999Z,W2020376,6551,45.39448,8.57763,26021.7,6.1,0.6,162.0,-56.4,1.4,-1.0,RS41-SG,404.900,8.2,-225,12,2.6,-1,-1
2025-04-30T00:23:26.999Z,W2020376,6557,45.39446,8.57786,26054.1,4.4,5.1,63.4,-56.2,1.4,-1.0,RS41-SG,404.900,8.0,-225,12,2.6,-1,-1
2025-04-30T00:23:27.999Z,W2020376,6558,45.39448,8.57792,26059.4,6.2,5.8,62.1,-56.2,1.4,-1.0,RS41-SG,404.900,8.9,-225,12,2.5,-1,-1
2025-04-30T00:23:28.999Z,W2020376,6559,45.39450,8.57799,26065.5,5.8,6.3,66.6,-56.1,1.4,-1.0,RS41-SG,404.900,8.9,-225,12,2.5,-1,-1
2025-04-30T00:23:29.999Z,W2020376,6560,45.39452,8.57807,26070.8,5.0,6.2,71.4,-56.1,1.3,-1.0,RS41-SG,404.900,8.3,-225,12,2.5,-1,-1
2025-04-30T00:23:30.999Z,W2020376,6561,45.39454,8.57814,26076.3,5.9,5.5,73.8,-56.0,1.3,-1.0,RS41-SG,404.900,8.5,-225,12,2.6,-1,-1
2025-04-30T00:23:31.999Z,W2020376,6562,45.39455,8.57820,26082.7,6.7,4.2,71.7,-56.0,1.3,-1.0,RS41-SG,404.900,8.8,-225,12,2.6,-1,-1
2025-04-30T00:23:33.999Z,W2020376,6564,45.39457,8.57828,26093.5,5.0,2.2,86.9,-56.0,1.4,-1.0,RS41-SG,404.900,8.1,-225,12,2.5,-1,-1
2025-04-30T00:23:34.999Z,W2020376,6565,45.39456,8.57831,26099.2,6.3,2.7,119.6,-55.9,1.4,-1.0,RS41-SG,404.900,8.2,-225,12,2.5,-1,-1
2025-04-30T00:23:35.999Z,W2020376,6566,45.39455,8.57834,26105.0,5.2,3.8,130.6,-55.9,1.3,-1.0,RS41-SG,404.900,10.1,-225,12,2.5,-1,-1
2025-04-30T00:23:37.999Z,W2020376,6568,45.39450,8.57843,26114.7,6.0,4.8,125.5,-55.9,1.3,-1.0,RS41-SG,404.900,8.0,-225,12,2.6,-1,-1
2025-04-30T00:23:39.999Z,W2020376,6570,45.39447,8.57853,26127.2,5.5,4.1,92.8,-56.0,1.3,-1.0,RS41-SG,404.900,9.1,-225,12,2.5,-1,-1
2025-04-30T00:23:41.999Z,W2020376,6572,45.39449,8.57865,26138.3,6.0,6.5,71.8,-56.0,1.3,-1.0,RS41-SG,404.900,8.3,-225,12,2.5,-1,-1
2025-04-30T00:23:43.999Z,W2020376,6574,45.39453,8.57884,26148.8,4.2,8.2,72.1,-56.1,1.4,-1.0,RS41-SG,404.900,8.2,-225,12,2.6,-1,-1
2025-04-30T00:23:44.999Z,W2020376,6575,45.39455,8.57893,26153.5,5.1,8.0,70.9,-56.1,1.4,-1.0,RS41-SG,404.900,9.5,-225,12,2.5,-1,-1
2025-04-30T00:23:46.999Z,W2020376,6577,45.39460,8.57909,26165.2,5.8,5.5,60.0,-56.2,1.4,-1.0,RS41-SG,404.900,9.2,-225,12,2.5,-1,-1
2025-04-30T00:23:47.999Z,W2020376,6578,45.39463,8.57915,26170.3,4.3,4.3,59.8,-56.2,1.4,-1.0,RS41-SG,404.900,9.2,-225,12,2.6,-1,-1
2025-04-30T00:23:49.999Z,W2020376,6580,45.39464,8.57923,26181.5,6.4,3.6,97.5,-56.3,1.4,-1.0,RS41-SG,404.900,8.9,-225,12,2.5,-1,-1
2025-04-30T00:23:50.999Z,W2020376,6581,45.39463,8.57928,26187.3,5.1,4.5,109.2,-56.3,1.4,-1.0,RS41-SG,404.900,9.7,-225,12,2.5,-1,-1
2025-04-30T00:23:52.999Z,W2020376,6583,45.39461,8.57941,26197.9,6.1,5.7,100.7,-56.3,1.4,-1.0,RS41-SG,404.900,8.9,-225,12,2.5,-1,-1
2025-04-30T00:23:53.999Z,W2020376,6584,45.39460,8.57948,26204.0,5.9,5.7,88.6,-56.4,1.4,-1.0,RS41-SG,404.900,8.9,-225,12,2.6,-1,-1
2025-04-30T00:23:55.999Z,W2020376,6586,45.39462,8.57964,26214.8,5.9,7.0,77.8,-56.4,1.4,-1.0,RS41-SG,404.900,9.0,-225,12,2.5,-1,-1
2025-04-30T00:23:56.999Z,W2020376,6587,45.39463,8.57973,26220.9,6.2,7.7,79.7,-56.5,1.4,-1.0,RS41-SG,404.900,9.0,-225,12,2.5,-1,-1
2025-04-30T00:23:59.999Z,W2020376,6590,45.39466,8.58002,26237.4,6.3,6.4,85.8,-56.6,1.4,-1.0,RS41-SG,404.900,8.4,-225,12,2.6,-1,-1
2025-04-30T00:24:00.999Z,W2020376,6591,45.39466,8.58009,26243.6,6.0,5.3,85.3,-56.6,1.4,-1.0,RS41-SG,404.900,9.1,-225,12,2.6,-1,-1
2025-04-30T00:24:01.999Z,W2020376,6592,45.39466,8.58015,26248.7,4.2,4.5,86.8,-56.6,1.4,-1.0,RS41-SG,404.900,9.1,-225,12,2.5,-1,-1
2025-04-30T00:24:02.999Z,W2020376,6593,45.39466,8.58021,26253.2,4.9,4.2,99.1,-56.6,1.4,-1.0,RS41-SG,404.900,8.1,-225,12,2.5,-1,-1
2025-04-30T00:24:05.999Z,W2020376,6596,45.39460,8.58039,26269.4,4.7,6.9,122.7,-56.6,1.4,-1.0,RS41-SG,404.900,8.1,-225,12,2.6,-1,-1
2025-04-30T00:24:07.999Z,W2020376,6598,45.39454,8.58055,26280.4,6.4,6.2,114.3,-56.7,1.4,-1.0,RS41-SG,404.900,7.9,-225,12,2.5,-1,-1
2025-04-30T00:24:08.999Z,W2020376,6599,45.39452,8.58061,26286.1,5.1,5.3,109.7,-56.7,1.4,-1.0,RS41-SG,404.900,9.2,-225,12,2.5,-1,-1
2025-04-30T00:24:09.999Z,W2020376,6600,45.39450,8.58067,26291.2,5.2,4.8,107.2,-56.7,1.4,-1.0,RS41-SG,404.900,9.2,-225,12,2.5,-1,-1
2025-04-30T00:24:10.999Z,W2020376,6601,45.39449,8.58073,26296.8,6.0,5.0,109.2,-56.7,1.4,-1.0,RS41-SG,404.900,9.7,-225,12,2.6,-1,-1
2025-04-30T00:24:12.999Z,W2020376,6603,45.39445,8.58086,26308.3,4.8,6.3,115.8,-56.7,1.4,-1.0,RS41-SG,404.900,8.2,-225,12,2.5,-1,-1
2025-04-30T00:24:13.999Z,W2020376,6604,45.39443,8.58093,26313.5,5.4,6.1,116.4,-56.7,1.4,-1.0,RS41-SG,404.900,8.2,-225,12,2.5,-1,-1
2025-04-30T00:24:15.999Z,W2020376,6606,45.39439,8.58106,26325.4,6.2,4.6,105.4,-56.7,1.4,-1.0,RS41-SG,404.900,8.5,-225,12,2.5,-1,-1
2025-04-30T00:24:18.999Z,W2020376,6609,45.39437,8.58123,26341.3,6.1,4.9,99.0,-56.4,1.3,-1.0,RS41-SG,404.900,9.1,-225,12,2.5,-1,-1
2025-04-30T00:24:20.999Z,W2020376,6611,45.39435,8.58137,26352.0,4.4,6.7,108.0,-56.2,1.3,-1.0,RS41-SG,404.900,8.8,-225,12,2.5,-1,-1
2025-04-30T00:24:21.999Z,W2020376,6612,45.39433,8.58145,26357.0,5.6,6.8,106.8,-56.2,1.4,-1.0,RS41-SG,404.900,8.8,-225,12,2.6,-1,-1
2025-04-30T00:24:23.999Z,W2020376,6614,45.39431,8.58160,26368.9,5.4,5.0,96.2,-56.1,1.3,-1.0,RS41-SG,404.900,8.2,-225,12,2.5,-1,-1
2025-04-30T00:24:24.999Z,W2020376,6615,45.39430,8.58166,26374.0,4.7,3.8,97.5,-56.1,1.3,-1.0,RS41-SG,404.900,9.0,-225,12,2.5,-1,-1
2025-04-30T00:24:25.999Z,W2020376,6616,45.39430,8.58170,26379.1,5.2,2.9,111.8,-56.1,1.3,-1.0,RS41-SG,404.900,9.0,-225,12,2.5,-1,-1
2025-04-30T00:24:26.999Z,W2020376,6617,45.39428,8.58173,26385.0,6.0,3.1,138.0,-56.1,1.3,-1.0,RS41-SG,404.900,8.6,-225,12,2.5,-1,-1
2025-04-30T00:24:29.999Z,W2020376,6620,45.39420,8.58182,26401.7,6.8,4.1,131.5,-56.2,1.4,-1.0,RS41-SG,404.900,8.6,-225,12,2.5,-1,-1
2025-04-30T00:24:30.999Z,W2020376,6621,45.39418,8.58186,26408.1,5.8,3.8,112.1,-56.2,1.4,-1.0,RS41-SG,404.900,9.3,-225,12,2.5,-1,-1
2025-04-30T00:24:31.999Z,W2020376,6622,45.39417,8.58191,26413.2,4.3,4.3,93.0,-56.3,1.3,-1.0,RS41-SG,404.900,9.3,-225,12,2.5,-1,-1
2025-04-30T00:24:32.999Z,W2020376,6623,45.39417,8.58197,26418.3,5.5,5.4,80.5,-56.3,1.4,-1.0,RS41-SG,404.900,8.6,-225,12,2.5,-1,-1
2025-04-30T00:24:33.999Z,W2020376,6624,45.39418,8.58204,26424.1,5.9,6.4,78.8,-56.3,1.4,-1.0,RS41-SG,404.900,8.7,-225,12,2.6,-1,-1
2025-04-30T00:24:34.999Z,W2020376,6625,45.39420,8.58212,26429.5,4.9,6.6,79.7,-56.3,1.4,-1.0,RS41-SG,404.900,8.7,-225,12,2.6,-1,-1
2025-04-30T00:24:35.999Z,W2020376,6626,45.39421,8.58220,26435.1,6.5,5.8,75.8,-56.4,1.3,-1.0,RS41-SG,404.900,7.5,-225,12,2.5,-1,-1
2025-04-30T00:24:39.999Z,W2020376,6630,45.39429,8.58236,26458.7,6.7,2.8,37.1,-56.4,1.4,-1.0,RS41-SG,404.900,8.8,-225,12,2.6,-1,-1
2025-04-30T00:24:41.999Z,W2020376,6632,45.39432,8.58242,26470.0,4.6,2.9,65.1,-56.3,1.4,-1.0,RS41-SG,404.900,8.2,-225,12,2.5,-1,-1
2025-04-30T00:24:42.999Z,W2020376,6633,45.39433,8.58245,26474.9,5.1,3.4,65.0,-56.3,1.4,-1.0,RS41-SG,404.900,9.2,-225,12,2.5,-1,-1
2025-04-30T00:24:43.999Z,W2020376,6634,45.39435,8.58250,26480.6,6.2,3.9,59.4,-56.3,1.4,-1.0,RS41-SG,404.900,9.2,-225,12,2.5,-1,-1
2025-04-30T00:24:45.999Z,W2020376,6636,45.39439,8.58258,26493.6,5.8,4.4,56.4,-56.2,1.3,-1.0,RS41-SG,404.900,8.3,-225,12,2.6,-1,-1
2025-04-30T00:24:48.999Z,W2020376,6639,45.39442,8.58277,26511.3,5.0,6.3,95.0,-55.9,1.3,-1.0,RS41-SG,404.900,10.4,-225,12,2.5,-1,-1
2025-04-30T00:24:51.999Z,W2020376,6642,45.39440,8.58301,26529.3,7.1,5.0,80.8,-55.8,1.3,-1.0,RS41-SG,404.900,8.0,-225,12,2.6,-1,-1
2025-04-30T00:24:52.999Z,W2020376,6643,45.39442,8.58306,26536.0,5.9,4.1,57.9,-55.8,1.3,-1.0,RS41-SG,404.900,9.0,-225,11,2.5,-1,-1
2025-04-30T00:24:53.999Z,W2020376,6644,45.39444,8.58310,26541.1,4.2,4.3,34.7,-55.8,1.3,-1.0,RS41-SG,404.900,9.4,-225,12,2.5,-1,-1
2025-04-30T00:24:54.999Z,W2020376,6645,45.39448,8.58313,26545.7,5.0,4.7,18.2,-55.8,1.3,-1.0,RS41-SG,404.900,9.6,-225,11,2.5,-1,-1
2025-04-30T00:24:56.999Z,W2020376,6647,45.39455,8.58315,26558.2,5.7,4.1,12.0,-55.6,1.3,-1.0,RS41-SG,404.900,9.4,-225,12,2.6,-1,-1
2025-04-30T00:25:00.999Z,W2020376,6651,45.39471,8.58318,26583.6,6.9,5.8,3.7,-55.3,1.3,-1.0,RS41-SG,404.900,9.4,-225,12,2.5,-1,-1
2025-04-30T00:25:01.999Z,W2020376,6652,45.39477,8.58319,26589.9,5.6,6.4,8.4,-55.3,1.3,-1.0,RS41-SG,404.900,9.4,-225,12,2.6,-1,-1
2025-04-30T00:25:02.999Z,W2020376,6653,45.39482,8.58321,26595.3,5.4,7.2,18.0,-55.3,1.3,-1.0,RS41-SG,404.900,9.2,-225,12,2.6,-1,-1
2025-04-30T00:25:04.999Z,W2020376,6655,45.39494,8.58332,26608.2,6.4,8.7,41.4,-55.2,1.2,-1.0,RS41-SG,404.900,9.7,-225,12,2.5,-1,-1
2025-04-30T00:25:05.999Z,W2020376,6656,45.39500,8.58339,26614.0,5.0,9.0,47.8,-55.2,1.3,-1.0,RS41-SG,404.900,9.6,-225,11,2.5,-1,-1
2025-04-30T00:25:08.999Z,W2020376,6659,45.39515,8.58360,26633.1,6.3,5.7,34.0,-54.9,1.2,-1.0,RS41-SG,404.900,8.3,-225,12,2.6,-1,-1
2025-04-30T00:25:10.999Z,W2020376,6661,45.39522,8.58365,26644.7,6.1,4.0,15.1,-54.8,1.2,-1.0,RS41-SG,404.900,8.2,-225,11,2.5,-1,-1
2025-04-30T00:25:11.999Z,W2020376,6662,45.39525,8.58367,26651.4,7.2,3.4,22.5,-54.7,1.2,-1.0,RS41-SG,404.900,8.2,-225,12,2.5,-1,-1
2025-04-30T00:25:13.999Z,W2020376,6664,45.39530,8.58372,26663.6,6.1,3.5,47.6,-54.5,1.2,-1.0,RS41-SG,404.900,7.8,-225,12,2.6,-1,-1
2025-04-30T00:25:14.999Z,W2020376,6665,45.39532,8.58375,26670.3,7.3,3.7,48.8,-54.4,1.2,-1.0,RS41-SG,404.900,9.2,-225,12,2.5,-1,-1
2025-04-30T00:25:17.999Z,W2020376,6668,45.39539,8.58388,26689.7,7.3,5.5,60.9,-54.4,1.2,-1.0,RS41-SG,404.900,8.8,-225,12,2.5,-1,-1
2025-04-30T00:25:18.999Z,W2020376,6669,45.39541,8.58395,26696.5,6.0,6.5,68.8,-54.3,1.2,-1.0,RS41-SG,404.900,9.1,-225,12,2.6,-1,-1
2025-04-30T00:25:19.999Z,W2020376,6670,45.39543,8.58403,26702.4,5.8,7.0,72.8,-54.3,1.2,-1.0,RS41-SG,404.900,9.5,-225,12,2.6,-1,-1
2025-04-30T00:25:20.999Z,W2020376,6671,45.39545,8.58411,26708.9,7.2,6.4,73.6,-54.3,1.2,-1.0,RS41-SG,404.900,9.5,-225,12,2.5,-1,-1
2025-04-30T00:25:21.999Z,W2020376,6672,45.39547,8.58418,26716.2,7.5,4.9,70.7,-54.3,1.2,-1.0,RS41-SG,404.900,8.7,-225,12,2.5,-1,-1
2025-04-30T00:25:22.999Z,W2020376,6673,45.39548,8.58423,26722.7,5.3,3.6,65.0,-54.3,1.2,-1.0,RS41-SG,404.900,9.9,-225,12,2.5,-1,-1
2025-04-30T00:25:23.999Z,W2020376,6674,45.39549,8.58426,26727.7,4.9,2.4,60.6,-54.3,1.2,-1.0,RS41-SG,404.900,9.9,-225,12,2.5,-1,-1
2025-04-30T00:25:24.999Z,W2020376,6675,45.39550,8.58428,26733.0,6.1,1.8,63.0,-54.3,1.2,-1.0,RS41-SG,404.900,9.4,-225,12,2.6,-1,-1
2025-04-30T00:25:25.999Z,W2020376,6676,45.39551,8.58431,26739.6,7.1,2.0,78.4,-54.3,1.2,-1.0,RS41-SG,404.900,9.2,-225,12,2.6,-1,-1
2025-04-30T00:25:26.999Z,W2020376,6677,45.39551,8.58434,26745.9,5.5,2.4,84.0,-54.4,1.2,-1.0,RS41-SG,404.900,9.2,-225,12,2.5,-1,-1
2025-04-30T00:25:27.999Z,W2020376,6678,45.39551,8.58437,26751.1,5.0,2.7,90.5,-54.4,1.3,-1.0,RS41-SG,404.900,8.8,-225,12,2.5,-1,-1
2025-04-30T00:25:28.999Z,W2020376,6679,45.39551,8.58440,26756.6,6.2,2.3,91.2,-54.4,1.2,-1.0,RS41-SG,404.900,8.8,-225,12,2.5,-1,-1
2025-04-30T00:25:30.999Z,W2020376,6681,45.39551,8.58444,26769.3,5.8,0.9,105.2,-54.3,1.2,-1.0,RS41-SG,404.900,9.3,-225,12,2.6,-1,-1
2025-04-30T00:25:31.999Z,W2020376,6682,45.39550,8.58445,26775.1,5.8,1.0,125.1,-54.2,1.2,-1.0,RS41-SG,404.900,8.4,-225,12,2.5,-1,-1
2025-04-30T00:25:32.999Z,W2020376,6683,45.39549,8.58446,26781.4,6.9,2.0,132.4,-54.2,1.2,-1.0,RS41-SG,404.900,9.2,-225,12,2.5,-1,-1
2025-04-30T00:25:34.999Z,W2020376,6685,45.39546,8.58453,26794.4,5.5,4.0,122.7,-54.2,1.2,-1.0,RS41-SG,404.900,9.6,-225,12,2.5,-1,-1
2025-04-30T00:25:35.999Z,W2020376,6686,45.39544,8.58457,26800.4,6.6,3.9,115.8,-54.2,1.2,-1.0,RS41-SG,404.900,9.6,-225,12,2.6,-1,-1
2025-04-30T00:25:36.999Z,W2020376,6687,45.39543,8.58461,26807.6,7.8,3.2,100.8,-54.2,1.2,-1.0,RS41-SG,404.900,9.5,-225,12,2.6,-1,-1
2025-04-30T00:25:37.999Z,W2020376,6688,45.39543,8.58465,26814.4,5.9,2.6,79.7,-54.1,1.2,-1.0,RS41-SG,404.900,9.2,-225,12,2.5,-1,-1
2025-04-30T00:25:38.999Z,W2020376,6689,45.39544,8.58468,26820.2,5.8,3.0,55.2,-54.1,1.2,-1.0,RS41-SG,404.900,8.9,-225,12,2.5,-1,-1
2025-04-30T00:25:39.999Z,W2020376,6690,45.39546,8.58471,26826.5,7.1,3.9,49.7,-54.0,1.2,-1.0,RS41-SG,404.900,8.9,-225,12,2.5,-1,-1
2025-04-30T00:25:40.999Z,W2020376,6691,45.39549,8.58476,26833.2,6.4,4.8,54.6,-54.0,1.2,-1.0,RS41-SG,404.900,8.8,-225,12,2.5,-1,-1
2025-04-30T00:25:41.999Z,W2020376,6692,45.39551,8.58481,26839.1,5.7,5.4,55.7,-54.0,1.2,-1.0,RS41-SG,404.900,9.4,-225,12,2.6,-1,-1
2025-04-30T00:25:42.999Z,W2020376,6693,45.39554,8.58487,26845.2,6.6,5.3,52.8,-53.9,1.2,-1.0,RS41-SG,404.900,9.4,-225,12,2.6,-1,-1
2025-04-30T00:25:43.999Z,W2020376,6694,45.39557,8.58492,26852.3,7.5,4.9,44.0,-53.9,1.2,-1.0,RS41-SG,404.900,9.4,-225,12,2.5,-1,-1
2025-04-30T00:25:44.999Z,W2020376,6695,45.39560,8.58495,26858.9,5.7,4.2,36.8,-53.9,1.2,-1.0,RS41-SG,404.900,9.9,-225,12,2.5,-1,-1
2025-04-30T00:25:45.999Z,W2020376,6696,45.39563,8.58498,26864.8,6.1,3.5,39.2,-53.9,1.2,-1.0,RS41-SG,404.900,9.9,-225,12,2.5,-1,-1
2025-04-30T00:25:46.999Z,W2020376,6697,45.39565,8.58501,26871.5,7.3,3.0,56.4,-53.9,1.2,-1.0,RS41-SG,404.900,9.9,-225,12,2.6,-1,-1
2025-04-30T00:25:47.999Z,W2020376,6698,45.39566,8.58505,26878.3,6.2,3.3,77.5,-53.9,1.2,-1.0,RS41-SG,404.900,9.9,-225,12,2.6,-1,-1
2025-04-30T00:25:48.999Z,W2020376,6699,45.39566,8.58509,26883.9,5.3,4.1,87.0,-53.9,1.2,-1.0,RS41-SG,404.900,9.5,-225,12,2.5,-1,-1
2025-04-30T00:25:49.999Z,W2020376,6700,45.39567,8.58515,26889.6,6.2,4.8,84.5,-53.9,1.2,-1.0,RS41-SG,404.900,9.5,-225,12,2.5,-1,-1
2025-04-30T00:25:50.999Z,W2020376,6701,45.39568,8.58521,26896.5,7.4,5.1,70.7,-53.9,1.2,-1.0,RS41-SG,404.900,9.3,-225,12,2.5,-1,-1
2025-04-30T00:25:51.999Z,W2020376,6702,45.39570,8.58527,26903.7,6.7,5.5,57.3,-53.9,1.2,-1.0,RS41-SG,404.900,9.2,-225,12,2.5,-1,-1
2025-04-30T00:25:52.999Z,W2020376,6703,45.39573,8.58533,26910.0,5.8,6.1,48.7,-53.9,1.2,-1.0,RS41-SG,404.900,9.7,-225,12,2.6,-1,-1
2025-04-30T00:25:53.999Z,W2020376,6704,45.39577,8.58539,26915.9,6.1,6.5,47.7,-53.9,1.2,-1.0,RS41-SG,404.900,9.7,-225,12,2.6,-1,-1
2025-04-30T00:25:54.999Z,W2020376,6705,45.39580,8.58546,26922.6,7.4,6.8,52.0,-53.9,1.2,-1.0,RS41-SG,404.900,9.3,-225,12,2.5,-1,-1
2025-04-30T00:25:55.999Z,W2020376,6706,45.39584,8.58553,26929.6,6.3,7.0,57.3,-53.9,1.3,-1.0,RS41-SG,404.900,9.8,-225,12,2.5,-1,-1
2025-04-30T00:25:57.999Z,W2020376,6708,45.39591,8.58568,26942.1,6.8,7.4,57.6,-53.9,1.3,-1.0,RS41-SG,404.900,9.0,-225,12,2.5,-1,-1
2025-04-30T00:25:59.999Z,W2020376,6710,45.39599,8.58584,26955.9,5.8,7.8,46.0,-53.9,1.2,-1.0,RS41-SG,404.900,9.3,-225,12,2.6,-1,-1
2025-04-30T00:26:00.999Z,W2020376,6711,45.39604,8.58591,26961.8,6.1,7.9,46.3,-53.9,1.2,-1.0,RS41-SG,404.900,9.3,-225,12,2.5,-1,-1
2025-04-30T00:26:01.999Z,W2020376,6712,45.39609,8.58598,26968.4,7.1,8.1,52.4,-53.9,1.2,-1.0,RS41-SG,404.900,9.4,-225,12,2.5,-1,-1
2025-04-30T00:26:02.999Z,W2020376,6713,45.39613,8.58607,26975.6,7.3,8.4,61.1,-53.9,1.2,-1.0,RS41-SG,404.900,9.8,-225,12,2.5,-1,-1
2025-04-30T00:26:03.999Z,W2020376,6714,45.39616,8.58617,26982.1,5.7,8.6,67.4,-53.9,1.3,-1.0,RS41-SG,404.900,9.8,-225,12,2.6,-1,-1
2025-04-30T00:26:04.999Z,W2020376,6715,45.39619,8.58627,26987.9,5.7,8.8,68.7,-53.9,1.2,-1.0,RS41-SG,404.900,9.6,-225,12,2.6,-1,-1
2025-04-30T00:26:06.999Z,W2020376,6717,45.39626,8.58647,27000.9,7.5,9.1,54.6,-53.8,1.2,-1.0,RS41-SG,404.900,9.2,-225,12,2.5,-1,-1
2025-04-30T00:26:07.999Z,W2020376,6718,45.39632,8.58656,27007.6,5.7,9.3,47.7,-53.8,1.2,-1.0,RS41-SG,404.900,9.2,-225,12,2.5,-1,-1
2025-04-30T00:26:08.999Z,W2020376,6719,45.39637,8.58665,27013.4,5.6,9.3,44.3,-53.8,1.2,-1.0,RS41-SG,404.900,9.0,-225,12,2.5,-1,-1
2025-04-30T00:26:09.999Z,W2020376,6720,45.39643,8.58673,27019.6,6.9,8.8,46.6,-53.7,1.2,-1.0,RS41-SG,404.900,9.0,-225,12,2.6,-1,-1
2025-04-30T00:26:10.999Z,W2020376,6721,45.39648,8.58681,27027.0,7.7,8.0,54.8,-53.7,1.2,-1.0,RS41-SG,404.900,9.0,-225,12,2.6,-1,-1
2025-04-30T00:26:11.999Z,W2020376,6722,45.39651,8.58690,27033.9,6.4,7.3,64.2,-53.7,1.2,-1.0,RS41-SG,404.900,8.4,-225,12,2.5,-1,-1
2025-04-30T00:26:13.999Z,W2020376,6724,45.39656,8.58706,27046.1,6.3,6.2,71.0,-53.8,1.2,-1.0,RS41-SG,404.900,9.7,-225,12,2.5,-1,-1
2025-04-30T00:26:14.999Z,W2020376,6725,45.39658,8.58713,27053.0,7.4,5.8,64.3,-53.8,1.2,-1.0,RS41-SG,404.900,9.7,-225,12,2.5,-1,-1
2025-04-30T00:26:15.999Z,W2020376,6726,45.39660,8.58719,27060.0,6.3,5.6,55.7,-53.8,1.2,-1.0,RS41-SG,404.900,9.5,-225,12,2.6,-1,-1
2025-04-30T00:26:16.999Z,W2020376,6727,45.39663,8.58725,27065.8,5.2,5.6,51.1,-53.8,1.2,-1.0,RS41-SG,404.900,9.5,-225,12,2.6,-1,-1
2025-04-30T00:26:18.999Z,W2020376,6729,45.39669,8.58736,27078.0,7.2,5.2,60.3,-53.9,1.2,-1.0,RS41-SG,404.900,9.9,-225,12,2.5,-1,-1
2025-04-30T00:26:19.999Z,W2020376,6730,45.39671,8.58742,27084.7,6.2,5.2,70.5,-53.9,1.3,-1.0,RS41-SG,404.900,9.9,-225,12,2.5,-1,-1
2025-04-30T00:26:21.999Z,W2020376,6732,45.39674,8.58754,27096.8,6.5,5.3,68.7,-54.0,1.2,-1.0,RS41-SG,404.900,8.8,-225,12,2.6,-1,-1
2025-04-30T00:26:23.999Z,W2020376,6734,45.39679,8.58766,27111.2,6.5,6.2,48.3,-54.0,1.2,-1.0,RS41-SG,404.900,8.5,-225,12,2.5,-1,-1
2025-04-30T00:26:24.999Z,W2020376,6735,45.39683,8.58772,27117.5,6.1,6.6,44.5,-54.0,1.3,-1.0,RS41-SG,404.900,8.6,-225,12,2.5,-1,-1
2025-04-30T00:26:25.999Z,W2020376,6736,45.39688,8.58778,27123.8,6.6,6.7,47.4,-54.0,1.2,-1.0,RS41-SG,404.900,8.6,-225,12,2.5,-1,-1
2025-04-30T00:26:26.999Z,W2020376,6737,45.39691,8.58785,27130.6,7.3,6.4,55.3,-54.0,1.3,-1.0,RS41-SG,404.900,8.3,-225,12,2.6,-1,-1
2025-04-30T00:26:28.999Z,W2020376,6739,45.39696,8.58798,27142.6,5.7,5.8,65.9,-54.1,1.2,-1.0,RS41-SG,404.900,8.5,-225,12,2.5,-1,-1
2025-04-30T00:26:30.999Z,W2020376,6741,45.39701,8.58810,27156.1,6.5,5.4,50.9,-54.1,1.3,-1.0,RS41-SG,404.900,9.7,-225,12,2.5,-1,-1
2025-04-30T00:26:31.999Z,W2020376,6742,45.39705,8.58815,27162.3,5.9,5.1,42.2,-54.1,1.3,-1.0,RS41-SG,404.900,9.7,-225,12,2.5,-1,-1
2025-04-30T00:26:32.999Z,W2020376,6743,45.39708,8.58819,27168.8,7.0,4.5,37.7,-54.2,1.3,-1.0,RS41-SG,404.900,9.3,-225,12,2.6,-1,-1
2025-04-30T00:26:33.999Z,W2020376,6744,45.39711,8.58822,27176.0,7.2,3.6,43.0,-54.2,1.3,-1.0,RS41-SG,404.900,9.3,-225,12,2.6,-1,-1
2025-04-30T00:26:34.999Z,W2020376,6745,45.39713,8.58825,27182.4,5.2,3.1,49.4,-54.2,1.3,-1.0,RS41-SG,404.900,9.1,-225,12,2.5,-1,-1
2025-04-30T00:26:35.999Z,W2020376,6746,45.39714,8.58828,27187.9,5.7,2.8,49.5,-54.2,1.3,-1.0,RS41-SG,404.900,9.1,-225,12,2.5,-1,-1
2025-04-30T00:26:39.999Z,W2020376,6750,45.39725,8.58837,27212.8,6.3,3.8,27.8,-54.1,1.3,-1.0,RS41-SG,404.900,9.5,-225,12,2.5,-1,-1
2025-04-30T00:26:41.999Z,W2020376,6752,45.39729,8.58843,27226.3,6.1,3.0,70.4,-54.1,1.2,-1.0,RS41-SG,404.900,8.3,-225,12,2.5,-1,-1
2025-04-30T00:26:42.999Z,W2020376,6753,45.39730,8.58847,27232.4,5.9,3.4,86.9,-54.1,1.2,-1.0,RS41-SG,404.900,7.8,-225,12,2.5,-1,-1
2025-04-30T00:26:43.999Z,W2020376,6754,45.39730,8.58852,27238.7,6.7,4.3,83.8,-54.1,1.3,-1.0,RS41-SG,404.900,8.8,-225,12,2.6,-1,-1
2025-04-30T00:26:44.999Z,W2020376,6755,45.39731,8.58858,27245.9,7.5,5.0,74.0,-54.1,1.2,-1.0,RS41-SG,404.900,8.8,-225,12,2.6,-1,-1
2025-04-30T00:26:45.999Z,W2020376,6756,45.39732,8.58864,27252.6,5.9,5.5,65.5,-54.1,1.2,-1.0,RS41-SG,404.900,8.1,-225,12,2.5,-1,-1
2025-04-30T00:26:47.999Z,W2020376,6758,45.39737,8.58877,27263.7,6.1,5.7,63.3,-54.2,1.3,-1.0,RS41-SG,404.900,7.9,-225,12,2.5,-1,-1
2025-04-30T00:26:48.999Z,W2020376,6759,45.39739,8.58883,27270.4,7.2,5.2,71.3,-54.1,1.2,-1.0,RS41-SG,404.900,8.6,-225,12,2.5,-1,-1
2025-04-30T00:26:49.999Z,W2020376,6760,45.39740,8.58889,27276.9,6.0,4.6,79.8,-54.1,1.2,-1.0,RS41-SG,404.900,8.8,-225,12,2.6,-1,-1
2025-04-30T00:26:50.999Z,W2020376,6761,45.39741,8.58895,27283.1,6.1,3.7,81.1,-54.1,1.2,-1.0,RS41-SG,404.900,8.8,-225,12,2.6,-1,-1
2025-04-30T00:26:51.999Z,W2020376,6762,45.39741,8.58898,27289.8,7.0,2.9,66.2,-54.1,1.2,-1.0,RS41-SG,404.900,8.2,-225,12,2.5,-1,-1
2025-04-30T00:26:53.999Z,W2020376,6764,45.39745,8.58904,27301.9,5.4,3.5,36.7,-54.1,1.3,-1.0,RS41-SG,404.900,8.4,-225,12,2.5,-1,-1
2025-04-30T00:26:54.999Z,W2020376,6765,45.39748,8.58907,27307.7,6.1,4.1,43.1,-54.1,1.3,-1.0,RS41-SG,404.900,8.4,-225,12,2.6,-1,-1
2025-04-30T00:26:59.999Z,W2020376,6770,45.39756,8.58946,27338.8,7.2,8.6,74.0,-54.3,1.3,-1.0,RS41-SG,404.900,7.8,-225,12,2.5,-1,-1
2025-04-30T00:27:01.999Z,W2020376,6772,45.39761,8.58966,27351.2,5.9,8.3,68.1,-54.4,1.3,-1.0,RS41-SG,404.900,8.9,-225,12,2.6,-1,-1
2025-04-30T00:27:02.999Z,W2020376,6773,45.39764,8.58976,27357.7,7.0,7.7,71.0,-54.4,1.3,-1.0,RS41-SG,404.900,8.9,-225,12,2.5,-1,-1
2025-04-30T00:27:08.999Z,W2020376,6779,45.39767,8.59019,27394.9,5.8,3.7,78.1,-54.5,1.3,-1.0,RS41-SG,404.900,9.1,-225,12,2.5,-1,-1
2025-04-30T00:27:09.999Z,W2020376,6780,45.39768,8.59024,27401.0,6.4,3.7,84.7,-54.5,1.3,-1.0,RS41-SG,404.900,9.1,-225,12,2.5,-1,-1
2025-04-30T00:27:11.999Z,W2020376,6782,45.39767,8.59035,27413.2,4.8,5.4,102.4,-54.6,1.3,-1.0,RS41-SG,404.900,8.5,-225,12,2.6,-1,-1
2025-04-30T00:27:13.999Z,W2020376,6784,45.39765,8.59050,27422.8,6.2,6.1,97.9,-54.5,1.3,-1.0,RS41-SG,404.900,8.6,-225,12,2.5,-1,-1
2025-04-30T00:27:15.999Z,W2020376,6786,45.39765,8.59064,27436.1,5.9,5.5,77.3,-54.5,1.3,-1.0,RS41-SG,404.900,8.1,-225,12,2.5,-1,-1
2025-04-30T00:27:21.999Z,W2020376,6792,45.39773,8.59105,27472.7,6.7,4.4,71.7,-54.5,1.3,-1.0,RS41-SG,404.900,8.3,-225,12,2.5,-1,-1
2025-04-30T00:27:22.999Z,W2020376,6793,45.39775,8.59110,27478.9,5.3,3.9,60.8,-54.6,1.2,-1.0,RS41-SG,404.900,8.7,-225,12,2.5,-1,-1
2025-04-30T00:27:23.999Z,W2020376,6794,45.39776,8.59114,27484.4,5.8,3.4,60.0,-54.6,1.3,-1.0,RS41-SG,404.900,8.7,-225,12,2.6,-1,-1
2025-04-30T00:27:24.999Z,W2020376,6795,45.39777,8.59118,27490.7,6.7,3.3,74.8,-54.6,1.3,-1.0,RS41-SG,404.900,8.2,-225,12,2.6,-1,-1
2025-04-30T00:27:28.999Z,W2020376,6799,45.39774,8.59138,27513.5,6.7,4.2,105.9,-54.8,1.3,-1.0,RS41-SG,404.900,7.8,-225,12,2.6,-1,-1
2025-04-30T00:27:29.999Z,W2020376,6800,45.39773,8.59143,27520.0,6.0,3.5,94.8,-54.8,1.3,-1.0,RS41-SG,404.900,8.5,-225,12,2.6,-1,-1
2025-04-30T00:27:31.999Z,W2020376,6802,45.39774,8.59151,27530.9,5.6,3.1,71.2,-54.9,1.3,-1.0,RS41-SG,404.900,7.9,-225,12,2.5,-1,-1
2025-04-30T00:27:33.999Z,W2020376,6804,45.39775,8.59159,27542.9,5.4,4.0,80.6,-55.0,1.3,-1.0,RS41-SG,404.900,7.8,-225,12,2.5,-1,-1
2025-04-30T00:27:38.999Z,W2020376,6809,45.39785,8.59190,27570.8,5.2,6.4,52.8,-55.0,1.3,-1.0,RS41-SG,404.900,8.1,-225,12,2.5,-1,-1
2025-04-30T00:27:39.999Z,W2020376,6810,45.39788,8.59196,27576.4,5.8,6.3,59.2,-55.0,1.3,-1.0,RS41-SG,404.900,8.2,-225,12,2.5,-1,-1
2025-04-30T00:27:44.999Z,W2020376,6815,45.39795,8.59233,27604.3,6.5,4.3,65.8,-54.8,1.3,-1.0,RS41-SG,404.900,8.0,-225,11,2.5,-1,-1
2025-04-30T00:27:46.999Z,W2020376,6817,45.39799,8.59239,27615.2,4.4,3.3,17.5,-54.8,1.3,-1.0,RS41-SG,404.900,8.0,-225,12,2.6,-1,-1
2025-04-30T00:27:49.999Z,W2020376,6820,45.39806,8.59239,27631.7,5.0,1.6,0.2,-54.8,1.3,-1.0,RS41-SG,404.900,8.3,-225,12,2.5,-1,-1
2025-04-30T00:28:01.999Z,W2020376,6832,45.39856,8.59294,27698.6,4.8,6.5,20.7,-54.3,1.2,-1.0,RS41-SG,404.900,8.5,-225,12,2.5,-1,-1
2025-04-30T00:28:03.999Z,W2020376,6834,45.39866,8.59299,27710.2,6.8,5.3,27.5,-54.1,1.2,-1.0,RS41-SG,404.900,8.1,-225,12,2.6,-1,-1
2025-04-30T00:28:15.999Z,W2020376,6846,45.39917,8.59379,27774.5,5.2,8.8,50.1,-53.2,1.2,-1.0,RS41-SG,404.900,7.4,-225,12,2.5,-1,-1
2025-04-30T00:28:50.999Z,W2020376,6881,45.40075,8.59495,27976.2,6.5,4.9,7.6,-52.7,1.1,-1.0,RS41-SG,404.900,8.2,-225,12,2.5,-1,-1
2025-04-30T00:28:59.999Z,W2020376,6890,45.40113,8.59517,28026.9,6.3,7.8,31.7,-52.4,1.1,-1.0,RS41-SG,404.900,8.6,-225,12,2.6,-1,-1
2025-04-30T00:29:01.999Z,W2020376,6892,45.40125,8.59528,28038.5,6.1,7.3,34.2,-52.4,1.1,-1.0,RS41-SG,404.900,7.9,-225,12,2.5,-1,-1
2025-04-30T00:29:09.999Z,W2020376,6900,45.40166,8.59562,28085.7,6.7,6.1,39.9,-52.0,1.1,-1.0,RS41-SG,404.900,7.3,-225,11,2.5,-1,-1
2025-04-30T00:29:10.999Z,W2020376,6901,45.40170,8.59567,28092.1,6.2,6.9,35.1,-52.0,1.1,-1.0,RS41-SG,404.900,8.3,-225,12,2.6,-1,-1
2025-04-30T00:29:11.999Z,W2020376,6902,45.40176,8.59572,28097.5,5.0,7.7,31.9,-52.0,1.1,-1.0,RS41-SG,404.900,8.3,-225,12,2.6,-1,-1
2025-04-30T00:29:39.999Z,W2020376,6930,45.40347,8.59716,28255.6,5.2,9.6,42.5,-52.1,1.1,-1.0,RS41-SG,404.900,7.9,-225,12,2.6,-1,-1
2025-04-30T00:30:31.999Z,W2020376,6982,45.40684,8.59996,28564.9,6.1,4.4,12.1,-52.4,1.2,-1.0,RS41-SG,404.900,8.0,-225,12,2.5,-1,-1
2025-04-30T00:30:55.999Z,W2020376,7006,45.40791,8.60135,28708.3,7.0,8.2,41.7,-52.3,1.2,-1.0,RS41-SG,404.900,8.3,-225,12,2.5,-1,-1
2025-04-30T00:31:14.999Z,W2020376,7025,45.40859,8.60317,28822.7,4.9,11.8,66.6,-51.5,1.1,-1.0,RS41-SG,404.900,7.7,-225,12,2.6,-1,-1
2025-04-30T00:32:14.999Z,W2020376,7085,45.40898,8.61112,29182.7,5.0,16.3,109.5,-50.3,1.0,-1.0,RS41-SG,404.900,7.6,-225,12,2.6,-1,-1
2025-04-30T00:32:40.999Z,W2020376,7111,45.40865,8.61407,29344.1,6.3,12.0,87.8,-49.4,1.0,-1.0,RS41-SG,404.900,8.0,-225,12,2.5,-1,-1
2025-04-30T00:32:51.999Z,W2020376,7122,45.40849,8.61553,29411.8,5.5,7.5,98.7,-49.0,1.0,-1.0,RS41-SG,404.900,8.9,-225,12,2.5,-1,-1
2025-04-30T00:32:59.999Z,W2020376,7130,45.40824,8.61658,29460.9,5.5,13.3,110.6,-48.9,0.9,-1.0,RS41-SG,404.900,7.6,-225,12,2.6,-1,-1
2025-04-30T00:33:01.999Z,W2020376,7132,45.40816,8.61691,29473.6,7.2,14.6,110.6,-48.9,1.0,-1.0,RS41-SG,404.900,9.0,-225,12,2.5,-1,-1
2025-04-30T00:33:03.999Z,W2020376,7134,45.40806,8.61726,29486.5,6.0,14.7,115.4,-48.9,1.0,-1.0,RS41-SG,404.900,9.0,-225,12,2.5,-1,-1
2025-04-30T00:33:05.999Z,W2020376,7136,45.40794,8.61755,29499.5,6.9,11.4,123.1,-48.7,0.9,-1.0,RS41-SG,404.900,8.6,-225,12,2.6,-1,-1
2025-04-30T00:33:06.999Z,W2020376,7137,45.40789,8.61766,29505.8,5.6,9.9,129.2,-48.6,0.9,-1.0,RS41-SG,404.900,8.9,-225,12,2.5,-1,-1
2025-04-30T00:33:08.999Z,W2020376,7139,45.40777,8.61782,29516.9,6.4,9.4,141.8,-48.6,0.9,-1.0,RS41-SG,404.900,8.5,-225,12,2.5,-1,-1
2025-04-30T00:33:09.999Z,W2020376,7140,45.40770,8.61790,29523.8,7.3,10.9,143.8,-48.5,0.9,-1.0,RS41-SG,404.900,8.5,-225,12,2.6,-1,-1
2025-04-30T00:33:10.999Z,W2020376,7141,45.40761,8.61799,29530.5,6.0,12.5,141.9,-48.5,0.9,-1.0,RS41-SG,404.900,8.4,-225,12,2.6,-1,-1
2025-04-30T00:33:14.999Z,W2020376,7145,45.40726,8.61849,29555.2,6.5,13.6,127.9,-48.5,1.0,-1.0,RS41-SG,404.900,9.3,-225,12,2.5,-1,-1
2025-04-30T00:33:15.999Z,W2020376,7146,45.40719,8.61862,29561.3,5.7,13.0,124.2,-48.5,1.0,-1.0,RS41-SG,404.900,8.7,-225,12,2.6,-1,-1
2025-04-30T00:33:16.999Z,W2020376,7147,45.40712,8.61876,29567.1,5.9,12.8,120.9,-48.5,1.0,-1.0,RS41-SG,404.900,8.9,-225,12,2.6,-1,-1
2025-04-30T00:33:23.999Z,W2020376,7154,45.40672,8.61965,29612.0,4.8,8.2,133.2,-48.1,0.9,-1.0,RS41-SG,404.900,9.2,-225,12,2.5,-1,-1
2025-04-30T00:33:25.999Z,W2020376,7156,45.40661,8.61980,29623.5,7.1,9.3,137.3,-48.1,0.9,-1.0,RS41-SG,404.900,9.1,-225,12,2.5,-1,-1
2025-04-30T00:33:29.999Z,W2020376,7160,45.40633,8.62022,29649.2,7.3,11.8,131.2,-48.0,0.9,-1.0,RS41-SG,404.900,9.3,-225,12,2.5,-1,-1
2025-04-30T00:33:31.999Z,W2020376,7162,45.40620,8.62043,29661.6,5.2,10.2,126.8,-47.9,0.9,-1.0,RS41-SG,404.900,8.1,-225,12,2.6,-1,-1
2025-04-30T00:33:33.999Z,W2020376,7164,45.40610,8.62065,29673.5,6.9,10.5,123.4,-47.9,0.9,-1.0,RS41-SG,404.900,9.2,-225,12,2.5,-1,-1
2025-04-30T00:33:34.999Z,W2020376,7165,45.40605,8.62076,29680.1,6.2,11.2,123.1,-47.9,0.9,-1.0,RS41-SG,404.900,9.2,-225,12,2.5,-1,-1
2025-04-30T00:33:35.999Z,W2020376,7166,45.40599,8.62088,29686.3,5.8,11.3,123.4,-47.9,0.9,-1.0,RS41-SG,404.900,8.9,-225,12,2.5,-1,-1
2025-04-30T00:33:38.999Z,W2020376,7169,45.40584,8.62118,29706.4,6.2,7.8,133.0,-48.0,1.0,-1.0,RS41-SG,404.900,9.3,-225,12,2.6,-1,-1
2025-04-30T00:33:39.999Z,W2020376,7170,45.40579,8.62125,29712.4,5.6,7.2,138.3,-48.1,0.9,-1.0,RS41-SG,404.900,9.3,-225,12,2.5,-1,-1
2025-04-30T00:33:40.999Z,W2020376,7171,45.40574,8.62130,29718.4,6.3,7.6,144.2,-48.1,0.9,-1.0,RS41-SG,404.900,8.7,-225,12,2.5,-1,-1
2025-04-30T00:33:41.999Z,W2020376,7172,45.40568,8.62136,29725.1,6.8,8.9,144.3,-48.2,1.0,-1.0,RS41-SG,404.900,10.0,-225,12,2.5,-1,-1
2025-04-30T00:33:42.999Z,W2020376,7173,45.40561,8.62144,29731.9,6.3,10.5,142.9,-48.2,1.0,-1.0,RS41-SG,404.900,10.0,-225,12,2.6,-1,-1
2025-04-30T00:33:44.999Z,W2020376,7175,45.40545,8.62163,29742.9,5.0,12.1,136.9,-48.3,1.0,-1.0,RS41-SG,404.900,8.1,-225,12,2.5,-1,-1
2025-04-30T00:33:45.999Z,W2020376,7176,45.40537,8.62173,29748.6,6.3,11.8,132.7,-48.4,1.0,-1.0,RS41-SG,404.900,8.5,-225,12,2.5,-1,-1
2025-04-30T00:33:48.999Z,W2020376,7179,45.40521,8.62203,29766.6,4.9,8.1,125.5,-48.5,1.0,-1.0,RS41-SG,404.900,8.6,-225,12,2.6,-1,-1
2025-04-30T00:33:49.999Z,W2020376,7180,45.40517,8.62211,29771.9,5.8,7.7,126.2,-48.5,1.0,-1.0,RS41-SG,404.900,8.8,-225,12,2.6,-1,-1
2025-04-30T00:33:50.999Z,W2020376,7181,45.40512,8.62219,29778.3,6.8,8.3,130.4,-48.6,1.0,-1.0,RS41-SG,404.900,8.8,-225,12,2.5,-1,-1
2025-04-30T00:33:52.999Z,W2020376,7183,45.40502,8.62236,29789.8,4.9,9.4,134.2,-48.7,1.0,-1.0,RS41-SG,404.900,8.6,-225,12,2.5,-1,-1
2025-04-30T00:33:53.999Z,W2020376,7184,45.40496,8.62244,29795.0,5.7,8.9,134.2,-48.7,1.0,-1.0,RS41-SG,404.900,8.6,-225,12,2.6,-1,-1
2025-04-30T00:33:54.999Z,W2020376,7185,45.40491,8.62252,29801.1,6.4,7.9,133.9,-48.8,1.0,-1.0,RS41-SG,404.900,7.7,-225,12,2.6,-1,-1
2025-04-30T00:33:58.999Z,W2020376,7189,45.40475,8.62274,29824.7,6.3,6.5,140.3,-48.7,1.0,-1.0,RS41-SG,404.900,8.6,-225,12,2.5,-1,-1
2025-04-30T00:34:00.999Z,W2020376,7191,45.40464,8.62287,29837.1,4.9,8.4,137.9,-48.7,1.0,-1.0,RS41-SG,404.900,8.5,-225,12,2.6,-1,-1
2025-04-30T00:34:04.999Z,W2020376,7195,45.40448,8.62317,29861.0,5.8,5.4,110.5,-48.4,1.0,-1.0,RS41-SG,404.900,8.3,-225,12,2.6,-1,-1
2025-04-30T00:34:06.999Z,W2020376,7197,45.40446,8.62328,29871.8,5.6,3.9,108.5,-48.2,0.9,-1.0,RS41-SG,404.900,8.4,-225,12,2.5,-1,-1
2025-04-30T00:34:08.999Z,W2020376,7199,45.40441,8.62336,29884.0,6.3,4.8,145.6,-48.0,0.9,-1.0,RS41-SG,404.900,7.8,-225,12,2.5,-1,-1
2025-04-30T00:34:13.999Z,W2020376,7204,45.40420,8.62351,29912.6,7.0,3.7,120.8,-47.9,0.9,-1.0,RS41-SG,404.900,7.9,-225,12,2.5,-1,-1
2025-04-30T00:34:15.999Z,W2020376,7206,45.40419,8.62362,29923.5,4.8,5.2,80.8,-47.9,0.9,-1.0,RS41-SG,404.900,8.2,-225,12,2.6,-1,-1
2025-04-30T00:34:18.999Z,W2020376,7209,45.40420,8.62386,29941.1,5.1,7.3,96.5,-47.8,0.9,-1.0,RS41-SG,404.900,7.8,-225,12,2.5,-1,-1
2025-04-30T00:34:19.999Z,W2020376,7210,45.40419,8.62395,29946.4,5.6,7.5,102.4,-47.7,0.9,-1.0,RS41-SG,404.900,7.8,-225,12,2.5,-1,-1
2025-04-30T00:34:21.999Z,W2020376,7212,45.40416,8.62413,29959.4,6.6,6.3,100.1,-47.5,0.9,-1.0,RS41-SG,404.900,8.2,-225,12,2.6,-1,-1
2025-04-30T00:34:23.999Z,W2020376,7214,45.40415,8.62426,29970.7,5.4,3.9,101.7,-47.4,0.9,-1.0,RS41-SG,404.900,8.1,-225,12,2.5,-1,-1
2025-04-30T00:34:29.999Z,W2020376,7220,45.40403,8.62442,30006.1,7.0,4.1,89.0,-47.3,0.9,-1.0,RS41-SG,404.900,8.2,-225,12,2.5,-1,-1
2025-04-30T00:34:31.999Z,W2020376,7222,45.40406,8.62456,30017.0,4.2,7.1,70.8,-47.3,0.9,-1.0,RS41-SG,404.900,7.2,-225,12,2.5,-1,-1
2025-04-30T00:34:34.999Z,W2020376,7225,45.40410,8.62488,30034.6,5.5,8.6,91.4,-47.2,0.9,-1.0,RS41-SG,404.900,8.1,-225,12,2.5,-1,-1
2025-04-30T00:34:35.999Z,W2020376,7226,45.40410,8.62498,30040.3,5.6,7.7,98.9,-47.2,0.9,-1.0,RS41-SG,404.900,8.7,-225,12,2.5,-1,-1
2025-04-30T00:34:38.999Z,W2020376,7229,45.40407,8.62517,30058.8,5.7,2.8,94.8,-47.2,0.9,-1.0,RS41-SG,404.900,7.9,-225,12,2.6,-1,-1
2025-04-30T00:34:39.999Z,W2020376,7230,45.40407,8.62520,30064.1,4.6,1.8,82.6,-47.2,0.9,-1.0,RS41-SG,404.900,7.9,-225,12,2.5,-1,-1
2025-04-30T00:34:49.999Z,W2020376,7240,45.40409,8.62571,30119.4,6.3,4.2,60.0,-47.3,0.9,-1.0,RS41-SG,404.900,8.2,-225,12,2.6,-1,-1
2025-04-30T00:34:50.999Z,W2020376,7241,45.40411,8.62575,30125.8,6.4,2.6,76.0,-47.4,0.9,-1.0,RS41-SG,404.900,7.9,-225,12,2.5,-1,-1
2025-04-30T00:34:52.999Z,W2020376,7243,45.40410,8.62581,30136.4,4.7,2.6,130.1,-47.4,0.9,-1.0,RS41-SG,404.900,7.9,-225,12,2.5,-1,-1
2025-04-30T00:34:54.999Z,W2020376,7245,45.40406,8.62587,30147.5,6.5,3.7,113.1,-47.4,0.9,-1.0,RS41-SG,404.900,7.8,-225,12,2.6,-1,-1
2025-04-30T00:34:58.999Z,W2020376,7249,45.40405,8.62614,30168.8,5.9,6.5,93.8,-47.5,0.9,-1.0,RS41-SG,404.900,8.0,-225,12,2.5,-1,-1
2025-04-30T00:35:02.999Z,W2020376,7253,45.40398,8.62643,30192.5,6.6,5.4,111.9,-47.5,0.9,-1.0,RS41-SG,404.900,9.9,-225,12,2.5,-1,-1
2025-04-30T00:35:05.999Z,W2020376,7256,45.40398,8.62658,30210.0,5.3,2.8,64.7,-47.4,0.9,-1.0,RS41-SG,404.900,7.9,-225,12,2.6,-1,-1
2025-04-30T00:35:06.999Z,W2020376,7257,45.40399,8.62661,30216.0,6.5,2.0,53.1,-47.4,0.9,-1.0,RS41-SG,404.900,7.6,-225,12,2.6,-1,-1
2025-04-30T00:35:08.999Z,W2020376,7259,45.40400,8.62664,30226.8,4.8,1.4,60.2,-47.3,0.9,-1.0,RS41-SG,404.900,7.6,-225,12,2.5,-1,-1
2025-04-30T00:35:12.999Z,W2020376,7263,45.40408,8.62679,30250.5,4.8,6.2,59.4,-47.2,0.9,-1.0,RS41-SG,404.900,9.2,-225,12,2.5,-1,-1
2025-04-30T00:35:13.999Z,W2020376,7264,45.40411,8.62687,30255.6,5.4,6.9,68.6,-47.1,0.9,-1.0,RS41-SG,404.900,8.2,-225,12,2.5,-1,-1
2025-04-30T00:35:14.999Z,W2020376,7265,45.40412,8.62695,30261.4,6.0,7.0,80.3,-47.1,0.9,-1.0,RS41-SG,404.900,8.5,-225,12,2.5,-1,-1
2025-04-30T00:35:16.999Z,W2020376,7267,45.40412,8.62712,30273.3,5.2,6.4,95.5,-47.2,0.9,-1.0,RS41-SG,404.900,7.2,-225,12,2.6,-1,-1
2025-04-30T00:35:19.999Z,W2020376,7270,45.40413,8.62731,30290.2,5.7,3.9,56.1,-47.2,0.9,-1.0,RS41-SG,404.900,8.0,-225,12,2.5,-1,-1
2025-04-30T00:35:20.999Z,W2020376,7271,45.40416,8.62735,30295.6,5.0,4.6,38.5,-47.2,0.9,-1.0,RS41-SG,404.900,8.2,-225,12,2.5,-1,-1
2025-04-30T00:35:28.999Z,W2020376,7279,45.40418,8.62786,30339.4,6.9,5.9,106.6,-47.0,0.9,-1.0,RS41-SG,404.900,7.4,-225,12,2.6,-1,-1
2025-04-30T00:35:29.999Z,W2020376,7280,45.40417,8.62793,30345.4,5.4,5.6,94.0,-47.0,0.9,-1.0,RS41-SG,404.900,7.4,-225,12,2.5,-1,-1
2025-04-30T00:35:31.999Z,W2020376,7282,45.40418,8.62808,30354.7,4.8,6.1,80.1,-47.0,0.9,-1.0,RS41-SG,404.900,7.8,-225,12,2.5,-1,-1
2025-04-30T00:35:32.999Z,W2020376,7283,45.40419,8.62816,30360.2,6.2,6.6,84.3,-47.0,0.9,-1.0,RS41-SG,404.900,8.5,-225,12,2.6,-1,-1
2025-04-30T00:35:33.999Z,W2020376,7284,45.40419,8.62824,30366.5,6.3,6.9,93.6,-47.0,0.9,-1.0,RS41-SG,404.900,8.5,-225,12,2.6,-1,-1
2025-04-30T00:35:35.999Z,W2020376,7286,45.40417,8.62843,30377.4,5.2,7.9,99.8,-46.9,0.9,-1.0,RS41-SG,404.900,7.8,-225,12,2.5,-1,-1
2025-04-30T00:35:36.999Z,W2020376,7287,45.40416,8.62853,30382.9,6.0,8.4,97.1,-46.9,0.9,-1.0,RS41-SG,404.900,7.9,-225,12,2.5,-1,-1
2025-04-30T00:35:38.999Z,W2020376,7289,45.40416,8.62875,30394.5,5.0,8.3,88.2,-46.9,0.9,-1.0,RS41-SG,404.900,8.0,-225,12,2.6,-1,-1
2025-04-30T00:35:39.999Z,W2020376,7290,45.40416,8.62885,30400.0,5.8,7.9,89.4,-46.9,0.9,-1.0,RS41-SG,404.900,8.1,-225,12,2.6,-1,-1
2025-04-30T00:35:40.999Z,W2020376,7291,45.40415,8.62894,30406.4,7.0,7.2,98.3,-46.9,0.9,-1.0,RS41-SG,404.900,8.1,-225,12,2.5,-1,-1
2025-04-30T00:35:41.999Z,W2020376,7292,45.40414,8.62903,30413.0,6.2,6.8,110.8,-46.9,0.9,-1.0,RS41-SG,404.900,8.4,-225,12,2.5,-1,-1
2025-04-30T00:36:03.999Z,W2020376,7314,45.40365,8.63090,30536.8,6.3,8.6,123.1,-46.8,0.9,-1.0,RS41-SG,404.900,9.1,-225,12,2.6,-1,-1
2025-04-30T00:36:08.999Z,W2020376,7319,45.40345,8.63147,30565.0,6.8,11.1,122.1,-46.8,0.9,-1.0,RS41-SG,404.900,7.4,-225,12,2.6,-1,-1
2025-04-30T00:36:09.999Z,W2020376,7320,45.40339,8.63158,30571.2,5.6,10.8,127.2,-46.9,0.9,-1.0,RS41-SG,404.900,7.4,-225,12,2.5,-1,-1
2025-04-30T00:36:13.999Z,W2020376,7324,45.40323,8.63192,30595.5,4.8,5.3,107.3,-47.0,0.9,-1.0,RS41-SG,404.900,7.7,-225,12,2.6,-1,-1
2025-04-30T00:36:20.999Z,W2020376,7331,45.40306,8.63228,30634.9,6.7,7.6,133.6,-47.0,0.9,-1.0,RS41-SG,404.900,8.9,-225,12,2.5,-1,-1
2025-04-30T00:36:22.999Z,W2020376,7333,45.40297,8.63244,30646.4,5.1,8.8,124.5,-47.0,0.9,-1.0,RS41-SG,404.900,7.9,-225,12,2.5,-1,-1
2025-04-30T00:36:23.999Z,W2020376,7334,45.40292,8.63254,30652.0,5.9,9.3,126.1,-46.9,0.9,-1.0,RS41-SG,404.900,7.7,-225,12,2.5,-1,-1
2025-04-30T00:36:24.999Z,W2020376,7335,45.40287,8.63263,30658.2,6.4,9.9,131.3,-46.9,0.9,-1.0,RS41-SG,404.900,8.1,-225,12,2.6,-1,-1
2025-04-30T00:36:27.999Z,W2020376,7338,45.40265,8.63288,30675.9,5.0,10.0,144.9,-46.7,0.8,-1.0,RS41-SG,404.900,8.6,-225,12,2.5,-1,-1
2025-04-30T00:36:28.999Z,W2020376,7339,45.40259,8.63295,30681.3,5.5,9.1,141.5,-46.6,0.8,-1.0,RS41-SG,404.900,8.1,-225,12,2.5,-1,-1
2025-04-30T00:36:31.999Z,W2020376,7342,45.40246,8.63319,30698.9,5.7,7.0,111.2,-46.5,0.8,-1.0,RS41-SG,404.900,8.3,-225,12,2.5,-1,-1
2025-04-30T00:36:32.999Z,W2020376,7343,45.40244,8.63327,30704.4,5.3,6.4,106.9,-46.5,0.8,-1.0,RS41-SG,404.900,8.9,-225,12,2.5,-1,-1
2025-04-30T00:36:33.999Z,W2020376,7344,45.40242,8.63334,30709.9,5.8,5.9,114.6,-46.4,0.8,-1.0,RS41-SG,404.900,8.9,-225,12,2.5,-1,-1
2025-04-30T00:36:36.999Z,W2020376,7347,45.40226,8.63350,30728.0,5.4,10.5,159.4,-46.5,0.9,-1.0,RS41-SG,404.900,8.1,-225,12,2.6,-1,-1
2025-04-30T00:36:41.999Z,W2020376,7352,45.40175,8.63389,30756.8,5.2,11.7,138.2,-46.6,0.9,-1.0,RS41-SG,404.900,7.7,-225,12,2.5,-1,-1
2025-04-30T00:36:43.999Z,W2020376,7354,45.40162,8.63408,30766.6,5.4,9.0,130.7,-46.6,0.9,-1.0,RS41-SG,404.900,7.7,-225,12,2.6,-1,-1
2025-04-30T00:36:53.999Z,W2020376,7364,45.40109,8.63480,30824.1,6.2,11.4,133.1,-46.3,0.9,-1.0,RS41-SG,404.900,7.7,-225,12,2.6,-1,-1
2025-04-30T00:40:53.999Z,W2020376,7604,45.39895,8.64998,32270.0,4.4,2.4,25.9,-43.9,0.7,-1.0,RS41-SG,404.900,8.2,-225,12,2.5,-1,-1
2025-04-30T00:41:18.999Z,W2020376,7629,45.39986,8.65060,32406.1,5.1,9.7,40.3,-43.1,0.7,-1.0,RS41-SG,404.900,8.4,-225,11,2.5,-1,-1
2025-04-30T00:41:20.999Z,W2020376,7631,45.39999,8.65079,32416.2,5.1,10.9,47.4,-43.1,0.7,-1.0,RS41-SG,404.900,8.5,-225,11,2.5,-1,-1
2025-04-30T00:41:21.999Z,W2020376,7632,45.40006,8.65088,32421.7,5.8,10.0,42.1,-43.1,0.7,-1.0,RS41-SG,404.900,7.9,-225,11,2.6,-1,-1
2025-04-30T00:41:24.999Z,W2020376,7635,45.40025,8.65096,32440.0,4.8,7.4,339.7,-43.2,0.7,-1.0,RS41-SG,404.900,8.3,-225,11,2.5,-1,-1
2025-04-30T00:41:34.999Z,W2020376,7645,45.40079,8.65107,32493.5,5.7,11.3,35.9,-42.9,0.7,-1.0,RS41-SG,404.900,8.1,-225,11,2.6,-1,-1
2025-04-30T00:41:51.999Z,W2020376,7662,45.40199,8.65167,32589.0,6.7,9.8,19.4,-41.6,0.7,-1.0,RS41-SG,404.900,7.7,-225,11,2.5,-1,-1
2025-04-30T00:41:53.999Z,W2020376,7664,45.40216,8.65170,32600.8,4.6,9.4,352.1,-41.5,0.7,-1.0,RS41-SG,404.900,8.4,-225,11,2.6,-1,-1
2025-04-30T00:41:59.999Z,W2020376,7670,45.40263,8.65163,32633.3,4.9,9.1,19.8,-41.3,0.6,-1.0,RS41-SG,404.900,7.8,-225,11,2.6,-1,-1
2025-04-30T00:42:02.999Z,W2020376,7673,45.40289,8.65177,32650.2,6.0,11.4,15.5,-41.2,0.6,-1.0,RS41-SG,404.900,8.5,-225,11,2.5,-1,-1
2025-04-30T00:42:03.999Z,W2020376,7674,45.40299,8.65180,32655.7,4.8,11.9,10.6,-41.2,0.6,-1.0,RS41-SG,404.900,8.4,-225,11,2.5,-1,-1
2025-04-30T00:42:09.999Z,W2020376,7680,45.40358,8.65194,32688.0,5.1,9.6,12.4,-41.1,0.6,-1.0,RS41-SG,404.900,7.5,-225,10,2.5,-1,-1
2025-04-30T00:42:11.999Z,W2020376,7682,45.40375,8.65197,32699.3,6.2,9.8,357.7,-40.9,0.6,-1.0,RS41-SG,404.900,8.2,-225,10,2.6,-1,-1
2025-04-30T00:42:12.999Z,W2020376,7683,45.40384,8.65195,32705.6,6.3,11.1,348.9,-40.8,0.6,-1.0,RS41-SG,404.900,9.0,-225,10,2.5,-1,-1
2025-04-30T00:42:18.999Z,W2020376,7689,45.40458,8.65183,32739.4,4.4,15.7,8.7,-40.2,0.6,-1.0,RS41-SG,404.900,8.0,-225,10,2.6,-1,-1
2025-04-30T00:42:21.999Z,W2020376,7692,45.40502,8.65194,32755.3,6.3,17.0,7.9,-40.1,0.6,-1.0,RS41-SG,404.900,8.6,-225,10,2.5,-1,-1
2025-04-30T00:42:23.999Z,W2020376,7694,45.40532,8.65196,32768.3,6.4,16.9,357.3,-39.9,0.6,-1.0,RS41-SG,404.900,8.0,-225,10,2.6,-1,-1
2025-04-30T00:42:27.999Z,W2020376,7698,45.40584,8.65184,32791.5,6.0,11.9,348.1,-39.7,0.6,-1.0,RS41-SG,404.900,8.4,-225,10,2.5,-1,-1
2025-04-30T00:42:30.999Z,W2020376,7701,45.40611,8.65179,32808.6,6.2,9.3,357.0,-39.6,0.6,-1.0,RS41-SG,404.900,7.4,-225,10,2.5,-1,-1
2025-04-30T00:42:35.999Z,W2020376,7706,45.40677,8.65178,32836.2,4.3,21.5,3.6,-39.2,0.6,-1.0,RS41-SG,404.900,7.0,-225,10,2.5,-1,-1
2025-04-30T00:42:39.999Z,W2020376,7710,45.40752,8.65199,32860.3,6.7,17.2,19.9,-39.0,0.5,-1.0,RS41-SG,404.900,7.3,-225,10,2.6,-1,-1
2025-04-30T00:42:40.999Z,W2020376,7711,45.40764,8.65206,32866.7,5.9,13.5,23.9,-38.9,0.6,-1.0,RS41-SG,404.900,7.8,-225,10,2.6,-1,-1
2025-04-30T00:42:41.999Z,W2020376,7712,45.40774,8.65212,32872.0,4.8,9.7,26.1,-38.9,0.6,-1.0,RS41-SG,404.900,7.8,-225,10,2.6,-1,-1
2025-04-30T00:42:42.999Z,W2020376,7713,45.40780,8.65216,32876.6,4.3,6.5,22.6,-38.8,0.5,-1.0,RS41-SG,404.900,8.9,-225,10,2.5,-1,-1
2025-04-30T00:42:51.999Z,W2020376,7722,45.40895,8.65247,32924.5,6.8,21.2,28.6,-38.4,0.6,-1.0,RS41-SG,404.900,8.5,-225,10,2.6,-1,-1
2025-04-30T00:42:52.999Z,W2020376,7723,45.40910,8.65260,32931.6,7.2,17.9,33.3,-38.3,0.6,-1.0,RS41-SG,404.900,8.5,-225,10,2.6,-1,-1
2025-04-30T00:42:53.999Z,W2020376,7724,45.40922,8.65271,32938.4,6.2,14.1,37.7,-38.2,0.6,-1.0,RS41-SG,404.900,8.5,-225,10,2.5,-1,-1
2025-04-30T00:42:54.999Z,W2020376,7725,45.40930,8.65281,32943.8,4.5,10.4,41.6,-38.2,0.5,-1.0,RS41-SG,404.900,8.5,-225,10,2.5,-1,-1
2025-04-30T00:42:55.999Z,W2020376,7726,45.40936,8.65289,32947.9,3.7,7.1,43.8,-38.1,0.6,-1.0,RS41-SG,404.900,8.2,-225,10,2.5,-1,-1
2025-04-30T00:42:56.999Z,W2020376,7727,45.40940,8.65294,32952.1,4.5,4.8,39.3,-38.1,0.6,-1.0,RS41-SG,404.900,8.1,-225,10,2.6,-1,-1
2025-04-30T00:43:00.999Z,W2020376,7731,45.40966,8.65305,32979.0,6.4,13.9,12.9,-38.1,0.6,-1.0,RS41-SG,404.900,8.5,-225,10,2.5,-1,-1
2025-04-30T00:43:01.999Z,W2020376,7732,45.40980,8.65310,32984.6,4.7,17.4,13.1,-38.2,0.6,-1.0,RS41-SG,404.900,8.5,-225,10,2.5,-1,-1
2025-04-30T00:43:02.999Z,W2020376,7733,45.40996,8.65315,32988.9,3.8,19.7,13.2,-38.2,0.6,-1.0,RS41-SG,404.900,8.2,-225,10,2.6,-1,-1
2025-04-30T00:43:03.999Z,W2020376,7734,45.41014,8.65321,32993.4,5.0,20.8,13.8,-38.2,0.6,-1.0,RS41-SG,404.900,7.9,-225,10,2.6,-1,-1
2025-04-30T00:43:05.999Z,W2020376,7736,45.41046,8.65334,33006.6,7.4,16.2,18.1,-38.2,0.6,-1.0,RS41-SG,404.900,7.9,-225,10,2.5,-1,-1
2025-04-30T00:43:06.999Z,W2020376,7737,45.41058,8.65340,33013.4,6.3,12.5,24.0,-38.2,0.6,-1.0,RS41-SG,404.900,7.9,-225,10,2.5,-1,-1
2025-04-30T00:43:07.999Z,W2020376,7738,45.41067,8.65347,33019.1,4.8,9.5,33.4,-38.2,0.6,-1.0,RS41-SG,404.900,7.9,-225,10,2.5,-1,-1
2025-04-30T00:43:08.999Z,W2020376,7739,45.41073,8.65354,33023.4,3.6,7.4,47.3,-38.2,0.6,-1.0,RS41-SG,404.900,8.6,-225,10,2.5,-1,-1
2025-04-30T00:43:14.999Z,W2020376,7745,45.41111,8.65394,33056.4,4.3,15.5,11.7,-38.4,0.6,-1.0,RS41-SG,404.900,8.6,-225,10,2.6,-1,-1
2025-04-30T00:43:15.999Z,W2020376,7746,45.41126,8.65397,33060.5,4.0,17.3,6.3,-38.4,0.6,-1.0,RS41-SG,404.900,8.5,-225,10,2.6,-1,-1
2025-04-30T00:43:20.999Z,W2020376,7751,45.41188,8.65409,33091.2,4.9,8.8,34.6,-38.5,0.6,-1.0,RS41-SG,404.900,9.4,-225,10,2.6,-1,-1
2025-04-30T00:43:21.999Z,W2020376,7752,45.41194,8.65417,33095.6,3.9,8.5,53.8,-38.5,0.6,-1.0,RS41-SG,404.900,9.4,-225,10,2.5,-1,-1
2025-04-30T00:43:22.999Z,W2020376,7753,45.41198,8.65427,33099.8,4.5,9.3,65.1,-38.5,0.6,-1.0,RS41-SG,404.900,8.2,-225,10,2.5,-1,-1
2025-04-30T00:43:27.999Z,W2020376,7758,45.41235,8.65471,33129.3,4.2,13.9,9.8,-38.6,0.6,-1.0,RS41-SG,404.900,8.1,-225,10,2.6,-1,-1
2025-04-30T00:43:28.999Z,W2020376,7759,45.41248,8.65473,33133.6,4.3,14.6,0.7,-38.7,0.6,-1.0,RS41-SG,404.900,8.1,-225,10,2.5,-1,-1
2025-04-30T00:43:29.999Z,W2020376,7760,45.41261,8.65472,33138.6,5.7,14.1,355.4,-38.7,0.6,-1.0,RS41-SG,404.900,9.2,-225,10,2.5,-1,-1
2025-04-30T00:43:30.999Z,W2020376,7761,45.41272,8.65471,33144.8,6.8,12.6,355.3,-38.7,0.6,-1.0,RS41-SG,404.900,9.2,-225,10,2.5,-1,-1
2025-04-30T00:43:31.999Z,W2020376,7762,45.41283,8.65471,33151.9,7.2,10.4,2.8,-38.7,0.6,-1.0,RS41-SG,404.900,7.9,-225,10,2.5,-1,-1
2025-04-30T00:43:38.999Z,W2020376,7769,45.41338,8.65540,33192.0,6.4,15.9,35.8,-38.8,0.6,-1.0,RS41-SG,404.900,7.7,-225,10,2.6,-1,-1
2025-04-30T00:43:39.999Z,W2020376,7770,45.41350,8.65550,33198.2,6.0,15.4,26.0,-38.8,0.6,-1.0,RS41-SG,404.900,8.2,-225,10,2.5,-1,-1
2025-04-30T00:43:40.999Z,W2020376,7771,45.41362,8.65557,33203.9,5.4,14.3,17.2,-38.9,0.6,-1.0,RS41-SG,404.900,8.7,-225,10,2.5,-1,-1
2025-04-30T00:43:41.999Z,W2020376,7772,45.41374,8.65561,33209.3,5.1,12.5,8.5,-38.9,0.6,-1.0,RS41-SG,404.900,8.7,-225,10,2.5,-1,-1
2025-04-30T00:43:42.999Z,W2020376,7773,45.41384,8.65563,33214.5,5.4,10.1,3.1,-38.9,0.6,-1.0,RS41-SG,404.900,8.0,-225,10,2.6,-1,-1
2025-04-30T00:43:50.999Z,W2020376,7781,45.41433,8.65630,33260.0,5.2,16.3,38.1,-38.9,0.6,-1.0,RS41-SG,404.900,7.8,-225,10,2.5,-1,-1
2025-04-30T00:43:51.999Z,W2020376,7782,45.41445,8.65642,33265.1,5.0,16.2,30.7,-38.9,0.6,-1.0,RS41-SG,404.900,8.0,-225,10,2.5,-1,-1
2025-04-30T00:43:52.999Z,W2020376,7783,45.41457,8.65651,33270.3,5.7,14.8,23.8,-38.9,0.6,-1.0,RS41-SG,404.900,8.2,-225,10,2.6,-1,-1
2025-04-30T00:43:53.999Z,W2020376,7784,45.41469,8.65657,33276.4,6.3,12.5,19.7,-38.9,0.6,-1.0,RS41-SG,404.900,8.2,-225,10,2.6,-1,-1
2025-04-30T00:43:55.999Z,W2020376,7786,45.41485,8.65666,33289.0,6.0,7.2,26.1,-38.9,0.6,-1.0,RS41-SG,404.900,8.4,-225,10,2.5,-1,-1
2025-04-30T00:43:56.999Z,W2020376,7787,45.41490,8.65670,33294.4,4.9,5.7,41.2,-38.9,0.6,-1.0,RS41-SG,404.900,8.4,-225,10,2.5,-1,-1
2025-04-30T00:44:01.999Z,W2020376,7792,45.41513,8.65714,33322.3,5.0,13.0,42.6,-38.8,0.6,-1.0,RS41-SG,404.900,8.9,-225,10,2.5,-1,-1
2025-04-30T00:44:02.999Z,W2020376,7793,45.41522,8.65725,33327.1,4.6,14.2,37.3,-38.8,0.6,-1.0,RS41-SG,404.900,8.9,-225,10,2.5,-1,-1
2025-04-30T00:44:03.999Z,W2020376,7794,45.41533,8.65735,33332.1,5.5,14.6,33.0,-38.8,0.6,-1.0,RS41-SG,404.900,8.8,-225,10,2.6,-1,-1
2025-04-30T00:44:04.999Z,W2020376,7795,45.41543,8.65745,33338.4,7.0,13.6,31.1,-38.7,0.6,-1.0,RS41-SG,404.900,8.9,-225,10,2.6,-1,-1
2025-04-30T00:44:05.999Z,W2020376,7796,45.41553,8.65753,33345.4,6.9,11.9,30.4,-38.7,0.6,-1.0,RS41-SG,404.900,8.9,-225,10,2.6,-1,-1
2025-04-30T00:44:06.999Z,W2020376,7797,45.41562,8.65760,33351.5,5.3,10.1,30.2,-38.6,0.6,-1.0,RS41-SG,404.900,8.7,-225,10,2.5,-1,-1
2025-04-30T00:44:07.999Z,W2020376,7798,45.41569,8.65766,33356.5,4.8,8.4,29.0,-38.6,0.6,-1.0,RS41-SG,404.900,8.7,-225,10,2.5,-1,-1
2025-04-30T00:44:08.999Z,W2020376,7799,45.41575,8.65770,33361.5,5.2,7.0,24.6,-38.6,0.6,-1.0,RS41-SG,404.900,8.2,-225,10,2.5,-1,-1
2025-04-30T00:44:13.999Z,W2020376,7804,45.41604,8.65788,33391.2,6.3,8.3,40.0,-38.5,0.6,-1.0,RS41-SG,404.900,8.1,-225,10,2.5,-1,-1
2025-04-30T00:44:14.999Z,W2020376,7805,45.41610,8.65796,33397.4,6.2,9.1,51.8,-38.6,0.5,-1.0,RS41-SG,404.900,8.1,-225,10,2.5,-1,-1
2025-04-30T00:44:15.999Z,W2020376,7806,45.41615,8.65806,33403.0,5.0,10.0,58.9,-38.6,0.6,-1.0,RS41-SG,404.900,7.6,-225,10,2.6,-1,-1
2025-04-30T00:44:18.999Z,W2020376,7809,45.41630,8.65842,33419.0,6.3,11.6,52.2,-38.6,0.6,-1.0,RS41-SG,404.900,8.6,-225,10,2.5,-1,-1
2025-04-30T00:44:19.999Z,W2020376,7810,45.41637,8.65853,33425.3,6.1,11.7,44.3,-38.7,0.6,-1.0,RS41-SG,404.900,8.6,-225,10,2.5,-1,-1
2025-04-30T00:44:20.999Z,W2020376,7811,45.41645,8.65863,33430.9,5.2,11.5,37.4,-38.7,0.6,-1.0,RS41-SG,404.900,8.8,-225,10,2.6,-1,-1
2025-04-30T00:44:22.999Z,W2020376,7813,45.41661,8.65878,33442.2,6.2,9.2,31.5,-38.7,0.6,-1.0,RS41-SG,404.900,8.4,-225,10,2.5,-1,-1
2025-04-30T00:44:23.999Z,W2020376,7814,45.41667,8.65883,33448.6,6.4,7.3,35.5,-38.7,0.6,-1.0,RS41-SG,404.900,8.6,-225,10,2.5,-1,-1
2025-04-30T00:44:24.999Z,W2020376,7815,45.41671,8.65889,33454.5,5.3,5.9,44.2,-38.6,0.6,-1.0,RS41-SG,404.900,9.4,-225,10,2.5,-1,-1
2025-04-30T00:44:28.999Z,W2020376,7819,45.41684,8.65914,33475.9,6.5,8.0,47.2,-38.6,0.6,-1.0,RS41-SG,404.900,7.7,-225,10,2.5,-1,-1
2025-04-30T00:44:29.999Z,W2020376,7820,45.41690,8.65922,33481.9,5.5,9.5,39.2,-38.6,0.6,-1.0,RS41-SG,404.900,7.7,-225,10,2.5,-1,-1
2025-04-30T00:44:30.999Z,W2020376,7821,45.41697,8.65929,33487.0,4.7,10.9,34.4,-38.6,0.6,-1.0,RS41-SG,404.900,8.3,-225,10,2.6,-1,-1
2025-04-30T00:44:32.999Z,W2020376,7823,45.41714,8.65945,33496.8,5.6,11.4,30.5,-38.6,0.6,-1.0,RS41-SG,404.900,8.4,-225,10,2.5,-1,-1
2025-04-30T00:44:33.999Z,W2020376,7824,45.41723,8.65952,33502.7,5.9,10.3,30.7,-38.6,0.6,-1.0,RS41-SG,404.900,8.9,-225,10,2.5,-1,-1
2025-04-30T00:44:34.999Z,W2020376,7825,45.41730,8.65958,33508.7,5.9,8.7,32.1,-38.6,0.6,-1.0,RS41-SG,404.900,8.9,-225,10,2.5,-1,-1
2025-04-30T00:44:35.999Z,W2020376,7826,45.41736,8.65963,33514.1,5.1,7.2,33.2,-38.6,0.6,-1.0,RS41-SG,404.900,8.5,-225,10,2.6,-1,-1
2025-04-30T00:44:38.999Z,W2020376,7829,45.41750,8.65974,33528.9,5.5,6.4,17.9,-38.6,0.6,-1.0,RS41-SG,404.900,8.0,-225,10,2.5,-1,-1
2025-04-30T00:44:44.999Z,W2020376,7835,45.41800,8.66000,33562.3,5.5,10.4,34.1,-38.3,0.6,-1.0,RS41-SG,404.900,9.0,-225,10,2.5,-1,-1
2025-04-30T00:44:45.999Z,W2020376,7836,45.41807,8.66007,33567.9,5.6,9.1,43.5,-38.3,0.6,-1.0,RS41-SG,404.900,8.9,-225,10,2.6,-1,-1
2025-04-30T00:44:46.999Z,W2020376,7837,45.41812,8.66015,33573.4,5.4,7.6,53.2,-38.2,0.5,-1.0,RS41-SG,404.900,8.8,-225,10,2.6,-1,-1
2025-04-30T00:44:48.999Z,W2020376,7839,45.41818,8.66029,33583.4,5.0,5.1,57.1,-38.2,0.5,-1.0,RS41-SG,404.900,8.0,-225,10,2.5,-1,-1
2025-04-30T00:44:52.999Z,W2020376,7843,45.41840,8.66040,33604.7,4.8,11.3,8.1,-38.2,0.6,-1.0,RS41-SG,404.900,7.9,-225,10,2.5,-1,-1
2025-04-30T00:44:55.999Z,W2020376,7846,45.41875,8.66054,33620.0,5.9,14.2,25.8,-38.2,0.6,-1.0,RS41-SG,404.900,8.5,-225,10,2.6,-1,-1
2025-04-30T00:44:59.999Z,W2020376,7850,45.41907,8.66094,33625.7,-12.8,11.0,48.6,-38.2,0.5,-1.0,RS41-SG,404.900,8.2,-225,10,2.5,-1,-1
2025-04-30T00:45:00.999Z,W2020376,7851,45.41913,8.66104,33608.5,-21.7,10.4,48.5,-38.2,0.6,-1.0,RS41-SG,404.900,8.2,-225,10,2.6,-1,-1
2025-04-30T00:45:03.999Z,W2020376,7854,45.41930,8.66131,33509.7,-40.5,7.9,43.4,-37.9,0.5,-1.0,RS41-SG,404.900,8.3,-225,10,2.5,-1,-1
2025-04-30T00:45:04.999Z,W2020376,7855,45.41933,8.66134,33471.9,-35.3,1.5,255.5,-38.0,0.5,-1.0,RS41-SG,404.900,8.3,-225,10,2.5,-1,-1
2025-04-30T00:45:05.999Z,W2020376,7856,45.41932,8.66131,33436.6,-36.0,2.2,252.7,-38.0,0.5,-1.0,RS41-SG,404.900,8.1,-225,10,2.6,-1,-1
2025-04-30T00:45:12.999Z,W2020376,7863,45.41967,8.66164,33241.0,-33.2,15.5,40.4,-38.5,0.6,-1.0,RS41-SG,404.900,8.6,-225,10,2.5,-1,-1
2025-04-30T00:45:13.999Z,W2020376,7864,45.41978,8.66177,33206.4,-36.4,16.3,39.8,-38.5,0.6,-1.0,RS41-SG,404.900,9.5,-225,10,2.5,-1,-1
2025-04-30T00:45:14.999Z,W2020376,7865,45.41988,8.66190,33169.0,-39.5,16.0,41.5,-38.4,0.6,-1.0,RS41-SG,404.900,9.5,-225,10,2.5,-1,-1
2025-04-30T00:45:15.999Z,W2020376,7866,45.41999,8.66203,33128.6,-41.5,14.8,37.9,-38.3,0.6,-1.0,RS41-SG,404.900,9.6,-225,10,2.6,-1,-1
2025-04-30T00:45:16.999Z,W2020376,7867,45.42009,8.66213,33089.0,-37.9,12.8,37.4,-38.2,0.5,-1.0,RS41-SG,404.900,9.6,-225,10,2.6,-1,-1
2025-04-30T00:45:19.999Z,W2020376,7870,45.42031,8.66231,32973.5,-40.2,6.9,19.9,-37.8,0.5,-1.0,RS41-SG,404.900,8.1,-225,10,2.5,-1,-1
2025-04-30T00:46:29.999Z,W2020376,7940,45.42424,8.66741,30935.0,-29.2,12.2,214.6,-46.1,0.9,-1.0,RS41-SG,404.900,7.3,-225,9,2.5,-1,-1
2025-04-30T00:48:23.999Z,W2020376,8054,45.42554,8.67474,27825.9,-25.4,13.5,87.6,-52.2,1.1,-1.0,RS41-SG,404.900,7.8,-225,10,2.5,-1,-1
2025-04-30T00:48:31.999Z,W2020376,8062,45.42526,8.67558,27622.5,-25.5,5.1,158.2,-53.8,1.3,-1.0,RS41-SG,404.900,8.3,-225,10,2.6,-1,-1
2025-04-30T00:48:35.999Z,W2020376,8066,45.42514,8.67557,27519.9,-25.5,2.9,226.0,-54.4,1.3,-1.0,RS41-SG,404.900,8.8,-225,10,2.6,-1,-1
2025-04-30T00:48:36.999Z,W2020376,8067,45.42513,8.67554,27494.5,-25.6,2.3,253.6,-54.5,1.3,-1.0,RS41-SG,404.900,8.8,-225,10,2.6,-1,-1
2025-04-30T00:48:37.999Z,W2020376,8068,45.42512,8.67551,27469.2,-25.3,2.4,259.8,-54.4,1.3,-1.0,RS41-SG,404.900,9.0,-225,10,2.5,-1,-1
2025-04-30T00:48:38.999Z,W2020376,8069,45.42512,8.67548,27444.2,-25.2,3.1,267.0,-54.3,1.3,-1.0,RS41-SG,404.900,9.0,-225,9,2.5,-1,-1
2025-04-30T00:48:39.999Z,W2020376,8070,45.42512,8.67544,27419.2,-25.1,3.0,282.7,-54.2,1.3,-1.0,RS41-SG,404.900,8.8,-225,9,2.5,-1,-1
2025-04-30T00:48:41.999Z,W2020376,8072,45.42513,8.67537,27369.6,-25.0,2.6,276.8,-54.3,1.3,-1.0,RS41-SG,404.900,8.4,-225,10,2.6,-1,-1
2025-04-30T00:48:43.999Z,W2020376,8074,45.42514,8.67531,27319.9,-25.1,1.9,299.8,-54.2,1.2,-1.0,RS41-SG,404.900,8.5,-225,9,2.5,-1,-1
2025-04-30T00:48:49.999Z,W2020376,8080,45.42522,8.67522,27170.1,-24.5,3.9,347.4,-54.1,1.2,-1.0,RS41-SG,404.900,8.1,-225,9,2.5,-1,-1
2025-04-30T00:48:53.999Z,W2020376,8084,45.42545,8.67524,27072.1,-25.2,9.8,15.2,-53.7,1.2,-1.0,RS41-SG,404.900,7.5,-225,8,2.5,-1,-1
2025-04-30T00:48:54.999Z,W2020376,8085,45.42554,8.67528,27046.8,-25.3,11.3,18.9,-53.7,1.1,-1.0,RS41-SG,404.900,7.7,-225,9,2.5,-1,-1
2025-04-30T00:48:55.999Z,W2020376,8086,45.42564,8.67534,27021.5,-25.2,12.2,22.3,-53.7,1.2,-1.0,RS41-SG,404.900,8.6,-225,10,2.6,-1,-1
2025-04-30T00:48:56.999Z,W2020376,8087,45.42575,8.67541,26996.2,-25.2,13.6,27.1,-53.7,1.2,-1.0,RS41-SG,404.900,8.6,-225,10,2.6,-1,-1
2025-04-30T00:48:57.999Z,W2020376,8088,45.42585,8.67550,26971.0,-25.0,14.5,34.0,-53.8,1.2,-1.0,RS41-SG,404.900,9.6,-225,9,2.5,-1,-1
2025-04-30T00:48:59.999Z,W2020376,8090,45.42605,8.67575,26920.8,-24.9,14.8,48.4,-53.9,1.2,-1.0,RS41-SG,404.900,8.5,-225,9,2.5,-1,-1
2025-04-30T00:49:00.999Z,W2020376,8091,45.42613,8.67589,26895.9,-24.8,14.6,56.1,-53.9,1.1,-1.0,RS41-SG,404.900,8.5,-225,9,2.6,-1,-1
2025-04-30T00:49:01.999Z,W2020376,8092,45.42619,8.67605,26871.1,-24.6,14.3,64.7,-54.0,1.2,-1.0,RS41-SG,404.900,8.9,-225,10,2.6,-1,-1
2025-04-30T00:49:04.999Z,W2020376,8095,45.42626,8.67654,26797.5,-24.3,12.0,95.3,-54.4,1.2,-1.0,RS41-SG,404.900,9.1,-225,10,2.5,-1,-1
2025-04-30T00:49:05.999Z,W2020376,8096,45.42625,8.67668,26773.2,-24.3,10.7,107.7,-54.5,1.3,-1.0,RS41-SG,404.900,9.1,-225,10,2.6,-1,-1
2025-04-30T00:49:07.999Z,W2020376,8098,45.42616,8.67688,26724.0,-24.6,8.9,135.4,-54.5,1.2,-1.0,RS41-SG,404.900,9.1,-225,10,2.5,-1,-1
2025-04-30T00:49:08.999Z,W2020376,8099,45.42610,8.67695,26699.0,-25.0,7.3,150.4,-54.5,1.3,-1.0,RS41-SG,404.900,9.1,-225,10,2.5,-1,-1
2025-04-30T00:49:10.999Z,W2020376,8101,45.42600,8.67698,26649.6,-25.1,5.2,190.6,-54.9,1.3,-1.0,RS41-SG,404.900,8.1,-225,9,2.6,-1,-1
2025-04-30T00:49:20.999Z,W2020376,8111,45.42650,8.67670,26408.2,-24.5,12.6,25.4,-56.0,1.4,-1.0,RS41-SG,404.900,8.5,-225,10,2.6,-1,-1
2025-04-30T00:49:25.999Z,W2020376,8116,45.42671,8.67732,26289.0,-24.3,11.7,107.9,-55.8,1.3,-1.0,RS41-SG,404.900,7.5,-225,10,2.6,-1,-1
2025-04-30T00:49:26.999Z,W2020376,8117,45.42667,8.67745,26264.8,-24.3,12.0,124.1,-56.0,1.4,-1.0,RS41-SG,404.900,7.5,-225,10,2.6,-1,-1
2025-04-30T00:49:27.999Z,W2020376,8118,45.42660,8.67756,26240.5,-24.6,11.6,140.5,-56.1,1.4,-1.0,RS41-SG,404.900,7.9,-225,10,2.5,-1,-1
2025-04-30T00:49:28.999Z,W2020376,8119,45.42651,8.67764,26216.0,-24.7,11.2,154.4,-56.0,1.4,-1.0,RS41-SG,404.900,8.1,-225,10,2.5,-1,-1
2025-04-30T00:49:30.999Z,W2020376,8121,45.42633,8.67770,26166.8,-24.7,9.4,181.5,-55.9,1.3,-1.0,RS41-SG,404.900,7.2,-225,10,2.6,-1,-1
