timestamp,serial,frame,lat,lon,alt,vel_v,vel_h,heading,temp,humidity,pressure,type,freq_mhz,snr,f_error_hz,sats,batt_v,burst_timer,aux_data
2025-10-06T00:32:39.005Z,V4730501,7118,44.82758,9.09773,30121.9,7.1,9.2,90.4,-273.0,-1.0,-1.0,RS41,404.900,9.2,250,10,2.5,-1,-1
2025-10-06T00:32:40.005Z,V4730501,7119,44.82758,9.09785,30128.4,6.1,9.5,88.2,-273.0,-1.0,-1.0,RS41,404.900,9.2,250,10,2.5,-1,-1
2025-10-06T00:32:41.005Z,V4730501,7120,44.82758,9.09797,30134.8,6.6,9.3,90.4,-273.0,-1.0,-1.0,RS41,404.900,8.5,250,10,2.5,-1,-1
2025-10-06T00:32:42.005Z,V4730501,7121,44.82758,9.09808,30141.8,7.6,8.6,100.2,-273.0,-1.0,-1.0,RS41,404.900,9.2,250,10,2.6,-1,-1
2025-10-06T00:32:43.005Z,V4730501,7122,44.82755,9.09818,30149.3,7.3,8.2,114.6,-273.0,-1.0,-1.0,RS41,404.900,9.2,250,10,2.6,-1,-1
2025-10-06T00:32:44.005Z,V4730501,7123,44.82752,9.09827,30155.6,5.1,8.2,125.1,-273.0,-1.0,-1.0,RS41,404.900,9.1,250,10,2.5,-1,-1
2025-10-06T00:32:45.005Z,V4730501,7124,44.82747,9.09835,30161.0,5.8,8.8,132.6,-273.0,-1.0,-1.0,RS41-SG,404.900,9.3,250,10,2.5,-1,-1
2025-10-06T00:32:46.005Z,V4730501,7125,44.82741,9.09844,30167.6,7.4,9.6,131.3,-273.0,-1.0,-1.0,RS41-SG,404.900,9.3,250,10,2.5,-1,-1
2025-10-06T00:32:47.005Z,V4730501,7126,44.82736,9.09853,30174.9,7.0,10.3,125.4,-273.0,-1.0,-1.0,RS41-SG,404.900,8.5,250,10,2.5,-1,-1
2025-10-06T00:32:48.005Z,V4730501,7127,44.82731,9.09865,30181.0,5.2,10.6,119.1,-273.0,-1.0,-1.0,RS41-SG,404.900,8.8,250,10,2.6,-1,-1
2025-10-06T00:32:49.005Z,V4730501,7128,44.82727,9.09876,30186.4,5.5,10.5,113.7,-273.0,-1.0,-1.0,RS41-SG,404.900,9.0,250,10,2.6,-1,-1
2025-10-06T00:32:50.005Z,V4730501,7129,44.82723,9.09888,30192.4,6.2,9.9,111.3,-273.0,-1.0,-1.0,RS41-SG,404.900,9.3,250,10,2.5,-1,-1
2025-10-06T00:32:51.005Z,V4730501,7130,44.82720,9.09900,30198.6,6.3,9.4,111.9,-273.0,-1.0,-1.0,RS41-SG,404.900,9.3,250,10,2.5,-1,-1
2025-10-06T00:32:52.005Z,V4730501,7131,44.82717,9.09910,30205.0,6.4,9.2,113.3,-273.0,-1.0,-1.0,RS41-SG,404.900,9.3,250,10,2.5,-1,-1
2025-10-06T00:32:53.005Z,V4730501,7132,44.82714,9.09921,30211.5,6.5,9.6,113.6,-273.0,-1.0,-1.0,RS41-SG,404.900,9.3,250,10,2.5,-1,-1
2025-10-06T00:32:54.005Z,V4730501,7133,44.82710,9.09933,30217.9,6.6,10.9,113.5,-273.0,-1.0,-1.0,RS41-SG,404.900,9.0,250,10,2.6,-1,-1
2025-10-06T00:32:55.005Z,V4730501,7134,44.82706,9.09947,30225.0,7.6,12.4,112.4,-273.0,-1.0,-1.0,RS41-SG,404.900,8.5,250,10,2.6,-1,-1
2025-10-06T00:32:56.005Z,V4730501,7135,44.82702,9.09962,30232.0,6.6,13.6,111.0,-273.0,-1.0,-1.0,RS41-SG,404.900,8.7,250,10,2.5,-1,-1
2025-10-06T00:32:57.005Z,V4730501,7136,44.82697,9.09978,30238.0,5.3,14.1,111.1,-273.0,-1.0,-1.0,RS41-SG,404.900,9.5,250,10,2.5,-1,-1
2025-10-06T00:32:58.005Z,V4730501,7137,44.82692,9.09994,30243.7,6.3,13.7,112.6,-273.0,-1.0,-1.0,RS41-SG,404.900,9.5,250,10,2.5,-1,-1
2025-10-06T00:32:59.005Z,V4730501,7138,44.82688,9.10009,30250.6,7.5,12.5,116.6,-273.0,-1.0,-1.0,RS41-SG,404.900,9.1,250,10,2.5,-1,-1
2025-10-06T00:33:00.005Z,V4730501,7139,44.82682,9.10022,30257.7,6.5,11.1,122.4,-273.0,-1.0,-1.0,RS41-SG,404.900,9.8,250,10,2.6,-1,-1
2025-10-06T00:33:01.005Z,V4730501,7140,44.82677,9.10033,30263.4,5.0,10.0,126.2,-273.0,-1.0,-1.0,RS41-SG,404.900,9.8,250,10,2.6,-1,-1
2025-10-06T00:33:02.005Z,V4730501,7141,44.82672,9.10043,30269.3,6.9,9.1,126.6,-273.0,-1.0,-1.0,RS41-SG,404.900,9.2,250,10,2.5,-1,-1
2025-10-06T00:33:03.005Z,V4730501,7142,44.82667,9.10052,30276.8,8.0,9.3,121.5,-273.0,-1.0,-1.0,RS41-SG,404.900,8.7,250,10,2.5,-1,-1
2025-10-06T00:33:04.005Z,V4730501,7143,44.82663,9.10063,30283.8,6.1,10.0,116.0,-273.0,-1.0,-1.0,RS41-SG,404.900,8.7,250,10,2.5,-1,-1
2025-10-06T00:33:05.005Z,V4730501,7144,44.82659,9.10075,30289.9,6.1,11.0,113.1,-273.0,-1.0,-1.0,RS41-SG,404.900,9.4,250,10,2.5,-1,-1
2025-10-06T00:33:06.005Z,V4730501,7145,44.82655,9.10088,30296.2,6.7,11.7,113.5,-273.0,-1.0,-1.0,RS41-SG,404.900,9.4,250,10,2.6,-1,-1
2025-10-06T00:33:07.005Z,V4730501,7146,44.82651,9.10102,30302.7,6.5,12.1,116.8,-273.0,-1.0,-1.0,RS41-SG,404.900,9.3,250,10,2.6,-1,-1
2025-10-06T00:33:08.005Z,V4730501,7147,44.82645,9.10116,30309.2,6.4,12.7,120.7,-48.6,-1.0,-1.0,RS41-SG,404.900,9.2,250,10,2.5,-1,-1
2025-10-06T00:33:09.005Z,V4730501,7148,44.82639,9.10130,30315.3,5.9,13.7,123.6,-48.6,-1.0,-1.0,RS41-SG,404.900,9.1,250,10,2.5,-1,-1
2025-10-06T00:33:10.005Z,V4730501,7149,44.82632,9.10145,30321.5,6.5,15.2,124.3,-48.6,-1.0,-1.0,RS41-SG,404.900,8.7,250,10,2.5,-1,-1
2025-10-06T00:33:11.005Z,V4730501,7150,44.82624,9.10161,30328.2,6.9,16.7,123.2,-48.6,-1.0,-1.0,RS41-SG,404.900,8.9,250,10,2.5,-1,-1
2025-10-06T00:33:12.005Z,V4730501,7151,44.82616,9.10180,30334.7,6.2,17.6,121.8,-48.6,-1.0,-1.0,RS41-SG,404.900,9.2,250,10,2.6,-1,-1
2025-10-06T00:33:13.005Z,V4730501,7152,44.82607,9.10199,30340.4,5.3,17.8,121.1,-48.6,-1.0,-1.0,RS41-SG,404.900,9.2,250,10,2.6,-1,-1
2025-10-06T00:33:14.005Z,V4730501,7153,44.82599,9.10218,30346.2,6.3,17.4,121.6,-48.6,-1.0,-1.0,RS41-SG,404.900,9.1,250,10,2.5,-1,-1
2025-10-06T00:33:15.005Z,V4730501,7154,44.82591,9.10235,30353.1,7.5,16.0,123.9,-48.7,-1.0,-1.0,RS41-SG,404.900,9.1,250,10,2.5,-1,-1
2025-10-06T00:33:16.005Z,V4730501,7155,44.82583,9.10251,30360.7,7.5,14.0,127.1,-48.7,-1.0,-1.0,RS41-SG,404.900,9.1,250,10,2.5,-1,-1
2025-10-06T00:33:17.005Z,V4730501,7156,44.82576,9.10264,30367.1,5.3,12.4,129.9,-48.7,-1.0,-1.0,RS41-SG,404.900,8.2,250,10,2.5,-1,-1
2025-10-06T00:33:18.005Z,V4730501,7157,44.82569,9.10275,30372.3,5.1,10.6,128.2,-48.7,-1.0,-1.0,RS41-SG,404.900,7.7,250,10,2.6,-1,-1
2025-10-06T00:33:19.005Z,V4730501,7158,44.82564,9.10285,30377.9,6.3,9.4,120.1,-48.7,-1.0,-1.0,RS41-SG,404.900,7.7,250,10,2.6,-1,-1
2025-10-06T00:33:20.005Z,V4730501,7159,44.82561,9.10296,30384.8,7.3,9.5,108.5,-48.7,-1.0,-1.0,RS41-SG,404.900,7.7,250,10,2.5,-1,-1
2025-10-06T00:33:21.005Z,V4730501,7160,44.82559,9.10308,30391.3,5.8,10.4,102.2,-48.7,0.6,-1.0,RS41-SG,404.900,8.2,250,10,2.5,-1,-1
2025-10-06T00:33:22.005Z,V4730501,7161,44.82557,9.10321,30397.5,6.5,11.5,102.2,-48.7,0.6,-1.0,RS41-SG,404.900,8.2,250,10,2.5,-1,-1
2025-10-06T00:33:23.005Z,V4730501,7162,44.82554,9.10336,30404.6,7.6,12.4,108.2,-48.7,0.6,-1.0,RS41-SG,404.900,8.4,250,10,2.5,-1,-1
2025-10-06T00:33:24.005Z,V4730501,7163,44.82549,9.10351,30412.4,7.8,13.3,117.7,-48.6,0.6,-1.0,RS41-SG,404.900,8.4,250,10,2.6,-1,-1
2025-10-06T00:33:25.005Z,V4730501,7164,44.82543,9.10365,30419.0,5.4,14.2,125.0,-48.6,0.6,-1.0,RS41-SG,404.900,8.3,250,10,2.6,-1,-1
2025-10-06T00:33:26.005Z,V4730501,7165,44.82535,9.10380,30424.2,4.8,15.4,130.3,-48.6,0.6,-1.0,RS41-SG,404.900,7.8,250,10,2.5,-1,-1
2025-10-06T00:33:27.005Z,V4730501,7166,44.82525,9.10395,30429.6,6.1,16.5,133.3,-48.6,0.6,-1.0,RS41-SG,404.900,7.6,250,10,2.5,-1,-1
2025-10-06T00:33:28.005Z,V4730501,7167,44.82515,9.10411,30436.6,7.7,16.8,132.0,-48.6,0.6,-1.0,RS41-SG,404.900,8.0,250,10,2.5,-1,-1
2025-10-06T00:33:29.005Z,V4730501,7168,44.82505,9.10426,30444.0,7.0,16.2,129.4,-48.6,0.6,-1.0,RS41-SG,404.900,8.7,250,10,2.5,-1,-1
2025-10-06T00:33:30.005Z,V4730501,7169,44.82497,9.10442,30450.8,6.5,14.9,127.1,-48.6,0.6,-1.0,RS41-SG,404.900,9.2,250,10,2.6,-1,-1
2025-10-06T00:33:31.005Z,V4730501,7170,44.82489,9.10456,30457.4,6.8,12.9,125.9,-48.6,0.6,-1.0,RS41-SG,404.900,9.2,250,10,2.6,-1,-1
2025-10-06T00:33:32.005Z,V4730501,7171,44.82483,9.10468,30464.5,7.2,10.6,126.5,-48.6,0.6,-1.0,RS41-SG,404.900,8.7,250,10,2.5,-1,-1
2025-10-06T00:33:33.005Z,V4730501,7172,44.82478,9.10478,30471.1,5.9,8.7,126.1,-48.5,0.6,-1.0,RS41-SG,404.900,8.4,250,10,2.5,-1,-1
2025-10-06T00:33:34.005Z,V4730501,7173,44.82474,9.10486,30476.7,5.2,7.2,122.1,-48.5,0.6,-1.0,RS41-SG,404.900,8.0,250,10,2.5,-1,-1
2025-10-06T00:33:35.005Z,V4730501,7174,44.82471,9.10494,30482.2,5.8,6.4,111.9,-48.5,0.6,-1.0,RS41-SG,404.900,8.5,250,10,2.5,-1,-1
2025-10-06T00:33:36.005Z,V4730501,7175,44.82470,9.10502,30488.4,6.4,6.9,100.6,-48.5,0.6,-1.0,RS41-SG,404.900,8.5,250,10,2.6,-1,-1
2025-10-06T00:33:37.005Z,V4730501,7176,44.82469,9.10511,30494.7,6.1,8.1,94.1,-48.4,0.6,-1.0,RS41-SG,404.900,8.5,250,10,2.6,-1,-1
2025-10-06T00:33:38.005Z,V4730501,7177,44.82468,9.10522,30500.6,5.7,9.0,95.2,-48.4,0.6,-1.0,RS41-SG,404.900,8.5,250,10,2.5,-1,-1
2025-10-06T00:33:39.005Z,V4730501,7178,44.82467,9.10533,30506.6,6.2,9.4,102.5,-48.4,0.6,-1.0,RS41-SG,404.900,8.1,250,10,2.5,-1,-1
2025-10-06T00:33:40.005Z,V4730501,7179,44.82464,9.10544,30513.0,6.5,9.5,115.6,-48.4,0.6,-1.0,RS41-SG,404.900,8.0,250,10,2.5,-1,-1
2025-10-06T00:33:41.005Z,V4730501,7180,44.82460,9.10554,30519.5,6.4,9.7,130.6,-48.3,0.6,-1.0,RS41-SG,404.900,8.5,250,10,2.5,-1,-1
2025-10-06T00:33:42.005Z,V4730501,7181,44.82453,9.10563,30525.6,5.8,10.0,143.6,-48.3,0.6,-1.0,RS41-SG,404.900,8.5,250,10,2.6,-1,-1
2025-10-06T00:33:43.005Z,V4730501,7182,44.82445,9.10569,30531.2,5.5,10.3,152.6,-48.2,0.6,-1.0,RS41-SG,404.900,8.4,250,10,2.6,-1,-1
2025-10-06T00:33:44.005Z,V4730501,7183,44.82437,9.10575,30536.7,5.5,10.0,156.3,-48.2,0.6,-1.0,RS41-SG,404.900,8.0,250,10,2.5,-1,-1
2025-10-06T00:33:45.005Z,V4730501,7184,44.82429,9.10580,30542.5,6.2,9.2,152.5,-48.2,0.6,-1.0,RS41-SG,404.900,7.3,250,10,2.5,-1,-1
2025-10-06T00:33:46.005Z,V4730501,7185,44.82423,9.10586,30549.1,7.0,8.4,139.4,-48.2,0.6,-1.0,RS41-SG,404.900,7.3,250,10,2.5,-1,-1
2025-10-06T00:33:47.005Z,V4730501,7186,44.82418,9.10594,30556.1,6.8,8.5,124.0,-48.1,0.6,-1.0,RS41-SG,404.900,8.1,250,10,2.5,-1,-1
2025-10-06T00:33:48.005Z,V4730501,7187,44.82414,9.10604,30561.9,4.8,9.1,113.2,-48.1,0.6,-1.0,RS41-SG,404.900,8.6,250,10,2.6,-1,-1
2025-10-06T00:33:49.005Z,V4730501,7188,44.82411,9.10615,30566.5,4.4,9.5,107.5,-48.1,0.6,-1.0,RS41-SG,404.900,8.6,250,10,2.6,-1,-1
2025-10-06T00:33:50.005Z,V4730501,7189,44.82409,9.10626,30571.6,5.8,9.1,105.1,-48.1,0.6,-1.0,RS41-SG,404.900,8.7,250,10,2.5,-1,-1
2025-10-06T00:33:51.005Z,V4730501,7190,44.82407,9.10636,30578.2,7.3,7.7,108.8,-48.1,0.6,-1.0,RS41-SG,404.900,8.7,250,10,2.5,-1,-1
2025-10-06T00:33:52.005Z,V4730501,7191,44.82405,9.10644,30584.7,5.7,6.4,115.1,-48.1,0.6,-1.0,RS41-SG,404.900,8.7,250,10,2.5,-1,-1
2025-10-06T00:33:53.005Z,V4730501,7192,44.82402,9.10651,30590.1,5.1,5.4,121.9,-48.0,0.6,-1.0,RS41-SG,404.900,8.7,250,10,2.5,-1,-1
2025-10-06T00:33:54.005Z,V4730501,7193,44.82399,9.10656,30595.6,6.0,4.7,126.0,-48.0,0.6,-1.0,RS41-SG,404.900,8.7,250,10,2.6,-1,-1
2025-10-06T00:33:55.005Z,V4730501,7194,44.82397,9.10661,30602.1,7.1,4.8,121.4,-47.9,0.6,-1.0,RS41-SG,404.900,7.9,250,10,2.6,-1,-1
2025-10-06T00:33:56.005Z,V4730501,7195,44.82395,9.10667,30608.8,6.1,5.3,115.3,-47.9,0.6,-1.0,RS41-SG,404.900,8.6,250,10,2.5,-1,-1
2025-10-06T00:33:57.005Z,V4730501,7196,44.82393,9.10673,30614.6,5.5,5.6,113.2,-47.8,0.6,-1.0,RS41-SG,404.900,8.6,250,10,2.5,-1,-1
2025-10-06T00:33:58.005Z,V4730501,7197,44.82391,9.10679,30620.6,6.5,5.5,114.4,-47.7,0.6,-1.0,RS41-SG,404.900,8.4,250,10,2.5,-1,-1
2025-10-06T00:33:59.005Z,V4730501,7198,44.82389,9.10685,30627.3,7.0,5.0,119.9,-47.7,0.6,-1.0,RS41-SG,404.900,9.1,250,10,2.5,-1,-1
2025-10-06T00:34:00.005Z,V4730501,7199,44.82387,9.10690,30633.6,5.4,4.6,125.1,-47.6,0.6,-1.0,RS41-SG,404.900,9.1,250,10,2.6,-1,-1
2025-10-06T00:34:01.005Z,V4730501,7200,44.82384,9.10695,30639.2,5.8,4.5,125.3,-47.5,0.6,-1.0,RS41-SG,404.900,9.0,250,10,2.6,-1,-1
2025-10-06T00:34:02.005Z,V4730501,7201,44.82382,9.10700,30645.6,7.0,4.9,114.6,-47.5,0.5,-1.0,RS41-SG,404.900,8.6,250,10,2.5,-1,-1
2025-10-06T00:34:03.005Z,V4730501,7202,44.82381,9.10706,30652.5,6.7,5.8,104.6,-47.4,0.6,-1.0,RS41-SG,404.900,8.7,250,10,2.5,-1,-1
2025-10-06T00:34:04.005Z,V4730501,7203,44.82379,9.10714,30658.2,4.9,6.6,100.0,-47.4,0.6,-1.0,RS41-SG,404.900,8.7,250,10,2.5,-1,-1
2025-10-06T00:34:05.005Z,V4730501,7204,44.82378,9.10722,30663.7,5.9,6.7,98.6,-47.4,0.6,-1.0,RS41-SG,404.900,8.4,250,10,2.5,-1,-1
2025-10-06T00:34:06.005Z,V4730501,7205,44.82377,9.10730,30670.2,7.1,6.0,102.4,-47.4,0.6,-1.0,RS41-SG,404.900,8.4,250,10,2.6,-1,-1
2025-10-06T00:34:07.005Z,V4730501,7206,44.82376,9.10737,30676.8,6.2,4.8,109.8,-47.4,0.5,-1.0,RS41-SG,404.900,8.9,250,10,2.6,-1,-1
2025-10-06T00:34:08.005Z,V4730501,7207,44.82375,9.10742,30682.6,5.2,4.0,116.8,-47.5,0.5,-1.0,RS41-SG,404.900,8.9,250,10,2.5,-1,-1
2025-10-06T00:34:09.005Z,V4730501,7208,44.82373,9.10746,30688.0,5.7,3.4,118.3,-47.5,0.6,-1.0,RS41-SG,404.900,8.5,250,10,2.5,-1,-1
2025-10-06T00:34:10.005Z,V4730501,7209,44.82372,9.10750,30694.0,6.4,3.4,106.6,-47.5,0.5,-1.0,RS41-SG,404.900,8.9,250,10,2.5,-1,-1
2025-10-06T00:34:11.005Z,V4730501,7210,44.82371,9.10754,30700.5,6.7,4.0,91.3,-47.6,0.6,-1.0,RS41-SG,404.900,8.9,250,10,2.6,-1,-1
2025-10-06T00:34:12.005Z,V4730501,7211,44.82372,9.10760,30706.4,5.2,4.5,82.5,-47.6,0.6,-1.0,RS41-SG,404.900,8.5,250,10,2.6,-1,-1
2025-10-06T00:34:13.005Z,V4730501,7212,44.82372,9.10765,30711.5,5.0,4.4,75.5,-47.6,0.6,-1.0,RS41-SG,404.900,8.3,250,10,2.5,-1,-1
2025-10-06T00:34:14.005Z,V4730501,7213,44.82373,9.10770,30716.9,5.7,3.7,71.3,-47.6,0.6,-1.0,RS41-SG,404.900,8.3,250,10,2.5,-1,-1
2025-10-06T00:34:15.005Z,V4730501,7214,44.82374,9.10774,30723.0,6.6,2.5,69.4,-47.6,0.5,-1.0,RS41-SG,404.900,8.2,250,10,2.5,-1,-1
2025-10-06T00:34:16.005Z,V4730501,7215,44.82375,9.10776,30729.4,6.1,1.4,78.4,-47.5,0.6,-1.0,RS41-SG,404.900,7.8,250,10,2.5,-1,-1
2025-10-06T00:34:17.005Z,V4730501,7216,44.82375,9.10778,30735.0,5.0,1.2,104.3,-47.4,0.6,-1.0,RS41-SG,404.900,7.4,250,10,2.6,-1,-1
2025-10-06T00:34:18.005Z,V4730501,7217,44.82374,9.10779,30740.3,5.6,2.0,112.5,-47.4,0.6,-1.0,RS41-SG,404.900,7.1,250,10,2.6,-1,-1
2025-10-06T00:34:19.005Z,V4730501,7218,44.82374,9.10783,30746.2,6.3,3.8,105.9,-47.3,0.6,-1.0,RS41-SG,404.900,6.8,250,10,2.5,-1,-1
2025-10-06T00:34:20.005Z,V4730501,7219,44.82373,9.10789,30752.6,6.5,6.0,98.9,-47.3,0.5,-1.0,RS41-SG,404.900,7.1,250,10,2.5,-1,-1
2025-10-06T00:34:21.005Z,V4730501,7220,44.82372,9.10797,30758.5,5.3,7.7,94.6,-47.3,0.6,-1.0,RS41-SG,404.900,8.1,250,10,2.5,-1,-1
2025-10-06T00:34:22.005Z,V4730501,7221,44.82372,9.10808,30763.5,4.7,8.5,90.1,-47.3,0.6,-1.0,RS41-SG,404.900,8.3,250,10,2.5,-1,-1
2025-10-06T00:34:23.005Z,V4730501,7222,44.82372,9.10818,30768.7,5.8,8.1,84.0,-47.3,0.5,-1.0,RS41-SG,404.900,8.3,250,10,2.6,-1,-1
2025-10-06T00:34:24.005Z,V4730501,7223,44.82373,9.10827,30775.0,7.0,6.5,75.2,-47.2,0.6,-1.0,RS41-SG,404.900,8.4,250,10,2.6,-1,-1
2025-10-06T00:34:25.005Z,V4730501,7224,44.82375,9.10834,30781.7,6.2,4.7,62.1,-47.2,0.6,-1.0,RS41-SG,404.900,8.5,250,10,2.5,-1,-1
2025-10-06T00:34:26.005Z,V4730501,7225,44.82377,9.10838,30787.1,4.6,3.4,44.6,-47.1,0.6,-1.0,RS41-SG,404.900,8.5,250,10,2.5,-1,-1
2025-10-06T00:34:27.005Z,V4730501,7226,44.82379,9.10840,30791.8,4.8,2.7,25.9,-47.1,0.5,-1.0,RS41-SG,404.900,7.6,250,10,2.5,-1,-1
2025-10-06T00:34:28.005Z,V4730501,7227,44.82381,9.10842,30797.1,5.9,2.6,25.9,-47.0,0.6,-1.0,RS41-SG,404.900,7.3,250,10,2.5,-1,-1
2025-10-06T00:34:29.005Z,V4730501,7228,44.82383,9.10844,30803.5,6.8,3.0,46.1,-47.0,0.5,-1.0,RS41-SG,404.900,7.6,250,10,2.6,-1,-1
2025-10-06T00:34:30.005Z,V4730501,7229,44.82385,9.10847,30809.6,5.5,4.0,59.2,-47.0,0.5,-1.0,RS41-SG,404.900,8.1,250,10,2.6,-1,-1
2025-10-06T00:34:31.005Z,V4730501,7230,44.82387,9.10852,30814.6,4.5,5.1,65.9,-47.0,0.5,-1.0,RS41-SG,404.900,8.9,250,10,2.5,-1,-1
2025-10-06T00:34:32.005Z,V4730501,7231,44.82389,9.10859,30819.3,4.9,5.8,67.5,-46.9,0.5,-1.0,RS41-SG,404.900,8.9,250,10,2.5,-1,-1
2025-10-06T00:34:33.005Z,V4730501,7232,44.82391,9.10865,30824.8,6.4,5.9,67.1,-47.0,0.5,-1.0,RS41-SG,404.900,8.8,250,10,2.5,-1,-1
2025-10-06T00:34:34.005Z,V4730501,7233,44.82393,9.10872,30831.3,6.5,5.6,66.6,-46.9,0.6,-1.0,RS41-SG,404.900,9.0,250,10,2.5,-1,-1
2025-10-06T00:34:35.005Z,V4730501,7234,44.82395,9.10878,30837.4,5.9,5.6,67.8,-46.9,0.5,-1.0,RS41-SG,404.900,9.0,250,10,2.6,-1,-1
2025-10-06T00:34:36.005Z,V4730501,7235,44.82397,9.10885,30843.3,6.1,6.2,71.9,-46.9,0.5,-1.0,RS41-SG,404.900,8.7,250,10,2.6,-1,-1
2025-10-06T00:34:37.005Z,V4730501,7236,44.82398,9.10894,30849.7,6.6,7.6,77.6,-46.8,0.5,-1.0,RS41-SG,404.900,8.6,250,10,2.5,-1,-1
2025-10-06T00:34:38.005Z,V4730501,7237,44.82400,9.10904,30856.1,6.2,9.2,80.6,-46.8,0.5,-1.0,RS41-SG,404.900,8.8,250,10,2.5,-1,-1
2025-10-06T00:34:39.005Z,V4730501,7238,44.82401,9.10916,30861.4,4.3,10.3,81.4,-46.8,0.5,-1.0,RS41-SG,404.900,8.8,250,10,2.5,-1,-1
2025-10-06T00:34:40.005Z,V4730501,7239,44.82403,9.10929,30865.8,4.5,10.8,80.0,-46.8,0.5,-1.0,RS41-SG,404.900,8.6,250,10,2.5,-1,-1
2025-10-06T00:34:41.005Z,V4730501,7240,44.82405,9.10942,30870.9,6.0,10.5,76.2,-46.8,0.5,-1.0,RS41-SG,404.900,8.4,250,10,2.6,-1,-1
2025-10-06T00:34:42.005Z,V4730501,7241,44.82407,9.10954,30877.2,6.6,9.6,70.6,-46.7,0.5,-1.0,RS41-SG,404.900,8.4,250,10,2.6,-1,-1
2025-10-06T00:34:43.005Z,V4730501,7242,44.82410,9.10965,30882.9,4.8,8.9,65.6,-46.6,0.5,-1.0,RS41-SG,404.900,8.7,250,10,2.5,-1,-1
2025-10-06T00:34:44.005Z,V4730501,7243,44.82414,9.10975,30888.0,5.3,8.5,63.3,-46.5,0.5,-1.0,RS41-SG,404.900,8.7,250,10,2.5,-1,-1
2025-10-06T00:34:45.005Z,V4730501,7244,44.82417,9.10985,30893.7,6.1,8.7,66.2,-46.3,0.5,-1.0,RS41-SG,404.900,8.4,250,10,2.5,-1,-1
2025-10-06T00:34:46.005Z,V4730501,7245,44.82420,9.10996,30900.0,6.5,9.4,71.9,-46.1,0.5,-1.0,RS41-SG,404.900,8.4,250,10,2.5,-1,-1
2025-10-06T00:34:47.005Z,V4730501,7246,44.82422,9.11007,30905.9,5.2,10.1,76.9,-45.9,0.5,-1.0,RS41-SG,404.900,8.3,250,10,2.6,-1,-1
2025-10-06T00:34:48.005Z,V4730501,7247,44.82424,9.11020,30911.0,5.0,10.4,80.3,-45.8,0.5,-1.0,RS41-SG,404.900,8.4,250,10,2.6,-1,-1
2025-10-06T00:34:49.005Z,V4730501,7248,44.82426,9.11033,30916.4,5.8,10.1,81.3,-45.7,0.5,-1.0,RS41-SG,404.900,8.4,250,10,2.5,-1,-1
2025-10-06T00:34:50.005Z,V4730501,7249,44.82427,9.11045,30922.5,6.5,9.4,80.2,-45.6,0.5,-1.0,RS41-SG,404.900,8.1,250,10,2.5,-1,-1
2025-10-06T00:34:51.005Z,V4730501,7250,44.82428,9.11056,30928.4,5.2,8.8,77.8,-45.5,0.5,-1.0,RS41-SG,404.900,7.7,250,10,2.5,-1,-1
2025-10-06T00:34:52.005Z,V4730501,7251,44.82430,9.11067,30933.6,5.2,8.9,76.6,-45.5,0.5,-1.0,RS41-SG,404.900,7.2,250,10,2.5,-1,-1
2025-10-06T00:34:53.005Z,V4730501,7252,44.82432,9.11079,30939.4,6.3,9.8,77.0,-45.5,0.5,-1.0,RS41-SG,404.900,7.0,250,10,2.6,-1,-1
2025-10-06T00:34:54.005Z,V4730501,7253,44.82434,9.11092,30945.9,6.7,11.3,78.9,-45.5,0.5,-1.0,RS41-SG,404.900,7.8,250,10,2.6,-1,-1
2025-10-06T00:34:55.005Z,V4730501,7254,44.82436,9.11106,30951.7,4.9,12.6,79.3,-45.5,0.5,-1.0,RS41-SG,404.900,7.9,250,10,2.5,-1,-1
2025-10-06T00:34:56.005Z,V4730501,7255,44.82438,9.11123,30956.8,5.2,13.6,77.6,-45.5,0.5,-1.0,RS41-SG,404.900,7.9,250,10,2.5,-1,-1
2025-10-06T00:34:57.005Z,V4730501,7256,44.82442,9.11139,30962.2,5.8,13.8,73.8,-45.4,0.5,-1.0,RS41-SG,404.900,7.8,250,10,2.5,-1,-1
2025-10-06T00:34:58.005Z,V4730501,7257,44.82445,9.11155,30968.1,5.9,13.3,68.2,-45.4,0.5,-1.0,RS41-SG,404.900,8.5,250,10,2.5,-1,-1
2025-10-06T00:34:59.005Z,V4730501,7258,44.82450,9.11170,30974.0,5.8,12.5,62.3,-45.4,0.5,-1.0,RS41-SG,404.900,8.5,250,10,2.6,-1,-1
2025-10-06T00:35:00.005Z,V4730501,7259,44.82456,9.11183,30979.2,4.8,11.8,58.7,-45.4,0.5,-1.0,RS41-SG,404.900,8.8,250,10,2.6,-1,-1
2025-10-06T00:35:01.005Z,V4730501,7260,44.82461,9.11196,30984.0,4.9,11.3,59.3,-45.4,0.5,-1.0,RS41-SG,404.900,8.9,250,10,2.5,-1,-1
2025-10-06T00:35:02.005Z,V4730501,7261,44.82466,9.11208,30989.2,5.6,11.0,65.1,-45.4,0.5,-1.0,RS41-SG,404.900,9.5,250,10,2.5,-1,-1
2025-10-06T00:35:03.005Z,V4730501,7262,44.82469,9.11221,30995.2,6.4,11.1,75.0,-45.4,0.5,-1.0,RS41-SG,404.900,9.5,250,10,2.5,-1,-1
2025-10-06T00:35:04.005Z,V4730501,7263,44.82471,9.11235,31001.5,6.1,11.6,84.7,-45.4,0.5,-1.0,RS41-SG,404.900,9.3,250,10,2.5,-1,-1
2025-10-06T00:35:05.005Z,V4730501,7264,44.82471,9.11250,31006.9,4.6,12.0,91.4,-45.4,0.5,-1.0,RS41-SG,404.900,8.9,250,10,2.6,-1,-1
2025-10-06T00:35:06.005Z,V4730501,7265,44.82471,9.11265,31011.2,4.2,12.0,94.6,-45.4,0.5,-1.0,RS41-SG,404.900,8.9,250,10,2.6,-1,-1
2025-10-06T00:35:07.005Z,V4730501,7266,44.82470,9.11280,31016.0,5.3,11.3,93.5,-45.5,0.5,-1.0,RS41-SG,404.900,8.4,250,10,2.5,-1,-1
2025-10-06T00:35:08.005Z,V4730501,7267,44.82470,9.11293,31021.9,6.3,9.9,86.0,-45.5,0.5,-1.0,RS41-SG,404.900,8.0,250,10,2.5,-1,-1
2025-10-06T00:35:09.005Z,V4730501,7268,44.82471,9.11305,31028.0,5.8,8.8,74.8,-45.5,0.5,-1.0,RS41-SG,404.900,8.0,250,10,2.5,-1,-1
2025-10-06T00:35:10.005Z,V4730501,7269,44.82474,9.11315,31033.0,4.1,8.6,64.4,-45.6,0.5,-1.0,RS41-SG,404.900,7.9,250,10,2.5,-1,-1
2025-10-06T00:35:11.005Z,V4730501,7270,44.82478,9.11325,31037.5,4.8,9.0,58.0,-45.6,0.5,-1.0,RS41-SG,404.900,7.3,250,10,2.6,-1,-1
2025-10-06T00:35:12.005Z,V4730501,7271,44.82482,9.11335,31043.1,6.3,10.1,59.7,-45.6,0.5,-1.0,RS41-SG,404.900,7.3,250,10,2.6,-1,-1
2025-10-06T00:35:13.005Z,V4730501,7272,44.82486,9.11347,31049.6,6.9,11.6,66.7,-45.6,0.5,-1.0,RS41-SG,404.900,8.3,250,10,2.5,-1,-1
2025-10-06T00:35:14.005Z,V4730501,7273,44.82490,9.11361,31055.6,5.0,12.8,72.7,-45.7,0.5,-1.0,RS41-SG,404.900,8.5,250,10,2.5,-1,-1
2025-10-06T00:35:15.005Z,V4730501,7274,44.82493,9.11378,31060.1,4.1,14.0,76.6,-45.7,0.5,-1.0,RS41-SG,404.900,9.1,250,10,2.5,-1,-1
2025-10-06T00:35:16.005Z,V4730501,7275,44.82496,9.11395,31064.5,4.9,14.6,78.7,-45.7,0.5,-1.0,RS41-SG,404.900,9.1,250,10,2.5,-1,-1
2025-10-06T00:35:17.005Z,V4730501,7276,44.82499,9.11413,31070.1,6.3,14.3,78.0,-45.8,0.5,-1.0,RS41-SG,404.900,8.9,250,10,2.6,-1,-1
2025-10-06T00:35:18.005Z,V4730501,7277,44.82501,9.11430,31076.2,5.9,13.6,76.0,-45.8,0.5,-1.0,RS41-SG,404.900,8.9,250,10,2.6,-1,-1
2025-10-06T00:35:19.005Z,V4730501,7278,44.82505,9.11446,31081.7,5.0,12.8,74.2,-45.9,0.5,-1.0,RS41-SG,404.900,8.4,250,10,2.5,-1,-1
2025-10-06T00:35:20.005Z,V4730501,7279,44.82508,9.11461,31086.9,5.3,12.2,74.4,-45.9,0.5,-1.0,RS41-SG,404.900,8.4,250,10,2.5,-1,-1
2025-10-06T00:35:21.005Z,V4730501,7280,44.82510,9.11476,31092.6,6.4,11.7,77.8,-45.9,0.5,-1.0,RS41-SG,404.900,8.2,250,10,2.5,-1,-1
2025-10-06T00:35:22.005Z,V4730501,7281,44.82512,9.11490,31098.9,6.1,11.5,82.7,-45.9,0.5,-1.0,RS41-SG,404.900,8.2,250,10,2.6,-1,-1
2025-10-06T00:35:23.005Z,V4730501,7282,44.82513,9.11504,31104.3,4.8,11.3,86.2,-46.0,0.5,-1.0,RS41-SG,404.900,8.7,250,10,2.6,-1,-1
2025-10-06T00:35:24.005Z,V4730501,7283,44.82513,9.11518,31109.3,5.2,10.9,87.3,-46.0,0.5,-1.0,RS41-SG,404.900,8.7,250,10,2.5,-1,-1
2025-10-06T00:35:25.005Z,V4730501,7284,44.82514,9.11531,31115.1,6.3,10.0,85.5,-46.0,0.5,-1.0,RS41-SG,404.900,8.8,250,10,2.5,-1,-1
2025-10-06T00:35:26.005Z,V4730501,7285,44.82515,9.11544,31121.1,5.9,9.5,81.1,-46.1,0.5,-1.0,RS41-SG,404.900,8.8,250,10,2.5,-1,-1
2025-10-06T00:35:27.005Z,V4730501,7286,44.82517,9.11555,31126.4,4.6,9.4,78.1,-46.1,0.5,-1.0,RS41-SG,404.900,8.7,250,10,2.5,-1,-1
2025-10-06T00:35:28.005Z,V4730501,7287,44.82518,9.11567,31131.5,5.6,10.2,78.1,-46.2,0.6,-1.0,RS41-SG,404.900,8.5,250,10,2.6,-1,-1
2025-10-06T00:35:29.005Z,V4730501,7288,44.82520,9.11581,31137.3,6.0,11.8,81.5,-46.2,0.5,-1.0,RS41-SG,404.900,7.9,250,10,2.6,-1,-1
2025-10-06T00:35:30.005Z,V4730501,7289,44.82521,9.11597,31143.3,5.9,13.8,85.5,-46.2,0.6,-1.0,RS41-SG,404.900,8.0,250,10,2.5,-1,-1
2025-10-06T00:35:31.005Z,V4730501,7290,44.82522,9.11615,31148.8,4.9,15.3,88.0,-46.2,0.5,-1.0,RS41-SG,404.900,8.4,250,10,2.5,-1,-1
2025-10-06T00:35:32.005Z,V4730501,7291,44.82523,9.11635,31153.6,4.3,16.2,88.6,-46.3,0.5,-1.0,RS41-SG,404.900,8.4,250,10,2.5,-1,-1
2025-10-06T00:35:33.005Z,V4730501,7292,44.82523,9.11655,31158.5,5.5,16.0,87.5,-46.3,0.6,-1.0,RS41-SG,404.900,8.7,250,10,2.5,-1,-1
2025-10-06T00:35:34.005Z,V4730501,7293,44.82524,9.11675,31164.7,6.7,14.7,85.0,-46.3,0.6,-1.0,RS41-SG,404.900,8.7,250,10,2.6,-1,-1
2025-10-06T00:35:35.005Z,V4730501,7294,44.82525,9.11692,31171.1,5.9,13.0,81.9,-46.3,0.5,-1.0,RS41-SG,404.900,8.8,250,10,2.6,-1,-1
2025-10-06T00:35:36.005Z,V4730501,7295,44.82527,9.11707,31176.4,4.7,11.3,79.2,-46.3,0.5,-1.0,RS41-SG,404.900,8.8,250,10,2.5,-1,-1
2025-10-06T00:35:37.005Z,V4730501,7296,44.82529,9.11720,31181.3,4.9,10.1,79.6,-46.3,0.6,-1.0,RS41-SG,404.900,8.6,250,10,2.5,-1,-1
2025-10-06T00:35:38.005Z,V4730501,7297,44.82530,9.11733,31187.0,6.3,9.8,84.3,-46.3,0.5,-1.0,RS41-SG,404.900,8.8,250,10,2.5,-1,-1
2025-10-06T00:35:39.005Z,V4730501,7298,44.82530,9.11745,31193.4,6.3,10.4,90.5,-46.3,0.5,-1.0,RS41-SG,404.900,8.9,250,10,2.5,-1,-1
2025-10-06T00:35:40.005Z,V4730501,7299,44.82530,9.11759,31198.8,4.4,11.3,94.3,-46.3,0.5,-1.0,RS41-SG,404.900,8.9,250,10,2.6,-1,-1
2025-10-06T00:35:41.005Z,V4730501,7300,44.82529,9.11774,31203.5,5.0,12.3,96.0,-46.4,0.5,-1.0,RS41-SG,404.900,9.0,250,10,2.6,-1,-1
2025-10-06T00:35:42.005Z,V4730501,7301,44.82528,9.11790,31208.9,5.9,12.7,94.6,-46.4,0.5,-1.0,RS41-SG,404.900,9.0,250,10,2.5,-1,-1
2025-10-06T00:35:43.005Z,V4730501,7302,44.82527,9.11806,31214.9,6.0,13.0,91.6,-46.4,0.5,-1.0,RS41-SG,404.900,8.1,250,10,2.5,-1,-1
2025-10-06T00:35:44.005Z,V4730501,7303,44.82527,9.11822,31220.2,4.6,13.2,88.3,-46.4,0.6,-1.0,RS41-SG,404.900,8.1,250,10,2.5,-1,-1
2025-10-06T00:35:45.005Z,V4730501,7304,44.82528,9.11839,31224.9,4.7,14.2,85.8,-46.4,0.5,-1.0,RS41-SG,404.900,8.4,250,10,2.5,-1,-1
2025-10-06T00:35:46.005Z,V4730501,7305,44.82529,9.11858,31230.0,5.3,15.6,85.0,-46.5,0.5,-1.0,RS41-SG,404.900,9.2,250,10,2.6,-1,-1
2025-10-06T00:35:47.005Z,V4730501,7306,44.82530,9.11878,31235.7,6.2,16.9,86.8,-46.5,0.5,-1.0,RS41-SG,404.900,9.9,250,10,2.6,-1,-1
2025-10-06T00:35:48.005Z,V4730501,7307,44.82531,9.11900,31241.8,5.9,17.5,89.4,-46.5,0.5,-1.0,RS41-SG,404.900,10.0,250,10,2.5,-1,-1
2025-10-06T00:35:49.005Z,V4730501,7308,44.82531,9.11922,31247.3,5.3,17.0,92.2,-46.5,0.5,-1.0,RS41-SG,404.900,10.0,250,10,2.5,-1,-1
2025-10-06T00:35:50.005Z,V4730501,7309,44.82530,9.11942,31252.8,5.6,15.5,96.0,-46.5,0.6,-1.0,RS41-SG,404.900,9.4,250,10,2.5,-1,-1
2025-10-06T00:35:51.005Z,V4730501,7310,44.82528,9.11960,31258.5,5.8,13.1,100.3,-46.5,0.6,-1.0,RS41-SG,404.900,9.2,250,10,2.5,-1,-1
2025-10-06T00:35:52.005Z,V4730501,7311,44.82525,9.11975,31264.2,5.5,10.6,105.4,-46.6,0.5,-1.0,RS41-SG,404.900,9.7,250,10,2.6,-1,-1
2025-10-06T00:35:53.005Z,V4730501,7312,44.82523,9.11986,31269.2,4.5,8.7,109.9,-46.6,0.5,-1.0,RS41-SG,404.900,9.7,250,10,2.6,-1,-1
2025-10-06T00:35:54.005Z,V4730501,7313,44.82520,9.11996,31273.6,4.1,8.0,113.3,-46.6,0.5,-1.0,RS41-SG,404.900,8.4,250,10,2.5,-1,-1
2025-10-06T00:35:55.005Z,V4730501,7314,44.82517,9.12006,31278.2,5.3,8.7,114.3,-46.6,0.6,-1.0,RS41-SG,404.900,7.8,250,10,2.5,-1,-1
2025-10-06T00:35:56.005Z,V4730501,7315,44.82514,9.12017,31284.3,6.8,11.1,111.1,-46.7,0.6,-1.0,RS41-SG,404.900,8.2,250,10,2.5,-1,-1
2025-10-06T00:35:57.005Z,V4730501,7316,44.82510,9.12032,31291.0,6.8,14.1,107.5,-46.7,0.5,-1.0,RS41-SG,404.900,8.4,250,10,2.5,-1,-1
2025-10-06T00:35:58.005Z,V4730501,7317,44.82506,9.12051,31296.8,4.6,16.5,103.9,-46.7,0.6,-1.0,RS41-SG,404.900,8.9,250,10,2.6,-1,-1
2025-10-06T00:35:59.005Z,V4730501,7318,44.82503,9.12072,31301.1,4.1,18.8,99.7,-46.8,0.5,-1.0,RS41-SG,404.900,9.2,250,10,2.6,-1,-1
2025-10-06T00:36:00.005Z,V4730501,7319,44.82501,9.12097,31305.9,5.4,20.1,94.9,-46.8,0.6,-1.0,RS41-SG,404.900,9.2,250,10,2.5,-1,-1
2025-10-06T00:36:01.005Z,V4730501,7320,44.82500,9.12122,31311.7,6.3,19.9,91.0,-46.8,0.5,-1.0,RS41-SG,404.900,9.1,250,10,2.5,-1,-1
2025-10-06T00:36:02.005Z,V4730501,7321,44.82500,9.12146,31317.6,5.4,18.8,89.2,-46.8,0.5,-1.0,RS41-SG,404.900,9.5,250,10,2.5,-1,-1
2025-10-06T00:36:03.005Z,V4730501,7322,44.82500,9.12169,31322.9,5.1,17.3,89.4,-46.8,0.5,-1.0,RS41-SG,404.900,9.5,250,10,2.6,-1,-1
2025-10-06T00:36:04.005Z,V4730501,7323,44.82500,9.12190,31328.2,5.6,15.8,93.7,-46.8,0.5,-1.0,RS41-SG,404.900,9.0,250,10,2.6,-1,-1
2025-10-06T00:36:05.005Z,V4730501,7324,44.82498,9.12209,31333.8,5.6,14.9,100.8,-46.8,0.6,-1.0,RS41-SG,404.900,8.9,250,10,2.5,-1,-1
2025-10-06T00:36:06.005Z,V4730501,7325,44.82495,9.12227,31339.4,5.5,14.5,109.8,-46.8,0.5,-1.0,RS41-SG,404.900,8.9,250,10,2.5,-1,-1
2025-10-06T00:36:07.005Z,V4730501,7326,44.82489,9.12243,31344.7,5.1,14.3,118.7,-46.8,0.6,-1.0,RS41-SG,404.900,8.6,250,10,2.5,-1,-1
2025-10-06T00:36:08.005Z,V4730501,7327,44.82483,9.12258,31349.5,4.7,14.0,125.6,-46.8,0.6,-1.0,RS41-SG,404.900,8.7,250,10,2.5,-1,-1
2025-10-06T00:36:09.005Z,V4730501,7328,44.82475,9.12272,31354.3,5.1,13.4,130.1,-46.8,0.5,-1.0,RS41-SG,404.900,8.7,250,10,2.6,-1,-1
2025-10-06T00:36:10.005Z,V4730501,7329,44.82468,9.12284,31360.2,6.6,12.5,130.2,-46.7,0.5,-1.0,RS41-SG,404.900,8.1,250,10,2.6,-1,-1
2025-10-06T00:36:11.005Z,V4730501,7330,44.82461,9.12296,31367.1,7.3,11.6,125.4,-46.7,0.6,-1.0,RS41-SG,404.900,7.4,250,10,2.5,-1,-1
2025-10-06T00:36:12.005Z,V4730501,7331,44.82456,9.12309,31373.6,5.7,11.6,117.1,-46.7,0.6,-1.0,RS41-SG,404.900,7.0,250,10,2.5,-1,-1
2025-10-06T00:36:13.005Z,V4730501,7332,44.82452,9.12323,31379.0,5.2,12.8,107.3,-46.8,0.5,-1.0,RS41-SG,404.900,7.1,250,10,2.5,-1,-1
2025-10-06T00:36:14.005Z,V4730501,7333,44.82449,9.12340,31384.3,5.5,15.6,100.1,-46.8,0.6,-1.0,RS41-SG,404.900,7.8,250,10,2.5,-1,-1
2025-10-06T00:36:15.005Z,V4730501,7334,44.82446,9.12362,31389.9,5.5,18.9,97.6,-46.8,0.6,-1.0,RS41-SG,404.900,9.2,250,10,2.6,-1,-1
2025-10-06T00:36:16.005Z,V4730501,7335,44.82444,9.12387,31394.9,4.5,21.4,98.0,-46.8,0.5,-1.0,RS41-SG,404.900,9.2,250,10,2.6,-1,-1
2025-10-06T00:36:17.005Z,V4730501,7336,44.82441,9.12414,31399.4,4.6,22.8,100.1,-46.8,0.5,-1.0,RS41-SG,404.900,8.6,250,10,2.5,-1,-1
2025-10-06T00:36:18.005Z,V4730501,7337,44.82437,9.12442,31404.9,6.5,22.1,103.1,-46.8,0.6,-1.0,RS41-SG,404.900,8.6,250,10,2.5,-1,-1
2025-10-06T00:36:19.005Z,V4730501,7338,44.82432,9.12468,31411.8,7.3,19.8,107.6,-46.9,0.5,-1.0,RS41-SG,404.900,8.6,250,10,2.5,-1,-1
2025-10-06T00:36:20.005Z,V4730501,7339,44.82426,9.12489,31418.9,6.9,16.7,113.5,-46.9,0.5,-1.0,RS41-SG,404.900,8.7,250,10,2.5,-1,-1
2025-10-06T00:36:21.005Z,V4730501,7340,44.82420,9.12507,31424.6,4.3,14.5,120.1,-46.9,0.5,-1.0,RS41-SG,404.900,8.7,250,10,2.6,-1,-1
2025-10-06T00:36:22.005Z,V4730501,7341,44.82413,9.12521,31428.4,3.5,12.7,129.2,-46.9,0.5,-1.0,RS41-SG,404.900,8.0,250,10,2.6,-1,-1
2025-10-06T00:36:23.005Z,V4730501,7342,44.82405,9.12532,31432.5,4.6,12.2,137.7,-46.9,0.5,-1.0,RS41-SG,404.900,8.0,250,10,2.5,-1,-1
2025-10-06T00:36:24.005Z,V4730501,7343,44.82397,9.12543,31437.8,6.1,13.0,139.7,-46.8,0.5,-1.0,RS41-SG,404.900,7.9,250,10,2.5,-1,-1
2025-10-06T00:36:25.005Z,V4730501,7344,44.82388,9.12554,31444.1,6.4,14.5,136.7,-46.9,0.5,-1.0,RS41-SG,404.900,7.5,250,10,2.5,-1,-1
2025-10-06T00:36:26.005Z,V4730501,7345,44.82378,9.12568,31450.0,5.4,16.1,132.4,-46.9,0.5,-1.0,RS41-SG,404.900,7.2,250,10,2.5,-1,-1
2025-10-06T00:36:27.005Z,V4730501,7346,44.82368,9.12584,31455.2,4.8,17.7,127.9,-46.9,0.6,-1.0,RS41-SG,404.900,7.3,250,10,2.6,-1,-1
2025-10-06T00:36:28.005Z,V4730501,7347,44.82359,9.12603,31460.2,5.2,18.9,123.9,-46.9,0.5,-1.0,RS41-SG,404.900,7.3,250,10,2.6,-1,-1
2025-10-06T00:36:29.005Z,V4730501,7348,44.82350,9.12623,31465.8,5.8,19.3,120.3,-46.9,0.6,-1.0,RS41-SG,404.900,7.5,250,10,2.5,-1,-1
2025-10-06T00:36:30.005Z,V4730501,7349,44.82342,9.12644,31471.6,5.8,19.1,116.7,-46.9,0.6,-1.0,RS41-SG,404.900,7.8,250,10,2.5,-1,-1
2025-10-06T00:36:31.005Z,V4730501,7350,44.82335,9.12666,31477.5,5.9,18.5,111.9,-46.9,0.6,-1.0,RS41-SG,404.900,7.8,250,10,2.5,-1,-1
2025-10-06T00:36:32.005Z,V4730501,7351,44.82329,9.12687,31483.4,5.8,17.6,106.6,-46.9,0.6,-1.0,RS41-SG,404.900,7.8,250,10,2.5,-1,-1
2025-10-06T00:36:33.005Z,V4730501,7352,44.82326,9.12708,31489.2,5.6,16.9,101.9,-46.8,0.5,-1.0,RS41-SG,404.900,7.3,250,10,2.6,-1,-1
2025-10-06T00:36:34.005Z,V4730501,7353,44.82323,9.12729,31494.8,5.6,16.6,99.7,-46.8,0.5,-1.0,RS41-SG,404.900,7.8,250,10,2.6,-1,-1
2025-10-06T00:36:35.005Z,V4730501,7354,44.82320,9.12749,31500.6,6.0,16.5,102.5,-46.8,0.5,-1.0,RS41-SG,404.900,7.8,250,10,2.5,-1,-1
2025-10-06T00:36:36.005Z,V4730501,7355,44.82316,9.12769,31507.1,6.8,16.5,110.4,-46.8,0.5,-1.0,RS41-SG,404.900,7.7,250,10,2.5,-1,-1
2025-10-06T00:36:37.005Z,V4730501,7356,44.82309,9.12788,31513.7,6.6,17.0,121.6,-46.8,0.5,-1.0,RS41-SG,404.900,8.2,250,10,2.5,-1,-1
2025-10-06T00:36:38.005Z,V4730501,7357,44.82300,9.12806,31519.7,5.3,17.8,131.9,-46.8,0.6,-1.0,RS41-SG,404.900,8.2,250,10,2.6,-1,-1
2025-10-06T00:36:39.005Z,V4730501,7358,44.82288,9.12821,31524.4,4.1,18.4,139.8,-46.9,0.5,-1.0,RS41-SG,404.900,8.0,250,10,2.6,-1,-1
2025-10-06T00:36:45.005Z,V4730501,7364,44.82228,9.12907,31559.0,4.4,15.3,109.0,-46.8,0.5,-1.0,RS41-SG,404.900,7.0,250,10,2.6,-1,-1
2025-10-06T00:36:47.005Z,V4730501,7366,44.82220,9.12948,31570.0,6.7,18.6,104.3,-46.8,0.6,-1.0,RS41-SG,404.900,7.0,250,10,2.5,-1,-1
2025-10-06T00:36:48.005Z,V4730501,7367,44.82216,9.12971,31576.2,5.6,19.2,107.6,-46.8,0.5,-1.0,RS41-SG,404.900,7.0,250,10,2.5,-1,-1
2025-10-06T00:36:49.005Z,V4730501,7368,44.82210,9.12994,31581.7,5.5,19.2,111.3,-46.7,0.5,-1.0,RS41-SG,404.900,7.0,250,10,2.5,-1,-1
2025-10-06T00:36:50.005Z,V4730501,7369,44.82203,9.13015,31587.6,6.4,18.6,115.3,-46.7,0.5,-1.0,RS41-SG,404.900,7.5,250,10,2.6,-1,-1
2025-10-06T00:36:52.005Z,V4730501,7371,44.82189,9.13054,31601.4,6.5,15.8,120.8,-46.6,0.5,-1.0,RS41-SG,404.900,6.8,250,10,2.5,-1,-1
2025-10-06T00:36:54.005Z,V4730501,7373,44.82174,9.13083,31613.2,6.0,13.1,131.5,-46.5,0.5,-1.0,RS41-SG,404.900,7.1,250,10,2.5,-1,-1
2025-10-06T00:36:55.005Z,V4730501,7374,44.82165,9.13094,31619.3,6.2,12.6,138.5,-46.5,0.5,-1.0,RS41-SG,404.900,7.3,250,10,2.5,-1,-1
2025-10-06T00:36:56.005Z,V4730501,7375,44.82157,9.13105,31625.4,6.0,12.7,141.9,-46.5,0.5,-1.0,RS41-SG,404.900,7.3,250,10,2.6,-1,-1
2025-10-06T00:37:00.005Z,V4730501,7379,44.82129,9.13157,31651.2,6.3,14.9,105.6,-46.4,0.5,-1.0,RS41,404.900,7.1,250,10,2.5,-1,-1
2025-10-06T00:37:01.005Z,V4730501,7380,44.82126,9.13176,31656.6,4.8,16.3,98.9,-46.4,0.5,-1.0,RS41,404.900,7.1,250,10,2.5,-1,-1
2025-10-06T00:37:04.005Z,V4730501,7383,44.82118,9.13240,31674.1,8.0,17.4,108.0,-46.4,0.5,-1.0,RS41,404.900,6.6,250,10,2.5,-1,-1
2025-10-06T00:37:06.005Z,V4730501,7385,44.82104,9.13278,31688.2,5.3,16.3,126.6,-46.3,0.5,-1.0,RS41,404.900,7.0,250,10,2.5,-1,-1
2025-10-06T00:37:13.005Z,V4730501,7392,44.82050,9.13359,31729.6,6.9,10.7,120.2,-46.5,0.5,-1.0,RS41,404.900,6.8,250,10,2.6,-1,-1
2025-10-06T00:37:19.005Z,V4730501,7398,44.82020,9.13453,31769.4,6.5,16.1,107.9,-46.7,0.5,-1.0,RS41,404.900,7.0,250,10,2.6,-1,-1
2025-10-06T00:37:20.005Z,V4730501,7399,44.82015,9.13472,31775.7,6.2,15.7,109.3,-46.7,0.6,-1.0,RS41,404.900,7.0,250,10,2.6,-1,-1
2025-10-06T00:37:21.005Z,V4730501,7400,44.82010,9.13489,31782.2,6.7,14.5,114.4,-46.8,0.5,-1.0,RS41,404.900,7.4,250,10,2.5,-1,-1
2025-10-06T00:37:22.005Z,V4730501,7401,44.82004,9.13505,31789.1,7.1,13.3,123.8,-46.8,0.5,-1.0,RS41,404.900,7.4,250,10,2.5,-1,-1
2025-10-06T00:37:23.005Z,V4730501,7402,44.81997,9.13517,31795.7,6.0,12.4,134.0,-46.8,0.5,-1.0,RS41,404.900,7.4,250,10,2.5,-1,-1
2025-10-06T00:37:24.005Z,V4730501,7403,44.81989,9.13528,31801.3,5.1,11.9,141.1,-46.9,0.5,-1.0,RS41,404.900,7.2,250,10,2.5,-1,-1
2025-10-06T00:37:25.005Z,V4730501,7404,44.81981,9.13537,31807.1,6.4,11.3,143.5,-46.9,0.6,-1.0,RS41,404.900,7.0,250,10,2.6,-1,-1
2025-10-06T00:37:26.005Z,V4730501,7405,44.81973,9.13545,31814.2,8.0,10.6,137.3,-46.9,0.5,-1.0,RS41,404.900,7.0,250,10,2.6,-1,-1
2025-10-06T00:37:27.005Z,V4730501,7406,44.81967,9.13555,31821.9,7.3,10.4,125.1,-47.0,0.5,-1.0,RS41,404.900,7.1,250,10,2.5,-1,-1
2025-10-06T00:37:28.005Z,V4730501,7407,44.81962,9.13567,31828.3,5.3,10.7,114.1,-47.0,0.6,-1.0,RS41,404.900,7.1,250,10,2.5,-1,-1
2025-10-06T00:37:29.005Z,V4730501,7408,44.81959,9.13580,31833.5,5.1,11.8,105.8,-47.0,0.5,-1.0,RS41,404.900,6.9,250,10,2.5,-1,-1
2025-10-06T00:37:30.005Z,V4730501,7409,44.81956,9.13595,31839.0,6.0,12.7,103.1,-47.0,0.6,-1.0,RS41,404.900,6.9,250,10,2.5,-1,-1
2025-10-06T00:37:31.005Z,V4730501,7410,44.81953,9.13611,31845.7,7.3,13.4,105.6,-47.1,0.6,-1.0,RS41,404.900,7.1,250,10,2.6,-1,-1
2025-10-06T00:37:32.005Z,V4730501,7411,44.81950,9.13627,31852.8,6.7,13.6,110.1,-47.1,0.5,-1.0,RS41,404.900,7.1,250,10,2.6,-1,-1
2025-10-06T00:37:36.005Z,V4730501,7415,44.81929,9.13689,31878.8,6.9,13.2,116.8,-47.1,0.5,-1.0,RS41,404.900,6.8,250,10,2.5,-1,-1
2025-10-06T00:37:37.005Z,V4730501,7416,44.81924,9.13703,31885.3,6.0,12.6,117.0,-47.0,0.5,-1.0,RS41,404.900,7.1,250,10,2.6,-1,-1
2025-10-06T00:37:38.005Z,V4730501,7417,44.81918,9.13717,31891.3,6.1,11.8,119.9,-47.0,0.5,-1.0,RS41,404.900,7.1,250,10,2.6,-1,-1
2025-10-06T00:37:39.005Z,V4730501,7418,44.81913,9.13729,31897.7,6.8,11.0,126.1,-47.0,0.6,-1.0,RS41,404.900,7.1,250,10,2.5,-1,-1
2025-10-06T00:37:48.005Z,V4730501,7427,44.81868,9.13838,31954.5,7.3,12.4,108.5,-46.6,0.5,-1.0,RS41,404.900,6.9,250,10,2.6,-1,-1
2025-10-06T00:37:53.005Z,V4730501,7432,44.81844,9.13902,31985.8,6.5,10.6,115.3,-46.2,0.5,-1.0,RS41,404.900,6.5,250,10,2.5,-1,-1
2025-10-06T00:37:54.005Z,V4730501,7433,44.81841,9.13914,31992.5,6.9,10.7,108.7,-46.2,0.5,-1.0,RS41,404.900,6.5,250,10,2.6,-1,-1
2025-10-06T00:37:55.005Z,V4730501,7434,44.81838,9.13927,31999.2,6.8,11.0,103.5,-46.1,0.5,-1.0,RS41,404.900,7.2,250,10,2.6,-1,-1
2025-10-06T00:37:56.005Z,V4730501,7435,44.81836,9.13941,32005.8,6.5,11.2,100.2,-46.1,0.5,-1.0,RS41,404.900,7.2,250,10,2.5,-1,-1
2025-10-06T00:37:57.005Z,V4730501,7436,44.81834,9.13955,32012.2,6.3,11.1,101.1,-46.1,0.5,-1.0,RS41,404.900,6.8,250,10,2.5,-1,-1
2025-10-06T00:37:58.005Z,V4730501,7437,44.81832,9.13968,32018.6,6.6,10.7,105.7,-46.1,0.5,-1.0,RS41,404.900,6.9,250,10,2.5,-1,-1
2025-10-06T00:38:07.005Z,V4730501,7446,44.81778,9.14084,32075.9,5.2,13.2,98.4,-46.2,0.5,-1.0,RS41,404.900,7.1,250,10,2.6,-1,-1
2025-10-06T00:38:08.005Z,V4730501,7447,44.81778,9.14099,32081.0,5.1,11.8,89.5,-46.2,0.5,-1.0,RS41,404.900,7.1,250,10,2.5,-1,-1
2025-10-06T00:38:19.005Z,V4730501,7458,44.81732,9.14236,32144.5,5.9,11.6,105.8,-46.4,0.5,-1.0,RS41,404.900,6.9,250,10,2.5,-1,-1
2025-10-06T00:38:20.005Z,V4730501,7459,44.81730,9.14249,32150.3,5.7,9.3,101.6,-46.4,0.5,-1.0,RS41,404.900,7.3,250,10,2.5,-1,-1
2025-10-06T00:38:27.005Z,V4730501,7466,44.81707,9.14309,32188.4,5.2,11.9,118.3,-46.4,0.5,-1.0,RS41,404.900,6.8,250,10,2.5,-1,-1
2025-10-06T00:38:28.005Z,V4730501,7467,44.81702,9.14323,32193.7,5.3,12.4,112.5,-46.3,0.5,-1.0,RS41,404.900,7.5,250,10,2.5,-1,-1
2025-10-06T00:38:29.005Z,V4730501,7468,44.81698,9.14337,32199.2,5.7,12.1,107.8,-46.3,0.5,-1.0,RS41,404.900,7.5,250,10,2.6,-1,-1
2025-10-06T00:38:30.005Z,V4730501,7469,44.81695,9.14351,32204.8,5.6,11.0,106.5,-46.2,0.5,-1.0,RS41,404.900,7.3,250,10,2.6,-1,-1
2025-10-06T00:38:31.005Z,V4730501,7470,44.81692,9.14364,32210.3,5.3,9.6,108.3,-46.2,0.5,-1.0,RS41,404.900,7.2,250,10,2.5,-1,-1
2025-10-06T00:38:32.005Z,V4730501,7471,44.81689,9.14374,32215.5,5.2,8.3,115.1,-46.2,0.5,-1.0,RS41,404.900,7.2,250,10,2.5,-1,-1
2025-10-06T00:38:44.005Z,V4730501,7483,44.81654,9.14497,32280.9,5.1,8.0,127.6,-46.1,0.5,-1.0,RS41,404.900,6.8,250,10,2.5,-1,-1
2025-10-06T00:38:46.005Z,V4730501,7485,44.81642,9.14514,32290.6,4.7,10.8,137.0,-46.1,0.5,-1.0,RS41,404.900,7.2,250,10,2.6,-1,-1
2025-10-06T00:38:47.005Z,V4730501,7486,44.81635,9.14524,32295.7,5.5,11.8,132.7,-46.0,0.5,-1.0,RS41,404.900,7.5,250,10,2.6,-1,-1
2025-10-06T00:38:48.005Z,V4730501,7487,44.81628,9.14536,32301.5,6.1,12.1,124.2,-46.0,0.5,-1.0,RS41,404.900,7.5,250,10,2.5,-1,-1
2025-10-06T00:38:49.005Z,V4730501,7488,44.81623,9.14549,32307.7,6.1,11.8,114.1,-46.0,0.5,-1.0,RS41,404.900,7.8,250,10,2.5,-1,-1
2025-10-06T00:38:50.005Z,V4730501,7489,44.81620,9.14563,32313.1,4.8,11.0,105.5,-46.0,0.5,-1.0,RS41,404.900,7.8,250,10,2.5,-1,-1
2025-10-06T00:38:51.005Z,V4730501,7490,44.81618,9.14575,32317.8,4.6,9.8,97.1,-46.0,0.5,-1.0,RS41,404.900,7.4,250,10,2.5,-1,-1
2025-10-06T00:38:53.005Z,V4730501,7492,44.81617,9.14595,32328.4,6.2,6.1,94.2,-46.0,0.5,-1.0,RS41,404.900,7.7,250,10,2.6,-1,-1
2025-10-06T00:38:54.005Z,V4730501,7493,44.81616,9.14602,32334.3,5.8,5.0,107.6,-46.0,0.5,-1.0,RS41,404.900,7.7,250,10,2.5,-1,-1
2025-10-06T00:38:58.005Z,V4730501,7497,44.81604,9.14628,32355.6,6.5,8.8,119.4,-46.0,0.5,-1.0,RS41,404.900,7.0,250,10,2.6,-1,-1
2025-10-06T00:38:59.005Z,V4730501,7498,44.81600,9.14639,32361.4,5.2,10.3,114.7,-46.0,0.5,-1.0,RS41,404.900,7.6,250,10,2.6,-1,-1
2025-10-06T00:39:00.005Z,V4730501,7499,44.81596,9.14651,32366.2,4.5,11.8,112.9,-46.0,0.5,-1.0,RS41,404.900,7.9,250,10,2.5,-1,-1
2025-10-06T00:39:01.005Z,V4730501,7500,44.81592,9.14666,32371.1,5.2,12.6,113.4,-46.0,0.5,-1.0,RS41,404.900,7.9,250,10,2.5,-1,-1
2025-10-06T00:39:02.005Z,V4730501,7501,44.81587,9.14680,32376.8,6.2,12.5,117.1,-46.0,0.5,-1.0,RS41,404.900,7.6,250,10,2.5,-1,-1
2025-10-06T00:39:03.005Z,V4730501,7502,44.81582,9.14693,32383.1,6.3,11.9,121.7,-46.0,0.5,-1.0,RS41,404.900,6.9,250,10,2.6,-1,-1
2025-10-06T00:39:07.005Z,V4730501,7506,44.81565,9.14732,32404.8,5.7,6.1,99.0,-45.9,0.5,-1.0,RS41,404.900,7.4,250,10,2.5,-1,-1
2025-10-06T00:39:08.005Z,V4730501,7507,44.81565,9.14739,32410.1,4.9,6.0,82.4,-45.9,0.5,-1.0,RS41,404.900,8.5,250,10,2.5,-1,-1
2025-10-06T00:39:09.005Z,V4730501,7508,44.81566,9.14747,32414.7,4.4,6.5,73.9,-45.9,0.5,-1.0,RS41,404.900,8.5,250,10,2.6,-1,-1
2025-10-06T00:39:10.005Z,V4730501,7509,44.81568,9.14755,32419.6,5.4,6.8,77.2,-45.9,0.5,-1.0,RS41,404.900,7.7,250,10,2.6,-1,-1
2025-10-06T00:39:11.005Z,V4730501,7510,44.81569,9.14764,32425.3,6.1,7.1,90.3,-45.8,0.5,-1.0,RS41,404.900,7.7,250,10,2.5,-1,-1
2025-10-06T00:39:12.005Z,V4730501,7511,44.81568,9.14773,32431.4,6.2,7.9,105.6,-45.8,0.5,-1.0,RS41,404.900,8.1,250,10,2.5,-1,-1
2025-10-06T00:39:13.005Z,V4730501,7512,44.81565,9.14783,32436.7,4.4,9.0,115.8,-45.8,0.5,-1.0,RS41,404.900,8.1,250,10,2.5,-1,-1
2025-10-06T00:39:14.005Z,V4730501,7513,44.81561,9.14794,32440.9,4.0,10.2,120.7,-45.8,0.5,-1.0,RS41,404.900,7.0,250,10,2.5,-1,-1
2025-10-06T00:39:15.005Z,V4730501,7514,44.81556,9.14805,32445.3,4.9,11.2,119.9,-45.8,0.5,-1.0,RS41,404.900,7.0,250,10,2.6,-1,-1
2025-10-06T00:39:16.005Z,V4730501,7515,44.81551,9.14818,32450.8,6.1,11.7,113.0,-45.7,0.5,-1.0,RS41,404.900,7.5,250,10,2.6,-1,-1
2025-10-06T00:39:17.005Z,V4730501,7516,44.81548,9.14832,32456.8,6.1,11.8,104.9,-45.7,0.5,-1.0,RS41,404.900,8.3,250,10,2.5,-1,-1
2025-10-06T00:39:18.005Z,V4730501,7517,44.81546,9.14846,32462.2,4.9,11.3,97.5,-45.7,0.5,-1.0,RS41,404.900,8.3,250,10,2.5,-1,-1
2025-10-06T00:39:19.005Z,V4730501,7518,44.81545,9.14860,32466.9,4.6,10.4,90.4,-45.7,0.5,-1.0,RS41,404.900,8.2,250,10,2.5,-1,-1
2025-10-06T00:39:20.005Z,V4730501,7519,44.81546,9.14872,32471.7,5.0,8.7,85.7,-45.7,0.5,-1.0,RS41,404.900,8.6,250,10,2.5,-1,-1
2025-10-06T00:39:21.005Z,V4730501,7520,44.81546,9.14882,32477.0,5.7,6.8,84.2,-45.7,0.5,-1.0,RS41,404.900,8.6,250,10,2.6,-1,-1
2025-10-06T00:39:22.005Z,V4730501,7521,44.81547,9.14889,32482.5,5.2,5.3,87.8,-45.7,0.5,-1.0,RS41,404.900,8.4,250,10,2.6,-1,-1
2025-10-06T00:39:23.005Z,V4730501,7522,44.81547,9.14896,32487.3,4.6,4.6,92.8,-45.7,0.5,-1.0,RS41,404.900,8.4,250,10,2.5,-1,-1
2025-10-06T00:39:27.005Z,V4730501,7526,44.81547,9.14928,32509.5,4.8,9.7,83.0,-45.7,0.5,-1.0,RS41,404.900,7.2,250,10,2.6,-1,-1
2025-10-06T00:39:28.005Z,V4730501,7527,44.81548,9.14941,32513.7,3.7,11.2,82.7,-45.7,0.5,-1.0,RS41,404.900,7.8,250,10,2.5,-1,-1
2025-10-06T00:39:29.005Z,V4730501,7528,44.81549,9.14956,32517.5,3.8,12.3,85.0,-45.7,0.5,-1.0,RS41,404.900,7.9,250,10,2.5,-1,-1
2025-10-06T00:39:30.005Z,V4730501,7529,44.81550,9.14971,32521.7,4.6,12.5,89.1,-45.7,0.5,-1.0,RS41,404.900,8.2,250,10,2.5,-1,-1
2025-10-06T00:39:31.005Z,V4730501,7530,44.81549,9.14987,32526.9,5.7,11.8,94.4,-45.7,0.5,-1.0,RS41,404.900,9.0,250,10,2.5,-1,-1
2025-10-06T00:39:32.005Z,V4730501,7531,44.81548,9.15001,32532.4,5.4,10.7,98.6,-45.7,0.5,-1.0,RS41,404.900,9.0,250,10,2.6,-1,-1
2025-10-06T00:39:33.005Z,V4730501,7532,44.81547,9.15013,32537.5,4.8,9.5,98.7,-45.7,0.5,-1.0,RS41-SG,404.900,8.5,250,10,2.6,-1,-1
2025-10-06T00:39:34.005Z,V4730501,7533,44.81546,9.15024,32542.2,4.7,8.2,93.2,-45.7,0.5,-1.0,RS41-SG,404.900,8.3,250,10,2.5,-1,-1
2025-10-06T00:39:35.005Z,V4730501,7534,44.81546,9.15034,32547.1,5.1,7.5,80.6,-45.6,0.5,-1.0,RS41-SG,404.900,6.9,250,10,2.5,-1,-1
2025-10-06T00:39:36.005Z,V4730501,7535,44.81549,9.15043,32552.4,5.4,7.9,64.2,-45.6,0.5,-1.0,RS41-SG,404.900,7.3,250,10,2.5,-1,-1
2025-10-06T00:39:37.005Z,V4730501,7536,44.81552,9.15052,32557.3,4.4,9.0,55.5,-45.6,0.5,-1.0,RS41-SG,404.900,8.1,250,10,2.5,-1,-1
2025-10-06T00:39:38.005Z,V4730501,7537,44.81557,9.15062,32561.5,4.1,10.0,52.8,-45.6,0.5,-1.0,RS41-SG,404.900,8.1,250,10,2.6,-1,-1
2025-10-06T00:39:39.005Z,V4730501,7538,44.81563,9.15073,32566.1,5.0,10.5,55.6,-45.6,0.5,-1.0,RS41-SG,404.900,8.6,250,10,2.6,-1,-1
2025-10-06T00:39:40.005Z,V4730501,7539,44.81567,9.15084,32571.4,5.8,10.2,65.6,-45.5,0.5,-1.0,RS41-SG,404.900,8.6,250,10,2.5,-1,-1
2025-10-06T00:39:41.005Z,V4730501,7540,44.81570,9.15096,32577.2,5.7,10.1,78.3,-45.5,0.5,-1.0,RS41-SG,404.900,8.4,250,10,2.5,-1,-1
2025-10-06T00:39:42.005Z,V4730501,7541,44.81571,9.15109,32582.3,4.5,10.4,90.2,-45.5,0.5,-1.0,RS41-SG,404.900,8.3,250,10,2.5,-1,-1
2025-10-06T00:39:47.005Z,V4730501,7546,44.81566,9.15187,32604.8,4.0,14.1,86.1,-45.6,0.5,-1.0,RS41-SG,404.900,6.8,250,10,2.5,-1,-1
2025-10-06T00:39:49.005Z,V4730501,7548,44.81570,9.15222,32612.6,4.3,13.7,79.5,-45.6,0.5,-1.0,RS41-SG,404.900,7.2,250,10,2.6,-1,-1
2025-10-06T00:39:50.005Z,V4730501,7549,44.81572,9.15238,32617.4,5.3,12.6,80.3,-45.6,0.5,-1.0,RS41-SG,404.900,7.6,250,10,2.6,-1,-1
2025-10-06T00:39:51.005Z,V4730501,7550,44.81573,9.15253,32622.7,5.3,11.6,83.3,-45.6,0.5,-1.0,RS41-SG,404.900,7.6,250,10,2.5,-1,-1
2025-10-06T00:39:55.005Z,V4730501,7554,44.81576,9.15309,32640.7,5.1,11.8,83.9,-45.6,0.5,-1.0,RS41-SG,404.900,6.9,250,10,2.6,-1,-1
2025-10-06T00:39:56.005Z,V4730501,7555,44.81577,9.15324,32646.0,5.5,12.7,80.0,-45.6,0.5,-1.0,RS41-SG,404.900,7.1,250,10,2.6,-1,-1
2025-10-06T00:39:57.005Z,V4730501,7556,44.81580,9.15340,32651.3,5.1,13.4,78.0,-45.6,0.5,-1.0,RS41-SG,404.900,7.5,250,10,2.5,-1,-1
2025-10-06T00:39:58.005Z,V4730501,7557,44.81582,9.15357,32655.8,4.0,13.7,77.8,-45.6,0.5,-1.0,RS41-SG,404.900,7.5,250,10,2.5,-1,-1
2025-10-06T00:39:59.005Z,V4730501,7558,44.81584,9.15374,32659.9,4.3,13.5,81.2,-45.6,0.5,-1.0,RS41-SG,404.900,7.5,250,10,2.5,-1,-1
2025-10-06T00:40:00.005Z,V4730501,7559,44.81585,9.15390,32664.5,5.1,12.9,89.3,-45.6,0.5,-1.0,RS41-SG,404.900,7.6,250,10,2.5,-1,-1
2025-10-06T00:40:08.005Z,V4730501,7567,44.81569,9.15516,32701.3,4.3,14.5,86.9,-45.5,0.5,-1.0,RS41-SG,404.900,6.9,250,10,2.6,-1,-1
2025-10-06T00:40:09.005Z,V4730501,7568,44.81569,9.15534,32705.8,4.7,15.0,87.3,-45.4,0.5,-1.0,RS41-SG,404.900,6.9,250,10,2.5,-1,-1
2025-10-06T00:40:10.005Z,V4730501,7569,44.81570,9.15553,32710.6,4.9,15.3,90.2,-45.4,0.5,-1.0,RS41-SG,404.900,6.8,250,10,2.5,-1,-1
2025-10-06T00:40:11.005Z,V4730501,7570,44.81569,9.15573,32715.3,4.4,15.6,93.8,-45.4,0.5,-1.0,RS41-SG,404.900,6.7,250,10,2.5,-1,-1
2025-10-06T00:40:12.005Z,V4730501,7571,44.81568,9.15592,32719.4,3.8,16.2,97.0,-45.4,0.5,-1.0,RS41-SG,404.900,6.6,250,10,2.6,-1,-1
2025-10-06T00:40:13.005Z,V4730501,7572,44.81566,9.15613,32723.5,4.2,17.0,99.0,-45.4,0.5,-1.0,RS41-SG,404.900,7.0,250,10,2.6,-1,-1
2025-10-06T00:40:15.005Z,V4730501,7574,44.81561,9.15657,32733.2,5.4,18.1,98.9,-45.4,0.5,-1.0,RS41-SG,404.900,7.6,250,10,2.5,-1,-1
2025-10-06T00:40:16.005Z,V4730501,7575,44.81558,9.15679,32738.4,4.9,17.8,98.0,-45.4,0.5,-1.0,RS41-SG,404.900,7.6,250,10,2.5,-1,-1
2025-10-06T00:40:17.005Z,V4730501,7576,44.81556,9.15701,32743.1,4.5,16.6,97.8,-45.4,0.5,-1.0,RS41-SG,404.900,7.5,250,10,2.5,-1,-1
2025-10-06T00:40:18.005Z,V4730501,7577,44.81554,9.15720,32747.6,4.3,14.6,99.4,-45.4,0.5,-1.0,RS41-SG,404.900,7.5,250,10,2.6,-1,-1
2025-10-06T00:40:19.005Z,V4730501,7578,44.81552,9.15737,32751.7,4.0,12.4,104.4,-45.4,0.5,-1.0,RS41-SG,404.900,7.4,250,10,2.6,-1,-1
2025-10-06T00:40:20.005Z,V4730501,7579,44.81548,9.15750,32755.6,3.7,10.4,112.8,-45.4,0.5,-1.0,RS41-SG,404.900,7.8,250,10,2.5,-1,-1
2025-10-06T00:40:23.005Z,V4730501,7582,44.81534,9.15781,32769.1,5.4,11.0,126.5,-45.3,0.5,-1.0,RS41-SG,404.900,7.0,250,10,2.5,-1,-1
2025-10-06T00:40:24.005Z,V4730501,7583,44.81528,9.15794,32774.6,5.6,13.1,119.6,-45.3,0.5,-1.0,RS41-SG,404.900,7.2,250,10,2.6,-1,-1
2025-10-06T00:40:27.005Z,V4730501,7586,44.81513,9.15856,32789.0,3.6,21.6,102.0,-45.1,0.5,-1.0,RS41-SG,404.900,7.3,250,10,2.5,-1,-1
2025-10-06T00:40:28.005Z,V4730501,7587,44.81509,9.15884,32792.4,3.2,22.8,98.9,-45.1,0.5,-1.0,RS41-SG,404.900,7.6,250,10,2.5,-1,-1
2025-10-06T00:40:29.005Z,V4730501,7588,44.81506,9.15912,32796.3,4.8,22.3,97.9,-45.1,0.5,-1.0,RS41-SG,404.900,8.3,250,10,2.5,-1,-1
2025-10-06T00:40:30.005Z,V4730501,7589,44.81503,9.15938,32802.0,6.7,19.5,100.1,-45.1,0.5,-1.0,RS41-SG,404.900,8.3,250,10,2.6,-1,-1
2025-10-06T00:40:31.005Z,V4730501,7590,44.81500,9.15960,32808.5,6.2,16.3,105.7,-45.1,0.4,-1.0,RS41-SG,404.900,8.1,250,10,2.6,-1,-1
2025-10-06T00:40:32.005Z,V4730501,7591,44.81495,9.15977,32813.4,3.7,13.8,113.2,-45.1,0.5,-1.0,RS41-SG,404.900,8.8,250,9,2.5,-1,-1
2025-10-06T00:40:33.005Z,V4730501,7592,44.81490,9.15992,32816.3,2.2,12.1,124.2,-45.1,0.5,-1.0,RS41-SG,404.900,8.8,250,9,2.5,-1,-1
2025-10-06T00:40:34.005Z,V4730501,7593,44.81483,9.16003,32819.0,3.0,11.6,136.2,-45.1,0.5,-1.0,RS41-SG,404.900,7.8,250,9,2.5,-1,-1
2025-10-06T00:40:35.005Z,V4730501,7594,44.81475,9.16013,32823.0,5.0,12.6,141.1,-45.1,0.5,-1.0,RS41-SG,404.900,7.4,250,9,2.6,-1,-1
2025-10-06T00:40:36.005Z,V4730501,7595,44.81466,9.16024,32828.3,5.5,14.0,138.8,-45.1,0.5,-1.0,RS41-SG,404.900,8.0,250,9,2.6,-1,-1
2025-10-06T00:40:37.005Z,V4730501,7596,44.81456,9.16036,32833.2,4.4,15.3,134.4,-45.0,0.5,-1.0,RS41-SG,404.900,8.0,250,9,2.5,-1,-1
2025-10-06T00:40:38.005Z,V4730501,7597,44.81447,9.16051,32837.4,3.8,16.5,130.0,-45.0,0.4,-1.0,RS41-SG,404.900,7.9,250,9,2.5,-1,-1
2025-10-06T00:40:39.005Z,V4730501,7598,44.81438,9.16068,32841.3,4.0,17.4,125.4,-44.9,0.5,-1.0,RS41-SG,404.900,7.5,250,9,2.5,-1,-1
2025-10-06T00:40:40.005Z,V4730501,7599,44.81429,9.16087,32845.9,5.2,17.6,121.1,-44.8,0.4,-1.0,RS41-SG,404.900,7.5,250,9,2.5,-1,-1
2025-10-06T00:40:41.005Z,V4730501,7600,44.81421,9.16106,32851.4,5.8,17.2,117.9,-44.8,0.5,-1.0,RS41-SG,404.900,7.8,250,9,2.6,-1,-1
2025-10-06T00:40:42.005Z,V4730501,7601,44.81414,9.16125,32856.7,4.7,16.4,115.5,-44.7,0.5,-1.0,RS41-SG,404.900,7.8,250,9,2.6,-1,-1
2025-10-06T00:40:43.005Z,V4730501,7602,44.81409,9.16143,32861.1,4.2,15.7,111.5,-44.7,0.5,-1.0,RS41-SG,404.900,7.0,250,9,2.5,-1,-1
2025-10-06T00:40:44.005Z,V4730501,7603,44.81404,9.16161,32865.4,4.3,15.1,108.4,-44.6,0.4,-1.0,RS41-SG,404.900,7.5,250,9,2.5,-1,-1
2025-10-06T00:40:45.005Z,V4730501,7604,44.81400,9.16179,32870.3,5.4,14.8,105.7,-44.6,0.5,-1.0,RS41-SG,404.900,8.4,250,9,2.5,-1,-1
2025-10-06T00:40:46.005Z,V4730501,7605,44.81396,9.16197,32875.6,5.3,14.7,106.3,-44.6,0.5,-1.0,RS41-SG,404.900,8.4,250,9,2.5,-1,-1
2025-10-06T00:40:47.005Z,V4730501,7606,44.81392,9.16214,32881.0,5.5,14.4,111.2,-44.5,0.5,-1.0,RS41-SG,404.900,7.5,250,9,2.6,-1,-1
2025-10-06T00:40:48.005Z,V4730501,7607,44.81387,9.16231,32886.7,6.0,14.2,120.9,-44.5,0.4,-1.0,RS41-SG,404.900,7.2,250,9,2.6,-1,-1
2025-10-06T00:40:49.005Z,V4730501,7608,44.81379,9.16245,32892.6,5.7,14.3,132.2,-44.4,0.4,-1.0,RS41-SG,404.900,7.3,250,9,2.5,-1,-1
2025-10-06T00:40:50.005Z,V4730501,7609,44.81370,9.16257,32897.7,4.4,14.8,141.4,-44.4,0.4,-1.0,RS41-SG,404.900,7.3,250,10,2.5,-1,-1
2025-10-06T00:40:51.005Z,V4730501,7610,44.81359,9.16268,32901.6,3.4,15.3,146.7,-44.4,0.4,-1.0,RS41-SG,404.900,7.3,250,10,2.5,-1,-1
2025-10-06T00:40:52.005Z,V4730501,7611,44.81347,9.16279,32905.5,4.4,15.9,147.8,-44.3,0.4,-1.0,RS41-SG,404.900,7.3,250,10,2.5,-1,-1
2025-10-06T00:40:56.005Z,V4730501,7615,44.81308,9.16336,32927.1,4.1,15.7,118.3,-43.9,0.4,-1.0,RS41-SG,404.900,7.6,250,10,2.5,-1,-1
2025-10-06T00:40:57.005Z,V4730501,7616,44.81302,9.16353,32931.3,4.1,14.7,112.2,-43.8,0.4,-1.0,RS41-SG,404.900,7.6,250,10,2.5,-1,-1
2025-10-06T00:40:58.005Z,V4730501,7617,44.81297,9.16370,32935.9,5.1,13.3,109.2,-43.7,0.4,-1.0,RS41-SG,404.900,7.2,250,10,2.6,-1,-1
2025-10-06T00:40:59.005Z,V4730501,7618,44.81294,9.16384,32941.7,6.3,11.2,112.2,-43.7,0.4,-1.0,RS41-SG,404.900,7.0,250,10,2.6,-1,-1
2025-10-06T00:41:00.005Z,V4730501,7619,44.81289,9.16396,32947.8,5.8,9.8,121.6,-43.6,0.4,-1.0,RS41-SG,404.900,7.0,250,10,2.5,-1,-1
2025-10-06T00:41:04.005Z,V4730501,7623,44.81260,9.16431,32967.4,6.1,13.9,145.8,-43.5,0.4,-1.0,RS41-SG,404.900,7.4,250,10,2.6,-1,-1
2025-10-06T00:41:05.005Z,V4730501,7624,44.81249,9.16441,32973.0,5.1,15.3,142.8,-43.5,0.4,-1.0,RS41-SG,404.900,7.4,250,10,2.6,-1,-1
2025-10-06T00:41:09.005Z,V4730501,7628,44.81204,9.16493,32995.4,6.4,15.0,140.8,-43.5,0.4,-1.0,RS41-SG,404.900,7.0,250,10,2.5,-1,-1
2025-10-06T00:41:10.005Z,V4730501,7629,44.81195,9.16505,33001.2,5.3,13.6,140.8,-43.4,0.4,-1.0,RS41-SG,404.900,7.1,250,10,2.6,-1,-1
2025-10-06T00:41:12.005Z,V4730501,7631,44.81179,9.16525,33012.2,5.7,10.4,131.2,-43.3,0.4,-1.0,RS41-SG,404.900,6.9,250,10,2.5,-1,-1
2025-10-06T00:41:13.005Z,V4730501,7632,44.81174,9.16535,33018.1,5.9,9.4,121.1,-43.3,0.4,-1.0,RS41-SG,404.900,7.5,250,10,2.5,-1,-1
2025-10-06T00:41:14.005Z,V4730501,7633,44.81170,9.16545,33023.5,4.9,8.9,114.2,-43.3,0.4,-1.0,RS41-SG,404.900,7.5,250,10,2.5,-1,-1
2025-10-06T00:41:15.005Z,V4730501,7634,44.81167,9.16555,33028.6,5.1,8.5,113.1,-43.3,0.4,-1.0,RS41-SG,404.900,6.9,250,10,2.6,-1,-1
2025-10-06T00:41:16.005Z,V4730501,7635,44.81163,9.16564,33034.2,6.0,8.2,119.7,-43.3,0.4,-1.0,RS41-SG,404.900,6.9,250,10,2.6,-1,-1
2025-10-06T00:41:27.005Z,V4730501,7646,44.81095,9.16655,33096.1,6.6,9.9,128.8,-43.2,0.4,-1.0,RS41-SG,404.900,6.6,250,10,2.6,-1,-1
2025-10-06T00:41:33.005Z,V4730501,7652,44.81064,9.16696,33131.0,5.6,5.7,128.4,-43.2,0.4,-1.0,RS41-SG,404.900,7.0,250,10,2.6,-1,-1
2025-10-06T00:41:34.005Z,V4730501,7653,44.81061,9.16701,33136.4,5.2,5.2,127.6,-43.2,0.4,-1.0,RS41-SG,404.900,7.0,250,10,2.6,-1,-1
2025-10-06T00:41:35.005Z,V4730501,7654,44.81058,9.16706,33141.8,5.7,4.9,134.6,-43.2,0.4,-1.0,RS41-SG,404.900,6.8,250,10,2.5,-1,-1
2025-10-06T00:41:36.005Z,V4730501,7655,44.81055,9.16710,33147.7,6.0,5.1,146.3,-43.2,0.4,-1.0,RS41-SG,404.900,6.7,250,10,2.5,-1,-1
2025-10-06T00:41:37.005Z,V4730501,7656,44.81050,9.16713,33153.8,6.3,5.7,156.9,-43.2,0.4,-1.0,RS41-SG,404.900,6.5,250,10,2.5,-1,-1
2025-10-06T00:41:42.005Z,V4730501,7661,44.81027,9.16734,33184.5,6.3,6.5,112.7,-43.2,0.4,-1.0,RS41-SG,404.900,6.9,250,10,2.5,-1,-1
2025-10-06T00:41:43.005Z,V4730501,7662,44.81025,9.16742,33190.5,5.8,7.5,96.8,-43.2,0.4,-1.0,RS41-SG,404.900,6.9,250,10,2.5,-1,-1
2025-10-06T00:41:44.005Z,V4730501,7663,44.81025,9.16752,33195.9,5.0,8.1,89.7,-43.2,0.4,-1.0,RS41-SG,404.900,6.9,250,10,2.6,-1,-1
2025-10-06T00:41:46.005Z,V4730501,7665,44.81025,9.16772,33207.8,7.0,7.2,98.4,-43.2,0.4,-1.0,RS41-SG,404.900,7.0,250,10,2.5,-1,-1
2025-10-06T00:41:47.005Z,V4730501,7666,44.81023,9.16780,33214.8,7.2,6.3,119.1,-43.2,0.4,-1.0,RS41-SG,404.900,7.3,250,10,2.5,-1,-1
2025-10-06T00:41:48.005Z,V4730501,7667,44.81019,9.16785,33221.3,5.7,6.3,140.7,-43.2,0.4,-1.0,RS41-SG,404.900,7.5,250,10,2.5,-1,-1
2025-10-06T00:41:55.005Z,V4730501,7674,44.80991,9.16806,33262.4,5.1,3.7,90.0,-43.3,0.4,-1.0,RS41-SG,404.900,6.8,250,10,2.6,-1,-1
2025-10-06T00:41:56.005Z,V4730501,7675,44.80992,9.16811,33267.8,5.7,4.0,82.8,-43.3,0.4,-1.0,RS41-SG,404.900,7.0,250,10,2.6,-1,-1
2025-10-06T00:41:57.005Z,V4730501,7676,44.80992,9.16816,33274.0,6.6,3.7,90.9,-43.3,0.4,-1.0,RS41-SG,404.900,7.3,250,10,2.5,-1,-1
2025-10-06T00:41:58.005Z,V4730501,7677,44.80991,9.16820,33280.8,6.9,3.4,115.3,-43.3,0.5,-1.0,RS41-SG,404.900,7.3,250,10,2.5,-1,-1
2025-10-06T00:41:59.005Z,V4730501,7678,44.80989,9.16823,33287.6,6.7,3.9,141.3,-43.4,0.4,-1.0,RS41-SG,404.900,7.2,250,10,2.5,-1,-1
2025-10-06T00:42:05.005Z,V4730501,7684,44.80970,9.16840,33325.4,6.2,3.8,98.5,-43.6,0.4,-1.0,RS41-SG,404.900,7.2,250,10,2.5,-1,-1
2025-10-06T00:42:06.005Z,V4730501,7685,44.80970,9.16846,33331.2,5.2,4.4,83.5,-43.7,0.4,-1.0,RS41-SG,404.900,7.2,250,10,2.5,-1,-1
2025-10-06T00:42:09.005Z,V4730501,7688,44.80971,9.16860,33348.3,6.5,2.3,106.7,-43.8,0.4,-1.0,RS41-SG,404.900,6.8,250,10,2.5,-1,-1
2025-10-06T00:42:10.005Z,V4730501,7689,44.80970,9.16862,33354.8,6.5,2.1,162.3,-43.8,0.4,-1.0,RS41-SG,404.900,6.9,250,10,2.5,-1,-1
2025-10-06T00:42:11.005Z,V4730501,7690,44.80967,9.16862,33360.8,5.6,3.0,191.0,-43.8,0.5,-1.0,RS41-SG,404.900,7.2,250,10,2.5,-1,-1
2025-10-06T00:42:12.005Z,V4730501,7691,44.80965,9.16861,33366.4,5.5,3.4,200.3,-43.9,0.5,-1.0,RS41-SG,404.900,7.2,250,10,2.6,-1,-1
2025-10-06T00:42:13.005Z,V4730501,7692,44.80962,9.16859,33372.1,5.9,3.1,199.4,-43.9,0.4,-1.0,RS41-SG,404.900,7.1,250,10,2.6,-1,-1
2025-10-06T00:42:15.005Z,V4730501,7694,44.80958,9.16860,33385.5,7.4,2.2,105.1,-43.8,0.5,-1.0,RS41-SG,404.900,7.2,250,10,2.5,-1,-1
2025-10-06T00:42:17.005Z,V4730501,7696,44.80959,9.16871,33397.8,4.8,6.2,79.5,-43.6,0.4,-1.0,RS41-SG,404.900,6.9,250,10,2.5,-1,-1
2025-10-06T00:42:18.005Z,V4730501,7697,44.80960,9.16879,33402.7,5.0,7.4,81.7,-43.5,0.4,-1.0,RS41-SG,404.900,7.2,250,10,2.6,-1,-1
2025-10-06T00:42:19.005Z,V4730501,7698,44.80961,9.16888,33408.3,6.4,7.6,89.6,-43.4,0.4,-1.0,RS41-SG,404.900,7.3,250,10,2.6,-1,-1
2025-10-06T00:42:20.005Z,V4730501,7699,44.80960,9.16897,33415.2,7.3,6.9,103.2,-43.3,0.4,-1.0,RS41-SG,404.900,7.6,250,10,2.5,-1,-1
2025-10-06T00:42:21.005Z,V4730501,7700,44.80958,9.16905,33422.1,6.6,6.4,121.7,-43.2,0.4,-1.0,RS41-SG,404.900,7.6,250,10,2.5,-1,-1
2025-10-06T00:42:22.005Z,V4730501,7701,44.80954,9.16911,33428.2,5.4,6.2,137.6,-43.2,0.4,-1.0,RS41-SG,404.900,7.1,250,10,2.5,-1,-1
2025-10-06T00:42:28.005Z,V4730501,7707,44.80935,9.16940,33466.1,5.2,5.6,95.2,-43.1,0.4,-1.0,RS41-SG,404.900,7.2,250,10,2.5,-1,-1
2025-10-06T00:42:29.005Z,V4730501,7708,44.80935,9.16947,33471.5,5.6,6.1,91.3,-43.1,0.4,-1.0,RS41-SG,404.900,7.2,250,10,2.6,-1,-1
2025-10-06T00:42:30.005Z,V4730501,7709,44.80934,9.16955,33477.6,6.5,6.1,95.3,-43.1,0.4,-1.0,RS41-SG,404.900,7.2,250,10,2.6,-1,-1
2025-10-06T00:42:31.005Z,V4730501,7710,44.80933,9.16962,33484.6,7.2,5.9,105.1,-43.1,0.4,-1.0,RS41-SG,404.900,7.3,250,10,2.5,-1,-1
2025-10-06T00:42:32.005Z,V4730501,7711,44.80932,9.16969,33491.4,6.4,5.9,115.5,-43.2,0.4,-1.0,RS41-SG,404.900,7.3,250,10,2.5,-1,-1
2025-10-06T00:42:33.005Z,V4730501,7712,44.80929,9.16976,33497.5,5.7,6.2,122.3,-43.2,0.4,-1.0,RS41-SG,404.900,7.0,250,10,2.5,-1,-1
2025-10-06T00:42:35.005Z,V4730501,7714,44.80923,9.16991,33509.7,6.8,7.6,117.1,-43.2,0.4,-1.0,RS41-SG,404.900,6.8,250,10,2.6,-1,-1
2025-10-06T00:42:36.005Z,V4730501,7715,44.80920,9.17000,33516.6,7.0,8.6,109.5,-43.3,0.4,-1.0,RS41-SG,404.900,6.9,250,10,2.6,-1,-1
2025-10-06T00:42:37.005Z,V4730501,7716,44.80918,9.17011,33523.2,6.0,9.4,103.9,-43.3,0.4,-1.0,RS41-SG,404.900,7.3,250,10,2.5,-1,-1
2025-10-06T00:42:38.005Z,V4730501,7717,44.80916,9.17023,33529.0,5.6,9.9,101.1,-43.3,0.4,-1.0,RS41-SG,404.900,7.3,250,10,2.5,-1,-1
2025-10-06T00:42:39.005Z,V4730501,7718,44.80914,9.17035,33534.9,6.3,9.8,102.4,-43.3,0.4,-1.0,RS41-SG,404.900,7.4,250,10,2.5,-1,-1
2025-10-06T00:42:41.005Z,V4730501,7720,44.80909,9.17057,33548.5,0.5,8.9,109.3,-43.3,0.4,-1.0,RS41-SG,404.900,7.2,250,10,2.6,-1,-1
2025-10-06T00:42:42.005Z,V4730501,7721,44.80906,9.17068,33544.0,-9.2,9.0,109.7,-43.3,0.4,-1.0,RS41-SG,404.900,7.6,250,10,2.6,-1,-1
2025-10-06T00:42:43.005Z,V4730501,7722,44.80904,9.17078,33530.2,-18.4,8.8,109.5,-43.3,0.4,-1.0,RS41-SG,404.900,7.6,250,10,2.5,-1,-1
2025-10-06T00:42:44.005Z,V4730501,7723,44.80901,9.17089,33507.4,-27.3,8.7,110.8,-43.2,0.4,-1.0,RS41-SG,404.900,8.2,250,10,2.5,-1,-1
2025-10-06T00:42:45.005Z,V4730501,7724,44.80898,9.17099,33475.9,-35.8,8.4,109.9,-43.0,0.4,-1.0,RS41-SG,404.900,8.2,250,10,2.5,-1,-1
2025-10-06T00:42:49.005Z,V4730501,7728,44.80887,9.17131,33286.1,-41.0,5.1,189.4,-42.9,0.4,-1.0,RS41-SG,404.900,7.0,250,10,2.5,-1,-1
2025-10-06T00:42:50.005Z,V4730501,7729,44.80882,9.17129,33245.1,-41.0,5.9,204.5,-43.0,0.4,-1.0,RS41-SG,404.900,6.7,250,10,2.5,-1,-1
2025-10-06T00:43:00.005Z,V4730501,7739,44.80838,9.17179,32785.1,-54.1,13.8,121.1,-44.1,0.5,-1.0,RS41-SG,404.900,7.3,250,9,2.5,-1,-1
2025-10-06T00:43:01.005Z,V4730501,7740,44.80831,9.17195,32730.5,-54.5,15.0,121.7,-44.3,0.5,-1.0,RS41-SG,404.900,7.3,250,9,2.5,-1,-1
2025-10-06T00:43:02.005Z,V4730501,7741,44.80825,9.17211,32674.1,-58.0,15.0,119.8,-44.3,0.5,-1.0,RS41-SG,404.900,7.3,250,10,2.5,-1,-1
2025-10-06T00:43:03.005Z,V4730501,7742,44.80818,9.17227,32615.5,-59.5,15.0,119.0,-44.3,0.5,-1.0,RS41-SG,404.900,7.3,250,9,2.6,-1,-1
2025-10-06T00:43:04.005Z,V4730501,7743,44.80812,9.17244,32557.0,-57.1,15.3,117.9,-44.2,0.5,-1.0,RS41-SG,404.900,7.2,250,10,2.6,-1,-1
2025-10-06T00:43:06.005Z,V4730501,7745,44.80800,9.17276,32441.0,-58.7,13.9,121.1,-44.2,0.5,-1.0,RS41-SG,404.900,7.1,250,10,2.5,-1,-1
2025-10-06T00:43:07.005Z,V4730501,7746,44.80794,9.17291,32381.3,-61.2,12.5,116.2,-44.2,0.5,-1.0,RS41-SG,404.900,6.9,250,9,2.5,-1,-1
2025-10-06T00:43:08.005Z,V4730501,7747,44.80789,9.17305,32320.0,-61.5,13.1,118.7,-44.4,0.5,-1.0,RS41-SG,404.900,6.9,250,10,2.5,-1,-1
2025-10-06T00:43:09.005Z,V4730501,7748,44.80784,9.17319,32259.3,-60.8,11.4,115.0,-44.5,0.5,-1.0,RS41-SG,404.900,7.0,250,8,2.6,-1,-1
2025-10-06T00:43:13.005Z,V4730501,7752,44.80767,9.17369,32005.7,-67.1,11.1,113.6,-44.7,0.5,-1.0,RS41-SG,404.900,7.1,250,9,2.5,08:29:58,-1
2025-10-06T00:43:14.005Z,V4730501,7753,44.80763,9.17381,31938.6,-68.2,9.6,112.8,-45.2,0.5,-1.0,RS41-SG,404.900,7.1,250,9,2.5,08:29:58,-1
2025-10-06T00:43:15.005Z,V4730501,7754,44.80760,9.17392,31871.1,-67.7,9.6,111.4,-45.6,0.5,-1.0,RS41-SG,404.900,6.7,250,9,2.6,08:29:58,-1
2025-10-06T00:43:16.005Z,V4730501,7755,44.80757,9.17404,31803.9,-67.5,9.9,112.1,-45.6,0.5,-1.0,RS41-SG,404.900,6.8,250,9,2.6,08:29:58,-1
2025-10-06T00:43:17.005Z,V4730501,7756,44.80753,9.17416,31736.8,-67.6,10.0,112.9,-45.5,0.5,-1.0,RS41-SG,404.900,7.4,250,9,2.5,08:29:58,-1
2025-10-06T00:43:32.005Z,V4730501,7771,44.80701,9.17634,30808.7,-55.6,8.8,80.2,-45.6,0.5,-1.0,RS41-SG,404.900,7.3,250,9,2.6,08:29:58,-1
2025-10-06T00:43:33.005Z,V4730501,7772,44.80703,9.17645,30754.9,-53.5,8.0,75.2,-45.6,0.5,-1.0,RS41-SG,404.900,7.3,250,7,2.6,08:29:58,-1
2025-10-06T00:43:35.005Z,V4730501,7774,44.80706,9.17660,30649.3,-52.6,4.7,74.5,-46.0,0.5,-1.0,RS41-SG,404.900,7.2,250,7,2.5,08:29:58,-1
2025-10-06T00:43:36.005Z,V4730501,7775,44.80707,9.17666,30597.5,-52.6,4.2,68.4,-46.1,0.5,-1.0,RS41-SG,404.900,7.4,250,10,2.5,08:29:58,-1
2025-10-06T00:43:37.005Z,V4730501,7776,44.80708,9.17671,30545.8,-52.1,4.1,84.4,-46.3,0.5,-1.0,RS41-SG,404.900,7.4,250,8,2.6,08:29:58,-1
2025-10-06T00:43:38.005Z,V4730501,7777,44.80707,9.17676,30494.1,-51.5,4.0,114.5,-46.5,0.5,-1.0,RS41-SG,404.900,7.1,250,8,2.6,08:29:58,-1
2025-10-06T00:43:39.005Z,V4730501,7778,44.80706,9.17680,30444.2,-49.5,3.6,118.4,-46.8,0.5,-1.0,RS41-SG,404.900,7.9,250,8,2.5,08:29:58,-1
2025-10-06T00:43:40.005Z,V4730501,7779,44.80703,9.17685,30395.7,-47.5,6.1,124.1,-47.1,0.6,-1.0,RS41-SG,404.900,7.9,250,7,2.5,08:29:58,-1
2025-10-06T00:43:41.005Z,V4730501,7780,44.80699,9.17692,30350.9,-42.4,8.2,134.3,-47.3,0.6,-1.0,RS41-SG,404.900,7.3,250,9,2.5,08:29:58,-1
2025-10-06T00:43:42.005Z,V4730501,7781,44.80694,9.17701,30311.0,-39.9,9.5,127.8,-47.4,0.6,-1.0,RS41-SG,404.900,7.5,250,8,2.5,08:29:58,-1
2025-10-06T00:43:43.005Z,V4730501,7782,44.80688,9.17711,30271.2,-40.9,10.7,128.9,-47.4,0.6,-1.0,RS41-SG,404.900,7.6,250,10,2.6,08:29:58,-1
2025-10-06T00:43:44.005Z,V4730501,7783,44.80682,9.17722,30230.4,-41.9,11.4,127.0,-47.4,0.6,-1.0,RS41-SG,404.900,7.6,250,8,2.6,08:29:58,-1
2025-10-06T00:43:45.005Z,V4730501,7784,44.80676,9.17734,30189.8,-40.3,12.4,123.7,-47.3,0.5,-1.0,RS41-SG,404.900,7.3,250,8,2.5,08:29:58,-1
2025-10-06T00:43:46.005Z,V4730501,7785,44.80670,9.17748,30148.6,-41.8,13.0,120.7,-47.3,0.6,-1.0,RS41-SG,404.900,7.3,250,8,2.5,08:29:58,-1
2025-10-06T00:43:47.005Z,V4730501,7786,44.80663,9.17763,30105.2,-44.4,13.9,120.0,-47.2,0.6,-1.0,RS41-SG,404.900,7.2,250,9,2.5,08:29:58,-1
2025-10-06T00:43:48.005Z,V4730501,7787,44.80658,9.17777,30061.8,-42.3,12.2,117.3,-47.1,0.6,-1.0,RS41-SG,404.900,6.3,250,9,2.5,08:29:58,-1
2025-10-06T00:43:49.005Z,V4730501,7788,44.80653,9.17791,30019.3,-42.7,11.2,115.6,-47.3,0.6,-1.0,RS41-SG,404.900,6.3,250,9,2.6,08:29:58,-1
2025-10-06T00:43:50.005Z,V4730501,7789,44.80648,9.17803,29975.5,-44.8,11.0,115.4,-47.4,0.5,-1.0,RS41-SG,404.900,6.8,250,8,2.6,08:29:58,-1
2025-10-06T00:43:53.005Z,V4730501,7792,44.80640,9.17830,29869.9,-25.5,5.1,120.7,-48.2,0.6,-1.0,RS41-SG,404.900,7.4,250,7,2.5,08:29:58,-1
2025-10-06T00:43:54.005Z,V4730501,7793,44.80637,9.17836,29844.8,-25.2,5.9,130.1,-48.5,0.6,-1.0,RS41-SG,404.900,7.4,250,9,2.6,08:29:58,-1
2025-10-06T00:43:55.005Z,V4730501,7794,44.80633,9.17843,29820.7,-24.0,7.4,129.4,-48.5,0.6,-1.0,RS41-SG,404.900,7.1,250,9,2.6,08:29:58,-1
2025-10-06T00:44:08.005Z,V4730501,7807,44.80579,9.17992,29459.3,-33.6,6.8,97.3,-47.9,0.5,-1.0,RS41-SG,404.900,6.8,250,8,2.5,08:29:58,-1
2025-10-06T00:44:12.005Z,V4730501,7811,44.80571,9.18027,29328.3,-33.0,7.9,106.5,-47.2,0.5,-1.0,RS41-SG,404.900,7.1,250,8,2.6,08:29:58,-1
2025-10-06T00:44:37.005Z,V4730501,7836,44.80484,9.18281,28456.3,-32.3,13.3,112.7,-48.4,0.6,-1.0,RS41-SG,404.900,6.3,250,8,2.5,08:29:58,-1
2025-10-06T00:45:13.005Z,V4730501,7872,44.80394,9.18723,27256.3,-32.2,10.9,88.6,-49.2,0.6,-1.0,RS41-SG,404.900,6.8,250,8,2.6,08:29:58,-1
2025-10-06T00:45:18.005Z,V4730501,7877,44.80388,9.18801,27100.5,-33.0,12.7,102.7,-49.7,0.6,-1.0,RS41-SG,404.900,6.6,250,8,2.5,08:29:58,-1
2025-10-06T00:45:19.005Z,V4730501,7878,44.80384,9.18816,27068.5,-31.4,13.6,114.5,-49.9,0.6,-1.0,RS41-SG,404.900,6.8,250,7,2.6,08:29:58,-1
2025-10-06T00:45:20.005Z,V4730501,7879,44.80379,9.18831,27036.6,-29.8,13.3,115.4,-50.2,0.7,-1.0,RS41-SG,404.900,6.9,250,9,2.6,08:29:58,-1
2025-10-06T00:45:23.005Z,V4730501,7882,44.80361,9.18871,26944.9,-30.5,12.5,132.6,-51.1,0.7,-1.0,RS41-SG,404.900,6.7,250,7,2.5,08:29:58,-1
2025-10-06T00:45:24.005Z,V4730501,7883,44.80354,9.18882,26914.5,-30.7,11.2,128.7,-51.5,0.7,-1.0,RS41-SG,404.900,7.2,250,7,2.6,08:29:58,-1
2025-10-06T00:45:25.005Z,V4730501,7884,44.80347,9.18893,26884.3,-29.8,11.9,133.9,-51.9,0.8,-1.0,RS41-SG,404.900,7.2,250,7,2.6,08:29:58,-1
2025-10-06T00:45:26.005Z,V4730501,7885,44.80340,9.18904,26855.3,-28.7,11.3,125.2,-52.1,0.8,-1.0,RS41-SG,404.900,7.2,250,8,2.5,08:29:58,-1
2025-10-06T00:45:27.005Z,V4730501,7886,44.80335,9.18915,26827.7,-28.0,10.2,125.8,-52.1,0.8,-1.0,RS41-SG,404.900,7.2,250,8,2.5,08:29:58,-1
2025-10-06T00:45:29.005Z,V4730501,7888,44.80325,9.18937,26768.7,-30.5,10.9,122.5,-52.4,0.8,-1.0,RS41-SG,404.900,7.0,250,8,2.5,08:29:58,-1
2025-10-06T00:45:30.005Z,V4730501,7889,44.80320,9.18949,26737.2,-32.6,10.4,119.9,-52.4,0.8,-1.0,RS41-SG,404.900,7.3,250,10,2.6,08:29:58,-1
2025-10-06T00:45:31.005Z,V4730501,7890,44.80315,9.18960,26704.6,-33.0,10.5,120.3,-52.7,0.8,-1.0,RS41-SG,404.900,7.3,250,9,2.6,08:29:58,-1
2025-10-06T00:45:32.005Z,V4730501,7891,44.80311,9.18972,26671.6,-33.3,10.4,121.6,-52.9,0.8,-1.0,RS41-SG,404.900,7.3,250,9,2.5,08:29:58,-1
2025-10-06T00:45:33.005Z,V4730501,7892,44.80306,9.18983,26639.2,-32.2,10.0,120.1,-53.0,0.8,-1.0,RS41-SG,404.900,7.6,250,8,2.5,08:29:58,-1
2025-10-06T00:45:34.005Z,V4730501,7893,44.80302,9.18994,26607.8,-31.2,10.0,120.2,-53.3,0.8,-1.0,RS41-SG,404.900,7.6,250,9,2.5,08:29:58,-1
2025-10-06T00:45:35.005Z,V4730501,7894,44.80297,9.19005,26576.7,-31.7,11.0,120.0,-53.5,0.9,-1.0,RS41-SG,404.900,6.7,250,8,2.5,08:29:58,-1
2025-10-06T00:45:36.005Z,V4730501,7895,44.80292,9.19018,26545.1,-30.8,11.6,124.1,-53.7,0.8,-1.0,RS41-SG,404.900,6.9,250,9,2.6,08:29:58,-1
2025-10-06T00:45:41.005Z,V4730501,7900,44.80266,9.19089,26401.4,-28.1,14.8,107.2,-53.6,0.8,-1.0,RS41-SG,404.900,6.7,250,7,2.6,08:29:58,-1
2025-10-06T00:45:43.005Z,V4730501,7902,44.80258,9.19128,26342.9,-30.3,16.8,105.1,-53.2,0.8,-1.0,RS41-SG,404.900,6.4,250,8,2.5,08:29:58,-1
2025-10-06T00:45:46.005Z,V4730501,7905,44.80248,9.19189,26254.9,-26.6,16.2,102.9,-54.0,0.9,-1.0,RS41-SG,404.900,7.5,250,7,2.5,08:27:25,-1
2025-10-06T00:45:47.005Z,V4730501,7906,44.80245,9.19208,26227.8,-27.8,15.0,98.1,-54.1,0.8,-1.0,RS41-SG,404.900,7.5,250,9,2.6,08:27:25,-1
2025-10-06T00:45:48.005Z,V4730501,7907,44.80244,9.19227,26199.4,-29.0,15.3,97.1,-54.0,0.8,-1.0,RS41-SG,404.900,7.4,250,9,2.6,08:27:25,-1
2025-10-06T00:45:49.005Z,V4730501,7908,44.80241,9.19246,26169.7,-30.3,14.7,100.4,-54.0,0.8,-1.0,RS41-SG,404.900,7.4,250,7,2.5,08:27:25,-1
2025-10-06T00:45:50.005Z,V4730501,7909,44.80240,9.19263,26139.3,-29.7,13.4,97.2,-54.1,0.9,-1.0,RS41-SG,404.900,7.4,250,8,2.5,08:27:25,-1
2025-10-06T00:45:51.005Z,V4730501,7910,44.80238,9.19280,26109.5,-30.0,13.0,93.9,-54.2,0.8,-1.0,RS41-SG,404.900,7.4,250,8,2.5,08:27:25,-1
2025-10-06T00:45:52.005Z,V4730501,7911,44.80238,9.19296,26079.1,-30.6,13.1,95.3,-54.4,0.9,-1.0,RS41-SG,404.900,7.1,250,8,2.6,08:27:25,-1
2025-10-06T00:45:53.005Z,V4730501,7912,44.80237,9.19313,26049.4,-28.9,13.2,92.7,-54.8,0.9,-1.0,RS41-SG,404.900,7.0,250,8,2.6,08:27:25,-1
2025-10-06T00:45:54.005Z,V4730501,7913,44.80237,9.19330,26019.5,-30.3,13.7,88.3,-55.2,0.9,-1.0,RS41-SG,404.900,7.1,250,9,2.5,08:27:25,-1
2025-10-06T00:45:58.005Z,V4730501,7917,44.80243,9.19398,25889.7,-33.4,13.6,71.8,-55.2,0.9,-1.0,RS41-SG,404.900,6.8,250,8,2.6,08:27:25,-1
2025-10-06T00:46:02.005Z,V4730501,7921,44.80263,9.19459,25753.9,-30.9,12.4,57.6,-55.9,1.0,-1.0,RS41-SG,404.900,6.7,250,7,2.5,08:27:25,-1
2025-10-06T00:47:29.005Z,V4730501,8008,44.80401,9.20220,23430.0,-21.4,9.3,44.7,-58.4,1.1,-1.0,RS41-SG,404.900,7.0,250,7,2.6,08:27:25,-1
2025-10-06T00:47:30.005Z,V4730501,8009,44.80407,9.20228,23408.2,-22.5,9.5,40.8,-58.5,1.1,-1.0,RS41-SG,404.900,7.3,250,8,2.6,08:27:25,-1
2025-10-06T00:47:31.005Z,V4730501,8010,44.80413,9.20235,23385.4,-22.1,8.6,39.9,-58.4,1.1,-1.0,RS41-SG,404.900,7.3,250,8,2.5,08:27:25,-1
2025-10-06T00:47:34.005Z,V4730501,8013,44.80432,9.20253,23321.7,-20.5,8.0,38.2,-58.2,1.1,-1.0,RS41-SG,404.900,6.7,250,8,2.5,08:27:25,-1
2025-10-06T00:47:40.005Z,V4730501,8019,44.80450,9.20293,23169.3,-27.6,7.1,85.5,-57.6,1.0,-1.0,RS41-SG,404.900,6.7,250,10,2.6,08:27:25,-1
2025-10-06T00:47:43.005Z,V4730501,8022,44.80449,9.20320,23090.8,-25.3,7.3,102.0,-57.5,1.0,-1.0,RS41-SG,404.900,6.7,250,9,2.5,08:27:25,-1
2025-10-06T00:47:45.005Z,V4730501,8024,44.80447,9.20338,23042.2,-24.5,7.1,104.8,-58.0,1.1,-1.0,RS41-SG,404.900,6.8,250,8,2.5,08:27:25,-1
2025-10-06T00:47:48.005Z,V4730501,8027,44.80442,9.20363,22971.0,-22.4,6.0,109.9,-58.6,1.2,-1.0,RS41-SG,404.900,7.0,250,7,2.5,08:27:25,-1
2025-10-06T00:47:50.005Z,V4730501,8029,44.80439,9.20377,22927.7,-20.6,5.6,105.3,-59.9,1.3,-1.0,RS41-SG,404.900,6.7,250,9,2.5,08:27:25,-1
2025-10-06T00:47:53.005Z,V4730501,8032,44.80435,9.20396,22858.2,-25.9,5.8,100.8,-60.8,1.4,-1.0,RS41-SG,404.900,7.2,250,10,2.6,08:27:25,-1
