timestamp,serial,frame,lat,lon,alt,vel_v,vel_h,heading,temp,humidity,pressure,type,freq_mhz,snr,f_error_hz,sats,batt_v,burst_timer,aux_data
2025-08-09T00:38:52.985Z,W2020472,7494,45.71853,9.05622,28841.0,5.8,16.2,282.1,-273.0,-1.0,-1.0,RS41,404.900,7.8,150,10,2.5,-1,-1
2025-08-09T00:38:59.985Z,W2020472,7501,45.71865,9.05504,28880.6,5.7,10.3,278.9,-273.0,-1.0,-1.0,RS41,404.900,7.3,150,10,2.6,-1,-1
2025-08-09T00:39:04.985Z,W2020472,7506,45.71869,9.05449,28909.1,6.1,10.1,280.7,-273.0,-1.0,-1.0,RS41,404.900,7.5,150,10,2.6,-1,-1
2025-08-09T00:39:16.985Z,W2020472,7518,45.71874,9.05277,28976.4,6.3,9.2,261.2,-273.0,-1.0,-1.0,RS41,404.900,8.1,150,10,2.5,-1,-1
2025-08-09T00:39:22.985Z,W2020472,7524,45.71870,9.05198,29011.7,4.9,13.2,272.0,-273.0,-1.0,-1.0,RS41,404.900,7.4,150,10,2.5,-1,-1
2025-08-09T00:39:25.985Z,W2020472,7527,45.71867,9.05149,29030.0,6.0,11.8,253.7,-273.0,-1.0,-1.0,RS41,404.900,7.1,150,10,2.5,-1,-1
2025-08-09T00:39:37.985Z,W2020472,7539,45.71836,9.04986,29097.6,5.9,13.3,274.0,-273.0,-1.0,-1.0,RS41,404.900,8.1,150,10,2.5,-1,-1
2025-08-09T00:39:41.985Z,W2020472,7543,45.71836,9.04917,29120.6,6.0,12.7,258.1,-273.0,-1.0,-1.0,RS41,404.900,7.5,150,10,2.5,-1,-1
2025-08-09T00:39:50.985Z,W2020472,7552,45.71823,9.04775,29169.6,6.7,12.3,280.3,-273.0,-1.0,-1.0,RS41,404.900,7.5,150,10,2.5,-1,-1
2025-08-09T00:39:52.985Z,W2020472,7554,45.71825,9.04746,29181.9,4.6,10.6,267.9,-273.0,-1.0,-1.0,RS41,404.900,7.9,150,10,2.5,-1,-1
2025-08-09T00:39:57.985Z,W2020472,7559,45.71817,9.04670,29210.7,5.8,14.1,261.1,-273.0,-1.0,-1.0,RS41,404.900,7.6,150,10,2.5,-1,-1
2025-08-09T00:40:05.985Z,W2020472,7567,45.71815,9.04528,29257.8,6.4,12.5,283.0,-273.0,-1.0,-1.0,RS41,404.900,7.0,150,10,2.5,-1,-1
2025-08-09T00:40:06.985Z,W2020472,7568,45.71817,9.04513,29264.4,6.9,11.3,278.2,-273.0,-1.0,-1.0,RS41,404.900,7.0,150,10,2.5,-1,-1
2025-08-09T00:40:16.985Z,W2020472,7578,45.71814,9.04358,29324.4,6.0,12.3,274.2,-273.0,-1.0,-1.0,RS41,404.900,7.1,150,10,2.5,-1,-1
2025-08-09T00:40:20.985Z,W2020472,7582,45.71826,9.04297,29348.0,5.8,12.1,291.5,-273.0,-1.0,-1.0,RS41-SG,404.900,7.5,150,10,2.5,-1,-1
2025-08-09T00:41:00.985Z,W2020472,7622,45.71927,9.03709,29584.7,6.1,13.8,293.1,-273.0,-1.0,-1.0,RS41-SG,404.900,7.9,150,10,2.5,-1,-1
2025-08-09T00:41:11.985Z,W2020472,7633,45.71956,9.03569,29647.7,5.4,10.2,287.2,-273.0,-1.0,-1.0,RS41-SG,404.900,8.1,150,10,2.5,-1,-1
2025-08-09T00:41:12.985Z,W2020472,7634,45.71958,9.03556,29653.6,6.3,10.7,284.9,-273.0,-1.0,-1.0,RS41-SG,404.900,8.0,150,10,2.5,-1,-1
2025-08-09T00:41:14.985Z,W2020472,7636,45.71962,9.03530,29666.0,5.3,10.5,276.0,-273.0,-1.0,-1.0,RS41-SG,404.900,6.8,150,10,2.6,-1,-1
2025-08-09T00:41:18.985Z,W2020472,7640,45.71963,9.03472,29687.6,6.4,12.0,270.8,-273.0,-1.0,-1.0,RS41-SG,404.900,8.0,150,10,2.6,-1,-1
2025-08-09T00:41:19.985Z,W2020472,7641,45.71963,9.03457,29694.0,6.4,11.7,271.3,-273.0,-1.0,-1.0,RS41-SG,404.900,8.1,150,10,2.6,-1,-1
2025-08-09T00:41:20.985Z,W2020472,7642,45.71964,9.03443,29700.3,6.0,10.9,271.3,-273.0,-1.0,-1.0,RS41-SG,404.900,8.1,150,10,2.5,-1,-1
2025-08-09T00:41:23.985Z,W2020472,7645,45.71962,9.03411,29718.2,6.2,5.6,248.2,-273.0,-1.0,-1.0,RS41-SG,404.900,7.6,150,10,2.6,-1,-1
2025-08-09T00:41:24.985Z,W2020472,7646,45.71959,9.03405,29723.8,4.9,5.0,232.5,-273.0,-1.0,-1.0,RS41-SG,404.900,8.0,150,10,2.6,-1,-1
2025-08-09T00:41:25.985Z,W2020472,7647,45.71956,9.03400,29728.8,5.2,5.1,226.2,-273.0,-1.0,-1.0,RS41-SG,404.900,8.0,150,10,2.5,-1,-1
2025-08-09T00:41:26.985Z,W2020472,7648,45.71953,9.03395,29734.9,6.8,5.9,234.6,-273.0,-1.0,-1.0,RS41-SG,404.900,8.7,150,10,2.5,-1,-1
2025-08-09T00:41:27.985Z,W2020472,7649,45.71951,9.03388,29741.7,6.8,7.4,247.9,-273.0,-1.0,-1.0,RS41-SG,404.900,8.7,150,10,2.5,-1,-1
2025-08-09T00:41:28.985Z,W2020472,7650,45.71948,9.03377,29747.5,4.7,9.2,255.3,-273.0,-1.0,-1.0,RS41-SG,404.900,8.4,150,10,2.6,-1,-1
2025-08-09T00:41:29.985Z,W2020472,7651,45.71946,9.03365,29752.1,4.6,11.3,258.3,-273.0,-1.0,-1.0,RS41-SG,404.900,7.5,150,10,2.6,-1,-1
2025-08-09T00:41:36.985Z,W2020472,7658,45.71922,9.03262,29791.4,5.6,9.8,250.4,-273.0,-1.0,-1.0,RS41-SG,404.900,8.4,150,10,2.5,-1,-1
2025-08-09T00:41:37.985Z,W2020472,7659,45.71919,9.03250,29796.8,5.3,9.0,250.9,-273.0,-1.0,-1.0,RS41-SG,404.900,8.4,150,10,2.5,-1,-1
2025-08-09T00:41:38.985Z,W2020472,7660,45.71916,9.03240,29802.4,5.9,8.2,247.2,-273.0,-1.0,-1.0,RS41-SG,404.900,8.1,150,10,2.6,-1,-1
2025-08-09T00:41:39.985Z,W2020472,7661,45.71913,9.03231,29808.4,6.2,7.9,238.9,-273.0,-1.0,-1.0,RS41-SG,404.900,8.3,150,10,2.6,-1,-1
2025-08-09T00:41:40.985Z,W2020472,7662,45.71909,9.03222,29814.5,5.9,8.3,231.1,-273.0,-1.0,-1.0,RS41-SG,404.900,8.3,150,10,2.5,-1,-1
2025-08-09T00:41:42.985Z,W2020472,7664,45.71898,9.03203,29825.7,6.0,11.3,235.2,-273.0,-1.0,-1.0,RS41-SG,404.900,7.6,150,10,2.5,-1,-1
2025-08-09T00:41:43.985Z,W2020472,7665,45.71892,9.03190,29832.0,6.4,13.3,243.1,-273.0,-1.0,-1.0,RS41-SG,404.900,7.6,150,10,2.6,-1,-1
2025-08-09T00:41:48.985Z,W2020472,7670,45.71870,9.03094,29858.5,6.6,14.9,252.0,-273.0,-1.0,-1.0,RS41-SG,404.900,8.4,150,10,2.6,-1,-1
2025-08-09T00:41:49.985Z,W2020472,7671,45.71866,9.03076,29864.2,4.9,13.8,249.7,-273.0,-1.0,-1.0,RS41-SG,404.900,7.8,150,10,2.6,-1,-1
2025-08-09T00:41:50.985Z,W2020472,7672,45.71862,9.03061,29869.1,4.9,12.7,248.3,-273.0,-1.0,-1.0,RS41-SG,404.900,7.7,150,10,2.5,-1,-1
2025-08-09T00:41:51.985Z,W2020472,7673,45.71858,9.03046,29874.4,5.8,12.3,249.5,-273.0,-1.0,-1.0,RS41-SG,404.900,8.1,150,10,2.5,-1,-1
2025-08-09T00:41:52.985Z,W2020472,7674,45.71854,9.03031,29880.5,6.3,12.4,252.0,-273.0,-1.0,-1.0,RS41-SG,404.900,8.1,150,10,2.5,-1,-1
2025-08-09T00:41:55.985Z,W2020472,7677,45.71844,9.02984,29896.0,5.4,13.0,252.1,-273.0,-1.0,-1.0,RS41-SG,404.900,8.0,150,10,2.5,-1,-1
2025-08-09T00:41:56.985Z,W2020472,7678,45.71840,9.02968,29901.6,5.8,12.8,248.9,-273.0,-1.0,-1.0,RS41-SG,404.900,8.2,150,10,2.5,-1,-1
2025-08-09T00:41:57.985Z,W2020472,7679,45.71836,9.02953,29907.4,5.7,12.6,246.5,-273.0,-1.0,-1.0,RS41-SG,404.900,8.2,150,10,2.5,-1,-1
2025-08-09T00:42:00.985Z,W2020472,7682,45.71824,9.02906,29924.0,6.4,14.1,257.2,-273.0,-1.0,-1.0,RS41-SG,404.900,8.1,150,10,2.6,-1,-1
2025-08-09T00:42:01.985Z,W2020472,7683,45.71822,9.02887,29929.7,5.0,15.1,262.1,-273.0,-1.0,-1.0,RS41-SG,404.900,8.3,150,10,2.5,-1,-1
2025-08-09T00:42:02.985Z,W2020472,7684,45.71820,9.02868,29934.3,4.4,15.9,264.5,-273.0,-1.0,-1.0,RS41-SG,404.900,8.5,150,10,2.5,-1,-1
2025-08-09T00:42:04.985Z,W2020472,7686,45.71817,9.02827,29945.5,6.8,15.3,261.4,-273.0,-1.0,-1.0,RS41-SG,404.900,8.3,150,10,2.6,-1,-1
2025-08-09T00:42:06.985Z,W2020472,7688,45.71812,9.02792,29956.8,4.9,13.6,252.6,-273.0,-1.0,-1.0,RS41-SG,404.900,7.8,150,10,2.5,-1,-1
2025-08-09T00:42:07.985Z,W2020472,7689,45.71808,9.02775,29962.0,5.6,13.1,249.5,-273.0,-1.0,-1.0,RS41-SG,404.900,8.0,150,10,2.5,-1,-1
2025-08-09T00:42:08.985Z,W2020472,7690,45.71804,9.02760,29968.1,6.5,13.0,250.1,-273.0,-1.0,-1.0,RS41-SG,404.900,8.5,150,10,2.6,-1,-1
2025-08-09T00:42:09.985Z,W2020472,7691,45.71800,9.02744,29973.9,5.2,13.0,251.7,-273.0,-1.0,-1.0,RS41-SG,404.900,8.5,150,10,2.6,-1,-1
2025-08-09T00:42:10.985Z,W2020472,7692,45.71796,9.02728,29979.1,5.2,12.6,253.7,-273.0,-1.0,-1.0,RS41-SG,404.900,8.2,150,10,2.5,-1,-1
2025-08-09T00:42:11.985Z,W2020472,7693,45.71793,9.02713,29984.6,6.0,12.0,253.7,-273.0,-1.0,-1.0,RS41-SG,404.900,8.2,150,10,2.5,-1,-1
2025-08-09T00:42:14.985Z,W2020472,7696,45.71785,9.02672,30001.3,5.2,10.8,256.1,-273.0,-1.0,-1.0,RS41-SG,404.900,6.8,150,10,2.6,-1,-1
2025-08-09T00:42:15.985Z,W2020472,7697,45.71783,9.02659,30006.4,5.2,11.2,262.4,-273.0,-1.0,-1.0,RS41-SG,404.900,7.9,150,10,2.5,-1,-1
2025-08-09T00:42:16.985Z,W2020472,7698,45.71782,9.02644,30012.0,5.9,12.4,268.5,-273.0,-1.0,-1.0,RS41-SG,404.900,8.3,150,10,2.5,-1,-1
2025-08-09T00:42:36.985Z,W2020472,7718,45.71788,9.02364,30116.1,5.2,10.2,280.5,-273.0,-1.0,-1.0,RS41-SG,404.900,7.5,150,10,2.5,-1,-1
2025-08-09T00:42:37.985Z,W2020472,7719,45.71789,9.02351,30121.2,4.8,10.5,280.0,-273.0,-1.0,-1.0,RS41-SG,404.900,7.2,150,10,2.5,-1,-1
2025-08-09T00:42:38.985Z,W2020472,7720,45.71791,9.02338,30126.3,5.5,10.3,277.7,-273.0,-1.0,-1.0,RS41-SG,404.900,7.1,150,10,2.6,-1,-1
2025-08-09T00:42:39.985Z,W2020472,7721,45.71792,9.02325,30132.2,6.3,9.7,275.5,-273.0,-1.0,-1.0,RS41-SG,404.900,7.9,150,10,2.6,-1,-1
2025-08-09T00:42:44.985Z,W2020472,7726,45.71798,9.02264,30160.0,5.0,11.2,287.8,-273.0,-1.0,-1.0,RS41-SG,404.900,8.7,150,10,2.6,-1,-1
2025-08-09T00:42:46.985Z,W2020472,7728,45.71805,9.02237,30169.9,5.2,11.3,292.7,-273.0,-1.0,-1.0,RS41-SG,404.900,8.2,150,10,2.5,-1,-1
2025-08-09T00:42:47.985Z,W2020472,7729,45.71809,9.02225,30175.4,5.9,9.9,293.9,-273.0,-1.0,-1.0,RS41-SG,404.900,8.2,150,10,2.5,-1,-1
2025-08-09T00:42:53.985Z,W2020472,7735,45.71823,9.02167,30207.6,4.7,10.0,284.5,-273.0,-1.0,-1.0,RS41-SG,404.900,8.5,150,10,2.6,-1,-1
2025-08-09T00:42:54.985Z,W2020472,7736,45.71825,9.02154,30212.2,4.6,10.9,285.2,-273.0,-1.0,-1.0,RS41-SG,404.900,8.5,150,10,2.6,-1,-1
2025-08-09T00:43:02.985Z,W2020472,7744,45.71846,9.02060,30255.5,5.0,9.7,284.4,-273.0,-1.0,-1.0,RS41-SG,404.900,8.0,150,10,2.5,-1,-1
2025-08-09T00:43:03.985Z,W2020472,7745,45.71848,9.02049,30260.6,5.4,9.1,280.0,-273.0,-1.0,-1.0,RS41-SG,404.900,8.2,150,10,2.6,-1,-1
2025-08-09T00:43:04.985Z,W2020472,7746,45.71849,9.02038,30266.3,5.9,8.0,274.2,-273.0,-1.0,-1.0,RS41-SG,404.900,8.2,150,10,2.6,-1,-1
2025-08-09T00:43:10.985Z,W2020472,7752,45.71849,9.01984,30298.5,5.3,10.0,280.7,-273.0,-1.0,-1.0,RS41-SG,404.900,7.7,150,10,2.5,-1,-1
2025-08-09T00:43:11.985Z,W2020472,7753,45.71851,9.01970,30303.3,4.2,11.0,284.5,-273.0,-1.0,-1.0,RS41-SG,404.900,8.5,150,10,2.5,-1,-1
2025-08-09T00:43:52.985Z,W2020472,7794,45.71809,9.01474,30527.8,4.9,13.6,263.2,-273.0,-1.0,-1.0,RS41-SG,404.900,7.2,150,10,2.5,-1,-1
2025-08-09T00:43:56.985Z,W2020472,7798,45.71805,9.01407,30549.8,4.9,12.2,266.4,-273.0,-1.0,-1.0,RS41-SG,404.900,8.3,150,10,2.5,-1,-1
2025-08-09T00:44:01.985Z,W2020472,7803,45.71802,9.01322,30577.7,5.5,14.6,265.4,-273.0,-1.0,-1.0,RS41-SG,404.900,7.6,150,10,2.5,-1,-1
2025-08-09T00:44:02.985Z,W2020472,7804,45.71800,9.01303,30583.5,6.0,14.0,262.1,-273.0,-1.0,-1.0,RS41-SG,404.900,7.6,150,10,2.5,-1,-1
2025-08-09T00:44:04.985Z,W2020472,7806,45.71796,9.01271,30595.2,5.4,11.7,255.6,-273.0,-1.0,-1.0,RS41-SG,404.900,8.4,150,10,2.6,-1,-1
2025-08-09T00:44:05.985Z,W2020472,7807,45.71793,9.01257,30600.2,4.8,10.9,255.6,-273.0,-1.0,-1.0,RS41-SG,404.900,8.4,150,10,2.5,-1,-1
2025-08-09T00:44:07.985Z,W2020472,7809,45.71790,9.01230,30610.6,5.8,11.3,265.0,-273.0,-1.0,-1.0,RS41-SG,404.900,7.3,150,10,2.5,-1,-1
2025-08-09T00:44:09.985Z,W2020472,7811,45.71790,9.01197,30621.8,5.0,14.2,272.3,-273.0,-1.0,-1.0,RS41-SG,404.900,8.0,150,10,2.6,-1,-1
2025-08-09T00:44:11.985Z,W2020472,7813,45.71790,9.01158,30631.5,5.2,16.0,266.8,-273.0,-1.0,-1.0,RS41-SG,404.900,8.1,150,10,2.5,-1,-1
2025-08-09T00:44:18.985Z,W2020472,7820,45.71768,9.01040,30671.3,5.3,11.4,266.5,-273.0,-1.0,-1.0,RS41-SG,404.900,8.6,150,10,2.6,-1,-1
2025-08-09T00:44:20.985Z,W2020472,7822,45.71769,9.01011,30681.3,5.5,11.7,277.0,-273.0,-1.0,-1.0,RS41-SG,404.900,9.3,150,10,2.5,-1,-1
2025-08-09T00:44:21.985Z,W2020472,7823,45.71770,9.00996,30687.3,6.7,11.6,274.7,-273.0,-1.0,-1.0,RS41-SG,404.900,9.3,150,10,2.5,-1,-1
2025-08-09T00:44:22.985Z,W2020472,7824,45.71770,9.00981,30693.7,6.0,11.5,269.7,-273.0,-1.0,-1.0,RS41-SG,404.900,8.7,150,10,2.5,-1,-1
2025-08-09T00:44:23.985Z,W2020472,7825,45.71770,9.00966,30699.3,5.2,11.9,264.3,-273.0,-1.0,-1.0,RS41-SG,404.900,8.3,150,10,2.6,-1,-1
2025-08-09T00:44:24.985Z,W2020472,7826,45.71768,9.00951,30704.7,5.7,12.6,260.9,-273.0,-1.0,-1.0,RS41-SG,404.900,7.7,150,10,2.6,-1,-1
2025-08-09T00:44:25.985Z,W2020472,7827,45.71766,9.00934,30710.9,6.4,13.5,260.0,-273.0,-1.0,-1.0,RS41-SG,404.900,7.9,150,10,2.5,-1,-1
2025-08-09T00:44:26.985Z,W2020472,7828,45.71764,9.00917,30717.0,5.7,14.3,260.8,-273.0,-1.0,-1.0,RS41-SG,404.900,8.9,150,10,2.5,-1,-1
2025-08-09T00:44:28.985Z,W2020472,7830,45.71760,9.00880,30727.7,5.4,14.8,258.5,-273.0,-1.0,-1.0,RS41-SG,404.900,9.1,150,10,2.6,-1,-1
2025-08-09T00:44:29.985Z,W2020472,7831,45.71757,9.00862,30733.4,6.0,14.2,255.4,-273.0,-1.0,-1.0,RS41-SG,404.900,9.1,150,10,2.6,-1,-1
2025-08-09T00:44:30.985Z,W2020472,7832,45.71753,9.00845,30739.8,6.6,13.3,251.1,-273.0,-1.0,-1.0,RS41-SG,404.900,9.3,150,10,2.5,-1,-1
2025-08-09T00:44:31.985Z,W2020472,7833,45.71749,9.00830,30745.9,5.5,12.2,248.8,-273.0,-1.0,-1.0,RS41-SG,404.900,9.4,150,10,2.5,-1,-1
2025-08-09T00:44:33.985Z,W2020472,7835,45.71743,9.00803,30756.7,5.6,10.3,256.7,-273.0,-1.0,-1.0,RS41-SG,404.900,8.3,150,10,2.6,-1,-1
2025-08-09T00:44:34.985Z,W2020472,7836,45.71742,9.00790,30762.7,6.4,10.3,268.2,-273.0,-1.0,-1.0,RS41-SG,404.900,10.2,150,10,2.6,-1,-1
2025-08-09T00:44:35.985Z,W2020472,7837,45.71742,9.00776,30768.8,5.7,11.0,277.1,-273.0,-1.0,-1.0,RS41-SG,404.900,10.2,150,10,2.5,-1,-1
2025-08-09T00:44:36.985Z,W2020472,7838,45.71744,9.00762,30773.9,4.6,11.7,281.4,-273.0,-1.0,-1.0,RS41-SG,404.900,9.9,150,10,2.5,-1,-1
2025-08-09T00:44:37.985Z,W2020472,7839,45.71746,9.00747,30779.0,5.5,12.4,280.1,-273.0,-1.0,-1.0,RS41-SG,404.900,10.7,150,10,2.5,-1,-1
2025-08-09T00:44:38.985Z,W2020472,7840,45.71747,9.00731,30785.2,6.9,12.4,273.4,-273.0,-1.0,-1.0,RS41-SG,404.900,10.7,150,10,2.6,-1,-1
2025-08-09T00:44:39.985Z,W2020472,7841,45.71747,9.00715,30791.9,6.3,12.4,265.0,-273.0,-1.0,-1.0,RS41-SG,404.900,10.1,150,10,2.6,-1,-1
2025-08-09T00:44:40.985Z,W2020472,7842,45.71745,9.00700,30797.6,5.0,12.5,257.2,-273.0,-1.0,-1.0,RS41-SG,404.900,10.1,150,10,2.5,-1,-1
2025-08-09T00:44:41.985Z,W2020472,7843,45.71742,9.00684,30802.7,5.0,13.1,250.9,-273.0,-1.0,-1.0,RS41-SG,404.900,10.1,150,10,2.5,-1,-1
2025-08-09T00:44:42.985Z,W2020472,7844,45.71738,9.00668,30808.3,6.1,13.7,249.3,-273.0,-1.0,-1.0,RS41-SG,404.900,10.0,150,10,2.5,-1,-1
2025-08-09T00:44:43.985Z,W2020472,7845,45.71734,9.00651,30814.6,6.5,14.1,251.0,-273.0,-1.0,-1.0,RS41-SG,404.900,8.9,150,10,2.6,-1,-1
2025-08-09T00:44:44.985Z,W2020472,7846,45.71730,9.00634,30820.5,5.4,14.0,254.0,-273.0,-1.0,-1.0,RS41-SG,404.900,9.8,150,10,2.6,-1,-1
2025-08-09T00:44:45.985Z,W2020472,7847,45.71727,9.00617,30825.9,5.4,13.3,256.1,-273.0,-1.0,-1.0,RS41-SG,404.900,9.8,150,10,2.5,-1,-1
2025-08-09T00:44:46.985Z,W2020472,7848,45.71724,9.00601,30831.5,5.7,11.9,257.9,-273.0,-1.0,-1.0,RS41-SG,404.900,9.3,150,10,2.5,-1,-1
2025-08-09T00:44:47.985Z,W2020472,7849,45.71722,9.00587,30837.4,6.3,10.3,258.9,-273.0,-1.0,-1.0,RS41-SG,404.900,8.5,150,10,2.5,-1,-1
2025-08-09T00:44:48.985Z,W2020472,7850,45.71721,9.00575,30843.6,6.1,8.9,259.8,-273.0,-1.0,-1.0,RS41-SG,404.900,8.3,150,9,2.6,-1,-1
2025-08-09T00:44:49.985Z,W2020472,7851,45.71719,9.00565,30849.2,5.1,8.1,262.7,-273.0,-1.0,-1.0,RS41-SG,404.900,9.0,150,10,2.6,-1,-1
2025-08-09T00:44:50.985Z,W2020472,7852,45.71719,9.00554,30854.4,5.1,8.1,268.7,-273.0,-1.0,-1.0,RS41-SG,404.900,9.0,150,10,2.6,-1,-1
2025-08-09T00:44:52.985Z,W2020472,7854,45.71720,9.00531,30865.5,6.2,10.7,277.6,-273.0,-1.0,-1.0,RS41-SG,404.900,8.1,150,10,2.5,-1,-1
2025-08-09T00:44:53.985Z,W2020472,7855,45.71721,9.00516,30871.8,6.4,12.6,277.9,-273.0,-1.0,-1.0,RS41-SG,404.900,9.0,150,10,2.5,-1,-1
2025-08-09T00:44:54.985Z,W2020472,7856,45.71723,9.00499,30877.7,5.3,13.9,275.4,-273.0,-1.0,-1.0,RS41-SG,404.900,9.8,150,10,2.5,-1,-1
2025-08-09T00:44:55.985Z,W2020472,7857,45.71723,9.00481,30883.0,5.4,14.5,270.1,-273.0,-1.0,-1.0,RS41-SG,404.900,9.8,150,10,2.6,-1,-1
2025-08-09T00:44:56.985Z,W2020472,7858,45.71723,9.00463,30888.9,6.2,14.4,261.7,-273.0,-1.0,-1.0,RS41-SG,404.900,9.2,150,10,2.6,-1,-1
2025-08-09T00:44:57.985Z,W2020472,7859,45.71720,9.00445,30895.2,6.6,13.8,251.6,-273.0,-1.0,-1.0,RS41-SG,404.900,9.2,150,10,2.5,-1,-1
2025-08-09T00:44:58.985Z,W2020472,7860,45.71715,9.00429,30901.0,5.0,13.2,243.5,-273.0,-1.0,-1.0,RS41-SG,404.900,9.1,150,10,2.5,-1,-1
2025-08-09T00:44:59.985Z,W2020472,7861,45.71709,9.00415,30905.8,4.7,12.5,237.0,-43.1,-1.0,-1.0,RS41-SG,404.900,9.1,150,10,2.5,-1,-1
2025-08-09T00:45:00.985Z,W2020472,7862,45.71703,9.00402,30910.9,5.5,11.8,235.8,-43.1,-1.0,-1.0,RS41-SG,404.900,8.5,150,10,2.6,-1,-1
2025-08-09T00:45:01.985Z,W2020472,7863,45.71698,9.00389,30917.1,6.8,10.9,243.4,-43.2,-1.0,-1.0,RS41-SG,404.900,9.2,150,10,2.6,-1,-1
2025-08-09T00:45:02.985Z,W2020472,7864,45.71695,9.00377,30924.0,7.0,10.6,256.1,-43.2,-1.0,-1.0,RS41-SG,404.900,9.2,150,10,2.5,-1,-1
2025-08-09T00:45:03.985Z,W2020472,7865,45.71693,9.00363,30930.1,5.2,11.0,266.7,-43.3,-1.0,-1.0,RS41-SG,404.900,8.4,150,10,2.5,-1,-1
2025-08-09T00:45:04.985Z,W2020472,7866,45.71694,9.00349,30935.1,4.7,11.6,274.6,-43.3,-1.0,-1.0,RS41-SG,404.900,8.4,150,10,2.5,-1,-1
2025-08-09T00:45:05.985Z,W2020472,7867,45.71695,9.00334,30940.2,5.5,11.9,278.9,-43.3,-1.0,-1.0,RS41-SG,404.900,10.8,150,10,2.6,-1,-1
2025-08-09T00:45:06.985Z,W2020472,7868,45.71696,9.00319,30946.5,7.1,11.7,278.0,-43.3,-1.0,-1.0,RS41-SG,404.900,10.8,150,10,2.6,-1,-1
2025-08-09T00:45:07.985Z,W2020472,7869,45.71697,9.00304,30953.2,6.2,11.5,273.2,-43.3,-1.0,-1.0,RS41-SG,404.900,10.1,150,10,2.5,-1,-1
2025-08-09T00:45:08.985Z,W2020472,7870,45.71697,9.00289,30959.0,5.4,11.6,266.9,-43.4,0.7,-1.0,RS41-SG,404.900,10.1,150,10,2.5,-1,-1
2025-08-09T00:45:09.985Z,W2020472,7871,45.71696,9.00274,30964.5,5.5,12.3,261.5,-43.4,0.8,-1.0,RS41-SG,404.900,9.8,150,10,2.5,-1,-1
2025-08-09T00:45:10.985Z,W2020472,7872,45.71694,9.00258,30970.3,6.0,13.5,258.3,-43.4,0.8,-1.0,RS41-SG,404.900,10.2,150,10,2.6,-1,-1
2025-08-09T00:45:11.985Z,W2020472,7873,45.71692,9.00240,30976.5,6.5,14.9,257.0,-43.4,0.7,-1.0,RS41-SG,404.900,10.2,150,10,2.6,-1,-1
2025-08-09T00:45:12.985Z,W2020472,7874,45.71688,9.00221,30982.8,5.9,15.8,256.7,-43.4,0.8,-1.0,RS41-SG,404.900,9.3,150,10,2.5,-1,-1
2025-08-09T00:45:13.985Z,W2020472,7875,45.71685,9.00201,30988.5,5.5,16.0,255.7,-43.4,0.7,-1.0,RS41-SG,404.900,9.3,150,10,2.5,-1,-1
2025-08-09T00:45:14.985Z,W2020472,7876,45.71681,9.00182,30994.1,5.7,15.6,253.4,-43.5,0.8,-1.0,RS41-SG,404.900,9.2,150,10,2.5,-1,-1
2025-08-09T00:45:15.985Z,W2020472,7877,45.71677,9.00164,31000.1,6.4,14.6,250.5,-43.5,0.7,-1.0,RS41-SG,404.900,9.2,150,10,2.6,-1,-1
2025-08-09T00:45:16.985Z,W2020472,7878,45.71673,9.00147,31006.6,6.5,13.4,248.5,-43.5,0.7,-1.0,RS41-SG,404.900,9.1,150,10,2.6,-1,-1
2025-08-09T00:45:17.985Z,W2020472,7879,45.71668,9.00131,31012.6,5.4,12.5,248.8,-43.5,0.7,-1.0,RS41-SG,404.900,9.1,150,10,2.5,-1,-1
2025-08-09T00:45:18.985Z,W2020472,7880,45.71665,9.00117,31018.1,5.7,12.0,253.5,-43.5,0.7,-1.0,RS41-SG,404.900,7.9,150,10,2.5,-1,-1
2025-08-09T00:45:19.985Z,W2020472,7881,45.71663,9.00101,31024.3,6.7,12.5,262.4,-43.5,0.7,-1.0,RS41-SG,404.900,7.9,150,10,2.5,-1,-1
2025-08-09T00:45:20.985Z,W2020472,7882,45.71662,9.00085,31030.9,6.6,14.0,271.0,-43.4,0.8,-1.0,RS41-SG,404.900,9.7,150,10,2.6,-1,-1
2025-08-09T00:45:21.985Z,W2020472,7883,45.71663,9.00066,31036.9,5.4,15.5,276.1,-43.4,0.7,-1.0,RS41-SG,404.900,9.7,150,10,2.6,-1,-1
2025-08-09T00:45:22.985Z,W2020472,7884,45.71665,9.00045,31042.2,5.2,16.8,277.7,-43.4,0.7,-1.0,RS41-SG,404.900,9.6,150,10,2.6,-1,-1
2025-08-09T00:45:24.985Z,W2020472,7886,45.71668,9.00002,31054.5,7.0,16.9,272.2,-43.4,0.7,-1.0,RS41-SG,404.900,9.2,150,10,2.5,-1,-1
2025-08-09T00:45:29.985Z,W2020472,7891,45.71660,8.99901,31084.6,6.1,15.9,260.6,-43.4,0.7,-1.0,RS41-SG,404.900,8.3,150,10,2.5,-1,-1
2025-08-09T00:45:30.985Z,W2020472,7892,45.71658,8.99881,31090.3,5.3,15.9,262.1,-43.4,0.7,-1.0,RS41-SG,404.900,8.3,150,10,2.5,-1,-1
2025-08-09T00:45:31.985Z,W2020472,7893,45.71656,8.99861,31095.8,5.7,15.4,263.5,-43.4,0.7,-1.0,RS41-SG,404.900,8.0,150,10,2.5,-1,-1
2025-08-09T00:45:32.985Z,W2020472,7894,45.71654,8.99842,31101.9,6.5,14.5,264.2,-43.3,0.7,-1.0,RS41-SG,404.900,8.3,150,10,2.6,-1,-1
2025-08-09T00:45:33.985Z,W2020472,7895,45.71653,8.99824,31108.3,6.3,13.8,264.4,-43.3,0.7,-1.0,RS41-SG,404.900,8.7,150,10,2.6,-1,-1
2025-08-09T00:45:34.985Z,W2020472,7896,45.71652,8.99807,31114.2,5.5,13.7,265.7,-43.3,0.7,-1.0,RS41-SG,404.900,9.3,150,10,2.5,-1,-1
2025-08-09T00:45:35.985Z,W2020472,7897,45.71651,8.99789,31119.9,6.0,14.2,268.4,-43.3,0.7,-1.0,RS41-SG,404.900,9.3,150,10,2.5,-1,-1
2025-08-09T00:45:36.985Z,W2020472,7898,45.71651,8.99770,31126.3,6.5,15.5,271.8,-43.3,0.7,-1.0,RS41-SG,404.900,10.2,150,10,2.5,-1,-1
2025-08-09T00:45:37.985Z,W2020472,7899,45.71652,8.99750,31132.7,6.3,16.9,274.0,-43.3,0.7,-1.0,RS41-SG,404.900,10.2,150,10,2.6,-1,-1
2025-08-09T00:45:38.985Z,W2020472,7900,45.71653,8.99727,31138.3,5.0,17.9,274.8,-43.2,0.7,-1.0,RS41-SG,404.900,10.2,150,10,2.6,-1,-1
2025-08-09T00:45:39.985Z,W2020472,7901,45.71655,8.99704,31143.6,5.5,18.3,273.2,-43.2,0.7,-1.0,RS41-SG,404.900,10.2,150,10,2.5,-1,-1
2025-08-09T00:45:40.985Z,W2020472,7902,45.71655,8.99681,31149.6,6.5,17.6,269.6,-43.1,0.7,-1.0,RS41-SG,404.900,9.7,150,10,2.5,-1,-1
2025-08-09T00:45:41.985Z,W2020472,7903,45.71654,8.99660,31156.3,6.6,16.4,264.7,-43.1,0.7,-1.0,RS41-SG,404.900,9.0,150,10,2.5,-1,-1
2025-08-09T00:45:44.985Z,W2020472,7906,45.71647,8.99603,31173.1,5.7,13.8,258.6,-43.1,0.7,-1.0,RS41-SG,404.900,8.7,150,10,2.5,-1,-1
2025-08-09T00:45:45.985Z,W2020472,7907,45.71645,8.99586,31179.2,6.3,13.8,263.4,-43.1,0.7,-1.0,RS41-SG,404.900,9.3,150,10,2.5,-1,-1
2025-08-09T00:45:46.985Z,W2020472,7908,45.71645,8.99568,31185.8,6.9,14.4,269.7,-43.1,0.7,-1.0,RS41-SG,404.900,9.7,150,10,2.5,-1,-1
2025-08-09T00:45:48.985Z,W2020472,7910,45.71647,8.99531,31197.4,5.0,15.1,278.9,-43.2,0.7,-1.0,RS41-SG,404.900,10.3,150,10,2.6,-1,-1
2025-08-09T00:45:49.985Z,W2020472,7911,45.71649,8.99512,31202.5,5.3,14.9,279.5,-43.2,0.7,-1.0,RS41-SG,404.900,10.3,150,10,2.6,-1,-1
2025-08-09T00:45:50.985Z,W2020472,7912,45.71651,8.99493,31208.4,6.6,14.0,277.9,-43.2,0.7,-1.0,RS41-SG,404.900,9.1,150,10,2.6,-1,-1
2025-08-09T00:45:52.985Z,W2020472,7914,45.71652,8.99460,31220.7,4.9,12.5,268.8,-43.2,0.7,-1.0,RS41-SG,404.900,8.5,150,10,2.5,-1,-1
2025-08-09T00:45:53.985Z,W2020472,7915,45.71652,8.99444,31225.5,4.8,12.4,266.3,-43.2,0.7,-1.0,RS41-SG,404.900,9.2,150,10,2.5,-1,-1
2025-08-09T00:45:54.985Z,W2020472,7916,45.71651,8.99428,31230.8,5.8,12.8,265.9,-43.2,0.7,-1.0,RS41-SG,404.900,9.2,150,10,2.6,-1,-1
2025-08-09T00:45:55.985Z,W2020472,7917,45.71650,8.99411,31237.1,6.8,13.7,267.8,-43.2,0.7,-1.0,RS41-SG,404.900,8.9,150,10,2.6,-1,-1
2025-08-09T00:45:56.985Z,W2020472,7918,45.71650,8.99393,31243.5,5.9,14.6,270.5,-43.2,0.7,-1.0,RS41-SG,404.900,9.5,150,10,2.5,-1,-1
2025-08-09T00:45:57.985Z,W2020472,7919,45.71650,8.99374,31249.1,5.5,15.3,270.7,-43.3,0.7,-1.0,RS41-SG,404.900,9.5,150,10,2.5,-1,-1
2025-08-09T00:45:58.985Z,W2020472,7920,45.71650,8.99354,31255.0,6.1,15.4,269.6,-43.3,0.7,-1.0,RS41-SG,404.900,9.3,150,10,2.5,-1,-1
2025-08-09T00:45:59.985Z,W2020472,7921,45.71650,8.99335,31261.5,7.0,14.7,267.8,-43.3,0.7,-1.0,RS41-SG,404.900,8.9,150,10,2.6,-1,-1
2025-08-09T00:46:00.985Z,W2020472,7922,45.71649,8.99316,31267.9,5.9,14.0,265.1,-43.3,0.7,-1.0,RS41-SG,404.900,10.2,150,10,2.6,-1,-1
2025-08-09T00:46:01.985Z,W2020472,7923,45.71648,8.99299,31273.4,5.0,13.3,263.5,-43.3,0.7,-1.0,RS41-SG,404.900,10.2,150,10,2.5,-1,-1
2025-08-09T00:46:02.985Z,W2020472,7924,45.71647,8.99282,31278.7,5.6,12.8,263.8,-43.3,0.7,-1.0,RS41-SG,404.900,9.2,150,10,2.5,-1,-1
2025-08-09T00:46:03.985Z,W2020472,7925,45.71646,8.99266,31284.7,6.4,12.7,267.0,-43.3,0.7,-1.0,RS41-SG,404.900,9.2,150,10,2.5,-1,-1
2025-08-09T00:46:04.985Z,W2020472,7926,45.71645,8.99250,31290.9,5.8,12.9,270.5,-43.3,0.7,-1.0,RS41-SG,404.900,8.7,150,10,2.6,-1,-1
2025-08-09T00:46:05.985Z,W2020472,7927,45.71646,8.99233,31296.5,5.5,13.2,272.0,-43.3,0.7,-1.0,RS41-SG,404.900,9.0,150,10,2.6,-1,-1
2025-08-09T00:46:06.985Z,W2020472,7928,45.71646,8.99216,31302.2,6.0,13.2,270.0,-43.4,0.7,-1.0,RS41-SG,404.900,9.0,150,10,2.5,-1,-1
2025-08-09T00:46:07.985Z,W2020472,7929,45.71645,8.99200,31308.3,6.2,12.9,265.3,-43.4,0.7,-1.0,RS41-SG,404.900,8.7,150,10,2.5,-1,-1
2025-08-09T00:46:10.985Z,W2020472,7932,45.71638,8.99152,31325.6,5.1,13.3,253.4,-43.4,0.7,-1.0,RS41-SG,404.900,8.8,150,10,2.6,-1,-1
2025-08-09T00:46:12.985Z,W2020472,7934,45.71632,8.99116,31337.3,6.4,15.2,260.6,-43.3,0.7,-1.0,RS41-SG,404.900,8.4,150,10,2.6,-1,-1
2025-08-09T00:46:13.985Z,W2020472,7935,45.71630,8.99096,31343.3,5.7,16.1,265.5,-43.3,0.7,-1.0,RS41-SG,404.900,8.0,150,10,2.5,-1,-1
2025-08-09T00:46:14.985Z,W2020472,7936,45.71630,8.99076,31348.6,5.0,16.6,268.9,-43.3,0.7,-1.0,RS41-SG,404.900,7.9,150,10,2.5,-1,-1
2025-08-09T00:46:15.985Z,W2020472,7937,45.71630,8.99054,31353.8,5.6,16.4,270.9,-43.2,0.7,-1.0,RS41-SG,404.900,9.9,150,10,2.5,-1,-1
2025-08-09T00:46:16.985Z,W2020472,7938,45.71630,8.99034,31359.7,6.2,15.4,269.7,-43.2,0.7,-1.0,RS41-SG,404.900,9.9,150,10,2.6,-1,-1
2025-08-09T00:46:17.985Z,W2020472,7939,45.71629,8.99015,31365.9,6.2,14.0,265.7,-43.2,0.7,-1.0,RS41-SG,404.900,9.5,150,10,2.6,-1,-1
2025-08-09T00:46:22.985Z,W2020472,7944,45.71619,8.98938,31392.9,6.7,13.2,262.8,-43.1,0.7,-1.0,RS41-SG,404.900,8.2,150,10,2.6,-1,-1
2025-08-09T00:46:23.985Z,W2020472,7945,45.71618,8.98920,31399.1,5.5,14.5,265.9,-43.2,0.7,-1.0,RS41-SG,404.900,8.8,150,10,2.5,-1,-1
2025-08-09T00:46:24.985Z,W2020472,7946,45.71617,8.98901,31404.2,4.9,15.7,267.3,-43.2,0.7,-1.0,RS41-SG,404.900,8.8,150,10,2.5,-1,-1
2025-08-09T00:46:26.985Z,W2020472,7948,45.71615,8.98859,31415.2,6.4,16.4,263.3,-43.1,0.7,-1.0,RS41-SG,404.900,9.9,150,10,2.6,-1,-1
2025-08-09T00:46:27.985Z,W2020472,7949,45.71613,8.98839,31421.7,6.4,15.9,258.5,-43.2,0.7,-1.0,RS41-SG,404.900,9.9,150,10,2.6,-1,-1
2025-08-09T00:46:28.985Z,W2020472,7950,45.71610,8.98819,31427.5,5.1,15.3,254.4,-43.2,0.7,-1.0,RS41-SG,404.900,8.6,150,10,2.6,-1,-1
2025-08-09T00:46:29.985Z,W2020472,7951,45.71606,8.98801,31432.5,4.9,15.0,251.7,-43.2,0.7,-1.0,RS41-SG,404.900,8.6,150,10,2.5,-1,-1
2025-08-09T00:46:32.985Z,W2020472,7954,45.71595,8.98745,31449.6,6.2,15.4,258.5,-43.2,0.7,-1.0,RS41-SG,404.900,8.0,150,10,2.6,-1,-1
2025-08-09T00:46:33.985Z,W2020472,7955,45.71592,8.98726,31455.2,5.0,15.6,261.4,-43.2,0.7,-1.0,RS41-SG,404.900,8.0,150,10,2.6,-1,-1
2025-08-09T00:46:34.985Z,W2020472,7956,45.71590,8.98706,31460.2,5.1,15.4,263.1,-43.2,0.7,-1.0,RS41-SG,404.900,7.7,150,10,2.6,-1,-1
2025-08-09T00:46:36.985Z,W2020472,7958,45.71587,8.98669,31471.9,6.6,13.6,261.5,-43.3,0.7,-1.0,RS41-SG,404.900,8.0,150,10,2.5,-1,-1
2025-08-09T00:46:40.985Z,W2020472,7962,45.71576,8.98603,31494.1,6.0,14.7,256.9,-43.4,0.8,-1.0,RS41-SG,404.900,8.5,150,10,2.6,-1,-1
2025-08-09T00:46:41.985Z,W2020472,7963,45.71574,8.98584,31500.2,6.3,16.3,259.8,-43.4,0.7,-1.0,RS41-SG,404.900,8.3,150,10,2.5,-1,-1
2025-08-09T00:46:51.985Z,W2020472,7973,45.71544,8.98399,31554.5,6.3,13.3,265.2,-43.6,0.7,-1.0,RS41-SG,404.900,8.3,150,10,2.5,-1,-1
2025-08-09T00:46:53.985Z,W2020472,7975,45.71543,8.98361,31565.1,5.0,16.4,268.5,-43.7,0.7,-1.0,RS41-SG,404.900,8.6,150,10,2.6,-1,-1
2025-08-09T00:46:54.985Z,W2020472,7976,45.71543,8.98339,31570.3,5.5,17.3,265.5,-43.7,0.8,-1.0,RS41-SG,404.900,8.7,150,10,2.6,-1,-1
2025-08-09T00:46:55.985Z,W2020472,7977,45.71541,8.98317,31576.3,6.5,17.5,259.3,-43.7,0.8,-1.0,RS41-SG,404.900,8.7,150,10,2.6,-1,-1
2025-08-09T00:46:56.985Z,W2020472,7978,45.71537,8.98296,31582.8,6.4,17.2,252.2,-43.7,0.8,-1.0,RS41-SG,404.900,8.5,150,10,2.6,-1,-1
2025-08-09T00:46:58.985Z,W2020472,7980,45.71525,8.98255,31592.8,4.2,17.0,242.8,-43.8,0.7,-1.0,RS41-SG,404.900,8.7,150,10,2.5,-1,-1
2025-08-09T00:47:05.985Z,W2020472,7987,45.71494,8.98119,31630.9,6.4,15.6,259.1,-43.8,0.8,-1.0,RS41-SG,404.900,7.5,150,10,2.6,-1,-1
2025-08-09T00:47:06.985Z,W2020472,7988,45.71491,8.98100,31637.0,5.6,15.3,256.3,-43.8,0.7,-1.0,RS41-SG,404.900,8.7,150,10,2.6,-1,-1
2025-08-09T00:48:26.985Z,W2020472,8068,45.71406,8.96557,32081.9,6.2,11.8,270.4,-43.3,0.7,-1.0,RS41-SG,404.900,7.3,150,10,2.5,-1,-1
2025-08-09T00:48:29.985Z,W2020472,8071,45.71407,8.96505,32098.4,5.5,15.3,268.6,-43.1,0.7,-1.0,RS41-SG,404.900,7.9,150,10,2.6,-1,-1
2025-08-09T00:48:34.985Z,W2020472,8076,45.71393,8.96399,32125.9,5.8,17.0,258.4,-42.8,0.7,-1.0,RS41-SG,404.900,7.8,150,10,2.6,-1,-1
2025-08-09T00:48:39.985Z,W2020472,8081,45.71391,8.96300,32153.8,6.1,15.4,270.1,-42.5,0.7,-1.0,RS41-SG,404.900,7.7,150,10,2.5,-1,-1
2025-08-09T00:48:41.985Z,W2020472,8083,45.71387,8.96259,32166.5,6.1,16.5,257.1,-42.4,0.7,-1.0,RS41-SG,404.900,8.4,150,10,2.6,-1,-1
2025-08-09T00:48:42.985Z,W2020472,8084,45.71383,8.96238,32171.9,4.8,16.9,251.7,-42.4,0.6,-1.0,RS41-SG,404.900,8.2,150,10,2.6,-1,-1
2025-08-09T00:48:46.985Z,W2020472,8088,45.71363,8.96161,32193.6,6.6,14.9,256.3,-42.4,0.7,-1.0,RS41-SG,404.900,7.8,150,10,2.6,-1,-1
2025-08-09T00:48:47.985Z,W2020472,8089,45.71361,8.96142,32199.7,5.6,14.7,262.3,-42.3,0.7,-1.0,RS41-SG,404.900,7.8,150,10,2.5,-1,-1
2025-08-09T00:48:48.985Z,W2020472,8090,45.71359,8.96123,32205.2,5.3,15.1,267.5,-42.3,0.7,-1.0,RS41-SG,404.900,8.0,150,10,2.5,-1,-1
2025-08-09T00:48:49.985Z,W2020472,8091,45.71359,8.96103,32210.7,5.6,16.2,269.4,-42.3,0.7,-1.0,RS41-SG,404.900,8.3,150,10,2.5,-1,-1
2025-08-09T00:48:50.985Z,W2020472,8092,45.71359,8.96082,32216.6,6.2,17.5,268.3,-42.3,0.7,-1.0,RS41-SG,404.900,8.3,150,10,2.6,-1,-1
2025-08-09T00:48:51.985Z,W2020472,8093,45.71358,8.96059,32222.7,6.1,18.7,266.3,-42.3,0.7,-1.0,RS41-SG,404.900,7.7,150,10,2.6,-1,-1
2025-08-09T00:48:52.985Z,W2020472,8094,45.71357,8.96034,32228.3,5.1,19.4,264.7,-42.3,0.7,-1.0,RS41-SG,404.900,7.7,150,10,2.6,-1,-1
2025-08-09T00:48:53.985Z,W2020472,8095,45.71355,8.96010,32233.3,4.9,19.7,263.8,-42.2,0.7,-1.0,RS41-SG,404.900,7.6,150,10,2.6,-1,-1
2025-08-09T00:48:54.985Z,W2020472,8096,45.71353,8.95985,32238.7,5.7,18.9,265.3,-42.2,0.7,-1.0,RS41-SG,404.900,8.4,150,10,2.5,-1,-1
2025-08-09T00:48:55.985Z,W2020472,8097,45.71352,8.95962,32244.9,6.6,17.6,268.5,-42.1,0.7,-1.0,RS41-SG,404.900,8.4,150,10,2.5,-1,-1
2025-08-09T00:48:56.985Z,W2020472,8098,45.71352,8.95940,32251.2,6.3,16.0,272.5,-42.0,0.7,-1.0,RS41-SG,404.900,8.2,150,10,2.5,-1,-1
2025-08-09T00:48:57.985Z,W2020472,8099,45.71353,8.95921,32256.9,5.0,14.7,275.1,-42.0,0.7,-1.0,RS41-SG,404.900,8.2,150,10,2.6,-1,-1
2025-08-09T00:49:00.985Z,W2020472,8102,45.71355,8.95869,32274.1,6.9,13.0,265.3,-41.8,0.6,-1.0,RS41-SG,404.900,8.2,150,10,2.5,-1,-1
2025-08-09T00:49:01.985Z,W2020472,8103,45.71353,8.95852,32280.6,6.1,13.6,260.1,-41.8,0.6,-1.0,RS41-SG,404.900,8.2,150,9,2.5,-1,-1
2025-08-09T00:49:02.985Z,W2020472,8104,45.71351,8.95835,32286.0,4.9,14.1,256.3,-41.7,0.6,-1.0,RS41-SG,404.900,7.8,150,10,2.6,-1,-1
2025-08-09T00:49:09.985Z,W2020472,8111,45.71347,8.95710,32326.8,6.6,15.1,277.0,-41.7,0.7,-1.0,RS41-SG,404.900,7.2,150,10,2.5,-1,-1
2025-08-09T00:49:16.985Z,W2020472,8118,45.71347,8.95589,32368.2,5.3,9.7,265.5,-41.6,0.7,-1.0,RS41-SG,404.900,7.8,150,10,2.5,-1,-1
2025-08-09T00:49:17.985Z,W2020472,8119,45.71346,8.95577,32373.8,6.0,9.7,263.0,-41.5,0.7,-1.0,RS41-SG,404.900,7.8,150,10,2.5,-1,-1
2025-08-09T00:49:18.985Z,W2020472,8120,45.71345,8.95564,32380.2,6.9,10.7,260.3,-41.5,0.6,-1.0,RS41-SG,404.900,8.3,150,10,2.5,-1,-1
2025-08-09T00:49:19.985Z,W2020472,8121,45.71343,8.95549,32386.8,6.6,12.1,258.5,-41.5,0.7,-1.0,RS41-SG,404.900,8.3,150,10,2.6,-1,-1
2025-08-09T00:49:22.985Z,W2020472,8124,45.71337,8.95499,32403.6,6.2,14.0,265.6,-41.5,0.6,-1.0,RS41-SG,404.900,7.1,150,10,2.5,-1,-1
2025-08-09T00:49:23.985Z,W2020472,8125,45.71337,8.95481,32410.0,6.6,13.4,271.6,-41.5,0.6,-1.0,RS41-SG,404.900,7.8,150,10,2.5,-1,-1
2025-08-09T00:49:24.985Z,W2020472,8126,45.71338,8.95465,32416.2,5.7,12.7,276.1,-41.5,0.6,-1.0,RS41-SG,404.900,8.2,150,10,2.6,-1,-1
2025-08-09T00:49:25.985Z,W2020472,8127,45.71339,8.95449,32421.8,5.5,11.9,278.6,-41.5,0.6,-1.0,RS41-SG,404.900,8.2,150,10,2.6,-1,-1
2025-08-09T00:49:29.985Z,W2020472,8131,45.71338,8.95391,32446.4,5.2,11.6,254.6,-41.5,0.6,-1.0,RS41-SG,404.900,7.9,150,10,2.6,-1,-1
2025-08-09T00:49:31.985Z,W2020472,8133,45.71331,8.95364,32456.7,5.5,11.2,246.1,-41.5,0.7,-1.0,RS41-SG,404.900,7.5,150,10,2.6,-1,-1
2025-08-09T00:49:40.985Z,W2020472,8142,45.71303,8.95243,32508.8,5.3,14.7,253.5,-41.3,0.7,-1.0,RS41-SG,404.900,7.2,150,10,2.5,-1,-1
2025-08-09T00:49:45.985Z,W2020472,8147,45.71294,8.95164,32537.7,5.8,11.0,266.8,-41.2,0.6,-1.0,RS41-SG,404.900,8.1,150,10,2.5,-1,-1
2025-08-09T00:49:46.985Z,W2020472,8148,45.71294,8.95149,32543.7,6.2,11.8,263.1,-41.2,0.6,-1.0,RS41-SG,404.900,8.1,150,10,2.6,-1,-1
2025-08-09T00:49:48.985Z,W2020472,8150,45.71289,8.95116,32556.0,5.7,14.7,257.1,-41.2,0.6,-1.0,RS41-SG,404.900,7.7,150,10,2.6,-1,-1
2025-08-09T00:49:54.985Z,W2020472,8156,45.71279,8.94998,32590.7,5.1,14.0,272.0,-41.1,0.7,-1.0,RS41-SG,404.900,8.5,150,10,2.6,-1,-1
2025-08-09T00:49:55.985Z,W2020472,8157,45.71279,8.94981,32595.8,5.0,13.6,271.5,-41.0,0.6,-1.0,RS41-SG,404.900,8.8,150,10,2.5,-1,-1
2025-08-09T00:49:58.985Z,W2020472,8160,45.71275,8.94925,32613.4,6.0,16.1,256.6,-41.0,0.6,-1.0,RS41-SG,404.900,8.9,150,10,2.6,-1,-1
2025-08-09T00:50:00.985Z,W2020472,8162,45.71267,8.94883,32624.5,5.4,18.0,253.9,-40.9,0.6,-1.0,RS41-SG,404.900,7.7,150,10,2.6,-1,-1
2025-08-09T00:50:01.985Z,W2020472,8163,45.71263,8.94861,32630.2,5.8,17.9,256.3,-40.9,0.6,-1.0,RS41-SG,404.900,7.7,150,10,2.6,-1,-1
2025-08-09T00:50:04.985Z,W2020472,8166,45.71258,8.94797,32648.5,5.8,16.3,274.5,-40.8,0.6,-1.0,RS41-SG,404.900,8.2,150,10,2.5,-1,-1
2025-08-09T00:50:05.985Z,W2020472,8167,45.71260,8.94776,32654.1,5.3,16.5,279.7,-40.7,0.6,-1.0,RS41-SG,404.900,8.2,150,10,2.6,-1,-1
2025-08-09T00:50:06.985Z,W2020472,8168,45.71263,8.94754,32659.4,5.4,17.4,281.1,-40.7,0.6,-1.0,RS41-SG,404.900,8.9,150,10,2.6,-1,-1
2025-08-09T00:50:07.985Z,W2020472,8169,45.71266,8.94732,32665.1,6.0,18.8,279.0,-40.6,0.6,-1.0,RS41-SG,404.900,8.9,150,10,2.5,-1,-1
2025-08-09T00:50:08.985Z,W2020472,8170,45.71268,8.94707,32671.3,6.4,20.3,274.5,-40.6,0.6,-1.0,RS41-SG,404.900,8.6,150,10,2.5,-1,-1
2025-08-09T00:50:09.985Z,W2020472,8171,45.71268,8.94680,32677.6,6.2,21.7,269.6,-40.6,0.6,-1.0,RS41-SG,404.900,8.3,150,10,2.5,-1,-1
2025-08-09T00:50:10.985Z,W2020472,8172,45.71268,8.94652,32683.3,5.0,22.6,265.4,-40.5,0.6,-1.0,RS41-SG,404.900,8.3,150,10,2.6,-1,-1
2025-08-09T00:50:11.985Z,W2020472,8173,45.71265,8.94623,32688.5,5.2,22.7,262.0,-40.5,0.6,-1.0,RS41-SG,404.900,8.3,150,10,2.6,-1,-1
2025-08-09T00:50:12.985Z,W2020472,8174,45.71262,8.94595,32694.0,6.0,21.7,260.0,-40.5,0.6,-1.0,RS41-SG,404.900,7.8,150,10,2.5,-1,-1
2025-08-09T00:50:15.985Z,W2020472,8177,45.71255,8.94524,32712.3,4.8,16.4,265.1,-40.3,0.6,-1.0,RS41-SG,404.900,8.4,150,10,2.6,-1,-1
2025-08-09T00:50:16.985Z,W2020472,8178,45.71254,8.94503,32717.0,4.8,15.5,269.1,-40.2,0.6,-1.0,RS41-SG,404.900,8.4,150,10,2.6,-1,-1
2025-08-09T00:50:17.985Z,W2020472,8179,45.71254,8.94483,32722.2,5.4,15.9,270.7,-40.1,0.6,-1.0,RS41-SG,404.900,8.3,150,10,2.6,-1,-1
2025-08-09T00:50:18.985Z,W2020472,8180,45.71254,8.94462,32728.1,6.3,17.0,270.6,-40.0,0.6,-1.0,RS41-SG,404.900,7.7,150,10,2.6,-1,-1
2025-08-09T00:50:19.985Z,W2020472,8181,45.71254,8.94440,32734.6,6.5,18.5,268.5,-40.0,0.6,-1.0,RS41-SG,404.900,8.9,150,10,2.5,-1,-1
2025-08-09T00:50:20.985Z,W2020472,8182,45.71253,8.94415,32740.5,5.4,19.8,267.3,-39.9,0.6,-1.0,RS41-SG,404.900,9.1,150,10,2.5,-1,-1
2025-08-09T00:50:21.985Z,W2020472,8183,45.71252,8.94389,32745.7,4.9,20.7,266.4,-39.9,0.6,-1.0,RS41-SG,404.900,9.1,150,10,2.5,-1,-1
2025-08-09T00:50:22.985Z,W2020472,8184,45.71251,8.94363,32750.7,5.2,21.0,265.7,-39.8,0.6,-1.0,RS41-SG,404.900,9.6,150,10,2.6,-1,-1
2025-08-09T00:50:24.985Z,W2020472,8186,45.71249,8.94311,32762.9,6.5,19.4,267.1,-39.6,0.6,-1.0,RS41-SG,404.900,7.7,150,10,2.5,-1,-1
2025-08-09T00:50:26.985Z,W2020472,8188,45.71247,8.94264,32774.3,5.3,17.6,266.7,-39.6,0.6,-1.0,RS41-SG,404.900,9.3,150,10,2.5,-1,-1
2025-08-09T00:50:27.985Z,W2020472,8189,45.71246,8.94242,32779.8,5.7,17.2,264.6,-39.5,0.6,-1.0,RS41-SG,404.900,9.3,150,10,2.6,-1,-1
2025-08-09T00:50:28.985Z,W2020472,8190,45.71244,8.94220,32785.9,6.4,17.6,260.5,-39.5,0.6,-1.0,RS41-SG,404.900,9.4,150,10,2.6,-1,-1
2025-08-09T00:50:29.985Z,W2020472,8191,45.71241,8.94197,32792.1,6.1,18.3,257.6,-39.5,0.6,-1.0,RS41-SG,404.900,9.7,150,10,2.6,-1,-1
2025-08-09T00:50:30.985Z,W2020472,8192,45.71237,8.94174,32797.7,5.2,19.0,256.2,-39.4,0.6,-1.0,RS41-SG,404.900,9.7,150,10,2.6,-1,-1
2025-08-09T00:50:32.985Z,W2020472,8194,45.71229,8.94127,32808.8,6.0,18.6,257.2,-39.4,0.6,-1.0,RS41-SG,404.900,8.3,150,10,2.5,-1,-1
2025-08-09T00:50:33.985Z,W2020472,8195,45.71226,8.94104,32815.0,6.4,17.7,260.4,-39.4,0.6,-1.0,RS41-SG,404.900,8.6,150,10,2.5,-1,-1
2025-08-09T00:50:34.985Z,W2020472,8196,45.71224,8.94082,32820.8,5.2,17.0,263.5,-39.4,0.6,-1.0,RS41-SG,404.900,8.8,150,10,2.6,-1,-1
2025-08-09T00:50:35.985Z,W2020472,8197,45.71222,8.94061,32826.0,5.0,16.5,266.2,-39.4,0.6,-1.0,RS41-SG,404.900,9.0,150,10,2.6,-1,-1
2025-08-09T00:50:36.985Z,W2020472,8198,45.71221,8.94040,32831.2,5.5,16.8,266.9,-39.4,0.6,-1.0,RS41-SG,404.900,9.0,150,10,2.5,-1,-1
2025-08-09T00:50:37.985Z,W2020472,8199,45.71220,8.94018,32837.1,6.3,17.6,265.2,-39.4,0.6,-1.0,RS41-SG,404.900,8.9,150,10,2.5,-1,-1
2025-08-09T00:50:38.985Z,W2020472,8200,45.71219,8.93995,32843.5,6.6,18.8,262.3,-39.4,0.6,-1.0,RS41-SG,404.900,8.9,150,10,2.5,-1,-1
2025-08-09T00:50:40.985Z,W2020472,8202,45.71212,8.93945,32855.0,4.8,20.4,257.3,-39.4,0.6,-1.0,RS41-SG,404.900,8.1,150,10,2.6,-1,-1
2025-08-09T00:50:42.985Z,W2020472,8204,45.71203,8.93894,32864.9,5.2,20.0,255.2,-39.4,0.5,-1.0,RS41-SG,404.900,8.4,150,10,2.6,-1,-1
2025-08-09T00:50:46.985Z,W2020472,8208,45.71191,8.93802,32888.1,5.6,17.8,267.0,-39.4,0.6,-1.0,RS41-SG,404.900,7.9,150,10,2.6,-1,-1
2025-08-09T00:50:48.985Z,W2020472,8210,45.71191,8.93753,32899.1,5.4,20.7,270.6,-39.3,0.6,-1.0,RS41-SG,404.900,7.8,150,10,2.5,-1,-1
2025-08-09T00:50:51.985Z,W2020472,8213,45.71188,8.93664,32915.4,5.4,25.3,262.3,-39.1,0.5,-1.0,RS41-SG,404.900,7.9,150,10,2.6,-1,-1
2025-08-09T00:50:52.985Z,W2020472,8214,45.71184,8.93632,32921.0,5.4,25.2,258.4,-39.1,0.6,-1.0,RS41-SG,404.900,7.9,150,10,2.6,-1,-1
2025-08-09T00:51:15.985Z,W2020472,8237,45.71201,8.93040,33038.5,3.9,27.9,284.0,-38.6,0.5,-1.0,RS41-SG,404.900,8.4,150,10,2.6,-1,-1
2025-08-09T00:51:18.985Z,W2020472,8240,45.71210,8.92940,33054.7,5.2,23.7,271.3,-38.5,0.5,-1.0,RS41-SG,404.900,8.9,150,10,2.6,-1,-1
2025-08-09T00:51:26.985Z,W2020472,8248,45.71222,8.92736,33092.5,3.9,21.9,290.1,-38.4,0.6,-1.0,RS41-SG,404.900,7.7,150,10,2.5,-1,-1
2025-08-09T00:51:27.985Z,W2020472,8249,45.71229,8.92710,33096.8,4.5,22.1,293.1,-38.4,0.6,-1.0,RS41-SG,404.900,9.7,150,10,2.6,-1,-1
2025-08-09T00:51:28.985Z,W2020472,8250,45.71237,8.92685,33101.9,5.6,21.4,293.8,-38.3,0.6,-1.0,RS41-SG,404.900,9.7,150,10,2.6,-1,-1
2025-08-09T00:51:29.985Z,W2020472,8251,45.71244,8.92660,33107.8,6.2,20.1,291.5,-38.3,0.5,-1.0,RS41-SG,404.900,8.7,150,10,2.6,-1,-1
2025-08-09T00:51:30.985Z,W2020472,8252,45.71250,8.92637,33113.8,5.8,18.8,286.3,-38.2,0.5,-1.0,RS41-SG,404.900,8.7,150,10,2.6,-1,-1
2025-08-09T00:51:32.985Z,W2020472,8254,45.71255,8.92591,33124.2,4.7,17.9,270.5,-38.1,0.5,-1.0,RS41-SG,404.900,8.1,150,10,2.5,-1,-1
2025-08-09T00:51:33.985Z,W2020472,8255,45.71254,8.92568,33128.8,4.6,18.7,263.7,-38.1,0.5,-1.0,RS41-SG,404.900,9.1,150,10,2.5,-1,-1
2025-08-09T00:51:35.985Z,W2020472,8257,45.71248,8.92518,33138.3,5.1,21.0,261.0,-38.1,0.5,-1.0,RS41-SG,404.900,8.0,150,10,2.6,-1,-1
2025-08-09T00:51:36.985Z,W2020472,8258,45.71246,8.92491,33143.8,6.0,21.5,265.9,-38.0,0.5,-1.0,RS41-SG,404.900,8.9,150,10,2.5,-1,-1
2025-08-09T00:51:40.985Z,W2020472,8262,45.71262,8.92390,33164.2,3.4,18.9,299.4,-37.9,0.5,-1.0,RS41-SG,404.900,8.5,150,10,2.6,-1,-1
2025-08-09T00:51:41.985Z,W2020472,8263,45.71271,8.92370,33167.9,4.2,17.2,303.2,-37.9,0.5,-1.0,RS41-SG,404.900,9.6,150,10,2.6,-1,-1
2025-08-09T00:51:43.985Z,W2020472,8265,45.71283,8.92337,33178.5,6.0,12.8,289.2,-37.9,0.5,-1.0,RS41-SG,404.900,8.4,150,10,2.5,-1,-1
2025-08-09T00:51:44.985Z,W2020472,8266,45.71286,8.92321,33184.6,5.8,12.9,272.9,-37.9,0.5,-1.0,RS41-SG,404.900,8.7,150,10,2.5,-1,-1
2025-08-09T00:51:45.985Z,W2020472,8267,45.71285,8.92304,33189.7,4.6,14.6,260.3,-37.9,0.5,-1.0,RS41-SG,404.900,9.7,150,10,2.5,-1,-1
2025-08-09T00:51:48.985Z,W2020472,8270,45.71272,8.92234,33201.7,4.5,22.5,258.0,-37.8,0.5,-1.0,RS41-SG,404.900,8.0,150,10,2.5,-1,-1
2025-08-09T00:51:49.985Z,W2020472,8271,45.71269,8.92205,33206.6,5.3,23.6,264.6,-37.8,0.5,-1.0,RS41-SG,404.900,8.8,150,10,2.5,-1,-1
2025-08-09T00:51:50.985Z,W2020472,8272,45.71268,8.92175,33212.1,5.6,23.8,271.8,-37.7,0.5,-1.0,RS41-SG,404.900,9.8,150,10,2.5,-1,-1
2025-08-09T00:51:51.985Z,W2020472,8273,45.71270,8.92145,33217.8,5.7,22.9,279.3,-37.7,0.5,-1.0,RS41-SG,404.900,9.8,150,10,2.6,-1,-1
2025-08-09T00:51:52.985Z,W2020472,8274,45.71275,8.92118,33223.3,5.4,21.2,284.9,-37.6,0.5,-1.0,RS41-SG,404.900,9.5,150,10,2.6,-1,-1
2025-08-09T00:51:53.985Z,W2020472,8275,45.71280,8.92093,33228.7,5.3,18.7,289.4,-37.6,0.5,-1.0,RS41-SG,404.900,9.5,150,10,2.6,-1,-1
2025-08-09T00:51:54.985Z,W2020472,8276,45.71285,8.92073,33234.0,5.2,15.5,289.6,-37.6,0.5,-1.0,RS41-SG,404.900,8.9,150,10,2.6,-1,-1
2025-08-09T00:51:55.985Z,W2020472,8277,45.71289,8.92056,33239.4,5.4,12.5,283.5,-37.5,0.5,-1.0,RS41-SG,404.900,10.2,150,10,2.5,-1,-1
2025-08-09T00:51:56.985Z,W2020472,8278,45.71289,8.92041,33244.7,5.3,10.9,266.6,-37.5,0.5,-1.0,RS41-SG,404.900,10.2,150,10,2.5,-1,-1
2025-08-09T00:51:57.985Z,W2020472,8279,45.71287,8.92027,33249.8,4.9,11.7,249.6,-37.4,0.5,-1.0,RS41-SG,404.900,9.0,150,10,2.5,-1,-1
2025-08-09T00:51:58.985Z,W2020472,8280,45.71282,8.92012,33254.5,4.5,14.1,241.9,-37.4,0.5,-1.0,RS41-SG,404.900,9.3,150,10,2.6,-1,-1
2025-08-09T00:51:59.985Z,W2020472,8281,45.71276,8.91994,33258.9,4.4,17.0,242.6,-37.3,0.5,-1.0,RS41-SG,404.900,10.1,150,10,2.6,-1,-1
2025-08-09T00:52:00.985Z,W2020472,8282,45.71269,8.91973,33263.6,4.9,19.7,248.6,-37.2,0.5,-1.0,RS41-SG,404.900,10.1,150,10,2.5,-1,-1
2025-08-09T00:52:01.985Z,W2020472,8283,45.71264,8.91948,33268.7,5.2,21.6,256.7,-37.2,0.5,-1.0,RS41-SG,404.900,9.5,150,10,2.5,-1,-1
2025-08-09T00:52:02.985Z,W2020472,8284,45.71261,8.91920,33273.8,4.9,22.8,264.9,-37.2,0.5,-1.0,RS41-SG,404.900,8.6,150,10,2.5,-1,-1
2025-08-09T00:52:03.985Z,W2020472,8285,45.71260,8.91891,33278.2,4.0,23.1,272.0,-37.2,0.5,-1.0,RS41-SG,404.900,9.1,150,10,2.6,-1,-1
2025-08-09T00:52:05.985Z,W2020472,8287,45.71265,8.91835,33287.4,5.4,20.1,282.3,-37.1,0.5,-1.0,RS41-SG,404.900,8.9,150,10,2.6,-1,-1
2025-08-09T00:52:06.985Z,W2020472,8288,45.71269,8.91812,33293.3,6.4,16.9,282.6,-37.1,0.5,-1.0,RS41-SG,404.900,9.3,150,10,2.5,-1,-1
2025-08-09T00:52:07.985Z,W2020472,8289,45.71271,8.91793,33299.6,6.2,13.7,277.1,-37.1,0.5,-1.0,RS41-SG,404.900,9.3,150,10,2.5,-1,-1
2025-08-09T00:52:08.985Z,W2020472,8290,45.71272,8.91777,33304.9,4.3,11.7,267.6,-37.1,0.5,-1.0,RS41-SG,404.900,9.3,150,10,2.5,-1,-1
2025-08-09T00:52:09.985Z,W2020472,8291,45.71270,8.91763,33308.7,3.1,10.8,254.9,-37.0,0.5,-1.0,RS41-SG,404.900,9.8,150,10,2.5,-1,-1
2025-08-09T00:52:10.985Z,W2020472,8292,45.71267,8.91749,33312.1,3.7,11.2,245.0,-37.0,0.5,-1.0,RS41-SG,404.900,9.8,150,10,2.6,-1,-1
2025-08-09T00:52:11.985Z,W2020472,8293,45.71262,8.91736,33316.6,5.3,12.5,243.3,-37.0,0.5,-1.0,RS41-SG,404.900,9.3,150,10,2.6,-1,-1
2025-08-09T00:52:12.985Z,W2020472,8294,45.71257,8.91720,33322.6,6.4,14.4,247.7,-37.0,0.5,-1.0,RS41-SG,404.900,9.3,150,10,2.5,-1,-1
2025-08-09T00:52:13.985Z,W2020472,8295,45.71253,8.91702,33329.1,6.5,16.4,254.5,-37.0,0.5,-1.0,RS41-SG,404.900,8.7,150,10,2.5,-1,-1
2025-08-09T00:52:14.985Z,W2020472,8296,45.71250,8.91680,33334.8,4.8,18.2,259.8,-37.0,0.5,-1.0,RS41-SG,404.900,8.7,150,10,2.5,-1,-1
2025-08-09T00:52:15.985Z,W2020472,8297,45.71247,8.91656,33339.1,3.6,19.9,263.7,-36.9,0.5,-1.0,RS41-SG,404.900,8.6,150,10,2.6,-1,-1
2025-08-09T00:52:16.985Z,W2020472,8298,45.71246,8.91630,33342.9,3.9,21.1,266.3,-36.9,0.5,-1.0,RS41-SG,404.900,8.6,150,10,2.6,-1,-1
2025-08-09T00:52:17.985Z,W2020472,8299,45.71244,8.91603,33347.6,5.6,21.4,266.8,-36.9,0.5,-1.0,RS41-SG,404.900,8.6,150,10,2.6,-1,-1
2025-08-09T00:52:18.985Z,W2020472,8300,45.71243,8.91576,33353.7,6.5,20.6,265.5,-36.9,0.5,-1.0,RS41-SG,404.900,7.9,150,10,2.5,-1,-1
2025-08-09T00:52:21.985Z,W2020472,8303,45.71238,8.91509,33370.4,5.0,14.0,262.3,-36.8,0.5,-1.0,RS41-SG,404.900,8.7,150,10,2.5,-1,-1
2025-08-09T00:52:22.985Z,W2020472,8304,45.71237,8.91493,33375.4,5.0,11.5,265.0,-36.7,0.5,-1.0,RS41-SG,404.900,8.7,150,10,2.6,-1,-1
2025-08-09T00:52:23.985Z,W2020472,8305,45.71236,8.91479,33380.6,5.2,9.7,269.0,-36.7,0.5,-1.0,RS41-SG,404.900,9.3,150,10,2.6,-1,-1
2025-08-09T00:52:24.985Z,W2020472,8306,45.71236,8.91467,33385.4,4.4,9.0,271.8,-36.6,0.5,-1.0,RS41-SG,404.900,9.3,150,10,2.6,-1,-1
2025-08-09T00:52:25.985Z,W2020472,8307,45.71236,8.91456,33390.1,4.7,8.9,270.0,-36.6,0.5,-1.0,RS41-SG,404.900,7.8,150,10,2.5,-1,-1
2025-08-09T00:52:26.985Z,W2020472,8308,45.71236,8.91444,33395.1,5.4,9.7,264.3,-36.5,0.5,-1.0,RS41-SG,404.900,8.8,150,10,2.5,-1,-1
2025-08-09T00:52:27.985Z,W2020472,8309,45.71234,8.91431,33400.7,5.8,11.1,257.5,-36.4,0.5,-1.0,RS41-SG,404.900,10.3,150,10,2.5,-1,-1
2025-08-09T00:52:28.985Z,W2020472,8310,45.71231,8.91416,33406.6,6.0,13.0,251.7,-36.4,0.5,-1.0,RS41-SG,404.900,10.3,150,10,2.5,-1,-1
2025-08-09T00:52:29.985Z,W2020472,8311,45.71227,8.91400,33412.2,5.2,14.7,249.1,-36.3,0.5,-1.0,RS41-SG,404.900,8.5,150,10,2.6,-1,-1
2025-08-09T00:52:30.985Z,W2020472,8312,45.71222,8.91381,33417.0,4.4,16.2,249.2,-36.3,0.5,-1.0,RS41-SG,404.900,8.4,150,10,2.6,-1,-1
2025-08-09T00:52:31.985Z,W2020472,8313,45.71217,8.91361,33421.5,4.4,17.4,251.2,-36.3,0.5,-1.0,RS41-SG,404.900,8.3,150,10,2.5,-1,-1
2025-08-09T00:52:32.985Z,W2020472,8314,45.71213,8.91339,33426.1,4.9,18.2,255.1,-36.2,0.5,-1.0,RS41-SG,404.900,8.3,150,10,2.5,-1,-1
2025-08-09T00:52:34.985Z,W2020472,8316,45.71207,8.91293,33437.2,5.9,18.0,263.6,-36.2,0.5,-1.0,RS41-SG,404.900,7.8,150,10,2.6,-1,-1
2025-08-09T00:52:35.985Z,W2020472,8317,45.71205,8.91271,33442.9,5.6,16.9,265.0,-36.1,0.5,-1.0,RS41-SG,404.900,8.8,150,10,2.6,-1,-1
2025-08-09T00:52:36.985Z,W2020472,8318,45.71204,8.91251,33448.7,6.0,15.3,262.6,-36.1,0.5,-1.0,RS41-SG,404.900,9.5,150,10,2.6,-1,-1
2025-08-09T00:52:37.985Z,W2020472,8319,45.71201,8.91233,33454.8,6.0,13.5,254.8,-36.0,0.5,-1.0,RS41-SG,404.900,9.5,150,10,2.5,-1,-1
2025-08-09T00:52:38.985Z,W2020472,8320,45.71197,8.91217,33460.5,5.6,12.4,242.5,-36.0,0.5,-1.0,RS41-SG,404.900,9.0,150,10,2.5,-1,-1
2025-08-09T00:52:39.985Z,W2020472,8321,45.71191,8.91204,33465.8,4.9,12.6,229.7,-35.9,0.5,-1.0,RS41-SG,404.900,9.0,150,10,2.5,-1,-1
2025-08-09T00:52:40.985Z,W2020472,8322,45.71182,8.91192,33470.7,4.7,13.7,220.5,-35.8,0.5,-1.0,RS41-SG,404.900,9.0,150,10,2.5,-1,-1
2025-08-09T00:52:41.985Z,W2020472,8323,45.71172,8.91181,33475.7,5.3,15.4,218.0,-35.7,0.5,-1.0,RS41-SG,404.900,8.8,150,10,2.6,-1,-1
2025-08-09T00:52:42.985Z,W2020472,8324,45.71161,8.91167,33481.3,6.0,17.0,220.8,-35.6,0.5,-1.0,RS41-SG,404.900,7.9,150,10,2.6,-1,-1
2025-08-09T00:52:44.985Z,W2020472,8326,45.71139,8.91132,33494.2,6.5,19.7,236.0,-35.4,0.5,-1.0,RS41-SG,404.900,7.9,150,10,2.5,-1,-1
2025-08-09T00:52:49.985Z,W2020472,8331,45.71113,8.91014,33522.1,5.9,15.8,261.6,-35.2,0.5,-1.0,RS41-SG,404.900,8.1,150,10,2.6,-1,-1
2025-08-09T00:52:50.985Z,W2020472,8332,45.71111,8.90996,33528.0,5.9,12.7,255.6,-35.1,0.5,-1.0,RS41-SG,404.900,8.3,150,10,2.6,-1,-1
2025-08-09T00:52:51.985Z,W2020472,8333,45.71107,8.90982,33533.7,5.5,10.8,241.2,-35.1,0.4,-1.0,RS41-SG,404.900,8.5,150,10,2.5,-1,-1
2025-08-09T00:52:52.985Z,W2020472,8334,45.71101,8.90971,33538.9,5.1,11.2,222.6,-35.1,0.5,-1.0,RS41-SG,404.900,8.5,150,10,2.5,-1,-1
2025-08-09T00:52:53.985Z,W2020472,8335,45.71092,8.90962,33543.9,4.9,13.7,212.1,-35.2,0.5,-1.0,RS41-SG,404.900,8.6,150,10,2.5,-1,-1
2025-08-09T00:52:54.985Z,W2020472,8336,45.71080,8.90952,33548.9,5.1,17.3,210.9,-35.2,0.5,-1.0,RS41-SG,404.900,8.6,150,10,2.5,-1,-1
2025-08-09T00:52:55.985Z,W2020472,8337,45.71066,8.90938,33554.3,5.6,20.8,214.9,-35.3,0.5,-1.0,RS41-SG,404.900,8.1,150,10,2.6,-1,-1
2025-08-09T00:53:02.985Z,W2020472,8344,45.70990,8.90762,33593.1,5.1,17.5,260.7,-35.4,0.5,-1.0,RS41-SG,404.900,9.1,150,10,2.6,-1,-1
2025-08-09T00:53:03.985Z,W2020472,8345,45.70988,8.90742,33598.1,4.9,13.7,261.9,-35.3,0.5,-1.0,RS41-SG,404.900,9.1,150,10,2.5,-1,-1
2025-08-09T00:53:04.985Z,W2020472,8346,45.70985,8.90727,33603.0,5.0,10.9,255.6,-35.2,0.5,-1.0,RS41-SG,404.900,8.7,150,10,2.5,-1,-1
2025-08-09T00:53:16.985Z,W2020472,8358,45.70848,8.90453,33666.1,3.6,18.1,246.6,-34.5,0.4,-1.0,RS41-SG,404.900,8.4,150,10,2.6,-1,-1
2025-08-09T00:53:17.985Z,W2020472,8359,45.70842,8.90433,33670.1,4.2,16.1,245.1,-34.5,0.4,-1.0,RS41-SG,404.900,8.4,150,10,2.5,-1,-1
2025-08-09T00:53:18.985Z,W2020472,8360,45.70836,8.90415,33675.2,5.9,15.8,241.0,-34.4,0.4,-1.0,RS41-SG,404.900,8.1,150,10,2.5,-1,-1
2025-08-09T00:53:19.985Z,W2020472,8361,45.70828,8.90397,33681.5,6.7,17.3,236.5,-34.4,0.5,-1.0,RS41-SG,404.900,7.8,150,10,2.5,-1,-1
2025-08-09T00:53:20.985Z,W2020472,8362,45.70818,8.90377,33688.4,6.8,20.1,232.9,-34.3,0.4,-1.0,RS41-SG,404.900,8.4,150,10,2.5,-1,-1
2025-08-09T00:53:21.985Z,W2020472,8363,45.70806,8.90356,33694.5,5.4,23.0,230.8,-34.3,0.5,-1.0,RS41-SG,404.900,8.4,150,10,2.6,-1,-1
2025-08-09T00:53:31.985Z,W2020472,8373,45.70677,8.90108,33744.8,5.5,21.3,249.4,-34.4,0.5,-1.0,RS41-SG,404.900,8.9,150,10,2.5,-1,-1
2025-08-09T00:53:32.985Z,W2020472,8374,45.70670,8.90081,33750.7,6.2,23.1,249.4,-34.4,0.5,-1.0,RS41-SG,404.900,8.9,150,10,2.5,-1,-1
2025-08-09T00:53:42.985Z,W2020472,8384,45.70541,8.89832,33805.2,5.6,19.4,240.0,-34.4,0.5,-1.0,RS41-SG,404.900,7.3,150,10,2.6,-1,-1
2025-08-09T00:53:48.985Z,W2020472,8390,45.70500,8.89650,33838.6,6.6,28.9,245.1,-34.5,0.5,-1.0,RS41-SG,404.900,7.7,150,10,2.5,-1,-1
2025-08-09T00:54:00.985Z,W2020472,8402,45.70377,8.89362,33899.2,5.0,31.0,256.1,-34.6,0.4,-1.0,RS41-SG,404.900,7.8,150,10,2.5,-1,-1
2025-08-09T00:54:12.985Z,W2020472,8414,45.70271,8.89078,33961.6,3.4,27.3,261.9,-34.8,0.4,-1.0,RS41-SG,404.900,7.2,150,10,2.6,-1,-1
2025-08-09T00:54:23.985Z,W2020472,8425,45.70181,8.88808,34017.6,5.6,18.6,266.5,-34.8,0.5,-1.0,RS41-SG,404.900,7.8,150,10,2.5,-1,-1
2025-08-09T00:54:24.985Z,W2020472,8426,45.70180,8.88782,34022.8,4.8,22.5,265.2,-34.8,0.5,-1.0,RS41-SG,404.900,7.8,150,10,2.6,-1,-1
2025-08-09T00:54:25.985Z,W2020472,8427,45.70178,8.88751,34027.3,4.0,25.7,261.5,-34.8,0.4,-1.0,RS41-SG,404.900,7.8,150,10,2.6,-1,-1
2025-08-09T00:54:26.985Z,W2020472,8428,45.70173,8.88718,34031.4,4.2,27.8,256.3,-34.8,0.5,-1.0,RS41-SG,404.900,7.9,150,10,2.6,-1,-1
2025-08-09T00:54:34.985Z,W2020472,8436,45.70102,8.88523,34072.2,5.5,14.8,256.6,-34.8,0.5,-1.0,RS41-SG,404.900,7.7,150,10,2.6,-1,-1
2025-08-09T00:54:36.985Z,W2020472,8438,45.70098,8.88478,34083.5,5.5,21.0,265.8,-34.7,0.4,-1.0,RS41-SG,404.900,7.1,150,10,2.5,-1,-1
2025-08-09T00:54:37.985Z,W2020472,8439,45.70096,8.88450,34088.8,5.1,24.3,264.1,-34.7,0.5,-1.0,RS41-SG,404.900,8.2,150,11,2.5,-1,-1
2025-08-09T00:54:38.985Z,W2020472,8440,45.70093,8.88417,34093.6,4.5,26.8,260.6,-34.7,0.5,-1.0,RS41-SG,404.900,8.2,150,11,2.6,-1,-1
2025-08-09T00:54:49.985Z,W2020472,8451,45.70017,8.88156,34153.2,5.2,21.3,265.1,-34.6,0.5,-1.0,RS41-SG,404.900,9.1,150,11,2.5,-1,-1
2025-08-09T00:54:59.985Z,W2020472,8461,45.69942,8.87893,34203.1,4.7,11.4,243.4,-34.6,0.4,-1.0,RS41-SG,404.900,7.3,150,11,2.6,-1,-1
2025-08-09T00:55:04.985Z,W2020472,8466,45.69927,8.87778,34229.5,3.9,26.6,257.1,-34.6,0.4,-1.0,RS41-SG,404.900,8.3,150,11,2.5,-1,-1
2025-08-09T00:55:05.985Z,W2020472,8467,45.69921,8.87744,34233.6,4.4,28.1,252.4,-34.6,0.5,-1.0,RS41-SG,404.900,8.3,150,11,2.5,-1,-1
2025-08-09T00:55:11.985Z,W2020472,8473,45.69861,8.87603,34265.4,3.9,13.0,228.5,-34.8,0.4,-1.0,RS41-SG,404.900,7.5,150,11,2.5,-1,-1
2025-08-09T00:55:14.985Z,W2020472,8476,45.69846,8.87559,34281.4,6.2,16.2,258.9,-34.8,0.4,-1.0,RS41-SG,404.900,7.4,150,11,2.6,-1,-1
2025-08-09T00:55:18.985Z,W2020472,8480,45.69832,8.87444,34299.8,5.3,27.1,255.5,-34.9,0.4,-1.0,RS41-SG,404.900,8.3,150,10,2.5,-1,-1
2025-08-09T00:55:21.985Z,W2020472,8483,45.69808,8.87358,34319.3,6.2,20.3,239.9,-35.0,0.5,-1.0,RS41-SG,404.900,9.3,150,11,2.6,-1,-1
2025-08-09T00:55:23.985Z,W2020472,8485,45.69790,8.87321,34328.0,3.1,14.8,231.0,-35.1,0.5,-1.0,RS41-SG,404.900,8.7,150,11,2.5,-1,-1
2025-08-09T00:55:24.985Z,W2020472,8486,45.69782,8.87307,34331.5,3.9,12.8,230.5,-35.1,0.5,-1.0,RS41-SG,404.900,8.8,150,11,2.5,-1,-1
2025-08-09T00:55:27.985Z,W2020472,8489,45.69766,8.87262,34348.8,6.4,16.0,254.3,-35.1,0.5,-1.0,RS41-SG,404.900,8.2,150,11,2.6,-1,-1
2025-08-09T00:55:28.985Z,W2020472,8490,45.69762,8.87241,34354.3,4.6,18.6,258.2,-35.2,0.5,-1.0,RS41-SG,404.900,8.4,150,11,2.6,-1,-1
2025-08-09T00:55:29.985Z,W2020472,8491,45.69759,8.87216,34358.5,3.8,20.8,260.1,-35.2,0.5,-1.0,RS41-SG,404.900,8.5,150,11,2.6,-1,-1
2025-08-09T00:55:30.985Z,W2020472,8492,45.69755,8.87189,34362.4,4.0,22.3,260.0,-35.2,0.5,-1.0,RS41-SG,404.900,8.8,150,11,2.5,-1,-1
2025-08-09T00:55:31.985Z,W2020472,8493,45.69752,8.87161,34367.1,5.3,22.5,258.4,-35.2,0.5,-1.0,RS41-SG,404.900,8.9,150,11,2.5,-1,-1
2025-08-09T00:55:32.985Z,W2020472,8494,45.69747,8.87134,34373.2,6.6,21.2,254.6,-35.2,0.5,-1.0,RS41-SG,404.900,8.9,150,11,2.5,-1,-1
2025-08-09T00:55:33.985Z,W2020472,8495,45.69742,8.87109,34379.6,6.1,19.3,250.2,-35.2,0.5,-1.0,RS41-SG,404.900,8.4,150,11,2.5,-1,-1
2025-08-09T00:55:34.985Z,W2020472,8496,45.69735,8.87087,34385.1,4.8,17.5,245.7,-35.3,0.5,-1.0,RS41-SG,404.900,9.3,150,11,2.6,-1,-1
2025-08-09T00:55:36.985Z,W2020472,8498,45.69721,8.87051,34393.9,4.4,15.3,235.7,-35.3,0.5,-1.0,RS41-SG,404.900,8.7,150,11,2.6,-1,-1
2025-08-09T00:55:37.985Z,W2020472,8499,45.69713,8.87035,34398.6,5.0,15.3,235.2,-35.3,0.5,-1.0,RS41-SG,404.900,8.4,150,11,2.6,-1,-1
2025-08-09T00:55:38.985Z,W2020472,8500,45.69706,8.87019,34404.1,5.9,15.9,237.4,-35.4,0.5,-1.0,RS41-SG,404.900,8.4,150,11,2.5,-1,-1
2025-08-09T00:55:39.985Z,W2020472,8501,45.69698,8.87000,34410.3,6.3,17.1,242.0,-35.4,0.5,-1.0,RS41-SG,404.900,9.7,150,11,2.5,-1,-1
2025-08-09T00:55:41.985Z,W2020472,8503,45.69685,8.86958,34421.0,4.4,19.3,250.0,-35.3,0.5,-1.0,RS41-SG,404.900,8.2,150,11,2.6,-1,-1
2025-08-09T00:55:42.985Z,W2020472,8504,45.69679,8.86934,34425.4,4.3,20.0,252.4,-35.3,0.5,-1.0,RS41-SG,404.900,9.0,150,11,2.6,-1,-1
2025-08-09T00:55:44.985Z,W2020472,8506,45.69669,8.86886,34435.4,5.6,18.8,252.8,-35.3,0.5,-1.0,RS41-SG,404.900,7.5,150,11,2.6,-1,-1
2025-08-09T00:55:45.985Z,W2020472,8507,45.69664,8.86864,34441.2,5.9,17.5,250.8,-35.4,0.5,-1.0,RS41-SG,404.900,10.2,150,11,2.5,-1,-1
2025-08-09T00:55:46.985Z,W2020472,8508,45.69659,8.86844,34446.9,5.3,16.2,248.3,-35.3,0.5,-1.0,RS41-SG,404.900,10.2,150,11,2.5,-1,-1
2025-08-09T00:55:47.985Z,W2020472,8509,45.69653,8.86825,34451.9,4.7,15.5,246.0,-35.3,0.5,-1.0,RS41-SG,404.900,9.2,150,11,2.6,-1,-1
2025-08-09T00:55:48.985Z,W2020472,8510,45.69648,8.86807,34456.6,4.8,15.6,244.9,-35.3,0.5,-1.0,RS41-SG,404.900,8.9,150,11,2.6,-1,-1
2025-08-09T00:55:49.985Z,W2020472,8511,45.69642,8.86789,34461.6,5.2,16.4,245.8,-35.2,0.4,-1.0,RS41-SG,404.900,8.0,150,11,2.6,-1,-1
2025-08-09T00:55:50.985Z,W2020472,8512,45.69636,8.86769,34467.1,5.7,17.7,248.8,-35.3,0.4,-1.0,RS41-SG,404.900,9.0,150,11,2.5,-1,-1
2025-08-09T00:55:51.985Z,W2020472,8513,45.69630,8.86746,34472.8,5.6,19.5,251.8,-35.2,0.5,-1.0,RS41-SG,404.900,9.0,150,11,2.5,-1,-1
2025-08-09T00:55:52.985Z,W2020472,8514,45.69625,8.86721,34478.0,4.8,21.0,253.9,-35.2,0.5,-1.0,RS41-SG,404.900,9.0,150,11,2.6,-1,-1
2025-08-09T00:55:53.985Z,W2020472,8515,45.69620,8.86695,34482.5,4.3,21.9,255.2,-35.2,0.4,-1.0,RS41-SG,404.900,8.5,150,11,2.6,-1,-1
2025-08-09T00:55:55.985Z,W2020472,8517,45.69610,8.86641,34492.1,5.3,21.1,254.5,-35.2,0.4,-1.0,RS41-SG,404.900,9.1,150,11,2.5,-1,-1
2025-08-09T00:55:56.985Z,W2020472,8518,45.69604,8.86616,34497.6,5.6,19.7,252.1,-35.1,0.5,-1.0,RS41-SG,404.900,9.2,150,11,2.5,-1,-1
2025-08-09T00:55:57.985Z,W2020472,8519,45.69599,8.86593,34503.1,5.3,18.2,248.7,-35.1,0.4,-1.0,RS41-SG,404.900,9.7,150,11,2.6,-1,-1
2025-08-09T00:55:58.985Z,W2020472,8520,45.69593,8.86573,34508.2,4.7,17.0,245.1,-35.1,0.4,-1.0,RS41-SG,404.900,9.7,150,11,2.6,-1,-1
2025-08-09T00:55:59.985Z,W2020472,8521,45.69586,8.86553,34512.7,4.2,16.7,241.8,-35.0,0.5,-1.0,RS41-SG,404.900,8.9,150,11,2.6,-1,-1
2025-08-09T00:56:00.985Z,W2020472,8522,45.69579,8.86535,34517.2,4.6,17.1,240.6,-35.0,0.4,-1.0,RS41-SG,404.900,8.9,150,11,2.6,-1,-1
2025-08-09T00:56:01.985Z,W2020472,8523,45.69571,8.86515,34522.0,5.1,18.3,241.7,-35.0,0.5,-1.0,RS41-SG,404.900,8.6,150,11,2.5,-1,-1
2025-08-09T00:56:02.985Z,W2020472,8524,45.69563,8.86493,34527.3,5.5,20.0,244.6,-35.0,0.4,-1.0,RS41-SG,404.900,8.6,150,11,2.5,-1,-1
2025-08-09T00:56:03.985Z,W2020472,8525,45.69556,8.86468,34532.7,5.2,21.9,248.2,-34.9,0.4,-1.0,RS41-SG,404.900,8.5,150,11,2.5,-1,-1
2025-08-09T00:56:05.985Z,W2020472,8527,45.69542,8.86412,34542.6,4.6,24.2,253.2,-34.8,0.4,-1.0,RS41-SG,404.900,8.5,150,11,2.6,-1,-1
2025-08-09T00:56:06.985Z,W2020472,8528,45.69536,8.86383,34547.4,4.8,23.9,254.4,-34.8,0.4,-1.0,RS41-SG,404.900,8.5,150,11,2.6,-1,-1
2025-08-09T00:56:08.985Z,W2020472,8530,45.69525,8.86328,34558.0,5.6,20.1,252.8,-34.7,0.4,-1.0,RS41-SG,404.900,8.6,150,11,2.6,-1,-1
2025-08-09T00:56:09.985Z,W2020472,8531,45.69520,8.86306,34563.6,5.5,17.5,249.9,-34.6,0.4,-1.0,RS41-SG,404.900,9.0,150,11,2.5,-1,-1
2025-08-09T00:56:10.985Z,W2020472,8532,45.69514,8.86286,34568.6,4.5,15.5,245.8,-34.6,0.4,-1.0,RS41-SG,404.900,9.0,150,11,2.5,-1,-1
2025-08-09T00:56:11.985Z,W2020472,8533,45.69508,8.86269,34572.9,4.2,14.4,241.7,-34.5,0.4,-1.0,RS41-SG,404.900,9.0,150,11,2.6,-1,-1
2025-08-09T00:56:12.985Z,W2020472,8534,45.69502,8.86253,34577.4,4.8,14.5,240.0,-34.5,0.4,-1.0,RS41-SG,404.900,8.9,150,11,2.6,-1,-1
2025-08-09T00:56:14.985Z,W2020472,8536,45.69488,8.86217,34588.6,6.0,18.1,243.4,-34.4,0.4,-1.0,RS41-SG,404.900,9.7,150,11,2.6,-1,-1
2025-08-09T00:56:15.985Z,W2020472,8537,45.69481,8.86194,34594.1,5.0,20.4,246.5,-34.4,0.4,-1.0,RS41-SG,404.900,9.7,150,11,2.5,-1,-1
2025-08-09T00:56:16.985Z,W2020472,8538,45.69474,8.86169,34598.6,3.9,22.2,249.1,-34.3,0.4,-1.0,RS41-SG,404.900,8.5,150,11,2.5,-1,-1
2025-08-09T00:56:17.985Z,W2020472,8539,45.69466,8.86142,34602.5,4.0,23.5,250.8,-34.3,0.4,-1.0,RS41-SG,404.900,8.5,150,11,2.6,-1,-1
2025-08-09T00:56:18.985Z,W2020472,8540,45.69460,8.86113,34607.1,5.0,23.4,252.2,-34.3,0.4,-1.0,RS41-SG,404.900,8.3,150,11,2.6,-1,-1
2025-08-09T00:56:20.985Z,W2020472,8542,45.69448,8.86060,34618.7,6.1,19.7,252.3,-34.2,0.4,-1.0,RS41-SG,404.900,8.6,150,11,2.5,-1,-1
2025-08-09T00:56:21.985Z,W2020472,8543,45.69443,8.86038,34624.3,4.9,17.4,251.6,-34.3,0.4,-1.0,RS41-SG,404.900,8.8,150,11,2.5,-1,-1
2025-08-09T00:56:22.985Z,W2020472,8544,45.69438,8.86018,34628.8,4.1,15.2,250.4,-34.2,0.4,-1.0,RS41-SG,404.900,8.8,150,11,2.6,-1,-1
2025-08-09T00:56:23.985Z,W2020472,8545,45.69434,8.86001,34632.9,4.2,13.8,249.7,-34.2,0.4,-1.0,RS41-SG,404.900,9.5,150,11,2.6,-1,-1
2025-08-09T00:56:24.985Z,W2020472,8546,45.69429,8.85984,34637.5,4.9,13.5,249.8,-34.1,0.4,-1.0,RS41-SG,404.900,9.5,150,11,2.6,-1,-1
2025-08-09T00:56:26.985Z,W2020472,8548,45.69421,8.85949,34648.3,5.5,15.9,252.7,-34.0,0.4,-1.0,RS41-SG,404.900,8.3,150,11,2.5,-1,-1
2025-08-09T00:56:27.985Z,W2020472,8549,45.69417,8.85928,34653.6,4.9,17.6,254.6,-34.0,0.4,-1.0,RS41-SG,404.900,8.3,150,11,2.5,-1,-1
2025-08-09T00:56:30.985Z,W2020472,8552,45.69405,8.85857,34667.3,4.8,19.5,257.2,-33.9,0.4,-1.0,RS41-SG,404.900,8.2,150,11,2.6,-1,-1
2025-08-09T00:56:32.985Z,W2020472,8554,45.69397,8.85812,34677.8,5.5,16.8,254.9,-33.9,0.4,-1.0,RS41-SG,404.900,7.9,150,11,2.6,-1,-1
2025-08-09T00:56:33.985Z,W2020472,8555,45.69393,8.85792,34683.2,5.3,15.0,252.6,-33.9,0.4,-1.0,RS41-SG,404.900,8.8,150,11,2.5,-1,-1
2025-08-09T00:56:34.985Z,W2020472,8556,45.69389,8.85775,34688.4,4.9,13.5,250.0,-33.9,0.4,-1.0,RS41-SG,404.900,8.8,150,11,2.5,-1,-1
2025-08-09T00:56:35.985Z,W2020472,8557,45.69385,8.85760,34693.2,4.7,12.7,247.7,-33.9,0.4,-1.0,RS41-SG,404.900,9.1,150,11,2.5,-1,-1
2025-08-09T00:56:36.985Z,W2020472,8558,45.69380,8.85745,34697.9,4.8,12.9,247.3,-33.9,0.4,-1.0,RS41-SG,404.900,9.1,150,11,2.6,-1,-1
2025-08-09T00:56:38.985Z,W2020472,8560,45.69371,8.85710,34708.3,5.3,16.2,251.7,-34.0,0.4,-1.0,RS41-SG,404.900,8.3,150,11,2.6,-1,-1
2025-08-09T00:56:39.985Z,W2020472,8561,45.69367,8.85689,34713.5,5.0,18.6,254.6,-34.0,0.4,-1.0,RS41-SG,404.900,8.6,150,11,2.6,-1,-1
2025-08-09T00:56:42.985Z,W2020472,8564,45.69356,8.85610,34728.2,5.0,22.0,261.6,-34.0,0.4,-1.0,RS41-SG,404.900,7.4,150,11,2.5,-1,-1
2025-08-09T00:56:43.985Z,W2020472,8565,45.69353,8.85583,34733.5,5.5,20.8,262.6,-34.0,0.4,-1.0,RS41-SG,404.900,9.5,150,11,2.6,-1,-1
2025-08-09T00:56:44.985Z,W2020472,8566,45.69351,8.85558,34739.0,5.5,18.4,262.0,-34.0,0.4,-1.0,RS41-SG,404.900,9.5,150,11,2.6,-1,-1
2025-08-09T00:56:47.985Z,W2020472,8569,45.69342,8.85505,34753.5,4.1,10.8,246.6,-34.0,0.4,-1.0,RS41-SG,404.900,8.0,150,11,2.5,-1,-1
2025-08-09T00:56:49.985Z,W2020472,8571,45.69332,8.85481,34762.6,5.2,11.6,236.2,-34.0,0.4,-1.0,RS41-SG,404.900,8.9,150,11,2.6,-1,-1
2025-08-09T00:56:54.985Z,W2020472,8576,45.69303,8.85370,34786.6,3.2,25.3,258.7,-34.0,0.4,-1.0,RS41-SG,404.900,7.2,150,11,2.6,-1,-1
2025-08-09T00:56:57.985Z,W2020472,8579,45.69294,8.85278,34801.8,6.2,20.8,264.6,-33.9,0.4,-1.0,RS41-SG,404.900,8.3,150,11,2.6,-1,-1
2025-08-09T00:56:58.985Z,W2020472,8580,45.69292,8.85254,34807.6,5.3,17.3,263.8,-33.9,0.4,-1.0,RS41-SG,404.900,8.3,150,11,2.5,-1,-1
2025-08-09T00:57:00.985Z,W2020472,8582,45.69288,8.85217,34815.6,3.2,12.1,255.7,-33.9,0.4,-1.0,RS41-SG,404.900,8.2,150,11,2.5,-1,-1
2025-08-09T00:57:03.985Z,W2020472,8585,45.69275,8.85173,34830.4,6.4,15.6,243.7,-33.9,0.4,-1.0,RS41-SG,404.900,8.6,150,11,2.6,-1,-1
2025-08-09T00:57:07.985Z,W2020472,8589,45.69247,8.85074,34848.0,3.9,25.0,252.5,-33.9,0.4,-1.0,RS41-SG,404.900,8.1,150,11,2.5,-1,-1
2025-08-09T00:57:09.985Z,W2020472,8591,45.69235,8.85013,34858.2,6.0,23.6,255.0,-33.8,0.4,-1.0,RS41-SG,404.900,8.7,150,11,2.6,-1,-1
2025-08-09T00:57:11.985Z,W2020472,8593,45.69225,8.84960,34869.0,4.3,19.8,255.1,-33.7,0.4,-1.0,RS41-SG,404.900,8.4,150,11,2.6,-1,-1
2025-08-09T00:57:12.985Z,W2020472,8594,45.69221,8.84936,34873.1,3.8,18.2,254.6,-33.7,0.4,-1.0,RS41-SG,404.900,8.7,150,11,2.5,-1,-1
2025-08-09T00:57:13.985Z,W2020472,8595,45.69216,8.84915,34877.1,4.0,17.2,254.0,-33.7,0.4,-1.0,RS41-SG,404.900,8.7,150,11,2.5,-1,-1
2025-08-09T00:57:14.985Z,W2020472,8596,45.69212,8.84893,34881.4,4.7,17.3,253.0,-33.7,0.4,-1.0,RS41-SG,404.900,7.7,150,11,2.5,-1,-1
2025-08-09T00:57:15.985Z,W2020472,8597,45.69207,8.84872,34886.4,5.2,18.3,251.8,-33.7,0.4,-1.0,RS41-SG,404.900,8.7,150,11,2.6,-1,-1
2025-08-09T00:57:16.985Z,W2020472,8598,45.69202,8.84849,34891.6,5.2,20.0,251.0,-33.7,0.4,-1.0,RS41-SG,404.900,8.7,150,11,2.6,-1,-1
2025-08-09T00:57:17.985Z,W2020472,8599,45.69196,8.84823,34896.7,4.9,21.9,249.9,-33.7,0.4,-1.0,RS41-SG,404.900,8.6,150,11,2.6,-1,-1
2025-08-09T00:57:19.985Z,W2020472,8601,45.69181,8.84768,34906.1,4.4,24.7,247.9,-33.6,0.4,-1.0,RS41-SG,404.900,8.4,150,11,2.5,-1,-1
2025-08-09T00:57:20.985Z,W2020472,8602,45.69172,8.84738,34910.7,4.6,25.1,247.1,-33.6,0.4,-1.0,RS41-SG,404.900,9.1,150,11,2.5,-1,-1
2025-08-09T00:57:21.985Z,W2020472,8603,45.69163,8.84709,34915.6,5.1,24.4,246.4,-33.6,0.4,-1.0,RS41-SG,404.900,9.1,150,11,2.6,-1,-1
2025-08-09T00:57:24.985Z,W2020472,8606,45.69140,8.84631,34930.2,-7.2,21.6,247.2,-33.5,0.4,-1.0,RS41-SG,404.900,7.8,150,11,2.5,-1,-1
2025-08-09T00:57:25.985Z,W2020472,8607,45.69133,8.84606,34918.1,-16.6,21.5,247.7,-33.5,0.4,-1.0,RS41-SG,404.900,7.8,150,11,2.5,-1,-1
2025-08-09T00:57:28.985Z,W2020472,8610,45.69112,8.84531,34828.5,-42.0,20.8,249.6,-33.3,0.4,-1.0,RS41-SG,404.900,7.9,150,11,2.6,-1,-1
2025-08-09T00:57:31.985Z,W2020472,8613,45.69098,8.84460,34683.3,-43.8,16.5,272.6,-33.1,0.4,-1.0,RS41-SG,404.900,7.9,150,11,2.5,-1,-1
2025-08-09T00:57:32.985Z,W2020472,8614,45.69100,8.84440,34642.2,-38.0,15.8,284.3,-33.2,0.4,-1.0,RS41-SG,404.900,8.1,150,10,2.5,-1,-1
2025-08-09T00:57:33.985Z,W2020472,8615,45.69103,8.84420,34605.6,-35.1,15.4,284.3,-33.4,0.4,-1.0,RS41-SG,404.900,8.4,150,11,2.6,-1,-1
2025-08-09T00:57:34.985Z,W2020472,8616,45.69105,8.84401,34574.3,-27.7,14.9,272.5,-33.6,0.4,-1.0,RS41-SG,404.900,8.7,150,10,2.6,-1,-1
2025-08-09T00:57:35.985Z,W2020472,8617,45.69104,8.84382,34546.9,-27.6,15.1,263.0,-33.9,0.4,-1.0,RS41-SG,404.900,8.7,150,11,2.6,-1,-1
2025-08-09T00:57:36.985Z,W2020472,8618,45.69102,8.84362,34517.0,-31.5,16.7,257.3,-34.2,0.4,-1.0,RS41-SG,404.900,8.7,150,11,2.5,-1,-1
2025-08-09T00:57:37.985Z,W2020472,8619,45.69097,8.84341,34484.4,-33.6,18.5,253.3,-34.4,0.4,-1.0,RS41-SG,404.900,8.7,150,11,2.5,-1,-1
2025-08-09T00:57:38.985Z,W2020472,8620,45.69092,8.84318,34450.9,-33.8,19.2,247.5,-34.6,0.4,-1.0,RS41-SG,404.900,8.1,150,11,2.5,-1,-1
2025-08-09T00:57:39.985Z,W2020472,8621,45.69084,8.84294,34417.3,-33.2,21.9,246.8,-34.8,0.5,-1.0,RS41-SG,404.900,9.1,150,9,2.5,-1,-1
2025-08-09T00:57:40.985Z,W2020472,8622,45.69076,8.84269,34382.8,-36.0,22.0,244.2,-34.9,0.5,-1.0,RS41-SG,404.900,9.1,150,11,2.6,-1,-1
2025-08-09T00:57:41.985Z,W2020472,8623,45.69068,8.84244,34346.0,-37.8,21.5,245.2,-34.8,0.5,-1.0,RS41-SG,404.900,9.2,150,11,2.6,-1,-1
2025-08-09T00:57:42.985Z,W2020472,8624,45.69060,8.84219,34307.1,-40.3,21.5,247.6,-34.7,0.4,-1.0,RS41-SG,404.900,9.2,150,10,2.6,-1,-1
2025-08-09T00:57:44.985Z,W2020472,8626,45.69047,8.84170,34227.8,-40.2,19.1,252.4,-34.4,0.4,-1.0,RS41-SG,404.900,9.4,150,10,2.5,-1,-1
2025-08-09T00:57:45.985Z,W2020472,8627,45.69043,8.84147,34187.8,-39.6,18.3,255.0,-34.4,0.4,-1.0,RS41-SG,404.900,10.0,150,10,2.5,-1,-1
2025-08-09T00:57:47.985Z,W2020472,8629,45.69035,8.84103,34107.0,-39.6,17.7,256.3,-34.4,0.4,-1.0,RS41-SG,404.900,9.5,150,10,2.6,-1,-1
2025-08-09T00:57:48.985Z,W2020472,8630,45.69032,8.84080,34066.9,-40.5,18.7,257.9,-34.5,0.4,-1.0,RS41-SG,404.900,9.5,150,10,2.5,-1,-1
2025-08-09T00:57:49.985Z,W2020472,8631,45.69028,8.84057,34025.0,-43.5,18.8,257.8,-34.6,0.4,-1.0,RS41-SG,404.900,9.2,150,10,2.5,-1,-1
2025-08-09T00:57:50.985Z,W2020472,8632,45.69024,8.84033,33981.6,-43.8,18.8,254.5,-34.5,0.4,-1.0,RS41-SG,404.900,9.2,150,10,2.5,-1,-1
2025-08-09T00:57:52.985Z,W2020472,8634,45.69012,8.83983,33891.9,-44.4,21.7,250.8,-34.4,0.4,-1.0,RS41-SG,404.900,8.4,150,11,2.6,-1,-1
2025-08-09T00:57:54.985Z,W2020472,8636,45.68997,8.83930,33802.5,-45.0,23.7,245.3,-34.1,0.4,-1.0,RS41-SG,404.900,9.6,150,10,2.5,-1,-1
2025-08-09T00:57:55.985Z,W2020472,8637,45.68988,8.83902,33758.8,-43.6,23.4,243.9,-34.1,0.4,-1.0,RS41-SG,404.900,9.6,150,10,2.5,-1,-1
2025-08-09T00:57:57.985Z,W2020472,8639,45.68968,8.83848,33675.7,-40.6,24.1,241.9,-34.0,0.4,-1.0,RS41-SG,404.900,9.1,150,10,2.5,-1,-1
2025-08-09T00:57:58.985Z,W2020472,8640,45.68958,8.83821,33635.0,-42.2,23.2,240.3,-34.2,0.4,-1.0,RS41-SG,404.900,9.1,150,11,2.6,-1,-1
2025-08-09T00:58:00.985Z,W2020472,8642,45.68937,8.83771,33543.4,-48.9,22.6,240.2,-34.5,0.4,-1.0,RS41-SG,404.900,9.3,150,9,2.6,-1,-1
2025-08-09T00:58:01.985Z,W2020472,8643,45.68927,8.83746,33494.9,-49.1,21.5,238.4,-34.6,0.4,-1.0,RS41-SG,404.900,8.6,150,10,2.5,-1,-1
2025-08-09T00:58:02.985Z,W2020472,8644,45.68917,8.83723,33447.5,-45.9,20.1,240.1,-35.0,0.4,-1.0,RS41-SG,404.900,9.7,150,9,2.5,-1,-1
2025-08-09T00:58:03.985Z,W2020472,8645,45.68908,8.83702,33402.6,-45.1,19.3,239.4,-35.3,0.5,-1.0,RS41-SG,404.900,9.7,150,9,2.5,-1,-1
2025-08-09T00:58:04.985Z,W2020472,8646,45.68900,8.83681,33357.9,-44.7,17.9,242.9,-35.7,0.5,-1.0,RS41-SG,404.900,8.4,150,11,2.5,-1,-1
2025-08-09T00:58:05.985Z,W2020472,8647,45.68893,8.83661,33312.7,-46.4,17.1,243.3,-35.9,0.5,-1.0,RS41-SG,404.900,8.4,150,11,2.6,-1,-1
2025-08-09T00:58:06.985Z,W2020472,8648,45.68887,8.83641,33266.8,-45.8,17.1,249.9,-36.1,0.5,-1.0,RS41-SG,404.900,8.3,150,9,2.6,-1,-1
2025-08-09T00:58:07.985Z,W2020472,8649,45.68883,8.83621,33221.1,-46.3,16.0,253.5,-36.3,0.5,-1.0,RS41-SG,404.900,8.9,150,9,2.6,-1,-1
2025-08-09T00:58:08.985Z,W2020472,8650,45.68879,8.83601,33175.7,-45.4,15.6,257.8,-36.5,0.5,-1.0,RS41-SG,404.900,8.9,150,9,2.5,-1,-1
2025-08-09T00:58:09.985Z,W2020472,8651,45.68877,8.83581,33132.1,-41.7,16.0,265.6,-36.8,0.5,-1.0,RS41-SG,404.900,9.7,150,10,2.5,-1,-1
2025-08-09T00:58:13.985Z,W2020472,8655,45.68878,8.83490,32958.9,-47.8,19.5,274.4,-37.5,0.6,-1.0,RS41-SG,404.900,9.5,150,10,2.6,-1,-1
2025-08-09T00:58:14.985Z,W2020472,8656,45.68879,8.83465,32912.6,-45.4,20.0,271.6,-37.5,0.5,-1.0,RS41-SG,404.900,9.5,150,10,2.6,-1,-1
2025-08-09T00:58:15.985Z,W2020472,8657,45.68880,8.83439,32867.4,-45.6,19.9,273.4,-37.7,0.5,-1.0,RS41-SG,404.900,9.0,150,11,2.5,-1,-1
2025-08-09T00:58:18.985Z,W2020472,8660,45.68881,8.83360,32731.0,-47.8,21.4,270.0,-38.1,0.6,-1.0,RS41-SG,404.900,8.0,150,9,2.6,-1,-1
2025-08-09T00:58:21.985Z,W2020472,8663,45.68878,8.83282,32598.7,-41.9,19.3,264.7,-39.1,0.6,-1.0,RS41-SG,404.900,8.9,150,10,2.5,-1,-1
2025-08-09T00:58:22.985Z,W2020472,8664,45.68876,8.83257,32558.6,-37.7,19.3,263.5,-39.5,0.6,-1.0,RS41-SG,404.900,8.9,150,10,2.5,-1,-1
2025-08-09T00:58:23.985Z,W2020472,8665,45.68874,8.83234,32522.0,-35.8,17.6,264.4,-39.8,0.6,-1.0,RS41-SG,404.900,7.7,150,8,2.6,-1,-1
2025-08-09T00:58:24.985Z,W2020472,8666,45.68873,8.83212,32485.5,-36.0,16.8,264.9,-40.0,0.7,-1.0,RS41-SG,404.900,9.4,150,10,2.6,-1,-1
2025-08-09T00:58:25.985Z,W2020472,8667,45.68872,8.83191,32449.0,-36.5,16.4,265.0,-40.2,0.7,-1.0,RS41-SG,404.900,9.4,150,11,2.6,-1,-1
2025-08-09T00:58:26.985Z,W2020472,8668,45.68871,8.83171,32411.8,-37.5,15.4,266.3,-40.4,0.6,-1.0,RS41-SG,404.900,8.8,150,10,2.5,-1,-1
2025-08-09T00:58:27.985Z,W2020472,8669,45.68870,8.83151,32373.6,-38.5,14.7,267.3,-40.5,0.6,-1.0,RS41-SG,404.900,9.3,150,9,2.5,-1,-1
2025-08-09T00:58:28.985Z,W2020472,8670,45.68870,8.83133,32336.8,-35.3,13.5,267.5,-40.6,0.7,-1.0,RS41-SG,404.900,9.3,150,8,2.5,08:29:25,-1
2025-08-09T00:58:29.985Z,W2020472,8671,45.68869,8.83116,32300.6,-37.4,12.7,269.1,-40.7,0.7,-1.0,RS41-SG,404.900,8.9,150,9,2.5,08:29:25,-1
2025-08-09T00:58:30.985Z,W2020472,8672,45.68869,8.83100,32263.2,-37.5,12.5,267.6,-40.8,0.7,-1.0,RS41-SG,404.900,8.3,150,10,2.6,08:29:25,-1
2025-08-09T00:58:31.985Z,W2020472,8673,45.68868,8.83084,32225.9,-37.2,12.3,265.4,-40.9,0.7,-1.0,RS41-SG,404.900,8.2,150,9,2.6,08:29:25,-1
2025-08-09T00:58:32.985Z,W2020472,8674,45.68867,8.83067,32187.6,-39.2,13.3,268.6,-41.1,0.7,-1.0,RS41-SG,404.900,8.6,150,9,2.6,08:29:25,-1
2025-08-09T00:58:34.985Z,W2020472,8676,45.68867,8.83033,32105.6,-40.6,13.5,267.9,-41.5,0.7,-1.0,RS41-SG,404.900,8.6,150,11,2.5,08:29:25,-1
2025-08-09T00:58:35.985Z,W2020472,8677,45.68867,8.83014,32065.7,-38.9,15.8,269.8,-41.9,0.7,-1.0,RS41-SG,404.900,8.6,150,10,2.5,08:29:25,-1
2025-08-09T00:58:36.985Z,W2020472,8678,45.68867,8.82994,32027.1,-39.0,15.1,267.5,-42.2,0.7,-1.0,RS41-SG,404.900,9.3,150,9,2.6,08:29:25,-1
2025-08-09T00:58:37.985Z,W2020472,8679,45.68866,8.82974,31987.7,-40.3,16.7,268.4,-42.4,0.8,-1.0,RS41-SG,404.900,9.3,150,9,2.6,08:29:25,-1
2025-08-09T00:58:38.985Z,W2020472,8680,45.68865,8.82952,31949.3,-37.7,16.5,267.5,-42.5,0.7,-1.0,RS41-SG,404.900,9.0,150,10,2.5,08:29:25,-1
2025-08-09T00:58:39.985Z,W2020472,8681,45.68864,8.82931,31911.1,-39.2,16.1,265.7,-42.5,0.7,-1.0,RS41-SG,404.900,9.0,150,11,2.5,08:29:25,-1
2025-08-09T00:58:40.985Z,W2020472,8682,45.68863,8.82910,31872.5,-38.6,16.5,266.3,-42.6,0.7,-1.0,RS41-SG,404.900,8.2,150,9,2.5,08:29:25,-1
2025-08-09T00:58:41.985Z,W2020472,8683,45.68863,8.82890,31832.5,-41.8,15.5,268.7,-42.8,0.7,-1.0,RS41-SG,404.900,8.7,150,9,2.6,08:29:25,-1
2025-08-09T00:58:42.985Z,W2020472,8684,45.68862,8.82870,31792.2,-39.8,15.5,266.5,-43.1,0.7,-1.0,RS41-SG,404.900,8.7,150,8,2.6,08:29:25,-1
2025-08-09T00:58:43.985Z,W2020472,8685,45.68861,8.82850,31751.3,-41.9,15.1,269.2,-43.3,0.7,-1.0,RS41-SG,404.900,8.6,150,9,2.6,08:29:25,-1
2025-08-09T00:58:44.985Z,W2020472,8686,45.68861,8.82831,31709.7,-41.8,14.6,266.8,-43.3,0.8,-1.0,RS41-SG,404.900,9.1,150,8,2.5,08:29:25,-1
2025-08-09T00:58:45.985Z,W2020472,8687,45.68860,8.82812,31669.0,-40.3,14.8,269.8,-43.3,0.7,-1.0,RS41-SG,404.900,9.1,150,10,2.5,08:29:25,-1
2025-08-09T00:58:46.985Z,W2020472,8688,45.68860,8.82793,31628.1,-41.0,15.7,269.6,-43.3,0.7,-1.0,RS41-SG,404.900,8.9,150,10,2.5,08:29:25,-1
2025-08-09T00:58:47.985Z,W2020472,8689,45.68860,8.82772,31586.9,-41.4,17.3,267.2,-43.3,0.7,-1.0,RS41-SG,404.900,8.6,150,11,2.5,08:29:25,-1
2025-08-09T00:58:48.985Z,W2020472,8690,45.68859,8.82749,31546.6,-39.6,17.6,264.7,-43.3,0.7,-1.0,RS41-SG,404.900,9.0,150,10,2.6,08:29:25,-1
2025-08-09T00:58:49.985Z,W2020472,8691,45.68857,8.82728,31506.6,-41.1,16.6,263.0,-43.1,0.7,-1.0,RS41-SG,404.900,9.0,150,11,2.6,08:29:25,-1
2025-08-09T00:58:50.985Z,W2020472,8692,45.68855,8.82706,31465.4,-42.0,17.9,261.9,-43.0,0.7,-1.0,RS41-SG,404.900,8.9,150,10,2.6,08:29:25,-1
2025-08-09T00:58:51.985Z,W2020472,8693,45.68852,8.82684,31423.2,-43.1,17.0,257.9,-42.8,0.7,-1.0,RS41-SG,404.900,9.5,150,11,2.5,08:29:25,-1
2025-08-09T00:58:52.985Z,W2020472,8694,45.68848,8.82663,31379.9,-44.2,16.7,257.8,-42.7,0.7,-1.0,RS41-SG,404.900,9.5,150,10,2.5,08:29:25,-1
2025-08-09T00:58:53.985Z,W2020472,8695,45.68845,8.82642,31335.3,-45.1,16.8,256.0,-42.8,0.7,-1.0,RS41-SG,404.900,8.3,150,10,2.5,08:29:25,-1
2025-08-09T00:58:54.985Z,W2020472,8696,45.68841,8.82622,31291.1,-44.1,15.5,256.3,-42.8,0.7,-1.0,RS41-SG,404.900,9.0,150,8,2.5,08:29:25,-1
2025-08-09T00:58:55.985Z,W2020472,8697,45.68838,8.82603,31248.3,-41.7,14.4,258.5,-42.9,0.7,-1.0,RS41-SG,404.900,9.2,150,8,2.6,08:29:25,-1
2025-08-09T00:58:56.985Z,W2020472,8698,45.68836,8.82584,31206.8,-40.9,14.9,260.8,-42.9,0.7,-1.0,RS41-SG,404.900,9.2,150,9,2.6,08:29:25,-1
2025-08-09T00:58:57.985Z,W2020472,8699,45.68834,8.82566,31166.1,-41.6,14.3,264.0,-42.9,0.7,-1.0,RS41-SG,404.900,9.2,150,11,2.6,08:29:25,-1
2025-08-09T00:58:58.985Z,W2020472,8700,45.68833,8.82547,31126.7,-37.8,14.6,266.1,-43.0,0.7,-1.0,RS41-SG,404.900,9.7,150,9,2.5,08:29:25,-1
2025-08-09T00:58:59.985Z,W2020472,8701,45.68832,8.82529,31089.6,-37.0,13.6,267.7,-43.1,0.7,-1.0,RS41-SG,404.900,9.7,150,10,2.5,08:29:25,-1
2025-08-09T00:59:00.985Z,W2020472,8702,45.68831,8.82512,31052.7,-37.3,13.7,269.3,-43.2,0.7,-1.0,RS41-SG,404.900,9.7,150,8,2.5,08:29:25,-1
2025-08-09T00:59:01.985Z,W2020472,8703,45.68831,8.82494,31015.1,-38.4,14.1,270.4,-43.3,0.7,-1.0,RS41-SG,404.900,9.2,150,8,2.6,08:29:25,-1
2025-08-09T00:59:03.985Z,W2020472,8705,45.68831,8.82455,30938.8,-39.5,15.9,268.2,-43.1,0.7,-1.0,RS41-SG,404.900,9.7,150,10,2.5,08:29:25,-1
2025-08-09T00:59:04.985Z,W2020472,8706,45.68830,8.82435,30900.2,-38.3,15.3,266.3,-43.0,0.7,-1.0,RS41-SG,404.900,9.7,150,10,2.5,08:29:25,-1
2025-08-09T00:59:05.985Z,W2020472,8707,45.68828,8.82415,30862.5,-37.3,15.2,259.2,-42.8,0.7,-1.0,RS41-SG,404.900,9.7,150,10,2.5,08:29:25,-1
2025-08-09T00:59:07.985Z,W2020472,8709,45.68823,8.82381,30792.7,-33.8,13.0,256.6,-42.5,0.6,-1.0,RS41-SG,404.900,8.9,150,7,2.6,08:29:25,-1
2025-08-09T00:59:08.985Z,W2020472,8710,45.68820,8.82365,30758.3,-35.3,12.8,252.4,-42.3,0.6,-1.0,RS41-SG,404.900,10.5,150,10,2.6,08:29:25,-1
2025-08-09T00:59:09.985Z,W2020472,8711,45.68816,8.82350,30723.9,-34.2,11.7,254.6,-42.1,0.6,-1.0,RS41-SG,404.900,10.5,150,8,2.5,08:29:25,-1
2025-08-09T00:59:11.985Z,W2020472,8713,45.68812,8.82321,30651.5,-37.2,11.2,257.7,-42.0,0.6,-1.0,RS41-SG,404.900,9.0,150,9,2.5,08:29:25,-1
2025-08-09T00:59:12.985Z,W2020472,8714,45.68810,8.82306,30614.7,-37.2,11.7,262.5,-42.0,0.6,-1.0,RS41-SG,404.900,9.0,150,11,2.5,08:29:25,-1
2025-08-09T00:59:13.985Z,W2020472,8715,45.68808,8.82292,30577.3,-38.0,11.4,261.7,-42.0,0.6,-1.0,RS41-SG,404.900,10.3,150,10,2.6,08:29:25,-1
2025-08-09T00:59:14.985Z,W2020472,8716,45.68808,8.82276,30538.2,-40.2,13.0,266.6,-42.1,0.6,-1.0,RS41-SG,404.900,10.3,150,9,2.6,08:29:25,-1
2025-08-09T00:59:15.985Z,W2020472,8717,45.68806,8.82260,30498.6,-40.1,12.3,263.8,-42.3,0.6,-1.0,RS41-SG,404.900,9.4,150,10,2.6,08:29:25,-1
2025-08-09T00:59:16.985Z,W2020472,8718,45.68805,8.82244,30459.2,-38.6,12.7,264.6,-42.7,0.6,-1.0,RS41-SG,404.900,9.2,150,10,2.5,08:29:25,-1
2025-08-09T00:59:17.985Z,W2020472,8719,45.68804,8.82228,30420.7,-39.8,12.4,265.8,-42.9,0.7,-1.0,RS41-SG,404.900,8.8,150,9,2.5,08:29:25,-1
2025-08-09T00:59:18.985Z,W2020472,8720,45.68803,8.82211,30383.2,-36.9,12.5,264.6,-43.2,0.7,-1.0,RS41-SG,404.900,8.9,150,10,2.5,08:29:25,-1
2025-08-09T00:59:19.985Z,W2020472,8721,45.68802,8.82195,30346.3,-37.8,12.3,262.9,-43.3,0.7,-1.0,RS41-SG,404.900,9.9,150,9,2.6,08:28:34,-1
2025-08-09T00:59:20.985Z,W2020472,8722,45.68801,8.82180,30308.9,-38.3,11.7,262.7,-43.5,0.7,-1.0,RS41-SG,404.900,9.9,150,10,2.6,08:28:34,-1
2025-08-09T00:59:21.985Z,W2020472,8723,45.68800,8.82165,30270.5,-38.4,10.9,266.0,-43.5,0.7,-1.0,RS41-SG,404.900,9.7,150,8,2.5,08:28:34,-1
2025-08-09T00:59:22.985Z,W2020472,8724,45.68799,8.82151,30232.3,-38.7,10.2,263.3,-43.5,0.7,-1.0,RS41-SG,404.900,10.3,150,9,2.5,08:28:34,-1
2025-08-09T00:59:23.985Z,W2020472,8725,45.68798,8.82139,30194.5,-36.8,8.7,263.8,-43.6,0.7,-1.0,RS41-SG,404.900,10.3,150,10,2.5,08:28:34,-1
2025-08-09T00:59:24.985Z,W2020472,8726,45.68798,8.82128,30159.8,-33.1,7.7,271.3,-43.7,0.7,-1.0,RS41-SG,404.900,10.9,150,8,2.6,08:28:34,-1
2025-08-09T00:59:25.985Z,W2020472,8727,45.68798,8.82118,30125.8,-35.4,8.3,278.2,-43.5,0.7,-1.0,RS41-SG,404.900,10.9,150,10,2.6,08:28:34,-1
2025-08-09T00:59:26.985Z,W2020472,8728,45.68799,8.82108,30089.9,-37.1,7.5,282.7,-43.4,0.7,-1.0,RS41-SG,404.900,10.8,150,9,2.6,08:28:34,-1
2025-08-09T00:59:27.985Z,W2020472,8729,45.68801,8.82097,30052.3,-38.7,9.3,282.1,-43.2,0.7,-1.0,RS41-SG,404.900,10.8,150,7,2.5,08:28:34,-1
2025-08-09T00:59:28.985Z,W2020472,8730,45.68803,8.82086,30013.0,-39.3,8.7,281.8,-43.1,0.7,-1.0,RS41-SG,404.900,10.8,150,10,2.5,08:28:34,-1
2025-08-09T00:59:29.985Z,W2020472,8731,45.68805,8.82074,29973.2,-40.3,9.7,283.6,-43.1,0.7,-1.0,RS41-SG,404.900,11.6,150,10,2.5,08:28:34,-1
2025-08-09T00:59:30.985Z,W2020472,8732,45.68807,8.82061,29932.4,-40.3,11.4,280.3,-43.1,0.7,-1.0,RS41-SG,404.900,11.6,150,10,2.5,08:28:34,-1
2025-08-09T00:59:31.985Z,W2020472,8733,45.68808,8.82046,29891.6,-41.8,12.7,275.4,-43.1,0.7,-1.0,RS41-SG,404.900,11.4,150,9,2.6,08:28:34,-1
2025-08-09T00:59:32.985Z,W2020472,8734,45.68809,8.82030,29849.7,-42.1,11.8,270.0,-43.3,0.7,-1.0,RS41-SG,404.900,12.0,150,10,2.6,08:28:34,-1
2025-08-09T00:59:33.985Z,W2020472,8735,45.68808,8.82014,29809.3,-39.4,12.7,264.3,-43.7,0.7,-1.0,RS41-SG,404.900,12.0,150,10,2.6,08:28:34,-1
2025-08-09T00:59:34.985Z,W2020472,8736,45.68807,8.81998,29771.8,-38.1,12.6,261.5,-43.9,0.7,-1.0,RS41-SG,404.900,11.4,150,10,2.5,08:28:34,-1
2025-08-09T00:59:35.985Z,W2020472,8737,45.68805,8.81982,29735.5,-36.7,12.3,258.7,-44.0,0.8,-1.0,RS41-SG,404.900,11.4,150,9,2.5,08:28:34,-1
2025-08-09T00:59:36.985Z,W2020472,8738,45.68802,8.81966,29698.8,-37.1,12.1,257.5,-44.1,0.7,-1.0,RS41-SG,404.900,11.3,150,11,2.5,08:28:34,-1
2025-08-09T00:59:37.985Z,W2020472,8739,45.68800,8.81952,29663.2,-34.6,11.1,256.3,-44.2,0.8,-1.0,RS41-SG,404.900,10.4,150,10,2.6,08:28:34,-1
2025-08-09T00:59:38.985Z,W2020472,8740,45.68798,8.81938,29628.9,-33.7,10.4,258.2,-44.6,0.8,-1.0,RS41-SG,404.900,10.4,150,10,2.6,08:28:34,-1
2025-08-09T00:59:39.985Z,W2020472,8741,45.68796,8.81926,29596.9,-30.5,9.1,263.2,-44.9,0.8,-1.0,RS41-SG,404.900,10.6,150,9,2.5,08:28:34,-1
2025-08-09T00:59:40.985Z,W2020472,8742,45.68795,8.81914,29566.3,-30.8,8.8,270.3,-45.0,0.8,-1.0,RS41-SG,404.900,10.7,150,11,2.5,08:28:34,-1
2025-08-09T00:59:41.985Z,W2020472,8743,45.68796,8.81903,29536.4,-30.4,8.0,276.7,-45.0,0.8,-1.0,RS41-SG,404.900,10.7,150,11,2.5,08:28:34,-1
2025-08-09T00:59:42.985Z,W2020472,8744,45.68797,8.81893,29506.0,-31.2,8.0,288.9,-45.0,0.8,-1.0,RS41-SG,404.900,11.6,150,8,2.6,08:28:34,-1
2025-08-09T00:59:43.985Z,W2020472,8745,45.68800,8.81882,29473.0,-34.7,9.9,291.3,-45.1,0.8,-1.0,RS41-SG,404.900,11.6,150,11,2.6,08:28:34,-1
2025-08-09T00:59:44.985Z,W2020472,8746,45.68803,8.81871,29438.1,-36.0,9.7,292.9,-45.2,0.8,-1.0,RS41-SG,404.900,11.7,150,7,2.6,08:28:34,-1
2025-08-09T00:59:45.985Z,W2020472,8747,45.68807,8.81858,29401.2,-37.5,11.0,296.1,-45.2,0.8,-1.0,RS41-SG,404.900,12.8,150,11,2.5,08:28:34,-1
2025-08-09T00:59:46.985Z,W2020472,8748,45.68811,8.81844,29366.0,-33.3,13.3,294.1,-45.1,0.8,-1.0,RS41-SG,404.900,12.8,150,9,2.5,08:28:34,-1
2025-08-09T00:59:47.985Z,W2020472,8749,45.68816,8.81828,29332.5,-34.5,13.8,290.3,-45.0,0.8,-1.0,RS41-SG,404.900,11.8,150,11,2.5,08:28:34,-1
2025-08-09T00:59:48.985Z,W2020472,8750,45.68819,8.81812,29298.2,-35.2,13.1,284.0,-44.8,0.7,-1.0,RS41-SG,404.900,11.3,150,9,2.5,08:28:34,-1
2025-08-09T00:59:49.985Z,W2020472,8751,45.68822,8.81796,29262.4,-36.8,13.1,280.7,-44.6,0.8,-1.0,RS41-SG,404.900,12.1,150,9,2.6,08:28:34,-1
2025-08-09T00:59:50.985Z,W2020472,8752,45.68824,8.81779,29226.6,-35.1,13.1,276.7,-44.5,0.8,-1.0,RS41-SG,404.900,12.1,150,11,2.6,08:28:34,-1
2025-08-09T00:59:51.985Z,W2020472,8753,45.68824,8.81762,29193.8,-31.7,12.9,268.0,-44.4,0.7,-1.0,RS41-SG,404.900,11.5,150,10,2.6,08:28:34,-1
2025-08-09T00:59:52.985Z,W2020472,8754,45.68823,8.81746,29161.7,-33.8,12.9,263.2,-44.4,0.7,-1.0,RS41-SG,404.900,11.9,150,9,2.5,08:28:34,-1
2025-08-09T00:59:53.985Z,W2020472,8755,45.68821,8.81730,29128.5,-34.0,12.4,258.6,-44.3,0.7,-1.0,RS41-SG,404.900,11.9,150,11,2.5,08:28:34,-1
2025-08-09T00:59:54.985Z,W2020472,8756,45.68819,8.81715,29094.3,-36.2,11.6,260.5,-44.3,0.7,-1.0,RS41-SG,404.900,11.5,150,9,2.5,08:28:34,-1
2025-08-09T00:59:55.985Z,W2020472,8757,45.68817,8.81701,29059.4,-34.5,11.3,257.4,-44.3,0.7,-1.0,RS41-SG,404.900,11.0,150,10,2.6,08:28:34,-1
2025-08-09T00:59:56.985Z,W2020472,8758,45.68815,8.81687,29026.5,-33.0,11.3,261.0,-44.4,0.7,-1.0,RS41-SG,404.900,11.1,150,11,2.6,08:28:34,-1
2025-08-09T00:59:57.985Z,W2020472,8759,45.68814,8.81673,28993.5,-33.4,10.9,265.0,-44.5,0.7,-1.0,RS41-SG,404.900,11.4,150,11,2.5,08:28:34,-1
2025-08-09T00:59:58.985Z,W2020472,8760,45.68813,8.81659,28959.8,-34.9,11.6,265.6,-44.5,0.7,-1.0,RS41-SG,404.900,11.7,150,11,2.5,08:28:34,-1
2025-08-09T00:59:59.985Z,W2020472,8761,45.68812,8.81645,28925.7,-34.4,10.4,265.0,-44.5,0.7,-1.0,RS41-SG,404.900,11.7,150,11,2.5,08:28:34,-1
2025-08-09T01:00:00.985Z,W2020472,8762,45.68811,8.81631,28890.3,-37.2,11.3,271.2,-44.4,0.7,-1.0,RS41-SG,404.900,11.6,150,11,2.6,08:28:34,-1
2025-08-09T01:00:01.985Z,W2020472,8763,45.68812,8.81617,28853.9,-36.2,11.0,274.9,-44.4,0.7,-1.0,RS41-SG,404.900,11.1,150,10,2.6,08:28:34,-1
2025-08-09T01:00:02.985Z,W2020472,8764,45.68813,8.81603,28820.2,-32.6,10.9,275.7,-44.5,0.7,-1.0,RS41-SG,404.900,10.2,150,11,2.6,08:28:34,-1
2025-08-09T01:00:03.985Z,W2020472,8765,45.68814,8.81589,28787.7,-33.2,11.1,280.6,-44.7,0.8,-1.0,RS41-SG,404.900,10.2,150,9,2.5,08:28:34,-1
2025-08-09T01:00:04.985Z,W2020472,8766,45.68816,8.81574,28756.0,-30.4,12.3,282.7,-44.8,0.8,-1.0,RS41-SG,404.900,10.6,150,11,2.5,08:28:34,-1
2025-08-09T01:00:05.985Z,W2020472,8767,45.68819,8.81558,28725.3,-32.0,13.3,285.0,-44.8,0.8,-1.0,RS41-SG,404.900,10.6,150,8,2.5,08:28:34,-1
2025-08-09T01:00:06.985Z,W2020472,8768,45.68822,8.81541,28695.2,-29.2,14.3,287.1,-44.7,0.8,-1.0,RS41-SG,404.900,10.5,150,9,2.5,08:28:34,-1
2025-08-09T01:00:07.985Z,W2020472,8769,45.68827,8.81523,28664.8,-29.8,15.1,290.5,-44.7,0.8,-1.0,RS41-SG,404.900,10.5,150,11,2.6,08:28:34,-1
2025-08-09T01:00:08.985Z,W2020472,8770,45.68831,8.81505,28635.3,-31.0,14.8,289.6,-44.6,0.7,-1.0,RS41-SG,404.900,10.7,150,10,2.6,08:28:34,-1
2025-08-09T01:00:09.985Z,W2020472,8771,45.68836,8.81487,28603.7,-33.0,15.2,288.7,-44.5,0.7,-1.0,RS41-SG,404.900,10.7,150,10,2.6,08:28:34,-1
2025-08-09T01:00:10.985Z,W2020472,8772,45.68839,8.81469,28570.8,-34.3,13.9,287.1,-44.4,0.7,-1.0,RS41-SG,404.900,11.3,150,10,2.5,08:27:43,-1
2025-08-09T01:00:11.985Z,W2020472,8773,45.68843,8.81452,28537.3,-33.8,13.5,285.7,-44.5,0.7,-1.0,RS41-SG,404.900,11.3,150,11,2.5,08:27:43,-1
2025-08-09T01:00:12.985Z,W2020472,8774,45.68846,8.81435,28502.4,-35.8,13.4,281.9,-44.6,0.7,-1.0,RS41-SG,404.900,11.2,150,11,2.5,08:27:43,-1
2025-08-09T01:00:13.985Z,W2020472,8775,45.68848,8.81418,28466.0,-36.8,13.0,276.9,-44.8,0.7,-1.0,RS41-SG,404.900,11.3,150,10,2.6,08:27:43,-1
2025-08-09T01:00:14.985Z,W2020472,8776,45.68848,8.81402,28430.7,-34.5,12.6,269.3,-45.0,0.7,-1.0,RS41-SG,404.900,11.3,150,10,2.6,08:27:43,-1
2025-08-09T01:00:15.985Z,W2020472,8777,45.68847,8.81386,28397.2,-34.2,12.1,260.5,-45.2,0.7,-1.0,RS41-SG,404.900,10.7,150,11,2.5,08:27:43,-1
2025-08-09T01:00:16.985Z,W2020472,8778,45.68845,8.81371,28364.9,-31.6,11.0,257.7,-45.3,0.8,-1.0,RS41-SG,404.900,9.7,150,10,2.5,08:27:43,-1
2025-08-09T01:00:17.985Z,W2020472,8779,45.68843,8.81358,28334.4,-30.1,10.3,255.6,-45.5,0.8,-1.0,RS41-SG,404.900,10.3,150,9,2.5,08:27:43,-1
2025-08-09T01:00:18.985Z,W2020472,8780,45.68841,8.81345,28304.9,-29.3,10.0,257.7,-45.6,0.8,-1.0,RS41-SG,404.900,10.3,150,10,2.6,08:27:43,-1
2025-08-09T01:00:19.985Z,W2020472,8781,45.68839,8.81332,28275.0,-30.9,10.1,261.9,-45.7,0.8,-1.0,RS41-SG,404.900,10.3,150,9,2.6,08:27:43,-1
2025-08-09T01:00:20.985Z,W2020472,8782,45.68838,8.81320,28244.5,-30.4,9.6,262.2,-45.7,0.8,-1.0,RS41-SG,404.900,10.0,150,10,2.6,08:27:43,-1
2025-08-09T01:00:21.985Z,W2020472,8783,45.68837,8.81307,28212.7,-34.0,9.3,271.1,-45.6,0.8,-1.0,RS41-SG,404.900,9.7,150,7,2.5,08:27:43,-1
2025-08-09T01:00:22.985Z,W2020472,8784,45.68837,8.81295,28179.8,-32.4,9.5,275.9,-45.6,0.8,-1.0,RS41-SG,404.900,10.1,150,8,2.5,08:27:43,-1
2025-08-09T01:00:23.985Z,W2020472,8785,45.68838,8.81284,28148.0,-32.3,8.7,281.4,-45.6,0.8,-1.0,RS41-SG,404.900,10.1,150,9,2.5,08:27:43,-1
2025-08-09T01:00:24.985Z,W2020472,8786,45.68840,8.81273,28116.2,-31.9,8.0,283.0,-45.7,0.8,-1.0,RS41-SG,404.900,11.6,150,8,2.5,08:27:43,-1
2025-08-09T01:00:25.985Z,W2020472,8787,45.68842,8.81263,28085.1,-30.8,8.1,285.9,-45.8,0.8,-1.0,RS41-SG,404.900,11.6,150,9,2.6,08:27:43,-1
2025-08-09T01:00:26.985Z,W2020472,8788,45.68844,8.81253,28054.9,-29.6,9.1,287.9,-45.8,0.8,-1.0,RS41-SG,404.900,11.2,150,8,2.6,08:27:43,-1
2025-08-09T01:00:27.985Z,W2020472,8789,45.68846,8.81242,28025.2,-29.9,9.1,289.3,-46.0,0.8,-1.0,RS41-SG,404.900,11.2,150,7,2.6,08:27:43,-1
2025-08-09T01:00:28.985Z,W2020472,8790,45.68848,8.81230,27996.5,-28.6,9.8,286.5,-46.1,0.8,-1.0,RS41-SG,404.900,10.4,150,9,2.5,08:27:43,-1
2025-08-09T01:00:29.985Z,W2020472,8791,45.68851,8.81219,27967.4,-30.2,9.3,286.5,-46.0,0.8,-1.0,RS41-SG,404.900,10.3,150,8,2.5,08:27:43,-1
2025-08-09T01:00:31.985Z,W2020472,8793,45.68857,8.81196,27905.3,-30.3,10.9,291.7,-46.0,0.8,-1.0,RS41-SG,404.900,8.9,150,9,2.5,08:27:43,-1
2025-08-09T01:00:32.985Z,W2020472,8794,45.68861,8.81183,27879.4,-22.0,11.6,292.9,-46.1,0.8,-1.0,RS41-SG,404.900,9.5,150,8,2.6,08:27:43,-1
2025-08-09T01:00:33.985Z,W2020472,8795,45.68864,8.81169,27858.0,-20.9,11.2,290.7,-46.2,0.8,-1.0,RS41-SG,404.900,9.5,150,8,2.6,08:27:43,-1
2025-08-09T01:00:34.985Z,W2020472,8796,45.68868,8.81156,27836.3,-22.6,11.7,290.3,-46.3,0.8,-1.0,RS41-SG,404.900,8.7,150,9,2.6,08:27:43,-1
2025-08-09T01:00:35.985Z,W2020472,8797,45.68871,8.81142,27812.2,-25.5,11.4,290.3,-46.3,0.8,-1.0,RS41-SG,404.900,10.8,150,10,2.5,08:27:43,-1
2025-08-09T01:00:36.985Z,W2020472,8798,45.68875,8.81129,27785.5,-27.7,10.8,290.8,-46.3,0.8,-1.0,RS41-SG,404.900,10.8,150,9,2.5,08:27:43,-1
2025-08-09T01:00:37.985Z,W2020472,8799,45.68878,8.81117,27759.0,-25.7,8.7,290.8,-46.4,0.8,-1.0,RS41-SG,404.900,10.4,150,9,2.5,08:27:43,-1
2025-08-09T01:00:38.985Z,W2020472,8800,45.68880,8.81107,27733.2,-26.0,8.5,284.1,-46.5,0.8,-1.0,RS41-SG,404.900,10.9,150,10,2.6,08:27:43,-1
2025-08-09T01:00:39.985Z,W2020472,8801,45.68881,8.81097,27706.7,-27.8,7.3,284.6,-46.6,0.8,-1.0,RS41-SG,404.900,10.9,150,9,2.6,08:27:43,-1
2025-08-09T01:00:40.985Z,W2020472,8802,45.68883,8.81088,27677.5,-30.0,7.2,280.3,-46.6,0.8,-1.0,RS41-SG,404.900,10.9,150,10,2.5,08:27:43,-1
2025-08-09T01:00:41.985Z,W2020472,8803,45.68884,8.81078,27646.7,-32.0,8.0,283.0,-46.8,0.9,-1.0,RS41-SG,404.900,11.1,150,10,2.5,08:27:43,-1
2025-08-09T01:00:42.985Z,W2020472,8804,45.68885,8.81068,27614.8,-32.3,8.6,281.0,-47.1,0.9,-1.0,RS41-SG,404.900,11.1,150,10,2.5,08:27:43,-1
2025-08-09T01:00:43.985Z,W2020472,8805,45.68887,8.81057,27582.9,-32.2,9.0,282.6,-47.3,0.9,-1.0,RS41-SG,404.900,9.9,150,11,2.6,08:27:43,-1
2025-08-09T01:00:44.985Z,W2020472,8806,45.68889,8.81046,27551.9,-30.2,9.6,286.5,-47.3,0.9,-1.0,RS41-SG,404.900,10.7,150,10,2.6,08:27:43,-1
2025-08-09T01:00:45.985Z,W2020472,8807,45.68892,8.81033,27522.6,-27.9,11.3,288.4,-47.3,0.9,-1.0,RS41-SG,404.900,10.7,150,10,2.6,08:27:43,-1
2025-08-09T01:00:46.985Z,W2020472,8808,45.68895,8.81019,27495.5,-27.3,11.8,289.2,-47.3,0.9,-1.0,RS41-SG,404.900,9.8,150,8,2.5,08:27:43,-1
2025-08-09T01:00:47.985Z,W2020472,8809,45.68898,8.81004,27467.8,-28.2,12.8,288.0,-47.3,0.9,-1.0,RS41-SG,404.900,10.4,150,10,2.5,08:27:43,-1
2025-08-09T01:00:48.985Z,W2020472,8810,45.68901,8.80988,27439.7,-29.3,12.8,282.4,-47.4,0.9,-1.0,RS41-SG,404.900,10.4,150,9,2.5,08:27:43,-1
2025-08-09T01:00:49.985Z,W2020472,8811,45.68903,8.80972,27411.3,-29.0,12.0,281.9,-47.5,0.9,-1.0,RS41-SG,404.900,9.8,150,9,2.5,08:27:43,-1
2025-08-09T01:00:50.985Z,W2020472,8812,45.68905,8.80957,27382.9,-28.8,11.9,276.6,-47.6,0.9,-1.0,RS41-SG,404.900,10.5,150,9,2.6,08:27:43,-1
2025-08-09T01:00:51.985Z,W2020472,8813,45.68905,8.80942,27353.4,-30.3,12.2,269.9,-47.6,0.9,-1.0,RS41-SG,404.900,10.5,150,9,2.6,08:27:43,-1
2025-08-09T01:00:52.985Z,W2020472,8814,45.68904,8.80927,27323.4,-30.3,11.9,261.2,-47.6,0.9,-1.0,RS41-SG,404.900,9.7,150,10,2.6,08:27:43,-1
2025-08-09T01:00:53.985Z,W2020472,8815,45.68902,8.80912,27293.2,-31.1,11.2,253.9,-47.7,0.9,-1.0,RS41-SG,404.900,9.7,150,10,2.5,08:27:43,-1
2025-08-09T01:00:54.985Z,W2020472,8816,45.68898,8.80899,27262.5,-31.0,11.0,250.7,-47.8,0.9,-1.0,RS41-SG,404.900,8.9,150,8,2.5,08:27:43,-1
2025-08-09T01:00:55.985Z,W2020472,8817,45.68895,8.80886,27232.9,-28.7,10.0,248.2,-47.9,0.9,-1.0,RS41-SG,404.900,9.0,150,8,2.5,08:27:43,-1
2025-08-09T01:00:56.985Z,W2020472,8818,45.68892,8.80876,27206.2,-25.6,8.9,245.3,-48.1,0.9,-1.0,RS41-SG,404.900,9.0,150,9,2.5,08:27:43,-1
2025-08-09T01:00:59.985Z,W2020472,8821,45.68883,8.80845,27120.1,-30.2,8.4,252.9,-48.4,0.9,-1.0,RS41-SG,404.900,8.1,150,10,2.6,08:27:43,-1
2025-08-09T01:01:00.985Z,W2020472,8822,45.68881,8.80834,27090.8,-29.0,8.4,261.4,-48.5,0.9,-1.0,RS41-SG,404.900,8.8,150,8,2.5,08:27:43,-1
2025-08-09T01:01:01.985Z,W2020472,8823,45.68880,8.80823,27061.2,-30.4,8.4,266.6,-48.6,1.0,-1.0,RS41-SG,404.900,8.8,150,9,2.5,08:26:52,-1
2025-08-09T01:01:02.985Z,W2020472,8824,45.68880,8.80813,27031.1,-30.5,8.2,268.3,-48.5,0.9,-1.0,RS41-SG,404.900,8.8,150,9,2.5,08:26:52,-1
2025-08-09T01:01:03.985Z,W2020472,8825,45.68880,8.80802,27001.7,-28.9,7.8,274.7,-48.5,1.0,-1.0,RS41-SG,404.900,8.7,150,7,2.6,08:26:52,-1
2025-08-09T01:01:04.985Z,W2020472,8826,45.68881,8.80792,26970.6,-32.1,8.9,276.2,-48.5,0.9,-1.0,RS41-SG,404.900,9.4,150,10,2.6,08:26:52,-1
2025-08-09T01:01:05.985Z,W2020472,8827,45.68881,8.80780,26938.6,-31.6,8.4,274.5,-48.6,0.9,-1.0,RS41-SG,404.900,9.4,150,9,2.5,08:26:52,-1
2025-08-09T01:01:06.985Z,W2020472,8828,45.68882,8.80770,26906.6,-31.1,8.1,271.4,-48.8,1.0,-1.0,RS41-SG,404.900,8.8,150,9,2.5,08:26:52,-1
2025-08-09T01:01:08.985Z,W2020472,8830,45.68881,8.80750,26844.0,-31.8,7.8,255.0,-49.0,1.0,-1.0,RS41-SG,404.900,9.0,150,9,2.6,08:26:52,-1
2025-08-09T01:01:10.985Z,W2020472,8832,45.68877,8.80731,26779.2,-34.1,7.8,255.7,-48.8,0.9,-1.0,RS41-SG,404.900,9.9,150,8,2.6,08:26:52,-1
2025-08-09T01:01:11.985Z,W2020472,8833,45.68876,8.80722,26744.0,-36.0,7.9,255.8,-48.7,0.9,-1.0,RS41-SG,404.900,9.9,150,11,2.5,08:26:52,-1
2025-08-09T01:01:12.985Z,W2020472,8834,45.68874,8.80713,26710.1,-33.2,8.1,256.6,-48.7,0.9,-1.0,RS41-SG,404.900,8.4,150,10,2.5,08:26:52,-1
2025-08-09T01:01:13.985Z,W2020472,8835,45.68872,8.80703,26678.1,-32.2,7.5,257.1,-48.8,0.9,-1.0,RS41-SG,404.900,8.4,150,9,2.5,08:26:52,-1
2025-08-09T01:01:14.985Z,W2020472,8836,45.68870,8.80694,26647.6,-29.7,7.6,258.6,-48.9,1.0,-1.0,RS41-SG,404.900,8.8,150,10,2.5,08:26:52,-1
2025-08-09T01:01:15.985Z,W2020472,8837,45.68870,8.80684,26617.6,-29.8,8.8,267.4,-48.9,1.0,-1.0,RS41-SG,404.900,8.8,150,9,2.6,08:26:52,-1
2025-08-09T01:01:16.985Z,W2020472,8838,45.68870,8.80673,26588.4,-29.0,7.9,273.3,-49.0,1.0,-1.0,RS41-SG,404.900,8.3,150,8,2.6,08:26:52,-1
2025-08-09T01:01:17.985Z,W2020472,8839,45.68870,8.80663,26559.6,-29.6,7.5,274.8,-49.2,1.0,-1.0,RS41-SG,404.900,9.0,150,10,2.6,08:26:52,-1
2025-08-09T01:01:19.985Z,W2020472,8841,45.68871,8.80644,26501.4,-28.3,7.8,272.8,-49.3,1.0,-1.0,RS41-SG,404.900,8.6,150,9,2.5,08:26:52,-1
2025-08-09T01:01:21.985Z,W2020472,8843,45.68873,8.80626,26446.6,-27.7,6.6,279.3,-49.4,1.0,-1.0,RS41-SG,404.900,9.1,150,10,2.5,08:26:52,-1
2025-08-09T01:01:22.985Z,W2020472,8844,45.68874,8.80618,26418.0,-29.2,6.0,278.0,-49.4,1.0,-1.0,RS41-SG,404.900,8.9,150,11,2.6,08:26:52,-1
2025-08-09T01:01:23.985Z,W2020472,8845,45.68874,8.80612,26388.7,-30.3,4.8,279.1,-49.4,1.0,-1.0,RS41-SG,404.900,8.7,150,10,2.6,08:26:52,-1
2025-08-09T01:01:25.985Z,W2020472,8847,45.68876,8.80601,26331.3,-28.1,4.1,291.4,-49.4,1.0,-1.0,RS41-SG,404.900,8.9,150,10,2.5,08:26:52,-1
2025-08-09T01:01:26.985Z,W2020472,8848,45.68878,8.80596,26302.8,-29.7,4.0,303.4,-49.3,1.0,-1.0,RS41-SG,404.900,8.5,150,8,2.5,08:26:52,-1
2025-08-09T01:01:27.985Z,W2020472,8849,45.68881,8.80592,26272.4,-30.8,4.8,311.9,-49.3,0.9,-1.0,RS41-SG,404.900,8.7,150,10,2.5,08:26:52,-1
2025-08-09T01:01:28.985Z,W2020472,8850,45.68884,8.80587,26242.1,-30.7,5.4,313.5,-49.3,0.9,-1.0,RS41-SG,404.900,8.7,150,9,2.6,08:26:52,-1
2025-08-09T01:01:31.985Z,W2020472,8853,45.68894,8.80568,26149.9,-30.7,6.8,307.8,-49.2,1.0,-1.0,RS41-SG,404.900,7.6,150,10,2.5,08:26:52,-1
2025-08-09T01:01:33.985Z,W2020472,8855,45.68900,8.80555,26091.0,-27.9,6.2,306.5,-49.4,1.0,-1.0,RS41-SG,404.900,7.5,150,11,2.6,08:26:52,-1
2025-08-09T01:01:34.985Z,W2020472,8856,45.68904,8.80548,26062.6,-29.4,6.9,302.0,-49.5,1.0,-1.0,RS41-SG,404.900,7.5,150,11,2.6,08:26:52,-1
2025-08-09T01:01:35.985Z,W2020472,8857,45.68907,8.80540,26032.9,-30.3,7.6,300.3,-49.7,1.0,-1.0,RS41-SG,404.900,7.4,150,11,2.6,08:26:52,-1
2025-08-09T01:01:36.985Z,W2020472,8858,45.68910,8.80532,26003.9,-29.2,7.3,301.1,-49.8,1.0,-1.0,RS41-SG,404.900,7.6,150,10,2.5,08:26:52,-1
