timestamp,serial,frame,lat,lon,alt,vel_v,vel_h,heading,temp,humidity,pressure,type,freq_mhz,snr,f_error_hz,sats,batt_v,burst_timer,aux_data
2025-12-12T00:30:18.000Z,V2910369,6973,45.54289,9.03614,27772.0,4.5,8.3,75.8,-273.0,-1.0,-1.0,RS41,404.900,7.2,-125,11,2.6,-1,-1
2025-12-12T00:30:19.000Z,V2910369,6974,45.54291,9.03625,27777.3,6.0,8.3,79.9,-273.0,-1.0,-1.0,RS41,404.900,8.2,-125,11,2.6,-1,-1
2025-12-12T00:30:21.000Z,V2910369,6976,45.54293,9.03644,27788.8,4.9,7.3,87.9,-273.0,-1.0,-1.0,RS41,404.900,8.5,-125,11,2.5,-1,-1
2025-12-12T00:30:22.000Z,V2910369,6977,45.54292,9.03653,27794.2,5.7,7.2,95.0,-273.0,-1.0,-1.0,RS41,404.900,8.5,-125,11,2.5,-1,-1
2025-12-12T00:30:23.000Z,V2910369,6978,45.54292,9.03663,27800.3,6.7,7.9,95.8,-273.0,-1.0,-1.0,RS41,404.900,7.8,-125,11,2.6,-1,-1
2025-12-12T00:30:24.000Z,V2910369,6979,45.54291,9.03673,27806.3,5.3,8.6,95.2,-273.0,-1.0,-1.0,RS41,404.900,7.8,-125,11,2.6,-1,-1
2025-12-12T00:30:25.000Z,V2910369,6980,45.54291,9.03684,27811.4,4.9,8.8,93.4,-273.0,-1.0,-1.0,RS41,404.900,7.5,-125,11,2.5,-1,-1
2025-12-12T00:30:26.000Z,V2910369,6981,45.54290,9.03695,27816.8,5.9,8.3,92.7,-273.0,-1.0,-1.0,RS41,404.900,7.5,-125,11,2.5,-1,-1
2025-12-12T00:30:27.000Z,V2910369,6982,45.54290,9.03705,27823.0,6.2,7.1,92.0,-273.0,-1.0,-1.0,RS41,404.900,7.3,-125,11,2.5,-1,-1
2025-12-12T00:30:28.000Z,V2910369,6983,45.54290,9.03713,27828.3,4.7,6.3,93.3,-273.0,-1.0,-1.0,RS41,404.900,7.3,-125,11,2.5,-1,-1
2025-12-12T00:30:29.000Z,V2910369,6984,45.54289,9.03721,27832.8,4.8,6.0,98.2,-273.0,-1.0,-1.0,RS41,404.900,7.3,-125,11,2.6,-1,-1
2025-12-12T00:30:32.000Z,V2910369,6987,45.54284,9.03750,27850.0,5.0,9.7,104.0,-273.0,-1.0,-1.0,RS41,404.900,6.8,-125,11,2.5,-1,-1
2025-12-12T00:30:34.000Z,V2910369,6989,45.54280,9.03775,27859.8,5.5,10.4,101.7,-273.0,-1.0,-1.0,RS41,404.900,6.8,-125,11,2.6,-1,-1
2025-12-12T00:30:35.000Z,V2910369,6990,45.54278,9.03788,27865.9,6.7,9.5,101.0,-273.0,-1.0,-1.0,RS41,404.900,8.1,-125,11,2.6,-1,-1
2025-12-12T00:30:36.000Z,V2910369,6991,45.54277,9.03799,27871.7,4.8,8.5,102.4,-273.0,-1.0,-1.0,RS41,404.900,8.1,-125,11,2.5,-1,-1
2025-12-12T00:30:37.000Z,V2910369,6992,45.54275,9.03809,27876.3,4.3,7.7,104.5,-273.0,-1.0,-1.0,RS41,404.900,7.9,-125,11,2.5,-1,-1
2025-12-12T00:30:38.000Z,V2910369,6993,45.54273,9.03818,27881.4,5.8,7.6,108.4,-273.0,-1.0,-1.0,RS41,404.900,7.9,-125,11,2.5,-1,-1
2025-12-12T00:30:39.000Z,V2910369,6994,45.54271,9.03828,27887.2,5.9,8.5,110.5,-59.9,-1.0,-1.0,RS41,404.900,8.3,-125,11,2.6,-1,-1
2025-12-12T00:30:40.000Z,V2910369,6995,45.54268,9.03839,27892.5,5.0,9.6,114.0,-60.0,-1.0,-1.0,RS41,404.900,8.3,-125,11,2.6,-1,-1
2025-12-12T00:30:41.000Z,V2910369,6996,45.54264,9.03850,27897.1,4.4,10.3,118.4,-60.0,-1.0,-1.0,RS41,404.900,7.5,-125,11,2.5,-1,-1
2025-12-12T00:30:47.000Z,V2910369,7002,45.54232,9.03908,27928.2,6.2,8.2,116.2,-60.0,-1.0,-1.0,RS41,404.900,7.0,-125,11,2.5,-1,-1
2025-12-12T00:30:48.000Z,V2910369,7003,45.54230,9.03918,27934.2,5.2,8.9,107.4,-60.0,-1.0,-1.0,RS41,404.900,7.5,-125,11,2.5,-1,-1
2025-12-12T00:30:49.000Z,V2910369,7004,45.54228,9.03929,27939.1,4.4,9.6,101.6,-60.0,-1.0,-1.0,RS41,404.900,7.5,-125,11,2.5,-1,-1
2025-12-12T00:30:50.000Z,V2910369,7005,45.54226,9.03941,27943.9,5.4,10.1,103.1,-60.0,-1.0,-1.0,RS41,404.900,7.5,-125,11,2.6,-1,-1
2025-12-12T00:30:53.000Z,V2910369,7008,45.54217,9.03975,27960.7,4.5,9.3,120.4,-60.0,-1.0,-1.0,RS41,404.900,7.2,-125,11,2.5,-1,-1
2025-12-12T00:30:56.000Z,V2910369,7011,45.54204,9.04007,27977.2,4.8,10.2,117.5,-60.1,-1.0,-1.0,RS41,404.900,7.4,-125,11,2.6,-1,-1
2025-12-12T00:30:57.000Z,V2910369,7012,45.54199,9.04019,27982.0,4.7,10.5,117.2,-60.1,-1.0,-1.0,RS41,404.900,7.1,-125,11,2.5,-1,-1
2025-12-12T00:30:59.000Z,V2910369,7014,45.54190,9.04042,27993.3,6.3,10.7,125.4,-60.1,-1.0,-1.0,RS41,404.900,7.5,-125,11,2.5,-1,-1
2025-12-12T00:31:00.000Z,V2910369,7015,45.54184,9.04053,27998.9,4.9,10.6,128.9,-60.2,-1.0,-1.0,RS41,404.900,7.5,-125,11,2.5,-1,-1
2025-12-12T00:31:01.000Z,V2910369,7016,45.54178,9.04064,28003.8,5.1,10.6,128.3,-60.2,-1.0,-1.0,RS41,404.900,7.2,-125,11,2.6,-1,-1
2025-12-12T00:31:04.000Z,V2910369,7019,45.54164,9.04100,28021.5,4.8,11.0,113.0,-60.3,-1.0,-1.0,RS41,404.900,7.6,-125,11,2.5,-1,-1
2025-12-12T00:31:05.000Z,V2910369,7020,45.54160,9.04113,28026.9,5.9,10.6,110.1,-60.3,-1.0,-1.0,RS41,404.900,8.1,-125,10,2.5,-1,-1
2025-12-12T00:31:06.000Z,V2910369,7021,45.54157,9.04124,28033.1,6.3,9.5,113.4,-60.3,-1.0,-1.0,RS41,404.900,8.2,-125,11,2.6,-1,-1
2025-12-12T00:31:07.000Z,V2910369,7022,45.54153,9.04135,28039.1,5.8,8.5,118.9,-60.3,-1.0,-1.0,RS41-SG,404.900,8.2,-125,11,2.6,-1,-1
2025-12-12T00:31:08.000Z,V2910369,7023,45.54149,9.04144,28044.1,3.8,8.2,126.7,-60.3,-1.0,-1.0,RS41-SG,404.900,7.7,-125,11,2.5,-1,-1
2025-12-12T00:31:09.000Z,V2910369,7024,45.54145,9.04152,28048.0,4.1,8.4,131.2,-60.3,-1.0,-1.0,RS41-SG,404.900,7.7,-125,11,2.5,-1,-1
2025-12-12T00:31:11.000Z,V2910369,7026,45.54133,9.04170,28059.4,6.8,10.7,132.1,-60.4,-1.0,-1.0,RS41-SG,404.900,7.6,-125,11,2.6,-1,-1
2025-12-12T00:31:12.000Z,V2910369,7027,45.54126,9.04181,28065.6,6.1,11.9,129.0,-60.4,-1.0,-1.0,RS41-SG,404.900,7.6,-125,11,2.6,-1,-1
2025-12-12T00:31:13.000Z,V2910369,7028,45.54120,9.04193,28071.7,5.8,12.1,126.1,-60.4,-1.0,-1.0,RS41-SG,404.900,7.9,-125,11,2.5,-1,-1
2025-12-12T00:31:14.000Z,V2910369,7029,45.54114,9.04205,28078.1,6.7,11.4,124.0,-60.3,-1.0,-1.0,RS41-SG,404.900,7.9,-125,11,2.5,-1,-1
2025-12-12T00:31:15.000Z,V2910369,7030,45.54109,9.04217,28085.3,7.1,10.0,122.1,-60.3,-1.0,-1.0,RS41-SG,404.900,8.0,-125,11,2.5,-1,-1
2025-12-12T00:31:16.000Z,V2910369,7031,45.54104,9.04227,28091.5,5.2,8.7,119.6,-60.2,-1.0,-1.0,RS41-SG,404.900,8.0,-125,11,2.5,-1,-1
2025-12-12T00:31:22.000Z,V2910369,7037,45.54099,9.04285,28124.8,6.5,6.5,85.6,-59.1,-1.0,-1.0,RS41-SG,404.900,7.5,-125,11,2.6,-1,-1
2025-12-12T00:31:23.000Z,V2910369,7038,45.54099,9.04292,28131.0,6.0,5.1,91.4,-58.9,-1.0,-1.0,RS41-SG,404.900,7.3,-125,11,2.6,-1,-1
2025-12-12T00:31:29.000Z,V2910369,7044,45.54091,9.04336,28165.2,4.8,8.6,102.2,-58.6,-1.0,-1.0,RS41-SG,404.900,7.3,-125,11,2.5,-1,-1
2025-12-12T00:31:36.000Z,V2910369,7051,45.54086,9.04401,28206.5,4.6,8.3,84.1,-58.7,-1.0,-1.0,RS41-SG,404.900,7.0,-125,11,2.5,-1,-1
2025-12-12T00:31:40.000Z,V2910369,7055,45.54087,9.04441,28228.9,5.2,7.0,98.0,-58.8,-1.0,-1.0,RS41-SG,404.900,6.8,-125,11,2.5,-1,-1
2025-12-12T00:31:43.000Z,V2910369,7058,45.54085,9.04471,28247.4,4.9,8.8,90.3,-58.7,-1.0,-1.0,RS41-SG,404.900,6.8,-125,10,2.6,-1,-1
2025-12-12T00:31:45.000Z,V2910369,7060,45.54086,9.04493,28258.6,6.6,8.8,80.0,-58.6,-1.0,-1.0,RS41-SG,404.900,7.2,-125,11,2.5,-1,-1
2025-12-12T00:31:47.000Z,V2910369,7062,45.54090,9.04513,28270.6,5.0,7.4,67.9,-58.5,-1.0,-1.0,RS41-SG,404.900,6.5,-125,11,2.5,-1,-1
2025-12-12T00:31:48.000Z,V2910369,7063,45.54093,9.04522,28275.8,5.3,7.3,61.2,-58.4,-1.0,-1.0,RS41-SG,404.900,7.4,-125,11,2.5,-1,-1
2025-12-12T00:31:49.000Z,V2910369,7064,45.54096,9.04530,28281.5,6.1,7.9,56.4,-58.3,-1.0,-1.0,RS41-SG,404.900,7.4,-125,11,2.6,-1,-1
2025-12-12T00:31:50.000Z,V2910369,7065,45.54100,9.04539,28287.9,6.8,8.5,55.9,-58.2,-1.0,-1.0,RS41-SG,404.900,7.5,-125,11,2.6,-1,-1
2025-12-12T00:31:51.000Z,V2910369,7066,45.54105,9.04548,28294.2,5.2,8.8,57.9,-58.2,-1.0,-1.0,RS41-SG,404.900,7.5,-125,11,2.5,-1,-1
2025-12-12T00:31:52.000Z,V2910369,7067,45.54109,9.04557,28299.5,5.1,8.2,61.1,-58.1,-1.0,-1.0,RS41-SG,404.900,7.4,-125,11,2.5,-1,-1
2025-12-12T00:31:53.000Z,V2910369,7068,45.54111,9.04566,28305.1,6.2,6.7,68.2,-58.1,-1.0,-1.0,RS41-SG,404.900,7.2,-125,11,2.5,-1,-1
2025-12-12T00:31:54.000Z,V2910369,7069,45.54113,9.04573,28311.3,6.4,5.3,80.4,-58.0,-1.0,-1.0,RS41-SG,404.900,7.3,-125,11,2.6,-1,-1
2025-12-12T00:31:55.000Z,V2910369,7070,45.54113,9.04579,28317.1,4.9,4.8,91.4,-58.0,-1.0,-1.0,RS41-SG,404.900,7.7,-125,11,2.6,-1,-1
2025-12-12T00:31:56.000Z,V2910369,7071,45.54113,9.04586,28322.4,5.6,4.9,100.0,-57.9,-1.0,-1.0,RS41-SG,404.900,7.7,-125,11,2.5,-1,-1
2025-12-12T00:31:59.000Z,V2910369,7074,45.54114,9.04612,28341.8,5.0,9.1,77.4,-57.8,-1.0,-1.0,RS41-SG,404.900,7.1,-125,11,2.6,-1,-1
2025-12-12T00:32:00.000Z,V2910369,7075,45.54116,9.04623,28347.0,5.2,10.1,69.0,-57.8,-1.0,-1.0,RS41-SG,404.900,7.1,-125,11,2.6,-1,-1
2025-12-12T00:32:01.000Z,V2910369,7076,45.54120,9.04635,28352.7,6.4,10.2,63.0,-57.8,-1.0,-1.0,RS41-SG,404.900,7.4,-125,11,2.5,-1,-1
2025-12-12T00:32:02.000Z,V2910369,7077,45.54124,9.04646,28359.3,6.5,9.8,55.9,-57.8,-1.0,-1.0,RS41-SG,404.900,7.4,-125,11,2.5,-1,-1
2025-12-12T00:32:03.000Z,V2910369,7078,45.54129,9.04656,28365.0,4.9,9.5,51.2,-57.8,-1.0,-1.0,RS41-SG,404.900,7.3,-125,11,2.5,-1,-1
2025-12-12T00:32:04.000Z,V2910369,7079,45.54135,9.04665,28370.1,5.4,9.5,47.0,-57.8,-1.0,-1.0,RS41-SG,404.900,7.3,-125,11,2.5,-1,-1
2025-12-12T00:32:05.000Z,V2910369,7080,45.54141,9.04674,28376.0,6.6,10.1,46.5,-57.8,-1.0,-1.0,RS41-SG,404.900,7.8,-125,11,2.6,-1,-1
2025-12-12T00:32:06.000Z,V2910369,7081,45.54147,9.04684,28382.6,6.6,10.8,48.0,-57.8,-1.0,-1.0,RS41-SG,404.900,7.8,-125,11,2.6,-1,-1
2025-12-12T00:32:07.000Z,V2910369,7082,45.54154,9.04695,28388.6,5.3,11.1,51.4,-57.8,-1.0,-1.0,RS41-SG,404.900,7.0,-125,11,2.5,-1,-1
2025-12-12T00:32:08.000Z,V2910369,7083,45.54159,9.04706,28393.9,5.1,10.5,54.4,-57.8,-1.0,-1.0,RS41-SG,404.900,7.3,-125,11,2.5,-1,-1
2025-12-12T00:32:09.000Z,V2910369,7084,45.54164,9.04716,28399.7,6.5,9.1,58.9,-57.8,-1.0,-1.0,RS41-SG,404.900,7.3,-125,11,2.5,-1,-1
2025-12-12T00:32:10.000Z,V2910369,7085,45.54168,9.04726,28406.1,6.4,7.6,63.1,-57.9,-1.0,-1.0,RS41-SG,404.900,7.4,-125,11,2.6,-1,-1
2025-12-12T00:32:11.000Z,V2910369,7086,45.54171,9.04734,28412.1,5.8,6.6,63.8,-57.9,-1.0,-1.0,RS41-SG,404.900,7.8,-125,11,2.6,-1,-1
2025-12-12T00:32:13.000Z,V2910369,7088,45.54176,9.04749,28424.7,6.7,7.9,60.8,-57.9,-1.0,-1.0,RS41-SG,404.900,7.2,-125,11,2.5,-1,-1
2025-12-12T00:32:14.000Z,V2910369,7089,45.54180,9.04759,28431.6,7.1,9.9,57.8,-57.9,-1.0,-1.0,RS41-SG,404.900,7.2,-125,11,2.5,-1,-1
2025-12-12T00:32:15.000Z,V2910369,7090,45.54186,9.04770,28437.7,4.6,11.4,57.8,-57.9,-1.0,-1.0,RS41-SG,404.900,7.3,-125,11,2.6,-1,-1
2025-12-12T00:32:16.000Z,V2910369,7091,45.54191,9.04783,28442.2,4.3,12.6,57.9,-58.0,-1.0,-1.0,RS41-SG,404.900,7.3,-125,11,2.6,-1,-1
2025-12-12T00:32:18.000Z,V2910369,7093,45.54203,9.04811,28453.4,7.0,12.4,63.2,-58.0,-1.0,-1.0,RS41-SG,404.900,7.5,-125,10,2.5,-1,-1
2025-12-12T00:32:20.000Z,V2910369,7095,45.54211,9.04838,28466.0,5.3,10.1,69.1,-58.0,-1.0,-1.0,RS41-SG,404.900,7.1,-125,11,2.5,-1,-1
2025-12-12T00:32:21.000Z,V2910369,7096,45.54214,9.04849,28471.6,5.7,9.3,68.4,-57.9,-1.0,-1.0,RS41-SG,404.900,7.9,-125,11,2.6,-1,-1
2025-12-12T00:32:22.000Z,V2910369,7097,45.54217,9.04860,28477.9,6.7,9.1,66.3,-57.9,-1.0,-1.0,RS41-SG,404.900,7.9,-125,11,2.6,-1,-1
2025-12-12T00:32:23.000Z,V2910369,7098,45.54221,9.04871,28484.4,6.3,9.5,63.6,-57.9,-1.0,-1.0,RS41-SG,404.900,7.2,-125,11,2.6,-1,-1
2025-12-12T00:32:24.000Z,V2910369,7099,45.54225,9.04881,28490.1,5.1,9.8,62.1,-57.8,-1.0,-1.0,RS41-SG,404.900,7.8,-125,11,2.5,-1,-1
2025-12-12T00:32:25.000Z,V2910369,7100,45.54229,9.04893,28495.6,5.6,10.0,64.8,-57.8,-1.0,-1.0,RS41-SG,404.900,7.8,-125,11,2.5,-1,-1
2025-12-12T00:32:26.000Z,V2910369,7101,45.54232,9.04904,28501.5,6.3,9.4,70.5,-57.7,-1.0,-1.0,RS41-SG,404.900,7.8,-125,11,2.5,-1,-1
2025-12-12T00:32:27.000Z,V2910369,7102,45.54234,9.04915,28508.0,6.8,8.9,76.7,-57.7,-1.0,-1.0,RS41-SG,404.900,8.1,-125,11,2.5,-1,-1
2025-12-12T00:32:28.000Z,V2910369,7103,45.54236,9.04926,28514.0,5.7,8.7,81.0,-57.7,-1.0,-1.0,RS41-SG,404.900,8.1,-125,11,2.5,-1,-1
2025-12-12T00:32:29.000Z,V2910369,7104,45.54237,9.04937,28519.5,5.5,8.6,81.0,-57.7,-1.0,-1.0,RS41-SG,404.900,7.5,-125,11,2.6,-1,-1
2025-12-12T00:32:30.000Z,V2910369,7105,45.54238,9.04948,28525.2,6.2,9.1,75.1,-57.7,-1.0,-1.0,RS41-SG,404.900,7.0,-125,11,2.6,-1,-1
2025-12-12T00:32:31.000Z,V2910369,7106,45.54241,9.04960,28532.0,7.1,10.1,67.0,-57.6,-1.0,-1.0,RS41-SG,404.900,7.9,-125,11,2.6,-1,-1
2025-12-12T00:32:33.000Z,V2910369,7108,45.54250,9.04984,28543.9,5.0,11.6,59.0,-57.6,1.4,-1.0,RS41-SG,404.900,7.7,-125,11,2.5,-1,-1
2025-12-12T00:32:34.000Z,V2910369,7109,45.54256,9.04997,28549.5,6.4,11.7,59.9,-57.6,1.4,-1.0,RS41-SG,404.900,7.7,-125,11,2.5,-1,-1
2025-12-12T00:32:35.000Z,V2910369,7110,45.54260,9.05010,28556.4,7.7,11.1,67.5,-57.7,1.4,-1.0,RS41-SG,404.900,7.9,-125,11,2.5,-1,-1
2025-12-12T00:32:36.000Z,V2910369,7111,45.54263,9.05023,28563.0,5.9,10.7,74.5,-57.7,1.4,-1.0,RS41-SG,404.900,7.9,-125,11,2.6,-1,-1
2025-12-12T00:32:37.000Z,V2910369,7112,45.54265,9.05037,28568.5,5.5,10.7,81.9,-57.7,1.5,-1.0,RS41-SG,404.900,7.1,-125,11,2.6,-1,-1
2025-12-12T00:32:40.000Z,V2910369,7115,45.54268,9.05080,28587.3,5.4,12.2,84.0,-57.7,1.4,-1.0,RS41-SG,404.900,6.8,-125,11,2.5,-1,-1
2025-12-12T00:32:41.000Z,V2910369,7116,45.54269,9.05096,28593.0,6.0,12.7,84.7,-57.7,1.4,-1.0,RS41-SG,404.900,6.8,-125,11,2.5,-1,-1
2025-12-12T00:32:47.000Z,V2910369,7122,45.54275,9.05190,28632.5,5.7,12.3,74.5,-57.8,1.5,-1.0,RS41-SG,404.900,6.4,-125,11,2.5,-1,-1
2025-12-12T00:32:51.000Z,V2910369,7126,45.54283,9.05250,28657.9,5.9,11.9,88.8,-57.9,1.5,-1.0,RS41-SG,404.900,7.1,-125,11,2.6,-1,-1
2025-12-12T00:33:20.000Z,V2910369,7155,45.54312,9.05639,28838.6,5.5,10.2,56.1,-56.8,1.3,-1.0,RS41-SG,404.900,7.1,-125,12,2.5,-1,-1
2025-12-12T00:33:24.000Z,V2910369,7159,45.54324,9.05692,28863.4,5.1,12.3,82.9,-56.8,1.4,-1.0,RS41-SG,404.900,6.7,-125,12,2.6,-1,-1
2025-12-12T00:33:25.000Z,V2910369,7160,45.54325,9.05708,28868.6,5.5,13.3,81.3,-56.8,1.4,-1.0,RS41-SG,404.900,7.2,-125,12,2.6,-1,-1
2025-12-12T00:33:33.000Z,V2910369,7168,45.54365,9.05832,28918.0,6.7,11.0,66.7,-56.6,1.4,-1.0,RS41-SG,404.900,6.9,-125,12,2.5,-1,-1
2025-12-12T00:33:41.000Z,V2910369,7176,45.54400,9.05965,28968.2,6.6,16.9,66.4,-56.5,1.3,-1.0,RS41-SG,404.900,7.6,-125,12,2.5,-1,-1
2025-12-12T00:33:42.000Z,V2910369,7177,45.54407,9.05985,28974.5,6.1,18.1,61.9,-56.5,1.3,-1.0,RS41-SG,404.900,7.6,-125,12,2.6,-1,-1
2025-12-12T00:33:44.000Z,V2910369,7179,45.54424,9.06027,28985.6,4.9,19.5,58.1,-56.5,1.3,-1.0,RS41-SG,404.900,7.5,-125,12,2.5,-1,-1
2025-12-12T00:33:47.000Z,V2910369,7182,45.54445,9.06090,29005.0,7.2,16.7,75.7,-56.4,1.4,-1.0,RS41-SG,404.900,7.2,-125,12,2.6,-1,-1
2025-12-12T00:33:51.000Z,V2910369,7186,45.54451,9.06170,29027.9,7.4,15.7,84.1,-55.7,1.3,-1.0,RS41-SG,404.900,7.5,-125,12,2.5,-1,-1
2025-12-12T00:33:53.000Z,V2910369,7188,45.54456,9.06211,29040.2,4.9,16.8,74.0,-55.5,1.3,-1.0,RS41-SG,404.900,7.7,-125,12,2.6,-1,-1
2025-12-12T00:33:54.000Z,V2910369,7189,45.54461,9.06232,29045.7,6.0,17.6,72.1,-55.4,1.2,-1.0,RS41-SG,404.900,7.7,-125,12,2.5,-1,-1
2025-12-12T00:33:56.000Z,V2910369,7191,45.54470,9.06275,29058.9,6.2,18.2,75.2,-55.4,1.2,-1.0,RS41-SG,404.900,7.4,-125,12,2.5,-1,-1
2025-12-12T00:33:57.000Z,V2910369,7192,45.54474,9.06298,29065.0,6.0,18.5,76.9,-55.3,1.3,-1.0,RS41-SG,404.900,7.6,-125,12,2.5,-1,-1
2025-12-12T00:33:58.000Z,V2910369,7193,45.54478,9.06321,29071.1,6.5,18.8,77.9,-55.3,1.2,-1.0,RS41-SG,404.900,7.7,-125,12,2.6,-1,-1
2025-12-12T00:33:59.000Z,V2910369,7194,45.54481,9.06345,29077.9,7.3,19.2,77.7,-55.3,1.3,-1.0,RS41-SG,404.900,8.1,-125,12,2.6,-1,-1
2025-12-12T00:34:01.000Z,V2910369,7196,45.54488,9.06392,29091.0,6.4,18.4,81.3,-55.3,1.3,-1.0,RS41-SG,404.900,7.5,-125,12,2.5,-1,-1
2025-12-12T00:34:03.000Z,V2910369,7198,45.54489,9.06437,29104.6,6.0,17.4,93.2,-55.2,1.3,-1.0,RS41-SG,404.900,6.4,-125,12,2.5,-1,-1
2025-12-12T00:34:08.000Z,V2910369,7203,45.54483,9.06550,29134.8,5.3,19.3,86.3,-55.1,1.3,-1.0,RS41-SG,404.900,6.9,-125,12,2.6,-1,-1
2025-12-12T00:34:09.000Z,V2910369,7204,45.54485,9.06575,29140.3,5.5,20.2,84.3,-55.1,1.3,-1.0,RS41-SG,404.900,7.6,-125,12,2.5,-1,-1
2025-12-12T00:34:10.000Z,V2910369,7205,45.54486,9.06601,29146.2,5.9,20.8,85.0,-55.1,1.3,-1.0,RS41-SG,404.900,7.6,-125,12,2.5,-1,-1
2025-12-12T00:34:11.000Z,V2910369,7206,45.54487,9.06627,29152.4,6.7,21.3,87.6,-55.1,1.3,-1.0,RS41-SG,404.900,7.9,-125,12,2.5,-1,-1
2025-12-12T00:34:12.000Z,V2910369,7207,45.54488,9.06655,29158.9,6.6,21.3,90.1,-55.2,1.3,-1.0,RS41-SG,404.900,7.9,-125,12,2.5,-1,-1
2025-12-12T00:34:15.000Z,V2910369,7210,45.54486,9.06733,29176.5,6.1,19.1,92.0,-55.4,1.3,-1.0,RS41-SG,404.900,8.0,-125,12,2.5,-1,-1
2025-12-12T00:34:17.000Z,V2910369,7212,45.54486,9.06778,29188.4,5.7,15.9,89.1,-55.5,1.3,-1.0,RS41-SG,404.900,8.2,-125,12,2.5,-1,-1
2025-12-12T00:34:19.000Z,V2910369,7214,45.54485,9.06815,29199.4,5.8,13.5,96.5,-55.5,1.3,-1.0,RS41-SG,404.900,7.6,-125,12,2.6,-1,-1
2025-12-12T00:34:20.000Z,V2910369,7215,45.54483,9.06832,29205.5,6.4,14.1,103.1,-55.5,1.4,-1.0,RS41-SG,404.900,7.6,-125,12,2.6,-1,-1
2025-12-12T00:34:21.000Z,V2910369,7216,45.54479,9.06850,29211.9,6.0,15.8,107.6,-55.6,1.4,-1.0,RS41-SG,404.900,7.6,-125,12,2.6,-1,-1
2025-12-12T00:34:24.000Z,V2910369,7219,45.54466,9.06920,29228.1,5.5,21.4,99.8,-55.6,1.4,-1.0,RS41-SG,404.900,7.8,-125,12,2.5,-1,-1
2025-12-12T00:34:25.000Z,V2910369,7220,45.54463,9.06947,29233.9,6.3,22.2,94.0,-55.6,1.3,-1.0,RS41-SG,404.900,7.8,-125,12,2.5,-1,-1
2025-12-12T00:34:27.000Z,V2910369,7222,45.54463,9.07002,29244.7,5.2,20.6,88.5,-55.6,1.4,-1.0,RS41-SG,404.900,7.2,-125,12,2.6,-1,-1
2025-12-12T00:34:28.000Z,V2910369,7223,45.54463,9.07027,29250.6,6.5,18.6,89.6,-55.7,1.4,-1.0,RS41-SG,404.900,7.7,-125,12,2.5,-1,-1
2025-12-12T00:34:29.000Z,V2910369,7224,45.54463,9.07050,29257.5,7.0,16.5,95.4,-55.7,1.3,-1.0,RS41-SG,404.900,8.1,-125,12,2.5,-1,-1
2025-12-12T00:34:30.000Z,V2910369,7225,45.54460,9.07070,29263.7,5.3,15.3,102.0,-55.7,1.4,-1.0,RS41-SG,404.900,8.4,-125,12,2.5,-1,-1
2025-12-12T00:34:31.000Z,V2910369,7226,45.54457,9.07088,29268.5,4.3,14.4,109.6,-55.7,1.3,-1.0,RS41-SG,404.900,8.4,-125,12,2.5,-1,-1
2025-12-12T00:34:35.000Z,V2910369,7230,45.54439,9.07154,29292.6,6.7,14.9,104.6,-55.6,1.3,-1.0,RS41-SG,404.900,7.9,-125,12,2.5,-1,-1
2025-12-12T00:34:36.000Z,V2910369,7231,45.54436,9.07173,29298.6,4.8,16.5,101.4,-55.6,1.3,-1.0,RS41-SG,404.900,7.9,-125,12,2.5,-1,-1
2025-12-12T00:34:37.000Z,V2910369,7232,45.54433,9.07195,29303.2,4.3,18.4,99.6,-55.7,1.4,-1.0,RS41-SG,404.900,7.7,-125,12,2.5,-1,-1
2025-12-12T00:34:38.000Z,V2910369,7233,45.54430,9.07220,29307.6,5.1,20.7,100.7,-55.7,1.4,-1.0,RS41-SG,404.900,7.7,-125,12,2.5,-1,-1
2025-12-12T00:34:39.000Z,V2910369,7234,45.54426,9.07247,29312.9,5.9,22.3,103.4,-55.7,1.3,-1.0,RS41-SG,404.900,7.5,-125,12,2.6,-1,-1
2025-12-12T00:34:40.000Z,V2910369,7235,45.54421,9.07274,29318.7,5.8,22.9,106.8,-55.7,1.4,-1.0,RS41-SG,404.900,8.3,-125,12,2.6,-1,-1
2025-12-12T00:34:44.000Z,V2910369,7239,45.54398,9.07367,29343.7,5.1,14.2,107.1,-55.9,1.4,-1.0,RS41-SG,404.900,7.5,-125,12,2.5,-1,-1
2025-12-12T00:34:45.000Z,V2910369,7240,45.54395,9.07383,29348.1,3.9,12.1,104.8,-55.9,1.4,-1.0,RS41-SG,404.900,7.9,-125,12,2.6,-1,-1
2025-12-12T00:34:46.000Z,V2910369,7241,45.54392,9.07397,29352.6,5.0,10.7,102.3,-56.0,1.4,-1.0,RS41-SG,404.900,7.9,-125,12,2.6,-1,-1
2025-12-12T00:34:47.000Z,V2910369,7242,45.54390,9.07410,29358.4,6.4,10.4,103.9,-56.0,1.4,-1.0,RS41-SG,404.900,7.9,-125,12,2.6,-1,-1
2025-12-12T00:34:49.000Z,V2910369,7244,45.54384,9.07438,29370.7,5.3,12.9,108.1,-55.9,1.3,-1.0,RS41-SG,404.900,7.9,-125,12,2.5,-1,-1
2025-12-12T00:34:50.000Z,V2910369,7245,45.54381,9.07455,29376.2,5.8,14.5,105.8,-55.9,1.4,-1.0,RS41-SG,404.900,7.9,-125,12,2.5,-1,-1
2025-12-12T00:34:51.000Z,V2910369,7246,45.54377,9.07474,29382.4,6.8,16.0,101.7,-55.9,1.3,-1.0,RS41-SG,404.900,7.6,-125,12,2.5,-1,-1
2025-12-12T00:34:53.000Z,V2910369,7248,45.54373,9.07517,29394.3,5.2,18.0,96.6,-55.8,1.3,-1.0,RS41-SG,404.900,7.7,-125,12,2.6,-1,-1
2025-12-12T00:34:54.000Z,V2910369,7249,45.54371,9.07540,29399.4,5.2,18.4,97.3,-55.7,1.3,-1.0,RS41-SG,404.900,7.7,-125,12,2.5,-1,-1
2025-12-12T00:34:55.000Z,V2910369,7250,45.54368,9.07563,29405.1,6.2,18.2,100.3,-55.6,1.3,-1.0,RS41-SG,404.900,7.7,-125,12,2.5,-1,-1
2025-12-12T00:34:57.000Z,V2910369,7252,45.54361,9.07606,29418.4,6.3,16.2,107.7,-55.6,1.3,-1.0,RS41-SG,404.900,6.9,-125,12,2.5,-1,-1
2025-12-12T00:34:58.000Z,V2910369,7253,45.54357,9.07624,29424.3,5.6,14.3,108.7,-55.6,1.4,-1.0,RS41-SG,404.900,8.0,-125,12,2.6,-1,-1
2025-12-12T00:35:02.000Z,V2910369,7257,45.54353,9.07673,29446.9,3.9,8.3,69.1,-55.5,1.3,-1.0,RS41-SG,404.900,7.7,-125,12,2.5,-1,-1
2025-12-12T00:35:09.000Z,V2910369,7264,45.54364,9.07787,29489.6,7.0,14.9,89.2,-55.3,1.3,-1.0,RS41-SG,404.900,7.2,-125,12,2.5,-1,-1
2025-12-12T00:35:11.000Z,V2910369,7266,45.54365,9.07822,29501.6,5.4,12.1,87.3,-55.3,1.3,-1.0,RS41-SG,404.900,7.1,-125,12,2.6,-1,-1
2025-12-12T00:35:17.000Z,V2910369,7272,45.54369,9.07896,29538.4,7.0,11.6,68.9,-55.3,1.3,-1.0,RS41-SG,404.900,7.0,-125,12,2.5,-1,-1
2025-12-12T00:35:20.000Z,V2910369,7275,45.54384,9.07946,29555.5,5.8,16.7,70.3,-55.0,1.2,-1.0,RS41-SG,404.900,7.1,-125,12,2.5,-1,-1
2025-12-12T00:35:22.000Z,V2910369,7277,45.54391,9.07990,29568.3,5.5,18.2,85.9,-54.8,1.3,-1.0,RS41,404.900,6.6,-125,12,2.5,-1,-1
2025-12-12T00:35:24.000Z,V2910369,7279,45.54390,9.08035,29579.1,5.9,17.2,96.5,-54.7,1.3,-1.0,RS41,404.900,6.9,-125,12,2.6,-1,-1
2025-12-12T00:35:28.000Z,V2910369,7283,45.54388,9.08110,29601.6,5.2,13.3,82.1,-54.8,1.2,-1.0,RS41,404.900,7.0,-125,12,2.5,-1,-1
2025-12-12T00:35:34.000Z,V2910369,7289,45.54408,9.08230,29638.4,6.0,17.3,74.5,-54.5,1.2,-1.0,RS41,404.900,7.9,-125,12,2.5,-1,-1
2025-12-12T00:35:36.000Z,V2910369,7291,45.54414,9.08271,29650.3,6.4,16.1,82.9,-54.3,1.2,-1.0,RS41,404.900,6.9,-125,12,2.6,-1,-1
2025-12-12T00:35:37.000Z,V2910369,7292,45.54415,9.08292,29656.7,6.3,16.1,91.7,-54.2,1.2,-1.0,RS41,404.900,6.9,-125,11,2.6,-1,-1
2025-12-12T00:35:38.000Z,V2910369,7293,45.54413,9.08313,29662.7,5.6,16.5,99.4,-54.0,1.2,-1.0,RS41,404.900,7.1,-125,12,2.5,-1,-1
2025-12-12T00:35:39.000Z,V2910369,7294,45.54410,9.08333,29667.9,4.4,16.8,104.3,-53.9,1.2,-1.0,RS41,404.900,7.8,-125,12,2.5,-1,-1
2025-12-12T00:35:41.000Z,V2910369,7296,45.54403,9.08373,29679.0,6.9,15.3,102.8,-53.8,1.2,-1.0,RS41,404.900,7.5,-125,12,2.5,-1,-1
2025-12-12T00:35:44.000Z,V2910369,7299,45.54400,9.08426,29696.8,5.2,13.2,84.5,-53.8,1.2,-1.0,RS41,404.900,8.1,-125,12,2.6,-1,-1
2025-12-12T00:35:45.000Z,V2910369,7300,45.54401,9.08443,29702.8,6.5,14.0,81.7,-53.8,1.2,-1.0,RS41,404.900,7.8,-125,12,2.5,-1,-1
2025-12-12T00:35:46.000Z,V2910369,7301,45.54403,9.08461,29709.4,6.6,14.9,83.3,-53.8,1.2,-1.0,RS41,404.900,8.1,-125,12,2.5,-1,-1
2025-12-12T00:35:48.000Z,V2910369,7303,45.54405,9.08501,29720.0,5.0,16.2,89.5,-53.9,1.2,-1.0,RS41,404.900,7.8,-125,12,2.5,-1,-1
2025-12-12T00:35:49.000Z,V2910369,7304,45.54404,9.08522,29725.5,6.1,16.0,92.0,-53.9,1.2,-1.0,RS41,404.900,7.8,-125,12,2.6,-1,-1
2025-12-12T00:35:51.000Z,V2910369,7306,45.54402,9.08560,29738.7,6.2,14.4,96.5,-54.0,1.2,-1.0,RS41,404.900,7.2,-125,12,2.5,-1,-1
2025-12-12T00:35:52.000Z,V2910369,7307,45.54401,9.08578,29744.8,5.8,14.0,99.0,-54.0,1.2,-1.0,RS41,404.900,7.9,-125,12,2.5,-1,-1
2025-12-12T00:35:53.000Z,V2910369,7308,45.54398,9.08596,29751.2,6.9,14.2,103.4,-54.1,1.2,-1.0,RS41,404.900,7.9,-125,12,2.5,-1,-1
2025-12-12T00:35:54.000Z,V2910369,7309,45.54395,9.08614,29758.1,7.0,14.8,106.6,-54.1,1.2,-1.0,RS41,404.900,7.6,-125,11,2.5,-1,-1
2025-12-12T00:35:55.000Z,V2910369,7310,45.54391,9.08632,29764.1,5.2,15.4,109.2,-54.1,1.2,-1.0,RS41,404.900,8.0,-125,12,2.6,-1,-1
2025-12-12T00:35:56.000Z,V2910369,7311,45.54386,9.08650,29769.2,4.8,15.4,110.7,-54.1,1.3,-1.0,RS41,404.900,8.0,-125,12,2.6,-1,-1
2025-12-12T00:35:57.000Z,V2910369,7312,45.54381,9.08668,29774.7,6.0,14.5,110.6,-54.2,1.3,-1.0,RS41,404.900,7.7,-125,12,2.6,-1,-1
2025-12-12T00:35:59.000Z,V2910369,7314,45.54373,9.08700,29786.9,5.6,12.0,108.7,-54.2,1.3,-1.0,RS41,404.900,8.1,-125,12,2.5,-1,-1
2025-12-12T00:36:02.000Z,V2910369,7317,45.54363,9.08743,29805.5,7.3,13.3,108.1,-54.2,1.3,-1.0,RS41,404.900,7.4,-125,11,2.6,-1,-1
2025-12-12T00:36:04.000Z,V2910369,7319,45.54355,9.08779,29816.9,4.8,15.6,106.3,-54.2,1.3,-1.0,RS41,404.900,7.0,-125,12,2.5,-1,-1
2025-12-12T00:36:05.000Z,V2910369,7320,45.54351,9.08798,29822.6,6.2,15.9,106.6,-54.2,1.3,-1.0,RS41,404.900,7.0,-125,12,2.5,-1,-1
2025-12-12T00:36:08.000Z,V2910369,7323,45.54341,9.08852,29842.0,5.7,13.6,106.7,-54.3,1.3,-1.0,RS41,404.900,7.0,-125,12,2.6,-1,-1
2025-12-12T00:36:12.000Z,V2910369,7327,45.54322,9.08915,29867.8,6.6,12.9,122.1,-54.4,1.3,-1.0,RS41,404.900,7.1,-125,12,2.5,-1,-1
2025-12-12T00:36:19.000Z,V2910369,7334,45.54278,9.08994,29910.4,6.1,14.3,123.1,-54.2,1.3,-1.0,RS41,404.900,7.3,-125,12,2.5,-1,-1
2025-12-12T00:36:26.000Z,V2910369,7341,45.54240,9.09092,29952.6,7.0,9.5,124.4,-54.0,1.2,-1.0,RS41,404.900,7.4,-125,12,2.6,-1,-1
2025-12-12T00:36:27.000Z,V2910369,7342,45.54235,9.09102,29959.3,6.6,10.2,129.8,-54.0,1.2,-1.0,RS41,404.900,7.4,-125,12,2.5,-1,-1
2025-12-12T00:36:28.000Z,V2910369,7343,45.54228,9.09112,29965.2,4.8,11.1,132.8,-54.0,1.2,-1.0,RS41,404.900,7.7,-125,12,2.5,-1,-1
2025-12-12T00:36:29.000Z,V2910369,7344,45.54221,9.09123,29970.5,5.7,11.8,134.9,-54.0,1.2,-1.0,RS41,404.900,7.7,-125,12,2.5,-1,-1
2025-12-12T00:36:30.000Z,V2910369,7345,45.54214,9.09133,29976.9,6.9,11.9,135.7,-54.0,1.2,-1.0,RS41,404.900,7.7,-125,12,2.5,-1,-1
2025-12-12T00:36:32.000Z,V2910369,7347,45.54199,9.09154,29990.1,6.3,11.6,135.2,-54.0,1.2,-1.0,RS41,404.900,7.3,-125,12,2.6,-1,-1
2025-12-12T00:36:33.000Z,V2910369,7348,45.54191,9.09165,29996.6,6.4,12.2,134.5,-54.0,1.3,-1.0,RS41,404.900,7.7,-125,11,2.6,-1,-1
2025-12-12T00:36:42.000Z,V2910369,7357,45.54122,9.09285,30052.5,7.0,11.0,131.5,-53.6,1.2,-1.0,RS41,404.900,7.1,-125,11,2.5,-1,-1
2025-12-12T00:36:46.000Z,V2910369,7361,45.54089,9.09332,30077.5,6.6,14.7,136.4,-53.5,1.2,-1.0,RS41,404.900,7.8,-125,12,2.5,-1,-1
2025-12-12T00:36:47.000Z,V2910369,7362,45.54079,9.09345,30084.3,7.0,14.4,135.0,-53.5,1.2,-1.0,RS41,404.900,7.7,-125,12,2.5,-1,-1
2025-12-12T00:37:01.000Z,V2910369,7376,45.53972,9.09539,30169.9,5.0,14.4,133.6,-53.9,1.2,-1.0,RS41,404.900,7.4,-125,12,2.6,-1,-1
2025-12-12T00:37:04.000Z,V2910369,7379,45.53946,9.09579,30187.7,6.4,13.7,131.3,-54.0,1.3,-1.0,RS41-SG,404.900,8.0,-125,12,2.5,-1,-1
2025-12-12T00:37:05.000Z,V2910369,7380,45.53938,9.09592,30193.8,5.4,12.6,131.9,-54.0,1.3,-1.0,RS41-SG,404.900,8.0,-125,12,2.5,-1,-1
2025-12-12T00:37:07.000Z,V2910369,7382,45.53922,9.09614,30204.9,6.4,12.2,138.8,-54.1,1.3,-1.0,RS41-SG,404.900,7.6,-125,12,2.6,-1,-1
2025-12-12T00:37:08.000Z,V2910369,7383,45.53914,9.09624,30211.7,7.2,12.9,142.6,-54.2,1.3,-1.0,RS41-SG,404.900,7.6,-125,12,2.6,-1,-1
2025-12-12T00:37:09.000Z,V2910369,7384,45.53904,9.09634,30218.0,5.2,13.8,142.4,-54.2,1.3,-1.0,RS41-SG,404.900,7.6,-125,12,2.6,-1,-1
2025-12-12T00:37:10.000Z,V2910369,7385,45.53894,9.09645,30223.3,5.3,14.1,142.6,-54.2,1.3,-1.0,RS41-SG,404.900,7.8,-125,12,2.5,-1,-1
2025-12-12T00:37:12.000Z,V2910369,7387,45.53876,9.09667,30236.3,7.2,12.4,135.3,-54.3,1.3,-1.0,RS41-SG,404.900,7.4,-125,12,2.5,-1,-1
2025-12-12T00:37:13.000Z,V2910369,7388,45.53869,9.09678,30242.9,5.9,11.5,131.3,-54.4,1.3,-1.0,RS41-SG,404.900,8.0,-125,11,2.5,-1,-1
2025-12-12T00:37:14.000Z,V2910369,7389,45.53862,9.09690,30248.5,5.7,11.1,127.7,-54.4,1.3,-1.0,RS41-SG,404.900,8.0,-125,12,2.6,-1,-1
2025-12-12T00:37:15.000Z,V2910369,7390,45.53856,9.09701,30254.7,6.9,11.5,126.0,-54.5,1.3,-1.0,RS41-SG,404.900,7.7,-125,12,2.6,-1,-1
2025-12-12T00:37:16.000Z,V2910369,7391,45.53850,9.09713,30261.9,7.5,12.7,128.8,-54.5,1.3,-1.0,RS41-SG,404.900,8.0,-125,12,2.5,-1,-1
2025-12-12T00:37:17.000Z,V2910369,7392,45.53842,9.09726,30268.6,5.4,13.7,130.5,-54.6,1.3,-1.0,RS41-SG,404.900,8.0,-125,12,2.5,-1,-1
2025-12-12T00:37:18.000Z,V2910369,7393,45.53834,9.09740,30274.1,5.4,14.3,133.0,-54.7,1.3,-1.0,RS41-SG,404.900,7.4,-125,12,2.5,-1,-1
2025-12-12T00:37:19.000Z,V2910369,7394,45.53825,9.09753,30280.1,6.4,14.2,135.2,-54.7,1.3,-1.0,RS41-SG,404.900,7.3,-125,12,2.6,-1,-1
2025-12-12T00:37:21.000Z,V2910369,7396,45.53808,9.09776,30294.2,6.1,12.1,135.9,-54.8,1.3,-1.0,RS41-SG,404.900,7.4,-125,12,2.5,-1,-1
2025-12-12T00:37:23.000Z,V2910369,7398,45.53793,9.09796,30305.4,6.0,11.3,138.7,-54.9,1.3,-1.0,RS41-SG,404.900,7.7,-125,12,2.5,-1,-1
2025-12-12T00:37:25.000Z,V2910369,7400,45.53776,9.09816,30318.9,6.9,13.2,141.0,-54.9,1.4,-1.0,RS41-SG,404.900,8.4,-125,12,2.6,-1,-1
2025-12-12T00:37:26.000Z,V2910369,7401,45.53767,9.09827,30325.2,5.6,14.0,140.1,-55.0,1.3,-1.0,RS41-SG,404.900,8.4,-125,12,2.5,-1,-1
2025-12-12T00:37:27.000Z,V2910369,7402,45.53757,9.09839,30331.0,5.6,14.5,136.4,-55.0,1.4,-1.0,RS41-SG,404.900,7.8,-125,11,2.5,-1,-1
2025-12-12T00:37:30.000Z,V2910369,7405,45.53735,9.09881,30350.1,5.7,13.0,116.9,-55.2,1.4,-1.0,RS41-SG,404.900,8.5,-125,12,2.6,-1,-1
2025-12-12T00:37:31.000Z,V2910369,7406,45.53730,9.09896,30355.5,4.9,12.7,114.1,-55.3,1.4,-1.0,RS41-SG,404.900,8.5,-125,12,2.6,-1,-1
2025-12-12T00:37:32.000Z,V2910369,7407,45.53726,9.09911,30361.1,6.4,13.1,113.9,-55.3,1.4,-1.0,RS41-SG,404.900,8.6,-125,12,2.6,-1,-1
2025-12-12T00:37:38.000Z,V2910369,7413,45.53679,9.09995,30400.4,5.3,12.1,137.4,-55.4,1.3,-1.0,RS41-SG,404.900,8.4,-125,12,2.6,-1,-1
2025-12-12T00:37:39.000Z,V2910369,7414,45.53672,9.10004,30405.7,5.2,11.2,140.6,-55.4,1.4,-1.0,RS41-SG,404.900,8.4,-125,12,2.5,-1,-1
2025-12-12T00:37:40.000Z,V2910369,7415,45.53664,9.10013,30411.7,6.4,10.9,142.3,-55.4,1.3,-1.0,RS41-SG,404.900,8.7,-125,12,2.5,-1,-1
2025-12-12T00:37:41.000Z,V2910369,7416,45.53656,9.10022,30418.3,6.9,11.1,140.6,-55.3,1.3,-1.0,RS41-SG,404.900,8.7,-125,12,2.5,-1,-1
2025-12-12T00:37:42.000Z,V2910369,7417,45.53648,9.10031,30424.8,6.0,11.2,138.7,-55.2,1.3,-1.0,RS41-SG,404.900,8.0,-125,12,2.6,-1,-1
2025-12-12T00:37:43.000Z,V2910369,7418,45.53641,9.10041,30430.8,6.3,10.9,133.9,-55.1,1.3,-1.0,RS41-SG,404.900,8.1,-125,12,2.6,-1,-1
2025-12-12T00:37:44.000Z,V2910369,7419,45.53635,9.10051,30437.6,6.9,10.1,125.5,-55.0,1.3,-1.0,RS41-SG,404.900,8.1,-125,12,2.5,-1,-1
2025-12-12T00:37:45.000Z,V2910369,7420,45.53631,9.10061,30444.3,6.5,9.3,116.8,-54.9,1.3,-1.0,RS41-SG,404.900,8.6,-125,12,2.5,-1,-1
2025-12-12T00:37:46.000Z,V2910369,7421,45.53627,9.10072,30450.3,5.3,9.1,110.9,-54.9,1.3,-1.0,RS41-SG,404.900,8.6,-125,12,2.5,-1,-1
2025-12-12T00:37:47.000Z,V2910369,7422,45.53625,9.10083,30455.9,6.1,9.3,108.6,-54.9,1.3,-1.0,RS41-SG,404.900,7.9,-125,12,2.6,-1,-1
2025-12-12T00:37:48.000Z,V2910369,7423,45.53621,9.10095,30462.6,7.5,10.4,113.6,-54.9,1.2,-1.0,RS41-SG,404.900,9.4,-125,12,2.6,-1,-1
2025-12-12T00:37:49.000Z,V2910369,7424,45.53617,9.10107,30470.1,7.1,11.5,120.4,-54.9,1.2,-1.0,RS41-SG,404.900,9.4,-125,12,2.5,-1,-1
2025-12-12T00:37:50.000Z,V2910369,7425,45.53611,9.10120,30476.0,4.9,12.5,126.7,-54.9,1.3,-1.0,RS41-SG,404.900,9.1,-125,12,2.5,-1,-1
2025-12-12T00:37:51.000Z,V2910369,7426,45.53603,9.10133,30480.9,4.7,13.2,132.0,-54.9,1.3,-1.0,RS41-SG,404.900,9.1,-125,12,2.5,-1,-1
2025-12-12T00:37:52.000Z,V2910369,7427,45.53595,9.10145,30486.4,6.5,13.0,136.7,-54.9,1.3,-1.0,RS41-SG,404.900,8.4,-125,12,2.5,-1,-1
2025-12-12T00:37:53.000Z,V2910369,7428,45.53587,9.10155,30493.2,7.1,12.0,140.0,-54.9,1.3,-1.0,RS41-SG,404.900,8.7,-125,12,2.6,-1,-1
2025-12-12T00:37:54.000Z,V2910369,7429,45.53579,9.10164,30499.7,5.8,11.0,141.6,-54.9,1.3,-1.0,RS41-SG,404.900,8.7,-125,12,2.6,-1,-1
2025-12-12T00:37:55.000Z,V2910369,7430,45.53571,9.10173,30505.4,5.7,10.3,143.5,-55.0,1.3,-1.0,RS41-SG,404.900,9.1,-125,12,2.6,-1,-1
2025-12-12T00:37:56.000Z,V2910369,7431,45.53564,9.10180,30511.6,6.7,10.1,143.7,-55.0,1.3,-1.0,RS41-SG,404.900,9.1,-125,12,2.5,-1,-1
2025-12-12T00:37:58.000Z,V2910369,7433,45.53549,9.10197,30524.5,5.3,11.3,141.2,-55.0,1.3,-1.0,RS41-SG,404.900,7.7,-125,12,2.5,-1,-1
2025-12-12T00:38:00.000Z,V2910369,7435,45.53534,9.10217,30535.8,6.7,11.3,130.2,-55.1,1.3,-1.0,RS41-SG,404.900,8.9,-125,12,2.6,-1,-1
2025-12-12T00:38:02.000Z,V2910369,7437,45.53523,9.10240,30548.2,4.8,10.5,119.0,-55.2,1.3,-1.0,RS41-SG,404.900,7.0,-125,12,2.5,-1,-1
2025-12-12T00:38:03.000Z,V2910369,7438,45.53518,9.10252,30553.6,5.6,10.9,118.5,-55.2,1.3,-1.0,RS41-SG,404.900,8.6,-125,12,2.5,-1,-1
2025-12-12T00:38:04.000Z,V2910369,7439,45.53513,9.10264,30560.0,7.0,11.8,124.6,-55.3,1.3,-1.0,RS41-SG,404.900,8.9,-125,12,2.5,-1,-1
2025-12-12T00:38:05.000Z,V2910369,7440,45.53506,9.10276,30566.8,6.6,12.9,131.7,-55.4,1.3,-1.0,RS41-SG,404.900,9.8,-125,12,2.6,-1,-1
2025-12-12T00:38:06.000Z,V2910369,7441,45.53498,9.10288,30572.6,5.1,13.7,137.0,-55.4,1.3,-1.0,RS41-SG,404.900,9.8,-125,12,2.6,-1,-1
2025-12-12T00:38:08.000Z,V2910369,7443,45.53479,9.10309,30584.6,6.7,13.0,148.3,-55.5,1.4,-1.0,RS41-SG,404.900,8.3,-125,12,2.5,-1,-1
2025-12-12T00:38:09.000Z,V2910369,7444,45.53469,9.10317,30591.1,5.8,11.8,151.5,-55.6,1.4,-1.0,RS41-SG,404.900,8.2,-125,11,2.5,-1,-1
2025-12-12T00:38:10.000Z,V2910369,7445,45.53460,9.10324,30596.4,5.1,10.7,153.2,-55.6,1.4,-1.0,RS41-SG,404.900,8.3,-125,12,2.6,-1,-1
2025-12-12T00:38:11.000Z,V2910369,7446,45.53452,9.10330,30601.8,5.7,10.2,152.2,-55.7,1.4,-1.0,RS41-SG,404.900,8.3,-125,12,2.6,-1,-1
2025-12-12T00:38:12.000Z,V2910369,7447,45.53444,9.10336,30608.1,6.8,10.4,148.6,-55.7,1.3,-1.0,RS41-SG,404.900,8.3,-125,12,2.5,-1,-1
2025-12-12T00:38:13.000Z,V2910369,7448,45.53436,9.10344,30614.8,6.5,11.2,144.1,-55.7,1.4,-1.0,RS41-SG,404.900,9.0,-125,12,2.5,-1,-1
2025-12-12T00:38:14.000Z,V2910369,7449,45.53428,9.10353,30620.7,5.3,11.8,140.0,-55.8,1.4,-1.0,RS41-SG,404.900,9.5,-125,12,2.5,-1,-1
2025-12-12T00:38:15.000Z,V2910369,7450,45.53420,9.10363,30626.1,5.6,11.6,135.0,-55.8,1.3,-1.0,RS41-SG,404.900,9.5,-125,12,2.5,-1,-1
2025-12-12T00:38:16.000Z,V2910369,7451,45.53413,9.10373,30631.9,6.2,11.0,131.2,-55.8,1.4,-1.0,RS41-SG,404.900,7.9,-125,12,2.6,-1,-1
2025-12-12T00:38:17.000Z,V2910369,7452,45.53407,9.10384,30638.2,6.4,9.8,128.1,-55.8,1.4,-1.0,RS41-SG,404.900,8.9,-125,12,2.6,-1,-1
2025-12-12T00:38:18.000Z,V2910369,7453,45.53402,9.10393,30644.6,6.0,8.6,126.9,-55.9,1.4,-1.0,RS41-SG,404.900,8.9,-125,12,2.6,-1,-1
2025-12-12T00:38:19.000Z,V2910369,7454,45.53397,9.10401,30650.2,4.6,8.1,130.8,-55.9,1.4,-1.0,RS41-SG,404.900,7.9,-125,12,2.5,-1,-1
2025-12-12T00:38:20.000Z,V2910369,7455,45.53392,9.10409,30655.1,5.0,8.2,136.5,-55.9,1.4,-1.0,RS41-SG,404.900,9.2,-125,12,2.5,-1,-1
2025-12-12T00:38:21.000Z,V2910369,7456,45.53386,9.10416,30660.6,5.9,9.4,144.3,-56.0,1.4,-1.0,RS41-SG,404.900,9.4,-125,12,2.5,-1,-1
2025-12-12T00:38:22.000Z,V2910369,7457,45.53379,9.10423,30666.5,6.2,11.3,147.9,-56.0,1.4,-1.0,RS41-SG,404.900,9.4,-125,12,2.5,-1,-1
2025-12-12T00:38:23.000Z,V2910369,7458,45.53370,9.10431,30672.0,5.1,12.6,148.4,-56.1,1.4,-1.0,RS41-SG,404.900,9.1,-125,12,2.6,-1,-1
2025-12-12T00:38:24.000Z,V2910369,7459,45.53360,9.10440,30677.0,5.2,13.2,146.7,-56.1,1.4,-1.0,RS41-SG,404.900,9.1,-125,12,2.6,-1,-1
2025-12-12T00:38:25.000Z,V2910369,7460,45.53350,9.10449,30682.9,6.4,12.6,143.2,-56.1,1.4,-1.0,RS41-SG,404.900,9.1,-125,12,2.5,-1,-1
2025-12-12T00:38:26.000Z,V2910369,7461,45.53342,9.10458,30689.8,7.1,10.6,138.6,-56.1,1.4,-1.0,RS41-SG,404.900,8.2,-125,12,2.5,-1,-1
2025-12-12T00:38:27.000Z,V2910369,7462,45.53336,9.10467,30696.3,5.5,8.8,133.8,-56.2,1.4,-1.0,RS41-SG,404.900,8.4,-125,12,2.5,-1,-1
2025-12-12T00:38:28.000Z,V2910369,7463,45.53331,9.10475,30701.1,4.1,7.3,127.2,-56.1,1.4,-1.0,RS41-SG,404.900,8.6,-125,12,2.6,-1,-1
2025-12-12T00:38:29.000Z,V2910369,7464,45.53328,9.10482,30705.4,4.7,6.3,120.1,-56.1,1.4,-1.0,RS41-SG,404.900,8.6,-125,12,2.6,-1,-1
2025-12-12T00:38:30.000Z,V2910369,7465,45.53325,9.10489,30711.0,6.5,6.4,121.8,-56.0,1.4,-1.0,RS41-SG,404.900,8.6,-125,12,2.5,-1,-1
2025-12-12T00:38:31.000Z,V2910369,7466,45.53322,9.10496,30717.5,6.4,6.9,128.4,-55.9,1.4,-1.0,RS41-SG,404.900,8.8,-125,12,2.5,-1,-1
2025-12-12T00:38:32.000Z,V2910369,7467,45.53317,9.10502,30723.5,5.2,7.5,137.6,-55.8,1.3,-1.0,RS41-SG,404.900,8.8,-125,12,2.5,-1,-1
2025-12-12T00:38:33.000Z,V2910369,7468,45.53312,9.10508,30728.6,5.2,8.1,146.3,-55.7,1.3,-1.0,RS41-SG,404.900,9.1,-125,12,2.6,-1,-1
2025-12-12T00:38:34.000Z,V2910369,7469,45.53305,9.10513,30734.3,6.2,8.3,155.2,-55.6,1.3,-1.0,RS41-SG,404.900,9.1,-125,12,2.6,-1,-1
2025-12-12T00:38:35.000Z,V2910369,7470,45.53299,9.10517,30740.8,6.4,8.0,159.7,-55.5,1.3,-1.0,RS41-SG,404.900,8.3,-125,12,2.5,-1,-1
2025-12-12T00:38:36.000Z,V2910369,7471,45.53292,9.10521,30746.6,4.9,7.9,161.2,-55.4,1.3,-1.0,RS41-SG,404.900,8.3,-125,12,2.5,-1,-1
2025-12-12T00:38:37.000Z,V2910369,7472,45.53285,9.10524,30751.7,5.4,8.1,156.9,-55.4,1.3,-1.0,RS41-SG,404.900,8.4,-125,12,2.5,-1,-1
2025-12-12T00:38:38.000Z,V2910369,7473,45.53278,9.10529,30757.3,6.1,8.9,149.6,-55.4,1.3,-1.0,RS41-SG,404.900,8.4,-125,12,2.6,-1,-1
2025-12-12T00:38:40.000Z,V2910369,7475,45.53265,9.10546,30769.0,5.4,11.2,131.1,-55.4,1.2,-1.0,RS41-SG,404.900,7.9,-125,12,2.5,-1,-1
2025-12-12T00:38:41.000Z,V2910369,7476,45.53259,9.10558,30774.3,5.1,11.8,121.1,-55.4,1.3,-1.0,RS41-SG,404.900,8.4,-125,12,2.5,-1,-1
2025-12-12T00:38:42.000Z,V2910369,7477,45.53254,9.10571,30779.6,5.3,12.1,110.1,-55.4,1.3,-1.0,RS41-SG,404.900,8.4,-125,12,2.5,-1,-1
2025-12-12T00:38:43.000Z,V2910369,7478,45.53252,9.10586,30785.2,5.9,11.7,96.4,-55.4,1.3,-1.0,RS41-SG,404.900,7.8,-125,12,2.5,-1,-1
2025-12-12T00:38:44.000Z,V2910369,7479,45.53252,9.10601,30790.9,5.6,11.3,86.0,-55.4,1.3,-1.0,RS41-SG,404.900,8.7,-125,12,2.6,-1,-1
2025-12-12T00:38:45.000Z,V2910369,7480,45.53253,9.10614,30796.0,4.7,10.3,79.3,-55.4,1.3,-1.0,RS41-SG,404.900,8.7,-125,11,2.6,-1,-1
2025-12-12T00:38:46.000Z,V2910369,7481,45.53254,9.10626,30800.8,4.7,9.1,79.6,-55.3,1.3,-1.0,RS41-SG,404.900,8.8,-125,12,2.6,-1,-1
2025-12-12T00:38:47.000Z,V2910369,7482,45.53255,9.10637,30806.0,5.5,8.1,90.0,-55.2,1.2,-1.0,RS41-SG,404.900,8.8,-125,12,2.5,-1,-1
2025-12-12T00:38:48.000Z,V2910369,7483,45.53254,9.10647,30811.9,5.8,8.0,106.2,-55.1,1.2,-1.0,RS41-SG,404.900,8.7,-125,12,2.5,-1,-1
2025-12-12T00:38:49.000Z,V2910369,7484,45.53251,9.10657,30817.1,5.0,9.2,119.8,-55.1,1.3,-1.0,RS41-SG,404.900,8.7,-125,12,2.5,-1,-1
2025-12-12T00:38:50.000Z,V2910369,7485,45.53246,9.10668,30821.7,4.2,10.6,126.5,-55.0,1.2,-1.0,RS41-SG,404.900,8.4,-125,12,2.5,-1,-1
2025-12-12T00:38:51.000Z,V2910369,7486,45.53240,9.10679,30826.1,4.8,11.9,127.2,-54.9,1.3,-1.0,RS41-SG,404.900,8.4,-125,12,2.6,-1,-1
2025-12-12T00:38:52.000Z,V2910369,7487,45.53234,9.10692,30831.4,5.7,12.6,122.3,-54.8,1.2,-1.0,RS41-SG,404.900,8.4,-125,11,2.6,-1,-1
2025-12-12T00:38:53.000Z,V2910369,7488,45.53229,9.10706,30837.5,6.5,12.6,113.6,-54.7,1.2,-1.0,RS41-SG,404.900,8.3,-125,12,2.5,-1,-1
2025-12-12T00:38:54.000Z,V2910369,7489,45.53225,9.10721,30844.0,6.4,12.3,102.8,-54.6,1.2,-1.0,RS41-SG,404.900,8.4,-125,12,2.5,-1,-1
2025-12-12T00:38:55.000Z,V2910369,7490,45.53224,9.10736,30850.2,5.7,11.9,92.9,-54.4,1.2,-1.0,RS41-SG,404.900,8.7,-125,12,2.5,-1,-1
2025-12-12T00:38:56.000Z,V2910369,7491,45.53224,9.10751,30855.3,4.6,11.3,84.2,-54.4,1.2,-1.0,RS41-SG,404.900,9.1,-125,12,2.6,-1,-1
2025-12-12T00:38:57.000Z,V2910369,7492,45.53225,9.10764,30860.0,4.7,10.0,77.8,-54.3,1.2,-1.0,RS41-SG,404.900,9.1,-125,12,2.6,-1,-1
2025-12-12T00:38:58.000Z,V2910369,7493,45.53227,9.10776,30865.1,5.5,8.3,75.6,-54.2,1.2,-1.0,RS41-SG,404.900,9.3,-125,12,2.5,-1,-1
2025-12-12T00:38:59.000Z,V2910369,7494,45.53228,9.10785,30871.0,6.1,6.5,83.1,-54.2,1.2,-1.0,RS41-SG,404.900,9.3,-125,12,2.5,-1,-1
2025-12-12T00:39:00.000Z,V2910369,7495,45.53228,9.10793,30877.1,5.9,5.7,102.0,-54.1,1.2,-1.0,RS41-SG,404.900,9.3,-125,11,2.5,-1,-1
2025-12-12T00:39:01.000Z,V2910369,7496,45.53226,9.10800,30882.8,5.5,6.5,120.1,-54.0,1.1,-1.0,RS41-SG,404.900,9.3,-125,12,2.6,-1,-1
2025-12-12T00:39:02.000Z,V2910369,7497,45.53223,9.10808,30887.9,4.5,8.1,125.4,-53.9,1.2,-1.0,RS41-SG,404.900,8.9,-125,12,2.6,-1,-1
2025-12-12T00:39:04.000Z,V2910369,7499,45.53213,9.10829,30897.3,5.0,11.3,115.1,-53.8,1.2,-1.0,RS41-SG,404.900,8.7,-125,11,2.5,-1,-1
2025-12-12T00:39:05.000Z,V2910369,7500,45.53210,9.10843,30902.4,5.3,11.8,106.9,-53.7,1.1,-1.0,RS41-SG,404.900,9.6,-125,12,2.5,-1,-1
2025-12-12T00:39:06.000Z,V2910369,7501,45.53208,9.10857,30907.7,5.3,11.7,97.6,-53.6,1.2,-1.0,RS41-SG,404.900,9.6,-125,12,2.6,-1,-1
2025-12-12T00:39:07.000Z,V2910369,7502,45.53207,9.10872,30913.1,5.1,10.9,89.6,-53.6,1.2,-1.0,RS41-SG,404.900,9.4,-125,12,2.6,-1,-1
2025-12-12T00:39:08.000Z,V2910369,7503,45.53207,9.10884,30918.2,5.4,9.3,84.2,-53.5,1.1,-1.0,RS41-SG,404.900,9.4,-125,12,2.5,-1,-1
2025-12-12T00:39:09.000Z,V2910369,7504,45.53208,9.10895,30923.5,5.0,7.7,83.4,-53.5,1.1,-1.0,RS41-SG,404.900,9.3,-125,12,2.5,-1,-1
2025-12-12T00:39:10.000Z,V2910369,7505,45.53209,9.10904,30928.6,4.8,6.3,90.0,-53.5,1.1,-1.0,RS41-SG,404.900,9.3,-125,12,2.5,-1,-1
2025-12-12T00:39:11.000Z,V2910369,7506,45.53208,9.10912,30933.2,4.7,5.8,101.8,-53.5,1.2,-1.0,RS41-SG,404.900,8.5,-125,12,2.6,-1,-1
2025-12-12T00:39:12.000Z,V2910369,7507,45.53206,9.10919,30938.1,5.3,6.6,113.3,-53.5,1.1,-1.0,RS41-SG,404.900,7.9,-125,12,2.6,-1,-1
2025-12-12T00:39:16.000Z,V2910369,7511,45.53194,9.10964,30958.2,4.7,11.3,105.7,-53.5,1.2,-1.0,RS41-SG,404.900,8.3,-125,12,2.5,-1,-1
2025-12-12T00:39:19.000Z,V2910369,7514,45.53189,9.11001,30974.4,4.7,8.5,95.6,-53.4,1.1,-1.0,RS41-SG,404.900,7.2,-125,12,2.6,-1,-1
2025-12-12T00:39:21.000Z,V2910369,7516,45.53188,9.11022,30983.3,4.6,8.6,95.5,-53.2,1.2,-1.0,RS41-SG,404.900,8.3,-125,12,2.5,-1,-1
2025-12-12T00:39:22.000Z,V2910369,7517,45.53187,9.11034,30988.4,5.8,10.0,96.5,-53.2,1.1,-1.0,RS41-SG,404.900,8.3,-125,12,2.5,-1,-1
2025-12-12T00:39:23.000Z,V2910369,7518,45.53186,9.11048,30994.1,5.9,11.5,96.3,-53.1,1.1,-1.0,RS41-SG,404.900,8.1,-125,12,2.5,-1,-1
2025-12-12T00:39:24.000Z,V2910369,7519,45.53185,9.11063,30999.4,4.9,12.7,94.9,-53.0,1.1,-1.0,RS41-SG,404.900,8.1,-125,12,2.6,-1,-1
2025-12-12T00:39:25.000Z,V2910369,7520,45.53184,9.11079,31004.2,4.7,12.9,93.8,-52.9,1.1,-1.0,RS41-SG,404.900,8.1,-125,12,2.6,-1,-1
2025-12-12T00:39:26.000Z,V2910369,7521,45.53183,9.11095,31009.4,5.6,12.0,92.6,-52.8,1.1,-1.0,RS41-SG,404.900,8.1,-125,12,2.5,-1,-1
2025-12-12T00:39:27.000Z,V2910369,7522,45.53183,9.11109,31015.5,6.4,10.2,90.1,-52.8,1.1,-1.0,RS41-SG,404.900,8.5,-125,12,2.5,-1,-1
2025-12-12T00:39:28.000Z,V2910369,7523,45.53183,9.11121,31021.4,5.4,8.3,88.7,-52.7,1.1,-1.0,RS41-SG,404.900,9.1,-125,12,2.5,-1,-1
2025-12-12T00:39:29.000Z,V2910369,7524,45.53183,9.11130,31026.3,4.3,6.7,89.2,-52.5,1.1,-1.0,RS41-SG,404.900,9.1,-125,12,2.6,-1,-1
2025-12-12T00:39:30.000Z,V2910369,7525,45.53183,9.11138,31030.8,4.6,6.0,89.2,-52.4,1.1,-1.0,RS41-SG,404.900,8.5,-125,12,2.6,-1,-1
2025-12-12T00:39:31.000Z,V2910369,7526,45.53183,9.11146,31036.1,6.0,6.5,91.6,-52.3,1.1,-1.0,RS41-SG,404.900,8.4,-125,12,2.5,-1,-1
2025-12-12T00:39:32.000Z,V2910369,7527,45.53182,9.11155,31042.3,6.4,7.9,95.5,-52.2,1.1,-1.0,RS41-SG,404.900,8.4,-125,12,2.5,-1,-1
2025-12-12T00:39:33.000Z,V2910369,7528,45.53182,9.11166,31048.2,5.3,9.4,96.3,-52.2,1.1,-1.0,RS41-SG,404.900,8.8,-125,12,2.5,-1,-1
2025-12-12T00:39:34.000Z,V2910369,7529,45.53180,9.11179,31052.8,4.1,10.5,98.1,-52.2,1.1,-1.0,RS41-SG,404.900,8.9,-125,12,2.6,-1,-1
2025-12-12T00:39:35.000Z,V2910369,7530,45.53179,9.11192,31057.2,4.9,11.1,99.9,-52.2,1.1,-1.0,RS41-SG,404.900,8.9,-125,12,2.6,-1,-1
2025-12-12T00:39:36.000Z,V2910369,7531,45.53177,9.11206,31062.7,6.0,10.4,102.4,-52.2,1.1,-1.0,RS41-SG,404.900,8.0,-125,12,2.5,-1,-1
2025-12-12T00:39:37.000Z,V2910369,7532,45.53175,9.11218,31068.5,5.7,9.5,103.8,-52.2,1.1,-1.0,RS41-SG,404.900,8.7,-125,12,2.5,-1,-1
2025-12-12T00:39:38.000Z,V2910369,7533,45.53173,9.11229,31073.6,4.4,8.7,105.3,-52.2,1.1,-1.0,RS41-SG,404.900,8.7,-125,12,2.5,-1,-1
2025-12-12T00:39:39.000Z,V2910369,7534,45.53171,9.11240,31078.0,4.8,8.1,104.3,-52.2,1.1,-1.0,RS41-SG,404.900,8.9,-125,12,2.6,-1,-1
2025-12-12T00:39:40.000Z,V2910369,7535,45.53170,9.11250,31083.5,6.1,8.2,100.4,-52.2,1.1,-1.0,RS41-SG,404.900,9.4,-125,12,2.6,-1,-1
2025-12-12T00:39:41.000Z,V2910369,7536,45.53169,9.11260,31089.5,5.9,8.7,96.8,-52.2,1.1,-1.0,RS41-SG,404.900,9.4,-125,12,2.5,-1,-1
2025-12-12T00:39:42.000Z,V2910369,7537,45.53168,9.11272,31094.9,4.9,9.1,94.9,-52.1,1.1,-1.0,RS41-SG,404.900,8.5,-125,12,2.5,-1,-1
2025-12-12T00:39:43.000Z,V2910369,7538,45.53167,9.11283,31100.0,5.3,8.9,92.4,-52.1,1.1,-1.0,RS41-SG,404.900,8.6,-125,12,2.5,-1,-1
2025-12-12T00:39:44.000Z,V2910369,7539,45.53167,9.11294,31105.7,6.2,8.0,89.8,-52.2,1.1,-1.0,RS41-SG,404.900,9.0,-125,12,2.6,-1,-1
2025-12-12T00:39:45.000Z,V2910369,7540,45.53167,9.11303,31111.9,6.0,6.9,87.6,-52.2,1.1,-1.0,RS41-SG,404.900,9.0,-125,12,2.6,-1,-1
2025-12-12T00:39:46.000Z,V2910369,7541,45.53168,9.11312,31117.4,5.0,6.1,86.2,-52.2,1.1,-1.0,RS41-SG,404.900,8.8,-125,12,2.5,-1,-1
2025-12-12T00:39:47.000Z,V2910369,7542,45.53168,9.11319,31122.7,5.4,6.2,86.3,-52.2,1.1,-1.0,RS41-SG,404.900,9.0,-125,12,2.5,-1,-1
2025-12-12T00:39:48.000Z,V2910369,7543,45.53168,9.11328,31128.6,6.4,7.2,88.1,-52.2,1.1,-1.0,RS41-SG,404.900,9.0,-125,12,2.5,-1,-1
2025-12-12T00:39:49.000Z,V2910369,7544,45.53168,9.11338,31134.7,5.9,8.6,90.4,-52.3,1.1,-1.0,RS41-SG,404.900,8.8,-125,12,2.5,-1,-1
2025-12-12T00:39:50.000Z,V2910369,7545,45.53168,9.11350,31139.9,4.6,9.6,91.5,-52.3,1.1,-1.0,RS41-SG,404.900,9.3,-125,12,2.6,-1,-1
2025-12-12T00:39:51.000Z,V2910369,7546,45.53168,9.11362,31144.6,4.9,10.0,92.4,-52.3,1.1,-1.0,RS41-SG,404.900,9.3,-125,12,2.6,-1,-1
2025-12-12T00:39:52.000Z,V2910369,7547,45.53168,9.11374,31150.0,5.9,9.1,92.8,-52.3,1.2,-1.0,RS41-SG,404.900,9.7,-125,12,2.6,-1,-1
2025-12-12T00:39:53.000Z,V2910369,7548,45.53167,9.11385,31156.3,6.1,7.9,93.3,-52.3,1.1,-1.0,RS41-SG,404.900,9.7,-125,12,2.5,-1,-1
2025-12-12T00:39:54.000Z,V2910369,7549,45.53167,9.11394,31161.7,4.3,6.7,95.4,-52.3,1.2,-1.0,RS41-SG,404.900,9.4,-125,12,2.5,-1,-1
2025-12-12T00:39:55.000Z,V2910369,7550,45.53166,9.11403,31166.5,4.8,6.1,96.1,-52.3,1.1,-1.0,RS41-SG,404.900,8.7,-125,12,2.5,-1,-1
2025-12-12T00:39:56.000Z,V2910369,7551,45.53166,9.11410,31171.9,6.1,6.2,95.4,-52.3,1.1,-1.0,RS41-SG,404.900,9.2,-125,12,2.5,-1,-1
2025-12-12T00:39:57.000Z,V2910369,7552,45.53165,9.11419,31178.2,6.6,7.3,95.3,-52.2,1.1,-1.0,RS41-SG,404.900,9.2,-125,12,2.6,-1,-1
2025-12-12T00:39:58.000Z,V2910369,7553,45.53164,9.11429,31184.2,5.6,8.4,94.7,-52.2,1.2,-1.0,RS41-SG,404.900,9.6,-125,12,2.6,-1,-1
2025-12-12T00:39:59.000Z,V2910369,7554,45.53164,9.11440,31189.4,4.7,9.2,94.0,-52.2,1.1,-1.0,RS41-SG,404.900,9.6,-125,12,2.5,-1,-1
2025-12-12T00:40:00.000Z,V2910369,7555,45.53163,9.11452,31194.3,5.0,9.4,92.5,-52.2,1.1,-1.0,RS41-SG,404.900,9.1,-125,12,2.5,-1,-1
2025-12-12T00:40:01.000Z,V2910369,7556,45.53163,9.11463,31199.8,6.0,8.6,92.2,-52.2,1.1,-1.0,RS41-SG,404.900,9.0,-125,12,2.5,-1,-1
2025-12-12T00:40:02.000Z,V2910369,7557,45.53163,9.11473,31206.2,6.5,7.4,92.2,-52.1,1.1,-1.0,RS41-SG,404.900,9.0,-125,12,2.6,-1,-1
2025-12-12T00:40:03.000Z,V2910369,7558,45.53163,9.11482,31211.8,4.8,6.5,92.6,-51.9,1.1,-1.0,RS41-SG,404.900,8.8,-125,12,2.6,-1,-1
2025-12-12T00:40:04.000Z,V2910369,7559,45.53162,9.11490,31216.6,4.5,6.2,93.3,-51.8,1.1,-1.0,RS41-SG,404.900,8.8,-125,12,2.5,-1,-1
2025-12-12T00:40:05.000Z,V2910369,7560,45.53162,9.11498,31221.5,5.3,6.6,92.8,-51.7,1.1,-1.0,RS41-SG,404.900,8.9,-125,12,2.5,-1,-1
2025-12-12T00:40:06.000Z,V2910369,7561,45.53162,9.11508,31227.6,6.5,8.0,95.1,-51.7,1.1,-1.0,RS41-SG,404.900,8.9,-125,12,2.5,-1,-1
2025-12-12T00:40:07.000Z,V2910369,7562,45.53161,9.11519,31233.5,5.7,9.4,94.0,-51.7,1.1,-1.0,RS41-SG,404.900,7.7,-125,11,2.6,-1,-1
2025-12-12T00:40:09.000Z,V2910369,7564,45.53159,9.11544,31243.5,5.4,10.7,97.5,-51.7,1.1,-1.0,RS41-SG,404.900,8.5,-125,12,2.5,-1,-1
2025-12-12T00:40:10.000Z,V2910369,7565,45.53158,9.11558,31249.6,6.6,10.3,100.6,-51.6,1.1,-1.0,RS41-SG,404.900,8.5,-125,12,2.5,-1,-1
2025-12-12T00:40:11.000Z,V2910369,7566,45.53156,9.11570,31255.7,5.5,9.5,104.4,-51.6,1.1,-1.0,RS41-SG,404.900,8.2,-125,12,2.5,-1,-1
2025-12-12T00:40:12.000Z,V2910369,7567,45.53153,9.11581,31260.6,4.6,9.1,108.5,-51.6,1.1,-1.0,RS41-SG,404.900,8.9,-125,12,2.6,-1,-1
2025-12-12T00:40:13.000Z,V2910369,7568,45.53151,9.11592,31265.4,5.5,9.1,110.2,-51.5,1.1,-1.0,RS41-SG,404.900,8.9,-125,12,2.6,-1,-1
2025-12-12T00:40:16.000Z,V2910369,7571,45.53142,9.11630,31282.8,5.1,11.3,105.6,-51.4,1.1,-1.0,RS41-SG,404.900,7.3,-125,12,2.5,-1,-1
2025-12-12T00:40:17.000Z,V2910369,7572,45.53140,9.11644,31288.2,5.7,11.0,104.8,-51.4,1.0,-1.0,RS41-SG,404.900,8.3,-125,12,2.6,-1,-1
2025-12-12T00:40:18.000Z,V2910369,7573,45.53137,9.11656,31294.2,6.5,9.9,104.3,-51.4,1.1,-1.0,RS41-SG,404.900,8.4,-125,12,2.6,-1,-1
2025-12-12T00:40:19.000Z,V2910369,7574,45.53135,9.11668,31300.4,5.8,8.8,104.1,-51.4,1.1,-1.0,RS41-SG,404.900,8.4,-125,12,2.5,-1,-1
2025-12-12T00:40:20.000Z,V2910369,7575,45.53133,9.11678,31306.0,4.9,8.0,104.6,-51.5,1.1,-1.0,RS41-SG,404.900,8.5,-125,12,2.5,-1,-1
2025-12-12T00:40:21.000Z,V2910369,7576,45.53132,9.11688,31311.1,5.3,8.0,103.0,-51.5,1.1,-1.0,RS41-SG,404.900,8.5,-125,12,2.5,-1,-1
2025-12-12T00:40:22.000Z,V2910369,7577,45.53130,9.11699,31316.6,5.9,8.9,102.5,-51.5,1.1,-1.0,RS41-SG,404.900,8.4,-125,12,2.6,-1,-1
2025-12-12T00:40:23.000Z,V2910369,7578,45.53128,9.11711,31322.6,6.5,10.4,101.9,-51.6,1.1,-1.0,RS41-SG,404.900,8.6,-125,12,2.6,-1,-1
2025-12-12T00:40:24.000Z,V2910369,7579,45.53126,9.11725,31328.8,5.9,11.8,102.1,-51.6,1.1,-1.0,RS41-SG,404.900,9.0,-125,12,2.5,-1,-1
2025-12-12T00:40:25.000Z,V2910369,7580,45.53124,9.11740,31334.2,5.0,12.4,104.1,-51.6,1.1,-1.0,RS41-SG,404.900,9.0,-125,12,2.5,-1,-1
2025-12-12T00:40:26.000Z,V2910369,7581,45.53121,9.11755,31339.6,5.6,12.3,106.6,-51.7,1.1,-1.0,RS41-SG,404.900,8.8,-125,12,2.5,-1,-1
2025-12-12T00:40:27.000Z,V2910369,7582,45.53117,9.11769,31345.4,6.2,11.5,112.1,-51.7,1.1,-1.0,RS41-SG,404.900,9.1,-125,12,2.6,-1,-1
2025-12-12T00:40:28.000Z,V2910369,7583,45.53113,9.11782,31351.4,6.1,10.3,119.3,-51.8,1.1,-1.0,RS41-SG,404.900,9.2,-125,12,2.6,-1,-1
2025-12-12T00:40:29.000Z,V2910369,7584,45.53108,9.11792,31357.1,5.2,9.4,127.6,-51.8,1.1,-1.0,RS41-SG,404.900,9.2,-125,12,2.5,-1,-1
2025-12-12T00:40:30.000Z,V2910369,7585,45.53103,9.11801,31362.1,4.5,9.3,134.0,-51.9,1.2,-1.0,RS41-SG,404.900,8.6,-125,12,2.5,-1,-1
2025-12-12T00:40:31.000Z,V2910369,7586,45.53097,9.11810,31367.1,5.5,9.8,136.2,-51.9,1.2,-1.0,RS41-SG,404.900,8.3,-125,12,2.5,-1,-1
2025-12-12T00:40:35.000Z,V2910369,7590,45.53074,9.11862,31392.0,5.2,14.4,107.3,-52.0,1.2,-1.0,RS41-SG,404.900,7.9,-125,12,2.5,-1,-1
2025-12-12T00:40:37.000Z,V2910369,7592,45.53069,9.11898,31402.2,5.6,13.9,92.1,-51.9,1.2,-1.0,RS41-SG,404.900,8.5,-125,12,2.6,-1,-1
2025-12-12T00:40:39.000Z,V2910369,7594,45.53070,9.11929,31414.2,6.1,10.3,88.4,-52.0,1.1,-1.0,RS41-SG,404.900,7.7,-125,12,2.5,-1,-1
2025-12-12T00:40:40.000Z,V2910369,7595,45.53069,9.11941,31420.1,5.7,8.5,98.0,-52.0,1.1,-1.0,RS41-SG,404.900,8.5,-125,12,2.5,-1,-1
2025-12-12T00:40:41.000Z,V2910369,7596,45.53067,9.11951,31425.8,5.6,8.1,118.6,-52.1,1.2,-1.0,RS41-SG,404.900,8.8,-125,12,2.5,-1,-1
2025-12-12T00:40:42.000Z,V2910369,7597,45.53062,9.11960,31431.4,5.7,10.2,138.4,-52.1,1.2,-1.0,RS41-SG,404.900,8.8,-125,12,2.6,-1,-1
2025-12-12T00:40:43.000Z,V2910369,7598,45.53054,9.11969,31436.8,5.4,13.1,145.6,-52.2,1.2,-1.0,RS41-SG,404.900,8.4,-125,12,2.6,-1,-1
2025-12-12T00:40:44.000Z,V2910369,7599,45.53043,9.11979,31441.7,4.1,15.3,146.2,-52.2,1.2,-1.0,RS41-SG,404.900,8.4,-125,12,2.5,-1,-1
2025-12-12T00:40:45.000Z,V2910369,7600,45.53031,9.11991,31446.3,4.9,16.6,141.9,-52.3,1.2,-1.0,RS41-SG,404.900,7.8,-125,12,2.5,-1,-1
2025-12-12T00:40:46.000Z,V2910369,7601,45.53020,9.12005,31451.8,6.3,16.5,134.0,-52.3,1.1,-1.0,RS41-SG,404.900,7.6,-125,12,2.5,-1,-1
2025-12-12T00:40:48.000Z,V2910369,7603,45.53006,9.12037,31464.7,6.1,13.8,111.8,-52.4,1.2,-1.0,RS41-SG,404.900,7.6,-125,12,2.6,-1,-1
2025-12-12T00:40:49.000Z,V2910369,7604,45.53002,9.12053,31470.3,5.0,12.6,99.9,-52.4,1.2,-1.0,RS41-SG,404.900,8.3,-125,12,2.5,-1,-1
2025-12-12T00:40:50.000Z,V2910369,7605,45.53001,9.12068,31474.8,4.1,11.8,90.9,-52.4,1.2,-1.0,RS41-SG,404.900,8.3,-125,12,2.5,-1,-1
2025-12-12T00:40:52.000Z,V2910369,7607,45.53002,9.12096,31485.0,6.9,10.2,93.5,-52.4,1.2,-1.0,RS41-SG,404.900,8.6,-125,12,2.6,-1,-1
2025-12-12T00:40:53.000Z,V2910369,7608,45.53000,9.12109,31492.4,8.0,10.2,110.1,-52.4,1.1,-1.0,RS41-SG,404.900,8.9,-125,12,2.6,-1,-1
2025-12-12T00:40:54.000Z,V2910369,7609,45.52996,9.12121,31499.4,5.9,11.3,122.9,-52.4,1.2,-1.0,RS41-SG,404.900,8.9,-125,12,2.5,-1,-1
2025-12-12T00:40:58.000Z,V2910369,7613,45.52959,9.12165,31520.9,6.5,13.9,148.6,-52.4,1.1,-1.0,RS41-SG,404.900,7.9,-125,12,2.6,-1,-1
2025-12-12T00:40:59.000Z,V2910369,7614,45.52949,9.12174,31526.7,5.1,13.0,147.7,-52.4,1.1,-1.0,RS41-SG,404.900,8.5,-125,12,2.5,-1,-1
2025-12-12T00:41:00.000Z,V2910369,7615,45.52939,9.12183,31532.0,5.5,12.2,143.3,-52.4,1.2,-1.0,RS41-SG,404.900,8.7,-125,12,2.5,-1,-1
2025-12-12T00:41:01.000Z,V2910369,7616,45.52931,9.12193,31537.7,6.2,11.9,135.8,-52.4,1.1,-1.0,RS41-SG,404.900,9.2,-125,12,2.5,-1,-1
2025-12-12T00:41:02.000Z,V2910369,7617,45.52924,9.12204,31543.7,6.2,12.2,128.0,-52.4,1.2,-1.0,RS41-SG,404.900,9.2,-125,12,2.6,-1,-1
2025-12-12T00:41:03.000Z,V2910369,7618,45.52918,9.12217,31549.5,5.5,12.4,123.0,-52.5,1.2,-1.0,RS41-SG,404.900,8.9,-125,12,2.6,-1,-1
2025-12-12T00:41:04.000Z,V2910369,7619,45.52912,9.12230,31555.0,5.7,12.0,118.6,-52.5,1.2,-1.0,RS41-SG,404.900,9.8,-125,12,2.5,-1,-1
2025-12-12T00:41:05.000Z,V2910369,7620,45.52907,9.12243,31561.1,6.4,10.9,116.4,-52.5,1.2,-1.0,RS41-SG,404.900,9.8,-125,12,2.5,-1,-1
2025-12-12T00:41:06.000Z,V2910369,7621,45.52903,9.12255,31567.7,6.8,9.4,117.2,-52.5,1.2,-1.0,RS41-SG,404.900,9.7,-125,12,2.5,-1,-1
2025-12-12T00:41:07.000Z,V2910369,7622,45.52899,9.12265,31573.7,5.7,8.3,121.2,-52.6,1.2,-1.0,RS41-SG,404.900,8.7,-125,12,2.6,-1,-1
2025-12-12T00:41:08.000Z,V2910369,7623,45.52895,9.12273,31579.3,5.3,8.0,129.6,-52.6,1.2,-1.0,RS41-SG,404.900,8.8,-125,12,2.6,-1,-1
2025-12-12T00:41:13.000Z,V2910369,7628,45.52853,9.12320,31608.1,5.9,14.8,143.5,-52.8,1.2,-1.0,RS41-SG,404.900,8.3,-125,12,2.6,-1,-1
2025-12-12T00:41:14.000Z,V2910369,7629,45.52843,9.12331,31614.4,6.6,13.9,142.8,-52.8,1.2,-1.0,RS41-SG,404.900,8.3,-125,12,2.5,-1,-1
2025-12-12T00:41:15.000Z,V2910369,7630,45.52834,9.12341,31621.2,6.6,12.1,141.5,-52.8,1.2,-1.0,RS41-SG,404.900,9.1,-125,12,2.5,-1,-1
2025-12-12T00:41:16.000Z,V2910369,7631,45.52826,9.12350,31627.9,6.3,10.2,139.6,-52.8,1.2,-1.0,RS41-SG,404.900,9.1,-125,12,2.5,-1,-1
2025-12-12T00:41:17.000Z,V2910369,7632,45.52820,9.12358,31633.4,4.9,8.6,135.8,-52.8,1.2,-1.0,RS41-SG,404.900,8.5,-125,12,2.6,-1,-1
2025-12-12T00:41:18.000Z,V2910369,7633,45.52815,9.12365,31638.2,4.7,7.8,129.9,-52.8,1.2,-1.0,RS41-SG,404.900,8.1,-125,12,2.6,-1,-1
2025-12-12T00:41:19.000Z,V2910369,7634,45.52811,9.12374,31643.3,5.7,8.0,122.8,-52.7,1.2,-1.0,RS41-SG,404.900,9.0,-125,12,2.5,-1,-1
2025-12-12T00:41:20.000Z,V2910369,7635,45.52807,9.12383,31649.6,6.9,9.2,117.9,-52.7,1.2,-1.0,RS41-SG,404.900,9.0,-125,12,2.5,-1,-1
2025-12-12T00:41:21.000Z,V2910369,7636,45.52803,9.12394,31656.0,6.0,10.7,116.4,-52.6,1.2,-1.0,RS41-SG,404.900,8.3,-125,12,2.5,-1,-1
2025-12-12T00:41:23.000Z,V2910369,7638,45.52794,9.12421,31667.1,5.7,12.2,117.0,-52.5,1.1,-1.0,RS41-SG,404.900,7.9,-125,12,2.6,-1,-1
2025-12-12T00:41:24.000Z,V2910369,7639,45.52789,9.12434,31673.4,6.9,11.7,117.5,-52.5,1.1,-1.0,RS41-SG,404.900,7.9,-125,12,2.5,-1,-1
2025-12-12T00:41:25.000Z,V2910369,7640,45.52784,9.12447,31680.3,6.9,10.6,118.7,-52.4,1.1,-1.0,RS41-SG,404.900,7.4,-125,12,2.5,-1,-1
2025-12-12T00:41:26.000Z,V2910369,7641,45.52779,9.12458,31686.7,5.6,9.7,120.2,-52.3,1.1,-1.0,RS41-SG,404.900,8.1,-125,12,2.5,-1,-1
2025-12-12T00:41:28.000Z,V2910369,7643,45.52771,9.12478,31698.4,6.3,9.4,119.8,-52.2,1.1,-1.0,RS41-SG,404.900,7.4,-125,12,2.6,-1,-1
2025-12-12T00:41:31.000Z,V2910369,7646,45.52758,9.12516,31717.4,5.7,12.2,111.5,-51.7,1.0,-1.0,RS41-SG,404.900,6.6,-125,12,2.5,-1,-1
2025-12-12T00:41:32.000Z,V2910369,7647,45.52754,9.12531,31723.0,5.5,12.7,107.6,-51.6,1.1,-1.0,RS41-SG,404.900,6.9,-125,12,2.6,-1,-1
2025-12-12T00:41:33.000Z,V2910369,7648,45.52752,9.12546,31728.7,6.2,12.6,101.9,-51.5,1.0,-1.0,RS41-SG,404.900,8.6,-125,12,2.6,-1,-1
2025-12-12T00:41:34.000Z,V2910369,7649,45.52750,9.12562,31735.1,6.6,12.0,96.2,-51.4,1.0,-1.0,RS41-SG,404.900,8.6,-125,12,2.5,-1,-1
2025-12-12T00:41:35.000Z,V2910369,7650,45.52749,9.12576,31741.7,6.3,11.4,91.6,-51.3,1.0,-1.0,RS41-SG,404.900,8.2,-125,12,2.5,-1,-1
2025-12-12T00:41:36.000Z,V2910369,7651,45.52749,9.12591,31747.5,5.4,10.8,90.6,-51.3,1.0,-1.0,RS41-SG,404.900,8.9,-125,12,2.5,-1,-1
2025-12-12T00:41:37.000Z,V2910369,7652,45.52748,9.12604,31753.1,6.0,10.4,95.7,-51.2,1.0,-1.0,RS41-SG,404.900,8.9,-125,12,2.6,-1,-1
2025-12-12T00:41:38.000Z,V2910369,7653,45.52747,9.12617,31759.4,6.8,10.9,105.3,-51.2,1.0,-1.0,RS41-SG,404.900,8.8,-125,12,2.6,-1,-1
2025-12-12T00:41:39.000Z,V2910369,7654,45.52743,9.12631,31766.1,6.6,12.3,116.0,-51.1,1.0,-1.0,RS41-SG,404.900,8.5,-125,12,2.5,-1,-1
2025-12-12T00:41:40.000Z,V2910369,7655,45.52737,9.12646,31772.2,5.4,13.9,121.0,-51.1,1.0,-1.0,RS41-SG,404.900,8.5,-125,12,2.5,-1,-1
2025-12-12T00:41:42.000Z,V2910369,7657,45.52723,9.12678,31782.8,5.7,16.1,120.2,-51.1,1.0,-1.0,RS41-SG,404.900,7.9,-125,12,2.6,-1,-1
2025-12-12T00:41:45.000Z,V2910369,7660,45.52709,9.12734,31802.5,6.2,15.1,95.3,-51.0,1.0,-1.0,RS41-SG,404.900,7.3,-125,12,2.5,-1,-1
2025-12-12T00:41:46.000Z,V2910369,7661,45.52709,9.12754,31808.1,4.9,14.9,88.2,-51.0,1.0,-1.0,RS41-SG,404.900,7.7,-125,12,2.5,-1,-1
2025-12-12T00:41:47.000Z,V2910369,7662,45.52710,9.12772,31813.1,5.1,14.7,85.0,-51.0,1.0,-1.0,RS41-SG,404.900,7.7,-125,12,2.6,-1,-1
2025-12-12T00:41:48.000Z,V2910369,7663,45.52711,9.12791,31818.7,6.2,14.3,86.2,-51.0,1.1,-1.0,RS41-SG,404.900,8.3,-125,12,2.6,-1,-1
2025-12-12T00:41:49.000Z,V2910369,7664,45.52711,9.12809,31825.3,7.2,14.0,93.2,-51.0,1.0,-1.0,RS41-SG,404.900,8.3,-125,11,2.5,-1,-1
2025-12-12T00:41:50.000Z,V2910369,7665,45.52709,9.12826,31832.4,6.8,14.2,101.9,-51.0,1.0,-1.0,RS41-SG,404.900,8.0,-125,12,2.5,-1,-1
2025-12-12T00:41:53.000Z,V2910369,7668,45.52695,9.12880,31849.2,6.5,15.6,113.5,-51.0,1.1,-1.0,RS41-SG,404.900,8.1,-125,12,2.6,-1,-1
2025-12-12T00:41:56.000Z,V2910369,7671,45.52683,9.12937,31869.3,5.4,15.6,99.4,-51.0,1.1,-1.0,RS41-SG,404.900,8.8,-125,12,2.5,-1,-1
2025-12-12T00:41:57.000Z,V2910369,7672,45.52681,9.12957,31875.1,6.1,15.8,95.4,-51.0,1.1,-1.0,RS41-SG,404.900,8.8,-125,12,2.6,-1,-1
2025-12-12T00:41:59.000Z,V2910369,7674,45.52679,9.12997,31888.4,6.2,16.1,94.7,-51.0,1.1,-1.0,RS41-SG,404.900,7.8,-125,12,2.5,-1,-1
2025-12-12T00:42:00.000Z,V2910369,7675,45.52678,9.13018,31894.3,5.4,15.9,94.4,-51.0,1.1,-1.0,RS41-SG,404.900,7.8,-125,12,2.5,-1,-1
2025-12-12T00:42:01.000Z,V2910369,7676,45.52677,9.13038,31900.0,6.1,15.7,93.2,-50.9,1.1,-1.0,RS41-SG,404.900,8.0,-125,12,2.5,-1,-1
2025-12-12T00:42:02.000Z,V2910369,7677,45.52676,9.13058,31906.5,7.0,15.4,90.1,-51.0,1.1,-1.0,RS41-SG,404.900,8.9,-125,12,2.6,-1,-1
2025-12-12T00:42:03.000Z,V2910369,7678,45.52677,9.13077,31913.2,6.8,15.0,87.9,-51.0,1.1,-1.0,RS41-SG,404.900,8.9,-125,12,2.6,-1,-1
2025-12-12T00:42:04.000Z,V2910369,7679,45.52677,9.13096,31919.5,5.9,14.8,88.0,-51.0,1.1,-1.0,RS41-SG,404.900,8.6,-125,12,2.5,-1,-1
2025-12-12T00:42:05.000Z,V2910369,7680,45.52677,9.13115,31925.7,6.2,14.7,91.5,-51.0,1.1,-1.0,RS41-SG,404.900,8.0,-125,12,2.5,-1,-1
2025-12-12T00:42:12.000Z,V2910369,7687,45.52661,9.13250,31971.0,6.4,16.0,84.7,-51.2,1.1,-1.0,RS41-SG,404.900,7.2,-125,12,2.6,-1,-1
2025-12-12T00:42:13.000Z,V2910369,7688,45.52663,9.13270,31976.9,5.2,16.0,78.7,-51.3,1.1,-1.0,RS41-SG,404.900,8.1,-125,12,2.6,-1,-1
2025-12-12T00:42:14.000Z,V2910369,7689,45.52667,9.13290,31982.1,5.2,15.4,74.9,-51.3,1.1,-1.0,RS41-SG,404.900,8.7,-125,12,2.5,-1,-1
2025-12-12T00:42:17.000Z,V2910369,7692,45.52674,9.13342,32000.7,7.1,12.9,90.1,-51.2,1.1,-1.0,RS41-SG,404.900,7.1,-125,12,2.6,-1,-1
2025-12-12T00:42:18.000Z,V2910369,7693,45.52673,9.13359,32007.1,6.1,13.0,99.8,-51.2,1.1,-1.0,RS41-SG,404.900,8.0,-125,12,2.6,-1,-1
2025-12-12T00:42:21.000Z,V2910369,7696,45.52662,9.13416,32024.5,6.8,18.4,103.3,-51.0,1.0,-1.0,RS41-SG,404.900,8.1,-125,11,2.5,-1,-1
2025-12-12T00:42:22.000Z,V2910369,7697,45.52659,9.13440,32031.2,6.9,20.1,98.0,-50.9,1.0,-1.0,RS41-SG,404.900,8.1,-125,12,2.6,-1,-1
2025-12-12T00:42:23.000Z,V2910369,7698,45.52657,9.13466,32037.2,5.2,20.9,93.4,-50.9,1.0,-1.0,RS41-SG,404.900,8.6,-125,12,2.6,-1,-1
2025-12-12T00:42:25.000Z,V2910369,7700,45.52658,9.13520,32048.7,6.8,20.7,86.5,-51.0,1.1,-1.0,RS41-SG,404.900,7.3,-125,12,2.5,-1,-1
2025-12-12T00:42:26.000Z,V2910369,7701,45.52659,9.13545,32055.9,7.2,19.3,86.1,-51.0,1.1,-1.0,RS41-SG,404.900,7.6,-125,12,2.5,-1,-1
2025-12-12T00:42:27.000Z,V2910369,7702,45.52660,9.13569,32062.4,5.7,17.8,86.4,-51.0,1.1,-1.0,RS41-SG,404.900,8.7,-125,12,2.6,-1,-1
2025-12-12T00:42:28.000Z,V2910369,7703,45.52661,9.13590,32067.7,5.1,16.5,87.7,-51.0,1.1,-1.0,RS41-SG,404.900,8.7,-125,12,2.6,-1,-1
2025-12-12T00:42:29.000Z,V2910369,7704,45.52661,9.13611,32073.0,5.7,16.0,88.7,-51.0,1.1,-1.0,RS41-SG,404.900,8.7,-125,12,2.5,-1,-1
2025-12-12T00:42:30.000Z,V2910369,7705,45.52661,9.13632,32079.4,6.8,16.5,89.2,-51.0,1.1,-1.0,RS41-SG,404.900,8.7,-125,12,2.5,-1,-1
2025-12-12T00:42:31.000Z,V2910369,7706,45.52662,9.13654,32086.4,7.3,17.6,89.7,-51.0,1.1,-1.0,RS41-SG,404.900,8.5,-125,12,2.5,-1,-1
2025-12-12T00:42:32.000Z,V2910369,7707,45.52661,9.13677,32093.4,6.6,19.2,91.5,-50.9,1.1,-1.0,RS41-SG,404.900,8.3,-125,12,2.6,-1,-1
2025-12-12T00:42:33.000Z,V2910369,7708,45.52661,9.13702,32099.4,5.7,20.8,93.7,-50.9,1.1,-1.0,RS41-SG,404.900,8.3,-125,12,2.6,-1,-1
2025-12-12T00:42:35.000Z,V2910369,7710,45.52656,9.13759,32110.7,5.9,23.6,100.1,-50.8,1.1,-1.0,RS41-SG,404.900,7.6,-125,12,2.5,-1,-1
2025-12-12T00:42:36.000Z,V2910369,7711,45.52652,9.13788,32117.1,6.7,24.0,103.3,-50.8,1.1,-1.0,RS41-SG,404.900,7.6,-125,12,2.5,-1,-1
2025-12-12T00:42:37.000Z,V2910369,7712,45.52647,9.13818,32123.4,6.2,23.6,104.6,-50.7,1.0,-1.0,RS41-SG,404.900,8.0,-125,12,2.6,-1,-1
2025-12-12T00:42:39.000Z,V2910369,7714,45.52638,9.13873,32135.0,5.8,20.8,99.9,-50.7,1.1,-1.0,RS41-SG,404.900,7.5,-125,12,2.5,-1,-1
2025-12-12T00:42:41.000Z,V2910369,7716,45.52636,9.13923,32146.9,6.0,19.3,83.9,-50.7,1.0,-1.0,RS41-SG,404.900,7.7,-125,12,2.5,-1,-1
2025-12-12T00:42:42.000Z,V2910369,7717,45.52639,9.13947,32152.7,5.6,19.5,78.1,-50.7,1.0,-1.0,RS41-SG,404.900,7.9,-125,12,2.6,-1,-1
2025-12-12T00:42:43.000Z,V2910369,7718,45.52643,9.13972,32158.5,6.1,19.8,76.3,-50.7,1.1,-1.0,RS41-SG,404.900,7.9,-125,12,2.6,-1,-1
2025-12-12T00:42:44.000Z,V2910369,7719,45.52647,9.13997,32165.0,6.9,20.0,78.9,-50.7,1.0,-1.0,RS41-SG,404.900,8.7,-125,12,2.5,-1,-1
2025-12-12T00:42:46.000Z,V2910369,7721,45.52649,9.14048,32179.9,7.2,20.7,95.5,-50.8,1.1,-1.0,RS41-SG,404.900,6.9,-125,12,2.5,-1,-1
2025-12-12T00:42:48.000Z,V2910369,7723,45.52640,9.14102,32190.4,3.5,22.6,108.9,-50.8,1.1,-1.0,RS41-SG,404.900,7.9,-125,12,2.6,-1,-1
2025-12-12T00:42:49.000Z,V2910369,7724,45.52633,9.14129,32194.6,4.6,23.7,112.0,-50.8,1.1,-1.0,RS41-SG,404.900,8.6,-125,12,2.5,-1,-1
2025-12-12T00:42:50.000Z,V2910369,7725,45.52625,9.14158,32200.4,6.6,24.1,110.7,-50.9,1.1,-1.0,RS41-SG,404.900,8.6,-125,11,2.5,-1,-1
2025-12-12T00:42:52.000Z,V2910369,7727,45.52614,9.14216,32214.3,6.5,23.1,100.1,-50.8,1.1,-1.0,RS41-SG,404.900,8.0,-125,12,2.6,-1,-1
2025-12-12T00:42:53.000Z,V2910369,7728,45.52611,9.14244,32220.2,5.5,22.0,95.0,-50.7,1.1,-1.0,RS41-SG,404.900,9.3,-125,12,2.6,-1,-1
2025-12-12T00:42:54.000Z,V2910369,7729,45.52610,9.14271,32225.5,5.0,20.6,90.9,-50.7,1.0,-1.0,RS41-SG,404.900,9.3,-125,12,2.5,-1,-1
2025-12-12T00:42:55.000Z,V2910369,7730,45.52610,9.14296,32231.1,5.9,18.9,88.0,-50.7,1.1,-1.0,RS41-SG,404.900,9.0,-125,12,2.5,-1,-1
2025-12-12T00:42:56.000Z,V2910369,7731,45.52610,9.14319,32237.4,6.8,17.2,89.4,-50.7,1.1,-1.0,RS41-SG,404.900,9.9,-125,12,2.5,-1,-1
2025-12-12T00:42:57.000Z,V2910369,7732,45.52610,9.14340,32243.8,5.8,16.5,92.3,-50.8,1.1,-1.0,RS41-SG,404.900,9.9,-125,12,2.6,-1,-1
2025-12-12T00:42:58.000Z,V2910369,7733,45.52609,9.14361,32249.4,5.4,16.1,96.5,-50.8,1.1,-1.0,RS41-SG,404.900,9.0,-125,11,2.6,-1,-1
2025-12-12T00:42:59.000Z,V2910369,7734,45.52607,9.14382,32254.8,5.6,16.9,100.1,-50.8,1.1,-1.0,RS41-SG,404.900,8.8,-125,12,2.5,-1,-1
2025-12-12T00:43:00.000Z,V2910369,7735,45.52604,9.14404,32260.9,6.3,18.2,101.1,-50.8,1.1,-1.0,RS41-SG,404.900,8.3,-125,12,2.5,-1,-1
2025-12-12T00:43:01.000Z,V2910369,7736,45.52601,9.14428,32267.4,6.6,19.8,100.3,-50.9,1.1,-1.0,RS41-SG,404.900,9.9,-125,12,2.5,-1,-1
2025-12-12T00:43:02.000Z,V2910369,7737,45.52598,9.14453,32273.5,5.4,21.1,100.5,-50.9,1.1,-1.0,RS41-SG,404.900,9.9,-125,12,2.6,-1,-1
2025-12-12T00:43:03.000Z,V2910369,7738,45.52594,9.14480,32279.1,5.9,22.3,101.0,-50.9,1.1,-1.0,RS41-SG,404.900,8.9,-125,12,2.6,-1,-1
2025-12-12T00:43:04.000Z,V2910369,7739,45.52590,9.14509,32285.4,6.8,23.1,103.8,-51.0,1.1,-1.0,RS41-SG,404.900,8.9,-125,12,2.5,-1,-1
2025-12-12T00:43:05.000Z,V2910369,7740,45.52584,9.14537,32292.4,6.7,23.4,106.7,-51.0,1.1,-1.0,RS41-SG,404.900,8.9,-125,12,2.5,-1,-1
2025-12-12T00:43:06.000Z,V2910369,7741,45.52578,9.14565,32298.7,5.7,23.1,108.8,-51.1,1.1,-1.0,RS41-SG,404.900,8.1,-125,11,2.5,-1,-1
2025-12-12T00:43:07.000Z,V2910369,7742,45.52571,9.14593,32304.3,5.6,22.3,109.2,-51.1,1.1,-1.0,RS41-SG,404.900,8.7,-125,12,2.6,-1,-1
2025-12-12T00:43:08.000Z,V2910369,7743,45.52565,9.14619,32309.7,5.4,21.0,107.7,-51.1,1.1,-1.0,RS41-SG,404.900,8.7,-125,12,2.6,-1,-1
2025-12-12T00:43:09.000Z,V2910369,7744,45.52560,9.14644,32315.5,5.8,19.7,103.4,-51.2,1.1,-1.0,RS41-SG,404.900,7.2,-125,12,2.5,-1,-1
2025-12-12T00:43:10.000Z,V2910369,7745,45.52557,9.14668,32321.6,6.1,18.8,98.0,-51.2,1.1,-1.0,RS41-SG,404.900,8.9,-125,12,2.5,-1,-1
2025-12-12T00:43:12.000Z,V2910369,7747,45.52554,9.14714,32333.0,5.9,18.2,94.2,-51.3,1.1,-1.0,RS41-SG,404.900,7.2,-125,11,2.6,-1,-1
2025-12-12T00:43:16.000Z,V2910369,7751,45.52537,9.14808,32357.7,4.5,20.6,113.9,-51.3,1.1,-1.0,RS41-SG,404.900,7.6,-125,12,2.5,-1,-1
2025-12-12T00:43:17.000Z,V2910369,7752,45.52530,9.14832,32362.5,4.8,21.8,115.0,-51.4,1.1,-1.0,RS41-SG,404.900,7.6,-125,12,2.6,-1,-1
2025-12-12T00:43:18.000Z,V2910369,7753,45.52522,9.14858,32368.0,6.3,22.4,112.6,-51.4,1.1,-1.0,RS41-SG,404.900,7.1,-125,12,2.6,-1,-1
2025-12-12T00:43:21.000Z,V2910369,7756,45.52507,9.14942,32386.6,5.2,23.1,95.2,-51.3,1.1,-1.0,RS41-SG,404.900,8.9,-125,12,2.5,-1,-1
2025-12-12T00:43:22.000Z,V2910369,7757,45.52506,9.14972,32391.7,5.0,23.4,91.0,-51.3,1.1,-1.0,RS41-SG,404.900,8.9,-125,12,2.6,-1,-1
2025-12-12T00:43:23.000Z,V2910369,7758,45.52505,9.15002,32396.7,5.2,23.2,89.5,-51.3,1.1,-1.0,RS41-SG,404.900,9.1,-125,12,2.6,-1,-1
2025-12-12T00:43:24.000Z,V2910369,7759,45.52505,9.15031,32402.4,5.9,22.5,90.8,-51.2,1.1,-1.0,RS41-SG,404.900,9.1,-125,12,2.5,-1,-1
2025-12-12T00:43:25.000Z,V2910369,7760,45.52504,9.15059,32408.8,6.7,21.5,95.3,-51.2,1.1,-1.0,RS41-SG,404.900,8.1,-125,12,2.5,-1,-1
2025-12-12T00:43:26.000Z,V2910369,7761,45.52502,9.15085,32415.4,6.3,20.7,101.6,-51.2,1.1,-1.0,RS41-SG,404.900,8.4,-125,12,2.5,-1,-1
2025-12-12T00:43:27.000Z,V2910369,7762,45.52497,9.15110,32421.4,5.7,20.3,108.5,-51.2,1.1,-1.0,RS41-SG,404.900,8.9,-125,12,2.6,-1,-1
2025-12-12T00:43:28.000Z,V2910369,7763,45.52490,9.15134,32426.7,5.0,20.7,113.3,-51.2,1.1,-1.0,RS41-SG,404.900,8.9,-125,12,2.6,-1,-1
2025-12-12T00:43:29.000Z,V2910369,7764,45.52483,9.15159,32431.8,5.2,21.3,115.7,-51.2,1.1,-1.0,RS41-SG,404.900,9.1,-125,12,2.5,-1,-1
2025-12-12T00:43:32.000Z,V2910369,7767,45.52462,9.15240,32450.3,6.6,23.8,101.1,-51.2,1.1,-1.0,RS41-SG,404.900,7.7,-125,12,2.6,-1,-1
2025-12-12T00:43:33.000Z,V2910369,7768,45.52459,9.15270,32456.4,5.6,24.2,94.9,-51.2,1.1,-1.0,RS41-SG,404.900,7.3,-125,12,2.6,-1,-1
2025-12-12T00:43:34.000Z,V2910369,7769,45.52458,9.15301,32461.9,5.1,24.1,88.5,-51.2,1.1,-1.0,RS41-SG,404.900,7.0,-125,12,2.5,-1,-1
2025-12-12T00:43:35.000Z,V2910369,7770,45.52460,9.15331,32467.2,5.1,23.1,85.0,-51.2,1.1,-1.0,RS41-SG,404.900,9.1,-125,12,2.5,-1,-1
2025-12-12T00:43:36.000Z,V2910369,7771,45.52461,9.15359,32472.8,5.9,21.1,84.3,-51.2,1.1,-1.0,RS41-SG,404.900,9.1,-125,12,2.5,-1,-1
2025-12-12T00:43:37.000Z,V2910369,7772,45.52463,9.15384,32478.9,6.3,18.9,87.5,-51.2,1.1,-1.0,RS41-SG,404.900,9.7,-125,12,2.6,-1,-1
2025-12-12T00:43:38.000Z,V2910369,7773,45.52462,9.15407,32485.0,5.8,17.4,94.5,-51.3,1.1,-1.0,RS41-SG,404.900,9.7,-125,12,2.6,-1,-1
2025-12-12T00:43:39.000Z,V2910369,7774,45.52460,9.15429,32490.6,5.0,17.4,103.8,-51.3,1.1,-1.0,RS41-SG,404.900,9.4,-125,12,2.5,-1,-1
2025-12-12T00:43:40.000Z,V2910369,7775,45.52455,9.15451,32495.4,4.5,18.6,110.7,-51.3,1.1,-1.0,RS41-SG,404.900,9.1,-125,12,2.5,-1,-1
2025-12-12T00:43:41.000Z,V2910369,7776,45.52448,9.15474,32500.4,5.5,21.0,113.5,-51.3,1.1,-1.0,RS41-SG,404.900,9.1,-125,12,2.5,-1,-1
2025-12-12T00:43:42.000Z,V2910369,7777,45.52441,9.15500,32506.2,6.2,23.3,111.8,-51.3,1.1,-1.0,RS41-SG,404.900,8.0,-125,12,2.6,-1,-1
2025-12-12T00:43:43.000Z,V2910369,7778,45.52434,9.15529,32512.5,6.2,24.9,107.4,-51.3,1.1,-1.0,RS41-SG,404.900,7.8,-125,12,2.6,-1,-1
2025-12-12T00:43:44.000Z,V2910369,7779,45.52428,9.15560,32518.4,5.5,25.7,102.3,-51.3,1.1,-1.0,RS41-SG,404.900,7.8,-125,12,2.5,-1,-1
2025-12-12T00:43:45.000Z,V2910369,7780,45.52424,9.15593,32523.8,5.1,25.6,96.7,-51.2,1.1,-1.0,RS41-SG,404.900,8.7,-125,12,2.5,-1,-1
2025-12-12T00:43:46.000Z,V2910369,7781,45.52423,9.15624,32529.3,5.7,24.5,90.4,-51.2,1.1,-1.0,RS41-SG,404.900,8.7,-125,12,2.5,-1,-1
2025-12-12T00:43:47.000Z,V2910369,7782,45.52424,9.15654,32534.8,5.6,22.6,86.0,-51.2,1.1,-1.0,RS41-SG,404.900,8.7,-125,12,2.6,-1,-1
2025-12-12T00:43:48.000Z,V2910369,7783,45.52425,9.15682,32540.1,5.1,20.4,83.1,-51.3,1.1,-1.0,RS41-SG,404.900,9.5,-125,12,2.6,-1,-1
2025-12-12T00:43:49.000Z,V2910369,7784,45.52427,9.15706,32545.1,4.8,18.4,83.3,-51.2,1.1,-1.0,RS41-SG,404.900,9.5,-125,12,2.5,-1,-1
2025-12-12T00:43:50.000Z,V2910369,7785,45.52429,9.15729,32550.1,5.2,17.3,87.9,-51.2,1.1,-1.0,RS41-SG,404.900,9.2,-125,12,2.5,-1,-1
2025-12-12T00:43:51.000Z,V2910369,7786,45.52428,9.15751,32555.5,5.6,17.4,95.0,-51.2,1.1,-1.0,RS41-SG,404.900,8.6,-125,12,2.5,-1,-1
2025-12-12T00:43:52.000Z,V2910369,7787,45.52426,9.15774,32561.1,5.7,19.1,101.2,-51.2,1.1,-1.0,RS41-SG,404.900,8.7,-125,12,2.6,-1,-1
2025-12-12T00:43:53.000Z,V2910369,7788,45.52422,9.15799,32566.4,5.4,21.2,104.7,-51.2,1.1,-1.0,RS41-SG,404.900,8.7,-125,12,2.6,-1,-1
2025-12-12T00:43:54.000Z,V2910369,7789,45.52417,9.15826,32571.7,5.1,23.2,105.2,-51.2,1.0,-1.0,RS41-SG,404.900,9.1,-125,12,2.5,-1,-1
2025-12-12T00:43:55.000Z,V2910369,7790,45.52412,9.15856,32576.7,4.9,24.5,103.8,-51.1,1.1,-1.0,RS41-SG,404.900,9.1,-125,12,2.5,-1,-1
2025-12-12T00:43:56.000Z,V2910369,7791,45.52407,9.15886,32581.8,5.0,24.5,101.4,-51.2,1.1,-1.0,RS41-SG,404.900,9.0,-125,12,2.5,-1,-1
2025-12-12T00:43:57.000Z,V2910369,7792,45.52403,9.15916,32587.2,5.7,23.5,99.0,-51.2,1.1,-1.0,RS41-SG,404.900,9.0,-125,12,2.6,-1,-1
2025-12-12T00:43:58.000Z,V2910369,7793,45.52400,9.15945,32593.1,6.0,21.7,95.9,-51.2,1.1,-1.0,RS41-SG,404.900,8.7,-125,12,2.6,-1,-1
2025-12-12T00:43:59.000Z,V2910369,7794,45.52399,9.15971,32598.8,5.3,19.7,94.9,-51.2,1.1,-1.0,RS41-SG,404.900,9.2,-125,12,2.5,-1,-1
2025-12-12T00:44:00.000Z,V2910369,7795,45.52397,9.15995,32603.9,4.6,17.9,94.8,-51.2,1.1,-1.0,RS41-SG,404.900,9.6,-125,12,2.5,-1,-1
2025-12-12T00:44:01.000Z,V2910369,7796,45.52396,9.16017,32608.6,5.0,16.9,95.8,-51.2,1.1,-1.0,RS41-SG,404.900,9.6,-125,12,2.5,-1,-1
2025-12-12T00:44:02.000Z,V2910369,7797,45.52394,9.16038,32614.0,5.5,17.1,98.4,-51.2,1.1,-1.0,RS41-SG,404.900,8.8,-125,12,2.6,-1,-1
2025-12-12T00:44:03.000Z,V2910369,7798,45.52392,9.16060,32619.9,6.2,18.1,99.1,-51.2,1.1,-1.0,RS41-SG,404.900,9.7,-125,12,2.6,-1,-1
2025-12-12T00:44:04.000Z,V2910369,7799,45.52389,9.16084,32625.8,5.6,19.5,99.4,-51.2,1.1,-1.0,RS41-SG,404.900,9.7,-125,11,2.5,-1,-1
2025-12-12T00:44:05.000Z,V2910369,7800,45.52386,9.16109,32631.0,4.9,20.8,98.1,-51.2,1.1,-1.0,RS41-SG,404.900,8.3,-125,12,2.5,-1,-1
2025-12-12T00:44:06.000Z,V2910369,7801,45.52384,9.16136,32636.1,4.9,21.7,95.5,-51.2,1.1,-1.0,RS41-SG,404.900,8.1,-125,12,2.5,-1,-1
2025-12-12T00:44:07.000Z,V2910369,7802,45.52383,9.16164,32641.5,5.8,21.8,92.6,-51.2,1.1,-1.0,RS41-SG,404.900,9.0,-125,12,2.6,-1,-1
2025-12-12T00:44:08.000Z,V2910369,7803,45.52382,9.16191,32647.6,6.4,21.2,90.3,-51.3,1.1,-1.0,RS41-SG,404.900,9.9,-125,12,2.6,-1,-1
2025-12-12T00:44:09.000Z,V2910369,7804,45.52382,9.16218,32654.0,6.0,20.3,88.4,-51.3,1.1,-1.0,RS41-SG,404.900,10.2,-125,12,2.5,-1,-1
2025-12-12T00:44:10.000Z,V2910369,7805,45.52383,9.16243,32659.8,5.3,19.3,88.9,-51.4,1.1,-1.0,RS41-SG,404.900,10.2,-125,12,2.5,-1,-1
2025-12-12T00:44:11.000Z,V2910369,7806,45.52383,9.16267,32665.3,5.5,18.6,92.7,-51.4,1.1,-1.0,RS41-SG,404.900,9.1,-125,12,2.5,-1,-1
2025-12-12T00:44:12.000Z,V2910369,7807,45.52381,9.16290,32670.8,5.6,18.4,97.5,-51.4,1.1,-1.0,RS41-SG,404.900,9.5,-125,12,2.6,-1,-1
2025-12-12T00:44:13.000Z,V2910369,7808,45.52378,9.16314,32676.4,5.7,19.1,102.4,-51.4,1.1,-1.0,RS41-SG,404.900,9.5,-125,12,2.6,-1,-1
2025-12-12T00:44:14.000Z,V2910369,7809,45.52374,9.16338,32682.1,5.6,20.2,106.6,-51.5,1.1,-1.0,RS41-SG,404.900,9.2,-125,12,2.5,-1,-1
2025-12-12T00:44:15.000Z,V2910369,7810,45.52368,9.16363,32688.0,6.0,21.1,107.5,-51.5,1.1,-1.0,RS41-SG,404.900,9.2,-125,12,2.5,-1,-1
2025-12-12T00:44:16.000Z,V2910369,7811,45.52363,9.16389,32694.2,6.1,21.6,106.1,-51.6,1.1,-1.0,RS41-SG,404.900,8.0,-125,12,2.5,-1,-1
2025-12-12T00:44:17.000Z,V2910369,7812,45.52358,9.16415,32700.3,6.4,21.4,101.2,-51.6,1.1,-1.0,RS41-SG,404.900,8.5,-125,12,2.6,-1,-1
2025-12-12T00:44:18.000Z,V2910369,7813,45.52356,9.16442,32706.4,5.8,20.7,95.2,-51.7,1.1,-1.0,RS41-SG,404.900,8.7,-125,12,2.6,-1,-1
2025-12-12T00:44:19.000Z,V2910369,7814,45.52355,9.16467,32711.9,5.1,19.4,88.2,-51.7,1.1,-1.0,RS41-SG,404.900,8.7,-125,12,2.5,-1,-1
2025-12-12T00:44:20.000Z,V2910369,7815,45.52357,9.16491,32716.9,4.5,18.0,82.0,-51.8,1.2,-1.0,RS41-SG,404.900,9.0,-125,11,2.5,-1,-1
2025-12-12T00:44:21.000Z,V2910369,7816,45.52359,9.16513,32721.7,4.8,16.4,78.4,-51.8,1.1,-1.0,RS41-SG,404.900,9.0,-125,12,2.5,-1,-1
2025-12-12T00:44:22.000Z,V2910369,7817,45.52362,9.16532,32727.0,5.7,14.9,79.5,-51.8,1.1,-1.0,RS41-SG,404.900,9.0,-125,12,2.6,-1,-1
2025-12-12T00:44:23.000Z,V2910369,7818,45.52363,9.16550,32733.1,6.5,14.2,87.8,-51.8,1.1,-1.0,RS41-SG,404.900,9.0,-125,11,2.6,-1,-1
2025-12-12T00:44:24.000Z,V2910369,7819,45.52362,9.16569,32739.5,6.7,14.9,98.4,-51.9,1.1,-1.0,RS41-SG,404.900,8.9,-125,12,2.5,-1,-1
2025-12-12T00:44:25.000Z,V2910369,7820,45.52359,9.16588,32745.7,5.4,16.7,105.5,-51.9,1.1,-1.0,RS41-SG,404.900,9.5,-125,12,2.5,-1,-1
2025-12-12T00:44:26.000Z,V2910369,7821,45.52355,9.16610,32750.5,4.3,19.0,108.9,-51.9,1.1,-1.0,RS41-SG,404.900,9.5,-125,12,2.5,-1,-1
2025-12-12T00:44:27.000Z,V2910369,7822,45.52349,9.16634,32754.8,4.1,21.3,109.0,-52.0,1.1,-1.0,RS41-SG,404.900,9.0,-125,12,2.6,-1,-1
2025-12-12T00:44:28.000Z,V2910369,7823,45.52343,9.16661,32759.5,5.3,22.8,104.9,-52.0,1.2,-1.0,RS41-SG,404.900,9.3,-125,12,2.6,-1,-1
2025-12-12T00:44:29.000Z,V2910369,7824,45.52339,9.16690,32765.2,6.2,23.4,98.9,-52.0,1.1,-1.0,RS41-SG,404.900,9.3,-125,12,2.5,-1,-1
2025-12-12T00:44:30.000Z,V2910369,7825,45.52337,9.16719,32771.6,6.1,22.9,93.0,-52.1,1.2,-1.0,RS41-SG,404.900,9.2,-125,12,2.5,-1,-1
2025-12-12T00:44:31.000Z,V2910369,7826,45.52337,9.16747,32777.6,5.7,21.6,87.3,-52.1,1.2,-1.0,RS41-SG,404.900,9.9,-125,12,2.5,-1,-1
2025-12-12T00:44:32.000Z,V2910369,7827,45.52338,9.16774,32782.9,5.0,19.6,83.0,-52.2,1.2,-1.0,RS41-SG,404.900,9.9,-125,12,2.6,-1,-1
2025-12-12T00:44:33.000Z,V2910369,7828,45.52340,9.16796,32787.9,5.5,16.9,81.3,-52.2,1.2,-1.0,RS41-SG,404.900,10.1,-125,12,2.6,-1,-1
2025-12-12T00:44:34.000Z,V2910369,7829,45.52342,9.16816,32793.5,5.9,14.4,84.2,-52.3,1.2,-1.0,RS41-SG,404.900,10.1,-125,12,2.5,-1,-1
2025-12-12T00:44:35.000Z,V2910369,7830,45.52343,9.16833,32799.6,6.3,12.5,93.0,-52.3,1.2,-1.0,RS41-SG,404.900,9.5,-125,12,2.5,-1,-1
2025-12-12T00:44:36.000Z,V2910369,7831,45.52341,9.16849,32805.2,4.9,12.1,102.4,-52.4,1.2,-1.0,RS41-SG,404.900,9.5,-125,12,2.5,-1,-1
2025-12-12T00:44:37.000Z,V2910369,7832,45.52338,9.16864,32810.0,4.6,12.7,110.3,-52.4,1.2,-1.0,RS41-SG,404.900,9.5,-125,12,2.6,-1,-1
2025-12-12T00:44:38.000Z,V2910369,7833,45.52334,9.16880,32815.0,5.7,13.9,111.9,-52.4,1.1,-1.0,RS41-SG,404.900,8.0,-125,12,2.6,-1,-1
2025-12-12T00:44:39.000Z,V2910369,7834,45.52329,9.16897,32821.4,6.8,15.3,107.6,-52.5,1.1,-1.0,RS41-SG,404.900,8.4,-125,12,2.5,-1,-1
2025-12-12T00:44:40.000Z,V2910369,7835,45.52326,9.16917,32828.2,6.8,16.7,100.5,-52.5,1.2,-1.0,RS41-SG,404.900,8.4,-125,12,2.5,-1,-1
2025-12-12T00:44:41.000Z,V2910369,7836,45.52324,9.16939,32834.2,5.2,18.0,95.4,-52.6,1.2,-1.0,RS41-SG,404.900,8.4,-125,12,2.5,-1,-1
2025-12-12T00:44:42.000Z,V2910369,7837,45.52323,9.16963,32839.2,4.9,19.6,90.9,-52.6,1.2,-1.0,RS41-SG,404.900,8.5,-125,12,2.6,-1,-1
2025-12-12T00:44:43.000Z,V2910369,7838,45.52323,9.16988,32844.4,5.6,20.9,89.1,-52.6,1.2,-1.0,RS41-SG,404.900,9.6,-125,12,2.6,-1,-1
2025-12-12T00:44:44.000Z,V2910369,7839,45.52323,9.17015,32850.6,6.6,21.6,89.5,-52.7,1.2,-1.0,RS41-SG,404.900,9.6,-125,12,2.5,-1,-1
2025-12-12T00:44:45.000Z,V2910369,7840,45.52323,9.17043,32857.1,6.4,21.5,90.8,-52.7,1.2,-1.0,RS41-SG,404.900,9.6,-125,12,2.5,-1,-1
2025-12-12T00:44:46.000Z,V2910369,7841,45.52323,9.17069,32863.0,5.5,20.3,92.3,-52.8,1.2,-1.0,RS41-SG,404.900,9.1,-125,12,2.5,-1,-1
2025-12-12T00:44:47.000Z,V2910369,7842,45.52322,9.17094,32868.8,5.8,18.5,93.5,-52.8,1.2,-1.0,RS41-SG,404.900,9.1,-125,12,2.6,-1,-1
2025-12-12T00:44:48.000Z,V2910369,7843,45.52321,9.17116,32874.8,6.0,16.3,92.6,-52.8,1.2,-1.0,RS41-SG,404.900,9.6,-125,12,2.6,-1,-1
2025-12-12T00:44:49.000Z,V2910369,7844,45.52320,9.17136,32880.8,6.0,13.9,91.4,-52.8,1.2,-1.0,RS41-SG,404.900,9.6,-125,12,2.5,-1,-1
2025-12-12T00:44:50.000Z,V2910369,7845,45.52320,9.17152,32886.7,5.3,12.3,88.3,-52.8,1.2,-1.0,RS41-SG,404.900,10.0,-125,12,2.5,-1,-1
2025-12-12T00:44:51.000Z,V2910369,7846,45.52320,9.17167,32892.1,5.2,11.2,90.8,-52.8,1.2,-1.0,RS41-SG,404.900,10.0,-125,12,2.5,-1,-1
2025-12-12T00:44:52.000Z,V2910369,7847,45.52320,9.17182,32897.5,6.0,11.4,96.3,-52.8,1.2,-1.0,RS41-SG,404.900,9.8,-125,12,2.6,-1,-1
2025-12-12T00:44:53.000Z,V2910369,7848,45.52318,9.17197,32903.7,6.6,12.6,103.5,-52.9,1.2,-1.0,RS41-SG,404.900,9.2,-125,12,2.6,-1,-1
2025-12-12T00:44:54.000Z,V2910369,7849,45.52315,9.17213,32910.3,6.4,14.8,108.4,-52.9,1.2,-1.0,RS41-SG,404.900,8.5,-125,12,2.5,-1,-1
2025-12-12T00:44:55.000Z,V2910369,7850,45.52310,9.17233,32916.0,5.2,16.9,109.6,-52.9,1.2,-1.0,RS41-SG,404.900,8.0,-125,12,2.5,-1,-1
2025-12-12T00:44:56.000Z,V2910369,7851,45.52305,9.17254,32921.0,4.9,18.6,108.8,-52.9,1.2,-1.0,RS41-SG,404.900,8.9,-125,12,2.5,-1,-1
2025-12-12T00:44:57.000Z,V2910369,7852,45.52300,9.17277,32926.4,5.9,19.9,104.0,-53.0,1.2,-1.0,RS41-SG,404.900,8.9,-125,12,2.6,-1,-1
2025-12-12T00:44:58.000Z,V2910369,7853,45.52297,9.17302,32932.6,6.6,20.2,97.3,-53.0,1.1,-1.0,RS41-SG,404.900,8.2,-125,12,2.6,-1,-1
2025-12-12T00:44:59.000Z,V2910369,7854,45.52296,9.17328,32939.0,6.1,19.8,90.4,-53.0,1.2,-1.0,RS41-SG,404.900,8.8,-125,12,2.5,-1,-1
2025-12-12T00:45:00.000Z,V2910369,7855,45.52297,9.17353,32945.0,5.5,19.0,83.2,-53.1,1.2,-1.0,RS41-SG,404.900,9.3,-125,12,2.5,-1,-1
2025-12-12T00:45:01.000Z,V2910369,7856,45.52299,9.17376,32950.2,4.9,17.5,78.8,-53.1,1.2,-1.0,RS41-SG,404.900,9.3,-125,11,2.5,-1,-1
2025-12-12T00:45:02.000Z,V2910369,7857,45.52302,9.17396,32955.4,5.3,15.6,78.0,-53.1,1.2,-1.0,RS41-SG,404.900,9.1,-125,12,2.6,-1,-1
2025-12-12T00:45:03.000Z,V2910369,7858,45.52304,9.17414,32961.1,6.1,13.0,82.3,-53.2,1.2,-1.0,RS41-SG,404.900,9.5,-125,12,2.6,-1,-1
2025-12-12T00:45:04.000Z,V2910369,7859,45.52305,9.17429,32967.4,6.6,11.3,94.5,-53.2,1.2,-1.0,RS41-SG,404.900,9.5,-125,11,2.5,-1,-1
2025-12-12T00:45:05.000Z,V2910369,7860,45.52303,9.17443,32973.5,5.7,11.2,108.6,-53.3,1.2,-1.0,RS41-SG,404.900,8.9,-125,12,2.5,-1,-1
2025-12-12T00:45:07.000Z,V2910369,7862,45.52292,9.17471,32983.0,4.5,13.4,123.2,-53.3,1.2,-1.0,RS41-SG,404.900,8.5,-125,12,2.6,-1,-1
2025-12-12T00:45:08.000Z,V2910369,7863,45.52286,9.17486,32988.2,6.0,14.6,120.8,-53.3,1.2,-1.0,RS41-SG,404.900,8.5,-125,12,2.6,-1,-1
2025-12-12T00:45:09.000Z,V2910369,7864,45.52280,9.17503,32994.8,7.2,15.4,113.7,-53.4,1.2,-1.0,RS41-SG,404.900,8.1,-125,12,2.5,-1,-1
2025-12-12T00:45:10.000Z,V2910369,7865,45.52275,9.17522,33001.6,6.5,16.1,105.7,-53.4,1.2,-1.0,RS41-SG,404.900,8.1,-125,12,2.5,-1,-1
2025-12-12T00:45:11.000Z,V2910369,7866,45.52272,9.17542,33007.3,4.9,16.8,99.5,-53.4,1.2,-1.0,RS41-SG,404.900,8.1,-125,12,2.5,-1,-1
2025-12-12T00:45:12.000Z,V2910369,7867,45.52270,9.17564,33012.1,5.0,17.7,94.5,-53.4,1.2,-1.0,RS41-SG,404.900,9.4,-125,12,2.6,-1,-1
2025-12-12T00:45:13.000Z,V2910369,7868,45.52269,9.17587,33017.7,5.9,18.5,92.9,-53.4,1.2,-1.0,RS41-SG,404.900,9.4,-125,12,2.6,-1,-1
2025-12-12T00:45:14.000Z,V2910369,7869,45.52268,9.17610,33023.8,6.7,18.7,94.2,-53.5,1.2,-1.0,RS41-SG,404.900,9.0,-125,12,2.5,-1,-1
2025-12-12T00:45:15.000Z,V2910369,7870,45.52266,9.17634,33030.4,5.9,18.4,96.5,-53.5,1.2,-1.0,RS41-SG,404.900,8.7,-125,12,2.5,-1,-1
2025-12-12T00:45:16.000Z,V2910369,7871,45.52264,9.17657,33036.4,5.8,17.3,99.5,-53.5,1.2,-1.0,RS41-SG,404.900,8.2,-125,12,2.5,-1,-1
2025-12-12T00:45:17.000Z,V2910369,7872,45.52261,9.17677,33042.3,5.8,15.7,102.0,-53.5,1.2,-1.0,RS41-SG,404.900,8.7,-125,12,2.6,-1,-1
2025-12-12T00:45:18.000Z,V2910369,7873,45.52258,9.17695,33048.1,5.7,13.6,103.2,-53.6,1.2,-1.0,RS41-SG,404.900,8.7,-125,12,2.6,-1,-1
2025-12-12T00:45:19.000Z,V2910369,7874,45.52256,9.17711,33053.9,5.7,11.5,103.1,-53.6,1.2,-1.0,RS41-SG,404.900,8.0,-125,11,2.5,-1,-1
2025-12-12T00:45:20.000Z,V2910369,7875,45.52254,9.17724,33059.8,5.6,10.0,102.5,-53.6,1.2,-1.0,RS41-SG,404.900,8.0,-125,12,2.5,-1,-1
2025-12-12T00:45:21.000Z,V2910369,7876,45.52252,9.17736,33065.3,5.3,9.2,103.3,-53.7,1.2,-1.0,RS41-SG,404.900,8.3,-125,12,2.5,-1,-1
2025-12-12T00:45:22.000Z,V2910369,7877,45.52250,9.17747,33070.6,5.4,9.2,105.7,-53.7,1.3,-1.0,RS41-SG,404.900,8.3,-125,12,2.6,-1,-1
2025-12-12T00:45:23.000Z,V2910369,7878,45.52247,9.17759,33076.2,5.7,10.7,108.3,-53.7,1.2,-1.0,RS41-SG,404.900,7.6,-125,12,2.6,-1,-1
2025-12-12T00:45:24.000Z,V2910369,7879,45.52243,9.17774,33082.1,6.1,13.0,111.5,-53.8,1.2,-1.0,RS41-SG,404.900,7.3,-125,12,2.5,-1,-1
2025-12-12T00:45:25.000Z,V2910369,7880,45.52239,9.17791,33088.1,6.1,15.6,112.5,-53.8,1.2,-1.0,RS41-SG,404.900,7.2,-125,12,2.5,-1,-1
2025-12-12T00:45:26.000Z,V2910369,7881,45.52233,9.17810,33094.0,5.4,18.2,111.8,-53.8,1.2,-1.0,RS41-SG,404.900,7.2,-125,12,2.5,-1,-1
2025-12-12T00:45:27.000Z,V2910369,7882,45.52227,9.17833,33099.1,5.1,20.0,109.2,-53.8,1.2,-1.0,RS41-SG,404.900,8.5,-125,12,2.6,-1,-1
2025-12-12T00:45:28.000Z,V2910369,7883,45.52222,9.17858,33104.2,5.0,21.2,104.1,-53.8,1.2,-1.0,RS41-SG,404.900,8.6,-125,12,2.6,-1,-1
2025-12-12T00:45:29.000Z,V2910369,7884,45.52218,9.17885,33109.3,5.0,21.4,98.0,-53.8,1.2,-1.0,RS41-SG,404.900,8.6,-125,12,2.6,-1,-1
2025-12-12T00:45:30.000Z,V2910369,7885,45.52217,9.17911,33114.7,5.6,20.6,89.5,-53.8,1.2,-1.0,RS41-SG,404.900,8.0,-125,12,2.5,-1,-1
2025-12-12T00:45:31.000Z,V2910369,7886,45.52218,9.17937,33120.7,5.8,19.5,81.8,-53.7,1.2,-1.0,RS41-SG,404.900,8.5,-125,12,2.5,-1,-1
2025-12-12T00:45:32.000Z,V2910369,7887,45.52222,9.17960,33126.4,5.7,17.7,75.9,-53.7,1.2,-1.0,RS41-SG,404.900,8.8,-125,12,2.5,-1,-1
2025-12-12T00:45:33.000Z,V2910369,7888,45.52225,9.17980,33132.4,6.0,15.3,75.0,-53.7,1.2,-1.0,RS41-SG,404.900,8.8,-125,12,2.5,-1,-1
2025-12-12T00:45:34.000Z,V2910369,7889,45.52228,9.17998,33138.8,7.0,12.3,81.9,-53.6,1.2,-1.0,RS41-SG,404.900,8.5,-125,12,2.6,-1,-1
2025-12-12T00:45:35.000Z,V2910369,7890,45.52228,9.18012,33145.7,7.1,10.7,100.6,-53.6,1.2,-1.0,RS41-SG,404.900,8.5,-125,12,2.6,-1,-1
2025-12-12T00:45:35.999Z,V2910369,7891,45.52224,9.18025,33152.4,5.9,11.6,122.1,-53.5,1.2,-1.0,RS41-SG,404.900,8.5,-125,12,2.5,-1,-1
2025-12-12T00:45:36.999Z,V2910369,7892,45.52217,9.18038,33157.7,4.3,13.9,133.7,-53.5,1.2,-1.0,RS41-SG,404.900,8.2,-125,12,2.5,-1,-1
2025-12-12T00:45:37.999Z,V2910369,7893,45.52207,9.18051,33161.8,4.2,17.0,137.0,-53.4,1.1,-1.0,RS41-SG,404.900,8.2,-125,12,2.5,-1,-1
2025-12-12T00:45:41.999Z,V2910369,7897,45.52167,9.18138,33186.5,5.1,22.1,107.0,-53.0,1.1,-1.0,RS41-SG,404.900,7.1,-125,12,2.5,-1,-1
2025-12-12T00:45:42.999Z,V2910369,7898,45.52163,9.18165,33191.2,4.3,21.9,98.8,-52.9,1.1,-1.0,RS41-SG,404.900,7.6,-125,12,2.5,-1,-1
2025-12-12T00:45:43.999Z,V2910369,7899,45.52161,9.18192,33195.7,4.8,21.0,92.0,-52.9,1.1,-1.0,RS41-SG,404.900,8.1,-125,12,2.6,-1,-1
2025-12-12T00:45:44.999Z,V2910369,7900,45.52161,9.18217,33201.2,6.4,18.8,88.0,-52.9,1.1,-1.0,RS41-SG,404.900,8.1,-125,12,2.6,-1,-1
2025-12-12T00:45:46.999Z,V2910369,7902,45.52161,9.18259,33214.1,5.5,14.0,93.0,-53.0,1.1,-1.0,RS41-SG,404.900,6.6,-125,12,2.5,-1,-1
2025-12-12T00:45:47.999Z,V2910369,7903,45.52160,9.18275,33219.2,4.6,12.4,100.2,-53.0,1.1,-1.0,RS41-SG,404.900,8.7,-125,12,2.5,-1,-1
2025-12-12T00:45:48.999Z,V2910369,7904,45.52157,9.18290,33224.0,5.3,11.7,109.0,-53.0,1.1,-1.0,RS41-SG,404.900,8.7,-125,12,2.6,-1,-1
2025-12-12T00:45:51.999Z,V2910369,7907,45.52145,9.18335,33242.7,6.4,14.3,110.0,-53.0,1.1,-1.0,RS41-SG,404.900,7.8,-125,12,2.5,-1,-1
2025-12-12T00:45:52.999Z,V2910369,7908,45.52140,9.18353,33248.9,5.8,15.7,106.8,-53.0,1.1,-1.0,RS41-SG,404.900,7.8,-125,12,2.5,-1,-1
2025-12-12T00:45:53.999Z,V2910369,7909,45.52137,9.18373,33254.1,5.0,16.8,103.6,-53.0,1.2,-1.0,RS41-SG,404.900,7.2,-125,12,2.6,-1,-1
2025-12-12T00:45:54.999Z,V2910369,7910,45.52133,9.18395,33259.0,5.1,17.7,101.5,-52.9,1.2,-1.0,RS41-SG,404.900,7.1,-125,12,2.6,-1,-1
2025-12-12T00:45:55.999Z,V2910369,7911,45.52130,9.18417,33264.3,5.6,18.1,100.0,-52.9,1.2,-1.0,RS41-SG,404.900,7.5,-125,12,2.5,-1,-1
2025-12-12T00:45:56.999Z,V2910369,7912,45.52127,9.18440,33270.0,5.9,18.0,100.7,-52.9,1.1,-1.0,RS41-SG,404.900,7.6,-125,12,2.5,-1,-1
2025-12-12T00:45:57.999Z,V2910369,7913,45.52124,9.18462,33275.6,5.2,17.9,101.2,-52.8,1.1,-1.0,RS41-SG,404.900,7.9,-125,11,2.5,-1,-1
2025-12-12T00:45:58.999Z,V2910369,7914,45.52121,9.18485,33280.6,4.9,18.1,101.6,-52.8,1.1,-1.0,RS41-SG,404.900,7.9,-125,12,2.6,-1,-1
2025-12-12T00:45:59.999Z,V2910369,7915,45.52118,9.18507,33285.7,5.3,18.5,100.8,-52.8,1.1,-1.0,RS41-SG,404.900,7.3,-125,12,2.6,-1,-1
2025-12-12T00:46:02.999Z,V2910369,7918,45.52112,9.18579,33303.0,6.2,18.9,93.3,-52.6,1.1,-1.0,RS41-SG,404.900,6.9,-125,12,2.5,-1,-1
2025-12-12T00:46:04.999Z,V2910369,7920,45.52111,9.18625,33314.8,5.7,16.9,88.7,-52.5,1.1,-1.0,RS41-SG,404.900,7.1,-125,11,2.6,-1,-1
2025-12-12T00:46:05.999Z,V2910369,7921,45.52112,9.18645,33320.7,5.7,14.8,87.5,-52.5,1.1,-1.0,RS41-SG,404.900,7.7,-125,12,2.6,-1,-1
2025-12-12T00:46:06.999Z,V2910369,7922,45.52112,9.18663,33326.4,5.5,12.6,88.8,-52.4,1.1,-1.0,RS41-SG,404.900,7.7,-125,12,2.5,-1,-1
2025-12-12T00:46:07.999Z,V2910369,7923,45.52112,9.18677,33332.0,5.5,10.5,92.5,-52.3,1.1,-1.0,RS41-SG,404.900,7.9,-125,12,2.5,-1,-1
2025-12-12T00:46:12.999Z,V2910369,7928,45.52096,9.18753,33361.8,5.6,19.0,106.9,-52.3,1.1,-1.0,RS41-SG,404.900,6.2,-125,12,2.5,-1,-1
2025-12-12T00:46:27.999Z,V2910369,7943,45.52087,9.19088,33440.4,5.2,21.4,101.0,-52.0,1.1,-1.0,RS41-SG,404.900,7.1,-125,12,2.5,-1,-1
2025-12-12T00:46:28.999Z,V2910369,7944,45.52084,9.19115,33446.4,6.6,21.6,96.3,-52.0,1.1,-1.0,RS41-SG,404.900,7.1,-125,12,2.5,-1,-1
2025-12-12T00:46:32.999Z,V2910369,7948,45.52087,9.19216,33468.0,5.0,17.9,79.0,-52.1,1.1,-1.0,RS41-SG,404.900,6.7,-125,12,2.6,-1,-1
2025-12-12T00:46:34.999Z,V2910369,7950,45.52093,9.19259,33479.8,6.4,16.7,79.2,-52.1,1.1,-1.0,RS41-SG,404.900,7.1,-125,12,2.5,-1,-1
2025-12-12T00:46:36.999Z,V2910369,7952,45.52097,9.19300,33491.1,5.1,15.5,89.1,-52.1,1.1,-1.0,RS41-SG,404.900,7.8,-125,12,2.5,-1,-1
2025-12-12T00:46:48.999Z,V2910369,7964,45.52073,9.19578,33555.0,6.3,23.1,80.4,-52.0,1.1,-1.0,RS41-SG,404.900,6.6,-125,12,2.6,-1,-1
2025-12-12T00:46:49.999Z,V2910369,7965,45.52077,9.19605,33561.6,6.8,19.8,79.5,-51.9,1.1,-1.0,RS41-SG,404.900,6.8,-125,12,2.5,-1,-1
2025-12-12T00:46:50.999Z,V2910369,7966,45.52079,9.19627,33568.1,5.8,16.2,80.9,-51.9,1.1,-1.0,RS41-SG,404.900,6.8,-125,12,2.5,-1,-1
2025-12-12T00:46:51.999Z,V2910369,7967,45.52081,9.19646,33573.3,4.4,13.2,86.0,-51.9,1.1,-1.0,RS41-SG,404.900,7.2,-125,12,2.5,-1,-1
2025-12-12T00:46:52.999Z,V2910369,7968,45.52081,9.19661,33577.4,4.1,11.3,96.0,-51.9,1.1,-1.0,RS41-SG,404.900,7.5,-125,12,2.6,-1,-1
2025-12-12T00:46:53.999Z,V2910369,7969,45.52079,9.19675,33582.0,5.3,11.4,108.5,-51.9,1.1,-1.0,RS41-SG,404.900,7.5,-125,12,2.6,-1,-1
2025-12-12T00:46:56.999Z,V2910369,7972,45.52063,9.19731,33601.2,5.6,20.3,109.1,-51.9,1.1,-1.0,RS41-SG,404.900,7.6,-125,12,2.5,-1,-1
2025-12-12T00:46:57.999Z,V2910369,7973,45.52058,9.19757,33606.2,4.5,22.9,104.3,-51.9,1.1,-1.0,RS41-SG,404.900,7.6,-125,11,2.6,-1,-1
2025-12-12T00:46:58.999Z,V2910369,7974,45.52054,9.19787,33610.7,4.8,24.9,98.6,-51.9,1.1,-1.0,RS41-SG,404.900,7.6,-125,12,2.6,-1,-1
2025-12-12T00:47:01.999Z,V2910369,7977,45.52054,9.19883,33627.3,5.3,23.9,81.5,-51.9,1.1,-1.0,RS41-SG,404.900,7.1,-125,12,2.5,-1,-1
2025-12-12T00:47:02.999Z,V2910369,7978,45.52057,9.19912,33632.3,4.7,22.5,77.3,-51.9,1.1,-1.0,RS41-SG,404.900,7.6,-125,12,2.5,-1,-1
2025-12-12T00:47:03.999Z,V2910369,7979,45.52062,9.19939,33636.7,4.5,21.1,73.7,-51.9,1.1,-1.0,RS41-SG,404.900,7.7,-125,12,2.5,-1,-1
2025-12-12T00:47:04.999Z,V2910369,7980,45.52067,9.19963,33641.3,5.0,19.8,73.1,-51.9,1.1,-1.0,RS41-SG,404.900,7.7,-125,12,2.6,-1,-1
2025-12-12T00:47:05.999Z,V2910369,7981,45.52072,9.19987,33646.5,5.9,19.3,75.6,-51.9,1.1,-1.0,RS41-SG,404.900,7.7,-125,12,2.6,-1,-1
2025-12-12T00:47:06.999Z,V2910369,7982,45.52076,9.20011,33652.5,6.2,19.3,80.6,-51.8,1.1,-1.0,RS41-SG,404.900,7.7,-125,12,2.5,-1,-1
2025-12-12T00:47:07.999Z,V2910369,7983,45.52078,9.20036,33658.8,6.1,20.0,86.7,-51.8,1.0,-1.0,RS41-SG,404.900,7.7,-125,12,2.5,-1,-1
2025-12-12T00:47:08.999Z,V2910369,7984,45.52078,9.20062,33664.7,5.7,21.1,91.9,-51.7,1.1,-1.0,RS41-SG,404.900,8.0,-125,12,2.5,-1,-1
2025-12-12T00:47:09.999Z,V2910369,7985,45.52076,9.20090,33670.1,5.1,22.1,95.6,-51.6,1.0,-1.0,RS41-SG,404.900,8.1,-125,12,2.6,-1,-1
2025-12-12T00:47:10.999Z,V2910369,7986,45.52074,9.20118,33675.2,5.3,22.8,98.0,-51.6,1.0,-1.0,RS41-SG,404.900,8.1,-125,11,2.6,-1,-1
2025-12-12T00:47:11.999Z,V2910369,7987,45.52071,9.20147,33680.7,5.9,22.9,98.9,-51.5,1.0,-1.0,RS41-SG,404.900,7.6,-125,12,2.5,-1,-1
2025-12-12T00:47:12.999Z,V2910369,7988,45.52068,9.20176,33686.8,6.1,22.5,98.0,-51.5,1.0,-1.0,RS41-SG,404.900,7.7,-125,12,2.5,-1,-1
2025-12-12T00:47:13.999Z,V2910369,7989,45.52066,9.20204,33693.0,6.3,21.8,96.3,-51.4,1.1,-1.0,RS41-SG,404.900,7.7,-125,12,2.5,-1,-1
2025-12-12T00:47:15.999Z,V2910369,7991,45.52063,9.20258,33704.9,5.5,21.2,90.9,-51.4,1.0,-1.0,RS41,404.900,7.7,-125,12,2.6,-1,-1
2025-12-12T00:47:16.999Z,V2910369,7992,45.52063,9.20286,33710.3,5.2,22.1,87.8,-51.4,1.0,-1.0,RS41,404.900,7.7,-125,12,2.6,-1,-1
2025-12-12T00:47:17.999Z,V2910369,7993,45.52064,9.20315,33715.5,5.3,23.6,85.7,-51.3,1.0,-1.0,RS41,404.900,7.5,-125,12,2.5,-1,-1
2025-12-12T00:47:18.999Z,V2910369,7994,45.52067,9.20346,33721.0,5.4,25.7,83.9,-51.3,1.0,-1.0,RS41,404.900,8.2,-125,12,2.5,-1,-1
2025-12-12T00:47:19.999Z,V2910369,7995,45.52069,9.20380,33726.3,5.4,27.7,82.7,-51.3,1.0,-1.0,RS41,404.900,8.2,-125,12,2.5,-1,-1
2025-12-12T00:47:20.999Z,V2910369,7996,45.52073,9.20415,33731.4,5.2,28.9,82.5,-51.3,1.0,-1.0,RS41,404.900,8.2,-125,12,2.5,-1,-1
2025-12-12T00:47:21.999Z,V2910369,7997,45.52076,9.20452,33736.7,5.5,29.3,82.3,-51.3,1.0,-1.0,RS41,404.900,7.9,-125,12,2.6,-1,-1
2025-12-12T00:47:22.999Z,V2910369,7998,45.52079,9.20488,33742.3,5.8,28.4,82.8,-51.3,1.0,-1.0,RS41,404.900,7.9,-125,12,2.6,-1,-1
2025-12-12T00:47:23.999Z,V2910369,7999,45.52082,9.20523,33748.2,6.1,26.7,83.6,-51.3,1.0,-1.0,RS41,404.900,7.9,-125,12,2.5,-1,-1
2025-12-12T00:47:24.999Z,V2910369,8000,45.52084,9.20556,33754.1,5.5,24.6,85.9,-51.3,1.0,-1.0,RS41,404.900,7.9,-125,12,2.5,-1,-1
2025-12-12T00:47:25.999Z,V2910369,8001,45.52085,9.20586,33759.3,4.9,22.5,89.7,-51.2,1.0,-1.0,RS41,404.900,7.7,-125,12,2.5,-1,-1
2025-12-12T00:47:26.999Z,V2910369,8002,45.52084,9.20613,33763.8,4.5,21.4,94.7,-51.2,1.0,-1.0,RS41,404.900,7.7,-125,11,2.6,-1,-1
2025-12-12T00:47:27.999Z,V2910369,8003,45.52082,9.20640,33768.3,4.4,21.5,100.6,-51.2,1.0,-1.0,RS41,404.900,7.4,-125,12,2.6,-1,-1
2025-12-12T00:47:28.999Z,V2910369,8004,45.52078,9.20668,33773.2,5.1,23.0,103.4,-51.2,1.0,-1.0,RS41,404.900,7.2,-125,12,2.5,-1,-1
2025-12-12T00:47:29.999Z,V2910369,8005,45.52073,9.20698,33778.8,6.0,25.6,103.4,-51.2,1.0,-1.0,RS41,404.900,7.5,-125,12,2.5,-1,-1
2025-12-12T00:47:35.999Z,V2910369,8011,45.52068,9.20943,33810.6,5.4,33.4,79.8,-51.0,1.0,-1.0,RS41,404.900,7.1,-125,12,2.5,-1,-1
2025-12-12T00:47:36.999Z,V2910369,8012,45.52074,9.20983,33816.2,5.7,30.5,76.6,-51.0,1.0,-1.0,RS41,404.900,7.5,-125,12,2.5,-1,-1
2025-12-12T00:47:37.999Z,V2910369,8013,45.52080,9.21018,33821.8,5.4,26.8,74.9,-50.9,1.0,-1.0,RS41,404.900,7.5,-125,12,2.5,-1,-1
2025-12-12T00:47:38.999Z,V2910369,8014,45.52086,9.21049,33827.0,5.2,23.0,75.8,-50.8,1.0,-1.0,RS41,404.900,8.0,-125,12,2.6,-1,-1
2025-12-12T00:47:39.999Z,V2910369,8015,45.52090,9.21076,33832.1,5.1,20.1,80.4,-50.8,1.0,-1.0,RS41,404.900,8.0,-125,12,2.6,-1,-1
2025-12-12T00:47:44.999Z,V2910369,8020,45.52072,9.21229,33859.6,3.9,34.3,104.0,-50.9,1.0,-1.0,RS41,404.900,6.9,-125,12,2.6,-1,-1
2025-12-12T00:47:45.999Z,V2910369,8021,45.52065,9.21274,33862.8,2.7,37.7,101.7,-50.9,1.0,-1.0,RS41,404.900,6.9,-125,12,2.5,-1,-1
2025-12-12T00:47:50.999Z,V2910369,8026,45.52058,9.21504,33888.5,5.1,29.0,83.5,-51.0,1.0,-1.0,RS41,404.900,6.7,-125,11,2.6,-1,-1
2025-12-12T00:47:58.999Z,V2910369,8034,45.52042,9.21773,33925.8,2.9,35.9,103.5,-50.9,1.0,-1.0,RS41,404.900,7.0,-125,12,2.5,-1,-1
2025-12-12T00:48:31.999Z,V2910369,8067,45.51848,9.23015,33270.8,-41.3,15.5,77.6,-51.3,1.1,-1.0,RS41,404.900,7.2,-125,12,2.5,-1,-1
2025-12-12T00:48:37.999Z,V2910369,8073,45.51860,9.23175,33058.7,-38.3,28.4,93.3,-52.8,1.2,-1.0,RS41,404.900,7.6,-125,12,2.5,-1,-1
2025-12-12T00:48:38.999Z,V2910369,8074,45.51857,9.23212,33020.7,-39.2,29.6,98.3,-52.9,1.3,-1.0,RS41,404.900,7.6,-125,12,2.5,-1,-1
2025-12-12T00:48:39.999Z,V2910369,8075,45.51853,9.23250,32982.3,-39.2,31.3,102.1,-52.9,1.3,-1.0,RS41,404.900,7.5,-125,12,2.6,-1,-1
2025-12-12T00:48:40.999Z,V2910369,8076,45.51846,9.23289,32944.7,-37.7,31.8,105.7,-52.8,1.2,-1.0,RS41,404.900,7.3,-125,11,2.6,-1,-1
2025-12-12T00:48:42.999Z,V2910369,8078,45.51827,9.23363,32872.1,-36.2,30.1,113.7,-52.5,1.1,-1.0,RS41,404.900,7.0,-125,11,2.5,-1,-1
2025-12-12T00:48:57.999Z,V2910369,8093,45.51766,9.23597,32334.0,-37.1,24.2,65.1,-50.7,1.0,-1.0,RS41,404.900,8.2,-125,12,2.6,-1,-1
2025-12-12T00:48:58.999Z,V2910369,8094,45.51775,9.23627,32297.8,-37.4,27.5,71.4,-50.7,1.0,-1.0,RS41,404.900,8.4,-125,11,2.6,-1,-1
2025-12-12T00:48:59.999Z,V2910369,8095,45.51782,9.23663,32261.6,-37.1,30.1,77.4,-50.6,1.0,-1.0,RS41,404.900,8.5,-125,12,2.5,-1,-1
2025-12-12T00:49:00.999Z,V2910369,8096,45.51786,9.23702,32225.6,-36.5,32.3,84.1,-50.4,0.9,-1.0,RS41,404.900,8.7,-125,12,2.5,-1,-1
2025-12-12T00:49:01.999Z,V2910369,8097,45.51787,9.23745,32190.1,-35.9,34.2,90.4,-50.3,0.9,-1.0,RS41,404.900,8.7,-125,12,2.5,-1,-1
2025-12-12T00:49:02.999Z,V2910369,8098,45.51785,9.23789,32154.9,-35.7,35.2,97.9,-50.3,0.9,-1.0,RS41,404.900,8.3,-125,12,2.5,-1,-1
2025-12-12T00:49:03.999Z,V2910369,8099,45.51779,9.23833,32119.7,-35.6,34.9,105.5,-50.2,1.0,-1.0,RS41,404.900,8.2,-125,12,2.6,-1,-1
2025-12-12T00:49:04.999Z,V2910369,8100,45.51769,9.23874,32084.5,-35.9,33.1,113.6,-50.3,1.0,-1.0,RS41,404.900,8.2,-125,12,2.6,-1,-1
2025-12-12T00:49:05.999Z,V2910369,8101,45.51755,9.23910,32049.3,-36.4,30.8,120.6,-50.5,1.0,-1.0,RS41,404.900,7.4,-125,12,2.5,-1,-1
2025-12-12T00:49:06.999Z,V2910369,8102,45.51741,9.23940,32014.1,-36.0,27.3,128.3,-50.6,1.0,-1.0,RS41,404.900,6.6,-125,12,2.5,-1,-1
2025-12-12T00:49:07.999Z,V2910369,8103,45.51726,9.23964,31978.6,-35.8,23.2,134.9,-50.8,1.0,-1.0,RS41,404.900,6.7,-125,12,2.5,-1,-1
2025-12-12T00:49:16.999Z,V2910369,8112,45.51704,9.24022,31665.0,-34.6,14.6,40.8,-51.6,1.1,-1.0,RS41,404.900,8.1,-125,12,2.6,-1,-1
2025-12-12T00:49:17.999Z,V2910369,8113,45.51713,9.24037,31631.7,-33.9,16.3,51.9,-51.9,1.2,-1.0,RS41,404.900,8.1,-125,12,2.5,-1,-1
2025-12-12T00:49:18.999Z,V2910369,8114,45.51722,9.24055,31599.1,-33.0,18.4,64.0,-52.1,1.2,-1.0,RS41,404.900,8.4,-125,11,2.5,-1,-1
2025-12-12T00:49:19.999Z,V2910369,8115,45.51727,9.24079,31567.1,-32.8,20.7,75.3,-52.1,1.2,-1.0,RS41,404.900,8.5,-125,12,2.5,-1,-1
2025-12-12T00:49:20.999Z,V2910369,8116,45.51730,9.24106,31535.1,-32.5,22.2,88.2,-52.0,1.2,-1.0,RS41,404.900,8.5,-125,12,2.6,-1,-1
2025-12-12T00:49:21.999Z,V2910369,8117,45.51728,9.24135,31503.0,-32.9,23.6,100.1,-52.0,1.1,-1.0,RS41,404.900,8.5,-125,12,2.6,-1,-1
2025-12-12T00:49:22.999Z,V2910369,8118,45.51722,9.24165,31470.2,-33.6,25.0,111.2,-51.9,1.1,-1.0,RS41,404.900,8.5,-125,12,2.5,-1,-1
2025-12-12T00:49:23.999Z,V2910369,8119,45.51712,9.24193,31436.9,-34.4,25.3,121.5,-51.7,1.1,-1.0,RS41,404.900,8.5,-125,12,2.5,-1,-1
2025-12-12T00:49:24.999Z,V2910369,8120,45.51699,9.24219,31402.9,-34.7,25.3,131.2,-51.6,1.1,-1.0,RS41,404.900,8.1,-125,12,2.5,-1,-1
2025-12-12T00:49:27.999Z,V2910369,8123,45.51648,9.24268,31302.5,-33.7,19.6,160.8,-51.1,1.0,-1.0,RS41,404.900,7.3,-125,12,2.6,-1,-1
2025-12-12T00:49:35.999Z,V2910369,8131,45.51625,9.24245,31039.3,-34.4,13.1,1.8,-51.4,1.0,-1.0,RS41,404.900,7.1,-125,12,2.5,-1,-1
2025-12-12T00:49:36.999Z,V2910369,8132,45.51638,9.24248,31005.5,-34.0,15.7,15.5,-51.3,1.0,-1.0,RS41,404.900,7.2,-125,12,2.5,-1,-1
2025-12-12T00:49:37.999Z,V2910369,8133,45.51652,9.24256,30972.2,-33.5,18.0,27.7,-51.2,1.0,-1.0,RS41,404.900,7.3,-125,12,2.6,-1,-1
2025-12-12T00:49:38.999Z,V2910369,8134,45.51666,9.24270,30939.1,-33.2,19.6,41.3,-51.2,1.0,-1.0,RS41,404.900,7.3,-125,12,2.6,-1,-1
2025-12-12T00:49:39.999Z,V2910369,8135,45.51678,9.24289,30906.7,-32.5,20.9,54.5,-51.4,1.0,-1.0,RS41,404.900,7.8,-125,12,2.6,-1,-1
2025-12-12T00:49:40.999Z,V2910369,8136,45.51687,9.24312,30875.1,-32.4,21.1,67.2,-51.8,1.1,-1.0,RS41,404.900,7.8,-125,12,2.5,-1,-1
2025-12-12T00:49:41.999Z,V2910369,8137,45.51693,9.24339,30843.6,-32.2,21.8,79.3,-52.1,1.1,-1.0,RS41,404.900,7.4,-125,11,2.5,-1,-1
2025-12-12T00:49:42.999Z,V2910369,8138,45.51695,9.24367,30811.7,-32.6,22.6,89.4,-52.1,1.1,-1.0,RS41,404.900,8.4,-125,12,2.5,-1,-1
2025-12-12T00:49:43.999Z,V2910369,8139,45.51693,9.24396,30779.5,-32.9,23.1,99.9,-52.4,1.1,-1.0,RS41,404.900,8.4,-125,12,2.5,-1,-1
2025-12-12T00:49:44.999Z,V2910369,8140,45.51688,9.24424,30747.3,-32.9,22.7,109.7,-52.8,1.2,-1.0,RS41,404.900,8.5,-125,12,2.6,-1,-1
2025-12-12T00:49:45.999Z,V2910369,8141,45.51679,9.24450,30715.2,-32.6,22.0,123.1,-53.2,1.2,-1.0,RS41,404.900,8.5,-125,11,2.6,-1,-1
2025-12-12T00:49:47.999Z,V2910369,8143,45.51652,9.24487,30652.6,-31.7,19.6,150.1,-54.0,1.4,-1.0,RS41,404.900,7.8,-125,12,2.5,-1,-1
2025-12-12T00:50:01.999Z,V2910369,8157,45.51606,9.24496,30224.7,-31.0,17.4,82.8,-54.0,1.2,-1.0,RS41,404.900,7.1,-125,11,2.6,-1,-1
2025-12-12T00:50:03.999Z,V2910369,8159,45.51604,9.24545,30163.6,-31.5,21.4,102.5,-53.7,1.1,-1.0,RS41,404.900,7.2,-125,12,2.6,-1,-1
2025-12-12T00:50:05.999Z,V2910369,8161,45.51589,9.24600,30103.4,-30.2,24.1,118.4,-53.4,1.1,-1.0,RS41,404.900,7.5,-125,12,2.5,-1,-1
2025-12-12T00:50:06.999Z,V2910369,8162,45.51577,9.24626,30074.0,-30.0,24.7,128.5,-53.2,1.1,-1.0,RS41,404.900,7.5,-125,12,2.5,-1,-1
