timestamp,serial,frame,lat,lon,alt,vel_v,vel_h,heading,temp,humidity,pressure,type,freq_mhz,snr,f_error_hz,sats,batt_v,burst_timer,aux_data
2025-04-29T11:55:33.000Z,M20-407-2-02283,1429962933,43.89162,4.27016,13052.5,6.3,12.1,156.3,-56.6,3.5,167.1,0x20,405.003,6.0,375,-1,2.4,-1,-1
2025-04-29T11:55:37.000Z,M20-407-2-02283,1429962937,43.89122,4.27044,13074.1,6.8,12.6,154.8,-56.5,3.5,166.5,0x20,405.003,5.1,750,-1,2.4,-1,-1
2025-04-29T11:55:40.000Z,M20-407-2-02283,1429962940,43.89095,4.27062,13088.0,3.8,9.4,147.9,-56.5,3.5,166.1,0x20,405.003,5.9,375,-1,2.4,-1,-1
2025-04-29T11:55:45.000Z,M20-407-2-02283,1429962945,43.89052,4.27092,13115.7,8.3,11.0,158.7,-56.7,3.4,165.5,0x20,405.003,6.5,375,-1,2.4,-1,-1
2025-04-29T11:56:04.000Z,M20-407-2-02283,1429962964,43.88896,4.27162,13213.0,5.3,7.5,157.4,-56.2,3.3,162.8,0x20,405.003,4.7,375,-1,2.4,-1,-1
2025-04-29T11:56:05.000Z,M20-407-2-02283,1429962965,43.88890,4.27166,13218.8,5.7,7.3,154.8,-56.3,3.2,162.6,0x20,405.003,5.3,375,-1,2.4,-1,-1
2025-04-29T11:56:06.000Z,M20-407-2-02283,1429962966,43.88884,4.27169,13225.1,6.8,8.1,162.1,-56.2,3.3,162.5,0x20,405.003,5.9,375,-1,2.4,-1,-1
2025-04-29T11:56:22.000Z,M20-407-2-02283,1429962982,43.88767,4.27270,13306.7,8.0,14.1,148.0,-56.6,3.0,160.3,0x20,405.003,6.7,375,-1,2.4,-1,-1
2025-04-29T11:56:29.000Z,M20-407-2-02283,1429962989,43.88717,4.27307,13350.4,8.4,7.2,164.6,-56.8,3.0,159.3,0x20,405.003,5.2,375,-1,2.4,-1,-1
2025-04-29T11:56:32.000Z,M20-407-2-02283,1429962992,43.88694,4.27324,13368.8,8.0,12.5,139.4,-56.8,2.9,158.9,0x20,405.003,7.1,375,-1,2.4,-1,-1
2025-04-29T11:56:34.000Z,M20-407-2-02283,1429962994,43.88676,4.27343,13376.5,5.0,12.8,150.3,-56.7,2.9,158.6,0x20,405.003,8.0,750,-1,2.4,-1,-1
2025-04-29T11:56:39.000Z,M20-407-2-02283,1429962999,43.88635,4.27370,13405.3,9.5,8.0,139.7,-56.4,2.8,157.9,0x20,405.003,8.3,375,-1,2.4,-1,-1
2025-04-29T11:56:40.000Z,M20-407-2-02283,1429963000,43.88629,4.27377,13411.6,3.4,9.8,141.8,-56.4,2.8,157.7,0x20,405.003,7.3,375,-1,2.4,-1,-1
2025-04-29T11:56:49.000Z,M20-407-2-02283,1429963009,43.88558,4.27456,13452.3,3.8,10.2,152.1,-56.2,2.8,156.7,0x20,405.003,7.0,375,-1,2.4,-1,-1
2025-04-29T11:56:54.000Z,M20-407-2-02283,1429963014,43.88521,4.27490,13476.6,5.5,9.7,131.4,-56.2,2.7,156.1,0x20,405.003,5.5,375,-1,2.4,-1,-1
2025-04-29T11:56:57.000Z,M20-407-2-02283,1429963017,43.88504,4.27517,13489.0,5.9,10.1,136.6,-56.2,2.7,155.7,0x20,405.003,5.4,375,-1,2.4,-1,-1
2025-04-29T11:56:58.000Z,M20-407-2-02283,1429963018,43.88497,4.27525,13492.8,2.2,10.7,140.1,-56.1,2.7,155.6,0x20,405.003,6.1,375,-1,2.4,-1,-1
2025-04-29T11:56:59.000Z,M20-407-2-02283,1429963019,43.88488,4.27535,13496.2,4.5,14.1,144.6,-56.1,2.7,155.5,0x20,405.003,6.8,375,-1,2.4,-1,-1
2025-04-29T11:57:28.000Z,M20-407-2-02283,1429963048,43.88252,4.27738,13632.7,5.9,10.8,156.5,-56.1,2.7,152.2,0x20,405.003,8.3,375,-1,2.4,-1,-1
2025-04-29T11:57:30.000Z,M20-407-2-02283,1429963050,43.88236,4.27751,13642.9,5.8,10.3,146.8,-56.1,2.6,152.0,0x20,405.003,8.1,375,-1,2.4,-1,-1
2025-04-29T11:57:32.000Z,M20-407-2-02283,1429963052,43.88220,4.27765,13652.0,4.7,11.0,146.4,-56.1,2.6,151.8,0x20,405.003,6.8,375,-1,2.4,-1,-1
2025-04-29T11:57:34.000Z,M20-407-2-02283,1429963054,43.88205,4.27780,13661.2,5.3,9.9,144.5,-56.0,2.6,151.6,0x20,405.003,3.8,375,-1,2.4,-1,-1
2025-04-29T11:57:35.000Z,M20-407-2-02283,1429963055,43.88197,4.27786,13667.2,6.4,11.0,158.4,-56.0,2.6,151.4,0x20,405.003,4.7,375,-1,2.4,-1,-1
2025-04-29T11:57:36.000Z,M20-407-2-02283,1429963056,43.88187,4.27791,13672.5,4.4,11.4,165.6,-56.1,2.6,151.3,0x20,405.003,5.0,375,-1,2.4,-1,-1
2025-04-29T11:57:41.000Z,M20-407-2-02283,1429963061,43.88142,4.27807,13694.7,6.2,11.1,155.9,-56.0,2.5,150.8,0x20,405.003,7.3,375,-1,2.4,-1,-1
2025-04-29T11:57:42.000Z,M20-407-2-02283,1429963062,43.88134,4.27813,13699.4,3.2,10.6,150.7,-56.0,2.5,150.7,0x20,405.003,7.6,375,-1,2.4,-1,-1
2025-04-29T11:57:57.000Z,M20-407-2-02283,1429963077,43.88019,4.27908,13768.6,3.8,10.0,136.0,-55.4,2.5,148.9,0x20,405.003,8.2,375,-1,2.4,-1,-1
2025-04-29T11:57:58.000Z,M20-407-2-02283,1429963078,43.88012,4.27916,13773.3,5.0,9.8,139.7,-55.4,2.5,148.8,0x20,405.003,8.2,375,-1,2.4,-1,-1
2025-04-29T11:57:59.000Z,M20-407-2-02283,1429963079,43.88005,4.27923,13778.8,5.7,9.1,151.7,-55.3,2.4,148.7,0x20,405.003,8.0,375,-1,2.4,-1,-1
2025-04-29T11:58:01.000Z,M20-407-2-02283,1429963081,43.87992,4.27932,13790.8,3.2,8.7,147.7,-55.3,2.4,148.5,0x20,405.003,5.5,375,-1,2.4,-1,-1
2025-04-29T11:58:03.000Z,M20-407-2-02283,1429963083,43.87977,4.27944,13802.9,7.6,10.2,149.2,-55.4,2.4,148.2,0x20,405.003,5.3,375,-1,2.4,-1,-1
2025-04-29T11:58:17.000Z,M20-407-2-02283,1429963097,43.87885,4.28055,13876.3,3.0,8.9,150.0,-55.7,2.3,146.5,0x20,405.003,6.5,375,-1,2.4,-1,-1
2025-04-29T11:58:21.000Z,M20-407-2-02283,1429963101,43.87851,4.28090,13896.5,4.8,12.3,138.6,-55.7,2.3,146.0,0x20,405.003,8.3,375,-1,2.4,-1,-1
2025-04-29T11:58:26.000Z,M20-407-2-02283,1429963106,43.87816,4.28137,13923.0,5.3,9.0,135.2,-55.6,2.2,145.5,0x20,405.003,6.2,375,-1,2.4,-1,-1
2025-04-29T11:58:31.000Z,M20-407-2-02283,1429963111,43.87779,4.28180,13946.3,4.7,13.4,126.8,-55.6,2.2,144.9,0x20,405.003,7.7,375,-1,2.4,-1,-1
2025-04-29T11:58:39.000Z,M20-407-2-02283,1429963119,43.87721,4.28263,13981.3,5.8,11.1,138.7,-55.7,2.1,144.1,0x20,405.003,6.3,375,-1,2.4,-1,-1
2025-04-29T11:58:45.000Z,M20-407-2-02283,1429963125,43.87678,4.28328,14011.6,6.0,11.9,129.8,-55.8,2.0,143.4,0x20,405.003,8.7,375,-1,2.4,-1,-1
2025-04-29T11:58:49.000Z,M20-407-2-02283,1429963129,43.87651,4.28372,14029.9,4.8,12.6,129.4,-55.8,2.0,142.9,0x20,405.003,6.0,375,-1,2.4,-1,-1
2025-04-29T11:58:51.000Z,M20-407-2-02283,1429963131,43.87635,4.28394,14039.5,2.6,11.7,137.2,-55.8,2.0,142.7,0x20,405.003,6.2,750,-1,2.4,-1,-1
2025-04-29T11:58:52.000Z,M20-407-2-02283,1429963132,43.87627,4.28404,14044.5,7.1,12.9,134.8,-55.9,2.0,142.6,0x20,405.003,8.2,0,-1,2.4,-1,-1
2025-04-29T11:58:53.000Z,M20-407-2-02283,1429963133,43.87619,4.28416,14050.4,5.4,13.3,133.2,-55.9,2.0,142.5,0x20,405.003,6.0,0,-1,2.4,-1,-1
2025-04-29T11:58:55.000Z,M20-407-2-02283,1429963135,43.87604,4.28438,14061.0,3.3,11.4,137.5,-55.8,2.0,142.2,0x20,405.003,7.4,0,-1,2.4,-1,-1
2025-04-29T11:58:56.000Z,M20-407-2-02283,1429963136,43.87597,4.28448,14066.2,7.0,11.5,134.0,-55.7,2.0,142.1,0x20,405.003,9.0,0,-1,2.4,-1,-1
2025-04-29T11:58:57.000Z,M20-407-2-02283,1429963137,43.87590,4.28458,14071.7,4.0,11.9,131.4,-55.6,1.9,142.0,0x20,405.003,9.7,0,-1,2.4,-1,-1
2025-04-29T11:59:04.000Z,M20-407-2-02283,1429963144,43.87541,4.28529,14105.8,7.3,13.4,134.7,-55.3,1.9,141.2,0x20,405.003,9.2,375,-1,2.4,-1,-1
2025-04-29T11:59:06.000Z,M20-407-2-02283,1429963146,43.87524,4.28553,14115.9,5.5,12.8,132.4,-55.3,1.9,140.9,0x20,405.003,7.1,375,-1,2.4,-1,-1
2025-04-29T11:59:07.000Z,M20-407-2-02283,1429963147,43.87517,4.28564,14121.9,6.5,10.6,133.2,-55.3,1.9,140.8,0x20,405.003,5.1,375,-1,2.4,-1,-1
2025-04-29T11:59:12.000Z,M20-407-2-02283,1429963152,43.87487,4.28616,14149.3,6.5,12.6,136.5,-55.4,1.8,140.2,0x20,405.003,7.2,375,-1,2.4,-1,-1
2025-04-29T11:59:16.000Z,M20-407-2-02283,1429963156,43.87450,4.28659,14171.6,6.2,11.9,142.2,-55.6,1.8,139.8,0x20,405.003,7.7,375,-1,2.4,-1,-1
2025-04-29T11:59:24.000Z,M20-407-2-02283,1429963164,43.87390,4.28747,14211.1,6.1,12.0,138.7,-55.7,1.7,138.8,0x20,405.003,6.1,375,-1,2.4,-1,-1
2025-04-29T11:59:25.000Z,M20-407-2-02283,1429963165,43.87383,4.28757,14216.8,5.0,10.2,131.9,-55.8,1.7,138.7,0x20,405.003,6.5,375,-1,2.4,-1,-1
2025-04-29T11:59:26.000Z,M20-407-2-02283,1429963166,43.87377,4.28767,14222.0,5.3,10.3,124.0,-55.8,1.7,138.6,0x20,405.003,8.4,375,-1,2.4,-1,-1
2025-04-29T11:59:28.000Z,M20-407-2-02283,1429963168,43.87366,4.28789,14233.1,6.8,11.2,131.3,-55.8,1.7,138.4,0x20,405.003,9.1,375,-1,2.4,-1,-1
2025-04-29T11:59:30.000Z,M20-407-2-02283,1429963170,43.87350,4.28806,14246.3,5.4,11.3,150.5,-55.9,1.6,138.1,0x20,405.003,7.7,375,-1,2.4,-1,-1
2025-04-29T11:59:35.000Z,M20-407-2-02283,1429963175,43.87303,4.28848,14271.8,4.2,11.5,117.0,-56.0,1.7,137.6,0x20,405.003,9.9,375,-1,2.4,-1,-1
2025-04-29T11:59:36.000Z,M20-407-2-02283,1429963176,43.87299,4.28861,14276.6,5.5,10.4,112.8,-56.0,1.6,137.4,0x20,405.003,9.9,375,-1,2.4,-1,-1
2025-04-29T11:59:37.000Z,M20-407-2-02283,1429963177,43.87295,4.28872,14281.5,4.5,9.6,122.2,-56.0,1.6,137.4,0x20,405.003,10.2,375,-1,2.4,-1,-1
2025-04-29T11:59:38.000Z,M20-407-2-02283,1429963178,43.87290,4.28881,14285.7,4.2,9.8,135.9,-56.0,1.6,137.3,0x20,405.003,10.2,375,-1,2.4,-1,-1
2025-04-29T11:59:39.000Z,M20-407-2-02283,1429963179,43.87283,4.28889,14291.2,6.8,10.5,142.3,-56.1,1.5,137.2,0x20,405.003,8.9,375,-1,2.4,-1,-1
2025-04-29T11:59:40.000Z,M20-407-2-02283,1429963180,43.87275,4.28897,14298.7,8.3,10.7,147.1,-56.1,1.5,137.0,0x20,405.003,10.4,375,-1,2.4,-1,-1
2025-04-29T11:59:41.000Z,M20-407-2-02283,1429963181,43.87266,4.28904,14304.3,3.2,11.4,151.2,-56.2,1.5,136.9,0x20,405.003,10.4,375,-1,2.4,-1,-1
2025-04-29T11:59:42.000Z,M20-407-2-02283,1429963182,43.87257,4.28912,14309.1,6.3,12.5,148.4,-56.2,1.5,136.8,0x20,405.003,9.1,375,-1,2.4,-1,-1
2025-04-29T11:59:43.000Z,M20-407-2-02283,1429963183,43.87248,4.28921,14315.2,6.5,12.3,138.6,-56.3,1.5,136.6,0x20,405.003,9.1,375,-1,2.3,-1,-1
2025-04-29T11:59:44.000Z,M20-407-2-02283,1429963184,43.87240,4.28931,14320.9,5.1,12.6,136.0,-56.3,1.5,136.5,0x20,405.003,8.7,375,-1,2.4,-1,-1
2025-04-29T11:59:45.000Z,M20-407-2-02283,1429963185,43.87232,4.28942,14325.9,4.8,11.9,133.8,-56.4,1.5,136.4,0x20,405.003,6.0,375,-1,2.4,-1,-1
2025-04-29T11:59:48.000Z,M20-407-2-02283,1429963188,43.87215,4.28972,14342.3,7.6,9.7,138.0,-56.5,1.4,136.1,0x20,405.003,8.7,375,-1,2.4,-1,-1
2025-04-29T11:59:51.000Z,M20-407-2-02283,1429963191,43.87191,4.28993,14359.7,4.6,10.6,152.4,-56.7,1.4,135.7,0x20,405.003,10.4,375,-1,2.3,-1,-1
2025-04-29T11:59:54.000Z,M20-407-2-02283,1429963194,43.87165,4.29009,14375.0,3.0,10.9,155.6,-56.7,1.4,135.4,0x20,405.003,8.5,375,-1,2.3,-1,-1
2025-04-29T11:59:57.000Z,M20-407-2-02283,1429963197,43.87143,4.29030,14390.6,5.4,8.8,137.8,-56.8,1.4,135.0,0x20,405.003,6.9,375,-1,2.4,-1,-1
2025-04-29T11:59:59.000Z,M20-407-2-02283,1429963199,43.87130,4.29045,14400.9,3.1,9.7,142.2,-56.8,1.4,134.8,0x20,405.003,5.3,375,-1,2.3,-1,-1
2025-04-29T12:00:01.000Z,M20-407-2-02283,1429963201,43.87117,4.29061,14411.6,5.0,9.6,134.3,-56.8,1.3,134.6,0x20,405.003,7.5,375,-1,2.3,-1,-1
2025-04-29T12:00:02.000Z,M20-407-2-02283,1429963202,43.87111,4.29069,14417.7,7.5,10.1,136.9,-56.8,1.3,134.4,0x20,405.003,10.2,375,-1,2.4,-1,-1
2025-04-29T12:00:03.000Z,M20-407-2-02283,1429963203,43.87104,4.29078,14423.5,4.3,10.9,138.5,-56.7,1.3,134.3,0x20,405.003,10.3,0,-1,2.4,-1,-1
2025-04-29T12:00:07.000Z,M20-407-2-02283,1429963207,43.87075,4.29112,14446.3,5.0,10.4,142.8,-56.8,1.2,133.9,0x20,405.003,10.3,375,-1,2.3,-1,-1
2025-04-29T12:00:09.000Z,M20-407-2-02283,1429963209,43.87059,4.29127,14456.1,6.5,10.1,149.3,-56.9,1.3,133.6,0x20,405.003,11.8,375,-1,2.3,-1,-1
2025-04-29T12:00:10.000Z,M20-407-2-02283,1429963210,43.87051,4.29134,14461.3,4.3,9.6,145.5,-56.9,1.3,133.5,0x20,405.003,8.7,375,-1,2.3,-1,-1
2025-04-29T12:00:11.000Z,M20-407-2-02283,1429963211,43.87044,4.29141,14465.9,4.9,10.7,140.8,-56.9,1.3,133.4,0x20,405.003,5.4,375,-1,2.3,-1,-1
2025-04-29T12:00:12.000Z,M20-407-2-02283,1429963212,43.87036,4.29151,14470.2,3.7,12.2,138.6,-56.9,1.3,133.3,0x20,405.003,5.4,0,-1,2.3,-1,-1
2025-04-29T12:00:13.000Z,M20-407-2-02283,1429963213,43.87028,4.29162,14474.4,4.9,13.6,135.9,-56.9,1.3,133.2,0x20,405.003,5.4,0,-1,2.3,-1,-1
2025-04-29T12:00:14.000Z,M20-407-2-02283,1429963214,43.87020,4.29173,14479.7,5.8,12.3,130.7,-57.0,1.3,133.0,0x20,405.003,8.0,375,-1,2.3,-1,-1
2025-04-29T12:00:15.000Z,M20-407-2-02283,1429963215,43.87013,4.29184,14485.2,5.4,11.3,132.4,-57.0,1.3,132.9,0x20,405.003,8.0,375,-1,2.3,-1,-1
2025-04-29T12:00:16.000Z,M20-407-2-02283,1429963216,43.87006,4.29195,14490.3,5.0,11.5,133.8,-57.0,1.3,132.8,0x20,405.003,8.0,375,-1,2.3,-1,-1
2025-04-29T12:00:17.000Z,M20-407-2-02283,1429963217,43.86999,4.29205,14494.9,4.0,11.9,133.3,-57.0,1.3,132.8,0x20,405.003,8.9,375,-1,2.3,-1,-1
2025-04-29T12:00:19.000Z,M20-407-2-02283,1429963219,43.86985,4.29226,14505.5,4.8,10.6,130.3,-57.0,1.3,132.5,0x20,405.003,9.9,375,-1,2.3,-1,-1
2025-04-29T12:00:20.000Z,M20-407-2-02283,1429963220,43.86979,4.29236,14510.7,5.8,10.2,125.4,-56.9,1.3,132.4,0x20,405.003,9.9,375,-1,2.3,-1,-1
2025-04-29T12:00:22.000Z,M20-407-2-02283,1429963222,43.86968,4.29259,14520.8,3.8,12.2,123.7,-56.8,1.3,132.2,0x20,405.003,8.2,375,-1,2.3,-1,-1
2025-04-29T12:00:24.000Z,M20-407-2-02283,1429963224,43.86957,4.29285,14531.7,4.4,12.2,117.7,-56.8,1.3,132.0,0x20,405.003,6.2,375,-1,2.3,-1,-1
2025-04-29T12:00:27.000Z,M20-407-2-02283,1429963227,43.86937,4.29329,14546.5,4.6,14.6,124.8,-56.9,1.2,131.6,0x20,405.003,8.1,375,-1,2.3,-1,-1
2025-04-29T12:00:28.000Z,M20-407-2-02283,1429963228,43.86930,4.29343,14552.8,8.1,12.8,126.6,-56.9,1.2,131.5,0x20,405.003,10.6,375,-1,2.3,-1,-1
2025-04-29T12:00:29.000Z,M20-407-2-02283,1429963229,43.86923,4.29355,14559.2,5.2,10.7,122.5,-56.9,1.2,131.4,0x20,405.003,11.0,0,-1,2.3,-1,-1
2025-04-29T12:00:31.000Z,M20-407-2-02283,1429963231,43.86911,4.29378,14569.5,5.7,12.6,125.6,-57.0,1.2,131.1,0x20,405.003,9.1,375,-1,2.3,-1,-1
2025-04-29T12:00:33.000Z,M20-407-2-02283,1429963233,43.86897,4.29405,14578.8,5.7,13.8,126.4,-57.0,1.2,131.0,0x20,405.003,10.8,0,-1,2.3,-1,-1
2025-04-29T12:00:34.000Z,M20-407-2-02283,1429963234,43.86890,4.29418,14583.6,4.3,12.9,125.7,-57.1,1.2,130.8,0x20,405.003,11.4,0,-1,2.3,-1,-1
2025-04-29T12:00:35.000Z,M20-407-2-02283,1429963235,43.86883,4.29431,14589.2,7.1,13.0,124.9,-57.2,1.2,130.7,0x20,405.003,11.4,375,-1,2.3,-1,-1
2025-04-29T12:00:37.000Z,M20-407-2-02283,1429963237,43.86869,4.29460,14599.1,2.4,14.7,124.4,-57.1,1.2,130.5,0x20,405.003,11.6,375,-1,2.3,-1,-1
2025-04-29T12:00:39.000Z,M20-407-2-02283,1429963239,43.86855,4.29488,14609.2,7.3,13.1,128.7,-57.2,1.2,130.3,0x20,405.003,5.1,750,-1,2.3,-1,-1
2025-04-29T12:00:43.000Z,M20-407-2-02283,1429963243,43.86825,4.29540,14628.6,4.7,13.0,128.2,-57.3,1.1,129.9,0x20,405.003,8.5,375,-1,2.3,-1,-1
2025-04-29T12:00:44.000Z,M20-407-2-02283,1429963244,43.86817,4.29552,14633.8,6.0,14.0,133.3,-57.3,1.1,129.8,0x20,405.003,8.5,375,-1,2.3,-1,-1
2025-04-29T12:00:45.000Z,M20-407-2-02283,1429963245,43.86808,4.29565,14638.6,3.5,14.8,134.6,-57.2,1.1,129.7,0x20,405.003,11.2,0,-1,2.3,-1,-1
2025-04-29T12:00:46.000Z,M20-407-2-02283,1429963246,43.86798,4.29578,14642.0,4.6,15.8,136.6,-57.2,1.1,129.6,0x20,405.003,11.2,0,-1,2.3,-1,-1
2025-04-29T12:00:47.000Z,M20-407-2-02283,1429963247,43.86789,4.29591,14647.8,5.4,13.2,133.7,-57.3,1.1,129.4,0x20,405.003,11.0,0,-1,2.3,-1,-1
2025-04-29T12:00:48.000Z,M20-407-2-02283,1429963248,43.86780,4.29602,14652.8,4.2,13.1,137.0,-57.2,1.1,129.3,0x20,405.003,11.0,375,-1,2.3,-1,-1
2025-04-29T12:00:53.000Z,M20-407-2-02283,1429963253,43.86736,4.29653,14678.6,6.7,12.1,133.1,-57.2,1.1,128.9,0x20,405.003,8.1,375,-1,2.3,-1,-1
2025-04-29T12:00:55.000Z,M20-407-2-02283,1429963255,43.86720,4.29676,14688.5,4.7,13.9,133.9,-57.1,1.1,128.7,0x20,405.003,9.0,375,-1,2.3,-1,-1
2025-04-29T12:00:58.000Z,M20-407-2-02283,1429963258,43.86695,4.29713,14706.2,5.7,14.3,139.7,-57.3,1.0,128.3,0x20,405.003,9.5,375,-1,2.3,-1,-1
2025-04-29T12:00:59.000Z,M20-407-2-02283,1429963259,43.86684,4.29724,14710.7,3.3,15.5,146.7,-57.3,1.0,128.3,0x20,405.003,9.9,375,-1,2.3,-1,-1
2025-04-29T12:01:00.000Z,M20-407-2-02283,1429963260,43.86673,4.29733,14715.2,5.9,13.3,151.0,-57.3,1.1,128.2,0x20,405.003,11.3,0,-1,2.3,-1,-1
2025-04-29T12:01:01.000Z,M20-407-2-02283,1429963261,43.86662,4.29741,14720.4,4.8,13.5,156.4,-57.3,1.1,128.0,0x20,405.003,11.3,375,-1,2.3,-1,-1
2025-04-29T12:01:05.000Z,M20-407-2-02283,1429963265,43.86623,4.29768,14740.6,6.3,11.8,142.2,-57.1,1.1,127.6,0x20,405.003,5.2,375,-1,2.3,-1,-1
2025-04-29T12:01:06.000Z,M20-407-2-02283,1429963266,43.86615,4.29778,14747.1,6.7,11.2,135.7,-57.0,1.1,127.5,0x20,405.003,6.2,375,-1,2.3,-1,-1
2025-04-29T12:01:07.000Z,M20-407-2-02283,1429963267,43.86607,4.29787,14752.5,4.7,11.7,141.6,-57.1,1.0,127.4,0x20,405.003,7.3,375,-1,2.3,-1,-1
2025-04-29T12:01:08.000Z,M20-407-2-02283,1429963268,43.86599,4.29796,14756.7,4.0,12.5,145.8,-57.0,1.0,127.3,0x20,405.003,9.4,375,-1,2.3,-1,-1
2025-04-29T12:01:12.000Z,M20-407-2-02283,1429963272,43.86563,4.29821,14777.4,7.6,8.7,166.7,-57.0,1.1,126.8,0x20,405.003,9.7,375,-1,2.3,-1,-1
2025-04-29T12:01:13.000Z,M20-407-2-02283,1429963273,43.86556,4.29824,14784.6,6.6,8.6,163.6,-57.0,1.1,126.7,0x20,405.003,9.7,375,-1,2.3,-1,-1
2025-04-29T12:01:14.000Z,M20-407-2-02283,1429963274,43.86548,4.29828,14792.3,8.8,10.0,154.6,-57.0,1.1,126.5,0x20,405.003,10.6,375,-1,2.3,-1,-1
2025-04-29T12:01:21.000Z,M20-407-2-02283,1429963281,43.86485,4.29869,14833.8,4.5,10.0,159.8,-57.2,1.0,125.7,0x20,405.003,9.2,375,-1,2.3,-1,-1
2025-04-29T12:01:23.000Z,M20-407-2-02283,1429963283,43.86472,4.29882,14843.0,6.7,9.7,124.0,-57.3,1.0,125.5,0x20,405.003,9.5,375,-1,2.3,-1,-1
2025-04-29T12:01:25.000Z,M20-407-2-02283,1429963285,43.86462,4.29902,14852.8,7.2,9.5,136.5,-57.3,1.1,125.3,0x20,405.003,10.2,375,-1,2.3,-1,-1
2025-04-29T12:01:27.000Z,M20-407-2-02283,1429963287,43.86449,4.29912,14864.0,2.5,8.0,160.1,-57.3,1.0,125.1,0x20,405.003,6.7,375,-1,2.3,-1,-1
2025-04-29T12:01:28.000Z,M20-407-2-02283,1429963288,43.86442,4.29915,14868.1,5.8,8.6,163.4,-57.3,1.0,125.0,0x20,405.003,6.7,375,-1,2.3,-1,-1
2025-04-29T12:01:29.000Z,M20-407-2-02283,1429963289,43.86434,4.29919,14873.7,5.5,8.8,155.4,-57.3,1.0,124.9,0x20,405.003,6.0,375,-1,2.3,-1,-1
2025-04-29T12:01:31.000Z,M20-407-2-02283,1429963291,43.86420,4.29929,14885.6,3.4,9.1,154.4,-57.4,1.0,124.7,0x20,405.003,4.9,375,-1,2.3,-1,-1
2025-04-29T12:01:33.000Z,M20-407-2-02283,1429963293,43.86404,4.29942,14897.2,4.4,10.4,146.9,-57.5,1.0,124.5,0x20,405.003,8.5,375,-1,2.3,-1,-1
2025-04-29T12:01:36.000Z,M20-407-2-02283,1429963296,43.86386,4.29961,14911.3,4.4,6.3,142.7,-57.5,1.0,124.2,0x20,405.003,9.0,375,-1,2.3,-1,-1
2025-04-29T12:01:37.000Z,M20-407-2-02283,1429963297,43.86382,4.29965,14916.6,6.3,6.0,142.2,-57.6,1.0,124.1,0x20,405.003,9.0,375,-1,2.3,-1,-1
2025-04-29T12:01:38.000Z,M20-407-2-02283,1429963298,43.86377,4.29970,14922.2,5.2,6.8,145.0,-57.7,1.0,124.0,0x20,405.003,9.0,375,-1,2.3,-1,-1
2025-04-29T12:01:40.000Z,M20-407-2-02283,1429963300,43.86365,4.29979,14935.0,5.0,8.0,152.7,-57.8,0.9,123.7,0x20,405.003,7.8,375,-1,2.3,-1,-1
2025-04-29T12:01:42.000Z,M20-407-2-02283,1429963302,43.86350,4.29990,14946.9,4.9,10.0,148.9,-57.9,0.9,123.5,0x20,405.003,6.4,375,-1,2.3,-1,-1
2025-04-29T12:01:45.000Z,M20-407-2-02283,1429963305,43.86331,4.30009,14963.2,6.2,8.4,145.9,-58.0,0.9,123.2,0x20,405.003,6.3,375,-1,2.3,-1,-1
2025-04-29T12:01:48.000Z,M20-407-2-02283,1429963308,43.86310,4.30023,14979.2,1.6,8.6,162.4,-58.1,1.0,122.8,0x20,405.003,9.2,375,-1,2.3,-1,-1
2025-04-29T12:01:54.000Z,M20-407-2-02283,1429963314,43.86268,4.30054,15010.8,8.7,6.9,124.9,-58.4,0.9,122.2,0x20,405.003,8.2,375,-1,2.3,-1,-1
2025-04-29T12:01:55.000Z,M20-407-2-02283,1429963315,43.86265,4.30060,15017.7,5.6,6.4,137.4,-58.5,0.9,122.0,0x20,405.003,8.1,375,-1,2.3,-1,-1
2025-04-29T12:02:01.000Z,M20-407-2-02283,1429963321,43.86228,4.30100,15051.4,5.0,9.3,140.2,-58.6,0.9,121.4,0x20,405.003,9.0,375,-1,2.3,-1,-1
2025-04-29T12:02:03.000Z,M20-407-2-02283,1429963323,43.86215,4.30112,15060.0,2.6,7.3,146.4,-58.6,0.9,121.2,0x20,405.003,7.3,375,-1,2.3,-1,-1
2025-04-29T12:02:09.000Z,M20-407-2-02283,1429963329,43.86180,4.30142,15088.5,3.0,9.5,122.9,-58.9,0.9,120.6,0x20,405.003,4.5,375,-1,2.3,-1,-1
2025-04-29T12:02:16.000Z,M20-407-2-02283,1429963336,43.86148,4.30196,15123.4,6.7,9.8,147.2,-59.0,0.8,120.0,0x20,405.003,8.8,375,-1,2.3,-1,-1
2025-04-29T12:02:19.000Z,M20-407-2-02283,1429963339,43.86132,4.30220,15138.2,4.8,9.3,121.2,-59.1,0.8,119.7,0x20,405.003,8.0,375,-1,2.3,-1,-1
2025-04-29T12:02:22.000Z,M20-407-2-02283,1429963342,43.86119,4.30249,15153.2,3.6,8.4,121.2,-59.0,0.8,119.4,0x20,405.003,5.3,375,-1,2.3,-1,-1
2025-04-29T12:02:23.000Z,M20-407-2-02283,1429963343,43.86115,4.30257,15158.3,6.7,8.5,128.4,-59.0,0.8,119.3,0x20,405.003,4.7,375,-1,2.3,-1,-1
2025-04-29T12:02:26.000Z,M20-407-2-02283,1429963346,43.86093,4.30282,15173.4,3.2,12.3,143.9,-59.0,0.8,119.0,0x20,405.003,7.1,375,-1,2.3,-1,-1
2025-04-29T12:02:28.000Z,M20-407-2-02283,1429963348,43.86078,4.30303,15184.4,4.9,11.3,122.4,-59.0,0.8,118.8,0x20,405.003,5.5,375,-1,2.3,-1,-1
2025-04-29T12:02:32.000Z,M20-407-2-02283,1429963352,43.86060,4.30347,15203.6,7.3,8.3,118.9,-59.0,0.8,118.3,0x20,405.003,6.5,375,-1,2.3,-1,-1
2025-04-29T12:02:59.000Z,M20-407-2-02283,1429963379,43.85912,4.30594,15340.5,6.2,10.0,143.7,-58.8,0.7,115.8,0x20,405.003,7.8,375,-1,2.3,-1,-1
2025-04-29T12:03:09.000Z,M20-407-2-02283,1429963389,43.85842,4.30683,15392.1,6.5,10.2,141.6,-58.8,0.8,114.8,0x20,405.003,7.3,375,-1,2.3,-1,-1
2025-04-29T12:03:13.000Z,M20-407-2-02283,1429963393,43.85818,4.30717,15412.9,7.8,9.2,131.2,-58.7,0.8,114.4,0x20,405.003,4.7,375,-1,2.3,-1,-1
2025-04-29T12:03:23.000Z,M20-407-2-02283,1429963403,43.85740,4.30821,15467.7,3.3,12.7,123.9,-58.0,0.8,113.4,0x20,405.003,7.4,375,-1,2.3,-1,-1
2025-04-29T12:03:28.000Z,M20-407-2-02283,1429963408,43.85709,4.30875,15493.4,3.7,11.5,136.8,-57.6,0.8,113.0,0x20,405.003,4.2,375,-1,2.3,-1,-1
2025-04-29T12:03:42.000Z,M20-407-2-02283,1429963422,43.85599,4.31025,15567.5,6.5,13.3,137.4,-57.5,0.8,111.6,0x20,405.003,4.7,375,-1,2.3,-1,-1
2025-04-29T12:03:55.000Z,M20-407-2-02283,1429963435,43.85505,4.31179,15636.8,4.1,12.2,138.1,-57.8,0.8,110.4,0x20,405.003,5.4,375,-1,2.3,-1,-1
