timestamp,serial,frame,lat,lon,alt,vel_v,vel_h,heading,temp,humidity,pressure,type,freq_mhz,snr,f_error_hz,sats,batt_v,burst_timer,aux_data
2025-08-30T00:35:34.999Z,V4220871,7267,47.06775,7.22101,29118.0,6.9,9.7,250.3,-273.0,-1.0,-1.0,RS41,403.500,8.4,150,10,2.6,-1,-1
2025-08-30T00:35:38.999Z,V4220871,7271,47.06763,7.22043,29140.9,6.5,12.0,256.4,-273.0,-1.0,-1.0,RS41,403.500,8.2,150,10,2.5,-1,-1
2025-08-30T00:35:41.999Z,V4220871,7274,47.06758,7.22000,29157.8,5.9,10.5,262.9,-273.0,-1.0,-1.0,RS41,403.500,8.0,150,10,2.6,-1,-1
2025-08-30T00:35:45.999Z,V4220871,7278,47.06751,7.21945,29181.7,6.2,9.8,250.5,-273.0,-1.0,-1.0,RS41,403.500,7.7,150,10,2.6,-1,-1
2025-08-30T00:35:47.999Z,V4220871,7280,47.06744,7.21926,29193.8,5.2,7.2,233.5,-273.0,-1.0,-1.0,RS41,403.500,8.1,150,10,2.6,-1,-1
2025-08-30T00:35:48.999Z,V4220871,7281,47.06740,7.21919,29198.9,4.4,6.9,226.0,-273.0,-1.0,-1.0,RS41,403.500,8.2,150,10,2.6,-1,-1
2025-08-30T00:35:51.999Z,V4220871,7284,47.06726,7.21895,29215.9,6.7,9.7,235.8,-273.0,-1.0,-1.0,RS41,403.500,7.8,150,10,2.6,-1,-1
2025-08-30T00:35:52.999Z,V4220871,7285,47.06721,7.21884,29221.7,5.1,10.8,242.5,-273.0,-1.0,-1.0,RS41,403.500,9.2,150,10,2.6,-1,-1
2025-08-30T00:35:55.999Z,V4220871,7288,47.06712,7.21844,29239.7,6.8,9.2,259.8,-273.0,-1.0,-1.0,RS41,403.500,7.4,150,10,2.6,-1,-1
2025-08-30T00:35:58.999Z,V4220871,7291,47.06709,7.21816,29255.6,6.1,5.6,258.1,-273.0,-1.0,-1.0,RS41,403.500,8.7,150,10,2.5,-1,-1
2025-08-30T00:35:59.999Z,V4220871,7292,47.06708,7.21809,29262.0,6.7,5.7,249.8,-273.0,-1.0,-1.0,RS41,403.500,8.7,150,10,2.5,-1,-1
2025-08-30T00:36:01.999Z,V4220871,7294,47.06703,7.21795,29273.4,5.9,6.1,236.7,-273.0,-1.0,-1.0,RS41,403.500,7.5,150,10,2.6,-1,-1
2025-08-30T00:36:02.999Z,V4220871,7295,47.06700,7.21788,29279.5,6.2,5.8,235.4,-273.0,-1.0,-1.0,RS41,403.500,8.8,150,10,2.6,-1,-1
2025-08-30T00:36:03.999Z,V4220871,7296,47.06697,7.21782,29285.8,5.7,5.4,237.7,-273.0,-1.0,-1.0,RS41,403.500,8.8,150,10,2.5,-1,-1
2025-08-30T00:36:04.999Z,V4220871,7297,47.06695,7.21776,29291.2,5.2,5.4,245.0,-273.0,-1.0,-1.0,RS41,403.500,8.4,150,10,2.5,-1,-1
2025-08-30T00:36:05.999Z,V4220871,7298,47.06693,7.21768,29296.4,5.4,6.4,256.4,-273.0,-1.0,-1.0,RS41,403.500,8.4,150,10,2.5,-1,-1
2025-08-30T00:36:07.999Z,V4220871,7300,47.06691,7.21747,29308.0,6.1,10.1,267.9,-273.0,-1.0,-1.0,RS41,403.500,7.8,150,10,2.6,-1,-1
2025-08-30T00:36:10.999Z,V4220871,7303,47.06691,7.21703,29324.9,6.6,10.6,270.9,-273.0,-1.0,-1.0,RS41,403.500,7.9,150,9,2.5,-1,-1
2025-08-30T00:36:12.999Z,V4220871,7305,47.06692,7.21681,29338.3,5.9,6.0,276.2,-273.0,-1.0,-1.0,RS41,403.500,7.7,150,10,2.6,-1,-1
2025-08-30T00:36:13.999Z,V4220871,7306,47.06692,7.21675,29343.4,4.1,4.1,277.3,-273.0,-1.0,-1.0,RS41,403.500,8.6,150,10,2.6,-1,-1
2025-08-30T00:36:14.999Z,V4220871,7307,47.06692,7.21670,29348.0,4.8,2.6,268.5,-273.0,-1.0,-1.0,RS41,403.500,8.6,150,10,2.5,-1,-1
2025-08-30T00:36:15.999Z,V4220871,7308,47.06692,7.21667,29353.7,6.3,2.7,237.3,-273.0,-1.0,-1.0,RS41,403.500,8.4,150,10,2.5,-1,-1
2025-08-30T00:36:16.999Z,V4220871,7309,47.06690,7.21664,29359.8,5.8,3.8,228.1,-273.0,-1.0,-1.0,RS41,403.500,7.9,150,9,2.5,-1,-1
2025-08-30T00:36:17.999Z,V4220871,7310,47.06687,7.21660,29365.5,5.7,5.0,232.3,-273.0,-1.0,-1.0,RS41,403.500,8.0,150,10,2.6,-1,-1
2025-08-30T00:36:20.999Z,V4220871,7313,47.06680,7.21640,29384.2,6.2,5.8,257.9,-273.0,-1.0,-1.0,RS41,403.500,7.9,150,10,2.5,-1,-1
2025-08-30T00:36:21.999Z,V4220871,7314,47.06680,7.21632,29389.9,5.4,5.8,264.2,-273.0,-1.0,-1.0,RS41,403.500,7.5,150,10,2.6,-1,-1
2025-08-30T00:36:23.999Z,V4220871,7316,47.06679,7.21616,29400.0,5.6,6.3,262.3,-273.0,-1.0,-1.0,RS41,403.500,7.9,150,9,2.5,-1,-1
2025-08-30T00:36:27.999Z,V4220871,7320,47.06667,7.21583,29423.5,6.4,7.2,230.2,-273.0,-1.0,-1.0,RS41,403.500,8.3,150,9,2.6,-1,-1
2025-08-30T00:36:31.999Z,V4220871,7324,47.06658,7.21568,29446.5,5.0,0.9,210.3,-273.0,-1.0,-1.0,RS41,403.500,8.5,150,10,2.5,-1,-1
2025-08-30T00:36:32.999Z,V4220871,7325,47.06657,7.21568,29451.8,5.5,1.1,202.3,-273.0,-1.0,-1.0,RS41,403.500,8.7,150,10,2.6,-1,-1
2025-08-30T00:36:33.999Z,V4220871,7326,47.06656,7.21567,29457.8,6.6,2.5,212.1,-273.0,-1.0,-1.0,RS41,403.500,9.6,150,10,2.6,-1,-1
2025-08-30T00:36:34.999Z,V4220871,7327,47.06653,7.21564,29464.3,6.9,4.8,218.3,-273.0,-1.0,-1.0,RS41,403.500,9.6,150,10,2.5,-1,-1
2025-08-30T00:36:35.999Z,V4220871,7328,47.06649,7.21559,29470.6,5.7,6.9,222.8,-273.0,-1.0,-1.0,RS41-SG,403.500,7.9,150,10,2.5,-1,-1
2025-08-30T00:36:36.999Z,V4220871,7329,47.06644,7.21551,29475.7,4.6,8.8,228.2,-273.0,-1.0,-1.0,RS41-SG,403.500,8.3,150,10,2.5,-1,-1
2025-08-30T00:36:37.999Z,V4220871,7330,47.06639,7.21542,29480.4,4.6,10.0,234.7,-273.0,-1.0,-1.0,RS41-SG,403.500,9.1,150,10,2.6,-1,-1
2025-08-30T00:36:42.999Z,V4220871,7335,47.06629,7.21494,29509.7,5.1,3.7,270.9,-273.0,-1.0,-1.0,RS41-SG,403.500,7.1,150,10,2.5,-1,-1
2025-08-30T00:36:43.999Z,V4220871,7336,47.06629,7.21491,29514.6,5.2,2.1,238.0,-273.0,-1.0,-1.0,RS41-SG,403.500,8.4,150,10,2.6,-1,-1
2025-08-30T00:36:44.999Z,V4220871,7337,47.06626,7.21489,29520.1,5.8,3.5,187.9,-273.0,-1.0,-1.0,RS41-SG,403.500,8.4,150,9,2.6,-1,-1
2025-08-30T00:36:45.999Z,V4220871,7338,47.06622,7.21489,29525.9,5.8,5.9,182.8,-273.0,-1.0,-1.0,RS41-SG,403.500,8.3,150,9,2.5,-1,-1
2025-08-30T00:36:46.999Z,V4220871,7339,47.06616,7.21488,29531.6,5.6,8.1,187.5,-273.0,-1.0,-1.0,RS41-SG,403.500,8.1,150,9,2.5,-1,-1
2025-08-30T00:36:47.999Z,V4220871,7340,47.06608,7.21485,29537.1,5.4,9.4,197.9,-273.0,-1.0,-1.0,RS41-SG,403.500,8.1,150,9,2.6,-1,-1
2025-08-30T00:36:48.999Z,V4220871,7341,47.06600,7.21480,29542.7,5.7,9.9,210.2,-273.0,-1.0,-1.0,RS41-SG,403.500,8.7,150,9,2.6,-1,-1
2025-08-30T00:36:49.999Z,V4220871,7342,47.06593,7.21473,29548.3,5.2,9.8,221.3,-273.0,-1.0,-1.0,RS41-SG,403.500,8.7,150,10,2.5,-1,-1
2025-08-30T00:36:52.999Z,V4220871,7345,47.06581,7.21447,29564.9,6.0,6.0,248.6,-273.0,-1.0,-1.0,RS41-SG,403.500,7.5,150,10,2.6,-1,-1
2025-08-30T00:36:53.999Z,V4220871,7346,47.06579,7.21440,29570.7,5.3,4.7,244.2,-273.0,-1.0,-1.0,RS41-SG,403.500,7.6,150,10,2.6,-1,-1
2025-08-30T00:36:54.999Z,V4220871,7347,47.06577,7.21435,29576.1,5.6,4.0,226.0,-273.0,-1.0,-1.0,RS41-SG,403.500,8.8,150,10,2.6,-1,-1
2025-08-30T00:36:55.999Z,V4220871,7348,47.06574,7.21432,29582.0,5.9,5.0,207.7,-273.0,-1.0,-1.0,RS41-SG,403.500,8.8,150,10,2.5,-1,-1
2025-08-30T00:36:56.999Z,V4220871,7349,47.06569,7.21429,29587.7,5.6,6.7,200.8,-273.0,-1.0,-1.0,RS41-SG,403.500,7.8,150,10,2.5,-1,-1
2025-08-30T00:36:57.999Z,V4220871,7350,47.06563,7.21425,29593.1,5.1,8.1,203.5,-47.4,-1.0,-1.0,RS41-SG,403.500,8.6,150,10,2.5,-1,-1
2025-08-30T00:37:02.999Z,V4220871,7355,47.06535,7.21396,29620.4,5.4,6.1,225.6,-47.2,-1.0,-1.0,RS41-SG,403.500,8.8,150,9,2.5,-1,-1
2025-08-30T00:37:03.999Z,V4220871,7356,47.06531,7.21390,29625.7,5.8,6.0,223.0,-47.1,-1.0,-1.0,RS41-SG,403.500,8.8,150,9,2.6,-1,-1
2025-08-30T00:37:04.999Z,V4220871,7357,47.06526,7.21384,29631.7,6.4,6.8,220.4,-47.1,-1.0,-1.0,RS41-SG,403.500,8.4,150,9,2.6,-1,-1
2025-08-30T00:37:06.999Z,V4220871,7359,47.06515,7.21371,29643.5,5.0,9.2,222.0,-47.0,-1.0,-1.0,RS41-SG,403.500,8.4,150,9,2.5,-1,-1
2025-08-30T00:37:11.999Z,V4220871,7364,47.06488,7.21321,29671.9,4.9,8.4,237.7,-47.0,-1.0,-1.0,RS41-SG,403.500,7.7,150,9,2.5,-1,-1
2025-08-30T00:37:12.999Z,V4220871,7365,47.06484,7.21312,29677.1,5.4,8.2,232.3,-47.0,-1.0,-1.0,RS41-SG,403.500,8.2,150,9,2.5,-1,-1
2025-08-30T00:37:13.999Z,V4220871,7366,47.06479,7.21304,29683.0,6.5,8.7,223.5,-47.0,-1.0,-1.0,RS41-SG,403.500,9.1,150,9,2.6,-1,-1
2025-08-30T00:37:14.999Z,V4220871,7367,47.06472,7.21296,29689.3,6.1,9.9,214.9,-47.0,-1.0,-1.0,RS41-SG,403.500,9.1,150,9,2.6,-1,-1
2025-08-30T00:37:17.999Z,V4220871,7370,47.06447,7.21275,29706.6,7.3,10.7,209.0,-47.0,-1.0,-1.0,RS41-SG,403.500,8.2,150,9,2.5,-1,-1
2025-08-30T00:37:19.999Z,V4220871,7372,47.06433,7.21261,29719.4,5.3,8.9,222.1,-47.0,-1.0,-1.0,RS41-SG,403.500,7.4,150,9,2.6,-1,-1
2025-08-30T00:37:23.999Z,V4220871,7376,47.06413,7.21215,29741.3,4.9,12.5,246.5,-47.2,-1.0,-1.0,RS41-SG,403.500,7.7,150,9,2.5,-1,-1
2025-08-30T00:37:24.999Z,V4220871,7377,47.06409,7.21199,29746.0,5.2,13.1,249.8,-47.2,-1.0,-1.0,RS41-SG,403.500,7.7,150,9,2.6,-1,-1
2025-08-30T00:37:30.999Z,V4220871,7383,47.06390,7.21127,29781.0,4.7,6.2,212.3,-47.2,-1.0,-1.0,RS41-SG,403.500,8.0,150,9,2.5,-1,-1
2025-08-30T00:37:33.999Z,V4220871,7386,47.06370,7.21113,29797.2,7.2,11.5,213.2,-47.2,-1.0,-1.0,RS41-SG,403.500,7.8,150,9,2.6,-1,-1
2025-08-30T00:37:34.999Z,V4220871,7387,47.06361,7.21102,29804.3,7.1,13.4,226.0,-47.2,-1.0,-1.0,RS41-SG,403.500,7.8,150,9,2.6,-1,-1
2025-08-30T00:37:38.999Z,V4220871,7391,47.06342,7.21031,29827.2,6.4,14.4,271.9,-47.2,-1.0,-1.0,RS41-SG,403.500,8.0,150,10,2.5,-1,-1
2025-08-30T00:37:39.999Z,V4220871,7392,47.06344,7.21013,29833.3,6.0,12.6,280.8,-47.2,-1.0,-1.0,RS41-SG,403.500,7.8,150,10,2.6,-1,-1
2025-08-30T00:37:40.999Z,V4220871,7393,47.06346,7.20999,29838.4,4.8,10.6,285.8,-47.3,-1.0,-1.0,RS41-SG,403.500,8.5,150,10,2.6,-1,-1
2025-08-30T00:37:41.999Z,V4220871,7394,47.06348,7.20987,29843.1,4.7,8.4,284.7,-47.3,-1.0,-1.0,RS41-SG,403.500,8.5,150,10,2.5,-1,-1
2025-08-30T00:37:42.999Z,V4220871,7395,47.06349,7.20977,29848.7,5.9,7.1,271.7,-47.3,-1.0,-1.0,RS41-SG,403.500,8.3,150,10,2.5,-1,-1
2025-08-30T00:37:43.999Z,V4220871,7396,47.06348,7.20967,29854.7,6.2,7.4,253.1,-47.3,-1.0,-1.0,RS41-SG,403.500,8.3,150,10,2.5,-1,-1
2025-08-30T00:37:45.999Z,V4220871,7398,47.06341,7.20946,29865.5,4.8,10.3,238.9,-47.3,-1.0,-1.0,RS41-SG,403.500,9.0,150,10,2.6,-1,-1
2025-08-30T00:37:48.999Z,V4220871,7401,47.06329,7.20907,29882.2,6.1,10.9,257.2,-47.4,-1.0,-1.0,RS41-SG,403.500,9.5,150,10,2.5,-1,-1
2025-08-30T00:37:50.999Z,V4220871,7403,47.06329,7.20879,29894.0,5.0,10.8,280.3,-47.4,-1.0,-1.0,RS41-SG,403.500,7.3,150,10,2.6,-1,-1
2025-08-30T00:37:59.999Z,V4220871,7412,47.06324,7.20769,29942.6,6.0,5.6,216.9,-47.1,-1.0,-1.0,RS41-SG,403.500,8.3,150,10,2.6,-1,-1
2025-08-30T00:38:02.999Z,V4220871,7415,47.06319,7.20752,29960.3,6.4,6.9,281.9,-47.0,-1.0,-1.0,RS41-SG,403.500,7.7,150,10,2.5,-1,-1
2025-08-30T00:38:07.999Z,V4220871,7420,47.06335,7.20680,29988.3,7.4,11.5,289.1,-47.1,-1.0,-1.0,RS41-SG,403.500,8.3,150,9,2.5,-1,-1
2025-08-30T00:38:08.999Z,V4220871,7421,47.06337,7.20667,29995.1,6.0,9.3,287.0,-47.1,-1.0,-1.0,RS41-SG,403.500,8.0,150,10,2.5,-1,-1
2025-08-30T00:38:09.999Z,V4220871,7422,47.06339,7.20657,30001.1,5.5,6.9,279.2,-47.2,-1.0,-1.0,RS41-SG,403.500,9.0,150,10,2.5,-1,-1
2025-08-30T00:38:10.999Z,V4220871,7423,47.06339,7.20649,30006.7,5.5,5.3,258.3,-47.2,-1.0,-1.0,RS41-SG,403.500,9.0,150,10,2.6,-1,-1
2025-08-30T00:38:11.999Z,V4220871,7424,47.06337,7.20642,30012.4,6.1,5.3,231.5,-47.2,-1.0,-1.0,RS41-SG,403.500,8.3,150,10,2.6,-1,-1
2025-08-30T00:38:27.999Z,V4220871,7440,47.06314,7.20534,30104.8,6.4,5.7,208.4,-46.4,-1.0,-1.0,RS41-SG,403.500,8.4,150,10,2.5,-1,-1
2025-08-30T00:38:29.999Z,V4220871,7442,47.06305,7.20525,30117.0,5.5,6.6,223.3,-46.3,-1.0,-1.0,RS41-SG,403.500,8.2,150,10,2.6,-1,-1
2025-08-30T00:38:30.999Z,V4220871,7443,47.06301,7.20519,30122.5,5.5,6.5,232.5,-46.3,-1.0,-1.0,RS41-SG,403.500,8.3,150,9,2.6,-1,-1
2025-08-30T00:38:32.999Z,V4220871,7445,47.06296,7.20505,30134.8,6.2,5.3,258.2,-46.2,-1.0,-1.0,RS41-SG,403.500,8.1,150,9,2.5,-1,-1
2025-08-30T00:38:33.999Z,V4220871,7446,47.06296,7.20498,30140.6,4.6,5.3,267.1,-46.2,-1.0,-1.0,RS41-SG,403.500,8.1,150,9,2.5,-1,-1
2025-08-30T00:38:34.999Z,V4220871,7447,47.06296,7.20491,30145.7,5.9,6.0,273.4,-46.2,-1.0,-1.0,RS41-SG,403.500,8.5,150,10,2.5,-1,-1
2025-08-30T00:38:35.999Z,V4220871,7448,47.06296,7.20482,30152.0,6.9,7.4,270.3,-46.3,-1.0,-1.0,RS41-SG,403.500,8.5,150,10,2.6,-1,-1
2025-08-30T00:38:37.999Z,V4220871,7450,47.06294,7.20460,30164.2,4.8,9.4,257.6,-46.3,-1.0,-1.0,RS41-SG,403.500,7.7,150,10,2.5,-1,-1
2025-08-30T00:38:40.999Z,V4220871,7453,47.06283,7.20427,30180.7,5.8,8.4,227.2,-46.4,-1.0,-1.0,RS41-SG,403.500,8.7,150,9,2.6,-1,-1
2025-08-30T00:38:43.999Z,V4220871,7456,47.06266,7.20409,30195.4,5.4,8.5,212.3,-46.4,-1.0,-1.0,RS41-SG,403.500,7.2,150,10,2.5,-1,-1
2025-08-30T00:38:49.999Z,V4220871,7462,47.06238,7.20341,30229.4,5.8,10.5,265.6,-46.4,-1.0,-1.0,RS41-SG,403.500,7.7,150,10,2.5,-1,-1
2025-08-30T00:38:52.999Z,V4220871,7465,47.06237,7.20304,30245.8,5.7,9.4,257.5,-46.4,-1.0,-1.0,RS41-SG,403.500,7.7,150,10,2.5,-1,-1
2025-08-30T00:38:55.999Z,V4220871,7468,47.06221,7.20265,30261.8,4.3,14.3,229.7,-46.2,-1.0,-1.0,RS41-SG,403.500,9.3,150,10,2.6,-1,-1
2025-08-30T00:38:56.999Z,V4220871,7469,47.06212,7.20250,30266.3,5.0,15.3,227.8,-46.2,-1.0,-1.0,RS41-SG,403.500,9.3,150,10,2.6,-1,-1
2025-08-30T00:39:01.999Z,V4220871,7474,47.06180,7.20180,30294.2,5.3,11.5,252.8,-46.1,-1.0,-1.0,RS41-SG,403.500,8.4,150,10,2.6,-1,-1
2025-08-30T00:39:02.999Z,V4220871,7475,47.06177,7.20165,30299.9,6.4,12.4,256.2,-46.1,-1.0,-1.0,RS41-SG,403.500,8.4,150,10,2.6,-1,-1
2025-08-30T00:39:03.999Z,V4220871,7476,47.06174,7.20149,30305.8,5.6,13.2,255.4,-46.1,-1.0,-1.0,RS41-SG,403.500,8.3,150,10,2.5,-1,-1
2025-08-30T00:39:06.999Z,V4220871,7479,47.06164,7.20100,30322.4,6.4,11.9,248.8,-46.1,-1.0,-1.0,RS41-SG,403.500,8.0,150,10,2.6,-1,-1
2025-08-30T00:39:07.999Z,V4220871,7480,47.06160,7.20086,30328.2,5.5,11.1,246.4,-46.0,-1.0,-1.0,RS41-SG,403.500,8.0,150,10,2.5,-1,-1
2025-08-30T00:39:08.999Z,V4220871,7481,47.06156,7.20073,30333.5,5.0,10.7,243.6,-46.0,-1.0,-1.0,RS41-SG,403.500,8.4,150,10,2.5,-1,-1
2025-08-30T00:39:09.999Z,V4220871,7482,47.06151,7.20061,30338.8,5.4,11.2,240.2,-46.1,-1.0,-1.0,RS41-SG,403.500,8.4,150,10,2.5,-1,-1
2025-08-30T00:39:11.999Z,V4220871,7484,47.06140,7.20032,30350.4,6.2,14.1,241.1,-46.1,-1.0,-1.0,RS41-SG,403.500,8.3,150,10,2.6,-1,-1
2025-08-30T00:39:12.999Z,V4220871,7485,47.06133,7.20015,30356.1,5.2,15.2,243.5,-46.1,-1.0,-1.0,RS41-SG,403.500,8.6,150,10,2.6,-1,-1
2025-08-30T00:39:19.999Z,V4220871,7492,47.06124,7.19902,30391.9,5.3,10.8,278.2,-46.0,-1.0,-1.0,RS41-SG,403.500,8.5,150,10,2.5,-1,-1
2025-08-30T00:39:21.999Z,V4220871,7494,47.06124,7.19870,30404.0,6.1,13.6,264.7,-46.0,-1.0,-1.0,RS41-SG,403.500,7.8,150,10,2.6,-1,-1
2025-08-30T00:39:26.999Z,V4220871,7499,47.06107,7.19781,30431.3,4.9,11.8,246.8,-46.0,-1.0,-1.0,RS41-SG,403.500,8.2,150,10,2.5,-1,-1
2025-08-30T00:39:27.999Z,V4220871,7500,47.06103,7.19767,30436.1,4.6,10.5,245.1,-46.0,-1.0,-1.0,RS41-SG,403.500,8.2,150,10,2.6,-1,-1
2025-08-30T00:39:31.999Z,V4220871,7504,47.06094,7.19716,30458.6,4.9,11.1,266.7,-46.1,-1.0,-1.0,RS41-SG,403.500,7.6,150,10,2.5,-1,-1
2025-08-30T00:39:32.999Z,V4220871,7505,47.06094,7.19701,30463.7,5.2,11.3,274.1,-46.1,-1.0,-1.0,RS41-SG,403.500,8.0,150,10,2.5,-1,-1
2025-08-30T00:39:33.999Z,V4220871,7506,47.06095,7.19687,30469.1,5.8,11.1,280.4,-46.1,-1.0,-1.0,RS41-SG,403.500,8.9,150,10,2.5,-1,-1
2025-08-30T00:39:34.999Z,V4220871,7507,47.06097,7.19673,30475.3,6.7,10.8,285.5,-46.1,-1.0,-1.0,RS41-SG,403.500,8.9,150,10,2.6,-1,-1
2025-08-30T00:39:35.999Z,V4220871,7508,47.06100,7.19660,30481.4,5.2,10.3,286.0,-46.1,-1.0,-1.0,RS41-SG,403.500,9.7,150,10,2.6,-1,-1
2025-08-30T00:39:36.999Z,V4220871,7509,47.06102,7.19646,30486.7,5.1,10.3,281.2,-46.1,-1.0,-1.0,RS41-SG,403.500,9.7,150,9,2.6,-1,-1
2025-08-30T00:39:37.999Z,V4220871,7510,47.06103,7.19633,30491.9,5.7,10.9,272.7,-46.1,-1.0,-1.0,RS41-SG,403.500,10.6,150,10,2.5,-1,-1
2025-08-30T00:39:38.999Z,V4220871,7511,47.06103,7.19618,30498.0,5.9,12.0,263.3,-46.2,-1.0,-1.0,RS41-SG,403.500,10.6,150,10,2.5,-1,-1
2025-08-30T00:39:39.999Z,V4220871,7512,47.06101,7.19602,30503.9,5.5,13.2,258.2,-46.2,-1.0,-1.0,RS41-SG,403.500,8.8,150,9,2.5,-1,-1
2025-08-30T00:39:40.999Z,V4220871,7513,47.06098,7.19584,30508.7,4.6,13.8,255.1,-46.2,-1.0,-1.0,RS41-SG,403.500,8.3,150,10,2.6,-1,-1
2025-08-30T00:39:43.999Z,V4220871,7516,47.06090,7.19539,30526.9,5.9,8.9,260.8,-46.3,-1.0,-1.0,RS41-SG,403.500,8.5,150,10,2.5,-1,-1
2025-08-30T00:39:44.999Z,V4220871,7517,47.06090,7.19529,30532.3,4.8,7.2,269.3,-46.4,-1.0,-1.0,RS41-SG,403.500,8.5,150,10,2.5,-1,-1
2025-08-30T00:39:45.999Z,V4220871,7518,47.06090,7.19520,30537.2,5.2,6.4,281.6,-46.4,-1.0,-1.0,RS41-SG,403.500,8.3,150,10,2.5,-1,-1
2025-08-30T00:39:46.999Z,V4220871,7519,47.06092,7.19511,30542.7,6.3,7.2,291.5,-46.4,-1.0,-1.0,RS41-SG,403.500,8.8,150,10,2.6,-1,-1
2025-08-30T00:39:47.999Z,V4220871,7520,47.06094,7.19502,30549.2,6.6,8.6,292.3,-46.5,-1.0,-1.0,RS41-SG,403.500,8.8,150,10,2.6,-1,-1
2025-08-30T00:39:48.999Z,V4220871,7521,47.06098,7.19491,30554.8,5.0,9.8,291.2,-46.5,-1.0,-1.0,RS41-SG,403.500,8.4,150,10,2.5,-1,-1
2025-08-30T00:39:50.999Z,V4220871,7523,47.06104,7.19465,30565.1,5.6,10.6,287.6,-46.5,-1.0,-1.0,RS41-SG,403.500,8.9,150,10,2.5,-1,-1
2025-08-30T00:39:51.999Z,V4220871,7524,47.06106,7.19452,30571.0,6.7,10.0,286.4,-46.5,-1.0,-1.0,RS41-SG,403.500,8.1,150,10,2.6,-1,-1
2025-08-30T00:39:52.999Z,V4220871,7525,47.06109,7.19440,30576.6,5.0,9.2,285.8,-46.6,-1.0,-1.0,RS41-SG,403.500,8.6,150,10,2.6,-1,-1
2025-08-30T00:39:53.999Z,V4220871,7526,47.06111,7.19429,30581.5,4.9,8.4,281.7,-46.6,-1.0,-1.0,RS41-SG,403.500,8.6,150,10,2.6,-1,-1
2025-08-30T00:39:54.999Z,V4220871,7527,47.06112,7.19418,30587.2,6.0,8.3,275.8,-46.6,-1.0,-1.0,RS41-SG,403.500,8.4,150,10,2.5,-1,-1
2025-08-30T00:39:55.999Z,V4220871,7528,47.06112,7.19407,30593.5,6.0,8.7,271.5,-46.6,-1.0,-1.0,RS41-SG,403.500,9.4,150,10,2.5,-1,-1
2025-08-30T00:39:56.999Z,V4220871,7529,47.06112,7.19395,30599.4,5.2,8.9,269.6,-46.6,-1.0,-1.0,RS41-SG,403.500,9.4,150,10,2.5,-1,-1
2025-08-30T00:39:57.999Z,V4220871,7530,47.06112,7.19384,30604.8,5.9,8.5,272.1,-46.7,-1.0,-1.0,RS41-SG,403.500,8.6,150,10,2.6,-1,-1
2025-08-30T00:39:58.999Z,V4220871,7531,47.06113,7.19374,30610.7,6.3,7.3,279.5,-46.7,-1.0,-1.0,RS41-SG,403.500,9.0,150,10,2.6,-1,-1
2025-08-30T00:39:59.999Z,V4220871,7532,47.06115,7.19365,30616.9,6.1,6.1,293.7,-46.7,-1.0,-1.0,RS41-SG,403.500,9.2,150,10,2.6,-1,-1
2025-08-30T00:40:00.999Z,V4220871,7533,47.06118,7.19359,30622.9,5.4,5.7,313.3,-46.7,-1.0,-1.0,RS41-SG,403.500,9.2,150,9,2.5,-1,-1
2025-08-30T00:40:01.999Z,V4220871,7534,47.06122,7.19354,30628.0,4.8,5.8,324.3,-46.7,-1.0,-1.0,RS41-SG,403.500,9.0,150,10,2.5,-1,-1
2025-08-30T00:40:02.999Z,V4220871,7535,47.06126,7.19349,30632.8,5.0,6.4,324.6,-46.7,-1.0,-1.0,RS41-SG,403.500,9.0,150,10,2.5,-1,-1
2025-08-30T00:40:03.999Z,V4220871,7536,47.06131,7.19344,30638.3,6.1,7.0,316.2,-46.7,-1.0,-1.0,RS41-SG,403.500,9.2,150,10,2.5,-1,-1
2025-08-30T00:40:04.999Z,V4220871,7537,47.06135,7.19336,30644.8,6.8,7.8,301.8,-46.7,-1.0,-1.0,RS41-SG,403.500,9.7,150,10,2.6,-1,-1
2025-08-30T00:40:05.999Z,V4220871,7538,47.06138,7.19326,30651.3,6.8,9.0,289.3,-46.7,-1.0,-1.0,RS41-SG,403.500,9.7,150,10,2.6,-1,-1
2025-08-30T00:40:06.999Z,V4220871,7539,47.06140,7.19314,30656.8,4.3,9.8,281.4,-46.7,-1.0,-1.0,RS41-SG,403.500,9.3,150,10,2.6,-1,-1
2025-08-30T00:40:07.999Z,V4220871,7540,47.06141,7.19302,30661.7,4.8,9.8,275.4,-46.7,-1.0,-1.0,RS41-SG,403.500,9.3,150,10,2.5,-1,-1
2025-08-30T00:40:08.999Z,V4220871,7541,47.06142,7.19290,30667.8,6.8,8.5,273.7,-46.7,-1.0,-1.0,RS41-SG,403.500,9.5,150,10,2.5,-1,-1
2025-08-30T00:40:09.999Z,V4220871,7542,47.06143,7.19280,30674.6,6.6,6.6,278.5,-46.7,-1.0,-1.0,RS41-SG,403.500,9.5,150,10,2.5,-1,-1
2025-08-30T00:40:11.999Z,V4220871,7544,47.06145,7.19268,30685.0,4.9,3.5,307.6,-46.7,-1.0,-1.0,RS41-SG,403.500,8.7,150,10,2.6,-1,-1
2025-08-30T00:40:12.999Z,V4220871,7545,47.06148,7.19265,30690.3,6.0,3.2,327.2,-46.7,-1.0,-1.0,RS41-SG,403.500,8.6,150,10,2.6,-1,-1
2025-08-30T00:40:14.999Z,V4220871,7547,47.06153,7.19261,30702.4,5.4,3.4,336.0,-46.8,-1.0,-1.0,RS41-SG,403.500,8.4,150,10,2.5,-1,-1
2025-08-30T00:40:15.999Z,V4220871,7548,47.06156,7.19259,30707.9,5.3,4.1,337.9,-46.8,-1.0,-1.0,RS41-SG,403.500,8.3,150,10,2.5,-1,-1
2025-08-30T00:40:16.999Z,V4220871,7549,47.06160,7.19257,30713.7,6.0,4.8,342.8,-46.7,-1.0,-1.0,RS41-SG,403.500,8.3,150,10,2.6,-1,-1
2025-08-30T00:40:17.999Z,V4220871,7550,47.06164,7.19255,30719.9,6.7,5.6,344.4,-46.7,-1.0,-1.0,RS41-SG,403.500,8.7,150,10,2.6,-1,-1
2025-08-30T00:40:18.999Z,V4220871,7551,47.06169,7.19253,30726.0,5.9,5.6,340.9,-46.7,-1.0,-1.0,RS41-SG,403.500,8.7,150,10,2.5,-1,-1
2025-08-30T00:40:19.999Z,V4220871,7552,47.06173,7.19250,30731.8,5.5,5.5,327.7,-46.7,-1.0,-1.0,RS41-SG,403.500,9.0,150,11,2.5,-1,-1
2025-08-30T00:40:20.999Z,V4220871,7553,47.06177,7.19245,30737.6,6.0,5.3,303.8,-46.6,-1.0,-1.0,RS41-SG,403.500,9.0,150,10,2.5,-1,-1
2025-08-30T00:40:21.999Z,V4220871,7554,47.06178,7.19238,30743.8,6.6,6.2,277.4,-46.6,-1.0,-1.0,RS41-SG,403.500,8.9,150,11,2.6,-1,-1
2025-08-30T00:40:22.999Z,V4220871,7555,47.06178,7.19229,30749.7,5.1,7.7,262.5,-46.6,-1.0,-1.0,RS41-SG,403.500,8.8,150,11,2.6,-1,-1
2025-08-30T00:40:23.999Z,V4220871,7556,47.06177,7.19219,30754.5,4.4,8.5,253.9,-46.5,-1.0,-1.0,RS41-SG,403.500,8.8,150,11,2.6,-1,-1
2025-08-30T00:40:24.999Z,V4220871,7557,47.06174,7.19208,30759.6,5.4,8.2,249.0,-46.4,-1.0,-1.0,RS41-SG,403.500,8.2,150,11,2.5,-1,-1
2025-08-30T00:40:25.999Z,V4220871,7558,47.06172,7.19199,30765.8,6.5,6.3,251.2,-46.4,-1.0,-1.0,RS41-SG,403.500,9.8,150,11,2.5,-1,-1
2025-08-30T00:40:26.999Z,V4220871,7559,47.06171,7.19193,30772.3,6.6,3.8,259.2,-46.4,-1.0,-1.0,RS41-SG,403.500,9.8,150,11,2.5,-1,-1
2025-08-30T00:40:27.999Z,V4220871,7560,47.06171,7.19189,30777.9,5.2,1.9,287.3,-46.3,-1.0,-1.0,RS41-SG,403.500,9.2,150,11,2.6,-1,-1
2025-08-30T00:40:28.999Z,V4220871,7561,47.06172,7.19188,30782.6,4.2,1.3,347.1,-46.3,-1.0,-1.0,RS41-SG,403.500,9.6,150,11,2.6,-1,-1
2025-08-30T00:40:29.999Z,V4220871,7562,47.06173,7.19188,30786.8,4.7,1.9,16.6,-46.3,-1.0,-1.0,RS41-SG,403.500,9.6,150,11,2.6,-1,-1
2025-08-30T00:40:30.999Z,V4220871,7563,47.06175,7.19189,30792.7,6.2,1.4,20.9,-46.3,-1.0,-1.0,RS41-SG,403.500,9.1,150,11,2.5,-1,-1
2025-08-30T00:40:31.999Z,V4220871,7564,47.06175,7.19189,30799.3,6.5,0.9,318.9,-46.3,-1.0,-1.0,RS41-SG,403.500,9.7,150,11,2.5,-1,-1
2025-08-30T00:40:32.999Z,V4220871,7565,47.06176,7.19187,30805.3,5.2,2.3,282.6,-46.3,-1.0,-1.0,RS41-SG,403.500,9.7,150,11,2.5,-1,-1
2025-08-30T00:40:33.999Z,V4220871,7566,47.06176,7.19183,30810.5,4.8,4.1,280.8,-46.2,0.8,-1.0,RS41-SG,403.500,9.3,150,10,2.5,-1,-1
2025-08-30T00:40:34.999Z,V4220871,7567,47.06178,7.19176,30815.6,5.7,6.0,286.4,-46.2,0.8,-1.0,RS41-SG,403.500,9.3,150,11,2.6,-1,-1
2025-08-30T00:40:35.999Z,V4220871,7568,47.06180,7.19168,30821.7,6.5,7.4,293.2,-46.2,0.8,-1.0,RS41-SG,403.500,9.2,150,11,2.6,-1,-1
2025-08-30T00:40:37.999Z,V4220871,7570,47.06186,7.19151,30833.8,5.9,7.2,297.3,-46.2,0.8,-1.0,RS41-SG,403.500,9.5,150,11,2.5,-1,-1
2025-08-30T00:40:38.999Z,V4220871,7571,47.06188,7.19143,30840.3,6.9,6.2,290.1,-46.2,0.8,-1.0,RS41-SG,403.500,9.5,150,11,2.5,-1,-1
2025-08-30T00:40:39.999Z,V4220871,7572,47.06189,7.19136,30847.5,7.2,4.8,270.1,-46.2,0.8,-1.0,RS41-SG,403.500,9.2,150,11,2.5,-1,-1
2025-08-30T00:40:40.999Z,V4220871,7573,47.06188,7.19130,30854.0,5.4,4.2,245.3,-46.2,0.8,-1.0,RS41-SG,403.500,9.4,150,11,2.6,-1,-1
2025-08-30T00:40:41.999Z,V4220871,7574,47.06186,7.19126,30858.8,4.7,4.2,213.4,-46.2,0.8,-1.0,RS41-SG,403.500,9.4,150,11,2.6,-1,-1
2025-08-30T00:40:42.999Z,V4220871,7575,47.06182,7.19124,30863.9,5.2,4.3,191.6,-46.2,0.8,-1.0,RS41-SG,403.500,9.4,150,11,2.6,-1,-1
2025-08-30T00:40:43.999Z,V4220871,7576,47.06179,7.19124,30869.6,6.0,3.9,170.8,-46.2,0.8,-1.0,RS41-SG,403.500,9.5,150,11,2.5,-1,-1
2025-08-30T00:40:44.999Z,V4220871,7577,47.06176,7.19125,30875.7,6.1,3.2,154.9,-46.2,0.8,-1.0,RS41-SG,403.500,10.0,150,11,2.5,-1,-1
2025-08-30T00:40:45.999Z,V4220871,7578,47.06174,7.19127,30881.2,5.0,2.2,150.6,-46.2,0.8,-1.0,RS41-SG,403.500,10.0,150,11,2.5,-1,-1
2025-08-30T00:40:46.999Z,V4220871,7579,47.06172,7.19127,30886.4,5.5,1.4,183.9,-46.1,0.8,-1.0,RS41-SG,403.500,10.2,150,11,2.6,-1,-1
2025-08-30T00:40:47.999Z,V4220871,7580,47.06171,7.19126,30892.2,6.5,2.7,233.1,-46.1,0.8,-1.0,RS41-SG,403.500,10.6,150,11,2.6,-1,-1
2025-08-30T00:40:48.999Z,V4220871,7581,47.06169,7.19121,30898.7,6.7,5.0,241.8,-46.1,0.8,-1.0,RS41-SG,403.500,10.6,150,11,2.5,-1,-1
2025-08-30T00:40:49.999Z,V4220871,7582,47.06166,7.19114,30904.7,4.8,6.9,243.9,-46.0,0.8,-1.0,RS41-SG,403.500,10.4,150,11,2.5,-1,-1
2025-08-30T00:40:50.999Z,V4220871,7583,47.06163,7.19106,30909.6,4.8,8.1,244.4,-46.0,0.8,-1.0,RS41-SG,403.500,10.5,150,11,2.5,-1,-1
2025-08-30T00:40:51.999Z,V4220871,7584,47.06161,7.19096,30914.7,5.5,8.0,246.7,-46.0,0.8,-1.0,RS41-SG,403.500,10.5,150,11,2.6,-1,-1
2025-08-30T00:40:52.999Z,V4220871,7585,47.06158,7.19087,30921.1,6.7,6.8,251.6,-46.0,0.8,-1.0,RS41-SG,403.500,9.4,150,10,2.6,-1,-1
2025-08-30T00:40:53.999Z,V4220871,7586,47.06157,7.19080,30928.0,6.8,4.9,259.0,-45.9,0.7,-1.0,RS41-SG,403.500,10.9,150,11,2.6,-1,-1
2025-08-30T00:40:54.999Z,V4220871,7587,47.06156,7.19074,30933.9,5.2,3.5,264.6,-45.9,0.8,-1.0,RS41-SG,403.500,10.9,150,11,2.5,-1,-1
2025-08-30T00:40:55.999Z,V4220871,7588,47.06156,7.19071,30939.1,5.1,2.0,259.5,-45.9,0.8,-1.0,RS41-SG,403.500,10.4,150,11,2.5,-1,-1
2025-08-30T00:40:56.999Z,V4220871,7589,47.06155,7.19068,30945.0,6.2,1.9,217.4,-45.9,0.8,-1.0,RS41-SG,403.500,9.8,150,10,2.5,-1,-1
2025-08-30T00:40:57.999Z,V4220871,7590,47.06153,7.19067,30951.5,7.1,3.4,193.1,-45.9,0.8,-1.0,RS41-SG,403.500,9.8,150,11,2.6,-1,-1
2025-08-30T00:40:58.999Z,V4220871,7591,47.06149,7.19066,30958.1,6.0,5.1,192.4,-45.9,0.8,-1.0,RS41-SG,403.500,10.5,150,11,2.6,-1,-1
2025-08-30T00:40:59.999Z,V4220871,7592,47.06144,7.19064,30963.2,4.2,6.3,194.1,-45.9,0.8,-1.0,RS41-SG,403.500,10.5,150,11,2.6,-1,-1
2025-08-30T00:41:00.999Z,V4220871,7593,47.06139,7.19062,30967.8,4.7,6.8,197.2,-46.0,0.8,-1.0,RS41-SG,403.500,9.9,150,11,2.5,-1,-1
2025-08-30T00:41:01.999Z,V4220871,7594,47.06133,7.19059,30973.4,6.1,6.4,201.6,-46.0,0.8,-1.0,RS41-SG,403.500,9.8,150,11,2.5,-1,-1
2025-08-30T00:41:02.999Z,V4220871,7595,47.06128,7.19056,30980.0,6.6,5.4,206.9,-46.0,0.8,-1.0,RS41-SG,403.500,9.8,150,11,2.5,-1,-1
2025-08-30T00:41:03.999Z,V4220871,7596,47.06124,7.19053,30985.9,5.5,4.5,212.1,-46.0,0.8,-1.0,RS41-SG,403.500,10.1,150,11,2.6,-1,-1
2025-08-30T00:41:04.999Z,V4220871,7597,47.06121,7.19049,30991.3,5.6,4.4,223.3,-46.0,0.8,-1.0,RS41-SG,403.500,10.1,150,11,2.6,-1,-1
2025-08-30T00:41:05.999Z,V4220871,7598,47.06118,7.19045,30997.3,6.1,4.9,227.1,-46.1,0.8,-1.0,RS41-SG,403.500,9.6,150,11,2.5,-1,-1
2025-08-30T00:41:06.999Z,V4220871,7599,47.06115,7.19040,31004.0,6.6,6.1,226.6,-46.1,0.8,-1.0,RS41-SG,403.500,10.4,150,11,2.5,-1,-1
2025-08-30T00:41:07.999Z,V4220871,7600,47.06111,7.19033,31010.3,6.2,7.1,224.5,-46.1,0.8,-1.0,RS41-SG,403.500,10.4,150,11,2.5,-1,-1
2025-08-30T00:41:08.999Z,V4220871,7601,47.06106,7.19027,31016.0,5.3,7.4,220.0,-46.2,0.8,-1.0,RS41-SG,403.500,9.3,150,11,2.6,-1,-1
2025-08-30T00:41:09.999Z,V4220871,7602,47.06101,7.19021,31021.3,5.4,7.0,214.2,-46.2,0.8,-1.0,RS41-SG,403.500,11.2,150,11,2.6,-1,-1
2025-08-30T00:41:10.999Z,V4220871,7603,47.06096,7.19017,31027.0,6.1,5.8,203.7,-46.2,0.8,-1.0,RS41-SG,403.500,11.2,150,11,2.6,-1,-1
2025-08-30T00:41:11.999Z,V4220871,7604,47.06092,7.19016,31033.3,6.3,4.5,188.6,-46.2,0.8,-1.0,RS41-SG,403.500,9.1,150,10,2.5,-1,-1
2025-08-30T00:41:12.999Z,V4220871,7605,47.06088,7.19015,31039.3,5.4,3.6,174.0,-46.3,0.8,-1.0,RS41-SG,403.500,10.2,150,11,2.5,-1,-1
2025-08-30T00:41:13.999Z,V4220871,7606,47.06085,7.19016,31044.7,5.4,3.5,164.7,-46.3,0.8,-1.0,RS41-SG,403.500,10.2,150,11,2.5,-1,-1
2025-08-30T00:41:14.999Z,V4220871,7607,47.06082,7.19017,31050.7,6.4,3.8,171.9,-46.2,0.8,-1.0,RS41-SG,403.500,10.2,150,11,2.6,-1,-1
2025-08-30T00:41:15.999Z,V4220871,7608,47.06078,7.19017,31057.6,7.4,4.8,191.2,-46.2,0.8,-1.0,RS41-SG,403.500,10.1,150,11,2.6,-1,-1
2025-08-30T00:41:16.999Z,V4220871,7609,47.06073,7.19015,31064.3,6.0,6.2,201.8,-46.2,0.8,-1.0,RS41-SG,403.500,10.5,150,11,2.6,-1,-1
2025-08-30T00:41:17.999Z,V4220871,7610,47.06068,7.19011,31069.8,4.9,6.9,211.6,-46.2,0.8,-1.0,RS41-SG,403.500,10.5,150,10,2.5,-1,-1
2025-08-30T00:41:18.999Z,V4220871,7611,47.06063,7.19006,31075.5,5.6,7.2,217.1,-46.2,0.8,-1.0,RS41-SG,403.500,9.9,150,11,2.5,-1,-1
2025-08-30T00:41:19.999Z,V4220871,7612,47.06058,7.19000,31081.3,6.3,6.3,223.3,-46.2,0.8,-1.0,RS41-SG,403.500,10.8,150,11,2.5,-1,-1
2025-08-30T00:41:20.999Z,V4220871,7613,47.06055,7.18995,31087.3,6.2,4.9,226.9,-46.3,0.8,-1.0,RS41-SG,403.500,10.8,150,11,2.5,-1,-1
2025-08-30T00:41:21.999Z,V4220871,7614,47.06052,7.18991,31093.4,5.8,3.5,230.9,-46.3,0.8,-1.0,RS41-SG,403.500,10.0,150,11,2.6,-1,-1
2025-08-30T00:41:22.999Z,V4220871,7615,47.06050,7.18988,31098.8,4.9,2.8,228.9,-46.3,0.8,-1.0,RS41-SG,403.500,10.0,150,11,2.6,-1,-1
2025-08-30T00:41:23.999Z,V4220871,7616,47.06048,7.18985,31104.1,5.8,3.2,218.3,-46.3,0.8,-1.0,RS41-SG,403.500,11.0,150,11,2.6,-1,-1
2025-08-30T00:41:24.999Z,V4220871,7617,47.06045,7.18982,31110.5,7.0,4.5,210.0,-46.2,0.8,-1.0,RS41-SG,403.500,11.0,150,11,2.5,-1,-1
2025-08-30T00:41:25.999Z,V4220871,7618,47.06041,7.18979,31117.4,6.7,6.4,204.1,-46.2,0.8,-1.0,RS41-SG,403.500,10.3,150,9,2.5,-1,-1
2025-08-30T00:41:26.999Z,V4220871,7619,47.06035,7.18976,31123.5,5.2,8.0,200.5,-46.1,0.8,-1.0,RS41-SG,403.500,10.7,150,11,2.5,-1,-1
2025-08-30T00:41:27.999Z,V4220871,7620,47.06028,7.18972,31128.6,5.0,9.0,196.6,-46.1,0.7,-1.0,RS41-SG,403.500,10.7,150,11,2.6,-1,-1
2025-08-30T00:41:28.999Z,V4220871,7621,47.06020,7.18969,31134.5,6.4,9.2,193.2,-46.1,0.7,-1.0,RS41-SG,403.500,10.7,150,11,2.6,-1,-1
2025-08-30T00:41:29.999Z,V4220871,7622,47.06012,7.18967,31141.0,6.9,8.2,189.9,-46.0,0.8,-1.0,RS41-SG,403.500,10.7,150,10,2.6,-1,-1
2025-08-30T00:41:30.999Z,V4220871,7623,47.06006,7.18965,31147.2,5.1,7.0,191.0,-45.9,0.8,-1.0,RS41-SG,403.500,10.2,150,11,2.5,-1,-1
2025-08-30T00:41:31.999Z,V4220871,7624,47.06000,7.18963,31152.8,5.8,6.0,196.1,-45.9,0.7,-1.0,RS41-SG,403.500,9.8,150,11,2.5,-1,-1
2025-08-30T00:41:32.999Z,V4220871,7625,47.05995,7.18960,31159.2,6.9,5.9,208.7,-45.8,0.8,-1.0,RS41-SG,403.500,10.1,150,11,2.5,-1,-1
2025-08-30T00:41:33.999Z,V4220871,7626,47.05990,7.18955,31165.9,6.5,6.5,219.5,-45.7,0.7,-1.0,RS41-SG,403.500,10.5,150,11,2.6,-1,-1
2025-08-30T00:41:34.999Z,V4220871,7627,47.05986,7.18949,31171.7,5.2,7.2,225.7,-45.7,0.7,-1.0,RS41-SG,403.500,10.5,150,10,2.6,-1,-1
2025-08-30T00:41:35.999Z,V4220871,7628,47.05982,7.18942,31177.2,5.4,7.4,228.7,-45.6,0.8,-1.0,RS41-SG,403.500,9.2,150,11,2.5,-1,-1
2025-08-30T00:41:36.999Z,V4220871,7629,47.05977,7.18935,31183.5,6.9,6.6,228.7,-45.5,0.7,-1.0,RS41-SG,403.500,9.9,150,11,2.5,-1,-1
2025-08-30T00:41:37.999Z,V4220871,7630,47.05973,7.18929,31190.4,6.7,5.7,220.3,-45.5,0.7,-1.0,RS41-SG,403.500,9.9,150,11,2.5,-1,-1
2025-08-30T00:41:38.999Z,V4220871,7631,47.05969,7.18925,31196.8,6.0,5.5,205.8,-45.4,0.7,-1.0,RS41-SG,403.500,9.6,150,11,2.6,-1,-1
2025-08-30T00:41:39.999Z,V4220871,7632,47.05964,7.18923,31202.6,5.8,6.3,192.5,-45.4,0.7,-1.0,RS41-SG,403.500,9.6,150,11,2.6,-1,-1
2025-08-30T00:41:40.999Z,V4220871,7633,47.05958,7.18922,31208.2,5.5,7.8,186.6,-45.3,0.7,-1.0,RS41-SG,403.500,8.5,150,11,2.6,-1,-1
2025-08-30T00:41:42.999Z,V4220871,7635,47.05941,7.18919,31220.6,6.3,11.5,188.1,-45.2,0.7,-1.0,RS41-SG,403.500,8.5,150,11,2.5,-1,-1
2025-08-30T00:41:43.999Z,V4220871,7636,47.05930,7.18916,31226.6,5.8,12.1,192.2,-45.1,0.7,-1.0,RS41-SG,403.500,10.4,150,11,2.5,-1,-1
2025-08-30T00:41:44.999Z,V4220871,7637,47.05920,7.18912,31232.3,5.7,11.6,197.8,-45.1,0.7,-1.0,RS41-SG,403.500,10.8,150,11,2.6,-1,-1
2025-08-30T00:41:45.999Z,V4220871,7638,47.05911,7.18907,31238.0,6.3,9.8,205.7,-45.0,0.7,-1.0,RS41-SG,403.500,10.8,150,11,2.6,-1,-1
2025-08-30T00:41:46.999Z,V4220871,7639,47.05904,7.18901,31244.4,6.3,7.4,218.2,-45.0,0.7,-1.0,RS41-SG,403.500,9.2,150,11,2.6,-1,-1
2025-08-30T00:41:47.999Z,V4220871,7640,47.05901,7.18895,31250.7,5.8,5.6,235.1,-44.9,0.7,-1.0,RS41-SG,403.500,9.5,150,11,2.5,-1,-1
2025-08-30T00:41:48.999Z,V4220871,7641,47.05899,7.18889,31255.9,4.3,4.8,255.3,-44.9,0.7,-1.0,RS41-SG,403.500,10.5,150,11,2.5,-1,-1
2025-08-30T00:41:49.999Z,V4220871,7642,47.05898,7.18882,31260.5,5.1,5.3,267.3,-44.8,0.7,-1.0,RS41-SG,403.500,10.5,150,11,2.5,-1,-1
2025-08-30T00:41:50.999Z,V4220871,7643,47.05897,7.18875,31266.7,6.9,6.1,262.3,-44.8,0.7,-1.0,RS41-SG,403.500,10.3,150,11,2.5,-1,-1
2025-08-30T00:41:51.999Z,V4220871,7644,47.05896,7.18866,31273.8,7.7,7.4,248.1,-44.7,0.7,-1.0,RS41-SG,403.500,10.3,150,11,2.6,-1,-1
2025-08-30T00:41:52.999Z,V4220871,7645,47.05893,7.18857,31280.4,5.7,8.7,236.9,-44.7,0.7,-1.0,RS41-SG,403.500,9.6,150,11,2.6,-1,-1
2025-08-30T00:41:53.999Z,V4220871,7646,47.05887,7.18848,31286.0,5.0,9.9,226.1,-44.6,0.7,-1.0,RS41-SG,403.500,9.8,150,11,2.6,-1,-1
2025-08-30T00:41:54.999Z,V4220871,7647,47.05881,7.18839,31291.4,5.5,10.6,216.8,-44.6,0.7,-1.0,RS41-SG,403.500,10.0,150,11,2.5,-1,-1
2025-08-30T00:41:55.999Z,V4220871,7648,47.05873,7.18831,31297.6,6.3,10.5,208.9,-44.6,0.7,-1.0,RS41-SG,403.500,10.0,150,11,2.5,-1,-1
2025-08-30T00:41:56.999Z,V4220871,7649,47.05864,7.18825,31303.6,5.4,9.9,204.9,-44.6,0.7,-1.0,RS41-SG,403.500,9.8,150,11,2.5,-1,-1
2025-08-30T00:41:57.999Z,V4220871,7650,47.05856,7.18820,31309.4,6.3,9.5,203.6,-44.5,0.7,-1.0,RS41-SG,403.500,9.6,150,11,2.6,-1,-1
2025-08-30T00:41:58.999Z,V4220871,7651,47.05849,7.18815,31315.7,6.9,9.5,208.9,-44.5,0.7,-1.0,RS41-SG,403.500,9.6,150,11,2.6,-1,-1
2025-08-30T00:41:59.999Z,V4220871,7652,47.05842,7.18808,31322.5,6.6,9.7,217.1,-44.4,0.7,-1.0,RS41-SG,403.500,9.6,150,10,2.6,-1,-1
2025-08-30T00:42:00.999Z,V4220871,7653,47.05835,7.18799,31328.7,5.3,10.0,227.6,-44.4,0.7,-1.0,RS41-SG,403.500,10.1,150,11,2.5,-1,-1
2025-08-30T00:42:01.999Z,V4220871,7654,47.05830,7.18789,31334.2,5.2,10.0,240.2,-44.4,0.7,-1.0,RS41-SG,403.500,10.1,150,11,2.5,-1,-1
2025-08-30T00:42:02.999Z,V4220871,7655,47.05826,7.18777,31340.0,6.1,9.6,252.6,-44.4,0.7,-1.0,RS41-SG,403.500,10.2,150,11,2.5,-1,-1
2025-08-30T00:42:03.999Z,V4220871,7656,47.05825,7.18765,31346.1,6.4,9.2,262.8,-44.4,0.7,-1.0,RS41-SG,403.500,10.2,150,11,2.6,-1,-1
2025-08-30T00:42:04.999Z,V4220871,7657,47.05824,7.18753,31351.8,5.3,8.4,268.6,-44.4,0.7,-1.0,RS41-SG,403.500,9.5,150,11,2.6,-1,-1
2025-08-30T00:42:05.999Z,V4220871,7658,47.05824,7.18743,31357.3,6.1,7.5,265.4,-44.4,0.7,-1.0,RS41-SG,403.500,10.5,150,11,2.5,-1,-1
2025-08-30T00:42:06.999Z,V4220871,7659,47.05822,7.18734,31363.9,6.8,7.0,251.4,-44.4,0.7,-1.0,RS41-SG,403.500,10.5,150,11,2.5,-1,-1
2025-08-30T00:42:07.999Z,V4220871,7660,47.05819,7.18725,31370.8,7.2,7.8,231.7,-44.4,0.7,-1.0,RS41-SG,403.500,10.5,150,11,2.6,-1,-1
2025-08-30T00:42:08.999Z,V4220871,7661,47.05814,7.18718,31377.1,5.7,9.3,218.5,-44.3,0.7,-1.0,RS41-SG,403.500,11.1,150,11,2.6,-1,-1
2025-08-30T00:42:09.999Z,V4220871,7662,47.05807,7.18710,31381.9,4.0,10.5,210.9,-44.3,0.7,-1.0,RS41-SG,403.500,11.1,150,11,2.5,-1,-1
2025-08-30T00:42:10.999Z,V4220871,7663,47.05798,7.18704,31386.1,4.6,11.2,205.1,-44.3,0.7,-1.0,RS41-SG,403.500,9.7,150,11,2.5,-1,-1
2025-08-30T00:42:11.999Z,V4220871,7664,47.05789,7.18698,31391.6,6.5,10.3,200.7,-44.3,0.7,-1.0,RS41-SG,403.500,9.1,150,11,2.5,-1,-1
2025-08-30T00:42:12.999Z,V4220871,7665,47.05781,7.18694,31398.2,7.0,8.8,200.3,-44.2,0.7,-1.0,RS41-SG,403.500,8.9,150,11,2.6,-1,-1
2025-08-30T00:42:14.000Z,V4220871,7666,47.05774,7.18690,31404.6,5.9,7.3,204.6,-44.2,0.7,-1.0,RS41-SG,403.500,9.0,150,11,2.6,-1,-1
2025-08-30T00:42:15.000Z,V4220871,7667,47.05769,7.18685,31410.5,6.1,6.3,219.4,-44.1,0.7,-1.0,RS41-SG,403.500,9.4,150,11,2.6,-1,-1
2025-08-30T00:42:16.000Z,V4220871,7668,47.05766,7.18679,31416.8,6.2,6.6,236.9,-44.1,0.7,-1.0,RS41-SG,403.500,10.3,150,11,2.5,-1,-1
2025-08-30T00:42:17.000Z,V4220871,7669,47.05763,7.18670,31423.5,6.6,8.0,248.5,-44.1,0.7,-1.0,RS41-SG,403.500,10.5,150,11,2.5,-1,-1
2025-08-30T00:42:18.000Z,V4220871,7670,47.05760,7.18660,31429.4,5.0,9.5,253.7,-44.0,0.7,-1.0,RS41-SG,403.500,10.5,150,11,2.5,-1,-1
2025-08-30T00:42:19.000Z,V4220871,7671,47.05758,7.18647,31434.2,4.6,10.6,256.0,-44.0,0.7,-1.0,RS41-SG,403.500,9.9,150,11,2.6,-1,-1
2025-08-30T00:42:20.000Z,V4220871,7672,47.05756,7.18633,31439.3,5.8,10.9,259.4,-44.0,0.7,-1.0,RS41-SG,403.500,10.3,150,11,2.6,-1,-1
2025-08-30T00:42:21.000Z,V4220871,7673,47.05754,7.18620,31445.5,6.9,10.0,261.1,-43.9,0.7,-1.0,RS41-SG,403.500,10.3,150,11,2.5,-1,-1
2025-08-30T00:42:22.000Z,V4220871,7674,47.05753,7.18607,31452.0,6.2,8.8,261.8,-43.9,0.7,-1.0,RS41-SG,403.500,10.6,150,11,2.5,-1,-1
2025-08-30T00:42:23.000Z,V4220871,7675,47.05752,7.18597,31457.7,5.0,7.9,260.4,-43.9,0.7,-1.0,RS41-SG,403.500,10.6,150,11,2.6,-1,-1
2025-08-30T00:42:24.000Z,V4220871,7676,47.05750,7.18587,31463.1,5.8,7.5,255.0,-43.9,0.7,-1.0,RS41-SG,403.500,10.3,150,11,2.6,-1,-1
2025-08-30T00:42:25.000Z,V4220871,7677,47.05748,7.18577,31469.2,6.2,8.0,248.2,-43.9,0.7,-1.0,RS41-SG,403.500,10.3,150,11,2.5,-1,-1
2025-08-30T00:42:26.000Z,V4220871,7678,47.05745,7.18567,31475.6,6.5,9.0,242.7,-43.8,0.7,-1.0,RS41-SG,403.500,9.1,150,11,2.5,-1,-1
2025-08-30T00:42:27.000Z,V4220871,7679,47.05741,7.18556,31481.7,5.8,10.1,242.1,-43.8,0.7,-1.0,RS41-SG,403.500,9.8,150,11,2.5,-1,-1
2025-08-30T00:42:28.000Z,V4220871,7680,47.05736,7.18544,31487.4,5.6,10.5,244.1,-43.8,0.7,-1.0,RS41-SG,403.500,9.8,150,11,2.6,-1,-1
2025-08-30T00:42:29.000Z,V4220871,7681,47.05733,7.18531,31493.0,5.9,10.2,250.5,-43.8,0.7,-1.0,RS41-SG,403.500,9.7,150,11,2.6,-1,-1
2025-08-30T00:42:30.000Z,V4220871,7682,47.05731,7.18519,31499.3,6.7,9.0,259.6,-43.7,0.7,-1.0,RS41-SG,403.500,9.0,150,11,2.6,-1,-1
2025-08-30T00:42:31.000Z,V4220871,7683,47.05730,7.18508,31505.7,6.5,8.0,272.2,-43.7,0.7,-1.0,RS41-SG,403.500,9.3,150,11,2.5,-1,-1
2025-08-30T00:42:32.000Z,V4220871,7684,47.05731,7.18498,31511.5,4.8,7.3,281.1,-43.7,0.7,-1.0,RS41-SG,403.500,9.3,150,11,2.5,-1,-1
2025-08-30T00:42:33.000Z,V4220871,7685,47.05732,7.18489,31516.6,5.1,7.0,287.4,-43.6,0.7,-1.0,RS41-SG,403.500,9.5,150,11,2.5,-1,-1
2025-08-30T00:42:34.000Z,V4220871,7686,47.05734,7.18480,31522.4,7.0,6.9,282.7,-43.6,0.7,-1.0,RS41-SG,403.500,9.8,150,11,2.6,-1,-1
2025-08-30T00:42:35.000Z,V4220871,7687,47.05735,7.18471,31529.5,7.6,7.5,271.7,-43.5,0.7,-1.0,RS41-SG,403.500,10.0,150,11,2.6,-1,-1
2025-08-30T00:42:36.000Z,V4220871,7688,47.05735,7.18461,31535.9,5.5,8.3,262.2,-43.5,0.7,-1.0,RS41-SG,403.500,10.0,150,11,2.5,-1,-1
2025-08-30T00:42:37.000Z,V4220871,7689,47.05733,7.18450,31541.1,4.8,9.2,255.5,-43.4,0.7,-1.0,RS41-SG,403.500,9.3,150,11,2.5,-1,-1
2025-08-30T00:42:38.000Z,V4220871,7690,47.05731,7.18438,31546.3,5.8,9.5,251.6,-43.4,0.7,-1.0,RS41-SG,403.500,8.7,150,11,2.6,-1,-1
2025-08-30T00:42:39.000Z,V4220871,7691,47.05728,7.18426,31552.5,6.7,9.1,252.3,-43.4,0.7,-1.0,RS41-SG,403.500,8.7,150,11,2.6,-1,-1
2025-08-30T00:42:40.000Z,V4220871,7692,47.05726,7.18415,31559.2,6.6,8.4,256.4,-43.4,0.7,-1.0,RS41-SG,403.500,9.3,150,11,2.5,-1,-1
2025-08-30T00:42:41.000Z,V4220871,7693,47.05725,7.18405,31565.3,5.6,7.9,259.9,-43.4,0.7,-1.0,RS41-SG,403.500,9.3,150,11,2.5,-1,-1
2025-08-30T00:42:42.000Z,V4220871,7694,47.05724,7.18395,31570.7,5.2,7.9,262.3,-43.4,0.7,-1.0,RS41-SG,403.500,9.7,150,11,2.5,-1,-1
2025-08-30T00:42:43.000Z,V4220871,7695,47.05723,7.18384,31576.1,5.9,8.5,263.0,-43.3,0.7,-1.0,RS41-SG,403.500,9.7,150,11,2.6,-1,-1
2025-08-30T00:42:44.000Z,V4220871,7696,47.05721,7.18372,31582.3,6.7,9.2,259.8,-43.3,0.7,-1.0,RS41-SG,403.500,9.5,150,11,2.6,-1,-1
2025-08-30T00:42:45.000Z,V4220871,7697,47.05719,7.18360,31588.9,6.2,9.9,254.9,-43.3,0.7,-1.0,RS41-SG,403.500,9.0,150,11,2.6,-1,-1
2025-08-30T00:42:46.000Z,V4220871,7698,47.05717,7.18348,31594.9,5.4,10.0,251.5,-43.3,0.7,-1.0,RS41-SG,403.500,9.0,150,11,2.5,-1,-1
2025-08-30T00:42:47.000Z,V4220871,7699,47.05714,7.18336,31600.3,5.4,9.6,248.1,-43.4,0.7,-1.0,RS41-SG,403.500,9.0,150,11,2.5,-1,-1
2025-08-30T00:42:48.000Z,V4220871,7700,47.05711,7.18325,31606.1,6.2,8.2,247.2,-43.4,0.7,-1.0,RS41-SG,403.500,9.0,150,11,2.5,-1,-1
2025-08-30T00:42:49.000Z,V4220871,7701,47.05708,7.18316,31612.7,6.9,6.4,252.0,-43.4,0.7,-1.0,RS41-SG,403.500,9.4,150,11,2.6,-1,-1
2025-08-30T00:42:50.000Z,V4220871,7702,47.05707,7.18309,31619.3,6.4,5.0,261.9,-43.4,0.7,-1.0,RS41-SG,403.500,9.4,150,11,2.6,-1,-1
2025-08-30T00:42:51.000Z,V4220871,7703,47.05707,7.18303,31625.1,5.1,4.6,273.0,-43.4,0.7,-1.0,RS41-SG,403.500,9.1,150,11,2.6,-1,-1
2025-08-30T00:42:52.000Z,V4220871,7704,47.05707,7.18297,31630.4,5.3,5.1,281.1,-43.5,0.7,-1.0,RS41-SG,403.500,9.1,150,11,2.5,-1,-1
2025-08-30T00:42:53.000Z,V4220871,7705,47.05708,7.18289,31636.0,5.9,6.5,275.5,-43.5,0.7,-1.0,RS41-SG,403.500,8.7,150,11,2.5,-1,-1
2025-08-30T00:42:54.000Z,V4220871,7706,47.05708,7.18279,31642.2,6.4,8.6,270.1,-43.5,0.7,-1.0,RS41-SG,403.500,9.5,150,11,2.5,-1,-1
2025-08-30T00:42:55.000Z,V4220871,7707,47.05708,7.18266,31648.4,6.1,10.7,265.3,-43.6,0.7,-1.0,RS41-SG,403.500,9.5,150,11,2.5,-1,-1
2025-08-30T00:42:57.000Z,V4220871,7709,47.05705,7.18236,31658.6,5.1,12.5,262.0,-43.6,0.7,-1.0,RS41-SG,403.500,8.7,150,11,2.6,-1,-1
2025-08-30T00:42:58.000Z,V4220871,7710,47.05704,7.18220,31664.5,6.6,11.4,262.4,-43.6,0.7,-1.0,RS41-SG,403.500,9.0,150,11,2.6,-1,-1
2025-08-30T00:42:59.000Z,V4220871,7711,47.05703,7.18207,31671.7,7.3,9.2,266.4,-43.5,0.7,-1.0,RS41-SG,403.500,9.0,150,11,2.5,-1,-1
2025-08-30T00:43:00.000Z,V4220871,7712,47.05703,7.18196,31678.3,5.8,7.1,269.9,-43.5,0.7,-1.0,RS41-SG,403.500,8.7,150,11,2.5,-1,-1
2025-08-30T00:43:01.000Z,V4220871,7713,47.05703,7.18189,31683.8,4.8,5.1,272.0,-43.5,0.7,-1.0,RS41-SG,403.500,9.9,150,11,2.5,-1,-1
2025-08-30T00:43:02.000Z,V4220871,7714,47.05703,7.18183,31689.0,5.3,3.6,271.5,-43.5,0.7,-1.0,RS41-SG,403.500,9.9,150,11,2.6,-1,-1
2025-08-30T00:43:03.000Z,V4220871,7715,47.05703,7.18178,31694.9,6.6,3.3,258.7,-43.5,0.7,-1.0,RS41-SG,403.500,9.3,150,11,2.6,-1,-1
2025-08-30T00:43:04.000Z,V4220871,7716,47.05702,7.18174,31701.8,7.1,4.0,247.3,-43.5,0.7,-1.0,RS41-SG,403.500,9.0,150,11,2.6,-1,-1
2025-08-30T00:43:05.000Z,V4220871,7717,47.05700,7.18169,31708.3,5.5,5.0,245.5,-43.4,0.7,-1.0,RS41-SG,403.500,9.0,150,11,2.5,-1,-1
2025-08-30T00:43:06.000Z,V4220871,7718,47.05698,7.18162,31713.8,5.1,5.9,249.7,-43.4,0.7,-1.0,RS41-SG,403.500,7.4,150,11,2.5,-1,-1
2025-08-30T00:43:07.000Z,V4220871,7719,47.05697,7.18154,31719.2,5.9,6.5,261.2,-43.4,0.7,-1.0,RS41-SG,403.500,8.4,150,11,2.5,-1,-1
2025-08-30T00:43:08.000Z,V4220871,7720,47.05697,7.18145,31725.5,6.8,7.1,275.2,-43.3,0.7,-1.0,RS41-SG,403.500,9.2,150,11,2.6,-1,-1
2025-08-30T00:43:09.000Z,V4220871,7721,47.05698,7.18136,31732.0,6.5,7.8,289.0,-43.3,0.7,-1.0,RS41-SG,403.500,9.6,150,11,2.6,-1,-1
2025-08-30T00:43:10.000Z,V4220871,7722,47.05701,7.18126,31737.9,5.4,8.5,294.8,-43.3,0.7,-1.0,RS41-SG,403.500,9.6,150,11,2.5,-1,-1
2025-08-30T00:43:11.000Z,V4220871,7723,47.05704,7.18115,31743.5,5.7,9.4,294.7,-43.3,0.7,-1.0,RS41-SG,403.500,9.8,150,11,2.5,-1,-1
2025-08-30T00:43:12.000Z,V4220871,7724,47.05707,7.18103,31749.9,7.0,10.1,288.5,-43.3,0.7,-1.0,RS41-SG,403.500,9.8,150,11,2.6,-1,-1
2025-08-30T00:43:13.000Z,V4220871,7725,47.05710,7.18090,31757.1,7.1,10.5,278.7,-43.3,0.7,-1.0,RS41-SG,403.500,9.5,150,11,2.6,-1,-1
2025-08-30T00:43:15.000Z,V4220871,7727,47.05710,7.18063,31769.1,5.2,10.3,262.1,-43.3,0.7,-1.0,RS41-SG,403.500,7.9,150,11,2.5,-1,-1
2025-08-30T00:43:16.000Z,V4220871,7728,47.05708,7.18050,31774.5,5.3,9.1,253.4,-43.2,0.7,-1.0,RS41-SG,403.500,9.0,150,11,2.5,-1,-1
2025-08-30T00:43:17.000Z,V4220871,7729,47.05706,7.18040,31780.4,6.3,7.1,246.5,-43.2,0.7,-1.0,RS41-SG,403.500,9.0,150,11,2.6,-1,-1
2025-08-30T00:43:18.000Z,V4220871,7730,47.05703,7.18033,31786.9,6.7,5.1,239.5,-43.2,0.7,-1.0,RS41-SG,403.500,8.8,150,11,2.6,-1,-1
2025-08-30T00:43:19.000Z,V4220871,7731,47.05701,7.18029,31793.0,5.7,3.7,235.5,-43.2,0.7,-1.0,RS41-SG,403.500,9.8,150,11,2.6,-1,-1
2025-08-30T00:43:20.000Z,V4220871,7732,47.05699,7.18025,31798.7,5.2,3.1,236.0,-43.2,0.7,-1.0,RS41-SG,403.500,9.8,150,11,2.5,-1,-1
2025-08-30T00:43:21.000Z,V4220871,7733,47.05698,7.18021,31804.2,6.1,3.7,239.6,-43.2,0.7,-1.0,RS41-SG,403.500,9.0,150,11,2.5,-1,-1
2025-08-30T00:43:22.000Z,V4220871,7734,47.05696,7.18016,31810.9,7.1,5.5,244.2,-43.2,0.7,-1.0,RS41-SG,403.500,10.2,150,11,2.5,-1,-1
2025-08-30T00:43:23.000Z,V4220871,7735,47.05693,7.18008,31817.9,6.9,7.5,246.7,-43.2,0.7,-1.0,RS41-SG,403.500,10.2,150,11,2.6,-1,-1
2025-08-30T00:43:24.000Z,V4220871,7736,47.05691,7.17998,31823.9,5.3,9.2,247.9,-43.2,0.7,-1.0,RS41-SG,403.500,9.3,150,11,2.6,-1,-1
2025-08-30T00:43:25.000Z,V4220871,7737,47.05688,7.17986,31829.1,5.1,10.5,252.0,-43.1,0.7,-1.0,RS41-SG,403.500,9.1,150,11,2.5,-1,-1
2025-08-30T00:43:26.000Z,V4220871,7738,47.05685,7.17972,31834.5,5.7,11.0,257.1,-43.1,0.7,-1.0,RS41-SG,403.500,8.7,150,11,2.5,-1,-1
2025-08-30T00:43:27.000Z,V4220871,7739,47.05683,7.17959,31840.9,7.1,10.3,262.8,-43.1,0.7,-1.0,RS41-SG,403.500,9.1,150,11,2.6,-1,-1
2025-08-30T00:43:28.000Z,V4220871,7740,47.05683,7.17946,31847.5,5.7,9.2,267.8,-43.1,0.7,-1.0,RS41-SG,403.500,9.7,150,11,2.6,-1,-1
2025-08-30T00:43:29.000Z,V4220871,7741,47.05682,7.17935,31853.4,5.9,8.0,268.8,-43.1,0.7,-1.0,RS41-SG,403.500,9.7,150,11,2.5,-1,-1
2025-08-30T00:43:30.000Z,V4220871,7742,47.05682,7.17925,31859.7,6.3,6.8,263.1,-43.1,0.7,-1.0,RS41-SG,403.500,9.3,150,11,2.5,-1,-1
2025-08-30T00:43:31.000Z,V4220871,7743,47.05681,7.17917,31866.2,6.7,6.5,247.7,-43.1,0.7,-1.0,RS41-SG,403.500,9.3,150,11,2.5,-1,-1
2025-08-30T00:43:32.000Z,V4220871,7744,47.05678,7.17909,31872.8,6.3,7.2,234.3,-43.1,0.7,-1.0,RS41-SG,403.500,9.7,150,11,2.6,-1,-1
2025-08-30T00:43:33.000Z,V4220871,7745,47.05673,7.17901,31878.5,5.1,8.1,224.9,-43.1,0.7,-1.0,RS41-SG,403.500,9.7,150,11,2.6,-1,-1
2025-08-30T00:43:34.000Z,V4220871,7746,47.05668,7.17894,31883.6,4.9,8.7,222.4,-43.1,0.7,-1.0,RS41-SG,403.500,9.7,150,11,2.6,-1,-1
2025-08-30T00:43:35.000Z,V4220871,7747,47.05662,7.17886,31888.8,5.6,8.6,223.1,-43.0,0.7,-1.0,RS41-SG,403.500,8.0,150,10,2.5,-1,-1
2025-08-30T00:43:36.000Z,V4220871,7748,47.05657,7.17878,31895.1,6.6,7.9,228.6,-43.0,0.7,-1.0,RS41-SG,403.500,8.5,150,10,2.5,-1,-1
2025-08-30T00:43:37.000Z,V4220871,7749,47.05653,7.17870,31901.3,6.0,7.3,237.1,-42.9,0.7,-1.0,RS41-SG,403.500,9.4,150,11,2.5,-1,-1
2025-08-30T00:43:38.000Z,V4220871,7750,47.05649,7.17862,31907.0,5.2,7.4,245.3,-42.9,0.7,-1.0,RS41-SG,403.500,9.6,150,11,2.6,-1,-1
2025-08-30T00:43:39.000Z,V4220871,7751,47.05647,7.17853,31912.5,6.2,8.0,250.5,-42.8,0.6,-1.0,RS41-SG,403.500,9.6,150,11,2.6,-1,-1
2025-08-30T00:43:40.000Z,V4220871,7752,47.05644,7.17842,31919.1,6.9,9.2,248.8,-42.7,0.7,-1.0,RS41-SG,403.500,10.0,150,11,2.6,-1,-1
2025-08-30T00:43:42.000Z,V4220871,7754,47.05636,7.17818,31931.6,5.0,11.1,239.1,-42.6,0.7,-1.0,RS41-SG,403.500,9.4,150,11,2.5,-1,-1
2025-08-30T00:43:43.000Z,V4220871,7755,47.05630,7.17806,31936.6,5.0,11.1,233.1,-42.6,0.7,-1.0,RS41-SG,403.500,9.7,150,11,2.5,-1,-1
2025-08-30T00:43:44.000Z,V4220871,7756,47.05624,7.17795,31942.2,6.2,10.1,227.2,-42.5,0.7,-1.0,RS41-SG,403.500,10.5,150,11,2.5,-1,-1
2025-08-30T00:43:45.000Z,V4220871,7757,47.05618,7.17787,31948.6,7.1,8.8,220.3,-42.5,0.7,-1.0,RS41-SG,403.500,10.5,150,11,2.6,-1,-1
2025-08-30T00:43:46.000Z,V4220871,7758,47.05613,7.17780,31955.0,5.9,7.3,217.0,-42.5,0.6,-1.0,RS41-SG,403.500,8.6,150,11,2.6,-1,-1
2025-08-30T00:43:47.000Z,V4220871,7759,47.05608,7.17775,31960.6,5.3,6.7,216.2,-42.5,0.6,-1.0,RS41-SG,403.500,9.7,150,11,2.6,-1,-1
2025-08-30T00:43:48.000Z,V4220871,7760,47.05603,7.17770,31966.4,6.0,6.7,218.0,-42.5,0.7,-1.0,RS41-SG,403.500,9.7,150,11,2.5,-1,-1
2025-08-30T00:43:49.000Z,V4220871,7761,47.05598,7.17763,31973.0,7.0,7.7,222.3,-42.4,0.7,-1.0,RS41-SG,403.500,9.5,150,11,2.5,-1,-1
2025-08-30T00:43:50.000Z,V4220871,7762,47.05592,7.17756,31980.0,6.6,9.3,225.9,-42.4,0.7,-1.0,RS41-SG,403.500,9.5,150,11,2.5,-1,-1
2025-08-30T00:43:51.000Z,V4220871,7763,47.05586,7.17746,31985.9,5.2,10.6,230.0,-42.4,0.7,-1.0,RS41-SG,403.500,9.5,150,11,2.6,-1,-1
2025-08-30T00:43:52.000Z,V4220871,7764,47.05580,7.17735,31991.0,4.8,11.4,234.7,-42.4,0.6,-1.0,RS41-SG,403.500,9.3,150,11,2.6,-1,-1
2025-08-30T00:43:53.000Z,V4220871,7765,47.05575,7.17722,31996.2,5.8,11.6,241.3,-42.4,0.6,-1.0,RS41-SG,403.500,8.8,150,11,2.6,-1,-1
2025-08-30T00:43:54.000Z,V4220871,7766,47.05571,7.17709,32002.3,6.3,10.9,248.9,-42.4,0.7,-1.0,RS41-SG,403.500,9.2,150,10,2.5,-1,-1
2025-08-30T00:43:55.000Z,V4220871,7767,47.05568,7.17696,32008.6,5.8,10.1,255.9,-42.5,0.7,-1.0,RS41-SG,403.500,9.2,150,11,2.5,-1,-1
2025-08-30T00:43:56.000Z,V4220871,7768,47.05566,7.17683,32014.4,5.3,9.5,259.8,-42.5,0.7,-1.0,RS41-SG,403.500,9.0,150,11,2.5,-1,-1
2025-08-30T00:43:57.000Z,V4220871,7769,47.05564,7.17671,32020.0,6.1,9.1,258.5,-42.5,0.7,-1.0,RS41-SG,403.500,9.7,150,11,2.6,-1,-1
2025-08-30T00:43:58.000Z,V4220871,7770,47.05562,7.17659,32026.5,6.8,9.4,250.1,-42.5,0.7,-1.0,RS41-SG,403.500,10.3,150,11,2.6,-1,-1
2025-08-30T00:43:59.000Z,V4220871,7771,47.05558,7.17648,32033.5,6.8,10.2,240.6,-42.5,0.6,-1.0,RS41-SG,403.500,10.3,150,11,2.5,-1,-1
2025-08-30T00:44:00.000Z,V4220871,7772,47.05553,7.17636,32039.5,5.2,11.1,233.6,-42.5,0.7,-1.0,RS41-SG,403.500,10.1,150,11,2.5,-1,-1
2025-08-30T00:44:01.000Z,V4220871,7773,47.05547,7.17624,32044.5,4.8,11.9,229.3,-42.5,0.7,-1.0,RS41-SG,403.500,9.4,150,11,2.6,-1,-1
2025-08-30T00:44:02.000Z,V4220871,7774,47.05540,7.17613,32049.6,5.8,11.9,227.1,-42.5,0.7,-1.0,RS41-SG,403.500,9.8,150,11,2.6,-1,-1
2025-08-30T00:44:03.000Z,V4220871,7775,47.05533,7.17601,32056.1,6.9,11.2,229.7,-42.5,0.7,-1.0,RS41-SG,403.500,9.8,150,11,2.5,-1,-1
2025-08-30T00:44:04.000Z,V4220871,7776,47.05527,7.17590,32062.7,6.1,10.1,234.9,-42.5,0.7,-1.0,RS41-SG,403.500,9.7,150,11,2.5,-1,-1
2025-08-30T00:44:05.000Z,V4220871,7777,47.05522,7.17579,32068.4,5.4,9.4,241.9,-42.5,0.7,-1.0,RS41-SG,403.500,9.7,150,11,2.5,-1,-1
2025-08-30T00:44:06.000Z,V4220871,7778,47.05519,7.17568,32074.2,6.3,9.7,246.8,-42.4,0.7,-1.0,RS41-SG,403.500,10.2,150,11,2.6,-1,-1
2025-08-30T00:44:07.000Z,V4220871,7779,47.05515,7.17556,32080.6,6.8,10.3,249.5,-42.4,0.6,-1.0,RS41-SG,403.500,10.2,150,11,2.6,-1,-1
2025-08-30T00:44:08.000Z,V4220871,7780,47.05512,7.17543,32086.9,6.0,11.3,248.3,-42.4,0.6,-1.0,RS41-SG,403.500,10.3,150,11,2.6,-1,-1
2025-08-30T00:44:09.000Z,V4220871,7781,47.05508,7.17529,32092.4,4.8,11.8,248.0,-42.3,0.6,-1.0,RS41-SG,403.500,10.3,150,11,2.5,-1,-1
2025-08-30T00:44:10.000Z,V4220871,7782,47.05504,7.17514,32097.7,5.7,11.8,248.6,-42.3,0.7,-1.0,RS41-SG,403.500,9.1,150,10,2.5,-1,-1
2025-08-30T00:44:11.000Z,V4220871,7783,47.05500,7.17500,32104.0,6.6,11.2,250.5,-42.3,0.7,-1.0,RS41-SG,403.500,9.8,150,11,2.5,-1,-1
2025-08-30T00:44:12.000Z,V4220871,7784,47.05497,7.17487,32110.2,6.0,10.3,251.6,-42.3,0.6,-1.0,RS41-SG,403.500,9.8,150,11,2.6,-1,-1
2025-08-30T00:44:13.000Z,V4220871,7785,47.05494,7.17475,32115.7,5.5,9.5,251.1,-42.3,0.6,-1.0,RS41-SG,403.500,9.8,150,11,2.6,-1,-1
2025-08-30T00:44:14.000Z,V4220871,7786,47.05491,7.17463,32121.5,6.0,9.3,247.7,-42.3,0.6,-1.0,RS41-SG,403.500,9.6,150,11,2.6,-1,-1
2025-08-30T00:44:15.000Z,V4220871,7787,47.05488,7.17452,32127.8,6.3,9.9,240.8,-42.3,0.6,-1.0,RS41-SG,403.500,9.9,150,11,2.5,-1,-1
2025-08-30T00:44:16.000Z,V4220871,7788,47.05483,7.17440,32134.1,5.9,11.1,234.7,-42.3,0.7,-1.0,RS41-SG,403.500,9.9,150,11,2.5,-1,-1
2025-08-30T00:44:17.000Z,V4220871,7789,47.05476,7.17428,32139.8,5.6,12.2,231.6,-42.4,0.7,-1.0,RS41-SG,403.500,11.3,150,11,2.5,-1,-1
2025-08-30T00:44:18.000Z,V4220871,7790,47.05469,7.17415,32145.2,5.3,12.8,231.5,-42.4,0.6,-1.0,RS41-SG,403.500,11.3,150,11,2.6,-1,-1
2025-08-30T00:44:19.000Z,V4220871,7791,47.05462,7.17402,32150.8,6.0,12.5,233.3,-42.4,0.7,-1.0,RS41-SG,403.500,9.6,150,10,2.6,-1,-1
2025-08-30T00:44:20.000Z,V4220871,7792,47.05456,7.17389,32157.0,6.6,11.4,239.7,-42.4,0.7,-1.0,RS41-SG,403.500,9.6,150,11,2.5,-1,-1
2025-08-30T00:44:21.000Z,V4220871,7793,47.05452,7.17377,32163.5,6.3,10.2,248.0,-42.4,0.7,-1.0,RS41-SG,403.500,9.6,150,11,2.5,-1,-1
2025-08-30T00:44:22.000Z,V4220871,7794,47.05450,7.17364,32169.0,4.7,9.5,257.3,-42.4,0.7,-1.0,RS41-SG,403.500,10.3,150,11,2.5,-1,-1
2025-08-30T00:44:23.000Z,V4220871,7795,47.05448,7.17352,32173.8,4.8,9.6,265.5,-42.4,0.7,-1.0,RS41-SG,403.500,10.8,150,10,2.6,-1,-1
2025-08-30T00:44:24.000Z,V4220871,7796,47.05448,7.17339,32178.8,5.7,10.3,268.2,-42.4,0.6,-1.0,RS41-SG,403.500,10.8,150,11,2.6,-1,-1
2025-08-30T00:44:25.000Z,V4220871,7797,47.05447,7.17325,32184.9,6.1,11.4,263.9,-42.4,0.7,-1.0,RS41-SG,403.500,9.8,150,11,2.6,-1,-1
2025-08-30T00:44:26.000Z,V4220871,7798,47.05445,7.17309,32191.1,6.1,12.8,258.2,-42.4,0.6,-1.0,RS41-SG,403.500,9.8,150,11,2.5,-1,-1
2025-08-30T00:44:27.000Z,V4220871,7799,47.05442,7.17292,32197.1,5.9,14.0,252.2,-42.4,0.7,-1.0,RS41-SG,403.500,9.2,150,11,2.5,-1,-1
2025-08-30T00:44:28.000Z,V4220871,7800,47.05438,7.17275,32202.7,5.1,14.6,247.8,-42.4,0.7,-1.0,RS41-SG,403.500,9.6,150,10,2.5,-1,-1
2025-08-30T00:44:29.000Z,V4220871,7801,47.05433,7.17258,32207.9,5.4,14.1,244.4,-42.4,0.7,-1.0,RS41-SG,403.500,9.6,150,11,2.6,-1,-1
2025-08-30T00:44:30.000Z,V4220871,7802,47.05427,7.17242,32213.3,5.9,12.5,243.3,-42.4,0.7,-1.0,RS41-SG,403.500,8.8,150,11,2.6,-1,-1
2025-08-30T00:44:31.000Z,V4220871,7803,47.05423,7.17229,32219.4,6.5,10.1,244.5,-42.4,0.6,-1.0,RS41-SG,403.500,9.0,150,11,2.6,-1,-1
2025-08-30T00:44:32.000Z,V4220871,7804,47.05420,7.17218,32225.4,5.5,8.0,251.8,-42.4,0.6,-1.0,RS41-SG,403.500,9.0,150,11,2.5,-1,-1
2025-08-30T00:44:33.000Z,V4220871,7805,47.05419,7.17209,32230.5,4.2,6.7,264.2,-42.4,0.6,-1.0,RS41-SG,403.500,9.8,150,10,2.5,-1,-1
2025-08-30T00:44:34.000Z,V4220871,7806,47.05419,7.17200,32235.1,5.2,7.0,279.3,-42.4,0.6,-1.0,RS41-SG,403.500,9.8,150,11,2.5,-1,-1
2025-08-30T00:44:35.000Z,V4220871,7807,47.05420,7.17190,32240.9,6.5,8.7,283.1,-42.4,0.7,-1.0,RS41-SG,403.500,9.7,150,11,2.6,-1,-1
2025-08-30T00:44:36.000Z,V4220871,7808,47.05422,7.17177,32247.8,6.9,10.8,278.5,-42.3,0.6,-1.0,RS41-SG,403.500,9.7,150,11,2.6,-1,-1
2025-08-30T00:44:37.000Z,V4220871,7809,47.05423,7.17162,32253.9,5.4,12.5,274.6,-42.3,0.6,-1.0,RS41-SG,403.500,9.1,150,11,2.5,-1,-1
2025-08-30T00:44:38.000Z,V4220871,7810,47.05423,7.17145,32258.6,4.1,13.8,270.1,-42.3,0.7,-1.0,RS41-SG,403.500,10.4,150,11,2.5,-1,-1
2025-08-30T00:44:39.000Z,V4220871,7811,47.05423,7.17126,32263.4,5.2,14.5,268.6,-42.3,0.7,-1.0,RS41-SG,403.500,10.4,150,11,2.6,-1,-1
2025-08-30T00:44:41.000Z,V4220871,7813,47.05422,7.17090,32276.0,6.6,12.6,268.4,-42.3,0.7,-1.0,RS41-SG,403.500,8.9,150,10,2.5,-1,-1
2025-08-30T00:44:42.000Z,V4220871,7814,47.05422,7.17075,32281.7,5.0,11.4,270.0,-42.3,0.7,-1.0,RS41-SG,403.500,9.2,150,11,2.5,-1,-1
2025-08-30T00:44:43.000Z,V4220871,7815,47.05422,7.17060,32286.8,5.1,10.1,270.8,-42.4,0.7,-1.0,RS41-SG,403.500,9.2,150,11,2.5,-1,-1
2025-08-30T00:44:44.000Z,V4220871,7816,47.05422,7.17048,32292.2,5.9,9.4,268.9,-42.4,0.7,-1.0,RS41-SG,403.500,9.8,150,11,2.6,-1,-1
2025-08-30T00:44:45.000Z,V4220871,7817,47.05422,7.17035,32298.3,6.2,9.5,266.6,-42.4,0.7,-1.0,RS41-SG,403.500,9.8,150,10,2.6,-1,-1
2025-08-30T00:44:46.000Z,V4220871,7818,47.05421,7.17023,32304.1,5.5,9.7,265.5,-42.4,0.6,-1.0,RS41-SG,403.500,8.6,150,10,2.6,-1,-1
2025-08-30T00:44:47.000Z,V4220871,7819,47.05421,7.17010,32309.5,4.9,9.9,267.7,-42.4,0.7,-1.0,RS41-SG,403.500,9.5,150,11,2.5,-1,-1
2025-08-30T00:44:49.000Z,V4220871,7821,47.05423,7.16984,32320.8,5.7,10.0,285.5,-42.4,0.7,-1.0,RS41-SG,403.500,8.2,150,11,2.5,-1,-1
2025-08-30T00:44:50.000Z,V4220871,7822,47.05426,7.16972,32326.9,6.2,10.5,295.9,-42.4,0.7,-1.0,RS41-SG,403.500,10.1,150,11,2.6,-1,-1
2025-08-30T00:44:51.000Z,V4220871,7823,47.05431,7.16960,32332.6,5.4,10.8,302.8,-42.5,0.7,-1.0,RS41-SG,403.500,10.1,150,11,2.6,-1,-1
2025-08-30T00:44:52.000Z,V4220871,7824,47.05436,7.16948,32338.0,5.2,10.6,301.7,-42.5,0.6,-1.0,RS41-SG,403.500,8.4,150,11,2.6,-1,-1
2025-08-30T00:44:53.000Z,V4220871,7825,47.05440,7.16936,32343.5,6.0,10.2,295.9,-42.5,0.7,-1.0,RS41-SG,403.500,9.1,150,11,2.5,-1,-1
2025-08-30T00:44:54.000Z,V4220871,7826,47.05443,7.16923,32349.7,6.3,9.9,283.6,-42.5,0.7,-1.0,RS41-SG,403.500,9.8,150,11,2.5,-1,-1
2025-08-30T00:44:55.000Z,V4220871,7827,47.05444,7.16910,32356.1,6.4,10.2,269.8,-42.5,0.7,-1.0,RS41-SG,403.500,9.8,150,11,2.5,-1,-1
2025-08-30T00:44:56.000Z,V4220871,7828,47.05444,7.16897,32362.1,5.4,10.9,259.4,-42.5,0.7,-1.0,RS41-SG,403.500,8.6,150,11,2.6,-1,-1
2025-08-30T00:44:57.000Z,V4220871,7829,47.05441,7.16883,32367.2,4.8,11.2,254.2,-42.5,0.7,-1.0,RS41-SG,403.500,8.8,150,10,2.6,-1,-1
2025-08-30T00:44:58.000Z,V4220871,7830,47.05439,7.16869,32372.5,5.7,10.7,255.0,-42.5,0.7,-1.0,RS41-SG,403.500,10.2,150,11,2.5,-1,-1
2025-08-30T00:45:00.000Z,V4220871,7832,47.05437,7.16844,32386.0,7.0,8.5,281.5,-42.5,0.7,-1.0,RS41-SG,403.500,7.9,150,11,2.5,-1,-1
2025-08-30T00:45:01.000Z,V4220871,7833,47.05440,7.16834,32391.7,5.0,8.7,298.4,-42.5,0.7,-1.0,RS41-SG,403.500,9.3,150,11,2.6,-1,-1
2025-08-30T00:45:02.000Z,V4220871,7834,47.05445,7.16824,32396.1,4.1,9.7,310.2,-42.5,0.7,-1.0,RS41-SG,403.500,9.3,150,11,2.6,-1,-1
2025-08-30T00:45:03.000Z,V4220871,7835,47.05451,7.16814,32400.6,5.0,10.6,313.8,-42.6,0.7,-1.0,RS41-SG,403.500,8.8,150,11,2.6,-1,-1
2025-08-30T00:45:04.000Z,V4220871,7836,47.05457,7.16803,32406.5,6.4,11.2,308.7,-42.6,0.7,-1.0,RS41-SG,403.500,9.0,150,10,2.5,-1,-1
2025-08-30T00:45:06.000Z,V4220871,7838,47.05467,7.16778,32419.9,5.5,11.1,290.1,-42.7,0.7,-1.0,RS41,403.500,9.9,150,11,2.5,-1,-1
2025-08-30T00:45:07.000Z,V4220871,7839,47.05470,7.16764,32424.8,4.5,11.4,281.9,-42.7,0.7,-1.0,RS41,403.500,8.7,-225,11,2.6,-1,-1
2025-08-30T00:45:09.000Z,V4220871,7841,47.05473,7.16734,32435.9,6.6,11.3,277.0,-42.8,0.7,-1.0,RS41,403.500,8.7,150,11,2.6,-1,-1
2025-08-30T00:45:10.000Z,V4220871,7842,47.05474,7.16720,32442.2,6.2,10.8,280.2,-42.8,0.6,-1.0,RS41,403.500,8.8,150,11,2.5,-1,-1
2025-08-30T00:45:11.000Z,V4220871,7843,47.05476,7.16707,32448.1,5.5,10.2,285.1,-42.8,0.7,-1.0,RS41,403.500,8.8,150,11,2.5,-1,-1
2025-08-30T00:45:13.000Z,V4220871,7845,47.05481,7.16683,32459.6,6.3,9.2,290.1,-42.9,0.7,-1.0,RS41,403.500,9.1,150,11,2.6,-1,-1
2025-08-30T00:45:14.000Z,V4220871,7846,47.05484,7.16672,32466.0,6.5,8.9,289.8,-43.0,0.7,-1.0,RS41,403.500,9.1,150,11,2.6,-1,-1
2025-08-30T00:45:15.000Z,V4220871,7847,47.05487,7.16661,32472.0,5.5,9.2,291.5,-43.1,0.7,-1.0,RS41,403.500,9.2,150,11,2.5,-1,-1
2025-08-30T00:45:16.000Z,V4220871,7848,47.05491,7.16649,32478.1,6.3,9.9,296.5,-43.1,0.7,-1.0,RS41,403.500,9.2,150,11,2.5,-1,-1
2025-08-30T00:45:17.000Z,V4220871,7849,47.05495,7.16637,32484.3,5.9,10.7,302.3,-43.1,0.7,-1.0,RS41,403.500,8.2,150,11,2.6,-1,-1
2025-08-30T00:45:18.000Z,V4220871,7850,47.05501,7.16625,32490.3,5.9,11.9,309.2,-43.1,0.7,-1.0,RS41,403.500,9.8,150,11,2.6,-1,-1
2025-08-30T00:45:19.000Z,V4220871,7851,47.05508,7.16613,32496.0,5.3,12.8,314.1,-43.2,0.7,-1.0,RS41,403.500,9.8,150,11,2.5,-1,-1
2025-08-30T00:45:20.000Z,V4220871,7852,47.05516,7.16601,32501.2,4.8,12.8,313.7,-43.2,0.7,-1.0,RS41,403.500,8.7,150,11,2.5,-1,-1
2025-08-30T00:45:21.000Z,V4220871,7853,47.05524,7.16589,32506.7,5.9,12.0,309.3,-43.2,0.7,-1.0,RS41,403.500,9.0,150,10,2.5,-1,-1
2025-08-30T00:45:22.000Z,V4220871,7854,47.05529,7.16577,32513.6,7.2,10.4,299.1,-43.3,0.7,-1.0,RS41,403.500,9.4,150,11,2.6,-1,-1
2025-08-30T00:45:24.000Z,V4220871,7856,47.05534,7.16554,32526.2,5.1,8.7,272.9,-43.3,0.7,-1.0,RS41,403.500,8.1,150,10,2.6,-1,-1
2025-08-30T00:45:26.000Z,V4220871,7858,47.05533,7.16532,32537.7,6.2,7.7,263.6,-43.3,0.7,-1.0,RS41,403.500,7.6,150,11,2.5,-1,-1
2025-08-30T00:45:27.000Z,V4220871,7859,47.05533,7.16523,32544.6,7.5,7.0,273.3,-43.3,0.7,-1.0,RS41,403.500,8.1,-225,11,2.5,-1,-1
2025-08-30T00:45:28.000Z,V4220871,7860,47.05534,7.16514,32551.2,5.9,6.8,287.1,-43.3,0.7,-1.0,RS41,403.500,8.4,150,11,2.6,-1,-1
2025-08-30T00:45:29.000Z,V4220871,7861,47.05536,7.16506,32556.7,5.0,6.9,298.7,-43.4,0.7,-1.0,RS41,403.500,8.5,150,10,2.6,-1,-1
2025-08-30T00:45:30.000Z,V4220871,7862,47.05540,7.16498,32562.2,6.0,7.0,305.0,-43.4,0.7,-1.0,RS41,403.500,8.5,-225,10,2.6,-1,-1
2025-08-30T00:45:31.000Z,V4220871,7863,47.05543,7.16491,32568.5,6.4,6.8,303.4,-43.4,0.7,-1.0,RS41,403.500,7.9,-225,11,2.5,-1,-1
2025-08-30T00:45:33.000Z,V4220871,7865,47.05548,7.16476,32581.6,5.5,6.1,288.4,-43.5,0.7,-1.0,RS41,403.500,8.2,150,10,2.5,-1,-1
2025-08-30T00:45:34.000Z,V4220871,7866,47.05549,7.16468,32587.2,5.3,6.2,282.5,-43.5,0.7,-1.0,RS41,403.500,8.2,-225,11,2.6,-1,-1
2025-08-30T00:45:37.000Z,V4220871,7869,47.05554,7.16444,32605.7,6.2,6.4,293.1,-43.5,0.7,-1.0,RS41,403.500,8.7,150,11,2.5,-1,-1
2025-08-30T00:45:40.000Z,V4220871,7872,47.05561,7.16427,32623.7,6.6,3.3,310.2,-43.5,0.7,-1.0,RS41,403.500,7.1,150,11,2.5,-1,-1
2025-08-30T00:45:43.000Z,V4220871,7875,47.05563,7.16422,32642.3,5.8,1.4,269.5,-43.6,0.7,-1.0,RS41,403.500,8.1,-225,10,2.6,-1,-1
2025-08-30T00:45:47.000Z,V4220871,7879,47.05573,7.16398,32668.7,4.8,9.5,307.5,-43.6,0.7,-1.0,RS41,403.500,8.1,150,11,2.5,-1,-1
2025-08-30T00:45:48.000Z,V4220871,7880,47.05578,7.16388,32673.8,5.1,10.6,310.0,-43.6,0.7,-1.0,RS41,403.500,8.2,150,11,2.5,-1,-1
2025-08-30T00:45:51.000Z,V4220871,7883,47.05593,7.16360,32693.5,7.1,6.3,307.1,-43.6,0.7,-1.0,RS41,403.500,7.5,150,10,2.6,-1,-1
2025-08-30T00:45:55.000Z,V4220871,7887,47.05602,7.16343,32716.5,7.2,4.5,313.5,-43.6,0.7,-1.0,RS41,403.500,7.6,150,11,2.6,-1,-1
2025-08-30T00:45:59.000Z,V4220871,7891,47.05623,7.16316,32741.3,6.0,9.7,321.3,-43.6,0.7,-1.0,RS41,403.500,8.5,-225,11,2.6,-1,-1
2025-08-30T00:46:02.000Z,V4220871,7894,47.05640,7.16294,32761.3,6.3,6.6,309.2,-43.7,0.7,-1.0,RS41,403.500,8.9,150,11,2.5,-1,-1
2025-08-30T00:46:03.000Z,V4220871,7895,47.05643,7.16287,32767.0,4.8,6.1,301.5,-43.7,0.7,-1.0,RS41,403.500,8.9,150,11,2.5,-1,-1
2025-08-30T00:46:07.000Z,V4220871,7899,47.05657,7.16254,32793.0,5.8,9.5,309.5,-43.9,0.7,-1.0,RS41,403.500,7.6,150,11,2.5,-1,-1
2025-08-30T00:46:08.000Z,V4220871,7900,47.05663,7.16245,32798.4,5.0,10.1,316.6,-44.0,0.7,-1.0,RS41,403.500,7.6,150,11,2.5,-1,-1
2025-08-30T00:46:11.000Z,V4220871,7903,47.05683,7.16226,32817.2,6.7,7.1,341.5,-44.1,0.7,-1.0,RS41,403.500,7.9,150,11,2.6,-1,-1
2025-08-30T00:46:20.000Z,V4220871,7912,47.05745,7.16189,32873.1,7.0,9.8,325.2,-44.2,0.7,-1.0,RS41,403.500,8.6,150,11,2.6,-1,-1
2025-08-30T00:46:29.000Z,V4220871,7921,47.05806,7.16154,32929.1,5.1,11.6,334.1,-44.2,0.7,-1.0,RS41,403.500,7.6,150,11,2.5,-1,-1
2025-08-30T00:46:35.000Z,V4220871,7927,47.05839,7.16135,32967.2,6.3,5.9,28.9,-44.2,0.7,-1.0,RS41,403.500,8.3,150,11,2.5,-1,-1
2025-08-30T00:47:02.000Z,V4220871,7954,47.05965,7.16166,33140.5,5.3,4.4,111.5,-43.7,0.7,-1.0,RS41,403.500,7.9,150,11,2.6,-1,-1
2025-08-30T00:47:31.000Z,V4220871,7983,47.05919,7.16275,33324.5,6.2,6.4,174.7,-42.6,0.6,-1.0,RS41,403.500,7.4,150,11,2.5,-1,-1
2025-08-30T00:47:39.000Z,V4220871,7991,47.05899,7.16261,33377.4,6.6,1.9,318.9,-42.7,0.7,-1.0,RS41,403.500,7.9,150,11,2.5,-1,-1
2025-08-30T00:50:53.000Z,V4220871,8185,47.04699,7.15974,34524.7,5.1,9.6,202.6,-39.4,0.6,-1.0,RS41,403.500,8.6,150,11,2.6,-1,-1
2025-08-30T00:50:55.000Z,V4220871,8187,47.04684,7.15964,34535.4,5.5,8.4,205.9,-39.2,0.5,-1.0,RS41,403.500,7.1,150,11,2.5,-1,-1
2025-08-30T00:50:59.000Z,V4220871,8191,47.04655,7.15947,34556.5,5.0,10.6,194.7,-38.9,0.5,-1.0,RS41,403.500,7.9,150,11,2.5,-1,-1
2025-08-30T00:51:19.000Z,V4220871,8211,47.04465,7.15843,34663.5,4.6,10.4,227.7,-37.2,0.5,-1.0,RS41,403.500,7.7,150,11,2.5,-1,-1
2025-08-30T00:51:33.000Z,V4220871,8225,47.04356,7.15739,34742.2,4.8,13.8,245.4,-37.2,0.5,-1.0,RS41,403.500,8.3,150,11,2.5,-1,-1
2025-08-30T00:51:34.000Z,V4220871,8226,47.04350,7.15721,34746.9,4.3,16.8,241.8,-37.3,0.5,-1.0,RS41,403.500,8.1,150,11,2.5,-1,-1
2025-08-30T00:51:40.000Z,V4220871,8232,47.04287,7.15644,34779.0,4.6,9.1,186.8,-37.1,0.5,-1.0,RS41,403.500,7.4,-225,11,2.5,-1,-1
2025-08-30T00:51:48.000Z,V4220871,8240,47.04252,7.15555,34822.1,4.3,21.1,237.0,-36.9,0.5,-1.0,RS41,403.500,8.6,150,11,2.6,-1,-1
2025-08-30T00:51:55.000Z,V4220871,8247,47.04189,7.15490,34860.5,4.8,2.0,206.0,-36.8,0.5,-1.0,RS41,403.500,7.8,-225,11,2.6,-1,-1
2025-08-30T00:51:58.000Z,V4220871,8250,47.04186,7.15469,34879.9,6.3,10.4,254.9,-36.6,0.5,-1.0,RS41,403.500,8.1,150,11,2.5,-1,-1
2025-08-30T00:52:00.000Z,V4220871,8252,47.04176,7.15438,34889.3,4.2,15.5,239.7,-36.5,0.5,-1.0,RS41,403.500,8.5,150,11,2.6,-1,-1
2025-08-30T00:52:06.000Z,V4220871,8258,47.04114,7.15378,34923.9,5.0,10.9,185.5,-36.4,0.5,-1.0,RS41,403.500,7.6,150,11,2.5,-1,-1
2025-08-30T00:52:07.000Z,V4220871,8259,47.04105,7.15377,34929.6,6.3,9.6,183.4,-36.4,0.5,-1.0,RS41,403.500,7.6,150,10,2.6,-1,-1
2025-08-30T00:52:08.000Z,V4220871,8260,47.04097,7.15375,34936.1,6.8,8.4,189.6,-36.4,0.5,-1.0,RS41,403.500,8.0,150,11,2.6,-1,-1
2025-08-30T00:52:09.000Z,V4220871,8261,47.04090,7.15373,34942.6,5.9,8.0,200.7,-36.4,0.5,-1.0,RS41,403.500,8.6,150,10,2.5,-1,-1
2025-08-30T00:52:11.000Z,V4220871,8263,47.04078,7.15362,34953.2,4.9,7.9,223.6,-36.3,0.5,-1.0,RS41,403.500,7.7,150,11,2.5,-1,-1
2025-08-30T00:52:15.000Z,V4220871,8267,47.04058,7.15332,34977.4,6.8,8.0,214.1,-36.2,0.5,-1.0,RS41,403.500,7.9,150,11,2.5,-1,-1
2025-08-30T00:52:17.000Z,V4220871,8269,47.04043,7.15322,34989.9,5.5,11.0,196.5,-36.2,0.5,-1.0,RS41,403.500,8.1,150,11,2.5,-1,-1
2025-08-30T00:52:18.000Z,V4220871,8270,47.04032,7.15318,34995.1,5.2,13.4,191.6,-36.1,0.5,-1.0,RS41,403.500,8.1,150,11,2.6,-1,-1
2025-08-30T00:52:26.000Z,V4220871,8278,47.03949,7.15250,35044.2,4.8,9.4,258.7,-35.6,0.4,-1.0,RS41,403.500,8.4,150,11,2.6,-1,-1
2025-08-30T00:52:27.000Z,V4220871,8279,47.03948,7.15239,35049.5,5.7,7.6,267.2,-35.5,0.5,-1.0,RS41,403.500,8.4,150,11,2.5,-1,-1
2025-08-30T00:55:05.000Z,V4220871,8437,47.03383,7.13527,31995.9,-45.6,5.1,267.7,-43.3,0.7,-1.0,RS41,403.500,8.5,150,10,2.6,-1,-1
2025-08-30T00:55:07.000Z,V4220871,8439,47.03379,7.13514,31904.0,-45.9,6.5,230.5,-43.7,0.7,-1.0,RS41,403.500,9.1,150,10,2.5,-1,-1
2025-08-30T00:55:08.000Z,V4220871,8440,47.03374,7.13507,31858.7,-45.4,7.2,226.3,-43.9,0.8,-1.0,RS41,403.500,9.1,150,10,2.5,-1,-1
2025-08-30T00:55:09.000Z,V4220871,8441,47.03370,7.13500,31813.6,-45.2,8.7,228.1,-44.1,0.8,-1.0,RS41,403.500,8.3,150,10,2.5,-1,-1
2025-08-30T00:55:13.000Z,V4220871,8445,47.03354,7.13455,31636.0,-44.6,10.0,260.0,-44.4,0.8,-1.0,RS41,403.500,9.3,150,10,2.5,-1,-1
2025-08-30T00:55:14.000Z,V4220871,8446,47.03353,7.13443,31590.5,-46.1,9.5,265.9,-44.6,0.8,-1.0,RS41,403.500,9.3,150,10,2.5,-1,-1
2025-08-30T00:55:16.000Z,V4220871,8448,47.03354,7.13420,31501.5,-43.8,8.4,273.3,-44.9,0.8,-1.0,RS41,403.500,9.1,150,10,2.6,-1,-1
2025-08-30T00:55:17.000Z,V4220871,8449,47.03354,7.13409,31458.0,-43.6,8.2,274.6,-45.0,0.8,-1.0,RS41,403.500,8.8,150,10,2.6,-1,-1
2025-08-30T00:55:18.000Z,V4220871,8450,47.03354,7.13399,31414.9,-43.6,7.3,264.3,-45.1,0.8,-1.0,RS41-SG,403.500,10.2,150,10,2.6,-1,-1
2025-08-30T00:55:19.000Z,V4220871,8451,47.03353,7.13389,31371.3,-43.6,7.3,256.2,-45.3,0.8,-1.0,RS41-SG,403.500,10.2,150,10,2.5,-1,-1
2025-08-30T00:55:20.000Z,V4220871,8452,47.03350,7.13381,31328.2,-43.4,6.6,241.7,-45.6,0.9,-1.0,RS41-SG,403.500,8.9,150,10,2.5,-1,-1
2025-08-30T00:55:21.000Z,V4220871,8453,47.03347,7.13373,31284.8,-44.0,7.4,231.2,-45.9,0.9,-1.0,RS41-SG,403.500,8.8,150,10,2.5,-1,-1
2025-08-30T00:55:22.000Z,V4220871,8454,47.03342,7.13366,31241.1,-43.7,8.7,221.5,-46.2,0.9,-1.0,RS41-SG,403.500,9.5,150,10,2.6,-1,-1
2025-08-30T00:55:23.000Z,V4220871,8455,47.03336,7.13359,31197.5,-43.8,8.5,219.0,-46.4,0.9,-1.0,RS41-SG,403.500,9.5,150,10,2.6,-1,-1
2025-08-30T00:55:24.000Z,V4220871,8456,47.03329,7.13352,31154.5,-43.3,8.8,213.2,-46.5,0.9,-1.0,RS41-SG,403.500,9.4,150,10,2.6,-1,-1
2025-08-30T00:55:26.000Z,V4220871,8458,47.03317,7.13341,31068.7,-43.3,8.2,206.5,-46.4,0.9,-1.0,RS41-SG,403.500,9.7,150,10,2.5,-1,-1
2025-08-30T00:55:27.000Z,V4220871,8459,47.03311,7.13336,31026.4,-42.4,6.6,212.7,-46.2,0.8,-1.0,RS41-SG,403.500,9.7,150,10,2.5,-1,-1
2025-08-30T00:55:28.000Z,V4220871,8460,47.03306,7.13332,30984.1,-42.1,6.1,214.4,-46.1,0.8,-1.0,RS41-SG,403.500,7.8,150,10,2.6,-1,-1
2025-08-30T00:55:29.000Z,V4220871,8461,47.03303,7.13327,30941.7,-42.8,4.6,219.1,-46.0,0.8,-1.0,RS41-SG,403.500,9.7,150,10,2.6,-1,-1
2025-08-30T00:55:30.000Z,V4220871,8462,47.03300,7.13324,30898.9,-42.7,3.0,230.9,-46.1,0.8,-1.0,RS41-SG,403.500,9.7,150,10,2.6,-1,-1
2025-08-30T00:55:31.000Z,V4220871,8463,47.03299,7.13320,30857.0,-42.9,3.5,255.4,-46.2,0.8,-1.0,RS41-SG,403.500,8.9,150,10,2.5,-1,-1
2025-08-30T00:55:32.000Z,V4220871,8464,47.03299,7.13316,30814.5,-42.5,3.4,281.9,-46.2,0.9,-1.0,RS41-SG,403.500,9.4,150,9,2.5,-1,-1
2025-08-30T00:55:33.000Z,V4220871,8465,47.03300,7.13311,30772.6,-41.9,3.5,288.7,-46.3,0.9,-1.0,RS41-SG,403.500,9.4,150,10,2.5,-1,-1
2025-08-30T00:55:34.000Z,V4220871,8466,47.03301,7.13307,30730.7,-41.9,4.1,292.1,-46.4,0.9,-1.0,RS41-SG,403.500,8.8,150,10,2.6,08:28:40,-1
2025-08-30T00:55:35.000Z,V4220871,8467,47.03302,7.13301,30689.2,-41.9,4.6,298.3,-46.5,0.9,-1.0,RS41-SG,403.500,8.9,150,10,2.6,08:28:40,-1
2025-08-30T00:55:36.000Z,V4220871,8468,47.03303,7.13296,30647.6,-41.8,4.2,289.7,-46.4,0.8,-1.0,RS41-SG,403.500,8.9,150,10,2.6,08:28:40,-1
2025-08-30T00:55:39.000Z,V4220871,8471,47.03308,7.13277,30523.7,-41.0,5.9,285.3,-46.0,0.8,-1.0,RS41-SG,403.500,8.4,150,10,2.5,08:28:40,-1
2025-08-30T00:55:41.000Z,V4220871,8473,47.03311,7.13259,30442.4,-40.5,8.2,285.1,-45.7,0.8,-1.0,RS41-SG,403.500,7.7,150,10,2.6,08:28:40,-1
2025-08-30T00:55:46.000Z,V4220871,8478,47.03316,7.13194,30239.4,-40.8,11.3,270.9,-45.9,0.8,-1.0,RS41-SG,403.500,7.2,150,10,2.6,08:28:40,-1
2025-08-30T00:55:58.000Z,V4220871,8490,47.03302,7.13068,29761.3,-39.9,6.8,274.5,-46.7,0.8,-1.0,RS41-SG,403.500,8.7,150,10,2.6,08:28:40,-1
2025-08-30T00:55:59.000Z,V4220871,8491,47.03303,7.13059,29721.9,-38.6,7.4,273.1,-46.7,0.9,-1.0,RS41-SG,403.500,8.7,150,10,2.6,08:28:40,-1
2025-08-30T00:56:02.000Z,V4220871,8494,47.03300,7.13024,29604.0,-38.9,10.0,254.3,-46.5,0.8,-1.0,RS41-SG,403.500,7.8,150,10,2.5,08:28:40,-1
2025-08-30T00:56:03.000Z,V4220871,8495,47.03297,7.13012,29564.6,-39.9,10.4,247.5,-46.6,0.8,-1.0,RS41-SG,403.500,8.1,150,10,2.5,08:28:40,-1
2025-08-30T00:56:04.000Z,V4220871,8496,47.03293,7.13000,29525.5,-39.0,10.7,242.7,-46.7,0.8,-1.0,RS41-SG,403.500,8.5,150,10,2.6,08:28:40,-1
