timestamp,serial,frame,lat,lon,alt,vel_v,vel_h,heading,temp,humidity,pressure,type,freq_mhz,snr,f_error_hz,sats,batt_v,burst_timer,aux_data
2025-03-12T07:36:39.000Z,DFM-23009490,1425800199,43.31808,6.82481,12378.6,4.0,18.5,57.4,-273.0,-1.0,-1.0,DFM17,404.610,10.3,97,16,-1.0,-1,-1
2025-03-12T07:36:40.000Z,DFM-23009490,1425800200,43.31813,6.82502,12382.6,4.3,17.3,82.5,-51.6,-1.0,-1.0,DFM17,404.610,9.4,97,16,-1.0,-1,-1
2025-03-12T07:36:41.000Z,DFM-23009490,1425800201,43.31813,6.82523,12387.6,5.8,18.1,98.9,-51.6,-1.0,-1.0,DFM17,404.610,9.4,97,16,-1.0,-1,-1
2025-03-12T07:36:43.000Z,DFM-23009490,1425800203,43.31821,6.82564,12397.6,5.5,19.2,58.1,-51.6,-1.0,-1.0,DFM17,404.610,10.0,97,16,4.7,-1,-1
2025-03-12T07:36:45.000Z,DFM-23009490,1425800205,43.31826,6.82605,12406.9,6.8,16.4,98.9,-51.7,-1.0,-1.0,DFM17,404.610,10.7,97,16,4.7,-1,-1
2025-03-12T07:36:49.000Z,DFM-23009490,1425800209,43.31841,6.82682,12426.5,7.0,16.9,92.7,-51.6,-1.0,-1.0,DFM17,404.610,8.1,97,16,4.7,-1,-1
2025-03-12T07:36:52.000Z,DFM-23009490,1425800212,43.31857,6.82741,12440.4,2.8,16.4,85.9,-51.5,-1.0,-1.0,DFM17,404.610,8.1,97,16,4.7,-1,-1
2025-03-12T07:36:53.000Z,DFM-23009490,1425800213,43.31858,6.82760,12444.9,6.3,14.4,84.5,-51.4,-1.0,-1.0,DFM17,404.610,9.5,97,16,4.7,-1,-1
2025-03-12T07:36:54.000Z,DFM-23009490,1425800214,43.31862,6.82777,12449.1,2.2,15.8,56.9,-51.4,-1.0,-1.0,DFM17,404.610,9.5,97,16,4.7,-1,-1
2025-03-12T07:36:56.000Z,DFM-23009490,1425800216,43.31872,6.82813,12458.5,2.5,17.2,92.8,-51.4,-1.0,-1.0,DFM17,404.610,8.8,97,16,4.7,-1,-1
2025-03-12T07:37:02.000Z,DFM-23009490,1425800222,43.31890,6.82927,12484.0,1.7,18.9,58.2,-51.6,-1.0,-1.0,DFM17,404.610,10.7,97,16,4.7,-1,-1
2025-03-12T07:37:03.000Z,DFM-23009490,1425800223,43.31897,6.82947,12488.1,6.8,16.8,74.2,-51.6,-1.0,-1.0,DFM17,404.610,10.7,97,16,4.7,-1,-1
2025-03-12T07:37:05.000Z,DFM-23009490,1425800225,43.31898,6.82982,12496.0,5.7,14.3,77.1,-51.6,-1.0,-1.0,DFM17,404.610,9.5,97,15,4.7,-1,-1
2025-03-12T07:37:07.000Z,DFM-23009490,1425800227,43.31909,6.83023,12504.1,5.5,16.0,77.3,-51.7,-1.0,-1.0,DFM17,404.610,10.4,97,16,4.7,-1,-1
2025-03-12T07:37:17.000Z,DFM-23009490,1425800237,43.31939,6.83209,12550.2,2.6,19.0,68.2,-51.6,-1.0,-1.0,DFM17,404.610,13.1,97,16,4.7,-1,-1
2025-03-12T07:37:18.000Z,DFM-23009490,1425800238,43.31944,6.83231,12554.2,5.8,18.1,79.1,-51.6,-1.0,-1.0,DFM17,404.610,13.1,195,16,4.7,-1,-1
2025-03-12T07:37:20.000Z,DFM-23009490,1425800240,43.31950,6.83263,12564.1,6.5,14.7,68.8,-51.5,-1.0,-1.0,DFM17,404.610,11.8,97,16,4.7,-1,-1
2025-03-12T07:37:21.000Z,DFM-23009490,1425800241,43.31954,6.83284,12568.4,2.4,22.1,77.9,-51.5,-1.0,-1.0,DFM17,404.610,11.8,97,16,4.7,-1,-1
2025-03-12T07:37:22.000Z,DFM-23009490,1425800242,43.31957,6.83308,12572.5,6.2,17.1,85.2,-51.6,-1.0,-1.0,DFM17,404.610,11.8,97,16,4.7,-1,-1
2025-03-12T07:37:24.000Z,DFM-23009490,1425800244,43.31965,6.83340,12579.8,5.3,17.3,65.2,-51.7,-1.0,-1.0,DFM17,404.610,11.4,97,16,4.7,-1,-1
2025-03-12T07:37:26.000Z,DFM-23009490,1425800246,43.31971,6.83385,12588.9,5.9,14.4,81.3,-51.7,-1.0,-1.0,DFM17,404.610,8.3,97,16,4.7,-1,-1
2025-03-12T07:37:28.000Z,DFM-23009490,1425800248,43.31981,6.83417,12596.8,4.2,17.4,72.9,-51.7,-1.0,-1.0,DFM17,404.610,9.6,97,16,4.7,-1,-1
2025-03-12T07:37:30.000Z,DFM-23009490,1425800250,43.31986,6.83458,12606.2,4.8,14.2,69.6,-51.7,-1.0,-1.0,DFM17,404.610,8.7,97,16,4.7,-1,-1
2025-03-12T07:37:31.000Z,DFM-23009490,1425800251,43.31993,6.83475,12610.6,4.0,17.8,50.9,-51.7,-1.0,-1.0,DFM17,404.610,8.9,97,16,4.7,-1,-1
2025-03-12T07:37:34.000Z,DFM-23009490,1425800254,43.32003,6.83534,12624.3,3.4,15.2,60.7,-51.7,-1.0,-1.0,DFM17,404.610,6.3,97,16,4.7,-1,-1
2025-03-12T07:37:42.000Z,DFM-23009490,1425800262,43.32040,6.83686,12659.3,2.8,23.2,72.9,-51.9,-1.0,-1.0,DFM17,404.610,8.8,97,16,4.7,-1,-1
2025-03-12T07:37:47.000Z,DFM-23009490,1425800267,43.32054,6.83785,12680.2,4.2,11.5,74.2,-51.9,-1.0,-1.0,DFM17,404.610,8.6,97,16,4.7,-1,-1
2025-03-12T07:37:48.000Z,DFM-23009490,1425800268,43.32093,6.83802,12684.8,5.1,19.0,56.3,-51.9,-1.0,-1.0,DFM17,404.610,8.6,97,16,4.7,-1,-1
2025-03-12T07:37:54.000Z,DFM-23009490,1425800274,43.32081,6.83916,12710.8,5.3,11.7,56.4,-51.8,-1.0,-1.0,DFM17,404.610,9.3,97,16,4.7,-1,-1
2025-03-12T07:37:56.000Z,DFM-23009490,1425800276,43.32092,6.83957,12719.9,6.0,18.9,88.6,-51.8,-1.0,-1.0,DFM17,404.610,9.1,97,16,4.7,-1,-1
2025-03-12T07:38:01.000Z,DFM-23009490,1425800281,43.32114,6.84044,12741.4,3.6,15.9,49.0,-51.9,-1.0,-1.0,DFM17,404.610,10.1,97,16,4.7,-1,-1
2025-03-12T07:38:02.000Z,DFM-23009490,1425800282,43.32122,6.84064,12746.3,6.2,20.3,70.9,-51.9,-1.0,-1.0,DFM17,404.610,11.1,97,16,4.7,-1,-1
2025-03-12T07:38:09.000Z,DFM-23009490,1425800289,43.32157,6.84200,12776.1,3.0,25.0,66.9,-51.7,-1.0,-1.0,DFM17,404.610,11.3,97,16,4.7,-1,-1
2025-03-12T07:38:16.000Z,DFM-23009490,1425800296,43.32198,6.84341,12806.3,4.0,21.6,68.8,-51.6,-1.0,-1.0,DFM17,404.610,11.6,97,16,4.7,-1,-1
2025-03-12T07:38:26.000Z,DFM-23009490,1425800306,43.32250,6.84558,12850.0,1.8,19.5,55.1,-51.5,-1.0,-1.0,DFM17,404.610,11.3,97,16,4.7,-1,-1
2025-03-12T07:38:37.000Z,DFM-23009490,1425800317,43.32306,6.84807,12896.2,6.3,18.8,68.9,-51.6,-1.0,-1.0,DFM17,404.610,11.2,97,16,4.7,-1,-1
2025-03-12T07:38:41.000Z,DFM-23009490,1425800321,43.32326,6.84901,12912.4,5.1,22.1,71.9,-51.7,-1.0,-1.0,DFM17,404.610,11.1,97,16,4.7,-1,-1
2025-03-12T07:38:58.000Z,DFM-23009490,1425800338,43.32394,6.85287,12985.5,5.8,22.6,65.2,-51.7,-1.0,-1.0,DFM17,404.610,10.0,97,16,4.7,-1,-1
2025-03-12T07:39:34.000Z,DFM-23009490,1425800374,43.32524,6.86074,13142.0,4.9,21.0,82.8,-51.9,-1.0,-1.0,DFM17,404.610,9.0,97,16,4.7,-1,-1
2025-03-12T07:39:46.000Z,DFM-23009490,1425800386,43.32536,6.86359,13200.4,2.9,15.5,82.0,-52.2,-1.0,-1.0,DFM17,404.610,8.2,97,16,4.7,-1,-1
2025-03-12T07:39:52.000Z,DFM-23009490,1425800392,43.32544,6.86503,13229.1,1.6,19.5,96.3,-52.3,-1.0,-1.0,DFM17,404.610,8.9,97,16,4.7,-1,-1
2025-03-12T07:39:53.000Z,DFM-23009490,1425800393,43.32543,6.86524,13233.4,7.0,14.9,93.9,-52.2,-1.0,-1.0,DFM17,404.610,10.5,97,16,4.7,-1,-1
2025-03-12T07:39:55.000Z,DFM-23009490,1425800395,43.32548,6.86573,13242.9,6.3,23.4,85.6,-52.2,-1.0,-1.0,DFM17,404.610,11.0,97,16,4.7,-1,-1
2025-03-12T07:40:03.000Z,DFM-23009490,1425800403,43.32552,6.86764,13279.1,5.8,17.0,95.8,-52.2,-1.0,-1.0,DFM17,404.610,9.5,97,16,4.7,-1,-1
2025-03-12T07:40:09.000Z,DFM-23009490,1425800409,43.32563,6.86900,13304.9,5.4,20.2,85.0,-52.1,-1.0,-1.0,DFM17,404.610,10.9,97,16,4.7,-1,-1
2025-03-12T07:40:19.000Z,DFM-23009490,1425800419,43.32571,6.87129,13348.0,4.5,19.4,81.8,-52.1,-1.0,-1.0,DFM17,404.610,8.8,97,16,4.7,-1,-1
2025-03-12T07:40:20.000Z,DFM-23009490,1425800420,43.32573,6.87156,13352.3,4.0,25.8,83.5,-52.1,-1.0,-1.0,DFM17,404.610,8.8,97,16,4.7,-1,-1
2025-03-12T07:40:21.000Z,DFM-23009490,1425800421,43.32574,6.87183,13356.9,4.6,18.7,89.8,-52.1,-1.0,-1.0,DFM17,404.610,8.2,97,16,4.7,-1,-1
2025-03-12T07:40:31.000Z,DFM-23009490,1425800431,43.32586,6.87422,13407.4,3.5,23.3,94.0,-52.1,-1.0,-1.0,DFM17,404.610,9.3,97,16,4.7,-1,-1
2025-03-12T07:40:32.000Z,DFM-23009490,1425800432,43.32583,6.87448,13412.4,6.5,19.7,101.2,-52.1,-1.0,-1.0,DFM17,404.610,9.3,97,16,4.7,-1,-1
2025-03-12T07:40:34.000Z,DFM-23009490,1425800434,43.32587,6.87499,13421.9,6.5,24.6,79.2,-52.0,-1.0,-1.0,DFM17,404.610,10.4,97,16,4.7,-1,-1
2025-03-12T07:40:44.000Z,DFM-23009490,1425800444,43.32595,6.87753,13469.5,4.7,22.1,80.9,-51.8,-1.0,-1.0,DFM17,404.610,7.7,97,16,4.7,-1,-1
2025-03-12T07:40:46.000Z,DFM-23009490,1425800446,43.32594,6.87813,13479.1,5.8,20.5,94.8,-51.8,-1.0,-1.0,DFM17,404.610,9.9,97,16,4.7,-1,-1
2025-03-12T07:40:52.000Z,DFM-23009490,1425800452,43.32602,6.87974,13505.4,6.0,24.9,88.9,-51.9,-1.0,-1.0,DFM17,404.610,7.4,97,16,4.7,-1,-1
2025-03-12T07:40:54.000Z,DFM-23009490,1425800454,43.32596,6.88026,13514.3,5.0,19.8,87.3,-51.9,-1.0,-1.0,DFM17,404.610,7.8,97,16,4.7,-1,-1
2025-03-12T07:42:21.000Z,DFM-23009490,1425800541,43.32495,6.90217,13919.1,4.4,17.9,96.6,-52.3,-1.0,-1.0,DFM17,404.610,7.6,97,17,4.7,-1,-1
2025-03-12T07:42:23.000Z,DFM-23009490,1425800543,43.32489,6.90255,13928.0,3.8,18.1,86.8,-52.3,-1.0,-1.0,DFM17,404.610,7.7,97,17,4.7,-1,-1
2025-03-12T07:42:27.000Z,DFM-23009490,1425800547,43.32487,6.90337,13948.9,4.3,17.8,85.1,-52.3,-1.0,-1.0,DFM17,404.610,7.8,97,17,4.7,-1,-1
2025-03-12T07:42:32.000Z,DFM-23009490,1425800552,43.32485,6.90452,13972.2,6.3,24.9,91.8,-52.2,-1.0,-1.0,DFM17,404.610,9.9,97,17,4.7,-1,-1
2025-03-12T07:42:36.000Z,DFM-23009490,1425800556,43.32480,6.90537,13992.0,6.3,22.3,107.3,-52.1,-1.0,-1.0,DFM17,404.610,9.3,97,18,4.7,-1,-1
2025-03-12T07:42:37.000Z,DFM-23009490,1425800557,43.32477,6.90558,13997.1,3.7,13.5,93.4,-52.1,-1.0,-1.0,DFM17,404.610,9.3,97,18,4.7,-1,-1
2025-03-12T07:42:42.000Z,DFM-23009490,1425800562,43.32473,6.90661,14019.8,5.9,20.5,79.6,-52.2,-1.0,-1.0,DFM17,404.610,10.6,97,18,4.7,-1,-1
2025-03-12T07:42:43.000Z,DFM-23009490,1425800563,43.32473,6.90684,14024.5,3.7,17.3,104.2,-52.2,-1.0,-1.0,DFM17,404.610,8.1,97,18,4.7,-1,-1
2025-03-12T07:42:50.000Z,DFM-23009490,1425800570,43.32455,6.90830,14056.8,6.2,22.1,102.2,-52.3,-1.0,-1.0,DFM17,404.610,7.4,97,18,4.7,-1,-1
2025-03-12T07:43:30.000Z,DFM-23009490,1425800610,43.32345,6.91604,14234.9,6.4,11.9,94.9,-52.1,-1.0,-1.0,DFM17,404.610,8.0,97,18,4.6,-1,-1
2025-03-12T07:43:34.000Z,DFM-23009490,1425800614,43.32338,6.91681,14253.4,6.8,14.0,83.1,-52.1,-1.0,-1.0,DFM17,404.610,6.2,97,18,4.6,-1,-1
2025-03-12T07:43:35.000Z,DFM-23009490,1425800615,43.32337,6.91702,14258.3,3.0,21.6,100.1,-52.1,-1.0,-1.0,DFM17,404.610,7.4,97,18,4.6,-1,-1
2025-03-12T07:44:48.000Z,DFM-23009490,1425800688,43.32147,6.93248,14593.5,6.5,20.3,95.4,-52.5,-1.0,-1.0,DFM17,404.610,6.2,97,18,4.6,-1,-1
2025-03-12T07:45:44.000Z,DFM-23009490,1425800744,43.32089,6.94313,14842.3,6.5,13.5,105.0,-273.0,-1.0,-1.0,DFM17,404.610,7.3,97,19,4.6,-1,-1
2025-03-12T07:46:15.000Z,DFM-23009490,1425800775,43.32070,6.94977,14988.1,4.0,20.8,94.8,-273.0,-1.0,-1.0,DFM17,404.610,7.5,97,19,4.6,-1,-1
2025-03-12T07:46:16.000Z,DFM-23009490,1425800776,43.32066,6.95004,14992.2,4.7,23.6,109.9,-273.0,-1.0,-1.0,DFM17,404.610,7.5,97,19,4.6,-1,-1
2025-03-12T07:48:55.000Z,DFM-23009490,1425800935,43.31923,6.98686,15702.6,5.3,14.8,80.9,-273.0,-1.0,-1.0,DFM17,404.610,7.0,97,19,4.6,-1,-1
2025-03-12T07:48:58.000Z,DFM-23009490,1425800938,43.31932,6.98743,15716.4,4.6,17.5,106.7,-52.6,-1.0,-1.0,DFM17,404.610,6.3,97,19,4.6,-1,-1
2025-03-12T07:49:04.000Z,DFM-23009490,1425800944,43.31944,6.98869,15745.3,5.3,25.4,74.2,-52.7,-1.0,-1.0,DFM17,404.610,6.4,97,19,4.6,-1,-1
2025-03-12T07:49:12.000Z,DFM-23009490,1425800952,43.31955,6.99050,15783.5,4.1,27.3,86.7,-52.5,-1.0,-1.0,DFM17,404.610,8.2,97,19,4.5,-1,-1
2025-03-12T07:49:13.000Z,DFM-23009490,1425800953,43.31956,6.99078,15788.2,5.1,18.0,85.3,-52.5,-1.0,-1.0,DFM17,404.610,9.5,97,19,4.5,-1,-1
2025-03-12T07:49:17.000Z,DFM-23009490,1425800957,43.31956,6.99166,15804.6,7.3,19.9,90.3,-52.4,-1.0,-1.0,DFM17,404.610,8.9,97,19,4.5,-1,-1
2025-03-12T07:49:21.000Z,DFM-23009490,1425800961,43.31959,6.99258,15822.5,6.7,20.7,91.8,-52.4,-1.0,-1.0,DFM17,404.610,8.0,97,19,4.5,-1,-1
2025-03-12T07:49:36.000Z,DFM-23009490,1425800976,43.31957,6.99602,15897.0,2.7,24.1,101.1,-52.7,-1.0,-1.0,DFM17,404.610,9.6,97,19,4.6,-1,-1
2025-03-12T07:49:37.000Z,DFM-23009490,1425800977,43.31953,6.99630,15902.2,7.7,21.8,102.8,-52.7,-1.0,-1.0,DFM17,404.610,8.5,97,19,4.6,-1,-1
2025-03-12T07:49:38.000Z,DFM-23009490,1425800978,43.31951,6.99654,15907.1,2.2,17.5,82.7,-52.7,-1.0,-1.0,DFM17,404.610,8.5,97,19,4.6,-1,-1
2025-03-12T07:49:50.000Z,DFM-23009490,1425800990,43.31933,6.99949,15971.0,4.7,19.8,93.2,-52.6,-1.0,-1.0,DFM17,404.610,7.5,97,19,4.6,-1,-1
2025-03-12T07:49:52.000Z,DFM-23009490,1425800992,43.31934,7.00004,15981.1,4.8,22.1,100.9,-52.6,-1.0,-1.0,DFM17,404.610,10.3,97,19,4.6,-1,-1
2025-03-12T07:49:55.000Z,DFM-23009490,1425800995,43.31923,7.00080,15994.8,5.6,25.7,84.1,-52.7,-1.0,-1.0,DFM17,404.610,10.2,97,19,4.6,-1,-1
2025-03-12T07:49:56.000Z,DFM-23009490,1425800996,43.31922,7.00108,15999.9,4.9,20.1,99.1,-52.7,-1.0,-1.0,DFM17,404.610,10.2,97,19,4.6,-1,-1
2025-03-12T07:49:58.000Z,DFM-23009490,1425800998,43.31913,7.00152,16010.8,5.2,22.3,96.5,-52.8,-1.0,-1.0,DFM17,404.610,9.8,97,19,4.6,-1,-1
2025-03-12T07:50:00.000Z,DFM-23009490,1425801000,43.31913,7.00211,16020.3,4.9,19.7,98.2,-52.8,-1.0,-1.0,DFM17,404.610,10.2,97,19,4.6,-1,-1
2025-03-12T07:50:02.000Z,DFM-23009490,1425801002,43.31901,7.00256,16030.9,5.3,22.9,100.5,-52.9,-1.0,-1.0,DFM17,404.610,9.3,97,19,4.6,-1,-1
2025-03-12T07:50:04.000Z,DFM-23009490,1425801004,43.31900,7.00314,16040.2,5.6,19.6,98.4,-53.0,-1.0,-1.0,DFM17,404.610,10.6,97,19,4.6,-1,-1
2025-03-12T07:50:08.000Z,DFM-23009490,1425801008,43.31885,7.00418,16058.7,4.4,21.6,103.7,-52.8,-1.0,-1.0,DFM17,404.610,10.7,97,19,4.6,-1,-1
2025-03-12T07:50:10.000Z,DFM-23009490,1425801010,43.31871,7.00471,16068.6,4.8,23.0,98.0,-52.8,-1.0,-1.0,DFM17,404.610,7.9,97,19,4.6,-1,-1
2025-03-12T07:50:12.000Z,DFM-23009490,1425801012,43.31869,7.00520,16079.3,5.2,20.5,110.0,-52.9,-1.0,-1.0,DFM17,404.610,8.9,97,19,4.6,-1,-1
2025-03-12T07:50:13.000Z,DFM-23009490,1425801013,43.31861,7.00548,16083.8,4.3,28.5,112.5,-52.9,-1.0,-1.0,DFM17,404.610,8.9,97,19,4.6,-1,-1
2025-03-12T07:50:17.000Z,DFM-23009490,1425801017,43.31842,7.00653,16102.7,4.1,29.2,101.4,-52.9,-1.0,-1.0,DFM17,404.610,9.8,97,19,4.6,-1,-1
2025-03-12T07:50:18.000Z,DFM-23009490,1425801018,43.31839,7.00683,16107.1,4.4,19.5,90.1,-52.9,-1.0,-1.0,DFM17,404.610,7.7,97,19,4.6,-1,-1
2025-03-12T07:50:24.000Z,DFM-23009490,1425801024,43.31807,7.00831,16136.7,5.1,24.3,103.6,-53.1,-1.0,-1.0,DFM17,404.610,8.7,97,19,4.6,-1,-1
2025-03-12T07:50:25.000Z,DFM-23009490,1425801025,43.31805,7.00861,16142.2,6.0,24.3,88.1,-53.1,-1.0,-1.0,DFM17,404.610,8.7,97,19,4.6,-1,-1
2025-03-12T07:50:50.000Z,DFM-23009490,1425801050,43.31675,7.01457,16262.3,6.4,17.8,106.1,-53.6,-1.0,-1.0,DFM17,404.610,7.8,97,19,4.5,-1,-1
2025-03-12T07:51:23.000Z,DFM-23009490,1425801083,43.31522,7.02152,16422.3,5.9,19.3,111.7,-54.2,-1.0,-1.0,DFM17,404.610,7.0,97,19,4.5,-1,-1
2025-03-12T07:51:24.000Z,DFM-23009490,1425801084,43.31519,7.02177,16426.6,3.0,21.8,85.9,-54.2,-1.0,-1.0,DFM17,404.610,7.9,97,19,4.5,-1,-1
2025-03-12T07:51:46.000Z,DFM-23009490,1425801106,43.31434,7.02636,16530.3,2.9,17.6,87.0,-54.2,-1.0,-1.0,DFM17,404.610,5.1,97,19,4.5,-1,-1
2025-03-12T07:51:57.000Z,DFM-23009490,1425801117,43.31408,7.02877,16583.0,3.7,24.2,84.3,-54.5,-1.0,-1.0,DFM17,404.610,5.3,97,19,4.5,-1,-1
2025-03-12T07:52:16.000Z,DFM-23009490,1425801136,43.31373,7.03324,16670.8,7.6,19.0,78.9,-54.5,-1.0,-1.0,DFM17,404.610,8.1,97,19,4.5,-1,-1
2025-03-12T07:52:50.000Z,DFM-23009490,1425801170,43.31428,7.04186,16831.3,5.9,22.2,81.5,-54.5,-1.0,-1.0,DFM17,404.610,6.9,97,19,4.5,-1,-1
2025-03-12T07:52:54.000Z,DFM-23009490,1425801174,43.31444,7.04292,16847.2,4.8,22.6,86.3,-54.5,-1.0,-1.0,DFM17,404.610,9.1,97,19,4.5,-1,-1
2025-03-12T07:52:57.000Z,DFM-23009490,1425801177,43.31457,7.04370,16861.1,1.5,28.7,81.5,-54.5,-1.0,-1.0,DFM17,404.610,9.9,97,19,4.5,-1,-1
2025-03-12T07:52:58.000Z,DFM-23009490,1425801178,43.31461,7.04404,16865.0,6.0,27.0,78.7,-54.5,-1.0,-1.0,DFM17,404.610,10.4,97,19,4.5,-1,-1
2025-03-12T07:53:03.000Z,DFM-23009490,1425801183,43.31485,7.04543,16888.2,4.7,20.6,77.0,-54.4,-1.0,-1.0,DFM17,404.610,10.1,97,19,4.5,-1,-1
2025-03-12T07:53:08.000Z,DFM-23009490,1425801188,43.31503,7.04681,16910.4,-0.0,22.1,94.3,-54.3,-1.0,-1.0,DFM17,404.610,9.3,97,19,4.5,-1,-1
2025-03-12T07:53:51.000Z,DFM-23009490,1425801231,43.31571,7.05832,17103.8,7.0,22.9,78.5,-55.3,-1.0,-1.0,DFM17,404.610,6.2,97,19,4.5,-1,-1
2025-03-12T07:55:13.000Z,DFM-23009490,1425801313,43.31415,7.07924,17466.5,3.3,21.1,93.4,-56.8,-1.0,-1.0,DFM17,404.610,7.3,97,18,4.5,-1,-1
2025-03-12T07:55:15.000Z,DFM-23009490,1425801315,43.31417,7.07973,17477.0,5.7,17.1,101.3,-56.8,-1.0,-1.0,DFM17,404.610,7.9,97,18,4.5,-1,-1
2025-03-12T07:55:16.000Z,DFM-23009490,1425801316,43.31411,7.07994,17481.5,4.3,21.1,118.6,-56.8,-1.0,-1.0,DFM17,404.610,8.2,97,18,4.5,-1,-1
2025-03-12T07:55:34.000Z,DFM-23009490,1425801334,43.31390,7.08417,17562.0,3.6,14.7,91.9,-56.9,-1.0,-1.0,DFM17,404.610,8.2,97,18,4.5,-1,-1
2025-03-12T07:55:57.000Z,DFM-23009490,1425801357,43.31421,7.08950,17670.9,4.4,16.5,85.7,-57.4,-1.0,-1.0,DFM17,404.610,7.7,97,18,4.5,-1,-1
2025-03-12T07:56:06.000Z,DFM-23009490,1425801366,43.31441,7.09150,17711.2,2.3,23.4,74.9,-57.6,-1.0,-1.0,DFM17,404.610,10.8,97,17,4.5,-1,-1
2025-03-12T07:56:08.000Z,DFM-23009490,1425801368,43.31449,7.09202,17721.1,2.5,17.9,89.3,-57.6,-1.0,-1.0,DFM17,404.610,11.7,97,18,4.5,-1,-1
2025-03-12T07:56:09.000Z,DFM-23009490,1425801369,43.31448,7.09223,17725.7,6.6,16.6,99.7,-57.6,-1.0,-1.0,DFM17,404.610,11.5,97,18,4.5,-1,-1
2025-03-12T07:56:14.000Z,DFM-23009490,1425801374,43.31457,7.09337,17751.9,5.5,19.4,80.7,-57.6,-1.0,-1.0,DFM17,404.610,11.6,97,18,4.5,-1,-1
2025-03-12T07:56:16.000Z,DFM-23009490,1425801376,43.31468,7.09379,17760.7,5.3,17.0,83.3,-57.7,-1.0,-1.0,DFM17,404.610,13.8,97,18,4.5,-1,-1
2025-03-12T07:56:19.000Z,DFM-23009490,1425801379,43.31469,7.09451,17774.8,2.3,16.1,66.8,-57.8,-1.0,-1.0,DFM17,404.610,12.7,97,18,4.5,-1,-1
2025-03-12T07:56:21.000Z,DFM-23009490,1425801381,43.31472,7.09494,17784.1,2.9,23.4,96.3,-57.9,-1.0,-1.0,DFM17,404.610,13.2,97,18,4.5,-1,-1
2025-03-12T07:56:25.000Z,DFM-23009490,1425801385,43.31474,7.09585,17803.5,2.8,22.6,89.2,-57.9,-1.0,-1.0,DFM17,404.610,13.5,97,18,4.5,-1,-1
2025-03-12T07:56:26.000Z,DFM-23009490,1425801386,43.31477,7.09614,17808.2,6.6,24.6,75.7,-57.8,-1.0,-1.0,DFM17,404.610,14.3,97,17,4.5,-1,-1
2025-03-12T07:56:27.000Z,DFM-23009490,1425801387,43.31480,7.09638,17813.6,4.0,16.2,85.0,-57.8,-1.0,-1.0,DFM17,404.610,14.6,97,18,4.5,-1,-1
2025-03-12T07:56:28.000Z,DFM-23009490,1425801388,43.31479,7.09658,17818.7,6.5,16.9,106.1,-57.8,-1.0,-1.0,DFM17,404.610,14.6,97,18,4.5,-1,-1
2025-03-12T07:56:29.000Z,DFM-23009490,1425801389,43.31478,7.09681,17824.2,4.8,21.4,82.5,-57.9,-1.0,-1.0,DFM17,404.610,10.7,97,18,4.5,-1,-1
2025-03-12T07:56:30.000Z,DFM-23009490,1425801390,43.31484,7.09707,17829.4,5.9,22.6,62.1,-57.9,-1.0,-1.0,DFM17,404.610,12.6,97,18,4.5,-1,-1
2025-03-12T07:56:36.000Z,DFM-23009490,1425801396,43.31498,7.09844,17858.9,2.8,24.2,96.8,-58.0,-1.0,-1.0,DFM17,404.610,14.0,97,18,4.5,-1,-1
2025-03-12T07:56:37.000Z,DFM-23009490,1425801397,43.31499,7.09872,17863.9,6.9,22.6,76.2,-58.0,-1.0,-1.0,DFM17,404.610,14.0,97,18,4.5,-1,-1
2025-03-12T07:56:39.000Z,DFM-23009490,1425801399,43.31509,7.09912,17873.5,6.7,16.1,85.6,-58.0,-1.0,-1.0,DFM17,404.610,12.4,97,18,4.5,-1,-1
2025-03-12T07:56:40.000Z,DFM-23009490,1425801400,43.31510,7.09937,17878.3,2.9,24.8,84.5,-58.1,-1.0,-1.0,DFM17,404.610,12.4,97,18,4.5,-1,-1
2025-03-12T07:56:44.000Z,DFM-23009490,1425801404,43.31522,7.10030,17899.0,2.7,23.3,73.9,-58.1,-1.0,-1.0,DFM17,404.610,13.8,97,18,4.5,-1,-1
2025-03-12T07:56:45.000Z,DFM-23009490,1425801405,43.31530,7.10056,17904.0,7.2,22.6,63.1,-58.1,-1.0,-1.0,DFM17,404.610,14.0,97,18,4.5,-1,-1
2025-03-12T07:56:47.000Z,DFM-23009490,1425801407,43.31536,7.10104,17914.7,6.7,20.9,96.0,-58.3,-1.0,-1.0,DFM17,404.610,13.7,97,18,4.5,-1,-1
2025-03-12T07:56:50.000Z,DFM-23009490,1425801410,43.31553,7.10171,17931.5,5.1,18.3,80.6,-58.3,-1.0,-1.0,DFM17,404.610,11.7,97,18,4.5,-1,-1
2025-03-12T07:57:05.000Z,DFM-23009490,1425801425,43.31620,7.10529,18007.6,3.1,20.9,91.0,-58.5,-1.0,-1.0,DFM17,404.610,12.7,97,18,4.5,-1,-1
2025-03-12T07:57:06.000Z,DFM-23009490,1425801426,43.31622,7.10557,18012.9,7.4,25.5,78.5,-58.6,-1.0,-1.0,DFM17,404.610,10.9,97,18,4.5,-1,-1
2025-03-12T07:57:09.000Z,DFM-23009490,1425801429,43.31634,7.10624,18028.9,3.2,24.1,84.1,-58.6,-1.0,-1.0,DFM17,404.610,14.1,97,18,4.5,-1,-1
2025-03-12T07:57:10.000Z,DFM-23009490,1425801430,43.31640,7.10652,18033.4,6.2,24.0,66.0,-58.7,-1.0,-1.0,DFM17,404.610,14.1,97,18,4.5,-1,-1
2025-03-12T07:57:15.000Z,DFM-23009490,1425801435,43.31660,7.10767,18060.2,4.2,16.8,88.5,-58.8,-1.0,-1.0,DFM17,404.610,13.9,97,18,4.5,-1,-1
2025-03-12T07:57:17.000Z,DFM-23009490,1425801437,43.31661,7.10820,18070.7,4.3,21.3,72.5,-58.9,-1.0,-1.0,DFM17,404.610,13.2,97,18,4.5,-1,-1
2025-03-12T07:57:19.000Z,DFM-23009490,1425801439,43.31671,7.10860,18080.1,5.0,19.4,87.0,-58.8,-1.0,-1.0,DFM17,404.610,14.3,97,18,4.5,-1,-1
2025-03-12T07:57:20.000Z,DFM-23009490,1425801440,43.31673,7.10888,18085.3,5.4,27.7,80.9,-58.8,-1.0,-1.0,DFM17,404.610,14.3,97,18,4.5,-1,-1
2025-03-12T07:57:30.000Z,DFM-23009490,1425801450,43.31720,7.11123,18136.0,2.9,24.7,89.0,-58.8,-1.0,-1.0,DFM17,404.610,12.9,97,18,4.5,-1,-1
2025-03-12T07:57:34.000Z,DFM-23009490,1425801454,43.31737,7.11220,18157.2,3.5,25.8,79.2,-58.9,-1.0,-1.0,DFM17,404.610,11.4,97,18,4.5,-1,-1
2025-03-12T07:57:35.000Z,DFM-23009490,1425801455,43.31743,7.11249,18162.0,6.4,24.3,67.6,-58.9,-1.0,-1.0,DFM17,404.610,11.4,97,18,4.5,-1,-1
2025-03-12T07:57:38.000Z,DFM-23009490,1425801458,43.31755,7.11321,18178.1,3.9,24.4,71.4,-59.1,-1.0,-1.0,DFM17,404.610,12.8,97,18,4.5,-1,-1
2025-03-12T07:57:39.000Z,DFM-23009490,1425801459,43.31763,7.11347,18183.0,6.2,22.6,59.0,-59.1,-1.0,-1.0,DFM17,404.610,12.8,97,18,4.5,-1,-1
2025-03-12T07:57:46.000Z,DFM-23009490,1425801466,43.31801,7.11531,18220.3,6.1,22.3,68.7,-59.3,-1.0,-1.0,DFM17,404.610,13.7,97,18,4.5,-1,-1
2025-03-12T07:57:49.000Z,DFM-23009490,1425801469,43.31819,7.11603,18234.7,3.3,30.1,76.1,-59.3,-1.0,-1.0,DFM17,404.610,15.0,97,18,4.5,-1,-1
2025-03-12T07:57:50.000Z,DFM-23009490,1425801470,43.31826,7.11634,18240.1,7.5,23.6,67.8,-59.3,-1.0,-1.0,DFM17,404.610,15.7,97,18,4.5,-1,-1
2025-03-12T07:57:52.000Z,DFM-23009490,1425801472,43.31836,7.11679,18249.6,6.8,21.2,78.6,-59.3,-1.0,-1.0,DFM17,404.610,15.2,97,18,4.5,-1,-1
2025-03-12T07:57:53.000Z,DFM-23009490,1425801473,43.31842,7.11708,18254.5,3.1,27.6,67.7,-59.3,-1.0,-1.0,DFM17,404.610,15.2,97,18,4.5,-1,-1
2025-03-12T07:57:54.000Z,DFM-23009490,1425801474,43.31851,7.11736,18260.0,8.0,23.4,65.4,-59.3,-1.0,-1.0,DFM17,404.610,13.4,97,18,4.5,-1,-1
2025-03-12T07:57:56.000Z,DFM-23009490,1425801476,43.31859,7.11785,18269.5,6.8,20.6,84.5,-59.5,-1.0,-1.0,DFM17,404.610,11.8,97,18,4.5,-1,-1
2025-03-12T07:57:58.000Z,DFM-23009490,1425801478,43.31873,7.11836,18280.0,7.3,22.5,59.9,-59.5,-1.0,-1.0,DFM17,404.610,15.4,97,18,4.5,-1,-1
2025-03-12T07:58:01.000Z,DFM-23009490,1425801481,43.31885,7.11914,18295.9,3.6,21.4,68.1,-59.6,-1.0,-1.0,DFM17,404.610,11.6,97,18,4.5,-1,-1
2025-03-12T07:58:02.000Z,DFM-23009490,1425801482,43.31894,7.11936,18300.9,6.6,19.5,51.3,-59.6,-1.0,-1.0,DFM17,404.610,11.6,97,18,4.5,-1,-1
2025-03-12T07:58:03.000Z,DFM-23009490,1425801483,43.31902,7.11958,18306.4,4.6,20.9,75.6,-59.6,-1.0,-1.0,DFM17,404.610,12.4,97,18,4.5,-1,-1
2025-03-12T07:58:05.000Z,DFM-23009490,1425801485,43.31909,7.12015,18315.9,5.4,21.6,70.4,-59.7,-1.0,-1.0,DFM17,404.610,12.8,97,18,4.5,-1,-1
2025-03-12T07:58:09.000Z,DFM-23009490,1425801489,43.31933,7.12113,18335.0,5.8,22.6,69.1,-59.9,-1.0,-1.0,DFM17,404.610,10.0,97,18,4.5,-1,-1
2025-03-12T07:58:13.000Z,DFM-23009490,1425801493,43.31956,7.12208,18354.6,8.3,24.3,74.2,-59.9,-1.0,-1.0,DFM17,404.610,12.5,97,18,4.5,-1,-1
2025-03-12T07:58:17.000Z,DFM-23009490,1425801497,43.31977,7.12303,18375.9,7.3,24.9,69.9,-59.9,-1.0,-1.0,DFM17,404.610,10.4,97,18,4.5,-1,-1
2025-03-12T07:58:20.000Z,DFM-23009490,1425801500,43.31988,7.12369,18392.1,4.2,22.4,75.6,-59.9,-1.0,-1.0,DFM17,404.610,10.0,97,18,4.5,-1,-1
2025-03-12T07:58:22.000Z,DFM-23009490,1425801502,43.32004,7.12419,18401.9,5.2,16.9,71.3,-59.9,-1.0,-1.0,DFM17,404.610,10.8,97,18,4.5,-1,-1
2025-03-12T07:58:24.000Z,DFM-23009490,1425801504,43.32006,7.12463,18411.9,5.9,21.7,77.0,-60.0,-1.0,-1.0,DFM17,404.610,11.8,97,18,4.5,-1,-1
2025-03-12T07:58:26.000Z,DFM-23009490,1425801506,43.32022,7.12507,18421.1,7.5,15.7,71.7,-60.0,-1.0,-1.0,DFM17,404.610,11.3,97,18,4.5,-1,-1
2025-03-12T07:58:28.000Z,DFM-23009490,1425801508,43.32024,7.12554,18430.6,7.6,21.4,77.8,-60.0,-1.0,-1.0,DFM17,404.610,12.1,97,18,4.5,-1,-1
2025-03-12T07:58:30.000Z,DFM-23009490,1425801510,43.32036,7.12594,18439.8,7.1,16.0,75.4,-59.9,-1.0,-1.0,DFM17,404.610,10.6,97,18,4.5,-1,-1
2025-03-12T07:58:31.000Z,DFM-23009490,1425801511,43.32038,7.12617,18444.3,2.3,22.6,85.7,-60.0,-1.0,-1.0,DFM17,404.610,11.8,97,18,4.5,-1,-1
2025-03-12T07:58:32.000Z,DFM-23009490,1425801512,43.32042,7.12644,18449.1,6.9,21.9,71.9,-60.0,-1.0,-1.0,DFM17,404.610,11.8,97,18,4.5,-1,-1
2025-03-12T07:58:39.000Z,DFM-23009490,1425801519,43.32067,7.12786,18484.2,4.8,20.0,73.7,-60.1,-1.0,-1.0,DFM17,404.610,10.8,97,18,4.5,-1,-1
2025-03-12T07:58:50.000Z,DFM-23009490,1425801530,43.32110,7.13016,18538.7,4.3,20.3,70.6,-60.1,-1.0,-1.0,DFM17,404.610,10.2,97,18,4.5,-1,-1
2025-03-12T07:58:54.000Z,DFM-23009490,1425801534,43.32124,7.13100,18558.5,6.0,18.9,71.7,-60.3,-1.0,-1.0,DFM17,404.610,10.3,97,18,4.5,-1,-1
2025-03-12T07:59:01.000Z,DFM-23009490,1425801541,43.32150,7.13237,18588.9,3.8,21.0,80.3,-60.2,-1.0,-1.0,DFM17,404.610,7.2,97,18,4.5,-1,-1
2025-03-12T07:59:41.000Z,DFM-23009490,1425801581,43.32267,7.14195,18785.1,4.0,25.6,85.4,-60.8,-1.0,-1.0,DFM17,404.610,6.1,97,18,4.4,-1,-1
2025-03-12T07:59:54.000Z,DFM-23009490,1425801594,43.32296,7.14575,18839.9,2.7,18.4,86.5,-61.0,-1.0,-1.0,DFM17,404.610,5.6,97,18,4.4,-1,-1
2025-03-12T08:00:23.000Z,DFM-23009490,1425801623,43.32374,7.15358,18701.5,-9.2,17.0,66.1,-60.7,-1.0,-1.0,DFM17,404.610,7.6,97,18,4.4,-1,-1
2025-03-12T08:00:24.000Z,DFM-23009490,1425801624,43.32379,7.15384,18692.3,-9.2,25.9,83.7,-60.6,-1.0,-1.0,DFM17,404.610,9.6,97,18,4.4,-1,-1
2025-03-12T08:00:29.000Z,DFM-23009490,1425801629,43.32393,7.15501,18644.3,-10.1,24.9,79.7,-60.5,-1.0,-1.0,DFM17,404.610,7.9,195,18,4.4,-1,-1
2025-03-12T08:00:44.000Z,DFM-23009490,1425801644,43.32442,7.15815,18497.1,-10.9,23.4,66.7,-59.9,-1.0,-1.0,DFM17,404.610,7.6,195,18,4.4,-1,-1
2025-03-12T08:00:46.000Z,DFM-23009490,1425801646,43.32449,7.15857,18476.4,-10.4,18.9,54.9,-59.8,-1.0,-1.0,DFM17,404.610,6.2,97,18,4.4,-1,-1
2025-03-12T08:00:51.000Z,DFM-23009490,1425801651,43.32469,7.15963,18426.8,-10.2,21.1,57.9,-59.6,-1.0,-1.0,DFM17,404.610,6.3,97,18,4.4,-1,-1
2025-03-12T08:00:53.000Z,DFM-23009490,1425801653,43.32477,7.16008,18406.4,-10.2,14.6,58.5,-59.6,-1.0,-1.0,DFM17,404.610,8.2,97,18,4.4,-1,-1
2025-03-12T08:00:59.000Z,DFM-23009490,1425801659,43.32508,7.16145,18349.3,-11.1,26.6,73.8,-59.7,-1.0,-1.0,DFM17,404.610,7.5,97,18,4.4,-1,-1
2025-03-12T08:01:01.000Z,DFM-23009490,1425801661,43.32518,7.16193,18329.3,-10.2,25.1,60.3,-59.6,-1.0,-1.0,DFM17,404.610,7.0,97,18,4.4,-1,-1
2025-03-12T08:01:03.000Z,DFM-23009490,1425801663,43.32528,7.16242,18309.1,-9.5,19.5,53.5,-59.5,-1.0,-1.0,DFM17,404.610,7.7,97,18,4.4,-1,-1
2025-03-12T08:01:06.000Z,DFM-23009490,1425801666,43.32546,7.16317,18279.5,-10.3,27.6,67.1,-59.5,-1.0,-1.0,DFM17,404.610,8.7,97,18,4.4,-1,-1
2025-03-12T08:01:08.000Z,DFM-23009490,1425801668,43.32557,7.16368,18259.5,-10.3,24.6,58.1,-59.4,-1.0,-1.0,DFM17,404.610,9.0,97,18,4.4,-1,-1
2025-03-12T08:01:10.000Z,DFM-23009490,1425801670,43.32568,7.16420,18239.7,-9.0,18.0,56.9,-59.4,-1.0,-1.0,DFM17,404.610,8.7,97,18,4.4,-1,-1
2025-03-12T08:01:16.000Z,DFM-23009490,1425801676,43.32606,7.16575,18182.1,-8.7,27.1,80.9,-59.1,-1.0,-1.0,DFM17,404.610,7.6,97,18,4.4,-1,-1
2025-03-12T08:01:18.000Z,DFM-23009490,1425801678,43.32615,7.16623,18163.8,-7.8,24.8,61.9,-59.0,-1.0,-1.0,DFM17,404.610,6.7,97,18,4.4,-1,-1
2025-03-12T08:01:20.000Z,DFM-23009490,1425801680,43.32625,7.16672,18145.4,-9.8,17.5,55.4,-58.9,-1.0,-1.0,DFM17,404.610,6.9,97,19,4.4,-1,-1
2025-03-12T08:01:23.000Z,DFM-23009490,1425801683,43.32642,7.16742,18116.7,-9.5,25.1,62.5,-58.7,-1.0,-1.0,DFM17,404.610,6.6,97,19,4.4,-1,-1
2025-03-12T08:01:32.000Z,DFM-23009490,1425801692,43.32680,7.16955,18030.2,-9.9,15.0,60.0,-58.5,-1.0,-1.0,DFM17,404.610,5.9,97,19,4.4,-1,-1
2025-03-12T08:01:33.000Z,DFM-23009490,1425801693,43.32686,7.16978,18020.5,-9.7,26.2,77.2,-58.5,-1.0,-1.0,DFM17,404.610,6.7,97,19,4.4,-1,-1
2025-03-12T08:01:35.000Z,DFM-23009490,1425801695,43.32696,7.17025,18001.6,-9.6,25.1,62.2,-58.3,-1.0,-1.0,DFM17,404.610,6.8,97,19,4.4,-1,-1
2025-03-12T08:01:37.000Z,DFM-23009490,1425801697,43.32705,7.17071,17982.6,-10.0,18.5,52.5,-58.3,-1.0,-1.0,DFM17,404.610,7.4,97,19,4.4,-1,-1
2025-03-12T08:01:42.000Z,DFM-23009490,1425801702,43.32733,7.17184,17935.2,-9.8,21.5,55.5,-58.2,-1.0,-1.0,DFM17,404.610,7.0,97,19,4.4,-1,-1
2025-03-12T08:02:02.000Z,DFM-23009490,1425801722,43.32803,7.17632,17748.2,-8.6,24.0,86.8,-57.6,-1.0,-1.0,DFM17,404.610,6.3,195,18,4.4,-1,-1
2025-03-12T08:04:45.000Z,DFM-23009490,1425801885,43.32824,7.21526,16303.3,-9.6,24.3,101.9,-53.8,-1.0,-1.0,DFM17,404.610,6.9,97,18,4.4,-1,-1
2025-03-12T08:05:08.000Z,DFM-23009490,1425801908,43.32706,7.22067,16094.6,-9.1,21.4,86.9,-53.2,-1.0,-1.0,DFM17,404.610,6.5,97,18,4.4,-1,-1
