timestamp,serial,frame,lat,lon,alt,vel_v,vel_h,heading,temp,humidity,pressure,type,freq_mhz,snr,f_error_hz,sats,batt_v,burst_timer,aux_data
2025-02-14T00:23:58.999Z,V4210211,6568,46.28913,7.62494,25060.0,5.8,9.8,146.7,-273.0,-1.0,-1.0,RS41,403.500,8.1,-225,10,2.5,-1,-1
2025-02-14T00:23:59.999Z,V4210211,6569,46.28906,7.62501,25066.3,6.9,10.0,147.9,-273.0,-1.0,-1.0,RS41,403.500,8.1,-225,10,2.6,-1,-1
2025-02-14T00:24:27.999Z,V4210211,6597,46.28743,7.62667,25251.0,6.9,9.9,147.9,-273.0,-1.0,-1.0,RS41,403.500,8.9,-225,10,2.5,-1,-1
2025-02-14T00:24:28.999Z,V4210211,6598,46.28735,7.62673,25257.6,6.8,10.4,156.3,-273.0,-1.0,-1.0,RS41,403.500,8.9,-225,10,2.5,-1,-1
2025-02-14T00:24:43.999Z,V4210211,6613,46.28609,7.62772,25355.2,7.1,6.9,149.4,-273.0,-1.0,-1.0,RS41-SG,403.500,8.2,-225,10,2.5,-1,-1
2025-02-14T00:24:50.999Z,V4210211,6620,46.28567,7.62805,25397.9,6.3,8.7,144.2,-273.0,-1.0,-1.0,RS41-SG,403.500,8.4,-225,10,2.6,-1,-1
2025-02-14T00:24:51.999Z,V4210211,6621,46.28560,7.62812,25404.5,6.7,8.3,147.6,-273.0,-1.0,-1.0,RS41-SG,403.500,8.4,-225,10,2.5,-1,-1
2025-02-14T00:24:52.999Z,V4210211,6622,46.28554,7.62817,25410.9,5.7,7.8,152.5,-273.0,-1.0,-1.0,RS41-SG,403.500,8.3,-225,10,2.5,-1,-1
2025-02-14T00:24:58.999Z,V4210211,6628,46.28522,7.62848,25445.6,6.6,6.9,133.5,-273.0,-1.0,-1.0,RS41-SG,403.500,9.5,-225,10,2.5,-1,-1
2025-02-14T00:24:59.999Z,V4210211,6629,46.28518,7.62854,25452.2,6.8,6.3,139.1,-273.0,-1.0,-1.0,RS41-SG,403.500,8.9,-225,10,2.6,-1,-1
2025-02-14T00:25:00.999Z,V4210211,6630,46.28514,7.62859,25458.3,5.4,6.0,145.7,-273.0,-1.0,-1.0,RS41-SG,403.500,8.7,-225,10,2.6,-1,-1
2025-02-14T00:25:01.999Z,V4210211,6631,46.28509,7.62863,25463.7,5.1,6.1,151.5,-273.0,-1.0,-1.0,RS41-SG,403.500,8.7,-225,10,2.5,-1,-1
2025-02-14T00:25:05.999Z,V4210211,6635,46.28487,7.62883,25486.0,4.9,7.6,142.3,-273.0,-1.0,-1.0,RS41-SG,403.500,9.3,-225,10,2.6,-1,-1
2025-02-14T00:25:06.999Z,V4210211,6636,46.28482,7.62888,25491.4,5.7,6.8,144.8,-273.0,-1.0,-1.0,RS41-SG,403.500,9.3,-225,10,2.5,-1,-1
2025-02-14T00:25:07.999Z,V4210211,6637,46.28478,7.62893,25497.4,6.3,5.4,150.4,-273.0,-1.0,-1.0,RS41-SG,403.500,9.3,-225,10,2.5,-1,-1
2025-02-14T00:25:08.999Z,V4210211,6638,46.28474,7.62896,25503.5,5.8,4.5,158.4,-273.0,-1.0,-1.0,RS41-SG,403.500,9.3,-225,9,2.5,-1,-1
2025-02-14T00:25:11.999Z,V4210211,6641,46.28463,7.62902,25519.4,6.5,4.6,139.4,-273.0,-1.0,-1.0,RS41-SG,403.500,8.0,-225,9,2.5,-1,-1
2025-02-14T00:25:13.999Z,V4210211,6643,46.28457,7.62913,25531.1,4.7,6.9,125.8,-273.0,-1.0,-1.0,RS41-SG,403.500,9.1,-225,10,2.5,-1,-1
2025-02-14T00:25:14.999Z,V4210211,6644,46.28453,7.62921,25536.2,5.5,8.1,130.1,-273.0,-1.0,-1.0,RS41-SG,403.500,9.1,-225,10,2.6,-1,-1
2025-02-14T00:25:19.999Z,V4210211,6649,46.28422,7.62948,25566.4,6.6,7.1,156.1,-273.0,-1.0,-1.0,RS41-SG,403.500,8.7,-225,10,2.6,-1,-1
2025-02-14T00:25:21.999Z,V4210211,6651,46.28412,7.62955,25577.4,5.4,6.0,152.7,-273.0,-1.0,-1.0,RS41-SG,403.500,9.2,-225,10,2.5,-1,-1
2025-02-14T00:25:23.999Z,V4210211,6653,46.28403,7.62960,25588.9,5.1,5.2,162.7,-273.0,-1.0,-1.0,RS41-SG,403.500,9.4,-225,10,2.5,-1,-1
2025-02-14T00:25:25.999Z,V4210211,6655,46.28393,7.62965,25600.3,6.3,6.3,155.5,-273.0,-1.0,-1.0,RS41-SG,403.500,8.5,-225,10,2.6,-1,-1
2025-02-14T00:25:26.999Z,V4210211,6656,46.28388,7.62969,25606.5,6.0,7.1,145.4,-273.0,-1.0,-1.0,RS41-SG,403.500,9.4,-225,10,2.5,-1,-1
2025-02-14T00:25:27.999Z,V4210211,6657,46.28382,7.62975,25612.1,5.2,8.1,138.3,-273.0,-1.0,-1.0,RS41-SG,403.500,9.6,-225,10,2.5,-1,-1
2025-02-14T00:25:29.999Z,V4210211,6659,46.28372,7.62991,25620.7,5.2,8.4,134.8,-273.0,-1.0,-1.0,RS41-SG,403.500,9.2,-225,10,2.6,-1,-1
2025-02-14T00:25:30.999Z,V4210211,6660,46.28366,7.62998,25626.5,6.6,7.6,139.4,-273.0,-1.0,-1.0,RS41-SG,403.500,9.7,-225,10,2.6,-1,-1
2025-02-14T00:25:31.999Z,V4210211,6661,46.28361,7.63003,25632.6,5.4,6.5,146.8,-273.0,-1.0,-1.0,RS41-SG,403.500,9.7,-225,10,2.5,-1,-1
2025-02-14T00:25:35.999Z,V4210211,6665,46.28344,7.63016,25654.8,5.4,5.2,144.3,-273.0,-1.0,-1.0,RS41-SG,403.500,9.1,-225,10,2.6,-1,-1
2025-02-14T00:25:36.999Z,V4210211,6666,46.28340,7.63020,25659.4,3.8,5.5,139.3,-273.0,-1.0,-1.0,RS41-SG,403.500,9.5,-225,10,2.5,-1,-1
2025-02-14T00:25:38.999Z,V4210211,6668,46.28332,7.63030,25669.2,6.0,6.1,146.5,-273.0,-1.0,-1.0,RS41-SG,403.500,9.7,-225,10,2.5,-1,-1
2025-02-14T00:25:39.999Z,V4210211,6669,46.28327,7.63034,25674.5,4.6,6.2,153.1,-273.0,-1.0,-1.0,RS41-SG,403.500,9.1,-225,10,2.6,-1,-1
2025-02-14T00:25:40.999Z,V4210211,6670,46.28322,7.63037,25679.0,4.2,6.3,155.3,-273.0,-1.0,-1.0,RS41-SG,403.500,9.1,-225,10,2.6,-1,-1
2025-02-14T00:25:41.999Z,V4210211,6671,46.28317,7.63041,25684.1,5.9,6.6,151.7,-273.0,-1.0,-1.0,RS41-SG,403.500,10.2,-225,10,2.5,-1,-1
2025-02-14T00:25:43.999Z,V4210211,6673,46.28306,7.63052,25696.0,4.9,7.9,138.3,-273.0,-1.0,-1.0,RS41-SG,403.500,9.1,-225,10,2.5,-1,-1
2025-02-14T00:25:46.999Z,V4210211,6676,46.28288,7.63074,25712.2,5.9,9.5,144.8,-273.0,-1.0,-1.0,RS41-SG,403.500,8.3,-225,10,2.5,-1,-1
2025-02-14T00:25:50.999Z,V4210211,6680,46.28258,7.63105,25733.8,4.5,10.9,136.9,-273.0,-1.0,-1.0,RS41-SG,403.500,8.9,-225,10,2.6,-1,-1
2025-02-14T00:25:55.999Z,V4210211,6685,46.28224,7.63149,25758.3,4.3,9.3,146.3,-60.7,-1.0,-1.0,RS41-SG,403.500,8.3,-225,10,2.6,-1,-1
2025-02-14T00:25:56.999Z,V4210211,6686,46.28217,7.63156,25763.2,5.3,9.4,144.7,-60.7,-1.0,-1.0,RS41-SG,403.500,8.4,-225,10,2.5,-1,-1
2025-02-14T00:25:57.999Z,V4210211,6687,46.28210,7.63164,25768.8,5.9,10.0,140.6,-60.6,-1.0,-1.0,RS41-SG,403.500,8.4,-225,10,2.5,-1,-1
2025-02-14T00:26:02.999Z,V4210211,6692,46.28172,7.63207,25794.2,3.8,11.0,150.3,-60.5,-1.0,-1.0,RS41-SG,403.500,7.9,-225,10,2.5,-1,-1
2025-02-14T00:26:05.999Z,V4210211,6695,46.28146,7.63230,25808.3,5.7,11.7,141.9,-60.5,-1.0,-1.0,RS41-SG,403.500,7.5,-225,10,2.6,-1,-1
2025-02-14T00:26:07.999Z,V4210211,6697,46.28131,7.63250,25818.4,4.7,11.4,136.3,-60.5,-1.0,-1.0,RS41-SG,403.500,8.8,-225,10,2.5,-1,-1
2025-02-14T00:26:08.999Z,V4210211,6698,46.28123,7.63259,25823.5,5.5,10.9,138.7,-60.5,-1.0,-1.0,RS41-SG,403.500,9.0,-225,10,2.5,-1,-1
2025-02-14T00:26:09.999Z,V4210211,6699,46.28116,7.63268,25829.0,5.3,10.4,143.2,-60.6,-1.0,-1.0,RS41-SG,403.500,9.0,-225,10,2.6,-1,-1
2025-02-14T00:26:11.999Z,V4210211,6701,46.28100,7.63283,25838.3,4.8,10.2,148.7,-60.6,-1.0,-1.0,RS41-SG,403.500,8.5,-225,10,2.5,-1,-1
2025-02-14T00:26:15.999Z,V4210211,6705,46.28070,7.63319,25857.1,5.2,11.9,135.2,-60.6,-1.0,-1.0,RS41-SG,403.500,9.4,-225,10,2.6,-1,-1
2025-02-14T00:26:17.999Z,V4210211,6707,46.28054,7.63340,25867.2,3.9,12.0,139.3,-60.5,-1.0,-1.0,RS41-SG,403.500,9.1,-225,10,2.5,-1,-1
2025-02-14T00:26:18.999Z,V4210211,6708,46.28046,7.63350,25871.5,4.8,12.1,138.2,-60.5,-1.0,-1.0,RS41-SG,403.500,10.1,-225,10,2.5,-1,-1
2025-02-14T00:26:19.999Z,V4210211,6709,46.28038,7.63361,25876.5,5.6,12.1,134.3,-60.5,-1.0,-1.0,RS41-SG,403.500,10.1,-225,10,2.6,-1,-1
2025-02-14T00:26:21.999Z,V4210211,6711,46.28024,7.63383,25885.8,4.4,11.4,130.1,-60.5,-1.0,-1.0,RS41-SG,403.500,8.9,-225,10,2.5,-1,-1
2025-02-14T00:26:26.999Z,V4210211,6716,46.27989,7.63427,25909.9,5.6,10.4,142.0,-60.3,-1.0,-1.0,RS41-SG,403.500,8.5,-225,10,2.5,-1,-1
2025-02-14T00:26:27.999Z,V4210211,6717,46.27981,7.63436,25914.7,4.2,10.8,138.6,-60.3,-1.0,-1.0,RS41-SG,403.500,9.0,-225,10,2.5,-1,-1
2025-02-14T00:26:28.999Z,V4210211,6718,46.27974,7.63445,25918.8,4.2,11.0,136.9,-60.3,-1.0,-1.0,RS41-SG,403.500,9.4,-225,9,2.5,-1,-1
2025-02-14T00:26:30.999Z,V4210211,6720,46.27960,7.63464,25928.8,4.9,10.9,140.4,-60.3,-1.0,-1.0,RS41-SG,403.500,8.5,-225,10,2.6,-1,-1
2025-02-14T00:26:34.999Z,V4210211,6724,46.27927,7.63503,25947.1,3.4,13.1,135.2,-60.5,-1.0,-1.0,RS41-SG,403.500,9.6,-225,10,2.6,-1,-1
2025-02-14T00:26:35.999Z,V4210211,6725,46.27919,7.63515,25951.0,4.5,13.5,134.4,-60.5,-1.0,-1.0,RS41-SG,403.500,9.6,-225,10,2.6,-1,-1
2025-02-14T00:26:37.999Z,V4210211,6727,46.27901,7.63539,25960.5,3.5,13.4,141.0,-60.5,-1.0,-1.0,RS41-SG,403.500,9.0,-225,10,2.5,-1,-1
2025-02-14T00:26:38.999Z,V4210211,6728,46.27892,7.63550,25964.3,4.3,13.6,143.9,-60.6,-1.0,-1.0,RS41-SG,403.500,9.0,-225,10,2.5,-1,-1
2025-02-14T00:26:39.999Z,V4210211,6729,46.27882,7.63560,25969.2,5.4,13.8,143.0,-60.5,-1.0,-1.0,RS41-SG,403.500,8.7,-225,10,2.6,-1,-1
2025-02-14T00:26:40.999Z,V4210211,6730,46.27872,7.63571,25973.8,4.0,14.3,141.5,-60.5,-1.0,-1.0,RS41-SG,403.500,9.3,-225,10,2.6,-1,-1
2025-02-14T00:26:42.999Z,V4210211,6732,46.27852,7.63595,25981.9,4.9,14.4,141.8,-60.5,-1.0,-1.0,RS41-SG,403.500,8.8,-225,10,2.5,-1,-1
2025-02-14T00:26:43.999Z,V4210211,6733,46.27841,7.63606,25986.9,5.1,14.1,144.3,-60.5,-1.0,-1.0,RS41-SG,403.500,8.7,-225,10,2.5,-1,-1
2025-02-14T00:26:45.999Z,V4210211,6735,46.27821,7.63626,25995.7,4.8,13.6,143.4,-60.5,-1.0,-1.0,RS41-SG,403.500,9.6,-225,10,2.6,-1,-1
2025-02-14T00:26:47.999Z,V4210211,6737,46.27802,7.63649,26005.5,3.9,14.3,136.7,-60.6,-1.0,-1.0,RS41-SG,403.500,9.8,-225,10,2.5,-1,-1
2025-02-14T00:26:49.999Z,V4210211,6739,46.27783,7.63675,26013.8,4.9,14.8,138.3,-60.6,-1.0,-1.0,RS41-SG,403.500,8.4,-225,11,2.6,-1,-1
2025-02-14T00:26:51.999Z,V4210211,6741,46.27762,7.63698,26023.2,3.6,14.2,146.5,-60.6,-1.0,-1.0,RS41-SG,403.500,9.2,-225,11,2.5,-1,-1
2025-02-14T00:26:52.999Z,V4210211,6742,46.27751,7.63708,26027.2,4.3,14.2,148.8,-60.6,-1.0,-1.0,RS41-SG,403.500,9.7,-225,11,2.5,-1,-1
2025-02-14T00:26:55.999Z,V4210211,6745,46.27721,7.63739,26040.4,3.3,13.4,139.3,-60.6,-1.0,-1.0,RS41-SG,403.500,9.4,-225,10,2.6,-1,-1
2025-02-14T00:26:56.999Z,V4210211,6746,46.27713,7.63750,26043.8,3.4,12.7,136.4,-60.6,-1.0,-1.0,RS41-SG,403.500,10.5,-225,10,2.5,-1,-1
2025-02-14T00:26:57.999Z,V4210211,6747,46.27705,7.63761,26047.6,4.2,11.7,135.8,-60.6,-1.0,-1.0,RS41-SG,403.500,10.5,-225,11,2.5,-1,-1
2025-02-14T00:26:59.999Z,V4210211,6749,46.27690,7.63780,26056.7,4.2,10.5,139.0,-60.4,-1.0,-1.0,RS41-SG,403.500,9.7,-225,11,2.6,-1,-1
2025-02-14T00:27:03.999Z,V4210211,6753,46.27660,7.63825,26075.3,3.4,14.1,128.5,-60.3,-1.0,-1.0,RS41-SG,403.500,9.1,-225,11,2.5,-1,-1
2025-02-14T00:27:04.999Z,V4210211,6754,46.27652,7.63840,26079.1,4.1,14.8,128.4,-60.3,-1.0,-1.0,RS41-SG,403.500,9.1,-225,11,2.6,-1,-1
2025-02-14T00:27:05.999Z,V4210211,6755,46.27644,7.63854,26083.8,5.8,14.7,131.8,-60.3,-1.0,-1.0,RS41-SG,403.500,8.5,-225,11,2.6,-1,-1
2025-02-14T00:27:06.999Z,V4210211,6756,46.27635,7.63868,26088.7,3.9,14.2,136.0,-60.3,-1.0,-1.0,RS41-SG,403.500,8.5,-225,11,2.5,-1,-1
2025-02-14T00:27:09.999Z,V4210211,6759,46.27609,7.63903,26101.8,5.8,12.5,134.5,-60.4,-1.0,-1.0,RS41-SG,403.500,8.8,-225,11,2.6,-1,-1
2025-02-14T00:27:10.999Z,V4210211,6760,46.27601,7.63915,26107.0,5.0,12.0,131.2,-60.4,-1.0,-1.0,RS41-SG,403.500,8.8,-225,10,2.6,-1,-1
2025-02-14T00:27:12.999Z,V4210211,6762,46.27588,7.63937,26116.5,4.9,10.7,132.5,-60.4,-1.0,-1.0,RS41-SG,403.500,10.6,-225,11,2.5,-1,-1
2025-02-14T00:27:13.999Z,V4210211,6763,46.27581,7.63946,26121.8,5.4,10.4,138.1,-60.4,-1.0,-1.0,RS41-SG,403.500,9.0,-225,11,2.5,-1,-1
2025-02-14T00:27:14.999Z,V4210211,6764,46.27574,7.63955,26126.4,4.2,10.7,142.3,-60.4,-1.0,-1.0,RS41-SG,403.500,9.0,-225,11,2.6,-1,-1
2025-02-14T00:27:15.999Z,V4210211,6765,46.27566,7.63964,26130.5,4.0,11.3,144.3,-60.4,-1.0,-1.0,RS41-SG,403.500,8.6,-225,11,2.6,-1,-1
2025-02-14T00:27:17.999Z,V4210211,6767,46.27548,7.63984,26140.9,5.6,14.4,139.4,-60.4,-1.0,-1.0,RS41-SG,403.500,9.3,-225,11,2.5,-1,-1
2025-02-14T00:27:18.999Z,V4210211,6768,46.27538,7.63997,26145.6,3.8,15.7,137.5,-60.4,-1.0,-1.0,RS41-SG,403.500,10.0,-225,11,2.5,-1,-1
2025-02-14T00:27:19.999Z,V4210211,6769,46.27527,7.64011,26149.6,4.5,16.5,137.6,-60.4,-1.0,-1.0,RS41-SG,403.500,10.0,-225,11,2.6,-1,-1
2025-02-14T00:27:20.999Z,V4210211,6770,46.27516,7.64025,26154.7,5.9,16.3,139.8,-60.3,-1.0,-1.0,RS41-SG,403.500,10.0,-225,11,2.6,-1,-1
2025-02-14T00:27:22.999Z,V4210211,6772,46.27494,7.64049,26164.7,3.8,14.8,146.3,-60.2,-1.0,-1.0,RS41-SG,403.500,9.3,-225,11,2.5,-1,-1
2025-02-14T00:27:23.999Z,V4210211,6773,46.27483,7.64059,26168.9,4.5,14.2,147.6,-60.2,-1.0,-1.0,RS41-SG,403.500,9.4,-225,11,2.5,-1,-1
2025-02-14T00:27:24.999Z,V4210211,6774,46.27473,7.64069,26173.8,5.6,13.8,146.5,-60.2,-1.0,-1.0,RS41-SG,403.500,9.7,-225,11,2.6,-1,-1
2025-02-14T00:27:25.999Z,V4210211,6775,46.27463,7.64079,26178.8,4.7,13.6,144.1,-60.2,-1.0,-1.0,RS41-SG,403.500,9.7,-225,11,2.6,-1,-1
2025-02-14T00:27:26.999Z,V4210211,6776,46.27453,7.64090,26182.8,3.5,13.5,142.1,-60.2,-1.0,-1.0,RS41-SG,403.500,10.3,-225,11,2.5,-1,-1
2025-02-14T00:27:27.999Z,V4210211,6777,46.27443,7.64100,26186.8,4.5,13.0,141.0,-60.2,-1.0,-1.0,RS41-SG,403.500,10.3,-225,11,2.5,-1,-1
2025-02-14T00:27:30.999Z,V4210211,6780,46.27418,7.64129,26202.2,4.9,11.4,142.5,-60.2,-1.0,-1.0,RS41-SG,403.500,9.9,-225,11,2.6,-1,-1
2025-02-14T00:27:31.999Z,V4210211,6781,46.27410,7.64138,26207.2,5.1,11.8,139.5,-60.3,-1.0,-1.0,RS41-SG,403.500,9.9,-225,11,2.5,-1,-1
2025-02-14T00:27:32.999Z,V4210211,6782,46.27402,7.64149,26212.6,5.8,13.0,136.1,-60.3,-1.0,-1.0,RS41-SG,403.500,9.3,-225,11,2.5,-1,-1
2025-02-14T00:27:33.999Z,V4210211,6783,46.27393,7.64161,26217.9,4.7,14.3,135.1,-60.3,-1.0,-1.0,RS41-SG,403.500,9.2,-225,11,2.5,-1,-1
2025-02-14T00:27:34.999Z,V4210211,6784,46.27384,7.64175,26222.3,4.3,15.1,135.7,-60.3,-1.0,-1.0,RS41-SG,403.500,9.6,-225,11,2.6,-1,-1
2025-02-14T00:27:35.999Z,V4210211,6785,46.27373,7.64188,26227.0,5.3,15.6,139.3,-60.2,-1.0,-1.0,RS41-SG,403.500,9.6,-225,11,2.6,-1,-1
2025-02-14T00:27:37.999Z,V4210211,6787,46.27351,7.64211,26238.2,4.4,14.6,150.3,-60.2,-1.0,-1.0,RS41-SG,403.500,8.1,-225,11,2.5,-1,-1
2025-02-14T00:27:47.999Z,V4210211,6797,46.27266,7.64301,26289.8,6.5,12.4,135.3,-60.3,-1.0,-1.0,RS41-SG,403.500,9.3,-225,11,2.5,-1,-1
2025-02-14T00:27:49.999Z,V4210211,6799,46.27248,7.64325,26301.1,5.0,14.8,139.6,-60.3,-1.0,-1.0,RS41-SG,403.500,10.5,-225,10,2.6,-1,-1
2025-02-14T00:27:54.999Z,V4210211,6804,46.27191,7.64368,26328.5,6.6,13.2,158.9,-60.4,-1.0,-1.0,RS41-SG,403.500,8.2,-225,11,2.6,-1,-1
2025-02-14T00:27:59.999Z,V4210211,6809,46.27146,7.64407,26357.5,5.6,10.6,143.6,-60.6,-1.0,-1.0,RS41-SG,403.500,10.4,-225,11,2.6,-1,-1
2025-02-14T00:28:00.999Z,V4210211,6810,46.27138,7.64416,26362.9,5.2,10.8,143.4,-60.6,-1.0,-1.0,RS41-SG,403.500,10.4,-225,11,2.6,-1,-1
2025-02-14T00:28:01.999Z,V4210211,6811,46.27130,7.64425,26368.8,6.5,12.2,142.4,-60.7,-1.0,-1.0,RS41-SG,403.500,9.0,-225,11,2.5,-1,-1
2025-02-14T00:28:07.999Z,V4210211,6817,46.27062,7.64490,26403.7,5.1,15.5,153.9,-60.8,-1.0,-1.0,RS41-SG,403.500,9.6,-225,11,2.5,-1,-1
2025-02-14T00:28:08.999Z,V4210211,6818,46.27050,7.64499,26409.7,6.8,14.9,153.1,-60.8,-1.0,-1.0,RS41-SG,403.500,10.8,-225,11,2.5,-1,-1
2025-02-14T00:28:09.999Z,V4210211,6819,46.27039,7.64508,26416.4,6.9,14.3,148.8,-60.8,-1.0,-1.0,RS41-SG,403.500,10.8,-225,11,2.6,-1,-1
2025-02-14T00:28:11.999Z,V4210211,6821,46.27019,7.64528,26428.6,6.2,12.8,140.1,-60.9,-1.0,-1.0,RS41-SG,403.500,8.8,-225,10,2.5,-1,-1
2025-02-14T00:28:12.999Z,V4210211,6822,46.27010,7.64539,26434.9,6.6,11.6,138.2,-60.9,-1.0,-1.0,RS41-SG,403.500,10.2,-225,11,2.5,-1,-1
2025-02-14T00:28:14.999Z,V4210211,6824,46.26996,7.64558,26446.8,5.8,11.0,137.0,-60.9,-1.0,-1.0,RS41-SG,403.500,9.2,-225,11,2.6,-1,-1
2025-02-14T00:28:16.999Z,V4210211,6826,46.26979,7.64580,26460.2,6.6,14.0,137.7,-61.0,-1.0,-1.0,RS41-SG,403.500,8.7,-225,11,2.5,-1,-1
2025-02-14T00:28:17.999Z,V4210211,6827,46.26969,7.64592,26466.1,5.3,15.5,138.7,-61.0,-1.0,-1.0,RS41-SG,403.500,9.3,-225,11,2.5,-1,-1
2025-02-14T00:28:18.999Z,V4210211,6828,46.26958,7.64606,26471.5,5.7,16.7,141.9,-61.1,-1.0,-1.0,RS41-SG,403.500,9.3,-225,11,2.5,-1,-1
2025-02-14T00:28:19.999Z,V4210211,6829,46.26946,7.64618,26477.4,6.4,17.1,146.4,-61.1,-1.0,-1.0,RS41-SG,403.500,8.2,-225,11,2.6,-1,-1
2025-02-14T00:28:20.999Z,V4210211,6830,46.26933,7.64630,26483.7,6.2,16.9,150.4,-61.1,-1.0,-1.0,RS41-SG,403.500,8.2,-225,11,2.6,-1,-1
2025-02-14T00:28:21.999Z,V4210211,6831,46.26920,7.64640,26489.1,4.4,16.7,152.7,-61.2,-1.0,-1.0,RS41-SG,403.500,8.0,-225,11,2.5,-1,-1
2025-02-14T00:28:24.999Z,V4210211,6834,46.26880,7.64672,26507.2,6.4,16.9,146.1,-61.2,-1.0,-1.0,RS41-SG,403.500,7.9,-225,11,2.6,-1,-1
2025-02-14T00:28:26.999Z,V4210211,6836,46.26857,7.64698,26518.3,5.8,16.3,138.9,-61.3,-1.0,-1.0,RS41-SG,403.500,10.1,-225,11,2.5,-1,-1
2025-02-14T00:28:28.999Z,V4210211,6838,46.26837,7.64725,26531.3,5.8,14.2,134.7,-61.3,-1.0,-1.0,RS41-SG,403.500,10.8,-225,11,2.5,-1,-1
2025-02-14T00:28:29.999Z,V4210211,6839,46.26829,7.64739,26537.1,5.8,13.4,131.8,-61.3,-1.0,-1.0,RS41-SG,403.500,10.8,-225,11,2.6,-1,-1
2025-02-14T00:28:30.999Z,V4210211,6840,46.26821,7.64752,26543.5,7.1,13.5,128.0,-61.3,-1.0,-1.0,RS41-SG,403.500,9.5,-225,11,2.6,-1,-1
2025-02-14T00:28:31.999Z,V4210211,6841,46.26813,7.64766,26550.4,7.0,14.3,125.5,-61.3,-1.0,-1.0,RS41-SG,403.500,9.6,-225,11,2.5,-1,-1
2025-02-14T00:28:33.999Z,V4210211,6843,46.26797,7.64797,26562.4,6.4,15.6,129.4,-61.3,-1.0,-1.0,RS41-SG,403.500,9.1,-225,11,2.5,-1,-1
2025-02-14T00:28:34.999Z,V4210211,6844,46.26788,7.64812,26569.3,7.4,15.8,134.5,-61.4,-1.0,-1.0,RS41-SG,403.500,10.0,-225,11,2.6,-1,-1
2025-02-14T00:28:35.999Z,V4210211,6845,46.26777,7.64826,26576.1,6.2,16.0,138.6,-61.4,-1.0,-1.0,RS41-SG,403.500,10.0,-225,11,2.6,-1,-1
2025-02-14T00:28:40.999Z,V4210211,6850,46.26714,7.64901,26608.1,6.0,20.6,138.1,-61.4,-1.0,-1.0,RS41-SG,403.500,9.2,-225,11,2.6,-1,-1
2025-02-14T00:28:41.999Z,V4210211,6851,46.26700,7.64919,26614.1,6.0,20.3,137.8,-61.4,-1.0,-1.0,RS41-SG,403.500,9.6,-225,11,2.5,-1,-1
2025-02-14T00:28:42.999Z,V4210211,6852,46.26687,7.64936,26621.1,7.6,19.1,137.9,-61.4,-1.0,-1.0,RS41-SG,403.500,9.6,-225,11,2.5,-1,-1
2025-02-14T00:28:43.999Z,V4210211,6853,46.26675,7.64952,26628.3,6.5,18.0,139.0,-61.3,-1.0,-1.0,RS41-SG,403.500,10.9,-225,11,2.5,-1,-1
2025-02-14T00:28:44.999Z,V4210211,6854,46.26663,7.64967,26634.4,6.0,17.3,139.2,-61.3,-1.0,-1.0,RS41-SG,403.500,11.4,-225,11,2.6,-1,-1
2025-02-14T00:28:45.999Z,V4210211,6855,46.26651,7.64981,26641.0,7.3,17.4,138.8,-61.2,-1.0,-1.0,RS41-SG,403.500,11.4,-225,11,2.6,-1,-1
2025-02-14T00:28:46.999Z,V4210211,6856,46.26639,7.64997,26648.6,7.7,18.2,137.4,-61.2,-1.0,-1.0,RS41-SG,403.500,9.8,-225,11,2.5,-1,-1
2025-02-14T00:28:47.999Z,V4210211,6857,46.26627,7.65013,26655.2,5.6,19.2,136.2,-61.2,-1.0,-1.0,RS41-SG,403.500,9.8,-225,11,2.5,-1,-1
2025-02-14T00:28:48.999Z,V4210211,6858,46.26614,7.65031,26661.2,6.2,20.1,136.3,-61.2,-1.0,-1.0,RS41-SG,403.500,10.7,-225,11,2.5,-1,-1
2025-02-14T00:28:49.999Z,V4210211,6859,46.26601,7.65049,26668.0,7.7,20.7,138.3,-61.3,-1.0,-1.0,RS41-SG,403.500,10.7,-225,11,2.6,-1,-1
2025-02-14T00:28:50.999Z,V4210211,6860,46.26587,7.65066,26675.0,6.2,20.9,140.4,-61.2,-1.0,-1.0,RS41-SG,403.500,9.8,-225,11,2.6,-1,-1
2025-02-14T00:28:51.999Z,V4210211,6861,46.26572,7.65083,26681.1,6.1,21.2,142.1,-61.2,-1.0,-1.0,RS41-SG,403.500,11.2,-225,11,2.5,-1,-1
2025-02-14T00:28:52.999Z,V4210211,6862,46.26557,7.65100,26687.7,6.9,22.0,142.6,-61.3,-1.0,-1.0,RS41-SG,403.500,11.2,-225,11,2.5,-1,-1
2025-02-14T00:28:53.999Z,V4210211,6863,46.26541,7.65118,26694.9,7.5,22.7,141.2,-61.3,-1.0,-1.0,RS41-SG,403.500,9.7,-225,11,2.5,-1,-1
2025-02-14T00:28:54.999Z,V4210211,6864,46.26525,7.65137,26701.8,6.1,23.0,140.2,-61.3,-1.0,-1.0,RS41-SG,403.500,9.8,-225,11,2.5,-1,-1
2025-02-14T00:28:55.999Z,V4210211,6865,46.26510,7.65156,26708.3,7.1,22.3,138.8,-61.3,-1.0,-1.0,RS41-SG,403.500,10.5,-225,11,2.6,-1,-1
2025-02-14T00:28:56.999Z,V4210211,6866,46.26495,7.65174,26715.9,8.0,21.0,138.4,-61.3,-1.0,-1.0,RS41-SG,403.500,11.0,-225,11,2.6,-1,-1
2025-02-14T00:28:57.999Z,V4210211,6867,46.26481,7.65192,26723.1,6.5,19.7,138.2,-61.3,-1.0,-1.0,RS41-SG,403.500,11.0,-225,11,2.6,-1,-1
2025-02-14T00:28:58.999Z,V4210211,6868,46.26469,7.65208,26729.6,6.1,18.6,137.5,-61.3,-1.0,-1.0,RS41-SG,403.500,9.7,-225,11,2.5,-1,-1
2025-02-14T00:28:59.999Z,V4210211,6869,46.26457,7.65225,26736.3,7.3,18.1,136.0,-61.4,-1.0,-1.0,RS41-SG,403.500,11.0,-225,11,2.5,-1,-1
2025-02-14T00:29:00.999Z,V4210211,6870,46.26445,7.65241,26743.7,7.4,18.6,134.3,-61.4,-1.0,-1.0,RS41-SG,403.500,11.0,-225,11,2.5,-1,-1
2025-02-14T00:29:01.999Z,V4210211,6871,46.26433,7.65259,26750.4,5.8,19.3,134.4,-61.5,-1.0,-1.0,RS41-SG,403.500,10.9,-225,11,2.5,-1,-1
2025-02-14T00:29:02.999Z,V4210211,6872,46.26421,7.65277,26756.5,6.6,19.8,135.4,-61.5,-1.0,-1.0,RS41-SG,403.500,10.9,-225,11,2.6,-1,-1
2025-02-14T00:29:03.999Z,V4210211,6873,46.26408,7.65294,26763.4,7.6,19.8,137.3,-61.5,-1.0,-1.0,RS41-SG,403.500,10.4,-225,11,2.6,-1,-1
2025-02-14T00:29:04.999Z,V4210211,6874,46.26395,7.65311,26770.9,7.2,19.5,139.7,-61.6,-1.0,-1.0,RS41-SG,403.500,10.3,-225,11,2.5,-1,-1
2025-02-14T00:29:05.999Z,V4210211,6875,46.26381,7.65327,26777.4,5.3,19.4,141.3,-61.6,-1.0,-1.0,RS41-SG,403.500,10.3,-225,11,2.5,-1,-1
2025-02-14T00:29:06.999Z,V4210211,6876,46.26367,7.65343,26783.1,5.9,19.9,143.3,-61.6,-1.0,-1.0,RS41-SG,403.500,9.7,-225,11,2.5,-1,-1
2025-02-14T00:29:07.999Z,V4210211,6877,46.26352,7.65358,26789.7,7.4,21.1,144.4,-61.7,-1.0,-1.0,RS41-SG,403.500,10.7,-225,11,2.6,-1,-1
2025-02-14T00:29:08.999Z,V4210211,6878,46.26337,7.65375,26797.3,8.0,22.3,144.6,-61.7,-1.0,-1.0,RS41-SG,403.500,10.7,-225,11,2.6,-1,-1
2025-02-14T00:29:09.999Z,V4210211,6879,46.26320,7.65392,26804.7,6.8,23.1,144.1,-61.7,-1.0,-1.0,RS41-SG,403.500,10.7,-225,11,2.5,-1,-1
2025-02-14T00:29:10.999Z,V4210211,6880,46.26303,7.65409,26811.6,6.9,23.1,143.3,-61.7,-1.0,-1.0,RS41-SG,403.500,8.9,-225,11,2.5,-1,-1
2025-02-14T00:29:11.999Z,V4210211,6881,46.26287,7.65427,26818.9,7.9,22.3,142.2,-61.8,-1.0,-1.0,RS41-SG,403.500,10.9,-225,11,2.5,-1,-1
2025-02-14T00:29:12.999Z,V4210211,6882,46.26272,7.65444,26826.2,6.8,21.3,142.0,-61.8,-1.0,-1.0,RS41-SG,403.500,10.9,-225,11,2.6,-1,-1
2025-02-14T00:29:13.999Z,V4210211,6883,46.26257,7.65461,26832.5,5.7,20.5,142.3,-61.8,-1.0,-1.0,RS41-SG,403.500,10.3,-225,11,2.6,-1,-1
2025-02-14T00:29:14.999Z,V4210211,6884,46.26242,7.65477,26838.6,6.3,20.4,142.2,-61.8,-1.0,-1.0,RS41-SG,403.500,9.9,-225,11,2.5,-1,-1
2025-02-14T00:29:15.999Z,V4210211,6885,46.26228,7.65493,26845.7,7.7,21.2,142.1,-61.8,-1.0,-1.0,RS41-SG,403.500,9.9,-225,11,2.5,-1,-1
2025-02-14T00:29:16.999Z,V4210211,6886,46.26212,7.65511,26853.0,7.0,22.1,142.3,-61.9,-1.0,-1.0,RS41-SG,403.500,9.8,-225,11,2.5,-1,-1
2025-02-14T00:29:18.999Z,V4210211,6888,46.26180,7.65545,26866.5,6.8,22.9,145.1,-61.9,-1.0,-1.0,RS41-SG,403.500,10.2,-225,10,2.6,-1,-1
2025-02-14T00:29:19.999Z,V4210211,6889,46.26163,7.65562,26873.5,7.3,22.5,147.2,-61.9,-1.0,-1.0,RS41-SG,403.500,10.8,-225,11,2.5,-1,-1
2025-02-14T00:29:20.999Z,V4210211,6890,46.26146,7.65577,26880.7,6.9,21.9,148.1,-62.0,-1.0,-1.0,RS41-SG,403.500,10.8,-225,11,2.5,-1,-1
2025-02-14T00:29:21.999Z,V4210211,6891,46.26129,7.65592,26887.0,5.6,21.5,149.0,-62.0,-1.0,-1.0,RS41-SG,403.500,10.1,-225,11,2.5,-1,-1
2025-02-14T00:29:22.999Z,V4210211,6892,46.26113,7.65606,26893.0,6.5,21.8,149.2,-62.0,-1.0,-1.0,RS41-SG,403.500,11.0,-225,11,2.6,-1,-1
2025-02-14T00:29:23.999Z,V4210211,6893,46.26095,7.65621,26900.0,7.7,22.8,148.7,-62.0,-1.0,-1.0,RS41-SG,403.500,11.0,-225,11,2.6,-1,-1
2025-02-14T00:29:24.999Z,V4210211,6894,46.26078,7.65637,26907.0,6.6,23.9,148.0,-62.1,-1.0,-1.0,RS41-SG,403.500,10.2,-225,11,2.5,-1,-1
2025-02-14T00:29:25.999Z,V4210211,6895,46.26059,7.65653,26913.2,5.6,24.6,146.9,-62.1,-1.0,-1.0,RS41-SG,403.500,9.7,-225,11,2.5,-1,-1
2025-02-14T00:29:26.999Z,V4210211,6896,46.26041,7.65671,26919.5,7.2,24.6,145.4,-62.1,-1.0,-1.0,RS41-SG,403.500,10.2,-225,11,2.5,-1,-1
2025-02-14T00:29:27.999Z,V4210211,6897,46.26023,7.65689,26926.8,7.4,23.9,145.1,-62.1,1.6,-1.0,RS41-SG,403.500,11.2,-225,10,2.6,-1,-1
2025-02-14T00:29:28.999Z,V4210211,6898,46.26006,7.65706,26933.1,5.6,23.0,145.0,-62.1,1.6,-1.0,RS41-SG,403.500,11.2,-225,11,2.6,-1,-1
2025-02-14T00:29:29.999Z,V4210211,6899,46.25989,7.65723,26938.9,5.8,22.5,145.4,-62.1,1.7,-1.0,RS41-SG,403.500,9.6,-225,11,2.5,-1,-1
2025-02-14T00:29:30.999Z,V4210211,6900,46.25972,7.65739,26945.4,7.4,22.8,146.4,-62.1,1.6,-1.0,RS41-SG,403.500,9.6,-225,11,2.5,-1,-1
2025-02-14T00:29:31.999Z,V4210211,6901,46.25955,7.65756,26952.8,7.5,23.3,147.3,-62.1,1.6,-1.0,RS41-SG,403.500,10.0,-225,11,2.5,-1,-1
2025-02-14T00:29:32.999Z,V4210211,6902,46.25937,7.65772,26959.6,6.5,23.9,147.8,-62.1,1.6,-1.0,RS41-SG,403.500,10.4,-225,11,2.6,-1,-1
2025-02-14T00:29:33.999Z,V4210211,6903,46.25919,7.65788,26966.0,6.4,23.9,147.9,-62.2,1.6,-1.0,RS41-SG,403.500,10.4,-225,11,2.6,-1,-1
2025-02-14T00:29:34.999Z,V4210211,6904,46.25901,7.65805,26972.6,6.9,23.3,147.6,-62.2,1.6,-1.0,RS41-SG,403.500,10.0,-225,11,2.5,-1,-1
2025-02-14T00:29:35.999Z,V4210211,6905,46.25884,7.65821,26979.8,7.1,22.6,147.4,-62.2,1.6,-1.0,RS41-SG,403.500,10.0,-225,11,2.5,-1,-1
2025-02-14T00:29:36.999Z,V4210211,6906,46.25867,7.65836,26986.2,5.7,21.9,147.3,-62.2,1.6,-1.0,RS41-SG,403.500,10.2,-225,11,2.5,-1,-1
2025-02-14T00:29:37.999Z,V4210211,6907,46.25850,7.65851,26991.8,5.5,21.7,147.7,-62.2,1.6,-1.0,RS41-SG,403.500,10.5,-225,11,2.6,-1,-1
2025-02-14T00:29:38.999Z,V4210211,6908,46.25834,7.65866,26997.9,6.6,22.4,148.3,-62.2,1.6,-1.0,RS41-SG,403.500,10.5,-225,11,2.6,-1,-1
2025-02-14T00:29:39.999Z,V4210211,6909,46.25816,7.65882,27004.9,7.5,23.8,148.5,-62.2,1.6,-1.0,RS41-SG,403.500,8.6,-225,11,2.5,-1,-1
2025-02-14T00:29:40.999Z,V4210211,6910,46.25798,7.65898,27011.6,5.9,24.9,148.4,-62.2,1.7,-1.0,RS41-SG,403.500,10.3,-225,11,2.5,-1,-1
2025-02-14T00:29:41.999Z,V4210211,6911,46.25778,7.65915,27017.6,5.9,25.3,148.4,-62.1,1.7,-1.0,RS41-SG,403.500,10.3,-225,11,2.5,-1,-1
2025-02-14T00:29:43.999Z,V4210211,6913,46.25741,7.65949,27031.3,7.2,23.6,148.3,-62.1,1.6,-1.0,RS41-SG,403.500,8.9,-225,11,2.6,-1,-1
2025-02-14T00:29:45.999Z,V4210211,6915,46.25707,7.65980,27042.9,5.0,21.6,146.3,-62.1,1.6,-1.0,RS41-SG,403.500,10.6,-225,10,2.5,-1,-1
2025-02-14T00:29:46.999Z,V4210211,6916,46.25691,7.65996,27048.5,5.9,21.4,144.6,-62.2,1.6,-1.0,RS41-SG,403.500,10.6,-225,11,2.5,-1,-1
2025-02-14T00:29:48.999Z,V4210211,6918,46.25660,7.66030,27061.7,6.1,22.5,142.9,-62.2,1.6,-1.0,RS41-SG,403.500,8.9,-225,11,2.6,-1,-1
2025-02-14T00:29:51.999Z,V4210211,6921,46.25610,7.66079,27080.5,6.7,22.1,149.7,-62.4,1.7,-1.0,RS41-SG,403.500,9.5,-225,11,2.5,-1,-1
2025-02-14T00:29:52.999Z,V4210211,6922,46.25592,7.66093,27087.0,5.8,21.4,152.9,-62.4,1.7,-1.0,RS41-SG,403.500,10.1,-225,11,2.5,-1,-1
2025-02-14T00:29:53.999Z,V4210211,6923,46.25575,7.66105,27092.3,4.9,21.5,154.0,-62.4,1.7,-1.0,RS41-SG,403.500,10.1,-225,11,2.5,-1,-1
2025-02-14T00:29:56.999Z,V4210211,6926,46.25521,7.66146,27110.5,6.2,24.6,149.5,-62.6,1.7,-1.0,RS41-SG,403.500,8.5,-225,11,2.6,-1,-1
2025-02-14T00:29:57.999Z,V4210211,6927,46.25502,7.66163,27115.9,4.3,25.3,147.7,-62.6,1.7,-1.0,RS41-SG,403.500,9.5,-225,11,2.5,-1,-1
2025-02-14T00:29:58.999Z,V4210211,6928,46.25482,7.66180,27120.6,5.0,25.4,147.1,-62.6,1.7,-1.0,RS41-SG,403.500,9.5,-225,11,2.5,-1,-1
2025-02-14T00:29:59.999Z,V4210211,6929,46.25464,7.66198,27126.5,6.5,24.5,147.4,-62.7,1.8,-1.0,RS41-SG,403.500,8.7,-225,11,2.5,-1,-1
2025-02-14T00:30:00.999Z,V4210211,6930,46.25446,7.66214,27133.4,7.1,22.9,148.7,-62.7,1.7,-1.0,RS41-SG,403.500,8.7,-225,11,2.6,-1,-1
2025-02-14T00:30:01.999Z,V4210211,6931,46.25428,7.66229,27139.5,5.6,21.5,149.9,-62.7,1.7,-1.0,RS41-SG,403.500,10.1,-225,11,2.6,-1,-1
2025-02-14T00:30:02.999Z,V4210211,6932,46.25412,7.66242,27145.1,5.4,20.8,150.3,-62.8,1.7,-1.0,RS41-SG,403.500,10.3,-225,11,2.5,-1,-1
2025-02-14T00:30:03.999Z,V4210211,6933,46.25396,7.66256,27151.3,6.4,20.7,150.4,-62.8,1.8,-1.0,RS41-SG,403.500,10.3,-225,11,2.5,-1,-1
2025-02-14T00:30:04.999Z,V4210211,6934,46.25379,7.66269,27157.7,6.4,21.6,149.7,-62.8,1.7,-1.0,RS41-SG,403.500,9.6,-225,11,2.5,-1,-1
2025-02-14T00:30:05.999Z,V4210211,6935,46.25362,7.66284,27163.5,5.2,22.6,149.8,-62.8,1.7,-1.0,RS41-SG,403.500,9.2,-225,11,2.6,-1,-1
2025-02-14T00:30:07.999Z,V4210211,6937,46.25326,7.66313,27174.4,6.3,24.1,153.5,-62.9,1.7,-1.0,RS41-SG,403.500,9.5,-225,11,2.5,-1,-1
2025-02-14T00:30:08.999Z,V4210211,6938,46.25306,7.66326,27180.9,6.2,24.2,156.7,-62.9,1.7,-1.0,RS41-SG,403.500,9.5,-225,10,2.5,-1,-1
2025-02-14T00:30:11.999Z,V4210211,6941,46.25244,7.66360,27197.7,6.4,25.5,158.9,-63.0,1.7,-1.0,RS41-SG,403.500,10.1,-225,11,2.6,-1,-1
2025-02-14T00:30:13.999Z,V4210211,6943,46.25201,7.66387,27209.2,4.8,26.3,154.9,-63.1,1.7,-1.0,RS41-SG,403.500,9.8,-225,11,2.5,-1,-1
2025-02-14T00:30:14.999Z,V4210211,6944,46.25180,7.66401,27214.7,5.9,25.5,154.0,-63.1,1.7,-1.0,RS41-SG,403.500,8.4,-225,11,2.5,-1,-1
2025-02-14T00:30:17.999Z,V4210211,6947,46.25123,7.66440,27231.7,4.0,21.5,155.8,-63.1,1.7,-1.0,RS41-SG,403.500,8.4,-225,11,2.5,-1,-1
2025-02-14T00:30:18.999Z,V4210211,6948,46.25106,7.66451,27236.0,4.4,21.3,156.3,-63.1,1.7,-1.0,RS41-SG,403.500,8.7,-225,10,2.5,-1,-1
2025-02-14T00:30:21.999Z,V4210211,6951,46.25051,7.66487,27252.0,4.8,23.7,153.8,-63.1,1.8,-1.0,RS41-SG,403.500,8.6,-225,11,2.6,-1,-1
2025-02-14T00:30:26.999Z,V4210211,6956,46.24963,7.66554,27278.2,4.4,19.7,153.6,-63.3,1.7,-1.0,RS41-SG,403.500,8.0,-225,11,2.6,-1,-1
2025-02-14T00:30:27.999Z,V4210211,6957,46.24947,7.66565,27282.7,4.6,19.6,154.9,-63.3,1.8,-1.0,RS41-SG,403.500,8.4,-225,11,2.6,-1,-1
2025-02-14T00:30:35.999Z,V4210211,6965,46.24805,7.66657,27326.1,5.8,21.0,156.1,-63.4,1.7,-1.0,RS41-SG,403.500,9.4,-225,11,2.5,-1,-1
2025-02-14T00:30:36.999Z,V4210211,6966,46.24788,7.66668,27331.9,5.8,21.1,155.1,-63.4,1.7,-1.0,RS41-SG,403.500,9.4,-225,11,2.5,-1,-1
2025-02-14T00:30:40.999Z,V4210211,6970,46.24725,7.66715,27354.7,5.8,17.4,151.6,-63.5,1.7,-1.0,RS41-SG,403.500,8.8,-225,11,2.5,-1,-1
2025-02-14T00:30:41.999Z,V4210211,6971,46.24711,7.66726,27359.6,3.9,16.7,151.6,-63.5,1.8,-1.0,RS41-SG,403.500,9.5,-225,11,2.5,-1,-1
2025-02-14T00:30:42.999Z,V4210211,6972,46.24698,7.66736,27364.0,4.4,16.6,152.5,-63.5,1.7,-1.0,RS41-SG,403.500,9.6,-225,11,2.5,-1,-1
2025-02-14T00:30:51.999Z,V4210211,6981,46.24560,7.66826,27409.9,4.5,15.8,156.2,-63.6,1.8,-1.0,RS41-SG,403.500,8.2,-225,11,2.5,-1,-1
2025-02-14T00:30:55.999Z,V4210211,6985,46.24508,7.66868,27430.8,5.5,18.1,149.4,-63.6,1.7,-1.0,RS41-SG,403.500,8.2,-225,11,2.5,-1,-1
2025-02-14T00:30:56.999Z,V4210211,6986,46.24493,7.66879,27436.9,6.5,17.9,151.9,-63.7,1.8,-1.0,RS41-SG,403.500,8.2,-225,11,2.5,-1,-1
2025-02-14T00:30:57.999Z,V4210211,6987,46.24479,7.66890,27442.6,4.7,17.7,154.5,-63.7,1.8,-1.0,RS41-SG,403.500,9.8,-225,10,2.5,-1,-1
2025-02-14T00:30:58.999Z,V4210211,6988,46.24465,7.66899,27447.3,4.5,17.5,156.2,-63.7,1.8,-1.0,RS41-SG,403.500,9.8,-225,11,2.5,-1,-1
2025-02-14T00:30:59.999Z,V4210211,6989,46.24450,7.66908,27452.6,6.2,18.0,157.3,-63.7,1.8,-1.0,RS41-SG,403.500,9.4,-225,11,2.6,-1,-1
2025-02-14T00:31:00.999Z,V4210211,6990,46.24435,7.66918,27458.4,5.8,18.4,156.2,-63.7,1.8,-1.0,RS41-SG,403.500,8.8,-225,11,2.6,-1,-1
2025-02-14T00:31:10.999Z,V4210211,7000,46.24308,7.67021,27512.9,6.2,17.4,145.9,-64.0,1.8,-1.0,RS41-SG,403.500,9.7,-225,11,2.5,-1,-1
2025-02-14T00:31:11.999Z,V4210211,7001,46.24295,7.67034,27519.0,5.7,16.8,147.1,-64.0,1.8,-1.0,RS41-SG,403.500,9.7,-225,11,2.6,-1,-1
2025-02-14T00:31:15.999Z,V4210211,7005,46.24242,7.67077,27539.6,5.9,18.2,152.1,-64.1,1.8,-1.0,RS41-SG,403.500,8.9,-225,11,2.5,-1,-1
2025-02-14T00:31:18.999Z,V4210211,7008,46.24197,7.67110,27555.5,5.4,18.6,156.5,-64.1,1.8,-1.0,RS41-SG,403.500,9.6,-225,11,2.5,-1,-1
2025-02-14T00:31:19.999Z,V4210211,7009,46.24182,7.67118,27561.3,6.2,17.4,159.6,-64.2,1.8,-1.0,RS41-SG,403.500,9.6,-225,11,2.5,-1,-1
2025-02-14T00:31:20.999Z,V4210211,7010,46.24167,7.67126,27566.8,5.0,16.3,160.5,-64.2,1.9,-1.0,RS41-SG,403.500,9.5,-225,11,2.5,-1,-1
2025-02-14T00:31:23.999Z,V4210211,7013,46.24130,7.67150,27582.8,6.3,15.0,145.4,-64.3,1.8,-1.0,RS41-SG,403.500,7.9,-225,11,2.5,-1,-1
2025-02-14T00:31:24.999Z,V4210211,7014,46.24119,7.67162,27588.3,4.5,15.7,140.4,-64.3,1.8,-1.0,RS41-SG,403.500,10.3,-225,11,2.5,-1,-1
2025-02-14T00:31:25.999Z,V4210211,7015,46.24108,7.67176,27592.8,4.5,16.5,138.5,-64.3,1.8,-1.0,RS41-SG,403.500,10.3,-225,11,2.5,-1,-1
2025-02-14T00:31:26.999Z,V4210211,7016,46.24097,7.67190,27597.7,5.8,16.6,139.4,-64.4,1.9,-1.0,RS41-SG,403.500,8.3,-225,11,2.6,-1,-1
2025-02-14T00:31:27.999Z,V4210211,7017,46.24086,7.67203,27603.5,5.9,16.0,142.7,-64.4,1.9,-1.0,RS41-SG,403.500,8.9,-225,11,2.6,-1,-1
2025-02-14T00:31:29.999Z,V4210211,7019,46.24063,7.67225,27613.1,4.3,15.2,149.5,-64.4,1.8,-1.0,RS41-SG,403.500,9.0,-225,11,2.5,-1,-1
2025-02-14T00:31:40.999Z,V4210211,7030,46.23932,7.67331,27673.2,4.4,14.8,138.0,-64.7,1.9,-1.0,RS41-SG,403.500,9.5,-225,11,2.6,-1,-1
2025-02-14T00:31:41.999Z,V4210211,7031,46.23922,7.67344,27678.1,5.4,15.1,137.3,-64.8,1.9,-1.0,RS41-SG,403.500,8.8,-225,11,2.5,-1,-1
2025-02-14T00:31:55.999Z,V4210211,7045,46.23769,7.67478,27756.6,4.6,14.4,132.2,-65.2,1.9,-1.0,RS41-SG,403.500,9.7,-225,11,2.6,-1,-1
2025-02-14T00:31:56.999Z,V4210211,7046,46.23760,7.67492,27762.0,6.1,14.7,133.9,-65.2,2.0,-1.0,RS41-SG,403.500,9.7,-225,11,2.5,-1,-1
2025-02-14T00:31:57.999Z,V4210211,7047,46.23751,7.67505,27768.6,6.9,14.5,140.2,-65.2,2.0,-1.0,RS41-SG,403.500,9.5,-225,11,2.5,-1,-1
2025-02-14T00:31:58.999Z,V4210211,7048,46.23740,7.67516,27774.7,5.2,14.6,146.5,-65.2,1.9,-1.0,RS41-SG,403.500,10.1,-225,11,2.5,-1,-1
2025-02-14T00:32:06.999Z,V4210211,7056,46.23624,7.67593,27816.6,6.9,16.3,154.0,-65.3,1.9,-1.0,RS41-SG,403.500,8.6,-225,10,2.5,-1,-1
2025-02-14T00:32:10.999Z,V4210211,7060,46.23584,7.67626,27837.3,5.4,10.7,135.5,-65.4,1.9,-1.0,RS41-SG,403.500,9.4,-225,10,2.5,-1,-1
2025-02-14T00:32:11.999Z,V4210211,7061,46.23578,7.67637,27843.2,6.3,11.7,128.0,-65.5,1.9,-1.0,RS41-SG,403.500,10.5,-225,11,2.5,-1,-1
2025-02-14T00:32:13.999Z,V4210211,7063,46.23563,7.67663,27854.7,5.9,14.8,130.7,-65.5,2.0,-1.0,RS41-SG,403.500,9.4,-225,11,2.6,-1,-1
2025-02-14T00:32:15.999Z,V4210211,7065,46.23542,7.67691,27867.5,6.2,17.0,146.9,-65.6,2.0,-1.0,RS41-SG,403.500,10.5,-225,11,2.5,-1,-1
2025-02-14T00:32:21.999Z,V4210211,7071,46.23458,7.67753,27901.7,5.2,15.6,145.7,-65.6,2.0,-1.0,RS41-SG,403.500,9.3,-225,11,2.5,-1,-1
2025-02-14T00:32:26.999Z,V4210211,7076,46.23415,7.67804,27931.4,6.8,12.3,134.7,-65.7,2.0,-1.0,RS41-SG,403.500,9.8,-225,11,2.5,-1,-1
2025-02-14T00:32:28.999Z,V4210211,7078,46.23398,7.67829,27943.7,4.6,15.2,136.0,-65.8,2.0,-1.0,RS41-SG,403.500,9.0,-225,11,2.5,-1,-1
2025-02-14T00:32:29.999Z,V4210211,7079,46.23387,7.67843,27948.6,5.3,16.6,139.6,-65.8,2.0,-1.0,RS41-SG,403.500,9.0,-225,11,2.5,-1,-1
2025-02-14T00:32:30.999Z,V4210211,7080,46.23375,7.67856,27954.2,6.3,17.4,145.9,-65.8,2.0,-1.0,RS41-SG,403.500,10.0,-225,11,2.6,-1,-1
2025-02-14T00:32:37.999Z,V4210211,7087,46.23281,7.67931,27994.1,4.9,15.9,139.0,-66.1,2.1,-1.0,RS41-SG,403.500,9.8,-225,11,2.5,-1,-1
2025-02-14T00:32:39.999Z,V4210211,7089,46.23261,7.67957,28005.6,6.6,14.0,136.5,-66.1,2.1,-1.0,RS41-SG,403.500,9.0,-225,11,2.5,-1,-1
2025-02-14T00:32:41.999Z,V4210211,7091,46.23243,7.67981,28016.8,5.3,13.8,140.7,-66.0,1.9,-1.0,RS41-SG,403.500,8.4,-225,11,2.6,-1,-1
2025-02-14T00:32:43.999Z,V4210211,7093,46.23222,7.68005,28029.3,6.2,16.5,142.8,-66.0,2.0,-1.0,RS41-SG,403.500,10.0,-225,11,2.5,-1,-1
2025-02-14T00:32:52.999Z,V4210211,7102,46.23102,7.68106,28083.0,4.3,12.9,133.7,-66.0,1.9,-1.0,RS41-SG,403.500,8.7,-225,11,2.6,-1,-1
2025-02-14T00:32:53.999Z,V4210211,7103,46.23094,7.68118,28087.5,4.6,12.4,127.2,-66.0,2.0,-1.0,RS41-SG,403.500,8.8,-225,11,2.6,-1,-1
2025-02-14T00:32:54.999Z,V4210211,7104,46.23088,7.68131,28093.2,6.6,12.2,127.0,-66.0,2.0,-1.0,RS41-SG,403.500,8.8,-225,11,2.5,-1,-1
2025-02-14T00:33:10.999Z,V4210211,7120,46.22914,7.68360,28190.6,7.1,17.9,125.9,-65.9,2.0,-1.0,RS41-SG,403.500,8.2,-225,11,2.5,-1,-1
2025-02-14T00:38:43.000Z,V4210211,7452,46.18645,7.73415,30083.3,6.2,19.8,110.9,-65.5,1.9,-1.0,RS41-SG,403.500,7.9,-225,10,2.5,-1,-1
2025-02-14T00:41:27.000Z,V4210211,7616,46.17445,7.76868,31099.6,6.5,22.8,116.8,-64.7,1.9,-1.0,RS41-SG,403.500,8.1,-225,9,2.5,-1,-1
2025-02-14T00:41:36.000Z,V4210211,7625,46.17381,7.77109,31159.8,6.3,25.3,109.8,-65.1,1.9,-1.0,RS41-SG,403.500,8.7,-225,9,2.6,-1,-1
2025-02-14T00:45:28.000Z,V4210211,7857,46.14276,7.84785,32475.9,5.2,34.4,122.5,-62.3,1.6,-1.0,RS41-SG,403.500,8.6,-225,10,2.5,-1,-1
2025-02-14T00:45:30.000Z,V4210211,7859,46.14244,7.84860,32486.6,6.1,34.1,119.0,-62.3,1.6,-1.0,RS41-SG,403.500,9.4,-225,10,2.6,-1,-1
2025-02-14T00:45:31.000Z,V4210211,7860,46.14230,7.84899,32493.0,6.7,35.0,116.4,-62.3,1.6,-1.0,RS41-SG,403.500,9.4,-225,9,2.5,-1,-1
2025-02-14T00:45:36.000Z,V4210211,7865,46.14163,7.85113,32520.8,6.7,35.8,115.9,-62.1,1.5,-1.0,RS41-SG,403.500,9.7,-225,10,2.5,-1,-1
2025-02-14T00:47:09.000Z,V4210211,7958,46.12699,7.88599,33020.3,5.8,32.8,117.9,-62.3,1.6,-1.0,RS41-SG,403.500,9.3,-225,10,2.5,-1,-1
2025-02-14T00:47:15.000Z,V4210211,7964,46.12622,7.88833,33050.6,4.8,31.7,117.0,-62.1,1.6,-1.0,RS41-SG,403.500,8.2,-225,10,2.5,-1,-1
2025-02-14T00:47:24.000Z,V4210211,7973,46.12503,7.89173,33096.3,4.7,31.7,113.5,-61.9,1.6,-1.0,RS41-SG,403.500,8.4,-225,10,2.5,-1,-1
2025-02-14T00:47:27.000Z,V4210211,7976,46.12471,7.89283,33110.3,5.3,31.3,111.5,-62.0,1.6,-1.0,RS41-SG,403.500,8.7,-225,9,2.5,-1,-1
2025-02-14T00:47:29.000Z,V4210211,7978,46.12450,7.89361,33121.1,5.2,33.5,110.0,-62.0,1.6,-1.0,RS41-SG,403.500,8.8,-225,9,2.5,-1,-1
2025-02-14T00:47:30.000Z,V4210211,7979,46.12440,7.89402,33126.0,4.7,34.2,109.6,-62.1,1.6,-1.0,RS41-SG,403.500,8.8,-225,10,2.5,-1,-1
2025-02-14T00:47:31.000Z,V4210211,7980,46.12430,7.89444,33130.6,4.7,34.3,109.4,-62.1,1.6,-1.0,RS41-SG,403.500,8.5,-225,10,2.5,-1,-1
2025-02-14T00:47:34.000Z,V4210211,7983,46.12400,7.89562,33146.7,5.6,30.7,110.9,-62.2,1.6,-1.0,RS41-SG,403.500,8.1,-225,10,2.5,-1,-1
2025-02-14T00:47:36.000Z,V4210211,7985,46.12380,7.89634,33156.4,4.3,29.3,111.8,-62.2,1.6,-1.0,RS41-SG,403.500,8.3,-225,9,2.5,-1,-1
2025-02-14T00:47:37.000Z,V4210211,7986,46.12370,7.89670,33160.8,4.8,30.1,111.2,-62.2,1.6,-1.0,RS41-SG,403.500,9.8,-225,9,2.5,-1,-1
2025-02-14T00:47:38.000Z,V4210211,7987,46.12360,7.89707,33166.0,5.7,31.6,110.6,-62.3,1.6,-1.0,RS41-SG,403.500,10.0,-225,9,2.6,-1,-1
2025-02-14T00:47:39.000Z,V4210211,7988,46.12351,7.89746,33171.5,5.3,33.6,109.1,-62.3,1.6,-1.0,RS41-SG,403.500,10.0,-225,10,2.5,-1,-1
2025-02-14T00:47:40.000Z,V4210211,7989,46.12341,7.89788,33176.5,4.7,35.3,108.0,-62.3,1.6,-1.0,RS41-SG,403.500,9.1,-225,10,2.5,-1,-1
2025-02-14T00:47:43.000Z,V4210211,7992,46.12314,7.89920,33190.8,5.6,34.3,105.1,-62.3,1.6,-1.0,RS41-SG,403.500,8.0,-225,10,2.5,-1,-1
2025-02-14T00:49:36.000Z,V4210211,8105,46.11170,7.94261,33768.7,6.0,31.1,104.2,-62.7,1.7,-1.0,RS41-SG,403.500,9.4,-225,10,2.5,-1,-1
2025-02-14T00:49:37.000Z,V4210211,8106,46.11163,7.94300,33775.0,6.7,31.7,106.3,-62.7,1.7,-1.0,RS41-SG,403.500,9.4,-225,10,2.6,-1,-1
2025-02-14T00:50:59.000Z,V4210211,8188,46.10320,7.97823,34233.2,5.1,42.7,115.9,-62.3,1.6,-1.0,RS41-SG,403.500,8.1,-225,10,2.5,-1,-1
2025-02-14T00:51:03.000Z,V4210211,8192,46.10268,7.97996,34255.4,5.5,32.4,103.4,-62.2,1.6,-1.0,RS41-SG,403.500,7.9,-225,10,2.5,-1,-1
2025-02-14T00:51:08.000Z,V4210211,8197,46.10254,7.98229,34281.2,6.8,42.0,98.2,-62.2,1.6,-1.0,RS41-SG,403.500,9.2,-225,10,2.6,-1,-1
2025-02-14T00:51:17.000Z,V4210211,8206,46.10144,7.98679,34328.4,4.0,36.8,98.3,-62.3,1.6,-1.0,RS41-SG,403.500,8.8,-225,10,2.5,-1,-1
2025-02-14T00:51:18.000Z,V4210211,8207,46.10140,7.98726,34332.3,3.4,37.6,94.4,-62.3,1.6,-1.0,RS41-SG,403.500,10.0,-225,10,2.6,-1,-1
2025-02-14T00:51:30.000Z,V4210211,8219,46.10032,7.99342,34395.5,3.9,41.2,98.5,-62.6,1.7,-1.0,RS41-SG,403.500,9.6,-225,10,2.5,-1,-1
2025-02-14T00:51:32.000Z,V4210211,8221,46.10023,7.99447,34404.2,5.0,40.7,95.6,-62.6,1.7,-1.0,RS41-SG,403.500,9.2,-225,10,2.5,-1,-1
2025-02-14T00:51:33.000Z,V4210211,8222,46.10019,7.99499,34409.8,6.2,40.4,97.3,-62.6,1.7,-1.0,RS41-SG,403.500,9.2,-225,10,2.5,-1,-1
2025-02-14T00:51:37.000Z,V4210211,8226,46.09985,7.99702,34431.4,4.3,42.0,109.0,-62.6,1.7,-1.0,RS41-SG,403.500,8.9,-225,10,2.6,-1,-1
2025-02-14T00:51:38.000Z,V4210211,8227,46.09972,7.99754,34436.2,5.2,42.9,109.1,-62.6,1.7,-1.0,RS41-SG,403.500,8.9,-225,10,2.6,-1,-1
2025-02-14T00:51:54.000Z,V4210211,8243,46.09833,8.00610,34519.6,4.8,42.5,100.2,-62.5,1.7,-1.0,RS41-SG,403.500,9.8,-225,10,2.5,-1,-1
2025-02-14T00:52:24.000Z,V4210211,8273,46.09542,8.02208,34672.6,3.7,42.5,111.4,-61.9,1.6,-1.0,RS41-SG,403.500,7.5,-225,10,2.5,-1,-1
2025-02-14T00:52:26.000Z,V4210211,8275,46.09514,8.02312,34681.5,5.0,44.2,109.9,-61.8,1.6,-1.0,RS41-SG,403.500,8.8,-225,10,2.5,-1,-1
2025-02-14T00:52:29.000Z,V4210211,8278,46.09481,8.02474,34698.0,5.0,42.7,102.1,-61.6,1.5,-1.0,RS41-SG,403.500,8.1,-225,10,2.6,-1,-1
2025-02-14T00:52:30.000Z,V4210211,8279,46.09473,8.02527,34702.7,4.3,41.7,100.7,-61.6,1.5,-1.0,RS41-SG,403.500,8.4,-225,10,2.5,-1,-1
2025-02-14T00:52:31.000Z,V4210211,8280,46.09467,8.02579,34707.3,4.7,40.6,100.5,-61.6,1.5,-1.0,RS41-SG,403.500,8.8,-225,10,2.5,-1,-1
2025-02-14T00:52:34.000Z,V4210211,8283,46.09441,8.02727,34723.7,5.7,39.2,109.5,-61.6,1.6,-1.0,RS41-SG,403.500,8.7,-225,10,2.6,-1,-1
2025-02-14T00:52:36.000Z,V4210211,8285,46.09413,8.02822,34733.2,4.0,40.5,114.6,-61.6,1.5,-1.0,RS41-SG,403.500,8.8,-225,10,2.5,-1,-1
2025-02-14T00:52:39.000Z,V4210211,8288,46.09370,8.02969,34748.4,6.2,41.8,109.7,-61.7,1.5,-1.0,RS41-SG,403.500,8.6,-225,9,2.5,-1,-1
2025-02-14T00:52:48.000Z,V4210211,8297,46.09293,8.03421,34794.8,3.7,39.1,113.7,-62.0,1.7,-1.0,RS41-SG,403.500,8.2,-225,9,2.5,-1,-1
2025-02-14T00:53:13.000Z,V4210211,8322,46.09041,8.04579,34923.6,4.5,42.0,114.3,-62.5,1.7,-1.0,RS41-SG,403.500,7.9,-225,10,2.5,-1,-1
2025-02-14T00:53:50.000Z,V4210211,8359,46.08641,8.06192,35106.2,6.3,33.3,100.8,-61.8,1.5,-1.0,RS41-SG,403.500,8.9,-225,11,2.4,-1,-1
2025-02-14T00:54:04.000Z,V4210211,8373,46.08492,8.06821,35178.6,5.1,38.1,111.0,-61.6,1.6,-1.0,RS41-SG,403.500,8.2,-225,11,2.6,-1,-1
2025-02-14T00:54:05.000Z,V4210211,8374,46.08479,8.06867,35183.4,4.3,38.7,112.7,-61.5,1.5,-1.0,RS41-SG,403.500,8.8,-225,10,2.5,-1,-1
2025-02-14T00:54:09.000Z,V4210211,8378,46.08425,8.07047,35203.3,5.4,36.4,111.7,-61.2,1.5,-1.0,RS41-SG,403.500,8.4,-225,10,2.5,-1,-1
2025-02-14T00:54:18.000Z,V4210211,8387,46.08313,8.07433,35248.7,4.9,41.4,119.2,-61.2,1.5,-1.0,RS41-SG,403.500,8.1,-225,11,2.5,-1,-1
2025-02-14T00:54:29.000Z,V4210211,8398,46.08171,8.07908,35307.0,5.2,37.3,119.8,-61.5,1.6,-1.0,RS41-SG,403.500,8.5,-225,11,2.6,-1,-1
2025-02-14T00:54:53.000Z,V4210211,8422,46.07744,8.09042,35428.5,2.8,35.8,106.7,-61.6,1.6,-1.0,RS41-SG,403.500,8.9,-225,11,2.6,-1,-1
2025-02-14T00:54:54.000Z,V4210211,8423,46.07735,8.09084,35431.2,2.8,31.5,106.5,-61.6,1.6,-1.0,RS41-SG,403.500,9.7,-225,11,2.5,-1,-1
2025-02-14T00:54:55.000Z,V4210211,8424,46.07727,8.09120,35435.1,4.6,28.3,110.9,-61.6,1.6,-1.0,RS41-SG,403.500,9.7,-225,11,2.5,-1,-1
2025-02-14T00:54:57.000Z,V4210211,8426,46.07702,8.09185,35447.8,7.6,31.2,125.7,-61.7,1.6,-1.0,RS41-SG,403.500,8.3,-225,11,2.5,-1,-1
2025-02-14T00:54:58.000Z,V4210211,8427,46.07684,8.09220,35454.8,6.8,36.1,129.2,-61.7,1.6,-1.0,RS41-SG,403.500,8.4,-225,11,2.6,-1,-1
2025-02-14T00:55:37.000Z,V4210211,8466,46.07022,8.11119,35643.3,1.9,33.7,103.0,-60.7,1.5,-1.0,RS41-SG,403.500,7.5,-225,10,2.4,-1,-1
2025-02-14T00:56:14.000Z,V4210211,8503,46.06485,8.12894,35796.9,5.0,52.2,107.7,-60.6,1.6,-1.0,RS41-SG,403.500,9.8,-225,11,2.4,-1,-1
2025-02-14T00:56:16.000Z,V4210211,8505,46.06462,8.13014,35809.4,6.4,43.3,103.2,-60.6,1.6,-1.0,RS41-SG,403.500,8.9,-225,11,2.5,-1,-1
2025-02-14T00:56:29.000Z,V4210211,8518,46.06285,8.13610,35855.7,6.9,48.7,105.2,-60.6,1.5,-1.0,RS41-SG,403.500,8.4,-225,11,2.5,-1,-1
2025-02-14T00:57:10.999Z,V4210211,8560,46.05679,8.15596,35996.0,4.4,53.1,103.9,-59.9,1.4,-1.0,RS41-SG,403.500,8.9,-225,11,2.5,-1,-1
2025-02-14T00:57:25.999Z,V4210211,8575,46.05416,8.16392,35586.6,-39.2,47.7,114.2,-59.3,1.4,-1.0,RS41-SG,403.500,8.9,-225,10,2.4,-1,-1
2025-02-14T00:57:27.999Z,V4210211,8577,46.05383,8.16504,35512.6,-35.2,44.7,113.2,-59.5,1.4,-1.0,RS41-SG,403.500,9.1,-225,10,2.4,-1,-1
2025-02-14T00:57:28.999Z,V4210211,8578,46.05367,8.16556,35477.9,-36.9,41.9,114.2,-59.7,1.5,-1.0,RS41-SG,403.500,9.1,-225,10,2.5,-1,-1
2025-02-14T00:57:29.999Z,V4210211,8579,46.05351,8.16602,35444.2,-32.3,38.6,118.3,-60.0,1.5,-1.0,RS41-SG,403.500,10.3,-225,9,2.5,-1,-1
2025-02-14T00:57:30.999Z,V4210211,8580,46.05332,8.16646,35412.2,-31.8,39.0,124.3,-60.1,1.5,-1.0,RS41-SG,403.500,10.3,150,10,2.5,-1,-1
2025-02-14T00:57:35.999Z,V4210211,8585,46.05186,8.16835,35250.4,-34.4,50.3,143.6,-60.4,1.6,-1.0,RS41-SG,403.500,8.6,-225,10,2.5,-1,-1
2025-02-14T01:03:34.999Z,V4210211,8944,46.01102,8.25636,26981.3,-16.2,30.6,126.1,-61.1,1.5,-1.0,RS41-SG,403.500,9.9,-225,11,2.4,-1,-1
2025-02-14T01:03:37.999Z,V4210211,8947,46.01034,8.25724,26933.2,-16.9,37.6,148.1,-60.8,1.4,-1.0,RS41-SG,403.500,10.5,-225,11,2.5,-1,-1
2025-02-14T01:03:56.999Z,V4210211,8966,46.00730,8.25986,26642.8,-15.0,34.2,137.1,-60.8,1.5,-1.0,RS41-SG,403.500,9.6,-225,11,2.4,-1,-1
2025-02-14T01:03:57.999Z,V4210211,8967,46.00706,8.26013,26628.4,-15.4,34.3,145.3,-60.8,1.5,-1.0,RS41-SG,403.500,9.9,-225,11,2.4,-1,-1
2025-02-14T01:03:59.999Z,V4210211,8969,46.00653,8.26052,26599.1,-15.1,31.5,159.7,-60.9,1.5,-1.0,RS41-SG,403.500,9.3,150,11,2.5,-1,-1
2025-02-14T01:04:09.999Z,V4210211,8979,46.00538,8.26070,26445.6,-15.4,11.9,78.3,-60.7,1.5,-1.0,RS41-SG,403.500,9.7,-225,11,2.4,-1,-1
2025-02-14T01:04:10.999Z,V4210211,8980,46.00539,8.26088,26430.4,-15.4,16.1,89.0,-60.7,1.5,-1.0,RS41-SG,403.500,9.7,-225,11,2.5,-1,-1
2025-02-14T01:04:11.999Z,V4210211,8981,46.00538,8.26111,26415.3,-15.6,20.6,97.1,-60.7,1.5,-1.0,RS41-SG,403.500,9.8,-225,11,2.5,-1,-1
2025-02-14T01:04:14.999Z,V4210211,8984,46.00513,8.26197,26370.5,-15.7,27.7,126.3,-60.7,1.5,-1.0,RS41-SG,403.500,10.4,-225,11,2.4,-1,-1
2025-02-14T01:04:31.999Z,V4210211,9001,46.00349,8.26312,26108.7,-15.9,21.4,100.4,-60.5,1.5,-1.0,RS41-SG,403.500,8.9,-225,11,2.4,-1,-1
