timestamp,serial,frame,lat,lon,alt,vel_v,vel_h,heading,temp,humidity,pressure,type,freq_mhz,snr,f_error_hz,sats,batt_v,burst_timer,aux_data
2025-01-19T12:21:21.992Z,W2030009,6413,45.79152,8.24868,25355.8,4.1,10.5,112.0,-273.0,-1.0,-1.0,RS41,404.900,9.6,-225,9,2.6,-1,-1
2025-01-19T12:21:22.992Z,W2030009,6414,45.79148,8.24880,25360.5,5.5,10.5,108.7,-273.0,-1.0,-1.0,RS41,404.900,9.6,-225,9,2.7,-1,-1
2025-01-19T12:21:23.992Z,W2030009,6415,45.79146,8.24894,25366.7,6.8,11.0,102.3,-273.0,-1.0,-1.0,RS41,404.900,9.4,-225,9,2.7,-1,-1
2025-01-19T12:21:24.992Z,W2030009,6416,45.79144,8.24908,25372.5,4.7,11.3,97.6,-273.0,-1.0,-1.0,RS41,404.900,9.2,-225,9,2.6,-1,-1
2025-01-19T12:21:40.992Z,W2030009,6432,45.79123,8.25108,25464.2,5.6,9.3,108.4,-273.0,-1.0,-1.0,RS41,404.900,9.0,-225,9,2.7,-1,-1
2025-01-19T12:21:43.992Z,W2030009,6435,45.79116,8.25141,25480.5,6.6,9.2,103.7,-273.0,-1.0,-1.0,RS41,404.900,6.9,-225,9,2.6,-1,-1
2025-01-19T12:21:50.992Z,W2030009,6442,45.79096,8.25225,25520.4,6.7,10.1,110.9,-273.0,-1.0,-1.0,RS41,404.900,9.4,-225,9,2.7,-1,-1
2025-01-19T12:22:10.992Z,W2030009,6462,45.79044,8.25464,25635.4,5.7,9.8,100.2,-273.0,-1.0,-1.0,RS41,404.900,9.8,-225,9,2.6,-1,-1
2025-01-19T12:22:22.992Z,W2030009,6474,45.79021,8.25611,25703.4,5.1,10.8,104.3,-273.0,-1.0,-1.0,RS41,404.900,9.1,-225,9,2.7,-1,-1
2025-01-19T12:22:23.992Z,W2030009,6475,45.79019,8.25624,25708.1,4.5,11.0,106.5,-273.0,-1.0,-1.0,RS41,404.900,9.1,-225,9,2.7,-1,-1
2025-01-19T12:22:26.992Z,W2030009,6478,45.79012,8.25666,25725.0,4.9,10.9,101.3,-273.0,-1.0,-1.0,RS41,404.900,8.1,-225,9,2.6,-1,-1
2025-01-19T12:23:35.992Z,W2030009,6547,45.78809,8.26379,26132.0,6.1,10.9,91.6,-273.0,-1.0,-1.0,RS41,404.900,8.4,-225,9,2.7,-1,-1
2025-01-19T12:23:37.992Z,W2030009,6549,45.78810,8.26408,26142.1,5.6,11.3,84.9,-273.0,-1.0,-1.0,RS41,404.900,7.7,-225,9,2.6,-1,-1
2025-01-19T12:23:47.992Z,W2030009,6559,45.78783,8.26557,26202.0,5.4,15.3,109.4,-273.0,-1.0,-1.0,RS41,404.900,8.5,-225,9,2.6,-1,-1
2025-01-19T12:24:06.992Z,W2030009,6578,45.78733,8.26884,26317.5,5.1,8.7,92.4,-273.0,-1.0,-1.0,RS41,404.900,9.7,-225,9,2.6,-1,-1
2025-01-19T12:24:16.992Z,W2030009,6588,45.78711,8.27061,26379.5,6.0,16.4,112.2,-273.0,-1.0,-1.0,RS41,404.900,10.2,-225,9,2.6,-1,-1
2025-01-19T12:24:22.992Z,W2030009,6594,45.78690,8.27152,26413.5,5.8,10.3,93.3,-273.0,-1.0,-1.0,RS41,404.900,9.7,-225,9,2.6,-1,-1
2025-01-19T12:24:24.992Z,W2030009,6596,45.78687,8.27179,26426.8,5.8,11.2,103.8,-273.0,-1.0,-1.0,RS41,404.900,9.1,-225,9,2.7,-1,-1
2025-01-19T12:24:30.992Z,W2030009,6602,45.78666,8.27273,26463.3,7.3,13.0,111.0,-273.0,-1.0,-1.0,RS41,404.900,9.8,-225,9,2.7,-1,-1
2025-01-19T12:24:32.992Z,W2030009,6604,45.78657,8.27303,26475.1,5.9,12.3,114.3,-273.0,-1.0,-1.0,RS41,404.900,10.9,-225,9,2.7,-1,-1
2025-01-19T12:24:34.992Z,W2030009,6606,45.78650,8.27331,26488.9,6.1,11.7,104.4,-273.0,-1.0,-1.0,RS41,404.900,10.9,-225,9,2.6,-1,-1
2025-01-19T12:24:43.992Z,W2030009,6615,45.78617,8.27479,26546.5,6.8,15.2,115.3,-273.0,-1.0,-1.0,RS41,404.900,11.1,-225,9,2.6,-1,-1
2025-01-19T12:24:44.992Z,W2030009,6616,45.78611,8.27497,26553.0,6.1,15.6,119.1,-273.0,-1.0,-1.0,RS41,404.900,11.1,-225,9,2.6,-1,-1
2025-01-19T12:24:47.992Z,W2030009,6619,45.78593,8.27549,26573.5,6.9,14.5,110.4,-273.0,-1.0,-1.0,RS41,404.900,9.7,-225,9,2.7,-1,-1
2025-01-19T12:24:50.992Z,W2030009,6622,45.78583,8.27602,26590.5,7.1,14.3,101.3,-273.0,-1.0,-1.0,RS41,404.900,9.5,-225,9,2.6,-1,-1
2025-01-19T12:24:52.992Z,W2030009,6624,45.78577,8.27638,26603.3,5.4,14.6,104.6,-273.0,-1.0,-1.0,RS41,404.900,9.9,-225,9,2.7,-1,-1
2025-01-19T12:24:53.992Z,W2030009,6625,45.78574,8.27656,26609.4,6.8,14.7,103.2,-273.0,-1.0,-1.0,RS41,404.900,11.3,-225,9,2.7,-1,-1
2025-01-19T12:24:55.992Z,W2030009,6627,45.78569,8.27693,26622.4,5.7,14.7,98.9,-273.0,-1.0,-1.0,RS41,404.900,11.0,-225,9,2.6,-1,-1
2025-01-19T12:24:56.992Z,W2030009,6628,45.78567,8.27712,26628.8,7.2,14.7,100.6,-273.0,-1.0,-1.0,RS41,404.900,8.0,-225,9,2.6,-1,-1
2025-01-19T12:24:57.992Z,W2030009,6629,45.78564,8.27730,26636.0,7.2,15.0,104.7,-273.0,-1.0,-1.0,RS41,404.900,10.4,-225,9,2.6,-1,-1
2025-01-19T12:24:58.992Z,W2030009,6630,45.78560,8.27749,26642.2,5.0,15.1,107.5,-273.0,-1.0,-1.0,RS41,404.900,10.4,-225,9,2.7,-1,-1
2025-01-19T12:25:00.992Z,W2030009,6632,45.78552,8.27785,26654.9,7.7,14.5,105.3,-273.0,-1.0,-1.0,RS41,404.900,8.8,-225,9,2.6,-1,-1
2025-01-19T12:25:05.992Z,W2030009,6637,45.78542,8.27877,26686.5,5.2,16.0,98.9,-273.0,-1.0,-1.0,RS41,404.900,9.1,-225,9,2.7,-1,-1
2025-01-19T12:25:06.992Z,W2030009,6638,45.78540,8.27898,26692.4,6.7,16.9,97.2,-273.0,-1.0,-1.0,RS41,404.900,10.7,-225,9,2.6,-1,-1
2025-01-19T12:25:08.992Z,W2030009,6640,45.78538,8.27942,26705.9,5.5,17.3,91.4,-273.0,-1.0,-1.0,RS41,404.900,8.8,-225,9,2.6,-1,-1
2025-01-19T12:25:09.992Z,W2030009,6641,45.78537,8.27964,26711.8,6.2,17.1,91.5,-273.0,-1.0,-1.0,RS41,404.900,10.1,-225,9,2.7,-1,-1
2025-01-19T12:25:11.992Z,W2030009,6643,45.78534,8.28007,26724.6,5.4,16.7,99.2,-273.0,-1.0,-1.0,RS41,404.900,9.0,-225,9,2.6,-1,-1
2025-01-19T12:25:12.992Z,W2030009,6644,45.78532,8.28028,26729.7,4.9,16.6,102.9,-273.0,-1.0,-1.0,RS41,404.900,9.9,-225,9,2.6,-1,-1
2025-01-19T12:25:13.992Z,W2030009,6645,45.78528,8.28048,26735.5,6.8,16.4,103.3,-273.0,-1.0,-1.0,RS41,404.900,9.9,-225,9,2.6,-1,-1
2025-01-19T12:25:15.992Z,W2030009,6647,45.78523,8.28088,26749.5,6.6,15.0,95.0,-273.0,-1.0,-1.0,RS41,404.900,10.4,-225,9,2.7,-1,-1
2025-01-19T12:25:18.992Z,W2030009,6650,45.78526,8.28138,26766.8,6.5,11.0,71.8,-273.0,-1.0,-1.0,RS41,404.900,10.3,-225,9,2.6,-1,-1
2025-01-19T12:25:19.992Z,W2030009,6651,45.78530,8.28151,26772.7,5.2,10.1,67.4,-273.0,-1.0,-1.0,RS41,404.900,10.3,-225,9,2.6,-1,-1
2025-01-19T12:25:21.992Z,W2030009,6653,45.78535,8.28176,26785.6,8.1,11.0,82.2,-273.0,-1.0,-1.0,RS41,404.900,10.2,-225,9,2.7,-1,-1
2025-01-19T12:25:23.992Z,W2030009,6655,45.78535,8.28209,26798.4,3.8,14.7,94.9,-273.0,-1.0,-1.0,RS41,404.900,10.6,-225,9,2.6,-1,-1
2025-01-19T12:25:24.992Z,W2030009,6656,45.78533,8.28229,26802.9,4.9,16.6,98.0,-273.0,-1.0,-1.0,RS41,404.900,10.6,-225,9,2.6,-1,-1
2025-01-19T12:25:30.992Z,W2030009,6662,45.78534,8.28352,26838.8,5.3,15.3,76.3,-273.0,-1.0,-1.0,RS41,404.900,9.2,-225,9,2.6,-1,-1
2025-01-19T12:25:31.992Z,W2030009,6663,45.78538,8.28370,26843.7,4.7,14.4,74.1,-273.0,-1.0,-1.0,RS41,404.900,10.1,-225,9,2.7,-1,-1
2025-01-19T12:25:33.992Z,W2030009,6665,45.78544,8.28401,26856.0,6.8,10.6,77.5,-273.0,-1.0,-1.0,RS41,404.900,10.9,-225,9,2.6,-1,-1
2025-01-19T12:25:34.992Z,W2030009,6666,45.78545,8.28414,26862.3,5.6,9.7,83.4,-273.0,-1.0,-1.0,RS41,404.900,10.9,-225,9,2.6,-1,-1
2025-01-19T12:25:35.992Z,W2030009,6667,45.78546,8.28426,26868.6,7.0,10.2,91.3,-273.0,-1.0,-1.0,RS41,404.900,10.9,-225,9,2.6,-1,-1
2025-01-19T12:25:37.992Z,W2030009,6669,45.78544,8.28457,26882.7,5.5,14.2,97.0,-273.0,-1.0,-1.0,RS41,404.900,10.2,-225,9,2.7,-1,-1
2025-01-19T12:25:38.992Z,W2030009,6670,45.78542,8.28477,26887.7,4.7,16.0,96.5,-273.0,-1.0,-1.0,RS41,404.900,10.2,-225,9,2.7,-1,-1
2025-01-19T12:25:39.992Z,W2030009,6671,45.78541,8.28498,26893.1,6.3,17.0,93.8,-273.0,-1.0,-1.0,RS41,404.900,10.2,-225,9,2.6,-1,-1
2025-01-19T12:25:40.992Z,W2030009,6672,45.78540,8.28519,26900.0,7.3,16.8,89.3,-273.0,-1.0,-1.0,RS41,404.900,10.2,-225,9,2.6,-1,-1
2025-01-19T12:25:41.992Z,W2030009,6673,45.78541,8.28540,26906.3,5.4,16.3,85.1,-273.0,-1.0,-1.0,RS41,404.900,9.6,-225,9,2.6,-1,-1
2025-01-19T12:25:42.992Z,W2030009,6674,45.78543,8.28561,26911.9,5.6,16.1,80.1,-273.0,-1.0,-1.0,RS41,404.900,10.0,-225,9,2.7,-1,-1
2025-01-19T12:25:43.992Z,W2030009,6675,45.78546,8.28581,26917.6,5.8,16.2,76.2,-273.0,-1.0,-1.0,RS41,404.900,11.3,-225,9,2.7,-1,-1
2025-01-19T12:25:44.992Z,W2030009,6676,45.78550,8.28602,26923.8,6.4,16.6,74.2,-273.0,-1.0,-1.0,RS41,404.900,11.3,-225,9,2.6,-1,-1
2025-01-19T12:25:45.992Z,W2030009,6677,45.78554,8.28622,26929.8,5.5,16.5,73.9,-273.0,-1.0,-1.0,RS41,404.900,9.5,-225,9,2.6,-1,-1
2025-01-19T12:25:48.992Z,W2030009,6680,45.78565,8.28676,26947.6,6.5,12.1,74.8,-273.0,-1.0,-1.0,RS41,404.900,9.6,-225,9,2.7,-1,-1
2025-01-19T12:25:49.992Z,W2030009,6681,45.78567,8.28690,26953.5,5.2,11.1,77.3,-273.0,-1.0,-1.0,RS41,404.900,11.1,-225,9,2.7,-1,-1
2025-01-19T12:25:50.992Z,W2030009,6682,45.78569,8.28704,26959.4,6.7,10.8,83.1,-273.0,-1.0,-1.0,RS41,404.900,11.1,-225,9,2.6,-1,-1
2025-01-19T12:25:51.992Z,W2030009,6683,45.78570,8.28719,26966.3,7.3,12.1,88.3,-273.0,-1.0,-1.0,RS41,404.900,10.0,-225,9,2.6,-1,-1
2025-01-19T12:25:53.992Z,W2030009,6685,45.78570,8.28753,26977.1,5.3,14.8,91.1,-273.0,-1.0,-1.0,RS41,404.900,9.4,-225,9,2.7,-1,-1
2025-01-19T12:25:54.992Z,W2030009,6686,45.78569,8.28773,26983.3,6.9,15.4,89.2,-63.6,-1.0,-1.0,RS41,404.900,10.2,-225,9,2.7,-1,-1
2025-01-19T12:25:55.992Z,W2030009,6687,45.78570,8.28792,26989.8,6.2,15.4,86.2,-63.7,-1.0,-1.0,RS41,404.900,10.2,-225,9,2.6,-1,-1
2025-01-19T12:25:56.992Z,W2030009,6688,45.78571,8.28812,26995.3,4.8,15.4,82.7,-63.9,-1.0,-1.0,RS41,404.900,10.4,-225,9,2.6,-1,-1
2025-01-19T12:25:57.992Z,W2030009,6689,45.78574,8.28832,27000.6,5.9,16.3,79.3,-63.9,-1.0,-1.0,RS41,404.900,10.4,-225,9,2.6,-1,-1
2025-01-19T12:25:58.992Z,W2030009,6690,45.78577,8.28853,27007.0,7.0,17.2,78.0,-63.9,-1.0,-1.0,RS41,404.900,10.5,-225,9,2.7,-1,-1
2025-01-19T12:25:59.992Z,W2030009,6691,45.78580,8.28875,27013.2,5.3,17.6,78.0,-63.9,-1.0,-1.0,RS41,404.900,11.3,-225,9,2.7,-1,-1
2025-01-19T12:26:00.992Z,W2030009,6692,45.78583,8.28897,27018.6,5.5,17.3,78.2,-63.9,-1.0,-1.0,RS41,404.900,11.3,-225,9,2.7,-1,-1
2025-01-19T12:26:01.992Z,W2030009,6693,45.78586,8.28917,27024.6,6.5,16.1,78.4,-64.0,-1.0,-1.0,RS41,404.900,10.4,-225,9,2.6,-1,-1
2025-01-19T12:26:03.992Z,W2030009,6695,45.78591,8.28954,27037.7,5.5,13.7,79.6,-64.0,-1.0,-1.0,RS41,404.900,10.5,-225,9,2.6,-1,-1
2025-01-19T12:26:04.992Z,W2030009,6696,45.78593,8.28972,27043.2,5.4,13.5,82.7,-64.0,-1.0,-1.0,RS41,404.900,9.7,-225,9,2.7,-1,-1
2025-01-19T12:26:05.992Z,W2030009,6697,45.78594,8.28990,27049.2,6.6,14.7,85.9,-63.9,-1.0,-1.0,RS41,404.900,9.4,-225,9,2.7,-1,-1
2025-01-19T12:26:07.992Z,W2030009,6699,45.78596,8.29031,27061.2,4.4,17.8,87.3,-63.9,1.6,-1.0,RS41,404.900,9.4,-225,9,2.6,-1,-1
2025-01-19T12:26:08.992Z,W2030009,6700,45.78597,8.29055,27066.0,5.1,18.8,84.7,-63.8,1.6,-1.0,RS41,404.900,9.7,-225,9,2.6,-1,-1
2025-01-19T12:26:09.992Z,W2030009,6701,45.78599,8.29079,27072.1,6.9,18.9,80.2,-63.8,1.6,-1.0,RS41,404.900,9.9,-225,9,2.7,-1,-1
2025-01-19T12:26:13.992Z,W2030009,6705,45.78616,8.29169,27097.8,7.6,18.3,75.4,-63.9,1.6,-1.0,RS41,404.900,9.4,-225,9,2.6,-1,-1
2025-01-19T12:26:14.992Z,W2030009,6706,45.78620,8.29192,27104.3,5.5,18.4,77.9,-63.8,1.6,-1.0,RS41,404.900,10.1,-225,9,2.6,-1,-1
2025-01-19T12:26:15.992Z,W2030009,6707,45.78623,8.29215,27109.6,5.3,18.3,80.9,-63.8,1.6,-1.0,RS41,404.900,11.2,-225,9,2.6,-1,-1
2025-01-19T12:26:16.992Z,W2030009,6708,45.78625,8.29238,27115.8,7.1,17.4,83.9,-63.9,1.6,-1.0,RS41,404.900,11.2,-225,9,2.7,-1,-1
2025-01-19T12:26:17.992Z,W2030009,6709,45.78626,8.29259,27122.3,5.9,16.6,85.9,-64.0,1.6,-1.0,RS41,404.900,11.0,-225,9,2.7,-1,-1
2025-01-19T12:26:33.992Z,W2030009,6725,45.78638,8.29634,27215.8,5.3,16.8,89.7,-63.5,1.5,-1.0,RS41,404.900,10.3,-225,8,2.7,-1,-1
2025-01-19T12:26:34.992Z,W2030009,6726,45.78638,8.29655,27221.6,6.2,17.3,94.2,-63.5,1.6,-1.0,RS41,404.900,10.3,-225,8,2.7,-1,-1
2025-01-19T12:26:35.992Z,W2030009,6727,45.78636,8.29678,27228.0,6.5,18.4,99.1,-63.5,1.5,-1.0,RS41,404.900,10.7,-225,8,2.6,-1,-1
2025-01-19T12:26:36.992Z,W2030009,6728,45.78633,8.29702,27233.7,5.0,19.3,102.3,-63.5,1.5,-1.0,RS41,404.900,10.7,-225,8,2.6,-1,-1
2025-01-19T12:26:43.992Z,W2030009,6735,45.78617,8.29868,27275.4,6.8,19.8,91.9,-63.5,1.6,-1.0,RS41,404.900,8.3,-225,8,2.6,-1,-1
2025-01-19T12:26:44.992Z,W2030009,6736,45.78617,8.29894,27281.2,4.8,20.6,92.5,-63.4,1.5,-1.0,RS41,404.900,9.6,-225,8,2.7,-1,-1
2025-01-19T12:26:46.992Z,W2030009,6738,45.78615,8.29947,27291.6,6.4,20.5,92.3,-63.3,1.6,-1.0,RS41,404.900,9.0,-225,8,2.6,-1,-1
2025-01-19T12:26:49.992Z,W2030009,6741,45.78612,8.30020,27309.1,5.7,18.3,96.4,-63.5,1.6,-1.0,RS41,404.900,9.3,-225,8,2.7,-1,-1
2025-01-19T12:26:50.992Z,W2030009,6742,45.78610,8.30044,27315.2,6.5,18.7,101.2,-63.6,1.5,-1.0,RS41,404.900,9.8,-225,8,2.7,-1,-1
2025-01-19T12:26:52.992Z,W2030009,6744,45.78600,8.30092,27327.6,4.8,20.3,108.4,-63.6,1.5,-1.0,RS41,404.900,11.0,-225,8,2.6,-1,-1
2025-01-19T12:26:55.992Z,W2030009,6747,45.78583,8.30164,27344.6,5.4,18.5,109.1,-63.8,1.6,-1.0,RS41,404.900,10.1,-225,8,2.7,-1,-1
2025-01-19T12:27:00.992Z,W2030009,6752,45.78561,8.30280,27373.6,5.9,20.4,100.3,-63.6,1.6,-1.0,RS41,404.900,10.3,-225,8,2.7,-1,-1
2025-01-19T12:27:14.992Z,W2030009,6766,45.78535,8.30626,27454.5,5.3,18.2,98.2,-63.1,1.5,-1.0,RS41-SG,404.900,9.2,-225,8,2.7,-1,-1
2025-01-19T12:27:19.992Z,W2030009,6771,45.78525,8.30744,27484.9,7.2,20.3,91.4,-63.2,1.5,-1.0,RS41-SG,404.900,9.0,-225,8,2.7,-1,-1
2025-01-19T12:27:28.992Z,W2030009,6780,45.78536,8.30964,27539.6,5.3,19.1,91.7,-63.3,1.6,-1.0,RS41-SG,404.900,8.7,-225,8,2.6,-1,-1
2025-01-19T12:27:30.992Z,W2030009,6782,45.78534,8.31013,27551.8,6.7,18.9,95.4,-63.3,1.6,-1.0,RS41-SG,404.900,10.0,-225,8,2.7,-1,-1
2025-01-19T12:27:33.992Z,W2030009,6785,45.78531,8.31085,27569.2,6.5,19.4,87.8,-63.5,1.5,-1.0,RS41-SG,404.900,8.7,-225,8,2.6,-1,-1
2025-01-19T12:27:34.992Z,W2030009,6786,45.78533,8.31111,27575.8,6.6,20.9,82.8,-63.6,1.5,-1.0,RS41-SG,404.900,8.7,-225,8,2.6,-1,-1
2025-01-19T12:27:35.992Z,W2030009,6787,45.78536,8.31138,27581.6,5.0,22.1,78.7,-63.7,1.6,-1.0,RS41-SG,404.900,9.1,-225,8,2.6,-1,-1
2025-01-19T12:27:36.992Z,W2030009,6788,45.78541,8.31165,27586.6,5.0,22.5,74.3,-63.7,1.5,-1.0,RS41-SG,404.900,9.1,-225,8,2.7,-1,-1
2025-01-19T12:27:38.992Z,W2030009,6790,45.78554,8.31217,27598.5,6.8,20.3,66.8,-63.8,1.6,-1.0,RS41-SG,404.900,10.2,-225,8,2.7,-1,-1
2025-01-19T12:27:39.992Z,W2030009,6791,45.78561,8.31240,27604.4,4.9,18.8,66.1,-63.8,1.6,-1.0,RS41-SG,404.900,10.2,-225,8,2.6,-1,-1
2025-01-19T12:27:44.992Z,W2030009,6796,45.78579,8.31353,27633.0,5.4,19.7,87.0,-63.6,1.6,-1.0,RS41-SG,404.900,8.6,-225,8,2.6,-1,-1
2025-01-19T12:27:50.992Z,W2030009,6802,45.78595,8.31505,27669.7,4.4,22.6,71.0,-64.0,1.6,-1.0,RS41-SG,404.900,9.1,-225,8,2.6,-1,-1
2025-01-19T12:27:51.992Z,W2030009,6803,45.78602,8.31533,27674.4,5.2,23.1,66.1,-63.9,1.6,-1.0,RS41-SG,404.900,9.4,-225,8,2.6,-1,-1
2025-01-19T12:27:55.992Z,W2030009,6807,45.78638,8.31628,27698.1,7.3,18.5,67.2,-64.0,1.6,-1.0,RS41-SG,404.900,9.1,-225,8,2.6,-1,-1
2025-01-19T12:27:57.992Z,W2030009,6809,45.78646,8.31674,27711.4,4.6,18.6,84.9,-63.8,1.6,-1.0,RS41-SG,404.900,8.8,-225,8,2.6,-1,-1
2025-01-19T12:27:58.992Z,W2030009,6810,45.78646,8.31698,27715.7,4.0,19.3,91.9,-63.8,1.6,-1.0,RS41-SG,404.900,8.5,-225,8,2.7,-1,-1
2025-01-19T12:28:02.992Z,W2030009,6814,45.78642,8.31795,27738.9,6.7,18.8,87.8,-63.8,1.6,-1.0,RS41-SG,404.900,8.6,-225,8,2.6,-1,-1
2025-01-19T12:28:03.992Z,W2030009,6815,45.78643,8.31820,27746.0,7.4,19.6,83.3,-63.9,1.6,-1.0,RS41-SG,404.900,10.0,-225,8,2.6,-1,-1
2025-01-19T12:28:12.992Z,W2030009,6824,45.78673,8.32044,27801.0,4.7,20.6,92.4,-64.0,1.6,-1.0,RS41-SG,404.900,8.3,-225,8,2.6,-1,-1
2025-01-19T12:28:13.992Z,W2030009,6825,45.78672,8.32070,27806.1,5.5,20.2,94.5,-64.0,1.7,-1.0,RS41-SG,404.900,8.3,-225,8,2.6,-1,-1
2025-01-19T12:28:17.992Z,W2030009,6829,45.78671,8.32166,27830.1,5.7,18.5,81.4,-64.1,1.6,-1.0,RS41-SG,404.900,10.1,-225,8,2.7,-1,-1
2025-01-19T12:28:22.992Z,W2030009,6834,45.78695,8.32299,27858.9,6.5,21.0,78.3,-63.7,1.5,-1.0,RS41-SG,404.900,9.3,-225,8,2.7,-1,-1
2025-01-19T12:28:23.992Z,W2030009,6835,45.78698,8.32324,27865.7,7.3,18.4,82.5,-63.5,1.5,-1.0,RS41-SG,404.900,10.1,-225,8,2.7,-1,-1
2025-01-19T12:28:24.992Z,W2030009,6836,45.78699,8.32346,27872.1,5.3,16.5,86.9,-63.3,1.5,-1.0,RS41-SG,404.900,10.1,-225,8,2.6,-1,-1
2025-01-19T12:28:25.992Z,W2030009,6837,45.78699,8.32366,27877.1,4.9,15.2,92.6,-63.2,1.5,-1.0,RS41-SG,404.900,10.0,-225,8,2.6,-1,-1
2025-01-19T12:28:26.992Z,W2030009,6838,45.78698,8.32385,27882.6,6.0,15.1,97.0,-63.1,1.5,-1.0,RS41-SG,404.900,10.0,-225,8,2.6,-1,-1
2025-01-19T12:28:27.992Z,W2030009,6839,45.78696,8.32405,27889.4,7.7,16.2,97.4,-63.1,1.5,-1.0,RS41-SG,404.900,10.0,-225,8,2.7,-1,-1
2025-01-19T12:28:30.992Z,W2030009,6842,45.78694,8.32474,27906.9,6.3,19.0,87.1,-63.2,1.5,-1.0,RS41-SG,404.900,8.7,-225,8,2.6,-1,-1
2025-01-19T12:28:34.992Z,W2030009,6846,45.78709,8.32567,27930.1,5.7,19.7,68.7,-63.4,1.5,-1.0,RS41-SG,404.900,9.4,-225,8,2.7,-1,-1
2025-01-19T12:28:35.992Z,W2030009,6847,45.78715,8.32591,27936.5,7.2,20.8,68.7,-63.5,1.5,-1.0,RS41-SG,404.900,9.4,-225,8,2.6,-1,-1
2025-01-19T12:28:39.992Z,W2030009,6851,45.78736,8.32691,27962.0,5.8,18.3,81.3,-63.4,1.5,-1.0,RS41-SG,404.900,7.5,-225,8,2.7,-1,-1
2025-01-19T12:28:47.992Z,W2030009,6859,45.78756,8.32880,28011.2,6.0,19.6,70.0,-63.2,1.5,-1.0,RS41-SG,404.900,8.5,-225,8,2.7,-1,-1
2025-01-19T12:28:48.992Z,W2030009,6860,45.78762,8.32904,28017.7,7.1,20.7,66.5,-63.3,1.5,-1.0,RS41-SG,404.900,8.6,-225,8,2.6,-1,-1
2025-01-19T12:28:58.992Z,W2030009,6870,45.78816,8.33166,28078.4,5.6,23.5,77.4,-63.2,1.5,-1.0,RS41-SG,404.900,8.1,-225,8,2.7,-1,-1
2025-01-19T12:29:05.992Z,W2030009,6877,45.78865,8.33358,28122.5,5.3,23.4,67.7,-63.2,1.5,-1.0,RS41-SG,404.900,9.0,-225,8,2.7,-1,-1
2025-01-19T12:29:18.992Z,W2030009,6890,45.78938,8.33737,28201.2,6.0,22.6,64.3,-63.3,1.6,-1.0,RS41-SG,404.900,8.3,-225,8,2.6,-1,-1
2025-01-19T12:29:25.992Z,W2030009,6897,45.78975,8.33929,28246.8,6.1,21.4,84.1,-63.1,1.5,-1.0,RS41-SG,404.900,8.9,-225,8,2.6,-1,-1
2025-01-19T12:29:26.992Z,W2030009,6898,45.78977,8.33957,28253.0,6.2,22.3,84.4,-63.1,1.5,-1.0,RS41-SG,404.900,9.3,-225,8,2.6,-1,-1
2025-01-19T12:29:27.992Z,W2030009,6899,45.78980,8.33986,28259.8,7.3,23.9,83.5,-63.1,1.4,-1.0,RS41-SG,404.900,9.3,-225,8,2.7,-1,-1
2025-01-19T12:29:28.992Z,W2030009,6900,45.78982,8.34017,28266.5,6.1,25.2,82.5,-63.2,1.5,-1.0,RS41-SG,404.900,8.9,-225,8,2.7,-1,-1
2025-01-19T12:29:30.992Z,W2030009,6902,45.78989,8.34082,28278.3,6.2,25.7,79.2,-63.2,1.5,-1.0,RS41-SG,404.900,8.5,-225,8,2.6,-1,-1
2025-01-19T12:29:32.992Z,W2030009,6904,45.78999,8.34143,28292.4,7.3,22.5,75.9,-63.2,1.5,-1.0,RS41-SG,404.900,9.0,-225,8,2.7,-1,-1
2025-01-19T12:29:38.992Z,W2030009,6910,45.79019,8.34310,28328.5,4.7,24.3,86.3,-63.3,1.5,-1.0,RS41-SG,404.900,9.2,-225,8,2.6,-1,-1
2025-01-19T12:29:40.992Z,W2030009,6912,45.79020,8.34371,28340.8,7.6,23.4,89.8,-63.6,1.5,-1.0,RS41-SG,404.900,9.3,-225,8,2.7,-1,-1
2025-01-19T12:29:46.992Z,W2030009,6918,45.79025,8.34546,28378.5,5.4,23.8,87.9,-63.6,1.6,-1.0,RS41-SG,404.900,7.9,-225,8,2.7,-1,-1
2025-01-19T12:29:56.992Z,W2030009,6928,45.79006,8.34824,28438.8,5.4,25.2,93.4,-63.3,1.5,-1.0,RS41-SG,404.900,10.0,-225,8,2.6,-1,-1
2025-01-19T12:29:57.992Z,W2030009,6929,45.79004,8.34856,28445.3,7.6,24.6,94.5,-63.2,1.5,-1.0,RS41-SG,404.900,8.5,-225,8,2.7,-1,-1
2025-01-19T12:29:58.992Z,W2030009,6930,45.79002,8.34887,28452.1,6.0,23.5,95.9,-63.1,1.4,-1.0,RS41-SG,404.900,9.1,-225,8,2.7,-1,-1
2025-01-19T12:30:00.992Z,W2030009,6932,45.78997,8.34944,28463.5,6.6,22.1,99.8,-63.1,1.5,-1.0,RS41-SG,404.900,7.7,-225,8,2.6,-1,-1
2025-01-19T12:30:18.992Z,W2030009,6950,45.78907,8.35474,28577.6,5.0,23.4,102.7,-63.4,1.5,-1.0,RS41-SG,404.900,8.5,-225,8,2.6,-1,-1
2025-01-19T12:30:19.992Z,W2030009,6951,45.78903,8.35503,28582.5,4.7,23.2,101.0,-63.4,1.5,-1.0,RS41-SG,404.900,8.5,-225,8,2.6,-1,-1
2025-01-19T12:30:32.992Z,W2030009,6964,45.78812,8.35885,28664.9,7.4,22.3,102.3,-63.4,1.5,-1.0,RS41-SG,404.900,8.6,-225,8,2.6,-1,-1
2025-01-19T12:30:34.992Z,W2030009,6966,45.78805,8.35941,28677.4,5.9,21.9,98.4,-63.3,1.5,-1.0,RS41-SG,404.900,8.6,-225,8,2.7,-1,-1
2025-01-19T12:30:43.992Z,W2030009,6975,45.78780,8.36194,28730.7,6.1,24.4,94.4,-62.9,1.4,-1.0,RS41-SG,404.900,8.9,-225,8,2.6,-1,-1
2025-01-19T12:30:45.992Z,W2030009,6977,45.78777,8.36252,28743.7,5.9,21.1,92.8,-63.0,1.4,-1.0,RS41-SG,404.900,8.8,-225,8,2.7,-1,-1
2025-01-19T12:30:46.992Z,W2030009,6978,45.78776,8.36279,28749.2,5.1,19.8,91.1,-62.8,1.4,-1.0,RS41-SG,404.900,9.6,-225,8,2.7,-1,-1
2025-01-19T12:30:53.992Z,W2030009,6985,45.78780,8.36464,28790.8,7.0,20.2,93.5,-62.6,1.4,-1.0,RS41-SG,404.900,9.9,-225,8,2.7,-1,-1
2025-01-19T12:30:55.992Z,W2030009,6987,45.78777,8.36514,28803.1,6.2,19.6,94.8,-62.7,1.4,-1.0,RS41-SG,404.900,9.1,-225,8,2.6,-1,-1
2025-01-19T12:30:56.992Z,W2030009,6988,45.78776,8.36539,28809.7,7.1,20.1,92.4,-62.6,1.4,-1.0,RS41-SG,404.900,9.1,-225,8,2.6,-1,-1
2025-01-19T12:30:57.992Z,W2030009,6989,45.78776,8.36566,28816.5,6.2,20.9,89.0,-62.6,1.4,-1.0,RS41-SG,404.900,9.5,-225,8,2.7,-1,-1
2025-01-19T12:30:58.992Z,W2030009,6990,45.78777,8.36593,28822.1,5.2,21.3,85.3,-62.6,1.4,-1.0,RS41-SG,404.900,9.5,-225,8,2.7,-1,-1
2025-01-19T12:31:02.992Z,W2030009,6994,45.78790,8.36693,28846.7,5.8,18.4,76.9,-62.2,1.4,-1.0,RS41-SG,404.900,8.9,-225,8,2.7,-1,-1
2025-01-19T12:31:03.992Z,W2030009,6995,45.78793,8.36717,28852.8,6.5,18.8,79.0,-62.1,1.4,-1.0,RS41-SG,404.900,9.6,-225,8,2.7,-1,-1
2025-01-19T12:31:05.992Z,W2030009,6997,45.78798,8.36767,28866.4,6.5,21.1,84.9,-61.9,1.3,-1.0,RS41-SG,404.900,10.4,-225,8,2.6,-1,-1
2025-01-19T12:31:06.992Z,W2030009,6998,45.78800,8.36795,28872.1,5.0,21.6,88.0,-61.8,1.3,-1.0,RS41-SG,404.900,10.4,-225,8,2.6,-1,-1
2025-01-19T12:31:07.992Z,W2030009,6999,45.78800,8.36822,28877.2,5.1,21.4,91.3,-61.7,1.3,-1.0,RS41-SG,404.900,9.7,-225,8,2.6,-1,-1
2025-01-19T12:31:10.992Z,W2030009,7002,45.78796,8.36899,28896.2,6.1,18.7,94.9,-61.7,1.3,-1.0,RS41-SG,404.900,8.6,-225,8,2.7,-1,-1
2025-01-19T12:31:15.992Z,W2030009,7007,45.78807,8.37031,28927.5,5.1,23.9,73.4,-61.8,1.4,-1.0,RS41-SG,404.900,9.9,-225,8,2.7,-1,-1
2025-01-19T12:31:19.992Z,W2030009,7011,45.78830,8.37139,28951.8,5.4,20.4,76.4,-61.4,1.4,-1.0,RS41-SG,404.900,10.2,-225,8,2.6,-1,-1
2025-01-19T12:31:20.992Z,W2030009,7012,45.78834,8.37165,28958.0,6.9,20.7,80.2,-61.4,1.3,-1.0,RS41-SG,404.900,10.2,-225,8,2.7,-1,-1
2025-01-19T12:31:21.992Z,W2030009,7013,45.78837,8.37192,28964.8,6.8,21.5,83.1,-61.6,1.4,-1.0,RS41-SG,404.900,10.9,-225,8,2.7,-1,-1
2025-01-19T12:31:23.992Z,W2030009,7015,45.78840,8.37248,28976.6,5.6,22.6,86.8,-61.5,1.3,-1.0,RS41-SG,404.900,9.4,-225,8,2.6,-1,-1
2025-01-19T12:31:25.992Z,W2030009,7017,45.78842,8.37304,28989.6,7.4,20.9,86.7,-61.4,1.3,-1.0,RS41-SG,404.900,8.7,-225,8,2.6,-1,-1
2025-01-19T12:31:29.992Z,W2030009,7021,45.78854,8.37407,29016.3,7.0,22.2,72.3,-61.2,1.3,-1.0,RS41-SG,404.900,8.9,-225,8,2.7,-1,-1
2025-01-19T12:31:30.992Z,W2030009,7022,45.78861,8.37435,29022.4,5.1,23.4,70.4,-61.2,1.3,-1.0,RS41-SG,404.900,8.9,-225,8,2.6,-1,-1
2025-01-19T12:31:31.992Z,W2030009,7023,45.78868,8.37463,29027.8,5.8,23.8,69.5,-61.3,1.3,-1.0,RS41-SG,404.900,9.8,-225,8,2.6,-1,-1
2025-01-19T12:31:32.992Z,W2030009,7024,45.78875,8.37492,29034.6,7.8,23.1,71.2,-61.4,1.3,-1.0,RS41-SG,404.900,10.2,-225,8,2.6,-1,-1
2025-01-19T12:31:33.992Z,W2030009,7025,45.78881,8.37519,29041.6,6.4,22.0,73.9,-61.4,1.3,-1.0,RS41-SG,404.900,10.2,-225,8,2.7,-1,-1
2025-01-19T12:31:34.992Z,W2030009,7026,45.78886,8.37546,29047.5,5.3,21.3,77.1,-61.3,1.3,-1.0,RS41-SG,404.900,11.1,-225,8,2.7,-1,-1
2025-01-19T12:31:35.992Z,W2030009,7027,45.78890,8.37573,29053.2,6.2,21.3,80.5,-61.3,1.3,-1.0,RS41-SG,404.900,11.1,-225,8,2.6,-1,-1
2025-01-19T12:31:36.992Z,W2030009,7028,45.78893,8.37600,29060.1,7.4,21.9,82.0,-61.3,1.3,-1.0,RS41-SG,404.900,10.2,-225,8,2.6,-1,-1
2025-01-19T12:31:37.992Z,W2030009,7029,45.78896,8.37628,29066.7,5.8,22.5,82.0,-61.3,1.4,-1.0,RS41-SG,404.900,10.2,-225,8,2.6,-1,-1
2025-01-19T12:31:38.992Z,W2030009,7030,45.78898,8.37657,29072.6,6.0,22.3,81.6,-61.4,1.4,-1.0,RS41-SG,404.900,10.0,-225,8,2.7,-1,-1
2025-01-19T12:31:43.992Z,W2030009,7035,45.78914,8.37783,29104.6,6.8,19.9,75.2,-61.6,1.4,-1.0,RS41-SG,404.900,8.4,-225,8,2.6,-1,-1
2025-01-19T12:31:44.992Z,W2030009,7036,45.78919,8.37809,29111.7,7.5,21.8,73.9,-61.7,1.4,-1.0,RS41-SG,404.900,9.7,-225,8,2.7,-1,-1
2025-01-19T12:31:45.992Z,W2030009,7037,45.78925,8.37837,29118.0,5.1,23.1,74.1,-61.8,1.4,-1.0,RS41-SG,404.900,10.0,-225,8,2.7,-1,-1
2025-01-19T12:31:46.992Z,W2030009,7038,45.78931,8.37866,29123.3,5.6,24.1,75.3,-62.0,1.4,-1.0,RS41-SG,404.900,10.0,-225,8,2.6,-1,-1
2025-01-19T12:31:47.992Z,W2030009,7039,45.78936,8.37896,29130.1,7.8,23.9,77.8,-61.9,1.4,-1.0,RS41-SG,404.900,9.4,-225,8,2.6,-1,-1
2025-01-19T12:31:48.992Z,W2030009,7040,45.78940,8.37925,29137.2,6.6,22.8,80.1,-61.8,1.4,-1.0,RS41-SG,404.900,9.4,-225,8,2.6,-1,-1
2025-01-19T12:31:49.992Z,W2030009,7041,45.78943,8.37953,29143.1,5.1,21.9,82.5,-61.7,1.4,-1.0,RS41-SG,404.900,10.7,-225,8,2.7,-1,-1
2025-01-19T12:31:53.992Z,W2030009,7045,45.78951,8.38063,29168.4,5.9,21.2,80.9,-62.0,1.5,-1.0,RS41-SG,404.900,9.9,-225,8,2.6,-1,-1
2025-01-19T12:31:55.992Z,W2030009,7047,45.78958,8.38113,29181.8,6.6,19.0,76.7,-62.0,1.5,-1.0,RS41-SG,404.900,9.8,-225,8,2.6,-1,-1
2025-01-19T12:32:02.992Z,W2030009,7054,45.78996,8.38304,29226.8,7.4,24.4,80.2,-62.3,1.4,-1.0,RS41-SG,404.900,10.1,-225,8,2.7,-1,-1
2025-01-19T12:32:03.992Z,W2030009,7055,45.78999,8.38334,29233.3,5.6,23.6,82.9,-62.2,1.4,-1.0,RS41-SG,404.900,10.4,-225,8,2.7,-1,-1
2025-01-19T12:32:04.992Z,W2030009,7056,45.79001,8.38364,29239.1,5.9,23.2,85.3,-62.2,1.4,-1.0,RS41-SG,404.900,10.4,-225,8,2.6,-1,-1
2025-01-19T12:32:08.992Z,W2030009,7060,45.79011,8.38482,29265.1,6.3,22.7,78.6,-62.4,1.5,-1.0,RS41-SG,404.900,8.0,-225,8,2.7,-1,-1
2025-01-19T12:32:13.992Z,W2030009,7065,45.79039,8.38617,29298.9,6.7,24.9,70.8,-62.5,1.5,-1.0,RS41-SG,404.900,9.1,-225,8,2.6,-1,-1
2025-01-19T12:32:14.992Z,W2030009,7066,45.79046,8.38648,29304.8,5.1,26.7,72.5,-62.7,1.5,-1.0,RS41-SG,404.900,10.0,-225,8,2.7,-1,-1
2025-01-19T12:32:15.992Z,W2030009,7067,45.79053,8.38682,29310.1,5.6,28.1,76.0,-62.6,1.4,-1.0,RS41-SG,404.900,10.0,-225,8,2.7,-1,-1
2025-01-19T12:32:16.992Z,W2030009,7068,45.79058,8.38717,29316.4,6.9,28.5,80.6,-62.5,1.4,-1.0,RS41-SG,404.900,9.9,-225,8,2.7,-1,-1
2025-01-19T12:32:17.992Z,W2030009,7069,45.79061,8.38753,29323.0,6.2,28.1,84.4,-62.4,1.4,-1.0,RS41-SG,404.900,9.9,-225,8,2.6,-1,-1
2025-01-19T12:32:23.992Z,W2030009,7075,45.79077,8.38958,29359.9,5.2,26.0,77.2,-61.8,1.3,-1.0,RS41-SG,404.900,7.7,-225,8,2.6,-1,-1
2025-01-19T12:32:31.992Z,W2030009,7083,45.79119,8.39216,29411.8,5.2,30.2,78.6,-61.9,1.4,-1.0,RS41-SG,404.900,9.0,-225,8,2.7,-1,-1
2025-01-19T12:32:32.992Z,W2030009,7084,45.79124,8.39254,29417.8,6.8,30.1,80.6,-61.8,1.4,-1.0,RS41-SG,404.900,9.3,-225,8,2.7,-1,-1
2025-01-19T12:32:47.992Z,W2030009,7099,45.79213,8.39793,29515.3,6.7,31.8,73.9,-62.4,1.5,-1.0,RS41-SG,404.900,9.2,-225,8,2.6,-1,-1
2025-01-19T12:32:48.992Z,W2030009,7100,45.79221,8.39832,29522.5,7.8,31.5,73.4,-62.3,1.4,-1.0,RS41-SG,404.900,9.2,-225,8,2.6,-1,-1
2025-01-19T12:32:50.992Z,W2030009,7102,45.79237,8.39908,29535.3,5.3,30.5,73.4,-62.2,1.4,-1.0,RS41-SG,404.900,8.1,-225,8,2.7,-1,-1
2025-01-19T12:32:51.992Z,W2030009,7103,45.79245,8.39945,29541.5,6.9,30.4,72.3,-62.2,1.4,-1.0,RS41-SG,404.900,8.9,-225,8,2.6,-1,-1
2025-01-19T12:32:52.992Z,W2030009,7104,45.79254,8.39983,29548.8,7.8,31.1,70.8,-62.4,1.4,-1.0,RS41-SG,404.900,8.9,-225,8,2.6,-1,-1
2025-01-19T12:32:53.992Z,W2030009,7105,45.79263,8.40021,29555.9,6.3,32.0,70.1,-62.4,1.4,-1.0,RS41-SG,404.900,8.8,-225,8,2.6,-1,-1
2025-01-19T12:32:54.992Z,W2030009,7106,45.79273,8.40060,29562.4,6.6,32.6,70.7,-62.3,1.4,-1.0,RS41-SG,404.900,8.4,-225,8,2.7,-1,-1
2025-01-19T12:32:55.992Z,W2030009,7107,45.79282,8.40100,29569.5,7.7,32.6,72.7,-62.3,1.3,-1.0,RS41-SG,404.900,9.6,-225,8,2.7,-1,-1
2025-01-19T12:32:56.992Z,W2030009,7108,45.79290,8.40139,29577.0,7.2,32.1,75.2,-62.4,1.4,-1.0,RS41-SG,404.900,9.6,-225,8,2.7,-1,-1
2025-01-19T12:32:57.992Z,W2030009,7109,45.79297,8.40179,29583.4,5.7,31.8,77.2,-62.4,1.4,-1.0,RS41-SG,404.900,9.6,-225,8,2.6,-1,-1
2025-01-19T12:33:01.992Z,W2030009,7113,45.79322,8.40339,29610.2,6.0,32.5,74.9,-62.2,1.4,-1.0,RS41-SG,404.900,8.9,-225,8,2.7,-1,-1
2025-01-19T12:33:02.992Z,W2030009,7114,45.79330,8.40379,29616.5,6.7,31.7,73.9,-62.2,1.4,-1.0,RS41-SG,404.900,8.9,-225,8,2.6,-1,-1
2025-01-19T12:33:03.992Z,W2030009,7115,45.79338,8.40417,29623.4,7.3,30.2,73.4,-62.2,1.4,-1.0,RS41-SG,404.900,9.9,-225,8,2.6,-1,-1
2025-01-19T12:33:04.992Z,W2030009,7116,45.79345,8.40453,29630.6,6.9,28.7,73.6,-62.4,1.4,-1.0,RS41-SG,404.900,10.0,-225,8,2.6,-1,-1
2025-01-19T12:33:05.992Z,W2030009,7117,45.79353,8.40488,29636.7,5.4,27.6,73.0,-62.5,1.4,-1.0,RS41-SG,404.900,10.0,-225,8,2.7,-1,-1
2025-01-19T12:33:06.992Z,W2030009,7118,45.79360,8.40521,29642.6,6.5,27.0,71.0,-62.5,1.4,-1.0,RS41-SG,404.900,10.7,-225,8,2.7,-1,-1
2025-01-19T12:33:07.992Z,W2030009,7119,45.79369,8.40554,29649.5,7.3,27.5,68.6,-62.4,1.4,-1.0,RS41-SG,404.900,10.7,-225,8,2.7,-1,-1
2025-01-19T12:33:08.992Z,W2030009,7120,45.79378,8.40587,29656.5,6.7,28.7,67.0,-62.3,1.4,-1.0,RS41-SG,404.900,8.0,-225,8,2.6,-1,-1
2025-01-19T12:33:09.992Z,W2030009,7121,45.79388,8.40622,29663.0,6.2,30.4,67.8,-62.3,1.4,-1.0,RS41-SG,404.900,8.9,-225,8,2.6,-1,-1
2025-01-19T12:33:11.992Z,W2030009,7123,45.79407,8.40700,29675.7,6.5,34.1,74.4,-62.4,1.4,-1.0,RS41-SG,404.900,10.8,-225,8,2.6,-1,-1
2025-01-19T12:33:12.992Z,W2030009,7124,45.79415,8.40743,29682.4,6.6,35.7,78.3,-62.3,1.5,-1.0,RS41-SG,404.900,10.8,-225,8,2.7,-1,-1
2025-01-19T12:33:13.992Z,W2030009,7125,45.79420,8.40789,29688.3,5.3,36.4,80.6,-62.4,1.4,-1.0,RS41-SG,404.900,10.2,-225,8,2.7,-1,-1
2025-01-19T12:33:14.992Z,W2030009,7126,45.79426,8.40835,29694.0,6.2,36.4,81.0,-62.5,1.4,-1.0,RS41-SG,404.900,10.2,-225,8,2.7,-1,-1
2025-01-19T12:33:15.992Z,W2030009,7127,45.79431,8.40880,29701.1,8.1,35.6,78.8,-62.5,1.4,-1.0,RS41-SG,404.900,8.5,-225,8,2.6,-1,-1
2025-01-19T12:33:17.992Z,W2030009,7129,45.79447,8.40966,29716.0,5.3,33.7,71.4,-62.5,1.4,-1.0,RS41-SG,404.900,9.1,-225,8,2.6,-1,-1
2025-01-19T12:33:20.992Z,W2030009,7132,45.79480,8.41079,29733.5,7.5,29.9,66.5,-62.4,1.4,-1.0,RS41-SG,404.900,10.3,-225,8,2.6,-1,-1
2025-01-19T12:33:21.992Z,W2030009,7133,45.79490,8.41114,29740.5,6.6,29.2,68.7,-62.5,1.4,-1.0,RS41-SG,404.900,10.3,-225,8,2.6,-1,-1
2025-01-19T12:33:22.992Z,W2030009,7134,45.79499,8.41149,29746.9,6.3,29.3,71.1,-62.6,1.5,-1.0,RS41-SG,404.900,10.1,-225,8,2.6,-1,-1
2025-01-19T12:33:23.992Z,W2030009,7135,45.79507,8.41185,29753.5,7.0,30.3,73.1,-62.7,1.5,-1.0,RS41-SG,404.900,10.0,-225,8,2.7,-1,-1
2025-01-19T12:33:25.992Z,W2030009,7137,45.79523,8.41263,29768.0,6.4,32.9,74.8,-62.8,1.5,-1.0,RS41-SG,404.900,9.9,-225,8,2.7,-1,-1
2025-01-19T12:33:31.992Z,W2030009,7143,45.79555,8.41513,29808.0,7.8,30.1,77.6,-62.8,1.5,-1.0,RS41-SG,404.900,9.8,-225,8,2.6,-1,-1
2025-01-19T12:33:32.992Z,W2030009,7144,45.79562,8.41550,29815.3,6.8,29.2,73.2,-62.8,1.5,-1.0,RS41-SG,404.900,9.8,-225,8,2.6,-1,-1
2025-01-19T12:33:33.992Z,W2030009,7145,45.79570,8.41585,29821.3,5.2,29.0,69.4,-62.7,1.4,-1.0,RS41-SG,404.900,9.4,-225,8,2.6,-1,-1
2025-01-19T12:33:34.992Z,W2030009,7146,45.79580,8.41619,29827.0,6.2,28.9,67.2,-62.6,1.5,-1.0,RS41-SG,404.900,10.3,-225,8,2.7,-1,-1
2025-01-19T12:33:35.992Z,W2030009,7147,45.79590,8.41654,29833.9,7.6,29.0,68.2,-62.6,1.4,-1.0,RS41-SG,404.900,10.6,-225,8,2.7,-1,-1
2025-01-19T12:33:39.992Z,W2030009,7151,45.79621,8.41799,29859.5,6.6,31.3,76.3,-62.3,1.4,-1.0,RS41-SG,404.900,8.2,-225,8,2.6,-1,-1
2025-01-19T12:33:41.992Z,W2030009,7153,45.79635,8.41878,29873.3,6.3,32.0,75.1,-62.3,1.4,-1.0,RS41-SG,404.900,9.9,-225,8,2.7,-1,-1
2025-01-19T12:33:43.992Z,W2030009,7155,45.79649,8.41957,29887.3,8.0,30.9,76.1,-62.5,1.4,-1.0,RS41-SG,404.900,9.7,-225,8,2.6,-1,-1
2025-01-19T12:33:46.992Z,W2030009,7158,45.79666,8.42069,29907.8,7.0,29.0,77.6,-62.5,1.4,-1.0,RS41-SG,404.900,9.3,-225,8,2.7,-1,-1
2025-01-19T12:33:47.992Z,W2030009,7159,45.79673,8.42105,29915.3,7.9,29.0,74.7,-62.6,1.4,-1.0,RS41-SG,404.900,8.3,-225,8,2.7,-1,-1
2025-01-19T12:33:48.992Z,W2030009,7160,45.79680,8.42140,29922.5,6.5,29.2,72.0,-62.7,1.4,-1.0,RS41-SG,404.900,9.6,-225,8,2.6,-1,-1
2025-01-19T12:33:49.992Z,W2030009,7161,45.79689,8.42176,29928.5,5.6,29.6,70.3,-62.8,1.4,-1.0,RS41-SG,404.900,9.6,-225,8,2.6,-1,-1
2025-01-19T12:33:50.992Z,W2030009,7162,45.79697,8.42212,29934.5,6.6,30.0,70.8,-62.9,1.4,-1.0,RS41-SG,404.900,9.6,-225,8,2.6,-1,-1
2025-01-19T12:33:51.992Z,W2030009,7163,45.79706,8.42249,29941.8,7.9,30.4,73.2,-62.9,1.4,-1.0,RS41-SG,404.900,9.1,-225,8,2.6,-1,-1
2025-01-19T12:33:53.992Z,W2030009,7165,45.79720,8.42325,29956.0,6.1,31.0,77.3,-62.9,1.4,-1.0,RS41-SG,404.900,8.7,-225,8,2.7,-1,-1
2025-01-19T12:33:54.992Z,W2030009,7166,45.79726,8.42364,29962.3,6.5,31.1,77.4,-62.9,1.5,-1.0,RS41-SG,404.900,8.4,-225,8,2.7,-1,-1
2025-01-19T12:33:55.992Z,W2030009,7167,45.79732,8.42402,29969.4,7.8,31.0,75.9,-63.0,1.5,-1.0,RS41-SG,404.900,8.4,-225,8,2.6,-1,-1
2025-01-19T12:33:58.992Z,W2030009,7170,45.79755,8.42516,29988.7,6.6,30.6,73.6,-63.0,1.5,-1.0,RS41-SG,404.900,8.8,-225,8,2.7,-1,-1
2025-01-19T12:33:59.992Z,W2030009,7171,45.79762,8.42554,29996.1,8.2,30.8,75.5,-63.1,1.5,-1.0,RS41-SG,404.900,9.0,-225,8,2.7,-1,-1
2025-01-19T12:34:01.992Z,W2030009,7173,45.79774,8.42631,30009.7,5.8,31.4,78.9,-63.2,1.5,-1.0,RS41-SG,404.900,9.4,-225,8,2.6,-1,-1
2025-01-19T12:34:03.992Z,W2030009,7175,45.79786,8.42711,30022.9,7.3,32.0,76.9,-63.4,1.5,-1.0,RS41-SG,404.900,8.7,-225,8,2.6,-1,-1
2025-01-19T12:34:04.992Z,W2030009,7176,45.79793,8.42751,30030.0,7.0,32.4,74.9,-63.3,1.5,-1.0,RS41-SG,404.900,9.5,-225,8,2.6,-1,-1
2025-01-19T12:34:05.992Z,W2030009,7177,45.79801,8.42791,30036.5,6.0,33.0,73.9,-63.3,1.5,-1.0,RS41-SG,404.900,9.5,-225,8,2.7,-1,-1
2025-01-19T12:34:10.992Z,W2030009,7182,45.79833,8.43003,30069.4,6.2,33.0,81.7,-63.2,1.5,-1.0,RS41-SG,404.900,10.3,-225,8,2.6,-1,-1
2025-01-19T12:34:12.992Z,W2030009,7184,45.79842,8.43082,30083.5,7.2,29.7,78.5,-63.5,1.5,-1.0,RS41-SG,404.900,9.6,-225,8,2.7,-1,-1
2025-01-19T12:34:13.992Z,W2030009,7185,45.79848,8.43118,30089.5,4.8,28.7,76.7,-63.4,1.5,-1.0,RS41-SG,404.900,9.6,-225,8,2.6,-1,-1
2025-01-19T12:34:16.992Z,W2030009,7188,45.79866,8.43223,30108.2,7.3,28.6,77.8,-63.4,1.5,-1.0,RS41-SG,404.900,10.4,-225,8,2.7,-1,-1
2025-01-19T12:34:20.992Z,W2030009,7192,45.79889,8.43378,30134.6,5.1,32.3,76.3,-63.3,1.5,-1.0,RS41-SG,404.900,8.4,-225,8,2.6,-1,-1
2025-01-19T12:34:21.992Z,W2030009,7193,45.79896,8.43418,30139.9,5.3,32.5,76.3,-63.0,1.4,-1.0,RS41-SG,404.900,10.1,-225,8,2.6,-1,-1
2025-01-19T12:34:28.992Z,W2030009,7200,45.79930,8.43703,30186.5,5.5,30.7,77.1,-62.8,1.4,-1.0,RS41-SG,404.900,9.1,-225,8,2.7,-1,-1
2025-01-19T12:34:30.992Z,W2030009,7202,45.79943,8.43779,30199.7,7.9,30.4,76.4,-63.0,1.4,-1.0,RS41-SG,404.900,9.6,-225,8,2.6,-1,-1
2025-01-19T12:34:31.992Z,W2030009,7203,45.79949,8.43817,30206.8,6.1,30.6,77.4,-63.1,1.4,-1.0,RS41-SG,404.900,9.6,-225,8,2.6,-1,-1
2025-01-19T12:34:33.992Z,W2030009,7205,45.79961,8.43894,30219.4,7.3,30.7,77.3,-63.1,1.4,-1.0,RS41-SG,404.900,8.8,-225,8,2.6,-1,-1
2025-01-19T12:34:35.992Z,W2030009,7207,45.79974,8.43970,30233.0,5.7,30.2,75.1,-63.0,1.4,-1.0,RS41-SG,404.900,8.8,-225,8,2.7,-1,-1
2025-01-19T12:34:36.992Z,W2030009,7208,45.79981,8.44007,30238.7,5.7,30.0,76.1,-62.9,1.4,-1.0,RS41-SG,404.900,8.7,-225,8,2.7,-1,-1
2025-01-19T12:34:39.992Z,W2030009,7211,45.79993,8.44122,30259.0,6.5,31.1,86.1,-63.0,1.5,-1.0,RS41-SG,404.900,8.4,-225,8,2.6,-1,-1
2025-01-19T12:34:40.992Z,W2030009,7212,45.79995,8.44162,30265.2,6.0,31.9,86.9,-63.1,1.5,-1.0,RS41-SG,404.900,10.3,-225,8,2.7,-1,-1
2025-01-19T12:34:41.992Z,W2030009,7213,45.79997,8.44203,30271.4,6.4,32.5,86.0,-63.1,1.5,-1.0,RS41-SG,404.900,10.6,-225,8,2.7,-1,-1
2025-01-19T12:34:42.992Z,W2030009,7214,45.80000,8.44244,30278.0,6.8,32.8,82.7,-63.2,1.5,-1.0,RS41-SG,404.900,10.6,-225,8,2.6,-1,-1
2025-01-19T12:34:44.992Z,W2030009,7216,45.80011,8.44326,30292.2,6.8,32.4,75.1,-63.4,1.5,-1.0,RS41-SG,404.900,9.1,-225,8,2.6,-1,-1
2025-01-19T12:34:46.992Z,W2030009,7218,45.80027,8.44404,30304.5,6.4,30.3,73.2,-63.6,1.5,-1.0,RS41-SG,404.900,8.1,-225,8,2.7,-1,-1
2025-01-19T12:35:13.992Z,W2030009,7245,45.80067,8.45417,30484.4,6.3,30.8,85.4,-64.9,1.7,-1.0,RS41-SG,404.900,9.0,-225,8,2.6,-1,-1
2025-01-19T12:35:26.992Z,W2030009,7258,45.80065,8.45914,30569.8,6.7,28.6,84.0,-64.7,1.6,-1.0,RS41-SG,404.900,8.9,-225,8,2.7,-1,-1
2025-01-19T12:35:32.992Z,W2030009,7264,45.80091,8.46130,30608.2,6.2,31.3,85.4,-64.7,1.6,-1.0,RS41-SG,404.900,10.5,-225,8,2.7,-1,-1
2025-01-19T12:35:35.992Z,W2030009,7267,45.80094,8.46251,30626.0,7.8,30.3,88.7,-64.5,1.5,-1.0,RS41-SG,404.900,8.5,-225,8,2.6,-1,-1
2025-01-19T12:35:37.992Z,W2030009,7269,45.80097,8.46324,30638.9,4.7,27.6,84.6,-64.4,1.5,-1.0,RS41-SG,404.900,9.4,-225,8,2.7,-1,-1
2025-01-19T12:35:40.992Z,W2030009,7272,45.80109,8.46428,30656.5,7.1,28.2,78.6,-64.4,1.5,-1.0,RS41-SG,404.900,8.9,-225,8,2.6,-1,-1
2025-01-19T12:35:45.992Z,W2030009,7277,45.80134,8.46607,30687.7,6.6,27.4,77.8,-64.3,1.6,-1.0,RS41-SG,404.900,8.5,-225,8,2.6,-1,-1
2025-01-19T12:35:46.992Z,W2030009,7278,45.80139,8.46642,30693.8,5.6,27.4,77.4,-64.4,1.6,-1.0,RS41-SG,404.900,8.5,-225,8,2.6,-1,-1
2025-01-19T12:35:47.992Z,W2030009,7279,45.80145,8.46676,30699.6,6.0,28.2,77.9,-64.6,1.6,-1.0,RS41-SG,404.900,8.7,-225,8,2.7,-1,-1
2025-01-19T12:35:56.992Z,W2030009,7288,45.80182,8.47027,30756.0,6.8,29.1,78.1,-64.4,1.6,-1.0,RS41-SG,404.900,8.8,-225,8,2.7,-1,-1
2025-01-19T12:35:57.992Z,W2030009,7289,45.80188,8.47065,30763.1,7.4,30.4,78.6,-64.4,1.6,-1.0,RS41-SG,404.900,9.2,-225,8,2.6,-1,-1
2025-01-19T12:35:59.992Z,W2030009,7291,45.80199,8.47144,30775.4,5.1,33.1,79.4,-64.4,1.6,-1.0,RS41-SG,404.900,7.9,-225,8,2.6,-1,-1
2025-01-19T12:36:03.992Z,W2030009,7295,45.80225,8.47313,30800.3,5.5,33.3,75.6,-64.9,1.7,-1.0,RS41-SG,404.900,9.3,-225,8,2.6,-1,-1
2025-01-19T12:36:05.992Z,W2030009,7297,45.80239,8.47396,30812.4,6.6,34.2,77.4,-64.8,1.6,-1.0,RS41-SG,404.900,9.5,-225,8,2.7,-1,-1
2025-01-19T12:36:56.992Z,W2030009,7348,45.80583,8.49712,31132.3,6.9,40.0,69.9,-60.8,1.2,-1.0,RS41-SG,404.900,9.3,-225,8,2.7,-1,-1
2025-01-19T12:37:10.992Z,W2030009,7362,45.80697,8.50328,31221.1,7.0,38.8,68.7,-60.8,1.2,-1.0,RS41-SG,404.900,10.0,-225,8,2.6,-1,-1
2025-01-19T12:37:13.992Z,W2030009,7365,45.80731,8.50473,31239.8,6.9,39.5,74.0,-60.6,1.3,-1.0,RS41-SG,404.900,8.1,-225,8,2.7,-1,-1
2025-01-19T12:37:14.992Z,W2030009,7366,45.80740,8.50521,31247.0,7.6,37.7,75.3,-60.7,1.3,-1.0,RS41-SG,404.900,10.1,-225,8,2.7,-1,-1
2025-01-19T12:37:15.992Z,W2030009,7367,45.80748,8.50566,31254.4,7.1,35.6,76.3,-60.7,1.3,-1.0,RS41-SG,404.900,10.1,-225,8,2.6,-1,-1
2025-01-19T12:37:16.992Z,W2030009,7368,45.80755,8.50610,31260.2,4.7,34.2,77.3,-60.8,1.3,-1.0,RS41-SG,404.900,10.7,-225,8,2.6,-1,-1
2025-01-19T12:37:17.992Z,W2030009,7369,45.80761,8.50652,31265.1,5.0,32.9,79.4,-60.8,1.3,-1.0,RS41-SG,404.900,10.7,-225,8,2.6,-1,-1
2025-01-19T12:37:19.992Z,W2030009,7371,45.80770,8.50734,31277.7,7.4,33.1,83.1,-61.0,1.4,-1.0,RS41-SG,404.900,8.5,-225,8,2.7,-1,-1
2025-01-19T12:37:20.992Z,W2030009,7372,45.80774,8.50777,31284.4,6.2,33.9,82.9,-61.1,1.4,-1.0,RS41-SG,404.900,8.5,-225,8,2.7,-1,-1
2025-01-19T12:37:23.992Z,W2030009,7375,45.80792,8.50909,31304.7,7.3,35.8,73.6,-61.4,1.4,-1.0,RS41-SG,404.900,8.1,-225,8,2.6,-1,-1
2025-01-19T12:37:25.992Z,W2030009,7377,45.80813,8.50996,31316.1,4.6,36.9,68.2,-61.4,1.5,-1.0,RS41-SG,404.900,9.7,-225,8,2.7,-1,-1
2025-01-19T12:37:27.992Z,W2030009,7379,45.80838,8.51087,31327.9,7.1,38.9,70.0,-61.6,1.4,-1.0,RS41-SG,404.900,9.0,-225,8,2.6,-1,-1
2025-01-19T12:37:28.992Z,W2030009,7380,45.80849,8.51134,31335.4,7.9,39.5,73.5,-61.6,1.4,-1.0,RS41-SG,404.900,8.7,-225,8,2.6,-1,-1
2025-01-19T12:37:29.992Z,W2030009,7381,45.80858,8.51183,31342.6,6.5,39.4,76.5,-61.6,1.4,-1.0,RS41-SG,404.900,8.7,-225,8,2.7,-1,-1
2025-01-19T12:37:36.992Z,W2030009,7388,45.80896,8.51481,31386.6,8.2,31.4,76.7,-61.5,1.3,-1.0,RS41-SG,404.900,9.0,-225,8,2.7,-1,-1
2025-01-19T12:37:44.992Z,W2030009,7396,45.80968,8.51835,31438.7,7.5,37.7,76.1,-61.9,1.4,-1.0,RS41-SG,404.900,10.3,-225,8,2.6,-1,-1
2025-01-19T12:37:48.992Z,W2030009,7400,45.80992,8.52017,31465.0,6.8,33.1,80.1,-61.7,1.3,-1.0,RS41-SG,404.900,8.6,-225,8,2.7,-1,-1
2025-01-19T12:37:54.992Z,W2030009,7406,45.81028,8.52273,31503.7,4.9,38.7,79.0,-61.8,1.4,-1.0,RS41-SG,404.900,9.1,-225,8,2.7,-1,-1
2025-01-19T12:38:00.992Z,W2030009,7412,45.81074,8.52572,31543.9,7.4,39.5,80.2,-61.6,1.3,-1.0,RS41-SG,404.900,8.5,-225,8,2.7,-1,-1
2025-01-19T12:38:03.992Z,W2030009,7415,45.81088,8.52719,31563.0,7.1,36.7,82.8,-61.3,1.3,-1.0,RS41-SG,404.900,8.6,-225,8,2.6,-1,-1
2025-01-19T12:38:15.992Z,W2030009,7427,45.81173,8.53300,31641.7,6.3,38.6,75.8,-61.1,1.3,-1.0,RS41-SG,404.900,9.3,-225,8,2.6,-1,-1
2025-01-19T12:38:16.992Z,W2030009,7428,45.81181,8.53348,31648.4,7.2,38.6,77.1,-61.1,1.3,-1.0,RS41-SG,404.900,8.6,-225,8,2.6,-1,-1
2025-01-19T12:38:17.992Z,W2030009,7429,45.81188,8.53397,31655.4,6.9,39.2,78.6,-61.3,1.3,-1.0,RS41-SG,404.900,9.0,-225,8,2.7,-1,-1
2025-01-19T12:38:51.992Z,W2030009,7463,45.81439,8.55130,31872.1,5.7,36.5,75.6,-62.0,1.4,-1.0,RS41-SG,404.900,10.0,-225,8,2.7,-1,-1
2025-01-19T12:38:52.992Z,W2030009,7464,45.81447,8.55175,31878.5,7.2,36.8,78.0,-62.0,1.4,-1.0,RS41-SG,404.900,9.9,-225,8,2.6,-1,-1
2025-01-19T12:38:53.992Z,W2030009,7465,45.81453,8.55223,31886.2,8.1,38.5,81.2,-62.1,1.5,-1.0,RS41-SG,404.900,10.8,-225,8,2.6,-1,-1
2025-01-19T12:38:59.992Z,W2030009,7471,45.81480,8.55549,31924.6,7.0,43.3,79.1,-62.7,1.5,-1.0,RS41-SG,404.900,9.4,-225,8,2.6,-1,-1
2025-01-19T12:39:00.992Z,W2030009,7472,45.81488,8.55603,31930.5,4.9,42.6,77.4,-62.7,1.6,-1.0,RS41-SG,404.900,9.4,-225,8,2.6,-1,-1
2025-01-19T12:39:02.992Z,W2030009,7474,45.81506,8.55708,31941.8,6.9,42.0,76.4,-62.9,1.5,-1.0,RS41-SG,404.900,7.9,-225,8,2.7,-1,-1
2025-01-19T12:39:14.992Z,W2030009,7486,45.81584,8.56337,32019.0,5.9,46.6,79.3,-63.2,1.6,-1.0,RS41-SG,404.900,10.0,-225,8,2.6,-1,-1
2025-01-19T12:39:17.992Z,W2030009,7489,45.81614,8.56513,32037.1,7.1,46.1,72.8,-63.3,1.6,-1.0,RS41-SG,404.900,8.7,-225,8,2.7,-1,-1
2025-01-19T12:39:20.992Z,W2030009,7492,45.81653,8.56667,32055.9,5.4,39.7,68.7,-63.2,1.5,-1.0,RS41-SG,404.900,7.5,-225,8,2.6,-1,-1
2025-01-19T12:39:22.992Z,W2030009,7494,45.81674,8.56761,32069.6,8.0,37.9,76.2,-63.2,1.6,-1.0,RS41-SG,404.900,9.8,-225,8,2.6,-1,-1
2025-01-19T12:39:23.992Z,W2030009,7495,45.81681,8.56809,32077.0,6.8,38.7,80.6,-63.2,1.6,-1.0,RS41-SG,404.900,9.8,-225,8,2.7,-1,-1
2025-01-19T12:39:24.992Z,W2030009,7496,45.81686,8.56859,32082.6,4.6,40.0,83.8,-63.2,1.6,-1.0,RS41-SG,404.900,8.7,-225,8,2.7,-1,-1
2025-01-19T12:39:28.992Z,W2030009,7500,45.81699,8.57072,32106.5,7.2,42.1,82.3,-63.2,1.6,-1.0,RS41-SG,404.900,10.0,-225,8,2.7,-1,-1
2025-01-19T12:39:29.992Z,W2030009,7501,45.81705,8.57125,32112.7,5.4,42.0,80.2,-63.2,1.6,-1.0,RS41-SG,404.900,9.7,-225,8,2.7,-1,-1
2025-01-19T12:40:12.992Z,W2030009,7544,45.81955,8.59499,32385.9,8.0,47.3,86.4,-62.9,1.5,-1.0,RS41-SG,404.900,9.6,-225,8,2.7,-1,-1
2025-01-19T12:40:13.992Z,W2030009,7545,45.81958,8.59558,32393.2,6.8,45.8,84.6,-62.8,1.4,-1.0,RS41-SG,404.900,10.4,-225,8,2.7,-1,-1
2025-01-19T12:40:14.992Z,W2030009,7546,45.81963,8.59616,32399.4,5.6,44.8,82.6,-62.8,1.4,-1.0,RS41-SG,404.900,10.4,-225,8,2.7,-1,-1
2025-01-19T12:40:15.992Z,W2030009,7547,45.81968,8.59673,32405.1,5.7,44.7,80.7,-62.8,1.4,-1.0,RS41-SG,404.900,9.5,-225,8,2.6,-1,-1
2025-01-19T12:40:19.992Z,W2030009,7551,45.81999,8.59908,32429.8,5.6,48.6,79.3,-62.7,1.4,-1.0,RS41-SG,404.900,9.3,-225,8,2.7,-1,-1
2025-01-19T12:40:20.992Z,W2030009,7552,45.82007,8.59969,32435.7,6.1,48.4,79.3,-62.7,1.4,-1.0,RS41-SG,404.900,9.7,-225,8,2.6,-1,-1
2025-01-19T12:40:25.992Z,W2030009,7557,45.82044,8.60263,32467.1,5.7,45.8,81.8,-62.5,1.4,-1.0,RS41-SG,404.900,10.4,-225,8,2.7,-1,-1
2025-01-19T12:40:29.992Z,W2030009,7561,45.82061,8.60504,32492.5,6.1,48.6,84.3,-62.6,1.5,-1.0,RS41-SG,404.900,7.4,-225,8,2.7,-1,-1
2025-01-19T12:40:30.992Z,W2030009,7562,45.82067,8.60566,32499.2,7.4,48.2,82.0,-62.8,1.5,-1.0,RS41-SG,404.900,10.2,-225,8,2.7,-1,-1
2025-01-19T12:40:31.992Z,W2030009,7563,45.82074,8.60626,32506.7,7.7,47.1,78.7,-62.8,1.5,-1.0,RS41-SG,404.900,10.2,-225,8,2.6,-1,-1
2025-01-19T12:40:32.992Z,W2030009,7564,45.82083,8.60684,32513.1,5.2,46.1,76.0,-62.8,1.5,-1.0,RS41-SG,404.900,9.0,-225,8,2.6,-1,-1
2025-01-19T12:40:33.992Z,W2030009,7565,45.82093,8.60741,32517.9,4.1,45.4,73.9,-62.8,1.5,-1.0,RS41-SG,404.900,10.1,-225,8,2.6,-1,-1
2025-01-19T12:40:35.992Z,W2030009,7567,45.82116,8.60851,32529.2,7.5,45.0,74.3,-62.9,1.5,-1.0,RS41-SG,404.900,9.8,-225,8,2.7,-1,-1
2025-01-19T12:40:36.992Z,W2030009,7568,45.82126,8.60908,32536.9,7.8,45.7,77.1,-62.9,1.5,-1.0,RS41-SG,404.900,9.7,-225,8,2.7,-1,-1
2025-01-19T12:40:37.992Z,W2030009,7569,45.82135,8.60965,32543.9,6.3,46.4,79.8,-62.8,1.4,-1.0,RS41-SG,404.900,9.7,-225,8,2.6,-1,-1
2025-01-19T12:40:38.992Z,W2030009,7570,45.82141,8.61024,32549.5,4.8,47.1,82.1,-62.8,1.4,-1.0,RS41-SG,404.900,8.2,-225,8,2.6,-1,-1
2025-01-19T12:40:39.992Z,W2030009,7571,45.82146,8.61085,32554.3,4.9,47.6,84.0,-62.7,1.5,-1.0,RS41-SG,404.900,9.5,-225,8,2.6,-1,-1
2025-01-19T12:40:40.992Z,W2030009,7572,45.82150,8.61145,32559.9,6.2,47.8,84.7,-62.6,1.5,-1.0,RS41-SG,404.900,10.6,-225,8,2.7,-1,-1
2025-01-19T12:40:41.992Z,W2030009,7573,45.82155,8.61206,32566.7,7.4,47.8,84.4,-62.6,1.5,-1.0,RS41-SG,404.900,10.6,-225,8,2.7,-1,-1
2025-01-19T12:40:42.992Z,W2030009,7574,45.82159,8.61267,32573.2,5.8,47.7,83.5,-62.7,1.5,-1.0,RS41-SG,404.900,10.2,-225,8,2.6,-1,-1
2025-01-19T12:40:43.992Z,W2030009,7575,45.82164,8.61328,32578.8,5.2,47.8,82.8,-62.8,1.5,-1.0,RS41-SG,404.900,10.2,-225,8,2.6,-1,-1
2025-01-19T12:40:44.992Z,W2030009,7576,45.82170,8.61389,32584.4,6.1,48.0,82.3,-62.7,1.5,-1.0,RS41-SG,404.900,9.7,-225,8,2.6,-1,-1
2025-01-19T12:40:45.992Z,W2030009,7577,45.82175,8.61450,32590.9,6.9,48.5,82.6,-62.6,1.4,-1.0,RS41-SG,404.900,9.4,-225,8,2.7,-1,-1
2025-01-19T12:40:52.992Z,W2030009,7584,45.82219,8.61878,32634.3,5.5,46.2,79.5,-62.5,1.5,-1.0,RS41-SG,404.900,9.7,-225,8,2.7,-1,-1
2025-01-19T12:40:54.992Z,W2030009,7586,45.82231,8.61995,32647.1,7.3,47.0,83.8,-62.5,1.5,-1.0,RS41-SG,404.900,8.5,-225,8,2.6,-1,-1
2025-01-19T12:40:55.992Z,W2030009,7587,45.82235,8.62056,32654.1,6.6,48.2,86.4,-62.7,1.5,-1.0,RS41-SG,404.900,9.8,-225,8,2.6,-1,-1
2025-01-19T12:40:56.992Z,W2030009,7588,45.82237,8.62118,32659.7,4.7,49.5,88.5,-62.7,1.5,-1.0,RS41-SG,404.900,9.8,-225,8,2.7,-1,-1
2025-01-19T12:40:59.992Z,W2030009,7591,45.82239,8.62313,32676.4,7.0,50.6,87.4,-62.6,1.4,-1.0,RS41-SG,404.900,9.3,-225,8,2.6,-1,-1
2025-01-19T12:41:16.992Z,W2030009,7608,45.82298,8.63385,32781.2,6.1,54.1,87.5,-62.7,1.5,-1.0,RS41-SG,404.900,9.3,-225,8,2.6,-1,-1
2025-01-19T12:41:18.992Z,W2030009,7610,45.82300,8.63526,32792.6,5.4,55.6,89.9,-62.9,1.5,-1.0,RS41-SG,404.900,8.7,-225,8,2.7,-1,-1
2025-01-19T12:41:21.992Z,W2030009,7613,45.82296,8.63728,32811.6,6.4,48.7,93.4,-63.0,1.5,-1.0,RS41-SG,404.900,8.5,-225,8,2.6,-1,-1
2025-01-19T12:41:23.992Z,W2030009,7615,45.82292,8.63847,32822.7,4.9,45.0,91.5,-63.1,1.6,-1.0,RS41-SG,404.900,8.6,-225,8,2.6,-1,-1
2025-01-19T12:41:26.992Z,W2030009,7618,45.82298,8.64024,32840.5,6.3,49.2,83.2,-63.2,1.6,-1.0,RS41-SG,404.900,9.2,-225,8,2.6,-1,-1
2025-01-19T12:41:27.992Z,W2030009,7619,45.82304,8.64088,32846.4,5.3,51.9,82.7,-63.2,1.6,-1.0,RS41-SG,404.900,10.0,-225,8,2.6,-1,-1
2025-01-19T12:41:33.992Z,W2030009,7625,45.82304,8.64504,32881.1,4.4,51.7,97.8,-63.4,1.6,-1.0,RS41-SG,404.900,8.6,-225,8,2.6,-1,-1
2025-01-19T12:41:39.992Z,W2030009,7631,45.82291,8.64877,32915.4,5.5,48.4,86.3,-63.7,1.6,-1.0,RS41-SG,404.900,8.3,-225,8,2.6,-1,-1
2025-01-19T12:41:42.992Z,W2030009,7634,45.82298,8.65064,32934.5,5.7,49.3,88.5,-64.0,1.7,-1.0,RS41-SG,404.900,9.6,-225,8,2.7,-1,-1
2025-01-19T12:41:44.992Z,W2030009,7636,45.82297,8.65194,32944.9,5.2,52.4,91.5,-64.2,1.7,-1.0,RS41-SG,404.900,9.3,-225,8,2.6,-1,-1
2025-01-19T12:41:45.992Z,W2030009,7637,45.82296,8.65262,32950.6,6.2,54.4,92.7,-64.3,1.7,-1.0,RS41-SG,404.900,9.3,-225,8,2.6,-1,-1
2025-01-19T12:41:47.992Z,W2030009,7639,45.82290,8.65404,32962.3,5.2,56.2,93.9,-64.4,1.7,-1.0,RS41-SG,404.900,9.1,-225,8,2.7,-1,-1
2025-01-19T12:41:50.992Z,W2030009,7642,45.82277,8.65612,32980.9,6.9,51.3,96.4,-64.2,1.6,-1.0,RS41-SG,404.900,9.3,-225,8,2.6,-1,-1
2025-01-19T12:41:51.992Z,W2030009,7643,45.82272,8.65676,32987.3,5.9,48.9,96.6,-64.3,1.6,-1.0,RS41-SG,404.900,9.7,-225,8,2.7,-1,-1
2025-01-19T12:41:56.992Z,W2030009,7648,45.82264,8.65980,33016.5,6.2,51.0,86.6,-64.5,1.7,-1.0,RS41-SG,404.900,10.3,-225,8,2.6,-1,-1
2025-01-19T12:42:02.992Z,W2030009,7654,45.82262,8.66393,33048.3,-3.2,53.5,95.9,-64.5,1.7,-1.0,RS41-SG,404.900,9.3,-225,8,2.7,-1,-1
2025-01-19T12:42:04.992Z,W2030009,7656,45.82252,8.66529,33023.3,-21.8,53.0,96.0,-64.5,1.7,-1.0,RS41-SG,404.900,8.6,-225,8,2.7,-1,-1
2025-01-19T12:42:06.992Z,W2030009,7658,45.82244,8.66660,32970.6,-29.4,48.8,95.7,-64.4,1.7,-1.0,RS41-SG,404.900,10.0,-225,8,2.5,-1,-1
2025-01-19T12:42:07.992Z,W2030009,7659,45.82240,8.66719,32941.4,-28.5,44.8,95.3,-64.3,1.6,-1.0,RS41-SG,404.900,10.0,-225,8,2.5,-1,-1
2025-01-19T12:42:08.992Z,W2030009,7660,45.82236,8.66776,32912.0,-30.6,43.5,94.2,-64.1,1.5,-1.0,RS41-SG,404.900,9.8,-225,8,2.7,-1,-1
2025-01-19T12:42:15.992Z,W2030009,7667,45.82235,8.67191,32658.3,-42.7,51.9,87.4,-62.5,1.3,-1.0,RS41-SG,404.900,8.1,-225,8,2.7,-1,-1
2025-01-19T12:42:16.992Z,W2030009,7668,45.82237,8.67259,32615.8,-42.5,54.2,87.1,-62.4,1.2,-1.0,RS41-SG,404.900,9.2,-225,8,2.5,-1,-1
2025-01-19T12:42:17.992Z,W2030009,7669,45.82240,8.67328,32572.5,-43.6,54.1,86.1,-62.3,1.2,-1.0,RS41-SG,404.900,10.0,-225,8,2.5,-1,-1
2025-01-19T12:42:18.992Z,W2030009,7670,45.82243,8.67397,32528.5,-44.4,54.2,85.8,-62.3,1.2,-1.0,RS41-SG,404.900,10.0,-225,8,2.5,-1,-1
2025-01-19T12:42:19.992Z,W2030009,7671,45.82247,8.67466,32485.4,-41.8,53.6,85.1,-62.4,1.3,-1.0,RS41-SG,404.900,9.4,-225,8,2.7,-1,-1
2025-01-19T12:42:20.992Z,W2030009,7672,45.82252,8.67534,32447.0,-35.2,53.1,84.6,-62.5,1.3,-1.0,RS41-SG,404.900,9.4,-225,8,2.7,-1,-1
2025-01-19T12:42:21.992Z,W2030009,7673,45.82256,8.67600,32410.0,-38.0,50.9,84.5,-62.5,1.3,-1.0,RS41-SG,404.900,10.0,-225,8,2.5,-1,-1
2025-01-19T12:42:22.992Z,W2030009,7674,45.82260,8.67664,32371.8,-38.6,49.9,84.1,-62.5,1.4,-1.0,RS41-SG,404.900,10.0,-225,8,2.5,-1,-1
2025-01-19T12:42:23.992Z,W2030009,7675,45.82265,8.67726,32331.3,-41.9,47.7,83.1,-62.8,1.4,-1.0,RS41-SG,404.900,9.7,-225,8,2.5,-1,-1
2025-01-19T12:42:24.992Z,W2030009,7676,45.82270,8.67785,32288.3,-43.8,45.6,82.9,-63.0,1.5,-1.0,RS41-SG,404.900,10.4,-225,8,2.6,-1,-1
2025-01-19T12:42:25.992Z,W2030009,7677,45.82275,8.67842,32244.2,-44.1,43.5,82.3,-63.2,1.5,-1.0,RS41-SG,404.900,11.0,-225,8,2.6,-1,-1
2025-01-19T12:42:28.992Z,W2030009,7680,45.82292,8.68000,32111.0,-45.0,40.3,80.8,-63.0,1.5,-1.0,RS41-SG,404.900,8.9,-225,8,2.5,-1,-1
2025-01-19T12:42:29.992Z,W2030009,7681,45.82298,8.68052,32066.0,-45.0,40.8,79.7,-63.0,1.5,-1.0,RS41-SG,404.900,10.2,-225,8,2.5,-1,-1
2025-01-19T12:42:30.992Z,W2030009,7682,45.82305,8.68104,32021.4,-44.6,41.6,79.7,-62.9,1.5,-1.0,RS41-SG,404.900,10.2,-225,7,2.6,-1,-1
2025-01-19T12:42:31.992Z,W2030009,7683,45.82311,8.68157,31977.3,-44.3,43.2,80.5,-62.9,1.4,-1.0,RS41-SG,404.900,10.0,-225,8,2.7,-1,-1
2025-01-19T12:42:32.992Z,W2030009,7684,45.82317,8.68212,31933.2,-44.5,44.2,80.9,-62.8,1.4,-1.0,RS41-SG,404.900,10.0,-225,7,2.5,-1,-1
2025-01-19T12:42:33.992Z,W2030009,7685,45.82324,8.68269,31888.7,-44.3,44.9,81.5,-62.6,1.4,-1.0,RS41-SG,404.900,9.0,-225,8,2.5,-1,-1
2025-01-19T12:42:35.992Z,W2030009,7687,45.82336,8.68382,31801.3,-42.6,44.4,80.0,-62.0,1.3,-1.0,RS41-SG,404.900,9.4,-225,7,2.6,-1,-1
2025-01-19T12:42:36.992Z,W2030009,7688,45.82343,8.68439,31760.3,-39.8,45.3,80.2,-61.8,1.3,-1.0,RS41-SG,404.900,9.5,-225,8,2.6,-1,-1
2025-01-19T12:42:37.992Z,W2030009,7689,45.82350,8.68495,31721.3,-37.6,43.6,79.9,-61.6,1.2,-1.0,RS41-SG,404.900,9.5,-225,7,2.7,-1,-1
2025-01-19T12:42:38.992Z,W2030009,7690,45.82357,8.68549,31685.4,-34.5,42.5,78.6,-61.4,1.2,-1.0,RS41-SG,404.900,10.9,-225,8,2.5,-1,-1
2025-01-19T12:42:40.992Z,W2030009,7692,45.82370,8.68652,31625.7,-26.4,38.5,78.8,-61.1,1.2,-1.0,RS41-SG,404.900,9.4,-225,7,2.5,-1,-1
2025-01-19T12:42:41.992Z,W2030009,7693,45.82377,8.68700,31600.4,-25.0,38.2,78.7,-61.0,1.2,-1.0,RS41-SG,404.900,11.3,-225,8,2.6,-1,-1
2025-01-19T12:42:42.992Z,W2030009,7694,45.82383,8.68748,31575.2,-25.7,37.7,78.9,-61.0,1.2,-1.0,RS41-SG,404.900,11.3,-225,7,2.6,-1,-1
2025-01-19T12:42:43.992Z,W2030009,7695,45.82390,8.68795,31549.6,-25.7,37.4,78.7,-61.2,1.2,-1.0,RS41-SG,404.900,8.9,-225,8,2.5,-1,-1
2025-01-19T12:42:44.992Z,W2030009,7696,45.82396,8.68842,31523.6,-25.9,37.2,79.6,-61.5,1.3,-1.0,RS41-SG,404.900,8.8,-225,7,2.5,-1,-1
2025-01-19T12:42:48.992Z,W2030009,7700,45.82424,8.69031,31423.2,-24.8,37.6,77.1,-61.7,1.3,-1.0,RS41-SG,404.900,8.0,-225,7,2.7,-1,-1
2025-01-19T12:42:49.992Z,W2030009,7701,45.82432,8.69078,31397.4,-27.0,38.2,78.1,-61.7,1.3,-1.0,RS41-SG,404.900,9.8,-225,7,2.5,08:29:43,-1
2025-01-19T12:42:51.992Z,W2030009,7703,45.82447,8.69172,31343.0,-28.8,36.6,75.6,-61.7,1.3,-1.0,RS41-SG,404.900,9.7,-225,7,2.5,08:29:43,-1
2025-01-19T12:42:53.992Z,W2030009,7705,45.82463,8.69261,31281.8,-32.3,36.0,75.5,-61.5,1.3,-1.0,RS41-SG,404.900,8.0,-225,8,2.6,08:29:43,-1
2025-01-19T12:42:55.992Z,W2030009,7707,45.82479,8.69348,31213.3,-35.8,35.2,75.5,-61.0,1.2,-1.0,RS41-SG,404.900,9.8,-225,8,2.5,08:29:43,-1
2025-01-19T12:42:56.992Z,W2030009,7708,45.82487,8.69391,31176.6,-37.5,34.5,74.2,-60.9,1.2,-1.0,RS41-SG,404.900,9.8,-225,7,2.5,08:29:43,-1
2025-01-19T12:42:57.992Z,W2030009,7709,45.82495,8.69433,31138.4,-38.6,33.8,75.4,-60.9,1.2,-1.0,RS41-SG,404.900,10.8,-225,7,2.6,08:29:43,-1
2025-01-19T12:42:58.992Z,W2030009,7710,45.82503,8.69475,31099.4,-38.9,33.8,76.3,-60.8,1.2,-1.0,RS41-SG,404.900,10.8,-225,8,2.6,08:29:43,-1
2025-01-19T12:42:59.992Z,W2030009,7711,45.82510,8.69517,31060.3,-39.1,34.1,76.6,-61.2,1.3,-1.0,RS41-SG,404.900,9.7,-225,8,2.7,08:29:43,-1
2025-01-19T12:43:00.992Z,W2030009,7712,45.82517,8.69561,31021.4,-39.3,35.2,77.4,-61.8,1.4,-1.0,RS41-SG,404.900,11.3,-225,8,2.5,08:29:43,-1
2025-01-19T12:43:01.992Z,W2030009,7713,45.82523,8.69605,30982.5,-39.4,36.3,78.4,-62.5,1.5,-1.0,RS41-SG,404.900,11.3,-225,8,2.5,08:29:43,-1
2025-01-19T12:43:02.992Z,W2030009,7714,45.82530,8.69651,30943.5,-39.0,36.9,78.8,-63.3,1.6,-1.0,RS41-SG,404.900,11.2,-225,7,2.5,08:29:43,-1
2025-01-19T12:43:03.992Z,W2030009,7715,45.82536,8.69698,30903.4,-40.6,37.0,78.9,-64.0,1.8,-1.0,RS41-SG,404.900,9.8,-225,7,2.6,08:29:43,-1
2025-01-19T12:43:05.992Z,W2030009,7717,45.82550,8.69788,30819.5,-39.8,36.4,75.9,-64.4,1.8,-1.0,RS41-SG,404.900,9.8,-225,8,2.5,08:29:43,-1
2025-01-19T12:43:06.992Z,W2030009,7718,45.82559,8.69832,30780.8,-37.4,34.8,74.0,-64.5,1.8,-1.0,RS41-SG,404.900,10.2,-225,7,2.5,08:29:43,-1
2025-01-19T12:43:07.992Z,W2030009,7719,45.82567,8.69875,30744.4,-34.2,34.1,74.7,-64.5,1.8,-1.0,RS41-SG,404.900,10.2,-225,8,2.5,08:29:43,-1
2025-01-19T12:43:08.992Z,W2030009,7720,45.82575,8.69917,30710.4,-33.9,33.8,75.6,-64.5,1.8,-1.0,RS41-SG,404.900,11.2,-225,8,2.6,08:29:43,-1
2025-01-19T12:43:09.992Z,W2030009,7721,45.82582,8.69959,30676.7,-34.1,33.7,76.4,-64.5,1.8,-1.0,RS41-SG,404.900,11.2,-225,7,2.6,08:29:43,-1
2025-01-19T12:43:10.992Z,W2030009,7722,45.82589,8.70000,30641.9,-34.7,32.1,77.7,-64.5,1.8,-1.0,RS41-SG,404.900,11.8,-225,7,2.6,08:29:43,-1
2025-01-19T12:43:11.992Z,W2030009,7723,45.82594,8.70039,30607.7,-33.0,30.5,80.9,-64.6,1.8,-1.0,RS41-SG,404.900,12.1,-225,8,2.5,08:29:43,-1
2025-01-19T12:43:12.992Z,W2030009,7724,45.82597,8.70077,30574.6,-32.8,29.7,85.4,-64.7,1.8,-1.0,RS41-SG,404.900,12.1,-225,7,2.5,08:29:43,-1
2025-01-19T12:43:13.992Z,W2030009,7725,45.82599,8.70115,30543.3,-30.4,29.6,88.0,-64.9,1.9,-1.0,RS41-SG,404.900,12.1,-225,8,2.5,08:29:43,-1
2025-01-19T12:43:14.992Z,W2030009,7726,45.82599,8.70152,30513.6,-29.1,28.5,89.0,-65.1,1.9,-1.0,RS41-SG,404.900,12.1,-225,7,2.6,08:29:43,-1
2025-01-19T12:43:15.992Z,W2030009,7727,45.82599,8.70188,30483.9,-29.4,27.8,91.5,-65.2,1.8,-1.0,RS41-SG,404.900,11.9,-225,8,2.7,08:29:43,-1
2025-01-19T12:43:16.992Z,W2030009,7728,45.82598,8.70224,30455.0,-28.7,28.8,92.1,-65.1,1.8,-1.0,RS41-SG,404.900,11.2,-225,7,2.5,08:29:43,-1
2025-01-19T12:43:17.992Z,W2030009,7729,45.82598,8.70261,30425.2,-30.6,28.3,90.9,-64.9,1.7,-1.0,RS41-SG,404.900,11.2,-225,8,2.5,08:29:43,-1
2025-01-19T12:43:18.992Z,W2030009,7730,45.82597,8.70298,30394.9,-29.8,29.8,90.2,-64.7,1.7,-1.0,RS41-SG,404.900,9.9,-225,8,2.5,08:29:43,-1
2025-01-19T12:43:19.992Z,W2030009,7731,45.82598,8.70336,30367.5,-24.3,29.8,88.8,-64.5,1.6,-1.0,RS41-SG,404.900,11.4,-225,8,2.6,08:29:43,-1
2025-01-19T12:43:20.992Z,W2030009,7732,45.82599,8.70375,30342.6,-24.7,30.9,85.9,-64.3,1.6,-1.0,RS41-SG,404.900,11.6,-225,8,2.6,08:29:43,-1
2025-01-19T12:43:21.992Z,W2030009,7733,45.82601,8.70415,30317.9,-24.3,31.3,86.5,-64.1,1.5,-1.0,RS41-SG,404.900,11.6,-225,8,2.7,08:29:43,-1
2025-01-19T12:43:22.992Z,W2030009,7734,45.82604,8.70455,30291.8,-27.8,31.0,82.8,-63.8,1.5,-1.0,RS41-SG,404.900,11.0,-225,8,2.5,08:29:43,-1
2025-01-19T12:43:23.992Z,W2030009,7735,45.82607,8.70495,30262.5,-30.5,31.8,83.6,-63.7,1.4,-1.0,RS41-SG,404.900,10.4,-225,8,2.5,08:29:43,-1
2025-01-19T12:43:24.992Z,W2030009,7736,45.82610,8.70535,30230.7,-32.9,31.0,82.0,-63.6,1.4,-1.0,RS41-SG,404.900,10.6,-225,8,2.5,08:29:43,-1
2025-01-19T12:43:25.992Z,W2030009,7737,45.82614,8.70574,30198.0,-32.5,31.6,82.4,-63.5,1.5,-1.0,RS41-SG,404.900,11.1,-225,8,2.6,08:29:43,-1
2025-01-19T12:43:26.992Z,W2030009,7738,45.82619,8.70614,30164.6,-33.9,31.1,79.3,-63.7,1.5,-1.0,RS41-SG,404.900,11.1,-225,8,2.6,08:29:43,-1
2025-01-19T12:43:27.992Z,W2030009,7739,45.82624,8.70653,30129.5,-35.8,31.1,80.7,-63.8,1.5,-1.0,RS41-SG,404.900,11.1,-225,8,2.5,08:29:43,-1
2025-01-19T12:43:28.992Z,W2030009,7740,45.82629,8.70692,30093.8,-36.0,31.3,78.7,-63.8,1.5,-1.0,RS41-SG,404.900,11.1,-225,8,2.5,08:29:43,-1
2025-01-19T12:43:29.992Z,W2030009,7741,45.82634,8.70731,30058.5,-34.0,30.2,78.4,-63.8,1.5,-1.0,RS41-SG,404.900,11.0,-225,8,2.5,08:29:43,-1
2025-01-19T12:43:30.992Z,W2030009,7742,45.82640,8.70769,30028.4,-26.4,31.3,78.2,-63.8,1.5,-1.0,RS41-SG,404.900,11.4,-225,8,2.6,08:29:43,-1
2025-01-19T12:43:31.992Z,W2030009,7743,45.82645,8.70808,30001.3,-26.9,30.6,78.8,-63.8,1.5,-1.0,RS41-SG,404.900,12.2,-225,8,2.6,08:29:43,-1
2025-01-19T12:43:32.992Z,W2030009,7744,45.82651,8.70847,29976.0,-24.1,31.8,77.0,-63.7,1.5,-1.0,RS41-SG,404.900,12.2,-225,7,2.7,08:29:43,-1
2025-01-19T12:43:33.992Z,W2030009,7745,45.82657,8.70887,29951.4,-25.2,32.0,78.9,-63.9,1.6,-1.0,RS41-SG,404.900,9.2,-225,7,2.5,08:29:43,-1
2025-01-19T12:43:34.992Z,W2030009,7746,45.82662,8.70927,29924.0,-29.8,31.8,78.9,-64.0,1.6,-1.0,RS41-SG,404.900,11.6,-225,8,2.5,08:29:43,-1
2025-01-19T12:43:35.992Z,W2030009,7747,45.82668,8.70968,29894.3,-29.8,32.2,79.4,-64.0,1.6,-1.0,RS41-SG,404.900,11.6,-225,8,2.5,08:29:43,-1
2025-01-19T12:43:36.992Z,W2030009,7748,45.82673,8.71008,29863.7,-31.4,32.0,79.9,-63.9,1.6,-1.0,RS41-SG,404.900,12.5,-225,8,2.6,08:29:43,-1
2025-01-19T12:43:37.992Z,W2030009,7749,45.82679,8.71048,29831.2,-33.3,31.6,78.2,-63.8,1.6,-1.0,RS41-SG,404.900,12.5,-225,8,2.6,08:29:43,-1
2025-01-19T12:43:38.992Z,W2030009,7750,45.82685,8.71088,29798.4,-32.8,32.1,77.5,-63.8,1.5,-1.0,RS41-SG,404.900,11.0,-225,8,2.5,08:29:43,-1
2025-01-19T12:43:39.992Z,W2030009,7751,45.82691,8.71128,29767.2,-29.7,31.5,78.1,-63.7,1.5,-1.0,RS41-SG,404.900,12.0,-225,8,2.5,08:29:43,-1
2025-01-19T12:43:40.992Z,W2030009,7752,45.82697,8.71166,29737.2,-30.4,30.9,74.6,-63.6,1.5,-1.0,RS41-SG,404.900,12.0,-225,8,2.5,08:28:52,-1
2025-01-19T12:43:41.992Z,W2030009,7753,45.82705,8.71205,29707.2,-30.0,31.7,75.0,-63.4,1.4,-1.0,RS41-SG,404.900,11.5,-225,7,2.6,08:28:52,-1
2025-01-19T12:43:42.992Z,W2030009,7754,45.82713,8.71244,29677.4,-29.3,31.5,71.7,-63.3,1.4,-1.0,RS41-SG,404.900,11.5,-225,8,2.6,08:28:52,-1
2025-01-19T12:43:43.992Z,W2030009,7755,45.82721,8.71283,29647.2,-30.5,32.3,73.3,-63.3,1.4,-1.0,RS41-SG,404.900,10.1,-225,8,2.7,08:28:52,-1
2025-01-19T12:43:46.992Z,W2030009,7758,45.82749,8.71402,29559.5,-30.0,33.5,72.7,-63.2,1.4,-1.0,RS41-SG,404.900,10.1,-225,8,2.5,08:28:52,-1
2025-01-19T12:43:47.992Z,W2030009,7759,45.82758,8.71443,29528.4,-32.1,32.6,72.2,-63.2,1.4,-1.0,RS41-SG,404.900,11.4,-225,8,2.6,08:28:52,-1
2025-01-19T12:43:48.992Z,W2030009,7760,45.82766,8.71482,29497.6,-29.2,32.5,74.9,-63.2,1.4,-1.0,RS41-SG,404.900,11.4,-225,8,2.6,08:28:52,-1
2025-01-19T12:43:49.992Z,W2030009,7761,45.82773,8.71523,29471.1,-24.6,32.6,76.3,-63.1,1.5,-1.0,RS41-SG,404.900,10.1,-225,7,2.5,08:28:52,-1
2025-01-19T12:43:50.992Z,W2030009,7762,45.82780,8.71562,29446.1,-26.1,30.8,75.8,-63.0,1.4,-1.0,RS41-SG,404.900,11.6,-225,7,2.5,08:28:52,-1
2025-01-19T12:43:51.992Z,W2030009,7763,45.82786,8.71601,29419.7,-27.8,30.5,77.6,-63.0,1.4,-1.0,RS41-SG,404.900,11.6,-225,8,2.5,08:28:52,-1
2025-01-19T12:43:53.992Z,W2030009,7765,45.82797,8.71673,29355.5,-34.5,27.3,76.9,-63.2,1.5,-1.0,RS41-SG,404.900,10.0,-225,8,2.6,08:28:52,-1
2025-01-19T12:43:54.992Z,W2030009,7766,45.82803,8.71707,29321.5,-33.6,26.0,77.9,-63.1,1.4,-1.0,RS41-SG,404.900,9.8,-225,7,2.6,08:28:52,-1
2025-01-19T12:43:55.992Z,W2030009,7767,45.82808,8.71738,29290.0,-29.5,24.5,76.4,-63.1,1.5,-1.0,RS41-SG,404.900,10.6,-225,8,2.5,08:28:52,-1
2025-01-19T12:43:56.992Z,W2030009,7768,45.82813,8.71768,29260.8,-28.9,23.1,72.7,-63.0,1.5,-1.0,RS41-SG,404.900,11.5,-225,8,2.5,08:28:52,-1
2025-01-19T12:43:57.992Z,W2030009,7769,45.82820,8.71796,29231.2,-30.2,22.6,73.3,-62.9,1.4,-1.0,RS41-SG,404.900,11.5,-225,8,2.5,08:28:52,-1
2025-01-19T12:43:58.992Z,W2030009,7770,45.82826,8.71824,29200.0,-32.8,23.6,70.8,-62.7,1.4,-1.0,RS41-SG,404.900,10.8,-225,8,2.6,08:28:52,-1
2025-01-19T12:43:59.992Z,W2030009,7771,45.82833,8.71852,29167.6,-31.5,23.3,70.0,-62.6,1.4,-1.0,RS41-SG,404.900,10.8,-225,8,2.6,08:28:52,-1
2025-01-19T12:44:00.992Z,W2030009,7772,45.82840,8.71880,29135.2,-32.7,22.8,71.4,-62.5,1.4,-1.0,RS41-SG,404.900,10.9,-225,8,2.5,08:28:52,-1
2025-01-19T12:44:01.992Z,W2030009,7773,45.82846,8.71908,29101.3,-34.9,23.4,73.8,-62.3,1.3,-1.0,RS41-SG,404.900,10.9,-225,8,2.5,08:28:52,-1
2025-01-19T12:44:02.992Z,W2030009,7774,45.82852,8.71938,29067.0,-34.0,24.2,74.8,-62.1,1.3,-1.0,RS41-SG,404.900,9.4,-225,8,2.5,08:28:52,-1
2025-01-19T12:44:03.992Z,W2030009,7775,45.82857,8.71967,29031.1,-37.7,23.5,74.2,-62.0,1.3,-1.0,RS41-SG,404.900,10.4,-225,8,2.6,08:28:52,-1
2025-01-19T12:44:04.992Z,W2030009,7776,45.82863,8.71996,28992.6,-39.0,22.8,76.3,-61.9,1.3,-1.0,RS41-SG,404.900,10.4,-225,8,2.6,08:28:52,-1
2025-01-19T12:44:05.992Z,W2030009,7777,45.82867,8.72025,28953.8,-38.8,22.6,78.1,-62.0,1.3,-1.0,RS41-SG,404.900,10.2,-225,8,2.6,08:28:52,-1
2025-01-19T12:44:06.992Z,W2030009,7778,45.82871,8.72053,28914.6,-39.3,22.2,78.9,-62.1,1.3,-1.0,RS41-SG,404.900,9.4,-225,8,2.5,08:28:52,-1
2025-01-19T12:44:07.992Z,W2030009,7779,45.82875,8.72081,28875.8,-38.3,22.0,78.5,-62.4,1.4,-1.0,RS41-SG,404.900,9.8,-225,8,2.5,08:28:52,-1
2025-01-19T12:44:08.992Z,W2030009,7780,45.82879,8.72108,28837.3,-39.6,21.8,80.0,-62.8,1.4,-1.0,RS41-SG,404.900,10.1,-225,7,2.5,08:28:52,-1
2025-01-19T12:44:09.992Z,W2030009,7781,45.82882,8.72135,28799.6,-36.3,21.0,82.4,-63.0,1.5,-1.0,RS41-SG,404.900,10.1,-225,8,2.6,08:28:52,-1
2025-01-19T12:44:10.992Z,W2030009,7782,45.82884,8.72162,28763.3,-36.1,20.9,83.4,-63.3,1.5,-1.0,RS41-SG,404.900,8.9,-225,8,2.6,08:28:52,-1
2025-01-19T12:44:11.992Z,W2030009,7783,45.82886,8.72189,28727.6,-35.3,20.9,85.7,-63.6,1.6,-1.0,RS41-SG,404.900,10.2,-225,8,2.5,08:28:52,-1
2025-01-19T12:44:12.992Z,W2030009,7784,45.82887,8.72215,28692.3,-35.1,20.1,89.6,-63.7,1.6,-1.0,RS41-SG,404.900,10.2,-225,8,2.5,08:28:52,-1
2025-01-19T12:44:13.992Z,W2030009,7785,45.82886,8.72241,28657.0,-36.2,20.1,92.4,-63.9,1.6,-1.0,RS41-SG,404.900,9.8,-225,7,2.5,08:28:52,-1
2025-01-19T12:44:14.992Z,W2030009,7786,45.82885,8.72268,28621.7,-34.7,21.1,94.4,-63.9,1.6,-1.0,RS41-SG,404.900,9.8,-225,8,2.6,08:28:52,-1
2025-01-19T12:44:15.992Z,W2030009,7787,45.82883,8.72295,28586.3,-35.9,21.3,97.1,-63.8,1.6,-1.0,RS41-SG,404.900,9.6,-225,8,2.6,08:28:52,-1
2025-01-19T12:44:16.992Z,W2030009,7788,45.82880,8.72323,28551.7,-34.2,22.7,101.1,-63.8,1.6,-1.0,RS41-SG,404.900,9.6,-225,8,2.6,08:28:52,-1
2025-01-19T12:44:21.992Z,W2030009,7793,45.82856,8.72470,28379.8,-34.1,23.2,99.6,-63.5,1.5,-1.0,RS41-SG,404.900,9.0,-225,8,2.6,08:28:52,-1
