timestamp,serial,frame,lat,lon,alt,vel_v,vel_h,heading,temp,humidity,pressure,type,freq_mhz,snr,f_error_hz,sats,batt_v,burst_timer,aux_data
2025-01-02T23:50:39.000Z,M20-304-2-03879,1419897039,43.67202,4.98591,11373.3,4.7,34.5,124.0,56.1,58.0,215.5,0x20,405.004,9.5,375,-1,2.4,-1,-1
2025-01-02T23:50:43.000Z,M20-304-2-03879,1419897043,43.67133,4.98740,11396.4,7.0,36.2,121.2,56.1,57.7,214.7,0x20,405.004,4.1,375,-1,2.4,-1,-1
2025-01-02T23:50:48.000Z,M20-304-2-03879,1419897048,43.67039,4.98912,11420.6,4.4,34.5,129.0,56.2,57.6,213.8,0x20,405.004,6.4,375,-1,2.4,-1,-1
2025-01-02T23:51:06.000Z,M20-304-2-03879,1419897066,43.66703,4.99568,11522.4,5.9,36.6,122.7,56.2,56.8,210.2,0x20,405.004,5.4,375,-1,2.4,-1,-1
2025-01-02T23:51:09.000Z,M20-304-2-03879,1419897069,43.66648,4.99682,11538.4,4.3,36.3,125.9,56.2,56.8,209.7,0x20,405.004,6.0,750,-1,2.4,-1,-1
2025-01-02T23:51:10.000Z,M20-304-2-03879,1419897070,43.66629,4.99718,11543.2,5.6,35.5,125.0,56.2,56.7,209.5,0x20,405.004,7.2,375,-1,2.4,-1,-1
2025-01-02T23:51:11.000Z,M20-304-2-03879,1419897071,43.66611,4.99754,11548.6,4.9,35.2,124.3,56.2,56.6,209.3,0x20,405.004,7.2,375,-1,2.4,-1,-1
2025-01-02T23:51:13.000Z,M20-304-2-03879,1419897073,43.66576,4.99828,11559.1,5.8,36.2,123.9,56.2,56.6,209.0,0x20,405.004,8.5,375,-1,2.4,-1,-1
2025-01-02T23:51:14.000Z,M20-304-2-03879,1419897074,43.66557,4.99865,11564.5,5.4,37.9,124.1,56.1,56.6,208.8,0x20,405.004,8.5,375,-1,2.4,-1,-1
2025-01-02T23:51:15.000Z,M20-304-2-03879,1419897075,43.66537,4.99905,11569.7,4.6,39.0,125.8,56.1,56.5,208.6,0x20,405.004,8.8,375,-1,2.4,-1,-1
2025-01-02T23:51:16.000Z,M20-304-2-03879,1419897076,43.66517,4.99943,11575.2,6.4,38.9,127.7,56.1,56.4,208.4,0x20,405.004,8.8,375,-1,2.4,-1,-1
2025-01-02T23:51:17.000Z,M20-304-2-03879,1419897077,43.66496,4.99981,11582.0,6.6,37.5,126.0,56.1,56.4,208.2,0x20,405.004,8.2,375,-1,2.4,-1,-1
2025-01-02T23:51:18.000Z,M20-304-2-03879,1419897078,43.66477,5.00018,11589.1,7.9,36.4,125.6,56.1,56.4,208.0,0x20,405.004,8.2,375,-1,2.4,-1,-1
2025-01-02T23:51:19.000Z,M20-304-2-03879,1419897079,43.66458,5.00054,11595.1,4.5,34.8,125.7,56.1,56.4,207.8,0x20,405.004,6.6,375,-1,2.4,-1,-1
2025-01-02T23:51:20.000Z,M20-304-2-03879,1419897080,43.66440,5.00089,11599.3,3.9,34.2,123.8,56.1,56.3,207.6,0x20,405.004,6.6,750,-1,2.4,-1,-1
2025-01-02T23:51:21.000Z,M20-304-2-03879,1419897081,43.66423,5.00124,11603.7,4.8,33.6,123.5,56.1,56.2,207.5,0x20,405.004,5.4,375,-1,2.4,-1,-1
2025-01-02T23:51:22.000Z,M20-304-2-03879,1419897082,43.66407,5.00159,11608.6,5.0,33.2,123.2,56.1,56.2,207.3,0x20,405.004,8.8,375,-1,2.4,-1,-1
2025-01-02T23:51:23.000Z,M20-304-2-03879,1419897083,43.66390,5.00194,11615.1,7.5,35.2,124.5,56.1,56.1,207.1,0x20,405.004,11.6,375,-1,2.4,-1,-1
2025-01-02T23:51:24.000Z,M20-304-2-03879,1419897084,43.66371,5.00230,11621.7,5.3,37.0,125.6,56.1,56.1,206.9,0x20,405.004,15.6,375,-1,2.4,-1,-1
2025-01-02T23:51:25.000Z,M20-304-2-03879,1419897085,43.66351,5.00269,11627.0,4.7,39.0,124.4,56.1,56.0,206.7,0x20,405.004,15.6,375,-1,2.4,-1,-1
2025-01-02T23:51:26.000Z,M20-304-2-03879,1419897086,43.66331,5.00309,11632.0,5.6,40.3,124.6,56.1,56.0,206.4,0x20,405.004,14.4,375,-1,2.4,-1,-1
2025-01-02T23:51:27.000Z,M20-304-2-03879,1419897087,43.66311,5.00351,11638.6,7.4,40.8,124.3,56.1,55.9,206.2,0x20,405.004,14.8,375,-1,2.4,-1,-1
2025-01-02T23:51:28.000Z,M20-304-2-03879,1419897088,43.66291,5.00392,11645.7,7.1,39.0,122.9,56.2,55.9,206.0,0x20,405.004,14.8,375,-1,2.4,-1,-1
2025-01-02T23:51:29.000Z,M20-304-2-03879,1419897089,43.66272,5.00431,11652.0,5.0,36.9,123.2,56.1,55.9,205.8,0x20,405.004,13.4,375,-1,2.4,-1,-1
2025-01-02T23:51:30.000Z,M20-304-2-03879,1419897090,43.66254,5.00468,11658.8,7.3,35.4,123.4,56.1,55.8,205.5,0x20,405.004,14.1,375,-1,2.4,-1,-1
2025-01-02T23:51:31.000Z,M20-304-2-03879,1419897091,43.66237,5.00505,11665.8,7.2,34.6,122.2,56.1,55.7,205.3,0x20,405.004,14.1,375,-1,2.4,-1,-1
2025-01-02T23:51:32.000Z,M20-304-2-03879,1419897092,43.66219,5.00542,11672.5,6.3,36.5,124.4,56.1,55.7,205.1,0x20,405.004,8.1,375,-1,2.4,-1,-1
2025-01-02T23:51:33.000Z,M20-304-2-03879,1419897093,43.66200,5.00580,11679.0,5.5,38.2,126.6,56.1,55.7,204.9,0x20,405.004,8.1,375,-1,2.4,-1,-1
2025-01-02T23:51:34.000Z,M20-304-2-03879,1419897094,43.66179,5.00617,11683.9,5.4,39.0,129.1,56.1,55.6,204.7,0x20,405.004,9.6,375,-1,2.4,-1,-1
2025-01-02T23:51:35.000Z,M20-304-2-03879,1419897095,43.66157,5.00655,11690.1,7.0,40.1,129.3,56.1,55.6,204.5,0x20,405.004,14.5,375,-1,2.4,-1,-1
2025-01-02T23:51:36.000Z,M20-304-2-03879,1419897096,43.66134,5.00694,11696.8,5.2,39.2,127.0,56.1,55.5,204.3,0x20,405.004,15.8,375,-1,2.4,-1,-1
2025-01-02T23:51:37.000Z,M20-304-2-03879,1419897097,43.66114,5.00732,11703.3,7.6,37.8,125.0,56.1,55.5,204.1,0x20,405.004,17.1,375,-1,2.4,-1,-1
2025-01-02T23:51:38.000Z,M20-304-2-03879,1419897098,43.66095,5.00771,11710.0,5.8,37.4,123.6,56.1,55.5,203.8,0x20,405.004,17.1,375,-1,2.4,-1,-1
2025-01-02T23:51:39.000Z,M20-304-2-03879,1419897099,43.66077,5.00809,11714.9,4.2,36.2,123.9,56.1,55.5,203.6,0x20,405.004,16.8,375,-1,2.4,-1,-1
2025-01-02T23:51:40.000Z,M20-304-2-03879,1419897100,43.66058,5.00845,11720.9,7.9,36.2,126.4,56.1,55.4,203.4,0x20,405.004,15.1,375,-1,2.4,-1,-1
2025-01-02T23:51:41.000Z,M20-304-2-03879,1419897101,43.66039,5.00882,11727.0,5.9,36.6,126.7,56.1,55.4,203.2,0x20,405.004,18.0,375,-1,2.4,-1,-1
2025-01-02T23:51:42.000Z,M20-304-2-03879,1419897102,43.66019,5.00917,11732.7,4.9,36.6,128.5,56.1,55.3,203.0,0x20,405.004,18.0,375,-1,2.4,-1,-1
2025-01-02T23:51:43.000Z,M20-304-2-03879,1419897103,43.65998,5.00952,11738.9,7.3,35.3,128.7,56.1,55.3,202.8,0x20,405.004,16.8,375,-1,2.4,-1,-1
2025-01-02T23:51:44.000Z,M20-304-2-03879,1419897104,43.65979,5.00987,11746.3,7.5,35.1,126.5,56.2,55.2,202.6,0x20,405.004,17.8,375,-1,2.4,-1,-1
2025-01-02T23:51:45.000Z,M20-304-2-03879,1419897105,43.65960,5.01021,11752.9,6.1,35.8,128.0,56.0,55.2,202.3,0x20,405.004,17.8,375,-1,2.4,-1,-1
2025-01-02T23:51:46.000Z,M20-304-2-03879,1419897106,43.65941,5.01058,11760.4,7.7,35.9,124.3,56.1,55.1,202.0,0x20,405.004,7.4,375,-1,2.4,-1,-1
2025-01-02T23:51:47.000Z,M20-304-2-03879,1419897107,43.65922,5.01095,11769.1,9.1,37.3,125.2,56.1,55.1,201.8,0x20,405.004,8.1,375,-1,2.4,-1,-1
2025-01-02T23:51:48.000Z,M20-304-2-03879,1419897108,43.65903,5.01133,11776.0,4.8,37.5,123.8,56.1,55.0,201.6,0x20,405.004,12.0,375,-1,2.4,-1,-1
2025-01-02T23:51:49.000Z,M20-304-2-03879,1419897109,43.65883,5.01171,11782.2,7.8,37.6,125.7,56.1,54.9,201.4,0x20,405.004,12.0,375,-1,2.4,-1,-1
2025-01-02T23:51:50.000Z,M20-304-2-03879,1419897110,43.65864,5.01208,11789.3,5.3,36.5,126.0,56.1,55.0,201.2,0x20,405.004,15.3,375,-1,2.4,-1,-1
2025-01-02T23:51:51.000Z,M20-304-2-03879,1419897111,43.65846,5.01244,11794.4,5.4,33.9,123.5,56.1,54.9,201.0,0x20,405.004,20.8,375,-1,2.4,-1,-1
2025-01-02T23:51:52.000Z,M20-304-2-03879,1419897112,43.65829,5.01278,11800.1,6.8,32.8,124.9,56.0,54.9,200.8,0x20,405.004,20.8,375,-1,2.4,-1,-1
2025-01-02T23:51:53.000Z,M20-304-2-03879,1419897113,43.65811,5.01312,11805.1,3.5,34.2,125.8,56.2,54.8,200.6,0x20,405.004,16.3,375,-1,2.4,-1,-1
2025-01-02T23:51:54.000Z,M20-304-2-03879,1419897114,43.65793,5.01346,11810.2,5.0,34.5,126.4,56.1,54.7,200.5,0x20,405.004,17.4,375,-1,2.4,-1,-1
2025-01-02T23:51:55.000Z,M20-304-2-03879,1419897115,43.65774,5.01381,11815.6,5.9,35.4,126.1,56.1,54.7,200.3,0x20,405.004,17.4,375,-1,2.4,-1,-1
2025-01-02T23:51:56.000Z,M20-304-2-03879,1419897116,43.65756,5.01418,11821.7,5.9,36.9,123.9,56.1,54.7,200.1,0x20,405.004,17.9,375,-1,2.4,-1,-1
2025-01-02T23:51:57.000Z,M20-304-2-03879,1419897117,43.65737,5.01457,11827.5,5.9,38.5,124.0,56.1,54.6,199.9,0x20,405.004,17.9,375,-1,2.4,-1,-1
2025-01-02T23:51:58.000Z,M20-304-2-03879,1419897118,43.65717,5.01497,11832.9,6.4,39.6,123.2,56.1,54.5,199.8,0x20,405.004,16.2,375,-1,2.4,-1,-1
2025-01-02T23:51:59.000Z,M20-304-2-03879,1419897119,43.65698,5.01537,11838.5,5.8,38.1,123.4,56.1,54.5,199.5,0x20,405.004,10.1,375,-1,2.4,-1,-1
2025-01-02T23:52:00.000Z,M20-304-2-03879,1419897120,43.65680,5.01576,11843.5,4.8,37.2,124.5,56.1,54.5,199.4,0x20,405.004,10.1,375,-1,2.4,-1,-1
2025-01-02T23:52:01.000Z,M20-304-2-03879,1419897121,43.65660,5.01612,11848.4,4.8,36.5,126.9,56.1,54.4,199.2,0x20,405.004,9.7,375,-1,2.4,-1,-1
2025-01-02T23:52:02.000Z,M20-304-2-03879,1419897122,43.65641,5.01648,11852.7,4.4,36.6,128.0,56.1,54.4,199.0,0x20,405.004,18.2,375,-1,2.4,-1,-1
2025-01-02T23:52:03.000Z,M20-304-2-03879,1419897123,43.65621,5.01684,11858.1,4.4,36.2,127.2,56.1,54.3,198.9,0x20,405.004,18.2,375,-1,2.4,-1,-1
2025-01-02T23:52:04.000Z,M20-304-2-03879,1419897124,43.65602,5.01720,11862.4,4.8,36.7,124.2,56.1,54.3,198.8,0x20,405.004,18.3,375,-1,2.4,-1,-1
2025-01-02T23:52:05.000Z,M20-304-2-03879,1419897125,43.65583,5.01759,11867.2,4.3,37.8,123.9,56.1,54.2,198.6,0x20,405.004,18.3,375,-1,2.4,-1,-1
2025-01-02T23:52:06.000Z,M20-304-2-03879,1419897126,43.65564,5.01798,11871.0,3.7,38.7,122.8,56.1,54.3,198.5,0x20,405.004,21.2,375,-1,2.4,-1,-1
2025-01-02T23:52:07.000Z,M20-304-2-03879,1419897127,43.65546,5.01839,11875.3,5.0,38.7,120.6,56.1,54.2,198.3,0x20,405.004,21.2,375,-1,2.4,-1,-1
2025-01-02T23:52:08.000Z,M20-304-2-03879,1419897128,43.65529,5.01880,11879.5,3.7,38.0,119.7,56.1,54.2,198.2,0x20,405.004,21.2,375,-1,2.4,-1,-1
2025-01-02T23:52:09.000Z,M20-304-2-03879,1419897129,43.65511,5.01921,11883.5,4.7,38.1,121.5,56.1,54.1,198.0,0x20,405.004,20.2,375,-1,2.4,-1,-1
2025-01-02T23:52:10.000Z,M20-304-2-03879,1419897130,43.65493,5.01961,11888.0,4.4,38.0,123.4,56.1,54.1,197.9,0x20,405.004,16.2,375,-1,2.4,-1,-1
2025-01-02T23:52:11.000Z,M20-304-2-03879,1419897131,43.65475,5.01998,11892.7,5.2,36.3,124.7,56.1,54.0,197.7,0x20,405.004,15.5,375,-1,2.4,-1,-1
2025-01-02T23:52:12.000Z,M20-304-2-03879,1419897132,43.65456,5.02034,11897.5,4.8,35.0,125.4,56.1,54.0,197.6,0x20,405.004,9.8,375,-1,2.4,-1,-1
2025-01-02T23:52:13.000Z,M20-304-2-03879,1419897133,43.65438,5.02070,11902.5,4.0,35.3,126.5,56.1,53.9,197.4,0x20,405.004,9.8,375,-1,2.4,-1,-1
2025-01-02T23:52:14.000Z,M20-304-2-03879,1419897134,43.65419,5.02106,11907.0,5.4,35.7,125.5,56.1,53.8,197.2,0x20,405.004,9.7,375,-1,2.4,-1,-1
2025-01-02T23:52:14.000Z,M20-304-2-03879,1419897134,43.65400,5.02143,11912.4,5.0,36.6,123.5,56.1,53.9,197.1,0x20,405.004,15.8,375,-1,2.4,-1,-1
2025-01-02T23:52:15.000Z,M20-304-2-03879,1419897135,43.65382,5.02182,11918.5,7.3,38.3,122.7,56.1,53.8,196.9,0x20,405.004,18.3,375,-1,2.4,-1,-1
2025-01-02T23:52:17.000Z,M20-304-2-03879,1419897137,43.65363,5.02222,11924.6,5.7,39.1,123.2,56.1,53.8,196.7,0x20,405.004,19.9,375,-1,2.4,-1,-1
2025-01-02T23:52:18.000Z,M20-304-2-03879,1419897138,43.65344,5.02262,11929.6,4.3,38.1,123.2,56.1,53.7,196.5,0x20,405.004,19.9,375,-1,2.4,-1,-1
2025-01-02T23:52:19.000Z,M20-304-2-03879,1419897139,43.65325,5.02301,11935.1,6.3,38.4,125.0,56.1,53.8,196.3,0x20,405.004,19.7,375,-1,2.4,-1,-1
2025-01-02T23:52:20.000Z,M20-304-2-03879,1419897140,43.65305,5.02339,11941.3,7.1,38.0,125.9,56.2,53.7,196.1,0x20,405.004,18.6,375,-1,2.4,-1,-1
2025-01-02T23:52:21.000Z,M20-304-2-03879,1419897141,43.65285,5.02376,11947.7,5.5,35.8,126.5,56.2,53.6,195.9,0x20,405.004,21.5,375,-1,2.4,-1,-1
2025-01-02T23:52:22.000Z,M20-304-2-03879,1419897142,43.65266,5.02412,11953.4,6.2,35.9,126.0,56.1,53.6,195.7,0x20,405.004,21.5,375,-1,2.4,-1,-1
2025-01-02T23:52:23.000Z,M20-304-2-03879,1419897143,43.65248,5.02448,11959.4,6.1,36.1,123.1,56.1,53.6,195.5,0x20,405.004,21.5,375,-1,2.4,-1,-1
2025-01-02T23:52:24.000Z,M20-304-2-03879,1419897144,43.65229,5.02486,11965.6,6.4,37.7,122.9,56.1,53.5,195.3,0x20,405.004,19.1,375,-1,2.4,-1,-1
2025-01-02T23:52:25.000Z,M20-304-2-03879,1419897145,43.65210,5.02526,11971.8,6.0,39.6,124.2,56.2,53.5,195.1,0x20,405.004,10.8,375,-1,2.4,-1,-1
2025-01-02T23:52:26.000Z,M20-304-2-03879,1419897146,43.65190,5.02567,11977.9,6.1,40.2,123.1,56.1,53.4,194.9,0x20,405.004,10.8,375,-1,2.4,-1,-1
2025-01-02T23:52:27.000Z,M20-304-2-03879,1419897147,43.65171,5.02608,11982.8,5.1,39.8,124.3,56.1,53.4,194.7,0x20,405.004,9.9,375,-1,2.4,-1,-1
2025-01-02T23:52:28.000Z,M20-304-2-03879,1419897148,43.65151,5.02649,11988.9,7.5,39.0,123.8,56.1,53.3,194.6,0x20,405.004,14.5,375,-1,2.4,-1,-1
2025-01-02T23:52:29.000Z,M20-304-2-03879,1419897149,43.65132,5.02688,11995.2,5.6,37.7,123.4,56.1,53.3,194.4,0x20,405.004,19.5,375,-1,2.4,-1,-1
2025-01-02T23:52:30.000Z,M20-304-2-03879,1419897150,43.65113,5.02727,12000.0,5.2,37.3,124.1,56.1,53.3,194.2,0x20,405.004,19.5,375,-1,2.4,-1,-1
2025-01-02T23:52:31.000Z,M20-304-2-03879,1419897151,43.65094,5.02764,12006.4,6.3,36.6,126.2,56.2,53.2,194.0,0x20,405.004,18.8,375,-1,2.4,-1,-1
2025-01-02T23:52:32.000Z,M20-304-2-03879,1419897152,43.65074,5.02800,12011.9,4.9,36.4,128.8,56.1,53.3,193.8,0x20,405.004,17.7,375,-1,2.4,-1,-1
2025-01-02T23:52:33.000Z,M20-304-2-03879,1419897153,43.65053,5.02836,12017.4,6.7,38.2,129.6,56.1,53.1,193.6,0x20,405.004,20.7,375,-1,2.4,-1,-1
2025-01-02T23:52:34.000Z,M20-304-2-03879,1419897154,43.65032,5.02873,12023.0,4.8,37.7,126.9,56.2,53.1,193.4,0x20,405.004,20.7,375,-1,2.4,-1,-1
2025-01-02T23:52:35.000Z,M20-304-2-03879,1419897155,43.65011,5.02910,12027.6,4.6,38.4,126.3,56.2,53.0,193.2,0x20,405.004,19.7,375,-1,2.4,-1,-1
2025-01-02T23:52:36.000Z,M20-304-2-03879,1419897156,43.64992,5.02949,12032.7,6.4,38.4,122.1,56.1,53.1,193.0,0x20,405.004,19.7,375,-1,2.4,-1,-1
2025-01-02T23:52:37.000Z,M20-304-2-03879,1419897157,43.64975,5.02990,12038.0,4.6,37.3,119.8,56.1,53.0,192.9,0x20,405.004,19.7,375,-1,2.4,-1,-1
2025-01-02T23:52:38.000Z,M20-304-2-03879,1419897158,43.64959,5.03030,12041.3,2.9,37.6,118.9,56.1,52.9,192.7,0x20,405.004,10.0,375,-1,2.4,-1,-1
2025-01-02T23:52:39.000Z,M20-304-2-03879,1419897159,43.64942,5.03070,12046.7,7.0,36.9,120.8,56.2,52.9,192.6,0x20,405.004,10.2,375,-1,2.4,-1,-1
2025-01-02T23:52:40.000Z,M20-304-2-03879,1419897160,43.64924,5.03109,12053.5,6.8,37.7,124.6,56.2,52.9,192.4,0x20,405.004,11.5,375,-1,2.4,-1,-1
2025-01-02T23:52:41.000Z,M20-304-2-03879,1419897161,43.64904,5.03147,12059.2,5.2,38.7,126.8,56.1,52.8,192.2,0x20,405.004,11.5,375,-1,2.4,-1,-1
2025-01-02T23:52:42.000Z,M20-304-2-03879,1419897162,43.64883,5.03186,12064.4,5.0,38.1,125.1,56.1,52.7,192.0,0x20,405.004,15.9,375,-1,2.4,-1,-1
2025-01-02T23:52:43.000Z,M20-304-2-03879,1419897163,43.64864,5.03225,12069.6,5.9,38.8,123.0,56.2,52.8,191.9,0x20,405.004,19.7,375,-1,2.4,-1,-1
2025-01-02T23:52:44.000Z,M20-304-2-03879,1419897164,43.64845,5.03265,12074.6,4.5,38.1,123.4,56.1,52.7,191.7,0x20,405.004,19.7,375,-1,2.4,-1,-1
2025-01-02T23:52:45.000Z,M20-304-2-03879,1419897165,43.64827,5.03303,12079.6,6.9,36.5,123.7,56.2,52.7,191.5,0x20,405.004,19.8,375,-1,2.4,-1,-1
2025-01-02T23:52:46.000Z,M20-304-2-03879,1419897166,43.64809,5.03340,12086.4,6.3,35.5,124.3,56.2,52.7,191.3,0x20,405.004,19.8,375,-1,2.4,-1,-1
2025-01-02T23:52:47.000Z,M20-304-2-03879,1419897167,43.64791,5.03377,12091.0,4.0,35.5,124.0,56.2,52.6,191.2,0x20,405.004,21.6,375,-1,2.4,-1,-1
2025-01-02T23:52:48.000Z,M20-304-2-03879,1419897168,43.64774,5.03413,12095.4,5.3,34.9,123.4,56.2,52.6,191.0,0x20,405.004,21.6,375,-1,2.4,-1,-1
2025-01-02T23:52:49.000Z,M20-304-2-03879,1419897169,43.64757,5.03449,12101.3,6.3,34.7,120.8,56.1,52.5,190.8,0x20,405.004,19.5,375,-1,2.4,-1,-1
2025-01-02T23:52:50.000Z,M20-304-2-03879,1419897170,43.64741,5.03486,12107.2,5.1,35.2,120.8,56.2,52.5,190.6,0x20,405.004,19.5,375,-1,2.4,-1,-1
2025-01-02T23:52:51.000Z,M20-304-2-03879,1419897171,43.64724,5.03524,12112.6,5.6,36.5,121.0,56.2,52.4,190.5,0x20,405.004,19.0,375,-1,2.4,-1,-1
2025-01-02T23:52:52.000Z,M20-304-2-03879,1419897172,43.64707,5.03564,12117.4,4.8,38.2,121.7,56.2,52.4,190.3,0x20,405.004,19.0,375,-1,2.4,-1,-1
2025-01-02T23:52:53.000Z,M20-304-2-03879,1419897173,43.64688,5.03604,12121.6,3.7,39.3,122.2,56.2,52.5,190.2,0x20,405.004,9.0,375,-1,2.4,-1,-1
2025-01-02T23:52:54.000Z,M20-304-2-03879,1419897174,43.64670,5.03644,12126.6,6.2,37.4,122.0,56.2,52.4,190.0,0x20,405.004,12.8,375,-1,2.4,-1,-1
2025-01-02T23:52:55.000Z,M20-304-2-03879,1419897175,43.64653,5.03683,12131.9,4.9,36.4,121.6,56.2,52.3,189.8,0x20,405.004,19.4,375,-1,2.4,-1,-1
2025-01-02T23:52:56.000Z,M20-304-2-03879,1419897176,43.64636,5.03721,12137.2,4.8,35.9,120.8,56.2,52.3,189.7,0x20,405.004,19.4,375,-1,2.4,-1,-1
2025-01-02T23:52:57.000Z,M20-304-2-03879,1419897177,43.64619,5.03759,12141.0,4.3,36.0,122.2,56.2,52.3,189.5,0x20,405.004,19.3,375,-1,2.4,-1,-1
2025-01-02T23:52:58.000Z,M20-304-2-03879,1419897178,43.64601,5.03796,12145.3,4.0,36.2,124.5,56.2,52.3,189.4,0x20,405.004,21.6,375,-1,2.4,-1,-1
2025-01-02T23:52:59.000Z,M20-304-2-03879,1419897179,43.64583,5.03833,12149.0,3.2,36.9,126.1,56.2,52.3,189.3,0x20,405.004,21.6,375,-1,2.4,-1,-1
2025-01-02T23:53:00.000Z,M20-304-2-03879,1419897180,43.64563,5.03871,12153.1,5.0,38.3,125.1,56.3,52.2,189.2,0x20,405.004,18.9,375,-1,2.4,-1,-1
2025-01-02T23:53:01.000Z,M20-304-2-03879,1419897181,43.64544,5.03910,12157.4,3.8,39.1,123.0,56.2,52.2,189.0,0x20,405.004,19.4,375,-1,2.4,-1,-1
2025-01-02T23:53:02.000Z,M20-304-2-03879,1419897182,43.64525,5.03951,12162.0,5.6,38.8,121.0,56.2,52.1,188.9,0x20,405.004,19.4,375,-1,2.4,-1,-1
2025-01-02T23:53:03.000Z,M20-304-2-03879,1419897183,43.64507,5.03992,12166.1,3.4,37.6,121.0,56.2,52.1,188.8,0x20,405.004,17.7,375,-1,2.4,-1,-1
2025-01-02T23:53:04.000Z,M20-304-2-03879,1419897184,43.64490,5.04031,12169.6,4.3,37.5,122.1,56.2,52.1,188.7,0x20,405.004,16.9,375,-1,2.4,-1,-1
2025-01-02T23:53:05.000Z,M20-304-2-03879,1419897185,43.64472,5.04071,12173.9,4.4,38.3,122.4,56.2,52.0,188.5,0x20,405.004,9.2,375,-1,2.4,-1,-1
2025-01-02T23:53:06.000Z,M20-304-2-03879,1419897186,43.64453,5.04110,12177.5,2.9,38.1,123.2,56.2,52.0,188.4,0x20,405.004,9.5,375,-1,2.4,-1,-1
2025-01-02T23:53:07.000Z,M20-304-2-03879,1419897187,43.64435,5.04150,12180.9,4.2,37.1,121.3,56.3,52.0,188.2,0x20,405.004,10.9,375,-1,2.4,-1,-1
2025-01-02T23:53:08.000Z,M20-304-2-03879,1419897188,43.64418,5.04188,12185.6,5.2,35.7,120.3,56.2,52.0,188.1,0x20,405.004,12.9,375,-1,2.4,-1,-1
2025-01-02T23:53:09.000Z,M20-304-2-03879,1419897189,43.64402,5.04227,12190.3,4.0,35.2,121.0,56.2,51.9,188.0,0x20,405.004,21.2,375,-1,2.4,-1,-1
2025-01-02T23:53:10.000Z,M20-304-2-03879,1419897190,43.64385,5.04263,12196.2,6.6,34.8,123.1,56.2,51.8,187.8,0x20,405.004,21.2,375,-1,2.4,-1,-1
2025-01-02T23:53:11.000Z,M20-304-2-03879,1419897191,43.64367,5.04300,12200.5,3.2,36.8,123.5,56.2,51.8,187.7,0x20,405.004,18.9,375,-1,2.4,-1,-1
2025-01-02T23:53:12.000Z,M20-304-2-03879,1419897192,43.64349,5.04338,12204.5,5.1,36.1,125.6,56.2,51.8,187.6,0x20,405.004,18.9,375,-1,2.4,-1,-1
2025-01-02T23:53:13.000Z,M20-304-2-03879,1419897193,43.64329,5.04375,12208.8,4.0,37.3,125.5,56.1,51.7,187.4,0x20,405.004,17.6,375,-1,2.4,-1,-1
2025-01-02T23:53:14.000Z,M20-304-2-03879,1419897194,43.64310,5.04413,12212.7,4.3,37.5,123.9,56.2,51.7,187.3,0x20,405.004,20.4,375,-1,2.4,-1,-1
2025-01-02T23:53:15.000Z,M20-304-2-03879,1419897195,43.64292,5.04452,12217.6,6.2,37.5,121.4,56.1,51.7,187.1,0x20,405.004,20.4,375,-1,2.4,-1,-1
2025-01-02T23:53:16.000Z,M20-304-2-03879,1419897196,43.64275,5.04492,12222.9,4.8,37.6,118.6,56.2,51.7,187.0,0x20,405.004,17.7,375,-1,2.4,-1,-1
2025-01-02T23:53:17.000Z,M20-304-2-03879,1419897197,43.64259,5.04534,12227.2,3.9,37.5,116.8,56.2,51.8,186.8,0x20,405.004,17.7,0,-1,2.4,-1,-1
2025-01-02T23:53:18.000Z,M20-304-2-03879,1419897198,43.64243,5.04576,12230.6,3.7,38.7,117.5,56.2,51.6,186.7,0x20,405.004,8.4,0,-1,2.4,-1,-1
2025-01-02T23:53:19.000Z,M20-304-2-03879,1419897199,43.64227,5.04618,12235.7,6.8,38.3,116.9,56.1,51.6,186.5,0x20,405.004,8.7,375,-1,2.4,-1,-1
2025-01-02T23:53:20.000Z,M20-304-2-03879,1419897200,43.64212,5.04659,12240.5,3.8,36.8,117.1,56.2,51.6,186.4,0x20,405.004,8.7,375,-1,2.4,-1,-1
2025-01-02T23:53:21.000Z,M20-304-2-03879,1419897201,43.64196,5.04699,12244.6,4.6,36.3,119.9,56.1,51.5,186.2,0x20,405.004,15.6,0,-1,2.4,-1,-1
2025-01-02T23:53:22.000Z,M20-304-2-03879,1419897202,43.64179,5.04738,12249.7,6.0,37.2,122.8,56.2,51.5,186.0,0x20,405.004,18.0,0,-1,2.4,-1,-1
2025-01-02T23:53:23.000Z,M20-304-2-03879,1419897203,43.64160,5.04777,12256.4,5.5,37.0,123.9,56.2,51.5,185.9,0x20,405.004,18.0,375,-1,2.4,-1,-1
2025-01-02T23:53:24.000Z,M20-304-2-03879,1419897204,43.64141,5.04816,12263.1,6.4,36.3,124.5,56.2,51.5,185.7,0x20,405.004,18.0,375,-1,2.4,-1,-1
2025-01-02T23:53:25.000Z,M20-304-2-03879,1419897205,43.64123,5.04853,12269.8,7.0,35.6,123.4,56.2,51.5,185.4,0x20,405.004,17.4,375,-1,2.4,-1,-1
2025-01-02T23:53:26.000Z,M20-304-2-03879,1419897206,43.64106,5.04890,12275.6,4.3,35.4,122.2,56.1,51.4,185.3,0x20,405.004,17.4,375,-1,2.4,-1,-1
2025-01-02T23:53:27.000Z,M20-304-2-03879,1419897207,43.64089,5.04928,12280.7,5.5,37.1,120.0,56.1,51.4,185.1,0x20,405.004,18.5,375,-1,2.4,-1,-1
2025-01-02T23:53:28.000Z,M20-304-2-03879,1419897208,43.64072,5.04969,12285.8,4.6,39.1,119.5,56.1,51.4,185.0,0x20,405.004,18.5,375,-1,2.4,-1,-1
2025-01-02T23:53:29.000Z,M20-304-2-03879,1419897209,43.64055,5.05012,12291.2,5.7,39.3,118.1,56.1,51.4,184.8,0x20,405.004,17.2,375,-1,2.4,-1,-1
2025-01-02T23:53:30.000Z,M20-304-2-03879,1419897210,43.64038,5.05053,12296.3,4.5,37.9,119.3,56.1,51.4,184.6,0x20,405.004,13.4,0,-1,2.4,-1,-1
2025-01-02T23:53:31.000Z,M20-304-2-03879,1419897211,43.64021,5.05093,12300.9,5.0,35.3,121.5,56.1,51.3,184.5,0x20,405.004,8.1,0,-1,2.4,-1,-1
2025-01-02T23:53:32.000Z,M20-304-2-03879,1419897212,43.64005,5.05128,12304.9,4.0,33.8,123.2,56.1,51.3,184.3,0x20,405.004,8.4,0,-1,2.4,-1,-1
2025-01-02T23:53:33.000Z,M20-304-2-03879,1419897213,43.63988,5.05163,12308.7,4.0,34.2,123.9,56.1,51.3,184.2,0x20,405.004,8.9,0,-1,2.4,-1,-1
2025-01-02T23:53:34.000Z,M20-304-2-03879,1419897214,43.63970,5.05200,12313.1,5.0,36.7,122.8,56.2,51.2,184.0,0x20,405.004,12.3,0,-1,2.4,-1,-1
2025-01-02T23:53:35.000Z,M20-304-2-03879,1419897215,43.63952,5.05239,12317.1,2.7,38.6,122.1,56.2,51.2,183.9,0x20,405.004,18.5,0,-1,2.4,-1,-1
2025-01-02T23:53:36.000Z,M20-304-2-03879,1419897216,43.63933,5.05281,12321.2,5.3,39.8,122.8,56.1,51.2,183.8,0x20,405.004,18.5,375,-1,2.4,-1,-1
2025-01-02T23:53:37.000Z,M20-304-2-03879,1419897217,43.63914,5.05322,12325.6,4.0,39.3,124.0,56.1,51.1,183.7,0x20,405.004,16.9,0,-1,2.4,-1,-1
2025-01-02T23:53:38.000Z,M20-304-2-03879,1419897218,43.63894,5.05362,12328.9,3.0,38.5,123.9,56.1,51.1,183.6,0x20,405.004,16.6,375,-1,2.4,-1,-1
2025-01-02T23:53:39.000Z,M20-304-2-03879,1419897219,43.63876,5.05401,12333.2,5.4,37.5,121.1,56.2,51.0,183.4,0x20,405.004,16.6,375,-1,2.4,-1,-1
2025-01-02T23:53:40.000Z,M20-304-2-03879,1419897220,43.63858,5.05441,12337.4,3.3,37.8,120.3,56.2,51.1,183.3,0x20,405.004,16.2,375,-1,2.4,-1,-1
2025-01-02T23:53:41.000Z,M20-304-2-03879,1419897221,43.63841,5.05481,12341.3,5.5,37.1,120.1,56.1,51.0,183.2,0x20,405.004,18.1,0,-1,2.4,-1,-1
2025-01-02T23:53:42.000Z,M20-304-2-03879,1419897222,43.63824,5.05521,12346.6,4.4,37.0,121.4,56.1,51.1,183.0,0x20,405.004,18.1,0,-1,2.4,-1,-1
2025-01-02T23:53:43.000Z,M20-304-2-03879,1419897223,43.63807,5.05560,12350.5,3.5,37.2,121.4,56.2,51.1,182.9,0x20,405.004,13.7,0,-1,2.4,-1,-1
2025-01-02T23:53:44.000Z,M20-304-2-03879,1419897224,43.63790,5.05599,12355.1,5.0,37.4,120.7,56.1,51.0,182.8,0x20,405.004,13.7,0,-1,2.4,-1,-1
2025-01-02T23:53:45.000Z,M20-304-2-03879,1419897225,43.63773,5.05640,12360.3,4.5,38.0,119.3,56.2,51.0,182.6,0x20,405.004,7.0,0,-1,2.4,-1,-1
2025-01-02T23:53:46.000Z,M20-304-2-03879,1419897226,43.63755,5.05681,12366.4,6.3,37.7,120.9,56.2,50.8,182.4,0x20,405.004,7.3,0,-1,2.4,-1,-1
2025-01-02T23:53:47.000Z,M20-304-2-03879,1419897227,43.63738,5.05720,12371.4,4.4,37.8,122.5,56.2,50.9,182.3,0x20,405.004,9.6,0,-1,2.4,-1,-1
2025-01-02T23:53:48.000Z,M20-304-2-03879,1419897228,43.63719,5.05760,12375.3,3.8,38.1,122.8,56.2,50.9,182.2,0x20,405.004,13.0,0,-1,2.4,-1,-1
2025-01-02T23:53:49.000Z,M20-304-2-03879,1419897229,43.63701,5.05800,12380.0,5.5,38.3,122.1,56.2,50.8,182.0,0x20,405.004,16.5,0,-1,2.4,-1,-1
2025-01-02T23:53:50.000Z,M20-304-2-03879,1419897230,43.63683,5.05839,12385.7,5.5,37.7,123.2,56.3,50.8,181.8,0x20,405.004,17.1,0,-1,2.4,-1,-1
2025-01-02T23:53:51.000Z,M20-304-2-03879,1419897231,43.63664,5.05878,12392.0,6.9,37.8,122.8,56.1,50.8,181.7,0x20,405.004,17.1,0,-1,2.4,-1,-1
2025-01-02T23:53:52.000Z,M20-304-2-03879,1419897232,43.63645,5.05918,12397.9,5.2,38.7,121.8,56.2,50.7,181.5,0x20,405.004,18.4,375,-1,2.4,-1,-1
2025-01-02T23:53:53.000Z,M20-304-2-03879,1419897233,43.63627,5.05959,12403.2,5.5,39.2,122.3,56.3,50.8,181.3,0x20,405.004,18.4,0,-1,2.4,-1,-1
2025-01-02T23:53:54.000Z,M20-304-2-03879,1419897234,43.63608,5.06000,12408.4,5.0,39.0,121.5,56.1,50.7,181.2,0x20,405.004,17.4,0,-1,2.4,-1,-1
2025-01-02T23:53:55.000Z,M20-304-2-03879,1419897235,43.63590,5.06041,12413.7,6.2,38.0,121.1,56.2,50.7,181.0,0x20,405.004,17.4,0,-1,2.4,-1,-1
2025-01-02T23:53:56.000Z,M20-304-2-03879,1419897236,43.63573,5.06081,12419.5,5.6,37.0,121.3,56.2,50.7,180.8,0x20,405.004,17.4,0,-1,2.4,-1,-1
2025-01-02T23:53:57.000Z,M20-304-2-03879,1419897237,43.63555,5.06119,12425.2,5.1,36.4,124.2,56.2,50.6,180.6,0x20,405.004,9.9,0,-1,2.4,-1,-1
2025-01-02T23:53:58.000Z,M20-304-2-03879,1419897238,43.63536,5.06156,12431.1,6.7,35.8,125.7,56.2,50.5,180.4,0x20,405.004,6.4,0,-1,2.4,-1,-1
2025-01-02T23:53:59.000Z,M20-304-2-03879,1419897239,43.63518,5.06192,12438.0,6.7,36.4,122.9,56.2,50.6,180.2,0x20,405.004,6.4,750,-1,2.4,-1,-1
2025-01-02T23:54:00.000Z,M20-304-2-03879,1419897240,43.63500,5.06231,12443.3,3.7,37.3,121.3,56.2,50.5,180.0,0x20,405.004,7.4,750,-1,2.4,-1,-1
2025-01-02T23:54:01.000Z,M20-304-2-03879,1419897241,43.63483,5.06272,12448.5,5.2,38.8,119.6,56.3,50.4,179.9,0x20,405.004,10.1,0,-1,2.4,-1,-1
2025-01-02T23:54:02.000Z,M20-304-2-03879,1419897242,43.63465,5.06314,12454.5,6.2,40.1,120.1,56.2,50.4,179.7,0x20,405.004,11.7,0,-1,2.4,-1,-1
2025-01-02T23:54:03.000Z,M20-304-2-03879,1419897243,43.63446,5.06357,12460.5,4.8,41.1,121.6,56.3,50.4,179.5,0x20,405.004,11.7,375,-1,2.4,-1,-1
2025-01-02T23:54:05.000Z,M20-304-2-03879,1419897245,43.63408,5.06443,12471.6,4.7,39.3,121.3,56.1,50.3,179.2,0x20,405.004,12.4,0,-1,2.4,-1,-1
2025-01-02T23:54:06.000Z,M20-304-2-03879,1419897246,43.63390,5.06484,12476.9,5.9,38.9,120.8,56.3,50.4,179.0,0x20,405.004,13.0,0,-1,2.4,-1,-1
2025-01-02T23:54:07.000Z,M20-304-2-03879,1419897247,43.63372,5.06525,12483.4,7.1,37.6,121.3,56.3,50.3,178.8,0x20,405.004,13.0,0,-1,2.4,-1,-1
2025-01-02T23:54:08.000Z,M20-304-2-03879,1419897248,43.63355,5.06564,12489.9,6.6,36.6,122.2,56.3,50.3,178.6,0x20,405.004,16.5,0,-1,2.4,-1,-1
2025-01-02T23:54:09.000Z,M20-304-2-03879,1419897249,43.63337,5.06602,12496.3,6.2,36.4,122.7,56.2,50.3,178.4,0x20,405.004,16.5,0,-1,2.4,-1,-1
2025-01-02T23:54:10.000Z,M20-304-2-03879,1419897250,43.63320,5.06640,12502.6,6.7,36.0,121.8,56.3,50.1,178.2,0x20,405.004,16.5,750,-1,2.4,-1,-1
2025-01-02T23:54:11.000Z,M20-304-2-03879,1419897251,43.63303,5.06678,12508.5,5.2,36.2,121.3,56.3,50.2,178.0,0x20,405.004,13.3,375,-1,2.4,-1,-1
2025-01-02T23:54:12.000Z,M20-304-2-03879,1419897252,43.63285,5.06716,12514.0,4.8,37.0,123.5,56.2,50.1,177.9,0x20,405.004,7.1,0,-1,2.4,-1,-1
2025-01-02T23:54:13.000Z,M20-304-2-03879,1419897253,43.63266,5.06754,12519.9,6.9,37.6,126.9,56.2,50.1,177.7,0x20,405.004,12.0,0,-1,2.4,-1,-1
2025-01-02T23:54:14.000Z,M20-304-2-03879,1419897254,43.63245,5.06791,12526.0,4.4,37.9,128.5,56.3,50.1,177.5,0x20,405.004,15.4,375,-1,2.4,-1,-1
2025-01-02T23:54:15.000Z,M20-304-2-03879,1419897255,43.63224,5.06827,12530.7,4.7,38.2,129.5,56.2,50.0,177.4,0x20,405.004,15.4,375,-1,2.4,-1,-1
2025-01-02T23:54:16.000Z,M20-304-2-03879,1419897256,43.63202,5.06863,12536.8,6.8,36.9,128.0,56.3,50.0,177.2,0x20,405.004,18.0,0,-1,2.4,-1,-1
2025-01-02T23:54:17.000Z,M20-304-2-03879,1419897257,43.63183,5.06899,12543.5,6.8,36.1,125.4,56.2,49.9,177.1,0x20,405.004,18.0,0,-1,2.4,-1,-1
2025-01-02T23:54:18.000Z,M20-304-2-03879,1419897258,43.63164,5.06937,12549.6,6.0,37.2,123.5,56.2,49.9,176.9,0x20,405.004,16.6,0,-1,2.4,-1,-1
2025-01-02T23:54:19.000Z,M20-304-2-03879,1419897259,43.63146,5.06976,12554.9,5.0,37.2,121.9,56.2,49.8,176.7,0x20,405.004,17.7,0,-1,2.4,-1,-1
2025-01-02T23:54:20.000Z,M20-304-2-03879,1419897260,43.63128,5.07015,12560.4,6.2,37.5,121.1,56.2,49.8,176.6,0x20,405.004,17.7,0,-1,2.4,-1,-1
2025-01-02T23:54:21.000Z,M20-304-2-03879,1419897261,43.63111,5.07055,12566.0,5.2,38.0,121.1,56.2,49.7,176.4,0x20,405.004,18.0,0,-1,2.4,-1,-1
2025-01-02T23:54:22.000Z,M20-304-2-03879,1419897262,43.63093,5.07095,12570.7,5.0,39.1,123.1,56.2,49.8,176.2,0x20,405.004,18.0,0,-1,2.4,-1,-1
2025-01-02T23:54:23.000Z,M20-304-2-03879,1419897263,43.63073,5.07135,12575.9,5.7,39.5,125.0,56.2,49.8,176.1,0x20,405.004,8.4,0,-1,2.4,-1,-1
2025-01-02T23:54:24.000Z,M20-304-2-03879,1419897264,43.63053,5.07175,12580.9,6.1,38.8,125.3,56.3,49.6,175.9,0x20,405.004,8.5,375,-1,2.3,-1,-1
2025-01-02T23:54:25.000Z,M20-304-2-03879,1419897265,43.63033,5.07213,12587.0,6.2,36.7,125.4,56.3,49.7,175.7,0x20,405.004,8.5,375,-1,2.4,-1,-1
2025-01-02T23:54:26.000Z,M20-304-2-03879,1419897266,43.63014,5.07249,12592.6,5.0,35.0,124.9,56.2,49.7,175.6,0x20,405.004,6.4,0,-1,2.4,-1,-1
2025-01-02T23:54:27.000Z,M20-304-2-03879,1419897267,43.62996,5.07284,12598.4,7.4,34.4,126.9,56.3,49.6,175.4,0x20,405.004,14.6,0,-1,2.3,-1,-1
2025-01-02T23:54:28.000Z,M20-304-2-03879,1419897268,43.62977,5.07318,12605.2,6.2,35.1,129.6,56.3,49.6,175.2,0x20,405.004,14.6,0,-1,2.3,-1,-1
2025-01-02T23:54:29.000Z,M20-304-2-03879,1419897269,43.62956,5.07352,12612.2,6.5,35.9,129.9,56.2,49.6,175.0,0x20,405.004,12.1,0,-1,2.3,-1,-1
2025-01-02T23:54:30.000Z,M20-304-2-03879,1419897270,43.62935,5.07386,12617.5,4.4,37.4,130.5,56.3,49.5,174.8,0x20,405.004,10.4,0,-1,2.4,-1,-1
2025-01-02T23:54:31.000Z,M20-304-2-03879,1419897271,43.62913,5.07422,12622.6,6.0,39.1,130.0,56.3,49.5,174.7,0x20,405.004,16.2,0,-1,2.3,-1,-1
2025-01-02T23:54:32.000Z,M20-304-2-03879,1419897272,43.62891,5.07461,12628.6,6.1,40.5,127.6,56.3,49.5,174.5,0x20,405.004,16.2,0,-1,2.4,-1,-1
2025-01-02T23:54:33.000Z,M20-304-2-03879,1419897273,43.62869,5.07500,12635.5,7.4,39.7,124.5,56.3,49.4,174.3,0x20,405.004,15.7,0,-1,2.3,-1,-1
2025-01-02T23:54:34.000Z,M20-304-2-03879,1419897274,43.62850,5.07540,12642.0,5.6,37.8,123.9,56.2,49.4,174.1,0x20,405.004,13.6,0,-1,2.3,-1,-1
2025-01-02T23:54:35.000Z,M20-304-2-03879,1419897275,43.62831,5.07578,12648.4,7.1,36.4,125.3,56.3,49.4,173.9,0x20,405.004,13.6,0,-1,2.3,-1,-1
2025-01-02T23:54:36.000Z,M20-304-2-03879,1419897276,43.62812,5.07613,12655.3,6.3,34.8,127.4,56.2,49.3,173.7,0x20,405.004,6.5,0,-1,2.3,-1,-1
2025-01-02T23:54:37.000Z,M20-304-2-03879,1419897277,43.62792,5.07647,12661.7,6.4,34.9,132.0,56.3,49.2,173.5,0x20,405.004,9.8,-375,-1,2.3,-1,-1
2025-01-02T23:54:38.000Z,M20-304-2-03879,1419897278,43.62770,5.07679,12668.6,8.2,36.2,133.7,56.3,49.3,173.3,0x20,405.004,9.8,-375,-1,2.3,-1,-1
2025-01-02T23:54:39.000Z,M20-304-2-03879,1419897279,43.62748,5.07712,12676.7,8.1,37.5,130.5,56.3,49.3,173.1,0x20,405.004,13.9,375,-1,2.3,-1,-1
2025-01-02T23:54:40.000Z,M20-304-2-03879,1419897280,43.62726,5.07749,12684.7,8.2,39.0,129.4,56.3,49.3,172.9,0x20,405.004,13.9,0,-1,2.3,-1,-1
2025-01-02T23:54:41.000Z,M20-304-2-03879,1419897281,43.62705,5.07786,12693.6,9.4,37.1,126.7,56.3,49.2,172.6,0x20,405.004,16.8,-375,-1,2.3,-1,-1
2025-01-02T23:54:42.000Z,M20-304-2-03879,1419897282,43.62686,5.07823,12702.1,8.2,35.7,124.0,56.2,49.1,172.4,0x20,405.004,16.8,0,-1,2.3,-1,-1
2025-01-02T23:54:43.000Z,M20-304-2-03879,1419897283,43.62668,5.07859,12709.5,7.3,35.3,124.4,56.2,49.2,172.2,0x20,405.004,15.3,0,-1,2.3,-1,-1
2025-01-02T23:54:44.000Z,M20-304-2-03879,1419897284,43.62649,5.07895,12714.4,4.5,34.6,126.9,56.2,49.1,172.1,0x20,405.004,16.9,0,-1,2.3,-1,-1
2025-01-02T23:54:45.000Z,M20-304-2-03879,1419897285,43.62630,5.07929,12720.0,6.7,35.8,129.6,56.3,49.1,171.8,0x20,405.004,17.0,0,-1,2.3,-1,-1
2025-01-02T23:54:46.000Z,M20-304-2-03879,1419897286,43.62608,5.07963,12727.0,8.0,37.0,132.8,56.3,49.0,171.6,0x20,405.004,17.0,0,-1,2.3,-1,-1
2025-01-02T23:54:47.000Z,M20-304-2-03879,1419897287,43.62586,5.07997,12733.8,5.7,36.3,130.7,56.3,48.9,171.4,0x20,405.004,19.9,-375,-1,2.3,-1,-1
2025-01-02T23:54:48.000Z,M20-304-2-03879,1419897288,43.62566,5.08031,12739.3,5.4,35.8,128.4,56.3,48.9,171.2,0x20,405.004,19.9,-375,-1,2.3,-1,-1
2025-01-02T23:54:49.000Z,M20-304-2-03879,1419897289,43.62546,5.08065,12744.8,6.4,33.8,126.0,56.3,49.0,171.1,0x20,405.004,16.4,-375,-1,2.3,-1,-1
2025-01-02T23:54:50.000Z,M20-304-2-03879,1419897290,43.62529,5.08099,12749.8,5.1,33.1,123.9,56.4,48.9,170.9,0x20,405.004,9.7,0,-1,2.3,-1,-1
2025-01-02T23:54:51.000Z,M20-304-2-03879,1419897291,43.62512,5.08133,12755.2,5.8,33.2,124.9,56.3,48.9,170.8,0x20,405.004,10.6,-375,-1,2.3,-1,-1
2025-01-02T23:54:52.000Z,M20-304-2-03879,1419897292,43.62495,5.08168,12761.2,6.9,35.6,125.5,56.3,48.8,170.6,0x20,405.004,10.6,-375,-1,2.3,-1,-1
2025-01-02T23:54:53.000Z,M20-304-2-03879,1419897293,43.62476,5.08204,12767.5,5.6,37.1,124.5,56.3,48.8,170.4,0x20,405.004,19.6,-375,-1,2.3,-1,-1
2025-01-02T23:54:54.000Z,M20-304-2-03879,1419897294,43.62456,5.08243,12772.4,4.5,38.2,124.8,56.3,48.8,170.3,0x20,405.004,19.9,-375,-1,2.3,-1,-1
2025-01-02T23:54:55.000Z,M20-304-2-03879,1419897295,43.62437,5.08281,12776.7,4.8,37.1,126.7,56.3,48.7,170.2,0x20,405.004,21.1,-375,-1,2.3,-1,-1
2025-01-02T23:54:56.000Z,M20-304-2-03879,1419897296,43.62417,5.08315,12782.2,7.0,34.7,129.5,56.3,48.6,170.0,0x20,405.004,21.1,-375,-1,2.3,-1,-1
2025-01-02T23:54:57.000Z,M20-304-2-03879,1419897297,43.62398,5.08347,12787.7,4.4,32.7,129.6,56.3,48.7,169.8,0x20,405.004,20.9,-375,-1,2.3,-1,-1
2025-01-02T23:54:58.000Z,M20-304-2-03879,1419897298,43.62380,5.08379,12793.8,8.1,31.5,126.4,56.3,48.6,169.7,0x20,405.004,22.2,-375,-1,2.3,-1,-1
2025-01-02T23:54:59.000Z,M20-304-2-03879,1419897299,43.62363,5.08411,12800.8,6.2,32.6,123.5,56.2,48.5,169.4,0x20,405.004,22.2,-375,-1,2.3,-1,-1
2025-01-02T23:55:00.000Z,M20-304-2-03879,1419897300,43.62347,5.08446,12806.8,6.3,33.6,121.5,56.2,48.5,169.3,0x20,405.004,19.7,-375,-1,2.3,-1,-1
2025-01-02T23:55:01.000Z,M20-304-2-03879,1419897301,43.62331,5.08482,12812.9,6.5,34.3,121.9,56.2,48.4,169.1,0x20,405.004,23.8,-375,-1,2.3,-1,-1
2025-01-02T23:55:02.000Z,M20-304-2-03879,1419897302,43.62315,5.08519,12819.4,7.6,34.9,120.6,56.3,48.4,168.9,0x20,405.004,23.8,-375,-1,2.3,-1,-1
2025-01-02T23:55:03.000Z,M20-304-2-03879,1419897303,43.62299,5.08555,12826.3,6.4,34.7,120.9,56.2,48.5,168.7,0x20,405.004,8.6,-375,-1,2.3,-1,-1
2025-01-02T23:55:04.000Z,M20-304-2-03879,1419897304,43.62284,5.08591,12832.5,6.0,33.3,120.7,56.2,48.5,168.6,0x20,405.004,8.6,-375,-1,2.3,-1,-1
2025-01-02T23:55:05.000Z,M20-304-2-03879,1419897305,43.62268,5.08626,12838.2,7.1,33.0,121.6,56.2,48.3,168.3,0x20,405.004,9.4,-375,-1,2.3,-1,-1
2025-01-02T23:55:06.000Z,M20-304-2-03879,1419897306,43.62253,5.08661,12844.3,5.6,33.3,121.1,56.2,48.3,168.1,0x20,405.004,17.4,-375,-1,2.3,-1,-1
2025-01-02T23:55:07.000Z,M20-304-2-03879,1419897307,43.62236,5.08696,12852.4,8.8,33.7,123.7,56.3,48.3,167.9,0x20,405.004,17.4,-375,-1,2.3,-1,-1
2025-01-02T23:55:08.000Z,M20-304-2-03879,1419897308,43.62219,5.08731,12859.9,6.2,34.9,125.9,56.2,48.3,167.7,0x20,405.004,19.3,-375,-1,2.3,-1,-1
2025-01-02T23:55:09.000Z,M20-304-2-03879,1419897309,43.62200,5.08767,12866.1,6.2,36.0,125.5,56.3,48.2,167.5,0x20,405.004,19.8,-375,-1,2.3,-1,-1
2025-01-02T23:55:10.000Z,M20-304-2-03879,1419897310,43.62182,5.08803,12872.8,7.5,34.5,122.8,56.3,48.3,167.3,0x20,405.004,19.8,0,-1,2.3,-1,-1
2025-01-02T23:55:11.000Z,M20-304-2-03879,1419897311,43.62166,5.08838,12878.7,5.5,33.1,121.7,56.3,48.1,167.2,0x20,405.004,19.9,-375,-1,2.3,-1,-1
2025-01-02T23:55:12.000Z,M20-304-2-03879,1419897312,43.62152,5.08873,12886.0,8.9,31.7,117.7,56.3,48.1,166.9,0x20,405.004,22.6,-375,-1,2.3,-1,-1
2025-01-02T23:55:13.000Z,M20-304-2-03879,1419897313,43.62138,5.08908,12893.8,6.6,32.2,116.6,56.3,48.1,166.8,0x20,405.004,22.6,-375,-1,2.3,-1,-1
2025-01-02T23:55:14.000Z,M20-304-2-03879,1419897314,43.62125,5.08944,12900.5,6.3,34.1,118.3,56.3,48.2,166.5,0x20,405.004,21.3,-375,-1,2.3,-1,-1
2025-01-02T23:55:15.000Z,M20-304-2-03879,1419897315,43.62109,5.08983,12906.4,5.9,36.8,119.4,56.2,48.0,166.3,0x20,405.004,21.3,-375,-1,2.3,-1,-1
2025-01-02T23:55:16.000Z,M20-304-2-03879,1419897316,43.62093,5.09022,12913.1,7.4,36.6,118.8,56.3,48.0,166.1,0x20,405.004,9.5,-375,-1,2.3,-1,-1
2025-01-02T23:55:17.000Z,M20-304-2-03879,1419897317,43.62077,5.09062,12919.9,6.5,36.4,118.7,56.3,47.9,165.9,0x20,405.004,10.9,-375,-1,2.3,-1,-1
2025-01-02T23:55:18.000Z,M20-304-2-03879,1419897318,43.62062,5.09101,12925.8,5.5,35.4,119.3,56.3,47.9,165.8,0x20,405.004,10.9,-375,-1,2.3,-1,-1
2025-01-02T23:55:19.000Z,M20-304-2-03879,1419897319,43.62045,5.09138,12931.2,5.5,35.0,122.6,56.2,47.9,165.6,0x20,405.004,18.9,-375,-1,2.3,-1,-1
2025-01-02T23:55:20.000Z,M20-304-2-03879,1419897320,43.62028,5.09174,12937.4,6.7,34.2,125.6,56.3,47.9,165.5,0x20,405.004,18.9,-375,-1,2.3,-1,-1
2025-01-02T23:55:21.000Z,M20-304-2-03879,1419897321,43.62010,5.09208,12943.5,6.0,33.1,126.9,56.3,47.9,165.3,0x20,405.004,20.0,-375,-1,2.3,-1,-1
2025-01-02T23:55:22.000Z,M20-304-2-03879,1419897322,43.61993,5.09240,12948.8,5.1,32.1,125.3,56.3,47.9,165.1,0x20,405.004,20.9,-375,-1,2.3,-1,-1
2025-01-02T23:55:23.000Z,M20-304-2-03879,1419897323,43.61976,5.09273,12954.1,5.6,31.8,124.5,56.3,47.8,165.0,0x20,405.004,23.9,-375,-1,2.3,-1,-1
2025-01-02T23:55:24.000Z,M20-304-2-03879,1419897324,43.61960,5.09307,12959.7,5.5,33.6,122.0,56.3,47.8,164.8,0x20,405.004,24.4,-375,-1,2.3,-1,-1
2025-01-02T23:55:25.000Z,M20-304-2-03879,1419897325,43.61944,5.09344,12965.3,5.8,36.2,120.1,56.3,47.7,164.7,0x20,405.004,25.0,-375,-1,2.3,-1,-1
2025-01-02T23:55:26.000Z,M20-304-2-03879,1419897326,43.61927,5.09383,12971.1,4.8,37.4,119.7,56.3,47.8,164.5,0x20,405.004,25.0,-375,-1,2.3,-1,-1
2025-01-02T23:55:27.000Z,M20-304-2-03879,1419897327,43.61910,5.09423,12976.9,6.4,37.8,120.7,56.3,47.7,164.4,0x20,405.004,24.9,-375,-1,2.3,-1,-1
2025-01-02T23:55:28.000Z,M20-304-2-03879,1419897328,43.61892,5.09462,12982.7,5.6,36.3,122.9,56.3,47.7,164.2,0x20,405.004,21.8,-375,-1,2.3,-1,-1
2025-01-02T23:55:29.000Z,M20-304-2-03879,1419897329,43.61875,5.09499,12988.8,5.8,34.9,124.8,56.4,47.7,164.0,0x20,405.004,12.2,-375,-1,2.3,-1,-1
2025-01-02T23:55:30.000Z,M20-304-2-03879,1419897330,43.61856,5.09534,12995.0,5.6,34.7,126.1,56.3,47.6,163.8,0x20,405.004,12.2,-375,-1,2.3,-1,-1
2025-01-02T23:55:31.000Z,M20-304-2-03879,1419897331,43.61838,5.09568,13000.9,6.2,33.4,126.2,56.4,47.5,163.7,0x20,405.004,12.1,-375,-1,2.3,-1,-1
2025-01-02T23:55:32.000Z,M20-304-2-03879,1419897332,43.61821,5.09601,13006.3,4.8,32.4,125.9,56.3,47.7,163.5,0x20,405.004,19.3,-375,-1,2.3,-1,-1
2025-01-02T23:55:33.000Z,M20-304-2-03879,1419897333,43.61804,5.09634,13012.0,7.4,33.0,123.5,56.3,47.5,163.4,0x20,405.004,25.7,-375,-1,2.3,-1,-1
2025-01-02T23:55:34.000Z,M20-304-2-03879,1419897334,43.61788,5.09669,13018.4,4.9,34.0,121.2,56.3,47.5,163.2,0x20,405.004,25.7,-375,-1,2.3,-1,-1
2025-01-02T23:55:35.000Z,M20-304-2-03879,1419897335,43.61773,5.09706,13023.0,4.5,34.6,119.3,56.3,47.6,163.1,0x20,405.004,23.2,-375,-1,2.3,-1,-1
2025-01-02T23:55:36.000Z,M20-304-2-03879,1419897336,43.61757,5.09743,13028.4,6.4,34.0,119.5,56.3,47.4,162.9,0x20,405.004,25.2,-375,-1,2.3,-1,-1
2025-01-02T23:55:37.000Z,M20-304-2-03879,1419897337,43.61742,5.09779,13035.0,6.9,34.2,122.0,56.3,47.3,162.7,0x20,405.004,25.2,-375,-1,2.3,-1,-1
2025-01-02T23:55:38.000Z,M20-304-2-03879,1419897338,43.61725,5.09816,13041.6,6.7,35.9,123.4,56.3,47.4,162.5,0x20,405.004,25.2,-375,-1,2.3,-1,-1
2025-01-02T23:55:39.000Z,M20-304-2-03879,1419897339,43.61706,5.09853,13048.4,7.0,36.5,126.3,56.3,47.4,162.3,0x20,405.004,22.0,-375,-1,2.3,-1,-1
2025-01-02T23:55:40.000Z,M20-304-2-03879,1419897340,43.61687,5.09889,13054.3,6.3,36.4,126.2,56.3,47.3,162.2,0x20,405.004,24.9,-375,-1,2.3,-1,-1
2025-01-02T23:55:41.000Z,M20-304-2-03879,1419897341,43.61668,5.09925,13060.1,5.3,36.0,126.3,56.3,47.4,162.0,0x20,405.004,24.9,-375,-1,2.3,-1,-1
2025-01-02T23:55:42.000Z,M20-304-2-03879,1419897342,43.61648,5.09960,13066.0,6.0,34.8,126.4,56.3,47.3,161.8,0x20,405.004,24.9,0,-1,2.3,-1,-1
2025-01-02T23:55:43.000Z,M20-304-2-03879,1419897343,43.61630,5.09994,13073.7,9.0,33.7,127.8,56.3,47.3,161.6,0x20,405.004,10.2,-375,-1,2.3,-1,-1
2025-01-02T23:55:44.000Z,M20-304-2-03879,1419897344,43.61611,5.10028,13082.9,7.8,34.8,127.9,56.3,47.3,161.3,0x20,405.004,11.7,-375,-1,2.3,-1,-1
2025-01-02T23:55:45.000Z,M20-304-2-03879,1419897345,43.61592,5.10062,13089.2,4.6,35.3,127.2,56.2,47.2,161.2,0x20,405.004,18.0,-375,-1,2.3,-1,-1
2025-01-02T23:55:46.000Z,M20-304-2-03879,1419897346,43.61572,5.10097,13094.2,5.0,35.5,128.2,56.3,47.2,161.0,0x20,405.004,20.6,-375,-1,2.3,-1,-1
2025-01-02T23:55:47.000Z,M20-304-2-03879,1419897347,43.61552,5.10131,13100.2,6.8,36.8,129.6,56.3,47.1,160.8,0x20,405.004,22.8,-375,-1,2.3,-1,-1
2025-01-02T23:55:48.000Z,M20-304-2-03879,1419897348,43.61531,5.10166,13107.1,7.1,36.9,128.9,56.3,47.0,160.7,0x20,405.004,22.8,-375,-1,2.3,-1,-1
2025-01-02T23:55:49.000Z,M20-304-2-03879,1419897349,43.61511,5.10201,13113.5,5.8,35.6,128.6,56.3,47.1,160.5,0x20,405.004,18.9,-375,-1,2.3,-1,-1
2025-01-02T23:55:50.000Z,M20-304-2-03879,1419897350,43.61491,5.10235,13119.2,6.5,33.6,128.1,56.3,47.0,160.3,0x20,405.004,21.8,-375,-1,2.3,-1,-1
2025-01-02T23:55:51.000Z,M20-304-2-03879,1419897351,43.61473,5.10267,13125.8,6.5,33.3,129.6,56.3,47.1,160.1,0x20,405.004,25.4,-375,-1,2.3,-1,-1
2025-01-02T23:55:52.000Z,M20-304-2-03879,1419897352,43.61453,5.10299,13132.3,6.3,33.2,129.2,56.3,47.0,160.0,0x20,405.004,25.4,-375,-1,2.3,-1,-1
2025-01-02T23:55:53.000Z,M20-304-2-03879,1419897353,43.61435,5.10331,13139.1,7.4,34.5,126.8,56.3,46.9,159.8,0x20,405.004,24.0,-375,-1,2.3,-1,-1
2025-01-02T23:55:54.000Z,M20-304-2-03879,1419897354,43.61416,5.10366,13146.1,6.9,35.6,125.2,56.3,47.0,159.6,0x20,405.004,24.0,-375,-1,2.3,-1,-1
2025-01-02T23:55:55.000Z,M20-304-2-03879,1419897355,43.61398,5.10402,13154.0,8.7,34.8,123.9,56.3,46.9,159.4,0x20,405.004,9.3,-375,-1,2.3,-1,-1
2025-01-02T23:55:56.000Z,M20-304-2-03879,1419897356,43.61381,5.10438,13162.2,7.6,34.0,123.1,56.3,46.9,159.2,0x20,405.004,8.1,-375,-1,2.3,-1,-1
2025-01-02T23:55:57.000Z,M20-304-2-03879,1419897357,43.61364,5.10472,13169.4,8.4,32.9,124.8,56.3,46.8,159.0,0x20,405.004,9.0,375,-1,2.3,-1,-1
2025-01-02T23:55:58.000Z,M20-304-2-03879,1419897358,43.61347,5.10506,13177.5,6.8,33.4,126.9,56.3,46.9,158.8,0x20,405.004,14.7,-375,-1,2.3,-1,-1
2025-01-02T23:55:59.000Z,M20-304-2-03879,1419897359,43.61329,5.10540,13183.8,5.7,35.0,125.9,56.3,46.7,158.5,0x20,405.004,18.0,-375,-1,2.3,-1,-1
2025-01-02T23:56:00.000Z,M20-304-2-03879,1419897360,43.61310,5.10575,13190.5,6.8,36.2,126.1,56.3,46.8,158.3,0x20,405.004,19.7,-375,-1,2.3,-1,-1
2025-01-02T23:56:01.000Z,M20-304-2-03879,1419897361,43.61290,5.10611,13196.7,6.0,36.2,129.0,56.3,46.7,158.2,0x20,405.004,19.7,-375,-1,2.3,-1,-1
2025-01-02T23:56:02.000Z,M20-304-2-03879,1419897362,43.61269,5.10645,13201.7,4.4,36.3,130.6,56.3,46.8,158.0,0x20,405.004,22.9,-375,-1,2.3,-1,-1
2025-01-02T23:56:03.000Z,M20-304-2-03879,1419897363,43.61248,5.10680,13206.9,6.0,37.5,130.1,56.3,46.7,157.9,0x20,405.004,22.9,-375,-1,2.3,-1,-1
2025-01-02T23:56:04.000Z,M20-304-2-03879,1419897364,43.61226,5.10716,13213.3,6.5,37.2,127.0,56.3,46.8,157.7,0x20,405.004,22.0,-375,-1,2.3,-1,-1
2025-01-02T23:56:05.000Z,M20-304-2-03879,1419897365,43.61207,5.10753,13218.5,4.2,36.4,124.0,56.3,46.8,157.5,0x20,405.004,19.6,-375,-1,2.3,-1,-1
2025-01-02T23:56:06.000Z,M20-304-2-03879,1419897366,43.61189,5.10790,13224.0,7.1,35.2,121.8,56.3,46.7,157.4,0x20,405.004,21.4,-375,-1,2.3,-1,-1
2025-01-02T23:56:07.000Z,M20-304-2-03879,1419897367,43.61172,5.10827,13231.2,6.8,36.0,123.4,56.3,46.7,157.2,0x20,405.004,21.4,375,-1,2.3,-1,-1
2025-01-02T23:56:08.000Z,M20-304-2-03879,1419897368,43.61155,5.10863,13237.5,5.6,34.1,123.2,56.3,46.8,157.0,0x20,405.004,11.9,-375,-1,2.3,-1,-1
2025-01-02T23:56:09.000Z,M20-304-2-03879,1419897369,43.61138,5.10898,13243.5,6.3,32.4,125.1,56.3,46.8,156.8,0x20,405.004,11.9,-375,-1,2.3,-1,-1
2025-01-02T23:56:10.000Z,M20-304-2-03879,1419897370,43.61121,5.10930,13250.1,6.0,31.0,124.8,56.3,46.8,156.7,0x20,405.004,10.1,-375,-1,2.3,-1,-1
2025-01-02T23:56:11.000Z,M20-304-2-03879,1419897371,43.61105,5.10961,13256.4,6.2,31.6,126.5,56.3,46.7,156.5,0x20,405.004,11.7,375,-1,2.3,-1,-1
2025-01-02T23:56:12.000Z,M20-304-2-03879,1419897372,43.61088,5.10993,13262.3,6.0,33.5,127.5,56.3,46.7,156.4,0x20,405.004,16.3,375,-1,2.3,-1,-1
2025-01-02T23:56:13.000Z,M20-304-2-03879,1419897373,43.61069,5.11028,13268.3,6.3,35.7,125.1,56.3,46.8,156.2,0x20,405.004,22.1,-375,-1,2.3,-1,-1
2025-01-02T23:56:14.000Z,M20-304-2-03879,1419897374,43.61051,5.11064,13273.7,5.0,36.1,124.9,56.3,46.8,156.0,0x20,405.004,23.1,-375,-1,2.3,-1,-1
2025-01-02T23:56:15.000Z,M20-304-2-03879,1419897375,43.61033,5.11102,13280.2,7.4,36.4,121.3,56.3,46.7,155.8,0x20,405.004,23.1,-375,-1,2.3,-1,-1
2025-01-02T23:56:16.000Z,M20-304-2-03879,1419897376,43.61016,5.11141,13289.0,8.5,36.2,119.2,56.3,46.8,155.7,0x20,405.004,22.6,-375,-1,2.3,-1,-1
2025-01-02T23:56:17.000Z,M20-304-2-03879,1419897377,43.61000,5.11179,13296.8,5.9,35.2,122.3,56.3,46.8,155.5,0x20,405.004,20.1,-375,-1,2.3,-1,-1
2025-01-02T23:56:18.000Z,M20-304-2-03879,1419897378,43.60983,5.11216,13303.3,5.9,35.3,124.2,56.3,46.7,155.3,0x20,405.004,21.8,-375,-1,2.3,-1,-1
2025-01-02T23:56:19.000Z,M20-304-2-03879,1419897379,43.60965,5.11252,13310.1,6.7,36.3,123.4,56.3,46.8,155.1,0x20,405.004,21.8,-375,-1,2.3,-1,-1
2025-01-02T23:56:20.000Z,M20-304-2-03879,1419897380,43.60947,5.11291,13318.2,9.0,38.3,123.0,56.3,46.8,154.9,0x20,405.004,21.1,-375,-1,2.3,-1,-1
2025-01-02T23:56:23.000Z,M20-304-2-03879,1419897383,43.60894,5.11401,13341.6,7.1,31.8,123.4,56.3,46.7,154.3,0x20,405.004,7.8,375,-1,2.3,-1,-1
2025-01-02T23:56:24.000Z,M20-304-2-03879,1419897384,43.60878,5.11432,13346.4,3.3,30.4,124.8,56.4,46.7,154.2,0x20,405.004,11.4,375,-1,2.3,-1,-1
2025-01-02T23:56:25.000Z,M20-304-2-03879,1419897385,43.60863,5.11463,13350.2,4.5,30.3,125.1,56.4,46.6,154.1,0x20,405.004,13.4,-375,-1,2.3,-1,-1
2025-01-02T23:56:26.000Z,M20-304-2-03879,1419897386,43.60847,5.11495,13356.2,6.4,32.7,123.1,56.3,46.7,153.9,0x20,405.004,15.8,-375,-1,2.3,-1,-1
2025-01-02T23:56:27.000Z,M20-304-2-03879,1419897387,43.60831,5.11531,13362.1,5.3,35.3,121.3,56.3,46.7,153.8,0x20,405.004,20.0,-375,-1,2.3,-1,-1
2025-01-02T23:56:28.000Z,M20-304-2-03879,1419897388,43.60815,5.11569,13367.7,6.2,35.8,119.4,56.3,46.7,153.7,0x20,405.004,20.0,-375,-1,2.3,-1,-1
2025-01-02T23:56:29.000Z,M20-304-2-03879,1419897389,43.60799,5.11608,13373.5,5.7,36.6,120.1,56.3,46.7,153.5,0x20,405.004,22.8,-375,-1,2.3,-1,-1
2025-01-02T23:56:30.000Z,M20-304-2-03879,1419897390,43.60782,5.11647,13379.3,6.1,36.2,120.1,56.3,46.7,153.3,0x20,405.004,22.8,-375,-1,2.3,-1,-1
2025-01-02T23:56:31.000Z,M20-304-2-03879,1419897391,43.60767,5.11685,13385.0,5.8,35.3,119.0,56.3,46.6,153.2,0x20,405.004,22.3,-375,-1,2.3,-1,-1
2025-01-02T23:56:32.000Z,M20-304-2-03879,1419897392,43.60752,5.11724,13390.7,5.5,35.6,118.7,56.3,46.6,153.0,0x20,405.004,20.8,-375,-1,2.3,-1,-1
2025-01-02T23:56:33.000Z,M20-304-2-03879,1419897393,43.60737,5.11763,13396.2,4.9,34.9,117.3,56.3,46.5,152.9,0x20,405.004,16.3,-375,-1,2.3,-1,-1
2025-01-02T23:56:34.000Z,M20-304-2-03879,1419897394,43.60723,5.11800,13401.8,6.4,33.6,118.5,56.3,46.6,152.7,0x20,405.004,8.8,-375,-1,2.3,-1,-1
2025-01-02T23:56:35.000Z,M20-304-2-03879,1419897395,43.60708,5.11836,13407.5,4.7,34.0,120.5,56.3,46.6,152.6,0x20,405.004,10.6,-375,-1,2.3,-1,-1
2025-01-02T23:56:36.000Z,M20-304-2-03879,1419897396,43.60692,5.11872,13412.2,5.8,35.0,123.9,56.3,46.6,152.5,0x20,405.004,10.6,-375,-1,2.3,-1,-1
2025-01-02T23:56:37.000Z,M20-304-2-03879,1419897397,43.60674,5.11907,13418.0,5.4,35.2,126.1,56.3,46.6,152.3,0x20,405.004,14.1,-375,-1,2.3,-1,-1
2025-01-02T23:56:38.000Z,M20-304-2-03879,1419897398,43.60655,5.11943,13423.7,5.8,35.3,124.5,56.3,46.5,152.2,0x20,405.004,14.1,-375,-1,2.3,-1,-1
2025-01-02T23:56:39.000Z,M20-304-2-03879,1419897399,43.60638,5.11979,13429.7,5.4,34.8,121.1,56.4,46.6,152.0,0x20,405.004,14.1,375,-1,2.3,-1,-1
2025-01-02T23:56:40.000Z,M20-304-2-03879,1419897400,43.60623,5.12017,13435.1,5.2,34.9,117.6,56.3,46.5,151.9,0x20,405.004,14.2,375,-1,2.3,-1,-1
2025-01-02T23:56:41.000Z,M20-304-2-03879,1419897401,43.60609,5.12056,13440.8,5.9,36.3,115.7,56.3,46.6,151.7,0x20,405.004,17.4,-375,-1,2.3,-1,-1
2025-01-02T23:56:43.000Z,M20-304-2-03879,1419897403,43.60580,5.12137,13453.1,6.1,36.2,116.6,56.2,46.5,151.4,0x20,405.004,18.9,-375,-1,2.3,-1,-1
2025-01-02T23:56:44.000Z,M20-304-2-03879,1419897404,43.60565,5.12177,13459.1,6.2,36.6,119.0,56.2,46.6,151.2,0x20,405.004,18.9,-375,-1,2.3,-1,-1
2025-01-02T23:56:46.000Z,M20-304-2-03879,1419897406,43.60532,5.12253,13471.5,5.5,34.6,121.4,56.3,46.7,151.0,0x20,405.004,10.3,375,-1,2.3,-1,-1
2025-01-02T23:56:47.000Z,M20-304-2-03879,1419897407,43.60516,5.12289,13476.6,4.9,34.2,123.4,56.3,46.7,150.8,0x20,405.004,6.1,-375,-1,2.3,-1,-1
2025-01-02T23:56:48.000Z,M20-304-2-03879,1419897408,43.60499,5.12324,13482.4,6.4,33.5,122.1,56.3,46.6,150.6,0x20,405.004,6.4,375,-1,2.3,-1,-1
2025-01-02T23:56:49.000Z,M20-304-2-03879,1419897409,43.60483,5.12359,13488.2,5.0,33.7,119.9,56.3,46.6,150.5,0x20,405.004,8.2,-375,-1,2.3,-1,-1
2025-01-02T23:56:52.000Z,M20-304-2-03879,1419897412,43.60434,5.12473,13504.8,7.2,36.6,118.9,56.2,46.8,150.0,0x20,405.004,11.9,375,-1,2.3,-1,-1
2025-01-02T23:56:53.000Z,M20-304-2-03879,1419897413,43.60418,5.12513,13510.9,5.2,38.5,118.7,56.3,46.8,149.8,0x20,405.004,13.6,-375,-1,2.3,-1,-1
2025-01-02T23:56:55.000Z,M20-304-2-03879,1419897415,43.60386,5.12599,13522.4,5.7,39.2,117.1,56.3,46.9,149.5,0x20,405.004,14.0,375,-1,2.3,-1,-1
2025-01-02T23:56:56.000Z,M20-304-2-03879,1419897416,43.60369,5.12641,13527.5,4.4,38.9,120.0,56.3,46.9,149.3,0x20,405.004,14.0,375,-1,2.3,-1,-1
2025-01-02T23:56:59.000Z,M20-304-2-03879,1419897419,43.60316,5.12764,13540.4,4.3,38.1,121.3,56.3,47.0,149.0,0x20,405.004,14.3,-375,-1,2.3,-1,-1
2025-01-02T23:57:10.000Z,M20-304-2-03879,1419897430,43.60120,5.13211,13591.2,3.8,42.1,125.3,56.3,47.2,147.8,0x20,405.004,10.5,375,-1,2.3,-1,-1
2025-01-02T23:57:24.000Z,M20-304-2-03879,1419897444,43.59838,5.13784,13652.1,5.3,36.6,126.7,56.3,47.4,146.2,0x20,405.004,11.5,375,-1,2.3,-1,-1
2025-01-02T23:57:31.000Z,M20-304-2-03879,1419897451,43.59703,5.14030,13682.8,3.3,37.0,124.8,56.3,47.6,145.6,0x20,405.004,7.9,375,-1,2.3,-1,-1
2025-01-02T23:57:32.000Z,M20-304-2-03879,1419897452,43.59684,5.14068,13687.0,5.4,36.5,124.9,56.3,47.7,145.5,0x20,405.004,14.4,-750,-1,2.3,-1,-1
2025-01-02T23:57:34.000Z,M20-304-2-03879,1419897454,43.59647,5.14142,13693.4,2.2,35.7,125.0,56.3,47.7,145.3,0x20,405.004,14.8,-750,-1,2.3,-1,-1
2025-01-02T23:57:38.000Z,M20-304-2-03879,1419897458,43.59576,5.14285,13707.9,3.6,36.0,125.1,56.2,47.9,144.9,0x20,405.004,18.4,-1125,-1,2.3,-1,-1
2025-01-02T23:57:39.000Z,M20-304-2-03879,1419897459,43.59558,5.14320,13711.6,3.8,34.7,126.3,56.2,48.0,144.8,0x20,405.004,12.5,375,-1,2.3,-1,-1
2025-01-02T23:57:43.000Z,M20-304-2-03879,1419897463,43.59486,5.14464,13726.2,4.3,35.0,123.3,56.2,48.1,144.5,0x20,405.004,14.1,375,-1,2.3,-1,-1
2025-01-02T23:57:44.000Z,M20-304-2-03879,1419897464,43.59468,5.14500,13730.7,5.0,36.1,125.7,56.3,48.0,144.4,0x20,405.004,14.1,375,-1,2.3,-1,-1
2025-01-02T23:57:48.000Z,M20-304-2-03879,1419897468,43.59394,5.14648,13743.1,4.9,35.9,123.2,56.2,48.1,144.0,0x20,405.004,18.2,-750,-1,2.3,-1,-1
2025-01-02T23:57:49.000Z,M20-304-2-03879,1419897469,43.59376,5.14685,13747.8,4.7,36.8,124.4,56.2,48.2,143.9,0x20,405.004,19.8,-1125,-1,2.3,-1,-1
2025-01-02T23:57:50.000Z,M20-304-2-03879,1419897470,43.59357,5.14723,13751.2,2.5,37.0,125.5,56.2,48.2,143.8,0x20,405.004,19.8,-1125,-1,2.3,-1,-1
2025-01-02T23:57:51.000Z,M20-304-2-03879,1419897471,43.59339,5.14760,13754.7,4.5,36.3,124.3,56.3,48.3,143.8,0x20,405.004,16.7,-750,-1,2.3,-1,-1
2025-01-02T23:57:54.000Z,M20-304-2-03879,1419897474,43.59284,5.14870,13768.2,5.4,36.4,126.1,56.2,48.4,143.4,0x20,405.004,9.9,375,-1,2.3,-1,-1
2025-01-02T23:57:56.000Z,M20-304-2-03879,1419897476,43.59246,5.14943,13775.1,3.7,36.1,125.1,56.3,48.5,143.3,0x20,405.004,14.3,375,-1,2.3,-1,-1
2025-01-02T23:57:57.000Z,M20-304-2-03879,1419897477,43.59227,5.14980,13779.8,5.5,36.8,126.2,56.2,48.5,143.2,0x20,405.004,14.7,375,-1,2.3,-1,-1
2025-01-02T23:57:58.000Z,M20-304-2-03879,1419897478,43.59207,5.15016,13785.0,4.5,35.6,127.9,56.2,48.5,143.1,0x20,405.004,14.7,375,-1,2.3,-1,-1
2025-01-02T23:58:18.000Z,M20-304-2-03879,1419897498,43.58857,5.15649,13855.6,4.4,33.1,124.0,56.3,49.5,141.2,0x20,405.004,17.2,-1125,-1,2.3,-1,-1
2025-01-02T23:58:22.000Z,M20-304-2-03879,1419897502,43.58782,5.15784,13872.0,5.9,34.0,130.4,56.1,49.7,140.8,0x20,405.004,14.9,-1125,-1,2.3,-1,-1
2025-01-02T23:58:24.000Z,M20-304-2-03879,1419897504,43.58744,5.15848,13880.7,6.4,32.3,126.9,56.2,49.8,140.7,0x20,405.004,14.2,-1125,-1,2.3,-1,-1
2025-01-02T23:58:27.000Z,M20-304-2-03879,1419897507,43.58695,5.15950,13894.3,4.8,34.8,123.7,56.1,50.0,140.3,0x20,405.004,19.0,-1125,-1,2.3,-1,-1
2025-01-02T23:58:28.000Z,M20-304-2-03879,1419897508,43.58678,5.15986,13898.2,2.7,35.4,124.4,56.2,50.0,140.3,0x20,405.004,19.7,-1125,-1,2.2,-1,-1
2025-01-02T23:58:33.000Z,M20-304-2-03879,1419897513,43.58594,5.16161,13919.0,2.6,33.2,125.8,56.3,50.3,139.8,0x20,405.004,8.3,-1125,-1,2.3,-1,-1
2025-01-02T23:58:38.000Z,M20-304-2-03879,1419897518,43.58498,5.16330,13941.8,4.5,35.4,120.2,56.2,50.5,139.2,0x20,405.004,20.4,-1125,-1,2.3,-1,-1
2025-01-02T23:58:39.000Z,M20-304-2-03879,1419897519,43.58483,5.16368,13945.5,3.6,35.5,117.3,56.2,50.5,139.2,0x20,405.004,22.6,-1125,-1,2.2,-1,-1
2025-01-02T23:58:43.000Z,M20-304-2-03879,1419897523,43.58418,5.16510,13961.5,4.0,34.2,128.4,56.2,50.7,138.8,0x20,405.004,23.7,-1125,-1,2.2,-1,-1
2025-01-02T23:58:45.000Z,M20-304-2-03879,1419897525,43.58378,5.16575,13970.3,5.0,35.2,132.8,56.2,50.7,138.6,0x20,405.004,12.9,-1125,-1,2.2,-1,-1
2025-01-02T23:58:46.000Z,M20-304-2-03879,1419897526,43.58356,5.16607,13973.9,3.3,34.9,132.6,56.2,50.8,138.5,0x20,405.004,12.9,-1125,-1,2.2,-1,-1
2025-01-02T23:58:52.000Z,M20-304-2-03879,1419897532,43.58244,5.16806,14002.1,6.0,34.2,128.3,56.1,50.9,137.9,0x20,405.004,22.8,-1125,-1,2.2,-1,-1
2025-01-02T23:58:53.000Z,M20-304-2-03879,1419897533,43.58225,5.16838,14007.6,6.4,33.5,129.9,56.1,50.9,137.8,0x20,405.004,22.8,-1125,-1,2.2,-1,-1
2025-01-02T23:58:54.000Z,M20-304-2-03879,1419897534,43.58206,5.16868,14013.5,5.9,31.8,132.4,56.1,50.9,137.6,0x20,405.004,23.6,-1125,-1,2.2,-1,-1
2025-01-02T23:58:55.000Z,M20-304-2-03879,1419897535,43.58186,5.16896,14018.1,4.1,31.0,135.4,56.2,50.9,137.5,0x20,405.004,23.6,-1125,-1,2.2,-1,-1
2025-01-02T23:58:56.000Z,M20-304-2-03879,1419897536,43.58166,5.16922,14022.0,3.7,30.2,138.5,56.2,51.1,137.4,0x20,405.004,23.3,-1125,-1,2.2,-1,-1
2025-01-02T23:58:57.000Z,M20-304-2-03879,1419897537,43.58146,5.16946,14026.3,5.3,29.6,139.2,56.1,51.1,137.3,0x20,405.004,23.3,-1125,-1,2.2,-1,-1
2025-01-02T23:58:58.000Z,M20-304-2-03879,1419897538,43.58126,5.16972,14031.2,5.2,29.6,135.0,56.2,51.1,137.2,0x20,405.004,23.3,375,-1,2.2,-1,-1
2025-01-02T23:58:59.000Z,M20-304-2-03879,1419897539,43.58109,5.16999,14037.3,6.5,29.4,127.8,56.2,51.2,137.0,0x20,405.004,10.0,375,-1,2.2,-1,-1
2025-01-02T23:59:00.000Z,M20-304-2-03879,1419897540,43.58093,5.17029,14042.1,2.7,29.6,123.9,56.1,51.3,136.9,0x20,405.004,10.3,-1125,-1,2.2,-1,-1
2025-01-02T23:59:01.000Z,M20-304-2-03879,1419897541,43.58078,5.17059,14046.1,5.4,30.2,123.8,56.2,51.3,136.9,0x20,405.004,13.9,-1125,-1,2.2,-1,-1
2025-01-02T23:59:02.000Z,M20-304-2-03879,1419897542,43.58062,5.17090,14051.2,5.8,30.6,126.5,56.1,51.3,136.8,0x20,405.004,20.9,-750,-1,2.2,-1,-1
2025-01-02T23:59:03.000Z,M20-304-2-03879,1419897543,43.58046,5.17120,14056.2,4.6,30.8,128.9,56.2,51.4,136.6,0x20,405.004,20.9,-1125,-1,2.2,-1,-1
2025-01-02T23:59:04.000Z,M20-304-2-03879,1419897544,43.58028,5.17148,14061.4,5.8,28.9,132.8,56.1,51.4,136.5,0x20,405.004,20.0,-1125,-1,2.2,-1,-1
2025-01-02T23:59:05.000Z,M20-304-2-03879,1419897545,43.58010,5.17172,14066.2,4.6,27.6,136.2,56.1,51.5,136.4,0x20,405.004,21.8,-1125,-1,2.2,-1,-1
2025-01-02T23:59:06.000Z,M20-304-2-03879,1419897546,43.57992,5.17195,14070.8,4.9,26.9,139.0,56.1,51.5,136.3,0x20,405.004,23.2,-1125,-1,2.2,-1,-1
2025-01-02T23:59:07.000Z,M20-304-2-03879,1419897547,43.57974,5.17217,14075.7,5.0,26.5,138.6,56.1,51.5,136.2,0x20,405.004,24.0,-1125,-1,2.2,-1,-1
2025-01-02T23:59:08.000Z,M20-304-2-03879,1419897548,43.57957,5.17239,14080.3,4.4,26.0,135.8,56.1,51.6,136.1,0x20,405.004,24.8,-1125,-1,2.2,-1,-1
2025-01-02T23:59:09.000Z,M20-304-2-03879,1419897549,43.57941,5.17262,14085.1,5.3,25.8,133.4,56.1,51.7,135.9,0x20,405.004,24.8,-1125,-1,2.2,-1,-1
2025-01-02T23:59:10.000Z,M20-304-2-03879,1419897550,43.57925,5.17285,14090.3,5.1,26.8,132.8,56.1,51.7,135.8,0x20,405.004,24.0,-1125,-1,2.2,-1,-1
2025-01-02T23:59:11.000Z,M20-304-2-03879,1419897551,43.57908,5.17311,14095.6,5.7,28.1,129.0,56.1,51.7,135.7,0x20,405.004,12.6,-1125,-1,2.2,-1,-1
2025-01-02T23:59:12.000Z,M20-304-2-03879,1419897552,43.57893,5.17339,14100.6,4.4,28.8,125.3,56.1,51.8,135.6,0x20,405.004,12.9,375,-1,2.2,-1,-1
2025-01-02T23:59:13.000Z,M20-304-2-03879,1419897553,43.57878,5.17368,14105.6,5.7,28.7,124.7,56.1,51.7,135.5,0x20,405.004,12.9,375,-1,2.2,-1,-1
2025-01-02T23:59:14.000Z,M20-304-2-03879,1419897554,43.57863,5.17397,14110.9,5.1,27.7,125.9,56.1,51.7,135.4,0x20,405.004,12.7,375,-1,2.2,-1,-1
2025-01-02T23:59:21.000Z,M20-304-2-03879,1419897561,43.57764,5.17569,14150.9,7.2,25.3,132.5,56.1,51.9,134.5,0x20,405.004,21.5,-1125,-1,2.2,-1,-1
2025-01-02T23:59:22.000Z,M20-304-2-03879,1419897562,43.57750,5.17592,14157.9,7.1,25.0,128.7,56.0,51.9,134.3,0x20,405.004,21.6,-1125,-1,2.2,-1,-1
2025-01-02T23:59:23.000Z,M20-304-2-03879,1419897563,43.57737,5.17616,14164.1,4.8,23.7,125.6,56.1,52.0,134.2,0x20,405.004,21.6,375,-1,2.2,-1,-1
2025-01-02T23:59:30.000Z,M20-304-2-03879,1419897570,43.57659,5.17769,14211.7,3.5,27.7,117.4,56.1,52.0,133.1,0x20,405.004,22.4,-1125,-1,2.2,-1,-1
2025-01-02T23:59:31.000Z,M20-304-2-03879,1419897571,43.57648,5.17800,14214.4,2.9,28.1,112.0,56.1,52.0,133.0,0x20,405.004,22.4,-1125,-1,2.2,-1,-1
2025-01-02T23:59:35.000Z,M20-304-2-03879,1419897575,43.57616,5.17905,14236.2,5.6,19.5,118.8,56.1,52.0,132.5,0x20,405.004,22.5,-1125,-1,2.2,-1,-1
2025-01-02T23:59:36.000Z,M20-304-2-03879,1419897576,43.57607,5.17926,14240.7,3.8,19.5,121.9,56.1,52.0,132.4,0x20,405.004,22.5,-1125,-1,2.2,-1,-1
2025-01-02T23:59:37.000Z,M20-304-2-03879,1419897577,43.57598,5.17946,14246.1,6.2,19.4,126.0,56.0,52.1,132.3,0x20,405.004,16.1,-1125,-1,2.2,-1,-1
2025-01-02T23:59:38.000Z,M20-304-2-03879,1419897578,43.57587,5.17966,14251.6,5.1,20.1,127.8,56.1,52.1,132.2,0x20,405.004,16.1,375,-1,2.2,-1,-1
2025-01-02T23:59:39.000Z,M20-304-2-03879,1419897579,43.57576,5.17986,14256.7,5.4,21.8,126.8,56.0,52.1,132.1,0x20,405.004,13.0,375,-1,2.2,-1,-1
2025-01-02T23:59:40.000Z,M20-304-2-03879,1419897580,43.57564,5.18010,14262.5,6.3,24.1,121.7,56.0,52.1,131.9,0x20,405.004,17.1,-1125,-1,2.2,-1,-1
2025-01-02T23:59:45.000Z,M20-304-2-03879,1419897585,43.57522,5.18135,14287.3,5.9,21.2,114.5,56.1,52.2,131.4,0x20,405.004,24.2,-1125,-1,2.2,-1,-1
2025-01-02T23:59:46.000Z,M20-304-2-03879,1419897586,43.57513,5.18158,14291.8,3.7,21.5,116.5,56.1,52.2,131.3,0x20,405.004,24.2,-1125,-1,2.2,-1,-1
2025-01-02T23:59:48.000Z,M20-304-2-03879,1419897588,43.57497,5.18203,14301.4,4.7,19.3,115.9,56.1,52.3,131.1,0x20,405.004,21.9,-1125,-1,2.2,-1,-1
2025-01-02T23:59:49.000Z,M20-304-2-03879,1419897589,43.57489,5.18225,14306.6,5.9,19.7,117.1,56.0,52.2,131.0,0x20,405.004,21.9,-1125,-1,2.2,-1,-1
2025-01-02T23:59:50.000Z,M20-304-2-03879,1419897590,43.57481,5.18248,14313.0,7.0,21.9,115.2,56.1,52.3,130.9,0x20,405.004,11.9,-1125,-1,2.2,-1,-1
2025-01-02T23:59:51.000Z,M20-304-2-03879,1419897591,43.57472,5.18273,14318.3,3.4,23.0,114.5,56.1,52.1,130.8,0x20,405.004,11.6,-1125,-1,2.2,-1,-1
2025-01-02T23:59:52.000Z,M20-304-2-03879,1419897592,43.57464,5.18299,14321.3,3.2,22.5,113.2,56.1,52.1,130.7,0x20,405.004,14.1,-1125,-1,2.2,-1,-1
2025-01-02T23:59:53.000Z,M20-304-2-03879,1419897593,43.57457,5.18324,14326.1,5.8,21.0,111.5,56.2,52.2,130.6,0x20,405.004,14.1,-1125,-1,2.2,-1,-1
2025-01-02T23:59:54.000Z,M20-304-2-03879,1419897594,43.57450,5.18347,14331.0,4.1,19.9,111.9,56.2,52.1,130.5,0x20,405.004,17.1,-750,-1,2.2,-1,-1
2025-01-02T23:59:55.000Z,M20-304-2-03879,1419897595,43.57443,5.18370,14336.5,6.1,20.1,109.8,56.1,52.2,130.4,0x20,405.004,25.9,-1125,-1,2.2,-1,-1
2025-01-02T23:59:56.000Z,M20-304-2-03879,1419897596,43.57437,5.18394,14342.6,6.3,20.4,110.5,56.2,52.2,130.3,0x20,405.004,25.9,-1125,-1,2.2,-1,-1
2025-01-02T23:59:57.000Z,M20-304-2-03879,1419897597,43.57430,5.18417,14348.4,5.6,20.3,112.5,56.2,52.2,130.1,0x20,405.004,25.8,-1125,-1,2.2,-1,-1
2025-01-02T23:59:58.000Z,M20-304-2-03879,1419897598,43.57423,5.18440,14353.2,5.0,20.9,114.6,56.2,52.1,130.0,0x20,405.004,25.8,-1125,-1,2.2,-1,-1
2025-01-02T23:59:59.000Z,M20-304-2-03879,1419897599,43.57415,5.18464,14358.8,6.0,22.1,115.3,56.2,52.1,129.9,0x20,405.004,25.3,-1125,-1,2.2,-1,-1
2025-01-03T00:00:00.000Z,M20-304-2-03879,1419897600,43.57406,5.18490,14363.1,4.0,23.3,114.6,56.1,52.1,129.8,0x20,405.004,25.3,-1125,-1,2.2,-1,-1
2025-01-03T00:00:01.000Z,M20-304-2-03879,1419897601,43.57398,5.18516,14368.1,6.4,22.5,113.8,56.1,52.1,129.7,0x20,405.004,22.9,-1125,-1,2.2,-1,-1
2025-01-03T00:00:02.000Z,M20-304-2-03879,1419897602,43.57390,5.18541,14374.6,6.3,21.1,111.9,56.1,52.1,129.6,0x20,405.004,25.9,-1125,-1,2.2,-1,-1
2025-01-03T00:00:03.000Z,M20-304-2-03879,1419897603,43.57383,5.18564,14378.9,3.4,20.3,111.9,56.1,52.1,129.5,0x20,405.004,25.9,-1125,-1,2.2,-1,-1
2025-01-03T00:00:04.000Z,M20-304-2-03879,1419897604,43.57376,5.18587,14382.2,3.5,20.0,113.2,56.1,52.1,129.4,0x20,405.004,16.0,-1125,-1,2.2,-1,-1
2025-01-03T00:00:05.000Z,M20-304-2-03879,1419897605,43.57368,5.18611,14387.1,5.8,21.6,114.4,56.1,52.1,129.3,0x20,405.004,16.0,-1125,-1,2.2,-1,-1
2025-01-03T00:00:06.000Z,M20-304-2-03879,1419897606,43.57360,5.18635,14391.8,4.0,22.6,116.2,56.1,52.1,129.2,0x20,405.004,15.4,-1125,-1,2.2,-1,-1
2025-01-03T00:00:07.000Z,M20-304-2-03879,1419897607,43.57352,5.18661,14397.8,7.8,22.6,110.9,56.1,52.1,129.1,0x20,405.004,19.1,-1125,-1,2.2,-1,-1
2025-01-03T00:00:08.000Z,M20-304-2-03879,1419897608,43.57345,5.18687,14403.7,5.0,22.4,106.8,56.1,52.1,128.9,0x20,405.004,21.3,-1125,-1,2.2,-1,-1
2025-01-03T00:00:09.000Z,M20-304-2-03879,1419897609,43.57340,5.18714,14407.6,4.1,22.6,105.3,56.1,52.1,128.9,0x20,405.004,23.7,-1125,-1,2.2,-1,-1
2025-01-03T00:00:10.000Z,M20-304-2-03879,1419897610,43.57334,5.18741,14412.9,6.4,22.8,105.0,56.1,52.1,128.7,0x20,405.004,23.7,-1125,-1,2.2,-1,-1
2025-01-03T00:00:11.000Z,M20-304-2-03879,1419897611,43.57328,5.18767,14417.6,4.4,22.4,107.9,56.2,52.1,128.6,0x20,405.004,21.6,-1125,-1,2.2,-1,-1
2025-01-03T00:00:12.000Z,M20-304-2-03879,1419897612,43.57322,5.18793,14422.9,6.1,20.9,109.3,56.1,52.1,128.5,0x20,405.004,22.0,-1125,-1,2.2,-1,-1
2025-01-03T00:00:13.000Z,M20-304-2-03879,1419897613,43.57316,5.18816,14428.6,5.1,19.4,110.4,56.1,52.1,128.4,0x20,405.004,24.3,-1125,-1,2.2,-1,-1
2025-01-03T00:00:14.000Z,M20-304-2-03879,1419897614,43.57309,5.18838,14434.9,7.8,19.1,116.2,56.2,52.0,128.2,0x20,405.004,24.3,-1125,-1,2.2,-1,-1
2025-01-03T00:00:15.000Z,M20-304-2-03879,1419897615,43.57301,5.18860,14440.1,2.8,19.7,115.9,56.1,51.9,128.1,0x20,405.004,21.7,-1125,-1,2.2,-1,-1
2025-01-03T00:00:16.000Z,M20-304-2-03879,1419897616,43.57294,5.18882,14444.2,5.3,20.4,114.9,56.1,52.0,128.1,0x20,405.004,20.7,-1125,-1,2.2,-1,-1
2025-01-03T00:00:17.000Z,M20-304-2-03879,1419897617,43.57286,5.18905,14450.9,8.1,20.4,111.3,56.2,51.9,127.9,0x20,405.004,8.6,-1125,-1,2.2,-1,-1
2025-01-03T00:00:18.000Z,M20-304-2-03879,1419897618,43.57279,5.18929,14456.4,3.9,20.8,110.0,56.2,51.9,127.8,0x20,405.004,11.5,-1125,-1,2.2,-1,-1
2025-01-03T00:00:19.000Z,M20-304-2-03879,1419897619,43.57273,5.18954,14460.5,4.5,21.5,107.6,56.1,51.9,127.7,0x20,405.004,11.5,-1125,-1,2.2,-1,-1
2025-01-03T00:00:20.000Z,M20-304-2-03879,1419897620,43.57268,5.18979,14466.5,6.7,21.7,105.3,56.1,51.9,127.6,0x20,405.004,11.6,-1125,-1,2.2,-1,-1
2025-01-03T00:00:22.000Z,M20-304-2-03879,1419897622,43.57257,5.19030,14477.9,5.7,22.1,109.4,56.2,51.9,127.3,0x20,405.004,22.9,-1125,-1,2.2,-1,-1
2025-01-03T00:00:23.000Z,M20-304-2-03879,1419897623,43.57249,5.19056,14484.8,7.4,23.7,113.6,56.1,51.8,127.2,0x20,405.004,22.9,-1125,-1,2.2,-1,-1
2025-01-03T00:00:24.000Z,M20-304-2-03879,1419897624,43.57241,5.19084,14490.9,5.3,24.7,114.8,56.1,51.9,127.1,0x20,405.004,23.7,-1125,-1,2.2,-1,-1
2025-01-03T00:00:25.000Z,M20-304-2-03879,1419897625,43.57231,5.19111,14496.4,5.6,24.0,116.9,56.2,51.7,127.0,0x20,405.004,23.7,-1125,-1,2.2,-1,-1
2025-01-03T00:00:29.000Z,M20-304-2-03879,1419897629,43.57198,5.19206,14517.1,5.2,20.1,109.7,56.1,51.7,126.5,0x20,405.004,21.1,-1125,-1,2.2,-1,-1
2025-01-03T00:00:30.000Z,M20-304-2-03879,1419897630,43.57193,5.19229,14521.7,4.6,19.3,107.4,56.1,51.7,126.4,0x20,405.004,10.9,-1125,-1,2.2,-1,-1
2025-01-03T00:00:31.000Z,M20-304-2-03879,1419897631,43.57188,5.19253,14527.4,6.8,20.2,107.1,56.2,51.6,126.3,0x20,405.004,10.9,-1125,-1,2.2,-1,-1
2025-01-03T00:00:34.000Z,M20-304-2-03879,1419897634,43.57167,5.19329,14543.0,5.5,22.8,112.0,56.2,51.5,126.0,0x20,405.004,20.4,-1125,-1,2.2,-1,-1
2025-01-03T00:00:35.000Z,M20-304-2-03879,1419897635,43.57160,5.19355,14548.8,5.5,21.9,113.2,56.1,51.5,125.8,0x20,405.004,20.4,-1125,-1,2.2,-1,-1
2025-01-03T00:00:36.000Z,M20-304-2-03879,1419897636,43.57151,5.19379,14554.1,5.9,21.7,114.3,56.1,51.5,125.7,0x20,405.004,23.4,-1125,-1,2.2,-1,-1
2025-01-03T00:00:37.000Z,M20-304-2-03879,1419897637,43.57143,5.19404,14559.9,5.8,22.6,114.7,56.1,51.5,125.6,0x20,405.004,23.4,-1125,-1,2.2,-1,-1
2025-01-03T00:00:39.000Z,M20-304-2-03879,1419897639,43.57127,5.19455,14570.6,4.4,21.9,113.4,56.1,51.4,125.4,0x20,405.004,21.9,-1125,-1,2.2,-1,-1
2025-01-03T00:01:48.000Z,M20-304-2-03879,1419897708,43.56579,5.21267,14961.9,4.5,22.4,100.7,56.1,49.5,117.4,0x20,405.004,12.4,-1125,-1,2.2,-1,-1
2025-01-03T00:01:49.000Z,M20-304-2-03879,1419897709,43.56574,5.21295,14966.7,5.3,22.6,102.7,56.1,49.5,117.3,0x20,405.004,12.4,-1125,-1,2.2,-1,-1
2025-01-03T00:01:50.000Z,M20-304-2-03879,1419897710,43.56569,5.21322,14972.6,6.6,23.4,106.8,56.1,49.5,117.2,0x20,405.004,18.6,-1125,-1,2.2,-1,-1
2025-01-03T00:01:51.000Z,M20-304-2-03879,1419897711,43.56562,5.21350,14978.0,4.6,24.1,109.4,56.2,49.5,117.0,0x20,405.004,21.5,-1125,-1,2.2,-1,-1
2025-01-03T00:01:52.000Z,M20-304-2-03879,1419897712,43.56556,5.21378,14982.2,5.0,23.6,108.8,56.1,49.5,117.0,0x20,405.004,21.5,-1125,-1,2.2,-1,-1
2025-01-03T00:01:53.000Z,M20-304-2-03879,1419897713,43.56549,5.21405,14987.1,5.2,23.1,105.2,56.1,49.3,116.8,0x20,405.004,25.6,-1125,-1,2.2,-1,-1
2025-01-03T00:01:54.000Z,M20-304-2-03879,1419897714,43.56545,5.21432,14992.0,4.7,23.0,101.8,56.2,49.3,116.8,0x20,405.004,25.6,-1125,-1,2.2,-1,-1
2025-01-03T00:01:57.000Z,M20-304-2-03879,1419897717,43.56531,5.21521,15008.2,4.3,25.5,101.0,56.1,49.2,116.4,0x20,405.004,25.3,-1125,-1,2.2,-1,-1
2025-01-03T00:01:58.000Z,M20-304-2-03879,1419897718,43.56527,5.21552,15013.0,5.5,25.8,99.8,56.2,49.3,116.3,0x20,405.004,25.3,-1125,-1,2.2,-1,-1
2025-01-03T00:01:59.000Z,M20-304-2-03879,1419897719,43.56523,5.21583,15017.8,5.2,25.3,100.3,56.1,49.2,116.2,0x20,405.004,23.7,-1125,-1,2.2,-1,-1
2025-01-03T00:02:02.000Z,M20-304-2-03879,1419897722,43.56508,5.21671,15033.6,4.7,23.9,105.0,56.2,49.1,115.9,0x20,405.004,12.9,-1125,-1,2.2,-1,-1
2025-01-03T00:02:03.000Z,M20-304-2-03879,1419897723,43.56502,5.21700,15038.6,5.2,24.3,101.7,56.1,49.0,115.8,0x20,405.004,12.9,-1125,-1,2.2,-1,-1
2025-01-03T00:02:04.000Z,M20-304-2-03879,1419897724,43.56499,5.21730,15043.6,5.2,25.0,99.3,56.1,49.0,115.7,0x20,405.004,21.5,-1125,-1,2.2,-1,-1
2025-01-03T00:02:06.000Z,M20-304-2-03879,1419897726,43.56491,5.21792,15056.2,5.5,25.9,100.4,56.2,49.0,115.5,0x20,405.004,23.3,-1125,-1,2.2,-1,-1
2025-01-03T00:02:07.000Z,M20-304-2-03879,1419897727,43.56486,5.21824,15060.8,4.0,26.6,99.8,56.1,48.9,115.4,0x20,405.004,23.3,-1125,-1,2.2,-1,-1
2025-01-03T00:02:08.000Z,M20-304-2-03879,1419897728,43.56483,5.21856,15065.6,5.5,26.9,97.4,56.2,48.9,115.3,0x20,405.004,21.1,-1125,-1,2.2,-1,-1
2025-01-03T00:02:14.000Z,M20-304-2-03879,1419897734,43.56462,5.22035,15102.2,5.2,24.7,102.4,56.1,48.7,114.6,0x20,405.004,12.3,-1125,-1,2.2,-1,-1
2025-01-03T00:02:15.000Z,M20-304-2-03879,1419897735,43.56457,5.22065,15106.3,3.3,25.3,101.4,56.1,48.7,114.5,0x20,405.004,12.3,-1125,-1,2.2,-1,-1
2025-01-03T00:02:18.000Z,M20-304-2-03879,1419897738,43.56449,5.22159,15123.1,4.6,25.9,94.2,56.1,48.7,114.2,0x20,405.004,21.9,-1125,-1,2.2,-1,-1
2025-01-03T00:02:19.000Z,M20-304-2-03879,1419897739,43.56447,5.22191,15128.8,7.1,25.7,94.2,56.1,48.7,114.1,0x20,405.004,21.9,-1125,-1,2.2,-1,-1
2025-01-03T00:02:20.000Z,M20-304-2-03879,1419897740,43.56446,5.22222,15134.9,6.0,24.7,95.2,56.1,48.6,113.9,0x20,405.004,22.2,-1125,-1,2.2,-1,-1
2025-01-03T00:02:44.000Z,M20-304-2-03879,1419897764,43.56365,5.22996,15259.1,4.9,28.3,96.8,56.1,48.1,111.5,0x20,405.004,20.0,-1125,-1,2.2,-1,-1
2025-01-03T00:02:45.000Z,M20-304-2-03879,1419897765,43.56362,5.23032,15264.8,6.9,28.9,95.0,56.2,48.1,111.4,0x20,405.004,21.0,-1125,-1,2.2,-1,-1
2025-01-03T00:02:56.000Z,M20-304-2-03879,1419897776,43.56324,5.23419,15322.3,3.6,28.8,97.7,56.2,47.7,110.3,0x20,405.004,13.8,-1125,-1,2.2,-1,-1
2025-01-03T00:02:57.000Z,M20-304-2-03879,1419897777,43.56321,5.23456,15326.5,4.8,29.9,94.1,56.2,47.6,110.2,0x20,405.004,22.4,-1125,-1,2.2,-1,-1
2025-01-03T00:02:58.000Z,M20-304-2-03879,1419897778,43.56320,5.23493,15331.5,5.1,30.7,93.2,56.1,47.5,110.1,0x20,405.004,22.4,-1125,-1,2.2,-1,-1
2025-01-03T00:03:05.000Z,M20-304-2-03879,1419897785,43.56285,5.23735,15367.4,4.3,28.1,103.5,56.2,47.3,109.4,0x20,405.004,14.0,-1125,-1,2.2,-1,-1
2025-01-03T00:03:06.000Z,M20-304-2-03879,1419897786,43.56279,5.23769,15371.2,4.0,28.3,102.2,56.1,47.4,109.4,0x20,405.004,14.0,-1125,-1,2.2,-1,-1
2025-01-03T00:03:09.000Z,M20-304-2-03879,1419897789,43.56266,5.23878,15386.1,4.2,30.3,97.4,56.2,47.4,109.1,0x20,405.004,23.7,-1125,-1,2.2,-1,-1
2025-01-03T00:03:10.000Z,M20-304-2-03879,1419897790,43.56262,5.23914,15390.8,5.2,28.5,98.7,56.3,47.4,109.0,0x20,405.004,23.7,-1125,-1,2.2,-1,-1
2025-01-03T00:03:14.000Z,M20-304-2-03879,1419897794,43.56236,5.24039,15405.7,3.3,27.7,109.7,56.2,47.3,108.7,0x20,405.004,26.3,-1125,-1,2.2,-1,-1
2025-01-03T00:03:15.000Z,M20-304-2-03879,1419897795,43.56229,5.24072,15410.6,6.5,28.1,105.5,56.3,47.3,108.6,0x20,405.004,27.6,-1125,-1,2.2,-1,-1
2025-01-03T00:03:16.000Z,M20-304-2-03879,1419897796,43.56223,5.24105,15416.3,5.3,27.8,101.4,56.3,47.3,108.5,0x20,405.004,27.6,-1125,-1,2.2,-1,-1
2025-01-03T00:03:17.000Z,M20-304-2-03879,1419897797,43.56219,5.24139,15420.3,2.7,27.9,99.3,56.2,47.2,108.4,0x20,405.004,25.4,-1125,-1,2.2,-1,-1
2025-01-03T00:03:18.000Z,M20-304-2-03879,1419897798,43.56215,5.24173,15423.9,4.3,28.5,99.3,56.3,47.3,108.3,0x20,405.004,25.4,-1125,-1,2.2,-1,-1
2025-01-03T00:03:20.000Z,M20-304-2-03879,1419897800,43.56204,5.24243,15434.6,4.5,28.6,103.2,56.3,47.3,108.2,0x20,405.004,14.6,-1125,-1,2.2,-1,-1
2025-01-03T00:03:21.000Z,M20-304-2-03879,1419897801,43.56198,5.24277,15438.9,4.3,28.0,104.6,56.3,47.2,108.1,0x20,405.004,17.4,-1125,-1,2.2,-1,-1
2025-01-03T00:03:22.000Z,M20-304-2-03879,1419897802,43.56192,5.24310,15443.9,5.8,27.3,104.6,56.3,47.1,108.0,0x20,405.004,21.8,-1125,-1,2.2,-1,-1
2025-01-03T00:03:30.000Z,M20-304-2-03879,1419897810,43.56146,5.24566,15483.2,6.7,27.7,104.7,56.3,47.1,107.3,0x20,405.004,24.9,-1125,-1,2.2,-1,-1
2025-01-03T00:04:38.000Z,M20-304-2-03879,1419897878,43.55683,5.26817,15781.6,4.9,25.7,111.5,56.2,46.7,101.9,0x20,405.004,10.4,-1500,-1,2.2,-1,-1
2025-01-03T00:04:39.000Z,M20-304-2-03879,1419897879,43.55674,5.26847,15786.1,4.4,26.8,113.0,56.2,46.8,101.8,0x20,405.004,15.4,-1500,-1,2.2,-1,-1
2025-01-03T00:04:45.000Z,M20-304-2-03879,1419897885,43.55624,5.27048,15813.0,5.8,26.2,105.1,56.3,46.8,101.3,0x20,405.004,23.6,-1500,-1,2.2,-1,-1
2025-01-03T00:04:52.000Z,M20-304-2-03879,1419897892,43.55563,5.27261,15840.3,3.2,28.8,108.3,56.2,46.9,100.9,0x20,405.004,14.3,-1500,-1,2.2,-1,-1
2025-01-03T00:05:02.000Z,M20-304-2-03879,1419897902,43.55491,5.27570,15880.1,2.8,26.7,110.5,56.2,47.1,100.2,0x20,405.004,24.3,-1875,-1,2.2,-1,-1
2025-01-03T00:05:23.000Z,M20-304-2-03879,1419897923,43.55342,5.28248,15967.4,5.3,26.3,107.1,56.2,47.6,98.7,0x20,405.004,24.2,-1500,-1,2.2,-1,-1
2025-01-03T00:05:24.000Z,M20-304-2-03879,1419897924,43.55335,5.28279,15971.8,3.7,26.9,106.5,56.3,47.7,98.6,0x20,405.004,24.2,-1500,-1,2.2,-1,-1
2025-01-03T00:05:26.000Z,M20-304-2-03879,1419897926,43.55322,5.28346,15980.5,4.7,29.4,102.9,56.2,47.6,98.4,0x20,405.004,26.0,-1875,-1,2.2,-1,-1
2025-01-03T00:05:27.000Z,M20-304-2-03879,1419897927,43.55316,5.28382,15985.0,4.2,30.5,102.0,56.3,47.7,98.4,0x20,405.004,26.0,-1500,-1,2.2,-1,-1
2025-01-03T00:05:28.000Z,M20-304-2-03879,1419897928,43.55311,5.28419,15989.2,4.8,30.3,99.4,56.3,47.7,98.3,0x20,405.004,24.7,-1875,-1,2.2,-1,-1
2025-01-03T00:05:31.000Z,M20-304-2-03879,1419897931,43.55299,5.28526,16002.2,3.9,27.5,100.6,56.3,47.8,98.1,0x20,405.004,12.2,-1875,-1,2.2,-1,-1
2025-01-03T00:05:32.000Z,M20-304-2-03879,1419897932,43.55294,5.28558,16006.9,5.2,26.0,103.3,56.2,47.8,98.0,0x20,405.004,17.2,-1875,-1,2.2,-1,-1
2025-01-03T00:05:33.000Z,M20-304-2-03879,1419897933,43.55289,5.28589,16010.8,3.1,25.6,104.2,56.2,47.8,97.9,0x20,405.004,21.7,-1875,-1,2.2,-1,-1
2025-01-03T00:05:34.000Z,M20-304-2-03879,1419897934,43.55283,5.28620,16015.9,7.1,27.0,104.1,56.2,47.8,97.8,0x20,405.004,24.9,-1875,-1,2.2,-1,-1
2025-01-03T00:05:35.000Z,M20-304-2-03879,1419897935,43.55277,5.28653,16021.2,3.6,28.4,102.7,56.2,47.8,97.7,0x20,405.004,25.6,-1875,-1,2.2,-1,-1
2025-01-03T00:05:36.000Z,M20-304-2-03879,1419897936,43.55272,5.28687,16024.7,3.7,28.3,101.1,56.1,47.8,97.7,0x20,405.004,25.6,-1875,-1,2.2,-1,-1
2025-01-03T00:05:37.000Z,M20-304-2-03879,1419897937,43.55267,5.28721,16028.8,4.4,27.8,101.7,56.2,47.7,97.6,0x20,405.004,25.3,-1875,-1,2.2,-1,-1
2025-01-03T00:05:38.000Z,M20-304-2-03879,1419897938,43.55262,5.28755,16032.8,3.7,27.3,103.8,56.3,47.8,97.5,0x20,405.004,25.0,-1875,-1,2.2,-1,-1
2025-01-03T00:05:39.000Z,M20-304-2-03879,1419897939,43.55255,5.28787,16036.5,3.5,27.9,106.5,56.2,47.7,97.5,0x20,405.004,24.9,-1875,-1,2.2,-1,-1
2025-01-03T00:05:40.000Z,M20-304-2-03879,1419897940,43.55248,5.28820,16040.4,4.4,27.9,107.4,56.2,47.8,97.4,0x20,405.004,26.7,-1875,-1,2.2,-1,-1
2025-01-03T00:05:41.000Z,M20-304-2-03879,1419897941,43.55241,5.28853,16046.2,6.6,27.2,104.1,56.2,47.8,97.3,0x20,405.004,26.7,-1875,-1,2.2,-1,-1
2025-01-03T00:05:42.000Z,M20-304-2-03879,1419897942,43.55236,5.28886,16051.4,3.7,27.2,101.0,56.1,47.8,97.2,0x20,405.004,13.4,-1875,-1,2.2,-1,-1
2025-01-03T00:05:43.000Z,M20-304-2-03879,1419897943,43.55232,5.28920,16055.0,3.6,28.4,98.3,56.2,47.9,97.2,0x20,405.004,10.5,0,-1,2.2,-1,-1
2025-01-03T00:05:44.000Z,M20-304-2-03879,1419897944,43.55228,5.28955,16058.0,2.5,29.6,97.5,56.3,47.8,97.1,0x20,405.004,9.6,-1875,-1,2.2,-1,-1
2025-01-03T00:05:45.000Z,M20-304-2-03879,1419897945,43.55225,5.28992,16061.8,4.4,30.4,96.3,56.1,47.9,97.1,0x20,405.004,11.6,-1875,-1,2.2,-1,-1
2025-01-03T00:05:46.000Z,M20-304-2-03879,1419897946,43.55221,5.29028,16065.9,4.1,30.0,96.6,56.3,47.9,97.0,0x20,405.004,25.4,-1875,-1,2.2,-1,-1
2025-01-03T00:05:47.000Z,M20-304-2-03879,1419897947,43.55216,5.29063,16070.4,4.6,29.1,99.3,56.1,47.8,96.9,0x20,405.004,26.7,-1875,-1,2.2,-1,-1
2025-01-03T00:05:48.000Z,M20-304-2-03879,1419897948,43.55211,5.29099,16074.8,4.7,28.3,102.6,56.1,47.8,96.8,0x20,405.004,26.7,-1875,-1,2.2,-1,-1
2025-01-03T00:05:49.000Z,M20-304-2-03879,1419897949,43.55205,5.29132,16078.6,3.8,28.2,106.2,56.2,47.9,96.8,0x20,405.004,24.3,-1875,-1,2.2,-1,-1
2025-01-03T00:05:50.000Z,M20-304-2-03879,1419897950,43.55199,5.29166,16083.2,4.8,28.2,106.4,56.2,47.9,96.7,0x20,405.004,23.3,-1875,-1,2.2,-1,-1
2025-01-03T00:05:59.000Z,M20-304-2-03879,1419897959,43.55150,5.29484,16125.0,3.4,28.7,101.2,56.3,48.0,96.0,0x20,405.004,24.4,-1875,-1,2.2,-1,-1
2025-01-03T00:06:00.000Z,M20-304-2-03879,1419897960,43.55145,5.29518,16129.0,4.7,28.5,103.1,56.3,47.9,95.9,0x20,405.004,24.4,-1875,-1,2.2,-1,-1
2025-01-03T00:06:18.000Z,M20-304-2-03879,1419897978,43.55045,5.30167,16206.7,5.2,29.4,99.8,56.1,48.1,94.7,0x20,405.004,24.3,-1875,-1,2.2,-1,-1
2025-01-03T00:06:21.000Z,M20-304-2-03879,1419897981,43.55027,5.30276,16218.9,4.2,32.3,105.1,56.3,48.1,94.5,0x20,405.004,10.6,-1875,-1,2.2,-1,-1
2025-01-03T00:06:26.000Z,M20-304-2-03879,1419897986,43.55004,5.30461,16239.5,3.2,29.4,95.5,56.1,48.2,94.2,0x20,405.004,24.5,-1875,-1,2.2,-1,-1
2025-01-03T00:06:27.000Z,M20-304-2-03879,1419897987,43.55001,5.30497,16244.8,6.1,29.1,98.1,56.1,48.1,94.1,0x20,405.004,24.5,-1875,-1,2.2,-1,-1
2025-01-03T00:06:29.000Z,M20-304-2-03879,1419897989,43.54991,5.30567,16254.3,2.6,29.2,102.8,56.2,48.2,93.9,0x20,405.004,23.0,-1875,-1,2.2,-1,-1
2025-01-03T00:06:30.000Z,M20-304-2-03879,1419897990,43.54984,5.30602,16258.3,5.2,30.8,108.0,56.2,48.1,93.9,0x20,405.004,23.0,-1875,-1,2.2,-1,-1
2025-01-03T00:06:31.000Z,M20-304-2-03879,1419897991,43.54976,5.30639,16263.1,4.2,32.1,107.5,56.2,48.2,93.8,0x20,405.004,25.0,-1875,-1,2.2,-1,-1
2025-01-03T00:06:32.000Z,M20-304-2-03879,1419897992,43.54968,5.30677,16267.0,3.9,31.8,103.8,56.1,48.2,93.7,0x20,405.004,25.0,-1875,-1,2.2,-1,-1
2025-01-03T00:06:40.000Z,M20-304-2-03879,1419898000,43.54935,5.30969,16301.8,4.3,29.7,107.1,56.1,48.2,93.2,0x20,405.004,16.8,0,-1,2.2,-1,-1
2025-01-03T00:06:41.000Z,M20-304-2-03879,1419898001,43.54927,5.31004,16306.3,4.8,30.5,106.8,56.2,48.3,93.1,0x20,405.004,26.0,-1875,-1,2.2,-1,-1
2025-01-03T00:06:42.000Z,M20-304-2-03879,1419898002,43.54919,5.31041,16311.7,6.0,31.0,105.1,56.2,48.2,93.0,0x20,405.004,26.0,-1875,-1,2.2,-1,-1
2025-01-03T00:06:49.000Z,M20-304-2-03879,1419898009,43.54877,5.31296,16342.1,4.5,30.2,100.8,56.1,48.1,92.5,0x20,405.004,11.0,-1875,-1,2.2,-1,-1
2025-01-03T00:06:50.000Z,M20-304-2-03879,1419898010,43.54872,5.31332,16347.1,5.4,29.9,101.7,56.2,48.2,92.4,0x20,405.004,13.0,-1875,-1,2.2,-1,-1
2025-01-03T00:06:51.000Z,M20-304-2-03879,1419898011,43.54866,5.31368,16352.0,4.8,30.5,103.3,56.2,48.2,92.3,0x20,405.004,21.2,-1875,-1,2.2,-1,-1
2025-01-03T00:06:52.000Z,M20-304-2-03879,1419898012,43.54860,5.31405,16357.2,6.1,31.3,104.7,56.3,48.2,92.3,0x20,405.004,26.4,-1875,-1,2.2,-1,-1
2025-01-03T00:06:53.000Z,M20-304-2-03879,1419898013,43.54853,5.31442,16362.4,4.8,31.4,104.2,56.2,48.1,92.2,0x20,405.004,26.4,-1875,-1,2.2,-1,-1
2025-01-03T00:06:54.000Z,M20-304-2-03879,1419898014,43.54846,5.31480,16367.5,5.3,32.3,103.8,56.2,48.1,92.1,0x20,405.004,23.7,-1875,-1,2.2,-1,-1
2025-01-03T00:06:55.000Z,M20-304-2-03879,1419898015,43.54839,5.31520,16373.2,5.7,33.2,103.0,56.3,48.1,92.0,0x20,405.004,21.8,-1875,-1,2.2,-1,-1
2025-01-03T00:06:56.000Z,M20-304-2-03879,1419898016,43.54832,5.31559,16378.1,4.6,32.5,102.0,56.2,48.1,91.9,0x20,405.004,24.0,-1875,-1,2.2,-1,-1
2025-01-03T00:06:57.000Z,M20-304-2-03879,1419898017,43.54827,5.31597,16382.1,4.2,30.7,99.6,56.3,48.1,91.8,0x20,405.004,24.0,-1875,-1,2.2,-1,-1
2025-01-03T00:06:58.000Z,M20-304-2-03879,1419898018,43.54823,5.31634,16386.1,4.0,28.5,98.4,56.2,48.1,91.8,0x20,405.004,24.0,-1875,-1,2.1,-1,-1
2025-01-03T00:06:59.000Z,M20-304-2-03879,1419898019,43.54819,5.31668,16391.8,6.4,27.3,100.4,56.2,48.1,91.7,0x20,405.004,19.9,-1875,-1,2.2,-1,-1
2025-01-03T00:07:04.000Z,M20-304-2-03879,1419898024,43.54785,5.31842,16415.9,6.3,31.9,106.8,56.2,48.0,91.3,0x20,405.004,11.1,-1875,-1,2.2,-1,-1
2025-01-03T00:07:38.000Z,M20-304-2-03879,1419898058,43.54513,5.33063,16578.8,3.8,29.0,108.1,56.1,48.5,88.9,0x20,405.004,22.2,-1875,-1,2.1,-1,-1
2025-01-03T00:07:39.000Z,M20-304-2-03879,1419898059,43.54506,5.33096,16581.7,2.8,28.0,106.2,56.2,48.4,88.8,0x20,405.004,9.3,-1875,-1,2.1,-1,-1
2025-01-03T00:07:40.000Z,M20-304-2-03879,1419898060,43.54500,5.33130,16585.8,5.7,28.0,102.6,56.2,48.5,88.8,0x20,405.004,8.9,-1875,-1,2.1,-1,-1
2025-01-03T00:07:41.000Z,M20-304-2-03879,1419898061,43.54494,5.33164,16590.9,4.5,28.7,101.7,56.2,48.4,88.7,0x20,405.004,9.4,-1875,-1,2.1,-1,-1
2025-01-03T00:07:42.000Z,M20-304-2-03879,1419898062,43.54489,5.33199,16595.3,4.3,29.7,103.5,56.1,48.5,88.6,0x20,405.004,14.9,-1875,-1,2.1,-1,-1
2025-01-03T00:07:43.000Z,M20-304-2-03879,1419898063,43.54481,5.33235,16600.3,5.5,30.4,107.7,56.2,48.6,88.5,0x20,405.004,14.9,-1875,-1,2.1,-1,-1
2025-01-03T00:07:46.000Z,M20-304-2-03879,1419898066,43.54453,5.33340,16612.8,4.4,30.0,110.4,56.2,48.6,88.3,0x20,405.004,24.1,-1875,-1,2.1,-1,-1
2025-01-03T00:07:47.000Z,M20-304-2-03879,1419898067,43.54444,5.33375,16617.9,5.8,30.6,107.5,56.3,48.7,88.3,0x20,405.004,24.1,-1875,-1,2.1,-1,-1
2025-01-03T00:07:48.000Z,M20-304-2-03879,1419898068,43.54436,5.33411,16622.7,3.4,31.3,105.3,56.2,48.8,88.2,0x20,405.004,23.8,-1875,-1,2.1,-1,-1
2025-01-03T00:07:55.000Z,M20-304-2-03879,1419898075,43.54384,5.33664,16655.7,4.5,30.7,111.9,56.1,48.9,87.7,0x20,405.004,10.9,-1875,-1,2.1,-1,-1
2025-01-03T00:07:56.000Z,M20-304-2-03879,1419898076,43.54374,5.33699,16660.9,5.8,30.2,108.3,56.2,48.9,87.6,0x20,405.004,10.9,-1875,-1,2.1,-1,-1
2025-01-03T00:08:04.000Z,M20-304-2-03879,1419898084,43.54307,5.33987,16700.7,5.3,30.0,110.9,56.1,49.0,87.0,0x20,405.004,21.6,-1875,-1,2.1,-1,-1
2025-01-03T00:08:05.000Z,M20-304-2-03879,1419898085,43.54298,5.34021,16706.2,4.4,28.4,111.7,56.1,49.0,86.9,0x20,405.004,8.7,-1875,-1,2.1,-1,-1
2025-01-03T00:08:09.000Z,M20-304-2-03879,1419898089,43.54262,5.34159,16724.5,5.0,32.2,107.4,56.1,49.3,86.7,0x20,405.004,19.6,-1875,-1,2.1,-1,-1
2025-01-03T00:08:11.000Z,M20-304-2-03879,1419898091,43.54245,5.34234,16733.8,4.5,30.7,108.9,56.2,49.2,86.5,0x20,405.004,23.1,-1875,-1,2.1,-1,-1
2025-01-03T00:08:12.000Z,M20-304-2-03879,1419898092,43.54236,5.34269,16739.2,6.2,30.4,108.9,56.2,49.2,86.4,0x20,405.004,23.1,-1875,-1,2.1,-1,-1
2025-01-03T00:08:18.000Z,M20-304-2-03879,1419898098,43.54186,5.34468,16773.3,5.1,27.6,106.9,56.2,49.3,86.0,0x20,405.004,9.9,-1875,-1,2.1,-1,-1
2025-01-03T00:08:48.000Z,M20-304-2-03879,1419898128,43.53991,5.35512,16919.2,5.5,30.5,113.5,56.1,49.7,83.9,0x20,405.004,21.1,-1875,-1,2.1,-1,-1
2025-01-03T00:08:49.000Z,M20-304-2-03879,1419898129,43.53980,5.35548,16924.3,4.9,32.0,112.9,56.1,49.7,83.8,0x20,405.004,21.1,-1875,-1,2.1,-1,-1
2025-01-03T00:08:50.000Z,M20-304-2-03879,1419898130,43.53969,5.35585,16929.4,5.6,32.4,110.2,56.1,49.8,83.7,0x20,405.004,21.4,-1875,-1,2.1,-1,-1
2025-01-03T00:09:00.000Z,M20-304-2-03879,1419898140,43.53889,5.35942,16980.2,5.1,32.9,109.2,56.1,49.8,83.0,0x20,405.004,11.7,-1875,-1,2.1,-1,-1
2025-01-03T00:09:12.000Z,M20-304-2-03879,1419898152,43.53774,5.36395,17040.1,4.3,33.2,116.2,56.1,49.7,82.1,0x20,405.004,10.7,-1875,-1,2.1,-1,-1
2025-01-03T00:09:17.000Z,M20-304-2-03879,1419898157,43.53723,5.36581,17065.1,5.2,31.0,107.5,56.1,49.7,81.8,0x20,405.004,24.2,-1875,-1,2.1,-1,-1
2025-01-03T00:09:18.000Z,M20-304-2-03879,1419898158,43.53715,5.36617,17070.4,5.5,31.0,108.7,56.1,49.8,81.7,0x20,405.004,24.9,-1875,-1,2.1,-1,-1
2025-01-03T00:09:19.000Z,M20-304-2-03879,1419898159,43.53705,5.36654,17075.0,4.0,32.1,109.7,56.1,49.7,81.6,0x20,405.004,24.9,-1875,-1,2.1,-1,-1
2025-01-03T00:09:20.000Z,M20-304-2-03879,1419898160,43.53695,5.36691,17079.4,4.6,32.7,111.2,56.1,49.8,81.6,0x20,405.004,20.4,-1875,-1,2.1,-1,-1
2025-01-03T00:09:57.000Z,M20-304-2-03879,1419898197,43.53290,5.37943,17276.1,6.3,28.4,114.5,56.1,49.8,78.9,0x20,405.004,20.8,-750,-1,2.1,-1,-1
2025-01-03T00:09:58.000Z,M20-304-2-03879,1419898198,43.53280,5.37976,17281.7,5.5,29.2,112.6,56.1,49.8,78.8,0x20,405.004,22.6,-1875,-1,2.1,-1,-1
2025-01-03T00:09:59.000Z,M20-304-2-03879,1419898199,43.53271,5.38009,17287.6,6.1,28.2,108.3,56.1,49.9,78.8,0x20,405.004,15.8,-1875,-1,2.1,-1,-1
2025-01-03T00:10:28.000Z,M20-304-2-03879,1419898228,43.53030,5.38935,17435.6,5.8,27.7,111.6,56.2,49.7,76.8,0x20,405.004,8.7,-750,-1,2.1,-1,-1
2025-01-03T00:10:29.000Z,M20-304-2-03879,1419898229,43.53020,5.38968,17441.2,5.5,29.7,112.3,56.2,49.7,76.7,0x20,405.004,9.3,-750,-1,2.1,-1,-1
2025-01-03T00:16:41.000Z,M20-304-2-03879,1419898601,43.50742,5.51060,19193.3,5.7,29.6,94.9,56.2,48.8,56.6,0x20,405.004,21.1,-1875,-1,2.0,-1,-1
2025-01-03T00:17:42.000Z,M20-304-2-03879,1419898662,43.50598,5.53336,19492.7,4.8,31.5,92.3,56.2,49.5,53.7,0x20,405.004,17.1,-2250,-1,2.0,-1,-1
2025-01-03T00:18:03.000Z,M20-304-2-03879,1419898683,43.50579,5.54173,19597.7,5.3,30.3,94.7,56.3,49.9,52.7,0x20,405.004,5.8,-1875,-1,2.0,-1,-1
2025-01-03T00:18:41.000Z,M20-304-2-03879,1419898721,43.50432,5.55801,19794.0,4.4,36.7,99.6,56.1,50.6,50.9,0x20,405.004,22.8,-1875,-1,2.0,-1,-1
2025-01-03T00:18:56.000Z,M20-304-2-03879,1419898736,43.50361,5.56457,19873.0,5.9,36.5,98.3,56.2,50.9,50.2,0x20,405.004,10.0,-1875,-1,2.0,-1,-1
2025-01-03T00:19:25.000Z,M20-304-2-03879,1419898765,43.50216,5.57736,20019.8,5.1,35.0,100.0,56.1,51.1,48.9,0x20,405.004,19.0,-1875,-1,2.0,-1,-1
2025-01-03T00:23:45.000Z,M20-304-2-03879,1419899025,43.49166,5.69779,21385.8,4.7,38.8,91.1,56.2,49.5,38.4,0x20,405.004,9.4,-1875,-1,2.0,-1,-1
2025-01-03T00:23:46.000Z,M20-304-2-03879,1419899026,43.49165,5.69826,21390.7,5.1,36.7,90.9,56.2,49.5,38.4,0x20,405.004,12.1,-750,-1,2.0,-1,-1
2025-01-03T00:23:47.000Z,M20-304-2-03879,1419899027,43.49164,5.69870,21396.0,5.5,34.7,93.5,56.2,49.5,38.4,0x20,405.004,18.0,-1875,-1,2.0,-1,-1
2025-01-03T00:26:55.000Z,M20-304-2-03879,1419899215,43.49025,5.78513,22270.2,6.5,40.3,91.6,55.9,52.9,32.8,0x20,405.004,21.2,-1875,-1,2.0,-1,-1
2025-01-03T00:27:24.000Z,M20-304-2-03879,1419899244,43.48964,5.79956,22457.4,7.0,41.5,95.1,55.9,52.9,31.7,0x20,405.004,20.7,-1875,-1,2.0,-1,-1
2025-01-03T00:28:40.000Z,M20-304-2-03879,1419899320,43.48709,5.83901,22971.9,5.8,43.7,96.8,55.9,51.8,28.8,0x20,405.004,21.3,-1875,-1,2.0,-1,-1
2025-01-03T00:29:15.000Z,M20-304-2-03879,1419899355,43.48654,5.85786,23161.2,5.6,46.4,93.8,55.9,51.5,27.8,0x20,405.004,21.6,-1875,-1,2.0,-1,-1
2025-01-03T00:29:16.000Z,M20-304-2-03879,1419899356,43.48650,5.85841,23166.7,5.3,43.8,97.3,55.9,51.6,27.8,0x20,405.004,21.6,-1875,-1,2.0,-1,-1
2025-01-03T00:29:17.000Z,M20-304-2-03879,1419899357,43.48645,5.85893,23170.7,2.7,41.4,99.3,55.9,51.6,27.8,0x20,405.004,20.9,-1875,-1,2.0,-1,-1
2025-01-03T00:29:18.000Z,M20-304-2-03879,1419899358,43.48639,5.85942,23174.3,3.9,39.0,98.7,55.9,51.6,27.8,0x20,405.004,20.9,-1875,-1,2.0,-1,-1
2025-01-03T00:30:42.000Z,M20-304-2-03879,1419899442,43.48531,5.90656,23480.0,4.3,47.7,92.5,55.9,52.0,26.2,0x20,405.004,9.0,-1875,-1,2.0,-1,-1
2025-01-03T00:30:43.000Z,M20-304-2-03879,1419899443,43.48529,5.90714,23483.6,3.0,45.9,92.5,55.9,52.0,26.1,0x20,405.004,9.2,-1875,-1,2.0,-1,-1
2025-01-03T00:30:44.000Z,M20-304-2-03879,1419899444,43.48528,5.90770,23486.8,3.3,45.2,90.7,55.9,52.1,26.1,0x20,405.004,10.2,-1875,-1,2.0,-1,-1
2025-01-03T00:30:45.000Z,M20-304-2-03879,1419899445,43.48529,5.90826,23491.2,5.2,46.5,87.3,55.9,52.1,26.1,0x20,405.004,13.7,-1875,-1,2.0,-1,-1
2025-01-03T00:30:56.000Z,M20-304-2-03879,1419899456,43.48550,5.91472,23530.5,2.8,45.4,84.7,55.8,52.4,25.9,0x20,405.004,8.3,-1875,-1,2.0,-1,-1
2025-01-03T00:30:57.000Z,M20-304-2-03879,1419899457,43.48554,5.91529,23534.1,5.1,47.6,83.3,55.9,52.5,25.9,0x20,405.004,11.3,-1875,-1,2.0,-1,-1
2025-01-03T00:30:58.000Z,M20-304-2-03879,1419899458,43.48559,5.91588,23538.3,3.3,49.0,84.0,55.9,52.5,25.9,0x20,405.004,16.0,-1875,-1,2.0,-1,-1
2025-01-03T00:31:07.000Z,M20-304-2-03879,1419899467,43.48586,5.92107,23575.7,3.0,44.4,84.8,55.9,52.7,25.7,0x20,405.004,11.1,-1875,-1,2.0,-1,-1
2025-01-03T00:31:08.000Z,M20-304-2-03879,1419899468,43.48590,5.92162,23579.6,4.8,45.4,84.0,55.8,52.8,25.7,0x20,405.004,9.0,-1875,-1,2.0,-1,-1
2025-01-03T00:31:09.000Z,M20-304-2-03879,1419899469,43.48594,5.92218,23584.5,5.0,47.2,85.5,55.9,52.8,25.7,0x20,405.004,9.0,-750,-1,2.0,-1,-1
2025-01-03T00:31:10.000Z,M20-304-2-03879,1419899470,43.48597,5.92277,23589.2,2.8,48.1,86.9,55.9,52.7,25.6,0x20,405.004,10.0,-1875,-1,2.0,-1,-1
2025-01-03T00:31:11.000Z,M20-304-2-03879,1419899471,43.48599,5.92336,23593.4,5.5,48.1,88.1,55.9,52.8,25.6,0x20,405.004,11.2,-1875,-1,2.0,-1,-1
2025-01-03T00:31:14.000Z,M20-304-2-03879,1419899474,43.48604,5.92505,23608.0,5.0,43.2,88.2,55.9,52.8,25.6,0x20,405.004,22.2,-1875,-1,2.0,-1,-1
2025-01-03T00:31:15.000Z,M20-304-2-03879,1419899475,43.48605,5.92558,23613.3,5.0,42.7,89.4,55.9,52.8,25.5,0x20,405.004,22.6,-1875,-1,2.0,-1,-1
2025-01-03T00:31:16.000Z,M20-304-2-03879,1419899476,43.48605,5.92610,23617.3,3.5,42.6,89.5,55.8,52.8,25.5,0x20,405.004,23.4,-1875,-1,2.0,-1,-1
2025-01-03T00:31:17.000Z,M20-304-2-03879,1419899477,43.48606,5.92662,23621.9,5.5,41.7,88.4,55.8,52.8,25.5,0x20,405.004,23.4,-1875,-1,2.0,-1,-1
2025-01-03T00:31:18.000Z,M20-304-2-03879,1419899478,43.48608,5.92713,23627.0,5.5,41.3,86.4,55.8,52.9,25.5,0x20,405.004,22.1,-1875,-1,2.0,-1,-1
2025-01-03T00:31:22.000Z,M20-304-2-03879,1419899482,43.48616,5.92934,23643.5,4.0,48.4,88.2,55.9,52.9,25.4,0x20,405.004,10.6,-1875,-1,2.0,-1,-1
2025-01-03T00:31:23.000Z,M20-304-2-03879,1419899483,43.48617,5.92993,23648.7,6.8,47.0,87.1,55.8,53.0,25.4,0x20,405.004,10.6,-1875,-1,2.0,-1,-1
2025-01-03T00:31:24.000Z,M20-304-2-03879,1419899484,43.48619,5.93050,23654.3,4.2,45.2,86.6,55.8,53.0,25.3,0x20,405.004,15.3,-1875,-1,2.0,-1,-1
2025-01-03T00:31:25.000Z,M20-304-2-03879,1419899485,43.48622,5.93104,23658.4,3.8,43.7,86.9,55.9,53.0,25.3,0x20,405.004,21.6,-1875,-1,2.0,-1,-1
2025-01-03T00:31:26.000Z,M20-304-2-03879,1419899486,43.48623,5.93158,23663.7,7.1,43.0,88.8,55.9,53.1,25.3,0x20,405.004,21.6,-1875,-1,2.0,-1,-1
2025-01-03T00:31:27.000Z,M20-304-2-03879,1419899487,43.48624,5.93211,23669.9,5.0,43.1,90.2,55.9,53.0,25.3,0x20,405.004,21.4,-1875,-1,2.0,-1,-1
2025-01-03T00:31:28.000Z,M20-304-2-03879,1419899488,43.48624,5.93264,23674.5,3.2,42.9,90.1,55.9,53.1,25.2,0x20,405.004,22.8,-1875,-1,2.0,-1,-1
2025-01-03T00:31:29.000Z,M20-304-2-03879,1419899489,43.48624,5.93316,23679.1,6.2,42.7,89.4,55.9,53.0,25.2,0x20,405.004,22.8,-1875,-1,2.0,-1,-1
2025-01-03T00:31:30.000Z,M20-304-2-03879,1419899490,43.48624,5.93369,23684.5,4.6,42.9,88.2,55.9,53.1,25.2,0x20,405.004,22.5,-1875,-1,2.0,-1,-1
2025-01-03T00:31:36.000Z,M20-304-2-03879,1419899496,43.48632,5.93696,23715.3,3.5,41.6,85.2,55.9,53.1,25.1,0x20,405.004,7.8,-1875,-1,2.0,-1,-1
2025-01-03T00:31:48.000Z,M20-304-2-03879,1419899508,43.48651,5.94356,23779.0,5.1,45.4,83.0,55.9,53.3,24.8,0x20,405.004,8.4,-750,-1,2.0,-1,-1
2025-01-03T00:31:49.000Z,M20-304-2-03879,1419899509,43.48656,5.94412,23785.1,7.0,46.2,84.6,55.9,53.3,24.7,0x20,405.004,8.9,-750,-1,2.0,-1,-1
2025-01-03T00:31:50.000Z,M20-304-2-03879,1419899510,43.48659,5.94469,23792.2,5.6,47.2,87.3,55.8,53.3,24.7,0x20,405.004,12.1,-1875,-1,2.0,-1,-1
2025-01-03T00:31:51.000Z,M20-304-2-03879,1419899511,43.48660,5.94527,23797.2,4.4,47.2,88.5,55.9,53.4,24.7,0x20,405.004,18.8,-1875,-1,2.0,-1,-1
2025-01-03T00:32:04.000Z,M20-304-2-03879,1419899524,43.48696,5.95277,23879.0,6.7,46.3,85.4,55.8,53.6,24.3,0x20,405.004,18.7,-1875,-1,2.0,-1,-1
2025-01-03T00:32:09.000Z,M20-304-2-03879,1419899529,43.48718,5.95562,23909.6,7.3,47.6,84.8,55.7,53.6,24.2,0x20,405.004,23.5,-1875,-1,2.0,-1,-1
2025-01-03T00:32:10.000Z,M20-304-2-03879,1419899530,43.48722,5.95620,23916.2,6.5,47.0,84.7,55.9,53.6,24.2,0x20,405.004,21.7,-1875,-1,2.0,-1,-1
2025-01-03T00:32:15.000Z,M20-304-2-03879,1419899535,43.48731,5.95908,23950.4,7.5,44.5,85.4,55.8,53.7,24.0,0x20,405.004,9.3,-750,-1,2.0,-1,-1
2025-01-03T00:32:16.000Z,M20-304-2-03879,1419899536,43.48736,5.95962,23957.7,6.0,44.4,83.2,55.9,53.7,24.0,0x20,405.004,10.7,-750,-1,2.0,-1,-1
2025-01-03T00:32:21.000Z,M20-304-2-03879,1419899541,43.48756,5.96248,23991.9,7.0,45.3,86.1,55.8,53.9,23.8,0x20,405.004,21.0,-1875,-1,2.0,-1,-1
2025-01-03T00:32:22.000Z,M20-304-2-03879,1419899542,43.48758,5.96303,23997.8,6.4,44.5,86.2,55.8,53.9,23.8,0x20,405.004,21.0,-1875,-1,2.0,-1,-1
2025-01-03T00:32:27.000Z,M20-304-2-03879,1419899547,43.48766,5.96575,24031.9,5.7,44.1,86.7,55.9,53.9,23.6,0x20,405.004,8.8,-1875,-1,2.0,-1,-1
2025-01-03T00:32:28.000Z,M20-304-2-03879,1419899548,43.48769,5.96631,24039.0,7.4,46.1,85.7,55.8,53.9,23.6,0x20,405.004,8.8,-1875,-1,2.0,-1,-1
2025-01-03T00:32:37.000Z,M20-304-2-03879,1419899557,43.48790,5.97141,24105.6,7.9,46.4,89.1,55.9,54.0,23.3,0x20,405.004,21.5,-1875,-1,2.0,-1,-1
2025-01-03T00:32:38.000Z,M20-304-2-03879,1419899558,43.48792,5.97198,24113.3,8.1,46.2,88.4,55.8,54.0,23.3,0x20,405.004,21.5,-1875,-1,2.0,-1,-1
2025-01-03T00:32:39.000Z,M20-304-2-03879,1419899559,43.48793,5.97255,24121.1,6.6,46.1,88.0,55.7,54.0,23.3,0x20,405.004,9.1,-1875,-1,2.0,-1,-1
2025-01-03T00:32:40.000Z,M20-304-2-03879,1419899560,43.48795,5.97313,24127.8,6.8,46.5,88.2,55.8,54.0,23.2,0x20,405.004,9.1,-1875,-1,2.0,-1,-1
2025-01-03T00:32:41.000Z,M20-304-2-03879,1419899561,43.48796,5.97370,24135.6,8.5,47.4,88.9,55.7,54.0,23.2,0x20,405.004,10.3,-1875,-1,2.0,-1,-1
2025-01-03T00:32:42.000Z,M20-304-2-03879,1419899562,43.48797,5.97430,24143.7,7.4,47.4,88.5,55.9,54.1,23.2,0x20,405.004,14.9,-1875,-1,2.0,-1,-1
2025-01-03T00:32:43.000Z,M20-304-2-03879,1419899563,43.48798,5.97487,24151.2,7.8,46.5,86.7,55.8,54.0,23.1,0x20,405.004,17.8,-1875,-1,2.0,-1,-1
2025-01-03T00:32:44.000Z,M20-304-2-03879,1419899564,43.48802,5.97543,24158.8,7.3,45.3,84.2,55.7,54.0,23.1,0x20,405.004,19.2,-1875,-1,2.0,-1,-1
2025-01-03T00:32:45.000Z,M20-304-2-03879,1419899565,43.48807,5.97598,24167.1,6.8,44.9,82.8,55.8,54.1,23.1,0x20,405.004,20.2,-1875,-1,2.0,-1,-1
2025-01-03T00:32:46.000Z,M20-304-2-03879,1419899566,43.48812,5.97654,24175.6,9.6,46.1,83.5,55.7,54.0,23.0,0x20,405.004,20.2,-1875,-1,2.0,-1,-1
2025-01-03T00:32:54.000Z,M20-304-2-03879,1419899574,43.48826,5.98119,24239.4,7.9,47.5,87.2,55.8,54.0,22.8,0x20,405.004,10.5,-1875,-1,2.0,-1,-1
2025-01-03T00:32:55.000Z,M20-304-2-03879,1419899575,43.48829,5.98177,24247.7,8.5,46.0,84.8,55.8,54.2,22.7,0x20,405.004,17.5,-1875,-1,2.0,-1,-1
2025-01-03T00:32:56.000Z,M20-304-2-03879,1419899576,43.48833,5.98232,24255.5,7.3,45.3,83.2,55.9,54.2,22.7,0x20,405.004,20.0,-1875,-1,2.0,-1,-1
2025-01-03T00:33:01.000Z,M20-304-2-03879,1419899581,43.48846,5.98532,24295.9,10.5,50.3,88.7,55.7,54.1,22.5,0x20,405.004,21.1,-1875,-1,2.0,-1,-1
2025-01-03T00:33:02.000Z,M20-304-2-03879,1419899582,43.48847,5.98593,24305.1,7.9,49.2,87.6,55.8,54.1,22.5,0x20,405.004,21.1,-1875,-1,2.0,-1,-1
2025-01-03T00:33:03.000Z,M20-304-2-03879,1419899583,43.48849,5.98653,24312.8,7.4,48.5,87.1,55.9,54.1,22.5,0x20,405.004,21.1,-1875,-1,2.0,-1,-1
2025-01-03T00:33:10.000Z,M20-304-2-03879,1419899590,43.48876,5.99064,24373.2,8.8,49.4,86.8,55.9,54.1,22.2,0x20,405.004,19.5,-1875,-1,2.0,-1,-1
2025-01-03T00:33:11.000Z,M20-304-2-03879,1419899591,43.48878,5.99126,24381.2,7.1,50.4,87.9,55.8,54.1,22.2,0x20,405.004,20.4,-1875,-1,2.0,-1,-1
2025-01-03T00:33:12.000Z,M20-304-2-03879,1419899592,43.48880,5.99188,24389.5,9.3,50.6,87.5,55.9,54.2,22.1,0x20,405.004,21.6,-1875,-1,2.0,-1,-1
2025-01-03T00:33:13.000Z,M20-304-2-03879,1419899593,43.48883,5.99249,24398.3,8.4,49.5,85.8,55.8,54.1,22.1,0x20,405.004,22.3,-1875,-1,2.0,-1,-1
2025-01-03T00:33:14.000Z,M20-304-2-03879,1419899594,43.48886,5.99309,24406.1,7.0,48.5,84.6,55.9,54.1,22.1,0x20,405.004,22.3,-1875,-1,2.0,-1,-1
2025-01-03T00:33:15.000Z,M20-304-2-03879,1419899595,43.48891,5.99369,24414.2,9.2,48.0,84.1,55.9,54.1,22.1,0x20,405.004,21.8,-1875,-1,2.0,-1,-1
2025-01-03T00:33:16.000Z,M20-304-2-03879,1419899596,43.48895,5.99428,24423.5,9.4,48.9,84.8,55.8,54.1,22.0,0x20,405.004,20.9,-1875,-1,2.0,-1,-1
2025-01-03T00:33:20.000Z,M20-304-2-03879,1419899600,43.48912,5.99668,24457.8,7.7,48.0,83.6,55.9,54.1,21.9,0x20,405.004,10.9,0,-1,2.0,-1,-1
2025-01-03T00:33:21.000Z,M20-304-2-03879,1419899601,43.48916,5.99727,24467.4,10.2,48.0,85.6,55.9,54.1,21.8,0x20,405.004,15.6,-1875,-1,2.0,-1,-1
2025-01-03T00:33:22.000Z,M20-304-2-03879,1419899602,43.48919,5.99786,24476.8,8.9,48.5,86.9,55.9,54.0,21.8,0x20,405.004,17.9,-1875,-1,2.0,-1,-1
2025-01-03T00:33:26.000Z,M20-304-2-03879,1419899606,43.48936,6.00020,24510.5,7.5,47.2,81.5,55.9,54.0,21.7,0x20,405.004,21.4,-1875,-1,2.0,-1,-1
2025-01-03T00:33:27.000Z,M20-304-2-03879,1419899607,43.48942,6.00078,24519.2,9.8,47.7,82.1,55.8,54.0,21.6,0x20,405.004,21.4,-1875,-1,2.0,-1,-1
2025-01-03T00:33:28.000Z,M20-304-2-03879,1419899608,43.48947,6.00136,24528.2,8.1,48.2,83.5,55.7,54.0,21.6,0x20,405.004,20.9,-1875,-1,2.0,-1,-1
2025-01-03T00:33:31.000Z,M20-304-2-03879,1419899611,43.48960,6.00310,24554.3,8.4,46.4,83.6,55.8,53.9,21.5,0x20,405.004,11.3,0,-1,2.0,-1,-1
2025-01-03T00:33:33.000Z,M20-304-2-03879,1419899613,43.48969,6.00425,24571.4,9.2,47.3,84.5,55.9,54.0,21.4,0x20,405.004,9.5,0,-1,2.0,-1,-1
2025-01-03T00:33:34.000Z,M20-304-2-03879,1419899614,43.48973,6.00483,24580.4,8.2,47.7,85.2,55.9,53.9,21.4,0x20,405.004,10.3,-1875,-1,2.0,-1,-1
