timestamp,serial,frame,lat,lon,alt,vel_v,vel_h,heading,temp,humidity,pressure,type,freq_mhz,snr,f_error_hz,sats,batt_v,burst_timer,aux_data
2025-09-10T00:45:48.998Z,W2010555,7906,45.99051,9.42400,33180.7,6.0,0.4,294.4,-273.0,-1.0,-1.0,RS41,404.900,6.5,250,9,2.5,-1,-1
2025-09-10T00:47:32.998Z,W2010555,8010,45.99381,9.42728,33762.4,5.4,7.3,33.1,-273.0,-1.0,-1.0,RS41,404.900,6.9,250,9,2.5,-1,-1
2025-09-10T00:47:33.998Z,W2010555,8011,45.99387,9.42732,33767.9,5.4,5.8,17.9,-273.0,-1.0,-1.0,RS41,404.900,6.9,250,9,2.5,-1,-1
2025-09-10T00:47:45.998Z,W2010555,8023,45.99395,9.42805,33834.7,5.4,7.7,19.6,-273.0,-1.0,-1.0,RS41,404.900,7.2,250,9,2.5,-1,-1
2025-09-10T00:47:48.998Z,W2010555,8026,45.99411,9.42797,33849.8,5.1,6.0,300.7,-273.0,-1.0,-1.0,RS41,404.900,7.8,250,9,2.5,-1,-1
2025-09-10T00:47:58.998Z,W2010555,8036,45.99440,9.42878,33906.1,6.5,10.3,22.9,-273.0,-1.0,-1.0,RS41,404.900,7.3,250,9,2.5,-1,-1
2025-09-10T00:47:59.998Z,W2010555,8037,45.99448,9.42880,33911.8,4.7,8.8,358.7,-273.0,-1.0,-1.0,RS41,404.900,7.3,250,9,2.6,-1,-1
2025-09-10T00:48:12.998Z,W2010555,8050,45.99524,9.42925,33979.2,5.5,7.9,7.3,-273.0,-1.0,-1.0,RS41,404.900,7.3,250,9,2.6,-1,-1
2025-09-10T00:48:23.998Z,W2010555,8061,45.99569,9.42973,34038.0,6.8,8.1,49.6,-273.0,-1.0,-1.0,RS41,404.900,6.5,250,9,2.6,-1,-1
2025-09-10T00:48:30.998Z,W2010555,8068,45.99605,9.42974,34077.0,5.9,6.1,20.3,-273.0,-1.0,-1.0,RS41,404.900,6.6,250,9,2.6,-1,-1
2025-09-10T00:48:32.998Z,W2010555,8070,45.99614,9.42985,34086.7,4.2,7.2,59.0,-273.0,-1.0,-1.0,RS41,404.900,7.0,250,9,2.5,-1,-1
2025-09-10T00:48:33.998Z,W2010555,8071,45.99616,9.42994,34091.3,4.8,7.6,72.8,-273.0,-1.0,-1.0,RS41,404.900,7.6,250,9,2.5,-1,-1
2025-09-10T00:48:34.998Z,W2010555,8072,45.99618,9.43003,34096.5,5.8,7.1,82.0,-273.0,-1.0,-1.0,RS41,404.900,7.6,250,9,2.5,-1,-1
2025-09-10T00:48:35.998Z,W2010555,8073,45.99618,9.43011,34102.7,6.4,5.8,85.8,-273.0,-1.0,-1.0,RS41,404.900,7.4,250,9,2.5,-1,-1
2025-09-10T00:48:36.998Z,W2010555,8074,45.99619,9.43018,34108.8,5.9,4.2,78.1,-273.0,-1.0,-1.0,RS41,404.900,7.3,250,9,2.6,-1,-1
2025-09-10T00:48:37.998Z,W2010555,8075,45.99620,9.43022,34114.7,5.6,3.3,44.1,-273.0,-1.0,-1.0,RS41,404.900,7.0,250,9,2.6,-1,-1
2025-09-10T00:48:40.998Z,W2010555,8078,45.99637,9.43023,34130.4,4.9,10.2,356.9,-273.0,-1.0,-1.0,RS41,404.900,6.8,250,9,2.5,-1,-1
2025-09-10T00:48:41.998Z,W2010555,8079,45.99647,9.43023,34135.4,5.1,12.1,359.4,-273.0,-1.0,-1.0,RS41,404.900,7.5,250,9,2.5,-1,-1
2025-09-10T00:48:42.998Z,W2010555,8080,45.99658,9.43023,34140.7,5.4,13.0,2.7,-273.0,-1.0,-1.0,RS41,404.900,7.5,250,9,2.5,-1,-1
2025-09-10T00:48:43.998Z,W2010555,8081,45.99669,9.43025,34146.4,6.0,12.2,7.2,-273.0,-1.0,-1.0,RS41,404.900,7.4,250,9,2.6,-1,-1
2025-09-10T00:48:46.998Z,W2010555,8084,45.99691,9.43034,34164.5,5.4,4.7,39.4,-273.0,-1.0,-1.0,RS41,404.900,7.0,250,9,2.5,-1,-1
2025-09-10T00:48:55.998Z,W2010555,8093,45.99733,9.43071,34212.2,4.3,16.2,5.8,-273.0,-1.0,-1.0,RS41,404.900,7.7,250,9,2.6,-1,-1
2025-09-10T00:48:56.998Z,W2010555,8094,45.99748,9.43072,34217.3,5.6,16.1,0.3,-273.0,-1.0,-1.0,RS41,404.900,7.8,250,9,2.6,-1,-1
2025-09-10T00:48:58.998Z,W2010555,8096,45.99772,9.43069,34230.6,7.0,11.0,350.3,-273.0,-1.0,-1.0,RS41,404.900,7.9,250,9,2.5,-1,-1
2025-09-10T00:48:59.998Z,W2010555,8097,45.99781,9.43067,34237.0,5.8,7.6,348.3,-273.0,-1.0,-1.0,RS41,404.900,7.9,250,9,2.5,-1,-1
2025-09-10T00:49:00.998Z,W2010555,8098,45.99786,9.43065,34242.2,4.5,4.1,355.8,-273.0,-1.0,-1.0,RS41,404.900,7.5,250,9,2.5,-1,-1
2025-09-10T00:49:04.998Z,W2010555,8102,45.99791,9.43089,34261.0,6.4,9.7,75.2,-273.0,-1.0,-1.0,RS41,404.900,7.3,250,9,2.5,-1,-1
2025-09-10T00:49:08.998Z,W2010555,8106,45.99821,9.43130,34285.7,4.7,14.0,14.3,-273.0,-1.0,-1.0,RS41,404.900,7.4,250,9,2.5,-1,-1
2025-09-10T00:49:09.998Z,W2010555,8107,45.99833,9.43132,34290.1,4.3,14.6,358.2,-273.0,-1.0,-1.0,RS41,404.900,7.7,250,9,2.5,-1,-1
2025-09-10T00:49:17.998Z,W2010555,8115,45.99888,9.43126,34332.8,2.7,11.6,73.0,-273.0,-1.0,-1.0,RS41,404.900,7.2,250,9,2.5,-1,-1
2025-09-10T00:49:18.998Z,W2010555,8116,45.99892,9.43141,34336.1,3.8,13.7,70.0,-273.0,-1.0,-1.0,RS41,404.900,7.2,250,9,2.5,-1,-1
2025-09-10T00:49:19.998Z,W2010555,8117,45.99897,9.43158,34341.0,6.0,14.0,62.2,-273.0,-1.0,-1.0,RS41,404.900,7.9,250,9,2.6,-1,-1
2025-09-10T00:49:20.998Z,W2010555,8118,45.99903,9.43172,34347.5,7.1,12.7,49.8,-273.0,-1.0,-1.0,RS41,404.900,7.9,250,9,2.6,-1,-1
2025-09-10T00:49:21.998Z,W2010555,8119,45.99911,9.43182,34354.4,6.6,11.1,32.0,-273.0,-1.0,-1.0,RS41,404.900,7.8,250,9,2.5,-1,-1
2025-09-10T00:49:22.998Z,W2010555,8120,45.99920,9.43187,34360.2,4.9,10.4,12.1,-273.0,-1.0,-1.0,RS41,404.900,7.8,250,9,2.5,-1,-1
2025-09-10T00:49:23.998Z,W2010555,8121,45.99929,9.43188,34364.4,3.3,10.6,354.5,-273.0,-1.0,-1.0,RS41,404.900,8.0,250,9,2.5,-1,-1
2025-09-10T00:49:24.998Z,W2010555,8122,45.99938,9.43185,34367.9,3.7,10.9,341.6,-273.0,-1.0,-1.0,RS41,404.900,8.0,250,9,2.6,-1,-1
2025-09-10T00:49:25.998Z,W2010555,8123,45.99947,9.43180,34372.4,5.3,10.6,336.9,-273.0,-1.0,-1.0,RS41,404.900,7.5,250,9,2.6,-1,-1
2025-09-10T00:49:28.998Z,W2010555,8126,45.99971,9.43175,34391.8,5.3,8.2,20.3,-273.0,-1.0,-1.0,RS41,404.900,7.6,250,9,2.5,-1,-1
2025-09-10T00:49:29.998Z,W2010555,8127,45.99977,9.43181,34396.5,3.9,9.1,38.1,-273.0,-1.0,-1.0,RS41,404.900,7.9,250,9,2.5,-1,-1
2025-09-10T00:49:31.998Z,W2010555,8129,45.99989,9.43200,34405.0,5.2,10.9,54.8,-273.0,-1.0,-1.0,RS41,404.900,7.7,250,9,2.6,-1,-1
2025-09-10T00:49:36.998Z,W2010555,8134,46.00022,9.43240,34432.6,4.6,9.9,14.7,-273.0,-1.0,-1.0,RS41,404.900,7.5,250,9,2.5,-1,-1
2025-09-10T00:49:39.998Z,W2010555,8137,46.00052,9.43248,34448.1,5.8,12.1,11.8,-273.0,-1.0,-1.0,RS41,404.900,7.6,250,9,2.5,-1,-1
2025-09-10T00:49:40.998Z,W2010555,8138,46.00062,9.43251,34453.8,5.9,11.9,16.0,-273.0,-1.0,-1.0,RS41,404.900,7.6,250,9,2.5,-1,-1
2025-09-10T00:49:41.998Z,W2010555,8139,46.00072,9.43256,34459.6,5.5,11.0,21.3,-273.0,-1.0,-1.0,RS41,404.900,7.1,250,9,2.5,-1,-1
2025-09-10T00:49:42.998Z,W2010555,8140,46.00080,9.43262,34464.9,5.1,9.6,27.6,-273.0,-1.0,-1.0,RS41,404.900,8.2,250,9,2.6,-1,-1
2025-09-10T00:49:43.998Z,W2010555,8141,46.00087,9.43267,34469.9,4.9,7.7,35.5,-273.0,-1.0,-1.0,RS41,404.900,8.2,250,9,2.6,-1,-1
2025-09-10T00:49:44.998Z,W2010555,8142,46.00092,9.43273,34474.7,4.7,5.7,42.3,-273.0,-1.0,-1.0,RS41,404.900,8.2,250,9,2.5,-1,-1
2025-09-10T00:49:46.998Z,W2010555,8144,46.00097,9.43280,34485.0,5.6,2.4,36.4,-273.0,-1.0,-1.0,RS41,404.900,7.1,250,9,2.5,-1,-1
2025-09-10T00:49:51.998Z,W2010555,8149,46.00122,9.43279,34514.3,4.8,11.8,3.1,-273.0,-1.0,-1.0,RS41,404.900,7.8,250,9,2.5,-1,-1
2025-09-10T00:49:52.998Z,W2010555,8150,46.00134,9.43280,34519.0,4.5,14.2,8.1,-273.0,-1.0,-1.0,RS41,404.900,8.1,250,9,2.5,-1,-1
2025-09-10T00:49:53.998Z,W2010555,8151,46.00147,9.43284,34523.9,5.3,15.8,12.7,-273.0,-1.0,-1.0,RS41,404.900,8.1,250,9,2.6,-1,-1
2025-09-10T00:49:54.998Z,W2010555,8152,46.00161,9.43289,34529.6,6.3,15.8,16.1,-273.0,-1.0,-1.0,RS41,404.900,7.7,250,9,2.6,-1,-1
2025-09-10T00:49:55.998Z,W2010555,8153,46.00174,9.43294,34536.3,6.9,14.2,18.2,-273.0,-1.0,-1.0,RS41,404.900,7.7,250,9,2.6,-1,-1
2025-09-10T00:49:56.998Z,W2010555,8154,46.00184,9.43300,34543.1,6.8,11.2,18.9,-273.0,-1.0,-1.0,RS41,404.900,7.7,250,9,2.5,-1,-1
2025-09-10T00:49:57.998Z,W2010555,8155,46.00192,9.43303,34549.5,5.9,7.7,15.8,-273.0,-1.0,-1.0,RS41,404.900,7.6,250,9,2.5,-1,-1
2025-09-10T00:50:06.998Z,W2010555,8164,46.00217,9.43307,34596.0,3.1,13.7,33.8,-273.0,-1.0,-1.0,RS41,404.900,8.0,250,9,2.6,-1,-1
2025-09-10T00:50:07.998Z,W2010555,8165,46.00228,9.43318,34599.3,3.4,16.1,32.9,-38.0,-1.0,-1.0,RS41,404.900,8.0,250,9,2.5,-1,-1
2025-09-10T00:50:08.998Z,W2010555,8166,46.00241,9.43329,34603.5,5.1,16.6,30.6,-38.0,-1.0,-1.0,RS41,404.900,7.9,250,9,2.5,-1,-1
2025-09-10T00:50:09.998Z,W2010555,8167,46.00253,9.43339,34609.5,6.8,14.7,26.4,-37.9,-1.0,-1.0,RS41,404.900,8.2,250,9,2.5,-1,-1
2025-09-10T00:50:10.998Z,W2010555,8168,46.00264,9.43345,34616.4,7.2,11.4,18.9,-37.9,-1.0,-1.0,RS41,404.900,8.2,250,9,2.5,-1,-1
2025-09-10T00:50:11.998Z,W2010555,8169,46.00272,9.43348,34622.9,5.8,7.9,6.1,-37.9,-1.0,-1.0,RS41,404.900,7.9,250,9,2.6,-1,-1
2025-09-10T00:50:12.998Z,W2010555,8170,46.00278,9.43348,34627.7,3.9,5.1,343.6,-37.9,-1.0,-1.0,RS41,404.900,7.9,250,9,2.6,-1,-1
2025-09-10T00:50:13.998Z,W2010555,8171,46.00281,9.43345,34631.2,2.9,3.5,304.3,-37.9,-1.0,-1.0,RS41,404.900,7.7,250,9,2.6,-1,-1
2025-09-10T00:50:17.998Z,W2010555,8175,46.00280,9.43341,34651.8,6.2,4.0,72.8,-37.9,-1.0,-1.0,RS41,404.900,7.0,250,9,2.5,-1,-1
2025-09-10T00:50:18.998Z,W2010555,8176,46.00282,9.43347,34657.3,4.7,6.9,60.8,-37.9,-1.0,-1.0,RS41,404.900,7.6,250,9,2.6,-1,-1
2025-09-10T00:50:19.998Z,W2010555,8177,46.00286,9.43356,34661.6,3.9,9.6,51.7,-37.9,-1.0,-1.0,RS41,404.900,8.3,250,9,2.6,-1,-1
2025-09-10T00:50:20.998Z,W2010555,8178,46.00293,9.43366,34665.6,4.1,11.6,42.5,-37.9,-1.0,-1.0,RS41,404.900,8.4,250,9,2.5,-1,-1
2025-09-10T00:50:21.998Z,W2010555,8179,46.00301,9.43375,34670.4,5.2,12.2,32.7,-37.8,-1.0,-1.0,RS41,404.900,8.4,250,9,2.5,-1,-1
2025-09-10T00:50:22.998Z,W2010555,8180,46.00311,9.43382,34676.1,6.2,12.0,21.2,-37.8,-1.0,-1.0,RS41,404.900,7.4,250,9,2.5,-1,-1
2025-09-10T00:50:23.998Z,W2010555,8181,46.00321,9.43386,34682.3,6.2,10.8,8.0,-37.8,-1.0,-1.0,RS41,404.900,7.7,250,9,2.6,-1,-1
2025-09-10T00:50:24.998Z,W2010555,8182,46.00330,9.43386,34688.0,4.9,9.6,354.8,-37.9,-1.0,-1.0,RS41,404.900,8.1,250,9,2.6,-1,-1
2025-09-10T00:50:25.998Z,W2010555,8183,46.00338,9.43384,34692.6,4.2,8.3,340.7,-37.9,-1.0,-1.0,RS41,404.900,8.1,250,9,2.5,-1,-1
2025-09-10T00:50:26.998Z,W2010555,8184,46.00344,9.43380,34696.9,4.4,6.9,328.8,-37.9,-1.0,-1.0,RS41,404.900,7.9,250,9,2.5,-1,-1
2025-09-10T00:50:27.998Z,W2010555,8185,46.00348,9.43376,34701.8,5.1,5.3,321.2,-37.9,-1.0,-1.0,RS41,404.900,7.9,250,9,2.5,-1,-1
2025-09-10T00:50:28.998Z,W2010555,8186,46.00351,9.43372,34707.2,5.7,3.6,327.1,-37.9,-1.0,-1.0,RS41,404.900,7.9,250,9,2.6,-1,-1
2025-09-10T00:50:30.998Z,W2010555,8188,46.00356,9.43372,34717.3,4.6,2.8,25.0,-37.8,-1.0,-1.0,RS41,404.900,7.4,250,9,2.5,-1,-1
2025-09-10T00:50:31.998Z,W2010555,8189,46.00359,9.43374,34722.1,5.0,3.7,37.0,-37.8,-1.0,-1.0,RS41,404.900,7.4,250,9,2.5,-1,-1
2025-09-10T00:50:32.998Z,W2010555,8190,46.00362,9.43377,34727.3,5.6,4.2,32.7,-37.8,-1.0,-1.0,RS41,404.900,7.2,250,9,2.5,-1,-1
2025-09-10T00:50:34.998Z,W2010555,8192,46.00370,9.43381,34738.8,5.7,5.5,7.8,-37.7,-1.0,-1.0,RS41,404.900,7.0,250,9,2.6,-1,-1
2025-09-10T00:50:35.998Z,W2010555,8193,46.00375,9.43381,34744.1,4.8,6.4,358.5,-37.7,-1.0,-1.0,RS41,404.900,7.2,250,9,2.6,-1,-1
2025-09-10T00:50:36.998Z,W2010555,8194,46.00381,9.43380,34748.7,4.4,7.5,351.9,-37.7,-1.0,-1.0,RS41,404.900,7.7,250,9,2.6,-1,-1
2025-09-10T00:50:37.998Z,W2010555,8195,46.00388,9.43379,34753.3,4.7,8.5,350.0,-37.7,-1.0,-1.0,RS41-SG,404.900,8.0,250,9,2.5,-1,-1
2025-09-10T00:50:38.998Z,W2010555,8196,46.00396,9.43377,34758.4,5.5,8.8,351.3,-37.7,-1.0,-1.0,RS41-SG,404.900,8.0,250,9,2.5,-1,-1
2025-09-10T00:50:39.998Z,W2010555,8197,46.00404,9.43376,34763.9,5.5,8.7,355.0,-37.6,-1.0,-1.0,RS41-SG,404.900,7.7,250,9,2.5,-1,-1
2025-09-10T00:50:40.998Z,W2010555,8198,46.00411,9.43375,34769.2,5.2,7.9,358.8,-37.5,-1.0,-1.0,RS41-SG,404.900,8.1,250,9,2.5,-1,-1
2025-09-10T00:50:41.998Z,W2010555,8199,46.00417,9.43375,34774.5,5.4,6.5,1.9,-37.5,-1.0,-1.0,RS41-SG,404.900,8.1,250,9,2.6,-1,-1
2025-09-10T00:50:42.998Z,W2010555,8200,46.00422,9.43375,34779.8,5.4,4.6,2.4,-37.4,-1.0,-1.0,RS41-SG,404.900,7.5,250,9,2.6,-1,-1
2025-09-10T00:50:43.998Z,W2010555,8201,46.00426,9.43375,34785.1,5.1,2.5,353.5,-37.3,-1.0,-1.0,RS41-SG,404.900,8.1,250,9,2.5,-1,-1
2025-09-10T00:50:44.998Z,W2010555,8202,46.00427,9.43374,34790.2,5.0,1.1,315.2,-37.3,-1.0,-1.0,RS41-SG,404.900,8.1,250,9,2.5,-1,-1
2025-09-10T00:50:45.998Z,W2010555,8203,46.00427,9.43373,34795.0,4.7,1.2,267.0,-37.2,-1.0,-1.0,RS41-SG,404.900,8.1,250,9,2.5,-1,-1
2025-09-10T00:50:46.998Z,W2010555,8204,46.00427,9.43372,34799.7,4.9,1.2,275.4,-37.2,-1.0,-1.0,RS41-SG,404.900,7.9,250,9,2.6,-1,-1
2025-09-10T00:50:47.998Z,W2010555,8205,46.00428,9.43370,34804.8,5.4,1.4,330.7,-37.1,-1.0,-1.0,RS41-SG,404.900,8.1,250,9,2.6,-1,-1
2025-09-10T00:50:48.998Z,W2010555,8206,46.00430,9.43370,34810.3,5.5,3.2,2.3,-36.9,-1.0,-1.0,RS41-SG,404.900,8.1,250,9,2.5,-1,-1
2025-09-10T00:50:49.998Z,W2010555,8207,46.00434,9.43371,34815.7,5.4,5.6,11.7,-36.8,0.4,-1.0,RS41-SG,404.900,8.2,250,9,2.5,-1,-1
2025-09-10T00:50:50.998Z,W2010555,8208,46.00440,9.43373,34820.7,4.6,7.9,13.7,-36.7,0.4,-1.0,RS41-SG,404.900,8.7,250,9,2.5,-1,-1
2025-09-10T00:50:51.998Z,W2010555,8209,46.00447,9.43375,34825.0,4.2,9.5,14.0,-36.6,0.4,-1.0,RS41-SG,404.900,8.7,250,9,2.6,-1,-1
2025-09-10T00:50:52.998Z,W2010555,8210,46.00456,9.43378,34829.5,4.9,10.2,10.9,-36.5,0.4,-1.0,RS41-SG,404.900,8.8,250,9,2.6,-1,-1
2025-09-10T00:50:53.998Z,W2010555,8211,46.00465,9.43380,34834.7,5.6,9.7,5.6,-36.5,0.4,-1.0,RS41-SG,404.900,8.8,250,9,2.5,-1,-1
2025-09-10T00:50:54.998Z,W2010555,8212,46.00473,9.43380,34840.5,5.7,8.3,356.2,-36.4,0.4,-1.0,RS41-SG,404.900,7.9,250,9,2.5,-1,-1
2025-09-10T00:50:55.998Z,W2010555,8213,46.00479,9.43379,34846.0,5.3,6.6,342.9,-36.3,0.4,-1.0,RS41-SG,404.900,7.9,250,9,2.5,-1,-1
2025-09-10T00:50:56.998Z,W2010555,8214,46.00484,9.43375,34850.9,4.7,5.4,323.4,-36.3,0.4,-1.0,RS41-SG,404.900,7.8,250,9,2.5,-1,-1
2025-09-10T00:50:57.998Z,W2010555,8215,46.00487,9.43371,34855.5,4.5,4.7,305.6,-36.2,0.4,-1.0,RS41-SG,404.900,7.8,250,9,2.6,-1,-1
2025-09-10T00:51:00.998Z,W2010555,8218,46.00494,9.43359,34870.6,5.6,4.0,342.4,-36.1,0.4,-1.0,RS41-SG,404.900,6.6,250,9,2.5,-1,-1
2025-09-10T00:51:01.998Z,W2010555,8219,46.00499,9.43359,34876.2,5.5,6.1,3.6,-36.2,0.4,-1.0,RS41-SG,404.900,7.7,250,9,2.5,-1,-1
2025-09-10T00:51:02.998Z,W2010555,8220,46.00505,9.43360,34881.3,4.8,8.5,11.5,-36.2,0.4,-1.0,RS41-SG,404.900,8.1,250,9,2.5,-1,-1
2025-09-10T00:51:03.998Z,W2010555,8221,46.00513,9.43363,34885.6,4.0,10.7,14.0,-36.1,0.4,-1.0,RS41-SG,404.900,8.1,250,9,2.5,-1,-1
2025-09-10T00:51:04.998Z,W2010555,8222,46.00523,9.43366,34889.7,4.1,11.9,11.8,-36.0,0.4,-1.0,RS41-SG,404.900,8.0,250,9,2.6,-1,-1
2025-09-10T00:51:05.998Z,W2010555,8223,46.00534,9.43369,34894.2,5.1,11.9,6.7,-36.0,0.4,-1.0,RS41-SG,404.900,8.0,250,9,2.6,-1,-1
2025-09-10T00:51:06.998Z,W2010555,8224,46.00544,9.43369,34899.6,5.8,10.8,357.9,-35.9,0.4,-1.0,RS41-SG,404.900,8.1,250,9,2.5,-1,-1
2025-09-10T00:51:07.998Z,W2010555,8225,46.00553,9.43367,34905.3,5.7,9.2,344.5,-35.8,0.4,-1.0,RS41-SG,404.900,8.1,250,9,2.5,-1,-1
2025-09-10T00:51:08.998Z,W2010555,8226,46.00560,9.43363,34910.5,4.7,8.0,327.2,-35.8,0.4,-1.0,RS41-SG,404.900,8.6,250,9,2.5,-1,-1
2025-09-10T00:51:10.998Z,W2010555,8228,46.00568,9.43349,34918.5,4.0,7.0,297.2,-35.8,0.4,-1.0,RS41-SG,404.900,7.5,250,9,2.6,-1,-1
2025-09-10T00:51:12.998Z,W2010555,8230,46.00574,9.43335,34928.5,6.0,5.6,308.3,-35.8,0.4,-1.0,RS41-SG,404.900,6.7,250,9,2.5,-1,-1
2025-09-10T00:51:13.998Z,W2010555,8231,46.00578,9.43330,34934.4,5.9,5.8,332.4,-35.8,0.4,-1.0,RS41-SG,404.900,7.9,250,9,2.5,-1,-1
2025-09-10T00:51:14.998Z,W2010555,8232,46.00583,9.43328,34939.8,4.9,7.0,351.2,-35.8,0.4,-1.0,RS41-SG,404.900,7.9,250,9,2.6,-1,-1
2025-09-10T00:51:15.998Z,W2010555,8233,46.00590,9.43327,34944.2,4.0,8.9,0.2,-35.9,0.4,-1.0,RS41-SG,404.900,7.7,250,9,2.6,-1,-1
2025-09-10T00:51:16.998Z,W2010555,8234,46.00599,9.43327,34948.1,4.0,10.4,1.9,-35.9,0.4,-1.0,RS41-SG,404.900,7.7,250,9,2.5,-1,-1
2025-09-10T00:51:17.998Z,W2010555,8235,46.00608,9.43327,34952.4,4.6,11.2,358.0,-35.9,0.4,-1.0,RS41-SG,404.900,8.5,250,9,2.5,-1,-1
2025-09-10T00:51:18.998Z,W2010555,8236,46.00618,9.43326,34957.4,5.4,11.3,350.0,-35.9,0.4,-1.0,RS41-SG,404.900,8.5,250,9,2.5,-1,-1
2025-09-10T00:51:19.998Z,W2010555,8237,46.00628,9.43322,34962.9,5.6,11.0,338.9,-35.9,0.4,-1.0,RS41-SG,404.900,8.3,250,9,2.6,-1,-1
2025-09-10T00:51:20.998Z,W2010555,8238,46.00637,9.43316,34968.1,5.0,10.6,327.1,-36.0,0.4,-1.0,RS41-SG,404.900,8.3,250,9,2.6,-1,-1
2025-09-10T00:51:21.998Z,W2010555,8239,46.00644,9.43307,34972.7,4.0,10.4,316.5,-36.0,0.4,-1.0,RS41-SG,404.900,8.0,250,9,2.5,-1,-1
2025-09-10T00:51:24.998Z,W2010555,8242,46.00661,9.43280,34986.1,5.4,8.3,314.6,-36.0,0.4,-1.0,RS41-SG,404.900,7.8,250,9,2.5,-1,-1
2025-09-10T00:51:25.998Z,W2010555,8243,46.00666,9.43273,34991.7,5.7,7.5,330.8,-36.0,0.4,-1.0,RS41-SG,404.900,7.8,250,9,2.6,-1,-1
2025-09-10T00:51:27.998Z,W2010555,8245,46.00680,9.43269,35002.1,4.4,8.6,2.7,-36.1,0.4,-1.0,RS41-SG,404.900,7.0,250,9,2.6,-1,-1
2025-09-10T00:51:28.998Z,W2010555,8246,46.00688,9.43271,35006.4,4.0,9.5,10.4,-36.1,0.4,-1.0,RS41-SG,404.900,7.7,250,9,2.5,-1,-1
2025-09-10T00:51:29.998Z,W2010555,8247,46.00696,9.43273,35010.6,4.4,10.1,12.2,-36.1,0.4,-1.0,RS41-SG,404.900,7.7,250,9,2.5,-1,-1
2025-09-10T00:51:30.998Z,W2010555,8248,46.00705,9.43276,35015.5,5.1,9.7,9.0,-36.1,0.4,-1.0,RS41-SG,404.900,7.8,250,9,2.5,-1,-1
2025-09-10T00:51:31.998Z,W2010555,8249,46.00713,9.43277,35020.8,5.6,8.7,1.5,-36.1,0.4,-1.0,RS41-SG,404.900,7.8,250,9,2.5,-1,-1
2025-09-10T00:51:32.998Z,W2010555,8250,46.00721,9.43276,35026.5,5.4,8.0,348.8,-36.1,0.4,-1.0,RS41-SG,404.900,7.5,250,9,2.6,-1,-1
2025-09-10T00:51:33.998Z,W2010555,8251,46.00728,9.43273,35031.6,4.8,7.8,335.0,-36.1,0.4,-1.0,RS41-SG,404.900,7.6,250,9,2.6,-1,-1
2025-09-10T00:51:34.998Z,W2010555,8252,46.00734,9.43268,35036.2,4.3,7.8,325.6,-36.0,0.4,-1.0,RS41-SG,404.900,7.7,250,9,2.5,-1,-1
2025-09-10T00:51:36.998Z,W2010555,8254,46.00746,9.43256,35045.7,5.2,8.5,329.3,-36.0,0.4,-1.0,RS41-SG,404.900,7.2,250,9,2.5,-1,-1
2025-09-10T00:51:37.998Z,W2010555,8255,46.00753,9.43251,35051.1,5.6,9.3,341.4,-35.9,0.4,-1.0,RS41-SG,404.900,8.0,250,9,2.6,-1,-1
2025-09-10T00:51:38.998Z,W2010555,8256,46.00761,9.43249,35056.6,5.4,10.5,354.0,-35.9,0.4,-1.0,RS41-SG,404.900,8.0,250,9,2.6,-1,-1
2025-09-10T00:51:40.998Z,W2010555,8258,46.00782,9.43250,35065.9,4.0,12.8,9.8,-35.9,0.4,-1.0,RS41-SG,404.900,7.9,250,9,2.5,-1,-1
2025-09-10T00:51:41.998Z,W2010555,8259,46.00793,9.43254,35070.2,4.5,13.0,12.7,-35.9,0.4,-1.0,RS41-SG,404.900,8.1,250,9,2.5,-1,-1
2025-09-10T00:51:42.998Z,W2010555,8260,46.00804,9.43257,35075.0,5.0,12.4,13.0,-36.0,0.4,-1.0,RS41-SG,404.900,8.3,250,9,2.6,-1,-1
2025-09-10T00:51:43.998Z,W2010555,8261,46.00815,9.43260,35080.3,5.6,10.7,9.3,-35.9,0.4,-1.0,RS41-SG,404.900,8.3,250,9,2.6,-1,-1
2025-09-10T00:51:44.998Z,W2010555,8262,46.00823,9.43261,35085.8,5.5,9.0,0.2,-35.9,0.4,-1.0,RS41-SG,404.900,8.3,250,9,2.5,-1,-1
2025-09-10T00:51:45.998Z,W2010555,8263,46.00831,9.43260,35091.0,4.9,8.0,346.9,-35.9,0.4,-1.0,RS41-SG,404.900,8.1,250,9,2.5,-1,-1
2025-09-10T00:51:48.998Z,W2010555,8266,46.00851,9.43245,35104.8,5.1,10.0,328.8,-35.9,0.4,-1.0,RS41-SG,404.900,7.6,250,9,2.6,-1,-1
2025-09-10T00:51:51.998Z,W2010555,8269,46.00882,9.43230,35120.2,4.6,15.0,351.1,-36.0,0.4,-1.0,RS41-SG,404.900,6.3,250,9,2.5,-1,-1
2025-09-10T00:51:55.998Z,W2010555,8273,46.00938,9.43228,35139.4,5.6,13.8,1.6,-35.9,0.4,-1.0,RS41-SG,404.900,7.9,250,9,2.6,-1,-1
2025-09-10T00:51:56.998Z,W2010555,8274,46.00950,9.43228,35144.9,5.4,11.6,357.8,-35.8,0.4,-1.0,RS41-SG,404.900,7.9,250,9,2.5,-1,-1
2025-09-10T00:51:57.998Z,W2010555,8275,46.00959,9.43227,35150.2,5.1,9.5,350.2,-35.8,0.4,-1.0,RS41-SG,404.900,7.6,250,9,2.5,-1,-1
2025-09-10T00:51:58.998Z,W2010555,8276,46.00967,9.43224,35155.1,4.7,8.2,338.6,-35.7,0.4,-1.0,RS41-SG,404.900,7.8,250,9,2.5,-1,-1
2025-09-10T00:51:59.998Z,W2010555,8277,46.00973,9.43219,35159.7,4.6,8.1,329.4,-35.7,0.4,-1.0,RS41-SG,404.900,7.9,250,9,2.5,-1,-1
2025-09-10T00:52:00.998Z,W2010555,8278,46.00979,9.43214,35164.6,5.1,8.9,327.0,-35.7,0.4,-1.0,RS41-SG,404.900,7.9,250,9,2.6,-1,-1
2025-09-10T00:52:02.998Z,W2010555,8280,46.00996,9.43202,35175.4,5.6,12.2,340.5,-35.6,0.4,-1.0,RS41-SG,404.900,6.9,250,9,2.5,-1,-1
2025-09-10T00:52:03.998Z,W2010555,8281,46.01008,9.43197,35180.7,5.1,14.5,349.1,-35.6,0.4,-1.0,RS41-SG,404.900,7.5,250,9,2.5,-1,-1
2025-09-10T00:52:04.998Z,W2010555,8282,46.01021,9.43195,35185.6,4.5,16.6,356.5,-35.6,0.4,-1.0,RS41-SG,404.900,7.5,250,9,2.5,-1,-1
2025-09-10T00:52:05.998Z,W2010555,8283,46.01037,9.43195,35189.9,4.1,18.0,2.1,-35.6,0.4,-1.0,RS41-SG,404.900,7.4,250,9,2.6,-1,-1
2025-09-10T00:52:06.998Z,W2010555,8284,46.01053,9.43196,35194.2,4.5,18.3,6.3,-35.6,0.4,-1.0,RS41-SG,404.900,7.7,250,9,2.6,-1,-1
2025-09-10T00:52:07.998Z,W2010555,8285,46.01069,9.43199,35199.2,5.4,17.2,9.4,-35.5,0.4,-1.0,RS41-SG,404.900,7.8,250,9,2.5,-1,-1
2025-09-10T00:52:08.998Z,W2010555,8286,46.01083,9.43203,35204.9,5.9,14.7,10.8,-35.6,0.4,-1.0,RS41-SG,404.900,7.8,250,9,2.5,-1,-1
2025-09-10T00:52:09.998Z,W2010555,8287,46.01094,9.43206,35210.7,5.6,11.6,10.0,-35.6,0.4,-1.0,RS41-SG,404.900,8.0,250,9,2.5,-1,-1
2025-09-10T00:52:10.998Z,W2010555,8288,46.01103,9.43208,35215.8,4.5,8.7,6.2,-35.6,0.4,-1.0,RS41-SG,404.900,8.0,250,9,2.6,-1,-1
2025-09-10T00:52:11.998Z,W2010555,8289,46.01110,9.43208,35220.0,3.7,6.4,357.8,-35.6,0.4,-1.0,RS41-SG,404.900,7.6,250,9,2.6,-1,-1
2025-09-10T00:52:14.998Z,W2010555,8292,46.01126,9.43203,35233.7,6.0,8.0,346.8,-35.5,0.4,-1.0,RS41-SG,404.900,7.3,250,9,2.5,-1,-1
2025-09-10T00:52:16.998Z,W2010555,8294,46.01145,9.43200,35245.3,5.1,13.5,0.4,-35.5,0.4,-1.0,RS41-SG,404.900,7.2,250,9,2.6,-1,-1
2025-09-10T00:52:17.998Z,W2010555,8295,46.01159,9.43201,35249.8,3.9,15.9,4.9,-35.5,0.4,-1.0,RS41-SG,404.900,7.3,250,9,2.5,-1,-1
2025-09-10T00:52:18.998Z,W2010555,8296,46.01174,9.43204,35253.6,3.6,17.9,8.5,-35.5,0.4,-1.0,RS41-SG,404.900,7.6,250,8,2.5,-1,-1
2025-09-10T00:52:19.998Z,W2010555,8297,46.01190,9.43208,35257.7,4.5,18.5,11.3,-35.5,0.4,-1.0,RS41-SG,404.900,8.3,250,9,2.5,-1,-1
2025-09-10T00:52:20.998Z,W2010555,8298,46.01205,9.43213,35262.8,5.7,17.7,13.4,-35.5,0.4,-1.0,RS41-SG,404.900,8.8,250,9,2.5,-1,-1
2025-09-10T00:52:21.998Z,W2010555,8299,46.01220,9.43218,35268.7,6.2,15.4,14.3,-35.5,0.4,-1.0,RS41-SG,404.900,8.8,250,9,2.6,-1,-1
2025-09-10T00:52:22.998Z,W2010555,8300,46.01232,9.43223,35274.5,5.4,12.9,14.5,-35.5,0.4,-1.0,RS41-SG,404.900,8.1,250,9,2.6,-1,-1
2025-09-10T00:52:23.998Z,W2010555,8301,46.01242,9.43226,35279.3,4.3,10.4,14.3,-35.5,0.4,-1.0,RS41-SG,404.900,8.6,250,9,2.6,-1,-1
2025-09-10T00:52:24.998Z,W2010555,8302,46.01250,9.43229,35283.4,3.8,8.4,13.7,-35.5,0.4,-1.0,RS41-SG,404.900,8.6,250,9,2.5,-1,-1
2025-09-10T00:52:26.998Z,W2010555,8304,46.01264,9.43234,35292.2,5.3,7.9,13.6,-35.5,0.4,-1.0,RS41-SG,404.900,7.7,250,9,2.5,-1,-1
2025-09-10T00:52:27.998Z,W2010555,8305,46.01272,9.43237,35297.9,5.9,9.7,13.1,-35.5,0.4,-1.0,RS41-SG,404.900,7.7,250,9,2.5,-1,-1
2025-09-10T00:52:28.998Z,W2010555,8306,46.01281,9.43240,35303.7,5.8,12.3,12.7,-35.5,0.4,-1.0,RS41-SG,404.900,8.1,250,9,2.6,-1,-1
2025-09-10T00:52:29.998Z,W2010555,8307,46.01293,9.43244,35309.0,4.8,14.8,11.8,-35.5,0.4,-1.0,RS41-SG,404.900,8.1,250,9,2.6,-1,-1
2025-09-10T00:52:30.998Z,W2010555,8308,46.01307,9.43247,35313.4,4.0,17.1,10.0,-35.5,0.4,-1.0,RS41-SG,404.900,7.4,250,9,2.5,-1,-1
2025-09-10T00:52:31.998Z,W2010555,8309,46.01323,9.43251,35317.5,3.9,18.7,7.7,-35.5,0.4,-1.0,RS41-SG,404.900,8.6,250,9,2.5,-1,-1
2025-09-10T00:52:32.998Z,W2010555,8310,46.01340,9.43254,35321.8,4.7,19.1,4.9,-35.4,0.4,-1.0,RS41-SG,404.900,8.6,250,9,2.5,-1,-1
2025-09-10T00:52:33.998Z,W2010555,8311,46.01356,9.43255,35327.0,5.5,17.9,1.7,-35.5,0.4,-1.0,RS41-SG,404.900,8.4,250,9,2.6,-1,-1
2025-09-10T00:52:34.998Z,W2010555,8312,46.01371,9.43255,35332.8,5.8,15.4,358.2,-35.4,0.4,-1.0,RS41-SG,404.900,8.6,250,9,2.6,-1,-1
2025-09-10T00:52:35.998Z,W2010555,8313,46.01384,9.43254,35338.5,5.4,12.2,354.2,-35.4,0.4,-1.0,RS41-SG,404.900,8.6,250,9,2.5,-1,-1
2025-09-10T00:52:36.998Z,W2010555,8314,46.01393,9.43252,35343.5,4.6,8.9,351.1,-35.4,0.4,-1.0,RS41-SG,404.900,7.9,250,9,2.5,-1,-1
2025-09-10T00:52:37.998Z,W2010555,8315,46.01399,9.43251,35348.0,4.1,5.9,350.5,-35.4,0.4,-1.0,RS41-SG,404.900,7.9,250,9,2.5,-1,-1
2025-09-10T00:52:47.998Z,W2010555,8325,46.01445,9.43249,35161.6,-49.7,11.1,333.7,-34.9,0.4,-1.0,RS41-SG,404.900,7.4,250,9,2.5,-1,-1
2025-09-10T00:52:48.998Z,W2010555,8326,46.01454,9.43242,35108.7,-55.7,11.5,333.4,-34.8,0.4,-1.0,RS41-SG,404.900,8.5,250,9,2.6,-1,-1
2025-09-10T00:52:49.998Z,W2010555,8327,46.01464,9.43236,35049.7,-62.0,11.7,332.5,-34.7,0.4,-1.0,RS41-SG,404.900,8.5,250,9,2.6,-1,-1
2025-09-10T00:52:50.998Z,W2010555,8328,46.01473,9.43229,34984.4,-68.3,12.0,332.9,-34.5,0.4,-1.0,RS41-SG,404.900,7.8,250,9,2.5,-1,-1
2025-09-10T00:52:51.998Z,W2010555,8329,46.01482,9.43222,34912.7,-74.8,11.5,333.5,-34.1,0.4,-1.0,RS41-SG,404.900,8.5,250,9,2.5,-1,-1
2025-09-10T00:52:53.998Z,W2010555,8331,46.01501,9.43210,34759.9,-69.3,10.2,343.2,-34.4,0.4,-1.0,RS41-SG,404.900,8.1,250,9,2.6,-1,-1
2025-09-10T00:52:55.998Z,W2010555,8333,46.01519,9.43204,34611.8,-73.0,8.9,351.5,-35.3,0.4,-1.0,RS41-SG,404.900,8.4,250,8,2.4,-1,-1
2025-09-10T00:52:56.998Z,W2010555,8334,46.01525,9.43205,34548.8,-50.9,6.1,38.9,-35.9,0.4,-1.0,RS41-SG,404.900,8.4,250,9,2.4,-1,-1
2025-09-10T00:52:57.998Z,W2010555,8335,46.01528,9.43213,34504.3,-36.1,10.2,89.1,-36.7,0.5,-1.0,RS41-SG,404.900,8.5,250,9,2.4,-1,-1
2025-09-10T00:52:58.998Z,W2010555,8336,46.01527,9.43229,34468.5,-34.9,13.6,90.7,-37.1,0.5,-1.0,RS41-SG,404.900,8.5,250,9,2.4,-1,-1
2025-09-10T00:52:59.998Z,W2010555,8337,46.01527,9.43248,34433.9,-33.9,16.9,91.3,-37.3,0.5,-1.0,RS41-SG,404.900,7.9,250,9,2.6,-1,-1
2025-09-10T00:53:00.998Z,W2010555,8338,46.01528,9.43271,34401.1,-30.9,19.7,85.3,-37.4,0.5,-1.0,RS41-SG,404.900,8.1,250,9,2.6,-1,-1
2025-09-10T00:53:01.998Z,W2010555,8339,46.01530,9.43297,34370.5,-29.9,21.5,79.1,-37.5,0.5,-1.0,RS41-SG,404.900,8.1,250,9,2.6,-1,-1
2025-09-10T00:53:02.998Z,W2010555,8340,46.01535,9.43325,34341.0,-28.9,22.5,75.7,-37.4,0.5,-1.0,RS41-SG,404.900,7.6,250,9,2.5,-1,-1
2025-09-10T00:53:03.998Z,W2010555,8341,46.01540,9.43353,34313.2,-26.4,23.1,71.0,-37.3,0.5,-1.0,RS41-SG,404.900,7.5,250,9,2.5,-1,-1
2025-09-10T00:53:04.998Z,W2010555,8342,46.01548,9.43381,34286.8,-26.3,22.9,64.4,-37.2,0.5,-1.0,RS41-SG,404.900,7.3,250,9,2.5,-1,-1
2025-09-10T00:53:07.998Z,W2010555,8345,46.01585,9.43453,34213.4,-23.9,24.1,41.7,-36.9,0.4,-1.0,RS41-SG,404.900,6.8,250,9,2.6,-1,-1
2025-09-10T00:53:09.998Z,W2010555,8347,46.01622,9.43489,34165.6,-24.2,25.4,27.5,-36.9,0.5,-1.0,RS41-SG,404.900,7.3,250,9,2.5,-1,-1
2025-09-10T00:53:12.998Z,W2010555,8350,46.01687,9.43517,34092.6,-24.5,25.3,7.0,-36.9,0.5,-1.0,RS41-SG,404.900,7.2,250,10,2.6,-1,-1
2025-09-10T00:53:13.998Z,W2010555,8351,46.01709,9.43519,34068.4,-23.8,24.6,358.7,-36.9,0.4,-1.0,RS41-SG,404.900,7.9,250,10,2.5,-1,-1
2025-09-10T00:53:14.998Z,W2010555,8352,46.01730,9.43517,34044.6,-23.9,22.9,351.6,-36.9,0.5,-1.0,RS41-SG,404.900,7.9,250,10,2.5,-1,-1
2025-09-10T00:53:15.998Z,W2010555,8353,46.01750,9.43510,34020.8,-23.6,21.6,343.0,-36.8,0.4,-1.0,RS41-SG,404.900,7.5,250,10,2.5,-1,-1
2025-09-10T00:53:16.998Z,W2010555,8354,46.01767,9.43501,33997.5,-23.0,20.0,333.6,-36.8,0.4,-1.0,RS41-SG,404.900,7.5,250,10,2.6,-1,-1
2025-09-10T00:53:18.998Z,W2010555,8356,46.01793,9.43473,33950.8,-23.6,16.6,311.1,-36.9,0.4,-1.0,RS41-SG,404.900,6.7,250,10,2.5,-1,-1
2025-09-10T00:53:19.998Z,W2010555,8357,46.01801,9.43456,33927.0,-24.0,15.3,298.0,-36.9,0.5,-1.0,RS41-SG,404.900,7.4,250,10,2.5,-1,-1
2025-09-10T00:53:20.998Z,W2010555,8358,46.01806,9.43439,33902.8,-24.2,14.0,282.4,-37.0,0.5,-1.0,RS41-SG,404.900,7.8,250,10,2.5,-1,-1
2025-09-10T00:53:21.998Z,W2010555,8359,46.01807,9.43422,33878.1,-24.8,12.9,266.0,-37.0,0.5,-1.0,RS41-SG,404.900,7.8,250,10,2.6,-1,-1
2025-09-10T00:53:22.998Z,W2010555,8360,46.01804,9.43406,33853.4,-24.6,12.5,247.4,-37.3,0.5,-1.0,RS41-SG,404.900,7.9,250,10,2.6,-1,-1
2025-09-10T00:53:23.998Z,W2010555,8361,46.01798,9.43392,33828.8,-24.4,12.5,229.0,-37.6,0.5,-1.0,RS41-SG,404.900,7.9,250,10,2.5,-1,-1
2025-09-10T00:53:24.998Z,W2010555,8362,46.01790,9.43382,33804.5,-24.3,12.9,209.7,-37.9,0.5,-1.0,RS41-SG,404.900,7.4,250,10,2.5,-1,-1
2025-09-10T00:53:44.998Z,W2010555,8382,46.01833,9.43685,33332.5,-23.6,22.8,346.0,-38.5,0.5,-1.0,RS41-SG,404.900,6.8,250,10,2.5,-1,-1
2025-09-10T00:53:46.998Z,W2010555,8384,46.01868,9.43662,33286.0,-23.1,19.9,323.2,-38.3,0.5,-1.0,RS41-SG,404.900,7.2,250,10,2.6,-1,-1
2025-09-10T00:53:48.998Z,W2010555,8386,46.01888,9.43626,33239.9,-23.3,17.0,294.2,-38.2,0.5,-1.0,RS41-SG,404.900,7.6,250,10,2.5,-1,-1
