timestamp,serial,frame,lat,lon,alt,vel_v,vel_h,heading,temp,humidity,pressure,type,freq_mhz,snr,f_error_hz,sats,batt_v,burst_timer,aux_data
2026-05-21T12:14:06.001Z,X1423183,5883,45.06708,8.62416,22985.2,4.8,8.3,248.5,-273.0,-1.0,-1.0,RS41,404.900,6.3,250,9,2.7,,
2026-05-21T12:14:07.001Z,X1423183,5884,45.06705,8.62406,22990.6,5.8,7.6,252.5,-273.0,-1.0,-1.0,RS41,404.900,6.7,250,9,2.7,,
2026-05-21T12:14:33.001Z,X1423183,5910,45.06687,8.62221,23127.8,5.0,4.8,251.4,-273.0,-1.0,-1.0,RS41,404.900,6.3,250,9,2.6,,
2026-05-21T12:14:34.001Z,X1423183,5911,45.06686,8.62215,23132.9,5.2,5.4,255.8,-273.0,-1.0,-1.0,RS41,404.900,6.8,250,9,2.5,,
2026-05-21T12:14:41.001Z,X1423183,5918,45.06686,8.62169,23169.9,5.6,2.5,274.9,-273.0,-1.0,-1.0,RS41,404.900,6.5,250,9,2.5,,
2026-05-21T12:14:47.001Z,X1423183,5924,45.06681,8.62147,23201.1,5.4,3.8,241.4,-273.0,-1.0,-1.0,RS41,404.900,7.1,250,9,2.5,,
2026-05-21T12:14:49.001Z,X1423183,5926,45.06677,8.62135,23211.9,4.3,5.8,243.6,-273.0,-1.0,-1.0,RS41,404.900,7.0,250,9,2.7,,
2026-05-21T12:14:57.001Z,X1423183,5934,45.06668,8.62091,23255.3,6.2,4.6,262.7,-273.0,-1.0,-1.0,RS41,404.900,6.7,250,9,2.6,,
2026-05-21T12:15:03.001Z,X1423183,5940,45.06660,8.62045,23286.7,5.0,8.1,247.0,-273.0,-1.0,-1.0,RS41,404.900,6.4,250,9,2.7,,
2026-05-21T12:15:04.001Z,X1423183,5941,45.06658,8.62036,23292.4,6.5,7.2,242.4,-273.0,-1.0,-1.0,RS41,404.900,6.7,250,9,2.6,,
2026-05-21T12:15:07.001Z,X1423183,5944,45.06649,8.62017,23309.2,6.7,5.2,236.0,-273.0,-1.0,-1.0,RS41,404.900,6.4,250,9,2.5,,
2026-05-21T12:15:08.001Z,X1423183,5945,45.06647,8.62012,23315.0,4.8,5.5,239.2,-273.0,-1.0,-1.0,RS41,404.900,6.6,250,9,2.7,,
2026-05-21T12:15:10.001Z,X1423183,5947,45.06642,8.61999,23325.1,6.0,5.7,251.1,-273.0,-1.0,-1.0,RS41,404.900,7.1,250,9,2.7,,
2026-05-21T12:15:12.001Z,X1423183,5949,45.06640,8.61985,23336.6,5.4,5.9,261.3,-273.0,-1.0,-1.0,RS41,404.900,6.9,250,9,2.5,,
2026-05-21T12:15:13.001Z,X1423183,5950,45.06639,8.61977,23342.6,6.5,7.0,260.2,-273.0,-1.0,-1.0,RS41,404.900,7.0,250,9,2.5,,
2026-05-21T12:15:21.001Z,X1423183,5958,45.06623,8.61898,23387.3,4.7,8.1,247.2,-273.0,-1.0,-1.0,RS41,404.900,7.0,250,9,2.7,,
2026-05-21T12:15:22.001Z,X1423183,5959,45.06620,8.61889,23392.5,5.8,7.5,247.3,-273.0,-1.0,-1.0,RS41,404.900,7.3,250,9,2.5,,
2026-05-21T12:15:24.001Z,X1423183,5961,45.06616,8.61873,23404.0,4.6,5.6,252.3,-273.0,-1.0,-1.0,RS41,404.900,6.8,250,9,2.5,,
2026-05-21T12:15:25.001Z,X1423183,5962,45.06615,8.61867,23408.5,4.5,5.3,256.2,-273.0,-1.0,-1.0,RS41,404.900,7.3,250,9,2.5,,
2026-05-21T12:15:26.001Z,X1423183,5963,45.06614,8.61860,23413.7,5.9,6.0,258.2,-273.0,-1.0,-1.0,RS41,404.900,7.3,250,9,2.7,,
2026-05-21T12:15:27.001Z,X1423183,5964,45.06612,8.61852,23419.7,6.1,7.0,258.2,-273.0,-1.0,-1.0,RS41,404.900,7.0,250,9,2.7,,
2026-05-21T12:15:28.001Z,X1423183,5965,45.06611,8.61842,23425.4,5.3,7.7,258.8,-273.0,-1.0,-1.0,RS41,404.900,7.1,250,9,2.7,,
2026-05-21T12:15:31.001Z,X1423183,5968,45.06609,8.61814,23442.5,4.9,7.2,271.4,-273.0,-1.0,-1.0,RS41,404.900,7.5,250,9,2.5,,
2026-05-21T12:15:32.001Z,X1423183,5969,45.06609,8.61805,23447.2,4.5,7.3,275.6,-273.0,-1.0,-1.0,RS41,404.900,7.5,250,9,2.7,,
2026-05-21T12:15:33.001Z,X1423183,5970,45.06610,8.61795,23452.5,6.2,8.0,275.0,-273.0,-1.0,-1.0,RS41,404.900,7.4,250,9,2.7,,
2026-05-21T12:15:38.001Z,X1423183,5975,45.06611,8.61745,23480.6,4.7,6.0,271.1,-273.0,-1.0,-1.0,RS41,404.900,7.3,250,10,2.7,,
2026-05-21T12:15:39.001Z,X1423183,5976,45.06611,8.61737,23485.2,4.6,5.7,271.2,-273.0,-1.0,-1.0,RS41,404.900,7.3,250,10,2.7,,
2026-05-21T12:15:44.001Z,X1423183,5981,45.06606,8.61697,23510.9,5.6,6.5,246.2,-273.0,-1.0,-1.0,RS41,404.900,7.5,250,10,2.7,,
2026-05-21T12:15:45.001Z,X1423183,5982,45.06603,8.61690,23516.9,6.4,5.5,242.4,-273.0,-1.0,-1.0,RS41,404.900,7.7,250,10,2.7,,
2026-05-21T12:15:46.001Z,X1423183,5983,45.06601,8.61684,23522.5,4.7,4.8,243.1,-273.0,-1.0,-1.0,RS41,404.900,7.7,250,10,2.7,,
2026-05-21T12:15:47.001Z,X1423183,5984,45.06599,8.61679,23527.4,5.1,4.6,248.5,-273.0,-1.0,-1.0,RS41,404.900,7.7,250,10,2.5,,
2026-05-21T12:15:52.001Z,X1423183,5989,45.06595,8.61637,23555.8,5.5,7.4,269.8,-273.0,-1.0,-1.0,RS41,404.900,6.2,250,10,2.5,,
2026-05-21T12:15:53.001Z,X1423183,5990,45.06595,8.61628,23560.9,4.8,7.0,270.5,-273.0,-1.0,-1.0,RS41,404.900,6.8,250,10,2.5,,
2026-05-21T12:15:55.001Z,X1423183,5992,45.06595,8.61610,23572.0,5.1,7.4,264.7,-273.0,-1.0,-1.0,RS41,404.900,6.8,250,10,2.7,,
2026-05-21T12:15:57.001Z,X1423183,5994,45.06592,8.61592,23582.1,5.7,6.8,251.8,-273.0,-1.0,-1.0,RS41,404.900,7.4,250,10,2.7,,
2026-05-21T12:15:58.001Z,X1423183,5995,45.06590,8.61585,23587.8,5.8,5.8,241.9,-273.0,-1.0,-1.0,RS41,404.900,7.5,250,10,2.6,,
2026-05-21T12:15:59.001Z,X1423183,5996,45.06588,8.61579,23593.1,4.8,5.1,236.6,-273.0,-1.0,-1.0,RS41,404.900,7.5,250,10,2.5,,
2026-05-21T12:16:02.001Z,X1423183,5999,45.06583,8.61561,23609.8,6.2,6.2,265.8,-273.0,-1.0,-1.0,RS41,404.900,7.5,250,10,2.7,,
2026-05-21T12:16:03.001Z,X1423183,6000,45.06583,8.61552,23614.8,3.7,7.1,270.3,-273.0,-1.0,-1.0,RS41,404.900,8.0,250,10,2.7,,
2026-05-21T12:16:04.001Z,X1423183,6001,45.06583,8.61543,23619.0,4.9,7.7,273.9,-273.0,-1.0,-1.0,RS41,404.900,8.0,250,10,2.7,,
2026-05-21T12:16:07.001Z,X1423183,6004,45.06584,8.61517,23636.4,5.5,6.1,271.9,-273.0,-1.0,-1.0,RS41,404.900,6.4,250,10,2.5,,
2026-05-21T12:16:08.001Z,X1423183,6005,45.06584,8.61509,23642.3,6.2,6.0,267.4,-273.0,-1.0,-1.0,RS41,404.900,7.5,250,10,2.5,,
2026-05-21T12:16:11.001Z,X1423183,6008,45.06580,8.61486,23658.3,5.3,6.1,239.6,-273.0,-1.0,-1.0,RS41,404.900,7.1,250,10,2.7,,
2026-05-21T12:16:12.001Z,X1423183,6009,45.06577,8.61480,23664.0,6.0,5.6,224.7,-273.0,-1.0,-1.0,RS41,404.900,7.1,250,10,2.6,,
2026-05-21T12:16:13.001Z,X1423183,6010,45.06573,8.61476,23669.3,4.5,5.3,216.3,-273.0,-1.0,-1.0,RS41,404.900,7.2,250,10,2.5,,
2026-05-21T12:16:14.001Z,X1423183,6011,45.06570,8.61472,23674.0,4.8,5.0,219.1,-273.0,-1.0,-1.0,RS41,404.900,7.8,250,10,2.5,,
2026-05-21T12:16:18.001Z,X1423183,6015,45.06563,8.61443,23695.4,5.4,8.2,264.5,-273.0,-1.0,-1.0,RS41,404.900,7.7,250,10,2.5,,
2026-05-21T12:16:19.001Z,X1423183,6016,45.06562,8.61433,23701.4,6.6,8.4,262.3,-273.0,-1.0,-1.0,RS41,404.900,7.7,250,10,2.5,,
2026-05-21T12:16:20.001Z,X1423183,6017,45.06561,8.61423,23707.2,5.0,8.2,259.1,-273.0,-1.0,-1.0,RS41,404.900,7.0,250,10,2.7,,
2026-05-21T12:16:21.001Z,X1423183,6018,45.06559,8.61413,23712.6,5.8,7.9,256.0,-273.0,-1.0,-1.0,RS41,404.900,6.8,250,10,2.7,,
2026-05-21T12:16:22.001Z,X1423183,6019,45.06557,8.61403,23718.8,6.5,7.9,254.9,-273.0,-1.0,-1.0,RS41,404.900,6.8,250,10,2.7,,
2026-05-21T12:16:24.001Z,X1423183,6021,45.06553,8.61385,23730.2,6.9,6.6,246.1,-273.0,-1.0,-1.0,RS41,404.900,7.0,250,10,2.5,,
2026-05-21T12:16:25.001Z,X1423183,6022,45.06550,8.61378,23736.8,6.0,5.6,233.5,-273.0,-1.0,-1.0,RS41,404.900,7.0,250,10,2.5,,
2026-05-21T12:16:26.001Z,X1423183,6023,45.06547,8.61373,23741.9,4.2,5.1,222.4,-273.0,-1.0,-1.0,RS41,404.900,7.6,250,10,2.5,,
2026-05-21T12:16:27.001Z,X1423183,6024,45.06544,8.61369,23747.4,6.8,4.9,216.7,-273.0,-1.0,-1.0,RS41,404.900,7.6,250,10,2.7,,
2026-05-21T12:16:28.001Z,X1423183,6025,45.06540,8.61365,23753.5,5.2,4.7,223.8,-54.6,-1.0,-1.0,RS41,404.900,7.5,250,10,2.7,,
2026-05-21T12:16:30.001Z,X1423183,6027,45.06535,8.61356,23764.2,6.7,5.0,232.4,-54.6,-1.0,-1.0,RS41,404.900,6.9,250,10,2.5,,
2026-05-21T12:16:31.001Z,X1423183,6028,45.06532,8.61351,23770.5,5.7,5.3,229.3,-54.6,-1.0,-1.0,RS41,404.900,6.9,250,10,2.5,,
2026-05-21T12:16:32.001Z,X1423183,6029,45.06529,8.61346,23776.2,5.7,5.9,229.7,-54.7,-1.0,-1.0,RS41,404.900,6.9,250,10,2.5,,
2026-05-21T12:16:33.001Z,X1423183,6030,45.06525,8.61339,23782.4,6.6,7.1,234.2,-54.7,-1.0,-1.0,RS41,404.900,7.5,250,10,2.7,,
2026-05-21T12:16:34.001Z,X1423183,6031,45.06521,8.61331,23788.3,5.1,8.3,238.3,-54.7,-1.0,-1.0,RS41,404.900,7.5,250,10,2.7,,
2026-05-21T12:16:36.001Z,X1423183,6033,45.06512,8.61312,23799.3,5.9,9.6,231.8,-54.8,-1.0,-1.0,RS41,404.900,7.2,250,10,2.5,,
2026-05-21T12:16:37.001Z,X1423183,6034,45.06506,8.61303,23804.9,5.3,9.4,223.2,-54.8,-1.0,-1.0,RS41,404.900,7.2,250,10,2.5,,
2026-05-21T12:16:38.001Z,X1423183,6035,45.06500,8.61296,23809.7,4.2,9.2,215.3,-54.8,-1.0,-1.0,RS41,404.900,7.0,250,10,2.7,,
2026-05-21T12:16:39.001Z,X1423183,6036,45.06493,8.61289,23814.0,4.6,9.3,210.8,-54.9,-1.0,-1.0,RS41,404.900,7.5,250,10,2.7,,
2026-05-21T12:16:40.001Z,X1423183,6037,45.06486,8.61283,23819.2,5.6,9.3,210.5,-54.9,-1.0,-1.0,RS41,404.900,7.5,250,10,2.7,,
2026-05-21T12:16:43.001Z,X1423183,6040,45.06468,8.61264,23835.9,4.7,7.3,229.0,-55.0,-1.0,-1.0,RS41,404.900,7.3,250,10,2.5,,
2026-05-21T12:16:45.001Z,X1423183,6042,45.06462,8.61251,23846.8,5.9,4.4,244.4,-55.0,-1.0,-1.0,RS41,404.900,6.8,250,10,2.7,,
2026-05-21T12:16:46.001Z,X1423183,6043,45.06460,8.61247,23852.3,5.1,3.9,245.2,-55.0,-1.0,-1.0,RS41,404.900,7.4,250,10,2.7,,
2026-05-21T12:16:50.001Z,X1423183,6047,45.06449,8.61220,23875.3,4.9,9.1,231.6,-55.2,-1.0,-1.0,RS41,404.900,6.8,250,9,2.5,,
2026-05-21T12:16:51.001Z,X1423183,6048,45.06443,8.61211,23880.6,5.7,9.8,228.6,-55.2,-1.0,-1.0,RS41,404.900,6.8,250,10,2.7,,
2026-05-21T12:16:55.001Z,X1423183,6052,45.06419,8.61175,23902.6,5.9,10.1,230.6,-55.3,-1.0,-1.0,RS41,404.900,7.1,250,10,2.5,,
2026-05-21T12:16:57.001Z,X1423183,6054,45.06408,8.61154,23913.5,5.0,10.7,231.2,-55.3,-1.0,-1.0,RS41,404.900,7.3,250,10,2.7,,
2026-05-21T12:16:59.001Z,X1423183,6056,45.06395,8.61136,23924.5,5.4,9.5,222.6,-55.4,-1.0,-1.0,RS41,404.900,6.8,250,10,2.5,,
2026-05-21T12:17:00.001Z,X1423183,6057,45.06390,8.61128,23929.6,4.9,8.2,219.6,-55.4,-1.0,-1.0,RS41,404.900,6.8,250,10,2.5,,
2026-05-21T12:17:02.001Z,X1423183,6059,45.06380,8.61116,23940.8,6.5,6.3,234.3,-55.5,-1.0,-1.0,RS41,404.900,6.8,250,10,2.5,,
2026-05-21T12:17:03.001Z,X1423183,6060,45.06378,8.61109,23946.7,5.1,6.7,245.2,-55.5,-1.0,-1.0,RS41,404.900,7.1,250,10,2.7,,
2026-05-21T12:17:07.001Z,X1423183,6064,45.06366,8.61071,23968.6,4.8,9.3,240.4,-55.5,-1.0,-1.0,RS41,404.900,6.8,250,10,2.5,,
2026-05-21T12:17:08.001Z,X1423183,6065,45.06361,8.61060,23973.5,4.8,10.1,240.0,-55.5,-1.0,-1.0,RS41,404.900,7.3,250,10,2.5,,
2026-05-21T12:17:15.001Z,X1423183,6072,45.06331,8.60970,24012.1,5.5,10.3,235.9,-55.6,-1.0,-1.0,RS41,404.900,7.1,250,10,2.7,,
2026-05-21T12:17:19.001Z,X1423183,6076,45.06313,8.60927,24034.6,6.2,9.5,239.4,-55.4,-1.0,-1.0,RS41,404.900,7.1,250,10,2.5,,
2026-05-21T12:17:20.001Z,X1423183,6077,45.06309,8.60917,24040.4,5.2,9.4,237.7,-55.2,-1.0,-1.0,RS41,404.900,7.1,250,10,2.5,,
2026-05-21T12:17:22.001Z,X1423183,6079,45.06300,8.60896,24052.0,6.7,9.8,246.4,-55.1,-1.0,-1.0,RS41,404.900,7.1,250,10,2.7,,
2026-05-21T12:17:23.001Z,X1423183,6080,45.06297,8.60884,24058.2,5.4,10.4,255.0,-55.0,-1.0,-1.0,RS41,404.900,7.1,250,10,2.7,,
2026-05-21T12:17:24.001Z,X1423183,6081,45.06295,8.60871,24063.1,4.3,10.9,259.4,-55.0,-1.0,-1.0,RS41,404.900,6.9,250,10,2.5,,
2026-05-21T12:17:25.001Z,X1423183,6082,45.06294,8.60857,24068.3,6.1,11.1,261.8,-54.9,-1.0,-1.0,RS41,404.900,7.1,250,10,2.5,,
2026-05-21T12:17:27.001Z,X1423183,6084,45.06290,8.60830,24080.6,5.4,10.5,257.0,-54.9,-1.0,-1.0,RS41,404.900,7.0,250,10,2.7,,
2026-05-21T12:17:28.001Z,X1423183,6085,45.06288,8.60817,24086.2,5.8,10.4,257.2,-54.8,-1.0,-1.0,RS41,404.900,7.0,250,10,2.7,,
2026-05-21T12:17:31.001Z,X1423183,6088,45.06283,8.60780,24103.3,4.8,9.3,259.4,-54.6,-1.0,-1.0,RS41,404.900,6.8,250,10,2.5,,
2026-05-21T12:17:34.001Z,X1423183,6091,45.06275,8.60751,24120.4,5.1,7.8,237.3,-54.5,-1.0,-1.0,RS41,404.900,6.8,250,10,2.7,,
2026-05-21T12:17:35.001Z,X1423183,6092,45.06271,8.60743,24125.7,5.4,7.3,236.2,-54.5,-1.0,-1.0,RS41,404.900,6.8,250,10,2.5,,
2026-05-21T12:17:36.001Z,X1423183,6093,45.06268,8.60735,24131.9,6.9,6.8,244.2,-54.5,-1.0,-1.0,RS41,404.900,6.4,250,10,2.5,,
2026-05-21T12:17:39.001Z,X1423183,6096,45.06264,8.60708,24148.8,6.6,7.9,264.1,-54.4,-1.0,-1.0,RS41,404.900,6.8,250,10,2.7,,
2026-05-21T12:17:47.001Z,X1423183,6104,45.06251,8.60628,24195.8,5.2,6.8,243.7,-54.2,-1.0,-1.0,RS41-SG,404.900,6.6,250,10,2.5,,
2026-05-21T12:17:48.001Z,X1423183,6105,45.06249,8.60621,24201.1,5.4,6.7,244.0,-54.2,-1.0,-1.0,RS41-SG,404.900,6.6,250,10,2.5,,
2026-05-21T12:17:56.001Z,X1423183,6113,45.06233,8.60548,24245.7,5.6,7.2,245.8,-54.3,-1.0,-1.0,RS41-SG,404.900,7.0,250,10,2.5,,
2026-05-21T12:18:02.001Z,X1423183,6119,45.06218,8.60503,24280.3,5.0,6.3,218.8,-54.6,-1.0,-1.0,RS41-SG,404.900,6.4,250,10,2.5,,
2026-05-21T12:18:04.001Z,X1423183,6121,45.06208,8.60492,24291.7,7.0,7.3,220.9,-54.7,-1.0,-1.0,RS41-SG,404.900,6.6,250,10,2.7,,
2026-05-21T12:18:05.001Z,X1423183,6122,45.06203,8.60486,24297.6,4.6,7.7,227.5,-54.7,-1.0,-1.0,RS41-SG,404.900,6.8,250,10,2.5,,
2026-05-21T12:18:10.001Z,X1423183,6127,45.06184,8.60451,24325.8,5.7,6.1,236.3,-54.7,-1.0,-1.0,RS41-SG,404.900,6.6,250,10,2.7,,
2026-05-21T12:19:41.001Z,X1423183,6218,45.05780,8.59453,24844.2,5.6,11.6,265.1,-54.0,-1.0,-1.0,RS41-SG,404.900,6.5,250,10,2.5,,
2026-05-21T12:22:38.001Z,X1423183,6395,45.05628,8.57389,25860.5,6.5,5.5,294.9,-53.3,1.2,-1.0,RS41-SG,404.900,7.3,250,10,2.7,,
2026-05-21T12:22:41.001Z,X1423183,6398,45.05631,8.57370,25876.7,5.6,5.0,282.0,-53.2,1.2,-1.0,RS41-SG,404.900,6.5,250,10,2.5,,
2026-05-21T12:23:18.001Z,X1423183,6435,45.05611,8.57132,26095.3,4.9,10.4,263.6,-52.2,1.2,-1.0,RS41-SG,404.900,7.6,250,10,2.7,,
2026-05-21T12:23:19.001Z,X1423183,6436,45.05610,8.57119,26100.8,6.0,10.8,260.4,-52.3,1.2,-1.0,RS41-SG,404.900,7.8,250,10,2.5,,
2026-05-21T12:23:20.001Z,X1423183,6437,45.05608,8.57105,26107.2,6.8,10.8,253.9,-52.3,1.2,-1.0,RS41-SG,404.900,7.8,250,10,2.5,,
2026-05-21T12:23:21.001Z,X1423183,6438,45.05604,8.57092,26113.2,5.2,10.6,248.0,-52.2,1.1,-1.0,RS41-SG,404.900,7.1,250,10,2.5,,
2026-05-21T12:23:22.001Z,X1423183,6439,45.05601,8.57080,26118.2,4.9,10.1,244.7,-52.2,1.2,-1.0,RS41-SG,404.900,7.6,250,10,2.5,,
2026-05-21T12:23:23.001Z,X1423183,6440,45.05597,8.57069,26123.8,6.3,9.3,245.6,-52.3,1.1,-1.0,RS41-SG,404.900,7.6,250,10,2.7,,
2026-05-21T12:23:24.001Z,X1423183,6441,45.05594,8.57059,26130.2,6.6,8.5,251.6,-52.3,1.1,-1.0,RS41-SG,404.900,7.2,250,10,2.7,,
2026-05-21T12:23:25.001Z,X1423183,6442,45.05592,8.57049,26136.1,5.1,8.2,256.9,-52.2,1.2,-1.0,RS41-SG,404.900,7.2,250,10,2.7,,
2026-05-21T12:23:26.001Z,X1423183,6443,45.05591,8.57038,26141.5,5.6,8.2,259.4,-52.2,1.1,-1.0,RS41-SG,404.900,7.3,250,10,2.5,,
2026-05-21T12:23:27.001Z,X1423183,6444,45.05589,8.57028,26147.7,6.8,8.5,256.5,-52.3,1.2,-1.0,RS41-SG,404.900,7.5,250,10,2.5,,
2026-05-21T12:23:28.001Z,X1423183,6445,45.05587,8.57018,26154.0,5.7,8.9,253.1,-52.3,1.1,-1.0,RS41-SG,404.900,7.5,250,10,2.5,,
2026-05-21T12:23:29.001Z,X1423183,6446,45.05585,8.57006,26159.6,5.6,9.4,252.4,-52.3,1.2,-1.0,RS41-SG,404.900,7.2,250,10,2.7,,
2026-05-21T12:23:30.001Z,X1423183,6447,45.05582,8.56995,26165.8,6.7,9.9,255.8,-52.3,1.2,-1.0,RS41-SG,404.900,7.5,250,10,2.7,,
2026-05-21T12:23:31.001Z,X1423183,6448,45.05580,8.56982,26172.4,6.4,10.4,261.2,-52.4,1.2,-1.0,RS41-SG,404.900,7.7,250,10,2.5,,
2026-05-21T12:23:32.001Z,X1423183,6449,45.05579,8.56969,26178.2,5.3,11.0,264.4,-52.3,1.1,-1.0,RS41-SG,404.900,7.7,250,10,2.5,,
2026-05-21T12:23:33.001Z,X1423183,6450,45.05578,8.56955,26183.6,5.5,11.4,263.5,-52.3,1.1,-1.0,RS41-SG,404.900,7.6,250,10,2.5,,
2026-05-21T12:23:34.001Z,X1423183,6451,45.05577,8.56940,26189.6,6.5,11.8,259.0,-52.3,1.2,-1.0,RS41-SG,404.900,7.4,250,10,2.7,,
2026-05-21T12:23:35.001Z,X1423183,6452,45.05574,8.56926,26195.7,5.6,11.8,254.4,-52.3,1.2,-1.0,RS41-SG,404.900,7.4,250,10,2.7,,
2026-05-21T12:23:36.001Z,X1423183,6453,45.05571,8.56912,26201.3,5.8,11.4,252.0,-52.3,1.2,-1.0,RS41-SG,404.900,7.3,250,10,2.7,,
2026-05-21T12:23:38.001Z,X1423183,6455,45.05566,8.56886,26214.9,6.8,9.5,260.2,-52.3,1.1,-1.0,RS41-SG,404.900,7.5,250,10,2.5,,
2026-05-21T12:23:43.001Z,X1423183,6460,45.05564,8.56836,26243.9,5.5,7.4,261.5,-52.1,1.1,-1.0,RS41-SG,404.900,6.7,250,10,2.5,,
2026-05-21T12:23:46.001Z,X1423183,6463,45.05563,8.56805,26262.6,5.5,8.9,276.0,-52.1,1.1,-1.0,RS41-SG,404.900,7.3,250,10,2.7,,
2026-05-21T12:23:47.001Z,X1423183,6464,45.05564,8.56794,26267.9,5.2,9.1,277.8,-51.9,1.1,-1.0,RS41-SG,404.900,7.6,250,10,2.7,,
2026-05-21T12:23:48.001Z,X1423183,6465,45.05565,8.56783,26273.9,6.8,8.9,273.7,-51.9,1.1,-1.0,RS41-SG,404.900,7.6,250,10,2.5,,
2026-05-21T12:23:49.001Z,X1423183,6466,45.05565,8.56772,26280.6,6.6,8.4,266.7,-51.9,1.1,-1.0,RS41-SG,404.900,7.7,250,10,2.5,,
2026-05-21T12:23:52.001Z,X1423183,6469,45.05562,8.56743,26299.3,6.8,6.6,262.5,-51.9,1.1,-1.0,RS41-SG,404.900,7.1,250,10,2.7,,
2026-05-21T12:23:53.001Z,X1423183,6470,45.05561,8.56735,26305.3,5.2,6.1,267.1,-51.8,1.1,-1.0,RS41-SG,404.900,7.8,250,10,2.5,,
2026-05-21T12:23:54.001Z,X1423183,6471,45.05561,8.56728,26311.0,6.1,5.6,266.5,-51.9,1.1,-1.0,RS41-SG,404.900,7.8,250,10,2.5,,
2026-05-21T12:23:55.001Z,X1423183,6472,45.05560,8.56721,26317.6,7.1,5.5,256.8,-51.9,1.1,-1.0,RS41-SG,404.900,6.9,250,10,2.5,,
2026-05-21T12:23:56.001Z,X1423183,6473,45.05559,8.56714,26323.7,5.1,5.6,250.2,-51.9,1.1,-1.0,RS41-SG,404.900,6.9,250,10,2.7,,
2026-05-21T12:23:57.001Z,X1423183,6474,45.05557,8.56708,26329.2,6.0,5.8,248.8,-51.8,1.1,-1.0,RS41-SG,404.900,7.5,250,10,2.7,,
2026-05-21T12:23:58.001Z,X1423183,6475,45.05556,8.56700,26335.8,7.1,6.1,256.8,-51.8,1.1,-1.0,RS41-SG,404.900,7.5,250,10,2.7,,
2026-05-21T12:23:59.001Z,X1423183,6476,45.05555,8.56693,26341.9,5.2,6.3,264.1,-51.8,1.2,-1.0,RS41-SG,404.900,7.4,250,10,2.5,,
2026-05-21T12:24:00.001Z,X1423183,6477,45.05554,8.56684,26347.3,5.6,6.8,268.3,-51.9,1.1,-1.0,RS41-SG,404.900,7.5,250,10,2.5,,
2026-05-21T12:24:01.001Z,X1423183,6478,45.05554,8.56675,26353.4,6.7,7.4,263.3,-51.9,1.2,-1.0,RS41-SG,404.900,7.7,250,10,2.5,,
2026-05-21T12:24:02.001Z,X1423183,6479,45.05553,8.56666,26360.1,6.8,8.1,255.6,-51.8,1.1,-1.0,RS41-SG,404.900,7.7,250,10,2.7,,
2026-05-21T12:24:03.001Z,X1423183,6480,45.05550,8.56656,26366.2,5.3,8.8,250.7,-51.8,1.1,-1.0,RS41-SG,404.900,7.3,250,10,2.7,,
2026-05-21T12:24:04.001Z,X1423183,6481,45.05548,8.56645,26371.8,6.1,9.5,249.6,-51.8,1.1,-1.0,RS41-SG,404.900,6.9,250,10,2.5,,
2026-05-21T12:24:05.001Z,X1423183,6482,45.05545,8.56633,26378.4,7.0,9.9,253.1,-51.9,1.2,-1.0,RS41-SG,404.900,7.1,250,10,2.5,,
2026-05-21T12:24:06.001Z,X1423183,6483,45.05543,8.56621,26384.6,5.4,10.0,257.3,-51.8,1.1,-1.0,RS41-SG,404.900,7.2,250,10,2.5,,
2026-05-21T12:24:10.001Z,X1423183,6487,45.05535,8.56575,26408.6,5.6,8.3,252.4,-51.9,1.1,-1.0,RS41-SG,404.900,7.0,250,10,2.5,,
2026-05-21T12:24:11.001Z,X1423183,6488,45.05533,8.56565,26414.6,6.2,7.8,255.0,-51.9,1.2,-1.0,RS41-SG,404.900,7.3,250,10,2.5,,
2026-05-21T12:24:12.001Z,X1423183,6489,45.05532,8.56556,26421.0,6.7,7.3,263.9,-51.9,1.2,-1.0,RS41-SG,404.900,7.3,250,10,2.5,,
2026-05-21T12:24:13.001Z,X1423183,6490,45.05532,8.56547,26426.9,5.1,7.1,271.3,-52.0,1.2,-1.0,RS41-SG,404.900,7.0,250,10,2.7,,
2026-05-21T12:24:14.001Z,X1423183,6491,45.05532,8.56538,26432.1,5.3,6.8,274.9,-51.9,1.1,-1.0,RS41-SG,404.900,7.3,250,10,2.7,,
2026-05-21T12:24:15.001Z,X1423183,6492,45.05532,8.56530,26438.2,6.8,6.2,268.6,-52.0,1.1,-1.0,RS41-SG,404.900,7.3,250,10,2.5,,
2026-05-21T12:24:16.001Z,X1423183,6493,45.05531,8.56522,26444.9,6.6,6.0,256.1,-52.0,1.2,-1.0,RS41-SG,404.900,7.3,250,10,2.5,,
2026-05-21T12:24:17.001Z,X1423183,6494,45.05530,8.56515,26450.8,5.2,6.2,246.7,-52.0,1.1,-1.0,RS41-SG,404.900,8.5,250,10,2.5,,
2026-05-21T12:24:18.001Z,X1423183,6495,45.05527,8.56507,26456.6,6.4,7.0,242.4,-52.0,1.2,-1.0,RS41-SG,404.900,8.5,250,10,2.7,,
2026-05-21T12:24:19.001Z,X1423183,6496,45.05524,8.56499,26463.0,6.5,7.8,245.6,-52.0,1.1,-1.0,RS41-SG,404.900,8.1,250,10,2.7,,
2026-05-21T12:24:20.001Z,X1423183,6497,45.05521,8.56489,26468.6,4.8,8.6,248.9,-51.9,1.1,-1.0,RS41-SG,404.900,7.8,250,10,2.7,,
2026-05-21T12:24:23.001Z,X1423183,6500,45.05511,8.56455,26486.2,5.6,10.1,244.3,-51.9,1.2,-1.0,RS41-SG,404.900,7.8,250,10,2.5,,
2026-05-21T12:24:24.001Z,X1423183,6501,45.05508,8.56444,26492.1,6.4,9.8,245.9,-51.9,1.1,-1.0,RS41-SG,404.900,8.0,250,10,2.7,,
2026-05-21T12:24:25.001Z,X1423183,6502,45.05505,8.56433,26499.1,7.5,9.1,253.5,-51.9,1.2,-1.0,RS41-SG,404.900,8.4,250,10,2.7,,
2026-05-21T12:24:26.001Z,X1423183,6503,45.05503,8.56422,26505.7,5.8,8.6,262.6,-52.0,1.1,-1.0,RS41-SG,404.900,8.4,250,10,2.5,,
2026-05-21T12:24:27.001Z,X1423183,6504,45.05502,8.56411,26511.0,4.9,8.1,270.8,-51.9,1.1,-1.0,RS41-SG,404.900,8.2,250,10,2.5,,
2026-05-21T12:24:28.001Z,X1423183,6505,45.05503,8.56402,26516.4,5.8,7.3,274.9,-51.9,1.1,-1.0,RS41-SG,404.900,8.2,250,10,2.5,,
2026-05-21T12:24:29.001Z,X1423183,6506,45.05503,8.56393,26522.8,7.0,6.1,271.0,-51.9,1.1,-1.0,RS41-SG,404.900,8.1,250,10,2.7,,
2026-05-21T12:24:30.001Z,X1423183,6507,45.05503,8.56386,26529.1,5.6,5.5,264.5,-51.9,1.1,-1.0,RS41-SG,404.900,8.0,250,10,2.7,,
2026-05-21T12:24:31.001Z,X1423183,6508,45.05502,8.56379,26534.7,5.6,5.4,260.3,-51.8,1.1,-1.0,RS41-SG,404.900,8.1,250,10,2.7,,
2026-05-21T12:24:32.001Z,X1423183,6509,45.05502,8.56372,26540.8,6.6,6.0,262.8,-51.7,1.1,-1.0,RS41-SG,404.900,8.7,250,10,2.5,,
2026-05-21T12:24:33.001Z,X1423183,6510,45.05501,8.56364,26547.4,6.5,7.0,267.2,-51.7,1.1,-1.0,RS41-SG,404.900,8.7,250,10,2.5,,
2026-05-21T12:24:34.001Z,X1423183,6511,45.05501,8.56354,26553.2,4.9,7.8,269.7,-51.6,1.1,-1.0,RS41-SG,404.900,8.4,250,10,2.5,,
2026-05-21T12:24:35.001Z,X1423183,6512,45.05501,8.56344,26558.6,5.8,8.5,269.0,-51.6,1.1,-1.0,RS41-SG,404.900,8.0,250,10,2.7,,
2026-05-21T12:24:36.001Z,X1423183,6513,45.05500,8.56333,26564.9,6.9,8.6,264.4,-51.6,1.1,-1.0,RS41-SG,404.900,8.0,250,10,2.7,,
2026-05-21T12:24:37.001Z,X1423183,6514,45.05499,8.56323,26571.1,5.4,8.6,260.8,-51.6,1.1,-1.0,RS41-SG,404.900,8.0,250,10,2.5,,
2026-05-21T12:24:38.001Z,X1423183,6515,45.05498,8.56312,26576.6,5.7,8.6,260.1,-51.5,1.1,-1.0,RS41-SG,404.900,7.7,250,10,2.5,,
2026-05-21T12:24:39.001Z,X1423183,6516,45.05497,8.56301,26582.9,6.9,8.9,265.2,-51.5,1.1,-1.0,RS41-SG,404.900,7.7,250,10,2.5,,
2026-05-21T12:24:40.001Z,X1423183,6517,45.05497,8.56289,26589.6,6.4,9.4,272.2,-51.5,1.1,-1.0,RS41-SG,404.900,7.7,250,10,2.7,,
2026-05-21T12:24:41.001Z,X1423183,6518,45.05498,8.56277,26595.3,5.0,9.6,277.4,-51.4,1.1,-1.0,RS41-SG,404.900,7.7,250,10,2.7,,
2026-05-21T12:24:42.001Z,X1423183,6519,45.05499,8.56266,26600.8,5.9,9.2,280.4,-51.4,1.1,-1.0,RS41-SG,404.900,7.3,250,10,2.7,,
2026-05-21T12:24:43.001Z,X1423183,6520,45.05500,8.56255,26607.3,7.0,8.3,279.6,-51.4,1.1,-1.0,RS41-SG,404.900,7.4,250,10,2.5,,
2026-05-21T12:24:44.001Z,X1423183,6521,45.05501,8.56245,26613.5,5.4,7.6,277.1,-51.3,1.1,-1.0,RS41-SG,404.900,7.6,250,10,2.5,,
2026-05-21T12:24:46.001Z,X1423183,6523,45.05503,8.56226,26625.5,6.9,7.9,277.0,-51.3,1.1,-1.0,RS41-SG,404.900,7.4,250,10,2.7,,
2026-05-21T12:24:47.001Z,X1423183,6524,45.05504,8.56215,26631.7,5.5,8.6,278.2,-51.2,1.1,-1.0,RS41-SG,404.900,7.4,250,10,2.7,,
2026-05-21T12:24:48.001Z,X1423183,6525,45.05505,8.56204,26637.0,5.2,8.9,277.1,-51.2,1.1,-1.0,RS41-SG,404.900,7.6,250,10,2.5,,
2026-05-21T12:24:49.001Z,X1423183,6526,45.05505,8.56193,26642.9,6.4,8.7,271.5,-51.2,1.1,-1.0,RS41-SG,404.900,7.6,250,10,2.5,,
2026-05-21T12:24:50.001Z,X1423183,6527,45.05505,8.56182,26649.2,6.4,8.4,263.6,-51.3,1.1,-1.0,RS41-SG,404.900,6.8,250,10,2.5,,
2026-05-21T12:24:51.001Z,X1423183,6528,45.05504,8.56172,26654.6,4.6,8.1,258.3,-51.3,1.1,-1.0,RS41-SG,404.900,7.3,250,10,2.7,,
2026-05-21T12:24:52.001Z,X1423183,6529,45.05502,8.56162,26659.7,5.5,7.9,258.4,-51.3,1.1,-1.0,RS41-SG,404.900,7.3,250,10,2.7,,
2026-05-21T12:24:53.001Z,X1423183,6530,45.05502,8.56152,26665.8,6.7,8.1,267.0,-51.3,1.1,-1.0,RS41-SG,404.900,7.3,250,10,2.7,,
2026-05-21T12:24:54.001Z,X1423183,6531,45.05502,8.56142,26672.4,6.6,8.6,277.1,-51.3,1.1,-1.0,RS41-SG,404.900,7.0,250,10,2.5,,
2026-05-21T12:24:55.001Z,X1423183,6532,45.05503,8.56131,26678.2,5.0,9.2,282.7,-51.3,1.1,-1.0,RS41-SG,404.900,7.0,250,10,2.5,,
2026-05-21T12:24:56.001Z,X1423183,6533,45.05505,8.56119,26683.5,5.6,9.4,285.0,-51.3,1.1,-1.0,RS41-SG,404.900,7.0,250,10,2.5,,
2026-05-21T12:24:57.001Z,X1423183,6534,45.05507,8.56108,26689.8,7.1,9.3,281.3,-51.2,1.1,-1.0,RS41-SG,404.900,7.6,250,10,2.7,,
2026-05-21T12:24:58.001Z,X1423183,6535,45.05508,8.56096,26696.2,5.8,9.2,274.9,-51.2,1.1,-1.0,RS41-SG,404.900,7.6,250,10,2.7,,
2026-05-21T12:24:59.001Z,X1423183,6536,45.05509,8.56085,26701.5,4.8,9.3,269.1,-51.1,1.1,-1.0,RS41-SG,404.900,8.1,250,10,2.5,,
2026-05-21T12:25:00.001Z,X1423183,6537,45.05508,8.56072,26706.9,5.9,10.2,264.5,-51.1,1.1,-1.0,RS41-SG,404.900,8.3,250,10,2.5,,
2026-05-21T12:25:01.001Z,X1423183,6538,45.05507,8.56059,26713.2,6.7,11.2,264.4,-51.1,1.1,-1.0,RS41-SG,404.900,8.3,250,10,2.5,,
2026-05-21T12:25:02.001Z,X1423183,6539,45.05506,8.56044,26719.4,5.8,12.0,263.4,-51.1,1.1,-1.0,RS41-SG,404.900,8.0,250,10,2.7,,
2026-05-21T12:25:03.001Z,X1423183,6540,45.05505,8.56029,26725.2,5.8,12.6,261.2,-51.1,1.1,-1.0,RS41-SG,404.900,7.6,250,10,2.7,,
2026-05-21T12:25:04.001Z,X1423183,6541,45.05502,8.56013,26731.2,6.1,12.7,256.3,-51.1,1.1,-1.0,RS41-SG,404.900,7.5,250,10,2.7,,
2026-05-21T12:25:05.001Z,X1423183,6542,45.05499,8.55998,26737.6,6.7,12.6,250.3,-51.1,1.1,-1.0,RS41-SG,404.900,7.6,250,10,2.5,,
2026-05-21T12:25:06.001Z,X1423183,6543,45.05495,8.55983,26743.5,5.0,12.2,247.1,-51.1,1.1,-1.0,RS41-SG,404.900,7.6,250,10,2.5,,
2026-05-21T12:25:11.001Z,X1423183,6548,45.05485,8.55916,26772.3,6.2,11.2,268.3,-51.0,1.1,-1.0,RS41-SG,404.900,7.4,250,10,2.5,,
2026-05-21T12:25:13.001Z,X1423183,6550,45.05483,8.55887,26784.6,5.3,12.2,262.1,-51.0,1.1,-1.0,RS41-SG,404.900,7.5,250,10,2.7,,
2026-05-21T12:25:14.001Z,X1423183,6551,45.05481,8.55871,26789.9,5.2,12.8,261.4,-51.0,1.1,-1.0,RS41-SG,404.900,6.6,250,10,2.7,,
2026-05-21T12:25:17.001Z,X1423183,6554,45.05478,8.55821,26808.2,5.5,13.4,268.6,-51.0,1.1,-1.0,RS41-SG,404.900,6.6,250,10,2.5,,
2026-05-21T12:25:18.001Z,X1423183,6555,45.05478,8.55805,26813.8,5.6,12.9,267.9,-51.0,1.1,-1.0,RS41-SG,404.900,7.5,250,10,2.5,,
2026-05-21T12:25:19.001Z,X1423183,6556,45.05477,8.55789,26820.2,7.1,12.0,262.7,-51.1,1.1,-1.0,RS41-SG,404.900,7.9,250,10,2.7,,
2026-05-21T12:25:43.001Z,X1423183,6580,45.05451,8.55442,26962.4,4.8,13.7,264.8,-51.1,1.1,-1.0,RS41-SG,404.900,6.6,250,10,2.5,,
2026-05-21T12:27:30.001Z,X1423183,6687,45.05638,8.54077,27597.6,4.6,10.5,279.8,-48.6,1.0,-1.0,RS41-SG,404.900,7.2,250,10,2.7,,
2026-05-21T12:27:37.001Z,X1423183,6694,45.05647,8.53989,27639.6,5.3,8.9,279.7,-48.7,1.0,-1.0,RS41-SG,404.900,7.1,250,10,2.6,,
2026-05-21T12:27:39.001Z,X1423183,6696,45.05651,8.53966,27651.2,6.9,10.4,289.2,-48.7,1.0,-1.0,RS41-SG,404.900,7.4,250,10,2.5,,
2026-05-21T12:27:40.001Z,X1423183,6697,45.05654,8.53953,27657.9,6.5,11.9,293.4,-48.7,1.0,-1.0,RS41-SG,404.900,7.4,250,10,2.7,,
2026-05-21T12:27:42.001Z,X1423183,6699,45.05664,8.53924,27670.1,6.5,13.5,294.6,-48.6,1.0,-1.0,RS41-SG,404.900,6.9,250,10,2.7,,
2026-05-21T12:27:53.001Z,X1423183,6710,45.05689,8.53748,27735.0,6.1,12.5,276.3,-48.8,1.0,-1.0,RS41-SG,404.900,7.0,250,10,2.7,,
2026-05-21T12:27:54.001Z,X1423183,6711,45.05690,8.53731,27741.4,6.7,13.8,279.8,-48.9,1.0,-1.0,RS41-SG,404.900,7.1,250,10,2.6,,
2026-05-21T12:27:58.001Z,X1423183,6715,45.05704,8.53656,27762.9,6.7,14.9,286.2,-49.0,1.0,-1.0,RS41-SG,404.900,6.6,250,10,2.7,,
2026-05-21T12:28:05.001Z,X1423183,6722,45.05736,8.53554,27804.6,6.0,13.7,301.6,-48.8,1.0,-1.0,RS41-SG,404.900,7.1,250,10,2.5,,
2026-05-21T12:28:06.001Z,X1423183,6723,45.05742,8.53539,27811.1,7.1,13.3,298.1,-48.8,1.0,-1.0,RS41-SG,404.900,7.7,250,10,2.7,,
2026-05-21T12:28:07.001Z,X1423183,6724,45.05747,8.53524,27818.0,6.8,12.5,293.1,-48.8,1.0,-1.0,RS41-SG,404.900,7.7,250,10,2.7,,
2026-05-21T12:28:08.001Z,X1423183,6725,45.05751,8.53510,27823.7,4.5,12.0,288.8,-48.7,1.0,-1.0,RS41-SG,404.900,7.4,250,10,2.7,,
2026-05-21T12:28:15.001Z,X1423183,6732,45.05772,8.53408,27866.2,5.7,9.9,288.3,-48.3,1.0,-1.0,RS41-SG,404.900,6.5,250,10,2.6,,
2026-05-21T12:28:27.001Z,X1423183,6744,45.05809,8.53271,27940.8,6.6,9.7,284.5,-48.2,1.0,-1.0,RS41-SG,404.900,6.5,250,10,2.7,,
2026-05-21T12:28:28.001Z,X1423183,6745,45.05811,8.53260,27947.5,6.9,8.8,286.6,-48.2,1.0,-1.0,RS41-SG,404.900,6.5,250,10,2.7,,
2026-05-21T12:28:32.001Z,X1423183,6749,45.05822,8.53228,27971.2,6.9,7.1,313.2,-48.3,1.0,-1.0,RS41-SG,404.900,7.6,250,10,2.7,,
2026-05-21T12:28:33.001Z,X1423183,6750,45.05827,8.53221,27977.6,6.0,8.1,314.6,-48.3,1.0,-1.0,RS41-SG,404.900,7.6,250,10,2.7,,
2026-05-21T12:28:40.001Z,X1423183,6757,45.05838,8.53162,28018.5,5.6,7.5,249.4,-48.7,1.1,-1.0,RS41-SG,404.900,6.4,250,10,2.6,,
2026-05-21T12:28:47.001Z,X1423183,6764,45.05851,8.53108,28061.0,4.7,6.5,347.4,-48.9,1.0,-1.0,RS41-SG,404.900,7.1,250,10,2.6,,
2026-05-21T12:28:48.001Z,X1423183,6765,45.05857,8.53106,28066.3,6.0,6.8,351.8,-48.8,1.1,-1.0,RS41-SG,404.900,7.3,250,10,2.5,,
2026-05-21T12:28:49.001Z,X1423183,6766,45.05863,8.53105,28072.9,7.4,6.9,345.8,-48.8,1.0,-1.0,RS41-SG,404.900,7.3,250,10,2.7,,
2026-05-21T12:28:51.001Z,X1423183,6768,45.05874,8.53098,28086.5,6.6,6.1,324.4,-48.8,1.0,-1.0,RS41-SG,404.900,7.1,250,10,2.6,,
2026-05-21T12:28:52.001Z,X1423183,6769,45.05878,8.53093,28093.4,7.2,5.1,306.6,-48.8,1.0,-1.0,RS41-SG,404.900,7.1,250,10,2.5,,
2026-05-21T12:29:00.001Z,X1423183,6777,45.05888,8.53040,28143.2,6.5,6.1,311.6,-48.2,1.0,-1.0,RS41-SG,404.900,7.0,250,10,2.7,,
2026-05-21T12:29:01.001Z,X1423183,6778,45.05892,8.53035,28149.2,5.6,5.6,320.4,-48.1,0.9,-1.0,RS41-SG,404.900,7.7,250,10,2.6,,
2026-05-21T12:29:02.001Z,X1423183,6779,45.05896,8.53030,28154.6,5.1,5.5,322.9,-48.1,1.0,-1.0,RS41-SG,404.900,7.7,250,10,2.6,,
2026-05-21T12:29:03.001Z,X1423183,6780,45.05900,8.53026,28159.8,5.5,5.9,319.3,-48.1,1.0,-1.0,RS41-SG,404.900,7.7,250,10,2.6,,
2026-05-21T12:29:04.001Z,X1423183,6781,45.05904,8.53020,28166.0,6.9,7.1,312.3,-48.1,0.9,-1.0,RS41-SG,404.900,7.7,250,10,2.7,,
2026-05-21T12:29:05.001Z,X1423183,6782,45.05908,8.53013,28172.7,6.4,8.3,306.6,-48.1,1.0,-1.0,RS41-SG,404.900,7.1,250,10,2.7,,
2026-05-21T12:29:06.001Z,X1423183,6783,45.05912,8.53004,28178.7,5.7,8.9,301.4,-48.0,1.0,-1.0,RS41-SG,404.900,6.7,250,10,2.6,,
2026-05-21T12:29:07.001Z,X1423183,6784,45.05916,8.52994,28184.6,6.2,8.7,295.3,-47.9,0.9,-1.0,RS41-SG,404.900,6.5,250,10,2.6,,
2026-05-21T12:29:11.001Z,X1423183,6788,45.05919,8.52965,28208.6,4.7,3.9,246.5,-47.9,1.0,-1.0,RS41-SG,404.900,7.5,250,10,2.7,,
2026-05-21T12:29:12.001Z,X1423183,6789,45.05917,8.52961,28214.6,7.2,3.3,247.2,-47.9,1.0,-1.0,RS41-SG,404.900,7.5,250,10,2.6,,
2026-05-21T12:29:17.001Z,X1423183,6794,45.05921,8.52935,28247.5,5.7,5.2,291.1,-47.7,0.9,-1.0,RS41-SG,404.900,7.1,250,10,2.6,,
2026-05-21T12:29:20.001Z,X1423183,6797,45.05928,8.52911,28266.2,6.6,8.9,294.3,-47.7,0.9,-1.0,RS41-SG,404.900,6.8,250,10,2.7,,
2026-05-21T12:29:27.001Z,X1423183,6804,45.05935,8.52856,28308.9,7.2,3.9,262.2,-47.7,1.0,-1.0,RS41-SG,404.900,6.8,250,10,2.6,,
2026-05-21T12:29:28.001Z,X1423183,6805,45.05935,8.52850,28316.2,7.4,4.7,279.7,-47.7,1.0,-1.0,RS41-SG,404.900,7.3,250,10,2.6,,
2026-05-21T12:29:29.001Z,X1423183,6806,45.05936,8.52844,28322.7,5.5,5.8,290.5,-47.8,1.0,-1.0,RS41-SG,404.900,7.3,250,10,2.5,,
2026-05-21T12:29:30.001Z,X1423183,6807,45.05938,8.52836,28328.0,5.2,7.0,297.1,-47.8,1.0,-1.0,RS41-SG,404.900,7.3,250,10,2.7,,
2026-05-21T12:29:32.001Z,X1423183,6809,45.05945,8.52820,28340.3,6.8,7.4,301.6,-48.0,1.0,-1.0,RS41-SG,404.900,7.3,250,10,2.6,,
2026-05-21T12:29:33.001Z,X1423183,6810,45.05948,8.52812,28346.5,5.8,7.3,301.6,-48.0,1.0,-1.0,RS41-SG,404.900,7.3,250,10,2.6,,
2026-05-21T12:29:34.001Z,X1423183,6811,45.05952,8.52804,28352.4,6.0,7.5,299.4,-48.0,1.0,-1.0,RS41-SG,404.900,7.2,250,10,2.5,,
2026-05-21T12:29:35.001Z,X1423183,6812,45.05955,8.52795,28358.8,6.9,8.2,296.0,-47.9,1.0,-1.0,RS41-SG,404.900,7.0,250,10,2.7,,
2026-05-21T12:29:44.001Z,X1423183,6821,45.05971,8.52732,28415.4,5.1,6.0,286.4,-47.4,1.0,-1.0,RS41-SG,404.900,7.6,250,10,2.6,,
2026-05-21T12:29:49.001Z,X1423183,6826,45.05976,8.52693,28444.9,5.9,5.8,278.0,-47.5,1.0,-1.0,RS41-SG,404.900,7.0,250,10,2.7,,
2026-05-21T12:29:50.001Z,X1423183,6827,45.05977,8.52686,28451.4,7.2,6.4,283.5,-47.6,1.0,-1.0,RS41-SG,404.900,7.0,250,10,2.7,,
2026-05-21T12:29:58.001Z,X1423183,6835,45.06000,8.52636,28500.1,7.3,6.0,321.0,-47.9,1.0,-1.0,RS41-SG,404.900,7.0,250,10,2.6,,
2026-05-21T12:29:59.001Z,X1423183,6836,45.06005,8.52630,28506.6,5.7,6.9,316.3,-48.0,1.0,-1.0,RS41-SG,404.900,7.0,250,10,2.6,,
2026-05-21T12:30:00.001Z,X1423183,6837,45.06009,8.52624,28512.6,6.3,7.2,308.9,-48.0,1.0,-1.0,RS41-SG,404.900,7.1,250,10,2.5,,
2026-05-21T12:30:01.001Z,X1423183,6838,45.06012,8.52617,28519.6,7.6,6.7,298.3,-48.1,1.0,-1.0,RS41-SG,404.900,7.1,250,10,2.7,,
2026-05-21T12:30:02.001Z,X1423183,6839,45.06015,8.52609,28526.4,6.0,6.2,287.8,-48.1,1.0,-1.0,RS41-SG,404.900,6.9,250,10,2.7,,
2026-05-21T12:30:03.001Z,X1423183,6840,45.06016,8.52602,28531.8,4.9,5.9,277.4,-48.0,1.0,-1.0,RS41-SG,404.900,8.1,250,10,2.7,,
2026-05-21T12:30:04.001Z,X1423183,6841,45.06016,8.52594,28537.5,6.5,6.2,271.4,-48.0,1.0,-1.0,RS41-SG,404.900,8.1,250,10,2.6,,
2026-05-21T12:30:05.001Z,X1423183,6842,45.06016,8.52586,28544.4,7.2,7.0,274.9,-48.0,1.0,-1.0,RS41-SG,404.900,8.0,250,10,2.6,,
2026-05-21T12:30:06.001Z,X1423183,6843,45.06017,8.52577,28550.8,5.4,7.6,278.8,-48.1,1.0,-1.0,RS41-SG,404.900,8.0,250,10,2.6,,
2026-05-21T12:30:10.001Z,X1423183,6847,45.06024,8.52542,28575.5,5.8,6.3,289.3,-48.1,1.0,-1.0,RS41-SG,404.900,6.8,250,10,2.6,,
2026-05-21T12:30:11.001Z,X1423183,6848,45.06026,8.52534,28581.7,6.4,6.8,294.7,-48.0,1.0,-1.0,RS41-SG,404.900,8.0,250,10,2.6,,
2026-05-21T12:30:12.001Z,X1423183,6849,45.06029,8.52526,28588.5,7.2,8.1,299.7,-48.0,1.0,-1.0,RS41-SG,404.900,8.0,250,10,2.6,,
2026-05-21T12:30:13.001Z,X1423183,6850,45.06033,8.52516,28594.8,5.4,9.1,301.9,-48.1,1.0,-1.0,RS41-SG,404.900,7.9,250,10,2.7,,
2026-05-21T12:30:14.001Z,X1423183,6851,45.06037,8.52506,28600.2,5.4,9.7,302.1,-48.1,1.0,-1.0,RS41-SG,404.900,7.2,250,10,2.7,,
2026-05-21T12:30:17.001Z,X1423183,6854,45.06049,8.52476,28619.2,5.0,7.9,292.0,-47.9,1.0,-1.0,RS41-SG,404.900,7.4,250,10,2.6,,
2026-05-21T12:30:20.001Z,X1423183,6857,45.06055,8.52446,28637.5,6.2,9.6,286.8,-47.9,1.0,-1.0,RS41-SG,404.900,7.6,250,10,2.7,,
2026-05-21T12:30:22.001Z,X1423183,6859,45.06061,8.52422,28649.7,6.5,10.1,288.1,-48.0,1.0,-1.0,RS41-SG,404.900,7.7,250,10,2.6,,
2026-05-21T12:30:23.001Z,X1423183,6860,45.06064,8.52411,28656.5,7.2,9.2,289.1,-48.0,1.0,-1.0,RS41-SG,404.900,7.8,250,10,2.6,,
2026-05-21T12:30:25.001Z,X1423183,6862,45.06069,8.52391,28668.3,4.9,8.1,295.3,-48.0,1.0,-1.0,RS41-SG,404.900,6.8,250,9,2.7,,
2026-05-21T12:30:26.001Z,X1423183,6863,45.06073,8.52381,28673.8,6.1,8.8,300.9,-48.0,1.0,-1.0,RS41-SG,404.900,7.0,250,10,2.7,,
2026-05-21T12:30:27.001Z,X1423183,6864,45.06077,8.52371,28680.4,7.1,10.4,304.7,-48.1,1.0,-1.0,RS41-SG,404.900,8.3,250,10,2.6,,
2026-05-21T12:30:28.001Z,X1423183,6865,45.06083,8.52360,28686.6,5.5,11.6,305.7,-48.2,1.1,-1.0,RS41-SG,404.900,8.3,250,10,2.6,,
2026-05-21T12:30:29.001Z,X1423183,6866,45.06089,8.52348,28692.1,5.3,12.4,305.1,-48.3,1.0,-1.0,RS41-SG,404.900,7.9,250,10,2.6,,
2026-05-21T12:30:30.001Z,X1423183,6867,45.06095,8.52335,28697.6,5.8,12.2,301.9,-48.4,1.0,-1.0,RS41-SG,404.900,7.7,250,10,2.6,,
2026-05-21T12:30:31.001Z,X1423183,6868,45.06101,8.52322,28703.9,6.8,11.1,296.3,-48.5,1.1,-1.0,RS41-SG,404.900,7.9,250,10,2.7,,
2026-05-21T12:30:32.001Z,X1423183,6869,45.06104,8.52310,28710.8,7.0,10.0,288.0,-48.5,1.0,-1.0,RS41-SG,404.900,7.9,250,10,2.7,,
2026-05-21T12:30:33.001Z,X1423183,6870,45.06106,8.52298,28717.1,5.6,9.4,280.1,-48.5,1.0,-1.0,RS41-SG,404.900,8.0,250,10,2.7,,
2026-05-21T12:30:34.001Z,X1423183,6871,45.06107,8.52286,28722.5,5.2,9.8,274.8,-48.5,1.0,-1.0,RS41-SG,404.900,8.3,250,10,2.6,,
2026-05-21T12:30:35.001Z,X1423183,6872,45.06108,8.52273,28728.3,6.5,10.9,274.8,-48.5,1.0,-1.0,RS41-SG,404.900,8.3,250,10,2.6,,
2026-05-21T12:30:36.001Z,X1423183,6873,45.06109,8.52258,28735.2,7.4,12.5,279.3,-48.6,1.0,-1.0,RS41-SG,404.900,7.9,250,10,2.6,,
2026-05-21T12:30:37.001Z,X1423183,6874,45.06112,8.52242,28741.7,5.5,13.6,284.2,-48.6,1.0,-1.0,RS41-SG,404.900,7.9,250,10,2.7,,
2026-05-21T12:30:38.001Z,X1423183,6875,45.06115,8.52225,28747.0,5.2,14.2,289.0,-48.5,1.0,-1.0,RS41-SG,404.900,7.8,250,10,2.7,,
2026-05-21T12:30:39.001Z,X1423183,6876,45.06120,8.52209,28752.6,6.0,13.9,294.2,-48.5,1.0,-1.0,RS41-SG,404.900,7.1,250,10,2.7,,
2026-05-21T12:30:40.001Z,X1423183,6877,45.06125,8.52193,28759.2,7.1,12.8,299.2,-48.5,1.0,-1.0,RS41-SG,404.900,7.3,250,10,2.6,,
2026-05-21T12:30:41.001Z,X1423183,6878,45.06131,8.52180,28765.7,5.8,11.7,303.2,-48.4,1.0,-1.0,RS41-SG,404.900,7.3,250,10,2.6,,
2026-05-21T12:30:42.001Z,X1423183,6879,45.06137,8.52168,28771.1,4.9,11.0,306.7,-48.4,1.0,-1.0,RS41-SG,404.900,7.2,250,10,2.6,,
2026-05-21T12:30:43.001Z,X1423183,6880,45.06143,8.52157,28776.7,6.4,11.1,309.1,-48.4,1.0,-1.0,RS41-SG,404.900,7.4,250,10,2.7,,
2026-05-21T12:30:44.001Z,X1423183,6881,45.06150,8.52146,28783.5,7.1,12.0,308.8,-48.4,1.0,-1.0,RS41-SG,404.900,7.6,250,10,2.7,,
2026-05-21T12:30:45.001Z,X1423183,6882,45.06156,8.52134,28789.9,5.6,12.6,307.5,-48.4,1.0,-1.0,RS41-SG,404.900,8.3,250,10,2.6,,
2026-05-21T12:30:46.001Z,X1423183,6883,45.06163,8.52121,28795.7,6.0,13.0,305.1,-48.5,1.0,-1.0,RS41-SG,404.900,8.3,250,10,2.6,,
2026-05-21T12:30:47.001Z,X1423183,6884,45.06169,8.52107,28802.1,6.9,12.5,300.7,-48.6,1.0,-1.0,RS41-SG,404.900,8.3,250,10,2.6,,
2026-05-21T12:30:48.001Z,X1423183,6885,45.06174,8.52094,28808.7,6.3,11.7,295.9,-48.7,1.0,-1.0,RS41-SG,404.900,8.3,250,10,2.7,,
2026-05-21T12:30:49.001Z,X1423183,6886,45.06179,8.52081,28814.5,5.3,11.3,292.3,-48.6,1.0,-1.0,RS41-SG,404.900,7.5,250,10,2.7,,
2026-05-21T12:30:50.001Z,X1423183,6887,45.06182,8.52067,28820.3,6.3,11.7,290.7,-48.5,1.0,-1.0,RS41-SG,404.900,8.5,250,10,2.7,,
2026-05-21T12:30:51.001Z,X1423183,6888,45.06187,8.52053,28827.2,7.3,12.8,293.1,-48.5,1.1,-1.0,RS41-SG,404.900,8.5,250,10,2.6,,
2026-05-21T12:30:52.001Z,X1423183,6889,45.06192,8.52037,28834.0,6.3,13.9,296.9,-48.4,1.0,-1.0,RS41-SG,404.900,8.4,250,10,2.6,,
2026-05-21T12:30:53.001Z,X1423183,6890,45.06198,8.52022,28840.0,5.6,14.4,301.3,-48.5,1.0,-1.0,RS41-SG,404.900,8.6,250,10,2.6,,
2026-05-21T12:30:54.001Z,X1423183,6891,45.06205,8.52007,28845.5,5.6,14.3,306.7,-48.5,1.0,-1.0,RS41-SG,404.900,8.7,250,10,2.7,,
2026-05-21T12:30:55.001Z,X1423183,6892,45.06213,8.51993,28851.6,6.5,13.5,311.7,-48.5,1.0,-1.0,RS41-SG,404.900,8.7,250,10,2.7,,
2026-05-21T12:30:56.001Z,X1423183,6893,45.06221,8.51981,28858.2,6.7,12.4,315.6,-48.5,1.0,-1.0,RS41-SG,404.900,8.1,250,10,2.7,,
2026-05-21T12:30:57.001Z,X1423183,6894,45.06229,8.51971,28864.3,5.3,11.9,317.5,-48.5,1.0,-1.0,RS41-SG,404.900,8.1,250,10,2.6,,
2026-05-21T12:30:58.001Z,X1423183,6895,45.06237,8.51961,28869.9,6.0,12.0,317.5,-48.4,1.0,-1.0,RS41-SG,404.900,7.8,250,10,2.6,,
2026-05-21T12:30:59.001Z,X1423183,6896,45.06245,8.51950,28876.5,7.2,12.9,315.1,-48.3,1.0,-1.0,RS41-SG,404.900,8.4,250,10,2.6,,
2026-05-21T12:31:00.001Z,X1423183,6897,45.06253,8.51937,28883.0,5.8,13.9,312.0,-48.2,1.0,-1.0,RS41-SG,404.900,8.6,250,10,2.6,,
2026-05-21T12:31:01.001Z,X1423183,6898,45.06261,8.51924,28888.4,5.0,14.7,308.1,-48.1,1.0,-1.0,RS41-SG,404.900,8.6,250,10,2.7,,
2026-05-21T12:31:02.001Z,X1423183,6899,45.06269,8.51909,28894.0,6.3,14.7,303.8,-48.1,1.0,-1.0,RS41-SG,404.900,8.3,250,10,2.7,,
2026-05-21T12:31:03.001Z,X1423183,6900,45.06276,8.51893,28900.7,7.1,13.8,300.5,-48.1,1.0,-1.0,RS41-SG,404.900,8.3,250,10,2.7,,
2026-05-21T12:31:04.001Z,X1423183,6901,45.06282,8.51879,28907.1,5.6,12.8,299.9,-48.2,1.0,-1.0,RS41-SG,404.900,8.4,250,10,2.6,,
2026-05-21T12:31:05.001Z,X1423183,6902,45.06287,8.51865,28912.8,5.8,12.3,301.5,-48.2,1.0,-1.0,RS41-SG,404.900,8.4,250,10,2.6,,
2026-05-21T12:31:06.001Z,X1423183,6903,45.06294,8.51852,28919.2,6.9,12.6,305.9,-48.2,1.0,-1.0,RS41-SG,404.900,8.4,250,10,2.6,,
2026-05-21T12:31:07.001Z,X1423183,6904,45.06301,8.51839,28926.2,7.2,13.7,311.0,-48.2,1.0,-1.0,RS41-SG,404.900,7.9,250,10,2.7,,
2026-05-21T12:31:08.001Z,X1423183,6905,45.06309,8.51826,28932.8,6.0,14.3,314.4,-48.2,1.0,-1.0,RS41-SG,404.900,7.9,250,10,2.7,,
2026-05-21T12:31:09.001Z,X1423183,6906,45.06319,8.51814,28938.8,6.0,14.4,318.6,-48.1,1.0,-1.0,RS41-SG,404.900,7.8,250,10,2.7,,
2026-05-21T12:31:10.001Z,X1423183,6907,45.06328,8.51802,28945.3,6.9,13.8,322.1,-48.1,1.0,-1.0,RS41-SG,404.900,8.0,250,10,2.6,,
2026-05-21T12:31:11.001Z,X1423183,6908,45.06338,8.51792,28952.0,6.6,12.7,323.8,-48.0,1.0,-1.0,RS41-SG,404.900,8.0,250,10,2.6,,
2026-05-21T12:31:12.001Z,X1423183,6909,45.06347,8.51783,28958.0,5.2,12.0,323.9,-48.0,1.0,-1.0,RS41-SG,404.900,8.0,250,10,2.5,,
2026-05-21T12:31:13.001Z,X1423183,6910,45.06355,8.51774,28963.3,5.5,11.8,321.9,-47.9,1.0,-1.0,RS41-SG,404.900,8.4,250,10,2.7,,
2026-05-21T12:31:14.001Z,X1423183,6911,45.06364,8.51764,28969.5,6.8,12.5,317.7,-47.8,0.9,-1.0,RS41-SG,404.900,8.4,250,10,2.7,,
2026-05-21T12:31:15.001Z,X1423183,6912,45.06372,8.51753,28976.3,6.8,13.5,313.3,-47.7,1.0,-1.0,RS41-SG,404.900,7.9,250,10,2.6,,
2026-05-21T12:31:19.001Z,X1423183,6916,45.06401,8.51700,29002.3,6.2,11.2,306.5,-47.5,0.9,-1.0,RS41-SG,404.900,6.9,250,10,2.7,,
2026-05-21T12:31:21.001Z,X1423183,6918,45.06413,8.51680,29013.4,5.8,9.8,316.7,-47.5,0.9,-1.0,RS41-SG,404.900,7.4,250,10,2.6,,
2026-05-21T12:31:22.001Z,X1423183,6919,45.06420,8.51672,29019.8,6.9,10.6,323.1,-47.4,0.9,-1.0,RS41-SG,404.900,8.2,250,10,2.6,,
2026-05-21T12:31:23.001Z,X1423183,6920,45.06429,8.51664,29026.4,6.2,11.8,326.6,-47.5,0.9,-1.0,RS41-SG,404.900,8.2,250,10,2.6,,
2026-05-21T12:31:24.001Z,X1423183,6921,45.06438,8.51656,29032.4,5.8,12.5,328.6,-47.5,0.9,-1.0,RS41-SG,404.900,8.2,250,10,2.7,,
2026-05-21T12:31:25.001Z,X1423183,6922,45.06447,8.51647,29038.4,6.2,12.5,330.0,-47.6,0.9,-1.0,RS41-SG,404.900,8.2,250,10,2.7,,
2026-05-21T12:31:26.001Z,X1423183,6923,45.06457,8.51640,29045.0,6.9,11.6,331.0,-47.5,0.9,-1.0,RS41-SG,404.900,8.2,250,10,2.7,,
2026-05-21T12:31:27.001Z,X1423183,6924,45.06466,8.51633,29051.4,5.9,10.7,331.3,-47.5,0.9,-1.0,RS41-SG,404.900,8.2,250,10,2.6,,
2026-05-21T12:31:28.001Z,X1423183,6925,45.06474,8.51627,29056.8,4.8,10.3,330.8,-47.5,0.9,-1.0,RS41-SG,404.900,8.1,250,10,2.6,,
2026-05-21T12:31:29.001Z,X1423183,6926,45.06482,8.51620,29062.0,5.7,10.6,328.8,-47.5,0.9,-1.0,RS41-SG,404.900,7.6,250,10,2.6,,
2026-05-21T12:31:30.001Z,X1423183,6927,45.06490,8.51612,29068.4,6.9,11.8,325.7,-47.5,0.9,-1.0,RS41-SG,404.900,8.2,250,10,2.6,,
2026-05-21T12:31:31.001Z,X1423183,6928,45.06499,8.51603,29075.2,6.7,13.0,323.8,-47.6,0.9,-1.0,RS41-SG,404.900,8.2,250,10,2.7,,
2026-05-21T12:31:32.001Z,X1423183,6929,45.06509,8.51593,29081.2,5.3,13.7,322.9,-47.6,1.0,-1.0,RS41-SG,404.900,7.8,250,10,2.7,,
2026-05-21T12:31:34.001Z,X1423183,6931,45.06528,8.51573,29093.1,6.9,12.7,323.8,-47.5,0.9,-1.0,RS41-SG,404.900,6.9,250,10,2.6,,
2026-05-21T12:31:39.001Z,X1423183,6936,45.06572,8.51543,29123.1,7.1,11.8,342.8,-47.2,0.9,-1.0,RS41-SG,404.900,7.2,250,10,2.7,,
2026-05-21T12:31:45.001Z,X1423183,6942,45.06628,8.51520,29161.3,6.0,8.4,344.5,-46.6,0.9,-1.0,RS41-SG,404.900,6.5,250,10,2.6,,
2026-05-21T12:31:46.001Z,X1423183,6943,45.06635,8.51517,29167.7,6.9,8.6,344.9,-46.5,0.9,-1.0,RS41-SG,404.900,6.8,250,10,2.6,,
2026-05-21T12:31:48.001Z,X1423183,6945,45.06651,8.51512,29180.2,6.2,8.9,351.2,-46.5,0.9,-1.0,RS41-SG,404.900,6.7,250,10,2.7,,
2026-05-21T12:31:51.001Z,X1423183,6948,45.06672,8.51512,29199.8,5.5,7.1,11.9,-46.4,0.8,-1.0,RS41-SG,404.900,7.1,250,10,2.6,,
2026-05-21T12:31:53.001Z,X1423183,6950,45.06685,8.51516,29211.8,6.6,7.7,9.8,-46.2,0.9,-1.0,RS41-SG,404.900,7.0,250,10,2.6,,
2026-05-21T12:32:08.001Z,X1423183,6965,45.06766,8.51534,29303.0,6.0,7.3,57.2,-45.8,0.9,-1.0,RS41-SG,404.900,6.7,250,10,2.6,,
2026-05-21T12:32:09.001Z,X1423183,6966,45.06770,8.51541,29309.2,6.3,5.9,58.7,-45.7,0.9,-1.0,RS41-SG,404.900,6.8,250,10,2.6,,
2026-05-21T12:32:23.001Z,X1423183,6980,45.06783,8.51574,29393.6,6.6,2.7,96.0,-45.1,0.8,-1.0,RS41-SG,404.900,7.0,250,10,2.7,,
2026-05-21T12:32:24.001Z,X1423183,6981,45.06782,8.51577,29400.4,7.0,3.0,145.2,-45.1,0.8,-1.0,RS41-SG,404.900,6.9,250,10,2.7,,
2026-05-21T12:32:25.001Z,X1423183,6982,45.06779,8.51579,29406.3,4.9,3.9,165.4,-45.0,0.8,-1.0,RS41-SG,404.900,7.3,250,10,2.6,,
2026-05-21T12:32:26.001Z,X1423183,6983,45.06775,8.51579,29411.3,4.9,4.7,179.6,-44.9,0.8,-1.0,RS41-SG,404.900,7.3,250,10,2.6,,
2026-05-21T12:32:27.001Z,X1423183,6984,45.06771,8.51579,29416.9,6.4,4.5,193.1,-44.8,0.8,-1.0,RS41-SG,404.900,7.4,250,10,2.6,,
2026-05-21T12:32:28.001Z,X1423183,6985,45.06768,8.51577,29423.7,7.2,3.5,208.5,-44.8,0.8,-1.0,RS41-SG,404.900,7.4,250,10,2.7,,
2026-05-21T12:32:30.001Z,X1423183,6987,45.06764,8.51574,29435.4,5.8,1.1,218.3,-44.6,0.8,-1.0,RS41-SG,404.900,7.6,250,10,2.7,,
2026-05-21T12:32:31.001Z,X1423183,6988,45.06763,8.51574,29441.9,7.2,1.2,133.3,-44.6,0.8,-1.0,RS41-SG,404.900,7.6,250,10,2.6,,
2026-05-21T12:32:32.001Z,X1423183,6989,45.06762,8.51576,29448.6,6.2,2.8,123.7,-44.6,0.8,-1.0,RS41-SG,404.900,7.5,250,10,2.6,,
2026-05-21T12:32:33.001Z,X1423183,6990,45.06761,8.51579,29454.1,4.9,4.2,124.7,-44.5,0.8,-1.0,RS41-SG,404.900,7.2,250,10,2.6,,
2026-05-21T12:32:34.001Z,X1423183,6991,45.06758,8.51584,29459.4,5.7,4.9,125.8,-44.5,0.8,-1.0,RS41-SG,404.900,7.6,250,10,2.7,,
2026-05-21T12:32:35.001Z,X1423183,6992,45.06756,8.51589,29465.7,7.0,4.6,130.9,-44.5,0.8,-1.0,RS41-SG,404.900,7.9,250,10,2.7,,
2026-05-21T12:32:36.001Z,X1423183,6993,45.06753,8.51592,29472.5,6.6,3.9,141.0,-44.5,0.8,-1.0,RS41-SG,404.900,7.9,250,10,2.6,,
2026-05-21T12:32:37.001Z,X1423183,6994,45.06750,8.51595,29478.7,5.9,3.7,160.2,-44.4,0.8,-1.0,RS41-SG,404.900,7.1,250,10,2.6,,
2026-05-21T12:32:38.001Z,X1423183,6995,45.06746,8.51596,29484.7,6.1,4.4,178.7,-44.4,0.8,-1.0,RS41-SG,404.900,7.0,250,10,2.6,,
2026-05-21T12:32:39.001Z,X1423183,6996,45.06742,8.51595,29491.2,7.0,6.0,187.0,-44.4,0.8,-1.0,RS41-SG,404.900,7.1,250,10,2.7,,
2026-05-21T12:32:40.001Z,X1423183,6997,45.06736,8.51594,29497.6,5.8,7.1,189.7,-44.4,0.8,-1.0,RS41-SG,404.900,7.2,250,10,2.7,,
2026-05-21T12:32:41.001Z,X1423183,6998,45.06730,8.51592,29503.1,5.3,7.6,191.5,-44.4,0.8,-1.0,RS41-SG,404.900,7.4,250,10,2.7,,
2026-05-21T12:32:42.001Z,X1423183,6999,45.06723,8.51590,29508.6,5.7,7.2,194.1,-44.4,0.8,-1.0,RS41-SG,404.900,7.4,250,10,2.6,,
2026-05-21T12:32:43.001Z,X1423183,7000,45.06717,8.51588,29514.7,6.7,6.1,197.9,-44.4,0.8,-1.0,RS41-SG,404.900,7.4,250,10,2.6,,
2026-05-21T12:32:46.001Z,X1423183,7003,45.06706,8.51583,29532.1,5.6,4.0,183.1,-44.4,0.8,-1.0,RS41-SG,404.900,6.4,250,10,2.7,,
2026-05-21T12:32:49.001Z,X1423183,7006,45.06691,8.51590,29550.1,5.0,7.7,156.3,-44.3,0.8,-1.0,RS41-SG,404.900,7.3,250,10,2.6,,
2026-05-21T12:32:50.001Z,X1423183,7007,45.06684,8.51593,29555.8,6.3,7.8,158.9,-44.3,0.8,-1.0,RS41-SG,404.900,7.3,250,10,2.6,,
2026-05-21T12:32:51.001Z,X1423183,7008,45.06678,8.51596,29562.7,7.6,7.0,168.2,-44.3,0.9,-1.0,RS41-SG,404.900,6.9,250,10,2.7,,
2026-05-21T12:32:52.001Z,X1423183,7009,45.06672,8.51597,29569.3,5.7,6.3,179.5,-44.3,0.9,-1.0,RS41-SG,404.900,7.9,250,10,2.7,,
2026-05-21T12:32:53.001Z,X1423183,7010,45.06667,8.51596,29574.7,5.0,6.2,193.8,-44.3,0.8,-1.0,RS41-SG,404.900,8.3,250,10,2.6,,
2026-05-21T12:32:54.001Z,X1423183,7011,45.06661,8.51593,29579.8,5.3,6.8,204.2,-44.3,0.8,-1.0,RS41-SG,404.900,8.3,250,10,2.6,,
2026-05-21T12:32:55.001Z,X1423183,7012,45.06655,8.51589,29585.4,6.0,7.9,206.1,-44.3,0.9,-1.0,RS41-SG,404.900,8.1,250,10,2.6,,
2026-05-21T12:32:56.001Z,X1423183,7013,45.06648,8.51585,29591.5,6.2,8.7,204.7,-44.3,0.8,-1.0,RS41-SG,404.900,8.2,250,10,2.7,,
2026-05-21T12:32:57.001Z,X1423183,7014,45.06641,8.51580,29597.1,5.0,9.1,203.8,-44.3,0.8,-1.0,RS41-SG,404.900,8.2,250,10,2.7,,
2026-05-21T12:32:58.001Z,X1423183,7015,45.06634,8.51575,29602.1,5.2,8.9,205.9,-44.4,0.9,-1.0,RS41-SG,404.900,8.0,250,10,2.7,,
2026-05-21T12:32:59.001Z,X1423183,7016,45.06627,8.51570,29607.9,6.4,8.0,211.6,-44.4,0.8,-1.0,RS41-SG,404.900,8.1,250,10,2.6,,
2026-05-21T12:33:00.001Z,X1423183,7017,45.06622,8.51565,29614.6,6.8,6.8,219.8,-44.4,0.8,-1.0,RS41-SG,404.900,8.1,250,10,2.6,,
2026-05-21T12:33:01.001Z,X1423183,7018,45.06618,8.51560,29620.7,5.5,5.8,226.1,-44.4,0.8,-1.0,RS41-SG,404.900,7.5,250,10,2.6,,
2026-05-21T12:33:02.001Z,X1423183,7019,45.06614,8.51555,29626.0,5.3,4.7,227.1,-44.3,0.8,-1.0,RS41-SG,404.900,7.5,250,10,2.7,,
2026-05-21T12:33:06.001Z,X1423183,7023,45.06599,8.51548,29649.0,5.0,5.9,182.5,-44.2,0.8,-1.0,RS41-SG,404.900,8.3,250,10,2.6,,
2026-05-21T12:33:07.001Z,X1423183,7024,45.06594,8.51547,29654.8,6.6,6.6,193.3,-44.2,0.8,-1.0,RS41-SG,404.900,8.6,250,10,2.6,,
2026-05-21T12:33:08.001Z,X1423183,7025,45.06588,8.51544,29661.4,6.6,7.4,207.5,-44.2,0.8,-1.0,RS41-SG,404.900,8.6,250,10,2.7,,
2026-05-21T12:33:09.001Z,X1423183,7026,45.06582,8.51539,29667.6,5.7,8.5,217.2,-44.1,0.8,-1.0,RS41-SG,404.900,8.5,250,10,2.7,,
2026-05-21T12:33:10.001Z,X1423183,7027,45.06575,8.51531,29673.2,5.5,10.0,221.3,-44.1,0.8,-1.0,RS41-SG,404.900,8.3,250,10,2.6,,
2026-05-21T12:33:11.001Z,X1423183,7028,45.06568,8.51523,29679.2,6.5,11.3,221.1,-44.1,0.8,-1.0,RS41-SG,404.900,8.3,250,10,2.6,,
2026-05-21T12:33:12.001Z,X1423183,7029,45.06560,8.51513,29685.3,5.7,11.8,219.3,-44.1,0.8,-1.0,RS41-SG,404.900,9.3,250,10,2.6,,
2026-05-21T12:33:13.001Z,X1423183,7030,45.06552,8.51504,29690.8,5.3,11.8,218.6,-44.0,0.8,-1.0,RS41-SG,404.900,9.3,250,10,2.7,,
2026-05-21T12:33:14.001Z,X1423183,7031,45.06544,8.51494,29696.3,5.8,11.2,220.2,-44.0,0.8,-1.0,RS41-SG,404.900,8.2,250,10,2.7,,
2026-05-21T12:33:15.001Z,X1423183,7032,45.06537,8.51485,29702.5,6.4,10.4,225.8,-44.0,0.8,-1.0,RS41-SG,404.900,8.5,250,10,2.7,,
2026-05-21T12:33:16.001Z,X1423183,7033,45.06531,8.51476,29708.9,6.4,9.4,233.3,-44.0,0.8,-1.0,RS41-SG,404.900,8.5,250,10,2.6,,
2026-05-21T12:33:17.001Z,X1423183,7034,45.06527,8.51466,29714.6,5.1,8.8,237.5,-44.0,0.8,-1.0,RS41-SG,404.900,8.8,250,10,2.6,,
2026-05-21T12:33:18.001Z,X1423183,7035,45.06522,8.51457,29720.0,5.7,8.3,235.8,-43.9,0.8,-1.0,RS41-SG,404.900,8.8,250,10,2.6,,
2026-05-21T12:33:19.001Z,X1423183,7036,45.06518,8.51449,29726.1,6.5,8.3,227.2,-43.7,0.8,-1.0,RS41-SG,404.900,8.0,250,10,2.7,,
2026-05-21T12:33:20.001Z,X1423183,7037,45.06512,8.51442,29732.3,5.9,9.0,217.5,-43.5,0.8,-1.0,RS41-SG,404.900,7.6,250,10,2.7,,
2026-05-21T12:33:21.001Z,X1423183,7038,45.06505,8.51435,29737.8,5.1,10.3,211.9,-43.3,0.8,-1.0,RS41-SG,404.900,8.2,250,10,2.7,,
2026-05-21T12:33:22.001Z,X1423183,7039,45.06497,8.51427,29743.1,5.4,12.1,211.9,-43.3,0.8,-1.0,RS41-SG,404.900,8.6,250,10,2.6,,
2026-05-21T12:33:25.001Z,X1423183,7042,45.06468,8.51394,29760.0,5.2,14.8,227.0,-43.1,0.8,-1.0,RS41-SG,404.900,7.6,250,10,2.7,,
2026-05-21T12:33:26.001Z,X1423183,7043,45.06459,8.51380,29765.2,5.3,13.8,230.3,-43.1,0.8,-1.0,RS41-SG,404.900,7.6,250,10,2.7,,
2026-05-21T12:33:29.001Z,X1423183,7046,45.06440,8.51349,29782.6,5.3,8.4,221.6,-42.9,0.7,-1.0,RS41-SG,404.900,7.2,250,10,2.7,,
2026-05-21T12:33:30.001Z,X1423183,7047,45.06434,8.51343,29787.5,4.5,8.0,214.6,-42.9,0.8,-1.0,RS41-SG,404.900,7.9,250,10,2.7,,
2026-05-21T12:33:31.001Z,X1423183,7048,45.06428,8.51337,29792.4,5.2,8.6,210.6,-42.9,0.8,-1.0,RS41-SG,404.900,7.9,250,10,2.6,,
2026-05-21T12:33:32.001Z,X1423183,7049,45.06421,8.51331,29798.3,6.6,10.1,212.8,-42.8,0.8,-1.0,RS41-SG,404.900,7.7,250,10,2.6,,
2026-05-21T12:33:34.001Z,X1423183,7051,45.06404,8.51313,29810.8,4.8,13.2,219.5,-42.8,0.8,-1.0,RS41-SG,404.900,7.1,250,10,2.7,,
2026-05-21T12:33:37.001Z,X1423183,7054,45.06373,8.51279,29827.9,6.8,14.9,213.2,-42.8,0.8,-1.0,RS41-SG,404.900,7.8,250,10,2.6,,
2026-05-21T12:33:38.001Z,X1423183,7055,45.06362,8.51270,29833.7,4.7,14.3,210.0,-42.7,0.8,-1.0,RS41-SG,404.900,7.8,250,10,2.6,,
2026-05-21T12:33:40.001Z,X1423183,7057,45.06340,8.51252,29844.5,6.6,13.6,211.9,-42.7,0.8,-1.0,RS41-SG,404.900,8.0,250,10,2.7,,
2026-05-21T12:33:41.001Z,X1423183,7058,45.06330,8.51242,29851.2,6.9,13.7,216.2,-42.7,0.8,-1.0,RS41-SG,404.900,8.0,250,10,2.7,,
2026-05-21T12:33:42.001Z,X1423183,7059,45.06320,8.51232,29857.3,5.3,14.0,219.9,-42.7,0.8,-1.0,RS41-SG,404.900,7.7,250,10,2.7,,
2026-05-21T12:33:47.001Z,X1423183,7064,45.06277,8.51178,29885.8,5.6,11.6,219.7,-42.4,0.8,-1.0,RS41-SG,404.900,7.5,250,10,2.7,,
2026-05-21T12:33:48.001Z,X1423183,7065,45.06269,8.51168,29892.1,7.1,12.5,221.5,-42.3,0.8,-1.0,RS41-SG,404.900,7.5,250,10,2.6,,
2026-05-21T12:33:54.001Z,X1423183,7071,45.06219,8.51089,29927.8,4.8,12.6,232.0,-42.1,0.7,-1.0,RS41-SG,404.900,7.5,250,10,2.6,,
2026-05-21T12:34:01.001Z,X1423183,7078,45.06183,8.50991,29969.7,6.8,11.3,238.5,-42.1,0.8,-1.0,RS41-SG,404.900,7.0,250,10,2.6,,
2026-05-21T12:34:02.001Z,X1423183,7079,45.06178,8.50980,29975.6,5.0,10.8,234.3,-42.1,0.8,-1.0,RS41-SG,404.900,7.2,250,10,2.6,,
2026-05-21T12:34:03.001Z,X1423183,7080,45.06172,8.50969,29980.7,5.1,10.8,231.4,-42.1,0.8,-1.0,RS41-SG,404.900,7.2,250,10,2.7,,
2026-05-21T12:34:05.001Z,X1423183,7082,45.06159,8.50945,29993.7,7.3,13.6,234.6,-42.1,0.8,-1.0,RS41-SG,404.900,7.1,250,10,2.6,,
2026-05-21T12:34:06.001Z,X1423183,7083,45.06152,8.50930,29999.9,5.0,14.8,237.2,-42.1,0.8,-1.0,RS41-SG,404.900,7.1,250,10,2.6,,
2026-05-21T12:34:08.001Z,X1423183,7085,45.06138,8.50897,30010.8,6.8,15.4,241.2,-42.0,0.8,-1.0,RS41-SG,404.900,7.5,250,10,2.7,,
2026-05-21T12:34:09.001Z,X1423183,7086,45.06131,8.50880,30017.6,6.7,14.3,241.6,-42.1,0.8,-1.0,RS41-SG,404.900,7.5,250,10,2.6,,
2026-05-21T12:34:10.001Z,X1423183,7087,45.06125,8.50865,30023.6,5.3,13.2,241.5,-42.1,0.8,-1.0,RS41-SG,404.900,7.2,250,10,2.6,,
2026-05-21T12:34:11.001Z,X1423183,7088,45.06120,8.50851,30029.1,5.7,12.5,242.6,-42.1,0.8,-1.0,RS41-SG,404.900,7.6,250,10,2.6,,
2026-05-21T12:34:12.001Z,X1423183,7089,45.06115,8.50836,30035.1,6.2,12.4,245.5,-42.0,0.8,-1.0,RS41-SG,404.900,8.0,250,10,2.7,,
2026-05-21T12:34:13.001Z,X1423183,7090,45.06111,8.50822,30041.5,6.7,12.9,248.1,-42.1,0.7,-1.0,RS41-SG,404.900,8.0,250,10,2.7,,
2026-05-21T12:34:14.001Z,X1423183,7091,45.06106,8.50806,30047.9,6.2,13.6,249.0,-42.1,0.8,-1.0,RS41-SG,404.900,7.3,250,10,2.7,,
2026-05-21T12:34:15.001Z,X1423183,7092,45.06102,8.50790,30053.7,5.2,13.8,247.5,-42.1,0.8,-1.0,RS41-SG,404.900,8.0,250,10,2.6,,
2026-05-21T12:34:18.001Z,X1423183,7095,45.06085,8.50746,30071.8,6.2,12.1,234.3,-42.2,0.8,-1.0,RS41-SG,404.900,7.6,250,10,2.7,,
2026-05-21T12:34:19.001Z,X1423183,7096,45.06079,8.50735,30077.6,5.2,11.3,233.6,-42.2,0.8,-1.0,RS41-SG,404.900,7.6,250,10,2.7,,
2026-05-21T12:34:20.001Z,X1423183,7097,45.06073,8.50723,30082.9,5.5,10.8,238.7,-42.2,0.8,-1.0,RS41-SG,404.900,7.4,250,10,2.7,,
2026-05-21T12:34:21.001Z,X1423183,7098,45.06069,8.50711,30089.1,6.8,11.0,250.5,-42.2,0.8,-1.0,RS41-SG,404.900,7.4,250,10,2.6,,
2026-05-21T12:34:25.001Z,X1423183,7102,45.06066,8.50645,30111.9,6.4,14.2,271.0,-42.3,0.8,-1.0,RS41-SG,404.900,7.4,250,10,2.7,,
2026-05-21T12:34:26.001Z,X1423183,7103,45.06066,8.50628,30118.7,7.3,13.1,266.9,-42.4,0.8,-1.0,RS41-SG,404.900,7.4,250,10,2.6,,
2026-05-21T12:34:27.001Z,X1423183,7104,45.06064,8.50612,30125.1,5.6,12.1,261.6,-42.3,0.8,-1.0,RS41-SG,404.900,7.8,250,10,2.6,,
2026-05-21T12:34:28.001Z,X1423183,7105,45.06063,8.50597,30130.3,4.7,11.5,257.1,-42.3,0.8,-1.0,RS41-SG,404.900,7.8,250,10,2.7,,
2026-05-21T12:34:29.001Z,X1423183,7106,45.06060,8.50583,30135.3,5.4,11.4,254.7,-42.3,0.8,-1.0,RS41-SG,404.900,6.9,250,10,2.7,,
2026-05-21T12:34:30.001Z,X1423183,7107,45.06057,8.50569,30141.2,6.6,11.8,256.1,-42.3,0.8,-1.0,RS41-SG,404.900,7.5,250,10,2.6,,
2026-05-21T12:34:31.001Z,X1423183,7108,45.06055,8.50554,30147.4,5.8,12.3,259.0,-42.3,0.8,-1.0,RS41-SG,404.900,7.5,250,10,2.6,,
2026-05-21T12:34:34.001Z,X1423183,7111,45.06053,8.50508,30163.6,6.2,11.2,273.5,-42.3,0.8,-1.0,RS41-SG,404.900,7.5,250,10,2.7,,
2026-05-21T12:34:36.001Z,X1423183,7113,45.06054,8.50483,30176.0,5.7,9.6,275.5,-42.4,0.8,-1.0,RS41-SG,404.900,7.0,250,10,2.6,,
2026-05-21T12:34:37.001Z,X1423183,7114,45.06055,8.50470,30181.7,5.7,9.8,270.7,-42.3,0.8,-1.0,RS41-SG,404.900,7.1,250,10,2.6,,
2026-05-21T12:34:38.001Z,X1423183,7115,45.06054,8.50457,30187.7,6.3,11.0,263.3,-42.3,0.8,-1.0,RS41-SG,404.900,7.4,250,10,2.6,,
2026-05-21T12:34:39.001Z,X1423183,7116,45.06053,8.50443,30194.3,6.8,12.7,257.7,-42.4,0.8,-1.0,RS41-SG,404.900,7.4,250,10,2.7,,
2026-05-21T12:34:40.001Z,X1423183,7117,45.06050,8.50426,30200.2,5.0,14.3,253.6,-42.3,0.8,-1.0,RS41-SG,404.900,6.8,250,10,2.7,,
2026-05-21T12:34:43.001Z,X1423183,7120,45.06035,8.50375,30216.3,7.4,12.9,243.5,-42.3,0.8,-1.0,RS41-SG,404.900,7.1,250,10,2.6,,
2026-05-21T12:34:44.001Z,X1423183,7121,45.06031,8.50362,30223.1,6.1,11.0,243.8,-42.2,0.8,-1.0,RS41-SG,404.900,7.4,250,10,2.6,,
2026-05-21T12:34:46.001Z,X1423183,7123,45.06025,8.50340,30234.6,6.1,8.1,259.6,-42.2,0.8,-1.0,RS41-SG,404.900,7.0,250,10,2.7,,
2026-05-21T12:34:47.001Z,X1423183,7124,45.06024,8.50329,30241.2,7.1,8.6,272.0,-42.1,0.7,-1.0,RS41-SG,404.900,7.7,250,10,2.7,,
2026-05-21T12:34:48.001Z,X1423183,7125,45.06025,8.50318,30247.4,5.4,9.4,278.1,-42.1,0.8,-1.0,RS41-SG,404.900,7.7,250,10,2.6,,
2026-05-21T12:34:49.001Z,X1423183,7126,45.06027,8.50306,30252.9,5.5,10.2,283.5,-42.0,0.7,-1.0,RS41-SG,404.900,6.9,250,10,2.6,,
2026-05-21T12:34:50.001Z,X1423183,7127,45.06029,8.50293,30258.7,6.3,10.4,287.2,-41.9,0.8,-1.0,RS41-SG,404.900,7.4,250,10,2.6,,
2026-05-21T12:34:51.001Z,X1423183,7128,45.06032,8.50281,30265.3,6.9,10.0,290.4,-41.9,0.8,-1.0,RS41-SG,404.900,8.2,250,10,2.7,,
2026-05-21T12:34:52.001Z,X1423183,7129,45.06035,8.50270,30271.7,5.8,9.3,290.7,-41.9,0.7,-1.0,RS41-SG,404.900,8.2,250,10,2.7,,
2026-05-21T12:34:53.001Z,X1423183,7130,45.06038,8.50259,30277.3,5.5,9.1,286.7,-41.8,0.8,-1.0,RS41-SG,404.900,6.9,250,10,2.6,,
2026-05-21T12:34:55.001Z,X1423183,7132,45.06040,8.50235,30289.1,6.4,10.8,271.5,-41.8,0.7,-1.0,RS41-SG,404.900,6.9,250,10,2.7,,
2026-05-21T12:34:56.001Z,X1423183,7133,45.06040,8.50220,30295.6,6.6,12.1,266.1,-41.7,0.8,-1.0,RS41-SG,404.900,7.3,250,10,2.7,,
2026-05-21T12:34:58.001Z,X1423183,7135,45.06038,8.50189,30307.0,5.7,12.5,261.7,-41.6,0.8,-1.0,RS41-SG,404.900,7.8,250,10,2.6,,
2026-05-21T12:35:01.001Z,X1423183,7138,45.06036,8.50152,30326.6,5.3,7.5,279.5,-41.4,0.7,-1.0,RS41-SG,404.900,7.1,250,10,2.7,,
2026-05-21T12:35:02.001Z,X1423183,7139,45.06038,8.50143,30331.9,5.1,7.2,295.6,-41.3,0.7,-1.0,RS41-SG,404.900,7.9,250,10,2.7,,
2026-05-21T12:35:03.001Z,X1423183,7140,45.06042,8.50134,30337.7,6.5,8.5,306.9,-41.3,0.7,-1.0,RS41-SG,404.900,8.0,250,10,2.6,,
2026-05-21T12:35:04.001Z,X1423183,7141,45.06047,8.50125,30344.4,6.9,10.5,307.6,-41.2,0.7,-1.0,RS41-SG,404.900,8.0,250,10,2.6,,
2026-05-21T12:35:05.001Z,X1423183,7142,45.06053,8.50114,30350.3,4.7,11.8,305.1,-41.1,0.7,-1.0,RS41-SG,404.900,7.9,250,10,2.6,,
2026-05-21T12:35:06.001Z,X1423183,7143,45.06059,8.50101,30355.2,4.9,12.8,302.1,-41.1,0.7,-1.0,RS41-SG,404.900,8.4,250,10,2.7,,
2026-05-21T12:35:07.001Z,X1423183,7144,45.06065,8.50087,30360.8,6.4,13.0,299.6,-41.0,0.7,-1.0,RS41-SG,404.900,8.4,250,10,2.7,,
2026-05-21T12:35:08.001Z,X1423183,7145,45.06070,8.50073,30367.5,7.1,12.3,297.3,-40.8,0.7,-1.0,RS41-SG,404.900,7.8,250,10,2.7,,
2026-05-21T12:35:09.001Z,X1423183,7146,45.06075,8.50059,30373.9,5.6,11.4,294.0,-40.6,0.7,-1.0,RS41-SG,404.900,7.6,250,10,2.6,,
2026-05-21T12:35:10.001Z,X1423183,7147,45.06078,8.50046,30379.6,5.6,10.9,288.0,-40.5,0.7,-1.0,RS41-SG,404.900,7.8,250,10,2.6,,
2026-05-21T12:35:11.001Z,X1423183,7148,45.06081,8.50033,30385.6,6.3,10.8,280.7,-40.4,0.7,-1.0,RS41-SG,404.900,7.8,250,10,2.6,,
2026-05-21T12:35:19.001Z,X1423183,7156,45.06090,8.49940,30434.7,6.6,7.5,302.0,-40.0,0.7,-1.0,RS41-SG,404.900,6.7,250,10,2.7,,
2026-05-21T12:35:22.001Z,X1423183,7159,45.06100,8.49909,30453.0,5.4,10.1,287.2,-39.9,0.7,-1.0,RS41-SG,404.900,6.9,250,10,2.7,,
2026-05-21T12:35:26.001Z,X1423183,7163,45.06106,8.49863,30478.1,5.5,8.2,270.2,-39.8,0.7,-1.0,RS41-SG,404.900,7.2,250,10,2.6,,
2026-05-21T12:35:27.001Z,X1423183,7164,45.06106,8.49853,30483.8,5.8,8.6,268.4,-39.8,0.7,-1.0,RS41-SG,404.900,7.8,250,10,2.7,,
2026-05-21T12:35:28.001Z,X1423183,7165,45.06105,8.49841,30490.0,6.7,9.6,269.1,-39.9,0.7,-1.0,RS41-SG,404.900,7.8,250,10,2.7,,
2026-05-21T12:35:30.001Z,X1423183,7167,45.06106,8.49815,30502.5,5.6,11.2,275.4,-39.9,0.7,-1.0,RS41-SG,404.900,7.0,250,10,2.6,,
2026-05-21T12:35:31.001Z,X1423183,7168,45.06108,8.49801,30508.4,6.1,11.0,281.2,-39.9,0.7,-1.0,RS41-SG,404.900,7.0,250,10,2.6,,
2026-05-21T12:35:34.001Z,X1423183,7171,45.06117,8.49770,30527.6,4.7,7.3,308.3,-40.0,0.7,-1.0,RS41-SG,404.900,6.8,250,10,2.7,,
2026-05-21T12:35:36.001Z,X1423183,7173,45.06125,8.49756,30538.9,7.0,7.1,304.5,-39.9,0.7,-1.0,RS41-SG,404.900,6.7,250,10,2.6,,
2026-05-21T12:35:39.001Z,X1423183,7176,45.06131,8.49726,30558.7,5.5,9.7,271.8,-39.8,0.7,-1.0,RS41-SG,404.900,7.0,250,10,2.7,,
2026-05-21T12:35:40.001Z,X1423183,7177,45.06131,8.49713,30564.6,6.4,10.1,263.5,-39.8,0.7,-1.0,RS41-SG,404.900,7.1,250,10,2.7,,
2026-05-21T12:35:42.001Z,X1423183,7179,45.06127,8.49690,30577.9,5.7,9.3,251.4,-39.8,0.7,-1.0,RS41-SG,404.900,7.3,250,10,2.6,,
2026-05-21T12:35:43.001Z,X1423183,7180,45.06124,8.49679,30583.3,5.0,9.0,248.3,-39.8,0.7,-1.0,RS41-SG,404.900,7.8,250,10,2.6,,
2026-05-21T12:35:44.001Z,X1423183,7181,45.06121,8.49668,30588.7,5.8,9.3,249.1,-39.8,0.7,-1.0,RS41-SG,404.900,7.8,250,10,2.6,,
2026-05-21T12:35:46.001Z,X1423183,7183,45.06116,8.49644,30602.1,7.3,10.9,258.3,-39.9,0.7,-1.0,RS41-SG,404.900,6.4,250,10,2.7,,
2026-05-21T12:35:47.001Z,X1423183,7184,45.06114,8.49630,30608.7,5.8,11.4,262.9,-39.9,0.7,-1.0,RS41-SG,404.900,7.3,250,10,2.6,,
2026-05-21T12:35:50.001Z,X1423183,7187,45.06115,8.49590,30628.2,7.3,8.6,286.7,-40.0,0.7,-1.0,RS41-SG,404.900,7.0,250,10,2.7,,
2026-05-21T12:35:51.001Z,X1423183,7188,45.06118,8.49581,30634.7,5.6,7.6,296.6,-40.0,0.7,-1.0,RS41-SG,404.900,7.5,250,10,2.6,,
2026-05-21T12:35:52.001Z,X1423183,7189,45.06121,8.49573,30639.8,4.6,7.1,302.9,-40.0,0.7,-1.0,RS41-SG,404.900,7.5,250,10,2.6,,
2026-05-21T12:35:53.001Z,X1423183,7190,45.06125,8.49565,30644.7,5.2,7.1,302.5,-40.1,0.7,-1.0,RS41-SG,404.900,6.8,250,10,2.7,,
2026-05-21T12:35:54.001Z,X1423183,7191,45.06128,8.49557,30650.0,5.6,7.8,294.5,-39.9,0.7,-1.0,RS41-SG,404.900,7.5,250,10,2.7,,
2026-05-21T12:35:55.001Z,X1423183,7192,45.06131,8.49547,30656.2,6.6,9.2,286.8,-39.8,0.7,-1.0,RS41-SG,404.900,7.5,250,10,2.6,,
2026-05-21T12:35:56.001Z,X1423183,7193,45.06133,8.49535,30662.5,6.2,10.6,282.2,-39.8,0.7,-1.0,RS41-SG,404.900,7.0,250,10,2.6,,
2026-05-21T12:36:00.001Z,X1423183,7197,45.06143,8.49482,30687.2,7.4,9.0,297.6,-39.7,0.7,-1.0,RS41-SG,404.900,7.6,250,10,2.7,,
2026-05-21T12:36:01.001Z,X1423183,7198,45.06147,8.49473,30693.6,5.3,7.7,307.3,-39.8,0.7,-1.0,RS41-SG,404.900,7.6,250,10,2.6,,
2026-05-21T12:36:03.001Z,X1423183,7200,45.06155,8.49461,30704.1,6.1,6.3,319.7,-39.7,0.7,-1.0,RS41-SG,404.900,7.9,250,10,2.6,,
2026-05-21T12:36:04.001Z,X1423183,7201,45.06160,8.49455,30710.9,7.3,6.3,312.1,-39.6,0.7,-1.0,RS41-SG,404.900,7.9,250,10,2.7,,
2026-05-21T12:36:05.001Z,X1423183,7202,45.06163,8.49449,30717.3,5.6,6.8,303.4,-39.7,0.7,-1.0,RS41-SG,404.900,8.0,250,10,2.7,,
2026-05-21T12:36:06.001Z,X1423183,7203,45.06166,8.49441,30722.6,5.2,7.4,297.7,-39.8,0.7,-1.0,RS41-SG,404.900,8.0,250,10,2.7,,
2026-05-21T12:36:07.001Z,X1423183,7204,45.06169,8.49432,30728.1,5.8,8.0,297.2,-39.8,0.7,-1.0,RS41-SG,404.900,7.4,250,10,2.6,,
2026-05-21T12:36:08.001Z,X1423183,7205,45.06173,8.49424,30734.3,6.6,8.1,300.9,-39.7,0.7,-1.0,RS41-SG,404.900,7.9,250,10,2.6,,
2026-05-21T12:36:09.001Z,X1423183,7206,45.06177,8.49415,30741.0,6.7,8.2,306.6,-39.7,0.7,-1.0,RS41-SG,404.900,7.9,250,10,2.6,,
2026-05-21T12:36:10.001Z,X1423183,7207,45.06182,8.49407,30747.1,5.6,8.4,309.7,-39.8,0.7,-1.0,RS41-SG,404.900,7.8,250,10,2.7,,
2026-05-21T12:36:11.001Z,X1423183,7208,45.06187,8.49398,30752.8,5.8,9.1,309.7,-39.8,0.7,-1.0,RS41-SG,404.900,7.8,250,10,2.7,,
2026-05-21T12:36:12.001Z,X1423183,7209,45.06192,8.49389,30759.1,6.8,10.1,305.7,-39.7,0.7,-1.0,RS41-SG,404.900,7.7,250,10,2.7,,
2026-05-21T12:36:13.001Z,X1423183,7210,45.06197,8.49378,30765.9,6.8,10.8,300.9,-39.7,0.7,-1.0,RS41-SG,404.900,7.4,250,10,2.6,,
2026-05-21T12:36:14.001Z,X1423183,7211,45.06202,8.49366,30772.0,5.4,10.8,297.1,-39.7,0.7,-1.0,RS41-SG,404.900,7.5,250,10,2.6,,
2026-05-21T12:36:15.001Z,X1423183,7212,45.06206,8.49354,30777.6,5.8,9.9,293.7,-39.8,0.7,-1.0,RS41-SG,404.900,7.5,250,10,2.6,,
2026-05-21T12:36:16.001Z,X1423183,7213,45.06209,8.49344,30783.9,6.9,7.8,293.4,-39.8,0.7,-1.0,RS41-SG,404.900,7.2,250,10,2.7,,
2026-05-21T12:36:17.001Z,X1423183,7214,45.06211,8.49336,30790.6,6.6,5.6,297.0,-39.8,0.7,-1.0,RS41-SG,404.900,7.2,250,10,2.7,,
2026-05-21T12:36:18.001Z,X1423183,7215,45.06214,8.49331,30796.4,5.0,4.1,303.2,-39.8,0.7,-1.0,RS41-SG,404.900,8.5,250,10,2.7,,
2026-05-21T12:36:19.001Z,X1423183,7216,45.06215,8.49327,30801.8,5.7,3.2,307.6,-39.8,0.7,-1.0,RS41-SG,404.900,9.0,250,10,2.6,,
2026-05-21T12:36:20.001Z,X1423183,7217,45.06217,8.49323,30808.2,7.1,3.5,298.9,-39.8,0.7,-1.0,RS41-SG,404.900,9.0,250,10,2.6,,
2026-05-21T12:36:21.001Z,X1423183,7218,45.06219,8.49319,30815.4,7.2,4.8,291.9,-39.8,0.7,-1.0,RS41-SG,404.900,8.4,250,10,2.6,,
2026-05-21T12:36:22.001Z,X1423183,7219,45.06220,8.49312,30821.7,5.4,6.3,290.2,-39.9,0.7,-1.0,RS41-SG,404.900,8.4,250,10,2.7,,
2026-05-21T12:36:25.001Z,X1423183,7222,45.06229,8.49284,30839.0,7.0,8.8,299.4,-40.0,0.7,-1.0,RS41-SG,404.900,8.2,250,10,2.6,,
2026-05-21T12:36:26.001Z,X1423183,7223,45.06233,8.49275,30845.5,5.9,8.7,302.1,-40.1,0.7,-1.0,RS41-SG,404.900,8.3,250,10,2.7,,
2026-05-21T12:36:27.001Z,X1423183,7224,45.06237,8.49266,30851.3,5.6,8.7,301.0,-40.1,0.7,-1.0,RS41-SG,404.900,8.3,250,10,2.7,,
2026-05-21T12:36:28.001Z,X1423183,7225,45.06241,8.49256,30857.2,6.2,8.7,294.7,-40.1,0.7,-1.0,RS41-SG,404.900,8.8,250,10,2.6,,
2026-05-21T12:36:29.001Z,X1423183,7226,45.06244,8.49245,30863.6,6.6,9.0,286.2,-40.2,0.7,-1.0,RS41-SG,404.900,8.9,250,10,2.6,,
2026-05-21T12:36:30.001Z,X1423183,7227,45.06245,8.49234,30870.0,6.3,9.5,275.4,-40.2,0.7,-1.0,RS41-SG,404.900,8.9,250,10,2.7,,
2026-05-21T12:36:31.001Z,X1423183,7228,45.06245,8.49222,30876.0,5.7,9.6,267.4,-40.3,0.8,-1.0,RS41-SG,404.900,8.3,250,10,2.7,,
2026-05-21T12:36:32.001Z,X1423183,7229,45.06245,8.49210,30881.6,5.5,8.9,261.3,-40.3,0.7,-1.0,RS41-SG,404.900,7.7,250,10,2.6,,
2026-05-21T12:36:33.001Z,X1423183,7230,45.06243,8.49200,30887.5,6.3,7.1,255.1,-40.3,0.7,-1.0,RS41-SG,404.900,8.5,250,10,2.6,,
2026-05-21T12:36:34.001Z,X1423183,7231,45.06242,8.49193,30894.0,6.8,4.6,252.8,-40.4,0.7,-1.0,RS41-SG,404.900,8.5,250,10,2.6,,
2026-05-21T12:36:37.001Z,X1423183,7234,45.06244,8.49185,30912.8,5.4,3.6,338.5,-40.5,0.8,-1.0,RS41-SG,404.900,7.8,250,10,2.7,,
2026-05-21T12:36:38.001Z,X1423183,7235,45.06248,8.49182,30918.8,6.5,6.3,331.4,-40.4,0.7,-1.0,RS41-SG,404.900,9.3,250,10,2.6,,
2026-05-21T12:36:39.001Z,X1423183,7236,45.06253,8.49177,30925.7,7.3,9.2,319.2,-40.4,0.7,-1.0,RS41-SG,404.900,9.3,250,10,2.6,,
2026-05-21T12:36:40.001Z,X1423183,7237,45.06260,8.49168,30932.1,5.5,11.1,309.6,-40.4,0.8,-1.0,RS41-SG,404.900,8.1,250,10,2.6,,
2026-05-21T12:36:41.001Z,X1423183,7238,45.06266,8.49155,30937.2,4.5,12.6,300.9,-40.5,0.8,-1.0,RS41-SG,404.900,8.0,250,10,2.7,,
2026-05-21T12:36:42.001Z,X1423183,7239,45.06271,8.49141,30942.5,6.1,12.9,290.6,-40.6,0.7,-1.0,RS41-SG,404.900,8.0,250,10,2.7,,
2026-05-21T12:36:45.001Z,X1423183,7242,45.06274,8.49101,30962.0,5.3,8.3,255.7,-40.6,0.7,-1.0,RS41-SG,404.900,8.3,250,10,2.6,,
2026-05-21T12:36:46.001Z,X1423183,7243,45.06271,8.49092,30967.0,4.6,7.6,238.9,-40.6,0.7,-1.0,RS41-SG,404.900,8.3,250,10,2.6,,
2026-05-21T12:36:47.001Z,X1423183,7244,45.06267,8.49084,30972.0,5.2,7.6,225.2,-40.6,0.8,-1.0,RS41-SG,404.900,8.8,250,10,2.7,,
2026-05-21T12:36:48.001Z,X1423183,7245,45.06262,8.49078,30978.0,6.8,7.6,220.8,-40.7,0.8,-1.0,RS41-SG,404.900,8.8,250,10,2.7,,
2026-05-21T12:36:49.001Z,X1423183,7246,45.06257,8.49071,30985.1,7.5,6.8,229.1,-40.7,0.7,-1.0,RS41-SG,404.900,7.4,250,10,2.7,,
2026-05-21T12:36:50.001Z,X1423183,7247,45.06254,8.49064,30992.5,7.2,6.1,252.1,-40.7,0.8,-1.0,RS41-SG,404.900,8.0,250,10,2.6,,
2026-05-21T12:36:51.001Z,X1423183,7248,45.06254,8.49057,30999.3,6.3,6.6,285.7,-40.7,0.7,-1.0,RS41-SG,404.900,8.5,250,10,2.6,,
2026-05-21T12:36:52.001Z,X1423183,7249,45.06258,8.49048,31005.1,5.4,8.8,310.0,-40.7,0.7,-1.0,RS41-SG,404.900,9.0,250,10,2.6,,
2026-05-21T12:36:53.001Z,X1423183,7250,45.06264,8.49040,31010.0,4.2,11.2,322.2,-40.9,0.7,-1.0,RS41-SG,404.900,9.0,250,10,2.7,,
2026-05-21T12:36:54.001Z,X1423183,7251,45.06273,8.49031,31014.1,4.1,12.6,327.7,-41.0,0.8,-1.0,RS41-SG,404.900,8.8,250,10,2.7,,
2026-05-21T12:36:55.001Z,X1423183,7252,45.06282,8.49023,31019.3,6.4,12.2,326.7,-41.0,0.8,-1.0,RS41-SG,404.900,7.9,250,10,2.7,,
2026-05-21T12:36:56.001Z,X1423183,7253,45.06290,8.49014,31026.8,8.5,10.1,317.7,-40.9,0.7,-1.0,RS41-SG,404.900,7.5,250,10,2.6,,
2026-05-21T12:36:57.001Z,X1423183,7254,45.06295,8.49005,31034.9,7.7,8.1,300.0,-40.9,0.7,-1.0,RS41-SG,404.900,7.5,250,10,2.6,,
2026-05-21T12:36:58.001Z,X1423183,7255,45.06298,8.48996,31041.2,5.0,7.3,279.2,-40.9,0.7,-1.0,RS41-SG,404.900,8.5,250,10,2.6,,
2026-05-21T12:36:59.001Z,X1423183,7256,45.06297,8.48987,31045.9,4.5,7.3,258.1,-40.9,0.7,-1.0,RS41-SG,404.900,8.5,250,10,2.7,,
2026-05-21T12:37:00.001Z,X1423183,7257,45.06295,8.48979,31051.2,6.1,7.4,243.2,-40.9,0.7,-1.0,RS41-SG,404.900,8.3,250,10,2.7,,
2026-05-21T12:37:08.001Z,X1423183,7265,45.06301,8.48918,31103.0,6.4,9.1,317.7,-40.7,0.7,-1.0,RS41-SG,404.900,8.3,250,10,2.6,,
2026-05-21T12:37:09.001Z,X1423183,7266,45.06307,8.48911,31109.3,6.1,9.6,324.7,-40.7,0.7,-1.0,RS41-SG,404.900,8.3,250,10,2.7,,
2026-05-21T12:37:10.001Z,X1423183,7267,45.06314,8.48904,31115.4,6.1,9.3,327.4,-40.8,0.7,-1.0,RS41-SG,404.900,8.1,250,10,2.7,,
2026-05-21T12:37:11.001Z,X1423183,7268,45.06321,8.48898,31122.1,7.3,7.6,322.4,-40.8,0.7,-1.0,RS41-SG,404.900,8.1,250,10,2.6,,
2026-05-21T12:37:12.001Z,X1423183,7269,45.06325,8.48892,31129.5,7.6,5.5,302.5,-40.9,0.8,-1.0,RS41-SG,404.900,7.1,250,10,2.6,,
2026-05-21T12:37:13.001Z,X1423183,7270,45.06326,8.48886,31136.8,6.8,5.0,267.0,-40.8,0.7,-1.0,RS41-SG,404.900,7.9,250,10,2.7,,
2026-05-21T12:37:14.001Z,X1423183,7271,45.06324,8.48879,31142.5,4.7,6.0,241.9,-40.8,0.7,-1.0,RS41-SG,404.900,8.2,250,10,2.7,,
2026-05-21T12:37:15.001Z,X1423183,7272,45.06321,8.48873,31146.7,3.7,7.3,231.9,-40.7,0.7,-1.0,RS41-SG,404.900,8.5,250,10,2.6,,
2026-05-21T12:37:16.001Z,X1423183,7273,45.06317,8.48865,31151.2,5.2,7.7,229.4,-40.7,0.7,-1.0,RS41-SG,404.900,8.5,250,10,2.6,,
2026-05-21T12:37:17.001Z,X1423183,7274,45.06313,8.48858,31157.5,7.3,6.7,237.7,-40.7,0.7,-1.0,RS41-SG,404.900,8.5,250,10,2.7,,
2026-05-21T12:37:18.001Z,X1423183,7275,45.06311,8.48851,31165.1,7.8,5.3,256.6,-40.8,0.7,-1.0,RS41-SG,404.900,8.5,250,10,2.7,,
2026-05-21T12:37:19.001Z,X1423183,7276,45.06311,8.48845,31171.7,5.6,4.8,281.7,-40.8,0.7,-1.0,RS41-SG,404.900,8.4,250,10,2.6,,
2026-05-21T12:37:20.001Z,X1423183,7277,45.06313,8.48839,31176.9,4.8,5.4,303.7,-40.8,0.7,-1.0,RS41-SG,404.900,8.9,250,10,2.6,,
2026-05-21T12:37:21.001Z,X1423183,7278,45.06316,8.48834,31182.2,5.8,6.4,313.6,-40.8,0.7,-1.0,RS41-SG,404.900,8.9,250,10,2.6,,
2026-05-21T12:37:22.001Z,X1423183,7279,45.06320,8.48827,31188.6,6.9,7.0,313.6,-40.8,0.7,-1.0,RS41-SG,404.900,8.5,250,10,2.7,,
2026-05-21T12:37:23.001Z,X1423183,7280,45.06324,8.48821,31195.0,5.9,6.9,309.8,-40.8,0.7,-1.0,RS41-SG,404.900,8.4,250,10,2.7,,
2026-05-21T12:37:24.001Z,X1423183,7281,45.06328,8.48814,31200.9,5.9,6.3,307.8,-40.8,0.7,-1.0,RS41-SG,404.900,8.3,250,10,2.7,,
2026-05-21T12:37:25.001Z,X1423183,7282,45.06331,8.48809,31207.3,6.9,5.3,309.2,-40.8,0.7,-1.0,RS41-SG,404.900,8.4,250,10,2.6,,
2026-05-21T12:37:26.001Z,X1423183,7283,45.06334,8.48804,31214.3,7.2,4.2,315.7,-40.8,0.7,-1.0,RS41-SG,404.900,8.4,250,10,2.6,,
2026-05-21T12:37:27.001Z,X1423183,7284,45.06336,8.48801,31220.8,5.8,3.6,321.6,-40.8,0.7,-1.0,RS41-SG,404.900,8.6,250,10,2.6,,
2026-05-21T12:37:28.001Z,X1423183,7285,45.06339,8.48798,31226.7,5.9,3.0,315.2,-40.7,0.7,-1.0,RS41-SG,404.900,10.2,250,10,2.7,,
2026-05-21T12:37:29.001Z,X1423183,7286,45.06340,8.48795,31233.0,6.7,2.7,291.5,-40.7,0.7,-1.0,RS41-SG,404.900,10.2,250,10,2.7,,
2026-05-21T12:37:30.001Z,X1423183,7287,45.06340,8.48791,31239.8,7.1,3.8,269.9,-40.6,0.7,-1.0,RS41-SG,404.900,9.0,250,10,2.7,,
2026-05-21T12:37:31.001Z,X1423183,7288,45.06340,8.48786,31246.5,6.2,5.1,267.0,-40.4,0.7,-1.0,RS41-SG,404.900,8.6,250,10,2.6,,
2026-05-21T12:37:32.001Z,X1423183,7289,45.06340,8.48779,31252.8,6.3,6.2,276.0,-40.4,0.7,-1.0,RS41-SG,404.900,7.4,250,10,2.6,,
2026-05-21T12:37:33.001Z,X1423183,7290,45.06342,8.48771,31259.5,6.9,7.2,291.4,-40.3,0.7,-1.0,RS41-SG,404.900,8.4,250,10,2.6,,
2026-05-21T12:37:34.001Z,X1423183,7291,45.06345,8.48762,31266.5,7.1,8.4,308.4,-40.3,0.7,-1.0,RS41-SG,404.900,8.5,250,10,2.7,,
2026-05-21T12:37:35.001Z,X1423183,7292,45.06351,8.48754,31272.9,5.7,9.6,319.7,-40.2,0.7,-1.0,RS41-SG,404.900,8.6,250,10,2.7,,
2026-05-21T12:37:36.001Z,X1423183,7293,45.06358,8.48747,31278.0,4.5,10.6,326.8,-40.3,0.7,-1.0,RS41-SG,404.900,8.8,250,10,2.7,,
2026-05-21T12:37:37.001Z,X1423183,7294,45.06366,8.48739,31282.9,5.2,11.2,328.5,-40.3,0.7,-1.0,RS41-SG,404.900,8.8,250,10,2.6,,
2026-05-21T12:37:38.001Z,X1423183,7295,45.06375,8.48732,31288.8,6.7,10.8,324.7,-40.2,0.7,-1.0,RS41-SG,404.900,8.8,250,10,2.6,,
2026-05-21T12:37:39.001Z,X1423183,7296,45.06382,8.48723,31296.0,7.8,9.8,316.7,-40.2,0.7,-1.0,RS41-SG,404.900,8.4,250,10,2.6,,
2026-05-21T12:37:40.001Z,X1423183,7297,45.06387,8.48715,31303.0,6.1,8.6,307.6,-40.1,0.7,-1.0,RS41-SG,404.900,8.4,250,10,2.7,,
2026-05-21T12:37:41.001Z,X1423183,7298,45.06391,8.48706,31308.6,5.3,7.2,297.9,-40.1,0.7,-1.0,RS41-SG,404.900,8.4,250,10,2.7,,
2026-05-21T12:37:42.001Z,X1423183,7299,45.06394,8.48699,31314.2,5.9,5.5,290.6,-40.0,0.7,-1.0,RS41-SG,404.900,8.5,250,10,2.7,,
2026-05-21T12:37:43.001Z,X1423183,7300,45.06395,8.48694,31320.6,7.1,4.0,292.5,-40.0,0.7,-1.0,RS41-SG,404.900,8.5,250,10,2.6,,
2026-05-21T12:37:44.001Z,X1423183,7301,45.06397,8.48690,31327.2,6.0,3.3,305.2,-40.0,0.7,-1.0,RS41-SG,404.900,8.4,250,10,2.6,,
2026-05-21T12:37:45.001Z,X1423183,7302,45.06399,8.48686,31333.1,5.7,3.7,317.3,-39.9,0.7,-1.0,RS41-SG,404.900,8.5,250,10,2.6,,
2026-05-21T12:37:46.001Z,X1423183,7303,45.06402,8.48682,31339.3,6.7,5.2,318.3,-39.9,0.7,-1.0,RS41-SG,404.900,8.6,250,10,2.7,,
2026-05-21T12:37:47.001Z,X1423183,7304,45.06405,8.48677,31346.3,7.3,6.9,311.3,-40.0,0.7,-1.0,RS41-SG,404.900,8.6,250,10,2.7,,
2026-05-21T12:37:48.001Z,X1423183,7305,45.06410,8.48669,31352.9,6.0,8.6,306.2,-40.0,0.7,-1.0,RS41-SG,404.900,8.8,250,10,2.7,,
2026-05-21T12:37:49.001Z,X1423183,7306,45.06415,8.48660,31358.3,4.7,9.9,304.8,-40.0,0.7,-1.0,RS41-SG,404.900,8.8,250,10,2.6,,
2026-05-21T12:37:50.001Z,X1423183,7307,45.06420,8.48649,31363.5,5.6,10.7,306.3,-40.1,0.7,-1.0,RS41-SG,404.900,7.8,250,10,2.6,,
2026-05-21T12:37:51.001Z,X1423183,7308,45.06426,8.48639,31369.8,7.1,10.6,311.0,-40.1,0.7,-1.0,RS41-SG,404.900,7.8,250,10,2.6,,
2026-05-21T12:37:52.001Z,X1423183,7309,45.06432,8.48629,31376.6,6.5,9.7,316.1,-40.2,0.7,-1.0,RS41-SG,404.900,8.1,250,10,2.7,,
2026-05-21T12:37:53.001Z,X1423183,7310,45.06438,8.48622,31382.7,5.8,8.5,319.7,-40.2,0.7,-1.0,RS41-SG,404.900,8.7,250,10,2.7,,
2026-05-21T12:37:54.001Z,X1423183,7311,45.06444,8.48615,31388.9,6.5,7.1,319.2,-40.2,0.7,-1.0,RS41-SG,404.900,9.2,250,10,2.7,,
2026-05-21T12:37:55.001Z,X1423183,7312,45.06448,8.48610,31395.8,7.3,5.9,309.6,-40.2,0.7,-1.0,RS41-SG,404.900,9.4,250,10,2.6,,
2026-05-21T12:37:56.001Z,X1423183,7313,45.06450,8.48604,31402.5,6.1,5.3,297.3,-40.3,0.7,-1.0,RS41-SG,404.900,9.4,250,10,2.6,,
2026-05-21T12:37:57.001Z,X1423183,7314,45.06452,8.48598,31408.2,5.3,4.8,286.4,-40.2,0.7,-1.0,RS41-SG,404.900,9.4,250,10,2.6,,
2026-05-21T12:37:58.001Z,X1423183,7315,45.06453,8.48592,31414.0,6.3,4.1,282.8,-40.2,0.7,-1.0,RS41-SG,404.900,8.7,250,10,2.7,,
2026-05-21T12:37:59.001Z,X1423183,7316,45.06454,8.48588,31420.6,7.0,3.3,295.3,-40.1,0.7,-1.0,RS41-SG,404.900,8.8,250,10,2.7,,
2026-05-21T12:38:00.001Z,X1423183,7317,45.06456,8.48585,31427.1,5.9,3.1,317.3,-40.0,0.7,-1.0,RS41-SG,404.900,8.9,250,10,2.7,,
2026-05-21T12:38:01.001Z,X1423183,7318,45.06458,8.48582,31432.8,5.5,3.6,328.4,-40.0,0.7,-1.0,RS41-SG,404.900,8.9,250,10,2.6,,
2026-05-21T12:38:02.001Z,X1423183,7319,45.06461,8.48580,31438.8,6.5,4.5,325.2,-39.9,0.7,-1.0,RS41-SG,404.900,8.8,250,10,2.6,,
2026-05-21T12:38:03.001Z,X1423183,7320,45.06465,8.48575,31445.7,7.3,5.4,313.2,-39.9,0.7,-1.0,RS41-SG,404.900,8.9,250,10,2.6,,
2026-05-21T12:38:04.001Z,X1423183,7321,45.06468,8.48570,31452.6,6.6,6.5,303.4,-39.9,0.7,-1.0,RS41-SG,404.900,8.9,250,10,2.7,,
2026-05-21T12:38:05.001Z,X1423183,7322,45.06471,8.48562,31458.5,5.2,7.3,299.2,-39.9,0.7,-1.0,RS41-SG,404.900,8.5,250,10,2.7,,
2026-05-21T12:38:06.001Z,X1423183,7323,45.06474,8.48554,31463.9,5.7,7.7,300.3,-39.9,0.7,-1.0,RS41-SG,404.900,7.8,250,10,2.7,,
2026-05-21T12:38:07.001Z,X1423183,7324,45.06478,8.48546,31470.0,6.5,7.5,305.8,-39.9,0.7,-1.0,RS41-SG,404.900,8.0,250,10,2.6,,
2026-05-21T12:38:08.001Z,X1423183,7325,45.06482,8.48539,31476.8,6.9,6.9,314.8,-39.9,0.7,-1.0,RS41-SG,404.900,8.0,250,10,2.6,,
2026-05-21T12:38:09.001Z,X1423183,7326,45.06487,8.48533,31483.2,5.8,6.1,323.1,-39.9,0.7,-1.0,RS41-SG,404.900,7.7,250,10,2.6,,
2026-05-21T12:38:10.001Z,X1423183,7327,45.06491,8.48529,31489.0,5.7,5.2,327.2,-39.9,0.7,-1.0,RS41-SG,404.900,9.1,250,10,2.7,,
2026-05-21T12:38:11.001Z,X1423183,7328,45.06494,8.48526,31494.8,6.0,4.0,320.2,-39.9,0.7,-1.0,RS41-SG,404.900,9.1,250,10,2.7,,
2026-05-21T12:38:12.001Z,X1423183,7329,45.06496,8.48522,31501.1,6.7,3.5,301.2,-40.0,0.7,-1.0,RS41-SG,404.900,9.1,250,10,2.7,,
2026-05-21T12:38:13.001Z,X1423183,7330,45.06497,8.48518,31507.8,6.6,3.7,280.3,-39.9,0.7,-1.0,RS41-SG,404.900,8.6,250,10,2.6,,
2026-05-21T12:38:14.001Z,X1423183,7331,45.06498,8.48513,31513.8,5.3,4.0,275.3,-39.9,0.7,-1.0,RS41-SG,404.900,7.8,250,10,2.6,,
2026-05-21T12:38:15.001Z,X1423183,7332,45.06498,8.48508,31519.3,5.8,3.9,284.4,-39.9,0.7,-1.0,RS41-SG,404.900,7.7,250,10,2.6,,
2026-05-21T12:38:16.001Z,X1423183,7333,45.06500,8.48504,31525.7,6.8,4.0,309.7,-39.8,0.7,-1.0,RS41-SG,404.900,7.7,250,10,2.7,,
2026-05-21T12:38:17.001Z,X1423183,7334,45.06503,8.48501,31532.7,7.2,5.1,336.0,-39.8,0.7,-1.0,RS41-SG,404.900,8.4,250,10,2.7,,
2026-05-21T12:38:18.001Z,X1423183,7335,45.06508,8.48499,31538.9,5.2,6.6,347.5,-39.9,0.7,-1.0,RS41-SG,404.900,8.4,250,10,2.7,,
2026-05-21T12:38:19.001Z,X1423183,7336,45.06515,8.48497,31544.0,5.1,7.7,351.7,-39.9,0.7,-1.0,RS41-SG,404.900,8.1,250,10,2.6,,
2026-05-21T12:38:20.001Z,X1423183,7337,45.06521,8.48495,31549.9,6.7,7.9,349.5,-39.8,0.7,-1.0,RS41-SG,404.900,8.1,250,10,2.6,,
2026-05-21T12:38:21.001Z,X1423183,7338,45.06528,8.48493,31557.2,7.8,7.0,339.2,-39.7,0.7,-1.0,RS41-SG,404.900,8.1,250,10,2.6,,
2026-05-21T12:38:22.001Z,X1423183,7339,45.06533,8.48489,31564.2,6.0,5.8,326.9,-39.5,0.7,-1.0,RS41-SG,404.900,8.0,250,10,2.7,,
2026-05-21T12:38:23.001Z,X1423183,7340,45.06536,8.48485,31569.7,5.2,4.7,311.9,-39.4,0.7,-1.0,RS41-SG,404.900,8.0,250,10,2.7,,
2026-05-21T12:38:24.001Z,X1423183,7341,45.06539,8.48481,31575.4,6.1,3.5,295.8,-39.2,0.7,-1.0,RS41-SG,404.900,7.9,250,10,2.7,,
2026-05-21T12:38:25.001Z,X1423183,7342,45.06540,8.48478,31581.8,6.9,2.2,288.2,-39.0,0.7,-1.0,RS41-SG,404.900,8.4,250,10,2.6,,
2026-05-21T12:38:26.001Z,X1423183,7343,45.06540,8.48476,31588.2,5.7,1.4,283.1,-38.9,0.6,-1.0,RS41-SG,404.900,8.4,250,10,2.6,,
2026-05-21T12:38:27.001Z,X1423183,7344,45.06540,8.48474,31594.0,5.8,0.8,268.0,-38.8,0.6,-1.0,RS41-SG,404.900,8.4,250,10,2.6,,
2026-05-21T12:38:28.001Z,X1423183,7345,45.06540,8.48473,31600.1,6.3,1.0,254.5,-38.6,0.6,-1.0,RS41-SG,404.900,8.4,250,10,2.7,,
2026-05-21T12:38:29.001Z,X1423183,7346,45.06540,8.48471,31606.7,6.8,1.7,248.1,-38.5,0.6,-1.0,RS41-SG,404.900,8.3,250,10,2.7,,
2026-05-21T12:38:30.001Z,X1423183,7347,45.06539,8.48469,31613.6,7.0,2.5,258.1,-38.4,0.6,-1.0,RS41-SG,404.900,8.2,250,10,2.7,,
2026-05-21T12:38:31.001Z,X1423183,7348,45.06539,8.48465,31620.1,6.0,3.0,273.8,-38.3,0.6,-1.0,RS41-SG,404.900,7.9,250,10,2.6,,
2026-05-21T12:38:32.001Z,X1423183,7349,45.06540,8.48461,31625.8,5.4,3.6,295.8,-38.2,0.6,-1.0,RS41-SG,404.900,7.9,250,10,2.6,,
2026-05-21T12:38:34.001Z,X1423183,7351,45.06546,8.48454,31637.4,6.1,6.3,335.7,-38.2,0.6,-1.0,RS41-SG,404.900,7.1,250,10,2.7,,
2026-05-21T12:38:35.001Z,X1423183,7352,45.06552,8.48451,31643.4,5.9,7.7,343.5,-38.2,0.6,-1.0,RS41-SG,404.900,7.5,250,10,2.7,,
2026-05-21T12:38:36.001Z,X1423183,7353,45.06559,8.48448,31649.2,5.5,8.4,345.4,-38.2,0.6,-1.0,RS41-SG,404.900,7.5,250,10,2.7,,
2026-05-21T12:38:37.001Z,X1423183,7354,45.06566,8.48445,31654.9,6.0,8.0,341.1,-38.3,0.6,-1.0,RS41-SG,404.900,7.5,250,10,2.6,,
2026-05-21T12:38:38.001Z,X1423183,7355,45.06572,8.48441,31661.4,7.1,6.4,326.6,-38.3,0.7,-1.0,RS41-SG,404.900,8.3,250,10,2.6,,
2026-05-21T12:38:39.001Z,X1423183,7356,45.06575,8.48436,31668.6,7.3,4.8,296.3,-38.4,0.6,-1.0,RS41-SG,404.900,8.4,250,10,2.6,,
2026-05-21T12:38:40.001Z,X1423183,7357,45.06576,8.48431,31675.1,5.6,4.8,261.2,-38.4,0.7,-1.0,RS41-SG,404.900,8.4,250,9,2.7,,
2026-05-21T12:38:41.001Z,X1423183,7358,45.06574,8.48425,31679.9,4.2,5.5,236.4,-38.4,0.7,-1.0,RS41-SG,404.900,8.1,250,10,2.7,,
2026-05-21T12:38:42.001Z,X1423183,7359,45.06571,8.48419,31684.6,5.2,5.9,218.6,-38.5,0.6,-1.0,RS41-SG,404.900,8.1,250,10,2.7,,
2026-05-21T12:38:43.001Z,X1423183,7360,45.06567,8.48416,31690.9,7.1,4.9,204.9,-38.4,0.7,-1.0,RS41-SG,404.900,7.3,250,10,2.6,,
2026-05-21T12:38:44.001Z,X1423183,7361,45.06563,8.48414,31697.9,7.0,3.2,190.5,-38.4,0.7,-1.0,RS41-SG,404.900,7.2,250,10,2.6,,
2026-05-21T12:38:45.001Z,X1423183,7362,45.06561,8.48414,31704.0,5.1,1.5,167.2,-38.4,0.7,-1.0,RS41-SG,404.900,9.3,250,10,2.6,,
2026-05-21T12:38:46.001Z,X1423183,7363,45.06561,8.48415,31709.0,5.0,0.9,57.4,-38.4,0.6,-1.0,RS41-SG,404.900,9.3,250,10,2.7,,
2026-05-21T12:38:47.001Z,X1423183,7364,45.06562,8.48415,31714.9,6.7,2.1,4.1,-38.5,0.7,-1.0,RS41-SG,404.900,7.8,250,10,2.7,,
2026-05-21T12:38:48.001Z,X1423183,7365,45.06564,8.48414,31721.6,6.9,3.2,338.2,-38.4,0.6,-1.0,RS41-SG,404.900,6.9,250,10,2.7,,
2026-05-21T12:38:51.001Z,X1423183,7368,45.06574,8.48402,31739.1,6.2,6.4,311.2,-38.2,0.7,-1.0,RS41-SG,404.900,7.1,250,10,2.6,,
2026-05-21T12:38:53.001Z,X1423183,7370,45.06581,8.48390,31752.9,6.8,6.0,303.9,-38.1,0.6,-1.0,RS41-SG,404.900,7.0,250,10,2.7,,
2026-05-21T12:38:58.001Z,X1423183,7375,45.06572,8.48362,31784.1,5.0,7.3,210.0,-38.2,0.6,-1.0,RS41-SG,404.900,6.5,250,10,2.7,,
2026-05-21T12:38:59.001Z,X1423183,7376,45.06567,8.48358,31789.7,6.2,6.3,208.3,-38.2,0.6,-1.0,RS41-SG,404.900,6.8,250,10,2.7,,
2026-05-21T12:39:01.001Z,X1423183,7378,45.06561,8.48352,31803.4,6.7,1.7,243.5,-38.4,0.6,-1.0,RS41-SG,404.900,7.3,250,10,2.6,,
2026-05-21T12:39:02.001Z,X1423183,7379,45.06561,8.48350,31809.1,4.6,1.9,309.8,-38.4,0.7,-1.0,RS41-SG,404.900,7.3,250,10,2.6,,
2026-05-21T12:39:11.001Z,X1423183,7388,45.06556,8.48301,31860.9,6.6,3.7,202.1,-38.3,0.7,-1.0,RS41-SG,404.900,7.2,250,10,2.7,,
2026-05-21T12:39:12.001Z,X1423183,7389,45.06553,8.48300,31866.7,5.1,2.5,187.1,-38.3,0.7,-1.0,RS41-SG,404.900,7.2,250,10,2.7,,
2026-05-21T12:39:13.001Z,X1423183,7390,45.06552,8.48300,31871.8,5.2,1.6,174.7,-38.4,0.7,-1.0,RS41-SG,404.900,7.2,250,10,2.6,,
2026-05-21T12:39:15.001Z,X1423183,7392,45.06549,8.48298,31885.0,7.5,2.1,231.5,-38.6,0.7,-1.0,RS41-SG,404.900,7.1,250,10,2.6,,
2026-05-21T12:39:27.001Z,X1423183,7404,45.06528,8.48234,31958.5,6.1,4.5,196.6,-38.9,0.7,-1.0,RS41-SG,404.900,6.6,250,10,2.6,,
2026-05-21T12:39:28.001Z,X1423183,7405,45.06525,8.48233,31964.5,5.8,3.5,179.9,-38.9,0.7,-1.0,RS41-SG,404.900,7.3,250,10,2.7,,
2026-05-21T12:39:31.001Z,X1423183,7408,45.06517,8.48235,31981.1,6.3,3.1,182.2,-39.2,0.7,-1.0,RS41-SG,404.900,6.7,250,10,2.6,,
2026-05-21T12:39:33.001Z,X1423183,7410,45.06510,8.48230,31994.7,7.0,6.1,220.7,-39.2,0.7,-1.0,RS41-SG,404.900,7.1,250,10,2.6,,
2026-05-21T12:40:34.001Z,X1423183,7471,45.06262,8.47775,32370.8,6.6,7.5,239.3,-38.7,0.7,-1.0,RS41-SG,404.900,7.1,250,10,2.7,,
2026-05-21T12:40:35.001Z,X1423183,7472,45.06258,8.47766,32377.6,7.0,9.5,231.9,-38.7,0.7,-1.0,RS41-SG,404.900,7.1,250,10,2.7,,
2026-05-21T12:41:10.001Z,X1423183,7507,45.06160,8.47262,32592.6,6.6,9.9,271.8,-37.9,0.6,-1.0,RS41-SG,404.900,7.0,250,10,2.7,,
2026-05-21T12:41:11.001Z,X1423183,7508,45.06160,8.47249,32599.2,6.8,10.1,267.9,-37.8,0.6,-1.0,RS41-SG,404.900,7.3,250,10,2.7,,
2026-05-21T12:41:16.001Z,X1423183,7513,45.06166,8.47180,32630.6,6.1,13.6,295.4,-37.2,0.6,-1.0,RS41-SG,404.900,7.0,250,10,2.7,,
2026-05-21T12:41:17.001Z,X1423183,7514,45.06172,8.47164,32636.2,5.0,14.7,298.8,-37.0,0.6,-1.0,RS41-SG,404.900,7.0,250,10,2.7,,
2026-05-21T12:42:01.001Z,X1423183,7558,45.06404,8.46635,32905.3,6.8,12.8,320.2,-35.8,0.6,-1.0,RS41-SG,404.900,7.6,250,10,2.6,,
2026-05-21T12:42:02.001Z,X1423183,7559,45.06413,8.46624,32911.6,5.8,13.9,321.0,-35.9,0.6,-1.0,RS41-SG,404.900,7.6,250,10,2.6,,
2026-05-21T12:42:03.001Z,X1423183,7560,45.06423,8.46613,32917.2,5.4,14.3,320.8,-35.9,0.6,-1.0,RS41-SG,404.900,7.3,250,10,2.7,,
2026-05-21T12:42:04.001Z,X1423183,7561,45.06432,8.46602,32922.8,6.0,13.6,320.2,-36.0,0.6,-1.0,RS41-SG,404.900,7.3,250,10,2.7,,
2026-05-21T12:42:11.001Z,X1423183,7568,45.06480,8.46557,32965.4,6.9,11.3,341.9,-35.7,0.6,-1.0,RS41-SG,404.900,6.6,250,10,2.7,,
2026-05-21T12:42:12.001Z,X1423183,7569,45.06491,8.46552,32971.7,5.6,13.4,341.2,-35.8,0.6,-1.0,RS41-SG,404.900,7.0,250,10,2.6,,
2026-05-21T12:42:15.001Z,X1423183,7572,45.06527,8.46531,32989.2,7.0,13.8,331.8,-36.0,0.6,-1.0,RS41-SG,404.900,7.4,250,10,2.7,,
2026-05-21T12:42:16.001Z,X1423183,7573,45.06536,8.46523,32996.3,7.2,11.6,327.4,-36.0,0.6,-1.0,RS41-SG,404.900,7.7,250,10,2.7,,
2026-05-21T12:42:54.001Z,X1423183,7611,45.06803,8.46328,33228.8,6.3,12.4,338.5,-34.0,0.5,-1.0,RS41-SG,404.900,7.7,250,10,2.7,,
2026-05-21T12:42:56.001Z,X1423183,7613,45.06823,8.46321,33242.3,6.5,11.3,353.3,-34.0,0.5,-1.0,RS41-SG,404.900,7.2,250,10,2.6,,
2026-05-21T12:42:57.001Z,X1423183,7614,45.06833,8.46320,33248.3,5.4,10.7,0.5,-33.9,0.5,-1.0,RS41-SG,404.900,7.2,250,10,2.6,,
2026-05-21T12:42:59.001Z,X1423183,7616,45.06852,8.46322,33259.6,6.4,10.1,8.0,-33.6,0.5,-1.0,RS41-SG,404.900,6.9,250,10,2.7,,
2026-05-21T12:43:00.001Z,X1423183,7617,45.06861,8.46324,33266.5,7.4,10.0,5.4,-33.4,0.5,-1.0,RS41-SG,404.900,7.2,250,10,2.7,,
2026-05-21T12:43:01.001Z,X1423183,7618,45.06870,8.46325,33273.7,7.0,9.9,359.9,-33.3,0.5,-1.0,RS41-SG,404.900,7.7,250,10,2.6,,
2026-05-21T12:43:02.001Z,X1423183,7619,45.06878,8.46324,33280.1,5.8,9.5,353.9,-33.2,0.5,-1.0,RS41-SG,404.900,8.4,250,10,2.6,,
2026-05-21T12:43:03.001Z,X1423183,7620,45.06886,8.46322,33285.9,5.7,8.4,347.0,-33.1,0.5,-1.0,RS41-SG,404.900,8.4,250,10,2.7,,
2026-05-21T12:43:04.001Z,X1423183,7621,45.06893,8.46319,33291.7,6.1,7.0,339.3,-33.0,0.5,-1.0,RS41-SG,404.900,8.0,250,10,2.7,,
2026-05-21T12:43:05.001Z,X1423183,7622,45.06898,8.46316,33298.0,6.4,5.4,329.9,-33.0,0.5,-1.0,RS41-SG,404.900,7.5,250,10,2.6,,
2026-05-21T12:43:07.001Z,X1423183,7624,45.06904,8.46310,33310.8,6.3,3.5,318.7,-33.0,0.5,-1.0,RS41-SG,404.900,6.7,250,10,2.7,,
2026-05-21T12:43:12.001Z,X1423183,7629,45.06935,8.46298,33341.5,5.1,13.2,356.9,-32.9,0.5,-1.0,RS41-SG,404.900,6.3,250,10,2.7,,
2026-05-21T12:43:13.001Z,X1423183,7630,45.06947,8.46298,33346.8,5.5,14.5,2.9,-33.0,0.5,-1.0,RS41-SG,404.900,7.0,250,10,2.7,,
2026-05-21T12:43:17.001Z,X1423183,7634,45.06988,8.46316,33374.2,6.9,7.4,45.7,-33.3,0.5,-1.0,RS41,404.900,6.7,250,10,2.7,,
2026-05-21T12:43:18.001Z,X1423183,7635,45.06991,8.46323,33380.3,5.4,5.0,65.6,-33.3,0.5,-1.0,RS41,404.900,6.7,250,10,2.7,,
2026-05-21T12:43:19.001Z,X1423183,7636,45.06992,8.46327,33385.3,4.6,2.7,95.4,-33.2,0.5,-1.0,RS41,404.900,6.8,250,10,2.7,,
2026-05-21T12:43:28.001Z,X1423183,7645,45.07005,8.46277,33299.2,-41.2,8.6,325.5,-33.0,0.5,-1.0,RS41,404.900,6.6,250,10,2.5,,
2026-05-21T12:43:29.001Z,X1423183,7646,45.07012,8.46271,33255.2,-47.1,10.3,332.5,-33.0,0.5,-1.0,RS41,404.900,7.5,250,10,2.7,,
2026-05-21T12:43:30.001Z,X1423183,7647,45.07021,8.46265,33206.0,-51.4,11.8,338.1,-33.4,0.5,-1.0,RS41,404.900,7.5,250,10,2.7,,
2026-05-21T12:43:31.001Z,X1423183,7648,45.07031,8.46260,33153.0,-54.7,13.2,344.0,-34.0,0.5,-1.0,RS41,404.900,7.5,250,10,2.7,,
2026-05-21T12:43:32.001Z,X1423183,7649,45.07045,8.46257,33100.6,-50.0,17.0,352.9,-34.7,0.5,-1.0,RS41,404.900,8.5,250,10,2.5,,
2026-05-21T12:43:33.001Z,X1423183,7650,45.07061,8.46254,33050.5,-50.0,18.8,355.9,-35.2,0.6,-1.0,RS41,404.900,8.5,250,10,2.5,,
2026-05-21T12:43:34.001Z,X1423183,7651,45.07077,8.46253,32999.8,-51.1,18.2,356.3,-35.4,0.5,-1.0,RS41,404.900,8.6,250,10,2.5,,
2026-05-21T12:43:35.001Z,X1423183,7652,45.07093,8.46251,32947.6,-53.2,17.0,355.2,-35.4,0.6,-1.0,RS41,404.900,8.6,250,10,2.7,,
2026-05-21T12:43:36.001Z,X1423183,7653,45.07106,8.46249,32893.8,-54.6,14.1,354.0,-35.3,0.6,-1.0,RS41,404.900,8.6,250,10,2.7,,
2026-05-21T12:43:37.001Z,X1423183,7654,45.07118,8.46247,32838.4,-56.3,11.6,348.6,-35.3,0.6,-1.0,RS41,404.900,8.6,250,10,2.7,,
2026-05-21T12:43:38.001Z,X1423183,7655,45.07127,8.46243,32781.0,-58.4,9.3,334.3,-35.2,0.6,-1.0,RS41,404.900,8.6,250,10,2.5,,
2026-05-21T12:43:39.001Z,X1423183,7656,45.07133,8.46237,32722.6,-58.3,7.8,315.1,-35.4,0.6,-1.0,RS41,404.900,8.9,250,10,2.5,,
2026-05-21T12:43:40.001Z,X1423183,7657,45.07134,8.46227,32668.5,-49.9,9.8,255.1,-35.7,0.6,-1.0,RS41,404.900,8.9,250,10,2.7,,
2026-05-21T12:43:41.001Z,X1423183,7658,45.07130,8.46213,32621.1,-45.9,13.8,245.2,-36.3,0.7,-1.0,RS41,404.900,8.7,250,10,2.7,,
2026-05-21T12:43:42.001Z,X1423183,7659,45.07125,8.46196,32578.2,-39.0,16.4,245.3,-36.8,0.7,-1.0,RS41,404.900,7.7,250,10,2.5,,
2026-05-21T12:43:44.001Z,X1423183,7661,45.07117,8.46158,32507.5,-33.8,13.9,265.9,-38.2,0.8,-1.0,RS41,404.900,7.5,250,10,2.7,,
2026-05-21T12:43:45.001Z,X1423183,7662,45.07118,8.46141,32473.0,-36.2,13.6,276.7,-38.5,0.8,-1.0,RS41,404.900,7.8,250,10,2.7,,
2026-05-21T12:43:46.001Z,X1423183,7663,45.07120,8.46124,32436.1,-37.2,12.8,288.0,-38.6,0.8,-1.0,RS41,404.900,7.8,250,10,2.7,,
2026-05-21T12:43:47.001Z,X1423183,7664,45.07125,8.46109,32398.2,-38.7,13.5,296.6,-38.5,0.7,-1.0,RS41,404.900,7.3,250,10,2.5,,
2026-05-21T12:43:48.001Z,X1423183,7665,45.07131,8.46094,32359.9,-37.8,13.4,300.9,-38.5,0.7,-1.0,RS41,404.900,7.3,250,10,2.5,,
2026-05-21T12:44:01.001Z,X1423183,7678,45.07068,8.45970,31869.7,-37.8,6.6,217.1,-38.6,0.6,-1.0,RS41,404.900,6.8,250,9,2.5,,
2026-05-21T12:44:04.001Z,X1423183,7681,45.07063,8.45950,31753.4,-38.7,6.3,281.6,-37.9,0.6,-1.0,RS41,404.900,6.4,250,10,2.7,,
2026-05-21T12:44:05.001Z,X1423183,7682,45.07064,8.45942,31714.8,-39.3,7.1,290.8,-37.9,0.6,-1.0,RS41,404.900,7.1,250,9,2.5,,
2026-05-21T12:44:06.001Z,X1423183,7683,45.07067,8.45934,31677.1,-36.9,7.2,296.1,-37.8,0.6,-1.0,RS41,404.900,7.2,250,10,2.5,,
2026-05-21T12:44:07.001Z,X1423183,7684,45.07069,8.45927,31641.0,-35.5,6.2,294.0,-37.9,0.6,-1.0,RS41,404.900,7.2,250,9,2.7,,
2026-05-21T12:44:08.001Z,X1423183,7685,45.07071,8.45920,31604.2,-38.7,5.1,289.4,-37.9,0.6,-1.0,RS41-SG,404.900,7.4,250,9,2.7,,
2026-05-21T12:44:11.001Z,X1423183,7688,45.07071,8.45909,31490.9,-38.2,1.8,234.4,-38.6,0.6,-1.0,RS41-SG,404.900,7.9,250,10,2.7,,
2026-05-21T12:44:12.001Z,X1423183,7689,45.07070,8.45908,31453.2,-37.6,1.6,197.2,-39.1,0.7,-1.0,RS41-SG,404.900,7.5,250,9,2.7,,
2026-05-21T12:44:13.001Z,X1423183,7690,45.07069,8.45907,31416.0,-37.5,1.2,207.4,-39.3,0.7,-1.0,RS41-SG,404.900,7.7,250,8,2.7,,
2026-05-21T12:44:14.001Z,X1423183,7691,45.07069,8.45906,31379.6,-36.3,1.0,260.7,-39.5,0.7,-1.0,RS41-SG,404.900,8.1,250,9,2.5,,
2026-05-21T12:44:15.001Z,X1423183,7692,45.07069,8.45904,31343.4,-36.4,2.1,291.4,-39.7,0.7,-1.0,RS41-SG,404.900,8.1,250,10,2.5,,
2026-05-21T12:44:16.001Z,X1423183,7693,45.07070,8.45900,31307.4,-36.0,4.3,300.7,-39.7,0.7,-1.0,RS41-SG,404.900,8.7,250,9,2.5,,
2026-05-21T12:44:17.001Z,X1423183,7694,45.07073,8.45894,31271.0,-37.3,6.4,301.3,-39.7,0.7,-1.0,RS41-SG,404.900,8.7,250,10,2.7,,
2026-05-21T12:44:18.001Z,X1423183,7695,45.07076,8.45886,31233.7,-38.2,7.7,303.6,-39.7,0.7,-1.0,RS41-SG,404.900,8.6,250,9,2.7,,
2026-05-21T12:44:19.001Z,X1423183,7696,45.07080,8.45877,31197.5,-35.5,8.8,304.8,-39.9,0.7,-1.0,RS41-SG,404.900,8.6,250,9,2.7,,
2026-05-21T12:44:22.001Z,X1423183,7699,45.07093,8.45849,31094.6,-35.4,8.6,306.2,-40.5,0.8,-1.0,RS41-SG,404.900,8.0,250,9,2.5,,
2026-05-21T12:44:23.001Z,X1423183,7700,45.07097,8.45841,31059.7,-35.6,7.3,305.0,-40.6,0.8,-1.0,RS41-SG,404.900,8.0,250,9,2.7,,
2026-05-21T12:44:24.001Z,X1423183,7701,45.07100,8.45834,31023.7,-37.0,5.7,300.6,-40.6,0.8,-1.0,RS41-SG,404.900,8.7,250,9,2.7,08:29:29,
2026-05-21T12:44:25.001Z,X1423183,7702,45.07102,8.45829,30987.9,-35.5,4.0,286.7,-40.5,0.7,-1.0,RS41-SG,404.900,8.7,250,10,2.7,08:29:29,
2026-05-21T12:44:26.001Z,X1423183,7703,45.07102,8.45824,30952.8,-35.4,3.4,268.1,-40.5,0.7,-1.0,RS41-SG,404.900,8.0,250,10,2.5,08:29:29,
2026-05-21T12:44:27.001Z,X1423183,7704,45.07102,8.45820,30918.0,-35.2,3.1,259.5,-40.4,0.7,-1.0,RS41-SG,404.900,8.0,250,9,2.5,08:29:29,
2026-05-21T12:44:28.001Z,X1423183,7705,45.07101,8.45816,30884.1,-33.7,3.7,262.5,-40.3,0.7,-1.0,RS41-SG,404.900,8.3,250,10,2.5,08:29:29,
2026-05-21T12:44:33.001Z,X1423183,7710,45.07107,8.45772,30712.4,-36.2,10.1,290.6,-39.5,0.7,-1.0,RS41-SG,404.900,7.0,250,10,2.5,08:29:29,
2026-05-21T12:44:35.001Z,X1423183,7712,45.07114,8.45747,30642.8,-33.1,10.8,290.8,-39.3,0.6,-1.0,RS41-SG,404.900,7.0,250,10,2.7,08:29:29,
2026-05-21T12:44:37.001Z,X1423183,7714,45.07121,8.45726,30575.0,-35.7,8.4,297.6,-39.5,0.6,-1.0,RS41-SG,404.900,7.0,250,10,2.5,08:29:29,
2026-05-21T12:44:39.001Z,X1423183,7716,45.07124,8.45709,30506.5,-35.1,6.0,276.2,-39.6,0.6,-1.0,RS41-SG,404.900,6.9,250,10,2.7,08:29:29,
2026-05-21T12:44:40.001Z,X1423183,7717,45.07124,8.45701,30471.9,-34.8,6.1,265.3,-39.7,0.6,-1.0,RS41-SG,404.900,7.5,250,10,2.7,08:29:29,
2026-05-21T12:44:45.001Z,X1423183,7722,45.07116,8.45664,30306.6,-33.6,4.0,255.0,-40.5,0.7,-1.0,RS41-SG,404.900,7.1,250,10,2.7,08:29:29,
2026-05-21T12:44:46.001Z,X1423183,7723,45.07115,8.45659,30273.7,-32.3,4.0,269.1,-40.9,0.7,-1.0,RS41-SG,404.900,7.1,250,10,2.7,08:29:29,
2026-05-21T12:44:47.001Z,X1423183,7724,45.07115,8.45653,30241.7,-32.3,5.1,284.6,-41.3,0.7,-1.0,RS41-SG,404.900,7.1,250,9,2.5,08:29:29,
2026-05-21T12:44:49.001Z,X1423183,7726,45.07120,8.45637,30177.7,-32.8,8.2,292.7,-41.7,0.8,-1.0,RS41-SG,404.900,7.5,250,10,2.5,08:29:29,
2026-05-21T12:44:50.001Z,X1423183,7727,45.07122,8.45626,30145.7,-32.2,9.7,287.4,-42.0,0.8,-1.0,RS41-SG,404.900,7.7,250,10,2.7,08:29:29,
2026-05-21T12:44:51.001Z,X1423183,7728,45.07124,8.45613,30112.8,-33.7,11.6,279.4,-42.0,0.8,-1.0,RS41-SG,404.900,8.2,250,9,2.7,08:29:29,
2026-05-21T12:44:52.001Z,X1423183,7729,45.07125,8.45598,30079.1,-34.0,12.6,274.5,-42.0,0.8,-1.0,RS41-SG,404.900,8.2,250,10,2.7,08:29:29,
2026-05-21T12:44:53.001Z,X1423183,7730,45.07125,8.45581,30046.6,-31.7,14.0,265.5,-42.0,0.8,-1.0,RS41-SG,404.900,8.7,250,10,2.5,08:29:29,
2026-05-21T12:44:54.001Z,X1423183,7731,45.07123,8.45563,30015.4,-31.4,14.6,259.1,-42.0,0.8,-1.0,RS41-SG,404.900,8.7,250,10,2.5,08:29:29,
2026-05-21T12:44:55.001Z,X1423183,7732,45.07120,8.45545,29983.5,-32.8,15.1,254.4,-42.1,0.8,-1.0,RS41-SG,404.900,8.4,250,10,2.5,08:29:29,
2026-05-21T12:44:56.001Z,X1423183,7733,45.07116,8.45527,29950.9,-32.9,15.2,249.1,-42.1,0.8,-1.0,RS41-SG,404.900,8.0,250,10,2.7,08:29:29,
2026-05-21T12:44:57.001Z,X1423183,7734,45.07110,8.45509,29918.2,-32.9,15.0,243.6,-42.1,0.8,-1.0,RS41-SG,404.900,7.8,250,9,2.7,08:29:29,
2026-05-21T12:44:58.001Z,X1423183,7735,45.07104,8.45493,29885.1,-34.2,15.0,239.0,-42.0,0.8,-1.0,RS41-SG,404.900,7.7,250,10,2.7,08:29:29,
2026-05-21T12:44:59.001Z,X1423183,7736,45.07097,8.45477,29850.9,-34.4,14.4,235.3,-42.0,0.8,-1.0,RS41-SG,404.900,7.1,250,9,2.5,08:29:29,
2026-05-21T12:45:00.001Z,X1423183,7737,45.07090,8.45463,29815.4,-36.3,13.6,236.4,-42.2,0.8,-1.0,RS41-SG,404.900,7.5,250,10,2.5,08:29:29,
2026-05-21T12:45:01.001Z,X1423183,7738,45.07083,8.45449,29779.4,-36.7,13.2,232.4,-42.3,0.8,-1.0,RS41-SG,404.900,7.5,250,9,2.7,08:29:29,
2026-05-21T12:45:02.001Z,X1423183,7739,45.07076,8.45437,29742.9,-36.4,12.5,228.9,-42.4,0.8,-1.0,RS41-SG,404.900,7.6,250,10,2.7,08:29:29,
2026-05-21T12:45:03.001Z,X1423183,7740,45.07068,8.45425,29707.7,-34.8,12.2,224.0,-42.6,0.8,-1.0,RS41-SG,404.900,7.6,250,10,2.5,08:29:29,
2026-05-21T12:45:04.001Z,X1423183,7741,45.07060,8.45415,29674.0,-33.4,12.2,219.2,-42.7,0.8,-1.0,RS41-SG,404.900,7.7,250,10,2.5,08:29:29,
2026-05-21T12:45:05.001Z,X1423183,7742,45.07052,8.45405,29640.3,-34.7,12.1,220.4,-43.0,0.8,-1.0,RS41-SG,404.900,7.9,250,10,2.7,08:29:29,
2026-05-21T12:45:06.001Z,X1423183,7743,45.07043,8.45396,29606.9,-33.2,12.1,215.2,-43.3,0.8,-1.0,RS41-SG,404.900,7.9,250,9,2.7,08:29:29,
2026-05-21T12:45:07.001Z,X1423183,7744,45.07034,8.45388,29574.7,-31.7,11.8,214.6,-43.6,0.9,-1.0,RS41-SG,404.900,7.8,250,10,2.7,08:29:29,
2026-05-21T12:45:08.001Z,X1423183,7745,45.07026,8.45379,29543.3,-31.7,11.0,215.0,-43.8,0.9,-1.0,RS41-SG,404.900,7.8,250,9,2.5,08:29:29,
2026-05-21T12:45:09.001Z,X1423183,7746,45.07018,8.45372,29511.5,-32.4,9.6,213.6,-43.9,0.9,-1.0,RS41-SG,404.900,7.6,250,10,2.5,08:29:29,
2026-05-21T12:45:10.001Z,X1423183,7747,45.07012,8.45366,29479.6,-32.4,8.0,211.4,-43.9,0.9,-1.0,RS41-SG,404.900,7.9,250,10,2.5,08:29:29,
2026-05-21T12:45:11.001Z,X1423183,7748,45.07006,8.45362,29447.9,-31.8,6.0,206.6,-43.9,0.9,-1.0,RS41-SG,404.900,7.9,250,10,2.7,08:29:29,
2026-05-21T12:45:12.001Z,X1423183,7749,45.07002,8.45359,29416.6,-31.9,4.6,198.8,-44.0,0.9,-1.0,RS41-SG,404.900,7.4,250,9,2.7,08:29:29,
2026-05-21T12:45:13.001Z,X1423183,7750,45.06998,8.45358,29384.8,-32.5,3.7,182.2,-44.2,0.9,-1.0,RS41-SG,404.900,7.4,250,9,2.7,08:29:29,
2026-05-21T12:45:14.001Z,X1423183,7751,45.06995,8.45359,29353.6,-30.4,4.0,163.6,-44.4,0.9,-1.0,RS41-SG,404.900,7.4,250,9,2.5,08:29:29,
2026-05-21T12:45:15.001Z,X1423183,7752,45.06991,8.45362,29323.5,-31.0,4.4,148.1,-44.7,0.9,-1.0,RS41-SG,404.900,7.6,250,9,2.5,08:28:38,
2026-05-21T12:45:16.001Z,X1423183,7753,45.06988,8.45365,29292.5,-31.5,4.3,138.5,-44.8,0.9,-1.0,RS41-SG,404.900,7.6,250,10,2.5,08:28:38,
2026-05-21T12:45:17.001Z,X1423183,7754,45.06986,8.45369,29262.2,-29.9,3.8,130.4,-45.0,0.9,-1.0,RS41-SG,404.900,7.4,250,9,2.7,08:28:38,
2026-05-21T12:45:20.001Z,X1423183,7757,45.06983,8.45378,29170.6,-31.2,2.2,62.9,-46.0,1.0,-1.0,RS41-SG,404.900,7.2,250,10,2.5,08:28:38,
2026-05-21T12:45:26.001Z,X1423183,7763,45.07025,8.45370,28977.5,-32.7,14.4,343.6,-47.3,1.1,-1.0,RS41-SG,404.900,7.2,250,10,2.7,08:28:38,
2026-05-21T12:45:27.001Z,X1423183,7764,45.07037,8.45365,28944.7,-33.1,14.9,339.0,-47.5,1.1,-1.0,RS41-SG,404.900,7.2,250,8,2.7,08:28:38,
2026-05-21T12:45:28.001Z,X1423183,7765,45.07049,8.45357,28912.3,-32.5,14.8,332.1,-47.7,1.1,-1.0,RS41-SG,404.900,7.1,250,9,2.7,08:28:38,
2026-05-21T12:46:06.001Z,X1423183,7803,45.07180,8.45004,27771.2,-28.3,8.8,285.0,-48.4,1.0,-1.0,RS41-SG,404.900,6.9,250,10,2.5,08:27:47,
2026-05-21T12:46:07.001Z,X1423183,7804,45.07182,8.44992,27743.1,-28.1,10.5,283.0,-48.6,1.0,-1.0,RS41-SG,404.900,6.9,250,10,2.5,08:27:47,
2026-05-21T12:46:22.001Z,X1423183,7819,45.07218,8.44778,27335.3,-25.9,4.1,299.8,-50.3,1.2,-1.0,RS41-SG,404.900,6.6,250,9,2.7,08:27:47,
2026-05-21T12:50:08.001Z,X1423183,8045,45.06885,8.42564,22372.3,-18.4,11.7,249.0,-56.4,1.4,-1.0,RS41-SG,404.900,6.9,250,10,2.7,08:27:47,
2026-05-21T12:50:15.001Z,X1423183,8052,45.06846,8.42493,22246.8,-17.5,8.2,219.2,-57.5,1.5,-1.0,RS41-SG,404.900,6.6,250,10,2.5,08:27:47,
2026-05-21T12:50:18.001Z,X1423183,8055,45.06833,8.42479,22194.3,-17.2,3.5,238.6,-57.6,1.5,-1.0,RS41-SG,404.900,6.9,250,10,2.6,08:27:47,
2026-05-21T12:50:19.001Z,X1423183,8056,45.06833,8.42475,22177.0,-17.4,3.6,269.2,-57.7,1.5,-1.0,RS41-SG,404.900,6.9,250,10,2.7,08:27:47,
2026-05-21T12:50:25.001Z,X1423183,8062,45.06840,8.42415,22072.9,-17.3,10.2,272.2,-57.3,1.5,-1.0,RS41-SG,404.900,6.7,250,10,2.5,08:27:47,
2026-05-21T12:50:36.001Z,X1423183,8073,45.06817,8.42367,21883.9,-17.2,3.8,76.5,-57.4,1.5,-1.0,RS41-SG,404.900,6.6,250,10,2.7,08:27:47,
2026-05-21T12:50:39.001Z,X1423183,8076,45.06825,8.42376,21831.2,-17.6,4.8,13.0,-57.5,1.5,-1.0,RS41-SG,404.900,6.9,250,10,2.5,08:27:47,
2026-05-21T12:50:40.001Z,X1423183,8077,45.06830,8.42377,21813.8,-17.4,5.2,357.5,-57.6,1.5,-1.0,RS41-SG,404.900,6.7,250,10,2.5,08:27:47,
2026-05-21T12:50:43.001Z,X1423183,8080,45.06843,8.42368,21762.9,-16.7,6.4,317.4,-58.0,1.6,-1.0,RS41-SG,404.900,7.0,250,9,2.7,08:27:47,
2026-05-21T12:50:45.001Z,X1423183,8082,45.06851,8.42355,21729.3,-16.8,7.5,301.9,-58.2,1.6,-1.0,RS41-SG,404.900,7.4,250,10,2.5,08:27:47,
2026-05-21T12:50:48.001Z,X1423183,8085,45.06860,8.42329,21679.4,-16.9,7.4,295.5,-58.3,1.7,-1.0,RS41-SG,404.900,6.9,250,10,2.7,08:27:47,
2026-05-21T12:50:50.001Z,X1423183,8087,45.06866,8.42312,21645.4,-17.0,7.4,291.6,-58.2,1.6,-1.0,RS41-SG,404.900,7.2,250,10,2.5,08:27:47,
2026-05-21T12:50:52.001Z,X1423183,8089,45.06870,8.42293,21612.3,-16.3,8.4,288.6,-58.2,1.6,-1.0,RS41-SG,404.900,6.8,250,10,2.5,08:27:47,
