timestamp,serial,frame,lat,lon,alt,vel_v,vel_h,heading,temp,humidity,pressure,type,freq_mhz,snr,f_error_hz,sats,batt_v,burst_timer,aux_data
2026-03-12T12:44:55.988Z,W4215466,8159,46.44410,7.09868,32815.4,5.0,5.1,165.6,-273.0,-1.0,-1.0,RS41,404.500,7.1,250,10,2.7,,
2026-03-12T12:45:07.988Z,W4215466,8171,46.44340,7.09867,32890.8,6.2,6.9,215.2,-273.0,-1.0,-1.0,RS41,404.500,6.5,250,10,2.6,,
2026-03-12T12:45:10.988Z,W4215466,8174,46.44325,7.09850,32909.5,6.8,6.2,203.3,-273.0,-1.0,-1.0,RS41,404.500,6.7,250,10,2.7,,
2026-03-12T12:45:33.988Z,W4215466,8197,46.44266,7.09880,33051.0,5.3,3.7,123.4,-273.0,-1.0,-1.0,RS41,404.500,6.8,250,10,2.7,,
2026-03-12T12:45:56.988Z,W4215466,8220,46.44221,7.09969,33197.9,7.5,3.4,61.5,-273.0,-1.0,-1.0,RS41,404.500,6.5,250,10,2.6,,
2026-03-12T12:45:58.988Z,W4215466,8222,46.44225,7.09967,33208.8,3.9,4.6,295.3,-273.0,-1.0,-1.0,RS41,404.500,6.6,250,10,2.6,,
2026-03-12T12:46:39.988Z,W4215466,8263,46.44126,7.10252,33471.3,4.8,2.0,137.2,-273.0,-1.0,-1.0,RS41,404.500,6.9,250,10,2.6,,
2026-03-12T12:46:43.988Z,W4215466,8267,46.44129,7.10275,33496.7,7.3,11.0,89.4,-273.0,-1.0,-1.0,RS41,404.500,6.9,250,10,2.6,,
2026-03-12T12:46:50.988Z,W4215466,8274,46.44100,7.10370,33538.6,4.0,4.1,162.0,-273.0,-1.0,-1.0,RS41,404.500,7.1,250,10,2.6,,
2026-03-12T12:46:51.988Z,W4215466,8275,46.44097,7.10371,33543.6,6.0,2.6,169.0,-273.0,-1.0,-1.0,RS41,404.500,7.1,250,10,2.6,,
2026-03-12T12:46:52.988Z,W4215466,8276,46.44094,7.10373,33550.8,8.3,3.2,133.4,-273.0,-1.0,-1.0,RS41,404.500,7.0,250,10,2.7,,
2026-03-12T12:46:54.988Z,W4215466,8278,46.44089,7.10387,33566.3,6.3,9.9,114.3,-273.0,-1.0,-1.0,RS41,404.500,7.0,250,10,2.7,,
2026-03-12T12:47:01.988Z,W4215466,8285,46.44050,7.10464,33606.6,4.4,5.8,172.0,-273.0,-1.0,-1.0,RS41,404.500,7.7,250,10,2.6,,
2026-03-12T12:47:02.988Z,W4215466,8286,46.44045,7.10465,33611.9,6.2,6.3,176.6,-273.0,-1.0,-1.0,RS41,404.500,7.7,250,10,2.7,,
2026-03-12T12:47:03.988Z,W4215466,8287,46.44039,7.10467,33618.7,7.5,7.8,164.0,-273.0,-1.0,-1.0,RS41,404.500,7.7,250,10,2.7,,
2026-03-12T12:47:05.988Z,W4215466,8289,46.44023,7.10479,33631.5,4.7,12.3,144.8,-273.0,-1.0,-1.0,RS41,404.500,6.9,250,10,2.6,,
2026-03-12T12:47:10.988Z,W4215466,8294,46.43983,7.10530,33662.1,4.7,7.4,137.8,-273.0,-1.0,-1.0,RS41,404.500,6.9,250,10,2.6,,
2026-03-12T12:47:11.988Z,W4215466,8295,46.43979,7.10535,33666.9,4.8,5.5,134.7,-273.0,-1.0,-1.0,RS41,404.500,7.1,250,10,2.6,,
2026-03-12T12:47:22.988Z,W4215466,8306,46.43925,7.10594,33733.0,6.6,6.1,160.4,-273.0,-1.0,-1.0,RS41,404.500,6.3,250,10,2.6,,
2026-03-12T12:47:39.988Z,W4215466,8323,46.43836,7.10697,33835.5,6.6,6.2,142.9,-273.0,-1.0,-1.0,RS41,404.500,6.6,250,10,2.6,,
2026-03-12T12:47:41.988Z,W4215466,8325,46.43829,7.10699,33844.3,3.5,2.8,207.0,-273.0,-1.0,-1.0,RS41,404.500,7.1,250,10,2.7,,
2026-03-12T12:47:43.988Z,W4215466,8327,46.43825,7.10697,33855.9,7.8,2.2,159.9,-273.0,-1.0,-1.0,RS41,404.500,7.2,250,10,2.6,,
2026-03-12T12:47:49.988Z,W4215466,8333,46.43792,7.10745,33890.7,5.8,10.4,153.0,-273.0,-1.0,-1.0,RS41,404.500,6.6,250,10,2.7,,
2026-03-12T12:47:50.988Z,W4215466,8334,46.43784,7.10750,33895.6,3.9,9.5,162.9,-273.0,-1.0,-1.0,RS41,404.500,6.9,250,9,2.7,,
2026-03-12T12:47:57.988Z,W4215466,8341,46.43752,7.10799,33933.1,5.1,10.5,88.3,-273.0,-1.0,-1.0,RS41,404.500,6.8,250,10,2.7,,
2026-03-12T12:47:58.988Z,W4215466,8342,46.43753,7.10812,33938.7,5.9,9.6,81.6,-273.0,-1.0,-1.0,RS41,404.500,7.3,250,10,2.6,,
2026-03-12T12:48:01.988Z,W4215466,8345,46.43754,7.10840,33957.1,5.7,5.4,106.5,-273.0,-1.0,-1.0,RS41,404.500,7.2,250,10,2.7,,
2026-03-12T12:48:02.988Z,W4215466,8346,46.43752,7.10847,33962.6,5.2,6.6,131.8,-273.0,-1.0,-1.0,RS41,404.500,7.4,250,10,2.7,,
2026-03-12T12:48:03.988Z,W4215466,8347,46.43746,7.10854,33967.7,4.9,9.5,143.5,-273.0,-1.0,-1.0,RS41,404.500,7.4,250,10,2.6,,
2026-03-12T12:48:04.988Z,W4215466,8348,46.43738,7.10862,33972.7,5.1,12.6,145.5,-273.0,-1.0,-1.0,RS41-SG,404.500,7.1,250,10,2.6,,
2026-03-12T12:48:11.988Z,W4215466,8355,46.43711,7.10930,34009.9,3.5,8.1,29.4,-273.0,-1.0,-1.0,RS41-SG,404.500,7.2,250,10,2.6,,
2026-03-12T12:48:12.988Z,W4215466,8356,46.43717,7.10936,34014.9,6.4,8.9,35.0,-273.0,-1.0,-1.0,RS41-SG,404.500,7.2,250,10,2.6,,
2026-03-12T12:48:13.988Z,W4215466,8357,46.43723,7.10944,34022.1,7.9,9.1,58.5,-273.0,-1.0,-1.0,RS41-SG,404.500,7.4,250,10,2.6,,
2026-03-12T12:48:14.988Z,W4215466,8358,46.43725,7.10956,34029.3,6.5,10.8,82.8,-273.0,-1.0,-1.0,RS41-SG,404.500,7.6,250,10,2.7,,
2026-03-12T12:48:15.988Z,W4215466,8359,46.43725,7.10972,34034.5,3.9,13.4,99.2,-273.0,-1.0,-1.0,RS41-SG,404.500,7.8,250,10,2.7,,
2026-03-12T12:48:16.988Z,W4215466,8360,46.43722,7.10990,34037.8,2.6,16.1,109.3,-273.0,-1.0,-1.0,RS41-SG,404.500,7.8,250,10,2.7,,
2026-03-12T12:48:23.988Z,W4215466,8367,46.43703,7.11062,34071.3,5.9,4.2,18.7,-273.0,-1.0,-1.0,RS41-SG,404.500,7.0,250,10,2.6,,
2026-03-12T12:48:25.988Z,W4215466,8369,46.43708,7.11075,34086.4,7.6,9.3,81.2,-273.0,-1.0,-1.0,RS41-SG,404.500,8.1,250,10,2.6,,
2026-03-12T12:48:26.988Z,W4215466,8370,46.43708,7.11089,34092.4,4.4,12.5,94.6,-273.0,-1.0,-1.0,RS41-SG,404.500,8.1,250,10,2.7,,
2026-03-12T12:48:27.988Z,W4215466,8371,46.43706,7.11107,34095.6,2.1,15.5,105.3,-273.0,-1.0,-1.0,RS41-SG,404.500,7.5,250,10,2.7,,
2026-03-12T12:48:34.988Z,W4215466,8378,46.43663,7.11182,34127.0,5.0,2.5,143.9,-273.0,-1.0,-1.0,RS41-SG,404.500,7.5,250,10,2.6,,
2026-03-12T12:48:35.988Z,W4215466,8379,46.43662,7.11185,34133.1,6.9,4.1,103.1,-273.0,-1.0,-1.0,RS41-SG,404.500,7.5,250,10,2.7,,
2026-03-12T12:48:36.988Z,W4215466,8380,46.43661,7.11193,34139.6,6.3,7.3,98.1,-273.0,-1.0,-1.0,RS41-SG,404.500,7.5,250,10,2.7,,
2026-03-12T12:48:37.988Z,W4215466,8381,46.43660,7.11204,34144.8,4.0,10.0,99.4,-273.0,-1.0,-1.0,RS41-SG,404.500,7.9,250,10,2.7,,
2026-03-12T12:48:42.988Z,W4215466,8386,46.43645,7.11282,34138.6,-17.6,12.7,108.1,-273.0,-1.0,-1.0,RS41-SG,404.500,7.8,250,10,2.7,,
2026-03-12T12:48:47.988Z,W4215466,8391,46.43628,7.11362,33950.9,-52.8,14.0,105.7,-273.0,-1.0,-1.0,RS41-SG,404.500,6.5,250,10,2.7,,
2026-03-12T12:49:13.988Z,W4215466,8417,46.43533,7.11605,32846.5,-42.7,2.6,102.8,-273.0,-1.0,-1.0,RS41-SG,404.500,7.0,250,10,2.7,,
2026-03-12T12:49:17.988Z,W4215466,8421,46.43520,7.11611,32688.5,-37.6,7.2,169.2,-273.0,-1.0,-1.0,RS41-SG,404.500,6.9,250,9,2.7,,
