timestamp,serial,frame,lat,lon,alt,vel_v,vel_h,heading,temp,humidity,pressure,type,freq_mhz,snr,f_error_hz,sats,batt_v,burst_timer,aux_data
2026-05-03T00:24:45.003Z,W4214415,6617,46.92330,7.20429,27694.1,5.1,8.4,166.6,-273.0,-1.0,-1.0,RS41,403.501,6.8,-500,12,2.6,,
2026-05-03T00:24:46.003Z,W4214415,6618,46.92323,7.20432,27699.5,5.7,7.3,164.4,-273.0,-1.0,-1.0,RS41,403.501,7.1,-500,12,2.6,,
2026-05-03T00:24:53.003Z,W4214415,6625,46.92300,7.20419,27738.8,4.8,2.8,250.0,-273.0,-1.0,-1.0,RS41,403.501,6.8,-500,12,2.5,,
2026-05-03T00:24:54.003Z,W4214415,6626,46.92299,7.20415,27743.9,5.4,3.2,237.6,-273.0,-1.0,-1.0,RS41,403.501,7.1,-500,12,2.5,,
2026-05-03T00:25:03.003Z,W4214415,6635,46.92253,7.20401,27795.3,6.8,4.6,171.0,-273.0,-1.0,-1.0,RS41,403.501,6.9,-500,12,2.5,,
2026-05-03T00:25:04.003Z,W4214415,6636,46.92249,7.20402,27801.5,5.4,4.1,184.1,-273.0,-1.0,-1.0,RS41,403.501,7.2,-500,12,2.5,,
2026-05-03T00:25:08.003Z,W4214415,6640,46.92243,7.20392,27823.4,4.6,2.7,271.8,-273.0,-1.0,-1.0,RS41,403.501,7.0,-500,12,2.5,,
2026-05-03T00:25:09.003Z,W4214415,6641,46.92243,7.20388,27828.3,5.3,3.2,266.8,-273.0,-1.0,-1.0,RS41,403.501,7.0,-500,12,2.5,,
2026-05-03T00:25:13.003Z,W4214415,6645,46.92232,7.20365,27850.4,4.5,7.3,218.8,-273.0,-1.0,-1.0,RS41,403.501,6.6,-500,12,2.5,,
2026-05-03T00:25:14.003Z,W4214415,6646,46.92227,7.20360,27855.6,5.8,6.9,208.9,-273.0,-1.0,-1.0,RS41,403.501,6.7,-500,12,2.5,,
2026-05-03T00:25:15.003Z,W4214415,6647,46.92222,7.20357,27861.9,6.8,5.6,196.0,-273.0,-1.0,-1.0,RS41,403.501,6.9,-500,12,2.5,,
2026-05-03T00:25:16.003Z,W4214415,6648,46.92218,7.20356,27868.0,5.5,4.4,180.9,-273.0,-1.0,-1.0,RS41,403.501,6.9,-500,12,2.5,,
2026-05-03T00:25:17.003Z,W4214415,6649,46.92214,7.20356,27873.2,4.8,3.4,166.5,-273.0,-1.0,-1.0,RS41,403.501,7.4,-500,12,2.6,,
2026-05-03T00:25:18.003Z,W4214415,6650,46.92212,7.20357,27878.3,5.4,2.3,160.8,-273.0,-1.0,-1.0,RS41,403.501,7.4,-500,12,2.6,,
2026-05-03T00:25:19.003Z,W4214415,6651,46.92210,7.20358,27884.4,6.7,1.6,188.9,-273.0,-1.0,-1.0,RS41,403.501,7.2,-500,12,2.5,,
2026-05-03T00:25:20.003Z,W4214415,6652,46.92209,7.20357,27890.4,5.2,2.0,226.6,-273.0,-1.0,-1.0,RS41,403.501,7.3,-500,12,2.5,,
2026-05-03T00:25:25.003Z,W4214415,6657,46.92205,7.20337,27917.7,5.3,3.6,261.4,-273.0,-1.0,-1.0,RS41,403.501,6.8,-500,12,2.5,,
2026-05-03T00:25:26.003Z,W4214415,6658,46.92205,7.20332,27923.3,6.0,4.4,254.0,-273.0,-1.0,-1.0,RS41,403.501,7.3,-500,12,2.5,,
2026-05-03T00:25:27.003Z,W4214415,6659,46.92203,7.20326,27929.5,6.4,5.6,246.7,-273.0,-1.0,-1.0,RS41,403.501,7.3,-500,12,2.6,,
2026-05-03T00:25:28.003Z,W4214415,6660,46.92201,7.20319,27935.2,4.9,6.3,240.6,-273.0,-1.0,-1.0,RS41,403.501,7.2,-500,12,2.6,,
2026-05-03T00:25:33.003Z,W4214415,6665,46.92186,7.20303,27962.2,4.8,2.5,158.7,-273.0,-1.0,-1.0,RS41,403.501,6.5,-500,12,2.6,,
2026-05-03T00:25:40.003Z,W4214415,6672,46.92179,7.20293,28002.2,5.1,2.7,284.6,-273.0,-1.0,-1.0,RS41,403.501,6.5,-500,12,2.5,,
2026-05-03T00:25:41.003Z,W4214415,6673,46.92180,7.20289,28007.8,6.1,3.3,273.9,-273.0,-1.0,-1.0,RS41,403.501,7.0,-500,12,2.5,,
2026-05-03T00:25:42.003Z,W4214415,6674,46.92179,7.20285,28014.0,6.4,4.1,259.9,-273.0,-1.0,-1.0,RS41,403.501,7.0,-500,12,2.5,,
2026-05-03T00:25:48.003Z,W4214415,6680,46.92172,7.20269,28046.9,5.0,1.3,130.6,-273.0,-1.0,-1.0,RS41,403.501,7.1,-500,12,2.5,,
2026-05-03T00:25:49.003Z,W4214415,6681,46.92171,7.20270,28052.5,6.2,1.3,152.3,-273.0,-1.0,-1.0,RS41,403.501,7.1,-500,12,2.6,,
2026-05-03T00:25:59.003Z,W4214415,6691,46.92169,7.20246,28109.0,5.4,3.5,253.6,-273.0,-1.0,-1.0,RS41,403.501,7.3,-500,12,2.6,,
2026-05-03T00:26:05.003Z,W4214415,6697,46.92166,7.20224,28140.4,4.8,1.2,19.6,-273.0,-1.0,-1.0,RS41,403.501,6.4,-500,12,2.6,,
2026-05-03T00:26:08.003Z,W4214415,6700,46.92166,7.20229,28157.2,6.2,1.8,155.0,-273.0,-1.0,-1.0,RS41,403.501,6.8,-500,12,2.5,,
2026-05-03T00:26:12.003Z,W4214415,6704,46.92162,7.20223,28178.7,6.2,2.8,299.0,-273.0,-1.0,-1.0,RS41,403.501,7.1,-500,12,2.5,,
2026-05-03T00:26:13.003Z,W4214415,6705,46.92164,7.20220,28184.3,5.2,3.6,317.9,-273.0,-1.0,-1.0,RS41,403.501,7.1,-500,12,2.5,,
2026-05-03T00:26:16.003Z,W4214415,6708,46.92171,7.20212,28199.7,6.5,1.9,314.7,-273.0,-1.0,-1.0,RS41,403.501,6.8,-500,12,2.6,,
2026-05-03T00:26:17.003Z,W4214415,6709,46.92171,7.20211,28206.0,5.9,1.2,234.6,-273.0,-1.0,-1.0,RS41,403.501,7.1,-500,12,2.5,,
2026-05-03T00:26:20.003Z,W4214415,6712,46.92165,7.20211,28222.5,6.7,3.3,156.4,-273.0,-1.0,-1.0,RS41,403.501,6.3,-500,12,2.5,,
2026-05-03T00:26:24.003Z,W4214415,6716,46.92159,7.20218,28244.9,6.1,0.7,196.6,-273.0,-1.0,-1.0,RS41,403.501,6.7,-500,12,2.5,,
2026-05-03T00:26:25.003Z,W4214415,6717,46.92158,7.20217,28250.9,5.9,1.7,244.8,-273.0,-1.0,-1.0,RS41,403.501,7.5,-500,12,2.5,,
2026-05-03T00:26:29.003Z,W4214415,6721,46.92159,7.20203,28272.1,6.1,3.1,305.9,-273.0,-1.0,-1.0,RS41,403.501,6.7,-500,12,2.5,,
2026-05-03T00:26:30.003Z,W4214415,6722,46.92161,7.20200,28278.0,5.6,2.7,328.5,-273.0,-1.0,-1.0,RS41,403.501,6.8,-500,12,2.5,,
2026-05-03T00:26:32.003Z,W4214415,6724,46.92164,7.20199,28287.8,5.1,1.0,30.3,-273.0,-1.0,-1.0,RS41,403.501,7.2,-500,12,2.6,,
2026-05-03T00:26:44.003Z,W4214415,6736,46.92133,7.20195,28353.7,5.5,2.5,226.3,-273.0,-1.0,-1.0,RS41,403.501,6.6,-500,12,2.5,,
2026-05-03T00:26:47.003Z,W4214415,6739,46.92128,7.20195,28369.7,4.7,2.2,150.9,-50.1,-1.0,-1.0,RS41,403.501,6.7,-500,12,2.6,,
2026-05-03T00:26:48.003Z,W4214415,6740,46.92126,7.20196,28374.8,5.6,2.3,172.8,-50.2,-1.0,-1.0,RS41,403.501,7.2,-500,12,2.6,,
2026-05-03T00:26:54.003Z,W4214415,6746,46.92111,7.20165,28408.3,5.9,5.1,254.5,-50.1,-1.0,-1.0,RS41,403.501,7.8,-500,12,2.6,,
2026-05-03T00:26:59.003Z,W4214415,6751,46.92105,7.20139,28436.3,4.8,4.8,239.5,-50.0,-1.0,-1.0,RS41,403.501,6.9,-500,12,2.6,,
2026-05-03T00:27:02.003Z,W4214415,6754,46.92099,7.20126,28453.4,5.4,2.9,229.4,-50.0,-1.0,-1.0,RS41,403.501,7.5,-500,12,2.5,,
2026-05-03T00:27:03.003Z,W4214415,6755,46.92097,7.20123,28458.8,5.2,2.8,229.6,-50.0,-1.0,-1.0,RS41,403.501,7.6,-500,12,2.6,,
2026-05-03T00:27:04.003Z,W4214415,6756,46.92095,7.20120,28464.2,5.5,3.5,232.6,-50.0,-1.0,-1.0,RS41,403.501,7.6,-500,12,2.6,,
2026-05-03T00:27:05.003Z,W4214415,6757,46.92093,7.20115,28469.8,5.6,5.0,236.1,-50.0,-1.0,-1.0,RS41,403.501,7.3,-500,12,2.5,,
2026-05-03T00:27:12.003Z,W4214415,6764,46.92069,7.20071,28507.9,4.6,3.0,186.8,-50.1,-1.0,-1.0,RS41,403.501,7.6,-500,12,2.5,,
2026-05-03T00:27:13.003Z,W4214415,6765,46.92066,7.20072,28512.7,5.0,2.8,166.9,-50.1,-1.0,-1.0,RS41,403.501,7.7,-500,12,2.5,,
2026-05-03T00:27:14.003Z,W4214415,6766,46.92064,7.20072,28518.6,6.7,2.9,180.5,-50.1,-1.0,-1.0,RS41,403.501,7.7,-500,12,2.6,,
2026-05-03T00:27:16.003Z,W4214415,6768,46.92058,7.20068,28531.1,4.7,4.8,225.1,-50.2,-1.0,-1.0,RS41,403.501,7.1,-500,12,2.5,,
2026-05-03T00:27:17.003Z,W4214415,6769,46.92055,7.20062,28535.6,4.3,6.1,236.9,-50.2,-1.0,-1.0,RS41,403.501,7.5,-500,12,2.5,,
2026-05-03T00:27:18.003Z,W4214415,6770,46.92052,7.20055,28540.7,5.7,7.1,244.4,-50.2,-1.0,-1.0,RS41,403.501,7.5,-500,12,2.5,,
2026-05-03T00:27:19.003Z,W4214415,6771,46.92049,7.20046,28546.7,6.2,7.4,247.7,-50.2,-1.0,-1.0,RS41,403.501,7.1,-500,12,2.6,,
2026-05-03T00:27:20.003Z,W4214415,6772,46.92047,7.20037,28552.6,5.4,7.4,248.7,-50.2,-1.0,-1.0,RS41,403.501,6.9,-500,12,2.6,,
2026-05-03T00:27:21.003Z,W4214415,6773,46.92045,7.20028,28558.1,5.5,7.5,247.4,-50.2,-1.0,-1.0,RS41,403.501,6.8,-500,12,2.5,,
2026-05-03T00:27:22.003Z,W4214415,6774,46.92042,7.20019,28563.8,5.9,7.9,244.7,-50.3,-1.0,-1.0,RS41,403.501,6.8,-500,12,2.5,,
2026-05-03T00:27:24.003Z,W4214415,6776,46.92035,7.20000,28575.6,5.1,8.2,238.6,-50.3,-1.0,-1.0,RS41,403.501,7.1,-500,12,2.5,,
2026-05-03T00:27:26.003Z,W4214415,6778,46.92027,7.19985,28586.8,6.1,5.8,225.6,-50.3,-1.0,-1.0,RS41,403.501,6.8,-500,12,2.6,,
2026-05-03T00:27:27.003Z,W4214415,6779,46.92024,7.19980,28592.9,5.8,4.3,213.6,-50.4,-1.0,-1.0,RS41,403.501,6.8,-500,12,2.5,,
2026-05-03T00:27:28.003Z,W4214415,6780,46.92021,7.19978,28598.0,4.4,3.5,206.4,-50.4,-1.0,-1.0,RS41,403.501,7.3,-500,12,2.5,,
2026-05-03T00:27:29.003Z,W4214415,6781,46.92018,7.19976,28602.8,5.3,3.2,210.0,-50.4,-1.0,-1.0,RS41,403.501,7.5,-500,12,2.5,,
2026-05-03T00:27:30.003Z,W4214415,6782,46.92016,7.19973,28608.6,6.2,4.0,228.2,-50.4,-1.0,-1.0,RS41,403.501,8.0,-500,12,2.6,,
2026-05-03T00:27:31.003Z,W4214415,6783,46.92013,7.19967,28614.8,6.2,5.9,239.8,-50.4,-1.0,-1.0,RS41,403.501,8.0,-500,12,2.6,,
2026-05-03T00:27:32.003Z,W4214415,6784,46.92010,7.19959,28620.6,5.4,7.8,245.2,-50.4,-1.0,-1.0,RS41,403.501,7.7,-500,12,2.5,,
2026-05-03T00:27:33.003Z,W4214415,6785,46.92007,7.19949,28625.3,3.9,9.1,248.2,-50.4,-1.0,-1.0,RS41,403.501,7.7,-500,12,2.5,,
2026-05-03T00:27:34.003Z,W4214415,6786,46.92005,7.19938,28629.3,4.1,9.5,252.5,-50.4,-1.0,-1.0,RS41,403.501,7.7,-500,12,2.5,,
2026-05-03T00:27:37.003Z,W4214415,6789,46.92001,7.19908,28646.5,5.3,5.4,266.4,-50.4,-1.0,-1.0,RS41,403.501,6.9,-500,12,2.5,,
2026-05-03T00:27:39.003Z,W4214415,6791,46.92000,7.19898,28656.1,4.8,2.7,245.4,-50.3,-1.0,-1.0,RS41,403.501,7.7,-500,12,2.5,,
2026-05-03T00:27:40.003Z,W4214415,6792,46.91998,7.19895,28661.3,5.7,3.1,223.6,-50.3,-1.0,-1.0,RS41,403.501,7.9,-500,12,2.5,,
2026-05-03T00:27:41.003Z,W4214415,6793,46.91996,7.19892,28667.3,6.3,4.3,216.5,-50.3,-1.0,-1.0,RS41,403.501,7.9,-500,12,2.6,,
2026-05-03T00:27:46.003Z,W4214415,6798,46.91983,7.19867,28694.0,5.8,3.8,274.8,-50.3,-1.0,-1.0,RS41,403.501,7.5,-500,12,2.6,,
2026-05-03T00:27:47.003Z,W4214415,6799,46.91984,7.19862,28699.5,5.3,3.8,296.0,-50.3,-1.0,-1.0,RS41,403.501,7.5,-500,12,2.6,,
2026-05-03T00:27:48.003Z,W4214415,6800,46.91986,7.19858,28704.3,4.3,4.1,303.1,-50.3,-1.0,-1.0,RS41,403.501,7.7,-500,12,2.5,,
2026-05-03T00:27:49.003Z,W4214415,6801,46.91988,7.19853,28708.9,4.9,4.4,295.0,-50.3,-1.0,-1.0,RS41,403.501,7.7,-500,12,2.5,,
2026-05-03T00:27:50.003Z,W4214415,6802,46.91989,7.19847,28714.3,6.0,5.2,274.7,-50.3,-1.0,-1.0,RS41,403.501,8.0,-500,12,2.5,,
2026-05-03T00:27:52.003Z,W4214415,6804,46.91986,7.19830,28725.6,4.4,7.9,248.4,-50.2,-1.0,-1.0,RS41,403.501,6.8,-500,12,2.6,,
2026-05-03T00:27:56.003Z,W4214415,6808,46.91972,7.19799,28748.3,4.4,4.8,229.7,-49.9,-1.0,-1.0,RS41,403.501,6.9,-500,12,2.5,,
2026-05-03T00:27:57.003Z,W4214415,6809,46.91970,7.19795,28752.8,4.7,3.4,229.9,-49.8,-1.0,-1.0,RS41,403.501,6.9,-500,12,2.6,,
2026-05-03T00:27:58.003Z,W4214415,6810,46.91968,7.19791,28758.2,6.2,2.6,241.2,-49.7,-1.0,-1.0,RS41,403.501,6.8,-500,12,2.6,,
2026-05-03T00:27:59.003Z,W4214415,6811,46.91967,7.19788,28764.1,5.6,2.6,253.4,-49.6,-1.0,-1.0,RS41,403.501,7.3,-500,12,2.5,,
2026-05-03T00:28:02.003Z,W4214415,6814,46.91968,7.19779,28781.8,6.4,2.4,298.2,-49.5,-1.0,-1.0,RS41,403.501,7.8,-500,12,2.6,,
2026-05-03T00:28:03.003Z,W4214415,6815,46.91969,7.19776,28787.5,4.9,2.4,306.5,-49.5,-1.0,-1.0,RS41,403.501,8.4,-500,12,2.6,,
2026-05-03T00:28:04.003Z,W4214415,6816,46.91970,7.19773,28792.5,5.2,2.7,300.8,-49.5,-1.0,-1.0,RS41,403.501,8.4,-500,12,2.5,,
2026-05-03T00:28:05.003Z,W4214415,6817,46.91971,7.19769,28798.0,5.7,3.6,284.0,-49.5,-1.0,-1.0,RS41,403.501,8.3,-500,12,2.5,,
2026-05-03T00:28:06.003Z,W4214415,6818,46.91972,7.19764,28803.6,5.5,4.9,272.0,-49.5,-1.0,-1.0,RS41-SG,403.501,7.8,-500,12,2.5,,
2026-05-03T00:28:08.003Z,W4214415,6820,46.91971,7.19748,28813.9,4.6,6.6,264.5,-49.6,-1.0,-1.0,RS41-SG,403.501,7.3,-500,12,2.6,,
2026-05-03T00:28:11.003Z,W4214415,6823,46.91972,7.19730,28831.5,6.0,2.6,306.7,-49.5,-1.0,-1.0,RS41-SG,403.501,6.8,-500,12,2.5,,
2026-05-03T00:28:12.003Z,W4214415,6824,46.91974,7.19728,28836.5,4.0,2.2,349.1,-49.5,-1.0,-1.0,RS41-SG,403.501,7.5,-500,12,2.5,,
2026-05-03T00:28:13.003Z,W4214415,6825,46.91976,7.19728,28840.6,4.2,2.7,18.6,-49.5,-1.0,-1.0,RS41-SG,403.501,7.7,-500,12,2.6,,
2026-05-03T00:28:14.003Z,W4214415,6826,46.91978,7.19729,28845.6,6.0,2.8,19.0,-49.5,-1.0,-1.0,RS41-SG,403.501,7.7,-500,12,2.6,,
2026-05-03T00:28:15.003Z,W4214415,6827,46.91980,7.19730,28851.8,6.4,2.1,359.1,-49.5,-1.0,-1.0,RS41-SG,403.501,7.7,-500,12,2.5,,
2026-05-03T00:28:16.003Z,W4214415,6828,46.91982,7.19729,28857.4,4.7,1.8,328.5,-49.5,-1.0,-1.0,RS41-SG,403.501,7.7,-500,12,2.5,,
2026-05-03T00:28:17.003Z,W4214415,6829,46.91983,7.19728,28862.5,5.4,1.7,291.0,-49.5,-1.0,-1.0,RS41-SG,403.501,7.8,-500,12,2.5,,
2026-05-03T00:28:18.003Z,W4214415,6830,46.91983,7.19726,28868.3,6.2,1.6,262.5,-49.5,-1.0,-1.0,RS41-SG,403.501,7.8,-500,12,2.6,,
2026-05-03T00:28:19.003Z,W4214415,6831,46.91982,7.19724,28874.5,6.2,1.4,236.4,-49.5,-1.0,-1.0,RS41-SG,403.501,7.6,-500,12,2.6,,
2026-05-03T00:28:20.003Z,W4214415,6832,46.91982,7.19722,28880.2,5.2,1.5,221.7,-49.5,-1.0,-1.0,RS41-SG,403.501,7.5,-500,12,2.5,,
2026-05-03T00:28:21.003Z,W4214415,6833,46.91981,7.19721,28885.4,5.1,1.9,221.2,-49.5,-1.0,-1.0,RS41-SG,403.501,7.4,-500,12,2.5,,
2026-05-03T00:28:22.003Z,W4214415,6834,46.91979,7.19719,28890.9,5.9,2.8,231.2,-49.4,-1.0,-1.0,RS41-SG,403.501,7.4,-500,12,2.5,,
2026-05-03T00:28:26.003Z,W4214415,6838,46.91974,7.19702,28914.4,6.8,2.2,248.8,-49.3,-1.0,-1.0,RS41-SG,403.501,7.2,-500,12,2.5,,
2026-05-03T00:28:28.003Z,W4214415,6840,46.91973,7.19700,28924.9,4.2,0.7,127.7,-49.2,-1.0,-1.0,RS41-SG,403.501,6.8,-500,12,2.5,,
2026-05-03T00:28:29.003Z,W4214415,6841,46.91972,7.19701,28929.7,5.7,1.4,127.1,-49.1,-1.0,-1.0,RS41-SG,403.501,6.9,-500,12,2.6,,
2026-05-03T00:28:30.003Z,W4214415,6842,46.91971,7.19703,28935.7,6.3,1.7,160.4,-49.1,-1.0,-1.0,RS41-SG,403.501,6.9,-500,12,2.6,,
2026-05-03T00:28:34.003Z,W4214415,6846,46.91961,7.19699,28956.7,6.5,3.8,195.1,-49.0,-1.0,-1.0,RS41-SG,403.501,7.1,-500,12,2.6,,
2026-05-03T00:28:35.003Z,W4214415,6847,46.91958,7.19698,28962.7,5.5,3.4,191.7,-49.0,0.3,-1.0,RS41-SG,403.501,7.1,-500,12,2.6,,
2026-05-03T00:28:36.003Z,W4214415,6848,46.91955,7.19697,28968.3,5.6,2.7,195.7,-49.0,0.3,-1.0,RS41-SG,403.501,7.2,-500,12,2.5,,
2026-05-03T00:28:37.003Z,W4214415,6849,46.91953,7.19696,28974.1,6.0,1.9,217.0,-49.0,0.3,-1.0,RS41-SG,403.501,7.8,-500,12,2.5,,
2026-05-03T00:28:38.003Z,W4214415,6850,46.91952,7.19694,28980.2,6.2,2.3,256.8,-49.0,0.3,-1.0,RS41-SG,403.501,7.8,-500,12,2.5,,
2026-05-03T00:28:40.003Z,W4214415,6852,46.91953,7.19687,28990.8,5.2,3.0,283.0,-49.0,0.3,-1.0,RS41-SG,403.501,7.1,-500,12,2.6,,
2026-05-03T00:28:41.003Z,W4214415,6853,46.91953,7.19684,28996.4,6.2,2.0,291.4,-48.9,0.3,-1.0,RS41-SG,403.501,7.1,-500,12,2.5,,
2026-05-03T00:28:42.003Z,W4214415,6854,46.91954,7.19682,29002.7,6.3,0.5,330.7,-48.9,0.3,-1.0,RS41-SG,403.501,7.4,-500,12,2.5,,
2026-05-03T00:28:43.003Z,W4214415,6855,46.91954,7.19683,29008.5,5.2,1.1,113.3,-48.9,0.3,-1.0,RS41-SG,403.501,7.4,-500,12,2.5,,
2026-05-03T00:28:44.003Z,W4214415,6856,46.91953,7.19685,29013.7,5.2,2.6,141.7,-48.9,0.3,-1.0,RS41-SG,403.501,7.4,-500,12,2.5,,
2026-05-03T00:28:45.003Z,W4214415,6857,46.91950,7.19686,29019.3,5.9,4.3,163.0,-48.9,0.3,-1.0,RS41-SG,403.501,7.4,-500,12,2.6,,
2026-05-03T00:28:46.003Z,W4214415,6858,46.91945,7.19687,29025.4,6.3,6.0,180.8,-48.8,0.3,-1.0,RS41-SG,403.501,7.6,-500,12,2.6,,
2026-05-03T00:28:47.003Z,W4214415,6859,46.91940,7.19686,29031.1,5.0,7.2,192.3,-48.8,0.3,-1.0,RS41-SG,403.501,7.6,-500,12,2.5,,
2026-05-03T00:28:49.003Z,W4214415,6861,46.91927,7.19679,29041.2,5.9,7.7,206.1,-48.8,0.3,-1.0,RS41-SG,403.501,6.8,-500,12,2.5,,
2026-05-03T00:28:50.003Z,W4214415,6862,46.91921,7.19675,29047.7,6.9,6.4,209.3,-48.8,0.3,-1.0,RS41-SG,403.501,7.1,-500,12,2.6,,
2026-05-03T00:28:55.003Z,W4214415,6867,46.91907,7.19660,29075.8,5.8,3.5,229.1,-48.9,0.3,-1.0,RS41-SG,403.501,7.0,-500,12,2.6,,
2026-05-03T00:28:56.003Z,W4214415,6868,46.91905,7.19657,29081.3,5.3,3.9,223.2,-48.9,0.3,-1.0,RS41-SG,403.501,6.8,-500,12,2.6,,
2026-05-03T00:28:57.003Z,W4214415,6869,46.91902,7.19654,29087.0,6.0,4.0,214.0,-48.9,0.3,-1.0,RS41-SG,403.501,7.5,-500,11,2.5,,
2026-05-03T00:28:58.003Z,W4214415,6870,46.91899,7.19651,29093.1,6.4,4.1,202.1,-48.9,0.3,-1.0,RS41-SG,403.501,7.5,-500,11,2.5,,
2026-05-03T00:28:59.003Z,W4214415,6871,46.91895,7.19649,29099.2,5.6,4.5,194.9,-48.9,0.3,-1.0,RS41-SG,403.501,7.5,-500,12,2.5,,
2026-05-03T00:29:01.003Z,W4214415,6873,46.91886,7.19645,29110.4,5.5,6.9,199.0,-48.9,0.3,-1.0,RS41-SG,403.501,7.7,-500,12,2.6,,
2026-05-03T00:29:02.003Z,W4214415,6874,46.91880,7.19642,29116.0,5.6,8.7,205.1,-48.9,0.3,-1.0,RS41-SG,403.501,7.7,-500,12,2.6,,
2026-05-03T00:29:09.003Z,W4214415,6881,46.91840,7.19600,29155.6,3.6,1.5,237.9,-48.7,0.3,-1.0,RS41-SG,403.501,6.7,-500,12,2.5,,
2026-05-03T00:29:13.003Z,W4214415,6885,46.91837,7.19589,29177.9,5.3,5.5,238.6,-48.6,0.3,-1.0,RS41-SG,403.501,7.1,-500,12,2.5,,
2026-05-03T00:29:27.003Z,W4214415,6899,46.91793,7.19478,29257.8,6.5,5.3,259.4,-48.5,0.3,-1.0,RS41-SG,403.501,7.9,-500,12,2.6,,
2026-05-03T00:29:28.003Z,W4214415,6900,46.91792,7.19470,29264.3,6.6,7.2,251.2,-48.5,0.3,-1.0,RS41-SG,403.501,7.2,-500,12,2.6,,
2026-05-03T00:29:42.003Z,W4214415,6914,46.91769,7.19334,29341.7,4.5,2.6,262.7,-48.4,0.3,-1.0,RS41-SG,403.501,7.4,-500,12,2.5,,
2026-05-03T00:29:43.003Z,W4214415,6915,46.91769,7.19331,29346.5,5.2,2.6,255.3,-48.4,0.3,-1.0,RS41-SG,403.501,7.4,-500,12,2.6,,
2026-05-03T00:29:44.003Z,W4214415,6916,46.91768,7.19327,29352.3,6.5,3.8,247.7,-48.4,0.3,-1.0,RS41-SG,403.501,6.9,-500,12,2.6,,
2026-05-03T00:29:51.003Z,W4214415,6923,46.91757,7.19282,29392.3,5.2,2.7,267.4,-48.2,0.3,-1.0,RS41-SG,403.501,7.2,-500,12,2.5,,
2026-05-03T00:29:52.003Z,W4214415,6924,46.91757,7.19279,29398.1,6.4,2.3,268.9,-48.1,0.3,-1.0,RS41-SG,403.501,7.2,-500,12,2.5,,
2026-05-03T00:29:53.003Z,W4214415,6925,46.91756,7.19276,29404.2,5.9,2.3,264.4,-48.1,0.3,-1.0,RS41-SG,403.501,7.3,-500,12,2.5,,
2026-05-03T00:29:54.003Z,W4214415,6926,46.91756,7.19273,29409.8,5.5,2.1,260.6,-48.0,0.3,-1.0,RS41-SG,403.501,7.3,-500,12,2.6,,
2026-05-03T00:29:57.003Z,W4214415,6929,46.91756,7.19270,29428.3,5.9,0.7,32.8,-47.8,0.3,-1.0,RS41-SG,403.501,6.9,-500,12,2.5,,
2026-05-03T00:29:58.003Z,W4214415,6930,46.91757,7.19270,29433.9,5.4,0.9,32.7,-47.8,0.3,-1.0,RS41-SG,403.501,7.5,-500,12,2.5,,
2026-05-03T00:29:59.003Z,W4214415,6931,46.91757,7.19270,29439.4,5.7,0.7,332.8,-47.7,0.3,-1.0,RS41-SG,403.501,7.5,-500,12,2.6,,
2026-05-03T00:30:00.003Z,W4214415,6932,46.91758,7.19269,29445.2,6.0,1.7,269.8,-47.7,0.3,-1.0,RS41-SG,403.501,7.4,-500,12,2.6,,
2026-05-03T00:30:01.003Z,W4214415,6933,46.91757,7.19266,29451.2,6.2,3.3,256.0,-47.6,0.3,-1.0,RS41-SG,403.501,7.7,-500,12,2.5,,
2026-05-03T00:30:02.003Z,W4214415,6934,46.91756,7.19261,29457.1,5.6,4.6,253.0,-47.6,0.3,-1.0,RS41-SG,403.501,7.7,-500,12,2.5,,
2026-05-03T00:30:03.003Z,W4214415,6935,46.91755,7.19255,29462.4,4.9,5.1,250.5,-47.6,0.3,-1.0,RS41-SG,403.501,7.2,-500,12,2.5,,
2026-05-03T00:30:05.003Z,W4214415,6937,46.91752,7.19245,29473.4,6.1,2.3,243.1,-47.5,0.3,-1.0,RS41-SG,403.501,6.6,-500,12,2.6,,
2026-05-03T00:30:07.003Z,W4214415,6939,46.91752,7.19246,29485.5,5.8,2.9,84.1,-47.5,0.3,-1.0,RS41-SG,403.501,7.7,-500,12,2.5,,
2026-05-03T00:30:08.003Z,W4214415,6940,46.91752,7.19251,29490.6,4.3,4.4,81.0,-47.4,0.3,-1.0,RS41-SG,403.501,7.7,-500,12,2.5,,
2026-05-03T00:30:09.003Z,W4214415,6941,46.91753,7.19257,29495.1,4.6,5.0,83.3,-47.3,0.3,-1.0,RS41-SG,403.501,7.4,-500,12,2.5,,
2026-05-03T00:30:10.003Z,W4214415,6942,46.91753,7.19263,29500.4,6.2,3.9,89.6,-47.3,0.3,-1.0,RS41-SG,403.501,7.4,-500,12,2.6,,
2026-05-03T00:30:12.003Z,W4214415,6944,46.91751,7.19268,29513.4,5.5,2.3,183.7,-47.2,0.3,-1.0,RS41-SG,403.501,6.5,-500,12,2.5,,
2026-05-03T00:30:17.003Z,W4214415,6949,46.91734,7.19259,29540.9,6.1,3.2,168.3,-47.2,0.3,-1.0,RS41-SG,403.501,7.5,-500,12,2.5,,
2026-05-03T00:30:18.003Z,W4214415,6950,46.91732,7.19261,29546.3,4.8,2.5,138.9,-47.1,0.3,-1.0,RS41-SG,403.501,7.5,-500,12,2.5,,
2026-05-03T00:30:19.003Z,W4214415,6951,46.91730,7.19264,29551.3,5.0,2.5,109.0,-47.1,0.3,-1.0,RS41-SG,403.501,7.3,-500,12,2.5,,
2026-05-03T00:30:20.003Z,W4214415,6952,46.91730,7.19267,29557.0,6.5,2.3,89.3,-47.1,0.3,-1.0,RS41-SG,403.501,7.1,-500,12,2.5,,
2026-05-03T00:30:26.003Z,W4214415,6958,46.91719,7.19286,29593.4,5.1,6.5,144.3,-47.1,0.3,-1.0,RS41-SG,403.501,7.1,-500,12,2.6,,
2026-05-03T00:30:27.003Z,W4214415,6959,46.91714,7.19290,29598.8,5.8,7.3,153.0,-47.0,0.3,-1.0,RS41-SG,403.501,7.1,-500,12,2.6,,
2026-05-03T00:30:29.003Z,W4214415,6961,46.91701,7.19295,29610.6,5.6,7.7,178.7,-47.0,0.3,-1.0,RS41-SG,403.501,7.0,-500,12,2.5,,
2026-05-03T00:30:30.003Z,W4214415,6962,46.91694,7.19295,29615.8,4.7,7.8,187.5,-47.0,0.3,-1.0,RS41-SG,403.501,7.7,-500,12,2.5,,
2026-05-03T00:30:32.003Z,W4214415,6964,46.91681,7.19292,29625.5,5.5,7.2,186.8,-46.9,0.3,-1.0,RS41-SG,403.501,6.8,-500,12,2.6,,
2026-05-03T00:30:35.003Z,W4214415,6967,46.91664,7.19297,29643.2,4.6,6.2,145.5,-46.8,0.3,-1.0,RS41-SG,403.501,7.2,-500,12,2.5,,
2026-05-03T00:30:37.003Z,W4214415,6969,46.91656,7.19307,29654.6,7.1,5.2,139.9,-46.9,0.3,-1.0,RS41-SG,403.501,7.0,-500,12,2.6,,
2026-05-03T00:30:38.003Z,W4214415,6970,46.91653,7.19310,29661.2,6.2,4.3,153.9,-46.9,0.3,-1.0,RS41-SG,403.501,7.2,-500,12,2.6,,
2026-05-03T00:30:42.003Z,W4214415,6974,46.91637,7.19311,29683.2,6.4,5.3,184.8,-47.0,0.3,-1.0,RS41-SG,403.501,6.9,-500,12,2.6,,
2026-05-03T00:30:43.003Z,W4214415,6975,46.91632,7.19310,29689.0,5.3,5.7,182.0,-47.0,0.3,-1.0,RS41-SG,403.501,6.9,-500,12,2.6,,
2026-05-03T00:30:44.003Z,W4214415,6976,46.91627,7.19310,29694.5,5.7,6.1,183.6,-47.0,0.3,-1.0,RS41-SG,403.501,7.2,-500,12,2.5,,
2026-05-03T00:30:48.003Z,W4214415,6980,46.91605,7.19302,29718.1,5.4,6.2,193.8,-47.0,0.2,-1.0,RS41-SG,403.501,7.1,-500,12,2.6,,
2026-05-03T00:30:52.003Z,W4214415,6984,46.91582,7.19309,29740.5,5.6,7.1,155.4,-46.9,0.3,-1.0,RS41-SG,403.501,7.5,-500,12,2.5,,
2026-05-03T00:31:00.003Z,W4214415,6992,46.91545,7.19305,29787.0,5.2,4.2,178.3,-46.6,0.3,-1.0,RS41-SG,403.501,6.9,-500,12,2.5,,
2026-05-03T00:31:31.003Z,W4214415,7023,46.91386,7.19271,29966.0,5.4,9.3,199.0,-44.9,0.2,-1.0,RS41-SG,403.501,6.5,-500,12,2.5,,
2026-05-03T00:31:54.003Z,W4214415,7046,46.91253,7.19124,30100.4,5.0,5.1,239.1,-45.4,0.2,-1.0,RS41-SG,403.501,6.5,-500,12,2.6,,
2026-05-03T00:32:37.003Z,W4214415,7089,46.91152,7.18975,30350.0,5.3,3.5,115.3,-44.8,0.2,-1.0,RS41-SG,403.501,6.7,-500,12,2.5,,
2026-05-03T00:32:38.003Z,W4214415,7090,46.91151,7.18978,30355.8,6.5,2.2,128.3,-44.7,0.2,-1.0,RS41-SG,403.501,6.7,-500,12,2.5,,
2026-05-03T00:32:48.003Z,W4214415,7100,46.91129,7.18990,30414.4,6.1,8.6,128.3,-44.6,0.2,-1.0,RS41-SG,403.501,7.4,-500,12,2.6,,
2026-05-03T00:33:04.003Z,W4214415,7116,46.91065,7.19060,30506.9,4.9,6.7,127.0,-44.4,0.2,-1.0,RS41-SG,403.501,7.3,-500,12,2.5,,
2026-05-03T00:38:47.003Z,W4214415,7459,46.89923,7.19176,32535.0,5.3,3.5,120.9,-43.6,0.1,-1.0,RS41-SG,403.501,7.0,-500,12,2.5,,
2026-05-03T00:38:55.003Z,W4214415,7467,46.89909,7.19189,32582.7,5.4,6.6,170.2,-43.7,0.1,-1.0,RS41-SG,403.501,7.2,-500,12,2.5,,
2026-05-03T00:39:05.003Z,W4214415,7477,46.89886,7.19232,32642.1,5.5,3.9,170.5,-43.8,0.1,-1.0,RS41-SG,403.501,6.9,-500,12,2.5,,
2026-05-03T00:39:10.003Z,W4214415,7482,46.89861,7.19251,32672.5,5.4,8.0,136.1,-43.8,0.2,-1.0,RS41-SG,403.501,7.4,-500,12,2.5,,
2026-05-03T00:39:40.003Z,W4214415,7512,46.89660,7.19333,32855.3,7.1,8.2,166.2,-44.3,0.1,-1.0,RS41-SG,403.501,7.1,-500,12,2.5,,
2026-05-03T00:39:58.003Z,W4214415,7530,46.89502,7.19312,32966.7,6.5,8.9,163.9,-44.5,0.2,-1.0,RS41-SG,403.501,7.0,-500,12,2.5,,
2026-05-03T00:40:00.003Z,W4214415,7532,46.89486,7.19313,32981.0,7.0,9.5,189.6,-44.5,0.2,-1.0,RS41-SG,403.501,6.4,-500,12,2.6,,
2026-05-03T00:40:08.003Z,W4214415,7540,46.89414,7.19283,33029.1,6.5,10.4,180.7,-44.5,0.2,-1.0,RS41-SG,403.501,6.9,-500,12,2.6,,
2026-05-03T00:40:10.003Z,W4214415,7542,46.89394,7.19282,33042.9,6.4,11.5,186.3,-44.6,0.2,-1.0,RS41-SG,403.501,7.1,-500,12,2.5,,
2026-05-03T00:40:12.003Z,W4214415,7544,46.89374,7.19277,33054.6,5.7,11.3,191.7,-44.6,0.2,-1.0,RS41-SG,403.501,7.1,-500,12,2.6,,
2026-05-03T00:40:17.003Z,W4214415,7549,46.89333,7.19269,33086.1,6.0,8.4,183.8,-44.8,0.2,-1.0,RS41-SG,403.501,6.8,-500,12,2.6,,
2026-05-03T00:40:18.003Z,W4214415,7550,46.89325,7.19267,33092.2,6.2,9.5,188.3,-44.8,0.1,-1.0,RS41-SG,403.501,7.1,-500,12,2.6,,
2026-05-03T00:40:19.003Z,W4214415,7551,46.89316,7.19265,33098.5,6.3,11.2,194.0,-44.9,0.2,-1.0,RS41-SG,403.501,7.1,-500,12,2.5,,
2026-05-03T00:40:26.004Z,W4214415,7558,46.89246,7.19220,33142.6,5.6,6.0,190.3,-45.1,0.2,-1.0,RS41-SG,403.501,7.0,-500,12,2.5,,
2026-05-03T00:40:31.004Z,W4214415,7563,46.89218,7.19235,33173.1,5.7,10.2,166.0,-45.2,0.2,-1.0,RS41-SG,403.501,7.0,-500,12,2.6,,
2026-05-03T00:40:44.004Z,W4214415,7576,46.89112,7.19198,33251.5,6.4,7.5,184.4,-44.8,0.2,-1.0,RS41-SG,403.501,6.7,-500,12,2.5,,
2026-05-03T00:40:45.004Z,W4214415,7577,46.89106,7.19197,33257.7,5.7,7.1,179.4,-44.8,0.2,-1.0,RS41-SG,403.501,7.5,-500,12,2.5,,
2026-05-03T00:40:46.004Z,W4214415,7578,46.89099,7.19197,33263.6,6.0,7.2,180.3,-44.8,0.2,-1.0,RS41-SG,403.501,7.5,-500,12,2.6,,
2026-05-03T00:40:47.004Z,W4214415,7579,46.89092,7.19196,33270.0,6.7,8.1,188.6,-44.7,0.2,-1.0,RS41-SG,403.501,7.0,-500,12,2.6,,
2026-05-03T00:40:48.004Z,W4214415,7580,46.89085,7.19194,33276.8,6.8,9.7,197.9,-44.7,0.2,-1.0,RS41-SG,403.501,7.0,-500,12,2.6,,
2026-05-03T00:40:50.004Z,W4214415,7582,46.89066,7.19181,33289.2,5.2,12.8,208.9,-44.8,0.2,-1.0,RS41-SG,403.501,7.1,-500,12,2.5,,
2026-05-03T00:40:57.004Z,W4214415,7589,46.89014,7.19145,33331.1,6.6,5.5,185.1,-45.0,0.2,-1.0,RS41-SG,403.501,7.4,-500,12,2.5,,
2026-05-03T00:40:58.004Z,W4214415,7590,46.89009,7.19144,33338.1,7.6,6.8,191.3,-45.0,0.2,-1.0,RS41-SG,403.501,7.4,-500,12,2.6,,
2026-05-03T00:40:59.004Z,W4214415,7591,46.89002,7.19141,33345.2,6.5,8.5,198.9,-45.1,0.2,-1.0,RS41-SG,403.501,7.3,-500,12,2.6,,
2026-05-03T00:41:14.004Z,W4214415,7606,46.88945,7.19059,33435.4,6.1,3.2,157.2,-44.4,0.2,-1.0,RS41-SG,403.501,6.9,-500,12,2.5,,
2026-05-03T00:41:15.004Z,W4214415,7607,46.88942,7.19061,33441.3,5.8,3.8,149.8,-44.3,0.2,-1.0,RS41-SG,403.501,7.1,-500,12,2.5,,
2026-05-03T00:41:16.004Z,W4214415,7608,46.88939,7.19063,33447.4,6.4,4.2,157.7,-44.2,0.1,-1.0,RS41-SG,403.501,7.1,-500,12,2.6,,
2026-05-03T00:41:19.004Z,W4214415,7611,46.88926,7.19059,33467.5,5.7,6.2,219.3,-44.0,0.1,-1.0,RS41-SG,403.501,6.5,-500,12,2.5,,
2026-05-03T00:41:27.004Z,W4214415,7619,46.88925,7.19037,33515.2,5.7,3.0,93.8,-43.9,0.1,-1.0,RS41-SG,403.501,7.0,-500,12,2.6,,
2026-05-03T00:41:30.004Z,W4214415,7622,46.88915,7.19043,33533.5,5.7,6.7,186.7,-43.9,0.1,-1.0,RS41-SG,403.501,7.1,-500,12,2.5,,
2026-05-03T00:41:36.004Z,W4214415,7628,46.88904,7.19018,33569.6,4.4,5.9,346.4,-43.9,0.1,-1.0,RS41-SG,403.501,7.5,-500,12,2.5,,
2026-05-03T00:41:43.004Z,W4214415,7635,46.88913,7.19026,33609.2,5.6,5.7,180.8,-43.8,0.2,-1.0,RS41-SG,403.501,7.1,-500,12,2.5,,
2026-05-03T00:41:45.004Z,W4214415,7637,46.88904,7.19026,33622.7,7.1,3.5,181.3,-43.8,0.1,-1.0,RS41-SG,403.501,6.4,-500,12,2.6,,
2026-05-03T00:41:54.004Z,W4214415,7646,46.88913,7.19035,33675.7,6.1,5.1,69.8,-42.8,0.1,-1.0,RS41-SG,403.501,6.9,-500,12,2.5,,
2026-05-03T00:41:55.004Z,W4214415,7647,46.88914,7.19042,33682.0,6.5,6.1,74.9,-42.7,0.1,-1.0,RS41-SG,403.501,7.4,-500,12,2.6,,
2026-05-03T00:41:57.004Z,W4214415,7649,46.88916,7.19057,33694.6,6.0,5.4,83.4,-42.6,0.1,-1.0,RS41-SG,403.501,7.1,-500,12,2.6,,
2026-05-03T00:41:58.004Z,W4214415,7650,46.88916,7.19063,33700.6,6.2,3.7,95.7,-42.6,0.1,-1.0,RS41-SG,403.501,7.1,-500,12,2.5,,
2026-05-03T00:42:00.004Z,W4214415,7652,46.88914,7.19067,33713.0,5.8,2.7,205.0,-42.5,0.1,-1.0,RS41-SG,403.501,6.6,-500,12,2.5,,
2026-05-03T00:42:12.004Z,W4214415,7664,46.88892,7.19105,33784.9,5.6,6.5,182.1,-41.9,0.1,-1.0,RS41-SG,403.501,7.0,-500,12,2.6,,
2026-05-03T00:42:23.004Z,W4214415,7675,46.88853,7.19109,33848.7,5.4,4.6,169.4,-41.6,0.1,-1.0,RS41-SG,403.501,7.1,-500,12,2.6,,
2026-05-03T00:42:26.004Z,W4214415,7678,46.88837,7.19106,33864.0,6.3,7.4,193.5,-41.6,0.1,-1.0,RS41-SG,403.501,6.9,-500,12,2.5,,
2026-05-03T00:42:39.004Z,W4214415,7691,46.88767,7.19076,33942.0,5.9,7.9,172.8,-41.9,0.1,-1.0,RS41-SG,403.501,6.9,-500,12,2.5,,
2026-05-03T00:52:45.004Z,W4214415,8297,46.89444,7.22057,33308.1,-27.3,5.4,200.4,-273.0,-1.0,-1.0,RS41,403.501,6.7,-500,11,2.6,,
2026-05-03T00:52:54.004Z,W4214415,8306,46.89383,7.22019,33069.7,-30.2,9.5,193.3,-273.0,-1.0,-1.0,RS41,403.501,7.2,-500,11,2.5,,
2026-05-03T00:52:56.004Z,W4214415,8308,46.89367,7.22015,33006.8,-32.7,9.6,188.3,-273.0,-1.0,-1.0,RS41,403.501,7.1,-500,11,2.6,,
2026-05-03T00:52:57.004Z,W4214415,8309,46.89358,7.22013,32975.0,-31.5,10.3,189.4,-273.0,-1.0,-1.0,RS41,403.501,7.1,-500,11,2.6,,
2026-05-03T00:52:58.004Z,W4214415,8310,46.89349,7.22010,32944.8,-29.0,11.1,191.4,-273.0,-1.0,-1.0,RS41,403.501,7.1,-500,12,2.6,,
2026-05-03T00:52:59.004Z,W4214415,8311,46.89339,7.22007,32915.0,-30.7,12.2,195.0,-273.0,-1.0,-1.0,RS41,403.501,7.2,-500,10,2.5,,
2026-05-03T00:53:00.004Z,W4214415,8312,46.89329,7.22002,32885.8,-28.6,13.1,201.2,-273.0,-1.0,-1.0,RS41,403.501,7.2,-500,8,2.5,,
2026-05-03T00:53:03.004Z,W4214415,8315,46.89299,7.21979,32802.9,-31.4,11.7,211.1,-273.0,-1.0,-1.0,RS41,403.501,7.0,-500,10,2.6,,
2026-05-03T00:53:04.004Z,W4214415,8316,46.89291,7.21971,32772.3,-29.6,10.8,213.8,-273.0,-1.0,-1.0,RS41,403.501,7.7,-500,11,2.6,,
2026-05-03T00:53:08.004Z,W4214415,8320,46.89266,7.21952,32647.0,-31.4,5.5,187.8,-273.0,-1.0,-1.0,RS41,403.501,6.7,-500,10,2.6,,
2026-05-03T00:53:10.004Z,W4214415,8322,46.89257,7.21953,32585.3,-29.5,5.8,166.6,-273.0,-1.0,-1.0,RS41,403.501,7.1,-500,10,2.6,,
2026-05-03T00:53:11.004Z,W4214415,8323,46.89252,7.21955,32555.1,-32.0,6.0,162.2,-273.0,-1.0,-1.0,RS41,403.501,8.4,-500,11,2.5,,
2026-05-03T00:53:12.004Z,W4214415,8324,46.89246,7.21958,32522.4,-34.6,6.3,162.4,-273.0,-1.0,-1.0,RS41,403.501,8.4,-500,12,2.5,,
2026-05-03T00:53:13.004Z,W4214415,8325,46.89241,7.21961,32490.3,-30.9,5.7,161.1,-273.0,-1.0,-1.0,RS41,403.501,7.5,-500,11,2.5,,
2026-05-03T00:53:14.004Z,W4214415,8326,46.89237,7.21963,32461.5,-26.7,4.0,164.1,-273.0,-1.0,-1.0,RS41,403.501,7.0,-500,11,2.5,,
2026-05-03T00:53:16.004Z,W4214415,8328,46.89231,7.21964,32407.8,-26.6,2.6,196.5,-273.0,-1.0,-1.0,RS41,403.501,7.0,-500,11,2.6,,
2026-05-03T00:53:17.004Z,W4214415,8329,46.89230,7.21963,32381.8,-25.9,1.6,222.5,-273.0,-1.0,-1.0,RS41,403.501,7.6,-500,10,2.6,,
2026-05-03T00:53:18.004Z,W4214415,8330,46.89229,7.21962,32356.1,-26.6,1.3,243.1,-273.0,-1.0,-1.0,RS41,403.501,7.9,-500,11,2.5,,
2026-05-03T00:53:19.004Z,W4214415,8331,46.89229,7.21961,32328.4,-28.6,0.4,244.4,-273.0,-1.0,-1.0,RS41,403.501,7.9,-500,10,2.5,,
2026-05-03T00:53:20.004Z,W4214415,8332,46.89229,7.21962,32298.9,-30.3,1.2,42.5,-273.0,-1.0,-1.0,RS41,403.501,7.6,-500,9,2.5,,
2026-05-03T00:53:21.004Z,W4214415,8333,46.89230,7.21963,32268.0,-31.2,1.1,49.0,-273.0,-1.0,-1.0,RS41,403.501,7.6,-500,10,2.5,,
2026-05-03T00:53:22.004Z,W4214415,8334,46.89230,7.21965,32235.6,-33.3,1.3,75.8,-273.0,-1.0,-1.0,RS41,403.501,7.2,-500,10,2.6,,
2026-05-03T00:53:23.004Z,W4214415,8335,46.89230,7.21967,32202.4,-32.9,1.4,122.8,-273.0,-1.0,-1.0,RS41,403.501,7.1,-500,10,2.6,,
2026-05-03T00:53:24.004Z,W4214415,8336,46.89229,7.21968,32168.4,-35.3,1.5,141.1,-273.0,-1.0,-1.0,RS41,403.501,7.1,-500,10,2.5,,
2026-05-03T00:53:25.004Z,W4214415,8337,46.89228,7.21969,32135.3,-31.6,2.8,186.7,-273.0,-1.0,-1.0,RS41,403.501,8.1,-500,9,2.5,,
2026-05-03T00:53:26.004Z,W4214415,8338,46.89225,7.21968,32102.3,-33.8,3.5,189.5,-273.0,-1.0,-1.0,RS41,403.501,8.1,-500,9,2.5,,
2026-05-03T00:53:27.004Z,W4214415,8339,46.89221,7.21967,32069.6,-31.7,4.8,191.9,-273.0,-1.0,-1.0,RS41,403.501,7.5,-500,9,2.6,,
2026-05-03T00:53:28.004Z,W4214415,8340,46.89216,7.21966,32038.3,-31.5,5.4,197.7,-273.0,-1.0,-1.0,RS41,403.501,7.5,-500,9,2.6,,
2026-05-03T00:53:29.004Z,W4214415,8341,46.89212,7.21963,32006.2,-33.0,5.0,206.4,-273.0,-1.0,-1.0,RS41,403.501,7.2,-500,10,2.6,,
2026-05-03T00:53:30.004Z,W4214415,8342,46.89208,7.21961,31973.1,-33.9,3.9,201.3,-273.0,-1.0,-1.0,RS41,403.501,7.2,-500,9,2.5,,
2026-05-03T00:53:32.004Z,W4214415,8344,46.89202,7.21960,31911.0,-28.5,3.3,178.9,-273.0,-1.0,-1.0,RS41,403.501,7.7,-500,10,2.5,,
2026-05-03T00:53:33.004Z,W4214415,8345,46.89200,7.21961,31883.3,-26.6,3.3,162.2,-273.0,-1.0,-1.0,RS41,403.501,7.7,-500,9,2.5,,
2026-05-03T00:53:34.004Z,W4214415,8346,46.89197,7.21962,31855.8,-27.9,3.6,157.2,-273.0,-1.0,-1.0,RS41,403.501,7.5,-500,10,2.6,,
2026-05-03T00:53:35.004Z,W4214415,8347,46.89194,7.21964,31826.0,-30.5,2.9,153.9,-273.0,-1.0,-1.0,RS41,403.501,6.7,-500,9,2.6,,
2026-05-03T00:53:36.004Z,W4214415,8348,46.89192,7.21966,31794.7,-31.3,2.9,146.3,-273.0,-1.0,-1.0,RS41-SG,403.501,7.1,-500,9,2.5,,
2026-05-03T00:53:37.004Z,W4214415,8349,46.89190,7.21967,31765.1,-28.6,2.8,160.0,-273.0,-1.0,-1.0,RS41-SG,403.501,7.4,-500,11,2.5,,
2026-05-03T00:53:38.004Z,W4214415,8350,46.89188,7.21968,31736.9,-28.9,2.0,174.8,-273.0,-1.0,-1.0,RS41-SG,403.501,7.4,-500,9,2.5,,
2026-05-03T00:53:40.004Z,W4214415,8352,46.89186,7.21968,31680.9,-25.3,0.3,234.6,-273.0,-1.0,-1.0,RS41-SG,403.501,7.0,-500,8,2.6,,
2026-05-03T00:53:41.004Z,W4214415,8353,46.89187,7.21967,31655.5,-25.3,1.6,301.6,-273.0,-1.0,-1.0,RS41-SG,403.501,7.1,-500,11,2.6,,
2026-05-03T00:53:42.004Z,W4214415,8354,46.89187,7.21965,31630.2,-26.1,2.5,305.4,-273.0,-1.0,-1.0,RS41-SG,403.501,7.1,-500,9,2.5,,
2026-05-03T00:53:43.004Z,W4214415,8355,46.89189,7.21963,31605.1,-24.5,2.6,324.8,-273.0,-1.0,-1.0,RS41-SG,403.501,7.7,-500,10,2.5,,
2026-05-03T00:53:44.004Z,W4214415,8356,46.89191,7.21961,31580.3,-25.1,2.8,332.6,-273.0,-1.0,-1.0,RS41-SG,403.501,7.7,-500,10,2.5,,
2026-05-03T00:53:45.004Z,W4214415,8357,46.89193,7.21960,31555.9,-24.9,2.1,327.2,-273.0,-1.0,-1.0,RS41-SG,403.501,7.7,-500,11,2.5,,
2026-05-03T00:53:47.004Z,W4214415,8359,46.89195,7.21957,31503.6,-28.6,0.9,242.6,-273.0,-1.0,-1.0,RS41-SG,403.501,7.7,-500,9,2.6,,
2026-05-03T00:53:48.004Z,W4214415,8360,46.89194,7.21956,31477.4,-25.1,2.8,214.1,-273.0,-1.0,-1.0,RS41-SG,403.501,7.7,-500,10,2.5,,
2026-05-03T00:53:51.004Z,W4214415,8363,46.89182,7.21948,31409.4,-22.9,6.4,208.1,-273.0,-1.0,-1.0,RS41-SG,403.501,6.6,-500,11,2.6,,
2026-05-03T00:53:52.004Z,W4214415,8364,46.89177,7.21944,31385.9,-24.2,7.0,216.7,-273.0,-1.0,-1.0,RS41-SG,403.501,7.1,-500,11,2.6,08:27:43,
2026-05-03T00:53:53.004Z,W4214415,8365,46.89172,7.21938,31361.4,-26.0,7.1,222.1,-273.0,-1.0,-1.0,RS41-SG,403.501,7.1,-500,10,2.6,08:27:43,
2026-05-03T00:53:56.004Z,W4214415,8368,46.89163,7.21918,31277.7,-32.5,6.0,240.6,-273.0,-1.0,-1.0,RS41-SG,403.501,6.8,-500,8,2.5,08:27:43,
2026-05-03T00:53:58.004Z,W4214415,8370,46.89158,7.21908,31219.5,-25.1,5.1,231.3,-273.0,-1.0,-1.0,RS41-SG,403.501,7.1,-500,9,2.6,08:27:43,
2026-05-03T00:54:02.004Z,W4214415,8374,46.89143,7.21896,31109.3,-27.1,5.1,198.0,-273.0,-1.0,-1.0,RS41-SG,403.501,7.3,-500,11,2.5,08:27:43,
2026-05-03T00:54:03.004Z,W4214415,8375,46.89138,7.21894,31083.5,-24.8,7.1,190.0,-273.0,-1.0,-1.0,RS41-SG,403.501,6.6,-500,10,2.6,08:27:43,
2026-05-03T00:54:06.004Z,W4214415,8378,46.89120,7.21891,31015.9,-21.6,6.7,195.2,-273.0,-1.0,-1.0,RS41-SG,403.501,7.0,-500,9,2.5,08:27:43,
2026-05-03T00:54:29.004Z,W4214415,8401,46.88994,7.21887,30469.2,-25.9,5.0,115.8,-273.0,-1.0,-1.0,RS41-SG,403.501,7.0,-500,9,2.6,08:27:43,
2026-05-03T00:54:32.004Z,W4214415,8404,46.88990,7.21900,30390.5,-26.2,2.6,105.7,-273.0,-1.0,-1.0,RS41-SG,403.501,7.3,-500,11,2.5,08:27:43,
2026-05-03T00:54:33.004Z,W4214415,8405,46.88989,7.21903,30365.2,-24.1,2.4,123.9,-273.0,-1.0,-1.0,RS41-SG,403.501,7.3,-500,9,2.5,08:27:43,
2026-05-03T00:54:35.004Z,W4214415,8407,46.88986,7.21907,30318.5,-24.2,3.3,162.1,-273.0,-1.0,-1.0,RS41-SG,403.501,7.2,-500,10,2.6,08:27:43,
2026-05-03T00:54:37.004Z,W4214415,8409,46.88979,7.21909,30272.7,-22.9,5.2,169.9,-273.0,-1.0,-1.0,RS41-SG,403.501,7.2,-500,10,2.5,08:27:43,
2026-05-03T00:54:43.004Z,W4214415,8415,46.88967,7.21903,30078.5,-36.4,4.1,287.4,-273.0,-1.0,-1.0,RS41-SG,403.501,6.5,-500,8,2.5,08:26:52,
2026-05-03T00:55:08.004Z,W4214415,8440,46.88901,7.21829,29452.7,-24.4,3.2,119.8,-273.0,-1.0,-1.0,RS41-SG,403.501,6.6,-500,9,2.5,08:26:52,
2026-05-03T00:55:11.004Z,W4214415,8443,46.88903,7.21840,29378.1,-25.7,2.6,29.2,-273.0,-1.0,-1.0,RS41-SG,403.501,6.3,-500,10,2.6,08:26:52,
2026-05-03T00:55:14.004Z,W4214415,8446,46.88913,7.21836,29301.3,-25.1,5.2,315.1,-273.0,-1.0,-1.0,RS41-SG,403.501,6.9,-500,10,2.5,08:26:52,
2026-05-03T00:55:17.004Z,W4214415,8449,46.88922,7.21818,29222.0,-26.1,5.8,285.1,-273.0,-1.0,-1.0,RS41-SG,403.501,6.7,-500,10,2.6,08:26:52,
2026-05-03T00:55:18.004Z,W4214415,8450,46.88923,7.21811,29195.1,-28.4,5.8,276.9,-273.0,-1.0,-1.0,RS41-SG,403.501,6.7,-500,11,2.5,08:26:52,
2026-05-03T00:55:22.004Z,W4214415,8454,46.88924,7.21778,29084.8,-24.2,7.7,265.6,-273.0,-1.0,-1.0,RS41-SG,403.501,6.5,-500,10,2.6,08:26:52,
2026-05-03T00:55:23.004Z,W4214415,8455,46.88923,7.21768,29061.4,-23.3,8.3,261.1,-273.0,-1.0,-1.0,RS41-SG,403.501,6.6,-500,10,2.6,08:26:52,
2026-05-03T00:55:31.004Z,W4214415,8463,46.88903,7.21720,28869.3,-25.0,1.2,187.1,-273.0,-1.0,-1.0,RS41-SG,403.501,6.8,-500,9,2.5,08:26:52,
2026-05-03T00:55:39.004Z,W4214415,8471,46.88914,7.21695,28693.2,-18.1,4.4,286.4,-48.4,-1.0,-1.0,RS41-SG,403.501,6.7,-500,9,2.6,08:26:52,
2026-05-03T00:55:42.004Z,W4214415,8474,46.88914,7.21684,28631.8,-23.4,1.8,267.8,-48.3,0.2,-1.0,RS41-SG,403.501,7.6,-500,11,2.5,08:26:52,
2026-05-03T00:55:44.004Z,W4214415,8476,46.88914,7.21681,28580.9,-25.7,1.0,268.0,-48.7,0.3,-1.0,RS41-SG,403.501,7.2,-500,10,2.6,08:26:52,
2026-05-03T00:55:45.004Z,W4214415,8477,46.88913,7.21679,28555.2,-25.7,1.5,266.0,-49.0,0.3,-1.0,RS41-SG,403.501,7.2,-500,11,2.6,08:26:52,
2026-05-03T00:55:46.004Z,W4214415,8478,46.88913,7.21676,28530.6,-23.2,2.9,252.6,-49.2,0.3,-1.0,RS41-SG,403.501,7.3,-500,9,2.5,08:26:52,
2026-05-03T00:55:47.004Z,W4214415,8479,46.88912,7.21672,28507.6,-23.1,3.9,253.7,-49.3,0.3,-1.0,RS41-SG,403.501,7.4,-500,11,2.5,08:26:52,
2026-05-03T00:55:48.004Z,W4214415,8480,46.88911,7.21666,28485.6,-21.3,5.2,258.5,-49.4,0.3,-1.0,RS41-SG,403.501,7.7,-500,10,2.5,08:26:52,
2026-05-03T00:55:49.004Z,W4214415,8481,46.88910,7.21659,28465.0,-19.8,6.2,257.5,-49.5,0.3,-1.0,RS41-SG,403.501,7.7,-500,11,2.6,08:26:52,
2026-05-03T00:55:52.004Z,W4214415,8484,46.88906,7.21634,28409.0,-18.7,6.5,258.0,-49.4,0.3,-1.0,RS41-SG,403.501,7.4,-500,10,2.5,08:26:52,
2026-05-03T00:55:53.004Z,W4214415,8485,46.88905,7.21626,28390.2,-19.7,6.2,260.7,-49.4,0.3,-1.0,RS41-SG,403.501,7.4,-500,10,2.5,08:26:52,
2026-05-03T00:55:55.004Z,W4214415,8487,46.88903,7.21611,28348.3,-23.6,5.3,259.8,-49.5,0.3,-1.0,RS41-SG,403.501,7.1,-500,11,2.5,08:26:52,
2026-05-03T00:55:58.004Z,W4214415,8490,46.88899,7.21596,28281.5,-23.3,3.2,233.1,-49.5,0.3,-1.0,RS41-SG,403.501,7.9,-500,11,2.5,08:26:52,
2026-05-03T00:55:59.004Z,W4214415,8491,46.88897,7.21594,28259.5,-21.0,3.1,208.7,-49.5,0.3,-1.0,RS41-SG,403.501,7.9,-500,10,2.5,08:26:52,
2026-05-03T00:56:00.004Z,W4214415,8492,46.88894,7.21592,28237.5,-23.1,3.6,196.1,-49.5,0.3,-1.0,RS41-SG,403.501,7.2,-500,11,2.5,08:26:52,
2026-05-03T00:56:01.004Z,W4214415,8493,46.88891,7.21592,28215.4,-22.1,3.7,178.0,-49.4,0.3,-1.0,RS41-SG,403.501,7.2,-500,10,2.6,08:26:52,
2026-05-03T00:56:03.004Z,W4214415,8495,46.88886,7.21593,28177.0,-18.1,1.8,152.7,-49.3,0.3,-1.0,RS41-SG,403.501,7.1,-500,11,2.5,08:26:52,
2026-05-03T00:56:04.004Z,W4214415,8496,46.88885,7.21594,28159.5,-18.3,0.3,99.8,-49.2,0.3,-1.0,RS41-SG,403.501,7.3,-500,10,2.5,08:26:52,
2026-05-03T00:56:06.004Z,W4214415,8498,46.88886,7.21593,28119.6,-20.4,2.3,313.2,-49.0,0.3,-1.0,RS41-SG,403.501,6.8,-500,10,2.6,08:26:52,
2026-05-03T00:56:07.004Z,W4214415,8499,46.88888,7.21590,28099.1,-20.9,3.6,317.5,-48.9,0.3,-1.0,RS41-SG,403.501,7.2,-500,11,2.6,08:26:52,
2026-05-03T00:56:08.004Z,W4214415,8500,46.88891,7.21587,28077.7,-22.1,4.1,313.4,-48.7,0.3,-1.0,RS41-SG,403.501,7.2,-500,11,2.6,08:26:52,
2026-05-03T00:56:14.004Z,W4214415,8506,46.88893,7.21569,27941.7,-22.1,2.7,206.8,-48.7,0.3,-1.0,RS41-SG,403.501,7.1,-500,11,2.6,08:26:52,
2026-05-03T00:56:21.004Z,W4214415,8513,46.88888,7.21539,27779.1,-22.7,5.5,277.0,-48.3,0.2,-1.0,RS41-SG,403.501,7.2,-500,11,2.5,08:26:52,
2026-05-03T00:56:22.004Z,W4214415,8514,46.88888,7.21532,27756.7,-22.8,5.1,266.4,-48.2,0.2,-1.0,RS41-SG,403.501,7.2,-500,10,2.5,08:26:52,
2026-05-03T00:56:27.004Z,W4214415,8519,46.88882,7.21511,27641.7,-25.0,3.1,203.4,-48.0,0.2,-1.0,RS41-SG,403.501,6.9,-500,10,2.5,08:26:52,
2026-05-03T00:56:28.004Z,W4214415,8520,46.88879,7.21510,27615.3,-28.1,3.7,199.8,-48.0,0.2,-1.0,RS41-SG,403.501,7.5,-500,10,2.5,08:26:52,
2026-05-03T00:56:29.004Z,W4214415,8521,46.88875,7.21508,27587.5,-27.9,5.0,196.3,-48.0,0.2,-1.0,RS41-SG,403.501,7.5,-500,10,2.5,08:26:52,
2026-05-03T00:56:31.004Z,W4214415,8523,46.88864,7.21501,27541.5,-21.2,8.1,205.1,-48.3,0.2,-1.0,RS41-SG,403.501,7.2,-500,10,2.6,08:26:52,
2026-05-03T00:56:36.004Z,W4214415,8528,46.88834,7.21483,27411.7,-25.4,5.5,194.4,-48.1,0.2,-1.0,RS41-SG,403.501,7.4,-500,10,2.6,08:26:52,
2026-05-03T00:56:38.004Z,W4214415,8530,46.88825,7.21483,27365.0,-22.3,4.4,173.9,-48.1,0.2,-1.0,RS41-SG,403.501,6.9,-500,10,2.5,08:26:52,
2026-05-03T00:56:45.004Z,W4214415,8537,46.88794,7.21493,27200.7,-23.0,3.3,167.9,-47.8,0.3,-1.0,RS41-SG,403.501,7.8,-500,10,2.5,08:26:52,
2026-05-03T00:56:46.004Z,W4214415,8538,46.88792,7.21494,27176.9,-24.2,1.9,174.0,-47.7,0.2,-1.0,RS41-SG,403.501,7.8,-500,11,2.5,08:26:52,
2026-05-03T00:56:49.004Z,W4214415,8541,46.88790,7.21496,27106.5,-24.3,1.1,67.8,-47.8,0.2,-1.0,RS41-SG,403.501,7.3,-500,9,2.5,08:26:52,
2026-05-03T00:56:52.004Z,W4214415,8544,46.88790,7.21500,27035.5,-23.6,1.8,118.0,-48.1,0.3,-1.0,RS41-SG,403.501,7.7,-500,9,2.6,08:26:52,
2026-05-03T00:56:56.004Z,W4214415,8548,46.88787,7.21502,26949.7,-19.3,1.5,195.2,-48.8,0.3,-1.0,RS41-SG,403.501,7.4,-500,10,2.5,08:26:52,
2026-05-03T00:56:57.004Z,W4214415,8549,46.88786,7.21502,26929.4,-21.4,0.9,201.2,-48.9,0.3,-1.0,RS41-SG,403.501,7.4,-500,10,2.6,08:26:52,
2026-05-03T00:56:58.004Z,W4214415,8550,46.88785,7.21502,26907.9,-22.7,0.8,248.7,-49.0,0.3,-1.0,RS41-SG,403.501,6.9,-500,8,2.6,08:26:52,
2026-05-03T00:57:01.004Z,W4214415,8553,46.88783,7.21503,26836.7,-20.2,0.9,118.6,-49.3,0.3,-1.0,RS41-SG,403.501,6.9,-500,9,2.5,08:26:52,
2026-05-03T00:57:02.004Z,W4214415,8554,46.88783,7.21505,26817.4,-18.2,2.4,93.9,-49.4,0.3,-1.0,RS41-SG,403.501,7.1,-500,10,2.6,08:26:52,
2026-05-03T00:57:03.004Z,W4214415,8555,46.88783,7.21508,26798.2,-20.6,2.1,104.8,-49.3,0.3,-1.0,RS41-SG,403.501,7.4,-500,10,2.6,08:26:52,
2026-05-03T00:57:05.004Z,W4214415,8557,46.88783,7.21513,26754.1,-20.1,2.1,65.1,-49.3,0.3,-1.0,RS41-SG,403.501,6.7,-500,10,2.5,08:26:52,
2026-05-03T00:57:08.004Z,W4214415,8560,46.88789,7.21517,26694.9,-18.1,2.9,0.8,-49.1,0.2,-1.0,RS41-SG,403.501,7.2,-500,10,2.6,08:26:52,
2026-05-03T00:57:10.004Z,W4214415,8562,46.88793,7.21517,26657.2,-20.3,1.1,336.0,-49.1,0.3,-1.0,RS41-SG,403.501,6.8,-500,10,2.5,08:26:52,
2026-05-03T00:57:11.004Z,W4214415,8563,46.88793,7.21517,26638.0,-18.5,0.3,107.9,-49.1,0.3,-1.0,RS41-SG,403.501,7.6,-500,10,2.5,08:26:52,
2026-05-03T00:57:12.004Z,W4214415,8564,46.88792,7.21517,26619.8,-17.9,1.7,145.9,-49.2,0.3,-1.0,RS41-SG,403.501,7.6,-500,9,2.5,08:26:52,
2026-05-03T00:57:19.004Z,W4214415,8571,46.88777,7.21558,26505.5,-16.6,5.4,91.4,-49.7,0.3,-1.0,RS41-SG,403.501,6.8,-500,11,2.6,08:26:52,
2026-05-03T00:57:29.004Z,W4214415,8581,46.88773,7.21582,26336.7,-16.7,3.7,144.0,-50.0,0.3,-1.0,RS41-SG,403.501,6.9,-500,10,2.6,08:26:52,
