timestamp,serial,frame,lat,lon,alt,vel_v,vel_h,heading,temp,humidity,pressure,type,freq_mhz,snr,f_error_hz,sats,batt_v,burst_timer,aux_data
2026-05-28T12:19:26.004Z,W4215091,7341,46.62205,7.10464,24292.4,5.5,13.8,249.4,-273.0,-1.0,-1.0,RS41,404.500,7.1,250,10,2.7,,
2026-05-28T12:19:30.004Z,W4215091,7345,46.62179,7.10392,24312.8,6.4,15.7,244.5,-273.0,-1.0,-1.0,RS41,404.500,7.0,250,10,2.6,,
2026-05-28T12:19:34.004Z,W4215091,7349,46.62165,7.10325,24333.1,5.6,10.5,258.9,-273.0,-1.0,-1.0,RS41,404.500,6.9,250,10,2.6,,
2026-05-28T12:19:35.004Z,W4215091,7350,46.62163,7.10312,24338.4,5.0,9.5,259.9,-273.0,-1.0,-1.0,RS41,404.500,7.7,250,10,2.6,,
2026-05-28T12:19:36.004Z,W4215091,7351,46.62162,7.10300,24343.6,5.3,9.1,261.9,-273.0,-1.0,-1.0,RS41,404.500,7.7,250,10,2.7,,
2026-05-28T12:19:37.004Z,W4215091,7352,46.62161,7.10288,24349.4,6.4,9.7,264.8,-273.0,-1.0,-1.0,RS41,404.500,7.5,250,10,2.7,,
2026-05-28T12:19:38.004Z,W4215091,7353,46.62160,7.10275,24355.1,5.0,10.6,265.9,-273.0,-1.0,-1.0,RS41,404.500,8.1,250,10,2.6,,
2026-05-28T12:19:40.004Z,W4215091,7355,46.62158,7.10244,24364.1,5.5,12.9,259.9,-273.0,-1.0,-1.0,RS41,404.500,8.3,250,10,2.6,,
2026-05-28T12:19:41.004Z,W4215091,7356,46.62155,7.10227,24369.7,5.6,13.9,254.0,-273.0,-1.0,-1.0,RS41,404.500,8.3,250,10,2.7,,
2026-05-28T12:19:42.004Z,W4215091,7357,46.62151,7.10210,24374.8,4.7,14.6,250.3,-273.0,-1.0,-1.0,RS41,404.500,8.3,250,10,2.7,,
2026-05-28T12:19:43.004Z,W4215091,7358,46.62146,7.10191,24380.0,5.7,15.3,250.4,-273.0,-1.0,-1.0,RS41,404.500,8.2,250,10,2.6,,
2026-05-28T12:19:44.004Z,W4215091,7359,46.62142,7.10172,24386.1,6.3,15.6,253.6,-273.0,-1.0,-1.0,RS41,404.500,7.8,250,10,2.6,,
2026-05-28T12:19:47.004Z,W4215091,7362,46.62134,7.10117,24402.2,6.4,12.4,262.1,-273.0,-1.0,-1.0,RS41,404.500,7.5,250,10,2.7,,
2026-05-28T12:19:48.004Z,W4215091,7363,46.62133,7.10102,24407.8,4.7,10.9,261.8,-273.0,-1.0,-1.0,RS41,404.500,7.5,250,10,2.6,,
2026-05-28T12:19:49.004Z,W4215091,7364,46.62131,7.10089,24412.2,4.2,9.5,262.4,-273.0,-1.0,-1.0,RS41,404.500,7.1,250,10,2.6,,
2026-05-28T12:19:50.004Z,W4215091,7365,46.62131,7.10077,24417.0,5.4,8.8,267.1,-273.0,-1.0,-1.0,RS41,404.500,7.3,250,10,2.6,,
2026-05-28T12:19:51.004Z,W4215091,7366,46.62131,7.10065,24422.5,5.6,9.1,271.5,-273.0,-1.0,-1.0,RS41,404.500,8.1,250,10,2.7,,
2026-05-28T12:19:52.004Z,W4215091,7367,46.62131,7.10053,24427.8,5.0,10.0,271.3,-273.0,-1.0,-1.0,RS41,404.500,8.1,250,10,2.7,,
2026-05-28T12:19:53.004Z,W4215091,7368,46.62131,7.10039,24433.5,6.3,11.1,265.8,-273.0,-1.0,-1.0,RS41,404.500,8.3,250,10,2.6,,
2026-05-28T12:19:55.004Z,W4215091,7370,46.62127,7.10008,24444.7,4.1,13.1,254.5,-273.0,-1.0,-1.0,RS41,404.500,7.6,250,10,2.6,,
2026-05-28T12:19:56.004Z,W4215091,7371,46.62123,7.09991,24449.0,4.5,14.2,252.1,-273.0,-1.0,-1.0,RS41,404.500,7.7,250,10,2.7,,
2026-05-28T12:19:57.004Z,W4215091,7372,46.62119,7.09973,24454.0,5.6,15.0,253.0,-273.0,-1.0,-1.0,RS41,404.500,8.0,250,10,2.7,,
2026-05-28T12:19:59.004Z,W4215091,7374,46.62112,7.09935,24464.8,4.6,14.5,257.7,-273.0,-1.0,-1.0,RS41,404.500,7.6,250,10,2.6,,
2026-05-28T12:20:00.004Z,W4215091,7375,46.62110,7.09918,24469.4,4.7,13.3,258.4,-273.0,-1.0,-1.0,RS41,404.500,7.5,250,10,2.6,,
2026-05-28T12:20:03.004Z,W4215091,7378,46.62103,7.09876,24484.6,4.6,9.2,254.9,-273.0,-1.0,-1.0,RS41,404.500,7.2,250,10,2.6,,
2026-05-28T12:20:04.004Z,W4215091,7379,46.62101,7.09864,24490.0,6.3,8.7,260.0,-273.0,-1.0,-1.0,RS41-SG,404.500,7.2,250,10,2.6,,
2026-05-28T12:20:05.004Z,W4215091,7380,46.62100,7.09853,24496.1,5.8,9.2,267.5,-273.0,-1.0,-1.0,RS41-SG,404.500,6.9,250,10,2.6,,
2026-05-28T12:20:07.004Z,W4215091,7382,46.62100,7.09827,24505.7,5.6,11.2,271.4,-273.0,-1.0,-1.0,RS41-SG,404.500,7.9,250,10,2.7,,
2026-05-28T12:20:09.004Z,W4215091,7384,46.62100,7.09795,24517.4,5.3,12.9,266.2,-273.0,-1.0,-1.0,RS41-SG,404.500,7.4,250,10,2.6,,
2026-05-28T12:20:10.004Z,W4215091,7385,46.62099,7.09778,24522.9,5.7,13.9,265.8,-273.0,-1.0,-1.0,RS41-SG,404.500,7.4,250,10,2.6,,
2026-05-28T12:20:19.004Z,W4215091,7394,46.62091,7.09630,24569.3,4.7,10.7,273.3,-273.0,-1.0,-1.0,RS41-SG,404.500,7.1,250,10,2.6,,
2026-05-28T12:20:20.004Z,W4215091,7395,46.62092,7.09616,24574.0,4.8,11.2,276.4,-273.0,-1.0,-1.0,RS41-SG,404.500,8.1,250,10,2.6,,
2026-05-28T12:20:23.004Z,W4215091,7398,46.62094,7.09573,24590.2,4.6,11.0,269.5,-273.0,-1.0,-1.0,RS41-SG,404.500,7.9,250,10,2.6,,
2026-05-28T12:20:24.004Z,W4215091,7399,46.62094,7.09558,24595.3,5.5,11.1,269.4,-55.5,-1.0,-1.0,RS41-SG,404.500,7.9,250,10,2.6,,
2026-05-28T12:20:25.004Z,W4215091,7400,46.62094,7.09544,24601.1,6.0,11.4,271.0,-55.6,-1.0,-1.0,RS41-SG,404.500,7.3,250,10,2.6,,
2026-05-28T12:20:30.004Z,W4215091,7405,46.62089,7.09475,24627.3,4.5,9.8,250.2,-55.5,-1.0,-1.0,RS41-SG,404.500,8.3,250,10,2.6,,
2026-05-28T12:20:31.004Z,W4215091,7406,46.62086,7.09463,24632.6,6.2,9.9,250.8,-55.6,-1.0,-1.0,RS41-SG,404.500,8.3,250,10,2.7,,
2026-05-28T12:20:32.004Z,W4215091,7407,46.62083,7.09450,24638.2,4.9,10.3,253.7,-55.6,-1.0,-1.0,RS41-SG,404.500,7.3,250,10,2.7,,
2026-05-28T12:20:33.004Z,W4215091,7408,46.62080,7.09437,24643.2,5.1,10.6,255.6,-55.5,-1.0,-1.0,RS41-SG,404.500,7.6,250,10,2.6,,
2026-05-28T12:20:34.004Z,W4215091,7409,46.62078,7.09424,24648.7,5.9,10.6,253.8,-55.4,-1.0,-1.0,RS41-SG,404.500,7.7,250,10,2.6,,
2026-05-28T12:20:35.004Z,W4215091,7410,46.62075,7.09411,24654.4,5.4,10.6,250.2,-55.4,-1.0,-1.0,RS41-SG,404.500,7.7,250,10,2.6,,
2026-05-28T12:20:36.004Z,W4215091,7411,46.62072,7.09398,24658.8,3.4,10.6,247.7,-55.2,-1.0,-1.0,RS41-SG,404.500,8.2,250,10,2.7,,
2026-05-28T12:20:37.004Z,W4215091,7412,46.62068,7.09385,24662.8,4.6,11.0,247.3,-55.1,-1.0,-1.0,RS41-SG,404.500,8.2,250,10,2.7,,
2026-05-28T12:20:38.004Z,W4215091,7413,46.62064,7.09371,24668.2,6.2,11.8,249.7,-55.0,-1.0,-1.0,RS41-SG,404.500,7.7,250,10,2.6,,
2026-05-28T12:20:39.004Z,W4215091,7414,46.62060,7.09356,24674.0,5.4,12.4,251.2,-55.0,-1.0,-1.0,RS41-SG,404.500,8.3,250,10,2.6,,
2026-05-28T12:20:40.004Z,W4215091,7415,46.62057,7.09341,24679.5,5.5,12.8,251.1,-54.9,-1.0,-1.0,RS41-SG,404.500,8.3,250,10,2.6,,
2026-05-28T12:20:41.004Z,W4215091,7416,46.62053,7.09325,24685.5,6.3,12.7,247.6,-55.0,-1.0,-1.0,RS41-SG,404.500,7.3,250,10,2.7,,
2026-05-28T12:20:42.004Z,W4215091,7417,46.62048,7.09311,24691.3,5.3,12.4,242.5,-55.0,-1.0,-1.0,RS41-SG,404.500,7.3,250,10,2.7,,
2026-05-28T12:20:43.004Z,W4215091,7418,46.62043,7.09297,24695.9,3.9,12.0,238.2,-55.0,-1.0,-1.0,RS41-SG,404.500,7.7,250,10,2.6,,
2026-05-28T12:20:44.004Z,W4215091,7419,46.62037,7.09284,24700.7,5.7,11.7,236.0,-55.0,-1.0,-1.0,RS41-SG,404.500,7.9,250,10,2.6,,
2026-05-28T12:20:45.004Z,W4215091,7420,46.62031,7.09271,24706.6,6.1,11.6,238.4,-55.0,-1.0,-1.0,RS41-SG,404.500,7.9,250,10,2.6,,
2026-05-28T12:20:46.004Z,W4215091,7421,46.62026,7.09258,24711.8,4.3,11.6,240.9,-54.9,-1.0,-1.0,RS41-SG,404.500,7.5,250,10,2.7,,
2026-05-28T12:20:47.004Z,W4215091,7422,46.62021,7.09245,24716.6,5.4,11.6,240.1,-54.9,-1.0,-1.0,RS41-SG,404.500,9.1,250,10,2.7,,
2026-05-28T12:20:48.004Z,W4215091,7423,46.62015,7.09232,24722.5,6.3,11.6,237.2,-54.8,-1.0,-1.0,RS41-SG,404.500,9.1,250,10,2.6,,
2026-05-28T12:20:49.004Z,W4215091,7424,46.62010,7.09220,24728.1,4.9,11.6,234.0,-54.7,-1.0,-1.0,RS41-SG,404.500,8.2,250,10,2.6,,
2026-05-28T12:20:50.004Z,W4215091,7425,46.62003,7.09208,24733.2,5.3,11.7,233.8,-54.7,-1.0,-1.0,RS41-SG,404.500,7.4,250,10,2.6,,
2026-05-28T12:20:56.004Z,W4215091,7431,46.61975,7.09119,24765.7,5.2,12.3,244.4,-54.8,-1.0,-1.0,RS41-SG,404.500,7.8,250,10,2.7,,
2026-05-28T12:20:59.004Z,W4215091,7434,46.61958,7.09076,24781.5,5.7,13.7,240.0,-54.8,-1.0,-1.0,RS41-SG,404.500,7.0,250,10,2.6,,
2026-05-28T12:21:04.004Z,W4215091,7439,46.61919,7.08990,24807.0,4.4,17.0,232.1,-54.8,-1.0,-1.0,RS41-SG,404.500,6.1,250,10,2.6,,
2026-05-28T12:21:07.004Z,W4215091,7442,46.61894,7.08935,24823.5,5.6,17.1,242.4,-54.8,-1.0,-1.0,RS41-SG,404.500,7.7,250,10,2.7,,
2026-05-28T12:21:08.004Z,W4215091,7443,46.61887,7.08915,24828.2,3.9,16.8,245.6,-54.8,-1.0,-1.0,RS41-SG,404.500,7.7,250,10,2.6,,
2026-05-28T12:21:09.004Z,W4215091,7444,46.61881,7.08895,24833.0,5.6,16.0,247.8,-54.8,-1.0,-1.0,RS41-SG,404.500,8.4,250,10,2.6,,
2026-05-28T12:21:12.004Z,W4215091,7447,46.61865,7.08843,24850.4,6.2,14.2,241.3,-54.9,-1.0,-1.0,RS41-SG,404.500,8.8,250,10,2.7,,
2026-05-28T12:21:13.004Z,W4215091,7448,46.61858,7.08827,24856.9,6.8,15.0,240.7,-54.9,-1.0,-1.0,RS41-SG,404.500,8.8,250,10,2.6,,
2026-05-28T12:21:14.004Z,W4215091,7449,46.61852,7.08809,24862.7,4.8,15.9,240.6,-54.8,-1.0,-1.0,RS41-SG,404.500,8.7,250,10,2.6,,
2026-05-28T12:21:16.004Z,W4215091,7451,46.61836,7.08772,24873.3,6.1,17.5,235.8,-54.7,-1.0,-1.0,RS41-SG,404.500,8.7,250,10,2.7,,
2026-05-28T12:21:22.004Z,W4215091,7457,46.61788,7.08647,24907.8,4.6,18.5,253.6,-54.7,-1.0,-1.0,RS41-SG,404.500,7.5,250,9,2.7,,
2026-05-28T12:21:23.004Z,W4215091,7458,46.61784,7.08625,24913.0,5.8,17.1,256.9,-54.7,-1.0,-1.0,RS41-SG,404.500,7.5,250,9,2.6,,
2026-05-28T12:21:24.004Z,W4215091,7459,46.61781,7.08604,24919.1,6.3,15.5,256.3,-54.7,-1.0,-1.0,RS41-SG,404.500,9.2,250,10,2.6,,
2026-05-28T12:21:25.004Z,W4215091,7460,46.61777,7.08585,24924.2,3.9,14.3,255.0,-54.6,-1.0,-1.0,RS41-SG,404.500,9.2,250,10,2.6,,
2026-05-28T12:21:27.004Z,W4215091,7462,46.61771,7.08551,24934.5,6.5,13.8,253.1,-54.5,-1.0,-1.0,RS41-SG,404.500,9.0,250,10,2.7,,
2026-05-28T12:21:28.004Z,W4215091,7463,46.61767,7.08533,24940.8,5.9,14.7,253.7,-54.4,-1.0,-1.0,RS41-SG,404.500,9.0,250,10,2.6,,
2026-05-28T12:21:29.004Z,W4215091,7464,46.61763,7.08514,24946.0,4.5,15.4,253.5,-54.4,-1.0,-1.0,RS41-SG,404.500,7.5,250,10,2.6,,
2026-05-28T12:21:30.004Z,W4215091,7465,46.61759,7.08495,24950.9,5.4,15.9,252.5,-54.4,-1.0,-1.0,RS41-SG,404.500,7.9,250,10,2.6,,
2026-05-28T12:21:31.004Z,W4215091,7466,46.61755,7.08475,24956.8,6.4,16.0,250.7,-54.3,-1.0,-1.0,RS41-SG,404.500,8.4,250,10,2.7,,
2026-05-28T12:21:32.004Z,W4215091,7467,46.61750,7.08456,24962.7,5.4,15.8,249.4,-54.3,-1.0,-1.0,RS41-SG,404.500,8.4,250,10,2.7,,
2026-05-28T12:21:33.004Z,W4215091,7468,46.61745,7.08437,24968.0,5.2,15.5,250.2,-54.3,-1.0,-1.0,RS41-SG,404.500,8.0,250,10,2.6,,
2026-05-28T12:21:34.004Z,W4215091,7469,46.61741,7.08417,24973.5,5.9,15.6,254.2,-54.3,-1.0,-1.0,RS41-SG,404.500,8.4,250,10,2.6,,
2026-05-28T12:21:35.004Z,W4215091,7470,46.61737,7.08397,24979.5,6.0,16.0,259.5,-54.3,-1.0,-1.0,RS41-SG,404.500,8.4,250,10,2.6,,
2026-05-28T12:21:38.004Z,W4215091,7473,46.61734,7.08336,24995.1,5.9,14.5,270.5,-54.3,-1.0,-1.0,RS41-SG,404.500,8.1,250,10,2.6,,
2026-05-28T12:21:39.004Z,W4215091,7474,46.61734,7.08318,25001.3,6.5,12.9,269.9,-54.3,-1.0,-1.0,RS41-SG,404.500,9.1,250,10,2.6,,
2026-05-28T12:21:40.004Z,W4215091,7475,46.61734,7.08302,25007.0,4.8,11.8,266.5,-54.3,-1.0,-1.0,RS41-SG,404.500,9.1,250,10,2.6,,
2026-05-28T12:21:41.004Z,W4215091,7476,46.61733,7.08287,25011.9,5.1,11.5,262.2,-54.3,-1.0,-1.0,RS41-SG,404.500,9.1,250,10,2.7,,
2026-05-28T12:21:42.004Z,W4215091,7477,46.61731,7.08272,25017.7,6.3,12.4,257.4,-54.3,-1.0,-1.0,RS41-SG,404.500,9.1,250,10,2.7,,
2026-05-28T12:21:43.004Z,W4215091,7478,46.61728,7.08255,25024.1,6.5,14.0,254.6,-54.3,-1.0,-1.0,RS41-SG,404.500,9.1,250,10,2.6,,
2026-05-28T12:21:44.004Z,W4215091,7479,46.61725,7.08237,25029.6,4.3,15.2,253.4,-54.3,-1.0,-1.0,RS41-SG,404.500,9.2,250,10,2.6,,
2026-05-28T12:21:45.004Z,W4215091,7480,46.61720,7.08218,25034.1,4.8,16.1,251.3,-54.3,-1.0,-1.0,RS41-SG,404.500,9.2,250,10,2.6,,
2026-05-28T12:21:46.004Z,W4215091,7481,46.61716,7.08198,25039.9,6.7,16.0,249.9,-54.3,-1.0,-1.0,RS41-SG,404.500,7.7,250,10,2.7,,
2026-05-28T12:21:47.004Z,W4215091,7482,46.61711,7.08179,25046.2,5.9,15.2,249.8,-54.4,-1.0,-1.0,RS41-SG,404.500,8.8,250,10,2.7,,
2026-05-28T12:21:48.004Z,W4215091,7483,46.61706,7.08161,25051.7,5.3,14.3,252.4,-54.3,-1.0,-1.0,RS41-SG,404.500,9.1,250,10,2.6,,
2026-05-28T12:21:49.004Z,W4215091,7484,46.61703,7.08143,25057.5,6.2,13.8,257.9,-54.3,-1.0,-1.0,RS41-SG,404.500,9.1,250,10,2.6,,
2026-05-28T12:21:50.004Z,W4215091,7485,46.61701,7.08125,25063.7,6.3,13.9,263.6,-54.2,-1.0,-1.0,RS41-SG,404.500,8.3,250,10,2.6,,
2026-05-28T12:21:51.004Z,W4215091,7486,46.61700,7.08107,25069.5,5.2,13.9,268.2,-54.2,-1.0,-1.0,RS41-SG,404.500,8.4,250,10,2.7,,
2026-05-28T12:21:52.004Z,W4215091,7487,46.61700,7.08090,25075.0,5.9,13.2,272.4,-54.1,-1.0,-1.0,RS41-SG,404.500,8.4,250,10,2.7,,
2026-05-28T12:21:54.004Z,W4215091,7489,46.61702,7.08059,25086.9,6.0,10.7,272.8,-54.2,-1.0,-1.0,RS41-SG,404.500,7.9,250,10,2.6,,
2026-05-28T12:21:55.004Z,W4215091,7490,46.61702,7.08045,25092.3,4.6,10.4,268.4,-54.1,-1.0,-1.0,RS41-SG,404.500,9.6,250,10,2.6,,
2026-05-28T12:21:56.004Z,W4215091,7491,46.61701,7.08031,25097.6,6.1,11.2,262.0,-54.1,-1.0,-1.0,RS41-SG,404.500,9.6,250,10,2.7,,
2026-05-28T12:21:57.004Z,W4215091,7492,46.61699,7.08016,25104.3,7.2,13.3,256.6,-54.2,0.9,-1.0,RS41-SG,404.500,9.3,250,10,2.7,,
2026-05-28T12:21:58.004Z,W4215091,7493,46.61696,7.07998,25110.4,5.0,14.9,254.3,-54.3,0.9,-1.0,RS41-SG,404.500,9.3,250,10,2.6,,
2026-05-28T12:21:59.004Z,W4215091,7494,46.61692,7.07978,25115.2,4.6,16.4,253.6,-54.3,0.9,-1.0,RS41-SG,404.500,9.1,250,10,2.6,,
2026-05-28T12:22:00.004Z,W4215091,7495,46.61688,7.07957,25120.5,6.1,16.8,254.3,-54.3,0.9,-1.0,RS41-SG,404.500,8.9,250,10,2.6,,
2026-05-28T12:22:01.004Z,W4215091,7496,46.61684,7.07937,25127.0,6.9,16.0,255.8,-54.3,0.9,-1.0,RS41-SG,404.500,8.8,250,10,2.7,,
2026-05-28T12:22:02.004Z,W4215091,7497,46.61681,7.07917,25133.1,5.2,15.1,257.8,-54.2,0.9,-1.0,RS41-SG,404.500,8.8,250,10,2.7,,
2026-05-28T12:22:03.004Z,W4215091,7498,46.61678,7.07898,25138.2,5.2,14.5,260.3,-54.1,0.8,-1.0,RS41-SG,404.500,9.5,250,10,2.6,,
2026-05-28T12:22:04.004Z,W4215091,7499,46.61676,7.07880,25144.2,6.8,14.2,262.3,-54.1,0.9,-1.0,RS41-SG,404.500,9.5,250,10,2.6,,
2026-05-28T12:22:05.004Z,W4215091,7500,46.61675,7.07862,25150.8,6.3,14.1,263.3,-54.0,0.8,-1.0,RS41-SG,404.500,9.1,250,10,2.6,,
2026-05-28T12:22:06.004Z,W4215091,7501,46.61673,7.07844,25156.8,5.7,13.7,264.7,-53.9,0.9,-1.0,RS41-SG,404.500,8.9,250,10,2.7,,
2026-05-28T12:22:07.004Z,W4215091,7502,46.61672,7.07826,25162.7,6.3,12.8,267.5,-53.9,0.8,-1.0,RS41-SG,404.500,8.9,250,10,2.7,,
2026-05-28T12:22:08.004Z,W4215091,7503,46.61672,7.07810,25168.8,5.9,11.8,271.7,-53.9,0.8,-1.0,RS41-SG,404.500,8.8,250,10,2.6,,
2026-05-28T12:22:09.004Z,W4215091,7504,46.61673,7.07795,25174.2,4.9,11.3,274.4,-53.8,0.8,-1.0,RS41-SG,404.500,9.6,250,10,2.6,,
2026-05-28T12:22:10.004Z,W4215091,7505,46.61674,7.07780,25179.7,6.1,11.7,275.7,-53.7,0.8,-1.0,RS41-SG,404.500,9.6,250,10,2.6,,
2026-05-28T12:22:11.004Z,W4215091,7506,46.61675,7.07764,25186.3,7.0,12.9,272.7,-53.7,0.8,-1.0,RS41-SG,404.500,9.3,250,10,2.7,,
2026-05-28T12:22:12.004Z,W4215091,7507,46.61675,7.07747,25192.7,5.7,13.9,269.3,-53.7,0.8,-1.0,RS41-SG,404.500,9.5,250,10,2.7,,
2026-05-28T12:22:13.004Z,W4215091,7508,46.61674,7.07729,25198.2,5.4,14.5,266.2,-53.6,0.8,-1.0,RS41-SG,404.500,9.5,250,10,2.6,,
2026-05-28T12:22:14.004Z,W4215091,7509,46.61673,7.07710,25204.2,6.7,14.2,263.7,-53.5,0.8,-1.0,RS41-SG,404.500,8.8,250,10,2.6,,
2026-05-28T12:22:15.004Z,W4215091,7510,46.61672,7.07692,25210.6,6.0,13.6,262.1,-53.5,0.8,-1.0,RS41-SG,404.500,8.2,250,10,2.6,,
2026-05-28T12:22:16.004Z,W4215091,7511,46.61670,7.07675,25216.2,5.2,13.0,260.2,-53.4,0.9,-1.0,RS41-SG,404.500,7.3,250,10,2.7,,
2026-05-28T12:22:17.004Z,W4215091,7512,46.61668,7.07658,25221.9,6.2,12.9,258.1,-53.4,0.8,-1.0,RS41-SG,404.500,8.6,250,10,2.7,,
2026-05-28T12:22:19.004Z,W4215091,7514,46.61662,7.07625,25234.1,4.7,13.5,256.5,-53.3,0.8,-1.0,RS41-SG,404.500,8.2,250,10,2.6,,
2026-05-28T12:22:20.004Z,W4215091,7515,46.61660,7.07608,25239.2,5.7,13.1,256.6,-53.2,0.8,-1.0,RS41-SG,404.500,8.2,250,10,2.6,,
2026-05-28T12:22:21.004Z,W4215091,7516,46.61657,7.07592,25245.3,6.5,12.0,257.5,-53.2,0.8,-1.0,RS41-SG,404.500,8.3,250,10,2.7,,
2026-05-28T12:22:31.004Z,W4215091,7526,46.61652,7.07440,25304.9,6.3,12.2,261.0,-52.6,0.8,-1.0,RS41-SG,404.500,7.2,250,10,2.7,,
2026-05-28T12:22:36.004Z,W4215091,7531,46.61642,7.07358,25334.7,5.6,11.5,264.0,-52.4,0.8,-1.0,RS41-SG,404.500,7.2,250,10,2.7,,
2026-05-28T12:22:37.004Z,W4215091,7532,46.61642,7.07343,25340.4,5.8,11.1,268.4,-52.4,0.8,-1.0,RS41-SG,404.500,7.5,250,10,2.7,,
2026-05-28T12:22:38.004Z,W4215091,7533,46.61642,7.07329,25346.7,6.8,11.7,272.0,-52.4,0.8,-1.0,RS41-SG,404.500,7.7,250,10,2.6,,
2026-05-28T12:22:39.004Z,W4215091,7534,46.61642,7.07313,25353.2,6.2,12.7,273.6,-52.3,0.8,-1.0,RS41-SG,404.500,7.7,250,10,2.6,,
2026-05-28T12:22:41.004Z,W4215091,7536,46.61644,7.07278,25364.1,5.8,13.7,272.9,-52.2,0.7,-1.0,RS41-SG,404.500,7.1,250,10,2.7,,
2026-05-28T12:22:42.004Z,W4215091,7537,46.61644,7.07261,25370.4,7.0,13.0,271.1,-52.3,0.8,-1.0,RS41-SG,404.500,7.1,250,10,2.7,,
2026-05-28T12:22:43.004Z,W4215091,7538,46.61644,7.07244,25376.5,5.3,12.4,269.3,-52.1,0.8,-1.0,RS41-SG,404.500,6.8,250,10,2.6,,
2026-05-28T12:22:44.004Z,W4215091,7539,46.61644,7.07228,25382.0,5.6,12.3,266.2,-52.0,0.8,-1.0,RS41-SG,404.500,7.0,250,10,2.6,,
2026-05-28T12:22:45.004Z,W4215091,7540,46.61643,7.07212,25387.8,6.0,12.9,263.8,-52.0,0.8,-1.0,RS41-SG,404.500,7.0,250,10,2.6,,
2026-05-28T12:22:47.004Z,W4215091,7542,46.61639,7.07176,25400.1,5.5,14.8,262.1,-51.9,0.7,-1.0,RS41-SG,404.500,7.1,250,10,2.7,,
2026-05-28T12:22:48.004Z,W4215091,7543,46.61638,7.07157,25404.9,4.3,15.0,261.9,-51.8,0.8,-1.0,RS41-SG,404.500,7.4,250,10,2.6,,
2026-05-28T12:22:50.004Z,W4215091,7545,46.61634,7.07120,25416.1,6.8,13.2,260.6,-51.8,0.8,-1.0,RS41-SG,404.500,7.3,250,10,2.6,,
2026-05-28T12:22:51.004Z,W4215091,7546,46.61632,7.07104,25422.0,4.9,11.9,261.7,-51.8,0.8,-1.0,RS41-SG,404.500,7.7,250,10,2.7,,
2026-05-28T12:22:52.004Z,W4215091,7547,46.61631,7.07089,25427.3,5.6,11.0,266.1,-51.8,0.7,-1.0,RS41-SG,404.500,7.9,250,10,2.7,,
2026-05-28T12:22:53.004Z,W4215091,7548,46.61631,7.07075,25433.4,6.7,11.1,273.1,-51.8,0.8,-1.0,RS41-SG,404.500,8.3,250,10,2.6,,
2026-05-28T12:22:54.004Z,W4215091,7549,46.61632,7.07060,25439.8,6.0,12.0,278.8,-51.8,0.7,-1.0,RS41-SG,404.500,8.3,250,10,2.6,,
2026-05-28T12:22:55.004Z,W4215091,7550,46.61634,7.07044,25444.9,4.3,12.7,281.9,-51.8,0.8,-1.0,RS41-SG,404.500,7.7,250,10,2.6,,
2026-05-28T12:22:56.004Z,W4215091,7551,46.61636,7.07028,25449.8,5.4,12.9,284.3,-51.7,0.8,-1.0,RS41-SG,404.500,8.1,250,10,2.7,,
2026-05-28T12:22:57.004Z,W4215091,7552,46.61639,7.07012,25455.8,6.6,12.1,284.4,-51.8,0.7,-1.0,RS41-SG,404.500,8.1,250,10,2.7,,
2026-05-28T12:23:10.004Z,W4215091,7565,46.61648,7.06824,25533.0,6.3,10.8,296.2,-51.7,0.7,-1.0,RS41-SG,404.500,7.3,250,10,2.6,,
2026-05-28T12:23:12.004Z,W4215091,7567,46.61656,7.06801,25545.0,5.2,9.0,294.9,-51.7,0.8,-1.0,RS41-SG,404.500,7.4,250,10,2.7,,
2026-05-28T12:23:13.004Z,W4215091,7568,46.61659,7.06791,25550.4,5.5,8.5,289.8,-51.8,0.8,-1.0,RS41-SG,404.500,7.4,250,10,2.6,,
2026-05-28T12:23:15.004Z,W4215091,7570,46.61662,7.06768,25562.0,5.0,9.7,276.6,-51.7,0.8,-1.0,RS41-SG,404.500,7.1,250,10,2.6,,
2026-05-28T12:23:16.004Z,W4215091,7571,46.61663,7.06755,25566.8,4.6,10.3,274.6,-51.6,0.8,-1.0,RS41-SG,404.500,7.0,250,10,2.7,,
2026-05-28T12:23:20.004Z,W4215091,7575,46.61668,7.06708,25588.7,4.6,7.9,282.4,-51.6,0.8,-1.0,RS41-SG,404.500,7.1,250,10,2.6,,
2026-05-28T12:23:26.004Z,W4215091,7581,46.61678,7.06632,25623.8,6.7,11.5,287.2,-51.7,0.8,-1.0,RS41-SG,404.500,6.6,250,10,2.7,,
2026-05-28T12:23:32.004Z,W4215091,7587,46.61697,7.06543,25657.3,6.3,12.3,282.1,-51.5,0.8,-1.0,RS41-SG,404.500,6.9,250,10,2.7,,
2026-05-28T12:23:34.004Z,W4215091,7589,46.61701,7.06514,25669.7,5.1,10.8,281.5,-51.3,0.7,-1.0,RS41-SG,404.500,7.2,250,10,2.6,,
2026-05-28T12:23:40.004Z,W4215091,7595,46.61708,7.06424,25704.0,6.5,11.7,280.4,-51.0,0.7,-1.0,RS41-SG,404.500,6.9,250,10,2.6,,
2026-05-28T12:23:46.004Z,W4215091,7601,46.61719,7.06332,25739.1,5.6,13.0,274.6,-51.0,0.7,-1.0,RS41-SG,404.500,7.4,250,10,2.7,,
2026-05-28T12:23:47.004Z,W4215091,7602,46.61720,7.06316,25745.3,6.9,12.3,275.3,-51.1,0.7,-1.0,RS41-SG,404.500,7.4,250,10,2.7,,
2026-05-28T12:23:48.004Z,W4215091,7603,46.61721,7.06300,25751.4,5.3,11.8,277.4,-51.0,0.7,-1.0,RS41-SG,404.500,6.9,250,10,2.6,,
2026-05-28T12:23:49.004Z,W4215091,7604,46.61722,7.06285,25756.9,5.6,11.4,279.6,-51.0,0.8,-1.0,RS41-SG,404.500,6.9,250,10,2.6,,
2026-05-28T12:23:50.004Z,W4215091,7605,46.61724,7.06270,25763.2,6.8,12.0,279.0,-51.0,0.7,-1.0,RS41-SG,404.500,6.7,250,10,2.6,,
2026-05-28T12:23:51.004Z,W4215091,7606,46.61726,7.06254,25769.4,5.8,12.7,277.2,-51.0,0.8,-1.0,RS41-SG,404.500,6.9,250,10,2.7,,
2026-05-28T12:23:54.004Z,W4215091,7609,46.61729,7.06204,25786.4,6.5,12.1,276.8,-51.0,0.7,-1.0,RS41-SG,404.500,7.2,250,10,2.6,,
2026-05-28T12:23:56.004Z,W4215091,7611,46.61732,7.06173,25798.0,6.5,11.9,275.6,-50.9,0.8,-1.0,RS41-SG,404.500,7.2,250,10,2.7,,
2026-05-28T12:23:57.004Z,W4215091,7612,46.61733,7.06157,25804.6,6.6,12.7,272.7,-51.0,0.7,-1.0,RS41-SG,404.500,7.3,250,10,2.7,,
2026-05-28T12:23:59.004Z,W4215091,7614,46.61733,7.06123,25814.8,5.3,13.5,269.7,-50.9,0.7,-1.0,RS41-SG,404.500,7.0,250,10,2.6,,
2026-05-28T12:24:00.004Z,W4215091,7615,46.61733,7.06106,25821.0,6.9,13.0,270.7,-50.9,0.7,-1.0,RS41-SG,404.500,7.4,250,10,2.6,,
2026-05-28T12:24:02.004Z,W4215091,7617,46.61734,7.06074,25832.7,5.8,11.8,275.3,-50.9,0.7,-1.0,RS41-SG,404.500,7.1,250,10,2.7,,
2026-05-28T12:24:05.004Z,W4215091,7620,46.61738,7.06027,25851.3,5.7,11.9,278.9,-50.7,0.7,-1.0,RS41-SG,404.500,6.7,250,10,2.6,,
2026-05-28T12:24:07.004Z,W4215091,7622,46.61742,7.05999,25863.5,5.6,10.4,287.1,-50.6,0.7,-1.0,RS41-SG,404.500,6.8,250,10,2.7,,
2026-05-28T12:24:10.004Z,W4215091,7625,46.61751,7.05960,25879.7,6.8,11.0,284.4,-50.7,0.7,-1.0,RS41-SG,404.500,7.7,250,10,2.6,,
2026-05-28T12:24:12.004Z,W4215091,7627,46.61755,7.05930,25891.1,5.4,12.5,277.3,-50.7,0.7,-1.0,RS41-SG,404.500,6.7,250,10,2.7,,
2026-05-28T12:24:14.004Z,W4215091,7629,46.61757,7.05899,25903.1,6.4,11.1,277.0,-50.7,0.7,-1.0,RS41-SG,404.500,7.1,250,10,2.6,,
2026-05-28T12:24:15.004Z,W4215091,7630,46.61759,7.05885,25908.3,4.1,10.4,277.9,-50.8,0.7,-1.0,RS41-SG,404.500,6.7,250,10,2.6,,
2026-05-28T12:24:17.003Z,W4215091,7632,46.61760,7.05860,25918.3,6.0,9.4,269.1,-50.8,0.7,-1.0,RS41-SG,404.500,6.6,250,10,2.7,,
2026-05-28T12:24:20.003Z,W4215091,7635,46.61757,7.05823,25935.0,5.8,9.1,261.1,-50.8,0.7,-1.0,RS41-SG,404.500,6.8,250,10,2.6,,
2026-05-28T12:24:21.003Z,W4215091,7636,46.61756,7.05812,25941.3,6.7,7.9,266.5,-50.9,0.7,-1.0,RS41-SG,404.500,7.5,250,10,2.6,,
2026-05-28T12:24:27.003Z,W4215091,7642,46.61762,7.05752,25974.1,5.7,8.6,278.8,-50.8,0.7,-1.0,RS41-SG,404.500,6.8,250,10,2.6,,
2026-05-28T12:24:28.003Z,W4215091,7643,46.61764,7.05741,25980.3,6.5,7.6,280.1,-50.9,0.7,-1.0,RS41-SG,404.500,6.8,250,10,2.7,,
2026-05-28T12:24:29.003Z,W4215091,7644,46.61765,7.05732,25986.1,5.1,7.0,282.8,-50.9,0.8,-1.0,RS41-SG,404.500,7.0,250,10,2.7,,
2026-05-28T12:24:30.003Z,W4215091,7645,46.61766,7.05723,25991.5,5.8,6.8,281.6,-50.9,0.7,-1.0,RS41-SG,404.500,7.2,250,10,2.6,,
2026-05-28T12:24:31.003Z,W4215091,7646,46.61767,7.05714,25997.8,6.6,7.5,278.7,-50.9,0.7,-1.0,RS41-SG,404.500,7.5,250,10,2.6,,
2026-05-28T12:24:32.003Z,W4215091,7647,46.61768,7.05704,26003.9,5.4,8.7,276.9,-50.9,0.7,-1.0,RS41-SG,404.500,7.5,250,10,2.6,,
2026-05-28T12:24:36.003Z,W4215091,7651,46.61776,7.05654,26025.4,4.7,9.9,289.0,-50.8,0.7,-1.0,RS41-SG,404.500,7.3,250,10,2.6,,
2026-05-28T12:24:37.003Z,W4215091,7652,46.61779,7.05642,26030.3,5.1,10.1,291.9,-50.7,0.7,-1.0,RS41-SG,404.500,7.8,250,10,2.6,,
2026-05-28T12:24:38.003Z,W4215091,7653,46.61782,7.05629,26035.9,6.1,10.9,290.6,-50.7,0.7,-1.0,RS41-SG,404.500,7.8,250,10,2.7,,
2026-05-28T12:24:39.003Z,W4215091,7654,46.61785,7.05615,26042.1,6.0,11.8,287.5,-50.6,0.7,-1.0,RS41-SG,404.500,7.5,250,10,2.7,,
2026-05-28T12:24:40.003Z,W4215091,7655,46.61789,7.05601,26047.6,5.1,12.2,285.5,-50.6,0.7,-1.0,RS41-SG,404.500,7.5,250,10,2.6,,
2026-05-28T12:24:41.003Z,W4215091,7656,46.61791,7.05586,26053.2,6.0,11.6,284.4,-50.6,0.7,-1.0,RS41-SG,404.500,7.5,250,10,2.6,,
2026-05-28T12:24:42.003Z,W4215091,7657,46.61794,7.05572,26059.5,6.6,10.5,284.6,-50.6,0.7,-1.0,RS41-SG,404.500,7.5,250,10,2.6,,
2026-05-28T12:24:46.003Z,W4215091,7661,46.61802,7.05523,26082.0,6.7,10.4,281.2,-50.5,0.7,-1.0,RS41-SG,404.500,7.9,250,10,2.6,,
2026-05-28T12:24:47.003Z,W4215091,7662,46.61804,7.05509,26087.9,5.0,11.2,281.1,-50.6,0.7,-1.0,RS41-SG,404.500,8.0,250,10,2.6,,
2026-05-28T12:24:49.003Z,W4215091,7664,46.61809,7.05480,26098.6,6.2,11.4,287.5,-50.7,0.7,-1.0,RS41-SG,404.500,7.1,250,10,2.7,,
2026-05-28T12:24:51.003Z,W4215091,7666,46.61816,7.05454,26110.0,4.8,10.7,297.5,-50.7,0.7,-1.0,RS41-SG,404.500,7.0,250,10,2.6,,
2026-05-28T12:24:52.003Z,W4215091,7667,46.61821,7.05441,26115.7,6.5,10.9,298.0,-50.7,0.7,-1.0,RS41-SG,404.500,7.3,250,10,2.6,,
2026-05-28T12:24:53.003Z,W4215091,7668,46.61825,7.05428,26122.2,6.5,11.4,294.9,-50.8,0.7,-1.0,RS41-SG,404.500,7.3,250,10,2.6,,
2026-05-28T12:24:54.003Z,W4215091,7669,46.61829,7.05414,26127.6,4.4,11.9,290.2,-50.8,0.7,-1.0,RS41-SG,404.500,7.8,250,10,2.6,,
2026-05-28T12:25:00.003Z,W4215091,7675,46.61843,7.05327,26158.8,5.4,11.6,284.3,-50.9,0.7,-1.0,RS41-SG,404.500,7.9,250,10,2.7,,
2026-05-28T12:25:01.003Z,W4215091,7676,46.61846,7.05312,26164.7,6.4,12.4,284.3,-50.9,0.7,-1.0,RS41-SG,404.500,7.9,250,10,2.7,,
2026-05-28T12:25:02.003Z,W4215091,7677,46.61849,7.05296,26170.5,5.2,13.1,283.4,-51.0,0.7,-1.0,RS41-SG,404.500,6.9,250,10,2.6,,
2026-05-28T12:25:04.003Z,W4215091,7679,46.61854,7.05263,26181.4,6.5,12.7,284.3,-51.1,0.7,-1.0,RS41-SG,404.500,7.5,250,10,2.6,,
2026-05-28T12:25:07.003Z,W4215091,7682,46.61863,7.05221,26197.5,5.6,10.1,290.9,-51.1,0.8,-1.0,RS41-SG,404.500,7.0,250,10,2.6,,
2026-05-28T12:25:08.003Z,W4215091,7683,46.61867,7.05209,26203.3,5.9,10.5,290.2,-51.2,0.7,-1.0,RS41-SG,404.500,7.4,250,10,2.6,,
2026-05-28T12:25:09.003Z,W4215091,7684,46.61870,7.05195,26209.0,5.5,11.4,291.5,-51.2,0.8,-1.0,RS41-SG,404.500,7.4,250,10,2.6,,
2026-05-28T12:25:10.003Z,W4215091,7685,46.61874,7.05181,26214.0,4.5,12.0,293.3,-51.3,0.8,-1.0,RS41-SG,404.500,7.4,250,10,2.7,,
2026-05-28T12:25:11.003Z,W4215091,7686,46.61879,7.05167,26218.9,5.3,12.4,299.4,-51.2,0.7,-1.0,RS41-SG,404.500,6.7,250,10,2.7,,
2026-05-28T12:25:12.003Z,W4215091,7687,46.61885,7.05153,26224.6,6.0,12.5,306.2,-51.3,0.8,-1.0,RS41-SG,404.500,6.7,250,10,2.6,,
2026-05-28T12:25:15.003Z,W4215091,7690,46.61907,7.05119,26239.6,4.2,11.9,315.6,-51.2,0.8,-1.0,RS41-SG,404.500,7.1,250,10,2.7,,
2026-05-28T12:25:27.003Z,W4215091,7702,46.61972,7.04972,26307.3,6.4,12.6,313.1,-51.0,0.7,-1.0,RS41-SG,404.500,6.7,250,10,2.7,,
2026-05-28T12:25:29.003Z,W4215091,7704,46.61987,7.04950,26318.8,5.2,11.7,316.2,-51.1,0.7,-1.0,RS41-SG,404.500,6.6,250,10,2.6,,
2026-05-28T12:25:37.003Z,W4215091,7712,46.62017,7.04854,26362.8,5.4,7.5,288.3,-51.2,0.7,-1.0,RS41-SG,404.500,7.1,250,10,2.6,,
2026-05-28T12:25:38.003Z,W4215091,7713,46.62019,7.04844,26368.8,6.6,7.6,290.3,-51.2,0.7,-1.0,RS41-SG,404.500,7.2,250,10,2.6,,
2026-05-28T12:25:43.003Z,W4215091,7718,46.62039,7.04801,26396.3,4.3,8.3,318.1,-50.9,0.7,-1.0,RS41-SG,404.500,7.7,250,10,2.6,,
2026-05-28T12:25:44.003Z,W4215091,7719,46.62044,7.04793,26401.0,4.9,8.2,316.2,-50.8,0.7,-1.0,RS41-SG,404.500,7.7,250,10,2.7,,
2026-05-28T12:25:45.003Z,W4215091,7720,46.62049,7.04785,26406.4,5.8,8.2,306.5,-50.8,0.7,-1.0,RS41-SG,404.500,7.7,250,10,2.7,,
2026-05-28T12:25:46.003Z,W4215091,7721,46.62053,7.04776,26412.5,6.4,8.6,294.2,-50.9,0.7,-1.0,RS41-SG,404.500,7.7,250,10,2.6,,
2026-05-28T12:25:47.003Z,W4215091,7722,46.62055,7.04765,26418.1,4.8,9.3,286.7,-50.9,0.7,-1.0,RS41-SG,404.500,7.7,250,10,2.6,,
2026-05-28T12:25:48.003Z,W4215091,7723,46.62058,7.04753,26422.9,4.8,9.9,284.3,-50.9,0.7,-1.0,RS41-SG,404.500,7.7,250,10,2.6,,
2026-05-28T12:25:50.003Z,W4215091,7725,46.62063,7.04729,26434.7,6.9,9.3,294.9,-50.9,0.7,-1.0,RS41-SG,404.500,7.2,250,10,2.7,,
2026-05-28T12:25:51.003Z,W4215091,7726,46.62067,7.04719,26440.6,4.8,8.6,302.2,-51.0,0.7,-1.0,RS41-SG,404.500,7.4,250,10,2.7,,
2026-05-28T12:25:52.003Z,W4215091,7727,46.62071,7.04710,26445.6,5.2,7.5,309.2,-51.0,0.7,-1.0,RS41-SG,404.500,7.7,250,10,2.6,,
2026-05-28T12:25:53.003Z,W4215091,7728,46.62075,7.04703,26451.5,6.6,6.2,312.0,-51.1,0.7,-1.0,RS41-SG,404.500,8.0,250,10,2.6,,
2026-05-28T12:25:54.003Z,W4215091,7729,46.62078,7.04698,26457.5,5.4,5.3,308.2,-51.1,0.8,-1.0,RS41-SG,404.500,8.0,250,10,2.6,,
2026-05-28T12:25:55.003Z,W4215091,7730,46.62081,7.04692,26462.7,5.0,4.7,305.5,-51.0,0.8,-1.0,RS41-SG,404.500,7.0,250,10,2.6,,
2026-05-28T12:26:00.003Z,W4215091,7735,46.62094,7.04667,26492.4,6.6,6.0,286.3,-51.0,0.7,-1.0,RS41-SG,404.500,7.6,250,10,2.6,,
2026-05-28T12:26:05.003Z,W4215091,7740,46.62098,7.04624,26520.3,5.5,6.2,287.5,-51.0,0.7,-1.0,RS41-SG,404.500,7.6,250,10,2.6,,
2026-05-28T12:26:07.003Z,W4215091,7742,46.62101,7.04609,26531.8,6.3,5.4,279.0,-50.9,0.7,-1.0,RS41-SG,404.500,7.9,250,10,2.7,,
2026-05-28T12:26:08.003Z,W4215091,7743,46.62101,7.04603,26537.8,5.7,5.4,268.6,-50.9,0.7,-1.0,RS41-SG,404.500,7.9,250,10,2.7,,
2026-05-28T12:26:10.003Z,W4215091,7745,46.62101,7.04588,26547.6,5.2,5.9,265.6,-50.8,0.7,-1.0,RS41-SG,404.500,7.1,250,10,2.6,,
2026-05-28T12:26:11.003Z,W4215091,7746,46.62101,7.04580,26553.4,6.5,6.3,275.3,-50.8,0.7,-1.0,RS41-SG,404.500,7.1,250,10,2.6,,
2026-05-28T12:26:12.003Z,W4215091,7747,46.62102,7.04572,26559.5,5.6,6.8,283.0,-50.8,0.7,-1.0,RS41-SG,404.500,6.9,250,10,2.6,,
2026-05-28T12:26:13.003Z,W4215091,7748,46.62103,7.04563,26565.1,5.5,7.5,285.1,-50.8,0.7,-1.0,RS41-SG,404.500,7.1,250,10,2.7,,
2026-05-28T12:26:14.003Z,W4215091,7749,46.62105,7.04553,26571.1,6.6,8.2,280.2,-50.7,0.7,-1.0,RS41-SG,404.500,8.6,250,10,2.7,,
2026-05-28T12:26:15.003Z,W4215091,7750,46.62105,7.04542,26578.0,7.0,8.7,270.3,-50.8,0.7,-1.0,RS41-SG,404.500,8.6,250,10,2.6,,
2026-05-28T12:26:16.003Z,W4215091,7751,46.62105,7.04530,26584.1,5.0,8.9,263.1,-50.7,0.7,-1.0,RS41-SG,404.500,7.6,250,10,2.6,,
2026-05-28T12:26:17.003Z,W4215091,7752,46.62104,7.04519,26588.9,4.6,8.7,256.6,-50.7,0.7,-1.0,RS41-SG,404.500,7.7,250,10,2.6,,
2026-05-28T12:26:18.003Z,W4215091,7753,46.62102,7.04508,26594.1,5.7,8.1,253.7,-50.8,0.7,-1.0,RS41-SG,404.500,7.7,250,10,2.7,,
2026-05-28T12:26:19.003Z,W4215091,7754,46.62100,7.04499,26600.2,6.6,7.1,255.0,-50.8,0.7,-1.0,RS41-SG,404.500,7.8,250,10,2.7,,
2026-05-28T12:26:20.003Z,W4215091,7755,46.62098,7.04490,26606.0,4.9,6.5,255.8,-50.8,0.7,-1.0,RS41-SG,404.500,8.3,250,10,2.6,,
2026-05-28T12:26:26.003Z,W4215091,7761,46.62082,7.04444,26641.2,6.9,6.4,245.6,-50.7,0.7,-1.0,RS41-SG,404.500,7.5,250,10,2.6,,
2026-05-28T12:26:27.003Z,W4215091,7762,46.62080,7.04437,26647.4,5.5,6.0,255.3,-50.7,0.7,-1.0,RS41-SG,404.500,7.8,250,10,2.6,,
2026-05-28T12:26:28.003Z,W4215091,7763,46.62079,7.04429,26652.6,4.9,6.0,264.5,-50.6,0.7,-1.0,RS41-SG,404.500,7.8,250,10,2.6,,
2026-05-28T12:26:31.003Z,W4215091,7766,46.62076,7.04404,26670.5,4.9,7.1,255.3,-50.5,0.7,-1.0,RS41-SG,404.500,7.6,250,10,2.7,,
2026-05-28T12:26:33.003Z,W4215091,7768,46.62073,7.04388,26681.5,6.3,5.8,254.1,-50.5,0.7,-1.0,RS41-SG,404.500,7.6,250,10,2.6,,
2026-05-28T12:26:35.003Z,W4215091,7770,46.62071,7.04375,26693.3,4.7,4.6,263.2,-50.5,0.7,-1.0,RS41-SG,404.500,7.1,250,10,2.7,,
2026-05-28T12:26:36.003Z,W4215091,7771,46.62071,7.04368,26698.1,5.0,4.9,260.3,-50.4,0.7,-1.0,RS41-SG,404.500,7.2,250,10,2.7,,
2026-05-28T12:26:37.003Z,W4215091,7772,46.62070,7.04362,26703.8,6.4,5.9,254.7,-50.4,0.7,-1.0,RS41-SG,404.500,7.5,250,10,2.7,,
2026-05-28T12:26:38.003Z,W4215091,7773,46.62068,7.04353,26710.4,6.6,7.3,250.2,-50.4,0.7,-1.0,RS41-SG,404.500,8.2,250,10,2.6,,
2026-05-28T12:26:40.003Z,W4215091,7775,46.62063,7.04333,26721.2,5.3,9.3,252.3,-50.4,0.7,-1.0,RS41-SG,404.500,7.7,250,10,2.6,,
2026-05-28T12:26:41.003Z,W4215091,7776,46.62061,7.04321,26727.5,7.2,9.5,260.2,-50.4,0.7,-1.0,RS41-SG,404.500,7.7,250,10,2.6,,
2026-05-28T12:26:42.003Z,W4215091,7777,46.62060,7.04309,26733.8,5.6,9.4,268.1,-50.4,0.7,-1.0,RS41-SG,404.500,7.4,250,10,2.7,,
2026-05-28T12:26:43.003Z,W4215091,7778,46.62060,7.04297,26739.1,5.0,9.2,274.1,-50.4,0.7,-1.0,RS41-SG,404.500,7.4,250,10,2.7,,
2026-05-28T12:26:49.003Z,W4215091,7784,46.62061,7.04232,26774.6,6.8,6.5,276.9,-50.3,0.7,-1.0,RS41-SG,404.500,6.8,250,10,2.7,,
2026-05-28T12:26:51.003Z,W4215091,7786,46.62063,7.04216,26785.9,5.2,6.1,286.0,-50.1,0.7,-1.0,RS41-SG,404.500,7.3,250,10,2.6,,
2026-05-28T12:28:43.003Z,W4215091,7898,46.62090,7.03119,27450.8,6.7,10.3,261.1,-48.2,0.6,-1.0,RS41-SG,404.500,6.5,250,10,2.6,,
2026-05-28T12:28:47.003Z,W4215091,7902,46.62086,7.03066,27474.6,6.8,8.9,274.3,-48.2,0.6,-1.0,RS41-SG,404.500,6.8,250,10,2.7,,
2026-05-28T12:28:48.003Z,W4215091,7903,46.62087,7.03055,27480.6,5.0,8.2,282.9,-48.2,0.6,-1.0,RS41-SG,404.500,6.8,250,10,2.6,,
2026-05-28T12:28:49.003Z,W4215091,7904,46.62089,7.03045,27485.7,5.3,7.9,289.7,-48.1,0.6,-1.0,RS41-SG,404.500,6.9,250,10,2.6,,
2026-05-28T12:28:50.003Z,W4215091,7905,46.62091,7.03035,27491.9,6.9,8.2,288.1,-48.1,0.6,-1.0,RS41-SG,404.500,6.9,250,10,2.6,,
2026-05-28T12:28:54.003Z,W4215091,7909,46.62094,7.02988,27515.6,6.8,9.7,267.6,-48.1,0.6,-1.0,RS41-SG,404.500,6.6,250,10,2.6,,
2026-05-28T12:28:59.003Z,W4215091,7914,46.62090,7.02920,27546.1,5.7,11.9,265.5,-48.2,0.6,-1.0,RS41-SG,404.500,6.7,250,10,2.6,,
2026-05-28T12:29:01.003Z,W4215091,7916,46.62091,7.02890,27559.3,6.1,11.5,281.1,-48.3,0.6,-1.0,RS41-SG,404.500,7.3,250,10,2.7,,
2026-05-28T12:29:05.003Z,W4215091,7920,46.62108,7.02829,27581.4,5.2,14.1,294.6,-48.0,0.6,-1.0,RS41-SG,404.500,6.4,250,10,2.7,,
2026-05-28T12:29:30.003Z,W4215091,7945,46.62258,7.02523,27726.2,6.6,8.5,315.7,-47.1,0.6,-1.0,RS41-SG,404.500,7.0,250,10,2.7,,
2026-05-28T12:31:00.003Z,W4215091,8035,46.62807,7.02008,28269.1,5.5,6.8,315.5,-47.5,0.6,-1.0,RS41-SG,404.500,7.2,250,10,2.6,,
2026-05-28T12:31:20.003Z,W4215091,8055,46.62897,7.01929,28394.0,6.6,4.2,332.9,-47.5,0.6,-1.0,RS41-SG,404.500,6.7,250,10,2.6,,
2026-05-28T12:31:22.003Z,W4215091,8057,46.62903,7.01922,28407.2,5.6,4.4,308.1,-47.5,0.6,-1.0,RS41-SG,404.500,7.0,250,10,2.6,,
2026-05-28T12:31:23.003Z,W4215091,8058,46.62905,7.01917,28413.2,6.3,5.1,310.3,-47.5,0.6,-1.0,RS41-SG,404.500,7.0,250,10,2.6,,
2026-05-28T12:31:26.003Z,W4215091,8061,46.62920,7.01905,28432.7,5.8,8.1,344.9,-47.4,0.6,-1.0,RS41-SG,404.500,7.2,250,10,2.7,,
2026-05-28T12:31:27.003Z,W4215091,8062,46.62928,7.01902,28437.9,4.6,9.6,347.5,-47.4,0.6,-1.0,RS41-SG,404.500,7.2,250,10,2.6,,
2026-05-28T12:31:28.003Z,W4215091,8063,46.62937,7.01899,28442.9,5.6,10.7,344.9,-47.4,0.6,-1.0,RS41-SG,404.500,7.3,250,10,2.6,,
2026-05-28T12:31:36.003Z,W4215091,8071,46.62982,7.01850,28491.7,5.8,3.6,311.4,-47.3,0.6,-1.0,RS41-SG,404.500,6.6,250,10,2.6,,
2026-05-28T12:31:43.003Z,W4215091,8078,46.63011,7.01810,28535.7,5.1,8.8,340.4,-47.1,0.6,-1.0,RS41-SG,404.500,7.5,250,10,2.6,,
2026-05-28T12:31:44.003Z,W4215091,8079,46.63019,7.01806,28541.3,6.0,8.7,343.7,-47.2,0.6,-1.0,RS41-SG,404.500,7.6,250,10,2.6,,
2026-05-28T12:31:45.003Z,W4215091,8080,46.63026,7.01803,28548.1,7.6,8.0,339.8,-47.2,0.6,-1.0,RS41-SG,404.500,7.6,250,10,2.7,,
2026-05-28T12:31:47.003Z,W4215091,8082,46.63038,7.01794,28561.2,6.1,6.4,327.7,-47.1,0.6,-1.0,RS41-SG,404.500,7.1,250,10,2.7,,
2026-05-28T12:31:52.003Z,W4215091,8087,46.63057,7.01784,28593.0,6.4,3.9,341.2,-47.0,0.6,-1.0,RS41-SG,404.500,6.1,250,10,2.7,,
2026-05-28T12:31:55.003Z,W4215091,8090,46.63067,7.01774,28611.6,6.1,5.4,327.8,-47.0,0.6,-1.0,RS41-SG,404.500,6.8,250,10,2.6,,
2026-05-28T12:31:57.003Z,W4215091,8092,46.63077,7.01770,28624.8,7.0,6.1,356.3,-47.1,0.6,-1.0,RS41-SG,404.500,6.8,250,10,2.6,,
2026-05-28T12:31:58.003Z,W4215091,8093,46.63082,7.01770,28630.9,5.1,6.4,5.1,-47.1,0.6,-1.0,RS41-SG,404.500,7.2,250,10,2.6,,
2026-05-28T12:32:04.003Z,W4215091,8099,46.63105,7.01757,28666.9,5.8,4.7,284.3,-47.2,0.6,-1.0,RS41-SG,404.500,7.5,250,10,2.6,,
2026-05-28T12:32:07.003Z,W4215091,8102,46.63108,7.01744,28686.1,5.8,2.8,311.2,-47.0,0.6,-1.0,RS41-SG,404.500,6.4,250,10,2.6,,
2026-05-28T12:32:18.003Z,W4215091,8113,46.63143,7.01715,28757.5,5.6,4.4,267.5,-46.9,0.6,-1.0,RS41-SG,404.500,7.1,250,10,2.6,,
2026-05-28T12:32:21.003Z,W4215091,8116,46.63141,7.01700,28776.8,5.8,3.3,254.7,-47.0,0.6,-1.0,RS41-SG,404.500,6.9,250,10,2.6,,
2026-05-28T12:32:22.003Z,W4215091,8117,46.63140,7.01696,28782.9,6.3,3.3,269.5,-47.0,0.6,-1.0,RS41-SG,404.500,7.1,250,10,2.7,,
2026-05-28T12:32:23.003Z,W4215091,8118,46.63141,7.01691,28789.6,7.0,4.4,281.5,-47.1,0.5,-1.0,RS41-SG,404.500,7.2,250,10,2.7,,
2026-05-28T12:32:24.003Z,W4215091,8119,46.63142,7.01684,28796.6,6.9,5.8,287.3,-47.1,0.6,-1.0,RS41-SG,404.500,7.5,250,10,2.7,,
2026-05-28T12:32:25.003Z,W4215091,8120,46.63144,7.01677,28802.7,5.1,6.7,290.1,-47.1,0.5,-1.0,RS41-SG,404.500,7.5,250,10,2.6,,
2026-05-28T12:32:30.003Z,W4215091,8125,46.63153,7.01648,28833.7,6.4,2.2,299.3,-47.1,0.6,-1.0,RS41-SG,404.500,7.3,250,10,2.7,,
2026-05-28T12:32:31.003Z,W4215091,8126,46.63153,7.01645,28840.6,7.3,2.6,285.1,-47.1,0.6,-1.0,RS41-SG,404.500,7.3,250,10,2.7,,
2026-05-28T12:32:32.003Z,W4215091,8127,46.63154,7.01641,28847.5,6.7,3.6,276.0,-47.1,0.6,-1.0,RS41-SG,404.500,7.5,250,10,2.6,,
2026-05-28T12:32:35.003Z,W4215091,8130,46.63154,7.01621,28864.8,5.9,5.9,264.2,-47.2,0.6,-1.0,RS41-SG,404.500,7.2,250,10,2.6,,
2026-05-28T12:32:36.003Z,W4215091,8131,46.63153,7.01614,28871.4,7.4,5.6,259.3,-47.3,0.6,-1.0,RS41-SG,404.500,7.2,250,10,2.7,,
2026-05-28T12:32:38.003Z,W4215091,8133,46.63151,7.01601,28883.8,5.5,4.5,260.2,-47.3,0.6,-1.0,RS41-SG,404.500,6.7,250,10,2.7,,
2026-05-28T12:32:40.003Z,W4215091,8135,46.63152,7.01588,28896.8,7.3,5.5,286.3,-47.5,0.6,-1.0,RS41-SG,404.500,7.2,250,10,2.6,,
2026-05-28T12:32:44.003Z,W4215091,8139,46.63160,7.01555,28921.1,7.4,6.1,286.8,-47.5,0.6,-1.0,RS41-SG,404.500,7.1,250,10,2.7,,
2026-05-28T12:32:47.003Z,W4215091,8142,46.63161,7.01535,28940.5,6.9,5.2,265.4,-47.5,0.6,-1.0,RS41-SG,404.500,7.3,250,10,2.6,,
2026-05-28T12:32:48.003Z,W4215091,8143,46.63161,7.01528,28947.6,7.2,6.1,264.0,-47.5,0.6,-1.0,RS41-SG,404.500,8.4,250,10,2.6,,
2026-05-28T12:32:49.003Z,W4215091,8144,46.63161,7.01520,28953.9,5.5,6.8,265.7,-47.6,0.6,-1.0,RS41-SG,404.500,8.4,250,10,2.7,,
2026-05-28T12:32:51.003Z,W4215091,8146,46.63160,7.01501,28965.2,6.7,7.0,269.5,-47.6,0.6,-1.0,RS41-SG,404.500,6.5,250,10,2.6,,
2026-05-28T12:32:55.003Z,W4215091,8150,46.63164,7.01467,28991.4,7.3,8.0,288.9,-47.6,0.6,-1.0,RS41-SG,404.500,7.3,250,10,2.7,,
2026-05-28T12:32:59.003Z,W4215091,8154,46.63172,7.01423,29017.3,6.9,7.4,274.6,-47.4,0.6,-1.0,RS41-SG,404.500,7.1,250,10,2.7,,
2026-05-28T12:33:00.003Z,W4215091,8155,46.63172,7.01414,29023.5,5.6,6.3,261.4,-47.4,0.6,-1.0,RS41-SG,404.500,7.1,250,10,2.7,,
2026-05-28T12:33:01.003Z,W4215091,8156,46.63171,7.01407,29028.7,4.8,6.2,244.6,-47.3,0.6,-1.0,RS41-SG,404.500,7.0,250,10,2.7,,
2026-05-28T12:33:02.003Z,W4215091,8157,46.63168,7.01399,29033.8,5.5,7.2,233.4,-47.3,0.6,-1.0,RS41-SG,404.500,6.9,250,10,2.6,,
2026-05-28T12:33:05.003Z,W4215091,8160,46.63152,7.01373,29050.4,5.1,9.5,229.6,-47.2,0.6,-1.0,RS41-SG,404.500,7.2,250,10,2.6,,
2026-05-28T12:33:11.003Z,W4215091,8166,46.63140,7.01338,29086.9,5.3,5.5,325.2,-46.9,0.5,-1.0,RS41-SG,404.500,6.6,250,10,2.6,,
2026-05-28T12:33:13.003Z,W4215091,8168,46.63152,7.01326,29097.8,5.5,9.2,321.7,-46.8,0.5,-1.0,RS41-SG,404.500,7.2,250,10,2.7,,
2026-05-28T12:33:14.003Z,W4215091,8169,46.63158,7.01318,29103.5,5.9,9.1,310.1,-46.7,0.5,-1.0,RS41-SG,404.500,7.2,250,10,2.6,,
2026-05-28T12:33:20.003Z,W4215091,8175,46.63145,7.01274,29137.5,7.6,5.9,207.2,-46.5,0.6,-1.0,RS41-SG,404.500,7.2,250,10,2.6,,
2026-05-28T12:33:23.003Z,W4215091,8178,46.63139,7.01265,29155.2,4.7,2.2,298.6,-46.3,0.5,-1.0,RS41-SG,404.500,7.0,250,9,2.7,,
2026-05-28T12:33:25.003Z,W4215091,8180,46.63143,7.01260,29166.9,6.3,3.3,329.6,-46.2,0.5,-1.0,RS41-SG,404.500,6.8,250,9,2.6,,
2026-05-28T12:33:28.003Z,W4215091,8183,46.63149,7.01249,29185.2,6.7,5.1,284.2,-46.3,0.5,-1.0,RS41-SG,404.500,6.6,250,9,2.6,,
2026-05-28T12:33:41.003Z,W4215091,8196,46.63119,7.01188,29261.3,7.6,3.9,337.5,-46.0,0.5,-1.0,RS41-SG,404.500,7.1,250,9,2.7,,
2026-05-28T12:33:56.003Z,W4215091,8211,46.63090,7.01111,29350.7,6.5,4.2,288.9,-45.6,0.5,-1.0,RS41-SG,404.500,6.5,250,9,2.7,,
2026-05-28T12:34:04.003Z,W4215091,8219,46.63075,7.01058,29398.2,5.4,6.0,219.2,-45.5,0.5,-1.0,RS41-SG,404.500,6.8,250,9,2.6,,
2026-05-28T12:34:12.003Z,W4215091,8227,46.63083,7.01015,29443.8,6.2,7.1,278.3,-45.5,0.5,-1.0,RS41-SG,404.500,7.3,250,9,2.7,,
2026-05-28T12:34:19.003Z,W4215091,8234,46.63069,7.00969,29482.2,6.5,4.1,224.5,-45.1,0.5,-1.0,RS41-SG,404.500,7.1,250,9,2.6,,
2026-05-28T12:34:20.003Z,W4215091,8235,46.63066,7.00965,29488.7,6.4,4.5,226.0,-45.1,0.5,-1.0,RS41-SG,404.500,7.2,250,9,2.6,,
2026-05-28T12:34:25.003Z,W4215091,8240,46.63067,7.00925,29517.3,4.0,9.6,292.6,-44.9,0.5,-1.0,RS41-SG,404.500,7.3,250,9,2.6,,
2026-05-28T12:34:36.003Z,W4215091,8251,46.63072,7.00826,29579.2,4.8,5.4,260.7,-44.7,0.5,-1.0,RS41-SG,404.500,7.5,250,9,2.6,,
2026-05-28T12:34:37.003Z,W4215091,8252,46.63071,7.00819,29584.6,6.0,6.6,267.0,-44.7,0.5,-1.0,RS41-SG,404.500,7.5,250,9,2.6,,
2026-05-28T12:34:38.003Z,W4215091,8253,46.63072,7.00809,29590.9,6.6,8.0,276.3,-44.8,0.5,-1.0,RS41-SG,404.500,7.5,250,9,2.6,,
2026-05-28T12:34:42.003Z,W4215091,8257,46.63078,7.00759,29613.5,6.6,10.7,271.3,-44.9,0.5,-1.0,RS41-SG,404.500,7.0,250,9,2.6,,
2026-05-28T12:34:45.003Z,W4215091,8260,46.63073,7.00719,29629.6,5.7,9.5,253.6,-44.9,0.5,-1.0,RS41-SG,404.500,6.8,250,9,2.7,,
2026-05-28T12:34:46.003Z,W4215091,8261,46.63071,7.00708,29635.7,6.6,8.4,256.9,-45.0,0.5,-1.0,RS41-SG,404.500,7.3,250,9,2.7,,
2026-05-28T12:34:47.003Z,W4215091,8262,46.63070,7.00698,29641.8,5.4,7.6,262.5,-45.0,0.5,-1.0,RS41-SG,404.500,7.3,250,9,2.6,,
2026-05-28T12:34:49.003Z,W4215091,8264,46.63070,7.00680,29652.0,5.9,5.8,273.7,-45.0,0.5,-1.0,RS41-SG,404.500,7.0,250,9,2.6,,
2026-05-28T12:34:50.003Z,W4215091,8265,46.63070,7.00673,29658.2,6.4,5.1,267.6,-45.0,0.5,-1.0,RS41-SG,404.500,7.0,250,9,2.6,,
2026-05-28T12:34:51.003Z,W4215091,8266,46.63069,7.00667,29663.6,4.5,5.0,261.8,-45.0,0.5,-1.0,RS41-SG,404.500,7.1,250,9,2.7,,
2026-05-28T12:34:52.003Z,W4215091,8267,46.63069,7.00660,29668.5,5.2,5.4,260.6,-45.0,0.5,-1.0,RS41-SG,404.500,7.1,250,9,2.7,,
2026-05-28T12:34:56.003Z,W4215091,8271,46.63070,7.00621,29691.3,5.4,9.6,273.7,-45.1,0.5,-1.0,RS41-SG,404.500,7.0,250,9,2.6,,
2026-05-28T12:35:05.003Z,W4215091,8280,46.63053,7.00527,29742.1,6.7,6.2,259.3,-45.1,0.5,-1.0,RS41-SG,404.500,7.4,250,8,2.6,,
2026-05-28T12:35:06.003Z,W4215091,8281,46.63052,7.00519,29748.2,5.4,6.3,255.3,-45.1,0.5,-1.0,RS41-SG,404.500,7.0,250,8,2.7,,
2026-05-28T12:35:07.003Z,W4215091,8282,46.63050,7.00511,29753.8,5.7,6.9,256.2,-45.0,0.5,-1.0,RS41-SG,404.500,7.0,250,8,2.7,,
2026-05-28T12:35:11.003Z,W4215091,8286,46.63050,7.00467,29776.7,5.2,9.1,279.4,-44.7,0.5,-1.0,RS41-SG,404.500,6.8,250,8,2.7,,
2026-05-28T12:35:12.003Z,W4215091,8287,46.63052,7.00456,29782.5,6.2,8.1,276.9,-44.6,0.5,-1.0,RS41-SG,404.500,7.3,250,8,2.7,,
2026-05-28T12:35:17.003Z,W4215091,8292,46.63051,7.00419,29809.6,5.9,4.7,287.0,-44.3,0.5,-1.0,RS41-SG,404.500,7.9,250,8,2.6,,
2026-05-28T12:35:18.003Z,W4215091,8293,46.63053,7.00413,29815.6,6.1,5.8,299.1,-44.3,0.5,-1.0,RS41-SG,404.500,7.9,250,8,2.6,,
2026-05-28T12:35:19.003Z,W4215091,8294,46.63056,7.00406,29821.0,4.5,6.9,302.9,-44.3,0.5,-1.0,RS41-SG,404.500,7.2,250,8,2.6,,
2026-05-28T12:35:22.003Z,W4215091,8297,46.63064,7.00381,29836.7,6.4,7.0,278.8,-44.2,0.4,-1.0,RS41,404.500,7.2,250,8,2.6,,
2026-05-28T12:35:23.003Z,W4215091,8298,46.63065,7.00372,29842.6,5.4,6.6,266.3,-44.2,0.5,-1.0,RS41,404.500,7.2,250,8,2.6,,
2026-05-28T12:35:24.003Z,W4215091,8299,46.63064,7.00364,29847.8,5.0,6.1,257.2,-44.2,0.5,-1.0,RS41,404.500,7.0,250,8,2.6,,
2026-05-28T12:35:25.003Z,W4215091,8300,46.63063,7.00357,29853.2,5.8,5.4,256.2,-44.2,0.5,-1.0,RS41,404.500,7.5,250,8,2.7,,
2026-05-28T12:35:26.003Z,W4215091,8301,46.63062,7.00350,29859.5,6.6,5.0,265.5,-44.2,0.5,-1.0,RS41,404.500,7.8,250,8,2.7,,
2026-05-28T12:35:27.003Z,W4215091,8302,46.63062,7.00344,29865.2,4.8,5.1,276.2,-44.3,0.5,-1.0,RS41,404.500,7.8,250,8,2.7,,
2026-05-28T12:35:28.003Z,W4215091,8303,46.63063,7.00337,29870.0,4.9,5.5,280.5,-44.3,0.5,-1.0,RS41,404.500,7.6,250,8,2.6,,
2026-05-28T12:35:29.003Z,W4215091,8304,46.63064,7.00329,29875.5,6.1,6.0,278.0,-44.2,0.4,-1.0,RS41,404.500,7.6,250,8,2.6,,
2026-05-28T12:35:31.003Z,W4215091,8306,46.63064,7.00313,29887.2,4.5,6.6,263.0,-44.3,0.5,-1.0,RS41,404.500,7.6,250,8,2.7,,
2026-05-28T12:35:32.003Z,W4215091,8307,46.63063,7.00304,29892.2,5.4,7.5,261.9,-44.2,0.5,-1.0,RS41,404.500,7.8,250,8,2.7,,
2026-05-28T12:35:33.003Z,W4215091,8308,46.63062,7.00294,29898.0,6.3,8.0,266.9,-44.2,0.4,-1.0,RS41,404.500,7.8,250,8,2.6,,
2026-05-28T12:35:34.003Z,W4215091,8309,46.63062,7.00284,29904.3,6.4,8.2,274.3,-44.3,0.5,-1.0,RS41,404.500,7.5,250,8,2.6,,
2026-05-28T12:35:35.003Z,W4215091,8310,46.63063,7.00273,29910.2,5.5,8.0,278.9,-44.2,0.5,-1.0,RS41,404.500,7.4,250,8,2.6,,
2026-05-28T12:35:36.003Z,W4215091,8311,46.63064,7.00263,29916.0,6.0,7.2,278.9,-44.2,0.4,-1.0,RS41,404.500,7.7,250,8,2.7,,
2026-05-28T12:35:38.003Z,W4215091,8313,46.63064,7.00248,29928.9,5.6,5.2,259.6,-44.2,0.4,-1.0,RS41,404.500,6.5,250,8,2.6,,
2026-05-28T12:35:39.003Z,W4215091,8314,46.63063,7.00242,29934.1,4.8,4.7,247.3,-44.1,0.5,-1.0,RS41,404.500,7.2,250,8,2.6,,
2026-05-28T12:35:40.003Z,W4215091,8315,46.63061,7.00236,29939.3,5.6,4.2,240.6,-44.1,0.4,-1.0,RS41,404.500,7.3,250,8,2.7,,
2026-05-28T12:35:41.003Z,W4215091,8316,46.63060,7.00232,29945.5,6.8,3.6,250.1,-44.2,0.5,-1.0,RS41,404.500,7.6,250,8,2.7,,
2026-05-28T12:35:42.003Z,W4215091,8317,46.63059,7.00227,29951.7,5.6,3.7,262.4,-44.1,0.4,-1.0,RS41,404.500,7.6,250,8,2.6,,
2026-05-28T12:35:43.003Z,W4215091,8318,46.63059,7.00222,29957.0,5.0,4.3,268.6,-44.0,0.4,-1.0,RS41,404.500,7.6,250,8,2.6,,
2026-05-28T12:35:44.003Z,W4215091,8319,46.63059,7.00216,29962.6,6.2,5.0,261.8,-44.0,0.5,-1.0,RS41,404.500,7.5,250,8,2.6,,
2026-05-28T12:35:45.003Z,W4215091,8320,46.63057,7.00209,29969.1,6.8,5.9,251.1,-44.1,0.5,-1.0,RS41,404.500,7.8,250,8,2.7,,
2026-05-28T12:35:46.003Z,W4215091,8321,46.63055,7.00201,29975.3,5.4,6.8,242.2,-44.0,0.4,-1.0,RS41,404.500,7.8,250,8,2.7,,
2026-05-28T12:35:47.003Z,W4215091,8322,46.63052,7.00193,29980.4,4.6,7.6,239.8,-44.0,0.4,-1.0,RS41,404.500,7.6,250,8,2.6,,
2026-05-28T12:35:48.003Z,W4215091,8323,46.63049,7.00184,29985.7,6.0,8.1,243.1,-44.0,0.5,-1.0,RS41,404.500,7.3,250,8,2.6,,
2026-05-28T12:35:49.003Z,W4215091,8324,46.63046,7.00175,29992.2,7.1,8.3,252.5,-44.0,0.4,-1.0,RS41,404.500,7.3,250,8,2.7,,
2026-05-28T12:35:51.003Z,W4215091,8326,46.63043,7.00153,30004.0,4.9,8.5,264.7,-44.0,0.4,-1.0,RS41,404.500,7.7,250,8,2.6,,
2026-05-28T12:35:52.003Z,W4215091,8327,46.63042,7.00142,30009.2,5.6,8.3,265.7,-43.9,0.5,-1.0,RS41,404.500,7.7,250,8,2.6,,
2026-05-28T12:35:53.003Z,W4215091,8328,46.63042,7.00132,30015.3,6.6,8.1,261.6,-43.7,0.4,-1.0,RS41,404.500,7.3,250,8,2.6,,
2026-05-28T12:35:54.003Z,W4215091,8329,46.63040,7.00121,30021.5,5.7,8.2,256.0,-43.7,0.5,-1.0,RS41,404.500,7.2,250,8,2.7,,
2026-05-28T12:35:55.003Z,W4215091,8330,46.63038,7.00111,30027.1,5.5,8.4,254.3,-43.6,0.4,-1.0,RS41,404.500,7.2,250,8,2.7,,
2026-05-28T12:35:56.003Z,W4215091,8331,46.63037,7.00100,30032.9,6.2,8.9,258.6,-43.4,0.4,-1.0,RS41,404.500,7.1,250,8,2.6,,
2026-05-28T12:35:57.003Z,W4215091,8332,46.63036,7.00088,30039.4,6.6,9.4,268.0,-43.3,0.4,-1.0,RS41,404.500,7.1,250,8,2.6,,
2026-05-28T12:36:00.003Z,W4215091,8335,46.63040,7.00049,30056.2,5.2,10.7,285.2,-43.1,0.4,-1.0,RS41,404.500,7.6,250,8,2.6,,
2026-05-28T12:36:01.003Z,W4215091,8336,46.63042,7.00036,30062.1,6.6,10.2,282.4,-43.1,0.4,-1.0,RS41,404.500,7.8,250,8,2.6,,
2026-05-28T12:36:02.003Z,W4215091,8337,46.63044,7.00023,30068.9,6.8,9.4,276.1,-43.2,0.4,-1.0,RS41,404.500,7.8,250,8,2.6,,
2026-05-28T12:36:03.003Z,W4215091,8338,46.63044,7.00011,30074.6,4.7,9.0,269.3,-43.0,0.4,-1.0,RS41,404.500,7.6,250,8,2.7,,
2026-05-28T12:36:04.003Z,W4215091,8339,46.63044,7.00000,30079.5,5.0,8.5,264.0,-43.0,0.4,-1.0,RS41,404.500,7.6,250,8,2.7,,
2026-05-28T12:36:08.003Z,W4215091,8343,46.63045,6.99956,30104.0,5.9,8.5,280.5,-42.8,0.4,-1.0,RS41,404.500,7.6,250,8,2.7,,
2026-05-28T12:36:09.003Z,W4215091,8344,46.63046,6.99945,30110.2,6.6,7.9,277.8,-42.8,0.4,-1.0,RS41,404.500,7.6,250,8,2.6,,
2026-05-28T12:36:10.003Z,W4215091,8345,46.63046,6.99935,30116.9,6.7,7.5,270.8,-42.6,0.4,-1.0,RS41,404.500,8.1,250,8,2.6,,
2026-05-28T12:36:11.003Z,W4215091,8346,46.63046,6.99926,30122.7,4.9,7.4,266.1,-42.5,0.4,-1.0,RS41,404.500,9.1,250,8,2.6,,
2026-05-28T12:36:12.003Z,W4215091,8347,46.63046,6.99916,30127.9,5.4,7.7,264.9,-42.4,0.4,-1.0,RS41,404.500,9.1,250,8,2.7,,
2026-05-28T12:36:13.003Z,W4215091,8348,46.63045,6.99906,30133.7,6.4,8.0,269.4,-42.4,0.4,-1.0,RS41-SG,404.500,8.1,250,8,2.7,,
2026-05-28T12:36:14.003Z,W4215091,8349,46.63046,6.99895,30140.5,7.1,8.6,275.7,-42.3,0.4,-1.0,RS41-SG,404.500,8.4,250,8,2.6,,
2026-05-28T12:36:15.003Z,W4215091,8350,46.63047,6.99884,30146.8,5.5,9.0,279.9,-42.3,0.4,-1.0,RS41-SG,404.500,8.6,250,8,2.6,,
2026-05-28T12:36:16.003Z,W4215091,8351,46.63048,6.99872,30152.3,5.3,9.1,280.0,-42.3,0.4,-1.0,RS41-SG,404.500,8.6,250,8,2.7,,
2026-05-28T12:36:17.003Z,W4215091,8352,46.63049,6.99860,30158.2,6.6,9.0,274.0,-42.2,0.4,-1.0,RS41-SG,404.500,8.0,250,8,2.7,,
2026-05-28T12:36:18.003Z,W4215091,8353,46.63049,6.99849,30165.0,6.8,8.9,265.2,-42.2,0.4,-1.0,RS41-SG,404.500,8.5,250,8,2.6,,
2026-05-28T12:36:19.003Z,W4215091,8354,46.63048,6.99837,30171.0,5.3,8.9,259.1,-42.2,0.4,-1.0,RS41-SG,404.500,8.5,250,8,2.6,,
2026-05-28T12:36:21.003Z,W4215091,8356,46.63046,6.99815,30184.1,7.9,8.2,266.6,-42.1,0.4,-1.0,RS41-SG,404.500,7.9,250,8,2.7,,
2026-05-28T12:36:22.003Z,W4215091,8357,46.63046,6.99805,30191.3,6.4,8.3,278.3,-42.0,0.4,-1.0,RS41-SG,404.500,8.1,250,8,2.7,,
2026-05-28T12:36:23.003Z,W4215091,8358,46.63048,6.99794,30196.7,4.3,8.7,287.3,-41.9,0.4,-1.0,RS41-SG,404.500,8.2,250,8,2.6,,
2026-05-28T12:36:24.003Z,W4215091,8359,46.63050,6.99783,30201.6,5.6,9.3,293.1,-41.7,0.4,-1.0,RS41-SG,404.500,8.2,250,8,2.6,,
2026-05-28T12:36:25.003Z,W4215091,8360,46.63054,6.99771,30208.0,6.9,9.8,292.6,-41.7,0.4,-1.0,RS41-SG,404.500,8.3,250,8,2.7,,
2026-05-28T12:36:26.003Z,W4215091,8361,46.63057,6.99760,30214.2,5.4,9.9,290.3,-41.7,0.4,-1.0,RS41-SG,404.500,8.3,250,8,2.7,,
2026-05-28T12:36:27.003Z,W4215091,8362,46.63060,6.99747,30219.8,6.0,10.1,289.6,-41.6,0.4,-1.0,RS41-SG,404.500,7.6,250,8,2.6,,
2026-05-28T12:36:28.003Z,W4215091,8363,46.63063,6.99735,30226.4,7.1,10.6,291.8,-41.5,0.4,-1.0,RS41-SG,404.500,8.0,250,8,2.6,,
2026-05-28T12:36:29.003Z,W4215091,8364,46.63067,6.99722,30233.4,6.9,11.1,295.7,-41.6,0.4,-1.0,RS41-SG,404.500,8.0,250,8,2.6,,
2026-05-28T12:36:30.003Z,W4215091,8365,46.63072,6.99709,30239.6,5.4,11.3,297.5,-41.6,0.4,-1.0,RS41-SG,404.500,7.0,250,8,2.7,,
2026-05-28T12:36:31.003Z,W4215091,8366,46.63076,6.99696,30245.2,5.9,11.2,295.1,-41.5,0.4,-1.0,RS41-SG,404.500,7.2,250,8,2.7,,
2026-05-28T12:36:32.003Z,W4215091,8367,46.63080,6.99683,30251.7,6.9,10.8,288.6,-41.5,0.4,-1.0,RS41-SG,404.500,8.6,250,8,2.6,,
2026-05-28T12:36:33.003Z,W4215091,8368,46.63082,6.99669,30258.3,6.3,10.6,280.4,-41.5,0.4,-1.0,RS41-SG,404.500,8.6,250,8,2.6,,
2026-05-28T12:36:34.003Z,W4215091,8369,46.63083,6.99656,30264.1,5.4,10.6,274.4,-41.5,0.4,-1.0,RS41-SG,404.500,7.5,250,8,2.7,,
2026-05-28T12:36:35.003Z,W4215091,8370,46.63084,6.99642,30269.8,5.9,10.8,273.4,-41.5,0.4,-1.0,RS41-SG,404.500,7.6,250,8,2.7,,
2026-05-28T12:36:36.003Z,W4215091,8371,46.63085,6.99628,30276.0,6.6,10.8,277.9,-41.6,0.4,-1.0,RS41-SG,404.500,7.6,250,8,2.6,,
2026-05-28T12:36:37.003Z,W4215091,8372,46.63087,6.99614,30282.6,6.5,10.8,285.6,-41.5,0.4,-1.0,RS41-SG,404.500,8.2,250,8,2.6,,
2026-05-28T12:36:38.003Z,W4215091,8373,46.63090,6.99601,30288.8,5.7,10.7,292.3,-41.5,0.4,-1.0,RS41-SG,404.500,8.2,250,8,2.6,,
2026-05-28T12:36:39.003Z,W4215091,8374,46.63094,6.99588,30294.2,5.0,10.4,296.0,-41.5,0.4,-1.0,RS41-SG,404.500,8.3,250,8,2.7,,
2026-05-28T12:36:40.003Z,W4215091,8375,46.63098,6.99577,30299.5,5.6,9.8,294.8,-41.5,0.4,-1.0,RS41-SG,404.500,8.3,250,8,2.7,,
2026-05-28T12:36:41.003Z,W4215091,8376,46.63101,6.99565,30305.8,7.0,9.0,286.9,-41.4,0.4,-1.0,RS41-SG,404.500,8.3,250,8,2.6,,
2026-05-28T12:36:42.003Z,W4215091,8377,46.63102,6.99554,30312.6,6.5,8.8,276.5,-41.4,0.4,-1.0,RS41-SG,404.500,8.3,250,8,2.6,,
2026-05-28T12:36:43.003Z,W4215091,8378,46.63103,6.99542,30318.6,5.5,9.1,268.2,-41.4,0.4,-1.0,RS41-SG,404.500,8.1,250,8,2.7,,
2026-05-28T12:36:44.003Z,W4215091,8379,46.63102,6.99530,30324.2,5.8,9.6,266.1,-41.3,0.4,-1.0,RS41-SG,404.500,8.1,250,8,2.7,,
2026-05-28T12:36:45.003Z,W4215091,8380,46.63102,6.99517,30330.8,7.3,10.2,270.2,-41.3,0.4,-1.0,RS41-SG,404.500,7.7,250,8,2.6,,
2026-05-28T12:36:46.003Z,W4215091,8381,46.63103,6.99504,30337.8,6.7,10.6,277.5,-41.3,0.4,-1.0,RS41-SG,404.500,7.6,250,8,2.6,,
2026-05-28T12:36:47.003Z,W4215091,8382,46.63104,6.99490,30343.7,5.1,10.8,282.4,-41.3,0.4,-1.0,RS41-SG,404.500,8.0,250,8,2.6,,
2026-05-28T12:36:48.003Z,W4215091,8383,46.63107,6.99476,30349.1,5.6,10.9,285.9,-41.3,0.4,-1.0,RS41-SG,404.500,8.0,250,8,2.7,,
2026-05-28T12:36:49.003Z,W4215091,8384,46.63109,6.99463,30355.2,6.8,10.5,284.3,-41.2,0.4,-1.0,RS41-SG,404.500,7.4,250,8,2.7,,
2026-05-28T12:36:50.003Z,W4215091,8385,46.63111,6.99450,30362.2,7.2,10.1,279.7,-41.2,0.4,-1.0,RS41-SG,404.500,8.2,250,8,2.7,,
2026-05-28T12:36:51.003Z,W4215091,8386,46.63112,6.99437,30368.6,5.6,9.7,276.1,-41.2,0.4,-1.0,RS41-SG,404.500,8.2,250,8,2.6,,
2026-05-28T12:36:52.003Z,W4215091,8387,46.63113,6.99425,30374.1,5.5,9.3,275.6,-41.2,0.4,-1.0,RS41-SG,404.500,7.5,250,8,2.6,,
2026-05-28T12:36:53.003Z,W4215091,8388,46.63114,6.99413,30379.9,6.0,9.3,278.9,-41.2,0.4,-1.0,RS41-SG,404.500,7.5,250,8,2.6,,
2026-05-28T12:36:58.003Z,W4215091,8393,46.63125,6.99350,30411.6,7.0,10.5,272.0,-41.3,0.4,-1.0,RS41-SG,404.500,7.7,250,8,2.6,,
2026-05-28T12:36:59.003Z,W4215091,8394,46.63125,6.99336,30418.6,6.8,11.0,261.0,-41.3,0.4,-1.0,RS41-SG,404.500,7.7,250,8,2.6,,
2026-05-28T12:37:01.003Z,W4215091,8396,46.63119,6.99307,30429.6,5.4,11.8,252.0,-41.3,0.4,-1.0,RS41-SG,404.500,7.2,250,8,2.7,,
2026-05-28T12:37:02.003Z,W4215091,8397,46.63117,6.99293,30435.7,6.7,11.6,255.6,-41.4,0.4,-1.0,RS41-SG,404.500,7.2,250,8,2.7,,
2026-05-28T12:37:04.003Z,W4215091,8399,46.63114,6.99264,30448.9,5.6,10.9,270.8,-41.4,0.4,-1.0,RS41,404.500,7.3,250,8,2.6,,
2026-05-28T12:37:05.003Z,W4215091,8400,46.63115,6.99250,30454.8,6.1,10.3,277.1,-41.4,0.4,-1.0,RS41,404.500,7.3,250,8,2.6,,
2026-05-28T12:37:06.003Z,W4215091,8401,46.63116,6.99238,30461.3,6.9,9.4,277.2,-41.3,0.4,-1.0,RS41,404.500,7.9,250,8,2.7,,
2026-05-28T12:37:07.003Z,W4215091,8402,46.63117,6.99226,30468.4,7.2,8.2,272.1,-41.4,0.4,-1.0,RS41,404.500,7.9,250,8,2.7,,
2026-05-28T12:37:09.003Z,W4215091,8404,46.63115,6.99208,30481.1,4.6,6.5,253.0,-41.3,0.4,-1.0,RS41,404.500,7.3,250,8,2.6,,
2026-05-28T12:37:11.003Z,W4215091,8406,46.63111,6.99193,30491.6,6.5,6.2,245.4,-41.2,0.4,-1.0,RS41,404.500,7.0,250,8,2.6,,
2026-05-28T12:37:12.003Z,W4215091,8407,46.63108,6.99185,30498.7,7.6,6.8,249.2,-41.2,0.4,-1.0,RS41,404.500,7.0,250,8,2.6,,
2026-05-28T12:37:15.003Z,W4215091,8410,46.63101,6.99156,30516.9,5.7,9.5,246.0,-41.1,0.4,-1.0,RS41,404.500,6.6,250,8,2.7,,
2026-05-28T12:37:18.003Z,W4215091,8413,46.63085,6.99120,30535.1,6.1,12.6,231.9,-41.0,0.4,-1.0,RS41,404.500,6.4,250,8,2.6,,
2026-05-28T12:37:25.003Z,W4215091,8420,46.63073,6.99039,30577.9,7.2,5.8,287.6,-40.5,0.3,-1.0,RS41,404.500,7.1,250,8,2.7,,
2026-05-28T12:37:26.003Z,W4215091,8421,46.63074,6.99032,30585.2,7.5,5.0,267.3,-40.6,0.3,-1.0,RS41,404.500,7.3,250,8,2.7,,
2026-05-28T12:37:30.003Z,W4215091,8425,46.63064,6.98997,30611.6,6.7,10.1,249.1,-40.4,0.4,-1.0,RS41,404.500,7.3,250,8,2.7,,
2026-05-28T12:37:32.003Z,W4215091,8427,46.63058,6.98969,30623.0,5.7,12.9,256.5,-40.3,0.3,-1.0,RS41,404.500,7.9,250,8,2.6,,
2026-05-28T12:37:45.003Z,W4215091,8440,46.63051,6.98789,30706.9,6.6,11.3,262.5,-40.4,0.4,-1.0,RS41,404.500,7.0,250,8,2.6,,
2026-05-28T12:37:46.003Z,W4215091,8441,46.63050,6.98774,30713.5,6.5,12.5,268.2,-40.4,0.4,-1.0,RS41,404.500,7.6,250,8,2.7,,
2026-05-28T12:37:50.003Z,W4215091,8445,46.63050,6.98705,30738.4,7.5,12.9,266.5,-40.5,0.4,-1.0,RS41,404.500,6.7,250,8,2.6,,
2026-05-28T12:37:52.003Z,W4215091,8447,46.63048,6.98674,30749.9,4.5,11.6,259.9,-40.6,0.3,-1.0,RS41,404.500,7.0,250,8,2.7,,
2026-05-28T12:37:54.003Z,W4215091,8449,46.63045,6.98645,30762.0,7.2,10.8,268.5,-40.6,0.4,-1.0,RS41,404.500,7.3,250,8,2.6,,
2026-05-28T12:37:55.003Z,W4215091,8450,46.63045,6.98631,30768.6,5.9,11.1,275.0,-40.6,0.4,-1.0,RS41-SG,404.500,7.1,250,8,2.6,,
2026-05-28T12:37:56.003Z,W4215091,8451,46.63047,6.98616,30774.4,5.6,12.0,278.3,-40.6,0.4,-1.0,RS41-SG,404.500,7.8,250,8,2.6,,
2026-05-28T12:37:57.003Z,W4215091,8452,46.63048,6.98600,30780.5,6.6,12.7,278.0,-40.6,0.4,-1.0,RS41-SG,404.500,7.8,250,8,2.7,,
2026-05-28T12:37:58.003Z,W4215091,8453,46.63049,6.98584,30787.2,6.9,13.0,273.1,-40.6,0.4,-1.0,RS41-SG,404.500,7.6,250,8,2.7,,
2026-05-28T12:37:59.003Z,W4215091,8454,46.63049,6.98567,30793.5,5.6,13.0,269.0,-40.5,0.3,-1.0,RS41-SG,404.500,7.6,250,8,2.7,,
2026-05-28T12:38:02.003Z,W4215091,8457,46.63048,6.98517,30810.5,7.3,12.3,268.5,-40.4,0.3,-1.0,RS41-SG,404.500,7.3,250,8,2.6,,
2026-05-28T12:38:04.003Z,W4215091,8459,46.63048,6.98486,30823.4,6.4,12.2,271.4,-40.4,0.4,-1.0,RS41-SG,404.500,7.3,250,8,2.7,,
2026-05-28T12:38:05.003Z,W4215091,8460,46.63048,6.98470,30830.3,7.3,12.1,268.8,-40.4,0.4,-1.0,RS41-SG,404.500,7.3,250,8,2.6,,
2026-05-28T12:38:06.003Z,W4215091,8461,46.63047,6.98454,30837.6,7.3,12.0,263.0,-40.4,0.4,-1.0,RS41-SG,404.500,7.0,250,8,2.6,,
2026-05-28T12:38:07.003Z,W4215091,8462,46.63045,6.98439,30843.9,5.3,12.2,258.9,-40.3,0.4,-1.0,RS41-SG,404.500,7.0,250,8,2.6,,
2026-05-28T12:38:10.003Z,W4215091,8465,46.63040,6.98389,30862.5,7.0,13.9,266.9,-40.3,0.4,-1.0,RS41-SG,404.500,6.8,250,8,2.7,,
2026-05-28T12:38:12.003Z,W4215091,8467,46.63040,6.98352,30874.7,5.8,14.1,273.8,-40.3,0.4,-1.0,RS41-SG,404.500,7.5,250,8,2.6,,
2026-05-28T12:38:15.003Z,W4215091,8470,46.63041,6.98301,30894.5,5.4,12.0,264.7,-40.2,0.3,-1.0,RS41-SG,404.500,7.9,250,8,2.7,,
2026-05-28T12:38:22.003Z,W4215091,8477,46.63040,6.98189,30937.5,7.2,12.9,271.0,-40.2,0.4,-1.0,RS41-SG,404.500,7.3,250,8,2.7,,
2026-05-28T12:38:25.003Z,W4215091,8480,46.63038,6.98139,30956.4,6.6,13.0,265.9,-40.2,0.4,-1.0,RS41-SG,404.500,7.4,250,8,2.7,,
2026-05-28T12:38:28.003Z,W4215091,8483,46.63039,6.98086,30975.1,5.4,14.3,275.0,-40.2,0.3,-1.0,RS41-SG,404.500,6.8,250,8,2.6,,
2026-05-28T12:38:29.003Z,W4215091,8484,46.63040,6.98068,30981.0,6.4,14.3,273.1,-40.1,0.4,-1.0,RS41-SG,404.500,7.8,250,8,2.6,,
2026-05-28T12:38:30.003Z,W4215091,8485,46.63040,6.98049,30987.7,7.1,13.9,268.3,-40.2,0.4,-1.0,RS41-SG,404.500,7.8,250,8,2.7,,
2026-05-28T12:38:31.003Z,W4215091,8486,46.63040,6.98031,30994.3,5.9,13.8,264.2,-40.2,0.3,-1.0,RS41-SG,404.500,7.7,250,8,2.7,,
2026-05-28T12:38:32.003Z,W4215091,8487,46.63038,6.98013,31000.1,5.7,13.8,262.7,-40.2,0.4,-1.0,RS41-SG,404.500,7.3,250,8,2.7,,
2026-05-28T12:38:34.003Z,W4215091,8489,46.63036,6.97977,31013.0,7.1,14.4,268.8,-40.2,0.3,-1.0,RS41-SG,404.500,7.0,250,8,2.6,,
2026-05-28T12:38:35.003Z,W4215091,8490,46.63036,6.97958,31019.2,5.3,14.6,272.7,-40.2,0.4,-1.0,RS41-SG,404.500,7.2,250,8,2.6,,
2026-05-28T12:38:36.003Z,W4215091,8491,46.63037,6.97939,31024.5,5.2,14.9,275.0,-40.2,0.4,-1.0,RS41-SG,404.500,7.2,250,8,2.6,,
2026-05-28T12:38:40.003Z,W4215091,8495,46.63038,6.97866,31049.0,5.1,13.3,265.9,-40.1,0.3,-1.0,RS41-SG,404.500,7.3,250,8,2.6,,
2026-05-28T12:38:43.003Z,W4215091,8498,46.63039,6.97813,31067.9,6.7,14.2,281.3,-40.0,0.4,-1.0,RS41-SG,404.500,7.9,250,8,2.7,,
2026-05-28T12:38:46.003Z,W4215091,8501,46.63050,6.97759,31084.9,6.4,14.2,286.9,-39.9,0.4,-1.0,RS41,404.500,8.1,250,8,2.6,,
2026-05-28T12:38:47.003Z,W4215091,8502,46.63054,6.97742,31091.6,6.8,13.4,283.0,-39.9,0.3,-1.0,RS41,404.500,8.1,250,8,2.7,,
2026-05-28T12:38:48.003Z,W4215091,8503,46.63056,6.97725,31097.9,5.9,12.3,278.2,-39.9,0.4,-1.0,RS41,404.500,8.0,250,8,2.7,,
2026-05-28T12:38:49.003Z,W4215091,8504,46.63057,6.97710,31103.3,5.1,11.5,275.4,-39.8,0.3,-1.0,RS41,404.500,7.7,250,8,2.6,,
2026-05-28T12:38:50.003Z,W4215091,8505,46.63058,6.97695,31108.8,5.6,10.9,277.6,-39.7,0.3,-1.0,RS41,404.500,7.7,250,8,2.6,,
2026-05-28T12:38:51.003Z,W4215091,8506,46.63060,6.97682,31114.6,6.1,10.6,284.2,-39.8,0.3,-1.0,RS41,404.500,7.3,250,8,2.6,,
2026-05-28T12:38:52.003Z,W4215091,8507,46.63063,6.97668,31121.0,6.7,11.5,292.0,-39.7,0.3,-1.0,RS41,404.500,7.7,250,8,2.7,,
2026-05-28T12:38:53.003Z,W4215091,8508,46.63068,6.97654,31127.4,6.1,12.9,297.5,-39.7,0.3,-1.0,RS41,404.500,7.7,250,8,2.7,,
2026-05-28T12:38:54.003Z,W4215091,8509,46.63073,6.97638,31133.1,5.2,14.1,297.6,-39.7,0.3,-1.0,RS41,404.500,7.7,250,8,2.7,,
2026-05-28T12:38:55.003Z,W4215091,8510,46.63079,6.97621,31138.2,5.2,15.1,294.6,-39.5,0.3,-1.0,RS41,404.500,7.0,250,8,2.6,,
2026-05-28T12:38:56.003Z,W4215091,8511,46.63084,6.97603,31144.1,6.3,15.3,289.2,-39.5,0.3,-1.0,RS41,404.500,8.0,250,8,2.6,,
2026-05-28T12:38:57.003Z,W4215091,8512,46.63088,6.97584,31150.6,6.7,14.6,283.3,-39.6,0.4,-1.0,RS41,404.500,8.0,250,8,2.6,,
2026-05-28T12:38:58.003Z,W4215091,8513,46.63090,6.97566,31156.7,5.6,13.4,278.8,-39.5,0.3,-1.0,RS41,404.500,8.0,250,8,2.7,,
2026-05-28T12:38:59.003Z,W4215091,8514,46.63092,6.97550,31162.1,5.2,12.0,277.2,-39.5,0.3,-1.0,RS41,404.500,8.0,250,8,2.7,,
2026-05-28T12:39:02.003Z,W4215091,8517,46.63101,6.97513,31180.8,6.7,9.7,310.4,-39.4,0.3,-1.0,RS41,404.500,8.1,250,8,2.6,,
2026-05-28T12:39:03.003Z,W4215091,8518,46.63107,6.97504,31186.8,5.2,10.4,318.9,-39.4,0.3,-1.0,RS41,404.500,8.4,250,8,2.7,,
2026-05-28T12:39:04.003Z,W4215091,8519,46.63115,6.97495,31192.0,5.2,11.1,322.6,-39.4,0.3,-1.0,RS41,404.500,8.4,250,8,2.7,,
2026-05-28T12:39:05.003Z,W4215091,8520,46.63122,6.97486,31197.6,6.0,11.2,320.3,-39.3,0.3,-1.0,RS41,404.500,8.6,250,8,2.7,,
2026-05-28T12:39:06.003Z,W4215091,8521,46.63130,6.97476,31204.1,6.9,11.0,313.1,-39.2,0.3,-1.0,RS41,404.500,9.3,250,8,2.6,,
2026-05-28T12:39:07.003Z,W4215091,8522,46.63136,6.97465,31210.9,6.6,10.7,304.1,-39.2,0.3,-1.0,RS41,404.500,9.3,250,8,2.6,,
2026-05-28T12:39:08.003Z,W4215091,8523,46.63140,6.97453,31216.9,5.6,10.8,295.8,-39.2,0.3,-1.0,RS41,404.500,8.7,250,8,2.6,,
2026-05-28T12:39:09.003Z,W4215091,8524,46.63144,6.97440,31222.3,5.2,11.4,291.5,-39.1,0.3,-1.0,RS41,404.500,8.8,250,8,2.7,,
2026-05-28T12:39:10.003Z,W4215091,8525,46.63148,6.97426,31227.8,5.7,12.2,291.5,-39.0,0.3,-1.0,RS41,404.500,8.8,250,8,2.7,,
2026-05-28T12:39:11.003Z,W4215091,8526,46.63153,6.97411,31234.0,6.8,13.1,294.1,-39.1,0.3,-1.0,RS41,404.500,8.3,250,8,2.6,,
2026-05-28T12:39:12.003Z,W4215091,8527,46.63158,6.97395,31240.9,7.1,13.9,297.7,-39.0,0.3,-1.0,RS41,404.500,7.8,250,8,2.6,,
2026-05-28T12:39:13.003Z,W4215091,8528,46.63164,6.97379,31247.3,5.6,14.1,301.0,-39.0,0.3,-1.0,RS41,404.500,8.1,250,8,2.6,,
2026-05-28T12:39:14.003Z,W4215091,8529,46.63171,6.97364,31252.7,5.1,13.7,303.5,-39.1,0.3,-1.0,RS41,404.500,8.1,250,8,2.7,,
2026-05-28T12:39:15.003Z,W4215091,8530,46.63177,6.97350,31258.3,6.2,12.0,304.4,-39.0,0.3,-1.0,RS41,404.500,7.7,250,8,2.7,,
2026-05-28T12:39:16.003Z,W4215091,8531,46.63183,6.97338,31265.0,7.1,9.6,302.6,-39.0,0.3,-1.0,RS41,404.500,7.2,250,8,2.7,,
2026-05-28T12:39:17.003Z,W4215091,8532,46.63187,6.97328,31271.3,5.3,7.8,298.8,-39.0,0.3,-1.0,RS41,404.500,8.1,250,8,2.6,,
2026-05-28T12:39:18.003Z,W4215091,8533,46.63190,6.97320,31276.5,5.3,6.4,296.7,-39.1,0.3,-1.0,RS41,404.500,8.1,250,8,2.6,,
2026-05-28T12:39:19.003Z,W4215091,8534,46.63192,6.97313,31282.6,6.9,6.0,300.6,-39.0,0.3,-1.0,RS41,404.500,8.2,250,8,2.6,,
2026-05-28T12:39:20.003Z,W4215091,8535,46.63196,6.97306,31289.8,7.4,6.8,309.6,-39.0,0.3,-1.0,RS41,404.500,8.2,250,8,2.7,,
2026-05-28T12:39:21.003Z,W4215091,8536,46.63200,6.97299,31296.4,5.7,8.0,315.1,-39.1,0.3,-1.0,RS41,404.500,8.3,250,8,2.7,,
2026-05-28T12:39:22.003Z,W4215091,8537,46.63206,6.97292,31301.7,5.0,9.3,317.6,-39.1,0.3,-1.0,RS41,404.500,8.4,250,8,2.6,,
2026-05-28T12:39:23.003Z,W4215091,8538,46.63212,6.97283,31307.0,5.7,10.1,316.8,-39.0,0.3,-1.0,RS41,404.500,8.4,250,8,2.6,,
2026-05-28T12:39:24.003Z,W4215091,8539,46.63218,6.97274,31313.3,6.9,10.1,313.3,-39.0,0.3,-1.0,RS41,404.500,8.7,250,8,2.6,,
2026-05-28T12:39:25.003Z,W4215091,8540,46.63224,6.97264,31320.2,6.8,9.8,308.9,-39.1,0.3,-1.0,RS41,404.500,9.2,250,8,2.7,,
2026-05-28T12:39:26.003Z,W4215091,8541,46.63229,6.97254,31326.5,6.0,9.8,305.1,-39.2,0.3,-1.0,RS41,404.500,9.2,250,8,2.7,,
2026-05-28T12:39:27.003Z,W4215091,8542,46.63234,6.97243,31332.5,6.0,10.3,303.1,-39.1,0.3,-1.0,RS41,404.500,8.5,250,8,2.7,,
2026-05-28T12:39:28.003Z,W4215091,8543,46.63240,6.97232,31338.6,6.3,11.1,303.4,-39.2,0.3,-1.0,RS41,404.500,8.3,250,8,2.6,,
2026-05-28T12:39:29.003Z,W4215091,8544,46.63246,6.97219,31345.1,6.7,12.1,304.4,-39.2,0.3,-1.0,RS41,404.500,8.5,250,8,2.6,,
2026-05-28T12:39:30.003Z,W4215091,8545,46.63252,6.97206,31351.2,5.6,12.6,304.7,-39.2,0.3,-1.0,RS41,404.500,8.5,250,8,2.6,,
2026-05-28T12:39:31.003Z,W4215091,8546,46.63258,6.97193,31357.2,6.3,12.2,303.5,-39.0,0.3,-1.0,RS41,404.500,7.9,250,8,2.7,,
2026-05-28T12:39:32.003Z,W4215091,8547,46.63264,6.97180,31364.1,7.4,10.7,301.2,-38.9,0.3,-1.0,RS41,404.500,7.9,250,8,2.7,,
2026-05-28T12:39:33.003Z,W4215091,8548,46.63268,6.97169,31371.2,6.9,8.9,297.8,-38.9,0.3,-1.0,RS41,404.500,8.3,250,8,2.6,,
2026-05-28T12:39:34.003Z,W4215091,8549,46.63271,6.97160,31377.1,5.0,7.3,294.4,-38.8,0.3,-1.0,RS41,404.500,8.3,250,8,2.6,,
2026-05-28T12:39:35.003Z,W4215091,8550,46.63274,6.97152,31382.3,5.5,6.0,296.7,-38.7,0.3,-1.0,RS41,404.500,7.7,250,8,2.7,,
2026-05-28T12:39:36.003Z,W4215091,8551,46.63277,6.97145,31388.4,6.6,5.9,309.7,-38.6,0.3,-1.0,RS41,404.500,8.2,250,8,2.7,,
2026-05-28T12:39:37.003Z,W4215091,8552,46.63281,6.97140,31395.2,7.0,7.1,322.6,-38.6,0.3,-1.0,RS41-SG,404.500,8.2,250,8,2.6,,
2026-05-28T12:39:38.003Z,W4215091,8553,46.63287,6.97134,31401.6,5.8,8.4,329.0,-38.6,0.3,-1.0,RS41-SG,404.500,7.7,250,8,2.6,,
2026-05-28T12:39:39.003Z,W4215091,8554,46.63293,6.97128,31407.5,5.9,9.4,332.6,-38.5,0.3,-1.0,RS41-SG,404.500,8.1,250,8,2.6,,
2026-05-28T12:39:40.003Z,W4215091,8555,46.63301,6.97123,31413.5,6.1,9.4,334.1,-38.3,0.3,-1.0,RS41-SG,404.500,8.1,250,8,2.7,,
2026-05-28T12:39:41.003Z,W4215091,8556,46.63308,6.97118,31420.2,7.2,8.2,332.8,-38.3,0.3,-1.0,RS41-SG,404.500,8.3,250,8,2.7,,
2026-05-28T12:39:42.003Z,W4215091,8557,46.63314,6.97113,31427.4,7.3,6.5,328.7,-38.3,0.3,-1.0,RS41-SG,404.500,8.3,250,8,2.7,,
2026-05-28T12:39:43.003Z,W4215091,8558,46.63318,6.97109,31434.0,6.0,5.1,321.4,-38.2,0.3,-1.0,RS41-SG,404.500,8.0,250,8,2.6,,
2026-05-28T12:39:44.003Z,W4215091,8559,46.63321,6.97105,31439.5,4.8,4.3,310.5,-38.1,0.3,-1.0,RS41-SG,404.500,8.1,250,8,2.6,,
2026-05-28T12:39:45.003Z,W4215091,8560,46.63323,6.97100,31444.5,5.2,4.2,299.8,-38.0,0.3,-1.0,RS41-SG,404.500,8.1,250,8,2.6,,
2026-05-28T12:39:47.003Z,W4215091,8562,46.63327,6.97088,31456.6,6.9,6.3,297.3,-38.0,0.3,-1.0,RS41-SG,404.500,7.5,250,8,2.7,,
2026-05-28T12:39:48.003Z,W4215091,8563,46.63330,6.97081,31463.1,6.1,7.3,298.0,-37.8,0.3,-1.0,RS41-SG,404.500,7.8,250,8,2.6,,
2026-05-28T12:39:49.003Z,W4215091,8564,46.63334,6.97072,31468.8,5.2,8.0,298.0,-37.7,0.3,-1.0,RS41-SG,404.500,8.2,250,8,2.6,,
2026-05-28T12:39:50.003Z,W4215091,8565,46.63337,6.97063,31474.3,5.8,7.7,294.4,-37.6,0.3,-1.0,RS41-SG,404.500,8.2,250,8,2.6,,
2026-05-28T12:39:51.003Z,W4215091,8566,46.63339,6.97054,31480.7,7.0,6.6,287.9,-37.6,0.3,-1.0,RS41-SG,404.500,7.7,250,8,2.7,,
2026-05-28T12:39:52.003Z,W4215091,8567,46.63340,6.97046,31487.5,6.7,5.3,276.6,-37.4,0.3,-1.0,RS41-SG,404.500,7.8,250,8,2.7,,
2026-05-28T12:39:56.003Z,W4215091,8571,46.63340,6.97026,31509.9,6.1,3.8,291.1,-37.1,0.3,-1.0,RS41-SG,404.500,6.8,250,8,2.6,,
2026-05-28T12:39:57.003Z,W4215091,8572,46.63342,6.97021,31516.3,6.6,5.1,304.9,-37.0,0.3,-1.0,RS41-SG,404.500,7.0,250,8,2.7,,
2026-05-28T12:39:58.003Z,W4215091,8573,46.63345,6.97015,31522.9,6.6,6.5,310.6,-37.0,0.3,-1.0,RS41-SG,404.500,7.4,250,8,2.7,,
2026-05-28T12:39:59.003Z,W4215091,8574,46.63349,6.97008,31529.1,5.7,7.2,310.0,-37.0,0.3,-1.0,RS41-SG,404.500,7.4,250,8,2.6,,
2026-05-28T12:40:00.003Z,W4215091,8575,46.63353,6.97001,31534.7,5.5,7.0,305.3,-36.8,0.3,-1.0,RS41-SG,404.500,7.6,250,8,2.6,,
2026-05-28T12:40:02.003Z,W4215091,8577,46.63357,6.96987,31547.6,7.3,4.9,270.1,-36.7,0.2,-1.0,RS41-SG,404.500,7.3,250,8,2.7,,
2026-05-28T12:40:03.003Z,W4215091,8578,46.63356,6.96981,31554.1,5.6,4.5,246.9,-36.7,0.3,-1.0,RS41-SG,404.500,7.3,250,8,2.7,,
2026-05-28T12:40:04.003Z,W4215091,8579,46.63354,6.96976,31559.4,5.0,4.6,228.3,-36.7,0.3,-1.0,RS41-SG,404.500,7.1,250,8,2.7,,
2026-05-28T12:40:14.003Z,W4215091,8589,46.63364,6.96930,31622.3,6.8,4.2,318.9,-36.4,0.2,-1.0,RS41-SG,404.500,7.0,250,8,2.6,,
2026-05-28T12:45:44.003Z,W4215091,8919,46.64190,6.94235,32161.4,-37.7,7.8,306.7,-35.7,0.2,-1.0,RS41-SG,404.500,6.6,250,9,2.6,,
2026-05-28T12:45:46.003Z,W4215091,8921,46.64196,6.94217,32085.7,-37.1,8.3,281.6,-35.9,0.2,-1.0,RS41-SG,404.500,6.8,250,9,2.6,,
2026-05-28T12:45:48.003Z,W4215091,8923,46.64198,6.94195,32008.2,-40.3,9.1,273.2,-36.1,0.2,-1.0,RS41-SG,404.500,6.8,250,8,2.7,,
2026-05-28T12:46:03.003Z,W4215091,8938,46.64213,6.94052,31445.7,-36.3,5.7,305.6,-38.7,0.3,-1.0,RS41-SG,404.500,7.1,250,7,2.7,,
2026-05-28T12:46:04.003Z,W4215091,8939,46.64216,6.94046,31409.9,-35.5,5.7,316.0,-39.0,0.3,-1.0,RS41-SG,404.500,7.1,250,8,2.7,,
2026-05-28T12:46:05.003Z,W4215091,8940,46.64220,6.94041,31373.8,-37.0,6.6,316.9,-39.4,0.3,-1.0,RS41-SG,404.500,8.2,250,9,2.6,,
2026-05-28T12:46:06.003Z,W4215091,8941,46.64225,6.94034,31337.2,-36.4,7.4,310.1,-39.5,0.3,-1.0,RS41-SG,404.500,8.2,250,8,2.6,,
2026-05-28T12:46:07.003Z,W4215091,8942,46.64229,6.94026,31301.6,-34.8,9.3,308.9,-39.5,0.3,-1.0,RS41-SG,404.500,8.0,250,9,2.7,,
2026-05-28T12:46:08.003Z,W4215091,8943,46.64235,6.94015,31267.2,-34.5,10.8,304.0,-39.5,0.3,-1.0,RS41-SG,404.500,8.0,250,8,2.7,,
2026-05-28T12:46:09.003Z,W4215091,8944,46.64240,6.94003,31233.3,-33.3,11.6,302.8,-39.4,0.3,-1.0,RS41-SG,404.500,7.3,250,9,2.6,,
2026-05-28T12:46:10.003Z,W4215091,8945,46.64246,6.93989,31199.5,-34.5,12.4,299.2,-39.5,0.3,-1.0,RS41-SG,404.500,7.6,250,8,2.6,,
2026-05-28T12:46:11.003Z,W4215091,8946,46.64251,6.93975,31166.5,-31.9,12.8,299.2,-39.6,0.3,-1.0,RS41-SG,404.500,7.6,250,7,2.7,,
2026-05-28T12:46:12.003Z,W4215091,8947,46.64256,6.93961,31135.0,-31.3,12.7,297.4,-39.7,0.3,-1.0,RS41-SG,404.500,7.6,250,9,2.7,,
2026-05-28T12:46:13.003Z,W4215091,8948,46.64261,6.93945,31103.2,-32.3,12.8,292.7,-39.9,0.3,-1.0,RS41-SG,404.500,7.1,250,8,2.6,,
2026-05-28T12:46:14.003Z,W4215091,8949,46.64265,6.93930,31071.8,-31.2,12.5,286.2,-40.1,0.4,-1.0,RS41-SG,404.500,7.2,250,9,2.6,,
2026-05-28T12:46:15.003Z,W4215091,8950,46.64268,6.93914,31039.2,-34.4,13.0,285.0,-40.3,0.3,-1.0,RS41-SG,404.500,7.2,250,9,2.7,,
2026-05-28T12:46:16.003Z,W4215091,8951,46.64270,6.93897,31005.3,-33.4,13.0,279.9,-40.4,0.3,-1.0,RS41-SG,404.500,7.0,250,8,2.7,,
2026-05-28T12:46:18.003Z,W4215091,8953,46.64273,6.93863,30937.3,-34.2,13.0,272.7,-40.4,0.3,-1.0,RS41-SG,404.500,6.8,250,9,2.6,,
2026-05-28T12:46:19.003Z,W4215091,8954,46.64273,6.93846,30904.9,-30.5,13.5,268.7,-40.4,0.3,-1.0,RS41-SG,404.500,6.8,250,9,2.7,,
2026-05-28T12:46:38.003Z,W4215091,8973,46.64262,6.93587,30254.2,-33.4,9.2,284.4,-41.7,0.4,-1.0,RS41-SG,404.500,7.2,250,9,2.6,,
2026-05-28T12:46:40.003Z,W4215091,8975,46.64267,6.93563,30188.8,-32.3,10.3,288.1,-42.0,0.4,-1.0,RS41-SG,404.500,7.3,250,9,2.7,,
2026-05-28T12:46:44.003Z,W4215091,8979,46.64276,6.93517,30049.3,-37.7,7.8,278.0,-43.3,0.4,-1.0,RS41-SG,404.500,7.0,250,9,2.6,,
2026-05-28T12:46:46.003Z,W4215091,8981,46.64277,6.93499,29976.1,-35.6,7.0,268.0,-44.0,0.4,-1.0,RS41-SG,404.500,6.5,250,7,2.7,,
2026-05-28T12:46:48.003Z,W4215091,8983,46.64275,6.93481,29906.1,-31.9,6.4,261.3,-44.4,0.5,-1.0,RS41-SG,404.500,6.1,250,9,2.7,,
2026-05-28T12:47:51.003Z,W4215091,9046,46.64340,6.93101,28080.1,-25.2,6.8,332.3,-48.3,0.6,-1.0,RS41-SG,404.500,6.7,250,8,2.6,,
2026-05-28T12:47:53.003Z,W4215091,9048,46.64351,6.93096,28028.9,-25.9,6.8,349.9,-48.2,0.5,-1.0,RS41-SG,404.500,6.7,250,8,2.7,,
2026-05-28T12:47:58.003Z,W4215091,9053,46.64378,6.93092,27901.1,-24.7,6.4,343.3,-48.1,0.6,-1.0,RS41-SG,404.500,7.5,250,8,2.7,,
2026-05-28T12:47:59.003Z,W4215091,9054,46.64384,6.93089,27876.3,-24.9,6.4,334.0,-48.2,0.6,-1.0,RS41-SG,404.500,7.5,250,8,2.7,,
2026-05-28T12:48:01.003Z,W4215091,9056,46.64395,6.93078,27825.9,-24.6,9.1,314.4,-48.1,0.6,-1.0,RS41-SG,404.500,7.1,250,8,2.6,,
2026-05-28T12:48:23.003Z,W4215091,9078,46.64481,6.92812,27250.0,-25.5,8.5,279.7,-50.1,0.6,-1.0,RS41-SG,404.500,7.1,250,8,2.6,08:27:16,
2026-05-28T12:48:25.003Z,W4215091,9080,46.64481,6.92792,27196.0,-28.6,7.3,267.3,-50.3,0.7,-1.0,RS41-SG,404.500,7.0,250,7,2.7,08:27:16,
2026-05-28T12:48:26.003Z,W4215091,9081,46.64481,6.92783,27168.4,-26.2,6.5,257.3,-50.4,0.7,-1.0,RS41-SG,404.500,7.3,250,8,2.6,08:27:16,
2026-05-28T12:48:28.003Z,W4215091,9083,46.64478,6.92769,27116.4,-26.4,4.9,255.6,-50.5,0.7,-1.0,RS41-SG,404.500,7.7,250,7,2.7,08:27:16,
2026-05-28T12:48:29.003Z,W4215091,9084,46.64478,6.92762,27089.8,-26.8,4.7,270.5,-50.6,0.7,-1.0,RS41-SG,404.500,7.7,250,8,2.7,08:27:16,
2026-05-28T12:48:30.003Z,W4215091,9085,46.64478,6.92756,27063.0,-26.7,5.1,283.4,-50.5,0.7,-1.0,RS41-SG,404.500,7.1,250,8,2.6,08:27:16,
2026-05-28T12:48:31.003Z,W4215091,9086,46.64480,6.92750,27036.0,-27.5,5.5,300.5,-50.4,0.7,-1.0,RS41-SG,404.500,7.8,250,8,2.6,08:27:16,
2026-05-28T12:48:33.003Z,W4215091,9088,46.64486,6.92735,26979.6,-28.8,7.5,305.9,-50.7,0.7,-1.0,RS41-SG,404.500,8.0,250,8,2.7,08:27:16,
2026-05-28T12:48:34.003Z,W4215091,9089,46.64489,6.92727,26950.2,-30.1,8.3,301.3,-50.6,0.7,-1.0,RS41-SG,404.500,8.4,250,7,2.6,08:27:16,
2026-05-28T12:48:35.003Z,W4215091,9090,46.64493,6.92717,26919.5,-31.4,8.4,300.6,-50.5,0.7,-1.0,RS41-SG,404.500,8.4,250,8,2.6,08:27:16,
2026-05-28T12:48:36.003Z,W4215091,9091,46.64497,6.92708,26887.8,-32.3,8.9,298.4,-50.4,0.7,-1.0,RS41-SG,404.500,8.2,250,7,2.7,08:27:16,
2026-05-28T12:48:38.003Z,W4215091,9093,46.64504,6.92686,26827.2,-29.5,9.5,293.2,-50.1,0.6,-1.0,RS41-SG,404.500,8.3,250,7,2.6,08:27:16,
2026-05-28T12:48:39.003Z,W4215091,9094,46.64507,6.92674,26797.3,-30.4,9.9,291.1,-50.1,0.6,-1.0,RS41-SG,404.500,8.2,250,8,2.6,08:27:16,
2026-05-28T12:48:40.003Z,W4215091,9095,46.64510,6.92662,26766.9,-30.4,9.0,288.2,-50.2,0.6,-1.0,RS41-SG,404.500,7.5,250,9,2.6,08:27:16,
2026-05-28T12:48:41.003Z,W4215091,9096,46.64512,6.92651,26736.9,-29.4,9.1,285.4,-50.3,0.7,-1.0,RS41-SG,404.500,7.5,250,9,2.7,08:27:16,
2026-05-28T12:48:42.003Z,W4215091,9097,46.64514,6.92640,26707.8,-28.5,7.9,282.3,-50.4,0.7,-1.0,RS41-SG,404.500,7.1,250,8,2.7,08:27:16,
2026-05-28T12:48:43.003Z,W4215091,9098,46.64516,6.92630,26679.4,-28.3,7.9,281.3,-50.5,0.7,-1.0,RS41-SG,404.500,7.1,250,8,2.7,08:27:16,
2026-05-28T12:48:44.003Z,W4215091,9099,46.64517,6.92621,26650.9,-28.5,6.5,275.6,-50.5,0.6,-1.0,RS41-SG,404.500,8.2,250,8,2.6,08:27:16,
2026-05-28T12:48:45.003Z,W4215091,9100,46.64517,6.92613,26621.5,-30.3,6.3,276.6,-50.6,0.7,-1.0,RS41-SG,404.500,8.4,250,7,2.6,08:27:16,
2026-05-28T12:48:46.003Z,W4215091,9101,46.64517,6.92605,26590.4,-31.9,5.6,268.5,-50.6,0.7,-1.0,RS41-SG,404.500,8.4,250,8,2.6,08:27:16,
2026-05-28T12:48:49.003Z,W4215091,9104,46.64518,6.92584,26496.2,-30.4,5.0,276.6,-50.7,0.7,-1.0,RS41-SG,404.500,7.1,250,8,2.7,08:27:16,
2026-05-28T12:48:50.003Z,W4215091,9105,46.64519,6.92577,26465.6,-30.5,5.8,284.2,-50.8,0.7,-1.0,RS41-SG,404.500,7.1,250,8,2.6,08:27:16,
2026-05-28T12:48:51.003Z,W4215091,9106,46.64520,6.92570,26434.7,-30.8,5.9,289.0,-50.8,0.7,-1.0,RS41-SG,404.500,7.5,250,8,2.6,08:27:16,
2026-05-28T12:48:52.003Z,W4215091,9107,46.64523,6.92562,26405.1,-28.6,6.8,298.6,-50.8,0.7,-1.0,RS41-SG,404.500,7.9,250,8,2.6,08:27:16,
2026-05-28T12:48:53.003Z,W4215091,9108,46.64526,6.92554,26377.6,-25.9,7.3,306.0,-50.8,0.7,-1.0,RS41-SG,404.500,7.9,250,7,2.7,08:27:16,
2026-05-28T12:48:54.003Z,W4215091,9109,46.64530,6.92547,26350.6,-27.9,8.0,310.8,-50.9,0.7,-1.0,RS41-SG,404.500,8.5,250,8,2.7,08:27:16,
2026-05-28T12:48:55.003Z,W4215091,9110,46.64535,6.92539,26323.0,-26.7,7.9,314.5,-51.1,0.7,-1.0,RS41-SG,404.500,8.5,250,7,2.7,08:27:16,
2026-05-28T12:48:56.003Z,W4215091,9111,46.64540,6.92532,26296.3,-26.3,8.4,315.5,-51.2,0.7,-1.0,RS41-SG,404.500,8.4,250,7,2.6,08:27:16,
2026-05-28T12:48:57.003Z,W4215091,9112,46.64545,6.92524,26269.1,-26.6,9.0,314.7,-51.2,0.7,-1.0,RS41-SG,404.500,8.8,250,9,2.6,08:27:16,
2026-05-28T12:48:58.003Z,W4215091,9113,46.64551,6.92515,26242.4,-26.1,9.7,312.1,-51.2,0.7,-1.0,RS41-SG,404.500,8.8,250,8,2.6,08:27:16,
2026-05-28T12:48:59.003Z,W4215091,9114,46.64556,6.92505,26215.6,-27.4,9.8,309.9,-51.2,0.7,-1.0,RS41-SG,404.500,9.1,250,8,2.7,08:27:16,
2026-05-28T12:49:00.003Z,W4215091,9115,46.64562,6.92495,26187.8,-27.2,10.0,309.1,-51.2,0.7,-1.0,RS41-SG,404.500,9.1,250,9,2.7,08:27:16,
2026-05-28T12:49:01.003Z,W4215091,9116,46.64567,6.92484,26160.8,-26.2,10.4,304.5,-51.1,0.7,-1.0,RS41-SG,404.500,7.8,250,7,2.7,08:27:16,
2026-05-28T12:49:02.003Z,W4215091,9117,46.64572,6.92473,26133.8,-26.9,10.6,299.7,-51.0,0.7,-1.0,RS41-SG,404.500,9.0,250,9,2.6,08:27:16,
2026-05-28T12:49:03.003Z,W4215091,9118,46.64577,6.92460,26106.7,-27.2,10.9,299.3,-50.8,0.7,-1.0,RS41-SG,404.500,9.0,250,8,2.6,08:27:16,
2026-05-28T12:49:04.003Z,W4215091,9119,46.64582,6.92448,26078.6,-28.7,10.4,297.9,-50.7,0.7,-1.0,RS41-SG,404.500,8.4,250,7,2.6,08:27:16,
2026-05-28T12:49:05.003Z,W4215091,9120,46.64586,6.92436,26048.7,-30.9,9.9,296.6,-50.6,0.6,-1.0,RS41-SG,404.500,8.4,250,8,2.7,08:27:16,
2026-05-28T12:49:06.003Z,W4215091,9121,46.64590,6.92425,26017.8,-30.9,9.4,294.3,-50.7,0.7,-1.0,RS41-SG,404.500,8.4,250,8,2.7,08:27:16,
2026-05-28T12:49:07.003Z,W4215091,9122,46.64593,6.92414,25986.3,-31.9,8.7,294.0,-50.8,0.6,-1.0,RS41-SG,404.500,8.5,250,8,2.7,08:27:16,
2026-05-28T12:49:08.003Z,W4215091,9123,46.64596,6.92404,25954.1,-31.5,8.2,286.1,-50.8,0.7,-1.0,RS41-SG,404.500,8.5,250,7,2.6,08:27:16,
2026-05-28T12:49:09.003Z,W4215091,9124,46.64598,6.92394,25923.6,-29.1,7.9,290.2,-50.8,0.6,-1.0,RS41-SG,404.500,8.0,250,9,2.6,08:27:16,
2026-05-28T12:49:10.003Z,W4215091,9125,46.64600,6.92384,25894.2,-29.5,7.7,284.9,-50.7,0.7,-1.0,RS41-SG,404.500,8.1,250,9,2.6,08:27:16,
2026-05-28T12:49:11.003Z,W4215091,9126,46.64602,6.92374,25865.9,-26.9,8.1,289.0,-50.6,0.6,-1.0,RS41-SG,404.500,8.1,250,8,2.7,08:27:16,
2026-05-28T12:49:12.003Z,W4215091,9127,46.64604,6.92364,25837.8,-28.4,8.0,287.6,-50.4,0.6,-1.0,RS41-SG,404.500,8.3,250,8,2.7,08:27:16,
2026-05-28T12:49:13.003Z,W4215091,9128,46.64606,6.92353,25809.8,-26.8,8.9,287.8,-50.5,0.6,-1.0,RS41-SG,404.500,8.3,250,9,2.6,08:27:16,
2026-05-28T12:49:14.003Z,W4215091,9129,46.64609,6.92341,25782.4,-26.7,10.3,286.8,-50.5,0.6,-1.0,RS41-SG,404.500,8.3,250,9,2.6,08:26:25,
2026-05-28T12:49:15.003Z,W4215091,9130,46.64611,6.92328,25755.7,-26.4,11.4,287.2,-50.5,0.6,-1.0,RS41-SG,404.500,8.3,250,9,2.7,08:26:25,
2026-05-28T12:49:16.003Z,W4215091,9131,46.64614,6.92313,25728.6,-27.2,11.9,287.1,-50.6,0.6,-1.0,RS41-SG,404.500,8.5,250,9,2.7,08:26:25,
2026-05-28T12:49:17.003Z,W4215091,9132,46.64617,6.92298,25701.6,-26.5,12.3,286.0,-50.6,0.6,-1.0,RS41-SG,404.500,8.5,250,8,2.6,08:26:25,
2026-05-28T12:49:18.003Z,W4215091,9133,46.64621,6.92283,25676.8,-22.9,12.0,287.7,-50.6,0.6,-1.0,RS41-SG,404.500,8.0,250,7,2.6,08:26:25,
2026-05-28T12:49:19.003Z,W4215091,9134,46.64624,6.92268,25653.0,-24.4,12.2,287.1,-50.6,0.6,-1.0,RS41-SG,404.500,8.1,250,9,2.7,08:26:25,
2026-05-28T12:49:20.003Z,W4215091,9135,46.64627,6.92253,25628.4,-24.7,11.3,290.0,-50.6,0.7,-1.0,RS41-SG,404.500,8.6,250,9,2.7,08:26:25,
2026-05-28T12:49:21.003Z,W4215091,9136,46.64630,6.92240,25602.9,-26.3,10.6,286.5,-50.8,0.7,-1.0,RS41-SG,404.500,8.6,250,8,2.6,08:26:25,
2026-05-28T12:49:22.003Z,W4215091,9137,46.64633,6.92228,25576.6,-26.1,9.6,289.1,-51.0,0.7,-1.0,RS41-SG,404.500,8.3,250,7,2.6,08:26:25,
2026-05-28T12:49:23.003Z,W4215091,9138,46.64635,6.92216,25549.6,-27.3,8.7,288.5,-51.1,0.7,-1.0,RS41-SG,404.500,8.3,250,8,2.6,08:26:25,
2026-05-28T12:49:24.003Z,W4215091,9139,46.64638,6.92206,25522.0,-27.9,8.4,291.1,-51.1,0.7,-1.0,RS41-SG,404.500,8.1,250,8,2.7,08:26:25,
2026-05-28T12:49:25.003Z,W4215091,9140,46.64641,6.92196,25494.6,-26.7,7.4,293.2,-51.0,0.7,-1.0,RS41-SG,404.500,8.0,250,7,2.7,08:26:25,
2026-05-28T12:49:27.003Z,W4215091,9142,46.64645,6.92178,25442.6,-26.7,7.5,289.6,-51.0,0.7,-1.0,RS41-SG,404.500,7.5,250,9,2.6,08:26:25,
2026-05-28T12:49:31.003Z,W4215091,9146,46.64651,6.92136,25340.5,-25.4,10.0,274.5,-51.2,0.7,-1.0,RS41-SG,404.500,7.2,250,9,2.7,08:26:25,
2026-05-28T12:49:32.003Z,W4215091,9147,46.64652,6.92123,25314.3,-26.6,10.6,274.0,-51.2,0.7,-1.0,RS41-SG,404.500,7.2,250,8,2.7,08:26:25,
2026-05-28T12:49:33.003Z,W4215091,9148,46.64653,6.92108,25288.2,-25.5,11.4,271.4,-51.5,0.7,-1.0,RS41-SG,404.500,7.2,250,9,2.6,08:26:25,
2026-05-28T12:49:40.003Z,W4215091,9155,46.64651,6.92005,25114.4,-19.7,10.5,265.7,-53.1,0.8,-1.0,RS41-SG,404.500,7.1,250,9,2.6,08:26:25,
2026-05-28T12:49:43.003Z,W4215091,9158,46.64649,6.91962,25055.0,-21.1,11.9,268.7,-53.7,0.9,-1.0,RS41-SG,404.500,6.9,250,8,2.7,08:26:25,
2026-05-28T12:49:46.003Z,W4215091,9161,46.64649,6.91912,24990.6,-20.6,13.6,267.9,-53.9,0.9,-1.0,RS41-SG,404.500,7.0,250,9,2.7,08:26:25,
