timestamp,serial,frame,lat,lon,alt,vel_v,vel_h,heading,temp,humidity,pressure,type,freq_mhz,snr,f_error_hz,sats,batt_v,burst_timer,aux_data
2026-03-22T12:28:33.004Z,X1423723,6878,45.44950,8.53622,25633.0,5.9,6.6,260.7,-273.0,-1.0,-1.0,RS41,404.900,7.6,250,11,2.5,,
2026-03-22T12:28:34.004Z,X1423723,6879,45.44950,8.53614,25638.7,5.5,5.8,262.0,-273.0,-1.0,-1.0,RS41,404.900,7.7,250,11,2.5,,
2026-03-22T12:28:40.004Z,X1423723,6885,45.44948,8.53560,25672.0,6.2,9.2,277.9,-273.0,-1.0,-1.0,RS41,404.900,7.6,250,11,2.5,,
2026-03-22T12:28:58.004Z,X1423723,6903,45.44931,8.53367,25774.6,5.0,10.6,261.2,-273.0,-1.0,-1.0,RS41,404.900,6.9,250,11,2.5,,
2026-03-22T12:28:59.004Z,X1423723,6904,45.44929,8.53353,25779.8,5.3,10.6,256.6,-273.0,-1.0,-1.0,RS41,404.900,8.2,250,11,2.5,,
2026-03-22T12:29:00.004Z,X1423723,6905,45.44926,8.53340,25785.6,6.3,10.4,255.4,-273.0,-1.0,-1.0,RS41,404.900,9.2,250,10,2.5,,
2026-03-22T12:29:01.004Z,X1423723,6906,45.44924,8.53328,25791.3,5.1,10.2,255.4,-273.0,-1.0,-1.0,RS41,404.900,9.2,250,10,2.5,,
2026-03-22T12:29:11.004Z,X1423723,6916,45.44883,8.53206,25844.8,6.4,9.8,258.2,-273.0,-1.0,-1.0,RS41,404.900,7.3,250,11,2.5,,
2026-03-22T12:29:30.004Z,X1423723,6935,45.44852,8.53031,25946.0,5.0,6.3,267.8,-273.0,-1.0,-1.0,RS41,404.900,6.8,250,11,2.6,,
2026-03-22T12:29:31.004Z,X1423723,6936,45.44851,8.53024,25951.0,5.0,5.0,265.0,-273.0,-1.0,-1.0,RS41,404.900,8.6,250,11,2.6,,
2026-03-22T12:29:32.004Z,X1423723,6937,45.44851,8.53019,25956.0,4.9,3.8,249.2,-273.0,-1.0,-1.0,RS41,404.900,9.0,250,11,2.5,,
2026-03-22T12:29:33.004Z,X1423723,6938,45.44849,8.53015,25961.1,5.4,3.4,219.1,-273.0,-1.0,-1.0,RS41,404.900,9.0,250,11,2.5,,
2026-03-22T12:29:34.004Z,X1423723,6939,45.44846,8.53013,25966.6,5.7,4.1,198.6,-273.0,-1.0,-1.0,RS41,404.900,8.5,250,11,2.5,,
2026-03-22T12:29:39.004Z,X1423723,6944,45.44835,8.52996,25993.1,4.5,6.0,284.9,-273.0,-1.0,-1.0,RS41,404.900,7.8,250,10,2.5,,
2026-03-22T12:29:41.004Z,X1423723,6946,45.44839,8.52977,26003.1,6.2,9.2,285.8,-273.0,-1.0,-1.0,RS41,404.900,8.2,250,11,2.6,,
2026-03-22T12:29:44.004Z,X1423723,6949,45.44842,8.52941,26018.0,5.5,9.1,270.3,-273.0,-1.0,-1.0,RS41,404.900,8.3,250,11,2.5,,
2026-03-22T12:29:51.004Z,X1423723,6956,45.44828,8.52893,26055.6,6.5,4.3,229.6,-273.0,-1.0,-1.0,RS41,404.900,8.0,250,11,2.6,,
2026-03-22T12:29:52.004Z,X1423723,6957,45.44827,8.52888,26062.0,6.2,4.4,258.4,-273.0,-1.0,-1.0,RS41,404.900,8.6,250,11,2.6,,
2026-03-22T12:29:53.004Z,X1423723,6958,45.44826,8.52882,26067.2,4.1,5.5,277.2,-273.0,-1.0,-1.0,RS41,404.900,9.1,250,11,2.5,,
2026-03-22T12:29:54.004Z,X1423723,6959,45.44828,8.52874,26071.6,4.7,7.1,286.0,-273.0,-1.0,-1.0,RS41,404.900,9.1,250,11,2.5,,
2026-03-22T12:29:55.004Z,X1423723,6960,45.44830,8.52864,26077.0,6.1,8.3,286.0,-273.0,-1.0,-1.0,RS41,404.900,8.4,250,11,2.5,,
2026-03-22T12:29:57.004Z,X1423723,6962,45.44833,8.52842,26087.2,4.8,9.6,280.0,-273.0,-1.0,-1.0,RS41,404.900,7.0,250,11,2.6,,
2026-03-22T12:30:05.004Z,X1423723,6970,45.44833,8.52758,26128.8,5.7,5.4,258.9,-273.0,-1.0,-1.0,RS41,404.900,8.2,250,11,2.5,,
2026-03-22T12:30:09.004Z,X1423723,6974,45.44837,8.52723,26149.5,6.1,8.8,282.5,-273.0,-1.0,-1.0,RS41,404.900,8.4,250,11,2.6,,
2026-03-22T12:30:10.004Z,X1423723,6975,45.44839,8.52712,26155.2,5.3,9.3,277.3,-273.0,-1.0,-1.0,RS41,404.900,8.7,250,11,2.6,,
2026-03-22T12:30:11.004Z,X1423723,6976,45.44839,8.52700,26160.2,4.8,10.0,271.9,-273.0,-1.0,-1.0,RS41,404.900,8.7,250,11,2.5,,
2026-03-22T12:30:13.004Z,X1423723,6978,45.44839,8.52671,26171.1,5.3,12.3,267.5,-273.0,-1.0,-1.0,RS41,404.900,8.5,250,11,2.5,,
2026-03-22T12:30:14.004Z,X1423723,6979,45.44838,8.52655,26176.0,4.4,12.7,266.2,-273.0,-1.0,-1.0,RS41,404.900,8.5,250,11,2.6,,
2026-03-22T12:30:15.004Z,X1423723,6980,45.44837,8.52639,26181.1,6.0,12.5,261.9,-273.0,-1.0,-1.0,RS41,404.900,8.0,250,11,2.6,,
2026-03-22T12:30:16.004Z,X1423723,6981,45.44835,8.52624,26187.0,5.7,11.7,255.9,-273.0,-1.0,-1.0,RS41,404.900,8.3,250,11,2.5,,
2026-03-22T12:30:17.004Z,X1423723,6982,45.44832,8.52610,26191.7,3.5,10.9,251.8,-273.0,-1.0,-1.0,RS41,404.900,8.3,250,11,2.5,,
2026-03-22T12:30:18.004Z,X1423723,6983,45.44829,8.52598,26195.6,4.3,10.0,250.3,-273.0,-1.0,-1.0,RS41,404.900,8.3,250,11,2.5,,
2026-03-22T12:30:20.004Z,X1423723,6985,45.44825,8.52574,26206.6,5.4,9.3,261.8,-273.0,-1.0,-1.0,RS41,404.900,8.5,250,11,2.6,,
2026-03-22T12:30:21.004Z,X1423723,6986,45.44824,8.52563,26211.7,4.8,9.3,269.3,-273.0,-1.0,-1.0,RS41,404.900,8.5,250,11,2.6,,
2026-03-22T12:30:22.004Z,X1423723,6987,45.44825,8.52551,26217.0,5.7,9.3,275.2,-273.0,-1.0,-1.0,RS41,404.900,9.5,250,10,2.5,,
2026-03-22T12:30:23.004Z,X1423723,6988,45.44826,8.52539,26222.7,5.7,9.4,278.1,-273.0,-1.0,-1.0,RS41,404.900,9.5,250,11,2.5,,
2026-03-22T12:30:25.004Z,X1423723,6990,45.44828,8.52514,26233.6,5.5,11.1,279.1,-273.0,-1.0,-1.0,RS41,404.900,8.4,250,11,2.6,,
2026-03-22T12:30:26.004Z,X1423723,6991,45.44830,8.52499,26239.1,5.4,12.7,279.5,-273.0,-1.0,-1.0,RS41,404.900,8.4,250,11,2.6,,
2026-03-22T12:30:29.004Z,X1423723,6994,45.44836,8.52446,26252.7,4.8,14.0,276.9,-273.0,-1.0,-1.0,RS41,404.900,6.9,250,11,2.5,,
2026-03-22T12:30:33.004Z,X1423723,6998,45.44835,8.52390,26273.1,4.8,8.9,258.1,-273.0,-1.0,-1.0,RS41,404.900,7.5,250,10,2.5,,
2026-03-22T12:30:35.004Z,X1423723,7000,45.44832,8.52368,26283.9,4.7,9.1,261.2,-273.0,-1.0,-1.0,RS41,404.900,8.1,250,10,2.6,,
2026-03-22T12:30:37.004Z,X1423723,7002,45.44831,8.52345,26294.5,5.9,8.2,271.7,-273.0,-1.0,-1.0,RS41,404.900,7.7,250,10,2.5,,
2026-03-22T12:30:38.004Z,X1423723,7003,45.44831,8.52336,26300.5,5.9,7.4,277.5,-273.0,-1.0,-1.0,RS41,404.900,8.4,250,11,2.5,,
2026-03-22T12:30:39.004Z,X1423723,7004,45.44833,8.52327,26305.6,4.2,7.0,282.7,-273.0,-1.0,-1.0,RS41,404.900,8.4,250,11,2.5,,
2026-03-22T12:30:40.004Z,X1423723,7005,45.44834,8.52318,26310.0,4.8,7.4,287.7,-273.0,-1.0,-1.0,RS41,404.900,9.4,250,11,2.5,,
2026-03-22T12:30:41.004Z,X1423723,7006,45.44837,8.52308,26315.0,5.3,8.5,289.7,-273.0,-1.0,-1.0,RS41,404.900,9.4,250,11,2.6,,
2026-03-22T12:30:42.004Z,X1423723,7007,45.44839,8.52297,26320.5,5.7,9.8,288.5,-273.0,-1.0,-1.0,RS41,404.900,8.6,250,11,2.6,,
2026-03-22T12:30:48.004Z,X1423723,7013,45.44849,8.52236,26351.1,4.6,4.7,258.2,-273.0,-1.0,-1.0,RS41,404.900,8.1,250,11,2.6,,
2026-03-22T12:30:49.004Z,X1423723,7014,45.44848,8.52230,26356.5,6.2,5.0,245.0,-273.0,-1.0,-1.0,RS41,404.900,8.2,250,11,2.6,,
2026-03-22T12:30:51.004Z,X1423723,7016,45.44843,8.52217,26367.0,4.7,6.4,239.9,-273.0,-1.0,-1.0,RS41,404.900,7.5,250,11,2.5,,
2026-03-22T12:30:52.004Z,X1423723,7017,45.44840,8.52210,26372.2,5.7,6.5,236.1,-273.0,-1.0,-1.0,RS41,404.900,8.2,250,10,2.5,,
2026-03-22T12:30:54.004Z,X1423723,7019,45.44834,8.52197,26383.7,5.2,5.4,235.1,-273.0,-1.0,-1.0,RS41,404.900,7.2,250,11,2.6,,
2026-03-22T12:30:55.004Z,X1423723,7020,45.44832,8.52192,26389.2,5.4,5.0,244.7,-273.0,-1.0,-1.0,RS41,404.900,7.5,250,11,2.5,,
2026-03-22T12:31:01.004Z,X1423723,7026,45.44832,8.52158,26422.0,4.7,2.5,257.1,-273.0,-1.0,-1.0,RS41,404.900,8.1,250,11,2.5,,
2026-03-22T12:31:02.004Z,X1423723,7027,45.44831,8.52155,26427.3,5.9,3.2,237.9,-273.0,-1.0,-1.0,RS41,404.900,8.1,250,11,2.5,,
2026-03-22T12:31:03.004Z,X1423723,7028,45.44829,8.52151,26433.5,6.4,4.6,236.5,-273.0,-1.0,-1.0,RS41,404.900,7.6,250,11,2.5,,
2026-03-22T12:31:05.004Z,X1423723,7030,45.44823,8.52138,26443.4,4.8,7.1,237.6,-273.0,-1.0,-1.0,RS41,404.900,6.9,250,11,2.6,,
2026-03-22T12:31:06.004Z,X1423723,7031,45.44819,8.52130,26448.8,6.0,7.7,235.7,-273.0,-1.0,-1.0,RS41,404.900,7.8,250,11,2.5,,
2026-03-22T12:31:07.004Z,X1423723,7032,45.44816,8.52122,26454.6,5.6,7.6,235.0,-273.0,-1.0,-1.0,RS41,404.900,8.0,250,10,2.5,,
2026-03-22T12:31:08.004Z,X1423723,7033,45.44812,8.52114,26460.2,5.8,7.4,239.9,-273.0,-1.0,-1.0,RS41,404.900,8.0,250,10,2.5,,
2026-03-22T12:31:10.004Z,X1423723,7035,45.44807,8.52096,26472.1,5.4,8.0,257.6,-273.0,-1.0,-1.0,RS41,404.900,7.5,250,10,2.6,,
2026-03-22T12:31:12.004Z,X1423723,7037,45.44805,8.52076,26482.3,5.8,7.2,265.0,-273.0,-1.0,-1.0,RS41,404.900,7.1,250,11,2.5,,
2026-03-22T12:31:14.004Z,X1423723,7039,45.44803,8.52062,26494.5,5.3,4.2,249.0,-273.0,-1.0,-1.0,RS41,404.900,8.3,250,11,2.6,,
2026-03-22T12:31:17.004Z,X1423723,7042,45.44797,8.52051,26511.2,6.0,3.9,227.5,-273.0,-1.0,-1.0,RS41,404.900,8.1,250,11,2.5,,
2026-03-22T12:31:20.004Z,X1423723,7045,45.44790,8.52039,26528.5,6.7,4.2,223.6,-273.0,-1.0,-1.0,RS41,404.900,6.8,250,11,2.6,,
2026-03-22T12:31:21.004Z,X1423723,7046,45.44787,8.52035,26534.2,4.7,4.1,219.9,-273.0,-1.0,-1.0,RS41,404.900,8.0,250,11,2.6,,
2026-03-22T12:31:28.004Z,X1423723,7053,45.44774,8.52004,26575.2,4.8,2.8,216.8,-273.0,-1.0,-1.0,RS41,404.900,6.7,250,11,2.5,,
2026-03-22T12:31:29.004Z,X1423723,7054,45.44772,8.52002,26580.2,5.2,3.0,201.6,-273.0,-1.0,-1.0,RS41,404.900,8.0,250,11,2.5,,
2026-03-22T12:31:30.004Z,X1423723,7055,45.44769,8.52001,26586.1,6.6,3.6,200.9,-273.0,-1.0,-1.0,RS41,404.900,8.5,250,11,2.6,,
2026-03-22T12:31:35.004Z,X1423723,7060,45.44749,8.51995,26614.8,5.0,4.9,170.5,-273.0,-1.0,-1.0,RS41,404.900,7.3,250,11,2.6,,
2026-03-22T12:31:36.004Z,X1423723,7061,45.44745,8.51996,26620.7,6.7,3.8,168.5,-273.0,-1.0,-1.0,RS41,404.900,7.3,250,11,2.6,,
2026-03-22T12:31:38.004Z,X1423723,7063,45.44741,8.51996,26633.1,5.0,1.4,217.9,-273.0,-1.0,-1.0,RS41,404.900,7.2,250,11,2.5,,
2026-03-22T12:31:40.004Z,X1423723,7065,45.44741,8.51993,26644.3,6.1,1.3,310.3,-273.0,-1.0,-1.0,RS41,404.900,7.6,250,11,2.5,,
2026-03-22T12:31:43.004Z,X1423723,7068,45.44744,8.51989,26660.4,5.8,2.3,287.1,-273.0,-1.0,-1.0,RS41,404.900,6.7,250,11,2.5,,
2026-03-22T12:31:51.004Z,X1423723,7076,45.44724,8.51955,26705.6,5.7,3.9,185.2,-273.0,-1.0,-1.0,RS41,404.900,7.0,250,11,2.6,,
2026-03-22T12:31:52.004Z,X1423723,7077,45.44721,8.51954,26711.9,6.9,1.8,205.0,-273.0,-1.0,-1.0,RS41,404.900,7.1,250,11,2.6,,
2026-03-22T12:31:56.004Z,X1423723,7081,45.44727,8.51945,26735.0,6.2,3.7,323.3,-273.0,-1.0,-1.0,RS41,404.900,8.0,250,11,2.6,,
2026-03-22T12:31:57.004Z,X1423723,7082,45.44729,8.51942,26740.8,5.4,3.3,309.4,-273.0,-1.0,-1.0,RS41,404.900,8.0,250,10,2.6,,
2026-03-22T12:31:58.004Z,X1423723,7083,45.44731,8.51938,26746.6,6.2,3.8,282.7,-273.0,-1.0,-1.0,RS41,404.900,9.1,250,11,2.5,,
2026-03-22T12:32:01.004Z,X1423723,7086,45.44728,8.51917,26764.4,5.3,7.4,242.4,-273.0,-1.0,-1.0,RS41,404.900,7.7,250,11,2.5,,
2026-03-22T12:32:10.004Z,X1423723,7095,45.44703,8.51866,26817.1,6.2,4.6,300.3,-273.0,-1.0,-1.0,RS41,404.900,7.9,250,11,2.6,,
2026-03-22T12:32:13.004Z,X1423723,7098,45.44706,8.51848,26834.5,6.7,6.3,258.2,-273.0,-1.0,-1.0,RS41,404.900,8.7,250,11,2.5,,
2026-03-22T12:32:19.004Z,X1423723,7104,45.44685,8.51794,26869.4,5.8,6.0,232.9,-273.0,-1.0,-1.0,RS41,404.900,6.8,250,11,2.5,,
2026-03-22T12:32:21.004Z,X1423723,7106,45.44680,8.51782,26881.9,6.5,5.4,253.0,-273.0,-1.0,-1.0,RS41,404.900,7.4,250,11,2.6,,
2026-03-22T12:32:26.004Z,X1423723,7111,45.44680,8.51749,26911.0,5.1,4.3,278.4,-273.0,-1.0,-1.0,RS41,404.900,7.7,250,11,2.5,,
2026-03-22T12:32:27.004Z,X1423723,7112,45.44680,8.51744,26916.6,6.2,4.7,269.0,-273.0,-1.0,-1.0,RS41,404.900,7.7,250,11,2.6,,
2026-03-22T12:32:35.004Z,X1423723,7120,45.44673,8.51693,26964.6,6.7,5.0,272.3,-273.0,-1.0,-1.0,RS41,404.900,8.2,250,11,2.5,,
2026-03-22T12:32:38.004Z,X1423723,7123,45.44674,8.51671,26982.5,7.0,5.6,278.3,-273.0,-1.0,-1.0,RS41,404.900,7.8,250,11,2.6,,
2026-03-22T12:32:42.004Z,X1423723,7127,45.44678,8.51643,27005.9,6.9,6.7,277.6,-273.0,-1.0,-1.0,RS41,404.900,7.2,250,10,2.5,,
2026-03-22T12:32:49.004Z,X1423723,7134,45.44688,8.51596,27046.2,6.0,4.3,310.8,-273.0,-1.0,-1.0,RS41,404.900,7.8,250,11,2.5,,
2026-03-22T12:32:50.004Z,X1423723,7135,45.44690,8.51591,27052.6,6.8,5.3,306.8,-273.0,-1.0,-1.0,RS41,404.900,7.9,250,11,2.6,,
2026-03-22T12:32:55.004Z,X1423723,7140,45.44705,8.51560,27083.1,5.4,5.0,303.4,-273.0,-1.0,-1.0,RS41,404.900,7.9,250,11,2.6,,
2026-03-22T12:33:01.004Z,X1423723,7146,45.44715,8.51529,27119.1,4.7,2.4,318.1,-273.0,-1.0,-1.0,RS41,404.900,8.4,250,10,2.6,,
2026-03-22T12:33:03.004Z,X1423723,7148,45.44719,8.51526,27130.1,6.9,2.5,328.0,-273.0,-1.0,-1.0,RS41,404.900,7.5,250,11,2.6,,
2026-03-22T12:33:15.004Z,X1423723,7160,45.44745,8.51471,27200.8,4.8,2.4,325.1,-273.0,-1.0,-1.0,RS41,404.900,7.9,250,11,2.5,,
2026-03-22T12:33:27.004Z,X1423723,7172,45.44754,8.51436,27269.1,5.8,4.7,293.7,-273.0,-1.0,-1.0,RS41,404.900,7.2,250,11,2.6,,
2026-03-22T12:33:55.004Z,X1423723,7200,45.44855,8.51375,27431.6,6.5,6.7,358.0,-273.0,-1.0,-1.0,RS41,404.900,7.3,250,11,2.6,,
2026-03-22T12:34:01.004Z,X1423723,7206,45.44901,8.51368,27466.2,5.9,6.9,5.3,-273.0,-1.0,-1.0,RS41,404.900,7.2,250,11,2.5,,
2026-03-22T12:34:08.004Z,X1423723,7213,45.44918,8.51370,27507.3,5.8,3.2,8.1,-273.0,-1.0,-1.0,RS41,404.900,6.8,250,11,2.6,,
2026-03-22T12:34:14.004Z,X1423723,7219,45.44949,8.51349,27540.1,6.4,7.3,340.8,-273.0,-1.0,-1.0,RS41,404.900,6.4,250,11,2.5,,
2026-03-22T12:34:20.004Z,X1423723,7225,45.44974,8.51348,27573.6,5.2,2.7,313.0,-273.0,-1.0,-1.0,RS41,404.900,8.0,250,11,2.6,,
2026-03-22T12:34:21.004Z,X1423723,7226,45.44976,8.51345,27578.5,4.5,3.5,303.5,-273.0,-1.0,-1.0,RS41-SG,404.900,8.7,250,11,2.5,,
2026-03-22T12:34:22.004Z,X1423723,7227,45.44978,8.51341,27583.7,5.6,4.5,311.2,-273.0,-1.0,-1.0,RS41-SG,404.900,8.7,250,11,2.5,,
2026-03-22T12:34:24.004Z,X1423723,7229,45.44986,8.51333,27596.0,5.4,6.2,337.5,-273.0,-1.0,-1.0,RS41-SG,404.900,7.2,250,11,2.5,,
2026-03-22T12:34:25.004Z,X1423723,7230,45.44992,8.51331,27601.1,4.7,6.7,344.2,-273.0,-1.0,-1.0,RS41-SG,404.900,8.2,250,10,2.6,,
2026-03-22T12:34:26.004Z,X1423723,7231,45.44997,8.51328,27606.5,6.0,6.6,347.4,-273.0,-1.0,-1.0,RS41-SG,404.900,8.2,250,11,2.6,,
2026-03-22T12:34:28.004Z,X1423723,7233,45.45007,8.51324,27618.9,4.9,5.1,337.0,-273.0,-1.0,-1.0,RS41-SG,404.900,7.9,250,10,2.5,,
2026-03-22T12:34:29.004Z,X1423723,7234,45.45011,8.51322,27624.1,5.3,4.1,333.3,-273.0,-1.0,-1.0,RS41-SG,404.900,7.9,250,11,2.5,,
2026-03-22T12:34:31.004Z,X1423723,7236,45.45017,8.51319,27636.2,5.8,2.9,353.2,-273.0,-1.0,-1.0,RS41-SG,404.900,7.9,250,11,2.6,,
2026-03-22T12:34:32.004Z,X1423723,7237,45.45019,8.51319,27641.6,4.9,3.0,359.2,-273.0,-1.0,-1.0,RS41-SG,404.900,9.3,250,10,2.5,,
2026-03-22T12:34:33.004Z,X1423723,7238,45.45022,8.51318,27647.1,6.1,2.7,348.9,-273.0,-1.0,-1.0,RS41-SG,404.900,9.3,250,10,2.5,,
2026-03-22T12:34:34.004Z,X1423723,7239,45.45024,8.51317,27653.6,6.9,2.7,325.1,-273.0,-1.0,-1.0,RS41-SG,404.900,8.0,250,10,2.5,,
2026-03-22T12:34:35.004Z,X1423723,7240,45.45026,8.51315,27659.8,5.5,3.2,308.6,-273.0,-1.0,-1.0,RS41-SG,404.900,9.0,250,10,2.6,,
2026-03-22T12:34:36.004Z,X1423723,7241,45.45028,8.51311,27665.3,5.4,4.0,307.0,-273.0,-1.0,-1.0,RS41-SG,404.900,9.0,250,10,2.6,,
2026-03-22T12:34:39.004Z,X1423723,7244,45.45039,8.51300,27682.8,5.0,5.7,337.8,-273.0,-1.0,-1.0,RS41-SG,404.900,9.4,250,10,2.5,,
2026-03-22T12:34:40.004Z,X1423723,7245,45.45043,8.51297,27687.9,5.1,5.7,342.6,-273.0,-1.0,-1.0,RS41-SG,404.900,9.4,250,11,2.6,,
2026-03-22T12:34:42.004Z,X1423723,7247,45.45051,8.51293,27699.9,6.5,3.8,324.0,-55.2,-1.0,-1.0,RS41-SG,404.900,9.1,250,11,2.5,,
2026-03-22T12:34:43.004Z,X1423723,7248,45.45053,8.51290,27705.7,5.0,3.2,304.2,-55.3,-1.0,-1.0,RS41-SG,404.900,9.1,250,11,2.5,,
2026-03-22T12:34:45.004Z,X1423723,7250,45.45055,8.51283,27716.5,6.3,2.3,269.0,-55.3,-1.0,-1.0,RS41-SG,404.900,8.8,250,11,2.5,,
2026-03-22T12:34:46.004Z,X1423723,7251,45.45055,8.51281,27722.5,5.6,1.6,268.1,-55.3,-1.0,-1.0,RS41-SG,404.900,8.9,250,11,2.6,,
2026-03-22T12:34:47.004Z,X1423723,7252,45.45055,8.51279,27727.7,4.7,1.2,269.1,-55.4,-1.0,-1.0,RS41-SG,404.900,8.9,250,11,2.6,,
2026-03-22T12:34:48.004Z,X1423723,7253,45.45054,8.51277,27733.0,5.8,1.4,261.2,-55.4,-1.0,-1.0,RS41-SG,404.900,8.3,250,11,2.6,,
2026-03-22T12:34:49.004Z,X1423723,7254,45.45054,8.51275,27739.1,6.6,2.5,259.0,-55.4,-1.0,-1.0,RS41-SG,404.900,8.6,250,10,2.5,,
2026-03-22T12:34:50.004Z,X1423723,7255,45.45054,8.51271,27745.2,5.5,3.5,261.0,-55.4,-1.0,-1.0,RS41-SG,404.900,8.6,250,11,2.5,,
2026-03-22T12:34:52.004Z,X1423723,7257,45.45054,8.51261,27755.9,5.8,4.6,282.8,-55.2,-1.0,-1.0,RS41-SG,404.900,7.2,250,11,2.5,,
2026-03-22T12:34:53.004Z,X1423723,7258,45.45055,8.51255,27762.2,6.5,4.8,300.9,-55.1,-1.0,-1.0,RS41-SG,404.900,8.3,250,11,2.6,,
2026-03-22T12:34:54.004Z,X1423723,7259,45.45058,8.51251,27768.0,5.1,4.8,312.4,-55.1,-1.0,-1.0,RS41-SG,404.900,9.3,250,10,2.6,,
2026-03-22T12:34:55.004Z,X1423723,7260,45.45061,8.51246,27773.2,5.2,4.7,317.7,-55.1,-1.0,-1.0,RS41-SG,404.900,9.3,250,11,2.5,,
2026-03-22T12:34:57.004Z,X1423723,7262,45.45065,8.51238,27785.8,6.5,3.5,279.9,-55.0,-1.0,-1.0,RS41-SG,404.900,9.1,250,10,2.5,,
2026-03-22T12:34:58.004Z,X1423723,7263,45.45065,8.51234,27791.3,4.3,3.6,256.4,-55.0,-1.0,-1.0,RS41-SG,404.900,9.1,250,11,2.6,,
2026-03-22T12:34:59.004Z,X1423723,7264,45.45063,8.51229,27795.9,4.9,4.1,233.9,-55.1,-1.0,-1.0,RS41-SG,404.900,9.1,250,11,2.6,,
2026-03-22T12:35:00.004Z,X1423723,7265,45.45061,8.51226,27801.4,6.0,4.1,222.7,-55.1,-1.0,-1.0,RS41-SG,404.900,7.8,250,11,2.5,,
2026-03-22T12:35:01.004Z,X1423723,7266,45.45058,8.51222,27807.2,5.6,3.6,221.1,-55.1,-1.0,-1.0,RS41-SG,404.900,8.6,250,11,2.5,,
2026-03-22T12:35:02.004Z,X1423723,7267,45.45056,8.51219,27812.7,5.3,3.4,226.3,-55.2,-1.0,-1.0,RS41-SG,404.900,8.9,250,11,2.5,,
2026-03-22T12:35:03.004Z,X1423723,7268,45.45054,8.51216,27818.4,6.2,3.8,238.6,-55.2,-1.0,-1.0,RS41-SG,404.900,8.9,250,11,2.6,,
2026-03-22T12:35:04.004Z,X1423723,7269,45.45052,8.51211,27824.8,6.5,5.0,246.9,-55.3,-1.0,-1.0,RS41-SG,404.900,8.7,250,10,2.6,,
2026-03-22T12:35:05.004Z,X1423723,7270,45.45051,8.51204,27830.3,4.6,5.9,252.5,-55.3,-1.0,-1.0,RS41-SG,404.900,8.7,250,11,2.5,,
2026-03-22T12:35:06.004Z,X1423723,7271,45.45049,8.51196,27834.9,4.6,6.5,259.9,-55.4,-1.0,-1.0,RS41-SG,404.900,8.5,250,11,2.5,,
2026-03-22T12:35:07.004Z,X1423723,7272,45.45049,8.51188,27840.1,5.9,6.4,270.7,-55.3,-1.0,-1.0,RS41-SG,404.900,8.3,250,11,2.5,,
2026-03-22T12:35:09.004Z,X1423723,7274,45.45051,8.51174,27852.0,4.9,5.2,290.6,-55.3,-1.0,-1.0,RS41-SG,404.900,8.2,250,10,2.6,,
2026-03-22T12:35:10.004Z,X1423723,7275,45.45052,8.51168,27857.4,5.7,4.3,291.2,-55.4,-1.0,-1.0,RS41-SG,404.900,8.2,250,10,2.5,,
2026-03-22T12:35:11.004Z,X1423723,7276,45.45053,8.51163,27863.7,6.8,3.6,273.0,-55.5,-1.0,-1.0,RS41-SG,404.900,7.5,250,11,2.5,,
2026-03-22T12:35:14.004Z,X1423723,7279,45.45048,8.51150,27880.5,5.8,4.9,221.6,-55.3,-1.0,-1.0,RS41-SG,404.900,8.8,250,10,2.6,,
2026-03-22T12:35:15.004Z,X1423723,7280,45.45044,8.51146,27886.7,6.5,4.3,221.2,-55.4,-1.0,-1.0,RS41-SG,404.900,8.8,250,11,2.6,,
2026-03-22T12:35:16.004Z,X1423723,7281,45.45042,8.51142,27892.4,4.9,3.7,228.4,-55.6,-1.0,-1.0,RS41-SG,404.900,7.1,250,11,2.6,,
2026-03-22T12:35:19.004Z,X1423723,7284,45.45039,8.51127,27909.5,5.8,5.8,273.3,-55.5,-1.0,-1.0,RS41-SG,404.900,8.9,250,11,2.5,,
2026-03-22T12:35:20.004Z,X1423723,7285,45.45040,8.51119,27915.3,5.9,6.4,280.6,-55.5,-1.0,-1.0,RS41-SG,404.900,9.4,250,11,2.5,,
2026-03-22T12:35:21.004Z,X1423723,7286,45.45042,8.51111,27921.6,6.6,6.3,290.4,-55.7,-1.0,-1.0,RS41-SG,404.900,9.5,250,11,2.6,,
2026-03-22T12:35:22.004Z,X1423723,7287,45.45044,8.51105,27928.3,6.7,5.7,302.1,-55.7,-1.0,-1.0,RS41-SG,404.900,9.5,250,11,2.6,,
2026-03-22T12:35:23.004Z,X1423723,7288,45.45047,8.51099,27934.1,4.8,4.9,310.9,-55.7,-1.0,-1.0,RS41-SG,404.900,9.2,250,10,2.5,,
2026-03-22T12:35:27.004Z,X1423723,7292,45.45051,8.51085,27957.2,5.1,3.1,249.8,-55.7,-1.0,-1.0,RS41-SG,404.900,7.7,250,10,2.6,,
2026-03-22T12:35:28.004Z,X1423723,7293,45.45050,8.51081,27962.7,5.9,3.0,239.3,-55.7,-1.0,-1.0,RS41-SG,404.900,7.7,250,10,2.5,,
2026-03-22T12:35:29.004Z,X1423723,7294,45.45049,8.51079,27969.0,6.7,2.2,234.1,-55.7,-1.0,-1.0,RS41-SG,404.900,7.4,250,10,2.5,,
2026-03-22T12:35:38.004Z,X1423723,7303,45.45062,8.51040,28022.7,4.9,2.9,325.1,-55.9,-1.0,-1.0,RS41-SG,404.900,6.3,250,10,2.5,,
2026-03-22T12:35:39.004Z,X1423723,7304,45.45064,8.51039,28027.7,4.8,1.6,341.2,-55.8,-1.0,-1.0,RS41-SG,404.900,7.9,250,10,2.5,,
2026-03-22T12:35:40.004Z,X1423723,7305,45.45064,8.51039,28033.0,5.8,0.3,313.2,-55.8,-1.0,-1.0,RS41-SG,404.900,8.2,250,10,2.5,,
2026-03-22T12:35:41.004Z,X1423723,7306,45.45064,8.51038,28039.3,6.6,1.4,212.4,-55.9,-1.0,-1.0,RS41-SG,404.900,8.2,250,10,2.6,,
2026-03-22T12:35:42.004Z,X1423723,7307,45.45063,8.51037,28045.4,5.5,2.5,212.6,-55.9,1.5,-1.0,RS41-SG,404.900,7.8,250,10,2.6,,
2026-03-22T12:35:43.004Z,X1423723,7308,45.45060,8.51035,28051.1,5.8,3.0,212.4,-56.0,1.5,-1.0,RS41-SG,404.900,7.8,250,10,2.5,,
2026-03-22T12:35:44.004Z,X1423723,7309,45.45058,8.51033,28057.3,6.5,2.7,209.4,-56.1,1.5,-1.0,RS41-SG,404.900,7.8,250,11,2.5,,
2026-03-22T12:35:45.004Z,X1423723,7310,45.45057,8.51032,28063.5,6.0,1.8,202.2,-56.1,1.5,-1.0,RS41-SG,404.900,9.6,250,10,2.5,,
2026-03-22T12:35:46.004Z,X1423723,7311,45.45055,8.51031,28069.1,5.1,1.1,202.1,-56.2,1.5,-1.0,RS41-SG,404.900,9.6,250,10,2.6,,
2026-03-22T12:35:47.004Z,X1423723,7312,45.45055,8.51030,28074.4,5.4,0.9,246.0,-56.3,1.6,-1.0,RS41-SG,404.900,9.8,250,11,2.6,,
2026-03-22T12:35:48.004Z,X1423723,7313,45.45055,8.51028,28080.2,6.0,2.0,270.8,-56.4,1.5,-1.0,RS41-SG,404.900,9.8,250,11,2.5,,
2026-03-22T12:35:52.004Z,X1423723,7317,45.45055,8.51009,28104.3,6.4,3.8,277.3,-56.5,1.5,-1.0,RS41-SG,404.900,7.7,250,11,2.6,,
2026-03-22T12:35:53.004Z,X1423723,7318,45.45056,8.51005,28110.9,6.6,2.3,285.7,-56.5,1.5,-1.0,RS41-SG,404.900,8.0,250,11,2.5,,
2026-03-22T12:35:54.004Z,X1423723,7319,45.45056,8.51003,28116.9,5.2,1.2,301.5,-56.4,1.5,-1.0,RS41-SG,404.900,9.2,250,11,2.5,,
2026-03-22T12:35:55.004Z,X1423723,7320,45.45057,8.51002,28122.2,5.3,0.3,303.2,-56.4,1.5,-1.0,RS41-SG,404.900,9.6,250,11,2.5,,
2026-03-22T12:35:56.004Z,X1423723,7321,45.45056,8.51002,28128.1,6.4,0.9,211.6,-56.3,1.5,-1.0,RS41-SG,404.900,9.6,250,11,2.6,,
2026-03-22T12:35:57.004Z,X1423723,7322,45.45055,8.51001,28134.5,6.5,2.4,219.6,-56.4,1.5,-1.0,RS41-SG,404.900,9.2,250,11,2.6,,
2026-03-22T12:35:58.004Z,X1423723,7323,45.45053,8.50998,28140.8,6.1,3.8,224.8,-56.3,1.6,-1.0,RS41-SG,404.900,9.6,250,11,2.5,,
2026-03-22T12:35:59.004Z,X1423723,7324,45.45051,8.50994,28146.3,4.8,4.6,227.7,-56.3,1.5,-1.0,RS41-SG,404.900,9.6,250,11,2.5,,
2026-03-22T12:36:02.004Z,X1423723,7327,45.45045,8.50982,28162.7,7.0,2.2,253.6,-56.3,1.5,-1.0,RS41-SG,404.900,7.6,250,11,2.6,,
2026-03-22T12:36:03.004Z,X1423723,7328,45.45045,8.50980,28169.1,5.7,1.5,287.2,-56.3,1.5,-1.0,RS41-SG,404.900,8.4,250,11,2.6,,
2026-03-22T12:36:04.004Z,X1423723,7329,45.45045,8.50979,28174.2,4.6,1.6,310.2,-56.2,1.5,-1.0,RS41-SG,404.900,8.4,250,11,2.6,,
2026-03-22T12:36:05.004Z,X1423723,7330,45.45046,8.50977,28179.6,6.3,2.1,297.4,-56.2,1.5,-1.0,RS41-SG,404.900,8.6,250,11,2.5,,
2026-03-22T12:36:06.004Z,X1423723,7331,45.45047,8.50973,28186.4,7.4,3.2,267.6,-56.2,1.5,-1.0,RS41-SG,404.900,8.6,250,11,2.5,,
2026-03-22T12:36:08.004Z,X1423723,7333,45.45045,8.50962,28197.9,5.0,5.7,247.9,-56.2,1.5,-1.0,RS41-SG,404.900,6.9,250,11,2.5,,
2026-03-22T12:36:09.004Z,X1423723,7334,45.45042,8.50956,28203.8,6.7,6.1,241.6,-56.3,1.5,-1.0,RS41-SG,404.900,7.2,250,11,2.6,,
2026-03-22T12:36:11.004Z,X1423723,7336,45.45037,8.50944,28217.1,5.5,4.8,227.0,-56.2,1.5,-1.0,RS41-SG,404.900,7.9,250,10,2.5,,
2026-03-22T12:36:12.004Z,X1423723,7337,45.45034,8.50940,28222.7,5.5,4.2,220.2,-56.1,1.5,-1.0,RS41-SG,404.900,8.8,250,11,2.5,,
2026-03-22T12:36:13.004Z,X1423723,7338,45.45031,8.50937,28228.6,6.3,4.0,219.3,-56.1,1.5,-1.0,RS41-SG,404.900,8.8,250,11,2.5,,
2026-03-22T12:36:14.004Z,X1423723,7339,45.45028,8.50934,28235.1,6.6,3.9,222.7,-56.1,1.5,-1.0,RS41-SG,404.900,8.8,250,11,2.6,,
2026-03-22T12:36:15.004Z,X1423723,7340,45.45026,8.50931,28241.5,6.0,3.2,229.5,-56.1,1.5,-1.0,RS41-SG,404.900,8.6,250,11,2.6,,
2026-03-22T12:36:16.004Z,X1423723,7341,45.45025,8.50928,28247.6,6.1,2.1,244.0,-56.0,1.5,-1.0,RS41-SG,404.900,7.8,250,11,2.5,,
2026-03-22T12:36:17.004Z,X1423723,7342,45.45025,8.50926,28253.9,6.4,1.1,309.3,-56.0,1.5,-1.0,RS41-SG,404.900,7.5,250,11,2.5,,
2026-03-22T12:36:18.004Z,X1423723,7343,45.45026,8.50926,28260.4,6.5,2.1,6.4,-55.9,1.5,-1.0,RS41-SG,404.900,9.6,250,11,2.5,,
2026-03-22T12:36:20.004Z,X1423723,7345,45.45031,8.50927,28271.6,5.3,2.9,8.0,-55.9,1.5,-1.0,RS41-SG,404.900,8.9,250,11,2.6,,
2026-03-22T12:36:22.004Z,X1423723,7347,45.45034,8.50924,28284.6,7.1,2.8,282.9,-56.1,1.5,-1.0,RS41-SG,404.900,7.1,250,11,2.5,,
2026-03-22T12:36:28.004Z,X1423723,7353,45.45031,8.50897,28320.8,5.3,1.0,350.9,-56.2,1.5,-1.0,RS41-SG,404.900,7.3,250,11,2.5,,
2026-03-22T12:36:29.004Z,X1423723,7354,45.45032,8.50898,28326.4,6.0,2.0,48.3,-56.3,1.6,-1.0,RS41-SG,404.900,8.0,250,11,2.6,,
2026-03-22T12:36:30.004Z,X1423723,7355,45.45033,8.50901,28332.7,6.7,2.6,66.1,-56.4,1.6,-1.0,RS41-SG,404.900,8.9,250,11,2.6,,
2026-03-22T12:36:31.004Z,X1423723,7356,45.45034,8.50904,28338.9,5.6,2.8,76.3,-56.6,1.6,-1.0,RS41-SG,404.900,9.0,250,11,2.5,,
2026-03-22T12:36:32.004Z,X1423723,7357,45.45035,8.50907,28344.1,4.8,2.8,84.7,-56.5,1.6,-1.0,RS41-SG,404.900,9.0,250,11,2.5,,
2026-03-22T12:36:33.004Z,X1423723,7358,45.45035,8.50911,28349.5,6.1,3.0,86.4,-56.5,1.6,-1.0,RS41-SG,404.900,8.4,250,11,2.5,,
2026-03-22T12:36:35.004Z,X1423723,7360,45.45036,8.50918,28362.5,5.8,2.7,72.6,-56.3,1.5,-1.0,RS41-SG,404.900,9.1,250,11,2.6,,
2026-03-22T12:36:36.004Z,X1423723,7361,45.45036,8.50921,28368.6,6.4,1.6,63.6,-56.3,1.5,-1.0,RS41-SG,404.900,9.1,250,11,2.5,,
2026-03-22T12:36:37.004Z,X1423723,7362,45.45037,8.50921,28375.3,6.9,0.4,292.0,-56.4,1.5,-1.0,RS41-SG,404.900,9.4,250,11,2.5,,
2026-03-22T12:36:38.004Z,X1423723,7363,45.45037,8.50920,28381.8,6.0,1.9,258.4,-56.3,1.5,-1.0,RS41-SG,404.900,9.4,250,11,2.5,,
2026-03-22T12:36:39.004Z,X1423723,7364,45.45036,8.50917,28387.3,5.2,3.0,254.7,-56.2,1.4,-1.0,RS41-SG,404.900,8.1,250,11,2.6,,
2026-03-22T12:36:45.004Z,X1423723,7370,45.45038,8.50915,28424.8,6.8,2.2,87.7,-56.1,1.5,-1.0,RS41-SG,404.900,7.6,250,11,2.6,,
2026-03-22T12:36:46.004Z,X1423723,7371,45.45038,8.50918,28431.3,5.9,2.1,103.4,-56.2,1.5,-1.0,RS41-SG,404.900,10.0,250,11,2.5,,
2026-03-22T12:36:47.004Z,X1423723,7372,45.45037,8.50920,28437.3,6.0,2.2,111.8,-56.2,1.5,-1.0,RS41-SG,404.900,10.0,250,11,2.5,,
2026-03-22T12:36:48.004Z,X1423723,7373,45.45036,8.50923,28443.7,7.0,2.1,107.4,-56.2,1.5,-1.0,RS41-SG,404.900,8.8,250,11,2.5,,
2026-03-22T12:36:50.004Z,X1423723,7375,45.45036,8.50928,28456.6,5.8,1.5,100.4,-56.1,1.5,-1.0,RS41-SG,404.900,10.3,250,11,2.6,,
2026-03-22T12:36:51.004Z,X1423723,7376,45.45035,8.50929,28462.8,6.6,0.6,166.6,-56.1,1.5,-1.0,RS41-SG,404.900,10.3,250,11,2.5,,
2026-03-22T12:36:52.004Z,X1423723,7377,45.45034,8.50928,28469.5,7.0,1.9,229.3,-56.2,1.5,-1.0,RS41-SG,404.900,9.9,250,11,2.5,,
2026-03-22T12:36:53.004Z,X1423723,7378,45.45033,8.50925,28475.8,5.5,3.2,233.0,-56.1,1.5,-1.0,RS41-SG,404.900,9.1,250,11,2.5,,
2026-03-22T12:36:54.004Z,X1423723,7379,45.45031,8.50922,28481.3,5.5,3.8,232.3,-56.0,1.4,-1.0,RS41-SG,404.900,8.0,250,11,2.6,,
2026-03-22T12:36:55.004Z,X1423723,7380,45.45029,8.50918,28487.2,6.2,3.3,225.9,-56.0,1.4,-1.0,RS41-SG,404.900,9.3,250,11,2.6,,
2026-03-22T12:36:56.004Z,X1423723,7381,45.45027,8.50916,28493.8,6.9,1.9,198.4,-56.1,1.4,-1.0,RS41-SG,404.900,10.3,250,11,2.5,,
2026-03-22T12:36:57.004Z,X1423723,7382,45.45026,8.50917,28500.7,6.9,1.7,134.5,-56.2,1.5,-1.0,RS41-SG,404.900,10.3,250,10,2.5,,
2026-03-22T12:36:58.004Z,X1423723,7383,45.45025,8.50919,28506.7,5.2,2.7,109.9,-56.2,1.5,-1.0,RS41-SG,404.900,7.6,250,10,2.5,,
2026-03-22T12:36:59.004Z,X1423723,7384,45.45024,8.50923,28512.0,5.4,3.3,108.8,-56.1,1.5,-1.0,RS41-SG,404.900,8.3,250,10,2.6,,
2026-03-22T12:37:00.004Z,X1423723,7385,45.45023,8.50927,28517.8,6.3,3.4,122.0,-56.1,1.5,-1.0,RS41-SG,404.900,8.3,250,10,2.6,,
2026-03-22T12:37:01.004Z,X1423723,7386,45.45021,8.50930,28524.7,7.4,3.3,147.8,-56.1,1.5,-1.0,RS41-SG,404.900,9.5,250,10,2.5,,
2026-03-22T12:37:02.004Z,X1423723,7387,45.45018,8.50931,28531.4,5.9,3.6,171.0,-56.3,1.5,-1.0,RS41-SG,404.900,9.5,250,10,2.5,,
2026-03-22T12:37:03.004Z,X1423723,7388,45.45015,8.50931,28536.8,4.9,3.8,185.4,-56.3,1.5,-1.0,RS41-SG,404.900,8.2,250,10,2.5,,
2026-03-22T12:37:04.004Z,X1423723,7389,45.45011,8.50930,28542.2,5.8,3.7,195.7,-56.4,1.5,-1.0,RS41-SG,404.900,8.2,250,10,2.6,,
2026-03-22T12:37:08.004Z,X1423723,7393,45.45006,8.50927,28568.4,6.5,0.4,224.4,-56.4,1.5,-1.0,RS41-SG,404.900,8.5,250,10,2.5,,
2026-03-22T12:37:09.004Z,X1423723,7394,45.45005,8.50927,28575.3,7.3,1.0,225.6,-56.6,1.5,-1.0,RS41-SG,404.900,10.0,250,10,2.6,,
2026-03-22T12:37:10.004Z,X1423723,7395,45.45004,8.50925,28582.1,6.1,1.6,223.9,-56.6,1.5,-1.0,RS41-SG,404.900,10.0,250,10,2.6,,
2026-03-22T12:37:11.004Z,X1423723,7396,45.45003,8.50924,28587.9,5.6,1.9,224.1,-56.6,1.5,-1.0,RS41-SG,404.900,9.1,250,10,2.5,,
2026-03-22T12:37:12.004Z,X1423723,7397,45.45002,8.50922,28593.9,6.2,1.6,221.8,-56.6,1.5,-1.0,RS41-SG,404.900,9.9,250,10,2.5,,
2026-03-22T12:37:13.004Z,X1423723,7398,45.45001,8.50921,28600.3,6.6,0.8,215.7,-56.6,1.5,-1.0,RS41-SG,404.900,9.9,250,10,2.5,,
2026-03-22T12:37:14.004Z,X1423723,7399,45.45001,8.50921,28607.1,6.8,0.2,182.2,-56.8,1.6,-1.0,RS41-SG,404.900,10.0,250,10,2.6,,
2026-03-22T12:37:16.004Z,X1423723,7401,45.45000,8.50920,28619.0,6.0,1.3,228.6,-56.7,1.5,-1.0,RS41-SG,404.900,9.8,250,10,2.5,,
2026-03-22T12:37:17.004Z,X1423723,7402,45.44999,8.50918,28625.3,6.4,3.1,227.0,-56.7,1.6,-1.0,RS41-SG,404.900,9.8,250,10,2.5,,
2026-03-22T12:37:18.004Z,X1423723,7403,45.44996,8.50914,28631.9,6.6,5.1,223.6,-56.8,1.6,-1.0,RS41-SG,404.900,10.3,250,10,2.5,,
2026-03-22T12:37:19.004Z,X1423723,7404,45.44992,8.50909,28638.2,6.1,6.7,220.6,-56.9,1.6,-1.0,RS41-SG,404.900,10.3,250,10,2.6,,
2026-03-22T12:37:20.004Z,X1423723,7405,45.44987,8.50904,28644.0,5.4,7.4,216.0,-56.8,1.6,-1.0,RS41-SG,404.900,9.7,250,10,2.6,,
2026-03-22T12:37:22.004Z,X1423723,7407,45.44977,8.50896,28656.5,7.2,5.7,194.8,-56.9,1.6,-1.0,RS41-SG,404.900,8.3,250,10,2.5,,
2026-03-22T12:37:23.004Z,X1423723,7408,45.44972,8.50895,28663.2,6.1,4.3,177.5,-56.9,1.5,-1.0,RS41-SG,404.900,8.9,250,10,2.5,,
2026-03-22T12:37:24.004Z,X1423723,7409,45.44969,8.50896,28668.9,5.4,3.0,154.8,-57.0,1.6,-1.0,RS41-SG,404.900,9.7,250,10,2.6,,
2026-03-22T12:37:25.004Z,X1423723,7410,45.44968,8.50898,28674.8,6.2,1.7,128.8,-57.1,1.6,-1.0,RS41-SG,404.900,9.7,250,10,2.6,,
2026-03-22T12:37:26.004Z,X1423723,7411,45.44967,8.50899,28681.6,7.4,0.2,117.5,-57.1,1.5,-1.0,RS41-SG,404.900,9.2,250,10,2.5,,
2026-03-22T12:37:27.004Z,X1423723,7412,45.44967,8.50898,28688.3,5.9,1.1,260.3,-57.0,1.5,-1.0,RS41-SG,404.900,8.4,250,10,2.5,,
2026-03-22T12:37:28.004Z,X1423723,7413,45.44966,8.50896,28694.1,5.5,2.2,247.3,-57.0,1.5,-1.0,RS41-SG,404.900,8.1,250,10,2.5,,
2026-03-22T12:37:29.004Z,X1423723,7414,45.44965,8.50893,28700.1,6.5,3.3,228.0,-57.0,1.6,-1.0,RS41-SG,404.900,10.2,250,10,2.6,,
2026-03-22T12:37:30.004Z,X1423723,7415,45.44962,8.50890,28707.2,7.5,4.5,208.8,-57.2,1.6,-1.0,RS41-SG,404.900,10.4,250,10,2.6,,
2026-03-22T12:37:31.004Z,X1423723,7416,45.44958,8.50888,28713.9,5.9,5.6,197.8,-57.2,1.6,-1.0,RS41-SG,404.900,10.4,250,10,2.5,,
2026-03-22T12:37:32.004Z,X1423723,7417,45.44953,8.50885,28719.8,5.9,7.1,193.7,-57.2,1.6,-1.0,RS41-SG,404.900,9.3,250,10,2.5,,
2026-03-22T12:37:33.004Z,X1423723,7418,45.44946,8.50883,28726.2,6.7,8.4,195.4,-57.2,1.6,-1.0,RS41-SG,404.900,8.9,250,10,2.5,,
2026-03-22T12:37:34.004Z,X1423723,7419,45.44938,8.50880,28733.0,6.9,9.3,200.6,-57.3,1.6,-1.0,RS41-SG,404.900,9.3,250,10,2.6,,
2026-03-22T12:37:35.004Z,X1423723,7420,45.44931,8.50875,28739.1,5.4,9.2,204.4,-57.3,1.6,-1.0,RS41-SG,404.900,9.3,250,10,2.6,,
2026-03-22T12:37:36.004Z,X1423723,7421,45.44924,8.50870,28744.9,6.1,8.5,205.5,-57.3,1.6,-1.0,RS41-SG,404.900,8.2,250,10,2.5,,
2026-03-22T12:37:37.004Z,X1423723,7422,45.44917,8.50866,28751.6,7.3,6.7,202.2,-57.3,1.6,-1.0,RS41-SG,404.900,8.8,250,10,2.5,,
2026-03-22T12:37:38.004Z,X1423723,7423,45.44912,8.50864,28758.5,6.4,5.0,195.5,-57.3,1.6,-1.0,RS41-SG,404.900,9.6,250,10,2.5,,
2026-03-22T12:37:39.004Z,X1423723,7424,45.44909,8.50863,28764.6,5.8,3.5,189.4,-57.3,1.6,-1.0,RS41-SG,404.900,9.8,250,10,2.6,,
2026-03-22T12:37:40.004Z,X1423723,7425,45.44906,8.50862,28770.9,6.6,2.1,202.0,-57.4,1.6,-1.0,RS41-SG,404.900,9.8,250,10,2.6,,
2026-03-22T12:37:41.004Z,X1423723,7426,45.44905,8.50860,28777.8,7.1,1.9,236.7,-57.5,1.6,-1.0,RS41-SG,404.900,9.3,250,10,2.5,,
2026-03-22T12:37:42.004Z,X1423723,7427,45.44904,8.50858,28784.2,5.7,2.7,250.8,-57.5,1.6,-1.0,RS41-SG,404.900,8.7,250,10,2.5,,
2026-03-22T12:37:43.004Z,X1423723,7428,45.44903,8.50854,28790.1,6.1,3.1,249.4,-57.5,1.6,-1.0,RS41-SG,404.900,8.9,250,10,2.5,,
2026-03-22T12:37:44.004Z,X1423723,7429,45.44902,8.50851,28796.5,6.8,3.1,234.0,-57.5,1.6,-1.0,RS41-SG,404.900,10.2,250,10,2.6,,
2026-03-22T12:37:45.004Z,X1423723,7430,45.44900,8.50848,28803.5,7.2,3.0,208.1,-57.5,1.6,-1.0,RS41-SG,404.900,10.2,250,10,2.6,,
2026-03-22T12:37:46.004Z,X1423723,7431,45.44897,8.50847,28809.6,5.0,3.3,190.1,-57.4,1.5,-1.0,RS41-SG,404.900,10.0,250,10,2.5,,
2026-03-22T12:37:47.004Z,X1423723,7432,45.44894,8.50846,28814.8,5.5,4.0,185.3,-57.2,1.5,-1.0,RS41-SG,404.900,10.0,250,10,2.5,,
2026-03-22T12:37:48.004Z,X1423723,7433,45.44890,8.50845,28820.8,6.6,4.4,191.1,-57.1,1.5,-1.0,RS41-SG,404.900,9.7,250,10,2.5,,
2026-03-22T12:37:49.004Z,X1423723,7434,45.44887,8.50844,28827.4,6.5,4.4,204.2,-57.0,1.5,-1.0,RS41-SG,404.900,9.3,250,10,2.6,,
2026-03-22T12:37:50.004Z,X1423723,7435,45.44883,8.50841,28833.2,5.0,4.2,217.3,-56.9,1.5,-1.0,RS41-SG,404.900,9.3,250,10,2.6,,
2026-03-22T12:37:51.004Z,X1423723,7436,45.44881,8.50838,28838.2,5.1,3.5,230.9,-56.8,1.5,-1.0,RS41-SG,404.900,8.2,250,10,2.5,,
2026-03-22T12:37:54.004Z,X1423723,7439,45.44878,8.50831,28856.2,5.8,0.7,252.1,-56.7,1.5,-1.0,RS41-SG,404.900,9.2,250,10,2.6,,
2026-03-22T12:37:55.004Z,X1423723,7440,45.44878,8.50830,28862.1,5.9,1.0,231.9,-56.7,1.5,-1.0,RS41-SG,404.900,9.2,250,10,2.6,,
2026-03-22T12:37:56.004Z,X1423723,7441,45.44877,8.50828,28868.4,6.8,2.4,228.4,-56.7,1.5,-1.0,RS41-SG,404.900,8.7,250,10,2.5,,
2026-03-22T12:37:57.004Z,X1423723,7442,45.44875,8.50825,28875.2,6.7,3.9,232.2,-56.7,1.5,-1.0,RS41-SG,404.900,9.5,250,10,2.5,,
2026-03-22T12:38:04.004Z,X1423723,7449,45.44855,8.50803,28916.4,5.3,2.1,183.3,-56.8,1.6,-1.0,RS41-SG,404.900,8.6,250,10,2.6,,
2026-03-22T12:38:05.004Z,X1423723,7450,45.44854,8.50803,28922.3,6.6,1.6,226.0,-56.9,1.6,-1.0,RS41-SG,404.900,8.6,250,10,2.6,,
2026-03-22T12:38:06.004Z,X1423723,7451,45.44853,8.50800,28929.0,6.9,2.7,267.0,-56.9,1.6,-1.0,RS41-SG,404.900,9.0,250,10,2.5,,
2026-03-22T12:38:07.004Z,X1423723,7452,45.44853,8.50796,28935.1,5.2,4.0,276.9,-56.9,1.6,-1.0,RS41-SG,404.900,9.0,250,10,2.5,,
2026-03-22T12:38:08.004Z,X1423723,7453,45.44854,8.50790,28940.2,4.9,4.9,282.7,-57.0,1.6,-1.0,RS41-SG,404.900,8.6,250,10,2.5,,
2026-03-22T12:38:09.004Z,X1423723,7454,45.44855,8.50784,28946.1,6.7,4.8,288.9,-57.0,1.6,-1.0,RS41-SG,404.900,10.2,250,10,2.6,,
2026-03-22T12:38:10.004Z,X1423723,7455,45.44857,8.50779,28953.0,6.9,3.8,296.5,-57.0,1.6,-1.0,RS41-SG,404.900,10.2,250,10,2.6,,
2026-03-22T12:38:11.004Z,X1423723,7456,45.44858,8.50776,28959.0,5.0,2.8,302.5,-57.2,1.6,-1.0,RS41-SG,404.900,9.5,250,10,2.5,,
2026-03-22T12:38:12.004Z,X1423723,7457,45.44859,8.50773,28964.4,5.8,1.8,301.5,-57.3,1.6,-1.0,RS41-SG,404.900,9.3,250,10,2.5,,
2026-03-22T12:38:14.004Z,X1423723,7459,45.44859,8.50769,28977.4,6.0,1.8,233.7,-57.2,1.6,-1.0,RS41-SG,404.900,10.4,250,10,2.6,,
2026-03-22T12:38:15.004Z,X1423723,7460,45.44858,8.50768,28983.3,5.7,2.6,210.8,-57.2,1.6,-1.0,RS41-SG,404.900,11.0,250,9,2.6,,
2026-03-22T12:38:16.004Z,X1423723,7461,45.44855,8.50767,28989.1,5.9,3.3,190.6,-57.2,1.6,-1.0,RS41-SG,404.900,11.0,250,10,2.5,,
2026-03-22T12:38:17.004Z,X1423723,7462,45.44852,8.50767,28995.1,6.2,3.8,171.6,-57.2,1.6,-1.0,RS41-SG,404.900,9.6,250,10,2.5,,
2026-03-22T12:38:18.004Z,X1423723,7463,45.44849,8.50768,29001.3,6.1,4.2,159.5,-57.2,1.6,-1.0,RS41-SG,404.900,9.3,250,10,2.5,,
2026-03-22T12:38:19.004Z,X1423723,7464,45.44845,8.50770,29007.0,5.3,3.9,157.6,-57.1,1.6,-1.0,RS41-SG,404.900,8.9,250,10,2.6,,
2026-03-22T12:38:20.004Z,X1423723,7465,45.44843,8.50771,29012.7,6.0,2.9,171.2,-57.1,1.6,-1.0,RS41-SG,404.900,8.9,250,10,2.6,,
2026-03-22T12:38:21.004Z,X1423723,7466,45.44840,8.50770,29019.2,6.8,2.5,220.4,-57.1,1.6,-1.0,RS41-SG,404.900,9.8,250,10,2.5,,
2026-03-22T12:38:22.004Z,X1423723,7467,45.44839,8.50767,29025.6,6.1,3.8,256.1,-57.0,1.6,-1.0,RS41-SG,404.900,9.8,250,10,2.5,,
2026-03-22T12:38:23.004Z,X1423723,7468,45.44839,8.50761,29030.9,4.5,5.2,269.8,-57.0,1.6,-1.0,RS41-SG,404.900,8.1,250,10,2.5,,
2026-03-22T12:38:24.004Z,X1423723,7469,45.44839,8.50754,29035.8,5.2,6.1,279.6,-56.9,1.5,-1.0,RS41-SG,404.900,10.6,250,10,2.6,,
2026-03-22T12:38:26.004Z,X1423723,7471,45.44842,8.50741,29048.6,6.2,4.6,298.2,-57.2,1.6,-1.0,RS41-SG,404.900,8.0,250,10,2.5,,
2026-03-22T12:38:27.004Z,X1423723,7472,45.44844,8.50736,29054.1,4.7,3.4,306.0,-57.2,1.6,-1.0,RS41-SG,404.900,9.3,250,10,2.5,,
2026-03-22T12:38:29.004Z,X1423723,7474,45.44847,8.50731,29065.6,6.8,1.7,295.3,-57.1,1.6,-1.0,RS41-SG,404.900,8.4,250,9,2.6,,
2026-03-22T12:38:30.004Z,X1423723,7475,45.44847,8.50729,29071.7,5.6,1.7,271.4,-57.0,1.6,-1.0,RS41-SG,404.900,9.0,250,10,2.6,,
2026-03-22T12:38:31.004Z,X1423723,7476,45.44847,8.50727,29077.3,5.5,1.8,250.9,-57.0,1.5,-1.0,RS41-SG,404.900,10.1,250,10,2.5,,
2026-03-22T12:38:32.004Z,X1423723,7477,45.44846,8.50725,29083.1,5.9,1.8,233.1,-57.0,1.6,-1.0,RS41-SG,404.900,10.1,250,10,2.5,,
2026-03-22T12:38:33.004Z,X1423723,7478,45.44845,8.50724,29089.4,6.7,1.5,216.8,-57.1,1.6,-1.0,RS41-SG,404.900,9.5,250,10,2.5,,
2026-03-22T12:38:34.004Z,X1423723,7479,45.44844,8.50722,29095.5,5.6,1.3,221.9,-57.1,1.5,-1.0,RS41-SG,404.900,8.9,250,10,2.6,,
2026-03-22T12:38:35.004Z,X1423723,7480,45.44844,8.50721,29101.3,5.9,1.9,256.2,-57.0,1.5,-1.0,RS41-SG,404.900,8.9,250,10,2.6,,
2026-03-22T12:38:36.004Z,X1423723,7481,45.44843,8.50717,29107.5,6.5,3.5,273.6,-57.0,1.5,-1.0,RS41-SG,404.900,10.5,250,10,2.5,,
2026-03-22T12:38:37.004Z,X1423723,7482,45.44844,8.50712,29113.7,5.9,5.4,278.0,-57.0,1.6,-1.0,RS41-SG,404.900,10.6,250,10,2.5,,
2026-03-22T12:38:38.004Z,X1423723,7483,45.44845,8.50704,29119.0,4.6,6.7,280.6,-56.9,1.5,-1.0,RS41-SG,404.900,10.6,250,10,2.5,,
2026-03-22T12:38:39.004Z,X1423723,7484,45.44846,8.50695,29124.0,5.4,7.1,285.0,-56.9,1.5,-1.0,RS41-SG,404.900,10.0,250,10,2.6,,
2026-03-22T12:38:40.004Z,X1423723,7485,45.44848,8.50687,29130.2,7.0,6.2,292.9,-57.0,1.6,-1.0,RS41-SG,404.900,9.1,250,10,2.6,,
2026-03-22T12:38:41.004Z,X1423723,7486,45.44850,8.50681,29136.9,6.5,4.8,303.0,-56.9,1.5,-1.0,RS41-SG,404.900,8.3,250,10,2.5,,
2026-03-22T12:38:42.004Z,X1423723,7487,45.44853,8.50677,29142.9,5.3,3.6,312.6,-56.8,1.5,-1.0,RS41-SG,404.900,10.7,250,10,2.5,,
2026-03-22T12:38:43.004Z,X1423723,7488,45.44855,8.50674,29148.3,5.6,2.6,313.6,-56.6,1.5,-1.0,RS41-SG,404.900,10.7,250,10,2.5,,
2026-03-22T12:38:44.004Z,X1423723,7489,45.44856,8.50672,29154.4,6.7,2.3,293.2,-56.6,1.5,-1.0,RS41-SG,404.900,10.4,250,10,2.6,,
2026-03-22T12:38:45.004Z,X1423723,7490,45.44856,8.50669,29161.1,6.5,2.7,267.0,-56.7,1.5,-1.0,RS41-SG,404.900,10.4,250,10,2.6,,
2026-03-22T12:38:46.004Z,X1423723,7491,45.44856,8.50665,29166.6,4.7,3.4,255.7,-56.6,1.5,-1.0,RS41-SG,404.900,9.2,250,10,2.5,,
2026-03-22T12:38:47.004Z,X1423723,7492,45.44855,8.50660,29171.4,4.8,3.9,247.3,-56.5,1.5,-1.0,RS41-SG,404.900,9.3,250,10,2.5,,
2026-03-22T12:38:48.004Z,X1423723,7493,45.44853,8.50656,29176.7,5.8,3.8,241.5,-56.5,1.5,-1.0,RS41-SG,404.900,9.3,250,9,2.5,,
2026-03-22T12:38:49.004Z,X1423723,7494,45.44852,8.50652,29182.9,6.5,3.4,239.4,-56.5,1.5,-1.0,RS41-SG,404.900,10.0,250,10,2.6,,
2026-03-22T12:38:50.004Z,X1423723,7495,45.44850,8.50649,29188.9,5.4,3.1,240.7,-56.5,1.5,-1.0,RS41-SG,404.900,10.0,250,10,2.6,,
2026-03-22T12:38:53.004Z,X1423723,7498,45.44848,8.50633,29206.8,6.6,6.5,267.3,-56.5,1.5,-1.0,RS41-SG,404.900,10.0,250,10,2.5,,
2026-03-22T12:38:54.004Z,X1423723,7499,45.44847,8.50624,29212.5,4.8,7.7,270.8,-56.5,1.5,-1.0,RS41-SG,404.900,10.0,250,10,2.6,,
2026-03-22T12:38:55.004Z,X1423723,7500,45.44848,8.50613,29217.4,5.1,8.2,273.8,-56.6,1.5,-1.0,RS41-SG,404.900,9.9,250,10,2.6,,
2026-03-22T12:38:56.004Z,X1423723,7501,45.44848,8.50604,29222.9,5.8,7.4,277.4,-56.6,1.5,-1.0,RS41-SG,404.900,9.7,250,10,2.5,,
2026-03-22T12:38:57.004Z,X1423723,7502,45.44850,8.50595,29229.1,6.5,5.8,285.0,-56.7,1.5,-1.0,RS41-SG,404.900,9.5,250,10,2.5,,
2026-03-22T12:38:58.004Z,X1423723,7503,45.44851,8.50589,29235.4,6.2,4.1,296.9,-56.7,1.5,-1.0,RS41-SG,404.900,8.6,250,10,2.5,,
2026-03-22T12:39:00.004Z,X1423723,7505,45.44854,8.50583,29245.7,5.0,2.7,311.2,-56.6,1.5,-1.0,RS41-SG,404.900,8.6,250,10,2.6,,
2026-03-22T12:39:01.004Z,X1423723,7506,45.44856,8.50580,29251.2,6.0,2.9,289.6,-56.6,1.5,-1.0,RS41-SG,404.900,9.1,250,10,2.5,,
2026-03-22T12:39:02.004Z,X1423723,7507,45.44856,8.50575,29257.6,6.9,4.3,266.6,-56.6,1.5,-1.0,RS41-SG,404.900,9.2,250,10,2.5,,
2026-03-22T12:39:03.004Z,X1423723,7508,45.44855,8.50569,29263.5,5.0,5.8,258.1,-56.6,1.4,-1.0,RS41-SG,404.900,9.2,250,10,2.5,,
2026-03-22T12:39:04.004Z,X1423723,7509,45.44854,8.50561,29268.2,4.5,7.1,255.4,-56.5,1.5,-1.0,RS41-SG,404.900,8.6,250,10,2.6,,
2026-03-22T12:39:05.004Z,X1423723,7510,45.44852,8.50552,29273.4,5.9,7.6,255.3,-56.4,1.5,-1.0,RS41-SG,404.900,8.6,250,10,2.6,,
2026-03-22T12:39:06.004Z,X1423723,7511,45.44851,8.50543,29279.8,7.1,6.9,257.9,-56.4,1.4,-1.0,RS41-SG,404.900,9.8,250,10,2.5,,
2026-03-22T12:39:07.004Z,X1423723,7512,45.44850,8.50535,29285.9,5.2,6.0,261.1,-56.4,1.4,-1.0,RS41-SG,404.900,9.8,250,10,2.5,,
2026-03-22T12:39:08.004Z,X1423723,7513,45.44849,8.50528,29291.1,5.0,5.1,265.4,-56.5,1.5,-1.0,RS41-SG,404.900,9.6,250,10,2.5,,
2026-03-22T12:39:09.004Z,X1423723,7514,45.44849,8.50522,29296.4,5.8,4.9,266.6,-56.5,1.5,-1.0,RS41-SG,404.900,9.6,250,10,2.6,,
2026-03-22T12:39:10.004Z,X1423723,7515,45.44849,8.50515,29302.4,6.3,5.3,265.4,-56.4,1.5,-1.0,RS41-SG,404.900,9.0,250,10,2.6,,
2026-03-22T12:39:11.004Z,X1423723,7516,45.44848,8.50508,29308.6,6.0,5.7,262.5,-56.4,1.4,-1.0,RS41-SG,404.900,10.4,250,10,2.5,,
2026-03-22T12:39:12.004Z,X1423723,7517,45.44847,8.50501,29314.1,4.9,5.7,260.2,-56.4,1.5,-1.0,RS41-SG,404.900,10.4,250,10,2.5,,
2026-03-22T12:39:13.004Z,X1423723,7518,45.44846,8.50494,29319.4,5.5,5.2,258.0,-56.6,1.5,-1.0,RS41-SG,404.900,9.1,250,10,2.5,,
2026-03-22T12:39:14.004Z,X1423723,7519,45.44846,8.50488,29325.4,6.6,4.0,258.8,-56.6,1.5,-1.0,RS41-SG,404.900,9.6,250,10,2.6,,
2026-03-22T12:39:15.004Z,X1423723,7520,45.44845,8.50484,29331.6,6.0,3.2,264.8,-56.6,1.5,-1.0,RS41-SG,404.900,9.6,250,10,2.6,,
2026-03-22T12:39:16.004Z,X1423723,7521,45.44845,8.50480,29337.2,5.0,3.1,273.7,-56.6,1.5,-1.0,RS41-SG,404.900,10.6,250,10,2.5,,
2026-03-22T12:39:17.004Z,X1423723,7522,45.44845,8.50475,29342.5,5.6,3.9,277.2,-56.7,1.5,-1.0,RS41-SG,404.900,10.6,250,10,2.5,,
2026-03-22T12:39:18.004Z,X1423723,7523,45.44846,8.50469,29348.4,6.5,5.6,273.0,-56.8,1.6,-1.0,RS41-SG,404.900,9.8,250,10,2.5,,
2026-03-22T12:39:20.004Z,X1423723,7525,45.44845,8.50450,29360.1,4.7,9.0,265.7,-56.8,1.5,-1.0,RS41-SG,404.900,10.4,250,10,2.6,,
2026-03-22T12:39:21.004Z,X1423723,7526,45.44845,8.50439,29364.6,4.4,9.6,263.3,-56.8,1.5,-1.0,RS41-SG,404.900,10.5,250,10,2.5,,
2026-03-22T12:39:22.004Z,X1423723,7527,45.44844,8.50427,29369.5,5.4,9.2,262.2,-56.9,1.6,-1.0,RS41-SG,404.900,10.5,250,10,2.5,,
2026-03-22T12:39:23.004Z,X1423723,7528,45.44843,8.50416,29375.1,6.1,7.9,262.7,-56.8,1.5,-1.0,RS41-SG,404.900,8.6,250,10,2.5,,
2026-03-22T12:39:25.004Z,X1423723,7530,45.44842,8.50400,29386.3,4.9,5.2,276.1,-56.8,1.5,-1.0,RS41-SG,404.900,10.5,250,10,2.6,,
2026-03-22T12:39:26.004Z,X1423723,7531,45.44843,8.50393,29391.2,5.0,4.8,288.8,-56.9,1.6,-1.0,RS41-SG,404.900,10.5,250,10,2.5,,
2026-03-22T12:39:27.004Z,X1423723,7532,45.44845,8.50388,29396.7,6.2,5.2,298.3,-56.9,1.6,-1.0,RS41-SG,404.900,9.3,250,10,2.5,,
2026-03-22T12:39:28.004Z,X1423723,7533,45.44847,8.50381,29403.0,6.2,5.8,298.0,-56.9,1.6,-1.0,RS41-SG,404.900,7.9,250,10,2.5,,
2026-03-22T12:39:29.004Z,X1423723,7534,45.44849,8.50375,29408.5,4.8,6.2,290.4,-56.8,1.5,-1.0,RS41-SG,404.900,8.8,250,10,2.6,,
2026-03-22T12:39:30.004Z,X1423723,7535,45.44851,8.50367,29413.5,5.2,5.9,280.0,-56.9,1.5,-1.0,RS41-SG,404.900,9.4,250,10,2.6,,
2026-03-22T12:39:31.004Z,X1423723,7536,45.44851,8.50360,29419.2,6.1,5.4,265.0,-56.9,1.5,-1.0,RS41-SG,404.900,9.4,250,10,2.5,,
2026-03-22T12:39:32.004Z,X1423723,7537,45.44850,8.50354,29425.4,6.4,4.7,245.9,-56.9,1.6,-1.0,RS41-SG,404.900,8.3,250,10,2.5,,
2026-03-22T12:39:33.004Z,X1423723,7538,45.44848,8.50349,29431.3,5.3,4.8,230.7,-56.8,1.6,-1.0,RS41-SG,404.900,9.6,250,9,2.5,,
2026-03-22T12:39:34.004Z,X1423723,7539,45.44845,8.50344,29436.4,4.9,5.2,223.6,-56.7,1.5,-1.0,RS41-SG,404.900,10.4,250,9,2.6,,
2026-03-22T12:39:35.004Z,X1423723,7540,45.44841,8.50339,29441.7,5.8,5.8,227.6,-56.7,1.5,-1.0,RS41-SG,404.900,10.4,250,9,2.6,,
2026-03-22T12:39:36.004Z,X1423723,7541,45.44838,8.50333,29448.0,6.9,6.5,240.6,-56.8,1.5,-1.0,RS41-SG,404.900,10.2,250,9,2.5,,
2026-03-22T12:39:37.004Z,X1423723,7542,45.44835,8.50325,29454.1,5.7,7.3,251.9,-56.7,1.5,-1.0,RS41-SG,404.900,10.2,250,9,2.5,,
2026-03-22T12:39:38.004Z,X1423723,7543,45.44834,8.50316,29459.2,4.5,7.6,262.6,-56.6,1.5,-1.0,RS41-SG,404.900,9.1,250,10,2.5,,
2026-03-22T12:39:39.004Z,X1423723,7544,45.44834,8.50306,29464.2,5.4,7.2,272.9,-56.5,1.5,-1.0,RS41-SG,404.900,9.2,250,10,2.6,,
2026-03-22T12:39:40.004Z,X1423723,7545,45.44835,8.50298,29470.3,6.6,6.1,284.9,-56.2,1.4,-1.0,RS41-SG,404.900,10.5,250,9,2.6,,
2026-03-22T12:39:41.004Z,X1423723,7546,45.44836,8.50291,29476.6,6.0,4.8,296.7,-56.1,1.4,-1.0,RS41-SG,404.900,10.5,250,10,2.5,,
2026-03-22T12:39:42.004Z,X1423723,7547,45.44838,8.50287,29481.7,4.5,3.9,306.7,-55.9,1.4,-1.0,RS41-SG,404.900,10.2,250,10,2.5,,
2026-03-22T12:39:43.004Z,X1423723,7548,45.44840,8.50283,29486.7,5.3,3.6,308.8,-55.7,1.4,-1.0,RS41-SG,404.900,10.2,250,10,2.5,,
2026-03-22T12:39:44.004Z,X1423723,7549,45.44842,8.50279,29492.7,6.7,4.0,292.3,-55.6,1.3,-1.0,RS41-SG,404.900,9.1,250,10,2.6,,
2026-03-22T12:39:45.004Z,X1423723,7550,45.44843,8.50273,29499.6,6.9,5.0,275.9,-55.5,1.4,-1.0,RS41-SG,404.900,9.4,250,10,2.6,,
2026-03-22T12:39:46.004Z,X1423723,7551,45.44843,8.50266,29505.6,5.4,6.0,264.6,-55.6,1.3,-1.0,RS41-SG,404.900,10.0,250,10,2.5,,
2026-03-22T12:39:47.004Z,X1423723,7552,45.44842,8.50258,29510.9,5.3,6.7,255.1,-55.7,1.4,-1.0,RS41-SG,404.900,10.0,250,10,2.5,,
2026-03-22T12:39:48.004Z,X1423723,7553,45.44840,8.50250,29516.7,6.2,7.0,244.5,-55.6,1.4,-1.0,RS41-SG,404.900,10.0,250,10,2.5,,
2026-03-22T12:39:49.004Z,X1423723,7554,45.44837,8.50243,29523.1,6.8,6.6,235.9,-55.6,1.4,-1.0,RS41-SG,404.900,7.6,250,10,2.6,,
2026-03-22T12:39:50.004Z,X1423723,7555,45.44833,8.50236,29529.2,5.3,6.2,231.8,-55.6,1.4,-1.0,RS41-SG,404.900,8.0,250,10,2.6,,
2026-03-22T12:39:51.004Z,X1423723,7556,45.44830,8.50230,29534.8,5.8,5.8,235.4,-55.6,1.4,-1.0,RS41-SG,404.900,9.7,250,10,2.5,,
2026-03-22T12:39:52.004Z,X1423723,7557,45.44828,8.50224,29541.3,7.2,5.7,250.0,-55.7,1.4,-1.0,RS41-SG,404.900,9.7,250,10,2.5,,
2026-03-22T12:39:53.004Z,X1423723,7558,45.44827,8.50216,29548.5,7.1,6.3,268.0,-55.9,1.4,-1.0,RS41-SG,404.900,9.3,250,10,2.5,,
2026-03-22T12:39:54.004Z,X1423723,7559,45.44827,8.50208,29554.8,5.5,7.1,281.5,-55.9,1.4,-1.0,RS41-SG,404.900,9.3,250,10,2.6,,
2026-03-22T12:39:57.004Z,X1423723,7562,45.44838,8.50184,29573.4,5.9,7.4,323.2,-55.8,1.4,-1.0,RS41-SG,404.900,8.8,250,10,2.5,,
2026-03-22T12:39:58.004Z,X1423723,7563,45.44844,8.50179,29578.6,4.6,6.9,329.2,-55.7,1.4,-1.0,RS41-SG,404.900,9.6,250,10,2.5,,
2026-03-22T12:39:59.004Z,X1423723,7564,45.44849,8.50175,29583.9,5.9,6.1,327.5,-55.6,1.4,-1.0,RS41-SG,404.900,9.6,250,10,2.6,,
2026-03-22T12:40:00.004Z,X1423723,7565,45.44853,8.50170,29590.0,6.6,5.6,314.9,-55.7,1.4,-1.0,RS41-SG,404.900,9.1,250,10,2.6,,
2026-03-22T12:40:02.004Z,X1423723,7567,45.44858,8.50158,29602.7,5.4,6.0,284.9,-55.8,1.5,-1.0,RS41-SG,404.900,9.1,250,10,2.5,,
2026-03-22T12:40:03.004Z,X1423723,7568,45.44859,8.50150,29607.7,4.7,6.1,276.1,-55.8,1.5,-1.0,RS41-SG,404.900,9.1,250,10,2.5,,
2026-03-22T12:40:12.004Z,X1423723,7577,45.44880,8.50099,29659.7,5.7,8.1,303.9,-56.3,1.6,-1.0,RS41-SG,404.900,7.0,250,10,2.5,,
2026-03-22T12:40:13.004Z,X1423723,7578,45.44883,8.50091,29666.1,7.2,6.7,293.2,-56.4,1.6,-1.0,RS41-SG,404.900,8.5,250,10,2.5,,
2026-03-22T12:40:14.004Z,X1423723,7579,45.44884,8.50084,29672.8,6.1,5.3,280.4,-56.5,1.6,-1.0,RS41-SG,404.900,9.8,250,10,2.6,,
2026-03-22T12:40:15.004Z,X1423723,7580,45.44885,8.50078,29678.7,5.6,4.2,265.1,-56.5,1.6,-1.0,RS41-SG,404.900,9.8,250,10,2.6,,
2026-03-22T12:40:16.004Z,X1423723,7581,45.44884,8.50073,29684.8,6.6,3.4,258.0,-56.5,1.5,-1.0,RS41-SG,404.900,8.7,250,10,2.5,,
2026-03-22T12:40:20.004Z,X1423723,7585,45.44889,8.50060,29710.0,6.5,4.1,341.9,-56.5,1.5,-1.0,RS41-SG,404.900,6.5,250,10,2.6,,
2026-03-22T12:40:23.004Z,X1423723,7588,45.44903,8.50060,29728.4,5.8,6.4,359.4,-56.6,1.6,-1.0,RS41-SG,404.900,7.2,250,10,2.5,,
2026-03-22T12:40:33.004Z,X1423723,7598,45.44934,8.50007,29788.9,6.2,0.2,312.2,-57.1,1.7,-1.0,RS41-SG,404.900,7.1,250,10,2.5,,
2026-03-22T12:40:34.004Z,X1423723,7599,45.44935,8.50007,29795.6,7.0,2.0,351.0,-57.2,1.6,-1.0,RS41-SG,404.900,7.5,250,10,2.6,,
2026-03-22T12:40:35.004Z,X1423723,7600,45.44938,8.50006,29801.9,5.8,3.9,342.3,-57.2,1.6,-1.0,RS41-SG,404.900,7.7,250,10,2.6,,
2026-03-22T12:40:36.004Z,X1423723,7601,45.44942,8.50004,29807.1,4.4,5.4,337.9,-57.3,1.6,-1.0,RS41-SG,404.900,7.7,250,10,2.5,,
2026-03-22T12:40:43.004Z,X1423723,7608,45.44970,8.49991,29847.9,6.5,3.4,351.3,-57.8,1.6,-1.0,RS41-SG,404.900,6.8,250,10,2.5,,
2026-03-22T12:40:44.004Z,X1423723,7609,45.44973,8.49990,29854.8,7.2,4.1,342.1,-57.8,1.7,-1.0,RS41-SG,404.900,7.8,250,10,2.6,,
2026-03-22T12:40:45.004Z,X1423723,7610,45.44977,8.49988,29861.2,5.7,4.6,337.8,-57.9,1.6,-1.0,RS41-SG,404.900,7.8,250,10,2.6,,
2026-03-22T12:40:47.004Z,X1423723,7612,45.44985,8.49984,29873.1,6.9,4.5,348.4,-58.0,1.6,-1.0,RS41-SG,404.900,8.2,250,10,2.5,,
2026-03-22T12:40:48.004Z,X1423723,7613,45.44989,8.49984,29880.1,7.1,3.9,6.3,-58.0,1.6,-1.0,RS41-SG,404.900,8.5,250,10,2.5,,
2026-03-22T12:40:49.004Z,X1423723,7614,45.44992,8.49985,29886.3,5.3,3.8,19.6,-58.1,1.6,-1.0,RS41-SG,404.900,8.5,250,10,2.6,,
2026-03-22T12:40:50.004Z,X1423723,7615,45.44995,8.49987,29891.9,5.8,3.9,23.7,-58.0,1.6,-1.0,RS41-SG,404.900,7.4,250,10,2.6,,
2026-03-22T12:40:51.004Z,X1423723,7616,45.44999,8.49989,29898.0,6.8,4.0,11.6,-57.9,1.6,-1.0,RS41-SG,404.900,7.4,250,10,2.5,,
2026-03-22T12:40:52.004Z,X1423723,7617,45.45002,8.49989,29905.0,7.3,4.5,352.0,-57.9,1.6,-1.0,RS41-SG,404.900,7.4,250,10,2.5,,
2026-03-22T12:40:58.004Z,X1423723,7623,45.45024,8.49977,29941.3,5.5,2.9,358.0,-57.8,1.6,-1.0,RS41-SG,404.900,7.7,250,10,2.5,,
2026-03-22T12:40:59.004Z,X1423723,7624,45.45027,8.49977,29947.3,6.6,2.9,358.3,-58.0,1.7,-1.0,RS41-SG,404.900,7.7,250,10,2.6,,
2026-03-22T12:41:00.004Z,X1423723,7625,45.45030,8.49976,29954.1,7.1,3.1,346.6,-58.2,1.7,-1.0,RS41-SG,404.900,8.1,250,10,2.6,,
2026-03-22T12:41:05.004Z,X1423723,7630,45.45043,8.49972,29985.5,5.6,2.1,11.5,-58.3,1.7,-1.0,RS41-SG,404.900,7.4,250,10,2.6,,
2026-03-22T12:41:16.004Z,X1423723,7641,45.45072,8.49950,30054.9,6.9,4.2,335.3,-58.4,1.7,-1.0,RS41-SG,404.900,7.2,250,10,2.5,,
2026-03-22T12:41:17.004Z,X1423723,7642,45.45076,8.49947,30061.2,5.4,4.7,326.3,-58.4,1.7,-1.0,RS41-SG,404.900,6.7,250,10,2.5,,
2026-03-22T12:41:18.004Z,X1423723,7643,45.45079,8.49943,30066.7,5.7,4.9,321.7,-58.5,1.7,-1.0,RS41-SG,404.900,6.7,250,10,2.5,,
2026-03-22T12:41:21.004Z,X1423723,7646,45.45087,8.49935,30086.1,5.5,2.5,328.3,-58.2,1.6,-1.0,RS41-SG,404.900,6.9,250,10,2.5,,
2026-03-22T12:41:28.004Z,X1423723,7653,45.45099,8.49907,30129.5,7.3,3.0,296.9,-58.2,1.6,-1.0,RS41-SG,404.900,8.0,250,10,2.5,,
2026-03-22T12:41:31.004Z,X1423723,7656,45.45102,8.49902,30147.3,6.5,1.6,330.8,-58.2,1.6,-1.0,RS41-SG,404.900,6.7,250,10,2.5,,
2026-03-22T12:41:37.004Z,X1423723,7662,45.45113,8.49877,30184.6,6.0,3.8,283.8,-58.1,1.7,-1.0,RS41-SG,404.900,7.3,250,10,2.5,,
2026-03-22T12:41:43.004Z,X1423723,7668,45.45115,8.49840,30221.9,5.5,7.0,284.9,-57.8,1.6,-1.0,RS41-SG,404.900,7.2,250,10,2.5,,
2026-03-22T12:41:52.004Z,X1423723,7677,45.45160,8.49793,30276.1,5.1,9.1,306.5,-56.7,1.4,-1.0,RS41-SG,404.900,6.8,250,10,2.5,,
2026-03-22T12:42:03.004Z,X1423723,7688,45.45213,8.49718,30345.1,6.8,8.7,342.5,-55.8,1.4,-1.0,RS41-SG,404.900,7.9,250,9,2.5,,
2026-03-22T12:42:19.004Z,X1423723,7704,45.45331,8.49665,30440.0,5.0,6.0,342.7,-55.8,1.5,-1.0,RS41-SG,404.900,7.2,250,9,2.6,,
2026-03-22T12:42:23.004Z,X1423723,7708,45.45351,8.49655,30463.3,5.2,5.7,345.5,-55.7,1.4,-1.0,RS41-SG,404.900,7.4,250,9,2.5,,
2026-03-22T12:42:24.004Z,X1423723,7709,45.45356,8.49653,30468.8,5.8,5.5,345.2,-55.7,1.4,-1.0,RS41-SG,404.900,7.6,250,9,2.6,,
2026-03-22T12:42:25.004Z,X1423723,7710,45.45361,8.49651,30475.0,6.6,5.3,340.8,-55.8,1.4,-1.0,RS41-SG,404.900,7.6,250,9,2.6,,
2026-03-22T12:42:30.004Z,X1423723,7715,45.45381,8.49644,30505.7,6.7,5.7,18.7,-55.9,1.4,-1.0,RS41-SG,404.900,6.9,250,9,2.6,,
2026-03-22T12:42:31.004Z,X1423723,7716,45.45386,8.49647,30511.8,5.5,6.2,23.0,-55.9,1.5,-1.0,RS41-SG,404.900,8.0,250,9,2.5,,
2026-03-22T12:42:32.004Z,X1423723,7717,45.45391,8.49650,30517.4,5.9,6.1,21.2,-55.9,1.5,-1.0,RS41-SG,404.900,8.4,250,9,2.5,,
2026-03-22T12:42:33.004Z,X1423723,7718,45.45396,8.49652,30523.7,7.0,5.1,8.0,-55.9,1.4,-1.0,RS41-SG,404.900,8.4,250,9,2.5,,
2026-03-22T12:42:34.004Z,X1423723,7719,45.45400,8.49651,30530.8,7.0,4.3,344.3,-55.9,1.5,-1.0,RS41-SG,404.900,7.9,250,9,2.6,,
2026-03-22T12:42:41.004Z,X1423723,7726,45.45423,8.49633,30571.1,5.4,5.0,9.6,-55.8,1.5,-1.0,RS41-SG,404.900,8.0,250,8,2.5,,
2026-03-22T12:42:42.004Z,X1423723,7727,45.45427,8.49635,30577.1,6.7,5.3,11.7,-55.8,1.5,-1.0,RS41-SG,404.900,8.0,250,8,2.5,,
2026-03-22T12:42:43.004Z,X1423723,7728,45.45432,8.49636,30583.7,6.5,5.3,7.5,-55.8,1.5,-1.0,RS41-SG,404.900,7.7,250,8,2.5,,
2026-03-22T12:42:44.004Z,X1423723,7729,45.45437,8.49636,30589.8,5.6,5.3,4.7,-55.9,1.5,-1.0,RS41-SG,404.900,7.7,250,8,2.6,,
2026-03-22T12:42:46.004Z,X1423723,7731,45.45446,8.49638,30602.7,7.1,5.8,12.4,-56.0,1.5,-1.0,RS41-SG,404.900,8.4,250,8,2.5,,
2026-03-22T12:42:47.004Z,X1423723,7732,45.45452,8.49640,30609.1,6.0,6.2,17.7,-55.9,1.5,-1.0,RS41-SG,404.900,8.0,250,8,2.5,,
2026-03-22T12:42:50.004Z,X1423723,7735,45.45467,8.49646,30627.3,7.1,4.9,0.1,-55.5,1.4,-1.0,RS41-SG,404.900,7.8,250,8,2.6,,
2026-03-22T12:42:54.004Z,X1423723,7739,45.45482,8.49640,30651.6,7.1,4.7,356.5,-55.3,1.4,-1.0,RS41-SG,404.900,7.8,250,8,2.6,,
2026-03-22T12:42:55.004Z,X1423723,7740,45.45487,8.49640,30658.0,5.5,5.5,9.0,-55.2,1.4,-1.0,RS41-SG,404.900,9.0,250,8,2.6,,
2026-03-22T12:42:56.004Z,X1423723,7741,45.45492,8.49642,30663.5,5.4,6.2,16.0,-55.3,1.5,-1.0,RS41-SG,404.900,9.0,250,8,2.5,,
2026-03-22T12:42:57.004Z,X1423723,7742,45.45497,8.49644,30669.4,6.5,6.6,16.4,-55.4,1.5,-1.0,RS41-SG,404.900,9.2,250,8,2.5,,
2026-03-22T12:42:58.004Z,X1423723,7743,45.45503,8.49646,30676.1,7.1,6.4,12.7,-55.5,1.5,-1.0,RS41-SG,404.900,9.2,250,8,2.5,,
2026-03-22T12:43:01.004Z,X1423723,7746,45.45519,8.49650,30694.1,6.3,5.7,11.8,-55.3,1.5,-1.0,RS41-SG,404.900,6.7,250,8,2.5,,
2026-03-22T12:43:02.004Z,X1423723,7747,45.45524,8.49652,30700.6,6.9,6.4,20.0,-55.3,1.4,-1.0,RS41-SG,404.900,9.5,250,8,2.5,,
2026-03-22T12:43:03.004Z,X1423723,7748,45.45529,8.49655,30707.0,5.9,6.8,24.9,-55.4,1.5,-1.0,RS41-SG,404.900,9.5,250,8,2.5,,
2026-03-22T12:43:04.004Z,X1423723,7749,45.45535,8.49659,30712.4,5.0,6.8,26.0,-55.5,1.5,-1.0,RS41-SG,404.900,8.4,250,8,2.6,,
2026-03-22T12:43:05.004Z,X1423723,7750,45.45540,8.49663,30717.6,5.8,6.1,21.4,-55.5,1.5,-1.0,RS41-SG,404.900,7.9,250,8,2.6,,
2026-03-22T12:43:06.004Z,X1423723,7751,45.45545,8.49664,30723.9,6.7,5.1,8.4,-55.5,1.5,-1.0,RS41-SG,404.900,7.4,250,8,2.5,,
2026-03-22T12:43:07.004Z,X1423723,7752,45.45549,8.49664,30730.4,6.3,4.5,350.7,-55.5,1.5,-1.0,RS41-SG,404.900,8.6,250,8,2.5,,
2026-03-22T12:43:08.004Z,X1423723,7753,45.45553,8.49663,30736.1,5.1,4.6,339.5,-55.6,1.5,-1.0,RS41-SG,404.900,8.6,250,8,2.5,,
2026-03-22T12:43:24.004Z,X1423723,7769,45.45647,8.49705,30829.9,6.5,8.7,9.5,-56.4,1.7,-1.0,RS41-SG,404.900,7.4,250,8,2.6,,
2026-03-22T12:43:25.004Z,X1423723,7770,45.45654,8.49706,30836.5,6.9,8.2,2.5,-56.3,1.6,-1.0,RS41-SG,404.900,7.3,250,8,2.6,,
2026-03-22T12:43:26.004Z,X1423723,7771,45.45662,8.49706,30842.7,5.5,7.8,359.3,-56.2,1.6,-1.0,RS41-SG,404.900,8.2,250,8,2.5,,
2026-03-22T12:43:27.004Z,X1423723,7772,45.45668,8.49706,30847.8,4.9,7.3,1.3,-56.2,1.6,-1.0,RS41-SG,404.900,8.2,250,8,2.5,,
2026-03-22T12:43:30.004Z,X1423723,7775,45.45687,8.49716,30864.8,6.0,8.6,40.2,-56.1,1.6,-1.0,RS41-SG,404.900,8.0,250,8,2.6,,
2026-03-22T12:43:31.004Z,X1423723,7776,45.45693,8.49724,30870.5,5.4,9.5,46.3,-56.1,1.6,-1.0,RS41-SG,404.900,8.0,250,8,2.5,,
2026-03-22T12:43:32.004Z,X1423723,7777,45.45698,8.49733,30875.8,5.3,9.7,47.2,-56.2,1.6,-1.0,RS41-SG,404.900,8.0,250,8,2.5,,
2026-03-22T12:43:33.004Z,X1423723,7778,45.45704,8.49741,30881.5,6.3,8.8,42.3,-56.1,1.6,-1.0,RS41-SG,404.900,8.0,250,8,2.5,,
2026-03-22T12:43:36.004Z,X1423723,7781,45.45721,8.49751,30899.8,4.6,5.8,356.3,-56.1,1.6,-1.0,RS41-SG,404.900,7.4,250,8,2.5,,
2026-03-22T12:43:38.004Z,X1423723,7783,45.45731,8.49749,30911.1,7.1,6.1,352.1,-56.0,1.6,-1.0,RS41-SG,404.900,7.3,250,8,2.5,,
2026-03-22T12:43:47.004Z,X1423723,7792,45.45772,8.49778,30963.8,6.7,4.9,56.6,-56.0,1.6,-1.0,RS41-SG,404.900,6.7,250,8,2.5,,
2026-03-22T12:43:49.004Z,X1423723,7794,45.45778,8.49789,30976.3,5.6,5.3,49.1,-56.1,1.6,-1.0,RS41-SG,404.900,7.3,250,8,2.6,,
2026-03-22T12:43:50.004Z,X1423723,7795,45.45781,8.49793,30982.1,5.9,5.6,31.0,-56.0,1.5,-1.0,RS41-SG,404.900,9.3,250,8,2.6,,
2026-03-22T12:43:51.004Z,X1423723,7796,45.45786,8.49795,30988.3,6.6,6.5,7.3,-56.1,1.5,-1.0,RS41-SG,404.900,9.3,250,8,2.5,,
2026-03-22T12:43:52.004Z,X1423723,7797,45.45793,8.49795,30994.7,6.0,7.9,351.9,-56.2,1.5,-1.0,RS41-SG,404.900,8.4,250,8,2.5,,
2026-03-22T12:43:53.004Z,X1423723,7798,45.45800,8.49793,31000.0,4.4,8.9,343.6,-56.1,1.6,-1.0,RS41-SG,404.900,8.1,250,8,2.5,,
2026-03-22T12:43:54.004Z,X1423723,7799,45.45808,8.49789,31005.0,5.7,9.2,341.1,-56.1,1.5,-1.0,RS41-SG,404.900,7.4,250,8,2.6,,
2026-03-22T12:43:55.004Z,X1423723,7800,45.45815,8.49786,31011.4,7.1,8.3,346.3,-56.2,1.5,-1.0,RS41-SG,404.900,8.3,250,8,2.6,,
2026-03-22T12:43:58.004Z,X1423723,7803,45.45832,8.49788,31029.8,5.0,4.9,31.0,-56.2,1.5,-1.0,RS41-SG,404.900,7.4,250,8,2.5,,
2026-03-22T12:43:59.004Z,X1423723,7804,45.45835,8.49792,31035.3,6.1,3.9,40.4,-56.2,1.5,-1.0,RS41-SG,404.900,8.5,250,8,2.6,,
2026-03-22T12:44:00.004Z,X1423723,7805,45.45837,8.49795,31041.9,7.1,3.0,38.5,-56.3,1.6,-1.0,RS41-SG,404.900,8.5,250,8,2.6,,
2026-03-22T12:44:09.004Z,X1423723,7814,45.45874,8.49797,31098.4,5.5,7.4,333.6,-56.5,1.6,-1.0,RS41-SG,404.900,7.6,250,9,2.6,,
2026-03-22T12:44:14.004Z,X1423723,7819,45.45896,8.49784,31128.6,4.8,3.2,17.7,-56.2,1.5,-1.0,RS41-SG,404.900,8.7,250,9,2.6,,
2026-03-22T12:44:15.004Z,X1423723,7820,45.45898,8.49786,31133.9,5.7,2.9,22.5,-56.2,1.6,-1.0,RS41-SG,404.900,8.7,250,9,2.6,,
2026-03-22T12:44:16.004Z,X1423723,7821,45.45900,8.49786,31140.2,7.0,2.5,1.7,-56.3,1.6,-1.0,RS41-SG,404.900,8.5,250,9,2.5,,
2026-03-22T12:44:18.004Z,X1423723,7823,45.45905,8.49783,31153.6,5.6,3.9,313.7,-56.3,1.6,-1.0,RS41-SG,404.900,8.7,250,9,2.5,,
2026-03-22T12:44:19.004Z,X1423723,7824,45.45908,8.49778,31159.0,5.3,4.9,307.4,-56.3,1.5,-1.0,RS41-SG,404.900,8.7,250,9,2.6,,
2026-03-22T12:44:21.004Z,X1423723,7826,45.45914,8.49768,31171.3,7.3,5.2,316.4,-56.1,1.5,-1.0,RS41-SG,404.900,7.1,250,9,2.5,,
2026-03-22T12:44:22.004Z,X1423723,7827,45.45917,8.49764,31177.9,5.7,4.9,323.0,-56.0,1.5,-1.0,RS41-SG,404.900,7.5,250,9,2.5,,
2026-03-22T12:44:23.004Z,X1423723,7828,45.45921,8.49761,31183.8,6.0,4.7,326.6,-56.0,1.5,-1.0,RS41-SG,404.900,7.5,250,9,2.5,,
2026-03-22T12:44:25.004Z,X1423723,7830,45.45927,8.49753,31197.5,7.3,5.2,311.4,-55.9,1.5,-1.0,RS41-SG,404.900,7.7,250,9,2.6,,
2026-03-22T12:44:26.004Z,X1423723,7831,45.45930,8.49748,31204.0,5.8,5.7,305.7,-55.8,1.5,-1.0,RS41-SG,404.900,7.7,250,9,2.5,,
2026-03-22T12:44:27.004Z,X1423723,7832,45.45933,8.49742,31209.8,5.9,5.8,304.3,-55.8,1.5,-1.0,RS41-SG,404.900,7.6,250,9,2.5,,
2026-03-22T12:44:28.004Z,X1423723,7833,45.45936,8.49736,31216.1,6.7,5.4,312.2,-55.9,1.5,-1.0,RS41-SG,404.900,7.7,250,9,2.5,,
2026-03-22T12:44:29.004Z,X1423723,7834,45.45940,8.49732,31223.0,7.0,5.2,328.4,-55.9,1.5,-1.0,RS41-SG,404.900,7.9,250,9,2.6,,
2026-03-22T12:44:30.004Z,X1423723,7835,45.45944,8.49729,31229.4,5.9,5.4,345.6,-55.9,1.5,-1.0,RS41-SG,404.900,8.4,250,9,2.6,,
2026-03-22T12:44:31.004Z,X1423723,7836,45.45949,8.49728,31235.0,5.2,6.4,354.8,-55.9,1.5,-1.0,RS41-SG,404.900,8.4,250,9,2.5,,
2026-03-22T12:44:32.004Z,X1423723,7837,45.45956,8.49727,31240.5,5.8,7.7,356.0,-55.9,1.5,-1.0,RS41-SG,404.900,8.0,250,9,2.5,,
2026-03-22T12:44:33.004Z,X1423723,7838,45.45963,8.49726,31246.8,6.5,9.0,352.2,-55.8,1.5,-1.0,RS41-SG,404.900,8.0,250,9,2.5,,
2026-03-22T12:44:34.004Z,X1423723,7839,45.45971,8.49724,31253.4,6.7,9.9,347.6,-55.6,1.4,-1.0,RS41-SG,404.900,7.5,250,9,2.6,,
2026-03-22T12:44:39.004Z,X1423723,7844,45.46011,8.49716,31284.8,6.7,6.8,19.4,-54.3,1.3,-1.0,RS41-SG,404.900,7.4,250,9,2.6,,
2026-03-22T12:44:40.004Z,X1423723,7845,45.46016,8.49720,31290.9,5.6,6.9,33.2,-54.1,1.2,-1.0,RS41-SG,404.900,8.2,250,9,2.6,,
2026-03-22T12:44:42.004Z,X1423723,7847,45.46026,8.49731,31301.7,6.1,7.6,34.6,-53.9,1.2,-1.0,RS41-SG,404.900,8.5,250,9,2.5,,
2026-03-22T12:44:43.004Z,X1423723,7848,45.46033,8.49736,31308.3,6.9,8.0,22.2,-54.0,1.3,-1.0,RS41-SG,404.900,9.0,250,9,2.5,,
2026-03-22T12:44:44.004Z,X1423723,7849,45.46040,8.49738,31315.2,6.8,9.0,7.5,-54.0,1.2,-1.0,RS41-SG,404.900,9.0,250,9,2.6,,
2026-03-22T12:44:45.004Z,X1423723,7850,45.46048,8.49739,31321.0,5.0,10.3,358.0,-54.0,1.2,-1.0,RS41-SG,404.900,8.3,250,9,2.6,,
2026-03-22T12:44:46.004Z,X1423723,7851,45.46058,8.49738,31325.7,4.4,11.7,354.3,-54.0,1.2,-1.0,RS41-SG,404.900,7.9,250,9,2.5,,
2026-03-22T12:44:47.004Z,X1423723,7852,45.46069,8.49736,31330.7,5.6,12.7,355.4,-54.0,1.2,-1.0,RS41-SG,404.900,8.3,250,9,2.5,,
2026-03-22T12:44:48.004Z,X1423723,7853,45.46080,8.49736,31337.1,7.2,12.7,1.1,-53.9,1.2,-1.0,RS41-SG,404.900,8.3,250,9,2.5,,
2026-03-22T12:44:49.004Z,X1423723,7854,45.46091,8.49737,31344.2,7.0,12.1,8.6,-53.8,1.2,-1.0,RS41-SG,404.900,7.6,250,9,2.6,,
2026-03-22T12:44:51.004Z,X1423723,7856,45.46111,8.49744,31356.4,6.1,9.8,20.9,-53.7,1.2,-1.0,RS41-SG,404.900,7.1,250,9,2.5,,
2026-03-22T12:44:52.004Z,X1423723,7857,45.46118,8.49749,31363.0,7.1,8.2,23.6,-53.6,1.2,-1.0,RS41-SG,404.900,7.4,250,9,2.5,,
2026-03-22T12:44:56.004Z,X1423723,7861,45.46139,8.49763,31388.2,7.4,6.5,34.0,-53.5,1.2,-1.0,RS41-SG,404.900,7.6,250,9,2.5,,
2026-03-22T12:44:58.004Z,X1423723,7863,45.46150,8.49774,31400.5,5.5,9.0,33.6,-53.5,1.3,-1.0,RS41-SG,404.900,8.9,250,9,2.5,,
2026-03-22T12:44:59.004Z,X1423723,7864,45.46158,8.49780,31406.5,6.6,10.1,26.8,-53.5,1.2,-1.0,RS41-SG,404.900,8.9,250,9,2.6,,
2026-03-22T12:45:01.004Z,X1423723,7866,45.46176,8.49789,31419.6,5.5,11.3,14.2,-53.7,1.3,-1.0,RS41-SG,404.900,8.8,250,9,2.5,,
2026-03-22T12:45:02.004Z,X1423723,7867,45.46186,8.49793,31425.6,6.3,11.7,13.1,-53.8,1.2,-1.0,RS41-SG,404.900,8.8,250,9,2.5,,
2026-03-22T12:45:03.004Z,X1423723,7868,45.46196,8.49797,31432.5,7.4,12.0,16.9,-53.7,1.3,-1.0,RS41-SG,404.900,7.7,250,9,2.5,,
2026-03-22T12:45:04.004Z,X1423723,7869,45.46206,8.49802,31439.7,7.2,12.2,24.0,-53.7,1.3,-1.0,RS41-SG,404.900,7.6,250,9,2.6,,
2026-03-22T12:45:05.004Z,X1423723,7870,45.46216,8.49809,31446.2,5.8,12.3,29.9,-53.6,1.2,-1.0,RS41-SG,404.900,8.8,250,9,2.6,,
2026-03-22T12:45:06.004Z,X1423723,7871,45.46225,8.49817,31452.1,5.7,11.9,34.0,-53.5,1.2,-1.0,RS41-SG,404.900,8.8,250,9,2.5,,
2026-03-22T12:45:07.004Z,X1423723,7872,45.46233,8.49826,31458.1,6.5,11.1,35.5,-53.2,1.2,-1.0,RS41-SG,404.900,8.2,250,9,2.5,,
2026-03-22T12:45:08.004Z,X1423723,7873,45.46241,8.49833,31464.8,7.0,10.0,32.6,-52.9,1.2,-1.0,RS41-SG,404.900,7.7,250,9,2.5,,
2026-03-22T12:45:12.004Z,X1423723,7877,45.46272,8.49855,31490.7,7.1,10.6,24.1,-51.9,1.1,-1.0,RS41-SG,404.900,7.7,250,9,2.5,,
2026-03-22T12:45:14.004Z,X1423723,7879,45.46290,8.49867,31503.0,5.8,11.3,24.0,-51.5,1.0,-1.0,RS41-SG,404.900,7.6,250,9,2.6,,
2026-03-22T12:45:15.004Z,X1423723,7880,45.46299,8.49872,31509.4,6.9,10.9,19.7,-51.0,1.0,-1.0,RS41-SG,404.900,8.3,250,9,2.6,,
2026-03-22T12:45:16.004Z,X1423723,7881,45.46308,8.49876,31516.2,7.1,10.0,13.5,-50.5,0.9,-1.0,RS41-SG,404.900,8.3,250,9,2.5,,
2026-03-22T12:45:19.004Z,X1423723,7884,45.46332,8.49881,31535.4,6.7,7.7,11.3,-49.9,0.9,-1.0,RS41-SG,404.900,7.1,250,9,2.6,,
2026-03-22T12:45:20.004Z,X1423723,7885,45.46338,8.49884,31542.4,7.3,7.7,22.7,-49.8,1.0,-1.0,RS41-SG,404.900,8.3,250,9,2.6,,
2026-03-22T12:45:21.004Z,X1423723,7886,45.46344,8.49889,31549.2,6.1,8.1,32.2,-49.9,1.0,-1.0,RS41-SG,404.900,8.3,250,9,2.5,,
2026-03-22T12:45:22.004Z,X1423723,7887,45.46351,8.49895,31555.2,5.7,8.6,37.1,-50.0,1.0,-1.0,RS41-SG,404.900,8.2,250,9,2.5,,
2026-03-22T12:45:23.004Z,X1423723,7888,45.46357,8.49901,31561.2,6.5,8.8,37.5,-50.0,1.0,-1.0,RS41-SG,404.900,8.2,250,9,2.5,,
2026-03-22T12:45:24.004Z,X1423723,7889,45.46363,8.49907,31568.2,7.5,8.4,30.4,-49.9,1.0,-1.0,RS41-SG,404.900,8.2,250,9,2.6,,
2026-03-22T12:45:25.004Z,X1423723,7890,45.46370,8.49912,31575.4,7.0,8.2,21.0,-49.9,1.0,-1.0,RS41-SG,404.900,7.4,250,9,2.6,,
2026-03-22T12:45:26.004Z,X1423723,7891,45.46377,8.49915,31581.8,5.6,8.3,12.4,-49.8,1.0,-1.0,RS41-SG,404.900,8.1,250,9,2.5,,
2026-03-22T12:45:27.004Z,X1423723,7892,45.46384,8.49917,31587.4,5.7,8.7,7.1,-49.9,1.0,-1.0,RS41-SG,404.900,8.1,250,9,2.5,,
2026-03-22T12:45:28.004Z,X1423723,7893,45.46392,8.49918,31593.6,6.6,9.1,8.0,-50.0,1.0,-1.0,RS41-SG,404.900,7.6,250,9,2.5,,
2026-03-22T12:45:29.004Z,X1423723,7894,45.46400,8.49920,31600.6,7.4,9.4,12.1,-50.0,1.0,-1.0,RS41-SG,404.900,7.3,250,9,2.6,,
2026-03-22T12:45:32.004Z,X1423723,7897,45.46424,8.49930,31620.0,6.3,8.3,14.1,-49.9,1.0,-1.0,RS41-SG,404.900,8.1,250,9,2.5,,
2026-03-22T12:45:33.004Z,X1423723,7898,45.46431,8.49931,31626.6,6.9,7.2,5.0,-49.9,1.1,-1.0,RS41-SG,404.900,8.1,250,9,2.5,,
2026-03-22T12:45:34.004Z,X1423723,7899,45.46437,8.49931,31633.5,7.1,6.5,351.1,-50.0,1.1,-1.0,RS41-SG,404.900,9.0,250,9,2.6,,
2026-03-22T12:45:35.004Z,X1423723,7900,45.46443,8.49929,31639.9,5.7,6.4,341.1,-50.1,1.1,-1.0,RS41-SG,404.900,9.9,250,9,2.6,,
2026-03-22T12:45:36.004Z,X1423723,7901,45.46448,8.49926,31645.6,5.8,6.7,339.0,-50.1,1.1,-1.0,RS41-SG,404.900,9.9,250,9,2.5,,
2026-03-22T12:45:37.004Z,X1423723,7902,45.46454,8.49924,31651.8,6.7,7.1,346.9,-50.0,1.1,-1.0,RS41-SG,404.900,8.5,250,9,2.5,,
2026-03-22T12:45:42.004Z,X1423723,7907,45.46495,8.49942,31684.6,6.0,11.5,33.1,-49.9,1.1,-1.0,RS41-SG,404.900,7.3,250,9,2.5,,
2026-03-22T12:45:44.004Z,X1423723,7909,45.46509,8.49957,31698.4,7.4,8.7,38.3,-49.9,1.1,-1.0,RS41-SG,404.900,8.3,250,9,2.6,,
2026-03-22T12:45:45.004Z,X1423723,7910,45.46515,8.49964,31705.1,5.8,7.4,39.0,-49.8,1.1,-1.0,RS41-SG,404.900,8.4,250,9,2.6,,
2026-03-22T12:45:51.004Z,X1423723,7916,45.46550,8.50000,31743.2,6.1,10.6,31.9,-49.4,1.0,-1.0,RS41-SG,404.900,7.6,250,9,2.5,,
2026-03-22T12:46:02.004Z,X1423723,7927,45.46636,8.50083,31816.1,7.0,10.0,45.8,-49.5,1.2,-1.0,RS41-SG,404.900,6.9,250,9,2.5,,
2026-03-22T12:46:07.004Z,X1423723,7932,45.46668,8.50127,31847.6,7.0,13.0,42.4,-49.9,1.2,-1.0,RS41-SG,404.900,8.0,250,9,2.5,,
2026-03-22T12:46:08.004Z,X1423723,7933,45.46677,8.50139,31854.5,6.7,14.8,42.3,-50.0,1.2,-1.0,RS41-SG,404.900,9.2,250,9,2.5,,
2026-03-22T12:46:09.004Z,X1423723,7934,45.46687,8.50152,31860.5,5.3,15.8,42.1,-50.1,1.2,-1.0,RS41-SG,404.900,9.3,250,8,2.6,,
2026-03-22T12:46:10.004Z,X1423723,7935,45.46697,8.50165,31866.1,5.6,16.0,42.9,-50.3,1.2,-1.0,RS41-SG,404.900,9.3,250,8,2.6,,
2026-03-22T12:46:11.004Z,X1423723,7936,45.46707,8.50179,31872.3,6.9,14.9,44.7,-50.3,1.2,-1.0,RS41-SG,404.900,8.5,250,9,2.5,,
2026-03-22T12:46:12.004Z,X1423723,7937,45.46716,8.50192,31879.7,7.6,13.0,48.0,-50.2,1.2,-1.0,RS41-SG,404.900,8.5,250,9,2.5,,
2026-03-22T12:46:13.004Z,X1423723,7938,45.46723,8.50204,31886.6,6.1,11.4,51.8,-50.1,1.2,-1.0,RS41-SG,404.900,8.1,250,9,2.5,,
2026-03-22T12:46:15.004Z,X1423723,7940,45.46734,8.50226,31897.6,5.9,10.2,56.7,-49.9,1.2,-1.0,RS41,404.900,7.3,250,9,2.6,,
2026-03-22T12:46:16.004Z,X1423723,7941,45.46739,8.50237,31904.1,7.2,11.4,56.1,-50.0,1.2,-1.0,RS41,404.900,7.5,250,9,2.5,,
2026-03-22T12:46:17.004Z,X1423723,7942,45.46746,8.50250,31911.2,6.8,13.2,54.6,-50.1,1.2,-1.0,RS41,404.900,7.8,250,9,2.5,,
2026-03-22T12:46:18.004Z,X1423723,7943,45.46753,8.50264,31917.5,5.6,14.9,53.5,-50.2,1.2,-1.0,RS41,404.900,7.8,250,9,2.5,,
2026-03-22T12:46:19.004Z,X1423723,7944,45.46762,8.50280,31923.1,5.9,16.1,52.6,-50.2,1.2,-1.0,RS41,404.900,8.6,250,9,2.6,,
2026-03-22T12:46:20.004Z,X1423723,7945,45.46770,8.50297,31929.7,7.2,16.4,51.7,-50.1,1.2,-1.0,RS41,404.900,8.6,250,9,2.6,,
2026-03-22T12:46:21.004Z,X1423723,7946,45.46779,8.50313,31936.9,7.1,16.0,51.4,-50.0,1.2,-1.0,RS41,404.900,7.6,250,9,2.5,,
2026-03-22T12:46:24.004Z,X1423723,7949,45.46805,8.50359,31955.1,6.2,15.2,52.6,-49.8,1.2,-1.0,RS41,404.900,8.3,250,9,2.6,,
2026-03-22T12:46:25.004Z,X1423723,7950,45.46813,8.50375,31961.8,6.9,15.7,54.2,-49.9,1.2,-1.0,RS41,404.900,9.2,250,9,2.6,,
2026-03-22T12:46:26.004Z,X1423723,7951,45.46821,8.50391,31968.5,6.3,16.0,56.0,-50.1,1.2,-1.0,RS41,404.900,9.2,250,9,2.5,,
2026-03-22T12:46:27.004Z,X1423723,7952,45.46829,8.50408,31974.8,6.2,15.7,58.6,-50.1,1.2,-1.0,RS41,404.900,9.4,250,9,2.5,,
2026-03-22T12:46:28.004Z,X1423723,7953,45.46836,8.50425,31981.2,6.9,14.7,61.8,-50.1,1.2,-1.0,RS41,404.900,9.4,250,9,2.5,,
2026-03-22T12:46:29.004Z,X1423723,7954,45.46842,8.50441,31988.2,7.0,13.3,65.2,-50.0,1.2,-1.0,RS41,404.900,9.2,250,9,2.6,,
2026-03-22T12:46:30.004Z,X1423723,7955,45.46846,8.50456,31994.4,5.3,12.4,67.6,-50.0,1.2,-1.0,RS41,404.900,9.2,250,9,2.6,,
2026-03-22T12:46:31.004Z,X1423723,7956,45.46850,8.50470,31999.9,5.7,12.0,68.3,-50.0,1.2,-1.0,RS41,404.900,9.3,250,9,2.5,,
2026-03-22T12:46:32.004Z,X1423723,7957,45.46855,8.50485,32006.2,7.1,12.6,66.1,-50.1,1.2,-1.0,RS41,404.900,9.3,250,9,2.5,,
2026-03-22T12:46:33.004Z,X1423723,7958,45.46860,8.50500,32013.3,7.3,14.3,62.8,-50.1,1.2,-1.0,RS41,404.900,9.0,250,9,2.5,,
2026-03-22T12:46:34.004Z,X1423723,7959,45.46866,8.50517,32019.6,5.3,15.6,60.5,-50.1,1.2,-1.0,RS41,404.900,8.7,250,9,2.6,,
2026-03-22T12:46:35.004Z,X1423723,7960,45.46873,8.50534,32025.0,5.2,16.6,58.3,-50.0,1.2,-1.0,RS41,404.900,8.7,250,9,2.6,,
2026-03-22T12:46:36.004Z,X1423723,7961,45.46881,8.50552,32030.8,6.5,16.8,56.9,-50.1,1.2,-1.0,RS41,404.900,9.7,250,9,2.5,,
2026-03-22T12:46:44.004Z,X1423723,7969,45.46930,8.50685,32082.1,7.0,14.2,71.0,-50.4,1.3,-1.0,RS41,404.900,8.2,250,9,2.5,,
2026-03-22T12:46:45.004Z,X1423723,7970,45.46934,8.50701,32089.1,7.0,13.3,73.4,-50.5,1.3,-1.0,RS41,404.900,8.2,250,9,2.5,,
2026-03-22T12:46:46.004Z,X1423723,7971,45.46937,8.50717,32095.6,5.8,12.6,74.0,-50.5,1.3,-1.0,RS41,404.900,7.9,250,9,2.6,,
2026-03-22T12:46:47.004Z,X1423723,7972,45.46941,8.50733,32101.3,5.9,12.5,70.9,-50.6,1.3,-1.0,RS41,404.900,8.0,250,9,2.6,,
2026-03-22T12:46:49.004Z,X1423723,7974,45.46951,8.50763,32114.2,6.8,14.7,59.0,-50.7,1.3,-1.0,RS41,404.900,8.2,250,9,2.5,,
2026-03-22T12:46:50.004Z,X1423723,7975,45.46959,8.50780,32120.9,6.5,16.3,55.1,-50.6,1.2,-1.0,RS41,404.900,8.6,250,9,2.5,,
2026-03-22T12:46:52.004Z,X1423723,7977,45.46976,8.50814,32132.5,6.5,17.2,54.2,-50.7,1.3,-1.0,RS41,404.900,8.6,250,9,2.6,,
2026-03-22T12:46:53.004Z,X1423723,7978,45.46985,8.50832,32139.5,7.5,16.2,58.9,-50.7,1.3,-1.0,RS41,404.900,9.2,250,9,2.5,,
2026-03-22T12:46:54.004Z,X1423723,7979,45.46991,8.50850,32147.2,7.6,15.1,67.1,-50.8,1.3,-1.0,RS41,404.900,9.2,250,9,2.5,,
2026-03-22T12:46:55.004Z,X1423723,7980,45.46995,8.50868,32153.8,5.6,14.4,75.9,-50.8,1.3,-1.0,RS41,404.900,8.7,250,9,2.5,,
2026-03-22T12:46:57.004Z,X1423723,7982,45.46998,8.50904,32163.3,4.7,14.9,89.2,-50.9,1.3,-1.0,RS41,404.900,9.4,250,9,2.6,,
2026-03-22T12:46:59.004Z,X1423723,7984,45.46999,8.50944,32174.6,6.9,16.4,85.2,-51.1,1.3,-1.0,RS41,404.900,7.6,250,8,2.5,,
2026-03-22T12:47:02.004Z,X1423723,7987,45.47009,8.51007,32193.5,6.0,16.8,71.1,-51.2,1.3,-1.0,RS41,404.900,8.1,250,8,2.6,,
2026-03-22T12:47:03.004Z,X1423723,7988,45.47014,8.51026,32199.6,6.9,15.8,68.9,-51.2,1.3,-1.0,RS41,404.900,8.1,250,9,2.5,,
2026-03-22T12:47:04.004Z,X1423723,7989,45.47019,8.51044,32206.3,6.6,14.7,68.9,-51.2,1.3,-1.0,RS41,404.900,8.3,250,9,2.5,,
2026-03-22T12:47:05.004Z,X1423723,7990,45.47023,8.51061,32212.2,5.3,13.8,70.4,-51.2,1.3,-1.0,RS41,404.900,8.4,250,9,2.5,,
2026-03-22T12:47:06.004Z,X1423723,7991,45.47027,8.51077,32217.6,5.5,13.3,72.1,-51.2,1.3,-1.0,RS41-SG,404.900,9.0,250,9,2.6,,
2026-03-22T12:47:07.004Z,X1423723,7992,45.47031,8.51094,32223.6,6.7,13.7,73.3,-51.3,1.4,-1.0,RS41-SG,404.900,9.0,250,9,2.6,,
2026-03-22T12:47:08.004Z,X1423723,7993,45.47034,8.51111,32230.4,6.7,14.4,74.4,-51.3,1.3,-1.0,RS41-SG,404.900,8.3,250,9,2.6,,
2026-03-22T12:47:09.004Z,X1423723,7994,45.47038,8.51129,32236.5,5.6,15.4,76.7,-51.3,1.3,-1.0,RS41-SG,404.900,8.5,250,9,2.5,,
2026-03-22T12:47:10.004Z,X1423723,7995,45.47040,8.51149,32242.2,5.8,16.0,81.5,-51.3,1.4,-1.0,RS41-SG,404.900,8.5,250,8,2.5,,
2026-03-22T12:47:13.004Z,X1423723,7998,45.47039,8.51213,32260.3,5.2,17.5,99.1,-51.4,1.3,-1.0,RS41-SG,404.900,7.3,250,9,2.6,,
2026-03-22T12:47:15.004Z,X1423723,8000,45.47034,8.51257,32271.9,6.4,17.9,97.6,-51.4,1.3,-1.0,RS41-SG,404.900,9.2,250,9,2.5,,
2026-03-22T12:47:16.004Z,X1423723,8001,45.47032,8.51280,32278.1,5.7,17.9,93.2,-51.4,1.3,-1.0,RS41-SG,404.900,9.2,250,9,2.5,,
2026-03-22T12:47:17.004Z,X1423723,8002,45.47032,8.51303,32283.4,5.0,18.0,88.9,-51.3,1.3,-1.0,RS41-SG,404.900,9.0,250,9,2.5,,
2026-03-22T12:47:18.004Z,X1423723,8003,45.47033,8.51325,32288.4,5.0,17.9,86.0,-51.3,1.3,-1.0,RS41-SG,404.900,9.0,250,9,2.6,,
2026-03-22T12:47:21.004Z,X1423723,8006,45.47034,8.51391,32305.9,6.4,16.3,94.6,-51.2,1.3,-1.0,RS41-SG,404.900,7.7,250,9,2.5,,
2026-03-22T12:47:22.004Z,X1423723,8007,45.47032,8.51411,32312.3,6.5,16.0,101.1,-51.2,1.3,-1.0,RS41-SG,404.900,7.5,250,9,2.5,,
2026-03-22T12:47:23.004Z,X1423723,8008,45.47029,8.51431,32318.7,6.2,15.5,107.1,-51.2,1.3,-1.0,RS41-SG,404.900,7.1,250,9,2.6,,
2026-03-22T12:47:24.004Z,X1423723,8009,45.47024,8.51449,32324.6,5.5,15.2,112.9,-51.2,1.3,-1.0,RS41-SG,404.900,9.6,250,9,2.6,,
2026-03-22T12:47:25.004Z,X1423723,8010,45.47018,8.51466,32329.5,4.4,14.7,116.9,-51.2,1.3,-1.0,RS41-SG,404.900,9.6,250,9,2.6,,
2026-03-22T12:47:26.004Z,X1423723,8011,45.47012,8.51482,32334.1,5.0,13.9,119.5,-51.2,1.3,-1.0,RS41-SG,404.900,9.7,250,9,2.5,,
2026-03-22T12:47:27.004Z,X1423723,8012,45.47006,8.51497,32339.7,6.0,12.8,119.9,-51.2,1.3,-1.0,RS41-SG,404.900,9.7,250,9,2.5,,
2026-03-22T12:47:28.004Z,X1423723,8013,45.47001,8.51511,32346.1,6.8,12.0,117.4,-51.1,1.3,-1.0,RS41-SG,404.900,7.8,250,9,2.5,,
2026-03-22T12:47:36.004Z,X1423723,8021,45.46974,8.51671,32265.5,-36.7,22.7,96.0,-51.3,1.3,-1.0,RS41-SG,404.900,7.2,250,9,2.6,,
2026-03-22T12:47:37.004Z,X1423723,8022,45.46972,8.51700,32225.6,-43.1,23.1,94.7,-51.3,1.2,-1.0,RS41-SG,404.900,8.3,250,9,2.5,,
2026-03-22T12:47:38.004Z,X1423723,8023,45.46971,8.51729,32179.5,-49.3,23.1,93.5,-51.0,1.2,-1.0,RS41-SG,404.900,8.5,250,9,2.5,,
2026-03-22T12:47:39.004Z,X1423723,8024,45.46970,8.51758,32126.9,-55.9,22.5,92.0,-50.6,1.1,-1.0,RS41-SG,404.900,8.5,250,9,2.5,,
2026-03-22T12:47:41.004Z,X1423723,8026,45.46970,8.51814,32011.3,-51.5,21.5,81.6,-49.8,1.0,-1.0,RS41-SG,404.900,8.0,250,9,2.6,,
2026-03-22T12:47:42.004Z,X1423723,8027,45.46973,8.51841,31957.4,-56.3,20.5,82.4,-49.6,1.0,-1.0,RS41-SG,404.900,8.0,250,9,2.6,,
2026-03-22T12:47:43.004Z,X1423723,8028,45.46977,8.51863,31907.8,-42.4,15.5,69.5,-49.7,1.0,-1.0,RS41-SG,404.900,8.1,250,9,2.5,,
2026-03-22T12:47:44.004Z,X1423723,8029,45.46982,8.51877,31869.1,-35.9,11.5,50.8,-50.0,1.0,-1.0,RS41-SG,404.900,8.1,250,8,2.5,,
2026-03-22T12:47:46.004Z,X1423723,8031,45.46993,8.51890,31803.1,-32.2,5.1,11.6,-50.0,1.0,-1.0,RS41-SG,404.900,7.6,250,9,2.5,,
2026-03-22T12:47:47.004Z,X1423723,8032,45.46997,8.51890,31771.4,-31.4,3.6,343.6,-49.9,1.0,-1.0,RS41-SG,404.900,7.9,250,9,2.6,,
2026-03-22T12:47:48.004Z,X1423723,8033,45.47000,8.51887,31741.1,-30.4,3.7,298.7,-50.1,1.0,-1.0,RS41-SG,404.900,7.9,250,8,2.6,,
2026-03-22T12:47:49.004Z,X1423723,8034,45.47000,8.51882,31710.3,-30.8,4.1,259.6,-50.3,1.1,-1.0,RS41-SG,404.900,7.8,250,8,2.5,,
2026-03-22T12:48:22.004Z,X1423723,8067,45.47152,8.52028,30762.4,-28.0,21.9,20.3,-56.1,1.5,-1.0,RS41-SG,404.900,7.2,250,9,2.6,,
2026-03-22T12:48:42.004Z,X1423723,8087,45.47279,8.52009,30214.2,-27.1,21.6,347.2,-55.6,1.4,-1.0,RS41-SG,404.900,6.5,250,9,2.5,,
2026-03-22T12:48:58.004Z,X1423723,8103,45.47294,8.51915,29795.8,-26.2,15.6,37.2,-57.4,1.6,-1.0,RS41-SG,404.900,7.5,250,8,2.6,,
2026-03-22T12:48:59.004Z,X1423723,8104,45.47306,8.51925,29769.5,-26.0,16.4,21.0,-57.3,1.5,-1.0,RS41-SG,404.900,7.5,250,9,2.5,,
2026-03-22T12:49:18.004Z,X1423723,8123,45.47328,8.51807,29292.9,-23.9,11.4,7.2,-56.8,1.5,-1.0,RS41-SG,404.900,8.0,250,9,2.5,,
2026-03-22T12:50:35.004Z,X1423723,8200,45.47313,8.51765,27560.4,-21.8,17.8,15.5,-54.7,1.2,-1.0,RS41-SG,404.900,7.3,250,8,2.6,,
2026-03-22T12:50:51.004Z,X1423723,8216,45.47336,8.51744,27224.6,-20.3,12.4,64.9,-55.0,1.3,-1.0,RS41-SG,404.900,7.5,250,9,2.5,,
2026-03-22T12:50:52.004Z,X1423723,8217,45.47342,8.51756,27204.3,-20.3,12.7,43.0,-55.0,1.3,-1.0,RS41-SG,404.900,8.2,250,9,2.5,,
2026-03-22T12:50:53.004Z,X1423723,8218,45.47352,8.51765,27184.2,-20.0,13.1,23.4,-55.1,1.3,-1.0,RS41-SG,404.900,8.2,250,8,2.5,,
2026-03-22T12:50:54.004Z,X1423723,8219,45.47363,8.51769,27164.1,-20.2,13.9,7.4,-55.2,1.3,-1.0,RS41-SG,404.900,8.2,250,8,2.6,,
2026-03-22T12:50:57.004Z,X1423723,8222,45.47399,8.51750,27100.9,-20.7,15.9,317.5,-56.0,1.4,-1.0,RS41-SG,404.900,7.7,250,8,2.5,,
2026-03-22T12:51:09.004Z,X1423723,8234,45.47339,8.51637,26855.9,-19.5,10.1,121.0,-55.9,1.3,-1.0,RS41-SG,404.900,8.2,250,9,2.6,,
2026-03-22T12:51:10.004Z,X1423723,8235,45.47337,8.51648,26836.9,-19.7,8.4,96.8,-55.8,1.3,-1.0,RS41-SG,404.900,8.2,250,8,2.6,,
2026-03-22T12:51:11.004Z,X1423723,8236,45.47338,8.51658,26817.6,-19.4,7.7,69.3,-55.8,1.3,-1.0,RS41-SG,404.900,7.8,250,8,2.5,,
2026-03-22T12:51:12.004Z,X1423723,8237,45.47341,8.51666,26798.0,-19.6,8.4,43.5,-55.7,1.3,-1.0,RS41-SG,404.900,7.5,250,9,2.5,,
2026-03-22T12:51:14.004Z,X1423723,8239,45.47357,8.51671,26758.6,-20.4,10.0,350.8,-55.6,1.3,-1.0,RS41-SG,404.900,7.8,250,8,2.6,,
2026-03-22T12:51:15.004Z,X1423723,8240,45.47365,8.51667,26738.5,-20.0,10.8,333.4,-55.5,1.3,-1.0,RS41-SG,404.900,7.8,250,9,2.6,,
2026-03-22T12:51:32.004Z,X1423723,8257,45.47292,8.51609,26413.2,-18.9,7.9,25.7,-55.4,1.3,-1.0,RS41-SG,404.900,8.0,250,8,2.5,,
2026-03-22T12:51:34.004Z,X1423723,8259,45.47307,8.51607,26374.6,-19.2,11.3,337.2,-55.8,1.4,-1.0,RS41-SG,404.900,8.5,250,8,2.6,,
2026-03-22T12:51:35.004Z,X1423723,8260,45.47316,8.51599,26354.6,-20.2,13.2,317.0,-56.0,1.4,-1.0,RS41-SG,404.900,8.5,250,9,2.6,,
2026-03-22T12:51:36.004Z,X1423723,8261,45.47324,8.51585,26334.9,-18.9,15.4,305.0,-56.1,1.5,-1.0,RS41-SG,404.900,8.4,250,8,2.5,,
2026-03-22T12:51:52.004Z,X1423723,8277,45.47299,8.51426,26033.9,-18.8,12.2,340.6,-55.8,1.3,-1.0,RS41-SG,404.900,6.9,250,9,2.5,,
2026-03-22T12:52:07.004Z,X1423723,8292,45.47274,8.51271,25760.5,-18.2,6.9,125.8,-56.5,1.4,-1.0,RS41-SG,404.900,7.9,250,10,2.5,,
2026-03-22T12:52:08.004Z,X1423723,8293,45.47271,8.51278,25742.5,-17.9,5.8,99.8,-56.6,1.5,-1.0,RS41-SG,404.900,7.9,250,10,2.5,,
2026-03-22T12:52:09.004Z,X1423723,8294,45.47272,8.51285,25724.9,-17.8,5.2,58.0,-56.7,1.4,-1.0,RS41-SG,404.900,7.7,250,9,2.6,,
2026-03-22T12:52:10.004Z,X1423723,8295,45.47277,8.51288,25707.5,-18.0,6.4,13.9,-56.8,1.4,-1.0,RS41-SG,404.900,9.3,250,10,2.6,,
2026-03-22T12:52:14.004Z,X1423723,8299,45.47309,8.51255,25637.3,-18.1,17.3,299.0,-56.6,1.4,-1.0,RS41-SG,404.900,7.6,250,10,2.6,,
2026-03-22T12:52:15.004Z,X1423723,8300,45.47315,8.51234,25619.4,-18.1,18.8,288.5,-56.6,1.4,-1.0,RS41-SG,404.900,8.1,250,10,2.6,,
2026-03-22T12:52:24.004Z,X1423723,8309,45.47267,8.51092,25458.3,-17.9,8.3,163.4,-57.4,1.4,-1.0,RS41-SG,404.900,7.2,250,10,2.6,,
2026-03-22T12:52:26.004Z,X1423723,8311,45.47259,8.51106,25423.3,-18.6,7.2,103.1,-57.3,1.5,-1.0,RS41-SG,404.900,6.9,250,9,2.5,,
2026-03-22T12:52:28.004Z,X1423723,8313,45.47262,8.51122,25386.6,-17.8,7.3,40.7,-57.2,1.4,-1.0,RS41-SG,404.900,7.7,250,10,2.5,08:25:33,
2026-03-22T12:52:29.004Z,X1423723,8314,45.47268,8.51126,25368.7,-17.7,8.3,16.9,-57.2,1.5,-1.0,RS41-SG,404.900,7.7,250,10,2.6,08:25:33,
2026-03-22T12:52:30.004Z,X1423723,8315,45.47276,8.51127,25350.7,-17.6,9.6,356.5,-57.2,1.5,-1.0,RS41-SG,404.900,7.3,250,10,2.6,08:25:33,
2026-03-22T12:52:34.004Z,X1423723,8319,45.47310,8.51080,25282.9,-17.2,18.3,293.7,-57.5,1.5,-1.0,RS41-SG,404.900,7.7,250,9,2.6,08:25:33,
2026-03-22T12:52:36.004Z,X1423723,8321,45.47315,8.51030,25247.9,-17.6,21.6,268.0,-57.7,1.5,-1.0,RS41-SG,404.900,7.4,250,8,2.5,08:25:33,
2026-03-22T12:52:44.004Z,X1423723,8329,45.47227,8.50885,25107.5,-16.8,14.8,181.3,-58.0,1.5,-1.0,RS41-SG,404.900,7.1,250,9,2.6,08:25:33,
2026-03-22T12:52:50.004Z,X1423723,8335,45.47205,8.50912,25004.8,-17.2,5.8,8.0,-57.7,1.5,-1.0,RS41-SG,404.900,7.7,250,10,2.6,08:25:33,
2026-03-22T12:52:51.004Z,X1423723,8336,45.47211,8.50911,24987.9,-17.0,7.8,346.7,-57.6,1.5,-1.0,RS41-SG,404.900,8.3,250,9,2.5,08:25:33,
2026-03-22T12:52:52.004Z,X1423723,8337,45.47217,8.50906,24970.8,-17.3,9.5,323.4,-57.7,1.5,-1.0,RS41-SG,404.900,8.6,250,10,2.5,08:25:33,
2026-03-22T12:53:06.004Z,X1423723,8351,45.47142,8.50821,24739.0,-16.3,11.9,100.6,-57.8,1.5,-1.0,RS41-SG,404.900,6.4,250,10,2.5,08:25:33,
2026-03-22T12:53:10.004Z,X1423723,8355,45.47158,8.50867,24669.6,-17.2,11.1,25.0,-58.1,1.5,-1.0,RS41-SG,404.900,7.8,250,10,2.6,08:25:33,
2026-03-22T12:53:32.004Z,X1423723,8377,45.47191,8.50821,24317.7,-15.9,15.1,340.1,-59.1,1.6,-1.0,RS41-SG,404.900,7.3,250,10,2.5,08:25:33,
