timestamp,serial,frame,lat,lon,alt,vel_v,vel_h,heading,temp,humidity,pressure,type,freq_mhz,snr,f_error_hz,sats,batt_v,burst_timer,aux_data
2026-06-21T12:26:30.004Z,X1423757,6726,45.34119,8.64706,24001.5,4.3,6.1,292.1,-273.0,-1.0,-1.0,RS41,404.900,7.0,250,11,2.6,,
2026-06-21T12:26:40.004Z,X1423757,6736,45.34148,8.64636,24056.2,4.3,4.0,304.5,-273.0,-1.0,-1.0,RS41,404.900,7.2,250,11,2.7,,
2026-06-21T12:26:43.004Z,X1423757,6739,45.34152,8.64625,24072.4,5.4,3.2,274.5,-273.0,-1.0,-1.0,RS41,404.900,6.2,250,11,2.6,,
2026-06-21T12:26:45.004Z,X1423757,6741,45.34152,8.64616,24083.7,6.2,3.6,279.8,-273.0,-1.0,-1.0,RS41,404.900,7.1,250,11,2.7,,
2026-06-21T12:26:48.004Z,X1423757,6744,45.34156,8.64601,24099.7,5.5,5.0,292.7,-273.0,-1.0,-1.0,RS41,404.900,6.8,250,11,2.6,,
2026-06-21T12:26:50.004Z,X1423757,6746,45.34159,8.64587,24110.9,4.9,6.7,282.0,-273.0,-1.0,-1.0,RS41,404.900,7.2,250,11,2.6,,
2026-06-21T12:26:51.004Z,X1423757,6747,45.34160,8.64578,24115.7,4.8,7.0,280.2,-273.0,-1.0,-1.0,RS41,404.900,7.2,250,11,2.7,,
2026-06-21T12:26:52.004Z,X1423757,6748,45.34161,8.64570,24121.0,5.7,6.9,283.4,-273.0,-1.0,-1.0,RS41,404.900,6.9,250,11,2.7,,
2026-06-21T12:26:54.004Z,X1423757,6750,45.34165,8.64554,24132.0,5.1,6.0,293.3,-273.0,-1.0,-1.0,RS41,404.900,6.6,250,11,2.6,,
2026-06-21T12:26:55.004Z,X1423757,6751,45.34167,8.64548,24137.6,6.0,5.6,289.6,-273.0,-1.0,-1.0,RS41,404.900,6.6,250,11,2.6,,
2026-06-21T12:26:57.004Z,X1423757,6753,45.34169,8.64534,24149.1,4.3,5.4,268.6,-273.0,-1.0,-1.0,RS41,404.900,7.0,250,11,2.7,,
2026-06-21T12:26:58.004Z,X1423757,6754,45.34168,8.64527,24153.7,4.9,5.2,259.1,-273.0,-1.0,-1.0,RS41,404.900,6.7,250,11,2.7,,
2026-06-21T12:27:06.004Z,X1423757,6762,45.34172,8.64475,24199.3,5.5,6.8,300.3,-273.0,-1.0,-1.0,RS41,404.900,6.8,250,11,2.6,,
2026-06-21T12:27:08.004Z,X1423757,6764,45.34179,8.64461,24209.7,5.9,6.9,302.0,-273.0,-1.0,-1.0,RS41,404.900,8.0,250,11,2.6,,
2026-06-21T12:27:12.004Z,X1423757,6768,45.34186,8.64428,24233.6,6.4,6.1,268.9,-273.0,-1.0,-1.0,RS41,404.900,7.3,250,11,2.6,,
2026-06-21T12:27:13.004Z,X1423757,6769,45.34185,8.64421,24239.2,4.7,5.5,262.9,-273.0,-1.0,-1.0,RS41,404.900,8.2,250,11,2.6,,
2026-06-21T12:27:14.004Z,X1423757,6770,45.34185,8.64414,24244.3,5.5,5.5,257.0,-273.0,-1.0,-1.0,RS41,404.900,8.2,250,11,2.7,,
2026-06-21T12:27:15.004Z,X1423757,6771,45.34183,8.64406,24250.4,6.7,6.4,255.7,-273.0,-1.0,-1.0,RS41,404.900,8.1,250,11,2.7,,
2026-06-21T12:27:16.004Z,X1423757,6772,45.34182,8.64398,24256.2,4.9,7.3,257.8,-273.0,-1.0,-1.0,RS41,404.900,7.9,250,11,2.7,,
2026-06-21T12:27:17.004Z,X1423757,6773,45.34181,8.64388,24261.2,5.0,7.9,260.6,-273.0,-1.0,-1.0,RS41,404.900,7.7,250,11,2.6,,
2026-06-21T12:27:18.004Z,X1423757,6774,45.34180,8.64378,24266.7,6.0,7.8,265.5,-273.0,-1.0,-1.0,RS41,404.900,8.2,250,11,2.6,,
2026-06-21T12:27:19.004Z,X1423757,6775,45.34179,8.64369,24272.8,6.1,7.3,268.8,-273.0,-1.0,-1.0,RS41,404.900,8.2,250,11,2.6,,
2026-06-21T12:27:24.004Z,X1423757,6780,45.34179,8.64317,24301.1,4.5,9.8,264.9,-273.0,-1.0,-1.0,RS41,404.900,7.8,250,11,2.6,,
2026-06-21T12:27:25.004Z,X1423757,6781,45.34178,8.64304,24306.0,5.4,9.5,261.7,-273.0,-1.0,-1.0,RS41,404.900,8.3,250,11,2.6,,
2026-06-21T12:27:26.004Z,X1423757,6782,45.34177,8.64293,24312.0,6.6,8.4,259.3,-273.0,-1.0,-1.0,RS41,404.900,8.3,250,11,2.6,,
2026-06-21T12:27:27.004Z,X1423757,6783,45.34175,8.64283,24317.8,4.8,7.4,257.4,-273.0,-1.0,-1.0,RS41,404.900,8.1,250,11,2.7,,
2026-06-21T12:27:28.004Z,X1423757,6784,45.34174,8.64274,24322.9,5.4,6.9,255.1,-273.0,-1.0,-1.0,RS41,404.900,8.1,250,11,2.7,,
2026-06-21T12:27:29.004Z,X1423757,6785,45.34172,8.64266,24328.9,6.6,7.2,254.6,-273.0,-1.0,-1.0,RS41,404.900,7.4,250,11,2.6,,
2026-06-21T12:27:30.004Z,X1423757,6786,45.34171,8.64256,24334.9,5.1,8.0,255.3,-273.0,-1.0,-1.0,RS41,404.900,7.4,250,11,2.6,,
2026-06-21T12:27:31.004Z,X1423757,6787,45.34169,8.64246,24340.2,5.4,8.6,256.3,-273.0,-1.0,-1.0,RS41,404.900,7.4,250,11,2.6,,
2026-06-21T12:27:34.004Z,X1423757,6790,45.34164,8.64214,24357.6,6.0,8.9,260.0,-273.0,-1.0,-1.0,RS41,404.900,7.7,250,11,2.7,,
2026-06-21T12:27:35.004Z,X1423757,6791,45.34162,8.64202,24363.8,6.4,9.9,260.6,-273.0,-1.0,-1.0,RS41,404.900,7.9,250,11,2.6,,
2026-06-21T12:27:36.004Z,X1423757,6792,45.34161,8.64189,24369.8,5.5,11.0,260.2,-273.0,-1.0,-1.0,RS41,404.900,7.9,250,11,2.6,,
2026-06-21T12:27:37.004Z,X1423757,6793,45.34159,8.64175,24374.8,4.7,11.5,259.0,-273.0,-1.0,-1.0,RS41,404.900,7.7,250,11,2.6,,
2026-06-21T12:27:38.004Z,X1423757,6794,45.34157,8.64161,24379.9,5.4,11.4,256.9,-273.0,-1.0,-1.0,RS41,404.900,7.7,250,11,2.6,,
2026-06-21T12:27:39.004Z,X1423757,6795,45.34154,8.64147,24385.9,6.5,10.5,254.5,-273.0,-1.0,-1.0,RS41,404.900,8.1,250,11,2.7,,
2026-06-21T12:27:40.004Z,X1423757,6796,45.34152,8.64135,24391.8,5.2,9.9,253.1,-273.0,-1.0,-1.0,RS41,404.900,8.2,250,11,2.7,,
2026-06-21T12:27:41.004Z,X1423757,6797,45.34149,8.64123,24397.4,6.0,9.9,253.0,-273.0,-1.0,-1.0,RS41,404.900,8.2,250,11,2.7,,
2026-06-21T12:27:42.004Z,X1423757,6798,45.34147,8.64110,24404.0,7.0,10.6,255.8,-273.0,-1.0,-1.0,RS41,404.900,8.3,250,11,2.6,,
2026-06-21T12:27:43.004Z,X1423757,6799,45.34145,8.64097,24409.9,5.0,11.5,258.0,-273.0,-1.0,-1.0,RS41,404.900,8.3,250,11,2.6,,
2026-06-21T12:27:44.004Z,X1423757,6800,45.34143,8.64082,24415.0,5.0,12.1,260.0,-273.0,-1.0,-1.0,RS41,404.900,7.3,250,11,2.6,,
2026-06-21T12:27:45.004Z,X1423757,6801,45.34141,8.64067,24420.5,5.9,12.2,261.7,-273.0,-1.0,-1.0,RS41,404.900,7.6,250,11,2.7,,
2026-06-21T12:27:46.004Z,X1423757,6802,45.34139,8.64052,24426.8,6.5,11.8,263.4,-273.0,-1.0,-1.0,RS41,404.900,8.1,250,11,2.7,,
2026-06-21T12:27:47.004Z,X1423757,6803,45.34138,8.64037,24432.7,5.3,11.6,264.2,-273.0,-1.0,-1.0,RS41,404.900,8.3,250,11,2.6,,
2026-06-21T12:27:48.004Z,X1423757,6804,45.34137,8.64022,24438.1,5.7,12.1,265.7,-273.0,-1.0,-1.0,RS41,404.900,8.3,250,11,2.6,,
2026-06-21T12:27:50.004Z,X1423757,6806,45.34136,8.63989,24450.2,5.3,13.9,269.6,-273.0,-1.0,-1.0,RS41,404.900,7.0,250,11,2.7,,
2026-06-21T12:27:51.004Z,X1423757,6807,45.34137,8.63971,24455.7,5.5,14.3,271.5,-273.0,-1.0,-1.0,RS41,404.900,8.1,250,11,2.7,,
2026-06-21T12:27:52.004Z,X1423757,6808,45.34137,8.63953,24462.1,7.1,13.6,273.2,-273.0,-1.0,-1.0,RS41,404.900,8.2,250,11,2.7,,
2026-06-21T12:27:53.004Z,X1423757,6809,45.34138,8.63936,24468.4,5.6,12.6,273.8,-273.0,-1.0,-1.0,RS41,404.900,8.2,250,11,2.6,,
2026-06-21T12:27:54.004Z,X1423757,6810,45.34139,8.63921,24473.5,4.6,12.0,274.3,-273.0,-1.0,-1.0,RS41,404.900,7.8,250,11,2.6,,
2026-06-21T12:27:55.004Z,X1423757,6811,45.34140,8.63905,24478.7,5.8,12.2,276.1,-273.0,-1.0,-1.0,RS41,404.900,7.8,250,11,2.6,,
2026-06-21T12:27:56.004Z,X1423757,6812,45.34141,8.63890,24484.6,5.9,13.1,276.9,-273.0,-1.0,-1.0,RS41,404.900,7.6,250,11,2.6,,
2026-06-21T12:27:57.004Z,X1423757,6813,45.34142,8.63873,24490.2,5.4,13.9,278.1,-273.0,-1.0,-1.0,RS41,404.900,7.8,250,11,2.7,,
2026-06-21T12:27:58.004Z,X1423757,6814,45.34144,8.63855,24495.2,4.7,14.4,279.4,-273.0,-1.0,-1.0,RS41,404.900,7.8,250,11,2.7,,
2026-06-21T12:28:00.004Z,X1423757,6816,45.34149,8.63819,24505.9,6.3,13.8,282.3,-273.0,-1.0,-1.0,RS41,404.900,7.2,250,11,2.6,,
2026-06-21T12:28:01.004Z,X1423757,6817,45.34152,8.63803,24512.2,6.1,13.0,282.2,-273.0,-1.0,-1.0,RS41,404.900,7.6,250,11,2.6,,
2026-06-21T12:28:02.004Z,X1423757,6818,45.34154,8.63787,24517.5,4.5,12.5,279.2,-273.0,-1.0,-1.0,RS41-SG,404.900,7.6,250,11,2.6,,
2026-06-21T12:28:04.004Z,X1423757,6820,45.34155,8.63754,24528.6,6.4,13.9,269.0,-273.0,-1.0,-1.0,RS41-SG,404.900,6.9,250,11,2.7,,
2026-06-21T12:28:05.004Z,X1423757,6821,45.34155,8.63736,24534.3,4.9,14.7,267.1,-273.0,-1.0,-1.0,RS41-SG,404.900,7.1,250,11,2.6,,
2026-06-21T12:28:06.004Z,X1423757,6822,45.34154,8.63717,24539.7,5.7,15.1,266.7,-273.0,-1.0,-1.0,RS41-SG,404.900,7.1,250,11,2.6,,
2026-06-21T12:28:07.004Z,X1423757,6823,45.34154,8.63698,24546.0,6.8,14.6,268.3,-273.0,-1.0,-1.0,RS41-SG,404.900,7.1,250,11,2.6,,
2026-06-21T12:28:16.004Z,X1423757,6832,45.34177,8.63551,24596.5,5.4,11.8,284.9,-273.0,-1.0,-1.0,RS41-SG,404.900,7.0,250,11,2.7,,
2026-06-21T12:28:17.004Z,X1423757,6833,45.34180,8.63535,24602.4,6.2,12.7,281.5,-273.0,-1.0,-1.0,RS41-SG,404.900,7.0,250,11,2.7,,
2026-06-21T12:28:22.004Z,X1423757,6838,45.34190,8.63449,24629.2,4.9,12.8,282.6,-273.0,-1.0,-1.0,RS41-SG,404.900,6.1,250,11,2.7,,
2026-06-21T12:28:27.004Z,X1423757,6843,45.34212,8.63375,24655.2,4.7,13.4,297.2,-273.0,-1.0,-1.0,RS41-SG,404.900,6.5,250,11,2.7,,
2026-06-21T12:29:04.004Z,X1423757,6880,45.34291,8.62828,24848.5,4.5,11.8,271.9,-273.0,-1.0,-1.0,RS41-SG,404.900,6.5,250,11,2.7,,
2026-06-21T12:29:14.004Z,X1423757,6890,45.34293,8.62677,24899.0,4.3,12.6,279.8,-273.0,-1.0,-1.0,RS41-SG,404.900,6.9,250,10,2.6,,
2026-06-21T12:29:25.004Z,X1423757,6901,45.34308,8.62505,24950.7,3.9,11.6,277.0,-273.0,-1.0,-1.0,RS41-SG,404.900,7.2,250,10,2.6,,
2026-06-21T12:29:31.004Z,X1423757,6907,45.34330,8.62410,24978.2,5.2,13.8,293.6,-273.0,-1.0,-1.0,RS41-SG,404.900,7.7,250,10,2.6,,
2026-06-21T12:29:33.004Z,X1423757,6909,45.34339,8.62380,24986.6,4.1,12.8,291.6,-273.0,-1.0,-1.0,RS41-SG,404.900,7.8,250,10,2.7,,
2026-06-21T12:29:38.004Z,X1423757,6914,45.34355,8.62297,25010.4,5.5,12.7,278.0,-273.0,-1.0,-1.0,RS41-SG,404.900,6.6,250,10,2.7,,
2026-06-21T12:29:39.004Z,X1423757,6915,45.34356,8.62281,25015.4,4.4,11.7,278.7,-273.0,-1.0,-1.0,RS41-SG,404.900,6.6,250,10,2.7,,
2026-06-21T12:29:41.004Z,X1423757,6917,45.34360,8.62253,25023.9,4.9,11.4,283.8,-273.0,-1.0,-1.0,RS41-SG,404.900,6.8,250,10,2.6,,
2026-06-21T12:29:42.004Z,X1423757,6918,45.34363,8.62238,25028.8,4.7,12.3,287.2,-273.0,-1.0,-1.0,RS41-SG,404.900,7.0,250,10,2.6,,
2026-06-21T12:29:43.004Z,X1423757,6919,45.34367,8.62223,25033.0,3.7,13.2,290.8,-273.0,-1.0,-1.0,RS41-SG,404.900,7.1,250,10,2.6,,
2026-06-21T12:29:44.004Z,X1423757,6920,45.34371,8.62208,25037.3,4.8,13.4,295.3,-273.0,-1.0,-1.0,RS41-SG,404.900,7.1,250,10,2.7,,
2026-06-21T12:29:45.004Z,X1423757,6921,45.34377,8.62193,25042.1,5.0,12.9,298.7,-273.0,-1.0,-1.0,RS41-SG,404.900,7.5,250,10,2.7,,
2026-06-21T12:29:47.004Z,X1423757,6923,45.34387,8.62165,25050.1,4.1,11.6,296.2,-273.0,-1.0,-1.0,RS41-SG,404.900,7.2,250,10,2.6,,
2026-06-21T12:29:48.004Z,X1423757,6924,45.34391,8.62152,25055.0,5.5,11.3,288.5,-273.0,-1.0,-1.0,RS41-SG,404.900,7.3,250,10,2.6,,
2026-06-21T12:29:49.004Z,X1423757,6925,45.34394,8.62138,25060.2,4.8,11.5,280.6,-273.0,-1.0,-1.0,RS41-SG,404.900,7.3,250,10,2.7,,
2026-06-21T12:29:50.004Z,X1423757,6926,45.34395,8.62123,25064.6,4.0,11.6,274.7,-273.0,-1.0,-1.0,RS41-SG,404.900,7.7,250,10,2.7,,
2026-06-21T12:29:51.004Z,X1423757,6927,45.34395,8.62109,25068.7,4.4,11.3,271.2,-273.0,-1.0,-1.0,RS41-SG,404.900,8.4,250,10,2.7,,
2026-06-21T12:29:52.004Z,X1423757,6928,45.34396,8.62095,25073.7,5.5,10.4,269.9,-273.0,-1.0,-1.0,RS41-SG,404.900,8.4,250,10,2.6,,
2026-06-21T12:29:53.004Z,X1423757,6929,45.34396,8.62082,25078.4,4.0,9.8,270.6,-273.0,-1.0,-1.0,RS41-SG,404.900,7.9,250,10,2.6,,
2026-06-21T12:29:54.004Z,X1423757,6930,45.34396,8.62070,25082.3,3.8,9.6,272.9,-273.0,-1.0,-1.0,RS41-SG,404.900,7.9,250,10,2.6,,
2026-06-21T12:29:55.004Z,X1423757,6931,45.34397,8.62058,25086.7,4.8,10.2,276.7,-273.0,-1.0,-1.0,RS41-SG,404.900,7.7,250,10,2.6,,
2026-06-21T12:29:56.004Z,X1423757,6932,45.34398,8.62044,25091.8,5.6,11.4,279.6,-273.0,-1.0,-1.0,RS41-SG,404.900,8.3,250,10,2.7,,
2026-06-21T12:29:57.004Z,X1423757,6933,45.34400,8.62029,25096.9,4.6,12.2,282.6,-273.0,-1.0,-1.0,RS41-SG,404.900,8.3,250,10,2.7,,
2026-06-21T12:29:58.004Z,X1423757,6934,45.34403,8.62014,25101.5,4.7,12.5,286.3,-273.0,-1.0,-1.0,RS41-SG,404.900,8.4,250,10,2.7,,
2026-06-21T12:29:59.004Z,X1423757,6935,45.34406,8.61999,25106.6,5.5,12.0,290.2,-273.0,-1.0,-1.0,RS41-SG,404.900,8.4,250,10,2.6,,
2026-06-21T12:30:00.004Z,X1423757,6936,45.34410,8.61985,25111.5,4.2,11.3,293.0,-273.0,-1.0,-1.0,RS41-SG,404.900,8.4,250,10,2.6,,
2026-06-21T12:30:01.004Z,X1423757,6937,45.34414,8.61973,25115.3,3.3,10.8,294.5,-273.0,-1.0,-1.0,RS41-SG,404.900,8.5,250,10,2.6,,
2026-06-21T12:30:02.004Z,X1423757,6938,45.34418,8.61960,25119.0,4.3,10.7,293.6,-273.0,-1.0,-1.0,RS41-SG,404.900,8.5,250,10,2.7,,
2026-06-21T12:30:03.004Z,X1423757,6939,45.34422,8.61947,25123.8,5.4,11.1,290.0,-273.0,-1.0,-1.0,RS41-SG,404.900,8.8,250,10,2.7,,
2026-06-21T12:30:04.004Z,X1423757,6940,45.34425,8.61934,25128.7,4.4,11.5,287.3,-273.0,-1.0,-1.0,RS41-SG,404.900,8.8,250,10,2.6,,
2026-06-21T12:30:05.004Z,X1423757,6941,45.34428,8.61920,25133.2,4.7,11.4,286.6,-273.0,-1.0,-1.0,RS41-SG,404.900,8.5,250,10,2.6,,
2026-06-21T12:30:06.004Z,X1423757,6942,45.34431,8.61906,25138.3,5.5,10.8,289.0,-49.1,1.1,-1.0,RS41-SG,404.900,8.3,250,10,2.6,,
2026-06-21T12:30:07.004Z,X1423757,6943,45.34434,8.61894,25143.4,4.6,10.0,293.1,-49.1,1.1,-1.0,RS41-SG,404.900,9.4,250,10,2.7,,
2026-06-21T12:30:08.004Z,X1423757,6944,45.34438,8.61883,25147.7,4.0,9.6,296.5,-49.1,1.1,-1.0,RS41-SG,404.900,9.4,250,10,2.7,,
2026-06-21T12:30:09.004Z,X1423757,6945,45.34442,8.61872,25152.0,4.6,9.6,297.3,-49.1,1.1,-1.0,RS41-SG,404.900,8.5,250,10,2.7,,
2026-06-21T12:30:10.004Z,X1423757,6946,45.34445,8.61860,25156.7,5.0,10.1,292.8,-49.1,1.1,-1.0,RS41-SG,404.900,8.2,250,10,2.6,,
2026-06-21T12:30:11.004Z,X1423757,6947,45.34449,8.61848,25161.6,4.8,10.5,288.0,-49.0,1.1,-1.0,RS41-SG,404.900,8.3,250,10,2.6,,
2026-06-21T12:30:12.004Z,X1423757,6948,45.34451,8.61835,25166.1,4.3,10.7,281.8,-49.0,1.1,-1.0,RS41-SG,404.900,8.7,250,10,2.6,,
2026-06-21T12:30:13.004Z,X1423757,6949,45.34453,8.61822,25170.2,4.0,10.3,277.5,-48.9,1.1,-1.0,RS41-SG,404.900,8.8,250,10,2.6,,
2026-06-21T12:30:14.004Z,X1423757,6950,45.34454,8.61809,25174.5,4.6,9.4,273.5,-48.8,1.1,-1.0,RS41-SG,404.900,8.8,250,10,2.7,,
2026-06-21T12:30:15.004Z,X1423757,6951,45.34454,8.61798,25179.4,5.3,8.5,271.5,-48.8,1.1,-1.0,RS41-SG,404.900,8.7,250,10,2.7,,
2026-06-21T12:30:16.004Z,X1423757,6952,45.34454,8.61788,25184.2,4.3,8.0,271.8,-48.7,1.0,-1.0,RS41-SG,404.900,8.7,250,10,2.7,,
2026-06-21T12:30:17.004Z,X1423757,6953,45.34454,8.61777,25188.1,3.5,8.2,273.0,-48.5,1.0,-1.0,RS41-SG,404.900,8.7,250,10,2.6,,
2026-06-21T12:30:18.004Z,X1423757,6954,45.34455,8.61766,25192.0,4.4,9.4,274.0,-48.3,1.0,-1.0,RS41-SG,404.900,8.9,250,10,2.6,,
2026-06-21T12:30:19.004Z,X1423757,6955,45.34455,8.61753,25196.8,5.2,11.1,273.3,-48.2,1.0,-1.0,RS41-SG,404.900,8.9,250,10,2.6,,
2026-06-21T12:30:20.004Z,X1423757,6956,45.34456,8.61738,25201.3,3.9,12.3,272.2,-48.1,1.0,-1.0,RS41-SG,404.900,8.7,250,10,2.7,,
2026-06-21T12:30:21.004Z,X1423757,6957,45.34456,8.61722,25205.2,3.9,12.7,271.6,-48.0,1.0,-1.0,RS41-SG,404.900,8.7,250,10,2.7,,
2026-06-21T12:30:22.004Z,X1423757,6958,45.34457,8.61707,25209.7,5.1,12.2,270.9,-48.0,1.0,-1.0,RS41-SG,404.900,7.7,250,10,2.6,,
2026-06-21T12:30:23.004Z,X1423757,6959,45.34457,8.61692,25214.8,5.2,10.9,271.0,-48.0,1.0,-1.0,RS41-SG,404.900,7.2,250,10,2.6,,
2026-06-21T12:30:24.004Z,X1423757,6960,45.34457,8.61679,25219.1,3.3,9.9,271.1,-47.9,1.0,-1.0,RS41-SG,404.900,7.6,250,10,2.6,,
2026-06-21T12:30:25.004Z,X1423757,6961,45.34457,8.61667,25222.8,4.1,9.3,270.3,-47.9,1.0,-1.0,RS41-SG,404.900,8.7,250,10,2.7,,
2026-06-21T12:30:26.004Z,X1423757,6962,45.34457,8.61655,25227.6,5.6,9.5,270.0,-47.9,1.0,-1.0,RS41-SG,404.900,8.7,250,10,2.7,,
2026-06-21T12:30:27.004Z,X1423757,6963,45.34457,8.61642,25232.6,4.3,10.2,270.7,-47.9,1.0,-1.0,RS41-SG,404.900,8.0,250,10,2.7,,
2026-06-21T12:30:28.004Z,X1423757,6964,45.34457,8.61629,25236.8,4.1,10.8,273.0,-47.8,1.0,-1.0,RS41-SG,404.900,8.7,250,10,2.6,,
2026-06-21T12:30:29.004Z,X1423757,6965,45.34458,8.61615,25241.2,4.9,11.1,276.1,-47.8,1.0,-1.0,RS41-SG,404.900,8.7,250,10,2.6,,
2026-06-21T12:30:30.004Z,X1423757,6966,45.34460,8.61601,25246.2,4.9,11.0,279.2,-47.8,1.0,-1.0,RS41-SG,404.900,9.1,250,10,2.6,,
2026-06-21T12:30:31.004Z,X1423757,6967,45.34461,8.61587,25250.8,4.4,11.3,280.2,-47.7,1.0,-1.0,RS41-SG,404.900,9.1,250,10,2.7,,
2026-06-21T12:30:32.004Z,X1423757,6968,45.34463,8.61572,25255.7,5.3,12.3,280.4,-47.6,1.0,-1.0,RS41-SG,404.900,8.5,250,10,2.7,,
2026-06-21T12:30:33.004Z,X1423757,6969,45.34465,8.61556,25260.9,4.8,13.4,279.4,-47.6,1.0,-1.0,RS41-SG,404.900,8.7,250,10,2.6,,
2026-06-21T12:30:34.004Z,X1423757,6970,45.34467,8.61539,25265.1,3.8,14.2,278.5,-47.5,1.0,-1.0,RS41-SG,404.900,8.7,250,10,2.6,,
2026-06-21T12:30:35.004Z,X1423757,6971,45.34469,8.61521,25269.5,5.0,14.2,277.6,-47.4,1.0,-1.0,RS41-SG,404.900,7.6,250,10,2.6,,
2026-06-21T12:30:36.004Z,X1423757,6972,45.34470,8.61503,25274.7,5.6,13.3,276.1,-47.4,1.0,-1.0,RS41-SG,404.900,8.4,250,10,2.7,,
2026-06-21T12:30:37.004Z,X1423757,6973,45.34471,8.61487,25279.5,4.1,12.4,274.3,-47.4,1.0,-1.0,RS41-SG,404.900,8.4,250,10,2.7,,
2026-06-21T12:30:38.004Z,X1423757,6974,45.34472,8.61472,25283.5,4.0,11.8,269.8,-47.4,1.0,-1.0,RS41-SG,404.900,7.8,250,10,2.7,,
2026-06-21T12:30:39.004Z,X1423757,6975,45.34471,8.61457,25288.0,4.9,11.9,265.1,-47.3,1.0,-1.0,RS41-SG,404.900,7.8,250,10,2.6,,
2026-06-21T12:30:40.004Z,X1423757,6976,45.34470,8.61441,25293.2,5.4,12.5,261.2,-47.3,1.0,-1.0,RS41-SG,404.900,8.7,250,10,2.6,,
2026-06-21T12:30:41.004Z,X1423757,6977,45.34468,8.61425,25297.9,3.9,12.9,259.1,-47.3,1.0,-1.0,RS41-SG,404.900,8.7,250,10,2.6,,
2026-06-21T12:30:42.004Z,X1423757,6978,45.34466,8.61409,25301.9,4.3,12.9,256.8,-47.3,1.0,-1.0,RS41-SG,404.900,8.4,250,10,2.6,,
2026-06-21T12:30:43.004Z,X1423757,6979,45.34463,8.61394,25306.7,5.4,12.2,255.9,-47.2,1.0,-1.0,RS41-SG,404.900,8.4,250,10,2.7,,
2026-06-21T12:30:44.004Z,X1423757,6980,45.34460,8.61379,25311.6,4.3,11.4,256.1,-47.2,1.0,-1.0,RS41-SG,404.900,8.2,250,10,2.7,,
2026-06-21T12:30:45.004Z,X1423757,6981,45.34458,8.61365,25315.8,4.4,11.1,257.4,-47.1,1.0,-1.0,RS41-SG,404.900,8.1,250,10,2.7,,
2026-06-21T12:30:46.004Z,X1423757,6982,45.34456,8.61351,25320.8,5.5,11.6,260.1,-47.0,1.0,-1.0,RS41-SG,404.900,8.5,250,10,2.6,,
2026-06-21T12:30:47.004Z,X1423757,6983,45.34454,8.61336,25326.2,5.3,12.7,262.1,-47.0,1.0,-1.0,RS41-SG,404.900,8.5,250,10,2.6,,
2026-06-21T12:30:48.004Z,X1423757,6984,45.34453,8.61319,25330.9,4.1,13.6,263.3,-47.0,1.0,-1.0,RS41-SG,404.900,8.2,250,10,2.6,,
2026-06-21T12:30:49.004Z,X1423757,6985,45.34452,8.61302,25335.4,4.8,13.9,264.4,-46.9,1.0,-1.0,RS41-SG,404.900,7.7,250,10,2.7,,
2026-06-21T12:30:50.004Z,X1423757,6986,45.34450,8.61284,25340.6,5.7,13.5,265.5,-47.0,1.0,-1.0,RS41-SG,404.900,7.7,250,10,2.7,,
2026-06-21T12:30:51.004Z,X1423757,6987,45.34450,8.61268,25345.8,4.6,13.1,265.1,-47.0,1.0,-1.0,RS41-SG,404.900,8.1,250,10,2.6,,
2026-06-21T12:30:52.004Z,X1423757,6988,45.34448,8.61251,25350.5,4.9,13.3,263.8,-47.0,1.0,-1.0,RS41-SG,404.900,8.1,250,10,2.6,,
2026-06-21T12:30:53.004Z,X1423757,6989,45.34447,8.61234,25355.8,5.5,14.0,261.8,-47.0,1.0,-1.0,RS41-SG,404.900,8.6,250,10,2.6,,
2026-06-21T12:30:54.004Z,X1423757,6990,45.34445,8.61216,25360.6,4.0,14.7,260.6,-47.0,1.0,-1.0,RS41-SG,404.900,8.6,250,9,2.7,,
2026-06-21T12:30:55.004Z,X1423757,6991,45.34443,8.61197,25364.6,4.1,14.9,259.8,-47.0,1.0,-1.0,RS41-SG,404.900,7.8,250,9,2.7,,
2026-06-21T12:30:56.004Z,X1423757,6992,45.34440,8.61179,25369.2,5.1,14.3,261.2,-47.0,1.0,-1.0,RS41-SG,404.900,9.1,250,9,2.7,,
2026-06-21T12:30:57.004Z,X1423757,6993,45.34439,8.61161,25374.2,4.9,13.4,263.7,-47.0,1.0,-1.0,RS41-SG,404.900,9.1,250,9,2.6,,
2026-06-21T12:30:58.004Z,X1423757,6994,45.34438,8.61145,25378.5,3.8,12.8,266.7,-47.0,1.0,-1.0,RS41-SG,404.900,8.1,250,9,2.6,,
2026-06-21T12:30:59.004Z,X1423757,6995,45.34438,8.61129,25382.7,4.2,12.9,270.4,-46.9,1.0,-1.0,RS41-SG,404.900,8.1,250,9,2.6,,
2026-06-21T12:31:00.004Z,X1423757,6996,45.34438,8.61112,25387.4,5.3,13.7,272.3,-47.0,1.0,-1.0,RS41-SG,404.900,7.9,250,9,2.7,,
2026-06-21T12:31:01.004Z,X1423757,6997,45.34438,8.61094,25392.4,4.7,14.4,272.2,-47.0,1.0,-1.0,RS41-SG,404.900,7.8,250,9,2.7,,
2026-06-21T12:31:02.004Z,X1423757,6998,45.34439,8.61075,25397.0,4.4,14.7,270.8,-46.9,1.0,-1.0,RS41-SG,404.900,8.5,250,9,2.6,,
2026-06-21T12:31:03.004Z,X1423757,6999,45.34439,8.61057,25401.9,5.5,14.3,269.3,-47.0,1.0,-1.0,RS41-SG,404.900,8.5,250,9,2.6,,
2026-06-21T12:31:04.004Z,X1423757,7000,45.34438,8.61039,25407.6,5.9,13.0,267.7,-47.0,1.1,-1.0,RS41-SG,404.900,7.6,250,9,2.6,,
2026-06-21T12:31:05.004Z,X1423757,7001,45.34438,8.61024,25412.6,4.1,12.0,266.0,-46.9,1.0,-1.0,RS41-SG,404.900,8.5,250,9,2.7,,
2026-06-21T12:31:06.004Z,X1423757,7002,45.34437,8.61009,25416.9,4.4,11.4,263.7,-46.9,1.0,-1.0,RS41-SG,404.900,8.5,250,10,2.7,,
2026-06-21T12:31:07.004Z,X1423757,7003,45.34435,8.60994,25421.8,5.4,11.6,261.7,-47.0,1.0,-1.0,RS41-SG,404.900,8.4,250,10,2.7,,
2026-06-21T12:31:08.004Z,X1423757,7004,45.34434,8.60979,25427.1,5.3,12.4,261.5,-47.0,1.0,-1.0,RS41-SG,404.900,8.7,250,10,2.6,,
2026-06-21T12:31:10.004Z,X1423757,7006,45.34432,8.60947,25436.7,5.4,12.6,267.9,-46.9,1.0,-1.0,RS41-SG,404.900,7.6,250,10,2.6,,
2026-06-21T12:31:11.004Z,X1423757,7007,45.34432,8.60931,25442.4,6.0,12.1,274.0,-46.9,1.0,-1.0,RS41-SG,404.900,8.9,250,10,2.6,,
2026-06-21T12:31:12.004Z,X1423757,7008,45.34433,8.60916,25447.4,4.5,11.7,280.1,-47.0,1.1,-1.0,RS41-SG,404.900,8.9,250,10,2.7,,
2026-06-21T12:31:13.004Z,X1423757,7009,45.34435,8.60902,25451.8,5.0,11.7,286.1,-47.0,1.0,-1.0,RS41-SG,404.900,7.7,250,10,2.7,,
2026-06-21T12:31:14.004Z,X1423757,7010,45.34438,8.60887,25457.0,5.5,12.6,287.8,-46.9,1.0,-1.0,RS41-SG,404.900,7.7,250,10,2.7,,
2026-06-21T12:31:15.004Z,X1423757,7011,45.34442,8.60871,25462.1,4.6,13.4,287.9,-47.0,1.0,-1.0,RS41-SG,404.900,8.0,250,10,2.6,,
2026-06-21T12:31:18.004Z,X1423757,7014,45.34451,8.60823,25475.7,5.3,11.9,279.4,-47.0,1.1,-1.0,RS41-SG,404.900,7.0,250,10,2.7,,
2026-06-21T12:31:21.004Z,X1423757,7017,45.34449,8.60782,25490.6,4.9,11.3,250.8,-47.0,1.0,-1.0,RS41-SG,404.900,6.7,250,10,2.6,,
2026-06-21T12:31:22.004Z,X1423757,7018,45.34445,8.60768,25495.9,5.6,13.0,245.8,-47.0,1.0,-1.0,RS41-SG,404.900,7.0,250,10,2.6,,
2026-06-21T12:31:23.004Z,X1423757,7019,45.34440,8.60752,25501.5,5.7,14.6,245.3,-47.0,1.0,-1.0,RS41-SG,404.900,8.1,250,10,2.7,,
2026-06-21T12:31:24.004Z,X1423757,7020,45.34434,8.60734,25507.2,5.8,15.9,248.3,-47.0,1.0,-1.0,RS41-SG,404.900,8.1,250,10,2.7,,
2026-06-21T12:31:25.004Z,X1423757,7021,45.34429,8.60714,25512.7,5.3,16.5,251.9,-46.9,1.0,-1.0,RS41-SG,404.900,8.7,250,10,2.7,,
2026-06-21T12:31:26.004Z,X1423757,7022,45.34425,8.60694,25517.8,4.8,16.4,256.2,-46.8,1.0,-1.0,RS41-SG,404.900,8.7,250,10,2.6,,
2026-06-21T12:31:27.004Z,X1423757,7023,45.34422,8.60675,25523.2,6.0,15.4,259.2,-46.8,1.0,-1.0,RS41-SG,404.900,7.7,250,10,2.6,,
2026-06-21T12:31:28.004Z,X1423757,7024,45.34420,8.60656,25529.2,6.0,14.0,261.4,-46.8,1.0,-1.0,RS41-SG,404.900,7.5,250,10,2.6,,
2026-06-21T12:31:29.004Z,X1423757,7025,45.34418,8.60639,25533.9,3.5,13.0,262.4,-46.7,1.0,-1.0,RS41-SG,404.900,6.9,250,9,2.7,,
2026-06-21T12:31:30.004Z,X1423757,7026,45.34417,8.60623,25537.9,4.4,12.5,263.9,-46.7,1.0,-1.0,RS41-SG,404.900,8.8,250,10,2.7,,
2026-06-21T12:31:31.004Z,X1423757,7027,45.34416,8.60607,25542.9,5.7,13.1,265.5,-46.8,1.0,-1.0,RS41-SG,404.900,8.8,250,10,2.6,,
2026-06-21T12:31:34.004Z,X1423757,7030,45.34413,8.60553,25559.1,5.8,14.8,263.4,-46.7,1.0,-1.0,RS41-SG,404.900,8.4,250,10,2.7,,
2026-06-21T12:31:35.004Z,X1423757,7031,45.34411,8.60534,25565.0,6.2,14.4,259.6,-46.8,1.0,-1.0,RS41-SG,404.900,8.4,250,10,2.7,,
2026-06-21T12:31:36.004Z,X1423757,7032,45.34408,8.60517,25570.6,5.1,14.1,256.4,-46.7,1.0,-1.0,RS41-SG,404.900,7.3,250,10,2.7,,
2026-06-21T12:31:37.004Z,X1423757,7033,45.34405,8.60499,25575.9,5.3,14.5,253.3,-46.7,1.0,-1.0,RS41-SG,404.900,8.0,250,10,2.6,,
2026-06-21T12:31:38.004Z,X1423757,7034,45.34401,8.60481,25581.6,6.1,15.6,251.4,-46.7,1.0,-1.0,RS41-SG,404.900,8.0,250,10,2.6,,
2026-06-21T12:31:40.004Z,X1423757,7036,45.34391,8.60440,25593.3,5.2,18.1,250.0,-46.8,1.0,-1.0,RS41-SG,404.900,7.0,250,10,2.7,,
2026-06-21T12:31:41.004Z,X1423757,7037,45.34385,8.60419,25598.5,5.4,18.4,248.8,-46.9,1.0,-1.0,RS41-SG,404.900,6.8,250,10,2.7,,
2026-06-21T12:31:42.004Z,X1423757,7038,45.34379,8.60397,25604.2,6.1,17.8,246.9,-46.9,1.0,-1.0,RS41-SG,404.900,7.7,250,10,2.6,,
2026-06-21T12:31:44.004Z,X1423757,7040,45.34367,8.60359,25616.5,5.9,14.8,245.4,-47.1,1.0,-1.0,RS41-SG,404.900,6.7,250,10,2.6,,
2026-06-21T12:31:45.004Z,X1423757,7041,45.34362,8.60343,25622.0,5.1,13.4,248.6,-47.1,1.1,-1.0,RS41-SG,404.900,7.2,250,10,2.7,,
2026-06-21T12:31:46.004Z,X1423757,7042,45.34358,8.60327,25627.2,5.4,12.6,255.0,-47.1,1.1,-1.0,RS41-SG,404.900,7.2,250,10,2.7,,
2026-06-21T12:31:48.004Z,X1423757,7044,45.34355,8.60293,25637.9,5.4,14.8,266.5,-47.2,1.1,-1.0,RS41-SG,404.900,8.3,250,10,2.6,,
2026-06-21T12:31:49.004Z,X1423757,7045,45.34354,8.60274,25643.0,5.0,16.6,268.8,-47.3,1.1,-1.0,RS41-SG,404.900,8.3,250,10,2.6,,
2026-06-21T12:31:50.004Z,X1423757,7046,45.34354,8.60252,25647.6,4.2,17.9,270.3,-47.3,1.1,-1.0,RS41-SG,404.900,7.9,250,10,2.6,,
2026-06-21T12:31:54.004Z,X1423757,7050,45.34351,8.60163,25670.8,7.1,14.9,259.6,-46.9,1.0,-1.0,RS41-SG,404.900,6.8,250,10,2.7,,
2026-06-21T12:31:56.004Z,X1423757,7052,45.34344,8.60131,25682.6,5.0,12.4,241.3,-46.9,1.0,-1.0,RS41-SG,404.900,7.0,250,10,2.6,,
2026-06-21T12:31:57.004Z,X1423757,7053,45.34338,8.60118,25687.6,5.0,12.4,230.1,-47.0,1.0,-1.0,RS41-SG,404.900,7.0,250,10,2.6,,
2026-06-21T12:31:58.004Z,X1423757,7054,45.34330,8.60106,25692.7,5.1,13.0,224.7,-47.1,1.0,-1.0,RS41-SG,404.900,7.0,250,10,2.7,,
2026-06-21T12:32:00.004Z,X1423757,7056,45.34315,8.60081,25703.6,6.5,12.6,239.5,-47.2,1.0,-1.0,RS41-SG,404.900,7.9,250,10,2.6,,
2026-06-21T12:32:01.004Z,X1423757,7057,45.34311,8.60066,25710.3,6.9,12.4,256.2,-47.2,1.1,-1.0,RS41-SG,404.900,7.9,250,10,2.6,,
2026-06-21T12:32:02.004Z,X1423757,7058,45.34309,8.60051,25716.2,4.6,12.9,269.4,-47.2,1.1,-1.0,RS41-SG,404.900,7.7,250,10,2.6,,
2026-06-21T12:32:03.004Z,X1423757,7059,45.34310,8.60034,25720.0,3.0,14.0,279.0,-47.2,1.0,-1.0,RS41-SG,404.900,7.2,250,10,2.7,,
2026-06-21T12:32:04.004Z,X1423757,7060,45.34313,8.60015,25723.5,4.1,15.2,284.0,-47.2,1.1,-1.0,RS41-SG,404.900,7.2,250,10,2.7,,
2026-06-21T12:32:08.004Z,X1423757,7064,45.34318,8.59943,25744.9,5.2,11.9,261.5,-47.2,1.1,-1.0,RS41-SG,404.900,7.1,250,10,2.6,,
2026-06-21T12:32:10.004Z,X1423757,7066,45.34313,8.59918,25755.2,4.7,9.1,249.5,-47.2,1.1,-1.0,RS41-SG,404.900,7.2,250,10,2.7,,
2026-06-21T12:32:11.004Z,X1423757,7067,45.34310,8.59907,25759.5,3.8,8.5,246.5,-47.2,1.1,-1.0,RS41-SG,404.900,7.6,250,10,2.6,,
2026-06-21T12:32:12.004Z,X1423757,7068,45.34307,8.59897,25763.8,4.9,9.0,245.7,-47.1,1.0,-1.0,RS41-SG,404.900,7.6,250,10,2.6,,
2026-06-21T12:32:13.004Z,X1423757,7069,45.34304,8.59886,25769.4,6.4,10.0,249.4,-47.1,1.1,-1.0,RS41-SG,404.900,7.8,250,10,2.6,,
2026-06-21T12:32:14.004Z,X1423757,7070,45.34301,8.59873,25775.5,5.6,11.2,254.1,-47.1,1.0,-1.0,RS41-SG,404.900,7.8,250,10,2.7,,
2026-06-21T12:32:16.004Z,X1423757,7072,45.34298,8.59843,25785.6,5.2,12.9,269.8,-47.3,1.1,-1.0,RS41-SG,404.900,7.4,250,10,2.7,,
2026-06-21T12:32:17.004Z,X1423757,7073,45.34299,8.59826,25791.1,5.6,13.3,280.1,-47.3,1.1,-1.0,RS41-SG,404.900,7.3,250,10,2.6,,
2026-06-21T12:32:18.004Z,X1423757,7074,45.34302,8.59810,25796.1,4.5,13.4,287.5,-47.3,1.1,-1.0,RS41-SG,404.900,7.2,250,10,2.6,,
2026-06-21T12:32:19.004Z,X1423757,7075,45.34306,8.59794,25800.8,4.7,13.3,291.3,-47.4,1.1,-1.0,RS41-SG,404.900,7.6,250,10,2.6,,
2026-06-21T12:32:20.004Z,X1423757,7076,45.34310,8.59778,25806.1,5.9,12.8,289.6,-47.4,1.0,-1.0,RS41-SG,404.900,7.6,250,10,2.7,,
2026-06-21T12:32:24.004Z,X1423757,7080,45.34316,8.59721,25826.6,5.9,9.9,271.0,-47.4,1.1,-1.0,RS41-SG,404.900,7.1,250,10,2.6,,
2026-06-21T12:32:25.004Z,X1423757,7081,45.34317,8.59709,25832.3,5.4,8.9,271.9,-47.4,1.1,-1.0,RS41-SG,404.900,7.4,250,10,2.7,,
2026-06-21T12:32:26.004Z,X1423757,7082,45.34317,8.59698,25837.4,4.8,8.4,272.7,-47.4,1.1,-1.0,RS41-SG,404.900,7.6,250,10,2.7,,
2026-06-21T12:32:27.004Z,X1423757,7083,45.34317,8.59687,25842.6,5.6,8.1,271.9,-47.5,1.1,-1.0,RS41-SG,404.900,7.6,250,10,2.7,,
2026-06-21T12:32:28.004Z,X1423757,7084,45.34317,8.59677,25848.1,5.3,8.3,271.0,-47.6,1.1,-1.0,RS41-SG,404.900,7.4,250,10,2.6,,
2026-06-21T12:32:29.004Z,X1423757,7085,45.34318,8.59666,25853.2,4.9,8.6,272.3,-47.6,1.1,-1.0,RS41-SG,404.900,7.7,250,10,2.6,,
2026-06-21T12:32:30.004Z,X1423757,7086,45.34318,8.59655,25858.6,5.9,9.0,279.0,-47.6,1.1,-1.0,RS41-SG,404.900,7.7,250,10,2.6,,
2026-06-21T12:32:31.004Z,X1423757,7087,45.34320,8.59644,25864.6,6.1,9.5,289.1,-47.6,1.1,-1.0,RS41-SG,404.900,7.7,250,10,2.7,,
2026-06-21T12:32:32.004Z,X1423757,7088,45.34324,8.59632,25869.9,4.5,10.2,296.4,-47.6,1.1,-1.0,RS41-SG,404.900,7.8,250,10,2.7,,
2026-06-21T12:32:33.004Z,X1423757,7089,45.34328,8.59621,25874.5,4.6,10.6,300.0,-47.7,1.1,-1.0,RS41-SG,404.900,7.8,250,10,2.6,,
2026-06-21T12:32:34.004Z,X1423757,7090,45.34333,8.59609,25879.8,6.1,10.6,299.4,-47.7,1.1,-1.0,RS41-SG,404.900,7.5,250,10,2.6,,
2026-06-21T12:32:36.004Z,X1423757,7092,45.34341,8.59586,25890.9,5.0,9.7,292.2,-47.7,1.1,-1.0,RS41-SG,404.900,7.0,250,10,2.7,,
2026-06-21T12:32:39.004Z,X1423757,7095,45.34351,8.59557,25907.4,5.2,7.2,303.4,-47.6,1.1,-1.0,RS41-SG,404.900,7.1,250,10,2.6,,
2026-06-21T12:32:41.004Z,X1423757,7097,45.34358,8.59543,25917.5,5.6,6.6,304.5,-47.4,1.1,-1.0,RS41-SG,404.900,7.9,250,10,2.6,,
2026-06-21T12:32:42.004Z,X1423757,7098,45.34361,8.59535,25923.2,5.8,6.8,297.1,-47.4,1.1,-1.0,RS41-SG,404.900,8.1,250,10,2.7,,
2026-06-21T12:32:43.004Z,X1423757,7099,45.34363,8.59527,25928.5,4.9,7.2,292.9,-47.3,1.0,-1.0,RS41-SG,404.900,8.1,250,10,2.7,,
2026-06-21T12:32:44.004Z,X1423757,7100,45.34366,8.59518,25933.8,5.6,7.8,293.1,-47.3,1.0,-1.0,RS41-SG,404.900,7.7,250,10,2.6,,
2026-06-21T12:32:47.004Z,X1423757,7103,45.34377,8.59492,25949.6,5.0,8.4,306.1,-47.2,1.0,-1.0,RS41-SG,404.900,7.3,250,10,2.7,,
2026-06-21T12:32:50.004Z,X1423757,7106,45.34387,8.59465,25966.1,4.9,7.6,286.6,-47.1,1.0,-1.0,RS41-SG,404.900,7.3,250,10,2.6,,
2026-06-21T12:32:51.004Z,X1423757,7107,45.34389,8.59456,25970.8,4.4,6.8,281.8,-47.1,1.0,-1.0,RS41-SG,404.900,7.0,250,10,2.6,,
2026-06-21T12:32:52.004Z,X1423757,7108,45.34390,8.59448,25975.4,4.9,5.8,280.2,-47.2,1.0,-1.0,RS41-SG,404.900,8.1,250,10,2.6,,
2026-06-21T12:32:53.004Z,X1423757,7109,45.34391,8.59441,25980.9,5.9,4.9,286.4,-47.2,1.0,-1.0,RS41-SG,404.900,8.3,250,10,2.7,,
2026-06-21T12:32:54.004Z,X1423757,7110,45.34393,8.59436,25986.2,4.6,4.9,295.1,-47.2,1.1,-1.0,RS41-SG,404.900,8.3,250,10,2.7,,
2026-06-21T12:32:55.004Z,X1423757,7111,45.34395,8.59430,25991.0,5.0,5.5,298.0,-47.2,1.0,-1.0,RS41-SG,404.900,7.5,250,10,2.6,,
2026-06-21T12:32:56.004Z,X1423757,7112,45.34397,8.59423,25996.4,5.9,6.7,293.3,-47.2,1.0,-1.0,RS41-SG,404.900,8.0,250,10,2.6,,
2026-06-21T12:32:57.004Z,X1423757,7113,45.34399,8.59414,26002.3,5.9,8.2,286.7,-47.1,1.0,-1.0,RS41-SG,404.900,8.0,250,10,2.6,,
2026-06-21T12:33:02.004Z,X1423757,7118,45.34409,8.59353,26028.1,5.2,8.7,285.6,-47.1,1.0,-1.0,RS41-SG,404.900,7.1,250,10,2.6,,
2026-06-21T12:33:03.004Z,X1423757,7119,45.34411,8.59343,26033.6,5.6,7.5,280.8,-47.1,1.0,-1.0,RS41-SG,404.900,7.5,250,10,2.6,,
2026-06-21T12:33:04.004Z,X1423757,7120,45.34412,8.59334,26039.2,5.6,6.7,268.7,-47.1,1.1,-1.0,RS41-SG,404.900,7.5,250,10,2.7,,
2026-06-21T12:33:05.004Z,X1423757,7121,45.34411,8.59326,26044.7,5.4,6.6,254.6,-47.1,1.0,-1.0,RS41-SG,404.900,7.3,250,10,2.7,,
2026-06-21T12:33:06.004Z,X1423757,7122,45.34409,8.59318,26049.7,4.5,6.9,245.8,-47.1,1.1,-1.0,RS41-SG,404.900,7.9,250,10,2.6,,
2026-06-21T12:33:07.004Z,X1423757,7123,45.34406,8.59310,26054.1,4.4,6.8,244.8,-47.1,1.0,-1.0,RS41-SG,404.900,8.2,250,10,2.6,,
2026-06-21T12:33:08.004Z,X1423757,7124,45.34404,8.59302,26059.1,5.6,6.6,251.1,-47.1,1.1,-1.0,RS41-SG,404.900,8.2,250,10,2.6,,
2026-06-21T12:33:09.004Z,X1423757,7125,45.34403,8.59294,26065.0,6.2,6.4,264.0,-47.1,1.0,-1.0,RS41-SG,404.900,7.6,250,10,2.7,,
2026-06-21T12:33:10.004Z,X1423757,7126,45.34403,8.59286,26070.4,4.5,6.9,275.9,-47.0,1.0,-1.0,RS41-SG,404.900,8.4,250,10,2.7,,
2026-06-21T12:33:11.004Z,X1423757,7127,45.34404,8.59276,26075.0,4.6,8.4,282.6,-47.0,1.0,-1.0,RS41-SG,404.900,8.6,250,10,2.7,,
2026-06-21T12:33:12.004Z,X1423757,7128,45.34406,8.59264,26080.3,5.9,10.6,283.2,-47.0,1.0,-1.0,RS41-SG,404.900,8.6,250,10,2.6,,
2026-06-21T12:33:13.004Z,X1423757,7129,45.34408,8.59250,26085.8,5.1,12.2,280.0,-47.1,1.0,-1.0,RS41-SG,404.900,7.8,250,10,2.6,,
2026-06-21T12:33:14.004Z,X1423757,7130,45.34410,8.59234,26090.6,4.4,13.1,276.9,-47.1,1.0,-1.0,RS41-SG,404.900,7.3,250,10,2.6,,
2026-06-21T12:33:15.004Z,X1423757,7131,45.34411,8.59218,26095.4,5.3,12.9,274.4,-47.1,1.0,-1.0,RS41-SG,404.900,6.9,250,10,2.7,,
2026-06-21T12:33:16.004Z,X1423757,7132,45.34411,8.59202,26101.3,6.3,11.7,271.3,-47.0,1.0,-1.0,RS41-SG,404.900,7.1,250,10,2.7,,
2026-06-21T12:33:17.004Z,X1423757,7133,45.34411,8.59188,26107.1,5.3,10.3,267.6,-47.0,1.0,-1.0,RS41-SG,404.900,7.7,250,10,2.6,,
2026-06-21T12:33:18.004Z,X1423757,7134,45.34410,8.59176,26111.9,4.3,9.2,260.4,-47.0,1.0,-1.0,RS41-SG,404.900,7.8,250,10,2.6,,
2026-06-21T12:33:19.004Z,X1423757,7135,45.34408,8.59165,26116.4,4.7,9.0,250.2,-47.0,1.0,-1.0,RS41-SG,404.900,7.8,250,10,2.6,,
2026-06-21T12:33:20.004Z,X1423757,7136,45.34405,8.59154,26121.6,5.8,9.7,242.5,-47.0,1.0,-1.0,RS41-SG,404.900,8.1,250,10,2.7,,
2026-06-21T12:33:21.004Z,X1423757,7137,45.34401,8.59143,26127.0,4.8,10.5,241.7,-47.0,1.0,-1.0,RS41-SG,404.900,8.1,250,10,2.7,,
2026-06-21T12:33:23.004Z,X1423757,7139,45.34393,8.59118,26137.6,6.3,10.8,252.5,-47.0,1.0,-1.0,RS41-SG,404.900,7.5,250,10,2.6,,
2026-06-21T12:33:24.004Z,X1423757,7140,45.34391,8.59105,26143.8,6.1,10.6,262.9,-47.0,1.0,-1.0,RS41-SG,404.900,7.7,250,10,2.6,,
2026-06-21T12:33:25.004Z,X1423757,7141,45.34390,8.59091,26149.1,4.4,11.0,272.6,-46.9,1.0,-1.0,RS41-SG,404.900,8.7,250,10,2.6,,
2026-06-21T12:33:26.004Z,X1423757,7142,45.34392,8.59076,26153.8,5.1,12.4,280.1,-46.9,1.0,-1.0,RS41-SG,404.900,8.7,250,10,2.7,,
2026-06-21T12:33:27.004Z,X1423757,7143,45.34394,8.59060,26159.2,5.8,14.0,282.0,-46.9,1.0,-1.0,RS41-SG,404.900,8.5,250,10,2.7,,
2026-06-21T12:33:28.004Z,X1423757,7144,45.34397,8.59042,26164.2,4.2,15.0,281.1,-46.9,1.0,-1.0,RS41-SG,404.900,8.2,250,10,2.6,,
2026-06-21T12:33:29.004Z,X1423757,7145,45.34399,8.59023,26168.5,4.5,15.3,280.1,-46.9,1.0,-1.0,RS41-SG,404.900,8.2,250,10,2.6,,
2026-06-21T12:33:30.004Z,X1423757,7146,45.34401,8.59004,26173.4,5.5,14.8,279.6,-47.0,1.0,-1.0,RS41-SG,404.900,9.2,250,10,2.6,,
2026-06-21T12:33:31.004Z,X1423757,7147,45.34403,8.58986,26179.3,6.3,13.6,278.1,-47.0,1.0,-1.0,RS41-SG,404.900,9.2,250,10,2.7,,
2026-06-21T12:33:32.004Z,X1423757,7148,45.34405,8.58970,26185.4,5.8,12.4,274.5,-47.0,1.0,-1.0,RS41-SG,404.900,9.1,250,10,2.7,,
2026-06-21T12:33:33.004Z,X1423757,7149,45.34405,8.58954,26191.0,5.4,11.6,267.8,-47.0,1.0,-1.0,RS41-SG,404.900,8.6,250,10,2.7,,
2026-06-21T12:33:34.004Z,X1423757,7150,45.34404,8.58940,26196.7,5.9,11.5,257.7,-47.0,1.0,-1.0,RS41-SG,404.900,8.6,250,10,2.6,,
2026-06-21T12:33:35.004Z,X1423757,7151,45.34401,8.58926,26201.8,4.2,11.8,251.4,-47.0,1.0,-1.0,RS41-SG,404.900,8.6,250,10,2.6,,
2026-06-21T12:33:36.004Z,X1423757,7152,45.34397,8.58911,26206.0,4.3,12.2,248.8,-46.9,1.0,-1.0,RS41-SG,404.900,7.9,250,10,2.6,,
2026-06-21T12:33:37.004Z,X1423757,7153,45.34393,8.58897,26211.3,6.4,12.2,251.9,-46.9,1.0,-1.0,RS41-SG,404.900,7.9,250,10,2.7,,
2026-06-21T12:33:38.004Z,X1423757,7154,45.34391,8.58882,26217.3,5.6,12.0,258.8,-46.9,1.0,-1.0,RS41-SG,404.900,8.1,250,10,2.7,,
2026-06-21T12:33:39.004Z,X1423757,7155,45.34389,8.58866,26222.4,4.6,12.4,266.3,-46.9,1.0,-1.0,RS41-SG,404.900,8.1,250,10,2.6,,
2026-06-21T12:33:40.004Z,X1423757,7156,45.34389,8.58850,26227.6,5.8,13.6,272.7,-46.8,1.0,-1.0,RS41-SG,404.900,8.0,250,10,2.6,,
2026-06-21T12:33:41.004Z,X1423757,7157,45.34390,8.58832,26233.2,5.4,14.9,274.8,-46.8,1.0,-1.0,RS41-SG,404.900,7.9,250,10,2.6,,
2026-06-21T12:33:42.004Z,X1423757,7158,45.34391,8.58812,26238.3,4.8,15.7,275.5,-46.9,1.0,-1.0,RS41-SG,404.900,8.4,250,10,2.7,,
2026-06-21T12:33:43.004Z,X1423757,7159,45.34393,8.58793,26243.4,5.4,15.8,277.3,-46.9,1.0,-1.0,RS41-SG,404.900,8.4,250,10,2.7,,
2026-06-21T12:33:44.004Z,X1423757,7160,45.34395,8.58773,26249.1,6.1,15.4,278.2,-46.9,1.0,-1.0,RS41-SG,404.900,8.4,250,10,2.7,,
2026-06-21T12:33:45.004Z,X1423757,7161,45.34397,8.58754,26254.7,5.1,14.8,277.7,-46.9,1.0,-1.0,RS41-SG,404.900,7.9,250,10,2.6,,
2026-06-21T12:33:46.004Z,X1423757,7162,45.34398,8.58736,26260.0,5.4,14.4,273.2,-46.9,1.0,-1.0,RS41-SG,404.900,7.6,250,10,2.6,,
2026-06-21T12:33:47.004Z,X1423757,7163,45.34398,8.58717,26265.8,6.2,14.5,266.3,-46.9,1.0,-1.0,RS41-SG,404.900,7.5,250,10,2.6,,
2026-06-21T12:33:48.004Z,X1423757,7164,45.34396,8.58699,26271.1,4.4,14.8,261.4,-46.9,1.0,-1.0,RS41-SG,404.900,7.9,250,10,2.7,,
2026-06-21T12:33:50.004Z,X1423757,7166,45.34391,8.58662,26280.7,6.0,14.7,256.3,-47.0,1.0,-1.0,RS41-SG,404.900,7.4,250,10,2.6,,
2026-06-21T12:33:51.004Z,X1423757,7167,45.34388,8.58644,26286.8,5.9,14.0,258.4,-47.0,1.0,-1.0,RS41-SG,404.900,7.9,250,10,2.6,,
2026-06-21T12:33:52.004Z,X1423757,7168,45.34386,8.58627,26292.1,4.7,13.5,261.7,-46.9,1.0,-1.0,RS41-SG,404.900,7.9,250,10,2.6,,
2026-06-21T12:33:53.004Z,X1423757,7169,45.34385,8.58610,26297.1,5.3,13.8,265.3,-46.9,1.0,-1.0,RS41-SG,404.900,7.7,250,10,2.7,,
2026-06-21T12:33:54.004Z,X1423757,7170,45.34384,8.58592,26302.7,6.0,14.5,267.2,-46.9,1.0,-1.0,RS41-SG,404.900,8.0,250,10,2.7,,
2026-06-21T12:33:55.004Z,X1423757,7171,45.34383,8.58573,26308.1,4.7,15.2,268.5,-46.9,1.0,-1.0,RS41-SG,404.900,8.0,250,10,2.7,,
2026-06-21T12:33:56.004Z,X1423757,7172,45.34383,8.58553,26313.0,4.9,15.5,270.8,-46.8,1.0,-1.0,RS41-SG,404.900,8.0,250,10,2.6,,
2026-06-21T12:33:57.004Z,X1423757,7173,45.34384,8.58534,26318.3,5.8,15.2,274.4,-46.8,1.0,-1.0,RS41-SG,404.900,8.1,250,10,2.6,,
2026-06-21T12:34:05.004Z,X1423757,7181,45.34383,8.58395,26360.2,5.6,12.9,265.9,-46.8,1.0,-1.0,RS41-SG,404.900,8.5,250,10,2.7,,
2026-06-21T12:34:06.004Z,X1423757,7182,45.34383,8.58379,26365.2,4.3,13.0,269.2,-46.8,1.0,-1.0,RS41-SG,404.900,8.5,250,10,2.7,,
2026-06-21T12:34:07.004Z,X1423757,7183,45.34383,8.58362,26370.0,5.4,14.0,271.2,-46.7,1.0,-1.0,RS41-SG,404.900,8.1,250,10,2.6,,
2026-06-21T12:34:08.004Z,X1423757,7184,45.34383,8.58343,26375.7,6.0,15.6,270.9,-46.7,1.0,-1.0,RS41-SG,404.900,8.1,250,10,2.6,,
2026-06-21T12:34:14.004Z,X1423757,7190,45.34385,8.58220,26406.3,4.3,13.6,271.8,-46.7,1.0,-1.0,RS41-SG,404.900,7.5,250,10,2.6,,
2026-06-21T12:34:15.004Z,X1423757,7191,45.34385,8.58203,26411.0,4.9,13.0,270.0,-46.6,1.0,-1.0,RS41-SG,404.900,8.1,250,10,2.7,,
2026-06-21T12:34:16.004Z,X1423757,7192,45.34385,8.58186,26416.3,5.8,12.8,268.1,-46.6,1.0,-1.0,RS41-SG,404.900,8.1,250,10,2.7,,
2026-06-21T12:34:17.004Z,X1423757,7193,45.34384,8.58170,26421.7,4.8,13.0,266.8,-46.5,1.0,-1.0,RS41-SG,404.900,7.8,250,10,2.7,,
2026-06-21T12:34:18.004Z,X1423757,7194,45.34384,8.58154,26426.5,4.7,12.9,268.1,-46.5,1.0,-1.0,RS41-SG,404.900,7.8,250,10,2.6,,
2026-06-21T12:34:20.004Z,X1423757,7196,45.34385,8.58123,26437.3,5.6,11.5,277.7,-46.5,1.0,-1.0,RS41-SG,404.900,6.9,250,10,2.6,,
2026-06-21T12:34:21.004Z,X1423757,7197,45.34387,8.58109,26442.2,4.1,11.3,283.2,-46.4,1.0,-1.0,RS41-SG,404.900,8.7,250,10,2.7,,
2026-06-21T12:34:22.004Z,X1423757,7198,45.34389,8.58094,26446.8,5.0,11.6,285.7,-46.4,1.0,-1.0,RS41-SG,404.900,8.7,250,10,2.7,,
2026-06-21T12:34:23.004Z,X1423757,7199,45.34392,8.58080,26452.5,6.3,12.7,283.8,-46.3,1.0,-1.0,RS41-SG,404.900,8.1,250,10,2.6,,
2026-06-21T12:34:24.004Z,X1423757,7200,45.34395,8.58063,26458.3,5.2,13.7,280.5,-46.2,1.0,-1.0,RS41-SG,404.900,9.0,250,10,2.6,,
2026-06-21T12:34:25.004Z,X1423757,7201,45.34397,8.58046,26463.2,4.7,14.3,277.6,-46.2,1.0,-1.0,RS41-SG,404.900,9.0,250,10,2.7,,
2026-06-21T12:34:26.004Z,X1423757,7202,45.34398,8.58028,26468.4,5.5,14.0,275.4,-46.2,1.0,-1.0,RS41-SG,404.900,7.4,250,10,2.7,,
2026-06-21T12:34:27.004Z,X1423757,7203,45.34399,8.58011,26474.2,6.1,12.9,274.3,-46.2,1.0,-1.0,RS41-SG,404.900,7.4,250,10,2.6,,
2026-06-21T12:34:29.004Z,X1423757,7205,45.34400,8.57981,26484.2,4.5,10.8,270.1,-46.3,1.0,-1.0,RS41-SG,404.900,6.4,250,10,2.6,,
2026-06-21T12:34:32.004Z,X1423757,7208,45.34398,8.57941,26500.3,5.0,10.8,264.5,-46.4,1.0,-1.0,RS41-SG,404.900,7.6,250,10,2.7,,
2026-06-21T12:34:34.004Z,X1423757,7210,45.34398,8.57914,26511.3,6.3,9.9,275.6,-46.5,1.0,-1.0,RS41-SG,404.900,7.2,250,10,2.6,,
2026-06-21T12:34:35.004Z,X1423757,7211,45.34399,8.57902,26517.2,5.5,9.4,286.1,-46.5,1.0,-1.0,RS41-SG,404.900,7.7,250,10,2.6,,
2026-06-21T12:34:36.004Z,X1423757,7212,45.34402,8.57891,26522.0,3.9,9.6,295.9,-46.6,1.0,-1.0,RS41-SG,404.900,7.7,250,10,2.7,,
2026-06-21T12:34:37.004Z,X1423757,7213,45.34407,8.57880,26526.2,4.5,10.3,300.9,-46.6,1.0,-1.0,RS41-SG,404.900,7.4,250,10,2.7,,
2026-06-21T12:34:38.004Z,X1423757,7214,45.34412,8.57868,26531.3,5.6,11.4,300.6,-46.6,1.0,-1.0,RS41-SG,404.900,7.4,250,10,2.6,,
2026-06-21T12:34:46.004Z,X1423757,7222,45.34430,8.57780,26572.0,6.4,6.0,266.6,-46.8,1.0,-1.0,RS41-SG,404.900,7.9,250,10,2.6,,
2026-06-21T12:34:47.004Z,X1423757,7223,45.34430,8.57772,26578.2,6.0,6.9,271.8,-46.8,1.0,-1.0,RS41-SG,404.900,7.9,250,10,2.7,,
2026-06-21T12:34:50.004Z,X1423757,7226,45.34437,8.57743,26595.6,5.1,9.3,303.4,-46.8,1.0,-1.0,RS41,404.900,7.8,250,10,2.6,,
2026-06-21T12:34:51.004Z,X1423757,7227,45.34442,8.57733,26600.3,4.2,10.1,309.2,-46.8,1.0,-1.0,RS41,404.900,7.8,250,10,2.6,,
2026-06-21T12:34:52.004Z,X1423757,7228,45.34448,8.57723,26605.0,5.2,11.1,310.4,-46.8,1.0,-1.0,RS41,404.900,7.2,250,10,2.7,,
2026-06-21T12:34:54.004Z,X1423757,7230,45.34461,8.57698,26616.1,4.5,12.4,302.7,-46.8,1.0,-1.0,RS41,404.900,7.0,250,10,2.7,,
2026-06-21T12:34:57.004Z,X1423757,7233,45.34474,8.57660,26631.9,5.7,9.2,293.3,-46.6,1.0,-1.0,RS41,404.900,7.0,250,10,2.6,,
2026-06-21T12:35:03.004Z,X1423757,7239,45.34484,8.57600,26662.3,5.7,9.3,280.1,-46.6,1.0,-1.0,RS41,404.900,7.0,250,10,2.7,,
2026-06-21T12:35:12.004Z,X1423757,7248,45.34506,8.57507,26711.1,4.8,7.1,283.4,-46.6,1.0,-1.0,RS41,404.900,6.0,250,10,2.6,,
2026-06-21T12:35:14.004Z,X1423757,7250,45.34509,8.57490,26720.8,5.7,7.0,275.9,-46.5,1.0,-1.0,RS41,404.900,6.5,250,10,2.7,,
2026-06-21T12:35:16.004Z,X1423757,7252,45.34509,8.57470,26731.8,4.3,8.9,268.8,-46.5,1.0,-1.0,RS41,404.900,7.2,250,10,2.6,,
2026-06-21T12:42:47.004Z,X1423757,7703,45.33663,8.53180,29176.9,6.3,12.8,268.8,-45.3,1.0,-1.0,RS41,404.900,7.0,250,10,2.7,,
2026-06-21T12:43:19.004Z,X1423757,7735,45.33718,8.52701,29366.1,5.9,12.6,286.4,-45.9,1.0,-1.0,RS41,404.900,7.1,250,10,2.6,,
2026-06-21T12:43:20.004Z,X1423757,7736,45.33721,8.52686,29372.3,6.5,11.4,287.7,-46.0,1.0,-1.0,RS41-SG,404.900,7.1,250,10,2.6,,
2026-06-21T12:43:21.004Z,X1423757,7737,45.33724,8.52673,29378.5,5.9,10.5,287.9,-46.0,1.0,-1.0,RS41-SG,404.900,7.0,250,10,2.6,,
2026-06-21T12:43:22.004Z,X1423757,7738,45.33727,8.52661,29384.0,5.1,10.2,288.3,-45.9,1.0,-1.0,RS41-SG,404.900,7.7,250,10,2.7,,
2026-06-21T12:43:23.004Z,X1423757,7739,45.33730,8.52648,29389.4,5.8,10.5,289.3,-45.9,1.0,-1.0,RS41-SG,404.900,7.7,250,10,2.7,,
2026-06-21T12:43:43.004Z,X1423757,7759,45.33777,8.52376,29502.8,5.1,13.7,284.7,-45.4,1.0,-1.0,RS41-SG,404.900,6.1,250,10,2.6,,
2026-06-21T12:43:48.004Z,X1423757,7764,45.33795,8.52311,29530.4,4.9,7.5,287.7,-45.2,0.9,-1.0,RS41-SG,404.900,6.5,250,10,2.6,,
2026-06-21T12:43:49.004Z,X1423757,7765,45.33796,8.52302,29536.1,6.4,7.6,278.5,-45.2,0.9,-1.0,RS41-SG,404.900,6.7,250,10,2.7,,
2026-06-21T12:47:01.004Z,X1423757,7957,45.34153,8.49555,30644.0,5.7,9.6,239.5,-44.6,0.9,-1.0,RS41-SG,404.900,7.4,250,10,2.6,,
2026-06-21T12:47:16.004Z,X1423757,7972,45.34100,8.49340,30734.0,7.2,8.2,267.6,-44.8,0.9,-1.0,RS41-SG,404.900,6.8,250,10,2.7,,
2026-06-21T12:47:29.004Z,X1423757,7985,45.34069,8.49134,30818.1,6.5,10.4,259.2,-44.3,0.9,-1.0,RS41-SG,404.900,6.7,250,10,2.7,,
2026-06-21T12:47:30.004Z,X1423757,7986,45.34068,8.49121,30824.0,5.4,10.0,268.0,-44.2,0.8,-1.0,RS41-SG,404.900,6.8,250,10,2.7,,
2026-06-21T12:47:35.004Z,X1423757,7991,45.34069,8.49045,30855.1,6.0,14.2,266.4,-44.0,0.9,-1.0,RS41,404.900,6.4,250,10,2.7,,
2026-06-21T12:47:39.004Z,X1423757,7995,45.34069,8.48976,30881.2,6.2,12.4,274.2,-43.8,0.9,-1.0,RS41,404.900,7.5,250,10,2.6,,
2026-06-21T12:47:40.004Z,X1423757,7996,45.34070,8.48960,30887.2,5.7,12.2,274.5,-43.8,0.8,-1.0,RS41,404.900,7.5,250,10,2.7,,
2026-06-21T12:47:41.004Z,X1423757,7997,45.34070,8.48945,30893.1,6.1,12.3,272.5,-43.9,0.9,-1.0,RS41,404.900,8.4,250,10,2.7,,
2026-06-21T12:47:42.004Z,X1423757,7998,45.34070,8.48929,30899.7,7.1,13.0,268.6,-43.9,0.9,-1.0,RS41,404.900,8.4,250,10,2.7,,
2026-06-21T12:47:46.004Z,X1423757,8002,45.34067,8.48861,30924.6,6.2,12.4,272.6,-43.8,0.9,-1.0,RS41,404.900,7.4,250,10,2.7,,
2026-06-21T12:47:48.004Z,X1423757,8004,45.34072,8.48832,30937.1,6.0,10.8,294.1,-44.0,0.9,-1.0,RS41,404.900,8.2,250,10,2.7,,
2026-06-21T12:47:49.004Z,X1423757,8005,45.34076,8.48820,30942.6,5.1,11.0,299.9,-44.0,0.9,-1.0,RS41,404.900,8.2,250,10,2.6,,
2026-06-21T12:47:51.004Z,X1423757,8007,45.34086,8.48794,30954.5,7.2,12.4,293.5,-44.0,0.9,-1.0,RS41,404.900,6.9,250,10,2.6,,
2026-06-21T12:47:53.004Z,X1423757,8009,45.34092,8.48762,30967.7,5.3,14.2,279.2,-44.0,0.8,-1.0,RS41,404.900,7.4,250,10,2.7,,
2026-06-21T12:47:59.004Z,X1423757,8015,45.34102,8.48660,31004.4,6.8,11.7,284.5,-43.9,0.9,-1.0,RS41,404.900,7.2,250,10,2.7,,
2026-06-21T12:48:01.004Z,X1423757,8017,45.34108,8.48631,31017.3,5.8,11.8,287.1,-44.0,0.9,-1.0,RS41,404.900,7.0,250,10,2.6,,
2026-06-21T12:48:02.004Z,X1423757,8018,45.34111,8.48617,31023.3,6.2,11.9,291.6,-44.0,0.9,-1.0,RS41,404.900,7.0,250,10,2.7,,
2026-06-21T12:48:08.004Z,X1423757,8024,45.34143,8.48538,31062.0,6.9,12.5,284.3,-44.2,0.9,-1.0,RS41,404.900,7.0,250,10,2.6,,
2026-06-21T12:48:11.004Z,X1423757,8027,45.34146,8.48488,31079.1,6.7,13.2,271.5,-44.0,0.9,-1.0,RS41,404.900,6.9,250,10,2.7,,
2026-06-21T12:48:13.004Z,X1423757,8029,45.34149,8.48457,31092.8,5.7,11.6,284.0,-43.9,0.9,-1.0,RS41,404.900,7.0,250,10,2.7,,
2026-06-21T12:48:14.004Z,X1423757,8030,45.34152,8.48443,31098.3,5.2,11.1,291.8,-43.9,0.9,-1.0,RS41,404.900,7.1,250,10,2.6,,
2026-06-21T12:48:16.004Z,X1423757,8032,45.34160,8.48418,31110.6,7.0,11.0,299.1,-44.0,0.9,-1.0,RS41,404.900,6.6,250,10,2.6,,
2026-06-21T12:48:17.004Z,X1423757,8033,45.34165,8.48406,31116.8,5.5,11.2,298.2,-44.0,0.9,-1.0,RS41,404.900,7.0,250,10,2.7,,
2026-06-21T12:48:19.004Z,X1423757,8035,45.34175,8.48381,31128.0,6.0,11.5,300.7,-44.1,0.9,-1.0,RS41,404.900,7.3,250,10,2.7,,
2026-06-21T12:48:20.004Z,X1423757,8036,45.34181,8.48368,31134.1,6.2,11.6,303.7,-44.1,0.9,-1.0,RS41,404.900,7.3,250,10,2.6,,
2026-06-21T12:48:21.004Z,X1423757,8037,45.34187,8.48356,31140.4,6.3,11.8,305.1,-44.2,0.9,-1.0,RS41,404.900,7.2,250,10,2.6,,
2026-06-21T12:48:23.004Z,X1423757,8039,45.34198,8.48331,31151.8,5.4,11.6,298.3,-44.1,0.9,-1.0,RS41,404.900,6.8,250,10,2.7,,
2026-06-21T12:48:24.004Z,X1423757,8040,45.34202,8.48318,31157.4,5.8,11.6,289.3,-44.1,0.9,-1.0,RS41,404.900,7.1,250,10,2.7,,
2026-06-21T12:48:43.004Z,X1423757,8059,45.34251,8.48068,31266.1,5.6,9.0,291.0,-44.4,0.9,-1.0,RS41,404.900,6.8,250,10,2.6,,
2026-06-21T12:48:52.004Z,X1423757,8068,45.34272,8.47926,31315.0,4.1,8.6,272.1,-43.7,0.8,-1.0,RS41,404.900,6.9,250,10,2.6,,
2026-06-21T12:49:22.004Z,X1423757,8098,45.34229,8.47437,31479.4,6.3,13.1,250.0,-42.8,0.8,-1.0,RS41,404.900,7.1,250,10,2.7,,
2026-06-21T12:49:23.004Z,X1423757,8099,45.34224,8.47421,31485.0,4.7,14.5,246.0,-42.8,0.8,-1.0,RS41,404.900,6.9,250,10,2.7,,
2026-06-21T12:49:24.004Z,X1423757,8100,45.34218,8.47404,31489.4,4.2,15.6,244.7,-42.9,0.8,-1.0,RS41,404.900,7.3,250,10,2.7,,
2026-06-21T12:49:41.004Z,X1423757,8117,45.34148,8.47131,31578.1,6.0,15.8,240.6,-42.6,0.8,-1.0,RS41,404.900,6.7,250,10,2.6,,
2026-06-21T12:49:54.004Z,X1423757,8130,45.34085,8.46898,31643.0,5.8,17.5,249.4,-41.9,0.8,-1.0,RS41,404.900,6.9,250,10,2.6,,
2026-06-21T12:49:59.004Z,X1423757,8135,45.34066,8.46790,31668.9,5.5,18.1,257.4,-42.0,0.8,-1.0,RS41,404.900,7.0,250,10,2.7,,
2026-06-21T12:50:00.004Z,X1423757,8136,45.34062,8.46768,31673.8,4.4,18.0,256.3,-42.1,0.8,-1.0,RS41,404.900,7.0,250,10,2.6,,
2026-06-21T12:50:06.004Z,X1423757,8142,45.34048,8.46654,31704.5,5.9,14.0,261.5,-42.0,0.8,-1.0,RS41,404.900,7.3,250,10,2.6,,
2026-06-21T12:50:07.004Z,X1423757,8143,45.34045,8.46636,31710.3,5.8,15.3,259.2,-41.9,0.8,-1.0,RS41,404.900,7.5,250,10,2.6,,
2026-06-21T12:50:08.004Z,X1423757,8144,45.34042,8.46616,31715.3,4.3,16.4,257.9,-41.9,0.8,-1.0,RS41-SG,404.900,7.5,250,10,2.6,,
2026-06-21T12:50:12.004Z,X1423757,8148,45.34033,8.46531,31735.4,4.5,16.5,264.7,-41.7,0.8,-1.0,RS41-SG,404.900,7.0,250,10,2.6,,
2026-06-21T12:50:13.004Z,X1423757,8149,45.34031,8.46510,31739.8,4.2,16.0,264.6,-41.7,0.8,-1.0,RS41-SG,404.900,7.0,250,10,2.6,,
2026-06-21T12:50:16.004Z,X1423757,8152,45.34023,8.46451,31755.1,5.6,16.3,253.6,-41.5,0.8,-1.0,RS41-SG,404.900,7.4,250,10,2.7,,
2026-06-21T12:50:19.004Z,X1423757,8155,45.34011,8.46392,31770.5,5.8,15.0,257.1,-41.3,0.8,-1.0,RS41-SG,404.900,7.1,250,10,2.6,,
2026-06-21T12:50:22.004Z,X1423757,8158,45.34009,8.46338,31785.7,4.3,14.5,274.5,-41.2,0.7,-1.0,RS41-SG,404.900,7.6,250,10,2.7,,
2026-06-21T12:50:23.004Z,X1423757,8159,45.34010,8.46319,31790.7,5.8,15.7,274.7,-41.1,0.8,-1.0,RS41-SG,404.900,7.6,250,10,2.7,,
2026-06-21T12:50:24.004Z,X1423757,8160,45.34011,8.46298,31796.6,5.9,17.0,271.3,-41.1,0.8,-1.0,RS41-SG,404.900,7.3,250,10,2.6,,
2026-06-21T12:50:27.004Z,X1423757,8163,45.34008,8.46229,31810.9,5.2,18.7,262.9,-41.0,0.8,-1.0,RS41-SG,404.900,7.2,250,10,2.7,,
2026-06-21T12:50:28.004Z,X1423757,8164,45.34006,8.46206,31816.3,5.5,18.1,263.1,-41.0,0.8,-1.0,RS41-SG,404.900,7.2,250,10,2.7,,
2026-06-21T12:50:32.004Z,X1423757,8168,45.33999,8.46119,31835.4,5.5,17.3,262.1,-40.9,0.8,-1.0,RS41-SG,404.900,7.3,250,10,2.6,,
2026-06-21T12:50:34.004Z,X1423757,8170,45.33993,8.46074,31846.6,4.9,18.3,258.8,-40.8,0.7,-1.0,RS41-SG,404.900,6.7,250,10,2.7,,
2026-06-21T12:50:39.004Z,X1423757,8175,45.33980,8.45969,31870.8,4.6,14.9,264.4,-40.3,0.7,-1.0,RS41-SG,404.900,7.2,250,10,2.6,,
2026-06-21T12:50:41.004Z,X1423757,8177,45.33978,8.45929,31880.4,5.5,16.8,265.0,-40.2,0.7,-1.0,RS41-SG,404.900,7.6,250,10,2.7,,
2026-06-21T12:50:42.004Z,X1423757,8178,45.33976,8.45906,31886.2,5.9,19.0,263.1,-40.1,0.7,-1.0,RS41-SG,404.900,7.6,250,10,2.7,,
2026-06-21T12:50:43.004Z,X1423757,8179,45.33974,8.45881,31891.5,4.6,21.0,261.4,-40.0,0.7,-1.0,RS41-SG,404.900,7.4,250,10,2.6,,
2026-06-21T12:50:51.004Z,X1423757,8187,45.33946,8.45683,31929.0,5.0,17.3,260.9,-39.5,0.7,-1.0,RS41-SG,404.900,7.2,250,10,2.6,,
2026-06-21T12:50:55.004Z,X1423757,8191,45.33932,8.45587,31948.6,4.2,20.6,256.5,-39.2,0.7,-1.0,RS41-SG,404.900,7.1,250,10,2.7,,
2026-06-21T12:50:58.004Z,X1423757,8194,45.33921,8.45517,31964.0,5.3,16.6,259.2,-39.1,0.7,-1.0,RS41-SG,404.900,7.3,250,10,2.6,,
2026-06-21T12:51:02.004Z,X1423757,8198,45.33910,8.45436,31985.2,6.1,17.9,256.1,-39.1,0.7,-1.0,RS41-SG,404.900,7.1,250,10,2.7,,
2026-06-21T12:51:04.004Z,X1423757,8200,45.33901,8.45390,31994.6,4.2,19.6,254.8,-39.1,0.7,-1.0,RS41-SG,404.900,7.2,250,10,2.6,,
2026-06-21T12:51:06.004Z,X1423757,8202,45.33893,8.45342,32004.9,5.8,18.5,258.2,-39.2,0.7,-1.0,RS41-SG,404.900,6.7,250,10,2.7,,
2026-06-21T12:51:07.004Z,X1423757,8203,45.33890,8.45320,32010.8,5.8,17.5,261.3,-39.2,0.7,-1.0,RS41-SG,404.900,6.9,250,10,2.7,,
2026-06-21T12:51:08.004Z,X1423757,8204,45.33888,8.45298,32015.9,4.5,17.0,263.9,-39.2,0.7,-1.0,RS41-SG,404.900,7.2,250,10,2.7,,
2026-06-21T12:51:09.004Z,X1423757,8205,45.33886,8.45277,32020.5,4.5,17.4,265.7,-39.3,0.7,-1.0,RS41-SG,404.900,7.2,250,10,2.6,,
2026-06-21T12:51:10.004Z,X1423757,8206,45.33885,8.45254,32025.4,5.4,18.4,265.9,-39.3,0.7,-1.0,RS41-SG,404.900,7.2,250,10,2.6,,
2026-06-21T12:51:11.004Z,X1423757,8207,45.33884,8.45229,32031.3,6.2,20.1,265.0,-39.3,0.7,-1.0,RS41-SG,404.900,7.0,250,10,2.6,,
2026-06-21T12:51:12.004Z,X1423757,8208,45.33882,8.45203,32036.9,5.1,21.4,263.7,-39.3,0.7,-1.0,RS41-SG,404.900,7.6,250,10,2.7,,
2026-06-21T12:51:13.004Z,X1423757,8209,45.33880,8.45176,32041.6,4.2,22.1,262.4,-39.4,0.7,-1.0,RS41-SG,404.900,7.6,250,10,2.7,,
2026-06-21T12:51:16.004Z,X1423757,8212,45.33872,8.45098,32057.8,6.0,18.3,263.5,-39.3,0.7,-1.0,RS41-SG,404.900,7.3,250,10,2.6,,
2026-06-21T12:51:17.004Z,X1423757,8213,45.33871,8.45076,32063.1,4.5,16.8,265.2,-39.3,0.7,-1.0,RS41-SG,404.900,7.6,250,10,2.6,,
2026-06-21T12:51:18.004Z,X1423757,8214,45.33870,8.45055,32067.8,4.9,15.9,266.8,-39.3,0.7,-1.0,RS41-SG,404.900,7.6,250,10,2.7,,
2026-06-21T12:51:20.004Z,X1423757,8216,45.33868,8.45013,32079.5,6.6,17.4,266.9,-39.2,0.7,-1.0,RS41-SG,404.900,7.3,250,10,2.7,,
2026-06-21T12:51:22.004Z,X1423757,8218,45.33866,8.44966,32090.2,4.6,19.9,266.3,-39.2,0.7,-1.0,RS41-SG,404.900,7.6,250,10,2.6,,
2026-06-21T12:51:23.004Z,X1423757,8219,45.33865,8.44941,32095.1,5.3,20.5,266.8,-39.2,0.7,-1.0,RS41-SG,404.900,7.6,250,10,2.6,,
2026-06-21T12:51:25.004Z,X1423757,8221,45.33864,8.44889,32106.5,5.9,19.7,270.3,-39.1,0.7,-1.0,RS41-SG,404.900,7.3,250,10,2.7,,
2026-06-21T12:51:26.004Z,X1423757,8222,45.33864,8.44865,32112.0,5.1,19.2,272.3,-39.0,0.7,-1.0,RS41-SG,404.900,7.7,250,10,2.7,,
2026-06-21T12:51:27.004Z,X1423757,8223,45.33865,8.44840,32116.9,4.7,19.2,274.2,-39.1,0.7,-1.0,RS41-SG,404.900,7.7,250,10,2.6,,
2026-06-21T12:51:28.004Z,X1423757,8224,45.33867,8.44816,32121.8,5.2,19.7,275.7,-39.1,0.7,-1.0,RS41-SG,404.900,7.8,250,10,2.6,,
2026-06-21T12:51:29.004Z,X1423757,8225,45.33869,8.44790,32127.3,5.8,20.5,275.9,-39.1,0.7,-1.0,RS41-SG,404.900,7.8,250,10,2.6,,
2026-06-21T12:51:32.004Z,X1423757,8228,45.33872,8.44710,32144.1,4.9,21.0,269.5,-39.1,0.7,-1.0,RS41-SG,404.900,7.4,250,10,2.7,,
2026-06-21T12:51:35.004Z,X1423757,8231,45.33868,8.44640,32159.9,5.4,15.5,261.9,-39.1,0.7,-1.0,RS41-SG,404.900,7.5,250,10,2.6,,
2026-06-21T12:51:36.004Z,X1423757,8232,45.33866,8.44621,32165.2,5.1,14.3,263.9,-39.0,0.7,-1.0,RS41-SG,404.900,7.7,250,10,2.7,,
2026-06-21T12:51:37.004Z,X1423757,8233,45.33865,8.44603,32170.4,5.3,14.3,269.4,-39.0,0.7,-1.0,RS41-SG,404.900,7.8,250,10,2.7,,
2026-06-21T12:51:43.004Z,X1423757,8239,45.33882,8.44451,32202.9,7.0,23.4,277.2,-39.1,0.7,-1.0,RS41-SG,404.900,7.4,250,10,2.7,,
2026-06-21T12:51:44.004Z,X1423757,8240,45.33884,8.44422,32209.8,6.5,21.8,274.7,-39.1,0.7,-1.0,RS41-SG,404.900,8.1,250,10,2.7,,
2026-06-21T12:51:45.004Z,X1423757,8241,45.33885,8.44396,32215.2,4.5,20.3,272.3,-39.2,0.7,-1.0,RS41-SG,404.900,8.1,250,10,2.6,,
2026-06-21T12:51:46.004Z,X1423757,8242,45.33886,8.44371,32219.6,4.2,18.8,270.0,-39.1,0.7,-1.0,RS41-SG,404.900,6.9,250,10,2.6,,
2026-06-21T12:51:47.004Z,X1423757,8243,45.33886,8.44348,32224.3,5.1,17.9,269.6,-39.1,0.7,-1.0,RS41-SG,404.900,8.2,250,10,2.6,,
2026-06-21T12:51:48.004Z,X1423757,8244,45.33886,8.44325,32230.1,6.5,17.5,271.9,-39.1,0.7,-1.0,RS41-SG,404.900,8.2,250,10,2.7,,
2026-06-21T12:51:49.004Z,X1423757,8245,45.33887,8.44303,32236.5,6.2,17.4,275.4,-39.1,0.7,-1.0,RS41-SG,404.900,8.1,250,10,2.7,,
2026-06-21T12:51:50.004Z,X1423757,8246,45.33889,8.44281,32242.3,5.5,17.4,279.1,-39.2,0.7,-1.0,RS41-SG,404.900,8.1,250,10,2.7,,
2026-06-21T12:51:51.004Z,X1423757,8247,45.33892,8.44259,32247.8,5.5,17.3,282.4,-39.3,0.7,-1.0,RS41-SG,404.900,7.8,250,10,2.6,,
2026-06-21T12:51:52.004Z,X1423757,8248,45.33895,8.44238,32253.6,6.2,17.1,284.5,-39.2,0.7,-1.0,RS41-SG,404.900,8.1,250,10,2.6,,
2026-06-21T12:51:53.004Z,X1423757,8249,45.33899,8.44217,32260.0,6.5,16.9,284.6,-39.2,0.7,-1.0,RS41-SG,404.900,8.1,250,10,2.6,,
2026-06-21T12:51:54.004Z,X1423757,8250,45.33903,8.44196,32265.9,5.3,17.1,283.2,-39.1,0.7,-1.0,RS41-SG,404.900,7.5,250,10,2.7,,
2026-06-21T12:51:55.004Z,X1423757,8251,45.33906,8.44175,32271.2,5.2,18.0,280.2,-39.1,0.7,-1.0,RS41-SG,404.900,8.1,250,10,2.7,,
2026-06-21T12:51:56.004Z,X1423757,8252,45.33909,8.44151,32276.7,5.8,19.9,277.3,-39.1,0.7,-1.0,RS41-SG,404.900,8.1,250,10,2.7,,
2026-06-21T12:51:57.004Z,X1423757,8253,45.33910,8.44124,32282.7,6.1,22.1,274.4,-39.2,0.7,-1.0,RS41-SG,404.900,8.1,250,10,2.6,,
2026-06-21T12:51:58.004Z,X1423757,8254,45.33912,8.44095,32288.4,5.3,23.8,272.5,-39.1,0.7,-1.0,RS41-SG,404.900,8.7,250,10,2.6,,
2026-06-21T12:51:59.004Z,X1423757,8255,45.33912,8.44065,32293.7,5.3,24.5,270.5,-39.1,0.7,-1.0,RS41-SG,404.900,8.7,250,10,2.6,,
2026-06-21T12:52:00.004Z,X1423757,8256,45.33912,8.44034,32299.3,6.1,23.9,268.5,-39.1,0.7,-1.0,RS41-SG,404.900,7.5,250,10,2.7,,
2026-06-21T12:52:01.004Z,X1423757,8257,45.33911,8.44005,32305.7,6.7,22.0,266.6,-39.1,0.7,-1.0,RS41-SG,404.900,8.3,250,10,2.7,,
2026-06-21T12:52:02.004Z,X1423757,8258,45.33910,8.43978,32312.2,6.2,19.7,265.0,-39.1,0.7,-1.0,RS41-SG,404.900,8.5,250,10,2.7,,
2026-06-21T12:52:03.004Z,X1423757,8259,45.33908,8.43955,32317.7,4.7,17.8,265.1,-39.0,0.7,-1.0,RS41-SG,404.900,8.5,250,10,2.6,,
2026-06-21T12:52:04.004Z,X1423757,8260,45.33907,8.43933,32322.5,4.8,16.3,267.7,-39.1,0.7,-1.0,RS41-SG,404.900,8.3,250,10,2.6,,
2026-06-21T12:52:05.004Z,X1423757,8261,45.33907,8.43913,32327.8,5.7,16.0,273.4,-39.0,0.7,-1.0,RS41-SG,404.900,8.2,250,10,2.6,,
2026-06-21T12:52:06.004Z,X1423757,8262,45.33909,8.43892,32333.8,6.2,17.2,279.6,-38.9,0.7,-1.0,RS41-SG,404.900,8.5,250,10,2.7,,
2026-06-21T12:52:07.004Z,X1423757,8263,45.33912,8.43869,32339.8,5.9,19.2,283.6,-38.8,0.7,-1.0,RS41-SG,404.900,8.7,250,10,2.7,,
2026-06-21T12:52:08.004Z,X1423757,8264,45.33917,8.43844,32345.4,5.3,21.0,285.4,-38.8,0.7,-1.0,RS41-SG,404.900,9.0,250,10,2.7,,
2026-06-21T12:52:09.004Z,X1423757,8265,45.33922,8.43818,32350.4,4.7,22.3,284.9,-38.8,0.7,-1.0,RS41-SG,404.900,9.3,250,10,2.6,,
2026-06-21T12:52:10.004Z,X1423757,8266,45.33927,8.43790,32355.4,5.3,22.7,282.4,-38.7,0.7,-1.0,RS41-SG,404.900,9.3,250,10,2.6,,
2026-06-21T12:52:11.004Z,X1423757,8267,45.33930,8.43762,32361.2,6.3,22.2,278.1,-38.6,0.7,-1.0,RS41-SG,404.900,9.1,250,10,2.6,,
2026-06-21T12:52:12.004Z,X1423757,8268,45.33932,8.43735,32367.8,6.8,20.9,272.6,-38.5,0.7,-1.0,RS41-SG,404.900,8.3,250,10,2.7,,
2026-06-21T12:52:13.004Z,X1423757,8269,45.33932,8.43709,32374.1,5.9,19.7,266.8,-38.5,0.7,-1.0,RS41-SG,404.900,8.0,250,10,2.7,,
2026-06-21T12:52:14.004Z,X1423757,8270,45.33930,8.43685,32379.2,4.2,18.9,262.2,-38.4,0.7,-1.0,RS41-SG,404.900,8.1,250,10,2.7,,
2026-06-21T12:52:15.004Z,X1423757,8271,45.33928,8.43661,32383.6,4.5,18.8,259.0,-38.4,0.7,-1.0,RS41-SG,404.900,8.5,250,10,2.6,,
2026-06-21T12:52:16.004Z,X1423757,8272,45.33925,8.43637,32388.6,5.6,19.4,259.2,-38.4,0.7,-1.0,RS41-SG,404.900,8.5,250,10,2.6,,
2026-06-21T12:52:17.004Z,X1423757,8273,45.33922,8.43612,32394.8,6.6,20.5,262.6,-38.4,0.6,-1.0,RS41-SG,404.900,9.0,250,10,2.6,,
2026-06-21T12:52:18.004Z,X1423757,8274,45.33920,8.43586,32401.3,6.5,21.7,267.1,-38.3,0.7,-1.0,RS41-SG,404.900,9.0,250,10,2.7,,
2026-06-21T12:52:19.004Z,X1423757,8275,45.33920,8.43558,32407.2,5.3,22.1,271.9,-38.3,0.7,-1.0,RS41-SG,404.900,8.8,250,10,2.7,,
2026-06-21T12:52:20.004Z,X1423757,8276,45.33921,8.43530,32412.6,5.4,21.8,277.3,-38.4,0.7,-1.0,RS41-SG,404.900,8.8,250,10,2.7,,
2026-06-21T12:52:21.004Z,X1423757,8277,45.33925,8.43504,32418.1,5.7,20.7,283.2,-38.4,0.7,-1.0,RS41-SG,404.900,8.2,250,10,2.6,,
2026-06-21T12:52:22.004Z,X1423757,8278,45.33930,8.43480,32424.0,6.0,19.1,288.5,-38.4,0.7,-1.0,RS41-SG,404.900,7.7,250,10,2.6,,
2026-06-21T12:52:25.004Z,X1423757,8281,45.33946,8.43424,32444.2,-4.3,15.8,294.5,-38.0,0.7,-1.0,RS41-SG,404.900,9.1,250,10,2.7,,
2026-06-21T12:52:26.004Z,X1423757,8282,45.33951,8.43405,32434.9,-13.8,15.9,293.7,-38.0,0.7,-1.0,RS41-SG,404.900,9.1,250,10,2.7,,
2026-06-21T12:52:27.004Z,X1423757,8283,45.33957,8.43386,32416.1,-23.1,16.0,292.2,-38.2,0.7,-1.0,RS41-SG,404.900,8.6,250,10,2.6,,
2026-06-21T12:52:28.004Z,X1423757,8284,45.33962,8.43367,32388.9,-31.1,16.0,290.4,-38.3,0.7,-1.0,RS41-SG,404.900,8.6,250,10,2.6,,
2026-06-21T12:52:29.004Z,X1423757,8285,45.33967,8.43348,32353.5,-39.2,16.2,287.6,-38.4,0.7,-1.0,RS41-SG,404.900,8.9,250,10,2.6,,
2026-06-21T12:52:30.004Z,X1423757,8286,45.33971,8.43328,32311.2,-45.1,16.7,284.0,-38.6,0.7,-1.0,RS41-SG,404.900,8.9,250,10,2.7,,
2026-06-21T12:52:32.004Z,X1423757,8288,45.33975,8.43283,32214.2,-48.2,20.6,264.0,-38.7,0.7,-1.0,RS41-SG,404.900,8.5,250,10,2.7,,
2026-06-21T12:52:33.004Z,X1423757,8289,45.33969,8.43253,32170.5,-39.1,28.7,247.3,-38.8,0.6,-1.0,RS41-SG,404.900,8.5,250,10,2.6,,
2026-06-21T12:52:39.004Z,X1423757,8295,45.33930,8.43058,32001.1,-28.3,19.6,274.3,-39.3,0.7,-1.0,RS41-SG,404.900,7.8,250,10,2.6,,
2026-06-21T12:52:41.004Z,X1423757,8297,45.33932,8.43010,31932.1,-39.6,18.7,274.0,-38.9,0.7,-1.0,RS41,404.900,7.0,250,10,2.6,,
2026-06-21T12:52:42.004Z,X1423757,8298,45.33933,8.42988,31892.9,-38.8,16.2,276.6,-38.9,0.7,-1.0,RS41,404.900,7.0,250,10,2.7,,
2026-06-21T12:52:43.004Z,X1423757,8299,45.33935,8.42969,31855.7,-35.5,14.0,280.6,-39.1,0.7,-1.0,RS41,404.900,7.5,250,10,2.7,,
2026-06-21T12:52:44.004Z,X1423757,8300,45.33938,8.42952,31820.7,-34.7,13.0,279.6,-39.4,0.7,-1.0,RS41,404.900,7.5,250,10,2.7,,
2026-06-21T12:52:45.004Z,X1423757,8301,45.33939,8.42936,31786.4,-33.4,12.5,276.6,-39.9,0.7,-1.0,RS41,404.900,8.3,250,10,2.6,,
2026-06-21T12:52:46.004Z,X1423757,8302,45.33940,8.42921,31751.6,-36.5,12.5,273.8,-40.2,0.8,-1.0,RS41,404.900,8.3,250,10,2.6,,
2026-06-21T12:52:47.004Z,X1423757,8303,45.33940,8.42904,31713.1,-40.4,14.0,267.3,-40.3,0.8,-1.0,RS41,404.900,8.2,250,9,2.6,,
2026-06-21T12:52:48.004Z,X1423757,8304,45.33939,8.42885,31673.7,-38.4,15.4,261.6,-40.6,0.8,-1.0,RS41,404.900,8.2,250,10,2.7,,
2026-06-21T12:52:49.004Z,X1423757,8305,45.33936,8.42863,31636.8,-35.5,20.3,256.0,-40.9,0.8,-1.0,RS41,404.900,8.0,250,9,2.7,,
2026-06-21T12:52:50.004Z,X1423757,8306,45.33932,8.42838,31599.7,-38.6,20.1,256.8,-41.1,0.8,-1.0,RS41,404.900,8.0,250,9,2.7,,
2026-06-21T12:52:51.004Z,X1423757,8307,45.33927,8.42811,31562.7,-35.5,23.4,253.9,-41.2,0.8,-1.0,RS41,404.900,7.9,250,9,2.6,,
2026-06-21T12:52:52.004Z,X1423757,8308,45.33921,8.42783,31526.1,-38.0,23.3,254.2,-41.1,0.8,-1.0,RS41,404.900,7.9,250,10,2.6,,
2026-06-21T12:52:57.004Z,X1423757,8313,45.33899,8.42661,31305.9,-49.7,16.2,255.9,-41.6,0.8,-1.0,RS41,404.900,6.9,250,9,2.6,08:29:58,
2026-06-21T12:52:58.004Z,X1423757,8314,45.33896,8.42642,31255.5,-51.7,13.9,259.0,-41.9,0.8,-1.0,RS41,404.900,6.9,250,8,2.6,08:29:58,
2026-06-21T12:53:00.004Z,X1423757,8316,45.33893,8.42614,31154.8,-48.5,9.0,265.9,-42.6,0.9,-1.0,RS41,404.900,8.0,250,9,2.7,08:29:58,
2026-06-21T12:53:01.004Z,X1423757,8317,45.33893,8.42603,31107.2,-47.1,8.2,269.2,-42.9,0.9,-1.0,RS41,404.900,8.1,250,9,2.7,08:29:58,
2026-06-21T12:53:02.004Z,X1423757,8318,45.33893,8.42592,31061.2,-44.4,8.7,276.2,-43.0,0.9,-1.0,RS41,404.900,8.1,250,8,2.7,08:29:58,
2026-06-21T12:53:03.004Z,X1423757,8319,45.33894,8.42581,31015.6,-46.1,9.5,282.6,-43.0,0.9,-1.0,RS41,404.900,8.5,250,9,2.6,08:29:58,
2026-06-21T12:53:04.004Z,X1423757,8320,45.33896,8.42568,30969.2,-47.4,10.2,280.2,-43.1,0.9,-1.0,RS41,404.900,8.5,250,9,2.6,08:29:58,
2026-06-21T12:53:05.004Z,X1423757,8321,45.33897,8.42554,30920.5,-49.9,12.1,280.7,-43.1,0.9,-1.0,RS41,404.900,9.2,250,9,2.6,08:29:58,
2026-06-21T12:53:06.004Z,X1423757,8322,45.33899,8.42538,30872.1,-46.7,13.5,279.4,-43.1,0.9,-1.0,RS41,404.900,9.2,250,10,2.7,08:29:58,
2026-06-21T12:53:07.004Z,X1423757,8323,45.33901,8.42519,30826.3,-44.7,16.0,279.6,-43.1,0.9,-1.0,RS41,404.900,8.3,250,10,2.7,08:29:58,
2026-06-21T12:53:08.004Z,X1423757,8324,45.33903,8.42498,30783.5,-42.6,17.0,275.3,-43.4,0.9,-1.0,RS41,404.900,7.9,250,8,2.7,08:29:58,
2026-06-21T12:53:09.004Z,X1423757,8325,45.33905,8.42477,30741.4,-41.4,16.8,275.8,-43.7,0.9,-1.0,RS41,404.900,8.1,250,10,2.6,08:29:58,
2026-06-21T12:53:10.004Z,X1423757,8326,45.33906,8.42456,30700.6,-40.0,16.7,275.6,-44.0,1.0,-1.0,RS41,404.900,8.1,250,9,2.6,08:29:58,
2026-06-21T12:53:11.004Z,X1423757,8327,45.33907,8.42436,30660.8,-39.2,15.4,269.9,-44.2,1.0,-1.0,RS41,404.900,7.9,250,10,2.6,08:29:58,
2026-06-21T12:53:12.004Z,X1423757,8328,45.33907,8.42418,30621.3,-39.9,13.6,268.9,-44.3,1.0,-1.0,RS41,404.900,7.9,250,9,2.7,08:29:58,
2026-06-21T12:53:13.004Z,X1423757,8329,45.33906,8.42401,30581.8,-39.4,12.7,265.0,-44.4,1.0,-1.0,RS41,404.900,7.3,250,9,2.7,08:29:58,
2026-06-21T12:53:15.004Z,X1423757,8331,45.33902,8.42371,30506.2,-36.3,11.6,254.7,-44.8,1.0,-1.0,RS41,404.900,8.0,250,10,2.6,08:29:58,
2026-06-21T12:53:16.004Z,X1423757,8332,45.33899,8.42357,30470.5,-36.2,11.3,254.9,-45.0,1.0,-1.0,RS41,404.900,8.0,250,10,2.6,08:29:58,
2026-06-21T12:53:17.004Z,X1423757,8333,45.33897,8.42343,30433.4,-37.0,12.1,258.9,-45.0,1.0,-1.0,RS41,404.900,7.4,250,10,2.6,08:29:58,
2026-06-21T12:53:18.004Z,X1423757,8334,45.33895,8.42328,30396.8,-36.2,12.1,257.6,-45.1,1.0,-1.0,RS41,404.900,7.8,250,10,2.7,08:29:58,
2026-06-21T12:53:19.004Z,X1423757,8335,45.33893,8.42312,30360.4,-37.1,12.6,261.5,-45.1,1.0,-1.0,RS41,404.900,7.8,250,10,2.7,08:29:58,
2026-06-21T12:53:20.004Z,X1423757,8336,45.33891,8.42297,30324.6,-35.8,12.2,260.4,-45.1,1.0,-1.0,RS41,404.900,7.4,250,9,2.7,08:29:58,
2026-06-21T12:53:21.004Z,X1423757,8337,45.33890,8.42282,30289.3,-35.6,11.4,264.5,-45.1,1.0,-1.0,RS41,404.900,8.0,250,10,2.6,08:29:58,
2026-06-21T12:53:22.004Z,X1423757,8338,45.33889,8.42268,30253.5,-36.3,11.4,268.1,-45.1,1.0,-1.0,RS41,404.900,8.0,250,9,2.6,08:29:58,
2026-06-21T12:53:23.004Z,X1423757,8339,45.33889,8.42253,30217.4,-36.7,11.4,268.1,-45.3,1.0,-1.0,RS41,404.900,7.4,250,9,2.6,08:29:58,
2026-06-21T12:53:24.004Z,X1423757,8340,45.33888,8.42239,30181.5,-36.3,11.4,267.9,-45.4,1.0,-1.0,RS41,404.900,7.2,250,9,2.7,08:29:58,
2026-06-21T12:53:26.004Z,X1423757,8342,45.33888,8.42208,30110.5,-35.3,12.4,272.6,-45.3,0.9,-1.0,RS41,404.900,6.9,250,10,2.7,08:29:58,
2026-06-21T12:53:54.004Z,X1423757,8370,45.33963,8.41724,29147.0,-34.5,11.5,265.1,-45.8,0.9,-1.0,RS41,404.900,7.7,250,7,2.7,08:29:58,
2026-06-21T12:53:56.004Z,X1423757,8372,45.33959,8.41690,29079.2,-33.0,15.7,261.1,-45.8,0.9,-1.0,RS41,404.900,7.9,250,8,2.7,08:29:58,
2026-06-21T12:53:57.004Z,X1423757,8373,45.33957,8.41670,29046.1,-31.8,16.1,264.6,-45.9,1.0,-1.0,RS41,404.900,7.5,250,10,2.6,08:29:58,
2026-06-21T12:53:58.004Z,X1423757,8374,45.33957,8.41650,29013.4,-32.6,16.1,268.6,-45.9,0.9,-1.0,RS41,404.900,7.5,250,10,2.6,08:29:58,
2026-06-21T12:53:59.004Z,X1423757,8375,45.33957,8.41630,28980.0,-33.1,15.6,273.4,-45.9,0.9,-1.0,RS41,404.900,7.5,250,9,2.6,08:29:58,
2026-06-21T12:54:00.004Z,X1423757,8376,45.33958,8.41611,28946.5,-33.3,14.7,274.8,-45.8,0.9,-1.0,RS41,404.900,8.5,250,9,2.7,08:29:58,
2026-06-21T12:54:01.004Z,X1423757,8377,45.33959,8.41594,28912.6,-34.0,12.9,272.0,-45.8,0.9,-1.0,RS41,404.900,9.6,250,9,2.7,08:29:58,
2026-06-21T12:54:02.004Z,X1423757,8378,45.33959,8.41578,28878.2,-34.2,11.8,270.5,-45.8,0.9,-1.0,RS41,404.900,9.6,250,9,2.7,08:29:58,
2026-06-21T12:54:03.004Z,X1423757,8379,45.33958,8.41564,28844.5,-32.8,11.0,266.5,-45.7,0.9,-1.0,RS41,404.900,10.0,250,10,2.6,08:29:58,
2026-06-21T12:54:04.004Z,X1423757,8380,45.33958,8.41550,28811.8,-31.9,10.7,267.7,-45.7,0.9,-1.0,RS41,404.900,10.0,250,9,2.6,08:29:58,
2026-06-21T12:54:05.004Z,X1423757,8381,45.33957,8.41536,28779.4,-31.8,11.7,266.4,-45.6,0.9,-1.0,RS41,404.900,9.8,250,10,2.6,08:29:58,
2026-06-21T12:54:06.004Z,X1423757,8382,45.33957,8.41521,28747.1,-32.0,12.3,268.0,-45.6,0.9,-1.0,RS41,404.900,9.8,250,10,2.7,08:29:58,
2026-06-21T12:54:11.004Z,X1423757,8387,45.33954,8.41446,28584.3,-32.4,11.6,256.8,-46.0,0.9,-1.0,RS41,404.900,9.8,250,9,2.6,08:29:58,
2026-06-21T12:54:12.004Z,X1423757,8388,45.33951,8.41432,28551.7,-33.1,11.7,256.9,-46.2,1.0,-1.0,RS41,404.900,11.3,250,9,2.7,08:29:58,
2026-06-21T12:54:13.004Z,X1423757,8389,45.33948,8.41417,28519.5,-32.2,12.7,251.4,-46.4,1.0,-1.0,RS41,404.900,11.3,250,8,2.7,08:29:58,
2026-06-21T12:54:14.004Z,X1423757,8390,45.33945,8.41401,28488.1,-31.4,13.9,252.3,-46.6,1.0,-1.0,RS41,404.900,11.0,250,8,2.7,08:29:58,
2026-06-21T12:54:15.004Z,X1423757,8391,45.33941,8.41384,28456.7,-30.2,15.2,256.8,-46.6,1.0,-1.0,RS41,404.900,10.1,250,10,2.6,08:29:58,
2026-06-21T12:54:16.004Z,X1423757,8392,45.33939,8.41365,28425.3,-31.6,15.2,264.5,-46.6,1.0,-1.0,RS41,404.900,10.0,250,10,2.6,08:29:58,
2026-06-21T12:54:17.004Z,X1423757,8393,45.33938,8.41345,28394.0,-31.1,15.2,267.7,-46.4,1.0,-1.0,RS41,404.900,10.2,250,9,2.6,08:29:58,
2026-06-21T12:54:18.004Z,X1423757,8394,45.33939,8.41327,28363.0,-30.8,14.4,276.1,-46.3,0.9,-1.0,RS41,404.900,10.8,250,9,2.7,08:29:58,
2026-06-21T12:54:19.004Z,X1423757,8395,45.33940,8.41309,28331.7,-31.1,14.6,277.7,-46.1,0.9,-1.0,RS41,404.900,11.0,250,9,2.7,08:29:58,
2026-06-21T12:54:20.004Z,X1423757,8396,45.33942,8.41291,28300.8,-30.3,13.5,276.2,-46.0,0.9,-1.0,RS41,404.900,11.2,250,10,2.7,08:29:58,
2026-06-21T12:54:21.004Z,X1423757,8397,45.33943,8.41275,28270.9,-29.6,12.1,271.0,-45.8,0.9,-1.0,RS41,404.900,11.2,250,9,2.6,08:29:58,
2026-06-21T12:54:22.004Z,X1423757,8398,45.33942,8.41261,28241.3,-29.6,10.7,265.1,-45.6,0.9,-1.0,RS41,404.900,10.6,250,10,2.6,08:29:58,
2026-06-21T12:54:23.004Z,X1423757,8399,45.33940,8.41248,28211.8,-29.9,9.6,255.8,-45.5,0.9,-1.0,RS41-SG,404.900,10.1,250,9,2.6,08:29:58,
2026-06-21T12:54:24.004Z,X1423757,8400,45.33938,8.41237,28182.0,-30.1,9.5,245.2,-45.5,0.9,-1.0,RS41-SG,404.900,11.2,250,10,2.7,08:29:58,
2026-06-21T12:54:25.004Z,X1423757,8401,45.33933,8.41226,28152.4,-29.7,10.1,231.3,-45.5,0.9,-1.0,RS41-SG,404.900,11.2,250,8,2.7,08:29:58,
2026-06-21T12:54:26.004Z,X1423757,8402,45.33926,8.41216,28122.6,-29.8,11.5,219.5,-45.6,0.9,-1.0,RS41-SG,404.900,11.4,250,10,2.7,08:29:58,
2026-06-21T12:54:27.004Z,X1423757,8403,45.33918,8.41208,28093.2,-29.5,11.8,213.4,-45.9,0.9,-1.0,RS41-SG,404.900,11.4,250,9,2.6,08:29:58,
2026-06-21T12:54:28.004Z,X1423757,8404,45.33909,8.41200,28063.8,-29.3,11.3,210.6,-46.2,0.9,-1.0,RS41-SG,404.900,11.3,250,9,2.6,08:29:58,
2026-06-21T12:54:29.004Z,X1423757,8405,45.33900,8.41192,28034.4,-29.4,11.1,209.6,-46.4,0.9,-1.0,RS41-SG,404.900,10.8,250,9,2.6,08:29:58,
2026-06-21T12:54:30.004Z,X1423757,8406,45.33892,8.41186,28005.1,-29.1,10.0,208.7,-46.7,1.0,-1.0,RS41-SG,404.900,10.8,250,10,2.7,08:29:58,
2026-06-21T12:54:31.004Z,X1423757,8407,45.33885,8.41180,27976.0,-28.6,8.6,210.2,-46.7,1.0,-1.0,RS41-SG,404.900,11.1,250,9,2.7,08:29:58,
2026-06-21T12:54:32.004Z,X1423757,8408,45.33879,8.41175,27946.9,-28.8,7.2,213.8,-46.7,0.9,-1.0,RS41-SG,404.900,11.1,250,9,2.7,08:29:58,
2026-06-21T12:54:33.004Z,X1423757,8409,45.33874,8.41170,27918.3,-28.8,6.2,214.4,-46.6,0.9,-1.0,RS41-SG,404.900,11.0,250,9,2.6,08:29:58,
2026-06-21T12:54:34.004Z,X1423757,8410,45.33870,8.41166,27889.7,-27.8,4.6,214.8,-46.4,0.9,-1.0,RS41-SG,404.900,10.3,250,10,2.6,08:29:58,
2026-06-21T12:54:35.004Z,X1423757,8411,45.33867,8.41162,27861.6,-27.7,3.9,225.3,-46.3,0.9,-1.0,RS41-SG,404.900,10.7,250,10,2.6,08:29:58,
2026-06-21T12:54:36.004Z,X1423757,8412,45.33865,8.41158,27833.4,-28.2,4.1,242.6,-46.1,0.9,-1.0,RS41-SG,404.900,10.7,250,9,2.7,08:29:58,
2026-06-21T12:54:37.004Z,X1423757,8413,45.33864,8.41153,27805.4,-27.6,4.9,247.2,-45.9,0.9,-1.0,RS41-SG,404.900,11.0,250,10,2.7,08:29:58,
2026-06-21T12:54:38.004Z,X1423757,8414,45.33862,8.41147,27778.2,-27.0,5.1,249.0,-45.7,0.9,-1.0,RS41-SG,404.900,11.0,250,10,2.7,08:29:58,
2026-06-21T12:54:39.004Z,X1423757,8415,45.33860,8.41141,27750.9,-27.5,5.0,249.6,-45.5,0.9,-1.0,RS41-SG,404.900,11.0,250,9,2.6,08:28:16,
2026-06-21T12:54:40.004Z,X1423757,8416,45.33859,8.41134,27723.6,-27.5,5.5,253.8,-45.4,0.9,-1.0,RS41-SG,404.900,11.0,250,8,2.6,08:28:16,
2026-06-21T12:54:41.004Z,X1423757,8417,45.33857,8.41127,27696.7,-27.1,6.0,244.5,-45.3,0.9,-1.0,RS41-SG,404.900,10.3,250,9,2.6,08:28:16,
2026-06-21T12:54:42.004Z,X1423757,8418,45.33854,8.41121,27670.1,-26.7,6.3,236.6,-45.2,0.9,-1.0,RS41-SG,404.900,10.8,250,9,2.7,08:28:16,
2026-06-21T12:54:43.004Z,X1423757,8419,45.33851,8.41114,27644.0,-26.8,6.2,237.4,-45.3,0.9,-1.0,RS41-SG,404.900,10.8,250,9,2.7,08:28:16,
2026-06-21T12:54:44.004Z,X1423757,8420,45.33848,8.41107,27617.8,-26.2,7.5,235.0,-45.4,0.9,-1.0,RS41-SG,404.900,10.5,250,8,2.7,08:28:16,
2026-06-21T12:54:45.004Z,X1423757,8421,45.33844,8.41099,27591.2,-26.7,7.5,243.2,-45.4,0.9,-1.0,RS41-SG,404.900,10.5,250,9,2.6,08:28:16,
2026-06-21T12:54:46.004Z,X1423757,8422,45.33841,8.41089,27564.9,-26.3,8.3,248.9,-45.3,0.9,-1.0,RS41-SG,404.900,9.9,250,10,2.6,08:28:16,
2026-06-21T12:54:47.004Z,X1423757,8423,45.33839,8.41079,27537.7,-27.4,9.1,258.7,-45.2,0.8,-1.0,RS41-SG,404.900,10.3,250,9,2.6,08:28:16,
2026-06-21T12:54:48.004Z,X1423757,8424,45.33838,8.41067,27510.4,-27.5,9.1,263.3,-45.1,0.8,-1.0,RS41-SG,404.900,10.3,250,10,2.7,08:28:16,
2026-06-21T12:54:49.004Z,X1423757,8425,45.33838,8.41056,27483.3,-26.4,9.6,266.8,-44.9,0.8,-1.0,RS41-SG,404.900,9.8,250,10,2.7,08:28:16,
2026-06-21T12:54:50.004Z,X1423757,8426,45.33837,8.41044,27456.7,-27.0,9.3,270.2,-44.8,0.8,-1.0,RS41-SG,404.900,9.8,250,10,2.7,08:28:16,
2026-06-21T12:54:51.004Z,X1423757,8427,45.33837,8.41033,27430.3,-26.1,8.6,264.8,-44.8,0.8,-1.0,RS41-SG,404.900,9.1,250,10,2.6,08:28:16,
2026-06-21T12:54:52.004Z,X1423757,8428,45.33837,8.41023,27404.4,-25.9,6.9,266.1,-44.9,0.8,-1.0,RS41-SG,404.900,8.3,250,10,2.6,08:28:16,
2026-06-21T12:54:53.004Z,X1423757,8429,45.33836,8.41015,27378.6,-26.0,5.4,248.1,-45.1,0.8,-1.0,RS41-SG,404.900,9.3,250,9,2.6,08:28:16,
2026-06-21T12:54:54.004Z,X1423757,8430,45.33833,8.41010,27352.4,-26.6,4.7,226.2,-45.2,0.8,-1.0,RS41-SG,404.900,9.3,250,9,2.7,08:28:16,
2026-06-21T12:54:55.004Z,X1423757,8431,45.33830,8.41007,27326.5,-26.6,5.0,203.3,-45.3,0.9,-1.0,RS41-SG,404.900,8.4,250,9,2.7,08:28:16,
2026-06-21T12:54:56.004Z,X1423757,8432,45.33826,8.41005,27299.9,-27.2,4.5,193.6,-45.5,0.9,-1.0,RS41-SG,404.900,10.1,250,8,2.7,08:28:16,
2026-06-21T12:54:57.004Z,X1423757,8433,45.33822,8.41005,27273.1,-26.6,4.6,174.4,-45.6,0.9,-1.0,RS41-SG,404.900,10.1,250,9,2.6,08:28:16,
2026-06-21T12:54:58.004Z,X1423757,8434,45.33818,8.41005,27246.6,-26.4,4.7,179.9,-45.6,0.9,-1.0,RS41-SG,404.900,7.7,250,10,2.6,08:28:16,
2026-06-21T12:54:59.004Z,X1423757,8435,45.33814,8.41005,27220.1,-26.4,3.4,178.8,-45.6,0.9,-1.0,RS41-SG,404.900,7.7,250,9,2.6,08:28:16,
2026-06-21T12:55:00.004Z,X1423757,8436,45.33812,8.41005,27194.3,-25.2,2.6,193.7,-45.6,0.9,-1.0,RS41-SG,404.900,7.0,250,10,2.7,08:28:16,
2026-06-21T12:55:01.004Z,X1423757,8437,45.33810,8.41003,27167.8,-26.8,2.0,246.6,-45.7,0.9,-1.0,RS41-SG,404.900,7.4,250,9,2.7,08:28:16,
2026-06-21T12:55:03.004Z,X1423757,8439,45.33811,8.40996,27113.7,-27.3,4.2,290.0,-46.0,0.9,-1.0,RS41-SG,404.900,7.0,250,9,2.6,08:28:16,
2026-06-21T12:55:05.004Z,X1423757,8441,45.33816,8.40982,27059.8,-26.7,7.8,300.0,-46.2,0.9,-1.0,RS41-SG,404.900,7.0,250,10,2.6,08:28:16,
2026-06-21T12:55:06.004Z,X1423757,8442,45.33820,8.40973,27033.0,-26.6,8.4,302.5,-46.3,0.9,-1.0,RS41-SG,404.900,7.6,250,10,2.7,08:28:16,
2026-06-21T12:55:07.004Z,X1423757,8443,45.33824,8.40964,27006.9,-25.9,8.9,297.1,-46.3,1.0,-1.0,RS41-SG,404.900,8.4,250,9,2.7,08:28:16,
2026-06-21T12:55:08.004Z,X1423757,8444,45.33828,8.40954,26981.2,-25.9,8.8,299.0,-46.3,1.0,-1.0,RS41-SG,404.900,8.4,250,10,2.7,08:28:16,
2026-06-21T12:55:09.004Z,X1423757,8445,45.33831,8.40944,26955.6,-25.6,9.0,289.3,-46.2,0.9,-1.0,RS41-SG,404.900,8.6,250,9,2.6,08:28:16,
2026-06-21T12:55:10.004Z,X1423757,8446,45.33833,8.40933,26930.5,-25.6,8.4,290.2,-46.2,0.9,-1.0,RS41-SG,404.900,8.6,250,9,2.6,08:28:16,
2026-06-21T12:55:11.004Z,X1423757,8447,45.33835,8.40923,26905.6,-25.0,8.4,278.4,-46.2,0.9,-1.0,RS41-SG,404.900,8.4,250,9,2.6,08:28:16,
2026-06-21T12:55:12.004Z,X1423757,8448,45.33836,8.40913,26880.4,-25.4,8.1,281.2,-46.1,0.9,-1.0,RS41-SG,404.900,7.6,250,10,2.7,08:28:16,
2026-06-21T12:55:13.004Z,X1423757,8449,45.33838,8.40903,26854.9,-25.4,7.9,275.7,-46.1,0.9,-1.0,RS41-SG,404.900,7.4,250,10,2.7,08:28:16,
2026-06-21T12:55:14.004Z,X1423757,8450,45.33839,8.40892,26829.8,-24.7,8.6,278.2,-46.1,0.9,-1.0,RS41-SG,404.900,7.4,250,9,2.7,08:28:16,
2026-06-21T12:55:15.004Z,X1423757,8451,45.33840,8.40882,26804.5,-25.6,8.2,282.3,-46.2,0.9,-1.0,RS41-SG,404.900,7.8,250,10,2.6,08:28:16,
2026-06-21T12:55:19.004Z,X1423757,8455,45.33848,8.40843,26702.8,-25.0,7.9,290.5,-46.5,1.0,-1.0,RS41-SG,404.900,6.7,250,10,2.7,08:28:16,
2026-06-21T12:55:28.004Z,X1423757,8464,45.33877,8.40766,26414.6,-41.7,7.9,294.1,-46.0,0.9,-1.0,RS41-SG,404.900,7.0,250,7,2.6,08:28:16,
2026-06-21T12:55:30.004Z,X1423757,8466,45.33883,8.40746,26327.7,-44.7,9.2,288.1,-46.3,0.9,-1.0,RS41-SG,404.900,7.0,250,10,2.7,08:27:25,
2026-06-21T12:55:31.004Z,X1423757,8467,45.33886,8.40735,26284.6,-42.8,9.6,285.7,-46.5,0.9,-1.0,RS41-SG,404.900,7.5,250,9,2.7,08:27:25,
2026-06-21T12:55:32.004Z,X1423757,8468,45.33888,8.40722,26243.1,-40.6,11.0,283.8,-46.5,0.9,-1.0,RS41-SG,404.900,7.5,250,9,2.7,08:27:25,
2026-06-21T12:55:33.004Z,X1423757,8469,45.33890,8.40708,26203.6,-38.8,12.3,279.1,-46.6,0.9,-1.0,RS41-SG,404.900,7.1,250,9,2.6,08:27:25,
2026-06-21T12:55:34.004Z,X1423757,8470,45.33892,8.40692,26165.5,-37.4,12.3,280.0,-46.6,1.0,-1.0,RS41-SG,404.900,7.1,250,10,2.6,08:27:25,
2026-06-21T12:55:35.004Z,X1423757,8471,45.33894,8.40677,26128.9,-35.7,13.3,278.5,-46.7,0.9,-1.0,RS41-SG,404.900,6.8,250,10,2.6,08:27:25,
2026-06-21T12:55:37.004Z,X1423757,8473,45.33896,8.40644,26056.5,-33.5,12.8,275.5,-46.7,1.0,-1.0,RS41-SG,404.900,6.9,250,9,2.7,08:27:25,
2026-06-21T12:55:43.004Z,X1423757,8479,45.33902,8.40571,25861.7,-31.8,6.8,288.2,-47.3,1.0,-1.0,RS41-SG,404.900,7.0,250,9,2.7,08:27:25,
2026-06-21T12:55:44.004Z,X1423757,8480,45.33904,8.40564,25828.7,-33.6,5.6,291.8,-47.3,1.0,-1.0,RS41-SG,404.900,7.1,250,9,2.7,08:27:25,
2026-06-21T12:55:45.004Z,X1423757,8481,45.33906,8.40556,25794.2,-35.3,6.8,295.0,-47.2,1.0,-1.0,RS41-SG,404.900,7.9,250,9,2.6,08:27:25,
2026-06-21T12:55:46.004Z,X1423757,8482,45.33908,8.40549,25758.7,-35.7,6.8,296.5,-47.0,1.0,-1.0,RS41-SG,404.900,7.9,250,10,2.6,08:27:25,
2026-06-21T12:55:48.004Z,X1423757,8484,45.33913,8.40530,25687.5,-35.2,8.6,288.6,-46.6,0.9,-1.0,RS41-SG,404.900,7.2,250,10,2.7,08:27:25,
2026-06-21T12:55:49.004Z,X1423757,8485,45.33915,8.40518,25651.3,-36.4,10.6,283.6,-46.8,0.9,-1.0,RS41-SG,404.900,7.2,250,10,2.7,08:27:25,
2026-06-21T12:55:50.004Z,X1423757,8486,45.33916,8.40504,25616.8,-33.1,12.7,273.2,-46.9,1.0,-1.0,RS41-SG,404.900,7.0,250,10,2.7,08:27:25,
2026-06-21T12:55:53.004Z,X1423757,8489,45.33915,8.40449,25518.7,-33.4,15.0,263.0,-46.6,0.9,-1.0,RS41-SG,404.900,7.3,250,9,2.6,08:27:25,
2026-06-21T12:55:54.004Z,X1423757,8490,45.33913,8.40430,25484.2,-36.0,15.8,261.5,-46.6,0.9,-1.0,RS41-SG,404.900,7.3,250,9,2.7,08:27:25,
2026-06-21T12:55:55.004Z,X1423757,8491,45.33911,8.40411,25448.5,-35.4,15.4,262.8,-46.7,0.9,-1.0,RS41-SG,404.900,8.0,250,10,2.7,08:27:25,
2026-06-21T12:55:56.004Z,X1423757,8492,45.33909,8.40391,25412.9,-36.0,15.4,262.2,-46.6,0.9,-1.0,RS41-SG,404.900,8.0,250,10,2.7,08:27:25,
2026-06-21T12:55:57.004Z,X1423757,8493,45.33907,8.40372,25377.8,-34.6,14.9,263.2,-46.6,0.9,-1.0,RS41-SG,404.900,7.3,250,10,2.6,08:27:25,
2026-06-21T12:55:58.004Z,X1423757,8494,45.33906,8.40355,25344.3,-33.2,13.8,264.6,-46.6,0.9,-1.0,RS41-SG,404.900,8.4,250,9,2.6,08:27:25,
2026-06-21T12:55:59.004Z,X1423757,8495,45.33905,8.40338,25310.1,-35.3,13.2,269.0,-46.6,0.9,-1.0,RS41-SG,404.900,8.9,250,9,2.6,08:27:25,
2026-06-21T12:56:00.004Z,X1423757,8496,45.33905,8.40322,25275.7,-33.7,12.2,272.4,-46.6,0.9,-1.0,RS41-SG,404.900,8.9,250,10,2.7,08:27:25,
2026-06-21T12:56:01.004Z,X1423757,8497,45.33906,8.40306,25242.7,-33.1,12.7,273.2,-46.7,0.9,-1.0,RS41-SG,404.900,8.5,250,8,2.7,08:27:25,
2026-06-21T12:56:02.004Z,X1423757,8498,45.33907,8.40290,25210.0,-32.3,12.1,276.9,-46.8,0.9,-1.0,RS41-SG,404.900,8.5,250,10,2.7,08:27:25,
2026-06-21T12:56:03.004Z,X1423757,8499,45.33908,8.40274,25177.3,-32.9,12.4,277.6,-47.0,0.9,-1.0,RS41-SG,404.900,8.2,250,9,2.6,08:27:25,
2026-06-21T12:56:04.004Z,X1423757,8500,45.33910,8.40259,25144.6,-32.9,11.6,276.5,-47.2,1.0,-1.0,RS41-SG,404.900,8.7,250,10,2.6,08:27:25,
2026-06-21T12:56:05.004Z,X1423757,8501,45.33911,8.40244,25111.8,-33.2,12.0,278.0,-47.5,1.0,-1.0,RS41-SG,404.900,9.5,250,10,2.6,08:27:25,
2026-06-21T12:56:06.004Z,X1423757,8502,45.33912,8.40229,25078.2,-34.7,11.7,273.3,-47.8,1.0,-1.0,RS41-SG,404.900,9.5,250,9,2.7,08:27:25,
2026-06-21T12:56:07.004Z,X1423757,8503,45.33912,8.40215,25044.9,-32.1,11.3,275.7,-48.1,1.1,-1.0,RS41-SG,404.900,9.6,250,8,2.7,08:27:25,
2026-06-21T12:56:08.004Z,X1423757,8504,45.33913,8.40201,25013.2,-30.9,10.8,272.3,-48.4,1.1,-1.0,RS41-SG,404.900,9.7,250,10,2.7,08:27:25,
2026-06-21T12:56:09.004Z,X1423757,8505,45.33914,8.40187,24981.7,-31.0,10.0,274.9,-48.7,1.1,-1.0,RS41-SG,404.900,9.7,250,10,2.6,08:27:25,
2026-06-21T12:56:10.004Z,X1423757,8506,45.33915,8.40174,24951.8,-29.0,10.5,280.1,-49.1,1.2,-1.0,RS41-SG,404.900,10.0,250,9,2.6,08:27:25,
2026-06-21T12:56:11.004Z,X1423757,8507,45.33917,8.40162,24924.2,-26.9,9.7,283.6,-49.4,1.2,-1.0,RS41-SG,404.900,10.0,250,10,2.6,08:27:25,
2026-06-21T12:56:12.004Z,X1423757,8508,45.33920,8.40150,24897.8,-25.1,10.5,287.8,-49.5,1.2,-1.0,RS41-SG,404.900,10.4,250,10,2.7,08:27:25,
2026-06-21T12:56:13.004Z,X1423757,8509,45.33922,8.40137,24873.2,-24.2,10.5,286.6,-49.5,1.2,-1.0,RS41-SG,404.900,10.4,250,10,2.7,08:27:25,
2026-06-21T12:56:14.004Z,X1423757,8510,45.33925,8.40124,24847.3,-27.4,11.2,286.2,-49.5,1.1,-1.0,RS41-SG,404.900,10.2,250,10,2.7,08:27:25,
2026-06-21T12:56:15.004Z,X1423757,8511,45.33928,8.40110,24819.2,-28.9,11.5,286.7,-49.5,1.1,-1.0,RS41-SG,404.900,10.4,250,10,2.6,08:27:25,
2026-06-21T12:56:16.004Z,X1423757,8512,45.33931,8.40095,24792.2,-25.6,13.1,280.5,-49.7,1.2,-1.0,RS41-SG,404.900,10.9,250,9,2.6,08:27:25,
2026-06-21T12:56:17.004Z,X1423757,8513,45.33933,8.40078,24766.0,-27.6,12.8,281.6,-49.7,1.2,-1.0,RS41-SG,404.900,10.9,250,9,2.6,08:27:25,
2026-06-21T12:56:18.004Z,X1423757,8514,45.33934,8.40062,24738.6,-27.9,13.7,274.6,-49.7,1.2,-1.0,RS41-SG,404.900,10.6,250,8,2.7,08:27:25,
2026-06-21T12:56:19.004Z,X1423757,8515,45.33935,8.40044,24711.9,-25.9,14.2,273.7,-49.8,1.1,-1.0,RS41-SG,404.900,9.9,250,8,2.7,08:27:25,
2026-06-21T12:56:20.004Z,X1423757,8516,45.33935,8.40025,24686.4,-25.6,15.1,269.1,-49.9,1.2,-1.0,RS41-SG,404.900,9.4,250,10,2.7,08:27:25,
2026-06-21T12:56:21.004Z,X1423757,8517,45.33935,8.40007,24660.7,-26.3,14.1,269.3,-49.9,1.1,-1.0,RS41-SG,404.900,9.7,250,8,2.6,08:26:34,
2026-06-21T12:56:22.004Z,X1423757,8518,45.33935,8.39989,24633.7,-28.3,14.3,268.2,-50.0,1.2,-1.0,RS41-SG,404.900,9.7,250,9,2.6,08:26:34,
2026-06-21T12:56:23.004Z,X1423757,8519,45.33935,8.39971,24604.3,-29.8,13.7,273.1,-50.1,1.1,-1.0,RS41-SG,404.900,9.6,250,10,2.6,08:26:34,
2026-06-21T12:56:24.004Z,X1423757,8520,45.33936,8.39954,24574.2,-30.0,14.0,275.8,-50.2,1.2,-1.0,RS41-SG,404.900,9.7,250,10,2.7,08:26:34,
2026-06-21T12:56:25.004Z,X1423757,8521,45.33938,8.39937,24545.0,-28.2,13.3,277.5,-50.1,1.1,-1.0,RS41-SG,404.900,9.7,250,9,2.7,08:26:34,
2026-06-21T12:56:26.004Z,X1423757,8522,45.33940,8.39921,24517.5,-26.2,12.7,285.1,-50.1,1.1,-1.0,RS41-SG,404.900,9.7,250,10,2.7,08:26:34,
2026-06-21T12:56:27.004Z,X1423757,8523,45.33944,8.39905,24490.3,-27.8,13.2,285.3,-50.0,1.1,-1.0,RS41-SG,404.900,9.9,250,9,2.6,08:26:34,
2026-06-21T12:56:28.004Z,X1423757,8524,45.33947,8.39889,24461.0,-30.3,12.9,287.4,-49.9,1.1,-1.0,RS41-SG,404.900,9.9,250,10,2.6,08:26:34,
2026-06-21T12:56:29.004Z,X1423757,8525,45.33951,8.39873,24430.0,-31.8,12.8,286.1,-49.8,1.1,-1.0,RS41-SG,404.900,9.9,250,10,2.6,08:26:34,
2026-06-21T12:56:30.004Z,X1423757,8526,45.33953,8.39857,24399.2,-30.0,13.6,282.7,-49.8,1.1,-1.0,RS41-SG,404.900,10.4,250,9,2.7,08:26:34,
2026-06-21T12:56:31.004Z,X1423757,8527,45.33956,8.39840,24367.7,-33.4,13.0,280.8,-49.8,1.1,-1.0,RS41-SG,404.900,10.4,250,9,2.7,08:26:34,
2026-06-21T12:56:32.004Z,X1423757,8528,45.33957,8.39824,24335.1,-32.6,13.0,275.7,-50.0,1.1,-1.0,RS41-SG,404.900,10.3,250,10,2.7,08:26:34,
2026-06-21T12:56:33.004Z,X1423757,8529,45.33958,8.39807,24302.5,-32.8,13.5,269.4,-50.3,1.1,-1.0,RS41-SG,404.900,9.8,250,8,2.6,08:26:34,
2026-06-21T12:56:34.004Z,X1423757,8530,45.33957,8.39789,24269.0,-33.7,14.0,268.2,-50.6,1.2,-1.0,RS41-SG,404.900,10.1,250,8,2.6,08:26:34,
2026-06-21T12:56:35.004Z,X1423757,8531,45.33956,8.39771,24235.5,-33.5,14.0,262.7,-50.7,1.2,-1.0,RS41-SG,404.900,10.1,250,9,2.6,08:26:34,
2026-06-21T12:56:36.004Z,X1423757,8532,45.33954,8.39754,24202.9,-32.3,13.6,260.1,-50.9,1.2,-1.0,RS41-SG,404.900,9.8,250,9,2.7,08:26:34,
2026-06-21T12:56:37.004Z,X1423757,8533,45.33952,8.39737,24171.4,-30.5,13.0,259.5,-51.1,1.2,-1.0,RS41-SG,404.900,9.8,250,9,2.7,08:26:34,
2026-06-21T12:56:38.004Z,X1423757,8534,45.33950,8.39722,24141.2,-30.6,12.3,256.9,-51.2,1.2,-1.0,RS41-SG,404.900,9.2,250,10,2.7,08:26:34,
2026-06-21T12:56:39.004Z,X1423757,8535,45.33948,8.39708,24111.1,-29.8,10.7,258.0,-51.3,1.2,-1.0,RS41-SG,404.900,9.0,250,9,2.6,08:26:34,
2026-06-21T12:56:40.004Z,X1423757,8536,45.33946,8.39695,24081.0,-29.9,9.6,260.8,-51.5,1.3,-1.0,RS41-SG,404.900,9.1,250,10,2.6,08:26:34,
2026-06-21T12:56:41.004Z,X1423757,8537,45.33945,8.39683,24051.3,-29.4,9.1,264.8,-51.7,1.3,-1.0,RS41-SG,404.900,9.2,250,10,2.6,08:26:34,
2026-06-21T12:56:42.004Z,X1423757,8538,45.33945,8.39673,24022.3,-28.8,7.4,267.4,-51.8,1.3,-1.0,RS41-SG,404.900,9.4,250,9,2.7,08:26:34,
2026-06-21T12:56:43.004Z,X1423757,8539,45.33945,8.39664,23993.9,-28.4,7.4,273.6,-51.8,1.3,-1.0,RS41-SG,404.900,9.4,250,10,2.7,08:26:34,
2026-06-21T12:56:44.004Z,X1423757,8540,45.33946,8.39656,23966.8,-26.2,6.1,274.6,-51.9,1.3,-1.0,RS41-SG,404.900,9.3,250,10,2.7,08:26:34,
2026-06-21T12:56:45.004Z,X1423757,8541,45.33947,8.39648,23939.4,-28.2,6.5,283.4,-52.0,1.3,-1.0,RS41-SG,404.900,9.3,250,9,2.6,08:26:34,
2026-06-21T12:56:46.004Z,X1423757,8542,45.33947,8.39639,23911.4,-29.5,6.6,273.8,-52.2,1.3,-1.0,RS41-SG,404.900,9.0,250,8,2.6,08:26:34,
2026-06-21T12:56:47.004Z,X1423757,8543,45.33948,8.39631,23880.0,-31.8,7.2,279.6,-52.2,1.3,-1.0,RS41-SG,404.900,9.0,250,10,2.6,08:26:34,
2026-06-21T12:56:48.004Z,X1423757,8544,45.33949,8.39621,23848.8,-31.1,8.2,278.2,-52.3,1.3,-1.0,RS41-SG,404.900,8.9,250,9,2.7,08:26:34,
2026-06-21T12:56:49.004Z,X1423757,8545,45.33951,8.39610,23817.5,-32.2,9.1,277.1,-52.3,1.3,-1.0,RS41-SG,404.900,9.3,250,9,2.7,08:26:34,
2026-06-21T12:56:50.004Z,X1423757,8546,45.33951,8.39597,23785.1,-32.5,10.3,275.4,-52.4,1.3,-1.0,RS41-SG,404.900,9.3,250,9,2.7,08:26:34,
2026-06-21T12:56:51.004Z,X1423757,8547,45.33952,8.39584,23754.1,-29.8,11.1,276.9,-52.5,1.3,-1.0,RS41-SG,404.900,9.3,250,9,2.6,08:26:34,
2026-06-21T12:56:52.004Z,X1423757,8548,45.33954,8.39570,23724.1,-30.8,11.4,278.0,-52.5,1.3,-1.0,RS41-SG,404.900,9.3,250,10,2.6,08:26:34,
2026-06-21T12:56:53.004Z,X1423757,8549,45.33955,8.39555,23694.8,-28.6,11.5,276.9,-52.7,1.3,-1.0,RS41-SG,404.900,8.9,250,10,2.6,08:26:34,
2026-06-21T12:56:54.004Z,X1423757,8550,45.33956,8.39541,23665.7,-30.2,12.0,279.5,-52.8,1.3,-1.0,RS41-SG,404.900,9.2,250,7,2.7,08:26:34,
2026-06-21T12:56:55.004Z,X1423757,8551,45.33958,8.39526,23634.2,-33.5,11.5,281.2,-52.7,1.3,-1.0,RS41-SG,404.900,9.4,250,8,2.7,08:26:34,
2026-06-21T12:56:56.004Z,X1423757,8552,45.33960,8.39512,23602.3,-30.2,10.8,282.5,-52.7,1.3,-1.0,RS41-SG,404.900,9.4,250,10,2.7,08:26:34,
2026-06-21T12:56:57.004Z,X1423757,8553,45.33962,8.39499,23572.7,-29.8,10.5,281.3,-52.9,1.3,-1.0,RS41-SG,404.900,8.8,250,10,2.6,08:26:34,
2026-06-21T12:56:58.004Z,X1423757,8554,45.33964,8.39486,23541.3,-32.3,10.5,283.7,-53.1,1.4,-1.0,RS41-SG,404.900,8.8,250,10,2.6,08:26:34,
2026-06-21T12:56:59.004Z,X1423757,8555,45.33966,8.39474,23509.7,-31.4,9.2,280.8,-53.1,1.4,-1.0,RS41-SG,404.900,9.1,250,10,2.6,08:26:34,
2026-06-21T12:57:00.004Z,X1423757,8556,45.33968,8.39463,23479.0,-30.2,8.8,282.4,-53.0,1.3,-1.0,RS41-SG,404.900,9.7,250,9,2.7,08:26:34,
2026-06-21T12:57:01.004Z,X1423757,8557,45.33969,8.39451,23448.5,-30.7,9.0,279.4,-52.9,1.3,-1.0,RS41-SG,404.900,9.7,250,9,2.7,08:26:34,
2026-06-21T12:57:02.004Z,X1423757,8558,45.33970,8.39440,23418.4,-30.3,9.2,267.8,-52.9,1.3,-1.0,RS41-SG,404.900,9.1,250,8,2.7,08:26:34,
2026-06-21T12:57:03.004Z,X1423757,8559,45.33969,8.39428,23388.6,-30.3,8.6,265.1,-53.1,1.3,-1.0,RS41-SG,404.900,9.1,250,8,2.6,08:26:34,
2026-06-21T12:57:04.004Z,X1423757,8560,45.33968,8.39417,23359.3,-29.0,9.2,261.8,-53.2,1.3,-1.0,RS41-SG,404.900,10.1,250,8,2.6,08:26:34,
2026-06-21T12:57:05.004Z,X1423757,8561,45.33966,8.39405,23331.0,-27.8,10.0,257.4,-53.5,1.3,-1.0,RS41-SG,404.900,10.1,250,10,2.6,08:26:34,
2026-06-21T12:57:06.004Z,X1423757,8562,45.33964,8.39393,23305.3,-24.2,10.4,252.4,-53.9,1.4,-1.0,RS41-SG,404.900,9.6,250,8,2.7,08:26:34,
2026-06-21T12:57:07.004Z,X1423757,8563,45.33961,8.39380,23280.2,-26.6,10.7,247.9,-54.2,1.4,-1.0,RS41-SG,404.900,10.0,250,9,2.7,08:26:34,
2026-06-21T12:57:08.004Z,X1423757,8564,45.33957,8.39368,23254.0,-26.5,9.6,250.3,-54.5,1.5,-1.0,RS41-SG,404.900,10.0,250,9,2.7,08:26:34,
2026-06-21T12:57:09.004Z,X1423757,8565,45.33954,8.39356,23227.4,-26.8,9.7,251.2,-54.8,1.6,-1.0,RS41-SG,404.900,8.9,250,9,2.6,08:26:34,
2026-06-21T12:57:10.004Z,X1423757,8566,45.33952,8.39345,23199.9,-28.3,8.6,251.8,-55.0,1.6,-1.0,RS41-SG,404.900,8.7,250,9,2.6,08:26:34,
2026-06-21T12:57:11.004Z,X1423757,8567,45.33950,8.39335,23171.4,-28.7,7.8,256.8,-55.0,1.5,-1.0,RS41-SG,404.900,8.5,250,9,2.6,08:26:34,
2026-06-21T12:57:12.004Z,X1423757,8568,45.33949,8.39326,23143.1,-26.8,7.0,258.8,-54.9,1.5,-1.0,RS41-SG,404.900,9.0,250,9,2.7,08:25:43,
2026-06-21T12:57:13.004Z,X1423757,8569,45.33948,8.39317,23114.8,-29.5,6.9,268.9,-54.8,1.4,-1.0,RS41-SG,404.900,9.0,250,10,2.7,08:25:43,
2026-06-21T12:57:14.004Z,X1423757,8570,45.33949,8.39309,23087.8,-23.5,6.6,282.5,-54.7,1.5,-1.0,RS41-SG,404.900,8.8,250,10,2.6,08:25:43,
2026-06-21T12:57:15.004Z,X1423757,8571,45.33950,8.39300,23064.4,-23.5,7.2,278.8,-54.6,1.4,-1.0,RS41-SG,404.900,9.5,250,9,2.6,08:25:43,
2026-06-21T12:57:16.004Z,X1423757,8572,45.33950,8.39290,23038.5,-28.0,7.7,280.4,-54.6,1.4,-1.0,RS41-SG,404.900,9.5,250,10,2.7,08:25:43,
2026-06-21T12:57:17.004Z,X1423757,8573,45.33952,8.39280,23010.3,-28.4,8.1,278.8,-54.5,1.4,-1.0,RS41-SG,404.900,9.4,250,10,2.7,08:25:43,
2026-06-21T12:57:18.004Z,X1423757,8574,45.33952,8.39269,22982.3,-28.2,9.1,268.1,-54.4,1.4,-1.0,RS41-SG,404.900,9.2,250,9,2.6,08:25:43,
2026-06-21T12:57:19.004Z,X1423757,8575,45.33951,8.39258,22954.8,-27.5,9.3,262.1,-54.5,1.4,-1.0,RS41-SG,404.900,8.8,250,9,2.6,08:25:43,
2026-06-21T12:57:20.004Z,X1423757,8576,45.33950,8.39246,22926.3,-29.4,10.0,262.8,-54.5,1.4,-1.0,RS41-SG,404.900,9.0,250,9,2.7,08:25:43,
2026-06-21T12:57:21.004Z,X1423757,8577,45.33948,8.39233,22897.7,-28.1,10.2,254.8,-54.4,1.4,-1.0,RS41-SG,404.900,9.0,250,10,2.7,08:25:43,
2026-06-21T12:57:22.004Z,X1423757,8578,45.33945,8.39220,22870.3,-26.7,11.1,249.5,-54.5,1.4,-1.0,RS41-SG,404.900,8.3,250,9,2.6,08:25:43,
2026-06-21T12:57:23.004Z,X1423757,8579,45.33941,8.39207,22843.6,-27.1,10.7,250.1,-54.5,1.4,-1.0,RS41-SG,404.900,8.3,250,9,2.6,08:25:43,
2026-06-21T12:57:24.004Z,X1423757,8580,45.33938,8.39195,22815.9,-28.6,10.2,244.9,-54.5,1.4,-1.0,RS41-SG,404.900,8.2,250,9,2.7,08:25:43,
2026-06-21T12:57:25.004Z,X1423757,8581,45.33934,8.39183,22787.2,-29.4,10.4,244.1,-54.4,1.3,-1.0,RS41-SG,404.900,8.2,250,10,2.7,08:25:43,
2026-06-21T12:57:26.004Z,X1423757,8582,45.33930,8.39172,22757.3,-30.5,9.1,241.6,-54.3,1.4,-1.0,RS41-SG,404.900,8.8,250,9,2.6,08:25:43,
2026-06-21T12:57:27.004Z,X1423757,8583,45.33926,8.39162,22726.2,-31.5,8.5,243.6,-54.2,1.4,-1.0,RS41-SG,404.900,8.8,250,10,2.6,08:25:43,
2026-06-21T12:57:28.004Z,X1423757,8584,45.33923,8.39153,22695.5,-30.6,7.6,242.3,-54.2,1.3,-1.0,RS41-SG,404.900,8.6,250,9,2.6,08:25:43,
2026-06-21T12:57:29.004Z,X1423757,8585,45.33920,8.39146,22665.9,-28.6,5.6,236.3,-54.1,1.4,-1.0,RS41-SG,404.900,7.7,250,10,2.7,08:25:43,
2026-06-21T12:57:30.004Z,X1423757,8586,45.33917,8.39141,22637.4,-29.0,4.9,234.0,-53.9,1.3,-1.0,RS41-SG,404.900,7.0,250,10,2.7,08:25:43,
2026-06-21T12:57:31.004Z,X1423757,8587,45.33915,8.39136,22607.1,-31.3,4.4,237.6,-53.8,1.2,-1.0,RS41-SG,404.900,7.3,250,9,2.7,08:25:43,
2026-06-21T12:57:33.004Z,X1423757,8589,45.33911,8.39130,22552.2,-26.5,2.0,229.3,-54.2,1.4,-1.0,RS41-SG,404.900,6.8,250,9,2.6,08:25:43,
2026-06-21T12:57:37.004Z,X1423757,8593,45.33908,8.39132,22445.4,-26.1,1.6,98.5,-54.2,1.3,-1.0,RS41-SG,404.900,7.0,250,9,2.7,08:25:43,
