timestamp,serial,frame,lat,lon,alt,vel_v,vel_h,heading,temp,humidity,pressure,type,freq_mhz,snr,f_error_hz,sats,batt_v,burst_timer,aux_data
2026-05-14T00:45:31.000Z,W4120401,7896,46.91612,8.00371,33329.2,6.8,3.8,73.5,-273.0,-1.0,-1.0,RS41,403.500,8.7,625,10,2.5,,
2026-05-14T00:45:32.000Z,W4120401,7897,46.91614,8.00377,33335.7,6.1,5.4,71.0,-273.0,-1.0,-1.0,RS41,403.500,8.7,625,10,2.5,,
2026-05-14T00:45:33.000Z,W4120401,7898,46.91615,8.00384,33341.5,5.6,5.9,70.0,-273.0,-1.0,-1.0,RS41,403.500,8.9,625,10,2.6,,
2026-05-14T00:45:34.000Z,W4120401,7899,46.91617,8.00391,33347.6,6.7,5.2,70.3,-273.0,-1.0,-1.0,RS41,403.500,9.1,625,10,2.6,,
2026-05-14T00:45:35.000Z,W4120401,7900,46.91618,8.00396,33354.8,7.6,3.3,70.1,-273.0,-1.0,-1.0,RS41,403.500,9.1,625,10,2.5,,
2026-05-14T00:45:36.000Z,W4120401,7901,46.91619,8.00399,33362.2,7.0,1.0,89.6,-273.0,-1.0,-1.0,RS41,403.500,9.1,625,10,2.5,,
2026-05-14T00:45:37.000Z,W4120401,7902,46.91618,8.00399,33368.3,5.2,1.3,210.8,-273.0,-1.0,-1.0,RS41,403.500,9.1,625,10,2.5,,
2026-05-14T00:45:38.000Z,W4120401,7903,46.91617,8.00397,33373.1,4.4,3.0,218.4,-273.0,-1.0,-1.0,RS41,403.500,8.0,625,10,2.6,,
2026-05-14T00:45:39.000Z,W4120401,7904,46.91614,8.00395,33378.2,5.6,4.1,209.8,-273.0,-1.0,-1.0,RS41,403.500,7.8,625,10,2.6,,
2026-05-14T00:45:40.000Z,W4120401,7905,46.91611,8.00393,33384.3,6.7,4.2,194.4,-273.0,-1.0,-1.0,RS41,403.500,8.4,625,10,2.5,,
2026-05-14T00:45:41.000Z,W4120401,7906,46.91607,8.00393,33391.2,7.1,4.0,170.7,-273.0,-1.0,-1.0,RS41,403.500,8.4,625,10,2.5,,
2026-05-14T00:45:42.000Z,W4120401,7907,46.91604,8.00394,33397.9,6.2,4.1,149.5,-273.0,-1.0,-1.0,RS41,403.500,8.1,625,10,2.5,,
2026-05-14T00:45:43.000Z,W4120401,7908,46.91601,8.00398,33403.7,5.5,3.9,133.7,-273.0,-1.0,-1.0,RS41,403.500,8.2,625,10,2.5,,
2026-05-14T00:45:44.000Z,W4120401,7909,46.91599,8.00401,33409.3,5.8,3.1,118.8,-273.0,-1.0,-1.0,RS41,403.500,9.7,625,10,2.6,,
2026-05-14T00:45:45.000Z,W4120401,7910,46.91598,8.00404,33415.4,6.4,1.6,99.1,-273.0,-1.0,-1.0,RS41,403.500,9.7,625,10,2.6,,
2026-05-14T00:45:46.000Z,W4120401,7911,46.91598,8.00405,33422.0,6.9,0.6,340.6,-273.0,-1.0,-1.0,RS41,403.500,9.1,625,10,2.5,,
2026-05-14T00:45:47.000Z,W4120401,7912,46.91599,8.00403,33428.8,6.6,2.3,291.7,-36.4,-1.0,-1.0,RS41,403.500,9.1,625,10,2.5,,
2026-05-14T00:45:48.000Z,W4120401,7913,46.91600,8.00400,33434.7,5.3,3.4,277.9,-36.4,-1.0,-1.0,RS41,403.500,8.3,625,10,2.5,,
2026-05-14T00:45:49.000Z,W4120401,7914,46.91600,8.00395,33439.9,5.2,3.9,262.3,-36.4,-1.0,-1.0,RS41,403.500,8.8,625,10,2.6,,
2026-05-14T00:45:56.000Z,W4120401,7921,46.91575,8.00403,33483.8,7.6,4.7,149.9,-36.0,-1.0,-1.0,RS41,403.500,7.3,625,10,2.6,,
2026-05-14T00:45:57.000Z,W4120401,7922,46.91572,8.00405,33490.7,6.2,3.0,164.4,-35.9,-1.0,-1.0,RS41,403.500,7.4,625,10,2.5,,
2026-05-14T00:46:14.000Z,W4120401,7939,46.91547,8.00392,33595.3,6.2,1.3,12.9,-35.7,-1.0,-1.0,RS41,403.500,7.2,625,10,2.5,,
2026-05-14T00:46:18.000Z,W4120401,7943,46.91555,8.00374,33620.2,5.7,6.1,284.8,-35.7,-1.0,-1.0,RS41,403.500,8.4,625,10,2.6,,
2026-05-14T00:46:23.000Z,W4120401,7948,46.91543,8.00367,33650.4,4.2,8.0,142.7,-35.8,-1.0,-1.0,RS41,403.500,7.9,625,10,2.6,,
2026-05-14T00:46:24.000Z,W4120401,7949,46.91537,8.00374,33655.1,5.4,9.0,140.7,-35.8,-1.0,-1.0,RS41,403.500,8.7,625,10,2.5,,
2026-05-14T00:46:25.000Z,W4120401,7950,46.91531,8.00381,33661.5,7.3,8.3,144.9,-35.8,-1.0,-1.0,RS41,403.500,8.7,625,10,2.5,,
2026-05-14T00:46:26.000Z,W4120401,7951,46.91525,8.00385,33669.3,8.1,6.4,157.4,-35.8,-1.0,-1.0,RS41,403.500,9.1,625,10,2.5,,
2026-05-14T00:46:27.000Z,W4120401,7952,46.91521,8.00387,33676.5,6.4,4.8,178.9,-35.8,-1.0,-1.0,RS41,403.500,9.1,625,10,2.5,,
2026-05-14T00:46:28.000Z,W4120401,7953,46.91517,8.00386,33682.2,4.9,4.1,210.8,-35.9,-1.0,-1.0,RS41,403.500,7.0,625,10,2.6,,
2026-05-14T00:46:31.000Z,W4120401,7956,46.91513,8.00372,33698.4,6.6,3.3,279.5,-35.9,-1.0,-1.0,RS41,403.500,8.0,625,10,2.5,,
2026-05-14T00:46:34.000Z,W4120401,7959,46.91513,8.00369,33718.9,6.4,2.5,136.2,-36.0,-1.0,-1.0,RS41,403.500,7.6,625,10,2.5,,
2026-05-14T00:46:36.000Z,W4120401,7961,46.91506,8.00376,33731.0,5.8,7.0,155.9,-36.0,-1.0,-1.0,RS41,403.500,6.6,625,10,2.6,,
2026-05-14T00:46:37.000Z,W4120401,7962,46.91499,8.00379,33736.8,6.0,8.8,167.0,-36.1,-1.0,-1.0,RS41,403.500,7.1,625,10,2.6,,
2026-05-14T00:46:38.000Z,W4120401,7963,46.91491,8.00381,33743.1,6.5,9.9,178.4,-36.0,-1.0,-1.0,RS41,403.500,7.9,625,10,2.5,,
2026-05-14T00:46:39.000Z,W4120401,7964,46.91482,8.00380,33749.8,6.8,10.1,190.8,-36.0,-1.0,-1.0,RS41,403.500,8.6,625,10,2.5,,
2026-05-14T00:46:40.000Z,W4120401,7965,46.91474,8.00376,33756.6,6.8,9.4,205.1,-36.0,-1.0,-1.0,RS41,403.500,8.6,625,10,2.5,,
2026-05-14T00:46:47.000Z,W4120401,7972,46.91462,8.00355,33798.3,6.7,3.7,133.2,-36.2,-1.0,-1.0,RS41,403.500,8.2,625,10,2.6,,
2026-05-14T00:46:48.000Z,W4120401,7973,46.91459,8.00359,33805.0,6.5,6.3,157.3,-36.2,-1.0,-1.0,RS41,403.500,8.7,625,10,2.5,,
2026-05-14T00:46:54.000Z,W4120401,7979,46.91405,8.00331,33839.3,6.1,9.7,229.2,-36.3,-1.0,-1.0,RS41,403.500,7.8,625,10,2.5,,
2026-05-14T00:46:55.000Z,W4120401,7980,46.91401,8.00323,33845.4,6.0,6.5,239.0,-36.3,-1.0,-1.0,RS41,403.500,7.8,625,10,2.5,,
2026-05-14T00:46:57.000Z,W4120401,7982,46.91398,8.00316,33856.2,4.9,0.4,182.2,-36.3,-1.0,-1.0,RS41,403.500,7.1,625,10,2.6,,
2026-05-14T00:46:58.000Z,W4120401,7983,46.91398,8.00317,33861.4,5.2,2.8,113.7,-36.3,-1.0,-1.0,RS41,403.500,9.5,625,10,2.6,,
2026-05-14T00:46:59.000Z,W4120401,7984,46.91396,8.00322,33867.1,6.2,5.3,130.3,-36.3,-1.0,-1.0,RS41,403.500,9.5,625,10,2.5,,
2026-05-14T00:47:00.000Z,W4120401,7985,46.91391,8.00327,33873.6,6.8,7.4,150.4,-36.3,-1.0,-1.0,RS41,403.500,9.3,625,10,2.5,,
2026-05-14T00:47:01.000Z,W4120401,7986,46.91384,8.00330,33880.4,6.7,9.9,168.9,-36.3,-1.0,-1.0,RS41,403.500,8.7,625,10,2.5,,
2026-05-14T00:47:02.000Z,W4120401,7987,46.91374,8.00331,33886.9,6.3,12.5,184.2,-36.3,-1.0,-1.0,RS41,403.500,9.6,625,10,2.5,,
2026-05-14T00:47:03.000Z,W4120401,7988,46.91362,8.00328,33892.7,5.0,14.6,194.6,-36.3,-1.0,-1.0,RS41,403.500,9.6,625,10,2.6,,
2026-05-14T00:47:04.000Z,W4120401,7989,46.91349,8.00322,33897.2,4.0,15.7,202.2,-36.3,-1.0,-1.0,RS41,403.500,8.9,625,10,2.6,,
2026-05-14T00:47:05.000Z,W4120401,7990,46.91337,8.00313,33901.7,4.8,15.6,209.1,-36.3,-1.0,-1.0,RS41,403.500,8.1,625,10,2.6,,
2026-05-14T00:47:06.000Z,W4120401,7991,46.91325,8.00303,33907.5,6.7,13.8,213.5,-36.3,-1.0,-1.0,RS41-SG,403.500,8.5,625,10,2.5,,
2026-05-14T00:47:07.000Z,W4120401,7992,46.91316,8.00294,33914.5,7.4,10.8,213.7,-36.3,-1.0,-1.0,RS41-SG,403.500,8.5,625,10,2.5,,
2026-05-14T00:47:08.000Z,W4120401,7993,46.91309,8.00288,33921.3,6.3,7.7,209.7,-36.2,-1.0,-1.0,RS41-SG,403.500,8.3,625,10,2.5,,
2026-05-14T00:47:09.000Z,W4120401,7994,46.91304,8.00284,33926.6,4.2,5.5,198.3,-36.2,-1.0,-1.0,RS41-SG,403.500,7.8,625,10,2.5,,
2026-05-14T00:47:10.000Z,W4120401,7995,46.91300,8.00283,33930.9,4.2,4.2,179.5,-36.2,-1.0,-1.0,RS41-SG,403.500,7.9,625,10,2.5,,
2026-05-14T00:47:11.000Z,W4120401,7996,46.91296,8.00284,33935.8,5.6,4.2,169.0,-36.2,-1.0,-1.0,RS41-SG,403.500,8.4,625,10,2.6,,
2026-05-14T00:47:12.000Z,W4120401,7997,46.91292,8.00284,33942.2,7.2,5.3,177.7,-36.2,-1.0,-1.0,RS41-SG,403.500,8.4,625,10,2.6,,
2026-05-14T00:47:13.000Z,W4120401,7998,46.91286,8.00283,33949.6,7.6,7.4,190.8,-36.3,-1.0,-1.0,RS41-SG,403.500,9.0,625,10,2.6,,
2026-05-14T00:47:14.000Z,W4120401,7999,46.91278,8.00281,33956.7,6.4,10.2,198.4,-36.2,-1.0,-1.0,RS41-SG,403.500,9.0,625,10,2.5,,
2026-05-14T00:47:15.000Z,W4120401,8000,46.91269,8.00275,33962.4,4.9,13.1,200.9,-36.2,-1.0,-1.0,RS41-SG,403.500,8.1,625,10,2.5,,
2026-05-14T00:47:16.000Z,W4120401,8001,46.91257,8.00269,33967.0,4.2,15.7,201.8,-36.2,-1.0,-1.0,RS41-SG,403.500,8.7,625,10,2.5,,
2026-05-14T00:47:17.000Z,W4120401,8002,46.91243,8.00261,33971.7,4.9,17.6,201.1,-36.2,-1.0,-1.0,RS41-SG,403.500,8.7,625,10,2.5,,
2026-05-14T00:47:20.000Z,W4120401,8005,46.91200,8.00240,33991.3,6.9,14.2,194.5,-36.0,-1.0,-1.0,RS41-SG,403.500,7.3,625,10,2.6,,
2026-05-14T00:47:21.000Z,W4120401,8006,46.91189,8.00236,33997.7,5.9,10.9,194.5,-36.0,-1.0,-1.0,RS41-SG,403.500,7.6,625,10,2.6,,
2026-05-14T00:47:22.000Z,W4120401,8007,46.91181,8.00233,34003.3,5.0,7.3,199.8,-35.9,-1.0,-1.0,RS41-SG,403.500,7.6,625,10,2.5,,
2026-05-14T00:47:23.000Z,W4120401,8008,46.91176,8.00229,34008.2,4.6,4.6,221.4,-35.9,-1.0,-1.0,RS41-SG,403.500,8.5,625,10,2.5,,
2026-05-14T00:47:24.000Z,W4120401,8009,46.91174,8.00225,34013.3,5.3,4.3,257.9,-35.8,-1.0,-1.0,RS41-SG,403.500,8.5,625,10,2.5,,
2026-05-14T00:47:25.000Z,W4120401,8010,46.91174,8.00218,34019.1,6.4,5.6,266.4,-35.8,-1.0,-1.0,RS41-SG,403.500,8.7,625,10,2.5,,
2026-05-14T00:47:26.000Z,W4120401,8011,46.91173,8.00210,34026.0,7.3,6.9,253.1,-35.7,-1.0,-1.0,RS41-SG,403.500,8.7,625,10,2.5,,
2026-05-14T00:47:27.000Z,W4120401,8012,46.91169,8.00202,34033.4,7.6,8.6,233.3,-35.6,-1.0,-1.0,RS41-SG,403.500,8.7,625,10,2.6,,
2026-05-14T00:47:28.000Z,W4120401,8013,46.91163,8.00193,34040.4,6.7,11.3,215.4,-35.6,-1.0,-1.0,RS41-SG,403.500,7.9,625,10,2.6,,
2026-05-14T00:47:29.000Z,W4120401,8014,46.91153,8.00185,34046.3,5.2,14.4,203.3,-35.5,-1.0,-1.0,RS41-SG,403.500,7.3,625,10,2.6,,
2026-05-14T00:47:30.000Z,W4120401,8015,46.91140,8.00178,34051.1,4.3,17.1,194.6,-35.5,-1.0,-1.0,RS41-SG,403.500,8.5,625,10,2.5,,
2026-05-14T00:47:31.000Z,W4120401,8016,46.91124,8.00174,34055.4,4.2,18.7,188.7,-35.5,-1.0,-1.0,RS41-SG,403.500,8.6,625,10,2.5,,
2026-05-14T00:47:32.000Z,W4120401,8017,46.91107,8.00171,34060.4,5.6,18.5,185.8,-35.4,-1.0,-1.0,RS41-SG,403.500,9.5,625,10,2.5,,
2026-05-14T00:47:34.000Z,W4120401,8019,46.91079,8.00165,34074.3,7.6,12.6,193.3,-35.4,-1.0,-1.0,RS41-SG,403.500,8.3,625,10,2.5,,
2026-05-14T00:47:35.000Z,W4120401,8020,46.91070,8.00160,34081.5,6.5,9.5,207.5,-35.3,-1.0,-1.0,RS41-SG,403.500,9.2,625,10,2.6,,
2026-05-14T00:47:36.000Z,W4120401,8021,46.91064,8.00154,34086.8,4.3,7.8,227.2,-35.3,-1.0,-1.0,RS41-SG,403.500,9.7,625,10,2.6,,
2026-05-14T00:47:37.000Z,W4120401,8022,46.91060,8.00146,34090.8,3.6,7.3,248.5,-35.3,-1.0,-1.0,RS41-SG,403.500,9.7,625,10,2.6,,
2026-05-14T00:47:38.000Z,W4120401,8023,46.91058,8.00136,34095.1,5.0,7.3,259.4,-35.3,-1.0,-1.0,RS41-SG,403.500,9.7,625,10,2.5,,
2026-05-14T00:47:39.000Z,W4120401,8024,46.91057,8.00128,34101.4,7.5,6.8,252.0,-35.2,-1.0,-1.0,RS41-SG,403.500,9.7,625,10,2.5,,
2026-05-14T00:47:40.000Z,W4120401,8025,46.91054,8.00120,34109.5,8.5,6.8,227.9,-35.2,-1.0,-1.0,RS41-SG,403.500,9.3,625,10,2.5,,
2026-05-14T00:47:41.000Z,W4120401,8026,46.91048,8.00114,34117.2,6.9,8.4,206.8,-35.2,-1.0,-1.0,RS41-SG,403.500,7.9,625,10,2.5,,
2026-05-14T00:47:42.000Z,W4120401,8027,46.91040,8.00110,34122.9,4.5,10.6,194.9,-35.1,-1.0,-1.0,RS41-SG,403.500,9.0,625,10,2.5,,
2026-05-14T00:47:43.000Z,W4120401,8028,46.91030,8.00107,34127.0,3.8,13.2,189.8,-35.1,-1.0,-1.0,RS41-SG,403.500,9.7,625,10,2.6,,
2026-05-14T00:47:44.000Z,W4120401,8029,46.91017,8.00104,34131.1,4.7,15.2,189.4,-35.1,-1.0,-1.0,RS41-SG,403.500,9.9,625,10,2.6,,
2026-05-14T00:47:45.000Z,W4120401,8030,46.91004,8.00100,34136.7,6.6,15.9,193.4,-35.1,-1.0,-1.0,RS41-SG,403.500,9.9,625,10,2.6,,
2026-05-14T00:47:46.000Z,W4120401,8031,46.90991,8.00094,34143.7,7.5,15.1,200.3,-35.1,-1.0,-1.0,RS41-SG,403.500,8.1,625,10,2.5,,
2026-05-14T00:47:47.000Z,W4120401,8032,46.90979,8.00086,34150.9,6.7,13.6,207.6,-35.1,-1.0,-1.0,RS41-SG,403.500,8.6,625,10,2.5,,
2026-05-14T00:47:48.000Z,W4120401,8033,46.90969,8.00078,34157.0,5.6,11.7,214.8,-35.1,-1.0,-1.0,RS41-SG,403.500,8.6,625,10,2.5,,
2026-05-14T00:47:49.000Z,W4120401,8034,46.90962,8.00069,34162.2,4.9,9.5,222.1,-35.0,-1.0,-1.0,RS41-SG,403.500,7.7,625,10,2.5,,
2026-05-14T00:47:50.000Z,W4120401,8035,46.90956,8.00062,34167.3,5.2,7.2,227.5,-35.0,-1.0,-1.0,RS41-SG,403.500,8.4,625,10,2.5,,
2026-05-14T00:47:51.000Z,W4120401,8036,46.90953,8.00056,34172.8,5.9,5.1,227.0,-35.0,-1.0,-1.0,RS41-SG,403.500,8.4,625,10,2.6,,
2026-05-14T00:47:54.000Z,W4120401,8039,46.90943,8.00050,34190.6,5.2,4.2,182.8,-34.9,-1.0,-1.0,RS41-SG,403.500,7.2,625,10,2.5,,
2026-05-14T00:47:55.000Z,W4120401,8040,46.90939,8.00049,34196.0,5.5,5.1,185.9,-34.9,-1.0,-1.0,RS41-SG,403.500,9.8,625,10,2.5,,
2026-05-14T00:47:56.000Z,W4120401,8041,46.90934,8.00048,34201.7,5.8,6.3,196.6,-34.9,-1.0,-1.0,RS41-SG,403.500,10.0,625,10,2.5,,
2026-05-14T00:47:57.000Z,W4120401,8042,46.90929,8.00044,34207.6,6.1,7.8,209.2,-34.9,-1.0,-1.0,RS41-SG,403.500,10.0,625,10,2.5,,
2026-05-14T00:47:58.000Z,W4120401,8043,46.90922,8.00038,34213.9,6.3,9.5,217.9,-34.9,-1.0,-1.0,RS41-SG,403.500,9.9,625,10,2.6,,
2026-05-14T00:47:59.000Z,W4120401,8044,46.90915,8.00029,34220.0,5.9,11.0,223.4,-34.9,-1.0,-1.0,RS41-SG,403.500,9.1,625,10,2.6,,
2026-05-14T00:48:00.000Z,W4120401,8045,46.90908,8.00019,34225.8,5.7,11.9,224.7,-34.8,-1.0,-1.0,RS41-SG,403.500,9.0,625,10,2.5,,
2026-05-14T00:48:01.000Z,W4120401,8046,46.90900,8.00008,34231.7,6.0,12.0,222.1,-34.8,-1.0,-1.0,RS41-SG,403.500,9.4,625,10,2.5,,
2026-05-14T00:48:02.000Z,W4120401,8047,46.90892,7.99998,34238.1,6.7,11.2,215.1,-34.8,-1.0,-1.0,RS41-SG,403.500,9.6,625,10,2.5,,
2026-05-14T00:48:03.000Z,W4120401,8048,46.90884,7.99992,34244.8,6.7,10.1,203.5,-34.8,-1.0,-1.0,RS41-SG,403.500,9.6,625,10,2.5,,
2026-05-14T00:48:04.000Z,W4120401,8049,46.90876,7.99988,34251.3,6.2,9.1,188.6,-34.8,-1.0,-1.0,RS41-SG,403.500,9.4,625,10,2.6,,
2026-05-14T00:48:05.000Z,W4120401,8050,46.90868,7.99988,34257.2,5.5,8.1,171.5,-34.8,-1.0,-1.0,RS41-SG,403.500,9.4,625,10,2.6,,
2026-05-14T00:48:06.000Z,W4120401,8051,46.90862,7.99991,34262.6,5.3,6.8,153.4,-34.8,-1.0,-1.0,RS41-SG,403.500,9.6,625,10,2.6,,
2026-05-14T00:48:07.000Z,W4120401,8052,46.90857,7.99995,34268.1,5.6,5.0,133.2,-34.8,-1.0,-1.0,RS41-SG,403.500,10.5,625,10,2.5,,
2026-05-14T00:48:08.000Z,W4120401,8053,46.90855,7.99999,34274.0,6.0,2.8,106.5,-34.7,-1.0,-1.0,RS41-SG,403.500,10.5,625,10,2.5,,
2026-05-14T00:48:09.000Z,W4120401,8054,46.90856,8.00001,34280.2,6.4,1.1,8.1,-34.7,-1.0,-1.0,RS41-SG,403.500,10.4,625,10,2.5,,
2026-05-14T00:48:10.000Z,W4120401,8055,46.90857,7.99999,34286.7,6.6,3.6,297.6,-34.6,-1.0,-1.0,RS41-SG,403.500,10.2,625,10,2.5,,
2026-05-14T00:48:11.000Z,W4120401,8056,46.90858,7.99993,34293.2,6.5,6.7,277.2,-34.6,-1.0,-1.0,RS41-SG,403.500,10.2,625,10,2.5,,
2026-05-14T00:48:12.000Z,W4120401,8057,46.90858,7.99982,34299.3,5.6,9.5,262.1,-34.6,-1.0,-1.0,RS41-SG,403.500,8.7,625,10,2.6,,
2026-05-14T00:48:13.000Z,W4120401,8058,46.90855,7.99969,34304.6,5.1,11.9,247.7,-34.5,-1.0,-1.0,RS41-SG,403.500,8.5,625,10,2.6,,
2026-05-14T00:48:14.000Z,W4120401,8059,46.90850,7.99955,34309.8,5.2,13.5,233.7,-34.5,-1.0,-1.0,RS41-SG,403.500,8.8,625,10,2.6,,
2026-05-14T00:48:15.000Z,W4120401,8060,46.90841,7.99942,34315.1,5.6,14.1,219.0,-34.4,-1.0,-1.0,RS41-SG,403.500,9.6,625,10,2.5,,
2026-05-14T00:48:17.000Z,W4120401,8062,46.90819,7.99927,34326.9,5.9,12.8,188.4,-34.3,-1.0,-1.0,RS41-SG,403.500,8.0,625,10,2.5,,
2026-05-14T00:48:18.000Z,W4120401,8063,46.90809,7.99927,34332.8,5.8,10.8,173.3,-34.3,-1.0,-1.0,RS41-SG,403.500,8.0,625,10,2.5,,
2026-05-14T00:48:20.000Z,W4120401,8065,46.90796,7.99934,34344.6,6.0,4.3,129.8,-34.3,-1.0,-1.0,RS41-SG,403.500,7.7,625,10,2.6,,
2026-05-14T00:48:21.000Z,W4120401,8066,46.90796,7.99937,34350.6,5.9,2.3,48.7,-34.3,-1.0,-1.0,RS41-SG,403.500,7.7,625,10,2.6,,
2026-05-14T00:48:22.000Z,W4120401,8067,46.90798,7.99938,34356.2,5.3,4.8,347.5,-34.4,-1.0,-1.0,RS41-SG,403.500,8.8,625,10,2.6,,
2026-05-14T00:48:23.000Z,W4120401,8068,46.90803,7.99934,34361.4,5.1,7.6,325.0,-34.4,-1.0,-1.0,RS41-SG,403.500,8.8,625,10,2.5,,
2026-05-14T00:48:24.000Z,W4120401,8069,46.90809,7.99927,34366.4,4.8,9.3,309.6,-34.4,0.4,-1.0,RS41-SG,403.500,9.9,625,10,2.5,,
2026-05-14T00:48:25.000Z,W4120401,8070,46.90813,7.99916,34371.6,5.6,9.9,293.2,-34.4,0.4,-1.0,RS41-SG,403.500,9.9,625,10,2.5,,
2026-05-14T00:48:26.000Z,W4120401,8071,46.90815,7.99904,34377.6,6.6,9.2,272.3,-34.4,0.4,-1.0,RS41-SG,403.500,9.6,625,10,2.5,,
2026-05-14T00:48:27.000Z,W4120401,8072,46.90814,7.99893,34384.3,6.9,8.4,245.4,-34.4,0.4,-1.0,RS41-SG,403.500,9.6,625,10,2.6,,
2026-05-14T00:48:28.000Z,W4120401,8073,46.90809,7.99885,34390.6,5.7,8.3,218.2,-34.4,0.4,-1.0,RS41-SG,403.500,9.5,625,10,2.6,,
2026-05-14T00:48:29.000Z,W4120401,8074,46.90803,7.99880,34395.3,3.9,8.7,196.6,-34.3,0.3,-1.0,RS41-SG,403.500,9.3,625,10,2.5,,
2026-05-14T00:48:30.000Z,W4120401,8075,46.90795,7.99878,34399.1,3.9,9.1,178.6,-34.3,0.4,-1.0,RS41-SG,403.500,9.1,625,10,2.5,,
2026-05-14T00:48:31.000Z,W4120401,8076,46.90787,7.99880,34403.9,5.7,8.4,165.1,-34.3,0.4,-1.0,RS41-SG,403.500,8.0,625,10,2.5,,
2026-05-14T00:48:32.000Z,W4120401,8077,46.90781,7.99883,34410.5,7.5,6.1,156.1,-34.3,0.4,-1.0,RS41-SG,403.500,8.6,625,10,2.5,,
2026-05-14T00:48:33.000Z,W4120401,8078,46.90777,7.99885,34418.0,7.4,2.9,148.9,-34.2,0.3,-1.0,RS41-SG,403.500,10.3,625,10,2.6,,
2026-05-14T00:48:34.000Z,W4120401,8079,46.90776,7.99886,34424.4,5.3,0.3,32.0,-34.2,0.4,-1.0,RS41-SG,403.500,10.3,625,10,2.6,,
2026-05-14T00:48:35.000Z,W4120401,8080,46.90778,7.99886,34429.3,4.3,3.0,334.4,-34.1,0.4,-1.0,RS41-SG,403.500,10.4,625,10,2.6,,
2026-05-14T00:48:36.000Z,W4120401,8081,46.90781,7.99883,34433.6,4.4,5.3,329.8,-34.1,0.4,-1.0,RS41-SG,403.500,10.4,625,10,2.5,,
2026-05-14T00:48:37.000Z,W4120401,8082,46.90786,7.99879,34438.8,5.8,6.4,326.5,-34.1,0.4,-1.0,RS41-SG,403.500,9.4,625,10,2.5,,
2026-05-14T00:48:38.000Z,W4120401,8083,46.90790,7.99874,34445.0,6.5,6.1,322.5,-34.1,0.4,-1.0,RS41-SG,403.500,9.4,625,10,2.5,,
2026-05-14T00:48:39.000Z,W4120401,8084,46.90794,7.99870,34451.2,5.9,5.0,316.6,-34.1,0.3,-1.0,RS41-SG,403.500,8.1,625,10,2.5,,
2026-05-14T00:48:40.000Z,W4120401,8085,46.90797,7.99865,34456.8,5.2,3.8,307.0,-34.1,0.4,-1.0,RS41-SG,403.500,8.6,625,10,2.5,,
2026-05-14T00:48:41.000Z,W4120401,8086,46.90798,7.99862,34462.2,5.4,2.9,290.4,-34.1,0.4,-1.0,RS41-SG,403.500,8.6,625,10,2.6,,
2026-05-14T00:48:42.000Z,W4120401,8087,46.90798,7.99858,34467.9,6.1,2.5,268.3,-34.2,0.4,-1.0,RS41-SG,403.500,8.4,625,10,2.6,,
2026-05-14T00:48:43.000Z,W4120401,8088,46.90798,7.99855,34474.3,6.6,2.6,252.7,-34.2,0.4,-1.0,RS41-SG,403.500,8.4,625,10,2.6,,
2026-05-14T00:48:44.000Z,W4120401,8089,46.90797,7.99852,34480.4,5.7,2.7,241.2,-34.2,0.3,-1.0,RS41-SG,403.500,8.3,625,10,2.5,,
2026-05-14T00:48:45.000Z,W4120401,8090,46.90796,7.99849,34486.0,5.3,2.5,226.2,-34.2,0.3,-1.0,RS41-SG,403.500,7.9,625,10,2.5,,
2026-05-14T00:48:46.000Z,W4120401,8091,46.90794,7.99847,34491.4,5.5,2.5,201.3,-34.2,0.4,-1.0,RS41-SG,403.500,8.8,625,10,2.5,,
2026-05-14T00:48:47.000Z,W4120401,8092,46.90791,7.99847,34497.2,5.9,3.1,174.2,-34.1,0.4,-1.0,RS41-SG,403.500,9.0,625,10,2.5,,
2026-05-14T00:48:48.000Z,W4120401,8093,46.90788,7.99848,34503.1,6.1,4.0,159.5,-34.1,0.4,-1.0,RS41-SG,403.500,9.3,625,10,2.6,,
2026-05-14T00:48:49.000Z,W4120401,8094,46.90785,7.99850,34509.2,6.0,4.6,154.6,-34.0,0.4,-1.0,RS41-SG,403.500,9.3,625,10,2.6,,
2026-05-14T00:48:50.000Z,W4120401,8095,46.90781,7.99853,34515.0,5.8,4.4,158.0,-33.9,0.4,-1.0,RS41-SG,403.500,10.3,625,10,2.5,,
2026-05-14T00:48:51.000Z,W4120401,8096,46.90778,7.99854,34521.1,6.2,3.3,171.0,-33.9,0.4,-1.0,RS41-SG,403.500,10.7,625,10,2.5,,
2026-05-14T00:48:52.000Z,W4120401,8097,46.90776,7.99854,34527.3,6.3,2.3,215.6,-33.8,0.4,-1.0,RS41-SG,403.500,10.7,625,10,2.5,,
2026-05-14T00:48:53.000Z,W4120401,8098,46.90775,7.99850,34533.3,5.8,3.4,266.0,-33.6,0.4,-1.0,RS41-SG,403.500,10.4,625,10,2.5,,
2026-05-14T00:48:54.000Z,W4120401,8099,46.90775,7.99845,34539.0,5.5,5.5,282.3,-33.5,0.4,-1.0,RS41-SG,403.500,8.9,625,10,2.6,,
2026-05-14T00:48:55.000Z,W4120401,8100,46.90776,7.99837,34544.3,5.2,7.0,286.1,-33.4,0.3,-1.0,RS41-SG,403.500,9.0,625,10,2.6,,
2026-05-14T00:48:56.000Z,W4120401,8101,46.90778,7.99828,34549.7,5.6,7.1,284.1,-33.3,0.3,-1.0,RS41-SG,403.500,9.0,625,10,2.6,,
2026-05-14T00:48:59.000Z,W4120401,8104,46.90776,7.99812,34569.6,6.2,4.0,183.4,-33.1,0.3,-1.0,RS41-SG,403.500,8.3,625,10,2.5,,
2026-05-14T00:49:00.000Z,W4120401,8105,46.90772,7.99813,34575.0,4.7,6.4,157.7,-33.1,0.3,-1.0,RS41-SG,403.500,8.3,625,10,2.5,,
2026-05-14T00:49:01.000Z,W4120401,8106,46.90766,7.99818,34579.1,3.8,8.7,147.5,-33.0,0.4,-1.0,RS41-SG,403.500,8.4,625,10,2.5,,
2026-05-14T00:49:02.000Z,W4120401,8107,46.90759,7.99825,34583.5,5.0,9.7,142.8,-33.0,0.3,-1.0,RS41-SG,403.500,8.4,625,10,2.6,,
2026-05-14T00:49:03.000Z,W4120401,8108,46.90753,7.99832,34589.5,7.1,8.5,142.0,-33.0,0.3,-1.0,RS41-SG,403.500,9.7,625,10,2.6,,
2026-05-14T00:49:04.000Z,W4120401,8109,46.90747,7.99837,34597.0,7.9,5.6,146.4,-33.0,0.3,-1.0,RS41-SG,403.500,9.7,625,10,2.6,,
2026-05-14T00:49:05.000Z,W4120401,8110,46.90744,7.99840,34604.2,6.4,2.5,162.9,-32.9,0.3,-1.0,RS41-SG,403.500,9.6,625,10,2.5,,
2026-05-14T00:49:06.000Z,W4120401,8111,46.90743,7.99839,34609.5,4.3,1.7,254.7,-32.9,0.3,-1.0,RS41-SG,403.500,10.0,625,10,2.5,,
2026-05-14T00:49:07.000Z,W4120401,8112,46.90743,7.99836,34613.7,4.0,4.1,287.0,-32.9,0.3,-1.0,RS41-SG,403.500,10.0,625,10,2.5,,
2026-05-14T00:49:09.000Z,W4120401,8114,46.90746,7.99823,34624.1,6.6,5.4,285.9,-32.9,0.3,-1.0,RS41-SG,403.500,9.0,625,10,2.6,,
2026-05-14T00:49:10.000Z,W4120401,8115,46.90747,7.99817,34630.9,7.1,3.9,270.2,-32.9,0.3,-1.0,RS41-SG,403.500,9.4,625,10,2.6,,
2026-05-14T00:49:11.000Z,W4120401,8116,46.90746,7.99813,34638.0,6.8,2.6,230.9,-32.9,0.3,-1.0,RS41-SG,403.500,9.4,625,10,2.5,,
2026-05-14T00:49:12.000Z,W4120401,8117,46.90744,7.99812,34643.9,5.1,3.0,183.6,-32.9,0.3,-1.0,RS41-SG,403.500,9.2,625,10,2.5,,
2026-05-14T00:49:13.000Z,W4120401,8118,46.90741,7.99812,34648.6,4.3,4.3,159.4,-32.9,0.3,-1.0,RS41-SG,403.500,9.3,625,10,2.5,,
2026-05-14T00:49:14.000Z,W4120401,8119,46.90737,7.99815,34652.9,4.4,5.1,149.3,-32.8,0.3,-1.0,RS41-SG,403.500,9.3,625,10,2.5,,
2026-05-14T00:49:15.000Z,W4120401,8120,46.90734,7.99819,34657.8,5.3,4.9,144.7,-32.8,0.3,-1.0,RS41-SG,403.500,8.6,625,10,2.6,,
2026-05-14T00:49:16.000Z,W4120401,8121,46.90730,7.99822,34663.6,6.4,3.7,145.9,-32.8,0.3,-1.0,RS41-SG,403.500,8.2,625,10,2.6,,
2026-05-14T00:49:17.000Z,W4120401,8122,46.90728,7.99824,34670.1,6.7,1.8,158.9,-32.8,0.3,-1.0,RS41-SG,403.500,8.6,625,10,2.6,,
2026-05-14T00:49:18.000Z,W4120401,8123,46.90727,7.99824,34676.5,6.1,1.0,240.7,-32.8,0.3,-1.0,RS41-SG,403.500,9.3,625,10,2.5,,
2026-05-14T00:49:19.000Z,W4120401,8124,46.90727,7.99822,34682.1,5.2,2.2,273.6,-32.8,0.3,-1.0,RS41-SG,403.500,9.8,625,10,2.5,,
2026-05-14T00:49:20.000Z,W4120401,8125,46.90727,7.99818,34687.2,5.0,3.0,272.9,-32.7,0.3,-1.0,RS41-SG,403.500,9.8,625,10,2.5,,
2026-05-14T00:49:21.000Z,W4120401,8126,46.90727,7.99814,34692.4,5.4,3.3,255.0,-32.7,0.3,-1.0,RS41-SG,403.500,9.0,625,10,2.5,,
2026-05-14T00:49:22.000Z,W4120401,8127,46.90725,7.99811,34698.1,6.0,3.4,223.4,-32.7,0.3,-1.0,RS41-SG,403.500,10.2,625,10,2.6,,
2026-05-14T00:49:23.000Z,W4120401,8128,46.90722,7.99808,34704.2,6.1,4.7,193.4,-32.7,0.3,-1.0,RS41-SG,403.500,10.2,625,10,2.6,,
2026-05-14T00:49:24.000Z,W4120401,8129,46.90717,7.99808,34710.2,5.9,6.3,177.1,-32.7,0.3,-1.0,RS41-SG,403.500,10.0,625,10,2.5,,
2026-05-14T00:49:25.000Z,W4120401,8130,46.90711,7.99809,34715.6,5.2,7.5,169.3,-32.7,0.3,-1.0,RS41-SG,403.500,9.1,625,10,2.5,,
2026-05-14T00:49:26.000Z,W4120401,8131,46.90705,7.99811,34720.9,5.4,7.7,165.9,-32.6,0.3,-1.0,RS41-SG,403.500,9.4,625,10,2.5,,
2026-05-14T00:49:27.000Z,W4120401,8132,46.90698,7.99813,34726.6,6.1,6.6,167.2,-32.6,0.3,-1.0,RS41-SG,403.500,10.3,625,10,2.5,,
2026-05-14T00:49:28.000Z,W4120401,8133,46.90693,7.99814,34732.8,6.4,4.6,175.6,-32.6,0.3,-1.0,RS41-SG,403.500,10.7,625,10,2.6,,
2026-05-14T00:49:29.000Z,W4120401,8134,46.90690,7.99814,34739.1,6.2,2.5,212.9,-32.6,0.3,-1.0,RS41-SG,403.500,10.7,625,10,2.6,,
2026-05-14T00:49:30.000Z,W4120401,8135,46.90690,7.99811,34745.0,5.6,3.1,274.2,-32.6,0.3,-1.0,RS41-SG,403.500,10.0,625,10,2.6,,
2026-05-14T00:49:31.000Z,W4120401,8136,46.90691,7.99806,34750.1,4.5,4.8,295.5,-32.6,0.3,-1.0,RS41-SG,403.500,9.1,625,10,2.5,,
2026-05-14T00:49:32.000Z,W4120401,8137,46.90693,7.99800,34754.7,4.7,5.6,301.0,-32.6,0.3,-1.0,RS41-SG,403.500,9.1,625,10,2.5,,
2026-05-14T00:49:33.000Z,W4120401,8138,46.90695,7.99794,34760.2,6.3,4.9,300.1,-32.7,0.3,-1.0,RS41-SG,403.500,8.3,625,10,2.5,,
2026-05-14T00:49:34.000Z,W4120401,8139,46.90697,7.99790,34766.9,7.1,2.7,281.6,-32.6,0.4,-1.0,RS41-SG,403.500,7.6,625,10,2.5,,
2026-05-14T00:49:35.000Z,W4120401,8140,46.90696,7.99787,34773.9,6.8,2.2,197.9,-32.6,0.3,-1.0,RS41-SG,403.500,8.5,625,10,2.5,,
2026-05-14T00:49:36.000Z,W4120401,8141,46.90693,7.99788,34779.8,5.0,4.7,167.8,-32.6,0.3,-1.0,RS41-SG,403.500,8.5,625,10,2.6,,
2026-05-14T00:49:37.000Z,W4120401,8142,46.90688,7.99790,34784.5,4.2,7.3,162.1,-32.5,0.3,-1.0,RS41-SG,403.500,9.1,625,10,2.6,,
2026-05-14T00:49:38.000Z,W4120401,8143,46.90681,7.99793,34789.0,4.9,8.9,164.3,-32.5,0.3,-1.0,RS41-SG,403.500,9.1,625,10,2.6,,
2026-05-14T00:49:39.000Z,W4120401,8144,46.90673,7.99795,34794.8,6.5,9.1,171.1,-32.5,0.3,-1.0,RS41-SG,403.500,9.1,625,10,2.5,,
2026-05-14T00:49:40.000Z,W4120401,8145,46.90665,7.99796,34801.5,7.0,8.3,185.6,-32.5,0.3,-1.0,RS41-SG,403.500,10.2,625,10,2.5,,
2026-05-14T00:49:41.000Z,W4120401,8146,46.90659,7.99793,34808.2,6.3,7.3,204.4,-32.5,0.3,-1.0,RS41-SG,403.500,10.2,625,10,2.5,,
2026-05-14T00:49:42.000Z,W4120401,8147,46.90654,7.99788,34814.4,6.1,7.2,227.4,-32.5,0.3,-1.0,RS41-SG,403.500,8.8,625,10,2.5,,
2026-05-14T00:49:45.000Z,W4120401,8150,46.90641,7.99765,34796.2,-20.1,7.3,231.4,-32.5,0.3,-1.0,RS41-SG,403.500,8.5,625,10,2.5,,
2026-05-14T00:49:46.000Z,W4120401,8151,46.90637,7.99758,34772.1,-28.6,6.9,229.0,-32.3,0.3,-1.0,RS41-SG,403.500,8.5,625,10,2.5,,
2026-05-14T00:49:47.000Z,W4120401,8152,46.90633,7.99753,34742.7,-30.3,5.3,216.2,-32.3,0.3,-1.0,RS41-SG,403.500,7.9,625,10,2.5,,
2026-05-14T00:49:48.000Z,W4120401,8153,46.90629,7.99753,34715.8,-23.6,6.0,151.8,-32.3,0.3,-1.0,RS41-SG,403.500,8.5,625,10,2.5,,
2026-05-14T00:49:49.000Z,W4120401,8154,46.90624,7.99757,34691.0,-25.6,6.9,141.8,-32.3,0.3,-1.0,RS41-SG,403.500,10.1,625,10,2.6,,
2026-05-14T00:49:50.000Z,W4120401,8155,46.90620,7.99763,34666.0,-24.1,7.3,133.8,-32.4,0.3,-1.0,RS41-SG,403.500,10.2,625,10,2.6,,
2026-05-14T00:49:51.000Z,W4120401,8156,46.90615,7.99770,34642.8,-21.9,6.7,129.9,-32.4,0.3,-1.0,RS41-SG,403.500,10.2,625,10,2.6,,
2026-05-14T00:49:52.000Z,W4120401,8157,46.90612,7.99776,34620.2,-22.8,5.4,129.0,-32.5,0.3,-1.0,RS41-SG,403.500,10.7,625,10,2.5,,
2026-05-14T00:49:53.000Z,W4120401,8158,46.90609,7.99781,34596.5,-24.5,3.6,141.1,-32.5,0.3,-1.0,RS41-SG,403.500,10.7,625,10,2.5,,
2026-05-14T00:49:54.000Z,W4120401,8159,46.90607,7.99782,34570.9,-26.4,2.3,165.6,-32.6,0.3,-1.0,RS41-SG,403.500,10.4,625,10,2.5,,
2026-05-14T00:49:55.000Z,W4120401,8160,46.90605,7.99782,34542.5,-30.2,2.2,201.1,-32.6,0.3,-1.0,RS41-SG,403.500,9.0,625,10,2.5,,
2026-05-14T00:49:56.000Z,W4120401,8161,46.90603,7.99780,34512.0,-30.4,3.2,242.2,-32.7,0.3,-1.0,RS41-SG,403.500,9.1,625,10,2.6,,
2026-05-14T00:49:57.000Z,W4120401,8162,46.90602,7.99776,34478.7,-36.1,3.8,247.1,-33.0,0.3,-1.0,RS41-SG,403.500,9.9,625,10,2.6,,
2026-05-14T00:49:58.000Z,W4120401,8163,46.90601,7.99771,34442.0,-37.2,4.2,252.5,-33.2,0.3,-1.0,RS41-SG,403.500,9.9,625,10,2.5,,
2026-05-14T00:49:59.000Z,W4120401,8164,46.90600,7.99766,34401.5,-43.8,4.4,248.7,-33.3,0.4,-1.0,RS41-SG,403.500,9.5,625,10,2.5,,
2026-05-14T00:50:00.000Z,W4120401,8165,46.90598,7.99761,34356.9,-44.7,3.7,248.8,-33.4,0.3,-1.0,RS41-SG,403.500,10.0,625,10,2.5,,
2026-05-14T00:50:01.000Z,W4120401,8166,46.90597,7.99757,34312.3,-44.1,3.3,233.9,-33.5,0.4,-1.0,RS41-SG,403.500,10.0,625,10,2.5,,
2026-05-14T00:50:02.000Z,W4120401,8167,46.90595,7.99754,34269.1,-42.0,3.0,201.6,-33.6,0.4,-1.0,RS41-SG,403.500,9.8,625,10,2.6,,
2026-05-14T00:50:03.000Z,W4120401,8168,46.90592,7.99753,34226.7,-42.6,3.5,180.2,-33.8,0.4,-1.0,RS41-SG,403.500,9.7,625,10,2.6,,
2026-05-14T00:50:04.000Z,W4120401,8169,46.90588,7.99754,34184.3,-41.9,5.1,161.9,-33.9,0.4,-1.0,RS41-SG,403.500,9.3,625,10,2.6,,
2026-05-14T00:50:05.000Z,W4120401,8170,46.90584,7.99757,34142.0,-42.4,5.7,158.3,-34.1,0.4,-1.0,RS41-SG,403.500,8.6,625,10,2.5,,
2026-05-14T00:50:06.000Z,W4120401,8171,46.90579,7.99760,34100.5,-41.0,5.4,152.6,-34.2,0.4,-1.0,RS41-SG,403.500,10.3,625,10,2.5,,
2026-05-14T00:50:07.000Z,W4120401,8172,46.90575,7.99761,34061.3,-37.2,5.4,179.7,-34.5,0.4,-1.0,RS41-SG,403.500,10.3,625,10,2.5,,
2026-05-14T00:50:08.000Z,W4120401,8173,46.90570,7.99760,34024.1,-37.7,5.8,195.6,-34.7,0.4,-1.0,RS41-SG,403.500,10.3,625,10,2.5,,
2026-05-14T00:50:09.000Z,W4120401,8174,46.90564,7.99756,33985.5,-39.0,7.8,212.6,-35.0,0.4,-1.0,RS41-SG,403.500,10.3,625,9,2.6,,
2026-05-14T00:50:10.000Z,W4120401,8175,46.90557,7.99749,33945.6,-39.9,11.2,215.0,-35.3,0.4,-1.0,RS41-SG,403.500,8.4,625,9,2.6,,
2026-05-14T00:50:11.000Z,W4120401,8176,46.90549,7.99741,33904.9,-41.0,12.5,212.0,-35.5,0.4,-1.0,RS41-SG,403.500,8.8,625,10,2.5,,
2026-05-14T00:50:12.000Z,W4120401,8177,46.90539,7.99732,33863.9,-40.5,14.0,210.8,-35.6,0.4,-1.0,RS41-SG,403.500,8.8,625,10,2.5,,
2026-05-14T00:50:13.000Z,W4120401,8178,46.90528,7.99723,33823.6,-40.0,14.5,208.8,-35.7,0.4,-1.0,RS41-SG,403.500,8.9,625,10,2.5,,
2026-05-14T00:50:14.000Z,W4120401,8179,46.90516,7.99714,33784.5,-38.9,14.4,205.1,-35.7,0.4,-1.0,RS41-SG,403.500,8.9,625,9,2.6,,
2026-05-14T00:50:17.000Z,W4120401,8182,46.90488,7.99701,33667.7,-39.3,8.1,184.0,-35.6,0.4,-1.0,RS41-SG,403.500,7.4,625,10,2.5,,
2026-05-14T00:50:18.000Z,W4120401,8183,46.90482,7.99702,33628.2,-40.3,6.7,168.6,-35.5,0.4,-1.0,RS41-SG,403.500,8.1,625,10,2.5,,
2026-05-14T00:50:19.000Z,W4120401,8184,46.90477,7.99705,33587.5,-40.5,5.2,149.8,-35.4,0.4,-1.0,RS41-SG,403.500,9.1,625,10,2.5,,
2026-05-14T00:50:20.000Z,W4120401,8185,46.90473,7.99708,33546.0,-41.9,4.5,134.2,-35.3,0.4,-1.0,RS41-SG,403.500,9.1,625,10,2.6,,
2026-05-14T00:50:21.000Z,W4120401,8186,46.90472,7.99712,33504.4,-41.7,2.5,117.0,-35.4,0.4,-1.0,RS41-SG,403.500,8.9,625,9,2.6,,
2026-05-14T00:50:22.000Z,W4120401,8187,46.90471,7.99715,33464.0,-40.3,1.8,92.7,-35.6,0.4,-1.0,RS41-SG,403.500,8.9,625,10,2.6,,
2026-05-14T00:50:23.000Z,W4120401,8188,46.90471,7.99716,33423.9,-40.3,0.3,319.1,-35.8,0.4,-1.0,RS41-SG,403.500,9.4,625,9,2.5,,
2026-05-14T00:50:24.000Z,W4120401,8189,46.90471,7.99715,33383.5,-40.7,1.4,221.1,-36.1,0.4,-1.0,RS41-SG,403.500,9.4,625,9,2.5,,
2026-05-14T00:50:25.000Z,W4120401,8190,46.90470,7.99713,33344.7,-38.4,1.9,235.7,-36.4,0.4,-1.0,RS41-SG,403.500,8.3,625,9,2.5,,
2026-05-14T00:50:27.000Z,W4120401,8192,46.90465,7.99708,33267.2,-37.8,4.9,209.4,-37.0,0.4,-1.0,RS41-SG,403.500,6.9,625,9,2.6,,
2026-05-14T00:50:30.000Z,W4120401,8195,46.90452,7.99705,33153.7,-39.0,5.0,175.2,-37.4,0.5,-1.0,RS41,403.500,7.2,625,9,2.5,,
2026-05-14T00:50:31.000Z,W4120401,8196,46.90448,7.99706,33115.5,-38.0,3.3,168.2,-37.6,0.5,-1.0,RS41,403.500,7.9,625,9,2.5,,
2026-05-14T00:50:32.000Z,W4120401,8197,46.90446,7.99707,33078.7,-36.0,0.9,119.2,-37.8,0.5,-1.0,RS41,403.500,8.0,625,10,2.5,,
2026-05-14T00:50:33.000Z,W4120401,8198,46.90447,7.99708,33042.7,-36.1,1.4,7.6,-38.0,0.5,-1.0,RS41,403.500,8.0,625,10,2.6,,
2026-05-14T00:50:34.000Z,W4120401,8199,46.90449,7.99707,33006.3,-37.3,2.8,335.1,-38.2,0.5,-1.0,RS41,403.500,8.2,625,10,2.6,,
2026-05-14T00:50:35.000Z,W4120401,8200,46.90452,7.99705,32968.8,-38.2,5.0,331.0,-38.4,0.5,-1.0,RS41,403.500,8.2,625,10,2.6,,
2026-05-14T00:50:36.000Z,W4120401,8201,46.90456,7.99700,32930.4,-39.0,7.7,321.4,-38.6,0.5,-1.0,RS41,403.500,8.1,625,9,2.5,,
2026-05-14T00:50:37.000Z,W4120401,8202,46.90462,7.99692,32891.6,-39.1,9.8,312.8,-38.8,0.5,-1.0,RS41,403.500,8.3,625,10,2.5,,
2026-05-14T00:50:38.000Z,W4120401,8203,46.90468,7.99681,32853.4,-38.0,11.5,305.2,-38.8,0.5,-1.0,RS41,403.500,8.3,625,9,2.5,,
2026-05-14T00:50:39.000Z,W4120401,8204,46.90473,7.99668,32814.8,-39.5,12.5,297.9,-38.8,0.5,-1.0,RS41,403.500,7.8,625,9,2.5,,
2026-05-14T00:50:40.000Z,W4120401,8205,46.90478,7.99652,32775.1,-39.9,13.3,289.0,-38.8,0.5,-1.0,RS41,403.500,7.6,625,9,2.6,,
2026-05-14T00:50:41.000Z,W4120401,8206,46.90481,7.99636,32735.3,-40.1,13.3,280.7,-38.9,0.5,-1.0,RS41,403.500,7.6,625,10,2.6,,
2026-05-14T00:50:42.000Z,W4120401,8207,46.90482,7.99618,32696.4,-38.7,13.1,276.1,-38.8,0.5,-1.0,RS41,403.500,7.4,625,9,2.5,,
2026-05-14T00:50:43.000Z,W4120401,8208,46.90483,7.99602,32658.4,-38.5,11.6,270.4,-38.8,0.5,-1.0,RS41,403.500,6.5,625,9,2.5,,
2026-05-14T00:50:55.000Z,W4120401,8220,46.90439,7.99515,32209.0,-34.7,6.1,218.3,-40.4,0.6,-1.0,RS41,403.500,6.9,625,9,2.5,,
2026-05-14T00:50:56.000Z,W4120401,8221,46.90434,7.99510,32173.2,-36.7,7.0,208.5,-40.6,0.6,-1.0,RS41,403.500,6.9,625,9,2.5,,
2026-05-14T00:51:00.000Z,W4120401,8225,46.90406,7.99501,32025.9,-35.5,7.2,177.1,-41.6,0.6,-1.0,RS41,403.500,7.4,625,9,2.5,,
2026-05-14T00:51:02.000Z,W4120401,8227,46.90393,7.99505,31951.4,-36.7,6.0,162.8,-42.3,0.6,-1.0,RS41,403.500,6.8,625,10,2.5,,
2026-05-14T00:51:04.000Z,W4120401,8229,46.90387,7.99512,31879.9,-35.1,3.4,126.9,-42.8,0.6,-1.0,RS41,403.500,7.0,625,10,2.6,,
2026-05-14T00:51:05.000Z,W4120401,8230,46.90386,7.99515,31844.5,-35.5,2.0,94.0,-42.8,0.6,-1.0,RS41,403.500,7.3,625,10,2.5,,
2026-05-14T00:51:06.000Z,W4120401,8231,46.90387,7.99517,31809.4,-35.1,2.5,35.1,-42.9,0.7,-1.0,RS41,403.500,7.3,625,9,2.5,,
2026-05-14T00:51:07.000Z,W4120401,8232,46.90389,7.99518,31773.8,-36.6,3.1,7.0,-42.9,0.6,-1.0,RS41,403.500,7.4,625,9,2.5,,
2026-05-14T00:51:08.000Z,W4120401,8233,46.90392,7.99518,31738.3,-35.2,4.2,345.6,-43.1,0.6,-1.0,RS41,403.500,7.4,625,9,2.5,,
2026-05-14T00:51:13.000Z,W4120401,8238,46.90407,7.99496,31557.7,-35.7,5.0,286.5,-43.8,0.7,-1.0,RS41,403.500,6.6,625,8,2.5,,
