timestamp,serial,frame,lat,lon,alt,vel_v,vel_h,heading,temp,humidity,pressure,type,freq_mhz,snr,f_error_hz,sats,batt_v,burst_timer,aux_data
2026-01-31T00:28:48.000Z,W4140857,6892,46.61948,7.11532,26043.2,6.6,30.9,243.8,-273.0,-1.0,-1.0,RS41,403.500,6.9,250,11,2.6,,
2026-01-31T00:28:55.000Z,W4140857,6899,46.61865,7.11282,26081.9,6.4,30.0,244.2,-273.0,-1.0,-1.0,RS41,403.500,6.9,250,11,2.6,,
2026-01-31T00:28:58.000Z,W4140857,6902,46.61829,7.11181,26098.0,6.0,28.8,242.9,-273.0,-1.0,-1.0,RS41,403.500,7.0,250,11,2.6,,
2026-01-31T00:28:59.000Z,W4140857,6903,46.61817,7.11147,26104.3,6.5,29.4,244.6,-273.0,-1.0,-1.0,RS41,403.500,6.9,250,11,2.6,,
2026-01-31T00:29:01.000Z,W4140857,6905,46.61795,7.11076,26115.0,4.9,30.5,246.8,-273.0,-1.0,-1.0,RS41,403.500,7.0,250,11,2.6,,
2026-01-31T00:29:02.000Z,W4140857,6906,46.61784,7.11040,26120.4,6.0,30.5,246.4,-273.0,-1.0,-1.0,RS41,403.500,7.0,250,11,2.6,,
2026-01-31T00:29:07.000Z,W4140857,6911,46.61730,7.10864,26148.8,5.3,29.4,248.5,-273.0,-1.0,-1.0,RS41,403.500,7.0,250,11,2.6,,
2026-01-31T00:29:08.000Z,W4140857,6912,46.61721,7.10828,26153.8,4.6,29.5,249.9,-273.0,-1.0,-1.0,RS41,403.500,8.0,250,11,2.6,,
2026-01-31T00:29:09.000Z,W4140857,6913,46.61712,7.10793,26159.0,5.8,29.2,249.9,-273.0,-1.0,-1.0,RS41,403.500,8.0,250,11,2.6,,
2026-01-31T00:29:10.000Z,W4140857,6914,46.61703,7.10757,26165.0,6.1,28.6,249.0,-273.0,-1.0,-1.0,RS41,403.500,7.9,250,11,2.6,,
2026-01-31T00:29:11.000Z,W4140857,6915,46.61693,7.10723,26170.3,4.6,28.2,247.9,-273.0,-1.0,-1.0,RS41,403.500,7.5,250,11,2.6,,
2026-01-31T00:29:12.000Z,W4140857,6916,46.61684,7.10689,26175.3,5.2,28.1,247.5,-273.0,-1.0,-1.0,RS41,403.500,7.6,250,11,2.6,,
2026-01-31T00:29:13.000Z,W4140857,6917,46.61674,7.10655,26181.1,6.3,28.4,248.5,-273.0,-1.0,-1.0,RS41,403.500,7.6,250,11,2.6,,
2026-01-31T00:29:14.000Z,W4140857,6918,46.61665,7.10620,26187.2,5.8,29.3,249.6,-273.0,-1.0,-1.0,RS41,403.500,7.2,250,11,2.6,,
2026-01-31T00:29:16.000Z,W4140857,6920,46.61647,7.10547,26197.7,5.3,30.3,249.5,-273.0,-1.0,-1.0,RS41,403.500,7.9,250,11,2.6,,
2026-01-31T00:29:23.000Z,W4140857,6927,46.61573,7.10292,26235.6,4.2,30.4,250.5,-273.0,-1.0,-1.0,RS41,403.500,7.2,250,11,2.6,,
2026-01-31T00:29:25.000Z,W4140857,6929,46.61556,7.10219,26246.2,6.1,28.7,250.2,-273.0,-1.0,-1.0,RS41,403.500,7.8,250,11,2.6,,
2026-01-31T00:29:26.000Z,W4140857,6930,46.61547,7.10184,26251.6,4.7,28.0,249.2,-273.0,-1.0,-1.0,RS41,403.500,7.7,250,11,2.6,,
2026-01-31T00:29:29.000Z,W4140857,6933,46.61519,7.10080,26267.7,6.3,30.1,249.5,-273.0,-1.0,-1.0,RS41,403.500,7.3,250,11,2.6,,
2026-01-31T00:37:02.000Z,W4140857,7386,46.54260,6.92800,28789.9,5.0,34.9,235.3,-273.0,-1.0,-1.0,RS41,403.500,7.4,250,11,2.6,,
2026-01-31T00:37:03.000Z,W4140857,7387,46.54242,6.92762,28795.1,5.3,35.7,234.6,-273.0,-1.0,-1.0,RS41,403.500,7.4,250,11,2.5,,
2026-01-31T00:38:26.000Z,W4140857,7470,46.52516,6.89873,29251.9,4.9,35.9,228.7,-273.0,-1.0,-1.0,RS41,403.500,6.8,250,11,2.5,,
2026-01-31T00:38:27.000Z,W4140857,7471,46.52495,6.89838,29257.4,6.0,35.4,228.8,-273.0,-1.0,-1.0,RS41,403.500,6.8,250,11,2.5,,
2026-01-31T00:38:35.000Z,W4140857,7479,46.52310,6.89553,29301.4,5.5,40.6,225.4,-273.0,-1.0,-1.0,RS41,403.500,7.3,250,11,2.6,,
2026-01-31T00:38:36.000Z,W4140857,7480,46.52284,6.89516,29307.0,5.9,41.5,223.8,-273.0,-1.0,-1.0,RS41,403.500,7.7,250,11,2.6,,
2026-01-31T00:38:42.000Z,W4140857,7486,46.52135,6.89296,29339.8,4.0,36.2,231.6,-273.0,-1.0,-1.0,RS41,403.500,7.3,250,11,2.6,,
2026-01-31T00:38:43.000Z,W4140857,7487,46.52115,6.89259,29344.4,5.2,35.9,232.6,-273.0,-1.0,-1.0,RS41,403.500,7.3,250,11,2.5,,
2026-01-31T00:38:44.000Z,W4140857,7488,46.52095,6.89222,29350.5,6.8,36.4,231.2,-273.0,-1.0,-1.0,RS41,403.500,7.5,250,11,2.5,,
2026-01-31T00:38:46.000Z,W4140857,7490,46.52051,6.89148,29362.0,3.9,38.9,227.0,-273.0,-1.0,-1.0,RS41,403.500,6.9,250,11,2.5,,
2026-01-31T00:38:48.000Z,W4140857,7492,46.52000,6.89073,29370.4,5.0,41.9,225.5,-273.0,-1.0,-1.0,RS41,403.500,7.4,250,11,2.6,,
2026-01-31T00:38:49.000Z,W4140857,7493,46.51974,6.89033,29376.0,5.9,42.8,226.2,-273.0,-1.0,-1.0,RS41,403.500,7.4,250,11,2.5,,
2026-01-31T00:38:59.000Z,W4140857,7503,46.51736,6.88677,29429.8,4.6,34.3,230.9,-273.0,-1.0,-1.0,RS41,403.500,6.9,250,11,2.6,,
2026-01-31T00:40:38.000Z,W4140857,7602,46.49598,6.85023,29969.9,4.9,38.2,237.6,-273.0,-1.0,-1.0,RS41,403.500,7.4,250,10,2.5,,
2026-01-31T00:40:40.000Z,W4140857,7604,46.49560,6.84943,29982.2,7.0,37.0,232.2,-273.0,-1.0,-1.0,RS41,403.500,7.4,250,10,2.6,,
2026-01-31T00:40:41.000Z,W4140857,7605,46.49539,6.84907,29988.2,4.9,36.5,229.1,-273.0,-1.0,-1.0,RS41,403.500,7.4,250,10,2.5,,
2026-01-31T00:40:55.000Z,W4140857,7619,46.49249,6.84399,30070.0,6.6,37.7,232.2,-273.0,-1.0,-1.0,RS41,403.500,6.9,250,10,2.5,,
2026-01-31T00:43:05.000Z,W4140857,7749,46.46344,6.79841,30834.5,5.4,39.4,229.3,-273.0,-1.0,-1.0,RS41,403.500,8.1,250,11,2.5,,
2026-01-31T00:43:12.000Z,W4140857,7756,46.46169,6.79573,30874.4,6.3,39.9,229.9,-44.5,-1.0,-1.0,RS41,403.500,7.7,250,11,2.6,,
2026-01-31T00:43:13.000Z,W4140857,7757,46.46147,6.79533,30880.0,4.9,39.4,231.9,-44.5,-1.0,-1.0,RS41,403.500,7.7,250,11,2.5,,
2026-01-31T00:43:15.000Z,W4140857,7759,46.46104,6.79451,30889.9,5.5,40.1,233.1,-44.5,-1.0,-1.0,RS41,403.500,8.4,250,11,2.5,,
2026-01-31T00:43:16.000Z,W4140857,7760,46.46082,6.79409,30895.8,6.3,41.0,231.5,-44.6,-1.0,-1.0,RS41,403.500,8.4,250,11,2.5,,
2026-01-31T00:43:17.000Z,W4140857,7761,46.46058,6.79368,30901.8,5.8,41.8,228.9,-44.6,-1.0,-1.0,RS41,403.500,8.2,250,11,2.6,,
2026-01-31T00:43:18.000Z,W4140857,7762,46.46033,6.79328,30907.2,4.9,42.1,226.5,-44.6,-1.0,-1.0,RS41,403.500,7.7,250,11,2.6,,
2026-01-31T00:43:20.000Z,W4140857,7764,46.45980,6.79252,30917.3,5.6,40.7,223.3,-44.6,-1.0,-1.0,RS41,403.500,8.1,250,11,2.5,,
2026-01-31T00:43:21.000Z,W4140857,7765,46.45954,6.79217,30923.5,6.7,39.3,223.9,-44.7,-1.0,-1.0,RS41,403.500,8.1,250,11,2.5,,
2026-01-31T00:43:22.000Z,W4140857,7766,46.45929,6.79181,30930.2,6.5,38.1,225.7,-44.7,-1.0,-1.0,RS41,403.500,8.3,250,11,2.5,,
2026-01-31T00:43:23.000Z,W4140857,7767,46.45906,6.79145,30936.0,5.3,37.8,228.2,-44.8,-1.0,-1.0,RS41,403.500,8.5,250,11,2.6,,
2026-01-31T00:43:24.000Z,W4140857,7768,46.45884,6.79108,30941.3,5.2,38.3,230.9,-44.8,-1.0,-1.0,RS41,403.500,8.5,250,11,2.6,,
2026-01-31T00:43:25.000Z,W4140857,7769,46.45862,6.79068,30946.7,5.6,39.9,232.6,-44.8,-1.0,-1.0,RS41,403.500,8.4,250,11,2.5,,
2026-01-31T00:43:26.000Z,W4140857,7770,46.45840,6.79026,30952.7,6.2,42.0,232.9,-44.8,-1.0,-1.0,RS41,403.500,9.0,250,11,2.5,,
2026-01-31T00:43:27.000Z,W4140857,7771,46.45817,6.78982,30958.9,6.2,43.9,232.2,-44.8,-1.0,-1.0,RS41,403.500,9.0,250,11,2.5,,
2026-01-31T00:43:28.000Z,W4140857,7772,46.45792,6.78936,30964.5,5.1,45.0,231.4,-44.8,-1.0,-1.0,RS41,403.500,7.8,250,11,2.6,,
2026-01-31T00:43:29.000Z,W4140857,7773,46.45767,6.78891,30969.4,4.6,45.2,230.6,-44.8,-1.0,-1.0,RS41,403.500,8.4,250,10,2.6,,
2026-01-31T00:43:31.000Z,W4140857,7775,46.45716,6.78804,30981.1,6.9,41.6,229.7,-44.8,-1.0,-1.0,RS41,403.500,7.0,250,11,2.5,,
2026-01-31T00:43:32.000Z,W4140857,7776,46.45693,6.78764,30987.6,6.0,39.2,229.8,-44.8,-1.0,-1.0,RS41,403.500,7.8,250,11,2.5,,
2026-01-31T00:43:33.000Z,W4140857,7777,46.45671,6.78726,30992.8,4.4,37.2,229.9,-44.8,-1.0,-1.0,RS41,403.500,7.9,250,11,2.5,,
2026-01-31T00:43:34.000Z,W4140857,7778,46.45650,6.78690,30997.4,4.9,35.8,229.6,-44.7,-1.0,-1.0,RS41,403.500,8.0,250,11,2.6,,
2026-01-31T00:43:40.000Z,W4140857,7784,46.45513,6.78472,31033.7,6.8,40.2,229.3,-44.7,-1.0,-1.0,RS41,403.500,7.9,250,11,2.6,,
2026-01-31T00:43:41.000Z,W4140857,7785,46.45490,6.78433,31039.7,5.3,40.1,230.4,-44.7,-1.0,-1.0,RS41,403.500,7.9,250,11,2.6,,
2026-01-31T00:43:42.000Z,W4140857,7786,46.45468,6.78392,31044.8,5.0,40.0,230.7,-44.7,-1.0,-1.0,RS41,403.500,7.6,250,11,2.5,,
2026-01-31T00:43:43.000Z,W4140857,7787,46.45445,6.78353,31050.4,6.0,40.1,229.9,-44.7,-1.0,-1.0,RS41-SG,403.500,7.6,250,11,2.5,,
2026-01-31T00:43:44.000Z,W4140857,7788,46.45421,6.78313,31056.8,6.7,40.3,227.9,-44.7,-1.0,-1.0,RS41-SG,403.500,7.7,250,11,2.5,,
2026-01-31T00:43:58.000Z,W4140857,7802,46.45108,6.77802,31138.7,6.2,38.2,232.8,-44.2,-1.0,-1.0,RS41-SG,403.500,6.8,250,11,2.6,,
2026-01-31T00:56:18.000Z,W4140857,8542,46.32914,6.51359,35241.2,3.8,37.4,242.5,-273.0,-1.0,-1.0,RS41,403.500,7.8,625,10,2.6,,
2026-01-31T00:56:19.000Z,W4140857,8543,46.32898,6.51315,35246.1,5.8,38.8,241.8,-273.0,-1.0,-1.0,RS41,403.500,7.9,625,10,2.6,,
2026-01-31T00:56:20.000Z,W4140857,8544,46.32881,6.51271,35252.1,6.3,39.8,238.9,-273.0,-1.0,-1.0,RS41,403.500,8.3,625,10,2.5,,
2026-01-31T00:56:21.000Z,W4140857,8545,46.32861,6.51228,35257.8,5.0,40.4,235.3,-273.0,-1.0,-1.0,RS41,403.500,8.3,625,10,2.5,,
2026-01-31T00:56:22.000Z,W4140857,8546,46.32840,6.51186,35262.2,3.8,40.7,231.8,-273.0,-1.0,-1.0,RS41,403.500,8.3,625,10,2.5,,
2026-01-31T00:56:23.000Z,W4140857,8547,46.32817,6.51145,35266.0,3.6,40.6,228.7,-273.0,-1.0,-1.0,RS41,403.500,7.0,625,10,2.6,,
2026-01-31T00:56:24.000Z,W4140857,8548,46.32792,6.51107,35270.0,4.5,39.8,226.7,-273.0,-1.0,-1.0,RS41,403.500,7.7,625,10,2.6,,
2026-01-31T00:56:25.000Z,W4140857,8549,46.32768,6.51070,35274.9,5.3,38.6,226.4,-273.0,-1.0,-1.0,RS41,403.500,8.5,625,10,2.5,,
2026-01-31T00:56:26.000Z,W4140857,8550,46.32745,6.51034,35280.2,5.1,37.5,227.6,-273.0,-1.0,-1.0,RS41,403.500,8.5,625,10,2.5,,
2026-01-31T00:56:27.000Z,W4140857,8551,46.32723,6.50998,35284.8,4.1,36.8,229.6,-273.0,-1.0,-1.0,RS41,403.500,8.3,625,10,2.5,,
2026-01-31T00:56:28.000Z,W4140857,8552,46.32702,6.50961,35289.0,4.1,36.7,231.9,-273.0,-1.0,-1.0,RS41-SG,403.500,8.1,625,10,2.6,,
2026-01-31T00:56:29.000Z,W4140857,8553,46.32682,6.50923,35293.4,4.6,37.3,233.8,-273.0,-1.0,-1.0,RS41-SG,403.500,8.3,625,10,2.6,,
2026-01-31T00:56:30.000Z,W4140857,8554,46.32662,6.50884,35298.2,4.9,38.5,234.9,-273.0,-1.0,-1.0,RS41-SG,403.500,8.3,625,10,2.5,,
2026-01-31T00:56:31.000Z,W4140857,8555,46.32642,6.50842,35303.2,5.0,40.0,235.2,-273.0,-1.0,-1.0,RS41-SG,403.500,8.3,625,10,2.5,,
2026-01-31T00:56:32.000Z,W4140857,8556,46.32621,6.50799,35308.1,4.6,41.5,235.0,-273.0,-1.0,-1.0,RS41-SG,403.500,8.7,625,10,2.5,,
2026-01-31T00:56:33.000Z,W4140857,8557,46.32600,6.50755,35312.5,4.3,42.6,234.8,-273.0,-1.0,-1.0,RS41-SG,403.500,8.7,625,10,2.6,,
2026-01-31T00:56:34.000Z,W4140857,8558,46.32578,6.50709,35316.7,4.2,43.1,234.8,-273.0,-1.0,-1.0,RS41-SG,403.500,8.2,625,10,2.6,,
2026-01-31T00:56:35.000Z,W4140857,8559,46.32556,6.50664,35321.2,4.8,43.0,235.1,-273.0,-1.0,-1.0,RS41-SG,403.500,8.2,625,10,2.5,,
2026-01-31T00:56:36.000Z,W4140857,8560,46.32534,6.50619,35326.3,5.4,41.8,235.4,-273.0,-1.0,-1.0,RS41-SG,403.500,8.4,625,10,2.5,,
2026-01-31T00:56:37.000Z,W4140857,8561,46.32513,6.50575,35331.8,5.6,40.1,235.8,-273.0,-1.0,-1.0,RS41-SG,403.500,8.4,625,10,2.5,,
2026-01-31T00:56:38.000Z,W4140857,8562,46.32494,6.50534,35337.0,5.0,38.0,236.0,-273.0,-1.0,-1.0,RS41-SG,403.500,8.2,625,10,2.6,,
2026-01-31T00:56:39.000Z,W4140857,8563,46.32475,6.50494,35341.7,4.4,35.9,235.3,-273.0,-1.0,-1.0,RS41-SG,403.500,8.2,625,10,2.6,,
2026-01-31T00:56:40.000Z,W4140857,8564,46.32457,6.50457,35346.0,4.1,33.9,233.9,-273.0,-1.0,-1.0,RS41-SG,403.500,8.1,625,10,2.5,,
2026-01-31T00:56:41.000Z,W4140857,8565,46.32439,6.50423,35350.0,4.1,32.7,231.7,-273.0,-1.0,-1.0,RS41-SG,403.500,8.1,625,10,2.5,,
2026-01-31T00:56:42.000Z,W4140857,8566,46.32420,6.50391,35354.4,4.6,32.6,229.2,-273.0,-1.0,-1.0,RS41-SG,403.500,8.3,625,10,2.5,,
2026-01-31T00:56:43.000Z,W4140857,8567,46.32401,6.50359,35359.3,5.2,33.6,227.3,-273.0,-1.0,-1.0,RS41-SG,403.500,8.3,625,10,2.6,,
2026-01-31T00:56:45.000Z,W4140857,8569,46.32357,6.50291,35370.4,5.7,38.0,227.4,-273.0,-1.0,-1.0,RS41-SG,403.500,7.9,625,10,2.5,,
2026-01-31T00:56:46.000Z,W4140857,8570,46.32334,6.50253,35375.9,5.3,40.5,229.3,-273.0,-1.0,-1.0,RS41-SG,403.500,7.9,625,10,2.5,,
2026-01-31T00:56:47.000Z,W4140857,8571,46.32310,6.50212,35380.8,4.4,42.9,231.8,-273.0,-1.0,-1.0,RS41-SG,403.500,8.2,625,10,2.5,,
2026-01-31T00:56:48.000Z,W4140857,8572,46.32287,6.50166,35385.1,4.1,45.0,234.6,-273.0,-1.0,-1.0,RS41-SG,403.500,8.2,625,10,2.6,,
2026-01-31T00:56:49.000Z,W4140857,8573,46.32264,6.50117,35389.4,4.4,46.1,237.5,-273.0,-1.0,-1.0,RS41-SG,403.500,7.5,625,10,2.6,,
2026-01-31T00:56:50.000Z,W4140857,8574,46.32243,6.50067,35394.2,5.3,45.9,240.3,-273.0,-1.0,-1.0,RS41-SG,403.500,7.8,625,10,2.5,,
2026-01-31T00:56:51.000Z,W4140857,8575,46.32223,6.50016,35400.1,6.4,44.2,241.9,-23.7,-1.0,-1.0,RS41-SG,403.500,7.8,625,10,2.5,,
2026-01-31T00:56:52.000Z,W4140857,8576,46.32205,6.49967,35406.9,6.9,41.5,242.2,-23.6,-1.0,-1.0,RS41-SG,403.500,8.8,625,10,2.5,,
2026-01-31T00:56:53.000Z,W4140857,8577,46.32188,6.49921,35413.5,6.3,38.2,240.9,-23.6,-1.0,-1.0,RS41-SG,403.500,8.8,625,10,2.6,,
2026-01-31T00:56:54.000Z,W4140857,8578,46.32172,6.49881,35419.2,5.2,35.0,238.2,-23.6,-1.0,-1.0,RS41-SG,403.500,8.5,625,10,2.6,,
2026-01-31T00:56:55.000Z,W4140857,8579,46.32155,6.49844,35423.9,4.0,32.5,234.1,-23.6,-1.0,-1.0,RS41-SG,403.500,8.6,625,10,2.5,,
2026-01-31T00:56:56.000Z,W4140857,8580,46.32137,6.49812,35427.8,3.9,30.8,229.1,-23.6,-1.0,-1.0,RS41-SG,403.500,8.6,625,10,2.5,,
2026-01-31T00:56:57.000Z,W4140857,8581,46.32118,6.49784,35432.1,4.7,30.5,224.5,-23.6,-1.0,-1.0,RS41-SG,403.500,8.5,625,10,2.5,,
2026-01-31T00:56:58.000Z,W4140857,8582,46.32098,6.49756,35437.7,6.4,31.9,222.3,-23.6,-1.0,-1.0,RS41-SG,403.500,7.7,625,10,2.6,,
2026-01-31T00:57:03.000Z,W4140857,8587,46.31983,6.49567,35467.6,2.8,46.8,236.9,-23.7,-1.0,-1.0,RS41-SG,403.500,8.6,625,10,2.6,,
2026-01-31T00:57:04.000Z,W4140857,8588,46.31961,6.49514,35470.6,3.1,49.0,240.4,-23.7,-1.0,-1.0,RS41-SG,403.500,8.8,625,10,2.6,,
2026-01-31T00:57:05.000Z,W4140857,8589,46.31940,6.49458,35474.7,5.1,49.3,243.2,-23.8,-1.0,-1.0,RS41-SG,403.500,8.9,625,10,2.5,,
2026-01-31T00:57:06.000Z,W4140857,8590,46.31921,6.49402,35480.9,7.5,47.4,244.4,-23.8,-1.0,-1.0,RS41-SG,403.500,8.9,625,10,2.5,,
2026-01-31T00:57:08.000Z,W4140857,8592,46.31886,6.49302,35497.0,7.7,38.7,241.0,-23.8,-1.0,-1.0,RS41-SG,403.500,8.0,625,10,2.6,,
2026-01-31T00:57:09.000Z,W4140857,8593,46.31869,6.49262,35503.4,5.0,34.5,236.7,-23.8,-1.0,-1.0,RS41-SG,403.500,9.4,625,10,2.6,,
2026-01-31T00:57:10.000Z,W4140857,8594,46.31852,6.49228,35507.1,2.2,31.0,230.1,-23.7,-1.0,-1.0,RS41-SG,403.500,9.6,625,10,2.5,,
2026-01-31T00:57:11.000Z,W4140857,8595,46.31834,6.49200,35508.8,1.1,28.8,222.0,-23.7,-1.0,-1.0,RS41-SG,403.500,9.6,625,10,2.5,,
2026-01-31T00:57:12.000Z,W4140857,8596,46.31813,6.49177,35510.5,2.4,28.7,214.4,-23.7,-1.0,-1.0,RS41-SG,403.500,9.0,625,10,2.5,,
2026-01-31T00:57:16.000Z,W4140857,8600,46.31717,6.49066,35534.8,4.6,41.8,228.0,-23.7,-1.0,-1.0,RS41-SG,403.500,7.6,625,10,2.5,,
2026-01-31T00:57:17.000Z,W4140857,8601,46.31693,6.49022,35538.2,2.2,45.2,233.2,-23.7,-1.0,-1.0,RS41-SG,403.500,8.7,625,10,2.5,,
2026-01-31T00:57:18.000Z,W4140857,8602,46.31669,6.48973,35539.9,1.3,47.7,238.1,-23.7,-1.0,-1.0,RS41-SG,403.500,8.7,625,10,2.6,,
2026-01-31T00:57:19.000Z,W4140857,8603,46.31648,6.48919,35542.1,3.0,48.5,242.1,-23.6,-1.0,-1.0,RS41-SG,403.500,7.3,625,10,2.6,,
2026-01-31T00:57:20.000Z,W4140857,8604,46.31629,6.48864,35546.8,6.5,46.3,244.6,-23.6,-1.0,-1.0,RS41-SG,403.500,7.1,625,10,2.5,,
2026-01-31T00:57:21.000Z,W4140857,8605,46.31612,6.48813,35554.4,8.6,41.4,244.5,-23.6,-1.0,-1.0,RS41-SG,403.500,7.6,625,10,2.5,,
2026-01-31T00:57:22.000Z,W4140857,8606,46.31596,6.48769,35562.6,7.7,36.1,241.6,-23.6,-1.0,-1.0,RS41-SG,403.500,8.9,625,10,2.5,,
2026-01-31T00:57:23.000Z,W4140857,8607,46.31581,6.48731,35568.8,4.7,31.7,236.8,-23.6,-1.0,-1.0,RS41-SG,403.500,9.2,625,10,2.6,,
2026-01-31T00:57:24.000Z,W4140857,8608,46.31565,6.48700,35571.9,1.5,28.7,229.6,-23.6,-1.0,-1.0,RS41-SG,403.500,9.5,625,10,2.6,,
2026-01-31T00:57:25.000Z,W4140857,8609,46.31547,6.48674,35572.9,0.7,27.3,220.6,-23.5,-1.0,-1.0,RS41-SG,403.500,9.5,625,10,2.5,,
2026-01-31T00:57:26.000Z,W4140857,8610,46.31527,6.48653,35574.7,2.9,28.4,213.3,-23.5,-1.0,-1.0,RS41-SG,403.500,9.2,625,9,2.5,,
2026-01-31T00:57:31.000Z,W4140857,8615,46.31404,6.48495,35602.2,2.4,44.5,232.5,-23.4,-1.0,-1.0,RS41-SG,403.500,7.2,625,10,2.5,,
2026-01-31T00:57:35.000Z,W4140857,8619,46.31325,6.48301,35620.2,7.0,38.0,242.7,-23.2,-1.0,-1.0,RS41-SG,403.500,7.8,625,10,2.5,,
2026-01-31T00:57:36.000Z,W4140857,8620,46.31310,6.48260,35626.4,5.3,34.3,240.0,-23.2,-1.0,-1.0,RS41-SG,403.500,8.4,625,10,2.5,,
2026-01-31T00:57:37.000Z,W4140857,8621,46.31294,6.48224,35630.7,3.1,31.5,235.8,-23.1,-1.0,-1.0,RS41-SG,403.500,8.4,625,10,2.5,,
2026-01-31T00:57:38.000Z,W4140857,8622,46.31277,6.48193,35633.6,2.6,29.8,229.8,-23.1,-1.0,-1.0,RS41-SG,403.500,7.8,625,10,2.6,,
2026-01-31T00:57:39.000Z,W4140857,8623,46.31259,6.48164,35636.8,3.9,30.0,224.7,-23.1,-1.0,-1.0,RS41-SG,403.500,7.8,625,10,2.6,,
2026-01-31T00:57:42.000Z,W4140857,8626,46.31194,6.48074,35653.4,5.6,37.8,226.6,-22.9,-1.0,-1.0,RS41-SG,403.500,7.7,625,10,2.5,,
2026-01-31T00:57:43.000Z,W4140857,8627,46.31171,6.48036,35658.1,3.8,40.1,229.4,-22.9,-1.0,-1.0,RS41-SG,403.500,8.0,625,10,2.6,,
2026-01-31T00:57:44.000Z,W4140857,8628,46.31148,6.47995,35661.7,3.4,41.8,232.4,-22.8,-1.0,-1.0,RS41-SG,403.500,8.0,625,10,2.6,,
2026-01-31T00:57:45.000Z,W4140857,8629,46.31126,6.47951,35665.5,4.2,42.4,235.0,-22.8,-1.0,-1.0,RS41-SG,403.500,8.1,625,10,2.5,,
2026-01-31T00:57:46.000Z,W4140857,8630,46.31105,6.47907,35670.2,5.2,41.4,236.8,-22.7,-1.0,-1.0,RS41-SG,403.500,8.2,625,10,2.5,,
2026-01-31T00:57:47.000Z,W4140857,8631,46.31085,6.47863,35676.0,6.2,39.0,237.3,-22.6,-1.0,-1.0,RS41-SG,403.500,8.2,625,10,2.5,,
2026-01-31T00:57:49.000Z,W4140857,8633,46.31050,6.47786,35687.8,5.1,32.8,234.4,-22.5,-1.0,-1.0,RS41-SG,403.500,7.9,625,10,2.6,,
2026-01-31T00:57:50.000Z,W4140857,8634,46.31032,6.47754,35692.4,3.9,30.6,231.4,-22.4,-1.0,-1.0,RS41-SG,403.500,8.7,625,10,2.5,,
2026-01-31T00:57:51.000Z,W4140857,8635,46.31015,6.47724,35696.1,3.6,29.3,228.1,-22.4,-1.0,-1.0,RS41-SG,403.500,9.1,625,10,2.5,,
2026-01-31T00:57:52.000Z,W4140857,8636,46.30997,6.47696,35700.2,4.5,29.5,225.6,-22.4,-1.0,-1.0,RS41-SG,403.500,9.1,625,10,2.5,,
2026-01-31T00:57:54.000Z,W4140857,8638,46.30957,6.47638,35710.9,5.7,34.4,225.4,-22.3,-1.0,-1.0,RS41-SG,403.500,8.8,625,10,2.6,,
2026-01-31T00:57:55.000Z,W4140857,8639,46.30935,6.47605,35716.3,4.9,37.7,226.7,-22.3,-1.0,-1.0,RS41-SG,403.500,8.8,625,10,2.5,,
2026-01-31T00:57:56.000Z,W4140857,8640,46.30911,6.47568,35720.8,3.9,40.6,228.1,-22.3,-1.0,-1.0,RS41-SG,403.500,8.6,625,10,2.5,,
2026-01-31T00:57:57.000Z,W4140857,8641,46.30886,6.47527,35724.5,3.5,42.8,229.4,-22.3,-1.0,-1.0,RS41-SG,403.500,8.2,625,10,2.5,,
2026-01-31T00:57:58.000Z,W4140857,8642,46.30862,6.47484,35728.4,4.3,43.7,230.3,-22.2,-1.0,-1.0,RS41-SG,403.500,8.8,625,10,2.6,,
2026-01-31T00:57:59.000Z,W4140857,8643,46.30837,6.47441,35733.5,5.7,42.7,230.5,-22.2,-1.0,-1.0,RS41-SG,403.500,8.8,625,10,2.6,,
2026-01-31T00:58:01.000Z,W4140857,8645,46.30791,6.47363,35745.5,5.7,36.4,229.0,-22.1,-1.0,-1.0,RS41-SG,403.500,8.2,625,10,2.5,,
2026-01-31T00:58:02.000Z,W4140857,8646,46.30770,6.47330,35750.6,4.5,32.9,227.3,-22.0,-1.0,-1.0,RS41-SG,403.500,8.2,625,10,2.5,,
2026-01-31T00:58:03.000Z,W4140857,8647,46.30751,6.47300,35754.6,3.3,29.7,225.4,-22.0,-1.0,-1.0,RS41-SG,403.500,8.2,625,10,2.6,,
2026-01-31T00:58:04.000Z,W4140857,8648,46.30733,6.47274,35757.9,3.2,27.5,223.4,-21.9,-1.0,-1.0,RS41-SG,403.500,8.5,625,10,2.6,,
2026-01-31T00:58:06.000Z,W4140857,8650,46.30697,6.47225,35767.8,6.6,29.0,223.9,-21.8,-1.0,-1.0,RS41-SG,403.500,7.5,625,10,2.5,,
2026-01-31T00:58:07.000Z,W4140857,8651,46.30677,6.47198,35774.7,7.0,32.4,225.8,-21.7,-1.0,-1.0,RS41-SG,403.500,7.5,625,10,2.5,,
2026-01-31T00:58:09.000Z,W4140857,8653,46.30633,6.47128,35785.7,3.7,40.1,228.9,-21.7,-1.0,-1.0,RS41-SG,403.500,8.5,625,10,2.6,,
2026-01-31T00:58:10.000Z,W4140857,8654,46.30609,6.47087,35789.0,2.8,43.6,229.6,-21.7,-1.0,-1.0,RS41-SG,403.500,8.6,625,10,2.5,,
2026-01-31T00:58:11.000Z,W4140857,8655,46.30583,6.47043,35792.3,3.5,46.0,229.7,-21.7,-1.0,-1.0,RS41-SG,403.500,8.6,625,10,2.5,,
2026-01-31T00:58:12.000Z,W4140857,8656,46.30556,6.46998,35796.7,5.2,46.3,228.7,-21.6,-1.0,-1.0,RS41-SG,403.500,8.1,625,10,2.5,,
2026-01-31T00:58:13.000Z,W4140857,8657,46.30529,6.46955,35802.6,6.4,44.6,226.8,-21.6,-1.0,-1.0,RS41-SG,403.500,8.9,625,10,2.6,,
2026-01-31T00:58:14.000Z,W4140857,8658,46.30502,6.46915,35809.2,6.6,41.5,224.5,-21.6,-1.0,-1.0,RS41-SG,403.500,8.9,625,10,2.6,,
2026-01-31T00:58:15.000Z,W4140857,8659,46.30476,6.46880,35815.2,5.4,37.9,221.9,-21.5,-1.0,-1.0,RS41-SG,403.500,8.0,625,9,2.5,,
2026-01-31T00:58:16.000Z,W4140857,8660,46.30451,6.46849,35820.0,4.1,34.2,219.6,-21.5,-1.0,-1.0,RS41-SG,403.500,8.5,625,10,2.5,,
2026-01-31T00:58:17.000Z,W4140857,8661,46.30429,6.46823,35824.1,3.7,30.9,217.9,-21.4,-1.0,-1.0,RS41-SG,403.500,8.5,625,10,2.5,,
2026-01-31T00:58:18.000Z,W4140857,8662,46.30408,6.46800,35828.3,4.6,28.5,218.1,-21.4,-1.0,-1.0,RS41-SG,403.500,8.5,625,10,2.6,,
2026-01-31T00:58:19.000Z,W4140857,8663,46.30388,6.46776,35833.7,6.3,28.1,221.1,-21.3,-1.0,-1.0,RS41-SG,403.500,8.5,625,10,2.6,,
2026-01-31T00:58:20.000Z,W4140857,8664,46.30370,6.46751,35840.6,7.3,29.9,225.9,-21.3,-1.0,-1.0,RS41-SG,403.500,8.5,625,10,2.5,,
2026-01-31T00:58:21.000Z,W4140857,8665,46.30351,6.46720,35847.7,6.8,33.2,230.0,-21.3,-1.0,-1.0,RS41-SG,403.500,8.9,625,10,2.5,,
2026-01-31T00:58:22.000Z,W4140857,8666,46.30331,6.46685,35853.8,5.2,37.5,232.5,-21.3,-1.0,-1.0,RS41-SG,403.500,8.9,625,9,2.5,,
2026-01-31T00:58:23.000Z,W4140857,8667,46.30310,6.46644,35858.2,3.4,42.0,233.7,-21.3,-1.0,-1.0,RS41-SG,403.500,9.9,625,10,2.6,,
2026-01-31T00:58:24.000Z,W4140857,8668,46.30286,6.46598,35861.4,2.8,46.3,233.5,-21.3,-1.0,-1.0,RS41-SG,403.500,10.9,625,10,2.6,,
2026-01-31T00:58:25.000Z,W4140857,8669,46.30260,6.46549,35864.8,3.8,49.4,231.9,-21.4,-1.0,-1.0,RS41-SG,403.500,10.9,625,10,2.5,,
2026-01-31T00:58:26.000Z,W4140857,8670,46.30232,6.46499,35869.7,5.8,50.4,228.9,-21.4,-1.0,-1.0,RS41-SG,403.500,10.5,625,10,2.5,,
2026-01-31T00:58:27.000Z,W4140857,8671,46.30201,6.46452,35876.3,7.3,48.9,225.3,-21.4,-1.0,-1.0,RS41-SG,403.500,10.2,625,10,2.5,,
2026-01-31T00:58:28.000Z,W4140857,8672,46.30171,6.46410,35883.5,7.1,45.9,221.4,-21.4,-1.0,-1.0,RS41-SG,403.500,8.8,625,10,2.6,,
2026-01-31T00:58:29.000Z,W4140857,8673,46.30140,6.46374,35889.7,5.4,42.0,217.7,-21.4,-1.0,-1.0,RS41-SG,403.500,10.1,625,10,2.6,,
2026-01-31T00:58:30.000Z,W4140857,8674,46.30112,6.46344,35894.4,3.8,37.9,214.6,-21.5,-1.0,-1.0,RS41-SG,403.500,10.1,625,10,2.5,,
2026-01-31T00:58:31.000Z,W4140857,8675,46.30085,6.46318,35898.0,3.2,33.7,212.5,-21.5,-1.0,-1.0,RS41-SG,403.500,8.8,625,9,2.5,,
2026-01-31T00:58:32.000Z,W4140857,8676,46.30061,6.46296,35901.9,4.4,30.2,212.8,-21.5,-1.0,-1.0,RS41-SG,403.500,8.8,625,10,2.5,,
2026-01-31T00:58:33.000Z,W4140857,8677,46.30039,6.46274,35907.4,6.6,28.5,217.3,-21.5,-1.0,-1.0,RS41-SG,403.500,7.8,625,10,2.6,,
2026-01-31T00:58:35.000Z,W4140857,8679,46.30001,6.46219,35923.1,8.1,33.6,230.2,-21.5,-1.0,-1.0,RS41-SG,403.500,9.0,625,10,2.5,,
2026-01-31T00:58:36.000Z,W4140857,8680,46.29981,6.46183,35930.1,6.0,38.4,233.5,-21.5,-1.0,-1.0,RS41-SG,403.500,9.0,625,10,2.5,,
2026-01-31T00:58:37.000Z,W4140857,8681,46.29959,6.46140,35934.8,3.4,43.4,234.8,-21.5,-1.0,-1.0,RS41-SG,403.500,8.4,625,10,2.5,,
2026-01-31T00:58:38.000Z,W4140857,8682,46.29935,6.46091,35937.6,2.1,48.7,234.4,-21.5,-1.0,-1.0,RS41-SG,403.500,10.1,625,10,2.6,,
2026-01-31T00:58:39.000Z,W4140857,8683,46.29908,6.46039,35940.0,2.7,53.1,232.5,-21.5,-1.0,-1.0,RS41-SG,403.500,10.1,625,10,2.6,,
2026-01-31T00:58:40.000Z,W4140857,8684,46.29878,6.45984,35943.7,4.6,55.4,229.2,-21.5,-1.0,-1.0,RS41-SG,403.500,9.6,625,10,2.5,,
2026-01-31T00:58:41.000Z,W4140857,8685,46.29844,6.45932,35949.5,7.0,54.7,224.8,-21.5,-1.0,-1.0,RS41-SG,403.500,9.5,625,10,2.5,,
2026-01-31T00:58:42.000Z,W4140857,8686,46.29809,6.45886,35956.9,7.7,51.7,220.3,-21.6,-1.0,-1.0,RS41-SG,403.500,8.5,625,10,2.5,,
2026-01-31T00:58:45.000Z,W4140857,8689,46.29710,6.45786,35973.7,3.3,37.9,210.3,-21.7,-1.0,-1.0,RS41-SG,403.500,8.5,625,10,2.5,,
2026-01-31T00:58:46.000Z,W4140857,8690,46.29683,6.45763,35977.0,3.3,32.9,210.0,-21.7,-1.0,-1.0,RS41-SG,403.500,8.5,625,10,2.5,,
2026-01-31T00:58:48.000Z,W4140857,8692,46.29639,6.45719,35986.2,6.2,28.1,221.9,-21.7,-1.0,-1.0,RS41-SG,403.500,7.7,625,10,2.6,,
2026-01-31T00:58:49.000Z,W4140857,8693,46.29621,6.45692,35993.0,7.3,30.3,230.3,-21.7,-1.0,-1.0,RS41-SG,403.500,8.8,625,10,2.5,,
2026-01-31T00:58:50.000Z,W4140857,8694,46.29604,6.45658,36000.1,6.9,34.8,235.2,-21.8,-1.0,-1.0,RS41-SG,403.500,8.8,625,10,2.5,,
2026-01-31T00:58:51.000Z,W4140857,8695,46.29585,6.45618,36006.6,5.9,39.9,237.0,-21.8,-1.0,-1.0,RS41-SG,403.500,8.4,625,10,2.5,,
2026-01-31T00:58:52.000Z,W4140857,8696,46.29564,6.45573,36011.9,4.8,45.2,236.2,-21.9,-1.0,-1.0,RS41-SG,403.500,8.3,625,10,2.6,,
2026-01-31T00:58:53.000Z,W4140857,8697,46.29540,6.45522,36016.4,4.2,50.0,233.8,-21.9,-1.0,-1.0,RS41-SG,403.500,9.3,625,10,2.6,,
2026-01-31T00:58:54.000Z,W4140857,8698,46.29511,6.45470,36020.7,4.4,53.5,229.9,-21.9,-1.0,-1.0,RS41-SG,403.500,9.5,625,10,2.5,,
2026-01-31T00:58:55.000Z,W4140857,8699,46.29478,6.45418,36025.4,5.1,55.1,225.4,-21.9,-1.0,-1.0,RS41-SG,403.500,9.5,625,10,2.5,,
2026-01-31T00:58:56.000Z,W4140857,8700,46.29442,6.45370,36031.0,6.1,54.5,220.5,-22.0,-1.0,-1.0,RS41-SG,403.500,9.5,625,10,2.5,,
2026-01-31T00:59:00.000Z,W4140857,8704,46.29300,6.45238,36053.3,4.2,38.1,207.2,-22.1,-1.0,-1.0,RS41-SG,403.500,8.8,625,10,2.5,,
2026-01-31T00:59:01.000Z,W4140857,8705,46.29272,6.45217,36057.6,4.3,33.5,208.8,-22.1,-1.0,-1.0,RS41-SG,403.500,8.8,625,10,2.5,,
2026-01-31T00:59:02.000Z,W4140857,8706,46.29248,6.45195,36062.5,5.5,30.5,214.3,-22.2,-1.0,-1.0,RS41-SG,403.500,8.2,625,10,2.6,,
2026-01-31T00:59:03.000Z,W4140857,8707,46.29226,6.45171,36068.7,6.6,30.4,222.0,-22.2,-1.0,-1.0,RS41-SG,403.500,7.7,625,10,2.6,,
2026-01-31T00:59:04.000Z,W4140857,8708,46.29206,6.45142,36075.6,7.1,32.9,228.2,-22.2,-1.0,-1.0,RS41-SG,403.500,8.8,625,10,2.5,,
2026-01-31T00:59:05.000Z,W4140857,8709,46.29186,6.45108,36082.7,7.0,37.2,231.0,-22.2,-1.0,-1.0,RS41-SG,403.500,10.0,625,10,2.5,,
2026-01-31T00:59:06.000Z,W4140857,8710,46.29164,6.45068,36089.5,6.4,41.8,231.0,-22.2,-1.0,-1.0,RS41-SG,403.500,10.0,625,10,2.5,,
2026-01-31T00:59:07.000Z,W4140857,8711,46.29139,6.45025,36095.8,6.0,46.3,228.9,-22.1,-1.0,-1.0,RS41-SG,403.500,9.8,625,10,2.6,,
2026-01-31T00:59:08.000Z,W4140857,8712,46.29109,6.44979,36101.7,5.6,49.9,225.6,-22.1,-1.0,-1.0,RS41-SG,403.500,9.8,625,10,2.6,,
2026-01-31T00:59:09.000Z,W4140857,8713,46.29076,6.44934,36107.2,5.3,52.2,221.5,-22.1,-1.0,-1.0,RS41-SG,403.500,9.9,625,10,2.5,,
2026-01-31T00:59:10.000Z,W4140857,8714,46.29040,6.44891,36112.4,5.0,52.9,217.1,-22.0,-1.0,-1.0,RS41-SG,403.500,9.9,625,10,2.5,,
2026-01-31T00:59:11.000Z,W4140857,8715,46.29002,6.44852,36117.3,4.8,52.2,212.8,-22.0,-1.0,-1.0,RS41-SG,403.500,9.9,625,10,2.5,,
2026-01-31T00:59:12.000Z,W4140857,8716,46.28962,6.44818,36122.3,4.9,50.3,209.1,-22.0,-1.0,-1.0,RS41-SG,403.500,8.9,625,10,2.6,,
2026-01-31T00:59:13.000Z,W4140857,8717,46.28924,6.44789,36127.6,5.6,47.2,206.5,-21.9,-1.0,-1.0,RS41-SG,403.500,9.1,625,10,2.6,,
2026-01-31T00:59:14.000Z,W4140857,8718,46.28887,6.44763,36133.7,6.4,43.4,205.9,-21.9,-1.0,-1.0,RS41-SG,403.500,9.1,625,10,2.5,,
2026-01-31T00:59:15.000Z,W4140857,8719,46.28854,6.44738,36140.5,7.1,39.8,208.4,-21.8,-1.0,-1.0,RS41-SG,403.500,9.1,625,10,2.5,,
2026-01-31T00:59:16.000Z,W4140857,8720,46.28825,6.44713,36147.4,6.7,37.1,213.8,-21.8,-1.0,-1.0,RS41-SG,403.500,9.0,625,10,2.5,,
2026-01-31T00:59:17.000Z,W4140857,8721,46.28799,6.44684,36153.5,5.3,36.2,220.7,-21.7,-1.0,-1.0,RS41-SG,403.500,8.4,625,10,2.6,,
2026-01-31T00:59:18.000Z,W4140857,8722,46.28775,6.44651,36158.1,3.7,36.8,227.7,-21.7,-1.0,-1.0,RS41-SG,403.500,7.6,625,10,2.6,,
2026-01-31T00:59:19.000Z,W4140857,8723,46.28754,6.44614,36161.4,2.9,38.7,233.1,-21.7,-1.0,-1.0,RS41-SG,403.500,10.4,625,10,2.5,,
2026-01-31T00:59:20.000Z,W4140857,8724,46.28733,6.44572,36164.6,3.6,41.4,236.2,-21.6,-1.0,-1.0,RS41-SG,403.500,10.4,625,10,2.5,,
2026-01-31T00:59:21.000Z,W4140857,8725,46.28712,6.44526,36169.3,5.7,43.8,236.0,-21.7,-1.0,-1.0,RS41-SG,403.500,9.8,625,11,2.5,,
2026-01-31T00:59:22.000Z,W4140857,8726,46.28689,6.44479,36175.9,7.5,45.0,232.9,-21.7,-1.0,-1.0,RS41-SG,403.500,9.8,625,11,2.6,,
2026-01-31T00:59:23.000Z,W4140857,8727,46.28663,6.44435,36183.6,7.8,45.2,227.8,-21.6,-1.0,-1.0,RS41-SG,403.500,9.4,625,11,2.6,,
2026-01-31T00:59:24.000Z,W4140857,8728,46.28635,6.44394,36190.9,6.6,44.7,222.0,-21.6,-1.0,-1.0,RS41-SG,403.500,9.9,625,11,2.6,,
2026-01-31T00:59:25.000Z,W4140857,8729,46.28604,6.44358,36196.5,4.4,43.9,216.2,-21.6,-1.0,-1.0,RS41-SG,403.500,10.7,625,11,2.5,,
2026-01-31T00:59:26.000Z,W4140857,8730,46.28571,6.44327,36200.2,2.9,42.9,210.6,-21.5,-1.0,-1.0,RS41-SG,403.500,10.7,625,11,2.5,,
2026-01-31T00:59:27.000Z,W4140857,8731,46.28538,6.44301,36203.1,2.9,41.8,205.5,-21.5,-1.0,-1.0,RS41-SG,403.500,9.2,625,11,2.5,,
2026-01-31T00:59:28.000Z,W4140857,8732,46.28505,6.44280,36207.1,4.9,40.2,202.9,-21.4,-1.0,-1.0,RS41-SG,403.500,9.2,625,11,2.5,,
2026-01-31T00:59:31.000Z,W4140857,8735,46.28415,6.44210,36230.3,7.9,37.4,217.9,-21.3,-1.0,-1.0,RS41-SG,403.500,7.6,625,11,2.5,,
2026-01-31T00:59:32.000Z,W4140857,8736,46.28390,6.44177,36236.8,5.1,38.7,225.2,-21.2,-1.0,-1.0,RS41-SG,403.500,8.2,625,11,2.5,,
2026-01-31T00:59:33.000Z,W4140857,8737,46.28366,6.44139,36240.7,2.5,41.0,231.5,-21.2,-1.0,-1.0,RS41-SG,403.500,9.7,625,11,2.5,,
2026-01-31T00:59:34.000Z,W4140857,8738,46.28344,6.44095,36242.8,1.4,43.9,236.3,-21.1,-1.0,-1.0,RS41-SG,403.500,10.2,625,11,2.6,,
2026-01-31T00:59:35.000Z,W4140857,8739,46.28322,6.44045,36245.1,3.2,46.9,238.5,-21.1,0.0,-1.0,RS41-SG,403.500,10.2,625,11,2.6,,
2026-01-31T00:59:36.000Z,W4140857,8740,46.28299,6.43993,36250.1,6.7,48.4,236.8,-21.1,0.0,-1.0,RS41-SG,403.500,10.1,625,11,2.5,,
2026-01-31T00:59:37.000Z,W4140857,8741,46.28274,6.43943,36258.0,8.9,47.8,232.1,-21.0,0.0,-1.0,RS41-SG,403.500,8.9,625,11,2.5,,
2026-01-31T00:59:38.000Z,W4140857,8742,46.28246,6.43897,36266.6,8.2,46.2,225.6,-21.0,0.0,-1.0,RS41-SG,403.500,8.9,625,11,2.6,,
2026-01-31T00:59:39.000Z,W4140857,8743,46.28216,6.43858,36273.4,5.3,44.7,219.3,-20.9,0.0,-1.0,RS41-SG,403.500,9.1,625,11,2.6,,
2026-01-31T00:59:40.000Z,W4140857,8744,46.28185,6.43824,36277.1,2.2,43.3,212.9,-20.9,0.0,-1.0,RS41-SG,403.500,9.1,625,11,2.5,,
2026-01-31T00:59:41.000Z,W4140857,8745,46.28151,6.43797,36278.5,0.6,42.2,206.7,-20.8,0.0,-1.0,RS41-SG,403.500,10.3,625,11,2.5,,
2026-01-31T00:59:42.000Z,W4140857,8746,46.28118,6.43775,36279.8,2.0,41.0,202.3,-20.8,0.0,-1.0,RS41-SG,403.500,10.3,625,11,2.5,,
2026-01-31T00:59:43.000Z,W4140857,8747,46.28084,6.43755,36283.9,6.1,39.9,202.2,-20.7,0.0,-1.0,RS41-SG,403.500,9.8,625,11,2.6,,
2026-01-31T00:59:44.000Z,W4140857,8748,46.28052,6.43733,36291.5,9.1,39.1,207.8,-20.7,0.0,-1.0,RS41-SG,403.500,8.8,625,11,2.6,,
2026-01-31T00:59:45.000Z,W4140857,8749,46.28022,6.43707,36300.4,8.7,39.6,215.6,-20.6,0.0,-1.0,RS41-SG,403.500,8.0,625,11,2.5,,
2026-01-31T00:59:46.000Z,W4140857,8750,46.27994,6.43674,36307.7,5.7,41.0,222.8,-20.6,0.0,-1.0,RS41-SG,403.500,8.3,625,11,2.5,,
2026-01-31T00:59:47.000Z,W4140857,8751,46.27968,6.43635,36311.7,2.3,43.1,228.5,-20.6,0.0,-1.0,RS41-SG,403.500,9.1,625,11,2.5,,
2026-01-31T00:59:48.000Z,W4140857,8752,46.27943,6.43591,36313.1,0.4,45.6,233.4,-20.5,0.0,-1.0,RS41-SG,403.500,9.8,625,11,2.6,,
2026-01-31T00:59:49.000Z,W4140857,8753,46.27919,6.43541,36314.3,1.9,47.9,236.4,-20.6,0.0,-1.0,RS41-SG,403.500,9.8,625,11,2.6,,
2026-01-31T00:59:50.000Z,W4140857,8754,46.27895,6.43490,36318.2,5.8,48.6,236.1,-20.6,0.0,-1.0,RS41-SG,403.500,9.5,625,11,2.5,,
2026-01-31T00:59:51.000Z,W4140857,8755,46.27870,6.43440,36325.4,8.5,46.9,232.4,-20.6,0.0,-1.0,RS41-SG,403.500,9.2,625,11,2.5,,
2026-01-31T00:59:52.000Z,W4140857,8756,46.27844,6.43395,36333.7,8.1,44.7,226.9,-20.5,0.0,-1.0,RS41-SG,403.500,7.7,625,11,2.5,,
2026-01-31T00:59:53.000Z,W4140857,8757,46.27816,6.43355,36340.6,5.4,42.6,221.3,-20.5,0.0,-1.0,RS41-SG,403.500,8.5,625,11,2.6,,
2026-01-31T00:59:54.000Z,W4140857,8758,46.27787,6.43322,36344.5,2.4,41.0,215.7,-20.5,0.0,-1.0,RS41-SG,403.500,9.0,625,11,2.6,,
2026-01-31T00:59:55.000Z,W4140857,8759,46.27756,6.43294,36346.4,1.5,39.7,210.1,-20.4,0.0,-1.0,RS41-SG,403.500,9.3,625,11,2.5,,
2026-01-31T00:59:56.000Z,W4140857,8760,46.27725,6.43270,36348.6,3.0,38.9,206.3,-20.4,0.0,-1.0,RS41-SG,403.500,9.3,625,11,2.5,,
2026-01-31T00:59:57.000Z,W4140857,8761,46.27694,6.43247,36353.2,6.0,38.4,206.7,-20.4,0.0,-1.0,RS41-SG,403.500,8.9,625,11,2.5,,
2026-01-31T00:59:59.000Z,W4140857,8763,46.27635,6.43194,36368.2,7.6,40.0,217.8,-20.3,0.0,-1.0,RS41-SG,403.500,7.3,625,11,2.6,,
2026-01-31T01:00:00.000Z,W4140857,8764,46.27608,6.43160,36374.6,5.1,41.7,223.6,-20.3,0.0,-1.0,RS41-SG,403.500,8.6,625,11,2.5,,
2026-01-31T01:00:01.000Z,W4140857,8765,46.27581,6.43121,36378.4,2.3,43.5,228.5,-20.3,0.0,-1.0,RS41-SG,403.500,10.0,625,11,2.5,,
2026-01-31T01:00:02.000Z,W4140857,8766,46.27556,6.43076,36380.3,1.5,45.6,232.3,-20.3,0.0,-1.0,RS41-SG,403.500,10.1,625,11,2.5,,
2026-01-31T01:00:03.000Z,W4140857,8767,46.27531,6.43028,36382.9,3.5,46.9,234.4,-20.2,0.0,-1.0,RS41-SG,403.500,10.1,625,11,2.6,,
2026-01-31T01:00:04.000Z,W4140857,8768,46.27507,6.42980,36388.0,6.6,46.4,233.5,-20.2,0.0,-1.0,RS41-SG,403.500,10.1,625,11,2.6,,
2026-01-31T01:00:05.000Z,W4140857,8769,46.27482,6.42934,36395.2,7.8,44.4,229.9,-20.2,0.0,-1.0,RS41-SG,403.500,8.7,625,11,2.6,,
2026-01-31T01:00:06.000Z,W4140857,8770,46.27456,6.42893,36402.5,6.8,42.0,225.0,-20.2,0.0,-1.0,RS41-SG,403.500,7.9,625,11,2.5,,
2026-01-31T01:00:07.000Z,W4140857,8771,46.27429,6.42857,36408.2,4.6,39.9,219.5,-20.1,0.0,-1.0,RS41-SG,403.500,9.0,625,11,2.5,,
2026-01-31T01:00:08.000Z,W4140857,8772,46.27401,6.42827,36411.9,2.8,38.1,213.7,-20.1,0.0,-1.0,RS41-SG,403.500,9.6,625,11,2.5,,
2026-01-31T01:00:09.000Z,W4140857,8773,46.27372,6.42802,36414.5,2.4,36.7,208.4,-20.1,0.0,-1.0,RS41-SG,403.500,9.6,625,11,2.5,,
2026-01-31T01:00:10.000Z,W4140857,8774,46.27343,6.42781,36417.5,3.9,35.7,205.2,-20.0,0.0,-1.0,RS41-SG,403.500,9.5,625,11,2.6,,
2026-01-31T01:00:11.000Z,W4140857,8775,46.27315,6.42762,36422.5,6.1,35.1,206.0,-19.9,0.0,-1.0,RS41-SG,403.500,7.3,625,11,2.6,,
2026-01-31T01:00:12.000Z,W4140857,8776,46.27287,6.42740,36429.3,7.5,35.3,210.9,-19.9,0.0,-1.0,RS41-SG,403.500,7.9,625,11,2.5,,
2026-01-31T01:00:13.000Z,W4140857,8777,46.27261,6.42714,36436.6,7.1,36.2,217.5,-19.9,0.0,-1.0,RS41-SG,403.500,8.1,625,11,2.5,,
2026-01-31T01:00:14.000Z,W4140857,8778,46.27235,6.42683,36442.6,5.0,38.0,224.0,-19.8,0.0,-1.0,RS41-SG,403.500,9.5,625,11,2.5,,
2026-01-31T01:00:15.000Z,W4140857,8779,46.27212,6.42646,36446.4,2.7,40.3,229.4,-19.8,0.0,-1.0,RS41-SG,403.500,9.7,625,11,2.6,,
2026-01-31T01:00:16.000Z,W4140857,8780,46.27188,6.42604,36449.0,2.4,42.8,233.6,-19.8,0.0,-1.0,RS41-SG,403.500,9.8,625,11,2.6,,
2026-01-31T01:00:17.000Z,W4140857,8781,46.27166,6.42558,36452.4,4.2,44.8,235.5,-19.8,0.0,-1.0,RS41-SG,403.500,9.9,625,11,2.6,,
2026-01-31T01:00:18.000Z,W4140857,8782,46.27143,6.42511,36458.0,7.0,45.0,234.1,-19.7,0.0,-1.0,RS41-SG,403.500,9.9,625,11,2.5,,
2026-01-31T01:00:19.000Z,W4140857,8783,46.27118,6.42465,36465.7,8.5,43.6,230.0,-19.7,0.0,-1.0,RS41-SG,403.500,8.4,625,11,2.5,,
2026-01-31T01:00:20.000Z,W4140857,8784,46.27092,6.42425,36473.9,7.7,41.7,224.3,-19.7,0.0,-1.0,RS41-SG,403.500,8.1,625,11,2.5,,
2026-01-31T01:00:21.000Z,W4140857,8785,46.27065,6.42390,36480.3,5.2,40.1,217.9,-19.7,0.0,-1.0,RS41-SG,403.500,8.4,625,11,2.5,,
2026-01-31T01:00:22.000Z,W4140857,8786,46.27036,6.42362,36484.2,2.6,38.8,211.3,-19.6,0.0,-1.0,RS41-SG,403.500,10.0,625,11,2.6,,
2026-01-31T01:00:23.000Z,W4140857,8787,46.27006,6.42338,36486.3,1.6,37.9,204.6,-19.6,0.0,-1.0,RS41-SG,403.500,10.0,625,11,2.6,,
2026-01-31T01:00:24.000Z,W4140857,8788,46.26975,6.42320,36488.7,3.1,37.2,199.9,-19.6,0.0,-1.0,RS41-SG,403.500,9.8,625,11,2.5,,
2026-01-31T01:00:25.000Z,W4140857,8789,46.26943,6.42304,36493.4,6.3,36.7,199.5,-19.5,0.0,-1.0,RS41-SG,403.500,9.8,625,11,2.5,,
2026-01-31T01:00:26.000Z,W4140857,8790,46.26913,6.42287,36501.0,8.7,36.5,204.4,-19.5,0.0,-1.0,RS41-SG,403.500,8.5,625,11,2.6,,
2026-01-31T01:00:27.000Z,W4140857,8791,46.26884,6.42264,36509.6,8.5,37.3,212.2,-19.5,0.0,-1.0,RS41-SG,403.500,8.2,625,11,2.6,,
2026-01-31T01:00:28.000Z,W4140857,8792,46.26856,6.42235,36517.0,6.1,39.1,219.7,-19.5,0.0,-1.0,RS41-SG,403.500,7.7,625,11,2.5,,
2026-01-31T01:00:29.000Z,W4140857,8793,46.26830,6.42200,36521.6,3.0,41.5,226.0,-19.5,0.0,-1.0,RS41-SG,403.500,8.3,625,11,2.5,,
2026-01-31T01:00:30.000Z,W4140857,8794,46.26805,6.42158,36523.6,1.0,44.4,231.3,-19.4,0.0,-1.0,RS41-SG,403.500,9.7,625,11,2.5,,
2026-01-31T01:00:31.000Z,W4140857,8795,46.26780,6.42111,36525.0,1.9,47.1,234.9,-19.4,0.0,-1.0,RS41-SG,403.500,9.7,625,11,2.6,,
2026-01-31T01:00:32.000Z,W4140857,8796,46.26756,6.42061,36528.6,5.2,48.2,235.5,-19.4,0.0,-1.0,RS41-SG,403.500,9.3,625,11,2.6,,
2026-01-31T01:00:33.000Z,W4140857,8797,46.26731,6.42011,36535.6,8.5,46.9,232.6,-19.4,0.0,-1.0,RS41-SG,403.500,7.6,625,11,2.5,,
2026-01-31T01:00:34.000Z,W4140857,8798,46.26705,6.41966,36544.4,9.0,44.4,227.1,-19.4,0.0,-1.0,RS41-SG,403.500,8.8,625,11,2.5,,
2026-01-31T01:00:35.000Z,W4140857,8799,46.26677,6.41927,36552.3,6.8,42.0,221.0,-19.4,0.0,-1.0,RS41-SG,403.500,9.5,625,11,2.5,,
2026-01-31T01:00:36.000Z,W4140857,8800,46.26648,6.41895,36557.5,3.6,40.0,214.6,-19.4,0.0,-1.0,RS41-SG,403.500,9.5,625,11,2.6,,
2026-01-31T01:00:37.000Z,W4140857,8801,46.26618,6.41868,36560.0,1.3,38.5,208.0,-19.3,0.0,-1.0,RS41-SG,403.500,9.0,625,11,2.6,,
2026-01-31T01:00:38.000Z,W4140857,8802,46.26587,6.41847,36561.6,1.6,37.5,202.3,-19.3,0.0,-1.0,RS41-SG,403.500,9.0,625,11,2.5,,
2026-01-31T01:00:39.000Z,W4140857,8803,46.26557,6.41830,36564.7,4.7,36.8,200.3,-19.3,0.0,-1.0,RS41-SG,403.500,8.9,625,11,2.5,,
2026-01-31T01:00:40.000Z,W4140857,8804,46.26526,6.41812,36571.2,8.3,36.5,204.0,-19.3,0.0,-1.0,RS41-SG,403.500,8.0,625,11,2.5,,
2026-01-31T01:00:41.000Z,W4140857,8805,46.26497,6.41790,36580.1,9.2,37.3,211.3,-19.2,0.0,-1.0,RS41-SG,403.500,8.6,625,11,2.6,,
2026-01-31T01:00:42.000Z,W4140857,8806,46.26469,6.41762,36588.2,7.0,38.8,218.6,-19.2,0.0,-1.0,RS41-SG,403.500,8.6,625,11,2.6,,
2026-01-31T01:00:43.000Z,W4140857,8807,46.26443,6.41728,36593.5,3.5,40.9,224.7,-19.2,0.0,-1.0,RS41-SG,403.500,8.4,625,11,2.5,,
2026-01-31T01:00:44.000Z,W4140857,8808,46.26417,6.41688,36595.9,1.2,43.3,229.7,-19.2,0.0,-1.0,RS41-SG,403.500,8.8,625,11,2.5,,
2026-01-31T01:00:45.000Z,W4140857,8809,46.26392,6.41643,36597.5,1.9,45.7,233.5,-19.2,0.0,-1.0,RS41-SG,403.500,8.8,625,11,2.5,,
2026-01-31T01:00:46.000Z,W4140857,8810,46.26368,6.41595,36601.2,5.5,46.7,234.5,-19.2,0.0,-1.0,RS41-SG,403.500,9.0,625,11,2.6,,
2026-01-31T01:00:47.000Z,W4140857,8811,46.26343,6.41547,36608.4,8.6,45.4,232.0,-19.2,0.0,-1.0,RS41-SG,403.500,9.5,625,11,2.6,,
2026-01-31T01:00:48.000Z,W4140857,8812,46.26318,6.41504,36617.3,9.1,42.7,227.0,-19.2,0.0,-1.0,RS41-SG,403.500,9.9,625,11,2.6,,
2026-01-31T01:00:49.000Z,W4140857,8813,46.26291,6.41467,36625.4,7.0,40.4,221.1,-19.2,0.0,-1.0,RS41-SG,403.500,9.9,625,11,2.5,,
2026-01-31T01:00:50.000Z,W4140857,8814,46.26264,6.41435,36630.9,3.9,38.6,215.2,-19.2,0.0,-1.0,RS41-SG,403.500,9.1,625,11,2.5,,
2026-01-31T01:00:51.000Z,W4140857,8815,46.26235,6.41409,36633.7,1.7,37.3,209.2,-19.2,0.0,-1.0,RS41-SG,403.500,10.1,625,11,2.5,,
2026-01-31T01:00:52.000Z,W4140857,8816,46.26205,6.41388,36635.8,2.4,36.5,203.9,-19.1,0.0,-1.0,RS41-SG,403.500,10.1,625,11,2.5,,
2026-01-31T01:00:53.000Z,W4140857,8817,46.26176,6.41370,36639.5,5.0,36.1,202.4,-19.2,0.0,-1.0,RS41-SG,403.500,9.1,625,11,2.6,,
2026-01-31T01:00:55.000Z,W4140857,8819,46.26118,6.41328,36653.7,8.1,37.0,212.2,-19.2,0.0,-1.0,RS41-SG,403.500,7.9,625,11,2.6,,
2026-01-31T01:00:56.000Z,W4140857,8820,46.26090,6.41299,36660.9,6.4,38.6,218.8,-19.1,0.0,-1.0,RS41-SG,403.500,7.9,625,11,2.5,,
2026-01-31T01:00:57.000Z,W4140857,8821,46.26064,6.41266,36666.1,4.0,40.5,224.6,-19.0,0.0,-1.0,RS41-SG,403.500,7.8,625,11,2.5,,
2026-01-31T01:00:58.000Z,W4140857,8822,46.26038,6.41226,36669.3,2.5,42.9,229.5,-19.0,0.0,-1.0,RS41-SG,403.500,8.8,625,11,2.5,,
2026-01-31T01:00:59.000Z,W4140857,8823,46.26014,6.41182,36672.2,3.2,44.8,232.8,-18.9,0.0,-1.0,RS41-SG,403.500,8.8,625,11,2.5,,
2026-01-31T01:01:00.000Z,W4140857,8824,46.25990,6.41136,36676.6,5.9,45.3,233.6,-19.0,0.0,-1.0,RS41-SG,403.500,9.1,625,11,2.6,,
2026-01-31T01:01:01.000Z,W4140857,8825,46.25965,6.41090,36683.6,8.2,43.9,231.2,-19.0,0.0,-1.0,RS41-SG,403.500,9.1,625,11,2.6,,
2026-01-31T01:01:02.000Z,W4140857,8826,46.25940,6.41049,36691.9,8.4,41.4,226.4,-19.0,0.0,-1.0,RS41-SG,403.500,8.6,625,11,2.5,,
2026-01-31T01:01:03.000Z,W4140857,8827,46.25914,6.41013,36699.4,6.6,39.2,220.6,-18.9,0.0,-1.0,RS41-SG,403.500,8.3,625,11,2.5,,
2026-01-31T01:01:04.000Z,W4140857,8828,46.25887,6.40983,36704.8,4.2,37.4,214.3,-18.9,0.0,-1.0,RS41-SG,403.500,8.3,625,11,2.6,,
2026-01-31T01:01:05.000Z,W4140857,8829,46.25859,6.40958,36708.1,2.5,35.9,207.9,-18.9,0.0,-1.0,RS41-SG,403.500,8.5,625,11,2.6,,
2026-01-31T01:01:06.000Z,W4140857,8830,46.25830,6.40939,36710.7,2.8,35.2,202.7,-18.9,0.0,-1.0,RS41-SG,403.500,8.5,625,11,2.5,,
2026-01-31T01:01:07.000Z,W4140857,8831,46.25801,6.40922,36714.9,5.4,34.9,201.1,-18.9,0.0,-1.0,RS41-SG,403.500,8.2,625,11,2.5,,
2026-01-31T01:01:08.000Z,W4140857,8832,46.25773,6.40905,36721.6,8.0,34.8,204.6,-18.9,0.0,-1.0,RS41-SG,403.500,7.5,625,10,2.5,,
2026-01-31T01:01:09.000Z,W4140857,8833,46.25745,6.40883,36729.9,8.4,35.6,211.6,-18.9,0.0,-1.0,RS41-SG,403.500,7.3,625,11,2.6,,
2026-01-31T01:01:10.000Z,W4140857,8834,46.25718,6.40856,36737.4,6.7,37.0,218.8,-18.9,0.0,-1.0,RS41-SG,403.500,7.6,625,11,2.6,,
2026-01-31T01:01:11.000Z,W4140857,8835,46.25693,6.40823,36742.9,4.1,38.8,225.2,-18.9,0.0,-1.0,RS41-SG,403.500,8.2,625,11,2.5,,
2026-01-31T01:01:12.000Z,W4140857,8836,46.25669,6.40785,36746.1,2.3,41.1,230.7,-18.9,0.0,-1.0,RS41-SG,403.500,8.5,625,11,2.5,,
2026-01-31T01:01:13.000Z,W4140857,8837,46.25647,6.40742,36748.9,3.1,42.8,234.8,-18.9,0.0,-1.0,RS41-SG,403.500,8.7,625,11,2.5,,
2026-01-31T01:01:14.000Z,W4140857,8838,46.25625,6.40696,36753.4,5.8,43.2,236.0,-18.9,0.0,-1.0,RS41-SG,403.500,8.7,625,11,2.6,,
2026-01-31T01:01:15.000Z,W4140857,8839,46.25603,6.40652,36760.3,8.1,41.5,233.9,-18.9,0.0,-1.0,RS41-SG,403.500,7.9,625,11,2.6,,
2026-01-31T01:01:16.000Z,W4140857,8840,46.25581,6.40611,36768.6,8.5,39.0,229.1,-18.9,0.0,-1.0,RS41-SG,403.500,8.0,625,11,2.5,,
2026-01-31T01:01:17.000Z,W4140857,8841,46.25557,6.40576,36776.2,6.6,36.7,222.9,-18.8,0.0,-1.0,RS41-SG,403.500,8.0,625,11,2.5,,
2026-01-31T01:01:18.000Z,W4140857,8842,46.25533,6.40547,36781.6,4.1,34.9,215.9,-18.8,0.0,-1.0,RS41-SG,403.500,9.4,625,11,2.5,,
2026-01-31T01:01:19.000Z,W4140857,8843,46.25507,6.40523,36785.0,2.5,33.9,208.7,-18.7,0.0,-1.0,RS41-SG,403.500,9.6,625,11,2.6,,
2026-01-31T01:01:20.000Z,W4140857,8844,46.25479,6.40504,36787.8,3.0,33.6,202.6,-18.7,0.0,-1.0,RS41-SG,403.500,9.6,625,11,2.6,,
2026-01-31T01:01:21.000Z,W4140857,8845,46.25451,6.40488,36792.2,5.7,33.8,200.5,-18.6,0.0,-1.0,RS41-SG,403.500,8.1,625,11,2.6,,
2026-01-31T01:01:22.000Z,W4140857,8846,46.25423,6.40472,36799.3,8.5,34.5,203.9,-18.6,0.0,-1.0,RS41-SG,403.500,8.1,625,11,2.5,,
2026-01-31T01:01:24.000Z,W4140857,8848,46.25368,6.40424,36816.5,7.5,37.3,218.1,-18.6,0.0,-1.0,RS41-SG,403.500,6.6,625,11,2.5,,
2026-01-31T01:01:25.000Z,W4140857,8849,46.25343,6.40392,36822.6,4.6,39.5,224.5,-18.5,0.0,-1.0,RS41-SG,403.500,7.7,625,11,2.5,,
2026-01-31T01:01:26.000Z,W4140857,8850,46.25318,6.40353,36826.2,2.4,41.8,230.0,-18.5,0.0,-1.0,RS41-SG,403.500,9.2,625,11,2.6,,
2026-01-31T01:01:27.000Z,W4140857,8851,46.25295,6.40310,36828.7,2.6,43.6,234.2,-18.5,0.0,-1.0,RS41-SG,403.500,9.3,625,11,2.6,,
2026-01-31T01:01:28.000Z,W4140857,8852,46.25272,6.40263,36832.7,5.4,44.2,236.0,-18.6,0.0,-1.0,RS41-SG,403.500,9.3,625,11,2.6,,
2026-01-31T01:01:29.000Z,W4140857,8853,46.25250,6.40217,36839.8,8.5,42.5,234.4,-18.6,0.0,-1.0,RS41-SG,403.500,8.7,625,11,2.5,,
2026-01-31T01:01:30.000Z,W4140857,8854,46.25228,6.40175,36848.7,9.2,39.5,229.9,-18.6,0.0,-1.0,RS41-SG,403.500,8.1,625,11,2.5,,
2026-01-31T01:01:31.000Z,W4140857,8855,46.25204,6.40139,36857.1,7.5,36.8,223.9,-18.7,0.0,-1.0,RS41-SG,403.500,8.0,625,11,2.5,,
2026-01-31T01:01:32.000Z,W4140857,8856,46.25180,6.40110,36863.3,4.7,34.7,217.3,-18.7,0.0,-1.0,RS41-SG,403.500,9.7,625,11,2.5,,
2026-01-31T01:01:33.000Z,W4140857,8857,46.25155,6.40085,36866.9,2.5,33.4,210.5,-18.7,0.0,-1.0,RS41-SG,403.500,9.7,625,11,2.6,,
2026-01-31T01:01:34.000Z,W4140857,8858,46.25129,6.40065,36869.4,2.5,32.9,204.3,-18.7,0.0,-1.0,RS41-SG,403.500,9.7,625,11,2.6,,
2026-01-31T01:01:35.000Z,W4140857,8859,46.25101,6.40049,36873.3,5.3,33.2,201.7,-18.7,0.0,-1.0,RS41-SG,403.500,8.7,625,11,2.6,,
2026-01-31T01:01:36.000Z,W4140857,8860,46.25074,6.40032,36880.1,8.3,34.0,204.9,-18.8,0.0,-1.0,RS41-SG,403.500,8.3,625,11,2.5,,
2026-01-31T01:01:37.000Z,W4140857,8861,46.25047,6.40011,36888.9,9.0,35.2,211.7,-18.8,0.0,-1.0,RS41-SG,403.500,8.7,625,11,2.5,,
2026-01-31T01:01:39.000Z,W4140857,8863,46.24995,6.39951,36903.1,4.6,38.8,225.1,-18.8,0.0,-1.0,RS41-SG,403.500,8.8,625,11,2.5,,
2026-01-31T01:01:40.000Z,W4140857,8864,46.24971,6.39913,36906.7,2.5,40.7,230.6,-18.8,0.0,-1.0,RS41-SG,403.500,9.4,625,11,2.6,,
2026-01-31T01:01:41.000Z,W4140857,8865,46.24949,6.39871,36909.4,2.9,42.3,235.0,-18.7,0.0,-1.0,RS41-SG,403.500,9.5,625,11,2.6,,
2026-01-31T01:01:42.000Z,W4140857,8866,46.24928,6.39825,36913.6,5.5,42.4,237.1,-18.7,0.0,-1.0,RS41-SG,403.500,9.5,625,11,2.6,,
2026-01-31T01:01:43.000Z,W4140857,8867,46.24907,6.39781,36920.4,8.2,40.4,236.0,-18.8,0.0,-1.0,RS41-SG,403.500,9.7,625,11,2.5,,
2026-01-31T01:01:44.000Z,W4140857,8868,46.24887,6.39740,36928.8,8.4,37.5,231.9,-18.7,0.0,-1.0,RS41-SG,403.500,9.9,625,11,2.5,,
2026-01-31T01:01:45.000Z,W4140857,8869,46.24866,6.39705,36936.6,6.9,34.6,226.1,-18.7,0.0,-1.0,RS41-SG,403.500,9.9,625,11,2.5,,
2026-01-31T01:01:46.000Z,W4140857,8870,46.24844,6.39676,36942.4,4.5,32.4,219.1,-18.7,0.0,-1.0,RS41-SG,403.500,10.1,625,11,2.5,,
2026-01-31T01:01:47.000Z,W4140857,8871,46.24821,6.39652,36946.0,2.9,31.0,212.0,-18.6,0.0,-1.0,RS41-SG,403.500,10.1,625,11,2.6,,
2026-01-31T01:01:48.000Z,W4140857,8872,46.24797,6.39633,36949.1,3.4,30.5,205.9,-18.6,0.0,-1.0,RS41-SG,403.500,9.9,625,11,2.6,,
2026-01-31T01:01:49.000Z,W4140857,8873,46.24772,6.39616,36953.8,5.9,30.9,203.5,-18.6,0.0,-1.0,RS41-SG,403.500,8.9,625,11,2.6,,
2026-01-31T01:01:50.000Z,W4140857,8874,46.24747,6.39599,36960.8,8.2,31.6,206.9,-18.5,0.0,-1.0,RS41-SG,403.500,7.8,625,11,2.5,,
2026-01-31T01:01:51.000Z,W4140857,8875,46.24722,6.39578,36969.4,9.0,33.0,213.7,-18.6,0.0,-1.0,RS41-SG,403.500,7.2,625,11,2.5,,
2026-01-31T01:01:52.000Z,W4140857,8876,46.24698,6.39552,36977.7,7.4,35.0,221.3,-18.5,0.0,-1.0,RS41-SG,403.500,8.2,625,11,2.5,,
2026-01-31T01:01:53.000Z,W4140857,8877,46.24675,6.39519,36983.7,4.6,37.3,227.8,-18.4,0.0,-1.0,RS41-SG,403.500,8.9,625,11,2.5,,
2026-01-31T01:01:54.000Z,W4140857,8878,46.24653,6.39480,36987.1,2.3,39.8,233.5,-18.3,0.0,-1.0,RS41-SG,403.500,10.4,625,11,2.6,,
2026-01-31T01:01:55.000Z,W4140857,8879,46.24632,6.39437,36989.6,2.5,42.3,238.3,-18.3,0.0,-1.0,RS41-SG,403.500,10.4,625,11,2.6,,
2026-01-31T01:01:56.000Z,W4140857,8880,46.24613,6.39389,36993.4,5.2,43.4,240.7,-18.2,0.0,-1.0,RS41-SG,403.500,9.7,625,11,2.6,,
2026-01-31T01:01:57.000Z,W4140857,8881,46.24594,6.39341,37000.1,8.3,42.0,240.3,-18.1,0.0,-1.0,RS41-SG,403.500,9.7,625,11,2.5,,
2026-01-31T01:01:58.000Z,W4140857,8882,46.24575,6.39296,37009.1,9.6,39.1,236.8,-18.1,0.0,-1.0,RS41-SG,403.500,9.0,625,11,2.5,,
2026-01-31T01:01:59.000Z,W4140857,8883,46.24556,6.39257,37018.3,8.6,36.0,231.3,-18.1,0.0,-1.0,RS41-SG,403.500,9.7,625,11,2.5,,
2026-01-31T01:02:00.000Z,W4140857,8884,46.24535,6.39224,37025.7,6.1,33.3,224.6,-18.0,0.0,-1.0,RS41-SG,403.500,9.7,625,11,2.5,,
2026-01-31T01:02:01.000Z,W4140857,8885,46.24513,6.39197,37030.4,3.4,31.4,216.9,-18.0,0.0,-1.0,RS41-SG,403.500,9.8,625,11,2.6,,
2026-01-31T01:02:02.000Z,W4140857,8886,46.24490,6.39175,37033.3,2.3,30.5,208.7,-17.9,0.0,-1.0,RS41-SG,403.500,10.3,625,11,2.6,,
2026-01-31T01:02:03.000Z,W4140857,8887,46.24465,6.39158,37036.3,3.7,30.5,202.2,-17.9,0.0,-1.0,RS41-SG,403.500,10.3,625,11,2.6,,
2026-01-31T01:02:04.000Z,W4140857,8888,46.24440,6.39144,37041.6,6.9,30.9,201.0,-17.9,0.0,-1.0,RS41-SG,403.500,9.3,625,11,2.5,,
2026-01-31T01:02:05.000Z,W4140857,8889,46.24414,6.39128,37049.9,9.6,31.9,205.7,-17.8,0.0,-1.0,RS41-SG,403.500,8.9,625,11,2.5,,
2026-01-31T01:02:06.000Z,W4140857,8890,46.24389,6.39107,37059.5,9.6,33.3,213.4,-17.8,0.0,-1.0,RS41-SG,403.500,8.9,625,11,2.5,,
2026-01-31T01:02:08.000Z,W4140857,8892,46.24341,6.39047,37073.6,4.0,37.5,227.8,-17.8,0.0,-1.0,RS41-SG,403.500,7.8,625,11,2.6,,
2026-01-31T01:02:09.000Z,W4140857,8893,46.24319,6.39009,37076.5,1.8,40.2,233.8,-17.8,0.0,-1.0,RS41-SG,403.500,10.3,625,11,2.6,,
2026-01-31T01:02:10.000Z,W4140857,8894,46.24299,6.38964,37078.5,2.1,42.7,238.7,-17.8,0.0,-1.0,RS41-SG,403.500,10.3,625,10,2.6,,
2026-01-31T01:02:11.000Z,W4140857,8895,46.24280,6.38916,37082.0,4.9,43.9,241.3,-17.8,0.0,-1.0,RS41-SG,403.500,10.2,625,11,2.5,,
2026-01-31T01:02:12.000Z,W4140857,8896,46.24261,6.38867,37088.8,8.5,42.8,240.7,-17.9,0.0,-1.0,RS41-SG,403.500,9.3,625,11,2.5,,
2026-01-31T01:02:13.000Z,W4140857,8897,46.24242,6.38821,37098.2,10.2,39.8,236.7,-17.9,0.0,-1.0,RS41-SG,403.500,8.2,625,11,2.5,,
2026-01-31T01:02:14.000Z,W4140857,8898,46.24221,6.38782,37107.9,9.1,36.7,230.6,-17.9,0.0,-1.0,RS41-SG,403.500,8.8,625,11,2.5,,
2026-01-31T01:02:15.000Z,W4140857,8899,46.24200,6.38748,37115.6,6.3,34.2,223.6,-17.9,0.0,-1.0,RS41-SG,403.500,9.5,625,11,2.6,,
2026-01-31T01:02:16.000Z,W4140857,8900,46.24177,6.38721,37120.4,3.2,32.2,215.8,-17.9,0.0,-1.0,RS41-SG,403.500,9.5,625,11,2.6,,
2026-01-31T01:02:17.000Z,W4140857,8901,46.24153,6.38700,37122.8,1.7,31.2,207.3,-17.9,0.0,-1.0,RS41-SG,403.500,10.2,625,11,2.6,,
2026-01-31T01:02:18.000Z,W4140857,8902,46.24128,6.38683,37125.0,2.7,30.8,200.4,-17.9,0.0,-1.0,RS41-SG,403.500,10.2,625,11,2.5,,
2026-01-31T01:02:19.000Z,W4140857,8903,46.24102,6.38670,37129.4,5.9,30.8,198.4,-17.9,0.0,-1.0,RS41-SG,403.500,9.8,625,11,2.5,,
2026-01-31T01:02:20.000Z,W4140857,8904,46.24076,6.38656,37136.7,8.8,30.7,202.4,-18.0,0.0,-1.0,RS41-SG,403.500,8.9,625,10,2.5,,
2026-01-31T01:02:21.000Z,W4140857,8905,46.24051,6.38639,37145.8,9.3,31.2,210.6,-18.0,0.0,-1.0,RS41-SG,403.500,8.9,625,11,2.5,,
2026-01-31T01:02:22.000Z,W4140857,8906,46.24028,6.38615,37154.4,7.6,32.3,219.2,-18.0,0.0,-1.0,RS41-SG,403.500,8.4,625,11,2.6,,
2026-01-31T01:02:23.000Z,W4140857,8907,46.24007,6.38586,37160.6,4.8,34.1,226.8,-18.0,0.0,-1.0,RS41-SG,403.500,7.9,625,11,2.6,,
2026-01-31T01:02:24.000Z,W4140857,8908,46.23987,6.38551,37164.5,3.0,36.2,233.6,-18.0,0.0,-1.0,RS41-SG,403.500,9.9,625,11,2.6,,
2026-01-31T01:02:25.000Z,W4140857,8909,46.23968,6.38511,37167.5,3.0,38.3,239.0,-18.0,0.0,-1.0,RS41-SG,403.500,9.9,625,11,2.5,,
2026-01-31T01:02:26.000Z,W4140857,8910,46.23951,6.38468,37171.7,5.2,39.5,241.6,-18.0,0.0,-1.0,RS41-SG,403.500,9.4,625,11,2.5,,
2026-01-31T01:02:27.000Z,W4140857,8911,46.23934,6.38424,37178.3,7.9,38.9,240.6,-18.0,0.0,-1.0,RS41-SG,403.500,9.9,625,11,2.5,,
2026-01-31T01:02:28.000Z,W4140857,8912,46.23916,6.38382,37186.9,9.2,37.2,236.2,-18.0,0.0,-1.0,RS41-SG,403.500,9.9,625,11,2.5,,
2026-01-31T01:02:29.000Z,W4140857,8913,46.23897,6.38345,37195.6,8.0,35.2,229.7,-18.0,0.0,-1.0,RS41-SG,403.500,8.8,625,11,2.6,,
2026-01-31T01:02:30.000Z,W4140857,8914,46.23875,6.38313,37202.3,5.2,33.8,222.5,-17.9,0.0,-1.0,RS41-SG,403.500,9.3,625,11,2.6,,
2026-01-31T01:02:31.000Z,W4140857,8915,46.23852,6.38286,37206.3,2.7,33.2,214.8,-17.9,0.0,-1.0,RS41-SG,403.500,9.3,625,11,2.6,,
2026-01-31T01:02:32.000Z,W4140857,8916,46.23827,6.38264,37208.6,1.9,33.3,207.0,-17.9,0.0,-1.0,RS41-SG,403.500,9.4,625,11,2.5,,
2026-01-31T01:02:33.000Z,W4140857,8917,46.23799,6.38246,37211.2,3.3,33.8,202.0,-17.9,0.0,-1.0,RS41-SG,403.500,9.4,625,10,2.5,,
2026-01-31T01:02:34.000Z,W4140857,8918,46.23771,6.38230,37216.0,6.5,34.2,201.5,-17.9,0.0,-1.0,RS41-SG,403.500,8.7,625,11,2.5,,
2026-01-31T01:02:36.000Z,W4140857,8920,46.23717,6.38190,37232.9,9.1,33.8,213.5,-17.9,0.0,-1.0,RS41-SG,403.500,7.5,625,11,2.6,,
2026-01-31T01:02:37.000Z,W4140857,8921,46.23693,6.38164,37241.1,7.1,34.2,221.5,-17.9,0.0,-1.0,RS41-SG,403.500,8.4,625,11,2.5,,
2026-01-31T01:02:38.000Z,W4140857,8922,46.23671,6.38132,37246.9,4.3,35.2,229.2,-17.9,0.0,-1.0,RS41-SG,403.500,8.6,625,11,2.5,,
2026-01-31T01:02:39.000Z,W4140857,8923,46.23652,6.38095,37250.2,2.2,36.6,236.4,-17.9,0.0,-1.0,RS41-SG,403.500,9.2,625,11,2.5,,
2026-01-31T01:02:40.000Z,W4140857,8924,46.23635,6.38054,37252.4,2.3,38.0,242.1,-17.9,0.0,-1.0,RS41-SG,403.500,9.5,625,11,2.6,,
2026-01-31T01:02:41.000Z,W4140857,8925,46.23620,6.38010,37256.0,4.8,38.6,245.2,-17.9,0.0,-1.0,RS41-SG,403.500,10.1,625,11,2.6,,
2026-01-31T01:02:42.000Z,W4140857,8926,46.23605,6.37965,37262.4,8.0,37.6,244.1,-17.9,0.0,-1.0,RS41-SG,403.500,10.1,625,11,2.5,,
2026-01-31T01:02:43.000Z,W4140857,8927,46.23590,6.37924,37271.1,9.3,35.3,239.5,-18.0,0.0,-1.0,RS41-SG,403.500,9.7,625,11,2.5,,
2026-01-31T01:02:44.000Z,W4140857,8928,46.23572,6.37887,37280.0,8.4,33.2,232.4,-18.0,0.0,-1.0,RS41-SG,403.500,9.1,625,11,2.5,,
2026-01-31T01:02:45.000Z,W4140857,8929,46.23553,6.37856,37287.0,5.8,31.7,224.5,-18.1,0.0,-1.0,RS41-SG,403.500,9.1,625,11,2.6,,
2026-01-31T01:02:46.000Z,W4140857,8930,46.23532,6.37830,37291.6,3.3,31.0,216.2,-18.1,0.0,-1.0,RS41-SG,403.500,10.1,625,11,2.6,,
2026-01-31T01:02:47.000Z,W4140857,8931,46.23509,6.37809,37294.5,2.3,30.8,208.3,-18.2,0.0,-1.0,RS41-SG,403.500,10.1,625,11,2.6,,
2026-01-31T01:02:48.000Z,W4140857,8932,46.23484,6.37792,37297.3,3.3,31.1,202.5,-18.2,0.0,-1.0,RS41-SG,403.500,9.0,625,11,2.5,,
2026-01-31T01:02:49.000Z,W4140857,8933,46.23458,6.37777,37301.9,6.0,31.1,201.2,-18.2,0.0,-1.0,RS41-SG,403.500,9.0,625,11,2.5,,
2026-01-31T01:02:54.000Z,W4140857,8938,46.23351,6.37656,37333.6,2.4,32.8,237.4,-18.4,0.0,-1.0,RS41-SG,403.500,7.6,625,11,2.6,,
2026-01-31T01:02:55.000Z,W4140857,8939,46.23336,6.37619,37336.2,2.7,34.4,242.9,-18.5,0.0,-1.0,RS41-SG,403.500,8.9,625,11,2.5,,
2026-01-31T01:02:56.000Z,W4140857,8940,46.23323,6.37579,37340.1,5.2,35.1,245.2,-18.4,0.0,-1.0,RS41-SG,403.500,10.0,625,11,2.5,,
2026-01-31T01:02:57.000Z,W4140857,8941,46.23309,6.37538,37346.6,7.8,34.3,243.3,-18.4,0.0,-1.0,RS41-SG,403.500,10.0,625,11,2.5,,
2026-01-31T01:02:58.000Z,W4140857,8942,46.23295,6.37501,37354.8,8.6,32.8,237.6,-18.4,0.0,-1.0,RS41-SG,403.500,9.1,625,11,2.5,,
2026-01-31T01:02:59.000Z,W4140857,8943,46.23278,6.37467,37362.8,7.2,31.5,230.1,-18.4,0.0,-1.0,RS41-SG,403.500,9.5,625,11,2.6,,
2026-01-31T01:03:00.000Z,W4140857,8944,46.23259,6.37439,37368.9,4.8,30.6,221.8,-18.3,0.0,-1.0,RS41-SG,403.500,9.5,625,11,2.6,,
2026-01-31T01:03:01.000Z,W4140857,8945,46.23237,6.37415,37372.5,2.4,30.5,213.4,-18.3,0.0,-1.0,RS41-SG,403.500,9.2,625,11,2.6,,
2026-01-31T01:03:02.000Z,W4140857,8946,46.23213,6.37395,37374.6,1.6,31.0,205.7,-18.3,0.0,-1.0,RS41-SG,403.500,9.2,625,11,2.5,,
2026-01-31T01:03:03.000Z,W4140857,8947,46.23187,6.37379,37377.2,3.4,31.7,200.5,-18.3,0.0,-1.0,RS41-SG,403.500,9.2,625,11,2.5,,
2026-01-31T01:03:04.000Z,W4140857,8948,46.23161,6.37365,37382.1,6.3,31.8,200.4,-18.3,0.0,-1.0,RS41-SG,403.500,7.7,625,11,2.5,,
2026-01-31T01:03:08.000Z,W4140857,8952,46.23071,6.37279,37410.2,3.6,30.3,230.3,-18.3,0.0,-1.0,RS41-SG,403.500,7.9,625,11,2.5,,
2026-01-31T01:03:09.000Z,W4140857,8953,46.23055,6.37247,37412.9,1.9,31.0,238.5,-18.3,0.0,-1.0,RS41-SG,403.500,9.2,625,11,2.5,,
2026-01-31T01:03:10.000Z,W4140857,8954,46.23042,6.37212,37415.0,2.2,31.9,245.0,-18.3,0.0,-1.0,RS41-SG,403.500,10.4,625,11,2.6,,
2026-01-31T01:03:11.000Z,W4140857,8955,46.23030,6.37174,37418.5,4.7,31.9,247.9,-18.3,0.0,-1.0,RS41-SG,403.500,10.4,625,11,2.6,,
2026-01-31T01:03:12.000Z,W4140857,8956,46.23019,6.37137,37424.5,7.3,30.7,245.7,-18.3,0.0,-1.0,RS41-SG,403.500,9.9,625,11,2.5,,
2026-01-31T01:03:13.000Z,W4140857,8957,46.23007,6.37103,37432.4,8.4,28.9,238.9,-18.3,0.0,-1.0,RS41-SG,403.500,10.0,625,11,2.5,,
2026-01-31T01:03:14.000Z,W4140857,8958,46.22992,6.37073,37440.1,6.8,27.7,229.8,-18.3,0.0,-1.0,RS41-SG,403.500,10.4,625,11,2.5,,
2026-01-31T01:03:15.000Z,W4140857,8959,46.22975,6.37048,37445.7,4.3,27.6,219.9,-18.3,0.0,-1.0,RS41-SG,403.500,10.4,625,11,2.6,,
2026-01-31T01:03:16.000Z,W4140857,8960,46.22954,6.37027,37448.9,2.0,28.3,210.4,-18.3,0.0,-1.0,RS41-SG,403.500,10.3,625,11,2.6,,
2026-01-31T01:03:17.000Z,W4140857,8961,46.22931,6.37011,37450.7,1.4,29.9,202.5,-18.3,0.0,-1.0,RS41-SG,403.500,10.3,625,11,2.6,,
2026-01-31T01:03:18.000Z,W4140857,8962,46.22905,6.36997,37453.0,3.1,31.6,198.0,-18.3,0.0,-1.0,RS41-SG,403.500,9.8,625,11,2.5,,
2026-01-31T01:03:19.000Z,W4140857,8963,46.22878,6.36984,37457.8,6.2,32.2,198.4,-18.3,0.0,-1.0,RS41-SG,403.500,9.8,625,11,2.5,,
2026-01-31T01:03:20.000Z,W4140857,8964,46.22851,6.36969,37465.1,8.2,31.6,203.6,-18.3,0.0,-1.0,RS41-SG,403.500,8.7,625,11,2.5,,
2026-01-31T01:03:22.000Z,W4140857,8966,46.22805,6.36928,37480.1,5.7,29.9,220.1,-18.3,0.0,-1.0,RS41-SG,403.500,6.8,625,11,2.6,,
2026-01-31T01:03:23.000Z,W4140857,8967,46.22786,6.36901,37484.5,3.0,29.6,229.2,-18.4,0.0,-1.0,RS41-SG,403.500,9.7,625,11,2.6,,
2026-01-31T01:03:24.000Z,W4140857,8968,46.22770,6.36871,37486.6,1.2,29.9,237.8,-18.4,0.0,-1.0,RS41-SG,403.500,10.5,625,11,2.6,,
2026-01-31T01:03:25.000Z,W4140857,8969,46.22757,6.36837,37488.1,1.7,30.1,245.0,-18.4,0.0,-1.0,RS41-SG,403.500,10.8,625,11,2.5,,
2026-01-31T01:03:26.000Z,W4140857,8970,46.22747,6.36802,37491.3,4.6,29.5,248.5,-18.4,0.0,-1.0,RS41-SG,403.500,11.5,625,11,2.5,,
2026-01-31T01:03:27.000Z,W4140857,8971,46.22737,6.36767,37497.3,7.5,27.8,246.0,-18.4,0.0,-1.0,RS41-SG,403.500,11.5,625,11,2.5,,
2026-01-31T01:03:28.000Z,W4140857,8972,46.22726,6.36737,37505.4,8.5,26.0,237.8,-18.4,0.0,-1.0,RS41-SG,403.500,11.1,625,11,2.6,,
2026-01-31T01:03:29.000Z,W4140857,8973,46.22712,6.36711,37513.3,7.1,25.0,226.9,-18.4,0.0,-1.0,RS41-SG,403.500,11.3,625,11,2.6,,
2026-01-31T01:03:30.000Z,W4140857,8974,46.22695,6.36690,37519.1,4.4,25.4,216.0,-18.4,0.0,-1.0,RS41-SG,403.500,12.1,625,11,2.5,,
2026-01-31T01:03:31.000Z,W4140857,8975,46.22675,6.36672,37522.3,2.0,26.9,206.1,-18.4,0.0,-1.0,RS41-SG,403.500,12.1,625,11,2.5,,
2026-01-31T01:03:32.000Z,W4140857,8976,46.22652,6.36659,37524.0,1.3,29.2,198.3,-18.5,0.0,-1.0,RS41-SG,403.500,11.3,625,11,2.5,,
2026-01-31T01:03:33.000Z,W4140857,8977,46.22626,6.36648,37525.9,2.6,31.3,194.4,-18.4,0.0,-1.0,RS41-SG,403.500,10.6,625,11,2.6,,
2026-01-31T01:03:34.000Z,W4140857,8978,46.22599,6.36638,37529.9,5.4,32.3,194.5,-18.5,0.0,-1.0,RS41-SG,403.500,10.5,625,11,2.6,,
2026-01-31T01:03:35.000Z,W4140857,8979,46.22571,6.36626,37536.2,7.3,31.7,198.9,-18.4,0.0,-1.0,RS41-SG,403.500,8.0,625,11,2.5,,
2026-01-31T01:03:36.000Z,W4140857,8980,46.22545,6.36611,37543.5,7.3,30.4,205.6,-18.5,0.0,-1.0,RS41-SG,403.500,7.5,625,11,2.5,,
2026-01-31T01:03:37.000Z,W4140857,8981,46.22522,6.36592,37550.0,5.7,29.1,213.6,-18.5,0.0,-1.0,RS41-SG,403.500,7.6,625,11,2.6,,
2026-01-31T01:03:38.000Z,W4140857,8982,46.22502,6.36569,37554.6,3.6,28.2,222.1,-18.5,0.0,-1.0,RS41-SG,403.500,8.1,625,11,2.6,,
2026-01-31T01:03:39.000Z,W4140857,8983,46.22485,6.36543,37557.8,2.6,27.6,230.1,-18.5,0.0,-1.0,RS41-SG,403.500,9.5,625,11,2.5,,
2026-01-31T01:03:40.000Z,W4140857,8984,46.22470,6.36515,37560.7,3.1,27.2,236.6,-18.5,0.0,-1.0,RS41-SG,403.500,10.8,625,11,2.5,,
2026-01-31T01:03:41.000Z,W4140857,8985,46.22458,6.36486,37564.7,4.9,26.5,239.3,-18.5,0.0,-1.0,RS41-SG,403.500,11.1,625,11,2.5,,
2026-01-31T01:03:42.000Z,W4140857,8986,46.22445,6.36457,37570.4,6.4,25.7,236.8,-18.5,0.0,-1.0,RS41-SG,403.500,11.2,625,11,2.6,,
2026-01-31T01:03:43.000Z,W4140857,8987,46.22432,6.36431,37577.0,6.7,25.1,230.7,-18.5,0.0,-1.0,RS41-SG,403.500,11.8,625,11,2.6,,
2026-01-31T01:03:44.000Z,W4140857,8988,46.22417,6.36407,37583.1,5.5,25.0,222.8,-18.5,0.0,-1.0,RS41-SG,403.500,11.8,625,11,2.5,,
2026-01-31T01:03:45.000Z,W4140857,8989,46.22399,6.36387,37587.9,3.8,25.8,215.1,-18.5,0.0,-1.0,RS41-SG,403.500,11.6,625,10,2.5,,
2026-01-31T01:03:46.000Z,W4140857,8990,46.22379,6.36369,37591.0,2.8,27.1,208.6,-18.5,0.0,-1.0,RS41-SG,403.500,11.6,625,11,2.5,,
2026-01-31T01:03:47.000Z,W4140857,8991,46.22356,6.36353,37594.0,3.0,28.6,204.1,-18.5,0.0,-1.0,RS41-SG,403.500,11.5,625,11,2.6,,
2026-01-31T01:03:48.000Z,W4140857,8992,46.22333,6.36338,37597.6,4.2,29.7,202.6,-18.5,0.0,-1.0,RS41-SG,403.500,11.1,625,11,2.6,,
2026-01-31T01:03:49.000Z,W4140857,8993,46.22308,6.36323,37602.4,5.4,30.0,204.1,-18.6,0.0,-1.0,RS41-SG,403.500,11.4,625,11,2.6,,
2026-01-31T01:03:50.000Z,W4140857,8994,46.22284,6.36306,37608.1,6.0,29.6,208.0,-18.6,0.0,-1.0,RS41-SG,403.500,11.4,625,10,2.5,,
2026-01-31T01:03:51.000Z,W4140857,8995,46.22262,6.36287,37613.9,5.5,28.9,213.3,-18.6,0.0,-1.0,RS41-SG,403.500,11.3,625,11,2.5,,
2026-01-31T01:03:52.000Z,W4140857,8996,46.22241,6.36265,37619.0,4.5,28.1,218.8,-18.7,0.0,-1.0,RS41-SG,403.500,10.8,625,10,2.5,,
2026-01-31T01:03:53.000Z,W4140857,8997,46.22222,6.36242,37623.2,3.8,27.4,224.0,-18.8,0.0,-1.0,RS41-SG,403.500,11.5,625,11,2.5,,
2026-01-31T01:03:54.000Z,W4140857,8998,46.22206,6.36217,37627.1,3.9,26.7,227.9,-18.8,0.0,-1.0,RS41-SG,403.500,11.5,625,11,2.6,,
2026-01-31T01:03:55.000Z,W4140857,8999,46.22190,6.36191,37631.3,4.5,26.0,229.0,-18.8,0.0,-1.0,RS41-SG,403.500,11.5,625,11,2.6,,
2026-01-31T01:03:56.000Z,W4140857,9000,46.22175,6.36167,37636.2,5.2,25.3,226.9,-18.8,0.0,-1.0,RS41-SG,403.500,11.4,625,11,2.6,,
2026-01-31T01:03:57.000Z,W4140857,9001,46.22159,6.36144,37641.6,5.4,25.1,221.9,-18.8,0.0,-1.0,RS41-SG,403.500,11.0,625,11,2.5,,
2026-01-31T01:03:58.000Z,W4140857,9002,46.22141,6.36124,37646.7,4.8,25.4,215.7,-18.8,0.0,-1.0,RS41-SG,403.500,12.1,625,11,2.5,,
2026-01-31T01:03:59.000Z,W4140857,9003,46.22122,6.36106,37651.1,4.0,26.3,209.7,-18.8,0.0,-1.0,RS41-SG,403.500,12.1,625,11,2.5,,
2026-01-31T01:04:00.000Z,W4140857,9004,46.22100,6.36090,37654.9,3.7,27.6,204.9,-18.8,0.0,-1.0,RS41-SG,403.500,11.4,625,11,2.6,,
2026-01-31T01:04:01.000Z,W4140857,9005,46.22077,6.36075,37658.8,4.1,28.7,202.2,-18.8,0.0,-1.0,RS41-SG,403.500,11.8,625,11,2.6,,
2026-01-31T01:04:02.000Z,W4140857,9006,46.22053,6.36061,37663.3,4.9,29.5,202.4,-18.8,0.0,-1.0,RS41-SG,403.500,11.8,625,11,2.5,,
2026-01-31T01:04:03.000Z,W4140857,9007,46.22029,6.36046,37668.6,5.7,29.4,205.0,-18.8,0.0,-1.0,RS41-SG,403.500,9.8,625,11,2.5,,
2026-01-31T01:04:04.000Z,W4140857,9008,46.22006,6.36029,37674.4,5.8,28.7,210.1,-18.9,0.0,-1.0,RS41-SG,403.500,10.7,625,10,2.5,,
2026-01-31T01:04:05.000Z,W4140857,9009,46.21985,6.36009,37679.9,5.2,27.9,216.6,-18.9,0.0,-1.0,RS41-SG,403.500,10.7,625,11,2.6,,
2026-01-31T01:04:06.000Z,W4140857,9010,46.21966,6.35986,37684.5,3.7,27.2,223.8,-18.9,0.0,-1.0,RS41-SG,403.500,10.6,625,11,2.6,,
2026-01-31T01:04:07.000Z,W4140857,9011,46.21950,6.35960,37687.8,2.8,26.8,230.7,-18.9,0.0,-1.0,RS41-SG,403.500,9.8,625,11,2.5,,
2026-01-31T01:04:08.000Z,W4140857,9012,46.21935,6.35933,37690.7,3.0,26.6,236.4,-18.9,0.0,-1.0,RS41-SG,403.500,11.3,625,10,2.5,,
2026-01-31T01:04:09.000Z,W4140857,9013,46.21923,6.35904,37694.4,4.2,26.3,238.9,-19.0,0.0,-1.0,RS41-SG,403.500,11.7,625,11,2.6,,
2026-01-31T01:04:10.000Z,W4140857,9014,46.21910,6.35875,37699.3,5.5,25.8,237.7,-19.0,0.0,-1.0,RS41-SG,403.500,12.0,625,11,2.6,,
2026-01-31T01:04:11.000Z,W4140857,9015,46.21897,6.35848,37705.2,6.2,25.5,232.7,-19.0,0.0,-1.0,RS41-SG,403.500,12.0,625,11,2.5,,
2026-01-31T01:04:12.000Z,W4140857,9016,46.21883,6.35823,37711.2,5.9,25.5,225.7,-19.0,0.0,-1.0,RS41-SG,403.500,11.8,625,11,2.5,,
2026-01-31T01:04:13.000Z,W4140857,9017,46.21865,6.35801,37716.6,4.7,26.3,218.6,-19.0,0.0,-1.0,RS41-SG,403.500,11.8,625,11,2.5,,
2026-01-31T01:04:14.000Z,W4140857,9018,46.21846,6.35781,37720.8,3.7,27.5,212.1,-19.0,0.0,-1.0,RS41-SG,403.500,11.6,625,11,2.6,,
2026-01-31T01:04:15.000Z,W4140857,9019,46.21824,6.35763,37724.2,3.3,29.1,207.1,-19.1,0.0,-1.0,RS41-SG,403.500,12.0,625,11,2.6,,
2026-01-31T01:04:16.000Z,W4140857,9020,46.21800,6.35746,37727.7,3.7,30.5,204.4,-19.1,0.0,-1.0,RS41-SG,403.500,12.0,625,11,2.5,,
2026-01-31T01:04:17.000Z,W4140857,9021,46.21775,6.35730,37731.9,4.8,31.2,204.2,-19.1,0.0,-1.0,RS41-SG,403.500,11.3,625,11,2.5,,
2026-01-31T01:04:18.000Z,W4140857,9022,46.21749,6.35713,37737.1,5.6,30.9,206.3,-19.1,0.0,-1.0,RS41-SG,403.500,9.7,625,11,2.5,,
2026-01-31T01:04:19.000Z,W4140857,9023,46.21725,6.35694,37742.8,5.7,30.0,210.4,-19.3,0.0,-1.0,RS41-SG,403.500,9.8,625,11,2.6,,
2026-01-31T01:04:20.000Z,W4140857,9024,46.21703,6.35674,37748.2,5.0,28.8,215.5,-19.3,0.0,-1.0,RS41-SG,403.500,11.0,625,11,2.6,,
2026-01-31T01:04:21.000Z,W4140857,9025,46.21684,6.35651,37752.7,4.1,27.5,221.1,-19.3,0.0,-1.0,RS41-SG,403.500,11.0,625,11,2.6,,
2026-01-31T01:04:22.000Z,W4140857,9026,46.21666,6.35628,37756.4,3.4,26.2,226.1,-19.3,0.0,-1.0,RS41-SG,403.500,11.0,625,11,2.5,,
2026-01-31T01:04:23.000Z,W4140857,9027,46.21651,6.35603,37760.0,3.7,25.0,229.7,-19.2,0.0,-1.0,RS41-SG,403.500,11.7,625,11,2.5,,
2026-01-31T01:04:24.000Z,W4140857,9028,46.21637,6.35579,37764.1,4.4,24.0,230.4,-19.2,0.0,-1.0,RS41-SG,403.500,11.7,625,11,2.5,,
2026-01-31T01:04:25.000Z,W4140857,9029,46.21623,6.35556,37768.9,5.1,23.2,227.5,-19.1,0.0,-1.0,RS41-SG,403.500,11.4,625,11,2.6,,
2026-01-31T01:04:26.000Z,W4140857,9030,46.21608,6.35535,37774.1,5.3,23.1,221.9,-19.1,0.0,-1.0,RS41-SG,403.500,11.2,625,11,2.6,,
2026-01-31T01:04:27.000Z,W4140857,9031,46.21592,6.35516,37779.1,4.7,23.9,215.2,-19.1,0.0,-1.0,RS41-SG,403.500,11.2,625,11,2.5,,
2026-01-31T01:04:28.000Z,W4140857,9032,46.21573,6.35500,37783.5,3.9,25.2,209.4,-19.1,0.0,-1.0,RS41-SG,403.500,11.1,625,11,2.5,,
2026-01-31T01:04:29.000Z,W4140857,9033,46.21552,6.35484,37787.2,3.4,27.0,204.8,-19.1,0.0,-1.0,RS41-SG,403.500,10.8,625,11,2.5,,
2026-01-31T01:04:30.000Z,W4140857,9034,46.21530,6.35470,37790.8,3.7,28.9,202.7,-19.1,0.0,-1.0,RS41-SG,403.500,11.0,625,11,2.6,,
2026-01-31T01:04:31.000Z,W4140857,9035,46.21505,6.35455,37795.0,4.5,30.0,203.1,-19.0,0.0,-1.0,RS41-SG,403.500,11.0,625,11,2.6,,
2026-01-31T01:04:32.000Z,W4140857,9036,46.21481,6.35439,37800.0,5.4,30.3,205.6,-19.0,0.0,-1.0,RS41-SG,403.500,8.7,625,11,2.5,,
2026-01-31T01:04:33.000Z,W4140857,9037,46.21457,6.35421,37805.4,5.5,29.7,209.9,-19.0,0.0,-1.0,RS41-SG,403.500,9.5,625,11,2.5,,
2026-01-31T01:04:34.000Z,W4140857,9038,46.21435,6.35401,37810.7,5.0,28.7,215.8,-19.0,0.0,-1.0,RS41-SG,403.500,9.5,625,11,2.6,,
2026-01-31T01:04:35.000Z,W4140857,9039,46.21415,6.35378,37815.1,3.8,27.6,221.9,-19.0,0.0,-1.0,RS41-SG,403.500,8.7,625,11,2.6,,
2026-01-31T01:04:36.000Z,W4140857,9040,46.21398,6.35353,37818.6,3.1,26.5,228.1,-19.0,0.0,-1.0,RS41-SG,403.500,9.9,625,11,2.5,,
2026-01-31T01:04:37.000Z,W4140857,9041,46.21384,6.35327,37821.8,3.1,25.6,233.2,-19.0,0.0,-1.0,RS41-SG,403.500,10.6,625,11,2.5,,
2026-01-31T01:04:38.000Z,W4140857,9042,46.21370,6.35301,37825.4,4.0,24.6,235.9,-19.0,0.0,-1.0,RS41-SG,403.500,10.6,625,11,2.5,,
2026-01-31T01:04:39.000Z,W4140857,9043,46.21358,6.35275,37830.0,5.2,23.8,234.6,-19.0,0.0,-1.0,RS41-SG,403.500,10.6,625,11,2.6,,
2026-01-31T01:04:40.000Z,W4140857,9044,46.21345,6.35251,37835.6,5.8,23.4,229.5,-19.0,0.0,-1.0,RS41-SG,403.500,10.6,625,11,2.6,,
2026-01-31T01:04:41.000Z,W4140857,9045,46.21331,6.35230,37841.3,5.6,23.8,222.3,-19.0,0.0,-1.0,RS41-SG,403.500,10.5,625,11,2.5,,
2026-01-31T01:04:42.000Z,W4140857,9046,46.21314,6.35210,37846.5,4.6,24.9,214.9,-19.0,0.0,-1.0,RS41-SG,403.500,10.9,625,11,2.5,,
2026-01-31T01:04:43.000Z,W4140857,9047,46.21294,6.35193,37850.5,3.4,26.7,208.6,-19.0,0.0,-1.0,RS41-SG,403.500,10.9,625,11,2.6,,
2026-01-31T01:04:44.000Z,W4140857,9048,46.21272,6.35177,37853.6,2.8,28.6,204.3,-19.0,0.0,-1.0,RS41-SG,403.500,10.8,625,11,2.6,,
2026-01-31T01:04:45.000Z,W4140857,9049,46.21248,6.35162,37856.6,3.1,30.3,201.9,-19.0,0.0,-1.0,RS41-SG,403.500,10.2,625,11,2.5,,
2026-01-31T01:04:46.000Z,W4140857,9050,46.21222,6.35147,37860.3,4.3,31.1,201.8,-19.0,0.0,-1.0,RS41-SG,403.500,8.8,625,11,2.5,,
2026-01-31T01:04:52.000Z,W4140857,9056,46.21083,6.35024,37837.8,-25.2,32.0,219.0,-19.1,0.0,-1.0,RS41-SG,403.500,9.1,625,11,2.6,,
2026-01-31T01:04:53.000Z,W4140857,9057,46.21061,6.34998,37808.2,-34.2,32.1,220.2,-19.0,0.0,-1.0,RS41-SG,403.500,9.2,625,10,2.6,,
2026-01-31T01:04:54.000Z,W4140857,9058,46.21039,6.34971,37770.2,-42.1,32.6,220.2,-18.8,0.0,-1.0,RS41-SG,403.500,9.7,625,10,2.6,,
2026-01-31T01:04:55.000Z,W4140857,9059,46.21017,6.34944,37724.3,-50.1,32.5,221.4,-18.6,0.0,-1.0,RS41-SG,403.500,9.7,625,11,2.5,,
2026-01-31T01:04:56.000Z,W4140857,9060,46.20995,6.34916,37670.5,-57.7,32.6,220.9,-18.3,0.0,-1.0,RS41-SG,403.500,9.1,625,11,2.5,,
2026-01-31T01:04:57.000Z,W4140857,9061,46.20973,6.34889,37608.7,-65.9,32.2,220.8,-17.8,0.0,-1.0,RS41-SG,403.500,9.1,625,11,2.6,,
2026-01-31T01:04:58.000Z,W4140857,9062,46.20951,6.34862,37542.9,-65.9,31.7,219.4,-17.5,0.0,-1.0,RS41-SG,403.500,10.0,625,11,2.6,,
2026-01-31T01:04:59.000Z,W4140857,9063,46.20930,6.34837,37474.2,-71.8,30.7,219.7,-17.2,0.0,-1.0,RS41-SG,403.500,10.0,625,11,2.5,,
2026-01-31T01:05:00.000Z,W4140857,9064,46.20908,6.34811,37400.5,-75.9,31.0,220.1,-16.9,0.0,-1.0,RS41-SG,403.500,10.0,625,11,2.5,,
2026-01-31T01:05:01.000Z,W4140857,9065,46.20887,6.34786,37322.9,-79.6,30.9,219.0,-16.7,0.0,-1.0,RS41-SG,403.500,9.7,625,11,2.6,,
2026-01-31T01:05:02.000Z,W4140857,9066,46.20866,6.34761,37241.3,-84.2,31.0,219.4,-16.4,0.0,-1.0,RS41-SG,403.500,9.7,625,10,2.6,,
2026-01-31T01:05:03.000Z,W4140857,9067,46.20844,6.34735,37155.2,-88.4,32.1,218.9,-16.1,0.0,-1.0,RS41-SG,403.500,9.6,625,9,2.5,,
2026-01-31T01:05:04.000Z,W4140857,9068,46.20821,6.34709,37064.7,-92.7,32.3,219.2,-16.1,0.0,-1.0,RS41-SG,403.500,9.3,625,11,2.5,,
2026-01-31T01:05:05.000Z,W4140857,9069,46.20799,6.34683,36969.8,-96.8,32.4,219.4,-16.3,0.0,-1.0,RS41-SG,403.500,9.6,625,11,2.5,,
2026-01-31T01:05:06.000Z,W4140857,9070,46.20777,6.34657,36870.8,-101.2,32.5,219.7,-16.4,0.0,-1.0,RS41-SG,403.500,9.6,625,11,2.6,,
2026-01-31T01:05:07.000Z,W4140857,9071,46.20754,6.34630,36768.2,-104.5,33.4,219.8,-16.6,0.0,-1.0,RS41-SG,403.500,9.7,625,9,2.6,,
2026-01-31T01:05:08.000Z,W4140857,9072,46.20732,6.34602,36662.3,-107.3,32.9,220.0,-16.8,0.0,-1.0,RS41-SG,403.500,9.7,625,10,2.5,,
2026-01-31T01:05:09.000Z,W4140857,9073,46.20709,6.34575,36553.8,-110.4,33.2,218.9,-17.1,0.0,-1.0,RS41-SG,403.500,9.5,625,10,2.5,,
2026-01-31T01:05:10.000Z,W4140857,9074,46.20686,6.34548,36442.4,-113.0,33.8,218.9,-17.4,0.0,-1.0,RS41-SG,403.500,9.7,625,10,2.5,,
2026-01-31T01:05:11.000Z,W4140857,9075,46.20662,6.34520,36328.4,-115.2,35.5,219.5,-17.9,0.0,-1.0,RS41-SG,403.500,9.7,625,10,2.6,,
2026-01-31T01:05:12.000Z,W4140857,9076,46.20637,6.34491,36212.9,-116.3,35.4,219.7,-18.4,0.0,-1.0,RS41-SG,403.500,10.1,625,10,2.6,,
2026-01-31T01:05:13.000Z,W4140857,9077,46.20613,6.34461,36095.5,-119.0,36.0,220.3,-18.3,0.0,-1.0,RS41-SG,403.500,10.1,625,11,2.6,,
2026-01-31T01:05:14.000Z,W4140857,9078,46.20589,6.34431,35976.3,-120.5,35.0,221.5,-18.1,0.0,-1.0,RS41-SG,403.500,9.8,625,11,2.5,,
2026-01-31T01:05:15.000Z,W4140857,9079,46.20565,6.34401,35855.5,-121.9,36.2,221.5,-18.3,0.0,-1.0,RS41-SG,403.500,9.8,625,11,2.5,,
2026-01-31T01:05:16.000Z,W4140857,9080,46.20542,6.34370,35733.9,-122.6,35.2,221.8,-18.9,0.0,-1.0,RS41-SG,403.500,9.3,625,11,2.5,,
2026-01-31T01:05:17.000Z,W4140857,9081,46.20519,6.34339,35611.0,-123.4,35.3,223.6,-19.2,0.0,-1.0,RS41-SG,403.500,10.0,625,11,2.6,,
2026-01-31T01:05:18.000Z,W4140857,9082,46.20496,6.34307,35487.8,-123.9,35.8,223.3,-19.3,0.0,-1.0,RS41-SG,403.500,10.0,625,11,2.6,,
2026-01-31T01:05:19.000Z,W4140857,9083,46.20473,6.34276,35364.3,-123.7,35.9,223.9,-19.8,0.0,-1.0,RS41-SG,403.500,9.7,625,11,2.5,,
2026-01-31T01:05:20.000Z,W4140857,9084,46.20450,6.34243,35241.3,-123.1,36.0,224.6,-20.0,0.0,-1.0,RS41-SG,403.500,10.2,625,10,2.5,,
2026-01-31T01:05:21.000Z,W4140857,9085,46.20427,6.34210,35118.8,-122.7,36.0,225.0,-20.0,0.0,-1.0,RS41-SG,403.500,10.2,625,10,2.5,,
2026-01-31T01:05:22.000Z,W4140857,9086,46.20404,6.34177,34996.9,-121.8,36.2,225.0,-20.4,0.0,-1.0,RS41-SG,403.500,10.2,625,10,2.6,,
2026-01-31T01:05:23.000Z,W4140857,9087,46.20382,6.34145,34876.1,-121.0,35.4,225.4,-21.0,0.0,-1.0,RS41-SG,403.500,10.0,625,11,2.6,,
2026-01-31T01:05:24.000Z,W4140857,9088,46.20360,6.34112,34755.1,-121.4,36.1,226.4,-21.4,0.0,-1.0,RS41-SG,403.500,10.0,625,10,2.5,,
2026-01-31T01:05:25.000Z,W4140857,9089,46.20338,6.34078,34633.4,-122.1,36.5,225.7,-21.7,0.0,-1.0,RS41-SG,403.500,9.9,625,11,2.5,,
2026-01-31T01:05:26.000Z,W4140857,9090,46.20316,6.34045,34511.3,-122.8,35.7,227.4,-21.9,0.0,-1.0,RS41-SG,403.500,9.9,625,9,2.6,,
2026-01-31T01:05:27.000Z,W4140857,9091,46.20294,6.34010,34389.4,-122.3,36.6,227.5,-22.1,0.0,-1.0,RS41-SG,403.500,9.0,625,9,2.6,,
2026-01-31T01:05:28.000Z,W4140857,9092,46.20273,6.33975,34268.1,-121.8,35.3,230.2,-22.1,0.0,-1.0,RS41-SG,403.500,9.0,625,10,2.5,,
2026-01-31T01:05:29.000Z,W4140857,9093,46.20252,6.33940,34146.7,-121.9,35.8,229.7,-22.3,0.0,-1.0,RS41-SG,403.500,9.3,625,11,2.5,,
2026-01-31T01:05:30.000Z,W4140857,9094,46.20232,6.33905,34024.7,-122.4,35.8,229.7,-22.5,0.0,-1.0,RS41-SG,403.500,9.4,625,11,2.5,,
2026-01-31T01:05:31.000Z,W4140857,9095,46.20212,6.33870,33902.3,-122.9,35.5,230.3,-23.5,0.0,-1.0,RS41-SG,403.500,9.4,625,10,2.6,,
2026-01-31T01:05:32.000Z,W4140857,9096,46.20192,6.33835,33779.9,-122.8,34.6,231.0,-24.3,0.0,-1.0,RS41-SG,403.500,8.3,625,8,2.6,,
2026-01-31T01:05:33.000Z,W4140857,9097,46.20173,6.33800,33658.2,-122.3,34.7,232.2,-24.9,0.0,-1.0,RS41-SG,403.500,8.0,625,9,2.5,,
2026-01-31T01:05:34.000Z,W4140857,9098,46.20154,6.33765,33536.7,-121.1,34.4,232.5,-25.1,0.0,-1.0,RS41-SG,403.500,9.9,625,11,2.5,,
2026-01-31T01:05:35.000Z,W4140857,9099,46.20136,6.33731,33416.0,-119.9,33.3,234.0,-25.3,0.0,-1.0,RS41-SG,403.500,9.9,625,10,2.6,,
2026-01-31T01:05:36.000Z,W4140857,9100,46.20119,6.33696,33296.8,-119.0,32.6,236.7,-25.5,0.0,-1.0,RS41-SG,403.500,9.7,625,11,2.6,,
2026-01-31T01:05:37.000Z,W4140857,9101,46.20104,6.33660,33179.2,-117.4,32.3,238.0,-25.8,0.0,-1.0,RS41-SG,403.500,8.9,625,10,2.5,,
2026-01-31T01:05:38.000Z,W4140857,9102,46.20089,6.33624,33062.5,-116.8,33.2,239.2,-26.5,0.0,-1.0,RS41-SG,403.500,8.9,625,11,2.5,,
2026-01-31T01:05:39.000Z,W4140857,9103,46.20074,6.33588,32946.9,-115.6,31.5,240.0,-27.0,0.0,-1.0,RS41-SG,403.500,9.4,625,10,2.5,,
2026-01-31T01:05:40.000Z,W4140857,9104,46.20060,6.33552,32831.6,-115.5,32.3,240.5,-27.3,0.0,-1.0,RS41-SG,403.500,9.4,625,9,2.6,,
2026-01-31T01:05:41.000Z,W4140857,9105,46.20046,6.33516,32716.9,-115.1,31.8,240.7,-27.8,0.0,-1.0,RS41-SG,403.500,8.9,625,11,2.6,,
2026-01-31T01:05:42.000Z,W4140857,9106,46.20032,6.33479,32601.8,-115.6,32.8,240.4,-28.2,0.0,-1.0,RS41-SG,403.500,9.2,625,9,2.5,,
2026-01-31T01:05:43.000Z,W4140857,9107,46.20018,6.33442,32486.8,-115.2,33.4,240.7,-28.5,0.0,-1.0,RS41-SG,403.500,10.0,625,10,2.5,,
2026-01-31T01:05:44.000Z,W4140857,9108,46.20003,6.33404,32373.0,-114.3,32.5,241.8,-28.3,0.1,-1.0,RS41-SG,403.500,10.0,625,9,2.6,,
2026-01-31T01:05:45.000Z,W4140857,9109,46.19989,6.33368,32259.3,-113.7,32.5,240.0,-28.6,0.0,-1.0,RS41-SG,403.500,9.9,625,10,2.6,,
2026-01-31T01:05:46.000Z,W4140857,9110,46.19974,6.33331,32146.5,-112.8,33.0,239.9,-29.3,0.1,-1.0,RS41-SG,403.500,9.1,625,9,2.5,,
2026-01-31T01:05:47.000Z,W4140857,9111,46.19960,6.33295,32034.3,-112.2,32.6,238.9,-30.3,0.1,-1.0,RS41-SG,403.500,9.1,625,10,2.5,,
2026-01-31T01:05:48.000Z,W4140857,9112,46.19945,6.33259,31922.9,-111.3,32.2,239.3,-31.2,0.1,-1.0,RS41-SG,403.500,8.6,625,10,2.5,,
2026-01-31T01:05:49.000Z,W4140857,9113,46.19930,6.33222,31813.2,-109.5,32.6,241.0,-32.3,0.1,-1.0,RS41-SG,403.500,9.6,625,10,2.6,,
2026-01-31T01:05:50.000Z,W4140857,9114,46.19915,6.33186,31704.3,-108.5,33.1,239.7,-32.8,0.1,-1.0,RS41-SG,403.500,9.7,625,11,2.6,,
2026-01-31T01:05:51.000Z,W4140857,9115,46.19900,6.33149,31597.2,-106.7,33.3,238.5,-34.1,0.1,-1.0,RS41-SG,403.500,9.7,625,9,2.5,,
2026-01-31T01:05:52.000Z,W4140857,9116,46.19885,6.33113,31491.7,-105.3,32.8,238.4,-35.1,0.2,-1.0,RS41-SG,403.500,8.3,625,11,2.5,,
2026-01-31T01:05:53.000Z,W4140857,9117,46.19870,6.33077,31387.7,-103.9,32.2,240.9,-35.8,0.2,-1.0,RS41-SG,403.500,7.6,625,9,2.6,,
2026-01-31T01:05:54.000Z,W4140857,9118,46.19856,6.33040,31285.3,-101.5,32.3,240.9,-36.6,0.2,-1.0,RS41-SG,403.500,8.7,625,10,2.6,,
2026-01-31T01:05:55.000Z,W4140857,9119,46.19842,6.33003,31185.4,-99.5,33.3,240.9,-37.6,0.2,-1.0,RS41-SG,403.500,8.7,625,11,2.5,,
2026-01-31T01:05:56.000Z,W4140857,9120,46.19827,6.32966,31087.3,-97.6,34.1,239.7,-38.6,0.3,-1.0,RS41-SG,403.500,9.6,625,10,2.5,,
2026-01-31T01:05:57.000Z,W4140857,9121,46.19811,6.32928,30990.7,-96.5,33.7,238.0,-39.7,0.3,-1.0,RS41-SG,403.500,10.1,625,10,2.5,,
2026-01-31T01:05:58.000Z,W4140857,9122,46.19795,6.32891,30894.6,-96.9,34.6,238.3,-40.4,0.3,-1.0,RS41-SG,403.500,10.1,625,9,2.6,,
2026-01-31T01:05:59.000Z,W4140857,9123,46.19778,6.32854,30798.6,-96.5,34.2,236.8,-40.6,0.4,-1.0,RS41-SG,403.500,10.0,625,10,2.6,,
2026-01-31T01:06:00.000Z,W4140857,9124,46.19760,6.32816,30702.7,-96.5,35.8,235.8,-40.4,0.3,-1.0,RS41-SG,403.500,10.0,625,11,2.5,,
2026-01-31T01:06:01.000Z,W4140857,9125,46.19742,6.32778,30606.8,-96.4,36.2,236.2,-40.7,0.3,-1.0,RS41-SG,403.500,10.1,625,9,2.5,,
2026-01-31T01:06:02.000Z,W4140857,9126,46.19724,6.32740,30510.8,-96.4,34.9,235.6,-41.3,0.3,-1.0,RS41-SG,403.500,10.1,625,8,2.6,,
2026-01-31T01:06:03.000Z,W4140857,9127,46.19706,6.32703,30414.0,-97.7,36.3,234.1,-42.0,0.4,-1.0,RS41-SG,403.500,10.6,625,9,2.6,,
2026-01-31T01:06:04.000Z,W4140857,9128,46.19687,6.32665,30316.7,-97.3,36.3,234.6,-42.7,0.4,-1.0,RS41-SG,403.500,10.6,625,11,2.5,,
2026-01-31T01:06:05.000Z,W4140857,9129,46.19669,6.32627,30220.4,-96.6,35.7,234.4,-43.3,0.4,-1.0,RS41-SG,403.500,10.5,625,11,2.5,08:29:14,
2026-01-31T01:06:06.000Z,W4140857,9130,46.19649,6.32589,30124.2,-96.7,37.1,232.8,-43.3,0.5,-1.0,RS41-SG,403.500,10.5,625,11,2.5,08:29:14,
2026-01-31T01:06:07.000Z,W4140857,9131,46.19629,6.32552,30028.1,-96.4,36.2,232.9,-43.6,0.5,-1.0,RS41-SG,403.500,9.9,625,10,2.6,08:29:14,
2026-01-31T01:06:08.000Z,W4140857,9132,46.19610,6.32514,29932.5,-96.2,37.9,233.4,-43.7,0.5,-1.0,RS41-SG,403.500,10.2,625,9,2.6,08:29:14,
2026-01-31T01:06:09.000Z,W4140857,9133,46.19590,6.32475,29837.3,-95.4,36.6,233.3,-43.9,0.5,-1.0,RS41-SG,403.500,10.2,625,11,2.5,08:29:14,
2026-01-31T01:06:10.000Z,W4140857,9134,46.19570,6.32437,29743.2,-93.9,36.8,234.0,-44.1,0.5,-1.0,RS41-SG,403.500,9.9,625,11,2.5,08:29:14,
2026-01-31T01:06:11.000Z,W4140857,9135,46.19551,6.32399,29650.8,-91.9,36.9,233.3,-44.5,0.5,-1.0,RS41-SG,403.500,9.3,625,10,2.6,08:29:14,
2026-01-31T01:06:12.000Z,W4140857,9136,46.19530,6.32360,29558.8,-92.5,37.7,232.3,-44.5,0.5,-1.0,RS41-SG,403.500,9.6,625,10,2.6,08:29:14,
2026-01-31T01:06:13.000Z,W4140857,9137,46.19509,6.32321,29466.4,-92.8,38.5,232.4,-44.4,0.5,-1.0,RS41-SG,403.500,9.6,625,11,2.5,08:29:14,
2026-01-31T01:06:14.000Z,W4140857,9138,46.19489,6.32282,29374.4,-92.4,37.5,232.7,-44.3,0.5,-1.0,RS41-SG,403.500,9.7,625,11,2.5,08:29:14,
2026-01-31T01:06:15.000Z,W4140857,9139,46.19468,6.32243,29282.9,-91.5,37.9,233.4,-44.4,0.5,-1.0,RS41-SG,403.500,10.1,625,11,2.5,08:29:14,
2026-01-31T01:06:16.000Z,W4140857,9140,46.19448,6.32204,29191.8,-91.8,37.6,232.6,-44.3,0.5,-1.0,RS41-SG,403.500,10.1,625,10,2.6,08:29:14,
2026-01-31T01:06:17.000Z,W4140857,9141,46.19427,6.32165,29100.3,-91.8,38.6,231.5,-44.6,0.5,-1.0,RS41-SG,403.500,10.1,625,10,2.6,08:29:14,
2026-01-31T01:06:18.000Z,W4140857,9142,46.19406,6.32127,29009.0,-91.9,37.6,232.8,-44.8,0.5,-1.0,RS41-SG,403.500,10.1,625,8,2.6,08:29:14,
2026-01-31T01:06:19.000Z,W4140857,9143,46.19385,6.32088,28918.3,-91.0,37.5,231.6,-45.0,0.4,-1.0,RS41-SG,403.500,9.9,625,9,2.5,08:29:14,
2026-01-31T01:06:20.000Z,W4140857,9144,46.19365,6.32050,28827.4,-90.8,37.7,233.4,-45.4,0.5,-1.0,RS41-SG,403.500,10.0,625,10,2.5,08:29:14,
2026-01-31T01:06:21.000Z,W4140857,9145,46.19345,6.32011,28738.4,-88.4,36.4,233.2,-45.6,0.5,-1.0,RS41-SG,403.500,10.6,625,10,2.5,08:29:14,
2026-01-31T01:06:22.000Z,W4140857,9146,46.19325,6.31973,28650.8,-87.3,36.8,234.3,-45.9,0.5,-1.0,RS41-SG,403.500,10.6,625,10,2.5,08:29:14,
2026-01-31T01:06:23.000Z,W4140857,9147,46.19306,6.31935,28564.4,-86.7,36.0,233.9,-46.1,0.5,-1.0,RS41-SG,403.500,9.3,625,10,2.6,08:29:14,
2026-01-31T01:06:24.000Z,W4140857,9148,46.19287,6.31897,28478.2,-86.3,36.6,235.8,-46.0,0.5,-1.0,RS41-SG,403.500,9.3,625,10,2.6,08:29:14,
2026-01-31T01:06:25.000Z,W4140857,9149,46.19268,6.31858,28392.4,-86.4,36.5,234.7,-46.4,0.5,-1.0,RS41-SG,403.500,9.3,625,9,2.6,08:29:14,
2026-01-31T01:06:26.000Z,W4140857,9150,46.19249,6.31819,28305.9,-87.4,36.4,235.1,-46.5,0.5,-1.0,RS41-SG,403.500,8.7,625,10,2.5,08:29:14,
2026-01-31T01:06:27.000Z,W4140857,9151,46.19230,6.31779,28219.2,-86.8,37.4,236.5,-46.7,0.5,-1.0,RS41-SG,403.500,8.7,625,11,2.5,08:29:14,
2026-01-31T01:06:28.000Z,W4140857,9152,46.19212,6.31739,28134.6,-83.6,36.8,236.4,-47.2,0.5,-1.0,RS41-SG,403.500,8.9,625,11,2.5,08:29:14,
2026-01-31T01:06:29.000Z,W4140857,9153,46.19193,6.31699,28051.8,-83.1,38.2,236.4,-47.5,0.6,-1.0,RS41-SG,403.500,8.9,625,9,2.6,08:29:14,
2026-01-31T01:06:30.000Z,W4140857,9154,46.19174,6.31658,27969.5,-83.1,37.5,235.8,-47.4,0.6,-1.0,RS41-SG,403.500,8.9,625,9,2.6,08:29:14,
2026-01-31T01:06:31.000Z,W4140857,9155,46.19155,6.31618,27887.1,-83.5,37.6,234.9,-47.2,0.6,-1.0,RS41-SG,403.500,8.9,625,9,2.5,08:29:14,
2026-01-31T01:06:32.000Z,W4140857,9156,46.19135,6.31579,27803.9,-84.1,37.3,233.7,-47.0,0.5,-1.0,RS41-SG,403.500,8.3,625,10,2.5,08:29:14,
2026-01-31T01:06:33.000Z,W4140857,9157,46.19114,6.31540,27720.2,-84.3,38.5,232.4,-46.8,0.6,-1.0,RS41-SG,403.500,8.2,625,11,2.5,08:29:14,
2026-01-31T01:06:34.000Z,W4140857,9158,46.19094,6.31501,27635.8,-84.7,37.0,233.5,-46.6,0.5,-1.0,RS41-SG,403.500,7.9,625,11,2.6,08:29:14,
2026-01-31T01:06:35.000Z,W4140857,9159,46.19073,6.31462,27552.1,-83.6,37.5,231.9,-46.3,0.5,-1.0,RS41-SG,403.500,8.1,625,10,2.6,08:29:14,
2026-01-31T01:06:36.000Z,W4140857,9160,46.19052,6.31424,27468.6,-84.4,37.3,232.5,-45.9,0.5,-1.0,RS41-SG,403.500,8.1,625,8,2.6,08:29:14,
2026-01-31T01:06:37.000Z,W4140857,9161,46.19033,6.31386,27384.7,-84.1,35.7,233.8,-45.6,0.4,-1.0,RS41-SG,403.500,7.5,625,10,2.5,08:29:14,
2026-01-31T01:06:38.000Z,W4140857,9162,46.19014,6.31349,27301.2,-84.0,35.6,233.5,-45.4,0.4,-1.0,RS41-SG,403.500,7.9,625,10,2.5,08:29:14,
2026-01-31T01:06:39.000Z,W4140857,9163,46.18995,6.31312,27216.8,-84.5,35.1,235.0,-44.9,0.4,-1.0,RS41-SG,403.500,8.9,625,10,2.5,08:29:14,
2026-01-31T01:06:40.000Z,W4140857,9164,46.18977,6.31274,27132.9,-84.2,35.4,235.7,-44.7,0.4,-1.0,RS41-SG,403.500,8.9,625,10,2.6,08:29:14,
2026-01-31T01:06:41.000Z,W4140857,9165,46.18960,6.31236,27049.0,-84.0,34.8,238.5,-45.1,0.4,-1.0,RS41-SG,403.500,8.9,625,10,2.6,08:29:14,
2026-01-31T01:06:42.000Z,W4140857,9166,46.18944,6.31198,26965.5,-83.3,35.4,238.0,-45.3,0.4,-1.0,RS41-SG,403.500,8.6,625,10,2.5,08:29:14,
2026-01-31T01:06:43.000Z,W4140857,9167,46.18927,6.31159,26882.5,-83.2,35.9,240.0,-45.3,0.5,-1.0,RS41-SG,403.500,8.6,625,9,2.5,08:29:14,
2026-01-31T01:06:44.000Z,W4140857,9168,46.18911,6.31119,26800.2,-82.4,34.9,239.3,-45.3,0.4,-1.0,RS41-SG,403.500,8.3,625,10,2.5,08:29:14,
2026-01-31T01:06:45.000Z,W4140857,9169,46.18895,6.31079,26719.0,-81.3,36.4,240.3,-45.5,0.5,-1.0,RS41-SG,403.500,8.3,625,10,2.6,08:29:14,
2026-01-31T01:06:46.000Z,W4140857,9170,46.18879,6.31039,26638.5,-80.7,35.1,239.7,-45.7,0.5,-1.0,RS41-SG,403.500,8.5,625,9,2.6,08:29:14,
2026-01-31T01:06:47.000Z,W4140857,9171,46.18863,6.30999,26558.7,-79.8,36.0,240.8,-45.8,0.5,-1.0,RS41-SG,403.500,8.5,625,11,2.6,08:29:14,
2026-01-31T01:06:48.000Z,W4140857,9172,46.18848,6.30960,26479.6,-79.5,34.6,241.1,-45.8,0.5,-1.0,RS41-SG,403.500,8.4,625,11,2.5,08:29:14,
2026-01-31T01:06:49.000Z,W4140857,9173,46.18833,6.30920,26401.1,-78.7,35.2,240.5,-45.5,0.5,-1.0,RS41-SG,403.500,8.4,625,10,2.5,08:29:14,
2026-01-31T01:06:50.000Z,W4140857,9174,46.18818,6.30881,26322.8,-78.3,34.2,243.0,-45.3,0.4,-1.0,RS41-SG,403.500,8.4,625,10,2.5,08:29:14,
2026-01-31T01:06:51.000Z,W4140857,9175,46.18804,6.30842,26245.1,-77.4,34.1,242.5,-45.2,0.4,-1.0,RS41-SG,403.500,8.2,625,11,2.6,08:29:14,
2026-01-31T01:06:53.000Z,W4140857,9177,46.18777,6.30766,26091.2,-76.6,32.2,243.8,-44.9,0.4,-1.0,RS41-SG,403.500,8.9,625,10,2.5,08:29:14,
2026-01-31T01:06:54.000Z,W4140857,9178,46.18764,6.30728,26014.9,-77.1,32.8,244.3,-45.0,0.4,-1.0,RS41-SG,403.500,8.9,625,10,2.5,08:29:14,
2026-01-31T01:06:55.000Z,W4140857,9179,46.18752,6.30690,25938.7,-76.3,31.7,245.3,-45.0,0.4,-1.0,RS41-SG,403.500,8.1,625,9,2.5,08:29:14,
2026-01-31T01:06:56.000Z,W4140857,9180,46.18740,6.30653,25862.9,-76.2,32.8,244.3,-44.9,0.4,-1.0,RS41-SG,403.500,8.1,625,11,2.6,08:28:23,
2026-01-31T01:06:57.000Z,W4140857,9181,46.18728,6.30614,25786.7,-76.2,32.7,246.9,-44.7,0.4,-1.0,RS41-SG,403.500,7.8,625,9,2.6,08:28:23,
2026-01-31T01:06:58.000Z,W4140857,9182,46.18716,6.30576,25711.3,-75.5,32.4,245.9,-44.4,0.4,-1.0,RS41-SG,403.500,8.1,625,10,2.6,08:28:23,
2026-01-31T01:06:59.000Z,W4140857,9183,46.18704,6.30537,25636.5,-75.5,33.7,246.5,-44.0,0.4,-1.0,RS41-SG,403.500,8.1,625,8,2.5,08:28:23,
2026-01-31T01:07:00.000Z,W4140857,9184,46.18692,6.30497,25561.4,-74.9,32.9,247.3,-44.0,0.4,-1.0,RS41-SG,403.500,7.2,625,11,2.5,08:28:23,
2026-01-31T01:07:01.000Z,W4140857,9185,46.18681,6.30458,25487.0,-75.1,33.7,246.0,-43.8,0.4,-1.0,RS41-SG,403.500,7.9,625,11,2.5,08:28:23,
2026-01-31T01:07:02.000Z,W4140857,9186,46.18668,6.30418,25411.8,-75.4,34.2,246.9,-43.6,0.4,-1.0,RS41-SG,403.500,7.9,625,10,2.5,08:28:23,
2026-01-31T01:07:03.000Z,W4140857,9187,46.18656,6.30378,25337.4,-73.5,33.4,246.1,-43.2,0.4,-1.0,RS41-SG,403.500,7.6,625,10,2.6,08:28:23,
2026-01-31T01:07:04.000Z,W4140857,9188,46.18645,6.30338,25264.8,-72.6,33.2,247.3,-42.9,0.4,-1.0,RS41-SG,403.500,7.9,625,9,2.6,08:28:23,
2026-01-31T01:07:05.000Z,W4140857,9189,46.18633,6.30299,25192.5,-72.5,32.7,247.0,-42.7,0.3,-1.0,RS41-SG,403.500,7.9,625,10,2.6,08:28:23,
2026-01-31T01:07:06.000Z,W4140857,9190,46.18622,6.30260,25119.6,-73.0,32.6,246.9,-42.6,0.4,-1.0,RS41-SG,403.500,8.0,625,10,2.5,08:28:23,
2026-01-31T01:07:07.000Z,W4140857,9191,46.18610,6.30220,25047.5,-71.7,33.9,247.2,-42.7,0.4,-1.0,RS41-SG,403.500,8.4,625,9,2.5,08:28:23,
2026-01-31T01:07:08.000Z,W4140857,9192,46.18599,6.30180,24976.0,-71.9,33.6,248.3,-42.6,0.4,-1.0,RS41-SG,403.500,8.4,625,8,2.5,08:28:23,
2026-01-31T01:07:09.000Z,W4140857,9193,46.18588,6.30140,24904.4,-71.5,33.3,249.0,-42.6,0.4,-1.0,RS41-SG,403.500,8.4,625,10,2.6,08:28:23,
2026-01-31T01:07:10.000Z,W4140857,9194,46.18577,6.30100,24833.0,-71.2,32.9,249.4,-42.3,0.4,-1.0,RS41-SG,403.500,8.9,625,10,2.6,08:28:23,
2026-01-31T01:07:11.000Z,W4140857,9195,46.18566,6.30059,24762.0,-71.4,33.2,249.5,-42.0,0.4,-1.0,RS41-SG,403.500,9.1,625,11,2.5,08:28:23,
2026-01-31T01:07:12.000Z,W4140857,9196,46.18556,6.30019,24691.1,-71.0,33.6,249.4,-41.7,0.3,-1.0,RS41-SG,403.500,9.5,625,11,2.5,08:28:23,
2026-01-31T01:07:13.000Z,W4140857,9197,46.18546,6.29978,24620.7,-70.3,33.8,251.0,-41.7,0.4,-1.0,RS41-SG,403.500,9.9,625,10,2.5,08:28:23,
2026-01-31T01:07:14.000Z,W4140857,9198,46.18536,6.29937,24550.9,-69.9,33.1,251.7,-41.6,0.3,-1.0,RS41-SG,403.500,9.9,625,10,2.6,08:28:23,
2026-01-31T01:07:15.000Z,W4140857,9199,46.18526,6.29896,24481.1,-69.5,33.1,250.8,-41.6,0.4,-1.0,RS41-SG,403.500,10.0,625,10,2.6,08:28:23,
2026-01-31T01:07:16.000Z,W4140857,9200,46.18516,6.29856,24411.5,-69.5,33.6,249.7,-41.4,0.3,-1.0,RS41-SG,403.500,10.5,625,11,2.6,08:28:23,
2026-01-31T01:07:17.000Z,W4140857,9201,46.18506,6.29815,24342.2,-69.7,33.5,249.6,-41.3,0.3,-1.0,RS41-SG,403.500,10.5,625,9,2.5,08:28:23,
2026-01-31T01:07:18.000Z,W4140857,9202,46.18495,6.29775,24273.0,-69.8,33.4,249.1,-41.6,0.4,-1.0,RS41-SG,403.500,9.9,625,10,2.5,08:28:23,
2026-01-31T01:07:19.000Z,W4140857,9203,46.18484,6.29735,24203.8,-69.7,33.2,248.2,-41.6,0.4,-1.0,RS41-SG,403.500,10.1,625,9,2.5,08:28:23,
2026-01-31T01:07:20.000Z,W4140857,9204,46.18474,6.29695,24134.3,-69.6,32.9,248.6,-41.6,0.3,-1.0,RS41-SG,403.500,10.1,625,9,2.6,08:28:23,
2026-01-31T01:07:21.000Z,W4140857,9205,46.18463,6.29657,24064.3,-69.9,32.2,247.6,-41.5,0.3,-1.0,RS41-SG,403.500,10.0,625,11,2.6,08:28:23,
2026-01-31T01:07:22.000Z,W4140857,9206,46.18452,6.29619,23994.5,-70.2,31.9,247.5,-41.3,0.4,-1.0,RS41-SG,403.500,10.1,625,9,2.5,08:28:23,
2026-01-31T01:07:23.000Z,W4140857,9207,46.18441,6.29581,23925.3,-68.8,31.5,247.7,-41.6,0.4,-1.0,RS41-SG,403.500,10.1,625,9,2.5,08:28:23,
2026-01-31T01:07:24.000Z,W4140857,9208,46.18431,6.29544,23856.4,-69.3,30.8,247.6,-41.9,0.4,-1.0,RS41-SG,403.500,10.0,625,9,2.5,08:28:23,
2026-01-31T01:07:25.000Z,W4140857,9209,46.18420,6.29508,23786.9,-69.6,30.4,247.5,-42.3,0.4,-1.0,RS41-SG,403.500,10.0,625,10,2.6,08:28:23,
2026-01-31T01:07:26.000Z,W4140857,9210,46.18410,6.29473,23718.0,-68.8,28.9,248.2,-42.4,0.4,-1.0,RS41-SG,403.500,9.7,625,9,2.6,08:28:23,
2026-01-31T01:07:27.000Z,W4140857,9211,46.18401,6.29439,23648.8,-69.5,28.8,249.1,-42.2,0.4,-1.0,RS41-SG,403.500,9.7,625,10,2.6,08:28:23,
2026-01-31T01:07:28.000Z,W4140857,9212,46.18392,6.29404,23580.2,-68.7,28.1,249.4,-41.9,0.4,-1.0,RS41-SG,403.500,9.4,625,10,2.5,08:28:23,
2026-01-31T01:07:29.000Z,W4140857,9213,46.18383,6.29371,23512.5,-67.7,27.5,249.5,-41.6,0.4,-1.0,RS41-SG,403.500,9.4,625,10,2.5,08:28:23,
2026-01-31T01:07:30.000Z,W4140857,9214,46.18375,6.29338,23445.1,-67.1,27.5,250.4,-41.4,0.3,-1.0,RS41-SG,403.500,9.4,625,11,2.5,08:28:23,
2026-01-31T01:07:31.000Z,W4140857,9215,46.18367,6.29304,23378.0,-67.8,27.3,251.4,-41.1,0.3,-1.0,RS41-SG,403.500,9.1,625,9,2.5,08:28:23,
2026-01-31T01:07:32.000Z,W4140857,9216,46.18359,6.29271,23310.4,-67.7,26.8,252.7,-40.9,0.3,-1.0,RS41-SG,403.500,9.2,625,10,2.6,08:28:23,
2026-01-31T01:07:33.000Z,W4140857,9217,46.18352,6.29238,23243.1,-67.2,26.0,253.3,-40.5,0.4,-1.0,RS41-SG,403.500,9.2,625,10,2.6,08:28:23,
2026-01-31T01:07:34.000Z,W4140857,9218,46.18346,6.29206,23176.4,-66.7,25.8,255.3,-40.3,0.3,-1.0,RS41-SG,403.500,8.9,625,10,2.6,08:28:23,
2026-01-31T01:07:35.000Z,W4140857,9219,46.18340,6.29173,23109.7,-67.1,25.7,256.5,-40.6,0.3,-1.0,RS41-SG,403.500,8.9,625,11,2.5,08:28:23,
2026-01-31T01:07:36.000Z,W4140857,9220,46.18335,6.29141,23043.0,-66.6,25.0,257.7,-41.0,0.4,-1.0,RS41-SG,403.500,8.8,625,10,2.5,08:28:23,
2026-01-31T01:07:37.000Z,W4140857,9221,46.18330,6.29110,22977.1,-66.1,24.5,258.4,-41.0,0.4,-1.0,RS41-SG,403.500,8.8,625,11,2.5,08:28:23,
2026-01-31T01:07:38.000Z,W4140857,9222,46.18325,6.29079,22911.6,-65.5,24.2,258.2,-41.0,0.4,-1.0,RS41-SG,403.500,8.5,625,9,2.6,08:28:23,
2026-01-31T01:07:39.000Z,W4140857,9223,46.18321,6.29048,22846.5,-65.4,23.8,258.0,-41.6,0.4,-1.0,RS41-SG,403.500,8.5,625,9,2.6,08:28:23,
2026-01-31T01:07:40.000Z,W4140857,9224,46.18316,6.29018,22781.4,-65.0,23.9,257.9,-42.0,0.4,-1.0,RS41-SG,403.500,8.3,625,9,2.5,08:28:23,
2026-01-31T01:07:41.000Z,W4140857,9225,46.18311,6.28987,22716.8,-64.5,23.7,258.5,-42.2,0.4,-1.0,RS41-SG,403.500,7.9,625,10,2.5,08:28:23,
2026-01-31T01:07:42.000Z,W4140857,9226,46.18307,6.28957,22652.1,-64.8,23.3,257.8,-42.3,0.4,-1.0,RS41-SG,403.500,7.9,625,10,2.5,08:28:23,
2026-01-31T01:07:43.000Z,W4140857,9227,46.18302,6.28927,22587.1,-65.1,23.3,258.6,-42.2,0.4,-1.0,RS41-SG,403.500,7.8,625,11,2.6,08:28:23,
2026-01-31T01:07:45.000Z,W4140857,9229,46.18292,6.28870,22459.1,-63.4,22.7,253.8,-42.4,0.4,-1.0,RS41-SG,403.500,7.5,625,10,2.6,08:28:23,
2026-01-31T01:07:46.000Z,W4140857,9230,46.18287,6.28841,22395.2,-64.1,23.5,254.4,-42.6,0.4,-1.0,RS41-SG,403.500,7.6,625,10,2.5,08:28:23,
2026-01-31T01:07:48.000Z,W4140857,9232,46.18275,6.28784,22270.2,-60.8,21.8,253.0,-43.3,0.5,-1.0,RS41-SG,403.500,7.1,625,11,2.5,08:28:23,
2026-01-31T01:07:50.000Z,W4140857,9234,46.18264,6.28730,22151.3,-58.7,20.7,250.8,-43.0,0.5,-1.0,RS41-SG,403.500,7.4,625,9,2.6,08:28:23,
