timestamp,serial,frame,lat,lon,alt,vel_v,vel_h,heading,temp,humidity,pressure,type,freq_mhz,snr,f_error_hz,sats,batt_v,burst_timer,aux_data
2026-04-17T10:42:22.000Z,W1720727,3922,44.41972,7.76105,13839.7,4.5,10.9,127.9,-273.0,-1.0,-1.0,RS41,403.701,6.4,-500,10,2.7,,
2026-04-17T10:43:17.000Z,W1720727,3977,44.41633,7.76670,14077.0,3.3,11.6,130.0,-273.0,-1.0,-1.0,RS41,403.701,7.4,-500,10,2.7,,
2026-04-17T10:43:22.000Z,W1720727,3982,44.41598,7.76732,14098.3,3.8,12.0,126.6,-273.0,-1.0,-1.0,RS41,403.701,6.7,-500,10,2.7,,
2026-04-17T10:43:25.000Z,W1720727,3985,44.41581,7.76769,14110.8,3.4,11.4,119.6,-273.0,-1.0,-1.0,RS41,403.701,7.5,-500,10,2.8,,
2026-04-17T10:43:34.000Z,W1720727,3994,44.41525,7.76863,14150.4,4.4,12.8,131.6,-273.0,-1.0,-1.0,RS41,403.701,6.9,-500,9,2.7,,
2026-04-17T10:45:44.000Z,W1720727,4124,44.40889,7.78494,14727.0,4.7,13.8,112.0,-273.0,-1.0,-1.0,RS41,403.701,6.6,-500,10,2.8,,
2026-04-17T10:45:51.000Z,W1720727,4131,44.40854,7.78603,14760.5,5.3,13.1,113.7,-273.0,-1.0,-1.0,RS41,403.701,7.5,-500,10,2.7,,
2026-04-17T10:57:14.001Z,W1720727,4814,44.38480,7.84035,17957.6,5.4,4.4,151.3,-273.0,-1.0,-1.0,RS41,403.701,7.3,-500,9,2.6,,
2026-04-17T10:57:55.001Z,W1720727,4855,44.38369,7.84187,18154.7,4.5,4.2,126.2,-273.0,-1.0,-1.0,RS41,403.701,6.9,-500,9,2.6,,
2026-04-17T10:58:55.001Z,W1720727,4915,44.38195,7.84551,18441.7,5.5,3.9,131.4,-273.0,-1.0,-1.0,RS41,403.701,7.5,-500,9,2.6,,
2026-04-17T10:59:03.001Z,W1720727,4923,44.38168,7.84585,18481.4,4.6,5.9,138.7,-273.0,-1.0,-1.0,RS41,403.701,6.8,-500,9,2.6,,
2026-04-17T10:59:58.001Z,W1720727,4978,44.38023,7.84839,18744.3,5.5,7.8,144.2,-273.0,-1.0,-1.0,RS41,403.701,6.8,-875,9,2.6,,
2026-04-17T11:00:14.001Z,W1720727,4994,44.37977,7.84879,18825.9,5.0,3.8,162.0,-273.0,-1.0,-1.0,RS41,403.701,7.0,-500,9,2.6,,
2026-04-17T11:00:55.001Z,W1720727,5035,44.37970,7.84935,19035.8,6.0,3.0,45.3,-273.0,-1.0,-1.0,RS41,403.701,7.1,-500,9,2.6,,
2026-04-17T11:01:00.001Z,W1720727,5040,44.37988,7.84948,19061.7,4.3,5.4,9.8,-273.0,-1.0,-1.0,RS41,403.701,6.5,-875,9,2.7,,
2026-04-17T11:01:08.001Z,W1720727,5048,44.38009,7.84980,19103.0,4.9,5.3,96.1,-273.0,-1.0,-1.0,RS41,403.701,7.1,-500,9,2.6,,
2026-04-17T11:01:11.001Z,W1720727,5051,44.38009,7.84997,19117.9,5.8,4.3,74.8,-273.0,-1.0,-1.0,RS41,403.701,7.3,-500,9,2.6,,
2026-04-17T11:01:12.001Z,W1720727,5052,44.38011,7.85002,19122.9,4.5,4.8,68.0,-273.0,-1.0,-1.0,RS41,403.701,7.7,-875,9,2.7,,
2026-04-17T11:01:13.001Z,W1720727,5053,44.38013,7.85007,19128.1,5.8,4.9,58.2,-273.0,-1.0,-1.0,RS41,403.701,7.7,-500,9,2.7,,
2026-04-17T11:01:28.001Z,W1720727,5068,44.38028,7.85098,19203.3,4.3,3.2,87.3,-273.0,-1.0,-1.0,RS41,403.701,7.2,-500,9,2.7,,
2026-04-17T11:01:40.001Z,W1720727,5080,44.38026,7.85141,19258.7,4.2,4.9,129.0,-273.0,-1.0,-1.0,RS41,403.701,7.1,-500,9,2.7,,
2026-04-17T11:01:42.001Z,W1720727,5082,44.38021,7.85148,19268.5,5.0,2.9,154.4,-273.0,-1.0,-1.0,RS41,403.701,6.7,-500,8,2.7,,
2026-04-17T11:01:46.001Z,W1720727,5086,44.38014,7.85149,19287.8,4.8,1.6,164.7,-273.0,-1.0,-1.0,RS41,403.701,6.8,-500,9,2.6,,
2026-04-17T11:01:48.001Z,W1720727,5088,44.38012,7.85149,19297.4,5.6,0.9,173.1,-273.0,-1.0,-1.0,RS41,403.701,7.1,-875,9,2.7,,
2026-04-17T11:01:49.001Z,W1720727,5089,44.38011,7.85150,19302.7,5.0,0.7,167.9,-273.0,-1.0,-1.0,RS41,403.701,7.1,-500,9,2.7,,
2026-04-17T11:01:50.001Z,W1720727,5090,44.38011,7.85150,19307.9,4.7,1.0,146.1,-273.0,-1.0,-1.0,RS41,403.701,7.3,-500,9,2.6,,
2026-04-17T11:01:51.001Z,W1720727,5091,44.38010,7.85151,19313.1,4.8,1.9,141.1,-273.0,-1.0,-1.0,RS41,403.701,7.3,-500,9,2.6,,
2026-04-17T11:01:53.001Z,W1720727,5093,44.38006,7.85155,19322.7,4.7,3.3,146.8,-273.0,-1.0,-1.0,RS41,403.701,7.0,-500,9,2.6,,
2026-04-17T11:01:56.001Z,W1720727,5096,44.37998,7.85157,19337.4,4.4,2.4,202.8,-273.0,-1.0,-1.0,RS41,403.701,7.8,-500,9,2.7,,
2026-04-17T11:02:12.001Z,W1720727,5112,44.38003,7.85161,19418.5,5.0,4.2,60.4,-273.0,-1.0,-1.0,RS41,403.701,7.0,-500,9,2.6,,
2026-04-17T11:02:18.001Z,W1720727,5118,44.38009,7.85176,19447.6,4.3,1.4,62.1,-273.0,-1.0,-1.0,RS41,403.701,6.5,-500,9,2.6,,
2026-04-17T11:02:20.001Z,W1720727,5120,44.38011,7.85179,19456.7,5.0,2.2,44.5,-273.0,-1.0,-1.0,RS41,403.701,6.8,-500,9,2.6,,
2026-04-17T11:02:28.001Z,W1720727,5128,44.38033,7.85208,19496.0,5.4,5.1,50.9,-273.0,-1.0,-1.0,RS41,403.701,6.7,-500,9,2.6,,
2026-04-17T11:02:36.001Z,W1720727,5136,44.38045,7.85239,19533.4,4.8,3.2,80.1,-273.0,-1.0,-1.0,RS41,403.701,7.3,-500,9,2.7,,
2026-04-17T11:02:44.001Z,W1720727,5144,44.38060,7.85289,19569.3,4.5,4.0,62.3,-273.0,-1.0,-1.0,RS41,403.701,7.3,-500,9,2.7,,
2026-04-17T11:02:46.001Z,W1720727,5146,44.38063,7.85297,19579.3,3.8,3.6,70.7,-273.0,-1.0,-1.0,RS41,403.701,7.6,-875,9,2.6,,
2026-04-17T11:02:56.001Z,W1720727,5156,44.38076,7.85363,19626.3,4.8,6.0,79.9,-273.0,-1.0,-1.0,RS41,403.701,6.6,-500,9,2.6,,
2026-04-17T11:03:00.001Z,W1720727,5160,44.38077,7.85386,19645.8,5.0,3.1,97.8,-273.0,-1.0,-1.0,RS41,403.701,7.5,-500,9,2.6,,
2026-04-17T11:03:08.001Z,W1720727,5168,44.38068,7.85416,19685.3,5.5,4.4,106.4,-273.0,-1.0,-1.0,RS41,403.701,7.6,-500,9,2.6,,
2026-04-17T11:03:40.001Z,W1720727,5200,44.38036,7.85486,19845.4,4.3,1.3,151.4,-273.0,-1.0,-1.0,RS41,403.701,7.5,-500,9,2.7,,
2026-04-17T11:04:25.001Z,W1720727,5245,44.38132,7.85418,20063.8,4.4,4.3,17.3,-273.0,-1.0,-1.0,RS41,403.701,7.2,-500,9,2.6,,
2026-04-17T11:04:26.001Z,W1720727,5246,44.38136,7.85420,20068.6,5.0,4.6,18.5,-273.0,-1.0,-1.0,RS41,403.701,7.2,-500,9,2.6,,
2026-04-17T11:04:32.001Z,W1720727,5252,44.38152,7.85428,20097.8,3.4,3.2,55.8,-273.0,-1.0,-1.0,RS41,403.701,7.3,-500,9,2.6,,
2026-04-17T11:04:33.001Z,W1720727,5253,44.38153,7.85432,20101.7,3.9,3.2,59.4,-273.0,-1.0,-1.0,RS41,403.701,7.3,-500,9,2.6,,
2026-04-17T11:04:34.001Z,W1720727,5254,44.38155,7.85435,20106.1,5.4,3.0,56.7,-273.0,-1.0,-1.0,RS41,403.701,7.4,-500,9,2.6,,
2026-04-17T11:04:38.001Z,W1720727,5258,44.38165,7.85446,20125.7,3.5,4.7,33.9,-273.0,-1.0,-1.0,RS41,403.701,6.8,-500,9,2.6,,
2026-04-17T11:04:41.001Z,W1720727,5261,44.38176,7.85454,20140.4,4.7,4.0,22.6,-273.0,-1.0,-1.0,RS41,403.701,7.3,-500,9,2.6,,
2026-04-17T11:04:43.001Z,W1720727,5263,44.38181,7.85459,20150.8,5.2,3.1,60.6,-273.0,-1.0,-1.0,RS41,403.701,7.1,-875,9,2.7,,
2026-04-17T11:04:45.001Z,W1720727,5265,44.38181,7.85465,20159.8,4.3,2.5,115.5,-273.0,-1.0,-1.0,RS41,403.701,7.1,-875,9,2.6,,
2026-04-17T11:04:48.001Z,W1720727,5268,44.38177,7.85471,20175.0,6.3,1.8,131.9,-273.0,-1.0,-1.0,RS41,403.701,6.9,-500,9,2.6,,
2026-04-17T11:04:49.001Z,W1720727,5269,44.38176,7.85473,20180.4,4.4,2.0,106.0,-273.0,-1.0,-1.0,RS41,403.701,7.1,-500,9,2.7,,
2026-04-17T11:04:57.001Z,W1720727,5277,44.38179,7.85504,20222.1,4.8,3.8,93.3,-273.0,-1.0,-1.0,RS41,403.701,7.0,-500,9,2.7,,
2026-04-17T11:05:02.001Z,W1720727,5282,44.38172,7.85530,20245.9,5.1,4.9,114.4,-273.0,-1.0,-1.0,RS41,403.701,6.8,-500,9,2.6,,
2026-04-17T11:05:04.001Z,W1720727,5284,44.38169,7.85539,20256.5,5.5,3.0,115.5,-273.0,-1.0,-1.0,RS41,403.701,6.9,-500,9,2.7,,
2026-04-17T11:05:05.001Z,W1720727,5285,44.38168,7.85542,20262.1,5.6,2.6,109.6,-273.0,-1.0,-1.0,RS41,403.701,7.7,-500,9,2.7,,
2026-04-17T11:05:06.001Z,W1720727,5286,44.38168,7.85545,20266.9,3.3,2.7,102.8,-273.0,-1.0,-1.0,RS41,403.701,7.7,-500,9,2.6,,
2026-04-17T11:05:12.001Z,W1720727,5292,44.38163,7.85562,20296.7,4.4,4.1,119.4,-273.0,-1.0,-1.0,RS41,403.701,7.6,-500,9,2.7,,
2026-04-17T11:05:13.001Z,W1720727,5293,44.38161,7.85566,20301.9,5.1,4.5,125.2,-273.0,-1.0,-1.0,RS41,403.701,7.9,-500,9,2.6,,
2026-04-17T11:05:15.001Z,W1720727,5295,44.38155,7.85575,20312.4,5.4,4.7,135.1,-273.0,-1.0,-1.0,RS41,403.701,6.8,-875,9,2.6,,
2026-04-17T11:05:16.001Z,W1720727,5296,44.38152,7.85579,20317.8,6.0,4.8,132.6,-273.0,-1.0,-1.0,RS41,403.701,6.7,-500,9,2.6,,
2026-04-17T11:05:17.001Z,W1720727,5297,44.38150,7.85583,20322.8,4.6,5.1,129.8,-273.0,-1.0,-1.0,RS41,403.701,6.7,-500,9,2.7,,
2026-04-17T11:05:18.001Z,W1720727,5298,44.38147,7.85588,20328.0,5.7,4.8,131.3,-273.0,-1.0,-1.0,RS41,403.701,6.5,-500,9,2.7,,
2026-04-17T11:05:19.001Z,W1720727,5299,44.38144,7.85592,20333.2,4.9,4.1,138.0,-273.0,-1.0,-1.0,RS41,403.701,7.8,-500,9,2.7,,
2026-04-17T11:05:20.001Z,W1720727,5300,44.38141,7.85595,20338.2,4.8,3.8,146.3,-273.0,-1.0,-1.0,RS41,403.701,8.3,-500,9,2.6,,
2026-04-17T11:05:21.001Z,W1720727,5301,44.38138,7.85598,20343.7,6.0,4.2,145.1,-273.0,-1.0,-1.0,RS41,403.701,8.7,-500,9,2.6,,
2026-04-17T11:05:22.001Z,W1720727,5302,44.38135,7.85601,20348.5,3.5,4.5,140.7,-273.0,-1.0,-1.0,RS41,403.701,8.7,-500,9,2.6,,
2026-04-17T11:05:23.001Z,W1720727,5303,44.38132,7.85605,20352.8,5.5,4.8,142.8,-273.0,-1.0,-1.0,RS41,403.701,9.1,-500,9,2.6,,
2026-04-17T11:05:24.001Z,W1720727,5304,44.38128,7.85608,20358.3,5.8,4.8,150.6,-273.0,-1.0,-1.0,RS41,403.701,9.1,-500,9,2.7,,
2026-04-17T11:05:27.001Z,W1720727,5307,44.38116,7.85616,20374.8,4.1,5.2,152.5,-273.0,-1.0,-1.0,RS41,403.701,6.7,-500,9,2.6,,
2026-04-17T11:05:28.001Z,W1720727,5308,44.38112,7.85619,20379.4,5.1,5.0,151.4,-273.0,-1.0,-1.0,RS41,403.701,6.7,-500,9,2.6,,
2026-04-17T11:05:29.001Z,W1720727,5309,44.38108,7.85621,20384.3,4.9,4.8,158.4,-273.0,-1.0,-1.0,RS41,403.701,6.8,-500,9,2.6,,
2026-04-17T11:05:34.001Z,W1720727,5314,44.38091,7.85629,20407.4,4.1,3.7,156.3,-273.0,-1.0,-1.0,RS41,403.701,6.5,-500,9,2.6,,
2026-04-17T11:05:37.001Z,W1720727,5317,44.38077,7.85634,20422.1,4.5,7.0,168.5,-273.0,-1.0,-1.0,RS41,403.701,7.0,-500,10,2.7,,
2026-04-17T11:05:38.001Z,W1720727,5318,44.38071,7.85636,20427.0,4.5,7.5,168.8,-273.0,-1.0,-1.0,RS41,403.701,7.9,-500,10,2.7,,
2026-04-17T11:05:40.001Z,W1720727,5320,44.38059,7.85641,20437.6,5.9,5.8,154.3,-273.0,-1.0,-1.0,RS41,403.701,6.8,-500,10,2.6,,
2026-04-17T11:05:44.001Z,W1720727,5324,44.38049,7.85649,20456.8,5.0,1.7,196.9,-273.0,-1.0,-1.0,RS41,403.701,6.6,-500,10,2.7,,
2026-04-17T11:05:45.001Z,W1720727,5325,44.38048,7.85647,20461.6,4.1,2.3,224.6,-273.0,-1.0,-1.0,RS41,403.701,7.9,-500,10,2.7,,
2026-04-17T11:05:47.001Z,W1720727,5327,44.38045,7.85642,20471.1,5.1,2.2,238.1,-273.0,-1.0,-1.0,RS41,403.701,7.9,-500,10,2.6,,
2026-04-17T11:05:52.001Z,W1720727,5332,44.38037,7.85641,20496.1,5.1,3.6,173.4,-273.0,-1.0,-1.0,RS41,403.701,7.2,-500,10,2.7,,
2026-04-17T11:05:53.001Z,W1720727,5333,44.38034,7.85641,20501.0,4.3,3.9,174.2,-273.0,-1.0,-1.0,RS41,403.701,8.1,-500,10,2.6,,
2026-04-17T11:05:54.001Z,W1720727,5334,44.38030,7.85642,20505.8,5.1,3.6,166.1,-273.0,-1.0,-1.0,RS41,403.701,8.1,-500,10,2.6,,
2026-04-17T11:06:01.001Z,W1720727,5341,44.38027,7.85646,20539.4,4.4,1.3,267.2,-273.0,-1.0,-1.0,RS41,403.701,7.0,-500,10,2.6,,
2026-04-17T11:06:03.001Z,W1720727,5343,44.38026,7.85645,20549.3,5.3,1.4,136.8,-273.0,-1.0,-1.0,RS41,403.701,7.0,-500,10,2.6,,
2026-04-17T11:06:06.001Z,W1720727,5346,44.38023,7.85650,20563.0,5.2,1.3,130.5,-273.0,-1.0,-1.0,RS41,403.701,6.9,-500,10,2.7,,
2026-04-17T11:06:07.001Z,W1720727,5347,44.38023,7.85651,20568.4,4.9,1.0,185.8,-273.0,-1.0,-1.0,RS41,403.701,7.1,-500,10,2.6,,
2026-04-17T11:06:08.001Z,W1720727,5348,44.38022,7.85650,20573.1,4.0,1.4,220.5,-273.0,-1.0,-1.0,RS41,403.701,8.3,-500,10,2.6,,
2026-04-17T11:06:09.001Z,W1720727,5349,44.38021,7.85649,20577.5,4.6,1.8,217.1,-273.0,-1.0,-1.0,RS41,403.701,8.3,-500,10,2.6,,
2026-04-17T11:06:11.001Z,W1720727,5351,44.38018,7.85647,20587.2,4.2,1.6,190.2,-273.0,-1.0,-1.0,RS41,403.701,6.3,-500,10,2.7,,
2026-04-17T11:06:12.001Z,W1720727,5352,44.38017,7.85647,20591.7,4.4,0.7,181.8,-273.0,-1.0,-1.0,RS41,403.701,6.8,-500,10,2.7,,
2026-04-17T11:06:14.001Z,W1720727,5354,44.38018,7.85646,20602.3,4.7,1.9,342.1,-273.0,-1.0,-1.0,RS41,403.701,7.2,-500,10,2.6,,
2026-04-17T11:06:16.001Z,W1720727,5356,44.38022,7.85646,20612.5,4.7,2.3,2.8,-273.0,-1.0,-1.0,RS41,403.701,7.5,-500,10,2.6,,
2026-04-17T11:06:17.001Z,W1720727,5357,44.38024,7.85646,20616.7,3.7,2.0,12.5,-273.0,-1.0,-1.0,RS41,403.701,7.8,-500,10,2.6,,
2026-04-17T11:06:18.001Z,W1720727,5358,44.38026,7.85646,20620.9,5.2,2.1,16.1,-273.0,-1.0,-1.0,RS41,403.701,8.9,-500,10,2.7,,
2026-04-17T11:06:19.001Z,W1720727,5359,44.38027,7.85647,20626.4,5.7,1.8,359.2,-273.0,-1.0,-1.0,RS41,403.701,8.9,-500,10,2.7,,
2026-04-17T11:06:20.001Z,W1720727,5360,44.38029,7.85647,20631.8,4.7,1.4,341.9,-273.0,-1.0,-1.0,RS41,403.701,7.0,-500,10,2.7,,
2026-04-17T11:06:26.001Z,W1720727,5366,44.38025,7.85641,20662.6,5.3,2.3,255.5,-273.0,-1.0,-1.0,RS41,403.701,8.4,-500,10,2.7,,
2026-04-17T11:06:27.001Z,W1720727,5367,44.38025,7.85638,20667.4,3.8,2.5,285.3,-273.0,-1.0,-1.0,RS41,403.701,8.4,-500,10,2.7,,
2026-04-17T11:06:54.001Z,W1720727,5394,44.38039,7.85686,20795.7,4.2,3.0,117.5,-273.0,-1.0,-1.0,RS41,403.701,7.1,-500,10,2.7,,
2026-04-17T11:06:55.001Z,W1720727,5395,44.38038,7.85690,20800.7,5.6,3.3,121.1,-273.0,-1.0,-1.0,RS41,403.701,7.1,-500,10,2.7,,
2026-04-17T11:07:02.001Z,W1720727,5402,44.38022,7.85696,20834.4,4.9,4.3,202.8,-273.0,-1.0,-1.0,RS41,403.701,7.3,-500,10,2.7,,
2026-04-17T11:07:04.001Z,W1720727,5404,44.38013,7.85694,20844.1,4.2,5.3,181.1,-273.0,-1.0,-1.0,RS41,403.701,7.3,-500,10,2.6,,
2026-04-17T11:07:06.001Z,W1720727,5406,44.38004,7.85697,20852.9,4.1,5.0,150.8,-273.0,-1.0,-1.0,RS41,403.701,7.1,-875,10,2.6,,
2026-04-17T11:07:07.001Z,W1720727,5407,44.38001,7.85700,20857.2,4.3,4.5,141.7,-273.0,-1.0,-1.0,RS41,403.701,7.1,-875,10,2.7,,
2026-04-17T11:07:08.001Z,W1720727,5408,44.37998,7.85703,20861.9,4.9,3.9,143.0,-273.0,-1.0,-1.0,RS41,403.701,6.8,-500,10,2.7,,
2026-04-17T11:07:09.001Z,W1720727,5409,44.37995,7.85706,20867.1,5.2,3.5,155.3,-273.0,-1.0,-1.0,RS41,403.701,7.2,-500,10,2.7,,
2026-04-17T11:07:10.001Z,W1720727,5410,44.37992,7.85707,20871.9,3.8,3.7,171.1,-273.0,-1.0,-1.0,RS41,403.701,8.1,-500,10,2.6,,
2026-04-17T11:07:11.001Z,W1720727,5411,44.37988,7.85707,20876.1,4.1,4.4,177.0,-273.0,-1.0,-1.0,RS41,403.701,8.1,-500,10,2.6,,
2026-04-17T11:07:16.001Z,W1720727,5416,44.37967,7.85713,20900.8,4.3,5.0,167.5,-273.0,-1.0,-1.0,RS41,403.701,6.4,-500,10,2.7,,
2026-04-17T11:07:18.001Z,W1720727,5418,44.37960,7.85713,20911.0,4.8,3.8,190.9,-273.0,-1.0,-1.0,RS41,403.701,7.6,-500,10,2.6,,
2026-04-17T11:07:21.001Z,W1720727,5421,44.37954,7.85711,20925.2,5.6,0.8,157.5,-273.0,-1.0,-1.0,RS41,403.701,6.9,-500,10,2.7,,
2026-04-17T11:07:26.001Z,W1720727,5426,44.37946,7.85718,20950.2,4.8,4.2,161.8,-273.0,-1.0,-1.0,RS41,403.701,7.8,-500,10,2.6,,
2026-04-17T11:07:28.001Z,W1720727,5428,44.37938,7.85722,20959.8,4.8,5.3,159.3,-273.0,-1.0,-1.0,RS41,403.701,6.7,-500,10,2.7,,
2026-04-17T11:07:34.001Z,W1720727,5434,44.37924,7.85716,20989.1,4.1,1.9,226.4,-273.0,-1.0,-1.0,RS41,403.701,8.1,-500,10,2.6,,
2026-04-17T11:07:37.001Z,W1720727,5437,44.37919,7.85711,21004.4,4.7,3.2,205.8,-273.0,-1.0,-1.0,RS41,403.701,7.4,-500,10,2.7,,
2026-04-17T11:07:38.001Z,W1720727,5438,44.37916,7.85709,21009.9,5.9,3.7,189.8,-273.0,-1.0,-1.0,RS41,403.701,7.4,-500,10,2.6,,
2026-04-17T11:07:39.001Z,W1720727,5439,44.37912,7.85709,21015.1,3.9,4.1,178.5,-273.0,-1.0,-1.0,RS41,403.701,7.7,-500,10,2.6,,
2026-04-17T11:07:40.001Z,W1720727,5440,44.37909,7.85709,21020.0,5.7,4.2,175.5,-273.0,-1.0,-1.0,RS41,403.701,7.7,-500,10,2.6,,
2026-04-17T11:07:41.001Z,W1720727,5441,44.37905,7.85709,21023.5,6.7,3.6,187.3,-273.0,-1.0,-1.0,RS41-SG,403.701,9.6,-500,10,2.6,,
2026-04-17T11:07:42.001Z,W1720727,5442,44.37902,7.85708,21029.3,5.1,3.5,204.6,-273.0,-1.0,-1.0,RS41-SG,403.701,9.6,-500,10,2.7,,
2026-04-17T11:07:43.001Z,W1720727,5443,44.37900,7.85706,21034.4,5.0,3.2,218.9,-273.0,-1.0,-1.0,RS41-SG,403.701,7.5,-500,10,2.7,,
2026-04-17T11:07:44.001Z,W1720727,5444,44.37897,7.85703,21039.8,5.4,3.2,223.9,-273.0,-1.0,-1.0,RS41-SG,403.701,7.2,-500,10,2.7,,
2026-04-17T11:07:45.001Z,W1720727,5445,44.37895,7.85700,21045.0,4.8,3.5,227.7,-273.0,-1.0,-1.0,RS41-SG,403.701,7.0,-500,10,2.6,,
2026-04-17T11:07:47.001Z,W1720727,5447,44.37891,7.85691,21055.2,5.3,4.6,248.9,-273.0,-1.0,-1.0,RS41-SG,403.701,7.3,-500,10,2.6,,
2026-04-17T11:07:49.001Z,W1720727,5449,44.37889,7.85680,21066.3,6.2,4.8,246.2,-273.0,-1.0,-1.0,RS41-SG,403.701,7.6,-500,10,2.7,,
2026-04-17T11:07:50.001Z,W1720727,5450,44.37887,7.85675,21071.5,3.9,4.3,238.9,-273.0,-1.0,-1.0,RS41-SG,403.701,8.6,-500,10,2.7,,
2026-04-17T11:07:51.001Z,W1720727,5451,44.37885,7.85670,21075.9,4.7,4.0,232.5,-273.0,-1.0,-1.0,RS41-SG,403.701,8.6,-500,10,2.7,,
2026-04-17T11:07:52.001Z,W1720727,5452,44.37883,7.85667,21081.3,5.8,3.7,236.9,-273.0,-1.0,-1.0,RS41-SG,403.701,8.6,-500,10,2.6,,
2026-04-17T11:07:53.001Z,W1720727,5453,44.37881,7.85663,21086.8,4.7,3.5,242.1,-273.0,-1.0,-1.0,RS41-SG,403.701,8.4,-500,10,2.6,,
2026-04-17T11:07:55.001Z,W1720727,5455,44.37878,7.85657,21097.8,5.0,2.5,226.1,-273.0,-1.0,-1.0,RS41-SG,403.701,7.2,-500,10,2.6,,
2026-04-17T11:07:56.001Z,W1720727,5456,44.37877,7.85655,21102.9,5.2,2.0,222.0,-273.0,-1.0,-1.0,RS41-SG,403.701,7.5,-500,10,2.7,,
2026-04-17T11:07:57.001Z,W1720727,5457,44.37875,7.85653,21108.7,6.4,2.2,245.6,-273.0,-1.0,-1.0,RS41-SG,403.701,7.5,-500,10,2.7,,
2026-04-17T11:07:58.001Z,W1720727,5458,44.37875,7.85650,21113.6,3.1,2.8,257.3,-273.0,-1.0,-1.0,RS41-SG,403.701,7.5,-500,10,2.7,,
2026-04-17T11:07:59.001Z,W1720727,5459,44.37874,7.85646,21118.2,5.4,3.5,261.7,-273.0,-1.0,-1.0,RS41-SG,403.701,8.0,-500,10,2.6,,
2026-04-17T11:08:00.001Z,W1720727,5460,44.37874,7.85641,21123.9,5.7,3.6,261.4,-273.0,-1.0,-1.0,RS41-SG,403.701,8.0,-500,10,2.6,,
2026-04-17T11:08:01.001Z,W1720727,5461,44.37873,7.85637,21129.2,4.9,3.8,261.1,-273.0,-1.0,-1.0,RS41-SG,403.701,8.0,-500,10,2.6,,
2026-04-17T11:08:02.001Z,W1720727,5462,44.37873,7.85632,21134.7,6.2,4.4,267.8,-273.0,-1.0,-1.0,RS41-SG,403.701,8.0,-500,10,2.6,,
2026-04-17T11:08:04.001Z,W1720727,5464,44.37873,7.85619,21145.2,4.5,5.8,272.6,-273.0,-1.0,-1.0,RS41-SG,403.701,7.9,-500,10,2.7,,
2026-04-17T11:08:06.001Z,W1720727,5466,44.37873,7.85605,21155.5,5.5,4.7,266.6,-273.0,-1.0,-1.0,RS41-SG,403.701,9.1,-500,10,2.6,,
2026-04-17T11:08:07.001Z,W1720727,5467,44.37873,7.85600,21161.0,5.2,4.4,258.6,-273.0,-1.0,-1.0,RS41-SG,403.701,9.1,-500,10,2.6,,
2026-04-17T11:08:08.001Z,W1720727,5468,44.37871,7.85594,21166.1,4.7,4.5,249.9,-273.0,-1.0,-1.0,RS41-SG,403.701,7.4,-500,10,2.6,,
2026-04-17T11:08:09.001Z,W1720727,5469,44.37870,7.85588,21171.3,5.8,5.4,248.9,-273.0,-1.0,-1.0,RS41-SG,403.701,7.3,-500,10,2.6,,
2026-04-17T11:08:10.001Z,W1720727,5470,44.37868,7.85581,21176.8,5.4,6.3,254.8,-273.0,-1.0,-1.0,RS41-SG,403.701,7.5,-500,10,2.7,,
2026-04-17T11:08:11.001Z,W1720727,5471,44.37867,7.85573,21181.7,4.2,6.9,262.2,-273.0,-1.0,-1.0,RS41-SG,403.701,7.8,-500,10,2.7,,
2026-04-17T11:08:12.001Z,W1720727,5472,44.37867,7.85565,21186.7,5.4,7.0,270.3,-273.0,-1.0,-1.0,RS41-SG,403.701,7.8,-500,10,2.7,,
2026-04-17T11:08:13.001Z,W1720727,5473,44.37867,7.85556,21192.5,5.8,6.3,278.5,-273.0,-1.0,-1.0,RS41-SG,403.701,7.6,-875,10,2.6,,
2026-04-17T11:08:14.001Z,W1720727,5474,44.37868,7.85549,21198.0,5.1,5.8,289.3,-273.0,-1.0,-1.0,RS41-SG,403.701,9.2,-500,10,2.6,,
2026-04-17T11:08:15.001Z,W1720727,5475,44.37871,7.85542,21202.8,4.4,6.1,300.3,-273.0,-1.0,-1.0,RS41-SG,403.701,9.2,-500,10,2.6,,
2026-04-17T11:08:16.001Z,W1720727,5476,44.37874,7.85536,21207.5,5.2,6.7,306.8,-273.0,-1.0,-1.0,RS41-SG,403.701,7.3,-500,10,2.6,,
2026-04-17T11:08:17.001Z,W1720727,5477,44.37878,7.85529,21213.1,6.0,7.6,308.3,-273.0,-1.0,-1.0,RS41-SG,403.701,7.1,-500,10,2.7,,
2026-04-17T11:08:18.001Z,W1720727,5478,44.37882,7.85521,21218.6,5.1,7.9,306.4,-273.0,-1.0,-1.0,RS41-SG,403.701,7.5,-500,10,2.7,,
2026-04-17T11:08:20.001Z,W1720727,5480,44.37888,7.85505,21230.1,5.4,6.3,285.9,-273.0,-1.0,-1.0,RS41-SG,403.701,7.8,-500,10,2.6,,
2026-04-17T11:08:21.001Z,W1720727,5481,44.37889,7.85498,21234.7,3.3,5.9,272.8,-273.0,-1.0,-1.0,RS41-SG,403.701,7.8,-500,10,2.6,,
2026-04-17T11:08:22.001Z,W1720727,5482,44.37888,7.85491,21238.9,5.2,5.9,263.0,-273.0,-1.0,-1.0,RS41-SG,403.701,8.7,-500,10,2.6,,
2026-04-17T11:08:23.001Z,W1720727,5483,44.37888,7.85483,21244.3,5.8,6.2,264.5,-273.0,-1.0,-1.0,RS41-SG,403.701,8.7,-500,10,2.6,,
2026-04-17T11:08:24.001Z,W1720727,5484,44.37887,7.85475,21249.3,4.3,6.5,267.2,-273.0,-1.0,-1.0,RS41-SG,403.701,7.0,-500,10,2.7,,
2026-04-17T11:08:25.001Z,W1720727,5485,44.37887,7.85467,21254.4,5.8,6.4,271.0,-273.0,-1.0,-1.0,RS41-SG,403.701,8.1,-500,10,2.7,,
2026-04-17T11:08:27.001Z,W1720727,5487,44.37888,7.85452,21266.0,4.9,5.7,278.2,-273.0,-1.0,-1.0,RS41-SG,403.701,7.1,-500,10,2.6,,
2026-04-17T11:08:28.001Z,W1720727,5488,44.37889,7.85445,21271.7,5.8,5.9,292.8,-273.0,-1.0,-1.0,RS41-SG,403.701,7.3,-500,10,2.6,,
2026-04-17T11:08:29.001Z,W1720727,5489,44.37892,7.85438,21277.5,5.8,6.9,305.0,-273.0,-1.0,-1.0,RS41-SG,403.701,7.5,-500,10,2.6,,
2026-04-17T11:08:30.001Z,W1720727,5490,44.37896,7.85431,21282.8,4.9,7.7,308.7,-273.0,-1.0,-1.0,RS41-SG,403.701,8.0,-500,10,2.6,,
2026-04-17T11:08:36.001Z,W1720727,5496,44.37915,7.85385,21313.6,4.7,6.4,297.1,-273.0,-1.0,-1.0,RS41-SG,403.701,7.4,-500,10,2.6,,
2026-04-17T11:08:37.001Z,W1720727,5497,44.37918,7.85378,21318.5,5.0,5.8,301.6,-273.0,-1.0,-1.0,RS41-SG,403.701,8.1,-500,9,2.6,,
2026-04-17T11:08:38.001Z,W1720727,5498,44.37920,7.85372,21323.4,5.4,4.8,304.6,-273.0,-1.0,-1.0,RS41-SG,403.701,9.0,-500,10,2.7,,
2026-04-17T11:08:39.001Z,W1720727,5499,44.37922,7.85368,21328.7,5.3,3.8,303.0,-273.0,-1.0,-1.0,RS41-SG,403.701,9.0,-500,10,2.7,,
2026-04-17T11:08:40.001Z,W1720727,5500,44.37924,7.85364,21333.5,3.9,3.7,300.7,-273.0,-1.0,-1.0,RS41-SG,403.701,8.0,-500,10,2.7,,
2026-04-17T11:08:41.001Z,W1720727,5501,44.37926,7.85360,21337.8,4.3,4.3,300.7,-273.0,-1.0,-1.0,RS41-SG,403.701,7.9,-500,10,2.6,,
2026-04-17T11:08:42.001Z,W1720727,5502,44.37928,7.85355,21342.8,5.6,5.5,303.3,-273.0,-1.0,-1.0,RS41-SG,403.701,7.3,-500,10,2.6,,
2026-04-17T11:08:43.001Z,W1720727,5503,44.37931,7.85348,21348.0,4.9,6.7,304.8,-273.0,-1.0,-1.0,RS41-SG,403.701,7.4,-500,10,2.6,,
2026-04-17T11:08:45.001Z,W1720727,5505,44.37938,7.85333,21358.4,6.0,7.4,299.4,-273.0,-1.0,-1.0,RS41-SG,403.701,7.5,-500,10,2.7,,
2026-04-17T11:08:46.001Z,W1720727,5506,44.37941,7.85325,21363.5,4.3,6.7,298.0,-273.0,-1.0,-1.0,RS41-SG,403.701,8.3,-500,10,2.7,,
2026-04-17T11:08:47.001Z,W1720727,5507,44.37944,7.85318,21367.8,4.4,5.8,300.6,-273.0,-1.0,-1.0,RS41-SG,403.701,8.3,-500,10,2.7,,
2026-04-17T11:08:48.001Z,W1720727,5508,44.37947,7.85313,21372.6,4.7,5.4,309.5,-273.0,-1.0,-1.0,RS41-SG,403.701,8.6,-500,10,2.6,,
2026-04-17T11:08:49.001Z,W1720727,5509,44.37951,7.85308,21377.3,4.4,5.3,322.2,-273.0,-1.0,-1.0,RS41-SG,403.701,9.1,-500,10,2.6,,
2026-04-17T11:08:50.001Z,W1720727,5510,44.37954,7.85305,21382.1,5.0,4.9,334.9,-273.0,-1.0,-1.0,RS41-SG,403.701,9.1,-500,10,2.6,,
2026-04-17T11:08:51.001Z,W1720727,5511,44.37958,7.85303,21387.1,5.4,4.1,351.1,-273.0,-1.0,-1.0,RS41-SG,403.701,7.9,-500,10,2.6,,
2026-04-17T11:08:52.001Z,W1720727,5512,44.37962,7.85302,21391.7,4.1,3.6,357.4,-273.0,-1.0,-1.0,RS41-SG,403.701,7.9,-500,10,2.7,,
2026-04-17T11:08:53.001Z,W1720727,5513,44.37965,7.85302,21396.1,4.5,3.2,351.6,-273.0,-1.0,-1.0,RS41-SG,403.701,7.5,-500,10,2.7,,
2026-04-17T11:08:54.001Z,W1720727,5514,44.37967,7.85301,21401.2,5.2,3.4,329.8,-59.1,1.3,-1.0,RS41-SG,403.701,7.8,-500,10,2.7,,
2026-04-17T11:08:55.001Z,W1720727,5515,44.37970,7.85298,21406.8,5.9,4.4,310.5,-59.1,1.3,-1.0,RS41-SG,403.701,7.8,-500,10,2.6,,
2026-04-17T11:08:56.001Z,W1720727,5516,44.37973,7.85293,21411.9,4.0,5.3,301.4,-59.0,1.3,-1.0,RS41-SG,403.701,8.8,-500,10,2.6,,
2026-04-17T11:08:57.001Z,W1720727,5517,44.37975,7.85287,21415.9,4.0,5.6,296.5,-59.0,1.2,-1.0,RS41-SG,403.701,8.8,-500,10,2.6,,
2026-04-17T11:08:58.001Z,W1720727,5518,44.37977,7.85281,21420.8,5.8,5.1,298.3,-59.1,1.3,-1.0,RS41-SG,403.701,7.3,-500,10,2.6,,
2026-04-17T11:09:00.001Z,W1720727,5520,44.37981,7.85272,21430.9,4.2,3.6,320.8,-59.1,1.4,-1.0,RS41-SG,403.701,7.8,-500,10,2.7,,
2026-04-17T11:09:03.001Z,W1720727,5523,44.37993,7.85267,21445.0,4.5,5.7,351.5,-59.3,1.3,-1.0,RS41-SG,403.701,7.6,-500,10,2.6,,
2026-04-17T11:09:04.001Z,W1720727,5524,44.37998,7.85266,21449.5,4.5,6.5,355.9,-59.3,1.3,-1.0,RS41-SG,403.701,9.2,-500,10,2.6,,
2026-04-17T11:09:05.001Z,W1720727,5525,44.38004,7.85266,21454.3,5.6,6.6,2.4,-59.3,1.3,-1.0,RS41-SG,403.701,9.2,-875,10,2.6,,
2026-04-17T11:09:06.001Z,W1720727,5526,44.38010,7.85267,21459.8,5.5,6.2,8.3,-59.4,1.3,-1.0,RS41-SG,403.701,8.8,-500,10,2.7,,
2026-04-17T11:09:07.001Z,W1720727,5527,44.38015,7.85268,21464.9,4.8,5.5,9.6,-59.3,1.3,-1.0,RS41-SG,403.701,7.5,-500,9,2.7,,
2026-04-17T11:09:08.001Z,W1720727,5528,44.38019,7.85269,21469.7,4.9,4.6,0.2,-59.3,1.4,-1.0,RS41-SG,403.701,7.9,-500,10,2.7,,
2026-04-17T11:09:09.001Z,W1720727,5529,44.38023,7.85268,21474.8,4.8,4.1,342.4,-59.3,1.3,-1.0,RS41-SG,403.701,7.9,-875,10,2.6,,
2026-04-17T11:09:10.001Z,W1720727,5530,44.38026,7.85266,21479.8,4.7,4.2,321.9,-59.3,1.3,-1.0,RS41-SG,403.701,7.3,-500,10,2.6,,
2026-04-17T11:09:12.001Z,W1720727,5532,44.38032,7.85258,21488.7,4.8,4.0,316.3,-59.3,1.4,-1.0,RS41-SG,403.701,7.8,-500,10,2.6,,
2026-04-17T11:09:13.001Z,W1720727,5533,44.38034,7.85256,21494.1,6.3,3.0,332.7,-59.3,1.4,-1.0,RS41-SG,403.701,7.8,-500,10,2.7,,
2026-04-17T11:09:14.001Z,W1720727,5534,44.38037,7.85255,21499.6,4.9,2.5,358.6,-59.4,1.4,-1.0,RS41-SG,403.701,8.2,-500,10,2.7,,
2026-04-17T11:09:15.001Z,W1720727,5535,44.38039,7.85256,21504.2,4.2,3.0,24.6,-59.4,1.4,-1.0,RS41-SG,403.701,8.2,-500,10,2.7,,
2026-04-17T11:09:16.001Z,W1720727,5536,44.38042,7.85258,21509.2,4.8,4.0,28.9,-59.4,1.3,-1.0,RS41-SG,403.701,7.4,-875,10,2.6,,
2026-04-17T11:09:17.001Z,W1720727,5537,44.38045,7.85260,21514.6,5.4,4.9,23.9,-59.4,1.3,-1.0,RS41-SG,403.701,7.1,-500,10,2.6,,
2026-04-17T11:09:18.001Z,W1720727,5538,44.38050,7.85262,21519.5,4.5,5.4,19.3,-59.4,1.3,-1.0,RS41-SG,403.701,7.1,-500,10,2.6,,
2026-04-17T11:09:19.001Z,W1720727,5539,44.38054,7.85265,21524.5,5.6,5.8,21.8,-59.4,1.3,-1.0,RS41-SG,403.701,7.0,-500,10,2.6,,
2026-04-17T11:09:20.001Z,W1720727,5540,44.38059,7.85268,21529.6,5.1,5.9,27.8,-59.5,1.3,-1.0,RS41-SG,403.701,7.4,-500,10,2.7,,
2026-04-17T11:09:21.001Z,W1720727,5541,44.38064,7.85271,21534.5,4.7,5.7,30.6,-59.5,1.4,-1.0,RS41-SG,403.701,7.4,-500,10,2.7,,
2026-04-17T11:09:22.001Z,W1720727,5542,44.38068,7.85275,21540.0,6.2,4.9,26.3,-59.5,1.3,-1.0,RS41-SG,403.701,8.4,-500,10,2.7,,
2026-04-17T11:09:23.001Z,W1720727,5543,44.38072,7.85277,21546.1,5.4,4.0,14.8,-59.5,1.3,-1.0,RS41-SG,403.701,8.5,-500,10,2.6,,
2026-04-17T11:09:24.001Z,W1720727,5544,44.38075,7.85277,21551.0,4.3,3.3,3.4,-59.5,1.3,-1.0,RS41-SG,403.701,8.5,-500,10,2.6,,
2026-04-17T11:09:30.001Z,W1720727,5550,44.38082,7.85283,21583.7,4.8,1.9,52.7,-59.4,1.3,-1.0,RS41-SG,403.701,8.6,-500,10,2.6,,
2026-04-17T11:09:31.001Z,W1720727,5551,44.38083,7.85286,21589.1,5.9,3.2,59.5,-59.4,1.3,-1.0,RS41-SG,403.701,8.6,-500,10,2.6,,
2026-04-17T11:09:32.001Z,W1720727,5552,44.38085,7.85290,21594.4,4.9,4.4,60.5,-59.5,1.3,-1.0,RS41-SG,403.701,7.3,-500,10,2.6,,
2026-04-17T11:09:33.001Z,W1720727,5553,44.38087,7.85295,21599.5,5.6,5.0,54.8,-59.5,1.3,-1.0,RS41-SG,403.701,7.0,-875,10,2.6,,
2026-04-17T11:09:35.001Z,W1720727,5555,44.38093,7.85303,21610.2,4.5,4.7,36.6,-59.6,1.3,-1.0,RS41-SG,403.701,6.9,-500,10,2.7,,
2026-04-17T11:09:36.001Z,W1720727,5556,44.38096,7.85306,21615.2,5.4,4.2,35.0,-59.6,1.4,-1.0,RS41-SG,403.701,6.9,-500,9,2.7,,
2026-04-17T11:09:37.001Z,W1720727,5557,44.38099,7.85309,21620.6,5.0,3.6,40.3,-59.7,1.4,-1.0,RS41-SG,403.701,6.9,-500,9,2.6,,
2026-04-17T11:09:38.001Z,W1720727,5558,44.38101,7.85312,21625.5,4.2,2.8,45.1,-59.6,1.4,-1.0,RS41-SG,403.701,8.2,-500,10,2.6,,
2026-04-17T11:09:39.001Z,W1720727,5559,44.38102,7.85314,21630.5,5.5,1.3,47.2,-59.6,1.3,-1.0,RS41-SG,403.701,8.2,-500,10,2.6,,
2026-04-17T11:09:40.001Z,W1720727,5560,44.38103,7.85314,21635.5,4.9,0.2,301.6,-59.5,1.3,-1.0,RS41-SG,403.701,7.7,-500,10,2.6,,
2026-04-17T11:09:43.001Z,W1720727,5563,44.38101,7.85314,21651.9,4.3,1.3,131.6,-59.5,1.4,-1.0,RS41-SG,403.701,6.7,-500,10,2.7,,
2026-04-17T11:09:46.001Z,W1720727,5566,44.38102,7.85322,21667.4,5.4,3.4,57.1,-59.4,1.3,-1.0,RS41-SG,403.701,7.2,-875,10,2.6,,
2026-04-17T11:09:47.001Z,W1720727,5567,44.38104,7.85326,21672.7,5.5,4.4,52.2,-59.4,1.4,-1.0,RS41-SG,403.701,7.2,-500,10,2.6,,
2026-04-17T11:09:50.001Z,W1720727,5570,44.38112,7.85342,21687.5,4.6,5.3,57.3,-59.3,1.3,-1.0,RS41-SG,403.701,6.8,-500,10,2.7,,
2026-04-17T11:09:51.001Z,W1720727,5571,44.38114,7.85347,21693.0,5.8,4.4,49.1,-59.4,1.3,-1.0,RS41-SG,403.701,6.8,-875,10,2.6,,
2026-04-17T11:09:54.001Z,W1720727,5574,44.38120,7.85354,21708.6,5.0,1.3,44.8,-59.2,1.3,-1.0,RS41-SG,403.701,6.4,-500,10,2.6,,
2026-04-17T11:09:57.001Z,W1720727,5577,44.38121,7.85357,21723.1,5.0,1.2,63.2,-59.0,1.3,-1.0,RS41-SG,403.701,7.0,-500,10,2.7,,
2026-04-17T11:10:00.001Z,W1720727,5580,44.38125,7.85365,21738.2,5.5,3.9,63.7,-58.9,1.4,-1.0,RS41-SG,403.701,7.3,-500,10,2.6,,
2026-04-17T11:10:01.001Z,W1720727,5581,44.38127,7.85370,21744.0,5.9,4.5,64.2,-59.0,1.3,-1.0,RS41-SG,403.701,7.3,-500,10,2.6,,
2026-04-17T11:10:02.001Z,W1720727,5582,44.38128,7.85375,21749.9,6.2,4.2,59.0,-59.0,1.3,-1.0,RS41-SG,403.701,7.1,-875,10,2.7,,
2026-04-17T11:10:03.001Z,W1720727,5583,44.38130,7.85379,21755.3,4.7,3.8,49.9,-59.0,1.3,-1.0,RS41-SG,403.701,7.1,-500,10,2.7,,
2026-04-17T11:10:05.001Z,W1720727,5585,44.38134,7.85385,21766.2,6.1,2.8,55.8,-58.9,1.2,-1.0,RS41-SG,403.701,6.8,-500,10,2.6,,
2026-04-17T11:10:06.001Z,W1720727,5586,44.38135,7.85388,21771.7,4.6,2.5,66.0,-58.9,1.3,-1.0,RS41-SG,403.701,7.1,-500,9,2.6,,
2026-04-17T11:10:08.001Z,W1720727,5588,44.38137,7.85392,21782.3,5.8,1.3,63.9,-58.9,1.2,-1.0,RS41-SG,403.701,7.0,-500,10,2.6,,
2026-04-17T11:10:10.001Z,W1720727,5590,44.38138,7.85395,21792.7,5.8,1.8,45.2,-58.8,1.3,-1.0,RS41-SG,403.701,7.9,-875,10,2.7,,
2026-04-17T11:10:15.001Z,W1720727,5595,44.38146,7.85413,21818.4,4.8,4.0,51.0,-58.8,1.3,-1.0,RS41-SG,403.701,7.0,-500,10,2.6,,
2026-04-17T11:10:17.001Z,W1720727,5597,44.38150,7.85421,21829.1,6.1,3.7,78.3,-58.8,1.3,-1.0,RS41-SG,403.701,7.1,-875,10,2.7,,
2026-04-17T11:10:18.001Z,W1720727,5598,44.38150,7.85425,21834.4,4.2,3.8,90.3,-58.9,1.3,-1.0,RS41-SG,403.701,7.8,-500,10,2.7,,
2026-04-17T11:10:19.001Z,W1720727,5599,44.38150,7.85430,21838.9,4.6,3.7,102.2,-58.9,1.3,-1.0,RS41-SG,403.701,7.9,-500,10,2.6,,
2026-04-17T11:10:20.001Z,W1720727,5600,44.38149,7.85434,21844.4,5.9,2.8,107.2,-58.9,1.3,-1.0,RS41-SG,403.701,8.2,-500,10,2.6,,
2026-04-17T11:10:22.001Z,W1720727,5602,44.38148,7.85440,21854.3,5.5,2.1,104.1,-58.9,1.2,-1.0,RS41-SG,403.701,6.8,-500,10,2.6,,
2026-04-17T11:10:29.001Z,W1720727,5609,44.38152,7.85473,21890.3,6.0,6.2,70.3,-58.9,1.3,-1.0,RS41-SG,403.701,6.6,-875,10,2.6,,
2026-04-17T11:10:31.001Z,W1720727,5611,44.38155,7.85489,21900.0,4.6,6.5,81.9,-59.0,1.3,-1.0,RS41-SG,403.701,6.5,-500,10,2.7,,
2026-04-17T11:10:34.001Z,W1720727,5614,44.38153,7.85509,21915.6,4.4,4.4,113.5,-59.0,1.3,-1.0,RS41-SG,403.701,7.1,-500,10,2.6,,
2026-04-17T11:10:35.001Z,W1720727,5615,44.38151,7.85514,21920.5,5.5,4.8,121.9,-59.0,1.3,-1.0,RS41-SG,403.701,7.1,-875,10,2.6,,
2026-04-17T11:10:42.001Z,W1720727,5622,44.38138,7.85558,21957.0,5.5,5.5,100.7,-59.0,1.3,-1.0,RS41-SG,403.701,8.3,-875,10,2.6,,
2026-04-17T11:10:44.001Z,W1720727,5624,44.38136,7.85572,21967.4,6.0,5.5,104.7,-59.0,1.3,-1.0,RS41-SG,403.701,6.7,-875,10,2.7,,
2026-04-17T11:10:47.001Z,W1720727,5627,44.38130,7.85588,21984.4,6.2,5.1,127.5,-58.9,1.3,-1.0,RS41-SG,403.701,6.9,-500,10,2.6,,
2026-04-17T11:10:49.001Z,W1720727,5629,44.38124,7.85599,21994.4,4.9,6.2,127.2,-58.9,1.3,-1.0,RS41-SG,403.701,7.2,-500,10,2.6,,
2026-04-17T11:10:50.001Z,W1720727,5630,44.38120,7.85606,22000.1,6.3,6.3,131.1,-58.9,1.3,-1.0,RS41-SG,403.701,7.4,-875,10,2.6,,
2026-04-17T11:10:51.001Z,W1720727,5631,44.38116,7.85611,22005.5,4.5,6.1,134.2,-58.9,1.3,-1.0,RS41-SG,403.701,7.4,-875,10,2.7,,
2026-04-17T11:10:52.001Z,W1720727,5632,44.38113,7.85617,22011.0,6.4,6.3,132.3,-58.9,1.3,-1.0,RS41-SG,403.701,7.2,-875,10,2.7,,
2026-04-17T11:10:55.001Z,W1720727,5635,44.38103,7.85638,22027.3,5.5,6.4,113.8,-59.0,1.3,-1.0,RS41-SG,403.701,6.6,-875,10,2.6,,
2026-04-17T11:10:58.001Z,W1720727,5638,44.38097,7.85656,22043.9,6.1,4.4,119.5,-59.2,1.3,-1.0,RS41-SG,403.701,7.2,-500,10,2.7,,
2026-04-17T11:11:06.001Z,W1720727,5646,44.38076,7.85685,22084.7,6.3,5.4,131.5,-59.2,1.3,-1.0,RS41-SG,403.701,6.6,-500,10,2.7,,
2026-04-17T11:11:08.001Z,W1720727,5648,44.38068,7.85698,22095.2,4.5,7.0,130.0,-59.0,1.3,-1.0,RS41-SG,403.701,6.6,-875,10,2.6,,
2026-04-17T11:11:10.001Z,W1720727,5650,44.38061,7.85710,22106.4,4.9,5.5,130.2,-58.9,1.3,-1.0,RS41-SG,403.701,7.1,-500,10,2.6,,
2026-04-17T11:11:12.001Z,W1720727,5652,44.38055,7.85719,22116.7,5.7,4.0,135.1,-58.9,1.3,-1.0,RS41-SG,403.701,7.2,-875,10,2.7,,
2026-04-17T11:11:13.001Z,W1720727,5653,44.38053,7.85722,22122.2,5.5,4.0,139.8,-58.9,1.2,-1.0,RS41-SG,403.701,7.2,-500,10,2.7,,
2026-04-17T11:11:14.001Z,W1720727,5654,44.38050,7.85725,22127.4,5.0,3.7,140.7,-58.9,1.2,-1.0,RS41-SG,403.701,8.4,-500,10,2.7,,
2026-04-17T11:11:15.001Z,W1720727,5655,44.38048,7.85728,22132.9,5.5,2.7,139.1,-58.9,1.3,-1.0,RS41-SG,403.701,8.4,-500,10,2.6,,
2026-04-17T11:11:17.001Z,W1720727,5657,44.38045,7.85731,22143.2,4.9,1.5,137.2,-59.0,1.3,-1.0,RS41-SG,403.701,7.1,-500,10,2.6,,
2026-04-17T11:11:18.001Z,W1720727,5658,44.38044,7.85732,22148.9,6.7,2.0,135.4,-59.0,1.3,-1.0,RS41-SG,403.701,7.8,-500,10,2.6,,
2026-04-17T11:11:19.001Z,W1720727,5659,44.38043,7.85734,22154.2,4.2,2.8,136.9,-59.0,1.3,-1.0,RS41-SG,403.701,7.8,-500,10,2.7,,
2026-04-17T11:11:24.001Z,W1720727,5664,44.38029,7.85743,22178.8,5.3,4.4,175.7,-59.1,1.3,-1.0,RS41-SG,403.701,6.6,-500,10,2.7,,
2026-04-17T11:11:25.001Z,W1720727,5665,44.38025,7.85743,22184.1,5.2,5.1,176.7,-59.2,1.3,-1.0,RS41-SG,403.701,6.6,-500,10,2.7,,
2026-04-17T11:11:26.001Z,W1720727,5666,44.38020,7.85744,22189.0,4.2,5.2,174.1,-59.2,1.3,-1.0,RS41-SG,403.701,8.4,-500,10,2.7,,
2026-04-17T11:11:28.001Z,W1720727,5668,44.38013,7.85746,22199.7,5.3,3.3,154.3,-59.3,1.4,-1.0,RS41-SG,403.701,7.0,-500,10,2.6,,
2026-04-17T11:11:29.001Z,W1720727,5669,44.38010,7.85748,22204.6,4.5,2.7,135.3,-59.3,1.3,-1.0,RS41-SG,403.701,7.0,-875,10,2.6,,
2026-04-17T11:11:30.001Z,W1720727,5670,44.38009,7.85751,22209.6,5.3,2.6,121.8,-59.3,1.3,-1.0,RS41-SG,403.701,7.0,-500,10,2.6,,
2026-04-17T11:11:31.001Z,W1720727,5671,44.38008,7.85753,22215.0,5.9,2.8,128.6,-59.4,1.3,-1.0,RS41-SG,403.701,6.8,-500,10,2.7,,
2026-04-17T11:11:32.001Z,W1720727,5672,44.38006,7.85756,22220.5,5.3,2.9,141.6,-59.4,1.3,-1.0,RS41-SG,403.701,6.8,-500,10,2.7,,
2026-04-17T11:11:33.001Z,W1720727,5673,44.38004,7.85758,22225.5,4.3,2.6,163.7,-59.4,1.3,-1.0,RS41-SG,403.701,8.1,-500,10,2.7,,
2026-04-17T11:11:34.001Z,W1720727,5674,44.38001,7.85758,22230.1,4.5,2.3,196.4,-59.4,1.3,-1.0,RS41-SG,403.701,8.4,-500,10,2.6,,
2026-04-17T11:11:35.001Z,W1720727,5675,44.38000,7.85756,22235.1,5.5,2.7,228.4,-59.5,1.3,-1.0,RS41-SG,403.701,8.4,-500,10,2.6,,
2026-04-17T11:11:36.001Z,W1720727,5676,44.37998,7.85753,22240.8,5.9,3.3,244.4,-59.5,1.4,-1.0,RS41-SG,403.701,7.1,-500,10,2.6,,
2026-04-17T11:11:39.001Z,W1720727,5679,44.37993,7.85740,22255.6,5.9,4.6,226.4,-59.7,1.3,-1.0,RS41-SG,403.701,6.8,-500,10,2.7,,
2026-04-17T11:11:41.001Z,W1720727,5681,44.37986,7.85734,22265.7,4.1,4.6,194.6,-59.6,1.4,-1.0,RS41-SG,403.701,9.0,-500,10,2.6,,
2026-04-17T11:11:42.001Z,W1720727,5682,44.37982,7.85733,22270.6,5.4,3.8,178.8,-59.6,1.3,-1.0,RS41-SG,403.701,9.0,-500,10,2.6,,
2026-04-17T11:11:43.001Z,W1720727,5683,44.37979,7.85734,22275.8,5.2,2.7,163.4,-59.6,1.4,-1.0,RS41-SG,403.701,8.2,-500,10,2.6,,
2026-04-17T11:11:44.001Z,W1720727,5684,44.37977,7.85735,22281.1,5.3,1.7,150.4,-59.6,1.4,-1.0,RS41-SG,403.701,8.4,-500,10,2.6,,
2026-04-17T11:11:45.001Z,W1720727,5685,44.37976,7.85736,22286.9,6.5,1.1,156.6,-59.6,1.4,-1.0,RS41-SG,403.701,8.4,-500,10,2.7,,
2026-04-17T11:11:46.001Z,W1720727,5686,44.37975,7.85736,22292.5,4.9,1.0,187.0,-59.6,1.4,-1.0,RS41-SG,403.701,7.1,-500,10,2.7,,
2026-04-17T11:11:47.001Z,W1720727,5687,44.37975,7.85735,22297.5,5.1,1.5,236.9,-59.5,1.4,-1.0,RS41-SG,403.701,7.1,-500,10,2.7,,
2026-04-17T11:11:48.001Z,W1720727,5688,44.37974,7.85733,22302.8,5.1,2.4,270.8,-59.6,1.3,-1.0,RS41-SG,403.701,7.0,-500,10,2.6,,
2026-04-17T11:11:50.001Z,W1720727,5690,44.37976,7.85725,22312.6,4.8,3.4,292.0,-59.5,1.3,-1.0,RS41-SG,403.701,6.9,-500,10,2.6,,
2026-04-17T11:11:51.001Z,W1720727,5691,44.37976,7.85722,22317.7,5.3,3.0,283.9,-59.6,1.3,-1.0,RS41-SG,403.701,7.9,-500,10,2.6,,
2026-04-17T11:11:54.001Z,W1720727,5694,44.37975,7.85713,22332.7,3.8,2.1,238.1,-59.6,1.3,-1.0,RS41-SG,403.701,7.7,-500,10,2.6,,
2026-04-17T11:11:57.001Z,W1720727,5697,44.37975,7.85708,22348.1,4.7,1.9,313.8,-59.6,1.4,-1.0,RS41-SG,403.701,6.7,-500,10,2.7,,
2026-04-17T11:11:59.001Z,W1720727,5699,44.37977,7.85704,22357.2,5.1,2.1,287.7,-59.5,1.4,-1.0,RS41-SG,403.701,6.9,-500,9,2.7,,
2026-04-17T11:12:00.001Z,W1720727,5700,44.37977,7.85701,22363.0,5.8,2.2,254.9,-59.5,1.3,-1.0,RS41-SG,403.701,7.2,-500,10,2.6,,
2026-04-17T11:12:07.001Z,W1720727,5707,44.37976,7.85682,22396.6,4.9,1.8,306.3,-59.3,1.3,-1.0,RS41-SG,403.701,7.8,-500,10,2.6,,
2026-04-17T11:12:10.001Z,W1720727,5710,44.37977,7.85678,22412.3,4.0,0.9,273.9,-59.3,1.3,-1.0,RS41-SG,403.701,6.6,-500,10,2.6,,
2026-04-17T11:12:23.001Z,W1720727,5723,44.37994,7.85681,22481.1,5.2,0.8,31.3,-59.2,1.3,-1.0,RS41-SG,403.701,7.0,-875,10,2.6,,
2026-04-17T11:12:31.001Z,W1720727,5731,44.38005,7.85680,22522.2,5.0,2.1,336.9,-59.1,1.3,-1.0,RS41-SG,403.701,7.4,-500,9,2.6,,
2026-04-17T11:12:48.001Z,W1720727,5748,44.38000,7.85663,22609.6,4.1,1.5,205.1,-59.1,1.3,-1.0,RS41-SG,403.701,7.2,-500,10,2.6,,
2026-04-17T11:13:35.001Z,W1720727,5795,44.37964,7.85612,22845.9,4.9,3.7,219.0,-59.2,1.3,-1.0,RS41-SG,403.701,6.5,-500,10,2.6,,
2026-04-17T11:24:15.001Z,W1720727,6435,44.37350,7.84243,26342.4,5.0,4.6,214.1,-273.0,-1.0,-1.0,RS41,403.700,6.4,625,10,2.7,,
2026-04-17T11:24:38.001Z,W1720727,6458,44.37296,7.84114,26469.4,5.2,7.7,252.2,-273.0,-1.0,-1.0,RS41,403.700,7.9,625,9,2.6,,
2026-04-17T11:24:46.001Z,W1720727,6466,44.37290,7.84054,26513.9,6.3,3.3,251.0,-273.0,-1.0,-1.0,RS41,403.700,7.1,625,10,2.6,,
2026-04-17T11:24:54.001Z,W1720727,6474,44.37281,7.84002,26559.4,4.6,6.9,272.6,-273.0,-1.0,-1.0,RS41,403.700,7.2,250,10,2.6,,
2026-04-17T11:25:02.000Z,W1720727,6482,44.37287,7.83979,26602.9,5.4,1.9,343.1,-273.0,-1.0,-1.0,RS41,403.700,7.6,625,10,2.6,,
2026-04-17T11:25:04.000Z,W1720727,6484,44.37288,7.83975,26614.5,5.2,2.3,261.2,-273.0,-1.0,-1.0,RS41,403.700,6.3,625,10,2.7,,
2026-04-17T11:25:10.000Z,W1720727,6490,44.37293,7.83948,26647.0,6.5,3.7,307.3,-273.0,-1.0,-1.0,RS41,403.700,6.6,250,10,2.7,,
2026-04-17T11:25:17.000Z,W1720727,6497,44.37307,7.83943,26686.0,6.4,1.9,335.9,-273.0,-1.0,-1.0,RS41,403.700,6.5,625,10,2.7,,
2026-04-17T11:25:25.000Z,W1720727,6505,44.37319,7.83911,26731.4,5.4,3.0,296.7,-273.0,-1.0,-1.0,RS41,403.700,6.8,625,10,2.7,,
2026-04-17T11:25:33.000Z,W1720727,6513,44.37327,7.83895,26776.9,6.0,2.3,271.8,-273.0,-1.0,-1.0,RS41,403.700,6.6,250,10,2.7,,
2026-04-17T11:25:41.000Z,W1720727,6521,44.37327,7.83879,26822.0,4.8,1.0,333.5,-273.0,-1.0,-1.0,RS41,403.700,6.7,250,10,2.6,,
2026-04-17T11:26:06.000Z,W1720727,6546,44.37355,7.83854,26963.8,6.2,0.2,250.7,-273.0,-1.0,-1.0,RS41,403.700,7.1,625,10,2.7,,
2026-04-17T11:26:38.000Z,W1720727,6578,44.37373,7.83948,27146.5,6.2,1.4,174.6,-273.0,-1.0,-1.0,RS41,403.700,7.1,250,10,2.6,,
2026-04-17T11:26:46.000Z,W1720727,6586,44.37366,7.83951,27193.3,4.9,3.7,117.3,-273.0,-1.0,-1.0,RS41,403.700,6.8,250,10,2.6,,
2026-04-17T11:26:55.000Z,W1720727,6595,44.37348,7.83961,27247.3,6.8,2.8,250.5,-273.0,-1.0,-1.0,RS41,403.700,7.6,625,10,2.7,,
2026-04-17T11:27:03.000Z,W1720727,6603,44.37337,7.83952,27293.4,6.3,4.0,159.9,-273.0,-1.0,-1.0,RS41,403.700,7.9,625,10,2.7,,
2026-04-17T11:27:11.000Z,W1720727,6611,44.37325,7.83967,27339.6,6.3,2.4,55.8,-273.0,-1.0,-1.0,RS41,403.700,7.3,250,10,2.7,,
2026-04-17T11:27:13.000Z,W1720727,6613,44.37327,7.83970,27351.9,5.9,0.5,67.9,-273.0,-1.0,-1.0,RS41,403.700,6.1,625,10,2.6,,
2026-04-17T11:27:23.000Z,W1720727,6623,44.37324,7.83982,27408.1,5.6,1.7,123.0,-273.0,-1.0,-1.0,RS41,403.700,7.6,625,10,2.7,,
2026-04-17T11:27:30.000Z,W1720727,6630,44.37330,7.83994,27447.0,5.2,1.9,142.4,-273.0,-1.0,-1.0,RS41,403.700,8.1,625,10,2.7,,
2026-04-17T11:27:31.000Z,W1720727,6631,44.37329,7.83995,27452.3,5.4,2.1,174.8,-273.0,-1.0,-1.0,RS41,403.700,8.1,625,10,2.7,,
2026-04-17T11:27:32.000Z,W1720727,6632,44.37327,7.83994,27458.2,6.1,2.3,205.5,-273.0,-1.0,-1.0,RS41,403.700,7.5,625,10,2.7,,
2026-04-17T11:27:38.000Z,W1720727,6638,44.37325,7.83994,27492.8,4.5,3.6,88.7,-273.0,-1.0,-1.0,RS41,403.700,8.1,250,10,2.6,,
2026-04-17T11:27:41.000Z,W1720727,6641,44.37325,7.84008,27509.9,6.9,2.6,79.3,-273.0,-1.0,-1.0,RS41,403.700,5.8,250,10,2.7,,
2026-04-17T11:27:44.000Z,W1720727,6644,44.37325,7.84013,27527.3,6.5,1.6,158.4,-273.0,-1.0,-1.0,RS41,403.700,6.6,250,10,2.6,,
2026-04-17T11:27:46.000Z,W1720727,6646,44.37321,7.84014,27538.4,5.3,2.8,166.2,-273.0,-1.0,-1.0,RS41,403.700,7.6,250,10,2.7,,
2026-04-17T11:27:53.000Z,W1720727,6653,44.37316,7.84028,27580.4,4.8,4.6,104.1,-273.0,-1.0,-1.0,RS41,403.700,6.7,625,10,2.7,,
2026-04-17T11:27:59.000Z,W1720727,6659,44.37313,7.84054,27614.0,6.1,2.9,118.3,-273.0,-1.0,-1.0,RS41,403.700,6.5,625,10,2.6,,
2026-04-17T11:28:02.000Z,W1720727,6662,44.37304,7.84064,27632.3,5.6,5.1,152.2,-273.0,-1.0,-1.0,RS41,403.700,7.9,625,10,2.7,,
2026-04-17T11:28:17.000Z,W1720727,6677,44.37269,7.84064,27718.4,4.0,6.0,204.3,-273.0,-1.0,-1.0,RS41,403.700,7.7,625,10,2.6,,
2026-04-17T11:28:18.000Z,W1720727,6678,44.37263,7.84061,27722.9,4.9,6.6,203.3,-273.0,-1.0,-1.0,RS41,403.700,7.8,625,10,2.7,,
2026-04-17T11:28:19.000Z,W1720727,6679,44.37258,7.84058,27728.8,6.8,6.1,205.6,-273.0,-1.0,-1.0,RS41,403.700,7.8,625,10,2.7,,
2026-04-17T11:28:20.000Z,W1720727,6680,44.37254,7.84054,27735.1,5.8,5.3,210.5,-273.0,-1.0,-1.0,RS41,403.700,8.5,250,10,2.6,,
2026-04-17T11:28:21.000Z,W1720727,6681,44.37250,7.84051,27740.9,5.3,4.6,216.0,-273.0,-1.0,-1.0,RS41,403.700,8.5,250,10,2.6,,
2026-04-17T11:28:23.000Z,W1720727,6683,44.37244,7.84045,27753.3,6.6,3.9,207.7,-273.0,-1.0,-1.0,RS41,403.700,6.6,625,10,2.7,,
2026-04-17T11:28:34.000Z,W1720727,6694,44.37214,7.84029,27815.5,4.3,7.7,193.3,-273.0,-1.0,-1.0,RS41,403.700,7.9,625,10,2.6,,
2026-04-17T11:29:24.000Z,W1720727,6744,44.37138,7.83894,28095.9,6.1,3.3,261.7,-273.0,-1.0,-1.0,RS41,403.700,6.4,625,10,2.6,,
2026-04-17T11:29:34.000Z,W1720727,6754,44.37135,7.83843,28153.3,6.6,5.0,251.4,-273.0,-1.0,-1.0,RS41,403.700,7.9,625,10,2.7,,
2026-04-17T11:30:02.000Z,W1720727,6782,44.37188,7.83759,28314.2,5.9,1.2,24.3,-273.0,-1.0,-1.0,RS41,403.700,6.9,625,9,2.6,,
2026-04-17T11:30:06.000Z,W1720727,6786,44.37197,7.83764,28338.2,6.4,3.7,15.6,-273.0,-1.0,-1.0,RS41,403.700,7.0,625,10,2.7,,
2026-04-17T11:30:10.000Z,W1720727,6790,44.37212,7.83767,28362.2,6.6,6.5,5.4,-273.0,-1.0,-1.0,RS41,403.700,7.1,625,10,2.7,,
2026-04-17T11:30:18.000Z,W1720727,6798,44.37248,7.83788,28408.4,6.5,4.7,53.4,-273.0,-1.0,-1.0,RS41,403.700,7.1,625,10,2.6,,
2026-04-17T11:30:51.000Z,W1720727,6831,44.37333,7.83921,28600.4,6.4,4.5,55.4,-273.0,-1.0,-1.0,RS41,403.700,6.7,625,10,2.6,,
2026-04-17T11:30:52.000Z,W1720727,6832,44.37335,7.83925,28606.5,5.2,4.6,54.1,-273.0,-1.0,-1.0,RS41,403.700,7.0,625,10,2.6,,
2026-04-17T11:31:06.000Z,W1720727,6846,44.37361,7.83954,28689.3,6.3,3.0,1.5,-273.0,-1.0,-1.0,RS41,403.700,7.8,625,10,2.7,,
2026-04-17T11:33:30.000Z,W1720727,6990,44.37395,7.84407,29543.4,5.4,7.8,105.8,-273.0,-1.0,-1.0,RS41,403.700,6.6,625,10,2.7,,
2026-04-17T11:34:23.000Z,W1720727,7043,44.37193,7.84617,29846.1,6.9,4.1,200.7,-273.0,-1.0,-1.0,RS41,403.700,7.0,625,10,2.7,,
2026-04-17T11:34:34.000Z,W1720727,7054,44.37123,7.84603,29912.0,7.0,7.1,186.2,-273.0,-1.0,-1.0,RS41,403.700,7.3,625,10,2.7,,
2026-04-17T11:34:35.000Z,W1720727,7055,44.37117,7.84601,29919.0,6.8,6.4,198.9,-273.0,-1.0,-1.0,RS41,403.700,7.3,625,10,2.6,,
2026-04-17T11:34:42.000Z,W1720727,7062,44.37073,7.84567,29960.2,6.4,9.7,203.4,-273.0,-1.0,-1.0,RS41,403.700,7.3,625,10,2.6,,
2026-04-17T11:34:57.000Z,W1720727,7077,44.36995,7.84488,30050.8,5.4,8.4,199.8,-273.0,-1.0,-1.0,RS41,403.700,6.5,625,9,2.6,,
2026-04-17T11:35:20.000Z,W1720727,7100,44.36951,7.84422,30184.2,4.7,4.2,308.0,-273.0,-1.0,-1.0,RS41,403.700,6.6,625,10,2.6,,
