timestamp,serial,frame,lat,lon,alt,vel_v,vel_h,heading,temp,humidity,pressure,type,freq_mhz,snr,f_error_hz,sats,batt_v,burst_timer,aux_data
2026-02-20T04:39:32.001Z,U3150976,1459,43.45344,6.55185,7688.1,4.8,46.3,167.4,-273.0,-1.0,-1.0,RS41,404.200,10.1,250,10,2.8,,
2026-02-20T04:39:33.001Z,U3150976,1460,43.45304,6.55197,7691.5,2.7,46.2,167.5,-273.0,-1.0,-1.0,RS41,404.200,10.1,250,10,2.7,,
2026-02-20T04:39:34.001Z,U3150976,1461,43.45263,6.55209,7694.5,4.0,46.2,166.9,-273.0,-1.0,-1.0,RS41,404.200,10.0,250,10,2.7,,
2026-02-20T04:39:39.001Z,U3150976,1466,43.45057,6.55279,7711.0,3.1,47.3,165.8,-273.0,-1.0,-1.0,RS41,404.200,6.6,250,10,2.8,,
2026-02-20T04:39:40.001Z,U3150976,1467,43.45015,6.55293,7714.7,4.2,47.7,166.4,-273.0,-1.0,-1.0,RS41,404.200,8.9,250,10,2.7,,
2026-02-20T04:39:41.001Z,U3150976,1468,43.44973,6.55307,7717.9,2.0,48.0,166.7,-273.0,-1.0,-1.0,RS41,404.200,8.9,250,10,2.7,,
2026-02-20T04:39:42.001Z,U3150976,1469,43.44931,6.55320,7721.2,4.6,48.5,166.5,-273.0,-1.0,-1.0,RS41,404.200,7.8,250,10,2.8,,
2026-02-20T04:39:56.001Z,U3150976,1483,43.44340,6.55538,7764.5,2.8,48.7,164.8,-273.0,-1.0,-1.0,RS41,404.200,7.0,250,10,2.8,,
2026-02-20T04:39:58.001Z,U3150976,1485,43.44257,6.55569,7769.2,3.0,48.2,164.4,-273.0,-1.0,-1.0,RS41,404.200,5.9,250,10,2.8,,
2026-02-20T04:40:02.001Z,U3150976,1489,43.44089,6.55637,7780.1,2.7,48.8,162.6,-273.0,-1.0,-1.0,RS41,404.200,6.9,250,10,2.8,,
2026-02-20T04:40:03.001Z,U3150976,1490,43.44047,6.55655,7782.6,2.6,49.2,162.6,-273.0,-1.0,-1.0,RS41,404.200,7.8,250,10,2.8,,
2026-02-20T04:40:04.001Z,U3150976,1491,43.44004,6.55672,7784.9,2.4,49.3,163.3,-273.0,-1.0,-1.0,RS41,404.200,9.0,250,10,2.8,,
2026-02-20T04:40:05.001Z,U3150976,1492,43.43962,6.55690,7787.6,3.2,48.9,163.3,-273.0,-1.0,-1.0,RS41,404.200,10.0,250,10,2.8,,
2026-02-20T04:40:06.001Z,U3150976,1493,43.43920,6.55707,7790.2,2.3,48.8,163.1,-273.0,-1.0,-1.0,RS41,404.200,10.0,250,10,2.8,,
2026-02-20T04:40:20.001Z,U3150976,1507,43.43319,6.55947,7827.7,2.3,50.3,163.6,-273.0,-1.0,-1.0,RS41,404.200,7.3,250,10,2.7,,
2026-02-20T04:40:56.001Z,U3150976,1543,43.41721,6.56528,7952.8,5.2,50.2,165.2,-273.0,-1.0,-1.0,RS41,404.200,7.1,250,10,2.8,,
2026-02-20T04:40:57.001Z,U3150976,1544,43.41678,6.56543,7957.2,4.2,48.5,166.4,-273.0,-1.0,-1.0,RS41,404.200,7.5,250,10,2.8,,
2026-02-20T04:40:58.001Z,U3150976,1545,43.41636,6.56556,7960.0,1.8,48.0,168.6,-273.0,-1.0,-1.0,RS41,404.200,8.4,250,10,2.7,,
2026-02-20T04:40:59.001Z,U3150976,1546,43.41593,6.56567,7962.9,3.9,48.5,170.1,-273.0,-1.0,-1.0,RS41,404.200,8.4,250,10,2.7,,
2026-02-20T04:41:00.001Z,U3150976,1547,43.41550,6.56578,7966.3,3.6,49.3,169.7,-273.0,-1.0,-1.0,RS41,404.200,8.6,250,10,2.8,,
2026-02-20T04:41:01.001Z,U3150976,1548,43.41506,6.56589,7969.9,3.8,50.2,169.4,-273.0,-1.0,-1.0,RS41,404.200,8.6,250,10,2.8,,
2026-02-20T04:41:02.001Z,U3150976,1549,43.41461,6.56601,7972.9,2.8,51.5,168.8,-273.0,-1.0,-1.0,RS41,404.200,7.7,250,10,2.8,,
2026-02-20T04:41:03.001Z,U3150976,1550,43.41415,6.56613,7976.5,4.7,52.6,167.7,-273.0,-1.0,-1.0,RS41,404.200,8.1,250,10,2.8,,
2026-02-20T04:41:04.001Z,U3150976,1551,43.41369,6.56628,7980.8,3.9,52.8,166.9,-273.0,-1.0,-1.0,RS41,404.200,8.1,250,10,2.7,,
2026-02-20T04:41:05.001Z,U3150976,1552,43.41323,6.56643,7985.3,5.6,53.1,166.3,-273.0,-1.0,-1.0,RS41,404.200,7.5,250,10,2.7,,
2026-02-20T04:41:06.001Z,U3150976,1553,43.41276,6.56658,7991.0,6.2,53.3,167.2,-273.0,-1.0,-1.0,RS41,404.200,8.9,250,10,2.8,,
2026-02-20T04:41:07.001Z,U3150976,1554,43.41230,6.56672,7996.0,4.3,52.9,168.2,-273.0,-1.0,-1.0,RS41,404.200,8.9,250,10,2.8,,
2026-02-20T04:41:08.001Z,U3150976,1555,43.41183,6.56684,8000.2,4.7,53.3,170.0,-273.0,-1.0,-1.0,RS41,404.200,8.3,250,10,2.8,,
2026-02-20T04:41:09.001Z,U3150976,1556,43.41136,6.56696,8003.5,1.7,52.8,170.3,-273.0,-1.0,-1.0,RS41,404.200,8.3,250,10,2.8,,
2026-02-20T04:41:10.001Z,U3150976,1557,43.41089,6.56706,8005.8,3.5,53.0,171.2,-273.0,-1.0,-1.0,RS41,404.200,8.1,250,10,2.7,,
2026-02-20T04:41:11.001Z,U3150976,1558,43.41042,6.56716,8009.0,3.3,52.1,170.8,-273.0,-1.0,-1.0,RS41,404.200,8.1,250,10,2.7,,
2026-02-20T04:42:09.001Z,U3150976,1616,43.38283,6.57496,8181.3,3.6,54.4,170.9,-273.0,-1.0,-1.0,RS41,404.200,7.6,250,10,2.8,,
2026-02-20T04:42:10.001Z,U3150976,1617,43.38235,6.57507,8184.4,3.1,54.2,170.6,-273.0,-1.0,-1.0,RS41,404.200,7.8,250,10,2.7,,
2026-02-20T04:42:11.001Z,U3150976,1618,43.38187,6.57518,8187.8,3.9,54.0,170.6,-273.0,-1.0,-1.0,RS41,404.200,8.1,250,10,2.7,,
2026-02-20T04:42:15.001Z,U3150976,1622,43.37993,6.57561,8199.3,2.7,55.3,170.8,-273.0,-1.0,-1.0,RS41,404.200,7.3,250,10,2.8,,
2026-02-20T04:42:16.001Z,U3150976,1623,43.37944,6.57572,8201.8,2.6,55.5,171.2,-273.0,-1.0,-1.0,RS41,404.200,7.6,250,10,2.7,,
2026-02-20T04:42:17.001Z,U3150976,1624,43.37895,6.57582,8204.5,2.8,55.5,170.8,-273.0,-1.0,-1.0,RS41,404.200,8.4,250,10,2.7,,
2026-02-20T04:42:18.001Z,U3150976,1625,43.37846,6.57593,8207.2,2.6,55.3,170.7,-273.0,-1.0,-1.0,RS41,404.200,8.4,250,10,2.8,,
2026-02-20T04:42:19.001Z,U3150976,1626,43.37797,6.57604,8210.2,3.5,55.1,171.2,-273.0,-1.0,-1.0,RS41,404.200,8.3,250,10,2.8,,
2026-02-20T04:42:20.001Z,U3150976,1627,43.37748,6.57614,8212.9,1.8,55.0,171.7,-273.0,-1.0,-1.0,RS41,404.200,9.5,250,10,2.8,,
2026-02-20T04:42:21.001Z,U3150976,1628,43.37699,6.57624,8215.8,3.8,55.0,171.8,-273.0,-1.0,-1.0,RS41,404.200,9.5,250,10,2.8,,
2026-02-20T04:42:22.001Z,U3150976,1629,43.37650,6.57634,8219.1,2.5,55.1,171.5,-273.0,-1.0,-1.0,RS41,404.200,8.7,250,10,2.7,,
2026-02-20T04:44:13.001Z,U3150976,1740,43.31928,6.58519,8668.7,3.8,58.8,172.6,-273.0,-1.0,-1.0,RS41,404.200,7.0,250,10,2.7,,
2026-02-20T04:44:14.001Z,U3150976,1741,43.31876,6.58528,8672.9,4.6,59.1,172.7,-273.0,-1.0,-1.0,RS41,404.200,7.0,250,10,2.8,,
2026-02-20T04:44:47.001Z,U3150976,1774,43.30157,6.58901,8843.1,5.5,58.9,170.0,-273.0,-1.0,-1.0,RS41,404.200,7.8,250,10,2.7,,
2026-02-20T04:44:48.001Z,U3150976,1775,43.30105,6.58914,8849.2,6.9,58.4,169.8,-273.0,-1.0,-1.0,RS41,404.200,8.1,250,10,2.8,,
2026-02-20T04:44:49.001Z,U3150976,1776,43.30054,6.58927,8856.1,7.0,58.1,170.0,-273.0,-1.0,-1.0,RS41,404.200,8.1,250,10,2.8,,
2026-02-20T04:45:16.001Z,U3150976,1803,43.28700,6.59278,9019.0,4.5,56.7,167.3,-273.0,-1.0,-1.0,RS41,404.200,6.7,250,10,2.8,,
2026-02-20T04:45:20.001Z,U3150976,1807,43.28501,6.59342,9039.9,5.7,57.1,166.5,-273.0,-1.0,-1.0,RS41,404.200,6.0,250,10,2.8,,
2026-02-20T04:45:21.001Z,U3150976,1808,43.28451,6.59358,9045.5,5.3,57.1,166.9,-273.0,-1.0,-1.0,RS41,404.200,7.2,250,10,2.8,,
2026-02-20T04:46:02.001Z,U3150976,1849,43.26326,6.60173,9290.0,6.2,62.6,162.4,-273.0,-1.0,-1.0,RS41,404.200,7.0,-125,10,2.8,,
2026-02-20T04:46:08.001Z,U3150976,1855,43.26007,6.60315,9324.5,5.8,62.2,162.3,-273.0,-1.0,-1.0,RS41,404.200,7.9,250,10,2.8,,
2026-02-20T04:46:09.001Z,U3150976,1856,43.25953,6.60338,9329.7,4.8,62.3,162.1,-273.0,-1.0,-1.0,RS41,404.200,8.1,250,10,2.8,,
2026-02-20T04:46:10.001Z,U3150976,1857,43.25900,6.60362,9335.3,6.1,62.0,162.3,-273.0,-1.0,-1.0,RS41,404.200,8.1,-125,10,2.8,,
2026-02-20T04:46:11.001Z,U3150976,1858,43.25847,6.60385,9341.3,5.2,61.6,162.4,-273.0,-1.0,-1.0,RS41,404.200,7.8,-125,10,2.7,,
2026-02-20T04:46:12.001Z,U3150976,1859,43.25794,6.60408,9347.0,6.0,61.8,162.1,-273.0,-1.0,-1.0,RS41,404.200,7.3,250,10,2.7,,
2026-02-20T04:46:14.001Z,U3150976,1861,43.25688,6.60455,9358.6,5.3,62.2,162.1,-273.0,-1.0,-1.0,RS41,404.200,7.1,250,10,2.8,,
2026-02-20T04:46:46.001Z,U3150976,1893,43.23979,6.61200,9526.7,4.1,61.2,162.5,-273.0,-1.0,-1.0,RS41,404.200,6.2,-125,10,2.8,,
2026-02-20T04:49:12.001Z,U3150976,2039,43.16094,6.63803,10183.6,4.0,60.5,170.9,-273.0,-1.0,-1.0,RS41,404.200,6.2,250,11,2.8,,
2026-02-20T04:49:13.001Z,U3150976,2040,43.16040,6.63815,10186.5,2.0,61.1,170.7,-273.0,-1.0,-1.0,RS41,404.200,7.3,250,11,2.8,,
2026-02-20T04:49:17.001Z,U3150976,2044,43.15825,6.63860,10198.7,1.5,59.9,171.1,-273.0,-1.0,-1.0,RS41,404.200,7.1,250,11,2.7,,
2026-02-20T04:49:20.001Z,U3150976,2047,43.15667,6.63893,10207.6,2.8,59.4,171.7,-273.0,-1.0,-1.0,RS41,404.200,7.1,250,11,2.8,,
2026-02-20T04:49:36.001Z,U3150976,2063,43.14818,6.64065,10254.0,1.7,60.1,171.4,-273.0,-1.0,-1.0,RS41,404.200,7.6,250,11,2.7,,
2026-02-20T04:49:37.001Z,U3150976,2064,43.14764,6.64076,10256.5,3.2,60.3,171.7,-273.0,-1.0,-1.0,RS41,404.200,7.9,250,11,2.7,,
2026-02-20T04:49:38.001Z,U3150976,2065,43.14711,6.64087,10259.3,2.4,60.3,172.2,-273.0,-1.0,-1.0,RS41,404.200,7.9,250,11,2.8,,
2026-02-20T04:50:00.001Z,U3150976,2087,43.13516,6.64367,10339.7,1.5,62.4,166.8,-273.0,-1.0,-1.0,RS41,404.200,7.4,250,11,2.8,,
