timestamp,serial,frame,lat,lon,alt,vel_v,vel_h,heading,temp,humidity,pressure,type,freq_mhz,snr,f_error_hz,sats,batt_v,burst_timer,aux_data
2026-07-01T12:36:16.998Z,X1742866,7277,45.72358,8.86635,28902.5,5.9,7.9,301.4,-273.0,-1.0,-1.0,RS41,404.900,6.7,250,10,2.7,,
2026-07-01T12:36:17.998Z,X1742866,7278,45.72363,8.86626,28908.3,5.7,10.9,311.6,-273.0,-1.0,-1.0,RS41,404.900,6.7,250,10,2.7,,
2026-07-01T12:36:18.998Z,X1742866,7279,45.72370,8.86614,28913.3,4.3,13.6,311.1,-273.0,-1.0,-1.0,RS41,404.900,7.1,250,10,2.6,,
2026-07-01T12:36:30.998Z,X1742866,7291,45.72396,8.86397,28982.0,6.3,12.3,300.0,-273.0,-1.0,-1.0,RS41,404.900,7.2,250,10,2.6,,
2026-07-01T12:36:31.998Z,X1742866,7292,45.72402,8.86383,28988.5,6.6,12.3,303.1,-273.0,-1.0,-1.0,RS41,404.900,7.2,250,10,2.6,,
2026-07-01T12:36:32.998Z,X1742866,7293,45.72408,8.86370,28994.4,5.4,12.5,302.2,-273.0,-1.0,-1.0,RS41,404.900,6.2,250,10,2.7,,
2026-07-01T12:36:53.998Z,X1742866,7314,45.72477,8.86066,29122.9,6.0,10.0,283.2,-273.0,-1.0,-1.0,RS41,404.900,7.1,250,10,2.6,,
2026-07-01T12:36:54.998Z,X1742866,7315,45.72479,8.86052,29128.9,6.0,11.3,274.3,-273.0,-1.0,-1.0,RS41,404.900,7.1,250,10,2.7,,
2026-07-01T12:36:55.998Z,X1742866,7316,45.72479,8.86037,29135.1,6.2,12.9,265.6,-273.0,-1.0,-1.0,RS41,404.900,7.1,250,10,2.7,,
2026-07-01T12:36:56.998Z,X1742866,7317,45.72477,8.86019,29141.3,6.3,14.4,259.3,-273.0,-1.0,-1.0,RS41,404.900,6.9,250,10,2.6,,
2026-07-01T12:37:00.998Z,X1742866,7321,45.72469,8.85951,29169.1,7.5,11.1,273.8,-273.0,-1.0,-1.0,RS41,404.900,6.7,250,10,2.7,,
2026-07-01T12:37:02.998Z,X1742866,7323,45.72473,8.85926,29180.7,4.9,8.8,293.1,-273.0,-1.0,-1.0,RS41,404.900,6.9,250,10,2.6,,
2026-07-01T12:37:03.998Z,X1742866,7324,45.72476,8.85917,29186.4,6.4,7.6,297.7,-273.0,-1.0,-1.0,RS41,404.900,6.9,250,10,2.6,,
2026-07-01T12:37:05.998Z,X1742866,7326,45.72480,8.85900,29200.5,6.5,6.5,275.2,-273.0,-1.0,-1.0,RS41,404.900,6.5,250,10,2.7,,
2026-07-01T12:37:06.998Z,X1742866,7327,45.72480,8.85891,29206.7,6.0,7.7,263.1,-273.0,-1.0,-1.0,RS41,404.900,6.7,250,10,2.7,,
2026-07-01T12:37:14.998Z,X1742866,7335,45.72466,8.85775,29259.4,6.2,9.9,254.0,-273.0,-1.0,-1.0,RS41,404.900,6.2,250,10,2.6,,
2026-07-01T12:37:15.998Z,X1742866,7336,45.72464,8.85763,29265.6,6.2,8.4,255.4,-273.0,-1.0,-1.0,RS41,404.900,6.9,250,10,2.6,,
2026-07-01T12:37:16.998Z,X1742866,7337,45.72462,8.85754,29272.1,6.8,7.2,263.1,-273.0,-1.0,-1.0,RS41,404.900,7.1,250,10,2.7,,
2026-07-01T12:37:18.998Z,X1742866,7339,45.72463,8.85736,29285.9,6.1,7.0,283.6,-273.0,-1.0,-1.0,RS41,404.900,7.2,250,10,2.6,,
2026-07-01T12:37:19.998Z,X1742866,7340,45.72465,8.85727,29292.2,6.3,7.6,283.9,-273.0,-1.0,-1.0,RS41,404.900,7.2,250,10,2.6,,
2026-07-01T12:37:21.998Z,X1742866,7342,45.72466,8.85705,29306.6,8.0,10.1,265.5,-273.0,-1.0,-1.0,RS41,404.900,6.9,250,10,2.7,,
2026-07-01T12:37:22.998Z,X1742866,7343,45.72465,8.85691,29313.8,6.2,11.6,258.6,-273.0,-1.0,-1.0,RS41,404.900,6.4,250,10,2.7,,
2026-07-01T12:37:23.998Z,X1742866,7344,45.72462,8.85676,29320.1,6.3,13.2,254.8,-273.0,-1.0,-1.0,RS41,404.900,6.6,250,10,2.7,,
2026-07-01T12:37:24.998Z,X1742866,7345,45.72459,8.85659,29326.9,7.3,14.6,255.7,-273.0,-1.0,-1.0,RS41,404.900,6.6,250,10,2.6,,
2026-07-01T12:37:25.998Z,X1742866,7346,45.72456,8.85640,29334.5,7.8,15.2,259.8,-273.0,-1.0,-1.0,RS41,404.900,6.5,250,10,2.6,,
2026-07-01T12:37:33.998Z,X1742866,7354,45.72456,8.85511,29389.5,7.5,10.1,286.3,-273.0,-1.0,-1.0,RS41,404.900,6.5,250,10,2.7,,
2026-07-01T12:37:34.998Z,X1742866,7355,45.72459,8.85498,29396.9,7.2,10.8,291.0,-273.0,-1.0,-1.0,RS41,404.900,6.9,250,10,2.7,,
2026-07-01T12:37:35.998Z,X1742866,7356,45.72463,8.85485,29403.9,6.7,11.9,290.5,-273.0,-1.0,-1.0,RS41,404.900,7.1,250,10,2.6,,
2026-07-01T12:37:39.998Z,X1742866,7360,45.72469,8.85414,29431.7,5.7,16.4,265.8,-273.0,-1.0,-1.0,RS41,404.900,6.2,250,10,2.7,,
2026-07-01T12:37:46.998Z,X1742866,7367,45.72484,8.85279,29479.6,6.7,12.6,304.5,-273.0,-1.0,-1.0,RS41,404.900,6.2,250,10,2.6,,
2026-07-01T12:38:04.998Z,X1742866,7385,45.72533,8.85005,29605.1,6.9,8.6,297.2,-273.0,-1.0,-1.0,RS41,404.900,6.5,250,10,2.6,,
2026-07-01T12:38:05.998Z,X1742866,7386,45.72536,8.84995,29611.8,6.3,8.7,288.9,-273.0,-1.0,-1.0,RS41,404.900,6.5,250,10,2.7,,
2026-07-01T12:38:32.998Z,X1742866,7413,45.72596,8.84651,29790.5,6.9,9.2,306.3,-273.0,-1.0,-1.0,RS41,404.900,6.6,250,10,2.7,,
2026-07-01T12:38:53.998Z,X1742866,7434,45.72653,8.84417,29916.8,6.2,9.0,275.2,-273.0,-1.0,-1.0,RS41,404.900,6.2,250,10,2.7,,
2026-07-01T12:38:56.998Z,X1742866,7437,45.72652,8.84386,29933.5,4.9,6.8,265.2,-273.0,-1.0,-1.0,RS41,404.900,6.5,250,10,2.6,,
2026-07-01T12:38:57.998Z,X1742866,7438,45.72652,8.84378,29938.7,5.6,5.6,275.5,-273.0,-1.0,-1.0,RS41,404.900,6.5,250,10,2.7,,
2026-07-01T12:39:02.998Z,X1742866,7443,45.72666,8.84342,29966.0,6.5,8.7,290.5,-273.0,-1.0,-1.0,RS41,404.900,6.7,250,10,2.6,,
2026-07-01T12:39:05.998Z,X1742866,7446,45.72669,8.84306,29981.7,5.2,10.3,265.6,-273.0,-1.0,-1.0,RS41,404.900,6.6,250,10,2.6,,
2026-07-01T12:39:06.998Z,X1742866,7447,45.72668,8.84293,29987.6,6.4,10.0,263.7,-273.0,-1.0,-1.0,RS41,404.900,7.0,250,10,2.6,,
2026-07-01T12:39:08.998Z,X1742866,7449,45.72666,8.84269,29998.9,5.2,8.9,264.1,-273.0,-1.0,-1.0,RS41,404.900,6.5,250,10,2.7,,
2026-07-01T12:39:10.998Z,X1742866,7451,45.72664,8.84248,30010.4,6.2,8.2,255.5,-273.0,-1.0,-1.0,RS41,404.900,6.9,250,10,2.7,,
2026-07-01T12:39:11.998Z,X1742866,7452,45.72662,8.84238,30016.0,5.1,8.3,250.8,-273.0,-1.0,-1.0,RS41,404.900,6.9,250,10,2.6,,
2026-07-01T12:39:12.998Z,X1742866,7453,45.72659,8.84228,30020.7,4.2,8.3,249.9,-273.0,-1.0,-1.0,RS41,404.900,6.8,250,10,2.6,,
2026-07-01T12:39:15.998Z,X1742866,7456,45.72655,8.84199,30036.0,5.2,7.3,267.8,-273.0,-1.0,-1.0,RS41,404.900,6.6,250,10,2.7,,
2026-07-01T12:39:17.998Z,X1742866,7458,45.72654,8.84179,30046.1,5.3,8.0,265.8,-273.0,-1.0,-1.0,RS41,404.900,7.5,250,10,2.6,,
2026-07-01T12:39:18.998Z,X1742866,7459,45.72653,8.84168,30051.6,5.8,9.1,257.0,-273.0,-1.0,-1.0,RS41,404.900,7.5,250,10,2.7,,
2026-07-01T12:39:19.998Z,X1742866,7460,45.72650,8.84156,30057.3,5.3,10.6,249.7,-273.0,-1.0,-1.0,RS41,404.900,6.6,250,10,2.7,,
2026-07-01T12:39:20.998Z,X1742866,7461,45.72647,8.84143,30061.8,3.8,12.0,247.0,-273.0,-1.0,-1.0,RS41,404.900,6.6,250,10,2.6,,
2026-07-01T12:39:21.998Z,X1742866,7462,45.72642,8.84128,30065.6,3.8,13.3,247.8,-273.0,-1.0,-1.0,RS41,404.900,6.8,250,10,2.6,,
2026-07-01T12:39:26.998Z,X1742866,7467,45.72636,8.84048,30090.8,4.9,10.0,280.3,-273.0,-1.0,-1.0,RS41,404.900,6.3,250,10,2.6,,
2026-07-01T12:39:27.998Z,X1742866,7468,45.72637,8.84037,30096.1,5.7,7.9,281.7,-273.0,-1.0,-1.0,RS41,404.900,6.6,250,10,2.6,,
2026-07-01T12:39:28.998Z,X1742866,7469,45.72638,8.84028,30101.0,4.0,6.4,279.4,-273.0,-1.0,-1.0,RS41,404.900,6.6,250,10,2.6,,
2026-07-01T12:39:29.998Z,X1742866,7470,45.72639,8.84020,30105.0,4.0,5.3,274.5,-273.0,-1.0,-1.0,RS41,404.900,6.5,250,10,2.7,,
2026-07-01T12:39:32.998Z,X1742866,7473,45.72641,8.83999,30120.4,4.6,7.0,279.9,-273.0,-1.0,-1.0,RS41,404.900,6.9,250,10,2.6,,
2026-07-01T12:39:39.998Z,X1742866,7480,45.72641,8.83913,30152.6,5.4,9.4,277.7,-273.0,-1.0,-1.0,RS41,404.900,6.5,250,10,2.7,,
2026-07-01T12:39:40.998Z,X1742866,7481,45.72643,8.83902,30157.4,4.0,9.0,286.1,-273.0,-1.0,-1.0,RS41-SG,404.900,6.5,250,10,2.7,,
2026-07-01T12:39:45.998Z,X1742866,7486,45.72650,8.83861,30179.4,3.7,5.5,260.3,-273.0,-1.0,-1.0,RS41-SG,404.900,6.6,250,10,2.7,,
2026-07-01T12:39:47.998Z,X1742866,7488,45.72648,8.83845,30188.0,5.1,7.5,259.7,-273.0,-1.0,-1.0,RS41-SG,404.900,6.3,250,10,2.6,,
2026-07-01T12:39:54.998Z,X1742866,7495,45.72637,8.83748,30218.2,4.4,11.5,255.5,-273.0,-1.0,-1.0,RS41-SG,404.900,6.7,250,10,2.6,,
2026-07-01T12:39:55.998Z,X1742866,7496,45.72635,8.83734,30222.8,4.9,10.5,259.3,-273.0,-1.0,-1.0,RS41-SG,404.900,7.0,250,10,2.7,,
2026-07-01T12:39:56.998Z,X1742866,7497,45.72633,8.83721,30227.1,3.6,9.8,263.2,-273.0,-1.0,-1.0,RS41-SG,404.900,7.7,250,10,2.7,,
2026-07-01T12:39:57.998Z,X1742866,7498,45.72632,8.83709,30230.7,3.7,9.3,264.0,-273.0,-1.0,-1.0,RS41-SG,404.900,7.7,250,10,2.7,,
2026-07-01T12:39:58.998Z,X1742866,7499,45.72631,8.83698,30234.9,4.6,9.1,259.9,-273.0,-1.0,-1.0,RS41-SG,404.900,7.9,250,10,2.6,,
2026-07-01T12:39:59.998Z,X1742866,7500,45.72629,8.83686,30239.9,5.1,9.4,251.5,-273.0,-1.0,-1.0,RS41-SG,404.900,8.0,250,10,2.6,,
2026-07-01T12:40:00.998Z,X1742866,7501,45.72626,8.83675,30244.1,3.4,10.0,245.8,-38.0,-1.0,-1.0,RS41-SG,404.900,8.0,250,10,2.6,,
2026-07-01T12:40:01.998Z,X1742866,7502,45.72622,8.83662,30247.5,3.3,10.9,243.5,-37.9,-1.0,-1.0,RS41-SG,404.900,7.6,250,10,2.6,,
2026-07-01T12:40:02.998Z,X1742866,7503,45.72618,8.83650,30251.0,3.8,11.6,244.9,-37.9,-1.0,-1.0,RS41-SG,404.900,7.0,250,10,2.7,,
2026-07-01T12:40:03.998Z,X1742866,7504,45.72613,8.83636,30255.3,4.7,12.1,249.4,-37.8,-1.0,-1.0,RS41-SG,404.900,7.0,250,10,2.7,,
2026-07-01T12:40:04.998Z,X1742866,7505,45.72610,8.83621,30259.9,4.3,12.3,253.2,-37.8,-1.0,-1.0,RS41-SG,404.900,6.5,250,10,2.7,,
2026-07-01T12:40:10.998Z,X1742866,7511,45.72583,8.83534,30284.5,3.5,12.6,235.2,-37.7,-1.0,-1.0,RS41-SG,404.900,6.6,250,10,2.7,,
2026-07-01T12:40:11.998Z,X1742866,7512,45.72577,8.83521,30288.3,4.0,12.3,237.2,-37.7,-1.0,-1.0,RS41-SG,404.900,6.8,250,10,2.6,,
2026-07-01T12:40:12.998Z,X1742866,7513,45.72572,8.83507,30292.6,4.6,11.8,242.5,-37.6,-1.0,-1.0,RS41-SG,404.900,6.8,250,10,2.6,,
2026-07-01T12:40:14.998Z,X1742866,7515,45.72564,8.83480,30301.3,3.3,11.2,252.3,-37.4,-1.0,-1.0,RS41-SG,404.900,6.6,250,10,2.7,,
2026-07-01T12:40:15.998Z,X1742866,7516,45.72561,8.83467,30304.3,2.8,11.2,252.2,-37.3,-1.0,-1.0,RS41-SG,404.900,6.6,250,10,2.7,,
2026-07-01T12:40:17.998Z,X1742866,7518,45.72553,8.83439,30311.2,4.2,12.1,239.9,-37.2,-1.0,-1.0,RS41-SG,404.900,7.2,250,10,2.6,,
2026-07-01T12:40:18.998Z,X1742866,7519,45.72547,8.83426,30315.6,4.5,13.1,232.3,-37.2,-1.0,-1.0,RS41-SG,404.900,7.4,250,10,2.6,,
2026-07-01T12:40:19.998Z,X1742866,7520,45.72539,8.83413,30319.4,3.2,13.8,228.0,-37.2,-1.0,-1.0,RS41-SG,404.900,7.4,250,10,2.7,,
2026-07-01T12:40:20.998Z,X1742866,7521,45.72530,8.83400,30322.5,3.0,14.3,226.3,-37.3,-1.0,-1.0,RS41-SG,404.900,7.2,250,10,2.7,,
2026-07-01T12:40:21.998Z,X1742866,7522,45.72522,8.83386,30326.1,4.1,14.1,228.9,-37.3,-1.0,-1.0,RS41-SG,404.900,7.2,250,10,2.7,,
2026-07-01T12:40:22.998Z,X1742866,7523,45.72514,8.83373,30330.6,5.0,13.5,235.4,-37.3,-1.0,-1.0,RS41-SG,404.900,7.7,250,10,2.6,,
2026-07-01T12:40:23.998Z,X1742866,7524,45.72508,8.83358,30335.2,4.0,13.0,242.6,-37.3,-1.0,-1.0,RS41-SG,404.900,7.7,250,10,2.6,,
2026-07-01T12:40:24.998Z,X1742866,7525,45.72503,8.83343,30338.7,3.0,12.8,248.3,-37.3,-1.0,-1.0,RS41-SG,404.900,7.6,250,10,2.6,,
2026-07-01T12:40:25.998Z,X1742866,7526,45.72499,8.83328,30342.2,4.1,12.6,250.5,-37.3,-1.0,-1.0,RS41-SG,404.900,7.6,250,10,2.7,,
2026-07-01T12:40:26.998Z,X1742866,7527,45.72495,8.83313,30346.9,5.3,12.6,247.1,-37.3,-1.0,-1.0,RS41-SG,404.900,7.1,250,10,2.7,,
2026-07-01T12:40:28.998Z,X1742866,7529,45.72484,8.83284,30355.7,3.1,12.9,235.1,-37.2,-1.0,-1.0,RS41-SG,404.900,7.4,250,10,2.6,,
2026-07-01T12:40:29.998Z,X1742866,7530,45.72477,8.83271,30359.1,3.8,13.0,231.0,-37.1,-1.0,-1.0,RS41-SG,404.900,7.4,250,10,2.7,,
2026-07-01T12:40:30.998Z,X1742866,7531,45.72470,8.83258,30363.3,4.7,13.0,229.6,-37.1,-1.0,-1.0,RS41-SG,404.900,7.9,250,10,2.7,,
2026-07-01T12:40:31.998Z,X1742866,7532,45.72462,8.83246,30367.8,4.2,12.9,230.6,-37.1,-1.0,-1.0,RS41-SG,404.900,7.9,250,10,2.6,,
2026-07-01T12:40:32.998Z,X1742866,7533,45.72455,8.83233,30371.9,4.0,13.0,231.7,-37.2,-1.0,-1.0,RS41-SG,404.900,8.1,250,10,2.6,,
2026-07-01T12:40:33.998Z,X1742866,7534,45.72448,8.83219,30376.1,4.5,13.6,232.2,-37.2,-1.0,-1.0,RS41-SG,404.900,8.1,250,10,2.6,,
2026-07-01T12:40:34.998Z,X1742866,7535,45.72440,8.83206,30380.9,5.0,14.3,231.0,-37.1,-1.0,-1.0,RS41-SG,404.900,7.7,250,10,2.7,,
2026-07-01T12:40:35.998Z,X1742866,7536,45.72432,8.83191,30385.3,3.8,15.0,230.8,-37.0,-1.0,-1.0,RS41-SG,404.900,7.7,250,10,2.7,,
2026-07-01T12:40:36.998Z,X1742866,7537,45.72423,8.83176,30389.0,3.6,15.3,232.7,-36.9,-1.0,-1.0,RS41-SG,404.900,6.8,250,10,2.7,,
2026-07-01T12:40:37.998Z,X1742866,7538,45.72415,8.83160,30392.9,4.3,15.2,237.4,-36.9,-1.0,-1.0,RS41-SG,404.900,6.9,250,10,2.6,,
2026-07-01T12:40:38.998Z,X1742866,7539,45.72409,8.83143,30397.6,4.9,14.8,244.3,-36.9,-1.0,-1.0,RS41-SG,404.900,7.2,250,10,2.6,,
2026-07-01T12:40:39.998Z,X1742866,7540,45.72404,8.83126,30401.9,3.9,14.7,250.5,-36.8,-1.0,-1.0,RS41-SG,404.900,7.2,250,10,2.6,,
2026-07-01T12:40:40.998Z,X1742866,7541,45.72400,8.83108,30405.5,3.2,14.5,254.0,-36.6,-1.0,-1.0,RS41-SG,404.900,7.2,250,10,2.7,,
2026-07-01T12:40:41.998Z,X1742866,7542,45.72396,8.83090,30409.3,4.3,14.4,253.4,-36.5,-1.0,-1.0,RS41-SG,404.900,7.2,250,10,2.7,,
2026-07-01T12:40:42.998Z,X1742866,7543,45.72392,8.83073,30414.0,5.2,14.2,247.8,-36.5,-1.0,-1.0,RS41-SG,404.900,6.9,250,10,2.6,,
2026-07-01T12:40:43.998Z,X1742866,7544,45.72386,8.83057,30418.8,4.3,14.3,240.9,-36.5,-1.0,-1.0,RS41-SG,404.900,7.3,250,10,2.6,,
2026-07-01T12:40:44.998Z,X1742866,7545,45.72380,8.83041,30422.2,2.6,14.7,235.7,-36.4,-1.0,-1.0,RS41-SG,404.900,8.0,250,10,2.7,,
2026-07-01T12:40:45.998Z,X1742866,7546,45.72372,8.83026,30425.2,3.3,15.2,233.1,-36.3,-1.0,-1.0,RS41-SG,404.900,8.0,250,10,2.7,,
2026-07-01T12:40:46.998Z,X1742866,7547,45.72364,8.83010,30429.0,4.4,15.5,234.2,-36.2,-1.0,-1.0,RS41-SG,404.900,7.0,250,10,2.6,,
2026-07-01T12:40:47.998Z,X1742866,7548,45.72356,8.82993,30433.7,4.8,15.5,238.3,-36.1,-1.0,-1.0,RS41-SG,404.900,7.7,250,10,2.6,,
2026-07-01T12:40:48.998Z,X1742866,7549,45.72349,8.82976,30437.9,3.6,15.3,242.3,-36.0,-1.0,-1.0,RS41-SG,404.900,7.7,250,10,2.6,,
2026-07-01T12:40:49.998Z,X1742866,7550,45.72343,8.82959,30441.5,3.5,15.0,245.2,-36.0,-1.0,-1.0,RS41-SG,404.900,7.5,250,10,2.7,,
2026-07-01T12:40:51.998Z,X1742866,7552,45.72333,8.82925,30450.0,4.7,14.2,245.3,-35.9,-1.0,-1.0,RS41-SG,404.900,7.0,250,10,2.7,,
2026-07-01T12:40:52.998Z,X1742866,7553,45.72327,8.82909,30454.2,3.7,13.9,244.5,-35.9,-1.0,-1.0,RS41-SG,404.900,7.7,250,10,2.6,,
2026-07-01T12:40:53.998Z,X1742866,7554,45.72322,8.82893,30458.0,3.9,13.6,245.2,-36.0,-1.0,-1.0,RS41-SG,404.900,7.7,250,10,2.6,,
2026-07-01T12:40:54.998Z,X1742866,7555,45.72317,8.82877,30462.1,4.3,13.6,248.8,-36.0,-1.0,-1.0,RS41-SG,404.900,7.3,250,10,2.6,,
2026-07-01T12:40:55.998Z,X1742866,7556,45.72313,8.82860,30466.7,4.8,14.1,253.3,-36.0,-1.0,-1.0,RS41-SG,404.900,6.7,250,10,2.7,,
2026-07-01T12:40:56.998Z,X1742866,7557,45.72310,8.82842,30471.2,4.1,14.9,256.5,-36.0,-1.0,-1.0,RS41-SG,404.900,7.0,250,10,2.7,,
2026-07-01T12:40:57.998Z,X1742866,7558,45.72307,8.82823,30475.0,3.4,15.7,256.7,-36.1,-1.0,-1.0,RS41-SG,404.900,7.1,250,10,2.7,,
2026-07-01T12:40:58.998Z,X1742866,7559,45.72303,8.82803,30478.7,4.0,16.6,253.6,-36.1,-1.0,-1.0,RS41-SG,404.900,7.4,250,10,2.6,,
2026-07-01T12:40:59.998Z,X1742866,7560,45.72298,8.82782,30483.2,4.9,17.6,248.2,-36.1,-1.0,-1.0,RS41-SG,404.900,7.4,250,10,2.6,,
2026-07-01T12:41:00.998Z,X1742866,7561,45.72291,8.82762,30487.7,4.1,18.3,243.6,-36.1,-1.0,-1.0,RS41-SG,404.900,7.6,250,10,2.6,,
2026-07-01T12:41:01.998Z,X1742866,7562,45.72284,8.82741,30491.5,3.5,18.5,240.5,-36.1,-1.0,-1.0,RS41-SG,404.900,7.7,250,10,2.6,,
2026-07-01T12:41:02.998Z,X1742866,7563,45.72276,8.82720,30495.7,4.8,18.1,239.9,-36.1,-1.0,-1.0,RS41-SG,404.900,7.7,250,10,2.7,,
2026-07-01T12:41:03.998Z,X1742866,7564,45.72268,8.82701,30501.0,5.9,17.1,243.0,-36.2,-1.0,-1.0,RS41-SG,404.900,7.2,250,10,2.7,,
2026-07-01T12:41:04.998Z,X1742866,7565,45.72262,8.82681,30506.2,4.6,16.1,247.6,-36.2,-1.0,-1.0,RS41-SG,404.900,6.8,250,9,2.7,,
2026-07-01T12:41:05.998Z,X1742866,7566,45.72257,8.82663,30510.3,3.4,15.2,252.5,-36.1,-1.0,-1.0,RS41-SG,404.900,7.2,250,10,2.6,,
2026-07-01T12:41:06.998Z,X1742866,7567,45.72253,8.82644,30513.9,3.7,14.4,256.2,-36.1,-1.0,-1.0,RS41-SG,404.900,8.3,250,10,2.6,,
2026-07-01T12:41:07.998Z,X1742866,7568,45.72250,8.82627,30518.2,4.7,13.8,256.9,-36.3,0.6,-1.0,RS41-SG,404.900,8.3,250,10,2.6,,
2026-07-01T12:41:08.998Z,X1742866,7569,45.72247,8.82610,30523.1,5.2,13.5,255.0,-36.2,0.6,-1.0,RS41-SG,404.900,8.0,250,10,2.7,,
2026-07-01T12:41:09.998Z,X1742866,7570,45.72244,8.82593,30528.0,4.6,13.6,252.8,-36.1,0.6,-1.0,RS41-SG,404.900,7.5,250,10,2.7,,
2026-07-01T12:41:10.998Z,X1742866,7571,45.72240,8.82576,30532.1,3.7,13.8,252.6,-36.0,0.6,-1.0,RS41-SG,404.900,7.5,250,10,2.7,,
2026-07-01T12:41:11.998Z,X1742866,7572,45.72237,8.82559,30535.8,3.6,14.2,254.2,-36.0,0.6,-1.0,RS41-SG,404.900,7.1,250,10,2.6,,
2026-07-01T12:41:12.998Z,X1742866,7573,45.72234,8.82541,30539.9,4.5,14.6,257.7,-36.1,0.6,-1.0,RS41-SG,404.900,7.2,250,10,2.6,,
2026-07-01T12:41:13.998Z,X1742866,7574,45.72231,8.82523,30544.9,5.6,14.9,261.9,-36.1,0.6,-1.0,RS41-SG,404.900,7.2,250,10,2.6,,
2026-07-01T12:41:21.998Z,X1742866,7582,45.72205,8.82382,30584.4,6.0,14.1,247.9,-35.9,0.6,-1.0,RS41-SG,404.900,7.2,250,10,2.6,,
2026-07-01T12:41:22.998Z,X1742866,7583,45.72201,8.82365,30590.3,5.6,14.5,254.1,-35.9,0.6,-1.0,RS41-SG,404.900,7.2,250,10,2.6,,
2026-07-01T12:41:34.998Z,X1742866,7595,45.72176,8.82142,30651.9,6.0,10.3,257.5,-36.0,0.6,-1.0,RS41-SG,404.900,6.1,250,10,2.6,,
2026-07-01T12:41:38.998Z,X1742866,7599,45.72160,8.82091,30674.5,5.9,13.5,245.5,-35.9,0.6,-1.0,RS41-SG,404.900,6.8,250,10,2.6,,
2026-07-01T12:41:39.998Z,X1742866,7600,45.72155,8.82074,30680.6,6.2,15.4,251.7,-35.8,0.6,-1.0,RS41-SG,404.900,7.1,250,10,2.6,,
2026-07-01T12:41:40.998Z,X1742866,7601,45.72152,8.82054,30686.5,5.4,17.1,256.7,-35.8,0.6,-1.0,RS41-SG,404.900,7.1,250,10,2.7,,
2026-07-01T12:41:44.998Z,X1742866,7605,45.72138,8.81965,30709.4,7.4,16.5,252.0,-35.9,0.6,-1.0,RS41-SG,404.900,6.4,250,10,2.6,,
2026-07-01T12:41:49.998Z,X1742866,7610,45.72115,8.81890,30739.5,6.4,9.8,252.2,-35.9,0.6,-1.0,RS41-SG,404.900,6.2,250,10,2.6,,
2026-07-01T12:43:02.998Z,X1742866,7683,45.71837,8.80474,31294.2,8.0,13.1,251.3,-36.5,0.6,-1.0,RS41-SG,404.900,6.6,250,10,2.6,,
2026-07-01T12:50:33.998Z,X1742866,8134,45.72457,8.69808,33756.2,4.6,19.9,275.3,-27.8,0.4,-1.0,RS41-SG,404.900,6.6,250,10,2.6,,
2026-07-01T12:50:35.998Z,X1742866,8136,45.72459,8.69757,33764.7,3.9,20.2,273.7,-27.9,0.4,-1.0,RS41-SG,404.900,6.3,250,10,2.7,,
2026-07-01T12:50:40.998Z,X1742866,8141,45.72469,8.69646,33785.3,3.5,15.2,280.1,-28.2,0.4,-1.0,RS41-SG,404.900,6.5,250,10,2.7,,
2026-07-01T12:50:41.998Z,X1742866,8142,45.72471,8.69626,33789.3,4.5,15.6,276.6,-28.1,0.3,-1.0,RS41-SG,404.900,6.3,250,10,2.6,,
2026-07-01T12:50:42.998Z,X1742866,8143,45.72472,8.69606,33794.1,5.0,17.1,271.9,-28.0,0.4,-1.0,RS41-SG,404.900,6.8,250,10,2.6,,
2026-07-01T12:51:06.998Z,X1742866,8167,45.72426,8.69025,33909.3,5.1,22.0,251.9,-27.3,0.4,-1.0,RS41-SG,404.900,6.6,250,10,2.6,,
